<?xml version="1.0" encoding="UTF-8"?>
<testsuite xmlns:xsi="http://www.w3.org/2001/XMLSchema-instance" xsi:noNamespaceSchemaLocation="https://maven.apache.org/surefire/maven-surefire-plugin/xsd/surefire-test-report-3.0.xsd" version="3.0" name="franco.maurizio.hr.desk.com.integration.controller.CandidateCustomControllerIntegrationTests" time="3.991" tests="2" errors="0" skipped="0" failures="0">
  <properties>
    <property name="java.specification.version" value="17"/>
    <property name="sun.jnu.encoding" value="UTF-8"/>
    <property name="java.class.path" value="/home/maurizio/git/hr-desk/hr-desk/backend17/target/test-classes:/home/maurizio/git/hr-desk/hr-desk/backend17/target/classes:/home/maurizio/.m2/repository/org/springframework/security/spring-security-test/6.1.5/spring-security-test-6.1.5.jar:/home/maurizio/.m2/repository/org/springframework/security/spring-security-core/6.1.5/spring-security-core-6.1.5.jar:/home/maurizio/.m2/repository/org/springframework/security/spring-security-crypto/6.1.5/spring-security-crypto-6.1.5.jar:/home/maurizio/.m2/repository/org/springframework/spring-beans/6.0.13/spring-beans-6.0.13.jar:/home/maurizio/.m2/repository/org/springframework/spring-context/6.0.13/spring-context-6.0.13.jar:/home/maurizio/.m2/repository/org/springframework/spring-expression/6.0.13/spring-expression-6.0.13.jar:/home/maurizio/.m2/repository/org/springframework/security/spring-security-web/6.1.5/spring-security-web-6.1.5.jar:/home/maurizio/.m2/repository/org/springframework/spring-core/6.0.13/spring-core-6.0.13.jar:/home/maurizio/.m2/repository/org/springframework/spring-jcl/6.0.13/spring-jcl-6.0.13.jar:/home/maurizio/.m2/repository/org/springframework/spring-test/6.0.13/spring-test-6.0.13.jar:/home/maurizio/.m2/repository/org/springframework/boot/spring-boot-starter-tomcat/3.1.5/spring-boot-starter-tomcat-3.1.5.jar:/home/maurizio/.m2/repository/jakarta/annotation/jakarta.annotation-api/2.1.1/jakarta.annotation-api-2.1.1.jar:/home/maurizio/.m2/repository/org/apache/tomcat/embed/tomcat-embed-core/10.1.15/tomcat-embed-core-10.1.15.jar:/home/maurizio/.m2/repository/org/apache/tomcat/embed/tomcat-embed-el/10.1.15/tomcat-embed-el-10.1.15.jar:/home/maurizio/.m2/repository/org/apache/tomcat/embed/tomcat-embed-websocket/10.1.15/tomcat-embed-websocket-10.1.15.jar:/home/maurizio/.m2/repository/org/springframework/boot/spring-boot-starter-web/3.1.5/spring-boot-starter-web-3.1.5.jar:/home/maurizio/.m2/repository/org/springframework/boot/spring-boot-starter-json/3.1.5/spring-boot-starter-json-3.1.5.jar:/home/maurizio/.m2/repository/com/fasterxml/jackson/core/jackson-databind/2.15.3/jackson-databind-2.15.3.jar:/home/maurizio/.m2/repository/com/fasterxml/jackson/core/jackson-annotations/2.15.3/jackson-annotations-2.15.3.jar:/home/maurizio/.m2/repository/com/fasterxml/jackson/core/jackson-core/2.15.3/jackson-core-2.15.3.jar:/home/maurizio/.m2/repository/com/fasterxml/jackson/datatype/jackson-datatype-jdk8/2.15.3/jackson-datatype-jdk8-2.15.3.jar:/home/maurizio/.m2/repository/com/fasterxml/jackson/datatype/jackson-datatype-jsr310/2.15.3/jackson-datatype-jsr310-2.15.3.jar:/home/maurizio/.m2/repository/com/fasterxml/jackson/module/jackson-module-parameter-names/2.15.3/jackson-module-parameter-names-2.15.3.jar:/home/maurizio/.m2/repository/org/springframework/spring-web/6.0.13/spring-web-6.0.13.jar:/home/maurizio/.m2/repository/org/springframework/spring-webmvc/6.0.13/spring-webmvc-6.0.13.jar:/home/maurizio/.m2/repository/org/springframework/boot/spring-boot-starter-test/3.1.5/spring-boot-starter-test-3.1.5.jar:/home/maurizio/.m2/repository/org/springframework/boot/spring-boot-test/3.1.5/spring-boot-test-3.1.5.jar:/home/maurizio/.m2/repository/org/springframework/boot/spring-boot-test-autoconfigure/3.1.5/spring-boot-test-autoconfigure-3.1.5.jar:/home/maurizio/.m2/repository/com/jayway/jsonpath/json-path/2.8.0/json-path-2.8.0.jar:/home/maurizio/.m2/repository/jakarta/xml/bind/jakarta.xml.bind-api/4.0.1/jakarta.xml.bind-api-4.0.1.jar:/home/maurizio/.m2/repository/jakarta/activation/jakarta.activation-api/2.1.2/jakarta.activation-api-2.1.2.jar:/home/maurizio/.m2/repository/net/minidev/json-smart/2.4.11/json-smart-2.4.11.jar:/home/maurizio/.m2/repository/net/minidev/accessors-smart/2.4.11/accessors-smart-2.4.11.jar:/home/maurizio/.m2/repository/org/ow2/asm/asm/9.3/asm-9.3.jar:/home/maurizio/.m2/repository/org/assertj/assertj-core/3.24.2/assertj-core-3.24.2.jar:/home/maurizio/.m2/repository/net/bytebuddy/byte-buddy/1.14.9/byte-buddy-1.14.9.jar:/home/maurizio/.m2/repository/org/hamcrest/hamcrest/2.2/hamcrest-2.2.jar:/home/maurizio/.m2/repository/org/junit/jupiter/junit-jupiter/5.9.3/junit-jupiter-5.9.3.jar:/home/maurizio/.m2/repository/org/junit/jupiter/junit-jupiter-api/5.9.3/junit-jupiter-api-5.9.3.jar:/home/maurizio/.m2/repository/org/opentest4j/opentest4j/1.2.0/opentest4j-1.2.0.jar:/home/maurizio/.m2/repository/org/junit/platform/junit-platform-commons/1.9.3/junit-platform-commons-1.9.3.jar:/home/maurizio/.m2/repository/org/apiguardian/apiguardian-api/1.1.2/apiguardian-api-1.1.2.jar:/home/maurizio/.m2/repository/org/junit/jupiter/junit-jupiter-params/5.9.3/junit-jupiter-params-5.9.3.jar:/home/maurizio/.m2/repository/org/junit/jupiter/junit-jupiter-engine/5.9.3/junit-jupiter-engine-5.9.3.jar:/home/maurizio/.m2/repository/org/junit/platform/junit-platform-engine/1.9.3/junit-platform-engine-1.9.3.jar:/home/maurizio/.m2/repository/org/mockito/mockito-core/5.3.1/mockito-core-5.3.1.jar:/home/maurizio/.m2/repository/net/bytebuddy/byte-buddy-agent/1.14.9/byte-buddy-agent-1.14.9.jar:/home/maurizio/.m2/repository/org/objenesis/objenesis/3.3/objenesis-3.3.jar:/home/maurizio/.m2/repository/org/mockito/mockito-junit-jupiter/5.3.1/mockito-junit-jupiter-5.3.1.jar:/home/maurizio/.m2/repository/org/skyscreamer/jsonassert/1.5.1/jsonassert-1.5.1.jar:/home/maurizio/.m2/repository/com/vaadin/external/google/android-json/0.0.20131108.vaadin1/android-json-0.0.20131108.vaadin1.jar:/home/maurizio/.m2/repository/org/xmlunit/xmlunit-core/2.9.1/xmlunit-core-2.9.1.jar:/home/maurizio/.m2/repository/franco/maurizio/hr-desk-persistence/0.3.5_j17/hr-desk-persistence-0.3.5_j17.jar:/home/maurizio/.m2/repository/org/springframework/boot/spring-boot-starter-data-jpa/3.1.5/spring-boot-starter-data-jpa-3.1.5.jar:/home/maurizio/.m2/repository/org/springframework/boot/spring-boot-starter-aop/3.1.5/spring-boot-starter-aop-3.1.5.jar:/home/maurizio/.m2/repository/org/aspectj/aspectjweaver/1.9.20/aspectjweaver-1.9.20.jar:/home/maurizio/.m2/repository/org/springframework/boot/spring-boot-starter-jdbc/3.1.5/spring-boot-starter-jdbc-3.1.5.jar:/home/maurizio/.m2/repository/com/zaxxer/HikariCP/5.0.1/HikariCP-5.0.1.jar:/home/maurizio/.m2/repository/org/springframework/spring-jdbc/6.0.13/spring-jdbc-6.0.13.jar:/home/maurizio/.m2/repository/org/hibernate/orm/hibernate-core/6.2.13.Final/hibernate-core-6.2.13.Final.jar:/home/maurizio/.m2/repository/jakarta/persistence/jakarta.persistence-api/3.1.0/jakarta.persistence-api-3.1.0.jar:/home/maurizio/.m2/repository/jakarta/transaction/jakarta.transaction-api/2.0.1/jakarta.transaction-api-2.0.1.jar:/home/maurizio/.m2/repository/org/hibernate/common/hibernate-commons-annotations/6.0.6.Final/hibernate-commons-annotations-6.0.6.Final.jar:/home/maurizio/.m2/repository/io/smallrye/jandex/3.0.5/jandex-3.0.5.jar:/home/maurizio/.m2/repository/jakarta/inject/jakarta.inject-api/2.0.1/jakarta.inject-api-2.0.1.jar:/home/maurizio/.m2/repository/org/antlr/antlr4-runtime/4.10.1/antlr4-runtime-4.10.1.jar:/home/maurizio/.m2/repository/org/springframework/data/spring-data-jpa/3.1.5/spring-data-jpa-3.1.5.jar:/home/maurizio/.m2/repository/org/springframework/data/spring-data-commons/3.1.5/spring-data-commons-3.1.5.jar:/home/maurizio/.m2/repository/org/springframework/spring-orm/6.0.13/spring-orm-6.0.13.jar:/home/maurizio/.m2/repository/org/springframework/spring-tx/6.0.13/spring-tx-6.0.13.jar:/home/maurizio/.m2/repository/org/springframework/spring-aspects/6.0.13/spring-aspects-6.0.13.jar:/home/maurizio/.m2/repository/mysql/mysql-connector-java/8.0.19/mysql-connector-java-8.0.19.jar:/home/maurizio/.m2/repository/com/google/protobuf/protobuf-java/3.6.1/protobuf-java-3.6.1.jar:/home/maurizio/.m2/repository/org/glassfish/jaxb/jaxb-runtime/4.0.3/jaxb-runtime-4.0.3.jar:/home/maurizio/.m2/repository/org/glassfish/jaxb/jaxb-core/4.0.3/jaxb-core-4.0.3.jar:/home/maurizio/.m2/repository/org/glassfish/jaxb/txw2/4.0.3/txw2-4.0.3.jar:/home/maurizio/.m2/repository/com/sun/istack/istack-commons-runtime/4.1.2/istack-commons-runtime-4.1.2.jar:/home/maurizio/.m2/repository/org/javassist/javassist/3.23.1-GA/javassist-3.23.1-GA.jar:/home/maurizio/.m2/repository/franco/maurizio/hr-desk-mail-manager/0.3.4_j11/hr-desk-mail-manager-0.3.4_j11.jar:/home/maurizio/.m2/repository/org/apache/commons/commons-lang3/3.12.0/commons-lang3-3.12.0.jar:/home/maurizio/.m2/repository/org/apache/velocity/velocity/1.7/velocity-1.7.jar:/home/maurizio/.m2/repository/commons-collections/commons-collections/3.2.1/commons-collections-3.2.1.jar:/home/maurizio/.m2/repository/commons-lang/commons-lang/2.4/commons-lang-2.4.jar:/home/maurizio/.m2/repository/org/eclipse/angus/jakarta.mail/1.1.0/jakarta.mail-1.1.0.jar:/home/maurizio/.m2/repository/org/eclipse/angus/angus-activation/2.0.1/angus-activation-2.0.1.jar:/home/maurizio/.m2/repository/org/apache/logging/log4j/log4j-api/2.20.0/log4j-api-2.20.0.jar:/home/maurizio/.m2/repository/org/apache/logging/log4j/log4j-core/2.20.0/log4j-core-2.20.0.jar:/home/maurizio/.m2/repository/com/google/code/gson/gson/2.8.5/gson-2.8.5.jar:/home/maurizio/.m2/repository/org/springframework/boot/spring-boot-starter/3.1.5/spring-boot-starter-3.1.5.jar:/home/maurizio/.m2/repository/org/springframework/boot/spring-boot/3.1.5/spring-boot-3.1.5.jar:/home/maurizio/.m2/repository/org/springframework/boot/spring-boot-autoconfigure/3.1.5/spring-boot-autoconfigure-3.1.5.jar:/home/maurizio/.m2/repository/org/yaml/snakeyaml/1.33/snakeyaml-1.33.jar:/home/maurizio/.m2/repository/org/springframework/boot/spring-boot-starter-security/3.1.5/spring-boot-starter-security-3.1.5.jar:/home/maurizio/.m2/repository/org/springframework/spring-aop/6.0.13/spring-aop-6.0.13.jar:/home/maurizio/.m2/repository/org/springframework/security/spring-security-config/6.1.5/spring-security-config-6.1.5.jar:/home/maurizio/.m2/repository/org/springframework/boot/spring-boot-starter-validation/3.1.5/spring-boot-starter-validation-3.1.5.jar:/home/maurizio/.m2/repository/org/hibernate/validator/hibernate-validator/8.0.1.Final/hibernate-validator-8.0.1.Final.jar:/home/maurizio/.m2/repository/jakarta/validation/jakarta.validation-api/3.0.2/jakarta.validation-api-3.0.2.jar:/home/maurizio/.m2/repository/org/jboss/logging/jboss-logging/3.5.3.Final/jboss-logging-3.5.3.Final.jar:/home/maurizio/.m2/repository/com/fasterxml/classmate/1.5.1/classmate-1.5.1.jar:/home/maurizio/.m2/repository/org/springframework/boot/spring-boot-devtools/3.1.5/spring-boot-devtools-3.1.5.jar:/home/maurizio/.m2/repository/ch/qos/logback/logback-classic/1.4.11/logback-classic-1.4.11.jar:/home/maurizio/.m2/repository/ch/qos/logback/logback-core/1.4.11/logback-core-1.4.11.jar:/home/maurizio/.m2/repository/org/slf4j/slf4j-api/2.0.9/slf4j-api-2.0.9.jar:/home/maurizio/.m2/repository/org/springframework/boot/spring-boot-starter-actuator/3.1.5/spring-boot-starter-actuator-3.1.5.jar:/home/maurizio/.m2/repository/org/springframework/boot/spring-boot-actuator-autoconfigure/3.1.5/spring-boot-actuator-autoconfigure-3.1.5.jar:/home/maurizio/.m2/repository/org/springframework/boot/spring-boot-actuator/3.1.5/spring-boot-actuator-3.1.5.jar:/home/maurizio/.m2/repository/io/micrometer/micrometer-observation/1.11.5/micrometer-observation-1.11.5.jar:/home/maurizio/.m2/repository/io/micrometer/micrometer-commons/1.11.5/micrometer-commons-1.11.5.jar:/home/maurizio/.m2/repository/io/micrometer/micrometer-core/1.11.5/micrometer-core-1.11.5.jar:/home/maurizio/.m2/repository/org/hdrhistogram/HdrHistogram/2.1.12/HdrHistogram-2.1.12.jar:/home/maurizio/.m2/repository/org/latencyutils/LatencyUtils/2.0.3/LatencyUtils-2.0.3.jar:/home/maurizio/.m2/repository/com/itextpdf/itextpdf/5.5.10/itextpdf-5.5.10.jar:/home/maurizio/.m2/repository/org/apache/pdfbox/pdfbox/2.0.4/pdfbox-2.0.4.jar:/home/maurizio/.m2/repository/org/apache/pdfbox/fontbox/2.0.4/fontbox-2.0.4.jar:/home/maurizio/.m2/repository/commons-logging/commons-logging/1.2/commons-logging-1.2.jar:/home/maurizio/.m2/repository/org/projectlombok/lombok/1.18.30/lombok-1.18.30.jar:"/>
    <property name="java.vm.vendor" value="Debian"/>
    <property name="sun.arch.data.model" value="64"/>
    <property name="catalina.useNaming" value="false"/>
    <property name="java.vendor.url" value="https://tracker.debian.org/openjdk-17"/>
    <property name="user.timezone" value="Europe/Rome"/>
    <property name="org.jboss.logging.provider" value="slf4j"/>
    <property name="os.name" value="Linux"/>
    <property name="java.vm.specification.version" value="17"/>
    <property name="sun.java.launcher" value="SUN_STANDARD"/>
    <property name="user.country" value="US"/>
    <property name="sun.boot.library.path" value="/usr/lib/jvm/java-17-openjdk-amd64/lib"/>
    <property name="sun.java.command" value="/home/maurizio/git/hr-desk/hr-desk/backend17/target/surefire/surefirebooter-20231124123619067_3.jar /home/maurizio/git/hr-desk/hr-desk/backend17/target/surefire 2023-11-24T12-36-18_989-jvmRun1 surefire-20231124123619067_1tmp surefire_0-20231124123619067_2tmp"/>
    <property name="jdk.debug" value="release"/>
    <property name="surefire.test.class.path" value="/home/maurizio/git/hr-desk/hr-desk/backend17/target/test-classes:/home/maurizio/git/hr-desk/hr-desk/backend17/target/classes:/home/maurizio/.m2/repository/org/springframework/security/spring-security-test/6.1.5/spring-security-test-6.1.5.jar:/home/maurizio/.m2/repository/org/springframework/security/spring-security-core/6.1.5/spring-security-core-6.1.5.jar:/home/maurizio/.m2/repository/org/springframework/security/spring-security-crypto/6.1.5/spring-security-crypto-6.1.5.jar:/home/maurizio/.m2/repository/org/springframework/spring-beans/6.0.13/spring-beans-6.0.13.jar:/home/maurizio/.m2/repository/org/springframework/spring-context/6.0.13/spring-context-6.0.13.jar:/home/maurizio/.m2/repository/org/springframework/spring-expression/6.0.13/spring-expression-6.0.13.jar:/home/maurizio/.m2/repository/org/springframework/security/spring-security-web/6.1.5/spring-security-web-6.1.5.jar:/home/maurizio/.m2/repository/org/springframework/spring-core/6.0.13/spring-core-6.0.13.jar:/home/maurizio/.m2/repository/org/springframework/spring-jcl/6.0.13/spring-jcl-6.0.13.jar:/home/maurizio/.m2/repository/org/springframework/spring-test/6.0.13/spring-test-6.0.13.jar:/home/maurizio/.m2/repository/org/springframework/boot/spring-boot-starter-tomcat/3.1.5/spring-boot-starter-tomcat-3.1.5.jar:/home/maurizio/.m2/repository/jakarta/annotation/jakarta.annotation-api/2.1.1/jakarta.annotation-api-2.1.1.jar:/home/maurizio/.m2/repository/org/apache/tomcat/embed/tomcat-embed-core/10.1.15/tomcat-embed-core-10.1.15.jar:/home/maurizio/.m2/repository/org/apache/tomcat/embed/tomcat-embed-el/10.1.15/tomcat-embed-el-10.1.15.jar:/home/maurizio/.m2/repository/org/apache/tomcat/embed/tomcat-embed-websocket/10.1.15/tomcat-embed-websocket-10.1.15.jar:/home/maurizio/.m2/repository/org/springframework/boot/spring-boot-starter-web/3.1.5/spring-boot-starter-web-3.1.5.jar:/home/maurizio/.m2/repository/org/springframework/boot/spring-boot-starter-json/3.1.5/spring-boot-starter-json-3.1.5.jar:/home/maurizio/.m2/repository/com/fasterxml/jackson/core/jackson-databind/2.15.3/jackson-databind-2.15.3.jar:/home/maurizio/.m2/repository/com/fasterxml/jackson/core/jackson-annotations/2.15.3/jackson-annotations-2.15.3.jar:/home/maurizio/.m2/repository/com/fasterxml/jackson/core/jackson-core/2.15.3/jackson-core-2.15.3.jar:/home/maurizio/.m2/repository/com/fasterxml/jackson/datatype/jackson-datatype-jdk8/2.15.3/jackson-datatype-jdk8-2.15.3.jar:/home/maurizio/.m2/repository/com/fasterxml/jackson/datatype/jackson-datatype-jsr310/2.15.3/jackson-datatype-jsr310-2.15.3.jar:/home/maurizio/.m2/repository/com/fasterxml/jackson/module/jackson-module-parameter-names/2.15.3/jackson-module-parameter-names-2.15.3.jar:/home/maurizio/.m2/repository/org/springframework/spring-web/6.0.13/spring-web-6.0.13.jar:/home/maurizio/.m2/repository/org/springframework/spring-webmvc/6.0.13/spring-webmvc-6.0.13.jar:/home/maurizio/.m2/repository/org/springframework/boot/spring-boot-starter-test/3.1.5/spring-boot-starter-test-3.1.5.jar:/home/maurizio/.m2/repository/org/springframework/boot/spring-boot-test/3.1.5/spring-boot-test-3.1.5.jar:/home/maurizio/.m2/repository/org/springframework/boot/spring-boot-test-autoconfigure/3.1.5/spring-boot-test-autoconfigure-3.1.5.jar:/home/maurizio/.m2/repository/com/jayway/jsonpath/json-path/2.8.0/json-path-2.8.0.jar:/home/maurizio/.m2/repository/jakarta/xml/bind/jakarta.xml.bind-api/4.0.1/jakarta.xml.bind-api-4.0.1.jar:/home/maurizio/.m2/repository/jakarta/activation/jakarta.activation-api/2.1.2/jakarta.activation-api-2.1.2.jar:/home/maurizio/.m2/repository/net/minidev/json-smart/2.4.11/json-smart-2.4.11.jar:/home/maurizio/.m2/repository/net/minidev/accessors-smart/2.4.11/accessors-smart-2.4.11.jar:/home/maurizio/.m2/repository/org/ow2/asm/asm/9.3/asm-9.3.jar:/home/maurizio/.m2/repository/org/assertj/assertj-core/3.24.2/assertj-core-3.24.2.jar:/home/maurizio/.m2/repository/net/bytebuddy/byte-buddy/1.14.9/byte-buddy-1.14.9.jar:/home/maurizio/.m2/repository/org/hamcrest/hamcrest/2.2/hamcrest-2.2.jar:/home/maurizio/.m2/repository/org/junit/jupiter/junit-jupiter/5.9.3/junit-jupiter-5.9.3.jar:/home/maurizio/.m2/repository/org/junit/jupiter/junit-jupiter-api/5.9.3/junit-jupiter-api-5.9.3.jar:/home/maurizio/.m2/repository/org/opentest4j/opentest4j/1.2.0/opentest4j-1.2.0.jar:/home/maurizio/.m2/repository/org/junit/platform/junit-platform-commons/1.9.3/junit-platform-commons-1.9.3.jar:/home/maurizio/.m2/repository/org/apiguardian/apiguardian-api/1.1.2/apiguardian-api-1.1.2.jar:/home/maurizio/.m2/repository/org/junit/jupiter/junit-jupiter-params/5.9.3/junit-jupiter-params-5.9.3.jar:/home/maurizio/.m2/repository/org/junit/jupiter/junit-jupiter-engine/5.9.3/junit-jupiter-engine-5.9.3.jar:/home/maurizio/.m2/repository/org/junit/platform/junit-platform-engine/1.9.3/junit-platform-engine-1.9.3.jar:/home/maurizio/.m2/repository/org/mockito/mockito-core/5.3.1/mockito-core-5.3.1.jar:/home/maurizio/.m2/repository/net/bytebuddy/byte-buddy-agent/1.14.9/byte-buddy-agent-1.14.9.jar:/home/maurizio/.m2/repository/org/objenesis/objenesis/3.3/objenesis-3.3.jar:/home/maurizio/.m2/repository/org/mockito/mockito-junit-jupiter/5.3.1/mockito-junit-jupiter-5.3.1.jar:/home/maurizio/.m2/repository/org/skyscreamer/jsonassert/1.5.1/jsonassert-1.5.1.jar:/home/maurizio/.m2/repository/com/vaadin/external/google/android-json/0.0.20131108.vaadin1/android-json-0.0.20131108.vaadin1.jar:/home/maurizio/.m2/repository/org/xmlunit/xmlunit-core/2.9.1/xmlunit-core-2.9.1.jar:/home/maurizio/.m2/repository/franco/maurizio/hr-desk-persistence/0.3.5_j17/hr-desk-persistence-0.3.5_j17.jar:/home/maurizio/.m2/repository/org/springframework/boot/spring-boot-starter-data-jpa/3.1.5/spring-boot-starter-data-jpa-3.1.5.jar:/home/maurizio/.m2/repository/org/springframework/boot/spring-boot-starter-aop/3.1.5/spring-boot-starter-aop-3.1.5.jar:/home/maurizio/.m2/repository/org/aspectj/aspectjweaver/1.9.20/aspectjweaver-1.9.20.jar:/home/maurizio/.m2/repository/org/springframework/boot/spring-boot-starter-jdbc/3.1.5/spring-boot-starter-jdbc-3.1.5.jar:/home/maurizio/.m2/repository/com/zaxxer/HikariCP/5.0.1/HikariCP-5.0.1.jar:/home/maurizio/.m2/repository/org/springframework/spring-jdbc/6.0.13/spring-jdbc-6.0.13.jar:/home/maurizio/.m2/repository/org/hibernate/orm/hibernate-core/6.2.13.Final/hibernate-core-6.2.13.Final.jar:/home/maurizio/.m2/repository/jakarta/persistence/jakarta.persistence-api/3.1.0/jakarta.persistence-api-3.1.0.jar:/home/maurizio/.m2/repository/jakarta/transaction/jakarta.transaction-api/2.0.1/jakarta.transaction-api-2.0.1.jar:/home/maurizio/.m2/repository/org/hibernate/common/hibernate-commons-annotations/6.0.6.Final/hibernate-commons-annotations-6.0.6.Final.jar:/home/maurizio/.m2/repository/io/smallrye/jandex/3.0.5/jandex-3.0.5.jar:/home/maurizio/.m2/repository/jakarta/inject/jakarta.inject-api/2.0.1/jakarta.inject-api-2.0.1.jar:/home/maurizio/.m2/repository/org/antlr/antlr4-runtime/4.10.1/antlr4-runtime-4.10.1.jar:/home/maurizio/.m2/repository/org/springframework/data/spring-data-jpa/3.1.5/spring-data-jpa-3.1.5.jar:/home/maurizio/.m2/repository/org/springframework/data/spring-data-commons/3.1.5/spring-data-commons-3.1.5.jar:/home/maurizio/.m2/repository/org/springframework/spring-orm/6.0.13/spring-orm-6.0.13.jar:/home/maurizio/.m2/repository/org/springframework/spring-tx/6.0.13/spring-tx-6.0.13.jar:/home/maurizio/.m2/repository/org/springframework/spring-aspects/6.0.13/spring-aspects-6.0.13.jar:/home/maurizio/.m2/repository/mysql/mysql-connector-java/8.0.19/mysql-connector-java-8.0.19.jar:/home/maurizio/.m2/repository/com/google/protobuf/protobuf-java/3.6.1/protobuf-java-3.6.1.jar:/home/maurizio/.m2/repository/org/glassfish/jaxb/jaxb-runtime/4.0.3/jaxb-runtime-4.0.3.jar:/home/maurizio/.m2/repository/org/glassfish/jaxb/jaxb-core/4.0.3/jaxb-core-4.0.3.jar:/home/maurizio/.m2/repository/org/glassfish/jaxb/txw2/4.0.3/txw2-4.0.3.jar:/home/maurizio/.m2/repository/com/sun/istack/istack-commons-runtime/4.1.2/istack-commons-runtime-4.1.2.jar:/home/maurizio/.m2/repository/org/javassist/javassist/3.23.1-GA/javassist-3.23.1-GA.jar:/home/maurizio/.m2/repository/franco/maurizio/hr-desk-mail-manager/0.3.4_j11/hr-desk-mail-manager-0.3.4_j11.jar:/home/maurizio/.m2/repository/org/apache/commons/commons-lang3/3.12.0/commons-lang3-3.12.0.jar:/home/maurizio/.m2/repository/org/apache/velocity/velocity/1.7/velocity-1.7.jar:/home/maurizio/.m2/repository/commons-collections/commons-collections/3.2.1/commons-collections-3.2.1.jar:/home/maurizio/.m2/repository/commons-lang/commons-lang/2.4/commons-lang-2.4.jar:/home/maurizio/.m2/repository/org/eclipse/angus/jakarta.mail/1.1.0/jakarta.mail-1.1.0.jar:/home/maurizio/.m2/repository/org/eclipse/angus/angus-activation/2.0.1/angus-activation-2.0.1.jar:/home/maurizio/.m2/repository/org/apache/logging/log4j/log4j-api/2.20.0/log4j-api-2.20.0.jar:/home/maurizio/.m2/repository/org/apache/logging/log4j/log4j-core/2.20.0/log4j-core-2.20.0.jar:/home/maurizio/.m2/repository/com/google/code/gson/gson/2.8.5/gson-2.8.5.jar:/home/maurizio/.m2/repository/org/springframework/boot/spring-boot-starter/3.1.5/spring-boot-starter-3.1.5.jar:/home/maurizio/.m2/repository/org/springframework/boot/spring-boot/3.1.5/spring-boot-3.1.5.jar:/home/maurizio/.m2/repository/org/springframework/boot/spring-boot-autoconfigure/3.1.5/spring-boot-autoconfigure-3.1.5.jar:/home/maurizio/.m2/repository/org/yaml/snakeyaml/1.33/snakeyaml-1.33.jar:/home/maurizio/.m2/repository/org/springframework/boot/spring-boot-starter-security/3.1.5/spring-boot-starter-security-3.1.5.jar:/home/maurizio/.m2/repository/org/springframework/spring-aop/6.0.13/spring-aop-6.0.13.jar:/home/maurizio/.m2/repository/org/springframework/security/spring-security-config/6.1.5/spring-security-config-6.1.5.jar:/home/maurizio/.m2/repository/org/springframework/boot/spring-boot-starter-validation/3.1.5/spring-boot-starter-validation-3.1.5.jar:/home/maurizio/.m2/repository/org/hibernate/validator/hibernate-validator/8.0.1.Final/hibernate-validator-8.0.1.Final.jar:/home/maurizio/.m2/repository/jakarta/validation/jakarta.validation-api/3.0.2/jakarta.validation-api-3.0.2.jar:/home/maurizio/.m2/repository/org/jboss/logging/jboss-logging/3.5.3.Final/jboss-logging-3.5.3.Final.jar:/home/maurizio/.m2/repository/com/fasterxml/classmate/1.5.1/classmate-1.5.1.jar:/home/maurizio/.m2/repository/org/springframework/boot/spring-boot-devtools/3.1.5/spring-boot-devtools-3.1.5.jar:/home/maurizio/.m2/repository/ch/qos/logback/logback-classic/1.4.11/logback-classic-1.4.11.jar:/home/maurizio/.m2/repository/ch/qos/logback/logback-core/1.4.11/logback-core-1.4.11.jar:/home/maurizio/.m2/repository/org/slf4j/slf4j-api/2.0.9/slf4j-api-2.0.9.jar:/home/maurizio/.m2/repository/org/springframework/boot/spring-boot-starter-actuator/3.1.5/spring-boot-starter-actuator-3.1.5.jar:/home/maurizio/.m2/repository/org/springframework/boot/spring-boot-actuator-autoconfigure/3.1.5/spring-boot-actuator-autoconfigure-3.1.5.jar:/home/maurizio/.m2/repository/org/springframework/boot/spring-boot-actuator/3.1.5/spring-boot-actuator-3.1.5.jar:/home/maurizio/.m2/repository/io/micrometer/micrometer-observation/1.11.5/micrometer-observation-1.11.5.jar:/home/maurizio/.m2/repository/io/micrometer/micrometer-commons/1.11.5/micrometer-commons-1.11.5.jar:/home/maurizio/.m2/repository/io/micrometer/micrometer-core/1.11.5/micrometer-core-1.11.5.jar:/home/maurizio/.m2/repository/org/hdrhistogram/HdrHistogram/2.1.12/HdrHistogram-2.1.12.jar:/home/maurizio/.m2/repository/org/latencyutils/LatencyUtils/2.0.3/LatencyUtils-2.0.3.jar:/home/maurizio/.m2/repository/com/itextpdf/itextpdf/5.5.10/itextpdf-5.5.10.jar:/home/maurizio/.m2/repository/org/apache/pdfbox/pdfbox/2.0.4/pdfbox-2.0.4.jar:/home/maurizio/.m2/repository/org/apache/pdfbox/fontbox/2.0.4/fontbox-2.0.4.jar:/home/maurizio/.m2/repository/commons-logging/commons-logging/1.2/commons-logging-1.2.jar:/home/maurizio/.m2/repository/org/projectlombok/lombok/1.18.30/lombok-1.18.30.jar:"/>
    <property name="sun.cpu.endian" value="little"/>
    <property name="user.home" value="/home/maurizio"/>
    <property name="user.language" value="en"/>
    <property name="java.specification.vendor" value="Oracle Corporation"/>
    <property name="java.version.date" value="2023-04-18"/>
    <property name="java.home" value="/usr/lib/jvm/java-17-openjdk-amd64"/>
    <property name="file.separator" value="/"/>
    <property name="style.color" value="always"/>
    <property name="basedir" value="/home/maurizio/git/hr-desk/hr-desk/backend17"/>
    <property name="java.vm.compressedOopsMode" value="Zero based"/>
    <property name="line.separator" value="&#10;"/>
    <property name="java.specification.name" value="Java Platform API Specification"/>
    <property name="java.vm.specification.vendor" value="Oracle Corporation"/>
    <property name="FILE_LOG_CHARSET" value="UTF-8"/>
    <property name="java.awt.headless" value="true"/>
    <property name="surefire.real.class.path" value="/home/maurizio/git/hr-desk/hr-desk/backend17/target/surefire/surefirebooter-20231124123619067_3.jar"/>
    <property name="sun.management.compiler" value="HotSpot 64-Bit Tiered Compilers"/>
    <property name="java.runtime.version" value="17.0.7+7-Debian-1deb12u1"/>
    <property name="user.name" value="maurizio"/>
    <property name="path.separator" value=":"/>
    <property name="os.version" value="6.1.0-10-amd64"/>
    <property name="java.runtime.name" value="OpenJDK Runtime Environment"/>
    <property name="file.encoding" value="UTF-8"/>
    <property name="java.vm.name" value="OpenJDK 64-Bit Server VM"/>
    <property name="localRepository" value="/home/maurizio/.m2/repository"/>
    <property name="java.vendor.url.bug" value="https://bugs.debian.org/openjdk-17"/>
    <property name="java.io.tmpdir" value="/tmp"/>
    <property name="catalina.home" value="/tmp/tomcat.0.2414534711362595922"/>
    <property name="com.zaxxer.hikari.pool_number" value="4"/>
    <property name="java.version" value="17.0.7"/>
    <property name="user.dir" value="/home/maurizio/git/hr-desk/hr-desk/backend17"/>
    <property name="os.arch" value="amd64"/>
    <property name="java.vm.specification.name" value="Java Virtual Machine Specification"/>
    <property name="PID" value="1505547"/>
    <property name="CONSOLE_LOG_CHARSET" value="UTF-8"/>
    <property name="catalina.base" value="/tmp/tomcat.0.9727006750316573029"/>
    <property name="native.encoding" value="UTF-8"/>
    <property name="java.library.path" value="/usr/java/packages/lib:/usr/lib/x86_64-linux-gnu/jni:/lib/x86_64-linux-gnu:/usr/lib/x86_64-linux-gnu:/usr/lib/jni:/lib:/usr/lib"/>
    <property name="java.vm.info" value="mixed mode, sharing"/>
    <property name="java.vendor" value="Debian"/>
    <property name="java.vm.version" value="17.0.7+7-Debian-1deb12u1"/>
    <property name="sun.io.unicode.encoding" value="UnicodeLittle"/>
    <property name="java.class.version" value="61.0"/>
  </properties>
  <testcase name="whenGetCandidateCustomById_andThereIsNot_thenStatus204" classname="franco.maurizio.hr.desk.com.integration.controller.CandidateCustomControllerIntegrationTests" time="1.214">
    <system-out><![CDATA[
  .   ____          _            __ _ _
 /\\ / ___'_ __ _ _(_)_ __  __ _ \ \ \ \
( ( )\___ | '_ | '_| | '_ \/ _` | \ \ \ \
 \\/  ___)| |_)| | | | | || (_| |  ) ) ) )
  '  |____| .__|_| |_|_| |_\__, | / / / /
 =========|_|==============|___/=/_/_/_/
 :: Spring Boot ::                (v3.1.5)

2023-11-24 12:36:45,972 DEBUG c.z.h.HikariConfig [HikariConfig.java:968] Driver class com.mysql.cj.jdbc.Driver found in Thread context class loader jdk.internal.loader.ClassLoaders$AppClassLoader@251a69d7
2023-11-24 12:36:45,998 DEBUG c.z.h.HikariConfig [HikariConfig.java:1100] HikariPool-4 - configuration:
2023-11-24 12:36:45,999 DEBUG c.z.h.HikariConfig [HikariConfig.java:1132] allowPoolSuspension.............false
2023-11-24 12:36:45,999 DEBUG c.z.h.HikariConfig [HikariConfig.java:1132] autoCommit......................true
2023-11-24 12:36:45,999 DEBUG c.z.h.HikariConfig [HikariConfig.java:1132] catalog.........................none
2023-11-24 12:36:45,999 DEBUG c.z.h.HikariConfig [HikariConfig.java:1132] connectionInitSql...............none
2023-11-24 12:36:45,999 DEBUG c.z.h.HikariConfig [HikariConfig.java:1132] connectionTestQuery.............none
2023-11-24 12:36:45,999 DEBUG c.z.h.HikariConfig [HikariConfig.java:1132] connectionTimeout...............30000
2023-11-24 12:36:46,000 DEBUG c.z.h.HikariConfig [HikariConfig.java:1132] dataSource......................none
2023-11-24 12:36:46,000 DEBUG c.z.h.HikariConfig [HikariConfig.java:1132] dataSourceClassName.............none
2023-11-24 12:36:46,000 DEBUG c.z.h.HikariConfig [HikariConfig.java:1132] dataSourceJNDI..................none
2023-11-24 12:36:46,000 DEBUG c.z.h.HikariConfig [HikariConfig.java:1132] dataSourceProperties............{password=<masked>}
2023-11-24 12:36:46,000 DEBUG c.z.h.HikariConfig [HikariConfig.java:1132] driverClassName................."com.mysql.cj.jdbc.Driver"
2023-11-24 12:36:46,000 DEBUG c.z.h.HikariConfig [HikariConfig.java:1132] exceptionOverrideClassName......none
2023-11-24 12:36:46,000 DEBUG c.z.h.HikariConfig [HikariConfig.java:1132] healthCheckProperties...........{}
2023-11-24 12:36:46,000 DEBUG c.z.h.HikariConfig [HikariConfig.java:1132] healthCheckRegistry.............none
2023-11-24 12:36:46,001 DEBUG c.z.h.HikariConfig [HikariConfig.java:1132] idleTimeout.....................600000
2023-11-24 12:36:46,001 DEBUG c.z.h.HikariConfig [HikariConfig.java:1132] initializationFailTimeout.......1
2023-11-24 12:36:46,001 DEBUG c.z.h.HikariConfig [HikariConfig.java:1132] isolateInternalQueries..........false
2023-11-24 12:36:46,001 DEBUG c.z.h.HikariConfig [HikariConfig.java:1132] jdbcUrl.........................jdbc:mysql://localhost:3306/cerepro_test?useLegacyDatetimeCode=false&serverTimezone=UTC
2023-11-24 12:36:46,001 DEBUG c.z.h.HikariConfig [HikariConfig.java:1132] keepaliveTime...................0
2023-11-24 12:36:46,001 DEBUG c.z.h.HikariConfig [HikariConfig.java:1132] leakDetectionThreshold..........0
2023-11-24 12:36:46,001 DEBUG c.z.h.HikariConfig [HikariConfig.java:1132] maxLifetime.....................1800000
2023-11-24 12:36:46,001 DEBUG c.z.h.HikariConfig [HikariConfig.java:1132] maximumPoolSize.................10
2023-11-24 12:36:46,002 DEBUG c.z.h.HikariConfig [HikariConfig.java:1132] metricRegistry..................none
2023-11-24 12:36:46,002 DEBUG c.z.h.HikariConfig [HikariConfig.java:1132] metricsTrackerFactory...........none
2023-11-24 12:36:46,002 DEBUG c.z.h.HikariConfig [HikariConfig.java:1132] minimumIdle.....................10
2023-11-24 12:36:46,002 DEBUG c.z.h.HikariConfig [HikariConfig.java:1132] password........................<masked>
2023-11-24 12:36:46,002 DEBUG c.z.h.HikariConfig [HikariConfig.java:1132] poolName........................"HikariPool-4"
2023-11-24 12:36:46,002 DEBUG c.z.h.HikariConfig [HikariConfig.java:1132] readOnly........................false
2023-11-24 12:36:46,002 DEBUG c.z.h.HikariConfig [HikariConfig.java:1132] registerMbeans..................false
2023-11-24 12:36:46,002 DEBUG c.z.h.HikariConfig [HikariConfig.java:1132] scheduledExecutor...............none
2023-11-24 12:36:46,002 DEBUG c.z.h.HikariConfig [HikariConfig.java:1132] schema..........................none
2023-11-24 12:36:46,003 DEBUG c.z.h.HikariConfig [HikariConfig.java:1132] threadFactory...................internal
2023-11-24 12:36:46,003 DEBUG c.z.h.HikariConfig [HikariConfig.java:1132] transactionIsolation............default
2023-11-24 12:36:46,003 DEBUG c.z.h.HikariConfig [HikariConfig.java:1132] username........................"cerepro_test"
2023-11-24 12:36:46,003 DEBUG c.z.h.HikariConfig [HikariConfig.java:1132] validationTimeout...............5000
2023-11-24 12:36:46,003 INFO c.z.h.HikariDataSource [HikariDataSource.java:110] HikariPool-4 - Starting...
2023-11-24 12:36:46,007 INFO c.z.h.p.HikariPool [HikariPool.java:565] HikariPool-4 - Added connection com.mysql.cj.jdbc.ConnectionImpl@2432739a
2023-11-24 12:36:46,007 INFO c.z.h.HikariDataSource [HikariDataSource.java:123] HikariPool-4 - Start completed.
2023-11-24 12:36:46,008 DEBUG o.h.j.i.u.LogHelper [LogHelper.java:102] PersistenceUnitInfo [
	name: default
	persistence provider classname: null
	classloader: jdk.internal.loader.ClassLoaders$AppClassLoader@251a69d7
	excludeUnlistedClasses: true
	JTA datasource: null
	Non JTA datasource: HikariDataSource (HikariPool-4)
	Transaction type: RESOURCE_LOCAL
	PU root URL: file:/home/maurizio/.m2/repository/franco/maurizio/hr-desk-persistence/0.3.5_j17/hr-desk-persistence-0.3.5_j17.jar
	Shared Cache Mode: UNSPECIFIED
	Validation Mode: AUTO
	Jar files URLs []
	Managed classes names [
		franco.maurizio.hr.desk.com.persistence.entity.Survey
		franco.maurizio.hr.desk.com.persistence.entity.CandidateSurveyToken
		franco.maurizio.hr.desk.com.persistence.entity.CandidateStates
		franco.maurizio.hr.desk.com.persistence.entity.Role
		franco.maurizio.hr.desk.com.persistence.entity.User
		franco.maurizio.hr.desk.com.persistence.entity.SurveyReply
		franco.maurizio.hr.desk.com.persistence.entity.PositionUserOwner
		franco.maurizio.hr.desk.com.persistence.entity.SurveyQuestion
		franco.maurizio.hr.desk.com.persistence.entity.CoursePage
		franco.maurizio.hr.desk.com.persistence.entity.Candidate
		franco.maurizio.hr.desk.com.persistence.entity.Question]
	Mapping files names []
	Properties []
2023-11-24 12:36:46,008 DEBUG o.h.i.i.IntegratorServiceImpl [IntegratorServiceImpl.java:45] Adding Integrator [org.hibernate.boot.beanvalidation.BeanValidationIntegrator].
2023-11-24 12:36:46,009 DEBUG o.h.i.i.IntegratorServiceImpl [IntegratorServiceImpl.java:45] Adding Integrator [org.hibernate.cache.internal.CollectionCacheInvalidator].
2023-11-24 12:36:46,009 TRACE o.h.b.r.s.i.StrategySelectorImpl [StrategySelectorImpl.java:83] Registering named strategy selector [org.hibernate.resource.transaction.spi.TransactionCoordinatorBuilder] : [jdbc] -> [org.hibernate.resource.transaction.backend.jdbc.internal.JdbcResourceLocalTransactionCoordinatorBuilderImpl]
2023-11-24 12:36:46,010 TRACE o.h.b.r.s.i.StrategySelectorImpl [StrategySelectorImpl.java:83] Registering named strategy selector [org.hibernate.resource.transaction.spi.TransactionCoordinatorBuilder] : [jta] -> [org.hibernate.resource.transaction.backend.jta.internal.JtaTransactionCoordinatorBuilderImpl]
2023-11-24 12:36:46,010 TRACE o.h.b.r.s.i.StrategySelectorImpl [StrategySelectorImpl.java:83] Registering named strategy selector [org.hibernate.resource.transaction.spi.TransactionCoordinatorBuilder] : [org.hibernate.transaction.JDBCTransactionFactory] -> [org.hibernate.resource.transaction.backend.jdbc.internal.JdbcResourceLocalTransactionCoordinatorBuilderImpl]
2023-11-24 12:36:46,010 TRACE o.h.b.r.s.i.StrategySelectorImpl [StrategySelectorImpl.java:83] Registering named strategy selector [org.hibernate.resource.transaction.spi.TransactionCoordinatorBuilder] : [org.hibernate.transaction.JTATransactionFactory] -> [org.hibernate.resource.transaction.backend.jta.internal.JtaTransactionCoordinatorBuilderImpl]
2023-11-24 12:36:46,010 TRACE o.h.b.r.s.i.StrategySelectorImpl [StrategySelectorImpl.java:83] Registering named strategy selector [org.hibernate.resource.transaction.spi.TransactionCoordinatorBuilder] : [org.hibernate.transaction.CMTTransactionFactory] -> [org.hibernate.resource.transaction.backend.jta.internal.JtaTransactionCoordinatorBuilderImpl]
2023-11-24 12:36:46,010 TRACE o.h.b.r.s.i.StrategySelectorImpl [StrategySelectorImpl.java:83] Registering named strategy selector [org.hibernate.query.sqm.mutation.spi.SqmMultiTableMutationStrategy] : [cte] -> [org.hibernate.query.sqm.mutation.internal.cte.CteMutationStrategy]
2023-11-24 12:36:46,010 TRACE o.h.b.r.s.i.StrategySelectorImpl [StrategySelectorImpl.java:83] Registering named strategy selector [org.hibernate.query.sqm.mutation.spi.SqmMultiTableMutationStrategy] : [global_temporary] -> [org.hibernate.query.sqm.mutation.internal.temptable.GlobalTemporaryTableMutationStrategy]
2023-11-24 12:36:46,010 TRACE o.h.b.r.s.i.StrategySelectorImpl [StrategySelectorImpl.java:83] Registering named strategy selector [org.hibernate.query.sqm.mutation.spi.SqmMultiTableMutationStrategy] : [local_temporary] -> [org.hibernate.query.sqm.mutation.internal.temptable.LocalTemporaryTableMutationStrategy]
2023-11-24 12:36:46,010 TRACE o.h.b.r.s.i.StrategySelectorImpl [StrategySelectorImpl.java:83] Registering named strategy selector [org.hibernate.query.sqm.mutation.spi.SqmMultiTableMutationStrategy] : [persistent] -> [org.hibernate.query.sqm.mutation.internal.temptable.PersistentTableMutationStrategy]
2023-11-24 12:36:46,010 TRACE o.h.b.r.s.i.StrategySelectorImpl [StrategySelectorImpl.java:83] Registering named strategy selector [org.hibernate.boot.model.naming.ImplicitNamingStrategy] : [default] -> [org.hibernate.boot.model.naming.ImplicitNamingStrategyJpaCompliantImpl]
2023-11-24 12:36:46,010 TRACE o.h.b.r.s.i.StrategySelectorImpl [StrategySelectorImpl.java:83] Registering named strategy selector [org.hibernate.boot.model.naming.ImplicitNamingStrategy] : [jpa] -> [org.hibernate.boot.model.naming.ImplicitNamingStrategyJpaCompliantImpl]
2023-11-24 12:36:46,011 TRACE o.h.b.r.s.i.StrategySelectorImpl [StrategySelectorImpl.java:83] Registering named strategy selector [org.hibernate.boot.model.naming.ImplicitNamingStrategy] : [legacy-jpa] -> [org.hibernate.boot.model.naming.ImplicitNamingStrategyLegacyJpaImpl]
2023-11-24 12:36:46,011 TRACE o.h.b.r.s.i.StrategySelectorImpl [StrategySelectorImpl.java:83] Registering named strategy selector [org.hibernate.boot.model.naming.ImplicitNamingStrategy] : [legacy-hbm] -> [org.hibernate.boot.model.naming.ImplicitNamingStrategyLegacyHbmImpl]
2023-11-24 12:36:46,011 TRACE o.h.b.r.s.i.StrategySelectorImpl [StrategySelectorImpl.java:83] Registering named strategy selector [org.hibernate.boot.model.naming.ImplicitNamingStrategy] : [component-path] -> [org.hibernate.boot.model.naming.ImplicitNamingStrategyComponentPathImpl]
2023-11-24 12:36:46,011 TRACE o.h.b.r.s.i.StrategySelectorImpl [StrategySelectorImpl.java:83] Registering named strategy selector [org.hibernate.id.enhanced.ImplicitDatabaseObjectNamingStrategy] : [standard] -> [org.hibernate.id.enhanced.StandardNamingStrategy]
2023-11-24 12:36:46,011 TRACE o.h.b.r.s.i.StrategySelectorImpl [StrategySelectorImpl.java:83] Registering named strategy selector [org.hibernate.id.enhanced.ImplicitDatabaseObjectNamingStrategy] : [single] -> [org.hibernate.id.enhanced.SingleNamingStrategy]
2023-11-24 12:36:46,011 TRACE o.h.b.r.s.i.StrategySelectorImpl [StrategySelectorImpl.java:83] Registering named strategy selector [org.hibernate.id.enhanced.ImplicitDatabaseObjectNamingStrategy] : [legacy] -> [org.hibernate.id.enhanced.LegacyNamingStrategy]
2023-11-24 12:36:46,011 TRACE o.h.b.r.s.i.StrategySelectorImpl [StrategySelectorImpl.java:83] Registering named strategy selector [org.hibernate.boot.model.relational.ColumnOrderingStrategy] : [default] -> [org.hibernate.boot.model.relational.ColumnOrderingStrategyStandard]
2023-11-24 12:36:46,011 TRACE o.h.b.r.s.i.StrategySelectorImpl [StrategySelectorImpl.java:83] Registering named strategy selector [org.hibernate.boot.model.relational.ColumnOrderingStrategy] : [legacy] -> [org.hibernate.boot.model.relational.ColumnOrderingStrategyLegacy]
2023-11-24 12:36:46,011 TRACE o.h.b.r.s.i.StrategySelectorImpl [StrategySelectorImpl.java:83] Registering named strategy selector [org.hibernate.cache.spi.CacheKeysFactory] : [default] -> [org.hibernate.cache.internal.DefaultCacheKeysFactory]
2023-11-24 12:36:46,011 TRACE o.h.b.r.s.i.StrategySelectorImpl [StrategySelectorImpl.java:83] Registering named strategy selector [org.hibernate.cache.spi.CacheKeysFactory] : [simple] -> [org.hibernate.cache.internal.SimpleCacheKeysFactory]
2023-11-24 12:36:46,011 TRACE o.h.b.r.s.i.StrategySelectorImpl [StrategySelectorImpl.java:83] Registering named strategy selector [org.hibernate.type.format.FormatMapper] : [jackson] -> [org.hibernate.type.format.jackson.JacksonJsonFormatMapper]
2023-11-24 12:36:46,012 TRACE o.h.b.r.s.i.StrategySelectorImpl [StrategySelectorImpl.java:83] Registering named strategy selector [org.hibernate.type.format.FormatMapper] : [jsonb] -> [org.hibernate.type.format.jakartajson.JsonBJsonFormatMapper]
2023-11-24 12:36:46,012 TRACE o.h.b.r.s.i.StrategySelectorImpl [StrategySelectorImpl.java:83] Registering named strategy selector [org.hibernate.type.format.FormatMapper] : [jackson-xml] -> [org.hibernate.type.format.jackson.JacksonXmlFormatMapper]
2023-11-24 12:36:46,012 TRACE o.h.b.r.s.i.StrategySelectorImpl [StrategySelectorImpl.java:83] Registering named strategy selector [org.hibernate.type.format.FormatMapper] : [jaxb] -> [org.hibernate.type.format.jaxb.JaxbXmlFormatMapper]
2023-11-24 12:36:46,013 TRACE o.h.s.i.AbstractServiceRegistryImpl [AbstractServiceRegistryImpl.java:235] Initializing service [role=org.hibernate.id.factory.IdentifierGeneratorFactory]
2023-11-24 12:36:46,013 TRACE o.h.s.i.AbstractServiceRegistryImpl [AbstractServiceRegistryImpl.java:235] Initializing service [role=org.hibernate.engine.config.spi.ConfigurationService]
2023-11-24 12:36:46,013 TRACE o.h.s.i.AbstractServiceRegistryImpl [AbstractServiceRegistryImpl.java:235] Initializing service [role=org.hibernate.resource.beans.spi.ManagedBeanRegistry]
2023-11-24 12:36:46,014 DEBUG o.h.o.i.factory [StandardIdentifierGeneratorFactory.java:170] Registering IdentifierGenerator strategy [uuid2] -> [org.hibernate.id.UUIDGenerator]
2023-11-24 12:36:46,014 DEBUG o.h.o.i.factory [StandardIdentifierGeneratorFactory.java:170] Registering IdentifierGenerator strategy [guid] -> [org.hibernate.id.GUIDGenerator]
2023-11-24 12:36:46,014 DEBUG o.h.o.i.factory [StandardIdentifierGeneratorFactory.java:170] Registering IdentifierGenerator strategy [uuid] -> [org.hibernate.id.UUIDHexGenerator]
2023-11-24 12:36:46,014 DEBUG o.h.o.i.factory [StandardIdentifierGeneratorFactory.java:170] Registering IdentifierGenerator strategy [uuid.hex] -> [org.hibernate.id.UUIDHexGenerator]
2023-11-24 12:36:46,015 DEBUG o.h.o.i.factory [StandardIdentifierGeneratorFactory.java:170] Registering IdentifierGenerator strategy [assigned] -> [org.hibernate.id.Assigned]
2023-11-24 12:36:46,015 DEBUG o.h.o.i.factory [StandardIdentifierGeneratorFactory.java:170] Registering IdentifierGenerator strategy [identity] -> [org.hibernate.id.IdentityGenerator]
2023-11-24 12:36:46,015 DEBUG o.h.o.i.factory [StandardIdentifierGeneratorFactory.java:170] Registering IdentifierGenerator strategy [select] -> [org.hibernate.id.SelectGenerator]
2023-11-24 12:36:46,015 DEBUG o.h.o.i.factory [StandardIdentifierGeneratorFactory.java:170] Registering IdentifierGenerator strategy [sequence] -> [org.hibernate.id.enhanced.SequenceStyleGenerator]
2023-11-24 12:36:46,015 DEBUG o.h.o.i.factory [StandardIdentifierGeneratorFactory.java:170] Registering IdentifierGenerator strategy [increment] -> [org.hibernate.id.IncrementGenerator]
2023-11-24 12:36:46,015 DEBUG o.h.o.i.factory [StandardIdentifierGeneratorFactory.java:170] Registering IdentifierGenerator strategy [foreign] -> [org.hibernate.id.ForeignGenerator]
2023-11-24 12:36:46,015 DEBUG o.h.o.i.factory [StandardIdentifierGeneratorFactory.java:170] Registering IdentifierGenerator strategy [enhanced-sequence] -> [org.hibernate.id.enhanced.SequenceStyleGenerator]
2023-11-24 12:36:46,015 DEBUG o.h.o.i.factory [StandardIdentifierGeneratorFactory.java:170] Registering IdentifierGenerator strategy [enhanced-table] -> [org.hibernate.id.enhanced.TableGenerator]
2023-11-24 12:36:46,015 TRACE o.h.s.i.AbstractServiceRegistryImpl [AbstractServiceRegistryImpl.java:235] Initializing service [role=org.hibernate.engine.jdbc.connections.spi.MultiTenantConnectionProvider]
2023-11-24 12:36:46,016 TRACE o.h.s.i.AbstractServiceRegistryImpl [AbstractServiceRegistryImpl.java:235] Initializing service [role=org.hibernate.cache.spi.RegionFactory]
2023-11-24 12:36:46,016 DEBUG o.h.c.i.RegionFactoryInitiator [RegionFactoryInitiator.java:117] Cannot default RegionFactory based on registered strategies as `[]` RegionFactory strategies were registered
2023-11-24 12:36:46,016 DEBUG o.h.c.i.RegionFactoryInitiator [RegionFactoryInitiator.java:49] Cache region factory : org.hibernate.cache.internal.NoCachingRegionFactory
2023-11-24 12:36:46,016 DEBUG o.h.t.BasicTypeRegistry [BasicTypeRegistry.java:401] Adding type registration boolean -> org.hibernate.type.BasicTypeReference@796cffed
2023-11-24 12:36:46,016 DEBUG o.h.t.BasicTypeRegistry [BasicTypeRegistry.java:401] Adding type registration boolean -> org.hibernate.type.BasicTypeReference@796cffed
2023-11-24 12:36:46,016 DEBUG o.h.t.BasicTypeRegistry [BasicTypeRegistry.java:401] Adding type registration java.lang.Boolean -> org.hibernate.type.BasicTypeReference@796cffed
2023-11-24 12:36:46,016 DEBUG o.h.t.BasicTypeRegistry [BasicTypeRegistry.java:401] Adding type registration numeric_boolean -> org.hibernate.type.BasicTypeReference@55d0e131
2023-11-24 12:36:46,017 DEBUG o.h.t.BasicTypeRegistry [BasicTypeRegistry.java:401] Adding type registration org.hibernate.type.NumericBooleanConverter -> org.hibernate.type.BasicTypeReference@55d0e131
2023-11-24 12:36:46,017 DEBUG o.h.t.BasicTypeRegistry [BasicTypeRegistry.java:401] Adding type registration true_false -> org.hibernate.type.BasicTypeReference@7c26e570
2023-11-24 12:36:46,017 DEBUG o.h.t.BasicTypeRegistry [BasicTypeRegistry.java:401] Adding type registration org.hibernate.type.TrueFalseConverter -> org.hibernate.type.BasicTypeReference@7c26e570
2023-11-24 12:36:46,017 DEBUG o.h.t.BasicTypeRegistry [BasicTypeRegistry.java:401] Adding type registration yes_no -> org.hibernate.type.BasicTypeReference@2235ab04
2023-11-24 12:36:46,017 DEBUG o.h.t.BasicTypeRegistry [BasicTypeRegistry.java:401] Adding type registration org.hibernate.type.YesNoConverter -> org.hibernate.type.BasicTypeReference@2235ab04
2023-11-24 12:36:46,017 DEBUG o.h.t.BasicTypeRegistry [BasicTypeRegistry.java:401] Adding type registration byte -> org.hibernate.type.BasicTypeReference@3c38bb38
2023-11-24 12:36:46,017 DEBUG o.h.t.BasicTypeRegistry [BasicTypeRegistry.java:401] Adding type registration byte -> org.hibernate.type.BasicTypeReference@3c38bb38
2023-11-24 12:36:46,017 DEBUG o.h.t.BasicTypeRegistry [BasicTypeRegistry.java:401] Adding type registration java.lang.Byte -> org.hibernate.type.BasicTypeReference@3c38bb38
2023-11-24 12:36:46,017 DEBUG o.h.t.BasicTypeRegistry [BasicTypeRegistry.java:401] Adding type registration binary -> org.hibernate.type.BasicTypeReference@6e330ce7
2023-11-24 12:36:46,017 DEBUG o.h.t.BasicTypeRegistry [BasicTypeRegistry.java:401] Adding type registration byte[] -> org.hibernate.type.BasicTypeReference@6e330ce7
2023-11-24 12:36:46,017 DEBUG o.h.t.BasicTypeRegistry [BasicTypeRegistry.java:401] Adding type registration [B -> org.hibernate.type.BasicTypeReference@6e330ce7
2023-11-24 12:36:46,018 DEBUG o.h.t.BasicTypeRegistry [BasicTypeRegistry.java:401] Adding type registration binary_wrapper -> org.hibernate.type.BasicTypeReference@25757934
2023-11-24 12:36:46,018 DEBUG o.h.t.BasicTypeRegistry [BasicTypeRegistry.java:401] Adding type registration wrapper-binary -> org.hibernate.type.BasicTypeReference@25757934
2023-11-24 12:36:46,018 DEBUG o.h.t.BasicTypeRegistry [BasicTypeRegistry.java:401] Adding type registration image -> org.hibernate.type.BasicTypeReference@2a178b15
2023-11-24 12:36:46,018 DEBUG o.h.t.BasicTypeRegistry [BasicTypeRegistry.java:401] Adding type registration blob -> org.hibernate.type.BasicTypeReference@530f0414
2023-11-24 12:36:46,018 DEBUG o.h.t.BasicTypeRegistry [BasicTypeRegistry.java:401] Adding type registration java.sql.Blob -> org.hibernate.type.BasicTypeReference@530f0414
2023-11-24 12:36:46,018 DEBUG o.h.t.BasicTypeRegistry [BasicTypeRegistry.java:401] Adding type registration materialized_blob -> org.hibernate.type.BasicTypeReference@252d6ea6
2023-11-24 12:36:46,018 DEBUG o.h.t.BasicTypeRegistry [BasicTypeRegistry.java:401] Adding type registration materialized_blob_wrapper -> org.hibernate.type.BasicTypeReference@2b9f0fee
2023-11-24 12:36:46,018 DEBUG o.h.t.BasicTypeRegistry [BasicTypeRegistry.java:401] Adding type registration short -> org.hibernate.type.BasicTypeReference@3dc666ab
2023-11-24 12:36:46,018 DEBUG o.h.t.BasicTypeRegistry [BasicTypeRegistry.java:401] Adding type registration short -> org.hibernate.type.BasicTypeReference@3dc666ab
2023-11-24 12:36:46,018 DEBUG o.h.t.BasicTypeRegistry [BasicTypeRegistry.java:401] Adding type registration java.lang.Short -> org.hibernate.type.BasicTypeReference@3dc666ab
2023-11-24 12:36:46,019 DEBUG o.h.t.BasicTypeRegistry [BasicTypeRegistry.java:401] Adding type registration integer -> org.hibernate.type.BasicTypeReference@16c2eaa3
2023-11-24 12:36:46,019 DEBUG o.h.t.BasicTypeRegistry [BasicTypeRegistry.java:401] Adding type registration int -> org.hibernate.type.BasicTypeReference@16c2eaa3
2023-11-24 12:36:46,019 DEBUG o.h.t.BasicTypeRegistry [BasicTypeRegistry.java:401] Adding type registration java.lang.Integer -> org.hibernate.type.BasicTypeReference@16c2eaa3
2023-11-24 12:36:46,019 DEBUG o.h.t.BasicTypeRegistry [BasicTypeRegistry.java:401] Adding type registration long -> org.hibernate.type.BasicTypeReference@58d4ee83
2023-11-24 12:36:46,019 DEBUG o.h.t.BasicTypeRegistry [BasicTypeRegistry.java:401] Adding type registration long -> org.hibernate.type.BasicTypeReference@58d4ee83
2023-11-24 12:36:46,019 DEBUG o.h.t.BasicTypeRegistry [BasicTypeRegistry.java:401] Adding type registration java.lang.Long -> org.hibernate.type.BasicTypeReference@58d4ee83
2023-11-24 12:36:46,019 DEBUG o.h.t.BasicTypeRegistry [BasicTypeRegistry.java:401] Adding type registration float -> org.hibernate.type.BasicTypeReference@be77a08
2023-11-24 12:36:46,019 DEBUG o.h.t.BasicTypeRegistry [BasicTypeRegistry.java:401] Adding type registration float -> org.hibernate.type.BasicTypeReference@be77a08
2023-11-24 12:36:46,019 DEBUG o.h.t.BasicTypeRegistry [BasicTypeRegistry.java:401] Adding type registration java.lang.Float -> org.hibernate.type.BasicTypeReference@be77a08
2023-11-24 12:36:46,020 DEBUG o.h.t.BasicTypeRegistry [BasicTypeRegistry.java:401] Adding type registration double -> org.hibernate.type.BasicTypeReference@51aa6e1
2023-11-24 12:36:46,020 DEBUG o.h.t.BasicTypeRegistry [BasicTypeRegistry.java:401] Adding type registration double -> org.hibernate.type.BasicTypeReference@51aa6e1
2023-11-24 12:36:46,020 DEBUG o.h.t.BasicTypeRegistry [BasicTypeRegistry.java:401] Adding type registration java.lang.Double -> org.hibernate.type.BasicTypeReference@51aa6e1
2023-11-24 12:36:46,020 DEBUG o.h.t.BasicTypeRegistry [BasicTypeRegistry.java:401] Adding type registration big_integer -> org.hibernate.type.BasicTypeReference@48cd313
2023-11-24 12:36:46,020 DEBUG o.h.t.BasicTypeRegistry [BasicTypeRegistry.java:401] Adding type registration java.math.BigInteger -> org.hibernate.type.BasicTypeReference@48cd313
2023-11-24 12:36:46,020 DEBUG o.h.t.BasicTypeRegistry [BasicTypeRegistry.java:401] Adding type registration big_decimal -> org.hibernate.type.BasicTypeReference@7bd395f7
2023-11-24 12:36:46,021 DEBUG o.h.t.BasicTypeRegistry [BasicTypeRegistry.java:401] Adding type registration java.math.BigDecimal -> org.hibernate.type.BasicTypeReference@7bd395f7
2023-11-24 12:36:46,021 DEBUG o.h.t.BasicTypeRegistry [BasicTypeRegistry.java:401] Adding type registration character -> org.hibernate.type.BasicTypeReference@4b5497bf
2023-11-24 12:36:46,021 DEBUG o.h.t.BasicTypeRegistry [BasicTypeRegistry.java:401] Adding type registration char -> org.hibernate.type.BasicTypeReference@4b5497bf
2023-11-24 12:36:46,021 DEBUG o.h.t.BasicTypeRegistry [BasicTypeRegistry.java:401] Adding type registration java.lang.Character -> org.hibernate.type.BasicTypeReference@4b5497bf
2023-11-24 12:36:46,021 DEBUG o.h.t.BasicTypeRegistry [BasicTypeRegistry.java:401] Adding type registration character_nchar -> org.hibernate.type.BasicTypeReference@1b290d9a
2023-11-24 12:36:46,021 DEBUG o.h.t.BasicTypeRegistry [BasicTypeRegistry.java:401] Adding type registration string -> org.hibernate.type.BasicTypeReference@79df41a7
2023-11-24 12:36:46,022 DEBUG o.h.t.BasicTypeRegistry [BasicTypeRegistry.java:401] Adding type registration java.lang.String -> org.hibernate.type.BasicTypeReference@79df41a7
2023-11-24 12:36:46,022 DEBUG o.h.t.BasicTypeRegistry [BasicTypeRegistry.java:401] Adding type registration nstring -> org.hibernate.type.BasicTypeReference@1e441f46
2023-11-24 12:36:46,022 DEBUG o.h.t.BasicTypeRegistry [BasicTypeRegistry.java:401] Adding type registration characters -> org.hibernate.type.BasicTypeReference@71c28a5e
2023-11-24 12:36:46,022 DEBUG o.h.t.BasicTypeRegistry [BasicTypeRegistry.java:401] Adding type registration char[] -> org.hibernate.type.BasicTypeReference@71c28a5e
2023-11-24 12:36:46,022 DEBUG o.h.t.BasicTypeRegistry [BasicTypeRegistry.java:401] Adding type registration [C -> org.hibernate.type.BasicTypeReference@71c28a5e
2023-11-24 12:36:46,023 DEBUG o.h.t.BasicTypeRegistry [BasicTypeRegistry.java:401] Adding type registration wrapper-characters -> org.hibernate.type.BasicTypeReference@22540c21
2023-11-24 12:36:46,023 DEBUG o.h.t.BasicTypeRegistry [BasicTypeRegistry.java:401] Adding type registration text -> org.hibernate.type.BasicTypeReference@2105a3b5
2023-11-24 12:36:46,023 DEBUG o.h.t.BasicTypeRegistry [BasicTypeRegistry.java:401] Adding type registration ntext -> org.hibernate.type.BasicTypeReference@1f0526fc
2023-11-24 12:36:46,023 DEBUG o.h.t.BasicTypeRegistry [BasicTypeRegistry.java:401] Adding type registration clob -> org.hibernate.type.BasicTypeReference@7a70cf38
2023-11-24 12:36:46,023 DEBUG o.h.t.BasicTypeRegistry [BasicTypeRegistry.java:401] Adding type registration java.sql.Clob -> org.hibernate.type.BasicTypeReference@7a70cf38
2023-11-24 12:36:46,023 DEBUG o.h.t.BasicTypeRegistry [BasicTypeRegistry.java:401] Adding type registration nclob -> org.hibernate.type.BasicTypeReference@78c7e153
2023-11-24 12:36:46,024 DEBUG o.h.t.BasicTypeRegistry [BasicTypeRegistry.java:401] Adding type registration java.sql.NClob -> org.hibernate.type.BasicTypeReference@78c7e153
2023-11-24 12:36:46,024 DEBUG o.h.t.BasicTypeRegistry [BasicTypeRegistry.java:401] Adding type registration materialized_clob -> org.hibernate.type.BasicTypeReference@7453fdf5
2023-11-24 12:36:46,024 DEBUG o.h.t.BasicTypeRegistry [BasicTypeRegistry.java:401] Adding type registration materialized_clob_char_array -> org.hibernate.type.BasicTypeReference@42571745
2023-11-24 12:36:46,024 DEBUG o.h.t.BasicTypeRegistry [BasicTypeRegistry.java:401] Adding type registration materialized_clob_character_array -> org.hibernate.type.BasicTypeReference@3e220938
2023-11-24 12:36:46,024 DEBUG o.h.t.BasicTypeRegistry [BasicTypeRegistry.java:401] Adding type registration materialized_nclob -> org.hibernate.type.BasicTypeReference@79a8aad6
2023-11-24 12:36:46,024 DEBUG o.h.t.BasicTypeRegistry [BasicTypeRegistry.java:401] Adding type registration materialized_nclob_character_array -> org.hibernate.type.BasicTypeReference@127f5c43
2023-11-24 12:36:46,025 DEBUG o.h.t.BasicTypeRegistry [BasicTypeRegistry.java:401] Adding type registration materialized_nclob_char_array -> org.hibernate.type.BasicTypeReference@68e89c76
2023-11-24 12:36:46,025 DEBUG o.h.t.BasicTypeRegistry [BasicTypeRegistry.java:401] Adding type registration Duration -> org.hibernate.type.BasicTypeReference@462d239a
2023-11-24 12:36:46,025 DEBUG o.h.t.BasicTypeRegistry [BasicTypeRegistry.java:401] Adding type registration java.time.Duration -> org.hibernate.type.BasicTypeReference@462d239a
2023-11-24 12:36:46,025 DEBUG o.h.t.BasicTypeRegistry [BasicTypeRegistry.java:401] Adding type registration LocalDateTime -> org.hibernate.type.BasicTypeReference@7a6fcf93
2023-11-24 12:36:46,025 DEBUG o.h.t.BasicTypeRegistry [BasicTypeRegistry.java:401] Adding type registration java.time.LocalDateTime -> org.hibernate.type.BasicTypeReference@7a6fcf93
2023-11-24 12:36:46,025 DEBUG o.h.t.BasicTypeRegistry [BasicTypeRegistry.java:401] Adding type registration LocalDate -> org.hibernate.type.BasicTypeReference@129a09d9
2023-11-24 12:36:46,026 DEBUG o.h.t.BasicTypeRegistry [BasicTypeRegistry.java:401] Adding type registration java.time.LocalDate -> org.hibernate.type.BasicTypeReference@129a09d9
2023-11-24 12:36:46,026 DEBUG o.h.t.BasicTypeRegistry [BasicTypeRegistry.java:401] Adding type registration LocalTime -> org.hibernate.type.BasicTypeReference@3e3d3cd0
2023-11-24 12:36:46,026 DEBUG o.h.t.BasicTypeRegistry [BasicTypeRegistry.java:401] Adding type registration java.time.LocalTime -> org.hibernate.type.BasicTypeReference@3e3d3cd0
2023-11-24 12:36:46,026 DEBUG o.h.t.BasicTypeRegistry [BasicTypeRegistry.java:401] Adding type registration OffsetDateTime -> org.hibernate.type.BasicTypeReference@1123f97e
2023-11-24 12:36:46,026 DEBUG o.h.t.BasicTypeRegistry [BasicTypeRegistry.java:401] Adding type registration java.time.OffsetDateTime -> org.hibernate.type.BasicTypeReference@1123f97e
2023-11-24 12:36:46,026 DEBUG o.h.t.BasicTypeRegistry [BasicTypeRegistry.java:401] Adding type registration OffsetDateTimeWithTimezone -> org.hibernate.type.BasicTypeReference@15b4bf9e
2023-11-24 12:36:46,026 DEBUG o.h.t.BasicTypeRegistry [BasicTypeRegistry.java:401] Adding type registration OffsetDateTimeWithoutTimezone -> org.hibernate.type.BasicTypeReference@5722b830
2023-11-24 12:36:46,026 DEBUG o.h.t.BasicTypeRegistry [BasicTypeRegistry.java:401] Adding type registration OffsetTime -> org.hibernate.type.BasicTypeReference@2ec5b8
2023-11-24 12:36:46,026 DEBUG o.h.t.BasicTypeRegistry [BasicTypeRegistry.java:401] Adding type registration java.time.OffsetTime -> org.hibernate.type.BasicTypeReference@2ec5b8
2023-11-24 12:36:46,026 DEBUG o.h.t.BasicTypeRegistry [BasicTypeRegistry.java:401] Adding type registration OffsetTimeUtc -> org.hibernate.type.BasicTypeReference@ec824ca
2023-11-24 12:36:46,027 DEBUG o.h.t.BasicTypeRegistry [BasicTypeRegistry.java:401] Adding type registration OffsetTimeWithTimezone -> org.hibernate.type.BasicTypeReference@3eb022c2
2023-11-24 12:36:46,027 DEBUG o.h.t.BasicTypeRegistry [BasicTypeRegistry.java:401] Adding type registration OffsetTimeWithoutTimezone -> org.hibernate.type.BasicTypeReference@7c91fe1c
2023-11-24 12:36:46,027 DEBUG o.h.t.BasicTypeRegistry [BasicTypeRegistry.java:401] Adding type registration ZonedDateTime -> org.hibernate.type.BasicTypeReference@ae4e733
2023-11-24 12:36:46,027 DEBUG o.h.t.BasicTypeRegistry [BasicTypeRegistry.java:401] Adding type registration java.time.ZonedDateTime -> org.hibernate.type.BasicTypeReference@ae4e733
2023-11-24 12:36:46,027 DEBUG o.h.t.BasicTypeRegistry [BasicTypeRegistry.java:401] Adding type registration ZonedDateTimeWithTimezone -> org.hibernate.type.BasicTypeReference@45456cd1
2023-11-24 12:36:46,027 DEBUG o.h.t.BasicTypeRegistry [BasicTypeRegistry.java:401] Adding type registration ZonedDateTimeWithoutTimezone -> org.hibernate.type.BasicTypeReference@7a5ce089
2023-11-24 12:36:46,027 DEBUG o.h.t.BasicTypeRegistry [BasicTypeRegistry.java:401] Adding type registration date -> org.hibernate.type.BasicTypeReference@94e90c0
2023-11-24 12:36:46,027 DEBUG o.h.t.BasicTypeRegistry [BasicTypeRegistry.java:401] Adding type registration java.sql.Date -> org.hibernate.type.BasicTypeReference@94e90c0
2023-11-24 12:36:46,027 DEBUG o.h.t.BasicTypeRegistry [BasicTypeRegistry.java:401] Adding type registration time -> org.hibernate.type.BasicTypeReference@243e33a5
2023-11-24 12:36:46,027 DEBUG o.h.t.BasicTypeRegistry [BasicTypeRegistry.java:401] Adding type registration java.sql.Time -> org.hibernate.type.BasicTypeReference@243e33a5
2023-11-24 12:36:46,028 DEBUG o.h.t.BasicTypeRegistry [BasicTypeRegistry.java:401] Adding type registration timestamp -> org.hibernate.type.BasicTypeReference@4af3e017
2023-11-24 12:36:46,028 DEBUG o.h.t.BasicTypeRegistry [BasicTypeRegistry.java:401] Adding type registration java.sql.Timestamp -> org.hibernate.type.BasicTypeReference@4af3e017
2023-11-24 12:36:46,028 DEBUG o.h.t.BasicTypeRegistry [BasicTypeRegistry.java:401] Adding type registration java.util.Date -> org.hibernate.type.BasicTypeReference@4af3e017
2023-11-24 12:36:46,028 DEBUG o.h.t.BasicTypeRegistry [BasicTypeRegistry.java:401] Adding type registration calendar -> org.hibernate.type.BasicTypeReference@57361968
2023-11-24 12:36:46,028 DEBUG o.h.t.BasicTypeRegistry [BasicTypeRegistry.java:401] Adding type registration java.util.Calendar -> org.hibernate.type.BasicTypeReference@57361968
2023-11-24 12:36:46,028 DEBUG o.h.t.BasicTypeRegistry [BasicTypeRegistry.java:401] Adding type registration java.util.GregorianCalendar -> org.hibernate.type.BasicTypeReference@57361968
2023-11-24 12:36:46,028 DEBUG o.h.t.BasicTypeRegistry [BasicTypeRegistry.java:401] Adding type registration calendar_date -> org.hibernate.type.BasicTypeReference@2a835bde
2023-11-24 12:36:46,028 DEBUG o.h.t.BasicTypeRegistry [BasicTypeRegistry.java:401] Adding type registration calendar_time -> org.hibernate.type.BasicTypeReference@7f75f630
2023-11-24 12:36:46,028 DEBUG o.h.t.BasicTypeRegistry [BasicTypeRegistry.java:401] Adding type registration instant -> org.hibernate.type.BasicTypeReference@2a534291
2023-11-24 12:36:46,028 DEBUG o.h.t.BasicTypeRegistry [BasicTypeRegistry.java:401] Adding type registration java.time.Instant -> org.hibernate.type.BasicTypeReference@2a534291
2023-11-24 12:36:46,029 DEBUG o.h.t.BasicTypeRegistry [BasicTypeRegistry.java:401] Adding type registration uuid -> org.hibernate.type.BasicTypeReference@4dc9e3ea
2023-11-24 12:36:46,029 DEBUG o.h.t.BasicTypeRegistry [BasicTypeRegistry.java:401] Adding type registration java.util.UUID -> org.hibernate.type.BasicTypeReference@4dc9e3ea
2023-11-24 12:36:46,029 DEBUG o.h.t.BasicTypeRegistry [BasicTypeRegistry.java:401] Adding type registration pg-uuid -> org.hibernate.type.BasicTypeReference@4dc9e3ea
2023-11-24 12:36:46,029 DEBUG o.h.t.BasicTypeRegistry [BasicTypeRegistry.java:401] Adding type registration uuid-binary -> org.hibernate.type.BasicTypeReference@7d241c26
2023-11-24 12:36:46,029 DEBUG o.h.t.BasicTypeRegistry [BasicTypeRegistry.java:401] Adding type registration uuid-char -> org.hibernate.type.BasicTypeReference@2db0b1c4
2023-11-24 12:36:46,029 DEBUG o.h.t.BasicTypeRegistry [BasicTypeRegistry.java:401] Adding type registration class -> org.hibernate.type.BasicTypeReference@1d472929
2023-11-24 12:36:46,029 DEBUG o.h.t.BasicTypeRegistry [BasicTypeRegistry.java:401] Adding type registration java.lang.Class -> org.hibernate.type.BasicTypeReference@1d472929
2023-11-24 12:36:46,030 DEBUG o.h.t.BasicTypeRegistry [BasicTypeRegistry.java:401] Adding type registration currency -> org.hibernate.type.BasicTypeReference@1f934fd8
2023-11-24 12:36:46,030 DEBUG o.h.t.BasicTypeRegistry [BasicTypeRegistry.java:401] Adding type registration Currency -> org.hibernate.type.BasicTypeReference@1f934fd8
2023-11-24 12:36:46,030 DEBUG o.h.t.BasicTypeRegistry [BasicTypeRegistry.java:401] Adding type registration java.util.Currency -> org.hibernate.type.BasicTypeReference@1f934fd8
2023-11-24 12:36:46,030 DEBUG o.h.t.BasicTypeRegistry [BasicTypeRegistry.java:401] Adding type registration locale -> org.hibernate.type.BasicTypeReference@428ba520
2023-11-24 12:36:46,030 DEBUG o.h.t.BasicTypeRegistry [BasicTypeRegistry.java:401] Adding type registration java.util.Locale -> org.hibernate.type.BasicTypeReference@428ba520
2023-11-24 12:36:46,030 DEBUG o.h.t.BasicTypeRegistry [BasicTypeRegistry.java:401] Adding type registration serializable -> org.hibernate.type.BasicTypeReference@6a9d1224
2023-11-24 12:36:46,031 DEBUG o.h.t.BasicTypeRegistry [BasicTypeRegistry.java:401] Adding type registration java.io.Serializable -> org.hibernate.type.BasicTypeReference@6a9d1224
2023-11-24 12:36:46,031 DEBUG o.h.t.BasicTypeRegistry [BasicTypeRegistry.java:401] Adding type registration timezone -> org.hibernate.type.BasicTypeReference@4eb7603f
2023-11-24 12:36:46,031 DEBUG o.h.t.BasicTypeRegistry [BasicTypeRegistry.java:401] Adding type registration java.util.TimeZone -> org.hibernate.type.BasicTypeReference@4eb7603f
2023-11-24 12:36:46,031 DEBUG o.h.t.BasicTypeRegistry [BasicTypeRegistry.java:401] Adding type registration ZoneOffset -> org.hibernate.type.BasicTypeReference@4bdf1bbe
2023-11-24 12:36:46,031 DEBUG o.h.t.BasicTypeRegistry [BasicTypeRegistry.java:401] Adding type registration java.time.ZoneOffset -> org.hibernate.type.BasicTypeReference@4bdf1bbe
2023-11-24 12:36:46,031 DEBUG o.h.t.BasicTypeRegistry [BasicTypeRegistry.java:401] Adding type registration url -> org.hibernate.type.BasicTypeReference@54e21540
2023-11-24 12:36:46,032 DEBUG o.h.t.BasicTypeRegistry [BasicTypeRegistry.java:401] Adding type registration java.net.URL -> org.hibernate.type.BasicTypeReference@54e21540
2023-11-24 12:36:46,032 DEBUG o.h.t.BasicTypeRegistry [BasicTypeRegistry.java:401] Adding type registration row_version -> org.hibernate.type.BasicTypeReference@56ec31ca
2023-11-24 12:36:46,032 DEBUG o.h.t.BasicTypeRegistry [BasicTypeRegistry.java:376] Adding type registration object -> org.hibernate.type.JavaObjectType@65bbf773
2023-11-24 12:36:46,032 DEBUG o.h.t.BasicTypeRegistry [BasicTypeRegistry.java:376] Adding type registration java.lang.Object -> org.hibernate.type.JavaObjectType@65bbf773
2023-11-24 12:36:46,032 DEBUG o.h.t.BasicTypeRegistry [BasicTypeRegistry.java:376] Adding type registration null -> org.hibernate.type.NullType@3a77f91a
2023-11-24 12:36:46,033 DEBUG o.h.t.BasicTypeRegistry [BasicTypeRegistry.java:401] Adding type registration imm_date -> org.hibernate.type.BasicTypeReference@5e728206
2023-11-24 12:36:46,033 DEBUG o.h.t.BasicTypeRegistry [BasicTypeRegistry.java:401] Adding type registration imm_time -> org.hibernate.type.BasicTypeReference@3caac472
2023-11-24 12:36:46,033 DEBUG o.h.t.BasicTypeRegistry [BasicTypeRegistry.java:401] Adding type registration imm_timestamp -> org.hibernate.type.BasicTypeReference@6d7fda3a
2023-11-24 12:36:46,033 DEBUG o.h.t.BasicTypeRegistry [BasicTypeRegistry.java:401] Adding type registration imm_calendar -> org.hibernate.type.BasicTypeReference@4380b275
2023-11-24 12:36:46,033 DEBUG o.h.t.BasicTypeRegistry [BasicTypeRegistry.java:401] Adding type registration imm_calendar_date -> org.hibernate.type.BasicTypeReference@9287ab1
2023-11-24 12:36:46,033 DEBUG o.h.t.BasicTypeRegistry [BasicTypeRegistry.java:401] Adding type registration imm_calendar_time -> org.hibernate.type.BasicTypeReference@63cba6b2
2023-11-24 12:36:46,033 DEBUG o.h.t.BasicTypeRegistry [BasicTypeRegistry.java:401] Adding type registration imm_binary -> org.hibernate.type.BasicTypeReference@70f60efb
2023-11-24 12:36:46,034 DEBUG o.h.t.BasicTypeRegistry [BasicTypeRegistry.java:401] Adding type registration imm_serializable -> org.hibernate.type.BasicTypeReference@3623198a
2023-11-24 12:36:46,034 TRACE o.h.q.s.f.SqmFunctionRegistry [SqmFunctionRegistry.java:43] SqmFunctionRegistry created
2023-11-24 12:36:46,034 TRACE o.h.s.i.AbstractServiceRegistryImpl [AbstractServiceRegistryImpl.java:235] Initializing service [role=org.hibernate.boot.cfgxml.spi.CfgXmlAccessService]
2023-11-24 12:36:46,035 DEBUG o.h.b.i.BootstrapContextImpl [BootstrapContextImpl.java:291] Injecting JPA temp ClassLoader [org.springframework.instrument.classloading.SimpleThrowawayClassLoader@4254d71b] into BootstrapContext; was [null]
2023-11-24 12:36:46,035 DEBUG o.h.b.i.ClassLoaderAccessImpl [ClassLoaderAccessImpl.java:45] ClassLoaderAccessImpl#injectTempClassLoader(org.springframework.instrument.classloading.SimpleThrowawayClassLoader@4254d71b) [was null]
2023-11-24 12:36:46,035 DEBUG o.h.b.i.BootstrapContextImpl [BootstrapContextImpl.java:301] Injecting ScanEnvironment [org.hibernate.jpa.boot.internal.StandardJpaScanEnvironmentImpl@295887c] into BootstrapContext; was [null]
2023-11-24 12:36:46,035 DEBUG o.h.b.i.BootstrapContextImpl [BootstrapContextImpl.java:296] Injecting ScanOptions [org.hibernate.boot.archive.scan.internal.StandardScanOptions@2c542eed] into BootstrapContext; was [org.hibernate.boot.archive.scan.internal.StandardScanOptions@709c4712]
2023-11-24 12:36:46,037 DEBUG o.h.b.i.BytecodeProviderInitiator [BytecodeProviderInitiator.java:53] HHH000021: Bytecode provider name : bytebuddy
2023-11-24 12:36:46,038 DEBUG o.h.b.i.BootstrapContextImpl [BootstrapContextImpl.java:291] Injecting JPA temp ClassLoader [null] into BootstrapContext; was [org.springframework.instrument.classloading.SimpleThrowawayClassLoader@4254d71b]
2023-11-24 12:36:46,038 DEBUG o.h.b.i.ClassLoaderAccessImpl [ClassLoaderAccessImpl.java:45] ClassLoaderAccessImpl#injectTempClassLoader(null) [was org.springframework.instrument.classloading.SimpleThrowawayClassLoader@4254d71b]
2023-11-24 12:36:46,038 TRACE o.h.s.i.AbstractServiceRegistryImpl [AbstractServiceRegistryImpl.java:235] Initializing service [role=org.hibernate.engine.jdbc.env.spi.JdbcEnvironment]
2023-11-24 12:36:46,038 TRACE o.h.s.i.AbstractServiceRegistryImpl [AbstractServiceRegistryImpl.java:235] Initializing service [role=org.hibernate.engine.jdbc.dialect.spi.DialectFactory]
2023-11-24 12:36:46,039 TRACE o.h.s.i.AbstractServiceRegistryImpl [AbstractServiceRegistryImpl.java:235] Initializing service [role=org.hibernate.engine.jdbc.dialect.spi.DialectResolver]
2023-11-24 12:36:46,040 TRACE o.h.s.i.AbstractServiceRegistryImpl [AbstractServiceRegistryImpl.java:235] Initializing service [role=org.hibernate.engine.jdbc.connections.spi.MultiTenantConnectionProvider]
2023-11-24 12:36:46,040 TRACE o.h.s.i.AbstractServiceRegistryImpl [AbstractServiceRegistryImpl.java:235] Initializing service [role=org.hibernate.engine.jdbc.connections.spi.ConnectionProvider]
2023-11-24 12:36:46,040 TRACE o.h.s.i.AbstractServiceRegistryImpl [AbstractServiceRegistryImpl.java:235] Initializing service [role=org.hibernate.engine.jdbc.connections.spi.MultiTenantConnectionProvider]
2023-11-24 12:36:46,040 TRACE o.h.s.i.AbstractServiceRegistryImpl [AbstractServiceRegistryImpl.java:235] Initializing service [role=org.hibernate.engine.jndi.spi.JndiService]
2023-11-24 12:36:46,040 TRACE o.h.s.i.AbstractServiceRegistryImpl [AbstractServiceRegistryImpl.java:235] Initializing service [role=org.hibernate.resource.transaction.spi.TransactionCoordinatorBuilder]
2023-11-24 12:36:46,041 DEBUG o.h.e.j.e.i.JdbcEnvironmentInitiator [JdbcEnvironmentInitiator.java:286] Database ->
       name : MySQL
    version : 5.5.5-10.11.3-MariaDB-1
      major : 5
      minor : 5
2023-11-24 12:36:46,041 DEBUG o.h.e.j.e.i.JdbcEnvironmentInitiator [JdbcEnvironmentInitiator.java:297] Driver ->
       name : MySQL Connector/J
    version : mysql-connector-java-8.0.19 (Revision: a0ca826f5cdf51a98356fdfb1bf251eb042f80bf)
      major : 8
      minor : 0
2023-11-24 12:36:46,041 DEBUG o.h.e.j.e.i.JdbcEnvironmentInitiator [DelegatingBasicLogger.java:388] JDBC version : 4.2
2023-11-24 12:36:46,043 WARN o.h.d.Dialect [Dialect.java:351] HHH000511: The 5.5.0 version for [org.hibernate.dialect.MySQLDialect] is no longer supported, hence certain features may not work properly. The minimum supported version is 5.7.0. Check the community dialects project for available legacy versions.
2023-11-24 12:36:46,044 DEBUG o.h.o.dialect [DialectFactoryImpl.java:93] HHH035001: Using dialect: org.hibernate.dialect.MySQLDialect, version: 5.5
2023-11-24 12:36:46,045 DEBUG o.h.e.j.e.s.IdentifierHelperBuilder [IdentifierHelperBuilder.java:121] JDBC driver metadata reported database stores quoted identifiers in more than one case
2023-11-24 12:36:46,045 DEBUG o.h.e.j.e.s.IdentifierHelperBuilder [IdentifierHelperBuilder.java:210] IdentifierCaseStrategy for both quoted and unquoted identifiers was set to the same strategy [MIXED]; that will likely lead to problems in schema update and validation if using quoted identifiers
2023-11-24 12:36:46,046 TRACE o.h.e.j.e.i.NormalizingIdentifierHelperImpl [NormalizingIdentifierHelperImpl.java:62] Normalizing identifier quoting [cerepro_test]
2023-11-24 12:36:46,046 TRACE o.h.e.j.e.i.NormalizingIdentifierHelperImpl [NormalizingIdentifierHelperImpl.java:62] Normalizing identifier quoting [null]
2023-11-24 12:36:46,046 TRACE o.h.s.i.AbstractServiceRegistryImpl [AbstractServiceRegistryImpl.java:235] Initializing service [role=org.hibernate.engine.jdbc.spi.JdbcServices]
2023-11-24 12:36:46,046 TRACE o.h.s.i.AbstractServiceRegistryImpl [AbstractServiceRegistryImpl.java:235] Initializing service [role=org.hibernate.engine.jdbc.spi.SqlStatementLogger]
2023-11-24 12:36:46,046 TRACE o.h.s.i.AbstractServiceRegistryImpl [AbstractServiceRegistryImpl.java:235] Initializing service [role=org.hibernate.sql.ast.spi.ParameterMarkerStrategy]
2023-11-24 12:36:46,047 DEBUG o.h.t.d.s.s.DdlTypeRegistry [DdlTypeRegistry.java:63] addDescriptor(12, org.hibernate.type.descriptor.sql.internal.CapacityDependentDdlType@37427465) replaced previous registration(org.hibernate.type.descriptor.sql.internal.CapacityDependentDdlType@25f40148)
2023-11-24 12:36:46,047 DEBUG o.h.t.d.s.s.DdlTypeRegistry [DdlTypeRegistry.java:63] addDescriptor(-9, org.hibernate.type.descriptor.sql.internal.CapacityDependentDdlType@140153f1) replaced previous registration(org.hibernate.type.descriptor.sql.internal.CapacityDependentDdlType@4e03077c)
2023-11-24 12:36:46,047 DEBUG o.h.t.d.s.s.DdlTypeRegistry [DdlTypeRegistry.java:63] addDescriptor(-3, org.hibernate.type.descriptor.sql.internal.CapacityDependentDdlType@6ac6b385) replaced previous registration(org.hibernate.type.descriptor.sql.internal.CapacityDependentDdlType@6fbd01d4)
2023-11-24 12:36:46,048 DEBUG o.h.t.d.s.s.DdlTypeRegistry [DdlTypeRegistry.java:63] addDescriptor(4003, org.hibernate.type.descriptor.sql.internal.DdlTypeImpl@71bd5909) replaced previous registration(org.hibernate.type.descriptor.sql.internal.DdlTypeImpl@27d388a5)
2023-11-24 12:36:46,048 DEBUG o.h.t.d.s.s.DdlTypeRegistry [DdlTypeRegistry.java:63] addDescriptor(4001, org.hibernate.type.descriptor.sql.internal.DdlTypeImpl@78d64d41) replaced previous registration(org.hibernate.type.descriptor.sql.internal.DdlTypeImpl@7f62502e)
2023-11-24 12:36:46,048 DEBUG o.h.t.d.s.s.DdlTypeRegistry [DdlTypeRegistry.java:63] addDescriptor(4002, org.hibernate.type.descriptor.sql.internal.DdlTypeImpl@648c3bda) replaced previous registration(org.hibernate.type.descriptor.sql.internal.DdlTypeImpl@5fa1114e)
2023-11-24 12:36:46,048 DEBUG o.h.t.d.s.s.DdlTypeRegistry [DdlTypeRegistry.java:63] addDescriptor(2004, org.hibernate.type.descriptor.sql.internal.CapacityDependentDdlType@15d7e3be) replaced previous registration(org.hibernate.type.descriptor.sql.internal.DdlTypeImpl@7859320a)
2023-11-24 12:36:46,048 DEBUG o.h.t.d.s.s.DdlTypeRegistry [DdlTypeRegistry.java:63] addDescriptor(2005, org.hibernate.type.descriptor.sql.internal.CapacityDependentDdlType@7d8e9430) replaced previous registration(org.hibernate.type.descriptor.sql.internal.DdlTypeImpl@2af2d1ae)
2023-11-24 12:36:46,049 DEBUG o.h.t.d.s.s.DdlTypeRegistry [DdlTypeRegistry.java:63] addDescriptor(2011, org.hibernate.type.descriptor.sql.internal.CapacityDependentDdlType@120d5d) replaced previous registration(org.hibernate.type.descriptor.sql.internal.DdlTypeImpl@31eaa637)
2023-11-24 12:36:46,049 DEBUG o.h.t.d.j.s.JdbcTypeRegistry [JdbcTypeRegistry.java:56] addDescriptor(NCharTypeDescriptor) replaced previous registration(CharTypeDescriptor)
2023-11-24 12:36:46,049 DEBUG o.h.t.d.j.s.JdbcTypeRegistry [JdbcTypeRegistry.java:56] addDescriptor(NVarcharTypeDescriptor) replaced previous registration(VarcharTypeDescriptor)
2023-11-24 12:36:46,049 DEBUG o.h.t.d.j.s.JdbcTypeRegistry [JdbcTypeRegistry.java:56] addDescriptor(LongNVarcharTypeDescriptor) replaced previous registration(LongVarcharTypeDescriptor)
2023-11-24 12:36:46,050 DEBUG o.h.t.d.j.s.JdbcTypeRegistry [JdbcTypeRegistry.java:56] addDescriptor(NClobTypeDescriptor(DEFAULT)) replaced previous registration(ClobTypeDescriptor(DEFAULT))
2023-11-24 12:36:46,050 DEBUG o.h.t.d.j.s.JdbcTypeRegistry [JdbcTypeRegistry.java:64] addDescriptor(2005, ClobTypeDescriptor(STREAM_BINDING)) replaced previous registration(ClobTypeDescriptor(DEFAULT))
2023-11-24 12:36:46,050 DEBUG o.h.t.BasicTypeRegistry [BasicTypeRegistry.java:376] Adding type registration null -> org.hibernate.type.NullType@38cc9b2e
2023-11-24 12:36:46,051 DEBUG o.h.t.BasicTypeRegistry [BasicTypeRegistry.java:380] Type registration key [null] overrode previous entry : `org.hibernate.type.NullType@3a77f91a`
2023-11-24 12:36:46,051 DEBUG o.h.t.BasicTypeRegistry [BasicTypeRegistry.java:376] Adding type registration Duration -> basicType@58(java.time.Duration,2)
2023-11-24 12:36:46,051 DEBUG o.h.t.BasicTypeRegistry [BasicTypeRegistry.java:376] Adding type registration java.time.Duration -> basicType@58(java.time.Duration,2)
2023-11-24 12:36:46,051 DEBUG o.h.t.BasicTypeRegistry [BasicTypeRegistry.java:376] Adding type registration org.hibernate.type.OffsetDateTimeType -> basicType@59(java.time.OffsetDateTime,3003)
2023-11-24 12:36:46,052 DEBUG o.h.t.BasicTypeRegistry [BasicTypeRegistry.java:376] Adding type registration OffsetDateTime -> basicType@59(java.time.OffsetDateTime,3003)
2023-11-24 12:36:46,052 DEBUG o.h.t.BasicTypeRegistry [BasicTypeRegistry.java:376] Adding type registration java.time.OffsetDateTime -> basicType@59(java.time.OffsetDateTime,3003)
2023-11-24 12:36:46,052 DEBUG o.h.t.BasicTypeRegistry [BasicTypeRegistry.java:376] Adding type registration org.hibernate.type.ZonedDateTimeType -> basicType@60(java.time.ZonedDateTime,3003)
2023-11-24 12:36:46,052 DEBUG o.h.t.BasicTypeRegistry [BasicTypeRegistry.java:376] Adding type registration ZonedDateTime -> basicType@60(java.time.ZonedDateTime,3003)
2023-11-24 12:36:46,052 DEBUG o.h.t.BasicTypeRegistry [BasicTypeRegistry.java:376] Adding type registration java.time.ZonedDateTime -> basicType@60(java.time.ZonedDateTime,3003)
2023-11-24 12:36:46,053 DEBUG o.h.t.BasicTypeRegistry [BasicTypeRegistry.java:376] Adding type registration org.hibernate.type.OffsetTimeType -> basicType@61(java.time.OffsetTime,3007)
2023-11-24 12:36:46,053 DEBUG o.h.t.BasicTypeRegistry [BasicTypeRegistry.java:376] Adding type registration OffsetTime -> basicType@61(java.time.OffsetTime,3007)
2023-11-24 12:36:46,053 DEBUG o.h.t.BasicTypeRegistry [BasicTypeRegistry.java:376] Adding type registration java.time.OffsetTime -> basicType@61(java.time.OffsetTime,3007)
2023-11-24 12:36:46,053 DEBUG o.h.t.s.TypeConfiguration$Scope [TypeConfiguration.java:191] Scoping TypeConfiguration [org.hibernate.type.spi.TypeConfiguration@40f4238] to MetadataBuildingContext [org.hibernate.boot.internal.MetadataBuildingContextRootImpl@14e7cf01]
2023-11-24 12:36:46,054 DEBUG o.h.b.m.r.Namespace [Namespace.java:64] Created database namespace [logicalName=Name{catalog=null, schema=null}, physicalName=Name{catalog=null, schema=null}]
2023-11-24 12:36:46,055 DEBUG o.h.b.m.i.EntityBinder [EntityBinder.java:206] Binding entity from annotated class: franco.maurizio.hr.desk.com.persistence.entity.Survey
2023-11-24 12:36:46,055 DEBUG o.h.b.m.i.EntityBinder [EntityBinder.java:1224] Import with entity name Survey
2023-11-24 12:36:46,056 TRACE o.h.b.i.InFlightMetadataCollectorImpl [InFlightMetadataCollectorImpl.java:878] Import: Survey -> franco.maurizio.hr.desk.com.persistence.entity.Survey
2023-11-24 12:36:46,056 TRACE o.h.b.i.InFlightMetadataCollectorImpl [InFlightMetadataCollectorImpl.java:878] Import: franco.maurizio.hr.desk.com.persistence.entity.Survey -> franco.maurizio.hr.desk.com.persistence.entity.Survey
2023-11-24 12:36:46,056 TRACE o.h.e.j.e.i.NormalizingIdentifierHelperImpl [NormalizingIdentifierHelperImpl.java:62] Normalizing identifier quoting [surveys]
2023-11-24 12:36:46,056 TRACE o.h.e.j.e.i.NormalizingIdentifierHelperImpl [NormalizingIdentifierHelperImpl.java:62] Normalizing identifier quoting [surveys]
2023-11-24 12:36:46,057 DEBUG o.h.b.m.i.EntityBinder [EntityBinder.java:1769] Bind entity franco.maurizio.hr.desk.com.persistence.entity.Survey on table surveys
2023-11-24 12:36:46,057 TRACE o.h.e.j.e.i.NormalizingIdentifierHelperImpl [NormalizingIdentifierHelperImpl.java:62] Normalizing identifier quoting [DTYPE]
2023-11-24 12:36:46,057 DEBUG o.h.b.m.i.AnnotatedColumn [AnnotatedColumn.java:249] Binding column: AnnotatedDiscriminatorColumn(column='DTYPE')
2023-11-24 12:36:46,059 TRACE o.h.b.m.i.PropertyBinder [PropertyBinder.java:695] Processing annotations of franco.maurizio.hr.desk.com.persistence.entity.Survey.id
2023-11-24 12:36:46,059 TRACE o.h.e.j.e.i.NormalizingIdentifierHelperImpl [NormalizingIdentifierHelperImpl.java:62] Normalizing identifier quoting [id]
2023-11-24 12:36:46,060 TRACE o.h.e.j.e.i.NormalizingIdentifierHelperImpl [NormalizingIdentifierHelperImpl.java:62] Normalizing identifier quoting [id]
2023-11-24 12:36:46,060 DEBUG o.h.b.m.i.AnnotatedColumn [AnnotatedColumn.java:249] Binding column: AnnotatedColumn(column='id')
2023-11-24 12:36:46,060 DEBUG o.h.b.i.ClassLoaderAccessImpl [ClassLoaderAccessImpl.java:60] Not known whether passed class name [franco.maurizio.hr.desk.com.persistence.entity.Survey] is safe
2023-11-24 12:36:46,061 DEBUG o.h.b.i.ClassLoaderAccessImpl [ClassLoaderAccessImpl.java:62] No temp ClassLoader provided; using live ClassLoader for loading potentially unsafe class : franco.maurizio.hr.desk.com.persistence.entity.Survey
2023-11-24 12:36:46,061 DEBUG o.h.b.m.i.PropertyBinder [PropertyBinder.java:251] MetadataSourceProcessor property id with lazy=false
2023-11-24 12:36:46,061 DEBUG o.h.b.m.i.AbstractPropertyHolder [AbstractPropertyHolder.java:107] Attempting to locate auto-apply AttributeConverter for property [franco.maurizio.hr.desk.com.persistence.entity.Survey:id]
2023-11-24 12:36:46,061 DEBUG o.h.b.m.i.BasicValueBinder [BasicValueBinder.java:1196] building BasicValue for id
2023-11-24 12:36:46,062 DEBUG o.h.m.BasicValue [BasicValue.java:259] Skipping column re-registration: surveys.id
2023-11-24 12:36:46,062 TRACE o.h.e.j.e.i.NormalizingIdentifierHelperImpl [NormalizingIdentifierHelperImpl.java:62] Normalizing identifier quoting [id]
2023-11-24 12:36:46,062 DEBUG o.h.b.m.i.PropertyBinder [PropertyBinder.java:391] Building property id
2023-11-24 12:36:46,062 TRACE o.h.b.m.i.PropertyBinder [PropertyBinder.java:407] Cascading id with null
2023-11-24 12:36:46,063 DEBUG o.h.b.m.i.BinderHelper [GeneratorBinder.java:73] #makeIdGenerator(BasicValue([Column(id)]), id, identity, , ...)
2023-11-24 12:36:46,063 TRACE o.h.b.m.i.PropertyBinder [PropertyBinder.java:1327] Bind @Id on id
2023-11-24 12:36:46,063 TRACE o.h.b.m.i.PropertyBinder [PropertyBinder.java:695] Processing annotations of franco.maurizio.hr.desk.com.persistence.entity.Survey.description
2023-11-24 12:36:46,063 TRACE o.h.e.j.e.i.NormalizingIdentifierHelperImpl [NormalizingIdentifierHelperImpl.java:62] Normalizing identifier quoting [description]
2023-11-24 12:36:46,064 TRACE o.h.e.j.e.i.NormalizingIdentifierHelperImpl [NormalizingIdentifierHelperImpl.java:62] Normalizing identifier quoting [description]
2023-11-24 12:36:46,064 DEBUG o.h.b.m.i.AnnotatedColumn [AnnotatedColumn.java:249] Binding column: AnnotatedColumn(column='description')
2023-11-24 12:36:46,064 DEBUG o.h.b.m.i.PropertyBinder [PropertyBinder.java:251] MetadataSourceProcessor property description with lazy=false
2023-11-24 12:36:46,065 DEBUG o.h.b.m.i.AbstractPropertyHolder [AbstractPropertyHolder.java:107] Attempting to locate auto-apply AttributeConverter for property [franco.maurizio.hr.desk.com.persistence.entity.Survey:description]
2023-11-24 12:36:46,065 DEBUG o.h.b.m.i.BasicValueBinder [BasicValueBinder.java:1196] building BasicValue for description
2023-11-24 12:36:46,065 DEBUG o.h.m.BasicValue [BasicValue.java:259] Skipping column re-registration: surveys.description
2023-11-24 12:36:46,065 TRACE o.h.e.j.e.i.NormalizingIdentifierHelperImpl [NormalizingIdentifierHelperImpl.java:62] Normalizing identifier quoting [description]
2023-11-24 12:36:46,066 DEBUG o.h.b.m.i.PropertyBinder [PropertyBinder.java:391] Building property description
2023-11-24 12:36:46,066 TRACE o.h.b.m.i.PropertyBinder [PropertyBinder.java:407] Cascading description with null
2023-11-24 12:36:46,066 TRACE o.h.b.m.i.PropertyBinder [PropertyBinder.java:695] Processing annotations of franco.maurizio.hr.desk.com.persistence.entity.Survey.label
2023-11-24 12:36:46,066 TRACE o.h.e.j.e.i.NormalizingIdentifierHelperImpl [NormalizingIdentifierHelperImpl.java:62] Normalizing identifier quoting [label]
2023-11-24 12:36:46,067 TRACE o.h.e.j.e.i.NormalizingIdentifierHelperImpl [NormalizingIdentifierHelperImpl.java:62] Normalizing identifier quoting [label]
2023-11-24 12:36:46,067 DEBUG o.h.b.m.i.AnnotatedColumn [AnnotatedColumn.java:249] Binding column: AnnotatedColumn(column='label')
2023-11-24 12:36:46,067 DEBUG o.h.b.m.i.PropertyBinder [PropertyBinder.java:251] MetadataSourceProcessor property label with lazy=false
2023-11-24 12:36:46,068 DEBUG o.h.b.m.i.AbstractPropertyHolder [AbstractPropertyHolder.java:107] Attempting to locate auto-apply AttributeConverter for property [franco.maurizio.hr.desk.com.persistence.entity.Survey:label]
2023-11-24 12:36:46,068 DEBUG o.h.b.m.i.BasicValueBinder [BasicValueBinder.java:1196] building BasicValue for label
2023-11-24 12:36:46,068 DEBUG o.h.m.BasicValue [BasicValue.java:259] Skipping column re-registration: surveys.label
2023-11-24 12:36:46,068 TRACE o.h.e.j.e.i.NormalizingIdentifierHelperImpl [NormalizingIdentifierHelperImpl.java:62] Normalizing identifier quoting [label]
2023-11-24 12:36:46,069 DEBUG o.h.b.m.i.PropertyBinder [PropertyBinder.java:391] Building property label
2023-11-24 12:36:46,069 TRACE o.h.b.m.i.PropertyBinder [PropertyBinder.java:407] Cascading label with null
2023-11-24 12:36:46,069 TRACE o.h.b.m.i.PropertyBinder [PropertyBinder.java:695] Processing annotations of franco.maurizio.hr.desk.com.persistence.entity.Survey.time
2023-11-24 12:36:46,069 TRACE o.h.e.j.e.i.NormalizingIdentifierHelperImpl [NormalizingIdentifierHelperImpl.java:62] Normalizing identifier quoting [time]
2023-11-24 12:36:46,070 TRACE o.h.e.j.e.i.NormalizingIdentifierHelperImpl [NormalizingIdentifierHelperImpl.java:62] Normalizing identifier quoting [time]
2023-11-24 12:36:46,070 DEBUG o.h.b.m.i.AnnotatedColumn [AnnotatedColumn.java:249] Binding column: AnnotatedColumn(column='time')
2023-11-24 12:36:46,070 DEBUG o.h.b.m.i.PropertyBinder [PropertyBinder.java:251] MetadataSourceProcessor property time with lazy=false
2023-11-24 12:36:46,070 DEBUG o.h.b.m.i.AbstractPropertyHolder [AbstractPropertyHolder.java:107] Attempting to locate auto-apply AttributeConverter for property [franco.maurizio.hr.desk.com.persistence.entity.Survey:time]
2023-11-24 12:36:46,071 DEBUG o.h.b.m.i.BasicValueBinder [BasicValueBinder.java:1196] building BasicValue for time
2023-11-24 12:36:46,071 DEBUG o.h.m.BasicValue [BasicValue.java:259] Skipping column re-registration: surveys.time
2023-11-24 12:36:46,071 TRACE o.h.e.j.e.i.NormalizingIdentifierHelperImpl [NormalizingIdentifierHelperImpl.java:62] Normalizing identifier quoting [time]
2023-11-24 12:36:46,071 DEBUG o.h.b.m.i.PropertyBinder [PropertyBinder.java:391] Building property time
2023-11-24 12:36:46,071 TRACE o.h.b.m.i.PropertyBinder [PropertyBinder.java:407] Cascading time with null
2023-11-24 12:36:46,072 DEBUG o.h.b.m.i.EntityBinder [EntityBinder.java:206] Binding entity from annotated class: franco.maurizio.hr.desk.com.persistence.entity.CandidateSurveyToken
2023-11-24 12:36:46,073 DEBUG o.h.b.m.i.EntityBinder [EntityBinder.java:1224] Import with entity name CandidateSurveyToken
2023-11-24 12:36:46,073 TRACE o.h.b.i.InFlightMetadataCollectorImpl [InFlightMetadataCollectorImpl.java:878] Import: CandidateSurveyToken -> franco.maurizio.hr.desk.com.persistence.entity.CandidateSurveyToken
2023-11-24 12:36:46,073 TRACE o.h.b.i.InFlightMetadataCollectorImpl [InFlightMetadataCollectorImpl.java:878] Import: franco.maurizio.hr.desk.com.persistence.entity.CandidateSurveyToken -> franco.maurizio.hr.desk.com.persistence.entity.CandidateSurveyToken
2023-11-24 12:36:46,074 TRACE o.h.e.j.e.i.NormalizingIdentifierHelperImpl [NormalizingIdentifierHelperImpl.java:62] Normalizing identifier quoting [candidatesurveytokens]
2023-11-24 12:36:46,074 TRACE o.h.e.j.e.i.NormalizingIdentifierHelperImpl [NormalizingIdentifierHelperImpl.java:62] Normalizing identifier quoting [candidatesurveytokens]
2023-11-24 12:36:46,074 DEBUG o.h.b.m.i.EntityBinder [EntityBinder.java:1769] Bind entity franco.maurizio.hr.desk.com.persistence.entity.CandidateSurveyToken on table candidatesurveytokens
2023-11-24 12:36:46,075 TRACE o.h.e.j.e.i.NormalizingIdentifierHelperImpl [NormalizingIdentifierHelperImpl.java:62] Normalizing identifier quoting [DTYPE]
2023-11-24 12:36:46,075 DEBUG o.h.b.m.i.AnnotatedColumn [AnnotatedColumn.java:249] Binding column: AnnotatedDiscriminatorColumn(column='DTYPE')
2023-11-24 12:36:46,075 TRACE o.h.b.m.i.PropertyBinder [PropertyBinder.java:695] Processing annotations of franco.maurizio.hr.desk.com.persistence.entity.CandidateSurveyToken.id
2023-11-24 12:36:46,076 TRACE o.h.e.j.e.i.NormalizingIdentifierHelperImpl [NormalizingIdentifierHelperImpl.java:62] Normalizing identifier quoting [id]
2023-11-24 12:36:46,076 TRACE o.h.e.j.e.i.NormalizingIdentifierHelperImpl [NormalizingIdentifierHelperImpl.java:62] Normalizing identifier quoting [id]
2023-11-24 12:36:46,076 DEBUG o.h.b.m.i.AnnotatedColumn [AnnotatedColumn.java:249] Binding column: AnnotatedColumn()
2023-11-24 12:36:46,077 DEBUG o.h.b.i.ClassLoaderAccessImpl [ClassLoaderAccessImpl.java:60] Not known whether passed class name [franco.maurizio.hr.desk.com.persistence.entity.CandidateSurveyToken] is safe
2023-11-24 12:36:46,077 DEBUG o.h.b.i.ClassLoaderAccessImpl [ClassLoaderAccessImpl.java:62] No temp ClassLoader provided; using live ClassLoader for loading potentially unsafe class : franco.maurizio.hr.desk.com.persistence.entity.CandidateSurveyToken
2023-11-24 12:36:46,077 DEBUG o.h.b.m.i.PropertyBinder [PropertyBinder.java:251] MetadataSourceProcessor property id with lazy=false
2023-11-24 12:36:46,077 DEBUG o.h.b.m.i.AbstractPropertyHolder [AbstractPropertyHolder.java:107] Attempting to locate auto-apply AttributeConverter for property [franco.maurizio.hr.desk.com.persistence.entity.CandidateSurveyToken:id]
2023-11-24 12:36:46,077 DEBUG o.h.b.m.i.BasicValueBinder [BasicValueBinder.java:1196] building BasicValue for id
2023-11-24 12:36:46,077 DEBUG o.h.m.BasicValue [BasicValue.java:259] Skipping column re-registration: candidatesurveytokens.id
2023-11-24 12:36:46,077 TRACE o.h.e.j.e.i.NormalizingIdentifierHelperImpl [NormalizingIdentifierHelperImpl.java:62] Normalizing identifier quoting [id]
2023-11-24 12:36:46,078 TRACE o.h.e.j.e.i.NormalizingIdentifierHelperImpl [NormalizingIdentifierHelperImpl.java:62] Normalizing identifier quoting [id]
2023-11-24 12:36:46,078 TRACE o.h.e.j.e.i.NormalizingIdentifierHelperImpl [NormalizingIdentifierHelperImpl.java:62] Normalizing identifier quoting [id]
2023-11-24 12:36:46,078 DEBUG o.h.b.m.i.PropertyBinder [PropertyBinder.java:391] Building property id
2023-11-24 12:36:46,078 TRACE o.h.b.m.i.PropertyBinder [PropertyBinder.java:407] Cascading id with null
2023-11-24 12:36:46,078 DEBUG o.h.b.m.i.BinderHelper [GeneratorBinder.java:73] #makeIdGenerator(BasicValue([Column(id)]), id, identity, , ...)
2023-11-24 12:36:46,078 TRACE o.h.b.m.i.PropertyBinder [PropertyBinder.java:1327] Bind @Id on id
2023-11-24 12:36:46,078 TRACE o.h.b.m.i.PropertyBinder [PropertyBinder.java:695] Processing annotations of franco.maurizio.hr.desk.com.persistence.entity.CandidateSurveyToken.candidateId
2023-11-24 12:36:46,079 TRACE o.h.e.j.e.i.NormalizingIdentifierHelperImpl [NormalizingIdentifierHelperImpl.java:62] Normalizing identifier quoting [candidateId]
2023-11-24 12:36:46,079 TRACE o.h.e.j.e.i.NormalizingIdentifierHelperImpl [NormalizingIdentifierHelperImpl.java:62] Normalizing identifier quoting [candidateId]
2023-11-24 12:36:46,079 DEBUG o.h.b.m.i.AnnotatedColumn [AnnotatedColumn.java:249] Binding column: AnnotatedColumn()
2023-11-24 12:36:46,079 DEBUG o.h.b.m.i.PropertyBinder [PropertyBinder.java:251] MetadataSourceProcessor property candidateId with lazy=false
2023-11-24 12:36:46,079 DEBUG o.h.b.m.i.AbstractPropertyHolder [AbstractPropertyHolder.java:107] Attempting to locate auto-apply AttributeConverter for property [franco.maurizio.hr.desk.com.persistence.entity.CandidateSurveyToken:candidateId]
2023-11-24 12:36:46,079 DEBUG o.h.b.m.i.BasicValueBinder [BasicValueBinder.java:1196] building BasicValue for candidateId
2023-11-24 12:36:46,079 DEBUG o.h.m.BasicValue [BasicValue.java:259] Skipping column re-registration: candidatesurveytokens.candidate_id
2023-11-24 12:36:46,079 TRACE o.h.e.j.e.i.NormalizingIdentifierHelperImpl [NormalizingIdentifierHelperImpl.java:62] Normalizing identifier quoting [candidateId]
2023-11-24 12:36:46,080 TRACE o.h.e.j.e.i.NormalizingIdentifierHelperImpl [NormalizingIdentifierHelperImpl.java:62] Normalizing identifier quoting [candidateId]
2023-11-24 12:36:46,080 TRACE o.h.e.j.e.i.NormalizingIdentifierHelperImpl [NormalizingIdentifierHelperImpl.java:62] Normalizing identifier quoting [candidateId]
2023-11-24 12:36:46,080 DEBUG o.h.b.m.i.PropertyBinder [PropertyBinder.java:391] Building property candidateId
2023-11-24 12:36:46,080 TRACE o.h.b.m.i.PropertyBinder [PropertyBinder.java:407] Cascading candidateId with null
2023-11-24 12:36:46,080 TRACE o.h.b.m.i.PropertyBinder [PropertyBinder.java:695] Processing annotations of franco.maurizio.hr.desk.com.persistence.entity.CandidateSurveyToken.expirationDateTime
2023-11-24 12:36:46,080 TRACE o.h.e.j.e.i.NormalizingIdentifierHelperImpl [NormalizingIdentifierHelperImpl.java:62] Normalizing identifier quoting [expirationDateTime]
2023-11-24 12:36:46,080 TRACE o.h.e.j.e.i.NormalizingIdentifierHelperImpl [NormalizingIdentifierHelperImpl.java:62] Normalizing identifier quoting [expirationDateTime]
2023-11-24 12:36:46,080 DEBUG o.h.b.m.i.AnnotatedColumn [AnnotatedColumn.java:249] Binding column: AnnotatedColumn()
2023-11-24 12:36:46,081 DEBUG o.h.b.m.i.PropertyBinder [PropertyBinder.java:251] MetadataSourceProcessor property expirationDateTime with lazy=false
2023-11-24 12:36:46,081 DEBUG o.h.b.m.i.AbstractPropertyHolder [AbstractPropertyHolder.java:107] Attempting to locate auto-apply AttributeConverter for property [franco.maurizio.hr.desk.com.persistence.entity.CandidateSurveyToken:expirationDateTime]
2023-11-24 12:36:46,081 DEBUG o.h.b.m.i.BasicValueBinder [BasicValueBinder.java:1196] building BasicValue for expirationDateTime
2023-11-24 12:36:46,081 DEBUG o.h.m.BasicValue [BasicValue.java:259] Skipping column re-registration: candidatesurveytokens.expiration_date_time
2023-11-24 12:36:46,081 TRACE o.h.e.j.e.i.NormalizingIdentifierHelperImpl [NormalizingIdentifierHelperImpl.java:62] Normalizing identifier quoting [expirationDateTime]
2023-11-24 12:36:46,081 TRACE o.h.e.j.e.i.NormalizingIdentifierHelperImpl [NormalizingIdentifierHelperImpl.java:62] Normalizing identifier quoting [expirationDateTime]
2023-11-24 12:36:46,081 TRACE o.h.e.j.e.i.NormalizingIdentifierHelperImpl [NormalizingIdentifierHelperImpl.java:62] Normalizing identifier quoting [expirationDateTime]
2023-11-24 12:36:46,081 DEBUG o.h.b.m.i.PropertyBinder [PropertyBinder.java:391] Building property expirationDateTime
2023-11-24 12:36:46,082 TRACE o.h.b.m.i.PropertyBinder [PropertyBinder.java:407] Cascading expirationDateTime with null
2023-11-24 12:36:46,082 TRACE o.h.b.m.i.PropertyBinder [PropertyBinder.java:695] Processing annotations of franco.maurizio.hr.desk.com.persistence.entity.CandidateSurveyToken.expired
2023-11-24 12:36:46,082 TRACE o.h.e.j.e.i.NormalizingIdentifierHelperImpl [NormalizingIdentifierHelperImpl.java:62] Normalizing identifier quoting [expired]
2023-11-24 12:36:46,082 TRACE o.h.e.j.e.i.NormalizingIdentifierHelperImpl [NormalizingIdentifierHelperImpl.java:62] Normalizing identifier quoting [expired]
2023-11-24 12:36:46,082 DEBUG o.h.b.m.i.AnnotatedColumn [AnnotatedColumn.java:249] Binding column: AnnotatedColumn()
2023-11-24 12:36:46,082 DEBUG o.h.b.m.i.PropertyBinder [PropertyBinder.java:251] MetadataSourceProcessor property expired with lazy=false
2023-11-24 12:36:46,082 DEBUG o.h.b.m.i.AbstractPropertyHolder [AbstractPropertyHolder.java:107] Attempting to locate auto-apply AttributeConverter for property [franco.maurizio.hr.desk.com.persistence.entity.CandidateSurveyToken:expired]
2023-11-24 12:36:46,082 DEBUG o.h.b.m.i.BasicValueBinder [BasicValueBinder.java:1196] building BasicValue for expired
2023-11-24 12:36:46,083 DEBUG o.h.m.BasicValue [BasicValue.java:259] Skipping column re-registration: candidatesurveytokens.expired
2023-11-24 12:36:46,083 TRACE o.h.e.j.e.i.NormalizingIdentifierHelperImpl [NormalizingIdentifierHelperImpl.java:62] Normalizing identifier quoting [expired]
2023-11-24 12:36:46,083 TRACE o.h.e.j.e.i.NormalizingIdentifierHelperImpl [NormalizingIdentifierHelperImpl.java:62] Normalizing identifier quoting [expired]
2023-11-24 12:36:46,083 TRACE o.h.e.j.e.i.NormalizingIdentifierHelperImpl [NormalizingIdentifierHelperImpl.java:62] Normalizing identifier quoting [expired]
2023-11-24 12:36:46,083 DEBUG o.h.b.m.i.PropertyBinder [PropertyBinder.java:391] Building property expired
2023-11-24 12:36:46,083 TRACE o.h.b.m.i.PropertyBinder [PropertyBinder.java:407] Cascading expired with null
2023-11-24 12:36:46,083 TRACE o.h.b.m.i.PropertyBinder [PropertyBinder.java:695] Processing annotations of franco.maurizio.hr.desk.com.persistence.entity.CandidateSurveyToken.generatedToken
2023-11-24 12:36:46,083 TRACE o.h.e.j.e.i.NormalizingIdentifierHelperImpl [NormalizingIdentifierHelperImpl.java:62] Normalizing identifier quoting [generatedToken]
2023-11-24 12:36:46,083 TRACE o.h.e.j.e.i.NormalizingIdentifierHelperImpl [NormalizingIdentifierHelperImpl.java:62] Normalizing identifier quoting [generatedToken]
2023-11-24 12:36:46,084 DEBUG o.h.b.m.i.AnnotatedColumn [AnnotatedColumn.java:249] Binding column: AnnotatedColumn()
2023-11-24 12:36:46,084 DEBUG o.h.b.m.i.PropertyBinder [PropertyBinder.java:251] MetadataSourceProcessor property generatedToken with lazy=false
2023-11-24 12:36:46,084 DEBUG o.h.b.m.i.AbstractPropertyHolder [AbstractPropertyHolder.java:107] Attempting to locate auto-apply AttributeConverter for property [franco.maurizio.hr.desk.com.persistence.entity.CandidateSurveyToken:generatedToken]
2023-11-24 12:36:46,084 DEBUG o.h.b.m.i.BasicValueBinder [BasicValueBinder.java:1196] building BasicValue for generatedToken
2023-11-24 12:36:46,084 DEBUG o.h.m.BasicValue [BasicValue.java:259] Skipping column re-registration: candidatesurveytokens.generated_token
2023-11-24 12:36:46,084 TRACE o.h.e.j.e.i.NormalizingIdentifierHelperImpl [NormalizingIdentifierHelperImpl.java:62] Normalizing identifier quoting [generatedToken]
2023-11-24 12:36:46,084 TRACE o.h.e.j.e.i.NormalizingIdentifierHelperImpl [NormalizingIdentifierHelperImpl.java:62] Normalizing identifier quoting [generatedToken]
2023-11-24 12:36:46,085 TRACE o.h.e.j.e.i.NormalizingIdentifierHelperImpl [NormalizingIdentifierHelperImpl.java:62] Normalizing identifier quoting [generatedToken]
2023-11-24 12:36:46,085 DEBUG o.h.b.m.i.PropertyBinder [PropertyBinder.java:391] Building property generatedToken
2023-11-24 12:36:46,085 TRACE o.h.b.m.i.PropertyBinder [PropertyBinder.java:407] Cascading generatedToken with null
2023-11-24 12:36:46,085 TRACE o.h.b.m.i.PropertyBinder [PropertyBinder.java:695] Processing annotations of franco.maurizio.hr.desk.com.persistence.entity.CandidateSurveyToken.surveyId
2023-11-24 12:36:46,085 TRACE o.h.e.j.e.i.NormalizingIdentifierHelperImpl [NormalizingIdentifierHelperImpl.java:62] Normalizing identifier quoting [surveyId]
2023-11-24 12:36:46,085 TRACE o.h.e.j.e.i.NormalizingIdentifierHelperImpl [NormalizingIdentifierHelperImpl.java:62] Normalizing identifier quoting [surveyId]
2023-11-24 12:36:46,085 DEBUG o.h.b.m.i.AnnotatedColumn [AnnotatedColumn.java:249] Binding column: AnnotatedColumn()
2023-11-24 12:36:46,086 DEBUG o.h.b.m.i.PropertyBinder [PropertyBinder.java:251] MetadataSourceProcessor property surveyId with lazy=false
2023-11-24 12:36:46,086 DEBUG o.h.b.m.i.AbstractPropertyHolder [AbstractPropertyHolder.java:107] Attempting to locate auto-apply AttributeConverter for property [franco.maurizio.hr.desk.com.persistence.entity.CandidateSurveyToken:surveyId]
2023-11-24 12:36:46,086 DEBUG o.h.b.m.i.BasicValueBinder [BasicValueBinder.java:1196] building BasicValue for surveyId
2023-11-24 12:36:46,086 DEBUG o.h.m.BasicValue [BasicValue.java:259] Skipping column re-registration: candidatesurveytokens.survey_id
2023-11-24 12:36:46,086 TRACE o.h.e.j.e.i.NormalizingIdentifierHelperImpl [NormalizingIdentifierHelperImpl.java:62] Normalizing identifier quoting [surveyId]
2023-11-24 12:36:46,086 TRACE o.h.e.j.e.i.NormalizingIdentifierHelperImpl [NormalizingIdentifierHelperImpl.java:62] Normalizing identifier quoting [surveyId]
2023-11-24 12:36:46,087 TRACE o.h.e.j.e.i.NormalizingIdentifierHelperImpl [NormalizingIdentifierHelperImpl.java:62] Normalizing identifier quoting [surveyId]
2023-11-24 12:36:46,087 DEBUG o.h.b.m.i.PropertyBinder [PropertyBinder.java:391] Building property surveyId
2023-11-24 12:36:46,087 TRACE o.h.b.m.i.PropertyBinder [PropertyBinder.java:407] Cascading surveyId with null
2023-11-24 12:36:46,088 DEBUG o.h.b.m.i.EntityBinder [EntityBinder.java:206] Binding entity from annotated class: franco.maurizio.hr.desk.com.persistence.entity.CandidateStates
2023-11-24 12:36:46,088 DEBUG o.h.b.m.i.EntityBinder [EntityBinder.java:1224] Import with entity name CandidateStates
2023-11-24 12:36:46,089 TRACE o.h.b.i.InFlightMetadataCollectorImpl [InFlightMetadataCollectorImpl.java:878] Import: CandidateStates -> franco.maurizio.hr.desk.com.persistence.entity.CandidateStates
2023-11-24 12:36:46,089 TRACE o.h.b.i.InFlightMetadataCollectorImpl [InFlightMetadataCollectorImpl.java:878] Import: franco.maurizio.hr.desk.com.persistence.entity.CandidateStates -> franco.maurizio.hr.desk.com.persistence.entity.CandidateStates
2023-11-24 12:36:46,089 TRACE o.h.e.j.e.i.NormalizingIdentifierHelperImpl [NormalizingIdentifierHelperImpl.java:62] Normalizing identifier quoting [candidate_states]
2023-11-24 12:36:46,089 TRACE o.h.e.j.e.i.NormalizingIdentifierHelperImpl [NormalizingIdentifierHelperImpl.java:62] Normalizing identifier quoting [candidate_states]
2023-11-24 12:36:46,089 DEBUG o.h.b.m.i.EntityBinder [EntityBinder.java:1769] Bind entity franco.maurizio.hr.desk.com.persistence.entity.CandidateStates on table candidate_states
2023-11-24 12:36:46,090 TRACE o.h.e.j.e.i.NormalizingIdentifierHelperImpl [NormalizingIdentifierHelperImpl.java:62] Normalizing identifier quoting [DTYPE]
2023-11-24 12:36:46,090 DEBUG o.h.b.m.i.AnnotatedColumn [AnnotatedColumn.java:249] Binding column: AnnotatedDiscriminatorColumn(column='DTYPE')
2023-11-24 12:36:46,091 TRACE o.h.b.m.i.PropertyBinder [PropertyBinder.java:695] Processing annotations of franco.maurizio.hr.desk.com.persistence.entity.CandidateStates.id
2023-11-24 12:36:46,091 TRACE o.h.e.j.e.i.NormalizingIdentifierHelperImpl [NormalizingIdentifierHelperImpl.java:62] Normalizing identifier quoting [id]
2023-11-24 12:36:46,091 TRACE o.h.e.j.e.i.NormalizingIdentifierHelperImpl [NormalizingIdentifierHelperImpl.java:62] Normalizing identifier quoting [id]
2023-11-24 12:36:46,092 DEBUG o.h.b.m.i.AnnotatedColumn [AnnotatedColumn.java:249] Binding column: AnnotatedColumn(column='id')
2023-11-24 12:36:46,092 DEBUG o.h.b.i.ClassLoaderAccessImpl [ClassLoaderAccessImpl.java:60] Not known whether passed class name [franco.maurizio.hr.desk.com.persistence.entity.CandidateStates] is safe
2023-11-24 12:36:46,092 DEBUG o.h.b.i.ClassLoaderAccessImpl [ClassLoaderAccessImpl.java:62] No temp ClassLoader provided; using live ClassLoader for loading potentially unsafe class : franco.maurizio.hr.desk.com.persistence.entity.CandidateStates
2023-11-24 12:36:46,092 DEBUG o.h.b.m.i.PropertyBinder [PropertyBinder.java:251] MetadataSourceProcessor property id with lazy=false
2023-11-24 12:36:46,092 DEBUG o.h.b.m.i.AbstractPropertyHolder [AbstractPropertyHolder.java:107] Attempting to locate auto-apply AttributeConverter for property [franco.maurizio.hr.desk.com.persistence.entity.CandidateStates:id]
2023-11-24 12:36:46,093 DEBUG o.h.b.m.i.BasicValueBinder [BasicValueBinder.java:1196] building BasicValue for id
2023-11-24 12:36:46,093 DEBUG o.h.m.BasicValue [BasicValue.java:259] Skipping column re-registration: candidate_states.id
2023-11-24 12:36:46,093 TRACE o.h.e.j.e.i.NormalizingIdentifierHelperImpl [NormalizingIdentifierHelperImpl.java:62] Normalizing identifier quoting [id]
2023-11-24 12:36:46,093 DEBUG o.h.b.m.i.PropertyBinder [PropertyBinder.java:391] Building property id
2023-11-24 12:36:46,093 TRACE o.h.b.m.i.PropertyBinder [PropertyBinder.java:407] Cascading id with null
2023-11-24 12:36:46,094 DEBUG o.h.b.m.i.BinderHelper [GeneratorBinder.java:73] #makeIdGenerator(BasicValue([Column(id)]), id, identity, , ...)
2023-11-24 12:36:46,094 TRACE o.h.b.m.i.PropertyBinder [PropertyBinder.java:1327] Bind @Id on id
2023-11-24 12:36:46,094 TRACE o.h.b.m.i.PropertyBinder [PropertyBinder.java:695] Processing annotations of franco.maurizio.hr.desk.com.persistence.entity.CandidateStates.roleId
2023-11-24 12:36:46,094 TRACE o.h.e.j.e.i.NormalizingIdentifierHelperImpl [NormalizingIdentifierHelperImpl.java:62] Normalizing identifier quoting [ROLE_ID]
2023-11-24 12:36:46,095 TRACE o.h.e.j.e.i.NormalizingIdentifierHelperImpl [NormalizingIdentifierHelperImpl.java:62] Normalizing identifier quoting [ROLE_ID]
2023-11-24 12:36:46,095 DEBUG o.h.b.m.i.AnnotatedColumn [AnnotatedColumn.java:249] Binding column: AnnotatedColumn(column='ROLE_ID')
2023-11-24 12:36:46,095 DEBUG o.h.b.m.i.PropertyBinder [PropertyBinder.java:251] MetadataSourceProcessor property roleId with lazy=false
2023-11-24 12:36:46,095 DEBUG o.h.b.m.i.AbstractPropertyHolder [AbstractPropertyHolder.java:107] Attempting to locate auto-apply AttributeConverter for property [franco.maurizio.hr.desk.com.persistence.entity.CandidateStates:roleId]
2023-11-24 12:36:46,096 DEBUG o.h.b.m.i.BasicValueBinder [BasicValueBinder.java:1196] building BasicValue for roleId
2023-11-24 12:36:46,096 DEBUG o.h.m.BasicValue [BasicValue.java:259] Skipping column re-registration: candidate_states.role_id
2023-11-24 12:36:46,096 TRACE o.h.e.j.e.i.NormalizingIdentifierHelperImpl [NormalizingIdentifierHelperImpl.java:62] Normalizing identifier quoting [ROLE_ID]
2023-11-24 12:36:46,096 DEBUG o.h.b.m.i.PropertyBinder [PropertyBinder.java:391] Building property roleId
2023-11-24 12:36:46,096 TRACE o.h.b.m.i.PropertyBinder [PropertyBinder.java:407] Cascading roleId with null
2023-11-24 12:36:46,096 TRACE o.h.b.m.i.PropertyBinder [PropertyBinder.java:695] Processing annotations of franco.maurizio.hr.desk.com.persistence.entity.CandidateStates.statusCode
2023-11-24 12:36:46,097 TRACE o.h.e.j.e.i.NormalizingIdentifierHelperImpl [NormalizingIdentifierHelperImpl.java:62] Normalizing identifier quoting [STATUS_CODE]
2023-11-24 12:36:46,097 TRACE o.h.e.j.e.i.NormalizingIdentifierHelperImpl [NormalizingIdentifierHelperImpl.java:62] Normalizing identifier quoting [STATUS_CODE]
2023-11-24 12:36:46,097 DEBUG o.h.b.m.i.AnnotatedColumn [AnnotatedColumn.java:249] Binding column: AnnotatedColumn(column='STATUS_CODE')
2023-11-24 12:36:46,097 DEBUG o.h.b.m.i.PropertyBinder [PropertyBinder.java:251] MetadataSourceProcessor property statusCode with lazy=false
2023-11-24 12:36:46,097 DEBUG o.h.b.m.i.AbstractPropertyHolder [AbstractPropertyHolder.java:107] Attempting to locate auto-apply AttributeConverter for property [franco.maurizio.hr.desk.com.persistence.entity.CandidateStates:statusCode]
2023-11-24 12:36:46,097 DEBUG o.h.b.m.i.BasicValueBinder [BasicValueBinder.java:1196] building BasicValue for statusCode
2023-11-24 12:36:46,097 DEBUG o.h.m.BasicValue [BasicValue.java:259] Skipping column re-registration: candidate_states.status_code
2023-11-24 12:36:46,098 TRACE o.h.e.j.e.i.NormalizingIdentifierHelperImpl [NormalizingIdentifierHelperImpl.java:62] Normalizing identifier quoting [STATUS_CODE]
2023-11-24 12:36:46,098 DEBUG o.h.b.m.i.PropertyBinder [PropertyBinder.java:391] Building property statusCode
2023-11-24 12:36:46,098 TRACE o.h.b.m.i.PropertyBinder [PropertyBinder.java:407] Cascading statusCode with null
2023-11-24 12:36:46,098 TRACE o.h.b.m.i.PropertyBinder [PropertyBinder.java:695] Processing annotations of franco.maurizio.hr.desk.com.persistence.entity.CandidateStates.statusColor
2023-11-24 12:36:46,098 TRACE o.h.e.j.e.i.NormalizingIdentifierHelperImpl [NormalizingIdentifierHelperImpl.java:62] Normalizing identifier quoting [STATUS_COLOR]
2023-11-24 12:36:46,098 TRACE o.h.e.j.e.i.NormalizingIdentifierHelperImpl [NormalizingIdentifierHelperImpl.java:62] Normalizing identifier quoting [STATUS_COLOR]
2023-11-24 12:36:46,099 DEBUG o.h.b.m.i.AnnotatedColumn [AnnotatedColumn.java:249] Binding column: AnnotatedColumn(column='STATUS_COLOR')
2023-11-24 12:36:46,099 DEBUG o.h.b.m.i.PropertyBinder [PropertyBinder.java:251] MetadataSourceProcessor property statusColor with lazy=false
2023-11-24 12:36:46,099 DEBUG o.h.b.m.i.AbstractPropertyHolder [AbstractPropertyHolder.java:107] Attempting to locate auto-apply AttributeConverter for property [franco.maurizio.hr.desk.com.persistence.entity.CandidateStates:statusColor]
2023-11-24 12:36:46,099 DEBUG o.h.b.m.i.BasicValueBinder [BasicValueBinder.java:1196] building BasicValue for statusColor
2023-11-24 12:36:46,099 DEBUG o.h.m.BasicValue [BasicValue.java:259] Skipping column re-registration: candidate_states.status_color
2023-11-24 12:36:46,099 TRACE o.h.e.j.e.i.NormalizingIdentifierHelperImpl [NormalizingIdentifierHelperImpl.java:62] Normalizing identifier quoting [STATUS_COLOR]
2023-11-24 12:36:46,099 DEBUG o.h.b.m.i.PropertyBinder [PropertyBinder.java:391] Building property statusColor
2023-11-24 12:36:46,099 TRACE o.h.b.m.i.PropertyBinder [PropertyBinder.java:407] Cascading statusColor with null
2023-11-24 12:36:46,100 TRACE o.h.b.m.i.PropertyBinder [PropertyBinder.java:695] Processing annotations of franco.maurizio.hr.desk.com.persistence.entity.CandidateStates.statusDescription
2023-11-24 12:36:46,100 TRACE o.h.e.j.e.i.NormalizingIdentifierHelperImpl [NormalizingIdentifierHelperImpl.java:62] Normalizing identifier quoting [STATUS_DESCRIPTION]
2023-11-24 12:36:46,100 TRACE o.h.e.j.e.i.NormalizingIdentifierHelperImpl [NormalizingIdentifierHelperImpl.java:62] Normalizing identifier quoting [STATUS_DESCRIPTION]
2023-11-24 12:36:46,100 DEBUG o.h.b.m.i.AnnotatedColumn [AnnotatedColumn.java:249] Binding column: AnnotatedColumn(column='STATUS_DESCRIPTION')
2023-11-24 12:36:46,100 DEBUG o.h.b.m.i.PropertyBinder [PropertyBinder.java:251] MetadataSourceProcessor property statusDescription with lazy=false
2023-11-24 12:36:46,100 DEBUG o.h.b.m.i.AbstractPropertyHolder [AbstractPropertyHolder.java:107] Attempting to locate auto-apply AttributeConverter for property [franco.maurizio.hr.desk.com.persistence.entity.CandidateStates:statusDescription]
2023-11-24 12:36:46,101 DEBUG o.h.b.m.i.BasicValueBinder [BasicValueBinder.java:1196] building BasicValue for statusDescription
2023-11-24 12:36:46,101 DEBUG o.h.m.BasicValue [BasicValue.java:259] Skipping column re-registration: candidate_states.status_description
2023-11-24 12:36:46,101 TRACE o.h.e.j.e.i.NormalizingIdentifierHelperImpl [NormalizingIdentifierHelperImpl.java:62] Normalizing identifier quoting [STATUS_DESCRIPTION]
2023-11-24 12:36:46,101 DEBUG o.h.b.m.i.PropertyBinder [PropertyBinder.java:391] Building property statusDescription
2023-11-24 12:36:46,101 TRACE o.h.b.m.i.PropertyBinder [PropertyBinder.java:407] Cascading statusDescription with null
2023-11-24 12:36:46,101 TRACE o.h.b.m.i.PropertyBinder [PropertyBinder.java:695] Processing annotations of franco.maurizio.hr.desk.com.persistence.entity.CandidateStates.statusLabel
2023-11-24 12:36:46,101 TRACE o.h.e.j.e.i.NormalizingIdentifierHelperImpl [NormalizingIdentifierHelperImpl.java:62] Normalizing identifier quoting [STATUS_LABEL]
2023-11-24 12:36:46,102 TRACE o.h.e.j.e.i.NormalizingIdentifierHelperImpl [NormalizingIdentifierHelperImpl.java:62] Normalizing identifier quoting [STATUS_LABEL]
2023-11-24 12:36:46,102 DEBUG o.h.b.m.i.AnnotatedColumn [AnnotatedColumn.java:249] Binding column: AnnotatedColumn(column='STATUS_LABEL')
2023-11-24 12:36:46,102 DEBUG o.h.b.m.i.PropertyBinder [PropertyBinder.java:251] MetadataSourceProcessor property statusLabel with lazy=false
2023-11-24 12:36:46,102 DEBUG o.h.b.m.i.AbstractPropertyHolder [AbstractPropertyHolder.java:107] Attempting to locate auto-apply AttributeConverter for property [franco.maurizio.hr.desk.com.persistence.entity.CandidateStates:statusLabel]
2023-11-24 12:36:46,102 DEBUG o.h.b.m.i.BasicValueBinder [BasicValueBinder.java:1196] building BasicValue for statusLabel
2023-11-24 12:36:46,102 DEBUG o.h.m.BasicValue [BasicValue.java:259] Skipping column re-registration: candidate_states.status_label
2023-11-24 12:36:46,102 TRACE o.h.e.j.e.i.NormalizingIdentifierHelperImpl [NormalizingIdentifierHelperImpl.java:62] Normalizing identifier quoting [STATUS_LABEL]
2023-11-24 12:36:46,103 DEBUG o.h.b.m.i.PropertyBinder [PropertyBinder.java:391] Building property statusLabel
2023-11-24 12:36:46,103 TRACE o.h.b.m.i.PropertyBinder [PropertyBinder.java:407] Cascading statusLabel with null
2023-11-24 12:36:46,103 DEBUG o.h.b.m.i.EntityBinder [EntityBinder.java:206] Binding entity from annotated class: franco.maurizio.hr.desk.com.persistence.entity.Role
2023-11-24 12:36:46,104 DEBUG o.h.b.m.i.EntityBinder [EntityBinder.java:1224] Import with entity name Role
2023-11-24 12:36:46,104 TRACE o.h.b.i.InFlightMetadataCollectorImpl [InFlightMetadataCollectorImpl.java:878] Import: Role -> franco.maurizio.hr.desk.com.persistence.entity.Role
2023-11-24 12:36:46,104 TRACE o.h.b.i.InFlightMetadataCollectorImpl [InFlightMetadataCollectorImpl.java:878] Import: franco.maurizio.hr.desk.com.persistence.entity.Role -> franco.maurizio.hr.desk.com.persistence.entity.Role
2023-11-24 12:36:46,104 TRACE o.h.e.j.e.i.NormalizingIdentifierHelperImpl [NormalizingIdentifierHelperImpl.java:62] Normalizing identifier quoting [roles]
2023-11-24 12:36:46,104 TRACE o.h.e.j.e.i.NormalizingIdentifierHelperImpl [NormalizingIdentifierHelperImpl.java:62] Normalizing identifier quoting [roles]
2023-11-24 12:36:46,105 DEBUG o.h.b.m.i.EntityBinder [EntityBinder.java:1769] Bind entity franco.maurizio.hr.desk.com.persistence.entity.Role on table roles
2023-11-24 12:36:46,105 TRACE o.h.e.j.e.i.NormalizingIdentifierHelperImpl [NormalizingIdentifierHelperImpl.java:62] Normalizing identifier quoting [DTYPE]
2023-11-24 12:36:46,105 DEBUG o.h.b.m.i.AnnotatedColumn [AnnotatedColumn.java:249] Binding column: AnnotatedDiscriminatorColumn(column='DTYPE')
2023-11-24 12:36:46,106 TRACE o.h.b.m.i.PropertyBinder [PropertyBinder.java:695] Processing annotations of franco.maurizio.hr.desk.com.persistence.entity.Role.id
2023-11-24 12:36:46,106 TRACE o.h.e.j.e.i.NormalizingIdentifierHelperImpl [NormalizingIdentifierHelperImpl.java:62] Normalizing identifier quoting [id]
2023-11-24 12:36:46,107 TRACE o.h.e.j.e.i.NormalizingIdentifierHelperImpl [NormalizingIdentifierHelperImpl.java:62] Normalizing identifier quoting [id]
2023-11-24 12:36:46,107 DEBUG o.h.b.m.i.AnnotatedColumn [AnnotatedColumn.java:249] Binding column: AnnotatedColumn(column='id')
2023-11-24 12:36:46,107 DEBUG o.h.b.i.ClassLoaderAccessImpl [ClassLoaderAccessImpl.java:60] Not known whether passed class name [franco.maurizio.hr.desk.com.persistence.entity.Role] is safe
2023-11-24 12:36:46,107 DEBUG c.z.h.p.HikariPool [HikariPool.java:414] HikariPool-4 - Pool stats (total=1, active=0, idle=1, waiting=0)
2023-11-24 12:36:46,107 DEBUG o.h.b.i.ClassLoaderAccessImpl [ClassLoaderAccessImpl.java:62] No temp ClassLoader provided; using live ClassLoader for loading potentially unsafe class : franco.maurizio.hr.desk.com.persistence.entity.Role
2023-11-24 12:36:46,108 DEBUG o.h.b.m.i.PropertyBinder [PropertyBinder.java:251] MetadataSourceProcessor property id with lazy=false
2023-11-24 12:36:46,108 DEBUG o.h.b.m.i.AbstractPropertyHolder [AbstractPropertyHolder.java:107] Attempting to locate auto-apply AttributeConverter for property [franco.maurizio.hr.desk.com.persistence.entity.Role:id]
2023-11-24 12:36:46,108 DEBUG o.h.b.m.i.BasicValueBinder [BasicValueBinder.java:1196] building BasicValue for id
2023-11-24 12:36:46,108 DEBUG o.h.m.BasicValue [BasicValue.java:259] Skipping column re-registration: roles.id
2023-11-24 12:36:46,108 TRACE o.h.e.j.e.i.NormalizingIdentifierHelperImpl [NormalizingIdentifierHelperImpl.java:62] Normalizing identifier quoting [id]
2023-11-24 12:36:46,109 DEBUG o.h.b.m.i.PropertyBinder [PropertyBinder.java:391] Building property id
2023-11-24 12:36:46,109 TRACE o.h.b.m.i.PropertyBinder [PropertyBinder.java:407] Cascading id with null
2023-11-24 12:36:46,109 DEBUG o.h.b.m.i.BinderHelper [GeneratorBinder.java:73] #makeIdGenerator(BasicValue([Column(id)]), id, identity, , ...)
2023-11-24 12:36:46,109 TRACE o.h.b.m.i.PropertyBinder [PropertyBinder.java:1327] Bind @Id on id
2023-11-24 12:36:46,110 TRACE o.h.b.m.i.PropertyBinder [PropertyBinder.java:695] Processing annotations of franco.maurizio.hr.desk.com.persistence.entity.Role.description
2023-11-24 12:36:46,110 TRACE o.h.e.j.e.i.NormalizingIdentifierHelperImpl [NormalizingIdentifierHelperImpl.java:62] Normalizing identifier quoting [description]
2023-11-24 12:36:46,110 TRACE o.h.e.j.e.i.NormalizingIdentifierHelperImpl [NormalizingIdentifierHelperImpl.java:62] Normalizing identifier quoting [description]
2023-11-24 12:36:46,111 DEBUG o.h.b.m.i.AnnotatedColumn [AnnotatedColumn.java:249] Binding column: AnnotatedColumn(column='description')
2023-11-24 12:36:46,111 DEBUG o.h.b.m.i.PropertyBinder [PropertyBinder.java:251] MetadataSourceProcessor property description with lazy=false
2023-11-24 12:36:46,111 DEBUG o.h.b.m.i.AbstractPropertyHolder [AbstractPropertyHolder.java:107] Attempting to locate auto-apply AttributeConverter for property [franco.maurizio.hr.desk.com.persistence.entity.Role:description]
2023-11-24 12:36:46,111 DEBUG o.h.b.m.i.BasicValueBinder [BasicValueBinder.java:1196] building BasicValue for description
2023-11-24 12:36:46,112 DEBUG o.h.m.BasicValue [BasicValue.java:259] Skipping column re-registration: roles.description
2023-11-24 12:36:46,112 TRACE o.h.e.j.e.i.NormalizingIdentifierHelperImpl [NormalizingIdentifierHelperImpl.java:62] Normalizing identifier quoting [description]
2023-11-24 12:36:46,112 DEBUG o.h.b.m.i.PropertyBinder [PropertyBinder.java:391] Building property description
2023-11-24 12:36:46,112 TRACE o.h.b.m.i.PropertyBinder [PropertyBinder.java:407] Cascading description with null
2023-11-24 12:36:46,112 TRACE o.h.b.m.i.PropertyBinder [PropertyBinder.java:695] Processing annotations of franco.maurizio.hr.desk.com.persistence.entity.Role.label
2023-11-24 12:36:46,113 DEBUG c.z.h.p.HikariPool [HikariPool.java:738] HikariPool-4 - Added connection com.mysql.cj.jdbc.ConnectionImpl@1ac60d11
2023-11-24 12:36:46,113 TRACE o.h.e.j.e.i.NormalizingIdentifierHelperImpl [NormalizingIdentifierHelperImpl.java:62] Normalizing identifier quoting [label]
2023-11-24 12:36:46,113 TRACE o.h.e.j.e.i.NormalizingIdentifierHelperImpl [NormalizingIdentifierHelperImpl.java:62] Normalizing identifier quoting [label]
2023-11-24 12:36:46,113 DEBUG o.h.b.m.i.AnnotatedColumn [AnnotatedColumn.java:249] Binding column: AnnotatedColumn(column='label')
2023-11-24 12:36:46,114 DEBUG o.h.b.m.i.PropertyBinder [PropertyBinder.java:251] MetadataSourceProcessor property label with lazy=false
2023-11-24 12:36:46,114 DEBUG o.h.b.m.i.AbstractPropertyHolder [AbstractPropertyHolder.java:107] Attempting to locate auto-apply AttributeConverter for property [franco.maurizio.hr.desk.com.persistence.entity.Role:label]
2023-11-24 12:36:46,114 DEBUG o.h.b.m.i.BasicValueBinder [BasicValueBinder.java:1196] building BasicValue for label
2023-11-24 12:36:46,114 DEBUG o.h.m.BasicValue [BasicValue.java:259] Skipping column re-registration: roles.label
2023-11-24 12:36:46,114 TRACE o.h.e.j.e.i.NormalizingIdentifierHelperImpl [NormalizingIdentifierHelperImpl.java:62] Normalizing identifier quoting [label]
2023-11-24 12:36:46,115 DEBUG o.h.b.m.i.PropertyBinder [PropertyBinder.java:391] Building property label
2023-11-24 12:36:46,115 TRACE o.h.b.m.i.PropertyBinder [PropertyBinder.java:407] Cascading label with null
2023-11-24 12:36:46,115 TRACE o.h.b.m.i.PropertyBinder [PropertyBinder.java:695] Processing annotations of franco.maurizio.hr.desk.com.persistence.entity.Role.level
2023-11-24 12:36:46,115 TRACE o.h.e.j.e.i.NormalizingIdentifierHelperImpl [NormalizingIdentifierHelperImpl.java:62] Normalizing identifier quoting [level]
2023-11-24 12:36:46,116 TRACE o.h.e.j.e.i.NormalizingIdentifierHelperImpl [NormalizingIdentifierHelperImpl.java:62] Normalizing identifier quoting [level]
2023-11-24 12:36:46,116 DEBUG o.h.b.m.i.AnnotatedColumn [AnnotatedColumn.java:249] Binding column: AnnotatedColumn(column='level')
2023-11-24 12:36:46,116 DEBUG o.h.b.m.i.PropertyBinder [PropertyBinder.java:251] MetadataSourceProcessor property level with lazy=false
2023-11-24 12:36:46,117 DEBUG o.h.b.m.i.AbstractPropertyHolder [AbstractPropertyHolder.java:107] Attempting to locate auto-apply AttributeConverter for property [franco.maurizio.hr.desk.com.persistence.entity.Role:level]
2023-11-24 12:36:46,117 DEBUG o.h.b.m.i.BasicValueBinder [BasicValueBinder.java:1196] building BasicValue for level
2023-11-24 12:36:46,117 DEBUG o.h.m.BasicValue [BasicValue.java:259] Skipping column re-registration: roles.level
2023-11-24 12:36:46,117 TRACE o.h.e.j.e.i.NormalizingIdentifierHelperImpl [NormalizingIdentifierHelperImpl.java:62] Normalizing identifier quoting [level]
2023-11-24 12:36:46,117 DEBUG o.h.b.m.i.PropertyBinder [PropertyBinder.java:391] Building property level
2023-11-24 12:36:46,118 TRACE o.h.b.m.i.PropertyBinder [PropertyBinder.java:407] Cascading level with null
2023-11-24 12:36:46,118 DEBUG o.h.b.m.i.EntityBinder [EntityBinder.java:206] Binding entity from annotated class: franco.maurizio.hr.desk.com.persistence.entity.User
2023-11-24 12:36:46,119 DEBUG o.h.b.m.i.EntityBinder [EntityBinder.java:1224] Import with entity name User
2023-11-24 12:36:46,120 TRACE o.h.b.i.InFlightMetadataCollectorImpl [InFlightMetadataCollectorImpl.java:878] Import: User -> franco.maurizio.hr.desk.com.persistence.entity.User
2023-11-24 12:36:46,120 TRACE o.h.b.i.InFlightMetadataCollectorImpl [InFlightMetadataCollectorImpl.java:878] Import: franco.maurizio.hr.desk.com.persistence.entity.User -> franco.maurizio.hr.desk.com.persistence.entity.User
2023-11-24 12:36:46,120 TRACE o.h.e.j.e.i.NormalizingIdentifierHelperImpl [NormalizingIdentifierHelperImpl.java:62] Normalizing identifier quoting [users]
2023-11-24 12:36:46,121 TRACE o.h.e.j.e.i.NormalizingIdentifierHelperImpl [NormalizingIdentifierHelperImpl.java:62] Normalizing identifier quoting [users]
2023-11-24 12:36:46,121 DEBUG o.h.b.m.i.EntityBinder [EntityBinder.java:1769] Bind entity franco.maurizio.hr.desk.com.persistence.entity.User on table users
2023-11-24 12:36:46,121 TRACE o.h.e.j.e.i.NormalizingIdentifierHelperImpl [NormalizingIdentifierHelperImpl.java:62] Normalizing identifier quoting [DTYPE]
2023-11-24 12:36:46,122 DEBUG o.h.b.m.i.AnnotatedColumn [AnnotatedColumn.java:249] Binding column: AnnotatedDiscriminatorColumn(column='DTYPE')
2023-11-24 12:36:46,122 TRACE o.h.b.m.i.PropertyBinder [PropertyBinder.java:695] Processing annotations of franco.maurizio.hr.desk.com.persistence.entity.User.id
2023-11-24 12:36:46,123 TRACE o.h.e.j.e.i.NormalizingIdentifierHelperImpl [NormalizingIdentifierHelperImpl.java:62] Normalizing identifier quoting [id]
2023-11-24 12:36:46,123 TRACE o.h.e.j.e.i.NormalizingIdentifierHelperImpl [NormalizingIdentifierHelperImpl.java:62] Normalizing identifier quoting [id]
2023-11-24 12:36:46,123 DEBUG o.h.b.m.i.AnnotatedColumn [AnnotatedColumn.java:249] Binding column: AnnotatedColumn(column='id')
2023-11-24 12:36:46,124 DEBUG o.h.b.i.ClassLoaderAccessImpl [ClassLoaderAccessImpl.java:60] Not known whether passed class name [franco.maurizio.hr.desk.com.persistence.entity.User] is safe
2023-11-24 12:36:46,124 DEBUG o.h.b.i.ClassLoaderAccessImpl [ClassLoaderAccessImpl.java:62] No temp ClassLoader provided; using live ClassLoader for loading potentially unsafe class : franco.maurizio.hr.desk.com.persistence.entity.User
2023-11-24 12:36:46,124 DEBUG o.h.b.m.i.PropertyBinder [PropertyBinder.java:251] MetadataSourceProcessor property id with lazy=false
2023-11-24 12:36:46,124 DEBUG o.h.b.m.i.AbstractPropertyHolder [AbstractPropertyHolder.java:107] Attempting to locate auto-apply AttributeConverter for property [franco.maurizio.hr.desk.com.persistence.entity.User:id]
2023-11-24 12:36:46,125 DEBUG o.h.b.m.i.BasicValueBinder [BasicValueBinder.java:1196] building BasicValue for id
2023-11-24 12:36:46,125 DEBUG o.h.m.BasicValue [BasicValue.java:259] Skipping column re-registration: users.id
2023-11-24 12:36:46,125 TRACE o.h.e.j.e.i.NormalizingIdentifierHelperImpl [NormalizingIdentifierHelperImpl.java:62] Normalizing identifier quoting [id]
2023-11-24 12:36:46,125 DEBUG o.h.b.m.i.PropertyBinder [PropertyBinder.java:391] Building property id
2023-11-24 12:36:46,125 TRACE o.h.b.m.i.PropertyBinder [PropertyBinder.java:407] Cascading id with null
2023-11-24 12:36:46,126 DEBUG o.h.b.m.i.BinderHelper [GeneratorBinder.java:73] #makeIdGenerator(BasicValue([Column(id)]), id, identity, , ...)
2023-11-24 12:36:46,126 DEBUG c.z.h.p.HikariPool [HikariPool.java:738] HikariPool-4 - Added connection com.mysql.cj.jdbc.ConnectionImpl@5bfb072a
2023-11-24 12:36:46,126 TRACE o.h.b.m.i.PropertyBinder [PropertyBinder.java:1327] Bind @Id on id
2023-11-24 12:36:46,126 TRACE o.h.b.m.i.PropertyBinder [PropertyBinder.java:695] Processing annotations of franco.maurizio.hr.desk.com.persistence.entity.User.email
2023-11-24 12:36:46,126 TRACE o.h.e.j.e.i.NormalizingIdentifierHelperImpl [NormalizingIdentifierHelperImpl.java:62] Normalizing identifier quoting [email]
2023-11-24 12:36:46,127 TRACE o.h.e.j.e.i.NormalizingIdentifierHelperImpl [NormalizingIdentifierHelperImpl.java:62] Normalizing identifier quoting [email]
2023-11-24 12:36:46,127 DEBUG o.h.b.m.i.AnnotatedColumn [AnnotatedColumn.java:249] Binding column: AnnotatedColumn(column='email')
2023-11-24 12:36:46,127 DEBUG o.h.b.m.i.PropertyBinder [PropertyBinder.java:251] MetadataSourceProcessor property email with lazy=false
2023-11-24 12:36:46,128 DEBUG o.h.b.m.i.AbstractPropertyHolder [AbstractPropertyHolder.java:107] Attempting to locate auto-apply AttributeConverter for property [franco.maurizio.hr.desk.com.persistence.entity.User:email]
2023-11-24 12:36:46,128 DEBUG o.h.b.m.i.BasicValueBinder [BasicValueBinder.java:1196] building BasicValue for email
2023-11-24 12:36:46,128 DEBUG o.h.m.BasicValue [BasicValue.java:259] Skipping column re-registration: users.email
2023-11-24 12:36:46,128 TRACE o.h.e.j.e.i.NormalizingIdentifierHelperImpl [NormalizingIdentifierHelperImpl.java:62] Normalizing identifier quoting [email]
2023-11-24 12:36:46,129 DEBUG o.h.b.m.i.PropertyBinder [PropertyBinder.java:391] Building property email
2023-11-24 12:36:46,129 TRACE o.h.b.m.i.PropertyBinder [PropertyBinder.java:407] Cascading email with null
2023-11-24 12:36:46,129 TRACE o.h.b.m.i.PropertyBinder [PropertyBinder.java:695] Processing annotations of franco.maurizio.hr.desk.com.persistence.entity.User.enabled
2023-11-24 12:36:46,129 TRACE o.h.e.j.e.i.NormalizingIdentifierHelperImpl [NormalizingIdentifierHelperImpl.java:62] Normalizing identifier quoting [enabled]
2023-11-24 12:36:46,130 TRACE o.h.e.j.e.i.NormalizingIdentifierHelperImpl [NormalizingIdentifierHelperImpl.java:62] Normalizing identifier quoting [enabled]
2023-11-24 12:36:46,130 DEBUG o.h.b.m.i.AnnotatedColumn [AnnotatedColumn.java:249] Binding column: AnnotatedColumn(column='enabled')
2023-11-24 12:36:46,130 DEBUG o.h.b.m.i.PropertyBinder [PropertyBinder.java:251] MetadataSourceProcessor property enabled with lazy=false
2023-11-24 12:36:46,130 DEBUG o.h.b.m.i.AbstractPropertyHolder [AbstractPropertyHolder.java:107] Attempting to locate auto-apply AttributeConverter for property [franco.maurizio.hr.desk.com.persistence.entity.User:enabled]
2023-11-24 12:36:46,131 DEBUG o.h.b.m.i.BasicValueBinder [BasicValueBinder.java:1196] building BasicValue for enabled
2023-11-24 12:36:46,131 DEBUG o.h.m.BasicValue [BasicValue.java:259] Skipping column re-registration: users.enabled
2023-11-24 12:36:46,131 TRACE o.h.e.j.e.i.NormalizingIdentifierHelperImpl [NormalizingIdentifierHelperImpl.java:62] Normalizing identifier quoting [enabled]
2023-11-24 12:36:46,131 DEBUG o.h.b.m.i.PropertyBinder [PropertyBinder.java:391] Building property enabled
2023-11-24 12:36:46,131 TRACE o.h.b.m.i.PropertyBinder [PropertyBinder.java:407] Cascading enabled with null
2023-11-24 12:36:46,132 TRACE o.h.b.m.i.PropertyBinder [PropertyBinder.java:695] Processing annotations of franco.maurizio.hr.desk.com.persistence.entity.User.firstname
2023-11-24 12:36:46,132 TRACE o.h.e.j.e.i.NormalizingIdentifierHelperImpl [NormalizingIdentifierHelperImpl.java:62] Normalizing identifier quoting [firstname]
2023-11-24 12:36:46,132 TRACE o.h.e.j.e.i.NormalizingIdentifierHelperImpl [NormalizingIdentifierHelperImpl.java:62] Normalizing identifier quoting [firstname]
2023-11-24 12:36:46,132 DEBUG o.h.b.m.i.AnnotatedColumn [AnnotatedColumn.java:249] Binding column: AnnotatedColumn(column='firstname')
2023-11-24 12:36:46,133 DEBUG o.h.b.m.i.PropertyBinder [PropertyBinder.java:251] MetadataSourceProcessor property firstname with lazy=false
2023-11-24 12:36:46,133 DEBUG o.h.b.m.i.AbstractPropertyHolder [AbstractPropertyHolder.java:107] Attempting to locate auto-apply AttributeConverter for property [franco.maurizio.hr.desk.com.persistence.entity.User:firstname]
2023-11-24 12:36:46,133 DEBUG o.h.b.m.i.BasicValueBinder [BasicValueBinder.java:1196] building BasicValue for firstname
2023-11-24 12:36:46,133 DEBUG o.h.m.BasicValue [BasicValue.java:259] Skipping column re-registration: users.firstname
2023-11-24 12:36:46,134 TRACE o.h.e.j.e.i.NormalizingIdentifierHelperImpl [NormalizingIdentifierHelperImpl.java:62] Normalizing identifier quoting [firstname]
2023-11-24 12:36:46,134 DEBUG o.h.b.m.i.PropertyBinder [PropertyBinder.java:391] Building property firstname
2023-11-24 12:36:46,134 TRACE o.h.b.m.i.PropertyBinder [PropertyBinder.java:407] Cascading firstname with null
2023-11-24 12:36:46,134 TRACE o.h.b.m.i.PropertyBinder [PropertyBinder.java:695] Processing annotations of franco.maurizio.hr.desk.com.persistence.entity.User.lastname
2023-11-24 12:36:46,134 TRACE o.h.e.j.e.i.NormalizingIdentifierHelperImpl [NormalizingIdentifierHelperImpl.java:62] Normalizing identifier quoting [lastname]
2023-11-24 12:36:46,135 TRACE o.h.e.j.e.i.NormalizingIdentifierHelperImpl [NormalizingIdentifierHelperImpl.java:62] Normalizing identifier quoting [lastname]
2023-11-24 12:36:46,135 DEBUG o.h.b.m.i.AnnotatedColumn [AnnotatedColumn.java:249] Binding column: AnnotatedColumn(column='lastname')
2023-11-24 12:36:46,135 DEBUG o.h.b.m.i.PropertyBinder [PropertyBinder.java:251] MetadataSourceProcessor property lastname with lazy=false
2023-11-24 12:36:46,136 DEBUG o.h.b.m.i.AbstractPropertyHolder [AbstractPropertyHolder.java:107] Attempting to locate auto-apply AttributeConverter for property [franco.maurizio.hr.desk.com.persistence.entity.User:lastname]
2023-11-24 12:36:46,136 DEBUG o.h.b.m.i.BasicValueBinder [BasicValueBinder.java:1196] building BasicValue for lastname
2023-11-24 12:36:46,136 DEBUG o.h.m.BasicValue [BasicValue.java:259] Skipping column re-registration: users.lastname
2023-11-24 12:36:46,137 TRACE o.h.e.j.e.i.NormalizingIdentifierHelperImpl [NormalizingIdentifierHelperImpl.java:62] Normalizing identifier quoting [lastname]
2023-11-24 12:36:46,137 DEBUG o.h.b.m.i.PropertyBinder [PropertyBinder.java:391] Building property lastname
2023-11-24 12:36:46,137 TRACE o.h.b.m.i.PropertyBinder [PropertyBinder.java:407] Cascading lastname with null
2023-11-24 12:36:46,137 TRACE o.h.b.m.i.PropertyBinder [PropertyBinder.java:695] Processing annotations of franco.maurizio.hr.desk.com.persistence.entity.User.password
2023-11-24 12:36:46,138 TRACE o.h.e.j.e.i.NormalizingIdentifierHelperImpl [NormalizingIdentifierHelperImpl.java:62] Normalizing identifier quoting [password]
2023-11-24 12:36:46,138 TRACE o.h.e.j.e.i.NormalizingIdentifierHelperImpl [NormalizingIdentifierHelperImpl.java:62] Normalizing identifier quoting [password]
2023-11-24 12:36:46,138 DEBUG o.h.b.m.i.AnnotatedColumn [AnnotatedColumn.java:249] Binding column: AnnotatedColumn(column='password')
2023-11-24 12:36:46,139 DEBUG o.h.b.m.i.PropertyBinder [PropertyBinder.java:251] MetadataSourceProcessor property password with lazy=false
2023-11-24 12:36:46,139 DEBUG o.h.b.m.i.AbstractPropertyHolder [AbstractPropertyHolder.java:107] Attempting to locate auto-apply AttributeConverter for property [franco.maurizio.hr.desk.com.persistence.entity.User:password]
2023-11-24 12:36:46,139 DEBUG o.h.b.m.i.BasicValueBinder [BasicValueBinder.java:1196] building BasicValue for password
2023-11-24 12:36:46,139 DEBUG o.h.m.BasicValue [BasicValue.java:259] Skipping column re-registration: users.password
2023-11-24 12:36:46,140 TRACE o.h.e.j.e.i.NormalizingIdentifierHelperImpl [NormalizingIdentifierHelperImpl.java:62] Normalizing identifier quoting [password]
2023-11-24 12:36:46,140 DEBUG o.h.b.m.i.PropertyBinder [PropertyBinder.java:391] Building property password
2023-11-24 12:36:46,140 TRACE o.h.b.m.i.PropertyBinder [PropertyBinder.java:407] Cascading password with null
2023-11-24 12:36:46,140 TRACE o.h.b.m.i.PropertyBinder [PropertyBinder.java:695] Processing annotations of franco.maurizio.hr.desk.com.persistence.entity.User.regdate
2023-11-24 12:36:46,141 TRACE o.h.e.j.e.i.NormalizingIdentifierHelperImpl [NormalizingIdentifierHelperImpl.java:62] Normalizing identifier quoting [regdate]
2023-11-24 12:36:46,141 TRACE o.h.e.j.e.i.NormalizingIdentifierHelperImpl [NormalizingIdentifierHelperImpl.java:62] Normalizing identifier quoting [regdate]
2023-11-24 12:36:46,141 DEBUG o.h.b.m.i.AnnotatedColumn [AnnotatedColumn.java:249] Binding column: AnnotatedColumn(column='regdate')
2023-11-24 12:36:46,142 DEBUG c.z.h.p.HikariPool [HikariPool.java:738] HikariPool-4 - Added connection com.mysql.cj.jdbc.ConnectionImpl@6a6a58d4
2023-11-24 12:36:46,142 DEBUG o.h.b.m.i.PropertyBinder [PropertyBinder.java:251] MetadataSourceProcessor property regdate with lazy=false
2023-11-24 12:36:46,142 DEBUG o.h.b.m.i.AbstractPropertyHolder [AbstractPropertyHolder.java:107] Attempting to locate auto-apply AttributeConverter for property [franco.maurizio.hr.desk.com.persistence.entity.User:regdate]
2023-11-24 12:36:46,142 DEBUG o.h.b.m.i.BasicValueBinder [BasicValueBinder.java:1196] building BasicValue for regdate
2023-11-24 12:36:46,142 DEBUG o.h.m.BasicValue [BasicValue.java:259] Skipping column re-registration: users.regdate
2023-11-24 12:36:46,142 TRACE o.h.e.j.e.i.NormalizingIdentifierHelperImpl [NormalizingIdentifierHelperImpl.java:62] Normalizing identifier quoting [regdate]
2023-11-24 12:36:46,143 DEBUG o.h.b.m.i.PropertyBinder [PropertyBinder.java:391] Building property regdate
2023-11-24 12:36:46,143 TRACE o.h.b.m.i.PropertyBinder [PropertyBinder.java:407] Cascading regdate with null
2023-11-24 12:36:46,143 TRACE o.h.b.m.i.PropertyBinder [PropertyBinder.java:695] Processing annotations of franco.maurizio.hr.desk.com.persistence.entity.User.role
2023-11-24 12:36:46,143 TRACE o.h.e.j.e.i.NormalizingIdentifierHelperImpl [NormalizingIdentifierHelperImpl.java:62] Normalizing identifier quoting [role]
2023-11-24 12:36:46,144 TRACE o.h.e.j.e.i.NormalizingIdentifierHelperImpl [NormalizingIdentifierHelperImpl.java:62] Normalizing identifier quoting [role]
2023-11-24 12:36:46,144 DEBUG o.h.b.m.i.AnnotatedColumn [AnnotatedColumn.java:249] Binding column: AnnotatedColumn(column='role')
2023-11-24 12:36:46,144 DEBUG o.h.b.m.i.PropertyBinder [PropertyBinder.java:251] MetadataSourceProcessor property role with lazy=false
2023-11-24 12:36:46,144 DEBUG o.h.b.m.i.AbstractPropertyHolder [AbstractPropertyHolder.java:107] Attempting to locate auto-apply AttributeConverter for property [franco.maurizio.hr.desk.com.persistence.entity.User:role]
2023-11-24 12:36:46,145 DEBUG o.h.b.m.i.BasicValueBinder [BasicValueBinder.java:1196] building BasicValue for role
2023-11-24 12:36:46,145 DEBUG o.h.m.BasicValue [BasicValue.java:259] Skipping column re-registration: users.role
2023-11-24 12:36:46,145 TRACE o.h.e.j.e.i.NormalizingIdentifierHelperImpl [NormalizingIdentifierHelperImpl.java:62] Normalizing identifier quoting [role]
2023-11-24 12:36:46,145 DEBUG o.h.b.m.i.PropertyBinder [PropertyBinder.java:391] Building property role
2023-11-24 12:36:46,145 TRACE o.h.b.m.i.PropertyBinder [PropertyBinder.java:407] Cascading role with null
2023-11-24 12:36:46,146 DEBUG o.h.b.m.i.EntityBinder [EntityBinder.java:206] Binding entity from annotated class: franco.maurizio.hr.desk.com.persistence.entity.SurveyReply
2023-11-24 12:36:46,146 DEBUG o.h.b.m.i.EntityBinder [EntityBinder.java:1224] Import with entity name SurveyReply
2023-11-24 12:36:46,146 TRACE o.h.b.i.InFlightMetadataCollectorImpl [InFlightMetadataCollectorImpl.java:878] Import: SurveyReply -> franco.maurizio.hr.desk.com.persistence.entity.SurveyReply
2023-11-24 12:36:46,146 TRACE o.h.b.i.InFlightMetadataCollectorImpl [InFlightMetadataCollectorImpl.java:878] Import: franco.maurizio.hr.desk.com.persistence.entity.SurveyReply -> franco.maurizio.hr.desk.com.persistence.entity.SurveyReply
2023-11-24 12:36:46,146 TRACE o.h.e.j.e.i.NormalizingIdentifierHelperImpl [NormalizingIdentifierHelperImpl.java:62] Normalizing identifier quoting [surveyreplies]
2023-11-24 12:36:46,147 TRACE o.h.e.j.e.i.NormalizingIdentifierHelperImpl [NormalizingIdentifierHelperImpl.java:62] Normalizing identifier quoting [surveyreplies]
2023-11-24 12:36:46,147 DEBUG o.h.b.m.i.EntityBinder [EntityBinder.java:1769] Bind entity franco.maurizio.hr.desk.com.persistence.entity.SurveyReply on table surveyreplies
2023-11-24 12:36:46,147 TRACE o.h.e.j.e.i.NormalizingIdentifierHelperImpl [NormalizingIdentifierHelperImpl.java:62] Normalizing identifier quoting [DTYPE]
2023-11-24 12:36:46,147 DEBUG o.h.b.m.i.AnnotatedColumn [AnnotatedColumn.java:249] Binding column: AnnotatedDiscriminatorColumn(column='DTYPE')
2023-11-24 12:36:46,148 TRACE o.h.b.m.i.PropertyBinder [PropertyBinder.java:695] Processing annotations of franco.maurizio.hr.desk.com.persistence.entity.SurveyReply.id
2023-11-24 12:36:46,148 TRACE o.h.e.j.e.i.NormalizingIdentifierHelperImpl [NormalizingIdentifierHelperImpl.java:62] Normalizing identifier quoting [id]
2023-11-24 12:36:46,148 TRACE o.h.e.j.e.i.NormalizingIdentifierHelperImpl [NormalizingIdentifierHelperImpl.java:62] Normalizing identifier quoting [id]
2023-11-24 12:36:46,149 DEBUG o.h.b.m.i.AnnotatedColumn [AnnotatedColumn.java:249] Binding column: AnnotatedColumn()
2023-11-24 12:36:46,149 DEBUG o.h.b.i.ClassLoaderAccessImpl [ClassLoaderAccessImpl.java:60] Not known whether passed class name [franco.maurizio.hr.desk.com.persistence.entity.SurveyReply] is safe
2023-11-24 12:36:46,149 DEBUG o.h.b.i.ClassLoaderAccessImpl [ClassLoaderAccessImpl.java:62] No temp ClassLoader provided; using live ClassLoader for loading potentially unsafe class : franco.maurizio.hr.desk.com.persistence.entity.SurveyReply
2023-11-24 12:36:46,149 DEBUG o.h.b.m.i.PropertyBinder [PropertyBinder.java:251] MetadataSourceProcessor property id with lazy=false
2023-11-24 12:36:46,149 DEBUG o.h.b.m.i.AbstractPropertyHolder [AbstractPropertyHolder.java:107] Attempting to locate auto-apply AttributeConverter for property [franco.maurizio.hr.desk.com.persistence.entity.SurveyReply:id]
2023-11-24 12:36:46,149 DEBUG o.h.b.m.i.BasicValueBinder [BasicValueBinder.java:1196] building BasicValue for id
2023-11-24 12:36:46,149 DEBUG o.h.m.BasicValue [BasicValue.java:259] Skipping column re-registration: surveyreplies.id
2023-11-24 12:36:46,149 TRACE o.h.e.j.e.i.NormalizingIdentifierHelperImpl [NormalizingIdentifierHelperImpl.java:62] Normalizing identifier quoting [id]
2023-11-24 12:36:46,150 TRACE o.h.e.j.e.i.NormalizingIdentifierHelperImpl [NormalizingIdentifierHelperImpl.java:62] Normalizing identifier quoting [id]
2023-11-24 12:36:46,150 TRACE o.h.e.j.e.i.NormalizingIdentifierHelperImpl [NormalizingIdentifierHelperImpl.java:62] Normalizing identifier quoting [id]
2023-11-24 12:36:46,150 DEBUG o.h.b.m.i.PropertyBinder [PropertyBinder.java:391] Building property id
2023-11-24 12:36:46,150 TRACE o.h.b.m.i.PropertyBinder [PropertyBinder.java:407] Cascading id with null
2023-11-24 12:36:46,150 DEBUG o.h.b.m.i.BinderHelper [GeneratorBinder.java:73] #makeIdGenerator(BasicValue([Column(id)]), id, identity, , ...)
2023-11-24 12:36:46,150 TRACE o.h.b.m.i.PropertyBinder [PropertyBinder.java:1327] Bind @Id on id
2023-11-24 12:36:46,150 TRACE o.h.b.m.i.PropertyBinder [PropertyBinder.java:695] Processing annotations of franco.maurizio.hr.desk.com.persistence.entity.SurveyReply.answers
2023-11-24 12:36:46,150 TRACE o.h.e.j.e.i.NormalizingIdentifierHelperImpl [NormalizingIdentifierHelperImpl.java:62] Normalizing identifier quoting [answers]
2023-11-24 12:36:46,151 TRACE o.h.e.j.e.i.NormalizingIdentifierHelperImpl [NormalizingIdentifierHelperImpl.java:62] Normalizing identifier quoting [answers]
2023-11-24 12:36:46,151 DEBUG o.h.b.m.i.AnnotatedColumn [AnnotatedColumn.java:249] Binding column: AnnotatedColumn(column='answers')
2023-11-24 12:36:46,151 DEBUG o.h.b.m.i.PropertyBinder [PropertyBinder.java:251] MetadataSourceProcessor property answers with lazy=false
2023-11-24 12:36:46,151 DEBUG o.h.b.m.i.AbstractPropertyHolder [AbstractPropertyHolder.java:107] Attempting to locate auto-apply AttributeConverter for property [franco.maurizio.hr.desk.com.persistence.entity.SurveyReply:answers]
2023-11-24 12:36:46,151 DEBUG o.h.b.m.i.BasicValueBinder [BasicValueBinder.java:1196] building BasicValue for answers
2023-11-24 12:36:46,151 DEBUG o.h.m.BasicValue [BasicValue.java:259] Skipping column re-registration: surveyreplies.answers
2023-11-24 12:36:46,151 TRACE o.h.e.j.e.i.NormalizingIdentifierHelperImpl [NormalizingIdentifierHelperImpl.java:62] Normalizing identifier quoting [answers]
2023-11-24 12:36:46,151 DEBUG o.h.b.m.i.PropertyBinder [PropertyBinder.java:391] Building property answers
2023-11-24 12:36:46,152 TRACE o.h.b.m.i.PropertyBinder [PropertyBinder.java:407] Cascading answers with null
2023-11-24 12:36:46,152 TRACE o.h.b.m.i.PropertyBinder [PropertyBinder.java:695] Processing annotations of franco.maurizio.hr.desk.com.persistence.entity.SurveyReply.candidateId
2023-11-24 12:36:46,152 TRACE o.h.e.j.e.i.NormalizingIdentifierHelperImpl [NormalizingIdentifierHelperImpl.java:62] Normalizing identifier quoting [candidate_id]
2023-11-24 12:36:46,152 TRACE o.h.e.j.e.i.NormalizingIdentifierHelperImpl [NormalizingIdentifierHelperImpl.java:62] Normalizing identifier quoting [candidate_id]
2023-11-24 12:36:46,152 DEBUG o.h.b.m.i.AnnotatedColumn [AnnotatedColumn.java:249] Binding column: AnnotatedColumn(column='candidate_id')
2023-11-24 12:36:46,153 DEBUG o.h.b.m.i.PropertyBinder [PropertyBinder.java:251] MetadataSourceProcessor property candidateId with lazy=false
2023-11-24 12:36:46,153 DEBUG o.h.b.m.i.AbstractPropertyHolder [AbstractPropertyHolder.java:107] Attempting to locate auto-apply AttributeConverter for property [franco.maurizio.hr.desk.com.persistence.entity.SurveyReply:candidateId]
2023-11-24 12:36:46,153 DEBUG o.h.b.m.i.BasicValueBinder [BasicValueBinder.java:1196] building BasicValue for candidateId
2023-11-24 12:36:46,153 DEBUG o.h.m.BasicValue [BasicValue.java:259] Skipping column re-registration: surveyreplies.candidate_id
2023-11-24 12:36:46,154 TRACE o.h.e.j.e.i.NormalizingIdentifierHelperImpl [NormalizingIdentifierHelperImpl.java:62] Normalizing identifier quoting [candidate_id]
2023-11-24 12:36:46,154 DEBUG o.h.b.m.i.PropertyBinder [PropertyBinder.java:391] Building property candidateId
2023-11-24 12:36:46,154 TRACE o.h.b.m.i.PropertyBinder [PropertyBinder.java:407] Cascading candidateId with null
2023-11-24 12:36:46,155 TRACE o.h.b.m.i.PropertyBinder [PropertyBinder.java:695] Processing annotations of franco.maurizio.hr.desk.com.persistence.entity.SurveyReply.endtime
2023-11-24 12:36:46,155 TRACE o.h.e.j.e.i.NormalizingIdentifierHelperImpl [NormalizingIdentifierHelperImpl.java:62] Normalizing identifier quoting [endtime]
2023-11-24 12:36:46,155 TRACE o.h.e.j.e.i.NormalizingIdentifierHelperImpl [NormalizingIdentifierHelperImpl.java:62] Normalizing identifier quoting [endtime]
2023-11-24 12:36:46,155 DEBUG o.h.b.m.i.AnnotatedColumn [AnnotatedColumn.java:249] Binding column: AnnotatedColumn(column='endtime')
2023-11-24 12:36:46,156 DEBUG o.h.b.m.i.PropertyBinder [PropertyBinder.java:251] MetadataSourceProcessor property endtime with lazy=false
2023-11-24 12:36:46,156 DEBUG c.z.h.p.HikariPool [HikariPool.java:738] HikariPool-4 - Added connection com.mysql.cj.jdbc.ConnectionImpl@3bd4f865
2023-11-24 12:36:46,156 DEBUG o.h.b.m.i.AbstractPropertyHolder [AbstractPropertyHolder.java:107] Attempting to locate auto-apply AttributeConverter for property [franco.maurizio.hr.desk.com.persistence.entity.SurveyReply:endtime]
2023-11-24 12:36:46,156 DEBUG o.h.b.m.i.BasicValueBinder [BasicValueBinder.java:1196] building BasicValue for endtime
2023-11-24 12:36:46,156 DEBUG o.h.m.BasicValue [BasicValue.java:259] Skipping column re-registration: surveyreplies.endtime
2023-11-24 12:36:46,157 TRACE o.h.e.j.e.i.NormalizingIdentifierHelperImpl [NormalizingIdentifierHelperImpl.java:62] Normalizing identifier quoting [endtime]
2023-11-24 12:36:46,157 DEBUG o.h.b.m.i.PropertyBinder [PropertyBinder.java:391] Building property endtime
2023-11-24 12:36:46,157 TRACE o.h.b.m.i.PropertyBinder [PropertyBinder.java:407] Cascading endtime with null
2023-11-24 12:36:46,157 TRACE o.h.b.m.i.PropertyBinder [PropertyBinder.java:695] Processing annotations of franco.maurizio.hr.desk.com.persistence.entity.SurveyReply.generated_token
2023-11-24 12:36:46,157 TRACE o.h.e.j.e.i.NormalizingIdentifierHelperImpl [NormalizingIdentifierHelperImpl.java:62] Normalizing identifier quoting [generated_token]
2023-11-24 12:36:46,158 TRACE o.h.e.j.e.i.NormalizingIdentifierHelperImpl [NormalizingIdentifierHelperImpl.java:62] Normalizing identifier quoting [generated_token]
2023-11-24 12:36:46,158 DEBUG o.h.b.m.i.AnnotatedColumn [AnnotatedColumn.java:249] Binding column: AnnotatedColumn(column='generated_token')
2023-11-24 12:36:46,158 DEBUG o.h.b.m.i.PropertyBinder [PropertyBinder.java:251] MetadataSourceProcessor property generated_token with lazy=false
2023-11-24 12:36:46,158 DEBUG o.h.b.m.i.AbstractPropertyHolder [AbstractPropertyHolder.java:107] Attempting to locate auto-apply AttributeConverter for property [franco.maurizio.hr.desk.com.persistence.entity.SurveyReply:generated_token]
2023-11-24 12:36:46,158 DEBUG o.h.b.m.i.BasicValueBinder [BasicValueBinder.java:1196] building BasicValue for generated_token
2023-11-24 12:36:46,158 DEBUG o.h.m.BasicValue [BasicValue.java:259] Skipping column re-registration: surveyreplies.generated_token
2023-11-24 12:36:46,158 TRACE o.h.e.j.e.i.NormalizingIdentifierHelperImpl [NormalizingIdentifierHelperImpl.java:62] Normalizing identifier quoting [generated_token]
2023-11-24 12:36:46,158 DEBUG o.h.b.m.i.PropertyBinder [PropertyBinder.java:391] Building property generated_token
2023-11-24 12:36:46,159 TRACE o.h.b.m.i.PropertyBinder [PropertyBinder.java:407] Cascading generated_token with null
2023-11-24 12:36:46,159 TRACE o.h.b.m.i.PropertyBinder [PropertyBinder.java:695] Processing annotations of franco.maurizio.hr.desk.com.persistence.entity.SurveyReply.pdffilename
2023-11-24 12:36:46,159 TRACE o.h.e.j.e.i.NormalizingIdentifierHelperImpl [NormalizingIdentifierHelperImpl.java:62] Normalizing identifier quoting [pdffilename]
2023-11-24 12:36:46,159 TRACE o.h.e.j.e.i.NormalizingIdentifierHelperImpl [NormalizingIdentifierHelperImpl.java:62] Normalizing identifier quoting [pdffilename]
2023-11-24 12:36:46,159 DEBUG o.h.b.m.i.AnnotatedColumn [AnnotatedColumn.java:249] Binding column: AnnotatedColumn(column='pdffilename')
2023-11-24 12:36:46,159 DEBUG o.h.b.m.i.PropertyBinder [PropertyBinder.java:251] MetadataSourceProcessor property pdffilename with lazy=false
2023-11-24 12:36:46,159 DEBUG o.h.b.m.i.AbstractPropertyHolder [AbstractPropertyHolder.java:107] Attempting to locate auto-apply AttributeConverter for property [franco.maurizio.hr.desk.com.persistence.entity.SurveyReply:pdffilename]
2023-11-24 12:36:46,159 DEBUG o.h.b.m.i.BasicValueBinder [BasicValueBinder.java:1196] building BasicValue for pdffilename
2023-11-24 12:36:46,160 DEBUG o.h.m.BasicValue [BasicValue.java:259] Skipping column re-registration: surveyreplies.pdffilename
2023-11-24 12:36:46,160 TRACE o.h.e.j.e.i.NormalizingIdentifierHelperImpl [NormalizingIdentifierHelperImpl.java:62] Normalizing identifier quoting [pdffilename]
2023-11-24 12:36:46,160 DEBUG o.h.b.m.i.PropertyBinder [PropertyBinder.java:391] Building property pdffilename
2023-11-24 12:36:46,160 TRACE o.h.b.m.i.PropertyBinder [PropertyBinder.java:407] Cascading pdffilename with null
2023-11-24 12:36:46,160 TRACE o.h.b.m.i.PropertyBinder [PropertyBinder.java:695] Processing annotations of franco.maurizio.hr.desk.com.persistence.entity.SurveyReply.points
2023-11-24 12:36:46,160 TRACE o.h.e.j.e.i.NormalizingIdentifierHelperImpl [NormalizingIdentifierHelperImpl.java:62] Normalizing identifier quoting [points]
2023-11-24 12:36:46,160 TRACE o.h.e.j.e.i.NormalizingIdentifierHelperImpl [NormalizingIdentifierHelperImpl.java:62] Normalizing identifier quoting [points]
2023-11-24 12:36:46,161 DEBUG o.h.b.m.i.AnnotatedColumn [AnnotatedColumn.java:249] Binding column: AnnotatedColumn(column='points')
2023-11-24 12:36:46,161 DEBUG o.h.b.m.i.PropertyBinder [PropertyBinder.java:251] MetadataSourceProcessor property points with lazy=false
2023-11-24 12:36:46,161 DEBUG o.h.b.m.i.AbstractPropertyHolder [AbstractPropertyHolder.java:107] Attempting to locate auto-apply AttributeConverter for property [franco.maurizio.hr.desk.com.persistence.entity.SurveyReply:points]
2023-11-24 12:36:46,161 DEBUG o.h.b.m.i.BasicValueBinder [BasicValueBinder.java:1196] building BasicValue for points
2023-11-24 12:36:46,161 DEBUG o.h.m.BasicValue [BasicValue.java:259] Skipping column re-registration: surveyreplies.points
2023-11-24 12:36:46,161 TRACE o.h.e.j.e.i.NormalizingIdentifierHelperImpl [NormalizingIdentifierHelperImpl.java:62] Normalizing identifier quoting [points]
2023-11-24 12:36:46,161 DEBUG o.h.b.m.i.PropertyBinder [PropertyBinder.java:391] Building property points
2023-11-24 12:36:46,162 TRACE o.h.b.m.i.PropertyBinder [PropertyBinder.java:407] Cascading points with null
2023-11-24 12:36:46,162 TRACE o.h.b.m.i.PropertyBinder [PropertyBinder.java:695] Processing annotations of franco.maurizio.hr.desk.com.persistence.entity.SurveyReply.starttime
2023-11-24 12:36:46,162 TRACE o.h.e.j.e.i.NormalizingIdentifierHelperImpl [NormalizingIdentifierHelperImpl.java:62] Normalizing identifier quoting [starttime]
2023-11-24 12:36:46,162 TRACE o.h.e.j.e.i.NormalizingIdentifierHelperImpl [NormalizingIdentifierHelperImpl.java:62] Normalizing identifier quoting [starttime]
2023-11-24 12:36:46,162 DEBUG o.h.b.m.i.AnnotatedColumn [AnnotatedColumn.java:249] Binding column: AnnotatedColumn(column='starttime')
2023-11-24 12:36:46,162 DEBUG o.h.b.m.i.PropertyBinder [PropertyBinder.java:251] MetadataSourceProcessor property starttime with lazy=false
2023-11-24 12:36:46,162 DEBUG o.h.b.m.i.AbstractPropertyHolder [AbstractPropertyHolder.java:107] Attempting to locate auto-apply AttributeConverter for property [franco.maurizio.hr.desk.com.persistence.entity.SurveyReply:starttime]
2023-11-24 12:36:46,163 DEBUG o.h.b.m.i.BasicValueBinder [BasicValueBinder.java:1196] building BasicValue for starttime
2023-11-24 12:36:46,163 DEBUG o.h.m.BasicValue [BasicValue.java:259] Skipping column re-registration: surveyreplies.starttime
2023-11-24 12:36:46,163 TRACE o.h.e.j.e.i.NormalizingIdentifierHelperImpl [NormalizingIdentifierHelperImpl.java:62] Normalizing identifier quoting [starttime]
2023-11-24 12:36:46,163 DEBUG o.h.b.m.i.PropertyBinder [PropertyBinder.java:391] Building property starttime
2023-11-24 12:36:46,163 TRACE o.h.b.m.i.PropertyBinder [PropertyBinder.java:407] Cascading starttime with null
2023-11-24 12:36:46,163 TRACE o.h.b.m.i.PropertyBinder [PropertyBinder.java:695] Processing annotations of franco.maurizio.hr.desk.com.persistence.entity.SurveyReply.surveyId
2023-11-24 12:36:46,163 TRACE o.h.e.j.e.i.NormalizingIdentifierHelperImpl [NormalizingIdentifierHelperImpl.java:62] Normalizing identifier quoting [survey_id]
2023-11-24 12:36:46,164 TRACE o.h.e.j.e.i.NormalizingIdentifierHelperImpl [NormalizingIdentifierHelperImpl.java:62] Normalizing identifier quoting [survey_id]
2023-11-24 12:36:46,164 DEBUG o.h.b.m.i.AnnotatedColumn [AnnotatedColumn.java:249] Binding column: AnnotatedColumn(column='survey_id')
2023-11-24 12:36:46,164 DEBUG o.h.b.m.i.PropertyBinder [PropertyBinder.java:251] MetadataSourceProcessor property surveyId with lazy=false
2023-11-24 12:36:46,164 DEBUG o.h.b.m.i.AbstractPropertyHolder [AbstractPropertyHolder.java:107] Attempting to locate auto-apply AttributeConverter for property [franco.maurizio.hr.desk.com.persistence.entity.SurveyReply:surveyId]
2023-11-24 12:36:46,164 DEBUG o.h.b.m.i.BasicValueBinder [BasicValueBinder.java:1196] building BasicValue for surveyId
2023-11-24 12:36:46,164 DEBUG o.h.m.BasicValue [BasicValue.java:259] Skipping column re-registration: surveyreplies.survey_id
2023-11-24 12:36:46,164 TRACE o.h.e.j.e.i.NormalizingIdentifierHelperImpl [NormalizingIdentifierHelperImpl.java:62] Normalizing identifier quoting [survey_id]
2023-11-24 12:36:46,164 DEBUG o.h.b.m.i.PropertyBinder [PropertyBinder.java:391] Building property surveyId
2023-11-24 12:36:46,165 TRACE o.h.b.m.i.PropertyBinder [PropertyBinder.java:407] Cascading surveyId with null
2023-11-24 12:36:46,165 DEBUG o.h.b.m.i.EntityBinder [EntityBinder.java:206] Binding entity from annotated class: franco.maurizio.hr.desk.com.persistence.entity.PositionUserOwner
2023-11-24 12:36:46,165 DEBUG o.h.b.m.i.EntityBinder [EntityBinder.java:1224] Import with entity name PositionUserOwner
2023-11-24 12:36:46,165 TRACE o.h.b.i.InFlightMetadataCollectorImpl [InFlightMetadataCollectorImpl.java:878] Import: PositionUserOwner -> franco.maurizio.hr.desk.com.persistence.entity.PositionUserOwner
2023-11-24 12:36:46,165 TRACE o.h.b.i.InFlightMetadataCollectorImpl [InFlightMetadataCollectorImpl.java:878] Import: franco.maurizio.hr.desk.com.persistence.entity.PositionUserOwner -> franco.maurizio.hr.desk.com.persistence.entity.PositionUserOwner
2023-11-24 12:36:46,165 TRACE o.h.e.j.e.i.NormalizingIdentifierHelperImpl [NormalizingIdentifierHelperImpl.java:62] Normalizing identifier quoting [positionuserowner]
2023-11-24 12:36:46,166 TRACE o.h.e.j.e.i.NormalizingIdentifierHelperImpl [NormalizingIdentifierHelperImpl.java:62] Normalizing identifier quoting [positionuserowner]
2023-11-24 12:36:46,166 DEBUG o.h.b.m.i.EntityBinder [EntityBinder.java:1769] Bind entity franco.maurizio.hr.desk.com.persistence.entity.PositionUserOwner on table positionuserowner
2023-11-24 12:36:46,166 TRACE o.h.e.j.e.i.NormalizingIdentifierHelperImpl [NormalizingIdentifierHelperImpl.java:62] Normalizing identifier quoting [DTYPE]
2023-11-24 12:36:46,166 DEBUG o.h.b.m.i.AnnotatedColumn [AnnotatedColumn.java:249] Binding column: AnnotatedDiscriminatorColumn(column='DTYPE')
2023-11-24 12:36:46,166 TRACE o.h.b.m.i.PropertyBinder [PropertyBinder.java:695] Processing annotations of franco.maurizio.hr.desk.com.persistence.entity.PositionUserOwner.id
2023-11-24 12:36:46,166 TRACE o.h.e.j.e.i.NormalizingIdentifierHelperImpl [NormalizingIdentifierHelperImpl.java:62] Normalizing identifier quoting [id]
2023-11-24 12:36:46,167 TRACE o.h.e.j.e.i.NormalizingIdentifierHelperImpl [NormalizingIdentifierHelperImpl.java:62] Normalizing identifier quoting [id]
2023-11-24 12:36:46,167 DEBUG o.h.b.m.i.AnnotatedColumn [AnnotatedColumn.java:249] Binding column: AnnotatedColumn(column='id')
2023-11-24 12:36:46,167 DEBUG o.h.b.i.ClassLoaderAccessImpl [ClassLoaderAccessImpl.java:60] Not known whether passed class name [franco.maurizio.hr.desk.com.persistence.entity.PositionUserOwner] is safe
2023-11-24 12:36:46,167 DEBUG o.h.b.i.ClassLoaderAccessImpl [ClassLoaderAccessImpl.java:62] No temp ClassLoader provided; using live ClassLoader for loading potentially unsafe class : franco.maurizio.hr.desk.com.persistence.entity.PositionUserOwner
2023-11-24 12:36:46,167 DEBUG o.h.b.m.i.PropertyBinder [PropertyBinder.java:251] MetadataSourceProcessor property id with lazy=false
2023-11-24 12:36:46,167 DEBUG o.h.b.m.i.AbstractPropertyHolder [AbstractPropertyHolder.java:107] Attempting to locate auto-apply AttributeConverter for property [franco.maurizio.hr.desk.com.persistence.entity.PositionUserOwner:id]
2023-11-24 12:36:46,168 DEBUG o.h.b.m.i.BasicValueBinder [BasicValueBinder.java:1196] building BasicValue for id
2023-11-24 12:36:46,168 DEBUG o.h.m.BasicValue [BasicValue.java:259] Skipping column re-registration: positionuserowner.id
2023-11-24 12:36:46,168 TRACE o.h.e.j.e.i.NormalizingIdentifierHelperImpl [NormalizingIdentifierHelperImpl.java:62] Normalizing identifier quoting [id]
2023-11-24 12:36:46,168 DEBUG o.h.b.m.i.PropertyBinder [PropertyBinder.java:391] Building property id
2023-11-24 12:36:46,168 TRACE o.h.b.m.i.PropertyBinder [PropertyBinder.java:407] Cascading id with null
2023-11-24 12:36:46,168 DEBUG o.h.b.m.i.BinderHelper [GeneratorBinder.java:73] #makeIdGenerator(BasicValue([Column(id)]), id, identity, , ...)
2023-11-24 12:36:46,168 TRACE o.h.b.m.i.PropertyBinder [PropertyBinder.java:1327] Bind @Id on id
2023-11-24 12:36:46,168 TRACE o.h.b.m.i.PropertyBinder [PropertyBinder.java:695] Processing annotations of franco.maurizio.hr.desk.com.persistence.entity.PositionUserOwner.coursePageId
2023-11-24 12:36:46,169 TRACE o.h.e.j.e.i.NormalizingIdentifierHelperImpl [NormalizingIdentifierHelperImpl.java:62] Normalizing identifier quoting [course_page_id]
2023-11-24 12:36:46,169 TRACE o.h.e.j.e.i.NormalizingIdentifierHelperImpl [NormalizingIdentifierHelperImpl.java:62] Normalizing identifier quoting [course_page_id]
2023-11-24 12:36:46,169 DEBUG o.h.b.m.i.AnnotatedColumn [AnnotatedColumn.java:249] Binding column: AnnotatedColumn(column='course_page_id')
2023-11-24 12:36:46,169 DEBUG o.h.b.m.i.PropertyBinder [PropertyBinder.java:251] MetadataSourceProcessor property coursePageId with lazy=false
2023-11-24 12:36:46,169 DEBUG o.h.b.m.i.AbstractPropertyHolder [AbstractPropertyHolder.java:107] Attempting to locate auto-apply AttributeConverter for property [franco.maurizio.hr.desk.com.persistence.entity.PositionUserOwner:coursePageId]
2023-11-24 12:36:46,170 DEBUG o.h.b.m.i.BasicValueBinder [BasicValueBinder.java:1196] building BasicValue for coursePageId
2023-11-24 12:36:46,170 DEBUG c.z.h.p.HikariPool [HikariPool.java:738] HikariPool-4 - Added connection com.mysql.cj.jdbc.ConnectionImpl@30c78d77
2023-11-24 12:36:46,170 DEBUG o.h.m.BasicValue [BasicValue.java:259] Skipping column re-registration: positionuserowner.course_page_id
2023-11-24 12:36:46,170 TRACE o.h.e.j.e.i.NormalizingIdentifierHelperImpl [NormalizingIdentifierHelperImpl.java:62] Normalizing identifier quoting [course_page_id]
2023-11-24 12:36:46,170 DEBUG o.h.b.m.i.PropertyBinder [PropertyBinder.java:391] Building property coursePageId
2023-11-24 12:36:46,171 TRACE o.h.b.m.i.PropertyBinder [PropertyBinder.java:407] Cascading coursePageId with null
2023-11-24 12:36:46,171 TRACE o.h.b.m.i.PropertyBinder [PropertyBinder.java:695] Processing annotations of franco.maurizio.hr.desk.com.persistence.entity.PositionUserOwner.userId
2023-11-24 12:36:46,171 TRACE o.h.e.j.e.i.NormalizingIdentifierHelperImpl [NormalizingIdentifierHelperImpl.java:62] Normalizing identifier quoting [user_id]
2023-11-24 12:36:46,171 TRACE o.h.e.j.e.i.NormalizingIdentifierHelperImpl [NormalizingIdentifierHelperImpl.java:62] Normalizing identifier quoting [user_id]
2023-11-24 12:36:46,172 DEBUG o.h.b.m.i.AnnotatedColumn [AnnotatedColumn.java:249] Binding column: AnnotatedColumn(column='user_id')
2023-11-24 12:36:46,172 DEBUG o.h.b.m.i.PropertyBinder [PropertyBinder.java:251] MetadataSourceProcessor property userId with lazy=false
2023-11-24 12:36:46,172 DEBUG o.h.b.m.i.AbstractPropertyHolder [AbstractPropertyHolder.java:107] Attempting to locate auto-apply AttributeConverter for property [franco.maurizio.hr.desk.com.persistence.entity.PositionUserOwner:userId]
2023-11-24 12:36:46,172 DEBUG o.h.b.m.i.BasicValueBinder [BasicValueBinder.java:1196] building BasicValue for userId
2023-11-24 12:36:46,173 DEBUG o.h.m.BasicValue [BasicValue.java:259] Skipping column re-registration: positionuserowner.user_id
2023-11-24 12:36:46,173 TRACE o.h.e.j.e.i.NormalizingIdentifierHelperImpl [NormalizingIdentifierHelperImpl.java:62] Normalizing identifier quoting [user_id]
2023-11-24 12:36:46,173 DEBUG o.h.b.m.i.PropertyBinder [PropertyBinder.java:391] Building property userId
2023-11-24 12:36:46,173 TRACE o.h.b.m.i.PropertyBinder [PropertyBinder.java:407] Cascading userId with null
2023-11-24 12:36:46,174 DEBUG o.h.b.m.i.EntityBinder [EntityBinder.java:206] Binding entity from annotated class: franco.maurizio.hr.desk.com.persistence.entity.SurveyQuestion
2023-11-24 12:36:46,174 DEBUG o.h.b.m.i.EntityBinder [EntityBinder.java:1224] Import with entity name SurveyQuestion
2023-11-24 12:36:46,174 TRACE o.h.b.i.InFlightMetadataCollectorImpl [InFlightMetadataCollectorImpl.java:878] Import: SurveyQuestion -> franco.maurizio.hr.desk.com.persistence.entity.SurveyQuestion
2023-11-24 12:36:46,174 TRACE o.h.b.i.InFlightMetadataCollectorImpl [InFlightMetadataCollectorImpl.java:878] Import: franco.maurizio.hr.desk.com.persistence.entity.SurveyQuestion -> franco.maurizio.hr.desk.com.persistence.entity.SurveyQuestion
2023-11-24 12:36:46,175 TRACE o.h.e.j.e.i.NormalizingIdentifierHelperImpl [NormalizingIdentifierHelperImpl.java:62] Normalizing identifier quoting [surveyquestions]
2023-11-24 12:36:46,175 TRACE o.h.e.j.e.i.NormalizingIdentifierHelperImpl [NormalizingIdentifierHelperImpl.java:62] Normalizing identifier quoting [surveyquestions]
2023-11-24 12:36:46,175 DEBUG o.h.b.m.i.EntityBinder [EntityBinder.java:1769] Bind entity franco.maurizio.hr.desk.com.persistence.entity.SurveyQuestion on table surveyquestions
2023-11-24 12:36:46,176 TRACE o.h.e.j.e.i.NormalizingIdentifierHelperImpl [NormalizingIdentifierHelperImpl.java:62] Normalizing identifier quoting [DTYPE]
2023-11-24 12:36:46,176 DEBUG o.h.b.m.i.AnnotatedColumn [AnnotatedColumn.java:249] Binding column: AnnotatedDiscriminatorColumn(column='DTYPE')
2023-11-24 12:36:46,177 TRACE o.h.b.m.i.PropertyBinder [PropertyBinder.java:695] Processing annotations of franco.maurizio.hr.desk.com.persistence.entity.SurveyQuestion.id
2023-11-24 12:36:46,177 TRACE o.h.e.j.e.i.NormalizingIdentifierHelperImpl [NormalizingIdentifierHelperImpl.java:62] Normalizing identifier quoting [id]
2023-11-24 12:36:46,178 TRACE o.h.e.j.e.i.NormalizingIdentifierHelperImpl [NormalizingIdentifierHelperImpl.java:62] Normalizing identifier quoting [id]
2023-11-24 12:36:46,178 DEBUG o.h.b.m.i.AnnotatedColumn [AnnotatedColumn.java:249] Binding column: AnnotatedColumn(column='id')
2023-11-24 12:36:46,178 DEBUG o.h.b.i.ClassLoaderAccessImpl [ClassLoaderAccessImpl.java:60] Not known whether passed class name [franco.maurizio.hr.desk.com.persistence.entity.SurveyQuestion] is safe
2023-11-24 12:36:46,178 DEBUG o.h.b.i.ClassLoaderAccessImpl [ClassLoaderAccessImpl.java:62] No temp ClassLoader provided; using live ClassLoader for loading potentially unsafe class : franco.maurizio.hr.desk.com.persistence.entity.SurveyQuestion
2023-11-24 12:36:46,178 DEBUG o.h.b.m.i.PropertyBinder [PropertyBinder.java:251] MetadataSourceProcessor property id with lazy=false
2023-11-24 12:36:46,179 DEBUG o.h.b.m.i.AbstractPropertyHolder [AbstractPropertyHolder.java:107] Attempting to locate auto-apply AttributeConverter for property [franco.maurizio.hr.desk.com.persistence.entity.SurveyQuestion:id]
2023-11-24 12:36:46,179 DEBUG o.h.b.m.i.BasicValueBinder [BasicValueBinder.java:1196] building BasicValue for id
2023-11-24 12:36:46,179 DEBUG o.h.m.BasicValue [BasicValue.java:259] Skipping column re-registration: surveyquestions.id
2023-11-24 12:36:46,179 TRACE o.h.e.j.e.i.NormalizingIdentifierHelperImpl [NormalizingIdentifierHelperImpl.java:62] Normalizing identifier quoting [id]
2023-11-24 12:36:46,179 DEBUG o.h.b.m.i.PropertyBinder [PropertyBinder.java:391] Building property id
2023-11-24 12:36:46,180 TRACE o.h.b.m.i.PropertyBinder [PropertyBinder.java:407] Cascading id with null
2023-11-24 12:36:46,180 DEBUG o.h.b.m.i.BinderHelper [GeneratorBinder.java:73] #makeIdGenerator(BasicValue([Column(id)]), id, identity, , ...)
2023-11-24 12:36:46,180 TRACE o.h.b.m.i.PropertyBinder [PropertyBinder.java:1327] Bind @Id on id
2023-11-24 12:36:46,180 TRACE o.h.b.m.i.PropertyBinder [PropertyBinder.java:695] Processing annotations of franco.maurizio.hr.desk.com.persistence.entity.SurveyQuestion.position
2023-11-24 12:36:46,180 TRACE o.h.e.j.e.i.NormalizingIdentifierHelperImpl [NormalizingIdentifierHelperImpl.java:62] Normalizing identifier quoting [position]
2023-11-24 12:36:46,181 TRACE o.h.e.j.e.i.NormalizingIdentifierHelperImpl [NormalizingIdentifierHelperImpl.java:62] Normalizing identifier quoting [position]
2023-11-24 12:36:46,181 DEBUG o.h.b.m.i.AnnotatedColumn [AnnotatedColumn.java:249] Binding column: AnnotatedColumn(column='position')
2023-11-24 12:36:46,181 DEBUG o.h.b.m.i.PropertyBinder [PropertyBinder.java:251] MetadataSourceProcessor property position with lazy=false
2023-11-24 12:36:46,182 DEBUG o.h.b.m.i.AbstractPropertyHolder [AbstractPropertyHolder.java:107] Attempting to locate auto-apply AttributeConverter for property [franco.maurizio.hr.desk.com.persistence.entity.SurveyQuestion:position]
2023-11-24 12:36:46,182 DEBUG o.h.b.m.i.BasicValueBinder [BasicValueBinder.java:1196] building BasicValue for position
2023-11-24 12:36:46,182 DEBUG o.h.m.BasicValue [BasicValue.java:259] Skipping column re-registration: surveyquestions.position
2023-11-24 12:36:46,182 TRACE o.h.e.j.e.i.NormalizingIdentifierHelperImpl [NormalizingIdentifierHelperImpl.java:62] Normalizing identifier quoting [position]
2023-11-24 12:36:46,182 DEBUG o.h.b.m.i.PropertyBinder [PropertyBinder.java:391] Building property position
2023-11-24 12:36:46,183 TRACE o.h.b.m.i.PropertyBinder [PropertyBinder.java:407] Cascading position with null
2023-11-24 12:36:46,183 TRACE o.h.b.m.i.PropertyBinder [PropertyBinder.java:695] Processing annotations of franco.maurizio.hr.desk.com.persistence.entity.SurveyQuestion.questionId
2023-11-24 12:36:46,183 TRACE o.h.e.j.e.i.NormalizingIdentifierHelperImpl [NormalizingIdentifierHelperImpl.java:62] Normalizing identifier quoting [question_id]
2023-11-24 12:36:46,184 DEBUG c.z.h.p.HikariPool [HikariPool.java:738] HikariPool-4 - Added connection com.mysql.cj.jdbc.ConnectionImpl@3f9aa718
2023-11-24 12:36:46,184 TRACE o.h.e.j.e.i.NormalizingIdentifierHelperImpl [NormalizingIdentifierHelperImpl.java:62] Normalizing identifier quoting [question_id]
2023-11-24 12:36:46,184 DEBUG o.h.b.m.i.AnnotatedColumn [AnnotatedColumn.java:249] Binding column: AnnotatedColumn(column='question_id')
2023-11-24 12:36:46,184 DEBUG o.h.b.m.i.PropertyBinder [PropertyBinder.java:251] MetadataSourceProcessor property questionId with lazy=false
2023-11-24 12:36:46,184 DEBUG o.h.b.m.i.AbstractPropertyHolder [AbstractPropertyHolder.java:107] Attempting to locate auto-apply AttributeConverter for property [franco.maurizio.hr.desk.com.persistence.entity.SurveyQuestion:questionId]
2023-11-24 12:36:46,185 DEBUG o.h.b.m.i.BasicValueBinder [BasicValueBinder.java:1196] building BasicValue for questionId
2023-11-24 12:36:46,185 DEBUG o.h.m.BasicValue [BasicValue.java:259] Skipping column re-registration: surveyquestions.question_id
2023-11-24 12:36:46,185 TRACE o.h.e.j.e.i.NormalizingIdentifierHelperImpl [NormalizingIdentifierHelperImpl.java:62] Normalizing identifier quoting [question_id]
2023-11-24 12:36:46,185 DEBUG o.h.b.m.i.PropertyBinder [PropertyBinder.java:391] Building property questionId
2023-11-24 12:36:46,185 TRACE o.h.b.m.i.PropertyBinder [PropertyBinder.java:407] Cascading questionId with null
2023-11-24 12:36:46,186 TRACE o.h.b.m.i.PropertyBinder [PropertyBinder.java:695] Processing annotations of franco.maurizio.hr.desk.com.persistence.entity.SurveyQuestion.surveyId
2023-11-24 12:36:46,186 TRACE o.h.e.j.e.i.NormalizingIdentifierHelperImpl [NormalizingIdentifierHelperImpl.java:62] Normalizing identifier quoting [survey_id]
2023-11-24 12:36:46,186 TRACE o.h.e.j.e.i.NormalizingIdentifierHelperImpl [NormalizingIdentifierHelperImpl.java:62] Normalizing identifier quoting [survey_id]
2023-11-24 12:36:46,187 DEBUG o.h.b.m.i.AnnotatedColumn [AnnotatedColumn.java:249] Binding column: AnnotatedColumn(column='survey_id')
2023-11-24 12:36:46,187 DEBUG o.h.b.m.i.PropertyBinder [PropertyBinder.java:251] MetadataSourceProcessor property surveyId with lazy=false
2023-11-24 12:36:46,187 DEBUG o.h.b.m.i.AbstractPropertyHolder [AbstractPropertyHolder.java:107] Attempting to locate auto-apply AttributeConverter for property [franco.maurizio.hr.desk.com.persistence.entity.SurveyQuestion:surveyId]
2023-11-24 12:36:46,187 DEBUG o.h.b.m.i.BasicValueBinder [BasicValueBinder.java:1196] building BasicValue for surveyId
2023-11-24 12:36:46,188 DEBUG o.h.m.BasicValue [BasicValue.java:259] Skipping column re-registration: surveyquestions.survey_id
2023-11-24 12:36:46,188 TRACE o.h.e.j.e.i.NormalizingIdentifierHelperImpl [NormalizingIdentifierHelperImpl.java:62] Normalizing identifier quoting [survey_id]
2023-11-24 12:36:46,188 DEBUG o.h.b.m.i.PropertyBinder [PropertyBinder.java:391] Building property surveyId
2023-11-24 12:36:46,188 TRACE o.h.b.m.i.PropertyBinder [PropertyBinder.java:407] Cascading surveyId with null
2023-11-24 12:36:46,189 DEBUG o.h.b.m.i.EntityBinder [EntityBinder.java:206] Binding entity from annotated class: franco.maurizio.hr.desk.com.persistence.entity.CoursePage
2023-11-24 12:36:46,189 DEBUG o.h.b.m.i.EntityBinder [EntityBinder.java:1224] Import with entity name CoursePage
2023-11-24 12:36:46,189 TRACE o.h.b.i.InFlightMetadataCollectorImpl [InFlightMetadataCollectorImpl.java:878] Import: CoursePage -> franco.maurizio.hr.desk.com.persistence.entity.CoursePage
2023-11-24 12:36:46,190 TRACE o.h.b.i.InFlightMetadataCollectorImpl [InFlightMetadataCollectorImpl.java:878] Import: franco.maurizio.hr.desk.com.persistence.entity.CoursePage -> franco.maurizio.hr.desk.com.persistence.entity.CoursePage
2023-11-24 12:36:46,190 TRACE o.h.e.j.e.i.NormalizingIdentifierHelperImpl [NormalizingIdentifierHelperImpl.java:62] Normalizing identifier quoting [coursepage]
2023-11-24 12:36:46,190 TRACE o.h.e.j.e.i.NormalizingIdentifierHelperImpl [NormalizingIdentifierHelperImpl.java:62] Normalizing identifier quoting [coursepage]
2023-11-24 12:36:46,190 DEBUG o.h.b.m.i.EntityBinder [EntityBinder.java:1769] Bind entity franco.maurizio.hr.desk.com.persistence.entity.CoursePage on table coursepage
2023-11-24 12:36:46,191 TRACE o.h.e.j.e.i.NormalizingIdentifierHelperImpl [NormalizingIdentifierHelperImpl.java:62] Normalizing identifier quoting [DTYPE]
2023-11-24 12:36:46,191 DEBUG o.h.b.m.i.AnnotatedColumn [AnnotatedColumn.java:249] Binding column: AnnotatedDiscriminatorColumn(column='DTYPE')
2023-11-24 12:36:46,191 TRACE o.h.b.m.i.PropertyBinder [PropertyBinder.java:695] Processing annotations of franco.maurizio.hr.desk.com.persistence.entity.CoursePage.id
2023-11-24 12:36:46,192 TRACE o.h.e.j.e.i.NormalizingIdentifierHelperImpl [NormalizingIdentifierHelperImpl.java:62] Normalizing identifier quoting [id]
2023-11-24 12:36:46,192 TRACE o.h.e.j.e.i.NormalizingIdentifierHelperImpl [NormalizingIdentifierHelperImpl.java:62] Normalizing identifier quoting [id]
2023-11-24 12:36:46,192 DEBUG o.h.b.m.i.AnnotatedColumn [AnnotatedColumn.java:249] Binding column: AnnotatedColumn(column='id')
2023-11-24 12:36:46,193 DEBUG o.h.b.i.ClassLoaderAccessImpl [ClassLoaderAccessImpl.java:60] Not known whether passed class name [franco.maurizio.hr.desk.com.persistence.entity.CoursePage] is safe
2023-11-24 12:36:46,193 DEBUG o.h.b.i.ClassLoaderAccessImpl [ClassLoaderAccessImpl.java:62] No temp ClassLoader provided; using live ClassLoader for loading potentially unsafe class : franco.maurizio.hr.desk.com.persistence.entity.CoursePage
2023-11-24 12:36:46,193 DEBUG o.h.b.m.i.PropertyBinder [PropertyBinder.java:251] MetadataSourceProcessor property id with lazy=false
2023-11-24 12:36:46,193 DEBUG o.h.b.m.i.AbstractPropertyHolder [AbstractPropertyHolder.java:107] Attempting to locate auto-apply AttributeConverter for property [franco.maurizio.hr.desk.com.persistence.entity.CoursePage:id]
2023-11-24 12:36:46,194 DEBUG o.h.b.m.i.BasicValueBinder [BasicValueBinder.java:1196] building BasicValue for id
2023-11-24 12:36:46,194 DEBUG o.h.m.BasicValue [BasicValue.java:259] Skipping column re-registration: coursepage.id
2023-11-24 12:36:46,194 TRACE o.h.e.j.e.i.NormalizingIdentifierHelperImpl [NormalizingIdentifierHelperImpl.java:62] Normalizing identifier quoting [id]
2023-11-24 12:36:46,194 DEBUG o.h.b.m.i.PropertyBinder [PropertyBinder.java:391] Building property id
2023-11-24 12:36:46,195 TRACE o.h.b.m.i.PropertyBinder [PropertyBinder.java:407] Cascading id with null
2023-11-24 12:36:46,195 DEBUG o.h.b.m.i.BinderHelper [GeneratorBinder.java:73] #makeIdGenerator(BasicValue([Column(id)]), id, identity, , ...)
2023-11-24 12:36:46,196 TRACE o.h.b.m.i.PropertyBinder [PropertyBinder.java:1327] Bind @Id on id
2023-11-24 12:36:46,196 TRACE o.h.b.m.i.PropertyBinder [PropertyBinder.java:695] Processing annotations of franco.maurizio.hr.desk.com.persistence.entity.CoursePage.bodyText
2023-11-24 12:36:46,196 TRACE o.h.e.j.e.i.NormalizingIdentifierHelperImpl [NormalizingIdentifierHelperImpl.java:62] Normalizing identifier quoting [body_text]
2023-11-24 12:36:46,197 TRACE o.h.e.j.e.i.NormalizingIdentifierHelperImpl [NormalizingIdentifierHelperImpl.java:62] Normalizing identifier quoting [body_text]
2023-11-24 12:36:46,197 DEBUG o.h.b.m.i.AnnotatedColumn [AnnotatedColumn.java:249] Binding column: AnnotatedColumn(column='body_text')
2023-11-24 12:36:46,198 DEBUG o.h.b.m.i.PropertyBinder [PropertyBinder.java:251] MetadataSourceProcessor property bodyText with lazy=false
2023-11-24 12:36:46,198 DEBUG o.h.b.m.i.AbstractPropertyHolder [AbstractPropertyHolder.java:107] Attempting to locate auto-apply AttributeConverter for property [franco.maurizio.hr.desk.com.persistence.entity.CoursePage:bodyText]
2023-11-24 12:36:46,198 DEBUG o.h.b.m.i.BasicValueBinder [BasicValueBinder.java:1196] building BasicValue for bodyText
2023-11-24 12:36:46,198 DEBUG o.h.m.BasicValue [BasicValue.java:259] Skipping column re-registration: coursepage.body_text
2023-11-24 12:36:46,198 TRACE o.h.e.j.e.i.NormalizingIdentifierHelperImpl [NormalizingIdentifierHelperImpl.java:62] Normalizing identifier quoting [body_text]
2023-11-24 12:36:46,199 DEBUG c.z.h.p.HikariPool [HikariPool.java:738] HikariPool-4 - Added connection com.mysql.cj.jdbc.ConnectionImpl@25bd6d8b
2023-11-24 12:36:46,199 DEBUG o.h.b.m.i.PropertyBinder [PropertyBinder.java:391] Building property bodyText
2023-11-24 12:36:46,199 TRACE o.h.b.m.i.PropertyBinder [PropertyBinder.java:407] Cascading bodyText with null
2023-11-24 12:36:46,199 TRACE o.h.b.m.i.PropertyBinder [PropertyBinder.java:695] Processing annotations of franco.maurizio.hr.desk.com.persistence.entity.CoursePage.code
2023-11-24 12:36:46,199 TRACE o.h.e.j.e.i.NormalizingIdentifierHelperImpl [NormalizingIdentifierHelperImpl.java:62] Normalizing identifier quoting [code]
2023-11-24 12:36:46,200 TRACE o.h.e.j.e.i.NormalizingIdentifierHelperImpl [NormalizingIdentifierHelperImpl.java:62] Normalizing identifier quoting [code]
2023-11-24 12:36:46,200 DEBUG o.h.b.m.i.AnnotatedColumn [AnnotatedColumn.java:249] Binding column: AnnotatedColumn(column='code')
2023-11-24 12:36:46,200 DEBUG o.h.b.m.i.PropertyBinder [PropertyBinder.java:251] MetadataSourceProcessor property code with lazy=false
2023-11-24 12:36:46,200 DEBUG o.h.b.m.i.AbstractPropertyHolder [AbstractPropertyHolder.java:107] Attempting to locate auto-apply AttributeConverter for property [franco.maurizio.hr.desk.com.persistence.entity.CoursePage:code]
2023-11-24 12:36:46,201 DEBUG o.h.b.m.i.BasicValueBinder [BasicValueBinder.java:1196] building BasicValue for code
2023-11-24 12:36:46,201 DEBUG o.h.m.BasicValue [BasicValue.java:259] Skipping column re-registration: coursepage.code
2023-11-24 12:36:46,201 TRACE o.h.e.j.e.i.NormalizingIdentifierHelperImpl [NormalizingIdentifierHelperImpl.java:62] Normalizing identifier quoting [code]
2023-11-24 12:36:46,201 DEBUG o.h.b.m.i.PropertyBinder [PropertyBinder.java:391] Building property code
2023-11-24 12:36:46,201 TRACE o.h.b.m.i.PropertyBinder [PropertyBinder.java:407] Cascading code with null
2023-11-24 12:36:46,201 TRACE o.h.b.m.i.PropertyBinder [PropertyBinder.java:695] Processing annotations of franco.maurizio.hr.desk.com.persistence.entity.CoursePage.created_datetime
2023-11-24 12:36:46,201 TRACE o.h.e.j.e.i.NormalizingIdentifierHelperImpl [NormalizingIdentifierHelperImpl.java:62] Normalizing identifier quoting [created_datetime]
2023-11-24 12:36:46,202 TRACE o.h.e.j.e.i.NormalizingIdentifierHelperImpl [NormalizingIdentifierHelperImpl.java:62] Normalizing identifier quoting [created_datetime]
2023-11-24 12:36:46,202 DEBUG o.h.b.m.i.AnnotatedColumn [AnnotatedColumn.java:249] Binding column: AnnotatedColumn(column='created_datetime')
2023-11-24 12:36:46,202 DEBUG o.h.b.m.i.PropertyBinder [PropertyBinder.java:251] MetadataSourceProcessor property created_datetime with lazy=false
2023-11-24 12:36:46,202 DEBUG o.h.b.m.i.AbstractPropertyHolder [AbstractPropertyHolder.java:107] Attempting to locate auto-apply AttributeConverter for property [franco.maurizio.hr.desk.com.persistence.entity.CoursePage:created_datetime]
2023-11-24 12:36:46,202 DEBUG o.h.b.m.i.BasicValueBinder [BasicValueBinder.java:1196] building BasicValue for created_datetime
2023-11-24 12:36:46,202 DEBUG o.h.m.BasicValue [BasicValue.java:259] Skipping column re-registration: coursepage.created_datetime
2023-11-24 12:36:46,202 TRACE o.h.e.j.e.i.NormalizingIdentifierHelperImpl [NormalizingIdentifierHelperImpl.java:62] Normalizing identifier quoting [created_datetime]
2023-11-24 12:36:46,203 DEBUG o.h.b.m.i.PropertyBinder [PropertyBinder.java:391] Building property created_datetime
2023-11-24 12:36:46,203 TRACE o.h.b.m.i.PropertyBinder [PropertyBinder.java:407] Cascading created_datetime with null
2023-11-24 12:36:46,203 TRACE o.h.b.m.i.PropertyBinder [PropertyBinder.java:695] Processing annotations of franco.maurizio.hr.desk.com.persistence.entity.CoursePage.fileName
2023-11-24 12:36:46,203 TRACE o.h.e.j.e.i.NormalizingIdentifierHelperImpl [NormalizingIdentifierHelperImpl.java:62] Normalizing identifier quoting [file_name]
2023-11-24 12:36:46,203 TRACE o.h.e.j.e.i.NormalizingIdentifierHelperImpl [NormalizingIdentifierHelperImpl.java:62] Normalizing identifier quoting [file_name]
2023-11-24 12:36:46,203 DEBUG o.h.b.m.i.AnnotatedColumn [AnnotatedColumn.java:249] Binding column: AnnotatedColumn(column='file_name')
2023-11-24 12:36:46,204 DEBUG o.h.b.m.i.PropertyBinder [PropertyBinder.java:251] MetadataSourceProcessor property fileName with lazy=false
2023-11-24 12:36:46,204 DEBUG o.h.b.m.i.AbstractPropertyHolder [AbstractPropertyHolder.java:107] Attempting to locate auto-apply AttributeConverter for property [franco.maurizio.hr.desk.com.persistence.entity.CoursePage:fileName]
2023-11-24 12:36:46,204 DEBUG o.h.b.m.i.BasicValueBinder [BasicValueBinder.java:1196] building BasicValue for fileName
2023-11-24 12:36:46,204 DEBUG o.h.m.BasicValue [BasicValue.java:259] Skipping column re-registration: coursepage.file_name
2023-11-24 12:36:46,204 TRACE o.h.e.j.e.i.NormalizingIdentifierHelperImpl [NormalizingIdentifierHelperImpl.java:62] Normalizing identifier quoting [file_name]
2023-11-24 12:36:46,204 DEBUG o.h.b.m.i.PropertyBinder [PropertyBinder.java:391] Building property fileName
2023-11-24 12:36:46,205 TRACE o.h.b.m.i.PropertyBinder [PropertyBinder.java:407] Cascading fileName with null
2023-11-24 12:36:46,205 TRACE o.h.b.m.i.PropertyBinder [PropertyBinder.java:695] Processing annotations of franco.maurizio.hr.desk.com.persistence.entity.CoursePage.opened_by
2023-11-24 12:36:46,205 TRACE o.h.e.j.e.i.NormalizingIdentifierHelperImpl [NormalizingIdentifierHelperImpl.java:62] Normalizing identifier quoting [opened_by]
2023-11-24 12:36:46,205 TRACE o.h.e.j.e.i.NormalizingIdentifierHelperImpl [NormalizingIdentifierHelperImpl.java:62] Normalizing identifier quoting [opened_by]
2023-11-24 12:36:46,206 DEBUG o.h.b.m.i.AnnotatedColumn [AnnotatedColumn.java:249] Binding column: AnnotatedColumn(column='opened_by')
2023-11-24 12:36:46,206 DEBUG o.h.b.m.i.PropertyBinder [PropertyBinder.java:251] MetadataSourceProcessor property opened_by with lazy=false
2023-11-24 12:36:46,206 DEBUG o.h.b.m.i.AbstractPropertyHolder [AbstractPropertyHolder.java:107] Attempting to locate auto-apply AttributeConverter for property [franco.maurizio.hr.desk.com.persistence.entity.CoursePage:opened_by]
2023-11-24 12:36:46,206 DEBUG o.h.b.m.i.BasicValueBinder [BasicValueBinder.java:1196] building BasicValue for opened_by
2023-11-24 12:36:46,207 DEBUG o.h.m.BasicValue [BasicValue.java:259] Skipping column re-registration: coursepage.opened_by
2023-11-24 12:36:46,207 TRACE o.h.e.j.e.i.NormalizingIdentifierHelperImpl [NormalizingIdentifierHelperImpl.java:62] Normalizing identifier quoting [opened_by]
2023-11-24 12:36:46,207 DEBUG o.h.b.m.i.PropertyBinder [PropertyBinder.java:391] Building property opened_by
2023-11-24 12:36:46,207 TRACE o.h.b.m.i.PropertyBinder [PropertyBinder.java:407] Cascading opened_by with null
2023-11-24 12:36:46,208 TRACE o.h.b.m.i.PropertyBinder [PropertyBinder.java:695] Processing annotations of franco.maurizio.hr.desk.com.persistence.entity.CoursePage.statusOpen
2023-11-24 12:36:46,208 TRACE o.h.e.j.e.i.NormalizingIdentifierHelperImpl [NormalizingIdentifierHelperImpl.java:62] Normalizing identifier quoting [status_open]
2023-11-24 12:36:46,208 TRACE o.h.e.j.e.i.NormalizingIdentifierHelperImpl [NormalizingIdentifierHelperImpl.java:62] Normalizing identifier quoting [status_open]
2023-11-24 12:36:46,208 DEBUG o.h.b.m.i.AnnotatedColumn [AnnotatedColumn.java:249] Binding column: AnnotatedColumn(column='status_open')
2023-11-24 12:36:46,209 DEBUG o.h.b.m.i.PropertyBinder [PropertyBinder.java:251] MetadataSourceProcessor property statusOpen with lazy=false
2023-11-24 12:36:46,209 DEBUG o.h.b.m.i.AbstractPropertyHolder [AbstractPropertyHolder.java:107] Attempting to locate auto-apply AttributeConverter for property [franco.maurizio.hr.desk.com.persistence.entity.CoursePage:statusOpen]
2023-11-24 12:36:46,209 DEBUG o.h.b.m.i.BasicValueBinder [BasicValueBinder.java:1196] building BasicValue for statusOpen
2023-11-24 12:36:46,209 DEBUG o.h.m.BasicValue [BasicValue.java:259] Skipping column re-registration: coursepage.status_open
2023-11-24 12:36:46,209 TRACE o.h.e.j.e.i.NormalizingIdentifierHelperImpl [NormalizingIdentifierHelperImpl.java:62] Normalizing identifier quoting [status_open]
2023-11-24 12:36:46,209 DEBUG o.h.b.m.i.PropertyBinder [PropertyBinder.java:391] Building property statusOpen
2023-11-24 12:36:46,210 TRACE o.h.b.m.i.PropertyBinder [PropertyBinder.java:407] Cascading statusOpen with null
2023-11-24 12:36:46,210 TRACE o.h.b.m.i.PropertyBinder [PropertyBinder.java:695] Processing annotations of franco.maurizio.hr.desk.com.persistence.entity.CoursePage.title
2023-11-24 12:36:46,210 TRACE o.h.e.j.e.i.NormalizingIdentifierHelperImpl [NormalizingIdentifierHelperImpl.java:62] Normalizing identifier quoting [title]
2023-11-24 12:36:46,210 TRACE o.h.e.j.e.i.NormalizingIdentifierHelperImpl [NormalizingIdentifierHelperImpl.java:62] Normalizing identifier quoting [title]
2023-11-24 12:36:46,211 DEBUG o.h.b.m.i.AnnotatedColumn [AnnotatedColumn.java:249] Binding column: AnnotatedColumn(column='title')
2023-11-24 12:36:46,211 DEBUG o.h.b.m.i.PropertyBinder [PropertyBinder.java:251] MetadataSourceProcessor property title with lazy=false
2023-11-24 12:36:46,211 DEBUG o.h.b.m.i.AbstractPropertyHolder [AbstractPropertyHolder.java:107] Attempting to locate auto-apply AttributeConverter for property [franco.maurizio.hr.desk.com.persistence.entity.CoursePage:title]
2023-11-24 12:36:46,211 DEBUG o.h.b.m.i.BasicValueBinder [BasicValueBinder.java:1196] building BasicValue for title
2023-11-24 12:36:46,211 DEBUG o.h.m.BasicValue [BasicValue.java:259] Skipping column re-registration: coursepage.title
2023-11-24 12:36:46,211 TRACE o.h.e.j.e.i.NormalizingIdentifierHelperImpl [NormalizingIdentifierHelperImpl.java:62] Normalizing identifier quoting [title]
2023-11-24 12:36:46,212 DEBUG o.h.b.m.i.PropertyBinder [PropertyBinder.java:391] Building property title
2023-11-24 12:36:46,212 TRACE o.h.b.m.i.PropertyBinder [PropertyBinder.java:407] Cascading title with null
2023-11-24 12:36:46,213 DEBUG o.h.b.m.i.EntityBinder [EntityBinder.java:206] Binding entity from annotated class: franco.maurizio.hr.desk.com.persistence.entity.Candidate
2023-11-24 12:36:46,213 DEBUG o.h.b.m.i.EntityBinder [EntityBinder.java:1224] Import with entity name Candidate
2023-11-24 12:36:46,213 TRACE o.h.b.i.InFlightMetadataCollectorImpl [InFlightMetadataCollectorImpl.java:878] Import: Candidate -> franco.maurizio.hr.desk.com.persistence.entity.Candidate
2023-11-24 12:36:46,213 TRACE o.h.b.i.InFlightMetadataCollectorImpl [InFlightMetadataCollectorImpl.java:878] Import: franco.maurizio.hr.desk.com.persistence.entity.Candidate -> franco.maurizio.hr.desk.com.persistence.entity.Candidate
2023-11-24 12:36:46,214 TRACE o.h.e.j.e.i.NormalizingIdentifierHelperImpl [NormalizingIdentifierHelperImpl.java:62] Normalizing identifier quoting [candidates]
2023-11-24 12:36:46,214 TRACE o.h.e.j.e.i.NormalizingIdentifierHelperImpl [NormalizingIdentifierHelperImpl.java:62] Normalizing identifier quoting [candidates]
2023-11-24 12:36:46,214 DEBUG c.z.h.p.HikariPool [HikariPool.java:738] HikariPool-4 - Added connection com.mysql.cj.jdbc.ConnectionImpl@67ea9634
2023-11-24 12:36:46,214 DEBUG o.h.b.m.i.EntityBinder [EntityBinder.java:1769] Bind entity franco.maurizio.hr.desk.com.persistence.entity.Candidate on table candidates
2023-11-24 12:36:46,214 TRACE o.h.e.j.e.i.NormalizingIdentifierHelperImpl [NormalizingIdentifierHelperImpl.java:62] Normalizing identifier quoting [DTYPE]
2023-11-24 12:36:46,214 DEBUG o.h.b.m.i.AnnotatedColumn [AnnotatedColumn.java:249] Binding column: AnnotatedDiscriminatorColumn(column='DTYPE')
2023-11-24 12:36:46,215 TRACE o.h.b.m.i.PropertyBinder [PropertyBinder.java:695] Processing annotations of franco.maurizio.hr.desk.com.persistence.entity.Candidate.id
2023-11-24 12:36:46,215 TRACE o.h.e.j.e.i.NormalizingIdentifierHelperImpl [NormalizingIdentifierHelperImpl.java:62] Normalizing identifier quoting [id]
2023-11-24 12:36:46,215 TRACE o.h.e.j.e.i.NormalizingIdentifierHelperImpl [NormalizingIdentifierHelperImpl.java:62] Normalizing identifier quoting [id]
2023-11-24 12:36:46,215 DEBUG o.h.b.m.i.AnnotatedColumn [AnnotatedColumn.java:249] Binding column: AnnotatedColumn()
2023-11-24 12:36:46,215 DEBUG o.h.b.i.ClassLoaderAccessImpl [ClassLoaderAccessImpl.java:60] Not known whether passed class name [franco.maurizio.hr.desk.com.persistence.entity.Candidate] is safe
2023-11-24 12:36:46,215 DEBUG o.h.b.i.ClassLoaderAccessImpl [ClassLoaderAccessImpl.java:62] No temp ClassLoader provided; using live ClassLoader for loading potentially unsafe class : franco.maurizio.hr.desk.com.persistence.entity.Candidate
2023-11-24 12:36:46,216 DEBUG o.h.b.m.i.PropertyBinder [PropertyBinder.java:251] MetadataSourceProcessor property id with lazy=false
2023-11-24 12:36:46,216 DEBUG o.h.b.m.i.AbstractPropertyHolder [AbstractPropertyHolder.java:107] Attempting to locate auto-apply AttributeConverter for property [franco.maurizio.hr.desk.com.persistence.entity.Candidate:id]
2023-11-24 12:36:46,216 DEBUG o.h.b.m.i.BasicValueBinder [BasicValueBinder.java:1196] building BasicValue for id
2023-11-24 12:36:46,216 DEBUG o.h.m.BasicValue [BasicValue.java:259] Skipping column re-registration: candidates.id
2023-11-24 12:36:46,216 TRACE o.h.e.j.e.i.NormalizingIdentifierHelperImpl [NormalizingIdentifierHelperImpl.java:62] Normalizing identifier quoting [id]
2023-11-24 12:36:46,216 TRACE o.h.e.j.e.i.NormalizingIdentifierHelperImpl [NormalizingIdentifierHelperImpl.java:62] Normalizing identifier quoting [id]
2023-11-24 12:36:46,217 TRACE o.h.e.j.e.i.NormalizingIdentifierHelperImpl [NormalizingIdentifierHelperImpl.java:62] Normalizing identifier quoting [id]
2023-11-24 12:36:46,217 DEBUG o.h.b.m.i.PropertyBinder [PropertyBinder.java:391] Building property id
2023-11-24 12:36:46,217 TRACE o.h.b.m.i.PropertyBinder [PropertyBinder.java:407] Cascading id with null
2023-11-24 12:36:46,217 DEBUG o.h.b.m.i.BinderHelper [GeneratorBinder.java:73] #makeIdGenerator(BasicValue([Column(id)]), id, identity, , ...)
2023-11-24 12:36:46,217 TRACE o.h.b.m.i.PropertyBinder [PropertyBinder.java:1327] Bind @Id on id
2023-11-24 12:36:46,217 TRACE o.h.b.m.i.PropertyBinder [PropertyBinder.java:695] Processing annotations of franco.maurizio.hr.desk.com.persistence.entity.Candidate.candidacyDateTime
2023-11-24 12:36:46,217 TRACE o.h.e.j.e.i.NormalizingIdentifierHelperImpl [NormalizingIdentifierHelperImpl.java:62] Normalizing identifier quoting [candidacy_date_time]
2023-11-24 12:36:46,218 TRACE o.h.e.j.e.i.NormalizingIdentifierHelperImpl [NormalizingIdentifierHelperImpl.java:62] Normalizing identifier quoting [candidacy_date_time]
2023-11-24 12:36:46,218 DEBUG o.h.b.m.i.AnnotatedColumn [AnnotatedColumn.java:249] Binding column: AnnotatedColumn(column='candidacy_date_time')
2023-11-24 12:36:46,218 DEBUG o.h.b.m.i.PropertyBinder [PropertyBinder.java:251] MetadataSourceProcessor property candidacyDateTime with lazy=false
2023-11-24 12:36:46,218 DEBUG o.h.b.m.i.AbstractPropertyHolder [AbstractPropertyHolder.java:107] Attempting to locate auto-apply AttributeConverter for property [franco.maurizio.hr.desk.com.persistence.entity.Candidate:candidacyDateTime]
2023-11-24 12:36:46,218 DEBUG o.h.b.m.i.BasicValueBinder [BasicValueBinder.java:1196] building BasicValue for candidacyDateTime
2023-11-24 12:36:46,218 DEBUG o.h.m.BasicValue [BasicValue.java:259] Skipping column re-registration: candidates.candidacy_date_time
2023-11-24 12:36:46,218 TRACE o.h.e.j.e.i.NormalizingIdentifierHelperImpl [NormalizingIdentifierHelperImpl.java:62] Normalizing identifier quoting [candidacy_date_time]
2023-11-24 12:36:46,218 DEBUG o.h.b.m.i.PropertyBinder [PropertyBinder.java:391] Building property candidacyDateTime
2023-11-24 12:36:46,219 TRACE o.h.b.m.i.PropertyBinder [PropertyBinder.java:407] Cascading candidacyDateTime with null
2023-11-24 12:36:46,219 TRACE o.h.b.m.i.PropertyBinder [PropertyBinder.java:695] Processing annotations of franco.maurizio.hr.desk.com.persistence.entity.Candidate.candidateStateCode
2023-11-24 12:36:46,219 TRACE o.h.e.j.e.i.NormalizingIdentifierHelperImpl [NormalizingIdentifierHelperImpl.java:62] Normalizing identifier quoting [candidate_state_code]
2023-11-24 12:36:46,219 TRACE o.h.e.j.e.i.NormalizingIdentifierHelperImpl [NormalizingIdentifierHelperImpl.java:62] Normalizing identifier quoting [candidate_state_code]
2023-11-24 12:36:46,219 DEBUG o.h.b.m.i.AnnotatedColumn [AnnotatedColumn.java:249] Binding column: AnnotatedColumn(column='candidate_state_code')
2023-11-24 12:36:46,219 DEBUG o.h.b.m.i.PropertyBinder [PropertyBinder.java:251] MetadataSourceProcessor property candidateStateCode with lazy=false
2023-11-24 12:36:46,220 DEBUG o.h.b.m.i.AbstractPropertyHolder [AbstractPropertyHolder.java:107] Attempting to locate auto-apply AttributeConverter for property [franco.maurizio.hr.desk.com.persistence.entity.Candidate:candidateStateCode]
2023-11-24 12:36:46,220 DEBUG o.h.b.m.i.BasicValueBinder [BasicValueBinder.java:1196] building BasicValue for candidateStateCode
2023-11-24 12:36:46,220 DEBUG o.h.m.BasicValue [BasicValue.java:259] Skipping column re-registration: candidates.candidate_state_code
2023-11-24 12:36:46,220 TRACE o.h.e.j.e.i.NormalizingIdentifierHelperImpl [NormalizingIdentifierHelperImpl.java:62] Normalizing identifier quoting [candidate_state_code]
2023-11-24 12:36:46,220 DEBUG o.h.b.m.i.PropertyBinder [PropertyBinder.java:391] Building property candidateStateCode
2023-11-24 12:36:46,220 TRACE o.h.b.m.i.PropertyBinder [PropertyBinder.java:407] Cascading candidateStateCode with null
2023-11-24 12:36:46,221 TRACE o.h.b.m.i.PropertyBinder [PropertyBinder.java:695] Processing annotations of franco.maurizio.hr.desk.com.persistence.entity.Candidate.courseCode
2023-11-24 12:36:46,221 TRACE o.h.e.j.e.i.NormalizingIdentifierHelperImpl [NormalizingIdentifierHelperImpl.java:62] Normalizing identifier quoting [course_code]
2023-11-24 12:36:46,221 TRACE o.h.e.j.e.i.NormalizingIdentifierHelperImpl [NormalizingIdentifierHelperImpl.java:62] Normalizing identifier quoting [course_code]
2023-11-24 12:36:46,221 DEBUG o.h.b.m.i.AnnotatedColumn [AnnotatedColumn.java:249] Binding column: AnnotatedColumn(column='course_code')
2023-11-24 12:36:46,222 DEBUG o.h.b.m.i.PropertyBinder [PropertyBinder.java:251] MetadataSourceProcessor property courseCode with lazy=false
2023-11-24 12:36:46,222 DEBUG o.h.b.m.i.AbstractPropertyHolder [AbstractPropertyHolder.java:107] Attempting to locate auto-apply AttributeConverter for property [franco.maurizio.hr.desk.com.persistence.entity.Candidate:courseCode]
2023-11-24 12:36:46,222 DEBUG o.h.b.m.i.BasicValueBinder [BasicValueBinder.java:1196] building BasicValue for courseCode
2023-11-24 12:36:46,222 DEBUG o.h.m.BasicValue [BasicValue.java:259] Skipping column re-registration: candidates.course_code
2023-11-24 12:36:46,222 TRACE o.h.e.j.e.i.NormalizingIdentifierHelperImpl [NormalizingIdentifierHelperImpl.java:62] Normalizing identifier quoting [course_code]
2023-11-24 12:36:46,222 DEBUG o.h.b.m.i.PropertyBinder [PropertyBinder.java:391] Building property courseCode
2023-11-24 12:36:46,222 TRACE o.h.b.m.i.PropertyBinder [PropertyBinder.java:407] Cascading courseCode with null
2023-11-24 12:36:46,222 TRACE o.h.b.m.i.PropertyBinder [PropertyBinder.java:695] Processing annotations of franco.maurizio.hr.desk.com.persistence.entity.Candidate.cvExternalPath
2023-11-24 12:36:46,223 TRACE o.h.e.j.e.i.NormalizingIdentifierHelperImpl [NormalizingIdentifierHelperImpl.java:62] Normalizing identifier quoting [cv_external_path]
2023-11-24 12:36:46,223 TRACE o.h.e.j.e.i.NormalizingIdentifierHelperImpl [NormalizingIdentifierHelperImpl.java:62] Normalizing identifier quoting [cv_external_path]
2023-11-24 12:36:46,223 DEBUG o.h.b.m.i.AnnotatedColumn [AnnotatedColumn.java:249] Binding column: AnnotatedColumn(column='cv_external_path')
2023-11-24 12:36:46,224 DEBUG o.h.b.m.i.PropertyBinder [PropertyBinder.java:251] MetadataSourceProcessor property cvExternalPath with lazy=false
2023-11-24 12:36:46,224 DEBUG o.h.b.m.i.AbstractPropertyHolder [AbstractPropertyHolder.java:107] Attempting to locate auto-apply AttributeConverter for property [franco.maurizio.hr.desk.com.persistence.entity.Candidate:cvExternalPath]
2023-11-24 12:36:46,224 DEBUG o.h.b.m.i.BasicValueBinder [BasicValueBinder.java:1196] building BasicValue for cvExternalPath
2023-11-24 12:36:46,224 DEBUG o.h.m.BasicValue [BasicValue.java:259] Skipping column re-registration: candidates.cv_external_path
2023-11-24 12:36:46,224 TRACE o.h.e.j.e.i.NormalizingIdentifierHelperImpl [NormalizingIdentifierHelperImpl.java:62] Normalizing identifier quoting [cv_external_path]
2023-11-24 12:36:46,225 DEBUG o.h.b.m.i.PropertyBinder [PropertyBinder.java:391] Building property cvExternalPath
2023-11-24 12:36:46,225 TRACE o.h.b.m.i.PropertyBinder [PropertyBinder.java:407] Cascading cvExternalPath with null
2023-11-24 12:36:46,225 TRACE o.h.b.m.i.PropertyBinder [PropertyBinder.java:695] Processing annotations of franco.maurizio.hr.desk.com.persistence.entity.Candidate.dateOfBirth
2023-11-24 12:36:46,225 TRACE o.h.e.j.e.i.NormalizingIdentifierHelperImpl [NormalizingIdentifierHelperImpl.java:62] Normalizing identifier quoting [dateofbirth]
2023-11-24 12:36:46,226 TRACE o.h.e.j.e.i.NormalizingIdentifierHelperImpl [NormalizingIdentifierHelperImpl.java:62] Normalizing identifier quoting [dateofbirth]
2023-11-24 12:36:46,226 DEBUG o.h.b.m.i.AnnotatedColumn [AnnotatedColumn.java:249] Binding column: AnnotatedColumn(column='dateofbirth')
2023-11-24 12:36:46,226 DEBUG o.h.b.m.i.PropertyBinder [PropertyBinder.java:251] MetadataSourceProcessor property dateOfBirth with lazy=false
2023-11-24 12:36:46,226 DEBUG o.h.b.m.i.AbstractPropertyHolder [AbstractPropertyHolder.java:107] Attempting to locate auto-apply AttributeConverter for property [franco.maurizio.hr.desk.com.persistence.entity.Candidate:dateOfBirth]
2023-11-24 12:36:46,227 DEBUG o.h.b.m.i.BasicValueBinder [BasicValueBinder.java:1196] building BasicValue for dateOfBirth
2023-11-24 12:36:46,227 DEBUG o.h.m.BasicValue [BasicValue.java:259] Skipping column re-registration: candidates.dateofbirth
2023-11-24 12:36:46,227 TRACE o.h.e.j.e.i.NormalizingIdentifierHelperImpl [NormalizingIdentifierHelperImpl.java:62] Normalizing identifier quoting [dateofbirth]
2023-11-24 12:36:46,227 DEBUG c.z.h.p.HikariPool [HikariPool.java:738] HikariPool-4 - Added connection com.mysql.cj.jdbc.ConnectionImpl@6f21d99b
2023-11-24 12:36:46,227 DEBUG o.h.b.m.i.PropertyBinder [PropertyBinder.java:391] Building property dateOfBirth
2023-11-24 12:36:46,227 TRACE o.h.b.m.i.PropertyBinder [PropertyBinder.java:407] Cascading dateOfBirth with null
2023-11-24 12:36:46,228 TRACE o.h.b.m.i.PropertyBinder [PropertyBinder.java:695] Processing annotations of franco.maurizio.hr.desk.com.persistence.entity.Candidate.domicileCity
2023-11-24 12:36:46,228 TRACE o.h.e.j.e.i.NormalizingIdentifierHelperImpl [NormalizingIdentifierHelperImpl.java:62] Normalizing identifier quoting [domicile_city]
2023-11-24 12:36:46,228 TRACE o.h.e.j.e.i.NormalizingIdentifierHelperImpl [NormalizingIdentifierHelperImpl.java:62] Normalizing identifier quoting [domicile_city]
2023-11-24 12:36:46,228 DEBUG o.h.b.m.i.AnnotatedColumn [AnnotatedColumn.java:249] Binding column: AnnotatedColumn(column='domicile_city')
2023-11-24 12:36:46,228 DEBUG o.h.b.m.i.PropertyBinder [PropertyBinder.java:251] MetadataSourceProcessor property domicileCity with lazy=false
2023-11-24 12:36:46,229 DEBUG o.h.b.m.i.AbstractPropertyHolder [AbstractPropertyHolder.java:107] Attempting to locate auto-apply AttributeConverter for property [franco.maurizio.hr.desk.com.persistence.entity.Candidate:domicileCity]
2023-11-24 12:36:46,229 DEBUG o.h.b.m.i.BasicValueBinder [BasicValueBinder.java:1196] building BasicValue for domicileCity
2023-11-24 12:36:46,229 DEBUG o.h.m.BasicValue [BasicValue.java:259] Skipping column re-registration: candidates.domicile_city
2023-11-24 12:36:46,229 TRACE o.h.e.j.e.i.NormalizingIdentifierHelperImpl [NormalizingIdentifierHelperImpl.java:62] Normalizing identifier quoting [domicile_city]
2023-11-24 12:36:46,229 DEBUG o.h.b.m.i.PropertyBinder [PropertyBinder.java:391] Building property domicileCity
2023-11-24 12:36:46,229 TRACE o.h.b.m.i.PropertyBinder [PropertyBinder.java:407] Cascading domicileCity with null
2023-11-24 12:36:46,229 TRACE o.h.b.m.i.PropertyBinder [PropertyBinder.java:695] Processing annotations of franco.maurizio.hr.desk.com.persistence.entity.Candidate.email
2023-11-24 12:36:46,229 TRACE o.h.e.j.e.i.NormalizingIdentifierHelperImpl [NormalizingIdentifierHelperImpl.java:62] Normalizing identifier quoting [email]
2023-11-24 12:36:46,230 TRACE o.h.e.j.e.i.NormalizingIdentifierHelperImpl [NormalizingIdentifierHelperImpl.java:62] Normalizing identifier quoting [email]
2023-11-24 12:36:46,230 DEBUG o.h.b.m.i.AnnotatedColumn [AnnotatedColumn.java:249] Binding column: AnnotatedColumn(column='email')
2023-11-24 12:36:46,230 DEBUG o.h.b.m.i.PropertyBinder [PropertyBinder.java:251] MetadataSourceProcessor property email with lazy=false
2023-11-24 12:36:46,230 DEBUG o.h.b.m.i.AbstractPropertyHolder [AbstractPropertyHolder.java:107] Attempting to locate auto-apply AttributeConverter for property [franco.maurizio.hr.desk.com.persistence.entity.Candidate:email]
2023-11-24 12:36:46,230 DEBUG o.h.b.m.i.BasicValueBinder [BasicValueBinder.java:1196] building BasicValue for email
2023-11-24 12:36:46,230 DEBUG o.h.m.BasicValue [BasicValue.java:259] Skipping column re-registration: candidates.email
2023-11-24 12:36:46,230 TRACE o.h.e.j.e.i.NormalizingIdentifierHelperImpl [NormalizingIdentifierHelperImpl.java:62] Normalizing identifier quoting [email]
2023-11-24 12:36:46,231 DEBUG o.h.b.m.i.PropertyBinder [PropertyBinder.java:391] Building property email
2023-11-24 12:36:46,231 TRACE o.h.b.m.i.PropertyBinder [PropertyBinder.java:407] Cascading email with null
2023-11-24 12:36:46,231 TRACE o.h.b.m.i.PropertyBinder [PropertyBinder.java:695] Processing annotations of franco.maurizio.hr.desk.com.persistence.entity.Candidate.firstname
2023-11-24 12:36:46,231 TRACE o.h.e.j.e.i.NormalizingIdentifierHelperImpl [NormalizingIdentifierHelperImpl.java:62] Normalizing identifier quoting [firstname]
2023-11-24 12:36:46,231 TRACE o.h.e.j.e.i.NormalizingIdentifierHelperImpl [NormalizingIdentifierHelperImpl.java:62] Normalizing identifier quoting [firstname]
2023-11-24 12:36:46,231 DEBUG o.h.b.m.i.AnnotatedColumn [AnnotatedColumn.java:249] Binding column: AnnotatedColumn(column='firstname')
2023-11-24 12:36:46,231 DEBUG o.h.b.m.i.PropertyBinder [PropertyBinder.java:251] MetadataSourceProcessor property firstname with lazy=false
2023-11-24 12:36:46,232 DEBUG o.h.b.m.i.AbstractPropertyHolder [AbstractPropertyHolder.java:107] Attempting to locate auto-apply AttributeConverter for property [franco.maurizio.hr.desk.com.persistence.entity.Candidate:firstname]
2023-11-24 12:36:46,232 DEBUG o.h.b.m.i.BasicValueBinder [BasicValueBinder.java:1196] building BasicValue for firstname
2023-11-24 12:36:46,232 DEBUG o.h.m.BasicValue [BasicValue.java:259] Skipping column re-registration: candidates.firstname
2023-11-24 12:36:46,232 TRACE o.h.e.j.e.i.NormalizingIdentifierHelperImpl [NormalizingIdentifierHelperImpl.java:62] Normalizing identifier quoting [firstname]
2023-11-24 12:36:46,232 DEBUG o.h.b.m.i.PropertyBinder [PropertyBinder.java:391] Building property firstname
2023-11-24 12:36:46,232 TRACE o.h.b.m.i.PropertyBinder [PropertyBinder.java:407] Cascading firstname with null
2023-11-24 12:36:46,232 TRACE o.h.b.m.i.PropertyBinder [PropertyBinder.java:695] Processing annotations of franco.maurizio.hr.desk.com.persistence.entity.Candidate.graduate
2023-11-24 12:36:46,233 TRACE o.h.e.j.e.i.NormalizingIdentifierHelperImpl [NormalizingIdentifierHelperImpl.java:62] Normalizing identifier quoting [graduate]
2023-11-24 12:36:46,233 TRACE o.h.e.j.e.i.NormalizingIdentifierHelperImpl [NormalizingIdentifierHelperImpl.java:62] Normalizing identifier quoting [graduate]
2023-11-24 12:36:46,233 DEBUG o.h.b.m.i.AnnotatedColumn [AnnotatedColumn.java:249] Binding column: AnnotatedColumn()
2023-11-24 12:36:46,233 DEBUG o.h.b.m.i.PropertyBinder [PropertyBinder.java:251] MetadataSourceProcessor property graduate with lazy=false
2023-11-24 12:36:46,233 DEBUG o.h.b.m.i.AbstractPropertyHolder [AbstractPropertyHolder.java:107] Attempting to locate auto-apply AttributeConverter for property [franco.maurizio.hr.desk.com.persistence.entity.Candidate:graduate]
2023-11-24 12:36:46,233 DEBUG o.h.b.m.i.BasicValueBinder [BasicValueBinder.java:1196] building BasicValue for graduate
2023-11-24 12:36:46,233 DEBUG o.h.m.BasicValue [BasicValue.java:259] Skipping column re-registration: candidates.graduate
2023-11-24 12:36:46,233 TRACE o.h.e.j.e.i.NormalizingIdentifierHelperImpl [NormalizingIdentifierHelperImpl.java:62] Normalizing identifier quoting [graduate]
2023-11-24 12:36:46,234 TRACE o.h.e.j.e.i.NormalizingIdentifierHelperImpl [NormalizingIdentifierHelperImpl.java:62] Normalizing identifier quoting [graduate]
2023-11-24 12:36:46,234 TRACE o.h.e.j.e.i.NormalizingIdentifierHelperImpl [NormalizingIdentifierHelperImpl.java:62] Normalizing identifier quoting [graduate]
2023-11-24 12:36:46,234 DEBUG o.h.b.m.i.PropertyBinder [PropertyBinder.java:391] Building property graduate
2023-11-24 12:36:46,234 TRACE o.h.b.m.i.PropertyBinder [PropertyBinder.java:407] Cascading graduate with null
2023-11-24 12:36:46,234 TRACE o.h.b.m.i.PropertyBinder [PropertyBinder.java:695] Processing annotations of franco.maurizio.hr.desk.com.persistence.entity.Candidate.highGraduate
2023-11-24 12:36:46,234 TRACE o.h.e.j.e.i.NormalizingIdentifierHelperImpl [NormalizingIdentifierHelperImpl.java:62] Normalizing identifier quoting [high_graduate]
2023-11-24 12:36:46,235 TRACE o.h.e.j.e.i.NormalizingIdentifierHelperImpl [NormalizingIdentifierHelperImpl.java:62] Normalizing identifier quoting [high_graduate]
2023-11-24 12:36:46,235 DEBUG o.h.b.m.i.AnnotatedColumn [AnnotatedColumn.java:249] Binding column: AnnotatedColumn(column='high_graduate')
2023-11-24 12:36:46,235 DEBUG o.h.b.m.i.PropertyBinder [PropertyBinder.java:251] MetadataSourceProcessor property highGraduate with lazy=false
2023-11-24 12:36:46,236 DEBUG o.h.b.m.i.AbstractPropertyHolder [AbstractPropertyHolder.java:107] Attempting to locate auto-apply AttributeConverter for property [franco.maurizio.hr.desk.com.persistence.entity.Candidate:highGraduate]
2023-11-24 12:36:46,236 DEBUG o.h.b.m.i.BasicValueBinder [BasicValueBinder.java:1196] building BasicValue for highGraduate
2023-11-24 12:36:46,236 DEBUG o.h.m.BasicValue [BasicValue.java:259] Skipping column re-registration: candidates.high_graduate
2023-11-24 12:36:46,236 TRACE o.h.e.j.e.i.NormalizingIdentifierHelperImpl [NormalizingIdentifierHelperImpl.java:62] Normalizing identifier quoting [high_graduate]
2023-11-24 12:36:46,237 DEBUG o.h.b.m.i.PropertyBinder [PropertyBinder.java:391] Building property highGraduate
2023-11-24 12:36:46,237 TRACE o.h.b.m.i.PropertyBinder [PropertyBinder.java:407] Cascading highGraduate with null
2023-11-24 12:36:46,237 TRACE o.h.b.m.i.PropertyBinder [PropertyBinder.java:695] Processing annotations of franco.maurizio.hr.desk.com.persistence.entity.Candidate.hrNote
2023-11-24 12:36:46,237 DEBUG c.z.h.p.HikariPool [HikariPool.java:414] HikariPool-4 - After adding stats (total=10, active=0, idle=10, waiting=0)
2023-11-24 12:36:46,237 TRACE o.h.e.j.e.i.NormalizingIdentifierHelperImpl [NormalizingIdentifierHelperImpl.java:62] Normalizing identifier quoting [hr_note]
2023-11-24 12:36:46,238 TRACE o.h.e.j.e.i.NormalizingIdentifierHelperImpl [NormalizingIdentifierHelperImpl.java:62] Normalizing identifier quoting [hr_note]
2023-11-24 12:36:46,238 DEBUG o.h.b.m.i.AnnotatedColumn [AnnotatedColumn.java:249] Binding column: AnnotatedColumn(column='hr_note')
2023-11-24 12:36:46,238 DEBUG o.h.b.m.i.PropertyBinder [PropertyBinder.java:251] MetadataSourceProcessor property hrNote with lazy=false
2023-11-24 12:36:46,238 DEBUG o.h.b.m.i.AbstractPropertyHolder [AbstractPropertyHolder.java:107] Attempting to locate auto-apply AttributeConverter for property [franco.maurizio.hr.desk.com.persistence.entity.Candidate:hrNote]
2023-11-24 12:36:46,239 DEBUG o.h.b.m.i.BasicValueBinder [BasicValueBinder.java:1196] building BasicValue for hrNote
2023-11-24 12:36:46,239 DEBUG o.h.m.BasicValue [BasicValue.java:259] Skipping column re-registration: candidates.hr_note
2023-11-24 12:36:46,239 TRACE o.h.e.j.e.i.NormalizingIdentifierHelperImpl [NormalizingIdentifierHelperImpl.java:62] Normalizing identifier quoting [hr_note]
2023-11-24 12:36:46,239 DEBUG o.h.b.m.i.PropertyBinder [PropertyBinder.java:391] Building property hrNote
2023-11-24 12:36:46,240 TRACE o.h.b.m.i.PropertyBinder [PropertyBinder.java:407] Cascading hrNote with null
2023-11-24 12:36:46,240 TRACE o.h.b.m.i.PropertyBinder [PropertyBinder.java:695] Processing annotations of franco.maurizio.hr.desk.com.persistence.entity.Candidate.imgpath
2023-11-24 12:36:46,240 TRACE o.h.e.j.e.i.NormalizingIdentifierHelperImpl [NormalizingIdentifierHelperImpl.java:62] Normalizing identifier quoting [imgpath]
2023-11-24 12:36:46,240 TRACE o.h.e.j.e.i.NormalizingIdentifierHelperImpl [NormalizingIdentifierHelperImpl.java:62] Normalizing identifier quoting [imgpath]
2023-11-24 12:36:46,241 DEBUG o.h.b.m.i.AnnotatedColumn [AnnotatedColumn.java:249] Binding column: AnnotatedColumn(column='imgpath')
2023-11-24 12:36:46,241 DEBUG o.h.b.m.i.PropertyBinder [PropertyBinder.java:251] MetadataSourceProcessor property imgpath with lazy=false
2023-11-24 12:36:46,242 DEBUG o.h.b.m.i.AbstractPropertyHolder [AbstractPropertyHolder.java:107] Attempting to locate auto-apply AttributeConverter for property [franco.maurizio.hr.desk.com.persistence.entity.Candidate:imgpath]
2023-11-24 12:36:46,242 DEBUG o.h.b.m.i.BasicValueBinder [BasicValueBinder.java:1196] building BasicValue for imgpath
2023-11-24 12:36:46,242 DEBUG o.h.m.BasicValue [BasicValue.java:259] Skipping column re-registration: candidates.imgpath
2023-11-24 12:36:46,242 TRACE o.h.e.j.e.i.NormalizingIdentifierHelperImpl [NormalizingIdentifierHelperImpl.java:62] Normalizing identifier quoting [imgpath]
2023-11-24 12:36:46,243 DEBUG o.h.b.m.i.PropertyBinder [PropertyBinder.java:391] Building property imgpath
2023-11-24 12:36:46,243 TRACE o.h.b.m.i.PropertyBinder [PropertyBinder.java:407] Cascading imgpath with null
2023-11-24 12:36:46,243 TRACE o.h.b.m.i.PropertyBinder [PropertyBinder.java:695] Processing annotations of franco.maurizio.hr.desk.com.persistence.entity.Candidate.insertedBy
2023-11-24 12:36:46,243 TRACE o.h.e.j.e.i.NormalizingIdentifierHelperImpl [NormalizingIdentifierHelperImpl.java:62] Normalizing identifier quoting [inserted_by]
2023-11-24 12:36:46,244 TRACE o.h.e.j.e.i.NormalizingIdentifierHelperImpl [NormalizingIdentifierHelperImpl.java:62] Normalizing identifier quoting [inserted_by]
2023-11-24 12:36:46,244 DEBUG o.h.b.m.i.AnnotatedColumn [AnnotatedColumn.java:249] Binding column: AnnotatedColumn(column='inserted_by')
2023-11-24 12:36:46,244 DEBUG o.h.b.m.i.PropertyBinder [PropertyBinder.java:251] MetadataSourceProcessor property insertedBy with lazy=false
2023-11-24 12:36:46,244 DEBUG o.h.b.m.i.AbstractPropertyHolder [AbstractPropertyHolder.java:107] Attempting to locate auto-apply AttributeConverter for property [franco.maurizio.hr.desk.com.persistence.entity.Candidate:insertedBy]
2023-11-24 12:36:46,244 DEBUG o.h.b.m.i.BasicValueBinder [BasicValueBinder.java:1196] building BasicValue for insertedBy
2023-11-24 12:36:46,244 DEBUG o.h.m.BasicValue [BasicValue.java:259] Skipping column re-registration: candidates.inserted_by
2023-11-24 12:36:46,244 TRACE o.h.e.j.e.i.NormalizingIdentifierHelperImpl [NormalizingIdentifierHelperImpl.java:62] Normalizing identifier quoting [inserted_by]
2023-11-24 12:36:46,245 DEBUG o.h.b.m.i.PropertyBinder [PropertyBinder.java:391] Building property insertedBy
2023-11-24 12:36:46,245 TRACE o.h.b.m.i.PropertyBinder [PropertyBinder.java:407] Cascading insertedBy with null
2023-11-24 12:36:46,245 TRACE o.h.b.m.i.PropertyBinder [PropertyBinder.java:695] Processing annotations of franco.maurizio.hr.desk.com.persistence.entity.Candidate.label
2023-11-24 12:36:46,245 TRACE o.h.e.j.e.i.NormalizingIdentifierHelperImpl [NormalizingIdentifierHelperImpl.java:62] Normalizing identifier quoting [label]
2023-11-24 12:36:46,245 TRACE o.h.e.j.e.i.NormalizingIdentifierHelperImpl [NormalizingIdentifierHelperImpl.java:62] Normalizing identifier quoting [label]
2023-11-24 12:36:46,245 DEBUG o.h.b.m.i.AnnotatedColumn [AnnotatedColumn.java:249] Binding column: AnnotatedColumn(column='label')
2023-11-24 12:36:46,246 DEBUG o.h.b.m.i.PropertyBinder [PropertyBinder.java:251] MetadataSourceProcessor property label with lazy=false
2023-11-24 12:36:46,246 DEBUG o.h.b.m.i.AbstractPropertyHolder [AbstractPropertyHolder.java:107] Attempting to locate auto-apply AttributeConverter for property [franco.maurizio.hr.desk.com.persistence.entity.Candidate:label]
2023-11-24 12:36:46,246 DEBUG o.h.b.m.i.BasicValueBinder [BasicValueBinder.java:1196] building BasicValue for label
2023-11-24 12:36:46,246 DEBUG o.h.m.BasicValue [BasicValue.java:259] Skipping column re-registration: candidates.label
2023-11-24 12:36:46,246 TRACE o.h.e.j.e.i.NormalizingIdentifierHelperImpl [NormalizingIdentifierHelperImpl.java:62] Normalizing identifier quoting [label]
2023-11-24 12:36:46,246 DEBUG o.h.b.m.i.PropertyBinder [PropertyBinder.java:391] Building property label
2023-11-24 12:36:46,246 TRACE o.h.b.m.i.PropertyBinder [PropertyBinder.java:407] Cascading label with null
2023-11-24 12:36:46,246 TRACE o.h.b.m.i.PropertyBinder [PropertyBinder.java:695] Processing annotations of franco.maurizio.hr.desk.com.persistence.entity.Candidate.lastname
2023-11-24 12:36:46,246 TRACE o.h.e.j.e.i.NormalizingIdentifierHelperImpl [NormalizingIdentifierHelperImpl.java:62] Normalizing identifier quoting [lastname]
2023-11-24 12:36:46,247 TRACE o.h.e.j.e.i.NormalizingIdentifierHelperImpl [NormalizingIdentifierHelperImpl.java:62] Normalizing identifier quoting [lastname]
2023-11-24 12:36:46,247 DEBUG o.h.b.m.i.AnnotatedColumn [AnnotatedColumn.java:249] Binding column: AnnotatedColumn(column='lastname')
2023-11-24 12:36:46,247 DEBUG o.h.b.m.i.PropertyBinder [PropertyBinder.java:251] MetadataSourceProcessor property lastname with lazy=false
2023-11-24 12:36:46,247 DEBUG o.h.b.m.i.AbstractPropertyHolder [AbstractPropertyHolder.java:107] Attempting to locate auto-apply AttributeConverter for property [franco.maurizio.hr.desk.com.persistence.entity.Candidate:lastname]
2023-11-24 12:36:46,247 DEBUG o.h.b.m.i.BasicValueBinder [BasicValueBinder.java:1196] building BasicValue for lastname
2023-11-24 12:36:46,247 DEBUG o.h.m.BasicValue [BasicValue.java:259] Skipping column re-registration: candidates.lastname
2023-11-24 12:36:46,247 TRACE o.h.e.j.e.i.NormalizingIdentifierHelperImpl [NormalizingIdentifierHelperImpl.java:62] Normalizing identifier quoting [lastname]
2023-11-24 12:36:46,248 DEBUG o.h.b.m.i.PropertyBinder [PropertyBinder.java:391] Building property lastname
2023-11-24 12:36:46,248 TRACE o.h.b.m.i.PropertyBinder [PropertyBinder.java:407] Cascading lastname with null
2023-11-24 12:36:46,248 TRACE o.h.b.m.i.PropertyBinder [PropertyBinder.java:695] Processing annotations of franco.maurizio.hr.desk.com.persistence.entity.Candidate.mobile
2023-11-24 12:36:46,248 TRACE o.h.e.j.e.i.NormalizingIdentifierHelperImpl [NormalizingIdentifierHelperImpl.java:62] Normalizing identifier quoting [mobile]
2023-11-24 12:36:46,248 TRACE o.h.e.j.e.i.NormalizingIdentifierHelperImpl [NormalizingIdentifierHelperImpl.java:62] Normalizing identifier quoting [mobile]
2023-11-24 12:36:46,248 DEBUG o.h.b.m.i.AnnotatedColumn [AnnotatedColumn.java:249] Binding column: AnnotatedColumn()
2023-11-24 12:36:46,248 DEBUG o.h.b.m.i.PropertyBinder [PropertyBinder.java:251] MetadataSourceProcessor property mobile with lazy=false
2023-11-24 12:36:46,248 DEBUG o.h.b.m.i.AbstractPropertyHolder [AbstractPropertyHolder.java:107] Attempting to locate auto-apply AttributeConverter for property [franco.maurizio.hr.desk.com.persistence.entity.Candidate:mobile]
2023-11-24 12:36:46,249 DEBUG o.h.b.m.i.BasicValueBinder [BasicValueBinder.java:1196] building BasicValue for mobile
2023-11-24 12:36:46,249 DEBUG o.h.m.BasicValue [BasicValue.java:259] Skipping column re-registration: candidates.mobile
2023-11-24 12:36:46,249 TRACE o.h.e.j.e.i.NormalizingIdentifierHelperImpl [NormalizingIdentifierHelperImpl.java:62] Normalizing identifier quoting [mobile]
2023-11-24 12:36:46,249 TRACE o.h.e.j.e.i.NormalizingIdentifierHelperImpl [NormalizingIdentifierHelperImpl.java:62] Normalizing identifier quoting [mobile]
2023-11-24 12:36:46,249 TRACE o.h.e.j.e.i.NormalizingIdentifierHelperImpl [NormalizingIdentifierHelperImpl.java:62] Normalizing identifier quoting [mobile]
2023-11-24 12:36:46,249 DEBUG o.h.b.m.i.PropertyBinder [PropertyBinder.java:391] Building property mobile
2023-11-24 12:36:46,249 TRACE o.h.b.m.i.PropertyBinder [PropertyBinder.java:407] Cascading mobile with null
2023-11-24 12:36:46,250 TRACE o.h.b.m.i.PropertyBinder [PropertyBinder.java:695] Processing annotations of franco.maurizio.hr.desk.com.persistence.entity.Candidate.regdate
2023-11-24 12:36:46,250 TRACE o.h.e.j.e.i.NormalizingIdentifierHelperImpl [NormalizingIdentifierHelperImpl.java:62] Normalizing identifier quoting [regdate]
2023-11-24 12:36:46,250 TRACE o.h.e.j.e.i.NormalizingIdentifierHelperImpl [NormalizingIdentifierHelperImpl.java:62] Normalizing identifier quoting [regdate]
2023-11-24 12:36:46,250 DEBUG o.h.b.m.i.AnnotatedColumn [AnnotatedColumn.java:249] Binding column: AnnotatedColumn(column='regdate')
2023-11-24 12:36:46,250 DEBUG o.h.b.m.i.PropertyBinder [PropertyBinder.java:251] MetadataSourceProcessor property regdate with lazy=false
2023-11-24 12:36:46,250 DEBUG o.h.b.m.i.AbstractPropertyHolder [AbstractPropertyHolder.java:107] Attempting to locate auto-apply AttributeConverter for property [franco.maurizio.hr.desk.com.persistence.entity.Candidate:regdate]
2023-11-24 12:36:46,251 DEBUG o.h.b.m.i.BasicValueBinder [BasicValueBinder.java:1196] building BasicValue for regdate
2023-11-24 12:36:46,251 DEBUG o.h.m.BasicValue [BasicValue.java:259] Skipping column re-registration: candidates.regdate
2023-11-24 12:36:46,251 TRACE o.h.e.j.e.i.NormalizingIdentifierHelperImpl [NormalizingIdentifierHelperImpl.java:62] Normalizing identifier quoting [regdate]
2023-11-24 12:36:46,251 DEBUG o.h.b.m.i.PropertyBinder [PropertyBinder.java:391] Building property regdate
2023-11-24 12:36:46,252 TRACE o.h.b.m.i.PropertyBinder [PropertyBinder.java:407] Cascading regdate with null
2023-11-24 12:36:46,252 TRACE o.h.b.m.i.PropertyBinder [PropertyBinder.java:695] Processing annotations of franco.maurizio.hr.desk.com.persistence.entity.Candidate.stillHighStudy
2023-11-24 12:36:46,252 TRACE o.h.e.j.e.i.NormalizingIdentifierHelperImpl [NormalizingIdentifierHelperImpl.java:62] Normalizing identifier quoting [still_high_study]
2023-11-24 12:36:46,252 TRACE o.h.e.j.e.i.NormalizingIdentifierHelperImpl [NormalizingIdentifierHelperImpl.java:62] Normalizing identifier quoting [still_high_study]
2023-11-24 12:36:46,253 DEBUG o.h.b.m.i.AnnotatedColumn [AnnotatedColumn.java:249] Binding column: AnnotatedColumn(column='still_high_study')
2023-11-24 12:36:46,253 DEBUG o.h.b.m.i.PropertyBinder [PropertyBinder.java:251] MetadataSourceProcessor property stillHighStudy with lazy=false
2023-11-24 12:36:46,253 DEBUG o.h.b.m.i.AbstractPropertyHolder [AbstractPropertyHolder.java:107] Attempting to locate auto-apply AttributeConverter for property [franco.maurizio.hr.desk.com.persistence.entity.Candidate:stillHighStudy]
2023-11-24 12:36:46,253 DEBUG o.h.b.m.i.BasicValueBinder [BasicValueBinder.java:1196] building BasicValue for stillHighStudy
2023-11-24 12:36:46,254 DEBUG o.h.m.BasicValue [BasicValue.java:259] Skipping column re-registration: candidates.still_high_study
2023-11-24 12:36:46,254 TRACE o.h.e.j.e.i.NormalizingIdentifierHelperImpl [NormalizingIdentifierHelperImpl.java:62] Normalizing identifier quoting [still_high_study]
2023-11-24 12:36:46,254 DEBUG o.h.b.m.i.PropertyBinder [PropertyBinder.java:391] Building property stillHighStudy
2023-11-24 12:36:46,254 TRACE o.h.b.m.i.PropertyBinder [PropertyBinder.java:407] Cascading stillHighStudy with null
2023-11-24 12:36:46,255 TRACE o.h.b.m.i.PropertyBinder [PropertyBinder.java:695] Processing annotations of franco.maurizio.hr.desk.com.persistence.entity.Candidate.studyQualification
2023-11-24 12:36:46,255 TRACE o.h.e.j.e.i.NormalizingIdentifierHelperImpl [NormalizingIdentifierHelperImpl.java:62] Normalizing identifier quoting [study_qualification]
2023-11-24 12:36:46,255 TRACE o.h.e.j.e.i.NormalizingIdentifierHelperImpl [NormalizingIdentifierHelperImpl.java:62] Normalizing identifier quoting [study_qualification]
2023-11-24 12:36:46,256 DEBUG o.h.b.m.i.AnnotatedColumn [AnnotatedColumn.java:249] Binding column: AnnotatedColumn(column='study_qualification')
2023-11-24 12:36:46,256 DEBUG o.h.b.m.i.PropertyBinder [PropertyBinder.java:251] MetadataSourceProcessor property studyQualification with lazy=false
2023-11-24 12:36:46,256 DEBUG o.h.b.m.i.AbstractPropertyHolder [AbstractPropertyHolder.java:107] Attempting to locate auto-apply AttributeConverter for property [franco.maurizio.hr.desk.com.persistence.entity.Candidate:studyQualification]
2023-11-24 12:36:46,256 DEBUG o.h.b.m.i.BasicValueBinder [BasicValueBinder.java:1196] building BasicValue for studyQualification
2023-11-24 12:36:46,256 DEBUG o.h.m.BasicValue [BasicValue.java:259] Skipping column re-registration: candidates.study_qualification
2023-11-24 12:36:46,257 TRACE o.h.e.j.e.i.NormalizingIdentifierHelperImpl [NormalizingIdentifierHelperImpl.java:62] Normalizing identifier quoting [study_qualification]
2023-11-24 12:36:46,257 DEBUG o.h.b.m.i.PropertyBinder [PropertyBinder.java:391] Building property studyQualification
2023-11-24 12:36:46,257 TRACE o.h.b.m.i.PropertyBinder [PropertyBinder.java:407] Cascading studyQualification with null
2023-11-24 12:36:46,257 TRACE o.h.b.m.i.PropertyBinder [PropertyBinder.java:695] Processing annotations of franco.maurizio.hr.desk.com.persistence.entity.Candidate.technicalNote
2023-11-24 12:36:46,258 TRACE o.h.e.j.e.i.NormalizingIdentifierHelperImpl [NormalizingIdentifierHelperImpl.java:62] Normalizing identifier quoting [technical_note]
2023-11-24 12:36:46,258 TRACE o.h.e.j.e.i.NormalizingIdentifierHelperImpl [NormalizingIdentifierHelperImpl.java:62] Normalizing identifier quoting [technical_note]
2023-11-24 12:36:46,258 DEBUG o.h.b.m.i.AnnotatedColumn [AnnotatedColumn.java:249] Binding column: AnnotatedColumn(column='technical_note')
2023-11-24 12:36:46,258 DEBUG o.h.b.m.i.PropertyBinder [PropertyBinder.java:251] MetadataSourceProcessor property technicalNote with lazy=false
2023-11-24 12:36:46,259 DEBUG o.h.b.m.i.AbstractPropertyHolder [AbstractPropertyHolder.java:107] Attempting to locate auto-apply AttributeConverter for property [franco.maurizio.hr.desk.com.persistence.entity.Candidate:technicalNote]
2023-11-24 12:36:46,259 DEBUG o.h.b.m.i.BasicValueBinder [BasicValueBinder.java:1196] building BasicValue for technicalNote
2023-11-24 12:36:46,259 DEBUG o.h.m.BasicValue [BasicValue.java:259] Skipping column re-registration: candidates.technical_note
2023-11-24 12:36:46,259 TRACE o.h.e.j.e.i.NormalizingIdentifierHelperImpl [NormalizingIdentifierHelperImpl.java:62] Normalizing identifier quoting [technical_note]
2023-11-24 12:36:46,259 DEBUG o.h.b.m.i.PropertyBinder [PropertyBinder.java:391] Building property technicalNote
2023-11-24 12:36:46,260 TRACE o.h.b.m.i.PropertyBinder [PropertyBinder.java:407] Cascading technicalNote with null
2023-11-24 12:36:46,261 DEBUG o.h.b.m.i.EntityBinder [EntityBinder.java:206] Binding entity from annotated class: franco.maurizio.hr.desk.com.persistence.entity.Question
2023-11-24 12:36:46,261 DEBUG o.h.b.m.i.EntityBinder [EntityBinder.java:1224] Import with entity name Question
2023-11-24 12:36:46,261 TRACE o.h.b.i.InFlightMetadataCollectorImpl [InFlightMetadataCollectorImpl.java:878] Import: Question -> franco.maurizio.hr.desk.com.persistence.entity.Question
2023-11-24 12:36:46,261 TRACE o.h.b.i.InFlightMetadataCollectorImpl [InFlightMetadataCollectorImpl.java:878] Import: franco.maurizio.hr.desk.com.persistence.entity.Question -> franco.maurizio.hr.desk.com.persistence.entity.Question
2023-11-24 12:36:46,262 TRACE o.h.e.j.e.i.NormalizingIdentifierHelperImpl [NormalizingIdentifierHelperImpl.java:62] Normalizing identifier quoting [questions]
2023-11-24 12:36:46,262 TRACE o.h.e.j.e.i.NormalizingIdentifierHelperImpl [NormalizingIdentifierHelperImpl.java:62] Normalizing identifier quoting [questions]
2023-11-24 12:36:46,262 DEBUG o.h.b.m.i.EntityBinder [EntityBinder.java:1769] Bind entity franco.maurizio.hr.desk.com.persistence.entity.Question on table questions
2023-11-24 12:36:46,262 TRACE o.h.e.j.e.i.NormalizingIdentifierHelperImpl [NormalizingIdentifierHelperImpl.java:62] Normalizing identifier quoting [DTYPE]
2023-11-24 12:36:46,263 DEBUG o.h.b.m.i.AnnotatedColumn [AnnotatedColumn.java:249] Binding column: AnnotatedDiscriminatorColumn(column='DTYPE')
2023-11-24 12:36:46,263 TRACE o.h.b.m.i.PropertyBinder [PropertyBinder.java:695] Processing annotations of franco.maurizio.hr.desk.com.persistence.entity.Question.id
2023-11-24 12:36:46,264 TRACE o.h.e.j.e.i.NormalizingIdentifierHelperImpl [NormalizingIdentifierHelperImpl.java:62] Normalizing identifier quoting [id]
2023-11-24 12:36:46,264 TRACE o.h.e.j.e.i.NormalizingIdentifierHelperImpl [NormalizingIdentifierHelperImpl.java:62] Normalizing identifier quoting [id]
2023-11-24 12:36:46,264 DEBUG o.h.b.m.i.AnnotatedColumn [AnnotatedColumn.java:249] Binding column: AnnotatedColumn()
2023-11-24 12:36:46,264 DEBUG o.h.b.i.ClassLoaderAccessImpl [ClassLoaderAccessImpl.java:60] Not known whether passed class name [franco.maurizio.hr.desk.com.persistence.entity.Question] is safe
2023-11-24 12:36:46,265 DEBUG o.h.b.i.ClassLoaderAccessImpl [ClassLoaderAccessImpl.java:62] No temp ClassLoader provided; using live ClassLoader for loading potentially unsafe class : franco.maurizio.hr.desk.com.persistence.entity.Question
2023-11-24 12:36:46,265 DEBUG o.h.b.m.i.PropertyBinder [PropertyBinder.java:251] MetadataSourceProcessor property id with lazy=false
2023-11-24 12:36:46,265 DEBUG o.h.b.m.i.AbstractPropertyHolder [AbstractPropertyHolder.java:107] Attempting to locate auto-apply AttributeConverter for property [franco.maurizio.hr.desk.com.persistence.entity.Question:id]
2023-11-24 12:36:46,265 DEBUG o.h.b.m.i.BasicValueBinder [BasicValueBinder.java:1196] building BasicValue for id
2023-11-24 12:36:46,265 DEBUG o.h.m.BasicValue [BasicValue.java:259] Skipping column re-registration: questions.id
2023-11-24 12:36:46,265 TRACE o.h.e.j.e.i.NormalizingIdentifierHelperImpl [NormalizingIdentifierHelperImpl.java:62] Normalizing identifier quoting [id]
2023-11-24 12:36:46,266 TRACE o.h.e.j.e.i.NormalizingIdentifierHelperImpl [NormalizingIdentifierHelperImpl.java:62] Normalizing identifier quoting [id]
2023-11-24 12:36:46,266 TRACE o.h.e.j.e.i.NormalizingIdentifierHelperImpl [NormalizingIdentifierHelperImpl.java:62] Normalizing identifier quoting [id]
2023-11-24 12:36:46,266 DEBUG o.h.b.m.i.PropertyBinder [PropertyBinder.java:391] Building property id
2023-11-24 12:36:46,266 TRACE o.h.b.m.i.PropertyBinder [PropertyBinder.java:407] Cascading id with null
2023-11-24 12:36:46,266 DEBUG o.h.b.m.i.BinderHelper [GeneratorBinder.java:73] #makeIdGenerator(BasicValue([Column(id)]), id, identity, , ...)
2023-11-24 12:36:46,266 TRACE o.h.b.m.i.PropertyBinder [PropertyBinder.java:1327] Bind @Id on id
2023-11-24 12:36:46,266 TRACE o.h.b.m.i.PropertyBinder [PropertyBinder.java:695] Processing annotations of franco.maurizio.hr.desk.com.persistence.entity.Question.ansa
2023-11-24 12:36:46,267 TRACE o.h.e.j.e.i.NormalizingIdentifierHelperImpl [NormalizingIdentifierHelperImpl.java:62] Normalizing identifier quoting [ansa]
2023-11-24 12:36:46,267 TRACE o.h.e.j.e.i.NormalizingIdentifierHelperImpl [NormalizingIdentifierHelperImpl.java:62] Normalizing identifier quoting [ansa]
2023-11-24 12:36:46,267 DEBUG o.h.b.m.i.AnnotatedColumn [AnnotatedColumn.java:249] Binding column: AnnotatedColumn()
2023-11-24 12:36:46,267 DEBUG o.h.b.m.i.PropertyBinder [PropertyBinder.java:251] MetadataSourceProcessor property ansa with lazy=false
2023-11-24 12:36:46,268 DEBUG o.h.b.m.i.AbstractPropertyHolder [AbstractPropertyHolder.java:107] Attempting to locate auto-apply AttributeConverter for property [franco.maurizio.hr.desk.com.persistence.entity.Question:ansa]
2023-11-24 12:36:46,268 DEBUG o.h.b.m.i.BasicValueBinder [BasicValueBinder.java:1196] building BasicValue for ansa
2023-11-24 12:36:46,268 DEBUG o.h.m.BasicValue [BasicValue.java:259] Skipping column re-registration: questions.ansa
2023-11-24 12:36:46,268 TRACE o.h.e.j.e.i.NormalizingIdentifierHelperImpl [NormalizingIdentifierHelperImpl.java:62] Normalizing identifier quoting [ansa]
2023-11-24 12:36:46,268 TRACE o.h.e.j.e.i.NormalizingIdentifierHelperImpl [NormalizingIdentifierHelperImpl.java:62] Normalizing identifier quoting [ansa]
2023-11-24 12:36:46,268 TRACE o.h.e.j.e.i.NormalizingIdentifierHelperImpl [NormalizingIdentifierHelperImpl.java:62] Normalizing identifier quoting [ansa]
2023-11-24 12:36:46,269 DEBUG o.h.b.m.i.PropertyBinder [PropertyBinder.java:391] Building property ansa
2023-11-24 12:36:46,269 TRACE o.h.b.m.i.PropertyBinder [PropertyBinder.java:407] Cascading ansa with null
2023-11-24 12:36:46,269 TRACE o.h.b.m.i.PropertyBinder [PropertyBinder.java:695] Processing annotations of franco.maurizio.hr.desk.com.persistence.entity.Question.ansb
2023-11-24 12:36:46,269 TRACE o.h.e.j.e.i.NormalizingIdentifierHelperImpl [NormalizingIdentifierHelperImpl.java:62] Normalizing identifier quoting [ansb]
2023-11-24 12:36:46,269 TRACE o.h.e.j.e.i.NormalizingIdentifierHelperImpl [NormalizingIdentifierHelperImpl.java:62] Normalizing identifier quoting [ansb]
2023-11-24 12:36:46,269 DEBUG o.h.b.m.i.AnnotatedColumn [AnnotatedColumn.java:249] Binding column: AnnotatedColumn()
2023-11-24 12:36:46,270 DEBUG o.h.b.m.i.PropertyBinder [PropertyBinder.java:251] MetadataSourceProcessor property ansb with lazy=false
2023-11-24 12:36:46,270 DEBUG o.h.b.m.i.AbstractPropertyHolder [AbstractPropertyHolder.java:107] Attempting to locate auto-apply AttributeConverter for property [franco.maurizio.hr.desk.com.persistence.entity.Question:ansb]
2023-11-24 12:36:46,270 DEBUG o.h.b.m.i.BasicValueBinder [BasicValueBinder.java:1196] building BasicValue for ansb
2023-11-24 12:36:46,270 DEBUG o.h.m.BasicValue [BasicValue.java:259] Skipping column re-registration: questions.ansb
2023-11-24 12:36:46,270 TRACE o.h.e.j.e.i.NormalizingIdentifierHelperImpl [NormalizingIdentifierHelperImpl.java:62] Normalizing identifier quoting [ansb]
2023-11-24 12:36:46,271 TRACE o.h.e.j.e.i.NormalizingIdentifierHelperImpl [NormalizingIdentifierHelperImpl.java:62] Normalizing identifier quoting [ansb]
2023-11-24 12:36:46,271 TRACE o.h.e.j.e.i.NormalizingIdentifierHelperImpl [NormalizingIdentifierHelperImpl.java:62] Normalizing identifier quoting [ansb]
2023-11-24 12:36:46,271 DEBUG o.h.b.m.i.PropertyBinder [PropertyBinder.java:391] Building property ansb
2023-11-24 12:36:46,271 TRACE o.h.b.m.i.PropertyBinder [PropertyBinder.java:407] Cascading ansb with null
2023-11-24 12:36:46,271 TRACE o.h.b.m.i.PropertyBinder [PropertyBinder.java:695] Processing annotations of franco.maurizio.hr.desk.com.persistence.entity.Question.ansc
2023-11-24 12:36:46,272 TRACE o.h.e.j.e.i.NormalizingIdentifierHelperImpl [NormalizingIdentifierHelperImpl.java:62] Normalizing identifier quoting [ansc]
2023-11-24 12:36:46,272 TRACE o.h.e.j.e.i.NormalizingIdentifierHelperImpl [NormalizingIdentifierHelperImpl.java:62] Normalizing identifier quoting [ansc]
2023-11-24 12:36:46,272 DEBUG o.h.b.m.i.AnnotatedColumn [AnnotatedColumn.java:249] Binding column: AnnotatedColumn()
2023-11-24 12:36:46,272 DEBUG o.h.b.m.i.PropertyBinder [PropertyBinder.java:251] MetadataSourceProcessor property ansc with lazy=false
2023-11-24 12:36:46,272 DEBUG o.h.b.m.i.AbstractPropertyHolder [AbstractPropertyHolder.java:107] Attempting to locate auto-apply AttributeConverter for property [franco.maurizio.hr.desk.com.persistence.entity.Question:ansc]
2023-11-24 12:36:46,272 DEBUG o.h.b.m.i.BasicValueBinder [BasicValueBinder.java:1196] building BasicValue for ansc
2023-11-24 12:36:46,273 DEBUG o.h.m.BasicValue [BasicValue.java:259] Skipping column re-registration: questions.ansc
2023-11-24 12:36:46,273 TRACE o.h.e.j.e.i.NormalizingIdentifierHelperImpl [NormalizingIdentifierHelperImpl.java:62] Normalizing identifier quoting [ansc]
2023-11-24 12:36:46,273 TRACE o.h.e.j.e.i.NormalizingIdentifierHelperImpl [NormalizingIdentifierHelperImpl.java:62] Normalizing identifier quoting [ansc]
2023-11-24 12:36:46,273 TRACE o.h.e.j.e.i.NormalizingIdentifierHelperImpl [NormalizingIdentifierHelperImpl.java:62] Normalizing identifier quoting [ansc]
2023-11-24 12:36:46,273 DEBUG o.h.b.m.i.PropertyBinder [PropertyBinder.java:391] Building property ansc
2023-11-24 12:36:46,274 TRACE o.h.b.m.i.PropertyBinder [PropertyBinder.java:407] Cascading ansc with null
2023-11-24 12:36:46,274 TRACE o.h.b.m.i.PropertyBinder [PropertyBinder.java:695] Processing annotations of franco.maurizio.hr.desk.com.persistence.entity.Question.ansd
2023-11-24 12:36:46,274 TRACE o.h.e.j.e.i.NormalizingIdentifierHelperImpl [NormalizingIdentifierHelperImpl.java:62] Normalizing identifier quoting [ansd]
2023-11-24 12:36:46,274 TRACE o.h.e.j.e.i.NormalizingIdentifierHelperImpl [NormalizingIdentifierHelperImpl.java:62] Normalizing identifier quoting [ansd]
2023-11-24 12:36:46,275 DEBUG o.h.b.m.i.AnnotatedColumn [AnnotatedColumn.java:249] Binding column: AnnotatedColumn()
2023-11-24 12:36:46,275 DEBUG o.h.b.m.i.PropertyBinder [PropertyBinder.java:251] MetadataSourceProcessor property ansd with lazy=false
2023-11-24 12:36:46,275 DEBUG o.h.b.m.i.AbstractPropertyHolder [AbstractPropertyHolder.java:107] Attempting to locate auto-apply AttributeConverter for property [franco.maurizio.hr.desk.com.persistence.entity.Question:ansd]
2023-11-24 12:36:46,275 DEBUG o.h.b.m.i.BasicValueBinder [BasicValueBinder.java:1196] building BasicValue for ansd
2023-11-24 12:36:46,275 DEBUG o.h.m.BasicValue [BasicValue.java:259] Skipping column re-registration: questions.ansd
2023-11-24 12:36:46,276 TRACE o.h.e.j.e.i.NormalizingIdentifierHelperImpl [NormalizingIdentifierHelperImpl.java:62] Normalizing identifier quoting [ansd]
2023-11-24 12:36:46,276 TRACE o.h.e.j.e.i.NormalizingIdentifierHelperImpl [NormalizingIdentifierHelperImpl.java:62] Normalizing identifier quoting [ansd]
2023-11-24 12:36:46,276 TRACE o.h.e.j.e.i.NormalizingIdentifierHelperImpl [NormalizingIdentifierHelperImpl.java:62] Normalizing identifier quoting [ansd]
2023-11-24 12:36:46,276 DEBUG o.h.b.m.i.PropertyBinder [PropertyBinder.java:391] Building property ansd
2023-11-24 12:36:46,276 TRACE o.h.b.m.i.PropertyBinder [PropertyBinder.java:407] Cascading ansd with null
2023-11-24 12:36:46,276 TRACE o.h.b.m.i.PropertyBinder [PropertyBinder.java:695] Processing annotations of franco.maurizio.hr.desk.com.persistence.entity.Question.anse
2023-11-24 12:36:46,277 TRACE o.h.e.j.e.i.NormalizingIdentifierHelperImpl [NormalizingIdentifierHelperImpl.java:62] Normalizing identifier quoting [anse]
2023-11-24 12:36:46,277 TRACE o.h.e.j.e.i.NormalizingIdentifierHelperImpl [NormalizingIdentifierHelperImpl.java:62] Normalizing identifier quoting [anse]
2023-11-24 12:36:46,277 DEBUG o.h.b.m.i.AnnotatedColumn [AnnotatedColumn.java:249] Binding column: AnnotatedColumn()
2023-11-24 12:36:46,277 DEBUG o.h.b.m.i.PropertyBinder [PropertyBinder.java:251] MetadataSourceProcessor property anse with lazy=false
2023-11-24 12:36:46,277 DEBUG o.h.b.m.i.AbstractPropertyHolder [AbstractPropertyHolder.java:107] Attempting to locate auto-apply AttributeConverter for property [franco.maurizio.hr.desk.com.persistence.entity.Question:anse]
2023-11-24 12:36:46,277 DEBUG o.h.b.m.i.BasicValueBinder [BasicValueBinder.java:1196] building BasicValue for anse
2023-11-24 12:36:46,277 DEBUG o.h.m.BasicValue [BasicValue.java:259] Skipping column re-registration: questions.anse
2023-11-24 12:36:46,277 TRACE o.h.e.j.e.i.NormalizingIdentifierHelperImpl [NormalizingIdentifierHelperImpl.java:62] Normalizing identifier quoting [anse]
2023-11-24 12:36:46,278 TRACE o.h.e.j.e.i.NormalizingIdentifierHelperImpl [NormalizingIdentifierHelperImpl.java:62] Normalizing identifier quoting [anse]
2023-11-24 12:36:46,278 TRACE o.h.e.j.e.i.NormalizingIdentifierHelperImpl [NormalizingIdentifierHelperImpl.java:62] Normalizing identifier quoting [anse]
2023-11-24 12:36:46,278 DEBUG o.h.b.m.i.PropertyBinder [PropertyBinder.java:391] Building property anse
2023-11-24 12:36:46,278 TRACE o.h.b.m.i.PropertyBinder [PropertyBinder.java:407] Cascading anse with null
2023-11-24 12:36:46,278 TRACE o.h.b.m.i.PropertyBinder [PropertyBinder.java:695] Processing annotations of franco.maurizio.hr.desk.com.persistence.entity.Question.ansf
2023-11-24 12:36:46,278 TRACE o.h.e.j.e.i.NormalizingIdentifierHelperImpl [NormalizingIdentifierHelperImpl.java:62] Normalizing identifier quoting [ansf]
2023-11-24 12:36:46,278 TRACE o.h.e.j.e.i.NormalizingIdentifierHelperImpl [NormalizingIdentifierHelperImpl.java:62] Normalizing identifier quoting [ansf]
2023-11-24 12:36:46,278 DEBUG o.h.b.m.i.AnnotatedColumn [AnnotatedColumn.java:249] Binding column: AnnotatedColumn()
2023-11-24 12:36:46,279 DEBUG o.h.b.m.i.PropertyBinder [PropertyBinder.java:251] MetadataSourceProcessor property ansf with lazy=false
2023-11-24 12:36:46,279 DEBUG o.h.b.m.i.AbstractPropertyHolder [AbstractPropertyHolder.java:107] Attempting to locate auto-apply AttributeConverter for property [franco.maurizio.hr.desk.com.persistence.entity.Question:ansf]
2023-11-24 12:36:46,279 DEBUG o.h.b.m.i.BasicValueBinder [BasicValueBinder.java:1196] building BasicValue for ansf
2023-11-24 12:36:46,279 DEBUG o.h.m.BasicValue [BasicValue.java:259] Skipping column re-registration: questions.ansf
2023-11-24 12:36:46,279 TRACE o.h.e.j.e.i.NormalizingIdentifierHelperImpl [NormalizingIdentifierHelperImpl.java:62] Normalizing identifier quoting [ansf]
2023-11-24 12:36:46,279 TRACE o.h.e.j.e.i.NormalizingIdentifierHelperImpl [NormalizingIdentifierHelperImpl.java:62] Normalizing identifier quoting [ansf]
2023-11-24 12:36:46,279 TRACE o.h.e.j.e.i.NormalizingIdentifierHelperImpl [NormalizingIdentifierHelperImpl.java:62] Normalizing identifier quoting [ansf]
2023-11-24 12:36:46,279 DEBUG o.h.b.m.i.PropertyBinder [PropertyBinder.java:391] Building property ansf
2023-11-24 12:36:46,279 TRACE o.h.b.m.i.PropertyBinder [PropertyBinder.java:407] Cascading ansf with null
2023-11-24 12:36:46,280 TRACE o.h.b.m.i.PropertyBinder [PropertyBinder.java:695] Processing annotations of franco.maurizio.hr.desk.com.persistence.entity.Question.ansg
2023-11-24 12:36:46,280 TRACE o.h.e.j.e.i.NormalizingIdentifierHelperImpl [NormalizingIdentifierHelperImpl.java:62] Normalizing identifier quoting [ansg]
2023-11-24 12:36:46,280 TRACE o.h.e.j.e.i.NormalizingIdentifierHelperImpl [NormalizingIdentifierHelperImpl.java:62] Normalizing identifier quoting [ansg]
2023-11-24 12:36:46,280 DEBUG o.h.b.m.i.AnnotatedColumn [AnnotatedColumn.java:249] Binding column: AnnotatedColumn()
2023-11-24 12:36:46,280 DEBUG o.h.b.m.i.PropertyBinder [PropertyBinder.java:251] MetadataSourceProcessor property ansg with lazy=false
2023-11-24 12:36:46,280 DEBUG o.h.b.m.i.AbstractPropertyHolder [AbstractPropertyHolder.java:107] Attempting to locate auto-apply AttributeConverter for property [franco.maurizio.hr.desk.com.persistence.entity.Question:ansg]
2023-11-24 12:36:46,280 DEBUG o.h.b.m.i.BasicValueBinder [BasicValueBinder.java:1196] building BasicValue for ansg
2023-11-24 12:36:46,281 DEBUG o.h.m.BasicValue [BasicValue.java:259] Skipping column re-registration: questions.ansg
2023-11-24 12:36:46,281 TRACE o.h.e.j.e.i.NormalizingIdentifierHelperImpl [NormalizingIdentifierHelperImpl.java:62] Normalizing identifier quoting [ansg]
2023-11-24 12:36:46,281 TRACE o.h.e.j.e.i.NormalizingIdentifierHelperImpl [NormalizingIdentifierHelperImpl.java:62] Normalizing identifier quoting [ansg]
2023-11-24 12:36:46,281 TRACE o.h.e.j.e.i.NormalizingIdentifierHelperImpl [NormalizingIdentifierHelperImpl.java:62] Normalizing identifier quoting [ansg]
2023-11-24 12:36:46,281 DEBUG o.h.b.m.i.PropertyBinder [PropertyBinder.java:391] Building property ansg
2023-11-24 12:36:46,281 TRACE o.h.b.m.i.PropertyBinder [PropertyBinder.java:407] Cascading ansg with null
2023-11-24 12:36:46,281 TRACE o.h.b.m.i.PropertyBinder [PropertyBinder.java:695] Processing annotations of franco.maurizio.hr.desk.com.persistence.entity.Question.ansh
2023-11-24 12:36:46,281 TRACE o.h.e.j.e.i.NormalizingIdentifierHelperImpl [NormalizingIdentifierHelperImpl.java:62] Normalizing identifier quoting [ansh]
2023-11-24 12:36:46,282 TRACE o.h.e.j.e.i.NormalizingIdentifierHelperImpl [NormalizingIdentifierHelperImpl.java:62] Normalizing identifier quoting [ansh]
2023-11-24 12:36:46,282 DEBUG o.h.b.m.i.AnnotatedColumn [AnnotatedColumn.java:249] Binding column: AnnotatedColumn()
2023-11-24 12:36:46,282 DEBUG o.h.b.m.i.PropertyBinder [PropertyBinder.java:251] MetadataSourceProcessor property ansh with lazy=false
2023-11-24 12:36:46,282 DEBUG o.h.b.m.i.AbstractPropertyHolder [AbstractPropertyHolder.java:107] Attempting to locate auto-apply AttributeConverter for property [franco.maurizio.hr.desk.com.persistence.entity.Question:ansh]
2023-11-24 12:36:46,282 DEBUG o.h.b.m.i.BasicValueBinder [BasicValueBinder.java:1196] building BasicValue for ansh
2023-11-24 12:36:46,282 DEBUG o.h.m.BasicValue [BasicValue.java:259] Skipping column re-registration: questions.ansh
2023-11-24 12:36:46,282 TRACE o.h.e.j.e.i.NormalizingIdentifierHelperImpl [NormalizingIdentifierHelperImpl.java:62] Normalizing identifier quoting [ansh]
2023-11-24 12:36:46,282 TRACE o.h.e.j.e.i.NormalizingIdentifierHelperImpl [NormalizingIdentifierHelperImpl.java:62] Normalizing identifier quoting [ansh]
2023-11-24 12:36:46,282 TRACE o.h.e.j.e.i.NormalizingIdentifierHelperImpl [NormalizingIdentifierHelperImpl.java:62] Normalizing identifier quoting [ansh]
2023-11-24 12:36:46,283 DEBUG o.h.b.m.i.PropertyBinder [PropertyBinder.java:391] Building property ansh
2023-11-24 12:36:46,283 TRACE o.h.b.m.i.PropertyBinder [PropertyBinder.java:407] Cascading ansh with null
2023-11-24 12:36:46,283 TRACE o.h.b.m.i.PropertyBinder [PropertyBinder.java:695] Processing annotations of franco.maurizio.hr.desk.com.persistence.entity.Question.cansa
2023-11-24 12:36:46,283 TRACE o.h.e.j.e.i.NormalizingIdentifierHelperImpl [NormalizingIdentifierHelperImpl.java:62] Normalizing identifier quoting [cansa]
2023-11-24 12:36:46,283 TRACE o.h.e.j.e.i.NormalizingIdentifierHelperImpl [NormalizingIdentifierHelperImpl.java:62] Normalizing identifier quoting [cansa]
2023-11-24 12:36:46,283 DEBUG o.h.b.m.i.AnnotatedColumn [AnnotatedColumn.java:249] Binding column: AnnotatedColumn()
2023-11-24 12:36:46,283 DEBUG o.h.b.m.i.PropertyBinder [PropertyBinder.java:251] MetadataSourceProcessor property cansa with lazy=false
2023-11-24 12:36:46,283 DEBUG o.h.b.m.i.AbstractPropertyHolder [AbstractPropertyHolder.java:107] Attempting to locate auto-apply AttributeConverter for property [franco.maurizio.hr.desk.com.persistence.entity.Question:cansa]
2023-11-24 12:36:46,283 DEBUG o.h.b.m.i.BasicValueBinder [BasicValueBinder.java:1196] building BasicValue for cansa
2023-11-24 12:36:46,284 DEBUG o.h.m.BasicValue [BasicValue.java:259] Skipping column re-registration: questions.cansa
2023-11-24 12:36:46,284 TRACE o.h.e.j.e.i.NormalizingIdentifierHelperImpl [NormalizingIdentifierHelperImpl.java:62] Normalizing identifier quoting [cansa]
2023-11-24 12:36:46,284 TRACE o.h.e.j.e.i.NormalizingIdentifierHelperImpl [NormalizingIdentifierHelperImpl.java:62] Normalizing identifier quoting [cansa]
2023-11-24 12:36:46,284 TRACE o.h.e.j.e.i.NormalizingIdentifierHelperImpl [NormalizingIdentifierHelperImpl.java:62] Normalizing identifier quoting [cansa]
2023-11-24 12:36:46,284 DEBUG o.h.b.m.i.PropertyBinder [PropertyBinder.java:391] Building property cansa
2023-11-24 12:36:46,284 TRACE o.h.b.m.i.PropertyBinder [PropertyBinder.java:407] Cascading cansa with null
2023-11-24 12:36:46,284 TRACE o.h.b.m.i.PropertyBinder [PropertyBinder.java:695] Processing annotations of franco.maurizio.hr.desk.com.persistence.entity.Question.cansb
2023-11-24 12:36:46,285 TRACE o.h.e.j.e.i.NormalizingIdentifierHelperImpl [NormalizingIdentifierHelperImpl.java:62] Normalizing identifier quoting [cansb]
2023-11-24 12:36:46,285 TRACE o.h.e.j.e.i.NormalizingIdentifierHelperImpl [NormalizingIdentifierHelperImpl.java:62] Normalizing identifier quoting [cansb]
2023-11-24 12:36:46,285 DEBUG o.h.b.m.i.AnnotatedColumn [AnnotatedColumn.java:249] Binding column: AnnotatedColumn()
2023-11-24 12:36:46,285 DEBUG o.h.b.m.i.PropertyBinder [PropertyBinder.java:251] MetadataSourceProcessor property cansb with lazy=false
2023-11-24 12:36:46,285 DEBUG o.h.b.m.i.AbstractPropertyHolder [AbstractPropertyHolder.java:107] Attempting to locate auto-apply AttributeConverter for property [franco.maurizio.hr.desk.com.persistence.entity.Question:cansb]
2023-11-24 12:36:46,285 DEBUG o.h.b.m.i.BasicValueBinder [BasicValueBinder.java:1196] building BasicValue for cansb
2023-11-24 12:36:46,285 DEBUG o.h.m.BasicValue [BasicValue.java:259] Skipping column re-registration: questions.cansb
2023-11-24 12:36:46,285 TRACE o.h.e.j.e.i.NormalizingIdentifierHelperImpl [NormalizingIdentifierHelperImpl.java:62] Normalizing identifier quoting [cansb]
2023-11-24 12:36:46,285 TRACE o.h.e.j.e.i.NormalizingIdentifierHelperImpl [NormalizingIdentifierHelperImpl.java:62] Normalizing identifier quoting [cansb]
2023-11-24 12:36:46,286 TRACE o.h.e.j.e.i.NormalizingIdentifierHelperImpl [NormalizingIdentifierHelperImpl.java:62] Normalizing identifier quoting [cansb]
2023-11-24 12:36:46,286 DEBUG o.h.b.m.i.PropertyBinder [PropertyBinder.java:391] Building property cansb
2023-11-24 12:36:46,286 TRACE o.h.b.m.i.PropertyBinder [PropertyBinder.java:407] Cascading cansb with null
2023-11-24 12:36:46,286 TRACE o.h.b.m.i.PropertyBinder [PropertyBinder.java:695] Processing annotations of franco.maurizio.hr.desk.com.persistence.entity.Question.cansc
2023-11-24 12:36:46,286 TRACE o.h.e.j.e.i.NormalizingIdentifierHelperImpl [NormalizingIdentifierHelperImpl.java:62] Normalizing identifier quoting [cansc]
2023-11-24 12:36:46,286 TRACE o.h.e.j.e.i.NormalizingIdentifierHelperImpl [NormalizingIdentifierHelperImpl.java:62] Normalizing identifier quoting [cansc]
2023-11-24 12:36:46,286 DEBUG o.h.b.m.i.AnnotatedColumn [AnnotatedColumn.java:249] Binding column: AnnotatedColumn()
2023-11-24 12:36:46,286 DEBUG o.h.b.m.i.PropertyBinder [PropertyBinder.java:251] MetadataSourceProcessor property cansc with lazy=false
2023-11-24 12:36:46,286 DEBUG o.h.b.m.i.AbstractPropertyHolder [AbstractPropertyHolder.java:107] Attempting to locate auto-apply AttributeConverter for property [franco.maurizio.hr.desk.com.persistence.entity.Question:cansc]
2023-11-24 12:36:46,287 DEBUG o.h.b.m.i.BasicValueBinder [BasicValueBinder.java:1196] building BasicValue for cansc
2023-11-24 12:36:46,287 DEBUG o.h.m.BasicValue [BasicValue.java:259] Skipping column re-registration: questions.cansc
2023-11-24 12:36:46,287 TRACE o.h.e.j.e.i.NormalizingIdentifierHelperImpl [NormalizingIdentifierHelperImpl.java:62] Normalizing identifier quoting [cansc]
2023-11-24 12:36:46,287 TRACE o.h.e.j.e.i.NormalizingIdentifierHelperImpl [NormalizingIdentifierHelperImpl.java:62] Normalizing identifier quoting [cansc]
2023-11-24 12:36:46,287 TRACE o.h.e.j.e.i.NormalizingIdentifierHelperImpl [NormalizingIdentifierHelperImpl.java:62] Normalizing identifier quoting [cansc]
2023-11-24 12:36:46,287 DEBUG o.h.b.m.i.PropertyBinder [PropertyBinder.java:391] Building property cansc
2023-11-24 12:36:46,288 TRACE o.h.b.m.i.PropertyBinder [PropertyBinder.java:407] Cascading cansc with null
2023-11-24 12:36:46,288 TRACE o.h.b.m.i.PropertyBinder [PropertyBinder.java:695] Processing annotations of franco.maurizio.hr.desk.com.persistence.entity.Question.cansd
2023-11-24 12:36:46,288 TRACE o.h.e.j.e.i.NormalizingIdentifierHelperImpl [NormalizingIdentifierHelperImpl.java:62] Normalizing identifier quoting [cansd]
2023-11-24 12:36:46,288 TRACE o.h.e.j.e.i.NormalizingIdentifierHelperImpl [NormalizingIdentifierHelperImpl.java:62] Normalizing identifier quoting [cansd]
2023-11-24 12:36:46,288 DEBUG o.h.b.m.i.AnnotatedColumn [AnnotatedColumn.java:249] Binding column: AnnotatedColumn()
2023-11-24 12:36:46,289 DEBUG o.h.b.m.i.PropertyBinder [PropertyBinder.java:251] MetadataSourceProcessor property cansd with lazy=false
2023-11-24 12:36:46,289 DEBUG o.h.b.m.i.AbstractPropertyHolder [AbstractPropertyHolder.java:107] Attempting to locate auto-apply AttributeConverter for property [franco.maurizio.hr.desk.com.persistence.entity.Question:cansd]
2023-11-24 12:36:46,290 DEBUG o.h.b.m.i.BasicValueBinder [BasicValueBinder.java:1196] building BasicValue for cansd
2023-11-24 12:36:46,290 DEBUG o.h.m.BasicValue [BasicValue.java:259] Skipping column re-registration: questions.cansd
2023-11-24 12:36:46,291 TRACE o.h.e.j.e.i.NormalizingIdentifierHelperImpl [NormalizingIdentifierHelperImpl.java:62] Normalizing identifier quoting [cansd]
2023-11-24 12:36:46,291 TRACE o.h.e.j.e.i.NormalizingIdentifierHelperImpl [NormalizingIdentifierHelperImpl.java:62] Normalizing identifier quoting [cansd]
2023-11-24 12:36:46,291 TRACE o.h.e.j.e.i.NormalizingIdentifierHelperImpl [NormalizingIdentifierHelperImpl.java:62] Normalizing identifier quoting [cansd]
2023-11-24 12:36:46,291 DEBUG o.h.b.m.i.PropertyBinder [PropertyBinder.java:391] Building property cansd
2023-11-24 12:36:46,291 TRACE o.h.b.m.i.PropertyBinder [PropertyBinder.java:407] Cascading cansd with null
2023-11-24 12:36:46,292 TRACE o.h.b.m.i.PropertyBinder [PropertyBinder.java:695] Processing annotations of franco.maurizio.hr.desk.com.persistence.entity.Question.canse
2023-11-24 12:36:46,292 TRACE o.h.e.j.e.i.NormalizingIdentifierHelperImpl [NormalizingIdentifierHelperImpl.java:62] Normalizing identifier quoting [canse]
2023-11-24 12:36:46,292 TRACE o.h.e.j.e.i.NormalizingIdentifierHelperImpl [NormalizingIdentifierHelperImpl.java:62] Normalizing identifier quoting [canse]
2023-11-24 12:36:46,292 DEBUG o.h.b.m.i.AnnotatedColumn [AnnotatedColumn.java:249] Binding column: AnnotatedColumn()
2023-11-24 12:36:46,292 DEBUG o.h.b.m.i.PropertyBinder [PropertyBinder.java:251] MetadataSourceProcessor property canse with lazy=false
2023-11-24 12:36:46,293 DEBUG o.h.b.m.i.AbstractPropertyHolder [AbstractPropertyHolder.java:107] Attempting to locate auto-apply AttributeConverter for property [franco.maurizio.hr.desk.com.persistence.entity.Question:canse]
2023-11-24 12:36:46,293 DEBUG o.h.b.m.i.BasicValueBinder [BasicValueBinder.java:1196] building BasicValue for canse
2023-11-24 12:36:46,293 DEBUG o.h.m.BasicValue [BasicValue.java:259] Skipping column re-registration: questions.canse
2023-11-24 12:36:46,293 TRACE o.h.e.j.e.i.NormalizingIdentifierHelperImpl [NormalizingIdentifierHelperImpl.java:62] Normalizing identifier quoting [canse]
2023-11-24 12:36:46,293 TRACE o.h.e.j.e.i.NormalizingIdentifierHelperImpl [NormalizingIdentifierHelperImpl.java:62] Normalizing identifier quoting [canse]
2023-11-24 12:36:46,294 TRACE o.h.e.j.e.i.NormalizingIdentifierHelperImpl [NormalizingIdentifierHelperImpl.java:62] Normalizing identifier quoting [canse]
2023-11-24 12:36:46,294 DEBUG o.h.b.m.i.PropertyBinder [PropertyBinder.java:391] Building property canse
2023-11-24 12:36:46,294 TRACE o.h.b.m.i.PropertyBinder [PropertyBinder.java:407] Cascading canse with null
2023-11-24 12:36:46,295 TRACE o.h.b.m.i.PropertyBinder [PropertyBinder.java:695] Processing annotations of franco.maurizio.hr.desk.com.persistence.entity.Question.cansf
2023-11-24 12:36:46,295 TRACE o.h.e.j.e.i.NormalizingIdentifierHelperImpl [NormalizingIdentifierHelperImpl.java:62] Normalizing identifier quoting [cansf]
2023-11-24 12:36:46,295 TRACE o.h.e.j.e.i.NormalizingIdentifierHelperImpl [NormalizingIdentifierHelperImpl.java:62] Normalizing identifier quoting [cansf]
2023-11-24 12:36:46,295 DEBUG o.h.b.m.i.AnnotatedColumn [AnnotatedColumn.java:249] Binding column: AnnotatedColumn()
2023-11-24 12:36:46,296 DEBUG o.h.b.m.i.PropertyBinder [PropertyBinder.java:251] MetadataSourceProcessor property cansf with lazy=false
2023-11-24 12:36:46,296 DEBUG o.h.b.m.i.AbstractPropertyHolder [AbstractPropertyHolder.java:107] Attempting to locate auto-apply AttributeConverter for property [franco.maurizio.hr.desk.com.persistence.entity.Question:cansf]
2023-11-24 12:36:46,296 DEBUG o.h.b.m.i.BasicValueBinder [BasicValueBinder.java:1196] building BasicValue for cansf
2023-11-24 12:36:46,296 DEBUG o.h.m.BasicValue [BasicValue.java:259] Skipping column re-registration: questions.cansf
2023-11-24 12:36:46,296 TRACE o.h.e.j.e.i.NormalizingIdentifierHelperImpl [NormalizingIdentifierHelperImpl.java:62] Normalizing identifier quoting [cansf]
2023-11-24 12:36:46,297 TRACE o.h.e.j.e.i.NormalizingIdentifierHelperImpl [NormalizingIdentifierHelperImpl.java:62] Normalizing identifier quoting [cansf]
2023-11-24 12:36:46,297 TRACE o.h.e.j.e.i.NormalizingIdentifierHelperImpl [NormalizingIdentifierHelperImpl.java:62] Normalizing identifier quoting [cansf]
2023-11-24 12:36:46,297 DEBUG o.h.b.m.i.PropertyBinder [PropertyBinder.java:391] Building property cansf
2023-11-24 12:36:46,297 TRACE o.h.b.m.i.PropertyBinder [PropertyBinder.java:407] Cascading cansf with null
2023-11-24 12:36:46,297 TRACE o.h.b.m.i.PropertyBinder [PropertyBinder.java:695] Processing annotations of franco.maurizio.hr.desk.com.persistence.entity.Question.cansg
2023-11-24 12:36:46,298 TRACE o.h.e.j.e.i.NormalizingIdentifierHelperImpl [NormalizingIdentifierHelperImpl.java:62] Normalizing identifier quoting [cansg]
2023-11-24 12:36:46,298 TRACE o.h.e.j.e.i.NormalizingIdentifierHelperImpl [NormalizingIdentifierHelperImpl.java:62] Normalizing identifier quoting [cansg]
2023-11-24 12:36:46,298 DEBUG o.h.b.m.i.AnnotatedColumn [AnnotatedColumn.java:249] Binding column: AnnotatedColumn()
2023-11-24 12:36:46,298 DEBUG o.h.b.m.i.PropertyBinder [PropertyBinder.java:251] MetadataSourceProcessor property cansg with lazy=false
2023-11-24 12:36:46,298 DEBUG o.h.b.m.i.AbstractPropertyHolder [AbstractPropertyHolder.java:107] Attempting to locate auto-apply AttributeConverter for property [franco.maurizio.hr.desk.com.persistence.entity.Question:cansg]
2023-11-24 12:36:46,298 DEBUG o.h.b.m.i.BasicValueBinder [BasicValueBinder.java:1196] building BasicValue for cansg
2023-11-24 12:36:46,299 DEBUG o.h.m.BasicValue [BasicValue.java:259] Skipping column re-registration: questions.cansg
2023-11-24 12:36:46,299 TRACE o.h.e.j.e.i.NormalizingIdentifierHelperImpl [NormalizingIdentifierHelperImpl.java:62] Normalizing identifier quoting [cansg]
2023-11-24 12:36:46,299 TRACE o.h.e.j.e.i.NormalizingIdentifierHelperImpl [NormalizingIdentifierHelperImpl.java:62] Normalizing identifier quoting [cansg]
2023-11-24 12:36:46,299 TRACE o.h.e.j.e.i.NormalizingIdentifierHelperImpl [NormalizingIdentifierHelperImpl.java:62] Normalizing identifier quoting [cansg]
2023-11-24 12:36:46,299 DEBUG o.h.b.m.i.PropertyBinder [PropertyBinder.java:391] Building property cansg
2023-11-24 12:36:46,299 TRACE o.h.b.m.i.PropertyBinder [PropertyBinder.java:407] Cascading cansg with null
2023-11-24 12:36:46,299 TRACE o.h.b.m.i.PropertyBinder [PropertyBinder.java:695] Processing annotations of franco.maurizio.hr.desk.com.persistence.entity.Question.cansh
2023-11-24 12:36:46,299 TRACE o.h.e.j.e.i.NormalizingIdentifierHelperImpl [NormalizingIdentifierHelperImpl.java:62] Normalizing identifier quoting [cansh]
2023-11-24 12:36:46,300 TRACE o.h.e.j.e.i.NormalizingIdentifierHelperImpl [NormalizingIdentifierHelperImpl.java:62] Normalizing identifier quoting [cansh]
2023-11-24 12:36:46,300 DEBUG o.h.b.m.i.AnnotatedColumn [AnnotatedColumn.java:249] Binding column: AnnotatedColumn()
2023-11-24 12:36:46,300 DEBUG o.h.b.m.i.PropertyBinder [PropertyBinder.java:251] MetadataSourceProcessor property cansh with lazy=false
2023-11-24 12:36:46,300 DEBUG o.h.b.m.i.AbstractPropertyHolder [AbstractPropertyHolder.java:107] Attempting to locate auto-apply AttributeConverter for property [franco.maurizio.hr.desk.com.persistence.entity.Question:cansh]
2023-11-24 12:36:46,300 DEBUG o.h.b.m.i.BasicValueBinder [BasicValueBinder.java:1196] building BasicValue for cansh
2023-11-24 12:36:46,300 DEBUG o.h.m.BasicValue [BasicValue.java:259] Skipping column re-registration: questions.cansh
2023-11-24 12:36:46,301 TRACE o.h.e.j.e.i.NormalizingIdentifierHelperImpl [NormalizingIdentifierHelperImpl.java:62] Normalizing identifier quoting [cansh]
2023-11-24 12:36:46,301 TRACE o.h.e.j.e.i.NormalizingIdentifierHelperImpl [NormalizingIdentifierHelperImpl.java:62] Normalizing identifier quoting [cansh]
2023-11-24 12:36:46,301 TRACE o.h.e.j.e.i.NormalizingIdentifierHelperImpl [NormalizingIdentifierHelperImpl.java:62] Normalizing identifier quoting [cansh]
2023-11-24 12:36:46,301 DEBUG o.h.b.m.i.PropertyBinder [PropertyBinder.java:391] Building property cansh
2023-11-24 12:36:46,301 TRACE o.h.b.m.i.PropertyBinder [PropertyBinder.java:407] Cascading cansh with null
2023-11-24 12:36:46,301 TRACE o.h.b.m.i.PropertyBinder [PropertyBinder.java:695] Processing annotations of franco.maurizio.hr.desk.com.persistence.entity.Question.description
2023-11-24 12:36:46,301 TRACE o.h.e.j.e.i.NormalizingIdentifierHelperImpl [NormalizingIdentifierHelperImpl.java:62] Normalizing identifier quoting [description]
2023-11-24 12:36:46,301 TRACE o.h.e.j.e.i.NormalizingIdentifierHelperImpl [NormalizingIdentifierHelperImpl.java:62] Normalizing identifier quoting [description]
2023-11-24 12:36:46,302 DEBUG o.h.b.m.i.AnnotatedColumn [AnnotatedColumn.java:249] Binding column: AnnotatedColumn()
2023-11-24 12:36:46,302 DEBUG o.h.b.m.i.PropertyBinder [PropertyBinder.java:251] MetadataSourceProcessor property description with lazy=false
2023-11-24 12:36:46,302 DEBUG o.h.b.m.i.AbstractPropertyHolder [AbstractPropertyHolder.java:107] Attempting to locate auto-apply AttributeConverter for property [franco.maurizio.hr.desk.com.persistence.entity.Question:description]
2023-11-24 12:36:46,302 DEBUG o.h.b.m.i.BasicValueBinder [BasicValueBinder.java:1196] building BasicValue for description
2023-11-24 12:36:46,302 DEBUG o.h.m.BasicValue [BasicValue.java:259] Skipping column re-registration: questions.description
2023-11-24 12:36:46,302 TRACE o.h.e.j.e.i.NormalizingIdentifierHelperImpl [NormalizingIdentifierHelperImpl.java:62] Normalizing identifier quoting [description]
2023-11-24 12:36:46,302 TRACE o.h.e.j.e.i.NormalizingIdentifierHelperImpl [NormalizingIdentifierHelperImpl.java:62] Normalizing identifier quoting [description]
2023-11-24 12:36:46,302 TRACE o.h.e.j.e.i.NormalizingIdentifierHelperImpl [NormalizingIdentifierHelperImpl.java:62] Normalizing identifier quoting [description]
2023-11-24 12:36:46,303 DEBUG o.h.b.m.i.PropertyBinder [PropertyBinder.java:391] Building property description
2023-11-24 12:36:46,303 TRACE o.h.b.m.i.PropertyBinder [PropertyBinder.java:407] Cascading description with null
2023-11-24 12:36:46,303 TRACE o.h.b.m.i.PropertyBinder [PropertyBinder.java:695] Processing annotations of franco.maurizio.hr.desk.com.persistence.entity.Question.fullAnswer
2023-11-24 12:36:46,303 TRACE o.h.e.j.e.i.NormalizingIdentifierHelperImpl [NormalizingIdentifierHelperImpl.java:62] Normalizing identifier quoting [fullAnswer]
2023-11-24 12:36:46,303 TRACE o.h.e.j.e.i.NormalizingIdentifierHelperImpl [NormalizingIdentifierHelperImpl.java:62] Normalizing identifier quoting [fullAnswer]
2023-11-24 12:36:46,303 DEBUG o.h.b.m.i.AnnotatedColumn [AnnotatedColumn.java:249] Binding column: AnnotatedColumn()
2023-11-24 12:36:46,303 DEBUG o.h.b.m.i.PropertyBinder [PropertyBinder.java:251] MetadataSourceProcessor property fullAnswer with lazy=false
2023-11-24 12:36:46,303 DEBUG o.h.b.m.i.AbstractPropertyHolder [AbstractPropertyHolder.java:107] Attempting to locate auto-apply AttributeConverter for property [franco.maurizio.hr.desk.com.persistence.entity.Question:fullAnswer]
2023-11-24 12:36:46,304 DEBUG o.h.b.m.i.BasicValueBinder [BasicValueBinder.java:1196] building BasicValue for fullAnswer
2023-11-24 12:36:46,304 DEBUG o.h.m.BasicValue [BasicValue.java:259] Skipping column re-registration: questions.full_answer
2023-11-24 12:36:46,304 TRACE o.h.e.j.e.i.NormalizingIdentifierHelperImpl [NormalizingIdentifierHelperImpl.java:62] Normalizing identifier quoting [fullAnswer]
2023-11-24 12:36:46,304 TRACE o.h.e.j.e.i.NormalizingIdentifierHelperImpl [NormalizingIdentifierHelperImpl.java:62] Normalizing identifier quoting [fullAnswer]
2023-11-24 12:36:46,304 TRACE o.h.e.j.e.i.NormalizingIdentifierHelperImpl [NormalizingIdentifierHelperImpl.java:62] Normalizing identifier quoting [fullAnswer]
2023-11-24 12:36:46,304 DEBUG o.h.b.m.i.PropertyBinder [PropertyBinder.java:391] Building property fullAnswer
2023-11-24 12:36:46,305 TRACE o.h.b.m.i.PropertyBinder [PropertyBinder.java:407] Cascading fullAnswer with null
2023-11-24 12:36:46,305 TRACE o.h.b.m.i.PropertyBinder [PropertyBinder.java:695] Processing annotations of franco.maurizio.hr.desk.com.persistence.entity.Question.label
2023-11-24 12:36:46,305 TRACE o.h.e.j.e.i.NormalizingIdentifierHelperImpl [NormalizingIdentifierHelperImpl.java:62] Normalizing identifier quoting [label]
2023-11-24 12:36:46,306 TRACE o.h.e.j.e.i.NormalizingIdentifierHelperImpl [NormalizingIdentifierHelperImpl.java:62] Normalizing identifier quoting [label]
2023-11-24 12:36:46,306 DEBUG o.h.b.m.i.AnnotatedColumn [AnnotatedColumn.java:249] Binding column: AnnotatedColumn()
2023-11-24 12:36:46,306 DEBUG o.h.b.m.i.PropertyBinder [PropertyBinder.java:251] MetadataSourceProcessor property label with lazy=false
2023-11-24 12:36:46,306 DEBUG o.h.b.m.i.AbstractPropertyHolder [AbstractPropertyHolder.java:107] Attempting to locate auto-apply AttributeConverter for property [franco.maurizio.hr.desk.com.persistence.entity.Question:label]
2023-11-24 12:36:46,306 DEBUG o.h.b.m.i.BasicValueBinder [BasicValueBinder.java:1196] building BasicValue for label
2023-11-24 12:36:46,307 DEBUG o.h.m.BasicValue [BasicValue.java:259] Skipping column re-registration: questions.label
2023-11-24 12:36:46,307 TRACE o.h.e.j.e.i.NormalizingIdentifierHelperImpl [NormalizingIdentifierHelperImpl.java:62] Normalizing identifier quoting [label]
2023-11-24 12:36:46,307 TRACE o.h.e.j.e.i.NormalizingIdentifierHelperImpl [NormalizingIdentifierHelperImpl.java:62] Normalizing identifier quoting [label]
2023-11-24 12:36:46,307 TRACE o.h.e.j.e.i.NormalizingIdentifierHelperImpl [NormalizingIdentifierHelperImpl.java:62] Normalizing identifier quoting [label]
2023-11-24 12:36:46,307 DEBUG o.h.b.m.i.PropertyBinder [PropertyBinder.java:391] Building property label
2023-11-24 12:36:46,307 TRACE o.h.b.m.i.PropertyBinder [PropertyBinder.java:407] Cascading label with null
2023-11-24 12:36:46,308 DEBUG o.h.b.m.i.BasicValueBinder [BasicValueBinder.java:1270] Starting `BasicValueBinder#fillSimpleValue` for id
2023-11-24 12:36:46,308 DEBUG o.h.b.m.i.BasicValueBinder [BasicValueBinder.java:1270] Starting `BasicValueBinder#fillSimpleValue` for description
2023-11-24 12:36:46,308 DEBUG o.h.b.m.i.BasicValueBinder [BasicValueBinder.java:1270] Starting `BasicValueBinder#fillSimpleValue` for label
2023-11-24 12:36:46,309 DEBUG o.h.b.m.i.BasicValueBinder [BasicValueBinder.java:1270] Starting `BasicValueBinder#fillSimpleValue` for time
2023-11-24 12:36:46,309 DEBUG o.h.b.m.i.BasicValueBinder [BasicValueBinder.java:1270] Starting `BasicValueBinder#fillSimpleValue` for id
2023-11-24 12:36:46,309 DEBUG o.h.b.m.i.BasicValueBinder [BasicValueBinder.java:1270] Starting `BasicValueBinder#fillSimpleValue` for candidateId
2023-11-24 12:36:46,309 DEBUG o.h.b.m.i.BasicValueBinder [BasicValueBinder.java:1270] Starting `BasicValueBinder#fillSimpleValue` for expirationDateTime
2023-11-24 12:36:46,309 DEBUG o.h.b.m.i.BasicValueBinder [BasicValueBinder.java:1270] Starting `BasicValueBinder#fillSimpleValue` for expired
2023-11-24 12:36:46,309 DEBUG o.h.b.m.i.BasicValueBinder [BasicValueBinder.java:1270] Starting `BasicValueBinder#fillSimpleValue` for generatedToken
2023-11-24 12:36:46,309 DEBUG o.h.b.m.i.BasicValueBinder [BasicValueBinder.java:1270] Starting `BasicValueBinder#fillSimpleValue` for surveyId
2023-11-24 12:36:46,309 DEBUG o.h.b.m.i.BasicValueBinder [BasicValueBinder.java:1270] Starting `BasicValueBinder#fillSimpleValue` for id
2023-11-24 12:36:46,309 DEBUG o.h.b.m.i.BasicValueBinder [BasicValueBinder.java:1270] Starting `BasicValueBinder#fillSimpleValue` for roleId
2023-11-24 12:36:46,310 DEBUG o.h.b.m.i.BasicValueBinder [BasicValueBinder.java:1270] Starting `BasicValueBinder#fillSimpleValue` for statusCode
2023-11-24 12:36:46,310 DEBUG o.h.b.m.i.BasicValueBinder [BasicValueBinder.java:1270] Starting `BasicValueBinder#fillSimpleValue` for statusColor
2023-11-24 12:36:46,310 DEBUG o.h.b.m.i.BasicValueBinder [BasicValueBinder.java:1270] Starting `BasicValueBinder#fillSimpleValue` for statusDescription
2023-11-24 12:36:46,310 DEBUG o.h.b.m.i.BasicValueBinder [BasicValueBinder.java:1270] Starting `BasicValueBinder#fillSimpleValue` for statusLabel
2023-11-24 12:36:46,310 DEBUG o.h.b.m.i.BasicValueBinder [BasicValueBinder.java:1270] Starting `BasicValueBinder#fillSimpleValue` for id
2023-11-24 12:36:46,310 DEBUG o.h.b.m.i.BasicValueBinder [BasicValueBinder.java:1270] Starting `BasicValueBinder#fillSimpleValue` for description
2023-11-24 12:36:46,310 DEBUG o.h.b.m.i.BasicValueBinder [BasicValueBinder.java:1270] Starting `BasicValueBinder#fillSimpleValue` for label
2023-11-24 12:36:46,310 DEBUG o.h.b.m.i.BasicValueBinder [BasicValueBinder.java:1270] Starting `BasicValueBinder#fillSimpleValue` for level
2023-11-24 12:36:46,310 DEBUG o.h.b.m.i.BasicValueBinder [BasicValueBinder.java:1270] Starting `BasicValueBinder#fillSimpleValue` for id
2023-11-24 12:36:46,310 DEBUG o.h.b.m.i.BasicValueBinder [BasicValueBinder.java:1270] Starting `BasicValueBinder#fillSimpleValue` for email
2023-11-24 12:36:46,311 DEBUG o.h.b.m.i.BasicValueBinder [BasicValueBinder.java:1270] Starting `BasicValueBinder#fillSimpleValue` for enabled
2023-11-24 12:36:46,311 DEBUG o.h.b.m.i.BasicValueBinder [BasicValueBinder.java:1270] Starting `BasicValueBinder#fillSimpleValue` for firstname
2023-11-24 12:36:46,311 DEBUG o.h.b.m.i.BasicValueBinder [BasicValueBinder.java:1270] Starting `BasicValueBinder#fillSimpleValue` for lastname
2023-11-24 12:36:46,311 DEBUG o.h.b.m.i.BasicValueBinder [BasicValueBinder.java:1270] Starting `BasicValueBinder#fillSimpleValue` for password
2023-11-24 12:36:46,311 DEBUG o.h.b.m.i.BasicValueBinder [BasicValueBinder.java:1270] Starting `BasicValueBinder#fillSimpleValue` for regdate
2023-11-24 12:36:46,311 DEBUG o.h.b.m.i.BasicValueBinder [BasicValueBinder.java:1270] Starting `BasicValueBinder#fillSimpleValue` for role
2023-11-24 12:36:46,311 DEBUG o.h.b.m.i.BasicValueBinder [BasicValueBinder.java:1270] Starting `BasicValueBinder#fillSimpleValue` for id
2023-11-24 12:36:46,311 DEBUG o.h.b.m.i.BasicValueBinder [BasicValueBinder.java:1270] Starting `BasicValueBinder#fillSimpleValue` for answers
2023-11-24 12:36:46,311 DEBUG o.h.b.m.i.BasicValueBinder [BasicValueBinder.java:1270] Starting `BasicValueBinder#fillSimpleValue` for candidateId
2023-11-24 12:36:46,311 DEBUG o.h.b.m.i.BasicValueBinder [BasicValueBinder.java:1270] Starting `BasicValueBinder#fillSimpleValue` for endtime
2023-11-24 12:36:46,312 DEBUG o.h.b.m.i.BasicValueBinder [BasicValueBinder.java:1270] Starting `BasicValueBinder#fillSimpleValue` for generated_token
2023-11-24 12:36:46,312 DEBUG o.h.b.m.i.BasicValueBinder [BasicValueBinder.java:1270] Starting `BasicValueBinder#fillSimpleValue` for pdffilename
2023-11-24 12:36:46,312 DEBUG o.h.b.m.i.BasicValueBinder [BasicValueBinder.java:1270] Starting `BasicValueBinder#fillSimpleValue` for points
2023-11-24 12:36:46,312 DEBUG o.h.b.m.i.BasicValueBinder [BasicValueBinder.java:1270] Starting `BasicValueBinder#fillSimpleValue` for starttime
2023-11-24 12:36:46,312 DEBUG o.h.b.m.i.BasicValueBinder [BasicValueBinder.java:1270] Starting `BasicValueBinder#fillSimpleValue` for surveyId
2023-11-24 12:36:46,312 DEBUG o.h.b.m.i.BasicValueBinder [BasicValueBinder.java:1270] Starting `BasicValueBinder#fillSimpleValue` for id
2023-11-24 12:36:46,312 DEBUG o.h.b.m.i.BasicValueBinder [BasicValueBinder.java:1270] Starting `BasicValueBinder#fillSimpleValue` for coursePageId
2023-11-24 12:36:46,312 DEBUG o.h.b.m.i.BasicValueBinder [BasicValueBinder.java:1270] Starting `BasicValueBinder#fillSimpleValue` for userId
2023-11-24 12:36:46,312 DEBUG o.h.b.m.i.BasicValueBinder [BasicValueBinder.java:1270] Starting `BasicValueBinder#fillSimpleValue` for id
2023-11-24 12:36:46,312 DEBUG o.h.b.m.i.BasicValueBinder [BasicValueBinder.java:1270] Starting `BasicValueBinder#fillSimpleValue` for position
2023-11-24 12:36:46,313 DEBUG o.h.b.m.i.BasicValueBinder [BasicValueBinder.java:1270] Starting `BasicValueBinder#fillSimpleValue` for questionId
2023-11-24 12:36:46,313 DEBUG o.h.b.m.i.BasicValueBinder [BasicValueBinder.java:1270] Starting `BasicValueBinder#fillSimpleValue` for surveyId
2023-11-24 12:36:46,313 DEBUG o.h.b.m.i.BasicValueBinder [BasicValueBinder.java:1270] Starting `BasicValueBinder#fillSimpleValue` for id
2023-11-24 12:36:46,313 DEBUG o.h.b.m.i.BasicValueBinder [BasicValueBinder.java:1270] Starting `BasicValueBinder#fillSimpleValue` for bodyText
2023-11-24 12:36:46,313 DEBUG o.h.b.m.i.BasicValueBinder [BasicValueBinder.java:1270] Starting `BasicValueBinder#fillSimpleValue` for code
2023-11-24 12:36:46,313 DEBUG o.h.b.m.i.BasicValueBinder [BasicValueBinder.java:1270] Starting `BasicValueBinder#fillSimpleValue` for created_datetime
2023-11-24 12:36:46,313 DEBUG o.h.b.m.i.BasicValueBinder [BasicValueBinder.java:1270] Starting `BasicValueBinder#fillSimpleValue` for fileName
2023-11-24 12:36:46,313 DEBUG o.h.b.m.i.BasicValueBinder [BasicValueBinder.java:1270] Starting `BasicValueBinder#fillSimpleValue` for opened_by
2023-11-24 12:36:46,313 DEBUG o.h.b.m.i.BasicValueBinder [BasicValueBinder.java:1270] Starting `BasicValueBinder#fillSimpleValue` for statusOpen
2023-11-24 12:36:46,313 DEBUG o.h.b.m.i.BasicValueBinder [BasicValueBinder.java:1270] Starting `BasicValueBinder#fillSimpleValue` for title
2023-11-24 12:36:46,314 DEBUG o.h.b.m.i.BasicValueBinder [BasicValueBinder.java:1270] Starting `BasicValueBinder#fillSimpleValue` for id
2023-11-24 12:36:46,314 DEBUG o.h.b.m.i.BasicValueBinder [BasicValueBinder.java:1270] Starting `BasicValueBinder#fillSimpleValue` for candidacyDateTime
2023-11-24 12:36:46,314 DEBUG o.h.b.m.i.BasicValueBinder [BasicValueBinder.java:1270] Starting `BasicValueBinder#fillSimpleValue` for candidateStateCode
2023-11-24 12:36:46,314 DEBUG o.h.b.m.i.BasicValueBinder [BasicValueBinder.java:1270] Starting `BasicValueBinder#fillSimpleValue` for courseCode
2023-11-24 12:36:46,314 DEBUG o.h.b.m.i.BasicValueBinder [BasicValueBinder.java:1270] Starting `BasicValueBinder#fillSimpleValue` for cvExternalPath
2023-11-24 12:36:46,314 DEBUG o.h.b.m.i.BasicValueBinder [BasicValueBinder.java:1270] Starting `BasicValueBinder#fillSimpleValue` for dateOfBirth
2023-11-24 12:36:46,314 DEBUG o.h.b.m.i.BasicValueBinder [BasicValueBinder.java:1270] Starting `BasicValueBinder#fillSimpleValue` for domicileCity
2023-11-24 12:36:46,314 DEBUG o.h.b.m.i.BasicValueBinder [BasicValueBinder.java:1270] Starting `BasicValueBinder#fillSimpleValue` for email
2023-11-24 12:36:46,314 DEBUG o.h.b.m.i.BasicValueBinder [BasicValueBinder.java:1270] Starting `BasicValueBinder#fillSimpleValue` for firstname
2023-11-24 12:36:46,314 DEBUG o.h.b.m.i.BasicValueBinder [BasicValueBinder.java:1270] Starting `BasicValueBinder#fillSimpleValue` for graduate
2023-11-24 12:36:46,315 DEBUG o.h.b.m.i.BasicValueBinder [BasicValueBinder.java:1270] Starting `BasicValueBinder#fillSimpleValue` for highGraduate
2023-11-24 12:36:46,315 DEBUG o.h.b.m.i.BasicValueBinder [BasicValueBinder.java:1270] Starting `BasicValueBinder#fillSimpleValue` for hrNote
2023-11-24 12:36:46,315 DEBUG o.h.b.m.i.BasicValueBinder [BasicValueBinder.java:1270] Starting `BasicValueBinder#fillSimpleValue` for imgpath
2023-11-24 12:36:46,315 DEBUG o.h.b.m.i.BasicValueBinder [BasicValueBinder.java:1270] Starting `BasicValueBinder#fillSimpleValue` for insertedBy
2023-11-24 12:36:46,315 DEBUG o.h.b.m.i.BasicValueBinder [BasicValueBinder.java:1270] Starting `BasicValueBinder#fillSimpleValue` for label
2023-11-24 12:36:46,315 DEBUG o.h.b.m.i.BasicValueBinder [BasicValueBinder.java:1270] Starting `BasicValueBinder#fillSimpleValue` for lastname
2023-11-24 12:36:46,315 DEBUG o.h.b.m.i.BasicValueBinder [BasicValueBinder.java:1270] Starting `BasicValueBinder#fillSimpleValue` for mobile
2023-11-24 12:36:46,315 DEBUG o.h.b.m.i.BasicValueBinder [BasicValueBinder.java:1270] Starting `BasicValueBinder#fillSimpleValue` for regdate
2023-11-24 12:36:46,315 DEBUG o.h.b.m.i.BasicValueBinder [BasicValueBinder.java:1270] Starting `BasicValueBinder#fillSimpleValue` for stillHighStudy
2023-11-24 12:36:46,315 DEBUG o.h.b.m.i.BasicValueBinder [BasicValueBinder.java:1270] Starting `BasicValueBinder#fillSimpleValue` for studyQualification
2023-11-24 12:36:46,315 DEBUG o.h.b.m.i.BasicValueBinder [BasicValueBinder.java:1270] Starting `BasicValueBinder#fillSimpleValue` for technicalNote
2023-11-24 12:36:46,316 DEBUG o.h.b.m.i.BasicValueBinder [BasicValueBinder.java:1270] Starting `BasicValueBinder#fillSimpleValue` for id
2023-11-24 12:36:46,316 DEBUG o.h.b.m.i.BasicValueBinder [BasicValueBinder.java:1270] Starting `BasicValueBinder#fillSimpleValue` for ansa
2023-11-24 12:36:46,316 DEBUG o.h.b.m.i.BasicValueBinder [BasicValueBinder.java:1270] Starting `BasicValueBinder#fillSimpleValue` for ansb
2023-11-24 12:36:46,316 DEBUG o.h.b.m.i.BasicValueBinder [BasicValueBinder.java:1270] Starting `BasicValueBinder#fillSimpleValue` for ansc
2023-11-24 12:36:46,316 DEBUG o.h.b.m.i.BasicValueBinder [BasicValueBinder.java:1270] Starting `BasicValueBinder#fillSimpleValue` for ansd
2023-11-24 12:36:46,316 DEBUG o.h.b.m.i.BasicValueBinder [BasicValueBinder.java:1270] Starting `BasicValueBinder#fillSimpleValue` for anse
2023-11-24 12:36:46,316 DEBUG o.h.b.m.i.BasicValueBinder [BasicValueBinder.java:1270] Starting `BasicValueBinder#fillSimpleValue` for ansf
2023-11-24 12:36:46,316 DEBUG o.h.b.m.i.BasicValueBinder [BasicValueBinder.java:1270] Starting `BasicValueBinder#fillSimpleValue` for ansg
2023-11-24 12:36:46,316 DEBUG o.h.b.m.i.BasicValueBinder [BasicValueBinder.java:1270] Starting `BasicValueBinder#fillSimpleValue` for ansh
2023-11-24 12:36:46,316 DEBUG o.h.b.m.i.BasicValueBinder [BasicValueBinder.java:1270] Starting `BasicValueBinder#fillSimpleValue` for cansa
2023-11-24 12:36:46,317 DEBUG o.h.b.m.i.BasicValueBinder [BasicValueBinder.java:1270] Starting `BasicValueBinder#fillSimpleValue` for cansb
2023-11-24 12:36:46,317 DEBUG o.h.b.m.i.BasicValueBinder [BasicValueBinder.java:1270] Starting `BasicValueBinder#fillSimpleValue` for cansc
2023-11-24 12:36:46,317 DEBUG o.h.b.m.i.BasicValueBinder [BasicValueBinder.java:1270] Starting `BasicValueBinder#fillSimpleValue` for cansd
2023-11-24 12:36:46,317 DEBUG o.h.b.m.i.BasicValueBinder [BasicValueBinder.java:1270] Starting `BasicValueBinder#fillSimpleValue` for canse
2023-11-24 12:36:46,317 DEBUG o.h.b.m.i.BasicValueBinder [BasicValueBinder.java:1270] Starting `BasicValueBinder#fillSimpleValue` for cansf
2023-11-24 12:36:46,317 DEBUG o.h.b.m.i.BasicValueBinder [BasicValueBinder.java:1270] Starting `BasicValueBinder#fillSimpleValue` for cansg
2023-11-24 12:36:46,317 DEBUG o.h.b.m.i.BasicValueBinder [BasicValueBinder.java:1270] Starting `BasicValueBinder#fillSimpleValue` for cansh
2023-11-24 12:36:46,317 DEBUG o.h.b.m.i.BasicValueBinder [BasicValueBinder.java:1270] Starting `BasicValueBinder#fillSimpleValue` for description
2023-11-24 12:36:46,317 DEBUG o.h.b.m.i.BasicValueBinder [BasicValueBinder.java:1270] Starting `BasicValueBinder#fillSimpleValue` for fullAnswer
2023-11-24 12:36:46,317 DEBUG o.h.b.m.i.BasicValueBinder [BasicValueBinder.java:1270] Starting `BasicValueBinder#fillSimpleValue` for label
2023-11-24 12:36:46,318 DEBUG o.h.m.PrimaryKey [PrimaryKey.java:40] Forcing column [id] to be non-null as it is part of the primary key for table [surveys]
2023-11-24 12:36:46,318 DEBUG o.h.m.PrimaryKey [PrimaryKey.java:40] Forcing column [id] to be non-null as it is part of the primary key for table [candidatesurveytokens]
2023-11-24 12:36:46,318 DEBUG o.h.m.PrimaryKey [PrimaryKey.java:40] Forcing column [id] to be non-null as it is part of the primary key for table [candidate_states]
2023-11-24 12:36:46,318 DEBUG o.h.m.PrimaryKey [PrimaryKey.java:40] Forcing column [id] to be non-null as it is part of the primary key for table [roles]
2023-11-24 12:36:46,318 DEBUG o.h.m.PrimaryKey [PrimaryKey.java:40] Forcing column [id] to be non-null as it is part of the primary key for table [users]
2023-11-24 12:36:46,318 DEBUG o.h.m.PrimaryKey [PrimaryKey.java:40] Forcing column [id] to be non-null as it is part of the primary key for table [surveyreplies]
2023-11-24 12:36:46,318 DEBUG o.h.m.PrimaryKey [PrimaryKey.java:40] Forcing column [id] to be non-null as it is part of the primary key for table [positionuserowner]
2023-11-24 12:36:46,318 DEBUG o.h.m.PrimaryKey [PrimaryKey.java:40] Forcing column [id] to be non-null as it is part of the primary key for table [surveyquestions]
2023-11-24 12:36:46,318 DEBUG o.h.m.PrimaryKey [PrimaryKey.java:40] Forcing column [id] to be non-null as it is part of the primary key for table [coursepage]
2023-11-24 12:36:46,318 DEBUG o.h.m.PrimaryKey [PrimaryKey.java:40] Forcing column [id] to be non-null as it is part of the primary key for table [candidates]
2023-11-24 12:36:46,319 DEBUG o.h.m.PrimaryKey [PrimaryKey.java:40] Forcing column [id] to be non-null as it is part of the primary key for table [questions]
2023-11-24 12:36:46,325 TRACE o.h.s.i.AbstractServiceRegistryImpl [AbstractServiceRegistryImpl.java:235] Initializing service [role=org.hibernate.boot.spi.SessionFactoryBuilderService]
2023-11-24 12:36:46,326 TRACE o.h.s.i.AbstractServiceRegistryImpl [AbstractServiceRegistryImpl.java:235] Initializing service [role=org.hibernate.engine.jdbc.connections.spi.MultiTenantConnectionProvider]
2023-11-24 12:36:46,326 TRACE o.h.l.BatchFetchStyle [BatchFetchStyle.java:57] Interpreting BatchFetchStyle from setting : null
2023-11-24 12:36:46,326 TRACE o.h.s.i.AbstractServiceRegistryImpl [AbstractServiceRegistryImpl.java:235] Initializing service [role=org.hibernate.bytecode.spi.BytecodeProvider]
2023-11-24 12:36:46,326 DEBUG o.h.b.i.BytecodeProviderInitiator [BytecodeProviderInitiator.java:53] HHH000021: Bytecode provider name : bytebuddy
2023-11-24 12:36:46,327 DEBUG o.h.i.SessionFactoryImpl [SessionFactoryImpl.java:208] Building session factory
2023-11-24 12:36:46,327 TRACE o.h.s.i.AbstractServiceRegistryImpl [AbstractServiceRegistryImpl.java:235] Initializing service [role=org.hibernate.service.spi.SessionFactoryServiceRegistryFactory]
2023-11-24 12:36:46,328 DEBUG o.h.s.i.SessionFactoryServiceRegistryImpl [SessionFactoryServiceRegistryImpl.java:91] EventListenerRegistry access via ServiceRegistry is deprecated.  Use `sessionFactory.getEventEngine().getListenerRegistry()` instead
2023-11-24 12:36:46,329 DEBUG o.h.i.SessionFactoryImpl [SessionFactoryImpl.java:225] Instantiating SessionFactory with settings: {java.specification.version=17, hibernate.resource.beans.container=org.springframework.orm.hibernate5.SpringBeanContainer@2c11f87a, hibernate.connection.handling_mode=DELAYED_ACQUISITION_AND_HOLD, sun.jnu.encoding=UTF-8, hibernate.implicit_naming_strategy=org.springframework.boot.orm.jpa.hibernate.SpringImplicitNamingStrategy, java.class.path=/home/maurizio/git/hr-desk/hr-desk/backend17/target/test-classes:/home/maurizio/git/hr-desk/hr-desk/backend17/target/classes:/home/maurizio/.m2/repository/org/springframework/security/spring-security-test/6.1.5/spring-security-test-6.1.5.jar:/home/maurizio/.m2/repository/org/springframework/security/spring-security-core/6.1.5/spring-security-core-6.1.5.jar:/home/maurizio/.m2/repository/org/springframework/security/spring-security-crypto/6.1.5/spring-security-crypto-6.1.5.jar:/home/maurizio/.m2/repository/org/springframework/spring-beans/6.0.13/spring-beans-6.0.13.jar:/home/maurizio/.m2/repository/org/springframework/spring-context/6.0.13/spring-context-6.0.13.jar:/home/maurizio/.m2/repository/org/springframework/spring-expression/6.0.13/spring-expression-6.0.13.jar:/home/maurizio/.m2/repository/org/springframework/security/spring-security-web/6.1.5/spring-security-web-6.1.5.jar:/home/maurizio/.m2/repository/org/springframework/spring-core/6.0.13/spring-core-6.0.13.jar:/home/maurizio/.m2/repository/org/springframework/spring-jcl/6.0.13/spring-jcl-6.0.13.jar:/home/maurizio/.m2/repository/org/springframework/spring-test/6.0.13/spring-test-6.0.13.jar:/home/maurizio/.m2/repository/org/springframework/boot/spring-boot-starter-tomcat/3.1.5/spring-boot-starter-tomcat-3.1.5.jar:/home/maurizio/.m2/repository/jakarta/annotation/jakarta.annotation-api/2.1.1/jakarta.annotation-api-2.1.1.jar:/home/maurizio/.m2/repository/org/apache/tomcat/embed/tomcat-embed-core/10.1.15/tomcat-embed-core-10.1.15.jar:/home/maurizio/.m2/repository/org/apache/tomcat/embed/tomcat-embed-el/10.1.15/tomcat-embed-el-10.1.15.jar:/home/maurizio/.m2/repository/org/apache/tomcat/embed/tomcat-embed-websocket/10.1.15/tomcat-embed-websocket-10.1.15.jar:/home/maurizio/.m2/repository/org/springframework/boot/spring-boot-starter-web/3.1.5/spring-boot-starter-web-3.1.5.jar:/home/maurizio/.m2/repository/org/springframework/boot/spring-boot-starter-json/3.1.5/spring-boot-starter-json-3.1.5.jar:/home/maurizio/.m2/repository/com/fasterxml/jackson/core/jackson-databind/2.15.3/jackson-databind-2.15.3.jar:/home/maurizio/.m2/repository/com/fasterxml/jackson/core/jackson-annotations/2.15.3/jackson-annotations-2.15.3.jar:/home/maurizio/.m2/repository/com/fasterxml/jackson/core/jackson-core/2.15.3/jackson-core-2.15.3.jar:/home/maurizio/.m2/repository/com/fasterxml/jackson/datatype/jackson-datatype-jdk8/2.15.3/jackson-datatype-jdk8-2.15.3.jar:/home/maurizio/.m2/repository/com/fasterxml/jackson/datatype/jackson-datatype-jsr310/2.15.3/jackson-datatype-jsr310-2.15.3.jar:/home/maurizio/.m2/repository/com/fasterxml/jackson/module/jackson-module-parameter-names/2.15.3/jackson-module-parameter-names-2.15.3.jar:/home/maurizio/.m2/repository/org/springframework/spring-web/6.0.13/spring-web-6.0.13.jar:/home/maurizio/.m2/repository/org/springframework/spring-webmvc/6.0.13/spring-webmvc-6.0.13.jar:/home/maurizio/.m2/repository/org/springframework/boot/spring-boot-starter-test/3.1.5/spring-boot-starter-test-3.1.5.jar:/home/maurizio/.m2/repository/org/springframework/boot/spring-boot-test/3.1.5/spring-boot-test-3.1.5.jar:/home/maurizio/.m2/repository/org/springframework/boot/spring-boot-test-autoconfigure/3.1.5/spring-boot-test-autoconfigure-3.1.5.jar:/home/maurizio/.m2/repository/com/jayway/jsonpath/json-path/2.8.0/json-path-2.8.0.jar:/home/maurizio/.m2/repository/jakarta/xml/bind/jakarta.xml.bind-api/4.0.1/jakarta.xml.bind-api-4.0.1.jar:/home/maurizio/.m2/repository/jakarta/activation/jakarta.activation-api/2.1.2/jakarta.activation-api-2.1.2.jar:/home/maurizio/.m2/repository/net/minidev/json-smart/2.4.11/json-smart-2.4.11.jar:/home/maurizio/.m2/repository/net/minidev/accessors-smart/2.4.11/accessors-smart-2.4.11.jar:/home/maurizio/.m2/repository/org/ow2/asm/asm/9.3/asm-9.3.jar:/home/maurizio/.m2/repository/org/assertj/assertj-core/3.24.2/assertj-core-3.24.2.jar:/home/maurizio/.m2/repository/net/bytebuddy/byte-buddy/1.14.9/byte-buddy-1.14.9.jar:/home/maurizio/.m2/repository/org/hamcrest/hamcrest/2.2/hamcrest-2.2.jar:/home/maurizio/.m2/repository/org/junit/jupiter/junit-jupiter/5.9.3/junit-jupiter-5.9.3.jar:/home/maurizio/.m2/repository/org/junit/jupiter/junit-jupiter-api/5.9.3/junit-jupiter-api-5.9.3.jar:/home/maurizio/.m2/repository/org/opentest4j/opentest4j/1.2.0/opentest4j-1.2.0.jar:/home/maurizio/.m2/repository/org/junit/platform/junit-platform-commons/1.9.3/junit-platform-commons-1.9.3.jar:/home/maurizio/.m2/repository/org/apiguardian/apiguardian-api/1.1.2/apiguardian-api-1.1.2.jar:/home/maurizio/.m2/repository/org/junit/jupiter/junit-jupiter-params/5.9.3/junit-jupiter-params-5.9.3.jar:/home/maurizio/.m2/repository/org/junit/jupiter/junit-jupiter-engine/5.9.3/junit-jupiter-engine-5.9.3.jar:/home/maurizio/.m2/repository/org/junit/platform/junit-platform-engine/1.9.3/junit-platform-engine-1.9.3.jar:/home/maurizio/.m2/repository/org/mockito/mockito-core/5.3.1/mockito-core-5.3.1.jar:/home/maurizio/.m2/repository/net/bytebuddy/byte-buddy-agent/1.14.9/byte-buddy-agent-1.14.9.jar:/home/maurizio/.m2/repository/org/objenesis/objenesis/3.3/objenesis-3.3.jar:/home/maurizio/.m2/repository/org/mockito/mockito-junit-jupiter/5.3.1/mockito-junit-jupiter-5.3.1.jar:/home/maurizio/.m2/repository/org/skyscreamer/jsonassert/1.5.1/jsonassert-1.5.1.jar:/home/maurizio/.m2/repository/com/vaadin/external/google/android-json/0.0.20131108.vaadin1/android-json-0.0.20131108.vaadin1.jar:/home/maurizio/.m2/repository/org/xmlunit/xmlunit-core/2.9.1/xmlunit-core-2.9.1.jar:/home/maurizio/.m2/repository/franco/maurizio/hr-desk-persistence/0.3.5_j17/hr-desk-persistence-0.3.5_j17.jar:/home/maurizio/.m2/repository/org/springframework/boot/spring-boot-starter-data-jpa/3.1.5/spring-boot-starter-data-jpa-3.1.5.jar:/home/maurizio/.m2/repository/org/springframework/boot/spring-boot-starter-aop/3.1.5/spring-boot-starter-aop-3.1.5.jar:/home/maurizio/.m2/repository/org/aspectj/aspectjweaver/1.9.20/aspectjweaver-1.9.20.jar:/home/maurizio/.m2/repository/org/springframework/boot/spring-boot-starter-jdbc/3.1.5/spring-boot-starter-jdbc-3.1.5.jar:/home/maurizio/.m2/repository/com/zaxxer/HikariCP/5.0.1/HikariCP-5.0.1.jar:/home/maurizio/.m2/repository/org/springframework/spring-jdbc/6.0.13/spring-jdbc-6.0.13.jar:/home/maurizio/.m2/repository/org/hibernate/orm/hibernate-core/6.2.13.Final/hibernate-core-6.2.13.Final.jar:/home/maurizio/.m2/repository/jakarta/persistence/jakarta.persistence-api/3.1.0/jakarta.persistence-api-3.1.0.jar:/home/maurizio/.m2/repository/jakarta/transaction/jakarta.transaction-api/2.0.1/jakarta.transaction-api-2.0.1.jar:/home/maurizio/.m2/repository/org/hibernate/common/hibernate-commons-annotations/6.0.6.Final/hibernate-commons-annotations-6.0.6.Final.jar:/home/maurizio/.m2/repository/io/smallrye/jandex/3.0.5/jandex-3.0.5.jar:/home/maurizio/.m2/repository/jakarta/inject/jakarta.inject-api/2.0.1/jakarta.inject-api-2.0.1.jar:/home/maurizio/.m2/repository/org/antlr/antlr4-runtime/4.10.1/antlr4-runtime-4.10.1.jar:/home/maurizio/.m2/repository/org/springframework/data/spring-data-jpa/3.1.5/spring-data-jpa-3.1.5.jar:/home/maurizio/.m2/repository/org/springframework/data/spring-data-commons/3.1.5/spring-data-commons-3.1.5.jar:/home/maurizio/.m2/repository/org/springframework/spring-orm/6.0.13/spring-orm-6.0.13.jar:/home/maurizio/.m2/repository/org/springframework/spring-tx/6.0.13/spring-tx-6.0.13.jar:/home/maurizio/.m2/repository/org/springframework/spring-aspects/6.0.13/spring-aspects-6.0.13.jar:/home/maurizio/.m2/repository/mysql/mysql-connector-java/8.0.19/mysql-connector-java-8.0.19.jar:/home/maurizio/.m2/repository/com/google/protobuf/protobuf-java/3.6.1/protobuf-java-3.6.1.jar:/home/maurizio/.m2/repository/org/glassfish/jaxb/jaxb-runtime/4.0.3/jaxb-runtime-4.0.3.jar:/home/maurizio/.m2/repository/org/glassfish/jaxb/jaxb-core/4.0.3/jaxb-core-4.0.3.jar:/home/maurizio/.m2/repository/org/glassfish/jaxb/txw2/4.0.3/txw2-4.0.3.jar:/home/maurizio/.m2/repository/com/sun/istack/istack-commons-runtime/4.1.2/istack-commons-runtime-4.1.2.jar:/home/maurizio/.m2/repository/org/javassist/javassist/3.23.1-GA/javassist-3.23.1-GA.jar:/home/maurizio/.m2/repository/franco/maurizio/hr-desk-mail-manager/0.3.4_j11/hr-desk-mail-manager-0.3.4_j11.jar:/home/maurizio/.m2/repository/org/apache/commons/commons-lang3/3.12.0/commons-lang3-3.12.0.jar:/home/maurizio/.m2/repository/org/apache/velocity/velocity/1.7/velocity-1.7.jar:/home/maurizio/.m2/repository/commons-collections/commons-collections/3.2.1/commons-collections-3.2.1.jar:/home/maurizio/.m2/repository/commons-lang/commons-lang/2.4/commons-lang-2.4.jar:/home/maurizio/.m2/repository/org/eclipse/angus/jakarta.mail/1.1.0/jakarta.mail-1.1.0.jar:/home/maurizio/.m2/repository/org/eclipse/angus/angus-activation/2.0.1/angus-activation-2.0.1.jar:/home/maurizio/.m2/repository/org/apache/logging/log4j/log4j-api/2.20.0/log4j-api-2.20.0.jar:/home/maurizio/.m2/repository/org/apache/logging/log4j/log4j-core/2.20.0/log4j-core-2.20.0.jar:/home/maurizio/.m2/repository/com/google/code/gson/gson/2.8.5/gson-2.8.5.jar:/home/maurizio/.m2/repository/org/springframework/boot/spring-boot-starter/3.1.5/spring-boot-starter-3.1.5.jar:/home/maurizio/.m2/repository/org/springframework/boot/spring-boot/3.1.5/spring-boot-3.1.5.jar:/home/maurizio/.m2/repository/org/springframework/boot/spring-boot-autoconfigure/3.1.5/spring-boot-autoconfigure-3.1.5.jar:/home/maurizio/.m2/repository/org/yaml/snakeyaml/1.33/snakeyaml-1.33.jar:/home/maurizio/.m2/repository/org/springframework/boot/spring-boot-starter-security/3.1.5/spring-boot-starter-security-3.1.5.jar:/home/maurizio/.m2/repository/org/springframework/spring-aop/6.0.13/spring-aop-6.0.13.jar:/home/maurizio/.m2/repository/org/springframework/security/spring-security-config/6.1.5/spring-security-config-6.1.5.jar:/home/maurizio/.m2/repository/org/springframework/boot/spring-boot-starter-validation/3.1.5/spring-boot-starter-validation-3.1.5.jar:/home/maurizio/.m2/repository/org/hibernate/validator/hibernate-validator/8.0.1.Final/hibernate-validator-8.0.1.Final.jar:/home/maurizio/.m2/repository/jakarta/validation/jakarta.validation-api/3.0.2/jakarta.validation-api-3.0.2.jar:/home/maurizio/.m2/repository/org/jboss/logging/jboss-logging/3.5.3.Final/jboss-logging-3.5.3.Final.jar:/home/maurizio/.m2/repository/com/fasterxml/classmate/1.5.1/classmate-1.5.1.jar:/home/maurizio/.m2/repository/org/springframework/boot/spring-boot-devtools/3.1.5/spring-boot-devtools-3.1.5.jar:/home/maurizio/.m2/repository/ch/qos/logback/logback-classic/1.4.11/logback-classic-1.4.11.jar:/home/maurizio/.m2/repository/ch/qos/logback/logback-core/1.4.11/logback-core-1.4.11.jar:/home/maurizio/.m2/repository/org/slf4j/slf4j-api/2.0.9/slf4j-api-2.0.9.jar:/home/maurizio/.m2/repository/org/springframework/boot/spring-boot-starter-actuator/3.1.5/spring-boot-starter-actuator-3.1.5.jar:/home/maurizio/.m2/repository/org/springframework/boot/spring-boot-actuator-autoconfigure/3.1.5/spring-boot-actuator-autoconfigure-3.1.5.jar:/home/maurizio/.m2/repository/org/springframework/boot/spring-boot-actuator/3.1.5/spring-boot-actuator-3.1.5.jar:/home/maurizio/.m2/repository/io/micrometer/micrometer-observation/1.11.5/micrometer-observation-1.11.5.jar:/home/maurizio/.m2/repository/io/micrometer/micrometer-commons/1.11.5/micrometer-commons-1.11.5.jar:/home/maurizio/.m2/repository/io/micrometer/micrometer-core/1.11.5/micrometer-core-1.11.5.jar:/home/maurizio/.m2/repository/org/hdrhistogram/HdrHistogram/2.1.12/HdrHistogram-2.1.12.jar:/home/maurizio/.m2/repository/org/latencyutils/LatencyUtils/2.0.3/LatencyUtils-2.0.3.jar:/home/maurizio/.m2/repository/com/itextpdf/itextpdf/5.5.10/itextpdf-5.5.10.jar:/home/maurizio/.m2/repository/org/apache/pdfbox/pdfbox/2.0.4/pdfbox-2.0.4.jar:/home/maurizio/.m2/repository/org/apache/pdfbox/fontbox/2.0.4/fontbox-2.0.4.jar:/home/maurizio/.m2/repository/commons-logging/commons-logging/1.2/commons-logging-1.2.jar:/home/maurizio/.m2/repository/org/projectlombok/lombok/1.18.30/lombok-1.18.30.jar:, java.vm.vendor=Debian, sun.arch.data.model=64, java.vendor.url=https://tracker.debian.org/openjdk-17, catalina.useNaming=false, user.timezone=Europe/Rome, jakarta.persistence.sharedCache.mode=UNSPECIFIED, org.jboss.logging.provider=slf4j, java.vm.specification.version=17, os.name=Linux, jakarta.persistence.nonJtaDataSource=HikariDataSource (HikariPool-4), sun.java.launcher=SUN_STANDARD, user.country=US, sun.boot.library.path=/usr/lib/jvm/java-17-openjdk-amd64/lib, sun.java.command=/home/maurizio/git/hr-desk/hr-desk/backend17/target/surefire/surefirebooter-20231124123619067_3.jar /home/maurizio/git/hr-desk/hr-desk/backend17/target/surefire 2023-11-24T12-36-18_989-jvmRun1 surefire-20231124123619067_1tmp surefire_0-20231124123619067_2tmp, javax.persistence.nonJtaDataSource=HikariDataSource (HikariPool-4), hibernate.transaction.jta.platform=org.hibernate.engine.transaction.jta.platform.internal.NoJtaPlatform@52f16142, jdk.debug=release, surefire.test.class.path=/home/maurizio/git/hr-desk/hr-desk/backend17/target/test-classes:/home/maurizio/git/hr-desk/hr-desk/backend17/target/classes:/home/maurizio/.m2/repository/org/springframework/security/spring-security-test/6.1.5/spring-security-test-6.1.5.jar:/home/maurizio/.m2/repository/org/springframework/security/spring-security-core/6.1.5/spring-security-core-6.1.5.jar:/home/maurizio/.m2/repository/org/springframework/security/spring-security-crypto/6.1.5/spring-security-crypto-6.1.5.jar:/home/maurizio/.m2/repository/org/springframework/spring-beans/6.0.13/spring-beans-6.0.13.jar:/home/maurizio/.m2/repository/org/springframework/spring-context/6.0.13/spring-context-6.0.13.jar:/home/maurizio/.m2/repository/org/springframework/spring-expression/6.0.13/spring-expression-6.0.13.jar:/home/maurizio/.m2/repository/org/springframework/security/spring-security-web/6.1.5/spring-security-web-6.1.5.jar:/home/maurizio/.m2/repository/org/springframework/spring-core/6.0.13/spring-core-6.0.13.jar:/home/maurizio/.m2/repository/org/springframework/spring-jcl/6.0.13/spring-jcl-6.0.13.jar:/home/maurizio/.m2/repository/org/springframework/spring-test/6.0.13/spring-test-6.0.13.jar:/home/maurizio/.m2/repository/org/springframework/boot/spring-boot-starter-tomcat/3.1.5/spring-boot-starter-tomcat-3.1.5.jar:/home/maurizio/.m2/repository/jakarta/annotation/jakarta.annotation-api/2.1.1/jakarta.annotation-api-2.1.1.jar:/home/maurizio/.m2/repository/org/apache/tomcat/embed/tomcat-embed-core/10.1.15/tomcat-embed-core-10.1.15.jar:/home/maurizio/.m2/repository/org/apache/tomcat/embed/tomcat-embed-el/10.1.15/tomcat-embed-el-10.1.15.jar:/home/maurizio/.m2/repository/org/apache/tomcat/embed/tomcat-embed-websocket/10.1.15/tomcat-embed-websocket-10.1.15.jar:/home/maurizio/.m2/repository/org/springframework/boot/spring-boot-starter-web/3.1.5/spring-boot-starter-web-3.1.5.jar:/home/maurizio/.m2/repository/org/springframework/boot/spring-boot-starter-json/3.1.5/spring-boot-starter-json-3.1.5.jar:/home/maurizio/.m2/repository/com/fasterxml/jackson/core/jackson-databind/2.15.3/jackson-databind-2.15.3.jar:/home/maurizio/.m2/repository/com/fasterxml/jackson/core/jackson-annotations/2.15.3/jackson-annotations-2.15.3.jar:/home/maurizio/.m2/repository/com/fasterxml/jackson/core/jackson-core/2.15.3/jackson-core-2.15.3.jar:/home/maurizio/.m2/repository/com/fasterxml/jackson/datatype/jackson-datatype-jdk8/2.15.3/jackson-datatype-jdk8-2.15.3.jar:/home/maurizio/.m2/repository/com/fasterxml/jackson/datatype/jackson-datatype-jsr310/2.15.3/jackson-datatype-jsr310-2.15.3.jar:/home/maurizio/.m2/repository/com/fasterxml/jackson/module/jackson-module-parameter-names/2.15.3/jackson-module-parameter-names-2.15.3.jar:/home/maurizio/.m2/repository/org/springframework/spring-web/6.0.13/spring-web-6.0.13.jar:/home/maurizio/.m2/repository/org/springframework/spring-webmvc/6.0.13/spring-webmvc-6.0.13.jar:/home/maurizio/.m2/repository/org/springframework/boot/spring-boot-starter-test/3.1.5/spring-boot-starter-test-3.1.5.jar:/home/maurizio/.m2/repository/org/springframework/boot/spring-boot-test/3.1.5/spring-boot-test-3.1.5.jar:/home/maurizio/.m2/repository/org/springframework/boot/spring-boot-test-autoconfigure/3.1.5/spring-boot-test-autoconfigure-3.1.5.jar:/home/maurizio/.m2/repository/com/jayway/jsonpath/json-path/2.8.0/json-path-2.8.0.jar:/home/maurizio/.m2/repository/jakarta/xml/bind/jakarta.xml.bind-api/4.0.1/jakarta.xml.bind-api-4.0.1.jar:/home/maurizio/.m2/repository/jakarta/activation/jakarta.activation-api/2.1.2/jakarta.activation-api-2.1.2.jar:/home/maurizio/.m2/repository/net/minidev/json-smart/2.4.11/json-smart-2.4.11.jar:/home/maurizio/.m2/repository/net/minidev/accessors-smart/2.4.11/accessors-smart-2.4.11.jar:/home/maurizio/.m2/repository/org/ow2/asm/asm/9.3/asm-9.3.jar:/home/maurizio/.m2/repository/org/assertj/assertj-core/3.24.2/assertj-core-3.24.2.jar:/home/maurizio/.m2/repository/net/bytebuddy/byte-buddy/1.14.9/byte-buddy-1.14.9.jar:/home/maurizio/.m2/repository/org/hamcrest/hamcrest/2.2/hamcrest-2.2.jar:/home/maurizio/.m2/repository/org/junit/jupiter/junit-jupiter/5.9.3/junit-jupiter-5.9.3.jar:/home/maurizio/.m2/repository/org/junit/jupiter/junit-jupiter-api/5.9.3/junit-jupiter-api-5.9.3.jar:/home/maurizio/.m2/repository/org/opentest4j/opentest4j/1.2.0/opentest4j-1.2.0.jar:/home/maurizio/.m2/repository/org/junit/platform/junit-platform-commons/1.9.3/junit-platform-commons-1.9.3.jar:/home/maurizio/.m2/repository/org/apiguardian/apiguardian-api/1.1.2/apiguardian-api-1.1.2.jar:/home/maurizio/.m2/repository/org/junit/jupiter/junit-jupiter-params/5.9.3/junit-jupiter-params-5.9.3.jar:/home/maurizio/.m2/repository/org/junit/jupiter/junit-jupiter-engine/5.9.3/junit-jupiter-engine-5.9.3.jar:/home/maurizio/.m2/repository/org/junit/platform/junit-platform-engine/1.9.3/junit-platform-engine-1.9.3.jar:/home/maurizio/.m2/repository/org/mockito/mockito-core/5.3.1/mockito-core-5.3.1.jar:/home/maurizio/.m2/repository/net/bytebuddy/byte-buddy-agent/1.14.9/byte-buddy-agent-1.14.9.jar:/home/maurizio/.m2/repository/org/objenesis/objenesis/3.3/objenesis-3.3.jar:/home/maurizio/.m2/repository/org/mockito/mockito-junit-jupiter/5.3.1/mockito-junit-jupiter-5.3.1.jar:/home/maurizio/.m2/repository/org/skyscreamer/jsonassert/1.5.1/jsonassert-1.5.1.jar:/home/maurizio/.m2/repository/com/vaadin/external/google/android-json/0.0.20131108.vaadin1/android-json-0.0.20131108.vaadin1.jar:/home/maurizio/.m2/repository/org/xmlunit/xmlunit-core/2.9.1/xmlunit-core-2.9.1.jar:/home/maurizio/.m2/repository/franco/maurizio/hr-desk-persistence/0.3.5_j17/hr-desk-persistence-0.3.5_j17.jar:/home/maurizio/.m2/repository/org/springframework/boot/spring-boot-starter-data-jpa/3.1.5/spring-boot-starter-data-jpa-3.1.5.jar:/home/maurizio/.m2/repository/org/springframework/boot/spring-boot-starter-aop/3.1.5/spring-boot-starter-aop-3.1.5.jar:/home/maurizio/.m2/repository/org/aspectj/aspectjweaver/1.9.20/aspectjweaver-1.9.20.jar:/home/maurizio/.m2/repository/org/springframework/boot/spring-boot-starter-jdbc/3.1.5/spring-boot-starter-jdbc-3.1.5.jar:/home/maurizio/.m2/repository/com/zaxxer/HikariCP/5.0.1/HikariCP-5.0.1.jar:/home/maurizio/.m2/repository/org/springframework/spring-jdbc/6.0.13/spring-jdbc-6.0.13.jar:/home/maurizio/.m2/repository/org/hibernate/orm/hibernate-core/6.2.13.Final/hibernate-core-6.2.13.Final.jar:/home/maurizio/.m2/repository/jakarta/persistence/jakarta.persistence-api/3.1.0/jakarta.persistence-api-3.1.0.jar:/home/maurizio/.m2/repository/jakarta/transaction/jakarta.transaction-api/2.0.1/jakarta.transaction-api-2.0.1.jar:/home/maurizio/.m2/repository/org/hibernate/common/hibernate-commons-annotations/6.0.6.Final/hibernate-commons-annotations-6.0.6.Final.jar:/home/maurizio/.m2/repository/io/smallrye/jandex/3.0.5/jandex-3.0.5.jar:/home/maurizio/.m2/repository/jakarta/inject/jakarta.inject-api/2.0.1/jakarta.inject-api-2.0.1.jar:/home/maurizio/.m2/repository/org/antlr/antlr4-runtime/4.10.1/antlr4-runtime-4.10.1.jar:/home/maurizio/.m2/repository/org/springframework/data/spring-data-jpa/3.1.5/spring-data-jpa-3.1.5.jar:/home/maurizio/.m2/repository/org/springframework/data/spring-data-commons/3.1.5/spring-data-commons-3.1.5.jar:/home/maurizio/.m2/repository/org/springframework/spring-orm/6.0.13/spring-orm-6.0.13.jar:/home/maurizio/.m2/repository/org/springframework/spring-tx/6.0.13/spring-tx-6.0.13.jar:/home/maurizio/.m2/repository/org/springframework/spring-aspects/6.0.13/spring-aspects-6.0.13.jar:/home/maurizio/.m2/repository/mysql/mysql-connector-java/8.0.19/mysql-connector-java-8.0.19.jar:/home/maurizio/.m2/repository/com/google/protobuf/protobuf-java/3.6.1/protobuf-java-3.6.1.jar:/home/maurizio/.m2/repository/org/glassfish/jaxb/jaxb-runtime/4.0.3/jaxb-runtime-4.0.3.jar:/home/maurizio/.m2/repository/org/glassfish/jaxb/jaxb-core/4.0.3/jaxb-core-4.0.3.jar:/home/maurizio/.m2/repository/org/glassfish/jaxb/txw2/4.0.3/txw2-4.0.3.jar:/home/maurizio/.m2/repository/com/sun/istack/istack-commons-runtime/4.1.2/istack-commons-runtime-4.1.2.jar:/home/maurizio/.m2/repository/org/javassist/javassist/3.23.1-GA/javassist-3.23.1-GA.jar:/home/maurizio/.m2/repository/franco/maurizio/hr-desk-mail-manager/0.3.4_j11/hr-desk-mail-manager-0.3.4_j11.jar:/home/maurizio/.m2/repository/org/apache/commons/commons-lang3/3.12.0/commons-lang3-3.12.0.jar:/home/maurizio/.m2/repository/org/apache/velocity/velocity/1.7/velocity-1.7.jar:/home/maurizio/.m2/repository/commons-collections/commons-collections/3.2.1/commons-collections-3.2.1.jar:/home/maurizio/.m2/repository/commons-lang/commons-lang/2.4/commons-lang-2.4.jar:/home/maurizio/.m2/repository/org/eclipse/angus/jakarta.mail/1.1.0/jakarta.mail-1.1.0.jar:/home/maurizio/.m2/repository/org/eclipse/angus/angus-activation/2.0.1/angus-activation-2.0.1.jar:/home/maurizio/.m2/repository/org/apache/logging/log4j/log4j-api/2.20.0/log4j-api-2.20.0.jar:/home/maurizio/.m2/repository/org/apache/logging/log4j/log4j-core/2.20.0/log4j-core-2.20.0.jar:/home/maurizio/.m2/repository/com/google/code/gson/gson/2.8.5/gson-2.8.5.jar:/home/maurizio/.m2/repository/org/springframework/boot/spring-boot-starter/3.1.5/spring-boot-starter-3.1.5.jar:/home/maurizio/.m2/repository/org/springframework/boot/spring-boot/3.1.5/spring-boot-3.1.5.jar:/home/maurizio/.m2/repository/org/springframework/boot/spring-boot-autoconfigure/3.1.5/spring-boot-autoconfigure-3.1.5.jar:/home/maurizio/.m2/repository/org/yaml/snakeyaml/1.33/snakeyaml-1.33.jar:/home/maurizio/.m2/repository/org/springframework/boot/spring-boot-starter-security/3.1.5/spring-boot-starter-security-3.1.5.jar:/home/maurizio/.m2/repository/org/springframework/spring-aop/6.0.13/spring-aop-6.0.13.jar:/home/maurizio/.m2/repository/org/springframework/security/spring-security-config/6.1.5/spring-security-config-6.1.5.jar:/home/maurizio/.m2/repository/org/springframework/boot/spring-boot-starter-validation/3.1.5/spring-boot-starter-validation-3.1.5.jar:/home/maurizio/.m2/repository/org/hibernate/validator/hibernate-validator/8.0.1.Final/hibernate-validator-8.0.1.Final.jar:/home/maurizio/.m2/repository/jakarta/validation/jakarta.validation-api/3.0.2/jakarta.validation-api-3.0.2.jar:/home/maurizio/.m2/repository/org/jboss/logging/jboss-logging/3.5.3.Final/jboss-logging-3.5.3.Final.jar:/home/maurizio/.m2/repository/com/fasterxml/classmate/1.5.1/classmate-1.5.1.jar:/home/maurizio/.m2/repository/org/springframework/boot/spring-boot-devtools/3.1.5/spring-boot-devtools-3.1.5.jar:/home/maurizio/.m2/repository/ch/qos/logback/logback-classic/1.4.11/logback-classic-1.4.11.jar:/home/maurizio/.m2/repository/ch/qos/logback/logback-core/1.4.11/logback-core-1.4.11.jar:/home/maurizio/.m2/repository/org/slf4j/slf4j-api/2.0.9/slf4j-api-2.0.9.jar:/home/maurizio/.m2/repository/org/springframework/boot/spring-boot-starter-actuator/3.1.5/spring-boot-starter-actuator-3.1.5.jar:/home/maurizio/.m2/repository/org/springframework/boot/spring-boot-actuator-autoconfigure/3.1.5/spring-boot-actuator-autoconfigure-3.1.5.jar:/home/maurizio/.m2/repository/org/springframework/boot/spring-boot-actuator/3.1.5/spring-boot-actuator-3.1.5.jar:/home/maurizio/.m2/repository/io/micrometer/micrometer-observation/1.11.5/micrometer-observation-1.11.5.jar:/home/maurizio/.m2/repository/io/micrometer/micrometer-commons/1.11.5/micrometer-commons-1.11.5.jar:/home/maurizio/.m2/repository/io/micrometer/micrometer-core/1.11.5/micrometer-core-1.11.5.jar:/home/maurizio/.m2/repository/org/hdrhistogram/HdrHistogram/2.1.12/HdrHistogram-2.1.12.jar:/home/maurizio/.m2/repository/org/latencyutils/LatencyUtils/2.0.3/LatencyUtils-2.0.3.jar:/home/maurizio/.m2/repository/com/itextpdf/itextpdf/5.5.10/itextpdf-5.5.10.jar:/home/maurizio/.m2/repository/org/apache/pdfbox/pdfbox/2.0.4/pdfbox-2.0.4.jar:/home/maurizio/.m2/repository/org/apache/pdfbox/fontbox/2.0.4/fontbox-2.0.4.jar:/home/maurizio/.m2/repository/commons-logging/commons-logging/1.2/commons-logging-1.2.jar:/home/maurizio/.m2/repository/org/projectlombok/lombok/1.18.30/lombok-1.18.30.jar:, sun.cpu.endian=little, hibernate.cdi.extensions=true, user.home=/home/maurizio, user.language=en, java.specification.vendor=Oracle Corporation, java.version.date=2023-04-18, java.home=/usr/lib/jvm/java-17-openjdk-amd64, file.separator=/, basedir=/home/maurizio/git/hr-desk/hr-desk/backend17, style.color=always, java.vm.compressedOopsMode=Zero based, line.separator=
, hibernate.persistenceUnitName=default, java.specification.name=Java Platform API Specification, java.vm.specification.vendor=Oracle Corporation, FILE_LOG_CHARSET=UTF-8, hibernate.transaction.coordinator_class=class org.hibernate.resource.transaction.backend.jdbc.internal.JdbcResourceLocalTransactionCoordinatorBuilderImpl, java.awt.headless=true, surefire.real.class.path=/home/maurizio/git/hr-desk/hr-desk/backend17/target/surefire/surefirebooter-20231124123619067_3.jar, jakarta.persistence.validation.mode=AUTO, sun.management.compiler=HotSpot 64-Bit Tiered Compilers, java.runtime.version=17.0.7+7-Debian-1deb12u1, user.name=maurizio, path.separator=:, os.version=6.1.0-10-amd64, java.runtime.name=OpenJDK Runtime Environment, file.encoding=UTF-8, java.vm.name=OpenJDK 64-Bit Server VM, hibernate.show_sql=true, localRepository=/home/maurizio/.m2/repository, java.vendor.url.bug=https://bugs.debian.org/openjdk-17, java.io.tmpdir=/tmp, com.zaxxer.hikari.pool_number=1, catalina.home=/tmp/tomcat.0.2414534711362595922, java.version=17.0.7, hibernate.physical_naming_strategy=org.hibernate.boot.model.naming.CamelCaseToUnderscoresNamingStrategy, user.dir=/home/maurizio/git/hr-desk/hr-desk/backend17, os.arch=amd64, java.vm.specification.name=Java Virtual Machine Specification, PID=1505547, CONSOLE_LOG_CHARSET=UTF-8, catalina.base=/tmp/tomcat.0.2414534711362595922, hibernate.boot.CfgXmlAccessService.key=org.hibernate.boot.registry.StandardServiceRegistryBuilder$1@784423da, native.encoding=UTF-8, java.library.path=/usr/java/packages/lib:/usr/lib/x86_64-linux-gnu/jni:/lib/x86_64-linux-gnu:/usr/lib/x86_64-linux-gnu:/usr/lib/jni:/lib:/usr/lib, java.vendor=Debian, java.vm.info=mixed mode, sharing, java.vm.version=17.0.7+7-Debian-1deb12u1, hibernate.bytecode.use_reflection_optimizer=true, sun.io.unicode.encoding=UnicodeLittle, hibernate.archive.scanner=org.hibernate.boot.archive.scan.internal.DisabledScanner, hibernate.connection.datasource=HikariDataSource (HikariPool-4), java.class.version=61.0}
2023-11-24 12:36:46,329 TRACE o.h.e.j.e.i.NormalizingIdentifierHelperImpl [NormalizingIdentifierHelperImpl.java:62] Normalizing identifier quoting [null]
2023-11-24 12:36:46,329 TRACE o.h.s.i.AbstractServiceRegistryImpl [AbstractServiceRegistryImpl.java:235] Initializing service [role=org.hibernate.cache.spi.CacheImplementor]
2023-11-24 12:36:46,330 DEBUG o.h.i.SessionFactoryImpl [SessionFactoryImpl.java:239] Session factory constructed with filter configurations : {}
2023-11-24 12:36:46,330 DEBUG o.h.v.i.x.c.ValidationXmlParser [ValidationXmlParser.java:122] Trying to load META-INF/validation.xml for XML based Validator configuration.
2023-11-24 12:36:46,331 DEBUG o.h.v.i.x.c.ResourceLoaderHelper [ResourceLoaderHelper.java:61] Trying to load META-INF/validation.xml via TCCL
2023-11-24 12:36:46,331 DEBUG o.h.v.i.x.c.ResourceLoaderHelper [ResourceLoaderHelper.java:67] Trying to load META-INF/validation.xml via Hibernate Validator's class loader
2023-11-24 12:36:46,331 DEBUG o.h.v.i.x.c.ValidationXmlParser [ValidationXmlParser.java:129] No META-INF/validation.xml found. Using annotation based configuration only.
2023-11-24 12:36:46,332 DEBUG o.h.v.i.e.r.TraversableResolvers [TraversableResolvers.java:94] Found jakarta.persistence.Persistence on classpath containing 'getPersistenceUtil'. Assuming JPA 2 environment. Trying to instantiate JPA aware TraversableResolver
2023-11-24 12:36:46,332 DEBUG o.h.v.i.e.r.TraversableResolvers [TraversableResolvers.java:104] Instantiated JPA aware TraversableResolver of type org.hibernate.validator.internal.engine.resolver.JPATraversableResolver.
2023-11-24 12:36:46,332 DEBUG o.h.v.m.ResourceBundleMessageInterpolator [ResourceBundleMessageInterpolator.java:175] Loaded expression factory via original TCCL
2023-11-24 12:36:46,333 DEBUG o.h.v.i.e.ValidatorFactoryConfigurationHelper [ValidatorFactoryConfigurationHelper.java:355] HV000252: Using org.hibernate.validator.internal.engine.DefaultPropertyNodeNameProvider as property node name provider.
2023-11-24 12:36:46,333 DEBUG o.h.v.i.e.ValidatorFactoryConfigurationHelper [ValidatorFactoryConfigurationHelper.java:447] HV000234: Using org.hibernate.validator.messageinterpolation.ResourceBundleMessageInterpolator as ValidatorFactory-scoped message interpolator.
2023-11-24 12:36:46,333 DEBUG o.h.v.i.e.ValidatorFactoryConfigurationHelper [ValidatorFactoryConfigurationHelper.java:448] HV000234: Using org.hibernate.validator.internal.engine.resolver.JPATraversableResolver as ValidatorFactory-scoped traversable resolver.
2023-11-24 12:36:46,333 DEBUG o.h.v.i.e.ValidatorFactoryConfigurationHelper [ValidatorFactoryConfigurationHelper.java:449] HV000234: Using org.hibernate.validator.internal.util.ExecutableParameterNameProvider as ValidatorFactory-scoped parameter name provider.
2023-11-24 12:36:46,333 DEBUG o.h.v.i.e.ValidatorFactoryConfigurationHelper [ValidatorFactoryConfigurationHelper.java:450] HV000234: Using org.hibernate.validator.internal.engine.DefaultClockProvider as ValidatorFactory-scoped clock provider.
2023-11-24 12:36:46,334 DEBUG o.h.v.i.e.ValidatorFactoryConfigurationHelper [ValidatorFactoryConfigurationHelper.java:451] HV000234: Using org.hibernate.validator.internal.engine.scripting.DefaultScriptEvaluatorFactory as ValidatorFactory-scoped script evaluator factory.
2023-11-24 12:36:46,334 DEBUG o.h.b.i.ClassLoaderAccessImpl [ClassLoaderAccessImpl.java:60] Not known whether passed class name [franco.maurizio.hr.desk.com.persistence.entity.Survey] is safe
2023-11-24 12:36:46,334 DEBUG o.h.b.i.ClassLoaderAccessImpl [ClassLoaderAccessImpl.java:62] No temp ClassLoader provided; using live ClassLoader for loading potentially unsafe class : franco.maurizio.hr.desk.com.persistence.entity.Survey
2023-11-24 12:36:46,337 DEBUG o.h.b.i.ClassLoaderAccessImpl [ClassLoaderAccessImpl.java:60] Not known whether passed class name [franco.maurizio.hr.desk.com.persistence.entity.PositionUserOwner] is safe
2023-11-24 12:36:46,337 DEBUG o.h.b.i.ClassLoaderAccessImpl [ClassLoaderAccessImpl.java:62] No temp ClassLoader provided; using live ClassLoader for loading potentially unsafe class : franco.maurizio.hr.desk.com.persistence.entity.PositionUserOwner
2023-11-24 12:36:46,339 DEBUG o.h.b.i.ClassLoaderAccessImpl [ClassLoaderAccessImpl.java:60] Not known whether passed class name [franco.maurizio.hr.desk.com.persistence.entity.Question] is safe
2023-11-24 12:36:46,340 DEBUG o.h.b.i.ClassLoaderAccessImpl [ClassLoaderAccessImpl.java:62] No temp ClassLoader provided; using live ClassLoader for loading potentially unsafe class : franco.maurizio.hr.desk.com.persistence.entity.Question
2023-11-24 12:36:46,346 DEBUG o.h.b.i.ClassLoaderAccessImpl [ClassLoaderAccessImpl.java:60] Not known whether passed class name [franco.maurizio.hr.desk.com.persistence.entity.Candidate] is safe
2023-11-24 12:36:46,347 DEBUG o.h.b.i.ClassLoaderAccessImpl [ClassLoaderAccessImpl.java:62] No temp ClassLoader provided; using live ClassLoader for loading potentially unsafe class : franco.maurizio.hr.desk.com.persistence.entity.Candidate
2023-11-24 12:36:46,352 DEBUG o.h.b.i.ClassLoaderAccessImpl [ClassLoaderAccessImpl.java:60] Not known whether passed class name [franco.maurizio.hr.desk.com.persistence.entity.SurveyReply] is safe
2023-11-24 12:36:46,352 DEBUG o.h.b.i.ClassLoaderAccessImpl [ClassLoaderAccessImpl.java:62] No temp ClassLoader provided; using live ClassLoader for loading potentially unsafe class : franco.maurizio.hr.desk.com.persistence.entity.SurveyReply
2023-11-24 12:36:46,354 DEBUG o.h.b.i.ClassLoaderAccessImpl [ClassLoaderAccessImpl.java:60] Not known whether passed class name [franco.maurizio.hr.desk.com.persistence.entity.User] is safe
2023-11-24 12:36:46,354 DEBUG o.h.b.i.ClassLoaderAccessImpl [ClassLoaderAccessImpl.java:62] No temp ClassLoader provided; using live ClassLoader for loading potentially unsafe class : franco.maurizio.hr.desk.com.persistence.entity.User
2023-11-24 12:36:46,357 DEBUG o.h.b.i.ClassLoaderAccessImpl [ClassLoaderAccessImpl.java:60] Not known whether passed class name [franco.maurizio.hr.desk.com.persistence.entity.SurveyQuestion] is safe
2023-11-24 12:36:46,357 DEBUG o.h.b.i.ClassLoaderAccessImpl [ClassLoaderAccessImpl.java:62] No temp ClassLoader provided; using live ClassLoader for loading potentially unsafe class : franco.maurizio.hr.desk.com.persistence.entity.SurveyQuestion
2023-11-24 12:36:46,359 DEBUG o.h.b.i.ClassLoaderAccessImpl [ClassLoaderAccessImpl.java:60] Not known whether passed class name [franco.maurizio.hr.desk.com.persistence.entity.CandidateSurveyToken] is safe
2023-11-24 12:36:46,360 DEBUG o.h.b.i.ClassLoaderAccessImpl [ClassLoaderAccessImpl.java:62] No temp ClassLoader provided; using live ClassLoader for loading potentially unsafe class : franco.maurizio.hr.desk.com.persistence.entity.CandidateSurveyToken
2023-11-24 12:36:46,363 DEBUG o.h.b.i.ClassLoaderAccessImpl [ClassLoaderAccessImpl.java:60] Not known whether passed class name [franco.maurizio.hr.desk.com.persistence.entity.CandidateStates] is safe
2023-11-24 12:36:46,363 DEBUG o.h.b.i.ClassLoaderAccessImpl [ClassLoaderAccessImpl.java:62] No temp ClassLoader provided; using live ClassLoader for loading potentially unsafe class : franco.maurizio.hr.desk.com.persistence.entity.CandidateStates
2023-11-24 12:36:46,367 DEBUG o.h.b.i.ClassLoaderAccessImpl [ClassLoaderAccessImpl.java:60] Not known whether passed class name [franco.maurizio.hr.desk.com.persistence.entity.CoursePage] is safe
2023-11-24 12:36:46,367 DEBUG o.h.b.i.ClassLoaderAccessImpl [ClassLoaderAccessImpl.java:62] No temp ClassLoader provided; using live ClassLoader for loading potentially unsafe class : franco.maurizio.hr.desk.com.persistence.entity.CoursePage
2023-11-24 12:36:46,370 DEBUG o.h.b.i.ClassLoaderAccessImpl [ClassLoaderAccessImpl.java:60] Not known whether passed class name [franco.maurizio.hr.desk.com.persistence.entity.Role] is safe
2023-11-24 12:36:46,371 DEBUG o.h.b.i.ClassLoaderAccessImpl [ClassLoaderAccessImpl.java:62] No temp ClassLoader provided; using live ClassLoader for loading potentially unsafe class : franco.maurizio.hr.desk.com.persistence.entity.Role
2023-11-24 12:36:46,373 DEBUG o.h.s.i.SessionFactoryServiceRegistryImpl [SessionFactoryServiceRegistryImpl.java:91] EventListenerRegistry access via ServiceRegistry is deprecated.  Use `sessionFactory.getEventEngine().getListenerRegistry()` instead
2023-11-24 12:36:46,374 DEBUG o.h.t.s.s.SchemaManagementToolCoordinator [SchemaManagementToolCoordinator.java:760] No schema actions specified for contributor `orm`; doing nothing
2023-11-24 12:36:46,376 DEBUG o.h.q.s.f.SqmFunctionRegistry [SqmFunctionRegistry.java:90] Registered SqmFunctionTemplate [NamedSqmFunctionTemplate(max)] under max; prior registration was null
2023-11-24 12:36:46,376 DEBUG o.h.q.s.f.SqmFunctionRegistry [SqmFunctionRegistry.java:90] Registered SqmFunctionTemplate [NamedSqmFunctionTemplate(min)] under min; prior registration was null
2023-11-24 12:36:46,376 DEBUG o.h.q.s.f.SqmFunctionRegistry [SqmFunctionRegistry.java:90] Registered SqmFunctionTemplate [NamedSqmFunctionTemplate(sum)] under sum; prior registration was null
2023-11-24 12:36:46,376 DEBUG o.h.q.s.f.SqmFunctionRegistry [SqmFunctionRegistry.java:90] Registered SqmFunctionTemplate [NamedSqmFunctionTemplate(avg)] under avg; prior registration was null
2023-11-24 12:36:46,377 DEBUG o.h.q.s.f.SqmFunctionRegistry [SqmFunctionRegistry.java:90] Registered SqmFunctionTemplate [org.hibernate.dialect.function.CountFunction@22ca636b] under count; prior registration was null
2023-11-24 12:36:46,377 DEBUG o.h.q.s.f.SqmFunctionRegistry [SqmFunctionRegistry.java:90] Registered SqmFunctionTemplate [org.hibernate.dialect.function.EveryAnyEmulation@2465c8a4] under every; prior registration was null
2023-11-24 12:36:46,377 DEBUG o.h.q.s.f.SqmFunctionRegistry [SqmFunctionRegistry.java:90] Registered SqmFunctionTemplate [org.hibernate.dialect.function.EveryAnyEmulation@4f5e3c00] under any; prior registration was null
2023-11-24 12:36:46,377 DEBUG o.h.q.s.f.SqmFunctionRegistry [SqmFunctionRegistry.java:90] Registered SqmFunctionTemplate [NamedSqmFunctionTemplate(floor)] under floor; prior registration was null
2023-11-24 12:36:46,377 DEBUG o.h.q.s.f.SqmFunctionRegistry [SqmFunctionRegistry.java:90] Registered SqmFunctionTemplate [NamedSqmFunctionTemplate(ceiling)] under ceiling; prior registration was null
2023-11-24 12:36:46,378 DEBUG o.h.q.s.f.SqmFunctionRegistry [SqmFunctionRegistry.java:90] Registered SqmFunctionTemplate [NamedSqmFunctionTemplate(mod)] under mod; prior registration was null
2023-11-24 12:36:46,378 DEBUG o.h.q.s.f.SqmFunctionRegistry [SqmFunctionRegistry.java:90] Registered SqmFunctionTemplate [NamedSqmFunctionTemplate(abs)] under abs; prior registration was null
2023-11-24 12:36:46,378 DEBUG o.h.q.s.f.SqmFunctionRegistry [SqmFunctionRegistry.java:90] Registered SqmFunctionTemplate [NamedSqmFunctionTemplate(sign)] under sign; prior registration was null
2023-11-24 12:36:46,378 DEBUG o.h.q.s.f.SqmFunctionRegistry [SqmFunctionRegistry.java:90] Registered SqmFunctionTemplate [NamedSqmFunctionTemplate(sqrt)] under sqrt; prior registration was null
2023-11-24 12:36:46,378 DEBUG o.h.q.s.f.SqmFunctionRegistry [SqmFunctionRegistry.java:90] Registered SqmFunctionTemplate [NamedSqmFunctionTemplate(ln)] under ln; prior registration was null
2023-11-24 12:36:46,378 DEBUG o.h.q.s.f.SqmFunctionRegistry [SqmFunctionRegistry.java:90] Registered SqmFunctionTemplate [NamedSqmFunctionTemplate(exp)] under exp; prior registration was null
2023-11-24 12:36:46,379 DEBUG o.h.q.s.f.SqmFunctionRegistry [SqmFunctionRegistry.java:90] Registered SqmFunctionTemplate [NamedSqmFunctionTemplate(power)] under power; prior registration was null
2023-11-24 12:36:46,379 DEBUG o.h.q.s.f.SqmFunctionRegistry [SqmFunctionRegistry.java:90] Registered SqmFunctionTemplate [NamedSqmFunctionTemplate(round)] under round; prior registration was null
2023-11-24 12:36:46,379 DEBUG o.h.q.s.f.SqmFunctionRegistry [SqmFunctionRegistry.java:90] Registered SqmFunctionTemplate [NamedSqmFunctionTemplate(sin)] under sin; prior registration was null
2023-11-24 12:36:46,379 DEBUG o.h.q.s.f.SqmFunctionRegistry [SqmFunctionRegistry.java:90] Registered SqmFunctionTemplate [NamedSqmFunctionTemplate(cos)] under cos; prior registration was null
2023-11-24 12:36:46,379 DEBUG o.h.q.s.f.SqmFunctionRegistry [SqmFunctionRegistry.java:90] Registered SqmFunctionTemplate [NamedSqmFunctionTemplate(tan)] under tan; prior registration was null
2023-11-24 12:36:46,379 DEBUG o.h.q.s.f.SqmFunctionRegistry [SqmFunctionRegistry.java:90] Registered SqmFunctionTemplate [NamedSqmFunctionTemplate(asin)] under asin; prior registration was null
2023-11-24 12:36:46,380 DEBUG o.h.q.s.f.SqmFunctionRegistry [SqmFunctionRegistry.java:90] Registered SqmFunctionTemplate [NamedSqmFunctionTemplate(acos)] under acos; prior registration was null
2023-11-24 12:36:46,380 DEBUG o.h.q.s.f.SqmFunctionRegistry [SqmFunctionRegistry.java:90] Registered SqmFunctionTemplate [NamedSqmFunctionTemplate(atan)] under atan; prior registration was null
2023-11-24 12:36:46,380 DEBUG o.h.q.s.f.SqmFunctionRegistry [SqmFunctionRegistry.java:90] Registered SqmFunctionTemplate [NamedSqmFunctionTemplate(atan2)] under atan2; prior registration was null
2023-11-24 12:36:46,380 DEBUG o.h.q.s.f.SqmFunctionRegistry [SqmFunctionRegistry.java:90] Registered SqmFunctionTemplate [org.hibernate.query.sqm.function.PatternBasedSqmFunctionDescriptor@7c8358cc] under sinh; prior registration was null
2023-11-24 12:36:46,380 DEBUG o.h.q.s.f.SqmFunctionRegistry [SqmFunctionRegistry.java:90] Registered SqmFunctionTemplate [org.hibernate.query.sqm.function.PatternBasedSqmFunctionDescriptor@da3bd0c] under cosh; prior registration was null
2023-11-24 12:36:46,381 DEBUG o.h.q.s.f.SqmFunctionRegistry [SqmFunctionRegistry.java:90] Registered SqmFunctionTemplate [org.hibernate.query.sqm.function.PatternBasedSqmFunctionDescriptor@70964f4] under tanh; prior registration was null
2023-11-24 12:36:46,381 DEBUG o.h.q.s.f.SqmFunctionRegistry [SqmFunctionRegistry.java:90] Registered SqmFunctionTemplate [org.hibernate.query.sqm.function.PatternBasedSqmFunctionDescriptor@3909e629] under pi; prior registration was null
2023-11-24 12:36:46,381 DEBUG o.h.q.s.f.SqmFunctionRegistry [SqmFunctionRegistry.java:90] Registered SqmFunctionTemplate [org.hibernate.query.sqm.function.PatternBasedSqmFunctionDescriptor@5f2a8cfc] under log; prior registration was null
2023-11-24 12:36:46,381 DEBUG o.h.q.s.f.SqmFunctionRegistry [SqmFunctionRegistry.java:90] Registered SqmFunctionTemplate [NamedSqmFunctionTemplate(coalesce)] under coalesce; prior registration was null
2023-11-24 12:36:46,381 DEBUG o.h.q.s.f.SqmFunctionRegistry [SqmFunctionRegistry.java:90] Registered SqmFunctionTemplate [NamedSqmFunctionTemplate(nullif)] under nullif; prior registration was null
2023-11-24 12:36:46,381 DEBUG o.h.q.s.f.SqmFunctionRegistry [SqmFunctionRegistry.java:90] Registered SqmFunctionTemplate [NamedSqmFunctionTemplate(left)] under left; prior registration was null
2023-11-24 12:36:46,382 DEBUG o.h.q.s.f.SqmFunctionRegistry [SqmFunctionRegistry.java:90] Registered SqmFunctionTemplate [NamedSqmFunctionTemplate(right)] under right; prior registration was null
2023-11-24 12:36:46,382 DEBUG o.h.q.s.f.SqmFunctionRegistry [SqmFunctionRegistry.java:90] Registered SqmFunctionTemplate [NamedSqmFunctionTemplate(replace)] under replace; prior registration was null
2023-11-24 12:36:46,382 DEBUG o.h.q.s.f.SqmFunctionRegistry [SqmFunctionRegistry.java:90] Registered SqmFunctionTemplate [NamedSqmFunctionTemplate(concat)] under concat; prior registration was null
2023-11-24 12:36:46,382 DEBUG o.h.q.s.f.SqmFunctionRegistry [SqmFunctionRegistry.java:90] Registered SqmFunctionTemplate [NamedSqmFunctionTemplate(lower)] under lower; prior registration was null
2023-11-24 12:36:46,382 DEBUG o.h.q.s.f.SqmFunctionRegistry [SqmFunctionRegistry.java:90] Registered SqmFunctionTemplate [NamedSqmFunctionTemplate(upper)] under upper; prior registration was null
2023-11-24 12:36:46,382 DEBUG o.h.q.s.f.SqmFunctionRegistry [SqmFunctionRegistry.java:90] Registered SqmFunctionTemplate [NamedSqmFunctionTemplate(substring)] under substring; prior registration was null
2023-11-24 12:36:46,383 DEBUG o.h.q.s.f.SqmFunctionRegistry [SqmFunctionRegistry.java:90] Registered SqmFunctionTemplate [NamedSqmFunctionTemplate(locate)] under locate; prior registration was null
2023-11-24 12:36:46,383 DEBUG o.h.q.s.f.SqmFunctionRegistry [SqmFunctionRegistry.java:90] Registered SqmFunctionTemplate [NamedSqmFunctionTemplate(character_length)] under character_length; prior registration was null
2023-11-24 12:36:46,383 DEBUG o.h.q.s.f.SqmFunctionRegistry [SqmFunctionRegistry.java:307] Registering alternate key : length -> character_length
2023-11-24 12:36:46,383 DEBUG o.h.q.s.f.SqmFunctionRegistry [SqmFunctionRegistry.java:90] Registered SqmFunctionTemplate [org.hibernate.dialect.function.LocatePositionEmulation@4ff101c8] under position; prior registration was null
2023-11-24 12:36:46,383 DEBUG o.h.q.s.f.SqmFunctionRegistry [SqmFunctionRegistry.java:90] Registered SqmFunctionTemplate [org.hibernate.dialect.function.InsertSubstringOverlayEmulation@393e206] under overlay; prior registration was null
2023-11-24 12:36:46,384 DEBUG o.h.q.s.f.SqmFunctionRegistry [SqmFunctionRegistry.java:90] Registered SqmFunctionTemplate [org.hibernate.dialect.function.TrimFunction@755d74f3] under trim; prior registration was null
2023-11-24 12:36:46,384 DEBUG o.h.q.s.f.SqmFunctionRegistry [SqmFunctionRegistry.java:90] Registered SqmFunctionTemplate [org.hibernate.dialect.function.CastFunction@7e9b4bc8] under cast; prior registration was null
2023-11-24 12:36:46,384 DEBUG o.h.q.s.f.SqmFunctionRegistry [SqmFunctionRegistry.java:90] Registered SqmFunctionTemplate [org.hibernate.query.sqm.function.PatternBasedSqmFunctionDescriptor@39a3fa92] under collate; prior registration was null
2023-11-24 12:36:46,384 DEBUG o.h.q.s.f.SqmFunctionRegistry [SqmFunctionRegistry.java:90] Registered SqmFunctionTemplate [org.hibernate.dialect.function.ExtractFunction@25bcbc72] under extract; prior registration was null
2023-11-24 12:36:46,384 DEBUG o.h.q.s.f.SqmFunctionRegistry [SqmFunctionRegistry.java:90] Registered SqmFunctionTemplate [NamedSqmFunctionTemplate(least)] under least; prior registration was null
2023-11-24 12:36:46,384 DEBUG o.h.q.s.f.SqmFunctionRegistry [SqmFunctionRegistry.java:90] Registered SqmFunctionTemplate [NamedSqmFunctionTemplate(greatest)] under greatest; prior registration was null
2023-11-24 12:36:46,385 DEBUG o.h.q.s.f.SqmFunctionRegistry [SqmFunctionRegistry.java:90] Registered SqmFunctionTemplate [org.hibernate.dialect.function.CoalesceIfnullEmulation@3b58aeda] under ifnull; prior registration was null
2023-11-24 12:36:46,385 DEBUG o.h.q.s.f.SqmFunctionRegistry [SqmFunctionRegistry.java:90] Registered SqmFunctionTemplate [NamedSqmFunctionTemplate(lpad)] under lpad; prior registration was null
2023-11-24 12:36:46,385 DEBUG o.h.q.s.f.SqmFunctionRegistry [SqmFunctionRegistry.java:90] Registered SqmFunctionTemplate [NamedSqmFunctionTemplate(rpad)] under rpad; prior registration was null
2023-11-24 12:36:46,385 DEBUG o.h.q.s.f.SqmFunctionRegistry [SqmFunctionRegistry.java:90] Registered SqmFunctionTemplate [org.hibernate.dialect.function.LpadRpadPadEmulation@1f396772] under pad; prior registration was null
2023-11-24 12:36:46,385 DEBUG o.h.q.s.f.SqmFunctionRegistry [SqmFunctionRegistry.java:90] Registered SqmFunctionTemplate [org.hibernate.dialect.function.CastStrEmulation@39e8696d] under str; prior registration was null
2023-11-24 12:36:46,385 DEBUG o.h.q.s.f.SqmFunctionRegistry [SqmFunctionRegistry.java:90] Registered SqmFunctionTemplate [org.hibernate.dialect.function.FormatFunction@79771d0e] under format; prior registration was null
2023-11-24 12:36:46,386 DEBUG o.h.q.s.f.SqmFunctionRegistry [SqmFunctionRegistry.java:90] Registered SqmFunctionTemplate [org.hibernate.dialect.function.TimestampaddFunction@7a75284] under timestampadd; prior registration was null
2023-11-24 12:36:46,386 DEBUG o.h.q.s.f.SqmFunctionRegistry [SqmFunctionRegistry.java:90] Registered SqmFunctionTemplate [org.hibernate.dialect.function.TimestampdiffFunction@53f1a7f5] under timestampdiff; prior registration was null
2023-11-24 12:36:46,386 DEBUG o.h.q.s.f.SqmFunctionRegistry [SqmFunctionRegistry.java:307] Registering alternate key : dateadd -> timestampadd
2023-11-24 12:36:46,386 DEBUG o.h.q.s.f.SqmFunctionRegistry [SqmFunctionRegistry.java:307] Registering alternate key : datediff -> timestampdiff
2023-11-24 12:36:46,386 DEBUG o.h.q.s.f.SqmFunctionRegistry [SqmFunctionRegistry.java:90] Registered SqmFunctionTemplate [org.hibernate.dialect.function.CurrentFunction@29280fe7] under current_date; prior registration was null
2023-11-24 12:36:46,386 DEBUG o.h.q.s.f.SqmFunctionRegistry [SqmFunctionRegistry.java:90] Registered SqmFunctionTemplate [org.hibernate.dialect.function.CurrentFunction@68f6f8a1] under current_time; prior registration was null
2023-11-24 12:36:46,387 DEBUG o.h.q.s.f.SqmFunctionRegistry [SqmFunctionRegistry.java:90] Registered SqmFunctionTemplate [org.hibernate.dialect.function.CurrentFunction@55f8b449] under current_timestamp; prior registration was null
2023-11-24 12:36:46,387 DEBUG o.h.q.s.f.SqmFunctionRegistry [SqmFunctionRegistry.java:307] Registering alternate key : current date -> current_date
2023-11-24 12:36:46,387 DEBUG o.h.q.s.f.SqmFunctionRegistry [SqmFunctionRegistry.java:307] Registering alternate key : current time -> current_time
2023-11-24 12:36:46,387 DEBUG o.h.q.s.f.SqmFunctionRegistry [SqmFunctionRegistry.java:307] Registering alternate key : current timestamp -> current_timestamp
2023-11-24 12:36:46,387 DEBUG o.h.q.s.f.SqmFunctionRegistry [SqmFunctionRegistry.java:90] Registered SqmFunctionTemplate [org.hibernate.dialect.function.CurrentFunction@be87f0c] under local_date; prior registration was null
2023-11-24 12:36:46,387 DEBUG o.h.q.s.f.SqmFunctionRegistry [SqmFunctionRegistry.java:90] Registered SqmFunctionTemplate [org.hibernate.dialect.function.CurrentFunction@62d60ea1] under local_time; prior registration was null
2023-11-24 12:36:46,388 DEBUG o.h.q.s.f.SqmFunctionRegistry [SqmFunctionRegistry.java:90] Registered SqmFunctionTemplate [org.hibernate.dialect.function.CurrentFunction@3d3ad1aa] under local_datetime; prior registration was null
2023-11-24 12:36:46,388 DEBUG o.h.q.s.f.SqmFunctionRegistry [SqmFunctionRegistry.java:90] Registered SqmFunctionTemplate [org.hibernate.dialect.function.CurrentFunction@2df070b8] under offset_datetime; prior registration was null
2023-11-24 12:36:46,388 DEBUG o.h.q.s.f.SqmFunctionRegistry [SqmFunctionRegistry.java:307] Registering alternate key : local date -> local_date
2023-11-24 12:36:46,388 DEBUG o.h.q.s.f.SqmFunctionRegistry [SqmFunctionRegistry.java:307] Registering alternate key : local time -> local_time
2023-11-24 12:36:46,388 DEBUG o.h.q.s.f.SqmFunctionRegistry [SqmFunctionRegistry.java:307] Registering alternate key : local datetime -> local_datetime
2023-11-24 12:36:46,388 DEBUG o.h.q.s.f.SqmFunctionRegistry [SqmFunctionRegistry.java:307] Registering alternate key : offset datetime -> offset_datetime
2023-11-24 12:36:46,389 DEBUG o.h.q.s.f.SqmFunctionRegistry [SqmFunctionRegistry.java:90] Registered SqmFunctionTemplate [org.hibernate.dialect.function.CurrentFunction@65286a15] under instant; prior registration was null
2023-11-24 12:36:46,389 DEBUG o.h.q.s.f.SqmFunctionRegistry [SqmFunctionRegistry.java:307] Registering alternate key : current_instant -> instant
2023-11-24 12:36:46,389 DEBUG o.h.q.s.f.SqmFunctionRegistry [SqmFunctionRegistry.java:90] Registered SqmFunctionTemplate [org.hibernate.dialect.function.SqlFunction@37d9c317] under sql; prior registration was null
2023-11-24 12:36:46,389 DEBUG o.h.q.s.f.SqmFunctionRegistry [SqmFunctionRegistry.java:90] Registered SqmFunctionTemplate [NamedSqmFunctionTemplate(soundex)] under soundex; prior registration was null
2023-11-24 12:36:46,389 DEBUG o.h.q.s.f.SqmFunctionRegistry [SqmFunctionRegistry.java:90] Registered SqmFunctionTemplate [NamedSqmFunctionTemplate(radians)] under radians; prior registration was null
2023-11-24 12:36:46,389 DEBUG o.h.q.s.f.SqmFunctionRegistry [SqmFunctionRegistry.java:90] Registered SqmFunctionTemplate [NamedSqmFunctionTemplate(degrees)] under degrees; prior registration was null
2023-11-24 12:36:46,390 DEBUG o.h.q.s.f.SqmFunctionRegistry [SqmFunctionRegistry.java:90] Registered SqmFunctionTemplate [NamedSqmFunctionTemplate(cot)] under cot; prior registration was null
2023-11-24 12:36:46,390 DEBUG o.h.q.s.f.SqmFunctionRegistry [SqmFunctionRegistry.java:90] Registered SqmFunctionTemplate [NamedSqmFunctionTemplate(log)] under log; prior registration was org.hibernate.query.sqm.function.PatternBasedSqmFunctionDescriptor@5f2a8cfc
2023-11-24 12:36:46,390 DEBUG o.h.q.s.f.SqmFunctionRegistry [SqmFunctionRegistry.java:90] Registered SqmFunctionTemplate [NamedSqmFunctionTemplate(log2)] under log2; prior registration was null
2023-11-24 12:36:46,390 DEBUG o.h.q.s.f.SqmFunctionRegistry [SqmFunctionRegistry.java:90] Registered SqmFunctionTemplate [NamedSqmFunctionTemplate(log10)] under log10; prior registration was null
2023-11-24 12:36:46,390 DEBUG o.h.q.s.f.SqmFunctionRegistry [SqmFunctionRegistry.java:90] Registered SqmFunctionTemplate [NamedSqmFunctionTemplate(ltrim)] under ltrim; prior registration was null
2023-11-24 12:36:46,390 DEBUG o.h.q.s.f.SqmFunctionRegistry [SqmFunctionRegistry.java:90] Registered SqmFunctionTemplate [NamedSqmFunctionTemplate(rtrim)] under rtrim; prior registration was null
2023-11-24 12:36:46,391 DEBUG o.h.q.s.f.SqmFunctionRegistry [SqmFunctionRegistry.java:90] Registered SqmFunctionTemplate [NamedSqmFunctionTemplate(octet_length)] under octet_length; prior registration was null
2023-11-24 12:36:46,391 DEBUG o.h.q.s.f.SqmFunctionRegistry [SqmFunctionRegistry.java:90] Registered SqmFunctionTemplate [NamedSqmFunctionTemplate(reverse)] under reverse; prior registration was null
2023-11-24 12:36:46,391 DEBUG o.h.q.s.f.SqmFunctionRegistry [SqmFunctionRegistry.java:90] Registered SqmFunctionTemplate [NamedSqmFunctionTemplate(space)] under space; prior registration was null
2023-11-24 12:36:46,391 DEBUG o.h.q.s.f.SqmFunctionRegistry [SqmFunctionRegistry.java:90] Registered SqmFunctionTemplate [NamedSqmFunctionTemplate(repeat)] under repeat; prior registration was null
2023-11-24 12:36:46,391 DEBUG o.h.q.s.f.SqmFunctionRegistry [SqmFunctionRegistry.java:90] Registered SqmFunctionTemplate [org.hibernate.query.sqm.function.MultipatternSqmFunctionDescriptor@5c85f3c7] under lpad; prior registration was NamedSqmFunctionTemplate(lpad)
2023-11-24 12:36:46,392 DEBUG o.h.q.s.f.SqmFunctionRegistry [SqmFunctionRegistry.java:90] Registered SqmFunctionTemplate [org.hibernate.query.sqm.function.MultipatternSqmFunctionDescriptor@72de2d5f] under rpad; prior registration was NamedSqmFunctionTemplate(rpad)
2023-11-24 12:36:46,392 DEBUG o.h.q.s.f.SqmFunctionRegistry [SqmFunctionRegistry.java:90] Registered SqmFunctionTemplate [NamedSqmFunctionTemplate(md5)] under md5; prior registration was null
2023-11-24 12:36:46,392 DEBUG o.h.q.s.f.SqmFunctionRegistry [SqmFunctionRegistry.java:90] Registered SqmFunctionTemplate [NamedSqmFunctionTemplate(day)] under day; prior registration was null
2023-11-24 12:36:46,392 DEBUG o.h.q.s.f.SqmFunctionRegistry [SqmFunctionRegistry.java:90] Registered SqmFunctionTemplate [NamedSqmFunctionTemplate(month)] under month; prior registration was null
2023-11-24 12:36:46,392 DEBUG o.h.q.s.f.SqmFunctionRegistry [SqmFunctionRegistry.java:90] Registered SqmFunctionTemplate [NamedSqmFunctionTemplate(year)] under year; prior registration was null
2023-11-24 12:36:46,392 DEBUG o.h.q.s.f.SqmFunctionRegistry [SqmFunctionRegistry.java:90] Registered SqmFunctionTemplate [NamedSqmFunctionTemplate(hour)] under hour; prior registration was null
2023-11-24 12:36:46,393 DEBUG o.h.q.s.f.SqmFunctionRegistry [SqmFunctionRegistry.java:90] Registered SqmFunctionTemplate [NamedSqmFunctionTemplate(minute)] under minute; prior registration was null
2023-11-24 12:36:46,393 DEBUG o.h.q.s.f.SqmFunctionRegistry [SqmFunctionRegistry.java:90] Registered SqmFunctionTemplate [NamedSqmFunctionTemplate(second)] under second; prior registration was null
2023-11-24 12:36:46,393 DEBUG o.h.q.s.f.SqmFunctionRegistry [SqmFunctionRegistry.java:90] Registered SqmFunctionTemplate [NamedSqmFunctionTemplate(microsecond)] under microsecond; prior registration was null
2023-11-24 12:36:46,393 DEBUG o.h.q.s.f.SqmFunctionRegistry [SqmFunctionRegistry.java:90] Registered SqmFunctionTemplate [NamedSqmFunctionTemplate(dayofweek)] under dayofweek; prior registration was null
2023-11-24 12:36:46,393 DEBUG o.h.q.s.f.SqmFunctionRegistry [SqmFunctionRegistry.java:90] Registered SqmFunctionTemplate [NamedSqmFunctionTemplate(dayofmonth)] under dayofmonth; prior registration was null
2023-11-24 12:36:46,394 DEBUG o.h.q.s.f.SqmFunctionRegistry [SqmFunctionRegistry.java:307] Registering alternate key : day -> dayofmonth
2023-11-24 12:36:46,394 DEBUG o.h.q.s.f.SqmFunctionRegistry [SqmFunctionRegistry.java:90] Registered SqmFunctionTemplate [NamedSqmFunctionTemplate(dayofyear)] under dayofyear; prior registration was null
2023-11-24 12:36:46,394 DEBUG o.h.q.s.f.SqmFunctionRegistry [SqmFunctionRegistry.java:90] Registered SqmFunctionTemplate [NamedSqmFunctionTemplate(week)] under week; prior registration was null
2023-11-24 12:36:46,394 DEBUG o.h.q.s.f.SqmFunctionRegistry [SqmFunctionRegistry.java:90] Registered SqmFunctionTemplate [NamedSqmFunctionTemplate(quarter)] under quarter; prior registration was null
2023-11-24 12:36:46,394 DEBUG o.h.q.s.f.SqmFunctionRegistry [SqmFunctionRegistry.java:90] Registered SqmFunctionTemplate [NamedSqmFunctionTemplate(monthname)] under monthname; prior registration was null
2023-11-24 12:36:46,395 DEBUG o.h.q.s.f.SqmFunctionRegistry [SqmFunctionRegistry.java:90] Registered SqmFunctionTemplate [NamedSqmFunctionTemplate(dayname)] under dayname; prior registration was null
2023-11-24 12:36:46,395 DEBUG o.h.q.s.f.SqmFunctionRegistry [SqmFunctionRegistry.java:90] Registered SqmFunctionTemplate [NamedSqmFunctionTemplate(last_day)] under last_day; prior registration was null
2023-11-24 12:36:46,395 DEBUG o.h.q.s.f.SqmFunctionRegistry [SqmFunctionRegistry.java:90] Registered SqmFunctionTemplate [NamedSqmFunctionTemplate(date)] under date; prior registration was null
2023-11-24 12:36:46,395 DEBUG o.h.q.s.f.SqmFunctionRegistry [SqmFunctionRegistry.java:90] Registered SqmFunctionTemplate [NamedSqmFunctionTemplate(timestamp)] under timestamp; prior registration was null
2023-11-24 12:36:46,395 DEBUG o.h.q.s.f.SqmFunctionRegistry [SqmFunctionRegistry.java:90] Registered SqmFunctionTemplate [NamedSqmFunctionTemplate(time)] under time; prior registration was null
2023-11-24 12:36:46,396 DEBUG o.h.q.s.f.SqmFunctionRegistry [SqmFunctionRegistry.java:90] Registered SqmFunctionTemplate [NamedSqmFunctionTemplate(utc_date)] under utc_date; prior registration was null
2023-11-24 12:36:46,396 DEBUG o.h.q.s.f.SqmFunctionRegistry [SqmFunctionRegistry.java:90] Registered SqmFunctionTemplate [NamedSqmFunctionTemplate(utc_time)] under utc_time; prior registration was null
2023-11-24 12:36:46,396 DEBUG o.h.q.s.f.SqmFunctionRegistry [SqmFunctionRegistry.java:90] Registered SqmFunctionTemplate [NamedSqmFunctionTemplate(utc_timestamp)] under utc_timestamp; prior registration was null
2023-11-24 12:36:46,396 DEBUG o.h.q.s.f.SqmFunctionRegistry [SqmFunctionRegistry.java:90] Registered SqmFunctionTemplate [NamedSqmFunctionTemplate(rand)] under rand; prior registration was null
2023-11-24 12:36:46,396 DEBUG o.h.q.s.f.SqmFunctionRegistry [SqmFunctionRegistry.java:90] Registered SqmFunctionTemplate [NamedSqmFunctionTemplate(crc32)] under crc32; prior registration was null
2023-11-24 12:36:46,396 DEBUG o.h.q.s.f.SqmFunctionRegistry [SqmFunctionRegistry.java:90] Registered SqmFunctionTemplate [NamedSqmFunctionTemplate(sha1)] under sha1; prior registration was null
2023-11-24 12:36:46,397 DEBUG o.h.q.s.f.SqmFunctionRegistry [SqmFunctionRegistry.java:90] Registered SqmFunctionTemplate [NamedSqmFunctionTemplate(sha2)] under sha2; prior registration was null
2023-11-24 12:36:46,397 DEBUG o.h.q.s.f.SqmFunctionRegistry [SqmFunctionRegistry.java:90] Registered SqmFunctionTemplate [NamedSqmFunctionTemplate(sha)] under sha; prior registration was null
2023-11-24 12:36:46,397 DEBUG o.h.q.s.f.SqmFunctionRegistry [SqmFunctionRegistry.java:90] Registered SqmFunctionTemplate [NamedSqmFunctionTemplate(bit_length)] under bit_length; prior registration was null
2023-11-24 12:36:46,397 DEBUG o.h.q.s.f.SqmFunctionRegistry [SqmFunctionRegistry.java:90] Registered SqmFunctionTemplate [NamedSqmFunctionTemplate(octet_length)] under octet_length; prior registration was NamedSqmFunctionTemplate(octet_length)
2023-11-24 12:36:46,397 DEBUG o.h.q.s.f.SqmFunctionRegistry [SqmFunctionRegistry.java:90] Registered SqmFunctionTemplate [NamedSqmFunctionTemplate(ascii)] under ascii; prior registration was null
2023-11-24 12:36:46,398 DEBUG o.h.q.s.f.SqmFunctionRegistry [SqmFunctionRegistry.java:90] Registered SqmFunctionTemplate [NamedSqmFunctionTemplate(instr)] under instr; prior registration was null
2023-11-24 12:36:46,398 DEBUG o.h.q.s.f.SqmFunctionRegistry [SqmFunctionRegistry.java:90] Registered SqmFunctionTemplate [NamedSqmFunctionTemplate(substr)] under substr; prior registration was null
2023-11-24 12:36:46,398 DEBUG o.h.q.s.f.SqmFunctionRegistry [SqmFunctionRegistry.java:90] Registered SqmFunctionTemplate [org.hibernate.query.sqm.function.PatternBasedSqmFunctionDescriptor@548089d3] under position; prior registration was org.hibernate.dialect.function.LocatePositionEmulation@4ff101c8
2023-11-24 12:36:46,398 DEBUG o.h.q.s.f.SqmFunctionRegistry [SqmFunctionRegistry.java:90] Registered SqmFunctionTemplate [NamedSqmFunctionTemplate(curtime)] under curtime; prior registration was null
2023-11-24 12:36:46,398 DEBUG o.h.q.s.f.SqmFunctionRegistry [SqmFunctionRegistry.java:90] Registered SqmFunctionTemplate [NamedSqmFunctionTemplate(curdate)] under curdate; prior registration was null
2023-11-24 12:36:46,398 DEBUG o.h.q.s.f.SqmFunctionRegistry [SqmFunctionRegistry.java:90] Registered SqmFunctionTemplate [NamedSqmFunctionTemplate(now)] under now; prior registration was null
2023-11-24 12:36:46,399 DEBUG o.h.q.s.f.SqmFunctionRegistry [SqmFunctionRegistry.java:90] Registered SqmFunctionTemplate [org.hibernate.dialect.function.TruncFunction@2db8292f] under trunc; prior registration was null
2023-11-24 12:36:46,399 DEBUG o.h.q.s.f.SqmFunctionRegistry [SqmFunctionRegistry.java:307] Registering alternate key : truncate -> trunc
2023-11-24 12:36:46,399 DEBUG o.h.q.s.f.SqmFunctionRegistry [SqmFunctionRegistry.java:90] Registered SqmFunctionTemplate [NamedSqmFunctionTemplate(insert)] under insert; prior registration was null
2023-11-24 12:36:46,399 DEBUG o.h.q.s.f.SqmFunctionRegistry [SqmFunctionRegistry.java:90] Registered SqmFunctionTemplate [org.hibernate.query.sqm.function.PatternBasedSqmFunctionDescriptor@5e50fc94] under bitand; prior registration was null
2023-11-24 12:36:46,399 DEBUG o.h.q.s.f.SqmFunctionRegistry [SqmFunctionRegistry.java:90] Registered SqmFunctionTemplate [org.hibernate.query.sqm.function.PatternBasedSqmFunctionDescriptor@5de786d4] under bitor; prior registration was null
2023-11-24 12:36:46,400 DEBUG o.h.q.s.f.SqmFunctionRegistry [SqmFunctionRegistry.java:90] Registered SqmFunctionTemplate [org.hibernate.query.sqm.function.PatternBasedSqmFunctionDescriptor@df942aa] under bitxor; prior registration was null
2023-11-24 12:36:46,400 DEBUG o.h.q.s.f.SqmFunctionRegistry [SqmFunctionRegistry.java:90] Registered SqmFunctionTemplate [org.hibernate.query.sqm.function.PatternBasedSqmFunctionDescriptor@61e4e36b] under bitnot; prior registration was null
2023-11-24 12:36:46,400 DEBUG o.h.q.s.f.SqmFunctionRegistry [SqmFunctionRegistry.java:90] Registered SqmFunctionTemplate [NamedSqmFunctionTemplate(bit_and)] under bit_and; prior registration was null
2023-11-24 12:36:46,400 DEBUG o.h.q.s.f.SqmFunctionRegistry [SqmFunctionRegistry.java:90] Registered SqmFunctionTemplate [NamedSqmFunctionTemplate(bit_or)] under bit_or; prior registration was null
2023-11-24 12:36:46,400 DEBUG o.h.q.s.f.SqmFunctionRegistry [SqmFunctionRegistry.java:90] Registered SqmFunctionTemplate [NamedSqmFunctionTemplate(stddev)] under stddev; prior registration was null
2023-11-24 12:36:46,401 DEBUG o.h.q.s.f.SqmFunctionRegistry [SqmFunctionRegistry.java:90] Registered SqmFunctionTemplate [NamedSqmFunctionTemplate(stddev_pop)] under stddev_pop; prior registration was null
2023-11-24 12:36:46,401 DEBUG o.h.q.s.f.SqmFunctionRegistry [SqmFunctionRegistry.java:90] Registered SqmFunctionTemplate [NamedSqmFunctionTemplate(stddev_samp)] under stddev_samp; prior registration was null
2023-11-24 12:36:46,401 DEBUG o.h.q.s.f.SqmFunctionRegistry [SqmFunctionRegistry.java:90] Registered SqmFunctionTemplate [NamedSqmFunctionTemplate(variance)] under variance; prior registration was null
2023-11-24 12:36:46,401 DEBUG o.h.q.s.f.SqmFunctionRegistry [SqmFunctionRegistry.java:90] Registered SqmFunctionTemplate [NamedSqmFunctionTemplate(var_pop)] under var_pop; prior registration was null
2023-11-24 12:36:46,401 DEBUG o.h.q.s.f.SqmFunctionRegistry [SqmFunctionRegistry.java:90] Registered SqmFunctionTemplate [NamedSqmFunctionTemplate(var_samp)] under var_samp; prior registration was null
2023-11-24 12:36:46,401 DEBUG o.h.q.s.f.SqmFunctionRegistry [SqmFunctionRegistry.java:90] Registered SqmFunctionTemplate [NamedSqmFunctionTemplate(datediff)] under datediff; prior registration was null
2023-11-24 12:36:46,402 DEBUG o.h.q.s.f.SqmFunctionRegistry [SqmFunctionRegistry.java:90] Registered SqmFunctionTemplate [NamedSqmFunctionTemplate(adddate)] under adddate; prior registration was null
2023-11-24 12:36:46,402 DEBUG o.h.q.s.f.SqmFunctionRegistry [SqmFunctionRegistry.java:90] Registered SqmFunctionTemplate [NamedSqmFunctionTemplate(subdate)] under subdate; prior registration was null
2023-11-24 12:36:46,402 DEBUG o.h.q.s.f.SqmFunctionRegistry [SqmFunctionRegistry.java:90] Registered SqmFunctionTemplate [NamedSqmFunctionTemplate(addtime)] under addtime; prior registration was null
2023-11-24 12:36:46,402 DEBUG o.h.q.s.f.SqmFunctionRegistry [SqmFunctionRegistry.java:90] Registered SqmFunctionTemplate [NamedSqmFunctionTemplate(subtime)] under subtime; prior registration was null
2023-11-24 12:36:46,402 DEBUG o.h.q.s.f.SqmFunctionRegistry [SqmFunctionRegistry.java:90] Registered SqmFunctionTemplate [org.hibernate.dialect.function.FormatFunction@3809179f] under format; prior registration was org.hibernate.dialect.function.FormatFunction@79771d0e
2023-11-24 12:36:46,403 DEBUG o.h.q.s.f.SqmFunctionRegistry [SqmFunctionRegistry.java:90] Registered SqmFunctionTemplate [NamedSqmFunctionTemplate(makedate)] under makedate; prior registration was null
2023-11-24 12:36:46,403 DEBUG o.h.q.s.f.SqmFunctionRegistry [SqmFunctionRegistry.java:90] Registered SqmFunctionTemplate [NamedSqmFunctionTemplate(maketime)] under maketime; prior registration was null
2023-11-24 12:36:46,403 DEBUG o.h.q.s.f.SqmFunctionRegistry [SqmFunctionRegistry.java:90] Registered SqmFunctionTemplate [NamedSqmFunctionTemplate(localtime)] under localtime; prior registration was null
2023-11-24 12:36:46,403 DEBUG o.h.q.s.f.SqmFunctionRegistry [SqmFunctionRegistry.java:90] Registered SqmFunctionTemplate [NamedSqmFunctionTemplate(localtimestamp)] under localtimestamp; prior registration was null
2023-11-24 12:36:46,403 DEBUG o.h.q.s.f.SqmFunctionRegistry [SqmFunctionRegistry.java:90] Registered SqmFunctionTemplate [NamedSqmFunctionTemplate(localtime)] under local_time; prior registration was org.hibernate.dialect.function.CurrentFunction@62d60ea1
2023-11-24 12:36:46,403 DEBUG o.h.q.s.f.SqmFunctionRegistry [SqmFunctionRegistry.java:90] Registered SqmFunctionTemplate [NamedSqmFunctionTemplate(localtimestamp)] under local_datetime; prior registration was org.hibernate.dialect.function.CurrentFunction@3d3ad1aa
2023-11-24 12:36:46,404 DEBUG o.h.q.s.f.SqmFunctionRegistry [SqmFunctionRegistry.java:90] Registered SqmFunctionTemplate [NamedSqmFunctionTemplate(localtime)] under localtime; prior registration was NamedSqmFunctionTemplate(localtime)
2023-11-24 12:36:46,404 DEBUG o.h.q.s.f.SqmFunctionRegistry [SqmFunctionRegistry.java:90] Registered SqmFunctionTemplate [org.hibernate.query.sqm.function.PatternBasedSqmFunctionDescriptor@5939f76c] under pi; prior registration was org.hibernate.query.sqm.function.PatternBasedSqmFunctionDescriptor@3909e629
2023-11-24 12:36:46,404 DEBUG o.h.q.s.f.SqmFunctionRegistry [SqmFunctionRegistry.java:90] Registered SqmFunctionTemplate [org.hibernate.query.sqm.function.PatternBasedSqmFunctionDescriptor@1e1202f3] under chr; prior registration was null
2023-11-24 12:36:46,404 DEBUG o.h.q.s.f.SqmFunctionRegistry [SqmFunctionRegistry.java:307] Registering alternate key : char -> chr
2023-11-24 12:36:46,404 DEBUG o.h.q.s.f.SqmFunctionRegistry [SqmFunctionRegistry.java:90] Registered SqmFunctionTemplate [org.hibernate.query.sqm.function.PatternBasedSqmFunctionDescriptor@582b55e1] under sysdate; prior registration was null
2023-11-24 12:36:46,405 DEBUG o.h.q.s.f.SqmFunctionRegistry [SqmFunctionRegistry.java:90] Registered SqmFunctionTemplate [org.hibernate.dialect.function.ListaggGroupConcatEmulation@286e0494] under listagg; prior registration was null
2023-11-24 12:36:46,405 DEBUG o.h.HQL_FUNCTIONS [QueryEngine.java:105] abs(NUMERIC arg)
2023-11-24 12:36:46,405 DEBUG o.h.HQL_FUNCTIONS [QueryEngine.java:105] Double acos(NUMERIC arg)
2023-11-24 12:36:46,405 DEBUG o.h.HQL_FUNCTIONS [QueryEngine.java:105] adddate(DATE datetime, INTEGER days)
2023-11-24 12:36:46,406 DEBUG o.h.HQL_FUNCTIONS [QueryEngine.java:105] addtime(TIME datetime, TIME time)
2023-11-24 12:36:46,406 DEBUG o.h.HQL_FUNCTIONS [QueryEngine.java:105] Boolean any(BOOLEAN arg)
2023-11-24 12:36:46,406 DEBUG o.h.HQL_FUNCTIONS [QueryEngine.java:105] Integer ascii(STRING arg)
2023-11-24 12:36:46,406 DEBUG o.h.HQL_FUNCTIONS [QueryEngine.java:105] Double asin(NUMERIC arg)
2023-11-24 12:36:46,406 DEBUG o.h.HQL_FUNCTIONS [QueryEngine.java:105] Double atan(NUMERIC arg)
2023-11-24 12:36:46,407 DEBUG o.h.HQL_FUNCTIONS [QueryEngine.java:105] Double atan2(NUMERIC arg0, NUMERIC arg1)
2023-11-24 12:36:46,407 DEBUG o.h.HQL_FUNCTIONS [QueryEngine.java:105] Double avg(NUMERIC arg)
2023-11-24 12:36:46,407 DEBUG o.h.HQL_FUNCTIONS [QueryEngine.java:105] bit_and(arg)
2023-11-24 12:36:46,407 DEBUG o.h.HQL_FUNCTIONS [QueryEngine.java:105] Integer bit_length(STRING_OR_CLOB arg)
2023-11-24 12:36:46,407 DEBUG o.h.HQL_FUNCTIONS [QueryEngine.java:105] bit_or(arg)
2023-11-24 12:36:46,407 DEBUG o.h.HQL_FUNCTIONS [QueryEngine.java:105] bitand(arg0, arg1)
2023-11-24 12:36:46,408 DEBUG o.h.HQL_FUNCTIONS [QueryEngine.java:105] bitnot(arg)
2023-11-24 12:36:46,408 DEBUG o.h.HQL_FUNCTIONS [QueryEngine.java:105] bitor(arg0, arg1)
2023-11-24 12:36:46,408 DEBUG o.h.HQL_FUNCTIONS [QueryEngine.java:105] bitxor(arg0, arg1)
2023-11-24 12:36:46,408 DEBUG o.h.HQL_FUNCTIONS [QueryEngine.java:105] cast(arg as Type)
2023-11-24 12:36:46,408 DEBUG o.h.HQL_FUNCTIONS [QueryEngine.java:105] ceiling(NUMERIC arg)
2023-11-24 12:36:46,408 DEBUG o.h.HQL_FUNCTIONS [QueryEngine.java:105] Character char(INTEGER arg)
2023-11-24 12:36:46,409 DEBUG o.h.HQL_FUNCTIONS [QueryEngine.java:105] Integer character_length(STRING_OR_CLOB arg)
2023-11-24 12:36:46,409 DEBUG o.h.HQL_FUNCTIONS [QueryEngine.java:105] Character chr(INTEGER arg)
2023-11-24 12:36:46,409 DEBUG o.h.HQL_FUNCTIONS [QueryEngine.java:105] coalesce(arg0[, arg1[, ...]])
2023-11-24 12:36:46,409 DEBUG o.h.HQL_FUNCTIONS [QueryEngine.java:105] String collate(STRING string as COLLATION collation)
2023-11-24 12:36:46,409 DEBUG o.h.HQL_FUNCTIONS [QueryEngine.java:105] String concat(STRING string0[, STRING string1[, ...]])
2023-11-24 12:36:46,409 DEBUG o.h.HQL_FUNCTIONS [QueryEngine.java:105] Double cos(NUMERIC arg)
2023-11-24 12:36:46,410 DEBUG o.h.HQL_FUNCTIONS [QueryEngine.java:105] Double cosh(NUMERIC arg)
2023-11-24 12:36:46,410 DEBUG o.h.HQL_FUNCTIONS [QueryEngine.java:105] Double cot(NUMERIC arg)
2023-11-24 12:36:46,410 DEBUG o.h.HQL_FUNCTIONS [QueryEngine.java:105] Long count([distinct ]{arg|*})
2023-11-24 12:36:46,410 DEBUG o.h.HQL_FUNCTIONS [QueryEngine.java:105] Integer crc32(arg)
2023-11-24 12:36:46,410 DEBUG o.h.HQL_FUNCTIONS [QueryEngine.java:105] Date curdate()
2023-11-24 12:36:46,410 DEBUG o.h.HQL_FUNCTIONS [QueryEngine.java:105] Date current date
2023-11-24 12:36:46,411 DEBUG o.h.HQL_FUNCTIONS [QueryEngine.java:105] Time current time
2023-11-24 12:36:46,411 DEBUG o.h.HQL_FUNCTIONS [QueryEngine.java:105] Timestamp current timestamp
2023-11-24 12:36:46,411 DEBUG o.h.HQL_FUNCTIONS [QueryEngine.java:105] Date current_date
2023-11-24 12:36:46,411 DEBUG o.h.HQL_FUNCTIONS [QueryEngine.java:105] Instant current_instant
2023-11-24 12:36:46,411 DEBUG o.h.HQL_FUNCTIONS [QueryEngine.java:105] Time current_time
2023-11-24 12:36:46,411 DEBUG o.h.HQL_FUNCTIONS [QueryEngine.java:105] Timestamp current_timestamp
2023-11-24 12:36:46,411 DEBUG o.h.HQL_FUNCTIONS [QueryEngine.java:105] Time curtime()
2023-11-24 12:36:46,412 DEBUG o.h.HQL_FUNCTIONS [QueryEngine.java:105] Date date(arg)
2023-11-24 12:36:46,412 DEBUG o.h.HQL_FUNCTIONS [QueryEngine.java:105] dateadd(TEMPORAL_UNIT field, INTEGER magnitude, TEMPORAL datetime)
2023-11-24 12:36:46,412 DEBUG o.h.HQL_FUNCTIONS [QueryEngine.java:105] Integer datediff(DATE end, DATE start)
2023-11-24 12:36:46,412 DEBUG o.h.HQL_FUNCTIONS [QueryEngine.java:105] Integer day(DATE arg)
2023-11-24 12:36:46,413 DEBUG o.h.HQL_FUNCTIONS [QueryEngine.java:105] String dayname(DATE arg)
2023-11-24 12:36:46,413 DEBUG o.h.HQL_FUNCTIONS [QueryEngine.java:105] Integer dayofmonth(DATE arg)
2023-11-24 12:36:46,413 DEBUG o.h.HQL_FUNCTIONS [QueryEngine.java:105] Integer dayofweek(DATE arg)
2023-11-24 12:36:46,413 DEBUG o.h.HQL_FUNCTIONS [QueryEngine.java:105] Integer dayofyear(DATE arg)
2023-11-24 12:36:46,413 DEBUG o.h.HQL_FUNCTIONS [QueryEngine.java:105] Double degrees(NUMERIC arg)
2023-11-24 12:36:46,413 DEBUG o.h.HQL_FUNCTIONS [QueryEngine.java:105] Boolean every(BOOLEAN arg)
2023-11-24 12:36:46,414 DEBUG o.h.HQL_FUNCTIONS [QueryEngine.java:105] Double exp(NUMERIC arg)
2023-11-24 12:36:46,414 DEBUG o.h.HQL_FUNCTIONS [QueryEngine.java:105] extract(TEMPORAL_UNIT field from TEMPORAL arg)
2023-11-24 12:36:46,414 DEBUG o.h.HQL_FUNCTIONS [QueryEngine.java:105] floor(NUMERIC arg)
2023-11-24 12:36:46,414 DEBUG o.h.HQL_FUNCTIONS [QueryEngine.java:105] String format(TEMPORAL datetime as STRING pattern)
2023-11-24 12:36:46,414 DEBUG o.h.HQL_FUNCTIONS [QueryEngine.java:105] greatest(COMPARABLE arg0, COMPARABLE arg1[, arg2[, ...]])
2023-11-24 12:36:46,414 DEBUG o.h.HQL_FUNCTIONS [QueryEngine.java:105] Integer hour(TIME arg)
2023-11-24 12:36:46,414 DEBUG o.h.HQL_FUNCTIONS [QueryEngine.java:105] ifnull(arg0, arg1)
2023-11-24 12:36:46,415 DEBUG o.h.HQL_FUNCTIONS [QueryEngine.java:105] String insert(STRING string, INTEGER start, INTEGER length, STRING replacement)
2023-11-24 12:36:46,415 DEBUG o.h.HQL_FUNCTIONS [QueryEngine.java:105] Instant instant
2023-11-24 12:36:46,415 DEBUG o.h.HQL_FUNCTIONS [QueryEngine.java:105] Integer instr(STRING string, STRING pattern[, INTEGER start[, INTEGER occurrence]])
2023-11-24 12:36:46,415 DEBUG o.h.HQL_FUNCTIONS [QueryEngine.java:105] Date last_day(DATE arg)
2023-11-24 12:36:46,415 DEBUG o.h.HQL_FUNCTIONS [QueryEngine.java:105] least(COMPARABLE arg0, COMPARABLE arg1[, arg2[, ...]])
2023-11-24 12:36:46,415 DEBUG o.h.HQL_FUNCTIONS [QueryEngine.java:105] String left(STRING string, INTEGER length)
2023-11-24 12:36:46,416 DEBUG o.h.HQL_FUNCTIONS [QueryEngine.java:105] Integer length(STRING_OR_CLOB arg)
2023-11-24 12:36:46,416 DEBUG o.h.HQL_FUNCTIONS [QueryEngine.java:105] String listagg(STRING arg0, STRING arg1)
2023-11-24 12:36:46,416 DEBUG o.h.HQL_FUNCTIONS [QueryEngine.java:105] Double ln(NUMERIC arg)
2023-11-24 12:36:46,416 DEBUG o.h.HQL_FUNCTIONS [QueryEngine.java:105] LocalDate local date
2023-11-24 12:36:46,416 DEBUG o.h.HQL_FUNCTIONS [QueryEngine.java:105] LocalDateTime local datetime
2023-11-24 12:36:46,416 DEBUG o.h.HQL_FUNCTIONS [QueryEngine.java:105] LocalTime local time
2023-11-24 12:36:46,417 DEBUG o.h.HQL_FUNCTIONS [QueryEngine.java:105] LocalDate local_date
2023-11-24 12:36:46,417 DEBUG o.h.HQL_FUNCTIONS [QueryEngine.java:105] LocalDateTime local_datetime
2023-11-24 12:36:46,417 DEBUG o.h.HQL_FUNCTIONS [QueryEngine.java:105] LocalTime local_time
2023-11-24 12:36:46,417 DEBUG o.h.HQL_FUNCTIONS [QueryEngine.java:105] Timestamp localtime
2023-11-24 12:36:46,417 DEBUG o.h.HQL_FUNCTIONS [QueryEngine.java:105] Timestamp localtimestamp
2023-11-24 12:36:46,417 DEBUG o.h.HQL_FUNCTIONS [QueryEngine.java:105] Integer locate(STRING pattern, STRING string[, INTEGER start])
2023-11-24 12:36:46,418 DEBUG o.h.HQL_FUNCTIONS [QueryEngine.java:105] Double log(NUMERIC arg0[, NUMERIC arg1])
2023-11-24 12:36:46,418 DEBUG o.h.HQL_FUNCTIONS [QueryEngine.java:105] Double log10(NUMERIC arg)
2023-11-24 12:36:46,418 DEBUG o.h.HQL_FUNCTIONS [QueryEngine.java:105] Double log2(NUMERIC arg)
2023-11-24 12:36:46,418 DEBUG o.h.HQL_FUNCTIONS [QueryEngine.java:105] String lower(STRING string)
2023-11-24 12:36:46,418 DEBUG o.h.HQL_FUNCTIONS [QueryEngine.java:105] String lpad(string, length[, padding])
2023-11-24 12:36:46,418 DEBUG o.h.HQL_FUNCTIONS [QueryEngine.java:105] String ltrim(STRING string[, STRING characters])
2023-11-24 12:36:46,419 DEBUG o.h.HQL_FUNCTIONS [QueryEngine.java:105] Date makedate(INTEGER year, INTEGER dayofyear)
2023-11-24 12:36:46,419 DEBUG o.h.HQL_FUNCTIONS [QueryEngine.java:105] Time maketime(INTEGER hour, INTEGER min, INTEGER sec)
2023-11-24 12:36:46,419 DEBUG o.h.HQL_FUNCTIONS [QueryEngine.java:105] max(COMPARABLE arg)
2023-11-24 12:36:46,419 DEBUG o.h.HQL_FUNCTIONS [QueryEngine.java:105] String md5(arg)
2023-11-24 12:36:46,419 DEBUG o.h.HQL_FUNCTIONS [QueryEngine.java:105] Integer microsecond(TIME arg)
2023-11-24 12:36:46,419 DEBUG o.h.HQL_FUNCTIONS [QueryEngine.java:105] min(COMPARABLE arg)
2023-11-24 12:36:46,420 DEBUG o.h.HQL_FUNCTIONS [QueryEngine.java:105] Integer minute(TIME arg)
2023-11-24 12:36:46,420 DEBUG o.h.HQL_FUNCTIONS [QueryEngine.java:105] Integer mod(INTEGER arg0, INTEGER arg1)
2023-11-24 12:36:46,420 DEBUG o.h.HQL_FUNCTIONS [QueryEngine.java:105] Integer month(DATE arg)
2023-11-24 12:36:46,420 DEBUG o.h.HQL_FUNCTIONS [QueryEngine.java:105] String monthname(DATE arg)
2023-11-24 12:36:46,420 DEBUG o.h.HQL_FUNCTIONS [QueryEngine.java:105] Timestamp now()
2023-11-24 12:36:46,420 DEBUG o.h.HQL_FUNCTIONS [QueryEngine.java:105] nullif(arg0, arg1)
2023-11-24 12:36:46,421 DEBUG o.h.HQL_FUNCTIONS [QueryEngine.java:105] Integer octet_length(STRING_OR_CLOB arg)
2023-11-24 12:36:46,421 DEBUG o.h.HQL_FUNCTIONS [QueryEngine.java:105] OffsetDateTime offset datetime
2023-11-24 12:36:46,421 DEBUG o.h.HQL_FUNCTIONS [QueryEngine.java:105] OffsetDateTime offset_datetime
2023-11-24 12:36:46,421 DEBUG o.h.HQL_FUNCTIONS [QueryEngine.java:105] String overlay(STRING string placing STRING replacement from INTEGER start[ for INTEGER length])
2023-11-24 12:36:46,421 DEBUG o.h.HQL_FUNCTIONS [QueryEngine.java:105] String pad(STRING string with INTEGER length {leading|trailing}[ STRING character])
2023-11-24 12:36:46,421 DEBUG o.h.HQL_FUNCTIONS [QueryEngine.java:105] Double pi
2023-11-24 12:36:46,422 DEBUG o.h.HQL_FUNCTIONS [QueryEngine.java:105] Integer position(STRING pattern in STRING string)
2023-11-24 12:36:46,422 DEBUG o.h.HQL_FUNCTIONS [QueryEngine.java:105] Double power(NUMERIC arg0, NUMERIC arg1)
2023-11-24 12:36:46,422 DEBUG o.h.HQL_FUNCTIONS [QueryEngine.java:105] Integer quarter(DATE arg)
2023-11-24 12:36:46,422 DEBUG o.h.HQL_FUNCTIONS [QueryEngine.java:105] Double radians(NUMERIC arg)
2023-11-24 12:36:46,422 DEBUG o.h.HQL_FUNCTIONS [QueryEngine.java:105] Double rand([INTEGER seed])
2023-11-24 12:36:46,422 DEBUG o.h.HQL_FUNCTIONS [QueryEngine.java:105] String repeat(STRING string, INTEGER times)
2023-11-24 12:36:46,423 DEBUG o.h.HQL_FUNCTIONS [QueryEngine.java:105] String replace(STRING string, STRING pattern, STRING replacement)
2023-11-24 12:36:46,423 DEBUG o.h.HQL_FUNCTIONS [QueryEngine.java:105] String reverse(STRING arg)
2023-11-24 12:36:46,423 DEBUG o.h.HQL_FUNCTIONS [QueryEngine.java:105] String right(STRING string, INTEGER length)
2023-11-24 12:36:46,423 DEBUG o.h.HQL_FUNCTIONS [QueryEngine.java:105] round(NUMERIC number[, INTEGER places])
2023-11-24 12:36:46,423 DEBUG o.h.HQL_FUNCTIONS [QueryEngine.java:105] String rpad(string, length[, padding])
2023-11-24 12:36:46,423 DEBUG o.h.HQL_FUNCTIONS [QueryEngine.java:105] String rtrim(STRING string[, STRING characters])
2023-11-24 12:36:46,423 DEBUG o.h.HQL_FUNCTIONS [QueryEngine.java:105] Integer second(TIME arg)
2023-11-24 12:36:46,424 DEBUG o.h.HQL_FUNCTIONS [QueryEngine.java:105] String sha(arg)
2023-11-24 12:36:46,424 DEBUG o.h.HQL_FUNCTIONS [QueryEngine.java:105] String sha1(arg)
2023-11-24 12:36:46,424 DEBUG o.h.HQL_FUNCTIONS [QueryEngine.java:105] String sha2(arg0, arg1)
2023-11-24 12:36:46,424 DEBUG o.h.HQL_FUNCTIONS [QueryEngine.java:105] Integer sign(NUMERIC arg)
2023-11-24 12:36:46,424 DEBUG o.h.HQL_FUNCTIONS [QueryEngine.java:105] Double sin(NUMERIC arg)
2023-11-24 12:36:46,424 DEBUG o.h.HQL_FUNCTIONS [QueryEngine.java:105] Double sinh(NUMERIC arg)
2023-11-24 12:36:46,425 DEBUG o.h.HQL_FUNCTIONS [QueryEngine.java:105] String soundex(arg)
2023-11-24 12:36:46,425 DEBUG o.h.HQL_FUNCTIONS [QueryEngine.java:105] String space(INTEGER arg)
2023-11-24 12:36:46,425 DEBUG o.h.HQL_FUNCTIONS [QueryEngine.java:105] Object sql
2023-11-24 12:36:46,425 DEBUG o.h.HQL_FUNCTIONS [QueryEngine.java:105] Double sqrt(NUMERIC arg)
2023-11-24 12:36:46,425 DEBUG o.h.HQL_FUNCTIONS [QueryEngine.java:105] Double stddev(NUMERIC arg)
2023-11-24 12:36:46,425 DEBUG o.h.HQL_FUNCTIONS [QueryEngine.java:105] Double stddev_pop(NUMERIC arg)
2023-11-24 12:36:46,426 DEBUG o.h.HQL_FUNCTIONS [QueryEngine.java:105] Double stddev_samp(NUMERIC arg)
2023-11-24 12:36:46,426 DEBUG o.h.HQL_FUNCTIONS [QueryEngine.java:105] String str(arg)
2023-11-24 12:36:46,426 DEBUG o.h.HQL_FUNCTIONS [QueryEngine.java:105] subdate(DATE datetime, INTEGER days)
2023-11-24 12:36:46,426 DEBUG o.h.HQL_FUNCTIONS [QueryEngine.java:105] String substr(STRING string, INTEGER start[, INTEGER length])
2023-11-24 12:36:46,426 DEBUG o.h.HQL_FUNCTIONS [QueryEngine.java:105] String substring(STRING string{ from|,} INTEGER start[{ for|,} INTEGER length])
2023-11-24 12:36:46,426 DEBUG o.h.HQL_FUNCTIONS [QueryEngine.java:105] subtime(TIME datetime, TIME time)
2023-11-24 12:36:46,426 DEBUG o.h.HQL_FUNCTIONS [QueryEngine.java:105] sum(arg)
2023-11-24 12:36:46,427 DEBUG o.h.HQL_FUNCTIONS [QueryEngine.java:105] Timestamp sysdate()
2023-11-24 12:36:46,427 DEBUG o.h.HQL_FUNCTIONS [QueryEngine.java:105] Double tan(NUMERIC arg)
2023-11-24 12:36:46,427 DEBUG o.h.HQL_FUNCTIONS [QueryEngine.java:105] Double tanh(NUMERIC arg)
2023-11-24 12:36:46,427 DEBUG o.h.HQL_FUNCTIONS [QueryEngine.java:105] String time(arg)
2023-11-24 12:36:46,427 DEBUG o.h.HQL_FUNCTIONS [QueryEngine.java:105] Timestamp timestamp(arg0[, arg1])
2023-11-24 12:36:46,427 DEBUG o.h.HQL_FUNCTIONS [QueryEngine.java:105] timestampadd(TEMPORAL_UNIT field, INTEGER magnitude, TEMPORAL datetime)
2023-11-24 12:36:46,428 DEBUG o.h.HQL_FUNCTIONS [QueryEngine.java:105] basicType@62(java.lang.Long,-5)|basicType@74(java.lang.Double,8) timestampdiff(TEMPORAL_UNIT field, TEMPORAL start, TEMPORAL end)
2023-11-24 12:36:46,428 DEBUG o.h.HQL_FUNCTIONS [QueryEngine.java:105] String trim([[{leading|trailing|both} ][STRING arg0 ]from] STRING arg1)
2023-11-24 12:36:46,428 DEBUG o.h.HQL_FUNCTIONS [QueryEngine.java:105] trunc( ... )
2023-11-24 12:36:46,428 DEBUG o.h.HQL_FUNCTIONS [QueryEngine.java:105] truncate( ... )
2023-11-24 12:36:46,428 DEBUG o.h.HQL_FUNCTIONS [QueryEngine.java:105] String upper(STRING string)
2023-11-24 12:36:46,428 DEBUG o.h.HQL_FUNCTIONS [QueryEngine.java:105] Date utc_date
2023-11-24 12:36:46,429 DEBUG o.h.HQL_FUNCTIONS [QueryEngine.java:105] Time utc_time
2023-11-24 12:36:46,429 DEBUG o.h.HQL_FUNCTIONS [QueryEngine.java:105] Timestamp utc_timestamp
2023-11-24 12:36:46,429 DEBUG o.h.HQL_FUNCTIONS [QueryEngine.java:105] Double var_pop(NUMERIC arg)
2023-11-24 12:36:46,429 DEBUG o.h.HQL_FUNCTIONS [QueryEngine.java:105] Double var_samp(NUMERIC arg)
2023-11-24 12:36:46,429 DEBUG o.h.HQL_FUNCTIONS [QueryEngine.java:105] Double variance(NUMERIC arg)
2023-11-24 12:36:46,429 DEBUG o.h.HQL_FUNCTIONS [QueryEngine.java:105] Integer week(DATE arg)
2023-11-24 12:36:46,430 DEBUG o.h.HQL_FUNCTIONS [QueryEngine.java:105] Integer year(DATE arg)
2023-11-24 12:36:46,430 DEBUG o.h.o.q.p.cache [QueryInterpretationCacheStandardImpl.java:48] Starting QueryPlanCache(2048)
2023-11-24 12:36:46,430 TRACE o.h.s.i.AbstractServiceRegistryImpl [AbstractServiceRegistryImpl.java:235] Initializing service [role=org.hibernate.engine.query.spi.NativeQueryInterpreter]
2023-11-24 12:36:46,430 DEBUG o.h.s.i.SessionFactoryServiceRegistryImpl [SessionFactoryServiceRegistryImpl.java:91] EventListenerRegistry access via ServiceRegistry is deprecated.  Use `sessionFactory.getEventEngine().getListenerRegistry()` instead
2023-11-24 12:36:46,431 TRACE o.h.s.i.AbstractServiceRegistryImpl [AbstractServiceRegistryImpl.java:235] Initializing service [role=org.hibernate.engine.jdbc.mutation.spi.MutationExecutorService]
2023-11-24 12:36:46,431 TRACE o.h.s.i.AbstractServiceRegistryImpl [AbstractServiceRegistryImpl.java:235] Initializing service [role=org.hibernate.event.spi.EntityCopyObserverFactory]
2023-11-24 12:36:46,431 DEBUG o.h.e.i.EntityCopyObserverFactoryInitiator [EntityCopyObserverFactoryInitiator.java:39] Configured EntityCopyObserver strategy: disallow
2023-11-24 12:36:46,431 TRACE o.h.s.i.AbstractServiceRegistryImpl [AbstractServiceRegistryImpl.java:235] Initializing service [role=org.hibernate.sql.results.jdbc.spi.JdbcValuesMappingProducerProvider]
2023-11-24 12:36:46,431 TRACE o.h.s.i.AbstractServiceRegistryImpl [AbstractServiceRegistryImpl.java:235] Initializing service [role=org.hibernate.engine.jdbc.batch.spi.BatchBuilder]
2023-11-24 12:36:46,432 TRACE o.h.o.j.batch [BatchBuilderImpl.java:42] Using standard BatchBuilder (1)
2023-11-24 12:36:46,432 TRACE o.h.s.i.AbstractServiceRegistryImpl [AbstractServiceRegistryImpl.java:235] Initializing service [role=org.hibernate.persister.spi.PersisterFactory]
2023-11-24 12:36:46,432 TRACE o.h.s.i.AbstractServiceRegistryImpl [AbstractServiceRegistryImpl.java:235] Initializing service [role=org.hibernate.persister.spi.PersisterClassResolver]
2023-11-24 12:36:46,432 DEBUG o.h.b.i.ClassLoaderAccessImpl [ClassLoaderAccessImpl.java:60] Not known whether passed class name [franco.maurizio.hr.desk.com.persistence.entity.Survey] is safe
2023-11-24 12:36:46,433 DEBUG o.h.b.i.ClassLoaderAccessImpl [ClassLoaderAccessImpl.java:62] No temp ClassLoader provided; using live ClassLoader for loading potentially unsafe class : franco.maurizio.hr.desk.com.persistence.entity.Survey
2023-11-24 12:36:46,433 TRACE o.h.s.i.AbstractServiceRegistryImpl [AbstractServiceRegistryImpl.java:235] Initializing service [role=org.hibernate.property.access.spi.PropertyAccessStrategyResolver]
2023-11-24 12:36:46,443 DEBUG o.h.b.i.b.BytecodeProviderImpl [BytecodeProviderImpl.java:235] HHH000513: Unable to create the ReflectionOptimizer for [franco.maurizio.hr.desk.com.persistence.entity.Survey]: private accessor [description]
2023-11-24 12:36:46,444 TRACE o.h.p.e.AbstractPropertyMapping [AbstractPropertyMapping.java:115] Skipping duplicate registration of path [description], existing type = [basicType@63(java.lang.String,12)], incoming type = [basicType@63(java.lang.String,12)]
2023-11-24 12:36:46,444 TRACE o.h.p.e.AbstractPropertyMapping [AbstractPropertyMapping.java:115] Skipping duplicate registration of path [label], existing type = [basicType@63(java.lang.String,12)], incoming type = [basicType@63(java.lang.String,12)]
2023-11-24 12:36:46,444 TRACE o.h.p.e.AbstractPropertyMapping [AbstractPropertyMapping.java:115] Skipping duplicate registration of path [time], existing type = [basicType@62(java.lang.Long,-5)], incoming type = [basicType@62(java.lang.Long,-5)]
2023-11-24 12:36:46,444 TRACE o.h.p.e.AbstractPropertyMapping [AbstractPropertyMapping.java:115] Skipping duplicate registration of path [id], existing type = [basicType@62(java.lang.Long,-5)], incoming type = [basicType@62(java.lang.Long,-5)]
2023-11-24 12:36:46,445 DEBUG o.h.b.i.ClassLoaderAccessImpl [ClassLoaderAccessImpl.java:60] Not known whether passed class name [franco.maurizio.hr.desk.com.persistence.entity.PositionUserOwner] is safe
2023-11-24 12:36:46,445 DEBUG o.h.b.i.ClassLoaderAccessImpl [ClassLoaderAccessImpl.java:62] No temp ClassLoader provided; using live ClassLoader for loading potentially unsafe class : franco.maurizio.hr.desk.com.persistence.entity.PositionUserOwner
2023-11-24 12:36:46,454 DEBUG o.h.b.i.b.BytecodeProviderImpl [BytecodeProviderImpl.java:235] HHH000513: Unable to create the ReflectionOptimizer for [franco.maurizio.hr.desk.com.persistence.entity.PositionUserOwner]: private accessor [coursePageId]
2023-11-24 12:36:46,454 TRACE o.h.p.e.AbstractPropertyMapping [AbstractPropertyMapping.java:115] Skipping duplicate registration of path [coursePageId], existing type = [basicType@62(java.lang.Long,-5)], incoming type = [basicType@62(java.lang.Long,-5)]
2023-11-24 12:36:46,455 TRACE o.h.p.e.AbstractPropertyMapping [AbstractPropertyMapping.java:115] Skipping duplicate registration of path [userId], existing type = [basicType@62(java.lang.Long,-5)], incoming type = [basicType@62(java.lang.Long,-5)]
2023-11-24 12:36:46,455 TRACE o.h.p.e.AbstractPropertyMapping [AbstractPropertyMapping.java:115] Skipping duplicate registration of path [id], existing type = [basicType@62(java.lang.Long,-5)], incoming type = [basicType@62(java.lang.Long,-5)]
2023-11-24 12:36:46,455 DEBUG o.h.b.i.ClassLoaderAccessImpl [ClassLoaderAccessImpl.java:60] Not known whether passed class name [franco.maurizio.hr.desk.com.persistence.entity.Question] is safe
2023-11-24 12:36:46,456 DEBUG o.h.b.i.ClassLoaderAccessImpl [ClassLoaderAccessImpl.java:62] No temp ClassLoader provided; using live ClassLoader for loading potentially unsafe class : franco.maurizio.hr.desk.com.persistence.entity.Question
2023-11-24 12:36:46,477 DEBUG o.h.b.i.b.BytecodeProviderImpl [BytecodeProviderImpl.java:235] HHH000513: Unable to create the ReflectionOptimizer for [franco.maurizio.hr.desk.com.persistence.entity.Question]: private accessor [ansa]
2023-11-24 12:36:46,478 TRACE o.h.p.e.AbstractPropertyMapping [AbstractPropertyMapping.java:115] Skipping duplicate registration of path [ansa], existing type = [basicType@63(java.lang.String,12)], incoming type = [basicType@63(java.lang.String,12)]
2023-11-24 12:36:46,479 TRACE o.h.p.e.AbstractPropertyMapping [AbstractPropertyMapping.java:115] Skipping duplicate registration of path [ansb], existing type = [basicType@63(java.lang.String,12)], incoming type = [basicType@63(java.lang.String,12)]
2023-11-24 12:36:46,479 TRACE o.h.p.e.AbstractPropertyMapping [AbstractPropertyMapping.java:115] Skipping duplicate registration of path [ansc], existing type = [basicType@63(java.lang.String,12)], incoming type = [basicType@63(java.lang.String,12)]
2023-11-24 12:36:46,479 TRACE o.h.p.e.AbstractPropertyMapping [AbstractPropertyMapping.java:115] Skipping duplicate registration of path [ansd], existing type = [basicType@63(java.lang.String,12)], incoming type = [basicType@63(java.lang.String,12)]
2023-11-24 12:36:46,479 TRACE o.h.p.e.AbstractPropertyMapping [AbstractPropertyMapping.java:115] Skipping duplicate registration of path [anse], existing type = [basicType@63(java.lang.String,12)], incoming type = [basicType@63(java.lang.String,12)]
2023-11-24 12:36:46,479 TRACE o.h.p.e.AbstractPropertyMapping [AbstractPropertyMapping.java:115] Skipping duplicate registration of path [ansf], existing type = [basicType@63(java.lang.String,12)], incoming type = [basicType@63(java.lang.String,12)]
2023-11-24 12:36:46,480 TRACE o.h.p.e.AbstractPropertyMapping [AbstractPropertyMapping.java:115] Skipping duplicate registration of path [ansg], existing type = [basicType@63(java.lang.String,12)], incoming type = [basicType@63(java.lang.String,12)]
2023-11-24 12:36:46,480 TRACE o.h.p.e.AbstractPropertyMapping [AbstractPropertyMapping.java:115] Skipping duplicate registration of path [ansh], existing type = [basicType@63(java.lang.String,12)], incoming type = [basicType@63(java.lang.String,12)]
2023-11-24 12:36:46,480 TRACE o.h.p.e.AbstractPropertyMapping [AbstractPropertyMapping.java:115] Skipping duplicate registration of path [cansa], existing type = [basicType@65(java.lang.Boolean,16)], incoming type = [basicType@65(java.lang.Boolean,16)]
2023-11-24 12:36:46,480 TRACE o.h.p.e.AbstractPropertyMapping [AbstractPropertyMapping.java:115] Skipping duplicate registration of path [cansb], existing type = [basicType@65(java.lang.Boolean,16)], incoming type = [basicType@65(java.lang.Boolean,16)]
2023-11-24 12:36:46,480 TRACE o.h.p.e.AbstractPropertyMapping [AbstractPropertyMapping.java:115] Skipping duplicate registration of path [cansc], existing type = [basicType@65(java.lang.Boolean,16)], incoming type = [basicType@65(java.lang.Boolean,16)]
2023-11-24 12:36:46,480 TRACE o.h.p.e.AbstractPropertyMapping [AbstractPropertyMapping.java:115] Skipping duplicate registration of path [cansd], existing type = [basicType@65(java.lang.Boolean,16)], incoming type = [basicType@65(java.lang.Boolean,16)]
2023-11-24 12:36:46,481 TRACE o.h.p.e.AbstractPropertyMapping [AbstractPropertyMapping.java:115] Skipping duplicate registration of path [canse], existing type = [basicType@65(java.lang.Boolean,16)], incoming type = [basicType@65(java.lang.Boolean,16)]
2023-11-24 12:36:46,481 TRACE o.h.p.e.AbstractPropertyMapping [AbstractPropertyMapping.java:115] Skipping duplicate registration of path [cansf], existing type = [basicType@65(java.lang.Boolean,16)], incoming type = [basicType@65(java.lang.Boolean,16)]
2023-11-24 12:36:46,481 TRACE o.h.p.e.AbstractPropertyMapping [AbstractPropertyMapping.java:115] Skipping duplicate registration of path [cansg], existing type = [basicType@65(java.lang.Boolean,16)], incoming type = [basicType@65(java.lang.Boolean,16)]
2023-11-24 12:36:46,481 TRACE o.h.p.e.AbstractPropertyMapping [AbstractPropertyMapping.java:115] Skipping duplicate registration of path [cansh], existing type = [basicType@65(java.lang.Boolean,16)], incoming type = [basicType@65(java.lang.Boolean,16)]
2023-11-24 12:36:46,481 TRACE o.h.p.e.AbstractPropertyMapping [AbstractPropertyMapping.java:115] Skipping duplicate registration of path [description], existing type = [basicType@63(java.lang.String,12)], incoming type = [basicType@63(java.lang.String,12)]
2023-11-24 12:36:46,482 TRACE o.h.p.e.AbstractPropertyMapping [AbstractPropertyMapping.java:115] Skipping duplicate registration of path [fullAnswer], existing type = [basicType@63(java.lang.String,12)], incoming type = [basicType@63(java.lang.String,12)]
2023-11-24 12:36:46,482 TRACE o.h.p.e.AbstractPropertyMapping [AbstractPropertyMapping.java:115] Skipping duplicate registration of path [label], existing type = [basicType@63(java.lang.String,12)], incoming type = [basicType@63(java.lang.String,12)]
2023-11-24 12:36:46,482 TRACE o.h.p.e.AbstractPropertyMapping [AbstractPropertyMapping.java:115] Skipping duplicate registration of path [id], existing type = [basicType@62(java.lang.Long,-5)], incoming type = [basicType@62(java.lang.Long,-5)]
2023-11-24 12:36:46,483 DEBUG o.h.b.i.ClassLoaderAccessImpl [ClassLoaderAccessImpl.java:60] Not known whether passed class name [franco.maurizio.hr.desk.com.persistence.entity.Candidate] is safe
2023-11-24 12:36:46,483 DEBUG o.h.b.i.ClassLoaderAccessImpl [ClassLoaderAccessImpl.java:62] No temp ClassLoader provided; using live ClassLoader for loading potentially unsafe class : franco.maurizio.hr.desk.com.persistence.entity.Candidate
2023-11-24 12:36:46,503 DEBUG o.h.b.i.b.BytecodeProviderImpl [BytecodeProviderImpl.java:235] HHH000513: Unable to create the ReflectionOptimizer for [franco.maurizio.hr.desk.com.persistence.entity.Candidate]: private accessor [candidacyDateTime]
2023-11-24 12:36:46,504 TRACE o.h.p.e.AbstractPropertyMapping [AbstractPropertyMapping.java:115] Skipping duplicate registration of path [candidacyDateTime], existing type = [basicType@64(java.time.LocalDateTime,93)], incoming type = [basicType@64(java.time.LocalDateTime,93)]
2023-11-24 12:36:46,504 TRACE o.h.p.e.AbstractPropertyMapping [AbstractPropertyMapping.java:115] Skipping duplicate registration of path [candidateStateCode], existing type = [basicType@62(java.lang.Long,-5)], incoming type = [basicType@62(java.lang.Long,-5)]
2023-11-24 12:36:46,504 TRACE o.h.p.e.AbstractPropertyMapping [AbstractPropertyMapping.java:115] Skipping duplicate registration of path [courseCode], existing type = [basicType@63(java.lang.String,12)], incoming type = [basicType@63(java.lang.String,12)]
2023-11-24 12:36:46,505 TRACE o.h.p.e.AbstractPropertyMapping [AbstractPropertyMapping.java:115] Skipping duplicate registration of path [cvExternalPath], existing type = [basicType@63(java.lang.String,12)], incoming type = [basicType@63(java.lang.String,12)]
2023-11-24 12:36:46,505 TRACE o.h.p.e.AbstractPropertyMapping [AbstractPropertyMapping.java:115] Skipping duplicate registration of path [dateOfBirth], existing type = [basicType@67(java.time.LocalDate,91)], incoming type = [basicType@67(java.time.LocalDate,91)]
2023-11-24 12:36:46,505 TRACE o.h.p.e.AbstractPropertyMapping [AbstractPropertyMapping.java:115] Skipping duplicate registration of path [domicileCity], existing type = [basicType@63(java.lang.String,12)], incoming type = [basicType@63(java.lang.String,12)]
2023-11-24 12:36:46,505 TRACE o.h.p.e.AbstractPropertyMapping [AbstractPropertyMapping.java:115] Skipping duplicate registration of path [email], existing type = [basicType@63(java.lang.String,12)], incoming type = [basicType@63(java.lang.String,12)]
2023-11-24 12:36:46,505 TRACE o.h.p.e.AbstractPropertyMapping [AbstractPropertyMapping.java:115] Skipping duplicate registration of path [firstname], existing type = [basicType@63(java.lang.String,12)], incoming type = [basicType@63(java.lang.String,12)]
2023-11-24 12:36:46,505 TRACE o.h.p.e.AbstractPropertyMapping [AbstractPropertyMapping.java:115] Skipping duplicate registration of path [graduate], existing type = [basicType@65(java.lang.Boolean,16)], incoming type = [basicType@65(java.lang.Boolean,16)]
2023-11-24 12:36:46,506 TRACE o.h.p.e.AbstractPropertyMapping [AbstractPropertyMapping.java:115] Skipping duplicate registration of path [highGraduate], existing type = [basicType@65(java.lang.Boolean,16)], incoming type = [basicType@65(java.lang.Boolean,16)]
2023-11-24 12:36:46,506 TRACE o.h.p.e.AbstractPropertyMapping [AbstractPropertyMapping.java:115] Skipping duplicate registration of path [hrNote], existing type = [basicType@63(java.lang.String,12)], incoming type = [basicType@63(java.lang.String,12)]
2023-11-24 12:36:46,506 TRACE o.h.p.e.AbstractPropertyMapping [AbstractPropertyMapping.java:115] Skipping duplicate registration of path [imgpath], existing type = [basicType@63(java.lang.String,12)], incoming type = [basicType@63(java.lang.String,12)]
2023-11-24 12:36:46,506 TRACE o.h.p.e.AbstractPropertyMapping [AbstractPropertyMapping.java:115] Skipping duplicate registration of path [insertedBy], existing type = [basicType@62(java.lang.Long,-5)], incoming type = [basicType@62(java.lang.Long,-5)]
2023-11-24 12:36:46,506 TRACE o.h.p.e.AbstractPropertyMapping [AbstractPropertyMapping.java:115] Skipping duplicate registration of path [label], existing type = [basicType@63(java.lang.String,12)], incoming type = [basicType@63(java.lang.String,12)]
2023-11-24 12:36:46,507 TRACE o.h.p.e.AbstractPropertyMapping [AbstractPropertyMapping.java:115] Skipping duplicate registration of path [lastname], existing type = [basicType@63(java.lang.String,12)], incoming type = [basicType@63(java.lang.String,12)]
2023-11-24 12:36:46,507 TRACE o.h.p.e.AbstractPropertyMapping [AbstractPropertyMapping.java:115] Skipping duplicate registration of path [mobile], existing type = [basicType@63(java.lang.String,12)], incoming type = [basicType@63(java.lang.String,12)]
2023-11-24 12:36:46,507 TRACE o.h.p.e.AbstractPropertyMapping [AbstractPropertyMapping.java:115] Skipping duplicate registration of path [regdate], existing type = [basicType@64(java.time.LocalDateTime,93)], incoming type = [basicType@64(java.time.LocalDateTime,93)]
2023-11-24 12:36:46,507 TRACE o.h.p.e.AbstractPropertyMapping [AbstractPropertyMapping.java:115] Skipping duplicate registration of path [stillHighStudy], existing type = [basicType@65(java.lang.Boolean,16)], incoming type = [basicType@65(java.lang.Boolean,16)]
2023-11-24 12:36:46,507 TRACE o.h.p.e.AbstractPropertyMapping [AbstractPropertyMapping.java:115] Skipping duplicate registration of path [studyQualification], existing type = [basicType@63(java.lang.String,12)], incoming type = [basicType@63(java.lang.String,12)]
2023-11-24 12:36:46,508 TRACE o.h.p.e.AbstractPropertyMapping [AbstractPropertyMapping.java:115] Skipping duplicate registration of path [technicalNote], existing type = [basicType@63(java.lang.String,12)], incoming type = [basicType@63(java.lang.String,12)]
2023-11-24 12:36:46,508 TRACE o.h.p.e.AbstractPropertyMapping [AbstractPropertyMapping.java:115] Skipping duplicate registration of path [id], existing type = [basicType@62(java.lang.Long,-5)], incoming type = [basicType@62(java.lang.Long,-5)]
2023-11-24 12:36:46,508 DEBUG o.h.b.i.ClassLoaderAccessImpl [ClassLoaderAccessImpl.java:60] Not known whether passed class name [franco.maurizio.hr.desk.com.persistence.entity.SurveyReply] is safe
2023-11-24 12:36:46,509 DEBUG o.h.b.i.ClassLoaderAccessImpl [ClassLoaderAccessImpl.java:62] No temp ClassLoader provided; using live ClassLoader for loading potentially unsafe class : franco.maurizio.hr.desk.com.persistence.entity.SurveyReply
2023-11-24 12:36:46,520 DEBUG o.h.b.i.b.BytecodeProviderImpl [BytecodeProviderImpl.java:235] HHH000513: Unable to create the ReflectionOptimizer for [franco.maurizio.hr.desk.com.persistence.entity.SurveyReply]: private accessor [answers]
2023-11-24 12:36:46,521 TRACE o.h.p.e.AbstractPropertyMapping [AbstractPropertyMapping.java:115] Skipping duplicate registration of path [answers], existing type = [basicType@63(java.lang.String,12)], incoming type = [basicType@63(java.lang.String,12)]
2023-11-24 12:36:46,522 TRACE o.h.p.e.AbstractPropertyMapping [AbstractPropertyMapping.java:115] Skipping duplicate registration of path [candidateId], existing type = [basicType@62(java.lang.Long,-5)], incoming type = [basicType@62(java.lang.Long,-5)]
2023-11-24 12:36:46,522 TRACE o.h.p.e.AbstractPropertyMapping [AbstractPropertyMapping.java:115] Skipping duplicate registration of path [endtime], existing type = [basicType@64(java.time.LocalDateTime,93)], incoming type = [basicType@64(java.time.LocalDateTime,93)]
2023-11-24 12:36:46,522 TRACE o.h.p.e.AbstractPropertyMapping [AbstractPropertyMapping.java:115] Skipping duplicate registration of path [generated_token], existing type = [basicType@63(java.lang.String,12)], incoming type = [basicType@63(java.lang.String,12)]
2023-11-24 12:36:46,522 TRACE o.h.p.e.AbstractPropertyMapping [AbstractPropertyMapping.java:115] Skipping duplicate registration of path [pdffilename], existing type = [basicType@63(java.lang.String,12)], incoming type = [basicType@63(java.lang.String,12)]
2023-11-24 12:36:46,522 TRACE o.h.p.e.AbstractPropertyMapping [AbstractPropertyMapping.java:115] Skipping duplicate registration of path [points], existing type = [basicType@63(java.lang.String,12)], incoming type = [basicType@63(java.lang.String,12)]
2023-11-24 12:36:46,523 TRACE o.h.p.e.AbstractPropertyMapping [AbstractPropertyMapping.java:115] Skipping duplicate registration of path [starttime], existing type = [basicType@64(java.time.LocalDateTime,93)], incoming type = [basicType@64(java.time.LocalDateTime,93)]
2023-11-24 12:36:46,523 TRACE o.h.p.e.AbstractPropertyMapping [AbstractPropertyMapping.java:115] Skipping duplicate registration of path [surveyId], existing type = [basicType@62(java.lang.Long,-5)], incoming type = [basicType@62(java.lang.Long,-5)]
2023-11-24 12:36:46,523 TRACE o.h.p.e.AbstractPropertyMapping [AbstractPropertyMapping.java:115] Skipping duplicate registration of path [id], existing type = [basicType@62(java.lang.Long,-5)], incoming type = [basicType@62(java.lang.Long,-5)]
2023-11-24 12:36:46,523 DEBUG o.h.b.i.ClassLoaderAccessImpl [ClassLoaderAccessImpl.java:60] Not known whether passed class name [franco.maurizio.hr.desk.com.persistence.entity.User] is safe
2023-11-24 12:36:46,524 DEBUG o.h.b.i.ClassLoaderAccessImpl [ClassLoaderAccessImpl.java:62] No temp ClassLoader provided; using live ClassLoader for loading potentially unsafe class : franco.maurizio.hr.desk.com.persistence.entity.User
2023-11-24 12:36:46,534 DEBUG o.h.b.i.b.BytecodeProviderImpl [BytecodeProviderImpl.java:235] HHH000513: Unable to create the ReflectionOptimizer for [franco.maurizio.hr.desk.com.persistence.entity.User]: private accessor [email]
2023-11-24 12:36:46,535 TRACE o.h.p.e.AbstractPropertyMapping [AbstractPropertyMapping.java:115] Skipping duplicate registration of path [email], existing type = [basicType@63(java.lang.String,12)], incoming type = [basicType@63(java.lang.String,12)]
2023-11-24 12:36:46,535 TRACE o.h.p.e.AbstractPropertyMapping [AbstractPropertyMapping.java:115] Skipping duplicate registration of path [enabled], existing type = [basicType@65(java.lang.Boolean,16)], incoming type = [basicType@65(java.lang.Boolean,16)]
2023-11-24 12:36:46,536 TRACE o.h.p.e.AbstractPropertyMapping [AbstractPropertyMapping.java:115] Skipping duplicate registration of path [firstname], existing type = [basicType@63(java.lang.String,12)], incoming type = [basicType@63(java.lang.String,12)]
2023-11-24 12:36:46,536 TRACE o.h.p.e.AbstractPropertyMapping [AbstractPropertyMapping.java:115] Skipping duplicate registration of path [lastname], existing type = [basicType@63(java.lang.String,12)], incoming type = [basicType@63(java.lang.String,12)]
2023-11-24 12:36:46,536 TRACE o.h.p.e.AbstractPropertyMapping [AbstractPropertyMapping.java:115] Skipping duplicate registration of path [password], existing type = [basicType@63(java.lang.String,12)], incoming type = [basicType@63(java.lang.String,12)]
2023-11-24 12:36:46,536 TRACE o.h.p.e.AbstractPropertyMapping [AbstractPropertyMapping.java:115] Skipping duplicate registration of path [regdate], existing type = [basicType@64(java.time.LocalDateTime,93)], incoming type = [basicType@64(java.time.LocalDateTime,93)]
2023-11-24 12:36:46,536 TRACE o.h.p.e.AbstractPropertyMapping [AbstractPropertyMapping.java:115] Skipping duplicate registration of path [role], existing type = [basicType@66(java.lang.Integer,4)], incoming type = [basicType@66(java.lang.Integer,4)]
2023-11-24 12:36:46,537 TRACE o.h.p.e.AbstractPropertyMapping [AbstractPropertyMapping.java:115] Skipping duplicate registration of path [id], existing type = [basicType@62(java.lang.Long,-5)], incoming type = [basicType@62(java.lang.Long,-5)]
2023-11-24 12:36:46,537 DEBUG o.h.b.i.ClassLoaderAccessImpl [ClassLoaderAccessImpl.java:60] Not known whether passed class name [franco.maurizio.hr.desk.com.persistence.entity.SurveyQuestion] is safe
2023-11-24 12:36:46,537 DEBUG o.h.b.i.ClassLoaderAccessImpl [ClassLoaderAccessImpl.java:62] No temp ClassLoader provided; using live ClassLoader for loading potentially unsafe class : franco.maurizio.hr.desk.com.persistence.entity.SurveyQuestion
2023-11-24 12:36:46,546 DEBUG o.h.b.i.b.BytecodeProviderImpl [BytecodeProviderImpl.java:235] HHH000513: Unable to create the ReflectionOptimizer for [franco.maurizio.hr.desk.com.persistence.entity.SurveyQuestion]: private accessor [position]
2023-11-24 12:36:46,546 TRACE o.h.p.e.AbstractPropertyMapping [AbstractPropertyMapping.java:115] Skipping duplicate registration of path [position], existing type = [basicType@62(java.lang.Long,-5)], incoming type = [basicType@62(java.lang.Long,-5)]
2023-11-24 12:36:46,547 TRACE o.h.p.e.AbstractPropertyMapping [AbstractPropertyMapping.java:115] Skipping duplicate registration of path [questionId], existing type = [basicType@62(java.lang.Long,-5)], incoming type = [basicType@62(java.lang.Long,-5)]
2023-11-24 12:36:46,547 TRACE o.h.p.e.AbstractPropertyMapping [AbstractPropertyMapping.java:115] Skipping duplicate registration of path [surveyId], existing type = [basicType@62(java.lang.Long,-5)], incoming type = [basicType@62(java.lang.Long,-5)]
2023-11-24 12:36:46,547 TRACE o.h.p.e.AbstractPropertyMapping [AbstractPropertyMapping.java:115] Skipping duplicate registration of path [id], existing type = [basicType@62(java.lang.Long,-5)], incoming type = [basicType@62(java.lang.Long,-5)]
2023-11-24 12:36:46,547 DEBUG o.h.b.i.ClassLoaderAccessImpl [ClassLoaderAccessImpl.java:60] Not known whether passed class name [franco.maurizio.hr.desk.com.persistence.entity.CandidateSurveyToken] is safe
2023-11-24 12:36:46,547 DEBUG o.h.b.i.ClassLoaderAccessImpl [ClassLoaderAccessImpl.java:62] No temp ClassLoader provided; using live ClassLoader for loading potentially unsafe class : franco.maurizio.hr.desk.com.persistence.entity.CandidateSurveyToken
2023-11-24 12:36:46,557 DEBUG o.h.b.i.b.BytecodeProviderImpl [BytecodeProviderImpl.java:235] HHH000513: Unable to create the ReflectionOptimizer for [franco.maurizio.hr.desk.com.persistence.entity.CandidateSurveyToken]: private accessor [candidateId]
2023-11-24 12:36:46,558 TRACE o.h.p.e.AbstractPropertyMapping [AbstractPropertyMapping.java:115] Skipping duplicate registration of path [candidateId], existing type = [basicType@62(java.lang.Long,-5)], incoming type = [basicType@62(java.lang.Long,-5)]
2023-11-24 12:36:46,558 TRACE o.h.p.e.AbstractPropertyMapping [AbstractPropertyMapping.java:115] Skipping duplicate registration of path [expirationDateTime], existing type = [basicType@64(java.time.LocalDateTime,93)], incoming type = [basicType@64(java.time.LocalDateTime,93)]
2023-11-24 12:36:46,558 TRACE o.h.p.e.AbstractPropertyMapping [AbstractPropertyMapping.java:115] Skipping duplicate registration of path [expired], existing type = [basicType@65(java.lang.Boolean,16)], incoming type = [basicType@65(java.lang.Boolean,16)]
2023-11-24 12:36:46,559 TRACE o.h.p.e.AbstractPropertyMapping [AbstractPropertyMapping.java:115] Skipping duplicate registration of path [generatedToken], existing type = [basicType@63(java.lang.String,12)], incoming type = [basicType@63(java.lang.String,12)]
2023-11-24 12:36:46,559 TRACE o.h.p.e.AbstractPropertyMapping [AbstractPropertyMapping.java:115] Skipping duplicate registration of path [surveyId], existing type = [basicType@62(java.lang.Long,-5)], incoming type = [basicType@62(java.lang.Long,-5)]
2023-11-24 12:36:46,559 TRACE o.h.p.e.AbstractPropertyMapping [AbstractPropertyMapping.java:115] Skipping duplicate registration of path [id], existing type = [basicType@62(java.lang.Long,-5)], incoming type = [basicType@62(java.lang.Long,-5)]
2023-11-24 12:36:46,559 DEBUG o.h.b.i.ClassLoaderAccessImpl [ClassLoaderAccessImpl.java:60] Not known whether passed class name [franco.maurizio.hr.desk.com.persistence.entity.CandidateStates] is safe
2023-11-24 12:36:46,559 DEBUG o.h.b.i.ClassLoaderAccessImpl [ClassLoaderAccessImpl.java:62] No temp ClassLoader provided; using live ClassLoader for loading potentially unsafe class : franco.maurizio.hr.desk.com.persistence.entity.CandidateStates
2023-11-24 12:36:46,569 DEBUG o.h.b.i.b.BytecodeProviderImpl [BytecodeProviderImpl.java:235] HHH000513: Unable to create the ReflectionOptimizer for [franco.maurizio.hr.desk.com.persistence.entity.CandidateStates]: private accessor [roleId]
2023-11-24 12:36:46,570 TRACE o.h.p.e.AbstractPropertyMapping [AbstractPropertyMapping.java:115] Skipping duplicate registration of path [roleId], existing type = [basicType@62(java.lang.Long,-5)], incoming type = [basicType@62(java.lang.Long,-5)]
2023-11-24 12:36:46,570 TRACE o.h.p.e.AbstractPropertyMapping [AbstractPropertyMapping.java:115] Skipping duplicate registration of path [statusCode], existing type = [basicType@66(java.lang.Integer,4)], incoming type = [basicType@66(java.lang.Integer,4)]
2023-11-24 12:36:46,570 TRACE o.h.p.e.AbstractPropertyMapping [AbstractPropertyMapping.java:115] Skipping duplicate registration of path [statusColor], existing type = [basicType@63(java.lang.String,12)], incoming type = [basicType@63(java.lang.String,12)]
2023-11-24 12:36:46,571 TRACE o.h.p.e.AbstractPropertyMapping [AbstractPropertyMapping.java:115] Skipping duplicate registration of path [statusDescription], existing type = [basicType@63(java.lang.String,12)], incoming type = [basicType@63(java.lang.String,12)]
2023-11-24 12:36:46,571 TRACE o.h.p.e.AbstractPropertyMapping [AbstractPropertyMapping.java:115] Skipping duplicate registration of path [statusLabel], existing type = [basicType@63(java.lang.String,12)], incoming type = [basicType@63(java.lang.String,12)]
2023-11-24 12:36:46,571 TRACE o.h.p.e.AbstractPropertyMapping [AbstractPropertyMapping.java:115] Skipping duplicate registration of path [id], existing type = [basicType@62(java.lang.Long,-5)], incoming type = [basicType@62(java.lang.Long,-5)]
2023-11-24 12:36:46,571 DEBUG o.h.b.i.ClassLoaderAccessImpl [ClassLoaderAccessImpl.java:60] Not known whether passed class name [franco.maurizio.hr.desk.com.persistence.entity.CoursePage] is safe
2023-11-24 12:36:46,572 DEBUG o.h.b.i.ClassLoaderAccessImpl [ClassLoaderAccessImpl.java:62] No temp ClassLoader provided; using live ClassLoader for loading potentially unsafe class : franco.maurizio.hr.desk.com.persistence.entity.CoursePage
2023-11-24 12:36:46,583 DEBUG o.h.b.i.b.BytecodeProviderImpl [BytecodeProviderImpl.java:235] HHH000513: Unable to create the ReflectionOptimizer for [franco.maurizio.hr.desk.com.persistence.entity.CoursePage]: private accessor [created_datetime]
2023-11-24 12:36:46,584 TRACE o.h.p.e.AbstractPropertyMapping [AbstractPropertyMapping.java:115] Skipping duplicate registration of path [bodyText], existing type = [basicType@63(java.lang.String,12)], incoming type = [basicType@63(java.lang.String,12)]
2023-11-24 12:36:46,584 TRACE o.h.p.e.AbstractPropertyMapping [AbstractPropertyMapping.java:115] Skipping duplicate registration of path [code], existing type = [basicType@63(java.lang.String,12)], incoming type = [basicType@63(java.lang.String,12)]
2023-11-24 12:36:46,584 TRACE o.h.p.e.AbstractPropertyMapping [AbstractPropertyMapping.java:115] Skipping duplicate registration of path [created_datetime], existing type = [basicType@64(java.time.LocalDateTime,93)], incoming type = [basicType@64(java.time.LocalDateTime,93)]
2023-11-24 12:36:46,584 TRACE o.h.p.e.AbstractPropertyMapping [AbstractPropertyMapping.java:115] Skipping duplicate registration of path [fileName], existing type = [basicType@63(java.lang.String,12)], incoming type = [basicType@63(java.lang.String,12)]
2023-11-24 12:36:46,584 TRACE o.h.p.e.AbstractPropertyMapping [AbstractPropertyMapping.java:115] Skipping duplicate registration of path [opened_by], existing type = [basicType@62(java.lang.Long,-5)], incoming type = [basicType@62(java.lang.Long,-5)]
2023-11-24 12:36:46,584 TRACE o.h.p.e.AbstractPropertyMapping [AbstractPropertyMapping.java:115] Skipping duplicate registration of path [statusOpen], existing type = [basicType@65(java.lang.Boolean,16)], incoming type = [basicType@65(java.lang.Boolean,16)]
2023-11-24 12:36:46,585 TRACE o.h.p.e.AbstractPropertyMapping [AbstractPropertyMapping.java:115] Skipping duplicate registration of path [title], existing type = [basicType@63(java.lang.String,12)], incoming type = [basicType@63(java.lang.String,12)]
2023-11-24 12:36:46,585 TRACE o.h.p.e.AbstractPropertyMapping [AbstractPropertyMapping.java:115] Skipping duplicate registration of path [id], existing type = [basicType@62(java.lang.Long,-5)], incoming type = [basicType@62(java.lang.Long,-5)]
2023-11-24 12:36:46,585 DEBUG o.h.b.i.ClassLoaderAccessImpl [ClassLoaderAccessImpl.java:60] Not known whether passed class name [franco.maurizio.hr.desk.com.persistence.entity.Role] is safe
2023-11-24 12:36:46,585 DEBUG o.h.b.i.ClassLoaderAccessImpl [ClassLoaderAccessImpl.java:62] No temp ClassLoader provided; using live ClassLoader for loading potentially unsafe class : franco.maurizio.hr.desk.com.persistence.entity.Role
2023-11-24 12:36:46,594 DEBUG o.h.b.i.b.BytecodeProviderImpl [BytecodeProviderImpl.java:235] HHH000513: Unable to create the ReflectionOptimizer for [franco.maurizio.hr.desk.com.persistence.entity.Role]: private accessor [description]
2023-11-24 12:36:46,595 TRACE o.h.p.e.AbstractPropertyMapping [AbstractPropertyMapping.java:115] Skipping duplicate registration of path [description], existing type = [basicType@63(java.lang.String,12)], incoming type = [basicType@63(java.lang.String,12)]
2023-11-24 12:36:46,595 TRACE o.h.p.e.AbstractPropertyMapping [AbstractPropertyMapping.java:115] Skipping duplicate registration of path [label], existing type = [basicType@63(java.lang.String,12)], incoming type = [basicType@63(java.lang.String,12)]
2023-11-24 12:36:46,595 TRACE o.h.p.e.AbstractPropertyMapping [AbstractPropertyMapping.java:115] Skipping duplicate registration of path [level], existing type = [basicType@66(java.lang.Integer,4)], incoming type = [basicType@66(java.lang.Integer,4)]
2023-11-24 12:36:46,595 TRACE o.h.p.e.AbstractPropertyMapping [AbstractPropertyMapping.java:115] Skipping duplicate registration of path [id], existing type = [basicType@62(java.lang.Long,-5)], incoming type = [basicType@62(java.lang.Long,-5)]
2023-11-24 12:36:46,600 DEBUG o.h.o.m.m.creation [MappingModelCreationProcess.java:92] Starting post-init callbacks
2023-11-24 12:36:46,601 DEBUG o.h.o.m.m.creation [MappingModelCreationProcess.java:242] Starting PostInitCallbackEntry : Entity(franco.maurizio.hr.desk.com.persistence.entity.Survey) `staticFetchableList` generator
2023-11-24 12:36:46,601 DEBUG o.h.o.m.m.creation [MappingModelCreationProcess.java:242] Starting PostInitCallbackEntry : Entity(franco.maurizio.hr.desk.com.persistence.entity.PositionUserOwner) `staticFetchableList` generator
2023-11-24 12:36:46,601 DEBUG o.h.o.m.m.creation [MappingModelCreationProcess.java:242] Starting PostInitCallbackEntry : Entity(franco.maurizio.hr.desk.com.persistence.entity.Question) `staticFetchableList` generator
2023-11-24 12:36:46,601 DEBUG o.h.o.m.m.creation [MappingModelCreationProcess.java:242] Starting PostInitCallbackEntry : Entity(franco.maurizio.hr.desk.com.persistence.entity.Candidate) `staticFetchableList` generator
2023-11-24 12:36:46,601 DEBUG o.h.o.m.m.creation [MappingModelCreationProcess.java:242] Starting PostInitCallbackEntry : Entity(franco.maurizio.hr.desk.com.persistence.entity.SurveyReply) `staticFetchableList` generator
2023-11-24 12:36:46,601 DEBUG o.h.o.m.m.creation [MappingModelCreationProcess.java:242] Starting PostInitCallbackEntry : Entity(franco.maurizio.hr.desk.com.persistence.entity.User) `staticFetchableList` generator
2023-11-24 12:36:46,602 DEBUG o.h.o.m.m.creation [MappingModelCreationProcess.java:242] Starting PostInitCallbackEntry : Entity(franco.maurizio.hr.desk.com.persistence.entity.SurveyQuestion) `staticFetchableList` generator
2023-11-24 12:36:46,602 DEBUG o.h.o.m.m.creation [MappingModelCreationProcess.java:242] Starting PostInitCallbackEntry : Entity(franco.maurizio.hr.desk.com.persistence.entity.CandidateSurveyToken) `staticFetchableList` generator
2023-11-24 12:36:46,602 DEBUG o.h.o.m.m.creation [MappingModelCreationProcess.java:242] Starting PostInitCallbackEntry : Entity(franco.maurizio.hr.desk.com.persistence.entity.CandidateStates) `staticFetchableList` generator
2023-11-24 12:36:46,602 DEBUG o.h.o.m.m.creation [MappingModelCreationProcess.java:242] Starting PostInitCallbackEntry : Entity(franco.maurizio.hr.desk.com.persistence.entity.CoursePage) `staticFetchableList` generator
2023-11-24 12:36:46,602 DEBUG o.h.o.m.m.creation [MappingModelCreationProcess.java:242] Starting PostInitCallbackEntry : Entity(franco.maurizio.hr.desk.com.persistence.entity.Role) `staticFetchableList` generator
2023-11-24 12:36:46,603 DEBUG o.h.p.e.AbstractEntityPersister [AbstractEntityPersister.java:2904] Static SQL for entity: franco.maurizio.hr.desk.com.persistence.entity.Survey
2023-11-24 12:36:46,603 DEBUG o.h.p.e.AbstractEntityPersister [AbstractEntityPersister.java:2909]  Version select: select id from surveys where id=?
2023-11-24 12:36:46,604 DEBUG o.h.p.e.AbstractEntityPersister [DelegatingBasicLogger.java:393]  Insert (0): insert into surveys (description,label,time) values (?,?,?)
2023-11-24 12:36:46,604 DEBUG o.h.p.e.AbstractEntityPersister [DelegatingBasicLogger.java:393]  Update (0): update surveys set description=?,label=?,time=? where id=?
2023-11-24 12:36:46,604 DEBUG o.h.p.e.AbstractEntityPersister [DelegatingBasicLogger.java:393]  Delete (0): delete from surveys where id=?
2023-11-24 12:36:46,604 DEBUG o.h.o.s.a.create [SqlAliasBaseImpl.java:33] Created new SQL alias : s1_0
2023-11-24 12:36:46,604 DEBUG o.h.o.s.a.create [SimpleFromClauseAccessImpl.java:98] Registration of TableGroup [StandardTableGroup(franco.maurizio.hr.desk.com.persistence.entity.Survey)] with identifierForTableGroup [franco.maurizio.hr.desk.com.persistence.entity.Survey] for NavigablePath [franco.maurizio.hr.desk.com.persistence.entity.Survey] 
2023-11-24 12:36:46,605 TRACE o.h.l.a.i.LoaderSelectBuilder [LoaderSelectBuilder.java:779] Starting visitation of FetchParent's Fetchables : franco.maurizio.hr.desk.com.persistence.entity.Survey
2023-11-24 12:36:46,605 DEBUG o.h.o.r.g.AST [DomainResultGraphPrinter.java:67] DomainResult Graph:
 \-EntityResultImpl [franco.maurizio.hr.desk.com.persistence.entity.Survey]
 |  +-BasicFetch [franco.maurizio.hr.desk.com.persistence.entity.Survey.description]
 |  +-BasicFetch [franco.maurizio.hr.desk.com.persistence.entity.Survey.label]
 |  \-BasicFetch [franco.maurizio.hr.desk.com.persistence.entity.Survey.time]

2023-11-24 12:36:46,605 TRACE o.h.o.r.g.AST [DomainResultGraphPrinter.java:70] Stack trace calling DomainResultGraphPrinter
java.lang.Exception: null
	at org.hibernate.sql.results.graph.DomainResultGraphPrinter.visitDomainResults(DomainResultGraphPrinter.java:70)
	at org.hibernate.sql.results.graph.DomainResultGraphPrinter.logDomainResultGraph(DomainResultGraphPrinter.java:46)
	at org.hibernate.sql.results.graph.DomainResultGraphPrinter.logDomainResultGraph(DomainResultGraphPrinter.java:37)
	at org.hibernate.sql.ast.spi.AbstractSqlAstTranslator.translateSelect(AbstractSqlAstTranslator.java:848)
	at org.hibernate.sql.ast.spi.AbstractSqlAstTranslator.translate(AbstractSqlAstTranslator.java:801)
	at org.hibernate.loader.ast.internal.SingleIdLoadPlan.<init>(SingleIdLoadPlan.java:67)
	at org.hibernate.loader.ast.internal.SingleIdEntityLoaderStandardImpl.createLoadPlan(SingleIdEntityLoaderStandardImpl.java:197)
	at org.hibernate.loader.ast.internal.SingleIdEntityLoaderStandardImpl.prepare(SingleIdEntityLoaderStandardImpl.java:55)
	at org.hibernate.persister.entity.AbstractEntityPersister.prepareLoader(AbstractEntityPersister.java:3486)
	at org.hibernate.persister.entity.AbstractEntityPersister.postInstantiate(AbstractEntityPersister.java:3480)
	at org.hibernate.metamodel.model.domain.internal.MappingMetamodelImpl.finishInitialization(MappingMetamodelImpl.java:204)
	at org.hibernate.internal.SessionFactoryImpl.initializeMappingModel(SessionFactoryImpl.java:321)
	at org.hibernate.internal.SessionFactoryImpl.<init>(SessionFactoryImpl.java:271)
	at org.hibernate.boot.internal.SessionFactoryBuilderImpl.build(SessionFactoryBuilderImpl.java:444)
	at org.hibernate.jpa.boot.internal.EntityManagerFactoryBuilderImpl.build(EntityManagerFactoryBuilderImpl.java:1458)
	at org.springframework.orm.jpa.vendor.SpringHibernateJpaPersistenceProvider.createContainerEntityManagerFactory(SpringHibernateJpaPersistenceProvider.java:75)
	at org.springframework.orm.jpa.LocalContainerEntityManagerFactoryBean.createNativeEntityManagerFactory(LocalContainerEntityManagerFactoryBean.java:376)
	at org.springframework.orm.jpa.AbstractEntityManagerFactoryBean.buildNativeEntityManagerFactory(AbstractEntityManagerFactoryBean.java:409)
	at org.springframework.orm.jpa.AbstractEntityManagerFactoryBean.afterPropertiesSet(AbstractEntityManagerFactoryBean.java:396)
	at org.springframework.orm.jpa.LocalContainerEntityManagerFactoryBean.afterPropertiesSet(LocalContainerEntityManagerFactoryBean.java:352)
	at org.springframework.beans.factory.support.AbstractAutowireCapableBeanFactory.invokeInitMethods(AbstractAutowireCapableBeanFactory.java:1817)
	at org.springframework.beans.factory.support.AbstractAutowireCapableBeanFactory.initializeBean(AbstractAutowireCapableBeanFactory.java:1766)
	at org.springframework.beans.factory.support.AbstractAutowireCapableBeanFactory.doCreateBean(AbstractAutowireCapableBeanFactory.java:598)
	at org.springframework.beans.factory.support.AbstractAutowireCapableBeanFactory.createBean(AbstractAutowireCapableBeanFactory.java:520)
	at org.springframework.beans.factory.support.AbstractBeanFactory.lambda$doGetBean$0(AbstractBeanFactory.java:325)
	at org.springframework.beans.factory.support.DefaultSingletonBeanRegistry.getSingleton(DefaultSingletonBeanRegistry.java:234)
	at org.springframework.beans.factory.support.AbstractBeanFactory.doGetBean(AbstractBeanFactory.java:323)
	at org.springframework.beans.factory.support.AbstractBeanFactory.getBean(AbstractBeanFactory.java:199)
	at org.springframework.context.support.AbstractApplicationContext.getBean(AbstractApplicationContext.java:1166)
	at org.springframework.context.support.AbstractApplicationContext.finishBeanFactoryInitialization(AbstractApplicationContext.java:940)
	at org.springframework.context.support.AbstractApplicationContext.refresh(AbstractApplicationContext.java:616)
	at org.springframework.boot.SpringApplication.refresh(SpringApplication.java:738)
	at org.springframework.boot.SpringApplication.refreshContext(SpringApplication.java:440)
	at org.springframework.boot.SpringApplication.run(SpringApplication.java:316)
	at org.springframework.boot.test.context.SpringBootContextLoader.lambda$loadContext$3(SpringBootContextLoader.java:137)
	at org.springframework.util.function.ThrowingSupplier.get(ThrowingSupplier.java:58)
	at org.springframework.util.function.ThrowingSupplier.get(ThrowingSupplier.java:46)
	at org.springframework.boot.SpringApplication.withHook(SpringApplication.java:1406)
	at org.springframework.boot.test.context.SpringBootContextLoader$ContextLoaderHook.run(SpringBootContextLoader.java:545)
	at org.springframework.boot.test.context.SpringBootContextLoader.loadContext(SpringBootContextLoader.java:137)
	at org.springframework.boot.test.context.SpringBootContextLoader.loadContext(SpringBootContextLoader.java:108)
	at org.springframework.test.context.cache.DefaultCacheAwareContextLoaderDelegate.loadContextInternal(DefaultCacheAwareContextLoaderDelegate.java:187)
	at org.springframework.test.context.cache.DefaultCacheAwareContextLoaderDelegate.loadContext(DefaultCacheAwareContextLoaderDelegate.java:119)
	at org.springframework.test.context.support.DefaultTestContext.getApplicationContext(DefaultTestContext.java:127)
	at org.springframework.test.context.web.ServletTestExecutionListener.setUpRequestContextIfNecessary(ServletTestExecutionListener.java:191)
	at org.springframework.test.context.web.ServletTestExecutionListener.prepareTestInstance(ServletTestExecutionListener.java:130)
	at org.springframework.test.context.TestContextManager.prepareTestInstance(TestContextManager.java:241)
	at org.springframework.test.context.junit.jupiter.SpringExtension.postProcessTestInstance(SpringExtension.java:138)
	at org.junit.jupiter.engine.descriptor.ClassBasedTestDescriptor.lambda$invokeTestInstancePostProcessors$10(ClassBasedTestDescriptor.java:377)
	at org.junit.jupiter.engine.descriptor.ClassBasedTestDescriptor.executeAndMaskThrowable(ClassBasedTestDescriptor.java:382)
	at org.junit.jupiter.engine.descriptor.ClassBasedTestDescriptor.lambda$invokeTestInstancePostProcessors$11(ClassBasedTestDescriptor.java:377)
	at java.base/java.util.stream.ReferencePipeline$3$1.accept(ReferencePipeline.java:197)
	at java.base/java.util.stream.ReferencePipeline$2$1.accept(ReferencePipeline.java:179)
	at java.base/java.util.ArrayList$ArrayListSpliterator.forEachRemaining(ArrayList.java:1625)
	at java.base/java.util.stream.AbstractPipeline.copyInto(AbstractPipeline.java:509)
	at java.base/java.util.stream.AbstractPipeline.wrapAndCopyInto(AbstractPipeline.java:499)
	at java.base/java.util.stream.StreamSpliterators$WrappingSpliterator.forEachRemaining(StreamSpliterators.java:310)
	at java.base/java.util.stream.Streams$ConcatSpliterator.forEachRemaining(Streams.java:735)
	at java.base/java.util.stream.Streams$ConcatSpliterator.forEachRemaining(Streams.java:734)
	at java.base/java.util.stream.ReferencePipeline$Head.forEach(ReferencePipeline.java:762)
	at org.junit.jupiter.engine.descriptor.ClassBasedTestDescriptor.invokeTestInstancePostProcessors(ClassBasedTestDescriptor.java:376)
	at org.junit.jupiter.engine.descriptor.ClassBasedTestDescriptor.lambda$instantiateAndPostProcessTestInstance$6(ClassBasedTestDescriptor.java:289)
	at org.junit.platform.engine.support.hierarchical.ThrowableCollector.execute(ThrowableCollector.java:73)
	at org.junit.jupiter.engine.descriptor.ClassBasedTestDescriptor.instantiateAndPostProcessTestInstance(ClassBasedTestDescriptor.java:288)
	at org.junit.jupiter.engine.descriptor.ClassBasedTestDescriptor.lambda$testInstancesProvider$4(ClassBasedTestDescriptor.java:278)
	at java.base/java.util.Optional.orElseGet(Optional.java:364)
	at org.junit.jupiter.engine.descriptor.ClassBasedTestDescriptor.lambda$testInstancesProvider$5(ClassBasedTestDescriptor.java:277)
	at org.junit.jupiter.engine.execution.TestInstancesProvider.getTestInstances(TestInstancesProvider.java:31)
	at org.junit.jupiter.engine.descriptor.TestMethodTestDescriptor.lambda$prepare$0(TestMethodTestDescriptor.java:105)
	at org.junit.platform.engine.support.hierarchical.ThrowableCollector.execute(ThrowableCollector.java:73)
	at org.junit.jupiter.engine.descriptor.TestMethodTestDescriptor.prepare(TestMethodTestDescriptor.java:104)
	at org.junit.jupiter.engine.descriptor.TestMethodTestDescriptor.prepare(TestMethodTestDescriptor.java:68)
	at org.junit.platform.engine.support.hierarchical.NodeTestTask.lambda$prepare$2(NodeTestTask.java:123)
	at org.junit.platform.engine.support.hierarchical.ThrowableCollector.execute(ThrowableCollector.java:73)
	at org.junit.platform.engine.support.hierarchical.NodeTestTask.prepare(NodeTestTask.java:123)
	at org.junit.platform.engine.support.hierarchical.NodeTestTask.execute(NodeTestTask.java:90)
	at java.base/java.util.ArrayList.forEach(ArrayList.java:1511)
	at org.junit.platform.engine.support.hierarchical.SameThreadHierarchicalTestExecutorService.invokeAll(SameThreadHierarchicalTestExecutorService.java:41)
	at org.junit.platform.engine.support.hierarchical.NodeTestTask.lambda$executeRecursively$6(NodeTestTask.java:155)
	at org.junit.platform.engine.support.hierarchical.ThrowableCollector.execute(ThrowableCollector.java:73)
	at org.junit.platform.engine.support.hierarchical.NodeTestTask.lambda$executeRecursively$8(NodeTestTask.java:141)
	at org.junit.platform.engine.support.hierarchical.Node.around(Node.java:137)
	at org.junit.platform.engine.support.hierarchical.NodeTestTask.lambda$executeRecursively$9(NodeTestTask.java:139)
	at org.junit.platform.engine.support.hierarchical.ThrowableCollector.execute(ThrowableCollector.java:73)
	at org.junit.platform.engine.support.hierarchical.NodeTestTask.executeRecursively(NodeTestTask.java:138)
	at org.junit.platform.engine.support.hierarchical.NodeTestTask.execute(NodeTestTask.java:95)
	at java.base/java.util.ArrayList.forEach(ArrayList.java:1511)
	at org.junit.platform.engine.support.hierarchical.SameThreadHierarchicalTestExecutorService.invokeAll(SameThreadHierarchicalTestExecutorService.java:41)
	at org.junit.platform.engine.support.hierarchical.NodeTestTask.lambda$executeRecursively$6(NodeTestTask.java:155)
	at org.junit.platform.engine.support.hierarchical.ThrowableCollector.execute(ThrowableCollector.java:73)
	at org.junit.platform.engine.support.hierarchical.NodeTestTask.lambda$executeRecursively$8(NodeTestTask.java:141)
	at org.junit.platform.engine.support.hierarchical.Node.around(Node.java:137)
	at org.junit.platform.engine.support.hierarchical.NodeTestTask.lambda$executeRecursively$9(NodeTestTask.java:139)
	at org.junit.platform.engine.support.hierarchical.ThrowableCollector.execute(ThrowableCollector.java:73)
	at org.junit.platform.engine.support.hierarchical.NodeTestTask.executeRecursively(NodeTestTask.java:138)
	at org.junit.platform.engine.support.hierarchical.NodeTestTask.execute(NodeTestTask.java:95)
	at org.junit.platform.engine.support.hierarchical.SameThreadHierarchicalTestExecutorService.submit(SameThreadHierarchicalTestExecutorService.java:35)
	at org.junit.platform.engine.support.hierarchical.HierarchicalTestExecutor.execute(HierarchicalTestExecutor.java:57)
	at org.junit.platform.engine.support.hierarchical.HierarchicalTestEngine.execute(HierarchicalTestEngine.java:54)
	at org.junit.platform.launcher.core.EngineExecutionOrchestrator.execute(EngineExecutionOrchestrator.java:147)
	at org.junit.platform.launcher.core.EngineExecutionOrchestrator.execute(EngineExecutionOrchestrator.java:127)
	at org.junit.platform.launcher.core.EngineExecutionOrchestrator.execute(EngineExecutionOrchestrator.java:90)
	at org.junit.platform.launcher.core.EngineExecutionOrchestrator.lambda$execute$0(EngineExecutionOrchestrator.java:55)
	at org.junit.platform.launcher.core.EngineExecutionOrchestrator.withInterceptedStreams(EngineExecutionOrchestrator.java:102)
	at org.junit.platform.launcher.core.EngineExecutionOrchestrator.execute(EngineExecutionOrchestrator.java:54)
	at org.junit.platform.launcher.core.DefaultLauncher.execute(DefaultLauncher.java:114)
	at org.junit.platform.launcher.core.DefaultLauncher.execute(DefaultLauncher.java:86)
	at org.junit.platform.launcher.core.DefaultLauncherSession$DelegatingLauncher.execute(DefaultLauncherSession.java:86)
	at org.apache.maven.surefire.junitplatform.LazyLauncher.execute(LazyLauncher.java:50)
	at org.apache.maven.surefire.junitplatform.JUnitPlatformProvider.execute(JUnitPlatformProvider.java:184)
	at org.apache.maven.surefire.junitplatform.JUnitPlatformProvider.invokeAllTests(JUnitPlatformProvider.java:148)
	at org.apache.maven.surefire.junitplatform.JUnitPlatformProvider.invoke(JUnitPlatformProvider.java:122)
	at org.apache.maven.surefire.booter.ForkedBooter.runSuitesInProcess(ForkedBooter.java:385)
	at org.apache.maven.surefire.booter.ForkedBooter.execute(ForkedBooter.java:162)
	at org.apache.maven.surefire.booter.ForkedBooter.run(ForkedBooter.java:507)
	at org.apache.maven.surefire.booter.ForkedBooter.main(ForkedBooter.java:495)
2023-11-24 12:36:46,606 DEBUG o.h.o.s.a.tree [SqlTreePrinter.java:46] SQL AST Tree:
    SelectStatement {
      FromClause {
        StandardTableGroup (s1 : franco.maurizio.hr.desk.com.persistence.entity.Survey) {
          primaryTableReference : surveys as s1_0
        }
      }
    }

2023-11-24 12:36:46,607 DEBUG o.h.p.e.AbstractEntityPersister [AbstractEntityPersister.java:2904] Static SQL for entity: franco.maurizio.hr.desk.com.persistence.entity.PositionUserOwner
2023-11-24 12:36:46,607 DEBUG o.h.p.e.AbstractEntityPersister [AbstractEntityPersister.java:2909]  Version select: select id from positionuserowner where id=?
2023-11-24 12:36:46,607 DEBUG o.h.p.e.AbstractEntityPersister [DelegatingBasicLogger.java:393]  Insert (0): insert into positionuserowner (course_page_id,user_id) values (?,?)
2023-11-24 12:36:46,607 DEBUG o.h.p.e.AbstractEntityPersister [DelegatingBasicLogger.java:393]  Update (0): update positionuserowner set course_page_id=?,user_id=? where id=?
2023-11-24 12:36:46,607 DEBUG o.h.p.e.AbstractEntityPersister [DelegatingBasicLogger.java:393]  Delete (0): delete from positionuserowner where id=?
2023-11-24 12:36:46,608 DEBUG o.h.o.s.a.create [SqlAliasBaseImpl.java:33] Created new SQL alias : p1_0
2023-11-24 12:36:46,608 DEBUG o.h.o.s.a.create [SimpleFromClauseAccessImpl.java:98] Registration of TableGroup [StandardTableGroup(franco.maurizio.hr.desk.com.persistence.entity.PositionUserOwner)] with identifierForTableGroup [franco.maurizio.hr.desk.com.persistence.entity.PositionUserOwner] for NavigablePath [franco.maurizio.hr.desk.com.persistence.entity.PositionUserOwner] 
2023-11-24 12:36:46,608 TRACE o.h.l.a.i.LoaderSelectBuilder [LoaderSelectBuilder.java:779] Starting visitation of FetchParent's Fetchables : franco.maurizio.hr.desk.com.persistence.entity.PositionUserOwner
2023-11-24 12:36:46,608 DEBUG o.h.o.r.g.AST [DomainResultGraphPrinter.java:67] DomainResult Graph:
 \-EntityResultImpl [franco.maurizio.hr.desk.com.persistence.entity.PositionUserOwner]
 |  +-BasicFetch [franco.maurizio.hr.desk.com.persistence.entity.PositionUserOwner.coursePageId]
 |  \-BasicFetch [franco.maurizio.hr.desk.com.persistence.entity.PositionUserOwner.userId]

2023-11-24 12:36:46,609 TRACE o.h.o.r.g.AST [DomainResultGraphPrinter.java:70] Stack trace calling DomainResultGraphPrinter
java.lang.Exception: null
	at org.hibernate.sql.results.graph.DomainResultGraphPrinter.visitDomainResults(DomainResultGraphPrinter.java:70)
	at org.hibernate.sql.results.graph.DomainResultGraphPrinter.logDomainResultGraph(DomainResultGraphPrinter.java:46)
	at org.hibernate.sql.results.graph.DomainResultGraphPrinter.logDomainResultGraph(DomainResultGraphPrinter.java:37)
	at org.hibernate.sql.ast.spi.AbstractSqlAstTranslator.translateSelect(AbstractSqlAstTranslator.java:848)
	at org.hibernate.sql.ast.spi.AbstractSqlAstTranslator.translate(AbstractSqlAstTranslator.java:801)
	at org.hibernate.loader.ast.internal.SingleIdLoadPlan.<init>(SingleIdLoadPlan.java:67)
	at org.hibernate.loader.ast.internal.SingleIdEntityLoaderStandardImpl.createLoadPlan(SingleIdEntityLoaderStandardImpl.java:197)
	at org.hibernate.loader.ast.internal.SingleIdEntityLoaderStandardImpl.prepare(SingleIdEntityLoaderStandardImpl.java:55)
	at org.hibernate.persister.entity.AbstractEntityPersister.prepareLoader(AbstractEntityPersister.java:3486)
	at org.hibernate.persister.entity.AbstractEntityPersister.postInstantiate(AbstractEntityPersister.java:3480)
	at org.hibernate.metamodel.model.domain.internal.MappingMetamodelImpl.finishInitialization(MappingMetamodelImpl.java:204)
	at org.hibernate.internal.SessionFactoryImpl.initializeMappingModel(SessionFactoryImpl.java:321)
	at org.hibernate.internal.SessionFactoryImpl.<init>(SessionFactoryImpl.java:271)
	at org.hibernate.boot.internal.SessionFactoryBuilderImpl.build(SessionFactoryBuilderImpl.java:444)
	at org.hibernate.jpa.boot.internal.EntityManagerFactoryBuilderImpl.build(EntityManagerFactoryBuilderImpl.java:1458)
	at org.springframework.orm.jpa.vendor.SpringHibernateJpaPersistenceProvider.createContainerEntityManagerFactory(SpringHibernateJpaPersistenceProvider.java:75)
	at org.springframework.orm.jpa.LocalContainerEntityManagerFactoryBean.createNativeEntityManagerFactory(LocalContainerEntityManagerFactoryBean.java:376)
	at org.springframework.orm.jpa.AbstractEntityManagerFactoryBean.buildNativeEntityManagerFactory(AbstractEntityManagerFactoryBean.java:409)
	at org.springframework.orm.jpa.AbstractEntityManagerFactoryBean.afterPropertiesSet(AbstractEntityManagerFactoryBean.java:396)
	at org.springframework.orm.jpa.LocalContainerEntityManagerFactoryBean.afterPropertiesSet(LocalContainerEntityManagerFactoryBean.java:352)
	at org.springframework.beans.factory.support.AbstractAutowireCapableBeanFactory.invokeInitMethods(AbstractAutowireCapableBeanFactory.java:1817)
	at org.springframework.beans.factory.support.AbstractAutowireCapableBeanFactory.initializeBean(AbstractAutowireCapableBeanFactory.java:1766)
	at org.springframework.beans.factory.support.AbstractAutowireCapableBeanFactory.doCreateBean(AbstractAutowireCapableBeanFactory.java:598)
	at org.springframework.beans.factory.support.AbstractAutowireCapableBeanFactory.createBean(AbstractAutowireCapableBeanFactory.java:520)
	at org.springframework.beans.factory.support.AbstractBeanFactory.lambda$doGetBean$0(AbstractBeanFactory.java:325)
	at org.springframework.beans.factory.support.DefaultSingletonBeanRegistry.getSingleton(DefaultSingletonBeanRegistry.java:234)
	at org.springframework.beans.factory.support.AbstractBeanFactory.doGetBean(AbstractBeanFactory.java:323)
	at org.springframework.beans.factory.support.AbstractBeanFactory.getBean(AbstractBeanFactory.java:199)
	at org.springframework.context.support.AbstractApplicationContext.getBean(AbstractApplicationContext.java:1166)
	at org.springframework.context.support.AbstractApplicationContext.finishBeanFactoryInitialization(AbstractApplicationContext.java:940)
	at org.springframework.context.support.AbstractApplicationContext.refresh(AbstractApplicationContext.java:616)
	at org.springframework.boot.SpringApplication.refresh(SpringApplication.java:738)
	at org.springframework.boot.SpringApplication.refreshContext(SpringApplication.java:440)
	at org.springframework.boot.SpringApplication.run(SpringApplication.java:316)
	at org.springframework.boot.test.context.SpringBootContextLoader.lambda$loadContext$3(SpringBootContextLoader.java:137)
	at org.springframework.util.function.ThrowingSupplier.get(ThrowingSupplier.java:58)
	at org.springframework.util.function.ThrowingSupplier.get(ThrowingSupplier.java:46)
	at org.springframework.boot.SpringApplication.withHook(SpringApplication.java:1406)
	at org.springframework.boot.test.context.SpringBootContextLoader$ContextLoaderHook.run(SpringBootContextLoader.java:545)
	at org.springframework.boot.test.context.SpringBootContextLoader.loadContext(SpringBootContextLoader.java:137)
	at org.springframework.boot.test.context.SpringBootContextLoader.loadContext(SpringBootContextLoader.java:108)
	at org.springframework.test.context.cache.DefaultCacheAwareContextLoaderDelegate.loadContextInternal(DefaultCacheAwareContextLoaderDelegate.java:187)
	at org.springframework.test.context.cache.DefaultCacheAwareContextLoaderDelegate.loadContext(DefaultCacheAwareContextLoaderDelegate.java:119)
	at org.springframework.test.context.support.DefaultTestContext.getApplicationContext(DefaultTestContext.java:127)
	at org.springframework.test.context.web.ServletTestExecutionListener.setUpRequestContextIfNecessary(ServletTestExecutionListener.java:191)
	at org.springframework.test.context.web.ServletTestExecutionListener.prepareTestInstance(ServletTestExecutionListener.java:130)
	at org.springframework.test.context.TestContextManager.prepareTestInstance(TestContextManager.java:241)
	at org.springframework.test.context.junit.jupiter.SpringExtension.postProcessTestInstance(SpringExtension.java:138)
	at org.junit.jupiter.engine.descriptor.ClassBasedTestDescriptor.lambda$invokeTestInstancePostProcessors$10(ClassBasedTestDescriptor.java:377)
	at org.junit.jupiter.engine.descriptor.ClassBasedTestDescriptor.executeAndMaskThrowable(ClassBasedTestDescriptor.java:382)
	at org.junit.jupiter.engine.descriptor.ClassBasedTestDescriptor.lambda$invokeTestInstancePostProcessors$11(ClassBasedTestDescriptor.java:377)
	at java.base/java.util.stream.ReferencePipeline$3$1.accept(ReferencePipeline.java:197)
	at java.base/java.util.stream.ReferencePipeline$2$1.accept(ReferencePipeline.java:179)
	at java.base/java.util.ArrayList$ArrayListSpliterator.forEachRemaining(ArrayList.java:1625)
	at java.base/java.util.stream.AbstractPipeline.copyInto(AbstractPipeline.java:509)
	at java.base/java.util.stream.AbstractPipeline.wrapAndCopyInto(AbstractPipeline.java:499)
	at java.base/java.util.stream.StreamSpliterators$WrappingSpliterator.forEachRemaining(StreamSpliterators.java:310)
	at java.base/java.util.stream.Streams$ConcatSpliterator.forEachRemaining(Streams.java:735)
	at java.base/java.util.stream.Streams$ConcatSpliterator.forEachRemaining(Streams.java:734)
	at java.base/java.util.stream.ReferencePipeline$Head.forEach(ReferencePipeline.java:762)
	at org.junit.jupiter.engine.descriptor.ClassBasedTestDescriptor.invokeTestInstancePostProcessors(ClassBasedTestDescriptor.java:376)
	at org.junit.jupiter.engine.descriptor.ClassBasedTestDescriptor.lambda$instantiateAndPostProcessTestInstance$6(ClassBasedTestDescriptor.java:289)
	at org.junit.platform.engine.support.hierarchical.ThrowableCollector.execute(ThrowableCollector.java:73)
	at org.junit.jupiter.engine.descriptor.ClassBasedTestDescriptor.instantiateAndPostProcessTestInstance(ClassBasedTestDescriptor.java:288)
	at org.junit.jupiter.engine.descriptor.ClassBasedTestDescriptor.lambda$testInstancesProvider$4(ClassBasedTestDescriptor.java:278)
	at java.base/java.util.Optional.orElseGet(Optional.java:364)
	at org.junit.jupiter.engine.descriptor.ClassBasedTestDescriptor.lambda$testInstancesProvider$5(ClassBasedTestDescriptor.java:277)
	at org.junit.jupiter.engine.execution.TestInstancesProvider.getTestInstances(TestInstancesProvider.java:31)
	at org.junit.jupiter.engine.descriptor.TestMethodTestDescriptor.lambda$prepare$0(TestMethodTestDescriptor.java:105)
	at org.junit.platform.engine.support.hierarchical.ThrowableCollector.execute(ThrowableCollector.java:73)
	at org.junit.jupiter.engine.descriptor.TestMethodTestDescriptor.prepare(TestMethodTestDescriptor.java:104)
	at org.junit.jupiter.engine.descriptor.TestMethodTestDescriptor.prepare(TestMethodTestDescriptor.java:68)
	at org.junit.platform.engine.support.hierarchical.NodeTestTask.lambda$prepare$2(NodeTestTask.java:123)
	at org.junit.platform.engine.support.hierarchical.ThrowableCollector.execute(ThrowableCollector.java:73)
	at org.junit.platform.engine.support.hierarchical.NodeTestTask.prepare(NodeTestTask.java:123)
	at org.junit.platform.engine.support.hierarchical.NodeTestTask.execute(NodeTestTask.java:90)
	at java.base/java.util.ArrayList.forEach(ArrayList.java:1511)
	at org.junit.platform.engine.support.hierarchical.SameThreadHierarchicalTestExecutorService.invokeAll(SameThreadHierarchicalTestExecutorService.java:41)
	at org.junit.platform.engine.support.hierarchical.NodeTestTask.lambda$executeRecursively$6(NodeTestTask.java:155)
	at org.junit.platform.engine.support.hierarchical.ThrowableCollector.execute(ThrowableCollector.java:73)
	at org.junit.platform.engine.support.hierarchical.NodeTestTask.lambda$executeRecursively$8(NodeTestTask.java:141)
	at org.junit.platform.engine.support.hierarchical.Node.around(Node.java:137)
	at org.junit.platform.engine.support.hierarchical.NodeTestTask.lambda$executeRecursively$9(NodeTestTask.java:139)
	at org.junit.platform.engine.support.hierarchical.ThrowableCollector.execute(ThrowableCollector.java:73)
	at org.junit.platform.engine.support.hierarchical.NodeTestTask.executeRecursively(NodeTestTask.java:138)
	at org.junit.platform.engine.support.hierarchical.NodeTestTask.execute(NodeTestTask.java:95)
	at java.base/java.util.ArrayList.forEach(ArrayList.java:1511)
	at org.junit.platform.engine.support.hierarchical.SameThreadHierarchicalTestExecutorService.invokeAll(SameThreadHierarchicalTestExecutorService.java:41)
	at org.junit.platform.engine.support.hierarchical.NodeTestTask.lambda$executeRecursively$6(NodeTestTask.java:155)
	at org.junit.platform.engine.support.hierarchical.ThrowableCollector.execute(ThrowableCollector.java:73)
	at org.junit.platform.engine.support.hierarchical.NodeTestTask.lambda$executeRecursively$8(NodeTestTask.java:141)
	at org.junit.platform.engine.support.hierarchical.Node.around(Node.java:137)
	at org.junit.platform.engine.support.hierarchical.NodeTestTask.lambda$executeRecursively$9(NodeTestTask.java:139)
	at org.junit.platform.engine.support.hierarchical.ThrowableCollector.execute(ThrowableCollector.java:73)
	at org.junit.platform.engine.support.hierarchical.NodeTestTask.executeRecursively(NodeTestTask.java:138)
	at org.junit.platform.engine.support.hierarchical.NodeTestTask.execute(NodeTestTask.java:95)
	at org.junit.platform.engine.support.hierarchical.SameThreadHierarchicalTestExecutorService.submit(SameThreadHierarchicalTestExecutorService.java:35)
	at org.junit.platform.engine.support.hierarchical.HierarchicalTestExecutor.execute(HierarchicalTestExecutor.java:57)
	at org.junit.platform.engine.support.hierarchical.HierarchicalTestEngine.execute(HierarchicalTestEngine.java:54)
	at org.junit.platform.launcher.core.EngineExecutionOrchestrator.execute(EngineExecutionOrchestrator.java:147)
	at org.junit.platform.launcher.core.EngineExecutionOrchestrator.execute(EngineExecutionOrchestrator.java:127)
	at org.junit.platform.launcher.core.EngineExecutionOrchestrator.execute(EngineExecutionOrchestrator.java:90)
	at org.junit.platform.launcher.core.EngineExecutionOrchestrator.lambda$execute$0(EngineExecutionOrchestrator.java:55)
	at org.junit.platform.launcher.core.EngineExecutionOrchestrator.withInterceptedStreams(EngineExecutionOrchestrator.java:102)
	at org.junit.platform.launcher.core.EngineExecutionOrchestrator.execute(EngineExecutionOrchestrator.java:54)
	at org.junit.platform.launcher.core.DefaultLauncher.execute(DefaultLauncher.java:114)
	at org.junit.platform.launcher.core.DefaultLauncher.execute(DefaultLauncher.java:86)
	at org.junit.platform.launcher.core.DefaultLauncherSession$DelegatingLauncher.execute(DefaultLauncherSession.java:86)
	at org.apache.maven.surefire.junitplatform.LazyLauncher.execute(LazyLauncher.java:50)
	at org.apache.maven.surefire.junitplatform.JUnitPlatformProvider.execute(JUnitPlatformProvider.java:184)
	at org.apache.maven.surefire.junitplatform.JUnitPlatformProvider.invokeAllTests(JUnitPlatformProvider.java:148)
	at org.apache.maven.surefire.junitplatform.JUnitPlatformProvider.invoke(JUnitPlatformProvider.java:122)
	at org.apache.maven.surefire.booter.ForkedBooter.runSuitesInProcess(ForkedBooter.java:385)
	at org.apache.maven.surefire.booter.ForkedBooter.execute(ForkedBooter.java:162)
	at org.apache.maven.surefire.booter.ForkedBooter.run(ForkedBooter.java:507)
	at org.apache.maven.surefire.booter.ForkedBooter.main(ForkedBooter.java:495)
2023-11-24 12:36:46,609 DEBUG o.h.o.s.a.tree [SqlTreePrinter.java:46] SQL AST Tree:
    SelectStatement {
      FromClause {
        StandardTableGroup (p1 : franco.maurizio.hr.desk.com.persistence.entity.PositionUserOwner) {
          primaryTableReference : positionuserowner as p1_0
        }
      }
    }

2023-11-24 12:36:46,610 DEBUG o.h.p.e.AbstractEntityPersister [AbstractEntityPersister.java:2904] Static SQL for entity: franco.maurizio.hr.desk.com.persistence.entity.Question
2023-11-24 12:36:46,611 DEBUG o.h.p.e.AbstractEntityPersister [AbstractEntityPersister.java:2909]  Version select: select id from questions where id=?
2023-11-24 12:36:46,611 DEBUG o.h.p.e.AbstractEntityPersister [DelegatingBasicLogger.java:393]  Insert (0): insert into questions (ansa,ansb,ansc,ansd,anse,ansf,ansg,ansh,cansa,cansb,cansc,cansd,canse,cansf,cansg,cansh,description,full_answer,label) values (?,?,?,?,?,?,?,?,?,?,?,?,?,?,?,?,?,?,?)
2023-11-24 12:36:46,611 DEBUG o.h.p.e.AbstractEntityPersister [DelegatingBasicLogger.java:393]  Update (0): update questions set ansa=?,ansb=?,ansc=?,ansd=?,anse=?,ansf=?,ansg=?,ansh=?,cansa=?,cansb=?,cansc=?,cansd=?,canse=?,cansf=?,cansg=?,cansh=?,description=?,full_answer=?,label=? where id=?
2023-11-24 12:36:46,611 DEBUG o.h.p.e.AbstractEntityPersister [DelegatingBasicLogger.java:393]  Delete (0): delete from questions where id=?
2023-11-24 12:36:46,611 DEBUG o.h.o.s.a.create [SqlAliasBaseImpl.java:33] Created new SQL alias : q1_0
2023-11-24 12:36:46,612 DEBUG o.h.o.s.a.create [SimpleFromClauseAccessImpl.java:98] Registration of TableGroup [StandardTableGroup(franco.maurizio.hr.desk.com.persistence.entity.Question)] with identifierForTableGroup [franco.maurizio.hr.desk.com.persistence.entity.Question] for NavigablePath [franco.maurizio.hr.desk.com.persistence.entity.Question] 
2023-11-24 12:36:46,612 TRACE o.h.l.a.i.LoaderSelectBuilder [LoaderSelectBuilder.java:779] Starting visitation of FetchParent's Fetchables : franco.maurizio.hr.desk.com.persistence.entity.Question
2023-11-24 12:36:46,613 DEBUG o.h.o.r.g.AST [DomainResultGraphPrinter.java:67] DomainResult Graph:
 \-EntityResultImpl [franco.maurizio.hr.desk.com.persistence.entity.Question]
 |  +-BasicFetch [franco.maurizio.hr.desk.com.persistence.entity.Question.ansa]
 |  +-BasicFetch [franco.maurizio.hr.desk.com.persistence.entity.Question.ansb]
 |  +-BasicFetch [franco.maurizio.hr.desk.com.persistence.entity.Question.ansc]
 |  +-BasicFetch [franco.maurizio.hr.desk.com.persistence.entity.Question.ansd]
 |  +-BasicFetch [franco.maurizio.hr.desk.com.persistence.entity.Question.anse]
 |  +-BasicFetch [franco.maurizio.hr.desk.com.persistence.entity.Question.ansf]
 |  +-BasicFetch [franco.maurizio.hr.desk.com.persistence.entity.Question.ansg]
 |  +-BasicFetch [franco.maurizio.hr.desk.com.persistence.entity.Question.ansh]
 |  +-BasicFetch [franco.maurizio.hr.desk.com.persistence.entity.Question.cansa]
 |  +-BasicFetch [franco.maurizio.hr.desk.com.persistence.entity.Question.cansb]
 |  +-BasicFetch [franco.maurizio.hr.desk.com.persistence.entity.Question.cansc]
 |  +-BasicFetch [franco.maurizio.hr.desk.com.persistence.entity.Question.cansd]
 |  +-BasicFetch [franco.maurizio.hr.desk.com.persistence.entity.Question.canse]
 |  +-BasicFetch [franco.maurizio.hr.desk.com.persistence.entity.Question.cansf]
 |  +-BasicFetch [franco.maurizio.hr.desk.com.persistence.entity.Question.cansg]
 |  +-BasicFetch [franco.maurizio.hr.desk.com.persistence.entity.Question.cansh]
 |  +-BasicFetch [franco.maurizio.hr.desk.com.persistence.entity.Question.description]
 |  +-BasicFetch [franco.maurizio.hr.desk.com.persistence.entity.Question.fullAnswer]
 |  \-BasicFetch [franco.maurizio.hr.desk.com.persistence.entity.Question.label]

2023-11-24 12:36:46,613 TRACE o.h.o.r.g.AST [DomainResultGraphPrinter.java:70] Stack trace calling DomainResultGraphPrinter
java.lang.Exception: null
	at org.hibernate.sql.results.graph.DomainResultGraphPrinter.visitDomainResults(DomainResultGraphPrinter.java:70)
	at org.hibernate.sql.results.graph.DomainResultGraphPrinter.logDomainResultGraph(DomainResultGraphPrinter.java:46)
	at org.hibernate.sql.results.graph.DomainResultGraphPrinter.logDomainResultGraph(DomainResultGraphPrinter.java:37)
	at org.hibernate.sql.ast.spi.AbstractSqlAstTranslator.translateSelect(AbstractSqlAstTranslator.java:848)
	at org.hibernate.sql.ast.spi.AbstractSqlAstTranslator.translate(AbstractSqlAstTranslator.java:801)
	at org.hibernate.loader.ast.internal.SingleIdLoadPlan.<init>(SingleIdLoadPlan.java:67)
	at org.hibernate.loader.ast.internal.SingleIdEntityLoaderStandardImpl.createLoadPlan(SingleIdEntityLoaderStandardImpl.java:197)
	at org.hibernate.loader.ast.internal.SingleIdEntityLoaderStandardImpl.prepare(SingleIdEntityLoaderStandardImpl.java:55)
	at org.hibernate.persister.entity.AbstractEntityPersister.prepareLoader(AbstractEntityPersister.java:3486)
	at org.hibernate.persister.entity.AbstractEntityPersister.postInstantiate(AbstractEntityPersister.java:3480)
	at org.hibernate.metamodel.model.domain.internal.MappingMetamodelImpl.finishInitialization(MappingMetamodelImpl.java:204)
	at org.hibernate.internal.SessionFactoryImpl.initializeMappingModel(SessionFactoryImpl.java:321)
	at org.hibernate.internal.SessionFactoryImpl.<init>(SessionFactoryImpl.java:271)
	at org.hibernate.boot.internal.SessionFactoryBuilderImpl.build(SessionFactoryBuilderImpl.java:444)
	at org.hibernate.jpa.boot.internal.EntityManagerFactoryBuilderImpl.build(EntityManagerFactoryBuilderImpl.java:1458)
	at org.springframework.orm.jpa.vendor.SpringHibernateJpaPersistenceProvider.createContainerEntityManagerFactory(SpringHibernateJpaPersistenceProvider.java:75)
	at org.springframework.orm.jpa.LocalContainerEntityManagerFactoryBean.createNativeEntityManagerFactory(LocalContainerEntityManagerFactoryBean.java:376)
	at org.springframework.orm.jpa.AbstractEntityManagerFactoryBean.buildNativeEntityManagerFactory(AbstractEntityManagerFactoryBean.java:409)
	at org.springframework.orm.jpa.AbstractEntityManagerFactoryBean.afterPropertiesSet(AbstractEntityManagerFactoryBean.java:396)
	at org.springframework.orm.jpa.LocalContainerEntityManagerFactoryBean.afterPropertiesSet(LocalContainerEntityManagerFactoryBean.java:352)
	at org.springframework.beans.factory.support.AbstractAutowireCapableBeanFactory.invokeInitMethods(AbstractAutowireCapableBeanFactory.java:1817)
	at org.springframework.beans.factory.support.AbstractAutowireCapableBeanFactory.initializeBean(AbstractAutowireCapableBeanFactory.java:1766)
	at org.springframework.beans.factory.support.AbstractAutowireCapableBeanFactory.doCreateBean(AbstractAutowireCapableBeanFactory.java:598)
	at org.springframework.beans.factory.support.AbstractAutowireCapableBeanFactory.createBean(AbstractAutowireCapableBeanFactory.java:520)
	at org.springframework.beans.factory.support.AbstractBeanFactory.lambda$doGetBean$0(AbstractBeanFactory.java:325)
	at org.springframework.beans.factory.support.DefaultSingletonBeanRegistry.getSingleton(DefaultSingletonBeanRegistry.java:234)
	at org.springframework.beans.factory.support.AbstractBeanFactory.doGetBean(AbstractBeanFactory.java:323)
	at org.springframework.beans.factory.support.AbstractBeanFactory.getBean(AbstractBeanFactory.java:199)
	at org.springframework.context.support.AbstractApplicationContext.getBean(AbstractApplicationContext.java:1166)
	at org.springframework.context.support.AbstractApplicationContext.finishBeanFactoryInitialization(AbstractApplicationContext.java:940)
	at org.springframework.context.support.AbstractApplicationContext.refresh(AbstractApplicationContext.java:616)
	at org.springframework.boot.SpringApplication.refresh(SpringApplication.java:738)
	at org.springframework.boot.SpringApplication.refreshContext(SpringApplication.java:440)
	at org.springframework.boot.SpringApplication.run(SpringApplication.java:316)
	at org.springframework.boot.test.context.SpringBootContextLoader.lambda$loadContext$3(SpringBootContextLoader.java:137)
	at org.springframework.util.function.ThrowingSupplier.get(ThrowingSupplier.java:58)
	at org.springframework.util.function.ThrowingSupplier.get(ThrowingSupplier.java:46)
	at org.springframework.boot.SpringApplication.withHook(SpringApplication.java:1406)
	at org.springframework.boot.test.context.SpringBootContextLoader$ContextLoaderHook.run(SpringBootContextLoader.java:545)
	at org.springframework.boot.test.context.SpringBootContextLoader.loadContext(SpringBootContextLoader.java:137)
	at org.springframework.boot.test.context.SpringBootContextLoader.loadContext(SpringBootContextLoader.java:108)
	at org.springframework.test.context.cache.DefaultCacheAwareContextLoaderDelegate.loadContextInternal(DefaultCacheAwareContextLoaderDelegate.java:187)
	at org.springframework.test.context.cache.DefaultCacheAwareContextLoaderDelegate.loadContext(DefaultCacheAwareContextLoaderDelegate.java:119)
	at org.springframework.test.context.support.DefaultTestContext.getApplicationContext(DefaultTestContext.java:127)
	at org.springframework.test.context.web.ServletTestExecutionListener.setUpRequestContextIfNecessary(ServletTestExecutionListener.java:191)
	at org.springframework.test.context.web.ServletTestExecutionListener.prepareTestInstance(ServletTestExecutionListener.java:130)
	at org.springframework.test.context.TestContextManager.prepareTestInstance(TestContextManager.java:241)
	at org.springframework.test.context.junit.jupiter.SpringExtension.postProcessTestInstance(SpringExtension.java:138)
	at org.junit.jupiter.engine.descriptor.ClassBasedTestDescriptor.lambda$invokeTestInstancePostProcessors$10(ClassBasedTestDescriptor.java:377)
	at org.junit.jupiter.engine.descriptor.ClassBasedTestDescriptor.executeAndMaskThrowable(ClassBasedTestDescriptor.java:382)
	at org.junit.jupiter.engine.descriptor.ClassBasedTestDescriptor.lambda$invokeTestInstancePostProcessors$11(ClassBasedTestDescriptor.java:377)
	at java.base/java.util.stream.ReferencePipeline$3$1.accept(ReferencePipeline.java:197)
	at java.base/java.util.stream.ReferencePipeline$2$1.accept(ReferencePipeline.java:179)
	at java.base/java.util.ArrayList$ArrayListSpliterator.forEachRemaining(ArrayList.java:1625)
	at java.base/java.util.stream.AbstractPipeline.copyInto(AbstractPipeline.java:509)
	at java.base/java.util.stream.AbstractPipeline.wrapAndCopyInto(AbstractPipeline.java:499)
	at java.base/java.util.stream.StreamSpliterators$WrappingSpliterator.forEachRemaining(StreamSpliterators.java:310)
	at java.base/java.util.stream.Streams$ConcatSpliterator.forEachRemaining(Streams.java:735)
	at java.base/java.util.stream.Streams$ConcatSpliterator.forEachRemaining(Streams.java:734)
	at java.base/java.util.stream.ReferencePipeline$Head.forEach(ReferencePipeline.java:762)
	at org.junit.jupiter.engine.descriptor.ClassBasedTestDescriptor.invokeTestInstancePostProcessors(ClassBasedTestDescriptor.java:376)
	at org.junit.jupiter.engine.descriptor.ClassBasedTestDescriptor.lambda$instantiateAndPostProcessTestInstance$6(ClassBasedTestDescriptor.java:289)
	at org.junit.platform.engine.support.hierarchical.ThrowableCollector.execute(ThrowableCollector.java:73)
	at org.junit.jupiter.engine.descriptor.ClassBasedTestDescriptor.instantiateAndPostProcessTestInstance(ClassBasedTestDescriptor.java:288)
	at org.junit.jupiter.engine.descriptor.ClassBasedTestDescriptor.lambda$testInstancesProvider$4(ClassBasedTestDescriptor.java:278)
	at java.base/java.util.Optional.orElseGet(Optional.java:364)
	at org.junit.jupiter.engine.descriptor.ClassBasedTestDescriptor.lambda$testInstancesProvider$5(ClassBasedTestDescriptor.java:277)
	at org.junit.jupiter.engine.execution.TestInstancesProvider.getTestInstances(TestInstancesProvider.java:31)
	at org.junit.jupiter.engine.descriptor.TestMethodTestDescriptor.lambda$prepare$0(TestMethodTestDescriptor.java:105)
	at org.junit.platform.engine.support.hierarchical.ThrowableCollector.execute(ThrowableCollector.java:73)
	at org.junit.jupiter.engine.descriptor.TestMethodTestDescriptor.prepare(TestMethodTestDescriptor.java:104)
	at org.junit.jupiter.engine.descriptor.TestMethodTestDescriptor.prepare(TestMethodTestDescriptor.java:68)
	at org.junit.platform.engine.support.hierarchical.NodeTestTask.lambda$prepare$2(NodeTestTask.java:123)
	at org.junit.platform.engine.support.hierarchical.ThrowableCollector.execute(ThrowableCollector.java:73)
	at org.junit.platform.engine.support.hierarchical.NodeTestTask.prepare(NodeTestTask.java:123)
	at org.junit.platform.engine.support.hierarchical.NodeTestTask.execute(NodeTestTask.java:90)
	at java.base/java.util.ArrayList.forEach(ArrayList.java:1511)
	at org.junit.platform.engine.support.hierarchical.SameThreadHierarchicalTestExecutorService.invokeAll(SameThreadHierarchicalTestExecutorService.java:41)
	at org.junit.platform.engine.support.hierarchical.NodeTestTask.lambda$executeRecursively$6(NodeTestTask.java:155)
	at org.junit.platform.engine.support.hierarchical.ThrowableCollector.execute(ThrowableCollector.java:73)
	at org.junit.platform.engine.support.hierarchical.NodeTestTask.lambda$executeRecursively$8(NodeTestTask.java:141)
	at org.junit.platform.engine.support.hierarchical.Node.around(Node.java:137)
	at org.junit.platform.engine.support.hierarchical.NodeTestTask.lambda$executeRecursively$9(NodeTestTask.java:139)
	at org.junit.platform.engine.support.hierarchical.ThrowableCollector.execute(ThrowableCollector.java:73)
	at org.junit.platform.engine.support.hierarchical.NodeTestTask.executeRecursively(NodeTestTask.java:138)
	at org.junit.platform.engine.support.hierarchical.NodeTestTask.execute(NodeTestTask.java:95)
	at java.base/java.util.ArrayList.forEach(ArrayList.java:1511)
	at org.junit.platform.engine.support.hierarchical.SameThreadHierarchicalTestExecutorService.invokeAll(SameThreadHierarchicalTestExecutorService.java:41)
	at org.junit.platform.engine.support.hierarchical.NodeTestTask.lambda$executeRecursively$6(NodeTestTask.java:155)
	at org.junit.platform.engine.support.hierarchical.ThrowableCollector.execute(ThrowableCollector.java:73)
	at org.junit.platform.engine.support.hierarchical.NodeTestTask.lambda$executeRecursively$8(NodeTestTask.java:141)
	at org.junit.platform.engine.support.hierarchical.Node.around(Node.java:137)
	at org.junit.platform.engine.support.hierarchical.NodeTestTask.lambda$executeRecursively$9(NodeTestTask.java:139)
	at org.junit.platform.engine.support.hierarchical.ThrowableCollector.execute(ThrowableCollector.java:73)
	at org.junit.platform.engine.support.hierarchical.NodeTestTask.executeRecursively(NodeTestTask.java:138)
	at org.junit.platform.engine.support.hierarchical.NodeTestTask.execute(NodeTestTask.java:95)
	at org.junit.platform.engine.support.hierarchical.SameThreadHierarchicalTestExecutorService.submit(SameThreadHierarchicalTestExecutorService.java:35)
	at org.junit.platform.engine.support.hierarchical.HierarchicalTestExecutor.execute(HierarchicalTestExecutor.java:57)
	at org.junit.platform.engine.support.hierarchical.HierarchicalTestEngine.execute(HierarchicalTestEngine.java:54)
	at org.junit.platform.launcher.core.EngineExecutionOrchestrator.execute(EngineExecutionOrchestrator.java:147)
	at org.junit.platform.launcher.core.EngineExecutionOrchestrator.execute(EngineExecutionOrchestrator.java:127)
	at org.junit.platform.launcher.core.EngineExecutionOrchestrator.execute(EngineExecutionOrchestrator.java:90)
	at org.junit.platform.launcher.core.EngineExecutionOrchestrator.lambda$execute$0(EngineExecutionOrchestrator.java:55)
	at org.junit.platform.launcher.core.EngineExecutionOrchestrator.withInterceptedStreams(EngineExecutionOrchestrator.java:102)
	at org.junit.platform.launcher.core.EngineExecutionOrchestrator.execute(EngineExecutionOrchestrator.java:54)
	at org.junit.platform.launcher.core.DefaultLauncher.execute(DefaultLauncher.java:114)
	at org.junit.platform.launcher.core.DefaultLauncher.execute(DefaultLauncher.java:86)
	at org.junit.platform.launcher.core.DefaultLauncherSession$DelegatingLauncher.execute(DefaultLauncherSession.java:86)
	at org.apache.maven.surefire.junitplatform.LazyLauncher.execute(LazyLauncher.java:50)
	at org.apache.maven.surefire.junitplatform.JUnitPlatformProvider.execute(JUnitPlatformProvider.java:184)
	at org.apache.maven.surefire.junitplatform.JUnitPlatformProvider.invokeAllTests(JUnitPlatformProvider.java:148)
	at org.apache.maven.surefire.junitplatform.JUnitPlatformProvider.invoke(JUnitPlatformProvider.java:122)
	at org.apache.maven.surefire.booter.ForkedBooter.runSuitesInProcess(ForkedBooter.java:385)
	at org.apache.maven.surefire.booter.ForkedBooter.execute(ForkedBooter.java:162)
	at org.apache.maven.surefire.booter.ForkedBooter.run(ForkedBooter.java:507)
	at org.apache.maven.surefire.booter.ForkedBooter.main(ForkedBooter.java:495)
2023-11-24 12:36:46,614 DEBUG o.h.o.s.a.tree [SqlTreePrinter.java:46] SQL AST Tree:
    SelectStatement {
      FromClause {
        StandardTableGroup (q1 : franco.maurizio.hr.desk.com.persistence.entity.Question) {
          primaryTableReference : questions as q1_0
        }
      }
    }

2023-11-24 12:36:46,616 DEBUG o.h.p.e.AbstractEntityPersister [AbstractEntityPersister.java:2904] Static SQL for entity: franco.maurizio.hr.desk.com.persistence.entity.Candidate
2023-11-24 12:36:46,616 DEBUG o.h.p.e.AbstractEntityPersister [AbstractEntityPersister.java:2909]  Version select: select id from candidates where id=?
2023-11-24 12:36:46,616 DEBUG o.h.p.e.AbstractEntityPersister [DelegatingBasicLogger.java:393]  Insert (0): insert into candidates (candidacy_date_time,candidate_state_code,course_code,cv_external_path,dateofbirth,domicile_city,email,firstname,graduate,high_graduate,hr_note,imgpath,inserted_by,label,lastname,mobile,regdate,still_high_study,study_qualification,technical_note) values (?,?,?,?,?,?,?,?,?,?,?,?,?,?,?,?,?,?,?,?)
2023-11-24 12:36:46,617 DEBUG o.h.p.e.AbstractEntityPersister [DelegatingBasicLogger.java:393]  Update (0): update candidates set candidacy_date_time=?,candidate_state_code=?,course_code=?,cv_external_path=?,dateofbirth=?,domicile_city=?,email=?,firstname=?,graduate=?,high_graduate=?,hr_note=?,imgpath=?,inserted_by=?,label=?,lastname=?,mobile=?,regdate=?,still_high_study=?,study_qualification=?,technical_note=? where id=?
2023-11-24 12:36:46,617 DEBUG o.h.p.e.AbstractEntityPersister [DelegatingBasicLogger.java:393]  Delete (0): delete from candidates where id=?
2023-11-24 12:36:46,617 DEBUG o.h.o.s.a.create [SqlAliasBaseImpl.java:33] Created new SQL alias : c1_0
2023-11-24 12:36:46,617 DEBUG o.h.o.s.a.create [SimpleFromClauseAccessImpl.java:98] Registration of TableGroup [StandardTableGroup(franco.maurizio.hr.desk.com.persistence.entity.Candidate)] with identifierForTableGroup [franco.maurizio.hr.desk.com.persistence.entity.Candidate] for NavigablePath [franco.maurizio.hr.desk.com.persistence.entity.Candidate] 
2023-11-24 12:36:46,617 TRACE o.h.l.a.i.LoaderSelectBuilder [LoaderSelectBuilder.java:779] Starting visitation of FetchParent's Fetchables : franco.maurizio.hr.desk.com.persistence.entity.Candidate
2023-11-24 12:36:46,619 DEBUG o.h.o.r.g.AST [DomainResultGraphPrinter.java:67] DomainResult Graph:
 \-EntityResultImpl [franco.maurizio.hr.desk.com.persistence.entity.Candidate]
 |  +-BasicFetch [franco.maurizio.hr.desk.com.persistence.entity.Candidate.candidacyDateTime]
 |  +-BasicFetch [franco.maurizio.hr.desk.com.persistence.entity.Candidate.candidateStateCode]
 |  +-BasicFetch [franco.maurizio.hr.desk.com.persistence.entity.Candidate.courseCode]
 |  +-BasicFetch [franco.maurizio.hr.desk.com.persistence.entity.Candidate.cvExternalPath]
 |  +-BasicFetch [franco.maurizio.hr.desk.com.persistence.entity.Candidate.dateOfBirth]
 |  +-BasicFetch [franco.maurizio.hr.desk.com.persistence.entity.Candidate.domicileCity]
 |  +-BasicFetch [franco.maurizio.hr.desk.com.persistence.entity.Candidate.email]
 |  +-BasicFetch [franco.maurizio.hr.desk.com.persistence.entity.Candidate.firstname]
 |  +-BasicFetch [franco.maurizio.hr.desk.com.persistence.entity.Candidate.graduate]
 |  +-BasicFetch [franco.maurizio.hr.desk.com.persistence.entity.Candidate.highGraduate]
 |  +-BasicFetch [franco.maurizio.hr.desk.com.persistence.entity.Candidate.hrNote]
 |  +-BasicFetch [franco.maurizio.hr.desk.com.persistence.entity.Candidate.imgpath]
 |  +-BasicFetch [franco.maurizio.hr.desk.com.persistence.entity.Candidate.insertedBy]
 |  +-BasicFetch [franco.maurizio.hr.desk.com.persistence.entity.Candidate.label]
 |  +-BasicFetch [franco.maurizio.hr.desk.com.persistence.entity.Candidate.lastname]
 |  +-BasicFetch [franco.maurizio.hr.desk.com.persistence.entity.Candidate.mobile]
 |  +-BasicFetch [franco.maurizio.hr.desk.com.persistence.entity.Candidate.regdate]
 |  +-BasicFetch [franco.maurizio.hr.desk.com.persistence.entity.Candidate.stillHighStudy]
 |  +-BasicFetch [franco.maurizio.hr.desk.com.persistence.entity.Candidate.studyQualification]
 |  \-BasicFetch [franco.maurizio.hr.desk.com.persistence.entity.Candidate.technicalNote]

2023-11-24 12:36:46,619 TRACE o.h.o.r.g.AST [DomainResultGraphPrinter.java:70] Stack trace calling DomainResultGraphPrinter
java.lang.Exception: null
	at org.hibernate.sql.results.graph.DomainResultGraphPrinter.visitDomainResults(DomainResultGraphPrinter.java:70)
	at org.hibernate.sql.results.graph.DomainResultGraphPrinter.logDomainResultGraph(DomainResultGraphPrinter.java:46)
	at org.hibernate.sql.results.graph.DomainResultGraphPrinter.logDomainResultGraph(DomainResultGraphPrinter.java:37)
	at org.hibernate.sql.ast.spi.AbstractSqlAstTranslator.translateSelect(AbstractSqlAstTranslator.java:848)
	at org.hibernate.sql.ast.spi.AbstractSqlAstTranslator.translate(AbstractSqlAstTranslator.java:801)
	at org.hibernate.loader.ast.internal.SingleIdLoadPlan.<init>(SingleIdLoadPlan.java:67)
	at org.hibernate.loader.ast.internal.SingleIdEntityLoaderStandardImpl.createLoadPlan(SingleIdEntityLoaderStandardImpl.java:197)
	at org.hibernate.loader.ast.internal.SingleIdEntityLoaderStandardImpl.prepare(SingleIdEntityLoaderStandardImpl.java:55)
	at org.hibernate.persister.entity.AbstractEntityPersister.prepareLoader(AbstractEntityPersister.java:3486)
	at org.hibernate.persister.entity.AbstractEntityPersister.postInstantiate(AbstractEntityPersister.java:3480)
	at org.hibernate.metamodel.model.domain.internal.MappingMetamodelImpl.finishInitialization(MappingMetamodelImpl.java:204)
	at org.hibernate.internal.SessionFactoryImpl.initializeMappingModel(SessionFactoryImpl.java:321)
	at org.hibernate.internal.SessionFactoryImpl.<init>(SessionFactoryImpl.java:271)
	at org.hibernate.boot.internal.SessionFactoryBuilderImpl.build(SessionFactoryBuilderImpl.java:444)
	at org.hibernate.jpa.boot.internal.EntityManagerFactoryBuilderImpl.build(EntityManagerFactoryBuilderImpl.java:1458)
	at org.springframework.orm.jpa.vendor.SpringHibernateJpaPersistenceProvider.createContainerEntityManagerFactory(SpringHibernateJpaPersistenceProvider.java:75)
	at org.springframework.orm.jpa.LocalContainerEntityManagerFactoryBean.createNativeEntityManagerFactory(LocalContainerEntityManagerFactoryBean.java:376)
	at org.springframework.orm.jpa.AbstractEntityManagerFactoryBean.buildNativeEntityManagerFactory(AbstractEntityManagerFactoryBean.java:409)
	at org.springframework.orm.jpa.AbstractEntityManagerFactoryBean.afterPropertiesSet(AbstractEntityManagerFactoryBean.java:396)
	at org.springframework.orm.jpa.LocalContainerEntityManagerFactoryBean.afterPropertiesSet(LocalContainerEntityManagerFactoryBean.java:352)
	at org.springframework.beans.factory.support.AbstractAutowireCapableBeanFactory.invokeInitMethods(AbstractAutowireCapableBeanFactory.java:1817)
	at org.springframework.beans.factory.support.AbstractAutowireCapableBeanFactory.initializeBean(AbstractAutowireCapableBeanFactory.java:1766)
	at org.springframework.beans.factory.support.AbstractAutowireCapableBeanFactory.doCreateBean(AbstractAutowireCapableBeanFactory.java:598)
	at org.springframework.beans.factory.support.AbstractAutowireCapableBeanFactory.createBean(AbstractAutowireCapableBeanFactory.java:520)
	at org.springframework.beans.factory.support.AbstractBeanFactory.lambda$doGetBean$0(AbstractBeanFactory.java:325)
	at org.springframework.beans.factory.support.DefaultSingletonBeanRegistry.getSingleton(DefaultSingletonBeanRegistry.java:234)
	at org.springframework.beans.factory.support.AbstractBeanFactory.doGetBean(AbstractBeanFactory.java:323)
	at org.springframework.beans.factory.support.AbstractBeanFactory.getBean(AbstractBeanFactory.java:199)
	at org.springframework.context.support.AbstractApplicationContext.getBean(AbstractApplicationContext.java:1166)
	at org.springframework.context.support.AbstractApplicationContext.finishBeanFactoryInitialization(AbstractApplicationContext.java:940)
	at org.springframework.context.support.AbstractApplicationContext.refresh(AbstractApplicationContext.java:616)
	at org.springframework.boot.SpringApplication.refresh(SpringApplication.java:738)
	at org.springframework.boot.SpringApplication.refreshContext(SpringApplication.java:440)
	at org.springframework.boot.SpringApplication.run(SpringApplication.java:316)
	at org.springframework.boot.test.context.SpringBootContextLoader.lambda$loadContext$3(SpringBootContextLoader.java:137)
	at org.springframework.util.function.ThrowingSupplier.get(ThrowingSupplier.java:58)
	at org.springframework.util.function.ThrowingSupplier.get(ThrowingSupplier.java:46)
	at org.springframework.boot.SpringApplication.withHook(SpringApplication.java:1406)
	at org.springframework.boot.test.context.SpringBootContextLoader$ContextLoaderHook.run(SpringBootContextLoader.java:545)
	at org.springframework.boot.test.context.SpringBootContextLoader.loadContext(SpringBootContextLoader.java:137)
	at org.springframework.boot.test.context.SpringBootContextLoader.loadContext(SpringBootContextLoader.java:108)
	at org.springframework.test.context.cache.DefaultCacheAwareContextLoaderDelegate.loadContextInternal(DefaultCacheAwareContextLoaderDelegate.java:187)
	at org.springframework.test.context.cache.DefaultCacheAwareContextLoaderDelegate.loadContext(DefaultCacheAwareContextLoaderDelegate.java:119)
	at org.springframework.test.context.support.DefaultTestContext.getApplicationContext(DefaultTestContext.java:127)
	at org.springframework.test.context.web.ServletTestExecutionListener.setUpRequestContextIfNecessary(ServletTestExecutionListener.java:191)
	at org.springframework.test.context.web.ServletTestExecutionListener.prepareTestInstance(ServletTestExecutionListener.java:130)
	at org.springframework.test.context.TestContextManager.prepareTestInstance(TestContextManager.java:241)
	at org.springframework.test.context.junit.jupiter.SpringExtension.postProcessTestInstance(SpringExtension.java:138)
	at org.junit.jupiter.engine.descriptor.ClassBasedTestDescriptor.lambda$invokeTestInstancePostProcessors$10(ClassBasedTestDescriptor.java:377)
	at org.junit.jupiter.engine.descriptor.ClassBasedTestDescriptor.executeAndMaskThrowable(ClassBasedTestDescriptor.java:382)
	at org.junit.jupiter.engine.descriptor.ClassBasedTestDescriptor.lambda$invokeTestInstancePostProcessors$11(ClassBasedTestDescriptor.java:377)
	at java.base/java.util.stream.ReferencePipeline$3$1.accept(ReferencePipeline.java:197)
	at java.base/java.util.stream.ReferencePipeline$2$1.accept(ReferencePipeline.java:179)
	at java.base/java.util.ArrayList$ArrayListSpliterator.forEachRemaining(ArrayList.java:1625)
	at java.base/java.util.stream.AbstractPipeline.copyInto(AbstractPipeline.java:509)
	at java.base/java.util.stream.AbstractPipeline.wrapAndCopyInto(AbstractPipeline.java:499)
	at java.base/java.util.stream.StreamSpliterators$WrappingSpliterator.forEachRemaining(StreamSpliterators.java:310)
	at java.base/java.util.stream.Streams$ConcatSpliterator.forEachRemaining(Streams.java:735)
	at java.base/java.util.stream.Streams$ConcatSpliterator.forEachRemaining(Streams.java:734)
	at java.base/java.util.stream.ReferencePipeline$Head.forEach(ReferencePipeline.java:762)
	at org.junit.jupiter.engine.descriptor.ClassBasedTestDescriptor.invokeTestInstancePostProcessors(ClassBasedTestDescriptor.java:376)
	at org.junit.jupiter.engine.descriptor.ClassBasedTestDescriptor.lambda$instantiateAndPostProcessTestInstance$6(ClassBasedTestDescriptor.java:289)
	at org.junit.platform.engine.support.hierarchical.ThrowableCollector.execute(ThrowableCollector.java:73)
	at org.junit.jupiter.engine.descriptor.ClassBasedTestDescriptor.instantiateAndPostProcessTestInstance(ClassBasedTestDescriptor.java:288)
	at org.junit.jupiter.engine.descriptor.ClassBasedTestDescriptor.lambda$testInstancesProvider$4(ClassBasedTestDescriptor.java:278)
	at java.base/java.util.Optional.orElseGet(Optional.java:364)
	at org.junit.jupiter.engine.descriptor.ClassBasedTestDescriptor.lambda$testInstancesProvider$5(ClassBasedTestDescriptor.java:277)
	at org.junit.jupiter.engine.execution.TestInstancesProvider.getTestInstances(TestInstancesProvider.java:31)
	at org.junit.jupiter.engine.descriptor.TestMethodTestDescriptor.lambda$prepare$0(TestMethodTestDescriptor.java:105)
	at org.junit.platform.engine.support.hierarchical.ThrowableCollector.execute(ThrowableCollector.java:73)
	at org.junit.jupiter.engine.descriptor.TestMethodTestDescriptor.prepare(TestMethodTestDescriptor.java:104)
	at org.junit.jupiter.engine.descriptor.TestMethodTestDescriptor.prepare(TestMethodTestDescriptor.java:68)
	at org.junit.platform.engine.support.hierarchical.NodeTestTask.lambda$prepare$2(NodeTestTask.java:123)
	at org.junit.platform.engine.support.hierarchical.ThrowableCollector.execute(ThrowableCollector.java:73)
	at org.junit.platform.engine.support.hierarchical.NodeTestTask.prepare(NodeTestTask.java:123)
	at org.junit.platform.engine.support.hierarchical.NodeTestTask.execute(NodeTestTask.java:90)
	at java.base/java.util.ArrayList.forEach(ArrayList.java:1511)
	at org.junit.platform.engine.support.hierarchical.SameThreadHierarchicalTestExecutorService.invokeAll(SameThreadHierarchicalTestExecutorService.java:41)
	at org.junit.platform.engine.support.hierarchical.NodeTestTask.lambda$executeRecursively$6(NodeTestTask.java:155)
	at org.junit.platform.engine.support.hierarchical.ThrowableCollector.execute(ThrowableCollector.java:73)
	at org.junit.platform.engine.support.hierarchical.NodeTestTask.lambda$executeRecursively$8(NodeTestTask.java:141)
	at org.junit.platform.engine.support.hierarchical.Node.around(Node.java:137)
	at org.junit.platform.engine.support.hierarchical.NodeTestTask.lambda$executeRecursively$9(NodeTestTask.java:139)
	at org.junit.platform.engine.support.hierarchical.ThrowableCollector.execute(ThrowableCollector.java:73)
	at org.junit.platform.engine.support.hierarchical.NodeTestTask.executeRecursively(NodeTestTask.java:138)
	at org.junit.platform.engine.support.hierarchical.NodeTestTask.execute(NodeTestTask.java:95)
	at java.base/java.util.ArrayList.forEach(ArrayList.java:1511)
	at org.junit.platform.engine.support.hierarchical.SameThreadHierarchicalTestExecutorService.invokeAll(SameThreadHierarchicalTestExecutorService.java:41)
	at org.junit.platform.engine.support.hierarchical.NodeTestTask.lambda$executeRecursively$6(NodeTestTask.java:155)
	at org.junit.platform.engine.support.hierarchical.ThrowableCollector.execute(ThrowableCollector.java:73)
	at org.junit.platform.engine.support.hierarchical.NodeTestTask.lambda$executeRecursively$8(NodeTestTask.java:141)
	at org.junit.platform.engine.support.hierarchical.Node.around(Node.java:137)
	at org.junit.platform.engine.support.hierarchical.NodeTestTask.lambda$executeRecursively$9(NodeTestTask.java:139)
	at org.junit.platform.engine.support.hierarchical.ThrowableCollector.execute(ThrowableCollector.java:73)
	at org.junit.platform.engine.support.hierarchical.NodeTestTask.executeRecursively(NodeTestTask.java:138)
	at org.junit.platform.engine.support.hierarchical.NodeTestTask.execute(NodeTestTask.java:95)
	at org.junit.platform.engine.support.hierarchical.SameThreadHierarchicalTestExecutorService.submit(SameThreadHierarchicalTestExecutorService.java:35)
	at org.junit.platform.engine.support.hierarchical.HierarchicalTestExecutor.execute(HierarchicalTestExecutor.java:57)
	at org.junit.platform.engine.support.hierarchical.HierarchicalTestEngine.execute(HierarchicalTestEngine.java:54)
	at org.junit.platform.launcher.core.EngineExecutionOrchestrator.execute(EngineExecutionOrchestrator.java:147)
	at org.junit.platform.launcher.core.EngineExecutionOrchestrator.execute(EngineExecutionOrchestrator.java:127)
	at org.junit.platform.launcher.core.EngineExecutionOrchestrator.execute(EngineExecutionOrchestrator.java:90)
	at org.junit.platform.launcher.core.EngineExecutionOrchestrator.lambda$execute$0(EngineExecutionOrchestrator.java:55)
	at org.junit.platform.launcher.core.EngineExecutionOrchestrator.withInterceptedStreams(EngineExecutionOrchestrator.java:102)
	at org.junit.platform.launcher.core.EngineExecutionOrchestrator.execute(EngineExecutionOrchestrator.java:54)
	at org.junit.platform.launcher.core.DefaultLauncher.execute(DefaultLauncher.java:114)
	at org.junit.platform.launcher.core.DefaultLauncher.execute(DefaultLauncher.java:86)
	at org.junit.platform.launcher.core.DefaultLauncherSession$DelegatingLauncher.execute(DefaultLauncherSession.java:86)
	at org.apache.maven.surefire.junitplatform.LazyLauncher.execute(LazyLauncher.java:50)
	at org.apache.maven.surefire.junitplatform.JUnitPlatformProvider.execute(JUnitPlatformProvider.java:184)
	at org.apache.maven.surefire.junitplatform.JUnitPlatformProvider.invokeAllTests(JUnitPlatformProvider.java:148)
	at org.apache.maven.surefire.junitplatform.JUnitPlatformProvider.invoke(JUnitPlatformProvider.java:122)
	at org.apache.maven.surefire.booter.ForkedBooter.runSuitesInProcess(ForkedBooter.java:385)
	at org.apache.maven.surefire.booter.ForkedBooter.execute(ForkedBooter.java:162)
	at org.apache.maven.surefire.booter.ForkedBooter.run(ForkedBooter.java:507)
	at org.apache.maven.surefire.booter.ForkedBooter.main(ForkedBooter.java:495)
2023-11-24 12:36:46,620 DEBUG o.h.o.s.a.tree [SqlTreePrinter.java:46] SQL AST Tree:
    SelectStatement {
      FromClause {
        StandardTableGroup (c1 : franco.maurizio.hr.desk.com.persistence.entity.Candidate) {
          primaryTableReference : candidates as c1_0
        }
      }
    }

2023-11-24 12:36:46,622 DEBUG o.h.p.e.AbstractEntityPersister [AbstractEntityPersister.java:2904] Static SQL for entity: franco.maurizio.hr.desk.com.persistence.entity.SurveyReply
2023-11-24 12:36:46,622 DEBUG o.h.p.e.AbstractEntityPersister [AbstractEntityPersister.java:2909]  Version select: select id from surveyreplies where id=?
2023-11-24 12:36:46,623 DEBUG o.h.p.e.AbstractEntityPersister [DelegatingBasicLogger.java:393]  Insert (0): insert into surveyreplies (answers,candidate_id,endtime,generated_token,pdffilename,points,starttime,survey_id) values (?,?,?,?,?,?,?,?)
2023-11-24 12:36:46,623 DEBUG o.h.p.e.AbstractEntityPersister [DelegatingBasicLogger.java:393]  Update (0): update surveyreplies set answers=?,candidate_id=?,endtime=?,generated_token=?,pdffilename=?,points=?,starttime=?,survey_id=? where id=?
2023-11-24 12:36:46,623 DEBUG o.h.p.e.AbstractEntityPersister [DelegatingBasicLogger.java:393]  Delete (0): delete from surveyreplies where id=?
2023-11-24 12:36:46,623 DEBUG o.h.o.s.a.create [SqlAliasBaseImpl.java:33] Created new SQL alias : s1_0
2023-11-24 12:36:46,623 DEBUG o.h.o.s.a.create [SimpleFromClauseAccessImpl.java:98] Registration of TableGroup [StandardTableGroup(franco.maurizio.hr.desk.com.persistence.entity.SurveyReply)] with identifierForTableGroup [franco.maurizio.hr.desk.com.persistence.entity.SurveyReply] for NavigablePath [franco.maurizio.hr.desk.com.persistence.entity.SurveyReply] 
2023-11-24 12:36:46,624 TRACE o.h.l.a.i.LoaderSelectBuilder [LoaderSelectBuilder.java:779] Starting visitation of FetchParent's Fetchables : franco.maurizio.hr.desk.com.persistence.entity.SurveyReply
2023-11-24 12:36:46,624 DEBUG o.h.o.r.g.AST [DomainResultGraphPrinter.java:67] DomainResult Graph:
 \-EntityResultImpl [franco.maurizio.hr.desk.com.persistence.entity.SurveyReply]
 |  +-BasicFetch [franco.maurizio.hr.desk.com.persistence.entity.SurveyReply.answers]
 |  +-BasicFetch [franco.maurizio.hr.desk.com.persistence.entity.SurveyReply.candidateId]
 |  +-BasicFetch [franco.maurizio.hr.desk.com.persistence.entity.SurveyReply.endtime]
 |  +-BasicFetch [franco.maurizio.hr.desk.com.persistence.entity.SurveyReply.generated_token]
 |  +-BasicFetch [franco.maurizio.hr.desk.com.persistence.entity.SurveyReply.pdffilename]
 |  +-BasicFetch [franco.maurizio.hr.desk.com.persistence.entity.SurveyReply.points]
 |  +-BasicFetch [franco.maurizio.hr.desk.com.persistence.entity.SurveyReply.starttime]
 |  \-BasicFetch [franco.maurizio.hr.desk.com.persistence.entity.SurveyReply.surveyId]

2023-11-24 12:36:46,625 TRACE o.h.o.r.g.AST [DomainResultGraphPrinter.java:70] Stack trace calling DomainResultGraphPrinter
java.lang.Exception: null
	at org.hibernate.sql.results.graph.DomainResultGraphPrinter.visitDomainResults(DomainResultGraphPrinter.java:70)
	at org.hibernate.sql.results.graph.DomainResultGraphPrinter.logDomainResultGraph(DomainResultGraphPrinter.java:46)
	at org.hibernate.sql.results.graph.DomainResultGraphPrinter.logDomainResultGraph(DomainResultGraphPrinter.java:37)
	at org.hibernate.sql.ast.spi.AbstractSqlAstTranslator.translateSelect(AbstractSqlAstTranslator.java:848)
	at org.hibernate.sql.ast.spi.AbstractSqlAstTranslator.translate(AbstractSqlAstTranslator.java:801)
	at org.hibernate.loader.ast.internal.SingleIdLoadPlan.<init>(SingleIdLoadPlan.java:67)
	at org.hibernate.loader.ast.internal.SingleIdEntityLoaderStandardImpl.createLoadPlan(SingleIdEntityLoaderStandardImpl.java:197)
	at org.hibernate.loader.ast.internal.SingleIdEntityLoaderStandardImpl.prepare(SingleIdEntityLoaderStandardImpl.java:55)
	at org.hibernate.persister.entity.AbstractEntityPersister.prepareLoader(AbstractEntityPersister.java:3486)
	at org.hibernate.persister.entity.AbstractEntityPersister.postInstantiate(AbstractEntityPersister.java:3480)
	at org.hibernate.metamodel.model.domain.internal.MappingMetamodelImpl.finishInitialization(MappingMetamodelImpl.java:204)
	at org.hibernate.internal.SessionFactoryImpl.initializeMappingModel(SessionFactoryImpl.java:321)
	at org.hibernate.internal.SessionFactoryImpl.<init>(SessionFactoryImpl.java:271)
	at org.hibernate.boot.internal.SessionFactoryBuilderImpl.build(SessionFactoryBuilderImpl.java:444)
	at org.hibernate.jpa.boot.internal.EntityManagerFactoryBuilderImpl.build(EntityManagerFactoryBuilderImpl.java:1458)
	at org.springframework.orm.jpa.vendor.SpringHibernateJpaPersistenceProvider.createContainerEntityManagerFactory(SpringHibernateJpaPersistenceProvider.java:75)
	at org.springframework.orm.jpa.LocalContainerEntityManagerFactoryBean.createNativeEntityManagerFactory(LocalContainerEntityManagerFactoryBean.java:376)
	at org.springframework.orm.jpa.AbstractEntityManagerFactoryBean.buildNativeEntityManagerFactory(AbstractEntityManagerFactoryBean.java:409)
	at org.springframework.orm.jpa.AbstractEntityManagerFactoryBean.afterPropertiesSet(AbstractEntityManagerFactoryBean.java:396)
	at org.springframework.orm.jpa.LocalContainerEntityManagerFactoryBean.afterPropertiesSet(LocalContainerEntityManagerFactoryBean.java:352)
	at org.springframework.beans.factory.support.AbstractAutowireCapableBeanFactory.invokeInitMethods(AbstractAutowireCapableBeanFactory.java:1817)
	at org.springframework.beans.factory.support.AbstractAutowireCapableBeanFactory.initializeBean(AbstractAutowireCapableBeanFactory.java:1766)
	at org.springframework.beans.factory.support.AbstractAutowireCapableBeanFactory.doCreateBean(AbstractAutowireCapableBeanFactory.java:598)
	at org.springframework.beans.factory.support.AbstractAutowireCapableBeanFactory.createBean(AbstractAutowireCapableBeanFactory.java:520)
	at org.springframework.beans.factory.support.AbstractBeanFactory.lambda$doGetBean$0(AbstractBeanFactory.java:325)
	at org.springframework.beans.factory.support.DefaultSingletonBeanRegistry.getSingleton(DefaultSingletonBeanRegistry.java:234)
	at org.springframework.beans.factory.support.AbstractBeanFactory.doGetBean(AbstractBeanFactory.java:323)
	at org.springframework.beans.factory.support.AbstractBeanFactory.getBean(AbstractBeanFactory.java:199)
	at org.springframework.context.support.AbstractApplicationContext.getBean(AbstractApplicationContext.java:1166)
	at org.springframework.context.support.AbstractApplicationContext.finishBeanFactoryInitialization(AbstractApplicationContext.java:940)
	at org.springframework.context.support.AbstractApplicationContext.refresh(AbstractApplicationContext.java:616)
	at org.springframework.boot.SpringApplication.refresh(SpringApplication.java:738)
	at org.springframework.boot.SpringApplication.refreshContext(SpringApplication.java:440)
	at org.springframework.boot.SpringApplication.run(SpringApplication.java:316)
	at org.springframework.boot.test.context.SpringBootContextLoader.lambda$loadContext$3(SpringBootContextLoader.java:137)
	at org.springframework.util.function.ThrowingSupplier.get(ThrowingSupplier.java:58)
	at org.springframework.util.function.ThrowingSupplier.get(ThrowingSupplier.java:46)
	at org.springframework.boot.SpringApplication.withHook(SpringApplication.java:1406)
	at org.springframework.boot.test.context.SpringBootContextLoader$ContextLoaderHook.run(SpringBootContextLoader.java:545)
	at org.springframework.boot.test.context.SpringBootContextLoader.loadContext(SpringBootContextLoader.java:137)
	at org.springframework.boot.test.context.SpringBootContextLoader.loadContext(SpringBootContextLoader.java:108)
	at org.springframework.test.context.cache.DefaultCacheAwareContextLoaderDelegate.loadContextInternal(DefaultCacheAwareContextLoaderDelegate.java:187)
	at org.springframework.test.context.cache.DefaultCacheAwareContextLoaderDelegate.loadContext(DefaultCacheAwareContextLoaderDelegate.java:119)
	at org.springframework.test.context.support.DefaultTestContext.getApplicationContext(DefaultTestContext.java:127)
	at org.springframework.test.context.web.ServletTestExecutionListener.setUpRequestContextIfNecessary(ServletTestExecutionListener.java:191)
	at org.springframework.test.context.web.ServletTestExecutionListener.prepareTestInstance(ServletTestExecutionListener.java:130)
	at org.springframework.test.context.TestContextManager.prepareTestInstance(TestContextManager.java:241)
	at org.springframework.test.context.junit.jupiter.SpringExtension.postProcessTestInstance(SpringExtension.java:138)
	at org.junit.jupiter.engine.descriptor.ClassBasedTestDescriptor.lambda$invokeTestInstancePostProcessors$10(ClassBasedTestDescriptor.java:377)
	at org.junit.jupiter.engine.descriptor.ClassBasedTestDescriptor.executeAndMaskThrowable(ClassBasedTestDescriptor.java:382)
	at org.junit.jupiter.engine.descriptor.ClassBasedTestDescriptor.lambda$invokeTestInstancePostProcessors$11(ClassBasedTestDescriptor.java:377)
	at java.base/java.util.stream.ReferencePipeline$3$1.accept(ReferencePipeline.java:197)
	at java.base/java.util.stream.ReferencePipeline$2$1.accept(ReferencePipeline.java:179)
	at java.base/java.util.ArrayList$ArrayListSpliterator.forEachRemaining(ArrayList.java:1625)
	at java.base/java.util.stream.AbstractPipeline.copyInto(AbstractPipeline.java:509)
	at java.base/java.util.stream.AbstractPipeline.wrapAndCopyInto(AbstractPipeline.java:499)
	at java.base/java.util.stream.StreamSpliterators$WrappingSpliterator.forEachRemaining(StreamSpliterators.java:310)
	at java.base/java.util.stream.Streams$ConcatSpliterator.forEachRemaining(Streams.java:735)
	at java.base/java.util.stream.Streams$ConcatSpliterator.forEachRemaining(Streams.java:734)
	at java.base/java.util.stream.ReferencePipeline$Head.forEach(ReferencePipeline.java:762)
	at org.junit.jupiter.engine.descriptor.ClassBasedTestDescriptor.invokeTestInstancePostProcessors(ClassBasedTestDescriptor.java:376)
	at org.junit.jupiter.engine.descriptor.ClassBasedTestDescriptor.lambda$instantiateAndPostProcessTestInstance$6(ClassBasedTestDescriptor.java:289)
	at org.junit.platform.engine.support.hierarchical.ThrowableCollector.execute(ThrowableCollector.java:73)
	at org.junit.jupiter.engine.descriptor.ClassBasedTestDescriptor.instantiateAndPostProcessTestInstance(ClassBasedTestDescriptor.java:288)
	at org.junit.jupiter.engine.descriptor.ClassBasedTestDescriptor.lambda$testInstancesProvider$4(ClassBasedTestDescriptor.java:278)
	at java.base/java.util.Optional.orElseGet(Optional.java:364)
	at org.junit.jupiter.engine.descriptor.ClassBasedTestDescriptor.lambda$testInstancesProvider$5(ClassBasedTestDescriptor.java:277)
	at org.junit.jupiter.engine.execution.TestInstancesProvider.getTestInstances(TestInstancesProvider.java:31)
	at org.junit.jupiter.engine.descriptor.TestMethodTestDescriptor.lambda$prepare$0(TestMethodTestDescriptor.java:105)
	at org.junit.platform.engine.support.hierarchical.ThrowableCollector.execute(ThrowableCollector.java:73)
	at org.junit.jupiter.engine.descriptor.TestMethodTestDescriptor.prepare(TestMethodTestDescriptor.java:104)
	at org.junit.jupiter.engine.descriptor.TestMethodTestDescriptor.prepare(TestMethodTestDescriptor.java:68)
	at org.junit.platform.engine.support.hierarchical.NodeTestTask.lambda$prepare$2(NodeTestTask.java:123)
	at org.junit.platform.engine.support.hierarchical.ThrowableCollector.execute(ThrowableCollector.java:73)
	at org.junit.platform.engine.support.hierarchical.NodeTestTask.prepare(NodeTestTask.java:123)
	at org.junit.platform.engine.support.hierarchical.NodeTestTask.execute(NodeTestTask.java:90)
	at java.base/java.util.ArrayList.forEach(ArrayList.java:1511)
	at org.junit.platform.engine.support.hierarchical.SameThreadHierarchicalTestExecutorService.invokeAll(SameThreadHierarchicalTestExecutorService.java:41)
	at org.junit.platform.engine.support.hierarchical.NodeTestTask.lambda$executeRecursively$6(NodeTestTask.java:155)
	at org.junit.platform.engine.support.hierarchical.ThrowableCollector.execute(ThrowableCollector.java:73)
	at org.junit.platform.engine.support.hierarchical.NodeTestTask.lambda$executeRecursively$8(NodeTestTask.java:141)
	at org.junit.platform.engine.support.hierarchical.Node.around(Node.java:137)
	at org.junit.platform.engine.support.hierarchical.NodeTestTask.lambda$executeRecursively$9(NodeTestTask.java:139)
	at org.junit.platform.engine.support.hierarchical.ThrowableCollector.execute(ThrowableCollector.java:73)
	at org.junit.platform.engine.support.hierarchical.NodeTestTask.executeRecursively(NodeTestTask.java:138)
	at org.junit.platform.engine.support.hierarchical.NodeTestTask.execute(NodeTestTask.java:95)
	at java.base/java.util.ArrayList.forEach(ArrayList.java:1511)
	at org.junit.platform.engine.support.hierarchical.SameThreadHierarchicalTestExecutorService.invokeAll(SameThreadHierarchicalTestExecutorService.java:41)
	at org.junit.platform.engine.support.hierarchical.NodeTestTask.lambda$executeRecursively$6(NodeTestTask.java:155)
	at org.junit.platform.engine.support.hierarchical.ThrowableCollector.execute(ThrowableCollector.java:73)
	at org.junit.platform.engine.support.hierarchical.NodeTestTask.lambda$executeRecursively$8(NodeTestTask.java:141)
	at org.junit.platform.engine.support.hierarchical.Node.around(Node.java:137)
	at org.junit.platform.engine.support.hierarchical.NodeTestTask.lambda$executeRecursively$9(NodeTestTask.java:139)
	at org.junit.platform.engine.support.hierarchical.ThrowableCollector.execute(ThrowableCollector.java:73)
	at org.junit.platform.engine.support.hierarchical.NodeTestTask.executeRecursively(NodeTestTask.java:138)
	at org.junit.platform.engine.support.hierarchical.NodeTestTask.execute(NodeTestTask.java:95)
	at org.junit.platform.engine.support.hierarchical.SameThreadHierarchicalTestExecutorService.submit(SameThreadHierarchicalTestExecutorService.java:35)
	at org.junit.platform.engine.support.hierarchical.HierarchicalTestExecutor.execute(HierarchicalTestExecutor.java:57)
	at org.junit.platform.engine.support.hierarchical.HierarchicalTestEngine.execute(HierarchicalTestEngine.java:54)
	at org.junit.platform.launcher.core.EngineExecutionOrchestrator.execute(EngineExecutionOrchestrator.java:147)
	at org.junit.platform.launcher.core.EngineExecutionOrchestrator.execute(EngineExecutionOrchestrator.java:127)
	at org.junit.platform.launcher.core.EngineExecutionOrchestrator.execute(EngineExecutionOrchestrator.java:90)
	at org.junit.platform.launcher.core.EngineExecutionOrchestrator.lambda$execute$0(EngineExecutionOrchestrator.java:55)
	at org.junit.platform.launcher.core.EngineExecutionOrchestrator.withInterceptedStreams(EngineExecutionOrchestrator.java:102)
	at org.junit.platform.launcher.core.EngineExecutionOrchestrator.execute(EngineExecutionOrchestrator.java:54)
	at org.junit.platform.launcher.core.DefaultLauncher.execute(DefaultLauncher.java:114)
	at org.junit.platform.launcher.core.DefaultLauncher.execute(DefaultLauncher.java:86)
	at org.junit.platform.launcher.core.DefaultLauncherSession$DelegatingLauncher.execute(DefaultLauncherSession.java:86)
	at org.apache.maven.surefire.junitplatform.LazyLauncher.execute(LazyLauncher.java:50)
	at org.apache.maven.surefire.junitplatform.JUnitPlatformProvider.execute(JUnitPlatformProvider.java:184)
	at org.apache.maven.surefire.junitplatform.JUnitPlatformProvider.invokeAllTests(JUnitPlatformProvider.java:148)
	at org.apache.maven.surefire.junitplatform.JUnitPlatformProvider.invoke(JUnitPlatformProvider.java:122)
	at org.apache.maven.surefire.booter.ForkedBooter.runSuitesInProcess(ForkedBooter.java:385)
	at org.apache.maven.surefire.booter.ForkedBooter.execute(ForkedBooter.java:162)
	at org.apache.maven.surefire.booter.ForkedBooter.run(ForkedBooter.java:507)
	at org.apache.maven.surefire.booter.ForkedBooter.main(ForkedBooter.java:495)
2023-11-24 12:36:46,625 DEBUG o.h.o.s.a.tree [SqlTreePrinter.java:46] SQL AST Tree:
    SelectStatement {
      FromClause {
        StandardTableGroup (s1 : franco.maurizio.hr.desk.com.persistence.entity.SurveyReply) {
          primaryTableReference : surveyreplies as s1_0
        }
      }
    }

2023-11-24 12:36:46,626 DEBUG o.h.p.e.AbstractEntityPersister [AbstractEntityPersister.java:2904] Static SQL for entity: franco.maurizio.hr.desk.com.persistence.entity.User
2023-11-24 12:36:46,626 DEBUG o.h.p.e.AbstractEntityPersister [AbstractEntityPersister.java:2909]  Version select: select id from users where id=?
2023-11-24 12:36:46,626 DEBUG o.h.p.e.AbstractEntityPersister [DelegatingBasicLogger.java:393]  Insert (0): insert into users (email,enabled,firstname,lastname,password,regdate,role) values (?,?,?,?,?,?,?)
2023-11-24 12:36:46,626 DEBUG o.h.p.e.AbstractEntityPersister [DelegatingBasicLogger.java:393]  Update (0): update users set email=?,enabled=?,firstname=?,lastname=?,password=?,regdate=?,role=? where id=?
2023-11-24 12:36:46,626 DEBUG o.h.p.e.AbstractEntityPersister [DelegatingBasicLogger.java:393]  Delete (0): delete from users where id=?
2023-11-24 12:36:46,626 DEBUG o.h.o.s.a.create [SqlAliasBaseImpl.java:33] Created new SQL alias : u1_0
2023-11-24 12:36:46,627 DEBUG o.h.o.s.a.create [SimpleFromClauseAccessImpl.java:98] Registration of TableGroup [StandardTableGroup(franco.maurizio.hr.desk.com.persistence.entity.User)] with identifierForTableGroup [franco.maurizio.hr.desk.com.persistence.entity.User] for NavigablePath [franco.maurizio.hr.desk.com.persistence.entity.User] 
2023-11-24 12:36:46,627 TRACE o.h.l.a.i.LoaderSelectBuilder [LoaderSelectBuilder.java:779] Starting visitation of FetchParent's Fetchables : franco.maurizio.hr.desk.com.persistence.entity.User
2023-11-24 12:36:46,627 DEBUG o.h.o.r.g.AST [DomainResultGraphPrinter.java:67] DomainResult Graph:
 \-EntityResultImpl [franco.maurizio.hr.desk.com.persistence.entity.User]
 |  +-BasicFetch [franco.maurizio.hr.desk.com.persistence.entity.User.email]
 |  +-BasicFetch [franco.maurizio.hr.desk.com.persistence.entity.User.enabled]
 |  +-BasicFetch [franco.maurizio.hr.desk.com.persistence.entity.User.firstname]
 |  +-BasicFetch [franco.maurizio.hr.desk.com.persistence.entity.User.lastname]
 |  +-BasicFetch [franco.maurizio.hr.desk.com.persistence.entity.User.password]
 |  +-BasicFetch [franco.maurizio.hr.desk.com.persistence.entity.User.regdate]
 |  \-BasicFetch [franco.maurizio.hr.desk.com.persistence.entity.User.role]

2023-11-24 12:36:46,627 TRACE o.h.o.r.g.AST [DomainResultGraphPrinter.java:70] Stack trace calling DomainResultGraphPrinter
java.lang.Exception: null
	at org.hibernate.sql.results.graph.DomainResultGraphPrinter.visitDomainResults(DomainResultGraphPrinter.java:70)
	at org.hibernate.sql.results.graph.DomainResultGraphPrinter.logDomainResultGraph(DomainResultGraphPrinter.java:46)
	at org.hibernate.sql.results.graph.DomainResultGraphPrinter.logDomainResultGraph(DomainResultGraphPrinter.java:37)
	at org.hibernate.sql.ast.spi.AbstractSqlAstTranslator.translateSelect(AbstractSqlAstTranslator.java:848)
	at org.hibernate.sql.ast.spi.AbstractSqlAstTranslator.translate(AbstractSqlAstTranslator.java:801)
	at org.hibernate.loader.ast.internal.SingleIdLoadPlan.<init>(SingleIdLoadPlan.java:67)
	at org.hibernate.loader.ast.internal.SingleIdEntityLoaderStandardImpl.createLoadPlan(SingleIdEntityLoaderStandardImpl.java:197)
	at org.hibernate.loader.ast.internal.SingleIdEntityLoaderStandardImpl.prepare(SingleIdEntityLoaderStandardImpl.java:55)
	at org.hibernate.persister.entity.AbstractEntityPersister.prepareLoader(AbstractEntityPersister.java:3486)
	at org.hibernate.persister.entity.AbstractEntityPersister.postInstantiate(AbstractEntityPersister.java:3480)
	at org.hibernate.metamodel.model.domain.internal.MappingMetamodelImpl.finishInitialization(MappingMetamodelImpl.java:204)
	at org.hibernate.internal.SessionFactoryImpl.initializeMappingModel(SessionFactoryImpl.java:321)
	at org.hibernate.internal.SessionFactoryImpl.<init>(SessionFactoryImpl.java:271)
	at org.hibernate.boot.internal.SessionFactoryBuilderImpl.build(SessionFactoryBuilderImpl.java:444)
	at org.hibernate.jpa.boot.internal.EntityManagerFactoryBuilderImpl.build(EntityManagerFactoryBuilderImpl.java:1458)
	at org.springframework.orm.jpa.vendor.SpringHibernateJpaPersistenceProvider.createContainerEntityManagerFactory(SpringHibernateJpaPersistenceProvider.java:75)
	at org.springframework.orm.jpa.LocalContainerEntityManagerFactoryBean.createNativeEntityManagerFactory(LocalContainerEntityManagerFactoryBean.java:376)
	at org.springframework.orm.jpa.AbstractEntityManagerFactoryBean.buildNativeEntityManagerFactory(AbstractEntityManagerFactoryBean.java:409)
	at org.springframework.orm.jpa.AbstractEntityManagerFactoryBean.afterPropertiesSet(AbstractEntityManagerFactoryBean.java:396)
	at org.springframework.orm.jpa.LocalContainerEntityManagerFactoryBean.afterPropertiesSet(LocalContainerEntityManagerFactoryBean.java:352)
	at org.springframework.beans.factory.support.AbstractAutowireCapableBeanFactory.invokeInitMethods(AbstractAutowireCapableBeanFactory.java:1817)
	at org.springframework.beans.factory.support.AbstractAutowireCapableBeanFactory.initializeBean(AbstractAutowireCapableBeanFactory.java:1766)
	at org.springframework.beans.factory.support.AbstractAutowireCapableBeanFactory.doCreateBean(AbstractAutowireCapableBeanFactory.java:598)
	at org.springframework.beans.factory.support.AbstractAutowireCapableBeanFactory.createBean(AbstractAutowireCapableBeanFactory.java:520)
	at org.springframework.beans.factory.support.AbstractBeanFactory.lambda$doGetBean$0(AbstractBeanFactory.java:325)
	at org.springframework.beans.factory.support.DefaultSingletonBeanRegistry.getSingleton(DefaultSingletonBeanRegistry.java:234)
	at org.springframework.beans.factory.support.AbstractBeanFactory.doGetBean(AbstractBeanFactory.java:323)
	at org.springframework.beans.factory.support.AbstractBeanFactory.getBean(AbstractBeanFactory.java:199)
	at org.springframework.context.support.AbstractApplicationContext.getBean(AbstractApplicationContext.java:1166)
	at org.springframework.context.support.AbstractApplicationContext.finishBeanFactoryInitialization(AbstractApplicationContext.java:940)
	at org.springframework.context.support.AbstractApplicationContext.refresh(AbstractApplicationContext.java:616)
	at org.springframework.boot.SpringApplication.refresh(SpringApplication.java:738)
	at org.springframework.boot.SpringApplication.refreshContext(SpringApplication.java:440)
	at org.springframework.boot.SpringApplication.run(SpringApplication.java:316)
	at org.springframework.boot.test.context.SpringBootContextLoader.lambda$loadContext$3(SpringBootContextLoader.java:137)
	at org.springframework.util.function.ThrowingSupplier.get(ThrowingSupplier.java:58)
	at org.springframework.util.function.ThrowingSupplier.get(ThrowingSupplier.java:46)
	at org.springframework.boot.SpringApplication.withHook(SpringApplication.java:1406)
	at org.springframework.boot.test.context.SpringBootContextLoader$ContextLoaderHook.run(SpringBootContextLoader.java:545)
	at org.springframework.boot.test.context.SpringBootContextLoader.loadContext(SpringBootContextLoader.java:137)
	at org.springframework.boot.test.context.SpringBootContextLoader.loadContext(SpringBootContextLoader.java:108)
	at org.springframework.test.context.cache.DefaultCacheAwareContextLoaderDelegate.loadContextInternal(DefaultCacheAwareContextLoaderDelegate.java:187)
	at org.springframework.test.context.cache.DefaultCacheAwareContextLoaderDelegate.loadContext(DefaultCacheAwareContextLoaderDelegate.java:119)
	at org.springframework.test.context.support.DefaultTestContext.getApplicationContext(DefaultTestContext.java:127)
	at org.springframework.test.context.web.ServletTestExecutionListener.setUpRequestContextIfNecessary(ServletTestExecutionListener.java:191)
	at org.springframework.test.context.web.ServletTestExecutionListener.prepareTestInstance(ServletTestExecutionListener.java:130)
	at org.springframework.test.context.TestContextManager.prepareTestInstance(TestContextManager.java:241)
	at org.springframework.test.context.junit.jupiter.SpringExtension.postProcessTestInstance(SpringExtension.java:138)
	at org.junit.jupiter.engine.descriptor.ClassBasedTestDescriptor.lambda$invokeTestInstancePostProcessors$10(ClassBasedTestDescriptor.java:377)
	at org.junit.jupiter.engine.descriptor.ClassBasedTestDescriptor.executeAndMaskThrowable(ClassBasedTestDescriptor.java:382)
	at org.junit.jupiter.engine.descriptor.ClassBasedTestDescriptor.lambda$invokeTestInstancePostProcessors$11(ClassBasedTestDescriptor.java:377)
	at java.base/java.util.stream.ReferencePipeline$3$1.accept(ReferencePipeline.java:197)
	at java.base/java.util.stream.ReferencePipeline$2$1.accept(ReferencePipeline.java:179)
	at java.base/java.util.ArrayList$ArrayListSpliterator.forEachRemaining(ArrayList.java:1625)
	at java.base/java.util.stream.AbstractPipeline.copyInto(AbstractPipeline.java:509)
	at java.base/java.util.stream.AbstractPipeline.wrapAndCopyInto(AbstractPipeline.java:499)
	at java.base/java.util.stream.StreamSpliterators$WrappingSpliterator.forEachRemaining(StreamSpliterators.java:310)
	at java.base/java.util.stream.Streams$ConcatSpliterator.forEachRemaining(Streams.java:735)
	at java.base/java.util.stream.Streams$ConcatSpliterator.forEachRemaining(Streams.java:734)
	at java.base/java.util.stream.ReferencePipeline$Head.forEach(ReferencePipeline.java:762)
	at org.junit.jupiter.engine.descriptor.ClassBasedTestDescriptor.invokeTestInstancePostProcessors(ClassBasedTestDescriptor.java:376)
	at org.junit.jupiter.engine.descriptor.ClassBasedTestDescriptor.lambda$instantiateAndPostProcessTestInstance$6(ClassBasedTestDescriptor.java:289)
	at org.junit.platform.engine.support.hierarchical.ThrowableCollector.execute(ThrowableCollector.java:73)
	at org.junit.jupiter.engine.descriptor.ClassBasedTestDescriptor.instantiateAndPostProcessTestInstance(ClassBasedTestDescriptor.java:288)
	at org.junit.jupiter.engine.descriptor.ClassBasedTestDescriptor.lambda$testInstancesProvider$4(ClassBasedTestDescriptor.java:278)
	at java.base/java.util.Optional.orElseGet(Optional.java:364)
	at org.junit.jupiter.engine.descriptor.ClassBasedTestDescriptor.lambda$testInstancesProvider$5(ClassBasedTestDescriptor.java:277)
	at org.junit.jupiter.engine.execution.TestInstancesProvider.getTestInstances(TestInstancesProvider.java:31)
	at org.junit.jupiter.engine.descriptor.TestMethodTestDescriptor.lambda$prepare$0(TestMethodTestDescriptor.java:105)
	at org.junit.platform.engine.support.hierarchical.ThrowableCollector.execute(ThrowableCollector.java:73)
	at org.junit.jupiter.engine.descriptor.TestMethodTestDescriptor.prepare(TestMethodTestDescriptor.java:104)
	at org.junit.jupiter.engine.descriptor.TestMethodTestDescriptor.prepare(TestMethodTestDescriptor.java:68)
	at org.junit.platform.engine.support.hierarchical.NodeTestTask.lambda$prepare$2(NodeTestTask.java:123)
	at org.junit.platform.engine.support.hierarchical.ThrowableCollector.execute(ThrowableCollector.java:73)
	at org.junit.platform.engine.support.hierarchical.NodeTestTask.prepare(NodeTestTask.java:123)
	at org.junit.platform.engine.support.hierarchical.NodeTestTask.execute(NodeTestTask.java:90)
	at java.base/java.util.ArrayList.forEach(ArrayList.java:1511)
	at org.junit.platform.engine.support.hierarchical.SameThreadHierarchicalTestExecutorService.invokeAll(SameThreadHierarchicalTestExecutorService.java:41)
	at org.junit.platform.engine.support.hierarchical.NodeTestTask.lambda$executeRecursively$6(NodeTestTask.java:155)
	at org.junit.platform.engine.support.hierarchical.ThrowableCollector.execute(ThrowableCollector.java:73)
	at org.junit.platform.engine.support.hierarchical.NodeTestTask.lambda$executeRecursively$8(NodeTestTask.java:141)
	at org.junit.platform.engine.support.hierarchical.Node.around(Node.java:137)
	at org.junit.platform.engine.support.hierarchical.NodeTestTask.lambda$executeRecursively$9(NodeTestTask.java:139)
	at org.junit.platform.engine.support.hierarchical.ThrowableCollector.execute(ThrowableCollector.java:73)
	at org.junit.platform.engine.support.hierarchical.NodeTestTask.executeRecursively(NodeTestTask.java:138)
	at org.junit.platform.engine.support.hierarchical.NodeTestTask.execute(NodeTestTask.java:95)
	at java.base/java.util.ArrayList.forEach(ArrayList.java:1511)
	at org.junit.platform.engine.support.hierarchical.SameThreadHierarchicalTestExecutorService.invokeAll(SameThreadHierarchicalTestExecutorService.java:41)
	at org.junit.platform.engine.support.hierarchical.NodeTestTask.lambda$executeRecursively$6(NodeTestTask.java:155)
	at org.junit.platform.engine.support.hierarchical.ThrowableCollector.execute(ThrowableCollector.java:73)
	at org.junit.platform.engine.support.hierarchical.NodeTestTask.lambda$executeRecursively$8(NodeTestTask.java:141)
	at org.junit.platform.engine.support.hierarchical.Node.around(Node.java:137)
	at org.junit.platform.engine.support.hierarchical.NodeTestTask.lambda$executeRecursively$9(NodeTestTask.java:139)
	at org.junit.platform.engine.support.hierarchical.ThrowableCollector.execute(ThrowableCollector.java:73)
	at org.junit.platform.engine.support.hierarchical.NodeTestTask.executeRecursively(NodeTestTask.java:138)
	at org.junit.platform.engine.support.hierarchical.NodeTestTask.execute(NodeTestTask.java:95)
	at org.junit.platform.engine.support.hierarchical.SameThreadHierarchicalTestExecutorService.submit(SameThreadHierarchicalTestExecutorService.java:35)
	at org.junit.platform.engine.support.hierarchical.HierarchicalTestExecutor.execute(HierarchicalTestExecutor.java:57)
	at org.junit.platform.engine.support.hierarchical.HierarchicalTestEngine.execute(HierarchicalTestEngine.java:54)
	at org.junit.platform.launcher.core.EngineExecutionOrchestrator.execute(EngineExecutionOrchestrator.java:147)
	at org.junit.platform.launcher.core.EngineExecutionOrchestrator.execute(EngineExecutionOrchestrator.java:127)
	at org.junit.platform.launcher.core.EngineExecutionOrchestrator.execute(EngineExecutionOrchestrator.java:90)
	at org.junit.platform.launcher.core.EngineExecutionOrchestrator.lambda$execute$0(EngineExecutionOrchestrator.java:55)
	at org.junit.platform.launcher.core.EngineExecutionOrchestrator.withInterceptedStreams(EngineExecutionOrchestrator.java:102)
	at org.junit.platform.launcher.core.EngineExecutionOrchestrator.execute(EngineExecutionOrchestrator.java:54)
	at org.junit.platform.launcher.core.DefaultLauncher.execute(DefaultLauncher.java:114)
	at org.junit.platform.launcher.core.DefaultLauncher.execute(DefaultLauncher.java:86)
	at org.junit.platform.launcher.core.DefaultLauncherSession$DelegatingLauncher.execute(DefaultLauncherSession.java:86)
	at org.apache.maven.surefire.junitplatform.LazyLauncher.execute(LazyLauncher.java:50)
	at org.apache.maven.surefire.junitplatform.JUnitPlatformProvider.execute(JUnitPlatformProvider.java:184)
	at org.apache.maven.surefire.junitplatform.JUnitPlatformProvider.invokeAllTests(JUnitPlatformProvider.java:148)
	at org.apache.maven.surefire.junitplatform.JUnitPlatformProvider.invoke(JUnitPlatformProvider.java:122)
	at org.apache.maven.surefire.booter.ForkedBooter.runSuitesInProcess(ForkedBooter.java:385)
	at org.apache.maven.surefire.booter.ForkedBooter.execute(ForkedBooter.java:162)
	at org.apache.maven.surefire.booter.ForkedBooter.run(ForkedBooter.java:507)
	at org.apache.maven.surefire.booter.ForkedBooter.main(ForkedBooter.java:495)
2023-11-24 12:36:46,628 DEBUG o.h.o.s.a.tree [SqlTreePrinter.java:46] SQL AST Tree:
    SelectStatement {
      FromClause {
        StandardTableGroup (u1 : franco.maurizio.hr.desk.com.persistence.entity.User) {
          primaryTableReference : users as u1_0
        }
      }
    }

2023-11-24 12:36:46,628 DEBUG o.h.p.e.AbstractEntityPersister [AbstractEntityPersister.java:2904] Static SQL for entity: franco.maurizio.hr.desk.com.persistence.entity.SurveyQuestion
2023-11-24 12:36:46,629 DEBUG o.h.p.e.AbstractEntityPersister [AbstractEntityPersister.java:2909]  Version select: select id from surveyquestions where id=?
2023-11-24 12:36:46,629 DEBUG o.h.p.e.AbstractEntityPersister [DelegatingBasicLogger.java:393]  Insert (0): insert into surveyquestions (position,question_id,survey_id) values (?,?,?)
2023-11-24 12:36:46,629 DEBUG o.h.p.e.AbstractEntityPersister [DelegatingBasicLogger.java:393]  Update (0): update surveyquestions set position=?,question_id=?,survey_id=? where id=?
2023-11-24 12:36:46,629 DEBUG o.h.p.e.AbstractEntityPersister [DelegatingBasicLogger.java:393]  Delete (0): delete from surveyquestions where id=?
2023-11-24 12:36:46,629 DEBUG o.h.o.s.a.create [SqlAliasBaseImpl.java:33] Created new SQL alias : s1_0
2023-11-24 12:36:46,629 DEBUG o.h.o.s.a.create [SimpleFromClauseAccessImpl.java:98] Registration of TableGroup [StandardTableGroup(franco.maurizio.hr.desk.com.persistence.entity.SurveyQuestion)] with identifierForTableGroup [franco.maurizio.hr.desk.com.persistence.entity.SurveyQuestion] for NavigablePath [franco.maurizio.hr.desk.com.persistence.entity.SurveyQuestion] 
2023-11-24 12:36:46,629 TRACE o.h.l.a.i.LoaderSelectBuilder [LoaderSelectBuilder.java:779] Starting visitation of FetchParent's Fetchables : franco.maurizio.hr.desk.com.persistence.entity.SurveyQuestion
2023-11-24 12:36:46,630 DEBUG o.h.o.r.g.AST [DomainResultGraphPrinter.java:67] DomainResult Graph:
 \-EntityResultImpl [franco.maurizio.hr.desk.com.persistence.entity.SurveyQuestion]
 |  +-BasicFetch [franco.maurizio.hr.desk.com.persistence.entity.SurveyQuestion.position]
 |  +-BasicFetch [franco.maurizio.hr.desk.com.persistence.entity.SurveyQuestion.questionId]
 |  \-BasicFetch [franco.maurizio.hr.desk.com.persistence.entity.SurveyQuestion.surveyId]

2023-11-24 12:36:46,630 TRACE o.h.o.r.g.AST [DomainResultGraphPrinter.java:70] Stack trace calling DomainResultGraphPrinter
java.lang.Exception: null
	at org.hibernate.sql.results.graph.DomainResultGraphPrinter.visitDomainResults(DomainResultGraphPrinter.java:70)
	at org.hibernate.sql.results.graph.DomainResultGraphPrinter.logDomainResultGraph(DomainResultGraphPrinter.java:46)
	at org.hibernate.sql.results.graph.DomainResultGraphPrinter.logDomainResultGraph(DomainResultGraphPrinter.java:37)
	at org.hibernate.sql.ast.spi.AbstractSqlAstTranslator.translateSelect(AbstractSqlAstTranslator.java:848)
	at org.hibernate.sql.ast.spi.AbstractSqlAstTranslator.translate(AbstractSqlAstTranslator.java:801)
	at org.hibernate.loader.ast.internal.SingleIdLoadPlan.<init>(SingleIdLoadPlan.java:67)
	at org.hibernate.loader.ast.internal.SingleIdEntityLoaderStandardImpl.createLoadPlan(SingleIdEntityLoaderStandardImpl.java:197)
	at org.hibernate.loader.ast.internal.SingleIdEntityLoaderStandardImpl.prepare(SingleIdEntityLoaderStandardImpl.java:55)
	at org.hibernate.persister.entity.AbstractEntityPersister.prepareLoader(AbstractEntityPersister.java:3486)
	at org.hibernate.persister.entity.AbstractEntityPersister.postInstantiate(AbstractEntityPersister.java:3480)
	at org.hibernate.metamodel.model.domain.internal.MappingMetamodelImpl.finishInitialization(MappingMetamodelImpl.java:204)
	at org.hibernate.internal.SessionFactoryImpl.initializeMappingModel(SessionFactoryImpl.java:321)
	at org.hibernate.internal.SessionFactoryImpl.<init>(SessionFactoryImpl.java:271)
	at org.hibernate.boot.internal.SessionFactoryBuilderImpl.build(SessionFactoryBuilderImpl.java:444)
	at org.hibernate.jpa.boot.internal.EntityManagerFactoryBuilderImpl.build(EntityManagerFactoryBuilderImpl.java:1458)
	at org.springframework.orm.jpa.vendor.SpringHibernateJpaPersistenceProvider.createContainerEntityManagerFactory(SpringHibernateJpaPersistenceProvider.java:75)
	at org.springframework.orm.jpa.LocalContainerEntityManagerFactoryBean.createNativeEntityManagerFactory(LocalContainerEntityManagerFactoryBean.java:376)
	at org.springframework.orm.jpa.AbstractEntityManagerFactoryBean.buildNativeEntityManagerFactory(AbstractEntityManagerFactoryBean.java:409)
	at org.springframework.orm.jpa.AbstractEntityManagerFactoryBean.afterPropertiesSet(AbstractEntityManagerFactoryBean.java:396)
	at org.springframework.orm.jpa.LocalContainerEntityManagerFactoryBean.afterPropertiesSet(LocalContainerEntityManagerFactoryBean.java:352)
	at org.springframework.beans.factory.support.AbstractAutowireCapableBeanFactory.invokeInitMethods(AbstractAutowireCapableBeanFactory.java:1817)
	at org.springframework.beans.factory.support.AbstractAutowireCapableBeanFactory.initializeBean(AbstractAutowireCapableBeanFactory.java:1766)
	at org.springframework.beans.factory.support.AbstractAutowireCapableBeanFactory.doCreateBean(AbstractAutowireCapableBeanFactory.java:598)
	at org.springframework.beans.factory.support.AbstractAutowireCapableBeanFactory.createBean(AbstractAutowireCapableBeanFactory.java:520)
	at org.springframework.beans.factory.support.AbstractBeanFactory.lambda$doGetBean$0(AbstractBeanFactory.java:325)
	at org.springframework.beans.factory.support.DefaultSingletonBeanRegistry.getSingleton(DefaultSingletonBeanRegistry.java:234)
	at org.springframework.beans.factory.support.AbstractBeanFactory.doGetBean(AbstractBeanFactory.java:323)
	at org.springframework.beans.factory.support.AbstractBeanFactory.getBean(AbstractBeanFactory.java:199)
	at org.springframework.context.support.AbstractApplicationContext.getBean(AbstractApplicationContext.java:1166)
	at org.springframework.context.support.AbstractApplicationContext.finishBeanFactoryInitialization(AbstractApplicationContext.java:940)
	at org.springframework.context.support.AbstractApplicationContext.refresh(AbstractApplicationContext.java:616)
	at org.springframework.boot.SpringApplication.refresh(SpringApplication.java:738)
	at org.springframework.boot.SpringApplication.refreshContext(SpringApplication.java:440)
	at org.springframework.boot.SpringApplication.run(SpringApplication.java:316)
	at org.springframework.boot.test.context.SpringBootContextLoader.lambda$loadContext$3(SpringBootContextLoader.java:137)
	at org.springframework.util.function.ThrowingSupplier.get(ThrowingSupplier.java:58)
	at org.springframework.util.function.ThrowingSupplier.get(ThrowingSupplier.java:46)
	at org.springframework.boot.SpringApplication.withHook(SpringApplication.java:1406)
	at org.springframework.boot.test.context.SpringBootContextLoader$ContextLoaderHook.run(SpringBootContextLoader.java:545)
	at org.springframework.boot.test.context.SpringBootContextLoader.loadContext(SpringBootContextLoader.java:137)
	at org.springframework.boot.test.context.SpringBootContextLoader.loadContext(SpringBootContextLoader.java:108)
	at org.springframework.test.context.cache.DefaultCacheAwareContextLoaderDelegate.loadContextInternal(DefaultCacheAwareContextLoaderDelegate.java:187)
	at org.springframework.test.context.cache.DefaultCacheAwareContextLoaderDelegate.loadContext(DefaultCacheAwareContextLoaderDelegate.java:119)
	at org.springframework.test.context.support.DefaultTestContext.getApplicationContext(DefaultTestContext.java:127)
	at org.springframework.test.context.web.ServletTestExecutionListener.setUpRequestContextIfNecessary(ServletTestExecutionListener.java:191)
	at org.springframework.test.context.web.ServletTestExecutionListener.prepareTestInstance(ServletTestExecutionListener.java:130)
	at org.springframework.test.context.TestContextManager.prepareTestInstance(TestContextManager.java:241)
	at org.springframework.test.context.junit.jupiter.SpringExtension.postProcessTestInstance(SpringExtension.java:138)
	at org.junit.jupiter.engine.descriptor.ClassBasedTestDescriptor.lambda$invokeTestInstancePostProcessors$10(ClassBasedTestDescriptor.java:377)
	at org.junit.jupiter.engine.descriptor.ClassBasedTestDescriptor.executeAndMaskThrowable(ClassBasedTestDescriptor.java:382)
	at org.junit.jupiter.engine.descriptor.ClassBasedTestDescriptor.lambda$invokeTestInstancePostProcessors$11(ClassBasedTestDescriptor.java:377)
	at java.base/java.util.stream.ReferencePipeline$3$1.accept(ReferencePipeline.java:197)
	at java.base/java.util.stream.ReferencePipeline$2$1.accept(ReferencePipeline.java:179)
	at java.base/java.util.ArrayList$ArrayListSpliterator.forEachRemaining(ArrayList.java:1625)
	at java.base/java.util.stream.AbstractPipeline.copyInto(AbstractPipeline.java:509)
	at java.base/java.util.stream.AbstractPipeline.wrapAndCopyInto(AbstractPipeline.java:499)
	at java.base/java.util.stream.StreamSpliterators$WrappingSpliterator.forEachRemaining(StreamSpliterators.java:310)
	at java.base/java.util.stream.Streams$ConcatSpliterator.forEachRemaining(Streams.java:735)
	at java.base/java.util.stream.Streams$ConcatSpliterator.forEachRemaining(Streams.java:734)
	at java.base/java.util.stream.ReferencePipeline$Head.forEach(ReferencePipeline.java:762)
	at org.junit.jupiter.engine.descriptor.ClassBasedTestDescriptor.invokeTestInstancePostProcessors(ClassBasedTestDescriptor.java:376)
	at org.junit.jupiter.engine.descriptor.ClassBasedTestDescriptor.lambda$instantiateAndPostProcessTestInstance$6(ClassBasedTestDescriptor.java:289)
	at org.junit.platform.engine.support.hierarchical.ThrowableCollector.execute(ThrowableCollector.java:73)
	at org.junit.jupiter.engine.descriptor.ClassBasedTestDescriptor.instantiateAndPostProcessTestInstance(ClassBasedTestDescriptor.java:288)
	at org.junit.jupiter.engine.descriptor.ClassBasedTestDescriptor.lambda$testInstancesProvider$4(ClassBasedTestDescriptor.java:278)
	at java.base/java.util.Optional.orElseGet(Optional.java:364)
	at org.junit.jupiter.engine.descriptor.ClassBasedTestDescriptor.lambda$testInstancesProvider$5(ClassBasedTestDescriptor.java:277)
	at org.junit.jupiter.engine.execution.TestInstancesProvider.getTestInstances(TestInstancesProvider.java:31)
	at org.junit.jupiter.engine.descriptor.TestMethodTestDescriptor.lambda$prepare$0(TestMethodTestDescriptor.java:105)
	at org.junit.platform.engine.support.hierarchical.ThrowableCollector.execute(ThrowableCollector.java:73)
	at org.junit.jupiter.engine.descriptor.TestMethodTestDescriptor.prepare(TestMethodTestDescriptor.java:104)
	at org.junit.jupiter.engine.descriptor.TestMethodTestDescriptor.prepare(TestMethodTestDescriptor.java:68)
	at org.junit.platform.engine.support.hierarchical.NodeTestTask.lambda$prepare$2(NodeTestTask.java:123)
	at org.junit.platform.engine.support.hierarchical.ThrowableCollector.execute(ThrowableCollector.java:73)
	at org.junit.platform.engine.support.hierarchical.NodeTestTask.prepare(NodeTestTask.java:123)
	at org.junit.platform.engine.support.hierarchical.NodeTestTask.execute(NodeTestTask.java:90)
	at java.base/java.util.ArrayList.forEach(ArrayList.java:1511)
	at org.junit.platform.engine.support.hierarchical.SameThreadHierarchicalTestExecutorService.invokeAll(SameThreadHierarchicalTestExecutorService.java:41)
	at org.junit.platform.engine.support.hierarchical.NodeTestTask.lambda$executeRecursively$6(NodeTestTask.java:155)
	at org.junit.platform.engine.support.hierarchical.ThrowableCollector.execute(ThrowableCollector.java:73)
	at org.junit.platform.engine.support.hierarchical.NodeTestTask.lambda$executeRecursively$8(NodeTestTask.java:141)
	at org.junit.platform.engine.support.hierarchical.Node.around(Node.java:137)
	at org.junit.platform.engine.support.hierarchical.NodeTestTask.lambda$executeRecursively$9(NodeTestTask.java:139)
	at org.junit.platform.engine.support.hierarchical.ThrowableCollector.execute(ThrowableCollector.java:73)
	at org.junit.platform.engine.support.hierarchical.NodeTestTask.executeRecursively(NodeTestTask.java:138)
	at org.junit.platform.engine.support.hierarchical.NodeTestTask.execute(NodeTestTask.java:95)
	at java.base/java.util.ArrayList.forEach(ArrayList.java:1511)
	at org.junit.platform.engine.support.hierarchical.SameThreadHierarchicalTestExecutorService.invokeAll(SameThreadHierarchicalTestExecutorService.java:41)
	at org.junit.platform.engine.support.hierarchical.NodeTestTask.lambda$executeRecursively$6(NodeTestTask.java:155)
	at org.junit.platform.engine.support.hierarchical.ThrowableCollector.execute(ThrowableCollector.java:73)
	at org.junit.platform.engine.support.hierarchical.NodeTestTask.lambda$executeRecursively$8(NodeTestTask.java:141)
	at org.junit.platform.engine.support.hierarchical.Node.around(Node.java:137)
	at org.junit.platform.engine.support.hierarchical.NodeTestTask.lambda$executeRecursively$9(NodeTestTask.java:139)
	at org.junit.platform.engine.support.hierarchical.ThrowableCollector.execute(ThrowableCollector.java:73)
	at org.junit.platform.engine.support.hierarchical.NodeTestTask.executeRecursively(NodeTestTask.java:138)
	at org.junit.platform.engine.support.hierarchical.NodeTestTask.execute(NodeTestTask.java:95)
	at org.junit.platform.engine.support.hierarchical.SameThreadHierarchicalTestExecutorService.submit(SameThreadHierarchicalTestExecutorService.java:35)
	at org.junit.platform.engine.support.hierarchical.HierarchicalTestExecutor.execute(HierarchicalTestExecutor.java:57)
	at org.junit.platform.engine.support.hierarchical.HierarchicalTestEngine.execute(HierarchicalTestEngine.java:54)
	at org.junit.platform.launcher.core.EngineExecutionOrchestrator.execute(EngineExecutionOrchestrator.java:147)
	at org.junit.platform.launcher.core.EngineExecutionOrchestrator.execute(EngineExecutionOrchestrator.java:127)
	at org.junit.platform.launcher.core.EngineExecutionOrchestrator.execute(EngineExecutionOrchestrator.java:90)
	at org.junit.platform.launcher.core.EngineExecutionOrchestrator.lambda$execute$0(EngineExecutionOrchestrator.java:55)
	at org.junit.platform.launcher.core.EngineExecutionOrchestrator.withInterceptedStreams(EngineExecutionOrchestrator.java:102)
	at org.junit.platform.launcher.core.EngineExecutionOrchestrator.execute(EngineExecutionOrchestrator.java:54)
	at org.junit.platform.launcher.core.DefaultLauncher.execute(DefaultLauncher.java:114)
	at org.junit.platform.launcher.core.DefaultLauncher.execute(DefaultLauncher.java:86)
	at org.junit.platform.launcher.core.DefaultLauncherSession$DelegatingLauncher.execute(DefaultLauncherSession.java:86)
	at org.apache.maven.surefire.junitplatform.LazyLauncher.execute(LazyLauncher.java:50)
	at org.apache.maven.surefire.junitplatform.JUnitPlatformProvider.execute(JUnitPlatformProvider.java:184)
	at org.apache.maven.surefire.junitplatform.JUnitPlatformProvider.invokeAllTests(JUnitPlatformProvider.java:148)
	at org.apache.maven.surefire.junitplatform.JUnitPlatformProvider.invoke(JUnitPlatformProvider.java:122)
	at org.apache.maven.surefire.booter.ForkedBooter.runSuitesInProcess(ForkedBooter.java:385)
	at org.apache.maven.surefire.booter.ForkedBooter.execute(ForkedBooter.java:162)
	at org.apache.maven.surefire.booter.ForkedBooter.run(ForkedBooter.java:507)
	at org.apache.maven.surefire.booter.ForkedBooter.main(ForkedBooter.java:495)
2023-11-24 12:36:46,630 DEBUG o.h.o.s.a.tree [SqlTreePrinter.java:46] SQL AST Tree:
    SelectStatement {
      FromClause {
        StandardTableGroup (s1 : franco.maurizio.hr.desk.com.persistence.entity.SurveyQuestion) {
          primaryTableReference : surveyquestions as s1_0
        }
      }
    }

2023-11-24 12:36:46,631 DEBUG o.h.p.e.AbstractEntityPersister [AbstractEntityPersister.java:2904] Static SQL for entity: franco.maurizio.hr.desk.com.persistence.entity.CandidateSurveyToken
2023-11-24 12:36:46,632 DEBUG o.h.p.e.AbstractEntityPersister [AbstractEntityPersister.java:2909]  Version select: select id from candidatesurveytokens where id=?
2023-11-24 12:36:46,632 DEBUG o.h.p.e.AbstractEntityPersister [DelegatingBasicLogger.java:393]  Insert (0): insert into candidatesurveytokens (candidate_id,expiration_date_time,expired,generated_token,survey_id) values (?,?,?,?,?)
2023-11-24 12:36:46,632 DEBUG o.h.p.e.AbstractEntityPersister [DelegatingBasicLogger.java:393]  Update (0): update candidatesurveytokens set candidate_id=?,expiration_date_time=?,expired=?,generated_token=?,survey_id=? where id=?
2023-11-24 12:36:46,632 DEBUG o.h.p.e.AbstractEntityPersister [DelegatingBasicLogger.java:393]  Delete (0): delete from candidatesurveytokens where id=?
2023-11-24 12:36:46,632 DEBUG o.h.o.s.a.create [SqlAliasBaseImpl.java:33] Created new SQL alias : c1_0
2023-11-24 12:36:46,632 DEBUG o.h.o.s.a.create [SimpleFromClauseAccessImpl.java:98] Registration of TableGroup [StandardTableGroup(franco.maurizio.hr.desk.com.persistence.entity.CandidateSurveyToken)] with identifierForTableGroup [franco.maurizio.hr.desk.com.persistence.entity.CandidateSurveyToken] for NavigablePath [franco.maurizio.hr.desk.com.persistence.entity.CandidateSurveyToken] 
2023-11-24 12:36:46,633 TRACE o.h.l.a.i.LoaderSelectBuilder [LoaderSelectBuilder.java:779] Starting visitation of FetchParent's Fetchables : franco.maurizio.hr.desk.com.persistence.entity.CandidateSurveyToken
2023-11-24 12:36:46,633 DEBUG o.h.o.r.g.AST [DomainResultGraphPrinter.java:67] DomainResult Graph:
 \-EntityResultImpl [franco.maurizio.hr.desk.com.persistence.entity.CandidateSurveyToken]
 |  +-BasicFetch [franco.maurizio.hr.desk.com.persistence.entity.CandidateSurveyToken.candidateId]
 |  +-BasicFetch [franco.maurizio.hr.desk.com.persistence.entity.CandidateSurveyToken.expirationDateTime]
 |  +-BasicFetch [franco.maurizio.hr.desk.com.persistence.entity.CandidateSurveyToken.expired]
 |  +-BasicFetch [franco.maurizio.hr.desk.com.persistence.entity.CandidateSurveyToken.generatedToken]
 |  \-BasicFetch [franco.maurizio.hr.desk.com.persistence.entity.CandidateSurveyToken.surveyId]

2023-11-24 12:36:46,633 TRACE o.h.o.r.g.AST [DomainResultGraphPrinter.java:70] Stack trace calling DomainResultGraphPrinter
java.lang.Exception: null
	at org.hibernate.sql.results.graph.DomainResultGraphPrinter.visitDomainResults(DomainResultGraphPrinter.java:70)
	at org.hibernate.sql.results.graph.DomainResultGraphPrinter.logDomainResultGraph(DomainResultGraphPrinter.java:46)
	at org.hibernate.sql.results.graph.DomainResultGraphPrinter.logDomainResultGraph(DomainResultGraphPrinter.java:37)
	at org.hibernate.sql.ast.spi.AbstractSqlAstTranslator.translateSelect(AbstractSqlAstTranslator.java:848)
	at org.hibernate.sql.ast.spi.AbstractSqlAstTranslator.translate(AbstractSqlAstTranslator.java:801)
	at org.hibernate.loader.ast.internal.SingleIdLoadPlan.<init>(SingleIdLoadPlan.java:67)
	at org.hibernate.loader.ast.internal.SingleIdEntityLoaderStandardImpl.createLoadPlan(SingleIdEntityLoaderStandardImpl.java:197)
	at org.hibernate.loader.ast.internal.SingleIdEntityLoaderStandardImpl.prepare(SingleIdEntityLoaderStandardImpl.java:55)
	at org.hibernate.persister.entity.AbstractEntityPersister.prepareLoader(AbstractEntityPersister.java:3486)
	at org.hibernate.persister.entity.AbstractEntityPersister.postInstantiate(AbstractEntityPersister.java:3480)
	at org.hibernate.metamodel.model.domain.internal.MappingMetamodelImpl.finishInitialization(MappingMetamodelImpl.java:204)
	at org.hibernate.internal.SessionFactoryImpl.initializeMappingModel(SessionFactoryImpl.java:321)
	at org.hibernate.internal.SessionFactoryImpl.<init>(SessionFactoryImpl.java:271)
	at org.hibernate.boot.internal.SessionFactoryBuilderImpl.build(SessionFactoryBuilderImpl.java:444)
	at org.hibernate.jpa.boot.internal.EntityManagerFactoryBuilderImpl.build(EntityManagerFactoryBuilderImpl.java:1458)
	at org.springframework.orm.jpa.vendor.SpringHibernateJpaPersistenceProvider.createContainerEntityManagerFactory(SpringHibernateJpaPersistenceProvider.java:75)
	at org.springframework.orm.jpa.LocalContainerEntityManagerFactoryBean.createNativeEntityManagerFactory(LocalContainerEntityManagerFactoryBean.java:376)
	at org.springframework.orm.jpa.AbstractEntityManagerFactoryBean.buildNativeEntityManagerFactory(AbstractEntityManagerFactoryBean.java:409)
	at org.springframework.orm.jpa.AbstractEntityManagerFactoryBean.afterPropertiesSet(AbstractEntityManagerFactoryBean.java:396)
	at org.springframework.orm.jpa.LocalContainerEntityManagerFactoryBean.afterPropertiesSet(LocalContainerEntityManagerFactoryBean.java:352)
	at org.springframework.beans.factory.support.AbstractAutowireCapableBeanFactory.invokeInitMethods(AbstractAutowireCapableBeanFactory.java:1817)
	at org.springframework.beans.factory.support.AbstractAutowireCapableBeanFactory.initializeBean(AbstractAutowireCapableBeanFactory.java:1766)
	at org.springframework.beans.factory.support.AbstractAutowireCapableBeanFactory.doCreateBean(AbstractAutowireCapableBeanFactory.java:598)
	at org.springframework.beans.factory.support.AbstractAutowireCapableBeanFactory.createBean(AbstractAutowireCapableBeanFactory.java:520)
	at org.springframework.beans.factory.support.AbstractBeanFactory.lambda$doGetBean$0(AbstractBeanFactory.java:325)
	at org.springframework.beans.factory.support.DefaultSingletonBeanRegistry.getSingleton(DefaultSingletonBeanRegistry.java:234)
	at org.springframework.beans.factory.support.AbstractBeanFactory.doGetBean(AbstractBeanFactory.java:323)
	at org.springframework.beans.factory.support.AbstractBeanFactory.getBean(AbstractBeanFactory.java:199)
	at org.springframework.context.support.AbstractApplicationContext.getBean(AbstractApplicationContext.java:1166)
	at org.springframework.context.support.AbstractApplicationContext.finishBeanFactoryInitialization(AbstractApplicationContext.java:940)
	at org.springframework.context.support.AbstractApplicationContext.refresh(AbstractApplicationContext.java:616)
	at org.springframework.boot.SpringApplication.refresh(SpringApplication.java:738)
	at org.springframework.boot.SpringApplication.refreshContext(SpringApplication.java:440)
	at org.springframework.boot.SpringApplication.run(SpringApplication.java:316)
	at org.springframework.boot.test.context.SpringBootContextLoader.lambda$loadContext$3(SpringBootContextLoader.java:137)
	at org.springframework.util.function.ThrowingSupplier.get(ThrowingSupplier.java:58)
	at org.springframework.util.function.ThrowingSupplier.get(ThrowingSupplier.java:46)
	at org.springframework.boot.SpringApplication.withHook(SpringApplication.java:1406)
	at org.springframework.boot.test.context.SpringBootContextLoader$ContextLoaderHook.run(SpringBootContextLoader.java:545)
	at org.springframework.boot.test.context.SpringBootContextLoader.loadContext(SpringBootContextLoader.java:137)
	at org.springframework.boot.test.context.SpringBootContextLoader.loadContext(SpringBootContextLoader.java:108)
	at org.springframework.test.context.cache.DefaultCacheAwareContextLoaderDelegate.loadContextInternal(DefaultCacheAwareContextLoaderDelegate.java:187)
	at org.springframework.test.context.cache.DefaultCacheAwareContextLoaderDelegate.loadContext(DefaultCacheAwareContextLoaderDelegate.java:119)
	at org.springframework.test.context.support.DefaultTestContext.getApplicationContext(DefaultTestContext.java:127)
	at org.springframework.test.context.web.ServletTestExecutionListener.setUpRequestContextIfNecessary(ServletTestExecutionListener.java:191)
	at org.springframework.test.context.web.ServletTestExecutionListener.prepareTestInstance(ServletTestExecutionListener.java:130)
	at org.springframework.test.context.TestContextManager.prepareTestInstance(TestContextManager.java:241)
	at org.springframework.test.context.junit.jupiter.SpringExtension.postProcessTestInstance(SpringExtension.java:138)
	at org.junit.jupiter.engine.descriptor.ClassBasedTestDescriptor.lambda$invokeTestInstancePostProcessors$10(ClassBasedTestDescriptor.java:377)
	at org.junit.jupiter.engine.descriptor.ClassBasedTestDescriptor.executeAndMaskThrowable(ClassBasedTestDescriptor.java:382)
	at org.junit.jupiter.engine.descriptor.ClassBasedTestDescriptor.lambda$invokeTestInstancePostProcessors$11(ClassBasedTestDescriptor.java:377)
	at java.base/java.util.stream.ReferencePipeline$3$1.accept(ReferencePipeline.java:197)
	at java.base/java.util.stream.ReferencePipeline$2$1.accept(ReferencePipeline.java:179)
	at java.base/java.util.ArrayList$ArrayListSpliterator.forEachRemaining(ArrayList.java:1625)
	at java.base/java.util.stream.AbstractPipeline.copyInto(AbstractPipeline.java:509)
	at java.base/java.util.stream.AbstractPipeline.wrapAndCopyInto(AbstractPipeline.java:499)
	at java.base/java.util.stream.StreamSpliterators$WrappingSpliterator.forEachRemaining(StreamSpliterators.java:310)
	at java.base/java.util.stream.Streams$ConcatSpliterator.forEachRemaining(Streams.java:735)
	at java.base/java.util.stream.Streams$ConcatSpliterator.forEachRemaining(Streams.java:734)
	at java.base/java.util.stream.ReferencePipeline$Head.forEach(ReferencePipeline.java:762)
	at org.junit.jupiter.engine.descriptor.ClassBasedTestDescriptor.invokeTestInstancePostProcessors(ClassBasedTestDescriptor.java:376)
	at org.junit.jupiter.engine.descriptor.ClassBasedTestDescriptor.lambda$instantiateAndPostProcessTestInstance$6(ClassBasedTestDescriptor.java:289)
	at org.junit.platform.engine.support.hierarchical.ThrowableCollector.execute(ThrowableCollector.java:73)
	at org.junit.jupiter.engine.descriptor.ClassBasedTestDescriptor.instantiateAndPostProcessTestInstance(ClassBasedTestDescriptor.java:288)
	at org.junit.jupiter.engine.descriptor.ClassBasedTestDescriptor.lambda$testInstancesProvider$4(ClassBasedTestDescriptor.java:278)
	at java.base/java.util.Optional.orElseGet(Optional.java:364)
	at org.junit.jupiter.engine.descriptor.ClassBasedTestDescriptor.lambda$testInstancesProvider$5(ClassBasedTestDescriptor.java:277)
	at org.junit.jupiter.engine.execution.TestInstancesProvider.getTestInstances(TestInstancesProvider.java:31)
	at org.junit.jupiter.engine.descriptor.TestMethodTestDescriptor.lambda$prepare$0(TestMethodTestDescriptor.java:105)
	at org.junit.platform.engine.support.hierarchical.ThrowableCollector.execute(ThrowableCollector.java:73)
	at org.junit.jupiter.engine.descriptor.TestMethodTestDescriptor.prepare(TestMethodTestDescriptor.java:104)
	at org.junit.jupiter.engine.descriptor.TestMethodTestDescriptor.prepare(TestMethodTestDescriptor.java:68)
	at org.junit.platform.engine.support.hierarchical.NodeTestTask.lambda$prepare$2(NodeTestTask.java:123)
	at org.junit.platform.engine.support.hierarchical.ThrowableCollector.execute(ThrowableCollector.java:73)
	at org.junit.platform.engine.support.hierarchical.NodeTestTask.prepare(NodeTestTask.java:123)
	at org.junit.platform.engine.support.hierarchical.NodeTestTask.execute(NodeTestTask.java:90)
	at java.base/java.util.ArrayList.forEach(ArrayList.java:1511)
	at org.junit.platform.engine.support.hierarchical.SameThreadHierarchicalTestExecutorService.invokeAll(SameThreadHierarchicalTestExecutorService.java:41)
	at org.junit.platform.engine.support.hierarchical.NodeTestTask.lambda$executeRecursively$6(NodeTestTask.java:155)
	at org.junit.platform.engine.support.hierarchical.ThrowableCollector.execute(ThrowableCollector.java:73)
	at org.junit.platform.engine.support.hierarchical.NodeTestTask.lambda$executeRecursively$8(NodeTestTask.java:141)
	at org.junit.platform.engine.support.hierarchical.Node.around(Node.java:137)
	at org.junit.platform.engine.support.hierarchical.NodeTestTask.lambda$executeRecursively$9(NodeTestTask.java:139)
	at org.junit.platform.engine.support.hierarchical.ThrowableCollector.execute(ThrowableCollector.java:73)
	at org.junit.platform.engine.support.hierarchical.NodeTestTask.executeRecursively(NodeTestTask.java:138)
	at org.junit.platform.engine.support.hierarchical.NodeTestTask.execute(NodeTestTask.java:95)
	at java.base/java.util.ArrayList.forEach(ArrayList.java:1511)
	at org.junit.platform.engine.support.hierarchical.SameThreadHierarchicalTestExecutorService.invokeAll(SameThreadHierarchicalTestExecutorService.java:41)
	at org.junit.platform.engine.support.hierarchical.NodeTestTask.lambda$executeRecursively$6(NodeTestTask.java:155)
	at org.junit.platform.engine.support.hierarchical.ThrowableCollector.execute(ThrowableCollector.java:73)
	at org.junit.platform.engine.support.hierarchical.NodeTestTask.lambda$executeRecursively$8(NodeTestTask.java:141)
	at org.junit.platform.engine.support.hierarchical.Node.around(Node.java:137)
	at org.junit.platform.engine.support.hierarchical.NodeTestTask.lambda$executeRecursively$9(NodeTestTask.java:139)
	at org.junit.platform.engine.support.hierarchical.ThrowableCollector.execute(ThrowableCollector.java:73)
	at org.junit.platform.engine.support.hierarchical.NodeTestTask.executeRecursively(NodeTestTask.java:138)
	at org.junit.platform.engine.support.hierarchical.NodeTestTask.execute(NodeTestTask.java:95)
	at org.junit.platform.engine.support.hierarchical.SameThreadHierarchicalTestExecutorService.submit(SameThreadHierarchicalTestExecutorService.java:35)
	at org.junit.platform.engine.support.hierarchical.HierarchicalTestExecutor.execute(HierarchicalTestExecutor.java:57)
	at org.junit.platform.engine.support.hierarchical.HierarchicalTestEngine.execute(HierarchicalTestEngine.java:54)
	at org.junit.platform.launcher.core.EngineExecutionOrchestrator.execute(EngineExecutionOrchestrator.java:147)
	at org.junit.platform.launcher.core.EngineExecutionOrchestrator.execute(EngineExecutionOrchestrator.java:127)
	at org.junit.platform.launcher.core.EngineExecutionOrchestrator.execute(EngineExecutionOrchestrator.java:90)
	at org.junit.platform.launcher.core.EngineExecutionOrchestrator.lambda$execute$0(EngineExecutionOrchestrator.java:55)
	at org.junit.platform.launcher.core.EngineExecutionOrchestrator.withInterceptedStreams(EngineExecutionOrchestrator.java:102)
	at org.junit.platform.launcher.core.EngineExecutionOrchestrator.execute(EngineExecutionOrchestrator.java:54)
	at org.junit.platform.launcher.core.DefaultLauncher.execute(DefaultLauncher.java:114)
	at org.junit.platform.launcher.core.DefaultLauncher.execute(DefaultLauncher.java:86)
	at org.junit.platform.launcher.core.DefaultLauncherSession$DelegatingLauncher.execute(DefaultLauncherSession.java:86)
	at org.apache.maven.surefire.junitplatform.LazyLauncher.execute(LazyLauncher.java:50)
	at org.apache.maven.surefire.junitplatform.JUnitPlatformProvider.execute(JUnitPlatformProvider.java:184)
	at org.apache.maven.surefire.junitplatform.JUnitPlatformProvider.invokeAllTests(JUnitPlatformProvider.java:148)
	at org.apache.maven.surefire.junitplatform.JUnitPlatformProvider.invoke(JUnitPlatformProvider.java:122)
	at org.apache.maven.surefire.booter.ForkedBooter.runSuitesInProcess(ForkedBooter.java:385)
	at org.apache.maven.surefire.booter.ForkedBooter.execute(ForkedBooter.java:162)
	at org.apache.maven.surefire.booter.ForkedBooter.run(ForkedBooter.java:507)
	at org.apache.maven.surefire.booter.ForkedBooter.main(ForkedBooter.java:495)
2023-11-24 12:36:46,633 DEBUG o.h.o.s.a.tree [SqlTreePrinter.java:46] SQL AST Tree:
    SelectStatement {
      FromClause {
        StandardTableGroup (c1 : franco.maurizio.hr.desk.com.persistence.entity.CandidateSurveyToken) {
          primaryTableReference : candidatesurveytokens as c1_0
        }
      }
    }

2023-11-24 12:36:46,634 DEBUG o.h.p.e.AbstractEntityPersister [AbstractEntityPersister.java:2904] Static SQL for entity: franco.maurizio.hr.desk.com.persistence.entity.CandidateStates
2023-11-24 12:36:46,634 DEBUG o.h.p.e.AbstractEntityPersister [AbstractEntityPersister.java:2909]  Version select: select id from candidate_states where id=?
2023-11-24 12:36:46,634 DEBUG o.h.p.e.AbstractEntityPersister [DelegatingBasicLogger.java:393]  Insert (0): insert into candidate_states (role_id,status_code,status_color,status_description,status_label) values (?,?,?,?,?)
2023-11-24 12:36:46,634 DEBUG o.h.p.e.AbstractEntityPersister [DelegatingBasicLogger.java:393]  Update (0): update candidate_states set role_id=?,status_code=?,status_color=?,status_description=?,status_label=? where id=?
2023-11-24 12:36:46,634 DEBUG o.h.p.e.AbstractEntityPersister [DelegatingBasicLogger.java:393]  Delete (0): delete from candidate_states where id=?
2023-11-24 12:36:46,635 DEBUG o.h.o.s.a.create [SqlAliasBaseImpl.java:33] Created new SQL alias : c1_0
2023-11-24 12:36:46,635 DEBUG o.h.o.s.a.create [SimpleFromClauseAccessImpl.java:98] Registration of TableGroup [StandardTableGroup(franco.maurizio.hr.desk.com.persistence.entity.CandidateStates)] with identifierForTableGroup [franco.maurizio.hr.desk.com.persistence.entity.CandidateStates] for NavigablePath [franco.maurizio.hr.desk.com.persistence.entity.CandidateStates] 
2023-11-24 12:36:46,635 TRACE o.h.l.a.i.LoaderSelectBuilder [LoaderSelectBuilder.java:779] Starting visitation of FetchParent's Fetchables : franco.maurizio.hr.desk.com.persistence.entity.CandidateStates
2023-11-24 12:36:46,635 DEBUG o.h.o.r.g.AST [DomainResultGraphPrinter.java:67] DomainResult Graph:
 \-EntityResultImpl [franco.maurizio.hr.desk.com.persistence.entity.CandidateStates]
 |  +-BasicFetch [franco.maurizio.hr.desk.com.persistence.entity.CandidateStates.roleId]
 |  +-BasicFetch [franco.maurizio.hr.desk.com.persistence.entity.CandidateStates.statusCode]
 |  +-BasicFetch [franco.maurizio.hr.desk.com.persistence.entity.CandidateStates.statusColor]
 |  +-BasicFetch [franco.maurizio.hr.desk.com.persistence.entity.CandidateStates.statusDescription]
 |  \-BasicFetch [franco.maurizio.hr.desk.com.persistence.entity.CandidateStates.statusLabel]

2023-11-24 12:36:46,635 TRACE o.h.o.r.g.AST [DomainResultGraphPrinter.java:70] Stack trace calling DomainResultGraphPrinter
java.lang.Exception: null
	at org.hibernate.sql.results.graph.DomainResultGraphPrinter.visitDomainResults(DomainResultGraphPrinter.java:70)
	at org.hibernate.sql.results.graph.DomainResultGraphPrinter.logDomainResultGraph(DomainResultGraphPrinter.java:46)
	at org.hibernate.sql.results.graph.DomainResultGraphPrinter.logDomainResultGraph(DomainResultGraphPrinter.java:37)
	at org.hibernate.sql.ast.spi.AbstractSqlAstTranslator.translateSelect(AbstractSqlAstTranslator.java:848)
	at org.hibernate.sql.ast.spi.AbstractSqlAstTranslator.translate(AbstractSqlAstTranslator.java:801)
	at org.hibernate.loader.ast.internal.SingleIdLoadPlan.<init>(SingleIdLoadPlan.java:67)
	at org.hibernate.loader.ast.internal.SingleIdEntityLoaderStandardImpl.createLoadPlan(SingleIdEntityLoaderStandardImpl.java:197)
	at org.hibernate.loader.ast.internal.SingleIdEntityLoaderStandardImpl.prepare(SingleIdEntityLoaderStandardImpl.java:55)
	at org.hibernate.persister.entity.AbstractEntityPersister.prepareLoader(AbstractEntityPersister.java:3486)
	at org.hibernate.persister.entity.AbstractEntityPersister.postInstantiate(AbstractEntityPersister.java:3480)
	at org.hibernate.metamodel.model.domain.internal.MappingMetamodelImpl.finishInitialization(MappingMetamodelImpl.java:204)
	at org.hibernate.internal.SessionFactoryImpl.initializeMappingModel(SessionFactoryImpl.java:321)
	at org.hibernate.internal.SessionFactoryImpl.<init>(SessionFactoryImpl.java:271)
	at org.hibernate.boot.internal.SessionFactoryBuilderImpl.build(SessionFactoryBuilderImpl.java:444)
	at org.hibernate.jpa.boot.internal.EntityManagerFactoryBuilderImpl.build(EntityManagerFactoryBuilderImpl.java:1458)
	at org.springframework.orm.jpa.vendor.SpringHibernateJpaPersistenceProvider.createContainerEntityManagerFactory(SpringHibernateJpaPersistenceProvider.java:75)
	at org.springframework.orm.jpa.LocalContainerEntityManagerFactoryBean.createNativeEntityManagerFactory(LocalContainerEntityManagerFactoryBean.java:376)
	at org.springframework.orm.jpa.AbstractEntityManagerFactoryBean.buildNativeEntityManagerFactory(AbstractEntityManagerFactoryBean.java:409)
	at org.springframework.orm.jpa.AbstractEntityManagerFactoryBean.afterPropertiesSet(AbstractEntityManagerFactoryBean.java:396)
	at org.springframework.orm.jpa.LocalContainerEntityManagerFactoryBean.afterPropertiesSet(LocalContainerEntityManagerFactoryBean.java:352)
	at org.springframework.beans.factory.support.AbstractAutowireCapableBeanFactory.invokeInitMethods(AbstractAutowireCapableBeanFactory.java:1817)
	at org.springframework.beans.factory.support.AbstractAutowireCapableBeanFactory.initializeBean(AbstractAutowireCapableBeanFactory.java:1766)
	at org.springframework.beans.factory.support.AbstractAutowireCapableBeanFactory.doCreateBean(AbstractAutowireCapableBeanFactory.java:598)
	at org.springframework.beans.factory.support.AbstractAutowireCapableBeanFactory.createBean(AbstractAutowireCapableBeanFactory.java:520)
	at org.springframework.beans.factory.support.AbstractBeanFactory.lambda$doGetBean$0(AbstractBeanFactory.java:325)
	at org.springframework.beans.factory.support.DefaultSingletonBeanRegistry.getSingleton(DefaultSingletonBeanRegistry.java:234)
	at org.springframework.beans.factory.support.AbstractBeanFactory.doGetBean(AbstractBeanFactory.java:323)
	at org.springframework.beans.factory.support.AbstractBeanFactory.getBean(AbstractBeanFactory.java:199)
	at org.springframework.context.support.AbstractApplicationContext.getBean(AbstractApplicationContext.java:1166)
	at org.springframework.context.support.AbstractApplicationContext.finishBeanFactoryInitialization(AbstractApplicationContext.java:940)
	at org.springframework.context.support.AbstractApplicationContext.refresh(AbstractApplicationContext.java:616)
	at org.springframework.boot.SpringApplication.refresh(SpringApplication.java:738)
	at org.springframework.boot.SpringApplication.refreshContext(SpringApplication.java:440)
	at org.springframework.boot.SpringApplication.run(SpringApplication.java:316)
	at org.springframework.boot.test.context.SpringBootContextLoader.lambda$loadContext$3(SpringBootContextLoader.java:137)
	at org.springframework.util.function.ThrowingSupplier.get(ThrowingSupplier.java:58)
	at org.springframework.util.function.ThrowingSupplier.get(ThrowingSupplier.java:46)
	at org.springframework.boot.SpringApplication.withHook(SpringApplication.java:1406)
	at org.springframework.boot.test.context.SpringBootContextLoader$ContextLoaderHook.run(SpringBootContextLoader.java:545)
	at org.springframework.boot.test.context.SpringBootContextLoader.loadContext(SpringBootContextLoader.java:137)
	at org.springframework.boot.test.context.SpringBootContextLoader.loadContext(SpringBootContextLoader.java:108)
	at org.springframework.test.context.cache.DefaultCacheAwareContextLoaderDelegate.loadContextInternal(DefaultCacheAwareContextLoaderDelegate.java:187)
	at org.springframework.test.context.cache.DefaultCacheAwareContextLoaderDelegate.loadContext(DefaultCacheAwareContextLoaderDelegate.java:119)
	at org.springframework.test.context.support.DefaultTestContext.getApplicationContext(DefaultTestContext.java:127)
	at org.springframework.test.context.web.ServletTestExecutionListener.setUpRequestContextIfNecessary(ServletTestExecutionListener.java:191)
	at org.springframework.test.context.web.ServletTestExecutionListener.prepareTestInstance(ServletTestExecutionListener.java:130)
	at org.springframework.test.context.TestContextManager.prepareTestInstance(TestContextManager.java:241)
	at org.springframework.test.context.junit.jupiter.SpringExtension.postProcessTestInstance(SpringExtension.java:138)
	at org.junit.jupiter.engine.descriptor.ClassBasedTestDescriptor.lambda$invokeTestInstancePostProcessors$10(ClassBasedTestDescriptor.java:377)
	at org.junit.jupiter.engine.descriptor.ClassBasedTestDescriptor.executeAndMaskThrowable(ClassBasedTestDescriptor.java:382)
	at org.junit.jupiter.engine.descriptor.ClassBasedTestDescriptor.lambda$invokeTestInstancePostProcessors$11(ClassBasedTestDescriptor.java:377)
	at java.base/java.util.stream.ReferencePipeline$3$1.accept(ReferencePipeline.java:197)
	at java.base/java.util.stream.ReferencePipeline$2$1.accept(ReferencePipeline.java:179)
	at java.base/java.util.ArrayList$ArrayListSpliterator.forEachRemaining(ArrayList.java:1625)
	at java.base/java.util.stream.AbstractPipeline.copyInto(AbstractPipeline.java:509)
	at java.base/java.util.stream.AbstractPipeline.wrapAndCopyInto(AbstractPipeline.java:499)
	at java.base/java.util.stream.StreamSpliterators$WrappingSpliterator.forEachRemaining(StreamSpliterators.java:310)
	at java.base/java.util.stream.Streams$ConcatSpliterator.forEachRemaining(Streams.java:735)
	at java.base/java.util.stream.Streams$ConcatSpliterator.forEachRemaining(Streams.java:734)
	at java.base/java.util.stream.ReferencePipeline$Head.forEach(ReferencePipeline.java:762)
	at org.junit.jupiter.engine.descriptor.ClassBasedTestDescriptor.invokeTestInstancePostProcessors(ClassBasedTestDescriptor.java:376)
	at org.junit.jupiter.engine.descriptor.ClassBasedTestDescriptor.lambda$instantiateAndPostProcessTestInstance$6(ClassBasedTestDescriptor.java:289)
	at org.junit.platform.engine.support.hierarchical.ThrowableCollector.execute(ThrowableCollector.java:73)
	at org.junit.jupiter.engine.descriptor.ClassBasedTestDescriptor.instantiateAndPostProcessTestInstance(ClassBasedTestDescriptor.java:288)
	at org.junit.jupiter.engine.descriptor.ClassBasedTestDescriptor.lambda$testInstancesProvider$4(ClassBasedTestDescriptor.java:278)
	at java.base/java.util.Optional.orElseGet(Optional.java:364)
	at org.junit.jupiter.engine.descriptor.ClassBasedTestDescriptor.lambda$testInstancesProvider$5(ClassBasedTestDescriptor.java:277)
	at org.junit.jupiter.engine.execution.TestInstancesProvider.getTestInstances(TestInstancesProvider.java:31)
	at org.junit.jupiter.engine.descriptor.TestMethodTestDescriptor.lambda$prepare$0(TestMethodTestDescriptor.java:105)
	at org.junit.platform.engine.support.hierarchical.ThrowableCollector.execute(ThrowableCollector.java:73)
	at org.junit.jupiter.engine.descriptor.TestMethodTestDescriptor.prepare(TestMethodTestDescriptor.java:104)
	at org.junit.jupiter.engine.descriptor.TestMethodTestDescriptor.prepare(TestMethodTestDescriptor.java:68)
	at org.junit.platform.engine.support.hierarchical.NodeTestTask.lambda$prepare$2(NodeTestTask.java:123)
	at org.junit.platform.engine.support.hierarchical.ThrowableCollector.execute(ThrowableCollector.java:73)
	at org.junit.platform.engine.support.hierarchical.NodeTestTask.prepare(NodeTestTask.java:123)
	at org.junit.platform.engine.support.hierarchical.NodeTestTask.execute(NodeTestTask.java:90)
	at java.base/java.util.ArrayList.forEach(ArrayList.java:1511)
	at org.junit.platform.engine.support.hierarchical.SameThreadHierarchicalTestExecutorService.invokeAll(SameThreadHierarchicalTestExecutorService.java:41)
	at org.junit.platform.engine.support.hierarchical.NodeTestTask.lambda$executeRecursively$6(NodeTestTask.java:155)
	at org.junit.platform.engine.support.hierarchical.ThrowableCollector.execute(ThrowableCollector.java:73)
	at org.junit.platform.engine.support.hierarchical.NodeTestTask.lambda$executeRecursively$8(NodeTestTask.java:141)
	at org.junit.platform.engine.support.hierarchical.Node.around(Node.java:137)
	at org.junit.platform.engine.support.hierarchical.NodeTestTask.lambda$executeRecursively$9(NodeTestTask.java:139)
	at org.junit.platform.engine.support.hierarchical.ThrowableCollector.execute(ThrowableCollector.java:73)
	at org.junit.platform.engine.support.hierarchical.NodeTestTask.executeRecursively(NodeTestTask.java:138)
	at org.junit.platform.engine.support.hierarchical.NodeTestTask.execute(NodeTestTask.java:95)
	at java.base/java.util.ArrayList.forEach(ArrayList.java:1511)
	at org.junit.platform.engine.support.hierarchical.SameThreadHierarchicalTestExecutorService.invokeAll(SameThreadHierarchicalTestExecutorService.java:41)
	at org.junit.platform.engine.support.hierarchical.NodeTestTask.lambda$executeRecursively$6(NodeTestTask.java:155)
	at org.junit.platform.engine.support.hierarchical.ThrowableCollector.execute(ThrowableCollector.java:73)
	at org.junit.platform.engine.support.hierarchical.NodeTestTask.lambda$executeRecursively$8(NodeTestTask.java:141)
	at org.junit.platform.engine.support.hierarchical.Node.around(Node.java:137)
	at org.junit.platform.engine.support.hierarchical.NodeTestTask.lambda$executeRecursively$9(NodeTestTask.java:139)
	at org.junit.platform.engine.support.hierarchical.ThrowableCollector.execute(ThrowableCollector.java:73)
	at org.junit.platform.engine.support.hierarchical.NodeTestTask.executeRecursively(NodeTestTask.java:138)
	at org.junit.platform.engine.support.hierarchical.NodeTestTask.execute(NodeTestTask.java:95)
	at org.junit.platform.engine.support.hierarchical.SameThreadHierarchicalTestExecutorService.submit(SameThreadHierarchicalTestExecutorService.java:35)
	at org.junit.platform.engine.support.hierarchical.HierarchicalTestExecutor.execute(HierarchicalTestExecutor.java:57)
	at org.junit.platform.engine.support.hierarchical.HierarchicalTestEngine.execute(HierarchicalTestEngine.java:54)
	at org.junit.platform.launcher.core.EngineExecutionOrchestrator.execute(EngineExecutionOrchestrator.java:147)
	at org.junit.platform.launcher.core.EngineExecutionOrchestrator.execute(EngineExecutionOrchestrator.java:127)
	at org.junit.platform.launcher.core.EngineExecutionOrchestrator.execute(EngineExecutionOrchestrator.java:90)
	at org.junit.platform.launcher.core.EngineExecutionOrchestrator.lambda$execute$0(EngineExecutionOrchestrator.java:55)
	at org.junit.platform.launcher.core.EngineExecutionOrchestrator.withInterceptedStreams(EngineExecutionOrchestrator.java:102)
	at org.junit.platform.launcher.core.EngineExecutionOrchestrator.execute(EngineExecutionOrchestrator.java:54)
	at org.junit.platform.launcher.core.DefaultLauncher.execute(DefaultLauncher.java:114)
	at org.junit.platform.launcher.core.DefaultLauncher.execute(DefaultLauncher.java:86)
	at org.junit.platform.launcher.core.DefaultLauncherSession$DelegatingLauncher.execute(DefaultLauncherSession.java:86)
	at org.apache.maven.surefire.junitplatform.LazyLauncher.execute(LazyLauncher.java:50)
	at org.apache.maven.surefire.junitplatform.JUnitPlatformProvider.execute(JUnitPlatformProvider.java:184)
	at org.apache.maven.surefire.junitplatform.JUnitPlatformProvider.invokeAllTests(JUnitPlatformProvider.java:148)
	at org.apache.maven.surefire.junitplatform.JUnitPlatformProvider.invoke(JUnitPlatformProvider.java:122)
	at org.apache.maven.surefire.booter.ForkedBooter.runSuitesInProcess(ForkedBooter.java:385)
	at org.apache.maven.surefire.booter.ForkedBooter.execute(ForkedBooter.java:162)
	at org.apache.maven.surefire.booter.ForkedBooter.run(ForkedBooter.java:507)
	at org.apache.maven.surefire.booter.ForkedBooter.main(ForkedBooter.java:495)
2023-11-24 12:36:46,636 DEBUG o.h.o.s.a.tree [SqlTreePrinter.java:46] SQL AST Tree:
    SelectStatement {
      FromClause {
        StandardTableGroup (c1 : franco.maurizio.hr.desk.com.persistence.entity.CandidateStates) {
          primaryTableReference : candidate_states as c1_0
        }
      }
    }

2023-11-24 12:36:46,636 DEBUG o.h.p.e.AbstractEntityPersister [AbstractEntityPersister.java:2904] Static SQL for entity: franco.maurizio.hr.desk.com.persistence.entity.CoursePage
2023-11-24 12:36:46,637 DEBUG o.h.p.e.AbstractEntityPersister [AbstractEntityPersister.java:2909]  Version select: select id from coursepage where id=?
2023-11-24 12:36:46,637 DEBUG o.h.p.e.AbstractEntityPersister [DelegatingBasicLogger.java:393]  Insert (0): insert into coursepage (body_text,code,created_datetime,file_name,opened_by,status_open,title) values (?,?,?,?,?,?,?)
2023-11-24 12:36:46,637 DEBUG o.h.p.e.AbstractEntityPersister [DelegatingBasicLogger.java:393]  Update (0): update coursepage set body_text=?,code=?,created_datetime=?,file_name=?,opened_by=?,status_open=?,title=? where id=?
2023-11-24 12:36:46,637 DEBUG o.h.p.e.AbstractEntityPersister [DelegatingBasicLogger.java:393]  Delete (0): delete from coursepage where id=?
2023-11-24 12:36:46,638 DEBUG o.h.o.s.a.create [SqlAliasBaseImpl.java:33] Created new SQL alias : c1_0
2023-11-24 12:36:46,638 DEBUG o.h.o.s.a.create [SimpleFromClauseAccessImpl.java:98] Registration of TableGroup [StandardTableGroup(franco.maurizio.hr.desk.com.persistence.entity.CoursePage)] with identifierForTableGroup [franco.maurizio.hr.desk.com.persistence.entity.CoursePage] for NavigablePath [franco.maurizio.hr.desk.com.persistence.entity.CoursePage] 
2023-11-24 12:36:46,638 TRACE o.h.l.a.i.LoaderSelectBuilder [LoaderSelectBuilder.java:779] Starting visitation of FetchParent's Fetchables : franco.maurizio.hr.desk.com.persistence.entity.CoursePage
2023-11-24 12:36:46,639 DEBUG o.h.o.r.g.AST [DomainResultGraphPrinter.java:67] DomainResult Graph:
 \-EntityResultImpl [franco.maurizio.hr.desk.com.persistence.entity.CoursePage]
 |  +-BasicFetch [franco.maurizio.hr.desk.com.persistence.entity.CoursePage.bodyText]
 |  +-BasicFetch [franco.maurizio.hr.desk.com.persistence.entity.CoursePage.code]
 |  +-BasicFetch [franco.maurizio.hr.desk.com.persistence.entity.CoursePage.created_datetime]
 |  +-BasicFetch [franco.maurizio.hr.desk.com.persistence.entity.CoursePage.fileName]
 |  +-BasicFetch [franco.maurizio.hr.desk.com.persistence.entity.CoursePage.opened_by]
 |  +-BasicFetch [franco.maurizio.hr.desk.com.persistence.entity.CoursePage.statusOpen]
 |  \-BasicFetch [franco.maurizio.hr.desk.com.persistence.entity.CoursePage.title]

2023-11-24 12:36:46,639 TRACE o.h.o.r.g.AST [DomainResultGraphPrinter.java:70] Stack trace calling DomainResultGraphPrinter
java.lang.Exception: null
	at org.hibernate.sql.results.graph.DomainResultGraphPrinter.visitDomainResults(DomainResultGraphPrinter.java:70)
	at org.hibernate.sql.results.graph.DomainResultGraphPrinter.logDomainResultGraph(DomainResultGraphPrinter.java:46)
	at org.hibernate.sql.results.graph.DomainResultGraphPrinter.logDomainResultGraph(DomainResultGraphPrinter.java:37)
	at org.hibernate.sql.ast.spi.AbstractSqlAstTranslator.translateSelect(AbstractSqlAstTranslator.java:848)
	at org.hibernate.sql.ast.spi.AbstractSqlAstTranslator.translate(AbstractSqlAstTranslator.java:801)
	at org.hibernate.loader.ast.internal.SingleIdLoadPlan.<init>(SingleIdLoadPlan.java:67)
	at org.hibernate.loader.ast.internal.SingleIdEntityLoaderStandardImpl.createLoadPlan(SingleIdEntityLoaderStandardImpl.java:197)
	at org.hibernate.loader.ast.internal.SingleIdEntityLoaderStandardImpl.prepare(SingleIdEntityLoaderStandardImpl.java:55)
	at org.hibernate.persister.entity.AbstractEntityPersister.prepareLoader(AbstractEntityPersister.java:3486)
	at org.hibernate.persister.entity.AbstractEntityPersister.postInstantiate(AbstractEntityPersister.java:3480)
	at org.hibernate.metamodel.model.domain.internal.MappingMetamodelImpl.finishInitialization(MappingMetamodelImpl.java:204)
	at org.hibernate.internal.SessionFactoryImpl.initializeMappingModel(SessionFactoryImpl.java:321)
	at org.hibernate.internal.SessionFactoryImpl.<init>(SessionFactoryImpl.java:271)
	at org.hibernate.boot.internal.SessionFactoryBuilderImpl.build(SessionFactoryBuilderImpl.java:444)
	at org.hibernate.jpa.boot.internal.EntityManagerFactoryBuilderImpl.build(EntityManagerFactoryBuilderImpl.java:1458)
	at org.springframework.orm.jpa.vendor.SpringHibernateJpaPersistenceProvider.createContainerEntityManagerFactory(SpringHibernateJpaPersistenceProvider.java:75)
	at org.springframework.orm.jpa.LocalContainerEntityManagerFactoryBean.createNativeEntityManagerFactory(LocalContainerEntityManagerFactoryBean.java:376)
	at org.springframework.orm.jpa.AbstractEntityManagerFactoryBean.buildNativeEntityManagerFactory(AbstractEntityManagerFactoryBean.java:409)
	at org.springframework.orm.jpa.AbstractEntityManagerFactoryBean.afterPropertiesSet(AbstractEntityManagerFactoryBean.java:396)
	at org.springframework.orm.jpa.LocalContainerEntityManagerFactoryBean.afterPropertiesSet(LocalContainerEntityManagerFactoryBean.java:352)
	at org.springframework.beans.factory.support.AbstractAutowireCapableBeanFactory.invokeInitMethods(AbstractAutowireCapableBeanFactory.java:1817)
	at org.springframework.beans.factory.support.AbstractAutowireCapableBeanFactory.initializeBean(AbstractAutowireCapableBeanFactory.java:1766)
	at org.springframework.beans.factory.support.AbstractAutowireCapableBeanFactory.doCreateBean(AbstractAutowireCapableBeanFactory.java:598)
	at org.springframework.beans.factory.support.AbstractAutowireCapableBeanFactory.createBean(AbstractAutowireCapableBeanFactory.java:520)
	at org.springframework.beans.factory.support.AbstractBeanFactory.lambda$doGetBean$0(AbstractBeanFactory.java:325)
	at org.springframework.beans.factory.support.DefaultSingletonBeanRegistry.getSingleton(DefaultSingletonBeanRegistry.java:234)
	at org.springframework.beans.factory.support.AbstractBeanFactory.doGetBean(AbstractBeanFactory.java:323)
	at org.springframework.beans.factory.support.AbstractBeanFactory.getBean(AbstractBeanFactory.java:199)
	at org.springframework.context.support.AbstractApplicationContext.getBean(AbstractApplicationContext.java:1166)
	at org.springframework.context.support.AbstractApplicationContext.finishBeanFactoryInitialization(AbstractApplicationContext.java:940)
	at org.springframework.context.support.AbstractApplicationContext.refresh(AbstractApplicationContext.java:616)
	at org.springframework.boot.SpringApplication.refresh(SpringApplication.java:738)
	at org.springframework.boot.SpringApplication.refreshContext(SpringApplication.java:440)
	at org.springframework.boot.SpringApplication.run(SpringApplication.java:316)
	at org.springframework.boot.test.context.SpringBootContextLoader.lambda$loadContext$3(SpringBootContextLoader.java:137)
	at org.springframework.util.function.ThrowingSupplier.get(ThrowingSupplier.java:58)
	at org.springframework.util.function.ThrowingSupplier.get(ThrowingSupplier.java:46)
	at org.springframework.boot.SpringApplication.withHook(SpringApplication.java:1406)
	at org.springframework.boot.test.context.SpringBootContextLoader$ContextLoaderHook.run(SpringBootContextLoader.java:545)
	at org.springframework.boot.test.context.SpringBootContextLoader.loadContext(SpringBootContextLoader.java:137)
	at org.springframework.boot.test.context.SpringBootContextLoader.loadContext(SpringBootContextLoader.java:108)
	at org.springframework.test.context.cache.DefaultCacheAwareContextLoaderDelegate.loadContextInternal(DefaultCacheAwareContextLoaderDelegate.java:187)
	at org.springframework.test.context.cache.DefaultCacheAwareContextLoaderDelegate.loadContext(DefaultCacheAwareContextLoaderDelegate.java:119)
	at org.springframework.test.context.support.DefaultTestContext.getApplicationContext(DefaultTestContext.java:127)
	at org.springframework.test.context.web.ServletTestExecutionListener.setUpRequestContextIfNecessary(ServletTestExecutionListener.java:191)
	at org.springframework.test.context.web.ServletTestExecutionListener.prepareTestInstance(ServletTestExecutionListener.java:130)
	at org.springframework.test.context.TestContextManager.prepareTestInstance(TestContextManager.java:241)
	at org.springframework.test.context.junit.jupiter.SpringExtension.postProcessTestInstance(SpringExtension.java:138)
	at org.junit.jupiter.engine.descriptor.ClassBasedTestDescriptor.lambda$invokeTestInstancePostProcessors$10(ClassBasedTestDescriptor.java:377)
	at org.junit.jupiter.engine.descriptor.ClassBasedTestDescriptor.executeAndMaskThrowable(ClassBasedTestDescriptor.java:382)
	at org.junit.jupiter.engine.descriptor.ClassBasedTestDescriptor.lambda$invokeTestInstancePostProcessors$11(ClassBasedTestDescriptor.java:377)
	at java.base/java.util.stream.ReferencePipeline$3$1.accept(ReferencePipeline.java:197)
	at java.base/java.util.stream.ReferencePipeline$2$1.accept(ReferencePipeline.java:179)
	at java.base/java.util.ArrayList$ArrayListSpliterator.forEachRemaining(ArrayList.java:1625)
	at java.base/java.util.stream.AbstractPipeline.copyInto(AbstractPipeline.java:509)
	at java.base/java.util.stream.AbstractPipeline.wrapAndCopyInto(AbstractPipeline.java:499)
	at java.base/java.util.stream.StreamSpliterators$WrappingSpliterator.forEachRemaining(StreamSpliterators.java:310)
	at java.base/java.util.stream.Streams$ConcatSpliterator.forEachRemaining(Streams.java:735)
	at java.base/java.util.stream.Streams$ConcatSpliterator.forEachRemaining(Streams.java:734)
	at java.base/java.util.stream.ReferencePipeline$Head.forEach(ReferencePipeline.java:762)
	at org.junit.jupiter.engine.descriptor.ClassBasedTestDescriptor.invokeTestInstancePostProcessors(ClassBasedTestDescriptor.java:376)
	at org.junit.jupiter.engine.descriptor.ClassBasedTestDescriptor.lambda$instantiateAndPostProcessTestInstance$6(ClassBasedTestDescriptor.java:289)
	at org.junit.platform.engine.support.hierarchical.ThrowableCollector.execute(ThrowableCollector.java:73)
	at org.junit.jupiter.engine.descriptor.ClassBasedTestDescriptor.instantiateAndPostProcessTestInstance(ClassBasedTestDescriptor.java:288)
	at org.junit.jupiter.engine.descriptor.ClassBasedTestDescriptor.lambda$testInstancesProvider$4(ClassBasedTestDescriptor.java:278)
	at java.base/java.util.Optional.orElseGet(Optional.java:364)
	at org.junit.jupiter.engine.descriptor.ClassBasedTestDescriptor.lambda$testInstancesProvider$5(ClassBasedTestDescriptor.java:277)
	at org.junit.jupiter.engine.execution.TestInstancesProvider.getTestInstances(TestInstancesProvider.java:31)
	at org.junit.jupiter.engine.descriptor.TestMethodTestDescriptor.lambda$prepare$0(TestMethodTestDescriptor.java:105)
	at org.junit.platform.engine.support.hierarchical.ThrowableCollector.execute(ThrowableCollector.java:73)
	at org.junit.jupiter.engine.descriptor.TestMethodTestDescriptor.prepare(TestMethodTestDescriptor.java:104)
	at org.junit.jupiter.engine.descriptor.TestMethodTestDescriptor.prepare(TestMethodTestDescriptor.java:68)
	at org.junit.platform.engine.support.hierarchical.NodeTestTask.lambda$prepare$2(NodeTestTask.java:123)
	at org.junit.platform.engine.support.hierarchical.ThrowableCollector.execute(ThrowableCollector.java:73)
	at org.junit.platform.engine.support.hierarchical.NodeTestTask.prepare(NodeTestTask.java:123)
	at org.junit.platform.engine.support.hierarchical.NodeTestTask.execute(NodeTestTask.java:90)
	at java.base/java.util.ArrayList.forEach(ArrayList.java:1511)
	at org.junit.platform.engine.support.hierarchical.SameThreadHierarchicalTestExecutorService.invokeAll(SameThreadHierarchicalTestExecutorService.java:41)
	at org.junit.platform.engine.support.hierarchical.NodeTestTask.lambda$executeRecursively$6(NodeTestTask.java:155)
	at org.junit.platform.engine.support.hierarchical.ThrowableCollector.execute(ThrowableCollector.java:73)
	at org.junit.platform.engine.support.hierarchical.NodeTestTask.lambda$executeRecursively$8(NodeTestTask.java:141)
	at org.junit.platform.engine.support.hierarchical.Node.around(Node.java:137)
	at org.junit.platform.engine.support.hierarchical.NodeTestTask.lambda$executeRecursively$9(NodeTestTask.java:139)
	at org.junit.platform.engine.support.hierarchical.ThrowableCollector.execute(ThrowableCollector.java:73)
	at org.junit.platform.engine.support.hierarchical.NodeTestTask.executeRecursively(NodeTestTask.java:138)
	at org.junit.platform.engine.support.hierarchical.NodeTestTask.execute(NodeTestTask.java:95)
	at java.base/java.util.ArrayList.forEach(ArrayList.java:1511)
	at org.junit.platform.engine.support.hierarchical.SameThreadHierarchicalTestExecutorService.invokeAll(SameThreadHierarchicalTestExecutorService.java:41)
	at org.junit.platform.engine.support.hierarchical.NodeTestTask.lambda$executeRecursively$6(NodeTestTask.java:155)
	at org.junit.platform.engine.support.hierarchical.ThrowableCollector.execute(ThrowableCollector.java:73)
	at org.junit.platform.engine.support.hierarchical.NodeTestTask.lambda$executeRecursively$8(NodeTestTask.java:141)
	at org.junit.platform.engine.support.hierarchical.Node.around(Node.java:137)
	at org.junit.platform.engine.support.hierarchical.NodeTestTask.lambda$executeRecursively$9(NodeTestTask.java:139)
	at org.junit.platform.engine.support.hierarchical.ThrowableCollector.execute(ThrowableCollector.java:73)
	at org.junit.platform.engine.support.hierarchical.NodeTestTask.executeRecursively(NodeTestTask.java:138)
	at org.junit.platform.engine.support.hierarchical.NodeTestTask.execute(NodeTestTask.java:95)
	at org.junit.platform.engine.support.hierarchical.SameThreadHierarchicalTestExecutorService.submit(SameThreadHierarchicalTestExecutorService.java:35)
	at org.junit.platform.engine.support.hierarchical.HierarchicalTestExecutor.execute(HierarchicalTestExecutor.java:57)
	at org.junit.platform.engine.support.hierarchical.HierarchicalTestEngine.execute(HierarchicalTestEngine.java:54)
	at org.junit.platform.launcher.core.EngineExecutionOrchestrator.execute(EngineExecutionOrchestrator.java:147)
	at org.junit.platform.launcher.core.EngineExecutionOrchestrator.execute(EngineExecutionOrchestrator.java:127)
	at org.junit.platform.launcher.core.EngineExecutionOrchestrator.execute(EngineExecutionOrchestrator.java:90)
	at org.junit.platform.launcher.core.EngineExecutionOrchestrator.lambda$execute$0(EngineExecutionOrchestrator.java:55)
	at org.junit.platform.launcher.core.EngineExecutionOrchestrator.withInterceptedStreams(EngineExecutionOrchestrator.java:102)
	at org.junit.platform.launcher.core.EngineExecutionOrchestrator.execute(EngineExecutionOrchestrator.java:54)
	at org.junit.platform.launcher.core.DefaultLauncher.execute(DefaultLauncher.java:114)
	at org.junit.platform.launcher.core.DefaultLauncher.execute(DefaultLauncher.java:86)
	at org.junit.platform.launcher.core.DefaultLauncherSession$DelegatingLauncher.execute(DefaultLauncherSession.java:86)
	at org.apache.maven.surefire.junitplatform.LazyLauncher.execute(LazyLauncher.java:50)
	at org.apache.maven.surefire.junitplatform.JUnitPlatformProvider.execute(JUnitPlatformProvider.java:184)
	at org.apache.maven.surefire.junitplatform.JUnitPlatformProvider.invokeAllTests(JUnitPlatformProvider.java:148)
	at org.apache.maven.surefire.junitplatform.JUnitPlatformProvider.invoke(JUnitPlatformProvider.java:122)
	at org.apache.maven.surefire.booter.ForkedBooter.runSuitesInProcess(ForkedBooter.java:385)
	at org.apache.maven.surefire.booter.ForkedBooter.execute(ForkedBooter.java:162)
	at org.apache.maven.surefire.booter.ForkedBooter.run(ForkedBooter.java:507)
	at org.apache.maven.surefire.booter.ForkedBooter.main(ForkedBooter.java:495)
2023-11-24 12:36:46,639 DEBUG o.h.o.s.a.tree [SqlTreePrinter.java:46] SQL AST Tree:
    SelectStatement {
      FromClause {
        StandardTableGroup (c1 : franco.maurizio.hr.desk.com.persistence.entity.CoursePage) {
          primaryTableReference : coursepage as c1_0
        }
      }
    }

2023-11-24 12:36:46,640 DEBUG o.h.p.e.AbstractEntityPersister [AbstractEntityPersister.java:2904] Static SQL for entity: franco.maurizio.hr.desk.com.persistence.entity.Role
2023-11-24 12:36:46,640 DEBUG o.h.p.e.AbstractEntityPersister [AbstractEntityPersister.java:2909]  Version select: select id from roles where id=?
2023-11-24 12:36:46,640 DEBUG o.h.p.e.AbstractEntityPersister [DelegatingBasicLogger.java:393]  Insert (0): insert into roles (description,label,level) values (?,?,?)
2023-11-24 12:36:46,640 DEBUG o.h.p.e.AbstractEntityPersister [DelegatingBasicLogger.java:393]  Update (0): update roles set description=?,label=?,level=? where id=?
2023-11-24 12:36:46,640 DEBUG o.h.p.e.AbstractEntityPersister [DelegatingBasicLogger.java:393]  Delete (0): delete from roles where id=?
2023-11-24 12:36:46,641 DEBUG o.h.o.s.a.create [SqlAliasBaseImpl.java:33] Created new SQL alias : r1_0
2023-11-24 12:36:46,641 DEBUG o.h.o.s.a.create [SimpleFromClauseAccessImpl.java:98] Registration of TableGroup [StandardTableGroup(franco.maurizio.hr.desk.com.persistence.entity.Role)] with identifierForTableGroup [franco.maurizio.hr.desk.com.persistence.entity.Role] for NavigablePath [franco.maurizio.hr.desk.com.persistence.entity.Role] 
2023-11-24 12:36:46,641 TRACE o.h.l.a.i.LoaderSelectBuilder [LoaderSelectBuilder.java:779] Starting visitation of FetchParent's Fetchables : franco.maurizio.hr.desk.com.persistence.entity.Role
2023-11-24 12:36:46,641 DEBUG o.h.o.r.g.AST [DomainResultGraphPrinter.java:67] DomainResult Graph:
 \-EntityResultImpl [franco.maurizio.hr.desk.com.persistence.entity.Role]
 |  +-BasicFetch [franco.maurizio.hr.desk.com.persistence.entity.Role.description]
 |  +-BasicFetch [franco.maurizio.hr.desk.com.persistence.entity.Role.label]
 |  \-BasicFetch [franco.maurizio.hr.desk.com.persistence.entity.Role.level]

2023-11-24 12:36:46,642 TRACE o.h.o.r.g.AST [DomainResultGraphPrinter.java:70] Stack trace calling DomainResultGraphPrinter
java.lang.Exception: null
	at org.hibernate.sql.results.graph.DomainResultGraphPrinter.visitDomainResults(DomainResultGraphPrinter.java:70)
	at org.hibernate.sql.results.graph.DomainResultGraphPrinter.logDomainResultGraph(DomainResultGraphPrinter.java:46)
	at org.hibernate.sql.results.graph.DomainResultGraphPrinter.logDomainResultGraph(DomainResultGraphPrinter.java:37)
	at org.hibernate.sql.ast.spi.AbstractSqlAstTranslator.translateSelect(AbstractSqlAstTranslator.java:848)
	at org.hibernate.sql.ast.spi.AbstractSqlAstTranslator.translate(AbstractSqlAstTranslator.java:801)
	at org.hibernate.loader.ast.internal.SingleIdLoadPlan.<init>(SingleIdLoadPlan.java:67)
	at org.hibernate.loader.ast.internal.SingleIdEntityLoaderStandardImpl.createLoadPlan(SingleIdEntityLoaderStandardImpl.java:197)
	at org.hibernate.loader.ast.internal.SingleIdEntityLoaderStandardImpl.prepare(SingleIdEntityLoaderStandardImpl.java:55)
	at org.hibernate.persister.entity.AbstractEntityPersister.prepareLoader(AbstractEntityPersister.java:3486)
	at org.hibernate.persister.entity.AbstractEntityPersister.postInstantiate(AbstractEntityPersister.java:3480)
	at org.hibernate.metamodel.model.domain.internal.MappingMetamodelImpl.finishInitialization(MappingMetamodelImpl.java:204)
	at org.hibernate.internal.SessionFactoryImpl.initializeMappingModel(SessionFactoryImpl.java:321)
	at org.hibernate.internal.SessionFactoryImpl.<init>(SessionFactoryImpl.java:271)
	at org.hibernate.boot.internal.SessionFactoryBuilderImpl.build(SessionFactoryBuilderImpl.java:444)
	at org.hibernate.jpa.boot.internal.EntityManagerFactoryBuilderImpl.build(EntityManagerFactoryBuilderImpl.java:1458)
	at org.springframework.orm.jpa.vendor.SpringHibernateJpaPersistenceProvider.createContainerEntityManagerFactory(SpringHibernateJpaPersistenceProvider.java:75)
	at org.springframework.orm.jpa.LocalContainerEntityManagerFactoryBean.createNativeEntityManagerFactory(LocalContainerEntityManagerFactoryBean.java:376)
	at org.springframework.orm.jpa.AbstractEntityManagerFactoryBean.buildNativeEntityManagerFactory(AbstractEntityManagerFactoryBean.java:409)
	at org.springframework.orm.jpa.AbstractEntityManagerFactoryBean.afterPropertiesSet(AbstractEntityManagerFactoryBean.java:396)
	at org.springframework.orm.jpa.LocalContainerEntityManagerFactoryBean.afterPropertiesSet(LocalContainerEntityManagerFactoryBean.java:352)
	at org.springframework.beans.factory.support.AbstractAutowireCapableBeanFactory.invokeInitMethods(AbstractAutowireCapableBeanFactory.java:1817)
	at org.springframework.beans.factory.support.AbstractAutowireCapableBeanFactory.initializeBean(AbstractAutowireCapableBeanFactory.java:1766)
	at org.springframework.beans.factory.support.AbstractAutowireCapableBeanFactory.doCreateBean(AbstractAutowireCapableBeanFactory.java:598)
	at org.springframework.beans.factory.support.AbstractAutowireCapableBeanFactory.createBean(AbstractAutowireCapableBeanFactory.java:520)
	at org.springframework.beans.factory.support.AbstractBeanFactory.lambda$doGetBean$0(AbstractBeanFactory.java:325)
	at org.springframework.beans.factory.support.DefaultSingletonBeanRegistry.getSingleton(DefaultSingletonBeanRegistry.java:234)
	at org.springframework.beans.factory.support.AbstractBeanFactory.doGetBean(AbstractBeanFactory.java:323)
	at org.springframework.beans.factory.support.AbstractBeanFactory.getBean(AbstractBeanFactory.java:199)
	at org.springframework.context.support.AbstractApplicationContext.getBean(AbstractApplicationContext.java:1166)
	at org.springframework.context.support.AbstractApplicationContext.finishBeanFactoryInitialization(AbstractApplicationContext.java:940)
	at org.springframework.context.support.AbstractApplicationContext.refresh(AbstractApplicationContext.java:616)
	at org.springframework.boot.SpringApplication.refresh(SpringApplication.java:738)
	at org.springframework.boot.SpringApplication.refreshContext(SpringApplication.java:440)
	at org.springframework.boot.SpringApplication.run(SpringApplication.java:316)
	at org.springframework.boot.test.context.SpringBootContextLoader.lambda$loadContext$3(SpringBootContextLoader.java:137)
	at org.springframework.util.function.ThrowingSupplier.get(ThrowingSupplier.java:58)
	at org.springframework.util.function.ThrowingSupplier.get(ThrowingSupplier.java:46)
	at org.springframework.boot.SpringApplication.withHook(SpringApplication.java:1406)
	at org.springframework.boot.test.context.SpringBootContextLoader$ContextLoaderHook.run(SpringBootContextLoader.java:545)
	at org.springframework.boot.test.context.SpringBootContextLoader.loadContext(SpringBootContextLoader.java:137)
	at org.springframework.boot.test.context.SpringBootContextLoader.loadContext(SpringBootContextLoader.java:108)
	at org.springframework.test.context.cache.DefaultCacheAwareContextLoaderDelegate.loadContextInternal(DefaultCacheAwareContextLoaderDelegate.java:187)
	at org.springframework.test.context.cache.DefaultCacheAwareContextLoaderDelegate.loadContext(DefaultCacheAwareContextLoaderDelegate.java:119)
	at org.springframework.test.context.support.DefaultTestContext.getApplicationContext(DefaultTestContext.java:127)
	at org.springframework.test.context.web.ServletTestExecutionListener.setUpRequestContextIfNecessary(ServletTestExecutionListener.java:191)
	at org.springframework.test.context.web.ServletTestExecutionListener.prepareTestInstance(ServletTestExecutionListener.java:130)
	at org.springframework.test.context.TestContextManager.prepareTestInstance(TestContextManager.java:241)
	at org.springframework.test.context.junit.jupiter.SpringExtension.postProcessTestInstance(SpringExtension.java:138)
	at org.junit.jupiter.engine.descriptor.ClassBasedTestDescriptor.lambda$invokeTestInstancePostProcessors$10(ClassBasedTestDescriptor.java:377)
	at org.junit.jupiter.engine.descriptor.ClassBasedTestDescriptor.executeAndMaskThrowable(ClassBasedTestDescriptor.java:382)
	at org.junit.jupiter.engine.descriptor.ClassBasedTestDescriptor.lambda$invokeTestInstancePostProcessors$11(ClassBasedTestDescriptor.java:377)
	at java.base/java.util.stream.ReferencePipeline$3$1.accept(ReferencePipeline.java:197)
	at java.base/java.util.stream.ReferencePipeline$2$1.accept(ReferencePipeline.java:179)
	at java.base/java.util.ArrayList$ArrayListSpliterator.forEachRemaining(ArrayList.java:1625)
	at java.base/java.util.stream.AbstractPipeline.copyInto(AbstractPipeline.java:509)
	at java.base/java.util.stream.AbstractPipeline.wrapAndCopyInto(AbstractPipeline.java:499)
	at java.base/java.util.stream.StreamSpliterators$WrappingSpliterator.forEachRemaining(StreamSpliterators.java:310)
	at java.base/java.util.stream.Streams$ConcatSpliterator.forEachRemaining(Streams.java:735)
	at java.base/java.util.stream.Streams$ConcatSpliterator.forEachRemaining(Streams.java:734)
	at java.base/java.util.stream.ReferencePipeline$Head.forEach(ReferencePipeline.java:762)
	at org.junit.jupiter.engine.descriptor.ClassBasedTestDescriptor.invokeTestInstancePostProcessors(ClassBasedTestDescriptor.java:376)
	at org.junit.jupiter.engine.descriptor.ClassBasedTestDescriptor.lambda$instantiateAndPostProcessTestInstance$6(ClassBasedTestDescriptor.java:289)
	at org.junit.platform.engine.support.hierarchical.ThrowableCollector.execute(ThrowableCollector.java:73)
	at org.junit.jupiter.engine.descriptor.ClassBasedTestDescriptor.instantiateAndPostProcessTestInstance(ClassBasedTestDescriptor.java:288)
	at org.junit.jupiter.engine.descriptor.ClassBasedTestDescriptor.lambda$testInstancesProvider$4(ClassBasedTestDescriptor.java:278)
	at java.base/java.util.Optional.orElseGet(Optional.java:364)
	at org.junit.jupiter.engine.descriptor.ClassBasedTestDescriptor.lambda$testInstancesProvider$5(ClassBasedTestDescriptor.java:277)
	at org.junit.jupiter.engine.execution.TestInstancesProvider.getTestInstances(TestInstancesProvider.java:31)
	at org.junit.jupiter.engine.descriptor.TestMethodTestDescriptor.lambda$prepare$0(TestMethodTestDescriptor.java:105)
	at org.junit.platform.engine.support.hierarchical.ThrowableCollector.execute(ThrowableCollector.java:73)
	at org.junit.jupiter.engine.descriptor.TestMethodTestDescriptor.prepare(TestMethodTestDescriptor.java:104)
	at org.junit.jupiter.engine.descriptor.TestMethodTestDescriptor.prepare(TestMethodTestDescriptor.java:68)
	at org.junit.platform.engine.support.hierarchical.NodeTestTask.lambda$prepare$2(NodeTestTask.java:123)
	at org.junit.platform.engine.support.hierarchical.ThrowableCollector.execute(ThrowableCollector.java:73)
	at org.junit.platform.engine.support.hierarchical.NodeTestTask.prepare(NodeTestTask.java:123)
	at org.junit.platform.engine.support.hierarchical.NodeTestTask.execute(NodeTestTask.java:90)
	at java.base/java.util.ArrayList.forEach(ArrayList.java:1511)
	at org.junit.platform.engine.support.hierarchical.SameThreadHierarchicalTestExecutorService.invokeAll(SameThreadHierarchicalTestExecutorService.java:41)
	at org.junit.platform.engine.support.hierarchical.NodeTestTask.lambda$executeRecursively$6(NodeTestTask.java:155)
	at org.junit.platform.engine.support.hierarchical.ThrowableCollector.execute(ThrowableCollector.java:73)
	at org.junit.platform.engine.support.hierarchical.NodeTestTask.lambda$executeRecursively$8(NodeTestTask.java:141)
	at org.junit.platform.engine.support.hierarchical.Node.around(Node.java:137)
	at org.junit.platform.engine.support.hierarchical.NodeTestTask.lambda$executeRecursively$9(NodeTestTask.java:139)
	at org.junit.platform.engine.support.hierarchical.ThrowableCollector.execute(ThrowableCollector.java:73)
	at org.junit.platform.engine.support.hierarchical.NodeTestTask.executeRecursively(NodeTestTask.java:138)
	at org.junit.platform.engine.support.hierarchical.NodeTestTask.execute(NodeTestTask.java:95)
	at java.base/java.util.ArrayList.forEach(ArrayList.java:1511)
	at org.junit.platform.engine.support.hierarchical.SameThreadHierarchicalTestExecutorService.invokeAll(SameThreadHierarchicalTestExecutorService.java:41)
	at org.junit.platform.engine.support.hierarchical.NodeTestTask.lambda$executeRecursively$6(NodeTestTask.java:155)
	at org.junit.platform.engine.support.hierarchical.ThrowableCollector.execute(ThrowableCollector.java:73)
	at org.junit.platform.engine.support.hierarchical.NodeTestTask.lambda$executeRecursively$8(NodeTestTask.java:141)
	at org.junit.platform.engine.support.hierarchical.Node.around(Node.java:137)
	at org.junit.platform.engine.support.hierarchical.NodeTestTask.lambda$executeRecursively$9(NodeTestTask.java:139)
	at org.junit.platform.engine.support.hierarchical.ThrowableCollector.execute(ThrowableCollector.java:73)
	at org.junit.platform.engine.support.hierarchical.NodeTestTask.executeRecursively(NodeTestTask.java:138)
	at org.junit.platform.engine.support.hierarchical.NodeTestTask.execute(NodeTestTask.java:95)
	at org.junit.platform.engine.support.hierarchical.SameThreadHierarchicalTestExecutorService.submit(SameThreadHierarchicalTestExecutorService.java:35)
	at org.junit.platform.engine.support.hierarchical.HierarchicalTestExecutor.execute(HierarchicalTestExecutor.java:57)
	at org.junit.platform.engine.support.hierarchical.HierarchicalTestEngine.execute(HierarchicalTestEngine.java:54)
	at org.junit.platform.launcher.core.EngineExecutionOrchestrator.execute(EngineExecutionOrchestrator.java:147)
	at org.junit.platform.launcher.core.EngineExecutionOrchestrator.execute(EngineExecutionOrchestrator.java:127)
	at org.junit.platform.launcher.core.EngineExecutionOrchestrator.execute(EngineExecutionOrchestrator.java:90)
	at org.junit.platform.launcher.core.EngineExecutionOrchestrator.lambda$execute$0(EngineExecutionOrchestrator.java:55)
	at org.junit.platform.launcher.core.EngineExecutionOrchestrator.withInterceptedStreams(EngineExecutionOrchestrator.java:102)
	at org.junit.platform.launcher.core.EngineExecutionOrchestrator.execute(EngineExecutionOrchestrator.java:54)
	at org.junit.platform.launcher.core.DefaultLauncher.execute(DefaultLauncher.java:114)
	at org.junit.platform.launcher.core.DefaultLauncher.execute(DefaultLauncher.java:86)
	at org.junit.platform.launcher.core.DefaultLauncherSession$DelegatingLauncher.execute(DefaultLauncherSession.java:86)
	at org.apache.maven.surefire.junitplatform.LazyLauncher.execute(LazyLauncher.java:50)
	at org.apache.maven.surefire.junitplatform.JUnitPlatformProvider.execute(JUnitPlatformProvider.java:184)
	at org.apache.maven.surefire.junitplatform.JUnitPlatformProvider.invokeAllTests(JUnitPlatformProvider.java:148)
	at org.apache.maven.surefire.junitplatform.JUnitPlatformProvider.invoke(JUnitPlatformProvider.java:122)
	at org.apache.maven.surefire.booter.ForkedBooter.runSuitesInProcess(ForkedBooter.java:385)
	at org.apache.maven.surefire.booter.ForkedBooter.execute(ForkedBooter.java:162)
	at org.apache.maven.surefire.booter.ForkedBooter.run(ForkedBooter.java:507)
	at org.apache.maven.surefire.booter.ForkedBooter.main(ForkedBooter.java:495)
2023-11-24 12:36:46,642 DEBUG o.h.o.s.a.tree [SqlTreePrinter.java:46] SQL AST Tree:
    SelectStatement {
      FromClause {
        StandardTableGroup (r1 : franco.maurizio.hr.desk.com.persistence.entity.Role) {
          primaryTableReference : roles as r1_0
        }
      }
    }

2023-11-24 12:36:46,643 TRACE o.h.m.i.MetadataContext [MetadataContext.java:286] Wrapping up metadata context...
2023-11-24 12:36:46,643 TRACE o.h.m.i.MetadataContext [MetadataContext.java:297] Starting entity [franco.maurizio.hr.desk.com.persistence.entity.Survey]
2023-11-24 12:36:46,643 TRACE o.h.m.i.AttributeFactory [AttributeFactory.java:177] Building identifier attribute [franco.maurizio.hr.desk.com.persistence.entity.Survey.id]
2023-11-24 12:36:46,643 TRACE o.h.m.i.AttributeFactory [AttributeFactory.java:403] Starting attribute metadata determination [id]
2023-11-24 12:36:46,643 TRACE o.h.m.i.AttributeFactory [AttributeFactory.java:406]     Determined member [private java.lang.Long franco.maurizio.hr.desk.com.persistence.entity.Survey.id]
2023-11-24 12:36:46,643 TRACE o.h.m.i.AttributeFactory [AttributeFactory.java:410]     Determined type [name=long, class=org.hibernate.type.internal.NamedBasicTypeImpl]
2023-11-24 12:36:46,643 TRACE o.h.m.i.AttributeFactory [AttributeFactory.java:113] Building attribute [franco.maurizio.hr.desk.com.persistence.entity.Survey.description]
2023-11-24 12:36:46,643 TRACE o.h.m.i.AttributeFactory [AttributeFactory.java:403] Starting attribute metadata determination [description]
2023-11-24 12:36:46,643 TRACE o.h.m.i.AttributeFactory [AttributeFactory.java:406]     Determined member [private java.lang.String franco.maurizio.hr.desk.com.persistence.entity.Survey.description]
2023-11-24 12:36:46,644 TRACE o.h.m.i.AttributeFactory [AttributeFactory.java:410]     Determined type [name=string, class=org.hibernate.type.internal.NamedBasicTypeImpl]
2023-11-24 12:36:46,644 TRACE o.h.m.i.AttributeFactory [AttributeFactory.java:113] Building attribute [franco.maurizio.hr.desk.com.persistence.entity.Survey.label]
2023-11-24 12:36:46,644 TRACE o.h.m.i.AttributeFactory [AttributeFactory.java:403] Starting attribute metadata determination [label]
2023-11-24 12:36:46,644 TRACE o.h.m.i.AttributeFactory [AttributeFactory.java:406]     Determined member [private java.lang.String franco.maurizio.hr.desk.com.persistence.entity.Survey.label]
2023-11-24 12:36:46,644 TRACE o.h.m.i.AttributeFactory [AttributeFactory.java:410]     Determined type [name=string, class=org.hibernate.type.internal.NamedBasicTypeImpl]
2023-11-24 12:36:46,644 TRACE o.h.m.i.AttributeFactory [AttributeFactory.java:113] Building attribute [franco.maurizio.hr.desk.com.persistence.entity.Survey.time]
2023-11-24 12:36:46,644 TRACE o.h.m.i.AttributeFactory [AttributeFactory.java:403] Starting attribute metadata determination [time]
2023-11-24 12:36:46,644 TRACE o.h.m.i.AttributeFactory [AttributeFactory.java:406]     Determined member [private java.lang.Long franco.maurizio.hr.desk.com.persistence.entity.Survey.time]
2023-11-24 12:36:46,644 TRACE o.h.m.i.AttributeFactory [AttributeFactory.java:410]     Determined type [name=long, class=org.hibernate.type.internal.NamedBasicTypeImpl]
2023-11-24 12:36:46,644 TRACE o.h.m.m.d.AbstractIdentifiableType [AbstractIdentifiableType.java:406] Interpreting domain-model identifier descriptor
2023-11-24 12:36:46,645 TRACE o.h.m.i.MetadataContext [MetadataContext.java:340] Completed entity [franco.maurizio.hr.desk.com.persistence.entity.Survey]
2023-11-24 12:36:46,645 TRACE o.h.m.i.MetadataContext [MetadataContext.java:297] Starting entity [franco.maurizio.hr.desk.com.persistence.entity.PositionUserOwner]
2023-11-24 12:36:46,645 TRACE o.h.m.i.AttributeFactory [AttributeFactory.java:177] Building identifier attribute [franco.maurizio.hr.desk.com.persistence.entity.PositionUserOwner.id]
2023-11-24 12:36:46,645 TRACE o.h.m.i.AttributeFactory [AttributeFactory.java:403] Starting attribute metadata determination [id]
2023-11-24 12:36:46,645 TRACE o.h.m.i.AttributeFactory [AttributeFactory.java:406]     Determined member [private java.lang.Long franco.maurizio.hr.desk.com.persistence.entity.PositionUserOwner.id]
2023-11-24 12:36:46,645 TRACE o.h.m.i.AttributeFactory [AttributeFactory.java:410]     Determined type [name=long, class=org.hibernate.type.internal.NamedBasicTypeImpl]
2023-11-24 12:36:46,646 TRACE o.h.m.i.AttributeFactory [AttributeFactory.java:113] Building attribute [franco.maurizio.hr.desk.com.persistence.entity.PositionUserOwner.coursePageId]
2023-11-24 12:36:46,646 TRACE o.h.m.i.AttributeFactory [AttributeFactory.java:403] Starting attribute metadata determination [coursePageId]
2023-11-24 12:36:46,646 TRACE o.h.m.i.AttributeFactory [AttributeFactory.java:406]     Determined member [private java.lang.Long franco.maurizio.hr.desk.com.persistence.entity.PositionUserOwner.coursePageId]
2023-11-24 12:36:46,646 TRACE o.h.m.i.AttributeFactory [AttributeFactory.java:410]     Determined type [name=long, class=org.hibernate.type.internal.NamedBasicTypeImpl]
2023-11-24 12:36:46,646 TRACE o.h.m.i.AttributeFactory [AttributeFactory.java:113] Building attribute [franco.maurizio.hr.desk.com.persistence.entity.PositionUserOwner.userId]
2023-11-24 12:36:46,646 TRACE o.h.m.i.AttributeFactory [AttributeFactory.java:403] Starting attribute metadata determination [userId]
2023-11-24 12:36:46,646 TRACE o.h.m.i.AttributeFactory [AttributeFactory.java:406]     Determined member [private java.lang.Long franco.maurizio.hr.desk.com.persistence.entity.PositionUserOwner.userId]
2023-11-24 12:36:46,646 TRACE o.h.m.i.AttributeFactory [AttributeFactory.java:410]     Determined type [name=long, class=org.hibernate.type.internal.NamedBasicTypeImpl]
2023-11-24 12:36:46,646 TRACE o.h.m.m.d.AbstractIdentifiableType [AbstractIdentifiableType.java:406] Interpreting domain-model identifier descriptor
2023-11-24 12:36:46,647 TRACE o.h.m.i.MetadataContext [MetadataContext.java:340] Completed entity [franco.maurizio.hr.desk.com.persistence.entity.PositionUserOwner]
2023-11-24 12:36:46,647 TRACE o.h.m.i.MetadataContext [MetadataContext.java:297] Starting entity [franco.maurizio.hr.desk.com.persistence.entity.Question]
2023-11-24 12:36:46,647 TRACE o.h.m.i.AttributeFactory [AttributeFactory.java:177] Building identifier attribute [franco.maurizio.hr.desk.com.persistence.entity.Question.id]
2023-11-24 12:36:46,647 TRACE o.h.m.i.AttributeFactory [AttributeFactory.java:403] Starting attribute metadata determination [id]
2023-11-24 12:36:46,647 TRACE o.h.m.i.AttributeFactory [AttributeFactory.java:406]     Determined member [private java.lang.Long franco.maurizio.hr.desk.com.persistence.entity.Question.id]
2023-11-24 12:36:46,647 TRACE o.h.m.i.AttributeFactory [AttributeFactory.java:410]     Determined type [name=long, class=org.hibernate.type.internal.NamedBasicTypeImpl]
2023-11-24 12:36:46,647 TRACE o.h.m.i.AttributeFactory [AttributeFactory.java:113] Building attribute [franco.maurizio.hr.desk.com.persistence.entity.Question.ansa]
2023-11-24 12:36:46,647 TRACE o.h.m.i.AttributeFactory [AttributeFactory.java:403] Starting attribute metadata determination [ansa]
2023-11-24 12:36:46,647 TRACE o.h.m.i.AttributeFactory [AttributeFactory.java:406]     Determined member [private java.lang.String franco.maurizio.hr.desk.com.persistence.entity.Question.ansa]
2023-11-24 12:36:46,648 TRACE o.h.m.i.AttributeFactory [AttributeFactory.java:410]     Determined type [name=string, class=org.hibernate.type.internal.NamedBasicTypeImpl]
2023-11-24 12:36:46,648 TRACE o.h.m.i.AttributeFactory [AttributeFactory.java:113] Building attribute [franco.maurizio.hr.desk.com.persistence.entity.Question.ansb]
2023-11-24 12:36:46,648 TRACE o.h.m.i.AttributeFactory [AttributeFactory.java:403] Starting attribute metadata determination [ansb]
2023-11-24 12:36:46,648 TRACE o.h.m.i.AttributeFactory [AttributeFactory.java:406]     Determined member [private java.lang.String franco.maurizio.hr.desk.com.persistence.entity.Question.ansb]
2023-11-24 12:36:46,648 TRACE o.h.m.i.AttributeFactory [AttributeFactory.java:410]     Determined type [name=string, class=org.hibernate.type.internal.NamedBasicTypeImpl]
2023-11-24 12:36:46,648 TRACE o.h.m.i.AttributeFactory [AttributeFactory.java:113] Building attribute [franco.maurizio.hr.desk.com.persistence.entity.Question.ansc]
2023-11-24 12:36:46,648 TRACE o.h.m.i.AttributeFactory [AttributeFactory.java:403] Starting attribute metadata determination [ansc]
2023-11-24 12:36:46,648 TRACE o.h.m.i.AttributeFactory [AttributeFactory.java:406]     Determined member [private java.lang.String franco.maurizio.hr.desk.com.persistence.entity.Question.ansc]
2023-11-24 12:36:46,648 TRACE o.h.m.i.AttributeFactory [AttributeFactory.java:410]     Determined type [name=string, class=org.hibernate.type.internal.NamedBasicTypeImpl]
2023-11-24 12:36:46,648 TRACE o.h.m.i.AttributeFactory [AttributeFactory.java:113] Building attribute [franco.maurizio.hr.desk.com.persistence.entity.Question.ansd]
2023-11-24 12:36:46,648 TRACE o.h.m.i.AttributeFactory [AttributeFactory.java:403] Starting attribute metadata determination [ansd]
2023-11-24 12:36:46,649 TRACE o.h.m.i.AttributeFactory [AttributeFactory.java:406]     Determined member [private java.lang.String franco.maurizio.hr.desk.com.persistence.entity.Question.ansd]
2023-11-24 12:36:46,649 TRACE o.h.m.i.AttributeFactory [AttributeFactory.java:410]     Determined type [name=string, class=org.hibernate.type.internal.NamedBasicTypeImpl]
2023-11-24 12:36:46,649 TRACE o.h.m.i.AttributeFactory [AttributeFactory.java:113] Building attribute [franco.maurizio.hr.desk.com.persistence.entity.Question.anse]
2023-11-24 12:36:46,649 TRACE o.h.m.i.AttributeFactory [AttributeFactory.java:403] Starting attribute metadata determination [anse]
2023-11-24 12:36:46,649 TRACE o.h.m.i.AttributeFactory [AttributeFactory.java:406]     Determined member [private java.lang.String franco.maurizio.hr.desk.com.persistence.entity.Question.anse]
2023-11-24 12:36:46,649 TRACE o.h.m.i.AttributeFactory [AttributeFactory.java:410]     Determined type [name=string, class=org.hibernate.type.internal.NamedBasicTypeImpl]
2023-11-24 12:36:46,649 TRACE o.h.m.i.AttributeFactory [AttributeFactory.java:113] Building attribute [franco.maurizio.hr.desk.com.persistence.entity.Question.ansf]
2023-11-24 12:36:46,649 TRACE o.h.m.i.AttributeFactory [AttributeFactory.java:403] Starting attribute metadata determination [ansf]
2023-11-24 12:36:46,649 TRACE o.h.m.i.AttributeFactory [AttributeFactory.java:406]     Determined member [private java.lang.String franco.maurizio.hr.desk.com.persistence.entity.Question.ansf]
2023-11-24 12:36:46,650 TRACE o.h.m.i.AttributeFactory [AttributeFactory.java:410]     Determined type [name=string, class=org.hibernate.type.internal.NamedBasicTypeImpl]
2023-11-24 12:36:46,650 TRACE o.h.m.i.AttributeFactory [AttributeFactory.java:113] Building attribute [franco.maurizio.hr.desk.com.persistence.entity.Question.ansg]
2023-11-24 12:36:46,650 TRACE o.h.m.i.AttributeFactory [AttributeFactory.java:403] Starting attribute metadata determination [ansg]
2023-11-24 12:36:46,650 TRACE o.h.m.i.AttributeFactory [AttributeFactory.java:406]     Determined member [private java.lang.String franco.maurizio.hr.desk.com.persistence.entity.Question.ansg]
2023-11-24 12:36:46,650 TRACE o.h.m.i.AttributeFactory [AttributeFactory.java:410]     Determined type [name=string, class=org.hibernate.type.internal.NamedBasicTypeImpl]
2023-11-24 12:36:46,650 TRACE o.h.m.i.AttributeFactory [AttributeFactory.java:113] Building attribute [franco.maurizio.hr.desk.com.persistence.entity.Question.ansh]
2023-11-24 12:36:46,650 TRACE o.h.m.i.AttributeFactory [AttributeFactory.java:403] Starting attribute metadata determination [ansh]
2023-11-24 12:36:46,650 TRACE o.h.m.i.AttributeFactory [AttributeFactory.java:406]     Determined member [private java.lang.String franco.maurizio.hr.desk.com.persistence.entity.Question.ansh]
2023-11-24 12:36:46,650 TRACE o.h.m.i.AttributeFactory [AttributeFactory.java:410]     Determined type [name=string, class=org.hibernate.type.internal.NamedBasicTypeImpl]
2023-11-24 12:36:46,651 TRACE o.h.m.i.AttributeFactory [AttributeFactory.java:113] Building attribute [franco.maurizio.hr.desk.com.persistence.entity.Question.cansa]
2023-11-24 12:36:46,651 TRACE o.h.m.i.AttributeFactory [AttributeFactory.java:403] Starting attribute metadata determination [cansa]
2023-11-24 12:36:46,651 TRACE o.h.m.i.AttributeFactory [AttributeFactory.java:406]     Determined member [private java.lang.Boolean franco.maurizio.hr.desk.com.persistence.entity.Question.cansa]
2023-11-24 12:36:46,651 TRACE o.h.m.i.AttributeFactory [AttributeFactory.java:410]     Determined type [name=boolean, class=org.hibernate.type.internal.NamedBasicTypeImpl]
2023-11-24 12:36:46,651 TRACE o.h.m.i.AttributeFactory [AttributeFactory.java:113] Building attribute [franco.maurizio.hr.desk.com.persistence.entity.Question.cansb]
2023-11-24 12:36:46,651 TRACE o.h.m.i.AttributeFactory [AttributeFactory.java:403] Starting attribute metadata determination [cansb]
2023-11-24 12:36:46,651 TRACE o.h.m.i.AttributeFactory [AttributeFactory.java:406]     Determined member [private java.lang.Boolean franco.maurizio.hr.desk.com.persistence.entity.Question.cansb]
2023-11-24 12:36:46,651 TRACE o.h.m.i.AttributeFactory [AttributeFactory.java:410]     Determined type [name=boolean, class=org.hibernate.type.internal.NamedBasicTypeImpl]
2023-11-24 12:36:46,651 TRACE o.h.m.i.AttributeFactory [AttributeFactory.java:113] Building attribute [franco.maurizio.hr.desk.com.persistence.entity.Question.cansc]
2023-11-24 12:36:46,651 TRACE o.h.m.i.AttributeFactory [AttributeFactory.java:403] Starting attribute metadata determination [cansc]
2023-11-24 12:36:46,651 TRACE o.h.m.i.AttributeFactory [AttributeFactory.java:406]     Determined member [private java.lang.Boolean franco.maurizio.hr.desk.com.persistence.entity.Question.cansc]
2023-11-24 12:36:46,652 TRACE o.h.m.i.AttributeFactory [AttributeFactory.java:410]     Determined type [name=boolean, class=org.hibernate.type.internal.NamedBasicTypeImpl]
2023-11-24 12:36:46,652 TRACE o.h.m.i.AttributeFactory [AttributeFactory.java:113] Building attribute [franco.maurizio.hr.desk.com.persistence.entity.Question.cansd]
2023-11-24 12:36:46,652 TRACE o.h.m.i.AttributeFactory [AttributeFactory.java:403] Starting attribute metadata determination [cansd]
2023-11-24 12:36:46,652 TRACE o.h.m.i.AttributeFactory [AttributeFactory.java:406]     Determined member [private java.lang.Boolean franco.maurizio.hr.desk.com.persistence.entity.Question.cansd]
2023-11-24 12:36:46,652 TRACE o.h.m.i.AttributeFactory [AttributeFactory.java:410]     Determined type [name=boolean, class=org.hibernate.type.internal.NamedBasicTypeImpl]
2023-11-24 12:36:46,652 TRACE o.h.m.i.AttributeFactory [AttributeFactory.java:113] Building attribute [franco.maurizio.hr.desk.com.persistence.entity.Question.canse]
2023-11-24 12:36:46,652 TRACE o.h.m.i.AttributeFactory [AttributeFactory.java:403] Starting attribute metadata determination [canse]
2023-11-24 12:36:46,652 TRACE o.h.m.i.AttributeFactory [AttributeFactory.java:406]     Determined member [private java.lang.Boolean franco.maurizio.hr.desk.com.persistence.entity.Question.canse]
2023-11-24 12:36:46,652 TRACE o.h.m.i.AttributeFactory [AttributeFactory.java:410]     Determined type [name=boolean, class=org.hibernate.type.internal.NamedBasicTypeImpl]
2023-11-24 12:36:46,653 TRACE o.h.m.i.AttributeFactory [AttributeFactory.java:113] Building attribute [franco.maurizio.hr.desk.com.persistence.entity.Question.cansf]
2023-11-24 12:36:46,653 TRACE o.h.m.i.AttributeFactory [AttributeFactory.java:403] Starting attribute metadata determination [cansf]
2023-11-24 12:36:46,653 TRACE o.h.m.i.AttributeFactory [AttributeFactory.java:406]     Determined member [private java.lang.Boolean franco.maurizio.hr.desk.com.persistence.entity.Question.cansf]
2023-11-24 12:36:46,653 TRACE o.h.m.i.AttributeFactory [AttributeFactory.java:410]     Determined type [name=boolean, class=org.hibernate.type.internal.NamedBasicTypeImpl]
2023-11-24 12:36:46,653 TRACE o.h.m.i.AttributeFactory [AttributeFactory.java:113] Building attribute [franco.maurizio.hr.desk.com.persistence.entity.Question.cansg]
2023-11-24 12:36:46,653 TRACE o.h.m.i.AttributeFactory [AttributeFactory.java:403] Starting attribute metadata determination [cansg]
2023-11-24 12:36:46,653 TRACE o.h.m.i.AttributeFactory [AttributeFactory.java:406]     Determined member [private java.lang.Boolean franco.maurizio.hr.desk.com.persistence.entity.Question.cansg]
2023-11-24 12:36:46,653 TRACE o.h.m.i.AttributeFactory [AttributeFactory.java:410]     Determined type [name=boolean, class=org.hibernate.type.internal.NamedBasicTypeImpl]
2023-11-24 12:36:46,653 TRACE o.h.m.i.AttributeFactory [AttributeFactory.java:113] Building attribute [franco.maurizio.hr.desk.com.persistence.entity.Question.cansh]
2023-11-24 12:36:46,653 TRACE o.h.m.i.AttributeFactory [AttributeFactory.java:403] Starting attribute metadata determination [cansh]
2023-11-24 12:36:46,653 TRACE o.h.m.i.AttributeFactory [AttributeFactory.java:406]     Determined member [private java.lang.Boolean franco.maurizio.hr.desk.com.persistence.entity.Question.cansh]
2023-11-24 12:36:46,654 TRACE o.h.m.i.AttributeFactory [AttributeFactory.java:410]     Determined type [name=boolean, class=org.hibernate.type.internal.NamedBasicTypeImpl]
2023-11-24 12:36:46,654 TRACE o.h.m.i.AttributeFactory [AttributeFactory.java:113] Building attribute [franco.maurizio.hr.desk.com.persistence.entity.Question.description]
2023-11-24 12:36:46,654 TRACE o.h.m.i.AttributeFactory [AttributeFactory.java:403] Starting attribute metadata determination [description]
2023-11-24 12:36:46,654 TRACE o.h.m.i.AttributeFactory [AttributeFactory.java:406]     Determined member [private java.lang.String franco.maurizio.hr.desk.com.persistence.entity.Question.description]
2023-11-24 12:36:46,654 TRACE o.h.m.i.AttributeFactory [AttributeFactory.java:410]     Determined type [name=string, class=org.hibernate.type.internal.NamedBasicTypeImpl]
2023-11-24 12:36:46,654 TRACE o.h.m.i.AttributeFactory [AttributeFactory.java:113] Building attribute [franco.maurizio.hr.desk.com.persistence.entity.Question.fullAnswer]
2023-11-24 12:36:46,654 TRACE o.h.m.i.AttributeFactory [AttributeFactory.java:403] Starting attribute metadata determination [fullAnswer]
2023-11-24 12:36:46,654 TRACE o.h.m.i.AttributeFactory [AttributeFactory.java:406]     Determined member [private java.lang.String franco.maurizio.hr.desk.com.persistence.entity.Question.fullAnswer]
2023-11-24 12:36:46,654 TRACE o.h.m.i.AttributeFactory [AttributeFactory.java:410]     Determined type [name=string, class=org.hibernate.type.internal.NamedBasicTypeImpl]
2023-11-24 12:36:46,654 TRACE o.h.m.i.AttributeFactory [AttributeFactory.java:113] Building attribute [franco.maurizio.hr.desk.com.persistence.entity.Question.label]
2023-11-24 12:36:46,655 TRACE o.h.m.i.AttributeFactory [AttributeFactory.java:403] Starting attribute metadata determination [label]
2023-11-24 12:36:46,655 TRACE o.h.m.i.AttributeFactory [AttributeFactory.java:406]     Determined member [private java.lang.String franco.maurizio.hr.desk.com.persistence.entity.Question.label]
2023-11-24 12:36:46,655 TRACE o.h.m.i.AttributeFactory [AttributeFactory.java:410]     Determined type [name=string, class=org.hibernate.type.internal.NamedBasicTypeImpl]
2023-11-24 12:36:46,655 TRACE o.h.m.m.d.AbstractIdentifiableType [AbstractIdentifiableType.java:406] Interpreting domain-model identifier descriptor
2023-11-24 12:36:46,655 TRACE o.h.m.i.MetadataContext [MetadataContext.java:340] Completed entity [franco.maurizio.hr.desk.com.persistence.entity.Question]
2023-11-24 12:36:46,655 TRACE o.h.m.i.MetadataContext [MetadataContext.java:297] Starting entity [franco.maurizio.hr.desk.com.persistence.entity.Candidate]
2023-11-24 12:36:46,655 TRACE o.h.m.i.AttributeFactory [AttributeFactory.java:177] Building identifier attribute [franco.maurizio.hr.desk.com.persistence.entity.Candidate.id]
2023-11-24 12:36:46,655 TRACE o.h.m.i.AttributeFactory [AttributeFactory.java:403] Starting attribute metadata determination [id]
2023-11-24 12:36:46,656 TRACE o.h.m.i.AttributeFactory [AttributeFactory.java:406]     Determined member [private java.lang.Long franco.maurizio.hr.desk.com.persistence.entity.Candidate.id]
2023-11-24 12:36:46,656 TRACE o.h.m.i.AttributeFactory [AttributeFactory.java:410]     Determined type [name=long, class=org.hibernate.type.internal.NamedBasicTypeImpl]
2023-11-24 12:36:46,656 TRACE o.h.m.i.AttributeFactory [AttributeFactory.java:113] Building attribute [franco.maurizio.hr.desk.com.persistence.entity.Candidate.candidacyDateTime]
2023-11-24 12:36:46,656 TRACE o.h.m.i.AttributeFactory [AttributeFactory.java:403] Starting attribute metadata determination [candidacyDateTime]
2023-11-24 12:36:46,656 TRACE o.h.m.i.AttributeFactory [AttributeFactory.java:406]     Determined member [private java.time.LocalDateTime franco.maurizio.hr.desk.com.persistence.entity.Candidate.candidacyDateTime]
2023-11-24 12:36:46,656 TRACE o.h.m.i.AttributeFactory [AttributeFactory.java:410]     Determined type [name=LocalDateTime, class=org.hibernate.type.internal.NamedBasicTypeImpl]
2023-11-24 12:36:46,656 TRACE o.h.m.i.AttributeFactory [AttributeFactory.java:113] Building attribute [franco.maurizio.hr.desk.com.persistence.entity.Candidate.candidateStateCode]
2023-11-24 12:36:46,656 TRACE o.h.m.i.AttributeFactory [AttributeFactory.java:403] Starting attribute metadata determination [candidateStateCode]
2023-11-24 12:36:46,656 TRACE o.h.m.i.AttributeFactory [AttributeFactory.java:406]     Determined member [private long franco.maurizio.hr.desk.com.persistence.entity.Candidate.candidateStateCode]
2023-11-24 12:36:46,656 TRACE o.h.m.i.AttributeFactory [AttributeFactory.java:410]     Determined type [name=long, class=org.hibernate.type.internal.NamedBasicTypeImpl]
2023-11-24 12:36:46,657 TRACE o.h.m.i.AttributeFactory [AttributeFactory.java:113] Building attribute [franco.maurizio.hr.desk.com.persistence.entity.Candidate.courseCode]
2023-11-24 12:36:46,657 TRACE o.h.m.i.AttributeFactory [AttributeFactory.java:403] Starting attribute metadata determination [courseCode]
2023-11-24 12:36:46,657 TRACE o.h.m.i.AttributeFactory [AttributeFactory.java:406]     Determined member [private java.lang.String franco.maurizio.hr.desk.com.persistence.entity.Candidate.courseCode]
2023-11-24 12:36:46,657 TRACE o.h.m.i.AttributeFactory [AttributeFactory.java:410]     Determined type [name=string, class=org.hibernate.type.internal.NamedBasicTypeImpl]
2023-11-24 12:36:46,657 TRACE o.h.m.i.AttributeFactory [AttributeFactory.java:113] Building attribute [franco.maurizio.hr.desk.com.persistence.entity.Candidate.cvExternalPath]
2023-11-24 12:36:46,657 TRACE o.h.m.i.AttributeFactory [AttributeFactory.java:403] Starting attribute metadata determination [cvExternalPath]
2023-11-24 12:36:46,657 TRACE o.h.m.i.AttributeFactory [AttributeFactory.java:406]     Determined member [private java.lang.String franco.maurizio.hr.desk.com.persistence.entity.Candidate.cvExternalPath]
2023-11-24 12:36:46,657 TRACE o.h.m.i.AttributeFactory [AttributeFactory.java:410]     Determined type [name=string, class=org.hibernate.type.internal.NamedBasicTypeImpl]
2023-11-24 12:36:46,657 TRACE o.h.m.i.AttributeFactory [AttributeFactory.java:113] Building attribute [franco.maurizio.hr.desk.com.persistence.entity.Candidate.dateOfBirth]
2023-11-24 12:36:46,657 TRACE o.h.m.i.AttributeFactory [AttributeFactory.java:403] Starting attribute metadata determination [dateOfBirth]
2023-11-24 12:36:46,658 TRACE o.h.m.i.AttributeFactory [AttributeFactory.java:406]     Determined member [private java.time.LocalDate franco.maurizio.hr.desk.com.persistence.entity.Candidate.dateOfBirth]
2023-11-24 12:36:46,658 TRACE o.h.m.i.AttributeFactory [AttributeFactory.java:410]     Determined type [name=LocalDate, class=org.hibernate.type.internal.NamedBasicTypeImpl]
2023-11-24 12:36:46,658 TRACE o.h.m.i.AttributeFactory [AttributeFactory.java:113] Building attribute [franco.maurizio.hr.desk.com.persistence.entity.Candidate.domicileCity]
2023-11-24 12:36:46,658 TRACE o.h.m.i.AttributeFactory [AttributeFactory.java:403] Starting attribute metadata determination [domicileCity]
2023-11-24 12:36:46,658 TRACE o.h.m.i.AttributeFactory [AttributeFactory.java:406]     Determined member [private java.lang.String franco.maurizio.hr.desk.com.persistence.entity.Candidate.domicileCity]
2023-11-24 12:36:46,658 TRACE o.h.m.i.AttributeFactory [AttributeFactory.java:410]     Determined type [name=string, class=org.hibernate.type.internal.NamedBasicTypeImpl]
2023-11-24 12:36:46,658 TRACE o.h.m.i.AttributeFactory [AttributeFactory.java:113] Building attribute [franco.maurizio.hr.desk.com.persistence.entity.Candidate.email]
2023-11-24 12:36:46,658 TRACE o.h.m.i.AttributeFactory [AttributeFactory.java:403] Starting attribute metadata determination [email]
2023-11-24 12:36:46,658 TRACE o.h.m.i.AttributeFactory [AttributeFactory.java:406]     Determined member [private java.lang.String franco.maurizio.hr.desk.com.persistence.entity.Candidate.email]
2023-11-24 12:36:46,658 TRACE o.h.m.i.AttributeFactory [AttributeFactory.java:410]     Determined type [name=string, class=org.hibernate.type.internal.NamedBasicTypeImpl]
2023-11-24 12:36:46,659 TRACE o.h.m.i.AttributeFactory [AttributeFactory.java:113] Building attribute [franco.maurizio.hr.desk.com.persistence.entity.Candidate.firstname]
2023-11-24 12:36:46,659 TRACE o.h.m.i.AttributeFactory [AttributeFactory.java:403] Starting attribute metadata determination [firstname]
2023-11-24 12:36:46,659 TRACE o.h.m.i.AttributeFactory [AttributeFactory.java:406]     Determined member [private java.lang.String franco.maurizio.hr.desk.com.persistence.entity.Candidate.firstname]
2023-11-24 12:36:46,659 TRACE o.h.m.i.AttributeFactory [AttributeFactory.java:410]     Determined type [name=string, class=org.hibernate.type.internal.NamedBasicTypeImpl]
2023-11-24 12:36:46,659 TRACE o.h.m.i.AttributeFactory [AttributeFactory.java:113] Building attribute [franco.maurizio.hr.desk.com.persistence.entity.Candidate.graduate]
2023-11-24 12:36:46,659 TRACE o.h.m.i.AttributeFactory [AttributeFactory.java:403] Starting attribute metadata determination [graduate]
2023-11-24 12:36:46,659 TRACE o.h.m.i.AttributeFactory [AttributeFactory.java:406]     Determined member [private java.lang.Boolean franco.maurizio.hr.desk.com.persistence.entity.Candidate.graduate]
2023-11-24 12:36:46,659 TRACE o.h.m.i.AttributeFactory [AttributeFactory.java:410]     Determined type [name=boolean, class=org.hibernate.type.internal.NamedBasicTypeImpl]
2023-11-24 12:36:46,659 TRACE o.h.m.i.AttributeFactory [AttributeFactory.java:113] Building attribute [franco.maurizio.hr.desk.com.persistence.entity.Candidate.highGraduate]
2023-11-24 12:36:46,659 TRACE o.h.m.i.AttributeFactory [AttributeFactory.java:403] Starting attribute metadata determination [highGraduate]
2023-11-24 12:36:46,660 TRACE o.h.m.i.AttributeFactory [AttributeFactory.java:406]     Determined member [private java.lang.Boolean franco.maurizio.hr.desk.com.persistence.entity.Candidate.highGraduate]
2023-11-24 12:36:46,660 TRACE o.h.m.i.AttributeFactory [AttributeFactory.java:410]     Determined type [name=boolean, class=org.hibernate.type.internal.NamedBasicTypeImpl]
2023-11-24 12:36:46,660 TRACE o.h.m.i.AttributeFactory [AttributeFactory.java:113] Building attribute [franco.maurizio.hr.desk.com.persistence.entity.Candidate.hrNote]
2023-11-24 12:36:46,660 TRACE o.h.m.i.AttributeFactory [AttributeFactory.java:403] Starting attribute metadata determination [hrNote]
2023-11-24 12:36:46,660 TRACE o.h.m.i.AttributeFactory [AttributeFactory.java:406]     Determined member [private java.lang.String franco.maurizio.hr.desk.com.persistence.entity.Candidate.hrNote]
2023-11-24 12:36:46,660 TRACE o.h.m.i.AttributeFactory [AttributeFactory.java:410]     Determined type [name=string, class=org.hibernate.type.internal.NamedBasicTypeImpl]
2023-11-24 12:36:46,660 TRACE o.h.m.i.AttributeFactory [AttributeFactory.java:113] Building attribute [franco.maurizio.hr.desk.com.persistence.entity.Candidate.imgpath]
2023-11-24 12:36:46,660 TRACE o.h.m.i.AttributeFactory [AttributeFactory.java:403] Starting attribute metadata determination [imgpath]
2023-11-24 12:36:46,660 TRACE o.h.m.i.AttributeFactory [AttributeFactory.java:406]     Determined member [private java.lang.String franco.maurizio.hr.desk.com.persistence.entity.Candidate.imgpath]
2023-11-24 12:36:46,660 TRACE o.h.m.i.AttributeFactory [AttributeFactory.java:410]     Determined type [name=string, class=org.hibernate.type.internal.NamedBasicTypeImpl]
2023-11-24 12:36:46,661 TRACE o.h.m.i.AttributeFactory [AttributeFactory.java:113] Building attribute [franco.maurizio.hr.desk.com.persistence.entity.Candidate.insertedBy]
2023-11-24 12:36:46,661 TRACE o.h.m.i.AttributeFactory [AttributeFactory.java:403] Starting attribute metadata determination [insertedBy]
2023-11-24 12:36:46,661 TRACE o.h.m.i.AttributeFactory [AttributeFactory.java:406]     Determined member [private long franco.maurizio.hr.desk.com.persistence.entity.Candidate.insertedBy]
2023-11-24 12:36:46,661 TRACE o.h.m.i.AttributeFactory [AttributeFactory.java:410]     Determined type [name=long, class=org.hibernate.type.internal.NamedBasicTypeImpl]
2023-11-24 12:36:46,661 TRACE o.h.m.i.AttributeFactory [AttributeFactory.java:113] Building attribute [franco.maurizio.hr.desk.com.persistence.entity.Candidate.label]
2023-11-24 12:36:46,661 TRACE o.h.m.i.AttributeFactory [AttributeFactory.java:403] Starting attribute metadata determination [label]
2023-11-24 12:36:46,661 TRACE o.h.m.i.AttributeFactory [AttributeFactory.java:406]     Determined member [private java.lang.String franco.maurizio.hr.desk.com.persistence.entity.Candidate.label]
2023-11-24 12:36:46,661 TRACE o.h.m.i.AttributeFactory [AttributeFactory.java:410]     Determined type [name=string, class=org.hibernate.type.internal.NamedBasicTypeImpl]
2023-11-24 12:36:46,661 TRACE o.h.m.i.AttributeFactory [AttributeFactory.java:113] Building attribute [franco.maurizio.hr.desk.com.persistence.entity.Candidate.lastname]
2023-11-24 12:36:46,661 TRACE o.h.m.i.AttributeFactory [AttributeFactory.java:403] Starting attribute metadata determination [lastname]
2023-11-24 12:36:46,661 TRACE o.h.m.i.AttributeFactory [AttributeFactory.java:406]     Determined member [private java.lang.String franco.maurizio.hr.desk.com.persistence.entity.Candidate.lastname]
2023-11-24 12:36:46,662 TRACE o.h.m.i.AttributeFactory [AttributeFactory.java:410]     Determined type [name=string, class=org.hibernate.type.internal.NamedBasicTypeImpl]
2023-11-24 12:36:46,662 TRACE o.h.m.i.AttributeFactory [AttributeFactory.java:113] Building attribute [franco.maurizio.hr.desk.com.persistence.entity.Candidate.mobile]
2023-11-24 12:36:46,662 TRACE o.h.m.i.AttributeFactory [AttributeFactory.java:403] Starting attribute metadata determination [mobile]
2023-11-24 12:36:46,662 TRACE o.h.m.i.AttributeFactory [AttributeFactory.java:406]     Determined member [private java.lang.String franco.maurizio.hr.desk.com.persistence.entity.Candidate.mobile]
2023-11-24 12:36:46,662 TRACE o.h.m.i.AttributeFactory [AttributeFactory.java:410]     Determined type [name=string, class=org.hibernate.type.internal.NamedBasicTypeImpl]
2023-11-24 12:36:46,662 TRACE o.h.m.i.AttributeFactory [AttributeFactory.java:113] Building attribute [franco.maurizio.hr.desk.com.persistence.entity.Candidate.regdate]
2023-11-24 12:36:46,662 TRACE o.h.m.i.AttributeFactory [AttributeFactory.java:403] Starting attribute metadata determination [regdate]
2023-11-24 12:36:46,662 TRACE o.h.m.i.AttributeFactory [AttributeFactory.java:406]     Determined member [private java.time.LocalDateTime franco.maurizio.hr.desk.com.persistence.entity.Candidate.regdate]
2023-11-24 12:36:46,662 TRACE o.h.m.i.AttributeFactory [AttributeFactory.java:410]     Determined type [name=LocalDateTime, class=org.hibernate.type.internal.NamedBasicTypeImpl]
2023-11-24 12:36:46,662 TRACE o.h.m.i.AttributeFactory [AttributeFactory.java:113] Building attribute [franco.maurizio.hr.desk.com.persistence.entity.Candidate.stillHighStudy]
2023-11-24 12:36:46,662 TRACE o.h.m.i.AttributeFactory [AttributeFactory.java:403] Starting attribute metadata determination [stillHighStudy]
2023-11-24 12:36:46,663 TRACE o.h.m.i.AttributeFactory [AttributeFactory.java:406]     Determined member [private java.lang.Boolean franco.maurizio.hr.desk.com.persistence.entity.Candidate.stillHighStudy]
2023-11-24 12:36:46,663 TRACE o.h.m.i.AttributeFactory [AttributeFactory.java:410]     Determined type [name=boolean, class=org.hibernate.type.internal.NamedBasicTypeImpl]
2023-11-24 12:36:46,663 TRACE o.h.m.i.AttributeFactory [AttributeFactory.java:113] Building attribute [franco.maurizio.hr.desk.com.persistence.entity.Candidate.studyQualification]
2023-11-24 12:36:46,663 TRACE o.h.m.i.AttributeFactory [AttributeFactory.java:403] Starting attribute metadata determination [studyQualification]
2023-11-24 12:36:46,663 TRACE o.h.m.i.AttributeFactory [AttributeFactory.java:406]     Determined member [private java.lang.String franco.maurizio.hr.desk.com.persistence.entity.Candidate.studyQualification]
2023-11-24 12:36:46,663 TRACE o.h.m.i.AttributeFactory [AttributeFactory.java:410]     Determined type [name=string, class=org.hibernate.type.internal.NamedBasicTypeImpl]
2023-11-24 12:36:46,663 TRACE o.h.m.i.AttributeFactory [AttributeFactory.java:113] Building attribute [franco.maurizio.hr.desk.com.persistence.entity.Candidate.technicalNote]
2023-11-24 12:36:46,663 TRACE o.h.m.i.AttributeFactory [AttributeFactory.java:403] Starting attribute metadata determination [technicalNote]
2023-11-24 12:36:46,663 TRACE o.h.m.i.AttributeFactory [AttributeFactory.java:406]     Determined member [private java.lang.String franco.maurizio.hr.desk.com.persistence.entity.Candidate.technicalNote]
2023-11-24 12:36:46,663 TRACE o.h.m.i.AttributeFactory [AttributeFactory.java:410]     Determined type [name=string, class=org.hibernate.type.internal.NamedBasicTypeImpl]
2023-11-24 12:36:46,664 TRACE o.h.m.m.d.AbstractIdentifiableType [AbstractIdentifiableType.java:406] Interpreting domain-model identifier descriptor
2023-11-24 12:36:46,664 TRACE o.h.m.i.MetadataContext [MetadataContext.java:340] Completed entity [franco.maurizio.hr.desk.com.persistence.entity.Candidate]
2023-11-24 12:36:46,664 TRACE o.h.m.i.MetadataContext [MetadataContext.java:297] Starting entity [franco.maurizio.hr.desk.com.persistence.entity.SurveyReply]
2023-11-24 12:36:46,664 TRACE o.h.m.i.AttributeFactory [AttributeFactory.java:177] Building identifier attribute [franco.maurizio.hr.desk.com.persistence.entity.SurveyReply.id]
2023-11-24 12:36:46,664 TRACE o.h.m.i.AttributeFactory [AttributeFactory.java:403] Starting attribute metadata determination [id]
2023-11-24 12:36:46,664 TRACE o.h.m.i.AttributeFactory [AttributeFactory.java:406]     Determined member [private long franco.maurizio.hr.desk.com.persistence.entity.SurveyReply.id]
2023-11-24 12:36:46,664 TRACE o.h.m.i.AttributeFactory [AttributeFactory.java:410]     Determined type [name=long, class=org.hibernate.type.internal.NamedBasicTypeImpl]
2023-11-24 12:36:46,664 TRACE o.h.m.i.AttributeFactory [AttributeFactory.java:113] Building attribute [franco.maurizio.hr.desk.com.persistence.entity.SurveyReply.answers]
2023-11-24 12:36:46,665 TRACE o.h.m.i.AttributeFactory [AttributeFactory.java:403] Starting attribute metadata determination [answers]
2023-11-24 12:36:46,665 TRACE o.h.m.i.AttributeFactory [AttributeFactory.java:406]     Determined member [private java.lang.String franco.maurizio.hr.desk.com.persistence.entity.SurveyReply.answers]
2023-11-24 12:36:46,665 TRACE o.h.m.i.AttributeFactory [AttributeFactory.java:410]     Determined type [name=string, class=org.hibernate.type.internal.NamedBasicTypeImpl]
2023-11-24 12:36:46,665 TRACE o.h.m.i.AttributeFactory [AttributeFactory.java:113] Building attribute [franco.maurizio.hr.desk.com.persistence.entity.SurveyReply.candidateId]
2023-11-24 12:36:46,665 TRACE o.h.m.i.AttributeFactory [AttributeFactory.java:403] Starting attribute metadata determination [candidateId]
2023-11-24 12:36:46,665 TRACE o.h.m.i.AttributeFactory [AttributeFactory.java:406]     Determined member [private long franco.maurizio.hr.desk.com.persistence.entity.SurveyReply.candidateId]
2023-11-24 12:36:46,665 TRACE o.h.m.i.AttributeFactory [AttributeFactory.java:410]     Determined type [name=long, class=org.hibernate.type.internal.NamedBasicTypeImpl]
2023-11-24 12:36:46,665 TRACE o.h.m.i.AttributeFactory [AttributeFactory.java:113] Building attribute [franco.maurizio.hr.desk.com.persistence.entity.SurveyReply.endtime]
2023-11-24 12:36:46,665 TRACE o.h.m.i.AttributeFactory [AttributeFactory.java:403] Starting attribute metadata determination [endtime]
2023-11-24 12:36:46,665 TRACE o.h.m.i.AttributeFactory [AttributeFactory.java:406]     Determined member [private java.time.LocalDateTime franco.maurizio.hr.desk.com.persistence.entity.SurveyReply.endtime]
2023-11-24 12:36:46,666 TRACE o.h.m.i.AttributeFactory [AttributeFactory.java:410]     Determined type [name=LocalDateTime, class=org.hibernate.type.internal.NamedBasicTypeImpl]
2023-11-24 12:36:46,666 TRACE o.h.m.i.AttributeFactory [AttributeFactory.java:113] Building attribute [franco.maurizio.hr.desk.com.persistence.entity.SurveyReply.generated_token]
2023-11-24 12:36:46,666 TRACE o.h.m.i.AttributeFactory [AttributeFactory.java:403] Starting attribute metadata determination [generated_token]
2023-11-24 12:36:46,666 TRACE o.h.m.i.AttributeFactory [AttributeFactory.java:406]     Determined member [private java.lang.String franco.maurizio.hr.desk.com.persistence.entity.SurveyReply.generated_token]
2023-11-24 12:36:46,666 TRACE o.h.m.i.AttributeFactory [AttributeFactory.java:410]     Determined type [name=string, class=org.hibernate.type.internal.NamedBasicTypeImpl]
2023-11-24 12:36:46,666 TRACE o.h.m.i.AttributeFactory [AttributeFactory.java:113] Building attribute [franco.maurizio.hr.desk.com.persistence.entity.SurveyReply.pdffilename]
2023-11-24 12:36:46,666 TRACE o.h.m.i.AttributeFactory [AttributeFactory.java:403] Starting attribute metadata determination [pdffilename]
2023-11-24 12:36:46,666 TRACE o.h.m.i.AttributeFactory [AttributeFactory.java:406]     Determined member [private java.lang.String franco.maurizio.hr.desk.com.persistence.entity.SurveyReply.pdffilename]
2023-11-24 12:36:46,666 TRACE o.h.m.i.AttributeFactory [AttributeFactory.java:410]     Determined type [name=string, class=org.hibernate.type.internal.NamedBasicTypeImpl]
2023-11-24 12:36:46,667 TRACE o.h.m.i.AttributeFactory [AttributeFactory.java:113] Building attribute [franco.maurizio.hr.desk.com.persistence.entity.SurveyReply.points]
2023-11-24 12:36:46,667 TRACE o.h.m.i.AttributeFactory [AttributeFactory.java:403] Starting attribute metadata determination [points]
2023-11-24 12:36:46,667 TRACE o.h.m.i.AttributeFactory [AttributeFactory.java:406]     Determined member [private java.lang.String franco.maurizio.hr.desk.com.persistence.entity.SurveyReply.points]
2023-11-24 12:36:46,667 TRACE o.h.m.i.AttributeFactory [AttributeFactory.java:410]     Determined type [name=string, class=org.hibernate.type.internal.NamedBasicTypeImpl]
2023-11-24 12:36:46,667 TRACE o.h.m.i.AttributeFactory [AttributeFactory.java:113] Building attribute [franco.maurizio.hr.desk.com.persistence.entity.SurveyReply.starttime]
2023-11-24 12:36:46,667 TRACE o.h.m.i.AttributeFactory [AttributeFactory.java:403] Starting attribute metadata determination [starttime]
2023-11-24 12:36:46,667 TRACE o.h.m.i.AttributeFactory [AttributeFactory.java:406]     Determined member [private java.time.LocalDateTime franco.maurizio.hr.desk.com.persistence.entity.SurveyReply.starttime]
2023-11-24 12:36:46,667 TRACE o.h.m.i.AttributeFactory [AttributeFactory.java:410]     Determined type [name=LocalDateTime, class=org.hibernate.type.internal.NamedBasicTypeImpl]
2023-11-24 12:36:46,667 TRACE o.h.m.i.AttributeFactory [AttributeFactory.java:113] Building attribute [franco.maurizio.hr.desk.com.persistence.entity.SurveyReply.surveyId]
2023-11-24 12:36:46,667 TRACE o.h.m.i.AttributeFactory [AttributeFactory.java:403] Starting attribute metadata determination [surveyId]
2023-11-24 12:36:46,667 TRACE o.h.m.i.AttributeFactory [AttributeFactory.java:406]     Determined member [private long franco.maurizio.hr.desk.com.persistence.entity.SurveyReply.surveyId]
2023-11-24 12:36:46,668 TRACE o.h.m.i.AttributeFactory [AttributeFactory.java:410]     Determined type [name=long, class=org.hibernate.type.internal.NamedBasicTypeImpl]
2023-11-24 12:36:46,668 TRACE o.h.m.m.d.AbstractIdentifiableType [AbstractIdentifiableType.java:406] Interpreting domain-model identifier descriptor
2023-11-24 12:36:46,668 TRACE o.h.m.i.MetadataContext [MetadataContext.java:340] Completed entity [franco.maurizio.hr.desk.com.persistence.entity.SurveyReply]
2023-11-24 12:36:46,668 TRACE o.h.m.i.MetadataContext [MetadataContext.java:297] Starting entity [franco.maurizio.hr.desk.com.persistence.entity.User]
2023-11-24 12:36:46,668 TRACE o.h.m.i.AttributeFactory [AttributeFactory.java:177] Building identifier attribute [franco.maurizio.hr.desk.com.persistence.entity.User.id]
2023-11-24 12:36:46,668 TRACE o.h.m.i.AttributeFactory [AttributeFactory.java:403] Starting attribute metadata determination [id]
2023-11-24 12:36:46,668 TRACE o.h.m.i.AttributeFactory [AttributeFactory.java:406]     Determined member [private java.lang.Long franco.maurizio.hr.desk.com.persistence.entity.User.id]
2023-11-24 12:36:46,668 TRACE o.h.m.i.AttributeFactory [AttributeFactory.java:410]     Determined type [name=long, class=org.hibernate.type.internal.NamedBasicTypeImpl]
2023-11-24 12:36:46,669 TRACE o.h.m.i.AttributeFactory [AttributeFactory.java:113] Building attribute [franco.maurizio.hr.desk.com.persistence.entity.User.email]
2023-11-24 12:36:46,669 TRACE o.h.m.i.AttributeFactory [AttributeFactory.java:403] Starting attribute metadata determination [email]
2023-11-24 12:36:46,669 TRACE o.h.m.i.AttributeFactory [AttributeFactory.java:406]     Determined member [private java.lang.String franco.maurizio.hr.desk.com.persistence.entity.User.email]
2023-11-24 12:36:46,669 TRACE o.h.m.i.AttributeFactory [AttributeFactory.java:410]     Determined type [name=string, class=org.hibernate.type.internal.NamedBasicTypeImpl]
2023-11-24 12:36:46,669 TRACE o.h.m.i.AttributeFactory [AttributeFactory.java:113] Building attribute [franco.maurizio.hr.desk.com.persistence.entity.User.enabled]
2023-11-24 12:36:46,669 TRACE o.h.m.i.AttributeFactory [AttributeFactory.java:403] Starting attribute metadata determination [enabled]
2023-11-24 12:36:46,669 TRACE o.h.m.i.AttributeFactory [AttributeFactory.java:406]     Determined member [private boolean franco.maurizio.hr.desk.com.persistence.entity.User.enabled]
2023-11-24 12:36:46,669 TRACE o.h.m.i.AttributeFactory [AttributeFactory.java:410]     Determined type [name=boolean, class=org.hibernate.type.internal.NamedBasicTypeImpl]
2023-11-24 12:36:46,669 TRACE o.h.m.i.AttributeFactory [AttributeFactory.java:113] Building attribute [franco.maurizio.hr.desk.com.persistence.entity.User.firstname]
2023-11-24 12:36:46,670 TRACE o.h.m.i.AttributeFactory [AttributeFactory.java:403] Starting attribute metadata determination [firstname]
2023-11-24 12:36:46,670 TRACE o.h.m.i.AttributeFactory [AttributeFactory.java:406]     Determined member [private java.lang.String franco.maurizio.hr.desk.com.persistence.entity.User.firstname]
2023-11-24 12:36:46,670 TRACE o.h.m.i.AttributeFactory [AttributeFactory.java:410]     Determined type [name=string, class=org.hibernate.type.internal.NamedBasicTypeImpl]
2023-11-24 12:36:46,670 TRACE o.h.m.i.AttributeFactory [AttributeFactory.java:113] Building attribute [franco.maurizio.hr.desk.com.persistence.entity.User.lastname]
2023-11-24 12:36:46,670 TRACE o.h.m.i.AttributeFactory [AttributeFactory.java:403] Starting attribute metadata determination [lastname]
2023-11-24 12:36:46,670 TRACE o.h.m.i.AttributeFactory [AttributeFactory.java:406]     Determined member [private java.lang.String franco.maurizio.hr.desk.com.persistence.entity.User.lastname]
2023-11-24 12:36:46,670 TRACE o.h.m.i.AttributeFactory [AttributeFactory.java:410]     Determined type [name=string, class=org.hibernate.type.internal.NamedBasicTypeImpl]
2023-11-24 12:36:46,670 TRACE o.h.m.i.AttributeFactory [AttributeFactory.java:113] Building attribute [franco.maurizio.hr.desk.com.persistence.entity.User.password]
2023-11-24 12:36:46,671 TRACE o.h.m.i.AttributeFactory [AttributeFactory.java:403] Starting attribute metadata determination [password]
2023-11-24 12:36:46,671 TRACE o.h.m.i.AttributeFactory [AttributeFactory.java:406]     Determined member [private java.lang.String franco.maurizio.hr.desk.com.persistence.entity.User.password]
2023-11-24 12:36:46,671 TRACE o.h.m.i.AttributeFactory [AttributeFactory.java:410]     Determined type [name=string, class=org.hibernate.type.internal.NamedBasicTypeImpl]
2023-11-24 12:36:46,671 TRACE o.h.m.i.AttributeFactory [AttributeFactory.java:113] Building attribute [franco.maurizio.hr.desk.com.persistence.entity.User.regdate]
2023-11-24 12:36:46,671 TRACE o.h.m.i.AttributeFactory [AttributeFactory.java:403] Starting attribute metadata determination [regdate]
2023-11-24 12:36:46,671 TRACE o.h.m.i.AttributeFactory [AttributeFactory.java:406]     Determined member [private java.time.LocalDateTime franco.maurizio.hr.desk.com.persistence.entity.User.regdate]
2023-11-24 12:36:46,671 TRACE o.h.m.i.AttributeFactory [AttributeFactory.java:410]     Determined type [name=LocalDateTime, class=org.hibernate.type.internal.NamedBasicTypeImpl]
2023-11-24 12:36:46,671 TRACE o.h.m.i.AttributeFactory [AttributeFactory.java:113] Building attribute [franco.maurizio.hr.desk.com.persistence.entity.User.role]
2023-11-24 12:36:46,672 TRACE o.h.m.i.AttributeFactory [AttributeFactory.java:403] Starting attribute metadata determination [role]
2023-11-24 12:36:46,672 TRACE o.h.m.i.AttributeFactory [AttributeFactory.java:406]     Determined member [private int franco.maurizio.hr.desk.com.persistence.entity.User.role]
2023-11-24 12:36:46,672 TRACE o.h.m.i.AttributeFactory [AttributeFactory.java:410]     Determined type [name=integer, class=org.hibernate.type.internal.NamedBasicTypeImpl]
2023-11-24 12:36:46,672 TRACE o.h.m.m.d.AbstractIdentifiableType [AbstractIdentifiableType.java:406] Interpreting domain-model identifier descriptor
2023-11-24 12:36:46,672 TRACE o.h.m.i.MetadataContext [MetadataContext.java:340] Completed entity [franco.maurizio.hr.desk.com.persistence.entity.User]
2023-11-24 12:36:46,672 TRACE o.h.m.i.MetadataContext [MetadataContext.java:297] Starting entity [franco.maurizio.hr.desk.com.persistence.entity.SurveyQuestion]
2023-11-24 12:36:46,672 TRACE o.h.m.i.AttributeFactory [AttributeFactory.java:177] Building identifier attribute [franco.maurizio.hr.desk.com.persistence.entity.SurveyQuestion.id]
2023-11-24 12:36:46,672 TRACE o.h.m.i.AttributeFactory [AttributeFactory.java:403] Starting attribute metadata determination [id]
2023-11-24 12:36:46,672 TRACE o.h.m.i.AttributeFactory [AttributeFactory.java:406]     Determined member [private java.lang.Long franco.maurizio.hr.desk.com.persistence.entity.SurveyQuestion.id]
2023-11-24 12:36:46,673 TRACE o.h.m.i.AttributeFactory [AttributeFactory.java:410]     Determined type [name=long, class=org.hibernate.type.internal.NamedBasicTypeImpl]
2023-11-24 12:36:46,673 TRACE o.h.m.i.AttributeFactory [AttributeFactory.java:113] Building attribute [franco.maurizio.hr.desk.com.persistence.entity.SurveyQuestion.position]
2023-11-24 12:36:46,673 TRACE o.h.m.i.AttributeFactory [AttributeFactory.java:403] Starting attribute metadata determination [position]
2023-11-24 12:36:46,673 TRACE o.h.m.i.AttributeFactory [AttributeFactory.java:406]     Determined member [private java.lang.Long franco.maurizio.hr.desk.com.persistence.entity.SurveyQuestion.position]
2023-11-24 12:36:46,673 TRACE o.h.m.i.AttributeFactory [AttributeFactory.java:410]     Determined type [name=long, class=org.hibernate.type.internal.NamedBasicTypeImpl]
2023-11-24 12:36:46,673 TRACE o.h.m.i.AttributeFactory [AttributeFactory.java:113] Building attribute [franco.maurizio.hr.desk.com.persistence.entity.SurveyQuestion.questionId]
2023-11-24 12:36:46,673 TRACE o.h.m.i.AttributeFactory [AttributeFactory.java:403] Starting attribute metadata determination [questionId]
2023-11-24 12:36:46,673 TRACE o.h.m.i.AttributeFactory [AttributeFactory.java:406]     Determined member [private java.lang.Long franco.maurizio.hr.desk.com.persistence.entity.SurveyQuestion.questionId]
2023-11-24 12:36:46,673 TRACE o.h.m.i.AttributeFactory [AttributeFactory.java:410]     Determined type [name=long, class=org.hibernate.type.internal.NamedBasicTypeImpl]
2023-11-24 12:36:46,674 TRACE o.h.m.i.AttributeFactory [AttributeFactory.java:113] Building attribute [franco.maurizio.hr.desk.com.persistence.entity.SurveyQuestion.surveyId]
2023-11-24 12:36:46,674 TRACE o.h.m.i.AttributeFactory [AttributeFactory.java:403] Starting attribute metadata determination [surveyId]
2023-11-24 12:36:46,674 TRACE o.h.m.i.AttributeFactory [AttributeFactory.java:406]     Determined member [private java.lang.Long franco.maurizio.hr.desk.com.persistence.entity.SurveyQuestion.surveyId]
2023-11-24 12:36:46,674 TRACE o.h.m.i.AttributeFactory [AttributeFactory.java:410]     Determined type [name=long, class=org.hibernate.type.internal.NamedBasicTypeImpl]
2023-11-24 12:36:46,674 TRACE o.h.m.m.d.AbstractIdentifiableType [AbstractIdentifiableType.java:406] Interpreting domain-model identifier descriptor
2023-11-24 12:36:46,674 TRACE o.h.m.i.MetadataContext [MetadataContext.java:340] Completed entity [franco.maurizio.hr.desk.com.persistence.entity.SurveyQuestion]
2023-11-24 12:36:46,674 TRACE o.h.m.i.MetadataContext [MetadataContext.java:297] Starting entity [franco.maurizio.hr.desk.com.persistence.entity.CandidateSurveyToken]
2023-11-24 12:36:46,674 TRACE o.h.m.i.AttributeFactory [AttributeFactory.java:177] Building identifier attribute [franco.maurizio.hr.desk.com.persistence.entity.CandidateSurveyToken.id]
2023-11-24 12:36:46,674 TRACE o.h.m.i.AttributeFactory [AttributeFactory.java:403] Starting attribute metadata determination [id]
2023-11-24 12:36:46,675 TRACE o.h.m.i.AttributeFactory [AttributeFactory.java:406]     Determined member [private java.lang.Long franco.maurizio.hr.desk.com.persistence.entity.CandidateSurveyToken.id]
2023-11-24 12:36:46,675 TRACE o.h.m.i.AttributeFactory [AttributeFactory.java:410]     Determined type [name=long, class=org.hibernate.type.internal.NamedBasicTypeImpl]
2023-11-24 12:36:46,675 TRACE o.h.m.i.AttributeFactory [AttributeFactory.java:113] Building attribute [franco.maurizio.hr.desk.com.persistence.entity.CandidateSurveyToken.candidateId]
2023-11-24 12:36:46,675 TRACE o.h.m.i.AttributeFactory [AttributeFactory.java:403] Starting attribute metadata determination [candidateId]
2023-11-24 12:36:46,675 TRACE o.h.m.i.AttributeFactory [AttributeFactory.java:406]     Determined member [private java.lang.Long franco.maurizio.hr.desk.com.persistence.entity.CandidateSurveyToken.candidateId]
2023-11-24 12:36:46,675 TRACE o.h.m.i.AttributeFactory [AttributeFactory.java:410]     Determined type [name=long, class=org.hibernate.type.internal.NamedBasicTypeImpl]
2023-11-24 12:36:46,675 TRACE o.h.m.i.AttributeFactory [AttributeFactory.java:113] Building attribute [franco.maurizio.hr.desk.com.persistence.entity.CandidateSurveyToken.expirationDateTime]
2023-11-24 12:36:46,675 TRACE o.h.m.i.AttributeFactory [AttributeFactory.java:403] Starting attribute metadata determination [expirationDateTime]
2023-11-24 12:36:46,675 TRACE o.h.m.i.AttributeFactory [AttributeFactory.java:406]     Determined member [private java.time.LocalDateTime franco.maurizio.hr.desk.com.persistence.entity.CandidateSurveyToken.expirationDateTime]
2023-11-24 12:36:46,675 TRACE o.h.m.i.AttributeFactory [AttributeFactory.java:410]     Determined type [name=LocalDateTime, class=org.hibernate.type.internal.NamedBasicTypeImpl]
2023-11-24 12:36:46,676 TRACE o.h.m.i.AttributeFactory [AttributeFactory.java:113] Building attribute [franco.maurizio.hr.desk.com.persistence.entity.CandidateSurveyToken.expired]
2023-11-24 12:36:46,676 TRACE o.h.m.i.AttributeFactory [AttributeFactory.java:403] Starting attribute metadata determination [expired]
2023-11-24 12:36:46,676 TRACE o.h.m.i.AttributeFactory [AttributeFactory.java:406]     Determined member [private boolean franco.maurizio.hr.desk.com.persistence.entity.CandidateSurveyToken.expired]
2023-11-24 12:36:46,676 TRACE o.h.m.i.AttributeFactory [AttributeFactory.java:410]     Determined type [name=boolean, class=org.hibernate.type.internal.NamedBasicTypeImpl]
2023-11-24 12:36:46,676 TRACE o.h.m.i.AttributeFactory [AttributeFactory.java:113] Building attribute [franco.maurizio.hr.desk.com.persistence.entity.CandidateSurveyToken.generatedToken]
2023-11-24 12:36:46,676 TRACE o.h.m.i.AttributeFactory [AttributeFactory.java:403] Starting attribute metadata determination [generatedToken]
2023-11-24 12:36:46,676 TRACE o.h.m.i.AttributeFactory [AttributeFactory.java:406]     Determined member [private java.lang.String franco.maurizio.hr.desk.com.persistence.entity.CandidateSurveyToken.generatedToken]
2023-11-24 12:36:46,676 TRACE o.h.m.i.AttributeFactory [AttributeFactory.java:410]     Determined type [name=string, class=org.hibernate.type.internal.NamedBasicTypeImpl]
2023-11-24 12:36:46,677 TRACE o.h.m.i.AttributeFactory [AttributeFactory.java:113] Building attribute [franco.maurizio.hr.desk.com.persistence.entity.CandidateSurveyToken.surveyId]
2023-11-24 12:36:46,677 TRACE o.h.m.i.AttributeFactory [AttributeFactory.java:403] Starting attribute metadata determination [surveyId]
2023-11-24 12:36:46,677 TRACE o.h.m.i.AttributeFactory [AttributeFactory.java:406]     Determined member [private java.lang.Long franco.maurizio.hr.desk.com.persistence.entity.CandidateSurveyToken.surveyId]
2023-11-24 12:36:46,677 TRACE o.h.m.i.AttributeFactory [AttributeFactory.java:410]     Determined type [name=long, class=org.hibernate.type.internal.NamedBasicTypeImpl]
2023-11-24 12:36:46,677 TRACE o.h.m.m.d.AbstractIdentifiableType [AbstractIdentifiableType.java:406] Interpreting domain-model identifier descriptor
2023-11-24 12:36:46,677 TRACE o.h.m.i.MetadataContext [MetadataContext.java:340] Completed entity [franco.maurizio.hr.desk.com.persistence.entity.CandidateSurveyToken]
2023-11-24 12:36:46,677 TRACE o.h.m.i.MetadataContext [MetadataContext.java:297] Starting entity [franco.maurizio.hr.desk.com.persistence.entity.CandidateStates]
2023-11-24 12:36:46,678 TRACE o.h.m.i.AttributeFactory [AttributeFactory.java:177] Building identifier attribute [franco.maurizio.hr.desk.com.persistence.entity.CandidateStates.id]
2023-11-24 12:36:46,678 TRACE o.h.m.i.AttributeFactory [AttributeFactory.java:403] Starting attribute metadata determination [id]
2023-11-24 12:36:46,678 TRACE o.h.m.i.AttributeFactory [AttributeFactory.java:406]     Determined member [private java.lang.Long franco.maurizio.hr.desk.com.persistence.entity.CandidateStates.id]
2023-11-24 12:36:46,678 TRACE o.h.m.i.AttributeFactory [AttributeFactory.java:410]     Determined type [name=long, class=org.hibernate.type.internal.NamedBasicTypeImpl]
2023-11-24 12:36:46,678 TRACE o.h.m.i.AttributeFactory [AttributeFactory.java:113] Building attribute [franco.maurizio.hr.desk.com.persistence.entity.CandidateStates.roleId]
2023-11-24 12:36:46,678 TRACE o.h.m.i.AttributeFactory [AttributeFactory.java:403] Starting attribute metadata determination [roleId]
2023-11-24 12:36:46,678 TRACE o.h.m.i.AttributeFactory [AttributeFactory.java:406]     Determined member [private java.lang.Long franco.maurizio.hr.desk.com.persistence.entity.CandidateStates.roleId]
2023-11-24 12:36:46,678 TRACE o.h.m.i.AttributeFactory [AttributeFactory.java:410]     Determined type [name=long, class=org.hibernate.type.internal.NamedBasicTypeImpl]
2023-11-24 12:36:46,678 TRACE o.h.m.i.AttributeFactory [AttributeFactory.java:113] Building attribute [franco.maurizio.hr.desk.com.persistence.entity.CandidateStates.statusCode]
2023-11-24 12:36:46,679 TRACE o.h.m.i.AttributeFactory [AttributeFactory.java:403] Starting attribute metadata determination [statusCode]
2023-11-24 12:36:46,679 TRACE o.h.m.i.AttributeFactory [AttributeFactory.java:406]     Determined member [private int franco.maurizio.hr.desk.com.persistence.entity.CandidateStates.statusCode]
2023-11-24 12:36:46,679 TRACE o.h.m.i.AttributeFactory [AttributeFactory.java:410]     Determined type [name=integer, class=org.hibernate.type.internal.NamedBasicTypeImpl]
2023-11-24 12:36:46,679 TRACE o.h.m.i.AttributeFactory [AttributeFactory.java:113] Building attribute [franco.maurizio.hr.desk.com.persistence.entity.CandidateStates.statusColor]
2023-11-24 12:36:46,679 TRACE o.h.m.i.AttributeFactory [AttributeFactory.java:403] Starting attribute metadata determination [statusColor]
2023-11-24 12:36:46,680 TRACE o.h.m.i.AttributeFactory [AttributeFactory.java:406]     Determined member [private java.lang.String franco.maurizio.hr.desk.com.persistence.entity.CandidateStates.statusColor]
2023-11-24 12:36:46,680 TRACE o.h.m.i.AttributeFactory [AttributeFactory.java:410]     Determined type [name=string, class=org.hibernate.type.internal.NamedBasicTypeImpl]
2023-11-24 12:36:46,680 TRACE o.h.m.i.AttributeFactory [AttributeFactory.java:113] Building attribute [franco.maurizio.hr.desk.com.persistence.entity.CandidateStates.statusDescription]
2023-11-24 12:36:46,680 TRACE o.h.m.i.AttributeFactory [AttributeFactory.java:403] Starting attribute metadata determination [statusDescription]
2023-11-24 12:36:46,680 TRACE o.h.m.i.AttributeFactory [AttributeFactory.java:406]     Determined member [private java.lang.String franco.maurizio.hr.desk.com.persistence.entity.CandidateStates.statusDescription]
2023-11-24 12:36:46,680 TRACE o.h.m.i.AttributeFactory [AttributeFactory.java:410]     Determined type [name=string, class=org.hibernate.type.internal.NamedBasicTypeImpl]
2023-11-24 12:36:46,681 TRACE o.h.m.i.AttributeFactory [AttributeFactory.java:113] Building attribute [franco.maurizio.hr.desk.com.persistence.entity.CandidateStates.statusLabel]
2023-11-24 12:36:46,681 TRACE o.h.m.i.AttributeFactory [AttributeFactory.java:403] Starting attribute metadata determination [statusLabel]
2023-11-24 12:36:46,681 TRACE o.h.m.i.AttributeFactory [AttributeFactory.java:406]     Determined member [private java.lang.String franco.maurizio.hr.desk.com.persistence.entity.CandidateStates.statusLabel]
2023-11-24 12:36:46,681 TRACE o.h.m.i.AttributeFactory [AttributeFactory.java:410]     Determined type [name=string, class=org.hibernate.type.internal.NamedBasicTypeImpl]
2023-11-24 12:36:46,681 TRACE o.h.m.m.d.AbstractIdentifiableType [AbstractIdentifiableType.java:406] Interpreting domain-model identifier descriptor
2023-11-24 12:36:46,681 TRACE o.h.m.i.MetadataContext [MetadataContext.java:340] Completed entity [franco.maurizio.hr.desk.com.persistence.entity.CandidateStates]
2023-11-24 12:36:46,682 TRACE o.h.m.i.MetadataContext [MetadataContext.java:297] Starting entity [franco.maurizio.hr.desk.com.persistence.entity.CoursePage]
2023-11-24 12:36:46,682 TRACE o.h.m.i.AttributeFactory [AttributeFactory.java:177] Building identifier attribute [franco.maurizio.hr.desk.com.persistence.entity.CoursePage.id]
2023-11-24 12:36:46,682 TRACE o.h.m.i.AttributeFactory [AttributeFactory.java:403] Starting attribute metadata determination [id]
2023-11-24 12:36:46,682 TRACE o.h.m.i.AttributeFactory [AttributeFactory.java:406]     Determined member [protected java.lang.Long franco.maurizio.hr.desk.com.persistence.entity.CoursePage.id]
2023-11-24 12:36:46,682 TRACE o.h.m.i.AttributeFactory [AttributeFactory.java:410]     Determined type [name=long, class=org.hibernate.type.internal.NamedBasicTypeImpl]
2023-11-24 12:36:46,682 TRACE o.h.m.i.AttributeFactory [AttributeFactory.java:113] Building attribute [franco.maurizio.hr.desk.com.persistence.entity.CoursePage.bodyText]
2023-11-24 12:36:46,682 TRACE o.h.m.i.AttributeFactory [AttributeFactory.java:403] Starting attribute metadata determination [bodyText]
2023-11-24 12:36:46,682 TRACE o.h.m.i.AttributeFactory [AttributeFactory.java:406]     Determined member [protected java.lang.String franco.maurizio.hr.desk.com.persistence.entity.CoursePage.bodyText]
2023-11-24 12:36:46,682 TRACE o.h.m.i.AttributeFactory [AttributeFactory.java:410]     Determined type [name=string, class=org.hibernate.type.internal.NamedBasicTypeImpl]
2023-11-24 12:36:46,683 TRACE o.h.m.i.AttributeFactory [AttributeFactory.java:113] Building attribute [franco.maurizio.hr.desk.com.persistence.entity.CoursePage.code]
2023-11-24 12:36:46,683 TRACE o.h.m.i.AttributeFactory [AttributeFactory.java:403] Starting attribute metadata determination [code]
2023-11-24 12:36:46,683 TRACE o.h.m.i.AttributeFactory [AttributeFactory.java:406]     Determined member [protected java.lang.String franco.maurizio.hr.desk.com.persistence.entity.CoursePage.code]
2023-11-24 12:36:46,683 TRACE o.h.m.i.AttributeFactory [AttributeFactory.java:410]     Determined type [name=string, class=org.hibernate.type.internal.NamedBasicTypeImpl]
2023-11-24 12:36:46,683 TRACE o.h.m.i.AttributeFactory [AttributeFactory.java:113] Building attribute [franco.maurizio.hr.desk.com.persistence.entity.CoursePage.created_datetime]
2023-11-24 12:36:46,683 TRACE o.h.m.i.AttributeFactory [AttributeFactory.java:403] Starting attribute metadata determination [created_datetime]
2023-11-24 12:36:46,684 TRACE o.h.m.i.AttributeFactory [AttributeFactory.java:406]     Determined member [private java.time.LocalDateTime franco.maurizio.hr.desk.com.persistence.entity.CoursePage.created_datetime]
2023-11-24 12:36:46,684 TRACE o.h.m.i.AttributeFactory [AttributeFactory.java:410]     Determined type [name=LocalDateTime, class=org.hibernate.type.internal.NamedBasicTypeImpl]
2023-11-24 12:36:46,684 TRACE o.h.m.i.AttributeFactory [AttributeFactory.java:113] Building attribute [franco.maurizio.hr.desk.com.persistence.entity.CoursePage.fileName]
2023-11-24 12:36:46,684 TRACE o.h.m.i.AttributeFactory [AttributeFactory.java:403] Starting attribute metadata determination [fileName]
2023-11-24 12:36:46,684 TRACE o.h.m.i.AttributeFactory [AttributeFactory.java:406]     Determined member [protected java.lang.String franco.maurizio.hr.desk.com.persistence.entity.CoursePage.fileName]
2023-11-24 12:36:46,685 TRACE o.h.m.i.AttributeFactory [AttributeFactory.java:410]     Determined type [name=string, class=org.hibernate.type.internal.NamedBasicTypeImpl]
2023-11-24 12:36:46,685 TRACE o.h.m.i.AttributeFactory [AttributeFactory.java:113] Building attribute [franco.maurizio.hr.desk.com.persistence.entity.CoursePage.opened_by]
2023-11-24 12:36:46,685 TRACE o.h.m.i.AttributeFactory [AttributeFactory.java:403] Starting attribute metadata determination [opened_by]
2023-11-24 12:36:46,685 TRACE o.h.m.i.AttributeFactory [AttributeFactory.java:406]     Determined member [protected java.lang.Long franco.maurizio.hr.desk.com.persistence.entity.CoursePage.opened_by]
2023-11-24 12:36:46,685 TRACE o.h.m.i.AttributeFactory [AttributeFactory.java:410]     Determined type [name=long, class=org.hibernate.type.internal.NamedBasicTypeImpl]
2023-11-24 12:36:46,685 TRACE o.h.m.i.AttributeFactory [AttributeFactory.java:113] Building attribute [franco.maurizio.hr.desk.com.persistence.entity.CoursePage.statusOpen]
2023-11-24 12:36:46,686 TRACE o.h.m.i.AttributeFactory [AttributeFactory.java:403] Starting attribute metadata determination [statusOpen]
2023-11-24 12:36:46,686 TRACE o.h.m.i.AttributeFactory [AttributeFactory.java:406]     Determined member [private java.lang.Boolean franco.maurizio.hr.desk.com.persistence.entity.CoursePage.statusOpen]
2023-11-24 12:36:46,686 TRACE o.h.m.i.AttributeFactory [AttributeFactory.java:410]     Determined type [name=boolean, class=org.hibernate.type.internal.NamedBasicTypeImpl]
2023-11-24 12:36:46,686 TRACE o.h.m.i.AttributeFactory [AttributeFactory.java:113] Building attribute [franco.maurizio.hr.desk.com.persistence.entity.CoursePage.title]
2023-11-24 12:36:46,686 TRACE o.h.m.i.AttributeFactory [AttributeFactory.java:403] Starting attribute metadata determination [title]
2023-11-24 12:36:46,686 TRACE o.h.m.i.AttributeFactory [AttributeFactory.java:406]     Determined member [protected java.lang.String franco.maurizio.hr.desk.com.persistence.entity.CoursePage.title]
2023-11-24 12:36:46,687 TRACE o.h.m.i.AttributeFactory [AttributeFactory.java:410]     Determined type [name=string, class=org.hibernate.type.internal.NamedBasicTypeImpl]
2023-11-24 12:36:46,687 TRACE o.h.m.m.d.AbstractIdentifiableType [AbstractIdentifiableType.java:406] Interpreting domain-model identifier descriptor
2023-11-24 12:36:46,687 TRACE o.h.m.i.MetadataContext [MetadataContext.java:340] Completed entity [franco.maurizio.hr.desk.com.persistence.entity.CoursePage]
2023-11-24 12:36:46,687 TRACE o.h.m.i.MetadataContext [MetadataContext.java:297] Starting entity [franco.maurizio.hr.desk.com.persistence.entity.Role]
2023-11-24 12:36:46,687 TRACE o.h.m.i.AttributeFactory [AttributeFactory.java:177] Building identifier attribute [franco.maurizio.hr.desk.com.persistence.entity.Role.id]
2023-11-24 12:36:46,688 TRACE o.h.m.i.AttributeFactory [AttributeFactory.java:403] Starting attribute metadata determination [id]
2023-11-24 12:36:46,688 TRACE o.h.m.i.AttributeFactory [AttributeFactory.java:406]     Determined member [private java.lang.Long franco.maurizio.hr.desk.com.persistence.entity.Role.id]
2023-11-24 12:36:46,688 TRACE o.h.m.i.AttributeFactory [AttributeFactory.java:410]     Determined type [name=long, class=org.hibernate.type.internal.NamedBasicTypeImpl]
2023-11-24 12:36:46,688 TRACE o.h.m.i.AttributeFactory [AttributeFactory.java:113] Building attribute [franco.maurizio.hr.desk.com.persistence.entity.Role.description]
2023-11-24 12:36:46,688 TRACE o.h.m.i.AttributeFactory [AttributeFactory.java:403] Starting attribute metadata determination [description]
2023-11-24 12:36:46,689 TRACE o.h.m.i.AttributeFactory [AttributeFactory.java:406]     Determined member [private java.lang.String franco.maurizio.hr.desk.com.persistence.entity.Role.description]
2023-11-24 12:36:46,689 TRACE o.h.m.i.AttributeFactory [AttributeFactory.java:410]     Determined type [name=string, class=org.hibernate.type.internal.NamedBasicTypeImpl]
2023-11-24 12:36:46,689 TRACE o.h.m.i.AttributeFactory [AttributeFactory.java:113] Building attribute [franco.maurizio.hr.desk.com.persistence.entity.Role.label]
2023-11-24 12:36:46,689 TRACE o.h.m.i.AttributeFactory [AttributeFactory.java:403] Starting attribute metadata determination [label]
2023-11-24 12:36:46,689 TRACE o.h.m.i.AttributeFactory [AttributeFactory.java:406]     Determined member [private java.lang.String franco.maurizio.hr.desk.com.persistence.entity.Role.label]
2023-11-24 12:36:46,689 TRACE o.h.m.i.AttributeFactory [AttributeFactory.java:410]     Determined type [name=string, class=org.hibernate.type.internal.NamedBasicTypeImpl]
2023-11-24 12:36:46,690 TRACE o.h.m.i.AttributeFactory [AttributeFactory.java:113] Building attribute [franco.maurizio.hr.desk.com.persistence.entity.Role.level]
2023-11-24 12:36:46,690 TRACE o.h.m.i.AttributeFactory [AttributeFactory.java:403] Starting attribute metadata determination [level]
2023-11-24 12:36:46,690 TRACE o.h.m.i.AttributeFactory [AttributeFactory.java:406]     Determined member [private int franco.maurizio.hr.desk.com.persistence.entity.Role.level]
2023-11-24 12:36:46,690 TRACE o.h.m.i.AttributeFactory [AttributeFactory.java:410]     Determined type [name=integer, class=org.hibernate.type.internal.NamedBasicTypeImpl]
2023-11-24 12:36:46,691 TRACE o.h.m.m.d.AbstractIdentifiableType [AbstractIdentifiableType.java:406] Interpreting domain-model identifier descriptor
2023-11-24 12:36:46,691 TRACE o.h.m.i.MetadataContext [MetadataContext.java:340] Completed entity [franco.maurizio.hr.desk.com.persistence.entity.Role]
2023-11-24 12:36:46,691 TRACE o.h.s.i.AbstractServiceRegistryImpl [AbstractServiceRegistryImpl.java:235] Initializing service [role=org.hibernate.engine.transaction.jta.platform.spi.JtaPlatform]
2023-11-24 12:36:46,691 INFO o.h.e.t.j.p.i.JtaPlatformInitiator [JtaPlatformInitiator.java:55] HHH000489: No JTA platform available (set 'hibernate.transaction.jta.platform' to enable JTA platform integration)
2023-11-24 12:36:46,692 DEBUG o.h.t.s.TypeConfiguration$Scope [TypeConfiguration.java:203] Scoping TypeConfiguration [org.hibernate.type.spi.TypeConfiguration@40f4238] to SessionFactoryImplementor [org.hibernate.internal.SessionFactoryImpl@522c3f8e]
2023-11-24 12:36:46,692 DEBUG o.h.q.n.NamedObjectRepository [NamedObjectRepositoryImpl.java:234] Checking 0 named HQL queries
2023-11-24 12:36:46,692 DEBUG o.h.q.n.NamedObjectRepository [NamedObjectRepositoryImpl.java:251] Checking 0 named SQL queries
2023-11-24 12:36:46,692 DEBUG o.h.t.s.s.SchemaManagementToolCoordinator [SchemaManagementToolCoordinator.java:760] No schema actions specified for contributor `orm`; doing nothing
2023-11-24 12:36:46,693 DEBUG o.h.t.s.s.SchemaManagementToolCoordinator [SchemaManagementToolCoordinator.java:72] No actions found; doing nothing
2023-11-24 12:36:46,693 DEBUG o.h.i.SessionFactoryRegistry [SessionFactoryRegistry.java:74] Registering SessionFactory: 9bb9f566-9731-4557-aae6-a74e67052cec (<unnamed>)
2023-11-24 12:36:46,693 DEBUG o.h.i.SessionFactoryRegistry [SessionFactoryRegistry.java:81] Not binding SessionFactory to JNDI, no JNDI name configured
2023-11-24 12:36:46,693 TRACE o.h.t.s.TypeConfiguration$Scope [TypeConfiguration.java:267] Handling #sessionFactoryCreated from [org.hibernate.internal.SessionFactoryImpl@522c3f8e] for TypeConfiguration
2023-11-24 12:36:46,693 DEBUG o.h.i.SessionFactoryImpl [SessionFactoryImpl.java:312] Instantiated SessionFactory
2023-11-24 12:36:46,716 TRACE o.h.i.SessionFactoryImpl$SessionBuilderImpl [SessionFactoryImpl.java:1298] Opening Hibernate Session.  tenant=null
2023-11-24 12:36:46,717 TRACE o.h.s.i.AbstractServiceRegistryImpl [AbstractServiceRegistryImpl.java:235] Initializing service [role=org.hibernate.stat.spi.StatisticsImplementor]
2023-11-24 12:36:46,717 DEBUG o.h.s.i.StatisticsInitiator [StatisticsInitiator.java:88] Statistics initialized [enabled=false]
2023-11-24 12:36:46,718 TRACE o.h.i.SessionImpl [SessionImpl.java:262] Opened Session [c2b954ec-5d30-4337-89cd-cb457cb2e88a] at timestamp: 1700825806718
2023-11-24 12:36:46,718 TRACE o.h.i.SessionImpl [SessionImpl.java:402] Closing session [c2b954ec-5d30-4337-89cd-cb457cb2e88a]
2023-11-24 12:36:46,718 TRACE o.h.e.j.i.JdbcCoordinatorImpl [JdbcCoordinatorImpl.java:152] Closing JDBC container [org.hibernate.engine.jdbc.internal.JdbcCoordinatorImpl@7af89ecf]
2023-11-24 12:36:46,719 TRACE o.h.r.j.i.ResourceRegistryStandardImpl [ResourceRegistryStandardImpl.java:329] Releasing JDBC resources
2023-11-24 12:36:46,719 TRACE o.h.r.j.i.LogicalConnectionManagedImpl [LogicalConnectionManagedImpl.java:256] Closing logical connection
2023-11-24 12:36:46,719 TRACE o.h.r.j.i.LogicalConnectionManagedImpl [LogicalConnectionManagedImpl.java:263] Logical connection closed
2023-11-24 12:36:46,727 TRACE o.h.i.SessionFactoryImpl$SessionBuilderImpl [SessionFactoryImpl.java:1298] Opening Hibernate Session.  tenant=null
2023-11-24 12:36:46,728 TRACE o.h.i.SessionImpl [SessionImpl.java:262] Opened Session [5754a8d5-9583-4c52-92e6-aef460ee8a2f] at timestamp: 1700825806728
2023-11-24 12:36:46,728 TRACE o.h.i.SessionImpl [SessionImpl.java:402] Closing session [5754a8d5-9583-4c52-92e6-aef460ee8a2f]
2023-11-24 12:36:46,728 TRACE o.h.e.j.i.JdbcCoordinatorImpl [JdbcCoordinatorImpl.java:152] Closing JDBC container [org.hibernate.engine.jdbc.internal.JdbcCoordinatorImpl@3a71373b]
2023-11-24 12:36:46,728 TRACE o.h.r.j.i.ResourceRegistryStandardImpl [ResourceRegistryStandardImpl.java:329] Releasing JDBC resources
2023-11-24 12:36:46,729 TRACE o.h.r.j.i.LogicalConnectionManagedImpl [LogicalConnectionManagedImpl.java:256] Closing logical connection
2023-11-24 12:36:46,729 TRACE o.h.r.j.i.LogicalConnectionManagedImpl [LogicalConnectionManagedImpl.java:263] Logical connection closed
2023-11-24 12:36:46,736 TRACE o.h.i.SessionFactoryImpl$SessionBuilderImpl [SessionFactoryImpl.java:1298] Opening Hibernate Session.  tenant=null
2023-11-24 12:36:46,736 TRACE o.h.i.SessionImpl [SessionImpl.java:262] Opened Session [1ef77377-34aa-4107-b54e-d910edc38717] at timestamp: 1700825806736
2023-11-24 12:36:46,736 DEBUG o.h.r.t.b.j.i.JdbcResourceLocalTransactionCoordinatorImpl [JdbcResourceLocalTransactionCoordinatorImpl.java:310] JDBC transaction marked for rollback-only (exception provided for stack trace)
java.lang.Exception: exception just for purpose of providing stack trace
	at org.hibernate.resource.transaction.backend.jdbc.internal.JdbcResourceLocalTransactionCoordinatorImpl$TransactionDriverControlImpl.markRollbackOnly(JdbcResourceLocalTransactionCoordinatorImpl.java:310)
	at org.hibernate.internal.AbstractSharedSessionContract.buildNamedQuery(AbstractSharedSessionContract.java:1021)
	at org.hibernate.internal.AbstractSharedSessionContract.createNamedQuery(AbstractSharedSessionContract.java:899)
	at org.hibernate.internal.AbstractSharedSessionContract.createNamedQuery(AbstractSharedSessionContract.java:120)
	at jdk.internal.reflect.GeneratedMethodAccessor47.invoke(Unknown Source)
	at java.base/jdk.internal.reflect.DelegatingMethodAccessorImpl.invoke(DelegatingMethodAccessorImpl.java:43)
	at java.base/java.lang.reflect.Method.invoke(Method.java:568)
	at org.springframework.orm.jpa.ExtendedEntityManagerCreator$ExtendedEntityManagerInvocationHandler.invoke(ExtendedEntityManagerCreator.java:360)
	at jdk.proxy2/jdk.proxy2.$Proxy191.createNamedQuery(Unknown Source)
	at org.springframework.data.jpa.repository.query.NamedQuery.hasNamedQuery(NamedQuery.java:113)
	at org.springframework.data.jpa.repository.query.NamedQuery.lookupFrom(NamedQuery.java:141)
	at org.springframework.data.jpa.repository.query.JpaQueryLookupStrategy$DeclaredQueryLookupStrategy.resolveQuery(JpaQueryLookupStrategy.java:180)
	at org.springframework.data.jpa.repository.query.JpaQueryLookupStrategy$CreateIfNotFoundQueryLookupStrategy.resolveQuery(JpaQueryLookupStrategy.java:252)
	at org.springframework.data.jpa.repository.query.JpaQueryLookupStrategy$AbstractQueryLookupStrategy.resolveQuery(JpaQueryLookupStrategy.java:95)
	at org.springframework.data.repository.core.support.QueryExecutorMethodInterceptor.lookupQuery(QueryExecutorMethodInterceptor.java:111)
	at org.springframework.data.repository.core.support.QueryExecutorMethodInterceptor.mapMethodsToQuery(QueryExecutorMethodInterceptor.java:99)
	at org.springframework.data.repository.core.support.QueryExecutorMethodInterceptor.lambda$new$0(QueryExecutorMethodInterceptor.java:88)
	at java.base/java.util.Optional.map(Optional.java:260)
	at org.springframework.data.repository.core.support.QueryExecutorMethodInterceptor.<init>(QueryExecutorMethodInterceptor.java:88)
	at org.springframework.data.repository.core.support.RepositoryFactorySupport.getRepository(RepositoryFactorySupport.java:357)
	at org.springframework.data.repository.core.support.RepositoryFactoryBeanSupport.lambda$afterPropertiesSet$5(RepositoryFactoryBeanSupport.java:279)
	at org.springframework.data.util.Lazy.getNullable(Lazy.java:245)
	at org.springframework.data.util.Lazy.get(Lazy.java:114)
	at org.springframework.data.repository.core.support.RepositoryFactoryBeanSupport.afterPropertiesSet(RepositoryFactoryBeanSupport.java:285)
	at org.springframework.data.jpa.repository.support.JpaRepositoryFactoryBean.afterPropertiesSet(JpaRepositoryFactoryBean.java:132)
	at org.springframework.beans.factory.support.AbstractAutowireCapableBeanFactory.invokeInitMethods(AbstractAutowireCapableBeanFactory.java:1817)
	at org.springframework.beans.factory.support.AbstractAutowireCapableBeanFactory.initializeBean(AbstractAutowireCapableBeanFactory.java:1766)
	at org.springframework.beans.factory.support.AbstractAutowireCapableBeanFactory.doCreateBean(AbstractAutowireCapableBeanFactory.java:598)
	at org.springframework.beans.factory.support.AbstractAutowireCapableBeanFactory.createBean(AbstractAutowireCapableBeanFactory.java:520)
	at org.springframework.beans.factory.support.AbstractBeanFactory.lambda$doGetBean$0(AbstractBeanFactory.java:325)
	at org.springframework.beans.factory.support.DefaultSingletonBeanRegistry.getSingleton(DefaultSingletonBeanRegistry.java:234)
	at org.springframework.beans.factory.support.AbstractBeanFactory.doGetBean(AbstractBeanFactory.java:323)
	at org.springframework.beans.factory.support.AbstractBeanFactory.getBean(AbstractBeanFactory.java:199)
	at org.springframework.beans.factory.config.DependencyDescriptor.resolveCandidate(DependencyDescriptor.java:254)
	at org.springframework.beans.factory.support.DefaultListableBeanFactory.doResolveDependency(DefaultListableBeanFactory.java:1417)
	at org.springframework.beans.factory.support.DefaultListableBeanFactory.resolveDependency(DefaultListableBeanFactory.java:1337)
	at org.springframework.beans.factory.annotation.AutowiredAnnotationBeanPostProcessor$AutowiredFieldElement.resolveFieldValue(AutowiredAnnotationBeanPostProcessor.java:764)
	at org.springframework.beans.factory.annotation.AutowiredAnnotationBeanPostProcessor$AutowiredFieldElement.inject(AutowiredAnnotationBeanPostProcessor.java:747)
	at org.springframework.beans.factory.annotation.InjectionMetadata.inject(InjectionMetadata.java:145)
	at org.springframework.beans.factory.annotation.AutowiredAnnotationBeanPostProcessor.postProcessProperties(AutowiredAnnotationBeanPostProcessor.java:492)
	at org.springframework.beans.factory.support.AbstractAutowireCapableBeanFactory.populateBean(AbstractAutowireCapableBeanFactory.java:1416)
	at org.springframework.beans.factory.support.AbstractAutowireCapableBeanFactory.doCreateBean(AbstractAutowireCapableBeanFactory.java:597)
	at org.springframework.beans.factory.support.AbstractAutowireCapableBeanFactory.createBean(AbstractAutowireCapableBeanFactory.java:520)
	at org.springframework.beans.factory.support.AbstractBeanFactory.lambda$doGetBean$0(AbstractBeanFactory.java:325)
	at org.springframework.beans.factory.support.DefaultSingletonBeanRegistry.getSingleton(DefaultSingletonBeanRegistry.java:234)
	at org.springframework.beans.factory.support.AbstractBeanFactory.doGetBean(AbstractBeanFactory.java:323)
	at org.springframework.beans.factory.support.AbstractBeanFactory.getBean(AbstractBeanFactory.java:199)
	at org.springframework.beans.factory.config.DependencyDescriptor.resolveCandidate(DependencyDescriptor.java:254)
	at org.springframework.beans.factory.support.DefaultListableBeanFactory.doResolveDependency(DefaultListableBeanFactory.java:1417)
	at org.springframework.beans.factory.support.DefaultListableBeanFactory.resolveDependency(DefaultListableBeanFactory.java:1337)
	at org.springframework.beans.factory.annotation.AutowiredAnnotationBeanPostProcessor$AutowiredFieldElement.resolveFieldValue(AutowiredAnnotationBeanPostProcessor.java:764)
	at org.springframework.beans.factory.annotation.AutowiredAnnotationBeanPostProcessor$AutowiredFieldElement.inject(AutowiredAnnotationBeanPostProcessor.java:747)
	at org.springframework.beans.factory.annotation.InjectionMetadata.inject(InjectionMetadata.java:145)
	at org.springframework.beans.factory.annotation.AutowiredAnnotationBeanPostProcessor.postProcessProperties(AutowiredAnnotationBeanPostProcessor.java:492)
	at org.springframework.beans.factory.support.AbstractAutowireCapableBeanFactory.populateBean(AbstractAutowireCapableBeanFactory.java:1416)
	at org.springframework.beans.factory.support.AbstractAutowireCapableBeanFactory.doCreateBean(AbstractAutowireCapableBeanFactory.java:597)
	at org.springframework.beans.factory.support.AbstractAutowireCapableBeanFactory.createBean(AbstractAutowireCapableBeanFactory.java:520)
	at org.springframework.beans.factory.support.AbstractBeanFactory.lambda$doGetBean$0(AbstractBeanFactory.java:325)
	at org.springframework.beans.factory.support.DefaultSingletonBeanRegistry.getSingleton(DefaultSingletonBeanRegistry.java:234)
	at org.springframework.beans.factory.support.AbstractBeanFactory.doGetBean(AbstractBeanFactory.java:323)
	at org.springframework.beans.factory.support.AbstractBeanFactory.getBean(AbstractBeanFactory.java:199)
	at org.springframework.beans.factory.support.DefaultListableBeanFactory.preInstantiateSingletons(DefaultListableBeanFactory.java:973)
	at org.springframework.context.support.AbstractApplicationContext.finishBeanFactoryInitialization(AbstractApplicationContext.java:950)
	at org.springframework.context.support.AbstractApplicationContext.refresh(AbstractApplicationContext.java:616)
	at org.springframework.boot.SpringApplication.refresh(SpringApplication.java:738)
	at org.springframework.boot.SpringApplication.refreshContext(SpringApplication.java:440)
	at org.springframework.boot.SpringApplication.run(SpringApplication.java:316)
	at org.springframework.boot.test.context.SpringBootContextLoader.lambda$loadContext$3(SpringBootContextLoader.java:137)
	at org.springframework.util.function.ThrowingSupplier.get(ThrowingSupplier.java:58)
	at org.springframework.util.function.ThrowingSupplier.get(ThrowingSupplier.java:46)
	at org.springframework.boot.SpringApplication.withHook(SpringApplication.java:1406)
	at org.springframework.boot.test.context.SpringBootContextLoader$ContextLoaderHook.run(SpringBootContextLoader.java:545)
	at org.springframework.boot.test.context.SpringBootContextLoader.loadContext(SpringBootContextLoader.java:137)
	at org.springframework.boot.test.context.SpringBootContextLoader.loadContext(SpringBootContextLoader.java:108)
	at org.springframework.test.context.cache.DefaultCacheAwareContextLoaderDelegate.loadContextInternal(DefaultCacheAwareContextLoaderDelegate.java:187)
	at org.springframework.test.context.cache.DefaultCacheAwareContextLoaderDelegate.loadContext(DefaultCacheAwareContextLoaderDelegate.java:119)
	at org.springframework.test.context.support.DefaultTestContext.getApplicationContext(DefaultTestContext.java:127)
	at org.springframework.test.context.web.ServletTestExecutionListener.setUpRequestContextIfNecessary(ServletTestExecutionListener.java:191)
	at org.springframework.test.context.web.ServletTestExecutionListener.prepareTestInstance(ServletTestExecutionListener.java:130)
	at org.springframework.test.context.TestContextManager.prepareTestInstance(TestContextManager.java:241)
	at org.springframework.test.context.junit.jupiter.SpringExtension.postProcessTestInstance(SpringExtension.java:138)
	at org.junit.jupiter.engine.descriptor.ClassBasedTestDescriptor.lambda$invokeTestInstancePostProcessors$10(ClassBasedTestDescriptor.java:377)
	at org.junit.jupiter.engine.descriptor.ClassBasedTestDescriptor.executeAndMaskThrowable(ClassBasedTestDescriptor.java:382)
	at org.junit.jupiter.engine.descriptor.ClassBasedTestDescriptor.lambda$invokeTestInstancePostProcessors$11(ClassBasedTestDescriptor.java:377)
	at java.base/java.util.stream.ReferencePipeline$3$1.accept(ReferencePipeline.java:197)
	at java.base/java.util.stream.ReferencePipeline$2$1.accept(ReferencePipeline.java:179)
	at java.base/java.util.ArrayList$ArrayListSpliterator.forEachRemaining(ArrayList.java:1625)
	at java.base/java.util.stream.AbstractPipeline.copyInto(AbstractPipeline.java:509)
	at java.base/java.util.stream.AbstractPipeline.wrapAndCopyInto(AbstractPipeline.java:499)
	at java.base/java.util.stream.StreamSpliterators$WrappingSpliterator.forEachRemaining(StreamSpliterators.java:310)
	at java.base/java.util.stream.Streams$ConcatSpliterator.forEachRemaining(Streams.java:735)
	at java.base/java.util.stream.Streams$ConcatSpliterator.forEachRemaining(Streams.java:734)
	at java.base/java.util.stream.ReferencePipeline$Head.forEach(ReferencePipeline.java:762)
	at org.junit.jupiter.engine.descriptor.ClassBasedTestDescriptor.invokeTestInstancePostProcessors(ClassBasedTestDescriptor.java:376)
	at org.junit.jupiter.engine.descriptor.ClassBasedTestDescriptor.lambda$instantiateAndPostProcessTestInstance$6(ClassBasedTestDescriptor.java:289)
	at org.junit.platform.engine.support.hierarchical.ThrowableCollector.execute(ThrowableCollector.java:73)
	at org.junit.jupiter.engine.descriptor.ClassBasedTestDescriptor.instantiateAndPostProcessTestInstance(ClassBasedTestDescriptor.java:288)
	at org.junit.jupiter.engine.descriptor.ClassBasedTestDescriptor.lambda$testInstancesProvider$4(ClassBasedTestDescriptor.java:278)
	at java.base/java.util.Optional.orElseGet(Optional.java:364)
	at org.junit.jupiter.engine.descriptor.ClassBasedTestDescriptor.lambda$testInstancesProvider$5(ClassBasedTestDescriptor.java:277)
	at org.junit.jupiter.engine.execution.TestInstancesProvider.getTestInstances(TestInstancesProvider.java:31)
	at org.junit.jupiter.engine.descriptor.TestMethodTestDescriptor.lambda$prepare$0(TestMethodTestDescriptor.java:105)
	at org.junit.platform.engine.support.hierarchical.ThrowableCollector.execute(ThrowableCollector.java:73)
	at org.junit.jupiter.engine.descriptor.TestMethodTestDescriptor.prepare(TestMethodTestDescriptor.java:104)
	at org.junit.jupiter.engine.descriptor.TestMethodTestDescriptor.prepare(TestMethodTestDescriptor.java:68)
	at org.junit.platform.engine.support.hierarchical.NodeTestTask.lambda$prepare$2(NodeTestTask.java:123)
	at org.junit.platform.engine.support.hierarchical.ThrowableCollector.execute(ThrowableCollector.java:73)
	at org.junit.platform.engine.support.hierarchical.NodeTestTask.prepare(NodeTestTask.java:123)
	at org.junit.platform.engine.support.hierarchical.NodeTestTask.execute(NodeTestTask.java:90)
	at java.base/java.util.ArrayList.forEach(ArrayList.java:1511)
	at org.junit.platform.engine.support.hierarchical.SameThreadHierarchicalTestExecutorService.invokeAll(SameThreadHierarchicalTestExecutorService.java:41)
	at org.junit.platform.engine.support.hierarchical.NodeTestTask.lambda$executeRecursively$6(NodeTestTask.java:155)
	at org.junit.platform.engine.support.hierarchical.ThrowableCollector.execute(ThrowableCollector.java:73)
	at org.junit.platform.engine.support.hierarchical.NodeTestTask.lambda$executeRecursively$8(NodeTestTask.java:141)
	at org.junit.platform.engine.support.hierarchical.Node.around(Node.java:137)
	at org.junit.platform.engine.support.hierarchical.NodeTestTask.lambda$executeRecursively$9(NodeTestTask.java:139)
	at org.junit.platform.engine.support.hierarchical.ThrowableCollector.execute(ThrowableCollector.java:73)
	at org.junit.platform.engine.support.hierarchical.NodeTestTask.executeRecursively(NodeTestTask.java:138)
	at org.junit.platform.engine.support.hierarchical.NodeTestTask.execute(NodeTestTask.java:95)
	at java.base/java.util.ArrayList.forEach(ArrayList.java:1511)
	at org.junit.platform.engine.support.hierarchical.SameThreadHierarchicalTestExecutorService.invokeAll(SameThreadHierarchicalTestExecutorService.java:41)
	at org.junit.platform.engine.support.hierarchical.NodeTestTask.lambda$executeRecursively$6(NodeTestTask.java:155)
	at org.junit.platform.engine.support.hierarchical.ThrowableCollector.execute(ThrowableCollector.java:73)
	at org.junit.platform.engine.support.hierarchical.NodeTestTask.lambda$executeRecursively$8(NodeTestTask.java:141)
	at org.junit.platform.engine.support.hierarchical.Node.around(Node.java:137)
	at org.junit.platform.engine.support.hierarchical.NodeTestTask.lambda$executeRecursively$9(NodeTestTask.java:139)
	at org.junit.platform.engine.support.hierarchical.ThrowableCollector.execute(ThrowableCollector.java:73)
	at org.junit.platform.engine.support.hierarchical.NodeTestTask.executeRecursively(NodeTestTask.java:138)
	at org.junit.platform.engine.support.hierarchical.NodeTestTask.execute(NodeTestTask.java:95)
	at org.junit.platform.engine.support.hierarchical.SameThreadHierarchicalTestExecutorService.submit(SameThreadHierarchicalTestExecutorService.java:35)
	at org.junit.platform.engine.support.hierarchical.HierarchicalTestExecutor.execute(HierarchicalTestExecutor.java:57)
	at org.junit.platform.engine.support.hierarchical.HierarchicalTestEngine.execute(HierarchicalTestEngine.java:54)
	at org.junit.platform.launcher.core.EngineExecutionOrchestrator.execute(EngineExecutionOrchestrator.java:147)
	at org.junit.platform.launcher.core.EngineExecutionOrchestrator.execute(EngineExecutionOrchestrator.java:127)
	at org.junit.platform.launcher.core.EngineExecutionOrchestrator.execute(EngineExecutionOrchestrator.java:90)
	at org.junit.platform.launcher.core.EngineExecutionOrchestrator.lambda$execute$0(EngineExecutionOrchestrator.java:55)
	at org.junit.platform.launcher.core.EngineExecutionOrchestrator.withInterceptedStreams(EngineExecutionOrchestrator.java:102)
	at org.junit.platform.launcher.core.EngineExecutionOrchestrator.execute(EngineExecutionOrchestrator.java:54)
	at org.junit.platform.launcher.core.DefaultLauncher.execute(DefaultLauncher.java:114)
	at org.junit.platform.launcher.core.DefaultLauncher.execute(DefaultLauncher.java:86)
	at org.junit.platform.launcher.core.DefaultLauncherSession$DelegatingLauncher.execute(DefaultLauncherSession.java:86)
	at org.apache.maven.surefire.junitplatform.LazyLauncher.execute(LazyLauncher.java:50)
	at org.apache.maven.surefire.junitplatform.JUnitPlatformProvider.execute(JUnitPlatformProvider.java:184)
	at org.apache.maven.surefire.junitplatform.JUnitPlatformProvider.invokeAllTests(JUnitPlatformProvider.java:148)
	at org.apache.maven.surefire.junitplatform.JUnitPlatformProvider.invoke(JUnitPlatformProvider.java:122)
	at org.apache.maven.surefire.booter.ForkedBooter.runSuitesInProcess(ForkedBooter.java:385)
	at org.apache.maven.surefire.booter.ForkedBooter.execute(ForkedBooter.java:162)
	at org.apache.maven.surefire.booter.ForkedBooter.run(ForkedBooter.java:507)
	at org.apache.maven.surefire.booter.ForkedBooter.main(ForkedBooter.java:495)
2023-11-24 12:36:46,737 TRACE o.h.i.SessionImpl [SessionImpl.java:402] Closing session [1ef77377-34aa-4107-b54e-d910edc38717]
2023-11-24 12:36:46,737 TRACE o.h.e.j.i.JdbcCoordinatorImpl [JdbcCoordinatorImpl.java:152] Closing JDBC container [org.hibernate.engine.jdbc.internal.JdbcCoordinatorImpl@75580055]
2023-11-24 12:36:46,737 TRACE o.h.r.j.i.ResourceRegistryStandardImpl [ResourceRegistryStandardImpl.java:329] Releasing JDBC resources
2023-11-24 12:36:46,738 TRACE o.h.r.j.i.LogicalConnectionManagedImpl [LogicalConnectionManagedImpl.java:256] Closing logical connection
2023-11-24 12:36:46,738 TRACE o.h.r.j.i.LogicalConnectionManagedImpl [LogicalConnectionManagedImpl.java:263] Logical connection closed
2023-11-24 12:36:46,738 TRACE o.h.i.SessionFactoryImpl$SessionBuilderImpl [SessionFactoryImpl.java:1298] Opening Hibernate Session.  tenant=null
2023-11-24 12:36:46,738 TRACE o.h.i.SessionImpl [SessionImpl.java:262] Opened Session [2bbf0f38-3c2e-4876-ad97-df1f3f98a5ea] at timestamp: 1700825806738
2023-11-24 12:36:46,739 TRACE o.h.i.SessionImpl [SessionImpl.java:402] Closing session [2bbf0f38-3c2e-4876-ad97-df1f3f98a5ea]
2023-11-24 12:36:46,739 TRACE o.h.e.j.i.JdbcCoordinatorImpl [JdbcCoordinatorImpl.java:152] Closing JDBC container [org.hibernate.engine.jdbc.internal.JdbcCoordinatorImpl@46a3292a]
2023-11-24 12:36:46,739 TRACE o.h.r.j.i.ResourceRegistryStandardImpl [ResourceRegistryStandardImpl.java:329] Releasing JDBC resources
2023-11-24 12:36:46,739 TRACE o.h.r.j.i.LogicalConnectionManagedImpl [LogicalConnectionManagedImpl.java:256] Closing logical connection
2023-11-24 12:36:46,739 TRACE o.h.r.j.i.LogicalConnectionManagedImpl [LogicalConnectionManagedImpl.java:263] Logical connection closed
2023-11-24 12:36:46,741 TRACE o.h.i.SessionFactoryImpl$SessionBuilderImpl [SessionFactoryImpl.java:1298] Opening Hibernate Session.  tenant=null
2023-11-24 12:36:46,742 TRACE o.h.i.SessionImpl [SessionImpl.java:262] Opened Session [7b352ee7-747e-4d93-b780-41f9588ee68d] at timestamp: 1700825806742
2023-11-24 12:36:46,742 DEBUG o.h.r.t.b.j.i.JdbcResourceLocalTransactionCoordinatorImpl [JdbcResourceLocalTransactionCoordinatorImpl.java:310] JDBC transaction marked for rollback-only (exception provided for stack trace)
java.lang.Exception: exception just for purpose of providing stack trace
	at org.hibernate.resource.transaction.backend.jdbc.internal.JdbcResourceLocalTransactionCoordinatorImpl$TransactionDriverControlImpl.markRollbackOnly(JdbcResourceLocalTransactionCoordinatorImpl.java:310)
	at org.hibernate.internal.AbstractSharedSessionContract.buildNamedQuery(AbstractSharedSessionContract.java:1021)
	at org.hibernate.internal.AbstractSharedSessionContract.createNamedQuery(AbstractSharedSessionContract.java:899)
	at org.hibernate.internal.AbstractSharedSessionContract.createNamedQuery(AbstractSharedSessionContract.java:120)
	at jdk.internal.reflect.GeneratedMethodAccessor47.invoke(Unknown Source)
	at java.base/jdk.internal.reflect.DelegatingMethodAccessorImpl.invoke(DelegatingMethodAccessorImpl.java:43)
	at java.base/java.lang.reflect.Method.invoke(Method.java:568)
	at org.springframework.orm.jpa.ExtendedEntityManagerCreator$ExtendedEntityManagerInvocationHandler.invoke(ExtendedEntityManagerCreator.java:360)
	at jdk.proxy2/jdk.proxy2.$Proxy191.createNamedQuery(Unknown Source)
	at org.springframework.data.jpa.repository.query.NamedQuery.hasNamedQuery(NamedQuery.java:113)
	at org.springframework.data.jpa.repository.query.JpaQueryLookupStrategy$DeclaredQueryLookupStrategy.getCountQuery(JpaQueryLookupStrategy.java:204)
	at org.springframework.data.jpa.repository.query.JpaQueryLookupStrategy$DeclaredQueryLookupStrategy.resolveQuery(JpaQueryLookupStrategy.java:171)
	at org.springframework.data.jpa.repository.query.JpaQueryLookupStrategy$CreateIfNotFoundQueryLookupStrategy.resolveQuery(JpaQueryLookupStrategy.java:252)
	at org.springframework.data.jpa.repository.query.JpaQueryLookupStrategy$AbstractQueryLookupStrategy.resolveQuery(JpaQueryLookupStrategy.java:95)
	at org.springframework.data.repository.core.support.QueryExecutorMethodInterceptor.lookupQuery(QueryExecutorMethodInterceptor.java:111)
	at org.springframework.data.repository.core.support.QueryExecutorMethodInterceptor.mapMethodsToQuery(QueryExecutorMethodInterceptor.java:99)
	at org.springframework.data.repository.core.support.QueryExecutorMethodInterceptor.lambda$new$0(QueryExecutorMethodInterceptor.java:88)
	at java.base/java.util.Optional.map(Optional.java:260)
	at org.springframework.data.repository.core.support.QueryExecutorMethodInterceptor.<init>(QueryExecutorMethodInterceptor.java:88)
	at org.springframework.data.repository.core.support.RepositoryFactorySupport.getRepository(RepositoryFactorySupport.java:357)
	at org.springframework.data.repository.core.support.RepositoryFactoryBeanSupport.lambda$afterPropertiesSet$5(RepositoryFactoryBeanSupport.java:279)
	at org.springframework.data.util.Lazy.getNullable(Lazy.java:245)
	at org.springframework.data.util.Lazy.get(Lazy.java:114)
	at org.springframework.data.repository.core.support.RepositoryFactoryBeanSupport.afterPropertiesSet(RepositoryFactoryBeanSupport.java:285)
	at org.springframework.data.jpa.repository.support.JpaRepositoryFactoryBean.afterPropertiesSet(JpaRepositoryFactoryBean.java:132)
	at org.springframework.beans.factory.support.AbstractAutowireCapableBeanFactory.invokeInitMethods(AbstractAutowireCapableBeanFactory.java:1817)
	at org.springframework.beans.factory.support.AbstractAutowireCapableBeanFactory.initializeBean(AbstractAutowireCapableBeanFactory.java:1766)
	at org.springframework.beans.factory.support.AbstractAutowireCapableBeanFactory.doCreateBean(AbstractAutowireCapableBeanFactory.java:598)
	at org.springframework.beans.factory.support.AbstractAutowireCapableBeanFactory.createBean(AbstractAutowireCapableBeanFactory.java:520)
	at org.springframework.beans.factory.support.AbstractBeanFactory.lambda$doGetBean$0(AbstractBeanFactory.java:325)
	at org.springframework.beans.factory.support.DefaultSingletonBeanRegistry.getSingleton(DefaultSingletonBeanRegistry.java:234)
	at org.springframework.beans.factory.support.AbstractBeanFactory.doGetBean(AbstractBeanFactory.java:323)
	at org.springframework.beans.factory.support.AbstractBeanFactory.getBean(AbstractBeanFactory.java:199)
	at org.springframework.beans.factory.config.DependencyDescriptor.resolveCandidate(DependencyDescriptor.java:254)
	at org.springframework.beans.factory.support.DefaultListableBeanFactory.doResolveDependency(DefaultListableBeanFactory.java:1417)
	at org.springframework.beans.factory.support.DefaultListableBeanFactory.resolveDependency(DefaultListableBeanFactory.java:1337)
	at org.springframework.beans.factory.annotation.AutowiredAnnotationBeanPostProcessor$AutowiredFieldElement.resolveFieldValue(AutowiredAnnotationBeanPostProcessor.java:764)
	at org.springframework.beans.factory.annotation.AutowiredAnnotationBeanPostProcessor$AutowiredFieldElement.inject(AutowiredAnnotationBeanPostProcessor.java:747)
	at org.springframework.beans.factory.annotation.InjectionMetadata.inject(InjectionMetadata.java:145)
	at org.springframework.beans.factory.annotation.AutowiredAnnotationBeanPostProcessor.postProcessProperties(AutowiredAnnotationBeanPostProcessor.java:492)
	at org.springframework.beans.factory.support.AbstractAutowireCapableBeanFactory.populateBean(AbstractAutowireCapableBeanFactory.java:1416)
	at org.springframework.beans.factory.support.AbstractAutowireCapableBeanFactory.doCreateBean(AbstractAutowireCapableBeanFactory.java:597)
	at org.springframework.beans.factory.support.AbstractAutowireCapableBeanFactory.createBean(AbstractAutowireCapableBeanFactory.java:520)
	at org.springframework.beans.factory.support.AbstractBeanFactory.lambda$doGetBean$0(AbstractBeanFactory.java:325)
	at org.springframework.beans.factory.support.DefaultSingletonBeanRegistry.getSingleton(DefaultSingletonBeanRegistry.java:234)
	at org.springframework.beans.factory.support.AbstractBeanFactory.doGetBean(AbstractBeanFactory.java:323)
	at org.springframework.beans.factory.support.AbstractBeanFactory.getBean(AbstractBeanFactory.java:199)
	at org.springframework.beans.factory.config.DependencyDescriptor.resolveCandidate(DependencyDescriptor.java:254)
	at org.springframework.beans.factory.support.DefaultListableBeanFactory.doResolveDependency(DefaultListableBeanFactory.java:1417)
	at org.springframework.beans.factory.support.DefaultListableBeanFactory.resolveDependency(DefaultListableBeanFactory.java:1337)
	at org.springframework.beans.factory.annotation.AutowiredAnnotationBeanPostProcessor$AutowiredFieldElement.resolveFieldValue(AutowiredAnnotationBeanPostProcessor.java:764)
	at org.springframework.beans.factory.annotation.AutowiredAnnotationBeanPostProcessor$AutowiredFieldElement.inject(AutowiredAnnotationBeanPostProcessor.java:747)
	at org.springframework.beans.factory.annotation.InjectionMetadata.inject(InjectionMetadata.java:145)
	at org.springframework.beans.factory.annotation.AutowiredAnnotationBeanPostProcessor.postProcessProperties(AutowiredAnnotationBeanPostProcessor.java:492)
	at org.springframework.beans.factory.support.AbstractAutowireCapableBeanFactory.populateBean(AbstractAutowireCapableBeanFactory.java:1416)
	at org.springframework.beans.factory.support.AbstractAutowireCapableBeanFactory.doCreateBean(AbstractAutowireCapableBeanFactory.java:597)
	at org.springframework.beans.factory.support.AbstractAutowireCapableBeanFactory.createBean(AbstractAutowireCapableBeanFactory.java:520)
	at org.springframework.beans.factory.support.AbstractBeanFactory.lambda$doGetBean$0(AbstractBeanFactory.java:325)
	at org.springframework.beans.factory.support.DefaultSingletonBeanRegistry.getSingleton(DefaultSingletonBeanRegistry.java:234)
	at org.springframework.beans.factory.support.AbstractBeanFactory.doGetBean(AbstractBeanFactory.java:323)
	at org.springframework.beans.factory.support.AbstractBeanFactory.getBean(AbstractBeanFactory.java:199)
	at org.springframework.beans.factory.support.DefaultListableBeanFactory.preInstantiateSingletons(DefaultListableBeanFactory.java:973)
	at org.springframework.context.support.AbstractApplicationContext.finishBeanFactoryInitialization(AbstractApplicationContext.java:950)
	at org.springframework.context.support.AbstractApplicationContext.refresh(AbstractApplicationContext.java:616)
	at org.springframework.boot.SpringApplication.refresh(SpringApplication.java:738)
	at org.springframework.boot.SpringApplication.refreshContext(SpringApplication.java:440)
	at org.springframework.boot.SpringApplication.run(SpringApplication.java:316)
	at org.springframework.boot.test.context.SpringBootContextLoader.lambda$loadContext$3(SpringBootContextLoader.java:137)
	at org.springframework.util.function.ThrowingSupplier.get(ThrowingSupplier.java:58)
	at org.springframework.util.function.ThrowingSupplier.get(ThrowingSupplier.java:46)
	at org.springframework.boot.SpringApplication.withHook(SpringApplication.java:1406)
	at org.springframework.boot.test.context.SpringBootContextLoader$ContextLoaderHook.run(SpringBootContextLoader.java:545)
	at org.springframework.boot.test.context.SpringBootContextLoader.loadContext(SpringBootContextLoader.java:137)
	at org.springframework.boot.test.context.SpringBootContextLoader.loadContext(SpringBootContextLoader.java:108)
	at org.springframework.test.context.cache.DefaultCacheAwareContextLoaderDelegate.loadContextInternal(DefaultCacheAwareContextLoaderDelegate.java:187)
	at org.springframework.test.context.cache.DefaultCacheAwareContextLoaderDelegate.loadContext(DefaultCacheAwareContextLoaderDelegate.java:119)
	at org.springframework.test.context.support.DefaultTestContext.getApplicationContext(DefaultTestContext.java:127)
	at org.springframework.test.context.web.ServletTestExecutionListener.setUpRequestContextIfNecessary(ServletTestExecutionListener.java:191)
	at org.springframework.test.context.web.ServletTestExecutionListener.prepareTestInstance(ServletTestExecutionListener.java:130)
	at org.springframework.test.context.TestContextManager.prepareTestInstance(TestContextManager.java:241)
	at org.springframework.test.context.junit.jupiter.SpringExtension.postProcessTestInstance(SpringExtension.java:138)
	at org.junit.jupiter.engine.descriptor.ClassBasedTestDescriptor.lambda$invokeTestInstancePostProcessors$10(ClassBasedTestDescriptor.java:377)
	at org.junit.jupiter.engine.descriptor.ClassBasedTestDescriptor.executeAndMaskThrowable(ClassBasedTestDescriptor.java:382)
	at org.junit.jupiter.engine.descriptor.ClassBasedTestDescriptor.lambda$invokeTestInstancePostProcessors$11(ClassBasedTestDescriptor.java:377)
	at java.base/java.util.stream.ReferencePipeline$3$1.accept(ReferencePipeline.java:197)
	at java.base/java.util.stream.ReferencePipeline$2$1.accept(ReferencePipeline.java:179)
	at java.base/java.util.ArrayList$ArrayListSpliterator.forEachRemaining(ArrayList.java:1625)
	at java.base/java.util.stream.AbstractPipeline.copyInto(AbstractPipeline.java:509)
	at java.base/java.util.stream.AbstractPipeline.wrapAndCopyInto(AbstractPipeline.java:499)
	at java.base/java.util.stream.StreamSpliterators$WrappingSpliterator.forEachRemaining(StreamSpliterators.java:310)
	at java.base/java.util.stream.Streams$ConcatSpliterator.forEachRemaining(Streams.java:735)
	at java.base/java.util.stream.Streams$ConcatSpliterator.forEachRemaining(Streams.java:734)
	at java.base/java.util.stream.ReferencePipeline$Head.forEach(ReferencePipeline.java:762)
	at org.junit.jupiter.engine.descriptor.ClassBasedTestDescriptor.invokeTestInstancePostProcessors(ClassBasedTestDescriptor.java:376)
	at org.junit.jupiter.engine.descriptor.ClassBasedTestDescriptor.lambda$instantiateAndPostProcessTestInstance$6(ClassBasedTestDescriptor.java:289)
	at org.junit.platform.engine.support.hierarchical.ThrowableCollector.execute(ThrowableCollector.java:73)
	at org.junit.jupiter.engine.descriptor.ClassBasedTestDescriptor.instantiateAndPostProcessTestInstance(ClassBasedTestDescriptor.java:288)
	at org.junit.jupiter.engine.descriptor.ClassBasedTestDescriptor.lambda$testInstancesProvider$4(ClassBasedTestDescriptor.java:278)
	at java.base/java.util.Optional.orElseGet(Optional.java:364)
	at org.junit.jupiter.engine.descriptor.ClassBasedTestDescriptor.lambda$testInstancesProvider$5(ClassBasedTestDescriptor.java:277)
	at org.junit.jupiter.engine.execution.TestInstancesProvider.getTestInstances(TestInstancesProvider.java:31)
	at org.junit.jupiter.engine.descriptor.TestMethodTestDescriptor.lambda$prepare$0(TestMethodTestDescriptor.java:105)
	at org.junit.platform.engine.support.hierarchical.ThrowableCollector.execute(ThrowableCollector.java:73)
	at org.junit.jupiter.engine.descriptor.TestMethodTestDescriptor.prepare(TestMethodTestDescriptor.java:104)
	at org.junit.jupiter.engine.descriptor.TestMethodTestDescriptor.prepare(TestMethodTestDescriptor.java:68)
	at org.junit.platform.engine.support.hierarchical.NodeTestTask.lambda$prepare$2(NodeTestTask.java:123)
	at org.junit.platform.engine.support.hierarchical.ThrowableCollector.execute(ThrowableCollector.java:73)
	at org.junit.platform.engine.support.hierarchical.NodeTestTask.prepare(NodeTestTask.java:123)
	at org.junit.platform.engine.support.hierarchical.NodeTestTask.execute(NodeTestTask.java:90)
	at java.base/java.util.ArrayList.forEach(ArrayList.java:1511)
	at org.junit.platform.engine.support.hierarchical.SameThreadHierarchicalTestExecutorService.invokeAll(SameThreadHierarchicalTestExecutorService.java:41)
	at org.junit.platform.engine.support.hierarchical.NodeTestTask.lambda$executeRecursively$6(NodeTestTask.java:155)
	at org.junit.platform.engine.support.hierarchical.ThrowableCollector.execute(ThrowableCollector.java:73)
	at org.junit.platform.engine.support.hierarchical.NodeTestTask.lambda$executeRecursively$8(NodeTestTask.java:141)
	at org.junit.platform.engine.support.hierarchical.Node.around(Node.java:137)
	at org.junit.platform.engine.support.hierarchical.NodeTestTask.lambda$executeRecursively$9(NodeTestTask.java:139)
	at org.junit.platform.engine.support.hierarchical.ThrowableCollector.execute(ThrowableCollector.java:73)
	at org.junit.platform.engine.support.hierarchical.NodeTestTask.executeRecursively(NodeTestTask.java:138)
	at org.junit.platform.engine.support.hierarchical.NodeTestTask.execute(NodeTestTask.java:95)
	at java.base/java.util.ArrayList.forEach(ArrayList.java:1511)
	at org.junit.platform.engine.support.hierarchical.SameThreadHierarchicalTestExecutorService.invokeAll(SameThreadHierarchicalTestExecutorService.java:41)
	at org.junit.platform.engine.support.hierarchical.NodeTestTask.lambda$executeRecursively$6(NodeTestTask.java:155)
	at org.junit.platform.engine.support.hierarchical.ThrowableCollector.execute(ThrowableCollector.java:73)
	at org.junit.platform.engine.support.hierarchical.NodeTestTask.lambda$executeRecursively$8(NodeTestTask.java:141)
	at org.junit.platform.engine.support.hierarchical.Node.around(Node.java:137)
	at org.junit.platform.engine.support.hierarchical.NodeTestTask.lambda$executeRecursively$9(NodeTestTask.java:139)
	at org.junit.platform.engine.support.hierarchical.ThrowableCollector.execute(ThrowableCollector.java:73)
	at org.junit.platform.engine.support.hierarchical.NodeTestTask.executeRecursively(NodeTestTask.java:138)
	at org.junit.platform.engine.support.hierarchical.NodeTestTask.execute(NodeTestTask.java:95)
	at org.junit.platform.engine.support.hierarchical.SameThreadHierarchicalTestExecutorService.submit(SameThreadHierarchicalTestExecutorService.java:35)
	at org.junit.platform.engine.support.hierarchical.HierarchicalTestExecutor.execute(HierarchicalTestExecutor.java:57)
	at org.junit.platform.engine.support.hierarchical.HierarchicalTestEngine.execute(HierarchicalTestEngine.java:54)
	at org.junit.platform.launcher.core.EngineExecutionOrchestrator.execute(EngineExecutionOrchestrator.java:147)
	at org.junit.platform.launcher.core.EngineExecutionOrchestrator.execute(EngineExecutionOrchestrator.java:127)
	at org.junit.platform.launcher.core.EngineExecutionOrchestrator.execute(EngineExecutionOrchestrator.java:90)
	at org.junit.platform.launcher.core.EngineExecutionOrchestrator.lambda$execute$0(EngineExecutionOrchestrator.java:55)
	at org.junit.platform.launcher.core.EngineExecutionOrchestrator.withInterceptedStreams(EngineExecutionOrchestrator.java:102)
	at org.junit.platform.launcher.core.EngineExecutionOrchestrator.execute(EngineExecutionOrchestrator.java:54)
	at org.junit.platform.launcher.core.DefaultLauncher.execute(DefaultLauncher.java:114)
	at org.junit.platform.launcher.core.DefaultLauncher.execute(DefaultLauncher.java:86)
	at org.junit.platform.launcher.core.DefaultLauncherSession$DelegatingLauncher.execute(DefaultLauncherSession.java:86)
	at org.apache.maven.surefire.junitplatform.LazyLauncher.execute(LazyLauncher.java:50)
	at org.apache.maven.surefire.junitplatform.JUnitPlatformProvider.execute(JUnitPlatformProvider.java:184)
	at org.apache.maven.surefire.junitplatform.JUnitPlatformProvider.invokeAllTests(JUnitPlatformProvider.java:148)
	at org.apache.maven.surefire.junitplatform.JUnitPlatformProvider.invoke(JUnitPlatformProvider.java:122)
	at org.apache.maven.surefire.booter.ForkedBooter.runSuitesInProcess(ForkedBooter.java:385)
	at org.apache.maven.surefire.booter.ForkedBooter.execute(ForkedBooter.java:162)
	at org.apache.maven.surefire.booter.ForkedBooter.run(ForkedBooter.java:507)
	at org.apache.maven.surefire.booter.ForkedBooter.main(ForkedBooter.java:495)
2023-11-24 12:36:46,742 TRACE o.h.i.SessionImpl [SessionImpl.java:402] Closing session [7b352ee7-747e-4d93-b780-41f9588ee68d]
2023-11-24 12:36:46,743 TRACE o.h.e.j.i.JdbcCoordinatorImpl [JdbcCoordinatorImpl.java:152] Closing JDBC container [org.hibernate.engine.jdbc.internal.JdbcCoordinatorImpl@2e1a38b5]
2023-11-24 12:36:46,743 TRACE o.h.r.j.i.ResourceRegistryStandardImpl [ResourceRegistryStandardImpl.java:329] Releasing JDBC resources
2023-11-24 12:36:46,743 TRACE o.h.r.j.i.LogicalConnectionManagedImpl [LogicalConnectionManagedImpl.java:256] Closing logical connection
2023-11-24 12:36:46,743 TRACE o.h.r.j.i.LogicalConnectionManagedImpl [LogicalConnectionManagedImpl.java:263] Logical connection closed
2023-11-24 12:36:46,743 TRACE o.h.i.SessionFactoryImpl$SessionBuilderImpl [SessionFactoryImpl.java:1298] Opening Hibernate Session.  tenant=null
2023-11-24 12:36:46,743 TRACE o.h.i.SessionImpl [SessionImpl.java:262] Opened Session [4805a10a-d883-44a9-8618-a58191c5a6ae] at timestamp: 1700825806743
2023-11-24 12:36:46,744 TRACE o.h.i.SessionImpl [SessionImpl.java:402] Closing session [4805a10a-d883-44a9-8618-a58191c5a6ae]
2023-11-24 12:36:46,744 TRACE o.h.e.j.i.JdbcCoordinatorImpl [JdbcCoordinatorImpl.java:152] Closing JDBC container [org.hibernate.engine.jdbc.internal.JdbcCoordinatorImpl@1bf5cf8b]
2023-11-24 12:36:46,744 TRACE o.h.r.j.i.ResourceRegistryStandardImpl [ResourceRegistryStandardImpl.java:329] Releasing JDBC resources
2023-11-24 12:36:46,744 TRACE o.h.r.j.i.LogicalConnectionManagedImpl [LogicalConnectionManagedImpl.java:256] Closing logical connection
2023-11-24 12:36:46,744 TRACE o.h.r.j.i.LogicalConnectionManagedImpl [LogicalConnectionManagedImpl.java:263] Logical connection closed
2023-11-24 12:36:46,745 TRACE o.h.i.SessionFactoryImpl$SessionBuilderImpl [SessionFactoryImpl.java:1298] Opening Hibernate Session.  tenant=null
2023-11-24 12:36:46,745 TRACE o.h.i.SessionImpl [SessionImpl.java:262] Opened Session [834ecbac-b61e-4de4-86f7-5ec1aa1819a0] at timestamp: 1700825806745
2023-11-24 12:36:46,746 TRACE o.h.o.q.p.cache [QueryInterpretationCacheStandardImpl.java:121] QueryPlan#resolveHqlInterpretation( `UPDATE User SET enabled = :enabled WHERE id = :id` )
2023-11-24 12:36:46,746 DEBUG o.h.o.q.hql [StandardHqlTranslator.java:75] HQL : UPDATE User SET enabled = :enabled WHERE id = :id
2023-11-24 12:36:46,746 DEBUG o.h.o.q.h.reservedWordAsIdentifier [HqlParseTreeBuilder.java:43] Encountered use of reserved word as identifier : =
2023-11-24 12:36:46,747 DEBUG o.h.o.q.h.reservedWordAsIdentifier [HqlParseTreeBuilder.java:43] Encountered use of reserved word as identifier : <EOF>
2023-11-24 12:36:46,747 TRACE o.h.o.q.s.creation [SqmPathRegistryImpl.java:59] SqmProcessingIndex#register(SqmPath) : franco.maurizio.hr.desk.com.persistence.entity.User(961690711028354)
2023-11-24 12:36:46,747 TRACE o.h.o.q.hql [BasicDotIdentifierConsumer.java:83] BasicDotIdentifierHandler#consumeIdentifier( enabled, true, true ) - enabled
2023-11-24 12:36:46,748 TRACE o.h.o.q.hql [BasicDotIdentifierConsumer.java:118] BaseLocalSequencePart#consumeIdentifier( enabled, true, true ) - enabled
2023-11-24 12:36:46,748 DEBUG o.h.o.q.hql [SqmPathRegistryImpl.java:209] Unable to resolve unqualified attribute [enabled] in local from-clause
2023-11-24 12:36:46,748 DEBUG o.h.o.q.s.creation [AbstractSqmExpression.java:57] Applying inferable type to SqmExpression [SqmNamedParameter(enabled)] : null -> BasicSqmPathSource(enabled : Boolean)
2023-11-24 12:36:46,749 TRACE o.h.o.q.hql [BasicDotIdentifierConsumer.java:83] BasicDotIdentifierHandler#consumeIdentifier( id, true, true ) - id
2023-11-24 12:36:46,749 TRACE o.h.o.q.hql [BasicDotIdentifierConsumer.java:118] BaseLocalSequencePart#consumeIdentifier( id, true, true ) - id
2023-11-24 12:36:46,749 DEBUG o.h.o.q.hql [SqmPathRegistryImpl.java:209] Unable to resolve unqualified attribute [id] in local from-clause
2023-11-24 12:36:46,750 DEBUG o.h.o.q.s.creation [AbstractSqmExpression.java:57] Applying inferable type to SqmExpression [SqmNamedParameter(id)] : null -> BasicSqmPathSource(id : Long)
2023-11-24 12:36:46,750 DEBUG o.h.o.q.s.ast [SqmTreePrinter.java:168] SqmStatement Tree :
    -> [update]
      [target = franco.maurizio.hr.desk.com.persistence.entity.User(961690711028354)]
      -> [set]
        -> [assignment]
          =
            [franco.maurizio.hr.desk.com.persistence.entity.User(961690711028354).enabled]
            :enabled
        <- [assignment]
      <- [set]
      -> [where]
        -> [EQUAL]
            -> [basic-path] - `franco.maurizio.hr.desk.com.persistence.entity.User(961690711028354).id`
            :id
        <- [EQUAL]
      <- [where]
    <- [update]

2023-11-24 12:36:46,750 TRACE o.h.i.SessionImpl [SessionImpl.java:402] Closing session [834ecbac-b61e-4de4-86f7-5ec1aa1819a0]
2023-11-24 12:36:46,751 TRACE o.h.e.j.i.JdbcCoordinatorImpl [JdbcCoordinatorImpl.java:152] Closing JDBC container [org.hibernate.engine.jdbc.internal.JdbcCoordinatorImpl@390549f]
2023-11-24 12:36:46,751 TRACE o.h.r.j.i.ResourceRegistryStandardImpl [ResourceRegistryStandardImpl.java:329] Releasing JDBC resources
2023-11-24 12:36:46,751 TRACE o.h.r.j.i.LogicalConnectionManagedImpl [LogicalConnectionManagedImpl.java:256] Closing logical connection
2023-11-24 12:36:46,751 TRACE o.h.r.j.i.LogicalConnectionManagedImpl [LogicalConnectionManagedImpl.java:263] Logical connection closed
2023-11-24 12:36:46,752 TRACE o.h.i.SessionFactoryImpl$SessionBuilderImpl [SessionFactoryImpl.java:1298] Opening Hibernate Session.  tenant=null
2023-11-24 12:36:46,753 TRACE o.h.i.SessionImpl [SessionImpl.java:262] Opened Session [a3688739-06c3-42a0-a376-8e7003e6296a] at timestamp: 1700825806753
2023-11-24 12:36:46,753 DEBUG o.h.r.t.b.j.i.JdbcResourceLocalTransactionCoordinatorImpl [JdbcResourceLocalTransactionCoordinatorImpl.java:310] JDBC transaction marked for rollback-only (exception provided for stack trace)
java.lang.Exception: exception just for purpose of providing stack trace
	at org.hibernate.resource.transaction.backend.jdbc.internal.JdbcResourceLocalTransactionCoordinatorImpl$TransactionDriverControlImpl.markRollbackOnly(JdbcResourceLocalTransactionCoordinatorImpl.java:310)
	at org.hibernate.internal.AbstractSharedSessionContract.buildNamedQuery(AbstractSharedSessionContract.java:1021)
	at org.hibernate.internal.AbstractSharedSessionContract.createNamedQuery(AbstractSharedSessionContract.java:899)
	at org.hibernate.internal.AbstractSharedSessionContract.createNamedQuery(AbstractSharedSessionContract.java:120)
	at jdk.internal.reflect.GeneratedMethodAccessor47.invoke(Unknown Source)
	at java.base/jdk.internal.reflect.DelegatingMethodAccessorImpl.invoke(DelegatingMethodAccessorImpl.java:43)
	at java.base/java.lang.reflect.Method.invoke(Method.java:568)
	at org.springframework.orm.jpa.ExtendedEntityManagerCreator$ExtendedEntityManagerInvocationHandler.invoke(ExtendedEntityManagerCreator.java:360)
	at jdk.proxy2/jdk.proxy2.$Proxy191.createNamedQuery(Unknown Source)
	at org.springframework.data.jpa.repository.query.NamedQuery.hasNamedQuery(NamedQuery.java:113)
	at org.springframework.data.jpa.repository.query.NamedQuery.lookupFrom(NamedQuery.java:141)
	at org.springframework.data.jpa.repository.query.JpaQueryLookupStrategy$DeclaredQueryLookupStrategy.resolveQuery(JpaQueryLookupStrategy.java:180)
	at org.springframework.data.jpa.repository.query.JpaQueryLookupStrategy$CreateIfNotFoundQueryLookupStrategy.resolveQuery(JpaQueryLookupStrategy.java:252)
	at org.springframework.data.jpa.repository.query.JpaQueryLookupStrategy$AbstractQueryLookupStrategy.resolveQuery(JpaQueryLookupStrategy.java:95)
	at org.springframework.data.repository.core.support.QueryExecutorMethodInterceptor.lookupQuery(QueryExecutorMethodInterceptor.java:111)
	at org.springframework.data.repository.core.support.QueryExecutorMethodInterceptor.mapMethodsToQuery(QueryExecutorMethodInterceptor.java:99)
	at org.springframework.data.repository.core.support.QueryExecutorMethodInterceptor.lambda$new$0(QueryExecutorMethodInterceptor.java:88)
	at java.base/java.util.Optional.map(Optional.java:260)
	at org.springframework.data.repository.core.support.QueryExecutorMethodInterceptor.<init>(QueryExecutorMethodInterceptor.java:88)
	at org.springframework.data.repository.core.support.RepositoryFactorySupport.getRepository(RepositoryFactorySupport.java:357)
	at org.springframework.data.repository.core.support.RepositoryFactoryBeanSupport.lambda$afterPropertiesSet$5(RepositoryFactoryBeanSupport.java:279)
	at org.springframework.data.util.Lazy.getNullable(Lazy.java:245)
	at org.springframework.data.util.Lazy.get(Lazy.java:114)
	at org.springframework.data.repository.core.support.RepositoryFactoryBeanSupport.afterPropertiesSet(RepositoryFactoryBeanSupport.java:285)
	at org.springframework.data.jpa.repository.support.JpaRepositoryFactoryBean.afterPropertiesSet(JpaRepositoryFactoryBean.java:132)
	at org.springframework.beans.factory.support.AbstractAutowireCapableBeanFactory.invokeInitMethods(AbstractAutowireCapableBeanFactory.java:1817)
	at org.springframework.beans.factory.support.AbstractAutowireCapableBeanFactory.initializeBean(AbstractAutowireCapableBeanFactory.java:1766)
	at org.springframework.beans.factory.support.AbstractAutowireCapableBeanFactory.doCreateBean(AbstractAutowireCapableBeanFactory.java:598)
	at org.springframework.beans.factory.support.AbstractAutowireCapableBeanFactory.createBean(AbstractAutowireCapableBeanFactory.java:520)
	at org.springframework.beans.factory.support.AbstractBeanFactory.lambda$doGetBean$0(AbstractBeanFactory.java:325)
	at org.springframework.beans.factory.support.DefaultSingletonBeanRegistry.getSingleton(DefaultSingletonBeanRegistry.java:234)
	at org.springframework.beans.factory.support.AbstractBeanFactory.doGetBean(AbstractBeanFactory.java:323)
	at org.springframework.beans.factory.support.AbstractBeanFactory.getBean(AbstractBeanFactory.java:199)
	at org.springframework.beans.factory.config.DependencyDescriptor.resolveCandidate(DependencyDescriptor.java:254)
	at org.springframework.beans.factory.support.DefaultListableBeanFactory.doResolveDependency(DefaultListableBeanFactory.java:1417)
	at org.springframework.beans.factory.support.DefaultListableBeanFactory.resolveDependency(DefaultListableBeanFactory.java:1337)
	at org.springframework.beans.factory.annotation.AutowiredAnnotationBeanPostProcessor$AutowiredFieldElement.resolveFieldValue(AutowiredAnnotationBeanPostProcessor.java:764)
	at org.springframework.beans.factory.annotation.AutowiredAnnotationBeanPostProcessor$AutowiredFieldElement.inject(AutowiredAnnotationBeanPostProcessor.java:747)
	at org.springframework.beans.factory.annotation.InjectionMetadata.inject(InjectionMetadata.java:145)
	at org.springframework.beans.factory.annotation.AutowiredAnnotationBeanPostProcessor.postProcessProperties(AutowiredAnnotationBeanPostProcessor.java:492)
	at org.springframework.beans.factory.support.AbstractAutowireCapableBeanFactory.populateBean(AbstractAutowireCapableBeanFactory.java:1416)
	at org.springframework.beans.factory.support.AbstractAutowireCapableBeanFactory.doCreateBean(AbstractAutowireCapableBeanFactory.java:597)
	at org.springframework.beans.factory.support.AbstractAutowireCapableBeanFactory.createBean(AbstractAutowireCapableBeanFactory.java:520)
	at org.springframework.beans.factory.support.AbstractBeanFactory.lambda$doGetBean$0(AbstractBeanFactory.java:325)
	at org.springframework.beans.factory.support.DefaultSingletonBeanRegistry.getSingleton(DefaultSingletonBeanRegistry.java:234)
	at org.springframework.beans.factory.support.AbstractBeanFactory.doGetBean(AbstractBeanFactory.java:323)
	at org.springframework.beans.factory.support.AbstractBeanFactory.getBean(AbstractBeanFactory.java:199)
	at org.springframework.beans.factory.config.DependencyDescriptor.resolveCandidate(DependencyDescriptor.java:254)
	at org.springframework.beans.factory.support.DefaultListableBeanFactory.doResolveDependency(DefaultListableBeanFactory.java:1417)
	at org.springframework.beans.factory.support.DefaultListableBeanFactory.resolveDependency(DefaultListableBeanFactory.java:1337)
	at org.springframework.beans.factory.annotation.AutowiredAnnotationBeanPostProcessor$AutowiredFieldElement.resolveFieldValue(AutowiredAnnotationBeanPostProcessor.java:764)
	at org.springframework.beans.factory.annotation.AutowiredAnnotationBeanPostProcessor$AutowiredFieldElement.inject(AutowiredAnnotationBeanPostProcessor.java:747)
	at org.springframework.beans.factory.annotation.InjectionMetadata.inject(InjectionMetadata.java:145)
	at org.springframework.beans.factory.annotation.AutowiredAnnotationBeanPostProcessor.postProcessProperties(AutowiredAnnotationBeanPostProcessor.java:492)
	at org.springframework.beans.factory.support.AbstractAutowireCapableBeanFactory.populateBean(AbstractAutowireCapableBeanFactory.java:1416)
	at org.springframework.beans.factory.support.AbstractAutowireCapableBeanFactory.doCreateBean(AbstractAutowireCapableBeanFactory.java:597)
	at org.springframework.beans.factory.support.AbstractAutowireCapableBeanFactory.createBean(AbstractAutowireCapableBeanFactory.java:520)
	at org.springframework.beans.factory.support.AbstractBeanFactory.lambda$doGetBean$0(AbstractBeanFactory.java:325)
	at org.springframework.beans.factory.support.DefaultSingletonBeanRegistry.getSingleton(DefaultSingletonBeanRegistry.java:234)
	at org.springframework.beans.factory.support.AbstractBeanFactory.doGetBean(AbstractBeanFactory.java:323)
	at org.springframework.beans.factory.support.AbstractBeanFactory.getBean(AbstractBeanFactory.java:199)
	at org.springframework.beans.factory.support.DefaultListableBeanFactory.preInstantiateSingletons(DefaultListableBeanFactory.java:973)
	at org.springframework.context.support.AbstractApplicationContext.finishBeanFactoryInitialization(AbstractApplicationContext.java:950)
	at org.springframework.context.support.AbstractApplicationContext.refresh(AbstractApplicationContext.java:616)
	at org.springframework.boot.SpringApplication.refresh(SpringApplication.java:738)
	at org.springframework.boot.SpringApplication.refreshContext(SpringApplication.java:440)
	at org.springframework.boot.SpringApplication.run(SpringApplication.java:316)
	at org.springframework.boot.test.context.SpringBootContextLoader.lambda$loadContext$3(SpringBootContextLoader.java:137)
	at org.springframework.util.function.ThrowingSupplier.get(ThrowingSupplier.java:58)
	at org.springframework.util.function.ThrowingSupplier.get(ThrowingSupplier.java:46)
	at org.springframework.boot.SpringApplication.withHook(SpringApplication.java:1406)
	at org.springframework.boot.test.context.SpringBootContextLoader$ContextLoaderHook.run(SpringBootContextLoader.java:545)
	at org.springframework.boot.test.context.SpringBootContextLoader.loadContext(SpringBootContextLoader.java:137)
	at org.springframework.boot.test.context.SpringBootContextLoader.loadContext(SpringBootContextLoader.java:108)
	at org.springframework.test.context.cache.DefaultCacheAwareContextLoaderDelegate.loadContextInternal(DefaultCacheAwareContextLoaderDelegate.java:187)
	at org.springframework.test.context.cache.DefaultCacheAwareContextLoaderDelegate.loadContext(DefaultCacheAwareContextLoaderDelegate.java:119)
	at org.springframework.test.context.support.DefaultTestContext.getApplicationContext(DefaultTestContext.java:127)
	at org.springframework.test.context.web.ServletTestExecutionListener.setUpRequestContextIfNecessary(ServletTestExecutionListener.java:191)
	at org.springframework.test.context.web.ServletTestExecutionListener.prepareTestInstance(ServletTestExecutionListener.java:130)
	at org.springframework.test.context.TestContextManager.prepareTestInstance(TestContextManager.java:241)
	at org.springframework.test.context.junit.jupiter.SpringExtension.postProcessTestInstance(SpringExtension.java:138)
	at org.junit.jupiter.engine.descriptor.ClassBasedTestDescriptor.lambda$invokeTestInstancePostProcessors$10(ClassBasedTestDescriptor.java:377)
	at org.junit.jupiter.engine.descriptor.ClassBasedTestDescriptor.executeAndMaskThrowable(ClassBasedTestDescriptor.java:382)
	at org.junit.jupiter.engine.descriptor.ClassBasedTestDescriptor.lambda$invokeTestInstancePostProcessors$11(ClassBasedTestDescriptor.java:377)
	at java.base/java.util.stream.ReferencePipeline$3$1.accept(ReferencePipeline.java:197)
	at java.base/java.util.stream.ReferencePipeline$2$1.accept(ReferencePipeline.java:179)
	at java.base/java.util.ArrayList$ArrayListSpliterator.forEachRemaining(ArrayList.java:1625)
	at java.base/java.util.stream.AbstractPipeline.copyInto(AbstractPipeline.java:509)
	at java.base/java.util.stream.AbstractPipeline.wrapAndCopyInto(AbstractPipeline.java:499)
	at java.base/java.util.stream.StreamSpliterators$WrappingSpliterator.forEachRemaining(StreamSpliterators.java:310)
	at java.base/java.util.stream.Streams$ConcatSpliterator.forEachRemaining(Streams.java:735)
	at java.base/java.util.stream.Streams$ConcatSpliterator.forEachRemaining(Streams.java:734)
	at java.base/java.util.stream.ReferencePipeline$Head.forEach(ReferencePipeline.java:762)
	at org.junit.jupiter.engine.descriptor.ClassBasedTestDescriptor.invokeTestInstancePostProcessors(ClassBasedTestDescriptor.java:376)
	at org.junit.jupiter.engine.descriptor.ClassBasedTestDescriptor.lambda$instantiateAndPostProcessTestInstance$6(ClassBasedTestDescriptor.java:289)
	at org.junit.platform.engine.support.hierarchical.ThrowableCollector.execute(ThrowableCollector.java:73)
	at org.junit.jupiter.engine.descriptor.ClassBasedTestDescriptor.instantiateAndPostProcessTestInstance(ClassBasedTestDescriptor.java:288)
	at org.junit.jupiter.engine.descriptor.ClassBasedTestDescriptor.lambda$testInstancesProvider$4(ClassBasedTestDescriptor.java:278)
	at java.base/java.util.Optional.orElseGet(Optional.java:364)
	at org.junit.jupiter.engine.descriptor.ClassBasedTestDescriptor.lambda$testInstancesProvider$5(ClassBasedTestDescriptor.java:277)
	at org.junit.jupiter.engine.execution.TestInstancesProvider.getTestInstances(TestInstancesProvider.java:31)
	at org.junit.jupiter.engine.descriptor.TestMethodTestDescriptor.lambda$prepare$0(TestMethodTestDescriptor.java:105)
	at org.junit.platform.engine.support.hierarchical.ThrowableCollector.execute(ThrowableCollector.java:73)
	at org.junit.jupiter.engine.descriptor.TestMethodTestDescriptor.prepare(TestMethodTestDescriptor.java:104)
	at org.junit.jupiter.engine.descriptor.TestMethodTestDescriptor.prepare(TestMethodTestDescriptor.java:68)
	at org.junit.platform.engine.support.hierarchical.NodeTestTask.lambda$prepare$2(NodeTestTask.java:123)
	at org.junit.platform.engine.support.hierarchical.ThrowableCollector.execute(ThrowableCollector.java:73)
	at org.junit.platform.engine.support.hierarchical.NodeTestTask.prepare(NodeTestTask.java:123)
	at org.junit.platform.engine.support.hierarchical.NodeTestTask.execute(NodeTestTask.java:90)
	at java.base/java.util.ArrayList.forEach(ArrayList.java:1511)
	at org.junit.platform.engine.support.hierarchical.SameThreadHierarchicalTestExecutorService.invokeAll(SameThreadHierarchicalTestExecutorService.java:41)
	at org.junit.platform.engine.support.hierarchical.NodeTestTask.lambda$executeRecursively$6(NodeTestTask.java:155)
	at org.junit.platform.engine.support.hierarchical.ThrowableCollector.execute(ThrowableCollector.java:73)
	at org.junit.platform.engine.support.hierarchical.NodeTestTask.lambda$executeRecursively$8(NodeTestTask.java:141)
	at org.junit.platform.engine.support.hierarchical.Node.around(Node.java:137)
	at org.junit.platform.engine.support.hierarchical.NodeTestTask.lambda$executeRecursively$9(NodeTestTask.java:139)
	at org.junit.platform.engine.support.hierarchical.ThrowableCollector.execute(ThrowableCollector.java:73)
	at org.junit.platform.engine.support.hierarchical.NodeTestTask.executeRecursively(NodeTestTask.java:138)
	at org.junit.platform.engine.support.hierarchical.NodeTestTask.execute(NodeTestTask.java:95)
	at java.base/java.util.ArrayList.forEach(ArrayList.java:1511)
	at org.junit.platform.engine.support.hierarchical.SameThreadHierarchicalTestExecutorService.invokeAll(SameThreadHierarchicalTestExecutorService.java:41)
	at org.junit.platform.engine.support.hierarchical.NodeTestTask.lambda$executeRecursively$6(NodeTestTask.java:155)
	at org.junit.platform.engine.support.hierarchical.ThrowableCollector.execute(ThrowableCollector.java:73)
	at org.junit.platform.engine.support.hierarchical.NodeTestTask.lambda$executeRecursively$8(NodeTestTask.java:141)
	at org.junit.platform.engine.support.hierarchical.Node.around(Node.java:137)
	at org.junit.platform.engine.support.hierarchical.NodeTestTask.lambda$executeRecursively$9(NodeTestTask.java:139)
	at org.junit.platform.engine.support.hierarchical.ThrowableCollector.execute(ThrowableCollector.java:73)
	at org.junit.platform.engine.support.hierarchical.NodeTestTask.executeRecursively(NodeTestTask.java:138)
	at org.junit.platform.engine.support.hierarchical.NodeTestTask.execute(NodeTestTask.java:95)
	at org.junit.platform.engine.support.hierarchical.SameThreadHierarchicalTestExecutorService.submit(SameThreadHierarchicalTestExecutorService.java:35)
	at org.junit.platform.engine.support.hierarchical.HierarchicalTestExecutor.execute(HierarchicalTestExecutor.java:57)
	at org.junit.platform.engine.support.hierarchical.HierarchicalTestEngine.execute(HierarchicalTestEngine.java:54)
	at org.junit.platform.launcher.core.EngineExecutionOrchestrator.execute(EngineExecutionOrchestrator.java:147)
	at org.junit.platform.launcher.core.EngineExecutionOrchestrator.execute(EngineExecutionOrchestrator.java:127)
	at org.junit.platform.launcher.core.EngineExecutionOrchestrator.execute(EngineExecutionOrchestrator.java:90)
	at org.junit.platform.launcher.core.EngineExecutionOrchestrator.lambda$execute$0(EngineExecutionOrchestrator.java:55)
	at org.junit.platform.launcher.core.EngineExecutionOrchestrator.withInterceptedStreams(EngineExecutionOrchestrator.java:102)
	at org.junit.platform.launcher.core.EngineExecutionOrchestrator.execute(EngineExecutionOrchestrator.java:54)
	at org.junit.platform.launcher.core.DefaultLauncher.execute(DefaultLauncher.java:114)
	at org.junit.platform.launcher.core.DefaultLauncher.execute(DefaultLauncher.java:86)
	at org.junit.platform.launcher.core.DefaultLauncherSession$DelegatingLauncher.execute(DefaultLauncherSession.java:86)
	at org.apache.maven.surefire.junitplatform.LazyLauncher.execute(LazyLauncher.java:50)
	at org.apache.maven.surefire.junitplatform.JUnitPlatformProvider.execute(JUnitPlatformProvider.java:184)
	at org.apache.maven.surefire.junitplatform.JUnitPlatformProvider.invokeAllTests(JUnitPlatformProvider.java:148)
	at org.apache.maven.surefire.junitplatform.JUnitPlatformProvider.invoke(JUnitPlatformProvider.java:122)
	at org.apache.maven.surefire.booter.ForkedBooter.runSuitesInProcess(ForkedBooter.java:385)
	at org.apache.maven.surefire.booter.ForkedBooter.execute(ForkedBooter.java:162)
	at org.apache.maven.surefire.booter.ForkedBooter.run(ForkedBooter.java:507)
	at org.apache.maven.surefire.booter.ForkedBooter.main(ForkedBooter.java:495)
2023-11-24 12:36:46,754 TRACE o.h.i.SessionImpl [SessionImpl.java:402] Closing session [a3688739-06c3-42a0-a376-8e7003e6296a]
2023-11-24 12:36:46,754 TRACE o.h.e.j.i.JdbcCoordinatorImpl [JdbcCoordinatorImpl.java:152] Closing JDBC container [org.hibernate.engine.jdbc.internal.JdbcCoordinatorImpl@7e3b827a]
2023-11-24 12:36:46,755 TRACE o.h.r.j.i.ResourceRegistryStandardImpl [ResourceRegistryStandardImpl.java:329] Releasing JDBC resources
2023-11-24 12:36:46,755 TRACE o.h.r.j.i.LogicalConnectionManagedImpl [LogicalConnectionManagedImpl.java:256] Closing logical connection
2023-11-24 12:36:46,755 TRACE o.h.r.j.i.LogicalConnectionManagedImpl [LogicalConnectionManagedImpl.java:263] Logical connection closed
2023-11-24 12:36:46,755 TRACE o.h.i.SessionFactoryImpl$SessionBuilderImpl [SessionFactoryImpl.java:1298] Opening Hibernate Session.  tenant=null
2023-11-24 12:36:46,756 TRACE o.h.i.SessionImpl [SessionImpl.java:262] Opened Session [e6fddebb-f073-4a7e-8b41-35c80d3d47a1] at timestamp: 1700825806756
2023-11-24 12:36:46,757 TRACE o.h.i.SessionImpl [SessionImpl.java:402] Closing session [e6fddebb-f073-4a7e-8b41-35c80d3d47a1]
2023-11-24 12:36:46,757 TRACE o.h.e.j.i.JdbcCoordinatorImpl [JdbcCoordinatorImpl.java:152] Closing JDBC container [org.hibernate.engine.jdbc.internal.JdbcCoordinatorImpl@63bad700]
2023-11-24 12:36:46,758 TRACE o.h.r.j.i.ResourceRegistryStandardImpl [ResourceRegistryStandardImpl.java:329] Releasing JDBC resources
2023-11-24 12:36:46,758 TRACE o.h.r.j.i.LogicalConnectionManagedImpl [LogicalConnectionManagedImpl.java:256] Closing logical connection
2023-11-24 12:36:46,758 TRACE o.h.r.j.i.LogicalConnectionManagedImpl [LogicalConnectionManagedImpl.java:263] Logical connection closed
2023-11-24 12:36:46,766 INFO f.m.h.d.c.ApplicationSecurityConfig [ApplicationSecurityConfig.java:147] SpringSecurityConfiguration_Database.configureGlobal - START
2023-11-24 12:36:46,774 TRACE o.h.i.SessionFactoryImpl$SessionBuilderImpl [SessionFactoryImpl.java:1298] Opening Hibernate Session.  tenant=null
2023-11-24 12:36:46,775 TRACE o.h.i.SessionImpl [SessionImpl.java:262] Opened Session [3b5d3f15-8249-4d6a-bfc6-328207008c8b] at timestamp: 1700825806775
2023-11-24 12:36:46,775 TRACE o.h.i.SessionImpl [SessionImpl.java:402] Closing session [3b5d3f15-8249-4d6a-bfc6-328207008c8b]
2023-11-24 12:36:46,776 TRACE o.h.e.j.i.JdbcCoordinatorImpl [JdbcCoordinatorImpl.java:152] Closing JDBC container [org.hibernate.engine.jdbc.internal.JdbcCoordinatorImpl@78ad7270]
2023-11-24 12:36:46,776 TRACE o.h.r.j.i.ResourceRegistryStandardImpl [ResourceRegistryStandardImpl.java:329] Releasing JDBC resources
2023-11-24 12:36:46,776 TRACE o.h.r.j.i.LogicalConnectionManagedImpl [LogicalConnectionManagedImpl.java:256] Closing logical connection
2023-11-24 12:36:46,776 TRACE o.h.r.j.i.LogicalConnectionManagedImpl [LogicalConnectionManagedImpl.java:263] Logical connection closed
2023-11-24 12:36:46,781 TRACE o.h.i.SessionFactoryImpl$SessionBuilderImpl [SessionFactoryImpl.java:1298] Opening Hibernate Session.  tenant=null
2023-11-24 12:36:46,781 TRACE o.h.i.SessionImpl [SessionImpl.java:262] Opened Session [b847911c-16e2-4506-9a02-4e9e7b519127] at timestamp: 1700825806781
2023-11-24 12:36:46,781 TRACE o.h.i.SessionImpl [SessionImpl.java:402] Closing session [b847911c-16e2-4506-9a02-4e9e7b519127]
2023-11-24 12:36:46,781 TRACE o.h.e.j.i.JdbcCoordinatorImpl [JdbcCoordinatorImpl.java:152] Closing JDBC container [org.hibernate.engine.jdbc.internal.JdbcCoordinatorImpl@74cd11ed]
2023-11-24 12:36:46,782 TRACE o.h.r.j.i.ResourceRegistryStandardImpl [ResourceRegistryStandardImpl.java:329] Releasing JDBC resources
2023-11-24 12:36:46,782 TRACE o.h.r.j.i.LogicalConnectionManagedImpl [LogicalConnectionManagedImpl.java:256] Closing logical connection
2023-11-24 12:36:46,782 TRACE o.h.r.j.i.LogicalConnectionManagedImpl [LogicalConnectionManagedImpl.java:263] Logical connection closed
2023-11-24 12:36:46,813 TRACE o.h.i.SessionFactoryImpl$SessionBuilderImpl [SessionFactoryImpl.java:1298] Opening Hibernate Session.  tenant=null
2023-11-24 12:36:46,813 TRACE o.h.i.SessionImpl [SessionImpl.java:262] Opened Session [d1f87ef2-377e-4392-abeb-6ed147859689] at timestamp: 1700825806813
2023-11-24 12:36:46,814 DEBUG o.h.r.t.b.j.i.JdbcResourceLocalTransactionCoordinatorImpl [JdbcResourceLocalTransactionCoordinatorImpl.java:310] JDBC transaction marked for rollback-only (exception provided for stack trace)
java.lang.Exception: exception just for purpose of providing stack trace
	at org.hibernate.resource.transaction.backend.jdbc.internal.JdbcResourceLocalTransactionCoordinatorImpl$TransactionDriverControlImpl.markRollbackOnly(JdbcResourceLocalTransactionCoordinatorImpl.java:310)
	at org.hibernate.internal.AbstractSharedSessionContract.buildNamedQuery(AbstractSharedSessionContract.java:1021)
	at org.hibernate.internal.AbstractSharedSessionContract.createNamedQuery(AbstractSharedSessionContract.java:899)
	at org.hibernate.internal.AbstractSharedSessionContract.createNamedQuery(AbstractSharedSessionContract.java:120)
	at jdk.internal.reflect.GeneratedMethodAccessor47.invoke(Unknown Source)
	at java.base/jdk.internal.reflect.DelegatingMethodAccessorImpl.invoke(DelegatingMethodAccessorImpl.java:43)
	at java.base/java.lang.reflect.Method.invoke(Method.java:568)
	at org.springframework.orm.jpa.ExtendedEntityManagerCreator$ExtendedEntityManagerInvocationHandler.invoke(ExtendedEntityManagerCreator.java:360)
	at jdk.proxy2/jdk.proxy2.$Proxy191.createNamedQuery(Unknown Source)
	at org.springframework.data.jpa.repository.query.NamedQuery.hasNamedQuery(NamedQuery.java:113)
	at org.springframework.data.jpa.repository.query.JpaQueryLookupStrategy$DeclaredQueryLookupStrategy.getCountQuery(JpaQueryLookupStrategy.java:204)
	at org.springframework.data.jpa.repository.query.JpaQueryLookupStrategy$DeclaredQueryLookupStrategy.resolveQuery(JpaQueryLookupStrategy.java:171)
	at org.springframework.data.jpa.repository.query.JpaQueryLookupStrategy$CreateIfNotFoundQueryLookupStrategy.resolveQuery(JpaQueryLookupStrategy.java:252)
	at org.springframework.data.jpa.repository.query.JpaQueryLookupStrategy$AbstractQueryLookupStrategy.resolveQuery(JpaQueryLookupStrategy.java:95)
	at org.springframework.data.repository.core.support.QueryExecutorMethodInterceptor.lookupQuery(QueryExecutorMethodInterceptor.java:111)
	at org.springframework.data.repository.core.support.QueryExecutorMethodInterceptor.mapMethodsToQuery(QueryExecutorMethodInterceptor.java:99)
	at org.springframework.data.repository.core.support.QueryExecutorMethodInterceptor.lambda$new$0(QueryExecutorMethodInterceptor.java:88)
	at java.base/java.util.Optional.map(Optional.java:260)
	at org.springframework.data.repository.core.support.QueryExecutorMethodInterceptor.<init>(QueryExecutorMethodInterceptor.java:88)
	at org.springframework.data.repository.core.support.RepositoryFactorySupport.getRepository(RepositoryFactorySupport.java:357)
	at org.springframework.data.repository.core.support.RepositoryFactoryBeanSupport.lambda$afterPropertiesSet$5(RepositoryFactoryBeanSupport.java:279)
	at org.springframework.data.util.Lazy.getNullable(Lazy.java:245)
	at org.springframework.data.util.Lazy.get(Lazy.java:114)
	at org.springframework.data.repository.core.support.RepositoryFactoryBeanSupport.afterPropertiesSet(RepositoryFactoryBeanSupport.java:285)
	at org.springframework.data.jpa.repository.support.JpaRepositoryFactoryBean.afterPropertiesSet(JpaRepositoryFactoryBean.java:132)
	at org.springframework.beans.factory.support.AbstractAutowireCapableBeanFactory.invokeInitMethods(AbstractAutowireCapableBeanFactory.java:1817)
	at org.springframework.beans.factory.support.AbstractAutowireCapableBeanFactory.initializeBean(AbstractAutowireCapableBeanFactory.java:1766)
	at org.springframework.beans.factory.support.AbstractAutowireCapableBeanFactory.doCreateBean(AbstractAutowireCapableBeanFactory.java:598)
	at org.springframework.beans.factory.support.AbstractAutowireCapableBeanFactory.createBean(AbstractAutowireCapableBeanFactory.java:520)
	at org.springframework.beans.factory.support.AbstractBeanFactory.lambda$doGetBean$0(AbstractBeanFactory.java:325)
	at org.springframework.beans.factory.support.DefaultSingletonBeanRegistry.getSingleton(DefaultSingletonBeanRegistry.java:234)
	at org.springframework.beans.factory.support.AbstractBeanFactory.doGetBean(AbstractBeanFactory.java:323)
	at org.springframework.beans.factory.support.AbstractBeanFactory.getBean(AbstractBeanFactory.java:199)
	at org.springframework.beans.factory.config.DependencyDescriptor.resolveCandidate(DependencyDescriptor.java:254)
	at org.springframework.beans.factory.support.DefaultListableBeanFactory.doResolveDependency(DefaultListableBeanFactory.java:1417)
	at org.springframework.beans.factory.support.DefaultListableBeanFactory.resolveDependency(DefaultListableBeanFactory.java:1337)
	at org.springframework.beans.factory.annotation.AutowiredAnnotationBeanPostProcessor$AutowiredFieldElement.resolveFieldValue(AutowiredAnnotationBeanPostProcessor.java:764)
	at org.springframework.beans.factory.annotation.AutowiredAnnotationBeanPostProcessor$AutowiredFieldElement.inject(AutowiredAnnotationBeanPostProcessor.java:747)
	at org.springframework.beans.factory.annotation.InjectionMetadata.inject(InjectionMetadata.java:145)
	at org.springframework.beans.factory.annotation.AutowiredAnnotationBeanPostProcessor.postProcessProperties(AutowiredAnnotationBeanPostProcessor.java:492)
	at org.springframework.beans.factory.support.AbstractAutowireCapableBeanFactory.populateBean(AbstractAutowireCapableBeanFactory.java:1416)
	at org.springframework.beans.factory.support.AbstractAutowireCapableBeanFactory.doCreateBean(AbstractAutowireCapableBeanFactory.java:597)
	at org.springframework.beans.factory.support.AbstractAutowireCapableBeanFactory.createBean(AbstractAutowireCapableBeanFactory.java:520)
	at org.springframework.beans.factory.support.AbstractBeanFactory.lambda$doGetBean$0(AbstractBeanFactory.java:325)
	at org.springframework.beans.factory.support.DefaultSingletonBeanRegistry.getSingleton(DefaultSingletonBeanRegistry.java:234)
	at org.springframework.beans.factory.support.AbstractBeanFactory.doGetBean(AbstractBeanFactory.java:323)
	at org.springframework.beans.factory.support.AbstractBeanFactory.getBean(AbstractBeanFactory.java:199)
	at org.springframework.beans.factory.config.DependencyDescriptor.resolveCandidate(DependencyDescriptor.java:254)
	at org.springframework.beans.factory.support.DefaultListableBeanFactory.doResolveDependency(DefaultListableBeanFactory.java:1417)
	at org.springframework.beans.factory.support.DefaultListableBeanFactory.resolveDependency(DefaultListableBeanFactory.java:1337)
	at org.springframework.beans.factory.annotation.AutowiredAnnotationBeanPostProcessor$AutowiredFieldElement.resolveFieldValue(AutowiredAnnotationBeanPostProcessor.java:764)
	at org.springframework.beans.factory.annotation.AutowiredAnnotationBeanPostProcessor$AutowiredFieldElement.inject(AutowiredAnnotationBeanPostProcessor.java:747)
	at org.springframework.beans.factory.annotation.InjectionMetadata.inject(InjectionMetadata.java:145)
	at org.springframework.beans.factory.annotation.AutowiredAnnotationBeanPostProcessor.postProcessProperties(AutowiredAnnotationBeanPostProcessor.java:492)
	at org.springframework.beans.factory.support.AbstractAutowireCapableBeanFactory.populateBean(AbstractAutowireCapableBeanFactory.java:1416)
	at org.springframework.beans.factory.support.AbstractAutowireCapableBeanFactory.doCreateBean(AbstractAutowireCapableBeanFactory.java:597)
	at org.springframework.beans.factory.support.AbstractAutowireCapableBeanFactory.createBean(AbstractAutowireCapableBeanFactory.java:520)
	at org.springframework.beans.factory.support.AbstractBeanFactory.lambda$doGetBean$0(AbstractBeanFactory.java:325)
	at org.springframework.beans.factory.support.DefaultSingletonBeanRegistry.getSingleton(DefaultSingletonBeanRegistry.java:234)
	at org.springframework.beans.factory.support.AbstractBeanFactory.doGetBean(AbstractBeanFactory.java:323)
	at org.springframework.beans.factory.support.AbstractBeanFactory.getBean(AbstractBeanFactory.java:199)
	at org.springframework.beans.factory.support.DefaultListableBeanFactory.preInstantiateSingletons(DefaultListableBeanFactory.java:973)
	at org.springframework.context.support.AbstractApplicationContext.finishBeanFactoryInitialization(AbstractApplicationContext.java:950)
	at org.springframework.context.support.AbstractApplicationContext.refresh(AbstractApplicationContext.java:616)
	at org.springframework.boot.SpringApplication.refresh(SpringApplication.java:738)
	at org.springframework.boot.SpringApplication.refreshContext(SpringApplication.java:440)
	at org.springframework.boot.SpringApplication.run(SpringApplication.java:316)
	at org.springframework.boot.test.context.SpringBootContextLoader.lambda$loadContext$3(SpringBootContextLoader.java:137)
	at org.springframework.util.function.ThrowingSupplier.get(ThrowingSupplier.java:58)
	at org.springframework.util.function.ThrowingSupplier.get(ThrowingSupplier.java:46)
	at org.springframework.boot.SpringApplication.withHook(SpringApplication.java:1406)
	at org.springframework.boot.test.context.SpringBootContextLoader$ContextLoaderHook.run(SpringBootContextLoader.java:545)
	at org.springframework.boot.test.context.SpringBootContextLoader.loadContext(SpringBootContextLoader.java:137)
	at org.springframework.boot.test.context.SpringBootContextLoader.loadContext(SpringBootContextLoader.java:108)
	at org.springframework.test.context.cache.DefaultCacheAwareContextLoaderDelegate.loadContextInternal(DefaultCacheAwareContextLoaderDelegate.java:187)
	at org.springframework.test.context.cache.DefaultCacheAwareContextLoaderDelegate.loadContext(DefaultCacheAwareContextLoaderDelegate.java:119)
	at org.springframework.test.context.support.DefaultTestContext.getApplicationContext(DefaultTestContext.java:127)
	at org.springframework.test.context.web.ServletTestExecutionListener.setUpRequestContextIfNecessary(ServletTestExecutionListener.java:191)
	at org.springframework.test.context.web.ServletTestExecutionListener.prepareTestInstance(ServletTestExecutionListener.java:130)
	at org.springframework.test.context.TestContextManager.prepareTestInstance(TestContextManager.java:241)
	at org.springframework.test.context.junit.jupiter.SpringExtension.postProcessTestInstance(SpringExtension.java:138)
	at org.junit.jupiter.engine.descriptor.ClassBasedTestDescriptor.lambda$invokeTestInstancePostProcessors$10(ClassBasedTestDescriptor.java:377)
	at org.junit.jupiter.engine.descriptor.ClassBasedTestDescriptor.executeAndMaskThrowable(ClassBasedTestDescriptor.java:382)
	at org.junit.jupiter.engine.descriptor.ClassBasedTestDescriptor.lambda$invokeTestInstancePostProcessors$11(ClassBasedTestDescriptor.java:377)
	at java.base/java.util.stream.ReferencePipeline$3$1.accept(ReferencePipeline.java:197)
	at java.base/java.util.stream.ReferencePipeline$2$1.accept(ReferencePipeline.java:179)
	at java.base/java.util.ArrayList$ArrayListSpliterator.forEachRemaining(ArrayList.java:1625)
	at java.base/java.util.stream.AbstractPipeline.copyInto(AbstractPipeline.java:509)
	at java.base/java.util.stream.AbstractPipeline.wrapAndCopyInto(AbstractPipeline.java:499)
	at java.base/java.util.stream.StreamSpliterators$WrappingSpliterator.forEachRemaining(StreamSpliterators.java:310)
	at java.base/java.util.stream.Streams$ConcatSpliterator.forEachRemaining(Streams.java:735)
	at java.base/java.util.stream.Streams$ConcatSpliterator.forEachRemaining(Streams.java:734)
	at java.base/java.util.stream.ReferencePipeline$Head.forEach(ReferencePipeline.java:762)
	at org.junit.jupiter.engine.descriptor.ClassBasedTestDescriptor.invokeTestInstancePostProcessors(ClassBasedTestDescriptor.java:376)
	at org.junit.jupiter.engine.descriptor.ClassBasedTestDescriptor.lambda$instantiateAndPostProcessTestInstance$6(ClassBasedTestDescriptor.java:289)
	at org.junit.platform.engine.support.hierarchical.ThrowableCollector.execute(ThrowableCollector.java:73)
	at org.junit.jupiter.engine.descriptor.ClassBasedTestDescriptor.instantiateAndPostProcessTestInstance(ClassBasedTestDescriptor.java:288)
	at org.junit.jupiter.engine.descriptor.ClassBasedTestDescriptor.lambda$testInstancesProvider$4(ClassBasedTestDescriptor.java:278)
	at java.base/java.util.Optional.orElseGet(Optional.java:364)
	at org.junit.jupiter.engine.descriptor.ClassBasedTestDescriptor.lambda$testInstancesProvider$5(ClassBasedTestDescriptor.java:277)
	at org.junit.jupiter.engine.execution.TestInstancesProvider.getTestInstances(TestInstancesProvider.java:31)
	at org.junit.jupiter.engine.descriptor.TestMethodTestDescriptor.lambda$prepare$0(TestMethodTestDescriptor.java:105)
	at org.junit.platform.engine.support.hierarchical.ThrowableCollector.execute(ThrowableCollector.java:73)
	at org.junit.jupiter.engine.descriptor.TestMethodTestDescriptor.prepare(TestMethodTestDescriptor.java:104)
	at org.junit.jupiter.engine.descriptor.TestMethodTestDescriptor.prepare(TestMethodTestDescriptor.java:68)
	at org.junit.platform.engine.support.hierarchical.NodeTestTask.lambda$prepare$2(NodeTestTask.java:123)
	at org.junit.platform.engine.support.hierarchical.ThrowableCollector.execute(ThrowableCollector.java:73)
	at org.junit.platform.engine.support.hierarchical.NodeTestTask.prepare(NodeTestTask.java:123)
	at org.junit.platform.engine.support.hierarchical.NodeTestTask.execute(NodeTestTask.java:90)
	at java.base/java.util.ArrayList.forEach(ArrayList.java:1511)
	at org.junit.platform.engine.support.hierarchical.SameThreadHierarchicalTestExecutorService.invokeAll(SameThreadHierarchicalTestExecutorService.java:41)
	at org.junit.platform.engine.support.hierarchical.NodeTestTask.lambda$executeRecursively$6(NodeTestTask.java:155)
	at org.junit.platform.engine.support.hierarchical.ThrowableCollector.execute(ThrowableCollector.java:73)
	at org.junit.platform.engine.support.hierarchical.NodeTestTask.lambda$executeRecursively$8(NodeTestTask.java:141)
	at org.junit.platform.engine.support.hierarchical.Node.around(Node.java:137)
	at org.junit.platform.engine.support.hierarchical.NodeTestTask.lambda$executeRecursively$9(NodeTestTask.java:139)
	at org.junit.platform.engine.support.hierarchical.ThrowableCollector.execute(ThrowableCollector.java:73)
	at org.junit.platform.engine.support.hierarchical.NodeTestTask.executeRecursively(NodeTestTask.java:138)
	at org.junit.platform.engine.support.hierarchical.NodeTestTask.execute(NodeTestTask.java:95)
	at java.base/java.util.ArrayList.forEach(ArrayList.java:1511)
	at org.junit.platform.engine.support.hierarchical.SameThreadHierarchicalTestExecutorService.invokeAll(SameThreadHierarchicalTestExecutorService.java:41)
	at org.junit.platform.engine.support.hierarchical.NodeTestTask.lambda$executeRecursively$6(NodeTestTask.java:155)
	at org.junit.platform.engine.support.hierarchical.ThrowableCollector.execute(ThrowableCollector.java:73)
	at org.junit.platform.engine.support.hierarchical.NodeTestTask.lambda$executeRecursively$8(NodeTestTask.java:141)
	at org.junit.platform.engine.support.hierarchical.Node.around(Node.java:137)
	at org.junit.platform.engine.support.hierarchical.NodeTestTask.lambda$executeRecursively$9(NodeTestTask.java:139)
	at org.junit.platform.engine.support.hierarchical.ThrowableCollector.execute(ThrowableCollector.java:73)
	at org.junit.platform.engine.support.hierarchical.NodeTestTask.executeRecursively(NodeTestTask.java:138)
	at org.junit.platform.engine.support.hierarchical.NodeTestTask.execute(NodeTestTask.java:95)
	at org.junit.platform.engine.support.hierarchical.SameThreadHierarchicalTestExecutorService.submit(SameThreadHierarchicalTestExecutorService.java:35)
	at org.junit.platform.engine.support.hierarchical.HierarchicalTestExecutor.execute(HierarchicalTestExecutor.java:57)
	at org.junit.platform.engine.support.hierarchical.HierarchicalTestEngine.execute(HierarchicalTestEngine.java:54)
	at org.junit.platform.launcher.core.EngineExecutionOrchestrator.execute(EngineExecutionOrchestrator.java:147)
	at org.junit.platform.launcher.core.EngineExecutionOrchestrator.execute(EngineExecutionOrchestrator.java:127)
	at org.junit.platform.launcher.core.EngineExecutionOrchestrator.execute(EngineExecutionOrchestrator.java:90)
	at org.junit.platform.launcher.core.EngineExecutionOrchestrator.lambda$execute$0(EngineExecutionOrchestrator.java:55)
	at org.junit.platform.launcher.core.EngineExecutionOrchestrator.withInterceptedStreams(EngineExecutionOrchestrator.java:102)
	at org.junit.platform.launcher.core.EngineExecutionOrchestrator.execute(EngineExecutionOrchestrator.java:54)
	at org.junit.platform.launcher.core.DefaultLauncher.execute(DefaultLauncher.java:114)
	at org.junit.platform.launcher.core.DefaultLauncher.execute(DefaultLauncher.java:86)
	at org.junit.platform.launcher.core.DefaultLauncherSession$DelegatingLauncher.execute(DefaultLauncherSession.java:86)
	at org.apache.maven.surefire.junitplatform.LazyLauncher.execute(LazyLauncher.java:50)
	at org.apache.maven.surefire.junitplatform.JUnitPlatformProvider.execute(JUnitPlatformProvider.java:184)
	at org.apache.maven.surefire.junitplatform.JUnitPlatformProvider.invokeAllTests(JUnitPlatformProvider.java:148)
	at org.apache.maven.surefire.junitplatform.JUnitPlatformProvider.invoke(JUnitPlatformProvider.java:122)
	at org.apache.maven.surefire.booter.ForkedBooter.runSuitesInProcess(ForkedBooter.java:385)
	at org.apache.maven.surefire.booter.ForkedBooter.execute(ForkedBooter.java:162)
	at org.apache.maven.surefire.booter.ForkedBooter.run(ForkedBooter.java:507)
	at org.apache.maven.surefire.booter.ForkedBooter.main(ForkedBooter.java:495)
2023-11-24 12:36:46,814 TRACE o.h.i.SessionImpl [SessionImpl.java:402] Closing session [d1f87ef2-377e-4392-abeb-6ed147859689]
2023-11-24 12:36:46,815 TRACE o.h.e.j.i.JdbcCoordinatorImpl [JdbcCoordinatorImpl.java:152] Closing JDBC container [org.hibernate.engine.jdbc.internal.JdbcCoordinatorImpl@1a3b5695]
2023-11-24 12:36:46,815 TRACE o.h.r.j.i.ResourceRegistryStandardImpl [ResourceRegistryStandardImpl.java:329] Releasing JDBC resources
2023-11-24 12:36:46,815 TRACE o.h.r.j.i.LogicalConnectionManagedImpl [LogicalConnectionManagedImpl.java:256] Closing logical connection
2023-11-24 12:36:46,815 TRACE o.h.r.j.i.LogicalConnectionManagedImpl [LogicalConnectionManagedImpl.java:263] Logical connection closed
2023-11-24 12:36:46,815 TRACE o.h.i.SessionFactoryImpl$SessionBuilderImpl [SessionFactoryImpl.java:1298] Opening Hibernate Session.  tenant=null
2023-11-24 12:36:46,815 TRACE o.h.i.SessionImpl [SessionImpl.java:262] Opened Session [9f0eb5fc-9f66-4ca5-b1d2-8af3af7a70b6] at timestamp: 1700825806815
2023-11-24 12:36:46,816 TRACE o.h.i.SessionImpl [SessionImpl.java:402] Closing session [9f0eb5fc-9f66-4ca5-b1d2-8af3af7a70b6]
2023-11-24 12:36:46,816 TRACE o.h.e.j.i.JdbcCoordinatorImpl [JdbcCoordinatorImpl.java:152] Closing JDBC container [org.hibernate.engine.jdbc.internal.JdbcCoordinatorImpl@6657e46]
2023-11-24 12:36:46,816 TRACE o.h.r.j.i.ResourceRegistryStandardImpl [ResourceRegistryStandardImpl.java:329] Releasing JDBC resources
2023-11-24 12:36:46,816 TRACE o.h.r.j.i.LogicalConnectionManagedImpl [LogicalConnectionManagedImpl.java:256] Closing logical connection
2023-11-24 12:36:46,816 TRACE o.h.r.j.i.LogicalConnectionManagedImpl [LogicalConnectionManagedImpl.java:263] Logical connection closed
2023-11-24 12:36:46,817 TRACE o.h.i.SessionFactoryImpl$SessionBuilderImpl [SessionFactoryImpl.java:1298] Opening Hibernate Session.  tenant=null
2023-11-24 12:36:46,818 TRACE o.h.i.SessionImpl [SessionImpl.java:262] Opened Session [2ed7eb3c-b72d-498a-8be5-21b2d731f67c] at timestamp: 1700825806818
2023-11-24 12:36:46,818 TRACE o.h.o.q.p.cache [QueryInterpretationCacheStandardImpl.java:121] QueryPlan#resolveHqlInterpretation( `select count(can.id) from Candidate can where can.regdate >= :dataStart and can.regdate < :dataEnd` )
2023-11-24 12:36:46,818 DEBUG o.h.o.q.hql [StandardHqlTranslator.java:75] HQL : select count(can.id) from Candidate can where can.regdate >= :dataStart and can.regdate < :dataEnd
2023-11-24 12:36:46,818 DEBUG o.h.o.q.h.reservedWordAsIdentifier [HqlParseTreeBuilder.java:43] Encountered use of reserved word as identifier : (
2023-11-24 12:36:46,818 DEBUG o.h.o.q.h.reservedWordAsIdentifier [HqlParseTreeBuilder.java:43] Encountered use of reserved word as identifier : )
2023-11-24 12:36:46,819 DEBUG o.h.q.h.i.SemanticQueryBuilder [SemanticQueryBuilder.java:1904] Handling root path - Candidate
2023-11-24 12:36:46,819 TRACE o.h.o.q.s.creation [SqmPathRegistryImpl.java:59] SqmProcessingIndex#register(SqmPath) : franco.maurizio.hr.desk.com.persistence.entity.Candidate(can)
2023-11-24 12:36:46,819 TRACE o.h.o.q.hql [BasicDotIdentifierConsumer.java:83] BasicDotIdentifierHandler#consumeIdentifier( can, true, false ) - can
2023-11-24 12:36:46,820 TRACE o.h.o.q.hql [BasicDotIdentifierConsumer.java:118] BaseLocalSequencePart#consumeIdentifier( can, true, false ) - can
2023-11-24 12:36:46,820 TRACE o.h.o.q.hql [BasicDotIdentifierConsumer.java:83] BasicDotIdentifierHandler#consumeIdentifier( id, false, true ) - can.id
2023-11-24 12:36:46,820 TRACE o.h.o.q.hql [DomainPathPart.java:37] Resolving DomainPathPart(franco.maurizio.hr.desk.com.persistence.entity.Candidate as can) sub-part : id
2023-11-24 12:36:46,820 TRACE o.h.o.q.s.creation [SqmPathRegistryImpl.java:59] SqmProcessingIndex#register(SqmPath) : franco.maurizio.hr.desk.com.persistence.entity.Candidate(can).id
2023-11-24 12:36:46,820 TRACE o.h.o.q.hql [BasicDotIdentifierConsumer.java:83] BasicDotIdentifierHandler#consumeIdentifier( can, true, false ) - can
2023-11-24 12:36:46,821 TRACE o.h.o.q.hql [BasicDotIdentifierConsumer.java:118] BaseLocalSequencePart#consumeIdentifier( can, true, false ) - can
2023-11-24 12:36:46,821 TRACE o.h.o.q.hql [BasicDotIdentifierConsumer.java:83] BasicDotIdentifierHandler#consumeIdentifier( regdate, false, true ) - can.regdate
2023-11-24 12:36:46,821 TRACE o.h.o.q.hql [DomainPathPart.java:37] Resolving DomainPathPart(franco.maurizio.hr.desk.com.persistence.entity.Candidate as can) sub-part : regdate
2023-11-24 12:36:46,821 TRACE o.h.o.q.s.creation [SqmPathRegistryImpl.java:59] SqmProcessingIndex#register(SqmPath) : franco.maurizio.hr.desk.com.persistence.entity.Candidate(can).regdate
2023-11-24 12:36:46,822 DEBUG o.h.o.q.s.creation [AbstractSqmExpression.java:57] Applying inferable type to SqmExpression [SqmNamedParameter(dataStart)] : null -> BasicSqmPathSource(regdate : LocalDateTime)
2023-11-24 12:36:46,822 TRACE o.h.o.q.hql [BasicDotIdentifierConsumer.java:83] BasicDotIdentifierHandler#consumeIdentifier( can, true, false ) - can
2023-11-24 12:36:46,822 TRACE o.h.o.q.hql [BasicDotIdentifierConsumer.java:118] BaseLocalSequencePart#consumeIdentifier( can, true, false ) - can
2023-11-24 12:36:46,822 TRACE o.h.o.q.hql [BasicDotIdentifierConsumer.java:83] BasicDotIdentifierHandler#consumeIdentifier( regdate, false, true ) - can.regdate
2023-11-24 12:36:46,822 TRACE o.h.o.q.hql [DomainPathPart.java:37] Resolving DomainPathPart(franco.maurizio.hr.desk.com.persistence.entity.Candidate as can) sub-part : regdate
2023-11-24 12:36:46,823 TRACE o.h.o.q.s.creation [SqmPathRegistryImpl.java:59] SqmProcessingIndex#register(SqmPath) : franco.maurizio.hr.desk.com.persistence.entity.Candidate(can).regdate
2023-11-24 12:36:46,823 DEBUG o.h.o.q.s.creation [AbstractSqmExpression.java:57] Applying inferable type to SqmExpression [SqmNamedParameter(dataEnd)] : null -> BasicSqmPathSource(regdate : LocalDateTime)
2023-11-24 12:36:46,824 DEBUG o.h.o.q.s.ast [SqmTreePrinter.java:168] SqmStatement Tree :
    -> [select]
      -> [query-spec]
        -> [select]
          -> [selection]
          <- [selection]
        <- [select]
        -> [from]
          -> [root] - `franco.maurizio.hr.desk.com.persistence.entity.Candidate(can)`
          <- [root] - `franco.maurizio.hr.desk.com.persistence.entity.Candidate(can)`
        <- [from]
        -> [where]
          -> [and]
            -> [GREATER_THAN_OR_EQUAL]
                -> [basic-path] - `franco.maurizio.hr.desk.com.persistence.entity.Candidate(can).regdate`
                :dataStart
            <- [GREATER_THAN_OR_EQUAL]
            -> [LESS_THAN]
                -> [basic-path] - `franco.maurizio.hr.desk.com.persistence.entity.Candidate(can).regdate`
                :dataEnd
            <- [LESS_THAN]
          <- [and]
        <- [where]
      <- [query-spec]
    <- [select]

2023-11-24 12:36:46,824 TRACE o.h.i.SessionImpl [SessionImpl.java:402] Closing session [2ed7eb3c-b72d-498a-8be5-21b2d731f67c]
2023-11-24 12:36:46,824 TRACE o.h.e.j.i.JdbcCoordinatorImpl [JdbcCoordinatorImpl.java:152] Closing JDBC container [org.hibernate.engine.jdbc.internal.JdbcCoordinatorImpl@2acff665]
2023-11-24 12:36:46,824 TRACE o.h.r.j.i.ResourceRegistryStandardImpl [ResourceRegistryStandardImpl.java:329] Releasing JDBC resources
2023-11-24 12:36:46,824 TRACE o.h.r.j.i.LogicalConnectionManagedImpl [LogicalConnectionManagedImpl.java:256] Closing logical connection
2023-11-24 12:36:46,825 TRACE o.h.r.j.i.LogicalConnectionManagedImpl [LogicalConnectionManagedImpl.java:263] Logical connection closed
2023-11-24 12:36:46,829 TRACE o.h.i.SessionFactoryImpl$SessionBuilderImpl [SessionFactoryImpl.java:1298] Opening Hibernate Session.  tenant=null
2023-11-24 12:36:46,829 TRACE o.h.i.SessionImpl [SessionImpl.java:262] Opened Session [670eec20-d7b1-4a96-83de-87650175e71f] at timestamp: 1700825806829
2023-11-24 12:36:46,829 TRACE o.h.i.SessionImpl [SessionImpl.java:402] Closing session [670eec20-d7b1-4a96-83de-87650175e71f]
2023-11-24 12:36:46,829 TRACE o.h.e.j.i.JdbcCoordinatorImpl [JdbcCoordinatorImpl.java:152] Closing JDBC container [org.hibernate.engine.jdbc.internal.JdbcCoordinatorImpl@6fc5c7de]
2023-11-24 12:36:46,830 TRACE o.h.r.j.i.ResourceRegistryStandardImpl [ResourceRegistryStandardImpl.java:329] Releasing JDBC resources
2023-11-24 12:36:46,830 TRACE o.h.r.j.i.LogicalConnectionManagedImpl [LogicalConnectionManagedImpl.java:256] Closing logical connection
2023-11-24 12:36:46,830 TRACE o.h.r.j.i.LogicalConnectionManagedImpl [LogicalConnectionManagedImpl.java:263] Logical connection closed
2023-11-24 12:36:46,832 TRACE o.h.i.SessionFactoryImpl$SessionBuilderImpl [SessionFactoryImpl.java:1298] Opening Hibernate Session.  tenant=null
2023-11-24 12:36:46,833 TRACE o.h.i.SessionImpl [SessionImpl.java:262] Opened Session [71f3edd9-6616-4a1a-99c6-70067155c1e3] at timestamp: 1700825806833
2023-11-24 12:36:46,833 TRACE o.h.i.SessionImpl [SessionImpl.java:402] Closing session [71f3edd9-6616-4a1a-99c6-70067155c1e3]
2023-11-24 12:36:46,833 TRACE o.h.e.j.i.JdbcCoordinatorImpl [JdbcCoordinatorImpl.java:152] Closing JDBC container [org.hibernate.engine.jdbc.internal.JdbcCoordinatorImpl@18a19888]
2023-11-24 12:36:46,833 TRACE o.h.r.j.i.ResourceRegistryStandardImpl [ResourceRegistryStandardImpl.java:329] Releasing JDBC resources
2023-11-24 12:36:46,833 TRACE o.h.r.j.i.LogicalConnectionManagedImpl [LogicalConnectionManagedImpl.java:256] Closing logical connection
2023-11-24 12:36:46,833 TRACE o.h.r.j.i.LogicalConnectionManagedImpl [LogicalConnectionManagedImpl.java:263] Logical connection closed
2023-11-24 12:36:46,874 TRACE o.h.i.SessionFactoryImpl$SessionBuilderImpl [SessionFactoryImpl.java:1298] Opening Hibernate Session.  tenant=null
2023-11-24 12:36:46,875 TRACE o.h.i.SessionImpl [SessionImpl.java:262] Opened Session [cdd19e0c-5798-40cd-b0b7-7467417fb136] at timestamp: 1700825806875
2023-11-24 12:36:46,876 DEBUG o.h.r.t.b.j.i.JdbcResourceLocalTransactionCoordinatorImpl [JdbcResourceLocalTransactionCoordinatorImpl.java:310] JDBC transaction marked for rollback-only (exception provided for stack trace)
java.lang.Exception: exception just for purpose of providing stack trace
	at org.hibernate.resource.transaction.backend.jdbc.internal.JdbcResourceLocalTransactionCoordinatorImpl$TransactionDriverControlImpl.markRollbackOnly(JdbcResourceLocalTransactionCoordinatorImpl.java:310)
	at org.hibernate.internal.AbstractSharedSessionContract.buildNamedQuery(AbstractSharedSessionContract.java:1021)
	at org.hibernate.internal.AbstractSharedSessionContract.createNamedQuery(AbstractSharedSessionContract.java:899)
	at org.hibernate.internal.AbstractSharedSessionContract.createNamedQuery(AbstractSharedSessionContract.java:120)
	at jdk.internal.reflect.GeneratedMethodAccessor47.invoke(Unknown Source)
	at java.base/jdk.internal.reflect.DelegatingMethodAccessorImpl.invoke(DelegatingMethodAccessorImpl.java:43)
	at java.base/java.lang.reflect.Method.invoke(Method.java:568)
	at org.springframework.orm.jpa.ExtendedEntityManagerCreator$ExtendedEntityManagerInvocationHandler.invoke(ExtendedEntityManagerCreator.java:360)
	at jdk.proxy2/jdk.proxy2.$Proxy191.createNamedQuery(Unknown Source)
	at org.springframework.data.jpa.repository.query.NamedQuery.hasNamedQuery(NamedQuery.java:113)
	at org.springframework.data.jpa.repository.query.NamedQuery.lookupFrom(NamedQuery.java:141)
	at org.springframework.data.jpa.repository.query.JpaQueryLookupStrategy$DeclaredQueryLookupStrategy.resolveQuery(JpaQueryLookupStrategy.java:180)
	at org.springframework.data.jpa.repository.query.JpaQueryLookupStrategy$CreateIfNotFoundQueryLookupStrategy.resolveQuery(JpaQueryLookupStrategy.java:252)
	at org.springframework.data.jpa.repository.query.JpaQueryLookupStrategy$AbstractQueryLookupStrategy.resolveQuery(JpaQueryLookupStrategy.java:95)
	at org.springframework.data.repository.core.support.QueryExecutorMethodInterceptor.lookupQuery(QueryExecutorMethodInterceptor.java:111)
	at org.springframework.data.repository.core.support.QueryExecutorMethodInterceptor.mapMethodsToQuery(QueryExecutorMethodInterceptor.java:99)
	at org.springframework.data.repository.core.support.QueryExecutorMethodInterceptor.lambda$new$0(QueryExecutorMethodInterceptor.java:88)
	at java.base/java.util.Optional.map(Optional.java:260)
	at org.springframework.data.repository.core.support.QueryExecutorMethodInterceptor.<init>(QueryExecutorMethodInterceptor.java:88)
	at org.springframework.data.repository.core.support.RepositoryFactorySupport.getRepository(RepositoryFactorySupport.java:357)
	at org.springframework.data.repository.core.support.RepositoryFactoryBeanSupport.lambda$afterPropertiesSet$5(RepositoryFactoryBeanSupport.java:279)
	at org.springframework.data.util.Lazy.getNullable(Lazy.java:245)
	at org.springframework.data.util.Lazy.get(Lazy.java:114)
	at org.springframework.data.repository.core.support.RepositoryFactoryBeanSupport.afterPropertiesSet(RepositoryFactoryBeanSupport.java:285)
	at org.springframework.data.jpa.repository.support.JpaRepositoryFactoryBean.afterPropertiesSet(JpaRepositoryFactoryBean.java:132)
	at org.springframework.beans.factory.support.AbstractAutowireCapableBeanFactory.invokeInitMethods(AbstractAutowireCapableBeanFactory.java:1817)
	at org.springframework.beans.factory.support.AbstractAutowireCapableBeanFactory.initializeBean(AbstractAutowireCapableBeanFactory.java:1766)
	at org.springframework.beans.factory.support.AbstractAutowireCapableBeanFactory.doCreateBean(AbstractAutowireCapableBeanFactory.java:598)
	at org.springframework.beans.factory.support.AbstractAutowireCapableBeanFactory.createBean(AbstractAutowireCapableBeanFactory.java:520)
	at org.springframework.beans.factory.support.AbstractBeanFactory.lambda$doGetBean$0(AbstractBeanFactory.java:325)
	at org.springframework.beans.factory.support.DefaultSingletonBeanRegistry.getSingleton(DefaultSingletonBeanRegistry.java:234)
	at org.springframework.beans.factory.support.AbstractBeanFactory.doGetBean(AbstractBeanFactory.java:323)
	at org.springframework.beans.factory.support.AbstractBeanFactory.getBean(AbstractBeanFactory.java:199)
	at org.springframework.beans.factory.config.DependencyDescriptor.resolveCandidate(DependencyDescriptor.java:254)
	at org.springframework.beans.factory.support.DefaultListableBeanFactory.doResolveDependency(DefaultListableBeanFactory.java:1417)
	at org.springframework.beans.factory.support.DefaultListableBeanFactory.resolveDependency(DefaultListableBeanFactory.java:1337)
	at org.springframework.beans.factory.annotation.AutowiredAnnotationBeanPostProcessor$AutowiredFieldElement.resolveFieldValue(AutowiredAnnotationBeanPostProcessor.java:764)
	at org.springframework.beans.factory.annotation.AutowiredAnnotationBeanPostProcessor$AutowiredFieldElement.inject(AutowiredAnnotationBeanPostProcessor.java:747)
	at org.springframework.beans.factory.annotation.InjectionMetadata.inject(InjectionMetadata.java:145)
	at org.springframework.beans.factory.annotation.AutowiredAnnotationBeanPostProcessor.postProcessProperties(AutowiredAnnotationBeanPostProcessor.java:492)
	at org.springframework.beans.factory.support.AbstractAutowireCapableBeanFactory.populateBean(AbstractAutowireCapableBeanFactory.java:1416)
	at org.springframework.beans.factory.support.AbstractAutowireCapableBeanFactory.doCreateBean(AbstractAutowireCapableBeanFactory.java:597)
	at org.springframework.beans.factory.support.AbstractAutowireCapableBeanFactory.createBean(AbstractAutowireCapableBeanFactory.java:520)
	at org.springframework.beans.factory.support.AbstractBeanFactory.lambda$doGetBean$0(AbstractBeanFactory.java:325)
	at org.springframework.beans.factory.support.DefaultSingletonBeanRegistry.getSingleton(DefaultSingletonBeanRegistry.java:234)
	at org.springframework.beans.factory.support.AbstractBeanFactory.doGetBean(AbstractBeanFactory.java:323)
	at org.springframework.beans.factory.support.AbstractBeanFactory.getBean(AbstractBeanFactory.java:199)
	at org.springframework.beans.factory.config.DependencyDescriptor.resolveCandidate(DependencyDescriptor.java:254)
	at org.springframework.beans.factory.support.DefaultListableBeanFactory.doResolveDependency(DefaultListableBeanFactory.java:1417)
	at org.springframework.beans.factory.support.DefaultListableBeanFactory.resolveDependency(DefaultListableBeanFactory.java:1337)
	at org.springframework.beans.factory.annotation.AutowiredAnnotationBeanPostProcessor$AutowiredFieldElement.resolveFieldValue(AutowiredAnnotationBeanPostProcessor.java:764)
	at org.springframework.beans.factory.annotation.AutowiredAnnotationBeanPostProcessor$AutowiredFieldElement.inject(AutowiredAnnotationBeanPostProcessor.java:747)
	at org.springframework.beans.factory.annotation.InjectionMetadata.inject(InjectionMetadata.java:145)
	at org.springframework.beans.factory.annotation.AutowiredAnnotationBeanPostProcessor.postProcessProperties(AutowiredAnnotationBeanPostProcessor.java:492)
	at org.springframework.beans.factory.support.AbstractAutowireCapableBeanFactory.populateBean(AbstractAutowireCapableBeanFactory.java:1416)
	at org.springframework.beans.factory.support.AbstractAutowireCapableBeanFactory.doCreateBean(AbstractAutowireCapableBeanFactory.java:597)
	at org.springframework.beans.factory.support.AbstractAutowireCapableBeanFactory.createBean(AbstractAutowireCapableBeanFactory.java:520)
	at org.springframework.beans.factory.support.AbstractBeanFactory.lambda$doGetBean$0(AbstractBeanFactory.java:325)
	at org.springframework.beans.factory.support.DefaultSingletonBeanRegistry.getSingleton(DefaultSingletonBeanRegistry.java:234)
	at org.springframework.beans.factory.support.AbstractBeanFactory.doGetBean(AbstractBeanFactory.java:323)
	at org.springframework.beans.factory.support.AbstractBeanFactory.getBean(AbstractBeanFactory.java:199)
	at org.springframework.beans.factory.config.DependencyDescriptor.resolveCandidate(DependencyDescriptor.java:254)
	at org.springframework.beans.factory.support.DefaultListableBeanFactory.doResolveDependency(DefaultListableBeanFactory.java:1417)
	at org.springframework.beans.factory.support.DefaultListableBeanFactory.resolveDependency(DefaultListableBeanFactory.java:1337)
	at org.springframework.beans.factory.annotation.AutowiredAnnotationBeanPostProcessor$AutowiredFieldElement.resolveFieldValue(AutowiredAnnotationBeanPostProcessor.java:764)
	at org.springframework.beans.factory.annotation.AutowiredAnnotationBeanPostProcessor$AutowiredFieldElement.inject(AutowiredAnnotationBeanPostProcessor.java:747)
	at org.springframework.beans.factory.annotation.InjectionMetadata.inject(InjectionMetadata.java:145)
	at org.springframework.beans.factory.annotation.AutowiredAnnotationBeanPostProcessor.postProcessProperties(AutowiredAnnotationBeanPostProcessor.java:492)
	at org.springframework.beans.factory.support.AbstractAutowireCapableBeanFactory.populateBean(AbstractAutowireCapableBeanFactory.java:1416)
	at org.springframework.beans.factory.support.AbstractAutowireCapableBeanFactory.doCreateBean(AbstractAutowireCapableBeanFactory.java:597)
	at org.springframework.beans.factory.support.AbstractAutowireCapableBeanFactory.createBean(AbstractAutowireCapableBeanFactory.java:520)
	at org.springframework.beans.factory.support.AbstractBeanFactory.lambda$doGetBean$0(AbstractBeanFactory.java:325)
	at org.springframework.beans.factory.support.DefaultSingletonBeanRegistry.getSingleton(DefaultSingletonBeanRegistry.java:234)
	at org.springframework.beans.factory.support.AbstractBeanFactory.doGetBean(AbstractBeanFactory.java:323)
	at org.springframework.beans.factory.support.AbstractBeanFactory.getBean(AbstractBeanFactory.java:199)
	at org.springframework.beans.factory.support.DefaultListableBeanFactory.preInstantiateSingletons(DefaultListableBeanFactory.java:973)
	at org.springframework.context.support.AbstractApplicationContext.finishBeanFactoryInitialization(AbstractApplicationContext.java:950)
	at org.springframework.context.support.AbstractApplicationContext.refresh(AbstractApplicationContext.java:616)
	at org.springframework.boot.SpringApplication.refresh(SpringApplication.java:738)
	at org.springframework.boot.SpringApplication.refreshContext(SpringApplication.java:440)
	at org.springframework.boot.SpringApplication.run(SpringApplication.java:316)
	at org.springframework.boot.test.context.SpringBootContextLoader.lambda$loadContext$3(SpringBootContextLoader.java:137)
	at org.springframework.util.function.ThrowingSupplier.get(ThrowingSupplier.java:58)
	at org.springframework.util.function.ThrowingSupplier.get(ThrowingSupplier.java:46)
	at org.springframework.boot.SpringApplication.withHook(SpringApplication.java:1406)
	at org.springframework.boot.test.context.SpringBootContextLoader$ContextLoaderHook.run(SpringBootContextLoader.java:545)
	at org.springframework.boot.test.context.SpringBootContextLoader.loadContext(SpringBootContextLoader.java:137)
	at org.springframework.boot.test.context.SpringBootContextLoader.loadContext(SpringBootContextLoader.java:108)
	at org.springframework.test.context.cache.DefaultCacheAwareContextLoaderDelegate.loadContextInternal(DefaultCacheAwareContextLoaderDelegate.java:187)
	at org.springframework.test.context.cache.DefaultCacheAwareContextLoaderDelegate.loadContext(DefaultCacheAwareContextLoaderDelegate.java:119)
	at org.springframework.test.context.support.DefaultTestContext.getApplicationContext(DefaultTestContext.java:127)
	at org.springframework.test.context.web.ServletTestExecutionListener.setUpRequestContextIfNecessary(ServletTestExecutionListener.java:191)
	at org.springframework.test.context.web.ServletTestExecutionListener.prepareTestInstance(ServletTestExecutionListener.java:130)
	at org.springframework.test.context.TestContextManager.prepareTestInstance(TestContextManager.java:241)
	at org.springframework.test.context.junit.jupiter.SpringExtension.postProcessTestInstance(SpringExtension.java:138)
	at org.junit.jupiter.engine.descriptor.ClassBasedTestDescriptor.lambda$invokeTestInstancePostProcessors$10(ClassBasedTestDescriptor.java:377)
	at org.junit.jupiter.engine.descriptor.ClassBasedTestDescriptor.executeAndMaskThrowable(ClassBasedTestDescriptor.java:382)
	at org.junit.jupiter.engine.descriptor.ClassBasedTestDescriptor.lambda$invokeTestInstancePostProcessors$11(ClassBasedTestDescriptor.java:377)
	at java.base/java.util.stream.ReferencePipeline$3$1.accept(ReferencePipeline.java:197)
	at java.base/java.util.stream.ReferencePipeline$2$1.accept(ReferencePipeline.java:179)
	at java.base/java.util.ArrayList$ArrayListSpliterator.forEachRemaining(ArrayList.java:1625)
	at java.base/java.util.stream.AbstractPipeline.copyInto(AbstractPipeline.java:509)
	at java.base/java.util.stream.AbstractPipeline.wrapAndCopyInto(AbstractPipeline.java:499)
	at java.base/java.util.stream.StreamSpliterators$WrappingSpliterator.forEachRemaining(StreamSpliterators.java:310)
	at java.base/java.util.stream.Streams$ConcatSpliterator.forEachRemaining(Streams.java:735)
	at java.base/java.util.stream.Streams$ConcatSpliterator.forEachRemaining(Streams.java:734)
	at java.base/java.util.stream.ReferencePipeline$Head.forEach(ReferencePipeline.java:762)
	at org.junit.jupiter.engine.descriptor.ClassBasedTestDescriptor.invokeTestInstancePostProcessors(ClassBasedTestDescriptor.java:376)
	at org.junit.jupiter.engine.descriptor.ClassBasedTestDescriptor.lambda$instantiateAndPostProcessTestInstance$6(ClassBasedTestDescriptor.java:289)
	at org.junit.platform.engine.support.hierarchical.ThrowableCollector.execute(ThrowableCollector.java:73)
	at org.junit.jupiter.engine.descriptor.ClassBasedTestDescriptor.instantiateAndPostProcessTestInstance(ClassBasedTestDescriptor.java:288)
	at org.junit.jupiter.engine.descriptor.ClassBasedTestDescriptor.lambda$testInstancesProvider$4(ClassBasedTestDescriptor.java:278)
	at java.base/java.util.Optional.orElseGet(Optional.java:364)
	at org.junit.jupiter.engine.descriptor.ClassBasedTestDescriptor.lambda$testInstancesProvider$5(ClassBasedTestDescriptor.java:277)
	at org.junit.jupiter.engine.execution.TestInstancesProvider.getTestInstances(TestInstancesProvider.java:31)
	at org.junit.jupiter.engine.descriptor.TestMethodTestDescriptor.lambda$prepare$0(TestMethodTestDescriptor.java:105)
	at org.junit.platform.engine.support.hierarchical.ThrowableCollector.execute(ThrowableCollector.java:73)
	at org.junit.jupiter.engine.descriptor.TestMethodTestDescriptor.prepare(TestMethodTestDescriptor.java:104)
	at org.junit.jupiter.engine.descriptor.TestMethodTestDescriptor.prepare(TestMethodTestDescriptor.java:68)
	at org.junit.platform.engine.support.hierarchical.NodeTestTask.lambda$prepare$2(NodeTestTask.java:123)
	at org.junit.platform.engine.support.hierarchical.ThrowableCollector.execute(ThrowableCollector.java:73)
	at org.junit.platform.engine.support.hierarchical.NodeTestTask.prepare(NodeTestTask.java:123)
	at org.junit.platform.engine.support.hierarchical.NodeTestTask.execute(NodeTestTask.java:90)
	at java.base/java.util.ArrayList.forEach(ArrayList.java:1511)
	at org.junit.platform.engine.support.hierarchical.SameThreadHierarchicalTestExecutorService.invokeAll(SameThreadHierarchicalTestExecutorService.java:41)
	at org.junit.platform.engine.support.hierarchical.NodeTestTask.lambda$executeRecursively$6(NodeTestTask.java:155)
	at org.junit.platform.engine.support.hierarchical.ThrowableCollector.execute(ThrowableCollector.java:73)
	at org.junit.platform.engine.support.hierarchical.NodeTestTask.lambda$executeRecursively$8(NodeTestTask.java:141)
	at org.junit.platform.engine.support.hierarchical.Node.around(Node.java:137)
	at org.junit.platform.engine.support.hierarchical.NodeTestTask.lambda$executeRecursively$9(NodeTestTask.java:139)
	at org.junit.platform.engine.support.hierarchical.ThrowableCollector.execute(ThrowableCollector.java:73)
	at org.junit.platform.engine.support.hierarchical.NodeTestTask.executeRecursively(NodeTestTask.java:138)
	at org.junit.platform.engine.support.hierarchical.NodeTestTask.execute(NodeTestTask.java:95)
	at java.base/java.util.ArrayList.forEach(ArrayList.java:1511)
	at org.junit.platform.engine.support.hierarchical.SameThreadHierarchicalTestExecutorService.invokeAll(SameThreadHierarchicalTestExecutorService.java:41)
	at org.junit.platform.engine.support.hierarchical.NodeTestTask.lambda$executeRecursively$6(NodeTestTask.java:155)
	at org.junit.platform.engine.support.hierarchical.ThrowableCollector.execute(ThrowableCollector.java:73)
	at org.junit.platform.engine.support.hierarchical.NodeTestTask.lambda$executeRecursively$8(NodeTestTask.java:141)
	at org.junit.platform.engine.support.hierarchical.Node.around(Node.java:137)
	at org.junit.platform.engine.support.hierarchical.NodeTestTask.lambda$executeRecursively$9(NodeTestTask.java:139)
	at org.junit.platform.engine.support.hierarchical.ThrowableCollector.execute(ThrowableCollector.java:73)
	at org.junit.platform.engine.support.hierarchical.NodeTestTask.executeRecursively(NodeTestTask.java:138)
	at org.junit.platform.engine.support.hierarchical.NodeTestTask.execute(NodeTestTask.java:95)
	at org.junit.platform.engine.support.hierarchical.SameThreadHierarchicalTestExecutorService.submit(SameThreadHierarchicalTestExecutorService.java:35)
	at org.junit.platform.engine.support.hierarchical.HierarchicalTestExecutor.execute(HierarchicalTestExecutor.java:57)
	at org.junit.platform.engine.support.hierarchical.HierarchicalTestEngine.execute(HierarchicalTestEngine.java:54)
	at org.junit.platform.launcher.core.EngineExecutionOrchestrator.execute(EngineExecutionOrchestrator.java:147)
	at org.junit.platform.launcher.core.EngineExecutionOrchestrator.execute(EngineExecutionOrchestrator.java:127)
	at org.junit.platform.launcher.core.EngineExecutionOrchestrator.execute(EngineExecutionOrchestrator.java:90)
	at org.junit.platform.launcher.core.EngineExecutionOrchestrator.lambda$execute$0(EngineExecutionOrchestrator.java:55)
	at org.junit.platform.launcher.core.EngineExecutionOrchestrator.withInterceptedStreams(EngineExecutionOrchestrator.java:102)
	at org.junit.platform.launcher.core.EngineExecutionOrchestrator.execute(EngineExecutionOrchestrator.java:54)
	at org.junit.platform.launcher.core.DefaultLauncher.execute(DefaultLauncher.java:114)
	at org.junit.platform.launcher.core.DefaultLauncher.execute(DefaultLauncher.java:86)
	at org.junit.platform.launcher.core.DefaultLauncherSession$DelegatingLauncher.execute(DefaultLauncherSession.java:86)
	at org.apache.maven.surefire.junitplatform.LazyLauncher.execute(LazyLauncher.java:50)
	at org.apache.maven.surefire.junitplatform.JUnitPlatformProvider.execute(JUnitPlatformProvider.java:184)
	at org.apache.maven.surefire.junitplatform.JUnitPlatformProvider.invokeAllTests(JUnitPlatformProvider.java:148)
	at org.apache.maven.surefire.junitplatform.JUnitPlatformProvider.invoke(JUnitPlatformProvider.java:122)
	at org.apache.maven.surefire.booter.ForkedBooter.runSuitesInProcess(ForkedBooter.java:385)
	at org.apache.maven.surefire.booter.ForkedBooter.execute(ForkedBooter.java:162)
	at org.apache.maven.surefire.booter.ForkedBooter.run(ForkedBooter.java:507)
	at org.apache.maven.surefire.booter.ForkedBooter.main(ForkedBooter.java:495)
2023-11-24 12:36:46,877 TRACE o.h.i.SessionImpl [SessionImpl.java:402] Closing session [cdd19e0c-5798-40cd-b0b7-7467417fb136]
2023-11-24 12:36:46,877 TRACE o.h.e.j.i.JdbcCoordinatorImpl [JdbcCoordinatorImpl.java:152] Closing JDBC container [org.hibernate.engine.jdbc.internal.JdbcCoordinatorImpl@6fdecf49]
2023-11-24 12:36:46,877 TRACE o.h.r.j.i.ResourceRegistryStandardImpl [ResourceRegistryStandardImpl.java:329] Releasing JDBC resources
2023-11-24 12:36:46,877 TRACE o.h.r.j.i.LogicalConnectionManagedImpl [LogicalConnectionManagedImpl.java:256] Closing logical connection
2023-11-24 12:36:46,877 TRACE o.h.r.j.i.LogicalConnectionManagedImpl [LogicalConnectionManagedImpl.java:263] Logical connection closed
2023-11-24 12:36:46,877 TRACE o.h.i.SessionFactoryImpl$SessionBuilderImpl [SessionFactoryImpl.java:1298] Opening Hibernate Session.  tenant=null
2023-11-24 12:36:46,877 TRACE o.h.i.SessionImpl [SessionImpl.java:262] Opened Session [e7153bcc-932b-47b9-afbe-bb9c0305ec2c] at timestamp: 1700825806877
2023-11-24 12:36:46,878 TRACE o.h.i.SessionImpl [SessionImpl.java:402] Closing session [e7153bcc-932b-47b9-afbe-bb9c0305ec2c]
2023-11-24 12:36:46,878 TRACE o.h.e.j.i.JdbcCoordinatorImpl [JdbcCoordinatorImpl.java:152] Closing JDBC container [org.hibernate.engine.jdbc.internal.JdbcCoordinatorImpl@7baf6fe2]
2023-11-24 12:36:46,878 TRACE o.h.r.j.i.ResourceRegistryStandardImpl [ResourceRegistryStandardImpl.java:329] Releasing JDBC resources
2023-11-24 12:36:46,878 TRACE o.h.r.j.i.LogicalConnectionManagedImpl [LogicalConnectionManagedImpl.java:256] Closing logical connection
2023-11-24 12:36:46,878 TRACE o.h.r.j.i.LogicalConnectionManagedImpl [LogicalConnectionManagedImpl.java:263] Logical connection closed
2023-11-24 12:36:46,879 TRACE o.h.i.SessionFactoryImpl$SessionBuilderImpl [SessionFactoryImpl.java:1298] Opening Hibernate Session.  tenant=null
2023-11-24 12:36:46,879 TRACE o.h.i.SessionImpl [SessionImpl.java:262] Opened Session [6f364604-7513-4021-8861-e658c6444db9] at timestamp: 1700825806879
2023-11-24 12:36:46,880 DEBUG o.h.r.t.b.j.i.JdbcResourceLocalTransactionCoordinatorImpl [JdbcResourceLocalTransactionCoordinatorImpl.java:310] JDBC transaction marked for rollback-only (exception provided for stack trace)
java.lang.Exception: exception just for purpose of providing stack trace
	at org.hibernate.resource.transaction.backend.jdbc.internal.JdbcResourceLocalTransactionCoordinatorImpl$TransactionDriverControlImpl.markRollbackOnly(JdbcResourceLocalTransactionCoordinatorImpl.java:310)
	at org.hibernate.internal.AbstractSharedSessionContract.buildNamedQuery(AbstractSharedSessionContract.java:1021)
	at org.hibernate.internal.AbstractSharedSessionContract.createNamedQuery(AbstractSharedSessionContract.java:899)
	at org.hibernate.internal.AbstractSharedSessionContract.createNamedQuery(AbstractSharedSessionContract.java:120)
	at jdk.internal.reflect.GeneratedMethodAccessor47.invoke(Unknown Source)
	at java.base/jdk.internal.reflect.DelegatingMethodAccessorImpl.invoke(DelegatingMethodAccessorImpl.java:43)
	at java.base/java.lang.reflect.Method.invoke(Method.java:568)
	at org.springframework.orm.jpa.ExtendedEntityManagerCreator$ExtendedEntityManagerInvocationHandler.invoke(ExtendedEntityManagerCreator.java:360)
	at jdk.proxy2/jdk.proxy2.$Proxy191.createNamedQuery(Unknown Source)
	at org.springframework.data.jpa.repository.query.NamedQuery.hasNamedQuery(NamedQuery.java:113)
	at org.springframework.data.jpa.repository.query.NamedQuery.lookupFrom(NamedQuery.java:141)
	at org.springframework.data.jpa.repository.query.JpaQueryLookupStrategy$DeclaredQueryLookupStrategy.resolveQuery(JpaQueryLookupStrategy.java:180)
	at org.springframework.data.jpa.repository.query.JpaQueryLookupStrategy$CreateIfNotFoundQueryLookupStrategy.resolveQuery(JpaQueryLookupStrategy.java:252)
	at org.springframework.data.jpa.repository.query.JpaQueryLookupStrategy$AbstractQueryLookupStrategy.resolveQuery(JpaQueryLookupStrategy.java:95)
	at org.springframework.data.repository.core.support.QueryExecutorMethodInterceptor.lookupQuery(QueryExecutorMethodInterceptor.java:111)
	at org.springframework.data.repository.core.support.QueryExecutorMethodInterceptor.mapMethodsToQuery(QueryExecutorMethodInterceptor.java:99)
	at org.springframework.data.repository.core.support.QueryExecutorMethodInterceptor.lambda$new$0(QueryExecutorMethodInterceptor.java:88)
	at java.base/java.util.Optional.map(Optional.java:260)
	at org.springframework.data.repository.core.support.QueryExecutorMethodInterceptor.<init>(QueryExecutorMethodInterceptor.java:88)
	at org.springframework.data.repository.core.support.RepositoryFactorySupport.getRepository(RepositoryFactorySupport.java:357)
	at org.springframework.data.repository.core.support.RepositoryFactoryBeanSupport.lambda$afterPropertiesSet$5(RepositoryFactoryBeanSupport.java:279)
	at org.springframework.data.util.Lazy.getNullable(Lazy.java:245)
	at org.springframework.data.util.Lazy.get(Lazy.java:114)
	at org.springframework.data.repository.core.support.RepositoryFactoryBeanSupport.afterPropertiesSet(RepositoryFactoryBeanSupport.java:285)
	at org.springframework.data.jpa.repository.support.JpaRepositoryFactoryBean.afterPropertiesSet(JpaRepositoryFactoryBean.java:132)
	at org.springframework.beans.factory.support.AbstractAutowireCapableBeanFactory.invokeInitMethods(AbstractAutowireCapableBeanFactory.java:1817)
	at org.springframework.beans.factory.support.AbstractAutowireCapableBeanFactory.initializeBean(AbstractAutowireCapableBeanFactory.java:1766)
	at org.springframework.beans.factory.support.AbstractAutowireCapableBeanFactory.doCreateBean(AbstractAutowireCapableBeanFactory.java:598)
	at org.springframework.beans.factory.support.AbstractAutowireCapableBeanFactory.createBean(AbstractAutowireCapableBeanFactory.java:520)
	at org.springframework.beans.factory.support.AbstractBeanFactory.lambda$doGetBean$0(AbstractBeanFactory.java:325)
	at org.springframework.beans.factory.support.DefaultSingletonBeanRegistry.getSingleton(DefaultSingletonBeanRegistry.java:234)
	at org.springframework.beans.factory.support.AbstractBeanFactory.doGetBean(AbstractBeanFactory.java:323)
	at org.springframework.beans.factory.support.AbstractBeanFactory.getBean(AbstractBeanFactory.java:199)
	at org.springframework.beans.factory.config.DependencyDescriptor.resolveCandidate(DependencyDescriptor.java:254)
	at org.springframework.beans.factory.support.DefaultListableBeanFactory.doResolveDependency(DefaultListableBeanFactory.java:1417)
	at org.springframework.beans.factory.support.DefaultListableBeanFactory.resolveDependency(DefaultListableBeanFactory.java:1337)
	at org.springframework.beans.factory.annotation.AutowiredAnnotationBeanPostProcessor$AutowiredFieldElement.resolveFieldValue(AutowiredAnnotationBeanPostProcessor.java:764)
	at org.springframework.beans.factory.annotation.AutowiredAnnotationBeanPostProcessor$AutowiredFieldElement.inject(AutowiredAnnotationBeanPostProcessor.java:747)
	at org.springframework.beans.factory.annotation.InjectionMetadata.inject(InjectionMetadata.java:145)
	at org.springframework.beans.factory.annotation.AutowiredAnnotationBeanPostProcessor.postProcessProperties(AutowiredAnnotationBeanPostProcessor.java:492)
	at org.springframework.beans.factory.support.AbstractAutowireCapableBeanFactory.populateBean(AbstractAutowireCapableBeanFactory.java:1416)
	at org.springframework.beans.factory.support.AbstractAutowireCapableBeanFactory.doCreateBean(AbstractAutowireCapableBeanFactory.java:597)
	at org.springframework.beans.factory.support.AbstractAutowireCapableBeanFactory.createBean(AbstractAutowireCapableBeanFactory.java:520)
	at org.springframework.beans.factory.support.AbstractBeanFactory.lambda$doGetBean$0(AbstractBeanFactory.java:325)
	at org.springframework.beans.factory.support.DefaultSingletonBeanRegistry.getSingleton(DefaultSingletonBeanRegistry.java:234)
	at org.springframework.beans.factory.support.AbstractBeanFactory.doGetBean(AbstractBeanFactory.java:323)
	at org.springframework.beans.factory.support.AbstractBeanFactory.getBean(AbstractBeanFactory.java:199)
	at org.springframework.beans.factory.config.DependencyDescriptor.resolveCandidate(DependencyDescriptor.java:254)
	at org.springframework.beans.factory.support.DefaultListableBeanFactory.doResolveDependency(DefaultListableBeanFactory.java:1417)
	at org.springframework.beans.factory.support.DefaultListableBeanFactory.resolveDependency(DefaultListableBeanFactory.java:1337)
	at org.springframework.beans.factory.annotation.AutowiredAnnotationBeanPostProcessor$AutowiredFieldElement.resolveFieldValue(AutowiredAnnotationBeanPostProcessor.java:764)
	at org.springframework.beans.factory.annotation.AutowiredAnnotationBeanPostProcessor$AutowiredFieldElement.inject(AutowiredAnnotationBeanPostProcessor.java:747)
	at org.springframework.beans.factory.annotation.InjectionMetadata.inject(InjectionMetadata.java:145)
	at org.springframework.beans.factory.annotation.AutowiredAnnotationBeanPostProcessor.postProcessProperties(AutowiredAnnotationBeanPostProcessor.java:492)
	at org.springframework.beans.factory.support.AbstractAutowireCapableBeanFactory.populateBean(AbstractAutowireCapableBeanFactory.java:1416)
	at org.springframework.beans.factory.support.AbstractAutowireCapableBeanFactory.doCreateBean(AbstractAutowireCapableBeanFactory.java:597)
	at org.springframework.beans.factory.support.AbstractAutowireCapableBeanFactory.createBean(AbstractAutowireCapableBeanFactory.java:520)
	at org.springframework.beans.factory.support.AbstractBeanFactory.lambda$doGetBean$0(AbstractBeanFactory.java:325)
	at org.springframework.beans.factory.support.DefaultSingletonBeanRegistry.getSingleton(DefaultSingletonBeanRegistry.java:234)
	at org.springframework.beans.factory.support.AbstractBeanFactory.doGetBean(AbstractBeanFactory.java:323)
	at org.springframework.beans.factory.support.AbstractBeanFactory.getBean(AbstractBeanFactory.java:199)
	at org.springframework.beans.factory.config.DependencyDescriptor.resolveCandidate(DependencyDescriptor.java:254)
	at org.springframework.beans.factory.support.DefaultListableBeanFactory.doResolveDependency(DefaultListableBeanFactory.java:1417)
	at org.springframework.beans.factory.support.DefaultListableBeanFactory.resolveDependency(DefaultListableBeanFactory.java:1337)
	at org.springframework.beans.factory.annotation.AutowiredAnnotationBeanPostProcessor$AutowiredFieldElement.resolveFieldValue(AutowiredAnnotationBeanPostProcessor.java:764)
	at org.springframework.beans.factory.annotation.AutowiredAnnotationBeanPostProcessor$AutowiredFieldElement.inject(AutowiredAnnotationBeanPostProcessor.java:747)
	at org.springframework.beans.factory.annotation.InjectionMetadata.inject(InjectionMetadata.java:145)
	at org.springframework.beans.factory.annotation.AutowiredAnnotationBeanPostProcessor.postProcessProperties(AutowiredAnnotationBeanPostProcessor.java:492)
	at org.springframework.beans.factory.support.AbstractAutowireCapableBeanFactory.populateBean(AbstractAutowireCapableBeanFactory.java:1416)
	at org.springframework.beans.factory.support.AbstractAutowireCapableBeanFactory.doCreateBean(AbstractAutowireCapableBeanFactory.java:597)
	at org.springframework.beans.factory.support.AbstractAutowireCapableBeanFactory.createBean(AbstractAutowireCapableBeanFactory.java:520)
	at org.springframework.beans.factory.support.AbstractBeanFactory.lambda$doGetBean$0(AbstractBeanFactory.java:325)
	at org.springframework.beans.factory.support.DefaultSingletonBeanRegistry.getSingleton(DefaultSingletonBeanRegistry.java:234)
	at org.springframework.beans.factory.support.AbstractBeanFactory.doGetBean(AbstractBeanFactory.java:323)
	at org.springframework.beans.factory.support.AbstractBeanFactory.getBean(AbstractBeanFactory.java:199)
	at org.springframework.beans.factory.support.DefaultListableBeanFactory.preInstantiateSingletons(DefaultListableBeanFactory.java:973)
	at org.springframework.context.support.AbstractApplicationContext.finishBeanFactoryInitialization(AbstractApplicationContext.java:950)
	at org.springframework.context.support.AbstractApplicationContext.refresh(AbstractApplicationContext.java:616)
	at org.springframework.boot.SpringApplication.refresh(SpringApplication.java:738)
	at org.springframework.boot.SpringApplication.refreshContext(SpringApplication.java:440)
	at org.springframework.boot.SpringApplication.run(SpringApplication.java:316)
	at org.springframework.boot.test.context.SpringBootContextLoader.lambda$loadContext$3(SpringBootContextLoader.java:137)
	at org.springframework.util.function.ThrowingSupplier.get(ThrowingSupplier.java:58)
	at org.springframework.util.function.ThrowingSupplier.get(ThrowingSupplier.java:46)
	at org.springframework.boot.SpringApplication.withHook(SpringApplication.java:1406)
	at org.springframework.boot.test.context.SpringBootContextLoader$ContextLoaderHook.run(SpringBootContextLoader.java:545)
	at org.springframework.boot.test.context.SpringBootContextLoader.loadContext(SpringBootContextLoader.java:137)
	at org.springframework.boot.test.context.SpringBootContextLoader.loadContext(SpringBootContextLoader.java:108)
	at org.springframework.test.context.cache.DefaultCacheAwareContextLoaderDelegate.loadContextInternal(DefaultCacheAwareContextLoaderDelegate.java:187)
	at org.springframework.test.context.cache.DefaultCacheAwareContextLoaderDelegate.loadContext(DefaultCacheAwareContextLoaderDelegate.java:119)
	at org.springframework.test.context.support.DefaultTestContext.getApplicationContext(DefaultTestContext.java:127)
	at org.springframework.test.context.web.ServletTestExecutionListener.setUpRequestContextIfNecessary(ServletTestExecutionListener.java:191)
	at org.springframework.test.context.web.ServletTestExecutionListener.prepareTestInstance(ServletTestExecutionListener.java:130)
	at org.springframework.test.context.TestContextManager.prepareTestInstance(TestContextManager.java:241)
	at org.springframework.test.context.junit.jupiter.SpringExtension.postProcessTestInstance(SpringExtension.java:138)
	at org.junit.jupiter.engine.descriptor.ClassBasedTestDescriptor.lambda$invokeTestInstancePostProcessors$10(ClassBasedTestDescriptor.java:377)
	at org.junit.jupiter.engine.descriptor.ClassBasedTestDescriptor.executeAndMaskThrowable(ClassBasedTestDescriptor.java:382)
	at org.junit.jupiter.engine.descriptor.ClassBasedTestDescriptor.lambda$invokeTestInstancePostProcessors$11(ClassBasedTestDescriptor.java:377)
	at java.base/java.util.stream.ReferencePipeline$3$1.accept(ReferencePipeline.java:197)
	at java.base/java.util.stream.ReferencePipeline$2$1.accept(ReferencePipeline.java:179)
	at java.base/java.util.ArrayList$ArrayListSpliterator.forEachRemaining(ArrayList.java:1625)
	at java.base/java.util.stream.AbstractPipeline.copyInto(AbstractPipeline.java:509)
	at java.base/java.util.stream.AbstractPipeline.wrapAndCopyInto(AbstractPipeline.java:499)
	at java.base/java.util.stream.StreamSpliterators$WrappingSpliterator.forEachRemaining(StreamSpliterators.java:310)
	at java.base/java.util.stream.Streams$ConcatSpliterator.forEachRemaining(Streams.java:735)
	at java.base/java.util.stream.Streams$ConcatSpliterator.forEachRemaining(Streams.java:734)
	at java.base/java.util.stream.ReferencePipeline$Head.forEach(ReferencePipeline.java:762)
	at org.junit.jupiter.engine.descriptor.ClassBasedTestDescriptor.invokeTestInstancePostProcessors(ClassBasedTestDescriptor.java:376)
	at org.junit.jupiter.engine.descriptor.ClassBasedTestDescriptor.lambda$instantiateAndPostProcessTestInstance$6(ClassBasedTestDescriptor.java:289)
	at org.junit.platform.engine.support.hierarchical.ThrowableCollector.execute(ThrowableCollector.java:73)
	at org.junit.jupiter.engine.descriptor.ClassBasedTestDescriptor.instantiateAndPostProcessTestInstance(ClassBasedTestDescriptor.java:288)
	at org.junit.jupiter.engine.descriptor.ClassBasedTestDescriptor.lambda$testInstancesProvider$4(ClassBasedTestDescriptor.java:278)
	at java.base/java.util.Optional.orElseGet(Optional.java:364)
	at org.junit.jupiter.engine.descriptor.ClassBasedTestDescriptor.lambda$testInstancesProvider$5(ClassBasedTestDescriptor.java:277)
	at org.junit.jupiter.engine.execution.TestInstancesProvider.getTestInstances(TestInstancesProvider.java:31)
	at org.junit.jupiter.engine.descriptor.TestMethodTestDescriptor.lambda$prepare$0(TestMethodTestDescriptor.java:105)
	at org.junit.platform.engine.support.hierarchical.ThrowableCollector.execute(ThrowableCollector.java:73)
	at org.junit.jupiter.engine.descriptor.TestMethodTestDescriptor.prepare(TestMethodTestDescriptor.java:104)
	at org.junit.jupiter.engine.descriptor.TestMethodTestDescriptor.prepare(TestMethodTestDescriptor.java:68)
	at org.junit.platform.engine.support.hierarchical.NodeTestTask.lambda$prepare$2(NodeTestTask.java:123)
	at org.junit.platform.engine.support.hierarchical.ThrowableCollector.execute(ThrowableCollector.java:73)
	at org.junit.platform.engine.support.hierarchical.NodeTestTask.prepare(NodeTestTask.java:123)
	at org.junit.platform.engine.support.hierarchical.NodeTestTask.execute(NodeTestTask.java:90)
	at java.base/java.util.ArrayList.forEach(ArrayList.java:1511)
	at org.junit.platform.engine.support.hierarchical.SameThreadHierarchicalTestExecutorService.invokeAll(SameThreadHierarchicalTestExecutorService.java:41)
	at org.junit.platform.engine.support.hierarchical.NodeTestTask.lambda$executeRecursively$6(NodeTestTask.java:155)
	at org.junit.platform.engine.support.hierarchical.ThrowableCollector.execute(ThrowableCollector.java:73)
	at org.junit.platform.engine.support.hierarchical.NodeTestTask.lambda$executeRecursively$8(NodeTestTask.java:141)
	at org.junit.platform.engine.support.hierarchical.Node.around(Node.java:137)
	at org.junit.platform.engine.support.hierarchical.NodeTestTask.lambda$executeRecursively$9(NodeTestTask.java:139)
	at org.junit.platform.engine.support.hierarchical.ThrowableCollector.execute(ThrowableCollector.java:73)
	at org.junit.platform.engine.support.hierarchical.NodeTestTask.executeRecursively(NodeTestTask.java:138)
	at org.junit.platform.engine.support.hierarchical.NodeTestTask.execute(NodeTestTask.java:95)
	at java.base/java.util.ArrayList.forEach(ArrayList.java:1511)
	at org.junit.platform.engine.support.hierarchical.SameThreadHierarchicalTestExecutorService.invokeAll(SameThreadHierarchicalTestExecutorService.java:41)
	at org.junit.platform.engine.support.hierarchical.NodeTestTask.lambda$executeRecursively$6(NodeTestTask.java:155)
	at org.junit.platform.engine.support.hierarchical.ThrowableCollector.execute(ThrowableCollector.java:73)
	at org.junit.platform.engine.support.hierarchical.NodeTestTask.lambda$executeRecursively$8(NodeTestTask.java:141)
	at org.junit.platform.engine.support.hierarchical.Node.around(Node.java:137)
	at org.junit.platform.engine.support.hierarchical.NodeTestTask.lambda$executeRecursively$9(NodeTestTask.java:139)
	at org.junit.platform.engine.support.hierarchical.ThrowableCollector.execute(ThrowableCollector.java:73)
	at org.junit.platform.engine.support.hierarchical.NodeTestTask.executeRecursively(NodeTestTask.java:138)
	at org.junit.platform.engine.support.hierarchical.NodeTestTask.execute(NodeTestTask.java:95)
	at org.junit.platform.engine.support.hierarchical.SameThreadHierarchicalTestExecutorService.submit(SameThreadHierarchicalTestExecutorService.java:35)
	at org.junit.platform.engine.support.hierarchical.HierarchicalTestExecutor.execute(HierarchicalTestExecutor.java:57)
	at org.junit.platform.engine.support.hierarchical.HierarchicalTestEngine.execute(HierarchicalTestEngine.java:54)
	at org.junit.platform.launcher.core.EngineExecutionOrchestrator.execute(EngineExecutionOrchestrator.java:147)
	at org.junit.platform.launcher.core.EngineExecutionOrchestrator.execute(EngineExecutionOrchestrator.java:127)
	at org.junit.platform.launcher.core.EngineExecutionOrchestrator.execute(EngineExecutionOrchestrator.java:90)
	at org.junit.platform.launcher.core.EngineExecutionOrchestrator.lambda$execute$0(EngineExecutionOrchestrator.java:55)
	at org.junit.platform.launcher.core.EngineExecutionOrchestrator.withInterceptedStreams(EngineExecutionOrchestrator.java:102)
	at org.junit.platform.launcher.core.EngineExecutionOrchestrator.execute(EngineExecutionOrchestrator.java:54)
	at org.junit.platform.launcher.core.DefaultLauncher.execute(DefaultLauncher.java:114)
	at org.junit.platform.launcher.core.DefaultLauncher.execute(DefaultLauncher.java:86)
	at org.junit.platform.launcher.core.DefaultLauncherSession$DelegatingLauncher.execute(DefaultLauncherSession.java:86)
	at org.apache.maven.surefire.junitplatform.LazyLauncher.execute(LazyLauncher.java:50)
	at org.apache.maven.surefire.junitplatform.JUnitPlatformProvider.execute(JUnitPlatformProvider.java:184)
	at org.apache.maven.surefire.junitplatform.JUnitPlatformProvider.invokeAllTests(JUnitPlatformProvider.java:148)
	at org.apache.maven.surefire.junitplatform.JUnitPlatformProvider.invoke(JUnitPlatformProvider.java:122)
	at org.apache.maven.surefire.booter.ForkedBooter.runSuitesInProcess(ForkedBooter.java:385)
	at org.apache.maven.surefire.booter.ForkedBooter.execute(ForkedBooter.java:162)
	at org.apache.maven.surefire.booter.ForkedBooter.run(ForkedBooter.java:507)
	at org.apache.maven.surefire.booter.ForkedBooter.main(ForkedBooter.java:495)
2023-11-24 12:36:46,880 TRACE o.h.i.SessionImpl [SessionImpl.java:402] Closing session [6f364604-7513-4021-8861-e658c6444db9]
2023-11-24 12:36:46,880 TRACE o.h.e.j.i.JdbcCoordinatorImpl [JdbcCoordinatorImpl.java:152] Closing JDBC container [org.hibernate.engine.jdbc.internal.JdbcCoordinatorImpl@bd12228]
2023-11-24 12:36:46,881 TRACE o.h.r.j.i.ResourceRegistryStandardImpl [ResourceRegistryStandardImpl.java:329] Releasing JDBC resources
2023-11-24 12:36:46,881 TRACE o.h.r.j.i.LogicalConnectionManagedImpl [LogicalConnectionManagedImpl.java:256] Closing logical connection
2023-11-24 12:36:46,881 TRACE o.h.r.j.i.LogicalConnectionManagedImpl [LogicalConnectionManagedImpl.java:263] Logical connection closed
2023-11-24 12:36:46,881 TRACE o.h.i.SessionFactoryImpl$SessionBuilderImpl [SessionFactoryImpl.java:1298] Opening Hibernate Session.  tenant=null
2023-11-24 12:36:46,882 TRACE o.h.i.SessionImpl [SessionImpl.java:262] Opened Session [86218388-0d62-473c-b3d4-7f2ba3640dae] at timestamp: 1700825806882
2023-11-24 12:36:46,882 TRACE o.h.i.SessionImpl [SessionImpl.java:402] Closing session [86218388-0d62-473c-b3d4-7f2ba3640dae]
2023-11-24 12:36:46,882 TRACE o.h.e.j.i.JdbcCoordinatorImpl [JdbcCoordinatorImpl.java:152] Closing JDBC container [org.hibernate.engine.jdbc.internal.JdbcCoordinatorImpl@126c109c]
2023-11-24 12:36:46,882 TRACE o.h.r.j.i.ResourceRegistryStandardImpl [ResourceRegistryStandardImpl.java:329] Releasing JDBC resources
2023-11-24 12:36:46,882 TRACE o.h.r.j.i.LogicalConnectionManagedImpl [LogicalConnectionManagedImpl.java:256] Closing logical connection
2023-11-24 12:36:46,882 TRACE o.h.r.j.i.LogicalConnectionManagedImpl [LogicalConnectionManagedImpl.java:263] Logical connection closed
2023-11-24 12:36:46,886 TRACE o.h.i.SessionFactoryImpl$SessionBuilderImpl [SessionFactoryImpl.java:1298] Opening Hibernate Session.  tenant=null
2023-11-24 12:36:46,886 TRACE o.h.i.SessionImpl [SessionImpl.java:262] Opened Session [8035b24b-b33b-431a-bff6-adb26d90d78b] at timestamp: 1700825806886
2023-11-24 12:36:46,887 DEBUG o.h.r.t.b.j.i.JdbcResourceLocalTransactionCoordinatorImpl [JdbcResourceLocalTransactionCoordinatorImpl.java:310] JDBC transaction marked for rollback-only (exception provided for stack trace)
java.lang.Exception: exception just for purpose of providing stack trace
	at org.hibernate.resource.transaction.backend.jdbc.internal.JdbcResourceLocalTransactionCoordinatorImpl$TransactionDriverControlImpl.markRollbackOnly(JdbcResourceLocalTransactionCoordinatorImpl.java:310)
	at org.hibernate.internal.AbstractSharedSessionContract.buildNamedQuery(AbstractSharedSessionContract.java:1021)
	at org.hibernate.internal.AbstractSharedSessionContract.createNamedQuery(AbstractSharedSessionContract.java:899)
	at org.hibernate.internal.AbstractSharedSessionContract.createNamedQuery(AbstractSharedSessionContract.java:120)
	at jdk.internal.reflect.GeneratedMethodAccessor47.invoke(Unknown Source)
	at java.base/jdk.internal.reflect.DelegatingMethodAccessorImpl.invoke(DelegatingMethodAccessorImpl.java:43)
	at java.base/java.lang.reflect.Method.invoke(Method.java:568)
	at org.springframework.orm.jpa.ExtendedEntityManagerCreator$ExtendedEntityManagerInvocationHandler.invoke(ExtendedEntityManagerCreator.java:360)
	at jdk.proxy2/jdk.proxy2.$Proxy191.createNamedQuery(Unknown Source)
	at org.springframework.data.jpa.repository.query.NamedQuery.hasNamedQuery(NamedQuery.java:113)
	at org.springframework.data.jpa.repository.query.JpaQueryLookupStrategy$DeclaredQueryLookupStrategy.getCountQuery(JpaQueryLookupStrategy.java:204)
	at org.springframework.data.jpa.repository.query.JpaQueryLookupStrategy$DeclaredQueryLookupStrategy.resolveQuery(JpaQueryLookupStrategy.java:171)
	at org.springframework.data.jpa.repository.query.JpaQueryLookupStrategy$CreateIfNotFoundQueryLookupStrategy.resolveQuery(JpaQueryLookupStrategy.java:252)
	at org.springframework.data.jpa.repository.query.JpaQueryLookupStrategy$AbstractQueryLookupStrategy.resolveQuery(JpaQueryLookupStrategy.java:95)
	at org.springframework.data.repository.core.support.QueryExecutorMethodInterceptor.lookupQuery(QueryExecutorMethodInterceptor.java:111)
	at org.springframework.data.repository.core.support.QueryExecutorMethodInterceptor.mapMethodsToQuery(QueryExecutorMethodInterceptor.java:99)
	at org.springframework.data.repository.core.support.QueryExecutorMethodInterceptor.lambda$new$0(QueryExecutorMethodInterceptor.java:88)
	at java.base/java.util.Optional.map(Optional.java:260)
	at org.springframework.data.repository.core.support.QueryExecutorMethodInterceptor.<init>(QueryExecutorMethodInterceptor.java:88)
	at org.springframework.data.repository.core.support.RepositoryFactorySupport.getRepository(RepositoryFactorySupport.java:357)
	at org.springframework.data.repository.core.support.RepositoryFactoryBeanSupport.lambda$afterPropertiesSet$5(RepositoryFactoryBeanSupport.java:279)
	at org.springframework.data.util.Lazy.getNullable(Lazy.java:245)
	at org.springframework.data.util.Lazy.get(Lazy.java:114)
	at org.springframework.data.repository.core.support.RepositoryFactoryBeanSupport.afterPropertiesSet(RepositoryFactoryBeanSupport.java:285)
	at org.springframework.data.jpa.repository.support.JpaRepositoryFactoryBean.afterPropertiesSet(JpaRepositoryFactoryBean.java:132)
	at org.springframework.beans.factory.support.AbstractAutowireCapableBeanFactory.invokeInitMethods(AbstractAutowireCapableBeanFactory.java:1817)
	at org.springframework.beans.factory.support.AbstractAutowireCapableBeanFactory.initializeBean(AbstractAutowireCapableBeanFactory.java:1766)
	at org.springframework.beans.factory.support.AbstractAutowireCapableBeanFactory.doCreateBean(AbstractAutowireCapableBeanFactory.java:598)
	at org.springframework.beans.factory.support.AbstractAutowireCapableBeanFactory.createBean(AbstractAutowireCapableBeanFactory.java:520)
	at org.springframework.beans.factory.support.AbstractBeanFactory.lambda$doGetBean$0(AbstractBeanFactory.java:325)
	at org.springframework.beans.factory.support.DefaultSingletonBeanRegistry.getSingleton(DefaultSingletonBeanRegistry.java:234)
	at org.springframework.beans.factory.support.AbstractBeanFactory.doGetBean(AbstractBeanFactory.java:323)
	at org.springframework.beans.factory.support.AbstractBeanFactory.getBean(AbstractBeanFactory.java:199)
	at org.springframework.beans.factory.config.DependencyDescriptor.resolveCandidate(DependencyDescriptor.java:254)
	at org.springframework.beans.factory.support.DefaultListableBeanFactory.doResolveDependency(DefaultListableBeanFactory.java:1417)
	at org.springframework.beans.factory.support.DefaultListableBeanFactory.resolveDependency(DefaultListableBeanFactory.java:1337)
	at org.springframework.beans.factory.annotation.AutowiredAnnotationBeanPostProcessor$AutowiredFieldElement.resolveFieldValue(AutowiredAnnotationBeanPostProcessor.java:764)
	at org.springframework.beans.factory.annotation.AutowiredAnnotationBeanPostProcessor$AutowiredFieldElement.inject(AutowiredAnnotationBeanPostProcessor.java:747)
	at org.springframework.beans.factory.annotation.InjectionMetadata.inject(InjectionMetadata.java:145)
	at org.springframework.beans.factory.annotation.AutowiredAnnotationBeanPostProcessor.postProcessProperties(AutowiredAnnotationBeanPostProcessor.java:492)
	at org.springframework.beans.factory.support.AbstractAutowireCapableBeanFactory.populateBean(AbstractAutowireCapableBeanFactory.java:1416)
	at org.springframework.beans.factory.support.AbstractAutowireCapableBeanFactory.doCreateBean(AbstractAutowireCapableBeanFactory.java:597)
	at org.springframework.beans.factory.support.AbstractAutowireCapableBeanFactory.createBean(AbstractAutowireCapableBeanFactory.java:520)
	at org.springframework.beans.factory.support.AbstractBeanFactory.lambda$doGetBean$0(AbstractBeanFactory.java:325)
	at org.springframework.beans.factory.support.DefaultSingletonBeanRegistry.getSingleton(DefaultSingletonBeanRegistry.java:234)
	at org.springframework.beans.factory.support.AbstractBeanFactory.doGetBean(AbstractBeanFactory.java:323)
	at org.springframework.beans.factory.support.AbstractBeanFactory.getBean(AbstractBeanFactory.java:199)
	at org.springframework.beans.factory.config.DependencyDescriptor.resolveCandidate(DependencyDescriptor.java:254)
	at org.springframework.beans.factory.support.DefaultListableBeanFactory.doResolveDependency(DefaultListableBeanFactory.java:1417)
	at org.springframework.beans.factory.support.DefaultListableBeanFactory.resolveDependency(DefaultListableBeanFactory.java:1337)
	at org.springframework.beans.factory.annotation.AutowiredAnnotationBeanPostProcessor$AutowiredFieldElement.resolveFieldValue(AutowiredAnnotationBeanPostProcessor.java:764)
	at org.springframework.beans.factory.annotation.AutowiredAnnotationBeanPostProcessor$AutowiredFieldElement.inject(AutowiredAnnotationBeanPostProcessor.java:747)
	at org.springframework.beans.factory.annotation.InjectionMetadata.inject(InjectionMetadata.java:145)
	at org.springframework.beans.factory.annotation.AutowiredAnnotationBeanPostProcessor.postProcessProperties(AutowiredAnnotationBeanPostProcessor.java:492)
	at org.springframework.beans.factory.support.AbstractAutowireCapableBeanFactory.populateBean(AbstractAutowireCapableBeanFactory.java:1416)
	at org.springframework.beans.factory.support.AbstractAutowireCapableBeanFactory.doCreateBean(AbstractAutowireCapableBeanFactory.java:597)
	at org.springframework.beans.factory.support.AbstractAutowireCapableBeanFactory.createBean(AbstractAutowireCapableBeanFactory.java:520)
	at org.springframework.beans.factory.support.AbstractBeanFactory.lambda$doGetBean$0(AbstractBeanFactory.java:325)
	at org.springframework.beans.factory.support.DefaultSingletonBeanRegistry.getSingleton(DefaultSingletonBeanRegistry.java:234)
	at org.springframework.beans.factory.support.AbstractBeanFactory.doGetBean(AbstractBeanFactory.java:323)
	at org.springframework.beans.factory.support.AbstractBeanFactory.getBean(AbstractBeanFactory.java:199)
	at org.springframework.beans.factory.config.DependencyDescriptor.resolveCandidate(DependencyDescriptor.java:254)
	at org.springframework.beans.factory.support.DefaultListableBeanFactory.doResolveDependency(DefaultListableBeanFactory.java:1417)
	at org.springframework.beans.factory.support.DefaultListableBeanFactory.resolveDependency(DefaultListableBeanFactory.java:1337)
	at org.springframework.beans.factory.annotation.AutowiredAnnotationBeanPostProcessor$AutowiredFieldElement.resolveFieldValue(AutowiredAnnotationBeanPostProcessor.java:764)
	at org.springframework.beans.factory.annotation.AutowiredAnnotationBeanPostProcessor$AutowiredFieldElement.inject(AutowiredAnnotationBeanPostProcessor.java:747)
	at org.springframework.beans.factory.annotation.InjectionMetadata.inject(InjectionMetadata.java:145)
	at org.springframework.beans.factory.annotation.AutowiredAnnotationBeanPostProcessor.postProcessProperties(AutowiredAnnotationBeanPostProcessor.java:492)
	at org.springframework.beans.factory.support.AbstractAutowireCapableBeanFactory.populateBean(AbstractAutowireCapableBeanFactory.java:1416)
	at org.springframework.beans.factory.support.AbstractAutowireCapableBeanFactory.doCreateBean(AbstractAutowireCapableBeanFactory.java:597)
	at org.springframework.beans.factory.support.AbstractAutowireCapableBeanFactory.createBean(AbstractAutowireCapableBeanFactory.java:520)
	at org.springframework.beans.factory.support.AbstractBeanFactory.lambda$doGetBean$0(AbstractBeanFactory.java:325)
	at org.springframework.beans.factory.support.DefaultSingletonBeanRegistry.getSingleton(DefaultSingletonBeanRegistry.java:234)
	at org.springframework.beans.factory.support.AbstractBeanFactory.doGetBean(AbstractBeanFactory.java:323)
	at org.springframework.beans.factory.support.AbstractBeanFactory.getBean(AbstractBeanFactory.java:199)
	at org.springframework.beans.factory.support.DefaultListableBeanFactory.preInstantiateSingletons(DefaultListableBeanFactory.java:973)
	at org.springframework.context.support.AbstractApplicationContext.finishBeanFactoryInitialization(AbstractApplicationContext.java:950)
	at org.springframework.context.support.AbstractApplicationContext.refresh(AbstractApplicationContext.java:616)
	at org.springframework.boot.SpringApplication.refresh(SpringApplication.java:738)
	at org.springframework.boot.SpringApplication.refreshContext(SpringApplication.java:440)
	at org.springframework.boot.SpringApplication.run(SpringApplication.java:316)
	at org.springframework.boot.test.context.SpringBootContextLoader.lambda$loadContext$3(SpringBootContextLoader.java:137)
	at org.springframework.util.function.ThrowingSupplier.get(ThrowingSupplier.java:58)
	at org.springframework.util.function.ThrowingSupplier.get(ThrowingSupplier.java:46)
	at org.springframework.boot.SpringApplication.withHook(SpringApplication.java:1406)
	at org.springframework.boot.test.context.SpringBootContextLoader$ContextLoaderHook.run(SpringBootContextLoader.java:545)
	at org.springframework.boot.test.context.SpringBootContextLoader.loadContext(SpringBootContextLoader.java:137)
	at org.springframework.boot.test.context.SpringBootContextLoader.loadContext(SpringBootContextLoader.java:108)
	at org.springframework.test.context.cache.DefaultCacheAwareContextLoaderDelegate.loadContextInternal(DefaultCacheAwareContextLoaderDelegate.java:187)
	at org.springframework.test.context.cache.DefaultCacheAwareContextLoaderDelegate.loadContext(DefaultCacheAwareContextLoaderDelegate.java:119)
	at org.springframework.test.context.support.DefaultTestContext.getApplicationContext(DefaultTestContext.java:127)
	at org.springframework.test.context.web.ServletTestExecutionListener.setUpRequestContextIfNecessary(ServletTestExecutionListener.java:191)
	at org.springframework.test.context.web.ServletTestExecutionListener.prepareTestInstance(ServletTestExecutionListener.java:130)
	at org.springframework.test.context.TestContextManager.prepareTestInstance(TestContextManager.java:241)
	at org.springframework.test.context.junit.jupiter.SpringExtension.postProcessTestInstance(SpringExtension.java:138)
	at org.junit.jupiter.engine.descriptor.ClassBasedTestDescriptor.lambda$invokeTestInstancePostProcessors$10(ClassBasedTestDescriptor.java:377)
	at org.junit.jupiter.engine.descriptor.ClassBasedTestDescriptor.executeAndMaskThrowable(ClassBasedTestDescriptor.java:382)
	at org.junit.jupiter.engine.descriptor.ClassBasedTestDescriptor.lambda$invokeTestInstancePostProcessors$11(ClassBasedTestDescriptor.java:377)
	at java.base/java.util.stream.ReferencePipeline$3$1.accept(ReferencePipeline.java:197)
	at java.base/java.util.stream.ReferencePipeline$2$1.accept(ReferencePipeline.java:179)
	at java.base/java.util.ArrayList$ArrayListSpliterator.forEachRemaining(ArrayList.java:1625)
	at java.base/java.util.stream.AbstractPipeline.copyInto(AbstractPipeline.java:509)
	at java.base/java.util.stream.AbstractPipeline.wrapAndCopyInto(AbstractPipeline.java:499)
	at java.base/java.util.stream.StreamSpliterators$WrappingSpliterator.forEachRemaining(StreamSpliterators.java:310)
	at java.base/java.util.stream.Streams$ConcatSpliterator.forEachRemaining(Streams.java:735)
	at java.base/java.util.stream.Streams$ConcatSpliterator.forEachRemaining(Streams.java:734)
	at java.base/java.util.stream.ReferencePipeline$Head.forEach(ReferencePipeline.java:762)
	at org.junit.jupiter.engine.descriptor.ClassBasedTestDescriptor.invokeTestInstancePostProcessors(ClassBasedTestDescriptor.java:376)
	at org.junit.jupiter.engine.descriptor.ClassBasedTestDescriptor.lambda$instantiateAndPostProcessTestInstance$6(ClassBasedTestDescriptor.java:289)
	at org.junit.platform.engine.support.hierarchical.ThrowableCollector.execute(ThrowableCollector.java:73)
	at org.junit.jupiter.engine.descriptor.ClassBasedTestDescriptor.instantiateAndPostProcessTestInstance(ClassBasedTestDescriptor.java:288)
	at org.junit.jupiter.engine.descriptor.ClassBasedTestDescriptor.lambda$testInstancesProvider$4(ClassBasedTestDescriptor.java:278)
	at java.base/java.util.Optional.orElseGet(Optional.java:364)
	at org.junit.jupiter.engine.descriptor.ClassBasedTestDescriptor.lambda$testInstancesProvider$5(ClassBasedTestDescriptor.java:277)
	at org.junit.jupiter.engine.execution.TestInstancesProvider.getTestInstances(TestInstancesProvider.java:31)
	at org.junit.jupiter.engine.descriptor.TestMethodTestDescriptor.lambda$prepare$0(TestMethodTestDescriptor.java:105)
	at org.junit.platform.engine.support.hierarchical.ThrowableCollector.execute(ThrowableCollector.java:73)
	at org.junit.jupiter.engine.descriptor.TestMethodTestDescriptor.prepare(TestMethodTestDescriptor.java:104)
	at org.junit.jupiter.engine.descriptor.TestMethodTestDescriptor.prepare(TestMethodTestDescriptor.java:68)
	at org.junit.platform.engine.support.hierarchical.NodeTestTask.lambda$prepare$2(NodeTestTask.java:123)
	at org.junit.platform.engine.support.hierarchical.ThrowableCollector.execute(ThrowableCollector.java:73)
	at org.junit.platform.engine.support.hierarchical.NodeTestTask.prepare(NodeTestTask.java:123)
	at org.junit.platform.engine.support.hierarchical.NodeTestTask.execute(NodeTestTask.java:90)
	at java.base/java.util.ArrayList.forEach(ArrayList.java:1511)
	at org.junit.platform.engine.support.hierarchical.SameThreadHierarchicalTestExecutorService.invokeAll(SameThreadHierarchicalTestExecutorService.java:41)
	at org.junit.platform.engine.support.hierarchical.NodeTestTask.lambda$executeRecursively$6(NodeTestTask.java:155)
	at org.junit.platform.engine.support.hierarchical.ThrowableCollector.execute(ThrowableCollector.java:73)
	at org.junit.platform.engine.support.hierarchical.NodeTestTask.lambda$executeRecursively$8(NodeTestTask.java:141)
	at org.junit.platform.engine.support.hierarchical.Node.around(Node.java:137)
	at org.junit.platform.engine.support.hierarchical.NodeTestTask.lambda$executeRecursively$9(NodeTestTask.java:139)
	at org.junit.platform.engine.support.hierarchical.ThrowableCollector.execute(ThrowableCollector.java:73)
	at org.junit.platform.engine.support.hierarchical.NodeTestTask.executeRecursively(NodeTestTask.java:138)
	at org.junit.platform.engine.support.hierarchical.NodeTestTask.execute(NodeTestTask.java:95)
	at java.base/java.util.ArrayList.forEach(ArrayList.java:1511)
	at org.junit.platform.engine.support.hierarchical.SameThreadHierarchicalTestExecutorService.invokeAll(SameThreadHierarchicalTestExecutorService.java:41)
	at org.junit.platform.engine.support.hierarchical.NodeTestTask.lambda$executeRecursively$6(NodeTestTask.java:155)
	at org.junit.platform.engine.support.hierarchical.ThrowableCollector.execute(ThrowableCollector.java:73)
	at org.junit.platform.engine.support.hierarchical.NodeTestTask.lambda$executeRecursively$8(NodeTestTask.java:141)
	at org.junit.platform.engine.support.hierarchical.Node.around(Node.java:137)
	at org.junit.platform.engine.support.hierarchical.NodeTestTask.lambda$executeRecursively$9(NodeTestTask.java:139)
	at org.junit.platform.engine.support.hierarchical.ThrowableCollector.execute(ThrowableCollector.java:73)
	at org.junit.platform.engine.support.hierarchical.NodeTestTask.executeRecursively(NodeTestTask.java:138)
	at org.junit.platform.engine.support.hierarchical.NodeTestTask.execute(NodeTestTask.java:95)
	at org.junit.platform.engine.support.hierarchical.SameThreadHierarchicalTestExecutorService.submit(SameThreadHierarchicalTestExecutorService.java:35)
	at org.junit.platform.engine.support.hierarchical.HierarchicalTestExecutor.execute(HierarchicalTestExecutor.java:57)
	at org.junit.platform.engine.support.hierarchical.HierarchicalTestEngine.execute(HierarchicalTestEngine.java:54)
	at org.junit.platform.launcher.core.EngineExecutionOrchestrator.execute(EngineExecutionOrchestrator.java:147)
	at org.junit.platform.launcher.core.EngineExecutionOrchestrator.execute(EngineExecutionOrchestrator.java:127)
	at org.junit.platform.launcher.core.EngineExecutionOrchestrator.execute(EngineExecutionOrchestrator.java:90)
	at org.junit.platform.launcher.core.EngineExecutionOrchestrator.lambda$execute$0(EngineExecutionOrchestrator.java:55)
	at org.junit.platform.launcher.core.EngineExecutionOrchestrator.withInterceptedStreams(EngineExecutionOrchestrator.java:102)
	at org.junit.platform.launcher.core.EngineExecutionOrchestrator.execute(EngineExecutionOrchestrator.java:54)
	at org.junit.platform.launcher.core.DefaultLauncher.execute(DefaultLauncher.java:114)
	at org.junit.platform.launcher.core.DefaultLauncher.execute(DefaultLauncher.java:86)
	at org.junit.platform.launcher.core.DefaultLauncherSession$DelegatingLauncher.execute(DefaultLauncherSession.java:86)
	at org.apache.maven.surefire.junitplatform.LazyLauncher.execute(LazyLauncher.java:50)
	at org.apache.maven.surefire.junitplatform.JUnitPlatformProvider.execute(JUnitPlatformProvider.java:184)
	at org.apache.maven.surefire.junitplatform.JUnitPlatformProvider.invokeAllTests(JUnitPlatformProvider.java:148)
	at org.apache.maven.surefire.junitplatform.JUnitPlatformProvider.invoke(JUnitPlatformProvider.java:122)
	at org.apache.maven.surefire.booter.ForkedBooter.runSuitesInProcess(ForkedBooter.java:385)
	at org.apache.maven.surefire.booter.ForkedBooter.execute(ForkedBooter.java:162)
	at org.apache.maven.surefire.booter.ForkedBooter.run(ForkedBooter.java:507)
	at org.apache.maven.surefire.booter.ForkedBooter.main(ForkedBooter.java:495)
2023-11-24 12:36:46,887 TRACE o.h.i.SessionImpl [SessionImpl.java:402] Closing session [8035b24b-b33b-431a-bff6-adb26d90d78b]
2023-11-24 12:36:46,888 TRACE o.h.e.j.i.JdbcCoordinatorImpl [JdbcCoordinatorImpl.java:152] Closing JDBC container [org.hibernate.engine.jdbc.internal.JdbcCoordinatorImpl@4c5becb3]
2023-11-24 12:36:46,888 TRACE o.h.r.j.i.ResourceRegistryStandardImpl [ResourceRegistryStandardImpl.java:329] Releasing JDBC resources
2023-11-24 12:36:46,888 TRACE o.h.r.j.i.LogicalConnectionManagedImpl [LogicalConnectionManagedImpl.java:256] Closing logical connection
2023-11-24 12:36:46,888 TRACE o.h.r.j.i.LogicalConnectionManagedImpl [LogicalConnectionManagedImpl.java:263] Logical connection closed
2023-11-24 12:36:46,888 TRACE o.h.i.SessionFactoryImpl$SessionBuilderImpl [SessionFactoryImpl.java:1298] Opening Hibernate Session.  tenant=null
2023-11-24 12:36:46,889 TRACE o.h.i.SessionImpl [SessionImpl.java:262] Opened Session [a8727a2a-0c40-4318-8369-b185ef1adfa9] at timestamp: 1700825806889
2023-11-24 12:36:46,889 TRACE o.h.i.SessionImpl [SessionImpl.java:402] Closing session [a8727a2a-0c40-4318-8369-b185ef1adfa9]
2023-11-24 12:36:46,889 TRACE o.h.e.j.i.JdbcCoordinatorImpl [JdbcCoordinatorImpl.java:152] Closing JDBC container [org.hibernate.engine.jdbc.internal.JdbcCoordinatorImpl@4e995772]
2023-11-24 12:36:46,889 TRACE o.h.r.j.i.ResourceRegistryStandardImpl [ResourceRegistryStandardImpl.java:329] Releasing JDBC resources
2023-11-24 12:36:46,889 TRACE o.h.r.j.i.LogicalConnectionManagedImpl [LogicalConnectionManagedImpl.java:256] Closing logical connection
2023-11-24 12:36:46,889 TRACE o.h.r.j.i.LogicalConnectionManagedImpl [LogicalConnectionManagedImpl.java:263] Logical connection closed
2023-11-24 12:36:46,891 TRACE o.h.i.SessionFactoryImpl$SessionBuilderImpl [SessionFactoryImpl.java:1298] Opening Hibernate Session.  tenant=null
2023-11-24 12:36:46,892 TRACE o.h.i.SessionImpl [SessionImpl.java:262] Opened Session [84076126-ac5b-4ab1-ad30-33102466b7c6] at timestamp: 1700825806892
2023-11-24 12:36:46,892 TRACE o.h.o.q.p.cache [QueryInterpretationCacheStandardImpl.java:121] QueryPlan#resolveHqlInterpretation( `UPDATE CoursePage c SET c.title = :title, c.bodyText = :bodyText, c.fileName = :fileName, c.code = :code, c.opened_by = :openedBy, c.created_datetime = :createdDatetime, c.statusOpen = :statusOpen WHERE c.id = :id` )
2023-11-24 12:36:46,892 DEBUG o.h.o.q.hql [StandardHqlTranslator.java:75] HQL : UPDATE CoursePage c SET c.title = :title, c.bodyText = :bodyText, c.fileName = :fileName, c.code = :code, c.opened_by = :openedBy, c.created_datetime = :createdDatetime, c.statusOpen = :statusOpen WHERE c.id = :id
2023-11-24 12:36:46,893 DEBUG o.h.o.q.h.reservedWordAsIdentifier [HqlParseTreeBuilder.java:43] Encountered use of reserved word as identifier : =
2023-11-24 12:36:46,894 DEBUG o.h.o.q.h.reservedWordAsIdentifier [HqlParseTreeBuilder.java:43] Encountered use of reserved word as identifier : <EOF>
2023-11-24 12:36:46,894 TRACE o.h.o.q.s.creation [SqmPathRegistryImpl.java:59] SqmProcessingIndex#register(SqmPath) : franco.maurizio.hr.desk.com.persistence.entity.CoursePage(c)
2023-11-24 12:36:46,894 TRACE o.h.o.q.hql [BasicDotIdentifierConsumer.java:83] BasicDotIdentifierHandler#consumeIdentifier( c, true, false ) - c
2023-11-24 12:36:46,894 TRACE o.h.o.q.hql [BasicDotIdentifierConsumer.java:118] BaseLocalSequencePart#consumeIdentifier( c, true, false ) - c
2023-11-24 12:36:46,895 TRACE o.h.o.q.hql [BasicDotIdentifierConsumer.java:83] BasicDotIdentifierHandler#consumeIdentifier( title, false, true ) - c.title
2023-11-24 12:36:46,895 TRACE o.h.o.q.hql [DomainPathPart.java:37] Resolving DomainPathPart(franco.maurizio.hr.desk.com.persistence.entity.CoursePage as c) sub-part : title
2023-11-24 12:36:46,895 TRACE o.h.o.q.s.creation [SqmPathRegistryImpl.java:59] SqmProcessingIndex#register(SqmPath) : franco.maurizio.hr.desk.com.persistence.entity.CoursePage(c).title
2023-11-24 12:36:46,896 DEBUG o.h.o.q.s.creation [AbstractSqmExpression.java:57] Applying inferable type to SqmExpression [SqmNamedParameter(title)] : null -> BasicSqmPathSource(title : String)
2023-11-24 12:36:46,896 TRACE o.h.o.q.hql [BasicDotIdentifierConsumer.java:83] BasicDotIdentifierHandler#consumeIdentifier( c, true, false ) - c
2023-11-24 12:36:46,896 TRACE o.h.o.q.hql [BasicDotIdentifierConsumer.java:118] BaseLocalSequencePart#consumeIdentifier( c, true, false ) - c
2023-11-24 12:36:46,896 TRACE o.h.o.q.hql [BasicDotIdentifierConsumer.java:83] BasicDotIdentifierHandler#consumeIdentifier( bodyText, false, true ) - c.bodyText
2023-11-24 12:36:46,896 TRACE o.h.o.q.hql [DomainPathPart.java:37] Resolving DomainPathPart(franco.maurizio.hr.desk.com.persistence.entity.CoursePage as c) sub-part : bodyText
2023-11-24 12:36:46,897 TRACE o.h.o.q.s.creation [SqmPathRegistryImpl.java:59] SqmProcessingIndex#register(SqmPath) : franco.maurizio.hr.desk.com.persistence.entity.CoursePage(c).bodyText
2023-11-24 12:36:46,897 DEBUG o.h.o.q.s.creation [AbstractSqmExpression.java:57] Applying inferable type to SqmExpression [SqmNamedParameter(bodyText)] : null -> BasicSqmPathSource(bodyText : String)
2023-11-24 12:36:46,897 TRACE o.h.o.q.hql [BasicDotIdentifierConsumer.java:83] BasicDotIdentifierHandler#consumeIdentifier( c, true, false ) - c
2023-11-24 12:36:46,897 TRACE o.h.o.q.hql [BasicDotIdentifierConsumer.java:118] BaseLocalSequencePart#consumeIdentifier( c, true, false ) - c
2023-11-24 12:36:46,897 TRACE o.h.o.q.hql [BasicDotIdentifierConsumer.java:83] BasicDotIdentifierHandler#consumeIdentifier( fileName, false, true ) - c.fileName
2023-11-24 12:36:46,897 TRACE o.h.o.q.hql [DomainPathPart.java:37] Resolving DomainPathPart(franco.maurizio.hr.desk.com.persistence.entity.CoursePage as c) sub-part : fileName
2023-11-24 12:36:46,897 TRACE o.h.o.q.s.creation [SqmPathRegistryImpl.java:59] SqmProcessingIndex#register(SqmPath) : franco.maurizio.hr.desk.com.persistence.entity.CoursePage(c).fileName
2023-11-24 12:36:46,897 DEBUG o.h.o.q.s.creation [AbstractSqmExpression.java:57] Applying inferable type to SqmExpression [SqmNamedParameter(fileName)] : null -> BasicSqmPathSource(fileName : String)
2023-11-24 12:36:46,898 TRACE o.h.o.q.hql [BasicDotIdentifierConsumer.java:83] BasicDotIdentifierHandler#consumeIdentifier( c, true, false ) - c
2023-11-24 12:36:46,898 TRACE o.h.o.q.hql [BasicDotIdentifierConsumer.java:118] BaseLocalSequencePart#consumeIdentifier( c, true, false ) - c
2023-11-24 12:36:46,898 TRACE o.h.o.q.hql [BasicDotIdentifierConsumer.java:83] BasicDotIdentifierHandler#consumeIdentifier( code, false, true ) - c.code
2023-11-24 12:36:46,898 TRACE o.h.o.q.hql [DomainPathPart.java:37] Resolving DomainPathPart(franco.maurizio.hr.desk.com.persistence.entity.CoursePage as c) sub-part : code
2023-11-24 12:36:46,898 TRACE o.h.o.q.s.creation [SqmPathRegistryImpl.java:59] SqmProcessingIndex#register(SqmPath) : franco.maurizio.hr.desk.com.persistence.entity.CoursePage(c).code
2023-11-24 12:36:46,898 DEBUG o.h.o.q.s.creation [AbstractSqmExpression.java:57] Applying inferable type to SqmExpression [SqmNamedParameter(code)] : null -> BasicSqmPathSource(code : String)
2023-11-24 12:36:46,898 TRACE o.h.o.q.hql [BasicDotIdentifierConsumer.java:83] BasicDotIdentifierHandler#consumeIdentifier( c, true, false ) - c
2023-11-24 12:36:46,899 TRACE o.h.o.q.hql [BasicDotIdentifierConsumer.java:118] BaseLocalSequencePart#consumeIdentifier( c, true, false ) - c
2023-11-24 12:36:46,899 TRACE o.h.o.q.hql [BasicDotIdentifierConsumer.java:83] BasicDotIdentifierHandler#consumeIdentifier( opened_by, false, true ) - c.opened_by
2023-11-24 12:36:46,899 TRACE o.h.o.q.hql [DomainPathPart.java:37] Resolving DomainPathPart(franco.maurizio.hr.desk.com.persistence.entity.CoursePage as c) sub-part : opened_by
2023-11-24 12:36:46,899 TRACE o.h.o.q.s.creation [SqmPathRegistryImpl.java:59] SqmProcessingIndex#register(SqmPath) : franco.maurizio.hr.desk.com.persistence.entity.CoursePage(c).opened_by
2023-11-24 12:36:46,899 DEBUG o.h.o.q.s.creation [AbstractSqmExpression.java:57] Applying inferable type to SqmExpression [SqmNamedParameter(openedBy)] : null -> BasicSqmPathSource(opened_by : Long)
2023-11-24 12:36:46,899 TRACE o.h.o.q.hql [BasicDotIdentifierConsumer.java:83] BasicDotIdentifierHandler#consumeIdentifier( c, true, false ) - c
2023-11-24 12:36:46,899 TRACE o.h.o.q.hql [BasicDotIdentifierConsumer.java:118] BaseLocalSequencePart#consumeIdentifier( c, true, false ) - c
2023-11-24 12:36:46,899 TRACE o.h.o.q.hql [BasicDotIdentifierConsumer.java:83] BasicDotIdentifierHandler#consumeIdentifier( created_datetime, false, true ) - c.created_datetime
2023-11-24 12:36:46,900 TRACE o.h.o.q.hql [DomainPathPart.java:37] Resolving DomainPathPart(franco.maurizio.hr.desk.com.persistence.entity.CoursePage as c) sub-part : created_datetime
2023-11-24 12:36:46,900 TRACE o.h.o.q.s.creation [SqmPathRegistryImpl.java:59] SqmProcessingIndex#register(SqmPath) : franco.maurizio.hr.desk.com.persistence.entity.CoursePage(c).created_datetime
2023-11-24 12:36:46,900 DEBUG o.h.o.q.s.creation [AbstractSqmExpression.java:57] Applying inferable type to SqmExpression [SqmNamedParameter(createdDatetime)] : null -> BasicSqmPathSource(created_datetime : LocalDateTime)
2023-11-24 12:36:46,900 TRACE o.h.o.q.hql [BasicDotIdentifierConsumer.java:83] BasicDotIdentifierHandler#consumeIdentifier( c, true, false ) - c
2023-11-24 12:36:46,900 TRACE o.h.o.q.hql [BasicDotIdentifierConsumer.java:118] BaseLocalSequencePart#consumeIdentifier( c, true, false ) - c
2023-11-24 12:36:46,900 TRACE o.h.o.q.hql [BasicDotIdentifierConsumer.java:83] BasicDotIdentifierHandler#consumeIdentifier( statusOpen, false, true ) - c.statusOpen
2023-11-24 12:36:46,900 TRACE o.h.o.q.hql [DomainPathPart.java:37] Resolving DomainPathPart(franco.maurizio.hr.desk.com.persistence.entity.CoursePage as c) sub-part : statusOpen
2023-11-24 12:36:46,901 TRACE o.h.o.q.s.creation [SqmPathRegistryImpl.java:59] SqmProcessingIndex#register(SqmPath) : franco.maurizio.hr.desk.com.persistence.entity.CoursePage(c).statusOpen
2023-11-24 12:36:46,901 DEBUG o.h.o.q.s.creation [AbstractSqmExpression.java:57] Applying inferable type to SqmExpression [SqmNamedParameter(statusOpen)] : null -> BasicSqmPathSource(statusOpen : Boolean)
2023-11-24 12:36:46,901 TRACE o.h.o.q.hql [BasicDotIdentifierConsumer.java:83] BasicDotIdentifierHandler#consumeIdentifier( c, true, false ) - c
2023-11-24 12:36:46,901 TRACE o.h.o.q.hql [BasicDotIdentifierConsumer.java:118] BaseLocalSequencePart#consumeIdentifier( c, true, false ) - c
2023-11-24 12:36:46,901 TRACE o.h.o.q.hql [BasicDotIdentifierConsumer.java:83] BasicDotIdentifierHandler#consumeIdentifier( id, false, true ) - c.id
2023-11-24 12:36:46,901 TRACE o.h.o.q.hql [DomainPathPart.java:37] Resolving DomainPathPart(franco.maurizio.hr.desk.com.persistence.entity.CoursePage as c) sub-part : id
2023-11-24 12:36:46,901 TRACE o.h.o.q.s.creation [SqmPathRegistryImpl.java:59] SqmProcessingIndex#register(SqmPath) : franco.maurizio.hr.desk.com.persistence.entity.CoursePage(c).id
2023-11-24 12:36:46,902 DEBUG o.h.o.q.s.creation [AbstractSqmExpression.java:57] Applying inferable type to SqmExpression [SqmNamedParameter(id)] : null -> BasicSqmPathSource(id : Long)
2023-11-24 12:36:46,902 DEBUG o.h.o.q.s.ast [SqmTreePrinter.java:168] SqmStatement Tree :
    -> [update]
      [target = franco.maurizio.hr.desk.com.persistence.entity.CoursePage(c)]
      -> [set]
        -> [assignment]
          =
            [franco.maurizio.hr.desk.com.persistence.entity.CoursePage(c).title]
            :title
        <- [assignment]
        -> [assignment]
          =
            [franco.maurizio.hr.desk.com.persistence.entity.CoursePage(c).bodyText]
            :bodyText
        <- [assignment]
        -> [assignment]
          =
            [franco.maurizio.hr.desk.com.persistence.entity.CoursePage(c).fileName]
            :fileName
        <- [assignment]
        -> [assignment]
          =
            [franco.maurizio.hr.desk.com.persistence.entity.CoursePage(c).code]
            :code
        <- [assignment]
        -> [assignment]
          =
            [franco.maurizio.hr.desk.com.persistence.entity.CoursePage(c).opened_by]
            :openedBy
        <- [assignment]
        -> [assignment]
          =
            [franco.maurizio.hr.desk.com.persistence.entity.CoursePage(c).created_datetime]
            :createdDatetime
        <- [assignment]
        -> [assignment]
          =
            [franco.maurizio.hr.desk.com.persistence.entity.CoursePage(c).statusOpen]
            :statusOpen
        <- [assignment]
      <- [set]
      -> [where]
        -> [EQUAL]
            -> [basic-path] - `franco.maurizio.hr.desk.com.persistence.entity.CoursePage(c).id`
            :id
        <- [EQUAL]
      <- [where]
    <- [update]

2023-11-24 12:36:46,902 TRACE o.h.i.SessionImpl [SessionImpl.java:402] Closing session [84076126-ac5b-4ab1-ad30-33102466b7c6]
2023-11-24 12:36:46,902 TRACE o.h.e.j.i.JdbcCoordinatorImpl [JdbcCoordinatorImpl.java:152] Closing JDBC container [org.hibernate.engine.jdbc.internal.JdbcCoordinatorImpl@b705c8a]
2023-11-24 12:36:46,902 TRACE o.h.r.j.i.ResourceRegistryStandardImpl [ResourceRegistryStandardImpl.java:329] Releasing JDBC resources
2023-11-24 12:36:46,903 TRACE o.h.r.j.i.LogicalConnectionManagedImpl [LogicalConnectionManagedImpl.java:256] Closing logical connection
2023-11-24 12:36:46,903 TRACE o.h.r.j.i.LogicalConnectionManagedImpl [LogicalConnectionManagedImpl.java:263] Logical connection closed
2023-11-24 12:36:46,903 TRACE o.h.i.SessionFactoryImpl$SessionBuilderImpl [SessionFactoryImpl.java:1298] Opening Hibernate Session.  tenant=null
2023-11-24 12:36:46,903 TRACE o.h.i.SessionImpl [SessionImpl.java:262] Opened Session [67442426-8489-4ca4-9e12-c65006df8950] at timestamp: 1700825806903
2023-11-24 12:36:46,904 DEBUG o.h.r.t.b.j.i.JdbcResourceLocalTransactionCoordinatorImpl [JdbcResourceLocalTransactionCoordinatorImpl.java:310] JDBC transaction marked for rollback-only (exception provided for stack trace)
java.lang.Exception: exception just for purpose of providing stack trace
	at org.hibernate.resource.transaction.backend.jdbc.internal.JdbcResourceLocalTransactionCoordinatorImpl$TransactionDriverControlImpl.markRollbackOnly(JdbcResourceLocalTransactionCoordinatorImpl.java:310)
	at org.hibernate.internal.AbstractSharedSessionContract.buildNamedQuery(AbstractSharedSessionContract.java:1021)
	at org.hibernate.internal.AbstractSharedSessionContract.createNamedQuery(AbstractSharedSessionContract.java:899)
	at org.hibernate.internal.AbstractSharedSessionContract.createNamedQuery(AbstractSharedSessionContract.java:120)
	at jdk.internal.reflect.GeneratedMethodAccessor47.invoke(Unknown Source)
	at java.base/jdk.internal.reflect.DelegatingMethodAccessorImpl.invoke(DelegatingMethodAccessorImpl.java:43)
	at java.base/java.lang.reflect.Method.invoke(Method.java:568)
	at org.springframework.orm.jpa.ExtendedEntityManagerCreator$ExtendedEntityManagerInvocationHandler.invoke(ExtendedEntityManagerCreator.java:360)
	at jdk.proxy2/jdk.proxy2.$Proxy191.createNamedQuery(Unknown Source)
	at org.springframework.data.jpa.repository.query.NamedQuery.hasNamedQuery(NamedQuery.java:113)
	at org.springframework.data.jpa.repository.query.NamedQuery.lookupFrom(NamedQuery.java:141)
	at org.springframework.data.jpa.repository.query.JpaQueryLookupStrategy$DeclaredQueryLookupStrategy.resolveQuery(JpaQueryLookupStrategy.java:180)
	at org.springframework.data.jpa.repository.query.JpaQueryLookupStrategy$CreateIfNotFoundQueryLookupStrategy.resolveQuery(JpaQueryLookupStrategy.java:252)
	at org.springframework.data.jpa.repository.query.JpaQueryLookupStrategy$AbstractQueryLookupStrategy.resolveQuery(JpaQueryLookupStrategy.java:95)
	at org.springframework.data.repository.core.support.QueryExecutorMethodInterceptor.lookupQuery(QueryExecutorMethodInterceptor.java:111)
	at org.springframework.data.repository.core.support.QueryExecutorMethodInterceptor.mapMethodsToQuery(QueryExecutorMethodInterceptor.java:99)
	at org.springframework.data.repository.core.support.QueryExecutorMethodInterceptor.lambda$new$0(QueryExecutorMethodInterceptor.java:88)
	at java.base/java.util.Optional.map(Optional.java:260)
	at org.springframework.data.repository.core.support.QueryExecutorMethodInterceptor.<init>(QueryExecutorMethodInterceptor.java:88)
	at org.springframework.data.repository.core.support.RepositoryFactorySupport.getRepository(RepositoryFactorySupport.java:357)
	at org.springframework.data.repository.core.support.RepositoryFactoryBeanSupport.lambda$afterPropertiesSet$5(RepositoryFactoryBeanSupport.java:279)
	at org.springframework.data.util.Lazy.getNullable(Lazy.java:245)
	at org.springframework.data.util.Lazy.get(Lazy.java:114)
	at org.springframework.data.repository.core.support.RepositoryFactoryBeanSupport.afterPropertiesSet(RepositoryFactoryBeanSupport.java:285)
	at org.springframework.data.jpa.repository.support.JpaRepositoryFactoryBean.afterPropertiesSet(JpaRepositoryFactoryBean.java:132)
	at org.springframework.beans.factory.support.AbstractAutowireCapableBeanFactory.invokeInitMethods(AbstractAutowireCapableBeanFactory.java:1817)
	at org.springframework.beans.factory.support.AbstractAutowireCapableBeanFactory.initializeBean(AbstractAutowireCapableBeanFactory.java:1766)
	at org.springframework.beans.factory.support.AbstractAutowireCapableBeanFactory.doCreateBean(AbstractAutowireCapableBeanFactory.java:598)
	at org.springframework.beans.factory.support.AbstractAutowireCapableBeanFactory.createBean(AbstractAutowireCapableBeanFactory.java:520)
	at org.springframework.beans.factory.support.AbstractBeanFactory.lambda$doGetBean$0(AbstractBeanFactory.java:325)
	at org.springframework.beans.factory.support.DefaultSingletonBeanRegistry.getSingleton(DefaultSingletonBeanRegistry.java:234)
	at org.springframework.beans.factory.support.AbstractBeanFactory.doGetBean(AbstractBeanFactory.java:323)
	at org.springframework.beans.factory.support.AbstractBeanFactory.getBean(AbstractBeanFactory.java:199)
	at org.springframework.beans.factory.config.DependencyDescriptor.resolveCandidate(DependencyDescriptor.java:254)
	at org.springframework.beans.factory.support.DefaultListableBeanFactory.doResolveDependency(DefaultListableBeanFactory.java:1417)
	at org.springframework.beans.factory.support.DefaultListableBeanFactory.resolveDependency(DefaultListableBeanFactory.java:1337)
	at org.springframework.beans.factory.annotation.AutowiredAnnotationBeanPostProcessor$AutowiredFieldElement.resolveFieldValue(AutowiredAnnotationBeanPostProcessor.java:764)
	at org.springframework.beans.factory.annotation.AutowiredAnnotationBeanPostProcessor$AutowiredFieldElement.inject(AutowiredAnnotationBeanPostProcessor.java:747)
	at org.springframework.beans.factory.annotation.InjectionMetadata.inject(InjectionMetadata.java:145)
	at org.springframework.beans.factory.annotation.AutowiredAnnotationBeanPostProcessor.postProcessProperties(AutowiredAnnotationBeanPostProcessor.java:492)
	at org.springframework.beans.factory.support.AbstractAutowireCapableBeanFactory.populateBean(AbstractAutowireCapableBeanFactory.java:1416)
	at org.springframework.beans.factory.support.AbstractAutowireCapableBeanFactory.doCreateBean(AbstractAutowireCapableBeanFactory.java:597)
	at org.springframework.beans.factory.support.AbstractAutowireCapableBeanFactory.createBean(AbstractAutowireCapableBeanFactory.java:520)
	at org.springframework.beans.factory.support.AbstractBeanFactory.lambda$doGetBean$0(AbstractBeanFactory.java:325)
	at org.springframework.beans.factory.support.DefaultSingletonBeanRegistry.getSingleton(DefaultSingletonBeanRegistry.java:234)
	at org.springframework.beans.factory.support.AbstractBeanFactory.doGetBean(AbstractBeanFactory.java:323)
	at org.springframework.beans.factory.support.AbstractBeanFactory.getBean(AbstractBeanFactory.java:199)
	at org.springframework.beans.factory.config.DependencyDescriptor.resolveCandidate(DependencyDescriptor.java:254)
	at org.springframework.beans.factory.support.DefaultListableBeanFactory.doResolveDependency(DefaultListableBeanFactory.java:1417)
	at org.springframework.beans.factory.support.DefaultListableBeanFactory.resolveDependency(DefaultListableBeanFactory.java:1337)
	at org.springframework.beans.factory.annotation.AutowiredAnnotationBeanPostProcessor$AutowiredFieldElement.resolveFieldValue(AutowiredAnnotationBeanPostProcessor.java:764)
	at org.springframework.beans.factory.annotation.AutowiredAnnotationBeanPostProcessor$AutowiredFieldElement.inject(AutowiredAnnotationBeanPostProcessor.java:747)
	at org.springframework.beans.factory.annotation.InjectionMetadata.inject(InjectionMetadata.java:145)
	at org.springframework.beans.factory.annotation.AutowiredAnnotationBeanPostProcessor.postProcessProperties(AutowiredAnnotationBeanPostProcessor.java:492)
	at org.springframework.beans.factory.support.AbstractAutowireCapableBeanFactory.populateBean(AbstractAutowireCapableBeanFactory.java:1416)
	at org.springframework.beans.factory.support.AbstractAutowireCapableBeanFactory.doCreateBean(AbstractAutowireCapableBeanFactory.java:597)
	at org.springframework.beans.factory.support.AbstractAutowireCapableBeanFactory.createBean(AbstractAutowireCapableBeanFactory.java:520)
	at org.springframework.beans.factory.support.AbstractBeanFactory.lambda$doGetBean$0(AbstractBeanFactory.java:325)
	at org.springframework.beans.factory.support.DefaultSingletonBeanRegistry.getSingleton(DefaultSingletonBeanRegistry.java:234)
	at org.springframework.beans.factory.support.AbstractBeanFactory.doGetBean(AbstractBeanFactory.java:323)
	at org.springframework.beans.factory.support.AbstractBeanFactory.getBean(AbstractBeanFactory.java:199)
	at org.springframework.beans.factory.config.DependencyDescriptor.resolveCandidate(DependencyDescriptor.java:254)
	at org.springframework.beans.factory.support.DefaultListableBeanFactory.doResolveDependency(DefaultListableBeanFactory.java:1417)
	at org.springframework.beans.factory.support.DefaultListableBeanFactory.resolveDependency(DefaultListableBeanFactory.java:1337)
	at org.springframework.beans.factory.annotation.AutowiredAnnotationBeanPostProcessor$AutowiredFieldElement.resolveFieldValue(AutowiredAnnotationBeanPostProcessor.java:764)
	at org.springframework.beans.factory.annotation.AutowiredAnnotationBeanPostProcessor$AutowiredFieldElement.inject(AutowiredAnnotationBeanPostProcessor.java:747)
	at org.springframework.beans.factory.annotation.InjectionMetadata.inject(InjectionMetadata.java:145)
	at org.springframework.beans.factory.annotation.AutowiredAnnotationBeanPostProcessor.postProcessProperties(AutowiredAnnotationBeanPostProcessor.java:492)
	at org.springframework.beans.factory.support.AbstractAutowireCapableBeanFactory.populateBean(AbstractAutowireCapableBeanFactory.java:1416)
	at org.springframework.beans.factory.support.AbstractAutowireCapableBeanFactory.doCreateBean(AbstractAutowireCapableBeanFactory.java:597)
	at org.springframework.beans.factory.support.AbstractAutowireCapableBeanFactory.createBean(AbstractAutowireCapableBeanFactory.java:520)
	at org.springframework.beans.factory.support.AbstractBeanFactory.lambda$doGetBean$0(AbstractBeanFactory.java:325)
	at org.springframework.beans.factory.support.DefaultSingletonBeanRegistry.getSingleton(DefaultSingletonBeanRegistry.java:234)
	at org.springframework.beans.factory.support.AbstractBeanFactory.doGetBean(AbstractBeanFactory.java:323)
	at org.springframework.beans.factory.support.AbstractBeanFactory.getBean(AbstractBeanFactory.java:199)
	at org.springframework.beans.factory.support.DefaultListableBeanFactory.preInstantiateSingletons(DefaultListableBeanFactory.java:973)
	at org.springframework.context.support.AbstractApplicationContext.finishBeanFactoryInitialization(AbstractApplicationContext.java:950)
	at org.springframework.context.support.AbstractApplicationContext.refresh(AbstractApplicationContext.java:616)
	at org.springframework.boot.SpringApplication.refresh(SpringApplication.java:738)
	at org.springframework.boot.SpringApplication.refreshContext(SpringApplication.java:440)
	at org.springframework.boot.SpringApplication.run(SpringApplication.java:316)
	at org.springframework.boot.test.context.SpringBootContextLoader.lambda$loadContext$3(SpringBootContextLoader.java:137)
	at org.springframework.util.function.ThrowingSupplier.get(ThrowingSupplier.java:58)
	at org.springframework.util.function.ThrowingSupplier.get(ThrowingSupplier.java:46)
	at org.springframework.boot.SpringApplication.withHook(SpringApplication.java:1406)
	at org.springframework.boot.test.context.SpringBootContextLoader$ContextLoaderHook.run(SpringBootContextLoader.java:545)
	at org.springframework.boot.test.context.SpringBootContextLoader.loadContext(SpringBootContextLoader.java:137)
	at org.springframework.boot.test.context.SpringBootContextLoader.loadContext(SpringBootContextLoader.java:108)
	at org.springframework.test.context.cache.DefaultCacheAwareContextLoaderDelegate.loadContextInternal(DefaultCacheAwareContextLoaderDelegate.java:187)
	at org.springframework.test.context.cache.DefaultCacheAwareContextLoaderDelegate.loadContext(DefaultCacheAwareContextLoaderDelegate.java:119)
	at org.springframework.test.context.support.DefaultTestContext.getApplicationContext(DefaultTestContext.java:127)
	at org.springframework.test.context.web.ServletTestExecutionListener.setUpRequestContextIfNecessary(ServletTestExecutionListener.java:191)
	at org.springframework.test.context.web.ServletTestExecutionListener.prepareTestInstance(ServletTestExecutionListener.java:130)
	at org.springframework.test.context.TestContextManager.prepareTestInstance(TestContextManager.java:241)
	at org.springframework.test.context.junit.jupiter.SpringExtension.postProcessTestInstance(SpringExtension.java:138)
	at org.junit.jupiter.engine.descriptor.ClassBasedTestDescriptor.lambda$invokeTestInstancePostProcessors$10(ClassBasedTestDescriptor.java:377)
	at org.junit.jupiter.engine.descriptor.ClassBasedTestDescriptor.executeAndMaskThrowable(ClassBasedTestDescriptor.java:382)
	at org.junit.jupiter.engine.descriptor.ClassBasedTestDescriptor.lambda$invokeTestInstancePostProcessors$11(ClassBasedTestDescriptor.java:377)
	at java.base/java.util.stream.ReferencePipeline$3$1.accept(ReferencePipeline.java:197)
	at java.base/java.util.stream.ReferencePipeline$2$1.accept(ReferencePipeline.java:179)
	at java.base/java.util.ArrayList$ArrayListSpliterator.forEachRemaining(ArrayList.java:1625)
	at java.base/java.util.stream.AbstractPipeline.copyInto(AbstractPipeline.java:509)
	at java.base/java.util.stream.AbstractPipeline.wrapAndCopyInto(AbstractPipeline.java:499)
	at java.base/java.util.stream.StreamSpliterators$WrappingSpliterator.forEachRemaining(StreamSpliterators.java:310)
	at java.base/java.util.stream.Streams$ConcatSpliterator.forEachRemaining(Streams.java:735)
	at java.base/java.util.stream.Streams$ConcatSpliterator.forEachRemaining(Streams.java:734)
	at java.base/java.util.stream.ReferencePipeline$Head.forEach(ReferencePipeline.java:762)
	at org.junit.jupiter.engine.descriptor.ClassBasedTestDescriptor.invokeTestInstancePostProcessors(ClassBasedTestDescriptor.java:376)
	at org.junit.jupiter.engine.descriptor.ClassBasedTestDescriptor.lambda$instantiateAndPostProcessTestInstance$6(ClassBasedTestDescriptor.java:289)
	at org.junit.platform.engine.support.hierarchical.ThrowableCollector.execute(ThrowableCollector.java:73)
	at org.junit.jupiter.engine.descriptor.ClassBasedTestDescriptor.instantiateAndPostProcessTestInstance(ClassBasedTestDescriptor.java:288)
	at org.junit.jupiter.engine.descriptor.ClassBasedTestDescriptor.lambda$testInstancesProvider$4(ClassBasedTestDescriptor.java:278)
	at java.base/java.util.Optional.orElseGet(Optional.java:364)
	at org.junit.jupiter.engine.descriptor.ClassBasedTestDescriptor.lambda$testInstancesProvider$5(ClassBasedTestDescriptor.java:277)
	at org.junit.jupiter.engine.execution.TestInstancesProvider.getTestInstances(TestInstancesProvider.java:31)
	at org.junit.jupiter.engine.descriptor.TestMethodTestDescriptor.lambda$prepare$0(TestMethodTestDescriptor.java:105)
	at org.junit.platform.engine.support.hierarchical.ThrowableCollector.execute(ThrowableCollector.java:73)
	at org.junit.jupiter.engine.descriptor.TestMethodTestDescriptor.prepare(TestMethodTestDescriptor.java:104)
	at org.junit.jupiter.engine.descriptor.TestMethodTestDescriptor.prepare(TestMethodTestDescriptor.java:68)
	at org.junit.platform.engine.support.hierarchical.NodeTestTask.lambda$prepare$2(NodeTestTask.java:123)
	at org.junit.platform.engine.support.hierarchical.ThrowableCollector.execute(ThrowableCollector.java:73)
	at org.junit.platform.engine.support.hierarchical.NodeTestTask.prepare(NodeTestTask.java:123)
	at org.junit.platform.engine.support.hierarchical.NodeTestTask.execute(NodeTestTask.java:90)
	at java.base/java.util.ArrayList.forEach(ArrayList.java:1511)
	at org.junit.platform.engine.support.hierarchical.SameThreadHierarchicalTestExecutorService.invokeAll(SameThreadHierarchicalTestExecutorService.java:41)
	at org.junit.platform.engine.support.hierarchical.NodeTestTask.lambda$executeRecursively$6(NodeTestTask.java:155)
	at org.junit.platform.engine.support.hierarchical.ThrowableCollector.execute(ThrowableCollector.java:73)
	at org.junit.platform.engine.support.hierarchical.NodeTestTask.lambda$executeRecursively$8(NodeTestTask.java:141)
	at org.junit.platform.engine.support.hierarchical.Node.around(Node.java:137)
	at org.junit.platform.engine.support.hierarchical.NodeTestTask.lambda$executeRecursively$9(NodeTestTask.java:139)
	at org.junit.platform.engine.support.hierarchical.ThrowableCollector.execute(ThrowableCollector.java:73)
	at org.junit.platform.engine.support.hierarchical.NodeTestTask.executeRecursively(NodeTestTask.java:138)
	at org.junit.platform.engine.support.hierarchical.NodeTestTask.execute(NodeTestTask.java:95)
	at java.base/java.util.ArrayList.forEach(ArrayList.java:1511)
	at org.junit.platform.engine.support.hierarchical.SameThreadHierarchicalTestExecutorService.invokeAll(SameThreadHierarchicalTestExecutorService.java:41)
	at org.junit.platform.engine.support.hierarchical.NodeTestTask.lambda$executeRecursively$6(NodeTestTask.java:155)
	at org.junit.platform.engine.support.hierarchical.ThrowableCollector.execute(ThrowableCollector.java:73)
	at org.junit.platform.engine.support.hierarchical.NodeTestTask.lambda$executeRecursively$8(NodeTestTask.java:141)
	at org.junit.platform.engine.support.hierarchical.Node.around(Node.java:137)
	at org.junit.platform.engine.support.hierarchical.NodeTestTask.lambda$executeRecursively$9(NodeTestTask.java:139)
	at org.junit.platform.engine.support.hierarchical.ThrowableCollector.execute(ThrowableCollector.java:73)
	at org.junit.platform.engine.support.hierarchical.NodeTestTask.executeRecursively(NodeTestTask.java:138)
	at org.junit.platform.engine.support.hierarchical.NodeTestTask.execute(NodeTestTask.java:95)
	at org.junit.platform.engine.support.hierarchical.SameThreadHierarchicalTestExecutorService.submit(SameThreadHierarchicalTestExecutorService.java:35)
	at org.junit.platform.engine.support.hierarchical.HierarchicalTestExecutor.execute(HierarchicalTestExecutor.java:57)
	at org.junit.platform.engine.support.hierarchical.HierarchicalTestEngine.execute(HierarchicalTestEngine.java:54)
	at org.junit.platform.launcher.core.EngineExecutionOrchestrator.execute(EngineExecutionOrchestrator.java:147)
	at org.junit.platform.launcher.core.EngineExecutionOrchestrator.execute(EngineExecutionOrchestrator.java:127)
	at org.junit.platform.launcher.core.EngineExecutionOrchestrator.execute(EngineExecutionOrchestrator.java:90)
	at org.junit.platform.launcher.core.EngineExecutionOrchestrator.lambda$execute$0(EngineExecutionOrchestrator.java:55)
	at org.junit.platform.launcher.core.EngineExecutionOrchestrator.withInterceptedStreams(EngineExecutionOrchestrator.java:102)
	at org.junit.platform.launcher.core.EngineExecutionOrchestrator.execute(EngineExecutionOrchestrator.java:54)
	at org.junit.platform.launcher.core.DefaultLauncher.execute(DefaultLauncher.java:114)
	at org.junit.platform.launcher.core.DefaultLauncher.execute(DefaultLauncher.java:86)
	at org.junit.platform.launcher.core.DefaultLauncherSession$DelegatingLauncher.execute(DefaultLauncherSession.java:86)
	at org.apache.maven.surefire.junitplatform.LazyLauncher.execute(LazyLauncher.java:50)
	at org.apache.maven.surefire.junitplatform.JUnitPlatformProvider.execute(JUnitPlatformProvider.java:184)
	at org.apache.maven.surefire.junitplatform.JUnitPlatformProvider.invokeAllTests(JUnitPlatformProvider.java:148)
	at org.apache.maven.surefire.junitplatform.JUnitPlatformProvider.invoke(JUnitPlatformProvider.java:122)
	at org.apache.maven.surefire.booter.ForkedBooter.runSuitesInProcess(ForkedBooter.java:385)
	at org.apache.maven.surefire.booter.ForkedBooter.execute(ForkedBooter.java:162)
	at org.apache.maven.surefire.booter.ForkedBooter.run(ForkedBooter.java:507)
	at org.apache.maven.surefire.booter.ForkedBooter.main(ForkedBooter.java:495)
2023-11-24 12:36:46,904 TRACE o.h.i.SessionImpl [SessionImpl.java:402] Closing session [67442426-8489-4ca4-9e12-c65006df8950]
2023-11-24 12:36:46,905 TRACE o.h.e.j.i.JdbcCoordinatorImpl [JdbcCoordinatorImpl.java:152] Closing JDBC container [org.hibernate.engine.jdbc.internal.JdbcCoordinatorImpl@3a004627]
2023-11-24 12:36:46,905 TRACE o.h.r.j.i.ResourceRegistryStandardImpl [ResourceRegistryStandardImpl.java:329] Releasing JDBC resources
2023-11-24 12:36:46,905 TRACE o.h.r.j.i.LogicalConnectionManagedImpl [LogicalConnectionManagedImpl.java:256] Closing logical connection
2023-11-24 12:36:46,905 TRACE o.h.r.j.i.LogicalConnectionManagedImpl [LogicalConnectionManagedImpl.java:263] Logical connection closed
2023-11-24 12:36:46,906 TRACE o.h.i.SessionFactoryImpl$SessionBuilderImpl [SessionFactoryImpl.java:1298] Opening Hibernate Session.  tenant=null
2023-11-24 12:36:46,906 TRACE o.h.i.SessionImpl [SessionImpl.java:262] Opened Session [a8d7e8b3-67f2-4b4a-b6fe-2d531c0396aa] at timestamp: 1700825806906
2023-11-24 12:36:46,906 TRACE o.h.i.SessionImpl [SessionImpl.java:402] Closing session [a8d7e8b3-67f2-4b4a-b6fe-2d531c0396aa]
2023-11-24 12:36:46,906 TRACE o.h.e.j.i.JdbcCoordinatorImpl [JdbcCoordinatorImpl.java:152] Closing JDBC container [org.hibernate.engine.jdbc.internal.JdbcCoordinatorImpl@2f840755]
2023-11-24 12:36:46,906 TRACE o.h.r.j.i.ResourceRegistryStandardImpl [ResourceRegistryStandardImpl.java:329] Releasing JDBC resources
2023-11-24 12:36:46,906 TRACE o.h.r.j.i.LogicalConnectionManagedImpl [LogicalConnectionManagedImpl.java:256] Closing logical connection
2023-11-24 12:36:46,907 TRACE o.h.r.j.i.LogicalConnectionManagedImpl [LogicalConnectionManagedImpl.java:263] Logical connection closed
2023-11-24 12:36:46,910 TRACE o.h.i.SessionFactoryImpl$SessionBuilderImpl [SessionFactoryImpl.java:1298] Opening Hibernate Session.  tenant=null
2023-11-24 12:36:46,910 TRACE o.h.i.SessionImpl [SessionImpl.java:262] Opened Session [eb1ff253-a583-4f24-9733-044cd4f3226d] at timestamp: 1700825806910
2023-11-24 12:36:46,910 TRACE o.h.i.SessionImpl [SessionImpl.java:402] Closing session [eb1ff253-a583-4f24-9733-044cd4f3226d]
2023-11-24 12:36:46,910 TRACE o.h.e.j.i.JdbcCoordinatorImpl [JdbcCoordinatorImpl.java:152] Closing JDBC container [org.hibernate.engine.jdbc.internal.JdbcCoordinatorImpl@3292c1d3]
2023-11-24 12:36:46,910 TRACE o.h.r.j.i.ResourceRegistryStandardImpl [ResourceRegistryStandardImpl.java:329] Releasing JDBC resources
2023-11-24 12:36:46,910 TRACE o.h.r.j.i.LogicalConnectionManagedImpl [LogicalConnectionManagedImpl.java:256] Closing logical connection
2023-11-24 12:36:46,911 TRACE o.h.r.j.i.LogicalConnectionManagedImpl [LogicalConnectionManagedImpl.java:263] Logical connection closed
2023-11-24 12:36:46,912 TRACE o.h.i.SessionFactoryImpl$SessionBuilderImpl [SessionFactoryImpl.java:1298] Opening Hibernate Session.  tenant=null
2023-11-24 12:36:46,912 TRACE o.h.i.SessionImpl [SessionImpl.java:262] Opened Session [99a1b143-0ff2-4281-94c2-5a519ed86adb] at timestamp: 1700825806912
2023-11-24 12:36:46,912 TRACE o.h.i.SessionImpl [SessionImpl.java:402] Closing session [99a1b143-0ff2-4281-94c2-5a519ed86adb]
2023-11-24 12:36:46,913 TRACE o.h.e.j.i.JdbcCoordinatorImpl [JdbcCoordinatorImpl.java:152] Closing JDBC container [org.hibernate.engine.jdbc.internal.JdbcCoordinatorImpl@46312bbe]
2023-11-24 12:36:46,913 TRACE o.h.r.j.i.ResourceRegistryStandardImpl [ResourceRegistryStandardImpl.java:329] Releasing JDBC resources
2023-11-24 12:36:46,913 TRACE o.h.r.j.i.LogicalConnectionManagedImpl [LogicalConnectionManagedImpl.java:256] Closing logical connection
2023-11-24 12:36:46,913 TRACE o.h.r.j.i.LogicalConnectionManagedImpl [LogicalConnectionManagedImpl.java:263] Logical connection closed
2023-11-24 12:36:46,919 TRACE o.h.i.SessionFactoryImpl$SessionBuilderImpl [SessionFactoryImpl.java:1298] Opening Hibernate Session.  tenant=null
2023-11-24 12:36:46,919 TRACE o.h.i.SessionImpl [SessionImpl.java:262] Opened Session [80f7afff-a68f-49a0-b73b-4e39291933d5] at timestamp: 1700825806919
2023-11-24 12:36:46,919 DEBUG o.h.r.t.b.j.i.JdbcResourceLocalTransactionCoordinatorImpl [JdbcResourceLocalTransactionCoordinatorImpl.java:310] JDBC transaction marked for rollback-only (exception provided for stack trace)
java.lang.Exception: exception just for purpose of providing stack trace
	at org.hibernate.resource.transaction.backend.jdbc.internal.JdbcResourceLocalTransactionCoordinatorImpl$TransactionDriverControlImpl.markRollbackOnly(JdbcResourceLocalTransactionCoordinatorImpl.java:310)
	at org.hibernate.internal.AbstractSharedSessionContract.buildNamedQuery(AbstractSharedSessionContract.java:1021)
	at org.hibernate.internal.AbstractSharedSessionContract.createNamedQuery(AbstractSharedSessionContract.java:899)
	at org.hibernate.internal.AbstractSharedSessionContract.createNamedQuery(AbstractSharedSessionContract.java:120)
	at jdk.internal.reflect.GeneratedMethodAccessor47.invoke(Unknown Source)
	at java.base/jdk.internal.reflect.DelegatingMethodAccessorImpl.invoke(DelegatingMethodAccessorImpl.java:43)
	at java.base/java.lang.reflect.Method.invoke(Method.java:568)
	at org.springframework.orm.jpa.ExtendedEntityManagerCreator$ExtendedEntityManagerInvocationHandler.invoke(ExtendedEntityManagerCreator.java:360)
	at jdk.proxy2/jdk.proxy2.$Proxy191.createNamedQuery(Unknown Source)
	at org.springframework.data.jpa.repository.query.NamedQuery.hasNamedQuery(NamedQuery.java:113)
	at org.springframework.data.jpa.repository.query.NamedQuery.lookupFrom(NamedQuery.java:141)
	at org.springframework.data.jpa.repository.query.JpaQueryLookupStrategy$DeclaredQueryLookupStrategy.resolveQuery(JpaQueryLookupStrategy.java:180)
	at org.springframework.data.jpa.repository.query.JpaQueryLookupStrategy$CreateIfNotFoundQueryLookupStrategy.resolveQuery(JpaQueryLookupStrategy.java:252)
	at org.springframework.data.jpa.repository.query.JpaQueryLookupStrategy$AbstractQueryLookupStrategy.resolveQuery(JpaQueryLookupStrategy.java:95)
	at org.springframework.data.repository.core.support.QueryExecutorMethodInterceptor.lookupQuery(QueryExecutorMethodInterceptor.java:111)
	at org.springframework.data.repository.core.support.QueryExecutorMethodInterceptor.mapMethodsToQuery(QueryExecutorMethodInterceptor.java:99)
	at org.springframework.data.repository.core.support.QueryExecutorMethodInterceptor.lambda$new$0(QueryExecutorMethodInterceptor.java:88)
	at java.base/java.util.Optional.map(Optional.java:260)
	at org.springframework.data.repository.core.support.QueryExecutorMethodInterceptor.<init>(QueryExecutorMethodInterceptor.java:88)
	at org.springframework.data.repository.core.support.RepositoryFactorySupport.getRepository(RepositoryFactorySupport.java:357)
	at org.springframework.data.repository.core.support.RepositoryFactoryBeanSupport.lambda$afterPropertiesSet$5(RepositoryFactoryBeanSupport.java:279)
	at org.springframework.data.util.Lazy.getNullable(Lazy.java:245)
	at org.springframework.data.util.Lazy.get(Lazy.java:114)
	at org.springframework.data.repository.core.support.RepositoryFactoryBeanSupport.afterPropertiesSet(RepositoryFactoryBeanSupport.java:285)
	at org.springframework.data.jpa.repository.support.JpaRepositoryFactoryBean.afterPropertiesSet(JpaRepositoryFactoryBean.java:132)
	at org.springframework.beans.factory.support.AbstractAutowireCapableBeanFactory.invokeInitMethods(AbstractAutowireCapableBeanFactory.java:1817)
	at org.springframework.beans.factory.support.AbstractAutowireCapableBeanFactory.initializeBean(AbstractAutowireCapableBeanFactory.java:1766)
	at org.springframework.beans.factory.support.AbstractAutowireCapableBeanFactory.doCreateBean(AbstractAutowireCapableBeanFactory.java:598)
	at org.springframework.beans.factory.support.AbstractAutowireCapableBeanFactory.createBean(AbstractAutowireCapableBeanFactory.java:520)
	at org.springframework.beans.factory.support.AbstractBeanFactory.lambda$doGetBean$0(AbstractBeanFactory.java:325)
	at org.springframework.beans.factory.support.DefaultSingletonBeanRegistry.getSingleton(DefaultSingletonBeanRegistry.java:234)
	at org.springframework.beans.factory.support.AbstractBeanFactory.doGetBean(AbstractBeanFactory.java:323)
	at org.springframework.beans.factory.support.AbstractBeanFactory.getBean(AbstractBeanFactory.java:199)
	at org.springframework.beans.factory.config.DependencyDescriptor.resolveCandidate(DependencyDescriptor.java:254)
	at org.springframework.beans.factory.support.DefaultListableBeanFactory.doResolveDependency(DefaultListableBeanFactory.java:1417)
	at org.springframework.beans.factory.support.DefaultListableBeanFactory.resolveDependency(DefaultListableBeanFactory.java:1337)
	at org.springframework.beans.factory.annotation.AutowiredAnnotationBeanPostProcessor$AutowiredFieldElement.resolveFieldValue(AutowiredAnnotationBeanPostProcessor.java:764)
	at org.springframework.beans.factory.annotation.AutowiredAnnotationBeanPostProcessor$AutowiredFieldElement.inject(AutowiredAnnotationBeanPostProcessor.java:747)
	at org.springframework.beans.factory.annotation.InjectionMetadata.inject(InjectionMetadata.java:145)
	at org.springframework.beans.factory.annotation.AutowiredAnnotationBeanPostProcessor.postProcessProperties(AutowiredAnnotationBeanPostProcessor.java:492)
	at org.springframework.beans.factory.support.AbstractAutowireCapableBeanFactory.populateBean(AbstractAutowireCapableBeanFactory.java:1416)
	at org.springframework.beans.factory.support.AbstractAutowireCapableBeanFactory.doCreateBean(AbstractAutowireCapableBeanFactory.java:597)
	at org.springframework.beans.factory.support.AbstractAutowireCapableBeanFactory.createBean(AbstractAutowireCapableBeanFactory.java:520)
	at org.springframework.beans.factory.support.AbstractBeanFactory.lambda$doGetBean$0(AbstractBeanFactory.java:325)
	at org.springframework.beans.factory.support.DefaultSingletonBeanRegistry.getSingleton(DefaultSingletonBeanRegistry.java:234)
	at org.springframework.beans.factory.support.AbstractBeanFactory.doGetBean(AbstractBeanFactory.java:323)
	at org.springframework.beans.factory.support.AbstractBeanFactory.getBean(AbstractBeanFactory.java:199)
	at org.springframework.beans.factory.config.DependencyDescriptor.resolveCandidate(DependencyDescriptor.java:254)
	at org.springframework.beans.factory.support.DefaultListableBeanFactory.doResolveDependency(DefaultListableBeanFactory.java:1417)
	at org.springframework.beans.factory.support.DefaultListableBeanFactory.resolveDependency(DefaultListableBeanFactory.java:1337)
	at org.springframework.beans.factory.annotation.AutowiredAnnotationBeanPostProcessor$AutowiredFieldElement.resolveFieldValue(AutowiredAnnotationBeanPostProcessor.java:764)
	at org.springframework.beans.factory.annotation.AutowiredAnnotationBeanPostProcessor$AutowiredFieldElement.inject(AutowiredAnnotationBeanPostProcessor.java:747)
	at org.springframework.beans.factory.annotation.InjectionMetadata.inject(InjectionMetadata.java:145)
	at org.springframework.beans.factory.annotation.AutowiredAnnotationBeanPostProcessor.postProcessProperties(AutowiredAnnotationBeanPostProcessor.java:492)
	at org.springframework.beans.factory.support.AbstractAutowireCapableBeanFactory.populateBean(AbstractAutowireCapableBeanFactory.java:1416)
	at org.springframework.beans.factory.support.AbstractAutowireCapableBeanFactory.doCreateBean(AbstractAutowireCapableBeanFactory.java:597)
	at org.springframework.beans.factory.support.AbstractAutowireCapableBeanFactory.createBean(AbstractAutowireCapableBeanFactory.java:520)
	at org.springframework.beans.factory.support.AbstractBeanFactory.lambda$doGetBean$0(AbstractBeanFactory.java:325)
	at org.springframework.beans.factory.support.DefaultSingletonBeanRegistry.getSingleton(DefaultSingletonBeanRegistry.java:234)
	at org.springframework.beans.factory.support.AbstractBeanFactory.doGetBean(AbstractBeanFactory.java:323)
	at org.springframework.beans.factory.support.AbstractBeanFactory.getBean(AbstractBeanFactory.java:199)
	at org.springframework.beans.factory.config.DependencyDescriptor.resolveCandidate(DependencyDescriptor.java:254)
	at org.springframework.beans.factory.support.DefaultListableBeanFactory.doResolveDependency(DefaultListableBeanFactory.java:1417)
	at org.springframework.beans.factory.support.DefaultListableBeanFactory.resolveDependency(DefaultListableBeanFactory.java:1337)
	at org.springframework.beans.factory.annotation.AutowiredAnnotationBeanPostProcessor$AutowiredFieldElement.resolveFieldValue(AutowiredAnnotationBeanPostProcessor.java:764)
	at org.springframework.beans.factory.annotation.AutowiredAnnotationBeanPostProcessor$AutowiredFieldElement.inject(AutowiredAnnotationBeanPostProcessor.java:747)
	at org.springframework.beans.factory.annotation.InjectionMetadata.inject(InjectionMetadata.java:145)
	at org.springframework.beans.factory.annotation.AutowiredAnnotationBeanPostProcessor.postProcessProperties(AutowiredAnnotationBeanPostProcessor.java:492)
	at org.springframework.beans.factory.support.AbstractAutowireCapableBeanFactory.populateBean(AbstractAutowireCapableBeanFactory.java:1416)
	at org.springframework.beans.factory.support.AbstractAutowireCapableBeanFactory.doCreateBean(AbstractAutowireCapableBeanFactory.java:597)
	at org.springframework.beans.factory.support.AbstractAutowireCapableBeanFactory.createBean(AbstractAutowireCapableBeanFactory.java:520)
	at org.springframework.beans.factory.support.AbstractBeanFactory.lambda$doGetBean$0(AbstractBeanFactory.java:325)
	at org.springframework.beans.factory.support.DefaultSingletonBeanRegistry.getSingleton(DefaultSingletonBeanRegistry.java:234)
	at org.springframework.beans.factory.support.AbstractBeanFactory.doGetBean(AbstractBeanFactory.java:323)
	at org.springframework.beans.factory.support.AbstractBeanFactory.getBean(AbstractBeanFactory.java:199)
	at org.springframework.beans.factory.support.DefaultListableBeanFactory.preInstantiateSingletons(DefaultListableBeanFactory.java:973)
	at org.springframework.context.support.AbstractApplicationContext.finishBeanFactoryInitialization(AbstractApplicationContext.java:950)
	at org.springframework.context.support.AbstractApplicationContext.refresh(AbstractApplicationContext.java:616)
	at org.springframework.boot.SpringApplication.refresh(SpringApplication.java:738)
	at org.springframework.boot.SpringApplication.refreshContext(SpringApplication.java:440)
	at org.springframework.boot.SpringApplication.run(SpringApplication.java:316)
	at org.springframework.boot.test.context.SpringBootContextLoader.lambda$loadContext$3(SpringBootContextLoader.java:137)
	at org.springframework.util.function.ThrowingSupplier.get(ThrowingSupplier.java:58)
	at org.springframework.util.function.ThrowingSupplier.get(ThrowingSupplier.java:46)
	at org.springframework.boot.SpringApplication.withHook(SpringApplication.java:1406)
	at org.springframework.boot.test.context.SpringBootContextLoader$ContextLoaderHook.run(SpringBootContextLoader.java:545)
	at org.springframework.boot.test.context.SpringBootContextLoader.loadContext(SpringBootContextLoader.java:137)
	at org.springframework.boot.test.context.SpringBootContextLoader.loadContext(SpringBootContextLoader.java:108)
	at org.springframework.test.context.cache.DefaultCacheAwareContextLoaderDelegate.loadContextInternal(DefaultCacheAwareContextLoaderDelegate.java:187)
	at org.springframework.test.context.cache.DefaultCacheAwareContextLoaderDelegate.loadContext(DefaultCacheAwareContextLoaderDelegate.java:119)
	at org.springframework.test.context.support.DefaultTestContext.getApplicationContext(DefaultTestContext.java:127)
	at org.springframework.test.context.web.ServletTestExecutionListener.setUpRequestContextIfNecessary(ServletTestExecutionListener.java:191)
	at org.springframework.test.context.web.ServletTestExecutionListener.prepareTestInstance(ServletTestExecutionListener.java:130)
	at org.springframework.test.context.TestContextManager.prepareTestInstance(TestContextManager.java:241)
	at org.springframework.test.context.junit.jupiter.SpringExtension.postProcessTestInstance(SpringExtension.java:138)
	at org.junit.jupiter.engine.descriptor.ClassBasedTestDescriptor.lambda$invokeTestInstancePostProcessors$10(ClassBasedTestDescriptor.java:377)
	at org.junit.jupiter.engine.descriptor.ClassBasedTestDescriptor.executeAndMaskThrowable(ClassBasedTestDescriptor.java:382)
	at org.junit.jupiter.engine.descriptor.ClassBasedTestDescriptor.lambda$invokeTestInstancePostProcessors$11(ClassBasedTestDescriptor.java:377)
	at java.base/java.util.stream.ReferencePipeline$3$1.accept(ReferencePipeline.java:197)
	at java.base/java.util.stream.ReferencePipeline$2$1.accept(ReferencePipeline.java:179)
	at java.base/java.util.ArrayList$ArrayListSpliterator.forEachRemaining(ArrayList.java:1625)
	at java.base/java.util.stream.AbstractPipeline.copyInto(AbstractPipeline.java:509)
	at java.base/java.util.stream.AbstractPipeline.wrapAndCopyInto(AbstractPipeline.java:499)
	at java.base/java.util.stream.StreamSpliterators$WrappingSpliterator.forEachRemaining(StreamSpliterators.java:310)
	at java.base/java.util.stream.Streams$ConcatSpliterator.forEachRemaining(Streams.java:735)
	at java.base/java.util.stream.Streams$ConcatSpliterator.forEachRemaining(Streams.java:734)
	at java.base/java.util.stream.ReferencePipeline$Head.forEach(ReferencePipeline.java:762)
	at org.junit.jupiter.engine.descriptor.ClassBasedTestDescriptor.invokeTestInstancePostProcessors(ClassBasedTestDescriptor.java:376)
	at org.junit.jupiter.engine.descriptor.ClassBasedTestDescriptor.lambda$instantiateAndPostProcessTestInstance$6(ClassBasedTestDescriptor.java:289)
	at org.junit.platform.engine.support.hierarchical.ThrowableCollector.execute(ThrowableCollector.java:73)
	at org.junit.jupiter.engine.descriptor.ClassBasedTestDescriptor.instantiateAndPostProcessTestInstance(ClassBasedTestDescriptor.java:288)
	at org.junit.jupiter.engine.descriptor.ClassBasedTestDescriptor.lambda$testInstancesProvider$4(ClassBasedTestDescriptor.java:278)
	at java.base/java.util.Optional.orElseGet(Optional.java:364)
	at org.junit.jupiter.engine.descriptor.ClassBasedTestDescriptor.lambda$testInstancesProvider$5(ClassBasedTestDescriptor.java:277)
	at org.junit.jupiter.engine.execution.TestInstancesProvider.getTestInstances(TestInstancesProvider.java:31)
	at org.junit.jupiter.engine.descriptor.TestMethodTestDescriptor.lambda$prepare$0(TestMethodTestDescriptor.java:105)
	at org.junit.platform.engine.support.hierarchical.ThrowableCollector.execute(ThrowableCollector.java:73)
	at org.junit.jupiter.engine.descriptor.TestMethodTestDescriptor.prepare(TestMethodTestDescriptor.java:104)
	at org.junit.jupiter.engine.descriptor.TestMethodTestDescriptor.prepare(TestMethodTestDescriptor.java:68)
	at org.junit.platform.engine.support.hierarchical.NodeTestTask.lambda$prepare$2(NodeTestTask.java:123)
	at org.junit.platform.engine.support.hierarchical.ThrowableCollector.execute(ThrowableCollector.java:73)
	at org.junit.platform.engine.support.hierarchical.NodeTestTask.prepare(NodeTestTask.java:123)
	at org.junit.platform.engine.support.hierarchical.NodeTestTask.execute(NodeTestTask.java:90)
	at java.base/java.util.ArrayList.forEach(ArrayList.java:1511)
	at org.junit.platform.engine.support.hierarchical.SameThreadHierarchicalTestExecutorService.invokeAll(SameThreadHierarchicalTestExecutorService.java:41)
	at org.junit.platform.engine.support.hierarchical.NodeTestTask.lambda$executeRecursively$6(NodeTestTask.java:155)
	at org.junit.platform.engine.support.hierarchical.ThrowableCollector.execute(ThrowableCollector.java:73)
	at org.junit.platform.engine.support.hierarchical.NodeTestTask.lambda$executeRecursively$8(NodeTestTask.java:141)
	at org.junit.platform.engine.support.hierarchical.Node.around(Node.java:137)
	at org.junit.platform.engine.support.hierarchical.NodeTestTask.lambda$executeRecursively$9(NodeTestTask.java:139)
	at org.junit.platform.engine.support.hierarchical.ThrowableCollector.execute(ThrowableCollector.java:73)
	at org.junit.platform.engine.support.hierarchical.NodeTestTask.executeRecursively(NodeTestTask.java:138)
	at org.junit.platform.engine.support.hierarchical.NodeTestTask.execute(NodeTestTask.java:95)
	at java.base/java.util.ArrayList.forEach(ArrayList.java:1511)
	at org.junit.platform.engine.support.hierarchical.SameThreadHierarchicalTestExecutorService.invokeAll(SameThreadHierarchicalTestExecutorService.java:41)
	at org.junit.platform.engine.support.hierarchical.NodeTestTask.lambda$executeRecursively$6(NodeTestTask.java:155)
	at org.junit.platform.engine.support.hierarchical.ThrowableCollector.execute(ThrowableCollector.java:73)
	at org.junit.platform.engine.support.hierarchical.NodeTestTask.lambda$executeRecursively$8(NodeTestTask.java:141)
	at org.junit.platform.engine.support.hierarchical.Node.around(Node.java:137)
	at org.junit.platform.engine.support.hierarchical.NodeTestTask.lambda$executeRecursively$9(NodeTestTask.java:139)
	at org.junit.platform.engine.support.hierarchical.ThrowableCollector.execute(ThrowableCollector.java:73)
	at org.junit.platform.engine.support.hierarchical.NodeTestTask.executeRecursively(NodeTestTask.java:138)
	at org.junit.platform.engine.support.hierarchical.NodeTestTask.execute(NodeTestTask.java:95)
	at org.junit.platform.engine.support.hierarchical.SameThreadHierarchicalTestExecutorService.submit(SameThreadHierarchicalTestExecutorService.java:35)
	at org.junit.platform.engine.support.hierarchical.HierarchicalTestExecutor.execute(HierarchicalTestExecutor.java:57)
	at org.junit.platform.engine.support.hierarchical.HierarchicalTestEngine.execute(HierarchicalTestEngine.java:54)
	at org.junit.platform.launcher.core.EngineExecutionOrchestrator.execute(EngineExecutionOrchestrator.java:147)
	at org.junit.platform.launcher.core.EngineExecutionOrchestrator.execute(EngineExecutionOrchestrator.java:127)
	at org.junit.platform.launcher.core.EngineExecutionOrchestrator.execute(EngineExecutionOrchestrator.java:90)
	at org.junit.platform.launcher.core.EngineExecutionOrchestrator.lambda$execute$0(EngineExecutionOrchestrator.java:55)
	at org.junit.platform.launcher.core.EngineExecutionOrchestrator.withInterceptedStreams(EngineExecutionOrchestrator.java:102)
	at org.junit.platform.launcher.core.EngineExecutionOrchestrator.execute(EngineExecutionOrchestrator.java:54)
	at org.junit.platform.launcher.core.DefaultLauncher.execute(DefaultLauncher.java:114)
	at org.junit.platform.launcher.core.DefaultLauncher.execute(DefaultLauncher.java:86)
	at org.junit.platform.launcher.core.DefaultLauncherSession$DelegatingLauncher.execute(DefaultLauncherSession.java:86)
	at org.apache.maven.surefire.junitplatform.LazyLauncher.execute(LazyLauncher.java:50)
	at org.apache.maven.surefire.junitplatform.JUnitPlatformProvider.execute(JUnitPlatformProvider.java:184)
	at org.apache.maven.surefire.junitplatform.JUnitPlatformProvider.invokeAllTests(JUnitPlatformProvider.java:148)
	at org.apache.maven.surefire.junitplatform.JUnitPlatformProvider.invoke(JUnitPlatformProvider.java:122)
	at org.apache.maven.surefire.booter.ForkedBooter.runSuitesInProcess(ForkedBooter.java:385)
	at org.apache.maven.surefire.booter.ForkedBooter.execute(ForkedBooter.java:162)
	at org.apache.maven.surefire.booter.ForkedBooter.run(ForkedBooter.java:507)
	at org.apache.maven.surefire.booter.ForkedBooter.main(ForkedBooter.java:495)
2023-11-24 12:36:46,920 TRACE o.h.i.SessionImpl [SessionImpl.java:402] Closing session [80f7afff-a68f-49a0-b73b-4e39291933d5]
2023-11-24 12:36:46,920 TRACE o.h.e.j.i.JdbcCoordinatorImpl [JdbcCoordinatorImpl.java:152] Closing JDBC container [org.hibernate.engine.jdbc.internal.JdbcCoordinatorImpl@7c653fd1]
2023-11-24 12:36:46,921 TRACE o.h.r.j.i.ResourceRegistryStandardImpl [ResourceRegistryStandardImpl.java:329] Releasing JDBC resources
2023-11-24 12:36:46,921 TRACE o.h.r.j.i.LogicalConnectionManagedImpl [LogicalConnectionManagedImpl.java:256] Closing logical connection
2023-11-24 12:36:46,921 TRACE o.h.r.j.i.LogicalConnectionManagedImpl [LogicalConnectionManagedImpl.java:263] Logical connection closed
2023-11-24 12:36:46,921 TRACE o.h.i.SessionFactoryImpl$SessionBuilderImpl [SessionFactoryImpl.java:1298] Opening Hibernate Session.  tenant=null
2023-11-24 12:36:46,921 TRACE o.h.i.SessionImpl [SessionImpl.java:262] Opened Session [c965ef1a-c67d-4672-bf90-f6e62ee5cf7a] at timestamp: 1700825806921
2023-11-24 12:36:46,922 TRACE o.h.i.SessionImpl [SessionImpl.java:402] Closing session [c965ef1a-c67d-4672-bf90-f6e62ee5cf7a]
2023-11-24 12:36:46,922 TRACE o.h.e.j.i.JdbcCoordinatorImpl [JdbcCoordinatorImpl.java:152] Closing JDBC container [org.hibernate.engine.jdbc.internal.JdbcCoordinatorImpl@33468738]
2023-11-24 12:36:46,922 TRACE o.h.r.j.i.ResourceRegistryStandardImpl [ResourceRegistryStandardImpl.java:329] Releasing JDBC resources
2023-11-24 12:36:46,922 TRACE o.h.r.j.i.LogicalConnectionManagedImpl [LogicalConnectionManagedImpl.java:256] Closing logical connection
2023-11-24 12:36:46,923 TRACE o.h.r.j.i.LogicalConnectionManagedImpl [LogicalConnectionManagedImpl.java:263] Logical connection closed
2023-11-24 12:36:46,927 TRACE o.h.i.SessionFactoryImpl$SessionBuilderImpl [SessionFactoryImpl.java:1298] Opening Hibernate Session.  tenant=null
2023-11-24 12:36:46,928 TRACE o.h.i.SessionImpl [SessionImpl.java:262] Opened Session [d3f8bb55-5d7f-49dc-8a7d-9efe79f1b61c] at timestamp: 1700825806928
2023-11-24 12:36:46,928 TRACE o.h.i.SessionImpl [SessionImpl.java:402] Closing session [d3f8bb55-5d7f-49dc-8a7d-9efe79f1b61c]
2023-11-24 12:36:46,928 TRACE o.h.e.j.i.JdbcCoordinatorImpl [JdbcCoordinatorImpl.java:152] Closing JDBC container [org.hibernate.engine.jdbc.internal.JdbcCoordinatorImpl@38619308]
2023-11-24 12:36:46,928 TRACE o.h.r.j.i.ResourceRegistryStandardImpl [ResourceRegistryStandardImpl.java:329] Releasing JDBC resources
2023-11-24 12:36:46,928 TRACE o.h.r.j.i.LogicalConnectionManagedImpl [LogicalConnectionManagedImpl.java:256] Closing logical connection
2023-11-24 12:36:46,929 TRACE o.h.r.j.i.LogicalConnectionManagedImpl [LogicalConnectionManagedImpl.java:263] Logical connection closed
2023-11-24 12:36:46,931 TRACE o.h.i.SessionFactoryImpl$SessionBuilderImpl [SessionFactoryImpl.java:1298] Opening Hibernate Session.  tenant=null
2023-11-24 12:36:46,931 TRACE o.h.i.SessionImpl [SessionImpl.java:262] Opened Session [d9c1840d-a7ab-4f10-bac9-15e7b72fa61f] at timestamp: 1700825806931
2023-11-24 12:36:46,931 TRACE o.h.i.SessionImpl [SessionImpl.java:402] Closing session [d9c1840d-a7ab-4f10-bac9-15e7b72fa61f]
2023-11-24 12:36:46,931 TRACE o.h.e.j.i.JdbcCoordinatorImpl [JdbcCoordinatorImpl.java:152] Closing JDBC container [org.hibernate.engine.jdbc.internal.JdbcCoordinatorImpl@3a04a245]
2023-11-24 12:36:46,931 TRACE o.h.r.j.i.ResourceRegistryStandardImpl [ResourceRegistryStandardImpl.java:329] Releasing JDBC resources
2023-11-24 12:36:46,932 TRACE o.h.r.j.i.LogicalConnectionManagedImpl [LogicalConnectionManagedImpl.java:256] Closing logical connection
2023-11-24 12:36:46,932 TRACE o.h.r.j.i.LogicalConnectionManagedImpl [LogicalConnectionManagedImpl.java:263] Logical connection closed
2023-11-24 12:36:46,942 TRACE o.h.i.SessionFactoryImpl$SessionBuilderImpl [SessionFactoryImpl.java:1298] Opening Hibernate Session.  tenant=null
2023-11-24 12:36:46,943 TRACE o.h.i.SessionImpl [SessionImpl.java:262] Opened Session [f135e76b-82ad-4530-ad11-70b7600620c8] at timestamp: 1700825806943
2023-11-24 12:36:46,943 DEBUG o.h.r.t.b.j.i.JdbcResourceLocalTransactionCoordinatorImpl [JdbcResourceLocalTransactionCoordinatorImpl.java:310] JDBC transaction marked for rollback-only (exception provided for stack trace)
java.lang.Exception: exception just for purpose of providing stack trace
	at org.hibernate.resource.transaction.backend.jdbc.internal.JdbcResourceLocalTransactionCoordinatorImpl$TransactionDriverControlImpl.markRollbackOnly(JdbcResourceLocalTransactionCoordinatorImpl.java:310)
	at org.hibernate.internal.AbstractSharedSessionContract.buildNamedQuery(AbstractSharedSessionContract.java:1021)
	at org.hibernate.internal.AbstractSharedSessionContract.createNamedQuery(AbstractSharedSessionContract.java:899)
	at org.hibernate.internal.AbstractSharedSessionContract.createNamedQuery(AbstractSharedSessionContract.java:120)
	at jdk.internal.reflect.GeneratedMethodAccessor47.invoke(Unknown Source)
	at java.base/jdk.internal.reflect.DelegatingMethodAccessorImpl.invoke(DelegatingMethodAccessorImpl.java:43)
	at java.base/java.lang.reflect.Method.invoke(Method.java:568)
	at org.springframework.orm.jpa.ExtendedEntityManagerCreator$ExtendedEntityManagerInvocationHandler.invoke(ExtendedEntityManagerCreator.java:360)
	at jdk.proxy2/jdk.proxy2.$Proxy191.createNamedQuery(Unknown Source)
	at org.springframework.data.jpa.repository.query.NamedQuery.hasNamedQuery(NamedQuery.java:113)
	at org.springframework.data.jpa.repository.query.NamedQuery.lookupFrom(NamedQuery.java:141)
	at org.springframework.data.jpa.repository.query.JpaQueryLookupStrategy$DeclaredQueryLookupStrategy.resolveQuery(JpaQueryLookupStrategy.java:180)
	at org.springframework.data.jpa.repository.query.JpaQueryLookupStrategy$CreateIfNotFoundQueryLookupStrategy.resolveQuery(JpaQueryLookupStrategy.java:252)
	at org.springframework.data.jpa.repository.query.JpaQueryLookupStrategy$AbstractQueryLookupStrategy.resolveQuery(JpaQueryLookupStrategy.java:95)
	at org.springframework.data.repository.core.support.QueryExecutorMethodInterceptor.lookupQuery(QueryExecutorMethodInterceptor.java:111)
	at org.springframework.data.repository.core.support.QueryExecutorMethodInterceptor.mapMethodsToQuery(QueryExecutorMethodInterceptor.java:99)
	at org.springframework.data.repository.core.support.QueryExecutorMethodInterceptor.lambda$new$0(QueryExecutorMethodInterceptor.java:88)
	at java.base/java.util.Optional.map(Optional.java:260)
	at org.springframework.data.repository.core.support.QueryExecutorMethodInterceptor.<init>(QueryExecutorMethodInterceptor.java:88)
	at org.springframework.data.repository.core.support.RepositoryFactorySupport.getRepository(RepositoryFactorySupport.java:357)
	at org.springframework.data.repository.core.support.RepositoryFactoryBeanSupport.lambda$afterPropertiesSet$5(RepositoryFactoryBeanSupport.java:279)
	at org.springframework.data.util.Lazy.getNullable(Lazy.java:245)
	at org.springframework.data.util.Lazy.get(Lazy.java:114)
	at org.springframework.data.repository.core.support.RepositoryFactoryBeanSupport.afterPropertiesSet(RepositoryFactoryBeanSupport.java:285)
	at org.springframework.data.jpa.repository.support.JpaRepositoryFactoryBean.afterPropertiesSet(JpaRepositoryFactoryBean.java:132)
	at org.springframework.beans.factory.support.AbstractAutowireCapableBeanFactory.invokeInitMethods(AbstractAutowireCapableBeanFactory.java:1817)
	at org.springframework.beans.factory.support.AbstractAutowireCapableBeanFactory.initializeBean(AbstractAutowireCapableBeanFactory.java:1766)
	at org.springframework.beans.factory.support.AbstractAutowireCapableBeanFactory.doCreateBean(AbstractAutowireCapableBeanFactory.java:598)
	at org.springframework.beans.factory.support.AbstractAutowireCapableBeanFactory.createBean(AbstractAutowireCapableBeanFactory.java:520)
	at org.springframework.beans.factory.support.AbstractBeanFactory.lambda$doGetBean$0(AbstractBeanFactory.java:325)
	at org.springframework.beans.factory.support.DefaultSingletonBeanRegistry.getSingleton(DefaultSingletonBeanRegistry.java:234)
	at org.springframework.beans.factory.support.AbstractBeanFactory.doGetBean(AbstractBeanFactory.java:323)
	at org.springframework.beans.factory.support.AbstractBeanFactory.getBean(AbstractBeanFactory.java:199)
	at org.springframework.beans.factory.config.DependencyDescriptor.resolveCandidate(DependencyDescriptor.java:254)
	at org.springframework.beans.factory.support.DefaultListableBeanFactory.doResolveDependency(DefaultListableBeanFactory.java:1417)
	at org.springframework.beans.factory.support.DefaultListableBeanFactory.resolveDependency(DefaultListableBeanFactory.java:1337)
	at org.springframework.beans.factory.annotation.AutowiredAnnotationBeanPostProcessor$AutowiredFieldElement.resolveFieldValue(AutowiredAnnotationBeanPostProcessor.java:764)
	at org.springframework.beans.factory.annotation.AutowiredAnnotationBeanPostProcessor$AutowiredFieldElement.inject(AutowiredAnnotationBeanPostProcessor.java:747)
	at org.springframework.beans.factory.annotation.InjectionMetadata.inject(InjectionMetadata.java:145)
	at org.springframework.beans.factory.annotation.AutowiredAnnotationBeanPostProcessor.postProcessProperties(AutowiredAnnotationBeanPostProcessor.java:492)
	at org.springframework.beans.factory.support.AbstractAutowireCapableBeanFactory.populateBean(AbstractAutowireCapableBeanFactory.java:1416)
	at org.springframework.beans.factory.support.AbstractAutowireCapableBeanFactory.doCreateBean(AbstractAutowireCapableBeanFactory.java:597)
	at org.springframework.beans.factory.support.AbstractAutowireCapableBeanFactory.createBean(AbstractAutowireCapableBeanFactory.java:520)
	at org.springframework.beans.factory.support.AbstractBeanFactory.lambda$doGetBean$0(AbstractBeanFactory.java:325)
	at org.springframework.beans.factory.support.DefaultSingletonBeanRegistry.getSingleton(DefaultSingletonBeanRegistry.java:234)
	at org.springframework.beans.factory.support.AbstractBeanFactory.doGetBean(AbstractBeanFactory.java:323)
	at org.springframework.beans.factory.support.AbstractBeanFactory.getBean(AbstractBeanFactory.java:199)
	at org.springframework.beans.factory.support.DefaultListableBeanFactory.preInstantiateSingletons(DefaultListableBeanFactory.java:973)
	at org.springframework.context.support.AbstractApplicationContext.finishBeanFactoryInitialization(AbstractApplicationContext.java:950)
	at org.springframework.context.support.AbstractApplicationContext.refresh(AbstractApplicationContext.java:616)
	at org.springframework.boot.SpringApplication.refresh(SpringApplication.java:738)
	at org.springframework.boot.SpringApplication.refreshContext(SpringApplication.java:440)
	at org.springframework.boot.SpringApplication.run(SpringApplication.java:316)
	at org.springframework.boot.test.context.SpringBootContextLoader.lambda$loadContext$3(SpringBootContextLoader.java:137)
	at org.springframework.util.function.ThrowingSupplier.get(ThrowingSupplier.java:58)
	at org.springframework.util.function.ThrowingSupplier.get(ThrowingSupplier.java:46)
	at org.springframework.boot.SpringApplication.withHook(SpringApplication.java:1406)
	at org.springframework.boot.test.context.SpringBootContextLoader$ContextLoaderHook.run(SpringBootContextLoader.java:545)
	at org.springframework.boot.test.context.SpringBootContextLoader.loadContext(SpringBootContextLoader.java:137)
	at org.springframework.boot.test.context.SpringBootContextLoader.loadContext(SpringBootContextLoader.java:108)
	at org.springframework.test.context.cache.DefaultCacheAwareContextLoaderDelegate.loadContextInternal(DefaultCacheAwareContextLoaderDelegate.java:187)
	at org.springframework.test.context.cache.DefaultCacheAwareContextLoaderDelegate.loadContext(DefaultCacheAwareContextLoaderDelegate.java:119)
	at org.springframework.test.context.support.DefaultTestContext.getApplicationContext(DefaultTestContext.java:127)
	at org.springframework.test.context.web.ServletTestExecutionListener.setUpRequestContextIfNecessary(ServletTestExecutionListener.java:191)
	at org.springframework.test.context.web.ServletTestExecutionListener.prepareTestInstance(ServletTestExecutionListener.java:130)
	at org.springframework.test.context.TestContextManager.prepareTestInstance(TestContextManager.java:241)
	at org.springframework.test.context.junit.jupiter.SpringExtension.postProcessTestInstance(SpringExtension.java:138)
	at org.junit.jupiter.engine.descriptor.ClassBasedTestDescriptor.lambda$invokeTestInstancePostProcessors$10(ClassBasedTestDescriptor.java:377)
	at org.junit.jupiter.engine.descriptor.ClassBasedTestDescriptor.executeAndMaskThrowable(ClassBasedTestDescriptor.java:382)
	at org.junit.jupiter.engine.descriptor.ClassBasedTestDescriptor.lambda$invokeTestInstancePostProcessors$11(ClassBasedTestDescriptor.java:377)
	at java.base/java.util.stream.ReferencePipeline$3$1.accept(ReferencePipeline.java:197)
	at java.base/java.util.stream.ReferencePipeline$2$1.accept(ReferencePipeline.java:179)
	at java.base/java.util.ArrayList$ArrayListSpliterator.forEachRemaining(ArrayList.java:1625)
	at java.base/java.util.stream.AbstractPipeline.copyInto(AbstractPipeline.java:509)
	at java.base/java.util.stream.AbstractPipeline.wrapAndCopyInto(AbstractPipeline.java:499)
	at java.base/java.util.stream.StreamSpliterators$WrappingSpliterator.forEachRemaining(StreamSpliterators.java:310)
	at java.base/java.util.stream.Streams$ConcatSpliterator.forEachRemaining(Streams.java:735)
	at java.base/java.util.stream.Streams$ConcatSpliterator.forEachRemaining(Streams.java:734)
	at java.base/java.util.stream.ReferencePipeline$Head.forEach(ReferencePipeline.java:762)
	at org.junit.jupiter.engine.descriptor.ClassBasedTestDescriptor.invokeTestInstancePostProcessors(ClassBasedTestDescriptor.java:376)
	at org.junit.jupiter.engine.descriptor.ClassBasedTestDescriptor.lambda$instantiateAndPostProcessTestInstance$6(ClassBasedTestDescriptor.java:289)
	at org.junit.platform.engine.support.hierarchical.ThrowableCollector.execute(ThrowableCollector.java:73)
	at org.junit.jupiter.engine.descriptor.ClassBasedTestDescriptor.instantiateAndPostProcessTestInstance(ClassBasedTestDescriptor.java:288)
	at org.junit.jupiter.engine.descriptor.ClassBasedTestDescriptor.lambda$testInstancesProvider$4(ClassBasedTestDescriptor.java:278)
	at java.base/java.util.Optional.orElseGet(Optional.java:364)
	at org.junit.jupiter.engine.descriptor.ClassBasedTestDescriptor.lambda$testInstancesProvider$5(ClassBasedTestDescriptor.java:277)
	at org.junit.jupiter.engine.execution.TestInstancesProvider.getTestInstances(TestInstancesProvider.java:31)
	at org.junit.jupiter.engine.descriptor.TestMethodTestDescriptor.lambda$prepare$0(TestMethodTestDescriptor.java:105)
	at org.junit.platform.engine.support.hierarchical.ThrowableCollector.execute(ThrowableCollector.java:73)
	at org.junit.jupiter.engine.descriptor.TestMethodTestDescriptor.prepare(TestMethodTestDescriptor.java:104)
	at org.junit.jupiter.engine.descriptor.TestMethodTestDescriptor.prepare(TestMethodTestDescriptor.java:68)
	at org.junit.platform.engine.support.hierarchical.NodeTestTask.lambda$prepare$2(NodeTestTask.java:123)
	at org.junit.platform.engine.support.hierarchical.ThrowableCollector.execute(ThrowableCollector.java:73)
	at org.junit.platform.engine.support.hierarchical.NodeTestTask.prepare(NodeTestTask.java:123)
	at org.junit.platform.engine.support.hierarchical.NodeTestTask.execute(NodeTestTask.java:90)
	at java.base/java.util.ArrayList.forEach(ArrayList.java:1511)
	at org.junit.platform.engine.support.hierarchical.SameThreadHierarchicalTestExecutorService.invokeAll(SameThreadHierarchicalTestExecutorService.java:41)
	at org.junit.platform.engine.support.hierarchical.NodeTestTask.lambda$executeRecursively$6(NodeTestTask.java:155)
	at org.junit.platform.engine.support.hierarchical.ThrowableCollector.execute(ThrowableCollector.java:73)
	at org.junit.platform.engine.support.hierarchical.NodeTestTask.lambda$executeRecursively$8(NodeTestTask.java:141)
	at org.junit.platform.engine.support.hierarchical.Node.around(Node.java:137)
	at org.junit.platform.engine.support.hierarchical.NodeTestTask.lambda$executeRecursively$9(NodeTestTask.java:139)
	at org.junit.platform.engine.support.hierarchical.ThrowableCollector.execute(ThrowableCollector.java:73)
	at org.junit.platform.engine.support.hierarchical.NodeTestTask.executeRecursively(NodeTestTask.java:138)
	at org.junit.platform.engine.support.hierarchical.NodeTestTask.execute(NodeTestTask.java:95)
	at java.base/java.util.ArrayList.forEach(ArrayList.java:1511)
	at org.junit.platform.engine.support.hierarchical.SameThreadHierarchicalTestExecutorService.invokeAll(SameThreadHierarchicalTestExecutorService.java:41)
	at org.junit.platform.engine.support.hierarchical.NodeTestTask.lambda$executeRecursively$6(NodeTestTask.java:155)
	at org.junit.platform.engine.support.hierarchical.ThrowableCollector.execute(ThrowableCollector.java:73)
	at org.junit.platform.engine.support.hierarchical.NodeTestTask.lambda$executeRecursively$8(NodeTestTask.java:141)
	at org.junit.platform.engine.support.hierarchical.Node.around(Node.java:137)
	at org.junit.platform.engine.support.hierarchical.NodeTestTask.lambda$executeRecursively$9(NodeTestTask.java:139)
	at org.junit.platform.engine.support.hierarchical.ThrowableCollector.execute(ThrowableCollector.java:73)
	at org.junit.platform.engine.support.hierarchical.NodeTestTask.executeRecursively(NodeTestTask.java:138)
	at org.junit.platform.engine.support.hierarchical.NodeTestTask.execute(NodeTestTask.java:95)
	at org.junit.platform.engine.support.hierarchical.SameThreadHierarchicalTestExecutorService.submit(SameThreadHierarchicalTestExecutorService.java:35)
	at org.junit.platform.engine.support.hierarchical.HierarchicalTestExecutor.execute(HierarchicalTestExecutor.java:57)
	at org.junit.platform.engine.support.hierarchical.HierarchicalTestEngine.execute(HierarchicalTestEngine.java:54)
	at org.junit.platform.launcher.core.EngineExecutionOrchestrator.execute(EngineExecutionOrchestrator.java:147)
	at org.junit.platform.launcher.core.EngineExecutionOrchestrator.execute(EngineExecutionOrchestrator.java:127)
	at org.junit.platform.launcher.core.EngineExecutionOrchestrator.execute(EngineExecutionOrchestrator.java:90)
	at org.junit.platform.launcher.core.EngineExecutionOrchestrator.lambda$execute$0(EngineExecutionOrchestrator.java:55)
	at org.junit.platform.launcher.core.EngineExecutionOrchestrator.withInterceptedStreams(EngineExecutionOrchestrator.java:102)
	at org.junit.platform.launcher.core.EngineExecutionOrchestrator.execute(EngineExecutionOrchestrator.java:54)
	at org.junit.platform.launcher.core.DefaultLauncher.execute(DefaultLauncher.java:114)
	at org.junit.platform.launcher.core.DefaultLauncher.execute(DefaultLauncher.java:86)
	at org.junit.platform.launcher.core.DefaultLauncherSession$DelegatingLauncher.execute(DefaultLauncherSession.java:86)
	at org.apache.maven.surefire.junitplatform.LazyLauncher.execute(LazyLauncher.java:50)
	at org.apache.maven.surefire.junitplatform.JUnitPlatformProvider.execute(JUnitPlatformProvider.java:184)
	at org.apache.maven.surefire.junitplatform.JUnitPlatformProvider.invokeAllTests(JUnitPlatformProvider.java:148)
	at org.apache.maven.surefire.junitplatform.JUnitPlatformProvider.invoke(JUnitPlatformProvider.java:122)
	at org.apache.maven.surefire.booter.ForkedBooter.runSuitesInProcess(ForkedBooter.java:385)
	at org.apache.maven.surefire.booter.ForkedBooter.execute(ForkedBooter.java:162)
	at org.apache.maven.surefire.booter.ForkedBooter.run(ForkedBooter.java:507)
	at org.apache.maven.surefire.booter.ForkedBooter.main(ForkedBooter.java:495)
2023-11-24 12:36:46,944 TRACE o.h.i.SessionImpl [SessionImpl.java:402] Closing session [f135e76b-82ad-4530-ad11-70b7600620c8]
2023-11-24 12:36:46,944 TRACE o.h.e.j.i.JdbcCoordinatorImpl [JdbcCoordinatorImpl.java:152] Closing JDBC container [org.hibernate.engine.jdbc.internal.JdbcCoordinatorImpl@4236766]
2023-11-24 12:36:46,944 TRACE o.h.r.j.i.ResourceRegistryStandardImpl [ResourceRegistryStandardImpl.java:329] Releasing JDBC resources
2023-11-24 12:36:46,944 TRACE o.h.r.j.i.LogicalConnectionManagedImpl [LogicalConnectionManagedImpl.java:256] Closing logical connection
2023-11-24 12:36:46,945 TRACE o.h.r.j.i.LogicalConnectionManagedImpl [LogicalConnectionManagedImpl.java:263] Logical connection closed
2023-11-24 12:36:46,945 TRACE o.h.i.SessionFactoryImpl$SessionBuilderImpl [SessionFactoryImpl.java:1298] Opening Hibernate Session.  tenant=null
2023-11-24 12:36:46,945 TRACE o.h.i.SessionImpl [SessionImpl.java:262] Opened Session [2d73fb1c-9f7c-44a4-a328-c19e58eb3e7a] at timestamp: 1700825806945
2023-11-24 12:36:46,945 TRACE o.h.i.SessionImpl [SessionImpl.java:402] Closing session [2d73fb1c-9f7c-44a4-a328-c19e58eb3e7a]
2023-11-24 12:36:46,945 TRACE o.h.e.j.i.JdbcCoordinatorImpl [JdbcCoordinatorImpl.java:152] Closing JDBC container [org.hibernate.engine.jdbc.internal.JdbcCoordinatorImpl@1b2afb2d]
2023-11-24 12:36:46,946 TRACE o.h.r.j.i.ResourceRegistryStandardImpl [ResourceRegistryStandardImpl.java:329] Releasing JDBC resources
2023-11-24 12:36:46,946 TRACE o.h.r.j.i.LogicalConnectionManagedImpl [LogicalConnectionManagedImpl.java:256] Closing logical connection
2023-11-24 12:36:46,946 TRACE o.h.r.j.i.LogicalConnectionManagedImpl [LogicalConnectionManagedImpl.java:263] Logical connection closed
2023-11-24 12:36:46,947 TRACE o.h.i.SessionFactoryImpl$SessionBuilderImpl [SessionFactoryImpl.java:1298] Opening Hibernate Session.  tenant=null
2023-11-24 12:36:46,947 TRACE o.h.i.SessionImpl [SessionImpl.java:262] Opened Session [a4e04a45-a5e6-44a0-b3d4-9cb4c486bf71] at timestamp: 1700825806947
2023-11-24 12:36:46,947 DEBUG o.h.r.t.b.j.i.JdbcResourceLocalTransactionCoordinatorImpl [JdbcResourceLocalTransactionCoordinatorImpl.java:310] JDBC transaction marked for rollback-only (exception provided for stack trace)
java.lang.Exception: exception just for purpose of providing stack trace
	at org.hibernate.resource.transaction.backend.jdbc.internal.JdbcResourceLocalTransactionCoordinatorImpl$TransactionDriverControlImpl.markRollbackOnly(JdbcResourceLocalTransactionCoordinatorImpl.java:310)
	at org.hibernate.internal.AbstractSharedSessionContract.buildNamedQuery(AbstractSharedSessionContract.java:1021)
	at org.hibernate.internal.AbstractSharedSessionContract.createNamedQuery(AbstractSharedSessionContract.java:899)
	at org.hibernate.internal.AbstractSharedSessionContract.createNamedQuery(AbstractSharedSessionContract.java:120)
	at jdk.internal.reflect.GeneratedMethodAccessor47.invoke(Unknown Source)
	at java.base/jdk.internal.reflect.DelegatingMethodAccessorImpl.invoke(DelegatingMethodAccessorImpl.java:43)
	at java.base/java.lang.reflect.Method.invoke(Method.java:568)
	at org.springframework.orm.jpa.ExtendedEntityManagerCreator$ExtendedEntityManagerInvocationHandler.invoke(ExtendedEntityManagerCreator.java:360)
	at jdk.proxy2/jdk.proxy2.$Proxy191.createNamedQuery(Unknown Source)
	at org.springframework.data.jpa.repository.query.NamedQuery.hasNamedQuery(NamedQuery.java:113)
	at org.springframework.data.jpa.repository.query.NamedQuery.lookupFrom(NamedQuery.java:141)
	at org.springframework.data.jpa.repository.query.JpaQueryLookupStrategy$DeclaredQueryLookupStrategy.resolveQuery(JpaQueryLookupStrategy.java:180)
	at org.springframework.data.jpa.repository.query.JpaQueryLookupStrategy$CreateIfNotFoundQueryLookupStrategy.resolveQuery(JpaQueryLookupStrategy.java:252)
	at org.springframework.data.jpa.repository.query.JpaQueryLookupStrategy$AbstractQueryLookupStrategy.resolveQuery(JpaQueryLookupStrategy.java:95)
	at org.springframework.data.repository.core.support.QueryExecutorMethodInterceptor.lookupQuery(QueryExecutorMethodInterceptor.java:111)
	at org.springframework.data.repository.core.support.QueryExecutorMethodInterceptor.mapMethodsToQuery(QueryExecutorMethodInterceptor.java:99)
	at org.springframework.data.repository.core.support.QueryExecutorMethodInterceptor.lambda$new$0(QueryExecutorMethodInterceptor.java:88)
	at java.base/java.util.Optional.map(Optional.java:260)
	at org.springframework.data.repository.core.support.QueryExecutorMethodInterceptor.<init>(QueryExecutorMethodInterceptor.java:88)
	at org.springframework.data.repository.core.support.RepositoryFactorySupport.getRepository(RepositoryFactorySupport.java:357)
	at org.springframework.data.repository.core.support.RepositoryFactoryBeanSupport.lambda$afterPropertiesSet$5(RepositoryFactoryBeanSupport.java:279)
	at org.springframework.data.util.Lazy.getNullable(Lazy.java:245)
	at org.springframework.data.util.Lazy.get(Lazy.java:114)
	at org.springframework.data.repository.core.support.RepositoryFactoryBeanSupport.afterPropertiesSet(RepositoryFactoryBeanSupport.java:285)
	at org.springframework.data.jpa.repository.support.JpaRepositoryFactoryBean.afterPropertiesSet(JpaRepositoryFactoryBean.java:132)
	at org.springframework.beans.factory.support.AbstractAutowireCapableBeanFactory.invokeInitMethods(AbstractAutowireCapableBeanFactory.java:1817)
	at org.springframework.beans.factory.support.AbstractAutowireCapableBeanFactory.initializeBean(AbstractAutowireCapableBeanFactory.java:1766)
	at org.springframework.beans.factory.support.AbstractAutowireCapableBeanFactory.doCreateBean(AbstractAutowireCapableBeanFactory.java:598)
	at org.springframework.beans.factory.support.AbstractAutowireCapableBeanFactory.createBean(AbstractAutowireCapableBeanFactory.java:520)
	at org.springframework.beans.factory.support.AbstractBeanFactory.lambda$doGetBean$0(AbstractBeanFactory.java:325)
	at org.springframework.beans.factory.support.DefaultSingletonBeanRegistry.getSingleton(DefaultSingletonBeanRegistry.java:234)
	at org.springframework.beans.factory.support.AbstractBeanFactory.doGetBean(AbstractBeanFactory.java:323)
	at org.springframework.beans.factory.support.AbstractBeanFactory.getBean(AbstractBeanFactory.java:199)
	at org.springframework.beans.factory.config.DependencyDescriptor.resolveCandidate(DependencyDescriptor.java:254)
	at org.springframework.beans.factory.support.DefaultListableBeanFactory.doResolveDependency(DefaultListableBeanFactory.java:1417)
	at org.springframework.beans.factory.support.DefaultListableBeanFactory.resolveDependency(DefaultListableBeanFactory.java:1337)
	at org.springframework.beans.factory.annotation.AutowiredAnnotationBeanPostProcessor$AutowiredFieldElement.resolveFieldValue(AutowiredAnnotationBeanPostProcessor.java:764)
	at org.springframework.beans.factory.annotation.AutowiredAnnotationBeanPostProcessor$AutowiredFieldElement.inject(AutowiredAnnotationBeanPostProcessor.java:747)
	at org.springframework.beans.factory.annotation.InjectionMetadata.inject(InjectionMetadata.java:145)
	at org.springframework.beans.factory.annotation.AutowiredAnnotationBeanPostProcessor.postProcessProperties(AutowiredAnnotationBeanPostProcessor.java:492)
	at org.springframework.beans.factory.support.AbstractAutowireCapableBeanFactory.populateBean(AbstractAutowireCapableBeanFactory.java:1416)
	at org.springframework.beans.factory.support.AbstractAutowireCapableBeanFactory.doCreateBean(AbstractAutowireCapableBeanFactory.java:597)
	at org.springframework.beans.factory.support.AbstractAutowireCapableBeanFactory.createBean(AbstractAutowireCapableBeanFactory.java:520)
	at org.springframework.beans.factory.support.AbstractBeanFactory.lambda$doGetBean$0(AbstractBeanFactory.java:325)
	at org.springframework.beans.factory.support.DefaultSingletonBeanRegistry.getSingleton(DefaultSingletonBeanRegistry.java:234)
	at org.springframework.beans.factory.support.AbstractBeanFactory.doGetBean(AbstractBeanFactory.java:323)
	at org.springframework.beans.factory.support.AbstractBeanFactory.getBean(AbstractBeanFactory.java:199)
	at org.springframework.beans.factory.support.DefaultListableBeanFactory.preInstantiateSingletons(DefaultListableBeanFactory.java:973)
	at org.springframework.context.support.AbstractApplicationContext.finishBeanFactoryInitialization(AbstractApplicationContext.java:950)
	at org.springframework.context.support.AbstractApplicationContext.refresh(AbstractApplicationContext.java:616)
	at org.springframework.boot.SpringApplication.refresh(SpringApplication.java:738)
	at org.springframework.boot.SpringApplication.refreshContext(SpringApplication.java:440)
	at org.springframework.boot.SpringApplication.run(SpringApplication.java:316)
	at org.springframework.boot.test.context.SpringBootContextLoader.lambda$loadContext$3(SpringBootContextLoader.java:137)
	at org.springframework.util.function.ThrowingSupplier.get(ThrowingSupplier.java:58)
	at org.springframework.util.function.ThrowingSupplier.get(ThrowingSupplier.java:46)
	at org.springframework.boot.SpringApplication.withHook(SpringApplication.java:1406)
	at org.springframework.boot.test.context.SpringBootContextLoader$ContextLoaderHook.run(SpringBootContextLoader.java:545)
	at org.springframework.boot.test.context.SpringBootContextLoader.loadContext(SpringBootContextLoader.java:137)
	at org.springframework.boot.test.context.SpringBootContextLoader.loadContext(SpringBootContextLoader.java:108)
	at org.springframework.test.context.cache.DefaultCacheAwareContextLoaderDelegate.loadContextInternal(DefaultCacheAwareContextLoaderDelegate.java:187)
	at org.springframework.test.context.cache.DefaultCacheAwareContextLoaderDelegate.loadContext(DefaultCacheAwareContextLoaderDelegate.java:119)
	at org.springframework.test.context.support.DefaultTestContext.getApplicationContext(DefaultTestContext.java:127)
	at org.springframework.test.context.web.ServletTestExecutionListener.setUpRequestContextIfNecessary(ServletTestExecutionListener.java:191)
	at org.springframework.test.context.web.ServletTestExecutionListener.prepareTestInstance(ServletTestExecutionListener.java:130)
	at org.springframework.test.context.TestContextManager.prepareTestInstance(TestContextManager.java:241)
	at org.springframework.test.context.junit.jupiter.SpringExtension.postProcessTestInstance(SpringExtension.java:138)
	at org.junit.jupiter.engine.descriptor.ClassBasedTestDescriptor.lambda$invokeTestInstancePostProcessors$10(ClassBasedTestDescriptor.java:377)
	at org.junit.jupiter.engine.descriptor.ClassBasedTestDescriptor.executeAndMaskThrowable(ClassBasedTestDescriptor.java:382)
	at org.junit.jupiter.engine.descriptor.ClassBasedTestDescriptor.lambda$invokeTestInstancePostProcessors$11(ClassBasedTestDescriptor.java:377)
	at java.base/java.util.stream.ReferencePipeline$3$1.accept(ReferencePipeline.java:197)
	at java.base/java.util.stream.ReferencePipeline$2$1.accept(ReferencePipeline.java:179)
	at java.base/java.util.ArrayList$ArrayListSpliterator.forEachRemaining(ArrayList.java:1625)
	at java.base/java.util.stream.AbstractPipeline.copyInto(AbstractPipeline.java:509)
	at java.base/java.util.stream.AbstractPipeline.wrapAndCopyInto(AbstractPipeline.java:499)
	at java.base/java.util.stream.StreamSpliterators$WrappingSpliterator.forEachRemaining(StreamSpliterators.java:310)
	at java.base/java.util.stream.Streams$ConcatSpliterator.forEachRemaining(Streams.java:735)
	at java.base/java.util.stream.Streams$ConcatSpliterator.forEachRemaining(Streams.java:734)
	at java.base/java.util.stream.ReferencePipeline$Head.forEach(ReferencePipeline.java:762)
	at org.junit.jupiter.engine.descriptor.ClassBasedTestDescriptor.invokeTestInstancePostProcessors(ClassBasedTestDescriptor.java:376)
	at org.junit.jupiter.engine.descriptor.ClassBasedTestDescriptor.lambda$instantiateAndPostProcessTestInstance$6(ClassBasedTestDescriptor.java:289)
	at org.junit.platform.engine.support.hierarchical.ThrowableCollector.execute(ThrowableCollector.java:73)
	at org.junit.jupiter.engine.descriptor.ClassBasedTestDescriptor.instantiateAndPostProcessTestInstance(ClassBasedTestDescriptor.java:288)
	at org.junit.jupiter.engine.descriptor.ClassBasedTestDescriptor.lambda$testInstancesProvider$4(ClassBasedTestDescriptor.java:278)
	at java.base/java.util.Optional.orElseGet(Optional.java:364)
	at org.junit.jupiter.engine.descriptor.ClassBasedTestDescriptor.lambda$testInstancesProvider$5(ClassBasedTestDescriptor.java:277)
	at org.junit.jupiter.engine.execution.TestInstancesProvider.getTestInstances(TestInstancesProvider.java:31)
	at org.junit.jupiter.engine.descriptor.TestMethodTestDescriptor.lambda$prepare$0(TestMethodTestDescriptor.java:105)
	at org.junit.platform.engine.support.hierarchical.ThrowableCollector.execute(ThrowableCollector.java:73)
	at org.junit.jupiter.engine.descriptor.TestMethodTestDescriptor.prepare(TestMethodTestDescriptor.java:104)
	at org.junit.jupiter.engine.descriptor.TestMethodTestDescriptor.prepare(TestMethodTestDescriptor.java:68)
	at org.junit.platform.engine.support.hierarchical.NodeTestTask.lambda$prepare$2(NodeTestTask.java:123)
	at org.junit.platform.engine.support.hierarchical.ThrowableCollector.execute(ThrowableCollector.java:73)
	at org.junit.platform.engine.support.hierarchical.NodeTestTask.prepare(NodeTestTask.java:123)
	at org.junit.platform.engine.support.hierarchical.NodeTestTask.execute(NodeTestTask.java:90)
	at java.base/java.util.ArrayList.forEach(ArrayList.java:1511)
	at org.junit.platform.engine.support.hierarchical.SameThreadHierarchicalTestExecutorService.invokeAll(SameThreadHierarchicalTestExecutorService.java:41)
	at org.junit.platform.engine.support.hierarchical.NodeTestTask.lambda$executeRecursively$6(NodeTestTask.java:155)
	at org.junit.platform.engine.support.hierarchical.ThrowableCollector.execute(ThrowableCollector.java:73)
	at org.junit.platform.engine.support.hierarchical.NodeTestTask.lambda$executeRecursively$8(NodeTestTask.java:141)
	at org.junit.platform.engine.support.hierarchical.Node.around(Node.java:137)
	at org.junit.platform.engine.support.hierarchical.NodeTestTask.lambda$executeRecursively$9(NodeTestTask.java:139)
	at org.junit.platform.engine.support.hierarchical.ThrowableCollector.execute(ThrowableCollector.java:73)
	at org.junit.platform.engine.support.hierarchical.NodeTestTask.executeRecursively(NodeTestTask.java:138)
	at org.junit.platform.engine.support.hierarchical.NodeTestTask.execute(NodeTestTask.java:95)
	at java.base/java.util.ArrayList.forEach(ArrayList.java:1511)
	at org.junit.platform.engine.support.hierarchical.SameThreadHierarchicalTestExecutorService.invokeAll(SameThreadHierarchicalTestExecutorService.java:41)
	at org.junit.platform.engine.support.hierarchical.NodeTestTask.lambda$executeRecursively$6(NodeTestTask.java:155)
	at org.junit.platform.engine.support.hierarchical.ThrowableCollector.execute(ThrowableCollector.java:73)
	at org.junit.platform.engine.support.hierarchical.NodeTestTask.lambda$executeRecursively$8(NodeTestTask.java:141)
	at org.junit.platform.engine.support.hierarchical.Node.around(Node.java:137)
	at org.junit.platform.engine.support.hierarchical.NodeTestTask.lambda$executeRecursively$9(NodeTestTask.java:139)
	at org.junit.platform.engine.support.hierarchical.ThrowableCollector.execute(ThrowableCollector.java:73)
	at org.junit.platform.engine.support.hierarchical.NodeTestTask.executeRecursively(NodeTestTask.java:138)
	at org.junit.platform.engine.support.hierarchical.NodeTestTask.execute(NodeTestTask.java:95)
	at org.junit.platform.engine.support.hierarchical.SameThreadHierarchicalTestExecutorService.submit(SameThreadHierarchicalTestExecutorService.java:35)
	at org.junit.platform.engine.support.hierarchical.HierarchicalTestExecutor.execute(HierarchicalTestExecutor.java:57)
	at org.junit.platform.engine.support.hierarchical.HierarchicalTestEngine.execute(HierarchicalTestEngine.java:54)
	at org.junit.platform.launcher.core.EngineExecutionOrchestrator.execute(EngineExecutionOrchestrator.java:147)
	at org.junit.platform.launcher.core.EngineExecutionOrchestrator.execute(EngineExecutionOrchestrator.java:127)
	at org.junit.platform.launcher.core.EngineExecutionOrchestrator.execute(EngineExecutionOrchestrator.java:90)
	at org.junit.platform.launcher.core.EngineExecutionOrchestrator.lambda$execute$0(EngineExecutionOrchestrator.java:55)
	at org.junit.platform.launcher.core.EngineExecutionOrchestrator.withInterceptedStreams(EngineExecutionOrchestrator.java:102)
	at org.junit.platform.launcher.core.EngineExecutionOrchestrator.execute(EngineExecutionOrchestrator.java:54)
	at org.junit.platform.launcher.core.DefaultLauncher.execute(DefaultLauncher.java:114)
	at org.junit.platform.launcher.core.DefaultLauncher.execute(DefaultLauncher.java:86)
	at org.junit.platform.launcher.core.DefaultLauncherSession$DelegatingLauncher.execute(DefaultLauncherSession.java:86)
	at org.apache.maven.surefire.junitplatform.LazyLauncher.execute(LazyLauncher.java:50)
	at org.apache.maven.surefire.junitplatform.JUnitPlatformProvider.execute(JUnitPlatformProvider.java:184)
	at org.apache.maven.surefire.junitplatform.JUnitPlatformProvider.invokeAllTests(JUnitPlatformProvider.java:148)
	at org.apache.maven.surefire.junitplatform.JUnitPlatformProvider.invoke(JUnitPlatformProvider.java:122)
	at org.apache.maven.surefire.booter.ForkedBooter.runSuitesInProcess(ForkedBooter.java:385)
	at org.apache.maven.surefire.booter.ForkedBooter.execute(ForkedBooter.java:162)
	at org.apache.maven.surefire.booter.ForkedBooter.run(ForkedBooter.java:507)
	at org.apache.maven.surefire.booter.ForkedBooter.main(ForkedBooter.java:495)
2023-11-24 12:36:46,947 TRACE o.h.i.SessionImpl [SessionImpl.java:402] Closing session [a4e04a45-a5e6-44a0-b3d4-9cb4c486bf71]
2023-11-24 12:36:46,948 TRACE o.h.e.j.i.JdbcCoordinatorImpl [JdbcCoordinatorImpl.java:152] Closing JDBC container [org.hibernate.engine.jdbc.internal.JdbcCoordinatorImpl@1f4266ff]
2023-11-24 12:36:46,948 TRACE o.h.r.j.i.ResourceRegistryStandardImpl [ResourceRegistryStandardImpl.java:329] Releasing JDBC resources
2023-11-24 12:36:46,948 TRACE o.h.r.j.i.LogicalConnectionManagedImpl [LogicalConnectionManagedImpl.java:256] Closing logical connection
2023-11-24 12:36:46,948 TRACE o.h.r.j.i.LogicalConnectionManagedImpl [LogicalConnectionManagedImpl.java:263] Logical connection closed
2023-11-24 12:36:46,948 TRACE o.h.i.SessionFactoryImpl$SessionBuilderImpl [SessionFactoryImpl.java:1298] Opening Hibernate Session.  tenant=null
2023-11-24 12:36:46,948 TRACE o.h.i.SessionImpl [SessionImpl.java:262] Opened Session [f5e6f2a1-1a6c-4dc9-914e-830ee8361681] at timestamp: 1700825806948
2023-11-24 12:36:46,948 TRACE o.h.i.SessionImpl [SessionImpl.java:402] Closing session [f5e6f2a1-1a6c-4dc9-914e-830ee8361681]
2023-11-24 12:36:46,948 TRACE o.h.e.j.i.JdbcCoordinatorImpl [JdbcCoordinatorImpl.java:152] Closing JDBC container [org.hibernate.engine.jdbc.internal.JdbcCoordinatorImpl@453a26]
2023-11-24 12:36:46,948 TRACE o.h.r.j.i.ResourceRegistryStandardImpl [ResourceRegistryStandardImpl.java:329] Releasing JDBC resources
2023-11-24 12:36:46,949 TRACE o.h.r.j.i.LogicalConnectionManagedImpl [LogicalConnectionManagedImpl.java:256] Closing logical connection
2023-11-24 12:36:46,949 TRACE o.h.r.j.i.LogicalConnectionManagedImpl [LogicalConnectionManagedImpl.java:263] Logical connection closed
2023-11-24 12:36:46,950 TRACE o.h.i.SessionFactoryImpl$SessionBuilderImpl [SessionFactoryImpl.java:1298] Opening Hibernate Session.  tenant=null
2023-11-24 12:36:46,950 TRACE o.h.i.SessionImpl [SessionImpl.java:262] Opened Session [a67b1f6b-416c-431b-9a34-ef90388a1846] at timestamp: 1700825806950
2023-11-24 12:36:46,950 DEBUG o.h.r.t.b.j.i.JdbcResourceLocalTransactionCoordinatorImpl [JdbcResourceLocalTransactionCoordinatorImpl.java:310] JDBC transaction marked for rollback-only (exception provided for stack trace)
java.lang.Exception: exception just for purpose of providing stack trace
	at org.hibernate.resource.transaction.backend.jdbc.internal.JdbcResourceLocalTransactionCoordinatorImpl$TransactionDriverControlImpl.markRollbackOnly(JdbcResourceLocalTransactionCoordinatorImpl.java:310)
	at org.hibernate.internal.AbstractSharedSessionContract.buildNamedQuery(AbstractSharedSessionContract.java:1021)
	at org.hibernate.internal.AbstractSharedSessionContract.createNamedQuery(AbstractSharedSessionContract.java:899)
	at org.hibernate.internal.AbstractSharedSessionContract.createNamedQuery(AbstractSharedSessionContract.java:120)
	at jdk.internal.reflect.GeneratedMethodAccessor47.invoke(Unknown Source)
	at java.base/jdk.internal.reflect.DelegatingMethodAccessorImpl.invoke(DelegatingMethodAccessorImpl.java:43)
	at java.base/java.lang.reflect.Method.invoke(Method.java:568)
	at org.springframework.orm.jpa.ExtendedEntityManagerCreator$ExtendedEntityManagerInvocationHandler.invoke(ExtendedEntityManagerCreator.java:360)
	at jdk.proxy2/jdk.proxy2.$Proxy191.createNamedQuery(Unknown Source)
	at org.springframework.data.jpa.repository.query.NamedQuery.hasNamedQuery(NamedQuery.java:113)
	at org.springframework.data.jpa.repository.query.NamedQuery.lookupFrom(NamedQuery.java:141)
	at org.springframework.data.jpa.repository.query.JpaQueryLookupStrategy$DeclaredQueryLookupStrategy.resolveQuery(JpaQueryLookupStrategy.java:180)
	at org.springframework.data.jpa.repository.query.JpaQueryLookupStrategy$CreateIfNotFoundQueryLookupStrategy.resolveQuery(JpaQueryLookupStrategy.java:252)
	at org.springframework.data.jpa.repository.query.JpaQueryLookupStrategy$AbstractQueryLookupStrategy.resolveQuery(JpaQueryLookupStrategy.java:95)
	at org.springframework.data.repository.core.support.QueryExecutorMethodInterceptor.lookupQuery(QueryExecutorMethodInterceptor.java:111)
	at org.springframework.data.repository.core.support.QueryExecutorMethodInterceptor.mapMethodsToQuery(QueryExecutorMethodInterceptor.java:99)
	at org.springframework.data.repository.core.support.QueryExecutorMethodInterceptor.lambda$new$0(QueryExecutorMethodInterceptor.java:88)
	at java.base/java.util.Optional.map(Optional.java:260)
	at org.springframework.data.repository.core.support.QueryExecutorMethodInterceptor.<init>(QueryExecutorMethodInterceptor.java:88)
	at org.springframework.data.repository.core.support.RepositoryFactorySupport.getRepository(RepositoryFactorySupport.java:357)
	at org.springframework.data.repository.core.support.RepositoryFactoryBeanSupport.lambda$afterPropertiesSet$5(RepositoryFactoryBeanSupport.java:279)
	at org.springframework.data.util.Lazy.getNullable(Lazy.java:245)
	at org.springframework.data.util.Lazy.get(Lazy.java:114)
	at org.springframework.data.repository.core.support.RepositoryFactoryBeanSupport.afterPropertiesSet(RepositoryFactoryBeanSupport.java:285)
	at org.springframework.data.jpa.repository.support.JpaRepositoryFactoryBean.afterPropertiesSet(JpaRepositoryFactoryBean.java:132)
	at org.springframework.beans.factory.support.AbstractAutowireCapableBeanFactory.invokeInitMethods(AbstractAutowireCapableBeanFactory.java:1817)
	at org.springframework.beans.factory.support.AbstractAutowireCapableBeanFactory.initializeBean(AbstractAutowireCapableBeanFactory.java:1766)
	at org.springframework.beans.factory.support.AbstractAutowireCapableBeanFactory.doCreateBean(AbstractAutowireCapableBeanFactory.java:598)
	at org.springframework.beans.factory.support.AbstractAutowireCapableBeanFactory.createBean(AbstractAutowireCapableBeanFactory.java:520)
	at org.springframework.beans.factory.support.AbstractBeanFactory.lambda$doGetBean$0(AbstractBeanFactory.java:325)
	at org.springframework.beans.factory.support.DefaultSingletonBeanRegistry.getSingleton(DefaultSingletonBeanRegistry.java:234)
	at org.springframework.beans.factory.support.AbstractBeanFactory.doGetBean(AbstractBeanFactory.java:323)
	at org.springframework.beans.factory.support.AbstractBeanFactory.getBean(AbstractBeanFactory.java:199)
	at org.springframework.beans.factory.config.DependencyDescriptor.resolveCandidate(DependencyDescriptor.java:254)
	at org.springframework.beans.factory.support.DefaultListableBeanFactory.doResolveDependency(DefaultListableBeanFactory.java:1417)
	at org.springframework.beans.factory.support.DefaultListableBeanFactory.resolveDependency(DefaultListableBeanFactory.java:1337)
	at org.springframework.beans.factory.annotation.AutowiredAnnotationBeanPostProcessor$AutowiredFieldElement.resolveFieldValue(AutowiredAnnotationBeanPostProcessor.java:764)
	at org.springframework.beans.factory.annotation.AutowiredAnnotationBeanPostProcessor$AutowiredFieldElement.inject(AutowiredAnnotationBeanPostProcessor.java:747)
	at org.springframework.beans.factory.annotation.InjectionMetadata.inject(InjectionMetadata.java:145)
	at org.springframework.beans.factory.annotation.AutowiredAnnotationBeanPostProcessor.postProcessProperties(AutowiredAnnotationBeanPostProcessor.java:492)
	at org.springframework.beans.factory.support.AbstractAutowireCapableBeanFactory.populateBean(AbstractAutowireCapableBeanFactory.java:1416)
	at org.springframework.beans.factory.support.AbstractAutowireCapableBeanFactory.doCreateBean(AbstractAutowireCapableBeanFactory.java:597)
	at org.springframework.beans.factory.support.AbstractAutowireCapableBeanFactory.createBean(AbstractAutowireCapableBeanFactory.java:520)
	at org.springframework.beans.factory.support.AbstractBeanFactory.lambda$doGetBean$0(AbstractBeanFactory.java:325)
	at org.springframework.beans.factory.support.DefaultSingletonBeanRegistry.getSingleton(DefaultSingletonBeanRegistry.java:234)
	at org.springframework.beans.factory.support.AbstractBeanFactory.doGetBean(AbstractBeanFactory.java:323)
	at org.springframework.beans.factory.support.AbstractBeanFactory.getBean(AbstractBeanFactory.java:199)
	at org.springframework.beans.factory.support.DefaultListableBeanFactory.preInstantiateSingletons(DefaultListableBeanFactory.java:973)
	at org.springframework.context.support.AbstractApplicationContext.finishBeanFactoryInitialization(AbstractApplicationContext.java:950)
	at org.springframework.context.support.AbstractApplicationContext.refresh(AbstractApplicationContext.java:616)
	at org.springframework.boot.SpringApplication.refresh(SpringApplication.java:738)
	at org.springframework.boot.SpringApplication.refreshContext(SpringApplication.java:440)
	at org.springframework.boot.SpringApplication.run(SpringApplication.java:316)
	at org.springframework.boot.test.context.SpringBootContextLoader.lambda$loadContext$3(SpringBootContextLoader.java:137)
	at org.springframework.util.function.ThrowingSupplier.get(ThrowingSupplier.java:58)
	at org.springframework.util.function.ThrowingSupplier.get(ThrowingSupplier.java:46)
	at org.springframework.boot.SpringApplication.withHook(SpringApplication.java:1406)
	at org.springframework.boot.test.context.SpringBootContextLoader$ContextLoaderHook.run(SpringBootContextLoader.java:545)
	at org.springframework.boot.test.context.SpringBootContextLoader.loadContext(SpringBootContextLoader.java:137)
	at org.springframework.boot.test.context.SpringBootContextLoader.loadContext(SpringBootContextLoader.java:108)
	at org.springframework.test.context.cache.DefaultCacheAwareContextLoaderDelegate.loadContextInternal(DefaultCacheAwareContextLoaderDelegate.java:187)
	at org.springframework.test.context.cache.DefaultCacheAwareContextLoaderDelegate.loadContext(DefaultCacheAwareContextLoaderDelegate.java:119)
	at org.springframework.test.context.support.DefaultTestContext.getApplicationContext(DefaultTestContext.java:127)
	at org.springframework.test.context.web.ServletTestExecutionListener.setUpRequestContextIfNecessary(ServletTestExecutionListener.java:191)
	at org.springframework.test.context.web.ServletTestExecutionListener.prepareTestInstance(ServletTestExecutionListener.java:130)
	at org.springframework.test.context.TestContextManager.prepareTestInstance(TestContextManager.java:241)
	at org.springframework.test.context.junit.jupiter.SpringExtension.postProcessTestInstance(SpringExtension.java:138)
	at org.junit.jupiter.engine.descriptor.ClassBasedTestDescriptor.lambda$invokeTestInstancePostProcessors$10(ClassBasedTestDescriptor.java:377)
	at org.junit.jupiter.engine.descriptor.ClassBasedTestDescriptor.executeAndMaskThrowable(ClassBasedTestDescriptor.java:382)
	at org.junit.jupiter.engine.descriptor.ClassBasedTestDescriptor.lambda$invokeTestInstancePostProcessors$11(ClassBasedTestDescriptor.java:377)
	at java.base/java.util.stream.ReferencePipeline$3$1.accept(ReferencePipeline.java:197)
	at java.base/java.util.stream.ReferencePipeline$2$1.accept(ReferencePipeline.java:179)
	at java.base/java.util.ArrayList$ArrayListSpliterator.forEachRemaining(ArrayList.java:1625)
	at java.base/java.util.stream.AbstractPipeline.copyInto(AbstractPipeline.java:509)
	at java.base/java.util.stream.AbstractPipeline.wrapAndCopyInto(AbstractPipeline.java:499)
	at java.base/java.util.stream.StreamSpliterators$WrappingSpliterator.forEachRemaining(StreamSpliterators.java:310)
	at java.base/java.util.stream.Streams$ConcatSpliterator.forEachRemaining(Streams.java:735)
	at java.base/java.util.stream.Streams$ConcatSpliterator.forEachRemaining(Streams.java:734)
	at java.base/java.util.stream.ReferencePipeline$Head.forEach(ReferencePipeline.java:762)
	at org.junit.jupiter.engine.descriptor.ClassBasedTestDescriptor.invokeTestInstancePostProcessors(ClassBasedTestDescriptor.java:376)
	at org.junit.jupiter.engine.descriptor.ClassBasedTestDescriptor.lambda$instantiateAndPostProcessTestInstance$6(ClassBasedTestDescriptor.java:289)
	at org.junit.platform.engine.support.hierarchical.ThrowableCollector.execute(ThrowableCollector.java:73)
	at org.junit.jupiter.engine.descriptor.ClassBasedTestDescriptor.instantiateAndPostProcessTestInstance(ClassBasedTestDescriptor.java:288)
	at org.junit.jupiter.engine.descriptor.ClassBasedTestDescriptor.lambda$testInstancesProvider$4(ClassBasedTestDescriptor.java:278)
	at java.base/java.util.Optional.orElseGet(Optional.java:364)
	at org.junit.jupiter.engine.descriptor.ClassBasedTestDescriptor.lambda$testInstancesProvider$5(ClassBasedTestDescriptor.java:277)
	at org.junit.jupiter.engine.execution.TestInstancesProvider.getTestInstances(TestInstancesProvider.java:31)
	at org.junit.jupiter.engine.descriptor.TestMethodTestDescriptor.lambda$prepare$0(TestMethodTestDescriptor.java:105)
	at org.junit.platform.engine.support.hierarchical.ThrowableCollector.execute(ThrowableCollector.java:73)
	at org.junit.jupiter.engine.descriptor.TestMethodTestDescriptor.prepare(TestMethodTestDescriptor.java:104)
	at org.junit.jupiter.engine.descriptor.TestMethodTestDescriptor.prepare(TestMethodTestDescriptor.java:68)
	at org.junit.platform.engine.support.hierarchical.NodeTestTask.lambda$prepare$2(NodeTestTask.java:123)
	at org.junit.platform.engine.support.hierarchical.ThrowableCollector.execute(ThrowableCollector.java:73)
	at org.junit.platform.engine.support.hierarchical.NodeTestTask.prepare(NodeTestTask.java:123)
	at org.junit.platform.engine.support.hierarchical.NodeTestTask.execute(NodeTestTask.java:90)
	at java.base/java.util.ArrayList.forEach(ArrayList.java:1511)
	at org.junit.platform.engine.support.hierarchical.SameThreadHierarchicalTestExecutorService.invokeAll(SameThreadHierarchicalTestExecutorService.java:41)
	at org.junit.platform.engine.support.hierarchical.NodeTestTask.lambda$executeRecursively$6(NodeTestTask.java:155)
	at org.junit.platform.engine.support.hierarchical.ThrowableCollector.execute(ThrowableCollector.java:73)
	at org.junit.platform.engine.support.hierarchical.NodeTestTask.lambda$executeRecursively$8(NodeTestTask.java:141)
	at org.junit.platform.engine.support.hierarchical.Node.around(Node.java:137)
	at org.junit.platform.engine.support.hierarchical.NodeTestTask.lambda$executeRecursively$9(NodeTestTask.java:139)
	at org.junit.platform.engine.support.hierarchical.ThrowableCollector.execute(ThrowableCollector.java:73)
	at org.junit.platform.engine.support.hierarchical.NodeTestTask.executeRecursively(NodeTestTask.java:138)
	at org.junit.platform.engine.support.hierarchical.NodeTestTask.execute(NodeTestTask.java:95)
	at java.base/java.util.ArrayList.forEach(ArrayList.java:1511)
	at org.junit.platform.engine.support.hierarchical.SameThreadHierarchicalTestExecutorService.invokeAll(SameThreadHierarchicalTestExecutorService.java:41)
	at org.junit.platform.engine.support.hierarchical.NodeTestTask.lambda$executeRecursively$6(NodeTestTask.java:155)
	at org.junit.platform.engine.support.hierarchical.ThrowableCollector.execute(ThrowableCollector.java:73)
	at org.junit.platform.engine.support.hierarchical.NodeTestTask.lambda$executeRecursively$8(NodeTestTask.java:141)
	at org.junit.platform.engine.support.hierarchical.Node.around(Node.java:137)
	at org.junit.platform.engine.support.hierarchical.NodeTestTask.lambda$executeRecursively$9(NodeTestTask.java:139)
	at org.junit.platform.engine.support.hierarchical.ThrowableCollector.execute(ThrowableCollector.java:73)
	at org.junit.platform.engine.support.hierarchical.NodeTestTask.executeRecursively(NodeTestTask.java:138)
	at org.junit.platform.engine.support.hierarchical.NodeTestTask.execute(NodeTestTask.java:95)
	at org.junit.platform.engine.support.hierarchical.SameThreadHierarchicalTestExecutorService.submit(SameThreadHierarchicalTestExecutorService.java:35)
	at org.junit.platform.engine.support.hierarchical.HierarchicalTestExecutor.execute(HierarchicalTestExecutor.java:57)
	at org.junit.platform.engine.support.hierarchical.HierarchicalTestEngine.execute(HierarchicalTestEngine.java:54)
	at org.junit.platform.launcher.core.EngineExecutionOrchestrator.execute(EngineExecutionOrchestrator.java:147)
	at org.junit.platform.launcher.core.EngineExecutionOrchestrator.execute(EngineExecutionOrchestrator.java:127)
	at org.junit.platform.launcher.core.EngineExecutionOrchestrator.execute(EngineExecutionOrchestrator.java:90)
	at org.junit.platform.launcher.core.EngineExecutionOrchestrator.lambda$execute$0(EngineExecutionOrchestrator.java:55)
	at org.junit.platform.launcher.core.EngineExecutionOrchestrator.withInterceptedStreams(EngineExecutionOrchestrator.java:102)
	at org.junit.platform.launcher.core.EngineExecutionOrchestrator.execute(EngineExecutionOrchestrator.java:54)
	at org.junit.platform.launcher.core.DefaultLauncher.execute(DefaultLauncher.java:114)
	at org.junit.platform.launcher.core.DefaultLauncher.execute(DefaultLauncher.java:86)
	at org.junit.platform.launcher.core.DefaultLauncherSession$DelegatingLauncher.execute(DefaultLauncherSession.java:86)
	at org.apache.maven.surefire.junitplatform.LazyLauncher.execute(LazyLauncher.java:50)
	at org.apache.maven.surefire.junitplatform.JUnitPlatformProvider.execute(JUnitPlatformProvider.java:184)
	at org.apache.maven.surefire.junitplatform.JUnitPlatformProvider.invokeAllTests(JUnitPlatformProvider.java:148)
	at org.apache.maven.surefire.junitplatform.JUnitPlatformProvider.invoke(JUnitPlatformProvider.java:122)
	at org.apache.maven.surefire.booter.ForkedBooter.runSuitesInProcess(ForkedBooter.java:385)
	at org.apache.maven.surefire.booter.ForkedBooter.execute(ForkedBooter.java:162)
	at org.apache.maven.surefire.booter.ForkedBooter.run(ForkedBooter.java:507)
	at org.apache.maven.surefire.booter.ForkedBooter.main(ForkedBooter.java:495)
2023-11-24 12:36:46,951 TRACE o.h.i.SessionImpl [SessionImpl.java:402] Closing session [a67b1f6b-416c-431b-9a34-ef90388a1846]
2023-11-24 12:36:46,951 TRACE o.h.e.j.i.JdbcCoordinatorImpl [JdbcCoordinatorImpl.java:152] Closing JDBC container [org.hibernate.engine.jdbc.internal.JdbcCoordinatorImpl@41cea44d]
2023-11-24 12:36:46,951 TRACE o.h.r.j.i.ResourceRegistryStandardImpl [ResourceRegistryStandardImpl.java:329] Releasing JDBC resources
2023-11-24 12:36:46,952 TRACE o.h.r.j.i.LogicalConnectionManagedImpl [LogicalConnectionManagedImpl.java:256] Closing logical connection
2023-11-24 12:36:46,952 TRACE o.h.r.j.i.LogicalConnectionManagedImpl [LogicalConnectionManagedImpl.java:263] Logical connection closed
2023-11-24 12:36:46,952 TRACE o.h.i.SessionFactoryImpl$SessionBuilderImpl [SessionFactoryImpl.java:1298] Opening Hibernate Session.  tenant=null
2023-11-24 12:36:46,952 TRACE o.h.i.SessionImpl [SessionImpl.java:262] Opened Session [1de77e0d-30fc-4fe9-9200-bf9e1ce5b905] at timestamp: 1700825806952
2023-11-24 12:36:46,953 TRACE o.h.i.SessionImpl [SessionImpl.java:402] Closing session [1de77e0d-30fc-4fe9-9200-bf9e1ce5b905]
2023-11-24 12:36:46,953 TRACE o.h.e.j.i.JdbcCoordinatorImpl [JdbcCoordinatorImpl.java:152] Closing JDBC container [org.hibernate.engine.jdbc.internal.JdbcCoordinatorImpl@4d374715]
2023-11-24 12:36:46,953 TRACE o.h.r.j.i.ResourceRegistryStandardImpl [ResourceRegistryStandardImpl.java:329] Releasing JDBC resources
2023-11-24 12:36:46,953 TRACE o.h.r.j.i.LogicalConnectionManagedImpl [LogicalConnectionManagedImpl.java:256] Closing logical connection
2023-11-24 12:36:46,953 TRACE o.h.r.j.i.LogicalConnectionManagedImpl [LogicalConnectionManagedImpl.java:263] Logical connection closed
2023-11-24 12:36:46,954 TRACE o.h.i.SessionFactoryImpl$SessionBuilderImpl [SessionFactoryImpl.java:1298] Opening Hibernate Session.  tenant=null
2023-11-24 12:36:46,955 TRACE o.h.i.SessionImpl [SessionImpl.java:262] Opened Session [b5364db4-d359-4edc-bf20-75fd0bd1a89b] at timestamp: 1700825806955
2023-11-24 12:36:46,955 DEBUG o.h.r.t.b.j.i.JdbcResourceLocalTransactionCoordinatorImpl [JdbcResourceLocalTransactionCoordinatorImpl.java:310] JDBC transaction marked for rollback-only (exception provided for stack trace)
java.lang.Exception: exception just for purpose of providing stack trace
	at org.hibernate.resource.transaction.backend.jdbc.internal.JdbcResourceLocalTransactionCoordinatorImpl$TransactionDriverControlImpl.markRollbackOnly(JdbcResourceLocalTransactionCoordinatorImpl.java:310)
	at org.hibernate.internal.AbstractSharedSessionContract.buildNamedQuery(AbstractSharedSessionContract.java:1021)
	at org.hibernate.internal.AbstractSharedSessionContract.createNamedQuery(AbstractSharedSessionContract.java:899)
	at org.hibernate.internal.AbstractSharedSessionContract.createNamedQuery(AbstractSharedSessionContract.java:120)
	at jdk.internal.reflect.GeneratedMethodAccessor47.invoke(Unknown Source)
	at java.base/jdk.internal.reflect.DelegatingMethodAccessorImpl.invoke(DelegatingMethodAccessorImpl.java:43)
	at java.base/java.lang.reflect.Method.invoke(Method.java:568)
	at org.springframework.orm.jpa.ExtendedEntityManagerCreator$ExtendedEntityManagerInvocationHandler.invoke(ExtendedEntityManagerCreator.java:360)
	at jdk.proxy2/jdk.proxy2.$Proxy191.createNamedQuery(Unknown Source)
	at org.springframework.data.jpa.repository.query.NamedQuery.hasNamedQuery(NamedQuery.java:113)
	at org.springframework.data.jpa.repository.query.NamedQuery.lookupFrom(NamedQuery.java:141)
	at org.springframework.data.jpa.repository.query.JpaQueryLookupStrategy$DeclaredQueryLookupStrategy.resolveQuery(JpaQueryLookupStrategy.java:180)
	at org.springframework.data.jpa.repository.query.JpaQueryLookupStrategy$CreateIfNotFoundQueryLookupStrategy.resolveQuery(JpaQueryLookupStrategy.java:252)
	at org.springframework.data.jpa.repository.query.JpaQueryLookupStrategy$AbstractQueryLookupStrategy.resolveQuery(JpaQueryLookupStrategy.java:95)
	at org.springframework.data.repository.core.support.QueryExecutorMethodInterceptor.lookupQuery(QueryExecutorMethodInterceptor.java:111)
	at org.springframework.data.repository.core.support.QueryExecutorMethodInterceptor.mapMethodsToQuery(QueryExecutorMethodInterceptor.java:99)
	at org.springframework.data.repository.core.support.QueryExecutorMethodInterceptor.lambda$new$0(QueryExecutorMethodInterceptor.java:88)
	at java.base/java.util.Optional.map(Optional.java:260)
	at org.springframework.data.repository.core.support.QueryExecutorMethodInterceptor.<init>(QueryExecutorMethodInterceptor.java:88)
	at org.springframework.data.repository.core.support.RepositoryFactorySupport.getRepository(RepositoryFactorySupport.java:357)
	at org.springframework.data.repository.core.support.RepositoryFactoryBeanSupport.lambda$afterPropertiesSet$5(RepositoryFactoryBeanSupport.java:279)
	at org.springframework.data.util.Lazy.getNullable(Lazy.java:245)
	at org.springframework.data.util.Lazy.get(Lazy.java:114)
	at org.springframework.data.repository.core.support.RepositoryFactoryBeanSupport.afterPropertiesSet(RepositoryFactoryBeanSupport.java:285)
	at org.springframework.data.jpa.repository.support.JpaRepositoryFactoryBean.afterPropertiesSet(JpaRepositoryFactoryBean.java:132)
	at org.springframework.beans.factory.support.AbstractAutowireCapableBeanFactory.invokeInitMethods(AbstractAutowireCapableBeanFactory.java:1817)
	at org.springframework.beans.factory.support.AbstractAutowireCapableBeanFactory.initializeBean(AbstractAutowireCapableBeanFactory.java:1766)
	at org.springframework.beans.factory.support.AbstractAutowireCapableBeanFactory.doCreateBean(AbstractAutowireCapableBeanFactory.java:598)
	at org.springframework.beans.factory.support.AbstractAutowireCapableBeanFactory.createBean(AbstractAutowireCapableBeanFactory.java:520)
	at org.springframework.beans.factory.support.AbstractBeanFactory.lambda$doGetBean$0(AbstractBeanFactory.java:325)
	at org.springframework.beans.factory.support.DefaultSingletonBeanRegistry.getSingleton(DefaultSingletonBeanRegistry.java:234)
	at org.springframework.beans.factory.support.AbstractBeanFactory.doGetBean(AbstractBeanFactory.java:323)
	at org.springframework.beans.factory.support.AbstractBeanFactory.getBean(AbstractBeanFactory.java:199)
	at org.springframework.beans.factory.config.DependencyDescriptor.resolveCandidate(DependencyDescriptor.java:254)
	at org.springframework.beans.factory.support.DefaultListableBeanFactory.doResolveDependency(DefaultListableBeanFactory.java:1417)
	at org.springframework.beans.factory.support.DefaultListableBeanFactory.resolveDependency(DefaultListableBeanFactory.java:1337)
	at org.springframework.beans.factory.annotation.AutowiredAnnotationBeanPostProcessor$AutowiredFieldElement.resolveFieldValue(AutowiredAnnotationBeanPostProcessor.java:764)
	at org.springframework.beans.factory.annotation.AutowiredAnnotationBeanPostProcessor$AutowiredFieldElement.inject(AutowiredAnnotationBeanPostProcessor.java:747)
	at org.springframework.beans.factory.annotation.InjectionMetadata.inject(InjectionMetadata.java:145)
	at org.springframework.beans.factory.annotation.AutowiredAnnotationBeanPostProcessor.postProcessProperties(AutowiredAnnotationBeanPostProcessor.java:492)
	at org.springframework.beans.factory.support.AbstractAutowireCapableBeanFactory.populateBean(AbstractAutowireCapableBeanFactory.java:1416)
	at org.springframework.beans.factory.support.AbstractAutowireCapableBeanFactory.doCreateBean(AbstractAutowireCapableBeanFactory.java:597)
	at org.springframework.beans.factory.support.AbstractAutowireCapableBeanFactory.createBean(AbstractAutowireCapableBeanFactory.java:520)
	at org.springframework.beans.factory.support.AbstractBeanFactory.lambda$doGetBean$0(AbstractBeanFactory.java:325)
	at org.springframework.beans.factory.support.DefaultSingletonBeanRegistry.getSingleton(DefaultSingletonBeanRegistry.java:234)
	at org.springframework.beans.factory.support.AbstractBeanFactory.doGetBean(AbstractBeanFactory.java:323)
	at org.springframework.beans.factory.support.AbstractBeanFactory.getBean(AbstractBeanFactory.java:199)
	at org.springframework.beans.factory.support.DefaultListableBeanFactory.preInstantiateSingletons(DefaultListableBeanFactory.java:973)
	at org.springframework.context.support.AbstractApplicationContext.finishBeanFactoryInitialization(AbstractApplicationContext.java:950)
	at org.springframework.context.support.AbstractApplicationContext.refresh(AbstractApplicationContext.java:616)
	at org.springframework.boot.SpringApplication.refresh(SpringApplication.java:738)
	at org.springframework.boot.SpringApplication.refreshContext(SpringApplication.java:440)
	at org.springframework.boot.SpringApplication.run(SpringApplication.java:316)
	at org.springframework.boot.test.context.SpringBootContextLoader.lambda$loadContext$3(SpringBootContextLoader.java:137)
	at org.springframework.util.function.ThrowingSupplier.get(ThrowingSupplier.java:58)
	at org.springframework.util.function.ThrowingSupplier.get(ThrowingSupplier.java:46)
	at org.springframework.boot.SpringApplication.withHook(SpringApplication.java:1406)
	at org.springframework.boot.test.context.SpringBootContextLoader$ContextLoaderHook.run(SpringBootContextLoader.java:545)
	at org.springframework.boot.test.context.SpringBootContextLoader.loadContext(SpringBootContextLoader.java:137)
	at org.springframework.boot.test.context.SpringBootContextLoader.loadContext(SpringBootContextLoader.java:108)
	at org.springframework.test.context.cache.DefaultCacheAwareContextLoaderDelegate.loadContextInternal(DefaultCacheAwareContextLoaderDelegate.java:187)
	at org.springframework.test.context.cache.DefaultCacheAwareContextLoaderDelegate.loadContext(DefaultCacheAwareContextLoaderDelegate.java:119)
	at org.springframework.test.context.support.DefaultTestContext.getApplicationContext(DefaultTestContext.java:127)
	at org.springframework.test.context.web.ServletTestExecutionListener.setUpRequestContextIfNecessary(ServletTestExecutionListener.java:191)
	at org.springframework.test.context.web.ServletTestExecutionListener.prepareTestInstance(ServletTestExecutionListener.java:130)
	at org.springframework.test.context.TestContextManager.prepareTestInstance(TestContextManager.java:241)
	at org.springframework.test.context.junit.jupiter.SpringExtension.postProcessTestInstance(SpringExtension.java:138)
	at org.junit.jupiter.engine.descriptor.ClassBasedTestDescriptor.lambda$invokeTestInstancePostProcessors$10(ClassBasedTestDescriptor.java:377)
	at org.junit.jupiter.engine.descriptor.ClassBasedTestDescriptor.executeAndMaskThrowable(ClassBasedTestDescriptor.java:382)
	at org.junit.jupiter.engine.descriptor.ClassBasedTestDescriptor.lambda$invokeTestInstancePostProcessors$11(ClassBasedTestDescriptor.java:377)
	at java.base/java.util.stream.ReferencePipeline$3$1.accept(ReferencePipeline.java:197)
	at java.base/java.util.stream.ReferencePipeline$2$1.accept(ReferencePipeline.java:179)
	at java.base/java.util.ArrayList$ArrayListSpliterator.forEachRemaining(ArrayList.java:1625)
	at java.base/java.util.stream.AbstractPipeline.copyInto(AbstractPipeline.java:509)
	at java.base/java.util.stream.AbstractPipeline.wrapAndCopyInto(AbstractPipeline.java:499)
	at java.base/java.util.stream.StreamSpliterators$WrappingSpliterator.forEachRemaining(StreamSpliterators.java:310)
	at java.base/java.util.stream.Streams$ConcatSpliterator.forEachRemaining(Streams.java:735)
	at java.base/java.util.stream.Streams$ConcatSpliterator.forEachRemaining(Streams.java:734)
	at java.base/java.util.stream.ReferencePipeline$Head.forEach(ReferencePipeline.java:762)
	at org.junit.jupiter.engine.descriptor.ClassBasedTestDescriptor.invokeTestInstancePostProcessors(ClassBasedTestDescriptor.java:376)
	at org.junit.jupiter.engine.descriptor.ClassBasedTestDescriptor.lambda$instantiateAndPostProcessTestInstance$6(ClassBasedTestDescriptor.java:289)
	at org.junit.platform.engine.support.hierarchical.ThrowableCollector.execute(ThrowableCollector.java:73)
	at org.junit.jupiter.engine.descriptor.ClassBasedTestDescriptor.instantiateAndPostProcessTestInstance(ClassBasedTestDescriptor.java:288)
	at org.junit.jupiter.engine.descriptor.ClassBasedTestDescriptor.lambda$testInstancesProvider$4(ClassBasedTestDescriptor.java:278)
	at java.base/java.util.Optional.orElseGet(Optional.java:364)
	at org.junit.jupiter.engine.descriptor.ClassBasedTestDescriptor.lambda$testInstancesProvider$5(ClassBasedTestDescriptor.java:277)
	at org.junit.jupiter.engine.execution.TestInstancesProvider.getTestInstances(TestInstancesProvider.java:31)
	at org.junit.jupiter.engine.descriptor.TestMethodTestDescriptor.lambda$prepare$0(TestMethodTestDescriptor.java:105)
	at org.junit.platform.engine.support.hierarchical.ThrowableCollector.execute(ThrowableCollector.java:73)
	at org.junit.jupiter.engine.descriptor.TestMethodTestDescriptor.prepare(TestMethodTestDescriptor.java:104)
	at org.junit.jupiter.engine.descriptor.TestMethodTestDescriptor.prepare(TestMethodTestDescriptor.java:68)
	at org.junit.platform.engine.support.hierarchical.NodeTestTask.lambda$prepare$2(NodeTestTask.java:123)
	at org.junit.platform.engine.support.hierarchical.ThrowableCollector.execute(ThrowableCollector.java:73)
	at org.junit.platform.engine.support.hierarchical.NodeTestTask.prepare(NodeTestTask.java:123)
	at org.junit.platform.engine.support.hierarchical.NodeTestTask.execute(NodeTestTask.java:90)
	at java.base/java.util.ArrayList.forEach(ArrayList.java:1511)
	at org.junit.platform.engine.support.hierarchical.SameThreadHierarchicalTestExecutorService.invokeAll(SameThreadHierarchicalTestExecutorService.java:41)
	at org.junit.platform.engine.support.hierarchical.NodeTestTask.lambda$executeRecursively$6(NodeTestTask.java:155)
	at org.junit.platform.engine.support.hierarchical.ThrowableCollector.execute(ThrowableCollector.java:73)
	at org.junit.platform.engine.support.hierarchical.NodeTestTask.lambda$executeRecursively$8(NodeTestTask.java:141)
	at org.junit.platform.engine.support.hierarchical.Node.around(Node.java:137)
	at org.junit.platform.engine.support.hierarchical.NodeTestTask.lambda$executeRecursively$9(NodeTestTask.java:139)
	at org.junit.platform.engine.support.hierarchical.ThrowableCollector.execute(ThrowableCollector.java:73)
	at org.junit.platform.engine.support.hierarchical.NodeTestTask.executeRecursively(NodeTestTask.java:138)
	at org.junit.platform.engine.support.hierarchical.NodeTestTask.execute(NodeTestTask.java:95)
	at java.base/java.util.ArrayList.forEach(ArrayList.java:1511)
	at org.junit.platform.engine.support.hierarchical.SameThreadHierarchicalTestExecutorService.invokeAll(SameThreadHierarchicalTestExecutorService.java:41)
	at org.junit.platform.engine.support.hierarchical.NodeTestTask.lambda$executeRecursively$6(NodeTestTask.java:155)
	at org.junit.platform.engine.support.hierarchical.ThrowableCollector.execute(ThrowableCollector.java:73)
	at org.junit.platform.engine.support.hierarchical.NodeTestTask.lambda$executeRecursively$8(NodeTestTask.java:141)
	at org.junit.platform.engine.support.hierarchical.Node.around(Node.java:137)
	at org.junit.platform.engine.support.hierarchical.NodeTestTask.lambda$executeRecursively$9(NodeTestTask.java:139)
	at org.junit.platform.engine.support.hierarchical.ThrowableCollector.execute(ThrowableCollector.java:73)
	at org.junit.platform.engine.support.hierarchical.NodeTestTask.executeRecursively(NodeTestTask.java:138)
	at org.junit.platform.engine.support.hierarchical.NodeTestTask.execute(NodeTestTask.java:95)
	at org.junit.platform.engine.support.hierarchical.SameThreadHierarchicalTestExecutorService.submit(SameThreadHierarchicalTestExecutorService.java:35)
	at org.junit.platform.engine.support.hierarchical.HierarchicalTestExecutor.execute(HierarchicalTestExecutor.java:57)
	at org.junit.platform.engine.support.hierarchical.HierarchicalTestEngine.execute(HierarchicalTestEngine.java:54)
	at org.junit.platform.launcher.core.EngineExecutionOrchestrator.execute(EngineExecutionOrchestrator.java:147)
	at org.junit.platform.launcher.core.EngineExecutionOrchestrator.execute(EngineExecutionOrchestrator.java:127)
	at org.junit.platform.launcher.core.EngineExecutionOrchestrator.execute(EngineExecutionOrchestrator.java:90)
	at org.junit.platform.launcher.core.EngineExecutionOrchestrator.lambda$execute$0(EngineExecutionOrchestrator.java:55)
	at org.junit.platform.launcher.core.EngineExecutionOrchestrator.withInterceptedStreams(EngineExecutionOrchestrator.java:102)
	at org.junit.platform.launcher.core.EngineExecutionOrchestrator.execute(EngineExecutionOrchestrator.java:54)
	at org.junit.platform.launcher.core.DefaultLauncher.execute(DefaultLauncher.java:114)
	at org.junit.platform.launcher.core.DefaultLauncher.execute(DefaultLauncher.java:86)
	at org.junit.platform.launcher.core.DefaultLauncherSession$DelegatingLauncher.execute(DefaultLauncherSession.java:86)
	at org.apache.maven.surefire.junitplatform.LazyLauncher.execute(LazyLauncher.java:50)
	at org.apache.maven.surefire.junitplatform.JUnitPlatformProvider.execute(JUnitPlatformProvider.java:184)
	at org.apache.maven.surefire.junitplatform.JUnitPlatformProvider.invokeAllTests(JUnitPlatformProvider.java:148)
	at org.apache.maven.surefire.junitplatform.JUnitPlatformProvider.invoke(JUnitPlatformProvider.java:122)
	at org.apache.maven.surefire.booter.ForkedBooter.runSuitesInProcess(ForkedBooter.java:385)
	at org.apache.maven.surefire.booter.ForkedBooter.execute(ForkedBooter.java:162)
	at org.apache.maven.surefire.booter.ForkedBooter.run(ForkedBooter.java:507)
	at org.apache.maven.surefire.booter.ForkedBooter.main(ForkedBooter.java:495)
2023-11-24 12:36:46,955 TRACE o.h.i.SessionImpl [SessionImpl.java:402] Closing session [b5364db4-d359-4edc-bf20-75fd0bd1a89b]
2023-11-24 12:36:46,955 TRACE o.h.e.j.i.JdbcCoordinatorImpl [JdbcCoordinatorImpl.java:152] Closing JDBC container [org.hibernate.engine.jdbc.internal.JdbcCoordinatorImpl@7abaa844]
2023-11-24 12:36:46,956 TRACE o.h.r.j.i.ResourceRegistryStandardImpl [ResourceRegistryStandardImpl.java:329] Releasing JDBC resources
2023-11-24 12:36:46,956 TRACE o.h.r.j.i.LogicalConnectionManagedImpl [LogicalConnectionManagedImpl.java:256] Closing logical connection
2023-11-24 12:36:46,956 TRACE o.h.r.j.i.LogicalConnectionManagedImpl [LogicalConnectionManagedImpl.java:263] Logical connection closed
2023-11-24 12:36:46,956 TRACE o.h.i.SessionFactoryImpl$SessionBuilderImpl [SessionFactoryImpl.java:1298] Opening Hibernate Session.  tenant=null
2023-11-24 12:36:46,956 TRACE o.h.i.SessionImpl [SessionImpl.java:262] Opened Session [1c4255d6-a30e-44b2-a296-d0aa87bbf9e5] at timestamp: 1700825806956
2023-11-24 12:36:46,957 TRACE o.h.i.SessionImpl [SessionImpl.java:402] Closing session [1c4255d6-a30e-44b2-a296-d0aa87bbf9e5]
2023-11-24 12:36:46,957 TRACE o.h.e.j.i.JdbcCoordinatorImpl [JdbcCoordinatorImpl.java:152] Closing JDBC container [org.hibernate.engine.jdbc.internal.JdbcCoordinatorImpl@4e628792]
2023-11-24 12:36:46,957 TRACE o.h.r.j.i.ResourceRegistryStandardImpl [ResourceRegistryStandardImpl.java:329] Releasing JDBC resources
2023-11-24 12:36:46,957 TRACE o.h.r.j.i.LogicalConnectionManagedImpl [LogicalConnectionManagedImpl.java:256] Closing logical connection
2023-11-24 12:36:46,957 TRACE o.h.r.j.i.LogicalConnectionManagedImpl [LogicalConnectionManagedImpl.java:263] Logical connection closed
2023-11-24 12:36:46,958 TRACE o.h.i.SessionFactoryImpl$SessionBuilderImpl [SessionFactoryImpl.java:1298] Opening Hibernate Session.  tenant=null
2023-11-24 12:36:46,959 TRACE o.h.i.SessionImpl [SessionImpl.java:262] Opened Session [3ce9cb3e-7cf8-4131-a14e-1e3f593d517e] at timestamp: 1700825806959
2023-11-24 12:36:46,959 DEBUG o.h.r.t.b.j.i.JdbcResourceLocalTransactionCoordinatorImpl [JdbcResourceLocalTransactionCoordinatorImpl.java:310] JDBC transaction marked for rollback-only (exception provided for stack trace)
java.lang.Exception: exception just for purpose of providing stack trace
	at org.hibernate.resource.transaction.backend.jdbc.internal.JdbcResourceLocalTransactionCoordinatorImpl$TransactionDriverControlImpl.markRollbackOnly(JdbcResourceLocalTransactionCoordinatorImpl.java:310)
	at org.hibernate.internal.AbstractSharedSessionContract.buildNamedQuery(AbstractSharedSessionContract.java:1021)
	at org.hibernate.internal.AbstractSharedSessionContract.createNamedQuery(AbstractSharedSessionContract.java:899)
	at org.hibernate.internal.AbstractSharedSessionContract.createNamedQuery(AbstractSharedSessionContract.java:120)
	at jdk.internal.reflect.GeneratedMethodAccessor47.invoke(Unknown Source)
	at java.base/jdk.internal.reflect.DelegatingMethodAccessorImpl.invoke(DelegatingMethodAccessorImpl.java:43)
	at java.base/java.lang.reflect.Method.invoke(Method.java:568)
	at org.springframework.orm.jpa.ExtendedEntityManagerCreator$ExtendedEntityManagerInvocationHandler.invoke(ExtendedEntityManagerCreator.java:360)
	at jdk.proxy2/jdk.proxy2.$Proxy191.createNamedQuery(Unknown Source)
	at org.springframework.data.jpa.repository.query.NamedQuery.hasNamedQuery(NamedQuery.java:113)
	at org.springframework.data.jpa.repository.query.NamedQuery.lookupFrom(NamedQuery.java:141)
	at org.springframework.data.jpa.repository.query.JpaQueryLookupStrategy$DeclaredQueryLookupStrategy.resolveQuery(JpaQueryLookupStrategy.java:180)
	at org.springframework.data.jpa.repository.query.JpaQueryLookupStrategy$CreateIfNotFoundQueryLookupStrategy.resolveQuery(JpaQueryLookupStrategy.java:252)
	at org.springframework.data.jpa.repository.query.JpaQueryLookupStrategy$AbstractQueryLookupStrategy.resolveQuery(JpaQueryLookupStrategy.java:95)
	at org.springframework.data.repository.core.support.QueryExecutorMethodInterceptor.lookupQuery(QueryExecutorMethodInterceptor.java:111)
	at org.springframework.data.repository.core.support.QueryExecutorMethodInterceptor.mapMethodsToQuery(QueryExecutorMethodInterceptor.java:99)
	at org.springframework.data.repository.core.support.QueryExecutorMethodInterceptor.lambda$new$0(QueryExecutorMethodInterceptor.java:88)
	at java.base/java.util.Optional.map(Optional.java:260)
	at org.springframework.data.repository.core.support.QueryExecutorMethodInterceptor.<init>(QueryExecutorMethodInterceptor.java:88)
	at org.springframework.data.repository.core.support.RepositoryFactorySupport.getRepository(RepositoryFactorySupport.java:357)
	at org.springframework.data.repository.core.support.RepositoryFactoryBeanSupport.lambda$afterPropertiesSet$5(RepositoryFactoryBeanSupport.java:279)
	at org.springframework.data.util.Lazy.getNullable(Lazy.java:245)
	at org.springframework.data.util.Lazy.get(Lazy.java:114)
	at org.springframework.data.repository.core.support.RepositoryFactoryBeanSupport.afterPropertiesSet(RepositoryFactoryBeanSupport.java:285)
	at org.springframework.data.jpa.repository.support.JpaRepositoryFactoryBean.afterPropertiesSet(JpaRepositoryFactoryBean.java:132)
	at org.springframework.beans.factory.support.AbstractAutowireCapableBeanFactory.invokeInitMethods(AbstractAutowireCapableBeanFactory.java:1817)
	at org.springframework.beans.factory.support.AbstractAutowireCapableBeanFactory.initializeBean(AbstractAutowireCapableBeanFactory.java:1766)
	at org.springframework.beans.factory.support.AbstractAutowireCapableBeanFactory.doCreateBean(AbstractAutowireCapableBeanFactory.java:598)
	at org.springframework.beans.factory.support.AbstractAutowireCapableBeanFactory.createBean(AbstractAutowireCapableBeanFactory.java:520)
	at org.springframework.beans.factory.support.AbstractBeanFactory.lambda$doGetBean$0(AbstractBeanFactory.java:325)
	at org.springframework.beans.factory.support.DefaultSingletonBeanRegistry.getSingleton(DefaultSingletonBeanRegistry.java:234)
	at org.springframework.beans.factory.support.AbstractBeanFactory.doGetBean(AbstractBeanFactory.java:323)
	at org.springframework.beans.factory.support.AbstractBeanFactory.getBean(AbstractBeanFactory.java:199)
	at org.springframework.beans.factory.config.DependencyDescriptor.resolveCandidate(DependencyDescriptor.java:254)
	at org.springframework.beans.factory.support.DefaultListableBeanFactory.doResolveDependency(DefaultListableBeanFactory.java:1417)
	at org.springframework.beans.factory.support.DefaultListableBeanFactory.resolveDependency(DefaultListableBeanFactory.java:1337)
	at org.springframework.beans.factory.annotation.AutowiredAnnotationBeanPostProcessor$AutowiredFieldElement.resolveFieldValue(AutowiredAnnotationBeanPostProcessor.java:764)
	at org.springframework.beans.factory.annotation.AutowiredAnnotationBeanPostProcessor$AutowiredFieldElement.inject(AutowiredAnnotationBeanPostProcessor.java:747)
	at org.springframework.beans.factory.annotation.InjectionMetadata.inject(InjectionMetadata.java:145)
	at org.springframework.beans.factory.annotation.AutowiredAnnotationBeanPostProcessor.postProcessProperties(AutowiredAnnotationBeanPostProcessor.java:492)
	at org.springframework.beans.factory.support.AbstractAutowireCapableBeanFactory.populateBean(AbstractAutowireCapableBeanFactory.java:1416)
	at org.springframework.beans.factory.support.AbstractAutowireCapableBeanFactory.doCreateBean(AbstractAutowireCapableBeanFactory.java:597)
	at org.springframework.beans.factory.support.AbstractAutowireCapableBeanFactory.createBean(AbstractAutowireCapableBeanFactory.java:520)
	at org.springframework.beans.factory.support.AbstractBeanFactory.lambda$doGetBean$0(AbstractBeanFactory.java:325)
	at org.springframework.beans.factory.support.DefaultSingletonBeanRegistry.getSingleton(DefaultSingletonBeanRegistry.java:234)
	at org.springframework.beans.factory.support.AbstractBeanFactory.doGetBean(AbstractBeanFactory.java:323)
	at org.springframework.beans.factory.support.AbstractBeanFactory.getBean(AbstractBeanFactory.java:199)
	at org.springframework.beans.factory.support.DefaultListableBeanFactory.preInstantiateSingletons(DefaultListableBeanFactory.java:973)
	at org.springframework.context.support.AbstractApplicationContext.finishBeanFactoryInitialization(AbstractApplicationContext.java:950)
	at org.springframework.context.support.AbstractApplicationContext.refresh(AbstractApplicationContext.java:616)
	at org.springframework.boot.SpringApplication.refresh(SpringApplication.java:738)
	at org.springframework.boot.SpringApplication.refreshContext(SpringApplication.java:440)
	at org.springframework.boot.SpringApplication.run(SpringApplication.java:316)
	at org.springframework.boot.test.context.SpringBootContextLoader.lambda$loadContext$3(SpringBootContextLoader.java:137)
	at org.springframework.util.function.ThrowingSupplier.get(ThrowingSupplier.java:58)
	at org.springframework.util.function.ThrowingSupplier.get(ThrowingSupplier.java:46)
	at org.springframework.boot.SpringApplication.withHook(SpringApplication.java:1406)
	at org.springframework.boot.test.context.SpringBootContextLoader$ContextLoaderHook.run(SpringBootContextLoader.java:545)
	at org.springframework.boot.test.context.SpringBootContextLoader.loadContext(SpringBootContextLoader.java:137)
	at org.springframework.boot.test.context.SpringBootContextLoader.loadContext(SpringBootContextLoader.java:108)
	at org.springframework.test.context.cache.DefaultCacheAwareContextLoaderDelegate.loadContextInternal(DefaultCacheAwareContextLoaderDelegate.java:187)
	at org.springframework.test.context.cache.DefaultCacheAwareContextLoaderDelegate.loadContext(DefaultCacheAwareContextLoaderDelegate.java:119)
	at org.springframework.test.context.support.DefaultTestContext.getApplicationContext(DefaultTestContext.java:127)
	at org.springframework.test.context.web.ServletTestExecutionListener.setUpRequestContextIfNecessary(ServletTestExecutionListener.java:191)
	at org.springframework.test.context.web.ServletTestExecutionListener.prepareTestInstance(ServletTestExecutionListener.java:130)
	at org.springframework.test.context.TestContextManager.prepareTestInstance(TestContextManager.java:241)
	at org.springframework.test.context.junit.jupiter.SpringExtension.postProcessTestInstance(SpringExtension.java:138)
	at org.junit.jupiter.engine.descriptor.ClassBasedTestDescriptor.lambda$invokeTestInstancePostProcessors$10(ClassBasedTestDescriptor.java:377)
	at org.junit.jupiter.engine.descriptor.ClassBasedTestDescriptor.executeAndMaskThrowable(ClassBasedTestDescriptor.java:382)
	at org.junit.jupiter.engine.descriptor.ClassBasedTestDescriptor.lambda$invokeTestInstancePostProcessors$11(ClassBasedTestDescriptor.java:377)
	at java.base/java.util.stream.ReferencePipeline$3$1.accept(ReferencePipeline.java:197)
	at java.base/java.util.stream.ReferencePipeline$2$1.accept(ReferencePipeline.java:179)
	at java.base/java.util.ArrayList$ArrayListSpliterator.forEachRemaining(ArrayList.java:1625)
	at java.base/java.util.stream.AbstractPipeline.copyInto(AbstractPipeline.java:509)
	at java.base/java.util.stream.AbstractPipeline.wrapAndCopyInto(AbstractPipeline.java:499)
	at java.base/java.util.stream.StreamSpliterators$WrappingSpliterator.forEachRemaining(StreamSpliterators.java:310)
	at java.base/java.util.stream.Streams$ConcatSpliterator.forEachRemaining(Streams.java:735)
	at java.base/java.util.stream.Streams$ConcatSpliterator.forEachRemaining(Streams.java:734)
	at java.base/java.util.stream.ReferencePipeline$Head.forEach(ReferencePipeline.java:762)
	at org.junit.jupiter.engine.descriptor.ClassBasedTestDescriptor.invokeTestInstancePostProcessors(ClassBasedTestDescriptor.java:376)
	at org.junit.jupiter.engine.descriptor.ClassBasedTestDescriptor.lambda$instantiateAndPostProcessTestInstance$6(ClassBasedTestDescriptor.java:289)
	at org.junit.platform.engine.support.hierarchical.ThrowableCollector.execute(ThrowableCollector.java:73)
	at org.junit.jupiter.engine.descriptor.ClassBasedTestDescriptor.instantiateAndPostProcessTestInstance(ClassBasedTestDescriptor.java:288)
	at org.junit.jupiter.engine.descriptor.ClassBasedTestDescriptor.lambda$testInstancesProvider$4(ClassBasedTestDescriptor.java:278)
	at java.base/java.util.Optional.orElseGet(Optional.java:364)
	at org.junit.jupiter.engine.descriptor.ClassBasedTestDescriptor.lambda$testInstancesProvider$5(ClassBasedTestDescriptor.java:277)
	at org.junit.jupiter.engine.execution.TestInstancesProvider.getTestInstances(TestInstancesProvider.java:31)
	at org.junit.jupiter.engine.descriptor.TestMethodTestDescriptor.lambda$prepare$0(TestMethodTestDescriptor.java:105)
	at org.junit.platform.engine.support.hierarchical.ThrowableCollector.execute(ThrowableCollector.java:73)
	at org.junit.jupiter.engine.descriptor.TestMethodTestDescriptor.prepare(TestMethodTestDescriptor.java:104)
	at org.junit.jupiter.engine.descriptor.TestMethodTestDescriptor.prepare(TestMethodTestDescriptor.java:68)
	at org.junit.platform.engine.support.hierarchical.NodeTestTask.lambda$prepare$2(NodeTestTask.java:123)
	at org.junit.platform.engine.support.hierarchical.ThrowableCollector.execute(ThrowableCollector.java:73)
	at org.junit.platform.engine.support.hierarchical.NodeTestTask.prepare(NodeTestTask.java:123)
	at org.junit.platform.engine.support.hierarchical.NodeTestTask.execute(NodeTestTask.java:90)
	at java.base/java.util.ArrayList.forEach(ArrayList.java:1511)
	at org.junit.platform.engine.support.hierarchical.SameThreadHierarchicalTestExecutorService.invokeAll(SameThreadHierarchicalTestExecutorService.java:41)
	at org.junit.platform.engine.support.hierarchical.NodeTestTask.lambda$executeRecursively$6(NodeTestTask.java:155)
	at org.junit.platform.engine.support.hierarchical.ThrowableCollector.execute(ThrowableCollector.java:73)
	at org.junit.platform.engine.support.hierarchical.NodeTestTask.lambda$executeRecursively$8(NodeTestTask.java:141)
	at org.junit.platform.engine.support.hierarchical.Node.around(Node.java:137)
	at org.junit.platform.engine.support.hierarchical.NodeTestTask.lambda$executeRecursively$9(NodeTestTask.java:139)
	at org.junit.platform.engine.support.hierarchical.ThrowableCollector.execute(ThrowableCollector.java:73)
	at org.junit.platform.engine.support.hierarchical.NodeTestTask.executeRecursively(NodeTestTask.java:138)
	at org.junit.platform.engine.support.hierarchical.NodeTestTask.execute(NodeTestTask.java:95)
	at java.base/java.util.ArrayList.forEach(ArrayList.java:1511)
	at org.junit.platform.engine.support.hierarchical.SameThreadHierarchicalTestExecutorService.invokeAll(SameThreadHierarchicalTestExecutorService.java:41)
	at org.junit.platform.engine.support.hierarchical.NodeTestTask.lambda$executeRecursively$6(NodeTestTask.java:155)
	at org.junit.platform.engine.support.hierarchical.ThrowableCollector.execute(ThrowableCollector.java:73)
	at org.junit.platform.engine.support.hierarchical.NodeTestTask.lambda$executeRecursively$8(NodeTestTask.java:141)
	at org.junit.platform.engine.support.hierarchical.Node.around(Node.java:137)
	at org.junit.platform.engine.support.hierarchical.NodeTestTask.lambda$executeRecursively$9(NodeTestTask.java:139)
	at org.junit.platform.engine.support.hierarchical.ThrowableCollector.execute(ThrowableCollector.java:73)
	at org.junit.platform.engine.support.hierarchical.NodeTestTask.executeRecursively(NodeTestTask.java:138)
	at org.junit.platform.engine.support.hierarchical.NodeTestTask.execute(NodeTestTask.java:95)
	at org.junit.platform.engine.support.hierarchical.SameThreadHierarchicalTestExecutorService.submit(SameThreadHierarchicalTestExecutorService.java:35)
	at org.junit.platform.engine.support.hierarchical.HierarchicalTestExecutor.execute(HierarchicalTestExecutor.java:57)
	at org.junit.platform.engine.support.hierarchical.HierarchicalTestEngine.execute(HierarchicalTestEngine.java:54)
	at org.junit.platform.launcher.core.EngineExecutionOrchestrator.execute(EngineExecutionOrchestrator.java:147)
	at org.junit.platform.launcher.core.EngineExecutionOrchestrator.execute(EngineExecutionOrchestrator.java:127)
	at org.junit.platform.launcher.core.EngineExecutionOrchestrator.execute(EngineExecutionOrchestrator.java:90)
	at org.junit.platform.launcher.core.EngineExecutionOrchestrator.lambda$execute$0(EngineExecutionOrchestrator.java:55)
	at org.junit.platform.launcher.core.EngineExecutionOrchestrator.withInterceptedStreams(EngineExecutionOrchestrator.java:102)
	at org.junit.platform.launcher.core.EngineExecutionOrchestrator.execute(EngineExecutionOrchestrator.java:54)
	at org.junit.platform.launcher.core.DefaultLauncher.execute(DefaultLauncher.java:114)
	at org.junit.platform.launcher.core.DefaultLauncher.execute(DefaultLauncher.java:86)
	at org.junit.platform.launcher.core.DefaultLauncherSession$DelegatingLauncher.execute(DefaultLauncherSession.java:86)
	at org.apache.maven.surefire.junitplatform.LazyLauncher.execute(LazyLauncher.java:50)
	at org.apache.maven.surefire.junitplatform.JUnitPlatformProvider.execute(JUnitPlatformProvider.java:184)
	at org.apache.maven.surefire.junitplatform.JUnitPlatformProvider.invokeAllTests(JUnitPlatformProvider.java:148)
	at org.apache.maven.surefire.junitplatform.JUnitPlatformProvider.invoke(JUnitPlatformProvider.java:122)
	at org.apache.maven.surefire.booter.ForkedBooter.runSuitesInProcess(ForkedBooter.java:385)
	at org.apache.maven.surefire.booter.ForkedBooter.execute(ForkedBooter.java:162)
	at org.apache.maven.surefire.booter.ForkedBooter.run(ForkedBooter.java:507)
	at org.apache.maven.surefire.booter.ForkedBooter.main(ForkedBooter.java:495)
2023-11-24 12:36:46,960 TRACE o.h.i.SessionImpl [SessionImpl.java:402] Closing session [3ce9cb3e-7cf8-4131-a14e-1e3f593d517e]
2023-11-24 12:36:46,960 TRACE o.h.e.j.i.JdbcCoordinatorImpl [JdbcCoordinatorImpl.java:152] Closing JDBC container [org.hibernate.engine.jdbc.internal.JdbcCoordinatorImpl@b265f20]
2023-11-24 12:36:46,960 TRACE o.h.r.j.i.ResourceRegistryStandardImpl [ResourceRegistryStandardImpl.java:329] Releasing JDBC resources
2023-11-24 12:36:46,961 TRACE o.h.r.j.i.LogicalConnectionManagedImpl [LogicalConnectionManagedImpl.java:256] Closing logical connection
2023-11-24 12:36:46,961 TRACE o.h.r.j.i.LogicalConnectionManagedImpl [LogicalConnectionManagedImpl.java:263] Logical connection closed
2023-11-24 12:36:46,961 TRACE o.h.i.SessionFactoryImpl$SessionBuilderImpl [SessionFactoryImpl.java:1298] Opening Hibernate Session.  tenant=null
2023-11-24 12:36:46,961 TRACE o.h.i.SessionImpl [SessionImpl.java:262] Opened Session [c2f627fc-747c-4dd4-9402-fc5ab8ead42d] at timestamp: 1700825806961
2023-11-24 12:36:46,961 TRACE o.h.i.SessionImpl [SessionImpl.java:402] Closing session [c2f627fc-747c-4dd4-9402-fc5ab8ead42d]
2023-11-24 12:36:46,961 TRACE o.h.e.j.i.JdbcCoordinatorImpl [JdbcCoordinatorImpl.java:152] Closing JDBC container [org.hibernate.engine.jdbc.internal.JdbcCoordinatorImpl@24712e88]
2023-11-24 12:36:46,961 TRACE o.h.r.j.i.ResourceRegistryStandardImpl [ResourceRegistryStandardImpl.java:329] Releasing JDBC resources
2023-11-24 12:36:46,962 TRACE o.h.r.j.i.LogicalConnectionManagedImpl [LogicalConnectionManagedImpl.java:256] Closing logical connection
2023-11-24 12:36:46,962 TRACE o.h.r.j.i.LogicalConnectionManagedImpl [LogicalConnectionManagedImpl.java:263] Logical connection closed
2023-11-24 12:36:46,967 TRACE o.h.i.SessionFactoryImpl$SessionBuilderImpl [SessionFactoryImpl.java:1298] Opening Hibernate Session.  tenant=null
2023-11-24 12:36:46,967 TRACE o.h.i.SessionImpl [SessionImpl.java:262] Opened Session [57a7258c-99d3-43fd-8c86-a396de562977] at timestamp: 1700825806967
2023-11-24 12:36:46,967 TRACE o.h.i.SessionImpl [SessionImpl.java:402] Closing session [57a7258c-99d3-43fd-8c86-a396de562977]
2023-11-24 12:36:46,968 TRACE o.h.e.j.i.JdbcCoordinatorImpl [JdbcCoordinatorImpl.java:152] Closing JDBC container [org.hibernate.engine.jdbc.internal.JdbcCoordinatorImpl@3aa70501]
2023-11-24 12:36:46,968 TRACE o.h.r.j.i.ResourceRegistryStandardImpl [ResourceRegistryStandardImpl.java:329] Releasing JDBC resources
2023-11-24 12:36:46,968 TRACE o.h.r.j.i.LogicalConnectionManagedImpl [LogicalConnectionManagedImpl.java:256] Closing logical connection
2023-11-24 12:36:46,968 TRACE o.h.r.j.i.LogicalConnectionManagedImpl [LogicalConnectionManagedImpl.java:263] Logical connection closed
2023-11-24 12:36:46,970 TRACE o.h.i.SessionFactoryImpl$SessionBuilderImpl [SessionFactoryImpl.java:1298] Opening Hibernate Session.  tenant=null
2023-11-24 12:36:46,971 TRACE o.h.i.SessionImpl [SessionImpl.java:262] Opened Session [fc283a7d-68a0-41a1-9122-2566df7d31f6] at timestamp: 1700825806971
2023-11-24 12:36:46,971 TRACE o.h.i.SessionImpl [SessionImpl.java:402] Closing session [fc283a7d-68a0-41a1-9122-2566df7d31f6]
2023-11-24 12:36:46,971 TRACE o.h.e.j.i.JdbcCoordinatorImpl [JdbcCoordinatorImpl.java:152] Closing JDBC container [org.hibernate.engine.jdbc.internal.JdbcCoordinatorImpl@66879a85]
2023-11-24 12:36:46,971 TRACE o.h.r.j.i.ResourceRegistryStandardImpl [ResourceRegistryStandardImpl.java:329] Releasing JDBC resources
2023-11-24 12:36:46,972 TRACE o.h.r.j.i.LogicalConnectionManagedImpl [LogicalConnectionManagedImpl.java:256] Closing logical connection
2023-11-24 12:36:46,972 TRACE o.h.r.j.i.LogicalConnectionManagedImpl [LogicalConnectionManagedImpl.java:263] Logical connection closed
2023-11-24 12:36:47,011 TRACE o.h.i.SessionFactoryImpl$SessionBuilderImpl [SessionFactoryImpl.java:1298] Opening Hibernate Session.  tenant=null
2023-11-24 12:36:47,011 TRACE o.h.i.SessionImpl [SessionImpl.java:262] Opened Session [fdbaba87-988a-4bb2-9b7c-88e40dda769f] at timestamp: 1700825807011
2023-11-24 12:36:47,012 DEBUG o.h.r.t.b.j.i.JdbcResourceLocalTransactionCoordinatorImpl [JdbcResourceLocalTransactionCoordinatorImpl.java:310] JDBC transaction marked for rollback-only (exception provided for stack trace)
java.lang.Exception: exception just for purpose of providing stack trace
	at org.hibernate.resource.transaction.backend.jdbc.internal.JdbcResourceLocalTransactionCoordinatorImpl$TransactionDriverControlImpl.markRollbackOnly(JdbcResourceLocalTransactionCoordinatorImpl.java:310)
	at org.hibernate.internal.AbstractSharedSessionContract.buildNamedQuery(AbstractSharedSessionContract.java:1021)
	at org.hibernate.internal.AbstractSharedSessionContract.createNamedQuery(AbstractSharedSessionContract.java:899)
	at org.hibernate.internal.AbstractSharedSessionContract.createNamedQuery(AbstractSharedSessionContract.java:120)
	at jdk.internal.reflect.GeneratedMethodAccessor47.invoke(Unknown Source)
	at java.base/jdk.internal.reflect.DelegatingMethodAccessorImpl.invoke(DelegatingMethodAccessorImpl.java:43)
	at java.base/java.lang.reflect.Method.invoke(Method.java:568)
	at org.springframework.orm.jpa.ExtendedEntityManagerCreator$ExtendedEntityManagerInvocationHandler.invoke(ExtendedEntityManagerCreator.java:360)
	at jdk.proxy2/jdk.proxy2.$Proxy191.createNamedQuery(Unknown Source)
	at org.springframework.data.jpa.repository.query.NamedQuery.hasNamedQuery(NamedQuery.java:113)
	at org.springframework.data.jpa.repository.query.NamedQuery.lookupFrom(NamedQuery.java:141)
	at org.springframework.data.jpa.repository.query.JpaQueryLookupStrategy$DeclaredQueryLookupStrategy.resolveQuery(JpaQueryLookupStrategy.java:180)
	at org.springframework.data.jpa.repository.query.JpaQueryLookupStrategy$CreateIfNotFoundQueryLookupStrategy.resolveQuery(JpaQueryLookupStrategy.java:252)
	at org.springframework.data.jpa.repository.query.JpaQueryLookupStrategy$AbstractQueryLookupStrategy.resolveQuery(JpaQueryLookupStrategy.java:95)
	at org.springframework.data.repository.core.support.QueryExecutorMethodInterceptor.lookupQuery(QueryExecutorMethodInterceptor.java:111)
	at org.springframework.data.repository.core.support.QueryExecutorMethodInterceptor.mapMethodsToQuery(QueryExecutorMethodInterceptor.java:99)
	at org.springframework.data.repository.core.support.QueryExecutorMethodInterceptor.lambda$new$0(QueryExecutorMethodInterceptor.java:88)
	at java.base/java.util.Optional.map(Optional.java:260)
	at org.springframework.data.repository.core.support.QueryExecutorMethodInterceptor.<init>(QueryExecutorMethodInterceptor.java:88)
	at org.springframework.data.repository.core.support.RepositoryFactorySupport.getRepository(RepositoryFactorySupport.java:357)
	at org.springframework.data.repository.core.support.RepositoryFactoryBeanSupport.lambda$afterPropertiesSet$5(RepositoryFactoryBeanSupport.java:279)
	at org.springframework.data.util.Lazy.getNullable(Lazy.java:245)
	at org.springframework.data.util.Lazy.get(Lazy.java:114)
	at org.springframework.data.repository.core.support.RepositoryFactoryBeanSupport.afterPropertiesSet(RepositoryFactoryBeanSupport.java:285)
	at org.springframework.data.jpa.repository.support.JpaRepositoryFactoryBean.afterPropertiesSet(JpaRepositoryFactoryBean.java:132)
	at org.springframework.beans.factory.support.AbstractAutowireCapableBeanFactory.invokeInitMethods(AbstractAutowireCapableBeanFactory.java:1817)
	at org.springframework.beans.factory.support.AbstractAutowireCapableBeanFactory.initializeBean(AbstractAutowireCapableBeanFactory.java:1766)
	at org.springframework.beans.factory.support.AbstractAutowireCapableBeanFactory.doCreateBean(AbstractAutowireCapableBeanFactory.java:598)
	at org.springframework.beans.factory.support.AbstractAutowireCapableBeanFactory.createBean(AbstractAutowireCapableBeanFactory.java:520)
	at org.springframework.beans.factory.support.AbstractBeanFactory.lambda$doGetBean$0(AbstractBeanFactory.java:325)
	at org.springframework.beans.factory.support.DefaultSingletonBeanRegistry.getSingleton(DefaultSingletonBeanRegistry.java:234)
	at org.springframework.beans.factory.support.AbstractBeanFactory.doGetBean(AbstractBeanFactory.java:323)
	at org.springframework.beans.factory.support.AbstractBeanFactory.getBean(AbstractBeanFactory.java:199)
	at org.springframework.beans.factory.config.DependencyDescriptor.resolveCandidate(DependencyDescriptor.java:254)
	at org.springframework.beans.factory.support.DefaultListableBeanFactory.doResolveDependency(DefaultListableBeanFactory.java:1417)
	at org.springframework.beans.factory.support.DefaultListableBeanFactory.resolveDependency(DefaultListableBeanFactory.java:1337)
	at org.springframework.beans.factory.annotation.AutowiredAnnotationBeanPostProcessor$AutowiredFieldElement.resolveFieldValue(AutowiredAnnotationBeanPostProcessor.java:764)
	at org.springframework.beans.factory.annotation.AutowiredAnnotationBeanPostProcessor$AutowiredFieldElement.inject(AutowiredAnnotationBeanPostProcessor.java:747)
	at org.springframework.beans.factory.annotation.InjectionMetadata.inject(InjectionMetadata.java:145)
	at org.springframework.beans.factory.annotation.AutowiredAnnotationBeanPostProcessor.postProcessProperties(AutowiredAnnotationBeanPostProcessor.java:492)
	at org.springframework.beans.factory.support.AbstractAutowireCapableBeanFactory.populateBean(AbstractAutowireCapableBeanFactory.java:1416)
	at org.springframework.beans.factory.support.AbstractAutowireCapableBeanFactory.doCreateBean(AbstractAutowireCapableBeanFactory.java:597)
	at org.springframework.beans.factory.support.AbstractAutowireCapableBeanFactory.createBean(AbstractAutowireCapableBeanFactory.java:520)
	at org.springframework.beans.factory.support.AbstractBeanFactory.lambda$doGetBean$0(AbstractBeanFactory.java:325)
	at org.springframework.beans.factory.support.DefaultSingletonBeanRegistry.getSingleton(DefaultSingletonBeanRegistry.java:234)
	at org.springframework.beans.factory.support.AbstractBeanFactory.doGetBean(AbstractBeanFactory.java:323)
	at org.springframework.beans.factory.support.AbstractBeanFactory.getBean(AbstractBeanFactory.java:199)
	at org.springframework.beans.factory.support.DefaultListableBeanFactory.preInstantiateSingletons(DefaultListableBeanFactory.java:973)
	at org.springframework.context.support.AbstractApplicationContext.finishBeanFactoryInitialization(AbstractApplicationContext.java:950)
	at org.springframework.context.support.AbstractApplicationContext.refresh(AbstractApplicationContext.java:616)
	at org.springframework.boot.SpringApplication.refresh(SpringApplication.java:738)
	at org.springframework.boot.SpringApplication.refreshContext(SpringApplication.java:440)
	at org.springframework.boot.SpringApplication.run(SpringApplication.java:316)
	at org.springframework.boot.test.context.SpringBootContextLoader.lambda$loadContext$3(SpringBootContextLoader.java:137)
	at org.springframework.util.function.ThrowingSupplier.get(ThrowingSupplier.java:58)
	at org.springframework.util.function.ThrowingSupplier.get(ThrowingSupplier.java:46)
	at org.springframework.boot.SpringApplication.withHook(SpringApplication.java:1406)
	at org.springframework.boot.test.context.SpringBootContextLoader$ContextLoaderHook.run(SpringBootContextLoader.java:545)
	at org.springframework.boot.test.context.SpringBootContextLoader.loadContext(SpringBootContextLoader.java:137)
	at org.springframework.boot.test.context.SpringBootContextLoader.loadContext(SpringBootContextLoader.java:108)
	at org.springframework.test.context.cache.DefaultCacheAwareContextLoaderDelegate.loadContextInternal(DefaultCacheAwareContextLoaderDelegate.java:187)
	at org.springframework.test.context.cache.DefaultCacheAwareContextLoaderDelegate.loadContext(DefaultCacheAwareContextLoaderDelegate.java:119)
	at org.springframework.test.context.support.DefaultTestContext.getApplicationContext(DefaultTestContext.java:127)
	at org.springframework.test.context.web.ServletTestExecutionListener.setUpRequestContextIfNecessary(ServletTestExecutionListener.java:191)
	at org.springframework.test.context.web.ServletTestExecutionListener.prepareTestInstance(ServletTestExecutionListener.java:130)
	at org.springframework.test.context.TestContextManager.prepareTestInstance(TestContextManager.java:241)
	at org.springframework.test.context.junit.jupiter.SpringExtension.postProcessTestInstance(SpringExtension.java:138)
	at org.junit.jupiter.engine.descriptor.ClassBasedTestDescriptor.lambda$invokeTestInstancePostProcessors$10(ClassBasedTestDescriptor.java:377)
	at org.junit.jupiter.engine.descriptor.ClassBasedTestDescriptor.executeAndMaskThrowable(ClassBasedTestDescriptor.java:382)
	at org.junit.jupiter.engine.descriptor.ClassBasedTestDescriptor.lambda$invokeTestInstancePostProcessors$11(ClassBasedTestDescriptor.java:377)
	at java.base/java.util.stream.ReferencePipeline$3$1.accept(ReferencePipeline.java:197)
	at java.base/java.util.stream.ReferencePipeline$2$1.accept(ReferencePipeline.java:179)
	at java.base/java.util.ArrayList$ArrayListSpliterator.forEachRemaining(ArrayList.java:1625)
	at java.base/java.util.stream.AbstractPipeline.copyInto(AbstractPipeline.java:509)
	at java.base/java.util.stream.AbstractPipeline.wrapAndCopyInto(AbstractPipeline.java:499)
	at java.base/java.util.stream.StreamSpliterators$WrappingSpliterator.forEachRemaining(StreamSpliterators.java:310)
	at java.base/java.util.stream.Streams$ConcatSpliterator.forEachRemaining(Streams.java:735)
	at java.base/java.util.stream.Streams$ConcatSpliterator.forEachRemaining(Streams.java:734)
	at java.base/java.util.stream.ReferencePipeline$Head.forEach(ReferencePipeline.java:762)
	at org.junit.jupiter.engine.descriptor.ClassBasedTestDescriptor.invokeTestInstancePostProcessors(ClassBasedTestDescriptor.java:376)
	at org.junit.jupiter.engine.descriptor.ClassBasedTestDescriptor.lambda$instantiateAndPostProcessTestInstance$6(ClassBasedTestDescriptor.java:289)
	at org.junit.platform.engine.support.hierarchical.ThrowableCollector.execute(ThrowableCollector.java:73)
	at org.junit.jupiter.engine.descriptor.ClassBasedTestDescriptor.instantiateAndPostProcessTestInstance(ClassBasedTestDescriptor.java:288)
	at org.junit.jupiter.engine.descriptor.ClassBasedTestDescriptor.lambda$testInstancesProvider$4(ClassBasedTestDescriptor.java:278)
	at java.base/java.util.Optional.orElseGet(Optional.java:364)
	at org.junit.jupiter.engine.descriptor.ClassBasedTestDescriptor.lambda$testInstancesProvider$5(ClassBasedTestDescriptor.java:277)
	at org.junit.jupiter.engine.execution.TestInstancesProvider.getTestInstances(TestInstancesProvider.java:31)
	at org.junit.jupiter.engine.descriptor.TestMethodTestDescriptor.lambda$prepare$0(TestMethodTestDescriptor.java:105)
	at org.junit.platform.engine.support.hierarchical.ThrowableCollector.execute(ThrowableCollector.java:73)
	at org.junit.jupiter.engine.descriptor.TestMethodTestDescriptor.prepare(TestMethodTestDescriptor.java:104)
	at org.junit.jupiter.engine.descriptor.TestMethodTestDescriptor.prepare(TestMethodTestDescriptor.java:68)
	at org.junit.platform.engine.support.hierarchical.NodeTestTask.lambda$prepare$2(NodeTestTask.java:123)
	at org.junit.platform.engine.support.hierarchical.ThrowableCollector.execute(ThrowableCollector.java:73)
	at org.junit.platform.engine.support.hierarchical.NodeTestTask.prepare(NodeTestTask.java:123)
	at org.junit.platform.engine.support.hierarchical.NodeTestTask.execute(NodeTestTask.java:90)
	at java.base/java.util.ArrayList.forEach(ArrayList.java:1511)
	at org.junit.platform.engine.support.hierarchical.SameThreadHierarchicalTestExecutorService.invokeAll(SameThreadHierarchicalTestExecutorService.java:41)
	at org.junit.platform.engine.support.hierarchical.NodeTestTask.lambda$executeRecursively$6(NodeTestTask.java:155)
	at org.junit.platform.engine.support.hierarchical.ThrowableCollector.execute(ThrowableCollector.java:73)
	at org.junit.platform.engine.support.hierarchical.NodeTestTask.lambda$executeRecursively$8(NodeTestTask.java:141)
	at org.junit.platform.engine.support.hierarchical.Node.around(Node.java:137)
	at org.junit.platform.engine.support.hierarchical.NodeTestTask.lambda$executeRecursively$9(NodeTestTask.java:139)
	at org.junit.platform.engine.support.hierarchical.ThrowableCollector.execute(ThrowableCollector.java:73)
	at org.junit.platform.engine.support.hierarchical.NodeTestTask.executeRecursively(NodeTestTask.java:138)
	at org.junit.platform.engine.support.hierarchical.NodeTestTask.execute(NodeTestTask.java:95)
	at java.base/java.util.ArrayList.forEach(ArrayList.java:1511)
	at org.junit.platform.engine.support.hierarchical.SameThreadHierarchicalTestExecutorService.invokeAll(SameThreadHierarchicalTestExecutorService.java:41)
	at org.junit.platform.engine.support.hierarchical.NodeTestTask.lambda$executeRecursively$6(NodeTestTask.java:155)
	at org.junit.platform.engine.support.hierarchical.ThrowableCollector.execute(ThrowableCollector.java:73)
	at org.junit.platform.engine.support.hierarchical.NodeTestTask.lambda$executeRecursively$8(NodeTestTask.java:141)
	at org.junit.platform.engine.support.hierarchical.Node.around(Node.java:137)
	at org.junit.platform.engine.support.hierarchical.NodeTestTask.lambda$executeRecursively$9(NodeTestTask.java:139)
	at org.junit.platform.engine.support.hierarchical.ThrowableCollector.execute(ThrowableCollector.java:73)
	at org.junit.platform.engine.support.hierarchical.NodeTestTask.executeRecursively(NodeTestTask.java:138)
	at org.junit.platform.engine.support.hierarchical.NodeTestTask.execute(NodeTestTask.java:95)
	at org.junit.platform.engine.support.hierarchical.SameThreadHierarchicalTestExecutorService.submit(SameThreadHierarchicalTestExecutorService.java:35)
	at org.junit.platform.engine.support.hierarchical.HierarchicalTestExecutor.execute(HierarchicalTestExecutor.java:57)
	at org.junit.platform.engine.support.hierarchical.HierarchicalTestEngine.execute(HierarchicalTestEngine.java:54)
	at org.junit.platform.launcher.core.EngineExecutionOrchestrator.execute(EngineExecutionOrchestrator.java:147)
	at org.junit.platform.launcher.core.EngineExecutionOrchestrator.execute(EngineExecutionOrchestrator.java:127)
	at org.junit.platform.launcher.core.EngineExecutionOrchestrator.execute(EngineExecutionOrchestrator.java:90)
	at org.junit.platform.launcher.core.EngineExecutionOrchestrator.lambda$execute$0(EngineExecutionOrchestrator.java:55)
	at org.junit.platform.launcher.core.EngineExecutionOrchestrator.withInterceptedStreams(EngineExecutionOrchestrator.java:102)
	at org.junit.platform.launcher.core.EngineExecutionOrchestrator.execute(EngineExecutionOrchestrator.java:54)
	at org.junit.platform.launcher.core.DefaultLauncher.execute(DefaultLauncher.java:114)
	at org.junit.platform.launcher.core.DefaultLauncher.execute(DefaultLauncher.java:86)
	at org.junit.platform.launcher.core.DefaultLauncherSession$DelegatingLauncher.execute(DefaultLauncherSession.java:86)
	at org.apache.maven.surefire.junitplatform.LazyLauncher.execute(LazyLauncher.java:50)
	at org.apache.maven.surefire.junitplatform.JUnitPlatformProvider.execute(JUnitPlatformProvider.java:184)
	at org.apache.maven.surefire.junitplatform.JUnitPlatformProvider.invokeAllTests(JUnitPlatformProvider.java:148)
	at org.apache.maven.surefire.junitplatform.JUnitPlatformProvider.invoke(JUnitPlatformProvider.java:122)
	at org.apache.maven.surefire.booter.ForkedBooter.runSuitesInProcess(ForkedBooter.java:385)
	at org.apache.maven.surefire.booter.ForkedBooter.execute(ForkedBooter.java:162)
	at org.apache.maven.surefire.booter.ForkedBooter.run(ForkedBooter.java:507)
	at org.apache.maven.surefire.booter.ForkedBooter.main(ForkedBooter.java:495)
2023-11-24 12:36:47,012 TRACE o.h.i.SessionImpl [SessionImpl.java:402] Closing session [fdbaba87-988a-4bb2-9b7c-88e40dda769f]
2023-11-24 12:36:47,012 TRACE o.h.e.j.i.JdbcCoordinatorImpl [JdbcCoordinatorImpl.java:152] Closing JDBC container [org.hibernate.engine.jdbc.internal.JdbcCoordinatorImpl@175ea076]
2023-11-24 12:36:47,012 TRACE o.h.r.j.i.ResourceRegistryStandardImpl [ResourceRegistryStandardImpl.java:329] Releasing JDBC resources
2023-11-24 12:36:47,012 TRACE o.h.r.j.i.LogicalConnectionManagedImpl [LogicalConnectionManagedImpl.java:256] Closing logical connection
2023-11-24 12:36:47,012 TRACE o.h.r.j.i.LogicalConnectionManagedImpl [LogicalConnectionManagedImpl.java:263] Logical connection closed
2023-11-24 12:36:47,013 TRACE o.h.i.SessionFactoryImpl$SessionBuilderImpl [SessionFactoryImpl.java:1298] Opening Hibernate Session.  tenant=null
2023-11-24 12:36:47,013 TRACE o.h.i.SessionImpl [SessionImpl.java:262] Opened Session [b575e92b-4085-4e1a-94b2-82c554a1feff] at timestamp: 1700825807013
2023-11-24 12:36:47,013 TRACE o.h.i.SessionImpl [SessionImpl.java:402] Closing session [b575e92b-4085-4e1a-94b2-82c554a1feff]
2023-11-24 12:36:47,013 TRACE o.h.e.j.i.JdbcCoordinatorImpl [JdbcCoordinatorImpl.java:152] Closing JDBC container [org.hibernate.engine.jdbc.internal.JdbcCoordinatorImpl@4dd743aa]
2023-11-24 12:36:47,013 TRACE o.h.r.j.i.ResourceRegistryStandardImpl [ResourceRegistryStandardImpl.java:329] Releasing JDBC resources
2023-11-24 12:36:47,013 TRACE o.h.r.j.i.LogicalConnectionManagedImpl [LogicalConnectionManagedImpl.java:256] Closing logical connection
2023-11-24 12:36:47,013 TRACE o.h.r.j.i.LogicalConnectionManagedImpl [LogicalConnectionManagedImpl.java:263] Logical connection closed
2023-11-24 12:36:47,014 TRACE o.h.i.SessionFactoryImpl$SessionBuilderImpl [SessionFactoryImpl.java:1298] Opening Hibernate Session.  tenant=null
2023-11-24 12:36:47,014 TRACE o.h.i.SessionImpl [SessionImpl.java:262] Opened Session [6277738e-ddc6-4492-95b5-f36f3ab0167a] at timestamp: 1700825807014
2023-11-24 12:36:47,015 DEBUG o.h.r.t.b.j.i.JdbcResourceLocalTransactionCoordinatorImpl [JdbcResourceLocalTransactionCoordinatorImpl.java:310] JDBC transaction marked for rollback-only (exception provided for stack trace)
java.lang.Exception: exception just for purpose of providing stack trace
	at org.hibernate.resource.transaction.backend.jdbc.internal.JdbcResourceLocalTransactionCoordinatorImpl$TransactionDriverControlImpl.markRollbackOnly(JdbcResourceLocalTransactionCoordinatorImpl.java:310)
	at org.hibernate.internal.AbstractSharedSessionContract.buildNamedQuery(AbstractSharedSessionContract.java:1021)
	at org.hibernate.internal.AbstractSharedSessionContract.createNamedQuery(AbstractSharedSessionContract.java:899)
	at org.hibernate.internal.AbstractSharedSessionContract.createNamedQuery(AbstractSharedSessionContract.java:120)
	at jdk.internal.reflect.GeneratedMethodAccessor47.invoke(Unknown Source)
	at java.base/jdk.internal.reflect.DelegatingMethodAccessorImpl.invoke(DelegatingMethodAccessorImpl.java:43)
	at java.base/java.lang.reflect.Method.invoke(Method.java:568)
	at org.springframework.orm.jpa.ExtendedEntityManagerCreator$ExtendedEntityManagerInvocationHandler.invoke(ExtendedEntityManagerCreator.java:360)
	at jdk.proxy2/jdk.proxy2.$Proxy191.createNamedQuery(Unknown Source)
	at org.springframework.data.jpa.repository.query.NamedQuery.hasNamedQuery(NamedQuery.java:113)
	at org.springframework.data.jpa.repository.query.NamedQuery.lookupFrom(NamedQuery.java:141)
	at org.springframework.data.jpa.repository.query.JpaQueryLookupStrategy$DeclaredQueryLookupStrategy.resolveQuery(JpaQueryLookupStrategy.java:180)
	at org.springframework.data.jpa.repository.query.JpaQueryLookupStrategy$CreateIfNotFoundQueryLookupStrategy.resolveQuery(JpaQueryLookupStrategy.java:252)
	at org.springframework.data.jpa.repository.query.JpaQueryLookupStrategy$AbstractQueryLookupStrategy.resolveQuery(JpaQueryLookupStrategy.java:95)
	at org.springframework.data.repository.core.support.QueryExecutorMethodInterceptor.lookupQuery(QueryExecutorMethodInterceptor.java:111)
	at org.springframework.data.repository.core.support.QueryExecutorMethodInterceptor.mapMethodsToQuery(QueryExecutorMethodInterceptor.java:99)
	at org.springframework.data.repository.core.support.QueryExecutorMethodInterceptor.lambda$new$0(QueryExecutorMethodInterceptor.java:88)
	at java.base/java.util.Optional.map(Optional.java:260)
	at org.springframework.data.repository.core.support.QueryExecutorMethodInterceptor.<init>(QueryExecutorMethodInterceptor.java:88)
	at org.springframework.data.repository.core.support.RepositoryFactorySupport.getRepository(RepositoryFactorySupport.java:357)
	at org.springframework.data.repository.core.support.RepositoryFactoryBeanSupport.lambda$afterPropertiesSet$5(RepositoryFactoryBeanSupport.java:279)
	at org.springframework.data.util.Lazy.getNullable(Lazy.java:245)
	at org.springframework.data.util.Lazy.get(Lazy.java:114)
	at org.springframework.data.repository.core.support.RepositoryFactoryBeanSupport.afterPropertiesSet(RepositoryFactoryBeanSupport.java:285)
	at org.springframework.data.jpa.repository.support.JpaRepositoryFactoryBean.afterPropertiesSet(JpaRepositoryFactoryBean.java:132)
	at org.springframework.beans.factory.support.AbstractAutowireCapableBeanFactory.invokeInitMethods(AbstractAutowireCapableBeanFactory.java:1817)
	at org.springframework.beans.factory.support.AbstractAutowireCapableBeanFactory.initializeBean(AbstractAutowireCapableBeanFactory.java:1766)
	at org.springframework.beans.factory.support.AbstractAutowireCapableBeanFactory.doCreateBean(AbstractAutowireCapableBeanFactory.java:598)
	at org.springframework.beans.factory.support.AbstractAutowireCapableBeanFactory.createBean(AbstractAutowireCapableBeanFactory.java:520)
	at org.springframework.beans.factory.support.AbstractBeanFactory.lambda$doGetBean$0(AbstractBeanFactory.java:325)
	at org.springframework.beans.factory.support.DefaultSingletonBeanRegistry.getSingleton(DefaultSingletonBeanRegistry.java:234)
	at org.springframework.beans.factory.support.AbstractBeanFactory.doGetBean(AbstractBeanFactory.java:323)
	at org.springframework.beans.factory.support.AbstractBeanFactory.getBean(AbstractBeanFactory.java:199)
	at org.springframework.beans.factory.config.DependencyDescriptor.resolveCandidate(DependencyDescriptor.java:254)
	at org.springframework.beans.factory.support.DefaultListableBeanFactory.doResolveDependency(DefaultListableBeanFactory.java:1417)
	at org.springframework.beans.factory.support.DefaultListableBeanFactory.resolveDependency(DefaultListableBeanFactory.java:1337)
	at org.springframework.beans.factory.annotation.AutowiredAnnotationBeanPostProcessor$AutowiredFieldElement.resolveFieldValue(AutowiredAnnotationBeanPostProcessor.java:764)
	at org.springframework.beans.factory.annotation.AutowiredAnnotationBeanPostProcessor$AutowiredFieldElement.inject(AutowiredAnnotationBeanPostProcessor.java:747)
	at org.springframework.beans.factory.annotation.InjectionMetadata.inject(InjectionMetadata.java:145)
	at org.springframework.beans.factory.annotation.AutowiredAnnotationBeanPostProcessor.postProcessProperties(AutowiredAnnotationBeanPostProcessor.java:492)
	at org.springframework.beans.factory.support.AbstractAutowireCapableBeanFactory.populateBean(AbstractAutowireCapableBeanFactory.java:1416)
	at org.springframework.beans.factory.support.AbstractAutowireCapableBeanFactory.doCreateBean(AbstractAutowireCapableBeanFactory.java:597)
	at org.springframework.beans.factory.support.AbstractAutowireCapableBeanFactory.createBean(AbstractAutowireCapableBeanFactory.java:520)
	at org.springframework.beans.factory.support.AbstractBeanFactory.lambda$doGetBean$0(AbstractBeanFactory.java:325)
	at org.springframework.beans.factory.support.DefaultSingletonBeanRegistry.getSingleton(DefaultSingletonBeanRegistry.java:234)
	at org.springframework.beans.factory.support.AbstractBeanFactory.doGetBean(AbstractBeanFactory.java:323)
	at org.springframework.beans.factory.support.AbstractBeanFactory.getBean(AbstractBeanFactory.java:199)
	at org.springframework.beans.factory.support.DefaultListableBeanFactory.preInstantiateSingletons(DefaultListableBeanFactory.java:973)
	at org.springframework.context.support.AbstractApplicationContext.finishBeanFactoryInitialization(AbstractApplicationContext.java:950)
	at org.springframework.context.support.AbstractApplicationContext.refresh(AbstractApplicationContext.java:616)
	at org.springframework.boot.SpringApplication.refresh(SpringApplication.java:738)
	at org.springframework.boot.SpringApplication.refreshContext(SpringApplication.java:440)
	at org.springframework.boot.SpringApplication.run(SpringApplication.java:316)
	at org.springframework.boot.test.context.SpringBootContextLoader.lambda$loadContext$3(SpringBootContextLoader.java:137)
	at org.springframework.util.function.ThrowingSupplier.get(ThrowingSupplier.java:58)
	at org.springframework.util.function.ThrowingSupplier.get(ThrowingSupplier.java:46)
	at org.springframework.boot.SpringApplication.withHook(SpringApplication.java:1406)
	at org.springframework.boot.test.context.SpringBootContextLoader$ContextLoaderHook.run(SpringBootContextLoader.java:545)
	at org.springframework.boot.test.context.SpringBootContextLoader.loadContext(SpringBootContextLoader.java:137)
	at org.springframework.boot.test.context.SpringBootContextLoader.loadContext(SpringBootContextLoader.java:108)
	at org.springframework.test.context.cache.DefaultCacheAwareContextLoaderDelegate.loadContextInternal(DefaultCacheAwareContextLoaderDelegate.java:187)
	at org.springframework.test.context.cache.DefaultCacheAwareContextLoaderDelegate.loadContext(DefaultCacheAwareContextLoaderDelegate.java:119)
	at org.springframework.test.context.support.DefaultTestContext.getApplicationContext(DefaultTestContext.java:127)
	at org.springframework.test.context.web.ServletTestExecutionListener.setUpRequestContextIfNecessary(ServletTestExecutionListener.java:191)
	at org.springframework.test.context.web.ServletTestExecutionListener.prepareTestInstance(ServletTestExecutionListener.java:130)
	at org.springframework.test.context.TestContextManager.prepareTestInstance(TestContextManager.java:241)
	at org.springframework.test.context.junit.jupiter.SpringExtension.postProcessTestInstance(SpringExtension.java:138)
	at org.junit.jupiter.engine.descriptor.ClassBasedTestDescriptor.lambda$invokeTestInstancePostProcessors$10(ClassBasedTestDescriptor.java:377)
	at org.junit.jupiter.engine.descriptor.ClassBasedTestDescriptor.executeAndMaskThrowable(ClassBasedTestDescriptor.java:382)
	at org.junit.jupiter.engine.descriptor.ClassBasedTestDescriptor.lambda$invokeTestInstancePostProcessors$11(ClassBasedTestDescriptor.java:377)
	at java.base/java.util.stream.ReferencePipeline$3$1.accept(ReferencePipeline.java:197)
	at java.base/java.util.stream.ReferencePipeline$2$1.accept(ReferencePipeline.java:179)
	at java.base/java.util.ArrayList$ArrayListSpliterator.forEachRemaining(ArrayList.java:1625)
	at java.base/java.util.stream.AbstractPipeline.copyInto(AbstractPipeline.java:509)
	at java.base/java.util.stream.AbstractPipeline.wrapAndCopyInto(AbstractPipeline.java:499)
	at java.base/java.util.stream.StreamSpliterators$WrappingSpliterator.forEachRemaining(StreamSpliterators.java:310)
	at java.base/java.util.stream.Streams$ConcatSpliterator.forEachRemaining(Streams.java:735)
	at java.base/java.util.stream.Streams$ConcatSpliterator.forEachRemaining(Streams.java:734)
	at java.base/java.util.stream.ReferencePipeline$Head.forEach(ReferencePipeline.java:762)
	at org.junit.jupiter.engine.descriptor.ClassBasedTestDescriptor.invokeTestInstancePostProcessors(ClassBasedTestDescriptor.java:376)
	at org.junit.jupiter.engine.descriptor.ClassBasedTestDescriptor.lambda$instantiateAndPostProcessTestInstance$6(ClassBasedTestDescriptor.java:289)
	at org.junit.platform.engine.support.hierarchical.ThrowableCollector.execute(ThrowableCollector.java:73)
	at org.junit.jupiter.engine.descriptor.ClassBasedTestDescriptor.instantiateAndPostProcessTestInstance(ClassBasedTestDescriptor.java:288)
	at org.junit.jupiter.engine.descriptor.ClassBasedTestDescriptor.lambda$testInstancesProvider$4(ClassBasedTestDescriptor.java:278)
	at java.base/java.util.Optional.orElseGet(Optional.java:364)
	at org.junit.jupiter.engine.descriptor.ClassBasedTestDescriptor.lambda$testInstancesProvider$5(ClassBasedTestDescriptor.java:277)
	at org.junit.jupiter.engine.execution.TestInstancesProvider.getTestInstances(TestInstancesProvider.java:31)
	at org.junit.jupiter.engine.descriptor.TestMethodTestDescriptor.lambda$prepare$0(TestMethodTestDescriptor.java:105)
	at org.junit.platform.engine.support.hierarchical.ThrowableCollector.execute(ThrowableCollector.java:73)
	at org.junit.jupiter.engine.descriptor.TestMethodTestDescriptor.prepare(TestMethodTestDescriptor.java:104)
	at org.junit.jupiter.engine.descriptor.TestMethodTestDescriptor.prepare(TestMethodTestDescriptor.java:68)
	at org.junit.platform.engine.support.hierarchical.NodeTestTask.lambda$prepare$2(NodeTestTask.java:123)
	at org.junit.platform.engine.support.hierarchical.ThrowableCollector.execute(ThrowableCollector.java:73)
	at org.junit.platform.engine.support.hierarchical.NodeTestTask.prepare(NodeTestTask.java:123)
	at org.junit.platform.engine.support.hierarchical.NodeTestTask.execute(NodeTestTask.java:90)
	at java.base/java.util.ArrayList.forEach(ArrayList.java:1511)
	at org.junit.platform.engine.support.hierarchical.SameThreadHierarchicalTestExecutorService.invokeAll(SameThreadHierarchicalTestExecutorService.java:41)
	at org.junit.platform.engine.support.hierarchical.NodeTestTask.lambda$executeRecursively$6(NodeTestTask.java:155)
	at org.junit.platform.engine.support.hierarchical.ThrowableCollector.execute(ThrowableCollector.java:73)
	at org.junit.platform.engine.support.hierarchical.NodeTestTask.lambda$executeRecursively$8(NodeTestTask.java:141)
	at org.junit.platform.engine.support.hierarchical.Node.around(Node.java:137)
	at org.junit.platform.engine.support.hierarchical.NodeTestTask.lambda$executeRecursively$9(NodeTestTask.java:139)
	at org.junit.platform.engine.support.hierarchical.ThrowableCollector.execute(ThrowableCollector.java:73)
	at org.junit.platform.engine.support.hierarchical.NodeTestTask.executeRecursively(NodeTestTask.java:138)
	at org.junit.platform.engine.support.hierarchical.NodeTestTask.execute(NodeTestTask.java:95)
	at java.base/java.util.ArrayList.forEach(ArrayList.java:1511)
	at org.junit.platform.engine.support.hierarchical.SameThreadHierarchicalTestExecutorService.invokeAll(SameThreadHierarchicalTestExecutorService.java:41)
	at org.junit.platform.engine.support.hierarchical.NodeTestTask.lambda$executeRecursively$6(NodeTestTask.java:155)
	at org.junit.platform.engine.support.hierarchical.ThrowableCollector.execute(ThrowableCollector.java:73)
	at org.junit.platform.engine.support.hierarchical.NodeTestTask.lambda$executeRecursively$8(NodeTestTask.java:141)
	at org.junit.platform.engine.support.hierarchical.Node.around(Node.java:137)
	at org.junit.platform.engine.support.hierarchical.NodeTestTask.lambda$executeRecursively$9(NodeTestTask.java:139)
	at org.junit.platform.engine.support.hierarchical.ThrowableCollector.execute(ThrowableCollector.java:73)
	at org.junit.platform.engine.support.hierarchical.NodeTestTask.executeRecursively(NodeTestTask.java:138)
	at org.junit.platform.engine.support.hierarchical.NodeTestTask.execute(NodeTestTask.java:95)
	at org.junit.platform.engine.support.hierarchical.SameThreadHierarchicalTestExecutorService.submit(SameThreadHierarchicalTestExecutorService.java:35)
	at org.junit.platform.engine.support.hierarchical.HierarchicalTestExecutor.execute(HierarchicalTestExecutor.java:57)
	at org.junit.platform.engine.support.hierarchical.HierarchicalTestEngine.execute(HierarchicalTestEngine.java:54)
	at org.junit.platform.launcher.core.EngineExecutionOrchestrator.execute(EngineExecutionOrchestrator.java:147)
	at org.junit.platform.launcher.core.EngineExecutionOrchestrator.execute(EngineExecutionOrchestrator.java:127)
	at org.junit.platform.launcher.core.EngineExecutionOrchestrator.execute(EngineExecutionOrchestrator.java:90)
	at org.junit.platform.launcher.core.EngineExecutionOrchestrator.lambda$execute$0(EngineExecutionOrchestrator.java:55)
	at org.junit.platform.launcher.core.EngineExecutionOrchestrator.withInterceptedStreams(EngineExecutionOrchestrator.java:102)
	at org.junit.platform.launcher.core.EngineExecutionOrchestrator.execute(EngineExecutionOrchestrator.java:54)
	at org.junit.platform.launcher.core.DefaultLauncher.execute(DefaultLauncher.java:114)
	at org.junit.platform.launcher.core.DefaultLauncher.execute(DefaultLauncher.java:86)
	at org.junit.platform.launcher.core.DefaultLauncherSession$DelegatingLauncher.execute(DefaultLauncherSession.java:86)
	at org.apache.maven.surefire.junitplatform.LazyLauncher.execute(LazyLauncher.java:50)
	at org.apache.maven.surefire.junitplatform.JUnitPlatformProvider.execute(JUnitPlatformProvider.java:184)
	at org.apache.maven.surefire.junitplatform.JUnitPlatformProvider.invokeAllTests(JUnitPlatformProvider.java:148)
	at org.apache.maven.surefire.junitplatform.JUnitPlatformProvider.invoke(JUnitPlatformProvider.java:122)
	at org.apache.maven.surefire.booter.ForkedBooter.runSuitesInProcess(ForkedBooter.java:385)
	at org.apache.maven.surefire.booter.ForkedBooter.execute(ForkedBooter.java:162)
	at org.apache.maven.surefire.booter.ForkedBooter.run(ForkedBooter.java:507)
	at org.apache.maven.surefire.booter.ForkedBooter.main(ForkedBooter.java:495)
2023-11-24 12:36:47,015 TRACE o.h.i.SessionImpl [SessionImpl.java:402] Closing session [6277738e-ddc6-4492-95b5-f36f3ab0167a]
2023-11-24 12:36:47,015 TRACE o.h.e.j.i.JdbcCoordinatorImpl [JdbcCoordinatorImpl.java:152] Closing JDBC container [org.hibernate.engine.jdbc.internal.JdbcCoordinatorImpl@5478c3d9]
2023-11-24 12:36:47,015 TRACE o.h.r.j.i.ResourceRegistryStandardImpl [ResourceRegistryStandardImpl.java:329] Releasing JDBC resources
2023-11-24 12:36:47,016 TRACE o.h.r.j.i.LogicalConnectionManagedImpl [LogicalConnectionManagedImpl.java:256] Closing logical connection
2023-11-24 12:36:47,016 TRACE o.h.r.j.i.LogicalConnectionManagedImpl [LogicalConnectionManagedImpl.java:263] Logical connection closed
2023-11-24 12:36:47,016 TRACE o.h.i.SessionFactoryImpl$SessionBuilderImpl [SessionFactoryImpl.java:1298] Opening Hibernate Session.  tenant=null
2023-11-24 12:36:47,016 TRACE o.h.i.SessionImpl [SessionImpl.java:262] Opened Session [434954d5-6802-4fd9-a576-35b593179cb3] at timestamp: 1700825807016
2023-11-24 12:36:47,016 TRACE o.h.i.SessionImpl [SessionImpl.java:402] Closing session [434954d5-6802-4fd9-a576-35b593179cb3]
2023-11-24 12:36:47,017 TRACE o.h.e.j.i.JdbcCoordinatorImpl [JdbcCoordinatorImpl.java:152] Closing JDBC container [org.hibernate.engine.jdbc.internal.JdbcCoordinatorImpl@36c78430]
2023-11-24 12:36:47,017 TRACE o.h.r.j.i.ResourceRegistryStandardImpl [ResourceRegistryStandardImpl.java:329] Releasing JDBC resources
2023-11-24 12:36:47,017 TRACE o.h.r.j.i.LogicalConnectionManagedImpl [LogicalConnectionManagedImpl.java:256] Closing logical connection
2023-11-24 12:36:47,017 TRACE o.h.r.j.i.LogicalConnectionManagedImpl [LogicalConnectionManagedImpl.java:263] Logical connection closed
2023-11-24 12:36:47,018 TRACE o.h.i.SessionFactoryImpl$SessionBuilderImpl [SessionFactoryImpl.java:1298] Opening Hibernate Session.  tenant=null
2023-11-24 12:36:47,018 TRACE o.h.i.SessionImpl [SessionImpl.java:262] Opened Session [ef748cf0-7343-4c65-8077-cae06b050a25] at timestamp: 1700825807018
2023-11-24 12:36:47,018 DEBUG o.h.r.t.b.j.i.JdbcResourceLocalTransactionCoordinatorImpl [JdbcResourceLocalTransactionCoordinatorImpl.java:310] JDBC transaction marked for rollback-only (exception provided for stack trace)
java.lang.Exception: exception just for purpose of providing stack trace
	at org.hibernate.resource.transaction.backend.jdbc.internal.JdbcResourceLocalTransactionCoordinatorImpl$TransactionDriverControlImpl.markRollbackOnly(JdbcResourceLocalTransactionCoordinatorImpl.java:310)
	at org.hibernate.internal.AbstractSharedSessionContract.buildNamedQuery(AbstractSharedSessionContract.java:1021)
	at org.hibernate.internal.AbstractSharedSessionContract.createNamedQuery(AbstractSharedSessionContract.java:899)
	at org.hibernate.internal.AbstractSharedSessionContract.createNamedQuery(AbstractSharedSessionContract.java:120)
	at jdk.internal.reflect.GeneratedMethodAccessor47.invoke(Unknown Source)
	at java.base/jdk.internal.reflect.DelegatingMethodAccessorImpl.invoke(DelegatingMethodAccessorImpl.java:43)
	at java.base/java.lang.reflect.Method.invoke(Method.java:568)
	at org.springframework.orm.jpa.ExtendedEntityManagerCreator$ExtendedEntityManagerInvocationHandler.invoke(ExtendedEntityManagerCreator.java:360)
	at jdk.proxy2/jdk.proxy2.$Proxy191.createNamedQuery(Unknown Source)
	at org.springframework.data.jpa.repository.query.NamedQuery.hasNamedQuery(NamedQuery.java:113)
	at org.springframework.data.jpa.repository.query.NamedQuery.lookupFrom(NamedQuery.java:141)
	at org.springframework.data.jpa.repository.query.JpaQueryLookupStrategy$DeclaredQueryLookupStrategy.resolveQuery(JpaQueryLookupStrategy.java:180)
	at org.springframework.data.jpa.repository.query.JpaQueryLookupStrategy$CreateIfNotFoundQueryLookupStrategy.resolveQuery(JpaQueryLookupStrategy.java:252)
	at org.springframework.data.jpa.repository.query.JpaQueryLookupStrategy$AbstractQueryLookupStrategy.resolveQuery(JpaQueryLookupStrategy.java:95)
	at org.springframework.data.repository.core.support.QueryExecutorMethodInterceptor.lookupQuery(QueryExecutorMethodInterceptor.java:111)
	at org.springframework.data.repository.core.support.QueryExecutorMethodInterceptor.mapMethodsToQuery(QueryExecutorMethodInterceptor.java:99)
	at org.springframework.data.repository.core.support.QueryExecutorMethodInterceptor.lambda$new$0(QueryExecutorMethodInterceptor.java:88)
	at java.base/java.util.Optional.map(Optional.java:260)
	at org.springframework.data.repository.core.support.QueryExecutorMethodInterceptor.<init>(QueryExecutorMethodInterceptor.java:88)
	at org.springframework.data.repository.core.support.RepositoryFactorySupport.getRepository(RepositoryFactorySupport.java:357)
	at org.springframework.data.repository.core.support.RepositoryFactoryBeanSupport.lambda$afterPropertiesSet$5(RepositoryFactoryBeanSupport.java:279)
	at org.springframework.data.util.Lazy.getNullable(Lazy.java:245)
	at org.springframework.data.util.Lazy.get(Lazy.java:114)
	at org.springframework.data.repository.core.support.RepositoryFactoryBeanSupport.afterPropertiesSet(RepositoryFactoryBeanSupport.java:285)
	at org.springframework.data.jpa.repository.support.JpaRepositoryFactoryBean.afterPropertiesSet(JpaRepositoryFactoryBean.java:132)
	at org.springframework.beans.factory.support.AbstractAutowireCapableBeanFactory.invokeInitMethods(AbstractAutowireCapableBeanFactory.java:1817)
	at org.springframework.beans.factory.support.AbstractAutowireCapableBeanFactory.initializeBean(AbstractAutowireCapableBeanFactory.java:1766)
	at org.springframework.beans.factory.support.AbstractAutowireCapableBeanFactory.doCreateBean(AbstractAutowireCapableBeanFactory.java:598)
	at org.springframework.beans.factory.support.AbstractAutowireCapableBeanFactory.createBean(AbstractAutowireCapableBeanFactory.java:520)
	at org.springframework.beans.factory.support.AbstractBeanFactory.lambda$doGetBean$0(AbstractBeanFactory.java:325)
	at org.springframework.beans.factory.support.DefaultSingletonBeanRegistry.getSingleton(DefaultSingletonBeanRegistry.java:234)
	at org.springframework.beans.factory.support.AbstractBeanFactory.doGetBean(AbstractBeanFactory.java:323)
	at org.springframework.beans.factory.support.AbstractBeanFactory.getBean(AbstractBeanFactory.java:199)
	at org.springframework.beans.factory.config.DependencyDescriptor.resolveCandidate(DependencyDescriptor.java:254)
	at org.springframework.beans.factory.support.DefaultListableBeanFactory.doResolveDependency(DefaultListableBeanFactory.java:1417)
	at org.springframework.beans.factory.support.DefaultListableBeanFactory.resolveDependency(DefaultListableBeanFactory.java:1337)
	at org.springframework.beans.factory.annotation.AutowiredAnnotationBeanPostProcessor$AutowiredFieldElement.resolveFieldValue(AutowiredAnnotationBeanPostProcessor.java:764)
	at org.springframework.beans.factory.annotation.AutowiredAnnotationBeanPostProcessor$AutowiredFieldElement.inject(AutowiredAnnotationBeanPostProcessor.java:747)
	at org.springframework.beans.factory.annotation.InjectionMetadata.inject(InjectionMetadata.java:145)
	at org.springframework.beans.factory.annotation.AutowiredAnnotationBeanPostProcessor.postProcessProperties(AutowiredAnnotationBeanPostProcessor.java:492)
	at org.springframework.beans.factory.support.AbstractAutowireCapableBeanFactory.populateBean(AbstractAutowireCapableBeanFactory.java:1416)
	at org.springframework.beans.factory.support.AbstractAutowireCapableBeanFactory.doCreateBean(AbstractAutowireCapableBeanFactory.java:597)
	at org.springframework.beans.factory.support.AbstractAutowireCapableBeanFactory.createBean(AbstractAutowireCapableBeanFactory.java:520)
	at org.springframework.beans.factory.support.AbstractBeanFactory.lambda$doGetBean$0(AbstractBeanFactory.java:325)
	at org.springframework.beans.factory.support.DefaultSingletonBeanRegistry.getSingleton(DefaultSingletonBeanRegistry.java:234)
	at org.springframework.beans.factory.support.AbstractBeanFactory.doGetBean(AbstractBeanFactory.java:323)
	at org.springframework.beans.factory.support.AbstractBeanFactory.getBean(AbstractBeanFactory.java:199)
	at org.springframework.beans.factory.support.DefaultListableBeanFactory.preInstantiateSingletons(DefaultListableBeanFactory.java:973)
	at org.springframework.context.support.AbstractApplicationContext.finishBeanFactoryInitialization(AbstractApplicationContext.java:950)
	at org.springframework.context.support.AbstractApplicationContext.refresh(AbstractApplicationContext.java:616)
	at org.springframework.boot.SpringApplication.refresh(SpringApplication.java:738)
	at org.springframework.boot.SpringApplication.refreshContext(SpringApplication.java:440)
	at org.springframework.boot.SpringApplication.run(SpringApplication.java:316)
	at org.springframework.boot.test.context.SpringBootContextLoader.lambda$loadContext$3(SpringBootContextLoader.java:137)
	at org.springframework.util.function.ThrowingSupplier.get(ThrowingSupplier.java:58)
	at org.springframework.util.function.ThrowingSupplier.get(ThrowingSupplier.java:46)
	at org.springframework.boot.SpringApplication.withHook(SpringApplication.java:1406)
	at org.springframework.boot.test.context.SpringBootContextLoader$ContextLoaderHook.run(SpringBootContextLoader.java:545)
	at org.springframework.boot.test.context.SpringBootContextLoader.loadContext(SpringBootContextLoader.java:137)
	at org.springframework.boot.test.context.SpringBootContextLoader.loadContext(SpringBootContextLoader.java:108)
	at org.springframework.test.context.cache.DefaultCacheAwareContextLoaderDelegate.loadContextInternal(DefaultCacheAwareContextLoaderDelegate.java:187)
	at org.springframework.test.context.cache.DefaultCacheAwareContextLoaderDelegate.loadContext(DefaultCacheAwareContextLoaderDelegate.java:119)
	at org.springframework.test.context.support.DefaultTestContext.getApplicationContext(DefaultTestContext.java:127)
	at org.springframework.test.context.web.ServletTestExecutionListener.setUpRequestContextIfNecessary(ServletTestExecutionListener.java:191)
	at org.springframework.test.context.web.ServletTestExecutionListener.prepareTestInstance(ServletTestExecutionListener.java:130)
	at org.springframework.test.context.TestContextManager.prepareTestInstance(TestContextManager.java:241)
	at org.springframework.test.context.junit.jupiter.SpringExtension.postProcessTestInstance(SpringExtension.java:138)
	at org.junit.jupiter.engine.descriptor.ClassBasedTestDescriptor.lambda$invokeTestInstancePostProcessors$10(ClassBasedTestDescriptor.java:377)
	at org.junit.jupiter.engine.descriptor.ClassBasedTestDescriptor.executeAndMaskThrowable(ClassBasedTestDescriptor.java:382)
	at org.junit.jupiter.engine.descriptor.ClassBasedTestDescriptor.lambda$invokeTestInstancePostProcessors$11(ClassBasedTestDescriptor.java:377)
	at java.base/java.util.stream.ReferencePipeline$3$1.accept(ReferencePipeline.java:197)
	at java.base/java.util.stream.ReferencePipeline$2$1.accept(ReferencePipeline.java:179)
	at java.base/java.util.ArrayList$ArrayListSpliterator.forEachRemaining(ArrayList.java:1625)
	at java.base/java.util.stream.AbstractPipeline.copyInto(AbstractPipeline.java:509)
	at java.base/java.util.stream.AbstractPipeline.wrapAndCopyInto(AbstractPipeline.java:499)
	at java.base/java.util.stream.StreamSpliterators$WrappingSpliterator.forEachRemaining(StreamSpliterators.java:310)
	at java.base/java.util.stream.Streams$ConcatSpliterator.forEachRemaining(Streams.java:735)
	at java.base/java.util.stream.Streams$ConcatSpliterator.forEachRemaining(Streams.java:734)
	at java.base/java.util.stream.ReferencePipeline$Head.forEach(ReferencePipeline.java:762)
	at org.junit.jupiter.engine.descriptor.ClassBasedTestDescriptor.invokeTestInstancePostProcessors(ClassBasedTestDescriptor.java:376)
	at org.junit.jupiter.engine.descriptor.ClassBasedTestDescriptor.lambda$instantiateAndPostProcessTestInstance$6(ClassBasedTestDescriptor.java:289)
	at org.junit.platform.engine.support.hierarchical.ThrowableCollector.execute(ThrowableCollector.java:73)
	at org.junit.jupiter.engine.descriptor.ClassBasedTestDescriptor.instantiateAndPostProcessTestInstance(ClassBasedTestDescriptor.java:288)
	at org.junit.jupiter.engine.descriptor.ClassBasedTestDescriptor.lambda$testInstancesProvider$4(ClassBasedTestDescriptor.java:278)
	at java.base/java.util.Optional.orElseGet(Optional.java:364)
	at org.junit.jupiter.engine.descriptor.ClassBasedTestDescriptor.lambda$testInstancesProvider$5(ClassBasedTestDescriptor.java:277)
	at org.junit.jupiter.engine.execution.TestInstancesProvider.getTestInstances(TestInstancesProvider.java:31)
	at org.junit.jupiter.engine.descriptor.TestMethodTestDescriptor.lambda$prepare$0(TestMethodTestDescriptor.java:105)
	at org.junit.platform.engine.support.hierarchical.ThrowableCollector.execute(ThrowableCollector.java:73)
	at org.junit.jupiter.engine.descriptor.TestMethodTestDescriptor.prepare(TestMethodTestDescriptor.java:104)
	at org.junit.jupiter.engine.descriptor.TestMethodTestDescriptor.prepare(TestMethodTestDescriptor.java:68)
	at org.junit.platform.engine.support.hierarchical.NodeTestTask.lambda$prepare$2(NodeTestTask.java:123)
	at org.junit.platform.engine.support.hierarchical.ThrowableCollector.execute(ThrowableCollector.java:73)
	at org.junit.platform.engine.support.hierarchical.NodeTestTask.prepare(NodeTestTask.java:123)
	at org.junit.platform.engine.support.hierarchical.NodeTestTask.execute(NodeTestTask.java:90)
	at java.base/java.util.ArrayList.forEach(ArrayList.java:1511)
	at org.junit.platform.engine.support.hierarchical.SameThreadHierarchicalTestExecutorService.invokeAll(SameThreadHierarchicalTestExecutorService.java:41)
	at org.junit.platform.engine.support.hierarchical.NodeTestTask.lambda$executeRecursively$6(NodeTestTask.java:155)
	at org.junit.platform.engine.support.hierarchical.ThrowableCollector.execute(ThrowableCollector.java:73)
	at org.junit.platform.engine.support.hierarchical.NodeTestTask.lambda$executeRecursively$8(NodeTestTask.java:141)
	at org.junit.platform.engine.support.hierarchical.Node.around(Node.java:137)
	at org.junit.platform.engine.support.hierarchical.NodeTestTask.lambda$executeRecursively$9(NodeTestTask.java:139)
	at org.junit.platform.engine.support.hierarchical.ThrowableCollector.execute(ThrowableCollector.java:73)
	at org.junit.platform.engine.support.hierarchical.NodeTestTask.executeRecursively(NodeTestTask.java:138)
	at org.junit.platform.engine.support.hierarchical.NodeTestTask.execute(NodeTestTask.java:95)
	at java.base/java.util.ArrayList.forEach(ArrayList.java:1511)
	at org.junit.platform.engine.support.hierarchical.SameThreadHierarchicalTestExecutorService.invokeAll(SameThreadHierarchicalTestExecutorService.java:41)
	at org.junit.platform.engine.support.hierarchical.NodeTestTask.lambda$executeRecursively$6(NodeTestTask.java:155)
	at org.junit.platform.engine.support.hierarchical.ThrowableCollector.execute(ThrowableCollector.java:73)
	at org.junit.platform.engine.support.hierarchical.NodeTestTask.lambda$executeRecursively$8(NodeTestTask.java:141)
	at org.junit.platform.engine.support.hierarchical.Node.around(Node.java:137)
	at org.junit.platform.engine.support.hierarchical.NodeTestTask.lambda$executeRecursively$9(NodeTestTask.java:139)
	at org.junit.platform.engine.support.hierarchical.ThrowableCollector.execute(ThrowableCollector.java:73)
	at org.junit.platform.engine.support.hierarchical.NodeTestTask.executeRecursively(NodeTestTask.java:138)
	at org.junit.platform.engine.support.hierarchical.NodeTestTask.execute(NodeTestTask.java:95)
	at org.junit.platform.engine.support.hierarchical.SameThreadHierarchicalTestExecutorService.submit(SameThreadHierarchicalTestExecutorService.java:35)
	at org.junit.platform.engine.support.hierarchical.HierarchicalTestExecutor.execute(HierarchicalTestExecutor.java:57)
	at org.junit.platform.engine.support.hierarchical.HierarchicalTestEngine.execute(HierarchicalTestEngine.java:54)
	at org.junit.platform.launcher.core.EngineExecutionOrchestrator.execute(EngineExecutionOrchestrator.java:147)
	at org.junit.platform.launcher.core.EngineExecutionOrchestrator.execute(EngineExecutionOrchestrator.java:127)
	at org.junit.platform.launcher.core.EngineExecutionOrchestrator.execute(EngineExecutionOrchestrator.java:90)
	at org.junit.platform.launcher.core.EngineExecutionOrchestrator.lambda$execute$0(EngineExecutionOrchestrator.java:55)
	at org.junit.platform.launcher.core.EngineExecutionOrchestrator.withInterceptedStreams(EngineExecutionOrchestrator.java:102)
	at org.junit.platform.launcher.core.EngineExecutionOrchestrator.execute(EngineExecutionOrchestrator.java:54)
	at org.junit.platform.launcher.core.DefaultLauncher.execute(DefaultLauncher.java:114)
	at org.junit.platform.launcher.core.DefaultLauncher.execute(DefaultLauncher.java:86)
	at org.junit.platform.launcher.core.DefaultLauncherSession$DelegatingLauncher.execute(DefaultLauncherSession.java:86)
	at org.apache.maven.surefire.junitplatform.LazyLauncher.execute(LazyLauncher.java:50)
	at org.apache.maven.surefire.junitplatform.JUnitPlatformProvider.execute(JUnitPlatformProvider.java:184)
	at org.apache.maven.surefire.junitplatform.JUnitPlatformProvider.invokeAllTests(JUnitPlatformProvider.java:148)
	at org.apache.maven.surefire.junitplatform.JUnitPlatformProvider.invoke(JUnitPlatformProvider.java:122)
	at org.apache.maven.surefire.booter.ForkedBooter.runSuitesInProcess(ForkedBooter.java:385)
	at org.apache.maven.surefire.booter.ForkedBooter.execute(ForkedBooter.java:162)
	at org.apache.maven.surefire.booter.ForkedBooter.run(ForkedBooter.java:507)
	at org.apache.maven.surefire.booter.ForkedBooter.main(ForkedBooter.java:495)
2023-11-24 12:36:47,019 TRACE o.h.i.SessionImpl [SessionImpl.java:402] Closing session [ef748cf0-7343-4c65-8077-cae06b050a25]
2023-11-24 12:36:47,019 TRACE o.h.e.j.i.JdbcCoordinatorImpl [JdbcCoordinatorImpl.java:152] Closing JDBC container [org.hibernate.engine.jdbc.internal.JdbcCoordinatorImpl@2f99c618]
2023-11-24 12:36:47,019 TRACE o.h.r.j.i.ResourceRegistryStandardImpl [ResourceRegistryStandardImpl.java:329] Releasing JDBC resources
2023-11-24 12:36:47,019 TRACE o.h.r.j.i.LogicalConnectionManagedImpl [LogicalConnectionManagedImpl.java:256] Closing logical connection
2023-11-24 12:36:47,019 TRACE o.h.r.j.i.LogicalConnectionManagedImpl [LogicalConnectionManagedImpl.java:263] Logical connection closed
2023-11-24 12:36:47,019 TRACE o.h.i.SessionFactoryImpl$SessionBuilderImpl [SessionFactoryImpl.java:1298] Opening Hibernate Session.  tenant=null
2023-11-24 12:36:47,019 TRACE o.h.i.SessionImpl [SessionImpl.java:262] Opened Session [ce7b633b-50f9-4038-88d9-031820b3d3ac] at timestamp: 1700825807019
2023-11-24 12:36:47,019 TRACE o.h.i.SessionImpl [SessionImpl.java:402] Closing session [ce7b633b-50f9-4038-88d9-031820b3d3ac]
2023-11-24 12:36:47,020 TRACE o.h.e.j.i.JdbcCoordinatorImpl [JdbcCoordinatorImpl.java:152] Closing JDBC container [org.hibernate.engine.jdbc.internal.JdbcCoordinatorImpl@3d6dae39]
2023-11-24 12:36:47,020 TRACE o.h.r.j.i.ResourceRegistryStandardImpl [ResourceRegistryStandardImpl.java:329] Releasing JDBC resources
2023-11-24 12:36:47,020 TRACE o.h.r.j.i.LogicalConnectionManagedImpl [LogicalConnectionManagedImpl.java:256] Closing logical connection
2023-11-24 12:36:47,020 TRACE o.h.r.j.i.LogicalConnectionManagedImpl [LogicalConnectionManagedImpl.java:263] Logical connection closed
2023-11-24 12:36:47,026 TRACE o.h.i.SessionFactoryImpl$SessionBuilderImpl [SessionFactoryImpl.java:1298] Opening Hibernate Session.  tenant=null
2023-11-24 12:36:47,027 TRACE o.h.i.SessionImpl [SessionImpl.java:262] Opened Session [83845828-6155-453b-9e76-82d654178243] at timestamp: 1700825807027
2023-11-24 12:36:47,027 TRACE o.h.i.SessionImpl [SessionImpl.java:402] Closing session [83845828-6155-453b-9e76-82d654178243]
2023-11-24 12:36:47,027 TRACE o.h.e.j.i.JdbcCoordinatorImpl [JdbcCoordinatorImpl.java:152] Closing JDBC container [org.hibernate.engine.jdbc.internal.JdbcCoordinatorImpl@3d762245]
2023-11-24 12:36:47,028 TRACE o.h.r.j.i.ResourceRegistryStandardImpl [ResourceRegistryStandardImpl.java:329] Releasing JDBC resources
2023-11-24 12:36:47,028 TRACE o.h.r.j.i.LogicalConnectionManagedImpl [LogicalConnectionManagedImpl.java:256] Closing logical connection
2023-11-24 12:36:47,028 TRACE o.h.r.j.i.LogicalConnectionManagedImpl [LogicalConnectionManagedImpl.java:263] Logical connection closed
2023-11-24 12:36:47,032 TRACE o.h.i.SessionFactoryImpl$SessionBuilderImpl [SessionFactoryImpl.java:1298] Opening Hibernate Session.  tenant=null
2023-11-24 12:36:47,032 TRACE o.h.i.SessionImpl [SessionImpl.java:262] Opened Session [ddfe6ace-4220-4107-82da-8e4557e35751] at timestamp: 1700825807032
2023-11-24 12:36:47,032 TRACE o.h.i.SessionImpl [SessionImpl.java:402] Closing session [ddfe6ace-4220-4107-82da-8e4557e35751]
2023-11-24 12:36:47,033 TRACE o.h.e.j.i.JdbcCoordinatorImpl [JdbcCoordinatorImpl.java:152] Closing JDBC container [org.hibernate.engine.jdbc.internal.JdbcCoordinatorImpl@7797e2cc]
2023-11-24 12:36:47,033 TRACE o.h.r.j.i.ResourceRegistryStandardImpl [ResourceRegistryStandardImpl.java:329] Releasing JDBC resources
2023-11-24 12:36:47,033 TRACE o.h.r.j.i.LogicalConnectionManagedImpl [LogicalConnectionManagedImpl.java:256] Closing logical connection
2023-11-24 12:36:47,033 TRACE o.h.r.j.i.LogicalConnectionManagedImpl [LogicalConnectionManagedImpl.java:263] Logical connection closed
2023-11-24 12:36:47,071 TRACE o.h.i.SessionFactoryImpl$SessionBuilderImpl [SessionFactoryImpl.java:1298] Opening Hibernate Session.  tenant=null
2023-11-24 12:36:47,071 TRACE o.h.i.SessionImpl [SessionImpl.java:262] Opened Session [ac0417a1-8795-416f-ad84-6dc42319920c] at timestamp: 1700825807071
2023-11-24 12:36:47,071 DEBUG o.h.r.t.b.j.i.JdbcResourceLocalTransactionCoordinatorImpl [JdbcResourceLocalTransactionCoordinatorImpl.java:310] JDBC transaction marked for rollback-only (exception provided for stack trace)
java.lang.Exception: exception just for purpose of providing stack trace
	at org.hibernate.resource.transaction.backend.jdbc.internal.JdbcResourceLocalTransactionCoordinatorImpl$TransactionDriverControlImpl.markRollbackOnly(JdbcResourceLocalTransactionCoordinatorImpl.java:310)
	at org.hibernate.internal.AbstractSharedSessionContract.buildNamedQuery(AbstractSharedSessionContract.java:1021)
	at org.hibernate.internal.AbstractSharedSessionContract.createNamedQuery(AbstractSharedSessionContract.java:899)
	at org.hibernate.internal.AbstractSharedSessionContract.createNamedQuery(AbstractSharedSessionContract.java:120)
	at jdk.internal.reflect.GeneratedMethodAccessor47.invoke(Unknown Source)
	at java.base/jdk.internal.reflect.DelegatingMethodAccessorImpl.invoke(DelegatingMethodAccessorImpl.java:43)
	at java.base/java.lang.reflect.Method.invoke(Method.java:568)
	at org.springframework.orm.jpa.ExtendedEntityManagerCreator$ExtendedEntityManagerInvocationHandler.invoke(ExtendedEntityManagerCreator.java:360)
	at jdk.proxy2/jdk.proxy2.$Proxy191.createNamedQuery(Unknown Source)
	at org.springframework.data.jpa.repository.query.NamedQuery.hasNamedQuery(NamedQuery.java:113)
	at org.springframework.data.jpa.repository.query.NamedQuery.lookupFrom(NamedQuery.java:141)
	at org.springframework.data.jpa.repository.query.JpaQueryLookupStrategy$DeclaredQueryLookupStrategy.resolveQuery(JpaQueryLookupStrategy.java:180)
	at org.springframework.data.jpa.repository.query.JpaQueryLookupStrategy$CreateIfNotFoundQueryLookupStrategy.resolveQuery(JpaQueryLookupStrategy.java:252)
	at org.springframework.data.jpa.repository.query.JpaQueryLookupStrategy$AbstractQueryLookupStrategy.resolveQuery(JpaQueryLookupStrategy.java:95)
	at org.springframework.data.repository.core.support.QueryExecutorMethodInterceptor.lookupQuery(QueryExecutorMethodInterceptor.java:111)
	at org.springframework.data.repository.core.support.QueryExecutorMethodInterceptor.mapMethodsToQuery(QueryExecutorMethodInterceptor.java:99)
	at org.springframework.data.repository.core.support.QueryExecutorMethodInterceptor.lambda$new$0(QueryExecutorMethodInterceptor.java:88)
	at java.base/java.util.Optional.map(Optional.java:260)
	at org.springframework.data.repository.core.support.QueryExecutorMethodInterceptor.<init>(QueryExecutorMethodInterceptor.java:88)
	at org.springframework.data.repository.core.support.RepositoryFactorySupport.getRepository(RepositoryFactorySupport.java:357)
	at org.springframework.data.repository.core.support.RepositoryFactoryBeanSupport.lambda$afterPropertiesSet$5(RepositoryFactoryBeanSupport.java:279)
	at org.springframework.data.util.Lazy.getNullable(Lazy.java:245)
	at org.springframework.data.util.Lazy.get(Lazy.java:114)
	at org.springframework.data.repository.core.support.RepositoryFactoryBeanSupport.afterPropertiesSet(RepositoryFactoryBeanSupport.java:285)
	at org.springframework.data.jpa.repository.support.JpaRepositoryFactoryBean.afterPropertiesSet(JpaRepositoryFactoryBean.java:132)
	at org.springframework.beans.factory.support.AbstractAutowireCapableBeanFactory.invokeInitMethods(AbstractAutowireCapableBeanFactory.java:1817)
	at org.springframework.beans.factory.support.AbstractAutowireCapableBeanFactory.initializeBean(AbstractAutowireCapableBeanFactory.java:1766)
	at org.springframework.beans.factory.support.AbstractAutowireCapableBeanFactory.doCreateBean(AbstractAutowireCapableBeanFactory.java:598)
	at org.springframework.beans.factory.support.AbstractAutowireCapableBeanFactory.createBean(AbstractAutowireCapableBeanFactory.java:520)
	at org.springframework.beans.factory.support.AbstractBeanFactory.lambda$doGetBean$0(AbstractBeanFactory.java:325)
	at org.springframework.beans.factory.support.DefaultSingletonBeanRegistry.getSingleton(DefaultSingletonBeanRegistry.java:234)
	at org.springframework.beans.factory.support.AbstractBeanFactory.doGetBean(AbstractBeanFactory.java:323)
	at org.springframework.beans.factory.support.AbstractBeanFactory.getBean(AbstractBeanFactory.java:199)
	at org.springframework.beans.factory.config.DependencyDescriptor.resolveCandidate(DependencyDescriptor.java:254)
	at org.springframework.beans.factory.support.DefaultListableBeanFactory.doResolveDependency(DefaultListableBeanFactory.java:1417)
	at org.springframework.beans.factory.support.DefaultListableBeanFactory.resolveDependency(DefaultListableBeanFactory.java:1337)
	at org.springframework.beans.factory.annotation.AutowiredAnnotationBeanPostProcessor$AutowiredFieldElement.resolveFieldValue(AutowiredAnnotationBeanPostProcessor.java:764)
	at org.springframework.beans.factory.annotation.AutowiredAnnotationBeanPostProcessor$AutowiredFieldElement.inject(AutowiredAnnotationBeanPostProcessor.java:747)
	at org.springframework.beans.factory.annotation.InjectionMetadata.inject(InjectionMetadata.java:145)
	at org.springframework.beans.factory.annotation.AutowiredAnnotationBeanPostProcessor.postProcessProperties(AutowiredAnnotationBeanPostProcessor.java:492)
	at org.springframework.beans.factory.support.AbstractAutowireCapableBeanFactory.populateBean(AbstractAutowireCapableBeanFactory.java:1416)
	at org.springframework.beans.factory.support.AbstractAutowireCapableBeanFactory.doCreateBean(AbstractAutowireCapableBeanFactory.java:597)
	at org.springframework.beans.factory.support.AbstractAutowireCapableBeanFactory.createBean(AbstractAutowireCapableBeanFactory.java:520)
	at org.springframework.beans.factory.support.AbstractBeanFactory.lambda$doGetBean$0(AbstractBeanFactory.java:325)
	at org.springframework.beans.factory.support.DefaultSingletonBeanRegistry.getSingleton(DefaultSingletonBeanRegistry.java:234)
	at org.springframework.beans.factory.support.AbstractBeanFactory.doGetBean(AbstractBeanFactory.java:323)
	at org.springframework.beans.factory.support.AbstractBeanFactory.getBean(AbstractBeanFactory.java:199)
	at org.springframework.beans.factory.config.DependencyDescriptor.resolveCandidate(DependencyDescriptor.java:254)
	at org.springframework.beans.factory.support.DefaultListableBeanFactory.doResolveDependency(DefaultListableBeanFactory.java:1417)
	at org.springframework.beans.factory.support.DefaultListableBeanFactory.resolveDependency(DefaultListableBeanFactory.java:1337)
	at org.springframework.beans.factory.annotation.AutowiredAnnotationBeanPostProcessor$AutowiredFieldElement.resolveFieldValue(AutowiredAnnotationBeanPostProcessor.java:764)
	at org.springframework.beans.factory.annotation.AutowiredAnnotationBeanPostProcessor$AutowiredFieldElement.inject(AutowiredAnnotationBeanPostProcessor.java:747)
	at org.springframework.beans.factory.annotation.InjectionMetadata.inject(InjectionMetadata.java:145)
	at org.springframework.beans.factory.annotation.AutowiredAnnotationBeanPostProcessor.postProcessProperties(AutowiredAnnotationBeanPostProcessor.java:492)
	at org.springframework.beans.factory.support.AbstractAutowireCapableBeanFactory.populateBean(AbstractAutowireCapableBeanFactory.java:1416)
	at org.springframework.beans.factory.support.AbstractAutowireCapableBeanFactory.doCreateBean(AbstractAutowireCapableBeanFactory.java:597)
	at org.springframework.beans.factory.support.AbstractAutowireCapableBeanFactory.createBean(AbstractAutowireCapableBeanFactory.java:520)
	at org.springframework.beans.factory.support.AbstractBeanFactory.lambda$doGetBean$0(AbstractBeanFactory.java:325)
	at org.springframework.beans.factory.support.DefaultSingletonBeanRegistry.getSingleton(DefaultSingletonBeanRegistry.java:234)
	at org.springframework.beans.factory.support.AbstractBeanFactory.doGetBean(AbstractBeanFactory.java:323)
	at org.springframework.beans.factory.support.AbstractBeanFactory.getBean(AbstractBeanFactory.java:199)
	at org.springframework.beans.factory.support.DefaultListableBeanFactory.preInstantiateSingletons(DefaultListableBeanFactory.java:973)
	at org.springframework.context.support.AbstractApplicationContext.finishBeanFactoryInitialization(AbstractApplicationContext.java:950)
	at org.springframework.context.support.AbstractApplicationContext.refresh(AbstractApplicationContext.java:616)
	at org.springframework.boot.SpringApplication.refresh(SpringApplication.java:738)
	at org.springframework.boot.SpringApplication.refreshContext(SpringApplication.java:440)
	at org.springframework.boot.SpringApplication.run(SpringApplication.java:316)
	at org.springframework.boot.test.context.SpringBootContextLoader.lambda$loadContext$3(SpringBootContextLoader.java:137)
	at org.springframework.util.function.ThrowingSupplier.get(ThrowingSupplier.java:58)
	at org.springframework.util.function.ThrowingSupplier.get(ThrowingSupplier.java:46)
	at org.springframework.boot.SpringApplication.withHook(SpringApplication.java:1406)
	at org.springframework.boot.test.context.SpringBootContextLoader$ContextLoaderHook.run(SpringBootContextLoader.java:545)
	at org.springframework.boot.test.context.SpringBootContextLoader.loadContext(SpringBootContextLoader.java:137)
	at org.springframework.boot.test.context.SpringBootContextLoader.loadContext(SpringBootContextLoader.java:108)
	at org.springframework.test.context.cache.DefaultCacheAwareContextLoaderDelegate.loadContextInternal(DefaultCacheAwareContextLoaderDelegate.java:187)
	at org.springframework.test.context.cache.DefaultCacheAwareContextLoaderDelegate.loadContext(DefaultCacheAwareContextLoaderDelegate.java:119)
	at org.springframework.test.context.support.DefaultTestContext.getApplicationContext(DefaultTestContext.java:127)
	at org.springframework.test.context.web.ServletTestExecutionListener.setUpRequestContextIfNecessary(ServletTestExecutionListener.java:191)
	at org.springframework.test.context.web.ServletTestExecutionListener.prepareTestInstance(ServletTestExecutionListener.java:130)
	at org.springframework.test.context.TestContextManager.prepareTestInstance(TestContextManager.java:241)
	at org.springframework.test.context.junit.jupiter.SpringExtension.postProcessTestInstance(SpringExtension.java:138)
	at org.junit.jupiter.engine.descriptor.ClassBasedTestDescriptor.lambda$invokeTestInstancePostProcessors$10(ClassBasedTestDescriptor.java:377)
	at org.junit.jupiter.engine.descriptor.ClassBasedTestDescriptor.executeAndMaskThrowable(ClassBasedTestDescriptor.java:382)
	at org.junit.jupiter.engine.descriptor.ClassBasedTestDescriptor.lambda$invokeTestInstancePostProcessors$11(ClassBasedTestDescriptor.java:377)
	at java.base/java.util.stream.ReferencePipeline$3$1.accept(ReferencePipeline.java:197)
	at java.base/java.util.stream.ReferencePipeline$2$1.accept(ReferencePipeline.java:179)
	at java.base/java.util.ArrayList$ArrayListSpliterator.forEachRemaining(ArrayList.java:1625)
	at java.base/java.util.stream.AbstractPipeline.copyInto(AbstractPipeline.java:509)
	at java.base/java.util.stream.AbstractPipeline.wrapAndCopyInto(AbstractPipeline.java:499)
	at java.base/java.util.stream.StreamSpliterators$WrappingSpliterator.forEachRemaining(StreamSpliterators.java:310)
	at java.base/java.util.stream.Streams$ConcatSpliterator.forEachRemaining(Streams.java:735)
	at java.base/java.util.stream.Streams$ConcatSpliterator.forEachRemaining(Streams.java:734)
	at java.base/java.util.stream.ReferencePipeline$Head.forEach(ReferencePipeline.java:762)
	at org.junit.jupiter.engine.descriptor.ClassBasedTestDescriptor.invokeTestInstancePostProcessors(ClassBasedTestDescriptor.java:376)
	at org.junit.jupiter.engine.descriptor.ClassBasedTestDescriptor.lambda$instantiateAndPostProcessTestInstance$6(ClassBasedTestDescriptor.java:289)
	at org.junit.platform.engine.support.hierarchical.ThrowableCollector.execute(ThrowableCollector.java:73)
	at org.junit.jupiter.engine.descriptor.ClassBasedTestDescriptor.instantiateAndPostProcessTestInstance(ClassBasedTestDescriptor.java:288)
	at org.junit.jupiter.engine.descriptor.ClassBasedTestDescriptor.lambda$testInstancesProvider$4(ClassBasedTestDescriptor.java:278)
	at java.base/java.util.Optional.orElseGet(Optional.java:364)
	at org.junit.jupiter.engine.descriptor.ClassBasedTestDescriptor.lambda$testInstancesProvider$5(ClassBasedTestDescriptor.java:277)
	at org.junit.jupiter.engine.execution.TestInstancesProvider.getTestInstances(TestInstancesProvider.java:31)
	at org.junit.jupiter.engine.descriptor.TestMethodTestDescriptor.lambda$prepare$0(TestMethodTestDescriptor.java:105)
	at org.junit.platform.engine.support.hierarchical.ThrowableCollector.execute(ThrowableCollector.java:73)
	at org.junit.jupiter.engine.descriptor.TestMethodTestDescriptor.prepare(TestMethodTestDescriptor.java:104)
	at org.junit.jupiter.engine.descriptor.TestMethodTestDescriptor.prepare(TestMethodTestDescriptor.java:68)
	at org.junit.platform.engine.support.hierarchical.NodeTestTask.lambda$prepare$2(NodeTestTask.java:123)
	at org.junit.platform.engine.support.hierarchical.ThrowableCollector.execute(ThrowableCollector.java:73)
	at org.junit.platform.engine.support.hierarchical.NodeTestTask.prepare(NodeTestTask.java:123)
	at org.junit.platform.engine.support.hierarchical.NodeTestTask.execute(NodeTestTask.java:90)
	at java.base/java.util.ArrayList.forEach(ArrayList.java:1511)
	at org.junit.platform.engine.support.hierarchical.SameThreadHierarchicalTestExecutorService.invokeAll(SameThreadHierarchicalTestExecutorService.java:41)
	at org.junit.platform.engine.support.hierarchical.NodeTestTask.lambda$executeRecursively$6(NodeTestTask.java:155)
	at org.junit.platform.engine.support.hierarchical.ThrowableCollector.execute(ThrowableCollector.java:73)
	at org.junit.platform.engine.support.hierarchical.NodeTestTask.lambda$executeRecursively$8(NodeTestTask.java:141)
	at org.junit.platform.engine.support.hierarchical.Node.around(Node.java:137)
	at org.junit.platform.engine.support.hierarchical.NodeTestTask.lambda$executeRecursively$9(NodeTestTask.java:139)
	at org.junit.platform.engine.support.hierarchical.ThrowableCollector.execute(ThrowableCollector.java:73)
	at org.junit.platform.engine.support.hierarchical.NodeTestTask.executeRecursively(NodeTestTask.java:138)
	at org.junit.platform.engine.support.hierarchical.NodeTestTask.execute(NodeTestTask.java:95)
	at java.base/java.util.ArrayList.forEach(ArrayList.java:1511)
	at org.junit.platform.engine.support.hierarchical.SameThreadHierarchicalTestExecutorService.invokeAll(SameThreadHierarchicalTestExecutorService.java:41)
	at org.junit.platform.engine.support.hierarchical.NodeTestTask.lambda$executeRecursively$6(NodeTestTask.java:155)
	at org.junit.platform.engine.support.hierarchical.ThrowableCollector.execute(ThrowableCollector.java:73)
	at org.junit.platform.engine.support.hierarchical.NodeTestTask.lambda$executeRecursively$8(NodeTestTask.java:141)
	at org.junit.platform.engine.support.hierarchical.Node.around(Node.java:137)
	at org.junit.platform.engine.support.hierarchical.NodeTestTask.lambda$executeRecursively$9(NodeTestTask.java:139)
	at org.junit.platform.engine.support.hierarchical.ThrowableCollector.execute(ThrowableCollector.java:73)
	at org.junit.platform.engine.support.hierarchical.NodeTestTask.executeRecursively(NodeTestTask.java:138)
	at org.junit.platform.engine.support.hierarchical.NodeTestTask.execute(NodeTestTask.java:95)
	at org.junit.platform.engine.support.hierarchical.SameThreadHierarchicalTestExecutorService.submit(SameThreadHierarchicalTestExecutorService.java:35)
	at org.junit.platform.engine.support.hierarchical.HierarchicalTestExecutor.execute(HierarchicalTestExecutor.java:57)
	at org.junit.platform.engine.support.hierarchical.HierarchicalTestEngine.execute(HierarchicalTestEngine.java:54)
	at org.junit.platform.launcher.core.EngineExecutionOrchestrator.execute(EngineExecutionOrchestrator.java:147)
	at org.junit.platform.launcher.core.EngineExecutionOrchestrator.execute(EngineExecutionOrchestrator.java:127)
	at org.junit.platform.launcher.core.EngineExecutionOrchestrator.execute(EngineExecutionOrchestrator.java:90)
	at org.junit.platform.launcher.core.EngineExecutionOrchestrator.lambda$execute$0(EngineExecutionOrchestrator.java:55)
	at org.junit.platform.launcher.core.EngineExecutionOrchestrator.withInterceptedStreams(EngineExecutionOrchestrator.java:102)
	at org.junit.platform.launcher.core.EngineExecutionOrchestrator.execute(EngineExecutionOrchestrator.java:54)
	at org.junit.platform.launcher.core.DefaultLauncher.execute(DefaultLauncher.java:114)
	at org.junit.platform.launcher.core.DefaultLauncher.execute(DefaultLauncher.java:86)
	at org.junit.platform.launcher.core.DefaultLauncherSession$DelegatingLauncher.execute(DefaultLauncherSession.java:86)
	at org.apache.maven.surefire.junitplatform.LazyLauncher.execute(LazyLauncher.java:50)
	at org.apache.maven.surefire.junitplatform.JUnitPlatformProvider.execute(JUnitPlatformProvider.java:184)
	at org.apache.maven.surefire.junitplatform.JUnitPlatformProvider.invokeAllTests(JUnitPlatformProvider.java:148)
	at org.apache.maven.surefire.junitplatform.JUnitPlatformProvider.invoke(JUnitPlatformProvider.java:122)
	at org.apache.maven.surefire.booter.ForkedBooter.runSuitesInProcess(ForkedBooter.java:385)
	at org.apache.maven.surefire.booter.ForkedBooter.execute(ForkedBooter.java:162)
	at org.apache.maven.surefire.booter.ForkedBooter.run(ForkedBooter.java:507)
	at org.apache.maven.surefire.booter.ForkedBooter.main(ForkedBooter.java:495)
2023-11-24 12:36:47,072 TRACE o.h.i.SessionImpl [SessionImpl.java:402] Closing session [ac0417a1-8795-416f-ad84-6dc42319920c]
2023-11-24 12:36:47,072 TRACE o.h.e.j.i.JdbcCoordinatorImpl [JdbcCoordinatorImpl.java:152] Closing JDBC container [org.hibernate.engine.jdbc.internal.JdbcCoordinatorImpl@602c6cdd]
2023-11-24 12:36:47,072 TRACE o.h.r.j.i.ResourceRegistryStandardImpl [ResourceRegistryStandardImpl.java:329] Releasing JDBC resources
2023-11-24 12:36:47,072 TRACE o.h.r.j.i.LogicalConnectionManagedImpl [LogicalConnectionManagedImpl.java:256] Closing logical connection
2023-11-24 12:36:47,072 TRACE o.h.r.j.i.LogicalConnectionManagedImpl [LogicalConnectionManagedImpl.java:263] Logical connection closed
2023-11-24 12:36:47,072 TRACE o.h.i.SessionFactoryImpl$SessionBuilderImpl [SessionFactoryImpl.java:1298] Opening Hibernate Session.  tenant=null
2023-11-24 12:36:47,072 TRACE o.h.i.SessionImpl [SessionImpl.java:262] Opened Session [d8eed3ef-ef8f-4c3a-8e29-3654f9b38d99] at timestamp: 1700825807072
2023-11-24 12:36:47,072 TRACE o.h.i.SessionImpl [SessionImpl.java:402] Closing session [d8eed3ef-ef8f-4c3a-8e29-3654f9b38d99]
2023-11-24 12:36:47,073 TRACE o.h.e.j.i.JdbcCoordinatorImpl [JdbcCoordinatorImpl.java:152] Closing JDBC container [org.hibernate.engine.jdbc.internal.JdbcCoordinatorImpl@28e57396]
2023-11-24 12:36:47,073 TRACE o.h.r.j.i.ResourceRegistryStandardImpl [ResourceRegistryStandardImpl.java:329] Releasing JDBC resources
2023-11-24 12:36:47,073 TRACE o.h.r.j.i.LogicalConnectionManagedImpl [LogicalConnectionManagedImpl.java:256] Closing logical connection
2023-11-24 12:36:47,073 TRACE o.h.r.j.i.LogicalConnectionManagedImpl [LogicalConnectionManagedImpl.java:263] Logical connection closed
2023-11-24 12:36:47,074 TRACE o.h.i.SessionFactoryImpl$SessionBuilderImpl [SessionFactoryImpl.java:1298] Opening Hibernate Session.  tenant=null
2023-11-24 12:36:47,075 TRACE o.h.i.SessionImpl [SessionImpl.java:262] Opened Session [b5185fc9-05fe-47b4-bc33-b20ec189bd4d] at timestamp: 1700825807075
2023-11-24 12:36:47,075 DEBUG o.h.r.t.b.j.i.JdbcResourceLocalTransactionCoordinatorImpl [JdbcResourceLocalTransactionCoordinatorImpl.java:310] JDBC transaction marked for rollback-only (exception provided for stack trace)
java.lang.Exception: exception just for purpose of providing stack trace
	at org.hibernate.resource.transaction.backend.jdbc.internal.JdbcResourceLocalTransactionCoordinatorImpl$TransactionDriverControlImpl.markRollbackOnly(JdbcResourceLocalTransactionCoordinatorImpl.java:310)
	at org.hibernate.internal.AbstractSharedSessionContract.buildNamedQuery(AbstractSharedSessionContract.java:1021)
	at org.hibernate.internal.AbstractSharedSessionContract.createNamedQuery(AbstractSharedSessionContract.java:899)
	at org.hibernate.internal.AbstractSharedSessionContract.createNamedQuery(AbstractSharedSessionContract.java:120)
	at jdk.internal.reflect.GeneratedMethodAccessor47.invoke(Unknown Source)
	at java.base/jdk.internal.reflect.DelegatingMethodAccessorImpl.invoke(DelegatingMethodAccessorImpl.java:43)
	at java.base/java.lang.reflect.Method.invoke(Method.java:568)
	at org.springframework.orm.jpa.ExtendedEntityManagerCreator$ExtendedEntityManagerInvocationHandler.invoke(ExtendedEntityManagerCreator.java:360)
	at jdk.proxy2/jdk.proxy2.$Proxy191.createNamedQuery(Unknown Source)
	at org.springframework.data.jpa.repository.query.NamedQuery.hasNamedQuery(NamedQuery.java:113)
	at org.springframework.data.jpa.repository.query.JpaQueryLookupStrategy$DeclaredQueryLookupStrategy.getCountQuery(JpaQueryLookupStrategy.java:204)
	at org.springframework.data.jpa.repository.query.JpaQueryLookupStrategy$DeclaredQueryLookupStrategy.resolveQuery(JpaQueryLookupStrategy.java:171)
	at org.springframework.data.jpa.repository.query.JpaQueryLookupStrategy$CreateIfNotFoundQueryLookupStrategy.resolveQuery(JpaQueryLookupStrategy.java:252)
	at org.springframework.data.jpa.repository.query.JpaQueryLookupStrategy$AbstractQueryLookupStrategy.resolveQuery(JpaQueryLookupStrategy.java:95)
	at org.springframework.data.repository.core.support.QueryExecutorMethodInterceptor.lookupQuery(QueryExecutorMethodInterceptor.java:111)
	at org.springframework.data.repository.core.support.QueryExecutorMethodInterceptor.mapMethodsToQuery(QueryExecutorMethodInterceptor.java:99)
	at org.springframework.data.repository.core.support.QueryExecutorMethodInterceptor.lambda$new$0(QueryExecutorMethodInterceptor.java:88)
	at java.base/java.util.Optional.map(Optional.java:260)
	at org.springframework.data.repository.core.support.QueryExecutorMethodInterceptor.<init>(QueryExecutorMethodInterceptor.java:88)
	at org.springframework.data.repository.core.support.RepositoryFactorySupport.getRepository(RepositoryFactorySupport.java:357)
	at org.springframework.data.repository.core.support.RepositoryFactoryBeanSupport.lambda$afterPropertiesSet$5(RepositoryFactoryBeanSupport.java:279)
	at org.springframework.data.util.Lazy.getNullable(Lazy.java:245)
	at org.springframework.data.util.Lazy.get(Lazy.java:114)
	at org.springframework.data.repository.core.support.RepositoryFactoryBeanSupport.afterPropertiesSet(RepositoryFactoryBeanSupport.java:285)
	at org.springframework.data.jpa.repository.support.JpaRepositoryFactoryBean.afterPropertiesSet(JpaRepositoryFactoryBean.java:132)
	at org.springframework.beans.factory.support.AbstractAutowireCapableBeanFactory.invokeInitMethods(AbstractAutowireCapableBeanFactory.java:1817)
	at org.springframework.beans.factory.support.AbstractAutowireCapableBeanFactory.initializeBean(AbstractAutowireCapableBeanFactory.java:1766)
	at org.springframework.beans.factory.support.AbstractAutowireCapableBeanFactory.doCreateBean(AbstractAutowireCapableBeanFactory.java:598)
	at org.springframework.beans.factory.support.AbstractAutowireCapableBeanFactory.createBean(AbstractAutowireCapableBeanFactory.java:520)
	at org.springframework.beans.factory.support.AbstractBeanFactory.lambda$doGetBean$0(AbstractBeanFactory.java:325)
	at org.springframework.beans.factory.support.DefaultSingletonBeanRegistry.getSingleton(DefaultSingletonBeanRegistry.java:234)
	at org.springframework.beans.factory.support.AbstractBeanFactory.doGetBean(AbstractBeanFactory.java:323)
	at org.springframework.beans.factory.support.AbstractBeanFactory.getBean(AbstractBeanFactory.java:199)
	at org.springframework.beans.factory.config.DependencyDescriptor.resolveCandidate(DependencyDescriptor.java:254)
	at org.springframework.beans.factory.support.DefaultListableBeanFactory.doResolveDependency(DefaultListableBeanFactory.java:1417)
	at org.springframework.beans.factory.support.DefaultListableBeanFactory.resolveDependency(DefaultListableBeanFactory.java:1337)
	at org.springframework.beans.factory.annotation.AutowiredAnnotationBeanPostProcessor$AutowiredFieldElement.resolveFieldValue(AutowiredAnnotationBeanPostProcessor.java:764)
	at org.springframework.beans.factory.annotation.AutowiredAnnotationBeanPostProcessor$AutowiredFieldElement.inject(AutowiredAnnotationBeanPostProcessor.java:747)
	at org.springframework.beans.factory.annotation.InjectionMetadata.inject(InjectionMetadata.java:145)
	at org.springframework.beans.factory.annotation.AutowiredAnnotationBeanPostProcessor.postProcessProperties(AutowiredAnnotationBeanPostProcessor.java:492)
	at org.springframework.beans.factory.support.AbstractAutowireCapableBeanFactory.populateBean(AbstractAutowireCapableBeanFactory.java:1416)
	at org.springframework.beans.factory.support.AbstractAutowireCapableBeanFactory.doCreateBean(AbstractAutowireCapableBeanFactory.java:597)
	at org.springframework.beans.factory.support.AbstractAutowireCapableBeanFactory.createBean(AbstractAutowireCapableBeanFactory.java:520)
	at org.springframework.beans.factory.support.AbstractBeanFactory.lambda$doGetBean$0(AbstractBeanFactory.java:325)
	at org.springframework.beans.factory.support.DefaultSingletonBeanRegistry.getSingleton(DefaultSingletonBeanRegistry.java:234)
	at org.springframework.beans.factory.support.AbstractBeanFactory.doGetBean(AbstractBeanFactory.java:323)
	at org.springframework.beans.factory.support.AbstractBeanFactory.getBean(AbstractBeanFactory.java:199)
	at org.springframework.beans.factory.config.DependencyDescriptor.resolveCandidate(DependencyDescriptor.java:254)
	at org.springframework.beans.factory.support.DefaultListableBeanFactory.doResolveDependency(DefaultListableBeanFactory.java:1417)
	at org.springframework.beans.factory.support.DefaultListableBeanFactory.resolveDependency(DefaultListableBeanFactory.java:1337)
	at org.springframework.beans.factory.annotation.AutowiredAnnotationBeanPostProcessor$AutowiredFieldElement.resolveFieldValue(AutowiredAnnotationBeanPostProcessor.java:764)
	at org.springframework.beans.factory.annotation.AutowiredAnnotationBeanPostProcessor$AutowiredFieldElement.inject(AutowiredAnnotationBeanPostProcessor.java:747)
	at org.springframework.beans.factory.annotation.InjectionMetadata.inject(InjectionMetadata.java:145)
	at org.springframework.beans.factory.annotation.AutowiredAnnotationBeanPostProcessor.postProcessProperties(AutowiredAnnotationBeanPostProcessor.java:492)
	at org.springframework.beans.factory.support.AbstractAutowireCapableBeanFactory.populateBean(AbstractAutowireCapableBeanFactory.java:1416)
	at org.springframework.beans.factory.support.AbstractAutowireCapableBeanFactory.doCreateBean(AbstractAutowireCapableBeanFactory.java:597)
	at org.springframework.beans.factory.support.AbstractAutowireCapableBeanFactory.createBean(AbstractAutowireCapableBeanFactory.java:520)
	at org.springframework.beans.factory.support.AbstractBeanFactory.lambda$doGetBean$0(AbstractBeanFactory.java:325)
	at org.springframework.beans.factory.support.DefaultSingletonBeanRegistry.getSingleton(DefaultSingletonBeanRegistry.java:234)
	at org.springframework.beans.factory.support.AbstractBeanFactory.doGetBean(AbstractBeanFactory.java:323)
	at org.springframework.beans.factory.support.AbstractBeanFactory.getBean(AbstractBeanFactory.java:199)
	at org.springframework.beans.factory.support.DefaultListableBeanFactory.preInstantiateSingletons(DefaultListableBeanFactory.java:973)
	at org.springframework.context.support.AbstractApplicationContext.finishBeanFactoryInitialization(AbstractApplicationContext.java:950)
	at org.springframework.context.support.AbstractApplicationContext.refresh(AbstractApplicationContext.java:616)
	at org.springframework.boot.SpringApplication.refresh(SpringApplication.java:738)
	at org.springframework.boot.SpringApplication.refreshContext(SpringApplication.java:440)
	at org.springframework.boot.SpringApplication.run(SpringApplication.java:316)
	at org.springframework.boot.test.context.SpringBootContextLoader.lambda$loadContext$3(SpringBootContextLoader.java:137)
	at org.springframework.util.function.ThrowingSupplier.get(ThrowingSupplier.java:58)
	at org.springframework.util.function.ThrowingSupplier.get(ThrowingSupplier.java:46)
	at org.springframework.boot.SpringApplication.withHook(SpringApplication.java:1406)
	at org.springframework.boot.test.context.SpringBootContextLoader$ContextLoaderHook.run(SpringBootContextLoader.java:545)
	at org.springframework.boot.test.context.SpringBootContextLoader.loadContext(SpringBootContextLoader.java:137)
	at org.springframework.boot.test.context.SpringBootContextLoader.loadContext(SpringBootContextLoader.java:108)
	at org.springframework.test.context.cache.DefaultCacheAwareContextLoaderDelegate.loadContextInternal(DefaultCacheAwareContextLoaderDelegate.java:187)
	at org.springframework.test.context.cache.DefaultCacheAwareContextLoaderDelegate.loadContext(DefaultCacheAwareContextLoaderDelegate.java:119)
	at org.springframework.test.context.support.DefaultTestContext.getApplicationContext(DefaultTestContext.java:127)
	at org.springframework.test.context.web.ServletTestExecutionListener.setUpRequestContextIfNecessary(ServletTestExecutionListener.java:191)
	at org.springframework.test.context.web.ServletTestExecutionListener.prepareTestInstance(ServletTestExecutionListener.java:130)
	at org.springframework.test.context.TestContextManager.prepareTestInstance(TestContextManager.java:241)
	at org.springframework.test.context.junit.jupiter.SpringExtension.postProcessTestInstance(SpringExtension.java:138)
	at org.junit.jupiter.engine.descriptor.ClassBasedTestDescriptor.lambda$invokeTestInstancePostProcessors$10(ClassBasedTestDescriptor.java:377)
	at org.junit.jupiter.engine.descriptor.ClassBasedTestDescriptor.executeAndMaskThrowable(ClassBasedTestDescriptor.java:382)
	at org.junit.jupiter.engine.descriptor.ClassBasedTestDescriptor.lambda$invokeTestInstancePostProcessors$11(ClassBasedTestDescriptor.java:377)
	at java.base/java.util.stream.ReferencePipeline$3$1.accept(ReferencePipeline.java:197)
	at java.base/java.util.stream.ReferencePipeline$2$1.accept(ReferencePipeline.java:179)
	at java.base/java.util.ArrayList$ArrayListSpliterator.forEachRemaining(ArrayList.java:1625)
	at java.base/java.util.stream.AbstractPipeline.copyInto(AbstractPipeline.java:509)
	at java.base/java.util.stream.AbstractPipeline.wrapAndCopyInto(AbstractPipeline.java:499)
	at java.base/java.util.stream.StreamSpliterators$WrappingSpliterator.forEachRemaining(StreamSpliterators.java:310)
	at java.base/java.util.stream.Streams$ConcatSpliterator.forEachRemaining(Streams.java:735)
	at java.base/java.util.stream.Streams$ConcatSpliterator.forEachRemaining(Streams.java:734)
	at java.base/java.util.stream.ReferencePipeline$Head.forEach(ReferencePipeline.java:762)
	at org.junit.jupiter.engine.descriptor.ClassBasedTestDescriptor.invokeTestInstancePostProcessors(ClassBasedTestDescriptor.java:376)
	at org.junit.jupiter.engine.descriptor.ClassBasedTestDescriptor.lambda$instantiateAndPostProcessTestInstance$6(ClassBasedTestDescriptor.java:289)
	at org.junit.platform.engine.support.hierarchical.ThrowableCollector.execute(ThrowableCollector.java:73)
	at org.junit.jupiter.engine.descriptor.ClassBasedTestDescriptor.instantiateAndPostProcessTestInstance(ClassBasedTestDescriptor.java:288)
	at org.junit.jupiter.engine.descriptor.ClassBasedTestDescriptor.lambda$testInstancesProvider$4(ClassBasedTestDescriptor.java:278)
	at java.base/java.util.Optional.orElseGet(Optional.java:364)
	at org.junit.jupiter.engine.descriptor.ClassBasedTestDescriptor.lambda$testInstancesProvider$5(ClassBasedTestDescriptor.java:277)
	at org.junit.jupiter.engine.execution.TestInstancesProvider.getTestInstances(TestInstancesProvider.java:31)
	at org.junit.jupiter.engine.descriptor.TestMethodTestDescriptor.lambda$prepare$0(TestMethodTestDescriptor.java:105)
	at org.junit.platform.engine.support.hierarchical.ThrowableCollector.execute(ThrowableCollector.java:73)
	at org.junit.jupiter.engine.descriptor.TestMethodTestDescriptor.prepare(TestMethodTestDescriptor.java:104)
	at org.junit.jupiter.engine.descriptor.TestMethodTestDescriptor.prepare(TestMethodTestDescriptor.java:68)
	at org.junit.platform.engine.support.hierarchical.NodeTestTask.lambda$prepare$2(NodeTestTask.java:123)
	at org.junit.platform.engine.support.hierarchical.ThrowableCollector.execute(ThrowableCollector.java:73)
	at org.junit.platform.engine.support.hierarchical.NodeTestTask.prepare(NodeTestTask.java:123)
	at org.junit.platform.engine.support.hierarchical.NodeTestTask.execute(NodeTestTask.java:90)
	at java.base/java.util.ArrayList.forEach(ArrayList.java:1511)
	at org.junit.platform.engine.support.hierarchical.SameThreadHierarchicalTestExecutorService.invokeAll(SameThreadHierarchicalTestExecutorService.java:41)
	at org.junit.platform.engine.support.hierarchical.NodeTestTask.lambda$executeRecursively$6(NodeTestTask.java:155)
	at org.junit.platform.engine.support.hierarchical.ThrowableCollector.execute(ThrowableCollector.java:73)
	at org.junit.platform.engine.support.hierarchical.NodeTestTask.lambda$executeRecursively$8(NodeTestTask.java:141)
	at org.junit.platform.engine.support.hierarchical.Node.around(Node.java:137)
	at org.junit.platform.engine.support.hierarchical.NodeTestTask.lambda$executeRecursively$9(NodeTestTask.java:139)
	at org.junit.platform.engine.support.hierarchical.ThrowableCollector.execute(ThrowableCollector.java:73)
	at org.junit.platform.engine.support.hierarchical.NodeTestTask.executeRecursively(NodeTestTask.java:138)
	at org.junit.platform.engine.support.hierarchical.NodeTestTask.execute(NodeTestTask.java:95)
	at java.base/java.util.ArrayList.forEach(ArrayList.java:1511)
	at org.junit.platform.engine.support.hierarchical.SameThreadHierarchicalTestExecutorService.invokeAll(SameThreadHierarchicalTestExecutorService.java:41)
	at org.junit.platform.engine.support.hierarchical.NodeTestTask.lambda$executeRecursively$6(NodeTestTask.java:155)
	at org.junit.platform.engine.support.hierarchical.ThrowableCollector.execute(ThrowableCollector.java:73)
	at org.junit.platform.engine.support.hierarchical.NodeTestTask.lambda$executeRecursively$8(NodeTestTask.java:141)
	at org.junit.platform.engine.support.hierarchical.Node.around(Node.java:137)
	at org.junit.platform.engine.support.hierarchical.NodeTestTask.lambda$executeRecursively$9(NodeTestTask.java:139)
	at org.junit.platform.engine.support.hierarchical.ThrowableCollector.execute(ThrowableCollector.java:73)
	at org.junit.platform.engine.support.hierarchical.NodeTestTask.executeRecursively(NodeTestTask.java:138)
	at org.junit.platform.engine.support.hierarchical.NodeTestTask.execute(NodeTestTask.java:95)
	at org.junit.platform.engine.support.hierarchical.SameThreadHierarchicalTestExecutorService.submit(SameThreadHierarchicalTestExecutorService.java:35)
	at org.junit.platform.engine.support.hierarchical.HierarchicalTestExecutor.execute(HierarchicalTestExecutor.java:57)
	at org.junit.platform.engine.support.hierarchical.HierarchicalTestEngine.execute(HierarchicalTestEngine.java:54)
	at org.junit.platform.launcher.core.EngineExecutionOrchestrator.execute(EngineExecutionOrchestrator.java:147)
	at org.junit.platform.launcher.core.EngineExecutionOrchestrator.execute(EngineExecutionOrchestrator.java:127)
	at org.junit.platform.launcher.core.EngineExecutionOrchestrator.execute(EngineExecutionOrchestrator.java:90)
	at org.junit.platform.launcher.core.EngineExecutionOrchestrator.lambda$execute$0(EngineExecutionOrchestrator.java:55)
	at org.junit.platform.launcher.core.EngineExecutionOrchestrator.withInterceptedStreams(EngineExecutionOrchestrator.java:102)
	at org.junit.platform.launcher.core.EngineExecutionOrchestrator.execute(EngineExecutionOrchestrator.java:54)
	at org.junit.platform.launcher.core.DefaultLauncher.execute(DefaultLauncher.java:114)
	at org.junit.platform.launcher.core.DefaultLauncher.execute(DefaultLauncher.java:86)
	at org.junit.platform.launcher.core.DefaultLauncherSession$DelegatingLauncher.execute(DefaultLauncherSession.java:86)
	at org.apache.maven.surefire.junitplatform.LazyLauncher.execute(LazyLauncher.java:50)
	at org.apache.maven.surefire.junitplatform.JUnitPlatformProvider.execute(JUnitPlatformProvider.java:184)
	at org.apache.maven.surefire.junitplatform.JUnitPlatformProvider.invokeAllTests(JUnitPlatformProvider.java:148)
	at org.apache.maven.surefire.junitplatform.JUnitPlatformProvider.invoke(JUnitPlatformProvider.java:122)
	at org.apache.maven.surefire.booter.ForkedBooter.runSuitesInProcess(ForkedBooter.java:385)
	at org.apache.maven.surefire.booter.ForkedBooter.execute(ForkedBooter.java:162)
	at org.apache.maven.surefire.booter.ForkedBooter.run(ForkedBooter.java:507)
	at org.apache.maven.surefire.booter.ForkedBooter.main(ForkedBooter.java:495)
2023-11-24 12:36:47,076 TRACE o.h.i.SessionImpl [SessionImpl.java:402] Closing session [b5185fc9-05fe-47b4-bc33-b20ec189bd4d]
2023-11-24 12:36:47,076 TRACE o.h.e.j.i.JdbcCoordinatorImpl [JdbcCoordinatorImpl.java:152] Closing JDBC container [org.hibernate.engine.jdbc.internal.JdbcCoordinatorImpl@5cba9039]
2023-11-24 12:36:47,076 TRACE o.h.r.j.i.ResourceRegistryStandardImpl [ResourceRegistryStandardImpl.java:329] Releasing JDBC resources
2023-11-24 12:36:47,076 TRACE o.h.r.j.i.LogicalConnectionManagedImpl [LogicalConnectionManagedImpl.java:256] Closing logical connection
2023-11-24 12:36:47,076 TRACE o.h.r.j.i.LogicalConnectionManagedImpl [LogicalConnectionManagedImpl.java:263] Logical connection closed
2023-11-24 12:36:47,077 TRACE o.h.i.SessionFactoryImpl$SessionBuilderImpl [SessionFactoryImpl.java:1298] Opening Hibernate Session.  tenant=null
2023-11-24 12:36:47,077 TRACE o.h.i.SessionImpl [SessionImpl.java:262] Opened Session [1a912110-1f85-4f80-9896-4d32068f698f] at timestamp: 1700825807077
2023-11-24 12:36:47,077 TRACE o.h.i.SessionImpl [SessionImpl.java:402] Closing session [1a912110-1f85-4f80-9896-4d32068f698f]
2023-11-24 12:36:47,077 TRACE o.h.e.j.i.JdbcCoordinatorImpl [JdbcCoordinatorImpl.java:152] Closing JDBC container [org.hibernate.engine.jdbc.internal.JdbcCoordinatorImpl@5f7355f7]
2023-11-24 12:36:47,078 TRACE o.h.r.j.i.ResourceRegistryStandardImpl [ResourceRegistryStandardImpl.java:329] Releasing JDBC resources
2023-11-24 12:36:47,078 TRACE o.h.r.j.i.LogicalConnectionManagedImpl [LogicalConnectionManagedImpl.java:256] Closing logical connection
2023-11-24 12:36:47,078 TRACE o.h.r.j.i.LogicalConnectionManagedImpl [LogicalConnectionManagedImpl.java:263] Logical connection closed
2023-11-24 12:36:47,079 TRACE o.h.i.SessionFactoryImpl$SessionBuilderImpl [SessionFactoryImpl.java:1298] Opening Hibernate Session.  tenant=null
2023-11-24 12:36:47,079 TRACE o.h.i.SessionImpl [SessionImpl.java:262] Opened Session [f418167e-f3c5-4702-8071-88560e4e03cd] at timestamp: 1700825807079
2023-11-24 12:36:47,079 TRACE o.h.o.q.p.cache [QueryInterpretationCacheStandardImpl.java:121] QueryPlan#resolveHqlInterpretation( `UPDATE SurveyReply SET pdffilename = :pdfname WHERE id = :id` )
2023-11-24 12:36:47,080 DEBUG o.h.o.q.hql [StandardHqlTranslator.java:75] HQL : UPDATE SurveyReply SET pdffilename = :pdfname WHERE id = :id
2023-11-24 12:36:47,080 DEBUG o.h.o.q.h.reservedWordAsIdentifier [HqlParseTreeBuilder.java:43] Encountered use of reserved word as identifier : =
2023-11-24 12:36:47,080 DEBUG o.h.o.q.h.reservedWordAsIdentifier [HqlParseTreeBuilder.java:43] Encountered use of reserved word as identifier : <EOF>
2023-11-24 12:36:47,081 TRACE o.h.o.q.s.creation [SqmPathRegistryImpl.java:59] SqmProcessingIndex#register(SqmPath) : franco.maurizio.hr.desk.com.persistence.entity.SurveyReply(961691044696147)
2023-11-24 12:36:47,081 TRACE o.h.o.q.hql [BasicDotIdentifierConsumer.java:83] BasicDotIdentifierHandler#consumeIdentifier( pdffilename, true, true ) - pdffilename
2023-11-24 12:36:47,081 TRACE o.h.o.q.hql [BasicDotIdentifierConsumer.java:118] BaseLocalSequencePart#consumeIdentifier( pdffilename, true, true ) - pdffilename
2023-11-24 12:36:47,081 DEBUG o.h.o.q.hql [SqmPathRegistryImpl.java:209] Unable to resolve unqualified attribute [pdffilename] in local from-clause
2023-11-24 12:36:47,081 DEBUG o.h.o.q.s.creation [AbstractSqmExpression.java:57] Applying inferable type to SqmExpression [SqmNamedParameter(pdfname)] : null -> BasicSqmPathSource(pdffilename : String)
2023-11-24 12:36:47,082 TRACE o.h.o.q.hql [BasicDotIdentifierConsumer.java:83] BasicDotIdentifierHandler#consumeIdentifier( id, true, true ) - id
2023-11-24 12:36:47,082 TRACE o.h.o.q.hql [BasicDotIdentifierConsumer.java:118] BaseLocalSequencePart#consumeIdentifier( id, true, true ) - id
2023-11-24 12:36:47,082 DEBUG o.h.o.q.hql [SqmPathRegistryImpl.java:209] Unable to resolve unqualified attribute [id] in local from-clause
2023-11-24 12:36:47,082 DEBUG o.h.o.q.s.creation [AbstractSqmExpression.java:57] Applying inferable type to SqmExpression [SqmNamedParameter(id)] : null -> BasicSqmPathSource(id : Long)
2023-11-24 12:36:47,083 DEBUG o.h.o.q.s.ast [SqmTreePrinter.java:168] SqmStatement Tree :
    -> [update]
      [target = franco.maurizio.hr.desk.com.persistence.entity.SurveyReply(961691044696147)]
      -> [set]
        -> [assignment]
          =
            [franco.maurizio.hr.desk.com.persistence.entity.SurveyReply(961691044696147).pdffilename]
            :pdfname
        <- [assignment]
      <- [set]
      -> [where]
        -> [EQUAL]
            -> [basic-path] - `franco.maurizio.hr.desk.com.persistence.entity.SurveyReply(961691044696147).id`
            :id
        <- [EQUAL]
      <- [where]
    <- [update]

2023-11-24 12:36:47,083 TRACE o.h.i.SessionImpl [SessionImpl.java:402] Closing session [f418167e-f3c5-4702-8071-88560e4e03cd]
2023-11-24 12:36:47,083 TRACE o.h.e.j.i.JdbcCoordinatorImpl [JdbcCoordinatorImpl.java:152] Closing JDBC container [org.hibernate.engine.jdbc.internal.JdbcCoordinatorImpl@21ff5613]
2023-11-24 12:36:47,083 TRACE o.h.r.j.i.ResourceRegistryStandardImpl [ResourceRegistryStandardImpl.java:329] Releasing JDBC resources
2023-11-24 12:36:47,083 TRACE o.h.r.j.i.LogicalConnectionManagedImpl [LogicalConnectionManagedImpl.java:256] Closing logical connection
2023-11-24 12:36:47,083 TRACE o.h.r.j.i.LogicalConnectionManagedImpl [LogicalConnectionManagedImpl.java:263] Logical connection closed
2023-11-24 12:36:47,084 TRACE o.h.i.SessionFactoryImpl$SessionBuilderImpl [SessionFactoryImpl.java:1298] Opening Hibernate Session.  tenant=null
2023-11-24 12:36:47,084 TRACE o.h.i.SessionImpl [SessionImpl.java:262] Opened Session [a6244d0d-752f-4538-9673-43b36d226f82] at timestamp: 1700825807084
2023-11-24 12:36:47,084 DEBUG o.h.r.t.b.j.i.JdbcResourceLocalTransactionCoordinatorImpl [JdbcResourceLocalTransactionCoordinatorImpl.java:310] JDBC transaction marked for rollback-only (exception provided for stack trace)
java.lang.Exception: exception just for purpose of providing stack trace
	at org.hibernate.resource.transaction.backend.jdbc.internal.JdbcResourceLocalTransactionCoordinatorImpl$TransactionDriverControlImpl.markRollbackOnly(JdbcResourceLocalTransactionCoordinatorImpl.java:310)
	at org.hibernate.internal.AbstractSharedSessionContract.buildNamedQuery(AbstractSharedSessionContract.java:1021)
	at org.hibernate.internal.AbstractSharedSessionContract.createNamedQuery(AbstractSharedSessionContract.java:899)
	at org.hibernate.internal.AbstractSharedSessionContract.createNamedQuery(AbstractSharedSessionContract.java:120)
	at jdk.internal.reflect.GeneratedMethodAccessor47.invoke(Unknown Source)
	at java.base/jdk.internal.reflect.DelegatingMethodAccessorImpl.invoke(DelegatingMethodAccessorImpl.java:43)
	at java.base/java.lang.reflect.Method.invoke(Method.java:568)
	at org.springframework.orm.jpa.ExtendedEntityManagerCreator$ExtendedEntityManagerInvocationHandler.invoke(ExtendedEntityManagerCreator.java:360)
	at jdk.proxy2/jdk.proxy2.$Proxy191.createNamedQuery(Unknown Source)
	at org.springframework.data.jpa.repository.query.NamedQuery.hasNamedQuery(NamedQuery.java:113)
	at org.springframework.data.jpa.repository.query.NamedQuery.lookupFrom(NamedQuery.java:141)
	at org.springframework.data.jpa.repository.query.JpaQueryLookupStrategy$DeclaredQueryLookupStrategy.resolveQuery(JpaQueryLookupStrategy.java:180)
	at org.springframework.data.jpa.repository.query.JpaQueryLookupStrategy$CreateIfNotFoundQueryLookupStrategy.resolveQuery(JpaQueryLookupStrategy.java:252)
	at org.springframework.data.jpa.repository.query.JpaQueryLookupStrategy$AbstractQueryLookupStrategy.resolveQuery(JpaQueryLookupStrategy.java:95)
	at org.springframework.data.repository.core.support.QueryExecutorMethodInterceptor.lookupQuery(QueryExecutorMethodInterceptor.java:111)
	at org.springframework.data.repository.core.support.QueryExecutorMethodInterceptor.mapMethodsToQuery(QueryExecutorMethodInterceptor.java:99)
	at org.springframework.data.repository.core.support.QueryExecutorMethodInterceptor.lambda$new$0(QueryExecutorMethodInterceptor.java:88)
	at java.base/java.util.Optional.map(Optional.java:260)
	at org.springframework.data.repository.core.support.QueryExecutorMethodInterceptor.<init>(QueryExecutorMethodInterceptor.java:88)
	at org.springframework.data.repository.core.support.RepositoryFactorySupport.getRepository(RepositoryFactorySupport.java:357)
	at org.springframework.data.repository.core.support.RepositoryFactoryBeanSupport.lambda$afterPropertiesSet$5(RepositoryFactoryBeanSupport.java:279)
	at org.springframework.data.util.Lazy.getNullable(Lazy.java:245)
	at org.springframework.data.util.Lazy.get(Lazy.java:114)
	at org.springframework.data.repository.core.support.RepositoryFactoryBeanSupport.afterPropertiesSet(RepositoryFactoryBeanSupport.java:285)
	at org.springframework.data.jpa.repository.support.JpaRepositoryFactoryBean.afterPropertiesSet(JpaRepositoryFactoryBean.java:132)
	at org.springframework.beans.factory.support.AbstractAutowireCapableBeanFactory.invokeInitMethods(AbstractAutowireCapableBeanFactory.java:1817)
	at org.springframework.beans.factory.support.AbstractAutowireCapableBeanFactory.initializeBean(AbstractAutowireCapableBeanFactory.java:1766)
	at org.springframework.beans.factory.support.AbstractAutowireCapableBeanFactory.doCreateBean(AbstractAutowireCapableBeanFactory.java:598)
	at org.springframework.beans.factory.support.AbstractAutowireCapableBeanFactory.createBean(AbstractAutowireCapableBeanFactory.java:520)
	at org.springframework.beans.factory.support.AbstractBeanFactory.lambda$doGetBean$0(AbstractBeanFactory.java:325)
	at org.springframework.beans.factory.support.DefaultSingletonBeanRegistry.getSingleton(DefaultSingletonBeanRegistry.java:234)
	at org.springframework.beans.factory.support.AbstractBeanFactory.doGetBean(AbstractBeanFactory.java:323)
	at org.springframework.beans.factory.support.AbstractBeanFactory.getBean(AbstractBeanFactory.java:199)
	at org.springframework.beans.factory.config.DependencyDescriptor.resolveCandidate(DependencyDescriptor.java:254)
	at org.springframework.beans.factory.support.DefaultListableBeanFactory.doResolveDependency(DefaultListableBeanFactory.java:1417)
	at org.springframework.beans.factory.support.DefaultListableBeanFactory.resolveDependency(DefaultListableBeanFactory.java:1337)
	at org.springframework.beans.factory.annotation.AutowiredAnnotationBeanPostProcessor$AutowiredFieldElement.resolveFieldValue(AutowiredAnnotationBeanPostProcessor.java:764)
	at org.springframework.beans.factory.annotation.AutowiredAnnotationBeanPostProcessor$AutowiredFieldElement.inject(AutowiredAnnotationBeanPostProcessor.java:747)
	at org.springframework.beans.factory.annotation.InjectionMetadata.inject(InjectionMetadata.java:145)
	at org.springframework.beans.factory.annotation.AutowiredAnnotationBeanPostProcessor.postProcessProperties(AutowiredAnnotationBeanPostProcessor.java:492)
	at org.springframework.beans.factory.support.AbstractAutowireCapableBeanFactory.populateBean(AbstractAutowireCapableBeanFactory.java:1416)
	at org.springframework.beans.factory.support.AbstractAutowireCapableBeanFactory.doCreateBean(AbstractAutowireCapableBeanFactory.java:597)
	at org.springframework.beans.factory.support.AbstractAutowireCapableBeanFactory.createBean(AbstractAutowireCapableBeanFactory.java:520)
	at org.springframework.beans.factory.support.AbstractBeanFactory.lambda$doGetBean$0(AbstractBeanFactory.java:325)
	at org.springframework.beans.factory.support.DefaultSingletonBeanRegistry.getSingleton(DefaultSingletonBeanRegistry.java:234)
	at org.springframework.beans.factory.support.AbstractBeanFactory.doGetBean(AbstractBeanFactory.java:323)
	at org.springframework.beans.factory.support.AbstractBeanFactory.getBean(AbstractBeanFactory.java:199)
	at org.springframework.beans.factory.config.DependencyDescriptor.resolveCandidate(DependencyDescriptor.java:254)
	at org.springframework.beans.factory.support.DefaultListableBeanFactory.doResolveDependency(DefaultListableBeanFactory.java:1417)
	at org.springframework.beans.factory.support.DefaultListableBeanFactory.resolveDependency(DefaultListableBeanFactory.java:1337)
	at org.springframework.beans.factory.annotation.AutowiredAnnotationBeanPostProcessor$AutowiredFieldElement.resolveFieldValue(AutowiredAnnotationBeanPostProcessor.java:764)
	at org.springframework.beans.factory.annotation.AutowiredAnnotationBeanPostProcessor$AutowiredFieldElement.inject(AutowiredAnnotationBeanPostProcessor.java:747)
	at org.springframework.beans.factory.annotation.InjectionMetadata.inject(InjectionMetadata.java:145)
	at org.springframework.beans.factory.annotation.AutowiredAnnotationBeanPostProcessor.postProcessProperties(AutowiredAnnotationBeanPostProcessor.java:492)
	at org.springframework.beans.factory.support.AbstractAutowireCapableBeanFactory.populateBean(AbstractAutowireCapableBeanFactory.java:1416)
	at org.springframework.beans.factory.support.AbstractAutowireCapableBeanFactory.doCreateBean(AbstractAutowireCapableBeanFactory.java:597)
	at org.springframework.beans.factory.support.AbstractAutowireCapableBeanFactory.createBean(AbstractAutowireCapableBeanFactory.java:520)
	at org.springframework.beans.factory.support.AbstractBeanFactory.lambda$doGetBean$0(AbstractBeanFactory.java:325)
	at org.springframework.beans.factory.support.DefaultSingletonBeanRegistry.getSingleton(DefaultSingletonBeanRegistry.java:234)
	at org.springframework.beans.factory.support.AbstractBeanFactory.doGetBean(AbstractBeanFactory.java:323)
	at org.springframework.beans.factory.support.AbstractBeanFactory.getBean(AbstractBeanFactory.java:199)
	at org.springframework.beans.factory.support.DefaultListableBeanFactory.preInstantiateSingletons(DefaultListableBeanFactory.java:973)
	at org.springframework.context.support.AbstractApplicationContext.finishBeanFactoryInitialization(AbstractApplicationContext.java:950)
	at org.springframework.context.support.AbstractApplicationContext.refresh(AbstractApplicationContext.java:616)
	at org.springframework.boot.SpringApplication.refresh(SpringApplication.java:738)
	at org.springframework.boot.SpringApplication.refreshContext(SpringApplication.java:440)
	at org.springframework.boot.SpringApplication.run(SpringApplication.java:316)
	at org.springframework.boot.test.context.SpringBootContextLoader.lambda$loadContext$3(SpringBootContextLoader.java:137)
	at org.springframework.util.function.ThrowingSupplier.get(ThrowingSupplier.java:58)
	at org.springframework.util.function.ThrowingSupplier.get(ThrowingSupplier.java:46)
	at org.springframework.boot.SpringApplication.withHook(SpringApplication.java:1406)
	at org.springframework.boot.test.context.SpringBootContextLoader$ContextLoaderHook.run(SpringBootContextLoader.java:545)
	at org.springframework.boot.test.context.SpringBootContextLoader.loadContext(SpringBootContextLoader.java:137)
	at org.springframework.boot.test.context.SpringBootContextLoader.loadContext(SpringBootContextLoader.java:108)
	at org.springframework.test.context.cache.DefaultCacheAwareContextLoaderDelegate.loadContextInternal(DefaultCacheAwareContextLoaderDelegate.java:187)
	at org.springframework.test.context.cache.DefaultCacheAwareContextLoaderDelegate.loadContext(DefaultCacheAwareContextLoaderDelegate.java:119)
	at org.springframework.test.context.support.DefaultTestContext.getApplicationContext(DefaultTestContext.java:127)
	at org.springframework.test.context.web.ServletTestExecutionListener.setUpRequestContextIfNecessary(ServletTestExecutionListener.java:191)
	at org.springframework.test.context.web.ServletTestExecutionListener.prepareTestInstance(ServletTestExecutionListener.java:130)
	at org.springframework.test.context.TestContextManager.prepareTestInstance(TestContextManager.java:241)
	at org.springframework.test.context.junit.jupiter.SpringExtension.postProcessTestInstance(SpringExtension.java:138)
	at org.junit.jupiter.engine.descriptor.ClassBasedTestDescriptor.lambda$invokeTestInstancePostProcessors$10(ClassBasedTestDescriptor.java:377)
	at org.junit.jupiter.engine.descriptor.ClassBasedTestDescriptor.executeAndMaskThrowable(ClassBasedTestDescriptor.java:382)
	at org.junit.jupiter.engine.descriptor.ClassBasedTestDescriptor.lambda$invokeTestInstancePostProcessors$11(ClassBasedTestDescriptor.java:377)
	at java.base/java.util.stream.ReferencePipeline$3$1.accept(ReferencePipeline.java:197)
	at java.base/java.util.stream.ReferencePipeline$2$1.accept(ReferencePipeline.java:179)
	at java.base/java.util.ArrayList$ArrayListSpliterator.forEachRemaining(ArrayList.java:1625)
	at java.base/java.util.stream.AbstractPipeline.copyInto(AbstractPipeline.java:509)
	at java.base/java.util.stream.AbstractPipeline.wrapAndCopyInto(AbstractPipeline.java:499)
	at java.base/java.util.stream.StreamSpliterators$WrappingSpliterator.forEachRemaining(StreamSpliterators.java:310)
	at java.base/java.util.stream.Streams$ConcatSpliterator.forEachRemaining(Streams.java:735)
	at java.base/java.util.stream.Streams$ConcatSpliterator.forEachRemaining(Streams.java:734)
	at java.base/java.util.stream.ReferencePipeline$Head.forEach(ReferencePipeline.java:762)
	at org.junit.jupiter.engine.descriptor.ClassBasedTestDescriptor.invokeTestInstancePostProcessors(ClassBasedTestDescriptor.java:376)
	at org.junit.jupiter.engine.descriptor.ClassBasedTestDescriptor.lambda$instantiateAndPostProcessTestInstance$6(ClassBasedTestDescriptor.java:289)
	at org.junit.platform.engine.support.hierarchical.ThrowableCollector.execute(ThrowableCollector.java:73)
	at org.junit.jupiter.engine.descriptor.ClassBasedTestDescriptor.instantiateAndPostProcessTestInstance(ClassBasedTestDescriptor.java:288)
	at org.junit.jupiter.engine.descriptor.ClassBasedTestDescriptor.lambda$testInstancesProvider$4(ClassBasedTestDescriptor.java:278)
	at java.base/java.util.Optional.orElseGet(Optional.java:364)
	at org.junit.jupiter.engine.descriptor.ClassBasedTestDescriptor.lambda$testInstancesProvider$5(ClassBasedTestDescriptor.java:277)
	at org.junit.jupiter.engine.execution.TestInstancesProvider.getTestInstances(TestInstancesProvider.java:31)
	at org.junit.jupiter.engine.descriptor.TestMethodTestDescriptor.lambda$prepare$0(TestMethodTestDescriptor.java:105)
	at org.junit.platform.engine.support.hierarchical.ThrowableCollector.execute(ThrowableCollector.java:73)
	at org.junit.jupiter.engine.descriptor.TestMethodTestDescriptor.prepare(TestMethodTestDescriptor.java:104)
	at org.junit.jupiter.engine.descriptor.TestMethodTestDescriptor.prepare(TestMethodTestDescriptor.java:68)
	at org.junit.platform.engine.support.hierarchical.NodeTestTask.lambda$prepare$2(NodeTestTask.java:123)
	at org.junit.platform.engine.support.hierarchical.ThrowableCollector.execute(ThrowableCollector.java:73)
	at org.junit.platform.engine.support.hierarchical.NodeTestTask.prepare(NodeTestTask.java:123)
	at org.junit.platform.engine.support.hierarchical.NodeTestTask.execute(NodeTestTask.java:90)
	at java.base/java.util.ArrayList.forEach(ArrayList.java:1511)
	at org.junit.platform.engine.support.hierarchical.SameThreadHierarchicalTestExecutorService.invokeAll(SameThreadHierarchicalTestExecutorService.java:41)
	at org.junit.platform.engine.support.hierarchical.NodeTestTask.lambda$executeRecursively$6(NodeTestTask.java:155)
	at org.junit.platform.engine.support.hierarchical.ThrowableCollector.execute(ThrowableCollector.java:73)
	at org.junit.platform.engine.support.hierarchical.NodeTestTask.lambda$executeRecursively$8(NodeTestTask.java:141)
	at org.junit.platform.engine.support.hierarchical.Node.around(Node.java:137)
	at org.junit.platform.engine.support.hierarchical.NodeTestTask.lambda$executeRecursively$9(NodeTestTask.java:139)
	at org.junit.platform.engine.support.hierarchical.ThrowableCollector.execute(ThrowableCollector.java:73)
	at org.junit.platform.engine.support.hierarchical.NodeTestTask.executeRecursively(NodeTestTask.java:138)
	at org.junit.platform.engine.support.hierarchical.NodeTestTask.execute(NodeTestTask.java:95)
	at java.base/java.util.ArrayList.forEach(ArrayList.java:1511)
	at org.junit.platform.engine.support.hierarchical.SameThreadHierarchicalTestExecutorService.invokeAll(SameThreadHierarchicalTestExecutorService.java:41)
	at org.junit.platform.engine.support.hierarchical.NodeTestTask.lambda$executeRecursively$6(NodeTestTask.java:155)
	at org.junit.platform.engine.support.hierarchical.ThrowableCollector.execute(ThrowableCollector.java:73)
	at org.junit.platform.engine.support.hierarchical.NodeTestTask.lambda$executeRecursively$8(NodeTestTask.java:141)
	at org.junit.platform.engine.support.hierarchical.Node.around(Node.java:137)
	at org.junit.platform.engine.support.hierarchical.NodeTestTask.lambda$executeRecursively$9(NodeTestTask.java:139)
	at org.junit.platform.engine.support.hierarchical.ThrowableCollector.execute(ThrowableCollector.java:73)
	at org.junit.platform.engine.support.hierarchical.NodeTestTask.executeRecursively(NodeTestTask.java:138)
	at org.junit.platform.engine.support.hierarchical.NodeTestTask.execute(NodeTestTask.java:95)
	at org.junit.platform.engine.support.hierarchical.SameThreadHierarchicalTestExecutorService.submit(SameThreadHierarchicalTestExecutorService.java:35)
	at org.junit.platform.engine.support.hierarchical.HierarchicalTestExecutor.execute(HierarchicalTestExecutor.java:57)
	at org.junit.platform.engine.support.hierarchical.HierarchicalTestEngine.execute(HierarchicalTestEngine.java:54)
	at org.junit.platform.launcher.core.EngineExecutionOrchestrator.execute(EngineExecutionOrchestrator.java:147)
	at org.junit.platform.launcher.core.EngineExecutionOrchestrator.execute(EngineExecutionOrchestrator.java:127)
	at org.junit.platform.launcher.core.EngineExecutionOrchestrator.execute(EngineExecutionOrchestrator.java:90)
	at org.junit.platform.launcher.core.EngineExecutionOrchestrator.lambda$execute$0(EngineExecutionOrchestrator.java:55)
	at org.junit.platform.launcher.core.EngineExecutionOrchestrator.withInterceptedStreams(EngineExecutionOrchestrator.java:102)
	at org.junit.platform.launcher.core.EngineExecutionOrchestrator.execute(EngineExecutionOrchestrator.java:54)
	at org.junit.platform.launcher.core.DefaultLauncher.execute(DefaultLauncher.java:114)
	at org.junit.platform.launcher.core.DefaultLauncher.execute(DefaultLauncher.java:86)
	at org.junit.platform.launcher.core.DefaultLauncherSession$DelegatingLauncher.execute(DefaultLauncherSession.java:86)
	at org.apache.maven.surefire.junitplatform.LazyLauncher.execute(LazyLauncher.java:50)
	at org.apache.maven.surefire.junitplatform.JUnitPlatformProvider.execute(JUnitPlatformProvider.java:184)
	at org.apache.maven.surefire.junitplatform.JUnitPlatformProvider.invokeAllTests(JUnitPlatformProvider.java:148)
	at org.apache.maven.surefire.junitplatform.JUnitPlatformProvider.invoke(JUnitPlatformProvider.java:122)
	at org.apache.maven.surefire.booter.ForkedBooter.runSuitesInProcess(ForkedBooter.java:385)
	at org.apache.maven.surefire.booter.ForkedBooter.execute(ForkedBooter.java:162)
	at org.apache.maven.surefire.booter.ForkedBooter.run(ForkedBooter.java:507)
	at org.apache.maven.surefire.booter.ForkedBooter.main(ForkedBooter.java:495)
2023-11-24 12:36:47,085 TRACE o.h.i.SessionImpl [SessionImpl.java:402] Closing session [a6244d0d-752f-4538-9673-43b36d226f82]
2023-11-24 12:36:47,085 TRACE o.h.e.j.i.JdbcCoordinatorImpl [JdbcCoordinatorImpl.java:152] Closing JDBC container [org.hibernate.engine.jdbc.internal.JdbcCoordinatorImpl@323b0f40]
2023-11-24 12:36:47,085 TRACE o.h.r.j.i.ResourceRegistryStandardImpl [ResourceRegistryStandardImpl.java:329] Releasing JDBC resources
2023-11-24 12:36:47,086 TRACE o.h.r.j.i.LogicalConnectionManagedImpl [LogicalConnectionManagedImpl.java:256] Closing logical connection
2023-11-24 12:36:47,086 TRACE o.h.r.j.i.LogicalConnectionManagedImpl [LogicalConnectionManagedImpl.java:263] Logical connection closed
2023-11-24 12:36:47,086 TRACE o.h.i.SessionFactoryImpl$SessionBuilderImpl [SessionFactoryImpl.java:1298] Opening Hibernate Session.  tenant=null
2023-11-24 12:36:47,086 TRACE o.h.i.SessionImpl [SessionImpl.java:262] Opened Session [36132746-5177-4c30-aad8-5e25cc10f55b] at timestamp: 1700825807086
2023-11-24 12:36:47,086 TRACE o.h.i.SessionImpl [SessionImpl.java:402] Closing session [36132746-5177-4c30-aad8-5e25cc10f55b]
2023-11-24 12:36:47,086 TRACE o.h.e.j.i.JdbcCoordinatorImpl [JdbcCoordinatorImpl.java:152] Closing JDBC container [org.hibernate.engine.jdbc.internal.JdbcCoordinatorImpl@3f8d45f3]
2023-11-24 12:36:47,087 TRACE o.h.r.j.i.ResourceRegistryStandardImpl [ResourceRegistryStandardImpl.java:329] Releasing JDBC resources
2023-11-24 12:36:47,087 TRACE o.h.r.j.i.LogicalConnectionManagedImpl [LogicalConnectionManagedImpl.java:256] Closing logical connection
2023-11-24 12:36:47,087 TRACE o.h.r.j.i.LogicalConnectionManagedImpl [LogicalConnectionManagedImpl.java:263] Logical connection closed
2023-11-24 12:36:47,089 TRACE o.h.i.SessionFactoryImpl$SessionBuilderImpl [SessionFactoryImpl.java:1298] Opening Hibernate Session.  tenant=null
2023-11-24 12:36:47,089 TRACE o.h.i.SessionImpl [SessionImpl.java:262] Opened Session [adcf1179-cc1d-49db-8837-5e4c814ae99d] at timestamp: 1700825807089
2023-11-24 12:36:47,089 DEBUG o.h.r.t.b.j.i.JdbcResourceLocalTransactionCoordinatorImpl [JdbcResourceLocalTransactionCoordinatorImpl.java:310] JDBC transaction marked for rollback-only (exception provided for stack trace)
java.lang.Exception: exception just for purpose of providing stack trace
	at org.hibernate.resource.transaction.backend.jdbc.internal.JdbcResourceLocalTransactionCoordinatorImpl$TransactionDriverControlImpl.markRollbackOnly(JdbcResourceLocalTransactionCoordinatorImpl.java:310)
	at org.hibernate.internal.AbstractSharedSessionContract.buildNamedQuery(AbstractSharedSessionContract.java:1021)
	at org.hibernate.internal.AbstractSharedSessionContract.createNamedQuery(AbstractSharedSessionContract.java:899)
	at org.hibernate.internal.AbstractSharedSessionContract.createNamedQuery(AbstractSharedSessionContract.java:120)
	at jdk.internal.reflect.GeneratedMethodAccessor47.invoke(Unknown Source)
	at java.base/jdk.internal.reflect.DelegatingMethodAccessorImpl.invoke(DelegatingMethodAccessorImpl.java:43)
	at java.base/java.lang.reflect.Method.invoke(Method.java:568)
	at org.springframework.orm.jpa.ExtendedEntityManagerCreator$ExtendedEntityManagerInvocationHandler.invoke(ExtendedEntityManagerCreator.java:360)
	at jdk.proxy2/jdk.proxy2.$Proxy191.createNamedQuery(Unknown Source)
	at org.springframework.data.jpa.repository.query.NamedQuery.hasNamedQuery(NamedQuery.java:113)
	at org.springframework.data.jpa.repository.query.JpaQueryLookupStrategy$DeclaredQueryLookupStrategy.getCountQuery(JpaQueryLookupStrategy.java:204)
	at org.springframework.data.jpa.repository.query.JpaQueryLookupStrategy$DeclaredQueryLookupStrategy.resolveQuery(JpaQueryLookupStrategy.java:171)
	at org.springframework.data.jpa.repository.query.JpaQueryLookupStrategy$CreateIfNotFoundQueryLookupStrategy.resolveQuery(JpaQueryLookupStrategy.java:252)
	at org.springframework.data.jpa.repository.query.JpaQueryLookupStrategy$AbstractQueryLookupStrategy.resolveQuery(JpaQueryLookupStrategy.java:95)
	at org.springframework.data.repository.core.support.QueryExecutorMethodInterceptor.lookupQuery(QueryExecutorMethodInterceptor.java:111)
	at org.springframework.data.repository.core.support.QueryExecutorMethodInterceptor.mapMethodsToQuery(QueryExecutorMethodInterceptor.java:99)
	at org.springframework.data.repository.core.support.QueryExecutorMethodInterceptor.lambda$new$0(QueryExecutorMethodInterceptor.java:88)
	at java.base/java.util.Optional.map(Optional.java:260)
	at org.springframework.data.repository.core.support.QueryExecutorMethodInterceptor.<init>(QueryExecutorMethodInterceptor.java:88)
	at org.springframework.data.repository.core.support.RepositoryFactorySupport.getRepository(RepositoryFactorySupport.java:357)
	at org.springframework.data.repository.core.support.RepositoryFactoryBeanSupport.lambda$afterPropertiesSet$5(RepositoryFactoryBeanSupport.java:279)
	at org.springframework.data.util.Lazy.getNullable(Lazy.java:245)
	at org.springframework.data.util.Lazy.get(Lazy.java:114)
	at org.springframework.data.repository.core.support.RepositoryFactoryBeanSupport.afterPropertiesSet(RepositoryFactoryBeanSupport.java:285)
	at org.springframework.data.jpa.repository.support.JpaRepositoryFactoryBean.afterPropertiesSet(JpaRepositoryFactoryBean.java:132)
	at org.springframework.beans.factory.support.AbstractAutowireCapableBeanFactory.invokeInitMethods(AbstractAutowireCapableBeanFactory.java:1817)
	at org.springframework.beans.factory.support.AbstractAutowireCapableBeanFactory.initializeBean(AbstractAutowireCapableBeanFactory.java:1766)
	at org.springframework.beans.factory.support.AbstractAutowireCapableBeanFactory.doCreateBean(AbstractAutowireCapableBeanFactory.java:598)
	at org.springframework.beans.factory.support.AbstractAutowireCapableBeanFactory.createBean(AbstractAutowireCapableBeanFactory.java:520)
	at org.springframework.beans.factory.support.AbstractBeanFactory.lambda$doGetBean$0(AbstractBeanFactory.java:325)
	at org.springframework.beans.factory.support.DefaultSingletonBeanRegistry.getSingleton(DefaultSingletonBeanRegistry.java:234)
	at org.springframework.beans.factory.support.AbstractBeanFactory.doGetBean(AbstractBeanFactory.java:323)
	at org.springframework.beans.factory.support.AbstractBeanFactory.getBean(AbstractBeanFactory.java:199)
	at org.springframework.beans.factory.config.DependencyDescriptor.resolveCandidate(DependencyDescriptor.java:254)
	at org.springframework.beans.factory.support.DefaultListableBeanFactory.doResolveDependency(DefaultListableBeanFactory.java:1417)
	at org.springframework.beans.factory.support.DefaultListableBeanFactory.resolveDependency(DefaultListableBeanFactory.java:1337)
	at org.springframework.beans.factory.annotation.AutowiredAnnotationBeanPostProcessor$AutowiredFieldElement.resolveFieldValue(AutowiredAnnotationBeanPostProcessor.java:764)
	at org.springframework.beans.factory.annotation.AutowiredAnnotationBeanPostProcessor$AutowiredFieldElement.inject(AutowiredAnnotationBeanPostProcessor.java:747)
	at org.springframework.beans.factory.annotation.InjectionMetadata.inject(InjectionMetadata.java:145)
	at org.springframework.beans.factory.annotation.AutowiredAnnotationBeanPostProcessor.postProcessProperties(AutowiredAnnotationBeanPostProcessor.java:492)
	at org.springframework.beans.factory.support.AbstractAutowireCapableBeanFactory.populateBean(AbstractAutowireCapableBeanFactory.java:1416)
	at org.springframework.beans.factory.support.AbstractAutowireCapableBeanFactory.doCreateBean(AbstractAutowireCapableBeanFactory.java:597)
	at org.springframework.beans.factory.support.AbstractAutowireCapableBeanFactory.createBean(AbstractAutowireCapableBeanFactory.java:520)
	at org.springframework.beans.factory.support.AbstractBeanFactory.lambda$doGetBean$0(AbstractBeanFactory.java:325)
	at org.springframework.beans.factory.support.DefaultSingletonBeanRegistry.getSingleton(DefaultSingletonBeanRegistry.java:234)
	at org.springframework.beans.factory.support.AbstractBeanFactory.doGetBean(AbstractBeanFactory.java:323)
	at org.springframework.beans.factory.support.AbstractBeanFactory.getBean(AbstractBeanFactory.java:199)
	at org.springframework.beans.factory.config.DependencyDescriptor.resolveCandidate(DependencyDescriptor.java:254)
	at org.springframework.beans.factory.support.DefaultListableBeanFactory.doResolveDependency(DefaultListableBeanFactory.java:1417)
	at org.springframework.beans.factory.support.DefaultListableBeanFactory.resolveDependency(DefaultListableBeanFactory.java:1337)
	at org.springframework.beans.factory.annotation.AutowiredAnnotationBeanPostProcessor$AutowiredFieldElement.resolveFieldValue(AutowiredAnnotationBeanPostProcessor.java:764)
	at org.springframework.beans.factory.annotation.AutowiredAnnotationBeanPostProcessor$AutowiredFieldElement.inject(AutowiredAnnotationBeanPostProcessor.java:747)
	at org.springframework.beans.factory.annotation.InjectionMetadata.inject(InjectionMetadata.java:145)
	at org.springframework.beans.factory.annotation.AutowiredAnnotationBeanPostProcessor.postProcessProperties(AutowiredAnnotationBeanPostProcessor.java:492)
	at org.springframework.beans.factory.support.AbstractAutowireCapableBeanFactory.populateBean(AbstractAutowireCapableBeanFactory.java:1416)
	at org.springframework.beans.factory.support.AbstractAutowireCapableBeanFactory.doCreateBean(AbstractAutowireCapableBeanFactory.java:597)
	at org.springframework.beans.factory.support.AbstractAutowireCapableBeanFactory.createBean(AbstractAutowireCapableBeanFactory.java:520)
	at org.springframework.beans.factory.support.AbstractBeanFactory.lambda$doGetBean$0(AbstractBeanFactory.java:325)
	at org.springframework.beans.factory.support.DefaultSingletonBeanRegistry.getSingleton(DefaultSingletonBeanRegistry.java:234)
	at org.springframework.beans.factory.support.AbstractBeanFactory.doGetBean(AbstractBeanFactory.java:323)
	at org.springframework.beans.factory.support.AbstractBeanFactory.getBean(AbstractBeanFactory.java:199)
	at org.springframework.beans.factory.support.DefaultListableBeanFactory.preInstantiateSingletons(DefaultListableBeanFactory.java:973)
	at org.springframework.context.support.AbstractApplicationContext.finishBeanFactoryInitialization(AbstractApplicationContext.java:950)
	at org.springframework.context.support.AbstractApplicationContext.refresh(AbstractApplicationContext.java:616)
	at org.springframework.boot.SpringApplication.refresh(SpringApplication.java:738)
	at org.springframework.boot.SpringApplication.refreshContext(SpringApplication.java:440)
	at org.springframework.boot.SpringApplication.run(SpringApplication.java:316)
	at org.springframework.boot.test.context.SpringBootContextLoader.lambda$loadContext$3(SpringBootContextLoader.java:137)
	at org.springframework.util.function.ThrowingSupplier.get(ThrowingSupplier.java:58)
	at org.springframework.util.function.ThrowingSupplier.get(ThrowingSupplier.java:46)
	at org.springframework.boot.SpringApplication.withHook(SpringApplication.java:1406)
	at org.springframework.boot.test.context.SpringBootContextLoader$ContextLoaderHook.run(SpringBootContextLoader.java:545)
	at org.springframework.boot.test.context.SpringBootContextLoader.loadContext(SpringBootContextLoader.java:137)
	at org.springframework.boot.test.context.SpringBootContextLoader.loadContext(SpringBootContextLoader.java:108)
	at org.springframework.test.context.cache.DefaultCacheAwareContextLoaderDelegate.loadContextInternal(DefaultCacheAwareContextLoaderDelegate.java:187)
	at org.springframework.test.context.cache.DefaultCacheAwareContextLoaderDelegate.loadContext(DefaultCacheAwareContextLoaderDelegate.java:119)
	at org.springframework.test.context.support.DefaultTestContext.getApplicationContext(DefaultTestContext.java:127)
	at org.springframework.test.context.web.ServletTestExecutionListener.setUpRequestContextIfNecessary(ServletTestExecutionListener.java:191)
	at org.springframework.test.context.web.ServletTestExecutionListener.prepareTestInstance(ServletTestExecutionListener.java:130)
	at org.springframework.test.context.TestContextManager.prepareTestInstance(TestContextManager.java:241)
	at org.springframework.test.context.junit.jupiter.SpringExtension.postProcessTestInstance(SpringExtension.java:138)
	at org.junit.jupiter.engine.descriptor.ClassBasedTestDescriptor.lambda$invokeTestInstancePostProcessors$10(ClassBasedTestDescriptor.java:377)
	at org.junit.jupiter.engine.descriptor.ClassBasedTestDescriptor.executeAndMaskThrowable(ClassBasedTestDescriptor.java:382)
	at org.junit.jupiter.engine.descriptor.ClassBasedTestDescriptor.lambda$invokeTestInstancePostProcessors$11(ClassBasedTestDescriptor.java:377)
	at java.base/java.util.stream.ReferencePipeline$3$1.accept(ReferencePipeline.java:197)
	at java.base/java.util.stream.ReferencePipeline$2$1.accept(ReferencePipeline.java:179)
	at java.base/java.util.ArrayList$ArrayListSpliterator.forEachRemaining(ArrayList.java:1625)
	at java.base/java.util.stream.AbstractPipeline.copyInto(AbstractPipeline.java:509)
	at java.base/java.util.stream.AbstractPipeline.wrapAndCopyInto(AbstractPipeline.java:499)
	at java.base/java.util.stream.StreamSpliterators$WrappingSpliterator.forEachRemaining(StreamSpliterators.java:310)
	at java.base/java.util.stream.Streams$ConcatSpliterator.forEachRemaining(Streams.java:735)
	at java.base/java.util.stream.Streams$ConcatSpliterator.forEachRemaining(Streams.java:734)
	at java.base/java.util.stream.ReferencePipeline$Head.forEach(ReferencePipeline.java:762)
	at org.junit.jupiter.engine.descriptor.ClassBasedTestDescriptor.invokeTestInstancePostProcessors(ClassBasedTestDescriptor.java:376)
	at org.junit.jupiter.engine.descriptor.ClassBasedTestDescriptor.lambda$instantiateAndPostProcessTestInstance$6(ClassBasedTestDescriptor.java:289)
	at org.junit.platform.engine.support.hierarchical.ThrowableCollector.execute(ThrowableCollector.java:73)
	at org.junit.jupiter.engine.descriptor.ClassBasedTestDescriptor.instantiateAndPostProcessTestInstance(ClassBasedTestDescriptor.java:288)
	at org.junit.jupiter.engine.descriptor.ClassBasedTestDescriptor.lambda$testInstancesProvider$4(ClassBasedTestDescriptor.java:278)
	at java.base/java.util.Optional.orElseGet(Optional.java:364)
	at org.junit.jupiter.engine.descriptor.ClassBasedTestDescriptor.lambda$testInstancesProvider$5(ClassBasedTestDescriptor.java:277)
	at org.junit.jupiter.engine.execution.TestInstancesProvider.getTestInstances(TestInstancesProvider.java:31)
	at org.junit.jupiter.engine.descriptor.TestMethodTestDescriptor.lambda$prepare$0(TestMethodTestDescriptor.java:105)
	at org.junit.platform.engine.support.hierarchical.ThrowableCollector.execute(ThrowableCollector.java:73)
	at org.junit.jupiter.engine.descriptor.TestMethodTestDescriptor.prepare(TestMethodTestDescriptor.java:104)
	at org.junit.jupiter.engine.descriptor.TestMethodTestDescriptor.prepare(TestMethodTestDescriptor.java:68)
	at org.junit.platform.engine.support.hierarchical.NodeTestTask.lambda$prepare$2(NodeTestTask.java:123)
	at org.junit.platform.engine.support.hierarchical.ThrowableCollector.execute(ThrowableCollector.java:73)
	at org.junit.platform.engine.support.hierarchical.NodeTestTask.prepare(NodeTestTask.java:123)
	at org.junit.platform.engine.support.hierarchical.NodeTestTask.execute(NodeTestTask.java:90)
	at java.base/java.util.ArrayList.forEach(ArrayList.java:1511)
	at org.junit.platform.engine.support.hierarchical.SameThreadHierarchicalTestExecutorService.invokeAll(SameThreadHierarchicalTestExecutorService.java:41)
	at org.junit.platform.engine.support.hierarchical.NodeTestTask.lambda$executeRecursively$6(NodeTestTask.java:155)
	at org.junit.platform.engine.support.hierarchical.ThrowableCollector.execute(ThrowableCollector.java:73)
	at org.junit.platform.engine.support.hierarchical.NodeTestTask.lambda$executeRecursively$8(NodeTestTask.java:141)
	at org.junit.platform.engine.support.hierarchical.Node.around(Node.java:137)
	at org.junit.platform.engine.support.hierarchical.NodeTestTask.lambda$executeRecursively$9(NodeTestTask.java:139)
	at org.junit.platform.engine.support.hierarchical.ThrowableCollector.execute(ThrowableCollector.java:73)
	at org.junit.platform.engine.support.hierarchical.NodeTestTask.executeRecursively(NodeTestTask.java:138)
	at org.junit.platform.engine.support.hierarchical.NodeTestTask.execute(NodeTestTask.java:95)
	at java.base/java.util.ArrayList.forEach(ArrayList.java:1511)
	at org.junit.platform.engine.support.hierarchical.SameThreadHierarchicalTestExecutorService.invokeAll(SameThreadHierarchicalTestExecutorService.java:41)
	at org.junit.platform.engine.support.hierarchical.NodeTestTask.lambda$executeRecursively$6(NodeTestTask.java:155)
	at org.junit.platform.engine.support.hierarchical.ThrowableCollector.execute(ThrowableCollector.java:73)
	at org.junit.platform.engine.support.hierarchical.NodeTestTask.lambda$executeRecursively$8(NodeTestTask.java:141)
	at org.junit.platform.engine.support.hierarchical.Node.around(Node.java:137)
	at org.junit.platform.engine.support.hierarchical.NodeTestTask.lambda$executeRecursively$9(NodeTestTask.java:139)
	at org.junit.platform.engine.support.hierarchical.ThrowableCollector.execute(ThrowableCollector.java:73)
	at org.junit.platform.engine.support.hierarchical.NodeTestTask.executeRecursively(NodeTestTask.java:138)
	at org.junit.platform.engine.support.hierarchical.NodeTestTask.execute(NodeTestTask.java:95)
	at org.junit.platform.engine.support.hierarchical.SameThreadHierarchicalTestExecutorService.submit(SameThreadHierarchicalTestExecutorService.java:35)
	at org.junit.platform.engine.support.hierarchical.HierarchicalTestExecutor.execute(HierarchicalTestExecutor.java:57)
	at org.junit.platform.engine.support.hierarchical.HierarchicalTestEngine.execute(HierarchicalTestEngine.java:54)
	at org.junit.platform.launcher.core.EngineExecutionOrchestrator.execute(EngineExecutionOrchestrator.java:147)
	at org.junit.platform.launcher.core.EngineExecutionOrchestrator.execute(EngineExecutionOrchestrator.java:127)
	at org.junit.platform.launcher.core.EngineExecutionOrchestrator.execute(EngineExecutionOrchestrator.java:90)
	at org.junit.platform.launcher.core.EngineExecutionOrchestrator.lambda$execute$0(EngineExecutionOrchestrator.java:55)
	at org.junit.platform.launcher.core.EngineExecutionOrchestrator.withInterceptedStreams(EngineExecutionOrchestrator.java:102)
	at org.junit.platform.launcher.core.EngineExecutionOrchestrator.execute(EngineExecutionOrchestrator.java:54)
	at org.junit.platform.launcher.core.DefaultLauncher.execute(DefaultLauncher.java:114)
	at org.junit.platform.launcher.core.DefaultLauncher.execute(DefaultLauncher.java:86)
	at org.junit.platform.launcher.core.DefaultLauncherSession$DelegatingLauncher.execute(DefaultLauncherSession.java:86)
	at org.apache.maven.surefire.junitplatform.LazyLauncher.execute(LazyLauncher.java:50)
	at org.apache.maven.surefire.junitplatform.JUnitPlatformProvider.execute(JUnitPlatformProvider.java:184)
	at org.apache.maven.surefire.junitplatform.JUnitPlatformProvider.invokeAllTests(JUnitPlatformProvider.java:148)
	at org.apache.maven.surefire.junitplatform.JUnitPlatformProvider.invoke(JUnitPlatformProvider.java:122)
	at org.apache.maven.surefire.booter.ForkedBooter.runSuitesInProcess(ForkedBooter.java:385)
	at org.apache.maven.surefire.booter.ForkedBooter.execute(ForkedBooter.java:162)
	at org.apache.maven.surefire.booter.ForkedBooter.run(ForkedBooter.java:507)
	at org.apache.maven.surefire.booter.ForkedBooter.main(ForkedBooter.java:495)
2023-11-24 12:36:47,090 TRACE o.h.i.SessionImpl [SessionImpl.java:402] Closing session [adcf1179-cc1d-49db-8837-5e4c814ae99d]
2023-11-24 12:36:47,090 TRACE o.h.e.j.i.JdbcCoordinatorImpl [JdbcCoordinatorImpl.java:152] Closing JDBC container [org.hibernate.engine.jdbc.internal.JdbcCoordinatorImpl@6fd1f826]
2023-11-24 12:36:47,090 TRACE o.h.r.j.i.ResourceRegistryStandardImpl [ResourceRegistryStandardImpl.java:329] Releasing JDBC resources
2023-11-24 12:36:47,090 TRACE o.h.r.j.i.LogicalConnectionManagedImpl [LogicalConnectionManagedImpl.java:256] Closing logical connection
2023-11-24 12:36:47,090 TRACE o.h.r.j.i.LogicalConnectionManagedImpl [LogicalConnectionManagedImpl.java:263] Logical connection closed
2023-11-24 12:36:47,090 TRACE o.h.i.SessionFactoryImpl$SessionBuilderImpl [SessionFactoryImpl.java:1298] Opening Hibernate Session.  tenant=null
2023-11-24 12:36:47,090 TRACE o.h.i.SessionImpl [SessionImpl.java:262] Opened Session [87373223-4643-40f7-a8e6-f37a1afcb995] at timestamp: 1700825807090
2023-11-24 12:36:47,091 TRACE o.h.i.SessionImpl [SessionImpl.java:402] Closing session [87373223-4643-40f7-a8e6-f37a1afcb995]
2023-11-24 12:36:47,091 TRACE o.h.e.j.i.JdbcCoordinatorImpl [JdbcCoordinatorImpl.java:152] Closing JDBC container [org.hibernate.engine.jdbc.internal.JdbcCoordinatorImpl@5faab93]
2023-11-24 12:36:47,091 TRACE o.h.r.j.i.ResourceRegistryStandardImpl [ResourceRegistryStandardImpl.java:329] Releasing JDBC resources
2023-11-24 12:36:47,091 TRACE o.h.r.j.i.LogicalConnectionManagedImpl [LogicalConnectionManagedImpl.java:256] Closing logical connection
2023-11-24 12:36:47,091 TRACE o.h.r.j.i.LogicalConnectionManagedImpl [LogicalConnectionManagedImpl.java:263] Logical connection closed
2023-11-24 12:36:47,092 TRACE o.h.i.SessionFactoryImpl$SessionBuilderImpl [SessionFactoryImpl.java:1298] Opening Hibernate Session.  tenant=null
2023-11-24 12:36:47,093 TRACE o.h.i.SessionImpl [SessionImpl.java:262] Opened Session [e8984f9f-4d9f-4670-b06d-c90dff3c17ea] at timestamp: 1700825807093
2023-11-24 12:36:47,093 TRACE o.h.o.q.p.cache [QueryInterpretationCacheStandardImpl.java:121] QueryPlan#resolveHqlInterpretation( `select count(id) from SurveyReply  where endtime between :start and :end` )
2023-11-24 12:36:47,093 DEBUG o.h.o.q.hql [StandardHqlTranslator.java:75] HQL : select count(id) from SurveyReply  where endtime between :start and :end
2023-11-24 12:36:47,094 DEBUG o.h.o.q.h.reservedWordAsIdentifier [HqlParseTreeBuilder.java:43] Encountered use of reserved word as identifier : (
2023-11-24 12:36:47,094 DEBUG o.h.o.q.h.reservedWordAsIdentifier [HqlParseTreeBuilder.java:43] Encountered use of reserved word as identifier : )
2023-11-24 12:36:47,095 DEBUG o.h.o.q.h.reservedWordAsIdentifier [HqlParseTreeBuilder.java:43] Encountered use of reserved word as identifier : <EOF>
2023-11-24 12:36:47,095 DEBUG o.h.q.h.i.SemanticQueryBuilder [SemanticQueryBuilder.java:1904] Handling root path - SurveyReply
2023-11-24 12:36:47,095 TRACE o.h.o.q.s.creation [SqmPathRegistryImpl.java:59] SqmProcessingIndex#register(SqmPath) : franco.maurizio.hr.desk.com.persistence.entity.SurveyReply(961691059163568)
2023-11-24 12:36:47,095 TRACE o.h.o.q.hql [BasicDotIdentifierConsumer.java:83] BasicDotIdentifierHandler#consumeIdentifier( id, true, true ) - id
2023-11-24 12:36:47,096 TRACE o.h.o.q.hql [BasicDotIdentifierConsumer.java:118] BaseLocalSequencePart#consumeIdentifier( id, true, true ) - id
2023-11-24 12:36:47,096 DEBUG o.h.o.q.hql [SqmPathRegistryImpl.java:209] Unable to resolve unqualified attribute [id] in local from-clause
2023-11-24 12:36:47,096 TRACE o.h.o.q.hql [BasicDotIdentifierConsumer.java:83] BasicDotIdentifierHandler#consumeIdentifier( endtime, true, true ) - endtime
2023-11-24 12:36:47,097 TRACE o.h.o.q.hql [BasicDotIdentifierConsumer.java:118] BaseLocalSequencePart#consumeIdentifier( endtime, true, true ) - endtime
2023-11-24 12:36:47,097 DEBUG o.h.o.q.hql [SqmPathRegistryImpl.java:209] Unable to resolve unqualified attribute [endtime] in local from-clause
2023-11-24 12:36:47,097 DEBUG o.h.o.q.s.creation [AbstractSqmExpression.java:57] Applying inferable type to SqmExpression [SqmNamedParameter(start)] : null -> BasicSqmPathSource(endtime : LocalDateTime)
2023-11-24 12:36:47,097 DEBUG o.h.o.q.s.creation [AbstractSqmExpression.java:57] Applying inferable type to SqmExpression [SqmNamedParameter(end)] : null -> BasicSqmPathSource(endtime : LocalDateTime)
2023-11-24 12:36:47,098 DEBUG o.h.o.q.s.ast [SqmTreePrinter.java:168] SqmStatement Tree :
    -> [select]
      -> [query-spec]
        -> [select]
          -> [selection]
          <- [selection]
        <- [select]
        -> [from]
          -> [root] - `franco.maurizio.hr.desk.com.persistence.entity.SurveyReply(961691059163568)`
          <- [root] - `franco.maurizio.hr.desk.com.persistence.entity.SurveyReply(961691059163568)`
        <- [from]
        -> [where]
          -> [is-between]
            -> [basic-path] - `franco.maurizio.hr.desk.com.persistence.entity.SurveyReply(961691059163568).endtime`
            :start
            :end
          <- [is-between]
        <- [where]
      <- [query-spec]
    <- [select]

2023-11-24 12:36:47,098 TRACE o.h.i.SessionImpl [SessionImpl.java:402] Closing session [e8984f9f-4d9f-4670-b06d-c90dff3c17ea]
2023-11-24 12:36:47,098 TRACE o.h.e.j.i.JdbcCoordinatorImpl [JdbcCoordinatorImpl.java:152] Closing JDBC container [org.hibernate.engine.jdbc.internal.JdbcCoordinatorImpl@7435d325]
2023-11-24 12:36:47,098 TRACE o.h.r.j.i.ResourceRegistryStandardImpl [ResourceRegistryStandardImpl.java:329] Releasing JDBC resources
2023-11-24 12:36:47,099 TRACE o.h.r.j.i.LogicalConnectionManagedImpl [LogicalConnectionManagedImpl.java:256] Closing logical connection
2023-11-24 12:36:47,099 TRACE o.h.r.j.i.LogicalConnectionManagedImpl [LogicalConnectionManagedImpl.java:263] Logical connection closed
2023-11-24 12:36:47,101 TRACE o.h.i.SessionFactoryImpl$SessionBuilderImpl [SessionFactoryImpl.java:1298] Opening Hibernate Session.  tenant=null
2023-11-24 12:36:47,101 TRACE o.h.i.SessionImpl [SessionImpl.java:262] Opened Session [0172b091-9386-4c30-8594-3db4c93f02ba] at timestamp: 1700825807101
2023-11-24 12:36:47,102 DEBUG o.h.r.t.b.j.i.JdbcResourceLocalTransactionCoordinatorImpl [JdbcResourceLocalTransactionCoordinatorImpl.java:310] JDBC transaction marked for rollback-only (exception provided for stack trace)
java.lang.Exception: exception just for purpose of providing stack trace
	at org.hibernate.resource.transaction.backend.jdbc.internal.JdbcResourceLocalTransactionCoordinatorImpl$TransactionDriverControlImpl.markRollbackOnly(JdbcResourceLocalTransactionCoordinatorImpl.java:310)
	at org.hibernate.internal.AbstractSharedSessionContract.buildNamedQuery(AbstractSharedSessionContract.java:1021)
	at org.hibernate.internal.AbstractSharedSessionContract.createNamedQuery(AbstractSharedSessionContract.java:899)
	at org.hibernate.internal.AbstractSharedSessionContract.createNamedQuery(AbstractSharedSessionContract.java:120)
	at jdk.internal.reflect.GeneratedMethodAccessor47.invoke(Unknown Source)
	at java.base/jdk.internal.reflect.DelegatingMethodAccessorImpl.invoke(DelegatingMethodAccessorImpl.java:43)
	at java.base/java.lang.reflect.Method.invoke(Method.java:568)
	at org.springframework.orm.jpa.ExtendedEntityManagerCreator$ExtendedEntityManagerInvocationHandler.invoke(ExtendedEntityManagerCreator.java:360)
	at jdk.proxy2/jdk.proxy2.$Proxy191.createNamedQuery(Unknown Source)
	at org.springframework.data.jpa.repository.query.NamedQuery.hasNamedQuery(NamedQuery.java:113)
	at org.springframework.data.jpa.repository.query.JpaQueryLookupStrategy$DeclaredQueryLookupStrategy.getCountQuery(JpaQueryLookupStrategy.java:204)
	at org.springframework.data.jpa.repository.query.JpaQueryLookupStrategy$DeclaredQueryLookupStrategy.resolveQuery(JpaQueryLookupStrategy.java:171)
	at org.springframework.data.jpa.repository.query.JpaQueryLookupStrategy$CreateIfNotFoundQueryLookupStrategy.resolveQuery(JpaQueryLookupStrategy.java:252)
	at org.springframework.data.jpa.repository.query.JpaQueryLookupStrategy$AbstractQueryLookupStrategy.resolveQuery(JpaQueryLookupStrategy.java:95)
	at org.springframework.data.repository.core.support.QueryExecutorMethodInterceptor.lookupQuery(QueryExecutorMethodInterceptor.java:111)
	at org.springframework.data.repository.core.support.QueryExecutorMethodInterceptor.mapMethodsToQuery(QueryExecutorMethodInterceptor.java:99)
	at org.springframework.data.repository.core.support.QueryExecutorMethodInterceptor.lambda$new$0(QueryExecutorMethodInterceptor.java:88)
	at java.base/java.util.Optional.map(Optional.java:260)
	at org.springframework.data.repository.core.support.QueryExecutorMethodInterceptor.<init>(QueryExecutorMethodInterceptor.java:88)
	at org.springframework.data.repository.core.support.RepositoryFactorySupport.getRepository(RepositoryFactorySupport.java:357)
	at org.springframework.data.repository.core.support.RepositoryFactoryBeanSupport.lambda$afterPropertiesSet$5(RepositoryFactoryBeanSupport.java:279)
	at org.springframework.data.util.Lazy.getNullable(Lazy.java:245)
	at org.springframework.data.util.Lazy.get(Lazy.java:114)
	at org.springframework.data.repository.core.support.RepositoryFactoryBeanSupport.afterPropertiesSet(RepositoryFactoryBeanSupport.java:285)
	at org.springframework.data.jpa.repository.support.JpaRepositoryFactoryBean.afterPropertiesSet(JpaRepositoryFactoryBean.java:132)
	at org.springframework.beans.factory.support.AbstractAutowireCapableBeanFactory.invokeInitMethods(AbstractAutowireCapableBeanFactory.java:1817)
	at org.springframework.beans.factory.support.AbstractAutowireCapableBeanFactory.initializeBean(AbstractAutowireCapableBeanFactory.java:1766)
	at org.springframework.beans.factory.support.AbstractAutowireCapableBeanFactory.doCreateBean(AbstractAutowireCapableBeanFactory.java:598)
	at org.springframework.beans.factory.support.AbstractAutowireCapableBeanFactory.createBean(AbstractAutowireCapableBeanFactory.java:520)
	at org.springframework.beans.factory.support.AbstractBeanFactory.lambda$doGetBean$0(AbstractBeanFactory.java:325)
	at org.springframework.beans.factory.support.DefaultSingletonBeanRegistry.getSingleton(DefaultSingletonBeanRegistry.java:234)
	at org.springframework.beans.factory.support.AbstractBeanFactory.doGetBean(AbstractBeanFactory.java:323)
	at org.springframework.beans.factory.support.AbstractBeanFactory.getBean(AbstractBeanFactory.java:199)
	at org.springframework.beans.factory.config.DependencyDescriptor.resolveCandidate(DependencyDescriptor.java:254)
	at org.springframework.beans.factory.support.DefaultListableBeanFactory.doResolveDependency(DefaultListableBeanFactory.java:1417)
	at org.springframework.beans.factory.support.DefaultListableBeanFactory.resolveDependency(DefaultListableBeanFactory.java:1337)
	at org.springframework.beans.factory.annotation.AutowiredAnnotationBeanPostProcessor$AutowiredFieldElement.resolveFieldValue(AutowiredAnnotationBeanPostProcessor.java:764)
	at org.springframework.beans.factory.annotation.AutowiredAnnotationBeanPostProcessor$AutowiredFieldElement.inject(AutowiredAnnotationBeanPostProcessor.java:747)
	at org.springframework.beans.factory.annotation.InjectionMetadata.inject(InjectionMetadata.java:145)
	at org.springframework.beans.factory.annotation.AutowiredAnnotationBeanPostProcessor.postProcessProperties(AutowiredAnnotationBeanPostProcessor.java:492)
	at org.springframework.beans.factory.support.AbstractAutowireCapableBeanFactory.populateBean(AbstractAutowireCapableBeanFactory.java:1416)
	at org.springframework.beans.factory.support.AbstractAutowireCapableBeanFactory.doCreateBean(AbstractAutowireCapableBeanFactory.java:597)
	at org.springframework.beans.factory.support.AbstractAutowireCapableBeanFactory.createBean(AbstractAutowireCapableBeanFactory.java:520)
	at org.springframework.beans.factory.support.AbstractBeanFactory.lambda$doGetBean$0(AbstractBeanFactory.java:325)
	at org.springframework.beans.factory.support.DefaultSingletonBeanRegistry.getSingleton(DefaultSingletonBeanRegistry.java:234)
	at org.springframework.beans.factory.support.AbstractBeanFactory.doGetBean(AbstractBeanFactory.java:323)
	at org.springframework.beans.factory.support.AbstractBeanFactory.getBean(AbstractBeanFactory.java:199)
	at org.springframework.beans.factory.config.DependencyDescriptor.resolveCandidate(DependencyDescriptor.java:254)
	at org.springframework.beans.factory.support.DefaultListableBeanFactory.doResolveDependency(DefaultListableBeanFactory.java:1417)
	at org.springframework.beans.factory.support.DefaultListableBeanFactory.resolveDependency(DefaultListableBeanFactory.java:1337)
	at org.springframework.beans.factory.annotation.AutowiredAnnotationBeanPostProcessor$AutowiredFieldElement.resolveFieldValue(AutowiredAnnotationBeanPostProcessor.java:764)
	at org.springframework.beans.factory.annotation.AutowiredAnnotationBeanPostProcessor$AutowiredFieldElement.inject(AutowiredAnnotationBeanPostProcessor.java:747)
	at org.springframework.beans.factory.annotation.InjectionMetadata.inject(InjectionMetadata.java:145)
	at org.springframework.beans.factory.annotation.AutowiredAnnotationBeanPostProcessor.postProcessProperties(AutowiredAnnotationBeanPostProcessor.java:492)
	at org.springframework.beans.factory.support.AbstractAutowireCapableBeanFactory.populateBean(AbstractAutowireCapableBeanFactory.java:1416)
	at org.springframework.beans.factory.support.AbstractAutowireCapableBeanFactory.doCreateBean(AbstractAutowireCapableBeanFactory.java:597)
	at org.springframework.beans.factory.support.AbstractAutowireCapableBeanFactory.createBean(AbstractAutowireCapableBeanFactory.java:520)
	at org.springframework.beans.factory.support.AbstractBeanFactory.lambda$doGetBean$0(AbstractBeanFactory.java:325)
	at org.springframework.beans.factory.support.DefaultSingletonBeanRegistry.getSingleton(DefaultSingletonBeanRegistry.java:234)
	at org.springframework.beans.factory.support.AbstractBeanFactory.doGetBean(AbstractBeanFactory.java:323)
	at org.springframework.beans.factory.support.AbstractBeanFactory.getBean(AbstractBeanFactory.java:199)
	at org.springframework.beans.factory.support.DefaultListableBeanFactory.preInstantiateSingletons(DefaultListableBeanFactory.java:973)
	at org.springframework.context.support.AbstractApplicationContext.finishBeanFactoryInitialization(AbstractApplicationContext.java:950)
	at org.springframework.context.support.AbstractApplicationContext.refresh(AbstractApplicationContext.java:616)
	at org.springframework.boot.SpringApplication.refresh(SpringApplication.java:738)
	at org.springframework.boot.SpringApplication.refreshContext(SpringApplication.java:440)
	at org.springframework.boot.SpringApplication.run(SpringApplication.java:316)
	at org.springframework.boot.test.context.SpringBootContextLoader.lambda$loadContext$3(SpringBootContextLoader.java:137)
	at org.springframework.util.function.ThrowingSupplier.get(ThrowingSupplier.java:58)
	at org.springframework.util.function.ThrowingSupplier.get(ThrowingSupplier.java:46)
	at org.springframework.boot.SpringApplication.withHook(SpringApplication.java:1406)
	at org.springframework.boot.test.context.SpringBootContextLoader$ContextLoaderHook.run(SpringBootContextLoader.java:545)
	at org.springframework.boot.test.context.SpringBootContextLoader.loadContext(SpringBootContextLoader.java:137)
	at org.springframework.boot.test.context.SpringBootContextLoader.loadContext(SpringBootContextLoader.java:108)
	at org.springframework.test.context.cache.DefaultCacheAwareContextLoaderDelegate.loadContextInternal(DefaultCacheAwareContextLoaderDelegate.java:187)
	at org.springframework.test.context.cache.DefaultCacheAwareContextLoaderDelegate.loadContext(DefaultCacheAwareContextLoaderDelegate.java:119)
	at org.springframework.test.context.support.DefaultTestContext.getApplicationContext(DefaultTestContext.java:127)
	at org.springframework.test.context.web.ServletTestExecutionListener.setUpRequestContextIfNecessary(ServletTestExecutionListener.java:191)
	at org.springframework.test.context.web.ServletTestExecutionListener.prepareTestInstance(ServletTestExecutionListener.java:130)
	at org.springframework.test.context.TestContextManager.prepareTestInstance(TestContextManager.java:241)
	at org.springframework.test.context.junit.jupiter.SpringExtension.postProcessTestInstance(SpringExtension.java:138)
	at org.junit.jupiter.engine.descriptor.ClassBasedTestDescriptor.lambda$invokeTestInstancePostProcessors$10(ClassBasedTestDescriptor.java:377)
	at org.junit.jupiter.engine.descriptor.ClassBasedTestDescriptor.executeAndMaskThrowable(ClassBasedTestDescriptor.java:382)
	at org.junit.jupiter.engine.descriptor.ClassBasedTestDescriptor.lambda$invokeTestInstancePostProcessors$11(ClassBasedTestDescriptor.java:377)
	at java.base/java.util.stream.ReferencePipeline$3$1.accept(ReferencePipeline.java:197)
	at java.base/java.util.stream.ReferencePipeline$2$1.accept(ReferencePipeline.java:179)
	at java.base/java.util.ArrayList$ArrayListSpliterator.forEachRemaining(ArrayList.java:1625)
	at java.base/java.util.stream.AbstractPipeline.copyInto(AbstractPipeline.java:509)
	at java.base/java.util.stream.AbstractPipeline.wrapAndCopyInto(AbstractPipeline.java:499)
	at java.base/java.util.stream.StreamSpliterators$WrappingSpliterator.forEachRemaining(StreamSpliterators.java:310)
	at java.base/java.util.stream.Streams$ConcatSpliterator.forEachRemaining(Streams.java:735)
	at java.base/java.util.stream.Streams$ConcatSpliterator.forEachRemaining(Streams.java:734)
	at java.base/java.util.stream.ReferencePipeline$Head.forEach(ReferencePipeline.java:762)
	at org.junit.jupiter.engine.descriptor.ClassBasedTestDescriptor.invokeTestInstancePostProcessors(ClassBasedTestDescriptor.java:376)
	at org.junit.jupiter.engine.descriptor.ClassBasedTestDescriptor.lambda$instantiateAndPostProcessTestInstance$6(ClassBasedTestDescriptor.java:289)
	at org.junit.platform.engine.support.hierarchical.ThrowableCollector.execute(ThrowableCollector.java:73)
	at org.junit.jupiter.engine.descriptor.ClassBasedTestDescriptor.instantiateAndPostProcessTestInstance(ClassBasedTestDescriptor.java:288)
	at org.junit.jupiter.engine.descriptor.ClassBasedTestDescriptor.lambda$testInstancesProvider$4(ClassBasedTestDescriptor.java:278)
	at java.base/java.util.Optional.orElseGet(Optional.java:364)
	at org.junit.jupiter.engine.descriptor.ClassBasedTestDescriptor.lambda$testInstancesProvider$5(ClassBasedTestDescriptor.java:277)
	at org.junit.jupiter.engine.execution.TestInstancesProvider.getTestInstances(TestInstancesProvider.java:31)
	at org.junit.jupiter.engine.descriptor.TestMethodTestDescriptor.lambda$prepare$0(TestMethodTestDescriptor.java:105)
	at org.junit.platform.engine.support.hierarchical.ThrowableCollector.execute(ThrowableCollector.java:73)
	at org.junit.jupiter.engine.descriptor.TestMethodTestDescriptor.prepare(TestMethodTestDescriptor.java:104)
	at org.junit.jupiter.engine.descriptor.TestMethodTestDescriptor.prepare(TestMethodTestDescriptor.java:68)
	at org.junit.platform.engine.support.hierarchical.NodeTestTask.lambda$prepare$2(NodeTestTask.java:123)
	at org.junit.platform.engine.support.hierarchical.ThrowableCollector.execute(ThrowableCollector.java:73)
	at org.junit.platform.engine.support.hierarchical.NodeTestTask.prepare(NodeTestTask.java:123)
	at org.junit.platform.engine.support.hierarchical.NodeTestTask.execute(NodeTestTask.java:90)
	at java.base/java.util.ArrayList.forEach(ArrayList.java:1511)
	at org.junit.platform.engine.support.hierarchical.SameThreadHierarchicalTestExecutorService.invokeAll(SameThreadHierarchicalTestExecutorService.java:41)
	at org.junit.platform.engine.support.hierarchical.NodeTestTask.lambda$executeRecursively$6(NodeTestTask.java:155)
	at org.junit.platform.engine.support.hierarchical.ThrowableCollector.execute(ThrowableCollector.java:73)
	at org.junit.platform.engine.support.hierarchical.NodeTestTask.lambda$executeRecursively$8(NodeTestTask.java:141)
	at org.junit.platform.engine.support.hierarchical.Node.around(Node.java:137)
	at org.junit.platform.engine.support.hierarchical.NodeTestTask.lambda$executeRecursively$9(NodeTestTask.java:139)
	at org.junit.platform.engine.support.hierarchical.ThrowableCollector.execute(ThrowableCollector.java:73)
	at org.junit.platform.engine.support.hierarchical.NodeTestTask.executeRecursively(NodeTestTask.java:138)
	at org.junit.platform.engine.support.hierarchical.NodeTestTask.execute(NodeTestTask.java:95)
	at java.base/java.util.ArrayList.forEach(ArrayList.java:1511)
	at org.junit.platform.engine.support.hierarchical.SameThreadHierarchicalTestExecutorService.invokeAll(SameThreadHierarchicalTestExecutorService.java:41)
	at org.junit.platform.engine.support.hierarchical.NodeTestTask.lambda$executeRecursively$6(NodeTestTask.java:155)
	at org.junit.platform.engine.support.hierarchical.ThrowableCollector.execute(ThrowableCollector.java:73)
	at org.junit.platform.engine.support.hierarchical.NodeTestTask.lambda$executeRecursively$8(NodeTestTask.java:141)
	at org.junit.platform.engine.support.hierarchical.Node.around(Node.java:137)
	at org.junit.platform.engine.support.hierarchical.NodeTestTask.lambda$executeRecursively$9(NodeTestTask.java:139)
	at org.junit.platform.engine.support.hierarchical.ThrowableCollector.execute(ThrowableCollector.java:73)
	at org.junit.platform.engine.support.hierarchical.NodeTestTask.executeRecursively(NodeTestTask.java:138)
	at org.junit.platform.engine.support.hierarchical.NodeTestTask.execute(NodeTestTask.java:95)
	at org.junit.platform.engine.support.hierarchical.SameThreadHierarchicalTestExecutorService.submit(SameThreadHierarchicalTestExecutorService.java:35)
	at org.junit.platform.engine.support.hierarchical.HierarchicalTestExecutor.execute(HierarchicalTestExecutor.java:57)
	at org.junit.platform.engine.support.hierarchical.HierarchicalTestEngine.execute(HierarchicalTestEngine.java:54)
	at org.junit.platform.launcher.core.EngineExecutionOrchestrator.execute(EngineExecutionOrchestrator.java:147)
	at org.junit.platform.launcher.core.EngineExecutionOrchestrator.execute(EngineExecutionOrchestrator.java:127)
	at org.junit.platform.launcher.core.EngineExecutionOrchestrator.execute(EngineExecutionOrchestrator.java:90)
	at org.junit.platform.launcher.core.EngineExecutionOrchestrator.lambda$execute$0(EngineExecutionOrchestrator.java:55)
	at org.junit.platform.launcher.core.EngineExecutionOrchestrator.withInterceptedStreams(EngineExecutionOrchestrator.java:102)
	at org.junit.platform.launcher.core.EngineExecutionOrchestrator.execute(EngineExecutionOrchestrator.java:54)
	at org.junit.platform.launcher.core.DefaultLauncher.execute(DefaultLauncher.java:114)
	at org.junit.platform.launcher.core.DefaultLauncher.execute(DefaultLauncher.java:86)
	at org.junit.platform.launcher.core.DefaultLauncherSession$DelegatingLauncher.execute(DefaultLauncherSession.java:86)
	at org.apache.maven.surefire.junitplatform.LazyLauncher.execute(LazyLauncher.java:50)
	at org.apache.maven.surefire.junitplatform.JUnitPlatformProvider.execute(JUnitPlatformProvider.java:184)
	at org.apache.maven.surefire.junitplatform.JUnitPlatformProvider.invokeAllTests(JUnitPlatformProvider.java:148)
	at org.apache.maven.surefire.junitplatform.JUnitPlatformProvider.invoke(JUnitPlatformProvider.java:122)
	at org.apache.maven.surefire.booter.ForkedBooter.runSuitesInProcess(ForkedBooter.java:385)
	at org.apache.maven.surefire.booter.ForkedBooter.execute(ForkedBooter.java:162)
	at org.apache.maven.surefire.booter.ForkedBooter.run(ForkedBooter.java:507)
	at org.apache.maven.surefire.booter.ForkedBooter.main(ForkedBooter.java:495)
2023-11-24 12:36:47,102 TRACE o.h.i.SessionImpl [SessionImpl.java:402] Closing session [0172b091-9386-4c30-8594-3db4c93f02ba]
2023-11-24 12:36:47,103 TRACE o.h.e.j.i.JdbcCoordinatorImpl [JdbcCoordinatorImpl.java:152] Closing JDBC container [org.hibernate.engine.jdbc.internal.JdbcCoordinatorImpl@121e9621]
2023-11-24 12:36:47,103 TRACE o.h.r.j.i.ResourceRegistryStandardImpl [ResourceRegistryStandardImpl.java:329] Releasing JDBC resources
2023-11-24 12:36:47,103 TRACE o.h.r.j.i.LogicalConnectionManagedImpl [LogicalConnectionManagedImpl.java:256] Closing logical connection
2023-11-24 12:36:47,103 TRACE o.h.r.j.i.LogicalConnectionManagedImpl [LogicalConnectionManagedImpl.java:263] Logical connection closed
2023-11-24 12:36:47,103 TRACE o.h.i.SessionFactoryImpl$SessionBuilderImpl [SessionFactoryImpl.java:1298] Opening Hibernate Session.  tenant=null
2023-11-24 12:36:47,104 TRACE o.h.i.SessionImpl [SessionImpl.java:262] Opened Session [ff8ce79c-8956-4532-9c59-c04edee92479] at timestamp: 1700825807104
2023-11-24 12:36:47,104 TRACE o.h.i.SessionImpl [SessionImpl.java:402] Closing session [ff8ce79c-8956-4532-9c59-c04edee92479]
2023-11-24 12:36:47,104 TRACE o.h.e.j.i.JdbcCoordinatorImpl [JdbcCoordinatorImpl.java:152] Closing JDBC container [org.hibernate.engine.jdbc.internal.JdbcCoordinatorImpl@69de34de]
2023-11-24 12:36:47,104 TRACE o.h.r.j.i.ResourceRegistryStandardImpl [ResourceRegistryStandardImpl.java:329] Releasing JDBC resources
2023-11-24 12:36:47,104 TRACE o.h.r.j.i.LogicalConnectionManagedImpl [LogicalConnectionManagedImpl.java:256] Closing logical connection
2023-11-24 12:36:47,104 TRACE o.h.r.j.i.LogicalConnectionManagedImpl [LogicalConnectionManagedImpl.java:263] Logical connection closed
2023-11-24 12:36:47,106 TRACE o.h.i.SessionFactoryImpl$SessionBuilderImpl [SessionFactoryImpl.java:1298] Opening Hibernate Session.  tenant=null
2023-11-24 12:36:47,106 TRACE o.h.i.SessionImpl [SessionImpl.java:262] Opened Session [18f915d7-558b-42fc-ba4f-e781fe23be68] at timestamp: 1700825807106
2023-11-24 12:36:47,106 TRACE o.h.o.q.p.cache [QueryInterpretationCacheStandardImpl.java:121] QueryPlan#resolveHqlInterpretation( `select count(id) from SurveyReply where endtime >=  :ldtstart AND endtime < :ldtend` )
2023-11-24 12:36:47,107 DEBUG o.h.o.q.hql [StandardHqlTranslator.java:75] HQL : select count(id) from SurveyReply where endtime >=  :ldtstart AND endtime < :ldtend
2023-11-24 12:36:47,107 DEBUG o.h.o.q.h.reservedWordAsIdentifier [HqlParseTreeBuilder.java:43] Encountered use of reserved word as identifier : (
2023-11-24 12:36:47,107 DEBUG o.h.o.q.h.reservedWordAsIdentifier [HqlParseTreeBuilder.java:43] Encountered use of reserved word as identifier : )
2023-11-24 12:36:47,108 DEBUG o.h.q.h.i.SemanticQueryBuilder [SemanticQueryBuilder.java:1904] Handling root path - SurveyReply
2023-11-24 12:36:47,108 TRACE o.h.o.q.s.creation [SqmPathRegistryImpl.java:59] SqmProcessingIndex#register(SqmPath) : franco.maurizio.hr.desk.com.persistence.entity.SurveyReply(961691071973655)
2023-11-24 12:36:47,108 TRACE o.h.o.q.hql [BasicDotIdentifierConsumer.java:83] BasicDotIdentifierHandler#consumeIdentifier( id, true, true ) - id
2023-11-24 12:36:47,109 TRACE o.h.o.q.hql [BasicDotIdentifierConsumer.java:118] BaseLocalSequencePart#consumeIdentifier( id, true, true ) - id
2023-11-24 12:36:47,109 DEBUG o.h.o.q.hql [SqmPathRegistryImpl.java:209] Unable to resolve unqualified attribute [id] in local from-clause
2023-11-24 12:36:47,109 TRACE o.h.o.q.hql [BasicDotIdentifierConsumer.java:83] BasicDotIdentifierHandler#consumeIdentifier( endtime, true, true ) - endtime
2023-11-24 12:36:47,109 TRACE o.h.o.q.hql [BasicDotIdentifierConsumer.java:118] BaseLocalSequencePart#consumeIdentifier( endtime, true, true ) - endtime
2023-11-24 12:36:47,109 DEBUG o.h.o.q.hql [SqmPathRegistryImpl.java:209] Unable to resolve unqualified attribute [endtime] in local from-clause
2023-11-24 12:36:47,110 DEBUG o.h.o.q.s.creation [AbstractSqmExpression.java:57] Applying inferable type to SqmExpression [SqmNamedParameter(ldtstart)] : null -> BasicSqmPathSource(endtime : LocalDateTime)
2023-11-24 12:36:47,110 TRACE o.h.o.q.hql [BasicDotIdentifierConsumer.java:83] BasicDotIdentifierHandler#consumeIdentifier( endtime, true, true ) - endtime
2023-11-24 12:36:47,110 TRACE o.h.o.q.hql [BasicDotIdentifierConsumer.java:118] BaseLocalSequencePart#consumeIdentifier( endtime, true, true ) - endtime
2023-11-24 12:36:47,110 DEBUG o.h.o.q.hql [SqmPathRegistryImpl.java:209] Unable to resolve unqualified attribute [endtime] in local from-clause
2023-11-24 12:36:47,111 DEBUG o.h.o.q.s.creation [AbstractSqmExpression.java:57] Applying inferable type to SqmExpression [SqmNamedParameter(ldtend)] : null -> BasicSqmPathSource(endtime : LocalDateTime)
2023-11-24 12:36:47,111 DEBUG o.h.o.q.s.ast [SqmTreePrinter.java:168] SqmStatement Tree :
    -> [select]
      -> [query-spec]
        -> [select]
          -> [selection]
          <- [selection]
        <- [select]
        -> [from]
          -> [root] - `franco.maurizio.hr.desk.com.persistence.entity.SurveyReply(961691071973655)`
          <- [root] - `franco.maurizio.hr.desk.com.persistence.entity.SurveyReply(961691071973655)`
        <- [from]
        -> [where]
          -> [and]
            -> [GREATER_THAN_OR_EQUAL]
                -> [basic-path] - `franco.maurizio.hr.desk.com.persistence.entity.SurveyReply(961691071973655).endtime`
                :ldtstart
            <- [GREATER_THAN_OR_EQUAL]
            -> [LESS_THAN]
                -> [basic-path] - `franco.maurizio.hr.desk.com.persistence.entity.SurveyReply(961691071973655).endtime`
                :ldtend
            <- [LESS_THAN]
          <- [and]
        <- [where]
      <- [query-spec]
    <- [select]

2023-11-24 12:36:47,111 TRACE o.h.i.SessionImpl [SessionImpl.java:402] Closing session [18f915d7-558b-42fc-ba4f-e781fe23be68]
2023-11-24 12:36:47,111 TRACE o.h.e.j.i.JdbcCoordinatorImpl [JdbcCoordinatorImpl.java:152] Closing JDBC container [org.hibernate.engine.jdbc.internal.JdbcCoordinatorImpl@6d833e44]
2023-11-24 12:36:47,112 TRACE o.h.r.j.i.ResourceRegistryStandardImpl [ResourceRegistryStandardImpl.java:329] Releasing JDBC resources
2023-11-24 12:36:47,112 TRACE o.h.r.j.i.LogicalConnectionManagedImpl [LogicalConnectionManagedImpl.java:256] Closing logical connection
2023-11-24 12:36:47,112 TRACE o.h.r.j.i.LogicalConnectionManagedImpl [LogicalConnectionManagedImpl.java:263] Logical connection closed
2023-11-24 12:36:47,116 TRACE o.h.i.SessionFactoryImpl$SessionBuilderImpl [SessionFactoryImpl.java:1298] Opening Hibernate Session.  tenant=null
2023-11-24 12:36:47,116 TRACE o.h.i.SessionImpl [SessionImpl.java:262] Opened Session [672bf404-9e6e-446f-80e1-fb3db3e439b2] at timestamp: 1700825807116
2023-11-24 12:36:47,117 TRACE o.h.i.SessionImpl [SessionImpl.java:402] Closing session [672bf404-9e6e-446f-80e1-fb3db3e439b2]
2023-11-24 12:36:47,117 TRACE o.h.e.j.i.JdbcCoordinatorImpl [JdbcCoordinatorImpl.java:152] Closing JDBC container [org.hibernate.engine.jdbc.internal.JdbcCoordinatorImpl@26e96733]
2023-11-24 12:36:47,117 TRACE o.h.r.j.i.ResourceRegistryStandardImpl [ResourceRegistryStandardImpl.java:329] Releasing JDBC resources
2023-11-24 12:36:47,117 TRACE o.h.r.j.i.LogicalConnectionManagedImpl [LogicalConnectionManagedImpl.java:256] Closing logical connection
2023-11-24 12:36:47,117 TRACE o.h.r.j.i.LogicalConnectionManagedImpl [LogicalConnectionManagedImpl.java:263] Logical connection closed
2023-11-24 12:36:47,122 TRACE o.h.i.SessionFactoryImpl$SessionBuilderImpl [SessionFactoryImpl.java:1298] Opening Hibernate Session.  tenant=null
2023-11-24 12:36:47,122 TRACE o.h.i.SessionImpl [SessionImpl.java:262] Opened Session [1d28722b-94e9-4657-bce7-2e5ac5442b85] at timestamp: 1700825807122
2023-11-24 12:36:47,122 TRACE o.h.i.SessionImpl [SessionImpl.java:402] Closing session [1d28722b-94e9-4657-bce7-2e5ac5442b85]
2023-11-24 12:36:47,122 TRACE o.h.e.j.i.JdbcCoordinatorImpl [JdbcCoordinatorImpl.java:152] Closing JDBC container [org.hibernate.engine.jdbc.internal.JdbcCoordinatorImpl@d6fc31c]
2023-11-24 12:36:47,122 TRACE o.h.r.j.i.ResourceRegistryStandardImpl [ResourceRegistryStandardImpl.java:329] Releasing JDBC resources
2023-11-24 12:36:47,123 TRACE o.h.r.j.i.LogicalConnectionManagedImpl [LogicalConnectionManagedImpl.java:256] Closing logical connection
2023-11-24 12:36:47,123 TRACE o.h.r.j.i.LogicalConnectionManagedImpl [LogicalConnectionManagedImpl.java:263] Logical connection closed
2023-11-24 12:36:47,150 TRACE o.h.i.SessionFactoryImpl$SessionBuilderImpl [SessionFactoryImpl.java:1298] Opening Hibernate Session.  tenant=null
2023-11-24 12:36:47,150 TRACE o.h.i.SessionImpl [SessionImpl.java:262] Opened Session [36973dca-9e7e-41e9-bb9c-98cc632c9bdf] at timestamp: 1700825807150
2023-11-24 12:36:47,150 DEBUG o.h.r.t.b.j.i.JdbcResourceLocalTransactionCoordinatorImpl [JdbcResourceLocalTransactionCoordinatorImpl.java:310] JDBC transaction marked for rollback-only (exception provided for stack trace)
java.lang.Exception: exception just for purpose of providing stack trace
	at org.hibernate.resource.transaction.backend.jdbc.internal.JdbcResourceLocalTransactionCoordinatorImpl$TransactionDriverControlImpl.markRollbackOnly(JdbcResourceLocalTransactionCoordinatorImpl.java:310)
	at org.hibernate.internal.AbstractSharedSessionContract.buildNamedQuery(AbstractSharedSessionContract.java:1021)
	at org.hibernate.internal.AbstractSharedSessionContract.createNamedQuery(AbstractSharedSessionContract.java:899)
	at org.hibernate.internal.AbstractSharedSessionContract.createNamedQuery(AbstractSharedSessionContract.java:120)
	at jdk.internal.reflect.GeneratedMethodAccessor47.invoke(Unknown Source)
	at java.base/jdk.internal.reflect.DelegatingMethodAccessorImpl.invoke(DelegatingMethodAccessorImpl.java:43)
	at java.base/java.lang.reflect.Method.invoke(Method.java:568)
	at org.springframework.orm.jpa.ExtendedEntityManagerCreator$ExtendedEntityManagerInvocationHandler.invoke(ExtendedEntityManagerCreator.java:360)
	at jdk.proxy2/jdk.proxy2.$Proxy191.createNamedQuery(Unknown Source)
	at org.springframework.data.jpa.repository.query.NamedQuery.hasNamedQuery(NamedQuery.java:113)
	at org.springframework.data.jpa.repository.query.NamedQuery.lookupFrom(NamedQuery.java:141)
	at org.springframework.data.jpa.repository.query.JpaQueryLookupStrategy$DeclaredQueryLookupStrategy.resolveQuery(JpaQueryLookupStrategy.java:180)
	at org.springframework.data.jpa.repository.query.JpaQueryLookupStrategy$CreateIfNotFoundQueryLookupStrategy.resolveQuery(JpaQueryLookupStrategy.java:252)
	at org.springframework.data.jpa.repository.query.JpaQueryLookupStrategy$AbstractQueryLookupStrategy.resolveQuery(JpaQueryLookupStrategy.java:95)
	at org.springframework.data.repository.core.support.QueryExecutorMethodInterceptor.lookupQuery(QueryExecutorMethodInterceptor.java:111)
	at org.springframework.data.repository.core.support.QueryExecutorMethodInterceptor.mapMethodsToQuery(QueryExecutorMethodInterceptor.java:99)
	at org.springframework.data.repository.core.support.QueryExecutorMethodInterceptor.lambda$new$0(QueryExecutorMethodInterceptor.java:88)
	at java.base/java.util.Optional.map(Optional.java:260)
	at org.springframework.data.repository.core.support.QueryExecutorMethodInterceptor.<init>(QueryExecutorMethodInterceptor.java:88)
	at org.springframework.data.repository.core.support.RepositoryFactorySupport.getRepository(RepositoryFactorySupport.java:357)
	at org.springframework.data.repository.core.support.RepositoryFactoryBeanSupport.lambda$afterPropertiesSet$5(RepositoryFactoryBeanSupport.java:279)
	at org.springframework.data.util.Lazy.getNullable(Lazy.java:245)
	at org.springframework.data.util.Lazy.get(Lazy.java:114)
	at org.springframework.data.repository.core.support.RepositoryFactoryBeanSupport.afterPropertiesSet(RepositoryFactoryBeanSupport.java:285)
	at org.springframework.data.jpa.repository.support.JpaRepositoryFactoryBean.afterPropertiesSet(JpaRepositoryFactoryBean.java:132)
	at org.springframework.beans.factory.support.AbstractAutowireCapableBeanFactory.invokeInitMethods(AbstractAutowireCapableBeanFactory.java:1817)
	at org.springframework.beans.factory.support.AbstractAutowireCapableBeanFactory.initializeBean(AbstractAutowireCapableBeanFactory.java:1766)
	at org.springframework.beans.factory.support.AbstractAutowireCapableBeanFactory.doCreateBean(AbstractAutowireCapableBeanFactory.java:598)
	at org.springframework.beans.factory.support.AbstractAutowireCapableBeanFactory.createBean(AbstractAutowireCapableBeanFactory.java:520)
	at org.springframework.beans.factory.support.AbstractBeanFactory.lambda$doGetBean$0(AbstractBeanFactory.java:325)
	at org.springframework.beans.factory.support.DefaultSingletonBeanRegistry.getSingleton(DefaultSingletonBeanRegistry.java:234)
	at org.springframework.beans.factory.support.AbstractBeanFactory.doGetBean(AbstractBeanFactory.java:323)
	at org.springframework.beans.factory.support.AbstractBeanFactory.getBean(AbstractBeanFactory.java:199)
	at org.springframework.beans.factory.config.DependencyDescriptor.resolveCandidate(DependencyDescriptor.java:254)
	at org.springframework.beans.factory.support.DefaultListableBeanFactory.doResolveDependency(DefaultListableBeanFactory.java:1417)
	at org.springframework.beans.factory.support.DefaultListableBeanFactory.resolveDependency(DefaultListableBeanFactory.java:1337)
	at org.springframework.beans.factory.annotation.AutowiredAnnotationBeanPostProcessor$AutowiredFieldElement.resolveFieldValue(AutowiredAnnotationBeanPostProcessor.java:764)
	at org.springframework.beans.factory.annotation.AutowiredAnnotationBeanPostProcessor$AutowiredFieldElement.inject(AutowiredAnnotationBeanPostProcessor.java:747)
	at org.springframework.beans.factory.annotation.InjectionMetadata.inject(InjectionMetadata.java:145)
	at org.springframework.beans.factory.annotation.AutowiredAnnotationBeanPostProcessor.postProcessProperties(AutowiredAnnotationBeanPostProcessor.java:492)
	at org.springframework.beans.factory.support.AbstractAutowireCapableBeanFactory.populateBean(AbstractAutowireCapableBeanFactory.java:1416)
	at org.springframework.beans.factory.support.AbstractAutowireCapableBeanFactory.doCreateBean(AbstractAutowireCapableBeanFactory.java:597)
	at org.springframework.beans.factory.support.AbstractAutowireCapableBeanFactory.createBean(AbstractAutowireCapableBeanFactory.java:520)
	at org.springframework.beans.factory.support.AbstractBeanFactory.lambda$doGetBean$0(AbstractBeanFactory.java:325)
	at org.springframework.beans.factory.support.DefaultSingletonBeanRegistry.getSingleton(DefaultSingletonBeanRegistry.java:234)
	at org.springframework.beans.factory.support.AbstractBeanFactory.doGetBean(AbstractBeanFactory.java:323)
	at org.springframework.beans.factory.support.AbstractBeanFactory.getBean(AbstractBeanFactory.java:199)
	at org.springframework.beans.factory.config.DependencyDescriptor.resolveCandidate(DependencyDescriptor.java:254)
	at org.springframework.beans.factory.support.DefaultListableBeanFactory.doResolveDependency(DefaultListableBeanFactory.java:1417)
	at org.springframework.beans.factory.support.DefaultListableBeanFactory.resolveDependency(DefaultListableBeanFactory.java:1337)
	at org.springframework.beans.factory.annotation.AutowiredAnnotationBeanPostProcessor$AutowiredFieldElement.resolveFieldValue(AutowiredAnnotationBeanPostProcessor.java:764)
	at org.springframework.beans.factory.annotation.AutowiredAnnotationBeanPostProcessor$AutowiredFieldElement.inject(AutowiredAnnotationBeanPostProcessor.java:747)
	at org.springframework.beans.factory.annotation.InjectionMetadata.inject(InjectionMetadata.java:145)
	at org.springframework.beans.factory.annotation.AutowiredAnnotationBeanPostProcessor.postProcessProperties(AutowiredAnnotationBeanPostProcessor.java:492)
	at org.springframework.beans.factory.support.AbstractAutowireCapableBeanFactory.populateBean(AbstractAutowireCapableBeanFactory.java:1416)
	at org.springframework.beans.factory.support.AbstractAutowireCapableBeanFactory.doCreateBean(AbstractAutowireCapableBeanFactory.java:597)
	at org.springframework.beans.factory.support.AbstractAutowireCapableBeanFactory.createBean(AbstractAutowireCapableBeanFactory.java:520)
	at org.springframework.beans.factory.support.AbstractBeanFactory.lambda$doGetBean$0(AbstractBeanFactory.java:325)
	at org.springframework.beans.factory.support.DefaultSingletonBeanRegistry.getSingleton(DefaultSingletonBeanRegistry.java:234)
	at org.springframework.beans.factory.support.AbstractBeanFactory.doGetBean(AbstractBeanFactory.java:323)
	at org.springframework.beans.factory.support.AbstractBeanFactory.getBean(AbstractBeanFactory.java:199)
	at org.springframework.beans.factory.config.DependencyDescriptor.resolveCandidate(DependencyDescriptor.java:254)
	at org.springframework.beans.factory.support.DefaultListableBeanFactory.doResolveDependency(DefaultListableBeanFactory.java:1417)
	at org.springframework.beans.factory.support.DefaultListableBeanFactory.resolveDependency(DefaultListableBeanFactory.java:1337)
	at org.springframework.beans.factory.annotation.AutowiredAnnotationBeanPostProcessor$AutowiredFieldElement.resolveFieldValue(AutowiredAnnotationBeanPostProcessor.java:764)
	at org.springframework.beans.factory.annotation.AutowiredAnnotationBeanPostProcessor$AutowiredFieldElement.inject(AutowiredAnnotationBeanPostProcessor.java:747)
	at org.springframework.beans.factory.annotation.InjectionMetadata.inject(InjectionMetadata.java:145)
	at org.springframework.beans.factory.annotation.AutowiredAnnotationBeanPostProcessor.postProcessProperties(AutowiredAnnotationBeanPostProcessor.java:492)
	at org.springframework.beans.factory.support.AbstractAutowireCapableBeanFactory.populateBean(AbstractAutowireCapableBeanFactory.java:1416)
	at org.springframework.beans.factory.support.AbstractAutowireCapableBeanFactory.doCreateBean(AbstractAutowireCapableBeanFactory.java:597)
	at org.springframework.beans.factory.support.AbstractAutowireCapableBeanFactory.createBean(AbstractAutowireCapableBeanFactory.java:520)
	at org.springframework.beans.factory.support.AbstractBeanFactory.lambda$doGetBean$0(AbstractBeanFactory.java:325)
	at org.springframework.beans.factory.support.DefaultSingletonBeanRegistry.getSingleton(DefaultSingletonBeanRegistry.java:234)
	at org.springframework.beans.factory.support.AbstractBeanFactory.doGetBean(AbstractBeanFactory.java:323)
	at org.springframework.beans.factory.support.AbstractBeanFactory.getBean(AbstractBeanFactory.java:199)
	at org.springframework.beans.factory.support.DefaultListableBeanFactory.preInstantiateSingletons(DefaultListableBeanFactory.java:973)
	at org.springframework.context.support.AbstractApplicationContext.finishBeanFactoryInitialization(AbstractApplicationContext.java:950)
	at org.springframework.context.support.AbstractApplicationContext.refresh(AbstractApplicationContext.java:616)
	at org.springframework.boot.SpringApplication.refresh(SpringApplication.java:738)
	at org.springframework.boot.SpringApplication.refreshContext(SpringApplication.java:440)
	at org.springframework.boot.SpringApplication.run(SpringApplication.java:316)
	at org.springframework.boot.test.context.SpringBootContextLoader.lambda$loadContext$3(SpringBootContextLoader.java:137)
	at org.springframework.util.function.ThrowingSupplier.get(ThrowingSupplier.java:58)
	at org.springframework.util.function.ThrowingSupplier.get(ThrowingSupplier.java:46)
	at org.springframework.boot.SpringApplication.withHook(SpringApplication.java:1406)
	at org.springframework.boot.test.context.SpringBootContextLoader$ContextLoaderHook.run(SpringBootContextLoader.java:545)
	at org.springframework.boot.test.context.SpringBootContextLoader.loadContext(SpringBootContextLoader.java:137)
	at org.springframework.boot.test.context.SpringBootContextLoader.loadContext(SpringBootContextLoader.java:108)
	at org.springframework.test.context.cache.DefaultCacheAwareContextLoaderDelegate.loadContextInternal(DefaultCacheAwareContextLoaderDelegate.java:187)
	at org.springframework.test.context.cache.DefaultCacheAwareContextLoaderDelegate.loadContext(DefaultCacheAwareContextLoaderDelegate.java:119)
	at org.springframework.test.context.support.DefaultTestContext.getApplicationContext(DefaultTestContext.java:127)
	at org.springframework.test.context.web.ServletTestExecutionListener.setUpRequestContextIfNecessary(ServletTestExecutionListener.java:191)
	at org.springframework.test.context.web.ServletTestExecutionListener.prepareTestInstance(ServletTestExecutionListener.java:130)
	at org.springframework.test.context.TestContextManager.prepareTestInstance(TestContextManager.java:241)
	at org.springframework.test.context.junit.jupiter.SpringExtension.postProcessTestInstance(SpringExtension.java:138)
	at org.junit.jupiter.engine.descriptor.ClassBasedTestDescriptor.lambda$invokeTestInstancePostProcessors$10(ClassBasedTestDescriptor.java:377)
	at org.junit.jupiter.engine.descriptor.ClassBasedTestDescriptor.executeAndMaskThrowable(ClassBasedTestDescriptor.java:382)
	at org.junit.jupiter.engine.descriptor.ClassBasedTestDescriptor.lambda$invokeTestInstancePostProcessors$11(ClassBasedTestDescriptor.java:377)
	at java.base/java.util.stream.ReferencePipeline$3$1.accept(ReferencePipeline.java:197)
	at java.base/java.util.stream.ReferencePipeline$2$1.accept(ReferencePipeline.java:179)
	at java.base/java.util.ArrayList$ArrayListSpliterator.forEachRemaining(ArrayList.java:1625)
	at java.base/java.util.stream.AbstractPipeline.copyInto(AbstractPipeline.java:509)
	at java.base/java.util.stream.AbstractPipeline.wrapAndCopyInto(AbstractPipeline.java:499)
	at java.base/java.util.stream.StreamSpliterators$WrappingSpliterator.forEachRemaining(StreamSpliterators.java:310)
	at java.base/java.util.stream.Streams$ConcatSpliterator.forEachRemaining(Streams.java:735)
	at java.base/java.util.stream.Streams$ConcatSpliterator.forEachRemaining(Streams.java:734)
	at java.base/java.util.stream.ReferencePipeline$Head.forEach(ReferencePipeline.java:762)
	at org.junit.jupiter.engine.descriptor.ClassBasedTestDescriptor.invokeTestInstancePostProcessors(ClassBasedTestDescriptor.java:376)
	at org.junit.jupiter.engine.descriptor.ClassBasedTestDescriptor.lambda$instantiateAndPostProcessTestInstance$6(ClassBasedTestDescriptor.java:289)
	at org.junit.platform.engine.support.hierarchical.ThrowableCollector.execute(ThrowableCollector.java:73)
	at org.junit.jupiter.engine.descriptor.ClassBasedTestDescriptor.instantiateAndPostProcessTestInstance(ClassBasedTestDescriptor.java:288)
	at org.junit.jupiter.engine.descriptor.ClassBasedTestDescriptor.lambda$testInstancesProvider$4(ClassBasedTestDescriptor.java:278)
	at java.base/java.util.Optional.orElseGet(Optional.java:364)
	at org.junit.jupiter.engine.descriptor.ClassBasedTestDescriptor.lambda$testInstancesProvider$5(ClassBasedTestDescriptor.java:277)
	at org.junit.jupiter.engine.execution.TestInstancesProvider.getTestInstances(TestInstancesProvider.java:31)
	at org.junit.jupiter.engine.descriptor.TestMethodTestDescriptor.lambda$prepare$0(TestMethodTestDescriptor.java:105)
	at org.junit.platform.engine.support.hierarchical.ThrowableCollector.execute(ThrowableCollector.java:73)
	at org.junit.jupiter.engine.descriptor.TestMethodTestDescriptor.prepare(TestMethodTestDescriptor.java:104)
	at org.junit.jupiter.engine.descriptor.TestMethodTestDescriptor.prepare(TestMethodTestDescriptor.java:68)
	at org.junit.platform.engine.support.hierarchical.NodeTestTask.lambda$prepare$2(NodeTestTask.java:123)
	at org.junit.platform.engine.support.hierarchical.ThrowableCollector.execute(ThrowableCollector.java:73)
	at org.junit.platform.engine.support.hierarchical.NodeTestTask.prepare(NodeTestTask.java:123)
	at org.junit.platform.engine.support.hierarchical.NodeTestTask.execute(NodeTestTask.java:90)
	at java.base/java.util.ArrayList.forEach(ArrayList.java:1511)
	at org.junit.platform.engine.support.hierarchical.SameThreadHierarchicalTestExecutorService.invokeAll(SameThreadHierarchicalTestExecutorService.java:41)
	at org.junit.platform.engine.support.hierarchical.NodeTestTask.lambda$executeRecursively$6(NodeTestTask.java:155)
	at org.junit.platform.engine.support.hierarchical.ThrowableCollector.execute(ThrowableCollector.java:73)
	at org.junit.platform.engine.support.hierarchical.NodeTestTask.lambda$executeRecursively$8(NodeTestTask.java:141)
	at org.junit.platform.engine.support.hierarchical.Node.around(Node.java:137)
	at org.junit.platform.engine.support.hierarchical.NodeTestTask.lambda$executeRecursively$9(NodeTestTask.java:139)
	at org.junit.platform.engine.support.hierarchical.ThrowableCollector.execute(ThrowableCollector.java:73)
	at org.junit.platform.engine.support.hierarchical.NodeTestTask.executeRecursively(NodeTestTask.java:138)
	at org.junit.platform.engine.support.hierarchical.NodeTestTask.execute(NodeTestTask.java:95)
	at java.base/java.util.ArrayList.forEach(ArrayList.java:1511)
	at org.junit.platform.engine.support.hierarchical.SameThreadHierarchicalTestExecutorService.invokeAll(SameThreadHierarchicalTestExecutorService.java:41)
	at org.junit.platform.engine.support.hierarchical.NodeTestTask.lambda$executeRecursively$6(NodeTestTask.java:155)
	at org.junit.platform.engine.support.hierarchical.ThrowableCollector.execute(ThrowableCollector.java:73)
	at org.junit.platform.engine.support.hierarchical.NodeTestTask.lambda$executeRecursively$8(NodeTestTask.java:141)
	at org.junit.platform.engine.support.hierarchical.Node.around(Node.java:137)
	at org.junit.platform.engine.support.hierarchical.NodeTestTask.lambda$executeRecursively$9(NodeTestTask.java:139)
	at org.junit.platform.engine.support.hierarchical.ThrowableCollector.execute(ThrowableCollector.java:73)
	at org.junit.platform.engine.support.hierarchical.NodeTestTask.executeRecursively(NodeTestTask.java:138)
	at org.junit.platform.engine.support.hierarchical.NodeTestTask.execute(NodeTestTask.java:95)
	at org.junit.platform.engine.support.hierarchical.SameThreadHierarchicalTestExecutorService.submit(SameThreadHierarchicalTestExecutorService.java:35)
	at org.junit.platform.engine.support.hierarchical.HierarchicalTestExecutor.execute(HierarchicalTestExecutor.java:57)
	at org.junit.platform.engine.support.hierarchical.HierarchicalTestEngine.execute(HierarchicalTestEngine.java:54)
	at org.junit.platform.launcher.core.EngineExecutionOrchestrator.execute(EngineExecutionOrchestrator.java:147)
	at org.junit.platform.launcher.core.EngineExecutionOrchestrator.execute(EngineExecutionOrchestrator.java:127)
	at org.junit.platform.launcher.core.EngineExecutionOrchestrator.execute(EngineExecutionOrchestrator.java:90)
	at org.junit.platform.launcher.core.EngineExecutionOrchestrator.lambda$execute$0(EngineExecutionOrchestrator.java:55)
	at org.junit.platform.launcher.core.EngineExecutionOrchestrator.withInterceptedStreams(EngineExecutionOrchestrator.java:102)
	at org.junit.platform.launcher.core.EngineExecutionOrchestrator.execute(EngineExecutionOrchestrator.java:54)
	at org.junit.platform.launcher.core.DefaultLauncher.execute(DefaultLauncher.java:114)
	at org.junit.platform.launcher.core.DefaultLauncher.execute(DefaultLauncher.java:86)
	at org.junit.platform.launcher.core.DefaultLauncherSession$DelegatingLauncher.execute(DefaultLauncherSession.java:86)
	at org.apache.maven.surefire.junitplatform.LazyLauncher.execute(LazyLauncher.java:50)
	at org.apache.maven.surefire.junitplatform.JUnitPlatformProvider.execute(JUnitPlatformProvider.java:184)
	at org.apache.maven.surefire.junitplatform.JUnitPlatformProvider.invokeAllTests(JUnitPlatformProvider.java:148)
	at org.apache.maven.surefire.junitplatform.JUnitPlatformProvider.invoke(JUnitPlatformProvider.java:122)
	at org.apache.maven.surefire.booter.ForkedBooter.runSuitesInProcess(ForkedBooter.java:385)
	at org.apache.maven.surefire.booter.ForkedBooter.execute(ForkedBooter.java:162)
	at org.apache.maven.surefire.booter.ForkedBooter.run(ForkedBooter.java:507)
	at org.apache.maven.surefire.booter.ForkedBooter.main(ForkedBooter.java:495)
2023-11-24 12:36:47,151 TRACE o.h.i.SessionImpl [SessionImpl.java:402] Closing session [36973dca-9e7e-41e9-bb9c-98cc632c9bdf]
2023-11-24 12:36:47,151 TRACE o.h.e.j.i.JdbcCoordinatorImpl [JdbcCoordinatorImpl.java:152] Closing JDBC container [org.hibernate.engine.jdbc.internal.JdbcCoordinatorImpl@b322f3a]
2023-11-24 12:36:47,151 TRACE o.h.r.j.i.ResourceRegistryStandardImpl [ResourceRegistryStandardImpl.java:329] Releasing JDBC resources
2023-11-24 12:36:47,151 TRACE o.h.r.j.i.LogicalConnectionManagedImpl [LogicalConnectionManagedImpl.java:256] Closing logical connection
2023-11-24 12:36:47,151 TRACE o.h.r.j.i.LogicalConnectionManagedImpl [LogicalConnectionManagedImpl.java:263] Logical connection closed
2023-11-24 12:36:47,151 TRACE o.h.i.SessionFactoryImpl$SessionBuilderImpl [SessionFactoryImpl.java:1298] Opening Hibernate Session.  tenant=null
2023-11-24 12:36:47,152 TRACE o.h.i.SessionImpl [SessionImpl.java:262] Opened Session [927cfa2a-9e51-411d-b585-36ed1984370a] at timestamp: 1700825807152
2023-11-24 12:36:47,152 TRACE o.h.i.SessionImpl [SessionImpl.java:402] Closing session [927cfa2a-9e51-411d-b585-36ed1984370a]
2023-11-24 12:36:47,152 TRACE o.h.e.j.i.JdbcCoordinatorImpl [JdbcCoordinatorImpl.java:152] Closing JDBC container [org.hibernate.engine.jdbc.internal.JdbcCoordinatorImpl@78367a63]
2023-11-24 12:36:47,152 TRACE o.h.r.j.i.ResourceRegistryStandardImpl [ResourceRegistryStandardImpl.java:329] Releasing JDBC resources
2023-11-24 12:36:47,152 TRACE o.h.r.j.i.LogicalConnectionManagedImpl [LogicalConnectionManagedImpl.java:256] Closing logical connection
2023-11-24 12:36:47,152 TRACE o.h.r.j.i.LogicalConnectionManagedImpl [LogicalConnectionManagedImpl.java:263] Logical connection closed
2023-11-24 12:36:47,155 TRACE o.h.i.SessionFactoryImpl$SessionBuilderImpl [SessionFactoryImpl.java:1298] Opening Hibernate Session.  tenant=null
2023-11-24 12:36:47,155 TRACE o.h.i.SessionImpl [SessionImpl.java:262] Opened Session [72afd480-2c35-46f8-a2fc-bef1bfc57fea] at timestamp: 1700825807155
2023-11-24 12:36:47,155 TRACE o.h.i.SessionImpl [SessionImpl.java:402] Closing session [72afd480-2c35-46f8-a2fc-bef1bfc57fea]
2023-11-24 12:36:47,156 TRACE o.h.e.j.i.JdbcCoordinatorImpl [JdbcCoordinatorImpl.java:152] Closing JDBC container [org.hibernate.engine.jdbc.internal.JdbcCoordinatorImpl@1343f77d]
2023-11-24 12:36:47,156 TRACE o.h.r.j.i.ResourceRegistryStandardImpl [ResourceRegistryStandardImpl.java:329] Releasing JDBC resources
2023-11-24 12:36:47,156 TRACE o.h.r.j.i.LogicalConnectionManagedImpl [LogicalConnectionManagedImpl.java:256] Closing logical connection
2023-11-24 12:36:47,156 TRACE o.h.r.j.i.LogicalConnectionManagedImpl [LogicalConnectionManagedImpl.java:263] Logical connection closed
2023-11-24 12:36:47,158 TRACE o.h.i.SessionFactoryImpl$SessionBuilderImpl [SessionFactoryImpl.java:1298] Opening Hibernate Session.  tenant=null
2023-11-24 12:36:47,158 TRACE o.h.i.SessionImpl [SessionImpl.java:262] Opened Session [b937138f-63aa-4784-bc3f-60db9c852597] at timestamp: 1700825807158
2023-11-24 12:36:47,158 TRACE o.h.i.SessionImpl [SessionImpl.java:402] Closing session [b937138f-63aa-4784-bc3f-60db9c852597]
2023-11-24 12:36:47,158 TRACE o.h.e.j.i.JdbcCoordinatorImpl [JdbcCoordinatorImpl.java:152] Closing JDBC container [org.hibernate.engine.jdbc.internal.JdbcCoordinatorImpl@4c8b3bd6]
2023-11-24 12:36:47,159 TRACE o.h.r.j.i.ResourceRegistryStandardImpl [ResourceRegistryStandardImpl.java:329] Releasing JDBC resources
2023-11-24 12:36:47,159 TRACE o.h.r.j.i.LogicalConnectionManagedImpl [LogicalConnectionManagedImpl.java:256] Closing logical connection
2023-11-24 12:36:47,159 TRACE o.h.r.j.i.LogicalConnectionManagedImpl [LogicalConnectionManagedImpl.java:263] Logical connection closed
2023-11-24 12:36:47,168 TRACE o.h.i.SessionFactoryImpl$SessionBuilderImpl [SessionFactoryImpl.java:1298] Opening Hibernate Session.  tenant=null
2023-11-24 12:36:47,169 TRACE o.h.i.SessionImpl [SessionImpl.java:262] Opened Session [eff0d9de-ac70-4482-a270-06a6a65b3dc6] at timestamp: 1700825807169
2023-11-24 12:36:47,169 TRACE o.h.i.SessionImpl [SessionImpl.java:402] Closing session [eff0d9de-ac70-4482-a270-06a6a65b3dc6]
2023-11-24 12:36:47,169 TRACE o.h.e.j.i.JdbcCoordinatorImpl [JdbcCoordinatorImpl.java:152] Closing JDBC container [org.hibernate.engine.jdbc.internal.JdbcCoordinatorImpl@310a72a9]
2023-11-24 12:36:47,169 TRACE o.h.r.j.i.ResourceRegistryStandardImpl [ResourceRegistryStandardImpl.java:329] Releasing JDBC resources
2023-11-24 12:36:47,170 TRACE o.h.r.j.i.LogicalConnectionManagedImpl [LogicalConnectionManagedImpl.java:256] Closing logical connection
2023-11-24 12:36:47,170 TRACE o.h.r.j.i.LogicalConnectionManagedImpl [LogicalConnectionManagedImpl.java:263] Logical connection closed
2023-11-24 12:36:47,171 TRACE o.h.i.SessionFactoryImpl$SessionBuilderImpl [SessionFactoryImpl.java:1298] Opening Hibernate Session.  tenant=null
2023-11-24 12:36:47,172 TRACE o.h.i.SessionImpl [SessionImpl.java:262] Opened Session [38aef14a-44a3-4703-aba4-900b44380f28] at timestamp: 1700825807172
2023-11-24 12:36:47,172 TRACE o.h.i.SessionImpl [SessionImpl.java:402] Closing session [38aef14a-44a3-4703-aba4-900b44380f28]
2023-11-24 12:36:47,172 TRACE o.h.e.j.i.JdbcCoordinatorImpl [JdbcCoordinatorImpl.java:152] Closing JDBC container [org.hibernate.engine.jdbc.internal.JdbcCoordinatorImpl@1b00803d]
2023-11-24 12:36:47,172 TRACE o.h.r.j.i.ResourceRegistryStandardImpl [ResourceRegistryStandardImpl.java:329] Releasing JDBC resources
2023-11-24 12:36:47,172 TRACE o.h.r.j.i.LogicalConnectionManagedImpl [LogicalConnectionManagedImpl.java:256] Closing logical connection
2023-11-24 12:36:47,172 TRACE o.h.r.j.i.LogicalConnectionManagedImpl [LogicalConnectionManagedImpl.java:263] Logical connection closed
2023-11-24 12:36:47,202 TRACE o.h.i.SessionFactoryImpl$SessionBuilderImpl [SessionFactoryImpl.java:1298] Opening Hibernate Session.  tenant=null
2023-11-24 12:36:47,202 TRACE o.h.i.SessionImpl [SessionImpl.java:262] Opened Session [ecb0dd7d-2df9-4264-bf71-12c0960e5b5a] at timestamp: 1700825807202
2023-11-24 12:36:47,203 DEBUG o.h.r.t.b.j.i.JdbcResourceLocalTransactionCoordinatorImpl [JdbcResourceLocalTransactionCoordinatorImpl.java:310] JDBC transaction marked for rollback-only (exception provided for stack trace)
java.lang.Exception: exception just for purpose of providing stack trace
	at org.hibernate.resource.transaction.backend.jdbc.internal.JdbcResourceLocalTransactionCoordinatorImpl$TransactionDriverControlImpl.markRollbackOnly(JdbcResourceLocalTransactionCoordinatorImpl.java:310)
	at org.hibernate.internal.AbstractSharedSessionContract.buildNamedQuery(AbstractSharedSessionContract.java:1021)
	at org.hibernate.internal.AbstractSharedSessionContract.createNamedQuery(AbstractSharedSessionContract.java:899)
	at org.hibernate.internal.AbstractSharedSessionContract.createNamedQuery(AbstractSharedSessionContract.java:120)
	at jdk.internal.reflect.GeneratedMethodAccessor47.invoke(Unknown Source)
	at java.base/jdk.internal.reflect.DelegatingMethodAccessorImpl.invoke(DelegatingMethodAccessorImpl.java:43)
	at java.base/java.lang.reflect.Method.invoke(Method.java:568)
	at org.springframework.orm.jpa.ExtendedEntityManagerCreator$ExtendedEntityManagerInvocationHandler.invoke(ExtendedEntityManagerCreator.java:360)
	at jdk.proxy2/jdk.proxy2.$Proxy191.createNamedQuery(Unknown Source)
	at org.springframework.data.jpa.repository.query.NamedQuery.hasNamedQuery(NamedQuery.java:113)
	at org.springframework.data.jpa.repository.query.NamedQuery.lookupFrom(NamedQuery.java:141)
	at org.springframework.data.jpa.repository.query.JpaQueryLookupStrategy$DeclaredQueryLookupStrategy.resolveQuery(JpaQueryLookupStrategy.java:180)
	at org.springframework.data.jpa.repository.query.JpaQueryLookupStrategy$CreateIfNotFoundQueryLookupStrategy.resolveQuery(JpaQueryLookupStrategy.java:252)
	at org.springframework.data.jpa.repository.query.JpaQueryLookupStrategy$AbstractQueryLookupStrategy.resolveQuery(JpaQueryLookupStrategy.java:95)
	at org.springframework.data.repository.core.support.QueryExecutorMethodInterceptor.lookupQuery(QueryExecutorMethodInterceptor.java:111)
	at org.springframework.data.repository.core.support.QueryExecutorMethodInterceptor.mapMethodsToQuery(QueryExecutorMethodInterceptor.java:99)
	at org.springframework.data.repository.core.support.QueryExecutorMethodInterceptor.lambda$new$0(QueryExecutorMethodInterceptor.java:88)
	at java.base/java.util.Optional.map(Optional.java:260)
	at org.springframework.data.repository.core.support.QueryExecutorMethodInterceptor.<init>(QueryExecutorMethodInterceptor.java:88)
	at org.springframework.data.repository.core.support.RepositoryFactorySupport.getRepository(RepositoryFactorySupport.java:357)
	at org.springframework.data.repository.core.support.RepositoryFactoryBeanSupport.lambda$afterPropertiesSet$5(RepositoryFactoryBeanSupport.java:279)
	at org.springframework.data.util.Lazy.getNullable(Lazy.java:245)
	at org.springframework.data.util.Lazy.get(Lazy.java:114)
	at org.springframework.data.repository.core.support.RepositoryFactoryBeanSupport.afterPropertiesSet(RepositoryFactoryBeanSupport.java:285)
	at org.springframework.data.jpa.repository.support.JpaRepositoryFactoryBean.afterPropertiesSet(JpaRepositoryFactoryBean.java:132)
	at org.springframework.beans.factory.support.AbstractAutowireCapableBeanFactory.invokeInitMethods(AbstractAutowireCapableBeanFactory.java:1817)
	at org.springframework.beans.factory.support.AbstractAutowireCapableBeanFactory.initializeBean(AbstractAutowireCapableBeanFactory.java:1766)
	at org.springframework.beans.factory.support.AbstractAutowireCapableBeanFactory.doCreateBean(AbstractAutowireCapableBeanFactory.java:598)
	at org.springframework.beans.factory.support.AbstractAutowireCapableBeanFactory.createBean(AbstractAutowireCapableBeanFactory.java:520)
	at org.springframework.beans.factory.support.AbstractBeanFactory.lambda$doGetBean$0(AbstractBeanFactory.java:325)
	at org.springframework.beans.factory.support.DefaultSingletonBeanRegistry.getSingleton(DefaultSingletonBeanRegistry.java:234)
	at org.springframework.beans.factory.support.AbstractBeanFactory.doGetBean(AbstractBeanFactory.java:323)
	at org.springframework.beans.factory.support.AbstractBeanFactory.getBean(AbstractBeanFactory.java:199)
	at org.springframework.beans.factory.config.DependencyDescriptor.resolveCandidate(DependencyDescriptor.java:254)
	at org.springframework.beans.factory.support.DefaultListableBeanFactory.doResolveDependency(DefaultListableBeanFactory.java:1417)
	at org.springframework.beans.factory.support.DefaultListableBeanFactory.resolveDependency(DefaultListableBeanFactory.java:1337)
	at org.springframework.beans.factory.annotation.AutowiredAnnotationBeanPostProcessor$AutowiredFieldElement.resolveFieldValue(AutowiredAnnotationBeanPostProcessor.java:764)
	at org.springframework.beans.factory.annotation.AutowiredAnnotationBeanPostProcessor$AutowiredFieldElement.inject(AutowiredAnnotationBeanPostProcessor.java:747)
	at org.springframework.beans.factory.annotation.InjectionMetadata.inject(InjectionMetadata.java:145)
	at org.springframework.beans.factory.annotation.AutowiredAnnotationBeanPostProcessor.postProcessProperties(AutowiredAnnotationBeanPostProcessor.java:492)
	at org.springframework.beans.factory.support.AbstractAutowireCapableBeanFactory.populateBean(AbstractAutowireCapableBeanFactory.java:1416)
	at org.springframework.beans.factory.support.AbstractAutowireCapableBeanFactory.doCreateBean(AbstractAutowireCapableBeanFactory.java:597)
	at org.springframework.beans.factory.support.AbstractAutowireCapableBeanFactory.createBean(AbstractAutowireCapableBeanFactory.java:520)
	at org.springframework.beans.factory.support.AbstractBeanFactory.lambda$doGetBean$0(AbstractBeanFactory.java:325)
	at org.springframework.beans.factory.support.DefaultSingletonBeanRegistry.getSingleton(DefaultSingletonBeanRegistry.java:234)
	at org.springframework.beans.factory.support.AbstractBeanFactory.doGetBean(AbstractBeanFactory.java:323)
	at org.springframework.beans.factory.support.AbstractBeanFactory.getBean(AbstractBeanFactory.java:199)
	at org.springframework.beans.factory.support.DefaultListableBeanFactory.preInstantiateSingletons(DefaultListableBeanFactory.java:973)
	at org.springframework.context.support.AbstractApplicationContext.finishBeanFactoryInitialization(AbstractApplicationContext.java:950)
	at org.springframework.context.support.AbstractApplicationContext.refresh(AbstractApplicationContext.java:616)
	at org.springframework.boot.SpringApplication.refresh(SpringApplication.java:738)
	at org.springframework.boot.SpringApplication.refreshContext(SpringApplication.java:440)
	at org.springframework.boot.SpringApplication.run(SpringApplication.java:316)
	at org.springframework.boot.test.context.SpringBootContextLoader.lambda$loadContext$3(SpringBootContextLoader.java:137)
	at org.springframework.util.function.ThrowingSupplier.get(ThrowingSupplier.java:58)
	at org.springframework.util.function.ThrowingSupplier.get(ThrowingSupplier.java:46)
	at org.springframework.boot.SpringApplication.withHook(SpringApplication.java:1406)
	at org.springframework.boot.test.context.SpringBootContextLoader$ContextLoaderHook.run(SpringBootContextLoader.java:545)
	at org.springframework.boot.test.context.SpringBootContextLoader.loadContext(SpringBootContextLoader.java:137)
	at org.springframework.boot.test.context.SpringBootContextLoader.loadContext(SpringBootContextLoader.java:108)
	at org.springframework.test.context.cache.DefaultCacheAwareContextLoaderDelegate.loadContextInternal(DefaultCacheAwareContextLoaderDelegate.java:187)
	at org.springframework.test.context.cache.DefaultCacheAwareContextLoaderDelegate.loadContext(DefaultCacheAwareContextLoaderDelegate.java:119)
	at org.springframework.test.context.support.DefaultTestContext.getApplicationContext(DefaultTestContext.java:127)
	at org.springframework.test.context.web.ServletTestExecutionListener.setUpRequestContextIfNecessary(ServletTestExecutionListener.java:191)
	at org.springframework.test.context.web.ServletTestExecutionListener.prepareTestInstance(ServletTestExecutionListener.java:130)
	at org.springframework.test.context.TestContextManager.prepareTestInstance(TestContextManager.java:241)
	at org.springframework.test.context.junit.jupiter.SpringExtension.postProcessTestInstance(SpringExtension.java:138)
	at org.junit.jupiter.engine.descriptor.ClassBasedTestDescriptor.lambda$invokeTestInstancePostProcessors$10(ClassBasedTestDescriptor.java:377)
	at org.junit.jupiter.engine.descriptor.ClassBasedTestDescriptor.executeAndMaskThrowable(ClassBasedTestDescriptor.java:382)
	at org.junit.jupiter.engine.descriptor.ClassBasedTestDescriptor.lambda$invokeTestInstancePostProcessors$11(ClassBasedTestDescriptor.java:377)
	at java.base/java.util.stream.ReferencePipeline$3$1.accept(ReferencePipeline.java:197)
	at java.base/java.util.stream.ReferencePipeline$2$1.accept(ReferencePipeline.java:179)
	at java.base/java.util.ArrayList$ArrayListSpliterator.forEachRemaining(ArrayList.java:1625)
	at java.base/java.util.stream.AbstractPipeline.copyInto(AbstractPipeline.java:509)
	at java.base/java.util.stream.AbstractPipeline.wrapAndCopyInto(AbstractPipeline.java:499)
	at java.base/java.util.stream.StreamSpliterators$WrappingSpliterator.forEachRemaining(StreamSpliterators.java:310)
	at java.base/java.util.stream.Streams$ConcatSpliterator.forEachRemaining(Streams.java:735)
	at java.base/java.util.stream.Streams$ConcatSpliterator.forEachRemaining(Streams.java:734)
	at java.base/java.util.stream.ReferencePipeline$Head.forEach(ReferencePipeline.java:762)
	at org.junit.jupiter.engine.descriptor.ClassBasedTestDescriptor.invokeTestInstancePostProcessors(ClassBasedTestDescriptor.java:376)
	at org.junit.jupiter.engine.descriptor.ClassBasedTestDescriptor.lambda$instantiateAndPostProcessTestInstance$6(ClassBasedTestDescriptor.java:289)
	at org.junit.platform.engine.support.hierarchical.ThrowableCollector.execute(ThrowableCollector.java:73)
	at org.junit.jupiter.engine.descriptor.ClassBasedTestDescriptor.instantiateAndPostProcessTestInstance(ClassBasedTestDescriptor.java:288)
	at org.junit.jupiter.engine.descriptor.ClassBasedTestDescriptor.lambda$testInstancesProvider$4(ClassBasedTestDescriptor.java:278)
	at java.base/java.util.Optional.orElseGet(Optional.java:364)
	at org.junit.jupiter.engine.descriptor.ClassBasedTestDescriptor.lambda$testInstancesProvider$5(ClassBasedTestDescriptor.java:277)
	at org.junit.jupiter.engine.execution.TestInstancesProvider.getTestInstances(TestInstancesProvider.java:31)
	at org.junit.jupiter.engine.descriptor.TestMethodTestDescriptor.lambda$prepare$0(TestMethodTestDescriptor.java:105)
	at org.junit.platform.engine.support.hierarchical.ThrowableCollector.execute(ThrowableCollector.java:73)
	at org.junit.jupiter.engine.descriptor.TestMethodTestDescriptor.prepare(TestMethodTestDescriptor.java:104)
	at org.junit.jupiter.engine.descriptor.TestMethodTestDescriptor.prepare(TestMethodTestDescriptor.java:68)
	at org.junit.platform.engine.support.hierarchical.NodeTestTask.lambda$prepare$2(NodeTestTask.java:123)
	at org.junit.platform.engine.support.hierarchical.ThrowableCollector.execute(ThrowableCollector.java:73)
	at org.junit.platform.engine.support.hierarchical.NodeTestTask.prepare(NodeTestTask.java:123)
	at org.junit.platform.engine.support.hierarchical.NodeTestTask.execute(NodeTestTask.java:90)
	at java.base/java.util.ArrayList.forEach(ArrayList.java:1511)
	at org.junit.platform.engine.support.hierarchical.SameThreadHierarchicalTestExecutorService.invokeAll(SameThreadHierarchicalTestExecutorService.java:41)
	at org.junit.platform.engine.support.hierarchical.NodeTestTask.lambda$executeRecursively$6(NodeTestTask.java:155)
	at org.junit.platform.engine.support.hierarchical.ThrowableCollector.execute(ThrowableCollector.java:73)
	at org.junit.platform.engine.support.hierarchical.NodeTestTask.lambda$executeRecursively$8(NodeTestTask.java:141)
	at org.junit.platform.engine.support.hierarchical.Node.around(Node.java:137)
	at org.junit.platform.engine.support.hierarchical.NodeTestTask.lambda$executeRecursively$9(NodeTestTask.java:139)
	at org.junit.platform.engine.support.hierarchical.ThrowableCollector.execute(ThrowableCollector.java:73)
	at org.junit.platform.engine.support.hierarchical.NodeTestTask.executeRecursively(NodeTestTask.java:138)
	at org.junit.platform.engine.support.hierarchical.NodeTestTask.execute(NodeTestTask.java:95)
	at java.base/java.util.ArrayList.forEach(ArrayList.java:1511)
	at org.junit.platform.engine.support.hierarchical.SameThreadHierarchicalTestExecutorService.invokeAll(SameThreadHierarchicalTestExecutorService.java:41)
	at org.junit.platform.engine.support.hierarchical.NodeTestTask.lambda$executeRecursively$6(NodeTestTask.java:155)
	at org.junit.platform.engine.support.hierarchical.ThrowableCollector.execute(ThrowableCollector.java:73)
	at org.junit.platform.engine.support.hierarchical.NodeTestTask.lambda$executeRecursively$8(NodeTestTask.java:141)
	at org.junit.platform.engine.support.hierarchical.Node.around(Node.java:137)
	at org.junit.platform.engine.support.hierarchical.NodeTestTask.lambda$executeRecursively$9(NodeTestTask.java:139)
	at org.junit.platform.engine.support.hierarchical.ThrowableCollector.execute(ThrowableCollector.java:73)
	at org.junit.platform.engine.support.hierarchical.NodeTestTask.executeRecursively(NodeTestTask.java:138)
	at org.junit.platform.engine.support.hierarchical.NodeTestTask.execute(NodeTestTask.java:95)
	at org.junit.platform.engine.support.hierarchical.SameThreadHierarchicalTestExecutorService.submit(SameThreadHierarchicalTestExecutorService.java:35)
	at org.junit.platform.engine.support.hierarchical.HierarchicalTestExecutor.execute(HierarchicalTestExecutor.java:57)
	at org.junit.platform.engine.support.hierarchical.HierarchicalTestEngine.execute(HierarchicalTestEngine.java:54)
	at org.junit.platform.launcher.core.EngineExecutionOrchestrator.execute(EngineExecutionOrchestrator.java:147)
	at org.junit.platform.launcher.core.EngineExecutionOrchestrator.execute(EngineExecutionOrchestrator.java:127)
	at org.junit.platform.launcher.core.EngineExecutionOrchestrator.execute(EngineExecutionOrchestrator.java:90)
	at org.junit.platform.launcher.core.EngineExecutionOrchestrator.lambda$execute$0(EngineExecutionOrchestrator.java:55)
	at org.junit.platform.launcher.core.EngineExecutionOrchestrator.withInterceptedStreams(EngineExecutionOrchestrator.java:102)
	at org.junit.platform.launcher.core.EngineExecutionOrchestrator.execute(EngineExecutionOrchestrator.java:54)
	at org.junit.platform.launcher.core.DefaultLauncher.execute(DefaultLauncher.java:114)
	at org.junit.platform.launcher.core.DefaultLauncher.execute(DefaultLauncher.java:86)
	at org.junit.platform.launcher.core.DefaultLauncherSession$DelegatingLauncher.execute(DefaultLauncherSession.java:86)
	at org.apache.maven.surefire.junitplatform.LazyLauncher.execute(LazyLauncher.java:50)
	at org.apache.maven.surefire.junitplatform.JUnitPlatformProvider.execute(JUnitPlatformProvider.java:184)
	at org.apache.maven.surefire.junitplatform.JUnitPlatformProvider.invokeAllTests(JUnitPlatformProvider.java:148)
	at org.apache.maven.surefire.junitplatform.JUnitPlatformProvider.invoke(JUnitPlatformProvider.java:122)
	at org.apache.maven.surefire.booter.ForkedBooter.runSuitesInProcess(ForkedBooter.java:385)
	at org.apache.maven.surefire.booter.ForkedBooter.execute(ForkedBooter.java:162)
	at org.apache.maven.surefire.booter.ForkedBooter.run(ForkedBooter.java:507)
	at org.apache.maven.surefire.booter.ForkedBooter.main(ForkedBooter.java:495)
2023-11-24 12:36:47,203 TRACE o.h.i.SessionImpl [SessionImpl.java:402] Closing session [ecb0dd7d-2df9-4264-bf71-12c0960e5b5a]
2023-11-24 12:36:47,203 TRACE o.h.e.j.i.JdbcCoordinatorImpl [JdbcCoordinatorImpl.java:152] Closing JDBC container [org.hibernate.engine.jdbc.internal.JdbcCoordinatorImpl@7521cb05]
2023-11-24 12:36:47,203 TRACE o.h.r.j.i.ResourceRegistryStandardImpl [ResourceRegistryStandardImpl.java:329] Releasing JDBC resources
2023-11-24 12:36:47,203 TRACE o.h.r.j.i.LogicalConnectionManagedImpl [LogicalConnectionManagedImpl.java:256] Closing logical connection
2023-11-24 12:36:47,203 TRACE o.h.r.j.i.LogicalConnectionManagedImpl [LogicalConnectionManagedImpl.java:263] Logical connection closed
2023-11-24 12:36:47,204 TRACE o.h.i.SessionFactoryImpl$SessionBuilderImpl [SessionFactoryImpl.java:1298] Opening Hibernate Session.  tenant=null
2023-11-24 12:36:47,204 TRACE o.h.i.SessionImpl [SessionImpl.java:262] Opened Session [496075f5-3907-4e5f-8642-55702617f215] at timestamp: 1700825807204
2023-11-24 12:36:47,204 TRACE o.h.i.SessionImpl [SessionImpl.java:402] Closing session [496075f5-3907-4e5f-8642-55702617f215]
2023-11-24 12:36:47,204 TRACE o.h.e.j.i.JdbcCoordinatorImpl [JdbcCoordinatorImpl.java:152] Closing JDBC container [org.hibernate.engine.jdbc.internal.JdbcCoordinatorImpl@6a3facf4]
2023-11-24 12:36:47,204 TRACE o.h.r.j.i.ResourceRegistryStandardImpl [ResourceRegistryStandardImpl.java:329] Releasing JDBC resources
2023-11-24 12:36:47,204 TRACE o.h.r.j.i.LogicalConnectionManagedImpl [LogicalConnectionManagedImpl.java:256] Closing logical connection
2023-11-24 12:36:47,204 TRACE o.h.r.j.i.LogicalConnectionManagedImpl [LogicalConnectionManagedImpl.java:263] Logical connection closed
2023-11-24 12:36:47,205 TRACE o.h.i.SessionFactoryImpl$SessionBuilderImpl [SessionFactoryImpl.java:1298] Opening Hibernate Session.  tenant=null
2023-11-24 12:36:47,205 TRACE o.h.i.SessionImpl [SessionImpl.java:262] Opened Session [071b742d-41b9-4901-a28c-c190c7d5ac20] at timestamp: 1700825807205
2023-11-24 12:36:47,206 DEBUG o.h.r.t.b.j.i.JdbcResourceLocalTransactionCoordinatorImpl [JdbcResourceLocalTransactionCoordinatorImpl.java:310] JDBC transaction marked for rollback-only (exception provided for stack trace)
java.lang.Exception: exception just for purpose of providing stack trace
	at org.hibernate.resource.transaction.backend.jdbc.internal.JdbcResourceLocalTransactionCoordinatorImpl$TransactionDriverControlImpl.markRollbackOnly(JdbcResourceLocalTransactionCoordinatorImpl.java:310)
	at org.hibernate.internal.AbstractSharedSessionContract.buildNamedQuery(AbstractSharedSessionContract.java:1021)
	at org.hibernate.internal.AbstractSharedSessionContract.createNamedQuery(AbstractSharedSessionContract.java:899)
	at org.hibernate.internal.AbstractSharedSessionContract.createNamedQuery(AbstractSharedSessionContract.java:120)
	at jdk.internal.reflect.GeneratedMethodAccessor47.invoke(Unknown Source)
	at java.base/jdk.internal.reflect.DelegatingMethodAccessorImpl.invoke(DelegatingMethodAccessorImpl.java:43)
	at java.base/java.lang.reflect.Method.invoke(Method.java:568)
	at org.springframework.orm.jpa.ExtendedEntityManagerCreator$ExtendedEntityManagerInvocationHandler.invoke(ExtendedEntityManagerCreator.java:360)
	at jdk.proxy2/jdk.proxy2.$Proxy191.createNamedQuery(Unknown Source)
	at org.springframework.data.jpa.repository.query.NamedQuery.hasNamedQuery(NamedQuery.java:113)
	at org.springframework.data.jpa.repository.query.NamedQuery.lookupFrom(NamedQuery.java:141)
	at org.springframework.data.jpa.repository.query.JpaQueryLookupStrategy$DeclaredQueryLookupStrategy.resolveQuery(JpaQueryLookupStrategy.java:180)
	at org.springframework.data.jpa.repository.query.JpaQueryLookupStrategy$CreateIfNotFoundQueryLookupStrategy.resolveQuery(JpaQueryLookupStrategy.java:252)
	at org.springframework.data.jpa.repository.query.JpaQueryLookupStrategy$AbstractQueryLookupStrategy.resolveQuery(JpaQueryLookupStrategy.java:95)
	at org.springframework.data.repository.core.support.QueryExecutorMethodInterceptor.lookupQuery(QueryExecutorMethodInterceptor.java:111)
	at org.springframework.data.repository.core.support.QueryExecutorMethodInterceptor.mapMethodsToQuery(QueryExecutorMethodInterceptor.java:99)
	at org.springframework.data.repository.core.support.QueryExecutorMethodInterceptor.lambda$new$0(QueryExecutorMethodInterceptor.java:88)
	at java.base/java.util.Optional.map(Optional.java:260)
	at org.springframework.data.repository.core.support.QueryExecutorMethodInterceptor.<init>(QueryExecutorMethodInterceptor.java:88)
	at org.springframework.data.repository.core.support.RepositoryFactorySupport.getRepository(RepositoryFactorySupport.java:357)
	at org.springframework.data.repository.core.support.RepositoryFactoryBeanSupport.lambda$afterPropertiesSet$5(RepositoryFactoryBeanSupport.java:279)
	at org.springframework.data.util.Lazy.getNullable(Lazy.java:245)
	at org.springframework.data.util.Lazy.get(Lazy.java:114)
	at org.springframework.data.repository.core.support.RepositoryFactoryBeanSupport.afterPropertiesSet(RepositoryFactoryBeanSupport.java:285)
	at org.springframework.data.jpa.repository.support.JpaRepositoryFactoryBean.afterPropertiesSet(JpaRepositoryFactoryBean.java:132)
	at org.springframework.beans.factory.support.AbstractAutowireCapableBeanFactory.invokeInitMethods(AbstractAutowireCapableBeanFactory.java:1817)
	at org.springframework.beans.factory.support.AbstractAutowireCapableBeanFactory.initializeBean(AbstractAutowireCapableBeanFactory.java:1766)
	at org.springframework.beans.factory.support.AbstractAutowireCapableBeanFactory.doCreateBean(AbstractAutowireCapableBeanFactory.java:598)
	at org.springframework.beans.factory.support.AbstractAutowireCapableBeanFactory.createBean(AbstractAutowireCapableBeanFactory.java:520)
	at org.springframework.beans.factory.support.AbstractBeanFactory.lambda$doGetBean$0(AbstractBeanFactory.java:325)
	at org.springframework.beans.factory.support.DefaultSingletonBeanRegistry.getSingleton(DefaultSingletonBeanRegistry.java:234)
	at org.springframework.beans.factory.support.AbstractBeanFactory.doGetBean(AbstractBeanFactory.java:323)
	at org.springframework.beans.factory.support.AbstractBeanFactory.getBean(AbstractBeanFactory.java:199)
	at org.springframework.beans.factory.config.DependencyDescriptor.resolveCandidate(DependencyDescriptor.java:254)
	at org.springframework.beans.factory.support.DefaultListableBeanFactory.doResolveDependency(DefaultListableBeanFactory.java:1417)
	at org.springframework.beans.factory.support.DefaultListableBeanFactory.resolveDependency(DefaultListableBeanFactory.java:1337)
	at org.springframework.beans.factory.annotation.AutowiredAnnotationBeanPostProcessor$AutowiredFieldElement.resolveFieldValue(AutowiredAnnotationBeanPostProcessor.java:764)
	at org.springframework.beans.factory.annotation.AutowiredAnnotationBeanPostProcessor$AutowiredFieldElement.inject(AutowiredAnnotationBeanPostProcessor.java:747)
	at org.springframework.beans.factory.annotation.InjectionMetadata.inject(InjectionMetadata.java:145)
	at org.springframework.beans.factory.annotation.AutowiredAnnotationBeanPostProcessor.postProcessProperties(AutowiredAnnotationBeanPostProcessor.java:492)
	at org.springframework.beans.factory.support.AbstractAutowireCapableBeanFactory.populateBean(AbstractAutowireCapableBeanFactory.java:1416)
	at org.springframework.beans.factory.support.AbstractAutowireCapableBeanFactory.doCreateBean(AbstractAutowireCapableBeanFactory.java:597)
	at org.springframework.beans.factory.support.AbstractAutowireCapableBeanFactory.createBean(AbstractAutowireCapableBeanFactory.java:520)
	at org.springframework.beans.factory.support.AbstractBeanFactory.lambda$doGetBean$0(AbstractBeanFactory.java:325)
	at org.springframework.beans.factory.support.DefaultSingletonBeanRegistry.getSingleton(DefaultSingletonBeanRegistry.java:234)
	at org.springframework.beans.factory.support.AbstractBeanFactory.doGetBean(AbstractBeanFactory.java:323)
	at org.springframework.beans.factory.support.AbstractBeanFactory.getBean(AbstractBeanFactory.java:199)
	at org.springframework.beans.factory.support.DefaultListableBeanFactory.preInstantiateSingletons(DefaultListableBeanFactory.java:973)
	at org.springframework.context.support.AbstractApplicationContext.finishBeanFactoryInitialization(AbstractApplicationContext.java:950)
	at org.springframework.context.support.AbstractApplicationContext.refresh(AbstractApplicationContext.java:616)
	at org.springframework.boot.SpringApplication.refresh(SpringApplication.java:738)
	at org.springframework.boot.SpringApplication.refreshContext(SpringApplication.java:440)
	at org.springframework.boot.SpringApplication.run(SpringApplication.java:316)
	at org.springframework.boot.test.context.SpringBootContextLoader.lambda$loadContext$3(SpringBootContextLoader.java:137)
	at org.springframework.util.function.ThrowingSupplier.get(ThrowingSupplier.java:58)
	at org.springframework.util.function.ThrowingSupplier.get(ThrowingSupplier.java:46)
	at org.springframework.boot.SpringApplication.withHook(SpringApplication.java:1406)
	at org.springframework.boot.test.context.SpringBootContextLoader$ContextLoaderHook.run(SpringBootContextLoader.java:545)
	at org.springframework.boot.test.context.SpringBootContextLoader.loadContext(SpringBootContextLoader.java:137)
	at org.springframework.boot.test.context.SpringBootContextLoader.loadContext(SpringBootContextLoader.java:108)
	at org.springframework.test.context.cache.DefaultCacheAwareContextLoaderDelegate.loadContextInternal(DefaultCacheAwareContextLoaderDelegate.java:187)
	at org.springframework.test.context.cache.DefaultCacheAwareContextLoaderDelegate.loadContext(DefaultCacheAwareContextLoaderDelegate.java:119)
	at org.springframework.test.context.support.DefaultTestContext.getApplicationContext(DefaultTestContext.java:127)
	at org.springframework.test.context.web.ServletTestExecutionListener.setUpRequestContextIfNecessary(ServletTestExecutionListener.java:191)
	at org.springframework.test.context.web.ServletTestExecutionListener.prepareTestInstance(ServletTestExecutionListener.java:130)
	at org.springframework.test.context.TestContextManager.prepareTestInstance(TestContextManager.java:241)
	at org.springframework.test.context.junit.jupiter.SpringExtension.postProcessTestInstance(SpringExtension.java:138)
	at org.junit.jupiter.engine.descriptor.ClassBasedTestDescriptor.lambda$invokeTestInstancePostProcessors$10(ClassBasedTestDescriptor.java:377)
	at org.junit.jupiter.engine.descriptor.ClassBasedTestDescriptor.executeAndMaskThrowable(ClassBasedTestDescriptor.java:382)
	at org.junit.jupiter.engine.descriptor.ClassBasedTestDescriptor.lambda$invokeTestInstancePostProcessors$11(ClassBasedTestDescriptor.java:377)
	at java.base/java.util.stream.ReferencePipeline$3$1.accept(ReferencePipeline.java:197)
	at java.base/java.util.stream.ReferencePipeline$2$1.accept(ReferencePipeline.java:179)
	at java.base/java.util.ArrayList$ArrayListSpliterator.forEachRemaining(ArrayList.java:1625)
	at java.base/java.util.stream.AbstractPipeline.copyInto(AbstractPipeline.java:509)
	at java.base/java.util.stream.AbstractPipeline.wrapAndCopyInto(AbstractPipeline.java:499)
	at java.base/java.util.stream.StreamSpliterators$WrappingSpliterator.forEachRemaining(StreamSpliterators.java:310)
	at java.base/java.util.stream.Streams$ConcatSpliterator.forEachRemaining(Streams.java:735)
	at java.base/java.util.stream.Streams$ConcatSpliterator.forEachRemaining(Streams.java:734)
	at java.base/java.util.stream.ReferencePipeline$Head.forEach(ReferencePipeline.java:762)
	at org.junit.jupiter.engine.descriptor.ClassBasedTestDescriptor.invokeTestInstancePostProcessors(ClassBasedTestDescriptor.java:376)
	at org.junit.jupiter.engine.descriptor.ClassBasedTestDescriptor.lambda$instantiateAndPostProcessTestInstance$6(ClassBasedTestDescriptor.java:289)
	at org.junit.platform.engine.support.hierarchical.ThrowableCollector.execute(ThrowableCollector.java:73)
	at org.junit.jupiter.engine.descriptor.ClassBasedTestDescriptor.instantiateAndPostProcessTestInstance(ClassBasedTestDescriptor.java:288)
	at org.junit.jupiter.engine.descriptor.ClassBasedTestDescriptor.lambda$testInstancesProvider$4(ClassBasedTestDescriptor.java:278)
	at java.base/java.util.Optional.orElseGet(Optional.java:364)
	at org.junit.jupiter.engine.descriptor.ClassBasedTestDescriptor.lambda$testInstancesProvider$5(ClassBasedTestDescriptor.java:277)
	at org.junit.jupiter.engine.execution.TestInstancesProvider.getTestInstances(TestInstancesProvider.java:31)
	at org.junit.jupiter.engine.descriptor.TestMethodTestDescriptor.lambda$prepare$0(TestMethodTestDescriptor.java:105)
	at org.junit.platform.engine.support.hierarchical.ThrowableCollector.execute(ThrowableCollector.java:73)
	at org.junit.jupiter.engine.descriptor.TestMethodTestDescriptor.prepare(TestMethodTestDescriptor.java:104)
	at org.junit.jupiter.engine.descriptor.TestMethodTestDescriptor.prepare(TestMethodTestDescriptor.java:68)
	at org.junit.platform.engine.support.hierarchical.NodeTestTask.lambda$prepare$2(NodeTestTask.java:123)
	at org.junit.platform.engine.support.hierarchical.ThrowableCollector.execute(ThrowableCollector.java:73)
	at org.junit.platform.engine.support.hierarchical.NodeTestTask.prepare(NodeTestTask.java:123)
	at org.junit.platform.engine.support.hierarchical.NodeTestTask.execute(NodeTestTask.java:90)
	at java.base/java.util.ArrayList.forEach(ArrayList.java:1511)
	at org.junit.platform.engine.support.hierarchical.SameThreadHierarchicalTestExecutorService.invokeAll(SameThreadHierarchicalTestExecutorService.java:41)
	at org.junit.platform.engine.support.hierarchical.NodeTestTask.lambda$executeRecursively$6(NodeTestTask.java:155)
	at org.junit.platform.engine.support.hierarchical.ThrowableCollector.execute(ThrowableCollector.java:73)
	at org.junit.platform.engine.support.hierarchical.NodeTestTask.lambda$executeRecursively$8(NodeTestTask.java:141)
	at org.junit.platform.engine.support.hierarchical.Node.around(Node.java:137)
	at org.junit.platform.engine.support.hierarchical.NodeTestTask.lambda$executeRecursively$9(NodeTestTask.java:139)
	at org.junit.platform.engine.support.hierarchical.ThrowableCollector.execute(ThrowableCollector.java:73)
	at org.junit.platform.engine.support.hierarchical.NodeTestTask.executeRecursively(NodeTestTask.java:138)
	at org.junit.platform.engine.support.hierarchical.NodeTestTask.execute(NodeTestTask.java:95)
	at java.base/java.util.ArrayList.forEach(ArrayList.java:1511)
	at org.junit.platform.engine.support.hierarchical.SameThreadHierarchicalTestExecutorService.invokeAll(SameThreadHierarchicalTestExecutorService.java:41)
	at org.junit.platform.engine.support.hierarchical.NodeTestTask.lambda$executeRecursively$6(NodeTestTask.java:155)
	at org.junit.platform.engine.support.hierarchical.ThrowableCollector.execute(ThrowableCollector.java:73)
	at org.junit.platform.engine.support.hierarchical.NodeTestTask.lambda$executeRecursively$8(NodeTestTask.java:141)
	at org.junit.platform.engine.support.hierarchical.Node.around(Node.java:137)
	at org.junit.platform.engine.support.hierarchical.NodeTestTask.lambda$executeRecursively$9(NodeTestTask.java:139)
	at org.junit.platform.engine.support.hierarchical.ThrowableCollector.execute(ThrowableCollector.java:73)
	at org.junit.platform.engine.support.hierarchical.NodeTestTask.executeRecursively(NodeTestTask.java:138)
	at org.junit.platform.engine.support.hierarchical.NodeTestTask.execute(NodeTestTask.java:95)
	at org.junit.platform.engine.support.hierarchical.SameThreadHierarchicalTestExecutorService.submit(SameThreadHierarchicalTestExecutorService.java:35)
	at org.junit.platform.engine.support.hierarchical.HierarchicalTestExecutor.execute(HierarchicalTestExecutor.java:57)
	at org.junit.platform.engine.support.hierarchical.HierarchicalTestEngine.execute(HierarchicalTestEngine.java:54)
	at org.junit.platform.launcher.core.EngineExecutionOrchestrator.execute(EngineExecutionOrchestrator.java:147)
	at org.junit.platform.launcher.core.EngineExecutionOrchestrator.execute(EngineExecutionOrchestrator.java:127)
	at org.junit.platform.launcher.core.EngineExecutionOrchestrator.execute(EngineExecutionOrchestrator.java:90)
	at org.junit.platform.launcher.core.EngineExecutionOrchestrator.lambda$execute$0(EngineExecutionOrchestrator.java:55)
	at org.junit.platform.launcher.core.EngineExecutionOrchestrator.withInterceptedStreams(EngineExecutionOrchestrator.java:102)
	at org.junit.platform.launcher.core.EngineExecutionOrchestrator.execute(EngineExecutionOrchestrator.java:54)
	at org.junit.platform.launcher.core.DefaultLauncher.execute(DefaultLauncher.java:114)
	at org.junit.platform.launcher.core.DefaultLauncher.execute(DefaultLauncher.java:86)
	at org.junit.platform.launcher.core.DefaultLauncherSession$DelegatingLauncher.execute(DefaultLauncherSession.java:86)
	at org.apache.maven.surefire.junitplatform.LazyLauncher.execute(LazyLauncher.java:50)
	at org.apache.maven.surefire.junitplatform.JUnitPlatformProvider.execute(JUnitPlatformProvider.java:184)
	at org.apache.maven.surefire.junitplatform.JUnitPlatformProvider.invokeAllTests(JUnitPlatformProvider.java:148)
	at org.apache.maven.surefire.junitplatform.JUnitPlatformProvider.invoke(JUnitPlatformProvider.java:122)
	at org.apache.maven.surefire.booter.ForkedBooter.runSuitesInProcess(ForkedBooter.java:385)
	at org.apache.maven.surefire.booter.ForkedBooter.execute(ForkedBooter.java:162)
	at org.apache.maven.surefire.booter.ForkedBooter.run(ForkedBooter.java:507)
	at org.apache.maven.surefire.booter.ForkedBooter.main(ForkedBooter.java:495)
2023-11-24 12:36:47,206 TRACE o.h.i.SessionImpl [SessionImpl.java:402] Closing session [071b742d-41b9-4901-a28c-c190c7d5ac20]
2023-11-24 12:36:47,206 TRACE o.h.e.j.i.JdbcCoordinatorImpl [JdbcCoordinatorImpl.java:152] Closing JDBC container [org.hibernate.engine.jdbc.internal.JdbcCoordinatorImpl@94c21]
2023-11-24 12:36:47,206 TRACE o.h.r.j.i.ResourceRegistryStandardImpl [ResourceRegistryStandardImpl.java:329] Releasing JDBC resources
2023-11-24 12:36:47,206 TRACE o.h.r.j.i.LogicalConnectionManagedImpl [LogicalConnectionManagedImpl.java:256] Closing logical connection
2023-11-24 12:36:47,206 TRACE o.h.r.j.i.LogicalConnectionManagedImpl [LogicalConnectionManagedImpl.java:263] Logical connection closed
2023-11-24 12:36:47,207 TRACE o.h.i.SessionFactoryImpl$SessionBuilderImpl [SessionFactoryImpl.java:1298] Opening Hibernate Session.  tenant=null
2023-11-24 12:36:47,207 TRACE o.h.i.SessionImpl [SessionImpl.java:262] Opened Session [36ba5dcb-e599-4d0e-ab22-52ba9e8fc114] at timestamp: 1700825807207
2023-11-24 12:36:47,207 TRACE o.h.i.SessionImpl [SessionImpl.java:402] Closing session [36ba5dcb-e599-4d0e-ab22-52ba9e8fc114]
2023-11-24 12:36:47,207 TRACE o.h.e.j.i.JdbcCoordinatorImpl [JdbcCoordinatorImpl.java:152] Closing JDBC container [org.hibernate.engine.jdbc.internal.JdbcCoordinatorImpl@7b0bd6c6]
2023-11-24 12:36:47,207 TRACE o.h.r.j.i.ResourceRegistryStandardImpl [ResourceRegistryStandardImpl.java:329] Releasing JDBC resources
2023-11-24 12:36:47,207 TRACE o.h.r.j.i.LogicalConnectionManagedImpl [LogicalConnectionManagedImpl.java:256] Closing logical connection
2023-11-24 12:36:47,207 TRACE o.h.r.j.i.LogicalConnectionManagedImpl [LogicalConnectionManagedImpl.java:263] Logical connection closed
2023-11-24 12:36:47,208 TRACE o.h.i.SessionFactoryImpl$SessionBuilderImpl [SessionFactoryImpl.java:1298] Opening Hibernate Session.  tenant=null
2023-11-24 12:36:47,208 TRACE o.h.i.SessionImpl [SessionImpl.java:262] Opened Session [72054194-c54b-4612-9437-8b8516940c88] at timestamp: 1700825807208
2023-11-24 12:36:47,209 DEBUG o.h.r.t.b.j.i.JdbcResourceLocalTransactionCoordinatorImpl [JdbcResourceLocalTransactionCoordinatorImpl.java:310] JDBC transaction marked for rollback-only (exception provided for stack trace)
java.lang.Exception: exception just for purpose of providing stack trace
	at org.hibernate.resource.transaction.backend.jdbc.internal.JdbcResourceLocalTransactionCoordinatorImpl$TransactionDriverControlImpl.markRollbackOnly(JdbcResourceLocalTransactionCoordinatorImpl.java:310)
	at org.hibernate.internal.AbstractSharedSessionContract.buildNamedQuery(AbstractSharedSessionContract.java:1021)
	at org.hibernate.internal.AbstractSharedSessionContract.createNamedQuery(AbstractSharedSessionContract.java:899)
	at org.hibernate.internal.AbstractSharedSessionContract.createNamedQuery(AbstractSharedSessionContract.java:120)
	at jdk.internal.reflect.GeneratedMethodAccessor47.invoke(Unknown Source)
	at java.base/jdk.internal.reflect.DelegatingMethodAccessorImpl.invoke(DelegatingMethodAccessorImpl.java:43)
	at java.base/java.lang.reflect.Method.invoke(Method.java:568)
	at org.springframework.orm.jpa.ExtendedEntityManagerCreator$ExtendedEntityManagerInvocationHandler.invoke(ExtendedEntityManagerCreator.java:360)
	at jdk.proxy2/jdk.proxy2.$Proxy191.createNamedQuery(Unknown Source)
	at org.springframework.data.jpa.repository.query.NamedQuery.hasNamedQuery(NamedQuery.java:113)
	at org.springframework.data.jpa.repository.query.NamedQuery.lookupFrom(NamedQuery.java:141)
	at org.springframework.data.jpa.repository.query.JpaQueryLookupStrategy$DeclaredQueryLookupStrategy.resolveQuery(JpaQueryLookupStrategy.java:180)
	at org.springframework.data.jpa.repository.query.JpaQueryLookupStrategy$CreateIfNotFoundQueryLookupStrategy.resolveQuery(JpaQueryLookupStrategy.java:252)
	at org.springframework.data.jpa.repository.query.JpaQueryLookupStrategy$AbstractQueryLookupStrategy.resolveQuery(JpaQueryLookupStrategy.java:95)
	at org.springframework.data.repository.core.support.QueryExecutorMethodInterceptor.lookupQuery(QueryExecutorMethodInterceptor.java:111)
	at org.springframework.data.repository.core.support.QueryExecutorMethodInterceptor.mapMethodsToQuery(QueryExecutorMethodInterceptor.java:99)
	at org.springframework.data.repository.core.support.QueryExecutorMethodInterceptor.lambda$new$0(QueryExecutorMethodInterceptor.java:88)
	at java.base/java.util.Optional.map(Optional.java:260)
	at org.springframework.data.repository.core.support.QueryExecutorMethodInterceptor.<init>(QueryExecutorMethodInterceptor.java:88)
	at org.springframework.data.repository.core.support.RepositoryFactorySupport.getRepository(RepositoryFactorySupport.java:357)
	at org.springframework.data.repository.core.support.RepositoryFactoryBeanSupport.lambda$afterPropertiesSet$5(RepositoryFactoryBeanSupport.java:279)
	at org.springframework.data.util.Lazy.getNullable(Lazy.java:245)
	at org.springframework.data.util.Lazy.get(Lazy.java:114)
	at org.springframework.data.repository.core.support.RepositoryFactoryBeanSupport.afterPropertiesSet(RepositoryFactoryBeanSupport.java:285)
	at org.springframework.data.jpa.repository.support.JpaRepositoryFactoryBean.afterPropertiesSet(JpaRepositoryFactoryBean.java:132)
	at org.springframework.beans.factory.support.AbstractAutowireCapableBeanFactory.invokeInitMethods(AbstractAutowireCapableBeanFactory.java:1817)
	at org.springframework.beans.factory.support.AbstractAutowireCapableBeanFactory.initializeBean(AbstractAutowireCapableBeanFactory.java:1766)
	at org.springframework.beans.factory.support.AbstractAutowireCapableBeanFactory.doCreateBean(AbstractAutowireCapableBeanFactory.java:598)
	at org.springframework.beans.factory.support.AbstractAutowireCapableBeanFactory.createBean(AbstractAutowireCapableBeanFactory.java:520)
	at org.springframework.beans.factory.support.AbstractBeanFactory.lambda$doGetBean$0(AbstractBeanFactory.java:325)
	at org.springframework.beans.factory.support.DefaultSingletonBeanRegistry.getSingleton(DefaultSingletonBeanRegistry.java:234)
	at org.springframework.beans.factory.support.AbstractBeanFactory.doGetBean(AbstractBeanFactory.java:323)
	at org.springframework.beans.factory.support.AbstractBeanFactory.getBean(AbstractBeanFactory.java:199)
	at org.springframework.beans.factory.config.DependencyDescriptor.resolveCandidate(DependencyDescriptor.java:254)
	at org.springframework.beans.factory.support.DefaultListableBeanFactory.doResolveDependency(DefaultListableBeanFactory.java:1417)
	at org.springframework.beans.factory.support.DefaultListableBeanFactory.resolveDependency(DefaultListableBeanFactory.java:1337)
	at org.springframework.beans.factory.annotation.AutowiredAnnotationBeanPostProcessor$AutowiredFieldElement.resolveFieldValue(AutowiredAnnotationBeanPostProcessor.java:764)
	at org.springframework.beans.factory.annotation.AutowiredAnnotationBeanPostProcessor$AutowiredFieldElement.inject(AutowiredAnnotationBeanPostProcessor.java:747)
	at org.springframework.beans.factory.annotation.InjectionMetadata.inject(InjectionMetadata.java:145)
	at org.springframework.beans.factory.annotation.AutowiredAnnotationBeanPostProcessor.postProcessProperties(AutowiredAnnotationBeanPostProcessor.java:492)
	at org.springframework.beans.factory.support.AbstractAutowireCapableBeanFactory.populateBean(AbstractAutowireCapableBeanFactory.java:1416)
	at org.springframework.beans.factory.support.AbstractAutowireCapableBeanFactory.doCreateBean(AbstractAutowireCapableBeanFactory.java:597)
	at org.springframework.beans.factory.support.AbstractAutowireCapableBeanFactory.createBean(AbstractAutowireCapableBeanFactory.java:520)
	at org.springframework.beans.factory.support.AbstractBeanFactory.lambda$doGetBean$0(AbstractBeanFactory.java:325)
	at org.springframework.beans.factory.support.DefaultSingletonBeanRegistry.getSingleton(DefaultSingletonBeanRegistry.java:234)
	at org.springframework.beans.factory.support.AbstractBeanFactory.doGetBean(AbstractBeanFactory.java:323)
	at org.springframework.beans.factory.support.AbstractBeanFactory.getBean(AbstractBeanFactory.java:199)
	at org.springframework.beans.factory.support.DefaultListableBeanFactory.preInstantiateSingletons(DefaultListableBeanFactory.java:973)
	at org.springframework.context.support.AbstractApplicationContext.finishBeanFactoryInitialization(AbstractApplicationContext.java:950)
	at org.springframework.context.support.AbstractApplicationContext.refresh(AbstractApplicationContext.java:616)
	at org.springframework.boot.SpringApplication.refresh(SpringApplication.java:738)
	at org.springframework.boot.SpringApplication.refreshContext(SpringApplication.java:440)
	at org.springframework.boot.SpringApplication.run(SpringApplication.java:316)
	at org.springframework.boot.test.context.SpringBootContextLoader.lambda$loadContext$3(SpringBootContextLoader.java:137)
	at org.springframework.util.function.ThrowingSupplier.get(ThrowingSupplier.java:58)
	at org.springframework.util.function.ThrowingSupplier.get(ThrowingSupplier.java:46)
	at org.springframework.boot.SpringApplication.withHook(SpringApplication.java:1406)
	at org.springframework.boot.test.context.SpringBootContextLoader$ContextLoaderHook.run(SpringBootContextLoader.java:545)
	at org.springframework.boot.test.context.SpringBootContextLoader.loadContext(SpringBootContextLoader.java:137)
	at org.springframework.boot.test.context.SpringBootContextLoader.loadContext(SpringBootContextLoader.java:108)
	at org.springframework.test.context.cache.DefaultCacheAwareContextLoaderDelegate.loadContextInternal(DefaultCacheAwareContextLoaderDelegate.java:187)
	at org.springframework.test.context.cache.DefaultCacheAwareContextLoaderDelegate.loadContext(DefaultCacheAwareContextLoaderDelegate.java:119)
	at org.springframework.test.context.support.DefaultTestContext.getApplicationContext(DefaultTestContext.java:127)
	at org.springframework.test.context.web.ServletTestExecutionListener.setUpRequestContextIfNecessary(ServletTestExecutionListener.java:191)
	at org.springframework.test.context.web.ServletTestExecutionListener.prepareTestInstance(ServletTestExecutionListener.java:130)
	at org.springframework.test.context.TestContextManager.prepareTestInstance(TestContextManager.java:241)
	at org.springframework.test.context.junit.jupiter.SpringExtension.postProcessTestInstance(SpringExtension.java:138)
	at org.junit.jupiter.engine.descriptor.ClassBasedTestDescriptor.lambda$invokeTestInstancePostProcessors$10(ClassBasedTestDescriptor.java:377)
	at org.junit.jupiter.engine.descriptor.ClassBasedTestDescriptor.executeAndMaskThrowable(ClassBasedTestDescriptor.java:382)
	at org.junit.jupiter.engine.descriptor.ClassBasedTestDescriptor.lambda$invokeTestInstancePostProcessors$11(ClassBasedTestDescriptor.java:377)
	at java.base/java.util.stream.ReferencePipeline$3$1.accept(ReferencePipeline.java:197)
	at java.base/java.util.stream.ReferencePipeline$2$1.accept(ReferencePipeline.java:179)
	at java.base/java.util.ArrayList$ArrayListSpliterator.forEachRemaining(ArrayList.java:1625)
	at java.base/java.util.stream.AbstractPipeline.copyInto(AbstractPipeline.java:509)
	at java.base/java.util.stream.AbstractPipeline.wrapAndCopyInto(AbstractPipeline.java:499)
	at java.base/java.util.stream.StreamSpliterators$WrappingSpliterator.forEachRemaining(StreamSpliterators.java:310)
	at java.base/java.util.stream.Streams$ConcatSpliterator.forEachRemaining(Streams.java:735)
	at java.base/java.util.stream.Streams$ConcatSpliterator.forEachRemaining(Streams.java:734)
	at java.base/java.util.stream.ReferencePipeline$Head.forEach(ReferencePipeline.java:762)
	at org.junit.jupiter.engine.descriptor.ClassBasedTestDescriptor.invokeTestInstancePostProcessors(ClassBasedTestDescriptor.java:376)
	at org.junit.jupiter.engine.descriptor.ClassBasedTestDescriptor.lambda$instantiateAndPostProcessTestInstance$6(ClassBasedTestDescriptor.java:289)
	at org.junit.platform.engine.support.hierarchical.ThrowableCollector.execute(ThrowableCollector.java:73)
	at org.junit.jupiter.engine.descriptor.ClassBasedTestDescriptor.instantiateAndPostProcessTestInstance(ClassBasedTestDescriptor.java:288)
	at org.junit.jupiter.engine.descriptor.ClassBasedTestDescriptor.lambda$testInstancesProvider$4(ClassBasedTestDescriptor.java:278)
	at java.base/java.util.Optional.orElseGet(Optional.java:364)
	at org.junit.jupiter.engine.descriptor.ClassBasedTestDescriptor.lambda$testInstancesProvider$5(ClassBasedTestDescriptor.java:277)
	at org.junit.jupiter.engine.execution.TestInstancesProvider.getTestInstances(TestInstancesProvider.java:31)
	at org.junit.jupiter.engine.descriptor.TestMethodTestDescriptor.lambda$prepare$0(TestMethodTestDescriptor.java:105)
	at org.junit.platform.engine.support.hierarchical.ThrowableCollector.execute(ThrowableCollector.java:73)
	at org.junit.jupiter.engine.descriptor.TestMethodTestDescriptor.prepare(TestMethodTestDescriptor.java:104)
	at org.junit.jupiter.engine.descriptor.TestMethodTestDescriptor.prepare(TestMethodTestDescriptor.java:68)
	at org.junit.platform.engine.support.hierarchical.NodeTestTask.lambda$prepare$2(NodeTestTask.java:123)
	at org.junit.platform.engine.support.hierarchical.ThrowableCollector.execute(ThrowableCollector.java:73)
	at org.junit.platform.engine.support.hierarchical.NodeTestTask.prepare(NodeTestTask.java:123)
	at org.junit.platform.engine.support.hierarchical.NodeTestTask.execute(NodeTestTask.java:90)
	at java.base/java.util.ArrayList.forEach(ArrayList.java:1511)
	at org.junit.platform.engine.support.hierarchical.SameThreadHierarchicalTestExecutorService.invokeAll(SameThreadHierarchicalTestExecutorService.java:41)
	at org.junit.platform.engine.support.hierarchical.NodeTestTask.lambda$executeRecursively$6(NodeTestTask.java:155)
	at org.junit.platform.engine.support.hierarchical.ThrowableCollector.execute(ThrowableCollector.java:73)
	at org.junit.platform.engine.support.hierarchical.NodeTestTask.lambda$executeRecursively$8(NodeTestTask.java:141)
	at org.junit.platform.engine.support.hierarchical.Node.around(Node.java:137)
	at org.junit.platform.engine.support.hierarchical.NodeTestTask.lambda$executeRecursively$9(NodeTestTask.java:139)
	at org.junit.platform.engine.support.hierarchical.ThrowableCollector.execute(ThrowableCollector.java:73)
	at org.junit.platform.engine.support.hierarchical.NodeTestTask.executeRecursively(NodeTestTask.java:138)
	at org.junit.platform.engine.support.hierarchical.NodeTestTask.execute(NodeTestTask.java:95)
	at java.base/java.util.ArrayList.forEach(ArrayList.java:1511)
	at org.junit.platform.engine.support.hierarchical.SameThreadHierarchicalTestExecutorService.invokeAll(SameThreadHierarchicalTestExecutorService.java:41)
	at org.junit.platform.engine.support.hierarchical.NodeTestTask.lambda$executeRecursively$6(NodeTestTask.java:155)
	at org.junit.platform.engine.support.hierarchical.ThrowableCollector.execute(ThrowableCollector.java:73)
	at org.junit.platform.engine.support.hierarchical.NodeTestTask.lambda$executeRecursively$8(NodeTestTask.java:141)
	at org.junit.platform.engine.support.hierarchical.Node.around(Node.java:137)
	at org.junit.platform.engine.support.hierarchical.NodeTestTask.lambda$executeRecursively$9(NodeTestTask.java:139)
	at org.junit.platform.engine.support.hierarchical.ThrowableCollector.execute(ThrowableCollector.java:73)
	at org.junit.platform.engine.support.hierarchical.NodeTestTask.executeRecursively(NodeTestTask.java:138)
	at org.junit.platform.engine.support.hierarchical.NodeTestTask.execute(NodeTestTask.java:95)
	at org.junit.platform.engine.support.hierarchical.SameThreadHierarchicalTestExecutorService.submit(SameThreadHierarchicalTestExecutorService.java:35)
	at org.junit.platform.engine.support.hierarchical.HierarchicalTestExecutor.execute(HierarchicalTestExecutor.java:57)
	at org.junit.platform.engine.support.hierarchical.HierarchicalTestEngine.execute(HierarchicalTestEngine.java:54)
	at org.junit.platform.launcher.core.EngineExecutionOrchestrator.execute(EngineExecutionOrchestrator.java:147)
	at org.junit.platform.launcher.core.EngineExecutionOrchestrator.execute(EngineExecutionOrchestrator.java:127)
	at org.junit.platform.launcher.core.EngineExecutionOrchestrator.execute(EngineExecutionOrchestrator.java:90)
	at org.junit.platform.launcher.core.EngineExecutionOrchestrator.lambda$execute$0(EngineExecutionOrchestrator.java:55)
	at org.junit.platform.launcher.core.EngineExecutionOrchestrator.withInterceptedStreams(EngineExecutionOrchestrator.java:102)
	at org.junit.platform.launcher.core.EngineExecutionOrchestrator.execute(EngineExecutionOrchestrator.java:54)
	at org.junit.platform.launcher.core.DefaultLauncher.execute(DefaultLauncher.java:114)
	at org.junit.platform.launcher.core.DefaultLauncher.execute(DefaultLauncher.java:86)
	at org.junit.platform.launcher.core.DefaultLauncherSession$DelegatingLauncher.execute(DefaultLauncherSession.java:86)
	at org.apache.maven.surefire.junitplatform.LazyLauncher.execute(LazyLauncher.java:50)
	at org.apache.maven.surefire.junitplatform.JUnitPlatformProvider.execute(JUnitPlatformProvider.java:184)
	at org.apache.maven.surefire.junitplatform.JUnitPlatformProvider.invokeAllTests(JUnitPlatformProvider.java:148)
	at org.apache.maven.surefire.junitplatform.JUnitPlatformProvider.invoke(JUnitPlatformProvider.java:122)
	at org.apache.maven.surefire.booter.ForkedBooter.runSuitesInProcess(ForkedBooter.java:385)
	at org.apache.maven.surefire.booter.ForkedBooter.execute(ForkedBooter.java:162)
	at org.apache.maven.surefire.booter.ForkedBooter.run(ForkedBooter.java:507)
	at org.apache.maven.surefire.booter.ForkedBooter.main(ForkedBooter.java:495)
2023-11-24 12:36:47,209 TRACE o.h.i.SessionImpl [SessionImpl.java:402] Closing session [72054194-c54b-4612-9437-8b8516940c88]
2023-11-24 12:36:47,209 TRACE o.h.e.j.i.JdbcCoordinatorImpl [JdbcCoordinatorImpl.java:152] Closing JDBC container [org.hibernate.engine.jdbc.internal.JdbcCoordinatorImpl@68fb2ad0]
2023-11-24 12:36:47,209 TRACE o.h.r.j.i.ResourceRegistryStandardImpl [ResourceRegistryStandardImpl.java:329] Releasing JDBC resources
2023-11-24 12:36:47,209 TRACE o.h.r.j.i.LogicalConnectionManagedImpl [LogicalConnectionManagedImpl.java:256] Closing logical connection
2023-11-24 12:36:47,209 TRACE o.h.r.j.i.LogicalConnectionManagedImpl [LogicalConnectionManagedImpl.java:263] Logical connection closed
2023-11-24 12:36:47,210 TRACE o.h.i.SessionFactoryImpl$SessionBuilderImpl [SessionFactoryImpl.java:1298] Opening Hibernate Session.  tenant=null
2023-11-24 12:36:47,210 TRACE o.h.i.SessionImpl [SessionImpl.java:262] Opened Session [d062d834-c5a9-4f7e-b54b-c2b4322f6734] at timestamp: 1700825807210
2023-11-24 12:36:47,210 TRACE o.h.i.SessionImpl [SessionImpl.java:402] Closing session [d062d834-c5a9-4f7e-b54b-c2b4322f6734]
2023-11-24 12:36:47,210 TRACE o.h.e.j.i.JdbcCoordinatorImpl [JdbcCoordinatorImpl.java:152] Closing JDBC container [org.hibernate.engine.jdbc.internal.JdbcCoordinatorImpl@22d90baa]
2023-11-24 12:36:47,210 TRACE o.h.r.j.i.ResourceRegistryStandardImpl [ResourceRegistryStandardImpl.java:329] Releasing JDBC resources
2023-11-24 12:36:47,210 TRACE o.h.r.j.i.LogicalConnectionManagedImpl [LogicalConnectionManagedImpl.java:256] Closing logical connection
2023-11-24 12:36:47,210 TRACE o.h.r.j.i.LogicalConnectionManagedImpl [LogicalConnectionManagedImpl.java:263] Logical connection closed
2023-11-24 12:36:47,211 TRACE o.h.i.SessionFactoryImpl$SessionBuilderImpl [SessionFactoryImpl.java:1298] Opening Hibernate Session.  tenant=null
2023-11-24 12:36:47,211 TRACE o.h.i.SessionImpl [SessionImpl.java:262] Opened Session [aa5f386b-8398-4b4e-a41c-a053e6b422e3] at timestamp: 1700825807211
2023-11-24 12:36:47,211 DEBUG o.h.r.t.b.j.i.JdbcResourceLocalTransactionCoordinatorImpl [JdbcResourceLocalTransactionCoordinatorImpl.java:310] JDBC transaction marked for rollback-only (exception provided for stack trace)
java.lang.Exception: exception just for purpose of providing stack trace
	at org.hibernate.resource.transaction.backend.jdbc.internal.JdbcResourceLocalTransactionCoordinatorImpl$TransactionDriverControlImpl.markRollbackOnly(JdbcResourceLocalTransactionCoordinatorImpl.java:310)
	at org.hibernate.internal.AbstractSharedSessionContract.buildNamedQuery(AbstractSharedSessionContract.java:1021)
	at org.hibernate.internal.AbstractSharedSessionContract.createNamedQuery(AbstractSharedSessionContract.java:899)
	at org.hibernate.internal.AbstractSharedSessionContract.createNamedQuery(AbstractSharedSessionContract.java:120)
	at jdk.internal.reflect.GeneratedMethodAccessor47.invoke(Unknown Source)
	at java.base/jdk.internal.reflect.DelegatingMethodAccessorImpl.invoke(DelegatingMethodAccessorImpl.java:43)
	at java.base/java.lang.reflect.Method.invoke(Method.java:568)
	at org.springframework.orm.jpa.ExtendedEntityManagerCreator$ExtendedEntityManagerInvocationHandler.invoke(ExtendedEntityManagerCreator.java:360)
	at jdk.proxy2/jdk.proxy2.$Proxy191.createNamedQuery(Unknown Source)
	at org.springframework.data.jpa.repository.query.NamedQuery.hasNamedQuery(NamedQuery.java:113)
	at org.springframework.data.jpa.repository.query.NamedQuery.lookupFrom(NamedQuery.java:141)
	at org.springframework.data.jpa.repository.query.JpaQueryLookupStrategy$DeclaredQueryLookupStrategy.resolveQuery(JpaQueryLookupStrategy.java:180)
	at org.springframework.data.jpa.repository.query.JpaQueryLookupStrategy$CreateIfNotFoundQueryLookupStrategy.resolveQuery(JpaQueryLookupStrategy.java:252)
	at org.springframework.data.jpa.repository.query.JpaQueryLookupStrategy$AbstractQueryLookupStrategy.resolveQuery(JpaQueryLookupStrategy.java:95)
	at org.springframework.data.repository.core.support.QueryExecutorMethodInterceptor.lookupQuery(QueryExecutorMethodInterceptor.java:111)
	at org.springframework.data.repository.core.support.QueryExecutorMethodInterceptor.mapMethodsToQuery(QueryExecutorMethodInterceptor.java:99)
	at org.springframework.data.repository.core.support.QueryExecutorMethodInterceptor.lambda$new$0(QueryExecutorMethodInterceptor.java:88)
	at java.base/java.util.Optional.map(Optional.java:260)
	at org.springframework.data.repository.core.support.QueryExecutorMethodInterceptor.<init>(QueryExecutorMethodInterceptor.java:88)
	at org.springframework.data.repository.core.support.RepositoryFactorySupport.getRepository(RepositoryFactorySupport.java:357)
	at org.springframework.data.repository.core.support.RepositoryFactoryBeanSupport.lambda$afterPropertiesSet$5(RepositoryFactoryBeanSupport.java:279)
	at org.springframework.data.util.Lazy.getNullable(Lazy.java:245)
	at org.springframework.data.util.Lazy.get(Lazy.java:114)
	at org.springframework.data.repository.core.support.RepositoryFactoryBeanSupport.afterPropertiesSet(RepositoryFactoryBeanSupport.java:285)
	at org.springframework.data.jpa.repository.support.JpaRepositoryFactoryBean.afterPropertiesSet(JpaRepositoryFactoryBean.java:132)
	at org.springframework.beans.factory.support.AbstractAutowireCapableBeanFactory.invokeInitMethods(AbstractAutowireCapableBeanFactory.java:1817)
	at org.springframework.beans.factory.support.AbstractAutowireCapableBeanFactory.initializeBean(AbstractAutowireCapableBeanFactory.java:1766)
	at org.springframework.beans.factory.support.AbstractAutowireCapableBeanFactory.doCreateBean(AbstractAutowireCapableBeanFactory.java:598)
	at org.springframework.beans.factory.support.AbstractAutowireCapableBeanFactory.createBean(AbstractAutowireCapableBeanFactory.java:520)
	at org.springframework.beans.factory.support.AbstractBeanFactory.lambda$doGetBean$0(AbstractBeanFactory.java:325)
	at org.springframework.beans.factory.support.DefaultSingletonBeanRegistry.getSingleton(DefaultSingletonBeanRegistry.java:234)
	at org.springframework.beans.factory.support.AbstractBeanFactory.doGetBean(AbstractBeanFactory.java:323)
	at org.springframework.beans.factory.support.AbstractBeanFactory.getBean(AbstractBeanFactory.java:199)
	at org.springframework.beans.factory.config.DependencyDescriptor.resolveCandidate(DependencyDescriptor.java:254)
	at org.springframework.beans.factory.support.DefaultListableBeanFactory.doResolveDependency(DefaultListableBeanFactory.java:1417)
	at org.springframework.beans.factory.support.DefaultListableBeanFactory.resolveDependency(DefaultListableBeanFactory.java:1337)
	at org.springframework.beans.factory.annotation.AutowiredAnnotationBeanPostProcessor$AutowiredFieldElement.resolveFieldValue(AutowiredAnnotationBeanPostProcessor.java:764)
	at org.springframework.beans.factory.annotation.AutowiredAnnotationBeanPostProcessor$AutowiredFieldElement.inject(AutowiredAnnotationBeanPostProcessor.java:747)
	at org.springframework.beans.factory.annotation.InjectionMetadata.inject(InjectionMetadata.java:145)
	at org.springframework.beans.factory.annotation.AutowiredAnnotationBeanPostProcessor.postProcessProperties(AutowiredAnnotationBeanPostProcessor.java:492)
	at org.springframework.beans.factory.support.AbstractAutowireCapableBeanFactory.populateBean(AbstractAutowireCapableBeanFactory.java:1416)
	at org.springframework.beans.factory.support.AbstractAutowireCapableBeanFactory.doCreateBean(AbstractAutowireCapableBeanFactory.java:597)
	at org.springframework.beans.factory.support.AbstractAutowireCapableBeanFactory.createBean(AbstractAutowireCapableBeanFactory.java:520)
	at org.springframework.beans.factory.support.AbstractBeanFactory.lambda$doGetBean$0(AbstractBeanFactory.java:325)
	at org.springframework.beans.factory.support.DefaultSingletonBeanRegistry.getSingleton(DefaultSingletonBeanRegistry.java:234)
	at org.springframework.beans.factory.support.AbstractBeanFactory.doGetBean(AbstractBeanFactory.java:323)
	at org.springframework.beans.factory.support.AbstractBeanFactory.getBean(AbstractBeanFactory.java:199)
	at org.springframework.beans.factory.support.DefaultListableBeanFactory.preInstantiateSingletons(DefaultListableBeanFactory.java:973)
	at org.springframework.context.support.AbstractApplicationContext.finishBeanFactoryInitialization(AbstractApplicationContext.java:950)
	at org.springframework.context.support.AbstractApplicationContext.refresh(AbstractApplicationContext.java:616)
	at org.springframework.boot.SpringApplication.refresh(SpringApplication.java:738)
	at org.springframework.boot.SpringApplication.refreshContext(SpringApplication.java:440)
	at org.springframework.boot.SpringApplication.run(SpringApplication.java:316)
	at org.springframework.boot.test.context.SpringBootContextLoader.lambda$loadContext$3(SpringBootContextLoader.java:137)
	at org.springframework.util.function.ThrowingSupplier.get(ThrowingSupplier.java:58)
	at org.springframework.util.function.ThrowingSupplier.get(ThrowingSupplier.java:46)
	at org.springframework.boot.SpringApplication.withHook(SpringApplication.java:1406)
	at org.springframework.boot.test.context.SpringBootContextLoader$ContextLoaderHook.run(SpringBootContextLoader.java:545)
	at org.springframework.boot.test.context.SpringBootContextLoader.loadContext(SpringBootContextLoader.java:137)
	at org.springframework.boot.test.context.SpringBootContextLoader.loadContext(SpringBootContextLoader.java:108)
	at org.springframework.test.context.cache.DefaultCacheAwareContextLoaderDelegate.loadContextInternal(DefaultCacheAwareContextLoaderDelegate.java:187)
	at org.springframework.test.context.cache.DefaultCacheAwareContextLoaderDelegate.loadContext(DefaultCacheAwareContextLoaderDelegate.java:119)
	at org.springframework.test.context.support.DefaultTestContext.getApplicationContext(DefaultTestContext.java:127)
	at org.springframework.test.context.web.ServletTestExecutionListener.setUpRequestContextIfNecessary(ServletTestExecutionListener.java:191)
	at org.springframework.test.context.web.ServletTestExecutionListener.prepareTestInstance(ServletTestExecutionListener.java:130)
	at org.springframework.test.context.TestContextManager.prepareTestInstance(TestContextManager.java:241)
	at org.springframework.test.context.junit.jupiter.SpringExtension.postProcessTestInstance(SpringExtension.java:138)
	at org.junit.jupiter.engine.descriptor.ClassBasedTestDescriptor.lambda$invokeTestInstancePostProcessors$10(ClassBasedTestDescriptor.java:377)
	at org.junit.jupiter.engine.descriptor.ClassBasedTestDescriptor.executeAndMaskThrowable(ClassBasedTestDescriptor.java:382)
	at org.junit.jupiter.engine.descriptor.ClassBasedTestDescriptor.lambda$invokeTestInstancePostProcessors$11(ClassBasedTestDescriptor.java:377)
	at java.base/java.util.stream.ReferencePipeline$3$1.accept(ReferencePipeline.java:197)
	at java.base/java.util.stream.ReferencePipeline$2$1.accept(ReferencePipeline.java:179)
	at java.base/java.util.ArrayList$ArrayListSpliterator.forEachRemaining(ArrayList.java:1625)
	at java.base/java.util.stream.AbstractPipeline.copyInto(AbstractPipeline.java:509)
	at java.base/java.util.stream.AbstractPipeline.wrapAndCopyInto(AbstractPipeline.java:499)
	at java.base/java.util.stream.StreamSpliterators$WrappingSpliterator.forEachRemaining(StreamSpliterators.java:310)
	at java.base/java.util.stream.Streams$ConcatSpliterator.forEachRemaining(Streams.java:735)
	at java.base/java.util.stream.Streams$ConcatSpliterator.forEachRemaining(Streams.java:734)
	at java.base/java.util.stream.ReferencePipeline$Head.forEach(ReferencePipeline.java:762)
	at org.junit.jupiter.engine.descriptor.ClassBasedTestDescriptor.invokeTestInstancePostProcessors(ClassBasedTestDescriptor.java:376)
	at org.junit.jupiter.engine.descriptor.ClassBasedTestDescriptor.lambda$instantiateAndPostProcessTestInstance$6(ClassBasedTestDescriptor.java:289)
	at org.junit.platform.engine.support.hierarchical.ThrowableCollector.execute(ThrowableCollector.java:73)
	at org.junit.jupiter.engine.descriptor.ClassBasedTestDescriptor.instantiateAndPostProcessTestInstance(ClassBasedTestDescriptor.java:288)
	at org.junit.jupiter.engine.descriptor.ClassBasedTestDescriptor.lambda$testInstancesProvider$4(ClassBasedTestDescriptor.java:278)
	at java.base/java.util.Optional.orElseGet(Optional.java:364)
	at org.junit.jupiter.engine.descriptor.ClassBasedTestDescriptor.lambda$testInstancesProvider$5(ClassBasedTestDescriptor.java:277)
	at org.junit.jupiter.engine.execution.TestInstancesProvider.getTestInstances(TestInstancesProvider.java:31)
	at org.junit.jupiter.engine.descriptor.TestMethodTestDescriptor.lambda$prepare$0(TestMethodTestDescriptor.java:105)
	at org.junit.platform.engine.support.hierarchical.ThrowableCollector.execute(ThrowableCollector.java:73)
	at org.junit.jupiter.engine.descriptor.TestMethodTestDescriptor.prepare(TestMethodTestDescriptor.java:104)
	at org.junit.jupiter.engine.descriptor.TestMethodTestDescriptor.prepare(TestMethodTestDescriptor.java:68)
	at org.junit.platform.engine.support.hierarchical.NodeTestTask.lambda$prepare$2(NodeTestTask.java:123)
	at org.junit.platform.engine.support.hierarchical.ThrowableCollector.execute(ThrowableCollector.java:73)
	at org.junit.platform.engine.support.hierarchical.NodeTestTask.prepare(NodeTestTask.java:123)
	at org.junit.platform.engine.support.hierarchical.NodeTestTask.execute(NodeTestTask.java:90)
	at java.base/java.util.ArrayList.forEach(ArrayList.java:1511)
	at org.junit.platform.engine.support.hierarchical.SameThreadHierarchicalTestExecutorService.invokeAll(SameThreadHierarchicalTestExecutorService.java:41)
	at org.junit.platform.engine.support.hierarchical.NodeTestTask.lambda$executeRecursively$6(NodeTestTask.java:155)
	at org.junit.platform.engine.support.hierarchical.ThrowableCollector.execute(ThrowableCollector.java:73)
	at org.junit.platform.engine.support.hierarchical.NodeTestTask.lambda$executeRecursively$8(NodeTestTask.java:141)
	at org.junit.platform.engine.support.hierarchical.Node.around(Node.java:137)
	at org.junit.platform.engine.support.hierarchical.NodeTestTask.lambda$executeRecursively$9(NodeTestTask.java:139)
	at org.junit.platform.engine.support.hierarchical.ThrowableCollector.execute(ThrowableCollector.java:73)
	at org.junit.platform.engine.support.hierarchical.NodeTestTask.executeRecursively(NodeTestTask.java:138)
	at org.junit.platform.engine.support.hierarchical.NodeTestTask.execute(NodeTestTask.java:95)
	at java.base/java.util.ArrayList.forEach(ArrayList.java:1511)
	at org.junit.platform.engine.support.hierarchical.SameThreadHierarchicalTestExecutorService.invokeAll(SameThreadHierarchicalTestExecutorService.java:41)
	at org.junit.platform.engine.support.hierarchical.NodeTestTask.lambda$executeRecursively$6(NodeTestTask.java:155)
	at org.junit.platform.engine.support.hierarchical.ThrowableCollector.execute(ThrowableCollector.java:73)
	at org.junit.platform.engine.support.hierarchical.NodeTestTask.lambda$executeRecursively$8(NodeTestTask.java:141)
	at org.junit.platform.engine.support.hierarchical.Node.around(Node.java:137)
	at org.junit.platform.engine.support.hierarchical.NodeTestTask.lambda$executeRecursively$9(NodeTestTask.java:139)
	at org.junit.platform.engine.support.hierarchical.ThrowableCollector.execute(ThrowableCollector.java:73)
	at org.junit.platform.engine.support.hierarchical.NodeTestTask.executeRecursively(NodeTestTask.java:138)
	at org.junit.platform.engine.support.hierarchical.NodeTestTask.execute(NodeTestTask.java:95)
	at org.junit.platform.engine.support.hierarchical.SameThreadHierarchicalTestExecutorService.submit(SameThreadHierarchicalTestExecutorService.java:35)
	at org.junit.platform.engine.support.hierarchical.HierarchicalTestExecutor.execute(HierarchicalTestExecutor.java:57)
	at org.junit.platform.engine.support.hierarchical.HierarchicalTestEngine.execute(HierarchicalTestEngine.java:54)
	at org.junit.platform.launcher.core.EngineExecutionOrchestrator.execute(EngineExecutionOrchestrator.java:147)
	at org.junit.platform.launcher.core.EngineExecutionOrchestrator.execute(EngineExecutionOrchestrator.java:127)
	at org.junit.platform.launcher.core.EngineExecutionOrchestrator.execute(EngineExecutionOrchestrator.java:90)
	at org.junit.platform.launcher.core.EngineExecutionOrchestrator.lambda$execute$0(EngineExecutionOrchestrator.java:55)
	at org.junit.platform.launcher.core.EngineExecutionOrchestrator.withInterceptedStreams(EngineExecutionOrchestrator.java:102)
	at org.junit.platform.launcher.core.EngineExecutionOrchestrator.execute(EngineExecutionOrchestrator.java:54)
	at org.junit.platform.launcher.core.DefaultLauncher.execute(DefaultLauncher.java:114)
	at org.junit.platform.launcher.core.DefaultLauncher.execute(DefaultLauncher.java:86)
	at org.junit.platform.launcher.core.DefaultLauncherSession$DelegatingLauncher.execute(DefaultLauncherSession.java:86)
	at org.apache.maven.surefire.junitplatform.LazyLauncher.execute(LazyLauncher.java:50)
	at org.apache.maven.surefire.junitplatform.JUnitPlatformProvider.execute(JUnitPlatformProvider.java:184)
	at org.apache.maven.surefire.junitplatform.JUnitPlatformProvider.invokeAllTests(JUnitPlatformProvider.java:148)
	at org.apache.maven.surefire.junitplatform.JUnitPlatformProvider.invoke(JUnitPlatformProvider.java:122)
	at org.apache.maven.surefire.booter.ForkedBooter.runSuitesInProcess(ForkedBooter.java:385)
	at org.apache.maven.surefire.booter.ForkedBooter.execute(ForkedBooter.java:162)
	at org.apache.maven.surefire.booter.ForkedBooter.run(ForkedBooter.java:507)
	at org.apache.maven.surefire.booter.ForkedBooter.main(ForkedBooter.java:495)
2023-11-24 12:36:47,212 TRACE o.h.i.SessionImpl [SessionImpl.java:402] Closing session [aa5f386b-8398-4b4e-a41c-a053e6b422e3]
2023-11-24 12:36:47,212 TRACE o.h.e.j.i.JdbcCoordinatorImpl [JdbcCoordinatorImpl.java:152] Closing JDBC container [org.hibernate.engine.jdbc.internal.JdbcCoordinatorImpl@4f278f13]
2023-11-24 12:36:47,212 TRACE o.h.r.j.i.ResourceRegistryStandardImpl [ResourceRegistryStandardImpl.java:329] Releasing JDBC resources
2023-11-24 12:36:47,212 TRACE o.h.r.j.i.LogicalConnectionManagedImpl [LogicalConnectionManagedImpl.java:256] Closing logical connection
2023-11-24 12:36:47,212 TRACE o.h.r.j.i.LogicalConnectionManagedImpl [LogicalConnectionManagedImpl.java:263] Logical connection closed
2023-11-24 12:36:47,213 TRACE o.h.i.SessionFactoryImpl$SessionBuilderImpl [SessionFactoryImpl.java:1298] Opening Hibernate Session.  tenant=null
2023-11-24 12:36:47,213 TRACE o.h.i.SessionImpl [SessionImpl.java:262] Opened Session [985242b4-a081-41b0-8092-886b1cf44741] at timestamp: 1700825807213
2023-11-24 12:36:47,213 TRACE o.h.i.SessionImpl [SessionImpl.java:402] Closing session [985242b4-a081-41b0-8092-886b1cf44741]
2023-11-24 12:36:47,213 TRACE o.h.e.j.i.JdbcCoordinatorImpl [JdbcCoordinatorImpl.java:152] Closing JDBC container [org.hibernate.engine.jdbc.internal.JdbcCoordinatorImpl@7e3b918d]
2023-11-24 12:36:47,213 TRACE o.h.r.j.i.ResourceRegistryStandardImpl [ResourceRegistryStandardImpl.java:329] Releasing JDBC resources
2023-11-24 12:36:47,214 TRACE o.h.r.j.i.LogicalConnectionManagedImpl [LogicalConnectionManagedImpl.java:256] Closing logical connection
2023-11-24 12:36:47,214 TRACE o.h.r.j.i.LogicalConnectionManagedImpl [LogicalConnectionManagedImpl.java:263] Logical connection closed
2023-11-24 12:36:47,217 TRACE o.h.i.SessionFactoryImpl$SessionBuilderImpl [SessionFactoryImpl.java:1298] Opening Hibernate Session.  tenant=null
2023-11-24 12:36:47,217 TRACE o.h.i.SessionImpl [SessionImpl.java:262] Opened Session [2dba4d7c-bee4-4762-8a52-f5ea76152564] at timestamp: 1700825807217
2023-11-24 12:36:47,217 TRACE o.h.i.SessionImpl [SessionImpl.java:402] Closing session [2dba4d7c-bee4-4762-8a52-f5ea76152564]
2023-11-24 12:36:47,217 TRACE o.h.e.j.i.JdbcCoordinatorImpl [JdbcCoordinatorImpl.java:152] Closing JDBC container [org.hibernate.engine.jdbc.internal.JdbcCoordinatorImpl@5af088bd]
2023-11-24 12:36:47,217 TRACE o.h.r.j.i.ResourceRegistryStandardImpl [ResourceRegistryStandardImpl.java:329] Releasing JDBC resources
2023-11-24 12:36:47,217 TRACE o.h.r.j.i.LogicalConnectionManagedImpl [LogicalConnectionManagedImpl.java:256] Closing logical connection
2023-11-24 12:36:47,217 TRACE o.h.r.j.i.LogicalConnectionManagedImpl [LogicalConnectionManagedImpl.java:263] Logical connection closed
2023-11-24 12:36:47,220 TRACE o.h.i.SessionFactoryImpl$SessionBuilderImpl [SessionFactoryImpl.java:1298] Opening Hibernate Session.  tenant=null
2023-11-24 12:36:47,220 TRACE o.h.i.SessionImpl [SessionImpl.java:262] Opened Session [7ae391a2-3fd0-42c0-beb2-3938c438d70e] at timestamp: 1700825807220
2023-11-24 12:36:47,220 TRACE o.h.i.SessionImpl [SessionImpl.java:402] Closing session [7ae391a2-3fd0-42c0-beb2-3938c438d70e]
2023-11-24 12:36:47,220 TRACE o.h.e.j.i.JdbcCoordinatorImpl [JdbcCoordinatorImpl.java:152] Closing JDBC container [org.hibernate.engine.jdbc.internal.JdbcCoordinatorImpl@1d926c11]
2023-11-24 12:36:47,220 TRACE o.h.r.j.i.ResourceRegistryStandardImpl [ResourceRegistryStandardImpl.java:329] Releasing JDBC resources
2023-11-24 12:36:47,221 TRACE o.h.r.j.i.LogicalConnectionManagedImpl [LogicalConnectionManagedImpl.java:256] Closing logical connection
2023-11-24 12:36:47,221 TRACE o.h.r.j.i.LogicalConnectionManagedImpl [LogicalConnectionManagedImpl.java:263] Logical connection closed
2023-11-24 12:36:47,230 TRACE o.h.i.SessionFactoryImpl$SessionBuilderImpl [SessionFactoryImpl.java:1298] Opening Hibernate Session.  tenant=null
2023-11-24 12:36:47,230 TRACE o.h.i.SessionImpl [SessionImpl.java:262] Opened Session [3c4e4c06-4b50-4ddf-80fe-0ddb35bff5b6] at timestamp: 1700825807230
2023-11-24 12:36:47,230 DEBUG o.h.r.t.b.j.i.JdbcResourceLocalTransactionCoordinatorImpl [JdbcResourceLocalTransactionCoordinatorImpl.java:310] JDBC transaction marked for rollback-only (exception provided for stack trace)
java.lang.Exception: exception just for purpose of providing stack trace
	at org.hibernate.resource.transaction.backend.jdbc.internal.JdbcResourceLocalTransactionCoordinatorImpl$TransactionDriverControlImpl.markRollbackOnly(JdbcResourceLocalTransactionCoordinatorImpl.java:310)
	at org.hibernate.internal.AbstractSharedSessionContract.buildNamedQuery(AbstractSharedSessionContract.java:1021)
	at org.hibernate.internal.AbstractSharedSessionContract.createNamedQuery(AbstractSharedSessionContract.java:899)
	at org.hibernate.internal.AbstractSharedSessionContract.createNamedQuery(AbstractSharedSessionContract.java:120)
	at jdk.internal.reflect.GeneratedMethodAccessor47.invoke(Unknown Source)
	at java.base/jdk.internal.reflect.DelegatingMethodAccessorImpl.invoke(DelegatingMethodAccessorImpl.java:43)
	at java.base/java.lang.reflect.Method.invoke(Method.java:568)
	at org.springframework.orm.jpa.ExtendedEntityManagerCreator$ExtendedEntityManagerInvocationHandler.invoke(ExtendedEntityManagerCreator.java:360)
	at jdk.proxy2/jdk.proxy2.$Proxy191.createNamedQuery(Unknown Source)
	at org.springframework.data.jpa.repository.query.NamedQuery.hasNamedQuery(NamedQuery.java:113)
	at org.springframework.data.jpa.repository.query.NamedQuery.lookupFrom(NamedQuery.java:141)
	at org.springframework.data.jpa.repository.query.JpaQueryLookupStrategy$DeclaredQueryLookupStrategy.resolveQuery(JpaQueryLookupStrategy.java:180)
	at org.springframework.data.jpa.repository.query.JpaQueryLookupStrategy$CreateIfNotFoundQueryLookupStrategy.resolveQuery(JpaQueryLookupStrategy.java:252)
	at org.springframework.data.jpa.repository.query.JpaQueryLookupStrategy$AbstractQueryLookupStrategy.resolveQuery(JpaQueryLookupStrategy.java:95)
	at org.springframework.data.repository.core.support.QueryExecutorMethodInterceptor.lookupQuery(QueryExecutorMethodInterceptor.java:111)
	at org.springframework.data.repository.core.support.QueryExecutorMethodInterceptor.mapMethodsToQuery(QueryExecutorMethodInterceptor.java:99)
	at org.springframework.data.repository.core.support.QueryExecutorMethodInterceptor.lambda$new$0(QueryExecutorMethodInterceptor.java:88)
	at java.base/java.util.Optional.map(Optional.java:260)
	at org.springframework.data.repository.core.support.QueryExecutorMethodInterceptor.<init>(QueryExecutorMethodInterceptor.java:88)
	at org.springframework.data.repository.core.support.RepositoryFactorySupport.getRepository(RepositoryFactorySupport.java:357)
	at org.springframework.data.repository.core.support.RepositoryFactoryBeanSupport.lambda$afterPropertiesSet$5(RepositoryFactoryBeanSupport.java:279)
	at org.springframework.data.util.Lazy.getNullable(Lazy.java:245)
	at org.springframework.data.util.Lazy.get(Lazy.java:114)
	at org.springframework.data.repository.core.support.RepositoryFactoryBeanSupport.afterPropertiesSet(RepositoryFactoryBeanSupport.java:285)
	at org.springframework.data.jpa.repository.support.JpaRepositoryFactoryBean.afterPropertiesSet(JpaRepositoryFactoryBean.java:132)
	at org.springframework.beans.factory.support.AbstractAutowireCapableBeanFactory.invokeInitMethods(AbstractAutowireCapableBeanFactory.java:1817)
	at org.springframework.beans.factory.support.AbstractAutowireCapableBeanFactory.initializeBean(AbstractAutowireCapableBeanFactory.java:1766)
	at org.springframework.beans.factory.support.AbstractAutowireCapableBeanFactory.doCreateBean(AbstractAutowireCapableBeanFactory.java:598)
	at org.springframework.beans.factory.support.AbstractAutowireCapableBeanFactory.createBean(AbstractAutowireCapableBeanFactory.java:520)
	at org.springframework.beans.factory.support.AbstractBeanFactory.lambda$doGetBean$0(AbstractBeanFactory.java:325)
	at org.springframework.beans.factory.support.DefaultSingletonBeanRegistry.getSingleton(DefaultSingletonBeanRegistry.java:234)
	at org.springframework.beans.factory.support.AbstractBeanFactory.doGetBean(AbstractBeanFactory.java:323)
	at org.springframework.beans.factory.support.AbstractBeanFactory.getBean(AbstractBeanFactory.java:199)
	at org.springframework.beans.factory.config.DependencyDescriptor.resolveCandidate(DependencyDescriptor.java:254)
	at org.springframework.beans.factory.support.DefaultListableBeanFactory.doResolveDependency(DefaultListableBeanFactory.java:1417)
	at org.springframework.beans.factory.support.DefaultListableBeanFactory.resolveDependency(DefaultListableBeanFactory.java:1337)
	at org.springframework.beans.factory.annotation.AutowiredAnnotationBeanPostProcessor$AutowiredFieldElement.resolveFieldValue(AutowiredAnnotationBeanPostProcessor.java:764)
	at org.springframework.beans.factory.annotation.AutowiredAnnotationBeanPostProcessor$AutowiredFieldElement.inject(AutowiredAnnotationBeanPostProcessor.java:747)
	at org.springframework.beans.factory.annotation.InjectionMetadata.inject(InjectionMetadata.java:145)
	at org.springframework.beans.factory.annotation.AutowiredAnnotationBeanPostProcessor.postProcessProperties(AutowiredAnnotationBeanPostProcessor.java:492)
	at org.springframework.beans.factory.support.AbstractAutowireCapableBeanFactory.populateBean(AbstractAutowireCapableBeanFactory.java:1416)
	at org.springframework.beans.factory.support.AbstractAutowireCapableBeanFactory.doCreateBean(AbstractAutowireCapableBeanFactory.java:597)
	at org.springframework.beans.factory.support.AbstractAutowireCapableBeanFactory.createBean(AbstractAutowireCapableBeanFactory.java:520)
	at org.springframework.beans.factory.support.AbstractBeanFactory.lambda$doGetBean$0(AbstractBeanFactory.java:325)
	at org.springframework.beans.factory.support.DefaultSingletonBeanRegistry.getSingleton(DefaultSingletonBeanRegistry.java:234)
	at org.springframework.beans.factory.support.AbstractBeanFactory.doGetBean(AbstractBeanFactory.java:323)
	at org.springframework.beans.factory.support.AbstractBeanFactory.getBean(AbstractBeanFactory.java:199)
	at org.springframework.beans.factory.support.DefaultListableBeanFactory.preInstantiateSingletons(DefaultListableBeanFactory.java:973)
	at org.springframework.context.support.AbstractApplicationContext.finishBeanFactoryInitialization(AbstractApplicationContext.java:950)
	at org.springframework.context.support.AbstractApplicationContext.refresh(AbstractApplicationContext.java:616)
	at org.springframework.boot.SpringApplication.refresh(SpringApplication.java:738)
	at org.springframework.boot.SpringApplication.refreshContext(SpringApplication.java:440)
	at org.springframework.boot.SpringApplication.run(SpringApplication.java:316)
	at org.springframework.boot.test.context.SpringBootContextLoader.lambda$loadContext$3(SpringBootContextLoader.java:137)
	at org.springframework.util.function.ThrowingSupplier.get(ThrowingSupplier.java:58)
	at org.springframework.util.function.ThrowingSupplier.get(ThrowingSupplier.java:46)
	at org.springframework.boot.SpringApplication.withHook(SpringApplication.java:1406)
	at org.springframework.boot.test.context.SpringBootContextLoader$ContextLoaderHook.run(SpringBootContextLoader.java:545)
	at org.springframework.boot.test.context.SpringBootContextLoader.loadContext(SpringBootContextLoader.java:137)
	at org.springframework.boot.test.context.SpringBootContextLoader.loadContext(SpringBootContextLoader.java:108)
	at org.springframework.test.context.cache.DefaultCacheAwareContextLoaderDelegate.loadContextInternal(DefaultCacheAwareContextLoaderDelegate.java:187)
	at org.springframework.test.context.cache.DefaultCacheAwareContextLoaderDelegate.loadContext(DefaultCacheAwareContextLoaderDelegate.java:119)
	at org.springframework.test.context.support.DefaultTestContext.getApplicationContext(DefaultTestContext.java:127)
	at org.springframework.test.context.web.ServletTestExecutionListener.setUpRequestContextIfNecessary(ServletTestExecutionListener.java:191)
	at org.springframework.test.context.web.ServletTestExecutionListener.prepareTestInstance(ServletTestExecutionListener.java:130)
	at org.springframework.test.context.TestContextManager.prepareTestInstance(TestContextManager.java:241)
	at org.springframework.test.context.junit.jupiter.SpringExtension.postProcessTestInstance(SpringExtension.java:138)
	at org.junit.jupiter.engine.descriptor.ClassBasedTestDescriptor.lambda$invokeTestInstancePostProcessors$10(ClassBasedTestDescriptor.java:377)
	at org.junit.jupiter.engine.descriptor.ClassBasedTestDescriptor.executeAndMaskThrowable(ClassBasedTestDescriptor.java:382)
	at org.junit.jupiter.engine.descriptor.ClassBasedTestDescriptor.lambda$invokeTestInstancePostProcessors$11(ClassBasedTestDescriptor.java:377)
	at java.base/java.util.stream.ReferencePipeline$3$1.accept(ReferencePipeline.java:197)
	at java.base/java.util.stream.ReferencePipeline$2$1.accept(ReferencePipeline.java:179)
	at java.base/java.util.ArrayList$ArrayListSpliterator.forEachRemaining(ArrayList.java:1625)
	at java.base/java.util.stream.AbstractPipeline.copyInto(AbstractPipeline.java:509)
	at java.base/java.util.stream.AbstractPipeline.wrapAndCopyInto(AbstractPipeline.java:499)
	at java.base/java.util.stream.StreamSpliterators$WrappingSpliterator.forEachRemaining(StreamSpliterators.java:310)
	at java.base/java.util.stream.Streams$ConcatSpliterator.forEachRemaining(Streams.java:735)
	at java.base/java.util.stream.Streams$ConcatSpliterator.forEachRemaining(Streams.java:734)
	at java.base/java.util.stream.ReferencePipeline$Head.forEach(ReferencePipeline.java:762)
	at org.junit.jupiter.engine.descriptor.ClassBasedTestDescriptor.invokeTestInstancePostProcessors(ClassBasedTestDescriptor.java:376)
	at org.junit.jupiter.engine.descriptor.ClassBasedTestDescriptor.lambda$instantiateAndPostProcessTestInstance$6(ClassBasedTestDescriptor.java:289)
	at org.junit.platform.engine.support.hierarchical.ThrowableCollector.execute(ThrowableCollector.java:73)
	at org.junit.jupiter.engine.descriptor.ClassBasedTestDescriptor.instantiateAndPostProcessTestInstance(ClassBasedTestDescriptor.java:288)
	at org.junit.jupiter.engine.descriptor.ClassBasedTestDescriptor.lambda$testInstancesProvider$4(ClassBasedTestDescriptor.java:278)
	at java.base/java.util.Optional.orElseGet(Optional.java:364)
	at org.junit.jupiter.engine.descriptor.ClassBasedTestDescriptor.lambda$testInstancesProvider$5(ClassBasedTestDescriptor.java:277)
	at org.junit.jupiter.engine.execution.TestInstancesProvider.getTestInstances(TestInstancesProvider.java:31)
	at org.junit.jupiter.engine.descriptor.TestMethodTestDescriptor.lambda$prepare$0(TestMethodTestDescriptor.java:105)
	at org.junit.platform.engine.support.hierarchical.ThrowableCollector.execute(ThrowableCollector.java:73)
	at org.junit.jupiter.engine.descriptor.TestMethodTestDescriptor.prepare(TestMethodTestDescriptor.java:104)
	at org.junit.jupiter.engine.descriptor.TestMethodTestDescriptor.prepare(TestMethodTestDescriptor.java:68)
	at org.junit.platform.engine.support.hierarchical.NodeTestTask.lambda$prepare$2(NodeTestTask.java:123)
	at org.junit.platform.engine.support.hierarchical.ThrowableCollector.execute(ThrowableCollector.java:73)
	at org.junit.platform.engine.support.hierarchical.NodeTestTask.prepare(NodeTestTask.java:123)
	at org.junit.platform.engine.support.hierarchical.NodeTestTask.execute(NodeTestTask.java:90)
	at java.base/java.util.ArrayList.forEach(ArrayList.java:1511)
	at org.junit.platform.engine.support.hierarchical.SameThreadHierarchicalTestExecutorService.invokeAll(SameThreadHierarchicalTestExecutorService.java:41)
	at org.junit.platform.engine.support.hierarchical.NodeTestTask.lambda$executeRecursively$6(NodeTestTask.java:155)
	at org.junit.platform.engine.support.hierarchical.ThrowableCollector.execute(ThrowableCollector.java:73)
	at org.junit.platform.engine.support.hierarchical.NodeTestTask.lambda$executeRecursively$8(NodeTestTask.java:141)
	at org.junit.platform.engine.support.hierarchical.Node.around(Node.java:137)
	at org.junit.platform.engine.support.hierarchical.NodeTestTask.lambda$executeRecursively$9(NodeTestTask.java:139)
	at org.junit.platform.engine.support.hierarchical.ThrowableCollector.execute(ThrowableCollector.java:73)
	at org.junit.platform.engine.support.hierarchical.NodeTestTask.executeRecursively(NodeTestTask.java:138)
	at org.junit.platform.engine.support.hierarchical.NodeTestTask.execute(NodeTestTask.java:95)
	at java.base/java.util.ArrayList.forEach(ArrayList.java:1511)
	at org.junit.platform.engine.support.hierarchical.SameThreadHierarchicalTestExecutorService.invokeAll(SameThreadHierarchicalTestExecutorService.java:41)
	at org.junit.platform.engine.support.hierarchical.NodeTestTask.lambda$executeRecursively$6(NodeTestTask.java:155)
	at org.junit.platform.engine.support.hierarchical.ThrowableCollector.execute(ThrowableCollector.java:73)
	at org.junit.platform.engine.support.hierarchical.NodeTestTask.lambda$executeRecursively$8(NodeTestTask.java:141)
	at org.junit.platform.engine.support.hierarchical.Node.around(Node.java:137)
	at org.junit.platform.engine.support.hierarchical.NodeTestTask.lambda$executeRecursively$9(NodeTestTask.java:139)
	at org.junit.platform.engine.support.hierarchical.ThrowableCollector.execute(ThrowableCollector.java:73)
	at org.junit.platform.engine.support.hierarchical.NodeTestTask.executeRecursively(NodeTestTask.java:138)
	at org.junit.platform.engine.support.hierarchical.NodeTestTask.execute(NodeTestTask.java:95)
	at org.junit.platform.engine.support.hierarchical.SameThreadHierarchicalTestExecutorService.submit(SameThreadHierarchicalTestExecutorService.java:35)
	at org.junit.platform.engine.support.hierarchical.HierarchicalTestExecutor.execute(HierarchicalTestExecutor.java:57)
	at org.junit.platform.engine.support.hierarchical.HierarchicalTestEngine.execute(HierarchicalTestEngine.java:54)
	at org.junit.platform.launcher.core.EngineExecutionOrchestrator.execute(EngineExecutionOrchestrator.java:147)
	at org.junit.platform.launcher.core.EngineExecutionOrchestrator.execute(EngineExecutionOrchestrator.java:127)
	at org.junit.platform.launcher.core.EngineExecutionOrchestrator.execute(EngineExecutionOrchestrator.java:90)
	at org.junit.platform.launcher.core.EngineExecutionOrchestrator.lambda$execute$0(EngineExecutionOrchestrator.java:55)
	at org.junit.platform.launcher.core.EngineExecutionOrchestrator.withInterceptedStreams(EngineExecutionOrchestrator.java:102)
	at org.junit.platform.launcher.core.EngineExecutionOrchestrator.execute(EngineExecutionOrchestrator.java:54)
	at org.junit.platform.launcher.core.DefaultLauncher.execute(DefaultLauncher.java:114)
	at org.junit.platform.launcher.core.DefaultLauncher.execute(DefaultLauncher.java:86)
	at org.junit.platform.launcher.core.DefaultLauncherSession$DelegatingLauncher.execute(DefaultLauncherSession.java:86)
	at org.apache.maven.surefire.junitplatform.LazyLauncher.execute(LazyLauncher.java:50)
	at org.apache.maven.surefire.junitplatform.JUnitPlatformProvider.execute(JUnitPlatformProvider.java:184)
	at org.apache.maven.surefire.junitplatform.JUnitPlatformProvider.invokeAllTests(JUnitPlatformProvider.java:148)
	at org.apache.maven.surefire.junitplatform.JUnitPlatformProvider.invoke(JUnitPlatformProvider.java:122)
	at org.apache.maven.surefire.booter.ForkedBooter.runSuitesInProcess(ForkedBooter.java:385)
	at org.apache.maven.surefire.booter.ForkedBooter.execute(ForkedBooter.java:162)
	at org.apache.maven.surefire.booter.ForkedBooter.run(ForkedBooter.java:507)
	at org.apache.maven.surefire.booter.ForkedBooter.main(ForkedBooter.java:495)
2023-11-24 12:36:47,231 TRACE o.h.i.SessionImpl [SessionImpl.java:402] Closing session [3c4e4c06-4b50-4ddf-80fe-0ddb35bff5b6]
2023-11-24 12:36:47,231 TRACE o.h.e.j.i.JdbcCoordinatorImpl [JdbcCoordinatorImpl.java:152] Closing JDBC container [org.hibernate.engine.jdbc.internal.JdbcCoordinatorImpl@3606d90]
2023-11-24 12:36:47,231 TRACE o.h.r.j.i.ResourceRegistryStandardImpl [ResourceRegistryStandardImpl.java:329] Releasing JDBC resources
2023-11-24 12:36:47,231 TRACE o.h.r.j.i.LogicalConnectionManagedImpl [LogicalConnectionManagedImpl.java:256] Closing logical connection
2023-11-24 12:36:47,231 TRACE o.h.r.j.i.LogicalConnectionManagedImpl [LogicalConnectionManagedImpl.java:263] Logical connection closed
2023-11-24 12:36:47,231 TRACE o.h.i.SessionFactoryImpl$SessionBuilderImpl [SessionFactoryImpl.java:1298] Opening Hibernate Session.  tenant=null
2023-11-24 12:36:47,232 TRACE o.h.i.SessionImpl [SessionImpl.java:262] Opened Session [126e552e-4d82-4904-a0b8-e3f9ab5b9f3e] at timestamp: 1700825807232
2023-11-24 12:36:47,232 TRACE o.h.i.SessionImpl [SessionImpl.java:402] Closing session [126e552e-4d82-4904-a0b8-e3f9ab5b9f3e]
2023-11-24 12:36:47,232 TRACE o.h.e.j.i.JdbcCoordinatorImpl [JdbcCoordinatorImpl.java:152] Closing JDBC container [org.hibernate.engine.jdbc.internal.JdbcCoordinatorImpl@d1c7b09]
2023-11-24 12:36:47,232 TRACE o.h.r.j.i.ResourceRegistryStandardImpl [ResourceRegistryStandardImpl.java:329] Releasing JDBC resources
2023-11-24 12:36:47,232 TRACE o.h.r.j.i.LogicalConnectionManagedImpl [LogicalConnectionManagedImpl.java:256] Closing logical connection
2023-11-24 12:36:47,232 TRACE o.h.r.j.i.LogicalConnectionManagedImpl [LogicalConnectionManagedImpl.java:263] Logical connection closed
2023-11-24 12:36:47,280 INFO f.m.h.d.c.ApplicationSecurityConfig [ApplicationSecurityConfig.java:70] a XXXXXXXXXXXXXXX:org.springframework.boot.autoconfigure.security.servlet.PathRequest$H2ConsoleRequestMatcher@27629488
2023-11-24 12:36:47,304 DEBUG o.h.v.m.ResourceBundleMessageInterpolator [ResourceBundleMessageInterpolator.java:175] Loaded expression factory via original TCCL
2023-11-24 12:36:47,304 DEBUG o.h.v.i.e.AbstractConfigurationImpl [AbstractConfigurationImpl.java:176] Setting custom MessageInterpolator of type org.springframework.validation.beanvalidation.LocaleContextMessageInterpolator
2023-11-24 12:36:47,305 DEBUG o.h.v.i.e.AbstractConfigurationImpl [AbstractConfigurationImpl.java:208] Setting custom ConstraintValidatorFactory of type org.springframework.validation.beanvalidation.SpringConstraintValidatorFactory
2023-11-24 12:36:47,305 DEBUG o.h.v.i.x.c.ValidationXmlParser [ValidationXmlParser.java:122] Trying to load META-INF/validation.xml for XML based Validator configuration.
2023-11-24 12:36:47,305 DEBUG o.h.v.i.x.c.ResourceLoaderHelper [ResourceLoaderHelper.java:54] Trying to load META-INF/validation.xml via user class loader
2023-11-24 12:36:47,305 DEBUG o.h.v.i.x.c.ResourceLoaderHelper [ResourceLoaderHelper.java:61] Trying to load META-INF/validation.xml via TCCL
2023-11-24 12:36:47,306 DEBUG o.h.v.i.x.c.ResourceLoaderHelper [ResourceLoaderHelper.java:67] Trying to load META-INF/validation.xml via Hibernate Validator's class loader
2023-11-24 12:36:47,306 DEBUG o.h.v.i.x.c.ValidationXmlParser [ValidationXmlParser.java:129] No META-INF/validation.xml found. Using annotation based configuration only.
2023-11-24 12:36:47,306 DEBUG o.h.v.i.e.r.TraversableResolvers [TraversableResolvers.java:94] Found jakarta.persistence.Persistence on classpath containing 'getPersistenceUtil'. Assuming JPA 2 environment. Trying to instantiate JPA aware TraversableResolver
2023-11-24 12:36:47,306 DEBUG o.h.v.i.e.r.TraversableResolvers [TraversableResolvers.java:104] Instantiated JPA aware TraversableResolver of type org.hibernate.validator.internal.engine.resolver.JPATraversableResolver.
2023-11-24 12:36:47,307 DEBUG o.h.v.i.e.ValidatorFactoryConfigurationHelper [ValidatorFactoryConfigurationHelper.java:355] HV000252: Using org.hibernate.validator.internal.engine.DefaultPropertyNodeNameProvider as property node name provider.
2023-11-24 12:36:47,307 DEBUG o.h.v.i.e.ValidatorFactoryConfigurationHelper [ValidatorFactoryConfigurationHelper.java:447] HV000234: Using org.springframework.validation.beanvalidation.LocaleContextMessageInterpolator as ValidatorFactory-scoped message interpolator.
2023-11-24 12:36:47,307 DEBUG o.h.v.i.e.ValidatorFactoryConfigurationHelper [ValidatorFactoryConfigurationHelper.java:448] HV000234: Using org.hibernate.validator.internal.engine.resolver.JPATraversableResolver as ValidatorFactory-scoped traversable resolver.
2023-11-24 12:36:47,307 DEBUG o.h.v.i.e.ValidatorFactoryConfigurationHelper [ValidatorFactoryConfigurationHelper.java:449] HV000234: Using org.hibernate.validator.internal.util.ExecutableParameterNameProvider as ValidatorFactory-scoped parameter name provider.
2023-11-24 12:36:47,307 DEBUG o.h.v.i.e.ValidatorFactoryConfigurationHelper [ValidatorFactoryConfigurationHelper.java:450] HV000234: Using org.hibernate.validator.internal.engine.DefaultClockProvider as ValidatorFactory-scoped clock provider.
2023-11-24 12:36:47,308 DEBUG o.h.v.i.e.ValidatorFactoryConfigurationHelper [ValidatorFactoryConfigurationHelper.java:451] HV000234: Using org.hibernate.validator.internal.engine.scripting.DefaultScriptEvaluatorFactory as ValidatorFactory-scoped script evaluator factory.
2023-11-24 12:36:47,520 TRACE f.m.h.d.c.i.c.CandidateCustomControllerIntegrationTests [CandidateCustomControllerIntegrationTests.java:72] initializeRelatedTables - START
2023-11-24 12:36:47,521 DEBUG f.m.h.d.c.s.CandidateSurveyTokenService [CandidateSurveyTokenService.java:28] deleteAll - START
2023-11-24 12:36:47,529 TRACE o.h.i.SessionFactoryImpl$SessionBuilderImpl [SessionFactoryImpl.java:1298] Opening Hibernate Session.  tenant=null
2023-11-24 12:36:47,530 TRACE o.h.i.SessionImpl [SessionImpl.java:262] Opened Session [185e417e-ba8e-406d-967c-4980104d2204] at timestamp: 1700825807530
2023-11-24 12:36:47,534 DEBUG o.h.e.t.i.TransactionImpl [TransactionImpl.java:53] On TransactionImpl creation, JpaCompliance#isJpaTransactionComplianceEnabled == false
2023-11-24 12:36:47,534 DEBUG o.h.e.t.i.TransactionImpl [TransactionImpl.java:81] begin
2023-11-24 12:36:47,534 TRACE o.h.r.j.i.AbstractLogicalConnectionImplementor [AbstractLogicalConnectionImplementor.java:71] Preparing to begin transaction via JDBC Connection.setAutoCommit(false)
2023-11-24 12:36:47,535 TRACE o.h.r.j.i.AbstractLogicalConnectionImplementor [AbstractLogicalConnectionImplementor.java:73] Transaction begun via JDBC Connection.setAutoCommit(false)
2023-11-24 12:36:47,535 TRACE o.h.r.t.b.j.i.JdbcResourceLocalTransactionCoordinatorImpl [JdbcResourceLocalTransactionCoordinatorImpl.java:163] ResourceLocalTransactionCoordinatorImpl#afterBeginCallback
2023-11-24 12:36:47,594 TRACE o.h.q.s.s.BaseSqmToSqlAstConverter [BaseSqmToSqlAstConverter.java:2577] Resolving SqmRoot [franco.maurizio.hr.desk.com.persistence.entity.CandidateSurveyToken] to TableGroup
2023-11-24 12:36:47,595 TRACE o.h.q.s.s.BaseSqmToSqlAstConverter [BaseSqmToSqlAstConverter.java:2744] Resolving SqmRoot [franco.maurizio.hr.desk.com.persistence.entity.CandidateSurveyToken] to TableGroup
2023-11-24 12:36:47,595 DEBUG o.h.o.s.a.create [SqlAliasBaseImpl.java:33] Created new SQL alias : c1_0
2023-11-24 12:36:47,595 TRACE o.h.q.s.s.BaseSqmToSqlAstConverter [BaseSqmToSqlAstConverter.java:2811] Resolved SqmRoot [franco.maurizio.hr.desk.com.persistence.entity.CandidateSurveyToken] to new TableGroup [StandardTableGroup(franco.maurizio.hr.desk.com.persistence.entity.CandidateSurveyToken(961691506297015))]
2023-11-24 12:36:47,595 DEBUG o.h.o.s.a.create [SimpleFromClauseAccessImpl.java:98] Registration of TableGroup [StandardTableGroup(franco.maurizio.hr.desk.com.persistence.entity.CandidateSurveyToken(961691506297015))] with identifierForTableGroup [franco.maurizio.hr.desk.com.persistence.entity.CandidateSurveyToken] for NavigablePath [franco.maurizio.hr.desk.com.persistence.entity.CandidateSurveyToken] 
2023-11-24 12:36:47,596 TRACE o.h.q.s.s.BaseSqmToSqlAstConverter [BaseSqmToSqlAstConverter.java:3179] Visiting explicit joins for `franco.maurizio.hr.desk.com.persistence.entity.CandidateSurveyToken(961691506297015)`
2023-11-24 12:36:47,597 TRACE o.h.q.s.s.BaseSqmToSqlAstConverter [BaseSqmToSqlAstConverter.java:3820] SqmRoot [franco.maurizio.hr.desk.com.persistence.entity.CandidateSurveyToken] resolved to existing TableGroup [StandardTableGroup(franco.maurizio.hr.desk.com.persistence.entity.CandidateSurveyToken(961691506297015))]
2023-11-24 12:36:47,608 DEBUG o.h.o.r.g.AST [DomainResultGraphPrinter.java:67] DomainResult Graph:
 \-EntityResultImpl [franco.maurizio.hr.desk.com.persistence.entity.CandidateSurveyToken(961691506297015)]
 |  +-BasicFetch [franco.maurizio.hr.desk.com.persistence.entity.CandidateSurveyToken(961691506297015).candidateId]
 |  +-BasicFetch [franco.maurizio.hr.desk.com.persistence.entity.CandidateSurveyToken(961691506297015).expirationDateTime]
 |  +-BasicFetch [franco.maurizio.hr.desk.com.persistence.entity.CandidateSurveyToken(961691506297015).expired]
 |  +-BasicFetch [franco.maurizio.hr.desk.com.persistence.entity.CandidateSurveyToken(961691506297015).generatedToken]
 |  \-BasicFetch [franco.maurizio.hr.desk.com.persistence.entity.CandidateSurveyToken(961691506297015).surveyId]

2023-11-24 12:36:47,608 TRACE o.h.o.r.g.AST [DomainResultGraphPrinter.java:70] Stack trace calling DomainResultGraphPrinter
java.lang.Exception: null
	at org.hibernate.sql.results.graph.DomainResultGraphPrinter.visitDomainResults(DomainResultGraphPrinter.java:70)
	at org.hibernate.sql.results.graph.DomainResultGraphPrinter.logDomainResultGraph(DomainResultGraphPrinter.java:46)
	at org.hibernate.sql.results.graph.DomainResultGraphPrinter.logDomainResultGraph(DomainResultGraphPrinter.java:37)
	at org.hibernate.sql.ast.spi.AbstractSqlAstTranslator.translateSelect(AbstractSqlAstTranslator.java:848)
	at org.hibernate.sql.ast.spi.AbstractSqlAstTranslator.translate(AbstractSqlAstTranslator.java:801)
	at org.hibernate.query.sqm.internal.ConcreteSqmSelectQueryPlan.buildCacheableSqmInterpretation(ConcreteSqmSelectQueryPlan.java:372)
	at org.hibernate.query.sqm.internal.ConcreteSqmSelectQueryPlan.withCacheableSqmInterpretation(ConcreteSqmSelectQueryPlan.java:268)
	at org.hibernate.query.sqm.internal.ConcreteSqmSelectQueryPlan.performList(ConcreteSqmSelectQueryPlan.java:244)
	at org.hibernate.query.sqm.internal.QuerySqmImpl.doList(QuerySqmImpl.java:518)
	at org.hibernate.query.spi.AbstractSelectionQuery.list(AbstractSelectionQuery.java:367)
	at org.hibernate.query.Query.getResultList(Query.java:119)
	at org.springframework.data.jpa.repository.support.SimpleJpaRepository.findAll(SimpleJpaRepository.java:383)
	at org.springframework.data.jpa.repository.support.SimpleJpaRepository.deleteAll(SimpleJpaRepository.java:283)
	at java.base/jdk.internal.reflect.NativeMethodAccessorImpl.invoke0(Native Method)
	at java.base/jdk.internal.reflect.NativeMethodAccessorImpl.invoke(NativeMethodAccessorImpl.java:77)
	at java.base/jdk.internal.reflect.DelegatingMethodAccessorImpl.invoke(DelegatingMethodAccessorImpl.java:43)
	at java.base/java.lang.reflect.Method.invoke(Method.java:568)
	at org.springframework.data.repository.core.support.RepositoryMethodInvoker$RepositoryFragmentMethodInvoker.lambda$new$0(RepositoryMethodInvoker.java:288)
	at org.springframework.data.repository.core.support.RepositoryMethodInvoker.doInvoke(RepositoryMethodInvoker.java:136)
	at org.springframework.data.repository.core.support.RepositoryMethodInvoker.invoke(RepositoryMethodInvoker.java:120)
	at org.springframework.data.repository.core.support.RepositoryComposition$RepositoryFragments.invoke(RepositoryComposition.java:516)
	at org.springframework.data.repository.core.support.RepositoryComposition.invoke(RepositoryComposition.java:285)
	at org.springframework.data.repository.core.support.RepositoryFactorySupport$ImplementationMethodExecutionInterceptor.invoke(RepositoryFactorySupport.java:628)
	at org.springframework.aop.framework.ReflectiveMethodInvocation.proceed(ReflectiveMethodInvocation.java:184)
	at org.springframework.data.repository.core.support.QueryExecutorMethodInterceptor.doInvoke(QueryExecutorMethodInterceptor.java:168)
	at org.springframework.data.repository.core.support.QueryExecutorMethodInterceptor.invoke(QueryExecutorMethodInterceptor.java:143)
	at org.springframework.aop.framework.ReflectiveMethodInvocation.proceed(ReflectiveMethodInvocation.java:184)
	at org.springframework.data.projection.DefaultMethodInvokingMethodInterceptor.invoke(DefaultMethodInvokingMethodInterceptor.java:72)
	at org.springframework.aop.framework.ReflectiveMethodInvocation.proceed(ReflectiveMethodInvocation.java:184)
	at org.springframework.transaction.interceptor.TransactionInterceptor$1.proceedWithInvocation(TransactionInterceptor.java:123)
	at org.springframework.transaction.interceptor.TransactionAspectSupport.invokeWithinTransaction(TransactionAspectSupport.java:391)
	at org.springframework.transaction.interceptor.TransactionInterceptor.invoke(TransactionInterceptor.java:119)
	at org.springframework.aop.framework.ReflectiveMethodInvocation.proceed(ReflectiveMethodInvocation.java:184)
	at org.springframework.dao.support.PersistenceExceptionTranslationInterceptor.invoke(PersistenceExceptionTranslationInterceptor.java:137)
	at org.springframework.aop.framework.ReflectiveMethodInvocation.proceed(ReflectiveMethodInvocation.java:184)
	at org.springframework.data.jpa.repository.support.CrudMethodMetadataPostProcessor$CrudMethodMetadataPopulatingMethodInterceptor.invoke(CrudMethodMetadataPostProcessor.java:164)
	at org.springframework.aop.framework.ReflectiveMethodInvocation.proceed(ReflectiveMethodInvocation.java:184)
	at org.springframework.aop.interceptor.ExposeInvocationInterceptor.invoke(ExposeInvocationInterceptor.java:97)
	at org.springframework.aop.framework.ReflectiveMethodInvocation.proceed(ReflectiveMethodInvocation.java:184)
	at org.springframework.aop.framework.JdkDynamicAopProxy.invoke(JdkDynamicAopProxy.java:244)
	at jdk.proxy2/jdk.proxy2.$Proxy203.deleteAll(Unknown Source)
	at franco.maurizio.hr.desk.com.service.CandidateSurveyTokenService.deleteAll(CandidateSurveyTokenService.java:29)
	at franco.maurizio.hr.desk.com.integration.controller.CandidateCustomControllerIntegrationTests.initializeRelatedTables(CandidateCustomControllerIntegrationTests.java:73)
	at java.base/jdk.internal.reflect.NativeMethodAccessorImpl.invoke0(Native Method)
	at java.base/jdk.internal.reflect.NativeMethodAccessorImpl.invoke(NativeMethodAccessorImpl.java:77)
	at java.base/jdk.internal.reflect.DelegatingMethodAccessorImpl.invoke(DelegatingMethodAccessorImpl.java:43)
	at java.base/java.lang.reflect.Method.invoke(Method.java:568)
	at org.junit.platform.commons.util.ReflectionUtils.invokeMethod(ReflectionUtils.java:727)
	at org.junit.jupiter.engine.execution.MethodInvocation.proceed(MethodInvocation.java:60)
	at org.junit.jupiter.engine.execution.InvocationInterceptorChain$ValidatingInvocation.proceed(InvocationInterceptorChain.java:131)
	at org.junit.jupiter.engine.extension.TimeoutExtension.intercept(TimeoutExtension.java:156)
	at org.junit.jupiter.engine.extension.TimeoutExtension.interceptLifecycleMethod(TimeoutExtension.java:128)
	at org.junit.jupiter.engine.extension.TimeoutExtension.interceptBeforeEachMethod(TimeoutExtension.java:78)
	at org.junit.jupiter.engine.execution.InterceptingExecutableInvoker$ReflectiveInterceptorCall.lambda$ofVoidMethod$0(InterceptingExecutableInvoker.java:103)
	at org.junit.jupiter.engine.execution.InterceptingExecutableInvoker.lambda$invoke$0(InterceptingExecutableInvoker.java:93)
	at org.junit.jupiter.engine.execution.InvocationInterceptorChain$InterceptedInvocation.proceed(InvocationInterceptorChain.java:106)
	at org.junit.jupiter.engine.execution.InvocationInterceptorChain.proceed(InvocationInterceptorChain.java:64)
	at org.junit.jupiter.engine.execution.InvocationInterceptorChain.chainAndInvoke(InvocationInterceptorChain.java:45)
	at org.junit.jupiter.engine.execution.InvocationInterceptorChain.invoke(InvocationInterceptorChain.java:37)
	at org.junit.jupiter.engine.execution.InterceptingExecutableInvoker.invoke(InterceptingExecutableInvoker.java:92)
	at org.junit.jupiter.engine.execution.InterceptingExecutableInvoker.invoke(InterceptingExecutableInvoker.java:86)
	at org.junit.jupiter.engine.descriptor.ClassBasedTestDescriptor.invokeMethodInExtensionContext(ClassBasedTestDescriptor.java:520)
	at org.junit.jupiter.engine.descriptor.ClassBasedTestDescriptor.lambda$synthesizeBeforeEachMethodAdapter$23(ClassBasedTestDescriptor.java:505)
	at org.junit.jupiter.engine.descriptor.TestMethodTestDescriptor.lambda$invokeBeforeEachMethods$3(TestMethodTestDescriptor.java:174)
	at org.junit.jupiter.engine.descriptor.TestMethodTestDescriptor.lambda$invokeBeforeMethodsOrCallbacksUntilExceptionOccurs$6(TestMethodTestDescriptor.java:202)
	at org.junit.platform.engine.support.hierarchical.ThrowableCollector.execute(ThrowableCollector.java:73)
	at org.junit.jupiter.engine.descriptor.TestMethodTestDescriptor.invokeBeforeMethodsOrCallbacksUntilExceptionOccurs(TestMethodTestDescriptor.java:202)
	at org.junit.jupiter.engine.descriptor.TestMethodTestDescriptor.invokeBeforeEachMethods(TestMethodTestDescriptor.java:171)
	at org.junit.jupiter.engine.descriptor.TestMethodTestDescriptor.execute(TestMethodTestDescriptor.java:134)
	at org.junit.jupiter.engine.descriptor.TestMethodTestDescriptor.execute(TestMethodTestDescriptor.java:68)
	at org.junit.platform.engine.support.hierarchical.NodeTestTask.lambda$executeRecursively$6(NodeTestTask.java:151)
	at org.junit.platform.engine.support.hierarchical.ThrowableCollector.execute(ThrowableCollector.java:73)
	at org.junit.platform.engine.support.hierarchical.NodeTestTask.lambda$executeRecursively$8(NodeTestTask.java:141)
	at org.junit.platform.engine.support.hierarchical.Node.around(Node.java:137)
	at org.junit.platform.engine.support.hierarchical.NodeTestTask.lambda$executeRecursively$9(NodeTestTask.java:139)
	at org.junit.platform.engine.support.hierarchical.ThrowableCollector.execute(ThrowableCollector.java:73)
	at org.junit.platform.engine.support.hierarchical.NodeTestTask.executeRecursively(NodeTestTask.java:138)
	at org.junit.platform.engine.support.hierarchical.NodeTestTask.execute(NodeTestTask.java:95)
	at java.base/java.util.ArrayList.forEach(ArrayList.java:1511)
	at org.junit.platform.engine.support.hierarchical.SameThreadHierarchicalTestExecutorService.invokeAll(SameThreadHierarchicalTestExecutorService.java:41)
	at org.junit.platform.engine.support.hierarchical.NodeTestTask.lambda$executeRecursively$6(NodeTestTask.java:155)
	at org.junit.platform.engine.support.hierarchical.ThrowableCollector.execute(ThrowableCollector.java:73)
	at org.junit.platform.engine.support.hierarchical.NodeTestTask.lambda$executeRecursively$8(NodeTestTask.java:141)
	at org.junit.platform.engine.support.hierarchical.Node.around(Node.java:137)
	at org.junit.platform.engine.support.hierarchical.NodeTestTask.lambda$executeRecursively$9(NodeTestTask.java:139)
	at org.junit.platform.engine.support.hierarchical.ThrowableCollector.execute(ThrowableCollector.java:73)
	at org.junit.platform.engine.support.hierarchical.NodeTestTask.executeRecursively(NodeTestTask.java:138)
	at org.junit.platform.engine.support.hierarchical.NodeTestTask.execute(NodeTestTask.java:95)
	at java.base/java.util.ArrayList.forEach(ArrayList.java:1511)
	at org.junit.platform.engine.support.hierarchical.SameThreadHierarchicalTestExecutorService.invokeAll(SameThreadHierarchicalTestExecutorService.java:41)
	at org.junit.platform.engine.support.hierarchical.NodeTestTask.lambda$executeRecursively$6(NodeTestTask.java:155)
	at org.junit.platform.engine.support.hierarchical.ThrowableCollector.execute(ThrowableCollector.java:73)
	at org.junit.platform.engine.support.hierarchical.NodeTestTask.lambda$executeRecursively$8(NodeTestTask.java:141)
	at org.junit.platform.engine.support.hierarchical.Node.around(Node.java:137)
	at org.junit.platform.engine.support.hierarchical.NodeTestTask.lambda$executeRecursively$9(NodeTestTask.java:139)
	at org.junit.platform.engine.support.hierarchical.ThrowableCollector.execute(ThrowableCollector.java:73)
	at org.junit.platform.engine.support.hierarchical.NodeTestTask.executeRecursively(NodeTestTask.java:138)
	at org.junit.platform.engine.support.hierarchical.NodeTestTask.execute(NodeTestTask.java:95)
	at org.junit.platform.engine.support.hierarchical.SameThreadHierarchicalTestExecutorService.submit(SameThreadHierarchicalTestExecutorService.java:35)
	at org.junit.platform.engine.support.hierarchical.HierarchicalTestExecutor.execute(HierarchicalTestExecutor.java:57)
	at org.junit.platform.engine.support.hierarchical.HierarchicalTestEngine.execute(HierarchicalTestEngine.java:54)
	at org.junit.platform.launcher.core.EngineExecutionOrchestrator.execute(EngineExecutionOrchestrator.java:147)
	at org.junit.platform.launcher.core.EngineExecutionOrchestrator.execute(EngineExecutionOrchestrator.java:127)
	at org.junit.platform.launcher.core.EngineExecutionOrchestrator.execute(EngineExecutionOrchestrator.java:90)
	at org.junit.platform.launcher.core.EngineExecutionOrchestrator.lambda$execute$0(EngineExecutionOrchestrator.java:55)
	at org.junit.platform.launcher.core.EngineExecutionOrchestrator.withInterceptedStreams(EngineExecutionOrchestrator.java:102)
	at org.junit.platform.launcher.core.EngineExecutionOrchestrator.execute(EngineExecutionOrchestrator.java:54)
	at org.junit.platform.launcher.core.DefaultLauncher.execute(DefaultLauncher.java:114)
	at org.junit.platform.launcher.core.DefaultLauncher.execute(DefaultLauncher.java:86)
	at org.junit.platform.launcher.core.DefaultLauncherSession$DelegatingLauncher.execute(DefaultLauncherSession.java:86)
	at org.apache.maven.surefire.junitplatform.LazyLauncher.execute(LazyLauncher.java:50)
	at org.apache.maven.surefire.junitplatform.JUnitPlatformProvider.execute(JUnitPlatformProvider.java:184)
	at org.apache.maven.surefire.junitplatform.JUnitPlatformProvider.invokeAllTests(JUnitPlatformProvider.java:148)
	at org.apache.maven.surefire.junitplatform.JUnitPlatformProvider.invoke(JUnitPlatformProvider.java:122)
	at org.apache.maven.surefire.booter.ForkedBooter.runSuitesInProcess(ForkedBooter.java:385)
	at org.apache.maven.surefire.booter.ForkedBooter.execute(ForkedBooter.java:162)
	at org.apache.maven.surefire.booter.ForkedBooter.run(ForkedBooter.java:507)
	at org.apache.maven.surefire.booter.ForkedBooter.main(ForkedBooter.java:495)
2023-11-24 12:36:47,609 DEBUG o.h.o.s.a.tree [SqlTreePrinter.java:46] SQL AST Tree:
    SelectStatement {
      FromClause {
        StandardTableGroup (c1 : franco.maurizio.hr.desk.com.persistence.entity.CandidateSurveyToken(961691506297015)) {
          primaryTableReference : candidatesurveytokens as c1_0
        }
      }
    }

2023-11-24 12:36:47,624 DEBUG o.h.o.s.exec [JdbcSelectExecutorStandardImpl.java:455] Skipping reading Query result cache data: cache-enabled = false, cache-mode = NORMAL
2023-11-24 12:36:47,638 TRACE o.h.o.results [ResultsHelper.java:117] Registering initializer : EntityResultInitializer(franco.maurizio.hr.desk.com.persistence.entity.CandidateSurveyToken(961691506297015))
2023-11-24 12:36:47,643 DEBUG o.h.o.results [NavigablePathMapToInitializer.java:76] Initializer list:
	  franco.maurizio.hr.desk.com.persistence.entity.CandidateSurveyToken(961691506297015) -> EntityResultInitializer(franco.maurizio.hr.desk.com.persistence.entity.CandidateSurveyToken(961691506297015))@1770450269 (SingleTableEntityPersister(franco.maurizio.hr.desk.com.persistence.entity.CandidateSurveyToken))

2023-11-24 12:36:47,645 TRACE o.h.s.r.j.i.DeferredResultSetAccess [DeferredResultSetAccess.java:224] Executing query to retrieve ResultSet : select c1_0.id,c1_0.candidate_id,c1_0.expiration_date_time,c1_0.expired,c1_0.generated_token,c1_0.survey_id from candidatesurveytokens c1_0
2023-11-24 12:36:47,650 DEBUG o.h.SQL [SqlStatementLogger.java:133] select c1_0.id,c1_0.candidate_id,c1_0.expiration_date_time,c1_0.expired,c1_0.generated_token,c1_0.survey_id from candidatesurveytokens c1_0
Hibernate: select c1_0.id,c1_0.candidate_id,c1_0.expiration_date_time,c1_0.expired,c1_0.generated_token,c1_0.survey_id from candidatesurveytokens c1_0
2023-11-24 12:36:47,666 TRACE o.h.r.j.i.ResourceRegistryStandardImpl [ResourceRegistryStandardImpl.java:82] Registering statement [HikariProxyPreparedStatement@435404093 wrapping com.mysql.cj.jdbc.ClientPreparedStatement: select c1_0.id,c1_0.candidate_id,c1_0.expiration_date_time,c1_0.expired,c1_0.generated_token,c1_0.survey_id from candidatesurveytokens c1_0]
2023-11-24 12:36:47,666 TRACE o.h.e.j.i.JdbcCoordinatorImpl [JdbcCoordinatorImpl.java:322] Registering last query statement [HikariProxyPreparedStatement@435404093 wrapping com.mysql.cj.jdbc.ClientPreparedStatement: select c1_0.id,c1_0.candidate_id,c1_0.expiration_date_time,c1_0.expired,c1_0.generated_token,c1_0.survey_id from candidatesurveytokens c1_0]
2023-11-24 12:36:47,667 TRACE o.h.r.j.i.ResourceRegistryStandardImpl [ResourceRegistryStandardImpl.java:221] Registering result set [HikariProxyResultSet@1324411098 wrapping com.mysql.cj.jdbc.result.ResultSetImpl@15cdbc57]
2023-11-24 12:36:47,668 TRACE o.h.r.j.i.AbstractLogicalConnectionImplementor [AbstractLogicalConnectionImplementor.java:48] LogicalConnection#afterStatement
2023-11-24 12:36:47,668 TRACE o.h.r.j.i.ResourceRegistryStandardImpl [ResourceRegistryStandardImpl.java:117] Releasing result set [HikariProxyResultSet@1324411098 wrapping com.mysql.cj.jdbc.result.ResultSetImpl@15cdbc57]
2023-11-24 12:36:47,669 TRACE o.h.r.j.i.ResourceRegistryStandardImpl [ResourceRegistryStandardImpl.java:169] Closing result set [HikariProxyResultSet@1324411098 wrapping com.mysql.cj.jdbc.result.ResultSetImpl@15cdbc57]
2023-11-24 12:36:47,669 TRACE o.h.r.j.i.ResourceRegistryStandardImpl [ResourceRegistryStandardImpl.java:96] Releasing statement [HikariProxyPreparedStatement@435404093 wrapping com.mysql.cj.jdbc.ClientPreparedStatement: select c1_0.id,c1_0.candidate_id,c1_0.expiration_date_time,c1_0.expired,c1_0.generated_token,c1_0.survey_id from candidatesurveytokens c1_0]
2023-11-24 12:36:47,669 TRACE o.h.r.j.i.ResourceRegistryStandardImpl [ResourceRegistryStandardImpl.java:187] Closing prepared statement [HikariProxyPreparedStatement@435404093 wrapping com.mysql.cj.jdbc.ClientPreparedStatement: select c1_0.id,c1_0.candidate_id,c1_0.expiration_date_time,c1_0.expired,c1_0.generated_token,c1_0.survey_id from candidatesurveytokens c1_0]
2023-11-24 12:36:47,669 TRACE o.h.e.i.StatefulPersistenceContext [StatefulPersistenceContext.java:976] Initializing non-lazy collections
2023-11-24 12:36:47,674 DEBUG o.h.e.t.i.TransactionImpl [TransactionImpl.java:98] committing
2023-11-24 12:36:47,674 TRACE o.h.r.t.b.j.i.JdbcResourceLocalTransactionCoordinatorImpl [JdbcResourceLocalTransactionCoordinatorImpl.java:167] ResourceLocalTransactionCoordinatorImpl#beforeCompletionCallback
2023-11-24 12:36:47,674 TRACE o.h.i.SessionImpl [SessionImpl.java:1965] SessionImpl#beforeTransactionCompletion()
2023-11-24 12:36:47,674 TRACE o.h.i.SessionImpl [SessionImpl.java:484] Automatically flushing session
2023-11-24 12:36:47,674 TRACE o.h.r.j.i.AbstractLogicalConnectionImplementor [AbstractLogicalConnectionImplementor.java:53] LogicalConnection#beforeTransactionCompletion
2023-11-24 12:36:47,674 TRACE o.h.r.t.i.SynchronizationRegistryStandardImpl [SynchronizationRegistryStandardImpl.java:55] SynchronizationRegistryStandardImpl.notifySynchronizationsBeforeTransactionCompletion
2023-11-24 12:36:47,675 TRACE o.h.r.j.i.AbstractLogicalConnectionImplementor [AbstractLogicalConnectionImplementor.java:85] Preparing to commit transaction via JDBC Connection.commit()
2023-11-24 12:36:47,675 TRACE o.h.r.j.i.AbstractLogicalConnectionImplementor [AbstractLogicalConnectionImplementor.java:88] Transaction committed via JDBC Connection.commit()
2023-11-24 12:36:47,675 TRACE o.h.r.j.i.AbstractLogicalConnectionImplementor [AbstractLogicalConnectionImplementor.java:105] re-enabling auto-commit on JDBC Connection after completion of JDBC-based transaction
2023-11-24 12:36:47,675 TRACE o.h.r.j.i.AbstractLogicalConnectionImplementor [AbstractLogicalConnectionImplementor.java:58] LogicalConnection#afterTransaction
2023-11-24 12:36:47,675 TRACE o.h.r.j.i.ResourceRegistryStandardImpl [ResourceRegistryStandardImpl.java:329] Releasing JDBC resources
2023-11-24 12:36:47,676 TRACE o.h.r.t.b.j.i.JdbcResourceLocalTransactionCoordinatorImpl [JdbcResourceLocalTransactionCoordinatorImpl.java:185] ResourceLocalTransactionCoordinatorImpl#afterCompletionCallback(true)
2023-11-24 12:36:47,676 TRACE o.h.r.t.i.SynchronizationRegistryStandardImpl [DelegatingBasicLogger.java:158] SynchronizationRegistryStandardImpl.notifySynchronizationsAfterTransactionCompletion(3)
2023-11-24 12:36:47,676 TRACE o.h.i.SessionImpl [SessionImpl.java:1980] SessionImpl#afterTransactionCompletion(successful=true, delayed=false)
2023-11-24 12:36:47,677 TRACE o.h.i.SessionImpl [SessionImpl.java:402] Closing session [185e417e-ba8e-406d-967c-4980104d2204]
2023-11-24 12:36:47,677 TRACE o.h.e.j.i.JdbcCoordinatorImpl [JdbcCoordinatorImpl.java:152] Closing JDBC container [org.hibernate.engine.jdbc.internal.JdbcCoordinatorImpl@7e83f37f]
2023-11-24 12:36:47,677 TRACE o.h.r.j.i.ResourceRegistryStandardImpl [ResourceRegistryStandardImpl.java:329] Releasing JDBC resources
2023-11-24 12:36:47,677 TRACE o.h.r.j.i.LogicalConnectionManagedImpl [LogicalConnectionManagedImpl.java:256] Closing logical connection
2023-11-24 12:36:47,677 TRACE o.h.r.j.i.ResourceRegistryStandardImpl [ResourceRegistryStandardImpl.java:329] Releasing JDBC resources
2023-11-24 12:36:47,677 TRACE o.h.r.j.i.LogicalConnectionManagedImpl [LogicalConnectionManagedImpl.java:263] Logical connection closed
2023-11-24 12:36:47,677 DEBUG f.m.h.d.c.s.SurveyReplyService [SurveyReplyService.java:36] deleteAll - START
2023-11-24 12:36:47,678 TRACE o.h.i.SessionFactoryImpl$SessionBuilderImpl [SessionFactoryImpl.java:1298] Opening Hibernate Session.  tenant=null
2023-11-24 12:36:47,678 TRACE o.h.i.SessionImpl [SessionImpl.java:262] Opened Session [efdbd0ef-1a0a-4671-8be7-7540e40fdb84] at timestamp: 1700825807678
2023-11-24 12:36:47,678 DEBUG o.h.e.t.i.TransactionImpl [TransactionImpl.java:53] On TransactionImpl creation, JpaCompliance#isJpaTransactionComplianceEnabled == false
2023-11-24 12:36:47,678 DEBUG o.h.e.t.i.TransactionImpl [TransactionImpl.java:81] begin
2023-11-24 12:36:47,678 TRACE o.h.r.j.i.AbstractLogicalConnectionImplementor [AbstractLogicalConnectionImplementor.java:71] Preparing to begin transaction via JDBC Connection.setAutoCommit(false)
2023-11-24 12:36:47,679 TRACE o.h.r.j.i.AbstractLogicalConnectionImplementor [AbstractLogicalConnectionImplementor.java:73] Transaction begun via JDBC Connection.setAutoCommit(false)
2023-11-24 12:36:47,679 TRACE o.h.r.t.b.j.i.JdbcResourceLocalTransactionCoordinatorImpl [JdbcResourceLocalTransactionCoordinatorImpl.java:163] ResourceLocalTransactionCoordinatorImpl#afterBeginCallback
2023-11-24 12:36:47,679 TRACE o.h.q.s.s.BaseSqmToSqlAstConverter [BaseSqmToSqlAstConverter.java:2577] Resolving SqmRoot [franco.maurizio.hr.desk.com.persistence.entity.SurveyReply] to TableGroup
2023-11-24 12:36:47,679 TRACE o.h.q.s.s.BaseSqmToSqlAstConverter [BaseSqmToSqlAstConverter.java:2744] Resolving SqmRoot [franco.maurizio.hr.desk.com.persistence.entity.SurveyReply] to TableGroup
2023-11-24 12:36:47,679 DEBUG o.h.o.s.a.create [SqlAliasBaseImpl.java:33] Created new SQL alias : s1_0
2023-11-24 12:36:47,680 TRACE o.h.q.s.s.BaseSqmToSqlAstConverter [BaseSqmToSqlAstConverter.java:2811] Resolved SqmRoot [franco.maurizio.hr.desk.com.persistence.entity.SurveyReply] to new TableGroup [StandardTableGroup(franco.maurizio.hr.desk.com.persistence.entity.SurveyReply(961691642903342))]
2023-11-24 12:36:47,680 DEBUG o.h.o.s.a.create [SimpleFromClauseAccessImpl.java:98] Registration of TableGroup [StandardTableGroup(franco.maurizio.hr.desk.com.persistence.entity.SurveyReply(961691642903342))] with identifierForTableGroup [franco.maurizio.hr.desk.com.persistence.entity.SurveyReply] for NavigablePath [franco.maurizio.hr.desk.com.persistence.entity.SurveyReply] 
2023-11-24 12:36:47,680 TRACE o.h.q.s.s.BaseSqmToSqlAstConverter [BaseSqmToSqlAstConverter.java:3179] Visiting explicit joins for `franco.maurizio.hr.desk.com.persistence.entity.SurveyReply(961691642903342)`
2023-11-24 12:36:47,680 TRACE o.h.q.s.s.BaseSqmToSqlAstConverter [BaseSqmToSqlAstConverter.java:3820] SqmRoot [franco.maurizio.hr.desk.com.persistence.entity.SurveyReply] resolved to existing TableGroup [StandardTableGroup(franco.maurizio.hr.desk.com.persistence.entity.SurveyReply(961691642903342))]
2023-11-24 12:36:47,680 DEBUG o.h.o.r.g.AST [DomainResultGraphPrinter.java:67] DomainResult Graph:
 \-EntityResultImpl [franco.maurizio.hr.desk.com.persistence.entity.SurveyReply(961691642903342)]
 |  +-BasicFetch [franco.maurizio.hr.desk.com.persistence.entity.SurveyReply(961691642903342).answers]
 |  +-BasicFetch [franco.maurizio.hr.desk.com.persistence.entity.SurveyReply(961691642903342).candidateId]
 |  +-BasicFetch [franco.maurizio.hr.desk.com.persistence.entity.SurveyReply(961691642903342).endtime]
 |  +-BasicFetch [franco.maurizio.hr.desk.com.persistence.entity.SurveyReply(961691642903342).generated_token]
 |  +-BasicFetch [franco.maurizio.hr.desk.com.persistence.entity.SurveyReply(961691642903342).pdffilename]
 |  +-BasicFetch [franco.maurizio.hr.desk.com.persistence.entity.SurveyReply(961691642903342).points]
 |  +-BasicFetch [franco.maurizio.hr.desk.com.persistence.entity.SurveyReply(961691642903342).starttime]
 |  \-BasicFetch [franco.maurizio.hr.desk.com.persistence.entity.SurveyReply(961691642903342).surveyId]

2023-11-24 12:36:47,681 TRACE o.h.o.r.g.AST [DomainResultGraphPrinter.java:70] Stack trace calling DomainResultGraphPrinter
java.lang.Exception: null
	at org.hibernate.sql.results.graph.DomainResultGraphPrinter.visitDomainResults(DomainResultGraphPrinter.java:70)
	at org.hibernate.sql.results.graph.DomainResultGraphPrinter.logDomainResultGraph(DomainResultGraphPrinter.java:46)
	at org.hibernate.sql.results.graph.DomainResultGraphPrinter.logDomainResultGraph(DomainResultGraphPrinter.java:37)
	at org.hibernate.sql.ast.spi.AbstractSqlAstTranslator.translateSelect(AbstractSqlAstTranslator.java:848)
	at org.hibernate.sql.ast.spi.AbstractSqlAstTranslator.translate(AbstractSqlAstTranslator.java:801)
	at org.hibernate.query.sqm.internal.ConcreteSqmSelectQueryPlan.buildCacheableSqmInterpretation(ConcreteSqmSelectQueryPlan.java:372)
	at org.hibernate.query.sqm.internal.ConcreteSqmSelectQueryPlan.withCacheableSqmInterpretation(ConcreteSqmSelectQueryPlan.java:268)
	at org.hibernate.query.sqm.internal.ConcreteSqmSelectQueryPlan.performList(ConcreteSqmSelectQueryPlan.java:244)
	at org.hibernate.query.sqm.internal.QuerySqmImpl.doList(QuerySqmImpl.java:518)
	at org.hibernate.query.spi.AbstractSelectionQuery.list(AbstractSelectionQuery.java:367)
	at org.hibernate.query.Query.getResultList(Query.java:119)
	at org.springframework.data.jpa.repository.support.SimpleJpaRepository.findAll(SimpleJpaRepository.java:383)
	at org.springframework.data.jpa.repository.support.SimpleJpaRepository.deleteAll(SimpleJpaRepository.java:283)
	at java.base/jdk.internal.reflect.NativeMethodAccessorImpl.invoke0(Native Method)
	at java.base/jdk.internal.reflect.NativeMethodAccessorImpl.invoke(NativeMethodAccessorImpl.java:77)
	at java.base/jdk.internal.reflect.DelegatingMethodAccessorImpl.invoke(DelegatingMethodAccessorImpl.java:43)
	at java.base/java.lang.reflect.Method.invoke(Method.java:568)
	at org.springframework.data.repository.core.support.RepositoryMethodInvoker$RepositoryFragmentMethodInvoker.lambda$new$0(RepositoryMethodInvoker.java:288)
	at org.springframework.data.repository.core.support.RepositoryMethodInvoker.doInvoke(RepositoryMethodInvoker.java:136)
	at org.springframework.data.repository.core.support.RepositoryMethodInvoker.invoke(RepositoryMethodInvoker.java:120)
	at org.springframework.data.repository.core.support.RepositoryComposition$RepositoryFragments.invoke(RepositoryComposition.java:516)
	at org.springframework.data.repository.core.support.RepositoryComposition.invoke(RepositoryComposition.java:285)
	at org.springframework.data.repository.core.support.RepositoryFactorySupport$ImplementationMethodExecutionInterceptor.invoke(RepositoryFactorySupport.java:628)
	at org.springframework.aop.framework.ReflectiveMethodInvocation.proceed(ReflectiveMethodInvocation.java:184)
	at org.springframework.data.repository.core.support.QueryExecutorMethodInterceptor.doInvoke(QueryExecutorMethodInterceptor.java:168)
	at org.springframework.data.repository.core.support.QueryExecutorMethodInterceptor.invoke(QueryExecutorMethodInterceptor.java:143)
	at org.springframework.aop.framework.ReflectiveMethodInvocation.proceed(ReflectiveMethodInvocation.java:184)
	at org.springframework.data.projection.DefaultMethodInvokingMethodInterceptor.invoke(DefaultMethodInvokingMethodInterceptor.java:72)
	at org.springframework.aop.framework.ReflectiveMethodInvocation.proceed(ReflectiveMethodInvocation.java:184)
	at org.springframework.transaction.interceptor.TransactionInterceptor$1.proceedWithInvocation(TransactionInterceptor.java:123)
	at org.springframework.transaction.interceptor.TransactionAspectSupport.invokeWithinTransaction(TransactionAspectSupport.java:391)
	at org.springframework.transaction.interceptor.TransactionInterceptor.invoke(TransactionInterceptor.java:119)
	at org.springframework.aop.framework.ReflectiveMethodInvocation.proceed(ReflectiveMethodInvocation.java:184)
	at org.springframework.dao.support.PersistenceExceptionTranslationInterceptor.invoke(PersistenceExceptionTranslationInterceptor.java:137)
	at org.springframework.aop.framework.ReflectiveMethodInvocation.proceed(ReflectiveMethodInvocation.java:184)
	at org.springframework.data.jpa.repository.support.CrudMethodMetadataPostProcessor$CrudMethodMetadataPopulatingMethodInterceptor.invoke(CrudMethodMetadataPostProcessor.java:164)
	at org.springframework.aop.framework.ReflectiveMethodInvocation.proceed(ReflectiveMethodInvocation.java:184)
	at org.springframework.aop.interceptor.ExposeInvocationInterceptor.invoke(ExposeInvocationInterceptor.java:97)
	at org.springframework.aop.framework.ReflectiveMethodInvocation.proceed(ReflectiveMethodInvocation.java:184)
	at org.springframework.aop.framework.JdkDynamicAopProxy.invoke(JdkDynamicAopProxy.java:244)
	at jdk.proxy2/jdk.proxy2.$Proxy206.deleteAll(Unknown Source)
	at franco.maurizio.hr.desk.com.service.SurveyReplyService.deleteAll(SurveyReplyService.java:37)
	at franco.maurizio.hr.desk.com.integration.controller.CandidateCustomControllerIntegrationTests.initializeRelatedTables(CandidateCustomControllerIntegrationTests.java:74)
	at java.base/jdk.internal.reflect.NativeMethodAccessorImpl.invoke0(Native Method)
	at java.base/jdk.internal.reflect.NativeMethodAccessorImpl.invoke(NativeMethodAccessorImpl.java:77)
	at java.base/jdk.internal.reflect.DelegatingMethodAccessorImpl.invoke(DelegatingMethodAccessorImpl.java:43)
	at java.base/java.lang.reflect.Method.invoke(Method.java:568)
	at org.junit.platform.commons.util.ReflectionUtils.invokeMethod(ReflectionUtils.java:727)
	at org.junit.jupiter.engine.execution.MethodInvocation.proceed(MethodInvocation.java:60)
	at org.junit.jupiter.engine.execution.InvocationInterceptorChain$ValidatingInvocation.proceed(InvocationInterceptorChain.java:131)
	at org.junit.jupiter.engine.extension.TimeoutExtension.intercept(TimeoutExtension.java:156)
	at org.junit.jupiter.engine.extension.TimeoutExtension.interceptLifecycleMethod(TimeoutExtension.java:128)
	at org.junit.jupiter.engine.extension.TimeoutExtension.interceptBeforeEachMethod(TimeoutExtension.java:78)
	at org.junit.jupiter.engine.execution.InterceptingExecutableInvoker$ReflectiveInterceptorCall.lambda$ofVoidMethod$0(InterceptingExecutableInvoker.java:103)
	at org.junit.jupiter.engine.execution.InterceptingExecutableInvoker.lambda$invoke$0(InterceptingExecutableInvoker.java:93)
	at org.junit.jupiter.engine.execution.InvocationInterceptorChain$InterceptedInvocation.proceed(InvocationInterceptorChain.java:106)
	at org.junit.jupiter.engine.execution.InvocationInterceptorChain.proceed(InvocationInterceptorChain.java:64)
	at org.junit.jupiter.engine.execution.InvocationInterceptorChain.chainAndInvoke(InvocationInterceptorChain.java:45)
	at org.junit.jupiter.engine.execution.InvocationInterceptorChain.invoke(InvocationInterceptorChain.java:37)
	at org.junit.jupiter.engine.execution.InterceptingExecutableInvoker.invoke(InterceptingExecutableInvoker.java:92)
	at org.junit.jupiter.engine.execution.InterceptingExecutableInvoker.invoke(InterceptingExecutableInvoker.java:86)
	at org.junit.jupiter.engine.descriptor.ClassBasedTestDescriptor.invokeMethodInExtensionContext(ClassBasedTestDescriptor.java:520)
	at org.junit.jupiter.engine.descriptor.ClassBasedTestDescriptor.lambda$synthesizeBeforeEachMethodAdapter$23(ClassBasedTestDescriptor.java:505)
	at org.junit.jupiter.engine.descriptor.TestMethodTestDescriptor.lambda$invokeBeforeEachMethods$3(TestMethodTestDescriptor.java:174)
	at org.junit.jupiter.engine.descriptor.TestMethodTestDescriptor.lambda$invokeBeforeMethodsOrCallbacksUntilExceptionOccurs$6(TestMethodTestDescriptor.java:202)
	at org.junit.platform.engine.support.hierarchical.ThrowableCollector.execute(ThrowableCollector.java:73)
	at org.junit.jupiter.engine.descriptor.TestMethodTestDescriptor.invokeBeforeMethodsOrCallbacksUntilExceptionOccurs(TestMethodTestDescriptor.java:202)
	at org.junit.jupiter.engine.descriptor.TestMethodTestDescriptor.invokeBeforeEachMethods(TestMethodTestDescriptor.java:171)
	at org.junit.jupiter.engine.descriptor.TestMethodTestDescriptor.execute(TestMethodTestDescriptor.java:134)
	at org.junit.jupiter.engine.descriptor.TestMethodTestDescriptor.execute(TestMethodTestDescriptor.java:68)
	at org.junit.platform.engine.support.hierarchical.NodeTestTask.lambda$executeRecursively$6(NodeTestTask.java:151)
	at org.junit.platform.engine.support.hierarchical.ThrowableCollector.execute(ThrowableCollector.java:73)
	at org.junit.platform.engine.support.hierarchical.NodeTestTask.lambda$executeRecursively$8(NodeTestTask.java:141)
	at org.junit.platform.engine.support.hierarchical.Node.around(Node.java:137)
	at org.junit.platform.engine.support.hierarchical.NodeTestTask.lambda$executeRecursively$9(NodeTestTask.java:139)
	at org.junit.platform.engine.support.hierarchical.ThrowableCollector.execute(ThrowableCollector.java:73)
	at org.junit.platform.engine.support.hierarchical.NodeTestTask.executeRecursively(NodeTestTask.java:138)
	at org.junit.platform.engine.support.hierarchical.NodeTestTask.execute(NodeTestTask.java:95)
	at java.base/java.util.ArrayList.forEach(ArrayList.java:1511)
	at org.junit.platform.engine.support.hierarchical.SameThreadHierarchicalTestExecutorService.invokeAll(SameThreadHierarchicalTestExecutorService.java:41)
	at org.junit.platform.engine.support.hierarchical.NodeTestTask.lambda$executeRecursively$6(NodeTestTask.java:155)
	at org.junit.platform.engine.support.hierarchical.ThrowableCollector.execute(ThrowableCollector.java:73)
	at org.junit.platform.engine.support.hierarchical.NodeTestTask.lambda$executeRecursively$8(NodeTestTask.java:141)
	at org.junit.platform.engine.support.hierarchical.Node.around(Node.java:137)
	at org.junit.platform.engine.support.hierarchical.NodeTestTask.lambda$executeRecursively$9(NodeTestTask.java:139)
	at org.junit.platform.engine.support.hierarchical.ThrowableCollector.execute(ThrowableCollector.java:73)
	at org.junit.platform.engine.support.hierarchical.NodeTestTask.executeRecursively(NodeTestTask.java:138)
	at org.junit.platform.engine.support.hierarchical.NodeTestTask.execute(NodeTestTask.java:95)
	at java.base/java.util.ArrayList.forEach(ArrayList.java:1511)
	at org.junit.platform.engine.support.hierarchical.SameThreadHierarchicalTestExecutorService.invokeAll(SameThreadHierarchicalTestExecutorService.java:41)
	at org.junit.platform.engine.support.hierarchical.NodeTestTask.lambda$executeRecursively$6(NodeTestTask.java:155)
	at org.junit.platform.engine.support.hierarchical.ThrowableCollector.execute(ThrowableCollector.java:73)
	at org.junit.platform.engine.support.hierarchical.NodeTestTask.lambda$executeRecursively$8(NodeTestTask.java:141)
	at org.junit.platform.engine.support.hierarchical.Node.around(Node.java:137)
	at org.junit.platform.engine.support.hierarchical.NodeTestTask.lambda$executeRecursively$9(NodeTestTask.java:139)
	at org.junit.platform.engine.support.hierarchical.ThrowableCollector.execute(ThrowableCollector.java:73)
	at org.junit.platform.engine.support.hierarchical.NodeTestTask.executeRecursively(NodeTestTask.java:138)
	at org.junit.platform.engine.support.hierarchical.NodeTestTask.execute(NodeTestTask.java:95)
	at org.junit.platform.engine.support.hierarchical.SameThreadHierarchicalTestExecutorService.submit(SameThreadHierarchicalTestExecutorService.java:35)
	at org.junit.platform.engine.support.hierarchical.HierarchicalTestExecutor.execute(HierarchicalTestExecutor.java:57)
	at org.junit.platform.engine.support.hierarchical.HierarchicalTestEngine.execute(HierarchicalTestEngine.java:54)
	at org.junit.platform.launcher.core.EngineExecutionOrchestrator.execute(EngineExecutionOrchestrator.java:147)
	at org.junit.platform.launcher.core.EngineExecutionOrchestrator.execute(EngineExecutionOrchestrator.java:127)
	at org.junit.platform.launcher.core.EngineExecutionOrchestrator.execute(EngineExecutionOrchestrator.java:90)
	at org.junit.platform.launcher.core.EngineExecutionOrchestrator.lambda$execute$0(EngineExecutionOrchestrator.java:55)
	at org.junit.platform.launcher.core.EngineExecutionOrchestrator.withInterceptedStreams(EngineExecutionOrchestrator.java:102)
	at org.junit.platform.launcher.core.EngineExecutionOrchestrator.execute(EngineExecutionOrchestrator.java:54)
	at org.junit.platform.launcher.core.DefaultLauncher.execute(DefaultLauncher.java:114)
	at org.junit.platform.launcher.core.DefaultLauncher.execute(DefaultLauncher.java:86)
	at org.junit.platform.launcher.core.DefaultLauncherSession$DelegatingLauncher.execute(DefaultLauncherSession.java:86)
	at org.apache.maven.surefire.junitplatform.LazyLauncher.execute(LazyLauncher.java:50)
	at org.apache.maven.surefire.junitplatform.JUnitPlatformProvider.execute(JUnitPlatformProvider.java:184)
	at org.apache.maven.surefire.junitplatform.JUnitPlatformProvider.invokeAllTests(JUnitPlatformProvider.java:148)
	at org.apache.maven.surefire.junitplatform.JUnitPlatformProvider.invoke(JUnitPlatformProvider.java:122)
	at org.apache.maven.surefire.booter.ForkedBooter.runSuitesInProcess(ForkedBooter.java:385)
	at org.apache.maven.surefire.booter.ForkedBooter.execute(ForkedBooter.java:162)
	at org.apache.maven.surefire.booter.ForkedBooter.run(ForkedBooter.java:507)
	at org.apache.maven.surefire.booter.ForkedBooter.main(ForkedBooter.java:495)
2023-11-24 12:36:47,681 DEBUG o.h.o.s.a.tree [SqlTreePrinter.java:46] SQL AST Tree:
    SelectStatement {
      FromClause {
        StandardTableGroup (s1 : franco.maurizio.hr.desk.com.persistence.entity.SurveyReply(961691642903342)) {
          primaryTableReference : surveyreplies as s1_0
        }
      }
    }

2023-11-24 12:36:47,681 DEBUG o.h.o.s.exec [JdbcSelectExecutorStandardImpl.java:455] Skipping reading Query result cache data: cache-enabled = false, cache-mode = NORMAL
2023-11-24 12:36:47,681 TRACE o.h.o.results [ResultsHelper.java:117] Registering initializer : EntityResultInitializer(franco.maurizio.hr.desk.com.persistence.entity.SurveyReply(961691642903342))
2023-11-24 12:36:47,681 DEBUG o.h.o.results [NavigablePathMapToInitializer.java:76] Initializer list:
	  franco.maurizio.hr.desk.com.persistence.entity.SurveyReply(961691642903342) -> EntityResultInitializer(franco.maurizio.hr.desk.com.persistence.entity.SurveyReply(961691642903342))@29500171 (SingleTableEntityPersister(franco.maurizio.hr.desk.com.persistence.entity.SurveyReply))

2023-11-24 12:36:47,682 TRACE o.h.s.r.j.i.DeferredResultSetAccess [DeferredResultSetAccess.java:224] Executing query to retrieve ResultSet : select s1_0.id,s1_0.answers,s1_0.candidate_id,s1_0.endtime,s1_0.generated_token,s1_0.pdffilename,s1_0.points,s1_0.starttime,s1_0.survey_id from surveyreplies s1_0
2023-11-24 12:36:47,682 DEBUG o.h.SQL [SqlStatementLogger.java:133] select s1_0.id,s1_0.answers,s1_0.candidate_id,s1_0.endtime,s1_0.generated_token,s1_0.pdffilename,s1_0.points,s1_0.starttime,s1_0.survey_id from surveyreplies s1_0
Hibernate: select s1_0.id,s1_0.answers,s1_0.candidate_id,s1_0.endtime,s1_0.generated_token,s1_0.pdffilename,s1_0.points,s1_0.starttime,s1_0.survey_id from surveyreplies s1_0
2023-11-24 12:36:47,682 TRACE o.h.r.j.i.ResourceRegistryStandardImpl [ResourceRegistryStandardImpl.java:82] Registering statement [HikariProxyPreparedStatement@624422490 wrapping com.mysql.cj.jdbc.ClientPreparedStatement: select s1_0.id,s1_0.answers,s1_0.candidate_id,s1_0.endtime,s1_0.generated_token,s1_0.pdffilename,s1_0.points,s1_0.starttime,s1_0.survey_id from surveyreplies s1_0]
2023-11-24 12:36:47,682 TRACE o.h.e.j.i.JdbcCoordinatorImpl [JdbcCoordinatorImpl.java:322] Registering last query statement [HikariProxyPreparedStatement@624422490 wrapping com.mysql.cj.jdbc.ClientPreparedStatement: select s1_0.id,s1_0.answers,s1_0.candidate_id,s1_0.endtime,s1_0.generated_token,s1_0.pdffilename,s1_0.points,s1_0.starttime,s1_0.survey_id from surveyreplies s1_0]
2023-11-24 12:36:47,683 TRACE o.h.r.j.i.ResourceRegistryStandardImpl [ResourceRegistryStandardImpl.java:221] Registering result set [HikariProxyResultSet@681312542 wrapping com.mysql.cj.jdbc.result.ResultSetImpl@63e5b2f1]
2023-11-24 12:36:47,683 TRACE o.h.r.j.i.AbstractLogicalConnectionImplementor [AbstractLogicalConnectionImplementor.java:48] LogicalConnection#afterStatement
2023-11-24 12:36:47,683 TRACE o.h.r.j.i.ResourceRegistryStandardImpl [ResourceRegistryStandardImpl.java:117] Releasing result set [HikariProxyResultSet@681312542 wrapping com.mysql.cj.jdbc.result.ResultSetImpl@63e5b2f1]
2023-11-24 12:36:47,683 TRACE o.h.r.j.i.ResourceRegistryStandardImpl [ResourceRegistryStandardImpl.java:169] Closing result set [HikariProxyResultSet@681312542 wrapping com.mysql.cj.jdbc.result.ResultSetImpl@63e5b2f1]
2023-11-24 12:36:47,683 TRACE o.h.r.j.i.ResourceRegistryStandardImpl [ResourceRegistryStandardImpl.java:96] Releasing statement [HikariProxyPreparedStatement@624422490 wrapping com.mysql.cj.jdbc.ClientPreparedStatement: select s1_0.id,s1_0.answers,s1_0.candidate_id,s1_0.endtime,s1_0.generated_token,s1_0.pdffilename,s1_0.points,s1_0.starttime,s1_0.survey_id from surveyreplies s1_0]
2023-11-24 12:36:47,683 TRACE o.h.r.j.i.ResourceRegistryStandardImpl [ResourceRegistryStandardImpl.java:187] Closing prepared statement [HikariProxyPreparedStatement@624422490 wrapping com.mysql.cj.jdbc.ClientPreparedStatement: select s1_0.id,s1_0.answers,s1_0.candidate_id,s1_0.endtime,s1_0.generated_token,s1_0.pdffilename,s1_0.points,s1_0.starttime,s1_0.survey_id from surveyreplies s1_0]
2023-11-24 12:36:47,683 TRACE o.h.e.i.StatefulPersistenceContext [StatefulPersistenceContext.java:976] Initializing non-lazy collections
2023-11-24 12:36:47,684 DEBUG o.h.e.t.i.TransactionImpl [TransactionImpl.java:98] committing
2023-11-24 12:36:47,684 TRACE o.h.r.t.b.j.i.JdbcResourceLocalTransactionCoordinatorImpl [JdbcResourceLocalTransactionCoordinatorImpl.java:167] ResourceLocalTransactionCoordinatorImpl#beforeCompletionCallback
2023-11-24 12:36:47,684 TRACE o.h.i.SessionImpl [SessionImpl.java:1965] SessionImpl#beforeTransactionCompletion()
2023-11-24 12:36:47,684 TRACE o.h.i.SessionImpl [SessionImpl.java:484] Automatically flushing session
2023-11-24 12:36:47,684 TRACE o.h.r.j.i.AbstractLogicalConnectionImplementor [AbstractLogicalConnectionImplementor.java:53] LogicalConnection#beforeTransactionCompletion
2023-11-24 12:36:47,684 TRACE o.h.r.t.i.SynchronizationRegistryStandardImpl [SynchronizationRegistryStandardImpl.java:55] SynchronizationRegistryStandardImpl.notifySynchronizationsBeforeTransactionCompletion
2023-11-24 12:36:47,684 TRACE o.h.r.j.i.AbstractLogicalConnectionImplementor [AbstractLogicalConnectionImplementor.java:85] Preparing to commit transaction via JDBC Connection.commit()
2023-11-24 12:36:47,685 TRACE o.h.r.j.i.AbstractLogicalConnectionImplementor [AbstractLogicalConnectionImplementor.java:88] Transaction committed via JDBC Connection.commit()
2023-11-24 12:36:47,685 TRACE o.h.r.j.i.AbstractLogicalConnectionImplementor [AbstractLogicalConnectionImplementor.java:105] re-enabling auto-commit on JDBC Connection after completion of JDBC-based transaction
2023-11-24 12:36:47,685 TRACE o.h.r.j.i.AbstractLogicalConnectionImplementor [AbstractLogicalConnectionImplementor.java:58] LogicalConnection#afterTransaction
2023-11-24 12:36:47,685 TRACE o.h.r.j.i.ResourceRegistryStandardImpl [ResourceRegistryStandardImpl.java:329] Releasing JDBC resources
2023-11-24 12:36:47,685 TRACE o.h.r.t.b.j.i.JdbcResourceLocalTransactionCoordinatorImpl [JdbcResourceLocalTransactionCoordinatorImpl.java:185] ResourceLocalTransactionCoordinatorImpl#afterCompletionCallback(true)
2023-11-24 12:36:47,685 TRACE o.h.r.t.i.SynchronizationRegistryStandardImpl [DelegatingBasicLogger.java:158] SynchronizationRegistryStandardImpl.notifySynchronizationsAfterTransactionCompletion(3)
2023-11-24 12:36:47,685 TRACE o.h.i.SessionImpl [SessionImpl.java:1980] SessionImpl#afterTransactionCompletion(successful=true, delayed=false)
2023-11-24 12:36:47,685 TRACE o.h.i.SessionImpl [SessionImpl.java:402] Closing session [efdbd0ef-1a0a-4671-8be7-7540e40fdb84]
2023-11-24 12:36:47,685 TRACE o.h.e.j.i.JdbcCoordinatorImpl [JdbcCoordinatorImpl.java:152] Closing JDBC container [org.hibernate.engine.jdbc.internal.JdbcCoordinatorImpl@69706afc]
2023-11-24 12:36:47,686 TRACE o.h.r.j.i.ResourceRegistryStandardImpl [ResourceRegistryStandardImpl.java:329] Releasing JDBC resources
2023-11-24 12:36:47,686 TRACE o.h.r.j.i.LogicalConnectionManagedImpl [LogicalConnectionManagedImpl.java:256] Closing logical connection
2023-11-24 12:36:47,686 TRACE o.h.r.j.i.ResourceRegistryStandardImpl [ResourceRegistryStandardImpl.java:329] Releasing JDBC resources
2023-11-24 12:36:47,686 TRACE o.h.r.j.i.LogicalConnectionManagedImpl [LogicalConnectionManagedImpl.java:263] Logical connection closed
2023-11-24 12:36:47,686 INFO f.m.h.d.c.s.CandidateService [CandidateService.java:78] deleteAll - START
2023-11-24 12:36:47,686 TRACE o.h.i.SessionFactoryImpl$SessionBuilderImpl [SessionFactoryImpl.java:1298] Opening Hibernate Session.  tenant=null
2023-11-24 12:36:47,686 TRACE o.h.i.SessionImpl [SessionImpl.java:262] Opened Session [0920c733-e94e-4dbf-865f-8ba29068fd26] at timestamp: 1700825807686
2023-11-24 12:36:47,686 DEBUG o.h.e.t.i.TransactionImpl [TransactionImpl.java:53] On TransactionImpl creation, JpaCompliance#isJpaTransactionComplianceEnabled == false
2023-11-24 12:36:47,687 DEBUG o.h.e.t.i.TransactionImpl [TransactionImpl.java:81] begin
2023-11-24 12:36:47,687 TRACE o.h.r.j.i.AbstractLogicalConnectionImplementor [AbstractLogicalConnectionImplementor.java:71] Preparing to begin transaction via JDBC Connection.setAutoCommit(false)
2023-11-24 12:36:47,687 TRACE o.h.r.j.i.AbstractLogicalConnectionImplementor [AbstractLogicalConnectionImplementor.java:73] Transaction begun via JDBC Connection.setAutoCommit(false)
2023-11-24 12:36:47,687 TRACE o.h.r.t.b.j.i.JdbcResourceLocalTransactionCoordinatorImpl [JdbcResourceLocalTransactionCoordinatorImpl.java:163] ResourceLocalTransactionCoordinatorImpl#afterBeginCallback
2023-11-24 12:36:47,688 TRACE o.h.q.s.s.BaseSqmToSqlAstConverter [BaseSqmToSqlAstConverter.java:2577] Resolving SqmRoot [franco.maurizio.hr.desk.com.persistence.entity.Candidate] to TableGroup
2023-11-24 12:36:47,688 TRACE o.h.q.s.s.BaseSqmToSqlAstConverter [BaseSqmToSqlAstConverter.java:2744] Resolving SqmRoot [franco.maurizio.hr.desk.com.persistence.entity.Candidate] to TableGroup
2023-11-24 12:36:47,688 DEBUG o.h.o.s.a.create [SqlAliasBaseImpl.java:33] Created new SQL alias : c1_0
2023-11-24 12:36:47,688 TRACE o.h.q.s.s.BaseSqmToSqlAstConverter [BaseSqmToSqlAstConverter.java:2811] Resolved SqmRoot [franco.maurizio.hr.desk.com.persistence.entity.Candidate] to new TableGroup [StandardTableGroup(franco.maurizio.hr.desk.com.persistence.entity.Candidate(961691651407482))]
2023-11-24 12:36:47,688 DEBUG o.h.o.s.a.create [SimpleFromClauseAccessImpl.java:98] Registration of TableGroup [StandardTableGroup(franco.maurizio.hr.desk.com.persistence.entity.Candidate(961691651407482))] with identifierForTableGroup [franco.maurizio.hr.desk.com.persistence.entity.Candidate] for NavigablePath [franco.maurizio.hr.desk.com.persistence.entity.Candidate] 
2023-11-24 12:36:47,688 TRACE o.h.q.s.s.BaseSqmToSqlAstConverter [BaseSqmToSqlAstConverter.java:3179] Visiting explicit joins for `franco.maurizio.hr.desk.com.persistence.entity.Candidate(961691651407482)`
2023-11-24 12:36:47,688 TRACE o.h.q.s.s.BaseSqmToSqlAstConverter [BaseSqmToSqlAstConverter.java:3820] SqmRoot [franco.maurizio.hr.desk.com.persistence.entity.Candidate] resolved to existing TableGroup [StandardTableGroup(franco.maurizio.hr.desk.com.persistence.entity.Candidate(961691651407482))]
2023-11-24 12:36:47,689 DEBUG o.h.o.r.g.AST [DomainResultGraphPrinter.java:67] DomainResult Graph:
 \-EntityResultImpl [franco.maurizio.hr.desk.com.persistence.entity.Candidate(961691651407482)]
 |  +-BasicFetch [franco.maurizio.hr.desk.com.persistence.entity.Candidate(961691651407482).candidacyDateTime]
 |  +-BasicFetch [franco.maurizio.hr.desk.com.persistence.entity.Candidate(961691651407482).candidateStateCode]
 |  +-BasicFetch [franco.maurizio.hr.desk.com.persistence.entity.Candidate(961691651407482).courseCode]
 |  +-BasicFetch [franco.maurizio.hr.desk.com.persistence.entity.Candidate(961691651407482).cvExternalPath]
 |  +-BasicFetch [franco.maurizio.hr.desk.com.persistence.entity.Candidate(961691651407482).dateOfBirth]
 |  +-BasicFetch [franco.maurizio.hr.desk.com.persistence.entity.Candidate(961691651407482).domicileCity]
 |  +-BasicFetch [franco.maurizio.hr.desk.com.persistence.entity.Candidate(961691651407482).email]
 |  +-BasicFetch [franco.maurizio.hr.desk.com.persistence.entity.Candidate(961691651407482).firstname]
 |  +-BasicFetch [franco.maurizio.hr.desk.com.persistence.entity.Candidate(961691651407482).graduate]
 |  +-BasicFetch [franco.maurizio.hr.desk.com.persistence.entity.Candidate(961691651407482).highGraduate]
 |  +-BasicFetch [franco.maurizio.hr.desk.com.persistence.entity.Candidate(961691651407482).hrNote]
 |  +-BasicFetch [franco.maurizio.hr.desk.com.persistence.entity.Candidate(961691651407482).imgpath]
 |  +-BasicFetch [franco.maurizio.hr.desk.com.persistence.entity.Candidate(961691651407482).insertedBy]
 |  +-BasicFetch [franco.maurizio.hr.desk.com.persistence.entity.Candidate(961691651407482).label]
 |  +-BasicFetch [franco.maurizio.hr.desk.com.persistence.entity.Candidate(961691651407482).lastname]
 |  +-BasicFetch [franco.maurizio.hr.desk.com.persistence.entity.Candidate(961691651407482).mobile]
 |  +-BasicFetch [franco.maurizio.hr.desk.com.persistence.entity.Candidate(961691651407482).regdate]
 |  +-BasicFetch [franco.maurizio.hr.desk.com.persistence.entity.Candidate(961691651407482).stillHighStudy]
 |  +-BasicFetch [franco.maurizio.hr.desk.com.persistence.entity.Candidate(961691651407482).studyQualification]
 |  \-BasicFetch [franco.maurizio.hr.desk.com.persistence.entity.Candidate(961691651407482).technicalNote]

2023-11-24 12:36:47,689 TRACE o.h.o.r.g.AST [DomainResultGraphPrinter.java:70] Stack trace calling DomainResultGraphPrinter
java.lang.Exception: null
	at org.hibernate.sql.results.graph.DomainResultGraphPrinter.visitDomainResults(DomainResultGraphPrinter.java:70)
	at org.hibernate.sql.results.graph.DomainResultGraphPrinter.logDomainResultGraph(DomainResultGraphPrinter.java:46)
	at org.hibernate.sql.results.graph.DomainResultGraphPrinter.logDomainResultGraph(DomainResultGraphPrinter.java:37)
	at org.hibernate.sql.ast.spi.AbstractSqlAstTranslator.translateSelect(AbstractSqlAstTranslator.java:848)
	at org.hibernate.sql.ast.spi.AbstractSqlAstTranslator.translate(AbstractSqlAstTranslator.java:801)
	at org.hibernate.query.sqm.internal.ConcreteSqmSelectQueryPlan.buildCacheableSqmInterpretation(ConcreteSqmSelectQueryPlan.java:372)
	at org.hibernate.query.sqm.internal.ConcreteSqmSelectQueryPlan.withCacheableSqmInterpretation(ConcreteSqmSelectQueryPlan.java:268)
	at org.hibernate.query.sqm.internal.ConcreteSqmSelectQueryPlan.performList(ConcreteSqmSelectQueryPlan.java:244)
	at org.hibernate.query.sqm.internal.QuerySqmImpl.doList(QuerySqmImpl.java:518)
	at org.hibernate.query.spi.AbstractSelectionQuery.list(AbstractSelectionQuery.java:367)
	at org.hibernate.query.Query.getResultList(Query.java:119)
	at org.springframework.data.jpa.repository.support.SimpleJpaRepository.findAll(SimpleJpaRepository.java:383)
	at org.springframework.data.jpa.repository.support.SimpleJpaRepository.deleteAll(SimpleJpaRepository.java:283)
	at java.base/jdk.internal.reflect.NativeMethodAccessorImpl.invoke0(Native Method)
	at java.base/jdk.internal.reflect.NativeMethodAccessorImpl.invoke(NativeMethodAccessorImpl.java:77)
	at java.base/jdk.internal.reflect.DelegatingMethodAccessorImpl.invoke(DelegatingMethodAccessorImpl.java:43)
	at java.base/java.lang.reflect.Method.invoke(Method.java:568)
	at org.springframework.data.repository.core.support.RepositoryMethodInvoker$RepositoryFragmentMethodInvoker.lambda$new$0(RepositoryMethodInvoker.java:288)
	at org.springframework.data.repository.core.support.RepositoryMethodInvoker.doInvoke(RepositoryMethodInvoker.java:136)
	at org.springframework.data.repository.core.support.RepositoryMethodInvoker.invoke(RepositoryMethodInvoker.java:120)
	at org.springframework.data.repository.core.support.RepositoryComposition$RepositoryFragments.invoke(RepositoryComposition.java:516)
	at org.springframework.data.repository.core.support.RepositoryComposition.invoke(RepositoryComposition.java:285)
	at org.springframework.data.repository.core.support.RepositoryFactorySupport$ImplementationMethodExecutionInterceptor.invoke(RepositoryFactorySupport.java:628)
	at org.springframework.aop.framework.ReflectiveMethodInvocation.proceed(ReflectiveMethodInvocation.java:184)
	at org.springframework.data.repository.core.support.QueryExecutorMethodInterceptor.doInvoke(QueryExecutorMethodInterceptor.java:168)
	at org.springframework.data.repository.core.support.QueryExecutorMethodInterceptor.invoke(QueryExecutorMethodInterceptor.java:143)
	at org.springframework.aop.framework.ReflectiveMethodInvocation.proceed(ReflectiveMethodInvocation.java:184)
	at org.springframework.data.projection.DefaultMethodInvokingMethodInterceptor.invoke(DefaultMethodInvokingMethodInterceptor.java:72)
	at org.springframework.aop.framework.ReflectiveMethodInvocation.proceed(ReflectiveMethodInvocation.java:184)
	at org.springframework.transaction.interceptor.TransactionInterceptor$1.proceedWithInvocation(TransactionInterceptor.java:123)
	at org.springframework.transaction.interceptor.TransactionAspectSupport.invokeWithinTransaction(TransactionAspectSupport.java:391)
	at org.springframework.transaction.interceptor.TransactionInterceptor.invoke(TransactionInterceptor.java:119)
	at org.springframework.aop.framework.ReflectiveMethodInvocation.proceed(ReflectiveMethodInvocation.java:184)
	at org.springframework.dao.support.PersistenceExceptionTranslationInterceptor.invoke(PersistenceExceptionTranslationInterceptor.java:137)
	at org.springframework.aop.framework.ReflectiveMethodInvocation.proceed(ReflectiveMethodInvocation.java:184)
	at org.springframework.data.jpa.repository.support.CrudMethodMetadataPostProcessor$CrudMethodMetadataPopulatingMethodInterceptor.invoke(CrudMethodMetadataPostProcessor.java:164)
	at org.springframework.aop.framework.ReflectiveMethodInvocation.proceed(ReflectiveMethodInvocation.java:184)
	at org.springframework.aop.interceptor.ExposeInvocationInterceptor.invoke(ExposeInvocationInterceptor.java:97)
	at org.springframework.aop.framework.ReflectiveMethodInvocation.proceed(ReflectiveMethodInvocation.java:184)
	at org.springframework.aop.framework.JdkDynamicAopProxy.invoke(JdkDynamicAopProxy.java:244)
	at jdk.proxy2/jdk.proxy2.$Proxy199.deleteAll(Unknown Source)
	at franco.maurizio.hr.desk.com.service.CandidateService.deleteAll(CandidateService.java:79)
	at franco.maurizio.hr.desk.com.integration.controller.CandidateCustomControllerIntegrationTests.initializeRelatedTables(CandidateCustomControllerIntegrationTests.java:75)
	at java.base/jdk.internal.reflect.NativeMethodAccessorImpl.invoke0(Native Method)
	at java.base/jdk.internal.reflect.NativeMethodAccessorImpl.invoke(NativeMethodAccessorImpl.java:77)
	at java.base/jdk.internal.reflect.DelegatingMethodAccessorImpl.invoke(DelegatingMethodAccessorImpl.java:43)
	at java.base/java.lang.reflect.Method.invoke(Method.java:568)
	at org.junit.platform.commons.util.ReflectionUtils.invokeMethod(ReflectionUtils.java:727)
	at org.junit.jupiter.engine.execution.MethodInvocation.proceed(MethodInvocation.java:60)
	at org.junit.jupiter.engine.execution.InvocationInterceptorChain$ValidatingInvocation.proceed(InvocationInterceptorChain.java:131)
	at org.junit.jupiter.engine.extension.TimeoutExtension.intercept(TimeoutExtension.java:156)
	at org.junit.jupiter.engine.extension.TimeoutExtension.interceptLifecycleMethod(TimeoutExtension.java:128)
	at org.junit.jupiter.engine.extension.TimeoutExtension.interceptBeforeEachMethod(TimeoutExtension.java:78)
	at org.junit.jupiter.engine.execution.InterceptingExecutableInvoker$ReflectiveInterceptorCall.lambda$ofVoidMethod$0(InterceptingExecutableInvoker.java:103)
	at org.junit.jupiter.engine.execution.InterceptingExecutableInvoker.lambda$invoke$0(InterceptingExecutableInvoker.java:93)
	at org.junit.jupiter.engine.execution.InvocationInterceptorChain$InterceptedInvocation.proceed(InvocationInterceptorChain.java:106)
	at org.junit.jupiter.engine.execution.InvocationInterceptorChain.proceed(InvocationInterceptorChain.java:64)
	at org.junit.jupiter.engine.execution.InvocationInterceptorChain.chainAndInvoke(InvocationInterceptorChain.java:45)
	at org.junit.jupiter.engine.execution.InvocationInterceptorChain.invoke(InvocationInterceptorChain.java:37)
	at org.junit.jupiter.engine.execution.InterceptingExecutableInvoker.invoke(InterceptingExecutableInvoker.java:92)
	at org.junit.jupiter.engine.execution.InterceptingExecutableInvoker.invoke(InterceptingExecutableInvoker.java:86)
	at org.junit.jupiter.engine.descriptor.ClassBasedTestDescriptor.invokeMethodInExtensionContext(ClassBasedTestDescriptor.java:520)
	at org.junit.jupiter.engine.descriptor.ClassBasedTestDescriptor.lambda$synthesizeBeforeEachMethodAdapter$23(ClassBasedTestDescriptor.java:505)
	at org.junit.jupiter.engine.descriptor.TestMethodTestDescriptor.lambda$invokeBeforeEachMethods$3(TestMethodTestDescriptor.java:174)
	at org.junit.jupiter.engine.descriptor.TestMethodTestDescriptor.lambda$invokeBeforeMethodsOrCallbacksUntilExceptionOccurs$6(TestMethodTestDescriptor.java:202)
	at org.junit.platform.engine.support.hierarchical.ThrowableCollector.execute(ThrowableCollector.java:73)
	at org.junit.jupiter.engine.descriptor.TestMethodTestDescriptor.invokeBeforeMethodsOrCallbacksUntilExceptionOccurs(TestMethodTestDescriptor.java:202)
	at org.junit.jupiter.engine.descriptor.TestMethodTestDescriptor.invokeBeforeEachMethods(TestMethodTestDescriptor.java:171)
	at org.junit.jupiter.engine.descriptor.TestMethodTestDescriptor.execute(TestMethodTestDescriptor.java:134)
	at org.junit.jupiter.engine.descriptor.TestMethodTestDescriptor.execute(TestMethodTestDescriptor.java:68)
	at org.junit.platform.engine.support.hierarchical.NodeTestTask.lambda$executeRecursively$6(NodeTestTask.java:151)
	at org.junit.platform.engine.support.hierarchical.ThrowableCollector.execute(ThrowableCollector.java:73)
	at org.junit.platform.engine.support.hierarchical.NodeTestTask.lambda$executeRecursively$8(NodeTestTask.java:141)
	at org.junit.platform.engine.support.hierarchical.Node.around(Node.java:137)
	at org.junit.platform.engine.support.hierarchical.NodeTestTask.lambda$executeRecursively$9(NodeTestTask.java:139)
	at org.junit.platform.engine.support.hierarchical.ThrowableCollector.execute(ThrowableCollector.java:73)
	at org.junit.platform.engine.support.hierarchical.NodeTestTask.executeRecursively(NodeTestTask.java:138)
	at org.junit.platform.engine.support.hierarchical.NodeTestTask.execute(NodeTestTask.java:95)
	at java.base/java.util.ArrayList.forEach(ArrayList.java:1511)
	at org.junit.platform.engine.support.hierarchical.SameThreadHierarchicalTestExecutorService.invokeAll(SameThreadHierarchicalTestExecutorService.java:41)
	at org.junit.platform.engine.support.hierarchical.NodeTestTask.lambda$executeRecursively$6(NodeTestTask.java:155)
	at org.junit.platform.engine.support.hierarchical.ThrowableCollector.execute(ThrowableCollector.java:73)
	at org.junit.platform.engine.support.hierarchical.NodeTestTask.lambda$executeRecursively$8(NodeTestTask.java:141)
	at org.junit.platform.engine.support.hierarchical.Node.around(Node.java:137)
	at org.junit.platform.engine.support.hierarchical.NodeTestTask.lambda$executeRecursively$9(NodeTestTask.java:139)
	at org.junit.platform.engine.support.hierarchical.ThrowableCollector.execute(ThrowableCollector.java:73)
	at org.junit.platform.engine.support.hierarchical.NodeTestTask.executeRecursively(NodeTestTask.java:138)
	at org.junit.platform.engine.support.hierarchical.NodeTestTask.execute(NodeTestTask.java:95)
	at java.base/java.util.ArrayList.forEach(ArrayList.java:1511)
	at org.junit.platform.engine.support.hierarchical.SameThreadHierarchicalTestExecutorService.invokeAll(SameThreadHierarchicalTestExecutorService.java:41)
	at org.junit.platform.engine.support.hierarchical.NodeTestTask.lambda$executeRecursively$6(NodeTestTask.java:155)
	at org.junit.platform.engine.support.hierarchical.ThrowableCollector.execute(ThrowableCollector.java:73)
	at org.junit.platform.engine.support.hierarchical.NodeTestTask.lambda$executeRecursively$8(NodeTestTask.java:141)
	at org.junit.platform.engine.support.hierarchical.Node.around(Node.java:137)
	at org.junit.platform.engine.support.hierarchical.NodeTestTask.lambda$executeRecursively$9(NodeTestTask.java:139)
	at org.junit.platform.engine.support.hierarchical.ThrowableCollector.execute(ThrowableCollector.java:73)
	at org.junit.platform.engine.support.hierarchical.NodeTestTask.executeRecursively(NodeTestTask.java:138)
	at org.junit.platform.engine.support.hierarchical.NodeTestTask.execute(NodeTestTask.java:95)
	at org.junit.platform.engine.support.hierarchical.SameThreadHierarchicalTestExecutorService.submit(SameThreadHierarchicalTestExecutorService.java:35)
	at org.junit.platform.engine.support.hierarchical.HierarchicalTestExecutor.execute(HierarchicalTestExecutor.java:57)
	at org.junit.platform.engine.support.hierarchical.HierarchicalTestEngine.execute(HierarchicalTestEngine.java:54)
	at org.junit.platform.launcher.core.EngineExecutionOrchestrator.execute(EngineExecutionOrchestrator.java:147)
	at org.junit.platform.launcher.core.EngineExecutionOrchestrator.execute(EngineExecutionOrchestrator.java:127)
	at org.junit.platform.launcher.core.EngineExecutionOrchestrator.execute(EngineExecutionOrchestrator.java:90)
	at org.junit.platform.launcher.core.EngineExecutionOrchestrator.lambda$execute$0(EngineExecutionOrchestrator.java:55)
	at org.junit.platform.launcher.core.EngineExecutionOrchestrator.withInterceptedStreams(EngineExecutionOrchestrator.java:102)
	at org.junit.platform.launcher.core.EngineExecutionOrchestrator.execute(EngineExecutionOrchestrator.java:54)
	at org.junit.platform.launcher.core.DefaultLauncher.execute(DefaultLauncher.java:114)
	at org.junit.platform.launcher.core.DefaultLauncher.execute(DefaultLauncher.java:86)
	at org.junit.platform.launcher.core.DefaultLauncherSession$DelegatingLauncher.execute(DefaultLauncherSession.java:86)
	at org.apache.maven.surefire.junitplatform.LazyLauncher.execute(LazyLauncher.java:50)
	at org.apache.maven.surefire.junitplatform.JUnitPlatformProvider.execute(JUnitPlatformProvider.java:184)
	at org.apache.maven.surefire.junitplatform.JUnitPlatformProvider.invokeAllTests(JUnitPlatformProvider.java:148)
	at org.apache.maven.surefire.junitplatform.JUnitPlatformProvider.invoke(JUnitPlatformProvider.java:122)
	at org.apache.maven.surefire.booter.ForkedBooter.runSuitesInProcess(ForkedBooter.java:385)
	at org.apache.maven.surefire.booter.ForkedBooter.execute(ForkedBooter.java:162)
	at org.apache.maven.surefire.booter.ForkedBooter.run(ForkedBooter.java:507)
	at org.apache.maven.surefire.booter.ForkedBooter.main(ForkedBooter.java:495)
2023-11-24 12:36:47,690 DEBUG o.h.o.s.a.tree [SqlTreePrinter.java:46] SQL AST Tree:
    SelectStatement {
      FromClause {
        StandardTableGroup (c1 : franco.maurizio.hr.desk.com.persistence.entity.Candidate(961691651407482)) {
          primaryTableReference : candidates as c1_0
        }
      }
    }

2023-11-24 12:36:47,690 DEBUG o.h.o.s.exec [JdbcSelectExecutorStandardImpl.java:455] Skipping reading Query result cache data: cache-enabled = false, cache-mode = NORMAL
2023-11-24 12:36:47,690 TRACE o.h.o.results [ResultsHelper.java:117] Registering initializer : EntityResultInitializer(franco.maurizio.hr.desk.com.persistence.entity.Candidate(961691651407482))
2023-11-24 12:36:47,690 DEBUG o.h.o.results [NavigablePathMapToInitializer.java:76] Initializer list:
	  franco.maurizio.hr.desk.com.persistence.entity.Candidate(961691651407482) -> EntityResultInitializer(franco.maurizio.hr.desk.com.persistence.entity.Candidate(961691651407482))@577845801 (SingleTableEntityPersister(franco.maurizio.hr.desk.com.persistence.entity.Candidate))

2023-11-24 12:36:47,691 TRACE o.h.s.r.j.i.DeferredResultSetAccess [DeferredResultSetAccess.java:224] Executing query to retrieve ResultSet : select c1_0.id,c1_0.candidacy_date_time,c1_0.candidate_state_code,c1_0.course_code,c1_0.cv_external_path,c1_0.dateofbirth,c1_0.domicile_city,c1_0.email,c1_0.firstname,c1_0.graduate,c1_0.high_graduate,c1_0.hr_note,c1_0.imgpath,c1_0.inserted_by,c1_0.label,c1_0.lastname,c1_0.mobile,c1_0.regdate,c1_0.still_high_study,c1_0.study_qualification,c1_0.technical_note from candidates c1_0
2023-11-24 12:36:47,691 DEBUG o.h.SQL [SqlStatementLogger.java:133] select c1_0.id,c1_0.candidacy_date_time,c1_0.candidate_state_code,c1_0.course_code,c1_0.cv_external_path,c1_0.dateofbirth,c1_0.domicile_city,c1_0.email,c1_0.firstname,c1_0.graduate,c1_0.high_graduate,c1_0.hr_note,c1_0.imgpath,c1_0.inserted_by,c1_0.label,c1_0.lastname,c1_0.mobile,c1_0.regdate,c1_0.still_high_study,c1_0.study_qualification,c1_0.technical_note from candidates c1_0
Hibernate: select c1_0.id,c1_0.candidacy_date_time,c1_0.candidate_state_code,c1_0.course_code,c1_0.cv_external_path,c1_0.dateofbirth,c1_0.domicile_city,c1_0.email,c1_0.firstname,c1_0.graduate,c1_0.high_graduate,c1_0.hr_note,c1_0.imgpath,c1_0.inserted_by,c1_0.label,c1_0.lastname,c1_0.mobile,c1_0.regdate,c1_0.still_high_study,c1_0.study_qualification,c1_0.technical_note from candidates c1_0
2023-11-24 12:36:47,691 TRACE o.h.r.j.i.ResourceRegistryStandardImpl [ResourceRegistryStandardImpl.java:82] Registering statement [HikariProxyPreparedStatement@488929504 wrapping com.mysql.cj.jdbc.ClientPreparedStatement: select c1_0.id,c1_0.candidacy_date_time,c1_0.candidate_state_code,c1_0.course_code,c1_0.cv_external_path,c1_0.dateofbirth,c1_0.domicile_city,c1_0.email,c1_0.firstname,c1_0.graduate,c1_0.high_graduate,c1_0.hr_note,c1_0.imgpath,c1_0.inserted_by,c1_0.label,c1_0.lastname,c1_0.mobile,c1_0.regdate,c1_0.still_high_study,c1_0.study_qualification,c1_0.technical_note from candidates c1_0]
2023-11-24 12:36:47,691 TRACE o.h.e.j.i.JdbcCoordinatorImpl [JdbcCoordinatorImpl.java:322] Registering last query statement [HikariProxyPreparedStatement@488929504 wrapping com.mysql.cj.jdbc.ClientPreparedStatement: select c1_0.id,c1_0.candidacy_date_time,c1_0.candidate_state_code,c1_0.course_code,c1_0.cv_external_path,c1_0.dateofbirth,c1_0.domicile_city,c1_0.email,c1_0.firstname,c1_0.graduate,c1_0.high_graduate,c1_0.hr_note,c1_0.imgpath,c1_0.inserted_by,c1_0.label,c1_0.lastname,c1_0.mobile,c1_0.regdate,c1_0.still_high_study,c1_0.study_qualification,c1_0.technical_note from candidates c1_0]
2023-11-24 12:36:47,692 TRACE o.h.r.j.i.ResourceRegistryStandardImpl [ResourceRegistryStandardImpl.java:221] Registering result set [HikariProxyResultSet@632596197 wrapping com.mysql.cj.jdbc.result.ResultSetImpl@3a4f5d8b]
2023-11-24 12:36:47,692 TRACE o.h.r.j.i.AbstractLogicalConnectionImplementor [AbstractLogicalConnectionImplementor.java:48] LogicalConnection#afterStatement
2023-11-24 12:36:47,693 TRACE o.h.o.j.extract [JdbcExtractingLogging.java:24] extracted value ([1] : [BIGINT]) - [52]
2023-11-24 12:36:47,694 TRACE o.h.o.j.extract [JdbcExtractingLogging.java:24] extracted value ([2] : [TIMESTAMP]) - [2023-11-24T12:28]
2023-11-24 12:36:47,694 TRACE o.h.o.j.extract [JdbcExtractingLogging.java:24] extracted value ([3] : [BIGINT]) - [100]
2023-11-24 12:36:47,694 TRACE o.h.o.j.extract [JdbcExtractingLogging.java:24] extracted value ([4] : [VARCHAR]) - [Code_833]
2023-11-24 12:36:47,694 TRACE o.h.o.j.extract [JdbcExtractingLogging.java:35] extracted value ([5] : [VARCHAR]) - [null]
2023-11-24 12:36:47,695 TRACE o.h.o.j.extract [JdbcExtractingLogging.java:35] extracted value ([6] : [DATE]) - [null]
2023-11-24 12:36:47,695 TRACE o.h.o.j.extract [JdbcExtractingLogging.java:35] extracted value ([7] : [VARCHAR]) - [null]
2023-11-24 12:36:47,695 TRACE o.h.o.j.extract [JdbcExtractingLogging.java:24] extracted value ([8] : [VARCHAR]) - [test@email.com]
2023-11-24 12:36:47,695 TRACE o.h.o.j.extract [JdbcExtractingLogging.java:24] extracted value ([9] : [VARCHAR]) - [Test_Firstname]
2023-11-24 12:36:47,695 TRACE o.h.o.j.extract [JdbcExtractingLogging.java:35] extracted value ([10] : [BOOLEAN]) - [null]
2023-11-24 12:36:47,695 TRACE o.h.o.j.extract [JdbcExtractingLogging.java:35] extracted value ([11] : [BOOLEAN]) - [null]
2023-11-24 12:36:47,695 TRACE o.h.o.j.extract [JdbcExtractingLogging.java:35] extracted value ([12] : [VARCHAR]) - [null]
2023-11-24 12:36:47,696 TRACE o.h.o.j.extract [JdbcExtractingLogging.java:35] extracted value ([13] : [VARCHAR]) - [null]
2023-11-24 12:36:47,696 TRACE o.h.o.j.extract [JdbcExtractingLogging.java:24] extracted value ([14] : [BIGINT]) - [159]
2023-11-24 12:36:47,696 TRACE o.h.o.j.extract [JdbcExtractingLogging.java:35] extracted value ([15] : [VARCHAR]) - [null]
2023-11-24 12:36:47,696 TRACE o.h.o.j.extract [JdbcExtractingLogging.java:24] extracted value ([16] : [VARCHAR]) - [Test_Lasstname]
2023-11-24 12:36:47,696 TRACE o.h.o.j.extract [JdbcExtractingLogging.java:35] extracted value ([17] : [VARCHAR]) - [null]
2023-11-24 12:36:47,696 TRACE o.h.o.j.extract [JdbcExtractingLogging.java:24] extracted value ([18] : [TIMESTAMP]) - [2023-11-24T12:28]
2023-11-24 12:36:47,696 TRACE o.h.o.j.extract [JdbcExtractingLogging.java:35] extracted value ([19] : [BOOLEAN]) - [null]
2023-11-24 12:36:47,696 TRACE o.h.o.j.extract [JdbcExtractingLogging.java:35] extracted value ([20] : [VARCHAR]) - [null]
2023-11-24 12:36:47,696 TRACE o.h.o.j.extract [JdbcExtractingLogging.java:35] extracted value ([21] : [VARCHAR]) - [null]
2023-11-24 12:36:47,698 TRACE o.h.o.r.loading [StandardRowReader.java:85] StandardRowReader#readRow
2023-11-24 12:36:47,699 TRACE o.h.o.r.l.entity [AbstractEntityInitializer.java:277] (o.h.s.r.g.e.i.EntityResultInitializer) Beginning Initializer#resolveKey process for entity : franco.maurizio.hr.desk.com.persistence.entity.Candidate(961691651407482)
2023-11-24 12:36:47,699 DEBUG o.h.o.results [BasicResultAssembler.java:61] Extracted JDBC value [0] - [52]
2023-11-24 12:36:47,699 DEBUG o.h.o.r.l.entity [AbstractEntityInitializer.java:300] (EntityResultInitializer) Hydrated EntityKey (franco.maurizio.hr.desk.com.persistence.entity.Candidate(961691651407482)): 52
2023-11-24 12:36:47,700 TRACE o.h.o.r.l.entity [AbstractEntityInitializer.java:491] (o.h.s.r.g.e.i.EntityResultInitializer) Beginning Initializer#resolveInstance process for entity (franco.maurizio.hr.desk.com.persistence.entity.Candidate(961691651407482)) : 52
2023-11-24 12:36:47,701 DEBUG o.h.o.r.l.entity [AbstractEntityInitializer.java:689] (EntityResultInitializer) Created new entity instance [franco.maurizio.hr.desk.com.persistence.entity.Candidate(961691651407482)#52] : 313923573
2023-11-24 12:36:47,702 TRACE o.h.o.r.l.entity [AbstractEntityInitializer.java:833] (EntityResultInitializer) Beginning Initializer#initializeInstance process for entity franco.maurizio.hr.desk.com.persistence.entity.Candidate(961691651407482)#52
2023-11-24 12:36:47,702 DEBUG o.h.o.results [BasicResultAssembler.java:61] Extracted JDBC value [1] - [2023-11-24T12:28]
2023-11-24 12:36:47,702 DEBUG o.h.o.results [BasicResultAssembler.java:61] Extracted JDBC value [2] - [100]
2023-11-24 12:36:47,702 DEBUG o.h.o.results [BasicResultAssembler.java:61] Extracted JDBC value [3] - [Code_833]
2023-11-24 12:36:47,702 DEBUG o.h.o.results [BasicResultAssembler.java:61] Extracted JDBC value [4] - [null]
2023-11-24 12:36:47,702 DEBUG o.h.o.results [BasicResultAssembler.java:61] Extracted JDBC value [5] - [null]
2023-11-24 12:36:47,703 DEBUG o.h.o.results [BasicResultAssembler.java:61] Extracted JDBC value [6] - [null]
2023-11-24 12:36:47,703 DEBUG o.h.o.results [BasicResultAssembler.java:61] Extracted JDBC value [7] - [test@email.com]
2023-11-24 12:36:47,703 DEBUG o.h.o.results [BasicResultAssembler.java:61] Extracted JDBC value [8] - [Test_Firstname]
2023-11-24 12:36:47,703 DEBUG o.h.o.results [BasicResultAssembler.java:61] Extracted JDBC value [9] - [null]
2023-11-24 12:36:47,703 DEBUG o.h.o.results [BasicResultAssembler.java:61] Extracted JDBC value [10] - [null]
2023-11-24 12:36:47,703 DEBUG o.h.o.results [BasicResultAssembler.java:61] Extracted JDBC value [11] - [null]
2023-11-24 12:36:47,703 DEBUG o.h.o.results [BasicResultAssembler.java:61] Extracted JDBC value [12] - [null]
2023-11-24 12:36:47,703 DEBUG o.h.o.results [BasicResultAssembler.java:61] Extracted JDBC value [13] - [159]
2023-11-24 12:36:47,703 DEBUG o.h.o.results [BasicResultAssembler.java:61] Extracted JDBC value [14] - [null]
2023-11-24 12:36:47,703 DEBUG o.h.o.results [BasicResultAssembler.java:61] Extracted JDBC value [15] - [Test_Lasstname]
2023-11-24 12:36:47,703 DEBUG o.h.o.results [BasicResultAssembler.java:61] Extracted JDBC value [16] - [null]
2023-11-24 12:36:47,704 DEBUG o.h.o.results [BasicResultAssembler.java:61] Extracted JDBC value [17] - [2023-11-24T12:28]
2023-11-24 12:36:47,704 DEBUG o.h.o.results [BasicResultAssembler.java:61] Extracted JDBC value [18] - [null]
2023-11-24 12:36:47,704 DEBUG o.h.o.results [BasicResultAssembler.java:61] Extracted JDBC value [19] - [null]
2023-11-24 12:36:47,704 DEBUG o.h.o.results [BasicResultAssembler.java:61] Extracted JDBC value [20] - [null]
2023-11-24 12:36:47,709 DEBUG o.h.o.r.l.entity [AbstractEntityInitializer.java:889] (EntityResultInitializer) Done materializing entityInstance : franco.maurizio.hr.desk.com.persistence.entity.Candidate(961691651407482)#52
2023-11-24 12:36:47,709 DEBUG o.h.o.r.loading [StandardRowReader.java:93] Calling top-level assembler (0 / 1) : org.hibernate.sql.results.graph.entity.internal.EntityAssembler@114e7f60
2023-11-24 12:36:47,709 TRACE o.h.o.r.loading [StandardRowReader.java:103] StandardRowReader#afterRow
2023-11-24 12:36:47,711 TRACE o.h.r.j.i.ResourceRegistryStandardImpl [ResourceRegistryStandardImpl.java:117] Releasing result set [HikariProxyResultSet@632596197 wrapping com.mysql.cj.jdbc.result.ResultSetImpl@3a4f5d8b]
2023-11-24 12:36:47,711 TRACE o.h.r.j.i.ResourceRegistryStandardImpl [ResourceRegistryStandardImpl.java:169] Closing result set [HikariProxyResultSet@632596197 wrapping com.mysql.cj.jdbc.result.ResultSetImpl@3a4f5d8b]
2023-11-24 12:36:47,712 TRACE o.h.r.j.i.ResourceRegistryStandardImpl [ResourceRegistryStandardImpl.java:96] Releasing statement [HikariProxyPreparedStatement@488929504 wrapping com.mysql.cj.jdbc.ClientPreparedStatement: select c1_0.id,c1_0.candidacy_date_time,c1_0.candidate_state_code,c1_0.course_code,c1_0.cv_external_path,c1_0.dateofbirth,c1_0.domicile_city,c1_0.email,c1_0.firstname,c1_0.graduate,c1_0.high_graduate,c1_0.hr_note,c1_0.imgpath,c1_0.inserted_by,c1_0.label,c1_0.lastname,c1_0.mobile,c1_0.regdate,c1_0.still_high_study,c1_0.study_qualification,c1_0.technical_note from candidates c1_0]
2023-11-24 12:36:47,712 TRACE o.h.r.j.i.ResourceRegistryStandardImpl [ResourceRegistryStandardImpl.java:187] Closing prepared statement [HikariProxyPreparedStatement@488929504 wrapping com.mysql.cj.jdbc.ClientPreparedStatement: select c1_0.id,c1_0.candidacy_date_time,c1_0.candidate_state_code,c1_0.course_code,c1_0.cv_external_path,c1_0.dateofbirth,c1_0.domicile_city,c1_0.email,c1_0.firstname,c1_0.graduate,c1_0.high_graduate,c1_0.hr_note,c1_0.imgpath,c1_0.inserted_by,c1_0.label,c1_0.lastname,c1_0.mobile,c1_0.regdate,c1_0.still_high_study,c1_0.study_qualification,c1_0.technical_note from candidates c1_0]
2023-11-24 12:36:47,712 TRACE o.h.e.i.StatefulPersistenceContext [StatefulPersistenceContext.java:976] Initializing non-lazy collections
2023-11-24 12:36:47,712 DEBUG o.h.j.i.PersistenceUnitUtilImpl [PersistenceUnitUtilImpl.java:89] jakarta.persistence.PersistenceUnitUtil.getIdentifier is only intended to work with enhanced entities (although Hibernate also adapts this support to its proxies); however the passed entity was not enhanced (nor a proxy).. may not be able to read identifier
2023-11-24 12:36:47,713 DEBUG o.h.j.i.PersistenceUnitUtilImpl [PersistenceUnitUtilImpl.java:89] jakarta.persistence.PersistenceUnitUtil.getIdentifier is only intended to work with enhanced entities (although Hibernate also adapts this support to its proxies); however the passed entity was not enhanced (nor a proxy).. may not be able to read identifier
2023-11-24 12:36:47,718 TRACE o.h.e.i.DefaultLoadEventListener [DefaultLoadEventListener.java:228] Loading entity: [franco.maurizio.hr.desk.com.persistence.entity.Candidate#52]
2023-11-24 12:36:47,718 TRACE o.h.e.i.DefaultLoadEventListener [DefaultLoadEventListener.java:502] Attempting to resolve: [franco.maurizio.hr.desk.com.persistence.entity.Candidate#52]
2023-11-24 12:36:47,723 TRACE o.h.e.i.DefaultDeleteEventListener [DefaultDeleteEventListener.java:211] Deleting a persistent instance
2023-11-24 12:36:47,723 TRACE o.h.e.i.DefaultDeleteEventListener [DefaultDeleteEventListener.java:363] Deleting [franco.maurizio.hr.desk.com.persistence.entity.Candidate#52]
2023-11-24 12:36:47,730 DEBUG o.h.e.t.i.TransactionImpl [TransactionImpl.java:98] committing
2023-11-24 12:36:47,731 TRACE o.h.r.t.b.j.i.JdbcResourceLocalTransactionCoordinatorImpl [JdbcResourceLocalTransactionCoordinatorImpl.java:167] ResourceLocalTransactionCoordinatorImpl#beforeCompletionCallback
2023-11-24 12:36:47,731 TRACE o.h.i.SessionImpl [SessionImpl.java:1965] SessionImpl#beforeTransactionCompletion()
2023-11-24 12:36:47,731 TRACE o.h.i.SessionImpl [SessionImpl.java:484] Automatically flushing session
2023-11-24 12:36:47,731 TRACE o.h.e.i.AbstractFlushingEventListener [AbstractFlushingEventListener.java:72] Flushing session
2023-11-24 12:36:47,731 DEBUG o.h.e.i.AbstractFlushingEventListener [AbstractFlushingEventListener.java:136] Processing flush-time cascades
2023-11-24 12:36:47,732 DEBUG o.h.e.i.AbstractFlushingEventListener [AbstractFlushingEventListener.java:185] Dirty checking collections
2023-11-24 12:36:47,733 TRACE o.h.e.i.AbstractFlushingEventListener [AbstractFlushingEventListener.java:197] Flushing entities and processing referenced collections
2023-11-24 12:36:47,735 TRACE o.h.e.i.AbstractFlushingEventListener [AbstractFlushingEventListener.java:264] Processing unreferenced collections
2023-11-24 12:36:47,735 TRACE o.h.e.i.AbstractFlushingEventListener [AbstractFlushingEventListener.java:277] Scheduling collection removes/(re)creates/updates
2023-11-24 12:36:47,738 DEBUG o.h.e.i.AbstractFlushingEventListener [AbstractFlushingEventListener.java:110] Flushed: 0 insertions, 0 updates, 1 deletions to 1 objects
2023-11-24 12:36:47,738 DEBUG o.h.e.i.AbstractFlushingEventListener [AbstractFlushingEventListener.java:117] Flushed: 0 (re)creations, 0 updates, 0 removals to 0 collections
2023-11-24 12:36:47,739 DEBUG o.h.i.u.EntityPrinter [EntityPrinter.java:111] Listing entities:
2023-11-24 12:36:47,739 DEBUG o.h.i.u.EntityPrinter [EntityPrinter.java:118] franco.maurizio.hr.desk.com.persistence.entity.Candidate{firstname=Test_Firstname, highGraduate=null, imgpath=null, courseCode=Code_833, mobile=null, candidateStateCode=100, dateOfBirth=null, technicalNote=null, label=null, stillHighStudy=null, lastname=Test_Lasstname, insertedBy=159, domicileCity=null, cvExternalPath=null, studyQualification=null, graduate=null, regdate=2023-11-24T12:28, id=52, candidacyDateTime=2023-11-24T12:28, email=test@email.com, hrNote=null}
2023-11-24 12:36:47,739 TRACE o.h.e.i.AbstractFlushingEventListener [AbstractFlushingEventListener.java:349] Executing flush
2023-11-24 12:36:47,751 TRACE o.h.r.j.i.ResourceRegistryStandardImpl [ResourceRegistryStandardImpl.java:82] Registering statement [HikariProxyPreparedStatement@1186268682 wrapping com.mysql.cj.jdbc.ClientPreparedStatement: delete from candidates where id=** NOT SPECIFIED **]
2023-11-24 12:36:47,751 TRACE o.h.r.j.i.ResourceRegistryStandardImpl [ResourceRegistryStandardImpl.java:221] Registering result set [null]
2023-11-24 12:36:47,752 DEBUG o.h.SQL [SqlStatementLogger.java:133] delete from candidates where id=?
Hibernate: delete from candidates where id=?
2023-11-24 12:36:47,753 TRACE o.h.o.j.bind [JdbcBindingLogging.java:25] binding parameter [1] as [BIGINT] - [52]
2023-11-24 12:36:47,755 TRACE o.h.r.j.i.ResourceRegistryStandardImpl [ResourceRegistryStandardImpl.java:96] Releasing statement [HikariProxyPreparedStatement@1186268682 wrapping com.mysql.cj.jdbc.ClientPreparedStatement: delete from candidates where id=52]
2023-11-24 12:36:47,755 TRACE o.h.r.j.i.ResourceRegistryStandardImpl [ResourceRegistryStandardImpl.java:169] Closing result set [null]
2023-11-24 12:36:47,755 TRACE o.h.r.j.i.ResourceRegistryStandardImpl [ResourceRegistryStandardImpl.java:187] Closing prepared statement [HikariProxyPreparedStatement@1186268682 wrapping com.mysql.cj.jdbc.ClientPreparedStatement: delete from candidates where id=52]
2023-11-24 12:36:47,756 TRACE o.h.e.j.i.JdbcCoordinatorImpl [JdbcCoordinatorImpl.java:270] Starting after statement execution processing [ON_CLOSE]
2023-11-24 12:36:47,756 TRACE o.h.e.i.AbstractFlushingEventListener [AbstractFlushingEventListener.java:384] Post flush
2023-11-24 12:36:47,757 TRACE o.h.r.j.i.AbstractLogicalConnectionImplementor [AbstractLogicalConnectionImplementor.java:53] LogicalConnection#beforeTransactionCompletion
2023-11-24 12:36:47,757 TRACE o.h.r.t.i.SynchronizationRegistryStandardImpl [SynchronizationRegistryStandardImpl.java:55] SynchronizationRegistryStandardImpl.notifySynchronizationsBeforeTransactionCompletion
2023-11-24 12:36:47,757 TRACE o.h.r.j.i.AbstractLogicalConnectionImplementor [AbstractLogicalConnectionImplementor.java:85] Preparing to commit transaction via JDBC Connection.commit()
2023-11-24 12:36:47,802 TRACE o.h.r.j.i.AbstractLogicalConnectionImplementor [AbstractLogicalConnectionImplementor.java:88] Transaction committed via JDBC Connection.commit()
2023-11-24 12:36:47,803 TRACE o.h.r.j.i.AbstractLogicalConnectionImplementor [AbstractLogicalConnectionImplementor.java:105] re-enabling auto-commit on JDBC Connection after completion of JDBC-based transaction
2023-11-24 12:36:47,804 TRACE o.h.r.j.i.AbstractLogicalConnectionImplementor [AbstractLogicalConnectionImplementor.java:58] LogicalConnection#afterTransaction
2023-11-24 12:36:47,804 TRACE o.h.r.j.i.ResourceRegistryStandardImpl [ResourceRegistryStandardImpl.java:329] Releasing JDBC resources
2023-11-24 12:36:47,804 TRACE o.h.r.t.b.j.i.JdbcResourceLocalTransactionCoordinatorImpl [JdbcResourceLocalTransactionCoordinatorImpl.java:185] ResourceLocalTransactionCoordinatorImpl#afterCompletionCallback(true)
2023-11-24 12:36:47,805 TRACE o.h.r.t.i.SynchronizationRegistryStandardImpl [DelegatingBasicLogger.java:158] SynchronizationRegistryStandardImpl.notifySynchronizationsAfterTransactionCompletion(3)
2023-11-24 12:36:47,805 TRACE o.h.i.SessionImpl [SessionImpl.java:1980] SessionImpl#afterTransactionCompletion(successful=true, delayed=false)
2023-11-24 12:36:47,805 TRACE o.h.i.SessionImpl [SessionImpl.java:402] Closing session [0920c733-e94e-4dbf-865f-8ba29068fd26]
2023-11-24 12:36:47,806 TRACE o.h.e.j.i.JdbcCoordinatorImpl [JdbcCoordinatorImpl.java:152] Closing JDBC container [org.hibernate.engine.jdbc.internal.JdbcCoordinatorImpl@31a568dc]
2023-11-24 12:36:47,806 TRACE o.h.r.j.i.ResourceRegistryStandardImpl [ResourceRegistryStandardImpl.java:329] Releasing JDBC resources
2023-11-24 12:36:47,806 TRACE o.h.r.j.i.LogicalConnectionManagedImpl [LogicalConnectionManagedImpl.java:256] Closing logical connection
2023-11-24 12:36:47,807 TRACE o.h.r.j.i.ResourceRegistryStandardImpl [ResourceRegistryStandardImpl.java:329] Releasing JDBC resources
2023-11-24 12:36:47,807 TRACE o.h.r.j.i.LogicalConnectionManagedImpl [LogicalConnectionManagedImpl.java:263] Logical connection closed
2023-11-24 12:36:47,807 DEBUG f.m.h.d.c.s.CandidateStateService [CandidateStateService.java:28] deleteAll - START
2023-11-24 12:36:47,808 TRACE o.h.i.SessionFactoryImpl$SessionBuilderImpl [SessionFactoryImpl.java:1298] Opening Hibernate Session.  tenant=null
2023-11-24 12:36:47,809 TRACE o.h.i.SessionImpl [SessionImpl.java:262] Opened Session [4a9df86e-0da2-49f6-be69-1a89027246ab] at timestamp: 1700825807809
2023-11-24 12:36:47,809 DEBUG o.h.e.t.i.TransactionImpl [TransactionImpl.java:53] On TransactionImpl creation, JpaCompliance#isJpaTransactionComplianceEnabled == false
2023-11-24 12:36:47,810 DEBUG o.h.e.t.i.TransactionImpl [TransactionImpl.java:81] begin
2023-11-24 12:36:47,810 TRACE o.h.r.j.i.AbstractLogicalConnectionImplementor [AbstractLogicalConnectionImplementor.java:71] Preparing to begin transaction via JDBC Connection.setAutoCommit(false)
2023-11-24 12:36:47,811 TRACE o.h.r.j.i.AbstractLogicalConnectionImplementor [AbstractLogicalConnectionImplementor.java:73] Transaction begun via JDBC Connection.setAutoCommit(false)
2023-11-24 12:36:47,811 TRACE o.h.r.t.b.j.i.JdbcResourceLocalTransactionCoordinatorImpl [JdbcResourceLocalTransactionCoordinatorImpl.java:163] ResourceLocalTransactionCoordinatorImpl#afterBeginCallback
2023-11-24 12:36:47,813 TRACE o.h.q.s.s.BaseSqmToSqlAstConverter [BaseSqmToSqlAstConverter.java:2577] Resolving SqmRoot [franco.maurizio.hr.desk.com.persistence.entity.CandidateStates] to TableGroup
2023-11-24 12:36:47,813 TRACE o.h.q.s.s.BaseSqmToSqlAstConverter [BaseSqmToSqlAstConverter.java:2744] Resolving SqmRoot [franco.maurizio.hr.desk.com.persistence.entity.CandidateStates] to TableGroup
2023-11-24 12:36:47,814 DEBUG o.h.o.s.a.create [SqlAliasBaseImpl.java:33] Created new SQL alias : c1_0
2023-11-24 12:36:47,814 TRACE o.h.q.s.s.BaseSqmToSqlAstConverter [BaseSqmToSqlAstConverter.java:2811] Resolved SqmRoot [franco.maurizio.hr.desk.com.persistence.entity.CandidateStates] to new TableGroup [StandardTableGroup(franco.maurizio.hr.desk.com.persistence.entity.CandidateStates(961691775781619))]
2023-11-24 12:36:47,814 DEBUG o.h.o.s.a.create [SimpleFromClauseAccessImpl.java:98] Registration of TableGroup [StandardTableGroup(franco.maurizio.hr.desk.com.persistence.entity.CandidateStates(961691775781619))] with identifierForTableGroup [franco.maurizio.hr.desk.com.persistence.entity.CandidateStates] for NavigablePath [franco.maurizio.hr.desk.com.persistence.entity.CandidateStates] 
2023-11-24 12:36:47,815 TRACE o.h.q.s.s.BaseSqmToSqlAstConverter [BaseSqmToSqlAstConverter.java:3179] Visiting explicit joins for `franco.maurizio.hr.desk.com.persistence.entity.CandidateStates(961691775781619)`
2023-11-24 12:36:47,815 TRACE o.h.q.s.s.BaseSqmToSqlAstConverter [BaseSqmToSqlAstConverter.java:3820] SqmRoot [franco.maurizio.hr.desk.com.persistence.entity.CandidateStates] resolved to existing TableGroup [StandardTableGroup(franco.maurizio.hr.desk.com.persistence.entity.CandidateStates(961691775781619))]
2023-11-24 12:36:47,817 DEBUG o.h.o.r.g.AST [DomainResultGraphPrinter.java:67] DomainResult Graph:
 \-EntityResultImpl [franco.maurizio.hr.desk.com.persistence.entity.CandidateStates(961691775781619)]
 |  +-BasicFetch [franco.maurizio.hr.desk.com.persistence.entity.CandidateStates(961691775781619).roleId]
 |  +-BasicFetch [franco.maurizio.hr.desk.com.persistence.entity.CandidateStates(961691775781619).statusCode]
 |  +-BasicFetch [franco.maurizio.hr.desk.com.persistence.entity.CandidateStates(961691775781619).statusColor]
 |  +-BasicFetch [franco.maurizio.hr.desk.com.persistence.entity.CandidateStates(961691775781619).statusDescription]
 |  \-BasicFetch [franco.maurizio.hr.desk.com.persistence.entity.CandidateStates(961691775781619).statusLabel]

2023-11-24 12:36:47,817 TRACE o.h.o.r.g.AST [DomainResultGraphPrinter.java:70] Stack trace calling DomainResultGraphPrinter
java.lang.Exception: null
	at org.hibernate.sql.results.graph.DomainResultGraphPrinter.visitDomainResults(DomainResultGraphPrinter.java:70)
	at org.hibernate.sql.results.graph.DomainResultGraphPrinter.logDomainResultGraph(DomainResultGraphPrinter.java:46)
	at org.hibernate.sql.results.graph.DomainResultGraphPrinter.logDomainResultGraph(DomainResultGraphPrinter.java:37)
	at org.hibernate.sql.ast.spi.AbstractSqlAstTranslator.translateSelect(AbstractSqlAstTranslator.java:848)
	at org.hibernate.sql.ast.spi.AbstractSqlAstTranslator.translate(AbstractSqlAstTranslator.java:801)
	at org.hibernate.query.sqm.internal.ConcreteSqmSelectQueryPlan.buildCacheableSqmInterpretation(ConcreteSqmSelectQueryPlan.java:372)
	at org.hibernate.query.sqm.internal.ConcreteSqmSelectQueryPlan.withCacheableSqmInterpretation(ConcreteSqmSelectQueryPlan.java:268)
	at org.hibernate.query.sqm.internal.ConcreteSqmSelectQueryPlan.performList(ConcreteSqmSelectQueryPlan.java:244)
	at org.hibernate.query.sqm.internal.QuerySqmImpl.doList(QuerySqmImpl.java:518)
	at org.hibernate.query.spi.AbstractSelectionQuery.list(AbstractSelectionQuery.java:367)
	at org.hibernate.query.Query.getResultList(Query.java:119)
	at org.springframework.data.jpa.repository.support.SimpleJpaRepository.findAll(SimpleJpaRepository.java:383)
	at org.springframework.data.jpa.repository.support.SimpleJpaRepository.deleteAll(SimpleJpaRepository.java:283)
	at java.base/jdk.internal.reflect.NativeMethodAccessorImpl.invoke0(Native Method)
	at java.base/jdk.internal.reflect.NativeMethodAccessorImpl.invoke(NativeMethodAccessorImpl.java:77)
	at java.base/jdk.internal.reflect.DelegatingMethodAccessorImpl.invoke(DelegatingMethodAccessorImpl.java:43)
	at java.base/java.lang.reflect.Method.invoke(Method.java:568)
	at org.springframework.data.repository.core.support.RepositoryMethodInvoker$RepositoryFragmentMethodInvoker.lambda$new$0(RepositoryMethodInvoker.java:288)
	at org.springframework.data.repository.core.support.RepositoryMethodInvoker.doInvoke(RepositoryMethodInvoker.java:136)
	at org.springframework.data.repository.core.support.RepositoryMethodInvoker.invoke(RepositoryMethodInvoker.java:120)
	at org.springframework.data.repository.core.support.RepositoryComposition$RepositoryFragments.invoke(RepositoryComposition.java:516)
	at org.springframework.data.repository.core.support.RepositoryComposition.invoke(RepositoryComposition.java:285)
	at org.springframework.data.repository.core.support.RepositoryFactorySupport$ImplementationMethodExecutionInterceptor.invoke(RepositoryFactorySupport.java:628)
	at org.springframework.aop.framework.ReflectiveMethodInvocation.proceed(ReflectiveMethodInvocation.java:184)
	at org.springframework.data.repository.core.support.QueryExecutorMethodInterceptor.doInvoke(QueryExecutorMethodInterceptor.java:168)
	at org.springframework.data.repository.core.support.QueryExecutorMethodInterceptor.invoke(QueryExecutorMethodInterceptor.java:143)
	at org.springframework.aop.framework.ReflectiveMethodInvocation.proceed(ReflectiveMethodInvocation.java:184)
	at org.springframework.data.projection.DefaultMethodInvokingMethodInterceptor.invoke(DefaultMethodInvokingMethodInterceptor.java:72)
	at org.springframework.aop.framework.ReflectiveMethodInvocation.proceed(ReflectiveMethodInvocation.java:184)
	at org.springframework.transaction.interceptor.TransactionInterceptor$1.proceedWithInvocation(TransactionInterceptor.java:123)
	at org.springframework.transaction.interceptor.TransactionAspectSupport.invokeWithinTransaction(TransactionAspectSupport.java:391)
	at org.springframework.transaction.interceptor.TransactionInterceptor.invoke(TransactionInterceptor.java:119)
	at org.springframework.aop.framework.ReflectiveMethodInvocation.proceed(ReflectiveMethodInvocation.java:184)
	at org.springframework.dao.support.PersistenceExceptionTranslationInterceptor.invoke(PersistenceExceptionTranslationInterceptor.java:137)
	at org.springframework.aop.framework.ReflectiveMethodInvocation.proceed(ReflectiveMethodInvocation.java:184)
	at org.springframework.data.jpa.repository.support.CrudMethodMetadataPostProcessor$CrudMethodMetadataPopulatingMethodInterceptor.invoke(CrudMethodMetadataPostProcessor.java:164)
	at org.springframework.aop.framework.ReflectiveMethodInvocation.proceed(ReflectiveMethodInvocation.java:184)
	at org.springframework.aop.interceptor.ExposeInvocationInterceptor.invoke(ExposeInvocationInterceptor.java:97)
	at org.springframework.aop.framework.ReflectiveMethodInvocation.proceed(ReflectiveMethodInvocation.java:184)
	at org.springframework.aop.framework.JdkDynamicAopProxy.invoke(JdkDynamicAopProxy.java:244)
	at jdk.proxy2/jdk.proxy2.$Proxy202.deleteAll(Unknown Source)
	at franco.maurizio.hr.desk.com.service.CandidateStateService.deleteAll(CandidateStateService.java:29)
	at franco.maurizio.hr.desk.com.integration.controller.CandidateCustomControllerIntegrationTests.initializeRelatedTables(CandidateCustomControllerIntegrationTests.java:76)
	at java.base/jdk.internal.reflect.NativeMethodAccessorImpl.invoke0(Native Method)
	at java.base/jdk.internal.reflect.NativeMethodAccessorImpl.invoke(NativeMethodAccessorImpl.java:77)
	at java.base/jdk.internal.reflect.DelegatingMethodAccessorImpl.invoke(DelegatingMethodAccessorImpl.java:43)
	at java.base/java.lang.reflect.Method.invoke(Method.java:568)
	at org.junit.platform.commons.util.ReflectionUtils.invokeMethod(ReflectionUtils.java:727)
	at org.junit.jupiter.engine.execution.MethodInvocation.proceed(MethodInvocation.java:60)
	at org.junit.jupiter.engine.execution.InvocationInterceptorChain$ValidatingInvocation.proceed(InvocationInterceptorChain.java:131)
	at org.junit.jupiter.engine.extension.TimeoutExtension.intercept(TimeoutExtension.java:156)
	at org.junit.jupiter.engine.extension.TimeoutExtension.interceptLifecycleMethod(TimeoutExtension.java:128)
	at org.junit.jupiter.engine.extension.TimeoutExtension.interceptBeforeEachMethod(TimeoutExtension.java:78)
	at org.junit.jupiter.engine.execution.InterceptingExecutableInvoker$ReflectiveInterceptorCall.lambda$ofVoidMethod$0(InterceptingExecutableInvoker.java:103)
	at org.junit.jupiter.engine.execution.InterceptingExecutableInvoker.lambda$invoke$0(InterceptingExecutableInvoker.java:93)
	at org.junit.jupiter.engine.execution.InvocationInterceptorChain$InterceptedInvocation.proceed(InvocationInterceptorChain.java:106)
	at org.junit.jupiter.engine.execution.InvocationInterceptorChain.proceed(InvocationInterceptorChain.java:64)
	at org.junit.jupiter.engine.execution.InvocationInterceptorChain.chainAndInvoke(InvocationInterceptorChain.java:45)
	at org.junit.jupiter.engine.execution.InvocationInterceptorChain.invoke(InvocationInterceptorChain.java:37)
	at org.junit.jupiter.engine.execution.InterceptingExecutableInvoker.invoke(InterceptingExecutableInvoker.java:92)
	at org.junit.jupiter.engine.execution.InterceptingExecutableInvoker.invoke(InterceptingExecutableInvoker.java:86)
	at org.junit.jupiter.engine.descriptor.ClassBasedTestDescriptor.invokeMethodInExtensionContext(ClassBasedTestDescriptor.java:520)
	at org.junit.jupiter.engine.descriptor.ClassBasedTestDescriptor.lambda$synthesizeBeforeEachMethodAdapter$23(ClassBasedTestDescriptor.java:505)
	at org.junit.jupiter.engine.descriptor.TestMethodTestDescriptor.lambda$invokeBeforeEachMethods$3(TestMethodTestDescriptor.java:174)
	at org.junit.jupiter.engine.descriptor.TestMethodTestDescriptor.lambda$invokeBeforeMethodsOrCallbacksUntilExceptionOccurs$6(TestMethodTestDescriptor.java:202)
	at org.junit.platform.engine.support.hierarchical.ThrowableCollector.execute(ThrowableCollector.java:73)
	at org.junit.jupiter.engine.descriptor.TestMethodTestDescriptor.invokeBeforeMethodsOrCallbacksUntilExceptionOccurs(TestMethodTestDescriptor.java:202)
	at org.junit.jupiter.engine.descriptor.TestMethodTestDescriptor.invokeBeforeEachMethods(TestMethodTestDescriptor.java:171)
	at org.junit.jupiter.engine.descriptor.TestMethodTestDescriptor.execute(TestMethodTestDescriptor.java:134)
	at org.junit.jupiter.engine.descriptor.TestMethodTestDescriptor.execute(TestMethodTestDescriptor.java:68)
	at org.junit.platform.engine.support.hierarchical.NodeTestTask.lambda$executeRecursively$6(NodeTestTask.java:151)
	at org.junit.platform.engine.support.hierarchical.ThrowableCollector.execute(ThrowableCollector.java:73)
	at org.junit.platform.engine.support.hierarchical.NodeTestTask.lambda$executeRecursively$8(NodeTestTask.java:141)
	at org.junit.platform.engine.support.hierarchical.Node.around(Node.java:137)
	at org.junit.platform.engine.support.hierarchical.NodeTestTask.lambda$executeRecursively$9(NodeTestTask.java:139)
	at org.junit.platform.engine.support.hierarchical.ThrowableCollector.execute(ThrowableCollector.java:73)
	at org.junit.platform.engine.support.hierarchical.NodeTestTask.executeRecursively(NodeTestTask.java:138)
	at org.junit.platform.engine.support.hierarchical.NodeTestTask.execute(NodeTestTask.java:95)
	at java.base/java.util.ArrayList.forEach(ArrayList.java:1511)
	at org.junit.platform.engine.support.hierarchical.SameThreadHierarchicalTestExecutorService.invokeAll(SameThreadHierarchicalTestExecutorService.java:41)
	at org.junit.platform.engine.support.hierarchical.NodeTestTask.lambda$executeRecursively$6(NodeTestTask.java:155)
	at org.junit.platform.engine.support.hierarchical.ThrowableCollector.execute(ThrowableCollector.java:73)
	at org.junit.platform.engine.support.hierarchical.NodeTestTask.lambda$executeRecursively$8(NodeTestTask.java:141)
	at org.junit.platform.engine.support.hierarchical.Node.around(Node.java:137)
	at org.junit.platform.engine.support.hierarchical.NodeTestTask.lambda$executeRecursively$9(NodeTestTask.java:139)
	at org.junit.platform.engine.support.hierarchical.ThrowableCollector.execute(ThrowableCollector.java:73)
	at org.junit.platform.engine.support.hierarchical.NodeTestTask.executeRecursively(NodeTestTask.java:138)
	at org.junit.platform.engine.support.hierarchical.NodeTestTask.execute(NodeTestTask.java:95)
	at java.base/java.util.ArrayList.forEach(ArrayList.java:1511)
	at org.junit.platform.engine.support.hierarchical.SameThreadHierarchicalTestExecutorService.invokeAll(SameThreadHierarchicalTestExecutorService.java:41)
	at org.junit.platform.engine.support.hierarchical.NodeTestTask.lambda$executeRecursively$6(NodeTestTask.java:155)
	at org.junit.platform.engine.support.hierarchical.ThrowableCollector.execute(ThrowableCollector.java:73)
	at org.junit.platform.engine.support.hierarchical.NodeTestTask.lambda$executeRecursively$8(NodeTestTask.java:141)
	at org.junit.platform.engine.support.hierarchical.Node.around(Node.java:137)
	at org.junit.platform.engine.support.hierarchical.NodeTestTask.lambda$executeRecursively$9(NodeTestTask.java:139)
	at org.junit.platform.engine.support.hierarchical.ThrowableCollector.execute(ThrowableCollector.java:73)
	at org.junit.platform.engine.support.hierarchical.NodeTestTask.executeRecursively(NodeTestTask.java:138)
	at org.junit.platform.engine.support.hierarchical.NodeTestTask.execute(NodeTestTask.java:95)
	at org.junit.platform.engine.support.hierarchical.SameThreadHierarchicalTestExecutorService.submit(SameThreadHierarchicalTestExecutorService.java:35)
	at org.junit.platform.engine.support.hierarchical.HierarchicalTestExecutor.execute(HierarchicalTestExecutor.java:57)
	at org.junit.platform.engine.support.hierarchical.HierarchicalTestEngine.execute(HierarchicalTestEngine.java:54)
	at org.junit.platform.launcher.core.EngineExecutionOrchestrator.execute(EngineExecutionOrchestrator.java:147)
	at org.junit.platform.launcher.core.EngineExecutionOrchestrator.execute(EngineExecutionOrchestrator.java:127)
	at org.junit.platform.launcher.core.EngineExecutionOrchestrator.execute(EngineExecutionOrchestrator.java:90)
	at org.junit.platform.launcher.core.EngineExecutionOrchestrator.lambda$execute$0(EngineExecutionOrchestrator.java:55)
	at org.junit.platform.launcher.core.EngineExecutionOrchestrator.withInterceptedStreams(EngineExecutionOrchestrator.java:102)
	at org.junit.platform.launcher.core.EngineExecutionOrchestrator.execute(EngineExecutionOrchestrator.java:54)
	at org.junit.platform.launcher.core.DefaultLauncher.execute(DefaultLauncher.java:114)
	at org.junit.platform.launcher.core.DefaultLauncher.execute(DefaultLauncher.java:86)
	at org.junit.platform.launcher.core.DefaultLauncherSession$DelegatingLauncher.execute(DefaultLauncherSession.java:86)
	at org.apache.maven.surefire.junitplatform.LazyLauncher.execute(LazyLauncher.java:50)
	at org.apache.maven.surefire.junitplatform.JUnitPlatformProvider.execute(JUnitPlatformProvider.java:184)
	at org.apache.maven.surefire.junitplatform.JUnitPlatformProvider.invokeAllTests(JUnitPlatformProvider.java:148)
	at org.apache.maven.surefire.junitplatform.JUnitPlatformProvider.invoke(JUnitPlatformProvider.java:122)
	at org.apache.maven.surefire.booter.ForkedBooter.runSuitesInProcess(ForkedBooter.java:385)
	at org.apache.maven.surefire.booter.ForkedBooter.execute(ForkedBooter.java:162)
	at org.apache.maven.surefire.booter.ForkedBooter.run(ForkedBooter.java:507)
	at org.apache.maven.surefire.booter.ForkedBooter.main(ForkedBooter.java:495)
2023-11-24 12:36:47,818 DEBUG o.h.o.s.a.tree [SqlTreePrinter.java:46] SQL AST Tree:
    SelectStatement {
      FromClause {
        StandardTableGroup (c1 : franco.maurizio.hr.desk.com.persistence.entity.CandidateStates(961691775781619)) {
          primaryTableReference : candidate_states as c1_0
        }
      }
    }

2023-11-24 12:36:47,819 DEBUG o.h.o.s.exec [JdbcSelectExecutorStandardImpl.java:455] Skipping reading Query result cache data: cache-enabled = false, cache-mode = NORMAL
2023-11-24 12:36:47,820 TRACE o.h.o.results [ResultsHelper.java:117] Registering initializer : EntityResultInitializer(franco.maurizio.hr.desk.com.persistence.entity.CandidateStates(961691775781619))
2023-11-24 12:36:47,820 DEBUG o.h.o.results [NavigablePathMapToInitializer.java:76] Initializer list:
	  franco.maurizio.hr.desk.com.persistence.entity.CandidateStates(961691775781619) -> EntityResultInitializer(franco.maurizio.hr.desk.com.persistence.entity.CandidateStates(961691775781619))@1690183832 (SingleTableEntityPersister(franco.maurizio.hr.desk.com.persistence.entity.CandidateStates))

2023-11-24 12:36:47,821 TRACE o.h.s.r.j.i.DeferredResultSetAccess [DeferredResultSetAccess.java:224] Executing query to retrieve ResultSet : select c1_0.id,c1_0.role_id,c1_0.status_code,c1_0.status_color,c1_0.status_description,c1_0.status_label from candidate_states c1_0
2023-11-24 12:36:47,821 DEBUG o.h.SQL [SqlStatementLogger.java:133] select c1_0.id,c1_0.role_id,c1_0.status_code,c1_0.status_color,c1_0.status_description,c1_0.status_label from candidate_states c1_0
Hibernate: select c1_0.id,c1_0.role_id,c1_0.status_code,c1_0.status_color,c1_0.status_description,c1_0.status_label from candidate_states c1_0
2023-11-24 12:36:47,822 TRACE o.h.r.j.i.ResourceRegistryStandardImpl [ResourceRegistryStandardImpl.java:82] Registering statement [HikariProxyPreparedStatement@2006154512 wrapping com.mysql.cj.jdbc.ClientPreparedStatement: select c1_0.id,c1_0.role_id,c1_0.status_code,c1_0.status_color,c1_0.status_description,c1_0.status_label from candidate_states c1_0]
2023-11-24 12:36:47,822 TRACE o.h.e.j.i.JdbcCoordinatorImpl [JdbcCoordinatorImpl.java:322] Registering last query statement [HikariProxyPreparedStatement@2006154512 wrapping com.mysql.cj.jdbc.ClientPreparedStatement: select c1_0.id,c1_0.role_id,c1_0.status_code,c1_0.status_color,c1_0.status_description,c1_0.status_label from candidate_states c1_0]
2023-11-24 12:36:47,824 TRACE o.h.r.j.i.ResourceRegistryStandardImpl [ResourceRegistryStandardImpl.java:221] Registering result set [HikariProxyResultSet@905116581 wrapping com.mysql.cj.jdbc.result.ResultSetImpl@4cb79101]
2023-11-24 12:36:47,825 TRACE o.h.r.j.i.AbstractLogicalConnectionImplementor [AbstractLogicalConnectionImplementor.java:48] LogicalConnection#afterStatement
2023-11-24 12:36:47,825 TRACE o.h.o.j.extract [JdbcExtractingLogging.java:24] extracted value ([1] : [BIGINT]) - [77]
2023-11-24 12:36:47,826 TRACE o.h.o.j.extract [JdbcExtractingLogging.java:24] extracted value ([2] : [BIGINT]) - [184]
2023-11-24 12:36:47,826 TRACE o.h.o.j.extract [JdbcExtractingLogging.java:24] extracted value ([3] : [INTEGER]) - [100]
2023-11-24 12:36:47,826 TRACE o.h.o.j.extract [JdbcExtractingLogging.java:24] extracted value ([4] : [VARCHAR]) - [#FF0000]
2023-11-24 12:36:47,827 TRACE o.h.o.j.extract [JdbcExtractingLogging.java:24] extracted value ([5] : [VARCHAR]) - [a status description]
2023-11-24 12:36:47,827 TRACE o.h.o.j.extract [JdbcExtractingLogging.java:24] extracted value ([6] : [VARCHAR]) - [a status label]
2023-11-24 12:36:47,827 TRACE o.h.o.r.loading [StandardRowReader.java:85] StandardRowReader#readRow
2023-11-24 12:36:47,828 TRACE o.h.o.r.l.entity [AbstractEntityInitializer.java:277] (o.h.s.r.g.e.i.EntityResultInitializer) Beginning Initializer#resolveKey process for entity : franco.maurizio.hr.desk.com.persistence.entity.CandidateStates(961691775781619)
2023-11-24 12:36:47,828 DEBUG o.h.o.results [BasicResultAssembler.java:61] Extracted JDBC value [0] - [77]
2023-11-24 12:36:47,829 DEBUG o.h.o.r.l.entity [AbstractEntityInitializer.java:300] (EntityResultInitializer) Hydrated EntityKey (franco.maurizio.hr.desk.com.persistence.entity.CandidateStates(961691775781619)): 77
2023-11-24 12:36:47,829 TRACE o.h.o.r.l.entity [AbstractEntityInitializer.java:491] (o.h.s.r.g.e.i.EntityResultInitializer) Beginning Initializer#resolveInstance process for entity (franco.maurizio.hr.desk.com.persistence.entity.CandidateStates(961691775781619)) : 77
2023-11-24 12:36:47,829 DEBUG o.h.o.r.l.entity [AbstractEntityInitializer.java:689] (EntityResultInitializer) Created new entity instance [franco.maurizio.hr.desk.com.persistence.entity.CandidateStates(961691775781619)#77] : 1507363559
2023-11-24 12:36:47,830 TRACE o.h.o.r.l.entity [AbstractEntityInitializer.java:833] (EntityResultInitializer) Beginning Initializer#initializeInstance process for entity franco.maurizio.hr.desk.com.persistence.entity.CandidateStates(961691775781619)#77
2023-11-24 12:36:47,830 DEBUG o.h.o.results [BasicResultAssembler.java:61] Extracted JDBC value [1] - [184]
2023-11-24 12:36:47,831 DEBUG o.h.o.results [BasicResultAssembler.java:61] Extracted JDBC value [2] - [100]
2023-11-24 12:36:47,831 DEBUG o.h.o.results [BasicResultAssembler.java:61] Extracted JDBC value [3] - [#FF0000]
2023-11-24 12:36:47,831 DEBUG o.h.o.results [BasicResultAssembler.java:61] Extracted JDBC value [4] - [a status description]
2023-11-24 12:36:47,832 DEBUG o.h.o.results [BasicResultAssembler.java:61] Extracted JDBC value [5] - [a status label]
2023-11-24 12:36:47,833 DEBUG o.h.o.r.l.entity [AbstractEntityInitializer.java:889] (EntityResultInitializer) Done materializing entityInstance : franco.maurizio.hr.desk.com.persistence.entity.CandidateStates(961691775781619)#77
2023-11-24 12:36:47,834 DEBUG o.h.o.r.loading [StandardRowReader.java:93] Calling top-level assembler (0 / 1) : org.hibernate.sql.results.graph.entity.internal.EntityAssembler@17c2edee
2023-11-24 12:36:47,834 TRACE o.h.o.r.loading [StandardRowReader.java:103] StandardRowReader#afterRow
2023-11-24 12:36:47,835 TRACE o.h.r.j.i.ResourceRegistryStandardImpl [ResourceRegistryStandardImpl.java:117] Releasing result set [HikariProxyResultSet@905116581 wrapping com.mysql.cj.jdbc.result.ResultSetImpl@4cb79101]
2023-11-24 12:36:47,835 TRACE o.h.r.j.i.ResourceRegistryStandardImpl [ResourceRegistryStandardImpl.java:169] Closing result set [HikariProxyResultSet@905116581 wrapping com.mysql.cj.jdbc.result.ResultSetImpl@4cb79101]
2023-11-24 12:36:47,835 TRACE o.h.r.j.i.ResourceRegistryStandardImpl [ResourceRegistryStandardImpl.java:96] Releasing statement [HikariProxyPreparedStatement@2006154512 wrapping com.mysql.cj.jdbc.ClientPreparedStatement: select c1_0.id,c1_0.role_id,c1_0.status_code,c1_0.status_color,c1_0.status_description,c1_0.status_label from candidate_states c1_0]
2023-11-24 12:36:47,836 TRACE o.h.r.j.i.ResourceRegistryStandardImpl [ResourceRegistryStandardImpl.java:187] Closing prepared statement [HikariProxyPreparedStatement@2006154512 wrapping com.mysql.cj.jdbc.ClientPreparedStatement: select c1_0.id,c1_0.role_id,c1_0.status_code,c1_0.status_color,c1_0.status_description,c1_0.status_label from candidate_states c1_0]
2023-11-24 12:36:47,837 TRACE o.h.e.i.StatefulPersistenceContext [StatefulPersistenceContext.java:976] Initializing non-lazy collections
2023-11-24 12:36:47,837 DEBUG o.h.j.i.PersistenceUnitUtilImpl [PersistenceUnitUtilImpl.java:89] jakarta.persistence.PersistenceUnitUtil.getIdentifier is only intended to work with enhanced entities (although Hibernate also adapts this support to its proxies); however the passed entity was not enhanced (nor a proxy).. may not be able to read identifier
2023-11-24 12:36:47,837 DEBUG o.h.j.i.PersistenceUnitUtilImpl [PersistenceUnitUtilImpl.java:89] jakarta.persistence.PersistenceUnitUtil.getIdentifier is only intended to work with enhanced entities (although Hibernate also adapts this support to its proxies); however the passed entity was not enhanced (nor a proxy).. may not be able to read identifier
2023-11-24 12:36:47,838 TRACE o.h.e.i.DefaultLoadEventListener [DefaultLoadEventListener.java:228] Loading entity: [franco.maurizio.hr.desk.com.persistence.entity.CandidateStates#77]
2023-11-24 12:36:47,838 TRACE o.h.e.i.DefaultLoadEventListener [DefaultLoadEventListener.java:502] Attempting to resolve: [franco.maurizio.hr.desk.com.persistence.entity.CandidateStates#77]
2023-11-24 12:36:47,839 TRACE o.h.e.i.DefaultDeleteEventListener [DefaultDeleteEventListener.java:211] Deleting a persistent instance
2023-11-24 12:36:47,839 TRACE o.h.e.i.DefaultDeleteEventListener [DefaultDeleteEventListener.java:363] Deleting [franco.maurizio.hr.desk.com.persistence.entity.CandidateStates#77]
2023-11-24 12:36:47,841 DEBUG o.h.e.t.i.TransactionImpl [TransactionImpl.java:98] committing
2023-11-24 12:36:47,841 TRACE o.h.r.t.b.j.i.JdbcResourceLocalTransactionCoordinatorImpl [JdbcResourceLocalTransactionCoordinatorImpl.java:167] ResourceLocalTransactionCoordinatorImpl#beforeCompletionCallback
2023-11-24 12:36:47,841 TRACE o.h.i.SessionImpl [SessionImpl.java:1965] SessionImpl#beforeTransactionCompletion()
2023-11-24 12:36:47,841 TRACE o.h.i.SessionImpl [SessionImpl.java:484] Automatically flushing session
2023-11-24 12:36:47,841 TRACE o.h.e.i.AbstractFlushingEventListener [AbstractFlushingEventListener.java:72] Flushing session
2023-11-24 12:36:47,842 DEBUG o.h.e.i.AbstractFlushingEventListener [AbstractFlushingEventListener.java:136] Processing flush-time cascades
2023-11-24 12:36:47,842 DEBUG o.h.e.i.AbstractFlushingEventListener [AbstractFlushingEventListener.java:185] Dirty checking collections
2023-11-24 12:36:47,842 TRACE o.h.e.i.AbstractFlushingEventListener [AbstractFlushingEventListener.java:197] Flushing entities and processing referenced collections
2023-11-24 12:36:47,842 TRACE o.h.e.i.AbstractFlushingEventListener [AbstractFlushingEventListener.java:264] Processing unreferenced collections
2023-11-24 12:36:47,842 TRACE o.h.e.i.AbstractFlushingEventListener [AbstractFlushingEventListener.java:277] Scheduling collection removes/(re)creates/updates
2023-11-24 12:36:47,843 DEBUG o.h.e.i.AbstractFlushingEventListener [AbstractFlushingEventListener.java:110] Flushed: 0 insertions, 0 updates, 1 deletions to 1 objects
2023-11-24 12:36:47,843 DEBUG o.h.e.i.AbstractFlushingEventListener [AbstractFlushingEventListener.java:117] Flushed: 0 (re)creations, 0 updates, 0 removals to 0 collections
2023-11-24 12:36:47,843 DEBUG o.h.i.u.EntityPrinter [EntityPrinter.java:111] Listing entities:
2023-11-24 12:36:47,843 DEBUG o.h.i.u.EntityPrinter [EntityPrinter.java:118] franco.maurizio.hr.desk.com.persistence.entity.CandidateStates{statusDescription=a status description, statusColor=#FF0000, roleId=184, id=77, statusLabel=a status label, statusCode=100}
2023-11-24 12:36:47,844 TRACE o.h.e.i.AbstractFlushingEventListener [AbstractFlushingEventListener.java:349] Executing flush
2023-11-24 12:36:47,844 TRACE o.h.r.j.i.ResourceRegistryStandardImpl [ResourceRegistryStandardImpl.java:82] Registering statement [HikariProxyPreparedStatement@1391108669 wrapping com.mysql.cj.jdbc.ClientPreparedStatement: delete from candidate_states where id=** NOT SPECIFIED **]
2023-11-24 12:36:47,845 TRACE o.h.r.j.i.ResourceRegistryStandardImpl [ResourceRegistryStandardImpl.java:221] Registering result set [null]
2023-11-24 12:36:47,845 DEBUG o.h.SQL [SqlStatementLogger.java:133] delete from candidate_states where id=?
Hibernate: delete from candidate_states where id=?
2023-11-24 12:36:47,845 TRACE o.h.o.j.bind [JdbcBindingLogging.java:25] binding parameter [1] as [BIGINT] - [77]
2023-11-24 12:36:47,847 TRACE o.h.r.j.i.ResourceRegistryStandardImpl [ResourceRegistryStandardImpl.java:96] Releasing statement [HikariProxyPreparedStatement@1391108669 wrapping com.mysql.cj.jdbc.ClientPreparedStatement: delete from candidate_states where id=77]
2023-11-24 12:36:47,847 TRACE o.h.r.j.i.ResourceRegistryStandardImpl [ResourceRegistryStandardImpl.java:169] Closing result set [null]
2023-11-24 12:36:47,847 TRACE o.h.r.j.i.ResourceRegistryStandardImpl [ResourceRegistryStandardImpl.java:187] Closing prepared statement [HikariProxyPreparedStatement@1391108669 wrapping com.mysql.cj.jdbc.ClientPreparedStatement: delete from candidate_states where id=77]
2023-11-24 12:36:47,848 TRACE o.h.e.j.i.JdbcCoordinatorImpl [JdbcCoordinatorImpl.java:270] Starting after statement execution processing [ON_CLOSE]
2023-11-24 12:36:47,848 TRACE o.h.e.i.AbstractFlushingEventListener [AbstractFlushingEventListener.java:384] Post flush
2023-11-24 12:36:47,848 TRACE o.h.r.j.i.AbstractLogicalConnectionImplementor [AbstractLogicalConnectionImplementor.java:53] LogicalConnection#beforeTransactionCompletion
2023-11-24 12:36:47,848 TRACE o.h.r.t.i.SynchronizationRegistryStandardImpl [SynchronizationRegistryStandardImpl.java:55] SynchronizationRegistryStandardImpl.notifySynchronizationsBeforeTransactionCompletion
2023-11-24 12:36:47,848 TRACE o.h.r.j.i.AbstractLogicalConnectionImplementor [AbstractLogicalConnectionImplementor.java:85] Preparing to commit transaction via JDBC Connection.commit()
2023-11-24 12:36:47,850 TRACE o.h.r.j.i.AbstractLogicalConnectionImplementor [AbstractLogicalConnectionImplementor.java:88] Transaction committed via JDBC Connection.commit()
2023-11-24 12:36:47,850 TRACE o.h.r.j.i.AbstractLogicalConnectionImplementor [AbstractLogicalConnectionImplementor.java:105] re-enabling auto-commit on JDBC Connection after completion of JDBC-based transaction
2023-11-24 12:36:47,850 TRACE o.h.r.j.i.AbstractLogicalConnectionImplementor [AbstractLogicalConnectionImplementor.java:58] LogicalConnection#afterTransaction
2023-11-24 12:36:47,850 TRACE o.h.r.j.i.ResourceRegistryStandardImpl [ResourceRegistryStandardImpl.java:329] Releasing JDBC resources
2023-11-24 12:36:47,851 TRACE o.h.r.t.b.j.i.JdbcResourceLocalTransactionCoordinatorImpl [JdbcResourceLocalTransactionCoordinatorImpl.java:185] ResourceLocalTransactionCoordinatorImpl#afterCompletionCallback(true)
2023-11-24 12:36:47,851 TRACE o.h.r.t.i.SynchronizationRegistryStandardImpl [DelegatingBasicLogger.java:158] SynchronizationRegistryStandardImpl.notifySynchronizationsAfterTransactionCompletion(3)
2023-11-24 12:36:47,851 TRACE o.h.i.SessionImpl [SessionImpl.java:1980] SessionImpl#afterTransactionCompletion(successful=true, delayed=false)
2023-11-24 12:36:47,851 TRACE o.h.i.SessionImpl [SessionImpl.java:402] Closing session [4a9df86e-0da2-49f6-be69-1a89027246ab]
2023-11-24 12:36:47,851 TRACE o.h.e.j.i.JdbcCoordinatorImpl [JdbcCoordinatorImpl.java:152] Closing JDBC container [org.hibernate.engine.jdbc.internal.JdbcCoordinatorImpl@7aee0c28]
2023-11-24 12:36:47,851 TRACE o.h.r.j.i.ResourceRegistryStandardImpl [ResourceRegistryStandardImpl.java:329] Releasing JDBC resources
2023-11-24 12:36:47,851 TRACE o.h.r.j.i.LogicalConnectionManagedImpl [LogicalConnectionManagedImpl.java:256] Closing logical connection
2023-11-24 12:36:47,851 TRACE o.h.r.j.i.ResourceRegistryStandardImpl [ResourceRegistryStandardImpl.java:329] Releasing JDBC resources
2023-11-24 12:36:47,852 TRACE o.h.r.j.i.LogicalConnectionManagedImpl [LogicalConnectionManagedImpl.java:263] Logical connection closed
2023-11-24 12:36:47,852 DEBUG f.m.h.d.c.s.CoursePageService [CoursePageService.java:232] deleteAll - START
2023-11-24 12:36:47,853 TRACE o.h.i.SessionFactoryImpl$SessionBuilderImpl [SessionFactoryImpl.java:1298] Opening Hibernate Session.  tenant=null
2023-11-24 12:36:47,853 TRACE o.h.i.SessionImpl [SessionImpl.java:262] Opened Session [5be63c8b-838d-49f7-af17-d38ef4e8586c] at timestamp: 1700825807853
2023-11-24 12:36:47,853 DEBUG o.h.e.t.i.TransactionImpl [TransactionImpl.java:53] On TransactionImpl creation, JpaCompliance#isJpaTransactionComplianceEnabled == false
2023-11-24 12:36:47,853 DEBUG o.h.e.t.i.TransactionImpl [TransactionImpl.java:81] begin
2023-11-24 12:36:47,853 TRACE o.h.r.j.i.AbstractLogicalConnectionImplementor [AbstractLogicalConnectionImplementor.java:71] Preparing to begin transaction via JDBC Connection.setAutoCommit(false)
2023-11-24 12:36:47,854 TRACE o.h.r.j.i.AbstractLogicalConnectionImplementor [AbstractLogicalConnectionImplementor.java:73] Transaction begun via JDBC Connection.setAutoCommit(false)
2023-11-24 12:36:47,854 TRACE o.h.r.t.b.j.i.JdbcResourceLocalTransactionCoordinatorImpl [JdbcResourceLocalTransactionCoordinatorImpl.java:163] ResourceLocalTransactionCoordinatorImpl#afterBeginCallback
2023-11-24 12:36:47,855 TRACE o.h.q.s.s.BaseSqmToSqlAstConverter [BaseSqmToSqlAstConverter.java:2577] Resolving SqmRoot [franco.maurizio.hr.desk.com.persistence.entity.CoursePage] to TableGroup
2023-11-24 12:36:47,855 TRACE o.h.q.s.s.BaseSqmToSqlAstConverter [BaseSqmToSqlAstConverter.java:2744] Resolving SqmRoot [franco.maurizio.hr.desk.com.persistence.entity.CoursePage] to TableGroup
2023-11-24 12:36:47,856 DEBUG o.h.o.s.a.create [SqlAliasBaseImpl.java:33] Created new SQL alias : c1_0
2023-11-24 12:36:47,856 TRACE o.h.q.s.s.BaseSqmToSqlAstConverter [BaseSqmToSqlAstConverter.java:2811] Resolved SqmRoot [franco.maurizio.hr.desk.com.persistence.entity.CoursePage] to new TableGroup [StandardTableGroup(franco.maurizio.hr.desk.com.persistence.entity.CoursePage(961691818589703))]
2023-11-24 12:36:47,856 DEBUG o.h.o.s.a.create [SimpleFromClauseAccessImpl.java:98] Registration of TableGroup [StandardTableGroup(franco.maurizio.hr.desk.com.persistence.entity.CoursePage(961691818589703))] with identifierForTableGroup [franco.maurizio.hr.desk.com.persistence.entity.CoursePage] for NavigablePath [franco.maurizio.hr.desk.com.persistence.entity.CoursePage] 
2023-11-24 12:36:47,856 TRACE o.h.q.s.s.BaseSqmToSqlAstConverter [BaseSqmToSqlAstConverter.java:3179] Visiting explicit joins for `franco.maurizio.hr.desk.com.persistence.entity.CoursePage(961691818589703)`
2023-11-24 12:36:47,856 TRACE o.h.q.s.s.BaseSqmToSqlAstConverter [BaseSqmToSqlAstConverter.java:3820] SqmRoot [franco.maurizio.hr.desk.com.persistence.entity.CoursePage] resolved to existing TableGroup [StandardTableGroup(franco.maurizio.hr.desk.com.persistence.entity.CoursePage(961691818589703))]
2023-11-24 12:36:47,857 DEBUG o.h.o.r.g.AST [DomainResultGraphPrinter.java:67] DomainResult Graph:
 \-EntityResultImpl [franco.maurizio.hr.desk.com.persistence.entity.CoursePage(961691818589703)]
 |  +-BasicFetch [franco.maurizio.hr.desk.com.persistence.entity.CoursePage(961691818589703).bodyText]
 |  +-BasicFetch [franco.maurizio.hr.desk.com.persistence.entity.CoursePage(961691818589703).code]
 |  +-BasicFetch [franco.maurizio.hr.desk.com.persistence.entity.CoursePage(961691818589703).created_datetime]
 |  +-BasicFetch [franco.maurizio.hr.desk.com.persistence.entity.CoursePage(961691818589703).fileName]
 |  +-BasicFetch [franco.maurizio.hr.desk.com.persistence.entity.CoursePage(961691818589703).opened_by]
 |  +-BasicFetch [franco.maurizio.hr.desk.com.persistence.entity.CoursePage(961691818589703).statusOpen]
 |  \-BasicFetch [franco.maurizio.hr.desk.com.persistence.entity.CoursePage(961691818589703).title]

2023-11-24 12:36:47,857 TRACE o.h.o.r.g.AST [DomainResultGraphPrinter.java:70] Stack trace calling DomainResultGraphPrinter
java.lang.Exception: null
	at org.hibernate.sql.results.graph.DomainResultGraphPrinter.visitDomainResults(DomainResultGraphPrinter.java:70)
	at org.hibernate.sql.results.graph.DomainResultGraphPrinter.logDomainResultGraph(DomainResultGraphPrinter.java:46)
	at org.hibernate.sql.results.graph.DomainResultGraphPrinter.logDomainResultGraph(DomainResultGraphPrinter.java:37)
	at org.hibernate.sql.ast.spi.AbstractSqlAstTranslator.translateSelect(AbstractSqlAstTranslator.java:848)
	at org.hibernate.sql.ast.spi.AbstractSqlAstTranslator.translate(AbstractSqlAstTranslator.java:801)
	at org.hibernate.query.sqm.internal.ConcreteSqmSelectQueryPlan.buildCacheableSqmInterpretation(ConcreteSqmSelectQueryPlan.java:372)
	at org.hibernate.query.sqm.internal.ConcreteSqmSelectQueryPlan.withCacheableSqmInterpretation(ConcreteSqmSelectQueryPlan.java:268)
	at org.hibernate.query.sqm.internal.ConcreteSqmSelectQueryPlan.performList(ConcreteSqmSelectQueryPlan.java:244)
	at org.hibernate.query.sqm.internal.QuerySqmImpl.doList(QuerySqmImpl.java:518)
	at org.hibernate.query.spi.AbstractSelectionQuery.list(AbstractSelectionQuery.java:367)
	at org.hibernate.query.Query.getResultList(Query.java:119)
	at org.springframework.data.jpa.repository.support.SimpleJpaRepository.findAll(SimpleJpaRepository.java:383)
	at org.springframework.data.jpa.repository.support.SimpleJpaRepository.deleteAll(SimpleJpaRepository.java:283)
	at java.base/jdk.internal.reflect.NativeMethodAccessorImpl.invoke0(Native Method)
	at java.base/jdk.internal.reflect.NativeMethodAccessorImpl.invoke(NativeMethodAccessorImpl.java:77)
	at java.base/jdk.internal.reflect.DelegatingMethodAccessorImpl.invoke(DelegatingMethodAccessorImpl.java:43)
	at java.base/java.lang.reflect.Method.invoke(Method.java:568)
	at org.springframework.data.repository.core.support.RepositoryMethodInvoker$RepositoryFragmentMethodInvoker.lambda$new$0(RepositoryMethodInvoker.java:288)
	at org.springframework.data.repository.core.support.RepositoryMethodInvoker.doInvoke(RepositoryMethodInvoker.java:136)
	at org.springframework.data.repository.core.support.RepositoryMethodInvoker.invoke(RepositoryMethodInvoker.java:120)
	at org.springframework.data.repository.core.support.RepositoryComposition$RepositoryFragments.invoke(RepositoryComposition.java:516)
	at org.springframework.data.repository.core.support.RepositoryComposition.invoke(RepositoryComposition.java:285)
	at org.springframework.data.repository.core.support.RepositoryFactorySupport$ImplementationMethodExecutionInterceptor.invoke(RepositoryFactorySupport.java:628)
	at org.springframework.aop.framework.ReflectiveMethodInvocation.proceed(ReflectiveMethodInvocation.java:184)
	at org.springframework.data.repository.core.support.QueryExecutorMethodInterceptor.doInvoke(QueryExecutorMethodInterceptor.java:168)
	at org.springframework.data.repository.core.support.QueryExecutorMethodInterceptor.invoke(QueryExecutorMethodInterceptor.java:143)
	at org.springframework.aop.framework.ReflectiveMethodInvocation.proceed(ReflectiveMethodInvocation.java:184)
	at org.springframework.data.projection.DefaultMethodInvokingMethodInterceptor.invoke(DefaultMethodInvokingMethodInterceptor.java:72)
	at org.springframework.aop.framework.ReflectiveMethodInvocation.proceed(ReflectiveMethodInvocation.java:184)
	at org.springframework.transaction.interceptor.TransactionInterceptor$1.proceedWithInvocation(TransactionInterceptor.java:123)
	at org.springframework.transaction.interceptor.TransactionAspectSupport.invokeWithinTransaction(TransactionAspectSupport.java:391)
	at org.springframework.transaction.interceptor.TransactionInterceptor.invoke(TransactionInterceptor.java:119)
	at org.springframework.aop.framework.ReflectiveMethodInvocation.proceed(ReflectiveMethodInvocation.java:184)
	at org.springframework.dao.support.PersistenceExceptionTranslationInterceptor.invoke(PersistenceExceptionTranslationInterceptor.java:137)
	at org.springframework.aop.framework.ReflectiveMethodInvocation.proceed(ReflectiveMethodInvocation.java:184)
	at org.springframework.data.jpa.repository.support.CrudMethodMetadataPostProcessor$CrudMethodMetadataPopulatingMethodInterceptor.invoke(CrudMethodMetadataPostProcessor.java:164)
	at org.springframework.aop.framework.ReflectiveMethodInvocation.proceed(ReflectiveMethodInvocation.java:184)
	at org.springframework.aop.interceptor.ExposeInvocationInterceptor.invoke(ExposeInvocationInterceptor.java:97)
	at org.springframework.aop.framework.ReflectiveMethodInvocation.proceed(ReflectiveMethodInvocation.java:184)
	at org.springframework.aop.framework.JdkDynamicAopProxy.invoke(JdkDynamicAopProxy.java:244)
	at jdk.proxy2/jdk.proxy2.$Proxy200.deleteAll(Unknown Source)
	at franco.maurizio.hr.desk.com.service.CoursePageService.deleteAll(CoursePageService.java:233)
	at franco.maurizio.hr.desk.com.integration.controller.CandidateCustomControllerIntegrationTests.initializeRelatedTables(CandidateCustomControllerIntegrationTests.java:77)
	at java.base/jdk.internal.reflect.NativeMethodAccessorImpl.invoke0(Native Method)
	at java.base/jdk.internal.reflect.NativeMethodAccessorImpl.invoke(NativeMethodAccessorImpl.java:77)
	at java.base/jdk.internal.reflect.DelegatingMethodAccessorImpl.invoke(DelegatingMethodAccessorImpl.java:43)
	at java.base/java.lang.reflect.Method.invoke(Method.java:568)
	at org.junit.platform.commons.util.ReflectionUtils.invokeMethod(ReflectionUtils.java:727)
	at org.junit.jupiter.engine.execution.MethodInvocation.proceed(MethodInvocation.java:60)
	at org.junit.jupiter.engine.execution.InvocationInterceptorChain$ValidatingInvocation.proceed(InvocationInterceptorChain.java:131)
	at org.junit.jupiter.engine.extension.TimeoutExtension.intercept(TimeoutExtension.java:156)
	at org.junit.jupiter.engine.extension.TimeoutExtension.interceptLifecycleMethod(TimeoutExtension.java:128)
	at org.junit.jupiter.engine.extension.TimeoutExtension.interceptBeforeEachMethod(TimeoutExtension.java:78)
	at org.junit.jupiter.engine.execution.InterceptingExecutableInvoker$ReflectiveInterceptorCall.lambda$ofVoidMethod$0(InterceptingExecutableInvoker.java:103)
	at org.junit.jupiter.engine.execution.InterceptingExecutableInvoker.lambda$invoke$0(InterceptingExecutableInvoker.java:93)
	at org.junit.jupiter.engine.execution.InvocationInterceptorChain$InterceptedInvocation.proceed(InvocationInterceptorChain.java:106)
	at org.junit.jupiter.engine.execution.InvocationInterceptorChain.proceed(InvocationInterceptorChain.java:64)
	at org.junit.jupiter.engine.execution.InvocationInterceptorChain.chainAndInvoke(InvocationInterceptorChain.java:45)
	at org.junit.jupiter.engine.execution.InvocationInterceptorChain.invoke(InvocationInterceptorChain.java:37)
	at org.junit.jupiter.engine.execution.InterceptingExecutableInvoker.invoke(InterceptingExecutableInvoker.java:92)
	at org.junit.jupiter.engine.execution.InterceptingExecutableInvoker.invoke(InterceptingExecutableInvoker.java:86)
	at org.junit.jupiter.engine.descriptor.ClassBasedTestDescriptor.invokeMethodInExtensionContext(ClassBasedTestDescriptor.java:520)
	at org.junit.jupiter.engine.descriptor.ClassBasedTestDescriptor.lambda$synthesizeBeforeEachMethodAdapter$23(ClassBasedTestDescriptor.java:505)
	at org.junit.jupiter.engine.descriptor.TestMethodTestDescriptor.lambda$invokeBeforeEachMethods$3(TestMethodTestDescriptor.java:174)
	at org.junit.jupiter.engine.descriptor.TestMethodTestDescriptor.lambda$invokeBeforeMethodsOrCallbacksUntilExceptionOccurs$6(TestMethodTestDescriptor.java:202)
	at org.junit.platform.engine.support.hierarchical.ThrowableCollector.execute(ThrowableCollector.java:73)
	at org.junit.jupiter.engine.descriptor.TestMethodTestDescriptor.invokeBeforeMethodsOrCallbacksUntilExceptionOccurs(TestMethodTestDescriptor.java:202)
	at org.junit.jupiter.engine.descriptor.TestMethodTestDescriptor.invokeBeforeEachMethods(TestMethodTestDescriptor.java:171)
	at org.junit.jupiter.engine.descriptor.TestMethodTestDescriptor.execute(TestMethodTestDescriptor.java:134)
	at org.junit.jupiter.engine.descriptor.TestMethodTestDescriptor.execute(TestMethodTestDescriptor.java:68)
	at org.junit.platform.engine.support.hierarchical.NodeTestTask.lambda$executeRecursively$6(NodeTestTask.java:151)
	at org.junit.platform.engine.support.hierarchical.ThrowableCollector.execute(ThrowableCollector.java:73)
	at org.junit.platform.engine.support.hierarchical.NodeTestTask.lambda$executeRecursively$8(NodeTestTask.java:141)
	at org.junit.platform.engine.support.hierarchical.Node.around(Node.java:137)
	at org.junit.platform.engine.support.hierarchical.NodeTestTask.lambda$executeRecursively$9(NodeTestTask.java:139)
	at org.junit.platform.engine.support.hierarchical.ThrowableCollector.execute(ThrowableCollector.java:73)
	at org.junit.platform.engine.support.hierarchical.NodeTestTask.executeRecursively(NodeTestTask.java:138)
	at org.junit.platform.engine.support.hierarchical.NodeTestTask.execute(NodeTestTask.java:95)
	at java.base/java.util.ArrayList.forEach(ArrayList.java:1511)
	at org.junit.platform.engine.support.hierarchical.SameThreadHierarchicalTestExecutorService.invokeAll(SameThreadHierarchicalTestExecutorService.java:41)
	at org.junit.platform.engine.support.hierarchical.NodeTestTask.lambda$executeRecursively$6(NodeTestTask.java:155)
	at org.junit.platform.engine.support.hierarchical.ThrowableCollector.execute(ThrowableCollector.java:73)
	at org.junit.platform.engine.support.hierarchical.NodeTestTask.lambda$executeRecursively$8(NodeTestTask.java:141)
	at org.junit.platform.engine.support.hierarchical.Node.around(Node.java:137)
	at org.junit.platform.engine.support.hierarchical.NodeTestTask.lambda$executeRecursively$9(NodeTestTask.java:139)
	at org.junit.platform.engine.support.hierarchical.ThrowableCollector.execute(ThrowableCollector.java:73)
	at org.junit.platform.engine.support.hierarchical.NodeTestTask.executeRecursively(NodeTestTask.java:138)
	at org.junit.platform.engine.support.hierarchical.NodeTestTask.execute(NodeTestTask.java:95)
	at java.base/java.util.ArrayList.forEach(ArrayList.java:1511)
	at org.junit.platform.engine.support.hierarchical.SameThreadHierarchicalTestExecutorService.invokeAll(SameThreadHierarchicalTestExecutorService.java:41)
	at org.junit.platform.engine.support.hierarchical.NodeTestTask.lambda$executeRecursively$6(NodeTestTask.java:155)
	at org.junit.platform.engine.support.hierarchical.ThrowableCollector.execute(ThrowableCollector.java:73)
	at org.junit.platform.engine.support.hierarchical.NodeTestTask.lambda$executeRecursively$8(NodeTestTask.java:141)
	at org.junit.platform.engine.support.hierarchical.Node.around(Node.java:137)
	at org.junit.platform.engine.support.hierarchical.NodeTestTask.lambda$executeRecursively$9(NodeTestTask.java:139)
	at org.junit.platform.engine.support.hierarchical.ThrowableCollector.execute(ThrowableCollector.java:73)
	at org.junit.platform.engine.support.hierarchical.NodeTestTask.executeRecursively(NodeTestTask.java:138)
	at org.junit.platform.engine.support.hierarchical.NodeTestTask.execute(NodeTestTask.java:95)
	at org.junit.platform.engine.support.hierarchical.SameThreadHierarchicalTestExecutorService.submit(SameThreadHierarchicalTestExecutorService.java:35)
	at org.junit.platform.engine.support.hierarchical.HierarchicalTestExecutor.execute(HierarchicalTestExecutor.java:57)
	at org.junit.platform.engine.support.hierarchical.HierarchicalTestEngine.execute(HierarchicalTestEngine.java:54)
	at org.junit.platform.launcher.core.EngineExecutionOrchestrator.execute(EngineExecutionOrchestrator.java:147)
	at org.junit.platform.launcher.core.EngineExecutionOrchestrator.execute(EngineExecutionOrchestrator.java:127)
	at org.junit.platform.launcher.core.EngineExecutionOrchestrator.execute(EngineExecutionOrchestrator.java:90)
	at org.junit.platform.launcher.core.EngineExecutionOrchestrator.lambda$execute$0(EngineExecutionOrchestrator.java:55)
	at org.junit.platform.launcher.core.EngineExecutionOrchestrator.withInterceptedStreams(EngineExecutionOrchestrator.java:102)
	at org.junit.platform.launcher.core.EngineExecutionOrchestrator.execute(EngineExecutionOrchestrator.java:54)
	at org.junit.platform.launcher.core.DefaultLauncher.execute(DefaultLauncher.java:114)
	at org.junit.platform.launcher.core.DefaultLauncher.execute(DefaultLauncher.java:86)
	at org.junit.platform.launcher.core.DefaultLauncherSession$DelegatingLauncher.execute(DefaultLauncherSession.java:86)
	at org.apache.maven.surefire.junitplatform.LazyLauncher.execute(LazyLauncher.java:50)
	at org.apache.maven.surefire.junitplatform.JUnitPlatformProvider.execute(JUnitPlatformProvider.java:184)
	at org.apache.maven.surefire.junitplatform.JUnitPlatformProvider.invokeAllTests(JUnitPlatformProvider.java:148)
	at org.apache.maven.surefire.junitplatform.JUnitPlatformProvider.invoke(JUnitPlatformProvider.java:122)
	at org.apache.maven.surefire.booter.ForkedBooter.runSuitesInProcess(ForkedBooter.java:385)
	at org.apache.maven.surefire.booter.ForkedBooter.execute(ForkedBooter.java:162)
	at org.apache.maven.surefire.booter.ForkedBooter.run(ForkedBooter.java:507)
	at org.apache.maven.surefire.booter.ForkedBooter.main(ForkedBooter.java:495)
2023-11-24 12:36:47,857 DEBUG o.h.o.s.a.tree [SqlTreePrinter.java:46] SQL AST Tree:
    SelectStatement {
      FromClause {
        StandardTableGroup (c1 : franco.maurizio.hr.desk.com.persistence.entity.CoursePage(961691818589703)) {
          primaryTableReference : coursepage as c1_0
        }
      }
    }

2023-11-24 12:36:47,858 DEBUG o.h.o.s.exec [JdbcSelectExecutorStandardImpl.java:455] Skipping reading Query result cache data: cache-enabled = false, cache-mode = NORMAL
2023-11-24 12:36:47,858 TRACE o.h.o.results [ResultsHelper.java:117] Registering initializer : EntityResultInitializer(franco.maurizio.hr.desk.com.persistence.entity.CoursePage(961691818589703))
2023-11-24 12:36:47,858 DEBUG o.h.o.results [NavigablePathMapToInitializer.java:76] Initializer list:
	  franco.maurizio.hr.desk.com.persistence.entity.CoursePage(961691818589703) -> EntityResultInitializer(franco.maurizio.hr.desk.com.persistence.entity.CoursePage(961691818589703))@842401746 (SingleTableEntityPersister(franco.maurizio.hr.desk.com.persistence.entity.CoursePage))

2023-11-24 12:36:47,858 TRACE o.h.s.r.j.i.DeferredResultSetAccess [DeferredResultSetAccess.java:224] Executing query to retrieve ResultSet : select c1_0.id,c1_0.body_text,c1_0.code,c1_0.created_datetime,c1_0.file_name,c1_0.opened_by,c1_0.status_open,c1_0.title from coursepage c1_0
2023-11-24 12:36:47,858 DEBUG o.h.SQL [SqlStatementLogger.java:133] select c1_0.id,c1_0.body_text,c1_0.code,c1_0.created_datetime,c1_0.file_name,c1_0.opened_by,c1_0.status_open,c1_0.title from coursepage c1_0
Hibernate: select c1_0.id,c1_0.body_text,c1_0.code,c1_0.created_datetime,c1_0.file_name,c1_0.opened_by,c1_0.status_open,c1_0.title from coursepage c1_0
2023-11-24 12:36:47,859 TRACE o.h.r.j.i.ResourceRegistryStandardImpl [ResourceRegistryStandardImpl.java:82] Registering statement [HikariProxyPreparedStatement@247534656 wrapping com.mysql.cj.jdbc.ClientPreparedStatement: select c1_0.id,c1_0.body_text,c1_0.code,c1_0.created_datetime,c1_0.file_name,c1_0.opened_by,c1_0.status_open,c1_0.title from coursepage c1_0]
2023-11-24 12:36:47,859 TRACE o.h.e.j.i.JdbcCoordinatorImpl [JdbcCoordinatorImpl.java:322] Registering last query statement [HikariProxyPreparedStatement@247534656 wrapping com.mysql.cj.jdbc.ClientPreparedStatement: select c1_0.id,c1_0.body_text,c1_0.code,c1_0.created_datetime,c1_0.file_name,c1_0.opened_by,c1_0.status_open,c1_0.title from coursepage c1_0]
2023-11-24 12:36:47,862 TRACE o.h.r.j.i.ResourceRegistryStandardImpl [ResourceRegistryStandardImpl.java:221] Registering result set [HikariProxyResultSet@938643988 wrapping com.mysql.cj.jdbc.result.ResultSetImpl@161aaa7a]
2023-11-24 12:36:47,863 TRACE o.h.r.j.i.AbstractLogicalConnectionImplementor [AbstractLogicalConnectionImplementor.java:48] LogicalConnection#afterStatement
2023-11-24 12:36:47,863 TRACE o.h.o.j.extract [JdbcExtractingLogging.java:24] extracted value ([1] : [BIGINT]) - [76]
2023-11-24 12:36:47,863 TRACE o.h.o.j.extract [JdbcExtractingLogging.java:24] extracted value ([2] : [VARCHAR]) - [FakeBodyText 917]
2023-11-24 12:36:47,863 TRACE o.h.o.j.extract [JdbcExtractingLogging.java:24] extracted value ([3] : [VARCHAR]) - [Code_833]
2023-11-24 12:36:47,863 TRACE o.h.o.j.extract [JdbcExtractingLogging.java:24] extracted value ([4] : [TIMESTAMP]) - [2023-11-24T12:28]
2023-11-24 12:36:47,864 TRACE o.h.o.j.extract [JdbcExtractingLogging.java:24] extracted value ([5] : [VARCHAR]) - [FakeFileName 917]
2023-11-24 12:36:47,864 TRACE o.h.o.j.extract [JdbcExtractingLogging.java:24] extracted value ([6] : [BIGINT]) - [160]
2023-11-24 12:36:47,864 TRACE o.h.o.j.extract [JdbcExtractingLogging.java:24] extracted value ([7] : [BOOLEAN]) - [true]
2023-11-24 12:36:47,864 TRACE o.h.o.j.extract [JdbcExtractingLogging.java:24] extracted value ([8] : [VARCHAR]) - [Fake title 917]
2023-11-24 12:36:47,864 TRACE o.h.o.r.loading [StandardRowReader.java:85] StandardRowReader#readRow
2023-11-24 12:36:47,864 TRACE o.h.o.r.l.entity [AbstractEntityInitializer.java:277] (o.h.s.r.g.e.i.EntityResultInitializer) Beginning Initializer#resolveKey process for entity : franco.maurizio.hr.desk.com.persistence.entity.CoursePage(961691818589703)
2023-11-24 12:36:47,864 DEBUG o.h.o.results [BasicResultAssembler.java:61] Extracted JDBC value [0] - [76]
2023-11-24 12:36:47,865 DEBUG o.h.o.r.l.entity [AbstractEntityInitializer.java:300] (EntityResultInitializer) Hydrated EntityKey (franco.maurizio.hr.desk.com.persistence.entity.CoursePage(961691818589703)): 76
2023-11-24 12:36:47,865 TRACE o.h.o.r.l.entity [AbstractEntityInitializer.java:491] (o.h.s.r.g.e.i.EntityResultInitializer) Beginning Initializer#resolveInstance process for entity (franco.maurizio.hr.desk.com.persistence.entity.CoursePage(961691818589703)) : 76
2023-11-24 12:36:47,865 DEBUG o.h.o.r.l.entity [AbstractEntityInitializer.java:689] (EntityResultInitializer) Created new entity instance [franco.maurizio.hr.desk.com.persistence.entity.CoursePage(961691818589703)#76] : 1312674862
2023-11-24 12:36:47,865 TRACE o.h.o.r.l.entity [AbstractEntityInitializer.java:833] (EntityResultInitializer) Beginning Initializer#initializeInstance process for entity franco.maurizio.hr.desk.com.persistence.entity.CoursePage(961691818589703)#76
2023-11-24 12:36:47,865 DEBUG o.h.o.results [BasicResultAssembler.java:61] Extracted JDBC value [1] - [FakeBodyText 917]
2023-11-24 12:36:47,865 DEBUG o.h.o.results [BasicResultAssembler.java:61] Extracted JDBC value [2] - [Code_833]
2023-11-24 12:36:47,865 DEBUG o.h.o.results [BasicResultAssembler.java:61] Extracted JDBC value [3] - [2023-11-24T12:28]
2023-11-24 12:36:47,865 DEBUG o.h.o.results [BasicResultAssembler.java:61] Extracted JDBC value [4] - [FakeFileName 917]
2023-11-24 12:36:47,865 DEBUG o.h.o.results [BasicResultAssembler.java:61] Extracted JDBC value [5] - [160]
2023-11-24 12:36:47,866 DEBUG o.h.o.results [BasicResultAssembler.java:61] Extracted JDBC value [6] - [true]
2023-11-24 12:36:47,866 DEBUG o.h.o.results [BasicResultAssembler.java:61] Extracted JDBC value [7] - [Fake title 917]
2023-11-24 12:36:47,866 DEBUG o.h.o.r.l.entity [AbstractEntityInitializer.java:889] (EntityResultInitializer) Done materializing entityInstance : franco.maurizio.hr.desk.com.persistence.entity.CoursePage(961691818589703)#76
2023-11-24 12:36:47,866 DEBUG o.h.o.r.loading [StandardRowReader.java:93] Calling top-level assembler (0 / 1) : org.hibernate.sql.results.graph.entity.internal.EntityAssembler@3f35e0bd
2023-11-24 12:36:47,866 TRACE o.h.o.r.loading [StandardRowReader.java:103] StandardRowReader#afterRow
2023-11-24 12:36:47,866 TRACE o.h.r.j.i.ResourceRegistryStandardImpl [ResourceRegistryStandardImpl.java:117] Releasing result set [HikariProxyResultSet@938643988 wrapping com.mysql.cj.jdbc.result.ResultSetImpl@161aaa7a]
2023-11-24 12:36:47,866 TRACE o.h.r.j.i.ResourceRegistryStandardImpl [ResourceRegistryStandardImpl.java:169] Closing result set [HikariProxyResultSet@938643988 wrapping com.mysql.cj.jdbc.result.ResultSetImpl@161aaa7a]
2023-11-24 12:36:47,866 TRACE o.h.r.j.i.ResourceRegistryStandardImpl [ResourceRegistryStandardImpl.java:96] Releasing statement [HikariProxyPreparedStatement@247534656 wrapping com.mysql.cj.jdbc.ClientPreparedStatement: select c1_0.id,c1_0.body_text,c1_0.code,c1_0.created_datetime,c1_0.file_name,c1_0.opened_by,c1_0.status_open,c1_0.title from coursepage c1_0]
2023-11-24 12:36:47,867 TRACE o.h.r.j.i.ResourceRegistryStandardImpl [ResourceRegistryStandardImpl.java:187] Closing prepared statement [HikariProxyPreparedStatement@247534656 wrapping com.mysql.cj.jdbc.ClientPreparedStatement: select c1_0.id,c1_0.body_text,c1_0.code,c1_0.created_datetime,c1_0.file_name,c1_0.opened_by,c1_0.status_open,c1_0.title from coursepage c1_0]
2023-11-24 12:36:47,867 TRACE o.h.e.i.StatefulPersistenceContext [StatefulPersistenceContext.java:976] Initializing non-lazy collections
2023-11-24 12:36:47,867 DEBUG o.h.j.i.PersistenceUnitUtilImpl [PersistenceUnitUtilImpl.java:89] jakarta.persistence.PersistenceUnitUtil.getIdentifier is only intended to work with enhanced entities (although Hibernate also adapts this support to its proxies); however the passed entity was not enhanced (nor a proxy).. may not be able to read identifier
2023-11-24 12:36:47,867 DEBUG o.h.j.i.PersistenceUnitUtilImpl [PersistenceUnitUtilImpl.java:89] jakarta.persistence.PersistenceUnitUtil.getIdentifier is only intended to work with enhanced entities (although Hibernate also adapts this support to its proxies); however the passed entity was not enhanced (nor a proxy).. may not be able to read identifier
2023-11-24 12:36:47,867 TRACE o.h.e.i.DefaultLoadEventListener [DefaultLoadEventListener.java:228] Loading entity: [franco.maurizio.hr.desk.com.persistence.entity.CoursePage#76]
2023-11-24 12:36:47,867 TRACE o.h.e.i.DefaultLoadEventListener [DefaultLoadEventListener.java:502] Attempting to resolve: [franco.maurizio.hr.desk.com.persistence.entity.CoursePage#76]
2023-11-24 12:36:47,867 TRACE o.h.e.i.DefaultDeleteEventListener [DefaultDeleteEventListener.java:211] Deleting a persistent instance
2023-11-24 12:36:47,868 TRACE o.h.e.i.DefaultDeleteEventListener [DefaultDeleteEventListener.java:363] Deleting [franco.maurizio.hr.desk.com.persistence.entity.CoursePage#76]
2023-11-24 12:36:47,868 DEBUG o.h.e.t.i.TransactionImpl [TransactionImpl.java:98] committing
2023-11-24 12:36:47,868 TRACE o.h.r.t.b.j.i.JdbcResourceLocalTransactionCoordinatorImpl [JdbcResourceLocalTransactionCoordinatorImpl.java:167] ResourceLocalTransactionCoordinatorImpl#beforeCompletionCallback
2023-11-24 12:36:47,868 TRACE o.h.i.SessionImpl [SessionImpl.java:1965] SessionImpl#beforeTransactionCompletion()
2023-11-24 12:36:47,869 TRACE o.h.i.SessionImpl [SessionImpl.java:484] Automatically flushing session
2023-11-24 12:36:47,869 TRACE o.h.e.i.AbstractFlushingEventListener [AbstractFlushingEventListener.java:72] Flushing session
2023-11-24 12:36:47,869 DEBUG o.h.e.i.AbstractFlushingEventListener [AbstractFlushingEventListener.java:136] Processing flush-time cascades
2023-11-24 12:36:47,869 DEBUG o.h.e.i.AbstractFlushingEventListener [AbstractFlushingEventListener.java:185] Dirty checking collections
2023-11-24 12:36:47,869 TRACE o.h.e.i.AbstractFlushingEventListener [AbstractFlushingEventListener.java:197] Flushing entities and processing referenced collections
2023-11-24 12:36:47,869 TRACE o.h.e.i.AbstractFlushingEventListener [AbstractFlushingEventListener.java:264] Processing unreferenced collections
2023-11-24 12:36:47,869 TRACE o.h.e.i.AbstractFlushingEventListener [AbstractFlushingEventListener.java:277] Scheduling collection removes/(re)creates/updates
2023-11-24 12:36:47,869 DEBUG o.h.e.i.AbstractFlushingEventListener [AbstractFlushingEventListener.java:110] Flushed: 0 insertions, 0 updates, 1 deletions to 1 objects
2023-11-24 12:36:47,869 DEBUG o.h.e.i.AbstractFlushingEventListener [AbstractFlushingEventListener.java:117] Flushed: 0 (re)creations, 0 updates, 0 removals to 0 collections
2023-11-24 12:36:47,869 DEBUG o.h.i.u.EntityPrinter [EntityPrinter.java:111] Listing entities:
2023-11-24 12:36:47,870 DEBUG o.h.i.u.EntityPrinter [EntityPrinter.java:118] franco.maurizio.hr.desk.com.persistence.entity.CoursePage{fileName=FakeFileName 917, bodyText=FakeBodyText 917, code=Code_833, opened_by=160, statusOpen=true, id=76, title=Fake title 917, created_datetime=2023-11-24T12:28}
2023-11-24 12:36:47,870 TRACE o.h.e.i.AbstractFlushingEventListener [AbstractFlushingEventListener.java:349] Executing flush
2023-11-24 12:36:47,870 TRACE o.h.r.j.i.ResourceRegistryStandardImpl [ResourceRegistryStandardImpl.java:82] Registering statement [HikariProxyPreparedStatement@1819607784 wrapping com.mysql.cj.jdbc.ClientPreparedStatement: delete from coursepage where id=** NOT SPECIFIED **]
2023-11-24 12:36:47,870 TRACE o.h.r.j.i.ResourceRegistryStandardImpl [ResourceRegistryStandardImpl.java:221] Registering result set [null]
2023-11-24 12:36:47,870 DEBUG o.h.SQL [SqlStatementLogger.java:133] delete from coursepage where id=?
Hibernate: delete from coursepage where id=?
2023-11-24 12:36:47,871 TRACE o.h.o.j.bind [JdbcBindingLogging.java:25] binding parameter [1] as [BIGINT] - [76]
2023-11-24 12:36:47,871 TRACE o.h.r.j.i.ResourceRegistryStandardImpl [ResourceRegistryStandardImpl.java:96] Releasing statement [HikariProxyPreparedStatement@1819607784 wrapping com.mysql.cj.jdbc.ClientPreparedStatement: delete from coursepage where id=76]
2023-11-24 12:36:47,871 TRACE o.h.r.j.i.ResourceRegistryStandardImpl [ResourceRegistryStandardImpl.java:169] Closing result set [null]
2023-11-24 12:36:47,871 TRACE o.h.r.j.i.ResourceRegistryStandardImpl [ResourceRegistryStandardImpl.java:187] Closing prepared statement [HikariProxyPreparedStatement@1819607784 wrapping com.mysql.cj.jdbc.ClientPreparedStatement: delete from coursepage where id=76]
2023-11-24 12:36:47,872 TRACE o.h.e.j.i.JdbcCoordinatorImpl [JdbcCoordinatorImpl.java:270] Starting after statement execution processing [ON_CLOSE]
2023-11-24 12:36:47,872 TRACE o.h.e.i.AbstractFlushingEventListener [AbstractFlushingEventListener.java:384] Post flush
2023-11-24 12:36:47,872 TRACE o.h.r.j.i.AbstractLogicalConnectionImplementor [AbstractLogicalConnectionImplementor.java:53] LogicalConnection#beforeTransactionCompletion
2023-11-24 12:36:47,872 TRACE o.h.r.t.i.SynchronizationRegistryStandardImpl [SynchronizationRegistryStandardImpl.java:55] SynchronizationRegistryStandardImpl.notifySynchronizationsBeforeTransactionCompletion
2023-11-24 12:36:47,872 TRACE o.h.r.j.i.AbstractLogicalConnectionImplementor [AbstractLogicalConnectionImplementor.java:85] Preparing to commit transaction via JDBC Connection.commit()
2023-11-24 12:36:47,873 TRACE o.h.r.j.i.AbstractLogicalConnectionImplementor [AbstractLogicalConnectionImplementor.java:88] Transaction committed via JDBC Connection.commit()
2023-11-24 12:36:47,873 TRACE o.h.r.j.i.AbstractLogicalConnectionImplementor [AbstractLogicalConnectionImplementor.java:105] re-enabling auto-commit on JDBC Connection after completion of JDBC-based transaction
2023-11-24 12:36:47,873 TRACE o.h.r.j.i.AbstractLogicalConnectionImplementor [AbstractLogicalConnectionImplementor.java:58] LogicalConnection#afterTransaction
2023-11-24 12:36:47,873 TRACE o.h.r.j.i.ResourceRegistryStandardImpl [ResourceRegistryStandardImpl.java:329] Releasing JDBC resources
2023-11-24 12:36:47,873 TRACE o.h.r.t.b.j.i.JdbcResourceLocalTransactionCoordinatorImpl [JdbcResourceLocalTransactionCoordinatorImpl.java:185] ResourceLocalTransactionCoordinatorImpl#afterCompletionCallback(true)
2023-11-24 12:36:47,873 TRACE o.h.r.t.i.SynchronizationRegistryStandardImpl [DelegatingBasicLogger.java:158] SynchronizationRegistryStandardImpl.notifySynchronizationsAfterTransactionCompletion(3)
2023-11-24 12:36:47,873 TRACE o.h.i.SessionImpl [SessionImpl.java:1980] SessionImpl#afterTransactionCompletion(successful=true, delayed=false)
2023-11-24 12:36:47,874 TRACE o.h.i.SessionImpl [SessionImpl.java:402] Closing session [5be63c8b-838d-49f7-af17-d38ef4e8586c]
2023-11-24 12:36:47,874 TRACE o.h.e.j.i.JdbcCoordinatorImpl [JdbcCoordinatorImpl.java:152] Closing JDBC container [org.hibernate.engine.jdbc.internal.JdbcCoordinatorImpl@170bb899]
2023-11-24 12:36:47,874 TRACE o.h.r.j.i.ResourceRegistryStandardImpl [ResourceRegistryStandardImpl.java:329] Releasing JDBC resources
2023-11-24 12:36:47,874 TRACE o.h.r.j.i.LogicalConnectionManagedImpl [LogicalConnectionManagedImpl.java:256] Closing logical connection
2023-11-24 12:36:47,874 TRACE o.h.r.j.i.ResourceRegistryStandardImpl [ResourceRegistryStandardImpl.java:329] Releasing JDBC resources
2023-11-24 12:36:47,874 TRACE o.h.r.j.i.LogicalConnectionManagedImpl [LogicalConnectionManagedImpl.java:263] Logical connection closed
2023-11-24 12:36:47,874 DEBUG f.m.h.d.c.s.UserService [UserService.java:71] deleteAll - START
2023-11-24 12:36:47,874 TRACE o.h.i.SessionFactoryImpl$SessionBuilderImpl [SessionFactoryImpl.java:1298] Opening Hibernate Session.  tenant=null
2023-11-24 12:36:47,875 TRACE o.h.i.SessionImpl [SessionImpl.java:262] Opened Session [3d77da33-2660-4a62-b63e-0e5fda325f49] at timestamp: 1700825807875
2023-11-24 12:36:47,875 DEBUG o.h.e.t.i.TransactionImpl [TransactionImpl.java:53] On TransactionImpl creation, JpaCompliance#isJpaTransactionComplianceEnabled == false
2023-11-24 12:36:47,875 DEBUG o.h.e.t.i.TransactionImpl [TransactionImpl.java:81] begin
2023-11-24 12:36:47,875 TRACE o.h.r.j.i.AbstractLogicalConnectionImplementor [AbstractLogicalConnectionImplementor.java:71] Preparing to begin transaction via JDBC Connection.setAutoCommit(false)
2023-11-24 12:36:47,875 TRACE o.h.r.j.i.AbstractLogicalConnectionImplementor [AbstractLogicalConnectionImplementor.java:73] Transaction begun via JDBC Connection.setAutoCommit(false)
2023-11-24 12:36:47,875 TRACE o.h.r.t.b.j.i.JdbcResourceLocalTransactionCoordinatorImpl [JdbcResourceLocalTransactionCoordinatorImpl.java:163] ResourceLocalTransactionCoordinatorImpl#afterBeginCallback
2023-11-24 12:36:47,876 TRACE o.h.q.s.s.BaseSqmToSqlAstConverter [BaseSqmToSqlAstConverter.java:2577] Resolving SqmRoot [franco.maurizio.hr.desk.com.persistence.entity.User] to TableGroup
2023-11-24 12:36:47,876 TRACE o.h.q.s.s.BaseSqmToSqlAstConverter [BaseSqmToSqlAstConverter.java:2744] Resolving SqmRoot [franco.maurizio.hr.desk.com.persistence.entity.User] to TableGroup
2023-11-24 12:36:47,876 DEBUG o.h.o.s.a.create [SqlAliasBaseImpl.java:33] Created new SQL alias : u1_0
2023-11-24 12:36:47,876 TRACE o.h.q.s.s.BaseSqmToSqlAstConverter [BaseSqmToSqlAstConverter.java:2811] Resolved SqmRoot [franco.maurizio.hr.desk.com.persistence.entity.User] to new TableGroup [StandardTableGroup(franco.maurizio.hr.desk.com.persistence.entity.User(961691839506270))]
2023-11-24 12:36:47,876 DEBUG o.h.o.s.a.create [SimpleFromClauseAccessImpl.java:98] Registration of TableGroup [StandardTableGroup(franco.maurizio.hr.desk.com.persistence.entity.User(961691839506270))] with identifierForTableGroup [franco.maurizio.hr.desk.com.persistence.entity.User] for NavigablePath [franco.maurizio.hr.desk.com.persistence.entity.User] 
2023-11-24 12:36:47,876 TRACE o.h.q.s.s.BaseSqmToSqlAstConverter [BaseSqmToSqlAstConverter.java:3179] Visiting explicit joins for `franco.maurizio.hr.desk.com.persistence.entity.User(961691839506270)`
2023-11-24 12:36:47,877 TRACE o.h.q.s.s.BaseSqmToSqlAstConverter [BaseSqmToSqlAstConverter.java:3820] SqmRoot [franco.maurizio.hr.desk.com.persistence.entity.User] resolved to existing TableGroup [StandardTableGroup(franco.maurizio.hr.desk.com.persistence.entity.User(961691839506270))]
2023-11-24 12:36:47,877 DEBUG o.h.o.r.g.AST [DomainResultGraphPrinter.java:67] DomainResult Graph:
 \-EntityResultImpl [franco.maurizio.hr.desk.com.persistence.entity.User(961691839506270)]
 |  +-BasicFetch [franco.maurizio.hr.desk.com.persistence.entity.User(961691839506270).email]
 |  +-BasicFetch [franco.maurizio.hr.desk.com.persistence.entity.User(961691839506270).enabled]
 |  +-BasicFetch [franco.maurizio.hr.desk.com.persistence.entity.User(961691839506270).firstname]
 |  +-BasicFetch [franco.maurizio.hr.desk.com.persistence.entity.User(961691839506270).lastname]
 |  +-BasicFetch [franco.maurizio.hr.desk.com.persistence.entity.User(961691839506270).password]
 |  +-BasicFetch [franco.maurizio.hr.desk.com.persistence.entity.User(961691839506270).regdate]
 |  \-BasicFetch [franco.maurizio.hr.desk.com.persistence.entity.User(961691839506270).role]

2023-11-24 12:36:47,877 TRACE o.h.o.r.g.AST [DomainResultGraphPrinter.java:70] Stack trace calling DomainResultGraphPrinter
java.lang.Exception: null
	at org.hibernate.sql.results.graph.DomainResultGraphPrinter.visitDomainResults(DomainResultGraphPrinter.java:70)
	at org.hibernate.sql.results.graph.DomainResultGraphPrinter.logDomainResultGraph(DomainResultGraphPrinter.java:46)
	at org.hibernate.sql.results.graph.DomainResultGraphPrinter.logDomainResultGraph(DomainResultGraphPrinter.java:37)
	at org.hibernate.sql.ast.spi.AbstractSqlAstTranslator.translateSelect(AbstractSqlAstTranslator.java:848)
	at org.hibernate.sql.ast.spi.AbstractSqlAstTranslator.translate(AbstractSqlAstTranslator.java:801)
	at org.hibernate.query.sqm.internal.ConcreteSqmSelectQueryPlan.buildCacheableSqmInterpretation(ConcreteSqmSelectQueryPlan.java:372)
	at org.hibernate.query.sqm.internal.ConcreteSqmSelectQueryPlan.withCacheableSqmInterpretation(ConcreteSqmSelectQueryPlan.java:268)
	at org.hibernate.query.sqm.internal.ConcreteSqmSelectQueryPlan.performList(ConcreteSqmSelectQueryPlan.java:244)
	at org.hibernate.query.sqm.internal.QuerySqmImpl.doList(QuerySqmImpl.java:518)
	at org.hibernate.query.spi.AbstractSelectionQuery.list(AbstractSelectionQuery.java:367)
	at org.hibernate.query.Query.getResultList(Query.java:119)
	at org.springframework.data.jpa.repository.support.SimpleJpaRepository.findAll(SimpleJpaRepository.java:383)
	at org.springframework.data.jpa.repository.support.SimpleJpaRepository.deleteAll(SimpleJpaRepository.java:283)
	at java.base/jdk.internal.reflect.NativeMethodAccessorImpl.invoke0(Native Method)
	at java.base/jdk.internal.reflect.NativeMethodAccessorImpl.invoke(NativeMethodAccessorImpl.java:77)
	at java.base/jdk.internal.reflect.DelegatingMethodAccessorImpl.invoke(DelegatingMethodAccessorImpl.java:43)
	at java.base/java.lang.reflect.Method.invoke(Method.java:568)
	at org.springframework.data.repository.core.support.RepositoryMethodInvoker$RepositoryFragmentMethodInvoker.lambda$new$0(RepositoryMethodInvoker.java:288)
	at org.springframework.data.repository.core.support.RepositoryMethodInvoker.doInvoke(RepositoryMethodInvoker.java:136)
	at org.springframework.data.repository.core.support.RepositoryMethodInvoker.invoke(RepositoryMethodInvoker.java:120)
	at org.springframework.data.repository.core.support.RepositoryComposition$RepositoryFragments.invoke(RepositoryComposition.java:516)
	at org.springframework.data.repository.core.support.RepositoryComposition.invoke(RepositoryComposition.java:285)
	at org.springframework.data.repository.core.support.RepositoryFactorySupport$ImplementationMethodExecutionInterceptor.invoke(RepositoryFactorySupport.java:628)
	at org.springframework.aop.framework.ReflectiveMethodInvocation.proceed(ReflectiveMethodInvocation.java:184)
	at org.springframework.data.repository.core.support.QueryExecutorMethodInterceptor.doInvoke(QueryExecutorMethodInterceptor.java:168)
	at org.springframework.data.repository.core.support.QueryExecutorMethodInterceptor.invoke(QueryExecutorMethodInterceptor.java:143)
	at org.springframework.aop.framework.ReflectiveMethodInvocation.proceed(ReflectiveMethodInvocation.java:184)
	at org.springframework.data.projection.DefaultMethodInvokingMethodInterceptor.invoke(DefaultMethodInvokingMethodInterceptor.java:72)
	at org.springframework.aop.framework.ReflectiveMethodInvocation.proceed(ReflectiveMethodInvocation.java:184)
	at org.springframework.transaction.interceptor.TransactionInterceptor$1.proceedWithInvocation(TransactionInterceptor.java:123)
	at org.springframework.transaction.interceptor.TransactionAspectSupport.invokeWithinTransaction(TransactionAspectSupport.java:391)
	at org.springframework.transaction.interceptor.TransactionInterceptor.invoke(TransactionInterceptor.java:119)
	at org.springframework.aop.framework.ReflectiveMethodInvocation.proceed(ReflectiveMethodInvocation.java:184)
	at org.springframework.dao.support.PersistenceExceptionTranslationInterceptor.invoke(PersistenceExceptionTranslationInterceptor.java:137)
	at org.springframework.aop.framework.ReflectiveMethodInvocation.proceed(ReflectiveMethodInvocation.java:184)
	at org.springframework.data.jpa.repository.support.CrudMethodMetadataPostProcessor$CrudMethodMetadataPopulatingMethodInterceptor.invoke(CrudMethodMetadataPostProcessor.java:164)
	at org.springframework.aop.framework.ReflectiveMethodInvocation.proceed(ReflectiveMethodInvocation.java:184)
	at org.springframework.aop.interceptor.ExposeInvocationInterceptor.invoke(ExposeInvocationInterceptor.java:97)
	at org.springframework.aop.framework.ReflectiveMethodInvocation.proceed(ReflectiveMethodInvocation.java:184)
	at org.springframework.aop.framework.JdkDynamicAopProxy.invoke(JdkDynamicAopProxy.java:244)
	at jdk.proxy2/jdk.proxy2.$Proxy197.deleteAll(Unknown Source)
	at franco.maurizio.hr.desk.com.service.UserService.deleteAll(UserService.java:72)
	at franco.maurizio.hr.desk.com.integration.controller.CandidateCustomControllerIntegrationTests.initializeRelatedTables(CandidateCustomControllerIntegrationTests.java:78)
	at java.base/jdk.internal.reflect.NativeMethodAccessorImpl.invoke0(Native Method)
	at java.base/jdk.internal.reflect.NativeMethodAccessorImpl.invoke(NativeMethodAccessorImpl.java:77)
	at java.base/jdk.internal.reflect.DelegatingMethodAccessorImpl.invoke(DelegatingMethodAccessorImpl.java:43)
	at java.base/java.lang.reflect.Method.invoke(Method.java:568)
	at org.junit.platform.commons.util.ReflectionUtils.invokeMethod(ReflectionUtils.java:727)
	at org.junit.jupiter.engine.execution.MethodInvocation.proceed(MethodInvocation.java:60)
	at org.junit.jupiter.engine.execution.InvocationInterceptorChain$ValidatingInvocation.proceed(InvocationInterceptorChain.java:131)
	at org.junit.jupiter.engine.extension.TimeoutExtension.intercept(TimeoutExtension.java:156)
	at org.junit.jupiter.engine.extension.TimeoutExtension.interceptLifecycleMethod(TimeoutExtension.java:128)
	at org.junit.jupiter.engine.extension.TimeoutExtension.interceptBeforeEachMethod(TimeoutExtension.java:78)
	at org.junit.jupiter.engine.execution.InterceptingExecutableInvoker$ReflectiveInterceptorCall.lambda$ofVoidMethod$0(InterceptingExecutableInvoker.java:103)
	at org.junit.jupiter.engine.execution.InterceptingExecutableInvoker.lambda$invoke$0(InterceptingExecutableInvoker.java:93)
	at org.junit.jupiter.engine.execution.InvocationInterceptorChain$InterceptedInvocation.proceed(InvocationInterceptorChain.java:106)
	at org.junit.jupiter.engine.execution.InvocationInterceptorChain.proceed(InvocationInterceptorChain.java:64)
	at org.junit.jupiter.engine.execution.InvocationInterceptorChain.chainAndInvoke(InvocationInterceptorChain.java:45)
	at org.junit.jupiter.engine.execution.InvocationInterceptorChain.invoke(InvocationInterceptorChain.java:37)
	at org.junit.jupiter.engine.execution.InterceptingExecutableInvoker.invoke(InterceptingExecutableInvoker.java:92)
	at org.junit.jupiter.engine.execution.InterceptingExecutableInvoker.invoke(InterceptingExecutableInvoker.java:86)
	at org.junit.jupiter.engine.descriptor.ClassBasedTestDescriptor.invokeMethodInExtensionContext(ClassBasedTestDescriptor.java:520)
	at org.junit.jupiter.engine.descriptor.ClassBasedTestDescriptor.lambda$synthesizeBeforeEachMethodAdapter$23(ClassBasedTestDescriptor.java:505)
	at org.junit.jupiter.engine.descriptor.TestMethodTestDescriptor.lambda$invokeBeforeEachMethods$3(TestMethodTestDescriptor.java:174)
	at org.junit.jupiter.engine.descriptor.TestMethodTestDescriptor.lambda$invokeBeforeMethodsOrCallbacksUntilExceptionOccurs$6(TestMethodTestDescriptor.java:202)
	at org.junit.platform.engine.support.hierarchical.ThrowableCollector.execute(ThrowableCollector.java:73)
	at org.junit.jupiter.engine.descriptor.TestMethodTestDescriptor.invokeBeforeMethodsOrCallbacksUntilExceptionOccurs(TestMethodTestDescriptor.java:202)
	at org.junit.jupiter.engine.descriptor.TestMethodTestDescriptor.invokeBeforeEachMethods(TestMethodTestDescriptor.java:171)
	at org.junit.jupiter.engine.descriptor.TestMethodTestDescriptor.execute(TestMethodTestDescriptor.java:134)
	at org.junit.jupiter.engine.descriptor.TestMethodTestDescriptor.execute(TestMethodTestDescriptor.java:68)
	at org.junit.platform.engine.support.hierarchical.NodeTestTask.lambda$executeRecursively$6(NodeTestTask.java:151)
	at org.junit.platform.engine.support.hierarchical.ThrowableCollector.execute(ThrowableCollector.java:73)
	at org.junit.platform.engine.support.hierarchical.NodeTestTask.lambda$executeRecursively$8(NodeTestTask.java:141)
	at org.junit.platform.engine.support.hierarchical.Node.around(Node.java:137)
	at org.junit.platform.engine.support.hierarchical.NodeTestTask.lambda$executeRecursively$9(NodeTestTask.java:139)
	at org.junit.platform.engine.support.hierarchical.ThrowableCollector.execute(ThrowableCollector.java:73)
	at org.junit.platform.engine.support.hierarchical.NodeTestTask.executeRecursively(NodeTestTask.java:138)
	at org.junit.platform.engine.support.hierarchical.NodeTestTask.execute(NodeTestTask.java:95)
	at java.base/java.util.ArrayList.forEach(ArrayList.java:1511)
	at org.junit.platform.engine.support.hierarchical.SameThreadHierarchicalTestExecutorService.invokeAll(SameThreadHierarchicalTestExecutorService.java:41)
	at org.junit.platform.engine.support.hierarchical.NodeTestTask.lambda$executeRecursively$6(NodeTestTask.java:155)
	at org.junit.platform.engine.support.hierarchical.ThrowableCollector.execute(ThrowableCollector.java:73)
	at org.junit.platform.engine.support.hierarchical.NodeTestTask.lambda$executeRecursively$8(NodeTestTask.java:141)
	at org.junit.platform.engine.support.hierarchical.Node.around(Node.java:137)
	at org.junit.platform.engine.support.hierarchical.NodeTestTask.lambda$executeRecursively$9(NodeTestTask.java:139)
	at org.junit.platform.engine.support.hierarchical.ThrowableCollector.execute(ThrowableCollector.java:73)
	at org.junit.platform.engine.support.hierarchical.NodeTestTask.executeRecursively(NodeTestTask.java:138)
	at org.junit.platform.engine.support.hierarchical.NodeTestTask.execute(NodeTestTask.java:95)
	at java.base/java.util.ArrayList.forEach(ArrayList.java:1511)
	at org.junit.platform.engine.support.hierarchical.SameThreadHierarchicalTestExecutorService.invokeAll(SameThreadHierarchicalTestExecutorService.java:41)
	at org.junit.platform.engine.support.hierarchical.NodeTestTask.lambda$executeRecursively$6(NodeTestTask.java:155)
	at org.junit.platform.engine.support.hierarchical.ThrowableCollector.execute(ThrowableCollector.java:73)
	at org.junit.platform.engine.support.hierarchical.NodeTestTask.lambda$executeRecursively$8(NodeTestTask.java:141)
	at org.junit.platform.engine.support.hierarchical.Node.around(Node.java:137)
	at org.junit.platform.engine.support.hierarchical.NodeTestTask.lambda$executeRecursively$9(NodeTestTask.java:139)
	at org.junit.platform.engine.support.hierarchical.ThrowableCollector.execute(ThrowableCollector.java:73)
	at org.junit.platform.engine.support.hierarchical.NodeTestTask.executeRecursively(NodeTestTask.java:138)
	at org.junit.platform.engine.support.hierarchical.NodeTestTask.execute(NodeTestTask.java:95)
	at org.junit.platform.engine.support.hierarchical.SameThreadHierarchicalTestExecutorService.submit(SameThreadHierarchicalTestExecutorService.java:35)
	at org.junit.platform.engine.support.hierarchical.HierarchicalTestExecutor.execute(HierarchicalTestExecutor.java:57)
	at org.junit.platform.engine.support.hierarchical.HierarchicalTestEngine.execute(HierarchicalTestEngine.java:54)
	at org.junit.platform.launcher.core.EngineExecutionOrchestrator.execute(EngineExecutionOrchestrator.java:147)
	at org.junit.platform.launcher.core.EngineExecutionOrchestrator.execute(EngineExecutionOrchestrator.java:127)
	at org.junit.platform.launcher.core.EngineExecutionOrchestrator.execute(EngineExecutionOrchestrator.java:90)
	at org.junit.platform.launcher.core.EngineExecutionOrchestrator.lambda$execute$0(EngineExecutionOrchestrator.java:55)
	at org.junit.platform.launcher.core.EngineExecutionOrchestrator.withInterceptedStreams(EngineExecutionOrchestrator.java:102)
	at org.junit.platform.launcher.core.EngineExecutionOrchestrator.execute(EngineExecutionOrchestrator.java:54)
	at org.junit.platform.launcher.core.DefaultLauncher.execute(DefaultLauncher.java:114)
	at org.junit.platform.launcher.core.DefaultLauncher.execute(DefaultLauncher.java:86)
	at org.junit.platform.launcher.core.DefaultLauncherSession$DelegatingLauncher.execute(DefaultLauncherSession.java:86)
	at org.apache.maven.surefire.junitplatform.LazyLauncher.execute(LazyLauncher.java:50)
	at org.apache.maven.surefire.junitplatform.JUnitPlatformProvider.execute(JUnitPlatformProvider.java:184)
	at org.apache.maven.surefire.junitplatform.JUnitPlatformProvider.invokeAllTests(JUnitPlatformProvider.java:148)
	at org.apache.maven.surefire.junitplatform.JUnitPlatformProvider.invoke(JUnitPlatformProvider.java:122)
	at org.apache.maven.surefire.booter.ForkedBooter.runSuitesInProcess(ForkedBooter.java:385)
	at org.apache.maven.surefire.booter.ForkedBooter.execute(ForkedBooter.java:162)
	at org.apache.maven.surefire.booter.ForkedBooter.run(ForkedBooter.java:507)
	at org.apache.maven.surefire.booter.ForkedBooter.main(ForkedBooter.java:495)
2023-11-24 12:36:47,877 DEBUG o.h.o.s.a.tree [SqlTreePrinter.java:46] SQL AST Tree:
    SelectStatement {
      FromClause {
        StandardTableGroup (u1 : franco.maurizio.hr.desk.com.persistence.entity.User(961691839506270)) {
          primaryTableReference : users as u1_0
        }
      }
    }

2023-11-24 12:36:47,878 DEBUG o.h.o.s.exec [JdbcSelectExecutorStandardImpl.java:455] Skipping reading Query result cache data: cache-enabled = false, cache-mode = NORMAL
2023-11-24 12:36:47,878 TRACE o.h.o.results [ResultsHelper.java:117] Registering initializer : EntityResultInitializer(franco.maurizio.hr.desk.com.persistence.entity.User(961691839506270))
2023-11-24 12:36:47,878 DEBUG o.h.o.results [NavigablePathMapToInitializer.java:76] Initializer list:
	  franco.maurizio.hr.desk.com.persistence.entity.User(961691839506270) -> EntityResultInitializer(franco.maurizio.hr.desk.com.persistence.entity.User(961691839506270))@1486960896 (SingleTableEntityPersister(franco.maurizio.hr.desk.com.persistence.entity.User))

2023-11-24 12:36:47,878 TRACE o.h.s.r.j.i.DeferredResultSetAccess [DeferredResultSetAccess.java:224] Executing query to retrieve ResultSet : select u1_0.id,u1_0.email,u1_0.enabled,u1_0.firstname,u1_0.lastname,u1_0.password,u1_0.regdate,u1_0.role from users u1_0
2023-11-24 12:36:47,879 DEBUG o.h.SQL [SqlStatementLogger.java:133] select u1_0.id,u1_0.email,u1_0.enabled,u1_0.firstname,u1_0.lastname,u1_0.password,u1_0.regdate,u1_0.role from users u1_0
Hibernate: select u1_0.id,u1_0.email,u1_0.enabled,u1_0.firstname,u1_0.lastname,u1_0.password,u1_0.regdate,u1_0.role from users u1_0
2023-11-24 12:36:47,879 TRACE o.h.r.j.i.ResourceRegistryStandardImpl [ResourceRegistryStandardImpl.java:82] Registering statement [HikariProxyPreparedStatement@645067855 wrapping com.mysql.cj.jdbc.ClientPreparedStatement: select u1_0.id,u1_0.email,u1_0.enabled,u1_0.firstname,u1_0.lastname,u1_0.password,u1_0.regdate,u1_0.role from users u1_0]
2023-11-24 12:36:47,879 TRACE o.h.e.j.i.JdbcCoordinatorImpl [JdbcCoordinatorImpl.java:322] Registering last query statement [HikariProxyPreparedStatement@645067855 wrapping com.mysql.cj.jdbc.ClientPreparedStatement: select u1_0.id,u1_0.email,u1_0.enabled,u1_0.firstname,u1_0.lastname,u1_0.password,u1_0.regdate,u1_0.role from users u1_0]
2023-11-24 12:36:47,881 TRACE o.h.r.j.i.ResourceRegistryStandardImpl [ResourceRegistryStandardImpl.java:221] Registering result set [HikariProxyResultSet@1069886725 wrapping com.mysql.cj.jdbc.result.ResultSetImpl@3a975908]
2023-11-24 12:36:47,881 TRACE o.h.r.j.i.AbstractLogicalConnectionImplementor [AbstractLogicalConnectionImplementor.java:48] LogicalConnection#afterStatement
2023-11-24 12:36:47,881 TRACE o.h.o.j.extract [JdbcExtractingLogging.java:24] extracted value ([1] : [BIGINT]) - [158]
2023-11-24 12:36:47,881 TRACE o.h.o.j.extract [JdbcExtractingLogging.java:24] extracted value ([2] : [VARCHAR]) - [773a@b.c]
2023-11-24 12:36:47,881 TRACE o.h.o.j.extract [JdbcExtractingLogging.java:24] extracted value ([3] : [BOOLEAN]) - [false]
2023-11-24 12:36:47,881 TRACE o.h.o.j.extract [JdbcExtractingLogging.java:24] extracted value ([4] : [VARCHAR]) - [pippo]
2023-11-24 12:36:47,881 TRACE o.h.o.j.extract [JdbcExtractingLogging.java:24] extracted value ([5] : [VARCHAR]) - [prova]
2023-11-24 12:36:47,882 TRACE o.h.o.j.extract [JdbcExtractingLogging.java:24] extracted value ([6] : [VARCHAR]) - [$2a$10$4e2mqT.CjvU7QpwspMwwjeSIlQA7tA8ITcYR1RKt8njEegthr3MKG]
2023-11-24 12:36:47,882 TRACE o.h.o.j.extract [JdbcExtractingLogging.java:24] extracted value ([7] : [TIMESTAMP]) - [2023-11-24T12:28]
2023-11-24 12:36:47,882 TRACE o.h.o.j.extract [JdbcExtractingLogging.java:24] extracted value ([8] : [INTEGER]) - [0]
2023-11-24 12:36:47,882 TRACE o.h.o.r.loading [StandardRowReader.java:85] StandardRowReader#readRow
2023-11-24 12:36:47,882 TRACE o.h.o.r.l.entity [AbstractEntityInitializer.java:277] (o.h.s.r.g.e.i.EntityResultInitializer) Beginning Initializer#resolveKey process for entity : franco.maurizio.hr.desk.com.persistence.entity.User(961691839506270)
2023-11-24 12:36:47,882 DEBUG o.h.o.results [BasicResultAssembler.java:61] Extracted JDBC value [0] - [158]
2023-11-24 12:36:47,882 DEBUG o.h.o.r.l.entity [AbstractEntityInitializer.java:300] (EntityResultInitializer) Hydrated EntityKey (franco.maurizio.hr.desk.com.persistence.entity.User(961691839506270)): 158
2023-11-24 12:36:47,882 TRACE o.h.o.r.l.entity [AbstractEntityInitializer.java:491] (o.h.s.r.g.e.i.EntityResultInitializer) Beginning Initializer#resolveInstance process for entity (franco.maurizio.hr.desk.com.persistence.entity.User(961691839506270)) : 158
2023-11-24 12:36:47,883 DEBUG o.h.o.r.l.entity [AbstractEntityInitializer.java:689] (EntityResultInitializer) Created new entity instance [franco.maurizio.hr.desk.com.persistence.entity.User(961691839506270)#158] : 1798250083
2023-11-24 12:36:47,883 TRACE o.h.o.r.l.entity [AbstractEntityInitializer.java:833] (EntityResultInitializer) Beginning Initializer#initializeInstance process for entity franco.maurizio.hr.desk.com.persistence.entity.User(961691839506270)#158
2023-11-24 12:36:47,883 DEBUG o.h.o.results [BasicResultAssembler.java:61] Extracted JDBC value [1] - [773a@b.c]
2023-11-24 12:36:47,883 DEBUG o.h.o.results [BasicResultAssembler.java:61] Extracted JDBC value [2] - [false]
2023-11-24 12:36:47,883 DEBUG o.h.o.results [BasicResultAssembler.java:61] Extracted JDBC value [3] - [pippo]
2023-11-24 12:36:47,883 DEBUG o.h.o.results [BasicResultAssembler.java:61] Extracted JDBC value [4] - [prova]
2023-11-24 12:36:47,883 DEBUG o.h.o.results [BasicResultAssembler.java:61] Extracted JDBC value [5] - [$2a$10$4e2mqT.CjvU7QpwspMwwjeSIlQA7tA8ITcYR1RKt8njEegthr3MKG]
2023-11-24 12:36:47,883 DEBUG o.h.o.results [BasicResultAssembler.java:61] Extracted JDBC value [6] - [2023-11-24T12:28]
2023-11-24 12:36:47,883 DEBUG o.h.o.results [BasicResultAssembler.java:61] Extracted JDBC value [7] - [0]
2023-11-24 12:36:47,884 DEBUG o.h.o.r.l.entity [AbstractEntityInitializer.java:889] (EntityResultInitializer) Done materializing entityInstance : franco.maurizio.hr.desk.com.persistence.entity.User(961691839506270)#158
2023-11-24 12:36:47,884 DEBUG o.h.o.r.loading [StandardRowReader.java:93] Calling top-level assembler (0 / 1) : org.hibernate.sql.results.graph.entity.internal.EntityAssembler@4c75fc8c
2023-11-24 12:36:47,884 TRACE o.h.o.r.loading [StandardRowReader.java:103] StandardRowReader#afterRow
2023-11-24 12:36:47,884 TRACE o.h.o.j.extract [JdbcExtractingLogging.java:24] extracted value ([1] : [BIGINT]) - [159]
2023-11-24 12:36:47,884 TRACE o.h.o.j.extract [JdbcExtractingLogging.java:24] extracted value ([2] : [VARCHAR]) - [264a@b.c]
2023-11-24 12:36:47,884 TRACE o.h.o.j.extract [JdbcExtractingLogging.java:24] extracted value ([3] : [BOOLEAN]) - [false]
2023-11-24 12:36:47,885 TRACE o.h.o.j.extract [JdbcExtractingLogging.java:24] extracted value ([4] : [VARCHAR]) - [pippo]
2023-11-24 12:36:47,885 TRACE o.h.o.j.extract [JdbcExtractingLogging.java:24] extracted value ([5] : [VARCHAR]) - [prova]
2023-11-24 12:36:47,885 TRACE o.h.o.j.extract [JdbcExtractingLogging.java:24] extracted value ([6] : [VARCHAR]) - [$2a$10$sJ6y17hhEupi.FWQtE087ueddy58wQSH1gD5Ci3PTH30P..8m/0ma]
2023-11-24 12:36:47,885 TRACE o.h.o.j.extract [JdbcExtractingLogging.java:24] extracted value ([7] : [TIMESTAMP]) - [2023-11-24T12:28]
2023-11-24 12:36:47,885 TRACE o.h.o.j.extract [JdbcExtractingLogging.java:24] extracted value ([8] : [INTEGER]) - [90]
2023-11-24 12:36:47,885 TRACE o.h.o.r.loading [StandardRowReader.java:85] StandardRowReader#readRow
2023-11-24 12:36:47,885 TRACE o.h.o.r.l.entity [AbstractEntityInitializer.java:277] (o.h.s.r.g.e.i.EntityResultInitializer) Beginning Initializer#resolveKey process for entity : franco.maurizio.hr.desk.com.persistence.entity.User(961691839506270)
2023-11-24 12:36:47,886 DEBUG o.h.o.results [BasicResultAssembler.java:61] Extracted JDBC value [0] - [159]
2023-11-24 12:36:47,886 DEBUG o.h.o.r.l.entity [AbstractEntityInitializer.java:300] (EntityResultInitializer) Hydrated EntityKey (franco.maurizio.hr.desk.com.persistence.entity.User(961691839506270)): 159
2023-11-24 12:36:47,886 TRACE o.h.o.r.l.entity [AbstractEntityInitializer.java:491] (o.h.s.r.g.e.i.EntityResultInitializer) Beginning Initializer#resolveInstance process for entity (franco.maurizio.hr.desk.com.persistence.entity.User(961691839506270)) : 159
2023-11-24 12:36:47,886 DEBUG o.h.o.r.l.entity [AbstractEntityInitializer.java:689] (EntityResultInitializer) Created new entity instance [franco.maurizio.hr.desk.com.persistence.entity.User(961691839506270)#159] : 1277866771
2023-11-24 12:36:47,886 TRACE o.h.o.r.l.entity [AbstractEntityInitializer.java:833] (EntityResultInitializer) Beginning Initializer#initializeInstance process for entity franco.maurizio.hr.desk.com.persistence.entity.User(961691839506270)#159
2023-11-24 12:36:47,886 DEBUG o.h.o.results [BasicResultAssembler.java:61] Extracted JDBC value [1] - [264a@b.c]
2023-11-24 12:36:47,887 DEBUG o.h.o.results [BasicResultAssembler.java:61] Extracted JDBC value [2] - [false]
2023-11-24 12:36:47,887 DEBUG o.h.o.results [BasicResultAssembler.java:61] Extracted JDBC value [3] - [pippo]
2023-11-24 12:36:47,887 DEBUG o.h.o.results [BasicResultAssembler.java:61] Extracted JDBC value [4] - [prova]
2023-11-24 12:36:47,887 DEBUG o.h.o.results [BasicResultAssembler.java:61] Extracted JDBC value [5] - [$2a$10$sJ6y17hhEupi.FWQtE087ueddy58wQSH1gD5Ci3PTH30P..8m/0ma]
2023-11-24 12:36:47,887 DEBUG o.h.o.results [BasicResultAssembler.java:61] Extracted JDBC value [6] - [2023-11-24T12:28]
2023-11-24 12:36:47,887 DEBUG o.h.o.results [BasicResultAssembler.java:61] Extracted JDBC value [7] - [90]
2023-11-24 12:36:47,887 DEBUG o.h.o.r.l.entity [AbstractEntityInitializer.java:889] (EntityResultInitializer) Done materializing entityInstance : franco.maurizio.hr.desk.com.persistence.entity.User(961691839506270)#159
2023-11-24 12:36:47,887 DEBUG o.h.o.r.loading [StandardRowReader.java:93] Calling top-level assembler (0 / 1) : org.hibernate.sql.results.graph.entity.internal.EntityAssembler@4c75fc8c
2023-11-24 12:36:47,887 TRACE o.h.o.r.loading [StandardRowReader.java:103] StandardRowReader#afterRow
2023-11-24 12:36:47,888 TRACE o.h.o.j.extract [JdbcExtractingLogging.java:24] extracted value ([1] : [BIGINT]) - [160]
2023-11-24 12:36:47,888 TRACE o.h.o.j.extract [JdbcExtractingLogging.java:24] extracted value ([2] : [VARCHAR]) - [367a@b.c]
2023-11-24 12:36:47,888 TRACE o.h.o.j.extract [JdbcExtractingLogging.java:24] extracted value ([3] : [BOOLEAN]) - [false]
2023-11-24 12:36:47,888 TRACE o.h.o.j.extract [JdbcExtractingLogging.java:24] extracted value ([4] : [VARCHAR]) - [pippo]
2023-11-24 12:36:47,888 TRACE o.h.o.j.extract [JdbcExtractingLogging.java:24] extracted value ([5] : [VARCHAR]) - [prova]
2023-11-24 12:36:47,888 TRACE o.h.o.j.extract [JdbcExtractingLogging.java:24] extracted value ([6] : [VARCHAR]) - [$2a$10$RrIGx9ofbR3RPnkyTUHgIOYXDpCtosp6QjIWmdXVNndSSdnq5C1Qu]
2023-11-24 12:36:47,888 TRACE o.h.o.j.extract [JdbcExtractingLogging.java:24] extracted value ([7] : [TIMESTAMP]) - [2023-11-24T12:28]
2023-11-24 12:36:47,889 TRACE o.h.o.j.extract [JdbcExtractingLogging.java:24] extracted value ([8] : [INTEGER]) - [-49526484]
2023-11-24 12:36:47,889 TRACE o.h.o.r.loading [StandardRowReader.java:85] StandardRowReader#readRow
2023-11-24 12:36:47,889 TRACE o.h.o.r.l.entity [AbstractEntityInitializer.java:277] (o.h.s.r.g.e.i.EntityResultInitializer) Beginning Initializer#resolveKey process for entity : franco.maurizio.hr.desk.com.persistence.entity.User(961691839506270)
2023-11-24 12:36:47,889 DEBUG o.h.o.results [BasicResultAssembler.java:61] Extracted JDBC value [0] - [160]
2023-11-24 12:36:47,889 DEBUG o.h.o.r.l.entity [AbstractEntityInitializer.java:300] (EntityResultInitializer) Hydrated EntityKey (franco.maurizio.hr.desk.com.persistence.entity.User(961691839506270)): 160
2023-11-24 12:36:47,889 TRACE o.h.o.r.l.entity [AbstractEntityInitializer.java:491] (o.h.s.r.g.e.i.EntityResultInitializer) Beginning Initializer#resolveInstance process for entity (franco.maurizio.hr.desk.com.persistence.entity.User(961691839506270)) : 160
2023-11-24 12:36:47,890 DEBUG o.h.o.r.l.entity [AbstractEntityInitializer.java:689] (EntityResultInitializer) Created new entity instance [franco.maurizio.hr.desk.com.persistence.entity.User(961691839506270)#160] : 1608868083
2023-11-24 12:36:47,890 TRACE o.h.o.r.l.entity [AbstractEntityInitializer.java:833] (EntityResultInitializer) Beginning Initializer#initializeInstance process for entity franco.maurizio.hr.desk.com.persistence.entity.User(961691839506270)#160
2023-11-24 12:36:47,890 DEBUG o.h.o.results [BasicResultAssembler.java:61] Extracted JDBC value [1] - [367a@b.c]
2023-11-24 12:36:47,890 DEBUG o.h.o.results [BasicResultAssembler.java:61] Extracted JDBC value [2] - [false]
2023-11-24 12:36:47,890 DEBUG o.h.o.results [BasicResultAssembler.java:61] Extracted JDBC value [3] - [pippo]
2023-11-24 12:36:47,891 DEBUG o.h.o.results [BasicResultAssembler.java:61] Extracted JDBC value [4] - [prova]
2023-11-24 12:36:47,891 DEBUG o.h.o.results [BasicResultAssembler.java:61] Extracted JDBC value [5] - [$2a$10$RrIGx9ofbR3RPnkyTUHgIOYXDpCtosp6QjIWmdXVNndSSdnq5C1Qu]
2023-11-24 12:36:47,891 DEBUG o.h.o.results [BasicResultAssembler.java:61] Extracted JDBC value [6] - [2023-11-24T12:28]
2023-11-24 12:36:47,891 DEBUG o.h.o.results [BasicResultAssembler.java:61] Extracted JDBC value [7] - [-49526484]
2023-11-24 12:36:47,892 DEBUG o.h.o.r.l.entity [AbstractEntityInitializer.java:889] (EntityResultInitializer) Done materializing entityInstance : franco.maurizio.hr.desk.com.persistence.entity.User(961691839506270)#160
2023-11-24 12:36:47,892 DEBUG o.h.o.r.loading [StandardRowReader.java:93] Calling top-level assembler (0 / 1) : org.hibernate.sql.results.graph.entity.internal.EntityAssembler@4c75fc8c
2023-11-24 12:36:47,892 TRACE o.h.o.r.loading [StandardRowReader.java:103] StandardRowReader#afterRow
2023-11-24 12:36:47,892 TRACE o.h.r.j.i.ResourceRegistryStandardImpl [ResourceRegistryStandardImpl.java:117] Releasing result set [HikariProxyResultSet@1069886725 wrapping com.mysql.cj.jdbc.result.ResultSetImpl@3a975908]
2023-11-24 12:36:47,892 TRACE o.h.r.j.i.ResourceRegistryStandardImpl [ResourceRegistryStandardImpl.java:169] Closing result set [HikariProxyResultSet@1069886725 wrapping com.mysql.cj.jdbc.result.ResultSetImpl@3a975908]
2023-11-24 12:36:47,892 TRACE o.h.r.j.i.ResourceRegistryStandardImpl [ResourceRegistryStandardImpl.java:96] Releasing statement [HikariProxyPreparedStatement@645067855 wrapping com.mysql.cj.jdbc.ClientPreparedStatement: select u1_0.id,u1_0.email,u1_0.enabled,u1_0.firstname,u1_0.lastname,u1_0.password,u1_0.regdate,u1_0.role from users u1_0]
2023-11-24 12:36:47,893 TRACE o.h.r.j.i.ResourceRegistryStandardImpl [ResourceRegistryStandardImpl.java:187] Closing prepared statement [HikariProxyPreparedStatement@645067855 wrapping com.mysql.cj.jdbc.ClientPreparedStatement: select u1_0.id,u1_0.email,u1_0.enabled,u1_0.firstname,u1_0.lastname,u1_0.password,u1_0.regdate,u1_0.role from users u1_0]
2023-11-24 12:36:47,893 TRACE o.h.e.i.StatefulPersistenceContext [StatefulPersistenceContext.java:976] Initializing non-lazy collections
2023-11-24 12:36:47,893 DEBUG o.h.j.i.PersistenceUnitUtilImpl [PersistenceUnitUtilImpl.java:89] jakarta.persistence.PersistenceUnitUtil.getIdentifier is only intended to work with enhanced entities (although Hibernate also adapts this support to its proxies); however the passed entity was not enhanced (nor a proxy).. may not be able to read identifier
2023-11-24 12:36:47,893 DEBUG o.h.j.i.PersistenceUnitUtilImpl [PersistenceUnitUtilImpl.java:89] jakarta.persistence.PersistenceUnitUtil.getIdentifier is only intended to work with enhanced entities (although Hibernate also adapts this support to its proxies); however the passed entity was not enhanced (nor a proxy).. may not be able to read identifier
2023-11-24 12:36:47,893 TRACE o.h.e.i.DefaultLoadEventListener [DefaultLoadEventListener.java:228] Loading entity: [franco.maurizio.hr.desk.com.persistence.entity.User#158]
2023-11-24 12:36:47,894 TRACE o.h.e.i.DefaultLoadEventListener [DefaultLoadEventListener.java:502] Attempting to resolve: [franco.maurizio.hr.desk.com.persistence.entity.User#158]
2023-11-24 12:36:47,894 TRACE o.h.e.i.DefaultDeleteEventListener [DefaultDeleteEventListener.java:211] Deleting a persistent instance
2023-11-24 12:36:47,894 TRACE o.h.e.i.DefaultDeleteEventListener [DefaultDeleteEventListener.java:363] Deleting [franco.maurizio.hr.desk.com.persistence.entity.User#158]
2023-11-24 12:36:47,894 DEBUG o.h.j.i.PersistenceUnitUtilImpl [PersistenceUnitUtilImpl.java:89] jakarta.persistence.PersistenceUnitUtil.getIdentifier is only intended to work with enhanced entities (although Hibernate also adapts this support to its proxies); however the passed entity was not enhanced (nor a proxy).. may not be able to read identifier
2023-11-24 12:36:47,894 DEBUG o.h.j.i.PersistenceUnitUtilImpl [PersistenceUnitUtilImpl.java:89] jakarta.persistence.PersistenceUnitUtil.getIdentifier is only intended to work with enhanced entities (although Hibernate also adapts this support to its proxies); however the passed entity was not enhanced (nor a proxy).. may not be able to read identifier
2023-11-24 12:36:47,894 TRACE o.h.e.i.DefaultLoadEventListener [DefaultLoadEventListener.java:228] Loading entity: [franco.maurizio.hr.desk.com.persistence.entity.User#159]
2023-11-24 12:36:47,895 TRACE o.h.e.i.DefaultLoadEventListener [DefaultLoadEventListener.java:502] Attempting to resolve: [franco.maurizio.hr.desk.com.persistence.entity.User#159]
2023-11-24 12:36:47,895 TRACE o.h.e.i.DefaultDeleteEventListener [DefaultDeleteEventListener.java:211] Deleting a persistent instance
2023-11-24 12:36:47,895 TRACE o.h.e.i.DefaultDeleteEventListener [DefaultDeleteEventListener.java:363] Deleting [franco.maurizio.hr.desk.com.persistence.entity.User#159]
2023-11-24 12:36:47,895 DEBUG o.h.j.i.PersistenceUnitUtilImpl [PersistenceUnitUtilImpl.java:89] jakarta.persistence.PersistenceUnitUtil.getIdentifier is only intended to work with enhanced entities (although Hibernate also adapts this support to its proxies); however the passed entity was not enhanced (nor a proxy).. may not be able to read identifier
2023-11-24 12:36:47,895 DEBUG o.h.j.i.PersistenceUnitUtilImpl [PersistenceUnitUtilImpl.java:89] jakarta.persistence.PersistenceUnitUtil.getIdentifier is only intended to work with enhanced entities (although Hibernate also adapts this support to its proxies); however the passed entity was not enhanced (nor a proxy).. may not be able to read identifier
2023-11-24 12:36:47,895 TRACE o.h.e.i.DefaultLoadEventListener [DefaultLoadEventListener.java:228] Loading entity: [franco.maurizio.hr.desk.com.persistence.entity.User#160]
2023-11-24 12:36:47,896 TRACE o.h.e.i.DefaultLoadEventListener [DefaultLoadEventListener.java:502] Attempting to resolve: [franco.maurizio.hr.desk.com.persistence.entity.User#160]
2023-11-24 12:36:47,896 TRACE o.h.e.i.DefaultDeleteEventListener [DefaultDeleteEventListener.java:211] Deleting a persistent instance
2023-11-24 12:36:47,896 TRACE o.h.e.i.DefaultDeleteEventListener [DefaultDeleteEventListener.java:363] Deleting [franco.maurizio.hr.desk.com.persistence.entity.User#160]
2023-11-24 12:36:47,896 DEBUG o.h.e.t.i.TransactionImpl [TransactionImpl.java:98] committing
2023-11-24 12:36:47,897 TRACE o.h.r.t.b.j.i.JdbcResourceLocalTransactionCoordinatorImpl [JdbcResourceLocalTransactionCoordinatorImpl.java:167] ResourceLocalTransactionCoordinatorImpl#beforeCompletionCallback
2023-11-24 12:36:47,897 TRACE o.h.i.SessionImpl [SessionImpl.java:1965] SessionImpl#beforeTransactionCompletion()
2023-11-24 12:36:47,897 TRACE o.h.i.SessionImpl [SessionImpl.java:484] Automatically flushing session
2023-11-24 12:36:47,897 TRACE o.h.e.i.AbstractFlushingEventListener [AbstractFlushingEventListener.java:72] Flushing session
2023-11-24 12:36:47,897 DEBUG o.h.e.i.AbstractFlushingEventListener [AbstractFlushingEventListener.java:136] Processing flush-time cascades
2023-11-24 12:36:47,897 DEBUG o.h.e.i.AbstractFlushingEventListener [AbstractFlushingEventListener.java:185] Dirty checking collections
2023-11-24 12:36:47,897 TRACE o.h.e.i.AbstractFlushingEventListener [AbstractFlushingEventListener.java:197] Flushing entities and processing referenced collections
2023-11-24 12:36:47,898 TRACE o.h.e.i.AbstractFlushingEventListener [AbstractFlushingEventListener.java:264] Processing unreferenced collections
2023-11-24 12:36:47,898 TRACE o.h.e.i.AbstractFlushingEventListener [AbstractFlushingEventListener.java:277] Scheduling collection removes/(re)creates/updates
2023-11-24 12:36:47,898 DEBUG o.h.e.i.AbstractFlushingEventListener [AbstractFlushingEventListener.java:110] Flushed: 0 insertions, 0 updates, 3 deletions to 3 objects
2023-11-24 12:36:47,898 DEBUG o.h.e.i.AbstractFlushingEventListener [AbstractFlushingEventListener.java:117] Flushed: 0 (re)creations, 0 updates, 0 removals to 0 collections
2023-11-24 12:36:47,898 DEBUG o.h.i.u.EntityPrinter [EntityPrinter.java:111] Listing entities:
2023-11-24 12:36:47,898 DEBUG o.h.i.u.EntityPrinter [EntityPrinter.java:118] franco.maurizio.hr.desk.com.persistence.entity.User{firstname=pippo, password=$2a$10$sJ6y17hhEupi.FWQtE087ueddy58wQSH1gD5Ci3PTH30P..8m/0ma, role=90, regdate=2023-11-24T12:28, id=159, email=264a@b.c, enabled=false, lastname=prova}
2023-11-24 12:36:47,898 DEBUG o.h.i.u.EntityPrinter [EntityPrinter.java:118] franco.maurizio.hr.desk.com.persistence.entity.User{firstname=pippo, password=$2a$10$RrIGx9ofbR3RPnkyTUHgIOYXDpCtosp6QjIWmdXVNndSSdnq5C1Qu, role=-49526484, regdate=2023-11-24T12:28, id=160, email=367a@b.c, enabled=false, lastname=prova}
2023-11-24 12:36:47,898 DEBUG o.h.i.u.EntityPrinter [EntityPrinter.java:118] franco.maurizio.hr.desk.com.persistence.entity.User{firstname=pippo, password=$2a$10$4e2mqT.CjvU7QpwspMwwjeSIlQA7tA8ITcYR1RKt8njEegthr3MKG, role=0, regdate=2023-11-24T12:28, id=158, email=773a@b.c, enabled=false, lastname=prova}
2023-11-24 12:36:47,899 TRACE o.h.e.i.AbstractFlushingEventListener [AbstractFlushingEventListener.java:349] Executing flush
2023-11-24 12:36:47,899 TRACE o.h.r.j.i.ResourceRegistryStandardImpl [ResourceRegistryStandardImpl.java:82] Registering statement [HikariProxyPreparedStatement@1310918601 wrapping com.mysql.cj.jdbc.ClientPreparedStatement: delete from users where id=** NOT SPECIFIED **]
2023-11-24 12:36:47,899 TRACE o.h.r.j.i.ResourceRegistryStandardImpl [ResourceRegistryStandardImpl.java:221] Registering result set [null]
2023-11-24 12:36:47,899 DEBUG o.h.SQL [SqlStatementLogger.java:133] delete from users where id=?
Hibernate: delete from users where id=?
2023-11-24 12:36:47,899 TRACE o.h.o.j.bind [JdbcBindingLogging.java:25] binding parameter [1] as [BIGINT] - [158]
2023-11-24 12:36:47,900 TRACE o.h.r.j.i.ResourceRegistryStandardImpl [ResourceRegistryStandardImpl.java:96] Releasing statement [HikariProxyPreparedStatement@1310918601 wrapping com.mysql.cj.jdbc.ClientPreparedStatement: delete from users where id=158]
2023-11-24 12:36:47,900 TRACE o.h.r.j.i.ResourceRegistryStandardImpl [ResourceRegistryStandardImpl.java:169] Closing result set [null]
2023-11-24 12:36:47,900 TRACE o.h.r.j.i.ResourceRegistryStandardImpl [ResourceRegistryStandardImpl.java:187] Closing prepared statement [HikariProxyPreparedStatement@1310918601 wrapping com.mysql.cj.jdbc.ClientPreparedStatement: delete from users where id=158]
2023-11-24 12:36:47,900 TRACE o.h.r.j.i.ResourceRegistryStandardImpl [ResourceRegistryStandardImpl.java:82] Registering statement [HikariProxyPreparedStatement@1990582553 wrapping com.mysql.cj.jdbc.ClientPreparedStatement: delete from users where id=** NOT SPECIFIED **]
2023-11-24 12:36:47,900 TRACE o.h.r.j.i.ResourceRegistryStandardImpl [ResourceRegistryStandardImpl.java:221] Registering result set [null]
2023-11-24 12:36:47,900 DEBUG o.h.SQL [SqlStatementLogger.java:133] delete from users where id=?
Hibernate: delete from users where id=?
2023-11-24 12:36:47,901 TRACE o.h.o.j.bind [JdbcBindingLogging.java:25] binding parameter [1] as [BIGINT] - [159]
2023-11-24 12:36:47,901 TRACE o.h.r.j.i.ResourceRegistryStandardImpl [ResourceRegistryStandardImpl.java:96] Releasing statement [HikariProxyPreparedStatement@1990582553 wrapping com.mysql.cj.jdbc.ClientPreparedStatement: delete from users where id=159]
2023-11-24 12:36:47,901 TRACE o.h.r.j.i.ResourceRegistryStandardImpl [ResourceRegistryStandardImpl.java:169] Closing result set [null]
2023-11-24 12:36:47,901 TRACE o.h.r.j.i.ResourceRegistryStandardImpl [ResourceRegistryStandardImpl.java:187] Closing prepared statement [HikariProxyPreparedStatement@1990582553 wrapping com.mysql.cj.jdbc.ClientPreparedStatement: delete from users where id=159]
2023-11-24 12:36:47,902 TRACE o.h.r.j.i.ResourceRegistryStandardImpl [ResourceRegistryStandardImpl.java:82] Registering statement [HikariProxyPreparedStatement@1476093695 wrapping com.mysql.cj.jdbc.ClientPreparedStatement: delete from users where id=** NOT SPECIFIED **]
2023-11-24 12:36:47,902 TRACE o.h.r.j.i.ResourceRegistryStandardImpl [ResourceRegistryStandardImpl.java:221] Registering result set [null]
2023-11-24 12:36:47,902 DEBUG o.h.SQL [SqlStatementLogger.java:133] delete from users where id=?
Hibernate: delete from users where id=?
2023-11-24 12:36:47,902 TRACE o.h.o.j.bind [JdbcBindingLogging.java:25] binding parameter [1] as [BIGINT] - [160]
2023-11-24 12:36:47,903 TRACE o.h.r.j.i.ResourceRegistryStandardImpl [ResourceRegistryStandardImpl.java:96] Releasing statement [HikariProxyPreparedStatement@1476093695 wrapping com.mysql.cj.jdbc.ClientPreparedStatement: delete from users where id=160]
2023-11-24 12:36:47,903 TRACE o.h.r.j.i.ResourceRegistryStandardImpl [ResourceRegistryStandardImpl.java:169] Closing result set [null]
2023-11-24 12:36:47,903 TRACE o.h.r.j.i.ResourceRegistryStandardImpl [ResourceRegistryStandardImpl.java:187] Closing prepared statement [HikariProxyPreparedStatement@1476093695 wrapping com.mysql.cj.jdbc.ClientPreparedStatement: delete from users where id=160]
2023-11-24 12:36:47,903 TRACE o.h.e.j.i.JdbcCoordinatorImpl [JdbcCoordinatorImpl.java:270] Starting after statement execution processing [ON_CLOSE]
2023-11-24 12:36:47,903 TRACE o.h.e.i.AbstractFlushingEventListener [AbstractFlushingEventListener.java:384] Post flush
2023-11-24 12:36:47,903 TRACE o.h.r.j.i.AbstractLogicalConnectionImplementor [AbstractLogicalConnectionImplementor.java:53] LogicalConnection#beforeTransactionCompletion
2023-11-24 12:36:47,903 TRACE o.h.r.t.i.SynchronizationRegistryStandardImpl [SynchronizationRegistryStandardImpl.java:55] SynchronizationRegistryStandardImpl.notifySynchronizationsBeforeTransactionCompletion
2023-11-24 12:36:47,903 TRACE o.h.r.j.i.AbstractLogicalConnectionImplementor [AbstractLogicalConnectionImplementor.java:85] Preparing to commit transaction via JDBC Connection.commit()
2023-11-24 12:36:47,904 TRACE o.h.r.j.i.AbstractLogicalConnectionImplementor [AbstractLogicalConnectionImplementor.java:88] Transaction committed via JDBC Connection.commit()
2023-11-24 12:36:47,904 TRACE o.h.r.j.i.AbstractLogicalConnectionImplementor [AbstractLogicalConnectionImplementor.java:105] re-enabling auto-commit on JDBC Connection after completion of JDBC-based transaction
2023-11-24 12:36:47,905 TRACE o.h.r.j.i.AbstractLogicalConnectionImplementor [AbstractLogicalConnectionImplementor.java:58] LogicalConnection#afterTransaction
2023-11-24 12:36:47,905 TRACE o.h.r.j.i.ResourceRegistryStandardImpl [ResourceRegistryStandardImpl.java:329] Releasing JDBC resources
2023-11-24 12:36:47,905 TRACE o.h.r.t.b.j.i.JdbcResourceLocalTransactionCoordinatorImpl [JdbcResourceLocalTransactionCoordinatorImpl.java:185] ResourceLocalTransactionCoordinatorImpl#afterCompletionCallback(true)
2023-11-24 12:36:47,905 TRACE o.h.r.t.i.SynchronizationRegistryStandardImpl [DelegatingBasicLogger.java:158] SynchronizationRegistryStandardImpl.notifySynchronizationsAfterTransactionCompletion(3)
2023-11-24 12:36:47,905 TRACE o.h.i.SessionImpl [SessionImpl.java:1980] SessionImpl#afterTransactionCompletion(successful=true, delayed=false)
2023-11-24 12:36:47,905 TRACE o.h.i.SessionImpl [SessionImpl.java:402] Closing session [3d77da33-2660-4a62-b63e-0e5fda325f49]
2023-11-24 12:36:47,905 TRACE o.h.e.j.i.JdbcCoordinatorImpl [JdbcCoordinatorImpl.java:152] Closing JDBC container [org.hibernate.engine.jdbc.internal.JdbcCoordinatorImpl@10d2cb26]
2023-11-24 12:36:47,905 TRACE o.h.r.j.i.ResourceRegistryStandardImpl [ResourceRegistryStandardImpl.java:329] Releasing JDBC resources
2023-11-24 12:36:47,905 TRACE o.h.r.j.i.LogicalConnectionManagedImpl [LogicalConnectionManagedImpl.java:256] Closing logical connection
2023-11-24 12:36:47,906 TRACE o.h.r.j.i.ResourceRegistryStandardImpl [ResourceRegistryStandardImpl.java:329] Releasing JDBC resources
2023-11-24 12:36:47,906 TRACE o.h.r.j.i.LogicalConnectionManagedImpl [LogicalConnectionManagedImpl.java:263] Logical connection closed
2023-11-24 12:36:47,906 DEBUG f.m.h.d.c.s.RoleService [RoleService.java:42] deleteAll - START
2023-11-24 12:36:47,906 TRACE o.h.i.SessionFactoryImpl$SessionBuilderImpl [SessionFactoryImpl.java:1298] Opening Hibernate Session.  tenant=null
2023-11-24 12:36:47,906 TRACE o.h.i.SessionImpl [SessionImpl.java:262] Opened Session [75946907-0d7e-40ed-88cd-03c5ea3c46e2] at timestamp: 1700825807906
2023-11-24 12:36:47,907 DEBUG o.h.e.t.i.TransactionImpl [TransactionImpl.java:53] On TransactionImpl creation, JpaCompliance#isJpaTransactionComplianceEnabled == false
2023-11-24 12:36:47,907 DEBUG o.h.e.t.i.TransactionImpl [TransactionImpl.java:81] begin
2023-11-24 12:36:47,907 TRACE o.h.r.j.i.AbstractLogicalConnectionImplementor [AbstractLogicalConnectionImplementor.java:71] Preparing to begin transaction via JDBC Connection.setAutoCommit(false)
2023-11-24 12:36:47,907 TRACE o.h.r.j.i.AbstractLogicalConnectionImplementor [AbstractLogicalConnectionImplementor.java:73] Transaction begun via JDBC Connection.setAutoCommit(false)
2023-11-24 12:36:47,907 TRACE o.h.r.t.b.j.i.JdbcResourceLocalTransactionCoordinatorImpl [JdbcResourceLocalTransactionCoordinatorImpl.java:163] ResourceLocalTransactionCoordinatorImpl#afterBeginCallback
2023-11-24 12:36:47,908 TRACE o.h.q.s.s.BaseSqmToSqlAstConverter [BaseSqmToSqlAstConverter.java:2577] Resolving SqmRoot [franco.maurizio.hr.desk.com.persistence.entity.Role] to TableGroup
2023-11-24 12:36:47,908 TRACE o.h.q.s.s.BaseSqmToSqlAstConverter [BaseSqmToSqlAstConverter.java:2744] Resolving SqmRoot [franco.maurizio.hr.desk.com.persistence.entity.Role] to TableGroup
2023-11-24 12:36:47,908 DEBUG o.h.o.s.a.create [SqlAliasBaseImpl.java:33] Created new SQL alias : r1_0
2023-11-24 12:36:47,908 TRACE o.h.q.s.s.BaseSqmToSqlAstConverter [BaseSqmToSqlAstConverter.java:2811] Resolved SqmRoot [franco.maurizio.hr.desk.com.persistence.entity.Role] to new TableGroup [StandardTableGroup(franco.maurizio.hr.desk.com.persistence.entity.Role(961691871400342))]
2023-11-24 12:36:47,908 DEBUG o.h.o.s.a.create [SimpleFromClauseAccessImpl.java:98] Registration of TableGroup [StandardTableGroup(franco.maurizio.hr.desk.com.persistence.entity.Role(961691871400342))] with identifierForTableGroup [franco.maurizio.hr.desk.com.persistence.entity.Role] for NavigablePath [franco.maurizio.hr.desk.com.persistence.entity.Role] 
2023-11-24 12:36:47,908 TRACE o.h.q.s.s.BaseSqmToSqlAstConverter [BaseSqmToSqlAstConverter.java:3179] Visiting explicit joins for `franco.maurizio.hr.desk.com.persistence.entity.Role(961691871400342)`
2023-11-24 12:36:47,909 TRACE o.h.q.s.s.BaseSqmToSqlAstConverter [BaseSqmToSqlAstConverter.java:3820] SqmRoot [franco.maurizio.hr.desk.com.persistence.entity.Role] resolved to existing TableGroup [StandardTableGroup(franco.maurizio.hr.desk.com.persistence.entity.Role(961691871400342))]
2023-11-24 12:36:47,909 DEBUG o.h.o.r.g.AST [DomainResultGraphPrinter.java:67] DomainResult Graph:
 \-EntityResultImpl [franco.maurizio.hr.desk.com.persistence.entity.Role(961691871400342)]
 |  +-BasicFetch [franco.maurizio.hr.desk.com.persistence.entity.Role(961691871400342).description]
 |  +-BasicFetch [franco.maurizio.hr.desk.com.persistence.entity.Role(961691871400342).label]
 |  \-BasicFetch [franco.maurizio.hr.desk.com.persistence.entity.Role(961691871400342).level]

2023-11-24 12:36:47,910 TRACE o.h.o.r.g.AST [DomainResultGraphPrinter.java:70] Stack trace calling DomainResultGraphPrinter
java.lang.Exception: null
	at org.hibernate.sql.results.graph.DomainResultGraphPrinter.visitDomainResults(DomainResultGraphPrinter.java:70)
	at org.hibernate.sql.results.graph.DomainResultGraphPrinter.logDomainResultGraph(DomainResultGraphPrinter.java:46)
	at org.hibernate.sql.results.graph.DomainResultGraphPrinter.logDomainResultGraph(DomainResultGraphPrinter.java:37)
	at org.hibernate.sql.ast.spi.AbstractSqlAstTranslator.translateSelect(AbstractSqlAstTranslator.java:848)
	at org.hibernate.sql.ast.spi.AbstractSqlAstTranslator.translate(AbstractSqlAstTranslator.java:801)
	at org.hibernate.query.sqm.internal.ConcreteSqmSelectQueryPlan.buildCacheableSqmInterpretation(ConcreteSqmSelectQueryPlan.java:372)
	at org.hibernate.query.sqm.internal.ConcreteSqmSelectQueryPlan.withCacheableSqmInterpretation(ConcreteSqmSelectQueryPlan.java:268)
	at org.hibernate.query.sqm.internal.ConcreteSqmSelectQueryPlan.performList(ConcreteSqmSelectQueryPlan.java:244)
	at org.hibernate.query.sqm.internal.QuerySqmImpl.doList(QuerySqmImpl.java:518)
	at org.hibernate.query.spi.AbstractSelectionQuery.list(AbstractSelectionQuery.java:367)
	at org.hibernate.query.Query.getResultList(Query.java:119)
	at org.springframework.data.jpa.repository.support.SimpleJpaRepository.findAll(SimpleJpaRepository.java:383)
	at org.springframework.data.jpa.repository.support.SimpleJpaRepository.deleteAll(SimpleJpaRepository.java:283)
	at java.base/jdk.internal.reflect.NativeMethodAccessorImpl.invoke0(Native Method)
	at java.base/jdk.internal.reflect.NativeMethodAccessorImpl.invoke(NativeMethodAccessorImpl.java:77)
	at java.base/jdk.internal.reflect.DelegatingMethodAccessorImpl.invoke(DelegatingMethodAccessorImpl.java:43)
	at java.base/java.lang.reflect.Method.invoke(Method.java:568)
	at org.springframework.data.repository.core.support.RepositoryMethodInvoker$RepositoryFragmentMethodInvoker.lambda$new$0(RepositoryMethodInvoker.java:288)
	at org.springframework.data.repository.core.support.RepositoryMethodInvoker.doInvoke(RepositoryMethodInvoker.java:136)
	at org.springframework.data.repository.core.support.RepositoryMethodInvoker.invoke(RepositoryMethodInvoker.java:120)
	at org.springframework.data.repository.core.support.RepositoryComposition$RepositoryFragments.invoke(RepositoryComposition.java:516)
	at org.springframework.data.repository.core.support.RepositoryComposition.invoke(RepositoryComposition.java:285)
	at org.springframework.data.repository.core.support.RepositoryFactorySupport$ImplementationMethodExecutionInterceptor.invoke(RepositoryFactorySupport.java:628)
	at org.springframework.aop.framework.ReflectiveMethodInvocation.proceed(ReflectiveMethodInvocation.java:184)
	at org.springframework.data.repository.core.support.QueryExecutorMethodInterceptor.doInvoke(QueryExecutorMethodInterceptor.java:168)
	at org.springframework.data.repository.core.support.QueryExecutorMethodInterceptor.invoke(QueryExecutorMethodInterceptor.java:143)
	at org.springframework.aop.framework.ReflectiveMethodInvocation.proceed(ReflectiveMethodInvocation.java:184)
	at org.springframework.data.projection.DefaultMethodInvokingMethodInterceptor.invoke(DefaultMethodInvokingMethodInterceptor.java:72)
	at org.springframework.aop.framework.ReflectiveMethodInvocation.proceed(ReflectiveMethodInvocation.java:184)
	at org.springframework.transaction.interceptor.TransactionInterceptor$1.proceedWithInvocation(TransactionInterceptor.java:123)
	at org.springframework.transaction.interceptor.TransactionAspectSupport.invokeWithinTransaction(TransactionAspectSupport.java:391)
	at org.springframework.transaction.interceptor.TransactionInterceptor.invoke(TransactionInterceptor.java:119)
	at org.springframework.aop.framework.ReflectiveMethodInvocation.proceed(ReflectiveMethodInvocation.java:184)
	at org.springframework.dao.support.PersistenceExceptionTranslationInterceptor.invoke(PersistenceExceptionTranslationInterceptor.java:137)
	at org.springframework.aop.framework.ReflectiveMethodInvocation.proceed(ReflectiveMethodInvocation.java:184)
	at org.springframework.data.jpa.repository.support.CrudMethodMetadataPostProcessor$CrudMethodMetadataPopulatingMethodInterceptor.invoke(CrudMethodMetadataPostProcessor.java:164)
	at org.springframework.aop.framework.ReflectiveMethodInvocation.proceed(ReflectiveMethodInvocation.java:184)
	at org.springframework.aop.interceptor.ExposeInvocationInterceptor.invoke(ExposeInvocationInterceptor.java:97)
	at org.springframework.aop.framework.ReflectiveMethodInvocation.proceed(ReflectiveMethodInvocation.java:184)
	at org.springframework.aop.framework.JdkDynamicAopProxy.invoke(JdkDynamicAopProxy.java:244)
	at jdk.proxy2/jdk.proxy2.$Proxy210.deleteAll(Unknown Source)
	at franco.maurizio.hr.desk.com.service.RoleService.deleteAll(RoleService.java:43)
	at franco.maurizio.hr.desk.com.integration.controller.CandidateCustomControllerIntegrationTests.initializeRelatedTables(CandidateCustomControllerIntegrationTests.java:79)
	at java.base/jdk.internal.reflect.NativeMethodAccessorImpl.invoke0(Native Method)
	at java.base/jdk.internal.reflect.NativeMethodAccessorImpl.invoke(NativeMethodAccessorImpl.java:77)
	at java.base/jdk.internal.reflect.DelegatingMethodAccessorImpl.invoke(DelegatingMethodAccessorImpl.java:43)
	at java.base/java.lang.reflect.Method.invoke(Method.java:568)
	at org.junit.platform.commons.util.ReflectionUtils.invokeMethod(ReflectionUtils.java:727)
	at org.junit.jupiter.engine.execution.MethodInvocation.proceed(MethodInvocation.java:60)
	at org.junit.jupiter.engine.execution.InvocationInterceptorChain$ValidatingInvocation.proceed(InvocationInterceptorChain.java:131)
	at org.junit.jupiter.engine.extension.TimeoutExtension.intercept(TimeoutExtension.java:156)
	at org.junit.jupiter.engine.extension.TimeoutExtension.interceptLifecycleMethod(TimeoutExtension.java:128)
	at org.junit.jupiter.engine.extension.TimeoutExtension.interceptBeforeEachMethod(TimeoutExtension.java:78)
	at org.junit.jupiter.engine.execution.InterceptingExecutableInvoker$ReflectiveInterceptorCall.lambda$ofVoidMethod$0(InterceptingExecutableInvoker.java:103)
	at org.junit.jupiter.engine.execution.InterceptingExecutableInvoker.lambda$invoke$0(InterceptingExecutableInvoker.java:93)
	at org.junit.jupiter.engine.execution.InvocationInterceptorChain$InterceptedInvocation.proceed(InvocationInterceptorChain.java:106)
	at org.junit.jupiter.engine.execution.InvocationInterceptorChain.proceed(InvocationInterceptorChain.java:64)
	at org.junit.jupiter.engine.execution.InvocationInterceptorChain.chainAndInvoke(InvocationInterceptorChain.java:45)
	at org.junit.jupiter.engine.execution.InvocationInterceptorChain.invoke(InvocationInterceptorChain.java:37)
	at org.junit.jupiter.engine.execution.InterceptingExecutableInvoker.invoke(InterceptingExecutableInvoker.java:92)
	at org.junit.jupiter.engine.execution.InterceptingExecutableInvoker.invoke(InterceptingExecutableInvoker.java:86)
	at org.junit.jupiter.engine.descriptor.ClassBasedTestDescriptor.invokeMethodInExtensionContext(ClassBasedTestDescriptor.java:520)
	at org.junit.jupiter.engine.descriptor.ClassBasedTestDescriptor.lambda$synthesizeBeforeEachMethodAdapter$23(ClassBasedTestDescriptor.java:505)
	at org.junit.jupiter.engine.descriptor.TestMethodTestDescriptor.lambda$invokeBeforeEachMethods$3(TestMethodTestDescriptor.java:174)
	at org.junit.jupiter.engine.descriptor.TestMethodTestDescriptor.lambda$invokeBeforeMethodsOrCallbacksUntilExceptionOccurs$6(TestMethodTestDescriptor.java:202)
	at org.junit.platform.engine.support.hierarchical.ThrowableCollector.execute(ThrowableCollector.java:73)
	at org.junit.jupiter.engine.descriptor.TestMethodTestDescriptor.invokeBeforeMethodsOrCallbacksUntilExceptionOccurs(TestMethodTestDescriptor.java:202)
	at org.junit.jupiter.engine.descriptor.TestMethodTestDescriptor.invokeBeforeEachMethods(TestMethodTestDescriptor.java:171)
	at org.junit.jupiter.engine.descriptor.TestMethodTestDescriptor.execute(TestMethodTestDescriptor.java:134)
	at org.junit.jupiter.engine.descriptor.TestMethodTestDescriptor.execute(TestMethodTestDescriptor.java:68)
	at org.junit.platform.engine.support.hierarchical.NodeTestTask.lambda$executeRecursively$6(NodeTestTask.java:151)
	at org.junit.platform.engine.support.hierarchical.ThrowableCollector.execute(ThrowableCollector.java:73)
	at org.junit.platform.engine.support.hierarchical.NodeTestTask.lambda$executeRecursively$8(NodeTestTask.java:141)
	at org.junit.platform.engine.support.hierarchical.Node.around(Node.java:137)
	at org.junit.platform.engine.support.hierarchical.NodeTestTask.lambda$executeRecursively$9(NodeTestTask.java:139)
	at org.junit.platform.engine.support.hierarchical.ThrowableCollector.execute(ThrowableCollector.java:73)
	at org.junit.platform.engine.support.hierarchical.NodeTestTask.executeRecursively(NodeTestTask.java:138)
	at org.junit.platform.engine.support.hierarchical.NodeTestTask.execute(NodeTestTask.java:95)
	at java.base/java.util.ArrayList.forEach(ArrayList.java:1511)
	at org.junit.platform.engine.support.hierarchical.SameThreadHierarchicalTestExecutorService.invokeAll(SameThreadHierarchicalTestExecutorService.java:41)
	at org.junit.platform.engine.support.hierarchical.NodeTestTask.lambda$executeRecursively$6(NodeTestTask.java:155)
	at org.junit.platform.engine.support.hierarchical.ThrowableCollector.execute(ThrowableCollector.java:73)
	at org.junit.platform.engine.support.hierarchical.NodeTestTask.lambda$executeRecursively$8(NodeTestTask.java:141)
	at org.junit.platform.engine.support.hierarchical.Node.around(Node.java:137)
	at org.junit.platform.engine.support.hierarchical.NodeTestTask.lambda$executeRecursively$9(NodeTestTask.java:139)
	at org.junit.platform.engine.support.hierarchical.ThrowableCollector.execute(ThrowableCollector.java:73)
	at org.junit.platform.engine.support.hierarchical.NodeTestTask.executeRecursively(NodeTestTask.java:138)
	at org.junit.platform.engine.support.hierarchical.NodeTestTask.execute(NodeTestTask.java:95)
	at java.base/java.util.ArrayList.forEach(ArrayList.java:1511)
	at org.junit.platform.engine.support.hierarchical.SameThreadHierarchicalTestExecutorService.invokeAll(SameThreadHierarchicalTestExecutorService.java:41)
	at org.junit.platform.engine.support.hierarchical.NodeTestTask.lambda$executeRecursively$6(NodeTestTask.java:155)
	at org.junit.platform.engine.support.hierarchical.ThrowableCollector.execute(ThrowableCollector.java:73)
	at org.junit.platform.engine.support.hierarchical.NodeTestTask.lambda$executeRecursively$8(NodeTestTask.java:141)
	at org.junit.platform.engine.support.hierarchical.Node.around(Node.java:137)
	at org.junit.platform.engine.support.hierarchical.NodeTestTask.lambda$executeRecursively$9(NodeTestTask.java:139)
	at org.junit.platform.engine.support.hierarchical.ThrowableCollector.execute(ThrowableCollector.java:73)
	at org.junit.platform.engine.support.hierarchical.NodeTestTask.executeRecursively(NodeTestTask.java:138)
	at org.junit.platform.engine.support.hierarchical.NodeTestTask.execute(NodeTestTask.java:95)
	at org.junit.platform.engine.support.hierarchical.SameThreadHierarchicalTestExecutorService.submit(SameThreadHierarchicalTestExecutorService.java:35)
	at org.junit.platform.engine.support.hierarchical.HierarchicalTestExecutor.execute(HierarchicalTestExecutor.java:57)
	at org.junit.platform.engine.support.hierarchical.HierarchicalTestEngine.execute(HierarchicalTestEngine.java:54)
	at org.junit.platform.launcher.core.EngineExecutionOrchestrator.execute(EngineExecutionOrchestrator.java:147)
	at org.junit.platform.launcher.core.EngineExecutionOrchestrator.execute(EngineExecutionOrchestrator.java:127)
	at org.junit.platform.launcher.core.EngineExecutionOrchestrator.execute(EngineExecutionOrchestrator.java:90)
	at org.junit.platform.launcher.core.EngineExecutionOrchestrator.lambda$execute$0(EngineExecutionOrchestrator.java:55)
	at org.junit.platform.launcher.core.EngineExecutionOrchestrator.withInterceptedStreams(EngineExecutionOrchestrator.java:102)
	at org.junit.platform.launcher.core.EngineExecutionOrchestrator.execute(EngineExecutionOrchestrator.java:54)
	at org.junit.platform.launcher.core.DefaultLauncher.execute(DefaultLauncher.java:114)
	at org.junit.platform.launcher.core.DefaultLauncher.execute(DefaultLauncher.java:86)
	at org.junit.platform.launcher.core.DefaultLauncherSession$DelegatingLauncher.execute(DefaultLauncherSession.java:86)
	at org.apache.maven.surefire.junitplatform.LazyLauncher.execute(LazyLauncher.java:50)
	at org.apache.maven.surefire.junitplatform.JUnitPlatformProvider.execute(JUnitPlatformProvider.java:184)
	at org.apache.maven.surefire.junitplatform.JUnitPlatformProvider.invokeAllTests(JUnitPlatformProvider.java:148)
	at org.apache.maven.surefire.junitplatform.JUnitPlatformProvider.invoke(JUnitPlatformProvider.java:122)
	at org.apache.maven.surefire.booter.ForkedBooter.runSuitesInProcess(ForkedBooter.java:385)
	at org.apache.maven.surefire.booter.ForkedBooter.execute(ForkedBooter.java:162)
	at org.apache.maven.surefire.booter.ForkedBooter.run(ForkedBooter.java:507)
	at org.apache.maven.surefire.booter.ForkedBooter.main(ForkedBooter.java:495)
2023-11-24 12:36:47,910 DEBUG o.h.o.s.a.tree [SqlTreePrinter.java:46] SQL AST Tree:
    SelectStatement {
      FromClause {
        StandardTableGroup (r1 : franco.maurizio.hr.desk.com.persistence.entity.Role(961691871400342)) {
          primaryTableReference : roles as r1_0
        }
      }
    }

2023-11-24 12:36:47,911 DEBUG o.h.o.s.exec [JdbcSelectExecutorStandardImpl.java:455] Skipping reading Query result cache data: cache-enabled = false, cache-mode = NORMAL
2023-11-24 12:36:47,911 TRACE o.h.o.results [ResultsHelper.java:117] Registering initializer : EntityResultInitializer(franco.maurizio.hr.desk.com.persistence.entity.Role(961691871400342))
2023-11-24 12:36:47,911 DEBUG o.h.o.results [NavigablePathMapToInitializer.java:76] Initializer list:
	  franco.maurizio.hr.desk.com.persistence.entity.Role(961691871400342) -> EntityResultInitializer(franco.maurizio.hr.desk.com.persistence.entity.Role(961691871400342))@2026716938 (SingleTableEntityPersister(franco.maurizio.hr.desk.com.persistence.entity.Role))

2023-11-24 12:36:47,911 TRACE o.h.s.r.j.i.DeferredResultSetAccess [DeferredResultSetAccess.java:224] Executing query to retrieve ResultSet : select r1_0.id,r1_0.description,r1_0.label,r1_0.level from roles r1_0
2023-11-24 12:36:47,912 DEBUG o.h.SQL [SqlStatementLogger.java:133] select r1_0.id,r1_0.description,r1_0.label,r1_0.level from roles r1_0
Hibernate: select r1_0.id,r1_0.description,r1_0.label,r1_0.level from roles r1_0
2023-11-24 12:36:47,912 TRACE o.h.r.j.i.ResourceRegistryStandardImpl [ResourceRegistryStandardImpl.java:82] Registering statement [HikariProxyPreparedStatement@260211566 wrapping com.mysql.cj.jdbc.ClientPreparedStatement: select r1_0.id,r1_0.description,r1_0.label,r1_0.level from roles r1_0]
2023-11-24 12:36:47,912 TRACE o.h.e.j.i.JdbcCoordinatorImpl [JdbcCoordinatorImpl.java:322] Registering last query statement [HikariProxyPreparedStatement@260211566 wrapping com.mysql.cj.jdbc.ClientPreparedStatement: select r1_0.id,r1_0.description,r1_0.label,r1_0.level from roles r1_0]
2023-11-24 12:36:47,915 TRACE o.h.r.j.i.ResourceRegistryStandardImpl [ResourceRegistryStandardImpl.java:221] Registering result set [HikariProxyResultSet@367363475 wrapping com.mysql.cj.jdbc.result.ResultSetImpl@25efb2b]
2023-11-24 12:36:47,916 TRACE o.h.r.j.i.AbstractLogicalConnectionImplementor [AbstractLogicalConnectionImplementor.java:48] LogicalConnection#afterStatement
2023-11-24 12:36:47,916 TRACE o.h.o.j.extract [JdbcExtractingLogging.java:24] extracted value ([1] : [BIGINT]) - [184]
2023-11-24 12:36:47,916 TRACE o.h.o.j.extract [JdbcExtractingLogging.java:24] extracted value ([2] : [VARCHAR]) - [administrator]
2023-11-24 12:36:47,916 TRACE o.h.o.j.extract [JdbcExtractingLogging.java:24] extracted value ([3] : [VARCHAR]) - [admin]
2023-11-24 12:36:47,916 TRACE o.h.o.j.extract [JdbcExtractingLogging.java:24] extracted value ([4] : [INTEGER]) - [0]
2023-11-24 12:36:47,916 TRACE o.h.o.r.loading [StandardRowReader.java:85] StandardRowReader#readRow
2023-11-24 12:36:47,917 TRACE o.h.o.r.l.entity [AbstractEntityInitializer.java:277] (o.h.s.r.g.e.i.EntityResultInitializer) Beginning Initializer#resolveKey process for entity : franco.maurizio.hr.desk.com.persistence.entity.Role(961691871400342)
2023-11-24 12:36:47,917 DEBUG o.h.o.results [BasicResultAssembler.java:61] Extracted JDBC value [0] - [184]
2023-11-24 12:36:47,917 DEBUG o.h.o.r.l.entity [AbstractEntityInitializer.java:300] (EntityResultInitializer) Hydrated EntityKey (franco.maurizio.hr.desk.com.persistence.entity.Role(961691871400342)): 184
2023-11-24 12:36:47,917 TRACE o.h.o.r.l.entity [AbstractEntityInitializer.java:491] (o.h.s.r.g.e.i.EntityResultInitializer) Beginning Initializer#resolveInstance process for entity (franco.maurizio.hr.desk.com.persistence.entity.Role(961691871400342)) : 184
2023-11-24 12:36:47,917 DEBUG o.h.o.r.l.entity [AbstractEntityInitializer.java:689] (EntityResultInitializer) Created new entity instance [franco.maurizio.hr.desk.com.persistence.entity.Role(961691871400342)#184] : 326807813
2023-11-24 12:36:47,917 TRACE o.h.o.r.l.entity [AbstractEntityInitializer.java:833] (EntityResultInitializer) Beginning Initializer#initializeInstance process for entity franco.maurizio.hr.desk.com.persistence.entity.Role(961691871400342)#184
2023-11-24 12:36:47,917 DEBUG o.h.o.results [BasicResultAssembler.java:61] Extracted JDBC value [1] - [administrator]
2023-11-24 12:36:47,917 DEBUG o.h.o.results [BasicResultAssembler.java:61] Extracted JDBC value [2] - [admin]
2023-11-24 12:36:47,918 DEBUG o.h.o.results [BasicResultAssembler.java:61] Extracted JDBC value [3] - [0]
2023-11-24 12:36:47,918 DEBUG o.h.o.r.l.entity [AbstractEntityInitializer.java:889] (EntityResultInitializer) Done materializing entityInstance : franco.maurizio.hr.desk.com.persistence.entity.Role(961691871400342)#184
2023-11-24 12:36:47,918 DEBUG o.h.o.r.loading [StandardRowReader.java:93] Calling top-level assembler (0 / 1) : org.hibernate.sql.results.graph.entity.internal.EntityAssembler@8f8c9f7
2023-11-24 12:36:47,918 TRACE o.h.o.r.loading [StandardRowReader.java:103] StandardRowReader#afterRow
2023-11-24 12:36:47,918 TRACE o.h.o.j.extract [JdbcExtractingLogging.java:24] extracted value ([1] : [BIGINT]) - [185]
2023-11-24 12:36:47,918 TRACE o.h.o.j.extract [JdbcExtractingLogging.java:24] extracted value ([2] : [VARCHAR]) - [administrator]
2023-11-24 12:36:47,918 TRACE o.h.o.j.extract [JdbcExtractingLogging.java:24] extracted value ([3] : [VARCHAR]) - [admin]
2023-11-24 12:36:47,918 TRACE o.h.o.j.extract [JdbcExtractingLogging.java:24] extracted value ([4] : [INTEGER]) - [90]
2023-11-24 12:36:47,919 TRACE o.h.o.r.loading [StandardRowReader.java:85] StandardRowReader#readRow
2023-11-24 12:36:47,919 TRACE o.h.o.r.l.entity [AbstractEntityInitializer.java:277] (o.h.s.r.g.e.i.EntityResultInitializer) Beginning Initializer#resolveKey process for entity : franco.maurizio.hr.desk.com.persistence.entity.Role(961691871400342)
2023-11-24 12:36:47,919 DEBUG o.h.o.results [BasicResultAssembler.java:61] Extracted JDBC value [0] - [185]
2023-11-24 12:36:47,919 DEBUG o.h.o.r.l.entity [AbstractEntityInitializer.java:300] (EntityResultInitializer) Hydrated EntityKey (franco.maurizio.hr.desk.com.persistence.entity.Role(961691871400342)): 185
2023-11-24 12:36:47,919 TRACE o.h.o.r.l.entity [AbstractEntityInitializer.java:491] (o.h.s.r.g.e.i.EntityResultInitializer) Beginning Initializer#resolveInstance process for entity (franco.maurizio.hr.desk.com.persistence.entity.Role(961691871400342)) : 185
2023-11-24 12:36:47,919 DEBUG o.h.o.r.l.entity [AbstractEntityInitializer.java:689] (EntityResultInitializer) Created new entity instance [franco.maurizio.hr.desk.com.persistence.entity.Role(961691871400342)#185] : 830999654
2023-11-24 12:36:47,919 TRACE o.h.o.r.l.entity [AbstractEntityInitializer.java:833] (EntityResultInitializer) Beginning Initializer#initializeInstance process for entity franco.maurizio.hr.desk.com.persistence.entity.Role(961691871400342)#185
2023-11-24 12:36:47,919 DEBUG o.h.o.results [BasicResultAssembler.java:61] Extracted JDBC value [1] - [administrator]
2023-11-24 12:36:47,919 DEBUG o.h.o.results [BasicResultAssembler.java:61] Extracted JDBC value [2] - [admin]
2023-11-24 12:36:47,919 DEBUG o.h.o.results [BasicResultAssembler.java:61] Extracted JDBC value [3] - [90]
2023-11-24 12:36:47,920 DEBUG o.h.o.r.l.entity [AbstractEntityInitializer.java:889] (EntityResultInitializer) Done materializing entityInstance : franco.maurizio.hr.desk.com.persistence.entity.Role(961691871400342)#185
2023-11-24 12:36:47,920 DEBUG o.h.o.r.loading [StandardRowReader.java:93] Calling top-level assembler (0 / 1) : org.hibernate.sql.results.graph.entity.internal.EntityAssembler@8f8c9f7
2023-11-24 12:36:47,920 TRACE o.h.o.r.loading [StandardRowReader.java:103] StandardRowReader#afterRow
2023-11-24 12:36:47,920 TRACE o.h.o.j.extract [JdbcExtractingLogging.java:24] extracted value ([1] : [BIGINT]) - [186]
2023-11-24 12:36:47,920 TRACE o.h.o.j.extract [JdbcExtractingLogging.java:24] extracted value ([2] : [VARCHAR]) - [administrator]
2023-11-24 12:36:47,920 TRACE o.h.o.j.extract [JdbcExtractingLogging.java:24] extracted value ([3] : [VARCHAR]) - [admin]
2023-11-24 12:36:47,920 TRACE o.h.o.j.extract [JdbcExtractingLogging.java:24] extracted value ([4] : [INTEGER]) - [-49526484]
2023-11-24 12:36:47,920 TRACE o.h.o.r.loading [StandardRowReader.java:85] StandardRowReader#readRow
2023-11-24 12:36:47,921 TRACE o.h.o.r.l.entity [AbstractEntityInitializer.java:277] (o.h.s.r.g.e.i.EntityResultInitializer) Beginning Initializer#resolveKey process for entity : franco.maurizio.hr.desk.com.persistence.entity.Role(961691871400342)
2023-11-24 12:36:47,921 DEBUG o.h.o.results [BasicResultAssembler.java:61] Extracted JDBC value [0] - [186]
2023-11-24 12:36:47,921 DEBUG o.h.o.r.l.entity [AbstractEntityInitializer.java:300] (EntityResultInitializer) Hydrated EntityKey (franco.maurizio.hr.desk.com.persistence.entity.Role(961691871400342)): 186
2023-11-24 12:36:47,921 TRACE o.h.o.r.l.entity [AbstractEntityInitializer.java:491] (o.h.s.r.g.e.i.EntityResultInitializer) Beginning Initializer#resolveInstance process for entity (franco.maurizio.hr.desk.com.persistence.entity.Role(961691871400342)) : 186
2023-11-24 12:36:47,921 DEBUG o.h.o.r.l.entity [AbstractEntityInitializer.java:689] (EntityResultInitializer) Created new entity instance [franco.maurizio.hr.desk.com.persistence.entity.Role(961691871400342)#186] : 1148858079
2023-11-24 12:36:47,921 TRACE o.h.o.r.l.entity [AbstractEntityInitializer.java:833] (EntityResultInitializer) Beginning Initializer#initializeInstance process for entity franco.maurizio.hr.desk.com.persistence.entity.Role(961691871400342)#186
2023-11-24 12:36:47,921 DEBUG o.h.o.results [BasicResultAssembler.java:61] Extracted JDBC value [1] - [administrator]
2023-11-24 12:36:47,921 DEBUG o.h.o.results [BasicResultAssembler.java:61] Extracted JDBC value [2] - [admin]
2023-11-24 12:36:47,921 DEBUG o.h.o.results [BasicResultAssembler.java:61] Extracted JDBC value [3] - [-49526484]
2023-11-24 12:36:47,921 DEBUG o.h.o.r.l.entity [AbstractEntityInitializer.java:889] (EntityResultInitializer) Done materializing entityInstance : franco.maurizio.hr.desk.com.persistence.entity.Role(961691871400342)#186
2023-11-24 12:36:47,922 DEBUG o.h.o.r.loading [StandardRowReader.java:93] Calling top-level assembler (0 / 1) : org.hibernate.sql.results.graph.entity.internal.EntityAssembler@8f8c9f7
2023-11-24 12:36:47,922 TRACE o.h.o.r.loading [StandardRowReader.java:103] StandardRowReader#afterRow
2023-11-24 12:36:47,922 TRACE o.h.r.j.i.ResourceRegistryStandardImpl [ResourceRegistryStandardImpl.java:117] Releasing result set [HikariProxyResultSet@367363475 wrapping com.mysql.cj.jdbc.result.ResultSetImpl@25efb2b]
2023-11-24 12:36:47,922 TRACE o.h.r.j.i.ResourceRegistryStandardImpl [ResourceRegistryStandardImpl.java:169] Closing result set [HikariProxyResultSet@367363475 wrapping com.mysql.cj.jdbc.result.ResultSetImpl@25efb2b]
2023-11-24 12:36:47,922 TRACE o.h.r.j.i.ResourceRegistryStandardImpl [ResourceRegistryStandardImpl.java:96] Releasing statement [HikariProxyPreparedStatement@260211566 wrapping com.mysql.cj.jdbc.ClientPreparedStatement: select r1_0.id,r1_0.description,r1_0.label,r1_0.level from roles r1_0]
2023-11-24 12:36:47,922 TRACE o.h.r.j.i.ResourceRegistryStandardImpl [ResourceRegistryStandardImpl.java:187] Closing prepared statement [HikariProxyPreparedStatement@260211566 wrapping com.mysql.cj.jdbc.ClientPreparedStatement: select r1_0.id,r1_0.description,r1_0.label,r1_0.level from roles r1_0]
2023-11-24 12:36:47,923 TRACE o.h.e.i.StatefulPersistenceContext [StatefulPersistenceContext.java:976] Initializing non-lazy collections
2023-11-24 12:36:47,923 DEBUG o.h.j.i.PersistenceUnitUtilImpl [PersistenceUnitUtilImpl.java:89] jakarta.persistence.PersistenceUnitUtil.getIdentifier is only intended to work with enhanced entities (although Hibernate also adapts this support to its proxies); however the passed entity was not enhanced (nor a proxy).. may not be able to read identifier
2023-11-24 12:36:47,923 DEBUG o.h.j.i.PersistenceUnitUtilImpl [PersistenceUnitUtilImpl.java:89] jakarta.persistence.PersistenceUnitUtil.getIdentifier is only intended to work with enhanced entities (although Hibernate also adapts this support to its proxies); however the passed entity was not enhanced (nor a proxy).. may not be able to read identifier
2023-11-24 12:36:47,923 TRACE o.h.e.i.DefaultLoadEventListener [DefaultLoadEventListener.java:228] Loading entity: [franco.maurizio.hr.desk.com.persistence.entity.Role#184]
2023-11-24 12:36:47,923 TRACE o.h.e.i.DefaultLoadEventListener [DefaultLoadEventListener.java:502] Attempting to resolve: [franco.maurizio.hr.desk.com.persistence.entity.Role#184]
2023-11-24 12:36:47,923 TRACE o.h.e.i.DefaultDeleteEventListener [DefaultDeleteEventListener.java:211] Deleting a persistent instance
2023-11-24 12:36:47,924 TRACE o.h.e.i.DefaultDeleteEventListener [DefaultDeleteEventListener.java:363] Deleting [franco.maurizio.hr.desk.com.persistence.entity.Role#184]
2023-11-24 12:36:47,924 DEBUG o.h.j.i.PersistenceUnitUtilImpl [PersistenceUnitUtilImpl.java:89] jakarta.persistence.PersistenceUnitUtil.getIdentifier is only intended to work with enhanced entities (although Hibernate also adapts this support to its proxies); however the passed entity was not enhanced (nor a proxy).. may not be able to read identifier
2023-11-24 12:36:47,924 DEBUG o.h.j.i.PersistenceUnitUtilImpl [PersistenceUnitUtilImpl.java:89] jakarta.persistence.PersistenceUnitUtil.getIdentifier is only intended to work with enhanced entities (although Hibernate also adapts this support to its proxies); however the passed entity was not enhanced (nor a proxy).. may not be able to read identifier
2023-11-24 12:36:47,924 TRACE o.h.e.i.DefaultLoadEventListener [DefaultLoadEventListener.java:228] Loading entity: [franco.maurizio.hr.desk.com.persistence.entity.Role#185]
2023-11-24 12:36:47,924 TRACE o.h.e.i.DefaultLoadEventListener [DefaultLoadEventListener.java:502] Attempting to resolve: [franco.maurizio.hr.desk.com.persistence.entity.Role#185]
2023-11-24 12:36:47,925 TRACE o.h.e.i.DefaultDeleteEventListener [DefaultDeleteEventListener.java:211] Deleting a persistent instance
2023-11-24 12:36:47,925 TRACE o.h.e.i.DefaultDeleteEventListener [DefaultDeleteEventListener.java:363] Deleting [franco.maurizio.hr.desk.com.persistence.entity.Role#185]
2023-11-24 12:36:47,925 DEBUG o.h.j.i.PersistenceUnitUtilImpl [PersistenceUnitUtilImpl.java:89] jakarta.persistence.PersistenceUnitUtil.getIdentifier is only intended to work with enhanced entities (although Hibernate also adapts this support to its proxies); however the passed entity was not enhanced (nor a proxy).. may not be able to read identifier
2023-11-24 12:36:47,925 DEBUG o.h.j.i.PersistenceUnitUtilImpl [PersistenceUnitUtilImpl.java:89] jakarta.persistence.PersistenceUnitUtil.getIdentifier is only intended to work with enhanced entities (although Hibernate also adapts this support to its proxies); however the passed entity was not enhanced (nor a proxy).. may not be able to read identifier
2023-11-24 12:36:47,926 TRACE o.h.e.i.DefaultLoadEventListener [DefaultLoadEventListener.java:228] Loading entity: [franco.maurizio.hr.desk.com.persistence.entity.Role#186]
2023-11-24 12:36:47,926 TRACE o.h.e.i.DefaultLoadEventListener [DefaultLoadEventListener.java:502] Attempting to resolve: [franco.maurizio.hr.desk.com.persistence.entity.Role#186]
2023-11-24 12:36:47,926 TRACE o.h.e.i.DefaultDeleteEventListener [DefaultDeleteEventListener.java:211] Deleting a persistent instance
2023-11-24 12:36:47,926 TRACE o.h.e.i.DefaultDeleteEventListener [DefaultDeleteEventListener.java:363] Deleting [franco.maurizio.hr.desk.com.persistence.entity.Role#186]
2023-11-24 12:36:47,927 DEBUG o.h.e.t.i.TransactionImpl [TransactionImpl.java:98] committing
2023-11-24 12:36:47,927 TRACE o.h.r.t.b.j.i.JdbcResourceLocalTransactionCoordinatorImpl [JdbcResourceLocalTransactionCoordinatorImpl.java:167] ResourceLocalTransactionCoordinatorImpl#beforeCompletionCallback
2023-11-24 12:36:47,927 TRACE o.h.i.SessionImpl [SessionImpl.java:1965] SessionImpl#beforeTransactionCompletion()
2023-11-24 12:36:47,927 TRACE o.h.i.SessionImpl [SessionImpl.java:484] Automatically flushing session
2023-11-24 12:36:47,927 TRACE o.h.e.i.AbstractFlushingEventListener [AbstractFlushingEventListener.java:72] Flushing session
2023-11-24 12:36:47,927 DEBUG o.h.e.i.AbstractFlushingEventListener [AbstractFlushingEventListener.java:136] Processing flush-time cascades
2023-11-24 12:36:47,927 DEBUG o.h.e.i.AbstractFlushingEventListener [AbstractFlushingEventListener.java:185] Dirty checking collections
2023-11-24 12:36:47,927 TRACE o.h.e.i.AbstractFlushingEventListener [AbstractFlushingEventListener.java:197] Flushing entities and processing referenced collections
2023-11-24 12:36:47,928 TRACE o.h.e.i.AbstractFlushingEventListener [AbstractFlushingEventListener.java:264] Processing unreferenced collections
2023-11-24 12:36:47,928 TRACE o.h.e.i.AbstractFlushingEventListener [AbstractFlushingEventListener.java:277] Scheduling collection removes/(re)creates/updates
2023-11-24 12:36:47,928 DEBUG o.h.e.i.AbstractFlushingEventListener [AbstractFlushingEventListener.java:110] Flushed: 0 insertions, 0 updates, 3 deletions to 3 objects
2023-11-24 12:36:47,928 DEBUG o.h.e.i.AbstractFlushingEventListener [AbstractFlushingEventListener.java:117] Flushed: 0 (re)creations, 0 updates, 0 removals to 0 collections
2023-11-24 12:36:47,928 DEBUG o.h.i.u.EntityPrinter [EntityPrinter.java:111] Listing entities:
2023-11-24 12:36:47,928 DEBUG o.h.i.u.EntityPrinter [EntityPrinter.java:118] franco.maurizio.hr.desk.com.persistence.entity.Role{level=90, description=administrator, id=185, label=admin}
2023-11-24 12:36:47,928 DEBUG o.h.i.u.EntityPrinter [EntityPrinter.java:118] franco.maurizio.hr.desk.com.persistence.entity.Role{level=0, description=administrator, id=184, label=admin}
2023-11-24 12:36:47,928 DEBUG o.h.i.u.EntityPrinter [EntityPrinter.java:118] franco.maurizio.hr.desk.com.persistence.entity.Role{level=-49526484, description=administrator, id=186, label=admin}
2023-11-24 12:36:47,928 TRACE o.h.e.i.AbstractFlushingEventListener [AbstractFlushingEventListener.java:349] Executing flush
2023-11-24 12:36:47,929 TRACE o.h.r.j.i.ResourceRegistryStandardImpl [ResourceRegistryStandardImpl.java:82] Registering statement [HikariProxyPreparedStatement@1934898403 wrapping com.mysql.cj.jdbc.ClientPreparedStatement: delete from roles where id=** NOT SPECIFIED **]
2023-11-24 12:36:47,929 TRACE o.h.r.j.i.ResourceRegistryStandardImpl [ResourceRegistryStandardImpl.java:221] Registering result set [null]
2023-11-24 12:36:47,929 DEBUG o.h.SQL [SqlStatementLogger.java:133] delete from roles where id=?
Hibernate: delete from roles where id=?
2023-11-24 12:36:47,929 TRACE o.h.o.j.bind [JdbcBindingLogging.java:25] binding parameter [1] as [BIGINT] - [184]
2023-11-24 12:36:47,930 TRACE o.h.r.j.i.ResourceRegistryStandardImpl [ResourceRegistryStandardImpl.java:96] Releasing statement [HikariProxyPreparedStatement@1934898403 wrapping com.mysql.cj.jdbc.ClientPreparedStatement: delete from roles where id=184]
2023-11-24 12:36:47,930 TRACE o.h.r.j.i.ResourceRegistryStandardImpl [ResourceRegistryStandardImpl.java:169] Closing result set [null]
2023-11-24 12:36:47,930 TRACE o.h.r.j.i.ResourceRegistryStandardImpl [ResourceRegistryStandardImpl.java:187] Closing prepared statement [HikariProxyPreparedStatement@1934898403 wrapping com.mysql.cj.jdbc.ClientPreparedStatement: delete from roles where id=184]
2023-11-24 12:36:47,930 TRACE o.h.r.j.i.ResourceRegistryStandardImpl [ResourceRegistryStandardImpl.java:82] Registering statement [HikariProxyPreparedStatement@654360160 wrapping com.mysql.cj.jdbc.ClientPreparedStatement: delete from roles where id=** NOT SPECIFIED **]
2023-11-24 12:36:47,930 TRACE o.h.r.j.i.ResourceRegistryStandardImpl [ResourceRegistryStandardImpl.java:221] Registering result set [null]
2023-11-24 12:36:47,931 DEBUG o.h.SQL [SqlStatementLogger.java:133] delete from roles where id=?
Hibernate: delete from roles where id=?
2023-11-24 12:36:47,931 TRACE o.h.o.j.bind [JdbcBindingLogging.java:25] binding parameter [1] as [BIGINT] - [185]
2023-11-24 12:36:47,931 TRACE o.h.r.j.i.ResourceRegistryStandardImpl [ResourceRegistryStandardImpl.java:96] Releasing statement [HikariProxyPreparedStatement@654360160 wrapping com.mysql.cj.jdbc.ClientPreparedStatement: delete from roles where id=185]
2023-11-24 12:36:47,931 TRACE o.h.r.j.i.ResourceRegistryStandardImpl [ResourceRegistryStandardImpl.java:169] Closing result set [null]
2023-11-24 12:36:47,931 TRACE o.h.r.j.i.ResourceRegistryStandardImpl [ResourceRegistryStandardImpl.java:187] Closing prepared statement [HikariProxyPreparedStatement@654360160 wrapping com.mysql.cj.jdbc.ClientPreparedStatement: delete from roles where id=185]
2023-11-24 12:36:47,931 TRACE o.h.r.j.i.ResourceRegistryStandardImpl [ResourceRegistryStandardImpl.java:82] Registering statement [HikariProxyPreparedStatement@74488242 wrapping com.mysql.cj.jdbc.ClientPreparedStatement: delete from roles where id=** NOT SPECIFIED **]
2023-11-24 12:36:47,932 TRACE o.h.r.j.i.ResourceRegistryStandardImpl [ResourceRegistryStandardImpl.java:221] Registering result set [null]
2023-11-24 12:36:47,932 DEBUG o.h.SQL [SqlStatementLogger.java:133] delete from roles where id=?
Hibernate: delete from roles where id=?
2023-11-24 12:36:47,932 TRACE o.h.o.j.bind [JdbcBindingLogging.java:25] binding parameter [1] as [BIGINT] - [186]
2023-11-24 12:36:47,932 TRACE o.h.r.j.i.ResourceRegistryStandardImpl [ResourceRegistryStandardImpl.java:96] Releasing statement [HikariProxyPreparedStatement@74488242 wrapping com.mysql.cj.jdbc.ClientPreparedStatement: delete from roles where id=186]
2023-11-24 12:36:47,932 TRACE o.h.r.j.i.ResourceRegistryStandardImpl [ResourceRegistryStandardImpl.java:169] Closing result set [null]
2023-11-24 12:36:47,932 TRACE o.h.r.j.i.ResourceRegistryStandardImpl [ResourceRegistryStandardImpl.java:187] Closing prepared statement [HikariProxyPreparedStatement@74488242 wrapping com.mysql.cj.jdbc.ClientPreparedStatement: delete from roles where id=186]
2023-11-24 12:36:47,932 TRACE o.h.e.j.i.JdbcCoordinatorImpl [JdbcCoordinatorImpl.java:270] Starting after statement execution processing [ON_CLOSE]
2023-11-24 12:36:47,932 TRACE o.h.e.i.AbstractFlushingEventListener [AbstractFlushingEventListener.java:384] Post flush
2023-11-24 12:36:47,932 TRACE o.h.r.j.i.AbstractLogicalConnectionImplementor [AbstractLogicalConnectionImplementor.java:53] LogicalConnection#beforeTransactionCompletion
2023-11-24 12:36:47,933 TRACE o.h.r.t.i.SynchronizationRegistryStandardImpl [SynchronizationRegistryStandardImpl.java:55] SynchronizationRegistryStandardImpl.notifySynchronizationsBeforeTransactionCompletion
2023-11-24 12:36:47,933 TRACE o.h.r.j.i.AbstractLogicalConnectionImplementor [AbstractLogicalConnectionImplementor.java:85] Preparing to commit transaction via JDBC Connection.commit()
2023-11-24 12:36:47,934 TRACE o.h.r.j.i.AbstractLogicalConnectionImplementor [AbstractLogicalConnectionImplementor.java:88] Transaction committed via JDBC Connection.commit()
2023-11-24 12:36:47,934 TRACE o.h.r.j.i.AbstractLogicalConnectionImplementor [AbstractLogicalConnectionImplementor.java:105] re-enabling auto-commit on JDBC Connection after completion of JDBC-based transaction
2023-11-24 12:36:47,934 TRACE o.h.r.j.i.AbstractLogicalConnectionImplementor [AbstractLogicalConnectionImplementor.java:58] LogicalConnection#afterTransaction
2023-11-24 12:36:47,934 TRACE o.h.r.j.i.ResourceRegistryStandardImpl [ResourceRegistryStandardImpl.java:329] Releasing JDBC resources
2023-11-24 12:36:47,934 TRACE o.h.r.t.b.j.i.JdbcResourceLocalTransactionCoordinatorImpl [JdbcResourceLocalTransactionCoordinatorImpl.java:185] ResourceLocalTransactionCoordinatorImpl#afterCompletionCallback(true)
2023-11-24 12:36:47,934 TRACE o.h.r.t.i.SynchronizationRegistryStandardImpl [DelegatingBasicLogger.java:158] SynchronizationRegistryStandardImpl.notifySynchronizationsAfterTransactionCompletion(3)
2023-11-24 12:36:47,934 TRACE o.h.i.SessionImpl [SessionImpl.java:1980] SessionImpl#afterTransactionCompletion(successful=true, delayed=false)
2023-11-24 12:36:47,934 TRACE o.h.i.SessionImpl [SessionImpl.java:402] Closing session [75946907-0d7e-40ed-88cd-03c5ea3c46e2]
2023-11-24 12:36:47,935 TRACE o.h.e.j.i.JdbcCoordinatorImpl [JdbcCoordinatorImpl.java:152] Closing JDBC container [org.hibernate.engine.jdbc.internal.JdbcCoordinatorImpl@6d0e8c7e]
2023-11-24 12:36:47,935 TRACE o.h.r.j.i.ResourceRegistryStandardImpl [ResourceRegistryStandardImpl.java:329] Releasing JDBC resources
2023-11-24 12:36:47,935 TRACE o.h.r.j.i.LogicalConnectionManagedImpl [LogicalConnectionManagedImpl.java:256] Closing logical connection
2023-11-24 12:36:47,935 TRACE o.h.r.j.i.ResourceRegistryStandardImpl [ResourceRegistryStandardImpl.java:329] Releasing JDBC resources
2023-11-24 12:36:47,935 TRACE o.h.r.j.i.LogicalConnectionManagedImpl [LogicalConnectionManagedImpl.java:263] Logical connection closed
2023-11-24 12:36:47,935 TRACE f.m.h.d.c.i.c.CandidateCustomControllerIntegrationTests [CandidateCustomControllerIntegrationTests.java:84] ########################################################
2023-11-24 12:36:47,935 TRACE f.m.h.d.c.i.c.CandidateCustomControllerIntegrationTests [CandidateCustomControllerIntegrationTests.java:85] ########################################################
2023-11-24 12:36:47,935 TRACE f.m.h.d.c.i.c.CandidateCustomControllerIntegrationTests [CandidateCustomControllerIntegrationTests.java:86] whenGetCandidateCustomById_andThereIsNot_thenStatus204 - START
2023-11-24 12:36:47,935 TRACE f.m.h.d.c.i.c.CandidateCustomControllerIntegrationTests [CandidateCustomControllerIntegrationTests.java:87] ########################################################
2023-11-24 12:36:47,935 TRACE f.m.h.d.c.i.c.CandidateCustomControllerIntegrationTests [CandidateCustomControllerIntegrationTests.java:88] ########################################################
2023-11-24 12:36:47,936 TRACE f.m.h.d.c.i.c.AbstractIntegrationTests [AbstractIntegrationTests.java:71] getFakeUser - START - level: 0
2023-11-24 12:36:47,936 TRACE f.m.h.d.c.i.c.AbstractIntegrationTests [AbstractIntegrationTests.java:177] getRandomLongBetweenLimits GENERATED: 812
2023-11-24 12:36:47,936 TRACE f.m.h.d.c.i.c.AbstractIntegrationTests [AbstractIntegrationTests.java:85] encodePasswordForDBSaving - START - clearPwd: ciao1234
2023-11-24 12:36:48,017 TRACE f.m.h.d.c.i.c.AbstractIntegrationTests [AbstractIntegrationTests.java:91] encodePasswordForDBSaving - DEBUG - fullBCriptEncodedPwd: $2a$10$vKTjeC4l0LUs297SqFrwYeBUp5RxJ1jnWmSV6wSXAyZoU9aR4Ot3.
2023-11-24 12:36:48,020 TRACE o.h.i.SessionFactoryImpl$SessionBuilderImpl [SessionFactoryImpl.java:1298] Opening Hibernate Session.  tenant=null
2023-11-24 12:36:48,020 TRACE o.h.i.SessionImpl [SessionImpl.java:262] Opened Session [4ac62aff-c569-40fe-92a2-1daf598429a2] at timestamp: 1700825808020
2023-11-24 12:36:48,070 TRACE o.h.q.s.s.BaseSqmToSqlAstConverter [BaseSqmToSqlAstConverter.java:2577] Resolving SqmRoot [franco.maurizio.hr.desk.com.persistence.entity.Role] to TableGroup
2023-11-24 12:36:48,071 TRACE o.h.q.s.s.BaseSqmToSqlAstConverter [BaseSqmToSqlAstConverter.java:2744] Resolving SqmRoot [franco.maurizio.hr.desk.com.persistence.entity.Role] to TableGroup
2023-11-24 12:36:48,071 DEBUG o.h.o.s.a.create [SqlAliasBaseImpl.java:33] Created new SQL alias : r1_0
2023-11-24 12:36:48,071 TRACE o.h.q.s.s.BaseSqmToSqlAstConverter [BaseSqmToSqlAstConverter.java:2811] Resolved SqmRoot [franco.maurizio.hr.desk.com.persistence.entity.Role] to new TableGroup [StandardTableGroup(franco.maurizio.hr.desk.com.persistence.entity.Role(961691196949077))]
2023-11-24 12:36:48,071 DEBUG o.h.o.s.a.create [SimpleFromClauseAccessImpl.java:98] Registration of TableGroup [StandardTableGroup(franco.maurizio.hr.desk.com.persistence.entity.Role(961691196949077))] with identifierForTableGroup [franco.maurizio.hr.desk.com.persistence.entity.Role] for NavigablePath [franco.maurizio.hr.desk.com.persistence.entity.Role] 
2023-11-24 12:36:48,071 TRACE o.h.q.s.s.BaseSqmToSqlAstConverter [BaseSqmToSqlAstConverter.java:3179] Visiting explicit joins for `franco.maurizio.hr.desk.com.persistence.entity.Role(961691196949077)`
2023-11-24 12:36:48,072 TRACE o.h.q.s.s.BaseSqmToSqlAstConverter [BaseSqmToSqlAstConverter.java:3820] SqmRoot [franco.maurizio.hr.desk.com.persistence.entity.Role] resolved to existing TableGroup [StandardTableGroup(franco.maurizio.hr.desk.com.persistence.entity.Role(961691196949077))]
2023-11-24 12:36:48,077 TRACE o.h.p.e.AbstractEntityPersister [AbstractEntityPersister.java:5680] #findSubPart(`level`)
2023-11-24 12:36:48,078 DEBUG o.h.q.s.s.BaseSqmToSqlAstConverter [BaseSqmToSqlAstConverter.java:5700] Determining mapping-model type for SqmParameter : org.hibernate.query.sqm.tree.expression.SqmJpaCriteriaParameterWrapper@3968e924
2023-11-24 12:36:48,079 DEBUG o.h.q.s.s.BaseSqmToSqlAstConverter [BaseSqmToSqlAstConverter.java:5590] Determining mapping-model type for SqmPath : SqmBasicValuedSimplePath(franco.maurizio.hr.desk.com.persistence.entity.Role(961691196949077).level) 
2023-11-24 12:36:48,079 TRACE o.h.p.e.AbstractEntityPersister [AbstractEntityPersister.java:5680] #findSubPart(`level`)
2023-11-24 12:36:48,084 DEBUG o.h.o.r.g.AST [DomainResultGraphPrinter.java:67] DomainResult Graph:
 \-EntityResultImpl [franco.maurizio.hr.desk.com.persistence.entity.Role(961691196949077)]
 |  +-BasicFetch [franco.maurizio.hr.desk.com.persistence.entity.Role(961691196949077).description]
 |  +-BasicFetch [franco.maurizio.hr.desk.com.persistence.entity.Role(961691196949077).label]
 |  \-BasicFetch [franco.maurizio.hr.desk.com.persistence.entity.Role(961691196949077).level]

2023-11-24 12:36:48,084 TRACE o.h.o.r.g.AST [DomainResultGraphPrinter.java:70] Stack trace calling DomainResultGraphPrinter
java.lang.Exception: null
	at org.hibernate.sql.results.graph.DomainResultGraphPrinter.visitDomainResults(DomainResultGraphPrinter.java:70)
	at org.hibernate.sql.results.graph.DomainResultGraphPrinter.logDomainResultGraph(DomainResultGraphPrinter.java:46)
	at org.hibernate.sql.results.graph.DomainResultGraphPrinter.logDomainResultGraph(DomainResultGraphPrinter.java:37)
	at org.hibernate.sql.ast.spi.AbstractSqlAstTranslator.translateSelect(AbstractSqlAstTranslator.java:848)
	at org.hibernate.sql.ast.spi.AbstractSqlAstTranslator.translate(AbstractSqlAstTranslator.java:801)
	at org.hibernate.query.sqm.internal.ConcreteSqmSelectQueryPlan.buildCacheableSqmInterpretation(ConcreteSqmSelectQueryPlan.java:372)
	at org.hibernate.query.sqm.internal.ConcreteSqmSelectQueryPlan.withCacheableSqmInterpretation(ConcreteSqmSelectQueryPlan.java:268)
	at org.hibernate.query.sqm.internal.ConcreteSqmSelectQueryPlan.performList(ConcreteSqmSelectQueryPlan.java:244)
	at org.hibernate.query.sqm.internal.QuerySqmImpl.doList(QuerySqmImpl.java:518)
	at org.hibernate.query.spi.AbstractSelectionQuery.list(AbstractSelectionQuery.java:367)
	at org.hibernate.query.spi.AbstractSelectionQuery.getSingleResult(AbstractSelectionQuery.java:473)
	at java.base/jdk.internal.reflect.NativeMethodAccessorImpl.invoke0(Native Method)
	at java.base/jdk.internal.reflect.NativeMethodAccessorImpl.invoke(NativeMethodAccessorImpl.java:77)
	at java.base/jdk.internal.reflect.DelegatingMethodAccessorImpl.invoke(DelegatingMethodAccessorImpl.java:43)
	at java.base/java.lang.reflect.Method.invoke(Method.java:568)
	at org.springframework.orm.jpa.SharedEntityManagerCreator$DeferredQueryInvocationHandler.invoke(SharedEntityManagerCreator.java:405)
	at jdk.proxy2/jdk.proxy2.$Proxy222.getSingleResult(Unknown Source)
	at org.springframework.data.jpa.repository.query.JpaQueryExecution$SingleEntityExecution.doExecute(JpaQueryExecution.java:223)
	at org.springframework.data.jpa.repository.query.JpaQueryExecution.execute(JpaQueryExecution.java:92)
	at org.springframework.data.jpa.repository.query.AbstractJpaQuery.doExecute(AbstractJpaQuery.java:149)
	at org.springframework.data.jpa.repository.query.AbstractJpaQuery.execute(AbstractJpaQuery.java:137)
	at org.springframework.data.repository.core.support.RepositoryMethodInvoker.doInvoke(RepositoryMethodInvoker.java:136)
	at org.springframework.data.repository.core.support.RepositoryMethodInvoker.invoke(RepositoryMethodInvoker.java:120)
	at org.springframework.data.repository.core.support.QueryExecutorMethodInterceptor.doInvoke(QueryExecutorMethodInterceptor.java:164)
	at org.springframework.data.repository.core.support.QueryExecutorMethodInterceptor.invoke(QueryExecutorMethodInterceptor.java:143)
	at org.springframework.aop.framework.ReflectiveMethodInvocation.proceed(ReflectiveMethodInvocation.java:184)
	at org.springframework.data.projection.DefaultMethodInvokingMethodInterceptor.invoke(DefaultMethodInvokingMethodInterceptor.java:72)
	at org.springframework.aop.framework.ReflectiveMethodInvocation.proceed(ReflectiveMethodInvocation.java:184)
	at org.springframework.transaction.interceptor.TransactionInterceptor$1.proceedWithInvocation(TransactionInterceptor.java:123)
	at org.springframework.transaction.interceptor.TransactionAspectSupport.invokeWithinTransaction(TransactionAspectSupport.java:391)
	at org.springframework.transaction.interceptor.TransactionInterceptor.invoke(TransactionInterceptor.java:119)
	at org.springframework.aop.framework.ReflectiveMethodInvocation.proceed(ReflectiveMethodInvocation.java:184)
	at org.springframework.dao.support.PersistenceExceptionTranslationInterceptor.invoke(PersistenceExceptionTranslationInterceptor.java:137)
	at org.springframework.aop.framework.ReflectiveMethodInvocation.proceed(ReflectiveMethodInvocation.java:184)
	at org.springframework.data.jpa.repository.support.CrudMethodMetadataPostProcessor$CrudMethodMetadataPopulatingMethodInterceptor.invoke(CrudMethodMetadataPostProcessor.java:135)
	at org.springframework.aop.framework.ReflectiveMethodInvocation.proceed(ReflectiveMethodInvocation.java:184)
	at org.springframework.aop.interceptor.ExposeInvocationInterceptor.invoke(ExposeInvocationInterceptor.java:97)
	at org.springframework.aop.framework.ReflectiveMethodInvocation.proceed(ReflectiveMethodInvocation.java:184)
	at org.springframework.aop.framework.JdkDynamicAopProxy.invoke(JdkDynamicAopProxy.java:244)
	at jdk.proxy2/jdk.proxy2.$Proxy210.findByLevel(Unknown Source)
	at franco.maurizio.hr.desk.com.integration.controller.AbstractIntegrationTests.getFakeRole(AbstractIntegrationTests.java:52)
	at franco.maurizio.hr.desk.com.integration.controller.AbstractIntegrationTests.getFakeUser(AbstractIntegrationTests.java:79)
	at franco.maurizio.hr.desk.com.integration.controller.CandidateCustomControllerIntegrationTests.whenGetCandidateCustomById_andThereIsNot_thenStatus204(CandidateCustomControllerIntegrationTests.java:89)
	at java.base/jdk.internal.reflect.NativeMethodAccessorImpl.invoke0(Native Method)
	at java.base/jdk.internal.reflect.NativeMethodAccessorImpl.invoke(NativeMethodAccessorImpl.java:77)
	at java.base/jdk.internal.reflect.DelegatingMethodAccessorImpl.invoke(DelegatingMethodAccessorImpl.java:43)
	at java.base/java.lang.reflect.Method.invoke(Method.java:568)
	at org.junit.platform.commons.util.ReflectionUtils.invokeMethod(ReflectionUtils.java:727)
	at org.junit.jupiter.engine.execution.MethodInvocation.proceed(MethodInvocation.java:60)
	at org.junit.jupiter.engine.execution.InvocationInterceptorChain$ValidatingInvocation.proceed(InvocationInterceptorChain.java:131)
	at org.junit.jupiter.engine.extension.TimeoutExtension.intercept(TimeoutExtension.java:156)
	at org.junit.jupiter.engine.extension.TimeoutExtension.interceptTestableMethod(TimeoutExtension.java:147)
	at org.junit.jupiter.engine.extension.TimeoutExtension.interceptTestMethod(TimeoutExtension.java:86)
	at org.junit.jupiter.engine.execution.InterceptingExecutableInvoker$ReflectiveInterceptorCall.lambda$ofVoidMethod$0(InterceptingExecutableInvoker.java:103)
	at org.junit.jupiter.engine.execution.InterceptingExecutableInvoker.lambda$invoke$0(InterceptingExecutableInvoker.java:93)
	at org.junit.jupiter.engine.execution.InvocationInterceptorChain$InterceptedInvocation.proceed(InvocationInterceptorChain.java:106)
	at org.junit.jupiter.engine.execution.InvocationInterceptorChain.proceed(InvocationInterceptorChain.java:64)
	at org.junit.jupiter.engine.execution.InvocationInterceptorChain.chainAndInvoke(InvocationInterceptorChain.java:45)
	at org.junit.jupiter.engine.execution.InvocationInterceptorChain.invoke(InvocationInterceptorChain.java:37)
	at org.junit.jupiter.engine.execution.InterceptingExecutableInvoker.invoke(InterceptingExecutableInvoker.java:92)
	at org.junit.jupiter.engine.execution.InterceptingExecutableInvoker.invoke(InterceptingExecutableInvoker.java:86)
	at org.junit.jupiter.engine.descriptor.TestMethodTestDescriptor.lambda$invokeTestMethod$7(TestMethodTestDescriptor.java:217)
	at org.junit.platform.engine.support.hierarchical.ThrowableCollector.execute(ThrowableCollector.java:73)
	at org.junit.jupiter.engine.descriptor.TestMethodTestDescriptor.invokeTestMethod(TestMethodTestDescriptor.java:213)
	at org.junit.jupiter.engine.descriptor.TestMethodTestDescriptor.execute(TestMethodTestDescriptor.java:138)
	at org.junit.jupiter.engine.descriptor.TestMethodTestDescriptor.execute(TestMethodTestDescriptor.java:68)
	at org.junit.platform.engine.support.hierarchical.NodeTestTask.lambda$executeRecursively$6(NodeTestTask.java:151)
	at org.junit.platform.engine.support.hierarchical.ThrowableCollector.execute(ThrowableCollector.java:73)
	at org.junit.platform.engine.support.hierarchical.NodeTestTask.lambda$executeRecursively$8(NodeTestTask.java:141)
	at org.junit.platform.engine.support.hierarchical.Node.around(Node.java:137)
	at org.junit.platform.engine.support.hierarchical.NodeTestTask.lambda$executeRecursively$9(NodeTestTask.java:139)
	at org.junit.platform.engine.support.hierarchical.ThrowableCollector.execute(ThrowableCollector.java:73)
	at org.junit.platform.engine.support.hierarchical.NodeTestTask.executeRecursively(NodeTestTask.java:138)
	at org.junit.platform.engine.support.hierarchical.NodeTestTask.execute(NodeTestTask.java:95)
	at java.base/java.util.ArrayList.forEach(ArrayList.java:1511)
	at org.junit.platform.engine.support.hierarchical.SameThreadHierarchicalTestExecutorService.invokeAll(SameThreadHierarchicalTestExecutorService.java:41)
	at org.junit.platform.engine.support.hierarchical.NodeTestTask.lambda$executeRecursively$6(NodeTestTask.java:155)
	at org.junit.platform.engine.support.hierarchical.ThrowableCollector.execute(ThrowableCollector.java:73)
	at org.junit.platform.engine.support.hierarchical.NodeTestTask.lambda$executeRecursively$8(NodeTestTask.java:141)
	at org.junit.platform.engine.support.hierarchical.Node.around(Node.java:137)
	at org.junit.platform.engine.support.hierarchical.NodeTestTask.lambda$executeRecursively$9(NodeTestTask.java:139)
	at org.junit.platform.engine.support.hierarchical.ThrowableCollector.execute(ThrowableCollector.java:73)
	at org.junit.platform.engine.support.hierarchical.NodeTestTask.executeRecursively(NodeTestTask.java:138)
	at org.junit.platform.engine.support.hierarchical.NodeTestTask.execute(NodeTestTask.java:95)
	at java.base/java.util.ArrayList.forEach(ArrayList.java:1511)
	at org.junit.platform.engine.support.hierarchical.SameThreadHierarchicalTestExecutorService.invokeAll(SameThreadHierarchicalTestExecutorService.java:41)
	at org.junit.platform.engine.support.hierarchical.NodeTestTask.lambda$executeRecursively$6(NodeTestTask.java:155)
	at org.junit.platform.engine.support.hierarchical.ThrowableCollector.execute(ThrowableCollector.java:73)
	at org.junit.platform.engine.support.hierarchical.NodeTestTask.lambda$executeRecursively$8(NodeTestTask.java:141)
	at org.junit.platform.engine.support.hierarchical.Node.around(Node.java:137)
	at org.junit.platform.engine.support.hierarchical.NodeTestTask.lambda$executeRecursively$9(NodeTestTask.java:139)
	at org.junit.platform.engine.support.hierarchical.ThrowableCollector.execute(ThrowableCollector.java:73)
	at org.junit.platform.engine.support.hierarchical.NodeTestTask.executeRecursively(NodeTestTask.java:138)
	at org.junit.platform.engine.support.hierarchical.NodeTestTask.execute(NodeTestTask.java:95)
	at org.junit.platform.engine.support.hierarchical.SameThreadHierarchicalTestExecutorService.submit(SameThreadHierarchicalTestExecutorService.java:35)
	at org.junit.platform.engine.support.hierarchical.HierarchicalTestExecutor.execute(HierarchicalTestExecutor.java:57)
	at org.junit.platform.engine.support.hierarchical.HierarchicalTestEngine.execute(HierarchicalTestEngine.java:54)
	at org.junit.platform.launcher.core.EngineExecutionOrchestrator.execute(EngineExecutionOrchestrator.java:147)
	at org.junit.platform.launcher.core.EngineExecutionOrchestrator.execute(EngineExecutionOrchestrator.java:127)
	at org.junit.platform.launcher.core.EngineExecutionOrchestrator.execute(EngineExecutionOrchestrator.java:90)
	at org.junit.platform.launcher.core.EngineExecutionOrchestrator.lambda$execute$0(EngineExecutionOrchestrator.java:55)
	at org.junit.platform.launcher.core.EngineExecutionOrchestrator.withInterceptedStreams(EngineExecutionOrchestrator.java:102)
	at org.junit.platform.launcher.core.EngineExecutionOrchestrator.execute(EngineExecutionOrchestrator.java:54)
	at org.junit.platform.launcher.core.DefaultLauncher.execute(DefaultLauncher.java:114)
	at org.junit.platform.launcher.core.DefaultLauncher.execute(DefaultLauncher.java:86)
	at org.junit.platform.launcher.core.DefaultLauncherSession$DelegatingLauncher.execute(DefaultLauncherSession.java:86)
	at org.apache.maven.surefire.junitplatform.LazyLauncher.execute(LazyLauncher.java:50)
	at org.apache.maven.surefire.junitplatform.JUnitPlatformProvider.execute(JUnitPlatformProvider.java:184)
	at org.apache.maven.surefire.junitplatform.JUnitPlatformProvider.invokeAllTests(JUnitPlatformProvider.java:148)
	at org.apache.maven.surefire.junitplatform.JUnitPlatformProvider.invoke(JUnitPlatformProvider.java:122)
	at org.apache.maven.surefire.booter.ForkedBooter.runSuitesInProcess(ForkedBooter.java:385)
	at org.apache.maven.surefire.booter.ForkedBooter.execute(ForkedBooter.java:162)
	at org.apache.maven.surefire.booter.ForkedBooter.run(ForkedBooter.java:507)
	at org.apache.maven.surefire.booter.ForkedBooter.main(ForkedBooter.java:495)
2023-11-24 12:36:48,085 DEBUG o.h.o.s.a.tree [SqlTreePrinter.java:46] SQL AST Tree:
    SelectStatement {
      FromClause {
        StandardTableGroup (r1 : franco.maurizio.hr.desk.com.persistence.entity.Role(961691196949077)) {
          primaryTableReference : roles as r1_0
        }
      }
    }

2023-11-24 12:36:48,086 DEBUG o.h.o.s.exec [JdbcSelectExecutorStandardImpl.java:455] Skipping reading Query result cache data: cache-enabled = false, cache-mode = NORMAL
2023-11-24 12:36:48,086 TRACE o.h.o.results [ResultsHelper.java:117] Registering initializer : EntityResultInitializer(franco.maurizio.hr.desk.com.persistence.entity.Role(961691196949077))
2023-11-24 12:36:48,086 DEBUG o.h.o.results [NavigablePathMapToInitializer.java:76] Initializer list:
	  franco.maurizio.hr.desk.com.persistence.entity.Role(961691196949077) -> EntityResultInitializer(franco.maurizio.hr.desk.com.persistence.entity.Role(961691196949077))@401612046 (SingleTableEntityPersister(franco.maurizio.hr.desk.com.persistence.entity.Role))

2023-11-24 12:36:48,087 TRACE o.h.s.r.j.i.DeferredResultSetAccess [DeferredResultSetAccess.java:224] Executing query to retrieve ResultSet : select r1_0.id,r1_0.description,r1_0.label,r1_0.level from roles r1_0 where r1_0.level=?
2023-11-24 12:36:48,087 DEBUG o.h.SQL [SqlStatementLogger.java:133] select r1_0.id,r1_0.description,r1_0.label,r1_0.level from roles r1_0 where r1_0.level=?
Hibernate: select r1_0.id,r1_0.description,r1_0.label,r1_0.level from roles r1_0 where r1_0.level=?
2023-11-24 12:36:48,087 TRACE o.h.r.j.i.ResourceRegistryStandardImpl [ResourceRegistryStandardImpl.java:82] Registering statement [HikariProxyPreparedStatement@1085026990 wrapping com.mysql.cj.jdbc.ClientPreparedStatement: select r1_0.id,r1_0.description,r1_0.label,r1_0.level from roles r1_0 where r1_0.level=** NOT SPECIFIED **]
2023-11-24 12:36:48,088 TRACE o.h.e.j.i.JdbcCoordinatorImpl [JdbcCoordinatorImpl.java:322] Registering last query statement [HikariProxyPreparedStatement@1085026990 wrapping com.mysql.cj.jdbc.ClientPreparedStatement: select r1_0.id,r1_0.description,r1_0.label,r1_0.level from roles r1_0 where r1_0.level=** NOT SPECIFIED **]
2023-11-24 12:36:48,088 TRACE o.h.o.j.bind [JdbcBindingLogging.java:25] binding parameter [1] as [INTEGER] - [0]
2023-11-24 12:36:48,089 TRACE o.h.r.j.i.ResourceRegistryStandardImpl [ResourceRegistryStandardImpl.java:221] Registering result set [HikariProxyResultSet@560151893 wrapping com.mysql.cj.jdbc.result.ResultSetImpl@236bc555]
2023-11-24 12:36:48,089 TRACE o.h.r.j.i.AbstractLogicalConnectionImplementor [AbstractLogicalConnectionImplementor.java:48] LogicalConnection#afterStatement
2023-11-24 12:36:48,090 TRACE o.h.r.j.i.ResourceRegistryStandardImpl [ResourceRegistryStandardImpl.java:117] Releasing result set [HikariProxyResultSet@560151893 wrapping com.mysql.cj.jdbc.result.ResultSetImpl@236bc555]
2023-11-24 12:36:48,090 TRACE o.h.r.j.i.ResourceRegistryStandardImpl [ResourceRegistryStandardImpl.java:169] Closing result set [HikariProxyResultSet@560151893 wrapping com.mysql.cj.jdbc.result.ResultSetImpl@236bc555]
2023-11-24 12:36:48,090 TRACE o.h.r.j.i.ResourceRegistryStandardImpl [ResourceRegistryStandardImpl.java:96] Releasing statement [HikariProxyPreparedStatement@1085026990 wrapping com.mysql.cj.jdbc.ClientPreparedStatement: select r1_0.id,r1_0.description,r1_0.label,r1_0.level from roles r1_0 where r1_0.level=0]
2023-11-24 12:36:48,090 TRACE o.h.r.j.i.ResourceRegistryStandardImpl [ResourceRegistryStandardImpl.java:187] Closing prepared statement [HikariProxyPreparedStatement@1085026990 wrapping com.mysql.cj.jdbc.ClientPreparedStatement: select r1_0.id,r1_0.description,r1_0.label,r1_0.level from roles r1_0 where r1_0.level=0]
2023-11-24 12:36:48,090 TRACE o.h.e.i.StatefulPersistenceContext [StatefulPersistenceContext.java:976] Initializing non-lazy collections
2023-11-24 12:36:48,090 TRACE o.h.r.j.i.AbstractLogicalConnectionImplementor [AbstractLogicalConnectionImplementor.java:58] LogicalConnection#afterTransaction
2023-11-24 12:36:48,090 TRACE o.h.r.j.i.ResourceRegistryStandardImpl [ResourceRegistryStandardImpl.java:329] Releasing JDBC resources
2023-11-24 12:36:48,091 TRACE o.h.i.SessionImpl [SessionImpl.java:402] Closing session [4ac62aff-c569-40fe-92a2-1daf598429a2]
2023-11-24 12:36:48,091 TRACE o.h.e.j.i.JdbcCoordinatorImpl [JdbcCoordinatorImpl.java:152] Closing JDBC container [org.hibernate.engine.jdbc.internal.JdbcCoordinatorImpl@15fcc93b]
2023-11-24 12:36:48,091 TRACE o.h.r.j.i.ResourceRegistryStandardImpl [ResourceRegistryStandardImpl.java:329] Releasing JDBC resources
2023-11-24 12:36:48,091 TRACE o.h.r.j.i.LogicalConnectionManagedImpl [LogicalConnectionManagedImpl.java:256] Closing logical connection
2023-11-24 12:36:48,091 TRACE o.h.r.j.i.ResourceRegistryStandardImpl [ResourceRegistryStandardImpl.java:329] Releasing JDBC resources
2023-11-24 12:36:48,091 TRACE o.h.r.j.i.LogicalConnectionManagedImpl [LogicalConnectionManagedImpl.java:263] Logical connection closed
2023-11-24 12:36:48,093 TRACE o.h.i.SessionFactoryImpl$SessionBuilderImpl [SessionFactoryImpl.java:1298] Opening Hibernate Session.  tenant=null
2023-11-24 12:36:48,093 TRACE o.h.i.SessionImpl [SessionImpl.java:262] Opened Session [a9334e01-56b3-4402-b8fa-5d79d6bf2237] at timestamp: 1700825808093
2023-11-24 12:36:48,093 DEBUG o.h.e.t.i.TransactionImpl [TransactionImpl.java:53] On TransactionImpl creation, JpaCompliance#isJpaTransactionComplianceEnabled == false
2023-11-24 12:36:48,093 DEBUG o.h.e.t.i.TransactionImpl [TransactionImpl.java:81] begin
2023-11-24 12:36:48,093 TRACE o.h.r.j.i.AbstractLogicalConnectionImplementor [AbstractLogicalConnectionImplementor.java:71] Preparing to begin transaction via JDBC Connection.setAutoCommit(false)
2023-11-24 12:36:48,094 TRACE o.h.r.j.i.AbstractLogicalConnectionImplementor [AbstractLogicalConnectionImplementor.java:73] Transaction begun via JDBC Connection.setAutoCommit(false)
2023-11-24 12:36:48,094 TRACE o.h.r.t.b.j.i.JdbcResourceLocalTransactionCoordinatorImpl [JdbcResourceLocalTransactionCoordinatorImpl.java:163] ResourceLocalTransactionCoordinatorImpl#afterBeginCallback
2023-11-24 12:36:48,094 DEBUG o.h.j.i.PersistenceUnitUtilImpl [PersistenceUnitUtilImpl.java:89] jakarta.persistence.PersistenceUnitUtil.getIdentifier is only intended to work with enhanced entities (although Hibernate also adapts this support to its proxies); however the passed entity was not enhanced (nor a proxy).. may not be able to read identifier
2023-11-24 12:36:48,098 TRACE o.h.e.i.EntityState [EntityState.java:64] Transient instance of: franco.maurizio.hr.desk.com.persistence.entity.Role
2023-11-24 12:36:48,098 TRACE o.h.e.i.DefaultPersistEventListener [DefaultPersistEventListener.java:171] Saving transient instance
2023-11-24 12:36:48,099 TRACE o.h.e.i.AbstractSaveEventListener [AbstractSaveEventListener.java:172] Saving [franco.maurizio.hr.desk.com.persistence.entity.Role#<null>]
2023-11-24 12:36:48,099 TRACE o.h.e.s.ActionQueue [ActionQueue.java:321] Adding an EntityIdentityInsertAction for [franco.maurizio.hr.desk.com.persistence.entity.Role] object
2023-11-24 12:36:48,099 TRACE o.h.e.s.ActionQueue [ActionQueue.java:266] Executing inserts before finding non-nullable transient entities for early insert: [EntityIdentityInsertAction[franco.maurizio.hr.desk.com.persistence.entity.Role#<null>]]
2023-11-24 12:36:48,100 TRACE o.h.e.s.ActionQueue [ActionQueue.java:271] Adding insert with no non-nullable, transient entities: [EntityIdentityInsertAction[franco.maurizio.hr.desk.com.persistence.entity.Role#<null>]]
2023-11-24 12:36:48,100 TRACE o.h.e.s.ActionQueue [ActionQueue.java:288] Executing insertions before resolved early-insert
2023-11-24 12:36:48,100 DEBUG o.h.e.s.ActionQueue [ActionQueue.java:290] Executing identity-insert immediately
2023-11-24 12:36:48,114 TRACE o.h.v.i.e.c.SimpleConstraintTree [SimpleConstraintTree.java:53] Validating against constraint defined by ConstraintDescriptorImpl{annotation=j.v.c.NotNull, payloads=[], hasComposingConstraints=true, isReportAsSingleInvalidConstraint=false, constraintLocationKind=FIELD, definedOn=DEFINED_LOCALLY, groups=[interface jakarta.validation.groups.Default], attributes={groups=[Ljava.lang.Class;@694b7383, message=error.role.level.notnull, payload=[Ljava.lang.Class;@55de4314}, constraintType=GENERIC, valueUnwrapping=DEFAULT}.
2023-11-24 12:36:48,117 TRACE o.h.v.i.e.c.SimpleConstraintTree [SimpleConstraintTree.java:53] Validating against constraint defined by ConstraintDescriptorImpl{annotation=j.v.c.NotEmpty, payloads=[], hasComposingConstraints=true, isReportAsSingleInvalidConstraint=false, constraintLocationKind=FIELD, definedOn=DEFINED_LOCALLY, groups=[interface jakarta.validation.groups.Default], attributes={groups=[Ljava.lang.Class;@3afc292e, message=error.role.label.empty, payload=[Ljava.lang.Class;@17fa4bad}, constraintType=GENERIC, valueUnwrapping=DEFAULT}.
2023-11-24 12:36:48,118 TRACE o.h.v.i.e.c.SimpleConstraintTree [SimpleConstraintTree.java:53] Validating against constraint defined by ConstraintDescriptorImpl{annotation=o.h.v.c.Length, payloads=[], hasComposingConstraints=true, isReportAsSingleInvalidConstraint=false, constraintLocationKind=FIELD, definedOn=DEFINED_LOCALLY, groups=[interface jakarta.validation.groups.Default], attributes={groups=[Ljava.lang.Class;@51ba1ff0, min=0, message=error.role.description.length, payload=[Ljava.lang.Class;@a54e9b0, max=100}, constraintType=GENERIC, valueUnwrapping=DEFAULT}.
2023-11-24 12:36:48,120 TRACE o.h.v.i.e.c.SimpleConstraintTree [SimpleConstraintTree.java:53] Validating against constraint defined by ConstraintDescriptorImpl{annotation=o.h.v.c.Length, payloads=[], hasComposingConstraints=true, isReportAsSingleInvalidConstraint=false, constraintLocationKind=FIELD, definedOn=DEFINED_LOCALLY, groups=[interface jakarta.validation.groups.Default], attributes={groups=[Ljava.lang.Class;@51ba1ff0, min=0, message=error.role.label.length, payload=[Ljava.lang.Class;@a54e9b0, max=50}, constraintType=GENERIC, valueUnwrapping=DEFAULT}.
2023-11-24 12:36:48,126 DEBUG o.h.SQL [SqlStatementLogger.java:133] insert into roles (description,label,level) values (?,?,?)
Hibernate: insert into roles (description,label,level) values (?,?,?)
2023-11-24 12:36:48,128 TRACE o.h.r.j.i.ResourceRegistryStandardImpl [ResourceRegistryStandardImpl.java:82] Registering statement [HikariProxyPreparedStatement@361775260 wrapping com.mysql.cj.jdbc.ClientPreparedStatement: insert into roles (description,label,level) values (** NOT SPECIFIED **,** NOT SPECIFIED **,** NOT SPECIFIED **)]
2023-11-24 12:36:48,128 TRACE o.h.r.j.i.ResourceRegistryStandardImpl [ResourceRegistryStandardImpl.java:221] Registering result set [null]
2023-11-24 12:36:48,129 TRACE o.h.o.j.bind [JdbcBindingLogging.java:25] binding parameter [1] as [VARCHAR] - [administrator]
2023-11-24 12:36:48,129 TRACE o.h.o.j.bind [JdbcBindingLogging.java:25] binding parameter [2] as [VARCHAR] - [admin]
2023-11-24 12:36:48,129 TRACE o.h.o.j.bind [JdbcBindingLogging.java:25] binding parameter [3] as [INTEGER] - [0]
2023-11-24 12:36:48,137 TRACE o.h.o.j.extract [JdbcExtractingLogging.java:24] extracted value ([1] : [BIGINT]) - [187]
2023-11-24 12:36:48,138 DEBUG o.h.i.IdentifierGeneratorHelper [IdentifierGeneratorHelper.java:84] Natively generated identity (franco.maurizio.hr.desk.com.persistence.entity.Role) : 187
2023-11-24 12:36:48,138 TRACE o.h.r.j.i.ResourceRegistryStandardImpl [ResourceRegistryStandardImpl.java:117] Releasing result set [HikariProxyResultSet@220837431 wrapping com.mysql.cj.jdbc.result.ResultSetImpl@5e97a5f8]
2023-11-24 12:36:48,138 TRACE o.h.r.j.i.ResourceRegistryStandardImpl [ResourceRegistryStandardImpl.java:169] Closing result set [HikariProxyResultSet@220837431 wrapping com.mysql.cj.jdbc.result.ResultSetImpl@5e97a5f8]
2023-11-24 12:36:48,139 TRACE o.h.r.j.i.ResourceRegistryStandardImpl [ResourceRegistryStandardImpl.java:96] Releasing statement [HikariProxyPreparedStatement@361775260 wrapping com.mysql.cj.jdbc.ClientPreparedStatement: insert into roles (description,label,level) values ('administrator','admin',0)]
2023-11-24 12:36:48,139 TRACE o.h.r.j.i.ResourceRegistryStandardImpl [ResourceRegistryStandardImpl.java:169] Closing result set [null]
2023-11-24 12:36:48,139 TRACE o.h.r.j.i.ResourceRegistryStandardImpl [ResourceRegistryStandardImpl.java:187] Closing prepared statement [HikariProxyPreparedStatement@361775260 wrapping com.mysql.cj.jdbc.ClientPreparedStatement: insert into roles (description,label,level) values ('administrator','admin',0)]
2023-11-24 12:36:48,140 TRACE o.h.o.j.mutation [MutationExecutorPostInsertSingleTable.java:103] Post-insert generated value : `187` (franco.maurizio.hr.desk.com.persistence.entity.Role)
2023-11-24 12:36:48,140 TRACE o.h.r.j.i.ResourceRegistryStandardImpl [ResourceRegistryStandardImpl.java:96] Releasing statement [HikariProxyPreparedStatement@361775260 wrapping com.mysql.cj.jdbc.ClientPreparedStatement: insert into roles (description,label,level) values (** NOT SPECIFIED **,** NOT SPECIFIED **,** NOT SPECIFIED **)]
2023-11-24 12:36:48,140 DEBUG o.h.r.j.i.ResourceRegistryStandardImpl [ResourceRegistryStandardImpl.java:105] HHH000387: ResultSet's statement was not registered
2023-11-24 12:36:48,141 TRACE o.h.r.j.i.ResourceRegistryStandardImpl [ResourceRegistryStandardImpl.java:187] Closing prepared statement [HikariProxyPreparedStatement@361775260 wrapping com.mysql.cj.jdbc.ClientPreparedStatement: insert into roles (description,label,level) values (** NOT SPECIFIED **,** NOT SPECIFIED **,** NOT SPECIFIED **)]
2023-11-24 12:36:48,148 DEBUG o.h.r.j.i.ResourceRegistryStandardImpl [ResourceRegistryStandardImpl.java:203] Exception clearing maxRows/queryTimeout [No operations allowed after statement closed.]
2023-11-24 12:36:48,150 DEBUG o.h.e.t.i.TransactionImpl [TransactionImpl.java:98] committing
2023-11-24 12:36:48,150 TRACE o.h.r.t.b.j.i.JdbcResourceLocalTransactionCoordinatorImpl [JdbcResourceLocalTransactionCoordinatorImpl.java:167] ResourceLocalTransactionCoordinatorImpl#beforeCompletionCallback
2023-11-24 12:36:48,150 TRACE o.h.i.SessionImpl [SessionImpl.java:1965] SessionImpl#beforeTransactionCompletion()
2023-11-24 12:36:48,150 TRACE o.h.i.SessionImpl [SessionImpl.java:484] Automatically flushing session
2023-11-24 12:36:48,150 TRACE o.h.e.i.AbstractFlushingEventListener [AbstractFlushingEventListener.java:72] Flushing session
2023-11-24 12:36:48,151 DEBUG o.h.e.i.AbstractFlushingEventListener [AbstractFlushingEventListener.java:136] Processing flush-time cascades
2023-11-24 12:36:48,151 TRACE o.h.e.i.Cascade [Cascade.java:87] Processing cascade ACTION_PERSIST_ON_FLUSH for: franco.maurizio.hr.desk.com.persistence.entity.Role
2023-11-24 12:36:48,151 TRACE o.h.e.i.Cascade [Cascade.java:200] Done processing cascade ACTION_PERSIST_ON_FLUSH for: franco.maurizio.hr.desk.com.persistence.entity.Role
2023-11-24 12:36:48,151 DEBUG o.h.e.i.AbstractFlushingEventListener [AbstractFlushingEventListener.java:185] Dirty checking collections
2023-11-24 12:36:48,151 TRACE o.h.e.i.AbstractFlushingEventListener [AbstractFlushingEventListener.java:197] Flushing entities and processing referenced collections
2023-11-24 12:36:48,151 TRACE o.h.e.i.AbstractFlushingEventListener [AbstractFlushingEventListener.java:264] Processing unreferenced collections
2023-11-24 12:36:48,151 TRACE o.h.e.i.AbstractFlushingEventListener [AbstractFlushingEventListener.java:277] Scheduling collection removes/(re)creates/updates
2023-11-24 12:36:48,151 DEBUG o.h.e.i.AbstractFlushingEventListener [AbstractFlushingEventListener.java:110] Flushed: 0 insertions, 0 updates, 0 deletions to 1 objects
2023-11-24 12:36:48,151 DEBUG o.h.e.i.AbstractFlushingEventListener [AbstractFlushingEventListener.java:117] Flushed: 0 (re)creations, 0 updates, 0 removals to 0 collections
2023-11-24 12:36:48,151 DEBUG o.h.i.u.EntityPrinter [EntityPrinter.java:111] Listing entities:
2023-11-24 12:36:48,152 DEBUG o.h.i.u.EntityPrinter [EntityPrinter.java:118] franco.maurizio.hr.desk.com.persistence.entity.Role{level=0, description=administrator, id=187, label=admin}
2023-11-24 12:36:48,152 TRACE o.h.e.i.AbstractFlushingEventListener [AbstractFlushingEventListener.java:349] Executing flush
2023-11-24 12:36:48,152 TRACE o.h.e.j.i.JdbcCoordinatorImpl [JdbcCoordinatorImpl.java:270] Starting after statement execution processing [ON_CLOSE]
2023-11-24 12:36:48,152 TRACE o.h.e.i.AbstractFlushingEventListener [AbstractFlushingEventListener.java:384] Post flush
2023-11-24 12:36:48,152 TRACE o.h.r.j.i.AbstractLogicalConnectionImplementor [AbstractLogicalConnectionImplementor.java:53] LogicalConnection#beforeTransactionCompletion
2023-11-24 12:36:48,152 TRACE o.h.r.t.i.SynchronizationRegistryStandardImpl [SynchronizationRegistryStandardImpl.java:55] SynchronizationRegistryStandardImpl.notifySynchronizationsBeforeTransactionCompletion
2023-11-24 12:36:48,152 TRACE o.h.r.j.i.AbstractLogicalConnectionImplementor [AbstractLogicalConnectionImplementor.java:85] Preparing to commit transaction via JDBC Connection.commit()
2023-11-24 12:36:48,161 TRACE o.h.r.j.i.AbstractLogicalConnectionImplementor [AbstractLogicalConnectionImplementor.java:88] Transaction committed via JDBC Connection.commit()
2023-11-24 12:36:48,161 TRACE o.h.r.j.i.AbstractLogicalConnectionImplementor [AbstractLogicalConnectionImplementor.java:105] re-enabling auto-commit on JDBC Connection after completion of JDBC-based transaction
2023-11-24 12:36:48,162 TRACE o.h.r.j.i.AbstractLogicalConnectionImplementor [AbstractLogicalConnectionImplementor.java:58] LogicalConnection#afterTransaction
2023-11-24 12:36:48,162 TRACE o.h.r.j.i.ResourceRegistryStandardImpl [ResourceRegistryStandardImpl.java:329] Releasing JDBC resources
2023-11-24 12:36:48,162 TRACE o.h.r.t.b.j.i.JdbcResourceLocalTransactionCoordinatorImpl [JdbcResourceLocalTransactionCoordinatorImpl.java:185] ResourceLocalTransactionCoordinatorImpl#afterCompletionCallback(true)
2023-11-24 12:36:48,162 TRACE o.h.r.t.i.SynchronizationRegistryStandardImpl [DelegatingBasicLogger.java:158] SynchronizationRegistryStandardImpl.notifySynchronizationsAfterTransactionCompletion(3)
2023-11-24 12:36:48,162 TRACE o.h.i.SessionImpl [SessionImpl.java:1980] SessionImpl#afterTransactionCompletion(successful=true, delayed=false)
2023-11-24 12:36:48,162 TRACE o.h.i.SessionImpl [SessionImpl.java:402] Closing session [a9334e01-56b3-4402-b8fa-5d79d6bf2237]
2023-11-24 12:36:48,162 TRACE o.h.e.j.i.JdbcCoordinatorImpl [JdbcCoordinatorImpl.java:152] Closing JDBC container [org.hibernate.engine.jdbc.internal.JdbcCoordinatorImpl@12763c53]
2023-11-24 12:36:48,162 TRACE o.h.r.j.i.ResourceRegistryStandardImpl [ResourceRegistryStandardImpl.java:329] Releasing JDBC resources
2023-11-24 12:36:48,162 TRACE o.h.r.j.i.LogicalConnectionManagedImpl [LogicalConnectionManagedImpl.java:256] Closing logical connection
2023-11-24 12:36:48,162 TRACE o.h.r.j.i.ResourceRegistryStandardImpl [ResourceRegistryStandardImpl.java:329] Releasing JDBC resources
2023-11-24 12:36:48,163 TRACE o.h.r.j.i.LogicalConnectionManagedImpl [LogicalConnectionManagedImpl.java:263] Logical connection closed
2023-11-24 12:36:48,163 TRACE o.h.i.SessionFactoryImpl$SessionBuilderImpl [SessionFactoryImpl.java:1298] Opening Hibernate Session.  tenant=null
2023-11-24 12:36:48,163 TRACE o.h.i.SessionImpl [SessionImpl.java:262] Opened Session [fc53d25c-8dee-4f7a-bdf9-372178b05d30] at timestamp: 1700825808163
2023-11-24 12:36:48,163 DEBUG o.h.e.t.i.TransactionImpl [TransactionImpl.java:53] On TransactionImpl creation, JpaCompliance#isJpaTransactionComplianceEnabled == false
2023-11-24 12:36:48,163 DEBUG o.h.e.t.i.TransactionImpl [TransactionImpl.java:81] begin
2023-11-24 12:36:48,163 TRACE o.h.r.j.i.AbstractLogicalConnectionImplementor [AbstractLogicalConnectionImplementor.java:71] Preparing to begin transaction via JDBC Connection.setAutoCommit(false)
2023-11-24 12:36:48,164 TRACE o.h.r.j.i.AbstractLogicalConnectionImplementor [AbstractLogicalConnectionImplementor.java:73] Transaction begun via JDBC Connection.setAutoCommit(false)
2023-11-24 12:36:48,164 TRACE o.h.r.t.b.j.i.JdbcResourceLocalTransactionCoordinatorImpl [JdbcResourceLocalTransactionCoordinatorImpl.java:163] ResourceLocalTransactionCoordinatorImpl#afterBeginCallback
2023-11-24 12:36:48,164 DEBUG o.h.j.i.PersistenceUnitUtilImpl [PersistenceUnitUtilImpl.java:89] jakarta.persistence.PersistenceUnitUtil.getIdentifier is only intended to work with enhanced entities (although Hibernate also adapts this support to its proxies); however the passed entity was not enhanced (nor a proxy).. may not be able to read identifier
2023-11-24 12:36:48,164 TRACE o.h.e.i.EntityState [EntityState.java:64] Transient instance of: franco.maurizio.hr.desk.com.persistence.entity.User
2023-11-24 12:36:48,164 TRACE o.h.e.i.DefaultPersistEventListener [DefaultPersistEventListener.java:171] Saving transient instance
2023-11-24 12:36:48,164 TRACE o.h.e.i.AbstractSaveEventListener [AbstractSaveEventListener.java:172] Saving [franco.maurizio.hr.desk.com.persistence.entity.User#<null>]
2023-11-24 12:36:48,165 TRACE o.h.e.s.ActionQueue [ActionQueue.java:321] Adding an EntityIdentityInsertAction for [franco.maurizio.hr.desk.com.persistence.entity.User] object
2023-11-24 12:36:48,165 TRACE o.h.e.s.ActionQueue [ActionQueue.java:266] Executing inserts before finding non-nullable transient entities for early insert: [EntityIdentityInsertAction[franco.maurizio.hr.desk.com.persistence.entity.User#<null>]]
2023-11-24 12:36:48,165 TRACE o.h.e.s.ActionQueue [ActionQueue.java:271] Adding insert with no non-nullable, transient entities: [EntityIdentityInsertAction[franco.maurizio.hr.desk.com.persistence.entity.User#<null>]]
2023-11-24 12:36:48,165 TRACE o.h.e.s.ActionQueue [ActionQueue.java:288] Executing insertions before resolved early-insert
2023-11-24 12:36:48,165 DEBUG o.h.e.s.ActionQueue [ActionQueue.java:290] Executing identity-insert immediately
2023-11-24 12:36:48,165 TRACE o.h.v.i.e.c.SimpleConstraintTree [SimpleConstraintTree.java:53] Validating against constraint defined by ConstraintDescriptorImpl{annotation=o.h.v.c.Length, payloads=[], hasComposingConstraints=true, isReportAsSingleInvalidConstraint=false, constraintLocationKind=FIELD, definedOn=DEFINED_LOCALLY, groups=[interface jakarta.validation.groups.Default], attributes={groups=[Ljava.lang.Class;@51ba1ff0, min=0, message=error.user.firstname.length, payload=[Ljava.lang.Class;@a54e9b0, max=50}, constraintType=GENERIC, valueUnwrapping=DEFAULT}.
2023-11-24 12:36:48,165 TRACE o.h.v.i.e.c.SimpleConstraintTree [SimpleConstraintTree.java:53] Validating against constraint defined by ConstraintDescriptorImpl{annotation=j.v.c.NotEmpty, payloads=[], hasComposingConstraints=true, isReportAsSingleInvalidConstraint=false, constraintLocationKind=FIELD, definedOn=DEFINED_LOCALLY, groups=[interface jakarta.validation.groups.Default], attributes={groups=[Ljava.lang.Class;@3afc292e, message=error.user.email.empty, payload=[Ljava.lang.Class;@17fa4bad}, constraintType=GENERIC, valueUnwrapping=DEFAULT}.
2023-11-24 12:36:48,166 TRACE o.h.v.i.e.c.SimpleConstraintTree [SimpleConstraintTree.java:53] Validating against constraint defined by ConstraintDescriptorImpl{annotation=j.v.c.NotNull, payloads=[], hasComposingConstraints=true, isReportAsSingleInvalidConstraint=false, constraintLocationKind=FIELD, definedOn=DEFINED_LOCALLY, groups=[interface jakarta.validation.groups.Default], attributes={groups=[Ljava.lang.Class;@694b7383, message=error.user.firstname.empty, payload=[Ljava.lang.Class;@55de4314}, constraintType=GENERIC, valueUnwrapping=DEFAULT}.
2023-11-24 12:36:48,166 TRACE o.h.v.i.e.c.SimpleConstraintTree [SimpleConstraintTree.java:53] Validating against constraint defined by ConstraintDescriptorImpl{annotation=j.v.c.Email, payloads=[], hasComposingConstraints=true, isReportAsSingleInvalidConstraint=false, constraintLocationKind=FIELD, definedOn=DEFINED_LOCALLY, groups=[interface jakarta.validation.groups.Default], attributes={flags=[Ljakarta.validation.constraints.Pattern$Flag;@6bc3d564, groups=[Ljava.lang.Class;@1616c71b, regexp=.*, message=error.user.email.email, payload=[Ljava.lang.Class;@66de4992}, constraintType=GENERIC, valueUnwrapping=DEFAULT}.
2023-11-24 12:36:48,177 TRACE o.h.v.i.e.c.SimpleConstraintTree [SimpleConstraintTree.java:53] Validating against constraint defined by ConstraintDescriptorImpl{annotation=o.h.v.c.Length, payloads=[], hasComposingConstraints=true, isReportAsSingleInvalidConstraint=false, constraintLocationKind=FIELD, definedOn=DEFINED_LOCALLY, groups=[interface jakarta.validation.groups.Default], attributes={groups=[Ljava.lang.Class;@51ba1ff0, min=0, message=error.user.email.length, payload=[Ljava.lang.Class;@a54e9b0, max=100}, constraintType=GENERIC, valueUnwrapping=DEFAULT}.
2023-11-24 12:36:48,177 TRACE o.h.v.i.e.c.SimpleConstraintTree [SimpleConstraintTree.java:53] Validating against constraint defined by ConstraintDescriptorImpl{annotation=o.h.v.c.Length, payloads=[], hasComposingConstraints=true, isReportAsSingleInvalidConstraint=false, constraintLocationKind=FIELD, definedOn=DEFINED_LOCALLY, groups=[interface jakarta.validation.groups.Default], attributes={groups=[Ljava.lang.Class;@51ba1ff0, min=0, message=error.user.lastname.length, payload=[Ljava.lang.Class;@a54e9b0, max=50}, constraintType=GENERIC, valueUnwrapping=DEFAULT}.
2023-11-24 12:36:48,178 TRACE o.h.v.i.e.c.SimpleConstraintTree [SimpleConstraintTree.java:53] Validating against constraint defined by ConstraintDescriptorImpl{annotation=j.v.c.NotNull, payloads=[], hasComposingConstraints=true, isReportAsSingleInvalidConstraint=false, constraintLocationKind=FIELD, definedOn=DEFINED_LOCALLY, groups=[interface jakarta.validation.groups.Default], attributes={groups=[Ljava.lang.Class;@694b7383, message=error.user.lastname.empty, payload=[Ljava.lang.Class;@55de4314}, constraintType=GENERIC, valueUnwrapping=DEFAULT}.
2023-11-24 12:36:48,178 TRACE o.h.v.i.e.c.SimpleConstraintTree [SimpleConstraintTree.java:53] Validating against constraint defined by ConstraintDescriptorImpl{annotation=o.h.v.c.Length, payloads=[], hasComposingConstraints=true, isReportAsSingleInvalidConstraint=false, constraintLocationKind=FIELD, definedOn=DEFINED_LOCALLY, groups=[interface jakarta.validation.groups.Default], attributes={groups=[Ljava.lang.Class;@51ba1ff0, min=0, message=error.user.password.length, payload=[Ljava.lang.Class;@a54e9b0, max=100}, constraintType=GENERIC, valueUnwrapping=DEFAULT}.
2023-11-24 12:36:48,178 DEBUG o.h.SQL [SqlStatementLogger.java:133] insert into users (email,enabled,firstname,lastname,password,regdate,role) values (?,?,?,?,?,?,?)
Hibernate: insert into users (email,enabled,firstname,lastname,password,regdate,role) values (?,?,?,?,?,?,?)
2023-11-24 12:36:48,178 TRACE o.h.r.j.i.ResourceRegistryStandardImpl [ResourceRegistryStandardImpl.java:82] Registering statement [HikariProxyPreparedStatement@1152715320 wrapping com.mysql.cj.jdbc.ClientPreparedStatement: insert into users (email,enabled,firstname,lastname,password,regdate,role) values (** NOT SPECIFIED **,** NOT SPECIFIED **,** NOT SPECIFIED **,** NOT SPECIFIED **,** NOT SPECIFIED **,** NOT SPECIFIED **,** NOT SPECIFIED **)]
2023-11-24 12:36:48,179 TRACE o.h.r.j.i.ResourceRegistryStandardImpl [ResourceRegistryStandardImpl.java:221] Registering result set [null]
2023-11-24 12:36:48,179 TRACE o.h.o.j.bind [JdbcBindingLogging.java:25] binding parameter [1] as [VARCHAR] - [812a@b.c]
2023-11-24 12:36:48,179 TRACE o.h.o.j.bind [JdbcBindingLogging.java:25] binding parameter [2] as [BOOLEAN] - [false]
2023-11-24 12:36:48,179 TRACE o.h.o.j.bind [JdbcBindingLogging.java:25] binding parameter [3] as [VARCHAR] - [pippo]
2023-11-24 12:36:48,179 TRACE o.h.o.j.bind [JdbcBindingLogging.java:25] binding parameter [4] as [VARCHAR] - [prova]
2023-11-24 12:36:48,179 TRACE o.h.o.j.bind [JdbcBindingLogging.java:25] binding parameter [5] as [VARCHAR] - [$2a$10$vKTjeC4l0LUs297SqFrwYeBUp5RxJ1jnWmSV6wSXAyZoU9aR4Ot3.]
2023-11-24 12:36:48,180 TRACE o.h.o.j.bind [JdbcBindingLogging.java:25] binding parameter [6] as [TIMESTAMP] - [2023-11-24T12:36:48.017269900]
2023-11-24 12:36:48,181 TRACE o.h.o.j.bind [JdbcBindingLogging.java:25] binding parameter [7] as [INTEGER] - [0]
2023-11-24 12:36:48,182 TRACE o.h.o.j.extract [JdbcExtractingLogging.java:24] extracted value ([1] : [BIGINT]) - [161]
2023-11-24 12:36:48,182 DEBUG o.h.i.IdentifierGeneratorHelper [IdentifierGeneratorHelper.java:84] Natively generated identity (franco.maurizio.hr.desk.com.persistence.entity.User) : 161
2023-11-24 12:36:48,182 TRACE o.h.r.j.i.ResourceRegistryStandardImpl [ResourceRegistryStandardImpl.java:117] Releasing result set [HikariProxyResultSet@1134795356 wrapping com.mysql.cj.jdbc.result.ResultSetImpl@16444f26]
2023-11-24 12:36:48,183 TRACE o.h.r.j.i.ResourceRegistryStandardImpl [ResourceRegistryStandardImpl.java:169] Closing result set [HikariProxyResultSet@1134795356 wrapping com.mysql.cj.jdbc.result.ResultSetImpl@16444f26]
2023-11-24 12:36:48,183 TRACE o.h.r.j.i.ResourceRegistryStandardImpl [ResourceRegistryStandardImpl.java:96] Releasing statement [HikariProxyPreparedStatement@1152715320 wrapping com.mysql.cj.jdbc.ClientPreparedStatement: insert into users (email,enabled,firstname,lastname,password,regdate,role) values ('812a@b.c',0,'pippo','prova','$2a$10$vKTjeC4l0LUs297SqFrwYeBUp5RxJ1jnWmSV6wSXAyZoU9aR4Ot3.','2023-11-24 11:36:48',0)]
2023-11-24 12:36:48,183 TRACE o.h.r.j.i.ResourceRegistryStandardImpl [ResourceRegistryStandardImpl.java:169] Closing result set [null]
2023-11-24 12:36:48,183 TRACE o.h.r.j.i.ResourceRegistryStandardImpl [ResourceRegistryStandardImpl.java:187] Closing prepared statement [HikariProxyPreparedStatement@1152715320 wrapping com.mysql.cj.jdbc.ClientPreparedStatement: insert into users (email,enabled,firstname,lastname,password,regdate,role) values ('812a@b.c',0,'pippo','prova','$2a$10$vKTjeC4l0LUs297SqFrwYeBUp5RxJ1jnWmSV6wSXAyZoU9aR4Ot3.','2023-11-24 11:36:48',0)]
2023-11-24 12:36:48,183 TRACE o.h.o.j.mutation [MutationExecutorPostInsertSingleTable.java:103] Post-insert generated value : `161` (franco.maurizio.hr.desk.com.persistence.entity.User)
2023-11-24 12:36:48,183 TRACE o.h.r.j.i.ResourceRegistryStandardImpl [ResourceRegistryStandardImpl.java:96] Releasing statement [HikariProxyPreparedStatement@1152715320 wrapping com.mysql.cj.jdbc.ClientPreparedStatement: insert into users (email,enabled,firstname,lastname,password,regdate,role) values (** NOT SPECIFIED **,** NOT SPECIFIED **,** NOT SPECIFIED **,** NOT SPECIFIED **,** NOT SPECIFIED **,** NOT SPECIFIED **,** NOT SPECIFIED **)]
2023-11-24 12:36:48,183 DEBUG o.h.r.j.i.ResourceRegistryStandardImpl [ResourceRegistryStandardImpl.java:105] HHH000387: ResultSet's statement was not registered
2023-11-24 12:36:48,183 TRACE o.h.r.j.i.ResourceRegistryStandardImpl [ResourceRegistryStandardImpl.java:187] Closing prepared statement [HikariProxyPreparedStatement@1152715320 wrapping com.mysql.cj.jdbc.ClientPreparedStatement: insert into users (email,enabled,firstname,lastname,password,regdate,role) values (** NOT SPECIFIED **,** NOT SPECIFIED **,** NOT SPECIFIED **,** NOT SPECIFIED **,** NOT SPECIFIED **,** NOT SPECIFIED **,** NOT SPECIFIED **)]
2023-11-24 12:36:48,184 DEBUG o.h.r.j.i.ResourceRegistryStandardImpl [ResourceRegistryStandardImpl.java:203] Exception clearing maxRows/queryTimeout [No operations allowed after statement closed.]
2023-11-24 12:36:48,184 DEBUG o.h.e.t.i.TransactionImpl [TransactionImpl.java:98] committing
2023-11-24 12:36:48,184 TRACE o.h.r.t.b.j.i.JdbcResourceLocalTransactionCoordinatorImpl [JdbcResourceLocalTransactionCoordinatorImpl.java:167] ResourceLocalTransactionCoordinatorImpl#beforeCompletionCallback
2023-11-24 12:36:48,184 TRACE o.h.i.SessionImpl [SessionImpl.java:1965] SessionImpl#beforeTransactionCompletion()
2023-11-24 12:36:48,184 TRACE o.h.i.SessionImpl [SessionImpl.java:484] Automatically flushing session
2023-11-24 12:36:48,185 TRACE o.h.e.i.AbstractFlushingEventListener [AbstractFlushingEventListener.java:72] Flushing session
2023-11-24 12:36:48,185 DEBUG o.h.e.i.AbstractFlushingEventListener [AbstractFlushingEventListener.java:136] Processing flush-time cascades
2023-11-24 12:36:48,185 TRACE o.h.e.i.Cascade [Cascade.java:87] Processing cascade ACTION_PERSIST_ON_FLUSH for: franco.maurizio.hr.desk.com.persistence.entity.User
2023-11-24 12:36:48,185 TRACE o.h.e.i.Cascade [Cascade.java:200] Done processing cascade ACTION_PERSIST_ON_FLUSH for: franco.maurizio.hr.desk.com.persistence.entity.User
2023-11-24 12:36:48,185 DEBUG o.h.e.i.AbstractFlushingEventListener [AbstractFlushingEventListener.java:185] Dirty checking collections
2023-11-24 12:36:48,185 TRACE o.h.e.i.AbstractFlushingEventListener [AbstractFlushingEventListener.java:197] Flushing entities and processing referenced collections
2023-11-24 12:36:48,185 TRACE o.h.e.i.AbstractFlushingEventListener [AbstractFlushingEventListener.java:264] Processing unreferenced collections
2023-11-24 12:36:48,185 TRACE o.h.e.i.AbstractFlushingEventListener [AbstractFlushingEventListener.java:277] Scheduling collection removes/(re)creates/updates
2023-11-24 12:36:48,186 DEBUG o.h.e.i.AbstractFlushingEventListener [AbstractFlushingEventListener.java:110] Flushed: 0 insertions, 0 updates, 0 deletions to 1 objects
2023-11-24 12:36:48,186 DEBUG o.h.e.i.AbstractFlushingEventListener [AbstractFlushingEventListener.java:117] Flushed: 0 (re)creations, 0 updates, 0 removals to 0 collections
2023-11-24 12:36:48,186 DEBUG o.h.i.u.EntityPrinter [EntityPrinter.java:111] Listing entities:
2023-11-24 12:36:48,186 DEBUG o.h.i.u.EntityPrinter [EntityPrinter.java:118] franco.maurizio.hr.desk.com.persistence.entity.User{firstname=pippo, password=$2a$10$vKTjeC4l0LUs297SqFrwYeBUp5RxJ1jnWmSV6wSXAyZoU9aR4Ot3., role=0, regdate=2023-11-24T12:36:48.017269900, id=161, email=812a@b.c, enabled=false, lastname=prova}
2023-11-24 12:36:48,186 TRACE o.h.e.i.AbstractFlushingEventListener [AbstractFlushingEventListener.java:349] Executing flush
2023-11-24 12:36:48,186 TRACE o.h.e.j.i.JdbcCoordinatorImpl [JdbcCoordinatorImpl.java:270] Starting after statement execution processing [ON_CLOSE]
2023-11-24 12:36:48,187 TRACE o.h.e.i.AbstractFlushingEventListener [AbstractFlushingEventListener.java:384] Post flush
2023-11-24 12:36:48,187 TRACE o.h.r.j.i.AbstractLogicalConnectionImplementor [AbstractLogicalConnectionImplementor.java:53] LogicalConnection#beforeTransactionCompletion
2023-11-24 12:36:48,187 TRACE o.h.r.t.i.SynchronizationRegistryStandardImpl [SynchronizationRegistryStandardImpl.java:55] SynchronizationRegistryStandardImpl.notifySynchronizationsBeforeTransactionCompletion
2023-11-24 12:36:48,187 TRACE o.h.r.j.i.AbstractLogicalConnectionImplementor [AbstractLogicalConnectionImplementor.java:85] Preparing to commit transaction via JDBC Connection.commit()
2023-11-24 12:36:48,188 TRACE o.h.r.j.i.AbstractLogicalConnectionImplementor [AbstractLogicalConnectionImplementor.java:88] Transaction committed via JDBC Connection.commit()
2023-11-24 12:36:48,188 TRACE o.h.r.j.i.AbstractLogicalConnectionImplementor [AbstractLogicalConnectionImplementor.java:105] re-enabling auto-commit on JDBC Connection after completion of JDBC-based transaction
2023-11-24 12:36:48,189 TRACE o.h.r.j.i.AbstractLogicalConnectionImplementor [AbstractLogicalConnectionImplementor.java:58] LogicalConnection#afterTransaction
2023-11-24 12:36:48,189 TRACE o.h.r.j.i.ResourceRegistryStandardImpl [ResourceRegistryStandardImpl.java:329] Releasing JDBC resources
2023-11-24 12:36:48,189 TRACE o.h.r.t.b.j.i.JdbcResourceLocalTransactionCoordinatorImpl [JdbcResourceLocalTransactionCoordinatorImpl.java:185] ResourceLocalTransactionCoordinatorImpl#afterCompletionCallback(true)
2023-11-24 12:36:48,189 TRACE o.h.r.t.i.SynchronizationRegistryStandardImpl [DelegatingBasicLogger.java:158] SynchronizationRegistryStandardImpl.notifySynchronizationsAfterTransactionCompletion(3)
2023-11-24 12:36:48,189 TRACE o.h.i.SessionImpl [SessionImpl.java:1980] SessionImpl#afterTransactionCompletion(successful=true, delayed=false)
2023-11-24 12:36:48,189 TRACE o.h.i.SessionImpl [SessionImpl.java:402] Closing session [fc53d25c-8dee-4f7a-bdf9-372178b05d30]
2023-11-24 12:36:48,189 TRACE o.h.e.j.i.JdbcCoordinatorImpl [JdbcCoordinatorImpl.java:152] Closing JDBC container [org.hibernate.engine.jdbc.internal.JdbcCoordinatorImpl@295e99dc]
2023-11-24 12:36:48,189 TRACE o.h.r.j.i.ResourceRegistryStandardImpl [ResourceRegistryStandardImpl.java:329] Releasing JDBC resources
2023-11-24 12:36:48,190 TRACE o.h.r.j.i.LogicalConnectionManagedImpl [LogicalConnectionManagedImpl.java:256] Closing logical connection
2023-11-24 12:36:48,190 TRACE o.h.r.j.i.ResourceRegistryStandardImpl [ResourceRegistryStandardImpl.java:329] Releasing JDBC resources
2023-11-24 12:36:48,190 TRACE o.h.r.j.i.LogicalConnectionManagedImpl [LogicalConnectionManagedImpl.java:263] Logical connection closed
2023-11-24 12:36:48,191 TRACE f.m.h.d.c.i.c.CandidateCustomControllerIntegrationTests [CandidateCustomControllerIntegrationTests.java:90] auth  : ODEyYUBiLmM6Y2lhbzEyMzQ=
2023-11-24 12:36:48,191 TRACE f.m.h.d.c.i.c.CandidateCustomControllerIntegrationTests [CandidateCustomControllerIntegrationTests.java:95] auth2 : ODEyYUBiLmM6Y2lhbzEyMzQ=
2023-11-24 12:36:48,191 TRACE f.m.h.d.c.i.c.CandidateCustomControllerIntegrationTests [CandidateCustomControllerIntegrationTests.java:96] password: Y2lhbzEyMzQ=
2023-11-24 12:36:48,191 TRACE f.m.h.d.c.i.c.CandidateCustomControllerIntegrationTests [CandidateCustomControllerIntegrationTests.java:97] decodeFromString(auth2) : [B@cc3abaa
2023-11-24 12:36:48,191 TRACE f.m.h.d.c.i.c.CandidateCustomControllerIntegrationTests [CandidateCustomControllerIntegrationTests.java:98] decoded string:812a@b.c:ciao1234
2023-11-24 12:36:48,191 TRACE f.m.h.d.c.i.c.CandidateCustomControllerIntegrationTests [CandidateCustomControllerIntegrationTests.java:101] pwd : Y2lhbzEyMzQ=
2023-11-24 12:36:48,276 TRACE f.m.h.d.c.i.c.CandidateCustomControllerIntegrationTests [CandidateCustomControllerIntegrationTests.java:103] pwd encoded: $2a$10$U4rCDhAR4njFyuVTmmQL/uYBJkZK.LP0LYHuLMQ/lrl6zaiGvo3Pu
2023-11-24 12:36:48,276 TRACE f.m.h.d.c.i.c.CandidateCustomControllerIntegrationTests [CandidateCustomControllerIntegrationTests.java:104] decodeFromString(pwd) : [B@6b8d73f1
2023-11-24 12:36:48,276 TRACE f.m.h.d.c.i.c.CandidateCustomControllerIntegrationTests [CandidateCustomControllerIntegrationTests.java:105] decoded string:ciao1234
2023-11-24 12:36:48,354 TRACE f.m.h.d.c.i.c.CandidateCustomControllerIntegrationTests [CandidateCustomControllerIntegrationTests.java:109] pwd encoded2: $2a$10$/5OaO9TaxZ1gSNebwbgyaO6OgUn9kYVVfa5hzoLNsv7YuqqIfVjKy
2023-11-24 12:36:48,430 TRACE f.m.h.d.c.i.c.CandidateCustomControllerIntegrationTests [CandidateCustomControllerIntegrationTests.java:111] match2: true
2023-11-24 12:36:48,430 TRACE f.m.h.d.c.i.c.AbstractIntegrationTests [AbstractIntegrationTests.java:177] getRandomLongBetweenLimits GENERATED: 968
2023-11-24 12:36:48,537 INFO f.m.h.d.c.s.LoginService [LoginService.java:39] LoginService.loadUserByUsername - START - email: 812a@b.c
2023-11-24 12:36:48,537 TRACE o.h.i.SessionFactoryImpl$SessionBuilderImpl [SessionFactoryImpl.java:1298] Opening Hibernate Session.  tenant=null
2023-11-24 12:36:48,537 TRACE o.h.i.SessionImpl [SessionImpl.java:262] Opened Session [b9caaca1-dc92-4f87-8164-0a6ebe7b13b6] at timestamp: 1700825808537
2023-11-24 12:36:48,538 TRACE o.h.q.s.s.BaseSqmToSqlAstConverter [BaseSqmToSqlAstConverter.java:2577] Resolving SqmRoot [franco.maurizio.hr.desk.com.persistence.entity.User] to TableGroup
2023-11-24 12:36:48,538 TRACE o.h.q.s.s.BaseSqmToSqlAstConverter [BaseSqmToSqlAstConverter.java:2744] Resolving SqmRoot [franco.maurizio.hr.desk.com.persistence.entity.User] to TableGroup
2023-11-24 12:36:48,539 DEBUG o.h.o.s.a.create [SqlAliasBaseImpl.java:33] Created new SQL alias : u1_0
2023-11-24 12:36:48,539 TRACE o.h.q.s.s.BaseSqmToSqlAstConverter [BaseSqmToSqlAstConverter.java:2811] Resolved SqmRoot [franco.maurizio.hr.desk.com.persistence.entity.User] to new TableGroup [StandardTableGroup(franco.maurizio.hr.desk.com.persistence.entity.User(961690703841717))]
2023-11-24 12:36:48,539 DEBUG o.h.o.s.a.create [SimpleFromClauseAccessImpl.java:98] Registration of TableGroup [StandardTableGroup(franco.maurizio.hr.desk.com.persistence.entity.User(961690703841717))] with identifierForTableGroup [franco.maurizio.hr.desk.com.persistence.entity.User] for NavigablePath [franco.maurizio.hr.desk.com.persistence.entity.User] 
2023-11-24 12:36:48,539 TRACE o.h.q.s.s.BaseSqmToSqlAstConverter [BaseSqmToSqlAstConverter.java:3179] Visiting explicit joins for `franco.maurizio.hr.desk.com.persistence.entity.User(961690703841717)`
2023-11-24 12:36:48,539 TRACE o.h.q.s.s.BaseSqmToSqlAstConverter [BaseSqmToSqlAstConverter.java:3820] SqmRoot [franco.maurizio.hr.desk.com.persistence.entity.User] resolved to existing TableGroup [StandardTableGroup(franco.maurizio.hr.desk.com.persistence.entity.User(961690703841717))]
2023-11-24 12:36:48,540 TRACE o.h.p.e.AbstractEntityPersister [AbstractEntityPersister.java:5680] #findSubPart(`email`)
2023-11-24 12:36:48,540 DEBUG o.h.q.s.s.BaseSqmToSqlAstConverter [BaseSqmToSqlAstConverter.java:5700] Determining mapping-model type for SqmParameter : org.hibernate.query.sqm.tree.expression.SqmJpaCriteriaParameterWrapper@3936b79a
2023-11-24 12:36:48,540 DEBUG o.h.q.s.s.BaseSqmToSqlAstConverter [BaseSqmToSqlAstConverter.java:5590] Determining mapping-model type for SqmPath : SqmBasicValuedSimplePath(franco.maurizio.hr.desk.com.persistence.entity.User(961690703841717).email) 
2023-11-24 12:36:48,540 TRACE o.h.p.e.AbstractEntityPersister [AbstractEntityPersister.java:5680] #findSubPart(`email`)
2023-11-24 12:36:48,541 DEBUG o.h.o.r.g.AST [DomainResultGraphPrinter.java:67] DomainResult Graph:
 \-EntityResultImpl [franco.maurizio.hr.desk.com.persistence.entity.User(961690703841717)]
 |  +-BasicFetch [franco.maurizio.hr.desk.com.persistence.entity.User(961690703841717).email]
 |  +-BasicFetch [franco.maurizio.hr.desk.com.persistence.entity.User(961690703841717).enabled]
 |  +-BasicFetch [franco.maurizio.hr.desk.com.persistence.entity.User(961690703841717).firstname]
 |  +-BasicFetch [franco.maurizio.hr.desk.com.persistence.entity.User(961690703841717).lastname]
 |  +-BasicFetch [franco.maurizio.hr.desk.com.persistence.entity.User(961690703841717).password]
 |  +-BasicFetch [franco.maurizio.hr.desk.com.persistence.entity.User(961690703841717).regdate]
 |  \-BasicFetch [franco.maurizio.hr.desk.com.persistence.entity.User(961690703841717).role]

2023-11-24 12:36:48,541 TRACE o.h.o.r.g.AST [DomainResultGraphPrinter.java:70] Stack trace calling DomainResultGraphPrinter
java.lang.Exception: null
	at org.hibernate.sql.results.graph.DomainResultGraphPrinter.visitDomainResults(DomainResultGraphPrinter.java:70)
	at org.hibernate.sql.results.graph.DomainResultGraphPrinter.logDomainResultGraph(DomainResultGraphPrinter.java:46)
	at org.hibernate.sql.results.graph.DomainResultGraphPrinter.logDomainResultGraph(DomainResultGraphPrinter.java:37)
	at org.hibernate.sql.ast.spi.AbstractSqlAstTranslator.translateSelect(AbstractSqlAstTranslator.java:848)
	at org.hibernate.sql.ast.spi.AbstractSqlAstTranslator.translate(AbstractSqlAstTranslator.java:801)
	at org.hibernate.query.sqm.internal.ConcreteSqmSelectQueryPlan.buildCacheableSqmInterpretation(ConcreteSqmSelectQueryPlan.java:372)
	at org.hibernate.query.sqm.internal.ConcreteSqmSelectQueryPlan.withCacheableSqmInterpretation(ConcreteSqmSelectQueryPlan.java:268)
	at org.hibernate.query.sqm.internal.ConcreteSqmSelectQueryPlan.performList(ConcreteSqmSelectQueryPlan.java:244)
	at org.hibernate.query.sqm.internal.QuerySqmImpl.doList(QuerySqmImpl.java:518)
	at org.hibernate.query.spi.AbstractSelectionQuery.list(AbstractSelectionQuery.java:367)
	at org.hibernate.query.spi.AbstractSelectionQuery.getSingleResult(AbstractSelectionQuery.java:473)
	at java.base/jdk.internal.reflect.NativeMethodAccessorImpl.invoke0(Native Method)
	at java.base/jdk.internal.reflect.NativeMethodAccessorImpl.invoke(NativeMethodAccessorImpl.java:77)
	at java.base/jdk.internal.reflect.DelegatingMethodAccessorImpl.invoke(DelegatingMethodAccessorImpl.java:43)
	at java.base/java.lang.reflect.Method.invoke(Method.java:568)
	at org.springframework.orm.jpa.SharedEntityManagerCreator$DeferredQueryInvocationHandler.invoke(SharedEntityManagerCreator.java:405)
	at jdk.proxy2/jdk.proxy2.$Proxy222.getSingleResult(Unknown Source)
	at org.springframework.data.jpa.repository.query.JpaQueryExecution$SingleEntityExecution.doExecute(JpaQueryExecution.java:223)
	at org.springframework.data.jpa.repository.query.JpaQueryExecution.execute(JpaQueryExecution.java:92)
	at org.springframework.data.jpa.repository.query.AbstractJpaQuery.doExecute(AbstractJpaQuery.java:149)
	at org.springframework.data.jpa.repository.query.AbstractJpaQuery.execute(AbstractJpaQuery.java:137)
	at org.springframework.data.repository.core.support.RepositoryMethodInvoker.doInvoke(RepositoryMethodInvoker.java:136)
	at org.springframework.data.repository.core.support.RepositoryMethodInvoker.invoke(RepositoryMethodInvoker.java:120)
	at org.springframework.data.repository.core.support.QueryExecutorMethodInterceptor.doInvoke(QueryExecutorMethodInterceptor.java:164)
	at org.springframework.data.repository.core.support.QueryExecutorMethodInterceptor.invoke(QueryExecutorMethodInterceptor.java:143)
	at org.springframework.aop.framework.ReflectiveMethodInvocation.proceed(ReflectiveMethodInvocation.java:184)
	at org.springframework.data.projection.DefaultMethodInvokingMethodInterceptor.invoke(DefaultMethodInvokingMethodInterceptor.java:72)
	at org.springframework.aop.framework.ReflectiveMethodInvocation.proceed(ReflectiveMethodInvocation.java:184)
	at org.springframework.transaction.interceptor.TransactionInterceptor$1.proceedWithInvocation(TransactionInterceptor.java:123)
	at org.springframework.transaction.interceptor.TransactionAspectSupport.invokeWithinTransaction(TransactionAspectSupport.java:391)
	at org.springframework.transaction.interceptor.TransactionInterceptor.invoke(TransactionInterceptor.java:119)
	at org.springframework.aop.framework.ReflectiveMethodInvocation.proceed(ReflectiveMethodInvocation.java:184)
	at org.springframework.dao.support.PersistenceExceptionTranslationInterceptor.invoke(PersistenceExceptionTranslationInterceptor.java:137)
	at org.springframework.aop.framework.ReflectiveMethodInvocation.proceed(ReflectiveMethodInvocation.java:184)
	at org.springframework.data.jpa.repository.support.CrudMethodMetadataPostProcessor$CrudMethodMetadataPopulatingMethodInterceptor.invoke(CrudMethodMetadataPostProcessor.java:135)
	at org.springframework.aop.framework.ReflectiveMethodInvocation.proceed(ReflectiveMethodInvocation.java:184)
	at org.springframework.aop.interceptor.ExposeInvocationInterceptor.invoke(ExposeInvocationInterceptor.java:97)
	at org.springframework.aop.framework.ReflectiveMethodInvocation.proceed(ReflectiveMethodInvocation.java:184)
	at org.springframework.aop.framework.JdkDynamicAopProxy.invoke(JdkDynamicAopProxy.java:244)
	at jdk.proxy2/jdk.proxy2.$Proxy197.findByEmail(Unknown Source)
	at franco.maurizio.hr.desk.com.service.LoginService.loadUserByUsername(LoginService.java:40)
	at org.springframework.security.authentication.dao.DaoAuthenticationProvider.retrieveUser(DaoAuthenticationProvider.java:103)
	at org.springframework.security.authentication.dao.AbstractUserDetailsAuthenticationProvider.authenticate(AbstractUserDetailsAuthenticationProvider.java:133)
	at org.springframework.security.authentication.ProviderManager.authenticate(ProviderManager.java:182)
	at org.springframework.security.authentication.ProviderManager.authenticate(ProviderManager.java:201)
	at org.springframework.security.authentication.ObservationAuthenticationManager.lambda$authenticate$1(ObservationAuthenticationManager.java:54)
	at io.micrometer.observation.Observation.lambda$observe$4(Observation.java:544)
	at io.micrometer.observation.Observation.observeWithContext(Observation.java:603)
	at io.micrometer.observation.Observation.observe(Observation.java:544)
	at org.springframework.security.authentication.ObservationAuthenticationManager.authenticate(ObservationAuthenticationManager.java:53)
	at org.springframework.security.web.authentication.www.BasicAuthenticationFilter.doFilterInternal(BasicAuthenticationFilter.java:174)
	at org.springframework.web.filter.OncePerRequestFilter.doFilter(OncePerRequestFilter.java:116)
	at org.springframework.security.web.ObservationFilterChainDecorator$ObservationFilter.wrapFilter(ObservationFilterChainDecorator.java:240)
	at org.springframework.security.web.ObservationFilterChainDecorator$ObservationFilter.doFilter(ObservationFilterChainDecorator.java:227)
	at org.springframework.security.web.ObservationFilterChainDecorator$VirtualFilterChain.doFilter(ObservationFilterChainDecorator.java:137)
	at org.springframework.security.web.authentication.logout.LogoutFilter.doFilter(LogoutFilter.java:107)
	at org.springframework.security.web.authentication.logout.LogoutFilter.doFilter(LogoutFilter.java:93)
	at org.springframework.security.web.ObservationFilterChainDecorator$ObservationFilter.wrapFilter(ObservationFilterChainDecorator.java:240)
	at org.springframework.security.web.ObservationFilterChainDecorator$ObservationFilter.doFilter(ObservationFilterChainDecorator.java:227)
	at org.springframework.security.web.ObservationFilterChainDecorator$VirtualFilterChain.doFilter(ObservationFilterChainDecorator.java:137)
	at org.springframework.security.web.header.HeaderWriterFilter.doHeadersAfter(HeaderWriterFilter.java:90)
	at org.springframework.security.web.header.HeaderWriterFilter.doFilterInternal(HeaderWriterFilter.java:75)
	at org.springframework.web.filter.OncePerRequestFilter.doFilter(OncePerRequestFilter.java:116)
	at org.springframework.security.web.ObservationFilterChainDecorator$ObservationFilter.wrapFilter(ObservationFilterChainDecorator.java:240)
	at org.springframework.security.web.ObservationFilterChainDecorator$ObservationFilter.doFilter(ObservationFilterChainDecorator.java:227)
	at org.springframework.security.web.ObservationFilterChainDecorator$VirtualFilterChain.doFilter(ObservationFilterChainDecorator.java:137)
	at org.springframework.security.web.context.SecurityContextHolderFilter.doFilter(SecurityContextHolderFilter.java:82)
	at org.springframework.security.web.context.SecurityContextHolderFilter.doFilter(SecurityContextHolderFilter.java:69)
	at org.springframework.security.web.ObservationFilterChainDecorator$ObservationFilter.wrapFilter(ObservationFilterChainDecorator.java:240)
	at org.springframework.security.web.ObservationFilterChainDecorator$ObservationFilter.doFilter(ObservationFilterChainDecorator.java:227)
	at org.springframework.security.web.ObservationFilterChainDecorator$VirtualFilterChain.doFilter(ObservationFilterChainDecorator.java:137)
	at org.springframework.security.web.context.request.async.WebAsyncManagerIntegrationFilter.doFilterInternal(WebAsyncManagerIntegrationFilter.java:62)
	at org.springframework.web.filter.OncePerRequestFilter.doFilter(OncePerRequestFilter.java:116)
	at org.springframework.security.web.ObservationFilterChainDecorator$ObservationFilter.wrapFilter(ObservationFilterChainDecorator.java:240)
	at org.springframework.security.web.ObservationFilterChainDecorator$ObservationFilter.doFilter(ObservationFilterChainDecorator.java:227)
	at org.springframework.security.web.ObservationFilterChainDecorator$VirtualFilterChain.doFilter(ObservationFilterChainDecorator.java:137)
	at org.springframework.security.web.session.DisableEncodeUrlFilter.doFilterInternal(DisableEncodeUrlFilter.java:42)
	at org.springframework.web.filter.OncePerRequestFilter.doFilter(OncePerRequestFilter.java:116)
	at org.springframework.security.web.ObservationFilterChainDecorator$ObservationFilter.wrapFilter(ObservationFilterChainDecorator.java:240)
	at org.springframework.security.web.ObservationFilterChainDecorator$AroundFilterObservation$SimpleAroundFilterObservation.lambda$wrap$0(ObservationFilterChainDecorator.java:323)
	at org.springframework.security.web.ObservationFilterChainDecorator$ObservationFilter.doFilter(ObservationFilterChainDecorator.java:224)
	at org.springframework.security.web.ObservationFilterChainDecorator$VirtualFilterChain.doFilter(ObservationFilterChainDecorator.java:137)
	at org.springframework.security.web.FilterChainProxy.doFilterInternal(FilterChainProxy.java:233)
	at org.springframework.security.web.FilterChainProxy.doFilter(FilterChainProxy.java:191)
	at org.springframework.web.filter.DelegatingFilterProxy.invokeDelegate(DelegatingFilterProxy.java:352)
	at org.springframework.web.filter.DelegatingFilterProxy.doFilter(DelegatingFilterProxy.java:268)
	at org.springframework.mock.web.MockFilterChain.doFilter(MockFilterChain.java:132)
	at org.springframework.web.filter.RequestContextFilter.doFilterInternal(RequestContextFilter.java:100)
	at org.springframework.web.filter.OncePerRequestFilter.doFilter(OncePerRequestFilter.java:116)
	at org.springframework.mock.web.MockFilterChain.doFilter(MockFilterChain.java:132)
	at org.springframework.web.filter.FormContentFilter.doFilterInternal(FormContentFilter.java:93)
	at org.springframework.web.filter.OncePerRequestFilter.doFilter(OncePerRequestFilter.java:116)
	at org.springframework.mock.web.MockFilterChain.doFilter(MockFilterChain.java:132)
	at org.springframework.web.filter.ServerHttpObservationFilter.doFilterInternal(ServerHttpObservationFilter.java:109)
	at org.springframework.web.filter.OncePerRequestFilter.doFilter(OncePerRequestFilter.java:116)
	at org.springframework.mock.web.MockFilterChain.doFilter(MockFilterChain.java:132)
	at org.springframework.web.filter.CharacterEncodingFilter.doFilterInternal(CharacterEncodingFilter.java:201)
	at org.springframework.web.filter.OncePerRequestFilter.doFilter(OncePerRequestFilter.java:116)
	at org.springframework.mock.web.MockFilterChain.doFilter(MockFilterChain.java:132)
	at org.springframework.test.web.servlet.MockMvc.perform(MockMvc.java:201)
	at franco.maurizio.hr.desk.com.integration.controller.CandidateCustomControllerIntegrationTests.whenGetCandidateCustomById_andThereIsNot_thenStatus204(CandidateCustomControllerIntegrationTests.java:117)
	at java.base/jdk.internal.reflect.NativeMethodAccessorImpl.invoke0(Native Method)
	at java.base/jdk.internal.reflect.NativeMethodAccessorImpl.invoke(NativeMethodAccessorImpl.java:77)
	at java.base/jdk.internal.reflect.DelegatingMethodAccessorImpl.invoke(DelegatingMethodAccessorImpl.java:43)
	at java.base/java.lang.reflect.Method.invoke(Method.java:568)
	at org.junit.platform.commons.util.ReflectionUtils.invokeMethod(ReflectionUtils.java:727)
	at org.junit.jupiter.engine.execution.MethodInvocation.proceed(MethodInvocation.java:60)
	at org.junit.jupiter.engine.execution.InvocationInterceptorChain$ValidatingInvocation.proceed(InvocationInterceptorChain.java:131)
	at org.junit.jupiter.engine.extension.TimeoutExtension.intercept(TimeoutExtension.java:156)
	at org.junit.jupiter.engine.extension.TimeoutExtension.interceptTestableMethod(TimeoutExtension.java:147)
	at org.junit.jupiter.engine.extension.TimeoutExtension.interceptTestMethod(TimeoutExtension.java:86)
	at org.junit.jupiter.engine.execution.InterceptingExecutableInvoker$ReflectiveInterceptorCall.lambda$ofVoidMethod$0(InterceptingExecutableInvoker.java:103)
	at org.junit.jupiter.engine.execution.InterceptingExecutableInvoker.lambda$invoke$0(InterceptingExecutableInvoker.java:93)
	at org.junit.jupiter.engine.execution.InvocationInterceptorChain$InterceptedInvocation.proceed(InvocationInterceptorChain.java:106)
	at org.junit.jupiter.engine.execution.InvocationInterceptorChain.proceed(InvocationInterceptorChain.java:64)
	at org.junit.jupiter.engine.execution.InvocationInterceptorChain.chainAndInvoke(InvocationInterceptorChain.java:45)
	at org.junit.jupiter.engine.execution.InvocationInterceptorChain.invoke(InvocationInterceptorChain.java:37)
	at org.junit.jupiter.engine.execution.InterceptingExecutableInvoker.invoke(InterceptingExecutableInvoker.java:92)
	at org.junit.jupiter.engine.execution.InterceptingExecutableInvoker.invoke(InterceptingExecutableInvoker.java:86)
	at org.junit.jupiter.engine.descriptor.TestMethodTestDescriptor.lambda$invokeTestMethod$7(TestMethodTestDescriptor.java:217)
	at org.junit.platform.engine.support.hierarchical.ThrowableCollector.execute(ThrowableCollector.java:73)
	at org.junit.jupiter.engine.descriptor.TestMethodTestDescriptor.invokeTestMethod(TestMethodTestDescriptor.java:213)
	at org.junit.jupiter.engine.descriptor.TestMethodTestDescriptor.execute(TestMethodTestDescriptor.java:138)
	at org.junit.jupiter.engine.descriptor.TestMethodTestDescriptor.execute(TestMethodTestDescriptor.java:68)
	at org.junit.platform.engine.support.hierarchical.NodeTestTask.lambda$executeRecursively$6(NodeTestTask.java:151)
	at org.junit.platform.engine.support.hierarchical.ThrowableCollector.execute(ThrowableCollector.java:73)
	at org.junit.platform.engine.support.hierarchical.NodeTestTask.lambda$executeRecursively$8(NodeTestTask.java:141)
	at org.junit.platform.engine.support.hierarchical.Node.around(Node.java:137)
	at org.junit.platform.engine.support.hierarchical.NodeTestTask.lambda$executeRecursively$9(NodeTestTask.java:139)
	at org.junit.platform.engine.support.hierarchical.ThrowableCollector.execute(ThrowableCollector.java:73)
	at org.junit.platform.engine.support.hierarchical.NodeTestTask.executeRecursively(NodeTestTask.java:138)
	at org.junit.platform.engine.support.hierarchical.NodeTestTask.execute(NodeTestTask.java:95)
	at java.base/java.util.ArrayList.forEach(ArrayList.java:1511)
	at org.junit.platform.engine.support.hierarchical.SameThreadHierarchicalTestExecutorService.invokeAll(SameThreadHierarchicalTestExecutorService.java:41)
	at org.junit.platform.engine.support.hierarchical.NodeTestTask.lambda$executeRecursively$6(NodeTestTask.java:155)
	at org.junit.platform.engine.support.hierarchical.ThrowableCollector.execute(ThrowableCollector.java:73)
	at org.junit.platform.engine.support.hierarchical.NodeTestTask.lambda$executeRecursively$8(NodeTestTask.java:141)
	at org.junit.platform.engine.support.hierarchical.Node.around(Node.java:137)
	at org.junit.platform.engine.support.hierarchical.NodeTestTask.lambda$executeRecursively$9(NodeTestTask.java:139)
	at org.junit.platform.engine.support.hierarchical.ThrowableCollector.execute(ThrowableCollector.java:73)
	at org.junit.platform.engine.support.hierarchical.NodeTestTask.executeRecursively(NodeTestTask.java:138)
	at org.junit.platform.engine.support.hierarchical.NodeTestTask.execute(NodeTestTask.java:95)
	at java.base/java.util.ArrayList.forEach(ArrayList.java:1511)
	at org.junit.platform.engine.support.hierarchical.SameThreadHierarchicalTestExecutorService.invokeAll(SameThreadHierarchicalTestExecutorService.java:41)
	at org.junit.platform.engine.support.hierarchical.NodeTestTask.lambda$executeRecursively$6(NodeTestTask.java:155)
	at org.junit.platform.engine.support.hierarchical.ThrowableCollector.execute(ThrowableCollector.java:73)
	at org.junit.platform.engine.support.hierarchical.NodeTestTask.lambda$executeRecursively$8(NodeTestTask.java:141)
	at org.junit.platform.engine.support.hierarchical.Node.around(Node.java:137)
	at org.junit.platform.engine.support.hierarchical.NodeTestTask.lambda$executeRecursively$9(NodeTestTask.java:139)
	at org.junit.platform.engine.support.hierarchical.ThrowableCollector.execute(ThrowableCollector.java:73)
	at org.junit.platform.engine.support.hierarchical.NodeTestTask.executeRecursively(NodeTestTask.java:138)
	at org.junit.platform.engine.support.hierarchical.NodeTestTask.execute(NodeTestTask.java:95)
	at org.junit.platform.engine.support.hierarchical.SameThreadHierarchicalTestExecutorService.submit(SameThreadHierarchicalTestExecutorService.java:35)
	at org.junit.platform.engine.support.hierarchical.HierarchicalTestExecutor.execute(HierarchicalTestExecutor.java:57)
	at org.junit.platform.engine.support.hierarchical.HierarchicalTestEngine.execute(HierarchicalTestEngine.java:54)
	at org.junit.platform.launcher.core.EngineExecutionOrchestrator.execute(EngineExecutionOrchestrator.java:147)
	at org.junit.platform.launcher.core.EngineExecutionOrchestrator.execute(EngineExecutionOrchestrator.java:127)
	at org.junit.platform.launcher.core.EngineExecutionOrchestrator.execute(EngineExecutionOrchestrator.java:90)
	at org.junit.platform.launcher.core.EngineExecutionOrchestrator.lambda$execute$0(EngineExecutionOrchestrator.java:55)
	at org.junit.platform.launcher.core.EngineExecutionOrchestrator.withInterceptedStreams(EngineExecutionOrchestrator.java:102)
	at org.junit.platform.launcher.core.EngineExecutionOrchestrator.execute(EngineExecutionOrchestrator.java:54)
	at org.junit.platform.launcher.core.DefaultLauncher.execute(DefaultLauncher.java:114)
	at org.junit.platform.launcher.core.DefaultLauncher.execute(DefaultLauncher.java:86)
	at org.junit.platform.launcher.core.DefaultLauncherSession$DelegatingLauncher.execute(DefaultLauncherSession.java:86)
	at org.apache.maven.surefire.junitplatform.LazyLauncher.execute(LazyLauncher.java:50)
	at org.apache.maven.surefire.junitplatform.JUnitPlatformProvider.execute(JUnitPlatformProvider.java:184)
	at org.apache.maven.surefire.junitplatform.JUnitPlatformProvider.invokeAllTests(JUnitPlatformProvider.java:148)
	at org.apache.maven.surefire.junitplatform.JUnitPlatformProvider.invoke(JUnitPlatformProvider.java:122)
	at org.apache.maven.surefire.booter.ForkedBooter.runSuitesInProcess(ForkedBooter.java:385)
	at org.apache.maven.surefire.booter.ForkedBooter.execute(ForkedBooter.java:162)
	at org.apache.maven.surefire.booter.ForkedBooter.run(ForkedBooter.java:507)
	at org.apache.maven.surefire.booter.ForkedBooter.main(ForkedBooter.java:495)
2023-11-24 12:36:48,541 DEBUG o.h.o.s.a.tree [SqlTreePrinter.java:46] SQL AST Tree:
    SelectStatement {
      FromClause {
        StandardTableGroup (u1 : franco.maurizio.hr.desk.com.persistence.entity.User(961690703841717)) {
          primaryTableReference : users as u1_0
        }
      }
    }

2023-11-24 12:36:48,541 DEBUG o.h.o.s.exec [JdbcSelectExecutorStandardImpl.java:455] Skipping reading Query result cache data: cache-enabled = false, cache-mode = NORMAL
2023-11-24 12:36:48,542 TRACE o.h.o.results [ResultsHelper.java:117] Registering initializer : EntityResultInitializer(franco.maurizio.hr.desk.com.persistence.entity.User(961690703841717))
2023-11-24 12:36:48,542 DEBUG o.h.o.results [NavigablePathMapToInitializer.java:76] Initializer list:
	  franco.maurizio.hr.desk.com.persistence.entity.User(961690703841717) -> EntityResultInitializer(franco.maurizio.hr.desk.com.persistence.entity.User(961690703841717))@1688311049 (SingleTableEntityPersister(franco.maurizio.hr.desk.com.persistence.entity.User))

2023-11-24 12:36:48,542 TRACE o.h.s.r.j.i.DeferredResultSetAccess [DeferredResultSetAccess.java:224] Executing query to retrieve ResultSet : select u1_0.id,u1_0.email,u1_0.enabled,u1_0.firstname,u1_0.lastname,u1_0.password,u1_0.regdate,u1_0.role from users u1_0 where u1_0.email=?
2023-11-24 12:36:48,542 DEBUG o.h.SQL [SqlStatementLogger.java:133] select u1_0.id,u1_0.email,u1_0.enabled,u1_0.firstname,u1_0.lastname,u1_0.password,u1_0.regdate,u1_0.role from users u1_0 where u1_0.email=?
Hibernate: select u1_0.id,u1_0.email,u1_0.enabled,u1_0.firstname,u1_0.lastname,u1_0.password,u1_0.regdate,u1_0.role from users u1_0 where u1_0.email=?
2023-11-24 12:36:48,542 TRACE o.h.r.j.i.ResourceRegistryStandardImpl [ResourceRegistryStandardImpl.java:82] Registering statement [HikariProxyPreparedStatement@37517106 wrapping com.mysql.cj.jdbc.ClientPreparedStatement: select u1_0.id,u1_0.email,u1_0.enabled,u1_0.firstname,u1_0.lastname,u1_0.password,u1_0.regdate,u1_0.role from users u1_0 where u1_0.email=** NOT SPECIFIED **]
2023-11-24 12:36:48,542 TRACE o.h.e.j.i.JdbcCoordinatorImpl [JdbcCoordinatorImpl.java:322] Registering last query statement [HikariProxyPreparedStatement@37517106 wrapping com.mysql.cj.jdbc.ClientPreparedStatement: select u1_0.id,u1_0.email,u1_0.enabled,u1_0.firstname,u1_0.lastname,u1_0.password,u1_0.regdate,u1_0.role from users u1_0 where u1_0.email=** NOT SPECIFIED **]
2023-11-24 12:36:48,543 TRACE o.h.o.j.bind [JdbcBindingLogging.java:25] binding parameter [1] as [VARCHAR] - [812a@b.c]
2023-11-24 12:36:48,543 TRACE o.h.r.j.i.ResourceRegistryStandardImpl [ResourceRegistryStandardImpl.java:221] Registering result set [HikariProxyResultSet@965008218 wrapping com.mysql.cj.jdbc.result.ResultSetImpl@2b49aee3]
2023-11-24 12:36:48,543 TRACE o.h.r.j.i.AbstractLogicalConnectionImplementor [AbstractLogicalConnectionImplementor.java:48] LogicalConnection#afterStatement
2023-11-24 12:36:48,544 TRACE o.h.o.j.extract [JdbcExtractingLogging.java:24] extracted value ([1] : [BIGINT]) - [161]
2023-11-24 12:36:48,544 TRACE o.h.o.j.extract [JdbcExtractingLogging.java:24] extracted value ([2] : [VARCHAR]) - [812a@b.c]
2023-11-24 12:36:48,544 TRACE o.h.o.j.extract [JdbcExtractingLogging.java:24] extracted value ([3] : [BOOLEAN]) - [false]
2023-11-24 12:36:48,544 TRACE o.h.o.j.extract [JdbcExtractingLogging.java:24] extracted value ([4] : [VARCHAR]) - [pippo]
2023-11-24 12:36:48,544 TRACE o.h.o.j.extract [JdbcExtractingLogging.java:24] extracted value ([5] : [VARCHAR]) - [prova]
2023-11-24 12:36:48,544 TRACE o.h.o.j.extract [JdbcExtractingLogging.java:24] extracted value ([6] : [VARCHAR]) - [$2a$10$vKTjeC4l0LUs297SqFrwYeBUp5RxJ1jnWmSV6wSXAyZoU9aR4Ot3.]
2023-11-24 12:36:48,544 TRACE o.h.o.j.extract [JdbcExtractingLogging.java:24] extracted value ([7] : [TIMESTAMP]) - [2023-11-24T12:36:48]
2023-11-24 12:36:48,545 TRACE o.h.o.j.extract [JdbcExtractingLogging.java:24] extracted value ([8] : [INTEGER]) - [0]
2023-11-24 12:36:48,545 TRACE o.h.o.r.loading [StandardRowReader.java:85] StandardRowReader#readRow
2023-11-24 12:36:48,545 TRACE o.h.o.r.l.entity [AbstractEntityInitializer.java:277] (o.h.s.r.g.e.i.EntityResultInitializer) Beginning Initializer#resolveKey process for entity : franco.maurizio.hr.desk.com.persistence.entity.User(961690703841717)
2023-11-24 12:36:48,545 DEBUG o.h.o.results [BasicResultAssembler.java:61] Extracted JDBC value [0] - [161]
2023-11-24 12:36:48,545 DEBUG o.h.o.r.l.entity [AbstractEntityInitializer.java:300] (EntityResultInitializer) Hydrated EntityKey (franco.maurizio.hr.desk.com.persistence.entity.User(961690703841717)): 161
2023-11-24 12:36:48,545 TRACE o.h.o.r.l.entity [AbstractEntityInitializer.java:491] (o.h.s.r.g.e.i.EntityResultInitializer) Beginning Initializer#resolveInstance process for entity (franco.maurizio.hr.desk.com.persistence.entity.User(961690703841717)) : 161
2023-11-24 12:36:48,545 DEBUG o.h.o.r.l.entity [AbstractEntityInitializer.java:689] (EntityResultInitializer) Created new entity instance [franco.maurizio.hr.desk.com.persistence.entity.User(961690703841717)#161] : 1135112030
2023-11-24 12:36:48,545 TRACE o.h.o.r.l.entity [AbstractEntityInitializer.java:833] (EntityResultInitializer) Beginning Initializer#initializeInstance process for entity franco.maurizio.hr.desk.com.persistence.entity.User(961690703841717)#161
2023-11-24 12:36:48,546 DEBUG o.h.o.results [BasicResultAssembler.java:61] Extracted JDBC value [1] - [812a@b.c]
2023-11-24 12:36:48,546 DEBUG o.h.o.results [BasicResultAssembler.java:61] Extracted JDBC value [2] - [false]
2023-11-24 12:36:48,546 DEBUG o.h.o.results [BasicResultAssembler.java:61] Extracted JDBC value [3] - [pippo]
2023-11-24 12:36:48,546 DEBUG o.h.o.results [BasicResultAssembler.java:61] Extracted JDBC value [4] - [prova]
2023-11-24 12:36:48,546 DEBUG o.h.o.results [BasicResultAssembler.java:61] Extracted JDBC value [5] - [$2a$10$vKTjeC4l0LUs297SqFrwYeBUp5RxJ1jnWmSV6wSXAyZoU9aR4Ot3.]
2023-11-24 12:36:48,546 DEBUG o.h.o.results [BasicResultAssembler.java:61] Extracted JDBC value [6] - [2023-11-24T12:36:48]
2023-11-24 12:36:48,546 DEBUG o.h.o.results [BasicResultAssembler.java:61] Extracted JDBC value [7] - [0]
2023-11-24 12:36:48,546 DEBUG o.h.o.r.l.entity [AbstractEntityInitializer.java:889] (EntityResultInitializer) Done materializing entityInstance : franco.maurizio.hr.desk.com.persistence.entity.User(961690703841717)#161
2023-11-24 12:36:48,546 DEBUG o.h.o.r.loading [StandardRowReader.java:93] Calling top-level assembler (0 / 1) : org.hibernate.sql.results.graph.entity.internal.EntityAssembler@22cc05fe
2023-11-24 12:36:48,546 TRACE o.h.o.r.loading [StandardRowReader.java:103] StandardRowReader#afterRow
2023-11-24 12:36:48,547 TRACE o.h.r.j.i.ResourceRegistryStandardImpl [ResourceRegistryStandardImpl.java:117] Releasing result set [HikariProxyResultSet@965008218 wrapping com.mysql.cj.jdbc.result.ResultSetImpl@2b49aee3]
2023-11-24 12:36:48,547 TRACE o.h.r.j.i.ResourceRegistryStandardImpl [ResourceRegistryStandardImpl.java:169] Closing result set [HikariProxyResultSet@965008218 wrapping com.mysql.cj.jdbc.result.ResultSetImpl@2b49aee3]
2023-11-24 12:36:48,547 TRACE o.h.r.j.i.ResourceRegistryStandardImpl [ResourceRegistryStandardImpl.java:96] Releasing statement [HikariProxyPreparedStatement@37517106 wrapping com.mysql.cj.jdbc.ClientPreparedStatement: select u1_0.id,u1_0.email,u1_0.enabled,u1_0.firstname,u1_0.lastname,u1_0.password,u1_0.regdate,u1_0.role from users u1_0 where u1_0.email='812a@b.c']
2023-11-24 12:36:48,547 TRACE o.h.r.j.i.ResourceRegistryStandardImpl [ResourceRegistryStandardImpl.java:187] Closing prepared statement [HikariProxyPreparedStatement@37517106 wrapping com.mysql.cj.jdbc.ClientPreparedStatement: select u1_0.id,u1_0.email,u1_0.enabled,u1_0.firstname,u1_0.lastname,u1_0.password,u1_0.regdate,u1_0.role from users u1_0 where u1_0.email='812a@b.c']
2023-11-24 12:36:48,547 TRACE o.h.e.i.StatefulPersistenceContext [StatefulPersistenceContext.java:976] Initializing non-lazy collections
2023-11-24 12:36:48,547 TRACE o.h.r.j.i.AbstractLogicalConnectionImplementor [AbstractLogicalConnectionImplementor.java:58] LogicalConnection#afterTransaction
2023-11-24 12:36:48,547 TRACE o.h.r.j.i.ResourceRegistryStandardImpl [ResourceRegistryStandardImpl.java:329] Releasing JDBC resources
2023-11-24 12:36:48,547 TRACE o.h.i.SessionImpl [SessionImpl.java:402] Closing session [b9caaca1-dc92-4f87-8164-0a6ebe7b13b6]
2023-11-24 12:36:48,547 TRACE o.h.e.j.i.JdbcCoordinatorImpl [JdbcCoordinatorImpl.java:152] Closing JDBC container [org.hibernate.engine.jdbc.internal.JdbcCoordinatorImpl@5b55db12]
2023-11-24 12:36:48,548 TRACE o.h.r.j.i.ResourceRegistryStandardImpl [ResourceRegistryStandardImpl.java:329] Releasing JDBC resources
2023-11-24 12:36:48,548 TRACE o.h.r.j.i.LogicalConnectionManagedImpl [LogicalConnectionManagedImpl.java:256] Closing logical connection
2023-11-24 12:36:48,548 TRACE o.h.r.j.i.ResourceRegistryStandardImpl [ResourceRegistryStandardImpl.java:329] Releasing JDBC resources
2023-11-24 12:36:48,548 TRACE o.h.r.j.i.LogicalConnectionManagedImpl [LogicalConnectionManagedImpl.java:263] Logical connection closed
2023-11-24 12:36:48,548 INFO f.m.h.d.c.s.LoginService [LoginService.java:46] LoginService.loadUserByUsername - DEBUG - USER FOUND!!!!
2023-11-24 12:36:48,550 INFO f.m.h.d.c.s.LoginService [LoginService.java:52] LoginService.getAuthorities - START - user: User [id=161, email=812a@b.c, password=$2a$10$vKTjeC4l0LUs297SqFrwYeBUp5RxJ1jnWmSV6wSXAyZoU9aR4Ot3., firstname=pippo, lastname=prova, regdate=2023-11-24T12:36:48, role=0, enabled=false]
2023-11-24 12:36:48,550 INFO f.m.h.d.c.s.LoginService [LoginService.java:56] LoginService.getAuthorities - DEBUG - current user role level: 0
2023-11-24 12:36:48,638 TRACE o.h.i.SessionFactoryImpl$SessionBuilderImpl [SessionFactoryImpl.java:1298] Opening Hibernate Session.  tenant=null
2023-11-24 12:36:48,638 TRACE o.h.i.SessionImpl [SessionImpl.java:262] Opened Session [f55ae7a9-d583-44d0-bf67-3857dc7b5810] at timestamp: 1700825808638
2023-11-24 12:36:48,655 INFO f.m.h.d.c.b.CandidateCustomController [CandidateCustomController.java:122] getCandidateCustomById - START - with id: 968
2023-11-24 12:36:48,656 INFO f.m.h.d.c.s.CandidateService [CandidateService.java:165] getCustomById() - START - with given id 968
2023-11-24 12:36:48,657 INFO f.m.h.d.c.p.r.c.CandidateRepositoryImpl [CandidateRepositoryImpl.java:284] getSingleCustomCandidate - START - with id: 968
2023-11-24 12:36:48,663 TRACE o.h.q.s.s.BaseSqmToSqlAstConverter [BaseSqmToSqlAstConverter.java:2577] Resolving SqmRoot [franco.maurizio.hr.desk.com.persistence.entity.Candidate] to TableGroup
2023-11-24 12:36:48,664 TRACE o.h.q.s.s.BaseSqmToSqlAstConverter [BaseSqmToSqlAstConverter.java:2577] Resolving SqmRoot [franco.maurizio.hr.desk.com.persistence.entity.CandidateStates] to TableGroup
2023-11-24 12:36:48,664 TRACE o.h.q.s.s.BaseSqmToSqlAstConverter [BaseSqmToSqlAstConverter.java:2744] Resolving SqmRoot [franco.maurizio.hr.desk.com.persistence.entity.Candidate] to TableGroup
2023-11-24 12:36:48,664 DEBUG o.h.o.s.a.create [SqlAliasBaseImpl.java:33] Created new SQL alias : c1_0
2023-11-24 12:36:48,664 TRACE o.h.q.s.s.BaseSqmToSqlAstConverter [BaseSqmToSqlAstConverter.java:2811] Resolved SqmRoot [franco.maurizio.hr.desk.com.persistence.entity.Candidate] to new TableGroup [StandardTableGroup(franco.maurizio.hr.desk.com.persistence.entity.Candidate(961692621035186))]
2023-11-24 12:36:48,664 DEBUG o.h.o.s.a.create [SimpleFromClauseAccessImpl.java:98] Registration of TableGroup [StandardTableGroup(franco.maurizio.hr.desk.com.persistence.entity.Candidate(961692621035186))] with identifierForTableGroup [franco.maurizio.hr.desk.com.persistence.entity.Candidate] for NavigablePath [franco.maurizio.hr.desk.com.persistence.entity.Candidate] 
2023-11-24 12:36:48,664 TRACE o.h.q.s.s.BaseSqmToSqlAstConverter [BaseSqmToSqlAstConverter.java:3179] Visiting explicit joins for `franco.maurizio.hr.desk.com.persistence.entity.Candidate(961692621035186)`
2023-11-24 12:36:48,664 TRACE o.h.q.s.s.BaseSqmToSqlAstConverter [BaseSqmToSqlAstConverter.java:2744] Resolving SqmRoot [franco.maurizio.hr.desk.com.persistence.entity.CandidateStates] to TableGroup
2023-11-24 12:36:48,665 DEBUG o.h.o.s.a.create [SqlAliasBaseImpl.java:33] Created new SQL alias : c2_0
2023-11-24 12:36:48,665 TRACE o.h.q.s.s.BaseSqmToSqlAstConverter [BaseSqmToSqlAstConverter.java:2811] Resolved SqmRoot [franco.maurizio.hr.desk.com.persistence.entity.CandidateStates] to new TableGroup [StandardTableGroup(franco.maurizio.hr.desk.com.persistence.entity.CandidateStates(961692621049882))]
2023-11-24 12:36:48,665 DEBUG o.h.o.s.a.create [SimpleFromClauseAccessImpl.java:98] Registration of TableGroup [StandardTableGroup(franco.maurizio.hr.desk.com.persistence.entity.CandidateStates(961692621049882))] with identifierForTableGroup [franco.maurizio.hr.desk.com.persistence.entity.CandidateStates] for NavigablePath [franco.maurizio.hr.desk.com.persistence.entity.CandidateStates] 
2023-11-24 12:36:48,665 TRACE o.h.q.s.s.BaseSqmToSqlAstConverter [BaseSqmToSqlAstConverter.java:3179] Visiting explicit joins for `franco.maurizio.hr.desk.com.persistence.entity.CandidateStates(961692621049882)`
2023-11-24 12:36:48,666 TRACE o.h.p.e.AbstractEntityPersister [AbstractEntityPersister.java:5680] #findSubPart(`id`)
2023-11-24 12:36:48,666 TRACE o.h.p.e.AbstractEntityPersister [AbstractEntityPersister.java:5680] #findSubPart(`id`)
2023-11-24 12:36:48,666 TRACE o.h.p.e.AbstractEntityPersister [AbstractEntityPersister.java:5680] #findSubPart(`domicileCity`)
2023-11-24 12:36:48,667 TRACE o.h.p.e.AbstractEntityPersister [AbstractEntityPersister.java:5680] #findSubPart(`domicileCity`)
2023-11-24 12:36:48,667 TRACE o.h.p.e.AbstractEntityPersister [AbstractEntityPersister.java:5680] #findSubPart(`studyQualification`)
2023-11-24 12:36:48,667 TRACE o.h.p.e.AbstractEntityPersister [AbstractEntityPersister.java:5680] #findSubPart(`studyQualification`)
2023-11-24 12:36:48,667 TRACE o.h.p.e.AbstractEntityPersister [AbstractEntityPersister.java:5680] #findSubPart(`graduate`)
2023-11-24 12:36:48,667 TRACE o.h.p.e.AbstractEntityPersister [AbstractEntityPersister.java:5680] #findSubPart(`graduate`)
2023-11-24 12:36:48,667 TRACE o.h.p.e.AbstractEntityPersister [AbstractEntityPersister.java:5680] #findSubPart(`highGraduate`)
2023-11-24 12:36:48,667 TRACE o.h.p.e.AbstractEntityPersister [AbstractEntityPersister.java:5680] #findSubPart(`highGraduate`)
2023-11-24 12:36:48,668 TRACE o.h.p.e.AbstractEntityPersister [AbstractEntityPersister.java:5680] #findSubPart(`stillHighStudy`)
2023-11-24 12:36:48,668 TRACE o.h.p.e.AbstractEntityPersister [AbstractEntityPersister.java:5680] #findSubPart(`stillHighStudy`)
2023-11-24 12:36:48,668 TRACE o.h.p.e.AbstractEntityPersister [AbstractEntityPersister.java:5680] #findSubPart(`mobile`)
2023-11-24 12:36:48,668 TRACE o.h.p.e.AbstractEntityPersister [AbstractEntityPersister.java:5680] #findSubPart(`mobile`)
2023-11-24 12:36:48,669 TRACE o.h.p.e.AbstractEntityPersister [AbstractEntityPersister.java:5680] #findSubPart(`cvExternalPath`)
2023-11-24 12:36:48,669 TRACE o.h.p.e.AbstractEntityPersister [AbstractEntityPersister.java:5680] #findSubPart(`cvExternalPath`)
2023-11-24 12:36:48,669 TRACE o.h.p.e.AbstractEntityPersister [AbstractEntityPersister.java:5680] #findSubPart(`email`)
2023-11-24 12:36:48,670 TRACE o.h.p.e.AbstractEntityPersister [AbstractEntityPersister.java:5680] #findSubPart(`email`)
2023-11-24 12:36:48,670 TRACE o.h.p.e.AbstractEntityPersister [AbstractEntityPersister.java:5680] #findSubPart(`firstname`)
2023-11-24 12:36:48,670 TRACE o.h.p.e.AbstractEntityPersister [AbstractEntityPersister.java:5680] #findSubPart(`firstname`)
2023-11-24 12:36:48,670 TRACE o.h.p.e.AbstractEntityPersister [AbstractEntityPersister.java:5680] #findSubPart(`lastname`)
2023-11-24 12:36:48,670 TRACE o.h.p.e.AbstractEntityPersister [AbstractEntityPersister.java:5680] #findSubPart(`lastname`)
2023-11-24 12:36:48,671 TRACE o.h.p.e.AbstractEntityPersister [AbstractEntityPersister.java:5680] #findSubPart(`dateOfBirth`)
2023-11-24 12:36:48,671 TRACE o.h.p.e.AbstractEntityPersister [AbstractEntityPersister.java:5680] #findSubPart(`dateOfBirth`)
2023-11-24 12:36:48,671 TRACE o.h.p.e.AbstractEntityPersister [AbstractEntityPersister.java:5680] #findSubPart(`imgpath`)
2023-11-24 12:36:48,671 TRACE o.h.p.e.AbstractEntityPersister [AbstractEntityPersister.java:5680] #findSubPart(`imgpath`)
2023-11-24 12:36:48,672 TRACE o.h.p.e.AbstractEntityPersister [AbstractEntityPersister.java:5680] #findSubPart(`courseCode`)
2023-11-24 12:36:48,672 TRACE o.h.p.e.AbstractEntityPersister [AbstractEntityPersister.java:5680] #findSubPart(`courseCode`)
2023-11-24 12:36:48,672 TRACE o.h.p.e.AbstractEntityPersister [AbstractEntityPersister.java:5680] #findSubPart(`technicalNote`)
2023-11-24 12:36:48,672 TRACE o.h.p.e.AbstractEntityPersister [AbstractEntityPersister.java:5680] #findSubPart(`technicalNote`)
2023-11-24 12:36:48,672 TRACE o.h.p.e.AbstractEntityPersister [AbstractEntityPersister.java:5680] #findSubPart(`label`)
2023-11-24 12:36:48,673 TRACE o.h.p.e.AbstractEntityPersister [AbstractEntityPersister.java:5680] #findSubPart(`label`)
2023-11-24 12:36:48,673 TRACE o.h.p.e.AbstractEntityPersister [AbstractEntityPersister.java:5680] #findSubPart(`candidateStateCode`)
2023-11-24 12:36:48,673 TRACE o.h.p.e.AbstractEntityPersister [AbstractEntityPersister.java:5680] #findSubPart(`candidateStateCode`)
2023-11-24 12:36:48,673 TRACE o.h.p.e.AbstractEntityPersister [AbstractEntityPersister.java:5680] #findSubPart(`statusColor`)
2023-11-24 12:36:48,673 TRACE o.h.p.e.AbstractEntityPersister [AbstractEntityPersister.java:5680] #findSubPart(`statusColor`)
2023-11-24 12:36:48,673 TRACE o.h.p.e.AbstractEntityPersister [AbstractEntityPersister.java:5680] #findSubPart(`statusLabel`)
2023-11-24 12:36:48,674 TRACE o.h.p.e.AbstractEntityPersister [AbstractEntityPersister.java:5680] #findSubPart(`statusLabel`)
2023-11-24 12:36:48,676 TRACE o.h.p.e.AbstractEntityPersister [AbstractEntityPersister.java:5680] #findSubPart(`id`)
2023-11-24 12:36:48,677 DEBUG o.h.q.s.s.BaseSqmToSqlAstConverter [BaseSqmToSqlAstConverter.java:5700] Determining mapping-model type for SqmParameter : org.hibernate.query.sqm.tree.expression.SqmJpaCriteriaParameterWrapper@7e0da22b
2023-11-24 12:36:48,677 TRACE o.h.p.e.AbstractEntityPersister [AbstractEntityPersister.java:5680] #findSubPart(`id`)
2023-11-24 12:36:48,677 TRACE o.h.p.e.AbstractEntityPersister [AbstractEntityPersister.java:5680] #findSubPart(`candidateStateCode`)
2023-11-24 12:36:48,678 TRACE o.h.p.e.AbstractEntityPersister [AbstractEntityPersister.java:5680] #findSubPart(`statusCode`)
2023-11-24 12:36:48,679 DEBUG o.h.o.r.g.AST [DomainResultGraphPrinter.java:67] DomainResult Graph:
 \-DynamicInstantiationResultImpl

2023-11-24 12:36:48,679 TRACE o.h.o.r.g.AST [DomainResultGraphPrinter.java:70] Stack trace calling DomainResultGraphPrinter
java.lang.Exception: null
	at org.hibernate.sql.results.graph.DomainResultGraphPrinter.visitDomainResults(DomainResultGraphPrinter.java:70)
	at org.hibernate.sql.results.graph.DomainResultGraphPrinter.logDomainResultGraph(DomainResultGraphPrinter.java:46)
	at org.hibernate.sql.results.graph.DomainResultGraphPrinter.logDomainResultGraph(DomainResultGraphPrinter.java:37)
	at org.hibernate.sql.ast.spi.AbstractSqlAstTranslator.translateSelect(AbstractSqlAstTranslator.java:848)
	at org.hibernate.sql.ast.spi.AbstractSqlAstTranslator.translate(AbstractSqlAstTranslator.java:801)
	at org.hibernate.query.sqm.internal.ConcreteSqmSelectQueryPlan.buildCacheableSqmInterpretation(ConcreteSqmSelectQueryPlan.java:372)
	at org.hibernate.query.sqm.internal.ConcreteSqmSelectQueryPlan.withCacheableSqmInterpretation(ConcreteSqmSelectQueryPlan.java:268)
	at org.hibernate.query.sqm.internal.ConcreteSqmSelectQueryPlan.performList(ConcreteSqmSelectQueryPlan.java:244)
	at org.hibernate.query.sqm.internal.QuerySqmImpl.doList(QuerySqmImpl.java:518)
	at org.hibernate.query.spi.AbstractSelectionQuery.list(AbstractSelectionQuery.java:367)
	at org.hibernate.query.spi.AbstractSelectionQuery.getSingleResult(AbstractSelectionQuery.java:473)
	at franco.maurizio.hr.desk.com.persistence.repository.candidate.CandidateRepositoryImpl.getSingleCustomCandidate(CandidateRepositoryImpl.java:311)
	at java.base/jdk.internal.reflect.NativeMethodAccessorImpl.invoke0(Native Method)
	at java.base/jdk.internal.reflect.NativeMethodAccessorImpl.invoke(NativeMethodAccessorImpl.java:77)
	at java.base/jdk.internal.reflect.DelegatingMethodAccessorImpl.invoke(DelegatingMethodAccessorImpl.java:43)
	at java.base/java.lang.reflect.Method.invoke(Method.java:568)
	at org.springframework.aop.support.AopUtils.invokeJoinpointUsingReflection(AopUtils.java:343)
	at org.springframework.aop.framework.ReflectiveMethodInvocation.invokeJoinpoint(ReflectiveMethodInvocation.java:196)
	at org.springframework.aop.framework.ReflectiveMethodInvocation.proceed(ReflectiveMethodInvocation.java:163)
	at org.springframework.aop.framework.CglibAopProxy$CglibMethodInvocation.proceed(CglibAopProxy.java:751)
	at org.springframework.dao.support.PersistenceExceptionTranslationInterceptor.invoke(PersistenceExceptionTranslationInterceptor.java:137)
	at org.springframework.aop.framework.ReflectiveMethodInvocation.proceed(ReflectiveMethodInvocation.java:184)
	at org.springframework.aop.framework.CglibAopProxy$CglibMethodInvocation.proceed(CglibAopProxy.java:751)
	at org.springframework.aop.framework.CglibAopProxy$DynamicAdvisedInterceptor.intercept(CglibAopProxy.java:703)
	at franco.maurizio.hr.desk.com.persistence.repository.candidate.CandidateRepositoryImpl$$SpringCGLIB$$0.getSingleCustomCandidate(<generated>)
	at java.base/jdk.internal.reflect.NativeMethodAccessorImpl.invoke0(Native Method)
	at java.base/jdk.internal.reflect.NativeMethodAccessorImpl.invoke(NativeMethodAccessorImpl.java:77)
	at java.base/jdk.internal.reflect.DelegatingMethodAccessorImpl.invoke(DelegatingMethodAccessorImpl.java:43)
	at java.base/java.lang.reflect.Method.invoke(Method.java:568)
	at org.springframework.data.repository.core.support.RepositoryMethodInvoker$RepositoryFragmentMethodInvoker.lambda$new$0(RepositoryMethodInvoker.java:288)
	at org.springframework.data.repository.core.support.RepositoryMethodInvoker.doInvoke(RepositoryMethodInvoker.java:136)
	at org.springframework.data.repository.core.support.RepositoryMethodInvoker.invoke(RepositoryMethodInvoker.java:120)
	at org.springframework.data.repository.core.support.RepositoryComposition$RepositoryFragments.invoke(RepositoryComposition.java:516)
	at org.springframework.data.repository.core.support.RepositoryComposition.invoke(RepositoryComposition.java:285)
	at org.springframework.data.repository.core.support.RepositoryFactorySupport$ImplementationMethodExecutionInterceptor.invoke(RepositoryFactorySupport.java:628)
	at org.springframework.aop.framework.ReflectiveMethodInvocation.proceed(ReflectiveMethodInvocation.java:184)
	at org.springframework.data.repository.core.support.QueryExecutorMethodInterceptor.doInvoke(QueryExecutorMethodInterceptor.java:168)
	at org.springframework.data.repository.core.support.QueryExecutorMethodInterceptor.invoke(QueryExecutorMethodInterceptor.java:143)
	at org.springframework.aop.framework.ReflectiveMethodInvocation.proceed(ReflectiveMethodInvocation.java:184)
	at org.springframework.data.projection.DefaultMethodInvokingMethodInterceptor.invoke(DefaultMethodInvokingMethodInterceptor.java:72)
	at org.springframework.aop.framework.ReflectiveMethodInvocation.proceed(ReflectiveMethodInvocation.java:184)
	at org.springframework.transaction.interceptor.TransactionInterceptor$1.proceedWithInvocation(TransactionInterceptor.java:123)
	at org.springframework.transaction.interceptor.TransactionAspectSupport.invokeWithinTransaction(TransactionAspectSupport.java:391)
	at org.springframework.transaction.interceptor.TransactionInterceptor.invoke(TransactionInterceptor.java:119)
	at org.springframework.aop.framework.ReflectiveMethodInvocation.proceed(ReflectiveMethodInvocation.java:184)
	at org.springframework.dao.support.PersistenceExceptionTranslationInterceptor.invoke(PersistenceExceptionTranslationInterceptor.java:137)
	at org.springframework.aop.framework.ReflectiveMethodInvocation.proceed(ReflectiveMethodInvocation.java:184)
	at org.springframework.data.jpa.repository.support.CrudMethodMetadataPostProcessor$CrudMethodMetadataPopulatingMethodInterceptor.invoke(CrudMethodMetadataPostProcessor.java:164)
	at org.springframework.aop.framework.ReflectiveMethodInvocation.proceed(ReflectiveMethodInvocation.java:184)
	at org.springframework.aop.interceptor.ExposeInvocationInterceptor.invoke(ExposeInvocationInterceptor.java:97)
	at org.springframework.aop.framework.ReflectiveMethodInvocation.proceed(ReflectiveMethodInvocation.java:184)
	at org.springframework.aop.framework.JdkDynamicAopProxy.invoke(JdkDynamicAopProxy.java:244)
	at jdk.proxy2/jdk.proxy2.$Proxy199.getSingleCustomCandidate(Unknown Source)
	at franco.maurizio.hr.desk.com.service.CandidateService.getCustomById(CandidateService.java:168)
	at franco.maurizio.hr.desk.com.backend.CandidateCustomController.getCandidateCustomById(CandidateCustomController.java:123)
	at java.base/jdk.internal.reflect.NativeMethodAccessorImpl.invoke0(Native Method)
	at java.base/jdk.internal.reflect.NativeMethodAccessorImpl.invoke(NativeMethodAccessorImpl.java:77)
	at java.base/jdk.internal.reflect.DelegatingMethodAccessorImpl.invoke(DelegatingMethodAccessorImpl.java:43)
	at java.base/java.lang.reflect.Method.invoke(Method.java:568)
	at org.springframework.aop.support.AopUtils.invokeJoinpointUsingReflection(AopUtils.java:343)
	at org.springframework.aop.framework.CglibAopProxy$DynamicAdvisedInterceptor.intercept(CglibAopProxy.java:699)
	at franco.maurizio.hr.desk.com.backend.CandidateCustomController$$SpringCGLIB$$0.getCandidateCustomById(<generated>)
	at java.base/jdk.internal.reflect.NativeMethodAccessorImpl.invoke0(Native Method)
	at java.base/jdk.internal.reflect.NativeMethodAccessorImpl.invoke(NativeMethodAccessorImpl.java:77)
	at java.base/jdk.internal.reflect.DelegatingMethodAccessorImpl.invoke(DelegatingMethodAccessorImpl.java:43)
	at java.base/java.lang.reflect.Method.invoke(Method.java:568)
	at org.springframework.web.method.support.InvocableHandlerMethod.doInvoke(InvocableHandlerMethod.java:205)
	at org.springframework.web.method.support.InvocableHandlerMethod.invokeForRequest(InvocableHandlerMethod.java:150)
	at org.springframework.web.servlet.mvc.method.annotation.ServletInvocableHandlerMethod.invokeAndHandle(ServletInvocableHandlerMethod.java:118)
	at org.springframework.web.servlet.mvc.method.annotation.RequestMappingHandlerAdapter.invokeHandlerMethod(RequestMappingHandlerAdapter.java:884)
	at org.springframework.web.servlet.mvc.method.annotation.RequestMappingHandlerAdapter.handleInternal(RequestMappingHandlerAdapter.java:797)
	at org.springframework.web.servlet.mvc.method.AbstractHandlerMethodAdapter.handle(AbstractHandlerMethodAdapter.java:87)
	at org.springframework.web.servlet.DispatcherServlet.doDispatch(DispatcherServlet.java:1081)
	at org.springframework.web.servlet.DispatcherServlet.doService(DispatcherServlet.java:974)
	at org.springframework.web.servlet.FrameworkServlet.processRequest(FrameworkServlet.java:1011)
	at org.springframework.web.servlet.FrameworkServlet.doGet(FrameworkServlet.java:903)
	at jakarta.servlet.http.HttpServlet.service(HttpServlet.java:564)
	at org.springframework.web.servlet.FrameworkServlet.service(FrameworkServlet.java:885)
	at org.springframework.test.web.servlet.TestDispatcherServlet.service(TestDispatcherServlet.java:72)
	at jakarta.servlet.http.HttpServlet.service(HttpServlet.java:658)
	at org.springframework.mock.web.MockFilterChain$ServletFilterProxy.doFilter(MockFilterChain.java:165)
	at org.springframework.mock.web.MockFilterChain.doFilter(MockFilterChain.java:132)
	at org.springframework.security.web.FilterChainProxy.lambda$doFilterInternal$3(FilterChainProxy.java:231)
	at org.springframework.security.web.ObservationFilterChainDecorator$FilterObservation$SimpleFilterObservation.lambda$wrap$1(ObservationFilterChainDecorator.java:479)
	at org.springframework.security.web.ObservationFilterChainDecorator$AroundFilterObservation$SimpleAroundFilterObservation.lambda$wrap$1(ObservationFilterChainDecorator.java:340)
	at org.springframework.security.web.ObservationFilterChainDecorator.lambda$wrapSecured$0(ObservationFilterChainDecorator.java:82)
	at org.springframework.security.web.ObservationFilterChainDecorator$VirtualFilterChain.doFilter(ObservationFilterChainDecorator.java:128)
	at org.springframework.security.web.access.intercept.AuthorizationFilter.doFilter(AuthorizationFilter.java:100)
	at org.springframework.security.web.ObservationFilterChainDecorator$ObservationFilter.wrapFilter(ObservationFilterChainDecorator.java:240)
	at org.springframework.security.web.ObservationFilterChainDecorator$ObservationFilter.doFilter(ObservationFilterChainDecorator.java:227)
	at org.springframework.security.web.ObservationFilterChainDecorator$VirtualFilterChain.doFilter(ObservationFilterChainDecorator.java:137)
	at org.springframework.security.web.access.ExceptionTranslationFilter.doFilter(ExceptionTranslationFilter.java:126)
	at org.springframework.security.web.access.ExceptionTranslationFilter.doFilter(ExceptionTranslationFilter.java:120)
	at org.springframework.security.web.ObservationFilterChainDecorator$ObservationFilter.wrapFilter(ObservationFilterChainDecorator.java:240)
	at org.springframework.security.web.ObservationFilterChainDecorator$ObservationFilter.doFilter(ObservationFilterChainDecorator.java:227)
	at org.springframework.security.web.ObservationFilterChainDecorator$VirtualFilterChain.doFilter(ObservationFilterChainDecorator.java:137)
	at org.springframework.security.web.authentication.AnonymousAuthenticationFilter.doFilter(AnonymousAuthenticationFilter.java:100)
	at org.springframework.security.web.ObservationFilterChainDecorator$ObservationFilter.wrapFilter(ObservationFilterChainDecorator.java:240)
	at org.springframework.security.web.ObservationFilterChainDecorator$ObservationFilter.doFilter(ObservationFilterChainDecorator.java:227)
	at org.springframework.security.web.ObservationFilterChainDecorator$VirtualFilterChain.doFilter(ObservationFilterChainDecorator.java:137)
	at org.springframework.security.web.servletapi.SecurityContextHolderAwareRequestFilter.doFilter(SecurityContextHolderAwareRequestFilter.java:179)
	at org.springframework.security.web.ObservationFilterChainDecorator$ObservationFilter.wrapFilter(ObservationFilterChainDecorator.java:240)
	at org.springframework.security.web.ObservationFilterChainDecorator$ObservationFilter.doFilter(ObservationFilterChainDecorator.java:227)
	at org.springframework.security.web.ObservationFilterChainDecorator$VirtualFilterChain.doFilter(ObservationFilterChainDecorator.java:137)
	at org.springframework.security.web.savedrequest.RequestCacheAwareFilter.doFilter(RequestCacheAwareFilter.java:63)
	at org.springframework.security.web.ObservationFilterChainDecorator$ObservationFilter.wrapFilter(ObservationFilterChainDecorator.java:240)
	at org.springframework.security.web.ObservationFilterChainDecorator$ObservationFilter.doFilter(ObservationFilterChainDecorator.java:227)
	at org.springframework.security.web.ObservationFilterChainDecorator$VirtualFilterChain.doFilter(ObservationFilterChainDecorator.java:137)
	at org.springframework.security.web.authentication.www.BasicAuthenticationFilter.doFilterInternal(BasicAuthenticationFilter.java:200)
	at org.springframework.web.filter.OncePerRequestFilter.doFilter(OncePerRequestFilter.java:116)
	at org.springframework.security.web.ObservationFilterChainDecorator$ObservationFilter.wrapFilter(ObservationFilterChainDecorator.java:240)
	at org.springframework.security.web.ObservationFilterChainDecorator$ObservationFilter.doFilter(ObservationFilterChainDecorator.java:227)
	at org.springframework.security.web.ObservationFilterChainDecorator$VirtualFilterChain.doFilter(ObservationFilterChainDecorator.java:137)
	at org.springframework.security.web.authentication.logout.LogoutFilter.doFilter(LogoutFilter.java:107)
	at org.springframework.security.web.authentication.logout.LogoutFilter.doFilter(LogoutFilter.java:93)
	at org.springframework.security.web.ObservationFilterChainDecorator$ObservationFilter.wrapFilter(ObservationFilterChainDecorator.java:240)
	at org.springframework.security.web.ObservationFilterChainDecorator$ObservationFilter.doFilter(ObservationFilterChainDecorator.java:227)
	at org.springframework.security.web.ObservationFilterChainDecorator$VirtualFilterChain.doFilter(ObservationFilterChainDecorator.java:137)
	at org.springframework.security.web.header.HeaderWriterFilter.doHeadersAfter(HeaderWriterFilter.java:90)
	at org.springframework.security.web.header.HeaderWriterFilter.doFilterInternal(HeaderWriterFilter.java:75)
	at org.springframework.web.filter.OncePerRequestFilter.doFilter(OncePerRequestFilter.java:116)
	at org.springframework.security.web.ObservationFilterChainDecorator$ObservationFilter.wrapFilter(ObservationFilterChainDecorator.java:240)
	at org.springframework.security.web.ObservationFilterChainDecorator$ObservationFilter.doFilter(ObservationFilterChainDecorator.java:227)
	at org.springframework.security.web.ObservationFilterChainDecorator$VirtualFilterChain.doFilter(ObservationFilterChainDecorator.java:137)
	at org.springframework.security.web.context.SecurityContextHolderFilter.doFilter(SecurityContextHolderFilter.java:82)
	at org.springframework.security.web.context.SecurityContextHolderFilter.doFilter(SecurityContextHolderFilter.java:69)
	at org.springframework.security.web.ObservationFilterChainDecorator$ObservationFilter.wrapFilter(ObservationFilterChainDecorator.java:240)
	at org.springframework.security.web.ObservationFilterChainDecorator$ObservationFilter.doFilter(ObservationFilterChainDecorator.java:227)
	at org.springframework.security.web.ObservationFilterChainDecorator$VirtualFilterChain.doFilter(ObservationFilterChainDecorator.java:137)
	at org.springframework.security.web.context.request.async.WebAsyncManagerIntegrationFilter.doFilterInternal(WebAsyncManagerIntegrationFilter.java:62)
	at org.springframework.web.filter.OncePerRequestFilter.doFilter(OncePerRequestFilter.java:116)
	at org.springframework.security.web.ObservationFilterChainDecorator$ObservationFilter.wrapFilter(ObservationFilterChainDecorator.java:240)
	at org.springframework.security.web.ObservationFilterChainDecorator$ObservationFilter.doFilter(ObservationFilterChainDecorator.java:227)
	at org.springframework.security.web.ObservationFilterChainDecorator$VirtualFilterChain.doFilter(ObservationFilterChainDecorator.java:137)
	at org.springframework.security.web.session.DisableEncodeUrlFilter.doFilterInternal(DisableEncodeUrlFilter.java:42)
	at org.springframework.web.filter.OncePerRequestFilter.doFilter(OncePerRequestFilter.java:116)
	at org.springframework.security.web.ObservationFilterChainDecorator$ObservationFilter.wrapFilter(ObservationFilterChainDecorator.java:240)
	at org.springframework.security.web.ObservationFilterChainDecorator$AroundFilterObservation$SimpleAroundFilterObservation.lambda$wrap$0(ObservationFilterChainDecorator.java:323)
	at org.springframework.security.web.ObservationFilterChainDecorator$ObservationFilter.doFilter(ObservationFilterChainDecorator.java:224)
	at org.springframework.security.web.ObservationFilterChainDecorator$VirtualFilterChain.doFilter(ObservationFilterChainDecorator.java:137)
	at org.springframework.security.web.FilterChainProxy.doFilterInternal(FilterChainProxy.java:233)
	at org.springframework.security.web.FilterChainProxy.doFilter(FilterChainProxy.java:191)
	at org.springframework.web.filter.DelegatingFilterProxy.invokeDelegate(DelegatingFilterProxy.java:352)
	at org.springframework.web.filter.DelegatingFilterProxy.doFilter(DelegatingFilterProxy.java:268)
	at org.springframework.mock.web.MockFilterChain.doFilter(MockFilterChain.java:132)
	at org.springframework.web.filter.RequestContextFilter.doFilterInternal(RequestContextFilter.java:100)
	at org.springframework.web.filter.OncePerRequestFilter.doFilter(OncePerRequestFilter.java:116)
	at org.springframework.mock.web.MockFilterChain.doFilter(MockFilterChain.java:132)
	at org.springframework.web.filter.FormContentFilter.doFilterInternal(FormContentFilter.java:93)
	at org.springframework.web.filter.OncePerRequestFilter.doFilter(OncePerRequestFilter.java:116)
	at org.springframework.mock.web.MockFilterChain.doFilter(MockFilterChain.java:132)
	at org.springframework.web.filter.ServerHttpObservationFilter.doFilterInternal(ServerHttpObservationFilter.java:109)
	at org.springframework.web.filter.OncePerRequestFilter.doFilter(OncePerRequestFilter.java:116)
	at org.springframework.mock.web.MockFilterChain.doFilter(MockFilterChain.java:132)
	at org.springframework.web.filter.CharacterEncodingFilter.doFilterInternal(CharacterEncodingFilter.java:201)
	at org.springframework.web.filter.OncePerRequestFilter.doFilter(OncePerRequestFilter.java:116)
	at org.springframework.mock.web.MockFilterChain.doFilter(MockFilterChain.java:132)
	at org.springframework.test.web.servlet.MockMvc.perform(MockMvc.java:201)
	at franco.maurizio.hr.desk.com.integration.controller.CandidateCustomControllerIntegrationTests.whenGetCandidateCustomById_andThereIsNot_thenStatus204(CandidateCustomControllerIntegrationTests.java:117)
	at java.base/jdk.internal.reflect.NativeMethodAccessorImpl.invoke0(Native Method)
	at java.base/jdk.internal.reflect.NativeMethodAccessorImpl.invoke(NativeMethodAccessorImpl.java:77)
	at java.base/jdk.internal.reflect.DelegatingMethodAccessorImpl.invoke(DelegatingMethodAccessorImpl.java:43)
	at java.base/java.lang.reflect.Method.invoke(Method.java:568)
	at org.junit.platform.commons.util.ReflectionUtils.invokeMethod(ReflectionUtils.java:727)
	at org.junit.jupiter.engine.execution.MethodInvocation.proceed(MethodInvocation.java:60)
	at org.junit.jupiter.engine.execution.InvocationInterceptorChain$ValidatingInvocation.proceed(InvocationInterceptorChain.java:131)
	at org.junit.jupiter.engine.extension.TimeoutExtension.intercept(TimeoutExtension.java:156)
	at org.junit.jupiter.engine.extension.TimeoutExtension.interceptTestableMethod(TimeoutExtension.java:147)
	at org.junit.jupiter.engine.extension.TimeoutExtension.interceptTestMethod(TimeoutExtension.java:86)
	at org.junit.jupiter.engine.execution.InterceptingExecutableInvoker$ReflectiveInterceptorCall.lambda$ofVoidMethod$0(InterceptingExecutableInvoker.java:103)
	at org.junit.jupiter.engine.execution.InterceptingExecutableInvoker.lambda$invoke$0(InterceptingExecutableInvoker.java:93)
	at org.junit.jupiter.engine.execution.InvocationInterceptorChain$InterceptedInvocation.proceed(InvocationInterceptorChain.java:106)
	at org.junit.jupiter.engine.execution.InvocationInterceptorChain.proceed(InvocationInterceptorChain.java:64)
	at org.junit.jupiter.engine.execution.InvocationInterceptorChain.chainAndInvoke(InvocationInterceptorChain.java:45)
	at org.junit.jupiter.engine.execution.InvocationInterceptorChain.invoke(InvocationInterceptorChain.java:37)
	at org.junit.jupiter.engine.execution.InterceptingExecutableInvoker.invoke(InterceptingExecutableInvoker.java:92)
	at org.junit.jupiter.engine.execution.InterceptingExecutableInvoker.invoke(InterceptingExecutableInvoker.java:86)
	at org.junit.jupiter.engine.descriptor.TestMethodTestDescriptor.lambda$invokeTestMethod$7(TestMethodTestDescriptor.java:217)
	at org.junit.platform.engine.support.hierarchical.ThrowableCollector.execute(ThrowableCollector.java:73)
	at org.junit.jupiter.engine.descriptor.TestMethodTestDescriptor.invokeTestMethod(TestMethodTestDescriptor.java:213)
	at org.junit.jupiter.engine.descriptor.TestMethodTestDescriptor.execute(TestMethodTestDescriptor.java:138)
	at org.junit.jupiter.engine.descriptor.TestMethodTestDescriptor.execute(TestMethodTestDescriptor.java:68)
	at org.junit.platform.engine.support.hierarchical.NodeTestTask.lambda$executeRecursively$6(NodeTestTask.java:151)
	at org.junit.platform.engine.support.hierarchical.ThrowableCollector.execute(ThrowableCollector.java:73)
	at org.junit.platform.engine.support.hierarchical.NodeTestTask.lambda$executeRecursively$8(NodeTestTask.java:141)
	at org.junit.platform.engine.support.hierarchical.Node.around(Node.java:137)
	at org.junit.platform.engine.support.hierarchical.NodeTestTask.lambda$executeRecursively$9(NodeTestTask.java:139)
	at org.junit.platform.engine.support.hierarchical.ThrowableCollector.execute(ThrowableCollector.java:73)
	at org.junit.platform.engine.support.hierarchical.NodeTestTask.executeRecursively(NodeTestTask.java:138)
	at org.junit.platform.engine.support.hierarchical.NodeTestTask.execute(NodeTestTask.java:95)
	at java.base/java.util.ArrayList.forEach(ArrayList.java:1511)
	at org.junit.platform.engine.support.hierarchical.SameThreadHierarchicalTestExecutorService.invokeAll(SameThreadHierarchicalTestExecutorService.java:41)
	at org.junit.platform.engine.support.hierarchical.NodeTestTask.lambda$executeRecursively$6(NodeTestTask.java:155)
	at org.junit.platform.engine.support.hierarchical.ThrowableCollector.execute(ThrowableCollector.java:73)
	at org.junit.platform.engine.support.hierarchical.NodeTestTask.lambda$executeRecursively$8(NodeTestTask.java:141)
	at org.junit.platform.engine.support.hierarchical.Node.around(Node.java:137)
	at org.junit.platform.engine.support.hierarchical.NodeTestTask.lambda$executeRecursively$9(NodeTestTask.java:139)
	at org.junit.platform.engine.support.hierarchical.ThrowableCollector.execute(ThrowableCollector.java:73)
	at org.junit.platform.engine.support.hierarchical.NodeTestTask.executeRecursively(NodeTestTask.java:138)
	at org.junit.platform.engine.support.hierarchical.NodeTestTask.execute(NodeTestTask.java:95)
	at java.base/java.util.ArrayList.forEach(ArrayList.java:1511)
	at org.junit.platform.engine.support.hierarchical.SameThreadHierarchicalTestExecutorService.invokeAll(SameThreadHierarchicalTestExecutorService.java:41)
	at org.junit.platform.engine.support.hierarchical.NodeTestTask.lambda$executeRecursively$6(NodeTestTask.java:155)
	at org.junit.platform.engine.support.hierarchical.ThrowableCollector.execute(ThrowableCollector.java:73)
	at org.junit.platform.engine.support.hierarchical.NodeTestTask.lambda$executeRecursively$8(NodeTestTask.java:141)
	at org.junit.platform.engine.support.hierarchical.Node.around(Node.java:137)
	at org.junit.platform.engine.support.hierarchical.NodeTestTask.lambda$executeRecursively$9(NodeTestTask.java:139)
	at org.junit.platform.engine.support.hierarchical.ThrowableCollector.execute(ThrowableCollector.java:73)
	at org.junit.platform.engine.support.hierarchical.NodeTestTask.executeRecursively(NodeTestTask.java:138)
	at org.junit.platform.engine.support.hierarchical.NodeTestTask.execute(NodeTestTask.java:95)
	at org.junit.platform.engine.support.hierarchical.SameThreadHierarchicalTestExecutorService.submit(SameThreadHierarchicalTestExecutorService.java:35)
	at org.junit.platform.engine.support.hierarchical.HierarchicalTestExecutor.execute(HierarchicalTestExecutor.java:57)
	at org.junit.platform.engine.support.hierarchical.HierarchicalTestEngine.execute(HierarchicalTestEngine.java:54)
	at org.junit.platform.launcher.core.EngineExecutionOrchestrator.execute(EngineExecutionOrchestrator.java:147)
	at org.junit.platform.launcher.core.EngineExecutionOrchestrator.execute(EngineExecutionOrchestrator.java:127)
	at org.junit.platform.launcher.core.EngineExecutionOrchestrator.execute(EngineExecutionOrchestrator.java:90)
	at org.junit.platform.launcher.core.EngineExecutionOrchestrator.lambda$execute$0(EngineExecutionOrchestrator.java:55)
	at org.junit.platform.launcher.core.EngineExecutionOrchestrator.withInterceptedStreams(EngineExecutionOrchestrator.java:102)
	at org.junit.platform.launcher.core.EngineExecutionOrchestrator.execute(EngineExecutionOrchestrator.java:54)
	at org.junit.platform.launcher.core.DefaultLauncher.execute(DefaultLauncher.java:114)
	at org.junit.platform.launcher.core.DefaultLauncher.execute(DefaultLauncher.java:86)
	at org.junit.platform.launcher.core.DefaultLauncherSession$DelegatingLauncher.execute(DefaultLauncherSession.java:86)
	at org.apache.maven.surefire.junitplatform.LazyLauncher.execute(LazyLauncher.java:50)
	at org.apache.maven.surefire.junitplatform.JUnitPlatformProvider.execute(JUnitPlatformProvider.java:184)
	at org.apache.maven.surefire.junitplatform.JUnitPlatformProvider.invokeAllTests(JUnitPlatformProvider.java:148)
	at org.apache.maven.surefire.junitplatform.JUnitPlatformProvider.invoke(JUnitPlatformProvider.java:122)
	at org.apache.maven.surefire.booter.ForkedBooter.runSuitesInProcess(ForkedBooter.java:385)
	at org.apache.maven.surefire.booter.ForkedBooter.execute(ForkedBooter.java:162)
	at org.apache.maven.surefire.booter.ForkedBooter.run(ForkedBooter.java:507)
	at org.apache.maven.surefire.booter.ForkedBooter.main(ForkedBooter.java:495)
2023-11-24 12:36:48,680 DEBUG o.h.o.s.a.tree [SqlTreePrinter.java:46] SQL AST Tree:
    SelectStatement {
      FromClause {
        StandardTableGroup (c1 : franco.maurizio.hr.desk.com.persistence.entity.Candidate(961692621035186)) {
          primaryTableReference : candidates as c1_0
        }
        StandardTableGroup (c2 : franco.maurizio.hr.desk.com.persistence.entity.CandidateStates(961692621049882)) {
          primaryTableReference : candidate_states as c2_0
        }
      }
    }

2023-11-24 12:36:48,682 DEBUG o.h.o.s.exec [JdbcSelectExecutorStandardImpl.java:455] Skipping reading Query result cache data: cache-enabled = false, cache-mode = NORMAL
2023-11-24 12:36:48,684 DEBUG o.h.o.results [NavigablePathMapToInitializer.java:56] Initializer list is empty
2023-11-24 12:36:48,685 TRACE o.h.s.r.j.i.DeferredResultSetAccess [DeferredResultSetAccess.java:224] Executing query to retrieve ResultSet : select c1_0.id,c1_0.domicile_city,c1_0.study_qualification,c1_0.graduate,c1_0.high_graduate,c1_0.still_high_study,c1_0.mobile,c1_0.cv_external_path,c1_0.email,c1_0.firstname,c1_0.lastname,c1_0.dateofbirth,c1_0.imgpath,c1_0.course_code,c1_0.technical_note,c1_0.label,c1_0.candidate_state_code,c2_0.status_color,c2_0.status_label from candidates c1_0,candidate_states c2_0 where c1_0.id=? and c1_0.candidate_state_code=c2_0.status_code limit ?
2023-11-24 12:36:48,685 DEBUG o.h.SQL [SqlStatementLogger.java:133] select c1_0.id,c1_0.domicile_city,c1_0.study_qualification,c1_0.graduate,c1_0.high_graduate,c1_0.still_high_study,c1_0.mobile,c1_0.cv_external_path,c1_0.email,c1_0.firstname,c1_0.lastname,c1_0.dateofbirth,c1_0.imgpath,c1_0.course_code,c1_0.technical_note,c1_0.label,c1_0.candidate_state_code,c2_0.status_color,c2_0.status_label from candidates c1_0,candidate_states c2_0 where c1_0.id=? and c1_0.candidate_state_code=c2_0.status_code limit ?
Hibernate: select c1_0.id,c1_0.domicile_city,c1_0.study_qualification,c1_0.graduate,c1_0.high_graduate,c1_0.still_high_study,c1_0.mobile,c1_0.cv_external_path,c1_0.email,c1_0.firstname,c1_0.lastname,c1_0.dateofbirth,c1_0.imgpath,c1_0.course_code,c1_0.technical_note,c1_0.label,c1_0.candidate_state_code,c2_0.status_color,c2_0.status_label from candidates c1_0,candidate_states c2_0 where c1_0.id=? and c1_0.candidate_state_code=c2_0.status_code limit ?
2023-11-24 12:36:48,685 TRACE o.h.r.j.i.ResourceRegistryStandardImpl [ResourceRegistryStandardImpl.java:82] Registering statement [HikariProxyPreparedStatement@703385321 wrapping com.mysql.cj.jdbc.ClientPreparedStatement: select c1_0.id,c1_0.domicile_city,c1_0.study_qualification,c1_0.graduate,c1_0.high_graduate,c1_0.still_high_study,c1_0.mobile,c1_0.cv_external_path,c1_0.email,c1_0.firstname,c1_0.lastname,c1_0.dateofbirth,c1_0.imgpath,c1_0.course_code,c1_0.technical_note,c1_0.label,c1_0.candidate_state_code,c2_0.status_color,c2_0.status_label from candidates c1_0,candidate_states c2_0 where c1_0.id=** NOT SPECIFIED ** and c1_0.candidate_state_code=c2_0.status_code limit ** NOT SPECIFIED **]
2023-11-24 12:36:48,686 TRACE o.h.e.j.i.JdbcCoordinatorImpl [JdbcCoordinatorImpl.java:322] Registering last query statement [HikariProxyPreparedStatement@703385321 wrapping com.mysql.cj.jdbc.ClientPreparedStatement: select c1_0.id,c1_0.domicile_city,c1_0.study_qualification,c1_0.graduate,c1_0.high_graduate,c1_0.still_high_study,c1_0.mobile,c1_0.cv_external_path,c1_0.email,c1_0.firstname,c1_0.lastname,c1_0.dateofbirth,c1_0.imgpath,c1_0.course_code,c1_0.technical_note,c1_0.label,c1_0.candidate_state_code,c2_0.status_color,c2_0.status_label from candidates c1_0,candidate_states c2_0 where c1_0.id=** NOT SPECIFIED ** and c1_0.candidate_state_code=c2_0.status_code limit ** NOT SPECIFIED **]
2023-11-24 12:36:48,686 TRACE o.h.o.j.bind [JdbcBindingLogging.java:25] binding parameter [1] as [BIGINT] - [968]
2023-11-24 12:36:48,686 TRACE o.h.o.j.bind [JdbcBindingLogging.java:25] binding parameter [2] as [INTEGER] - [1]
2023-11-24 12:36:48,688 TRACE o.h.r.j.i.ResourceRegistryStandardImpl [ResourceRegistryStandardImpl.java:221] Registering result set [HikariProxyResultSet@660874629 wrapping com.mysql.cj.jdbc.result.ResultSetImpl@7e345aae]
2023-11-24 12:36:48,689 TRACE o.h.r.j.i.AbstractLogicalConnectionImplementor [AbstractLogicalConnectionImplementor.java:48] LogicalConnection#afterStatement
2023-11-24 12:36:48,689 TRACE o.h.r.j.i.ResourceRegistryStandardImpl [ResourceRegistryStandardImpl.java:117] Releasing result set [HikariProxyResultSet@660874629 wrapping com.mysql.cj.jdbc.result.ResultSetImpl@7e345aae]
2023-11-24 12:36:48,689 TRACE o.h.r.j.i.ResourceRegistryStandardImpl [ResourceRegistryStandardImpl.java:169] Closing result set [HikariProxyResultSet@660874629 wrapping com.mysql.cj.jdbc.result.ResultSetImpl@7e345aae]
2023-11-24 12:36:48,689 TRACE o.h.r.j.i.ResourceRegistryStandardImpl [ResourceRegistryStandardImpl.java:96] Releasing statement [HikariProxyPreparedStatement@703385321 wrapping com.mysql.cj.jdbc.ClientPreparedStatement: select c1_0.id,c1_0.domicile_city,c1_0.study_qualification,c1_0.graduate,c1_0.high_graduate,c1_0.still_high_study,c1_0.mobile,c1_0.cv_external_path,c1_0.email,c1_0.firstname,c1_0.lastname,c1_0.dateofbirth,c1_0.imgpath,c1_0.course_code,c1_0.technical_note,c1_0.label,c1_0.candidate_state_code,c2_0.status_color,c2_0.status_label from candidates c1_0,candidate_states c2_0 where c1_0.id=968 and c1_0.candidate_state_code=c2_0.status_code limit 1]
2023-11-24 12:36:48,689 TRACE o.h.r.j.i.ResourceRegistryStandardImpl [ResourceRegistryStandardImpl.java:187] Closing prepared statement [HikariProxyPreparedStatement@703385321 wrapping com.mysql.cj.jdbc.ClientPreparedStatement: select c1_0.id,c1_0.domicile_city,c1_0.study_qualification,c1_0.graduate,c1_0.high_graduate,c1_0.still_high_study,c1_0.mobile,c1_0.cv_external_path,c1_0.email,c1_0.firstname,c1_0.lastname,c1_0.dateofbirth,c1_0.imgpath,c1_0.course_code,c1_0.technical_note,c1_0.label,c1_0.candidate_state_code,c2_0.status_color,c2_0.status_label from candidates c1_0,candidate_states c2_0 where c1_0.id=968 and c1_0.candidate_state_code=c2_0.status_code limit 1]
2023-11-24 12:36:48,690 TRACE o.h.e.i.StatefulPersistenceContext [StatefulPersistenceContext.java:976] Initializing non-lazy collections
2023-11-24 12:36:48,690 TRACE o.h.r.j.i.AbstractLogicalConnectionImplementor [AbstractLogicalConnectionImplementor.java:58] LogicalConnection#afterTransaction
2023-11-24 12:36:48,690 TRACE o.h.r.j.i.ResourceRegistryStandardImpl [ResourceRegistryStandardImpl.java:329] Releasing JDBC resources
2023-11-24 12:36:48,691 INFO f.m.h.d.c.s.CandidateService [CandidateService.java:170] No result found for query [<criteria>]
2023-11-24 12:36:48,691 INFO f.m.h.d.c.s.CandidateService [CandidateService.java:171] getCustomById() - INFO - No candidate found for id 968
2023-11-24 12:36:48,716 TRACE o.h.i.SessionImpl [SessionImpl.java:402] Closing session [f55ae7a9-d583-44d0-bf67-3857dc7b5810]
2023-11-24 12:36:48,717 TRACE o.h.e.j.i.JdbcCoordinatorImpl [JdbcCoordinatorImpl.java:152] Closing JDBC container [org.hibernate.engine.jdbc.internal.JdbcCoordinatorImpl@167bb050]
2023-11-24 12:36:48,717 TRACE o.h.r.j.i.ResourceRegistryStandardImpl [ResourceRegistryStandardImpl.java:329] Releasing JDBC resources
2023-11-24 12:36:48,717 TRACE o.h.r.j.i.LogicalConnectionManagedImpl [LogicalConnectionManagedImpl.java:256] Closing logical connection
2023-11-24 12:36:48,717 TRACE o.h.r.j.i.ResourceRegistryStandardImpl [ResourceRegistryStandardImpl.java:329] Releasing JDBC resources
2023-11-24 12:36:48,718 TRACE o.h.r.j.i.LogicalConnectionManagedImpl [LogicalConnectionManagedImpl.java:263] Logical connection closed
2023-11-24 12:36:48,729 TRACE f.m.h.d.c.i.c.CandidateCustomControllerIntegrationTests [CandidateCustomControllerIntegrationTests.java:124] ########################################################
2023-11-24 12:36:48,730 TRACE f.m.h.d.c.i.c.CandidateCustomControllerIntegrationTests [CandidateCustomControllerIntegrationTests.java:125] ########################################################
2023-11-24 12:36:48,730 TRACE f.m.h.d.c.i.c.CandidateCustomControllerIntegrationTests [CandidateCustomControllerIntegrationTests.java:126] whenGetCandidateCustomById_andThereIsNot_thenStatus204 - END
2023-11-24 12:36:48,730 TRACE f.m.h.d.c.i.c.CandidateCustomControllerIntegrationTests [CandidateCustomControllerIntegrationTests.java:127] ########################################################
2023-11-24 12:36:48,730 TRACE f.m.h.d.c.i.c.CandidateCustomControllerIntegrationTests [CandidateCustomControllerIntegrationTests.java:128] ########################################################
]]></system-out>
  </testcase>
  <testcase name="whenGetCandidateCustomById_andThereIsOne_thenStatus200" classname="franco.maurizio.hr.desk.com.integration.controller.CandidateCustomControllerIntegrationTests" time="0.741">
    <system-out><![CDATA[2023-11-24 12:36:48,735 TRACE f.m.h.d.c.i.c.CandidateCustomControllerIntegrationTests [CandidateCustomControllerIntegrationTests.java:72] initializeRelatedTables - START
2023-11-24 12:36:48,735 DEBUG f.m.h.d.c.s.CandidateSurveyTokenService [CandidateSurveyTokenService.java:28] deleteAll - START
2023-11-24 12:36:48,736 TRACE o.h.i.SessionFactoryImpl$SessionBuilderImpl [SessionFactoryImpl.java:1298] Opening Hibernate Session.  tenant=null
2023-11-24 12:36:48,736 TRACE o.h.i.SessionImpl [SessionImpl.java:262] Opened Session [318b4044-5f1f-4493-a8fe-c9ffa79dbc48] at timestamp: 1700825808736
2023-11-24 12:36:48,736 DEBUG o.h.e.t.i.TransactionImpl [TransactionImpl.java:53] On TransactionImpl creation, JpaCompliance#isJpaTransactionComplianceEnabled == false
2023-11-24 12:36:48,736 DEBUG o.h.e.t.i.TransactionImpl [TransactionImpl.java:81] begin
2023-11-24 12:36:48,736 TRACE o.h.r.j.i.AbstractLogicalConnectionImplementor [AbstractLogicalConnectionImplementor.java:71] Preparing to begin transaction via JDBC Connection.setAutoCommit(false)
2023-11-24 12:36:48,737 TRACE o.h.r.j.i.AbstractLogicalConnectionImplementor [AbstractLogicalConnectionImplementor.java:73] Transaction begun via JDBC Connection.setAutoCommit(false)
2023-11-24 12:36:48,737 TRACE o.h.r.t.b.j.i.JdbcResourceLocalTransactionCoordinatorImpl [JdbcResourceLocalTransactionCoordinatorImpl.java:163] ResourceLocalTransactionCoordinatorImpl#afterBeginCallback
2023-11-24 12:36:48,737 TRACE o.h.q.s.s.BaseSqmToSqlAstConverter [BaseSqmToSqlAstConverter.java:2577] Resolving SqmRoot [franco.maurizio.hr.desk.com.persistence.entity.CandidateSurveyToken] to TableGroup
2023-11-24 12:36:48,737 TRACE o.h.q.s.s.BaseSqmToSqlAstConverter [BaseSqmToSqlAstConverter.java:2744] Resolving SqmRoot [franco.maurizio.hr.desk.com.persistence.entity.CandidateSurveyToken] to TableGroup
2023-11-24 12:36:48,738 DEBUG o.h.o.s.a.create [SqlAliasBaseImpl.java:33] Created new SQL alias : c1_0
2023-11-24 12:36:48,738 TRACE o.h.q.s.s.BaseSqmToSqlAstConverter [BaseSqmToSqlAstConverter.java:2811] Resolved SqmRoot [franco.maurizio.hr.desk.com.persistence.entity.CandidateSurveyToken] to new TableGroup [StandardTableGroup(franco.maurizio.hr.desk.com.persistence.entity.CandidateSurveyToken(961692700909373))]
2023-11-24 12:36:48,738 DEBUG o.h.o.s.a.create [SimpleFromClauseAccessImpl.java:98] Registration of TableGroup [StandardTableGroup(franco.maurizio.hr.desk.com.persistence.entity.CandidateSurveyToken(961692700909373))] with identifierForTableGroup [franco.maurizio.hr.desk.com.persistence.entity.CandidateSurveyToken] for NavigablePath [franco.maurizio.hr.desk.com.persistence.entity.CandidateSurveyToken] 
2023-11-24 12:36:48,738 TRACE o.h.q.s.s.BaseSqmToSqlAstConverter [BaseSqmToSqlAstConverter.java:3179] Visiting explicit joins for `franco.maurizio.hr.desk.com.persistence.entity.CandidateSurveyToken(961692700909373)`
2023-11-24 12:36:48,738 TRACE o.h.q.s.s.BaseSqmToSqlAstConverter [BaseSqmToSqlAstConverter.java:3820] SqmRoot [franco.maurizio.hr.desk.com.persistence.entity.CandidateSurveyToken] resolved to existing TableGroup [StandardTableGroup(franco.maurizio.hr.desk.com.persistence.entity.CandidateSurveyToken(961692700909373))]
2023-11-24 12:36:48,739 DEBUG o.h.o.r.g.AST [DomainResultGraphPrinter.java:67] DomainResult Graph:
 \-EntityResultImpl [franco.maurizio.hr.desk.com.persistence.entity.CandidateSurveyToken(961692700909373)]
 |  +-BasicFetch [franco.maurizio.hr.desk.com.persistence.entity.CandidateSurveyToken(961692700909373).candidateId]
 |  +-BasicFetch [franco.maurizio.hr.desk.com.persistence.entity.CandidateSurveyToken(961692700909373).expirationDateTime]
 |  +-BasicFetch [franco.maurizio.hr.desk.com.persistence.entity.CandidateSurveyToken(961692700909373).expired]
 |  +-BasicFetch [franco.maurizio.hr.desk.com.persistence.entity.CandidateSurveyToken(961692700909373).generatedToken]
 |  \-BasicFetch [franco.maurizio.hr.desk.com.persistence.entity.CandidateSurveyToken(961692700909373).surveyId]

2023-11-24 12:36:48,739 TRACE o.h.o.r.g.AST [DomainResultGraphPrinter.java:70] Stack trace calling DomainResultGraphPrinter
java.lang.Exception: null
	at org.hibernate.sql.results.graph.DomainResultGraphPrinter.visitDomainResults(DomainResultGraphPrinter.java:70)
	at org.hibernate.sql.results.graph.DomainResultGraphPrinter.logDomainResultGraph(DomainResultGraphPrinter.java:46)
	at org.hibernate.sql.results.graph.DomainResultGraphPrinter.logDomainResultGraph(DomainResultGraphPrinter.java:37)
	at org.hibernate.sql.ast.spi.AbstractSqlAstTranslator.translateSelect(AbstractSqlAstTranslator.java:848)
	at org.hibernate.sql.ast.spi.AbstractSqlAstTranslator.translate(AbstractSqlAstTranslator.java:801)
	at org.hibernate.query.sqm.internal.ConcreteSqmSelectQueryPlan.buildCacheableSqmInterpretation(ConcreteSqmSelectQueryPlan.java:372)
	at org.hibernate.query.sqm.internal.ConcreteSqmSelectQueryPlan.withCacheableSqmInterpretation(ConcreteSqmSelectQueryPlan.java:268)
	at org.hibernate.query.sqm.internal.ConcreteSqmSelectQueryPlan.performList(ConcreteSqmSelectQueryPlan.java:244)
	at org.hibernate.query.sqm.internal.QuerySqmImpl.doList(QuerySqmImpl.java:518)
	at org.hibernate.query.spi.AbstractSelectionQuery.list(AbstractSelectionQuery.java:367)
	at org.hibernate.query.Query.getResultList(Query.java:119)
	at org.springframework.data.jpa.repository.support.SimpleJpaRepository.findAll(SimpleJpaRepository.java:383)
	at org.springframework.data.jpa.repository.support.SimpleJpaRepository.deleteAll(SimpleJpaRepository.java:283)
	at java.base/jdk.internal.reflect.NativeMethodAccessorImpl.invoke0(Native Method)
	at java.base/jdk.internal.reflect.NativeMethodAccessorImpl.invoke(NativeMethodAccessorImpl.java:77)
	at java.base/jdk.internal.reflect.DelegatingMethodAccessorImpl.invoke(DelegatingMethodAccessorImpl.java:43)
	at java.base/java.lang.reflect.Method.invoke(Method.java:568)
	at org.springframework.data.repository.core.support.RepositoryMethodInvoker$RepositoryFragmentMethodInvoker.lambda$new$0(RepositoryMethodInvoker.java:288)
	at org.springframework.data.repository.core.support.RepositoryMethodInvoker.doInvoke(RepositoryMethodInvoker.java:136)
	at org.springframework.data.repository.core.support.RepositoryMethodInvoker.invoke(RepositoryMethodInvoker.java:120)
	at org.springframework.data.repository.core.support.RepositoryComposition$RepositoryFragments.invoke(RepositoryComposition.java:516)
	at org.springframework.data.repository.core.support.RepositoryComposition.invoke(RepositoryComposition.java:285)
	at org.springframework.data.repository.core.support.RepositoryFactorySupport$ImplementationMethodExecutionInterceptor.invoke(RepositoryFactorySupport.java:628)
	at org.springframework.aop.framework.ReflectiveMethodInvocation.proceed(ReflectiveMethodInvocation.java:184)
	at org.springframework.data.repository.core.support.QueryExecutorMethodInterceptor.doInvoke(QueryExecutorMethodInterceptor.java:168)
	at org.springframework.data.repository.core.support.QueryExecutorMethodInterceptor.invoke(QueryExecutorMethodInterceptor.java:143)
	at org.springframework.aop.framework.ReflectiveMethodInvocation.proceed(ReflectiveMethodInvocation.java:184)
	at org.springframework.data.projection.DefaultMethodInvokingMethodInterceptor.invoke(DefaultMethodInvokingMethodInterceptor.java:72)
	at org.springframework.aop.framework.ReflectiveMethodInvocation.proceed(ReflectiveMethodInvocation.java:184)
	at org.springframework.transaction.interceptor.TransactionInterceptor$1.proceedWithInvocation(TransactionInterceptor.java:123)
	at org.springframework.transaction.interceptor.TransactionAspectSupport.invokeWithinTransaction(TransactionAspectSupport.java:391)
	at org.springframework.transaction.interceptor.TransactionInterceptor.invoke(TransactionInterceptor.java:119)
	at org.springframework.aop.framework.ReflectiveMethodInvocation.proceed(ReflectiveMethodInvocation.java:184)
	at org.springframework.dao.support.PersistenceExceptionTranslationInterceptor.invoke(PersistenceExceptionTranslationInterceptor.java:137)
	at org.springframework.aop.framework.ReflectiveMethodInvocation.proceed(ReflectiveMethodInvocation.java:184)
	at org.springframework.data.jpa.repository.support.CrudMethodMetadataPostProcessor$CrudMethodMetadataPopulatingMethodInterceptor.invoke(CrudMethodMetadataPostProcessor.java:164)
	at org.springframework.aop.framework.ReflectiveMethodInvocation.proceed(ReflectiveMethodInvocation.java:184)
	at org.springframework.aop.interceptor.ExposeInvocationInterceptor.invoke(ExposeInvocationInterceptor.java:97)
	at org.springframework.aop.framework.ReflectiveMethodInvocation.proceed(ReflectiveMethodInvocation.java:184)
	at org.springframework.aop.framework.JdkDynamicAopProxy.invoke(JdkDynamicAopProxy.java:244)
	at jdk.proxy2/jdk.proxy2.$Proxy203.deleteAll(Unknown Source)
	at franco.maurizio.hr.desk.com.service.CandidateSurveyTokenService.deleteAll(CandidateSurveyTokenService.java:29)
	at franco.maurizio.hr.desk.com.integration.controller.CandidateCustomControllerIntegrationTests.initializeRelatedTables(CandidateCustomControllerIntegrationTests.java:73)
	at java.base/jdk.internal.reflect.NativeMethodAccessorImpl.invoke0(Native Method)
	at java.base/jdk.internal.reflect.NativeMethodAccessorImpl.invoke(NativeMethodAccessorImpl.java:77)
	at java.base/jdk.internal.reflect.DelegatingMethodAccessorImpl.invoke(DelegatingMethodAccessorImpl.java:43)
	at java.base/java.lang.reflect.Method.invoke(Method.java:568)
	at org.junit.platform.commons.util.ReflectionUtils.invokeMethod(ReflectionUtils.java:727)
	at org.junit.jupiter.engine.execution.MethodInvocation.proceed(MethodInvocation.java:60)
	at org.junit.jupiter.engine.execution.InvocationInterceptorChain$ValidatingInvocation.proceed(InvocationInterceptorChain.java:131)
	at org.junit.jupiter.engine.extension.TimeoutExtension.intercept(TimeoutExtension.java:156)
	at org.junit.jupiter.engine.extension.TimeoutExtension.interceptLifecycleMethod(TimeoutExtension.java:128)
	at org.junit.jupiter.engine.extension.TimeoutExtension.interceptBeforeEachMethod(TimeoutExtension.java:78)
	at org.junit.jupiter.engine.execution.InterceptingExecutableInvoker$ReflectiveInterceptorCall.lambda$ofVoidMethod$0(InterceptingExecutableInvoker.java:103)
	at org.junit.jupiter.engine.execution.InterceptingExecutableInvoker.lambda$invoke$0(InterceptingExecutableInvoker.java:93)
	at org.junit.jupiter.engine.execution.InvocationInterceptorChain$InterceptedInvocation.proceed(InvocationInterceptorChain.java:106)
	at org.junit.jupiter.engine.execution.InvocationInterceptorChain.proceed(InvocationInterceptorChain.java:64)
	at org.junit.jupiter.engine.execution.InvocationInterceptorChain.chainAndInvoke(InvocationInterceptorChain.java:45)
	at org.junit.jupiter.engine.execution.InvocationInterceptorChain.invoke(InvocationInterceptorChain.java:37)
	at org.junit.jupiter.engine.execution.InterceptingExecutableInvoker.invoke(InterceptingExecutableInvoker.java:92)
	at org.junit.jupiter.engine.execution.InterceptingExecutableInvoker.invoke(InterceptingExecutableInvoker.java:86)
	at org.junit.jupiter.engine.descriptor.ClassBasedTestDescriptor.invokeMethodInExtensionContext(ClassBasedTestDescriptor.java:520)
	at org.junit.jupiter.engine.descriptor.ClassBasedTestDescriptor.lambda$synthesizeBeforeEachMethodAdapter$23(ClassBasedTestDescriptor.java:505)
	at org.junit.jupiter.engine.descriptor.TestMethodTestDescriptor.lambda$invokeBeforeEachMethods$3(TestMethodTestDescriptor.java:174)
	at org.junit.jupiter.engine.descriptor.TestMethodTestDescriptor.lambda$invokeBeforeMethodsOrCallbacksUntilExceptionOccurs$6(TestMethodTestDescriptor.java:202)
	at org.junit.platform.engine.support.hierarchical.ThrowableCollector.execute(ThrowableCollector.java:73)
	at org.junit.jupiter.engine.descriptor.TestMethodTestDescriptor.invokeBeforeMethodsOrCallbacksUntilExceptionOccurs(TestMethodTestDescriptor.java:202)
	at org.junit.jupiter.engine.descriptor.TestMethodTestDescriptor.invokeBeforeEachMethods(TestMethodTestDescriptor.java:171)
	at org.junit.jupiter.engine.descriptor.TestMethodTestDescriptor.execute(TestMethodTestDescriptor.java:134)
	at org.junit.jupiter.engine.descriptor.TestMethodTestDescriptor.execute(TestMethodTestDescriptor.java:68)
	at org.junit.platform.engine.support.hierarchical.NodeTestTask.lambda$executeRecursively$6(NodeTestTask.java:151)
	at org.junit.platform.engine.support.hierarchical.ThrowableCollector.execute(ThrowableCollector.java:73)
	at org.junit.platform.engine.support.hierarchical.NodeTestTask.lambda$executeRecursively$8(NodeTestTask.java:141)
	at org.junit.platform.engine.support.hierarchical.Node.around(Node.java:137)
	at org.junit.platform.engine.support.hierarchical.NodeTestTask.lambda$executeRecursively$9(NodeTestTask.java:139)
	at org.junit.platform.engine.support.hierarchical.ThrowableCollector.execute(ThrowableCollector.java:73)
	at org.junit.platform.engine.support.hierarchical.NodeTestTask.executeRecursively(NodeTestTask.java:138)
	at org.junit.platform.engine.support.hierarchical.NodeTestTask.execute(NodeTestTask.java:95)
	at java.base/java.util.ArrayList.forEach(ArrayList.java:1511)
	at org.junit.platform.engine.support.hierarchical.SameThreadHierarchicalTestExecutorService.invokeAll(SameThreadHierarchicalTestExecutorService.java:41)
	at org.junit.platform.engine.support.hierarchical.NodeTestTask.lambda$executeRecursively$6(NodeTestTask.java:155)
	at org.junit.platform.engine.support.hierarchical.ThrowableCollector.execute(ThrowableCollector.java:73)
	at org.junit.platform.engine.support.hierarchical.NodeTestTask.lambda$executeRecursively$8(NodeTestTask.java:141)
	at org.junit.platform.engine.support.hierarchical.Node.around(Node.java:137)
	at org.junit.platform.engine.support.hierarchical.NodeTestTask.lambda$executeRecursively$9(NodeTestTask.java:139)
	at org.junit.platform.engine.support.hierarchical.ThrowableCollector.execute(ThrowableCollector.java:73)
	at org.junit.platform.engine.support.hierarchical.NodeTestTask.executeRecursively(NodeTestTask.java:138)
	at org.junit.platform.engine.support.hierarchical.NodeTestTask.execute(NodeTestTask.java:95)
	at java.base/java.util.ArrayList.forEach(ArrayList.java:1511)
	at org.junit.platform.engine.support.hierarchical.SameThreadHierarchicalTestExecutorService.invokeAll(SameThreadHierarchicalTestExecutorService.java:41)
	at org.junit.platform.engine.support.hierarchical.NodeTestTask.lambda$executeRecursively$6(NodeTestTask.java:155)
	at org.junit.platform.engine.support.hierarchical.ThrowableCollector.execute(ThrowableCollector.java:73)
	at org.junit.platform.engine.support.hierarchical.NodeTestTask.lambda$executeRecursively$8(NodeTestTask.java:141)
	at org.junit.platform.engine.support.hierarchical.Node.around(Node.java:137)
	at org.junit.platform.engine.support.hierarchical.NodeTestTask.lambda$executeRecursively$9(NodeTestTask.java:139)
	at org.junit.platform.engine.support.hierarchical.ThrowableCollector.execute(ThrowableCollector.java:73)
	at org.junit.platform.engine.support.hierarchical.NodeTestTask.executeRecursively(NodeTestTask.java:138)
	at org.junit.platform.engine.support.hierarchical.NodeTestTask.execute(NodeTestTask.java:95)
	at org.junit.platform.engine.support.hierarchical.SameThreadHierarchicalTestExecutorService.submit(SameThreadHierarchicalTestExecutorService.java:35)
	at org.junit.platform.engine.support.hierarchical.HierarchicalTestExecutor.execute(HierarchicalTestExecutor.java:57)
	at org.junit.platform.engine.support.hierarchical.HierarchicalTestEngine.execute(HierarchicalTestEngine.java:54)
	at org.junit.platform.launcher.core.EngineExecutionOrchestrator.execute(EngineExecutionOrchestrator.java:147)
	at org.junit.platform.launcher.core.EngineExecutionOrchestrator.execute(EngineExecutionOrchestrator.java:127)
	at org.junit.platform.launcher.core.EngineExecutionOrchestrator.execute(EngineExecutionOrchestrator.java:90)
	at org.junit.platform.launcher.core.EngineExecutionOrchestrator.lambda$execute$0(EngineExecutionOrchestrator.java:55)
	at org.junit.platform.launcher.core.EngineExecutionOrchestrator.withInterceptedStreams(EngineExecutionOrchestrator.java:102)
	at org.junit.platform.launcher.core.EngineExecutionOrchestrator.execute(EngineExecutionOrchestrator.java:54)
	at org.junit.platform.launcher.core.DefaultLauncher.execute(DefaultLauncher.java:114)
	at org.junit.platform.launcher.core.DefaultLauncher.execute(DefaultLauncher.java:86)
	at org.junit.platform.launcher.core.DefaultLauncherSession$DelegatingLauncher.execute(DefaultLauncherSession.java:86)
	at org.apache.maven.surefire.junitplatform.LazyLauncher.execute(LazyLauncher.java:50)
	at org.apache.maven.surefire.junitplatform.JUnitPlatformProvider.execute(JUnitPlatformProvider.java:184)
	at org.apache.maven.surefire.junitplatform.JUnitPlatformProvider.invokeAllTests(JUnitPlatformProvider.java:148)
	at org.apache.maven.surefire.junitplatform.JUnitPlatformProvider.invoke(JUnitPlatformProvider.java:122)
	at org.apache.maven.surefire.booter.ForkedBooter.runSuitesInProcess(ForkedBooter.java:385)
	at org.apache.maven.surefire.booter.ForkedBooter.execute(ForkedBooter.java:162)
	at org.apache.maven.surefire.booter.ForkedBooter.run(ForkedBooter.java:507)
	at org.apache.maven.surefire.booter.ForkedBooter.main(ForkedBooter.java:495)
2023-11-24 12:36:48,740 DEBUG o.h.o.s.a.tree [SqlTreePrinter.java:46] SQL AST Tree:
    SelectStatement {
      FromClause {
        StandardTableGroup (c1 : franco.maurizio.hr.desk.com.persistence.entity.CandidateSurveyToken(961692700909373)) {
          primaryTableReference : candidatesurveytokens as c1_0
        }
      }
    }

2023-11-24 12:36:48,740 DEBUG o.h.o.s.exec [JdbcSelectExecutorStandardImpl.java:455] Skipping reading Query result cache data: cache-enabled = false, cache-mode = NORMAL
2023-11-24 12:36:48,740 TRACE o.h.o.results [ResultsHelper.java:117] Registering initializer : EntityResultInitializer(franco.maurizio.hr.desk.com.persistence.entity.CandidateSurveyToken(961692700909373))
2023-11-24 12:36:48,740 DEBUG o.h.o.results [NavigablePathMapToInitializer.java:76] Initializer list:
	  franco.maurizio.hr.desk.com.persistence.entity.CandidateSurveyToken(961692700909373) -> EntityResultInitializer(franco.maurizio.hr.desk.com.persistence.entity.CandidateSurveyToken(961692700909373))@1514387458 (SingleTableEntityPersister(franco.maurizio.hr.desk.com.persistence.entity.CandidateSurveyToken))

2023-11-24 12:36:48,741 TRACE o.h.s.r.j.i.DeferredResultSetAccess [DeferredResultSetAccess.java:224] Executing query to retrieve ResultSet : select c1_0.id,c1_0.candidate_id,c1_0.expiration_date_time,c1_0.expired,c1_0.generated_token,c1_0.survey_id from candidatesurveytokens c1_0
2023-11-24 12:36:48,741 DEBUG o.h.SQL [SqlStatementLogger.java:133] select c1_0.id,c1_0.candidate_id,c1_0.expiration_date_time,c1_0.expired,c1_0.generated_token,c1_0.survey_id from candidatesurveytokens c1_0
Hibernate: select c1_0.id,c1_0.candidate_id,c1_0.expiration_date_time,c1_0.expired,c1_0.generated_token,c1_0.survey_id from candidatesurveytokens c1_0
2023-11-24 12:36:48,741 TRACE o.h.r.j.i.ResourceRegistryStandardImpl [ResourceRegistryStandardImpl.java:82] Registering statement [HikariProxyPreparedStatement@1112871168 wrapping com.mysql.cj.jdbc.ClientPreparedStatement: select c1_0.id,c1_0.candidate_id,c1_0.expiration_date_time,c1_0.expired,c1_0.generated_token,c1_0.survey_id from candidatesurveytokens c1_0]
2023-11-24 12:36:48,741 TRACE o.h.e.j.i.JdbcCoordinatorImpl [JdbcCoordinatorImpl.java:322] Registering last query statement [HikariProxyPreparedStatement@1112871168 wrapping com.mysql.cj.jdbc.ClientPreparedStatement: select c1_0.id,c1_0.candidate_id,c1_0.expiration_date_time,c1_0.expired,c1_0.generated_token,c1_0.survey_id from candidatesurveytokens c1_0]
2023-11-24 12:36:48,742 TRACE o.h.r.j.i.ResourceRegistryStandardImpl [ResourceRegistryStandardImpl.java:221] Registering result set [HikariProxyResultSet@50327467 wrapping com.mysql.cj.jdbc.result.ResultSetImpl@67d3be73]
2023-11-24 12:36:48,742 TRACE o.h.r.j.i.AbstractLogicalConnectionImplementor [AbstractLogicalConnectionImplementor.java:48] LogicalConnection#afterStatement
2023-11-24 12:36:48,742 TRACE o.h.r.j.i.ResourceRegistryStandardImpl [ResourceRegistryStandardImpl.java:117] Releasing result set [HikariProxyResultSet@50327467 wrapping com.mysql.cj.jdbc.result.ResultSetImpl@67d3be73]
2023-11-24 12:36:48,743 TRACE o.h.r.j.i.ResourceRegistryStandardImpl [ResourceRegistryStandardImpl.java:169] Closing result set [HikariProxyResultSet@50327467 wrapping com.mysql.cj.jdbc.result.ResultSetImpl@67d3be73]
2023-11-24 12:36:48,743 TRACE o.h.r.j.i.ResourceRegistryStandardImpl [ResourceRegistryStandardImpl.java:96] Releasing statement [HikariProxyPreparedStatement@1112871168 wrapping com.mysql.cj.jdbc.ClientPreparedStatement: select c1_0.id,c1_0.candidate_id,c1_0.expiration_date_time,c1_0.expired,c1_0.generated_token,c1_0.survey_id from candidatesurveytokens c1_0]
2023-11-24 12:36:48,743 TRACE o.h.r.j.i.ResourceRegistryStandardImpl [ResourceRegistryStandardImpl.java:187] Closing prepared statement [HikariProxyPreparedStatement@1112871168 wrapping com.mysql.cj.jdbc.ClientPreparedStatement: select c1_0.id,c1_0.candidate_id,c1_0.expiration_date_time,c1_0.expired,c1_0.generated_token,c1_0.survey_id from candidatesurveytokens c1_0]
2023-11-24 12:36:48,743 TRACE o.h.e.i.StatefulPersistenceContext [StatefulPersistenceContext.java:976] Initializing non-lazy collections
2023-11-24 12:36:48,744 DEBUG o.h.e.t.i.TransactionImpl [TransactionImpl.java:98] committing
2023-11-24 12:36:48,744 TRACE o.h.r.t.b.j.i.JdbcResourceLocalTransactionCoordinatorImpl [JdbcResourceLocalTransactionCoordinatorImpl.java:167] ResourceLocalTransactionCoordinatorImpl#beforeCompletionCallback
2023-11-24 12:36:48,744 TRACE o.h.i.SessionImpl [SessionImpl.java:1965] SessionImpl#beforeTransactionCompletion()
2023-11-24 12:36:48,744 TRACE o.h.i.SessionImpl [SessionImpl.java:484] Automatically flushing session
2023-11-24 12:36:48,744 TRACE o.h.r.j.i.AbstractLogicalConnectionImplementor [AbstractLogicalConnectionImplementor.java:53] LogicalConnection#beforeTransactionCompletion
2023-11-24 12:36:48,744 TRACE o.h.r.t.i.SynchronizationRegistryStandardImpl [SynchronizationRegistryStandardImpl.java:55] SynchronizationRegistryStandardImpl.notifySynchronizationsBeforeTransactionCompletion
2023-11-24 12:36:48,744 TRACE o.h.r.j.i.AbstractLogicalConnectionImplementor [AbstractLogicalConnectionImplementor.java:85] Preparing to commit transaction via JDBC Connection.commit()
2023-11-24 12:36:48,745 TRACE o.h.r.j.i.AbstractLogicalConnectionImplementor [AbstractLogicalConnectionImplementor.java:88] Transaction committed via JDBC Connection.commit()
2023-11-24 12:36:48,745 TRACE o.h.r.j.i.AbstractLogicalConnectionImplementor [AbstractLogicalConnectionImplementor.java:105] re-enabling auto-commit on JDBC Connection after completion of JDBC-based transaction
2023-11-24 12:36:48,746 TRACE o.h.r.j.i.AbstractLogicalConnectionImplementor [AbstractLogicalConnectionImplementor.java:58] LogicalConnection#afterTransaction
2023-11-24 12:36:48,746 TRACE o.h.r.j.i.ResourceRegistryStandardImpl [ResourceRegistryStandardImpl.java:329] Releasing JDBC resources
2023-11-24 12:36:48,746 TRACE o.h.r.t.b.j.i.JdbcResourceLocalTransactionCoordinatorImpl [JdbcResourceLocalTransactionCoordinatorImpl.java:185] ResourceLocalTransactionCoordinatorImpl#afterCompletionCallback(true)
2023-11-24 12:36:48,746 TRACE o.h.r.t.i.SynchronizationRegistryStandardImpl [DelegatingBasicLogger.java:158] SynchronizationRegistryStandardImpl.notifySynchronizationsAfterTransactionCompletion(3)
2023-11-24 12:36:48,746 TRACE o.h.i.SessionImpl [SessionImpl.java:1980] SessionImpl#afterTransactionCompletion(successful=true, delayed=false)
2023-11-24 12:36:48,747 TRACE o.h.i.SessionImpl [SessionImpl.java:402] Closing session [318b4044-5f1f-4493-a8fe-c9ffa79dbc48]
2023-11-24 12:36:48,747 TRACE o.h.e.j.i.JdbcCoordinatorImpl [JdbcCoordinatorImpl.java:152] Closing JDBC container [org.hibernate.engine.jdbc.internal.JdbcCoordinatorImpl@4a204120]
2023-11-24 12:36:48,747 TRACE o.h.r.j.i.ResourceRegistryStandardImpl [ResourceRegistryStandardImpl.java:329] Releasing JDBC resources
2023-11-24 12:36:48,747 TRACE o.h.r.j.i.LogicalConnectionManagedImpl [LogicalConnectionManagedImpl.java:256] Closing logical connection
2023-11-24 12:36:48,747 TRACE o.h.r.j.i.ResourceRegistryStandardImpl [ResourceRegistryStandardImpl.java:329] Releasing JDBC resources
2023-11-24 12:36:48,747 TRACE o.h.r.j.i.LogicalConnectionManagedImpl [LogicalConnectionManagedImpl.java:263] Logical connection closed
2023-11-24 12:36:48,747 DEBUG f.m.h.d.c.s.SurveyReplyService [SurveyReplyService.java:36] deleteAll - START
2023-11-24 12:36:48,747 TRACE o.h.i.SessionFactoryImpl$SessionBuilderImpl [SessionFactoryImpl.java:1298] Opening Hibernate Session.  tenant=null
2023-11-24 12:36:48,748 TRACE o.h.i.SessionImpl [SessionImpl.java:262] Opened Session [8887d5bf-a761-43b3-80eb-70a247234884] at timestamp: 1700825808748
2023-11-24 12:36:48,748 DEBUG o.h.e.t.i.TransactionImpl [TransactionImpl.java:53] On TransactionImpl creation, JpaCompliance#isJpaTransactionComplianceEnabled == false
2023-11-24 12:36:48,748 DEBUG o.h.e.t.i.TransactionImpl [TransactionImpl.java:81] begin
2023-11-24 12:36:48,748 TRACE o.h.r.j.i.AbstractLogicalConnectionImplementor [AbstractLogicalConnectionImplementor.java:71] Preparing to begin transaction via JDBC Connection.setAutoCommit(false)
2023-11-24 12:36:48,748 TRACE o.h.r.j.i.AbstractLogicalConnectionImplementor [AbstractLogicalConnectionImplementor.java:73] Transaction begun via JDBC Connection.setAutoCommit(false)
2023-11-24 12:36:48,749 TRACE o.h.r.t.b.j.i.JdbcResourceLocalTransactionCoordinatorImpl [JdbcResourceLocalTransactionCoordinatorImpl.java:163] ResourceLocalTransactionCoordinatorImpl#afterBeginCallback
2023-11-24 12:36:48,749 TRACE o.h.q.s.s.BaseSqmToSqlAstConverter [BaseSqmToSqlAstConverter.java:2577] Resolving SqmRoot [franco.maurizio.hr.desk.com.persistence.entity.SurveyReply] to TableGroup
2023-11-24 12:36:48,749 TRACE o.h.q.s.s.BaseSqmToSqlAstConverter [BaseSqmToSqlAstConverter.java:2744] Resolving SqmRoot [franco.maurizio.hr.desk.com.persistence.entity.SurveyReply] to TableGroup
2023-11-24 12:36:48,749 DEBUG o.h.o.s.a.create [SqlAliasBaseImpl.java:33] Created new SQL alias : s1_0
2023-11-24 12:36:48,750 TRACE o.h.q.s.s.BaseSqmToSqlAstConverter [BaseSqmToSqlAstConverter.java:2811] Resolved SqmRoot [franco.maurizio.hr.desk.com.persistence.entity.SurveyReply] to new TableGroup [StandardTableGroup(franco.maurizio.hr.desk.com.persistence.entity.SurveyReply(961692712804558))]
2023-11-24 12:36:48,750 DEBUG o.h.o.s.a.create [SimpleFromClauseAccessImpl.java:98] Registration of TableGroup [StandardTableGroup(franco.maurizio.hr.desk.com.persistence.entity.SurveyReply(961692712804558))] with identifierForTableGroup [franco.maurizio.hr.desk.com.persistence.entity.SurveyReply] for NavigablePath [franco.maurizio.hr.desk.com.persistence.entity.SurveyReply] 
2023-11-24 12:36:48,750 TRACE o.h.q.s.s.BaseSqmToSqlAstConverter [BaseSqmToSqlAstConverter.java:3179] Visiting explicit joins for `franco.maurizio.hr.desk.com.persistence.entity.SurveyReply(961692712804558)`
2023-11-24 12:36:48,750 TRACE o.h.q.s.s.BaseSqmToSqlAstConverter [BaseSqmToSqlAstConverter.java:3820] SqmRoot [franco.maurizio.hr.desk.com.persistence.entity.SurveyReply] resolved to existing TableGroup [StandardTableGroup(franco.maurizio.hr.desk.com.persistence.entity.SurveyReply(961692712804558))]
2023-11-24 12:36:48,750 DEBUG o.h.o.r.g.AST [DomainResultGraphPrinter.java:67] DomainResult Graph:
 \-EntityResultImpl [franco.maurizio.hr.desk.com.persistence.entity.SurveyReply(961692712804558)]
 |  +-BasicFetch [franco.maurizio.hr.desk.com.persistence.entity.SurveyReply(961692712804558).answers]
 |  +-BasicFetch [franco.maurizio.hr.desk.com.persistence.entity.SurveyReply(961692712804558).candidateId]
 |  +-BasicFetch [franco.maurizio.hr.desk.com.persistence.entity.SurveyReply(961692712804558).endtime]
 |  +-BasicFetch [franco.maurizio.hr.desk.com.persistence.entity.SurveyReply(961692712804558).generated_token]
 |  +-BasicFetch [franco.maurizio.hr.desk.com.persistence.entity.SurveyReply(961692712804558).pdffilename]
 |  +-BasicFetch [franco.maurizio.hr.desk.com.persistence.entity.SurveyReply(961692712804558).points]
 |  +-BasicFetch [franco.maurizio.hr.desk.com.persistence.entity.SurveyReply(961692712804558).starttime]
 |  \-BasicFetch [franco.maurizio.hr.desk.com.persistence.entity.SurveyReply(961692712804558).surveyId]

2023-11-24 12:36:48,751 TRACE o.h.o.r.g.AST [DomainResultGraphPrinter.java:70] Stack trace calling DomainResultGraphPrinter
java.lang.Exception: null
	at org.hibernate.sql.results.graph.DomainResultGraphPrinter.visitDomainResults(DomainResultGraphPrinter.java:70)
	at org.hibernate.sql.results.graph.DomainResultGraphPrinter.logDomainResultGraph(DomainResultGraphPrinter.java:46)
	at org.hibernate.sql.results.graph.DomainResultGraphPrinter.logDomainResultGraph(DomainResultGraphPrinter.java:37)
	at org.hibernate.sql.ast.spi.AbstractSqlAstTranslator.translateSelect(AbstractSqlAstTranslator.java:848)
	at org.hibernate.sql.ast.spi.AbstractSqlAstTranslator.translate(AbstractSqlAstTranslator.java:801)
	at org.hibernate.query.sqm.internal.ConcreteSqmSelectQueryPlan.buildCacheableSqmInterpretation(ConcreteSqmSelectQueryPlan.java:372)
	at org.hibernate.query.sqm.internal.ConcreteSqmSelectQueryPlan.withCacheableSqmInterpretation(ConcreteSqmSelectQueryPlan.java:268)
	at org.hibernate.query.sqm.internal.ConcreteSqmSelectQueryPlan.performList(ConcreteSqmSelectQueryPlan.java:244)
	at org.hibernate.query.sqm.internal.QuerySqmImpl.doList(QuerySqmImpl.java:518)
	at org.hibernate.query.spi.AbstractSelectionQuery.list(AbstractSelectionQuery.java:367)
	at org.hibernate.query.Query.getResultList(Query.java:119)
	at org.springframework.data.jpa.repository.support.SimpleJpaRepository.findAll(SimpleJpaRepository.java:383)
	at org.springframework.data.jpa.repository.support.SimpleJpaRepository.deleteAll(SimpleJpaRepository.java:283)
	at java.base/jdk.internal.reflect.NativeMethodAccessorImpl.invoke0(Native Method)
	at java.base/jdk.internal.reflect.NativeMethodAccessorImpl.invoke(NativeMethodAccessorImpl.java:77)
	at java.base/jdk.internal.reflect.DelegatingMethodAccessorImpl.invoke(DelegatingMethodAccessorImpl.java:43)
	at java.base/java.lang.reflect.Method.invoke(Method.java:568)
	at org.springframework.data.repository.core.support.RepositoryMethodInvoker$RepositoryFragmentMethodInvoker.lambda$new$0(RepositoryMethodInvoker.java:288)
	at org.springframework.data.repository.core.support.RepositoryMethodInvoker.doInvoke(RepositoryMethodInvoker.java:136)
	at org.springframework.data.repository.core.support.RepositoryMethodInvoker.invoke(RepositoryMethodInvoker.java:120)
	at org.springframework.data.repository.core.support.RepositoryComposition$RepositoryFragments.invoke(RepositoryComposition.java:516)
	at org.springframework.data.repository.core.support.RepositoryComposition.invoke(RepositoryComposition.java:285)
	at org.springframework.data.repository.core.support.RepositoryFactorySupport$ImplementationMethodExecutionInterceptor.invoke(RepositoryFactorySupport.java:628)
	at org.springframework.aop.framework.ReflectiveMethodInvocation.proceed(ReflectiveMethodInvocation.java:184)
	at org.springframework.data.repository.core.support.QueryExecutorMethodInterceptor.doInvoke(QueryExecutorMethodInterceptor.java:168)
	at org.springframework.data.repository.core.support.QueryExecutorMethodInterceptor.invoke(QueryExecutorMethodInterceptor.java:143)
	at org.springframework.aop.framework.ReflectiveMethodInvocation.proceed(ReflectiveMethodInvocation.java:184)
	at org.springframework.data.projection.DefaultMethodInvokingMethodInterceptor.invoke(DefaultMethodInvokingMethodInterceptor.java:72)
	at org.springframework.aop.framework.ReflectiveMethodInvocation.proceed(ReflectiveMethodInvocation.java:184)
	at org.springframework.transaction.interceptor.TransactionInterceptor$1.proceedWithInvocation(TransactionInterceptor.java:123)
	at org.springframework.transaction.interceptor.TransactionAspectSupport.invokeWithinTransaction(TransactionAspectSupport.java:391)
	at org.springframework.transaction.interceptor.TransactionInterceptor.invoke(TransactionInterceptor.java:119)
	at org.springframework.aop.framework.ReflectiveMethodInvocation.proceed(ReflectiveMethodInvocation.java:184)
	at org.springframework.dao.support.PersistenceExceptionTranslationInterceptor.invoke(PersistenceExceptionTranslationInterceptor.java:137)
	at org.springframework.aop.framework.ReflectiveMethodInvocation.proceed(ReflectiveMethodInvocation.java:184)
	at org.springframework.data.jpa.repository.support.CrudMethodMetadataPostProcessor$CrudMethodMetadataPopulatingMethodInterceptor.invoke(CrudMethodMetadataPostProcessor.java:164)
	at org.springframework.aop.framework.ReflectiveMethodInvocation.proceed(ReflectiveMethodInvocation.java:184)
	at org.springframework.aop.interceptor.ExposeInvocationInterceptor.invoke(ExposeInvocationInterceptor.java:97)
	at org.springframework.aop.framework.ReflectiveMethodInvocation.proceed(ReflectiveMethodInvocation.java:184)
	at org.springframework.aop.framework.JdkDynamicAopProxy.invoke(JdkDynamicAopProxy.java:244)
	at jdk.proxy2/jdk.proxy2.$Proxy206.deleteAll(Unknown Source)
	at franco.maurizio.hr.desk.com.service.SurveyReplyService.deleteAll(SurveyReplyService.java:37)
	at franco.maurizio.hr.desk.com.integration.controller.CandidateCustomControllerIntegrationTests.initializeRelatedTables(CandidateCustomControllerIntegrationTests.java:74)
	at java.base/jdk.internal.reflect.NativeMethodAccessorImpl.invoke0(Native Method)
	at java.base/jdk.internal.reflect.NativeMethodAccessorImpl.invoke(NativeMethodAccessorImpl.java:77)
	at java.base/jdk.internal.reflect.DelegatingMethodAccessorImpl.invoke(DelegatingMethodAccessorImpl.java:43)
	at java.base/java.lang.reflect.Method.invoke(Method.java:568)
	at org.junit.platform.commons.util.ReflectionUtils.invokeMethod(ReflectionUtils.java:727)
	at org.junit.jupiter.engine.execution.MethodInvocation.proceed(MethodInvocation.java:60)
	at org.junit.jupiter.engine.execution.InvocationInterceptorChain$ValidatingInvocation.proceed(InvocationInterceptorChain.java:131)
	at org.junit.jupiter.engine.extension.TimeoutExtension.intercept(TimeoutExtension.java:156)
	at org.junit.jupiter.engine.extension.TimeoutExtension.interceptLifecycleMethod(TimeoutExtension.java:128)
	at org.junit.jupiter.engine.extension.TimeoutExtension.interceptBeforeEachMethod(TimeoutExtension.java:78)
	at org.junit.jupiter.engine.execution.InterceptingExecutableInvoker$ReflectiveInterceptorCall.lambda$ofVoidMethod$0(InterceptingExecutableInvoker.java:103)
	at org.junit.jupiter.engine.execution.InterceptingExecutableInvoker.lambda$invoke$0(InterceptingExecutableInvoker.java:93)
	at org.junit.jupiter.engine.execution.InvocationInterceptorChain$InterceptedInvocation.proceed(InvocationInterceptorChain.java:106)
	at org.junit.jupiter.engine.execution.InvocationInterceptorChain.proceed(InvocationInterceptorChain.java:64)
	at org.junit.jupiter.engine.execution.InvocationInterceptorChain.chainAndInvoke(InvocationInterceptorChain.java:45)
	at org.junit.jupiter.engine.execution.InvocationInterceptorChain.invoke(InvocationInterceptorChain.java:37)
	at org.junit.jupiter.engine.execution.InterceptingExecutableInvoker.invoke(InterceptingExecutableInvoker.java:92)
	at org.junit.jupiter.engine.execution.InterceptingExecutableInvoker.invoke(InterceptingExecutableInvoker.java:86)
	at org.junit.jupiter.engine.descriptor.ClassBasedTestDescriptor.invokeMethodInExtensionContext(ClassBasedTestDescriptor.java:520)
	at org.junit.jupiter.engine.descriptor.ClassBasedTestDescriptor.lambda$synthesizeBeforeEachMethodAdapter$23(ClassBasedTestDescriptor.java:505)
	at org.junit.jupiter.engine.descriptor.TestMethodTestDescriptor.lambda$invokeBeforeEachMethods$3(TestMethodTestDescriptor.java:174)
	at org.junit.jupiter.engine.descriptor.TestMethodTestDescriptor.lambda$invokeBeforeMethodsOrCallbacksUntilExceptionOccurs$6(TestMethodTestDescriptor.java:202)
	at org.junit.platform.engine.support.hierarchical.ThrowableCollector.execute(ThrowableCollector.java:73)
	at org.junit.jupiter.engine.descriptor.TestMethodTestDescriptor.invokeBeforeMethodsOrCallbacksUntilExceptionOccurs(TestMethodTestDescriptor.java:202)
	at org.junit.jupiter.engine.descriptor.TestMethodTestDescriptor.invokeBeforeEachMethods(TestMethodTestDescriptor.java:171)
	at org.junit.jupiter.engine.descriptor.TestMethodTestDescriptor.execute(TestMethodTestDescriptor.java:134)
	at org.junit.jupiter.engine.descriptor.TestMethodTestDescriptor.execute(TestMethodTestDescriptor.java:68)
	at org.junit.platform.engine.support.hierarchical.NodeTestTask.lambda$executeRecursively$6(NodeTestTask.java:151)
	at org.junit.platform.engine.support.hierarchical.ThrowableCollector.execute(ThrowableCollector.java:73)
	at org.junit.platform.engine.support.hierarchical.NodeTestTask.lambda$executeRecursively$8(NodeTestTask.java:141)
	at org.junit.platform.engine.support.hierarchical.Node.around(Node.java:137)
	at org.junit.platform.engine.support.hierarchical.NodeTestTask.lambda$executeRecursively$9(NodeTestTask.java:139)
	at org.junit.platform.engine.support.hierarchical.ThrowableCollector.execute(ThrowableCollector.java:73)
	at org.junit.platform.engine.support.hierarchical.NodeTestTask.executeRecursively(NodeTestTask.java:138)
	at org.junit.platform.engine.support.hierarchical.NodeTestTask.execute(NodeTestTask.java:95)
	at java.base/java.util.ArrayList.forEach(ArrayList.java:1511)
	at org.junit.platform.engine.support.hierarchical.SameThreadHierarchicalTestExecutorService.invokeAll(SameThreadHierarchicalTestExecutorService.java:41)
	at org.junit.platform.engine.support.hierarchical.NodeTestTask.lambda$executeRecursively$6(NodeTestTask.java:155)
	at org.junit.platform.engine.support.hierarchical.ThrowableCollector.execute(ThrowableCollector.java:73)
	at org.junit.platform.engine.support.hierarchical.NodeTestTask.lambda$executeRecursively$8(NodeTestTask.java:141)
	at org.junit.platform.engine.support.hierarchical.Node.around(Node.java:137)
	at org.junit.platform.engine.support.hierarchical.NodeTestTask.lambda$executeRecursively$9(NodeTestTask.java:139)
	at org.junit.platform.engine.support.hierarchical.ThrowableCollector.execute(ThrowableCollector.java:73)
	at org.junit.platform.engine.support.hierarchical.NodeTestTask.executeRecursively(NodeTestTask.java:138)
	at org.junit.platform.engine.support.hierarchical.NodeTestTask.execute(NodeTestTask.java:95)
	at java.base/java.util.ArrayList.forEach(ArrayList.java:1511)
	at org.junit.platform.engine.support.hierarchical.SameThreadHierarchicalTestExecutorService.invokeAll(SameThreadHierarchicalTestExecutorService.java:41)
	at org.junit.platform.engine.support.hierarchical.NodeTestTask.lambda$executeRecursively$6(NodeTestTask.java:155)
	at org.junit.platform.engine.support.hierarchical.ThrowableCollector.execute(ThrowableCollector.java:73)
	at org.junit.platform.engine.support.hierarchical.NodeTestTask.lambda$executeRecursively$8(NodeTestTask.java:141)
	at org.junit.platform.engine.support.hierarchical.Node.around(Node.java:137)
	at org.junit.platform.engine.support.hierarchical.NodeTestTask.lambda$executeRecursively$9(NodeTestTask.java:139)
	at org.junit.platform.engine.support.hierarchical.ThrowableCollector.execute(ThrowableCollector.java:73)
	at org.junit.platform.engine.support.hierarchical.NodeTestTask.executeRecursively(NodeTestTask.java:138)
	at org.junit.platform.engine.support.hierarchical.NodeTestTask.execute(NodeTestTask.java:95)
	at org.junit.platform.engine.support.hierarchical.SameThreadHierarchicalTestExecutorService.submit(SameThreadHierarchicalTestExecutorService.java:35)
	at org.junit.platform.engine.support.hierarchical.HierarchicalTestExecutor.execute(HierarchicalTestExecutor.java:57)
	at org.junit.platform.engine.support.hierarchical.HierarchicalTestEngine.execute(HierarchicalTestEngine.java:54)
	at org.junit.platform.launcher.core.EngineExecutionOrchestrator.execute(EngineExecutionOrchestrator.java:147)
	at org.junit.platform.launcher.core.EngineExecutionOrchestrator.execute(EngineExecutionOrchestrator.java:127)
	at org.junit.platform.launcher.core.EngineExecutionOrchestrator.execute(EngineExecutionOrchestrator.java:90)
	at org.junit.platform.launcher.core.EngineExecutionOrchestrator.lambda$execute$0(EngineExecutionOrchestrator.java:55)
	at org.junit.platform.launcher.core.EngineExecutionOrchestrator.withInterceptedStreams(EngineExecutionOrchestrator.java:102)
	at org.junit.platform.launcher.core.EngineExecutionOrchestrator.execute(EngineExecutionOrchestrator.java:54)
	at org.junit.platform.launcher.core.DefaultLauncher.execute(DefaultLauncher.java:114)
	at org.junit.platform.launcher.core.DefaultLauncher.execute(DefaultLauncher.java:86)
	at org.junit.platform.launcher.core.DefaultLauncherSession$DelegatingLauncher.execute(DefaultLauncherSession.java:86)
	at org.apache.maven.surefire.junitplatform.LazyLauncher.execute(LazyLauncher.java:50)
	at org.apache.maven.surefire.junitplatform.JUnitPlatformProvider.execute(JUnitPlatformProvider.java:184)
	at org.apache.maven.surefire.junitplatform.JUnitPlatformProvider.invokeAllTests(JUnitPlatformProvider.java:148)
	at org.apache.maven.surefire.junitplatform.JUnitPlatformProvider.invoke(JUnitPlatformProvider.java:122)
	at org.apache.maven.surefire.booter.ForkedBooter.runSuitesInProcess(ForkedBooter.java:385)
	at org.apache.maven.surefire.booter.ForkedBooter.execute(ForkedBooter.java:162)
	at org.apache.maven.surefire.booter.ForkedBooter.run(ForkedBooter.java:507)
	at org.apache.maven.surefire.booter.ForkedBooter.main(ForkedBooter.java:495)
2023-11-24 12:36:48,751 DEBUG o.h.o.s.a.tree [SqlTreePrinter.java:46] SQL AST Tree:
    SelectStatement {
      FromClause {
        StandardTableGroup (s1 : franco.maurizio.hr.desk.com.persistence.entity.SurveyReply(961692712804558)) {
          primaryTableReference : surveyreplies as s1_0
        }
      }
    }

2023-11-24 12:36:48,752 DEBUG o.h.o.s.exec [JdbcSelectExecutorStandardImpl.java:455] Skipping reading Query result cache data: cache-enabled = false, cache-mode = NORMAL
2023-11-24 12:36:48,752 TRACE o.h.o.results [ResultsHelper.java:117] Registering initializer : EntityResultInitializer(franco.maurizio.hr.desk.com.persistence.entity.SurveyReply(961692712804558))
2023-11-24 12:36:48,752 DEBUG o.h.o.results [NavigablePathMapToInitializer.java:76] Initializer list:
	  franco.maurizio.hr.desk.com.persistence.entity.SurveyReply(961692712804558) -> EntityResultInitializer(franco.maurizio.hr.desk.com.persistence.entity.SurveyReply(961692712804558))@869527388 (SingleTableEntityPersister(franco.maurizio.hr.desk.com.persistence.entity.SurveyReply))

2023-11-24 12:36:48,752 TRACE o.h.s.r.j.i.DeferredResultSetAccess [DeferredResultSetAccess.java:224] Executing query to retrieve ResultSet : select s1_0.id,s1_0.answers,s1_0.candidate_id,s1_0.endtime,s1_0.generated_token,s1_0.pdffilename,s1_0.points,s1_0.starttime,s1_0.survey_id from surveyreplies s1_0
2023-11-24 12:36:48,752 DEBUG o.h.SQL [SqlStatementLogger.java:133] select s1_0.id,s1_0.answers,s1_0.candidate_id,s1_0.endtime,s1_0.generated_token,s1_0.pdffilename,s1_0.points,s1_0.starttime,s1_0.survey_id from surveyreplies s1_0
Hibernate: select s1_0.id,s1_0.answers,s1_0.candidate_id,s1_0.endtime,s1_0.generated_token,s1_0.pdffilename,s1_0.points,s1_0.starttime,s1_0.survey_id from surveyreplies s1_0
2023-11-24 12:36:48,753 TRACE o.h.r.j.i.ResourceRegistryStandardImpl [ResourceRegistryStandardImpl.java:82] Registering statement [HikariProxyPreparedStatement@1604746233 wrapping com.mysql.cj.jdbc.ClientPreparedStatement: select s1_0.id,s1_0.answers,s1_0.candidate_id,s1_0.endtime,s1_0.generated_token,s1_0.pdffilename,s1_0.points,s1_0.starttime,s1_0.survey_id from surveyreplies s1_0]
2023-11-24 12:36:48,753 TRACE o.h.e.j.i.JdbcCoordinatorImpl [JdbcCoordinatorImpl.java:322] Registering last query statement [HikariProxyPreparedStatement@1604746233 wrapping com.mysql.cj.jdbc.ClientPreparedStatement: select s1_0.id,s1_0.answers,s1_0.candidate_id,s1_0.endtime,s1_0.generated_token,s1_0.pdffilename,s1_0.points,s1_0.starttime,s1_0.survey_id from surveyreplies s1_0]
2023-11-24 12:36:48,753 TRACE o.h.r.j.i.ResourceRegistryStandardImpl [ResourceRegistryStandardImpl.java:221] Registering result set [HikariProxyResultSet@1885551409 wrapping com.mysql.cj.jdbc.result.ResultSetImpl@578143e2]
2023-11-24 12:36:48,754 TRACE o.h.r.j.i.AbstractLogicalConnectionImplementor [AbstractLogicalConnectionImplementor.java:48] LogicalConnection#afterStatement
2023-11-24 12:36:48,754 TRACE o.h.r.j.i.ResourceRegistryStandardImpl [ResourceRegistryStandardImpl.java:117] Releasing result set [HikariProxyResultSet@1885551409 wrapping com.mysql.cj.jdbc.result.ResultSetImpl@578143e2]
2023-11-24 12:36:48,754 TRACE o.h.r.j.i.ResourceRegistryStandardImpl [ResourceRegistryStandardImpl.java:169] Closing result set [HikariProxyResultSet@1885551409 wrapping com.mysql.cj.jdbc.result.ResultSetImpl@578143e2]
2023-11-24 12:36:48,754 TRACE o.h.r.j.i.ResourceRegistryStandardImpl [ResourceRegistryStandardImpl.java:96] Releasing statement [HikariProxyPreparedStatement@1604746233 wrapping com.mysql.cj.jdbc.ClientPreparedStatement: select s1_0.id,s1_0.answers,s1_0.candidate_id,s1_0.endtime,s1_0.generated_token,s1_0.pdffilename,s1_0.points,s1_0.starttime,s1_0.survey_id from surveyreplies s1_0]
2023-11-24 12:36:48,754 TRACE o.h.r.j.i.ResourceRegistryStandardImpl [ResourceRegistryStandardImpl.java:187] Closing prepared statement [HikariProxyPreparedStatement@1604746233 wrapping com.mysql.cj.jdbc.ClientPreparedStatement: select s1_0.id,s1_0.answers,s1_0.candidate_id,s1_0.endtime,s1_0.generated_token,s1_0.pdffilename,s1_0.points,s1_0.starttime,s1_0.survey_id from surveyreplies s1_0]
2023-11-24 12:36:48,754 TRACE o.h.e.i.StatefulPersistenceContext [StatefulPersistenceContext.java:976] Initializing non-lazy collections
2023-11-24 12:36:48,754 DEBUG o.h.e.t.i.TransactionImpl [TransactionImpl.java:98] committing
2023-11-24 12:36:48,754 TRACE o.h.r.t.b.j.i.JdbcResourceLocalTransactionCoordinatorImpl [JdbcResourceLocalTransactionCoordinatorImpl.java:167] ResourceLocalTransactionCoordinatorImpl#beforeCompletionCallback
2023-11-24 12:36:48,754 TRACE o.h.i.SessionImpl [SessionImpl.java:1965] SessionImpl#beforeTransactionCompletion()
2023-11-24 12:36:48,754 TRACE o.h.i.SessionImpl [SessionImpl.java:484] Automatically flushing session
2023-11-24 12:36:48,755 TRACE o.h.r.j.i.AbstractLogicalConnectionImplementor [AbstractLogicalConnectionImplementor.java:53] LogicalConnection#beforeTransactionCompletion
2023-11-24 12:36:48,755 TRACE o.h.r.t.i.SynchronizationRegistryStandardImpl [SynchronizationRegistryStandardImpl.java:55] SynchronizationRegistryStandardImpl.notifySynchronizationsBeforeTransactionCompletion
2023-11-24 12:36:48,755 TRACE o.h.r.j.i.AbstractLogicalConnectionImplementor [AbstractLogicalConnectionImplementor.java:85] Preparing to commit transaction via JDBC Connection.commit()
2023-11-24 12:36:48,755 TRACE o.h.r.j.i.AbstractLogicalConnectionImplementor [AbstractLogicalConnectionImplementor.java:88] Transaction committed via JDBC Connection.commit()
2023-11-24 12:36:48,755 TRACE o.h.r.j.i.AbstractLogicalConnectionImplementor [AbstractLogicalConnectionImplementor.java:105] re-enabling auto-commit on JDBC Connection after completion of JDBC-based transaction
2023-11-24 12:36:48,755 TRACE o.h.r.j.i.AbstractLogicalConnectionImplementor [AbstractLogicalConnectionImplementor.java:58] LogicalConnection#afterTransaction
2023-11-24 12:36:48,755 TRACE o.h.r.j.i.ResourceRegistryStandardImpl [ResourceRegistryStandardImpl.java:329] Releasing JDBC resources
2023-11-24 12:36:48,755 TRACE o.h.r.t.b.j.i.JdbcResourceLocalTransactionCoordinatorImpl [JdbcResourceLocalTransactionCoordinatorImpl.java:185] ResourceLocalTransactionCoordinatorImpl#afterCompletionCallback(true)
2023-11-24 12:36:48,755 TRACE o.h.r.t.i.SynchronizationRegistryStandardImpl [DelegatingBasicLogger.java:158] SynchronizationRegistryStandardImpl.notifySynchronizationsAfterTransactionCompletion(3)
2023-11-24 12:36:48,755 TRACE o.h.i.SessionImpl [SessionImpl.java:1980] SessionImpl#afterTransactionCompletion(successful=true, delayed=false)
2023-11-24 12:36:48,756 TRACE o.h.i.SessionImpl [SessionImpl.java:402] Closing session [8887d5bf-a761-43b3-80eb-70a247234884]
2023-11-24 12:36:48,756 TRACE o.h.e.j.i.JdbcCoordinatorImpl [JdbcCoordinatorImpl.java:152] Closing JDBC container [org.hibernate.engine.jdbc.internal.JdbcCoordinatorImpl@17113a7b]
2023-11-24 12:36:48,756 TRACE o.h.r.j.i.ResourceRegistryStandardImpl [ResourceRegistryStandardImpl.java:329] Releasing JDBC resources
2023-11-24 12:36:48,756 TRACE o.h.r.j.i.LogicalConnectionManagedImpl [LogicalConnectionManagedImpl.java:256] Closing logical connection
2023-11-24 12:36:48,756 TRACE o.h.r.j.i.ResourceRegistryStandardImpl [ResourceRegistryStandardImpl.java:329] Releasing JDBC resources
2023-11-24 12:36:48,756 TRACE o.h.r.j.i.LogicalConnectionManagedImpl [LogicalConnectionManagedImpl.java:263] Logical connection closed
2023-11-24 12:36:48,756 INFO f.m.h.d.c.s.CandidateService [CandidateService.java:78] deleteAll - START
2023-11-24 12:36:48,756 TRACE o.h.i.SessionFactoryImpl$SessionBuilderImpl [SessionFactoryImpl.java:1298] Opening Hibernate Session.  tenant=null
2023-11-24 12:36:48,757 TRACE o.h.i.SessionImpl [SessionImpl.java:262] Opened Session [4de0e44f-3cfe-4136-9b0d-ee217c7fa37c] at timestamp: 1700825808757
2023-11-24 12:36:48,757 DEBUG o.h.e.t.i.TransactionImpl [TransactionImpl.java:53] On TransactionImpl creation, JpaCompliance#isJpaTransactionComplianceEnabled == false
2023-11-24 12:36:48,757 DEBUG o.h.e.t.i.TransactionImpl [TransactionImpl.java:81] begin
2023-11-24 12:36:48,757 TRACE o.h.r.j.i.AbstractLogicalConnectionImplementor [AbstractLogicalConnectionImplementor.java:71] Preparing to begin transaction via JDBC Connection.setAutoCommit(false)
2023-11-24 12:36:48,757 TRACE o.h.r.j.i.AbstractLogicalConnectionImplementor [AbstractLogicalConnectionImplementor.java:73] Transaction begun via JDBC Connection.setAutoCommit(false)
2023-11-24 12:36:48,757 TRACE o.h.r.t.b.j.i.JdbcResourceLocalTransactionCoordinatorImpl [JdbcResourceLocalTransactionCoordinatorImpl.java:163] ResourceLocalTransactionCoordinatorImpl#afterBeginCallback
2023-11-24 12:36:48,758 TRACE o.h.q.s.s.BaseSqmToSqlAstConverter [BaseSqmToSqlAstConverter.java:2577] Resolving SqmRoot [franco.maurizio.hr.desk.com.persistence.entity.Candidate] to TableGroup
2023-11-24 12:36:48,758 TRACE o.h.q.s.s.BaseSqmToSqlAstConverter [BaseSqmToSqlAstConverter.java:2744] Resolving SqmRoot [franco.maurizio.hr.desk.com.persistence.entity.Candidate] to TableGroup
2023-11-24 12:36:48,758 DEBUG o.h.o.s.a.create [SqlAliasBaseImpl.java:33] Created new SQL alias : c1_0
2023-11-24 12:36:48,758 TRACE o.h.q.s.s.BaseSqmToSqlAstConverter [BaseSqmToSqlAstConverter.java:2811] Resolved SqmRoot [franco.maurizio.hr.desk.com.persistence.entity.Candidate] to new TableGroup [StandardTableGroup(franco.maurizio.hr.desk.com.persistence.entity.Candidate(961692721436173))]
2023-11-24 12:36:48,759 DEBUG o.h.o.s.a.create [SimpleFromClauseAccessImpl.java:98] Registration of TableGroup [StandardTableGroup(franco.maurizio.hr.desk.com.persistence.entity.Candidate(961692721436173))] with identifierForTableGroup [franco.maurizio.hr.desk.com.persistence.entity.Candidate] for NavigablePath [franco.maurizio.hr.desk.com.persistence.entity.Candidate] 
2023-11-24 12:36:48,759 TRACE o.h.q.s.s.BaseSqmToSqlAstConverter [BaseSqmToSqlAstConverter.java:3179] Visiting explicit joins for `franco.maurizio.hr.desk.com.persistence.entity.Candidate(961692721436173)`
2023-11-24 12:36:48,759 TRACE o.h.q.s.s.BaseSqmToSqlAstConverter [BaseSqmToSqlAstConverter.java:3820] SqmRoot [franco.maurizio.hr.desk.com.persistence.entity.Candidate] resolved to existing TableGroup [StandardTableGroup(franco.maurizio.hr.desk.com.persistence.entity.Candidate(961692721436173))]
2023-11-24 12:36:48,760 DEBUG o.h.o.r.g.AST [DomainResultGraphPrinter.java:67] DomainResult Graph:
 \-EntityResultImpl [franco.maurizio.hr.desk.com.persistence.entity.Candidate(961692721436173)]
 |  +-BasicFetch [franco.maurizio.hr.desk.com.persistence.entity.Candidate(961692721436173).candidacyDateTime]
 |  +-BasicFetch [franco.maurizio.hr.desk.com.persistence.entity.Candidate(961692721436173).candidateStateCode]
 |  +-BasicFetch [franco.maurizio.hr.desk.com.persistence.entity.Candidate(961692721436173).courseCode]
 |  +-BasicFetch [franco.maurizio.hr.desk.com.persistence.entity.Candidate(961692721436173).cvExternalPath]
 |  +-BasicFetch [franco.maurizio.hr.desk.com.persistence.entity.Candidate(961692721436173).dateOfBirth]
 |  +-BasicFetch [franco.maurizio.hr.desk.com.persistence.entity.Candidate(961692721436173).domicileCity]
 |  +-BasicFetch [franco.maurizio.hr.desk.com.persistence.entity.Candidate(961692721436173).email]
 |  +-BasicFetch [franco.maurizio.hr.desk.com.persistence.entity.Candidate(961692721436173).firstname]
 |  +-BasicFetch [franco.maurizio.hr.desk.com.persistence.entity.Candidate(961692721436173).graduate]
 |  +-BasicFetch [franco.maurizio.hr.desk.com.persistence.entity.Candidate(961692721436173).highGraduate]
 |  +-BasicFetch [franco.maurizio.hr.desk.com.persistence.entity.Candidate(961692721436173).hrNote]
 |  +-BasicFetch [franco.maurizio.hr.desk.com.persistence.entity.Candidate(961692721436173).imgpath]
 |  +-BasicFetch [franco.maurizio.hr.desk.com.persistence.entity.Candidate(961692721436173).insertedBy]
 |  +-BasicFetch [franco.maurizio.hr.desk.com.persistence.entity.Candidate(961692721436173).label]
 |  +-BasicFetch [franco.maurizio.hr.desk.com.persistence.entity.Candidate(961692721436173).lastname]
 |  +-BasicFetch [franco.maurizio.hr.desk.com.persistence.entity.Candidate(961692721436173).mobile]
 |  +-BasicFetch [franco.maurizio.hr.desk.com.persistence.entity.Candidate(961692721436173).regdate]
 |  +-BasicFetch [franco.maurizio.hr.desk.com.persistence.entity.Candidate(961692721436173).stillHighStudy]
 |  +-BasicFetch [franco.maurizio.hr.desk.com.persistence.entity.Candidate(961692721436173).studyQualification]
 |  \-BasicFetch [franco.maurizio.hr.desk.com.persistence.entity.Candidate(961692721436173).technicalNote]

2023-11-24 12:36:48,760 TRACE o.h.o.r.g.AST [DomainResultGraphPrinter.java:70] Stack trace calling DomainResultGraphPrinter
java.lang.Exception: null
	at org.hibernate.sql.results.graph.DomainResultGraphPrinter.visitDomainResults(DomainResultGraphPrinter.java:70)
	at org.hibernate.sql.results.graph.DomainResultGraphPrinter.logDomainResultGraph(DomainResultGraphPrinter.java:46)
	at org.hibernate.sql.results.graph.DomainResultGraphPrinter.logDomainResultGraph(DomainResultGraphPrinter.java:37)
	at org.hibernate.sql.ast.spi.AbstractSqlAstTranslator.translateSelect(AbstractSqlAstTranslator.java:848)
	at org.hibernate.sql.ast.spi.AbstractSqlAstTranslator.translate(AbstractSqlAstTranslator.java:801)
	at org.hibernate.query.sqm.internal.ConcreteSqmSelectQueryPlan.buildCacheableSqmInterpretation(ConcreteSqmSelectQueryPlan.java:372)
	at org.hibernate.query.sqm.internal.ConcreteSqmSelectQueryPlan.withCacheableSqmInterpretation(ConcreteSqmSelectQueryPlan.java:268)
	at org.hibernate.query.sqm.internal.ConcreteSqmSelectQueryPlan.performList(ConcreteSqmSelectQueryPlan.java:244)
	at org.hibernate.query.sqm.internal.QuerySqmImpl.doList(QuerySqmImpl.java:518)
	at org.hibernate.query.spi.AbstractSelectionQuery.list(AbstractSelectionQuery.java:367)
	at org.hibernate.query.Query.getResultList(Query.java:119)
	at org.springframework.data.jpa.repository.support.SimpleJpaRepository.findAll(SimpleJpaRepository.java:383)
	at org.springframework.data.jpa.repository.support.SimpleJpaRepository.deleteAll(SimpleJpaRepository.java:283)
	at java.base/jdk.internal.reflect.NativeMethodAccessorImpl.invoke0(Native Method)
	at java.base/jdk.internal.reflect.NativeMethodAccessorImpl.invoke(NativeMethodAccessorImpl.java:77)
	at java.base/jdk.internal.reflect.DelegatingMethodAccessorImpl.invoke(DelegatingMethodAccessorImpl.java:43)
	at java.base/java.lang.reflect.Method.invoke(Method.java:568)
	at org.springframework.data.repository.core.support.RepositoryMethodInvoker$RepositoryFragmentMethodInvoker.lambda$new$0(RepositoryMethodInvoker.java:288)
	at org.springframework.data.repository.core.support.RepositoryMethodInvoker.doInvoke(RepositoryMethodInvoker.java:136)
	at org.springframework.data.repository.core.support.RepositoryMethodInvoker.invoke(RepositoryMethodInvoker.java:120)
	at org.springframework.data.repository.core.support.RepositoryComposition$RepositoryFragments.invoke(RepositoryComposition.java:516)
	at org.springframework.data.repository.core.support.RepositoryComposition.invoke(RepositoryComposition.java:285)
	at org.springframework.data.repository.core.support.RepositoryFactorySupport$ImplementationMethodExecutionInterceptor.invoke(RepositoryFactorySupport.java:628)
	at org.springframework.aop.framework.ReflectiveMethodInvocation.proceed(ReflectiveMethodInvocation.java:184)
	at org.springframework.data.repository.core.support.QueryExecutorMethodInterceptor.doInvoke(QueryExecutorMethodInterceptor.java:168)
	at org.springframework.data.repository.core.support.QueryExecutorMethodInterceptor.invoke(QueryExecutorMethodInterceptor.java:143)
	at org.springframework.aop.framework.ReflectiveMethodInvocation.proceed(ReflectiveMethodInvocation.java:184)
	at org.springframework.data.projection.DefaultMethodInvokingMethodInterceptor.invoke(DefaultMethodInvokingMethodInterceptor.java:72)
	at org.springframework.aop.framework.ReflectiveMethodInvocation.proceed(ReflectiveMethodInvocation.java:184)
	at org.springframework.transaction.interceptor.TransactionInterceptor$1.proceedWithInvocation(TransactionInterceptor.java:123)
	at org.springframework.transaction.interceptor.TransactionAspectSupport.invokeWithinTransaction(TransactionAspectSupport.java:391)
	at org.springframework.transaction.interceptor.TransactionInterceptor.invoke(TransactionInterceptor.java:119)
	at org.springframework.aop.framework.ReflectiveMethodInvocation.proceed(ReflectiveMethodInvocation.java:184)
	at org.springframework.dao.support.PersistenceExceptionTranslationInterceptor.invoke(PersistenceExceptionTranslationInterceptor.java:137)
	at org.springframework.aop.framework.ReflectiveMethodInvocation.proceed(ReflectiveMethodInvocation.java:184)
	at org.springframework.data.jpa.repository.support.CrudMethodMetadataPostProcessor$CrudMethodMetadataPopulatingMethodInterceptor.invoke(CrudMethodMetadataPostProcessor.java:164)
	at org.springframework.aop.framework.ReflectiveMethodInvocation.proceed(ReflectiveMethodInvocation.java:184)
	at org.springframework.aop.interceptor.ExposeInvocationInterceptor.invoke(ExposeInvocationInterceptor.java:97)
	at org.springframework.aop.framework.ReflectiveMethodInvocation.proceed(ReflectiveMethodInvocation.java:184)
	at org.springframework.aop.framework.JdkDynamicAopProxy.invoke(JdkDynamicAopProxy.java:244)
	at jdk.proxy2/jdk.proxy2.$Proxy199.deleteAll(Unknown Source)
	at franco.maurizio.hr.desk.com.service.CandidateService.deleteAll(CandidateService.java:79)
	at franco.maurizio.hr.desk.com.integration.controller.CandidateCustomControllerIntegrationTests.initializeRelatedTables(CandidateCustomControllerIntegrationTests.java:75)
	at java.base/jdk.internal.reflect.NativeMethodAccessorImpl.invoke0(Native Method)
	at java.base/jdk.internal.reflect.NativeMethodAccessorImpl.invoke(NativeMethodAccessorImpl.java:77)
	at java.base/jdk.internal.reflect.DelegatingMethodAccessorImpl.invoke(DelegatingMethodAccessorImpl.java:43)
	at java.base/java.lang.reflect.Method.invoke(Method.java:568)
	at org.junit.platform.commons.util.ReflectionUtils.invokeMethod(ReflectionUtils.java:727)
	at org.junit.jupiter.engine.execution.MethodInvocation.proceed(MethodInvocation.java:60)
	at org.junit.jupiter.engine.execution.InvocationInterceptorChain$ValidatingInvocation.proceed(InvocationInterceptorChain.java:131)
	at org.junit.jupiter.engine.extension.TimeoutExtension.intercept(TimeoutExtension.java:156)
	at org.junit.jupiter.engine.extension.TimeoutExtension.interceptLifecycleMethod(TimeoutExtension.java:128)
	at org.junit.jupiter.engine.extension.TimeoutExtension.interceptBeforeEachMethod(TimeoutExtension.java:78)
	at org.junit.jupiter.engine.execution.InterceptingExecutableInvoker$ReflectiveInterceptorCall.lambda$ofVoidMethod$0(InterceptingExecutableInvoker.java:103)
	at org.junit.jupiter.engine.execution.InterceptingExecutableInvoker.lambda$invoke$0(InterceptingExecutableInvoker.java:93)
	at org.junit.jupiter.engine.execution.InvocationInterceptorChain$InterceptedInvocation.proceed(InvocationInterceptorChain.java:106)
	at org.junit.jupiter.engine.execution.InvocationInterceptorChain.proceed(InvocationInterceptorChain.java:64)
	at org.junit.jupiter.engine.execution.InvocationInterceptorChain.chainAndInvoke(InvocationInterceptorChain.java:45)
	at org.junit.jupiter.engine.execution.InvocationInterceptorChain.invoke(InvocationInterceptorChain.java:37)
	at org.junit.jupiter.engine.execution.InterceptingExecutableInvoker.invoke(InterceptingExecutableInvoker.java:92)
	at org.junit.jupiter.engine.execution.InterceptingExecutableInvoker.invoke(InterceptingExecutableInvoker.java:86)
	at org.junit.jupiter.engine.descriptor.ClassBasedTestDescriptor.invokeMethodInExtensionContext(ClassBasedTestDescriptor.java:520)
	at org.junit.jupiter.engine.descriptor.ClassBasedTestDescriptor.lambda$synthesizeBeforeEachMethodAdapter$23(ClassBasedTestDescriptor.java:505)
	at org.junit.jupiter.engine.descriptor.TestMethodTestDescriptor.lambda$invokeBeforeEachMethods$3(TestMethodTestDescriptor.java:174)
	at org.junit.jupiter.engine.descriptor.TestMethodTestDescriptor.lambda$invokeBeforeMethodsOrCallbacksUntilExceptionOccurs$6(TestMethodTestDescriptor.java:202)
	at org.junit.platform.engine.support.hierarchical.ThrowableCollector.execute(ThrowableCollector.java:73)
	at org.junit.jupiter.engine.descriptor.TestMethodTestDescriptor.invokeBeforeMethodsOrCallbacksUntilExceptionOccurs(TestMethodTestDescriptor.java:202)
	at org.junit.jupiter.engine.descriptor.TestMethodTestDescriptor.invokeBeforeEachMethods(TestMethodTestDescriptor.java:171)
	at org.junit.jupiter.engine.descriptor.TestMethodTestDescriptor.execute(TestMethodTestDescriptor.java:134)
	at org.junit.jupiter.engine.descriptor.TestMethodTestDescriptor.execute(TestMethodTestDescriptor.java:68)
	at org.junit.platform.engine.support.hierarchical.NodeTestTask.lambda$executeRecursively$6(NodeTestTask.java:151)
	at org.junit.platform.engine.support.hierarchical.ThrowableCollector.execute(ThrowableCollector.java:73)
	at org.junit.platform.engine.support.hierarchical.NodeTestTask.lambda$executeRecursively$8(NodeTestTask.java:141)
	at org.junit.platform.engine.support.hierarchical.Node.around(Node.java:137)
	at org.junit.platform.engine.support.hierarchical.NodeTestTask.lambda$executeRecursively$9(NodeTestTask.java:139)
	at org.junit.platform.engine.support.hierarchical.ThrowableCollector.execute(ThrowableCollector.java:73)
	at org.junit.platform.engine.support.hierarchical.NodeTestTask.executeRecursively(NodeTestTask.java:138)
	at org.junit.platform.engine.support.hierarchical.NodeTestTask.execute(NodeTestTask.java:95)
	at java.base/java.util.ArrayList.forEach(ArrayList.java:1511)
	at org.junit.platform.engine.support.hierarchical.SameThreadHierarchicalTestExecutorService.invokeAll(SameThreadHierarchicalTestExecutorService.java:41)
	at org.junit.platform.engine.support.hierarchical.NodeTestTask.lambda$executeRecursively$6(NodeTestTask.java:155)
	at org.junit.platform.engine.support.hierarchical.ThrowableCollector.execute(ThrowableCollector.java:73)
	at org.junit.platform.engine.support.hierarchical.NodeTestTask.lambda$executeRecursively$8(NodeTestTask.java:141)
	at org.junit.platform.engine.support.hierarchical.Node.around(Node.java:137)
	at org.junit.platform.engine.support.hierarchical.NodeTestTask.lambda$executeRecursively$9(NodeTestTask.java:139)
	at org.junit.platform.engine.support.hierarchical.ThrowableCollector.execute(ThrowableCollector.java:73)
	at org.junit.platform.engine.support.hierarchical.NodeTestTask.executeRecursively(NodeTestTask.java:138)
	at org.junit.platform.engine.support.hierarchical.NodeTestTask.execute(NodeTestTask.java:95)
	at java.base/java.util.ArrayList.forEach(ArrayList.java:1511)
	at org.junit.platform.engine.support.hierarchical.SameThreadHierarchicalTestExecutorService.invokeAll(SameThreadHierarchicalTestExecutorService.java:41)
	at org.junit.platform.engine.support.hierarchical.NodeTestTask.lambda$executeRecursively$6(NodeTestTask.java:155)
	at org.junit.platform.engine.support.hierarchical.ThrowableCollector.execute(ThrowableCollector.java:73)
	at org.junit.platform.engine.support.hierarchical.NodeTestTask.lambda$executeRecursively$8(NodeTestTask.java:141)
	at org.junit.platform.engine.support.hierarchical.Node.around(Node.java:137)
	at org.junit.platform.engine.support.hierarchical.NodeTestTask.lambda$executeRecursively$9(NodeTestTask.java:139)
	at org.junit.platform.engine.support.hierarchical.ThrowableCollector.execute(ThrowableCollector.java:73)
	at org.junit.platform.engine.support.hierarchical.NodeTestTask.executeRecursively(NodeTestTask.java:138)
	at org.junit.platform.engine.support.hierarchical.NodeTestTask.execute(NodeTestTask.java:95)
	at org.junit.platform.engine.support.hierarchical.SameThreadHierarchicalTestExecutorService.submit(SameThreadHierarchicalTestExecutorService.java:35)
	at org.junit.platform.engine.support.hierarchical.HierarchicalTestExecutor.execute(HierarchicalTestExecutor.java:57)
	at org.junit.platform.engine.support.hierarchical.HierarchicalTestEngine.execute(HierarchicalTestEngine.java:54)
	at org.junit.platform.launcher.core.EngineExecutionOrchestrator.execute(EngineExecutionOrchestrator.java:147)
	at org.junit.platform.launcher.core.EngineExecutionOrchestrator.execute(EngineExecutionOrchestrator.java:127)
	at org.junit.platform.launcher.core.EngineExecutionOrchestrator.execute(EngineExecutionOrchestrator.java:90)
	at org.junit.platform.launcher.core.EngineExecutionOrchestrator.lambda$execute$0(EngineExecutionOrchestrator.java:55)
	at org.junit.platform.launcher.core.EngineExecutionOrchestrator.withInterceptedStreams(EngineExecutionOrchestrator.java:102)
	at org.junit.platform.launcher.core.EngineExecutionOrchestrator.execute(EngineExecutionOrchestrator.java:54)
	at org.junit.platform.launcher.core.DefaultLauncher.execute(DefaultLauncher.java:114)
	at org.junit.platform.launcher.core.DefaultLauncher.execute(DefaultLauncher.java:86)
	at org.junit.platform.launcher.core.DefaultLauncherSession$DelegatingLauncher.execute(DefaultLauncherSession.java:86)
	at org.apache.maven.surefire.junitplatform.LazyLauncher.execute(LazyLauncher.java:50)
	at org.apache.maven.surefire.junitplatform.JUnitPlatformProvider.execute(JUnitPlatformProvider.java:184)
	at org.apache.maven.surefire.junitplatform.JUnitPlatformProvider.invokeAllTests(JUnitPlatformProvider.java:148)
	at org.apache.maven.surefire.junitplatform.JUnitPlatformProvider.invoke(JUnitPlatformProvider.java:122)
	at org.apache.maven.surefire.booter.ForkedBooter.runSuitesInProcess(ForkedBooter.java:385)
	at org.apache.maven.surefire.booter.ForkedBooter.execute(ForkedBooter.java:162)
	at org.apache.maven.surefire.booter.ForkedBooter.run(ForkedBooter.java:507)
	at org.apache.maven.surefire.booter.ForkedBooter.main(ForkedBooter.java:495)
2023-11-24 12:36:48,760 DEBUG o.h.o.s.a.tree [SqlTreePrinter.java:46] SQL AST Tree:
    SelectStatement {
      FromClause {
        StandardTableGroup (c1 : franco.maurizio.hr.desk.com.persistence.entity.Candidate(961692721436173)) {
          primaryTableReference : candidates as c1_0
        }
      }
    }

2023-11-24 12:36:48,761 DEBUG o.h.o.s.exec [JdbcSelectExecutorStandardImpl.java:455] Skipping reading Query result cache data: cache-enabled = false, cache-mode = NORMAL
2023-11-24 12:36:48,761 TRACE o.h.o.results [ResultsHelper.java:117] Registering initializer : EntityResultInitializer(franco.maurizio.hr.desk.com.persistence.entity.Candidate(961692721436173))
2023-11-24 12:36:48,761 DEBUG o.h.o.results [NavigablePathMapToInitializer.java:76] Initializer list:
	  franco.maurizio.hr.desk.com.persistence.entity.Candidate(961692721436173) -> EntityResultInitializer(franco.maurizio.hr.desk.com.persistence.entity.Candidate(961692721436173))@1572141682 (SingleTableEntityPersister(franco.maurizio.hr.desk.com.persistence.entity.Candidate))

2023-11-24 12:36:48,761 TRACE o.h.s.r.j.i.DeferredResultSetAccess [DeferredResultSetAccess.java:224] Executing query to retrieve ResultSet : select c1_0.id,c1_0.candidacy_date_time,c1_0.candidate_state_code,c1_0.course_code,c1_0.cv_external_path,c1_0.dateofbirth,c1_0.domicile_city,c1_0.email,c1_0.firstname,c1_0.graduate,c1_0.high_graduate,c1_0.hr_note,c1_0.imgpath,c1_0.inserted_by,c1_0.label,c1_0.lastname,c1_0.mobile,c1_0.regdate,c1_0.still_high_study,c1_0.study_qualification,c1_0.technical_note from candidates c1_0
2023-11-24 12:36:48,762 DEBUG o.h.SQL [SqlStatementLogger.java:133] select c1_0.id,c1_0.candidacy_date_time,c1_0.candidate_state_code,c1_0.course_code,c1_0.cv_external_path,c1_0.dateofbirth,c1_0.domicile_city,c1_0.email,c1_0.firstname,c1_0.graduate,c1_0.high_graduate,c1_0.hr_note,c1_0.imgpath,c1_0.inserted_by,c1_0.label,c1_0.lastname,c1_0.mobile,c1_0.regdate,c1_0.still_high_study,c1_0.study_qualification,c1_0.technical_note from candidates c1_0
Hibernate: select c1_0.id,c1_0.candidacy_date_time,c1_0.candidate_state_code,c1_0.course_code,c1_0.cv_external_path,c1_0.dateofbirth,c1_0.domicile_city,c1_0.email,c1_0.firstname,c1_0.graduate,c1_0.high_graduate,c1_0.hr_note,c1_0.imgpath,c1_0.inserted_by,c1_0.label,c1_0.lastname,c1_0.mobile,c1_0.regdate,c1_0.still_high_study,c1_0.study_qualification,c1_0.technical_note from candidates c1_0
2023-11-24 12:36:48,762 TRACE o.h.r.j.i.ResourceRegistryStandardImpl [ResourceRegistryStandardImpl.java:82] Registering statement [HikariProxyPreparedStatement@71763358 wrapping com.mysql.cj.jdbc.ClientPreparedStatement: select c1_0.id,c1_0.candidacy_date_time,c1_0.candidate_state_code,c1_0.course_code,c1_0.cv_external_path,c1_0.dateofbirth,c1_0.domicile_city,c1_0.email,c1_0.firstname,c1_0.graduate,c1_0.high_graduate,c1_0.hr_note,c1_0.imgpath,c1_0.inserted_by,c1_0.label,c1_0.lastname,c1_0.mobile,c1_0.regdate,c1_0.still_high_study,c1_0.study_qualification,c1_0.technical_note from candidates c1_0]
2023-11-24 12:36:48,762 TRACE o.h.e.j.i.JdbcCoordinatorImpl [JdbcCoordinatorImpl.java:322] Registering last query statement [HikariProxyPreparedStatement@71763358 wrapping com.mysql.cj.jdbc.ClientPreparedStatement: select c1_0.id,c1_0.candidacy_date_time,c1_0.candidate_state_code,c1_0.course_code,c1_0.cv_external_path,c1_0.dateofbirth,c1_0.domicile_city,c1_0.email,c1_0.firstname,c1_0.graduate,c1_0.high_graduate,c1_0.hr_note,c1_0.imgpath,c1_0.inserted_by,c1_0.label,c1_0.lastname,c1_0.mobile,c1_0.regdate,c1_0.still_high_study,c1_0.study_qualification,c1_0.technical_note from candidates c1_0]
2023-11-24 12:36:48,763 TRACE o.h.r.j.i.ResourceRegistryStandardImpl [ResourceRegistryStandardImpl.java:221] Registering result set [HikariProxyResultSet@1188769198 wrapping com.mysql.cj.jdbc.result.ResultSetImpl@70606ade]
2023-11-24 12:36:48,763 TRACE o.h.r.j.i.AbstractLogicalConnectionImplementor [AbstractLogicalConnectionImplementor.java:48] LogicalConnection#afterStatement
2023-11-24 12:36:48,763 TRACE o.h.r.j.i.ResourceRegistryStandardImpl [ResourceRegistryStandardImpl.java:117] Releasing result set [HikariProxyResultSet@1188769198 wrapping com.mysql.cj.jdbc.result.ResultSetImpl@70606ade]
2023-11-24 12:36:48,763 TRACE o.h.r.j.i.ResourceRegistryStandardImpl [ResourceRegistryStandardImpl.java:169] Closing result set [HikariProxyResultSet@1188769198 wrapping com.mysql.cj.jdbc.result.ResultSetImpl@70606ade]
2023-11-24 12:36:48,763 TRACE o.h.r.j.i.ResourceRegistryStandardImpl [ResourceRegistryStandardImpl.java:96] Releasing statement [HikariProxyPreparedStatement@71763358 wrapping com.mysql.cj.jdbc.ClientPreparedStatement: select c1_0.id,c1_0.candidacy_date_time,c1_0.candidate_state_code,c1_0.course_code,c1_0.cv_external_path,c1_0.dateofbirth,c1_0.domicile_city,c1_0.email,c1_0.firstname,c1_0.graduate,c1_0.high_graduate,c1_0.hr_note,c1_0.imgpath,c1_0.inserted_by,c1_0.label,c1_0.lastname,c1_0.mobile,c1_0.regdate,c1_0.still_high_study,c1_0.study_qualification,c1_0.technical_note from candidates c1_0]
2023-11-24 12:36:48,764 TRACE o.h.r.j.i.ResourceRegistryStandardImpl [ResourceRegistryStandardImpl.java:187] Closing prepared statement [HikariProxyPreparedStatement@71763358 wrapping com.mysql.cj.jdbc.ClientPreparedStatement: select c1_0.id,c1_0.candidacy_date_time,c1_0.candidate_state_code,c1_0.course_code,c1_0.cv_external_path,c1_0.dateofbirth,c1_0.domicile_city,c1_0.email,c1_0.firstname,c1_0.graduate,c1_0.high_graduate,c1_0.hr_note,c1_0.imgpath,c1_0.inserted_by,c1_0.label,c1_0.lastname,c1_0.mobile,c1_0.regdate,c1_0.still_high_study,c1_0.study_qualification,c1_0.technical_note from candidates c1_0]
2023-11-24 12:36:48,764 TRACE o.h.e.i.StatefulPersistenceContext [StatefulPersistenceContext.java:976] Initializing non-lazy collections
2023-11-24 12:36:48,764 DEBUG o.h.e.t.i.TransactionImpl [TransactionImpl.java:98] committing
2023-11-24 12:36:48,764 TRACE o.h.r.t.b.j.i.JdbcResourceLocalTransactionCoordinatorImpl [JdbcResourceLocalTransactionCoordinatorImpl.java:167] ResourceLocalTransactionCoordinatorImpl#beforeCompletionCallback
2023-11-24 12:36:48,764 TRACE o.h.i.SessionImpl [SessionImpl.java:1965] SessionImpl#beforeTransactionCompletion()
2023-11-24 12:36:48,764 TRACE o.h.i.SessionImpl [SessionImpl.java:484] Automatically flushing session
2023-11-24 12:36:48,764 TRACE o.h.r.j.i.AbstractLogicalConnectionImplementor [AbstractLogicalConnectionImplementor.java:53] LogicalConnection#beforeTransactionCompletion
2023-11-24 12:36:48,764 TRACE o.h.r.t.i.SynchronizationRegistryStandardImpl [SynchronizationRegistryStandardImpl.java:55] SynchronizationRegistryStandardImpl.notifySynchronizationsBeforeTransactionCompletion
2023-11-24 12:36:48,764 TRACE o.h.r.j.i.AbstractLogicalConnectionImplementor [AbstractLogicalConnectionImplementor.java:85] Preparing to commit transaction via JDBC Connection.commit()
2023-11-24 12:36:48,765 TRACE o.h.r.j.i.AbstractLogicalConnectionImplementor [AbstractLogicalConnectionImplementor.java:88] Transaction committed via JDBC Connection.commit()
2023-11-24 12:36:48,765 TRACE o.h.r.j.i.AbstractLogicalConnectionImplementor [AbstractLogicalConnectionImplementor.java:105] re-enabling auto-commit on JDBC Connection after completion of JDBC-based transaction
2023-11-24 12:36:48,765 TRACE o.h.r.j.i.AbstractLogicalConnectionImplementor [AbstractLogicalConnectionImplementor.java:58] LogicalConnection#afterTransaction
2023-11-24 12:36:48,765 TRACE o.h.r.j.i.ResourceRegistryStandardImpl [ResourceRegistryStandardImpl.java:329] Releasing JDBC resources
2023-11-24 12:36:48,765 TRACE o.h.r.t.b.j.i.JdbcResourceLocalTransactionCoordinatorImpl [JdbcResourceLocalTransactionCoordinatorImpl.java:185] ResourceLocalTransactionCoordinatorImpl#afterCompletionCallback(true)
2023-11-24 12:36:48,765 TRACE o.h.r.t.i.SynchronizationRegistryStandardImpl [DelegatingBasicLogger.java:158] SynchronizationRegistryStandardImpl.notifySynchronizationsAfterTransactionCompletion(3)
2023-11-24 12:36:48,765 TRACE o.h.i.SessionImpl [SessionImpl.java:1980] SessionImpl#afterTransactionCompletion(successful=true, delayed=false)
2023-11-24 12:36:48,765 TRACE o.h.i.SessionImpl [SessionImpl.java:402] Closing session [4de0e44f-3cfe-4136-9b0d-ee217c7fa37c]
2023-11-24 12:36:48,765 TRACE o.h.e.j.i.JdbcCoordinatorImpl [JdbcCoordinatorImpl.java:152] Closing JDBC container [org.hibernate.engine.jdbc.internal.JdbcCoordinatorImpl@36aaf6ee]
2023-11-24 12:36:48,765 TRACE o.h.r.j.i.ResourceRegistryStandardImpl [ResourceRegistryStandardImpl.java:329] Releasing JDBC resources
2023-11-24 12:36:48,765 TRACE o.h.r.j.i.LogicalConnectionManagedImpl [LogicalConnectionManagedImpl.java:256] Closing logical connection
2023-11-24 12:36:48,766 TRACE o.h.r.j.i.ResourceRegistryStandardImpl [ResourceRegistryStandardImpl.java:329] Releasing JDBC resources
2023-11-24 12:36:48,766 TRACE o.h.r.j.i.LogicalConnectionManagedImpl [LogicalConnectionManagedImpl.java:263] Logical connection closed
2023-11-24 12:36:48,766 DEBUG f.m.h.d.c.s.CandidateStateService [CandidateStateService.java:28] deleteAll - START
2023-11-24 12:36:48,766 TRACE o.h.i.SessionFactoryImpl$SessionBuilderImpl [SessionFactoryImpl.java:1298] Opening Hibernate Session.  tenant=null
2023-11-24 12:36:48,766 TRACE o.h.i.SessionImpl [SessionImpl.java:262] Opened Session [9e35350e-b24f-4f8b-bf8c-c3d820a7ac45] at timestamp: 1700825808766
2023-11-24 12:36:48,766 DEBUG o.h.e.t.i.TransactionImpl [TransactionImpl.java:53] On TransactionImpl creation, JpaCompliance#isJpaTransactionComplianceEnabled == false
2023-11-24 12:36:48,766 DEBUG o.h.e.t.i.TransactionImpl [TransactionImpl.java:81] begin
2023-11-24 12:36:48,766 TRACE o.h.r.j.i.AbstractLogicalConnectionImplementor [AbstractLogicalConnectionImplementor.java:71] Preparing to begin transaction via JDBC Connection.setAutoCommit(false)
2023-11-24 12:36:48,767 TRACE o.h.r.j.i.AbstractLogicalConnectionImplementor [AbstractLogicalConnectionImplementor.java:73] Transaction begun via JDBC Connection.setAutoCommit(false)
2023-11-24 12:36:48,767 TRACE o.h.r.t.b.j.i.JdbcResourceLocalTransactionCoordinatorImpl [JdbcResourceLocalTransactionCoordinatorImpl.java:163] ResourceLocalTransactionCoordinatorImpl#afterBeginCallback
2023-11-24 12:36:48,768 TRACE o.h.q.s.s.BaseSqmToSqlAstConverter [BaseSqmToSqlAstConverter.java:2577] Resolving SqmRoot [franco.maurizio.hr.desk.com.persistence.entity.CandidateStates] to TableGroup
2023-11-24 12:36:48,768 TRACE o.h.q.s.s.BaseSqmToSqlAstConverter [BaseSqmToSqlAstConverter.java:2744] Resolving SqmRoot [franco.maurizio.hr.desk.com.persistence.entity.CandidateStates] to TableGroup
2023-11-24 12:36:48,768 DEBUG o.h.o.s.a.create [SqlAliasBaseImpl.java:33] Created new SQL alias : c1_0
2023-11-24 12:36:48,768 TRACE o.h.q.s.s.BaseSqmToSqlAstConverter [BaseSqmToSqlAstConverter.java:2811] Resolved SqmRoot [franco.maurizio.hr.desk.com.persistence.entity.CandidateStates] to new TableGroup [StandardTableGroup(franco.maurizio.hr.desk.com.persistence.entity.CandidateStates(961692731206721))]
2023-11-24 12:36:48,768 DEBUG o.h.o.s.a.create [SimpleFromClauseAccessImpl.java:98] Registration of TableGroup [StandardTableGroup(franco.maurizio.hr.desk.com.persistence.entity.CandidateStates(961692731206721))] with identifierForTableGroup [franco.maurizio.hr.desk.com.persistence.entity.CandidateStates] for NavigablePath [franco.maurizio.hr.desk.com.persistence.entity.CandidateStates] 
2023-11-24 12:36:48,768 TRACE o.h.q.s.s.BaseSqmToSqlAstConverter [BaseSqmToSqlAstConverter.java:3179] Visiting explicit joins for `franco.maurizio.hr.desk.com.persistence.entity.CandidateStates(961692731206721)`
2023-11-24 12:36:48,768 TRACE o.h.q.s.s.BaseSqmToSqlAstConverter [BaseSqmToSqlAstConverter.java:3820] SqmRoot [franco.maurizio.hr.desk.com.persistence.entity.CandidateStates] resolved to existing TableGroup [StandardTableGroup(franco.maurizio.hr.desk.com.persistence.entity.CandidateStates(961692731206721))]
2023-11-24 12:36:48,769 DEBUG o.h.o.r.g.AST [DomainResultGraphPrinter.java:67] DomainResult Graph:
 \-EntityResultImpl [franco.maurizio.hr.desk.com.persistence.entity.CandidateStates(961692731206721)]
 |  +-BasicFetch [franco.maurizio.hr.desk.com.persistence.entity.CandidateStates(961692731206721).roleId]
 |  +-BasicFetch [franco.maurizio.hr.desk.com.persistence.entity.CandidateStates(961692731206721).statusCode]
 |  +-BasicFetch [franco.maurizio.hr.desk.com.persistence.entity.CandidateStates(961692731206721).statusColor]
 |  +-BasicFetch [franco.maurizio.hr.desk.com.persistence.entity.CandidateStates(961692731206721).statusDescription]
 |  \-BasicFetch [franco.maurizio.hr.desk.com.persistence.entity.CandidateStates(961692731206721).statusLabel]

2023-11-24 12:36:48,769 TRACE o.h.o.r.g.AST [DomainResultGraphPrinter.java:70] Stack trace calling DomainResultGraphPrinter
java.lang.Exception: null
	at org.hibernate.sql.results.graph.DomainResultGraphPrinter.visitDomainResults(DomainResultGraphPrinter.java:70)
	at org.hibernate.sql.results.graph.DomainResultGraphPrinter.logDomainResultGraph(DomainResultGraphPrinter.java:46)
	at org.hibernate.sql.results.graph.DomainResultGraphPrinter.logDomainResultGraph(DomainResultGraphPrinter.java:37)
	at org.hibernate.sql.ast.spi.AbstractSqlAstTranslator.translateSelect(AbstractSqlAstTranslator.java:848)
	at org.hibernate.sql.ast.spi.AbstractSqlAstTranslator.translate(AbstractSqlAstTranslator.java:801)
	at org.hibernate.query.sqm.internal.ConcreteSqmSelectQueryPlan.buildCacheableSqmInterpretation(ConcreteSqmSelectQueryPlan.java:372)
	at org.hibernate.query.sqm.internal.ConcreteSqmSelectQueryPlan.withCacheableSqmInterpretation(ConcreteSqmSelectQueryPlan.java:268)
	at org.hibernate.query.sqm.internal.ConcreteSqmSelectQueryPlan.performList(ConcreteSqmSelectQueryPlan.java:244)
	at org.hibernate.query.sqm.internal.QuerySqmImpl.doList(QuerySqmImpl.java:518)
	at org.hibernate.query.spi.AbstractSelectionQuery.list(AbstractSelectionQuery.java:367)
	at org.hibernate.query.Query.getResultList(Query.java:119)
	at org.springframework.data.jpa.repository.support.SimpleJpaRepository.findAll(SimpleJpaRepository.java:383)
	at org.springframework.data.jpa.repository.support.SimpleJpaRepository.deleteAll(SimpleJpaRepository.java:283)
	at java.base/jdk.internal.reflect.NativeMethodAccessorImpl.invoke0(Native Method)
	at java.base/jdk.internal.reflect.NativeMethodAccessorImpl.invoke(NativeMethodAccessorImpl.java:77)
	at java.base/jdk.internal.reflect.DelegatingMethodAccessorImpl.invoke(DelegatingMethodAccessorImpl.java:43)
	at java.base/java.lang.reflect.Method.invoke(Method.java:568)
	at org.springframework.data.repository.core.support.RepositoryMethodInvoker$RepositoryFragmentMethodInvoker.lambda$new$0(RepositoryMethodInvoker.java:288)
	at org.springframework.data.repository.core.support.RepositoryMethodInvoker.doInvoke(RepositoryMethodInvoker.java:136)
	at org.springframework.data.repository.core.support.RepositoryMethodInvoker.invoke(RepositoryMethodInvoker.java:120)
	at org.springframework.data.repository.core.support.RepositoryComposition$RepositoryFragments.invoke(RepositoryComposition.java:516)
	at org.springframework.data.repository.core.support.RepositoryComposition.invoke(RepositoryComposition.java:285)
	at org.springframework.data.repository.core.support.RepositoryFactorySupport$ImplementationMethodExecutionInterceptor.invoke(RepositoryFactorySupport.java:628)
	at org.springframework.aop.framework.ReflectiveMethodInvocation.proceed(ReflectiveMethodInvocation.java:184)
	at org.springframework.data.repository.core.support.QueryExecutorMethodInterceptor.doInvoke(QueryExecutorMethodInterceptor.java:168)
	at org.springframework.data.repository.core.support.QueryExecutorMethodInterceptor.invoke(QueryExecutorMethodInterceptor.java:143)
	at org.springframework.aop.framework.ReflectiveMethodInvocation.proceed(ReflectiveMethodInvocation.java:184)
	at org.springframework.data.projection.DefaultMethodInvokingMethodInterceptor.invoke(DefaultMethodInvokingMethodInterceptor.java:72)
	at org.springframework.aop.framework.ReflectiveMethodInvocation.proceed(ReflectiveMethodInvocation.java:184)
	at org.springframework.transaction.interceptor.TransactionInterceptor$1.proceedWithInvocation(TransactionInterceptor.java:123)
	at org.springframework.transaction.interceptor.TransactionAspectSupport.invokeWithinTransaction(TransactionAspectSupport.java:391)
	at org.springframework.transaction.interceptor.TransactionInterceptor.invoke(TransactionInterceptor.java:119)
	at org.springframework.aop.framework.ReflectiveMethodInvocation.proceed(ReflectiveMethodInvocation.java:184)
	at org.springframework.dao.support.PersistenceExceptionTranslationInterceptor.invoke(PersistenceExceptionTranslationInterceptor.java:137)
	at org.springframework.aop.framework.ReflectiveMethodInvocation.proceed(ReflectiveMethodInvocation.java:184)
	at org.springframework.data.jpa.repository.support.CrudMethodMetadataPostProcessor$CrudMethodMetadataPopulatingMethodInterceptor.invoke(CrudMethodMetadataPostProcessor.java:164)
	at org.springframework.aop.framework.ReflectiveMethodInvocation.proceed(ReflectiveMethodInvocation.java:184)
	at org.springframework.aop.interceptor.ExposeInvocationInterceptor.invoke(ExposeInvocationInterceptor.java:97)
	at org.springframework.aop.framework.ReflectiveMethodInvocation.proceed(ReflectiveMethodInvocation.java:184)
	at org.springframework.aop.framework.JdkDynamicAopProxy.invoke(JdkDynamicAopProxy.java:244)
	at jdk.proxy2/jdk.proxy2.$Proxy202.deleteAll(Unknown Source)
	at franco.maurizio.hr.desk.com.service.CandidateStateService.deleteAll(CandidateStateService.java:29)
	at franco.maurizio.hr.desk.com.integration.controller.CandidateCustomControllerIntegrationTests.initializeRelatedTables(CandidateCustomControllerIntegrationTests.java:76)
	at java.base/jdk.internal.reflect.NativeMethodAccessorImpl.invoke0(Native Method)
	at java.base/jdk.internal.reflect.NativeMethodAccessorImpl.invoke(NativeMethodAccessorImpl.java:77)
	at java.base/jdk.internal.reflect.DelegatingMethodAccessorImpl.invoke(DelegatingMethodAccessorImpl.java:43)
	at java.base/java.lang.reflect.Method.invoke(Method.java:568)
	at org.junit.platform.commons.util.ReflectionUtils.invokeMethod(ReflectionUtils.java:727)
	at org.junit.jupiter.engine.execution.MethodInvocation.proceed(MethodInvocation.java:60)
	at org.junit.jupiter.engine.execution.InvocationInterceptorChain$ValidatingInvocation.proceed(InvocationInterceptorChain.java:131)
	at org.junit.jupiter.engine.extension.TimeoutExtension.intercept(TimeoutExtension.java:156)
	at org.junit.jupiter.engine.extension.TimeoutExtension.interceptLifecycleMethod(TimeoutExtension.java:128)
	at org.junit.jupiter.engine.extension.TimeoutExtension.interceptBeforeEachMethod(TimeoutExtension.java:78)
	at org.junit.jupiter.engine.execution.InterceptingExecutableInvoker$ReflectiveInterceptorCall.lambda$ofVoidMethod$0(InterceptingExecutableInvoker.java:103)
	at org.junit.jupiter.engine.execution.InterceptingExecutableInvoker.lambda$invoke$0(InterceptingExecutableInvoker.java:93)
	at org.junit.jupiter.engine.execution.InvocationInterceptorChain$InterceptedInvocation.proceed(InvocationInterceptorChain.java:106)
	at org.junit.jupiter.engine.execution.InvocationInterceptorChain.proceed(InvocationInterceptorChain.java:64)
	at org.junit.jupiter.engine.execution.InvocationInterceptorChain.chainAndInvoke(InvocationInterceptorChain.java:45)
	at org.junit.jupiter.engine.execution.InvocationInterceptorChain.invoke(InvocationInterceptorChain.java:37)
	at org.junit.jupiter.engine.execution.InterceptingExecutableInvoker.invoke(InterceptingExecutableInvoker.java:92)
	at org.junit.jupiter.engine.execution.InterceptingExecutableInvoker.invoke(InterceptingExecutableInvoker.java:86)
	at org.junit.jupiter.engine.descriptor.ClassBasedTestDescriptor.invokeMethodInExtensionContext(ClassBasedTestDescriptor.java:520)
	at org.junit.jupiter.engine.descriptor.ClassBasedTestDescriptor.lambda$synthesizeBeforeEachMethodAdapter$23(ClassBasedTestDescriptor.java:505)
	at org.junit.jupiter.engine.descriptor.TestMethodTestDescriptor.lambda$invokeBeforeEachMethods$3(TestMethodTestDescriptor.java:174)
	at org.junit.jupiter.engine.descriptor.TestMethodTestDescriptor.lambda$invokeBeforeMethodsOrCallbacksUntilExceptionOccurs$6(TestMethodTestDescriptor.java:202)
	at org.junit.platform.engine.support.hierarchical.ThrowableCollector.execute(ThrowableCollector.java:73)
	at org.junit.jupiter.engine.descriptor.TestMethodTestDescriptor.invokeBeforeMethodsOrCallbacksUntilExceptionOccurs(TestMethodTestDescriptor.java:202)
	at org.junit.jupiter.engine.descriptor.TestMethodTestDescriptor.invokeBeforeEachMethods(TestMethodTestDescriptor.java:171)
	at org.junit.jupiter.engine.descriptor.TestMethodTestDescriptor.execute(TestMethodTestDescriptor.java:134)
	at org.junit.jupiter.engine.descriptor.TestMethodTestDescriptor.execute(TestMethodTestDescriptor.java:68)
	at org.junit.platform.engine.support.hierarchical.NodeTestTask.lambda$executeRecursively$6(NodeTestTask.java:151)
	at org.junit.platform.engine.support.hierarchical.ThrowableCollector.execute(ThrowableCollector.java:73)
	at org.junit.platform.engine.support.hierarchical.NodeTestTask.lambda$executeRecursively$8(NodeTestTask.java:141)
	at org.junit.platform.engine.support.hierarchical.Node.around(Node.java:137)
	at org.junit.platform.engine.support.hierarchical.NodeTestTask.lambda$executeRecursively$9(NodeTestTask.java:139)
	at org.junit.platform.engine.support.hierarchical.ThrowableCollector.execute(ThrowableCollector.java:73)
	at org.junit.platform.engine.support.hierarchical.NodeTestTask.executeRecursively(NodeTestTask.java:138)
	at org.junit.platform.engine.support.hierarchical.NodeTestTask.execute(NodeTestTask.java:95)
	at java.base/java.util.ArrayList.forEach(ArrayList.java:1511)
	at org.junit.platform.engine.support.hierarchical.SameThreadHierarchicalTestExecutorService.invokeAll(SameThreadHierarchicalTestExecutorService.java:41)
	at org.junit.platform.engine.support.hierarchical.NodeTestTask.lambda$executeRecursively$6(NodeTestTask.java:155)
	at org.junit.platform.engine.support.hierarchical.ThrowableCollector.execute(ThrowableCollector.java:73)
	at org.junit.platform.engine.support.hierarchical.NodeTestTask.lambda$executeRecursively$8(NodeTestTask.java:141)
	at org.junit.platform.engine.support.hierarchical.Node.around(Node.java:137)
	at org.junit.platform.engine.support.hierarchical.NodeTestTask.lambda$executeRecursively$9(NodeTestTask.java:139)
	at org.junit.platform.engine.support.hierarchical.ThrowableCollector.execute(ThrowableCollector.java:73)
	at org.junit.platform.engine.support.hierarchical.NodeTestTask.executeRecursively(NodeTestTask.java:138)
	at org.junit.platform.engine.support.hierarchical.NodeTestTask.execute(NodeTestTask.java:95)
	at java.base/java.util.ArrayList.forEach(ArrayList.java:1511)
	at org.junit.platform.engine.support.hierarchical.SameThreadHierarchicalTestExecutorService.invokeAll(SameThreadHierarchicalTestExecutorService.java:41)
	at org.junit.platform.engine.support.hierarchical.NodeTestTask.lambda$executeRecursively$6(NodeTestTask.java:155)
	at org.junit.platform.engine.support.hierarchical.ThrowableCollector.execute(ThrowableCollector.java:73)
	at org.junit.platform.engine.support.hierarchical.NodeTestTask.lambda$executeRecursively$8(NodeTestTask.java:141)
	at org.junit.platform.engine.support.hierarchical.Node.around(Node.java:137)
	at org.junit.platform.engine.support.hierarchical.NodeTestTask.lambda$executeRecursively$9(NodeTestTask.java:139)
	at org.junit.platform.engine.support.hierarchical.ThrowableCollector.execute(ThrowableCollector.java:73)
	at org.junit.platform.engine.support.hierarchical.NodeTestTask.executeRecursively(NodeTestTask.java:138)
	at org.junit.platform.engine.support.hierarchical.NodeTestTask.execute(NodeTestTask.java:95)
	at org.junit.platform.engine.support.hierarchical.SameThreadHierarchicalTestExecutorService.submit(SameThreadHierarchicalTestExecutorService.java:35)
	at org.junit.platform.engine.support.hierarchical.HierarchicalTestExecutor.execute(HierarchicalTestExecutor.java:57)
	at org.junit.platform.engine.support.hierarchical.HierarchicalTestEngine.execute(HierarchicalTestEngine.java:54)
	at org.junit.platform.launcher.core.EngineExecutionOrchestrator.execute(EngineExecutionOrchestrator.java:147)
	at org.junit.platform.launcher.core.EngineExecutionOrchestrator.execute(EngineExecutionOrchestrator.java:127)
	at org.junit.platform.launcher.core.EngineExecutionOrchestrator.execute(EngineExecutionOrchestrator.java:90)
	at org.junit.platform.launcher.core.EngineExecutionOrchestrator.lambda$execute$0(EngineExecutionOrchestrator.java:55)
	at org.junit.platform.launcher.core.EngineExecutionOrchestrator.withInterceptedStreams(EngineExecutionOrchestrator.java:102)
	at org.junit.platform.launcher.core.EngineExecutionOrchestrator.execute(EngineExecutionOrchestrator.java:54)
	at org.junit.platform.launcher.core.DefaultLauncher.execute(DefaultLauncher.java:114)
	at org.junit.platform.launcher.core.DefaultLauncher.execute(DefaultLauncher.java:86)
	at org.junit.platform.launcher.core.DefaultLauncherSession$DelegatingLauncher.execute(DefaultLauncherSession.java:86)
	at org.apache.maven.surefire.junitplatform.LazyLauncher.execute(LazyLauncher.java:50)
	at org.apache.maven.surefire.junitplatform.JUnitPlatformProvider.execute(JUnitPlatformProvider.java:184)
	at org.apache.maven.surefire.junitplatform.JUnitPlatformProvider.invokeAllTests(JUnitPlatformProvider.java:148)
	at org.apache.maven.surefire.junitplatform.JUnitPlatformProvider.invoke(JUnitPlatformProvider.java:122)
	at org.apache.maven.surefire.booter.ForkedBooter.runSuitesInProcess(ForkedBooter.java:385)
	at org.apache.maven.surefire.booter.ForkedBooter.execute(ForkedBooter.java:162)
	at org.apache.maven.surefire.booter.ForkedBooter.run(ForkedBooter.java:507)
	at org.apache.maven.surefire.booter.ForkedBooter.main(ForkedBooter.java:495)
2023-11-24 12:36:48,769 DEBUG o.h.o.s.a.tree [SqlTreePrinter.java:46] SQL AST Tree:
    SelectStatement {
      FromClause {
        StandardTableGroup (c1 : franco.maurizio.hr.desk.com.persistence.entity.CandidateStates(961692731206721)) {
          primaryTableReference : candidate_states as c1_0
        }
      }
    }

2023-11-24 12:36:48,770 DEBUG o.h.o.s.exec [JdbcSelectExecutorStandardImpl.java:455] Skipping reading Query result cache data: cache-enabled = false, cache-mode = NORMAL
2023-11-24 12:36:48,770 TRACE o.h.o.results [ResultsHelper.java:117] Registering initializer : EntityResultInitializer(franco.maurizio.hr.desk.com.persistence.entity.CandidateStates(961692731206721))
2023-11-24 12:36:48,770 DEBUG o.h.o.results [NavigablePathMapToInitializer.java:76] Initializer list:
	  franco.maurizio.hr.desk.com.persistence.entity.CandidateStates(961692731206721) -> EntityResultInitializer(franco.maurizio.hr.desk.com.persistence.entity.CandidateStates(961692731206721))@70827725 (SingleTableEntityPersister(franco.maurizio.hr.desk.com.persistence.entity.CandidateStates))

2023-11-24 12:36:48,770 TRACE o.h.s.r.j.i.DeferredResultSetAccess [DeferredResultSetAccess.java:224] Executing query to retrieve ResultSet : select c1_0.id,c1_0.role_id,c1_0.status_code,c1_0.status_color,c1_0.status_description,c1_0.status_label from candidate_states c1_0
2023-11-24 12:36:48,770 DEBUG o.h.SQL [SqlStatementLogger.java:133] select c1_0.id,c1_0.role_id,c1_0.status_code,c1_0.status_color,c1_0.status_description,c1_0.status_label from candidate_states c1_0
Hibernate: select c1_0.id,c1_0.role_id,c1_0.status_code,c1_0.status_color,c1_0.status_description,c1_0.status_label from candidate_states c1_0
2023-11-24 12:36:48,770 TRACE o.h.r.j.i.ResourceRegistryStandardImpl [ResourceRegistryStandardImpl.java:82] Registering statement [HikariProxyPreparedStatement@514767318 wrapping com.mysql.cj.jdbc.ClientPreparedStatement: select c1_0.id,c1_0.role_id,c1_0.status_code,c1_0.status_color,c1_0.status_description,c1_0.status_label from candidate_states c1_0]
2023-11-24 12:36:48,770 TRACE o.h.e.j.i.JdbcCoordinatorImpl [JdbcCoordinatorImpl.java:322] Registering last query statement [HikariProxyPreparedStatement@514767318 wrapping com.mysql.cj.jdbc.ClientPreparedStatement: select c1_0.id,c1_0.role_id,c1_0.status_code,c1_0.status_color,c1_0.status_description,c1_0.status_label from candidate_states c1_0]
2023-11-24 12:36:48,771 TRACE o.h.r.j.i.ResourceRegistryStandardImpl [ResourceRegistryStandardImpl.java:221] Registering result set [HikariProxyResultSet@27360585 wrapping com.mysql.cj.jdbc.result.ResultSetImpl@4bf9c584]
2023-11-24 12:36:48,771 TRACE o.h.r.j.i.AbstractLogicalConnectionImplementor [AbstractLogicalConnectionImplementor.java:48] LogicalConnection#afterStatement
2023-11-24 12:36:48,771 TRACE o.h.r.j.i.ResourceRegistryStandardImpl [ResourceRegistryStandardImpl.java:117] Releasing result set [HikariProxyResultSet@27360585 wrapping com.mysql.cj.jdbc.result.ResultSetImpl@4bf9c584]
2023-11-24 12:36:48,771 TRACE o.h.r.j.i.ResourceRegistryStandardImpl [ResourceRegistryStandardImpl.java:169] Closing result set [HikariProxyResultSet@27360585 wrapping com.mysql.cj.jdbc.result.ResultSetImpl@4bf9c584]
2023-11-24 12:36:48,771 TRACE o.h.r.j.i.ResourceRegistryStandardImpl [ResourceRegistryStandardImpl.java:96] Releasing statement [HikariProxyPreparedStatement@514767318 wrapping com.mysql.cj.jdbc.ClientPreparedStatement: select c1_0.id,c1_0.role_id,c1_0.status_code,c1_0.status_color,c1_0.status_description,c1_0.status_label from candidate_states c1_0]
2023-11-24 12:36:48,771 TRACE o.h.r.j.i.ResourceRegistryStandardImpl [ResourceRegistryStandardImpl.java:187] Closing prepared statement [HikariProxyPreparedStatement@514767318 wrapping com.mysql.cj.jdbc.ClientPreparedStatement: select c1_0.id,c1_0.role_id,c1_0.status_code,c1_0.status_color,c1_0.status_description,c1_0.status_label from candidate_states c1_0]
2023-11-24 12:36:48,771 TRACE o.h.e.i.StatefulPersistenceContext [StatefulPersistenceContext.java:976] Initializing non-lazy collections
2023-11-24 12:36:48,772 DEBUG o.h.e.t.i.TransactionImpl [TransactionImpl.java:98] committing
2023-11-24 12:36:48,772 TRACE o.h.r.t.b.j.i.JdbcResourceLocalTransactionCoordinatorImpl [JdbcResourceLocalTransactionCoordinatorImpl.java:167] ResourceLocalTransactionCoordinatorImpl#beforeCompletionCallback
2023-11-24 12:36:48,772 TRACE o.h.i.SessionImpl [SessionImpl.java:1965] SessionImpl#beforeTransactionCompletion()
2023-11-24 12:36:48,772 TRACE o.h.i.SessionImpl [SessionImpl.java:484] Automatically flushing session
2023-11-24 12:36:48,772 TRACE o.h.r.j.i.AbstractLogicalConnectionImplementor [AbstractLogicalConnectionImplementor.java:53] LogicalConnection#beforeTransactionCompletion
2023-11-24 12:36:48,772 TRACE o.h.r.t.i.SynchronizationRegistryStandardImpl [SynchronizationRegistryStandardImpl.java:55] SynchronizationRegistryStandardImpl.notifySynchronizationsBeforeTransactionCompletion
2023-11-24 12:36:48,772 TRACE o.h.r.j.i.AbstractLogicalConnectionImplementor [AbstractLogicalConnectionImplementor.java:85] Preparing to commit transaction via JDBC Connection.commit()
2023-11-24 12:36:48,772 TRACE o.h.r.j.i.AbstractLogicalConnectionImplementor [AbstractLogicalConnectionImplementor.java:88] Transaction committed via JDBC Connection.commit()
2023-11-24 12:36:48,773 TRACE o.h.r.j.i.AbstractLogicalConnectionImplementor [AbstractLogicalConnectionImplementor.java:105] re-enabling auto-commit on JDBC Connection after completion of JDBC-based transaction
2023-11-24 12:36:48,773 TRACE o.h.r.j.i.AbstractLogicalConnectionImplementor [AbstractLogicalConnectionImplementor.java:58] LogicalConnection#afterTransaction
2023-11-24 12:36:48,773 TRACE o.h.r.j.i.ResourceRegistryStandardImpl [ResourceRegistryStandardImpl.java:329] Releasing JDBC resources
2023-11-24 12:36:48,773 TRACE o.h.r.t.b.j.i.JdbcResourceLocalTransactionCoordinatorImpl [JdbcResourceLocalTransactionCoordinatorImpl.java:185] ResourceLocalTransactionCoordinatorImpl#afterCompletionCallback(true)
2023-11-24 12:36:48,773 TRACE o.h.r.t.i.SynchronizationRegistryStandardImpl [DelegatingBasicLogger.java:158] SynchronizationRegistryStandardImpl.notifySynchronizationsAfterTransactionCompletion(3)
2023-11-24 12:36:48,773 TRACE o.h.i.SessionImpl [SessionImpl.java:1980] SessionImpl#afterTransactionCompletion(successful=true, delayed=false)
2023-11-24 12:36:48,773 TRACE o.h.i.SessionImpl [SessionImpl.java:402] Closing session [9e35350e-b24f-4f8b-bf8c-c3d820a7ac45]
2023-11-24 12:36:48,773 TRACE o.h.e.j.i.JdbcCoordinatorImpl [JdbcCoordinatorImpl.java:152] Closing JDBC container [org.hibernate.engine.jdbc.internal.JdbcCoordinatorImpl@61fdac61]
2023-11-24 12:36:48,773 TRACE o.h.r.j.i.ResourceRegistryStandardImpl [ResourceRegistryStandardImpl.java:329] Releasing JDBC resources
2023-11-24 12:36:48,773 TRACE o.h.r.j.i.LogicalConnectionManagedImpl [LogicalConnectionManagedImpl.java:256] Closing logical connection
2023-11-24 12:36:48,774 TRACE o.h.r.j.i.ResourceRegistryStandardImpl [ResourceRegistryStandardImpl.java:329] Releasing JDBC resources
2023-11-24 12:36:48,774 TRACE o.h.r.j.i.LogicalConnectionManagedImpl [LogicalConnectionManagedImpl.java:263] Logical connection closed
2023-11-24 12:36:48,774 DEBUG f.m.h.d.c.s.CoursePageService [CoursePageService.java:232] deleteAll - START
2023-11-24 12:36:48,774 TRACE o.h.i.SessionFactoryImpl$SessionBuilderImpl [SessionFactoryImpl.java:1298] Opening Hibernate Session.  tenant=null
2023-11-24 12:36:48,774 TRACE o.h.i.SessionImpl [SessionImpl.java:262] Opened Session [50853202-3d7b-47ef-ae7d-758a0c2fee39] at timestamp: 1700825808774
2023-11-24 12:36:48,774 DEBUG o.h.e.t.i.TransactionImpl [TransactionImpl.java:53] On TransactionImpl creation, JpaCompliance#isJpaTransactionComplianceEnabled == false
2023-11-24 12:36:48,774 DEBUG o.h.e.t.i.TransactionImpl [TransactionImpl.java:81] begin
2023-11-24 12:36:48,774 TRACE o.h.r.j.i.AbstractLogicalConnectionImplementor [AbstractLogicalConnectionImplementor.java:71] Preparing to begin transaction via JDBC Connection.setAutoCommit(false)
2023-11-24 12:36:48,775 TRACE o.h.r.j.i.AbstractLogicalConnectionImplementor [AbstractLogicalConnectionImplementor.java:73] Transaction begun via JDBC Connection.setAutoCommit(false)
2023-11-24 12:36:48,775 TRACE o.h.r.t.b.j.i.JdbcResourceLocalTransactionCoordinatorImpl [JdbcResourceLocalTransactionCoordinatorImpl.java:163] ResourceLocalTransactionCoordinatorImpl#afterBeginCallback
2023-11-24 12:36:48,775 TRACE o.h.q.s.s.BaseSqmToSqlAstConverter [BaseSqmToSqlAstConverter.java:2577] Resolving SqmRoot [franco.maurizio.hr.desk.com.persistence.entity.CoursePage] to TableGroup
2023-11-24 12:36:48,776 TRACE o.h.q.s.s.BaseSqmToSqlAstConverter [BaseSqmToSqlAstConverter.java:2744] Resolving SqmRoot [franco.maurizio.hr.desk.com.persistence.entity.CoursePage] to TableGroup
2023-11-24 12:36:48,776 DEBUG o.h.o.s.a.create [SqlAliasBaseImpl.java:33] Created new SQL alias : c1_0
2023-11-24 12:36:48,776 TRACE o.h.q.s.s.BaseSqmToSqlAstConverter [BaseSqmToSqlAstConverter.java:2811] Resolved SqmRoot [franco.maurizio.hr.desk.com.persistence.entity.CoursePage] to new TableGroup [StandardTableGroup(franco.maurizio.hr.desk.com.persistence.entity.CoursePage(961692739176994))]
2023-11-24 12:36:48,776 DEBUG o.h.o.s.a.create [SimpleFromClauseAccessImpl.java:98] Registration of TableGroup [StandardTableGroup(franco.maurizio.hr.desk.com.persistence.entity.CoursePage(961692739176994))] with identifierForTableGroup [franco.maurizio.hr.desk.com.persistence.entity.CoursePage] for NavigablePath [franco.maurizio.hr.desk.com.persistence.entity.CoursePage] 
2023-11-24 12:36:48,776 TRACE o.h.q.s.s.BaseSqmToSqlAstConverter [BaseSqmToSqlAstConverter.java:3179] Visiting explicit joins for `franco.maurizio.hr.desk.com.persistence.entity.CoursePage(961692739176994)`
2023-11-24 12:36:48,776 TRACE o.h.q.s.s.BaseSqmToSqlAstConverter [BaseSqmToSqlAstConverter.java:3820] SqmRoot [franco.maurizio.hr.desk.com.persistence.entity.CoursePage] resolved to existing TableGroup [StandardTableGroup(franco.maurizio.hr.desk.com.persistence.entity.CoursePage(961692739176994))]
2023-11-24 12:36:48,777 DEBUG o.h.o.r.g.AST [DomainResultGraphPrinter.java:67] DomainResult Graph:
 \-EntityResultImpl [franco.maurizio.hr.desk.com.persistence.entity.CoursePage(961692739176994)]
 |  +-BasicFetch [franco.maurizio.hr.desk.com.persistence.entity.CoursePage(961692739176994).bodyText]
 |  +-BasicFetch [franco.maurizio.hr.desk.com.persistence.entity.CoursePage(961692739176994).code]
 |  +-BasicFetch [franco.maurizio.hr.desk.com.persistence.entity.CoursePage(961692739176994).created_datetime]
 |  +-BasicFetch [franco.maurizio.hr.desk.com.persistence.entity.CoursePage(961692739176994).fileName]
 |  +-BasicFetch [franco.maurizio.hr.desk.com.persistence.entity.CoursePage(961692739176994).opened_by]
 |  +-BasicFetch [franco.maurizio.hr.desk.com.persistence.entity.CoursePage(961692739176994).statusOpen]
 |  \-BasicFetch [franco.maurizio.hr.desk.com.persistence.entity.CoursePage(961692739176994).title]

2023-11-24 12:36:48,777 TRACE o.h.o.r.g.AST [DomainResultGraphPrinter.java:70] Stack trace calling DomainResultGraphPrinter
java.lang.Exception: null
	at org.hibernate.sql.results.graph.DomainResultGraphPrinter.visitDomainResults(DomainResultGraphPrinter.java:70)
	at org.hibernate.sql.results.graph.DomainResultGraphPrinter.logDomainResultGraph(DomainResultGraphPrinter.java:46)
	at org.hibernate.sql.results.graph.DomainResultGraphPrinter.logDomainResultGraph(DomainResultGraphPrinter.java:37)
	at org.hibernate.sql.ast.spi.AbstractSqlAstTranslator.translateSelect(AbstractSqlAstTranslator.java:848)
	at org.hibernate.sql.ast.spi.AbstractSqlAstTranslator.translate(AbstractSqlAstTranslator.java:801)
	at org.hibernate.query.sqm.internal.ConcreteSqmSelectQueryPlan.buildCacheableSqmInterpretation(ConcreteSqmSelectQueryPlan.java:372)
	at org.hibernate.query.sqm.internal.ConcreteSqmSelectQueryPlan.withCacheableSqmInterpretation(ConcreteSqmSelectQueryPlan.java:268)
	at org.hibernate.query.sqm.internal.ConcreteSqmSelectQueryPlan.performList(ConcreteSqmSelectQueryPlan.java:244)
	at org.hibernate.query.sqm.internal.QuerySqmImpl.doList(QuerySqmImpl.java:518)
	at org.hibernate.query.spi.AbstractSelectionQuery.list(AbstractSelectionQuery.java:367)
	at org.hibernate.query.Query.getResultList(Query.java:119)
	at org.springframework.data.jpa.repository.support.SimpleJpaRepository.findAll(SimpleJpaRepository.java:383)
	at org.springframework.data.jpa.repository.support.SimpleJpaRepository.deleteAll(SimpleJpaRepository.java:283)
	at java.base/jdk.internal.reflect.NativeMethodAccessorImpl.invoke0(Native Method)
	at java.base/jdk.internal.reflect.NativeMethodAccessorImpl.invoke(NativeMethodAccessorImpl.java:77)
	at java.base/jdk.internal.reflect.DelegatingMethodAccessorImpl.invoke(DelegatingMethodAccessorImpl.java:43)
	at java.base/java.lang.reflect.Method.invoke(Method.java:568)
	at org.springframework.data.repository.core.support.RepositoryMethodInvoker$RepositoryFragmentMethodInvoker.lambda$new$0(RepositoryMethodInvoker.java:288)
	at org.springframework.data.repository.core.support.RepositoryMethodInvoker.doInvoke(RepositoryMethodInvoker.java:136)
	at org.springframework.data.repository.core.support.RepositoryMethodInvoker.invoke(RepositoryMethodInvoker.java:120)
	at org.springframework.data.repository.core.support.RepositoryComposition$RepositoryFragments.invoke(RepositoryComposition.java:516)
	at org.springframework.data.repository.core.support.RepositoryComposition.invoke(RepositoryComposition.java:285)
	at org.springframework.data.repository.core.support.RepositoryFactorySupport$ImplementationMethodExecutionInterceptor.invoke(RepositoryFactorySupport.java:628)
	at org.springframework.aop.framework.ReflectiveMethodInvocation.proceed(ReflectiveMethodInvocation.java:184)
	at org.springframework.data.repository.core.support.QueryExecutorMethodInterceptor.doInvoke(QueryExecutorMethodInterceptor.java:168)
	at org.springframework.data.repository.core.support.QueryExecutorMethodInterceptor.invoke(QueryExecutorMethodInterceptor.java:143)
	at org.springframework.aop.framework.ReflectiveMethodInvocation.proceed(ReflectiveMethodInvocation.java:184)
	at org.springframework.data.projection.DefaultMethodInvokingMethodInterceptor.invoke(DefaultMethodInvokingMethodInterceptor.java:72)
	at org.springframework.aop.framework.ReflectiveMethodInvocation.proceed(ReflectiveMethodInvocation.java:184)
	at org.springframework.transaction.interceptor.TransactionInterceptor$1.proceedWithInvocation(TransactionInterceptor.java:123)
	at org.springframework.transaction.interceptor.TransactionAspectSupport.invokeWithinTransaction(TransactionAspectSupport.java:391)
	at org.springframework.transaction.interceptor.TransactionInterceptor.invoke(TransactionInterceptor.java:119)
	at org.springframework.aop.framework.ReflectiveMethodInvocation.proceed(ReflectiveMethodInvocation.java:184)
	at org.springframework.dao.support.PersistenceExceptionTranslationInterceptor.invoke(PersistenceExceptionTranslationInterceptor.java:137)
	at org.springframework.aop.framework.ReflectiveMethodInvocation.proceed(ReflectiveMethodInvocation.java:184)
	at org.springframework.data.jpa.repository.support.CrudMethodMetadataPostProcessor$CrudMethodMetadataPopulatingMethodInterceptor.invoke(CrudMethodMetadataPostProcessor.java:164)
	at org.springframework.aop.framework.ReflectiveMethodInvocation.proceed(ReflectiveMethodInvocation.java:184)
	at org.springframework.aop.interceptor.ExposeInvocationInterceptor.invoke(ExposeInvocationInterceptor.java:97)
	at org.springframework.aop.framework.ReflectiveMethodInvocation.proceed(ReflectiveMethodInvocation.java:184)
	at org.springframework.aop.framework.JdkDynamicAopProxy.invoke(JdkDynamicAopProxy.java:244)
	at jdk.proxy2/jdk.proxy2.$Proxy200.deleteAll(Unknown Source)
	at franco.maurizio.hr.desk.com.service.CoursePageService.deleteAll(CoursePageService.java:233)
	at franco.maurizio.hr.desk.com.integration.controller.CandidateCustomControllerIntegrationTests.initializeRelatedTables(CandidateCustomControllerIntegrationTests.java:77)
	at java.base/jdk.internal.reflect.NativeMethodAccessorImpl.invoke0(Native Method)
	at java.base/jdk.internal.reflect.NativeMethodAccessorImpl.invoke(NativeMethodAccessorImpl.java:77)
	at java.base/jdk.internal.reflect.DelegatingMethodAccessorImpl.invoke(DelegatingMethodAccessorImpl.java:43)
	at java.base/java.lang.reflect.Method.invoke(Method.java:568)
	at org.junit.platform.commons.util.ReflectionUtils.invokeMethod(ReflectionUtils.java:727)
	at org.junit.jupiter.engine.execution.MethodInvocation.proceed(MethodInvocation.java:60)
	at org.junit.jupiter.engine.execution.InvocationInterceptorChain$ValidatingInvocation.proceed(InvocationInterceptorChain.java:131)
	at org.junit.jupiter.engine.extension.TimeoutExtension.intercept(TimeoutExtension.java:156)
	at org.junit.jupiter.engine.extension.TimeoutExtension.interceptLifecycleMethod(TimeoutExtension.java:128)
	at org.junit.jupiter.engine.extension.TimeoutExtension.interceptBeforeEachMethod(TimeoutExtension.java:78)
	at org.junit.jupiter.engine.execution.InterceptingExecutableInvoker$ReflectiveInterceptorCall.lambda$ofVoidMethod$0(InterceptingExecutableInvoker.java:103)
	at org.junit.jupiter.engine.execution.InterceptingExecutableInvoker.lambda$invoke$0(InterceptingExecutableInvoker.java:93)
	at org.junit.jupiter.engine.execution.InvocationInterceptorChain$InterceptedInvocation.proceed(InvocationInterceptorChain.java:106)
	at org.junit.jupiter.engine.execution.InvocationInterceptorChain.proceed(InvocationInterceptorChain.java:64)
	at org.junit.jupiter.engine.execution.InvocationInterceptorChain.chainAndInvoke(InvocationInterceptorChain.java:45)
	at org.junit.jupiter.engine.execution.InvocationInterceptorChain.invoke(InvocationInterceptorChain.java:37)
	at org.junit.jupiter.engine.execution.InterceptingExecutableInvoker.invoke(InterceptingExecutableInvoker.java:92)
	at org.junit.jupiter.engine.execution.InterceptingExecutableInvoker.invoke(InterceptingExecutableInvoker.java:86)
	at org.junit.jupiter.engine.descriptor.ClassBasedTestDescriptor.invokeMethodInExtensionContext(ClassBasedTestDescriptor.java:520)
	at org.junit.jupiter.engine.descriptor.ClassBasedTestDescriptor.lambda$synthesizeBeforeEachMethodAdapter$23(ClassBasedTestDescriptor.java:505)
	at org.junit.jupiter.engine.descriptor.TestMethodTestDescriptor.lambda$invokeBeforeEachMethods$3(TestMethodTestDescriptor.java:174)
	at org.junit.jupiter.engine.descriptor.TestMethodTestDescriptor.lambda$invokeBeforeMethodsOrCallbacksUntilExceptionOccurs$6(TestMethodTestDescriptor.java:202)
	at org.junit.platform.engine.support.hierarchical.ThrowableCollector.execute(ThrowableCollector.java:73)
	at org.junit.jupiter.engine.descriptor.TestMethodTestDescriptor.invokeBeforeMethodsOrCallbacksUntilExceptionOccurs(TestMethodTestDescriptor.java:202)
	at org.junit.jupiter.engine.descriptor.TestMethodTestDescriptor.invokeBeforeEachMethods(TestMethodTestDescriptor.java:171)
	at org.junit.jupiter.engine.descriptor.TestMethodTestDescriptor.execute(TestMethodTestDescriptor.java:134)
	at org.junit.jupiter.engine.descriptor.TestMethodTestDescriptor.execute(TestMethodTestDescriptor.java:68)
	at org.junit.platform.engine.support.hierarchical.NodeTestTask.lambda$executeRecursively$6(NodeTestTask.java:151)
	at org.junit.platform.engine.support.hierarchical.ThrowableCollector.execute(ThrowableCollector.java:73)
	at org.junit.platform.engine.support.hierarchical.NodeTestTask.lambda$executeRecursively$8(NodeTestTask.java:141)
	at org.junit.platform.engine.support.hierarchical.Node.around(Node.java:137)
	at org.junit.platform.engine.support.hierarchical.NodeTestTask.lambda$executeRecursively$9(NodeTestTask.java:139)
	at org.junit.platform.engine.support.hierarchical.ThrowableCollector.execute(ThrowableCollector.java:73)
	at org.junit.platform.engine.support.hierarchical.NodeTestTask.executeRecursively(NodeTestTask.java:138)
	at org.junit.platform.engine.support.hierarchical.NodeTestTask.execute(NodeTestTask.java:95)
	at java.base/java.util.ArrayList.forEach(ArrayList.java:1511)
	at org.junit.platform.engine.support.hierarchical.SameThreadHierarchicalTestExecutorService.invokeAll(SameThreadHierarchicalTestExecutorService.java:41)
	at org.junit.platform.engine.support.hierarchical.NodeTestTask.lambda$executeRecursively$6(NodeTestTask.java:155)
	at org.junit.platform.engine.support.hierarchical.ThrowableCollector.execute(ThrowableCollector.java:73)
	at org.junit.platform.engine.support.hierarchical.NodeTestTask.lambda$executeRecursively$8(NodeTestTask.java:141)
	at org.junit.platform.engine.support.hierarchical.Node.around(Node.java:137)
	at org.junit.platform.engine.support.hierarchical.NodeTestTask.lambda$executeRecursively$9(NodeTestTask.java:139)
	at org.junit.platform.engine.support.hierarchical.ThrowableCollector.execute(ThrowableCollector.java:73)
	at org.junit.platform.engine.support.hierarchical.NodeTestTask.executeRecursively(NodeTestTask.java:138)
	at org.junit.platform.engine.support.hierarchical.NodeTestTask.execute(NodeTestTask.java:95)
	at java.base/java.util.ArrayList.forEach(ArrayList.java:1511)
	at org.junit.platform.engine.support.hierarchical.SameThreadHierarchicalTestExecutorService.invokeAll(SameThreadHierarchicalTestExecutorService.java:41)
	at org.junit.platform.engine.support.hierarchical.NodeTestTask.lambda$executeRecursively$6(NodeTestTask.java:155)
	at org.junit.platform.engine.support.hierarchical.ThrowableCollector.execute(ThrowableCollector.java:73)
	at org.junit.platform.engine.support.hierarchical.NodeTestTask.lambda$executeRecursively$8(NodeTestTask.java:141)
	at org.junit.platform.engine.support.hierarchical.Node.around(Node.java:137)
	at org.junit.platform.engine.support.hierarchical.NodeTestTask.lambda$executeRecursively$9(NodeTestTask.java:139)
	at org.junit.platform.engine.support.hierarchical.ThrowableCollector.execute(ThrowableCollector.java:73)
	at org.junit.platform.engine.support.hierarchical.NodeTestTask.executeRecursively(NodeTestTask.java:138)
	at org.junit.platform.engine.support.hierarchical.NodeTestTask.execute(NodeTestTask.java:95)
	at org.junit.platform.engine.support.hierarchical.SameThreadHierarchicalTestExecutorService.submit(SameThreadHierarchicalTestExecutorService.java:35)
	at org.junit.platform.engine.support.hierarchical.HierarchicalTestExecutor.execute(HierarchicalTestExecutor.java:57)
	at org.junit.platform.engine.support.hierarchical.HierarchicalTestEngine.execute(HierarchicalTestEngine.java:54)
	at org.junit.platform.launcher.core.EngineExecutionOrchestrator.execute(EngineExecutionOrchestrator.java:147)
	at org.junit.platform.launcher.core.EngineExecutionOrchestrator.execute(EngineExecutionOrchestrator.java:127)
	at org.junit.platform.launcher.core.EngineExecutionOrchestrator.execute(EngineExecutionOrchestrator.java:90)
	at org.junit.platform.launcher.core.EngineExecutionOrchestrator.lambda$execute$0(EngineExecutionOrchestrator.java:55)
	at org.junit.platform.launcher.core.EngineExecutionOrchestrator.withInterceptedStreams(EngineExecutionOrchestrator.java:102)
	at org.junit.platform.launcher.core.EngineExecutionOrchestrator.execute(EngineExecutionOrchestrator.java:54)
	at org.junit.platform.launcher.core.DefaultLauncher.execute(DefaultLauncher.java:114)
	at org.junit.platform.launcher.core.DefaultLauncher.execute(DefaultLauncher.java:86)
	at org.junit.platform.launcher.core.DefaultLauncherSession$DelegatingLauncher.execute(DefaultLauncherSession.java:86)
	at org.apache.maven.surefire.junitplatform.LazyLauncher.execute(LazyLauncher.java:50)
	at org.apache.maven.surefire.junitplatform.JUnitPlatformProvider.execute(JUnitPlatformProvider.java:184)
	at org.apache.maven.surefire.junitplatform.JUnitPlatformProvider.invokeAllTests(JUnitPlatformProvider.java:148)
	at org.apache.maven.surefire.junitplatform.JUnitPlatformProvider.invoke(JUnitPlatformProvider.java:122)
	at org.apache.maven.surefire.booter.ForkedBooter.runSuitesInProcess(ForkedBooter.java:385)
	at org.apache.maven.surefire.booter.ForkedBooter.execute(ForkedBooter.java:162)
	at org.apache.maven.surefire.booter.ForkedBooter.run(ForkedBooter.java:507)
	at org.apache.maven.surefire.booter.ForkedBooter.main(ForkedBooter.java:495)
2023-11-24 12:36:48,777 DEBUG o.h.o.s.a.tree [SqlTreePrinter.java:46] SQL AST Tree:
    SelectStatement {
      FromClause {
        StandardTableGroup (c1 : franco.maurizio.hr.desk.com.persistence.entity.CoursePage(961692739176994)) {
          primaryTableReference : coursepage as c1_0
        }
      }
    }

2023-11-24 12:36:48,778 DEBUG o.h.o.s.exec [JdbcSelectExecutorStandardImpl.java:455] Skipping reading Query result cache data: cache-enabled = false, cache-mode = NORMAL
2023-11-24 12:36:48,778 TRACE o.h.o.results [ResultsHelper.java:117] Registering initializer : EntityResultInitializer(franco.maurizio.hr.desk.com.persistence.entity.CoursePage(961692739176994))
2023-11-24 12:36:48,778 DEBUG o.h.o.results [NavigablePathMapToInitializer.java:76] Initializer list:
	  franco.maurizio.hr.desk.com.persistence.entity.CoursePage(961692739176994) -> EntityResultInitializer(franco.maurizio.hr.desk.com.persistence.entity.CoursePage(961692739176994))@1513091051 (SingleTableEntityPersister(franco.maurizio.hr.desk.com.persistence.entity.CoursePage))

2023-11-24 12:36:48,778 TRACE o.h.s.r.j.i.DeferredResultSetAccess [DeferredResultSetAccess.java:224] Executing query to retrieve ResultSet : select c1_0.id,c1_0.body_text,c1_0.code,c1_0.created_datetime,c1_0.file_name,c1_0.opened_by,c1_0.status_open,c1_0.title from coursepage c1_0
2023-11-24 12:36:48,778 DEBUG o.h.SQL [SqlStatementLogger.java:133] select c1_0.id,c1_0.body_text,c1_0.code,c1_0.created_datetime,c1_0.file_name,c1_0.opened_by,c1_0.status_open,c1_0.title from coursepage c1_0
Hibernate: select c1_0.id,c1_0.body_text,c1_0.code,c1_0.created_datetime,c1_0.file_name,c1_0.opened_by,c1_0.status_open,c1_0.title from coursepage c1_0
2023-11-24 12:36:48,778 TRACE o.h.r.j.i.ResourceRegistryStandardImpl [ResourceRegistryStandardImpl.java:82] Registering statement [HikariProxyPreparedStatement@61417712 wrapping com.mysql.cj.jdbc.ClientPreparedStatement: select c1_0.id,c1_0.body_text,c1_0.code,c1_0.created_datetime,c1_0.file_name,c1_0.opened_by,c1_0.status_open,c1_0.title from coursepage c1_0]
2023-11-24 12:36:48,779 TRACE o.h.e.j.i.JdbcCoordinatorImpl [JdbcCoordinatorImpl.java:322] Registering last query statement [HikariProxyPreparedStatement@61417712 wrapping com.mysql.cj.jdbc.ClientPreparedStatement: select c1_0.id,c1_0.body_text,c1_0.code,c1_0.created_datetime,c1_0.file_name,c1_0.opened_by,c1_0.status_open,c1_0.title from coursepage c1_0]
2023-11-24 12:36:48,779 TRACE o.h.r.j.i.ResourceRegistryStandardImpl [ResourceRegistryStandardImpl.java:221] Registering result set [HikariProxyResultSet@1193568854 wrapping com.mysql.cj.jdbc.result.ResultSetImpl@aa159b7]
2023-11-24 12:36:48,780 TRACE o.h.r.j.i.AbstractLogicalConnectionImplementor [AbstractLogicalConnectionImplementor.java:48] LogicalConnection#afterStatement
2023-11-24 12:36:48,780 TRACE o.h.r.j.i.ResourceRegistryStandardImpl [ResourceRegistryStandardImpl.java:117] Releasing result set [HikariProxyResultSet@1193568854 wrapping com.mysql.cj.jdbc.result.ResultSetImpl@aa159b7]
2023-11-24 12:36:48,780 TRACE o.h.r.j.i.ResourceRegistryStandardImpl [ResourceRegistryStandardImpl.java:169] Closing result set [HikariProxyResultSet@1193568854 wrapping com.mysql.cj.jdbc.result.ResultSetImpl@aa159b7]
2023-11-24 12:36:48,780 TRACE o.h.r.j.i.ResourceRegistryStandardImpl [ResourceRegistryStandardImpl.java:96] Releasing statement [HikariProxyPreparedStatement@61417712 wrapping com.mysql.cj.jdbc.ClientPreparedStatement: select c1_0.id,c1_0.body_text,c1_0.code,c1_0.created_datetime,c1_0.file_name,c1_0.opened_by,c1_0.status_open,c1_0.title from coursepage c1_0]
2023-11-24 12:36:48,780 TRACE o.h.r.j.i.ResourceRegistryStandardImpl [ResourceRegistryStandardImpl.java:187] Closing prepared statement [HikariProxyPreparedStatement@61417712 wrapping com.mysql.cj.jdbc.ClientPreparedStatement: select c1_0.id,c1_0.body_text,c1_0.code,c1_0.created_datetime,c1_0.file_name,c1_0.opened_by,c1_0.status_open,c1_0.title from coursepage c1_0]
2023-11-24 12:36:48,780 TRACE o.h.e.i.StatefulPersistenceContext [StatefulPersistenceContext.java:976] Initializing non-lazy collections
2023-11-24 12:36:48,780 DEBUG o.h.e.t.i.TransactionImpl [TransactionImpl.java:98] committing
2023-11-24 12:36:48,781 TRACE o.h.r.t.b.j.i.JdbcResourceLocalTransactionCoordinatorImpl [JdbcResourceLocalTransactionCoordinatorImpl.java:167] ResourceLocalTransactionCoordinatorImpl#beforeCompletionCallback
2023-11-24 12:36:48,781 TRACE o.h.i.SessionImpl [SessionImpl.java:1965] SessionImpl#beforeTransactionCompletion()
2023-11-24 12:36:48,781 TRACE o.h.i.SessionImpl [SessionImpl.java:484] Automatically flushing session
2023-11-24 12:36:48,781 TRACE o.h.r.j.i.AbstractLogicalConnectionImplementor [AbstractLogicalConnectionImplementor.java:53] LogicalConnection#beforeTransactionCompletion
2023-11-24 12:36:48,781 TRACE o.h.r.t.i.SynchronizationRegistryStandardImpl [SynchronizationRegistryStandardImpl.java:55] SynchronizationRegistryStandardImpl.notifySynchronizationsBeforeTransactionCompletion
2023-11-24 12:36:48,781 TRACE o.h.r.j.i.AbstractLogicalConnectionImplementor [AbstractLogicalConnectionImplementor.java:85] Preparing to commit transaction via JDBC Connection.commit()
2023-11-24 12:36:48,781 TRACE o.h.r.j.i.AbstractLogicalConnectionImplementor [AbstractLogicalConnectionImplementor.java:88] Transaction committed via JDBC Connection.commit()
2023-11-24 12:36:48,781 TRACE o.h.r.j.i.AbstractLogicalConnectionImplementor [AbstractLogicalConnectionImplementor.java:105] re-enabling auto-commit on JDBC Connection after completion of JDBC-based transaction
2023-11-24 12:36:48,781 TRACE o.h.r.j.i.AbstractLogicalConnectionImplementor [AbstractLogicalConnectionImplementor.java:58] LogicalConnection#afterTransaction
2023-11-24 12:36:48,782 TRACE o.h.r.j.i.ResourceRegistryStandardImpl [ResourceRegistryStandardImpl.java:329] Releasing JDBC resources
2023-11-24 12:36:48,782 TRACE o.h.r.t.b.j.i.JdbcResourceLocalTransactionCoordinatorImpl [JdbcResourceLocalTransactionCoordinatorImpl.java:185] ResourceLocalTransactionCoordinatorImpl#afterCompletionCallback(true)
2023-11-24 12:36:48,782 TRACE o.h.r.t.i.SynchronizationRegistryStandardImpl [DelegatingBasicLogger.java:158] SynchronizationRegistryStandardImpl.notifySynchronizationsAfterTransactionCompletion(3)
2023-11-24 12:36:48,782 TRACE o.h.i.SessionImpl [SessionImpl.java:1980] SessionImpl#afterTransactionCompletion(successful=true, delayed=false)
2023-11-24 12:36:48,782 TRACE o.h.i.SessionImpl [SessionImpl.java:402] Closing session [50853202-3d7b-47ef-ae7d-758a0c2fee39]
2023-11-24 12:36:48,782 TRACE o.h.e.j.i.JdbcCoordinatorImpl [JdbcCoordinatorImpl.java:152] Closing JDBC container [org.hibernate.engine.jdbc.internal.JdbcCoordinatorImpl@65f0ec0d]
2023-11-24 12:36:48,782 TRACE o.h.r.j.i.ResourceRegistryStandardImpl [ResourceRegistryStandardImpl.java:329] Releasing JDBC resources
2023-11-24 12:36:48,782 TRACE o.h.r.j.i.LogicalConnectionManagedImpl [LogicalConnectionManagedImpl.java:256] Closing logical connection
2023-11-24 12:36:48,782 TRACE o.h.r.j.i.ResourceRegistryStandardImpl [ResourceRegistryStandardImpl.java:329] Releasing JDBC resources
2023-11-24 12:36:48,782 TRACE o.h.r.j.i.LogicalConnectionManagedImpl [LogicalConnectionManagedImpl.java:263] Logical connection closed
2023-11-24 12:36:48,782 DEBUG f.m.h.d.c.s.UserService [UserService.java:71] deleteAll - START
2023-11-24 12:36:48,782 TRACE o.h.i.SessionFactoryImpl$SessionBuilderImpl [SessionFactoryImpl.java:1298] Opening Hibernate Session.  tenant=null
2023-11-24 12:36:48,783 TRACE o.h.i.SessionImpl [SessionImpl.java:262] Opened Session [54ac693c-3012-4114-8d09-6257f6cf1744] at timestamp: 1700825808783
2023-11-24 12:36:48,783 DEBUG o.h.e.t.i.TransactionImpl [TransactionImpl.java:53] On TransactionImpl creation, JpaCompliance#isJpaTransactionComplianceEnabled == false
2023-11-24 12:36:48,783 DEBUG o.h.e.t.i.TransactionImpl [TransactionImpl.java:81] begin
2023-11-24 12:36:48,783 TRACE o.h.r.j.i.AbstractLogicalConnectionImplementor [AbstractLogicalConnectionImplementor.java:71] Preparing to begin transaction via JDBC Connection.setAutoCommit(false)
2023-11-24 12:36:48,783 TRACE o.h.r.j.i.AbstractLogicalConnectionImplementor [AbstractLogicalConnectionImplementor.java:73] Transaction begun via JDBC Connection.setAutoCommit(false)
2023-11-24 12:36:48,783 TRACE o.h.r.t.b.j.i.JdbcResourceLocalTransactionCoordinatorImpl [JdbcResourceLocalTransactionCoordinatorImpl.java:163] ResourceLocalTransactionCoordinatorImpl#afterBeginCallback
2023-11-24 12:36:48,784 TRACE o.h.q.s.s.BaseSqmToSqlAstConverter [BaseSqmToSqlAstConverter.java:2577] Resolving SqmRoot [franco.maurizio.hr.desk.com.persistence.entity.User] to TableGroup
2023-11-24 12:36:48,784 TRACE o.h.q.s.s.BaseSqmToSqlAstConverter [BaseSqmToSqlAstConverter.java:2744] Resolving SqmRoot [franco.maurizio.hr.desk.com.persistence.entity.User] to TableGroup
2023-11-24 12:36:48,784 DEBUG o.h.o.s.a.create [SqlAliasBaseImpl.java:33] Created new SQL alias : u1_0
2023-11-24 12:36:48,785 TRACE o.h.q.s.s.BaseSqmToSqlAstConverter [BaseSqmToSqlAstConverter.java:2811] Resolved SqmRoot [franco.maurizio.hr.desk.com.persistence.entity.User] to new TableGroup [StandardTableGroup(franco.maurizio.hr.desk.com.persistence.entity.User(961692747446851))]
2023-11-24 12:36:48,785 DEBUG o.h.o.s.a.create [SimpleFromClauseAccessImpl.java:98] Registration of TableGroup [StandardTableGroup(franco.maurizio.hr.desk.com.persistence.entity.User(961692747446851))] with identifierForTableGroup [franco.maurizio.hr.desk.com.persistence.entity.User] for NavigablePath [franco.maurizio.hr.desk.com.persistence.entity.User] 
2023-11-24 12:36:48,785 TRACE o.h.q.s.s.BaseSqmToSqlAstConverter [BaseSqmToSqlAstConverter.java:3179] Visiting explicit joins for `franco.maurizio.hr.desk.com.persistence.entity.User(961692747446851)`
2023-11-24 12:36:48,785 TRACE o.h.q.s.s.BaseSqmToSqlAstConverter [BaseSqmToSqlAstConverter.java:3820] SqmRoot [franco.maurizio.hr.desk.com.persistence.entity.User] resolved to existing TableGroup [StandardTableGroup(franco.maurizio.hr.desk.com.persistence.entity.User(961692747446851))]
2023-11-24 12:36:48,786 DEBUG o.h.o.r.g.AST [DomainResultGraphPrinter.java:67] DomainResult Graph:
 \-EntityResultImpl [franco.maurizio.hr.desk.com.persistence.entity.User(961692747446851)]
 |  +-BasicFetch [franco.maurizio.hr.desk.com.persistence.entity.User(961692747446851).email]
 |  +-BasicFetch [franco.maurizio.hr.desk.com.persistence.entity.User(961692747446851).enabled]
 |  +-BasicFetch [franco.maurizio.hr.desk.com.persistence.entity.User(961692747446851).firstname]
 |  +-BasicFetch [franco.maurizio.hr.desk.com.persistence.entity.User(961692747446851).lastname]
 |  +-BasicFetch [franco.maurizio.hr.desk.com.persistence.entity.User(961692747446851).password]
 |  +-BasicFetch [franco.maurizio.hr.desk.com.persistence.entity.User(961692747446851).regdate]
 |  \-BasicFetch [franco.maurizio.hr.desk.com.persistence.entity.User(961692747446851).role]

2023-11-24 12:36:48,786 TRACE o.h.o.r.g.AST [DomainResultGraphPrinter.java:70] Stack trace calling DomainResultGraphPrinter
java.lang.Exception: null
	at org.hibernate.sql.results.graph.DomainResultGraphPrinter.visitDomainResults(DomainResultGraphPrinter.java:70)
	at org.hibernate.sql.results.graph.DomainResultGraphPrinter.logDomainResultGraph(DomainResultGraphPrinter.java:46)
	at org.hibernate.sql.results.graph.DomainResultGraphPrinter.logDomainResultGraph(DomainResultGraphPrinter.java:37)
	at org.hibernate.sql.ast.spi.AbstractSqlAstTranslator.translateSelect(AbstractSqlAstTranslator.java:848)
	at org.hibernate.sql.ast.spi.AbstractSqlAstTranslator.translate(AbstractSqlAstTranslator.java:801)
	at org.hibernate.query.sqm.internal.ConcreteSqmSelectQueryPlan.buildCacheableSqmInterpretation(ConcreteSqmSelectQueryPlan.java:372)
	at org.hibernate.query.sqm.internal.ConcreteSqmSelectQueryPlan.withCacheableSqmInterpretation(ConcreteSqmSelectQueryPlan.java:268)
	at org.hibernate.query.sqm.internal.ConcreteSqmSelectQueryPlan.performList(ConcreteSqmSelectQueryPlan.java:244)
	at org.hibernate.query.sqm.internal.QuerySqmImpl.doList(QuerySqmImpl.java:518)
	at org.hibernate.query.spi.AbstractSelectionQuery.list(AbstractSelectionQuery.java:367)
	at org.hibernate.query.Query.getResultList(Query.java:119)
	at org.springframework.data.jpa.repository.support.SimpleJpaRepository.findAll(SimpleJpaRepository.java:383)
	at org.springframework.data.jpa.repository.support.SimpleJpaRepository.deleteAll(SimpleJpaRepository.java:283)
	at java.base/jdk.internal.reflect.NativeMethodAccessorImpl.invoke0(Native Method)
	at java.base/jdk.internal.reflect.NativeMethodAccessorImpl.invoke(NativeMethodAccessorImpl.java:77)
	at java.base/jdk.internal.reflect.DelegatingMethodAccessorImpl.invoke(DelegatingMethodAccessorImpl.java:43)
	at java.base/java.lang.reflect.Method.invoke(Method.java:568)
	at org.springframework.data.repository.core.support.RepositoryMethodInvoker$RepositoryFragmentMethodInvoker.lambda$new$0(RepositoryMethodInvoker.java:288)
	at org.springframework.data.repository.core.support.RepositoryMethodInvoker.doInvoke(RepositoryMethodInvoker.java:136)
	at org.springframework.data.repository.core.support.RepositoryMethodInvoker.invoke(RepositoryMethodInvoker.java:120)
	at org.springframework.data.repository.core.support.RepositoryComposition$RepositoryFragments.invoke(RepositoryComposition.java:516)
	at org.springframework.data.repository.core.support.RepositoryComposition.invoke(RepositoryComposition.java:285)
	at org.springframework.data.repository.core.support.RepositoryFactorySupport$ImplementationMethodExecutionInterceptor.invoke(RepositoryFactorySupport.java:628)
	at org.springframework.aop.framework.ReflectiveMethodInvocation.proceed(ReflectiveMethodInvocation.java:184)
	at org.springframework.data.repository.core.support.QueryExecutorMethodInterceptor.doInvoke(QueryExecutorMethodInterceptor.java:168)
	at org.springframework.data.repository.core.support.QueryExecutorMethodInterceptor.invoke(QueryExecutorMethodInterceptor.java:143)
	at org.springframework.aop.framework.ReflectiveMethodInvocation.proceed(ReflectiveMethodInvocation.java:184)
	at org.springframework.data.projection.DefaultMethodInvokingMethodInterceptor.invoke(DefaultMethodInvokingMethodInterceptor.java:72)
	at org.springframework.aop.framework.ReflectiveMethodInvocation.proceed(ReflectiveMethodInvocation.java:184)
	at org.springframework.transaction.interceptor.TransactionInterceptor$1.proceedWithInvocation(TransactionInterceptor.java:123)
	at org.springframework.transaction.interceptor.TransactionAspectSupport.invokeWithinTransaction(TransactionAspectSupport.java:391)
	at org.springframework.transaction.interceptor.TransactionInterceptor.invoke(TransactionInterceptor.java:119)
	at org.springframework.aop.framework.ReflectiveMethodInvocation.proceed(ReflectiveMethodInvocation.java:184)
	at org.springframework.dao.support.PersistenceExceptionTranslationInterceptor.invoke(PersistenceExceptionTranslationInterceptor.java:137)
	at org.springframework.aop.framework.ReflectiveMethodInvocation.proceed(ReflectiveMethodInvocation.java:184)
	at org.springframework.data.jpa.repository.support.CrudMethodMetadataPostProcessor$CrudMethodMetadataPopulatingMethodInterceptor.invoke(CrudMethodMetadataPostProcessor.java:164)
	at org.springframework.aop.framework.ReflectiveMethodInvocation.proceed(ReflectiveMethodInvocation.java:184)
	at org.springframework.aop.interceptor.ExposeInvocationInterceptor.invoke(ExposeInvocationInterceptor.java:97)
	at org.springframework.aop.framework.ReflectiveMethodInvocation.proceed(ReflectiveMethodInvocation.java:184)
	at org.springframework.aop.framework.JdkDynamicAopProxy.invoke(JdkDynamicAopProxy.java:244)
	at jdk.proxy2/jdk.proxy2.$Proxy197.deleteAll(Unknown Source)
	at franco.maurizio.hr.desk.com.service.UserService.deleteAll(UserService.java:72)
	at franco.maurizio.hr.desk.com.integration.controller.CandidateCustomControllerIntegrationTests.initializeRelatedTables(CandidateCustomControllerIntegrationTests.java:78)
	at java.base/jdk.internal.reflect.NativeMethodAccessorImpl.invoke0(Native Method)
	at java.base/jdk.internal.reflect.NativeMethodAccessorImpl.invoke(NativeMethodAccessorImpl.java:77)
	at java.base/jdk.internal.reflect.DelegatingMethodAccessorImpl.invoke(DelegatingMethodAccessorImpl.java:43)
	at java.base/java.lang.reflect.Method.invoke(Method.java:568)
	at org.junit.platform.commons.util.ReflectionUtils.invokeMethod(ReflectionUtils.java:727)
	at org.junit.jupiter.engine.execution.MethodInvocation.proceed(MethodInvocation.java:60)
	at org.junit.jupiter.engine.execution.InvocationInterceptorChain$ValidatingInvocation.proceed(InvocationInterceptorChain.java:131)
	at org.junit.jupiter.engine.extension.TimeoutExtension.intercept(TimeoutExtension.java:156)
	at org.junit.jupiter.engine.extension.TimeoutExtension.interceptLifecycleMethod(TimeoutExtension.java:128)
	at org.junit.jupiter.engine.extension.TimeoutExtension.interceptBeforeEachMethod(TimeoutExtension.java:78)
	at org.junit.jupiter.engine.execution.InterceptingExecutableInvoker$ReflectiveInterceptorCall.lambda$ofVoidMethod$0(InterceptingExecutableInvoker.java:103)
	at org.junit.jupiter.engine.execution.InterceptingExecutableInvoker.lambda$invoke$0(InterceptingExecutableInvoker.java:93)
	at org.junit.jupiter.engine.execution.InvocationInterceptorChain$InterceptedInvocation.proceed(InvocationInterceptorChain.java:106)
	at org.junit.jupiter.engine.execution.InvocationInterceptorChain.proceed(InvocationInterceptorChain.java:64)
	at org.junit.jupiter.engine.execution.InvocationInterceptorChain.chainAndInvoke(InvocationInterceptorChain.java:45)
	at org.junit.jupiter.engine.execution.InvocationInterceptorChain.invoke(InvocationInterceptorChain.java:37)
	at org.junit.jupiter.engine.execution.InterceptingExecutableInvoker.invoke(InterceptingExecutableInvoker.java:92)
	at org.junit.jupiter.engine.execution.InterceptingExecutableInvoker.invoke(InterceptingExecutableInvoker.java:86)
	at org.junit.jupiter.engine.descriptor.ClassBasedTestDescriptor.invokeMethodInExtensionContext(ClassBasedTestDescriptor.java:520)
	at org.junit.jupiter.engine.descriptor.ClassBasedTestDescriptor.lambda$synthesizeBeforeEachMethodAdapter$23(ClassBasedTestDescriptor.java:505)
	at org.junit.jupiter.engine.descriptor.TestMethodTestDescriptor.lambda$invokeBeforeEachMethods$3(TestMethodTestDescriptor.java:174)
	at org.junit.jupiter.engine.descriptor.TestMethodTestDescriptor.lambda$invokeBeforeMethodsOrCallbacksUntilExceptionOccurs$6(TestMethodTestDescriptor.java:202)
	at org.junit.platform.engine.support.hierarchical.ThrowableCollector.execute(ThrowableCollector.java:73)
	at org.junit.jupiter.engine.descriptor.TestMethodTestDescriptor.invokeBeforeMethodsOrCallbacksUntilExceptionOccurs(TestMethodTestDescriptor.java:202)
	at org.junit.jupiter.engine.descriptor.TestMethodTestDescriptor.invokeBeforeEachMethods(TestMethodTestDescriptor.java:171)
	at org.junit.jupiter.engine.descriptor.TestMethodTestDescriptor.execute(TestMethodTestDescriptor.java:134)
	at org.junit.jupiter.engine.descriptor.TestMethodTestDescriptor.execute(TestMethodTestDescriptor.java:68)
	at org.junit.platform.engine.support.hierarchical.NodeTestTask.lambda$executeRecursively$6(NodeTestTask.java:151)
	at org.junit.platform.engine.support.hierarchical.ThrowableCollector.execute(ThrowableCollector.java:73)
	at org.junit.platform.engine.support.hierarchical.NodeTestTask.lambda$executeRecursively$8(NodeTestTask.java:141)
	at org.junit.platform.engine.support.hierarchical.Node.around(Node.java:137)
	at org.junit.platform.engine.support.hierarchical.NodeTestTask.lambda$executeRecursively$9(NodeTestTask.java:139)
	at org.junit.platform.engine.support.hierarchical.ThrowableCollector.execute(ThrowableCollector.java:73)
	at org.junit.platform.engine.support.hierarchical.NodeTestTask.executeRecursively(NodeTestTask.java:138)
	at org.junit.platform.engine.support.hierarchical.NodeTestTask.execute(NodeTestTask.java:95)
	at java.base/java.util.ArrayList.forEach(ArrayList.java:1511)
	at org.junit.platform.engine.support.hierarchical.SameThreadHierarchicalTestExecutorService.invokeAll(SameThreadHierarchicalTestExecutorService.java:41)
	at org.junit.platform.engine.support.hierarchical.NodeTestTask.lambda$executeRecursively$6(NodeTestTask.java:155)
	at org.junit.platform.engine.support.hierarchical.ThrowableCollector.execute(ThrowableCollector.java:73)
	at org.junit.platform.engine.support.hierarchical.NodeTestTask.lambda$executeRecursively$8(NodeTestTask.java:141)
	at org.junit.platform.engine.support.hierarchical.Node.around(Node.java:137)
	at org.junit.platform.engine.support.hierarchical.NodeTestTask.lambda$executeRecursively$9(NodeTestTask.java:139)
	at org.junit.platform.engine.support.hierarchical.ThrowableCollector.execute(ThrowableCollector.java:73)
	at org.junit.platform.engine.support.hierarchical.NodeTestTask.executeRecursively(NodeTestTask.java:138)
	at org.junit.platform.engine.support.hierarchical.NodeTestTask.execute(NodeTestTask.java:95)
	at java.base/java.util.ArrayList.forEach(ArrayList.java:1511)
	at org.junit.platform.engine.support.hierarchical.SameThreadHierarchicalTestExecutorService.invokeAll(SameThreadHierarchicalTestExecutorService.java:41)
	at org.junit.platform.engine.support.hierarchical.NodeTestTask.lambda$executeRecursively$6(NodeTestTask.java:155)
	at org.junit.platform.engine.support.hierarchical.ThrowableCollector.execute(ThrowableCollector.java:73)
	at org.junit.platform.engine.support.hierarchical.NodeTestTask.lambda$executeRecursively$8(NodeTestTask.java:141)
	at org.junit.platform.engine.support.hierarchical.Node.around(Node.java:137)
	at org.junit.platform.engine.support.hierarchical.NodeTestTask.lambda$executeRecursively$9(NodeTestTask.java:139)
	at org.junit.platform.engine.support.hierarchical.ThrowableCollector.execute(ThrowableCollector.java:73)
	at org.junit.platform.engine.support.hierarchical.NodeTestTask.executeRecursively(NodeTestTask.java:138)
	at org.junit.platform.engine.support.hierarchical.NodeTestTask.execute(NodeTestTask.java:95)
	at org.junit.platform.engine.support.hierarchical.SameThreadHierarchicalTestExecutorService.submit(SameThreadHierarchicalTestExecutorService.java:35)
	at org.junit.platform.engine.support.hierarchical.HierarchicalTestExecutor.execute(HierarchicalTestExecutor.java:57)
	at org.junit.platform.engine.support.hierarchical.HierarchicalTestEngine.execute(HierarchicalTestEngine.java:54)
	at org.junit.platform.launcher.core.EngineExecutionOrchestrator.execute(EngineExecutionOrchestrator.java:147)
	at org.junit.platform.launcher.core.EngineExecutionOrchestrator.execute(EngineExecutionOrchestrator.java:127)
	at org.junit.platform.launcher.core.EngineExecutionOrchestrator.execute(EngineExecutionOrchestrator.java:90)
	at org.junit.platform.launcher.core.EngineExecutionOrchestrator.lambda$execute$0(EngineExecutionOrchestrator.java:55)
	at org.junit.platform.launcher.core.EngineExecutionOrchestrator.withInterceptedStreams(EngineExecutionOrchestrator.java:102)
	at org.junit.platform.launcher.core.EngineExecutionOrchestrator.execute(EngineExecutionOrchestrator.java:54)
	at org.junit.platform.launcher.core.DefaultLauncher.execute(DefaultLauncher.java:114)
	at org.junit.platform.launcher.core.DefaultLauncher.execute(DefaultLauncher.java:86)
	at org.junit.platform.launcher.core.DefaultLauncherSession$DelegatingLauncher.execute(DefaultLauncherSession.java:86)
	at org.apache.maven.surefire.junitplatform.LazyLauncher.execute(LazyLauncher.java:50)
	at org.apache.maven.surefire.junitplatform.JUnitPlatformProvider.execute(JUnitPlatformProvider.java:184)
	at org.apache.maven.surefire.junitplatform.JUnitPlatformProvider.invokeAllTests(JUnitPlatformProvider.java:148)
	at org.apache.maven.surefire.junitplatform.JUnitPlatformProvider.invoke(JUnitPlatformProvider.java:122)
	at org.apache.maven.surefire.booter.ForkedBooter.runSuitesInProcess(ForkedBooter.java:385)
	at org.apache.maven.surefire.booter.ForkedBooter.execute(ForkedBooter.java:162)
	at org.apache.maven.surefire.booter.ForkedBooter.run(ForkedBooter.java:507)
	at org.apache.maven.surefire.booter.ForkedBooter.main(ForkedBooter.java:495)
2023-11-24 12:36:48,786 DEBUG o.h.o.s.a.tree [SqlTreePrinter.java:46] SQL AST Tree:
    SelectStatement {
      FromClause {
        StandardTableGroup (u1 : franco.maurizio.hr.desk.com.persistence.entity.User(961692747446851)) {
          primaryTableReference : users as u1_0
        }
      }
    }

2023-11-24 12:36:48,787 DEBUG o.h.o.s.exec [JdbcSelectExecutorStandardImpl.java:455] Skipping reading Query result cache data: cache-enabled = false, cache-mode = NORMAL
2023-11-24 12:36:48,787 TRACE o.h.o.results [ResultsHelper.java:117] Registering initializer : EntityResultInitializer(franco.maurizio.hr.desk.com.persistence.entity.User(961692747446851))
2023-11-24 12:36:48,787 DEBUG o.h.o.results [NavigablePathMapToInitializer.java:76] Initializer list:
	  franco.maurizio.hr.desk.com.persistence.entity.User(961692747446851) -> EntityResultInitializer(franco.maurizio.hr.desk.com.persistence.entity.User(961692747446851))@230482597 (SingleTableEntityPersister(franco.maurizio.hr.desk.com.persistence.entity.User))

2023-11-24 12:36:48,787 TRACE o.h.s.r.j.i.DeferredResultSetAccess [DeferredResultSetAccess.java:224] Executing query to retrieve ResultSet : select u1_0.id,u1_0.email,u1_0.enabled,u1_0.firstname,u1_0.lastname,u1_0.password,u1_0.regdate,u1_0.role from users u1_0
2023-11-24 12:36:48,787 DEBUG o.h.SQL [SqlStatementLogger.java:133] select u1_0.id,u1_0.email,u1_0.enabled,u1_0.firstname,u1_0.lastname,u1_0.password,u1_0.regdate,u1_0.role from users u1_0
Hibernate: select u1_0.id,u1_0.email,u1_0.enabled,u1_0.firstname,u1_0.lastname,u1_0.password,u1_0.regdate,u1_0.role from users u1_0
2023-11-24 12:36:48,787 TRACE o.h.r.j.i.ResourceRegistryStandardImpl [ResourceRegistryStandardImpl.java:82] Registering statement [HikariProxyPreparedStatement@1795915201 wrapping com.mysql.cj.jdbc.ClientPreparedStatement: select u1_0.id,u1_0.email,u1_0.enabled,u1_0.firstname,u1_0.lastname,u1_0.password,u1_0.regdate,u1_0.role from users u1_0]
2023-11-24 12:36:48,788 TRACE o.h.e.j.i.JdbcCoordinatorImpl [JdbcCoordinatorImpl.java:322] Registering last query statement [HikariProxyPreparedStatement@1795915201 wrapping com.mysql.cj.jdbc.ClientPreparedStatement: select u1_0.id,u1_0.email,u1_0.enabled,u1_0.firstname,u1_0.lastname,u1_0.password,u1_0.regdate,u1_0.role from users u1_0]
2023-11-24 12:36:48,788 TRACE o.h.r.j.i.ResourceRegistryStandardImpl [ResourceRegistryStandardImpl.java:221] Registering result set [HikariProxyResultSet@2132002426 wrapping com.mysql.cj.jdbc.result.ResultSetImpl@795c1058]
2023-11-24 12:36:48,789 TRACE o.h.r.j.i.AbstractLogicalConnectionImplementor [AbstractLogicalConnectionImplementor.java:48] LogicalConnection#afterStatement
2023-11-24 12:36:48,789 TRACE o.h.o.j.extract [JdbcExtractingLogging.java:24] extracted value ([1] : [BIGINT]) - [161]
2023-11-24 12:36:48,789 TRACE o.h.o.j.extract [JdbcExtractingLogging.java:24] extracted value ([2] : [VARCHAR]) - [812a@b.c]
2023-11-24 12:36:48,789 TRACE o.h.o.j.extract [JdbcExtractingLogging.java:24] extracted value ([3] : [BOOLEAN]) - [false]
2023-11-24 12:36:48,790 TRACE o.h.o.j.extract [JdbcExtractingLogging.java:24] extracted value ([4] : [VARCHAR]) - [pippo]
2023-11-24 12:36:48,790 TRACE o.h.o.j.extract [JdbcExtractingLogging.java:24] extracted value ([5] : [VARCHAR]) - [prova]
2023-11-24 12:36:48,790 TRACE o.h.o.j.extract [JdbcExtractingLogging.java:24] extracted value ([6] : [VARCHAR]) - [$2a$10$vKTjeC4l0LUs297SqFrwYeBUp5RxJ1jnWmSV6wSXAyZoU9aR4Ot3.]
2023-11-24 12:36:48,790 TRACE o.h.o.j.extract [JdbcExtractingLogging.java:24] extracted value ([7] : [TIMESTAMP]) - [2023-11-24T12:36:48]
2023-11-24 12:36:48,790 TRACE o.h.o.j.extract [JdbcExtractingLogging.java:24] extracted value ([8] : [INTEGER]) - [0]
2023-11-24 12:36:48,791 TRACE o.h.o.r.loading [StandardRowReader.java:85] StandardRowReader#readRow
2023-11-24 12:36:48,791 TRACE o.h.o.r.l.entity [AbstractEntityInitializer.java:277] (o.h.s.r.g.e.i.EntityResultInitializer) Beginning Initializer#resolveKey process for entity : franco.maurizio.hr.desk.com.persistence.entity.User(961692747446851)
2023-11-24 12:36:48,791 DEBUG o.h.o.results [BasicResultAssembler.java:61] Extracted JDBC value [0] - [161]
2023-11-24 12:36:48,791 DEBUG o.h.o.r.l.entity [AbstractEntityInitializer.java:300] (EntityResultInitializer) Hydrated EntityKey (franco.maurizio.hr.desk.com.persistence.entity.User(961692747446851)): 161
2023-11-24 12:36:48,791 TRACE o.h.o.r.l.entity [AbstractEntityInitializer.java:491] (o.h.s.r.g.e.i.EntityResultInitializer) Beginning Initializer#resolveInstance process for entity (franco.maurizio.hr.desk.com.persistence.entity.User(961692747446851)) : 161
2023-11-24 12:36:48,791 DEBUG o.h.o.r.l.entity [AbstractEntityInitializer.java:689] (EntityResultInitializer) Created new entity instance [franco.maurizio.hr.desk.com.persistence.entity.User(961692747446851)#161] : 320826396
2023-11-24 12:36:48,792 TRACE o.h.o.r.l.entity [AbstractEntityInitializer.java:833] (EntityResultInitializer) Beginning Initializer#initializeInstance process for entity franco.maurizio.hr.desk.com.persistence.entity.User(961692747446851)#161
2023-11-24 12:36:48,792 DEBUG o.h.o.results [BasicResultAssembler.java:61] Extracted JDBC value [1] - [812a@b.c]
2023-11-24 12:36:48,792 DEBUG o.h.o.results [BasicResultAssembler.java:61] Extracted JDBC value [2] - [false]
2023-11-24 12:36:48,792 DEBUG o.h.o.results [BasicResultAssembler.java:61] Extracted JDBC value [3] - [pippo]
2023-11-24 12:36:48,792 DEBUG o.h.o.results [BasicResultAssembler.java:61] Extracted JDBC value [4] - [prova]
2023-11-24 12:36:48,792 DEBUG o.h.o.results [BasicResultAssembler.java:61] Extracted JDBC value [5] - [$2a$10$vKTjeC4l0LUs297SqFrwYeBUp5RxJ1jnWmSV6wSXAyZoU9aR4Ot3.]
2023-11-24 12:36:48,793 DEBUG o.h.o.results [BasicResultAssembler.java:61] Extracted JDBC value [6] - [2023-11-24T12:36:48]
2023-11-24 12:36:48,793 DEBUG o.h.o.results [BasicResultAssembler.java:61] Extracted JDBC value [7] - [0]
2023-11-24 12:36:48,793 DEBUG o.h.o.r.l.entity [AbstractEntityInitializer.java:889] (EntityResultInitializer) Done materializing entityInstance : franco.maurizio.hr.desk.com.persistence.entity.User(961692747446851)#161
2023-11-24 12:36:48,793 DEBUG o.h.o.r.loading [StandardRowReader.java:93] Calling top-level assembler (0 / 1) : org.hibernate.sql.results.graph.entity.internal.EntityAssembler@23cafecb
2023-11-24 12:36:48,793 TRACE o.h.o.r.loading [StandardRowReader.java:103] StandardRowReader#afterRow
2023-11-24 12:36:48,793 TRACE o.h.r.j.i.ResourceRegistryStandardImpl [ResourceRegistryStandardImpl.java:117] Releasing result set [HikariProxyResultSet@2132002426 wrapping com.mysql.cj.jdbc.result.ResultSetImpl@795c1058]
2023-11-24 12:36:48,793 TRACE o.h.r.j.i.ResourceRegistryStandardImpl [ResourceRegistryStandardImpl.java:169] Closing result set [HikariProxyResultSet@2132002426 wrapping com.mysql.cj.jdbc.result.ResultSetImpl@795c1058]
2023-11-24 12:36:48,793 TRACE o.h.r.j.i.ResourceRegistryStandardImpl [ResourceRegistryStandardImpl.java:96] Releasing statement [HikariProxyPreparedStatement@1795915201 wrapping com.mysql.cj.jdbc.ClientPreparedStatement: select u1_0.id,u1_0.email,u1_0.enabled,u1_0.firstname,u1_0.lastname,u1_0.password,u1_0.regdate,u1_0.role from users u1_0]
2023-11-24 12:36:48,794 TRACE o.h.r.j.i.ResourceRegistryStandardImpl [ResourceRegistryStandardImpl.java:187] Closing prepared statement [HikariProxyPreparedStatement@1795915201 wrapping com.mysql.cj.jdbc.ClientPreparedStatement: select u1_0.id,u1_0.email,u1_0.enabled,u1_0.firstname,u1_0.lastname,u1_0.password,u1_0.regdate,u1_0.role from users u1_0]
2023-11-24 12:36:48,794 TRACE o.h.e.i.StatefulPersistenceContext [StatefulPersistenceContext.java:976] Initializing non-lazy collections
2023-11-24 12:36:48,794 DEBUG o.h.j.i.PersistenceUnitUtilImpl [PersistenceUnitUtilImpl.java:89] jakarta.persistence.PersistenceUnitUtil.getIdentifier is only intended to work with enhanced entities (although Hibernate also adapts this support to its proxies); however the passed entity was not enhanced (nor a proxy).. may not be able to read identifier
2023-11-24 12:36:48,794 DEBUG o.h.j.i.PersistenceUnitUtilImpl [PersistenceUnitUtilImpl.java:89] jakarta.persistence.PersistenceUnitUtil.getIdentifier is only intended to work with enhanced entities (although Hibernate also adapts this support to its proxies); however the passed entity was not enhanced (nor a proxy).. may not be able to read identifier
2023-11-24 12:36:48,794 TRACE o.h.e.i.DefaultLoadEventListener [DefaultLoadEventListener.java:228] Loading entity: [franco.maurizio.hr.desk.com.persistence.entity.User#161]
2023-11-24 12:36:48,794 TRACE o.h.e.i.DefaultLoadEventListener [DefaultLoadEventListener.java:502] Attempting to resolve: [franco.maurizio.hr.desk.com.persistence.entity.User#161]
2023-11-24 12:36:48,794 TRACE o.h.e.i.DefaultDeleteEventListener [DefaultDeleteEventListener.java:211] Deleting a persistent instance
2023-11-24 12:36:48,794 TRACE o.h.e.i.DefaultDeleteEventListener [DefaultDeleteEventListener.java:363] Deleting [franco.maurizio.hr.desk.com.persistence.entity.User#161]
2023-11-24 12:36:48,795 DEBUG o.h.e.t.i.TransactionImpl [TransactionImpl.java:98] committing
2023-11-24 12:36:48,795 TRACE o.h.r.t.b.j.i.JdbcResourceLocalTransactionCoordinatorImpl [JdbcResourceLocalTransactionCoordinatorImpl.java:167] ResourceLocalTransactionCoordinatorImpl#beforeCompletionCallback
2023-11-24 12:36:48,795 TRACE o.h.i.SessionImpl [SessionImpl.java:1965] SessionImpl#beforeTransactionCompletion()
2023-11-24 12:36:48,795 TRACE o.h.i.SessionImpl [SessionImpl.java:484] Automatically flushing session
2023-11-24 12:36:48,795 TRACE o.h.e.i.AbstractFlushingEventListener [AbstractFlushingEventListener.java:72] Flushing session
2023-11-24 12:36:48,795 DEBUG o.h.e.i.AbstractFlushingEventListener [AbstractFlushingEventListener.java:136] Processing flush-time cascades
2023-11-24 12:36:48,795 DEBUG o.h.e.i.AbstractFlushingEventListener [AbstractFlushingEventListener.java:185] Dirty checking collections
2023-11-24 12:36:48,795 TRACE o.h.e.i.AbstractFlushingEventListener [AbstractFlushingEventListener.java:197] Flushing entities and processing referenced collections
2023-11-24 12:36:48,795 TRACE o.h.e.i.AbstractFlushingEventListener [AbstractFlushingEventListener.java:264] Processing unreferenced collections
2023-11-24 12:36:48,795 TRACE o.h.e.i.AbstractFlushingEventListener [AbstractFlushingEventListener.java:277] Scheduling collection removes/(re)creates/updates
2023-11-24 12:36:48,795 DEBUG o.h.e.i.AbstractFlushingEventListener [AbstractFlushingEventListener.java:110] Flushed: 0 insertions, 0 updates, 1 deletions to 1 objects
2023-11-24 12:36:48,795 DEBUG o.h.e.i.AbstractFlushingEventListener [AbstractFlushingEventListener.java:117] Flushed: 0 (re)creations, 0 updates, 0 removals to 0 collections
2023-11-24 12:36:48,796 DEBUG o.h.i.u.EntityPrinter [EntityPrinter.java:111] Listing entities:
2023-11-24 12:36:48,796 DEBUG o.h.i.u.EntityPrinter [EntityPrinter.java:118] franco.maurizio.hr.desk.com.persistence.entity.User{firstname=pippo, password=$2a$10$vKTjeC4l0LUs297SqFrwYeBUp5RxJ1jnWmSV6wSXAyZoU9aR4Ot3., role=0, regdate=2023-11-24T12:36:48, id=161, email=812a@b.c, enabled=false, lastname=prova}
2023-11-24 12:36:48,796 TRACE o.h.e.i.AbstractFlushingEventListener [AbstractFlushingEventListener.java:349] Executing flush
2023-11-24 12:36:48,796 TRACE o.h.r.j.i.ResourceRegistryStandardImpl [ResourceRegistryStandardImpl.java:82] Registering statement [HikariProxyPreparedStatement@207982597 wrapping com.mysql.cj.jdbc.ClientPreparedStatement: delete from users where id=** NOT SPECIFIED **]
2023-11-24 12:36:48,796 TRACE o.h.r.j.i.ResourceRegistryStandardImpl [ResourceRegistryStandardImpl.java:221] Registering result set [null]
2023-11-24 12:36:48,796 DEBUG o.h.SQL [SqlStatementLogger.java:133] delete from users where id=?
Hibernate: delete from users where id=?
2023-11-24 12:36:48,796 TRACE o.h.o.j.bind [JdbcBindingLogging.java:25] binding parameter [1] as [BIGINT] - [161]
2023-11-24 12:36:48,797 TRACE o.h.r.j.i.ResourceRegistryStandardImpl [ResourceRegistryStandardImpl.java:96] Releasing statement [HikariProxyPreparedStatement@207982597 wrapping com.mysql.cj.jdbc.ClientPreparedStatement: delete from users where id=161]
2023-11-24 12:36:48,797 TRACE o.h.r.j.i.ResourceRegistryStandardImpl [ResourceRegistryStandardImpl.java:169] Closing result set [null]
2023-11-24 12:36:48,797 TRACE o.h.r.j.i.ResourceRegistryStandardImpl [ResourceRegistryStandardImpl.java:187] Closing prepared statement [HikariProxyPreparedStatement@207982597 wrapping com.mysql.cj.jdbc.ClientPreparedStatement: delete from users where id=161]
2023-11-24 12:36:48,797 TRACE o.h.e.j.i.JdbcCoordinatorImpl [JdbcCoordinatorImpl.java:270] Starting after statement execution processing [ON_CLOSE]
2023-11-24 12:36:48,797 TRACE o.h.e.i.AbstractFlushingEventListener [AbstractFlushingEventListener.java:384] Post flush
2023-11-24 12:36:48,797 TRACE o.h.r.j.i.AbstractLogicalConnectionImplementor [AbstractLogicalConnectionImplementor.java:53] LogicalConnection#beforeTransactionCompletion
2023-11-24 12:36:48,797 TRACE o.h.r.t.i.SynchronizationRegistryStandardImpl [SynchronizationRegistryStandardImpl.java:55] SynchronizationRegistryStandardImpl.notifySynchronizationsBeforeTransactionCompletion
2023-11-24 12:36:48,797 TRACE o.h.r.j.i.AbstractLogicalConnectionImplementor [AbstractLogicalConnectionImplementor.java:85] Preparing to commit transaction via JDBC Connection.commit()
2023-11-24 12:36:48,798 TRACE o.h.r.j.i.AbstractLogicalConnectionImplementor [AbstractLogicalConnectionImplementor.java:88] Transaction committed via JDBC Connection.commit()
2023-11-24 12:36:48,798 TRACE o.h.r.j.i.AbstractLogicalConnectionImplementor [AbstractLogicalConnectionImplementor.java:105] re-enabling auto-commit on JDBC Connection after completion of JDBC-based transaction
2023-11-24 12:36:48,798 TRACE o.h.r.j.i.AbstractLogicalConnectionImplementor [AbstractLogicalConnectionImplementor.java:58] LogicalConnection#afterTransaction
2023-11-24 12:36:48,799 TRACE o.h.r.j.i.ResourceRegistryStandardImpl [ResourceRegistryStandardImpl.java:329] Releasing JDBC resources
2023-11-24 12:36:48,799 TRACE o.h.r.t.b.j.i.JdbcResourceLocalTransactionCoordinatorImpl [JdbcResourceLocalTransactionCoordinatorImpl.java:185] ResourceLocalTransactionCoordinatorImpl#afterCompletionCallback(true)
2023-11-24 12:36:48,799 TRACE o.h.r.t.i.SynchronizationRegistryStandardImpl [DelegatingBasicLogger.java:158] SynchronizationRegistryStandardImpl.notifySynchronizationsAfterTransactionCompletion(3)
2023-11-24 12:36:48,799 TRACE o.h.i.SessionImpl [SessionImpl.java:1980] SessionImpl#afterTransactionCompletion(successful=true, delayed=false)
2023-11-24 12:36:48,799 TRACE o.h.i.SessionImpl [SessionImpl.java:402] Closing session [54ac693c-3012-4114-8d09-6257f6cf1744]
2023-11-24 12:36:48,799 TRACE o.h.e.j.i.JdbcCoordinatorImpl [JdbcCoordinatorImpl.java:152] Closing JDBC container [org.hibernate.engine.jdbc.internal.JdbcCoordinatorImpl@60e436a9]
2023-11-24 12:36:48,799 TRACE o.h.r.j.i.ResourceRegistryStandardImpl [ResourceRegistryStandardImpl.java:329] Releasing JDBC resources
2023-11-24 12:36:48,799 TRACE o.h.r.j.i.LogicalConnectionManagedImpl [LogicalConnectionManagedImpl.java:256] Closing logical connection
2023-11-24 12:36:48,799 TRACE o.h.r.j.i.ResourceRegistryStandardImpl [ResourceRegistryStandardImpl.java:329] Releasing JDBC resources
2023-11-24 12:36:48,800 TRACE o.h.r.j.i.LogicalConnectionManagedImpl [LogicalConnectionManagedImpl.java:263] Logical connection closed
2023-11-24 12:36:48,800 DEBUG f.m.h.d.c.s.RoleService [RoleService.java:42] deleteAll - START
2023-11-24 12:36:48,800 TRACE o.h.i.SessionFactoryImpl$SessionBuilderImpl [SessionFactoryImpl.java:1298] Opening Hibernate Session.  tenant=null
2023-11-24 12:36:48,800 TRACE o.h.i.SessionImpl [SessionImpl.java:262] Opened Session [565d0e65-acee-4d3f-82dc-c93dbf524b0c] at timestamp: 1700825808800
2023-11-24 12:36:48,800 DEBUG o.h.e.t.i.TransactionImpl [TransactionImpl.java:53] On TransactionImpl creation, JpaCompliance#isJpaTransactionComplianceEnabled == false
2023-11-24 12:36:48,801 DEBUG o.h.e.t.i.TransactionImpl [TransactionImpl.java:81] begin
2023-11-24 12:36:48,801 TRACE o.h.r.j.i.AbstractLogicalConnectionImplementor [AbstractLogicalConnectionImplementor.java:71] Preparing to begin transaction via JDBC Connection.setAutoCommit(false)
2023-11-24 12:36:48,801 TRACE o.h.r.j.i.AbstractLogicalConnectionImplementor [AbstractLogicalConnectionImplementor.java:73] Transaction begun via JDBC Connection.setAutoCommit(false)
2023-11-24 12:36:48,801 TRACE o.h.r.t.b.j.i.JdbcResourceLocalTransactionCoordinatorImpl [JdbcResourceLocalTransactionCoordinatorImpl.java:163] ResourceLocalTransactionCoordinatorImpl#afterBeginCallback
2023-11-24 12:36:48,802 TRACE o.h.q.s.s.BaseSqmToSqlAstConverter [BaseSqmToSqlAstConverter.java:2577] Resolving SqmRoot [franco.maurizio.hr.desk.com.persistence.entity.Role] to TableGroup
2023-11-24 12:36:48,802 TRACE o.h.q.s.s.BaseSqmToSqlAstConverter [BaseSqmToSqlAstConverter.java:2744] Resolving SqmRoot [franco.maurizio.hr.desk.com.persistence.entity.Role] to TableGroup
2023-11-24 12:36:48,802 DEBUG o.h.o.s.a.create [SqlAliasBaseImpl.java:33] Created new SQL alias : r1_0
2023-11-24 12:36:48,803 TRACE o.h.q.s.s.BaseSqmToSqlAstConverter [BaseSqmToSqlAstConverter.java:2811] Resolved SqmRoot [franco.maurizio.hr.desk.com.persistence.entity.Role] to new TableGroup [StandardTableGroup(franco.maurizio.hr.desk.com.persistence.entity.Role(961692765546957))]
2023-11-24 12:36:48,803 DEBUG o.h.o.s.a.create [SimpleFromClauseAccessImpl.java:98] Registration of TableGroup [StandardTableGroup(franco.maurizio.hr.desk.com.persistence.entity.Role(961692765546957))] with identifierForTableGroup [franco.maurizio.hr.desk.com.persistence.entity.Role] for NavigablePath [franco.maurizio.hr.desk.com.persistence.entity.Role] 
2023-11-24 12:36:48,803 TRACE o.h.q.s.s.BaseSqmToSqlAstConverter [BaseSqmToSqlAstConverter.java:3179] Visiting explicit joins for `franco.maurizio.hr.desk.com.persistence.entity.Role(961692765546957)`
2023-11-24 12:36:48,803 TRACE o.h.q.s.s.BaseSqmToSqlAstConverter [BaseSqmToSqlAstConverter.java:3820] SqmRoot [franco.maurizio.hr.desk.com.persistence.entity.Role] resolved to existing TableGroup [StandardTableGroup(franco.maurizio.hr.desk.com.persistence.entity.Role(961692765546957))]
2023-11-24 12:36:48,803 DEBUG o.h.o.r.g.AST [DomainResultGraphPrinter.java:67] DomainResult Graph:
 \-EntityResultImpl [franco.maurizio.hr.desk.com.persistence.entity.Role(961692765546957)]
 |  +-BasicFetch [franco.maurizio.hr.desk.com.persistence.entity.Role(961692765546957).description]
 |  +-BasicFetch [franco.maurizio.hr.desk.com.persistence.entity.Role(961692765546957).label]
 |  \-BasicFetch [franco.maurizio.hr.desk.com.persistence.entity.Role(961692765546957).level]

2023-11-24 12:36:48,803 TRACE o.h.o.r.g.AST [DomainResultGraphPrinter.java:70] Stack trace calling DomainResultGraphPrinter
java.lang.Exception: null
	at org.hibernate.sql.results.graph.DomainResultGraphPrinter.visitDomainResults(DomainResultGraphPrinter.java:70)
	at org.hibernate.sql.results.graph.DomainResultGraphPrinter.logDomainResultGraph(DomainResultGraphPrinter.java:46)
	at org.hibernate.sql.results.graph.DomainResultGraphPrinter.logDomainResultGraph(DomainResultGraphPrinter.java:37)
	at org.hibernate.sql.ast.spi.AbstractSqlAstTranslator.translateSelect(AbstractSqlAstTranslator.java:848)
	at org.hibernate.sql.ast.spi.AbstractSqlAstTranslator.translate(AbstractSqlAstTranslator.java:801)
	at org.hibernate.query.sqm.internal.ConcreteSqmSelectQueryPlan.buildCacheableSqmInterpretation(ConcreteSqmSelectQueryPlan.java:372)
	at org.hibernate.query.sqm.internal.ConcreteSqmSelectQueryPlan.withCacheableSqmInterpretation(ConcreteSqmSelectQueryPlan.java:268)
	at org.hibernate.query.sqm.internal.ConcreteSqmSelectQueryPlan.performList(ConcreteSqmSelectQueryPlan.java:244)
	at org.hibernate.query.sqm.internal.QuerySqmImpl.doList(QuerySqmImpl.java:518)
	at org.hibernate.query.spi.AbstractSelectionQuery.list(AbstractSelectionQuery.java:367)
	at org.hibernate.query.Query.getResultList(Query.java:119)
	at org.springframework.data.jpa.repository.support.SimpleJpaRepository.findAll(SimpleJpaRepository.java:383)
	at org.springframework.data.jpa.repository.support.SimpleJpaRepository.deleteAll(SimpleJpaRepository.java:283)
	at java.base/jdk.internal.reflect.NativeMethodAccessorImpl.invoke0(Native Method)
	at java.base/jdk.internal.reflect.NativeMethodAccessorImpl.invoke(NativeMethodAccessorImpl.java:77)
	at java.base/jdk.internal.reflect.DelegatingMethodAccessorImpl.invoke(DelegatingMethodAccessorImpl.java:43)
	at java.base/java.lang.reflect.Method.invoke(Method.java:568)
	at org.springframework.data.repository.core.support.RepositoryMethodInvoker$RepositoryFragmentMethodInvoker.lambda$new$0(RepositoryMethodInvoker.java:288)
	at org.springframework.data.repository.core.support.RepositoryMethodInvoker.doInvoke(RepositoryMethodInvoker.java:136)
	at org.springframework.data.repository.core.support.RepositoryMethodInvoker.invoke(RepositoryMethodInvoker.java:120)
	at org.springframework.data.repository.core.support.RepositoryComposition$RepositoryFragments.invoke(RepositoryComposition.java:516)
	at org.springframework.data.repository.core.support.RepositoryComposition.invoke(RepositoryComposition.java:285)
	at org.springframework.data.repository.core.support.RepositoryFactorySupport$ImplementationMethodExecutionInterceptor.invoke(RepositoryFactorySupport.java:628)
	at org.springframework.aop.framework.ReflectiveMethodInvocation.proceed(ReflectiveMethodInvocation.java:184)
	at org.springframework.data.repository.core.support.QueryExecutorMethodInterceptor.doInvoke(QueryExecutorMethodInterceptor.java:168)
	at org.springframework.data.repository.core.support.QueryExecutorMethodInterceptor.invoke(QueryExecutorMethodInterceptor.java:143)
	at org.springframework.aop.framework.ReflectiveMethodInvocation.proceed(ReflectiveMethodInvocation.java:184)
	at org.springframework.data.projection.DefaultMethodInvokingMethodInterceptor.invoke(DefaultMethodInvokingMethodInterceptor.java:72)
	at org.springframework.aop.framework.ReflectiveMethodInvocation.proceed(ReflectiveMethodInvocation.java:184)
	at org.springframework.transaction.interceptor.TransactionInterceptor$1.proceedWithInvocation(TransactionInterceptor.java:123)
	at org.springframework.transaction.interceptor.TransactionAspectSupport.invokeWithinTransaction(TransactionAspectSupport.java:391)
	at org.springframework.transaction.interceptor.TransactionInterceptor.invoke(TransactionInterceptor.java:119)
	at org.springframework.aop.framework.ReflectiveMethodInvocation.proceed(ReflectiveMethodInvocation.java:184)
	at org.springframework.dao.support.PersistenceExceptionTranslationInterceptor.invoke(PersistenceExceptionTranslationInterceptor.java:137)
	at org.springframework.aop.framework.ReflectiveMethodInvocation.proceed(ReflectiveMethodInvocation.java:184)
	at org.springframework.data.jpa.repository.support.CrudMethodMetadataPostProcessor$CrudMethodMetadataPopulatingMethodInterceptor.invoke(CrudMethodMetadataPostProcessor.java:164)
	at org.springframework.aop.framework.ReflectiveMethodInvocation.proceed(ReflectiveMethodInvocation.java:184)
	at org.springframework.aop.interceptor.ExposeInvocationInterceptor.invoke(ExposeInvocationInterceptor.java:97)
	at org.springframework.aop.framework.ReflectiveMethodInvocation.proceed(ReflectiveMethodInvocation.java:184)
	at org.springframework.aop.framework.JdkDynamicAopProxy.invoke(JdkDynamicAopProxy.java:244)
	at jdk.proxy2/jdk.proxy2.$Proxy210.deleteAll(Unknown Source)
	at franco.maurizio.hr.desk.com.service.RoleService.deleteAll(RoleService.java:43)
	at franco.maurizio.hr.desk.com.integration.controller.CandidateCustomControllerIntegrationTests.initializeRelatedTables(CandidateCustomControllerIntegrationTests.java:79)
	at java.base/jdk.internal.reflect.NativeMethodAccessorImpl.invoke0(Native Method)
	at java.base/jdk.internal.reflect.NativeMethodAccessorImpl.invoke(NativeMethodAccessorImpl.java:77)
	at java.base/jdk.internal.reflect.DelegatingMethodAccessorImpl.invoke(DelegatingMethodAccessorImpl.java:43)
	at java.base/java.lang.reflect.Method.invoke(Method.java:568)
	at org.junit.platform.commons.util.ReflectionUtils.invokeMethod(ReflectionUtils.java:727)
	at org.junit.jupiter.engine.execution.MethodInvocation.proceed(MethodInvocation.java:60)
	at org.junit.jupiter.engine.execution.InvocationInterceptorChain$ValidatingInvocation.proceed(InvocationInterceptorChain.java:131)
	at org.junit.jupiter.engine.extension.TimeoutExtension.intercept(TimeoutExtension.java:156)
	at org.junit.jupiter.engine.extension.TimeoutExtension.interceptLifecycleMethod(TimeoutExtension.java:128)
	at org.junit.jupiter.engine.extension.TimeoutExtension.interceptBeforeEachMethod(TimeoutExtension.java:78)
	at org.junit.jupiter.engine.execution.InterceptingExecutableInvoker$ReflectiveInterceptorCall.lambda$ofVoidMethod$0(InterceptingExecutableInvoker.java:103)
	at org.junit.jupiter.engine.execution.InterceptingExecutableInvoker.lambda$invoke$0(InterceptingExecutableInvoker.java:93)
	at org.junit.jupiter.engine.execution.InvocationInterceptorChain$InterceptedInvocation.proceed(InvocationInterceptorChain.java:106)
	at org.junit.jupiter.engine.execution.InvocationInterceptorChain.proceed(InvocationInterceptorChain.java:64)
	at org.junit.jupiter.engine.execution.InvocationInterceptorChain.chainAndInvoke(InvocationInterceptorChain.java:45)
	at org.junit.jupiter.engine.execution.InvocationInterceptorChain.invoke(InvocationInterceptorChain.java:37)
	at org.junit.jupiter.engine.execution.InterceptingExecutableInvoker.invoke(InterceptingExecutableInvoker.java:92)
	at org.junit.jupiter.engine.execution.InterceptingExecutableInvoker.invoke(InterceptingExecutableInvoker.java:86)
	at org.junit.jupiter.engine.descriptor.ClassBasedTestDescriptor.invokeMethodInExtensionContext(ClassBasedTestDescriptor.java:520)
	at org.junit.jupiter.engine.descriptor.ClassBasedTestDescriptor.lambda$synthesizeBeforeEachMethodAdapter$23(ClassBasedTestDescriptor.java:505)
	at org.junit.jupiter.engine.descriptor.TestMethodTestDescriptor.lambda$invokeBeforeEachMethods$3(TestMethodTestDescriptor.java:174)
	at org.junit.jupiter.engine.descriptor.TestMethodTestDescriptor.lambda$invokeBeforeMethodsOrCallbacksUntilExceptionOccurs$6(TestMethodTestDescriptor.java:202)
	at org.junit.platform.engine.support.hierarchical.ThrowableCollector.execute(ThrowableCollector.java:73)
	at org.junit.jupiter.engine.descriptor.TestMethodTestDescriptor.invokeBeforeMethodsOrCallbacksUntilExceptionOccurs(TestMethodTestDescriptor.java:202)
	at org.junit.jupiter.engine.descriptor.TestMethodTestDescriptor.invokeBeforeEachMethods(TestMethodTestDescriptor.java:171)
	at org.junit.jupiter.engine.descriptor.TestMethodTestDescriptor.execute(TestMethodTestDescriptor.java:134)
	at org.junit.jupiter.engine.descriptor.TestMethodTestDescriptor.execute(TestMethodTestDescriptor.java:68)
	at org.junit.platform.engine.support.hierarchical.NodeTestTask.lambda$executeRecursively$6(NodeTestTask.java:151)
	at org.junit.platform.engine.support.hierarchical.ThrowableCollector.execute(ThrowableCollector.java:73)
	at org.junit.platform.engine.support.hierarchical.NodeTestTask.lambda$executeRecursively$8(NodeTestTask.java:141)
	at org.junit.platform.engine.support.hierarchical.Node.around(Node.java:137)
	at org.junit.platform.engine.support.hierarchical.NodeTestTask.lambda$executeRecursively$9(NodeTestTask.java:139)
	at org.junit.platform.engine.support.hierarchical.ThrowableCollector.execute(ThrowableCollector.java:73)
	at org.junit.platform.engine.support.hierarchical.NodeTestTask.executeRecursively(NodeTestTask.java:138)
	at org.junit.platform.engine.support.hierarchical.NodeTestTask.execute(NodeTestTask.java:95)
	at java.base/java.util.ArrayList.forEach(ArrayList.java:1511)
	at org.junit.platform.engine.support.hierarchical.SameThreadHierarchicalTestExecutorService.invokeAll(SameThreadHierarchicalTestExecutorService.java:41)
	at org.junit.platform.engine.support.hierarchical.NodeTestTask.lambda$executeRecursively$6(NodeTestTask.java:155)
	at org.junit.platform.engine.support.hierarchical.ThrowableCollector.execute(ThrowableCollector.java:73)
	at org.junit.platform.engine.support.hierarchical.NodeTestTask.lambda$executeRecursively$8(NodeTestTask.java:141)
	at org.junit.platform.engine.support.hierarchical.Node.around(Node.java:137)
	at org.junit.platform.engine.support.hierarchical.NodeTestTask.lambda$executeRecursively$9(NodeTestTask.java:139)
	at org.junit.platform.engine.support.hierarchical.ThrowableCollector.execute(ThrowableCollector.java:73)
	at org.junit.platform.engine.support.hierarchical.NodeTestTask.executeRecursively(NodeTestTask.java:138)
	at org.junit.platform.engine.support.hierarchical.NodeTestTask.execute(NodeTestTask.java:95)
	at java.base/java.util.ArrayList.forEach(ArrayList.java:1511)
	at org.junit.platform.engine.support.hierarchical.SameThreadHierarchicalTestExecutorService.invokeAll(SameThreadHierarchicalTestExecutorService.java:41)
	at org.junit.platform.engine.support.hierarchical.NodeTestTask.lambda$executeRecursively$6(NodeTestTask.java:155)
	at org.junit.platform.engine.support.hierarchical.ThrowableCollector.execute(ThrowableCollector.java:73)
	at org.junit.platform.engine.support.hierarchical.NodeTestTask.lambda$executeRecursively$8(NodeTestTask.java:141)
	at org.junit.platform.engine.support.hierarchical.Node.around(Node.java:137)
	at org.junit.platform.engine.support.hierarchical.NodeTestTask.lambda$executeRecursively$9(NodeTestTask.java:139)
	at org.junit.platform.engine.support.hierarchical.ThrowableCollector.execute(ThrowableCollector.java:73)
	at org.junit.platform.engine.support.hierarchical.NodeTestTask.executeRecursively(NodeTestTask.java:138)
	at org.junit.platform.engine.support.hierarchical.NodeTestTask.execute(NodeTestTask.java:95)
	at org.junit.platform.engine.support.hierarchical.SameThreadHierarchicalTestExecutorService.submit(SameThreadHierarchicalTestExecutorService.java:35)
	at org.junit.platform.engine.support.hierarchical.HierarchicalTestExecutor.execute(HierarchicalTestExecutor.java:57)
	at org.junit.platform.engine.support.hierarchical.HierarchicalTestEngine.execute(HierarchicalTestEngine.java:54)
	at org.junit.platform.launcher.core.EngineExecutionOrchestrator.execute(EngineExecutionOrchestrator.java:147)
	at org.junit.platform.launcher.core.EngineExecutionOrchestrator.execute(EngineExecutionOrchestrator.java:127)
	at org.junit.platform.launcher.core.EngineExecutionOrchestrator.execute(EngineExecutionOrchestrator.java:90)
	at org.junit.platform.launcher.core.EngineExecutionOrchestrator.lambda$execute$0(EngineExecutionOrchestrator.java:55)
	at org.junit.platform.launcher.core.EngineExecutionOrchestrator.withInterceptedStreams(EngineExecutionOrchestrator.java:102)
	at org.junit.platform.launcher.core.EngineExecutionOrchestrator.execute(EngineExecutionOrchestrator.java:54)
	at org.junit.platform.launcher.core.DefaultLauncher.execute(DefaultLauncher.java:114)
	at org.junit.platform.launcher.core.DefaultLauncher.execute(DefaultLauncher.java:86)
	at org.junit.platform.launcher.core.DefaultLauncherSession$DelegatingLauncher.execute(DefaultLauncherSession.java:86)
	at org.apache.maven.surefire.junitplatform.LazyLauncher.execute(LazyLauncher.java:50)
	at org.apache.maven.surefire.junitplatform.JUnitPlatformProvider.execute(JUnitPlatformProvider.java:184)
	at org.apache.maven.surefire.junitplatform.JUnitPlatformProvider.invokeAllTests(JUnitPlatformProvider.java:148)
	at org.apache.maven.surefire.junitplatform.JUnitPlatformProvider.invoke(JUnitPlatformProvider.java:122)
	at org.apache.maven.surefire.booter.ForkedBooter.runSuitesInProcess(ForkedBooter.java:385)
	at org.apache.maven.surefire.booter.ForkedBooter.execute(ForkedBooter.java:162)
	at org.apache.maven.surefire.booter.ForkedBooter.run(ForkedBooter.java:507)
	at org.apache.maven.surefire.booter.ForkedBooter.main(ForkedBooter.java:495)
2023-11-24 12:36:48,804 DEBUG o.h.o.s.a.tree [SqlTreePrinter.java:46] SQL AST Tree:
    SelectStatement {
      FromClause {
        StandardTableGroup (r1 : franco.maurizio.hr.desk.com.persistence.entity.Role(961692765546957)) {
          primaryTableReference : roles as r1_0
        }
      }
    }

2023-11-24 12:36:48,804 DEBUG o.h.o.s.exec [JdbcSelectExecutorStandardImpl.java:455] Skipping reading Query result cache data: cache-enabled = false, cache-mode = NORMAL
2023-11-24 12:36:48,804 TRACE o.h.o.results [ResultsHelper.java:117] Registering initializer : EntityResultInitializer(franco.maurizio.hr.desk.com.persistence.entity.Role(961692765546957))
2023-11-24 12:36:48,804 DEBUG o.h.o.results [NavigablePathMapToInitializer.java:76] Initializer list:
	  franco.maurizio.hr.desk.com.persistence.entity.Role(961692765546957) -> EntityResultInitializer(franco.maurizio.hr.desk.com.persistence.entity.Role(961692765546957))@1128397470 (SingleTableEntityPersister(franco.maurizio.hr.desk.com.persistence.entity.Role))

2023-11-24 12:36:48,804 TRACE o.h.s.r.j.i.DeferredResultSetAccess [DeferredResultSetAccess.java:224] Executing query to retrieve ResultSet : select r1_0.id,r1_0.description,r1_0.label,r1_0.level from roles r1_0
2023-11-24 12:36:48,804 DEBUG o.h.SQL [SqlStatementLogger.java:133] select r1_0.id,r1_0.description,r1_0.label,r1_0.level from roles r1_0
Hibernate: select r1_0.id,r1_0.description,r1_0.label,r1_0.level from roles r1_0
2023-11-24 12:36:48,805 TRACE o.h.r.j.i.ResourceRegistryStandardImpl [ResourceRegistryStandardImpl.java:82] Registering statement [HikariProxyPreparedStatement@1738679207 wrapping com.mysql.cj.jdbc.ClientPreparedStatement: select r1_0.id,r1_0.description,r1_0.label,r1_0.level from roles r1_0]
2023-11-24 12:36:48,805 TRACE o.h.e.j.i.JdbcCoordinatorImpl [JdbcCoordinatorImpl.java:322] Registering last query statement [HikariProxyPreparedStatement@1738679207 wrapping com.mysql.cj.jdbc.ClientPreparedStatement: select r1_0.id,r1_0.description,r1_0.label,r1_0.level from roles r1_0]
2023-11-24 12:36:48,805 TRACE o.h.r.j.i.ResourceRegistryStandardImpl [ResourceRegistryStandardImpl.java:221] Registering result set [HikariProxyResultSet@588400718 wrapping com.mysql.cj.jdbc.result.ResultSetImpl@716013e2]
2023-11-24 12:36:48,806 TRACE o.h.r.j.i.AbstractLogicalConnectionImplementor [AbstractLogicalConnectionImplementor.java:48] LogicalConnection#afterStatement
2023-11-24 12:36:48,806 TRACE o.h.o.j.extract [JdbcExtractingLogging.java:24] extracted value ([1] : [BIGINT]) - [187]
2023-11-24 12:36:48,806 TRACE o.h.o.j.extract [JdbcExtractingLogging.java:24] extracted value ([2] : [VARCHAR]) - [administrator]
2023-11-24 12:36:48,806 TRACE o.h.o.j.extract [JdbcExtractingLogging.java:24] extracted value ([3] : [VARCHAR]) - [admin]
2023-11-24 12:36:48,806 TRACE o.h.o.j.extract [JdbcExtractingLogging.java:24] extracted value ([4] : [INTEGER]) - [0]
2023-11-24 12:36:48,806 TRACE o.h.o.r.loading [StandardRowReader.java:85] StandardRowReader#readRow
2023-11-24 12:36:48,806 TRACE o.h.o.r.l.entity [AbstractEntityInitializer.java:277] (o.h.s.r.g.e.i.EntityResultInitializer) Beginning Initializer#resolveKey process for entity : franco.maurizio.hr.desk.com.persistence.entity.Role(961692765546957)
2023-11-24 12:36:48,806 DEBUG o.h.o.results [BasicResultAssembler.java:61] Extracted JDBC value [0] - [187]
2023-11-24 12:36:48,806 DEBUG o.h.o.r.l.entity [AbstractEntityInitializer.java:300] (EntityResultInitializer) Hydrated EntityKey (franco.maurizio.hr.desk.com.persistence.entity.Role(961692765546957)): 187
2023-11-24 12:36:48,807 TRACE o.h.o.r.l.entity [AbstractEntityInitializer.java:491] (o.h.s.r.g.e.i.EntityResultInitializer) Beginning Initializer#resolveInstance process for entity (franco.maurizio.hr.desk.com.persistence.entity.Role(961692765546957)) : 187
2023-11-24 12:36:48,807 DEBUG o.h.o.r.l.entity [AbstractEntityInitializer.java:689] (EntityResultInitializer) Created new entity instance [franco.maurizio.hr.desk.com.persistence.entity.Role(961692765546957)#187] : 1035567706
2023-11-24 12:36:48,807 TRACE o.h.o.r.l.entity [AbstractEntityInitializer.java:833] (EntityResultInitializer) Beginning Initializer#initializeInstance process for entity franco.maurizio.hr.desk.com.persistence.entity.Role(961692765546957)#187
2023-11-24 12:36:48,807 DEBUG o.h.o.results [BasicResultAssembler.java:61] Extracted JDBC value [1] - [administrator]
2023-11-24 12:36:48,807 DEBUG o.h.o.results [BasicResultAssembler.java:61] Extracted JDBC value [2] - [admin]
2023-11-24 12:36:48,807 DEBUG o.h.o.results [BasicResultAssembler.java:61] Extracted JDBC value [3] - [0]
2023-11-24 12:36:48,808 DEBUG o.h.o.r.l.entity [AbstractEntityInitializer.java:889] (EntityResultInitializer) Done materializing entityInstance : franco.maurizio.hr.desk.com.persistence.entity.Role(961692765546957)#187
2023-11-24 12:36:48,808 DEBUG o.h.o.r.loading [StandardRowReader.java:93] Calling top-level assembler (0 / 1) : org.hibernate.sql.results.graph.entity.internal.EntityAssembler@4b702151
2023-11-24 12:36:48,808 TRACE o.h.o.r.loading [StandardRowReader.java:103] StandardRowReader#afterRow
2023-11-24 12:36:48,808 TRACE o.h.r.j.i.ResourceRegistryStandardImpl [ResourceRegistryStandardImpl.java:117] Releasing result set [HikariProxyResultSet@588400718 wrapping com.mysql.cj.jdbc.result.ResultSetImpl@716013e2]
2023-11-24 12:36:48,808 TRACE o.h.r.j.i.ResourceRegistryStandardImpl [ResourceRegistryStandardImpl.java:169] Closing result set [HikariProxyResultSet@588400718 wrapping com.mysql.cj.jdbc.result.ResultSetImpl@716013e2]
2023-11-24 12:36:48,808 TRACE o.h.r.j.i.ResourceRegistryStandardImpl [ResourceRegistryStandardImpl.java:96] Releasing statement [HikariProxyPreparedStatement@1738679207 wrapping com.mysql.cj.jdbc.ClientPreparedStatement: select r1_0.id,r1_0.description,r1_0.label,r1_0.level from roles r1_0]
2023-11-24 12:36:48,808 TRACE o.h.r.j.i.ResourceRegistryStandardImpl [ResourceRegistryStandardImpl.java:187] Closing prepared statement [HikariProxyPreparedStatement@1738679207 wrapping com.mysql.cj.jdbc.ClientPreparedStatement: select r1_0.id,r1_0.description,r1_0.label,r1_0.level from roles r1_0]
2023-11-24 12:36:48,809 TRACE o.h.e.i.StatefulPersistenceContext [StatefulPersistenceContext.java:976] Initializing non-lazy collections
2023-11-24 12:36:48,809 DEBUG o.h.j.i.PersistenceUnitUtilImpl [PersistenceUnitUtilImpl.java:89] jakarta.persistence.PersistenceUnitUtil.getIdentifier is only intended to work with enhanced entities (although Hibernate also adapts this support to its proxies); however the passed entity was not enhanced (nor a proxy).. may not be able to read identifier
2023-11-24 12:36:48,809 DEBUG o.h.j.i.PersistenceUnitUtilImpl [PersistenceUnitUtilImpl.java:89] jakarta.persistence.PersistenceUnitUtil.getIdentifier is only intended to work with enhanced entities (although Hibernate also adapts this support to its proxies); however the passed entity was not enhanced (nor a proxy).. may not be able to read identifier
2023-11-24 12:36:48,809 TRACE o.h.e.i.DefaultLoadEventListener [DefaultLoadEventListener.java:228] Loading entity: [franco.maurizio.hr.desk.com.persistence.entity.Role#187]
2023-11-24 12:36:48,809 TRACE o.h.e.i.DefaultLoadEventListener [DefaultLoadEventListener.java:502] Attempting to resolve: [franco.maurizio.hr.desk.com.persistence.entity.Role#187]
2023-11-24 12:36:48,809 TRACE o.h.e.i.DefaultDeleteEventListener [DefaultDeleteEventListener.java:211] Deleting a persistent instance
2023-11-24 12:36:48,810 TRACE o.h.e.i.DefaultDeleteEventListener [DefaultDeleteEventListener.java:363] Deleting [franco.maurizio.hr.desk.com.persistence.entity.Role#187]
2023-11-24 12:36:48,810 DEBUG o.h.e.t.i.TransactionImpl [TransactionImpl.java:98] committing
2023-11-24 12:36:48,810 TRACE o.h.r.t.b.j.i.JdbcResourceLocalTransactionCoordinatorImpl [JdbcResourceLocalTransactionCoordinatorImpl.java:167] ResourceLocalTransactionCoordinatorImpl#beforeCompletionCallback
2023-11-24 12:36:48,810 TRACE o.h.i.SessionImpl [SessionImpl.java:1965] SessionImpl#beforeTransactionCompletion()
2023-11-24 12:36:48,810 TRACE o.h.i.SessionImpl [SessionImpl.java:484] Automatically flushing session
2023-11-24 12:36:48,810 TRACE o.h.e.i.AbstractFlushingEventListener [AbstractFlushingEventListener.java:72] Flushing session
2023-11-24 12:36:48,810 DEBUG o.h.e.i.AbstractFlushingEventListener [AbstractFlushingEventListener.java:136] Processing flush-time cascades
2023-11-24 12:36:48,810 DEBUG o.h.e.i.AbstractFlushingEventListener [AbstractFlushingEventListener.java:185] Dirty checking collections
2023-11-24 12:36:48,810 TRACE o.h.e.i.AbstractFlushingEventListener [AbstractFlushingEventListener.java:197] Flushing entities and processing referenced collections
2023-11-24 12:36:48,811 TRACE o.h.e.i.AbstractFlushingEventListener [AbstractFlushingEventListener.java:264] Processing unreferenced collections
2023-11-24 12:36:48,811 TRACE o.h.e.i.AbstractFlushingEventListener [AbstractFlushingEventListener.java:277] Scheduling collection removes/(re)creates/updates
2023-11-24 12:36:48,811 DEBUG o.h.e.i.AbstractFlushingEventListener [AbstractFlushingEventListener.java:110] Flushed: 0 insertions, 0 updates, 1 deletions to 1 objects
2023-11-24 12:36:48,811 DEBUG o.h.e.i.AbstractFlushingEventListener [AbstractFlushingEventListener.java:117] Flushed: 0 (re)creations, 0 updates, 0 removals to 0 collections
2023-11-24 12:36:48,811 DEBUG o.h.i.u.EntityPrinter [EntityPrinter.java:111] Listing entities:
2023-11-24 12:36:48,811 DEBUG o.h.i.u.EntityPrinter [EntityPrinter.java:118] franco.maurizio.hr.desk.com.persistence.entity.Role{level=0, description=administrator, id=187, label=admin}
2023-11-24 12:36:48,811 TRACE o.h.e.i.AbstractFlushingEventListener [AbstractFlushingEventListener.java:349] Executing flush
2023-11-24 12:36:48,812 TRACE o.h.r.j.i.ResourceRegistryStandardImpl [ResourceRegistryStandardImpl.java:82] Registering statement [HikariProxyPreparedStatement@1714011499 wrapping com.mysql.cj.jdbc.ClientPreparedStatement: delete from roles where id=** NOT SPECIFIED **]
2023-11-24 12:36:48,812 TRACE o.h.r.j.i.ResourceRegistryStandardImpl [ResourceRegistryStandardImpl.java:221] Registering result set [null]
2023-11-24 12:36:48,812 DEBUG o.h.SQL [SqlStatementLogger.java:133] delete from roles where id=?
Hibernate: delete from roles where id=?
2023-11-24 12:36:48,812 TRACE o.h.o.j.bind [JdbcBindingLogging.java:25] binding parameter [1] as [BIGINT] - [187]
2023-11-24 12:36:48,813 TRACE o.h.r.j.i.ResourceRegistryStandardImpl [ResourceRegistryStandardImpl.java:96] Releasing statement [HikariProxyPreparedStatement@1714011499 wrapping com.mysql.cj.jdbc.ClientPreparedStatement: delete from roles where id=187]
2023-11-24 12:36:48,813 TRACE o.h.r.j.i.ResourceRegistryStandardImpl [ResourceRegistryStandardImpl.java:169] Closing result set [null]
2023-11-24 12:36:48,813 TRACE o.h.r.j.i.ResourceRegistryStandardImpl [ResourceRegistryStandardImpl.java:187] Closing prepared statement [HikariProxyPreparedStatement@1714011499 wrapping com.mysql.cj.jdbc.ClientPreparedStatement: delete from roles where id=187]
2023-11-24 12:36:48,814 TRACE o.h.e.j.i.JdbcCoordinatorImpl [JdbcCoordinatorImpl.java:270] Starting after statement execution processing [ON_CLOSE]
2023-11-24 12:36:48,814 TRACE o.h.e.i.AbstractFlushingEventListener [AbstractFlushingEventListener.java:384] Post flush
2023-11-24 12:36:48,814 TRACE o.h.r.j.i.AbstractLogicalConnectionImplementor [AbstractLogicalConnectionImplementor.java:53] LogicalConnection#beforeTransactionCompletion
2023-11-24 12:36:48,814 TRACE o.h.r.t.i.SynchronizationRegistryStandardImpl [SynchronizationRegistryStandardImpl.java:55] SynchronizationRegistryStandardImpl.notifySynchronizationsBeforeTransactionCompletion
2023-11-24 12:36:48,814 TRACE o.h.r.j.i.AbstractLogicalConnectionImplementor [AbstractLogicalConnectionImplementor.java:85] Preparing to commit transaction via JDBC Connection.commit()
2023-11-24 12:36:48,815 TRACE o.h.r.j.i.AbstractLogicalConnectionImplementor [AbstractLogicalConnectionImplementor.java:88] Transaction committed via JDBC Connection.commit()
2023-11-24 12:36:48,815 TRACE o.h.r.j.i.AbstractLogicalConnectionImplementor [AbstractLogicalConnectionImplementor.java:105] re-enabling auto-commit on JDBC Connection after completion of JDBC-based transaction
2023-11-24 12:36:48,816 TRACE o.h.r.j.i.AbstractLogicalConnectionImplementor [AbstractLogicalConnectionImplementor.java:58] LogicalConnection#afterTransaction
2023-11-24 12:36:48,816 TRACE o.h.r.j.i.ResourceRegistryStandardImpl [ResourceRegistryStandardImpl.java:329] Releasing JDBC resources
2023-11-24 12:36:48,816 TRACE o.h.r.t.b.j.i.JdbcResourceLocalTransactionCoordinatorImpl [JdbcResourceLocalTransactionCoordinatorImpl.java:185] ResourceLocalTransactionCoordinatorImpl#afterCompletionCallback(true)
2023-11-24 12:36:48,816 TRACE o.h.r.t.i.SynchronizationRegistryStandardImpl [DelegatingBasicLogger.java:158] SynchronizationRegistryStandardImpl.notifySynchronizationsAfterTransactionCompletion(3)
2023-11-24 12:36:48,816 TRACE o.h.i.SessionImpl [SessionImpl.java:1980] SessionImpl#afterTransactionCompletion(successful=true, delayed=false)
2023-11-24 12:36:48,816 TRACE o.h.i.SessionImpl [SessionImpl.java:402] Closing session [565d0e65-acee-4d3f-82dc-c93dbf524b0c]
2023-11-24 12:36:48,817 TRACE o.h.e.j.i.JdbcCoordinatorImpl [JdbcCoordinatorImpl.java:152] Closing JDBC container [org.hibernate.engine.jdbc.internal.JdbcCoordinatorImpl@3f9665be]
2023-11-24 12:36:48,817 TRACE o.h.r.j.i.ResourceRegistryStandardImpl [ResourceRegistryStandardImpl.java:329] Releasing JDBC resources
2023-11-24 12:36:48,817 TRACE o.h.r.j.i.LogicalConnectionManagedImpl [LogicalConnectionManagedImpl.java:256] Closing logical connection
2023-11-24 12:36:48,817 TRACE o.h.r.j.i.ResourceRegistryStandardImpl [ResourceRegistryStandardImpl.java:329] Releasing JDBC resources
2023-11-24 12:36:48,817 TRACE o.h.r.j.i.LogicalConnectionManagedImpl [LogicalConnectionManagedImpl.java:263] Logical connection closed
2023-11-24 12:36:48,817 TRACE f.m.h.d.c.i.c.CandidateCustomControllerIntegrationTests [CandidateCustomControllerIntegrationTests.java:133] ########################################################
2023-11-24 12:36:48,817 TRACE f.m.h.d.c.i.c.CandidateCustomControllerIntegrationTests [CandidateCustomControllerIntegrationTests.java:134] ########################################################
2023-11-24 12:36:48,818 TRACE f.m.h.d.c.i.c.CandidateCustomControllerIntegrationTests [CandidateCustomControllerIntegrationTests.java:135] whenGetCandidateCustomById_andThereIsOne_thenStatus200 - START
2023-11-24 12:36:48,818 TRACE f.m.h.d.c.i.c.CandidateCustomControllerIntegrationTests [CandidateCustomControllerIntegrationTests.java:136] ########################################################
2023-11-24 12:36:48,818 TRACE f.m.h.d.c.i.c.CandidateCustomControllerIntegrationTests [CandidateCustomControllerIntegrationTests.java:137] ########################################################
2023-11-24 12:36:48,818 TRACE f.m.h.d.c.i.c.AbstractIntegrationTests [AbstractIntegrationTests.java:71] getFakeUser - START - level: 0
2023-11-24 12:36:48,818 TRACE f.m.h.d.c.i.c.AbstractIntegrationTests [AbstractIntegrationTests.java:177] getRandomLongBetweenLimits GENERATED: 523
2023-11-24 12:36:48,818 TRACE f.m.h.d.c.i.c.AbstractIntegrationTests [AbstractIntegrationTests.java:85] encodePasswordForDBSaving - START - clearPwd: ciao1234
2023-11-24 12:36:48,901 TRACE f.m.h.d.c.i.c.AbstractIntegrationTests [AbstractIntegrationTests.java:91] encodePasswordForDBSaving - DEBUG - fullBCriptEncodedPwd: $2a$10$fhkQJfvJAj7sct14PPc4wOaOUrv3uTSPH8lTexRapro885Cb9I46u
2023-11-24 12:36:48,902 TRACE o.h.i.SessionFactoryImpl$SessionBuilderImpl [SessionFactoryImpl.java:1298] Opening Hibernate Session.  tenant=null
2023-11-24 12:36:48,902 TRACE o.h.i.SessionImpl [SessionImpl.java:262] Opened Session [161e448b-d436-4b9e-a881-7ed670a572fb] at timestamp: 1700825808902
2023-11-24 12:36:48,903 TRACE o.h.q.s.s.BaseSqmToSqlAstConverter [BaseSqmToSqlAstConverter.java:2577] Resolving SqmRoot [franco.maurizio.hr.desk.com.persistence.entity.Role] to TableGroup
2023-11-24 12:36:48,903 TRACE o.h.q.s.s.BaseSqmToSqlAstConverter [BaseSqmToSqlAstConverter.java:2744] Resolving SqmRoot [franco.maurizio.hr.desk.com.persistence.entity.Role] to TableGroup
2023-11-24 12:36:48,903 DEBUG o.h.o.s.a.create [SqlAliasBaseImpl.java:33] Created new SQL alias : r1_0
2023-11-24 12:36:48,903 TRACE o.h.q.s.s.BaseSqmToSqlAstConverter [BaseSqmToSqlAstConverter.java:2811] Resolved SqmRoot [franco.maurizio.hr.desk.com.persistence.entity.Role] to new TableGroup [StandardTableGroup(franco.maurizio.hr.desk.com.persistence.entity.Role(961691196949077))]
2023-11-24 12:36:48,903 DEBUG o.h.o.s.a.create [SimpleFromClauseAccessImpl.java:98] Registration of TableGroup [StandardTableGroup(franco.maurizio.hr.desk.com.persistence.entity.Role(961691196949077))] with identifierForTableGroup [franco.maurizio.hr.desk.com.persistence.entity.Role] for NavigablePath [franco.maurizio.hr.desk.com.persistence.entity.Role] 
2023-11-24 12:36:48,903 TRACE o.h.q.s.s.BaseSqmToSqlAstConverter [BaseSqmToSqlAstConverter.java:3179] Visiting explicit joins for `franco.maurizio.hr.desk.com.persistence.entity.Role(961691196949077)`
2023-11-24 12:36:48,903 TRACE o.h.q.s.s.BaseSqmToSqlAstConverter [BaseSqmToSqlAstConverter.java:3820] SqmRoot [franco.maurizio.hr.desk.com.persistence.entity.Role] resolved to existing TableGroup [StandardTableGroup(franco.maurizio.hr.desk.com.persistence.entity.Role(961691196949077))]
2023-11-24 12:36:48,903 TRACE o.h.p.e.AbstractEntityPersister [AbstractEntityPersister.java:5680] #findSubPart(`level`)
2023-11-24 12:36:48,904 DEBUG o.h.q.s.s.BaseSqmToSqlAstConverter [BaseSqmToSqlAstConverter.java:5700] Determining mapping-model type for SqmParameter : org.hibernate.query.sqm.tree.expression.SqmJpaCriteriaParameterWrapper@14ff45c2
2023-11-24 12:36:48,904 DEBUG o.h.q.s.s.BaseSqmToSqlAstConverter [BaseSqmToSqlAstConverter.java:5590] Determining mapping-model type for SqmPath : SqmBasicValuedSimplePath(franco.maurizio.hr.desk.com.persistence.entity.Role(961691196949077).level) 
2023-11-24 12:36:48,904 TRACE o.h.p.e.AbstractEntityPersister [AbstractEntityPersister.java:5680] #findSubPart(`level`)
2023-11-24 12:36:48,904 DEBUG o.h.o.r.g.AST [DomainResultGraphPrinter.java:67] DomainResult Graph:
 \-EntityResultImpl [franco.maurizio.hr.desk.com.persistence.entity.Role(961691196949077)]
 |  +-BasicFetch [franco.maurizio.hr.desk.com.persistence.entity.Role(961691196949077).description]
 |  +-BasicFetch [franco.maurizio.hr.desk.com.persistence.entity.Role(961691196949077).label]
 |  \-BasicFetch [franco.maurizio.hr.desk.com.persistence.entity.Role(961691196949077).level]

2023-11-24 12:36:48,904 TRACE o.h.o.r.g.AST [DomainResultGraphPrinter.java:70] Stack trace calling DomainResultGraphPrinter
java.lang.Exception: null
	at org.hibernate.sql.results.graph.DomainResultGraphPrinter.visitDomainResults(DomainResultGraphPrinter.java:70)
	at org.hibernate.sql.results.graph.DomainResultGraphPrinter.logDomainResultGraph(DomainResultGraphPrinter.java:46)
	at org.hibernate.sql.results.graph.DomainResultGraphPrinter.logDomainResultGraph(DomainResultGraphPrinter.java:37)
	at org.hibernate.sql.ast.spi.AbstractSqlAstTranslator.translateSelect(AbstractSqlAstTranslator.java:848)
	at org.hibernate.sql.ast.spi.AbstractSqlAstTranslator.translate(AbstractSqlAstTranslator.java:801)
	at org.hibernate.query.sqm.internal.ConcreteSqmSelectQueryPlan.buildCacheableSqmInterpretation(ConcreteSqmSelectQueryPlan.java:372)
	at org.hibernate.query.sqm.internal.ConcreteSqmSelectQueryPlan.withCacheableSqmInterpretation(ConcreteSqmSelectQueryPlan.java:268)
	at org.hibernate.query.sqm.internal.ConcreteSqmSelectQueryPlan.performList(ConcreteSqmSelectQueryPlan.java:244)
	at org.hibernate.query.sqm.internal.QuerySqmImpl.doList(QuerySqmImpl.java:518)
	at org.hibernate.query.spi.AbstractSelectionQuery.list(AbstractSelectionQuery.java:367)
	at org.hibernate.query.spi.AbstractSelectionQuery.getSingleResult(AbstractSelectionQuery.java:473)
	at java.base/jdk.internal.reflect.NativeMethodAccessorImpl.invoke0(Native Method)
	at java.base/jdk.internal.reflect.NativeMethodAccessorImpl.invoke(NativeMethodAccessorImpl.java:77)
	at java.base/jdk.internal.reflect.DelegatingMethodAccessorImpl.invoke(DelegatingMethodAccessorImpl.java:43)
	at java.base/java.lang.reflect.Method.invoke(Method.java:568)
	at org.springframework.orm.jpa.SharedEntityManagerCreator$DeferredQueryInvocationHandler.invoke(SharedEntityManagerCreator.java:405)
	at jdk.proxy2/jdk.proxy2.$Proxy222.getSingleResult(Unknown Source)
	at org.springframework.data.jpa.repository.query.JpaQueryExecution$SingleEntityExecution.doExecute(JpaQueryExecution.java:223)
	at org.springframework.data.jpa.repository.query.JpaQueryExecution.execute(JpaQueryExecution.java:92)
	at org.springframework.data.jpa.repository.query.AbstractJpaQuery.doExecute(AbstractJpaQuery.java:149)
	at org.springframework.data.jpa.repository.query.AbstractJpaQuery.execute(AbstractJpaQuery.java:137)
	at org.springframework.data.repository.core.support.RepositoryMethodInvoker.doInvoke(RepositoryMethodInvoker.java:136)
	at org.springframework.data.repository.core.support.RepositoryMethodInvoker.invoke(RepositoryMethodInvoker.java:120)
	at org.springframework.data.repository.core.support.QueryExecutorMethodInterceptor.doInvoke(QueryExecutorMethodInterceptor.java:164)
	at org.springframework.data.repository.core.support.QueryExecutorMethodInterceptor.invoke(QueryExecutorMethodInterceptor.java:143)
	at org.springframework.aop.framework.ReflectiveMethodInvocation.proceed(ReflectiveMethodInvocation.java:184)
	at org.springframework.data.projection.DefaultMethodInvokingMethodInterceptor.invoke(DefaultMethodInvokingMethodInterceptor.java:72)
	at org.springframework.aop.framework.ReflectiveMethodInvocation.proceed(ReflectiveMethodInvocation.java:184)
	at org.springframework.transaction.interceptor.TransactionInterceptor$1.proceedWithInvocation(TransactionInterceptor.java:123)
	at org.springframework.transaction.interceptor.TransactionAspectSupport.invokeWithinTransaction(TransactionAspectSupport.java:391)
	at org.springframework.transaction.interceptor.TransactionInterceptor.invoke(TransactionInterceptor.java:119)
	at org.springframework.aop.framework.ReflectiveMethodInvocation.proceed(ReflectiveMethodInvocation.java:184)
	at org.springframework.dao.support.PersistenceExceptionTranslationInterceptor.invoke(PersistenceExceptionTranslationInterceptor.java:137)
	at org.springframework.aop.framework.ReflectiveMethodInvocation.proceed(ReflectiveMethodInvocation.java:184)
	at org.springframework.data.jpa.repository.support.CrudMethodMetadataPostProcessor$CrudMethodMetadataPopulatingMethodInterceptor.invoke(CrudMethodMetadataPostProcessor.java:135)
	at org.springframework.aop.framework.ReflectiveMethodInvocation.proceed(ReflectiveMethodInvocation.java:184)
	at org.springframework.aop.interceptor.ExposeInvocationInterceptor.invoke(ExposeInvocationInterceptor.java:97)
	at org.springframework.aop.framework.ReflectiveMethodInvocation.proceed(ReflectiveMethodInvocation.java:184)
	at org.springframework.aop.framework.JdkDynamicAopProxy.invoke(JdkDynamicAopProxy.java:244)
	at jdk.proxy2/jdk.proxy2.$Proxy210.findByLevel(Unknown Source)
	at franco.maurizio.hr.desk.com.integration.controller.AbstractIntegrationTests.getFakeRole(AbstractIntegrationTests.java:52)
	at franco.maurizio.hr.desk.com.integration.controller.AbstractIntegrationTests.getFakeUser(AbstractIntegrationTests.java:79)
	at franco.maurizio.hr.desk.com.integration.controller.CandidateCustomControllerIntegrationTests.whenGetCandidateCustomById_andThereIsOne_thenStatus200(CandidateCustomControllerIntegrationTests.java:138)
	at java.base/jdk.internal.reflect.NativeMethodAccessorImpl.invoke0(Native Method)
	at java.base/jdk.internal.reflect.NativeMethodAccessorImpl.invoke(NativeMethodAccessorImpl.java:77)
	at java.base/jdk.internal.reflect.DelegatingMethodAccessorImpl.invoke(DelegatingMethodAccessorImpl.java:43)
	at java.base/java.lang.reflect.Method.invoke(Method.java:568)
	at org.junit.platform.commons.util.ReflectionUtils.invokeMethod(ReflectionUtils.java:727)
	at org.junit.jupiter.engine.execution.MethodInvocation.proceed(MethodInvocation.java:60)
	at org.junit.jupiter.engine.execution.InvocationInterceptorChain$ValidatingInvocation.proceed(InvocationInterceptorChain.java:131)
	at org.junit.jupiter.engine.extension.TimeoutExtension.intercept(TimeoutExtension.java:156)
	at org.junit.jupiter.engine.extension.TimeoutExtension.interceptTestableMethod(TimeoutExtension.java:147)
	at org.junit.jupiter.engine.extension.TimeoutExtension.interceptTestMethod(TimeoutExtension.java:86)
	at org.junit.jupiter.engine.execution.InterceptingExecutableInvoker$ReflectiveInterceptorCall.lambda$ofVoidMethod$0(InterceptingExecutableInvoker.java:103)
	at org.junit.jupiter.engine.execution.InterceptingExecutableInvoker.lambda$invoke$0(InterceptingExecutableInvoker.java:93)
	at org.junit.jupiter.engine.execution.InvocationInterceptorChain$InterceptedInvocation.proceed(InvocationInterceptorChain.java:106)
	at org.junit.jupiter.engine.execution.InvocationInterceptorChain.proceed(InvocationInterceptorChain.java:64)
	at org.junit.jupiter.engine.execution.InvocationInterceptorChain.chainAndInvoke(InvocationInterceptorChain.java:45)
	at org.junit.jupiter.engine.execution.InvocationInterceptorChain.invoke(InvocationInterceptorChain.java:37)
	at org.junit.jupiter.engine.execution.InterceptingExecutableInvoker.invoke(InterceptingExecutableInvoker.java:92)
	at org.junit.jupiter.engine.execution.InterceptingExecutableInvoker.invoke(InterceptingExecutableInvoker.java:86)
	at org.junit.jupiter.engine.descriptor.TestMethodTestDescriptor.lambda$invokeTestMethod$7(TestMethodTestDescriptor.java:217)
	at org.junit.platform.engine.support.hierarchical.ThrowableCollector.execute(ThrowableCollector.java:73)
	at org.junit.jupiter.engine.descriptor.TestMethodTestDescriptor.invokeTestMethod(TestMethodTestDescriptor.java:213)
	at org.junit.jupiter.engine.descriptor.TestMethodTestDescriptor.execute(TestMethodTestDescriptor.java:138)
	at org.junit.jupiter.engine.descriptor.TestMethodTestDescriptor.execute(TestMethodTestDescriptor.java:68)
	at org.junit.platform.engine.support.hierarchical.NodeTestTask.lambda$executeRecursively$6(NodeTestTask.java:151)
	at org.junit.platform.engine.support.hierarchical.ThrowableCollector.execute(ThrowableCollector.java:73)
	at org.junit.platform.engine.support.hierarchical.NodeTestTask.lambda$executeRecursively$8(NodeTestTask.java:141)
	at org.junit.platform.engine.support.hierarchical.Node.around(Node.java:137)
	at org.junit.platform.engine.support.hierarchical.NodeTestTask.lambda$executeRecursively$9(NodeTestTask.java:139)
	at org.junit.platform.engine.support.hierarchical.ThrowableCollector.execute(ThrowableCollector.java:73)
	at org.junit.platform.engine.support.hierarchical.NodeTestTask.executeRecursively(NodeTestTask.java:138)
	at org.junit.platform.engine.support.hierarchical.NodeTestTask.execute(NodeTestTask.java:95)
	at java.base/java.util.ArrayList.forEach(ArrayList.java:1511)
	at org.junit.platform.engine.support.hierarchical.SameThreadHierarchicalTestExecutorService.invokeAll(SameThreadHierarchicalTestExecutorService.java:41)
	at org.junit.platform.engine.support.hierarchical.NodeTestTask.lambda$executeRecursively$6(NodeTestTask.java:155)
	at org.junit.platform.engine.support.hierarchical.ThrowableCollector.execute(ThrowableCollector.java:73)
	at org.junit.platform.engine.support.hierarchical.NodeTestTask.lambda$executeRecursively$8(NodeTestTask.java:141)
	at org.junit.platform.engine.support.hierarchical.Node.around(Node.java:137)
	at org.junit.platform.engine.support.hierarchical.NodeTestTask.lambda$executeRecursively$9(NodeTestTask.java:139)
	at org.junit.platform.engine.support.hierarchical.ThrowableCollector.execute(ThrowableCollector.java:73)
	at org.junit.platform.engine.support.hierarchical.NodeTestTask.executeRecursively(NodeTestTask.java:138)
	at org.junit.platform.engine.support.hierarchical.NodeTestTask.execute(NodeTestTask.java:95)
	at java.base/java.util.ArrayList.forEach(ArrayList.java:1511)
	at org.junit.platform.engine.support.hierarchical.SameThreadHierarchicalTestExecutorService.invokeAll(SameThreadHierarchicalTestExecutorService.java:41)
	at org.junit.platform.engine.support.hierarchical.NodeTestTask.lambda$executeRecursively$6(NodeTestTask.java:155)
	at org.junit.platform.engine.support.hierarchical.ThrowableCollector.execute(ThrowableCollector.java:73)
	at org.junit.platform.engine.support.hierarchical.NodeTestTask.lambda$executeRecursively$8(NodeTestTask.java:141)
	at org.junit.platform.engine.support.hierarchical.Node.around(Node.java:137)
	at org.junit.platform.engine.support.hierarchical.NodeTestTask.lambda$executeRecursively$9(NodeTestTask.java:139)
	at org.junit.platform.engine.support.hierarchical.ThrowableCollector.execute(ThrowableCollector.java:73)
	at org.junit.platform.engine.support.hierarchical.NodeTestTask.executeRecursively(NodeTestTask.java:138)
	at org.junit.platform.engine.support.hierarchical.NodeTestTask.execute(NodeTestTask.java:95)
	at org.junit.platform.engine.support.hierarchical.SameThreadHierarchicalTestExecutorService.submit(SameThreadHierarchicalTestExecutorService.java:35)
	at org.junit.platform.engine.support.hierarchical.HierarchicalTestExecutor.execute(HierarchicalTestExecutor.java:57)
	at org.junit.platform.engine.support.hierarchical.HierarchicalTestEngine.execute(HierarchicalTestEngine.java:54)
	at org.junit.platform.launcher.core.EngineExecutionOrchestrator.execute(EngineExecutionOrchestrator.java:147)
	at org.junit.platform.launcher.core.EngineExecutionOrchestrator.execute(EngineExecutionOrchestrator.java:127)
	at org.junit.platform.launcher.core.EngineExecutionOrchestrator.execute(EngineExecutionOrchestrator.java:90)
	at org.junit.platform.launcher.core.EngineExecutionOrchestrator.lambda$execute$0(EngineExecutionOrchestrator.java:55)
	at org.junit.platform.launcher.core.EngineExecutionOrchestrator.withInterceptedStreams(EngineExecutionOrchestrator.java:102)
	at org.junit.platform.launcher.core.EngineExecutionOrchestrator.execute(EngineExecutionOrchestrator.java:54)
	at org.junit.platform.launcher.core.DefaultLauncher.execute(DefaultLauncher.java:114)
	at org.junit.platform.launcher.core.DefaultLauncher.execute(DefaultLauncher.java:86)
	at org.junit.platform.launcher.core.DefaultLauncherSession$DelegatingLauncher.execute(DefaultLauncherSession.java:86)
	at org.apache.maven.surefire.junitplatform.LazyLauncher.execute(LazyLauncher.java:50)
	at org.apache.maven.surefire.junitplatform.JUnitPlatformProvider.execute(JUnitPlatformProvider.java:184)
	at org.apache.maven.surefire.junitplatform.JUnitPlatformProvider.invokeAllTests(JUnitPlatformProvider.java:148)
	at org.apache.maven.surefire.junitplatform.JUnitPlatformProvider.invoke(JUnitPlatformProvider.java:122)
	at org.apache.maven.surefire.booter.ForkedBooter.runSuitesInProcess(ForkedBooter.java:385)
	at org.apache.maven.surefire.booter.ForkedBooter.execute(ForkedBooter.java:162)
	at org.apache.maven.surefire.booter.ForkedBooter.run(ForkedBooter.java:507)
	at org.apache.maven.surefire.booter.ForkedBooter.main(ForkedBooter.java:495)
2023-11-24 12:36:48,905 DEBUG o.h.o.s.a.tree [SqlTreePrinter.java:46] SQL AST Tree:
    SelectStatement {
      FromClause {
        StandardTableGroup (r1 : franco.maurizio.hr.desk.com.persistence.entity.Role(961691196949077)) {
          primaryTableReference : roles as r1_0
        }
      }
    }

2023-11-24 12:36:48,905 DEBUG o.h.o.s.exec [JdbcSelectExecutorStandardImpl.java:455] Skipping reading Query result cache data: cache-enabled = false, cache-mode = NORMAL
2023-11-24 12:36:48,905 TRACE o.h.o.results [ResultsHelper.java:117] Registering initializer : EntityResultInitializer(franco.maurizio.hr.desk.com.persistence.entity.Role(961691196949077))
2023-11-24 12:36:48,905 DEBUG o.h.o.results [NavigablePathMapToInitializer.java:76] Initializer list:
	  franco.maurizio.hr.desk.com.persistence.entity.Role(961691196949077) -> EntityResultInitializer(franco.maurizio.hr.desk.com.persistence.entity.Role(961691196949077))@798827504 (SingleTableEntityPersister(franco.maurizio.hr.desk.com.persistence.entity.Role))

2023-11-24 12:36:48,905 TRACE o.h.s.r.j.i.DeferredResultSetAccess [DeferredResultSetAccess.java:224] Executing query to retrieve ResultSet : select r1_0.id,r1_0.description,r1_0.label,r1_0.level from roles r1_0 where r1_0.level=?
2023-11-24 12:36:48,905 DEBUG o.h.SQL [SqlStatementLogger.java:133] select r1_0.id,r1_0.description,r1_0.label,r1_0.level from roles r1_0 where r1_0.level=?
Hibernate: select r1_0.id,r1_0.description,r1_0.label,r1_0.level from roles r1_0 where r1_0.level=?
2023-11-24 12:36:48,905 TRACE o.h.r.j.i.ResourceRegistryStandardImpl [ResourceRegistryStandardImpl.java:82] Registering statement [HikariProxyPreparedStatement@809549832 wrapping com.mysql.cj.jdbc.ClientPreparedStatement: select r1_0.id,r1_0.description,r1_0.label,r1_0.level from roles r1_0 where r1_0.level=** NOT SPECIFIED **]
2023-11-24 12:36:48,906 TRACE o.h.e.j.i.JdbcCoordinatorImpl [JdbcCoordinatorImpl.java:322] Registering last query statement [HikariProxyPreparedStatement@809549832 wrapping com.mysql.cj.jdbc.ClientPreparedStatement: select r1_0.id,r1_0.description,r1_0.label,r1_0.level from roles r1_0 where r1_0.level=** NOT SPECIFIED **]
2023-11-24 12:36:48,906 TRACE o.h.o.j.bind [JdbcBindingLogging.java:25] binding parameter [1] as [INTEGER] - [0]
2023-11-24 12:36:48,906 TRACE o.h.r.j.i.ResourceRegistryStandardImpl [ResourceRegistryStandardImpl.java:221] Registering result set [HikariProxyResultSet@1366482178 wrapping com.mysql.cj.jdbc.result.ResultSetImpl@57eb8c8]
2023-11-24 12:36:48,907 TRACE o.h.r.j.i.AbstractLogicalConnectionImplementor [AbstractLogicalConnectionImplementor.java:48] LogicalConnection#afterStatement
2023-11-24 12:36:48,907 TRACE o.h.r.j.i.ResourceRegistryStandardImpl [ResourceRegistryStandardImpl.java:117] Releasing result set [HikariProxyResultSet@1366482178 wrapping com.mysql.cj.jdbc.result.ResultSetImpl@57eb8c8]
2023-11-24 12:36:48,907 TRACE o.h.r.j.i.ResourceRegistryStandardImpl [ResourceRegistryStandardImpl.java:169] Closing result set [HikariProxyResultSet@1366482178 wrapping com.mysql.cj.jdbc.result.ResultSetImpl@57eb8c8]
2023-11-24 12:36:48,907 TRACE o.h.r.j.i.ResourceRegistryStandardImpl [ResourceRegistryStandardImpl.java:96] Releasing statement [HikariProxyPreparedStatement@809549832 wrapping com.mysql.cj.jdbc.ClientPreparedStatement: select r1_0.id,r1_0.description,r1_0.label,r1_0.level from roles r1_0 where r1_0.level=0]
2023-11-24 12:36:48,907 TRACE o.h.r.j.i.ResourceRegistryStandardImpl [ResourceRegistryStandardImpl.java:187] Closing prepared statement [HikariProxyPreparedStatement@809549832 wrapping com.mysql.cj.jdbc.ClientPreparedStatement: select r1_0.id,r1_0.description,r1_0.label,r1_0.level from roles r1_0 where r1_0.level=0]
2023-11-24 12:36:48,907 TRACE o.h.e.i.StatefulPersistenceContext [StatefulPersistenceContext.java:976] Initializing non-lazy collections
2023-11-24 12:36:48,907 TRACE o.h.r.j.i.AbstractLogicalConnectionImplementor [AbstractLogicalConnectionImplementor.java:58] LogicalConnection#afterTransaction
2023-11-24 12:36:48,907 TRACE o.h.r.j.i.ResourceRegistryStandardImpl [ResourceRegistryStandardImpl.java:329] Releasing JDBC resources
2023-11-24 12:36:48,907 TRACE o.h.i.SessionImpl [SessionImpl.java:402] Closing session [161e448b-d436-4b9e-a881-7ed670a572fb]
2023-11-24 12:36:48,907 TRACE o.h.e.j.i.JdbcCoordinatorImpl [JdbcCoordinatorImpl.java:152] Closing JDBC container [org.hibernate.engine.jdbc.internal.JdbcCoordinatorImpl@75cc51cb]
2023-11-24 12:36:48,908 TRACE o.h.r.j.i.ResourceRegistryStandardImpl [ResourceRegistryStandardImpl.java:329] Releasing JDBC resources
2023-11-24 12:36:48,908 TRACE o.h.r.j.i.LogicalConnectionManagedImpl [LogicalConnectionManagedImpl.java:256] Closing logical connection
2023-11-24 12:36:48,908 TRACE o.h.r.j.i.ResourceRegistryStandardImpl [ResourceRegistryStandardImpl.java:329] Releasing JDBC resources
2023-11-24 12:36:48,908 TRACE o.h.r.j.i.LogicalConnectionManagedImpl [LogicalConnectionManagedImpl.java:263] Logical connection closed
2023-11-24 12:36:48,908 TRACE o.h.i.SessionFactoryImpl$SessionBuilderImpl [SessionFactoryImpl.java:1298] Opening Hibernate Session.  tenant=null
2023-11-24 12:36:48,908 TRACE o.h.i.SessionImpl [SessionImpl.java:262] Opened Session [2b6e64a1-09e1-42ae-a966-b5d40f46fab9] at timestamp: 1700825808908
2023-11-24 12:36:48,908 DEBUG o.h.e.t.i.TransactionImpl [TransactionImpl.java:53] On TransactionImpl creation, JpaCompliance#isJpaTransactionComplianceEnabled == false
2023-11-24 12:36:48,908 DEBUG o.h.e.t.i.TransactionImpl [TransactionImpl.java:81] begin
2023-11-24 12:36:48,909 TRACE o.h.r.j.i.AbstractLogicalConnectionImplementor [AbstractLogicalConnectionImplementor.java:71] Preparing to begin transaction via JDBC Connection.setAutoCommit(false)
2023-11-24 12:36:48,909 TRACE o.h.r.j.i.AbstractLogicalConnectionImplementor [AbstractLogicalConnectionImplementor.java:73] Transaction begun via JDBC Connection.setAutoCommit(false)
2023-11-24 12:36:48,909 TRACE o.h.r.t.b.j.i.JdbcResourceLocalTransactionCoordinatorImpl [JdbcResourceLocalTransactionCoordinatorImpl.java:163] ResourceLocalTransactionCoordinatorImpl#afterBeginCallback
2023-11-24 12:36:48,909 DEBUG o.h.j.i.PersistenceUnitUtilImpl [PersistenceUnitUtilImpl.java:89] jakarta.persistence.PersistenceUnitUtil.getIdentifier is only intended to work with enhanced entities (although Hibernate also adapts this support to its proxies); however the passed entity was not enhanced (nor a proxy).. may not be able to read identifier
2023-11-24 12:36:48,909 TRACE o.h.e.i.EntityState [EntityState.java:64] Transient instance of: franco.maurizio.hr.desk.com.persistence.entity.Role
2023-11-24 12:36:48,909 TRACE o.h.e.i.DefaultPersistEventListener [DefaultPersistEventListener.java:171] Saving transient instance
2023-11-24 12:36:48,909 TRACE o.h.e.i.AbstractSaveEventListener [AbstractSaveEventListener.java:172] Saving [franco.maurizio.hr.desk.com.persistence.entity.Role#<null>]
2023-11-24 12:36:48,910 TRACE o.h.e.s.ActionQueue [ActionQueue.java:321] Adding an EntityIdentityInsertAction for [franco.maurizio.hr.desk.com.persistence.entity.Role] object
2023-11-24 12:36:48,910 TRACE o.h.e.s.ActionQueue [ActionQueue.java:266] Executing inserts before finding non-nullable transient entities for early insert: [EntityIdentityInsertAction[franco.maurizio.hr.desk.com.persistence.entity.Role#<null>]]
2023-11-24 12:36:48,910 TRACE o.h.e.s.ActionQueue [ActionQueue.java:271] Adding insert with no non-nullable, transient entities: [EntityIdentityInsertAction[franco.maurizio.hr.desk.com.persistence.entity.Role#<null>]]
2023-11-24 12:36:48,910 TRACE o.h.e.s.ActionQueue [ActionQueue.java:288] Executing insertions before resolved early-insert
2023-11-24 12:36:48,910 DEBUG o.h.e.s.ActionQueue [ActionQueue.java:290] Executing identity-insert immediately
2023-11-24 12:36:48,910 TRACE o.h.v.i.e.c.SimpleConstraintTree [SimpleConstraintTree.java:53] Validating against constraint defined by ConstraintDescriptorImpl{annotation=j.v.c.NotNull, payloads=[], hasComposingConstraints=true, isReportAsSingleInvalidConstraint=false, constraintLocationKind=FIELD, definedOn=DEFINED_LOCALLY, groups=[interface jakarta.validation.groups.Default], attributes={groups=[Ljava.lang.Class;@694b7383, message=error.role.level.notnull, payload=[Ljava.lang.Class;@55de4314}, constraintType=GENERIC, valueUnwrapping=DEFAULT}.
2023-11-24 12:36:48,911 TRACE o.h.v.i.e.c.SimpleConstraintTree [SimpleConstraintTree.java:53] Validating against constraint defined by ConstraintDescriptorImpl{annotation=j.v.c.NotEmpty, payloads=[], hasComposingConstraints=true, isReportAsSingleInvalidConstraint=false, constraintLocationKind=FIELD, definedOn=DEFINED_LOCALLY, groups=[interface jakarta.validation.groups.Default], attributes={groups=[Ljava.lang.Class;@3afc292e, message=error.role.label.empty, payload=[Ljava.lang.Class;@17fa4bad}, constraintType=GENERIC, valueUnwrapping=DEFAULT}.
2023-11-24 12:36:48,911 TRACE o.h.v.i.e.c.SimpleConstraintTree [SimpleConstraintTree.java:53] Validating against constraint defined by ConstraintDescriptorImpl{annotation=o.h.v.c.Length, payloads=[], hasComposingConstraints=true, isReportAsSingleInvalidConstraint=false, constraintLocationKind=FIELD, definedOn=DEFINED_LOCALLY, groups=[interface jakarta.validation.groups.Default], attributes={groups=[Ljava.lang.Class;@51ba1ff0, min=0, message=error.role.description.length, payload=[Ljava.lang.Class;@a54e9b0, max=100}, constraintType=GENERIC, valueUnwrapping=DEFAULT}.
2023-11-24 12:36:48,911 TRACE o.h.v.i.e.c.SimpleConstraintTree [SimpleConstraintTree.java:53] Validating against constraint defined by ConstraintDescriptorImpl{annotation=o.h.v.c.Length, payloads=[], hasComposingConstraints=true, isReportAsSingleInvalidConstraint=false, constraintLocationKind=FIELD, definedOn=DEFINED_LOCALLY, groups=[interface jakarta.validation.groups.Default], attributes={groups=[Ljava.lang.Class;@51ba1ff0, min=0, message=error.role.label.length, payload=[Ljava.lang.Class;@a54e9b0, max=50}, constraintType=GENERIC, valueUnwrapping=DEFAULT}.
2023-11-24 12:36:48,912 DEBUG o.h.SQL [SqlStatementLogger.java:133] insert into roles (description,label,level) values (?,?,?)
Hibernate: insert into roles (description,label,level) values (?,?,?)
2023-11-24 12:36:48,912 TRACE o.h.r.j.i.ResourceRegistryStandardImpl [ResourceRegistryStandardImpl.java:82] Registering statement [HikariProxyPreparedStatement@1304818908 wrapping com.mysql.cj.jdbc.ClientPreparedStatement: insert into roles (description,label,level) values (** NOT SPECIFIED **,** NOT SPECIFIED **,** NOT SPECIFIED **)]
2023-11-24 12:36:48,912 TRACE o.h.r.j.i.ResourceRegistryStandardImpl [ResourceRegistryStandardImpl.java:221] Registering result set [null]
2023-11-24 12:36:48,912 TRACE o.h.o.j.bind [JdbcBindingLogging.java:25] binding parameter [1] as [VARCHAR] - [administrator]
2023-11-24 12:36:48,913 TRACE o.h.o.j.bind [JdbcBindingLogging.java:25] binding parameter [2] as [VARCHAR] - [admin]
2023-11-24 12:36:48,913 TRACE o.h.o.j.bind [JdbcBindingLogging.java:25] binding parameter [3] as [INTEGER] - [0]
2023-11-24 12:36:48,913 TRACE o.h.o.j.extract [JdbcExtractingLogging.java:24] extracted value ([1] : [BIGINT]) - [188]
2023-11-24 12:36:48,914 DEBUG o.h.i.IdentifierGeneratorHelper [IdentifierGeneratorHelper.java:84] Natively generated identity (franco.maurizio.hr.desk.com.persistence.entity.Role) : 188
2023-11-24 12:36:48,914 TRACE o.h.r.j.i.ResourceRegistryStandardImpl [ResourceRegistryStandardImpl.java:117] Releasing result set [HikariProxyResultSet@1304577829 wrapping com.mysql.cj.jdbc.result.ResultSetImpl@2044660]
2023-11-24 12:36:48,914 TRACE o.h.r.j.i.ResourceRegistryStandardImpl [ResourceRegistryStandardImpl.java:169] Closing result set [HikariProxyResultSet@1304577829 wrapping com.mysql.cj.jdbc.result.ResultSetImpl@2044660]
2023-11-24 12:36:48,914 TRACE o.h.r.j.i.ResourceRegistryStandardImpl [ResourceRegistryStandardImpl.java:96] Releasing statement [HikariProxyPreparedStatement@1304818908 wrapping com.mysql.cj.jdbc.ClientPreparedStatement: insert into roles (description,label,level) values ('administrator','admin',0)]
2023-11-24 12:36:48,914 TRACE o.h.r.j.i.ResourceRegistryStandardImpl [ResourceRegistryStandardImpl.java:169] Closing result set [null]
2023-11-24 12:36:48,914 TRACE o.h.r.j.i.ResourceRegistryStandardImpl [ResourceRegistryStandardImpl.java:187] Closing prepared statement [HikariProxyPreparedStatement@1304818908 wrapping com.mysql.cj.jdbc.ClientPreparedStatement: insert into roles (description,label,level) values ('administrator','admin',0)]
2023-11-24 12:36:48,914 TRACE o.h.o.j.mutation [MutationExecutorPostInsertSingleTable.java:103] Post-insert generated value : `188` (franco.maurizio.hr.desk.com.persistence.entity.Role)
2023-11-24 12:36:48,914 TRACE o.h.r.j.i.ResourceRegistryStandardImpl [ResourceRegistryStandardImpl.java:96] Releasing statement [HikariProxyPreparedStatement@1304818908 wrapping com.mysql.cj.jdbc.ClientPreparedStatement: insert into roles (description,label,level) values (** NOT SPECIFIED **,** NOT SPECIFIED **,** NOT SPECIFIED **)]
2023-11-24 12:36:48,914 DEBUG o.h.r.j.i.ResourceRegistryStandardImpl [ResourceRegistryStandardImpl.java:105] HHH000387: ResultSet's statement was not registered
2023-11-24 12:36:48,914 TRACE o.h.r.j.i.ResourceRegistryStandardImpl [ResourceRegistryStandardImpl.java:187] Closing prepared statement [HikariProxyPreparedStatement@1304818908 wrapping com.mysql.cj.jdbc.ClientPreparedStatement: insert into roles (description,label,level) values (** NOT SPECIFIED **,** NOT SPECIFIED **,** NOT SPECIFIED **)]
2023-11-24 12:36:48,915 DEBUG o.h.r.j.i.ResourceRegistryStandardImpl [ResourceRegistryStandardImpl.java:203] Exception clearing maxRows/queryTimeout [No operations allowed after statement closed.]
2023-11-24 12:36:48,915 DEBUG o.h.e.t.i.TransactionImpl [TransactionImpl.java:98] committing
2023-11-24 12:36:48,915 TRACE o.h.r.t.b.j.i.JdbcResourceLocalTransactionCoordinatorImpl [JdbcResourceLocalTransactionCoordinatorImpl.java:167] ResourceLocalTransactionCoordinatorImpl#beforeCompletionCallback
2023-11-24 12:36:48,915 TRACE o.h.i.SessionImpl [SessionImpl.java:1965] SessionImpl#beforeTransactionCompletion()
2023-11-24 12:36:48,915 TRACE o.h.i.SessionImpl [SessionImpl.java:484] Automatically flushing session
2023-11-24 12:36:48,915 TRACE o.h.e.i.AbstractFlushingEventListener [AbstractFlushingEventListener.java:72] Flushing session
2023-11-24 12:36:48,915 DEBUG o.h.e.i.AbstractFlushingEventListener [AbstractFlushingEventListener.java:136] Processing flush-time cascades
2023-11-24 12:36:48,916 TRACE o.h.e.i.Cascade [Cascade.java:87] Processing cascade ACTION_PERSIST_ON_FLUSH for: franco.maurizio.hr.desk.com.persistence.entity.Role
2023-11-24 12:36:48,916 TRACE o.h.e.i.Cascade [Cascade.java:200] Done processing cascade ACTION_PERSIST_ON_FLUSH for: franco.maurizio.hr.desk.com.persistence.entity.Role
2023-11-24 12:36:48,916 DEBUG o.h.e.i.AbstractFlushingEventListener [AbstractFlushingEventListener.java:185] Dirty checking collections
2023-11-24 12:36:48,916 TRACE o.h.e.i.AbstractFlushingEventListener [AbstractFlushingEventListener.java:197] Flushing entities and processing referenced collections
2023-11-24 12:36:48,916 TRACE o.h.e.i.AbstractFlushingEventListener [AbstractFlushingEventListener.java:264] Processing unreferenced collections
2023-11-24 12:36:48,916 TRACE o.h.e.i.AbstractFlushingEventListener [AbstractFlushingEventListener.java:277] Scheduling collection removes/(re)creates/updates
2023-11-24 12:36:48,916 DEBUG o.h.e.i.AbstractFlushingEventListener [AbstractFlushingEventListener.java:110] Flushed: 0 insertions, 0 updates, 0 deletions to 1 objects
2023-11-24 12:36:48,916 DEBUG o.h.e.i.AbstractFlushingEventListener [AbstractFlushingEventListener.java:117] Flushed: 0 (re)creations, 0 updates, 0 removals to 0 collections
2023-11-24 12:36:48,916 DEBUG o.h.i.u.EntityPrinter [EntityPrinter.java:111] Listing entities:
2023-11-24 12:36:48,916 DEBUG o.h.i.u.EntityPrinter [EntityPrinter.java:118] franco.maurizio.hr.desk.com.persistence.entity.Role{level=0, description=administrator, id=188, label=admin}
2023-11-24 12:36:48,916 TRACE o.h.e.i.AbstractFlushingEventListener [AbstractFlushingEventListener.java:349] Executing flush
2023-11-24 12:36:48,917 TRACE o.h.e.j.i.JdbcCoordinatorImpl [JdbcCoordinatorImpl.java:270] Starting after statement execution processing [ON_CLOSE]
2023-11-24 12:36:48,917 TRACE o.h.e.i.AbstractFlushingEventListener [AbstractFlushingEventListener.java:384] Post flush
2023-11-24 12:36:48,917 TRACE o.h.r.j.i.AbstractLogicalConnectionImplementor [AbstractLogicalConnectionImplementor.java:53] LogicalConnection#beforeTransactionCompletion
2023-11-24 12:36:48,917 TRACE o.h.r.t.i.SynchronizationRegistryStandardImpl [SynchronizationRegistryStandardImpl.java:55] SynchronizationRegistryStandardImpl.notifySynchronizationsBeforeTransactionCompletion
2023-11-24 12:36:48,917 TRACE o.h.r.j.i.AbstractLogicalConnectionImplementor [AbstractLogicalConnectionImplementor.java:85] Preparing to commit transaction via JDBC Connection.commit()
2023-11-24 12:36:48,925 TRACE o.h.r.j.i.AbstractLogicalConnectionImplementor [AbstractLogicalConnectionImplementor.java:88] Transaction committed via JDBC Connection.commit()
2023-11-24 12:36:48,925 TRACE o.h.r.j.i.AbstractLogicalConnectionImplementor [AbstractLogicalConnectionImplementor.java:105] re-enabling auto-commit on JDBC Connection after completion of JDBC-based transaction
2023-11-24 12:36:48,926 TRACE o.h.r.j.i.AbstractLogicalConnectionImplementor [AbstractLogicalConnectionImplementor.java:58] LogicalConnection#afterTransaction
2023-11-24 12:36:48,926 TRACE o.h.r.j.i.ResourceRegistryStandardImpl [ResourceRegistryStandardImpl.java:329] Releasing JDBC resources
2023-11-24 12:36:48,926 TRACE o.h.r.t.b.j.i.JdbcResourceLocalTransactionCoordinatorImpl [JdbcResourceLocalTransactionCoordinatorImpl.java:185] ResourceLocalTransactionCoordinatorImpl#afterCompletionCallback(true)
2023-11-24 12:36:48,926 TRACE o.h.r.t.i.SynchronizationRegistryStandardImpl [DelegatingBasicLogger.java:158] SynchronizationRegistryStandardImpl.notifySynchronizationsAfterTransactionCompletion(3)
2023-11-24 12:36:48,926 TRACE o.h.i.SessionImpl [SessionImpl.java:1980] SessionImpl#afterTransactionCompletion(successful=true, delayed=false)
2023-11-24 12:36:48,926 TRACE o.h.i.SessionImpl [SessionImpl.java:402] Closing session [2b6e64a1-09e1-42ae-a966-b5d40f46fab9]
2023-11-24 12:36:48,926 TRACE o.h.e.j.i.JdbcCoordinatorImpl [JdbcCoordinatorImpl.java:152] Closing JDBC container [org.hibernate.engine.jdbc.internal.JdbcCoordinatorImpl@40476f28]
2023-11-24 12:36:48,926 TRACE o.h.r.j.i.ResourceRegistryStandardImpl [ResourceRegistryStandardImpl.java:329] Releasing JDBC resources
2023-11-24 12:36:48,927 TRACE o.h.r.j.i.LogicalConnectionManagedImpl [LogicalConnectionManagedImpl.java:256] Closing logical connection
2023-11-24 12:36:48,927 TRACE o.h.r.j.i.ResourceRegistryStandardImpl [ResourceRegistryStandardImpl.java:329] Releasing JDBC resources
2023-11-24 12:36:48,927 TRACE o.h.r.j.i.LogicalConnectionManagedImpl [LogicalConnectionManagedImpl.java:263] Logical connection closed
2023-11-24 12:36:48,927 TRACE o.h.i.SessionFactoryImpl$SessionBuilderImpl [SessionFactoryImpl.java:1298] Opening Hibernate Session.  tenant=null
2023-11-24 12:36:48,927 TRACE o.h.i.SessionImpl [SessionImpl.java:262] Opened Session [4bcf72c7-11ff-4599-98ba-14a01e7d98af] at timestamp: 1700825808927
2023-11-24 12:36:48,927 DEBUG o.h.e.t.i.TransactionImpl [TransactionImpl.java:53] On TransactionImpl creation, JpaCompliance#isJpaTransactionComplianceEnabled == false
2023-11-24 12:36:48,927 DEBUG o.h.e.t.i.TransactionImpl [TransactionImpl.java:81] begin
2023-11-24 12:36:48,927 TRACE o.h.r.j.i.AbstractLogicalConnectionImplementor [AbstractLogicalConnectionImplementor.java:71] Preparing to begin transaction via JDBC Connection.setAutoCommit(false)
2023-11-24 12:36:48,928 TRACE o.h.r.j.i.AbstractLogicalConnectionImplementor [AbstractLogicalConnectionImplementor.java:73] Transaction begun via JDBC Connection.setAutoCommit(false)
2023-11-24 12:36:48,928 TRACE o.h.r.t.b.j.i.JdbcResourceLocalTransactionCoordinatorImpl [JdbcResourceLocalTransactionCoordinatorImpl.java:163] ResourceLocalTransactionCoordinatorImpl#afterBeginCallback
2023-11-24 12:36:48,928 DEBUG o.h.j.i.PersistenceUnitUtilImpl [PersistenceUnitUtilImpl.java:89] jakarta.persistence.PersistenceUnitUtil.getIdentifier is only intended to work with enhanced entities (although Hibernate also adapts this support to its proxies); however the passed entity was not enhanced (nor a proxy).. may not be able to read identifier
2023-11-24 12:36:48,928 TRACE o.h.e.i.EntityState [EntityState.java:64] Transient instance of: franco.maurizio.hr.desk.com.persistence.entity.User
2023-11-24 12:36:48,928 TRACE o.h.e.i.DefaultPersistEventListener [DefaultPersistEventListener.java:171] Saving transient instance
2023-11-24 12:36:48,928 TRACE o.h.e.i.AbstractSaveEventListener [AbstractSaveEventListener.java:172] Saving [franco.maurizio.hr.desk.com.persistence.entity.User#<null>]
2023-11-24 12:36:48,929 TRACE o.h.e.s.ActionQueue [ActionQueue.java:321] Adding an EntityIdentityInsertAction for [franco.maurizio.hr.desk.com.persistence.entity.User] object
2023-11-24 12:36:48,929 TRACE o.h.e.s.ActionQueue [ActionQueue.java:266] Executing inserts before finding non-nullable transient entities for early insert: [EntityIdentityInsertAction[franco.maurizio.hr.desk.com.persistence.entity.User#<null>]]
2023-11-24 12:36:48,929 TRACE o.h.e.s.ActionQueue [ActionQueue.java:271] Adding insert with no non-nullable, transient entities: [EntityIdentityInsertAction[franco.maurizio.hr.desk.com.persistence.entity.User#<null>]]
2023-11-24 12:36:48,929 TRACE o.h.e.s.ActionQueue [ActionQueue.java:288] Executing insertions before resolved early-insert
2023-11-24 12:36:48,929 DEBUG o.h.e.s.ActionQueue [ActionQueue.java:290] Executing identity-insert immediately
2023-11-24 12:36:48,929 TRACE o.h.v.i.e.c.SimpleConstraintTree [SimpleConstraintTree.java:53] Validating against constraint defined by ConstraintDescriptorImpl{annotation=o.h.v.c.Length, payloads=[], hasComposingConstraints=true, isReportAsSingleInvalidConstraint=false, constraintLocationKind=FIELD, definedOn=DEFINED_LOCALLY, groups=[interface jakarta.validation.groups.Default], attributes={groups=[Ljava.lang.Class;@51ba1ff0, min=0, message=error.user.firstname.length, payload=[Ljava.lang.Class;@a54e9b0, max=50}, constraintType=GENERIC, valueUnwrapping=DEFAULT}.
2023-11-24 12:36:48,929 TRACE o.h.v.i.e.c.SimpleConstraintTree [SimpleConstraintTree.java:53] Validating against constraint defined by ConstraintDescriptorImpl{annotation=j.v.c.NotEmpty, payloads=[], hasComposingConstraints=true, isReportAsSingleInvalidConstraint=false, constraintLocationKind=FIELD, definedOn=DEFINED_LOCALLY, groups=[interface jakarta.validation.groups.Default], attributes={groups=[Ljava.lang.Class;@3afc292e, message=error.user.email.empty, payload=[Ljava.lang.Class;@17fa4bad}, constraintType=GENERIC, valueUnwrapping=DEFAULT}.
2023-11-24 12:36:48,930 TRACE o.h.v.i.e.c.SimpleConstraintTree [SimpleConstraintTree.java:53] Validating against constraint defined by ConstraintDescriptorImpl{annotation=j.v.c.NotNull, payloads=[], hasComposingConstraints=true, isReportAsSingleInvalidConstraint=false, constraintLocationKind=FIELD, definedOn=DEFINED_LOCALLY, groups=[interface jakarta.validation.groups.Default], attributes={groups=[Ljava.lang.Class;@694b7383, message=error.user.firstname.empty, payload=[Ljava.lang.Class;@55de4314}, constraintType=GENERIC, valueUnwrapping=DEFAULT}.
2023-11-24 12:36:48,930 TRACE o.h.v.i.e.c.SimpleConstraintTree [SimpleConstraintTree.java:53] Validating against constraint defined by ConstraintDescriptorImpl{annotation=j.v.c.Email, payloads=[], hasComposingConstraints=true, isReportAsSingleInvalidConstraint=false, constraintLocationKind=FIELD, definedOn=DEFINED_LOCALLY, groups=[interface jakarta.validation.groups.Default], attributes={flags=[Ljakarta.validation.constraints.Pattern$Flag;@6bc3d564, groups=[Ljava.lang.Class;@1616c71b, regexp=.*, message=error.user.email.email, payload=[Ljava.lang.Class;@66de4992}, constraintType=GENERIC, valueUnwrapping=DEFAULT}.
2023-11-24 12:36:48,930 TRACE o.h.v.i.e.c.SimpleConstraintTree [SimpleConstraintTree.java:53] Validating against constraint defined by ConstraintDescriptorImpl{annotation=o.h.v.c.Length, payloads=[], hasComposingConstraints=true, isReportAsSingleInvalidConstraint=false, constraintLocationKind=FIELD, definedOn=DEFINED_LOCALLY, groups=[interface jakarta.validation.groups.Default], attributes={groups=[Ljava.lang.Class;@51ba1ff0, min=0, message=error.user.email.length, payload=[Ljava.lang.Class;@a54e9b0, max=100}, constraintType=GENERIC, valueUnwrapping=DEFAULT}.
2023-11-24 12:36:48,930 TRACE o.h.v.i.e.c.SimpleConstraintTree [SimpleConstraintTree.java:53] Validating against constraint defined by ConstraintDescriptorImpl{annotation=o.h.v.c.Length, payloads=[], hasComposingConstraints=true, isReportAsSingleInvalidConstraint=false, constraintLocationKind=FIELD, definedOn=DEFINED_LOCALLY, groups=[interface jakarta.validation.groups.Default], attributes={groups=[Ljava.lang.Class;@51ba1ff0, min=0, message=error.user.lastname.length, payload=[Ljava.lang.Class;@a54e9b0, max=50}, constraintType=GENERIC, valueUnwrapping=DEFAULT}.
2023-11-24 12:36:48,930 TRACE o.h.v.i.e.c.SimpleConstraintTree [SimpleConstraintTree.java:53] Validating against constraint defined by ConstraintDescriptorImpl{annotation=j.v.c.NotNull, payloads=[], hasComposingConstraints=true, isReportAsSingleInvalidConstraint=false, constraintLocationKind=FIELD, definedOn=DEFINED_LOCALLY, groups=[interface jakarta.validation.groups.Default], attributes={groups=[Ljava.lang.Class;@694b7383, message=error.user.lastname.empty, payload=[Ljava.lang.Class;@55de4314}, constraintType=GENERIC, valueUnwrapping=DEFAULT}.
2023-11-24 12:36:48,931 TRACE o.h.v.i.e.c.SimpleConstraintTree [SimpleConstraintTree.java:53] Validating against constraint defined by ConstraintDescriptorImpl{annotation=o.h.v.c.Length, payloads=[], hasComposingConstraints=true, isReportAsSingleInvalidConstraint=false, constraintLocationKind=FIELD, definedOn=DEFINED_LOCALLY, groups=[interface jakarta.validation.groups.Default], attributes={groups=[Ljava.lang.Class;@51ba1ff0, min=0, message=error.user.password.length, payload=[Ljava.lang.Class;@a54e9b0, max=100}, constraintType=GENERIC, valueUnwrapping=DEFAULT}.
2023-11-24 12:36:48,931 DEBUG o.h.SQL [SqlStatementLogger.java:133] insert into users (email,enabled,firstname,lastname,password,regdate,role) values (?,?,?,?,?,?,?)
Hibernate: insert into users (email,enabled,firstname,lastname,password,regdate,role) values (?,?,?,?,?,?,?)
2023-11-24 12:36:48,931 TRACE o.h.r.j.i.ResourceRegistryStandardImpl [ResourceRegistryStandardImpl.java:82] Registering statement [HikariProxyPreparedStatement@735400102 wrapping com.mysql.cj.jdbc.ClientPreparedStatement: insert into users (email,enabled,firstname,lastname,password,regdate,role) values (** NOT SPECIFIED **,** NOT SPECIFIED **,** NOT SPECIFIED **,** NOT SPECIFIED **,** NOT SPECIFIED **,** NOT SPECIFIED **,** NOT SPECIFIED **)]
2023-11-24 12:36:48,931 TRACE o.h.r.j.i.ResourceRegistryStandardImpl [ResourceRegistryStandardImpl.java:221] Registering result set [null]
2023-11-24 12:36:48,932 TRACE o.h.o.j.bind [JdbcBindingLogging.java:25] binding parameter [1] as [VARCHAR] - [523a@b.c]
2023-11-24 12:36:48,932 TRACE o.h.o.j.bind [JdbcBindingLogging.java:25] binding parameter [2] as [BOOLEAN] - [false]
2023-11-24 12:36:48,932 TRACE o.h.o.j.bind [JdbcBindingLogging.java:25] binding parameter [3] as [VARCHAR] - [pippo]
2023-11-24 12:36:48,932 TRACE o.h.o.j.bind [JdbcBindingLogging.java:25] binding parameter [4] as [VARCHAR] - [prova]
2023-11-24 12:36:48,932 TRACE o.h.o.j.bind [JdbcBindingLogging.java:25] binding parameter [5] as [VARCHAR] - [$2a$10$fhkQJfvJAj7sct14PPc4wOaOUrv3uTSPH8lTexRapro885Cb9I46u]
2023-11-24 12:36:48,932 TRACE o.h.o.j.bind [JdbcBindingLogging.java:25] binding parameter [6] as [TIMESTAMP] - [2023-11-24T12:36:48.902124543]
2023-11-24 12:36:48,932 TRACE o.h.o.j.bind [JdbcBindingLogging.java:25] binding parameter [7] as [INTEGER] - [0]
2023-11-24 12:36:48,933 TRACE o.h.o.j.extract [JdbcExtractingLogging.java:24] extracted value ([1] : [BIGINT]) - [162]
2023-11-24 12:36:48,933 DEBUG o.h.i.IdentifierGeneratorHelper [IdentifierGeneratorHelper.java:84] Natively generated identity (franco.maurizio.hr.desk.com.persistence.entity.User) : 162
2023-11-24 12:36:48,933 TRACE o.h.r.j.i.ResourceRegistryStandardImpl [ResourceRegistryStandardImpl.java:117] Releasing result set [HikariProxyResultSet@702869494 wrapping com.mysql.cj.jdbc.result.ResultSetImpl@4974f3e7]
2023-11-24 12:36:48,934 TRACE o.h.r.j.i.ResourceRegistryStandardImpl [ResourceRegistryStandardImpl.java:169] Closing result set [HikariProxyResultSet@702869494 wrapping com.mysql.cj.jdbc.result.ResultSetImpl@4974f3e7]
2023-11-24 12:36:48,934 TRACE o.h.r.j.i.ResourceRegistryStandardImpl [ResourceRegistryStandardImpl.java:96] Releasing statement [HikariProxyPreparedStatement@735400102 wrapping com.mysql.cj.jdbc.ClientPreparedStatement: insert into users (email,enabled,firstname,lastname,password,regdate,role) values ('523a@b.c',0,'pippo','prova','$2a$10$fhkQJfvJAj7sct14PPc4wOaOUrv3uTSPH8lTexRapro885Cb9I46u','2023-11-24 11:36:48',0)]
2023-11-24 12:36:48,934 TRACE o.h.r.j.i.ResourceRegistryStandardImpl [ResourceRegistryStandardImpl.java:169] Closing result set [null]
2023-11-24 12:36:48,934 TRACE o.h.r.j.i.ResourceRegistryStandardImpl [ResourceRegistryStandardImpl.java:187] Closing prepared statement [HikariProxyPreparedStatement@735400102 wrapping com.mysql.cj.jdbc.ClientPreparedStatement: insert into users (email,enabled,firstname,lastname,password,regdate,role) values ('523a@b.c',0,'pippo','prova','$2a$10$fhkQJfvJAj7sct14PPc4wOaOUrv3uTSPH8lTexRapro885Cb9I46u','2023-11-24 11:36:48',0)]
2023-11-24 12:36:48,934 TRACE o.h.o.j.mutation [MutationExecutorPostInsertSingleTable.java:103] Post-insert generated value : `162` (franco.maurizio.hr.desk.com.persistence.entity.User)
2023-11-24 12:36:48,934 TRACE o.h.r.j.i.ResourceRegistryStandardImpl [ResourceRegistryStandardImpl.java:96] Releasing statement [HikariProxyPreparedStatement@735400102 wrapping com.mysql.cj.jdbc.ClientPreparedStatement: insert into users (email,enabled,firstname,lastname,password,regdate,role) values (** NOT SPECIFIED **,** NOT SPECIFIED **,** NOT SPECIFIED **,** NOT SPECIFIED **,** NOT SPECIFIED **,** NOT SPECIFIED **,** NOT SPECIFIED **)]
2023-11-24 12:36:48,934 DEBUG o.h.r.j.i.ResourceRegistryStandardImpl [ResourceRegistryStandardImpl.java:105] HHH000387: ResultSet's statement was not registered
2023-11-24 12:36:48,934 TRACE o.h.r.j.i.ResourceRegistryStandardImpl [ResourceRegistryStandardImpl.java:187] Closing prepared statement [HikariProxyPreparedStatement@735400102 wrapping com.mysql.cj.jdbc.ClientPreparedStatement: insert into users (email,enabled,firstname,lastname,password,regdate,role) values (** NOT SPECIFIED **,** NOT SPECIFIED **,** NOT SPECIFIED **,** NOT SPECIFIED **,** NOT SPECIFIED **,** NOT SPECIFIED **,** NOT SPECIFIED **)]
2023-11-24 12:36:48,934 DEBUG o.h.r.j.i.ResourceRegistryStandardImpl [ResourceRegistryStandardImpl.java:203] Exception clearing maxRows/queryTimeout [No operations allowed after statement closed.]
2023-11-24 12:36:48,935 DEBUG o.h.e.t.i.TransactionImpl [TransactionImpl.java:98] committing
2023-11-24 12:36:48,935 TRACE o.h.r.t.b.j.i.JdbcResourceLocalTransactionCoordinatorImpl [JdbcResourceLocalTransactionCoordinatorImpl.java:167] ResourceLocalTransactionCoordinatorImpl#beforeCompletionCallback
2023-11-24 12:36:48,935 TRACE o.h.i.SessionImpl [SessionImpl.java:1965] SessionImpl#beforeTransactionCompletion()
2023-11-24 12:36:48,935 TRACE o.h.i.SessionImpl [SessionImpl.java:484] Automatically flushing session
2023-11-24 12:36:48,935 TRACE o.h.e.i.AbstractFlushingEventListener [AbstractFlushingEventListener.java:72] Flushing session
2023-11-24 12:36:48,935 DEBUG o.h.e.i.AbstractFlushingEventListener [AbstractFlushingEventListener.java:136] Processing flush-time cascades
2023-11-24 12:36:48,935 TRACE o.h.e.i.Cascade [Cascade.java:87] Processing cascade ACTION_PERSIST_ON_FLUSH for: franco.maurizio.hr.desk.com.persistence.entity.User
2023-11-24 12:36:48,935 TRACE o.h.e.i.Cascade [Cascade.java:200] Done processing cascade ACTION_PERSIST_ON_FLUSH for: franco.maurizio.hr.desk.com.persistence.entity.User
2023-11-24 12:36:48,935 DEBUG o.h.e.i.AbstractFlushingEventListener [AbstractFlushingEventListener.java:185] Dirty checking collections
2023-11-24 12:36:48,935 TRACE o.h.e.i.AbstractFlushingEventListener [AbstractFlushingEventListener.java:197] Flushing entities and processing referenced collections
2023-11-24 12:36:48,936 TRACE o.h.e.i.AbstractFlushingEventListener [AbstractFlushingEventListener.java:264] Processing unreferenced collections
2023-11-24 12:36:48,936 TRACE o.h.e.i.AbstractFlushingEventListener [AbstractFlushingEventListener.java:277] Scheduling collection removes/(re)creates/updates
2023-11-24 12:36:48,936 DEBUG o.h.e.i.AbstractFlushingEventListener [AbstractFlushingEventListener.java:110] Flushed: 0 insertions, 0 updates, 0 deletions to 1 objects
2023-11-24 12:36:48,936 DEBUG o.h.e.i.AbstractFlushingEventListener [AbstractFlushingEventListener.java:117] Flushed: 0 (re)creations, 0 updates, 0 removals to 0 collections
2023-11-24 12:36:48,936 DEBUG o.h.i.u.EntityPrinter [EntityPrinter.java:111] Listing entities:
2023-11-24 12:36:48,936 DEBUG o.h.i.u.EntityPrinter [EntityPrinter.java:118] franco.maurizio.hr.desk.com.persistence.entity.User{firstname=pippo, password=$2a$10$fhkQJfvJAj7sct14PPc4wOaOUrv3uTSPH8lTexRapro885Cb9I46u, role=0, regdate=2023-11-24T12:36:48.902124543, id=162, email=523a@b.c, enabled=false, lastname=prova}
2023-11-24 12:36:48,936 TRACE o.h.e.i.AbstractFlushingEventListener [AbstractFlushingEventListener.java:349] Executing flush
2023-11-24 12:36:48,936 TRACE o.h.e.j.i.JdbcCoordinatorImpl [JdbcCoordinatorImpl.java:270] Starting after statement execution processing [ON_CLOSE]
2023-11-24 12:36:48,936 TRACE o.h.e.i.AbstractFlushingEventListener [AbstractFlushingEventListener.java:384] Post flush
2023-11-24 12:36:48,936 TRACE o.h.r.j.i.AbstractLogicalConnectionImplementor [AbstractLogicalConnectionImplementor.java:53] LogicalConnection#beforeTransactionCompletion
2023-11-24 12:36:48,937 TRACE o.h.r.t.i.SynchronizationRegistryStandardImpl [SynchronizationRegistryStandardImpl.java:55] SynchronizationRegistryStandardImpl.notifySynchronizationsBeforeTransactionCompletion
2023-11-24 12:36:48,937 TRACE o.h.r.j.i.AbstractLogicalConnectionImplementor [AbstractLogicalConnectionImplementor.java:85] Preparing to commit transaction via JDBC Connection.commit()
2023-11-24 12:36:48,937 TRACE o.h.r.j.i.AbstractLogicalConnectionImplementor [AbstractLogicalConnectionImplementor.java:88] Transaction committed via JDBC Connection.commit()
2023-11-24 12:36:48,938 TRACE o.h.r.j.i.AbstractLogicalConnectionImplementor [AbstractLogicalConnectionImplementor.java:105] re-enabling auto-commit on JDBC Connection after completion of JDBC-based transaction
2023-11-24 12:36:48,938 TRACE o.h.r.j.i.AbstractLogicalConnectionImplementor [AbstractLogicalConnectionImplementor.java:58] LogicalConnection#afterTransaction
2023-11-24 12:36:48,938 TRACE o.h.r.j.i.ResourceRegistryStandardImpl [ResourceRegistryStandardImpl.java:329] Releasing JDBC resources
2023-11-24 12:36:48,938 TRACE o.h.r.t.b.j.i.JdbcResourceLocalTransactionCoordinatorImpl [JdbcResourceLocalTransactionCoordinatorImpl.java:185] ResourceLocalTransactionCoordinatorImpl#afterCompletionCallback(true)
2023-11-24 12:36:48,938 TRACE o.h.r.t.i.SynchronizationRegistryStandardImpl [DelegatingBasicLogger.java:158] SynchronizationRegistryStandardImpl.notifySynchronizationsAfterTransactionCompletion(3)
2023-11-24 12:36:48,938 TRACE o.h.i.SessionImpl [SessionImpl.java:1980] SessionImpl#afterTransactionCompletion(successful=true, delayed=false)
2023-11-24 12:36:48,938 TRACE o.h.i.SessionImpl [SessionImpl.java:402] Closing session [4bcf72c7-11ff-4599-98ba-14a01e7d98af]
2023-11-24 12:36:48,938 TRACE o.h.e.j.i.JdbcCoordinatorImpl [JdbcCoordinatorImpl.java:152] Closing JDBC container [org.hibernate.engine.jdbc.internal.JdbcCoordinatorImpl@23abd107]
2023-11-24 12:36:48,938 TRACE o.h.r.j.i.ResourceRegistryStandardImpl [ResourceRegistryStandardImpl.java:329] Releasing JDBC resources
2023-11-24 12:36:48,938 TRACE o.h.r.j.i.LogicalConnectionManagedImpl [LogicalConnectionManagedImpl.java:256] Closing logical connection
2023-11-24 12:36:48,938 TRACE o.h.r.j.i.ResourceRegistryStandardImpl [ResourceRegistryStandardImpl.java:329] Releasing JDBC resources
2023-11-24 12:36:48,939 TRACE o.h.r.j.i.LogicalConnectionManagedImpl [LogicalConnectionManagedImpl.java:263] Logical connection closed
2023-11-24 12:36:48,939 INFO f.m.h.d.c.i.c.AbstractIntegrationTests [AbstractIntegrationTests.java:138] getFakeCandidate - START
2023-11-24 12:36:48,939 TRACE f.m.h.d.c.i.c.AbstractIntegrationTests [AbstractIntegrationTests.java:71] getFakeUser - START - level: 90
2023-11-24 12:36:48,939 TRACE f.m.h.d.c.i.c.AbstractIntegrationTests [AbstractIntegrationTests.java:177] getRandomLongBetweenLimits GENERATED: 348
2023-11-24 12:36:48,939 TRACE f.m.h.d.c.i.c.AbstractIntegrationTests [AbstractIntegrationTests.java:85] encodePasswordForDBSaving - START - clearPwd: ciao1234
2023-11-24 12:36:49,014 TRACE f.m.h.d.c.i.c.AbstractIntegrationTests [AbstractIntegrationTests.java:91] encodePasswordForDBSaving - DEBUG - fullBCriptEncodedPwd: $2a$10$khQ2XwYB6d78IuuuG.tn1OXtAiuLPa8CEAaIxK97R6cpEe96uQIWm
2023-11-24 12:36:49,015 TRACE o.h.i.SessionFactoryImpl$SessionBuilderImpl [SessionFactoryImpl.java:1298] Opening Hibernate Session.  tenant=null
2023-11-24 12:36:49,015 TRACE o.h.i.SessionImpl [SessionImpl.java:262] Opened Session [e3accee8-6043-48de-80ff-cc53b2782142] at timestamp: 1700825809015
2023-11-24 12:36:49,016 TRACE o.h.q.s.s.BaseSqmToSqlAstConverter [BaseSqmToSqlAstConverter.java:2577] Resolving SqmRoot [franco.maurizio.hr.desk.com.persistence.entity.Role] to TableGroup
2023-11-24 12:36:49,016 TRACE o.h.q.s.s.BaseSqmToSqlAstConverter [BaseSqmToSqlAstConverter.java:2744] Resolving SqmRoot [franco.maurizio.hr.desk.com.persistence.entity.Role] to TableGroup
2023-11-24 12:36:49,016 DEBUG o.h.o.s.a.create [SqlAliasBaseImpl.java:33] Created new SQL alias : r1_0
2023-11-24 12:36:49,016 TRACE o.h.q.s.s.BaseSqmToSqlAstConverter [BaseSqmToSqlAstConverter.java:2811] Resolved SqmRoot [franco.maurizio.hr.desk.com.persistence.entity.Role] to new TableGroup [StandardTableGroup(franco.maurizio.hr.desk.com.persistence.entity.Role(961691196949077))]
2023-11-24 12:36:49,016 DEBUG o.h.o.s.a.create [SimpleFromClauseAccessImpl.java:98] Registration of TableGroup [StandardTableGroup(franco.maurizio.hr.desk.com.persistence.entity.Role(961691196949077))] with identifierForTableGroup [franco.maurizio.hr.desk.com.persistence.entity.Role] for NavigablePath [franco.maurizio.hr.desk.com.persistence.entity.Role] 
2023-11-24 12:36:49,016 TRACE o.h.q.s.s.BaseSqmToSqlAstConverter [BaseSqmToSqlAstConverter.java:3179] Visiting explicit joins for `franco.maurizio.hr.desk.com.persistence.entity.Role(961691196949077)`
2023-11-24 12:36:49,017 TRACE o.h.q.s.s.BaseSqmToSqlAstConverter [BaseSqmToSqlAstConverter.java:3820] SqmRoot [franco.maurizio.hr.desk.com.persistence.entity.Role] resolved to existing TableGroup [StandardTableGroup(franco.maurizio.hr.desk.com.persistence.entity.Role(961691196949077))]
2023-11-24 12:36:49,017 TRACE o.h.p.e.AbstractEntityPersister [AbstractEntityPersister.java:5680] #findSubPart(`level`)
2023-11-24 12:36:49,017 DEBUG o.h.q.s.s.BaseSqmToSqlAstConverter [BaseSqmToSqlAstConverter.java:5700] Determining mapping-model type for SqmParameter : org.hibernate.query.sqm.tree.expression.SqmJpaCriteriaParameterWrapper@4d2ef55e
2023-11-24 12:36:49,017 DEBUG o.h.q.s.s.BaseSqmToSqlAstConverter [BaseSqmToSqlAstConverter.java:5590] Determining mapping-model type for SqmPath : SqmBasicValuedSimplePath(franco.maurizio.hr.desk.com.persistence.entity.Role(961691196949077).level) 
2023-11-24 12:36:49,017 TRACE o.h.p.e.AbstractEntityPersister [AbstractEntityPersister.java:5680] #findSubPart(`level`)
2023-11-24 12:36:49,018 DEBUG o.h.o.r.g.AST [DomainResultGraphPrinter.java:67] DomainResult Graph:
 \-EntityResultImpl [franco.maurizio.hr.desk.com.persistence.entity.Role(961691196949077)]
 |  +-BasicFetch [franco.maurizio.hr.desk.com.persistence.entity.Role(961691196949077).description]
 |  +-BasicFetch [franco.maurizio.hr.desk.com.persistence.entity.Role(961691196949077).label]
 |  \-BasicFetch [franco.maurizio.hr.desk.com.persistence.entity.Role(961691196949077).level]

2023-11-24 12:36:49,018 TRACE o.h.o.r.g.AST [DomainResultGraphPrinter.java:70] Stack trace calling DomainResultGraphPrinter
java.lang.Exception: null
	at org.hibernate.sql.results.graph.DomainResultGraphPrinter.visitDomainResults(DomainResultGraphPrinter.java:70)
	at org.hibernate.sql.results.graph.DomainResultGraphPrinter.logDomainResultGraph(DomainResultGraphPrinter.java:46)
	at org.hibernate.sql.results.graph.DomainResultGraphPrinter.logDomainResultGraph(DomainResultGraphPrinter.java:37)
	at org.hibernate.sql.ast.spi.AbstractSqlAstTranslator.translateSelect(AbstractSqlAstTranslator.java:848)
	at org.hibernate.sql.ast.spi.AbstractSqlAstTranslator.translate(AbstractSqlAstTranslator.java:801)
	at org.hibernate.query.sqm.internal.ConcreteSqmSelectQueryPlan.buildCacheableSqmInterpretation(ConcreteSqmSelectQueryPlan.java:372)
	at org.hibernate.query.sqm.internal.ConcreteSqmSelectQueryPlan.withCacheableSqmInterpretation(ConcreteSqmSelectQueryPlan.java:268)
	at org.hibernate.query.sqm.internal.ConcreteSqmSelectQueryPlan.performList(ConcreteSqmSelectQueryPlan.java:244)
	at org.hibernate.query.sqm.internal.QuerySqmImpl.doList(QuerySqmImpl.java:518)
	at org.hibernate.query.spi.AbstractSelectionQuery.list(AbstractSelectionQuery.java:367)
	at org.hibernate.query.spi.AbstractSelectionQuery.getSingleResult(AbstractSelectionQuery.java:473)
	at java.base/jdk.internal.reflect.NativeMethodAccessorImpl.invoke0(Native Method)
	at java.base/jdk.internal.reflect.NativeMethodAccessorImpl.invoke(NativeMethodAccessorImpl.java:77)
	at java.base/jdk.internal.reflect.DelegatingMethodAccessorImpl.invoke(DelegatingMethodAccessorImpl.java:43)
	at java.base/java.lang.reflect.Method.invoke(Method.java:568)
	at org.springframework.orm.jpa.SharedEntityManagerCreator$DeferredQueryInvocationHandler.invoke(SharedEntityManagerCreator.java:405)
	at jdk.proxy2/jdk.proxy2.$Proxy222.getSingleResult(Unknown Source)
	at org.springframework.data.jpa.repository.query.JpaQueryExecution$SingleEntityExecution.doExecute(JpaQueryExecution.java:223)
	at org.springframework.data.jpa.repository.query.JpaQueryExecution.execute(JpaQueryExecution.java:92)
	at org.springframework.data.jpa.repository.query.AbstractJpaQuery.doExecute(AbstractJpaQuery.java:149)
	at org.springframework.data.jpa.repository.query.AbstractJpaQuery.execute(AbstractJpaQuery.java:137)
	at org.springframework.data.repository.core.support.RepositoryMethodInvoker.doInvoke(RepositoryMethodInvoker.java:136)
	at org.springframework.data.repository.core.support.RepositoryMethodInvoker.invoke(RepositoryMethodInvoker.java:120)
	at org.springframework.data.repository.core.support.QueryExecutorMethodInterceptor.doInvoke(QueryExecutorMethodInterceptor.java:164)
	at org.springframework.data.repository.core.support.QueryExecutorMethodInterceptor.invoke(QueryExecutorMethodInterceptor.java:143)
	at org.springframework.aop.framework.ReflectiveMethodInvocation.proceed(ReflectiveMethodInvocation.java:184)
	at org.springframework.data.projection.DefaultMethodInvokingMethodInterceptor.invoke(DefaultMethodInvokingMethodInterceptor.java:72)
	at org.springframework.aop.framework.ReflectiveMethodInvocation.proceed(ReflectiveMethodInvocation.java:184)
	at org.springframework.transaction.interceptor.TransactionInterceptor$1.proceedWithInvocation(TransactionInterceptor.java:123)
	at org.springframework.transaction.interceptor.TransactionAspectSupport.invokeWithinTransaction(TransactionAspectSupport.java:391)
	at org.springframework.transaction.interceptor.TransactionInterceptor.invoke(TransactionInterceptor.java:119)
	at org.springframework.aop.framework.ReflectiveMethodInvocation.proceed(ReflectiveMethodInvocation.java:184)
	at org.springframework.dao.support.PersistenceExceptionTranslationInterceptor.invoke(PersistenceExceptionTranslationInterceptor.java:137)
	at org.springframework.aop.framework.ReflectiveMethodInvocation.proceed(ReflectiveMethodInvocation.java:184)
	at org.springframework.data.jpa.repository.support.CrudMethodMetadataPostProcessor$CrudMethodMetadataPopulatingMethodInterceptor.invoke(CrudMethodMetadataPostProcessor.java:135)
	at org.springframework.aop.framework.ReflectiveMethodInvocation.proceed(ReflectiveMethodInvocation.java:184)
	at org.springframework.aop.interceptor.ExposeInvocationInterceptor.invoke(ExposeInvocationInterceptor.java:97)
	at org.springframework.aop.framework.ReflectiveMethodInvocation.proceed(ReflectiveMethodInvocation.java:184)
	at org.springframework.aop.framework.JdkDynamicAopProxy.invoke(JdkDynamicAopProxy.java:244)
	at jdk.proxy2/jdk.proxy2.$Proxy210.findByLevel(Unknown Source)
	at franco.maurizio.hr.desk.com.integration.controller.AbstractIntegrationTests.getFakeRole(AbstractIntegrationTests.java:52)
	at franco.maurizio.hr.desk.com.integration.controller.AbstractIntegrationTests.getFakeUser(AbstractIntegrationTests.java:79)
	at franco.maurizio.hr.desk.com.integration.controller.AbstractIntegrationTests.getFakeCandidate(AbstractIntegrationTests.java:139)
	at franco.maurizio.hr.desk.com.integration.controller.CandidateCustomControllerIntegrationTests.whenGetCandidateCustomById_andThereIsOne_thenStatus200(CandidateCustomControllerIntegrationTests.java:139)
	at java.base/jdk.internal.reflect.NativeMethodAccessorImpl.invoke0(Native Method)
	at java.base/jdk.internal.reflect.NativeMethodAccessorImpl.invoke(NativeMethodAccessorImpl.java:77)
	at java.base/jdk.internal.reflect.DelegatingMethodAccessorImpl.invoke(DelegatingMethodAccessorImpl.java:43)
	at java.base/java.lang.reflect.Method.invoke(Method.java:568)
	at org.junit.platform.commons.util.ReflectionUtils.invokeMethod(ReflectionUtils.java:727)
	at org.junit.jupiter.engine.execution.MethodInvocation.proceed(MethodInvocation.java:60)
	at org.junit.jupiter.engine.execution.InvocationInterceptorChain$ValidatingInvocation.proceed(InvocationInterceptorChain.java:131)
	at org.junit.jupiter.engine.extension.TimeoutExtension.intercept(TimeoutExtension.java:156)
	at org.junit.jupiter.engine.extension.TimeoutExtension.interceptTestableMethod(TimeoutExtension.java:147)
	at org.junit.jupiter.engine.extension.TimeoutExtension.interceptTestMethod(TimeoutExtension.java:86)
	at org.junit.jupiter.engine.execution.InterceptingExecutableInvoker$ReflectiveInterceptorCall.lambda$ofVoidMethod$0(InterceptingExecutableInvoker.java:103)
	at org.junit.jupiter.engine.execution.InterceptingExecutableInvoker.lambda$invoke$0(InterceptingExecutableInvoker.java:93)
	at org.junit.jupiter.engine.execution.InvocationInterceptorChain$InterceptedInvocation.proceed(InvocationInterceptorChain.java:106)
	at org.junit.jupiter.engine.execution.InvocationInterceptorChain.proceed(InvocationInterceptorChain.java:64)
	at org.junit.jupiter.engine.execution.InvocationInterceptorChain.chainAndInvoke(InvocationInterceptorChain.java:45)
	at org.junit.jupiter.engine.execution.InvocationInterceptorChain.invoke(InvocationInterceptorChain.java:37)
	at org.junit.jupiter.engine.execution.InterceptingExecutableInvoker.invoke(InterceptingExecutableInvoker.java:92)
	at org.junit.jupiter.engine.execution.InterceptingExecutableInvoker.invoke(InterceptingExecutableInvoker.java:86)
	at org.junit.jupiter.engine.descriptor.TestMethodTestDescriptor.lambda$invokeTestMethod$7(TestMethodTestDescriptor.java:217)
	at org.junit.platform.engine.support.hierarchical.ThrowableCollector.execute(ThrowableCollector.java:73)
	at org.junit.jupiter.engine.descriptor.TestMethodTestDescriptor.invokeTestMethod(TestMethodTestDescriptor.java:213)
	at org.junit.jupiter.engine.descriptor.TestMethodTestDescriptor.execute(TestMethodTestDescriptor.java:138)
	at org.junit.jupiter.engine.descriptor.TestMethodTestDescriptor.execute(TestMethodTestDescriptor.java:68)
	at org.junit.platform.engine.support.hierarchical.NodeTestTask.lambda$executeRecursively$6(NodeTestTask.java:151)
	at org.junit.platform.engine.support.hierarchical.ThrowableCollector.execute(ThrowableCollector.java:73)
	at org.junit.platform.engine.support.hierarchical.NodeTestTask.lambda$executeRecursively$8(NodeTestTask.java:141)
	at org.junit.platform.engine.support.hierarchical.Node.around(Node.java:137)
	at org.junit.platform.engine.support.hierarchical.NodeTestTask.lambda$executeRecursively$9(NodeTestTask.java:139)
	at org.junit.platform.engine.support.hierarchical.ThrowableCollector.execute(ThrowableCollector.java:73)
	at org.junit.platform.engine.support.hierarchical.NodeTestTask.executeRecursively(NodeTestTask.java:138)
	at org.junit.platform.engine.support.hierarchical.NodeTestTask.execute(NodeTestTask.java:95)
	at java.base/java.util.ArrayList.forEach(ArrayList.java:1511)
	at org.junit.platform.engine.support.hierarchical.SameThreadHierarchicalTestExecutorService.invokeAll(SameThreadHierarchicalTestExecutorService.java:41)
	at org.junit.platform.engine.support.hierarchical.NodeTestTask.lambda$executeRecursively$6(NodeTestTask.java:155)
	at org.junit.platform.engine.support.hierarchical.ThrowableCollector.execute(ThrowableCollector.java:73)
	at org.junit.platform.engine.support.hierarchical.NodeTestTask.lambda$executeRecursively$8(NodeTestTask.java:141)
	at org.junit.platform.engine.support.hierarchical.Node.around(Node.java:137)
	at org.junit.platform.engine.support.hierarchical.NodeTestTask.lambda$executeRecursively$9(NodeTestTask.java:139)
	at org.junit.platform.engine.support.hierarchical.ThrowableCollector.execute(ThrowableCollector.java:73)
	at org.junit.platform.engine.support.hierarchical.NodeTestTask.executeRecursively(NodeTestTask.java:138)
	at org.junit.platform.engine.support.hierarchical.NodeTestTask.execute(NodeTestTask.java:95)
	at java.base/java.util.ArrayList.forEach(ArrayList.java:1511)
	at org.junit.platform.engine.support.hierarchical.SameThreadHierarchicalTestExecutorService.invokeAll(SameThreadHierarchicalTestExecutorService.java:41)
	at org.junit.platform.engine.support.hierarchical.NodeTestTask.lambda$executeRecursively$6(NodeTestTask.java:155)
	at org.junit.platform.engine.support.hierarchical.ThrowableCollector.execute(ThrowableCollector.java:73)
	at org.junit.platform.engine.support.hierarchical.NodeTestTask.lambda$executeRecursively$8(NodeTestTask.java:141)
	at org.junit.platform.engine.support.hierarchical.Node.around(Node.java:137)
	at org.junit.platform.engine.support.hierarchical.NodeTestTask.lambda$executeRecursively$9(NodeTestTask.java:139)
	at org.junit.platform.engine.support.hierarchical.ThrowableCollector.execute(ThrowableCollector.java:73)
	at org.junit.platform.engine.support.hierarchical.NodeTestTask.executeRecursively(NodeTestTask.java:138)
	at org.junit.platform.engine.support.hierarchical.NodeTestTask.execute(NodeTestTask.java:95)
	at org.junit.platform.engine.support.hierarchical.SameThreadHierarchicalTestExecutorService.submit(SameThreadHierarchicalTestExecutorService.java:35)
	at org.junit.platform.engine.support.hierarchical.HierarchicalTestExecutor.execute(HierarchicalTestExecutor.java:57)
	at org.junit.platform.engine.support.hierarchical.HierarchicalTestEngine.execute(HierarchicalTestEngine.java:54)
	at org.junit.platform.launcher.core.EngineExecutionOrchestrator.execute(EngineExecutionOrchestrator.java:147)
	at org.junit.platform.launcher.core.EngineExecutionOrchestrator.execute(EngineExecutionOrchestrator.java:127)
	at org.junit.platform.launcher.core.EngineExecutionOrchestrator.execute(EngineExecutionOrchestrator.java:90)
	at org.junit.platform.launcher.core.EngineExecutionOrchestrator.lambda$execute$0(EngineExecutionOrchestrator.java:55)
	at org.junit.platform.launcher.core.EngineExecutionOrchestrator.withInterceptedStreams(EngineExecutionOrchestrator.java:102)
	at org.junit.platform.launcher.core.EngineExecutionOrchestrator.execute(EngineExecutionOrchestrator.java:54)
	at org.junit.platform.launcher.core.DefaultLauncher.execute(DefaultLauncher.java:114)
	at org.junit.platform.launcher.core.DefaultLauncher.execute(DefaultLauncher.java:86)
	at org.junit.platform.launcher.core.DefaultLauncherSession$DelegatingLauncher.execute(DefaultLauncherSession.java:86)
	at org.apache.maven.surefire.junitplatform.LazyLauncher.execute(LazyLauncher.java:50)
	at org.apache.maven.surefire.junitplatform.JUnitPlatformProvider.execute(JUnitPlatformProvider.java:184)
	at org.apache.maven.surefire.junitplatform.JUnitPlatformProvider.invokeAllTests(JUnitPlatformProvider.java:148)
	at org.apache.maven.surefire.junitplatform.JUnitPlatformProvider.invoke(JUnitPlatformProvider.java:122)
	at org.apache.maven.surefire.booter.ForkedBooter.runSuitesInProcess(ForkedBooter.java:385)
	at org.apache.maven.surefire.booter.ForkedBooter.execute(ForkedBooter.java:162)
	at org.apache.maven.surefire.booter.ForkedBooter.run(ForkedBooter.java:507)
	at org.apache.maven.surefire.booter.ForkedBooter.main(ForkedBooter.java:495)
2023-11-24 12:36:49,018 DEBUG o.h.o.s.a.tree [SqlTreePrinter.java:46] SQL AST Tree:
    SelectStatement {
      FromClause {
        StandardTableGroup (r1 : franco.maurizio.hr.desk.com.persistence.entity.Role(961691196949077)) {
          primaryTableReference : roles as r1_0
        }
      }
    }

2023-11-24 12:36:49,018 DEBUG o.h.o.s.exec [JdbcSelectExecutorStandardImpl.java:455] Skipping reading Query result cache data: cache-enabled = false, cache-mode = NORMAL
2023-11-24 12:36:49,019 TRACE o.h.o.results [ResultsHelper.java:117] Registering initializer : EntityResultInitializer(franco.maurizio.hr.desk.com.persistence.entity.Role(961691196949077))
2023-11-24 12:36:49,019 DEBUG o.h.o.results [NavigablePathMapToInitializer.java:76] Initializer list:
	  franco.maurizio.hr.desk.com.persistence.entity.Role(961691196949077) -> EntityResultInitializer(franco.maurizio.hr.desk.com.persistence.entity.Role(961691196949077))@37563716 (SingleTableEntityPersister(franco.maurizio.hr.desk.com.persistence.entity.Role))

2023-11-24 12:36:49,019 TRACE o.h.s.r.j.i.DeferredResultSetAccess [DeferredResultSetAccess.java:224] Executing query to retrieve ResultSet : select r1_0.id,r1_0.description,r1_0.label,r1_0.level from roles r1_0 where r1_0.level=?
2023-11-24 12:36:49,019 DEBUG o.h.SQL [SqlStatementLogger.java:133] select r1_0.id,r1_0.description,r1_0.label,r1_0.level from roles r1_0 where r1_0.level=?
Hibernate: select r1_0.id,r1_0.description,r1_0.label,r1_0.level from roles r1_0 where r1_0.level=?
2023-11-24 12:36:49,019 TRACE o.h.r.j.i.ResourceRegistryStandardImpl [ResourceRegistryStandardImpl.java:82] Registering statement [HikariProxyPreparedStatement@1779370979 wrapping com.mysql.cj.jdbc.ClientPreparedStatement: select r1_0.id,r1_0.description,r1_0.label,r1_0.level from roles r1_0 where r1_0.level=** NOT SPECIFIED **]
2023-11-24 12:36:49,019 TRACE o.h.e.j.i.JdbcCoordinatorImpl [JdbcCoordinatorImpl.java:322] Registering last query statement [HikariProxyPreparedStatement@1779370979 wrapping com.mysql.cj.jdbc.ClientPreparedStatement: select r1_0.id,r1_0.description,r1_0.label,r1_0.level from roles r1_0 where r1_0.level=** NOT SPECIFIED **]
2023-11-24 12:36:49,019 TRACE o.h.o.j.bind [JdbcBindingLogging.java:25] binding parameter [1] as [INTEGER] - [90]
2023-11-24 12:36:49,020 TRACE o.h.r.j.i.ResourceRegistryStandardImpl [ResourceRegistryStandardImpl.java:221] Registering result set [HikariProxyResultSet@1152792641 wrapping com.mysql.cj.jdbc.result.ResultSetImpl@6148b81b]
2023-11-24 12:36:49,020 TRACE o.h.r.j.i.AbstractLogicalConnectionImplementor [AbstractLogicalConnectionImplementor.java:48] LogicalConnection#afterStatement
2023-11-24 12:36:49,020 TRACE o.h.r.j.i.ResourceRegistryStandardImpl [ResourceRegistryStandardImpl.java:117] Releasing result set [HikariProxyResultSet@1152792641 wrapping com.mysql.cj.jdbc.result.ResultSetImpl@6148b81b]
2023-11-24 12:36:49,020 TRACE o.h.r.j.i.ResourceRegistryStandardImpl [ResourceRegistryStandardImpl.java:169] Closing result set [HikariProxyResultSet@1152792641 wrapping com.mysql.cj.jdbc.result.ResultSetImpl@6148b81b]
2023-11-24 12:36:49,020 TRACE o.h.r.j.i.ResourceRegistryStandardImpl [ResourceRegistryStandardImpl.java:96] Releasing statement [HikariProxyPreparedStatement@1779370979 wrapping com.mysql.cj.jdbc.ClientPreparedStatement: select r1_0.id,r1_0.description,r1_0.label,r1_0.level from roles r1_0 where r1_0.level=90]
2023-11-24 12:36:49,021 TRACE o.h.r.j.i.ResourceRegistryStandardImpl [ResourceRegistryStandardImpl.java:187] Closing prepared statement [HikariProxyPreparedStatement@1779370979 wrapping com.mysql.cj.jdbc.ClientPreparedStatement: select r1_0.id,r1_0.description,r1_0.label,r1_0.level from roles r1_0 where r1_0.level=90]
2023-11-24 12:36:49,021 TRACE o.h.e.i.StatefulPersistenceContext [StatefulPersistenceContext.java:976] Initializing non-lazy collections
2023-11-24 12:36:49,021 TRACE o.h.r.j.i.AbstractLogicalConnectionImplementor [AbstractLogicalConnectionImplementor.java:58] LogicalConnection#afterTransaction
2023-11-24 12:36:49,021 TRACE o.h.r.j.i.ResourceRegistryStandardImpl [ResourceRegistryStandardImpl.java:329] Releasing JDBC resources
2023-11-24 12:36:49,021 TRACE o.h.i.SessionImpl [SessionImpl.java:402] Closing session [e3accee8-6043-48de-80ff-cc53b2782142]
2023-11-24 12:36:49,021 TRACE o.h.e.j.i.JdbcCoordinatorImpl [JdbcCoordinatorImpl.java:152] Closing JDBC container [org.hibernate.engine.jdbc.internal.JdbcCoordinatorImpl@18b6acc5]
2023-11-24 12:36:49,021 TRACE o.h.r.j.i.ResourceRegistryStandardImpl [ResourceRegistryStandardImpl.java:329] Releasing JDBC resources
2023-11-24 12:36:49,021 TRACE o.h.r.j.i.LogicalConnectionManagedImpl [LogicalConnectionManagedImpl.java:256] Closing logical connection
2023-11-24 12:36:49,021 TRACE o.h.r.j.i.ResourceRegistryStandardImpl [ResourceRegistryStandardImpl.java:329] Releasing JDBC resources
2023-11-24 12:36:49,021 TRACE o.h.r.j.i.LogicalConnectionManagedImpl [LogicalConnectionManagedImpl.java:263] Logical connection closed
2023-11-24 12:36:49,022 TRACE o.h.i.SessionFactoryImpl$SessionBuilderImpl [SessionFactoryImpl.java:1298] Opening Hibernate Session.  tenant=null
2023-11-24 12:36:49,022 TRACE o.h.i.SessionImpl [SessionImpl.java:262] Opened Session [719437f6-070e-498f-9727-52432d053c61] at timestamp: 1700825809022
2023-11-24 12:36:49,022 DEBUG o.h.e.t.i.TransactionImpl [TransactionImpl.java:53] On TransactionImpl creation, JpaCompliance#isJpaTransactionComplianceEnabled == false
2023-11-24 12:36:49,022 DEBUG o.h.e.t.i.TransactionImpl [TransactionImpl.java:81] begin
2023-11-24 12:36:49,022 TRACE o.h.r.j.i.AbstractLogicalConnectionImplementor [AbstractLogicalConnectionImplementor.java:71] Preparing to begin transaction via JDBC Connection.setAutoCommit(false)
2023-11-24 12:36:49,023 TRACE o.h.r.j.i.AbstractLogicalConnectionImplementor [AbstractLogicalConnectionImplementor.java:73] Transaction begun via JDBC Connection.setAutoCommit(false)
2023-11-24 12:36:49,023 TRACE o.h.r.t.b.j.i.JdbcResourceLocalTransactionCoordinatorImpl [JdbcResourceLocalTransactionCoordinatorImpl.java:163] ResourceLocalTransactionCoordinatorImpl#afterBeginCallback
2023-11-24 12:36:49,023 DEBUG o.h.j.i.PersistenceUnitUtilImpl [PersistenceUnitUtilImpl.java:89] jakarta.persistence.PersistenceUnitUtil.getIdentifier is only intended to work with enhanced entities (although Hibernate also adapts this support to its proxies); however the passed entity was not enhanced (nor a proxy).. may not be able to read identifier
2023-11-24 12:36:49,023 TRACE o.h.e.i.EntityState [EntityState.java:64] Transient instance of: franco.maurizio.hr.desk.com.persistence.entity.Role
2023-11-24 12:36:49,023 TRACE o.h.e.i.DefaultPersistEventListener [DefaultPersistEventListener.java:171] Saving transient instance
2023-11-24 12:36:49,023 TRACE o.h.e.i.AbstractSaveEventListener [AbstractSaveEventListener.java:172] Saving [franco.maurizio.hr.desk.com.persistence.entity.Role#<null>]
2023-11-24 12:36:49,023 TRACE o.h.e.s.ActionQueue [ActionQueue.java:321] Adding an EntityIdentityInsertAction for [franco.maurizio.hr.desk.com.persistence.entity.Role] object
2023-11-24 12:36:49,023 TRACE o.h.e.s.ActionQueue [ActionQueue.java:266] Executing inserts before finding non-nullable transient entities for early insert: [EntityIdentityInsertAction[franco.maurizio.hr.desk.com.persistence.entity.Role#<null>]]
2023-11-24 12:36:49,024 TRACE o.h.e.s.ActionQueue [ActionQueue.java:271] Adding insert with no non-nullable, transient entities: [EntityIdentityInsertAction[franco.maurizio.hr.desk.com.persistence.entity.Role#<null>]]
2023-11-24 12:36:49,024 TRACE o.h.e.s.ActionQueue [ActionQueue.java:288] Executing insertions before resolved early-insert
2023-11-24 12:36:49,024 DEBUG o.h.e.s.ActionQueue [ActionQueue.java:290] Executing identity-insert immediately
2023-11-24 12:36:49,024 TRACE o.h.v.i.e.c.SimpleConstraintTree [SimpleConstraintTree.java:53] Validating against constraint defined by ConstraintDescriptorImpl{annotation=j.v.c.NotNull, payloads=[], hasComposingConstraints=true, isReportAsSingleInvalidConstraint=false, constraintLocationKind=FIELD, definedOn=DEFINED_LOCALLY, groups=[interface jakarta.validation.groups.Default], attributes={groups=[Ljava.lang.Class;@694b7383, message=error.role.level.notnull, payload=[Ljava.lang.Class;@55de4314}, constraintType=GENERIC, valueUnwrapping=DEFAULT}.
2023-11-24 12:36:49,024 TRACE o.h.v.i.e.c.SimpleConstraintTree [SimpleConstraintTree.java:53] Validating against constraint defined by ConstraintDescriptorImpl{annotation=j.v.c.NotEmpty, payloads=[], hasComposingConstraints=true, isReportAsSingleInvalidConstraint=false, constraintLocationKind=FIELD, definedOn=DEFINED_LOCALLY, groups=[interface jakarta.validation.groups.Default], attributes={groups=[Ljava.lang.Class;@3afc292e, message=error.role.label.empty, payload=[Ljava.lang.Class;@17fa4bad}, constraintType=GENERIC, valueUnwrapping=DEFAULT}.
2023-11-24 12:36:49,024 TRACE o.h.v.i.e.c.SimpleConstraintTree [SimpleConstraintTree.java:53] Validating against constraint defined by ConstraintDescriptorImpl{annotation=o.h.v.c.Length, payloads=[], hasComposingConstraints=true, isReportAsSingleInvalidConstraint=false, constraintLocationKind=FIELD, definedOn=DEFINED_LOCALLY, groups=[interface jakarta.validation.groups.Default], attributes={groups=[Ljava.lang.Class;@51ba1ff0, min=0, message=error.role.description.length, payload=[Ljava.lang.Class;@a54e9b0, max=100}, constraintType=GENERIC, valueUnwrapping=DEFAULT}.
2023-11-24 12:36:49,025 TRACE o.h.v.i.e.c.SimpleConstraintTree [SimpleConstraintTree.java:53] Validating against constraint defined by ConstraintDescriptorImpl{annotation=o.h.v.c.Length, payloads=[], hasComposingConstraints=true, isReportAsSingleInvalidConstraint=false, constraintLocationKind=FIELD, definedOn=DEFINED_LOCALLY, groups=[interface jakarta.validation.groups.Default], attributes={groups=[Ljava.lang.Class;@51ba1ff0, min=0, message=error.role.label.length, payload=[Ljava.lang.Class;@a54e9b0, max=50}, constraintType=GENERIC, valueUnwrapping=DEFAULT}.
2023-11-24 12:36:49,025 DEBUG o.h.SQL [SqlStatementLogger.java:133] insert into roles (description,label,level) values (?,?,?)
Hibernate: insert into roles (description,label,level) values (?,?,?)
2023-11-24 12:36:49,026 TRACE o.h.r.j.i.ResourceRegistryStandardImpl [ResourceRegistryStandardImpl.java:82] Registering statement [HikariProxyPreparedStatement@1734428079 wrapping com.mysql.cj.jdbc.ClientPreparedStatement: insert into roles (description,label,level) values (** NOT SPECIFIED **,** NOT SPECIFIED **,** NOT SPECIFIED **)]
2023-11-24 12:36:49,026 TRACE o.h.r.j.i.ResourceRegistryStandardImpl [ResourceRegistryStandardImpl.java:221] Registering result set [null]
2023-11-24 12:36:49,026 TRACE o.h.o.j.bind [JdbcBindingLogging.java:25] binding parameter [1] as [VARCHAR] - [administrator]
2023-11-24 12:36:49,026 TRACE o.h.o.j.bind [JdbcBindingLogging.java:25] binding parameter [2] as [VARCHAR] - [admin]
2023-11-24 12:36:49,026 TRACE o.h.o.j.bind [JdbcBindingLogging.java:25] binding parameter [3] as [INTEGER] - [90]
2023-11-24 12:36:49,027 TRACE o.h.o.j.extract [JdbcExtractingLogging.java:24] extracted value ([1] : [BIGINT]) - [189]
2023-11-24 12:36:49,028 DEBUG o.h.i.IdentifierGeneratorHelper [IdentifierGeneratorHelper.java:84] Natively generated identity (franco.maurizio.hr.desk.com.persistence.entity.Role) : 189
2023-11-24 12:36:49,028 TRACE o.h.r.j.i.ResourceRegistryStandardImpl [ResourceRegistryStandardImpl.java:117] Releasing result set [HikariProxyResultSet@1307651419 wrapping com.mysql.cj.jdbc.result.ResultSetImpl@718cb315]
2023-11-24 12:36:49,028 TRACE o.h.r.j.i.ResourceRegistryStandardImpl [ResourceRegistryStandardImpl.java:169] Closing result set [HikariProxyResultSet@1307651419 wrapping com.mysql.cj.jdbc.result.ResultSetImpl@718cb315]
2023-11-24 12:36:49,028 TRACE o.h.r.j.i.ResourceRegistryStandardImpl [ResourceRegistryStandardImpl.java:96] Releasing statement [HikariProxyPreparedStatement@1734428079 wrapping com.mysql.cj.jdbc.ClientPreparedStatement: insert into roles (description,label,level) values ('administrator','admin',90)]
2023-11-24 12:36:49,028 TRACE o.h.r.j.i.ResourceRegistryStandardImpl [ResourceRegistryStandardImpl.java:169] Closing result set [null]
2023-11-24 12:36:49,028 TRACE o.h.r.j.i.ResourceRegistryStandardImpl [ResourceRegistryStandardImpl.java:187] Closing prepared statement [HikariProxyPreparedStatement@1734428079 wrapping com.mysql.cj.jdbc.ClientPreparedStatement: insert into roles (description,label,level) values ('administrator','admin',90)]
2023-11-24 12:36:49,029 TRACE o.h.o.j.mutation [MutationExecutorPostInsertSingleTable.java:103] Post-insert generated value : `189` (franco.maurizio.hr.desk.com.persistence.entity.Role)
2023-11-24 12:36:49,029 TRACE o.h.r.j.i.ResourceRegistryStandardImpl [ResourceRegistryStandardImpl.java:96] Releasing statement [HikariProxyPreparedStatement@1734428079 wrapping com.mysql.cj.jdbc.ClientPreparedStatement: insert into roles (description,label,level) values (** NOT SPECIFIED **,** NOT SPECIFIED **,** NOT SPECIFIED **)]
2023-11-24 12:36:49,029 DEBUG o.h.r.j.i.ResourceRegistryStandardImpl [ResourceRegistryStandardImpl.java:105] HHH000387: ResultSet's statement was not registered
2023-11-24 12:36:49,029 TRACE o.h.r.j.i.ResourceRegistryStandardImpl [ResourceRegistryStandardImpl.java:187] Closing prepared statement [HikariProxyPreparedStatement@1734428079 wrapping com.mysql.cj.jdbc.ClientPreparedStatement: insert into roles (description,label,level) values (** NOT SPECIFIED **,** NOT SPECIFIED **,** NOT SPECIFIED **)]
2023-11-24 12:36:49,029 DEBUG o.h.r.j.i.ResourceRegistryStandardImpl [ResourceRegistryStandardImpl.java:203] Exception clearing maxRows/queryTimeout [No operations allowed after statement closed.]
2023-11-24 12:36:49,030 DEBUG o.h.e.t.i.TransactionImpl [TransactionImpl.java:98] committing
2023-11-24 12:36:49,030 TRACE o.h.r.t.b.j.i.JdbcResourceLocalTransactionCoordinatorImpl [JdbcResourceLocalTransactionCoordinatorImpl.java:167] ResourceLocalTransactionCoordinatorImpl#beforeCompletionCallback
2023-11-24 12:36:49,030 TRACE o.h.i.SessionImpl [SessionImpl.java:1965] SessionImpl#beforeTransactionCompletion()
2023-11-24 12:36:49,030 TRACE o.h.i.SessionImpl [SessionImpl.java:484] Automatically flushing session
2023-11-24 12:36:49,030 TRACE o.h.e.i.AbstractFlushingEventListener [AbstractFlushingEventListener.java:72] Flushing session
2023-11-24 12:36:49,030 DEBUG o.h.e.i.AbstractFlushingEventListener [AbstractFlushingEventListener.java:136] Processing flush-time cascades
2023-11-24 12:36:49,031 TRACE o.h.e.i.Cascade [Cascade.java:87] Processing cascade ACTION_PERSIST_ON_FLUSH for: franco.maurizio.hr.desk.com.persistence.entity.Role
2023-11-24 12:36:49,031 TRACE o.h.e.i.Cascade [Cascade.java:200] Done processing cascade ACTION_PERSIST_ON_FLUSH for: franco.maurizio.hr.desk.com.persistence.entity.Role
2023-11-24 12:36:49,031 DEBUG o.h.e.i.AbstractFlushingEventListener [AbstractFlushingEventListener.java:185] Dirty checking collections
2023-11-24 12:36:49,031 TRACE o.h.e.i.AbstractFlushingEventListener [AbstractFlushingEventListener.java:197] Flushing entities and processing referenced collections
2023-11-24 12:36:49,031 TRACE o.h.e.i.AbstractFlushingEventListener [AbstractFlushingEventListener.java:264] Processing unreferenced collections
2023-11-24 12:36:49,031 TRACE o.h.e.i.AbstractFlushingEventListener [AbstractFlushingEventListener.java:277] Scheduling collection removes/(re)creates/updates
2023-11-24 12:36:49,031 DEBUG o.h.e.i.AbstractFlushingEventListener [AbstractFlushingEventListener.java:110] Flushed: 0 insertions, 0 updates, 0 deletions to 1 objects
2023-11-24 12:36:49,032 DEBUG o.h.e.i.AbstractFlushingEventListener [AbstractFlushingEventListener.java:117] Flushed: 0 (re)creations, 0 updates, 0 removals to 0 collections
2023-11-24 12:36:49,032 DEBUG o.h.i.u.EntityPrinter [EntityPrinter.java:111] Listing entities:
2023-11-24 12:36:49,032 DEBUG o.h.i.u.EntityPrinter [EntityPrinter.java:118] franco.maurizio.hr.desk.com.persistence.entity.Role{level=90, description=administrator, id=189, label=admin}
2023-11-24 12:36:49,032 TRACE o.h.e.i.AbstractFlushingEventListener [AbstractFlushingEventListener.java:349] Executing flush
2023-11-24 12:36:49,032 TRACE o.h.e.j.i.JdbcCoordinatorImpl [JdbcCoordinatorImpl.java:270] Starting after statement execution processing [ON_CLOSE]
2023-11-24 12:36:49,032 TRACE o.h.e.i.AbstractFlushingEventListener [AbstractFlushingEventListener.java:384] Post flush
2023-11-24 12:36:49,033 TRACE o.h.r.j.i.AbstractLogicalConnectionImplementor [AbstractLogicalConnectionImplementor.java:53] LogicalConnection#beforeTransactionCompletion
2023-11-24 12:36:49,033 TRACE o.h.r.t.i.SynchronizationRegistryStandardImpl [SynchronizationRegistryStandardImpl.java:55] SynchronizationRegistryStandardImpl.notifySynchronizationsBeforeTransactionCompletion
2023-11-24 12:36:49,033 TRACE o.h.r.j.i.AbstractLogicalConnectionImplementor [AbstractLogicalConnectionImplementor.java:85] Preparing to commit transaction via JDBC Connection.commit()
2023-11-24 12:36:49,033 TRACE o.h.r.j.i.AbstractLogicalConnectionImplementor [AbstractLogicalConnectionImplementor.java:88] Transaction committed via JDBC Connection.commit()
2023-11-24 12:36:49,034 TRACE o.h.r.j.i.AbstractLogicalConnectionImplementor [AbstractLogicalConnectionImplementor.java:105] re-enabling auto-commit on JDBC Connection after completion of JDBC-based transaction
2023-11-24 12:36:49,034 TRACE o.h.r.j.i.AbstractLogicalConnectionImplementor [AbstractLogicalConnectionImplementor.java:58] LogicalConnection#afterTransaction
2023-11-24 12:36:49,034 TRACE o.h.r.j.i.ResourceRegistryStandardImpl [ResourceRegistryStandardImpl.java:329] Releasing JDBC resources
2023-11-24 12:36:49,034 TRACE o.h.r.t.b.j.i.JdbcResourceLocalTransactionCoordinatorImpl [JdbcResourceLocalTransactionCoordinatorImpl.java:185] ResourceLocalTransactionCoordinatorImpl#afterCompletionCallback(true)
2023-11-24 12:36:49,034 TRACE o.h.r.t.i.SynchronizationRegistryStandardImpl [DelegatingBasicLogger.java:158] SynchronizationRegistryStandardImpl.notifySynchronizationsAfterTransactionCompletion(3)
2023-11-24 12:36:49,034 TRACE o.h.i.SessionImpl [SessionImpl.java:1980] SessionImpl#afterTransactionCompletion(successful=true, delayed=false)
2023-11-24 12:36:49,034 TRACE o.h.i.SessionImpl [SessionImpl.java:402] Closing session [719437f6-070e-498f-9727-52432d053c61]
2023-11-24 12:36:49,034 TRACE o.h.e.j.i.JdbcCoordinatorImpl [JdbcCoordinatorImpl.java:152] Closing JDBC container [org.hibernate.engine.jdbc.internal.JdbcCoordinatorImpl@3dc40f8e]
2023-11-24 12:36:49,035 TRACE o.h.r.j.i.ResourceRegistryStandardImpl [ResourceRegistryStandardImpl.java:329] Releasing JDBC resources
2023-11-24 12:36:49,035 TRACE o.h.r.j.i.LogicalConnectionManagedImpl [LogicalConnectionManagedImpl.java:256] Closing logical connection
2023-11-24 12:36:49,035 TRACE o.h.r.j.i.ResourceRegistryStandardImpl [ResourceRegistryStandardImpl.java:329] Releasing JDBC resources
2023-11-24 12:36:49,035 TRACE o.h.r.j.i.LogicalConnectionManagedImpl [LogicalConnectionManagedImpl.java:263] Logical connection closed
2023-11-24 12:36:49,035 TRACE o.h.i.SessionFactoryImpl$SessionBuilderImpl [SessionFactoryImpl.java:1298] Opening Hibernate Session.  tenant=null
2023-11-24 12:36:49,035 TRACE o.h.i.SessionImpl [SessionImpl.java:262] Opened Session [94669e63-7893-47e1-ac6d-855467de99dc] at timestamp: 1700825809035
2023-11-24 12:36:49,035 DEBUG o.h.e.t.i.TransactionImpl [TransactionImpl.java:53] On TransactionImpl creation, JpaCompliance#isJpaTransactionComplianceEnabled == false
2023-11-24 12:36:49,035 DEBUG o.h.e.t.i.TransactionImpl [TransactionImpl.java:81] begin
2023-11-24 12:36:49,035 TRACE o.h.r.j.i.AbstractLogicalConnectionImplementor [AbstractLogicalConnectionImplementor.java:71] Preparing to begin transaction via JDBC Connection.setAutoCommit(false)
2023-11-24 12:36:49,036 TRACE o.h.r.j.i.AbstractLogicalConnectionImplementor [AbstractLogicalConnectionImplementor.java:73] Transaction begun via JDBC Connection.setAutoCommit(false)
2023-11-24 12:36:49,036 TRACE o.h.r.t.b.j.i.JdbcResourceLocalTransactionCoordinatorImpl [JdbcResourceLocalTransactionCoordinatorImpl.java:163] ResourceLocalTransactionCoordinatorImpl#afterBeginCallback
2023-11-24 12:36:49,036 DEBUG o.h.j.i.PersistenceUnitUtilImpl [PersistenceUnitUtilImpl.java:89] jakarta.persistence.PersistenceUnitUtil.getIdentifier is only intended to work with enhanced entities (although Hibernate also adapts this support to its proxies); however the passed entity was not enhanced (nor a proxy).. may not be able to read identifier
2023-11-24 12:36:49,036 TRACE o.h.e.i.EntityState [EntityState.java:64] Transient instance of: franco.maurizio.hr.desk.com.persistence.entity.User
2023-11-24 12:36:49,036 TRACE o.h.e.i.DefaultPersistEventListener [DefaultPersistEventListener.java:171] Saving transient instance
2023-11-24 12:36:49,036 TRACE o.h.e.i.AbstractSaveEventListener [AbstractSaveEventListener.java:172] Saving [franco.maurizio.hr.desk.com.persistence.entity.User#<null>]
2023-11-24 12:36:49,037 TRACE o.h.e.s.ActionQueue [ActionQueue.java:321] Adding an EntityIdentityInsertAction for [franco.maurizio.hr.desk.com.persistence.entity.User] object
2023-11-24 12:36:49,037 TRACE o.h.e.s.ActionQueue [ActionQueue.java:266] Executing inserts before finding non-nullable transient entities for early insert: [EntityIdentityInsertAction[franco.maurizio.hr.desk.com.persistence.entity.User#<null>]]
2023-11-24 12:36:49,037 TRACE o.h.e.s.ActionQueue [ActionQueue.java:271] Adding insert with no non-nullable, transient entities: [EntityIdentityInsertAction[franco.maurizio.hr.desk.com.persistence.entity.User#<null>]]
2023-11-24 12:36:49,037 TRACE o.h.e.s.ActionQueue [ActionQueue.java:288] Executing insertions before resolved early-insert
2023-11-24 12:36:49,037 DEBUG o.h.e.s.ActionQueue [ActionQueue.java:290] Executing identity-insert immediately
2023-11-24 12:36:49,037 TRACE o.h.v.i.e.c.SimpleConstraintTree [SimpleConstraintTree.java:53] Validating against constraint defined by ConstraintDescriptorImpl{annotation=o.h.v.c.Length, payloads=[], hasComposingConstraints=true, isReportAsSingleInvalidConstraint=false, constraintLocationKind=FIELD, definedOn=DEFINED_LOCALLY, groups=[interface jakarta.validation.groups.Default], attributes={groups=[Ljava.lang.Class;@51ba1ff0, min=0, message=error.user.firstname.length, payload=[Ljava.lang.Class;@a54e9b0, max=50}, constraintType=GENERIC, valueUnwrapping=DEFAULT}.
2023-11-24 12:36:49,038 TRACE o.h.v.i.e.c.SimpleConstraintTree [SimpleConstraintTree.java:53] Validating against constraint defined by ConstraintDescriptorImpl{annotation=j.v.c.NotEmpty, payloads=[], hasComposingConstraints=true, isReportAsSingleInvalidConstraint=false, constraintLocationKind=FIELD, definedOn=DEFINED_LOCALLY, groups=[interface jakarta.validation.groups.Default], attributes={groups=[Ljava.lang.Class;@3afc292e, message=error.user.email.empty, payload=[Ljava.lang.Class;@17fa4bad}, constraintType=GENERIC, valueUnwrapping=DEFAULT}.
2023-11-24 12:36:49,038 TRACE o.h.v.i.e.c.SimpleConstraintTree [SimpleConstraintTree.java:53] Validating against constraint defined by ConstraintDescriptorImpl{annotation=j.v.c.NotNull, payloads=[], hasComposingConstraints=true, isReportAsSingleInvalidConstraint=false, constraintLocationKind=FIELD, definedOn=DEFINED_LOCALLY, groups=[interface jakarta.validation.groups.Default], attributes={groups=[Ljava.lang.Class;@694b7383, message=error.user.firstname.empty, payload=[Ljava.lang.Class;@55de4314}, constraintType=GENERIC, valueUnwrapping=DEFAULT}.
2023-11-24 12:36:49,038 TRACE o.h.v.i.e.c.SimpleConstraintTree [SimpleConstraintTree.java:53] Validating against constraint defined by ConstraintDescriptorImpl{annotation=j.v.c.Email, payloads=[], hasComposingConstraints=true, isReportAsSingleInvalidConstraint=false, constraintLocationKind=FIELD, definedOn=DEFINED_LOCALLY, groups=[interface jakarta.validation.groups.Default], attributes={flags=[Ljakarta.validation.constraints.Pattern$Flag;@6bc3d564, groups=[Ljava.lang.Class;@1616c71b, regexp=.*, message=error.user.email.email, payload=[Ljava.lang.Class;@66de4992}, constraintType=GENERIC, valueUnwrapping=DEFAULT}.
2023-11-24 12:36:49,038 TRACE o.h.v.i.e.c.SimpleConstraintTree [SimpleConstraintTree.java:53] Validating against constraint defined by ConstraintDescriptorImpl{annotation=o.h.v.c.Length, payloads=[], hasComposingConstraints=true, isReportAsSingleInvalidConstraint=false, constraintLocationKind=FIELD, definedOn=DEFINED_LOCALLY, groups=[interface jakarta.validation.groups.Default], attributes={groups=[Ljava.lang.Class;@51ba1ff0, min=0, message=error.user.email.length, payload=[Ljava.lang.Class;@a54e9b0, max=100}, constraintType=GENERIC, valueUnwrapping=DEFAULT}.
2023-11-24 12:36:49,038 TRACE o.h.v.i.e.c.SimpleConstraintTree [SimpleConstraintTree.java:53] Validating against constraint defined by ConstraintDescriptorImpl{annotation=o.h.v.c.Length, payloads=[], hasComposingConstraints=true, isReportAsSingleInvalidConstraint=false, constraintLocationKind=FIELD, definedOn=DEFINED_LOCALLY, groups=[interface jakarta.validation.groups.Default], attributes={groups=[Ljava.lang.Class;@51ba1ff0, min=0, message=error.user.lastname.length, payload=[Ljava.lang.Class;@a54e9b0, max=50}, constraintType=GENERIC, valueUnwrapping=DEFAULT}.
2023-11-24 12:36:49,038 TRACE o.h.v.i.e.c.SimpleConstraintTree [SimpleConstraintTree.java:53] Validating against constraint defined by ConstraintDescriptorImpl{annotation=j.v.c.NotNull, payloads=[], hasComposingConstraints=true, isReportAsSingleInvalidConstraint=false, constraintLocationKind=FIELD, definedOn=DEFINED_LOCALLY, groups=[interface jakarta.validation.groups.Default], attributes={groups=[Ljava.lang.Class;@694b7383, message=error.user.lastname.empty, payload=[Ljava.lang.Class;@55de4314}, constraintType=GENERIC, valueUnwrapping=DEFAULT}.
2023-11-24 12:36:49,039 TRACE o.h.v.i.e.c.SimpleConstraintTree [SimpleConstraintTree.java:53] Validating against constraint defined by ConstraintDescriptorImpl{annotation=o.h.v.c.Length, payloads=[], hasComposingConstraints=true, isReportAsSingleInvalidConstraint=false, constraintLocationKind=FIELD, definedOn=DEFINED_LOCALLY, groups=[interface jakarta.validation.groups.Default], attributes={groups=[Ljava.lang.Class;@51ba1ff0, min=0, message=error.user.password.length, payload=[Ljava.lang.Class;@a54e9b0, max=100}, constraintType=GENERIC, valueUnwrapping=DEFAULT}.
2023-11-24 12:36:49,039 DEBUG o.h.SQL [SqlStatementLogger.java:133] insert into users (email,enabled,firstname,lastname,password,regdate,role) values (?,?,?,?,?,?,?)
Hibernate: insert into users (email,enabled,firstname,lastname,password,regdate,role) values (?,?,?,?,?,?,?)
2023-11-24 12:36:49,039 TRACE o.h.r.j.i.ResourceRegistryStandardImpl [ResourceRegistryStandardImpl.java:82] Registering statement [HikariProxyPreparedStatement@896252849 wrapping com.mysql.cj.jdbc.ClientPreparedStatement: insert into users (email,enabled,firstname,lastname,password,regdate,role) values (** NOT SPECIFIED **,** NOT SPECIFIED **,** NOT SPECIFIED **,** NOT SPECIFIED **,** NOT SPECIFIED **,** NOT SPECIFIED **,** NOT SPECIFIED **)]
2023-11-24 12:36:49,039 TRACE o.h.r.j.i.ResourceRegistryStandardImpl [ResourceRegistryStandardImpl.java:221] Registering result set [null]
2023-11-24 12:36:49,039 TRACE o.h.o.j.bind [JdbcBindingLogging.java:25] binding parameter [1] as [VARCHAR] - [348a@b.c]
2023-11-24 12:36:49,040 TRACE o.h.o.j.bind [JdbcBindingLogging.java:25] binding parameter [2] as [BOOLEAN] - [false]
2023-11-24 12:36:49,040 TRACE o.h.o.j.bind [JdbcBindingLogging.java:25] binding parameter [3] as [VARCHAR] - [pippo]
2023-11-24 12:36:49,040 TRACE o.h.o.j.bind [JdbcBindingLogging.java:25] binding parameter [4] as [VARCHAR] - [prova]
2023-11-24 12:36:49,040 TRACE o.h.o.j.bind [JdbcBindingLogging.java:25] binding parameter [5] as [VARCHAR] - [$2a$10$khQ2XwYB6d78IuuuG.tn1OXtAiuLPa8CEAaIxK97R6cpEe96uQIWm]
2023-11-24 12:36:49,040 TRACE o.h.o.j.bind [JdbcBindingLogging.java:25] binding parameter [6] as [TIMESTAMP] - [2023-11-24T12:36:49.014932919]
2023-11-24 12:36:49,040 TRACE o.h.o.j.bind [JdbcBindingLogging.java:25] binding parameter [7] as [INTEGER] - [90]
2023-11-24 12:36:49,041 TRACE o.h.o.j.extract [JdbcExtractingLogging.java:24] extracted value ([1] : [BIGINT]) - [163]
2023-11-24 12:36:49,042 DEBUG o.h.i.IdentifierGeneratorHelper [IdentifierGeneratorHelper.java:84] Natively generated identity (franco.maurizio.hr.desk.com.persistence.entity.User) : 163
2023-11-24 12:36:49,042 TRACE o.h.r.j.i.ResourceRegistryStandardImpl [ResourceRegistryStandardImpl.java:117] Releasing result set [HikariProxyResultSet@309170169 wrapping com.mysql.cj.jdbc.result.ResultSetImpl@19363e09]
2023-11-24 12:36:49,042 TRACE o.h.r.j.i.ResourceRegistryStandardImpl [ResourceRegistryStandardImpl.java:169] Closing result set [HikariProxyResultSet@309170169 wrapping com.mysql.cj.jdbc.result.ResultSetImpl@19363e09]
2023-11-24 12:36:49,042 TRACE o.h.r.j.i.ResourceRegistryStandardImpl [ResourceRegistryStandardImpl.java:96] Releasing statement [HikariProxyPreparedStatement@896252849 wrapping com.mysql.cj.jdbc.ClientPreparedStatement: insert into users (email,enabled,firstname,lastname,password,regdate,role) values ('348a@b.c',0,'pippo','prova','$2a$10$khQ2XwYB6d78IuuuG.tn1OXtAiuLPa8CEAaIxK97R6cpEe96uQIWm','2023-11-24 11:36:49',90)]
2023-11-24 12:36:49,042 TRACE o.h.r.j.i.ResourceRegistryStandardImpl [ResourceRegistryStandardImpl.java:169] Closing result set [null]
2023-11-24 12:36:49,042 TRACE o.h.r.j.i.ResourceRegistryStandardImpl [ResourceRegistryStandardImpl.java:187] Closing prepared statement [HikariProxyPreparedStatement@896252849 wrapping com.mysql.cj.jdbc.ClientPreparedStatement: insert into users (email,enabled,firstname,lastname,password,regdate,role) values ('348a@b.c',0,'pippo','prova','$2a$10$khQ2XwYB6d78IuuuG.tn1OXtAiuLPa8CEAaIxK97R6cpEe96uQIWm','2023-11-24 11:36:49',90)]
2023-11-24 12:36:49,043 TRACE o.h.o.j.mutation [MutationExecutorPostInsertSingleTable.java:103] Post-insert generated value : `163` (franco.maurizio.hr.desk.com.persistence.entity.User)
2023-11-24 12:36:49,043 TRACE o.h.r.j.i.ResourceRegistryStandardImpl [ResourceRegistryStandardImpl.java:96] Releasing statement [HikariProxyPreparedStatement@896252849 wrapping com.mysql.cj.jdbc.ClientPreparedStatement: insert into users (email,enabled,firstname,lastname,password,regdate,role) values (** NOT SPECIFIED **,** NOT SPECIFIED **,** NOT SPECIFIED **,** NOT SPECIFIED **,** NOT SPECIFIED **,** NOT SPECIFIED **,** NOT SPECIFIED **)]
2023-11-24 12:36:49,043 DEBUG o.h.r.j.i.ResourceRegistryStandardImpl [ResourceRegistryStandardImpl.java:105] HHH000387: ResultSet's statement was not registered
2023-11-24 12:36:49,043 TRACE o.h.r.j.i.ResourceRegistryStandardImpl [ResourceRegistryStandardImpl.java:187] Closing prepared statement [HikariProxyPreparedStatement@896252849 wrapping com.mysql.cj.jdbc.ClientPreparedStatement: insert into users (email,enabled,firstname,lastname,password,regdate,role) values (** NOT SPECIFIED **,** NOT SPECIFIED **,** NOT SPECIFIED **,** NOT SPECIFIED **,** NOT SPECIFIED **,** NOT SPECIFIED **,** NOT SPECIFIED **)]
2023-11-24 12:36:49,043 DEBUG o.h.r.j.i.ResourceRegistryStandardImpl [ResourceRegistryStandardImpl.java:203] Exception clearing maxRows/queryTimeout [No operations allowed after statement closed.]
2023-11-24 12:36:49,044 DEBUG o.h.e.t.i.TransactionImpl [TransactionImpl.java:98] committing
2023-11-24 12:36:49,044 TRACE o.h.r.t.b.j.i.JdbcResourceLocalTransactionCoordinatorImpl [JdbcResourceLocalTransactionCoordinatorImpl.java:167] ResourceLocalTransactionCoordinatorImpl#beforeCompletionCallback
2023-11-24 12:36:49,044 TRACE o.h.i.SessionImpl [SessionImpl.java:1965] SessionImpl#beforeTransactionCompletion()
2023-11-24 12:36:49,044 TRACE o.h.i.SessionImpl [SessionImpl.java:484] Automatically flushing session
2023-11-24 12:36:49,044 TRACE o.h.e.i.AbstractFlushingEventListener [AbstractFlushingEventListener.java:72] Flushing session
2023-11-24 12:36:49,044 DEBUG o.h.e.i.AbstractFlushingEventListener [AbstractFlushingEventListener.java:136] Processing flush-time cascades
2023-11-24 12:36:49,044 TRACE o.h.e.i.Cascade [Cascade.java:87] Processing cascade ACTION_PERSIST_ON_FLUSH for: franco.maurizio.hr.desk.com.persistence.entity.User
2023-11-24 12:36:49,044 TRACE o.h.e.i.Cascade [Cascade.java:200] Done processing cascade ACTION_PERSIST_ON_FLUSH for: franco.maurizio.hr.desk.com.persistence.entity.User
2023-11-24 12:36:49,044 DEBUG o.h.e.i.AbstractFlushingEventListener [AbstractFlushingEventListener.java:185] Dirty checking collections
2023-11-24 12:36:49,044 TRACE o.h.e.i.AbstractFlushingEventListener [AbstractFlushingEventListener.java:197] Flushing entities and processing referenced collections
2023-11-24 12:36:49,044 TRACE o.h.e.i.AbstractFlushingEventListener [AbstractFlushingEventListener.java:264] Processing unreferenced collections
2023-11-24 12:36:49,045 TRACE o.h.e.i.AbstractFlushingEventListener [AbstractFlushingEventListener.java:277] Scheduling collection removes/(re)creates/updates
2023-11-24 12:36:49,045 DEBUG o.h.e.i.AbstractFlushingEventListener [AbstractFlushingEventListener.java:110] Flushed: 0 insertions, 0 updates, 0 deletions to 1 objects
2023-11-24 12:36:49,045 DEBUG o.h.e.i.AbstractFlushingEventListener [AbstractFlushingEventListener.java:117] Flushed: 0 (re)creations, 0 updates, 0 removals to 0 collections
2023-11-24 12:36:49,045 DEBUG o.h.i.u.EntityPrinter [EntityPrinter.java:111] Listing entities:
2023-11-24 12:36:49,045 DEBUG o.h.i.u.EntityPrinter [EntityPrinter.java:118] franco.maurizio.hr.desk.com.persistence.entity.User{firstname=pippo, password=$2a$10$khQ2XwYB6d78IuuuG.tn1OXtAiuLPa8CEAaIxK97R6cpEe96uQIWm, role=90, regdate=2023-11-24T12:36:49.014932919, id=163, email=348a@b.c, enabled=false, lastname=prova}
2023-11-24 12:36:49,045 TRACE o.h.e.i.AbstractFlushingEventListener [AbstractFlushingEventListener.java:349] Executing flush
2023-11-24 12:36:49,045 TRACE o.h.e.j.i.JdbcCoordinatorImpl [JdbcCoordinatorImpl.java:270] Starting after statement execution processing [ON_CLOSE]
2023-11-24 12:36:49,045 TRACE o.h.e.i.AbstractFlushingEventListener [AbstractFlushingEventListener.java:384] Post flush
2023-11-24 12:36:49,045 TRACE o.h.r.j.i.AbstractLogicalConnectionImplementor [AbstractLogicalConnectionImplementor.java:53] LogicalConnection#beforeTransactionCompletion
2023-11-24 12:36:49,045 TRACE o.h.r.t.i.SynchronizationRegistryStandardImpl [SynchronizationRegistryStandardImpl.java:55] SynchronizationRegistryStandardImpl.notifySynchronizationsBeforeTransactionCompletion
2023-11-24 12:36:49,045 TRACE o.h.r.j.i.AbstractLogicalConnectionImplementor [AbstractLogicalConnectionImplementor.java:85] Preparing to commit transaction via JDBC Connection.commit()
2023-11-24 12:36:49,047 TRACE o.h.r.j.i.AbstractLogicalConnectionImplementor [AbstractLogicalConnectionImplementor.java:88] Transaction committed via JDBC Connection.commit()
2023-11-24 12:36:49,047 TRACE o.h.r.j.i.AbstractLogicalConnectionImplementor [AbstractLogicalConnectionImplementor.java:105] re-enabling auto-commit on JDBC Connection after completion of JDBC-based transaction
2023-11-24 12:36:49,047 TRACE o.h.r.j.i.AbstractLogicalConnectionImplementor [AbstractLogicalConnectionImplementor.java:58] LogicalConnection#afterTransaction
2023-11-24 12:36:49,047 TRACE o.h.r.j.i.ResourceRegistryStandardImpl [ResourceRegistryStandardImpl.java:329] Releasing JDBC resources
2023-11-24 12:36:49,047 TRACE o.h.r.t.b.j.i.JdbcResourceLocalTransactionCoordinatorImpl [JdbcResourceLocalTransactionCoordinatorImpl.java:185] ResourceLocalTransactionCoordinatorImpl#afterCompletionCallback(true)
2023-11-24 12:36:49,047 TRACE o.h.r.t.i.SynchronizationRegistryStandardImpl [DelegatingBasicLogger.java:158] SynchronizationRegistryStandardImpl.notifySynchronizationsAfterTransactionCompletion(3)
2023-11-24 12:36:49,047 TRACE o.h.i.SessionImpl [SessionImpl.java:1980] SessionImpl#afterTransactionCompletion(successful=true, delayed=false)
2023-11-24 12:36:49,047 TRACE o.h.i.SessionImpl [SessionImpl.java:402] Closing session [94669e63-7893-47e1-ac6d-855467de99dc]
2023-11-24 12:36:49,048 TRACE o.h.e.j.i.JdbcCoordinatorImpl [JdbcCoordinatorImpl.java:152] Closing JDBC container [org.hibernate.engine.jdbc.internal.JdbcCoordinatorImpl@724304ff]
2023-11-24 12:36:49,048 TRACE o.h.r.j.i.ResourceRegistryStandardImpl [ResourceRegistryStandardImpl.java:329] Releasing JDBC resources
2023-11-24 12:36:49,048 TRACE o.h.r.j.i.LogicalConnectionManagedImpl [LogicalConnectionManagedImpl.java:256] Closing logical connection
2023-11-24 12:36:49,048 TRACE o.h.r.j.i.ResourceRegistryStandardImpl [ResourceRegistryStandardImpl.java:329] Releasing JDBC resources
2023-11-24 12:36:49,048 TRACE o.h.r.j.i.LogicalConnectionManagedImpl [LogicalConnectionManagedImpl.java:263] Logical connection closed
2023-11-24 12:36:49,048 TRACE f.m.h.d.c.i.c.AbstractIntegrationTests [AbstractIntegrationTests.java:177] getRandomLongBetweenLimits GENERATED: 373
2023-11-24 12:36:49,048 TRACE f.m.h.d.c.i.c.AbstractIntegrationTests [AbstractIntegrationTests.java:177] getRandomLongBetweenLimits GENERATED: 594
2023-11-24 12:36:49,048 TRACE f.m.h.d.c.i.c.AbstractIntegrationTests [AbstractIntegrationTests.java:71] getFakeUser - START - level: 1341450380
2023-11-24 12:36:49,048 TRACE f.m.h.d.c.i.c.AbstractIntegrationTests [AbstractIntegrationTests.java:177] getRandomLongBetweenLimits GENERATED: 565
2023-11-24 12:36:49,049 TRACE f.m.h.d.c.i.c.AbstractIntegrationTests [AbstractIntegrationTests.java:85] encodePasswordForDBSaving - START - clearPwd: ciao1234
2023-11-24 12:36:49,124 TRACE f.m.h.d.c.i.c.AbstractIntegrationTests [AbstractIntegrationTests.java:91] encodePasswordForDBSaving - DEBUG - fullBCriptEncodedPwd: $2a$10$I4WbTIj/gvO2nN1Kyua8UOfXwrIkqf/7hIcs760pdhHIxZV.JgRhG
2023-11-24 12:36:49,125 TRACE o.h.i.SessionFactoryImpl$SessionBuilderImpl [SessionFactoryImpl.java:1298] Opening Hibernate Session.  tenant=null
2023-11-24 12:36:49,125 TRACE o.h.i.SessionImpl [SessionImpl.java:262] Opened Session [5a092343-c51f-4faf-9d1f-cd01be23f170] at timestamp: 1700825809125
2023-11-24 12:36:49,125 TRACE o.h.q.s.s.BaseSqmToSqlAstConverter [BaseSqmToSqlAstConverter.java:2577] Resolving SqmRoot [franco.maurizio.hr.desk.com.persistence.entity.Role] to TableGroup
2023-11-24 12:36:49,125 TRACE o.h.q.s.s.BaseSqmToSqlAstConverter [BaseSqmToSqlAstConverter.java:2744] Resolving SqmRoot [franco.maurizio.hr.desk.com.persistence.entity.Role] to TableGroup
2023-11-24 12:36:49,126 DEBUG o.h.o.s.a.create [SqlAliasBaseImpl.java:33] Created new SQL alias : r1_0
2023-11-24 12:36:49,126 TRACE o.h.q.s.s.BaseSqmToSqlAstConverter [BaseSqmToSqlAstConverter.java:2811] Resolved SqmRoot [franco.maurizio.hr.desk.com.persistence.entity.Role] to new TableGroup [StandardTableGroup(franco.maurizio.hr.desk.com.persistence.entity.Role(961691196949077))]
2023-11-24 12:36:49,126 DEBUG o.h.o.s.a.create [SimpleFromClauseAccessImpl.java:98] Registration of TableGroup [StandardTableGroup(franco.maurizio.hr.desk.com.persistence.entity.Role(961691196949077))] with identifierForTableGroup [franco.maurizio.hr.desk.com.persistence.entity.Role] for NavigablePath [franco.maurizio.hr.desk.com.persistence.entity.Role] 
2023-11-24 12:36:49,126 TRACE o.h.q.s.s.BaseSqmToSqlAstConverter [BaseSqmToSqlAstConverter.java:3179] Visiting explicit joins for `franco.maurizio.hr.desk.com.persistence.entity.Role(961691196949077)`
2023-11-24 12:36:49,126 TRACE o.h.q.s.s.BaseSqmToSqlAstConverter [BaseSqmToSqlAstConverter.java:3820] SqmRoot [franco.maurizio.hr.desk.com.persistence.entity.Role] resolved to existing TableGroup [StandardTableGroup(franco.maurizio.hr.desk.com.persistence.entity.Role(961691196949077))]
2023-11-24 12:36:49,126 TRACE o.h.p.e.AbstractEntityPersister [AbstractEntityPersister.java:5680] #findSubPart(`level`)
2023-11-24 12:36:49,127 DEBUG o.h.q.s.s.BaseSqmToSqlAstConverter [BaseSqmToSqlAstConverter.java:5700] Determining mapping-model type for SqmParameter : org.hibernate.query.sqm.tree.expression.SqmJpaCriteriaParameterWrapper@5a2daac8
2023-11-24 12:36:49,127 DEBUG o.h.q.s.s.BaseSqmToSqlAstConverter [BaseSqmToSqlAstConverter.java:5590] Determining mapping-model type for SqmPath : SqmBasicValuedSimplePath(franco.maurizio.hr.desk.com.persistence.entity.Role(961691196949077).level) 
2023-11-24 12:36:49,127 TRACE o.h.p.e.AbstractEntityPersister [AbstractEntityPersister.java:5680] #findSubPart(`level`)
2023-11-24 12:36:49,127 DEBUG o.h.o.r.g.AST [DomainResultGraphPrinter.java:67] DomainResult Graph:
 \-EntityResultImpl [franco.maurizio.hr.desk.com.persistence.entity.Role(961691196949077)]
 |  +-BasicFetch [franco.maurizio.hr.desk.com.persistence.entity.Role(961691196949077).description]
 |  +-BasicFetch [franco.maurizio.hr.desk.com.persistence.entity.Role(961691196949077).label]
 |  \-BasicFetch [franco.maurizio.hr.desk.com.persistence.entity.Role(961691196949077).level]

2023-11-24 12:36:49,127 TRACE o.h.o.r.g.AST [DomainResultGraphPrinter.java:70] Stack trace calling DomainResultGraphPrinter
java.lang.Exception: null
	at org.hibernate.sql.results.graph.DomainResultGraphPrinter.visitDomainResults(DomainResultGraphPrinter.java:70)
	at org.hibernate.sql.results.graph.DomainResultGraphPrinter.logDomainResultGraph(DomainResultGraphPrinter.java:46)
	at org.hibernate.sql.results.graph.DomainResultGraphPrinter.logDomainResultGraph(DomainResultGraphPrinter.java:37)
	at org.hibernate.sql.ast.spi.AbstractSqlAstTranslator.translateSelect(AbstractSqlAstTranslator.java:848)
	at org.hibernate.sql.ast.spi.AbstractSqlAstTranslator.translate(AbstractSqlAstTranslator.java:801)
	at org.hibernate.query.sqm.internal.ConcreteSqmSelectQueryPlan.buildCacheableSqmInterpretation(ConcreteSqmSelectQueryPlan.java:372)
	at org.hibernate.query.sqm.internal.ConcreteSqmSelectQueryPlan.withCacheableSqmInterpretation(ConcreteSqmSelectQueryPlan.java:268)
	at org.hibernate.query.sqm.internal.ConcreteSqmSelectQueryPlan.performList(ConcreteSqmSelectQueryPlan.java:244)
	at org.hibernate.query.sqm.internal.QuerySqmImpl.doList(QuerySqmImpl.java:518)
	at org.hibernate.query.spi.AbstractSelectionQuery.list(AbstractSelectionQuery.java:367)
	at org.hibernate.query.spi.AbstractSelectionQuery.getSingleResult(AbstractSelectionQuery.java:473)
	at java.base/jdk.internal.reflect.NativeMethodAccessorImpl.invoke0(Native Method)
	at java.base/jdk.internal.reflect.NativeMethodAccessorImpl.invoke(NativeMethodAccessorImpl.java:77)
	at java.base/jdk.internal.reflect.DelegatingMethodAccessorImpl.invoke(DelegatingMethodAccessorImpl.java:43)
	at java.base/java.lang.reflect.Method.invoke(Method.java:568)
	at org.springframework.orm.jpa.SharedEntityManagerCreator$DeferredQueryInvocationHandler.invoke(SharedEntityManagerCreator.java:405)
	at jdk.proxy2/jdk.proxy2.$Proxy222.getSingleResult(Unknown Source)
	at org.springframework.data.jpa.repository.query.JpaQueryExecution$SingleEntityExecution.doExecute(JpaQueryExecution.java:223)
	at org.springframework.data.jpa.repository.query.JpaQueryExecution.execute(JpaQueryExecution.java:92)
	at org.springframework.data.jpa.repository.query.AbstractJpaQuery.doExecute(AbstractJpaQuery.java:149)
	at org.springframework.data.jpa.repository.query.AbstractJpaQuery.execute(AbstractJpaQuery.java:137)
	at org.springframework.data.repository.core.support.RepositoryMethodInvoker.doInvoke(RepositoryMethodInvoker.java:136)
	at org.springframework.data.repository.core.support.RepositoryMethodInvoker.invoke(RepositoryMethodInvoker.java:120)
	at org.springframework.data.repository.core.support.QueryExecutorMethodInterceptor.doInvoke(QueryExecutorMethodInterceptor.java:164)
	at org.springframework.data.repository.core.support.QueryExecutorMethodInterceptor.invoke(QueryExecutorMethodInterceptor.java:143)
	at org.springframework.aop.framework.ReflectiveMethodInvocation.proceed(ReflectiveMethodInvocation.java:184)
	at org.springframework.data.projection.DefaultMethodInvokingMethodInterceptor.invoke(DefaultMethodInvokingMethodInterceptor.java:72)
	at org.springframework.aop.framework.ReflectiveMethodInvocation.proceed(ReflectiveMethodInvocation.java:184)
	at org.springframework.transaction.interceptor.TransactionInterceptor$1.proceedWithInvocation(TransactionInterceptor.java:123)
	at org.springframework.transaction.interceptor.TransactionAspectSupport.invokeWithinTransaction(TransactionAspectSupport.java:391)
	at org.springframework.transaction.interceptor.TransactionInterceptor.invoke(TransactionInterceptor.java:119)
	at org.springframework.aop.framework.ReflectiveMethodInvocation.proceed(ReflectiveMethodInvocation.java:184)
	at org.springframework.dao.support.PersistenceExceptionTranslationInterceptor.invoke(PersistenceExceptionTranslationInterceptor.java:137)
	at org.springframework.aop.framework.ReflectiveMethodInvocation.proceed(ReflectiveMethodInvocation.java:184)
	at org.springframework.data.jpa.repository.support.CrudMethodMetadataPostProcessor$CrudMethodMetadataPopulatingMethodInterceptor.invoke(CrudMethodMetadataPostProcessor.java:135)
	at org.springframework.aop.framework.ReflectiveMethodInvocation.proceed(ReflectiveMethodInvocation.java:184)
	at org.springframework.aop.interceptor.ExposeInvocationInterceptor.invoke(ExposeInvocationInterceptor.java:97)
	at org.springframework.aop.framework.ReflectiveMethodInvocation.proceed(ReflectiveMethodInvocation.java:184)
	at org.springframework.aop.framework.JdkDynamicAopProxy.invoke(JdkDynamicAopProxy.java:244)
	at jdk.proxy2/jdk.proxy2.$Proxy210.findByLevel(Unknown Source)
	at franco.maurizio.hr.desk.com.integration.controller.AbstractIntegrationTests.getFakeRole(AbstractIntegrationTests.java:52)
	at franco.maurizio.hr.desk.com.integration.controller.AbstractIntegrationTests.getFakeUser(AbstractIntegrationTests.java:79)
	at franco.maurizio.hr.desk.com.integration.controller.AbstractIntegrationTests.getFakeUser(AbstractIntegrationTests.java:61)
	at franco.maurizio.hr.desk.com.integration.controller.AbstractIntegrationTests.getFakeCoursePageWithCode(AbstractIntegrationTests.java:104)
	at franco.maurizio.hr.desk.com.integration.controller.AbstractIntegrationTests.getFakeCoursePage(AbstractIntegrationTests.java:110)
	at franco.maurizio.hr.desk.com.integration.controller.AbstractIntegrationTests.getFakeCandidate(AbstractIntegrationTests.java:140)
	at franco.maurizio.hr.desk.com.integration.controller.CandidateCustomControllerIntegrationTests.whenGetCandidateCustomById_andThereIsOne_thenStatus200(CandidateCustomControllerIntegrationTests.java:139)
	at java.base/jdk.internal.reflect.NativeMethodAccessorImpl.invoke0(Native Method)
	at java.base/jdk.internal.reflect.NativeMethodAccessorImpl.invoke(NativeMethodAccessorImpl.java:77)
	at java.base/jdk.internal.reflect.DelegatingMethodAccessorImpl.invoke(DelegatingMethodAccessorImpl.java:43)
	at java.base/java.lang.reflect.Method.invoke(Method.java:568)
	at org.junit.platform.commons.util.ReflectionUtils.invokeMethod(ReflectionUtils.java:727)
	at org.junit.jupiter.engine.execution.MethodInvocation.proceed(MethodInvocation.java:60)
	at org.junit.jupiter.engine.execution.InvocationInterceptorChain$ValidatingInvocation.proceed(InvocationInterceptorChain.java:131)
	at org.junit.jupiter.engine.extension.TimeoutExtension.intercept(TimeoutExtension.java:156)
	at org.junit.jupiter.engine.extension.TimeoutExtension.interceptTestableMethod(TimeoutExtension.java:147)
	at org.junit.jupiter.engine.extension.TimeoutExtension.interceptTestMethod(TimeoutExtension.java:86)
	at org.junit.jupiter.engine.execution.InterceptingExecutableInvoker$ReflectiveInterceptorCall.lambda$ofVoidMethod$0(InterceptingExecutableInvoker.java:103)
	at org.junit.jupiter.engine.execution.InterceptingExecutableInvoker.lambda$invoke$0(InterceptingExecutableInvoker.java:93)
	at org.junit.jupiter.engine.execution.InvocationInterceptorChain$InterceptedInvocation.proceed(InvocationInterceptorChain.java:106)
	at org.junit.jupiter.engine.execution.InvocationInterceptorChain.proceed(InvocationInterceptorChain.java:64)
	at org.junit.jupiter.engine.execution.InvocationInterceptorChain.chainAndInvoke(InvocationInterceptorChain.java:45)
	at org.junit.jupiter.engine.execution.InvocationInterceptorChain.invoke(InvocationInterceptorChain.java:37)
	at org.junit.jupiter.engine.execution.InterceptingExecutableInvoker.invoke(InterceptingExecutableInvoker.java:92)
	at org.junit.jupiter.engine.execution.InterceptingExecutableInvoker.invoke(InterceptingExecutableInvoker.java:86)
	at org.junit.jupiter.engine.descriptor.TestMethodTestDescriptor.lambda$invokeTestMethod$7(TestMethodTestDescriptor.java:217)
	at org.junit.platform.engine.support.hierarchical.ThrowableCollector.execute(ThrowableCollector.java:73)
	at org.junit.jupiter.engine.descriptor.TestMethodTestDescriptor.invokeTestMethod(TestMethodTestDescriptor.java:213)
	at org.junit.jupiter.engine.descriptor.TestMethodTestDescriptor.execute(TestMethodTestDescriptor.java:138)
	at org.junit.jupiter.engine.descriptor.TestMethodTestDescriptor.execute(TestMethodTestDescriptor.java:68)
	at org.junit.platform.engine.support.hierarchical.NodeTestTask.lambda$executeRecursively$6(NodeTestTask.java:151)
	at org.junit.platform.engine.support.hierarchical.ThrowableCollector.execute(ThrowableCollector.java:73)
	at org.junit.platform.engine.support.hierarchical.NodeTestTask.lambda$executeRecursively$8(NodeTestTask.java:141)
	at org.junit.platform.engine.support.hierarchical.Node.around(Node.java:137)
	at org.junit.platform.engine.support.hierarchical.NodeTestTask.lambda$executeRecursively$9(NodeTestTask.java:139)
	at org.junit.platform.engine.support.hierarchical.ThrowableCollector.execute(ThrowableCollector.java:73)
	at org.junit.platform.engine.support.hierarchical.NodeTestTask.executeRecursively(NodeTestTask.java:138)
	at org.junit.platform.engine.support.hierarchical.NodeTestTask.execute(NodeTestTask.java:95)
	at java.base/java.util.ArrayList.forEach(ArrayList.java:1511)
	at org.junit.platform.engine.support.hierarchical.SameThreadHierarchicalTestExecutorService.invokeAll(SameThreadHierarchicalTestExecutorService.java:41)
	at org.junit.platform.engine.support.hierarchical.NodeTestTask.lambda$executeRecursively$6(NodeTestTask.java:155)
	at org.junit.platform.engine.support.hierarchical.ThrowableCollector.execute(ThrowableCollector.java:73)
	at org.junit.platform.engine.support.hierarchical.NodeTestTask.lambda$executeRecursively$8(NodeTestTask.java:141)
	at org.junit.platform.engine.support.hierarchical.Node.around(Node.java:137)
	at org.junit.platform.engine.support.hierarchical.NodeTestTask.lambda$executeRecursively$9(NodeTestTask.java:139)
	at org.junit.platform.engine.support.hierarchical.ThrowableCollector.execute(ThrowableCollector.java:73)
	at org.junit.platform.engine.support.hierarchical.NodeTestTask.executeRecursively(NodeTestTask.java:138)
	at org.junit.platform.engine.support.hierarchical.NodeTestTask.execute(NodeTestTask.java:95)
	at java.base/java.util.ArrayList.forEach(ArrayList.java:1511)
	at org.junit.platform.engine.support.hierarchical.SameThreadHierarchicalTestExecutorService.invokeAll(SameThreadHierarchicalTestExecutorService.java:41)
	at org.junit.platform.engine.support.hierarchical.NodeTestTask.lambda$executeRecursively$6(NodeTestTask.java:155)
	at org.junit.platform.engine.support.hierarchical.ThrowableCollector.execute(ThrowableCollector.java:73)
	at org.junit.platform.engine.support.hierarchical.NodeTestTask.lambda$executeRecursively$8(NodeTestTask.java:141)
	at org.junit.platform.engine.support.hierarchical.Node.around(Node.java:137)
	at org.junit.platform.engine.support.hierarchical.NodeTestTask.lambda$executeRecursively$9(NodeTestTask.java:139)
	at org.junit.platform.engine.support.hierarchical.ThrowableCollector.execute(ThrowableCollector.java:73)
	at org.junit.platform.engine.support.hierarchical.NodeTestTask.executeRecursively(NodeTestTask.java:138)
	at org.junit.platform.engine.support.hierarchical.NodeTestTask.execute(NodeTestTask.java:95)
	at org.junit.platform.engine.support.hierarchical.SameThreadHierarchicalTestExecutorService.submit(SameThreadHierarchicalTestExecutorService.java:35)
	at org.junit.platform.engine.support.hierarchical.HierarchicalTestExecutor.execute(HierarchicalTestExecutor.java:57)
	at org.junit.platform.engine.support.hierarchical.HierarchicalTestEngine.execute(HierarchicalTestEngine.java:54)
	at org.junit.platform.launcher.core.EngineExecutionOrchestrator.execute(EngineExecutionOrchestrator.java:147)
	at org.junit.platform.launcher.core.EngineExecutionOrchestrator.execute(EngineExecutionOrchestrator.java:127)
	at org.junit.platform.launcher.core.EngineExecutionOrchestrator.execute(EngineExecutionOrchestrator.java:90)
	at org.junit.platform.launcher.core.EngineExecutionOrchestrator.lambda$execute$0(EngineExecutionOrchestrator.java:55)
	at org.junit.platform.launcher.core.EngineExecutionOrchestrator.withInterceptedStreams(EngineExecutionOrchestrator.java:102)
	at org.junit.platform.launcher.core.EngineExecutionOrchestrator.execute(EngineExecutionOrchestrator.java:54)
	at org.junit.platform.launcher.core.DefaultLauncher.execute(DefaultLauncher.java:114)
	at org.junit.platform.launcher.core.DefaultLauncher.execute(DefaultLauncher.java:86)
	at org.junit.platform.launcher.core.DefaultLauncherSession$DelegatingLauncher.execute(DefaultLauncherSession.java:86)
	at org.apache.maven.surefire.junitplatform.LazyLauncher.execute(LazyLauncher.java:50)
	at org.apache.maven.surefire.junitplatform.JUnitPlatformProvider.execute(JUnitPlatformProvider.java:184)
	at org.apache.maven.surefire.junitplatform.JUnitPlatformProvider.invokeAllTests(JUnitPlatformProvider.java:148)
	at org.apache.maven.surefire.junitplatform.JUnitPlatformProvider.invoke(JUnitPlatformProvider.java:122)
	at org.apache.maven.surefire.booter.ForkedBooter.runSuitesInProcess(ForkedBooter.java:385)
	at org.apache.maven.surefire.booter.ForkedBooter.execute(ForkedBooter.java:162)
	at org.apache.maven.surefire.booter.ForkedBooter.run(ForkedBooter.java:507)
	at org.apache.maven.surefire.booter.ForkedBooter.main(ForkedBooter.java:495)
2023-11-24 12:36:49,127 DEBUG o.h.o.s.a.tree [SqlTreePrinter.java:46] SQL AST Tree:
    SelectStatement {
      FromClause {
        StandardTableGroup (r1 : franco.maurizio.hr.desk.com.persistence.entity.Role(961691196949077)) {
          primaryTableReference : roles as r1_0
        }
      }
    }

2023-11-24 12:36:49,128 DEBUG o.h.o.s.exec [JdbcSelectExecutorStandardImpl.java:455] Skipping reading Query result cache data: cache-enabled = false, cache-mode = NORMAL
2023-11-24 12:36:49,128 TRACE o.h.o.results [ResultsHelper.java:117] Registering initializer : EntityResultInitializer(franco.maurizio.hr.desk.com.persistence.entity.Role(961691196949077))
2023-11-24 12:36:49,128 DEBUG o.h.o.results [NavigablePathMapToInitializer.java:76] Initializer list:
	  franco.maurizio.hr.desk.com.persistence.entity.Role(961691196949077) -> EntityResultInitializer(franco.maurizio.hr.desk.com.persistence.entity.Role(961691196949077))@459660439 (SingleTableEntityPersister(franco.maurizio.hr.desk.com.persistence.entity.Role))

2023-11-24 12:36:49,128 TRACE o.h.s.r.j.i.DeferredResultSetAccess [DeferredResultSetAccess.java:224] Executing query to retrieve ResultSet : select r1_0.id,r1_0.description,r1_0.label,r1_0.level from roles r1_0 where r1_0.level=?
2023-11-24 12:36:49,128 DEBUG o.h.SQL [SqlStatementLogger.java:133] select r1_0.id,r1_0.description,r1_0.label,r1_0.level from roles r1_0 where r1_0.level=?
Hibernate: select r1_0.id,r1_0.description,r1_0.label,r1_0.level from roles r1_0 where r1_0.level=?
2023-11-24 12:36:49,128 TRACE o.h.r.j.i.ResourceRegistryStandardImpl [ResourceRegistryStandardImpl.java:82] Registering statement [HikariProxyPreparedStatement@1876130384 wrapping com.mysql.cj.jdbc.ClientPreparedStatement: select r1_0.id,r1_0.description,r1_0.label,r1_0.level from roles r1_0 where r1_0.level=** NOT SPECIFIED **]
2023-11-24 12:36:49,129 TRACE o.h.e.j.i.JdbcCoordinatorImpl [JdbcCoordinatorImpl.java:322] Registering last query statement [HikariProxyPreparedStatement@1876130384 wrapping com.mysql.cj.jdbc.ClientPreparedStatement: select r1_0.id,r1_0.description,r1_0.label,r1_0.level from roles r1_0 where r1_0.level=** NOT SPECIFIED **]
2023-11-24 12:36:49,129 TRACE o.h.o.j.bind [JdbcBindingLogging.java:25] binding parameter [1] as [INTEGER] - [1341450380]
2023-11-24 12:36:49,129 TRACE o.h.r.j.i.ResourceRegistryStandardImpl [ResourceRegistryStandardImpl.java:221] Registering result set [HikariProxyResultSet@399210429 wrapping com.mysql.cj.jdbc.result.ResultSetImpl@71c5d5bc]
2023-11-24 12:36:49,130 TRACE o.h.r.j.i.AbstractLogicalConnectionImplementor [AbstractLogicalConnectionImplementor.java:48] LogicalConnection#afterStatement
2023-11-24 12:36:49,130 TRACE o.h.r.j.i.ResourceRegistryStandardImpl [ResourceRegistryStandardImpl.java:117] Releasing result set [HikariProxyResultSet@399210429 wrapping com.mysql.cj.jdbc.result.ResultSetImpl@71c5d5bc]
2023-11-24 12:36:49,130 TRACE o.h.r.j.i.ResourceRegistryStandardImpl [ResourceRegistryStandardImpl.java:169] Closing result set [HikariProxyResultSet@399210429 wrapping com.mysql.cj.jdbc.result.ResultSetImpl@71c5d5bc]
2023-11-24 12:36:49,130 TRACE o.h.r.j.i.ResourceRegistryStandardImpl [ResourceRegistryStandardImpl.java:96] Releasing statement [HikariProxyPreparedStatement@1876130384 wrapping com.mysql.cj.jdbc.ClientPreparedStatement: select r1_0.id,r1_0.description,r1_0.label,r1_0.level from roles r1_0 where r1_0.level=1341450380]
2023-11-24 12:36:49,130 TRACE o.h.r.j.i.ResourceRegistryStandardImpl [ResourceRegistryStandardImpl.java:187] Closing prepared statement [HikariProxyPreparedStatement@1876130384 wrapping com.mysql.cj.jdbc.ClientPreparedStatement: select r1_0.id,r1_0.description,r1_0.label,r1_0.level from roles r1_0 where r1_0.level=1341450380]
2023-11-24 12:36:49,130 TRACE o.h.e.i.StatefulPersistenceContext [StatefulPersistenceContext.java:976] Initializing non-lazy collections
2023-11-24 12:36:49,131 TRACE o.h.r.j.i.AbstractLogicalConnectionImplementor [AbstractLogicalConnectionImplementor.java:58] LogicalConnection#afterTransaction
2023-11-24 12:36:49,131 TRACE o.h.r.j.i.ResourceRegistryStandardImpl [ResourceRegistryStandardImpl.java:329] Releasing JDBC resources
2023-11-24 12:36:49,131 TRACE o.h.i.SessionImpl [SessionImpl.java:402] Closing session [5a092343-c51f-4faf-9d1f-cd01be23f170]
2023-11-24 12:36:49,131 TRACE o.h.e.j.i.JdbcCoordinatorImpl [JdbcCoordinatorImpl.java:152] Closing JDBC container [org.hibernate.engine.jdbc.internal.JdbcCoordinatorImpl@3004cd53]
2023-11-24 12:36:49,131 TRACE o.h.r.j.i.ResourceRegistryStandardImpl [ResourceRegistryStandardImpl.java:329] Releasing JDBC resources
2023-11-24 12:36:49,131 TRACE o.h.r.j.i.LogicalConnectionManagedImpl [LogicalConnectionManagedImpl.java:256] Closing logical connection
2023-11-24 12:36:49,131 TRACE o.h.r.j.i.ResourceRegistryStandardImpl [ResourceRegistryStandardImpl.java:329] Releasing JDBC resources
2023-11-24 12:36:49,131 TRACE o.h.r.j.i.LogicalConnectionManagedImpl [LogicalConnectionManagedImpl.java:263] Logical connection closed
2023-11-24 12:36:49,132 TRACE o.h.i.SessionFactoryImpl$SessionBuilderImpl [SessionFactoryImpl.java:1298] Opening Hibernate Session.  tenant=null
2023-11-24 12:36:49,132 TRACE o.h.i.SessionImpl [SessionImpl.java:262] Opened Session [c1da4461-3715-4844-9aef-d23f8f7f6d34] at timestamp: 1700825809132
2023-11-24 12:36:49,132 DEBUG o.h.e.t.i.TransactionImpl [TransactionImpl.java:53] On TransactionImpl creation, JpaCompliance#isJpaTransactionComplianceEnabled == false
2023-11-24 12:36:49,132 DEBUG o.h.e.t.i.TransactionImpl [TransactionImpl.java:81] begin
2023-11-24 12:36:49,133 TRACE o.h.r.j.i.AbstractLogicalConnectionImplementor [AbstractLogicalConnectionImplementor.java:71] Preparing to begin transaction via JDBC Connection.setAutoCommit(false)
2023-11-24 12:36:49,133 TRACE o.h.r.j.i.AbstractLogicalConnectionImplementor [AbstractLogicalConnectionImplementor.java:73] Transaction begun via JDBC Connection.setAutoCommit(false)
2023-11-24 12:36:49,133 TRACE o.h.r.t.b.j.i.JdbcResourceLocalTransactionCoordinatorImpl [JdbcResourceLocalTransactionCoordinatorImpl.java:163] ResourceLocalTransactionCoordinatorImpl#afterBeginCallback
2023-11-24 12:36:49,133 DEBUG o.h.j.i.PersistenceUnitUtilImpl [PersistenceUnitUtilImpl.java:89] jakarta.persistence.PersistenceUnitUtil.getIdentifier is only intended to work with enhanced entities (although Hibernate also adapts this support to its proxies); however the passed entity was not enhanced (nor a proxy).. may not be able to read identifier
2023-11-24 12:36:49,134 TRACE o.h.e.i.EntityState [EntityState.java:64] Transient instance of: franco.maurizio.hr.desk.com.persistence.entity.Role
2023-11-24 12:36:49,134 TRACE o.h.e.i.DefaultPersistEventListener [DefaultPersistEventListener.java:171] Saving transient instance
2023-11-24 12:36:49,134 TRACE o.h.e.i.AbstractSaveEventListener [AbstractSaveEventListener.java:172] Saving [franco.maurizio.hr.desk.com.persistence.entity.Role#<null>]
2023-11-24 12:36:49,134 TRACE o.h.e.s.ActionQueue [ActionQueue.java:321] Adding an EntityIdentityInsertAction for [franco.maurizio.hr.desk.com.persistence.entity.Role] object
2023-11-24 12:36:49,134 TRACE o.h.e.s.ActionQueue [ActionQueue.java:266] Executing inserts before finding non-nullable transient entities for early insert: [EntityIdentityInsertAction[franco.maurizio.hr.desk.com.persistence.entity.Role#<null>]]
2023-11-24 12:36:49,134 TRACE o.h.e.s.ActionQueue [ActionQueue.java:271] Adding insert with no non-nullable, transient entities: [EntityIdentityInsertAction[franco.maurizio.hr.desk.com.persistence.entity.Role#<null>]]
2023-11-24 12:36:49,134 TRACE o.h.e.s.ActionQueue [ActionQueue.java:288] Executing insertions before resolved early-insert
2023-11-24 12:36:49,135 DEBUG o.h.e.s.ActionQueue [ActionQueue.java:290] Executing identity-insert immediately
2023-11-24 12:36:49,135 TRACE o.h.v.i.e.c.SimpleConstraintTree [SimpleConstraintTree.java:53] Validating against constraint defined by ConstraintDescriptorImpl{annotation=j.v.c.NotNull, payloads=[], hasComposingConstraints=true, isReportAsSingleInvalidConstraint=false, constraintLocationKind=FIELD, definedOn=DEFINED_LOCALLY, groups=[interface jakarta.validation.groups.Default], attributes={groups=[Ljava.lang.Class;@694b7383, message=error.role.level.notnull, payload=[Ljava.lang.Class;@55de4314}, constraintType=GENERIC, valueUnwrapping=DEFAULT}.
2023-11-24 12:36:49,135 TRACE o.h.v.i.e.c.SimpleConstraintTree [SimpleConstraintTree.java:53] Validating against constraint defined by ConstraintDescriptorImpl{annotation=j.v.c.NotEmpty, payloads=[], hasComposingConstraints=true, isReportAsSingleInvalidConstraint=false, constraintLocationKind=FIELD, definedOn=DEFINED_LOCALLY, groups=[interface jakarta.validation.groups.Default], attributes={groups=[Ljava.lang.Class;@3afc292e, message=error.role.label.empty, payload=[Ljava.lang.Class;@17fa4bad}, constraintType=GENERIC, valueUnwrapping=DEFAULT}.
2023-11-24 12:36:49,135 TRACE o.h.v.i.e.c.SimpleConstraintTree [SimpleConstraintTree.java:53] Validating against constraint defined by ConstraintDescriptorImpl{annotation=o.h.v.c.Length, payloads=[], hasComposingConstraints=true, isReportAsSingleInvalidConstraint=false, constraintLocationKind=FIELD, definedOn=DEFINED_LOCALLY, groups=[interface jakarta.validation.groups.Default], attributes={groups=[Ljava.lang.Class;@51ba1ff0, min=0, message=error.role.description.length, payload=[Ljava.lang.Class;@a54e9b0, max=100}, constraintType=GENERIC, valueUnwrapping=DEFAULT}.
2023-11-24 12:36:49,135 TRACE o.h.v.i.e.c.SimpleConstraintTree [SimpleConstraintTree.java:53] Validating against constraint defined by ConstraintDescriptorImpl{annotation=o.h.v.c.Length, payloads=[], hasComposingConstraints=true, isReportAsSingleInvalidConstraint=false, constraintLocationKind=FIELD, definedOn=DEFINED_LOCALLY, groups=[interface jakarta.validation.groups.Default], attributes={groups=[Ljava.lang.Class;@51ba1ff0, min=0, message=error.role.label.length, payload=[Ljava.lang.Class;@a54e9b0, max=50}, constraintType=GENERIC, valueUnwrapping=DEFAULT}.
2023-11-24 12:36:49,136 DEBUG o.h.SQL [SqlStatementLogger.java:133] insert into roles (description,label,level) values (?,?,?)
Hibernate: insert into roles (description,label,level) values (?,?,?)
2023-11-24 12:36:49,136 TRACE o.h.r.j.i.ResourceRegistryStandardImpl [ResourceRegistryStandardImpl.java:82] Registering statement [HikariProxyPreparedStatement@1080035569 wrapping com.mysql.cj.jdbc.ClientPreparedStatement: insert into roles (description,label,level) values (** NOT SPECIFIED **,** NOT SPECIFIED **,** NOT SPECIFIED **)]
2023-11-24 12:36:49,136 TRACE o.h.r.j.i.ResourceRegistryStandardImpl [ResourceRegistryStandardImpl.java:221] Registering result set [null]
2023-11-24 12:36:49,136 TRACE o.h.o.j.bind [JdbcBindingLogging.java:25] binding parameter [1] as [VARCHAR] - [administrator]
2023-11-24 12:36:49,136 TRACE o.h.o.j.bind [JdbcBindingLogging.java:25] binding parameter [2] as [VARCHAR] - [admin]
2023-11-24 12:36:49,136 TRACE o.h.o.j.bind [JdbcBindingLogging.java:25] binding parameter [3] as [INTEGER] - [1341450380]
2023-11-24 12:36:49,137 TRACE o.h.o.j.extract [JdbcExtractingLogging.java:24] extracted value ([1] : [BIGINT]) - [190]
2023-11-24 12:36:49,137 DEBUG o.h.i.IdentifierGeneratorHelper [IdentifierGeneratorHelper.java:84] Natively generated identity (franco.maurizio.hr.desk.com.persistence.entity.Role) : 190
2023-11-24 12:36:49,137 TRACE o.h.r.j.i.ResourceRegistryStandardImpl [ResourceRegistryStandardImpl.java:117] Releasing result set [HikariProxyResultSet@1256571266 wrapping com.mysql.cj.jdbc.result.ResultSetImpl@498f1705]
2023-11-24 12:36:49,138 TRACE o.h.r.j.i.ResourceRegistryStandardImpl [ResourceRegistryStandardImpl.java:169] Closing result set [HikariProxyResultSet@1256571266 wrapping com.mysql.cj.jdbc.result.ResultSetImpl@498f1705]
2023-11-24 12:36:49,138 TRACE o.h.r.j.i.ResourceRegistryStandardImpl [ResourceRegistryStandardImpl.java:96] Releasing statement [HikariProxyPreparedStatement@1080035569 wrapping com.mysql.cj.jdbc.ClientPreparedStatement: insert into roles (description,label,level) values ('administrator','admin',1341450380)]
2023-11-24 12:36:49,138 TRACE o.h.r.j.i.ResourceRegistryStandardImpl [ResourceRegistryStandardImpl.java:169] Closing result set [null]
2023-11-24 12:36:49,138 TRACE o.h.r.j.i.ResourceRegistryStandardImpl [ResourceRegistryStandardImpl.java:187] Closing prepared statement [HikariProxyPreparedStatement@1080035569 wrapping com.mysql.cj.jdbc.ClientPreparedStatement: insert into roles (description,label,level) values ('administrator','admin',1341450380)]
2023-11-24 12:36:49,138 TRACE o.h.o.j.mutation [MutationExecutorPostInsertSingleTable.java:103] Post-insert generated value : `190` (franco.maurizio.hr.desk.com.persistence.entity.Role)
2023-11-24 12:36:49,138 TRACE o.h.r.j.i.ResourceRegistryStandardImpl [ResourceRegistryStandardImpl.java:96] Releasing statement [HikariProxyPreparedStatement@1080035569 wrapping com.mysql.cj.jdbc.ClientPreparedStatement: insert into roles (description,label,level) values (** NOT SPECIFIED **,** NOT SPECIFIED **,** NOT SPECIFIED **)]
2023-11-24 12:36:49,138 DEBUG o.h.r.j.i.ResourceRegistryStandardImpl [ResourceRegistryStandardImpl.java:105] HHH000387: ResultSet's statement was not registered
2023-11-24 12:36:49,138 TRACE o.h.r.j.i.ResourceRegistryStandardImpl [ResourceRegistryStandardImpl.java:187] Closing prepared statement [HikariProxyPreparedStatement@1080035569 wrapping com.mysql.cj.jdbc.ClientPreparedStatement: insert into roles (description,label,level) values (** NOT SPECIFIED **,** NOT SPECIFIED **,** NOT SPECIFIED **)]
2023-11-24 12:36:49,138 DEBUG o.h.r.j.i.ResourceRegistryStandardImpl [ResourceRegistryStandardImpl.java:203] Exception clearing maxRows/queryTimeout [No operations allowed after statement closed.]
2023-11-24 12:36:49,139 DEBUG o.h.e.t.i.TransactionImpl [TransactionImpl.java:98] committing
2023-11-24 12:36:49,139 TRACE o.h.r.t.b.j.i.JdbcResourceLocalTransactionCoordinatorImpl [JdbcResourceLocalTransactionCoordinatorImpl.java:167] ResourceLocalTransactionCoordinatorImpl#beforeCompletionCallback
2023-11-24 12:36:49,139 TRACE o.h.i.SessionImpl [SessionImpl.java:1965] SessionImpl#beforeTransactionCompletion()
2023-11-24 12:36:49,139 TRACE o.h.i.SessionImpl [SessionImpl.java:484] Automatically flushing session
2023-11-24 12:36:49,139 TRACE o.h.e.i.AbstractFlushingEventListener [AbstractFlushingEventListener.java:72] Flushing session
2023-11-24 12:36:49,139 DEBUG o.h.e.i.AbstractFlushingEventListener [AbstractFlushingEventListener.java:136] Processing flush-time cascades
2023-11-24 12:36:49,139 TRACE o.h.e.i.Cascade [Cascade.java:87] Processing cascade ACTION_PERSIST_ON_FLUSH for: franco.maurizio.hr.desk.com.persistence.entity.Role
2023-11-24 12:36:49,139 TRACE o.h.e.i.Cascade [Cascade.java:200] Done processing cascade ACTION_PERSIST_ON_FLUSH for: franco.maurizio.hr.desk.com.persistence.entity.Role
2023-11-24 12:36:49,139 DEBUG o.h.e.i.AbstractFlushingEventListener [AbstractFlushingEventListener.java:185] Dirty checking collections
2023-11-24 12:36:49,139 TRACE o.h.e.i.AbstractFlushingEventListener [AbstractFlushingEventListener.java:197] Flushing entities and processing referenced collections
2023-11-24 12:36:49,140 TRACE o.h.e.i.AbstractFlushingEventListener [AbstractFlushingEventListener.java:264] Processing unreferenced collections
2023-11-24 12:36:49,140 TRACE o.h.e.i.AbstractFlushingEventListener [AbstractFlushingEventListener.java:277] Scheduling collection removes/(re)creates/updates
2023-11-24 12:36:49,140 DEBUG o.h.e.i.AbstractFlushingEventListener [AbstractFlushingEventListener.java:110] Flushed: 0 insertions, 0 updates, 0 deletions to 1 objects
2023-11-24 12:36:49,140 DEBUG o.h.e.i.AbstractFlushingEventListener [AbstractFlushingEventListener.java:117] Flushed: 0 (re)creations, 0 updates, 0 removals to 0 collections
2023-11-24 12:36:49,140 DEBUG o.h.i.u.EntityPrinter [EntityPrinter.java:111] Listing entities:
2023-11-24 12:36:49,140 DEBUG o.h.i.u.EntityPrinter [EntityPrinter.java:118] franco.maurizio.hr.desk.com.persistence.entity.Role{level=1341450380, description=administrator, id=190, label=admin}
2023-11-24 12:36:49,140 TRACE o.h.e.i.AbstractFlushingEventListener [AbstractFlushingEventListener.java:349] Executing flush
2023-11-24 12:36:49,140 TRACE o.h.e.j.i.JdbcCoordinatorImpl [JdbcCoordinatorImpl.java:270] Starting after statement execution processing [ON_CLOSE]
2023-11-24 12:36:49,141 TRACE o.h.e.i.AbstractFlushingEventListener [AbstractFlushingEventListener.java:384] Post flush
2023-11-24 12:36:49,141 TRACE o.h.r.j.i.AbstractLogicalConnectionImplementor [AbstractLogicalConnectionImplementor.java:53] LogicalConnection#beforeTransactionCompletion
2023-11-24 12:36:49,141 TRACE o.h.r.t.i.SynchronizationRegistryStandardImpl [SynchronizationRegistryStandardImpl.java:55] SynchronizationRegistryStandardImpl.notifySynchronizationsBeforeTransactionCompletion
2023-11-24 12:36:49,141 TRACE o.h.r.j.i.AbstractLogicalConnectionImplementor [AbstractLogicalConnectionImplementor.java:85] Preparing to commit transaction via JDBC Connection.commit()
2023-11-24 12:36:49,142 TRACE o.h.r.j.i.AbstractLogicalConnectionImplementor [AbstractLogicalConnectionImplementor.java:88] Transaction committed via JDBC Connection.commit()
2023-11-24 12:36:49,142 TRACE o.h.r.j.i.AbstractLogicalConnectionImplementor [AbstractLogicalConnectionImplementor.java:105] re-enabling auto-commit on JDBC Connection after completion of JDBC-based transaction
2023-11-24 12:36:49,143 TRACE o.h.r.j.i.AbstractLogicalConnectionImplementor [AbstractLogicalConnectionImplementor.java:58] LogicalConnection#afterTransaction
2023-11-24 12:36:49,143 TRACE o.h.r.j.i.ResourceRegistryStandardImpl [ResourceRegistryStandardImpl.java:329] Releasing JDBC resources
2023-11-24 12:36:49,143 TRACE o.h.r.t.b.j.i.JdbcResourceLocalTransactionCoordinatorImpl [JdbcResourceLocalTransactionCoordinatorImpl.java:185] ResourceLocalTransactionCoordinatorImpl#afterCompletionCallback(true)
2023-11-24 12:36:49,143 TRACE o.h.r.t.i.SynchronizationRegistryStandardImpl [DelegatingBasicLogger.java:158] SynchronizationRegistryStandardImpl.notifySynchronizationsAfterTransactionCompletion(3)
2023-11-24 12:36:49,143 TRACE o.h.i.SessionImpl [SessionImpl.java:1980] SessionImpl#afterTransactionCompletion(successful=true, delayed=false)
2023-11-24 12:36:49,144 TRACE o.h.i.SessionImpl [SessionImpl.java:402] Closing session [c1da4461-3715-4844-9aef-d23f8f7f6d34]
2023-11-24 12:36:49,144 TRACE o.h.e.j.i.JdbcCoordinatorImpl [JdbcCoordinatorImpl.java:152] Closing JDBC container [org.hibernate.engine.jdbc.internal.JdbcCoordinatorImpl@16f7fab9]
2023-11-24 12:36:49,144 TRACE o.h.r.j.i.ResourceRegistryStandardImpl [ResourceRegistryStandardImpl.java:329] Releasing JDBC resources
2023-11-24 12:36:49,144 TRACE o.h.r.j.i.LogicalConnectionManagedImpl [LogicalConnectionManagedImpl.java:256] Closing logical connection
2023-11-24 12:36:49,144 TRACE o.h.r.j.i.ResourceRegistryStandardImpl [ResourceRegistryStandardImpl.java:329] Releasing JDBC resources
2023-11-24 12:36:49,144 TRACE o.h.r.j.i.LogicalConnectionManagedImpl [LogicalConnectionManagedImpl.java:263] Logical connection closed
2023-11-24 12:36:49,144 TRACE o.h.i.SessionFactoryImpl$SessionBuilderImpl [SessionFactoryImpl.java:1298] Opening Hibernate Session.  tenant=null
2023-11-24 12:36:49,144 TRACE o.h.i.SessionImpl [SessionImpl.java:262] Opened Session [2f109b16-c53e-4cc9-be5a-a7d9acb7e847] at timestamp: 1700825809144
2023-11-24 12:36:49,145 DEBUG o.h.e.t.i.TransactionImpl [TransactionImpl.java:53] On TransactionImpl creation, JpaCompliance#isJpaTransactionComplianceEnabled == false
2023-11-24 12:36:49,145 DEBUG o.h.e.t.i.TransactionImpl [TransactionImpl.java:81] begin
2023-11-24 12:36:49,145 TRACE o.h.r.j.i.AbstractLogicalConnectionImplementor [AbstractLogicalConnectionImplementor.java:71] Preparing to begin transaction via JDBC Connection.setAutoCommit(false)
2023-11-24 12:36:49,145 TRACE o.h.r.j.i.AbstractLogicalConnectionImplementor [AbstractLogicalConnectionImplementor.java:73] Transaction begun via JDBC Connection.setAutoCommit(false)
2023-11-24 12:36:49,145 TRACE o.h.r.t.b.j.i.JdbcResourceLocalTransactionCoordinatorImpl [JdbcResourceLocalTransactionCoordinatorImpl.java:163] ResourceLocalTransactionCoordinatorImpl#afterBeginCallback
2023-11-24 12:36:49,145 DEBUG o.h.j.i.PersistenceUnitUtilImpl [PersistenceUnitUtilImpl.java:89] jakarta.persistence.PersistenceUnitUtil.getIdentifier is only intended to work with enhanced entities (although Hibernate also adapts this support to its proxies); however the passed entity was not enhanced (nor a proxy).. may not be able to read identifier
2023-11-24 12:36:49,146 TRACE o.h.e.i.EntityState [EntityState.java:64] Transient instance of: franco.maurizio.hr.desk.com.persistence.entity.User
2023-11-24 12:36:49,146 TRACE o.h.e.i.DefaultPersistEventListener [DefaultPersistEventListener.java:171] Saving transient instance
2023-11-24 12:36:49,146 TRACE o.h.e.i.AbstractSaveEventListener [AbstractSaveEventListener.java:172] Saving [franco.maurizio.hr.desk.com.persistence.entity.User#<null>]
2023-11-24 12:36:49,146 TRACE o.h.e.s.ActionQueue [ActionQueue.java:321] Adding an EntityIdentityInsertAction for [franco.maurizio.hr.desk.com.persistence.entity.User] object
2023-11-24 12:36:49,146 TRACE o.h.e.s.ActionQueue [ActionQueue.java:266] Executing inserts before finding non-nullable transient entities for early insert: [EntityIdentityInsertAction[franco.maurizio.hr.desk.com.persistence.entity.User#<null>]]
2023-11-24 12:36:49,146 TRACE o.h.e.s.ActionQueue [ActionQueue.java:271] Adding insert with no non-nullable, transient entities: [EntityIdentityInsertAction[franco.maurizio.hr.desk.com.persistence.entity.User#<null>]]
2023-11-24 12:36:49,146 TRACE o.h.e.s.ActionQueue [ActionQueue.java:288] Executing insertions before resolved early-insert
2023-11-24 12:36:49,146 DEBUG o.h.e.s.ActionQueue [ActionQueue.java:290] Executing identity-insert immediately
2023-11-24 12:36:49,147 TRACE o.h.v.i.e.c.SimpleConstraintTree [SimpleConstraintTree.java:53] Validating against constraint defined by ConstraintDescriptorImpl{annotation=o.h.v.c.Length, payloads=[], hasComposingConstraints=true, isReportAsSingleInvalidConstraint=false, constraintLocationKind=FIELD, definedOn=DEFINED_LOCALLY, groups=[interface jakarta.validation.groups.Default], attributes={groups=[Ljava.lang.Class;@51ba1ff0, min=0, message=error.user.firstname.length, payload=[Ljava.lang.Class;@a54e9b0, max=50}, constraintType=GENERIC, valueUnwrapping=DEFAULT}.
2023-11-24 12:36:49,147 TRACE o.h.v.i.e.c.SimpleConstraintTree [SimpleConstraintTree.java:53] Validating against constraint defined by ConstraintDescriptorImpl{annotation=j.v.c.NotEmpty, payloads=[], hasComposingConstraints=true, isReportAsSingleInvalidConstraint=false, constraintLocationKind=FIELD, definedOn=DEFINED_LOCALLY, groups=[interface jakarta.validation.groups.Default], attributes={groups=[Ljava.lang.Class;@3afc292e, message=error.user.email.empty, payload=[Ljava.lang.Class;@17fa4bad}, constraintType=GENERIC, valueUnwrapping=DEFAULT}.
2023-11-24 12:36:49,147 TRACE o.h.v.i.e.c.SimpleConstraintTree [SimpleConstraintTree.java:53] Validating against constraint defined by ConstraintDescriptorImpl{annotation=j.v.c.NotNull, payloads=[], hasComposingConstraints=true, isReportAsSingleInvalidConstraint=false, constraintLocationKind=FIELD, definedOn=DEFINED_LOCALLY, groups=[interface jakarta.validation.groups.Default], attributes={groups=[Ljava.lang.Class;@694b7383, message=error.user.firstname.empty, payload=[Ljava.lang.Class;@55de4314}, constraintType=GENERIC, valueUnwrapping=DEFAULT}.
2023-11-24 12:36:49,147 TRACE o.h.v.i.e.c.SimpleConstraintTree [SimpleConstraintTree.java:53] Validating against constraint defined by ConstraintDescriptorImpl{annotation=j.v.c.Email, payloads=[], hasComposingConstraints=true, isReportAsSingleInvalidConstraint=false, constraintLocationKind=FIELD, definedOn=DEFINED_LOCALLY, groups=[interface jakarta.validation.groups.Default], attributes={flags=[Ljakarta.validation.constraints.Pattern$Flag;@6bc3d564, groups=[Ljava.lang.Class;@1616c71b, regexp=.*, message=error.user.email.email, payload=[Ljava.lang.Class;@66de4992}, constraintType=GENERIC, valueUnwrapping=DEFAULT}.
2023-11-24 12:36:49,147 TRACE o.h.v.i.e.c.SimpleConstraintTree [SimpleConstraintTree.java:53] Validating against constraint defined by ConstraintDescriptorImpl{annotation=o.h.v.c.Length, payloads=[], hasComposingConstraints=true, isReportAsSingleInvalidConstraint=false, constraintLocationKind=FIELD, definedOn=DEFINED_LOCALLY, groups=[interface jakarta.validation.groups.Default], attributes={groups=[Ljava.lang.Class;@51ba1ff0, min=0, message=error.user.email.length, payload=[Ljava.lang.Class;@a54e9b0, max=100}, constraintType=GENERIC, valueUnwrapping=DEFAULT}.
2023-11-24 12:36:49,148 TRACE o.h.v.i.e.c.SimpleConstraintTree [SimpleConstraintTree.java:53] Validating against constraint defined by ConstraintDescriptorImpl{annotation=o.h.v.c.Length, payloads=[], hasComposingConstraints=true, isReportAsSingleInvalidConstraint=false, constraintLocationKind=FIELD, definedOn=DEFINED_LOCALLY, groups=[interface jakarta.validation.groups.Default], attributes={groups=[Ljava.lang.Class;@51ba1ff0, min=0, message=error.user.lastname.length, payload=[Ljava.lang.Class;@a54e9b0, max=50}, constraintType=GENERIC, valueUnwrapping=DEFAULT}.
2023-11-24 12:36:49,148 TRACE o.h.v.i.e.c.SimpleConstraintTree [SimpleConstraintTree.java:53] Validating against constraint defined by ConstraintDescriptorImpl{annotation=j.v.c.NotNull, payloads=[], hasComposingConstraints=true, isReportAsSingleInvalidConstraint=false, constraintLocationKind=FIELD, definedOn=DEFINED_LOCALLY, groups=[interface jakarta.validation.groups.Default], attributes={groups=[Ljava.lang.Class;@694b7383, message=error.user.lastname.empty, payload=[Ljava.lang.Class;@55de4314}, constraintType=GENERIC, valueUnwrapping=DEFAULT}.
2023-11-24 12:36:49,148 TRACE o.h.v.i.e.c.SimpleConstraintTree [SimpleConstraintTree.java:53] Validating against constraint defined by ConstraintDescriptorImpl{annotation=o.h.v.c.Length, payloads=[], hasComposingConstraints=true, isReportAsSingleInvalidConstraint=false, constraintLocationKind=FIELD, definedOn=DEFINED_LOCALLY, groups=[interface jakarta.validation.groups.Default], attributes={groups=[Ljava.lang.Class;@51ba1ff0, min=0, message=error.user.password.length, payload=[Ljava.lang.Class;@a54e9b0, max=100}, constraintType=GENERIC, valueUnwrapping=DEFAULT}.
2023-11-24 12:36:49,148 DEBUG o.h.SQL [SqlStatementLogger.java:133] insert into users (email,enabled,firstname,lastname,password,regdate,role) values (?,?,?,?,?,?,?)
Hibernate: insert into users (email,enabled,firstname,lastname,password,regdate,role) values (?,?,?,?,?,?,?)
2023-11-24 12:36:49,149 TRACE o.h.r.j.i.ResourceRegistryStandardImpl [ResourceRegistryStandardImpl.java:82] Registering statement [HikariProxyPreparedStatement@550658855 wrapping com.mysql.cj.jdbc.ClientPreparedStatement: insert into users (email,enabled,firstname,lastname,password,regdate,role) values (** NOT SPECIFIED **,** NOT SPECIFIED **,** NOT SPECIFIED **,** NOT SPECIFIED **,** NOT SPECIFIED **,** NOT SPECIFIED **,** NOT SPECIFIED **)]
2023-11-24 12:36:49,149 TRACE o.h.r.j.i.ResourceRegistryStandardImpl [ResourceRegistryStandardImpl.java:221] Registering result set [null]
2023-11-24 12:36:49,149 TRACE o.h.o.j.bind [JdbcBindingLogging.java:25] binding parameter [1] as [VARCHAR] - [565a@b.c]
2023-11-24 12:36:49,149 TRACE o.h.o.j.bind [JdbcBindingLogging.java:25] binding parameter [2] as [BOOLEAN] - [false]
2023-11-24 12:36:49,149 TRACE o.h.o.j.bind [JdbcBindingLogging.java:25] binding parameter [3] as [VARCHAR] - [pippo]
2023-11-24 12:36:49,149 TRACE o.h.o.j.bind [JdbcBindingLogging.java:25] binding parameter [4] as [VARCHAR] - [prova]
2023-11-24 12:36:49,149 TRACE o.h.o.j.bind [JdbcBindingLogging.java:25] binding parameter [5] as [VARCHAR] - [$2a$10$I4WbTIj/gvO2nN1Kyua8UOfXwrIkqf/7hIcs760pdhHIxZV.JgRhG]
2023-11-24 12:36:49,149 TRACE o.h.o.j.bind [JdbcBindingLogging.java:25] binding parameter [6] as [TIMESTAMP] - [2023-11-24T12:36:49.124898131]
2023-11-24 12:36:49,149 TRACE o.h.o.j.bind [JdbcBindingLogging.java:25] binding parameter [7] as [INTEGER] - [1341450380]
2023-11-24 12:36:49,150 TRACE o.h.o.j.extract [JdbcExtractingLogging.java:24] extracted value ([1] : [BIGINT]) - [164]
2023-11-24 12:36:49,150 DEBUG o.h.i.IdentifierGeneratorHelper [IdentifierGeneratorHelper.java:84] Natively generated identity (franco.maurizio.hr.desk.com.persistence.entity.User) : 164
2023-11-24 12:36:49,150 TRACE o.h.r.j.i.ResourceRegistryStandardImpl [ResourceRegistryStandardImpl.java:117] Releasing result set [HikariProxyResultSet@511225054 wrapping com.mysql.cj.jdbc.result.ResultSetImpl@575723ff]
2023-11-24 12:36:49,150 TRACE o.h.r.j.i.ResourceRegistryStandardImpl [ResourceRegistryStandardImpl.java:169] Closing result set [HikariProxyResultSet@511225054 wrapping com.mysql.cj.jdbc.result.ResultSetImpl@575723ff]
2023-11-24 12:36:49,151 TRACE o.h.r.j.i.ResourceRegistryStandardImpl [ResourceRegistryStandardImpl.java:96] Releasing statement [HikariProxyPreparedStatement@550658855 wrapping com.mysql.cj.jdbc.ClientPreparedStatement: insert into users (email,enabled,firstname,lastname,password,regdate,role) values ('565a@b.c',0,'pippo','prova','$2a$10$I4WbTIj/gvO2nN1Kyua8UOfXwrIkqf/7hIcs760pdhHIxZV.JgRhG','2023-11-24 11:36:49',1341450380)]
2023-11-24 12:36:49,151 TRACE o.h.r.j.i.ResourceRegistryStandardImpl [ResourceRegistryStandardImpl.java:169] Closing result set [null]
2023-11-24 12:36:49,151 TRACE o.h.r.j.i.ResourceRegistryStandardImpl [ResourceRegistryStandardImpl.java:187] Closing prepared statement [HikariProxyPreparedStatement@550658855 wrapping com.mysql.cj.jdbc.ClientPreparedStatement: insert into users (email,enabled,firstname,lastname,password,regdate,role) values ('565a@b.c',0,'pippo','prova','$2a$10$I4WbTIj/gvO2nN1Kyua8UOfXwrIkqf/7hIcs760pdhHIxZV.JgRhG','2023-11-24 11:36:49',1341450380)]
2023-11-24 12:36:49,151 TRACE o.h.o.j.mutation [MutationExecutorPostInsertSingleTable.java:103] Post-insert generated value : `164` (franco.maurizio.hr.desk.com.persistence.entity.User)
2023-11-24 12:36:49,151 TRACE o.h.r.j.i.ResourceRegistryStandardImpl [ResourceRegistryStandardImpl.java:96] Releasing statement [HikariProxyPreparedStatement@550658855 wrapping com.mysql.cj.jdbc.ClientPreparedStatement: insert into users (email,enabled,firstname,lastname,password,regdate,role) values (** NOT SPECIFIED **,** NOT SPECIFIED **,** NOT SPECIFIED **,** NOT SPECIFIED **,** NOT SPECIFIED **,** NOT SPECIFIED **,** NOT SPECIFIED **)]
2023-11-24 12:36:49,151 DEBUG o.h.r.j.i.ResourceRegistryStandardImpl [ResourceRegistryStandardImpl.java:105] HHH000387: ResultSet's statement was not registered
2023-11-24 12:36:49,151 TRACE o.h.r.j.i.ResourceRegistryStandardImpl [ResourceRegistryStandardImpl.java:187] Closing prepared statement [HikariProxyPreparedStatement@550658855 wrapping com.mysql.cj.jdbc.ClientPreparedStatement: insert into users (email,enabled,firstname,lastname,password,regdate,role) values (** NOT SPECIFIED **,** NOT SPECIFIED **,** NOT SPECIFIED **,** NOT SPECIFIED **,** NOT SPECIFIED **,** NOT SPECIFIED **,** NOT SPECIFIED **)]
2023-11-24 12:36:49,151 DEBUG o.h.r.j.i.ResourceRegistryStandardImpl [ResourceRegistryStandardImpl.java:203] Exception clearing maxRows/queryTimeout [No operations allowed after statement closed.]
2023-11-24 12:36:49,152 DEBUG o.h.e.t.i.TransactionImpl [TransactionImpl.java:98] committing
2023-11-24 12:36:49,152 TRACE o.h.r.t.b.j.i.JdbcResourceLocalTransactionCoordinatorImpl [JdbcResourceLocalTransactionCoordinatorImpl.java:167] ResourceLocalTransactionCoordinatorImpl#beforeCompletionCallback
2023-11-24 12:36:49,152 TRACE o.h.i.SessionImpl [SessionImpl.java:1965] SessionImpl#beforeTransactionCompletion()
2023-11-24 12:36:49,152 TRACE o.h.i.SessionImpl [SessionImpl.java:484] Automatically flushing session
2023-11-24 12:36:49,152 TRACE o.h.e.i.AbstractFlushingEventListener [AbstractFlushingEventListener.java:72] Flushing session
2023-11-24 12:36:49,152 DEBUG o.h.e.i.AbstractFlushingEventListener [AbstractFlushingEventListener.java:136] Processing flush-time cascades
2023-11-24 12:36:49,152 TRACE o.h.e.i.Cascade [Cascade.java:87] Processing cascade ACTION_PERSIST_ON_FLUSH for: franco.maurizio.hr.desk.com.persistence.entity.User
2023-11-24 12:36:49,152 TRACE o.h.e.i.Cascade [Cascade.java:200] Done processing cascade ACTION_PERSIST_ON_FLUSH for: franco.maurizio.hr.desk.com.persistence.entity.User
2023-11-24 12:36:49,152 DEBUG o.h.e.i.AbstractFlushingEventListener [AbstractFlushingEventListener.java:185] Dirty checking collections
2023-11-24 12:36:49,152 TRACE o.h.e.i.AbstractFlushingEventListener [AbstractFlushingEventListener.java:197] Flushing entities and processing referenced collections
2023-11-24 12:36:49,153 TRACE o.h.e.i.AbstractFlushingEventListener [AbstractFlushingEventListener.java:264] Processing unreferenced collections
2023-11-24 12:36:49,153 TRACE o.h.e.i.AbstractFlushingEventListener [AbstractFlushingEventListener.java:277] Scheduling collection removes/(re)creates/updates
2023-11-24 12:36:49,153 DEBUG o.h.e.i.AbstractFlushingEventListener [AbstractFlushingEventListener.java:110] Flushed: 0 insertions, 0 updates, 0 deletions to 1 objects
2023-11-24 12:36:49,153 DEBUG o.h.e.i.AbstractFlushingEventListener [AbstractFlushingEventListener.java:117] Flushed: 0 (re)creations, 0 updates, 0 removals to 0 collections
2023-11-24 12:36:49,153 DEBUG o.h.i.u.EntityPrinter [EntityPrinter.java:111] Listing entities:
2023-11-24 12:36:49,153 DEBUG o.h.i.u.EntityPrinter [EntityPrinter.java:118] franco.maurizio.hr.desk.com.persistence.entity.User{firstname=pippo, password=$2a$10$I4WbTIj/gvO2nN1Kyua8UOfXwrIkqf/7hIcs760pdhHIxZV.JgRhG, role=1341450380, regdate=2023-11-24T12:36:49.124898131, id=164, email=565a@b.c, enabled=false, lastname=prova}
2023-11-24 12:36:49,153 TRACE o.h.e.i.AbstractFlushingEventListener [AbstractFlushingEventListener.java:349] Executing flush
2023-11-24 12:36:49,153 TRACE o.h.e.j.i.JdbcCoordinatorImpl [JdbcCoordinatorImpl.java:270] Starting after statement execution processing [ON_CLOSE]
2023-11-24 12:36:49,153 TRACE o.h.e.i.AbstractFlushingEventListener [AbstractFlushingEventListener.java:384] Post flush
2023-11-24 12:36:49,153 TRACE o.h.r.j.i.AbstractLogicalConnectionImplementor [AbstractLogicalConnectionImplementor.java:53] LogicalConnection#beforeTransactionCompletion
2023-11-24 12:36:49,153 TRACE o.h.r.t.i.SynchronizationRegistryStandardImpl [SynchronizationRegistryStandardImpl.java:55] SynchronizationRegistryStandardImpl.notifySynchronizationsBeforeTransactionCompletion
2023-11-24 12:36:49,153 TRACE o.h.r.j.i.AbstractLogicalConnectionImplementor [AbstractLogicalConnectionImplementor.java:85] Preparing to commit transaction via JDBC Connection.commit()
2023-11-24 12:36:49,154 TRACE o.h.r.j.i.AbstractLogicalConnectionImplementor [AbstractLogicalConnectionImplementor.java:88] Transaction committed via JDBC Connection.commit()
2023-11-24 12:36:49,154 TRACE o.h.r.j.i.AbstractLogicalConnectionImplementor [AbstractLogicalConnectionImplementor.java:105] re-enabling auto-commit on JDBC Connection after completion of JDBC-based transaction
2023-11-24 12:36:49,155 TRACE o.h.r.j.i.AbstractLogicalConnectionImplementor [AbstractLogicalConnectionImplementor.java:58] LogicalConnection#afterTransaction
2023-11-24 12:36:49,155 TRACE o.h.r.j.i.ResourceRegistryStandardImpl [ResourceRegistryStandardImpl.java:329] Releasing JDBC resources
2023-11-24 12:36:49,155 TRACE o.h.r.t.b.j.i.JdbcResourceLocalTransactionCoordinatorImpl [JdbcResourceLocalTransactionCoordinatorImpl.java:185] ResourceLocalTransactionCoordinatorImpl#afterCompletionCallback(true)
2023-11-24 12:36:49,155 TRACE o.h.r.t.i.SynchronizationRegistryStandardImpl [DelegatingBasicLogger.java:158] SynchronizationRegistryStandardImpl.notifySynchronizationsAfterTransactionCompletion(3)
2023-11-24 12:36:49,155 TRACE o.h.i.SessionImpl [SessionImpl.java:1980] SessionImpl#afterTransactionCompletion(successful=true, delayed=false)
2023-11-24 12:36:49,155 TRACE o.h.i.SessionImpl [SessionImpl.java:402] Closing session [2f109b16-c53e-4cc9-be5a-a7d9acb7e847]
2023-11-24 12:36:49,155 TRACE o.h.e.j.i.JdbcCoordinatorImpl [JdbcCoordinatorImpl.java:152] Closing JDBC container [org.hibernate.engine.jdbc.internal.JdbcCoordinatorImpl@322534d4]
2023-11-24 12:36:49,155 TRACE o.h.r.j.i.ResourceRegistryStandardImpl [ResourceRegistryStandardImpl.java:329] Releasing JDBC resources
2023-11-24 12:36:49,155 TRACE o.h.r.j.i.LogicalConnectionManagedImpl [LogicalConnectionManagedImpl.java:256] Closing logical connection
2023-11-24 12:36:49,155 TRACE o.h.r.j.i.ResourceRegistryStandardImpl [ResourceRegistryStandardImpl.java:329] Releasing JDBC resources
2023-11-24 12:36:49,156 TRACE o.h.r.j.i.LogicalConnectionManagedImpl [LogicalConnectionManagedImpl.java:263] Logical connection closed
2023-11-24 12:36:49,156 TRACE o.h.i.SessionFactoryImpl$SessionBuilderImpl [SessionFactoryImpl.java:1298] Opening Hibernate Session.  tenant=null
2023-11-24 12:36:49,156 TRACE o.h.i.SessionImpl [SessionImpl.java:262] Opened Session [277296cf-1b50-4d03-8be7-a9c7bde4bf11] at timestamp: 1700825809156
2023-11-24 12:36:49,156 DEBUG o.h.e.t.i.TransactionImpl [TransactionImpl.java:53] On TransactionImpl creation, JpaCompliance#isJpaTransactionComplianceEnabled == false
2023-11-24 12:36:49,157 DEBUG o.h.e.t.i.TransactionImpl [TransactionImpl.java:81] begin
2023-11-24 12:36:49,157 TRACE o.h.r.j.i.AbstractLogicalConnectionImplementor [AbstractLogicalConnectionImplementor.java:71] Preparing to begin transaction via JDBC Connection.setAutoCommit(false)
2023-11-24 12:36:49,157 TRACE o.h.r.j.i.AbstractLogicalConnectionImplementor [AbstractLogicalConnectionImplementor.java:73] Transaction begun via JDBC Connection.setAutoCommit(false)
2023-11-24 12:36:49,157 TRACE o.h.r.t.b.j.i.JdbcResourceLocalTransactionCoordinatorImpl [JdbcResourceLocalTransactionCoordinatorImpl.java:163] ResourceLocalTransactionCoordinatorImpl#afterBeginCallback
2023-11-24 12:36:49,158 DEBUG o.h.j.i.PersistenceUnitUtilImpl [PersistenceUnitUtilImpl.java:89] jakarta.persistence.PersistenceUnitUtil.getIdentifier is only intended to work with enhanced entities (although Hibernate also adapts this support to its proxies); however the passed entity was not enhanced (nor a proxy).. may not be able to read identifier
2023-11-24 12:36:49,158 TRACE o.h.e.i.EntityState [EntityState.java:64] Transient instance of: franco.maurizio.hr.desk.com.persistence.entity.CoursePage
2023-11-24 12:36:49,158 TRACE o.h.e.i.DefaultPersistEventListener [DefaultPersistEventListener.java:171] Saving transient instance
2023-11-24 12:36:49,158 TRACE o.h.e.i.AbstractSaveEventListener [AbstractSaveEventListener.java:172] Saving [franco.maurizio.hr.desk.com.persistence.entity.CoursePage#<null>]
2023-11-24 12:36:49,159 TRACE o.h.e.s.ActionQueue [ActionQueue.java:321] Adding an EntityIdentityInsertAction for [franco.maurizio.hr.desk.com.persistence.entity.CoursePage] object
2023-11-24 12:36:49,159 TRACE o.h.e.s.ActionQueue [ActionQueue.java:266] Executing inserts before finding non-nullable transient entities for early insert: [EntityIdentityInsertAction[franco.maurizio.hr.desk.com.persistence.entity.CoursePage#<null>]]
2023-11-24 12:36:49,159 TRACE o.h.e.s.ActionQueue [ActionQueue.java:271] Adding insert with no non-nullable, transient entities: [EntityIdentityInsertAction[franco.maurizio.hr.desk.com.persistence.entity.CoursePage#<null>]]
2023-11-24 12:36:49,159 TRACE o.h.e.s.ActionQueue [ActionQueue.java:288] Executing insertions before resolved early-insert
2023-11-24 12:36:49,159 DEBUG o.h.e.s.ActionQueue [ActionQueue.java:290] Executing identity-insert immediately
2023-11-24 12:36:49,160 TRACE o.h.v.i.e.c.SimpleConstraintTree [SimpleConstraintTree.java:53] Validating against constraint defined by ConstraintDescriptorImpl{annotation=o.h.v.c.Length, payloads=[], hasComposingConstraints=true, isReportAsSingleInvalidConstraint=false, constraintLocationKind=FIELD, definedOn=DEFINED_LOCALLY, groups=[interface jakarta.validation.groups.Default], attributes={groups=[Ljava.lang.Class;@51ba1ff0, min=0, message=error.coursepage.code.length, payload=[Ljava.lang.Class;@a54e9b0, max=50}, constraintType=GENERIC, valueUnwrapping=DEFAULT}.
2023-11-24 12:36:49,160 TRACE o.h.v.i.e.c.SimpleConstraintTree [SimpleConstraintTree.java:53] Validating against constraint defined by ConstraintDescriptorImpl{annotation=o.h.v.c.Length, payloads=[], hasComposingConstraints=true, isReportAsSingleInvalidConstraint=false, constraintLocationKind=FIELD, definedOn=DEFINED_LOCALLY, groups=[interface jakarta.validation.groups.Default], attributes={groups=[Ljava.lang.Class;@51ba1ff0, min=0, message=error.coursepage.bodyText.length, payload=[Ljava.lang.Class;@a54e9b0, max=50000}, constraintType=GENERIC, valueUnwrapping=DEFAULT}.
2023-11-24 12:36:49,160 TRACE o.h.v.i.e.c.SimpleConstraintTree [SimpleConstraintTree.java:53] Validating against constraint defined by ConstraintDescriptorImpl{annotation=j.v.c.NotEmpty, payloads=[], hasComposingConstraints=true, isReportAsSingleInvalidConstraint=false, constraintLocationKind=FIELD, definedOn=DEFINED_LOCALLY, groups=[interface jakarta.validation.groups.Default], attributes={groups=[Ljava.lang.Class;@3afc292e, message=error.coursepage.bodyText.empty, payload=[Ljava.lang.Class;@17fa4bad}, constraintType=GENERIC, valueUnwrapping=DEFAULT}.
2023-11-24 12:36:49,160 TRACE o.h.v.i.e.c.SimpleConstraintTree [SimpleConstraintTree.java:53] Validating against constraint defined by ConstraintDescriptorImpl{annotation=o.h.v.c.Length, payloads=[], hasComposingConstraints=true, isReportAsSingleInvalidConstraint=false, constraintLocationKind=FIELD, definedOn=DEFINED_LOCALLY, groups=[interface jakarta.validation.groups.Default], attributes={groups=[Ljava.lang.Class;@51ba1ff0, min=0, message=error.coursepage.title.length, payload=[Ljava.lang.Class;@a54e9b0, max=1000}, constraintType=GENERIC, valueUnwrapping=DEFAULT}.
2023-11-24 12:36:49,161 TRACE o.h.v.i.e.c.SimpleConstraintTree [SimpleConstraintTree.java:53] Validating against constraint defined by ConstraintDescriptorImpl{annotation=o.h.v.c.Length, payloads=[], hasComposingConstraints=true, isReportAsSingleInvalidConstraint=false, constraintLocationKind=FIELD, definedOn=DEFINED_LOCALLY, groups=[interface jakarta.validation.groups.Default], attributes={groups=[Ljava.lang.Class;@51ba1ff0, min=0, message=error.coursepage.fileName.length, payload=[Ljava.lang.Class;@a54e9b0, max=300}, constraintType=GENERIC, valueUnwrapping=DEFAULT}.
2023-11-24 12:36:49,161 DEBUG o.h.SQL [SqlStatementLogger.java:133] insert into coursepage (body_text,code,created_datetime,file_name,opened_by,status_open,title) values (?,?,?,?,?,?,?)
Hibernate: insert into coursepage (body_text,code,created_datetime,file_name,opened_by,status_open,title) values (?,?,?,?,?,?,?)
2023-11-24 12:36:49,162 TRACE o.h.r.j.i.ResourceRegistryStandardImpl [ResourceRegistryStandardImpl.java:82] Registering statement [HikariProxyPreparedStatement@402060795 wrapping com.mysql.cj.jdbc.ClientPreparedStatement: insert into coursepage (body_text,code,created_datetime,file_name,opened_by,status_open,title) values (** NOT SPECIFIED **,** NOT SPECIFIED **,** NOT SPECIFIED **,** NOT SPECIFIED **,** NOT SPECIFIED **,** NOT SPECIFIED **,** NOT SPECIFIED **)]
2023-11-24 12:36:49,162 TRACE o.h.r.j.i.ResourceRegistryStandardImpl [ResourceRegistryStandardImpl.java:221] Registering result set [null]
2023-11-24 12:36:49,162 TRACE o.h.o.j.bind [JdbcBindingLogging.java:25] binding parameter [1] as [VARCHAR] - [FakeBodyText 594]
2023-11-24 12:36:49,162 TRACE o.h.o.j.bind [JdbcBindingLogging.java:25] binding parameter [2] as [VARCHAR] - [Code_373]
2023-11-24 12:36:49,162 TRACE o.h.o.j.bind [JdbcBindingLogging.java:25] binding parameter [3] as [TIMESTAMP] - [2023-11-24T12:36:49.048880603]
2023-11-24 12:36:49,163 TRACE o.h.o.j.bind [JdbcBindingLogging.java:25] binding parameter [4] as [VARCHAR] - [FakeFileName 594]
2023-11-24 12:36:49,163 TRACE o.h.o.j.bind [JdbcBindingLogging.java:25] binding parameter [5] as [BIGINT] - [164]
2023-11-24 12:36:49,163 TRACE o.h.o.j.bind [JdbcBindingLogging.java:25] binding parameter [6] as [BOOLEAN] - [true]
2023-11-24 12:36:49,163 TRACE o.h.o.j.bind [JdbcBindingLogging.java:25] binding parameter [7] as [VARCHAR] - [Fake title 594]
2023-11-24 12:36:49,164 TRACE o.h.o.j.extract [JdbcExtractingLogging.java:24] extracted value ([1] : [BIGINT]) - [77]
2023-11-24 12:36:49,164 DEBUG o.h.i.IdentifierGeneratorHelper [IdentifierGeneratorHelper.java:84] Natively generated identity (franco.maurizio.hr.desk.com.persistence.entity.CoursePage) : 77
2023-11-24 12:36:49,164 TRACE o.h.r.j.i.ResourceRegistryStandardImpl [ResourceRegistryStandardImpl.java:117] Releasing result set [HikariProxyResultSet@1223942021 wrapping com.mysql.cj.jdbc.result.ResultSetImpl@2ecd154e]
2023-11-24 12:36:49,165 TRACE o.h.r.j.i.ResourceRegistryStandardImpl [ResourceRegistryStandardImpl.java:169] Closing result set [HikariProxyResultSet@1223942021 wrapping com.mysql.cj.jdbc.result.ResultSetImpl@2ecd154e]
2023-11-24 12:36:49,165 TRACE o.h.r.j.i.ResourceRegistryStandardImpl [ResourceRegistryStandardImpl.java:96] Releasing statement [HikariProxyPreparedStatement@402060795 wrapping com.mysql.cj.jdbc.ClientPreparedStatement: insert into coursepage (body_text,code,created_datetime,file_name,opened_by,status_open,title) values ('FakeBodyText 594','Code_373','2023-11-24 11:36:49','FakeFileName 594',164,1,'Fake title 594')]
2023-11-24 12:36:49,165 TRACE o.h.r.j.i.ResourceRegistryStandardImpl [ResourceRegistryStandardImpl.java:169] Closing result set [null]
2023-11-24 12:36:49,165 TRACE o.h.r.j.i.ResourceRegistryStandardImpl [ResourceRegistryStandardImpl.java:187] Closing prepared statement [HikariProxyPreparedStatement@402060795 wrapping com.mysql.cj.jdbc.ClientPreparedStatement: insert into coursepage (body_text,code,created_datetime,file_name,opened_by,status_open,title) values ('FakeBodyText 594','Code_373','2023-11-24 11:36:49','FakeFileName 594',164,1,'Fake title 594')]
2023-11-24 12:36:49,165 TRACE o.h.o.j.mutation [MutationExecutorPostInsertSingleTable.java:103] Post-insert generated value : `77` (franco.maurizio.hr.desk.com.persistence.entity.CoursePage)
2023-11-24 12:36:49,165 TRACE o.h.r.j.i.ResourceRegistryStandardImpl [ResourceRegistryStandardImpl.java:96] Releasing statement [HikariProxyPreparedStatement@402060795 wrapping com.mysql.cj.jdbc.ClientPreparedStatement: insert into coursepage (body_text,code,created_datetime,file_name,opened_by,status_open,title) values (** NOT SPECIFIED **,** NOT SPECIFIED **,** NOT SPECIFIED **,** NOT SPECIFIED **,** NOT SPECIFIED **,** NOT SPECIFIED **,** NOT SPECIFIED **)]
2023-11-24 12:36:49,166 DEBUG o.h.r.j.i.ResourceRegistryStandardImpl [ResourceRegistryStandardImpl.java:105] HHH000387: ResultSet's statement was not registered
2023-11-24 12:36:49,166 TRACE o.h.r.j.i.ResourceRegistryStandardImpl [ResourceRegistryStandardImpl.java:187] Closing prepared statement [HikariProxyPreparedStatement@402060795 wrapping com.mysql.cj.jdbc.ClientPreparedStatement: insert into coursepage (body_text,code,created_datetime,file_name,opened_by,status_open,title) values (** NOT SPECIFIED **,** NOT SPECIFIED **,** NOT SPECIFIED **,** NOT SPECIFIED **,** NOT SPECIFIED **,** NOT SPECIFIED **,** NOT SPECIFIED **)]
2023-11-24 12:36:49,166 DEBUG o.h.r.j.i.ResourceRegistryStandardImpl [ResourceRegistryStandardImpl.java:203] Exception clearing maxRows/queryTimeout [No operations allowed after statement closed.]
2023-11-24 12:36:49,166 DEBUG o.h.e.t.i.TransactionImpl [TransactionImpl.java:98] committing
2023-11-24 12:36:49,166 TRACE o.h.r.t.b.j.i.JdbcResourceLocalTransactionCoordinatorImpl [JdbcResourceLocalTransactionCoordinatorImpl.java:167] ResourceLocalTransactionCoordinatorImpl#beforeCompletionCallback
2023-11-24 12:36:49,167 TRACE o.h.i.SessionImpl [SessionImpl.java:1965] SessionImpl#beforeTransactionCompletion()
2023-11-24 12:36:49,167 TRACE o.h.i.SessionImpl [SessionImpl.java:484] Automatically flushing session
2023-11-24 12:36:49,167 TRACE o.h.e.i.AbstractFlushingEventListener [AbstractFlushingEventListener.java:72] Flushing session
2023-11-24 12:36:49,167 DEBUG o.h.e.i.AbstractFlushingEventListener [AbstractFlushingEventListener.java:136] Processing flush-time cascades
2023-11-24 12:36:49,167 TRACE o.h.e.i.Cascade [Cascade.java:87] Processing cascade ACTION_PERSIST_ON_FLUSH for: franco.maurizio.hr.desk.com.persistence.entity.CoursePage
2023-11-24 12:36:49,167 TRACE o.h.e.i.Cascade [Cascade.java:200] Done processing cascade ACTION_PERSIST_ON_FLUSH for: franco.maurizio.hr.desk.com.persistence.entity.CoursePage
2023-11-24 12:36:49,167 DEBUG o.h.e.i.AbstractFlushingEventListener [AbstractFlushingEventListener.java:185] Dirty checking collections
2023-11-24 12:36:49,167 TRACE o.h.e.i.AbstractFlushingEventListener [AbstractFlushingEventListener.java:197] Flushing entities and processing referenced collections
2023-11-24 12:36:49,168 TRACE o.h.e.i.AbstractFlushingEventListener [AbstractFlushingEventListener.java:264] Processing unreferenced collections
2023-11-24 12:36:49,168 TRACE o.h.e.i.AbstractFlushingEventListener [AbstractFlushingEventListener.java:277] Scheduling collection removes/(re)creates/updates
2023-11-24 12:36:49,168 DEBUG o.h.e.i.AbstractFlushingEventListener [AbstractFlushingEventListener.java:110] Flushed: 0 insertions, 0 updates, 0 deletions to 1 objects
2023-11-24 12:36:49,168 DEBUG o.h.e.i.AbstractFlushingEventListener [AbstractFlushingEventListener.java:117] Flushed: 0 (re)creations, 0 updates, 0 removals to 0 collections
2023-11-24 12:36:49,168 DEBUG o.h.i.u.EntityPrinter [EntityPrinter.java:111] Listing entities:
2023-11-24 12:36:49,168 DEBUG o.h.i.u.EntityPrinter [EntityPrinter.java:118] franco.maurizio.hr.desk.com.persistence.entity.CoursePage{fileName=FakeFileName 594, bodyText=FakeBodyText 594, code=Code_373, opened_by=164, statusOpen=true, id=77, title=Fake title 594, created_datetime=2023-11-24T12:36:49.048880603}
2023-11-24 12:36:49,169 TRACE o.h.e.i.AbstractFlushingEventListener [AbstractFlushingEventListener.java:349] Executing flush
2023-11-24 12:36:49,169 TRACE o.h.e.j.i.JdbcCoordinatorImpl [JdbcCoordinatorImpl.java:270] Starting after statement execution processing [ON_CLOSE]
2023-11-24 12:36:49,169 TRACE o.h.e.i.AbstractFlushingEventListener [AbstractFlushingEventListener.java:384] Post flush
2023-11-24 12:36:49,169 TRACE o.h.r.j.i.AbstractLogicalConnectionImplementor [AbstractLogicalConnectionImplementor.java:53] LogicalConnection#beforeTransactionCompletion
2023-11-24 12:36:49,169 TRACE o.h.r.t.i.SynchronizationRegistryStandardImpl [SynchronizationRegistryStandardImpl.java:55] SynchronizationRegistryStandardImpl.notifySynchronizationsBeforeTransactionCompletion
2023-11-24 12:36:49,169 TRACE o.h.r.j.i.AbstractLogicalConnectionImplementor [AbstractLogicalConnectionImplementor.java:85] Preparing to commit transaction via JDBC Connection.commit()
2023-11-24 12:36:49,170 TRACE o.h.r.j.i.AbstractLogicalConnectionImplementor [AbstractLogicalConnectionImplementor.java:88] Transaction committed via JDBC Connection.commit()
2023-11-24 12:36:49,170 TRACE o.h.r.j.i.AbstractLogicalConnectionImplementor [AbstractLogicalConnectionImplementor.java:105] re-enabling auto-commit on JDBC Connection after completion of JDBC-based transaction
2023-11-24 12:36:49,170 TRACE o.h.r.j.i.AbstractLogicalConnectionImplementor [AbstractLogicalConnectionImplementor.java:58] LogicalConnection#afterTransaction
2023-11-24 12:36:49,171 TRACE o.h.r.j.i.ResourceRegistryStandardImpl [ResourceRegistryStandardImpl.java:329] Releasing JDBC resources
2023-11-24 12:36:49,171 TRACE o.h.r.t.b.j.i.JdbcResourceLocalTransactionCoordinatorImpl [JdbcResourceLocalTransactionCoordinatorImpl.java:185] ResourceLocalTransactionCoordinatorImpl#afterCompletionCallback(true)
2023-11-24 12:36:49,171 TRACE o.h.r.t.i.SynchronizationRegistryStandardImpl [DelegatingBasicLogger.java:158] SynchronizationRegistryStandardImpl.notifySynchronizationsAfterTransactionCompletion(3)
2023-11-24 12:36:49,171 TRACE o.h.i.SessionImpl [SessionImpl.java:1980] SessionImpl#afterTransactionCompletion(successful=true, delayed=false)
2023-11-24 12:36:49,171 TRACE o.h.i.SessionImpl [SessionImpl.java:402] Closing session [277296cf-1b50-4d03-8be7-a9c7bde4bf11]
2023-11-24 12:36:49,171 TRACE o.h.e.j.i.JdbcCoordinatorImpl [JdbcCoordinatorImpl.java:152] Closing JDBC container [org.hibernate.engine.jdbc.internal.JdbcCoordinatorImpl@4370b2f7]
2023-11-24 12:36:49,171 TRACE o.h.r.j.i.ResourceRegistryStandardImpl [ResourceRegistryStandardImpl.java:329] Releasing JDBC resources
2023-11-24 12:36:49,171 TRACE o.h.r.j.i.LogicalConnectionManagedImpl [LogicalConnectionManagedImpl.java:256] Closing logical connection
2023-11-24 12:36:49,172 TRACE o.h.r.j.i.ResourceRegistryStandardImpl [ResourceRegistryStandardImpl.java:329] Releasing JDBC resources
2023-11-24 12:36:49,172 TRACE o.h.r.j.i.LogicalConnectionManagedImpl [LogicalConnectionManagedImpl.java:263] Logical connection closed
2023-11-24 12:36:49,172 INFO f.m.h.d.c.i.c.AbstractIntegrationTests [AbstractIntegrationTests.java:133] getFakeCandidateState - START
2023-11-24 12:36:49,172 INFO f.m.h.d.c.i.c.AbstractIntegrationTests [AbstractIntegrationTests.java:114] getFakeCandidateStateByCode - START - with statusCode 100
2023-11-24 12:36:49,172 TRACE o.h.i.SessionFactoryImpl$SessionBuilderImpl [SessionFactoryImpl.java:1298] Opening Hibernate Session.  tenant=null
2023-11-24 12:36:49,173 TRACE o.h.i.SessionImpl [SessionImpl.java:262] Opened Session [bf43368b-34a8-4f4d-9a2e-839dcd9d6448] at timestamp: 1700825809173
2023-11-24 12:36:49,173 DEBUG o.h.e.t.i.TransactionImpl [TransactionImpl.java:53] On TransactionImpl creation, JpaCompliance#isJpaTransactionComplianceEnabled == false
2023-11-24 12:36:49,173 DEBUG o.h.e.t.i.TransactionImpl [TransactionImpl.java:81] begin
2023-11-24 12:36:49,173 TRACE o.h.r.j.i.AbstractLogicalConnectionImplementor [AbstractLogicalConnectionImplementor.java:71] Preparing to begin transaction via JDBC Connection.setAutoCommit(false)
2023-11-24 12:36:49,173 TRACE o.h.r.j.i.AbstractLogicalConnectionImplementor [AbstractLogicalConnectionImplementor.java:73] Transaction begun via JDBC Connection.setAutoCommit(false)
2023-11-24 12:36:49,174 TRACE o.h.r.t.b.j.i.JdbcResourceLocalTransactionCoordinatorImpl [JdbcResourceLocalTransactionCoordinatorImpl.java:163] ResourceLocalTransactionCoordinatorImpl#afterBeginCallback
2023-11-24 12:36:49,174 TRACE o.h.q.s.s.BaseSqmToSqlAstConverter [BaseSqmToSqlAstConverter.java:2577] Resolving SqmRoot [franco.maurizio.hr.desk.com.persistence.entity.Role] to TableGroup
2023-11-24 12:36:49,174 TRACE o.h.q.s.s.BaseSqmToSqlAstConverter [BaseSqmToSqlAstConverter.java:2744] Resolving SqmRoot [franco.maurizio.hr.desk.com.persistence.entity.Role] to TableGroup
2023-11-24 12:36:49,175 DEBUG o.h.o.s.a.create [SqlAliasBaseImpl.java:33] Created new SQL alias : r1_0
2023-11-24 12:36:49,175 TRACE o.h.q.s.s.BaseSqmToSqlAstConverter [BaseSqmToSqlAstConverter.java:2811] Resolved SqmRoot [franco.maurizio.hr.desk.com.persistence.entity.Role] to new TableGroup [StandardTableGroup(franco.maurizio.hr.desk.com.persistence.entity.Role(961693137925446))]
2023-11-24 12:36:49,175 DEBUG o.h.o.s.a.create [SimpleFromClauseAccessImpl.java:98] Registration of TableGroup [StandardTableGroup(franco.maurizio.hr.desk.com.persistence.entity.Role(961693137925446))] with identifierForTableGroup [franco.maurizio.hr.desk.com.persistence.entity.Role] for NavigablePath [franco.maurizio.hr.desk.com.persistence.entity.Role] 
2023-11-24 12:36:49,175 TRACE o.h.q.s.s.BaseSqmToSqlAstConverter [BaseSqmToSqlAstConverter.java:3179] Visiting explicit joins for `franco.maurizio.hr.desk.com.persistence.entity.Role(961693137925446)`
2023-11-24 12:36:49,175 TRACE o.h.q.s.s.BaseSqmToSqlAstConverter [BaseSqmToSqlAstConverter.java:3820] SqmRoot [franco.maurizio.hr.desk.com.persistence.entity.Role] resolved to existing TableGroup [StandardTableGroup(franco.maurizio.hr.desk.com.persistence.entity.Role(961693137925446))]
2023-11-24 12:36:49,176 DEBUG o.h.o.r.g.AST [DomainResultGraphPrinter.java:67] DomainResult Graph:
 \-EntityResultImpl [franco.maurizio.hr.desk.com.persistence.entity.Role(961693137925446)]
 |  +-BasicFetch [franco.maurizio.hr.desk.com.persistence.entity.Role(961693137925446).description]
 |  +-BasicFetch [franco.maurizio.hr.desk.com.persistence.entity.Role(961693137925446).label]
 |  \-BasicFetch [franco.maurizio.hr.desk.com.persistence.entity.Role(961693137925446).level]

2023-11-24 12:36:49,176 TRACE o.h.o.r.g.AST [DomainResultGraphPrinter.java:70] Stack trace calling DomainResultGraphPrinter
java.lang.Exception: null
	at org.hibernate.sql.results.graph.DomainResultGraphPrinter.visitDomainResults(DomainResultGraphPrinter.java:70)
	at org.hibernate.sql.results.graph.DomainResultGraphPrinter.logDomainResultGraph(DomainResultGraphPrinter.java:46)
	at org.hibernate.sql.results.graph.DomainResultGraphPrinter.logDomainResultGraph(DomainResultGraphPrinter.java:37)
	at org.hibernate.sql.ast.spi.AbstractSqlAstTranslator.translateSelect(AbstractSqlAstTranslator.java:848)
	at org.hibernate.sql.ast.spi.AbstractSqlAstTranslator.translate(AbstractSqlAstTranslator.java:801)
	at org.hibernate.query.sqm.internal.ConcreteSqmSelectQueryPlan.buildCacheableSqmInterpretation(ConcreteSqmSelectQueryPlan.java:372)
	at org.hibernate.query.sqm.internal.ConcreteSqmSelectQueryPlan.withCacheableSqmInterpretation(ConcreteSqmSelectQueryPlan.java:268)
	at org.hibernate.query.sqm.internal.ConcreteSqmSelectQueryPlan.performList(ConcreteSqmSelectQueryPlan.java:244)
	at org.hibernate.query.sqm.internal.QuerySqmImpl.doList(QuerySqmImpl.java:518)
	at org.hibernate.query.spi.AbstractSelectionQuery.list(AbstractSelectionQuery.java:367)
	at org.hibernate.query.Query.getResultList(Query.java:119)
	at org.springframework.data.jpa.repository.support.SimpleJpaRepository.findAll(SimpleJpaRepository.java:383)
	at org.springframework.data.jpa.repository.support.SimpleJpaRepository.findAll(SimpleJpaRepository.java:95)
	at java.base/jdk.internal.reflect.NativeMethodAccessorImpl.invoke0(Native Method)
	at java.base/jdk.internal.reflect.NativeMethodAccessorImpl.invoke(NativeMethodAccessorImpl.java:77)
	at java.base/jdk.internal.reflect.DelegatingMethodAccessorImpl.invoke(DelegatingMethodAccessorImpl.java:43)
	at java.base/java.lang.reflect.Method.invoke(Method.java:568)
	at org.springframework.data.repository.core.support.RepositoryMethodInvoker$RepositoryFragmentMethodInvoker.lambda$new$0(RepositoryMethodInvoker.java:288)
	at org.springframework.data.repository.core.support.RepositoryMethodInvoker.doInvoke(RepositoryMethodInvoker.java:136)
	at org.springframework.data.repository.core.support.RepositoryMethodInvoker.invoke(RepositoryMethodInvoker.java:120)
	at org.springframework.data.repository.core.support.RepositoryComposition$RepositoryFragments.invoke(RepositoryComposition.java:516)
	at org.springframework.data.repository.core.support.RepositoryComposition.invoke(RepositoryComposition.java:285)
	at org.springframework.data.repository.core.support.RepositoryFactorySupport$ImplementationMethodExecutionInterceptor.invoke(RepositoryFactorySupport.java:628)
	at org.springframework.aop.framework.ReflectiveMethodInvocation.proceed(ReflectiveMethodInvocation.java:184)
	at org.springframework.data.repository.core.support.QueryExecutorMethodInterceptor.doInvoke(QueryExecutorMethodInterceptor.java:168)
	at org.springframework.data.repository.core.support.QueryExecutorMethodInterceptor.invoke(QueryExecutorMethodInterceptor.java:143)
	at org.springframework.aop.framework.ReflectiveMethodInvocation.proceed(ReflectiveMethodInvocation.java:184)
	at org.springframework.data.projection.DefaultMethodInvokingMethodInterceptor.invoke(DefaultMethodInvokingMethodInterceptor.java:72)
	at org.springframework.aop.framework.ReflectiveMethodInvocation.proceed(ReflectiveMethodInvocation.java:184)
	at org.springframework.transaction.interceptor.TransactionInterceptor$1.proceedWithInvocation(TransactionInterceptor.java:123)
	at org.springframework.transaction.interceptor.TransactionAspectSupport.invokeWithinTransaction(TransactionAspectSupport.java:391)
	at org.springframework.transaction.interceptor.TransactionInterceptor.invoke(TransactionInterceptor.java:119)
	at org.springframework.aop.framework.ReflectiveMethodInvocation.proceed(ReflectiveMethodInvocation.java:184)
	at org.springframework.dao.support.PersistenceExceptionTranslationInterceptor.invoke(PersistenceExceptionTranslationInterceptor.java:137)
	at org.springframework.aop.framework.ReflectiveMethodInvocation.proceed(ReflectiveMethodInvocation.java:184)
	at org.springframework.data.jpa.repository.support.CrudMethodMetadataPostProcessor$CrudMethodMetadataPopulatingMethodInterceptor.invoke(CrudMethodMetadataPostProcessor.java:164)
	at org.springframework.aop.framework.ReflectiveMethodInvocation.proceed(ReflectiveMethodInvocation.java:184)
	at org.springframework.aop.interceptor.ExposeInvocationInterceptor.invoke(ExposeInvocationInterceptor.java:97)
	at org.springframework.aop.framework.ReflectiveMethodInvocation.proceed(ReflectiveMethodInvocation.java:184)
	at org.springframework.aop.framework.JdkDynamicAopProxy.invoke(JdkDynamicAopProxy.java:244)
	at jdk.proxy2/jdk.proxy2.$Proxy210.findAll(Unknown Source)
	at franco.maurizio.hr.desk.com.integration.controller.AbstractIntegrationTests.getFakeCandidateStateByCode(AbstractIntegrationTests.java:116)
	at franco.maurizio.hr.desk.com.integration.controller.AbstractIntegrationTests.getFakeCandidateState(AbstractIntegrationTests.java:134)
	at franco.maurizio.hr.desk.com.integration.controller.AbstractIntegrationTests.getFakeCandidate(AbstractIntegrationTests.java:141)
	at franco.maurizio.hr.desk.com.integration.controller.CandidateCustomControllerIntegrationTests.whenGetCandidateCustomById_andThereIsOne_thenStatus200(CandidateCustomControllerIntegrationTests.java:139)
	at java.base/jdk.internal.reflect.NativeMethodAccessorImpl.invoke0(Native Method)
	at java.base/jdk.internal.reflect.NativeMethodAccessorImpl.invoke(NativeMethodAccessorImpl.java:77)
	at java.base/jdk.internal.reflect.DelegatingMethodAccessorImpl.invoke(DelegatingMethodAccessorImpl.java:43)
	at java.base/java.lang.reflect.Method.invoke(Method.java:568)
	at org.junit.platform.commons.util.ReflectionUtils.invokeMethod(ReflectionUtils.java:727)
	at org.junit.jupiter.engine.execution.MethodInvocation.proceed(MethodInvocation.java:60)
	at org.junit.jupiter.engine.execution.InvocationInterceptorChain$ValidatingInvocation.proceed(InvocationInterceptorChain.java:131)
	at org.junit.jupiter.engine.extension.TimeoutExtension.intercept(TimeoutExtension.java:156)
	at org.junit.jupiter.engine.extension.TimeoutExtension.interceptTestableMethod(TimeoutExtension.java:147)
	at org.junit.jupiter.engine.extension.TimeoutExtension.interceptTestMethod(TimeoutExtension.java:86)
	at org.junit.jupiter.engine.execution.InterceptingExecutableInvoker$ReflectiveInterceptorCall.lambda$ofVoidMethod$0(InterceptingExecutableInvoker.java:103)
	at org.junit.jupiter.engine.execution.InterceptingExecutableInvoker.lambda$invoke$0(InterceptingExecutableInvoker.java:93)
	at org.junit.jupiter.engine.execution.InvocationInterceptorChain$InterceptedInvocation.proceed(InvocationInterceptorChain.java:106)
	at org.junit.jupiter.engine.execution.InvocationInterceptorChain.proceed(InvocationInterceptorChain.java:64)
	at org.junit.jupiter.engine.execution.InvocationInterceptorChain.chainAndInvoke(InvocationInterceptorChain.java:45)
	at org.junit.jupiter.engine.execution.InvocationInterceptorChain.invoke(InvocationInterceptorChain.java:37)
	at org.junit.jupiter.engine.execution.InterceptingExecutableInvoker.invoke(InterceptingExecutableInvoker.java:92)
	at org.junit.jupiter.engine.execution.InterceptingExecutableInvoker.invoke(InterceptingExecutableInvoker.java:86)
	at org.junit.jupiter.engine.descriptor.TestMethodTestDescriptor.lambda$invokeTestMethod$7(TestMethodTestDescriptor.java:217)
	at org.junit.platform.engine.support.hierarchical.ThrowableCollector.execute(ThrowableCollector.java:73)
	at org.junit.jupiter.engine.descriptor.TestMethodTestDescriptor.invokeTestMethod(TestMethodTestDescriptor.java:213)
	at org.junit.jupiter.engine.descriptor.TestMethodTestDescriptor.execute(TestMethodTestDescriptor.java:138)
	at org.junit.jupiter.engine.descriptor.TestMethodTestDescriptor.execute(TestMethodTestDescriptor.java:68)
	at org.junit.platform.engine.support.hierarchical.NodeTestTask.lambda$executeRecursively$6(NodeTestTask.java:151)
	at org.junit.platform.engine.support.hierarchical.ThrowableCollector.execute(ThrowableCollector.java:73)
	at org.junit.platform.engine.support.hierarchical.NodeTestTask.lambda$executeRecursively$8(NodeTestTask.java:141)
	at org.junit.platform.engine.support.hierarchical.Node.around(Node.java:137)
	at org.junit.platform.engine.support.hierarchical.NodeTestTask.lambda$executeRecursively$9(NodeTestTask.java:139)
	at org.junit.platform.engine.support.hierarchical.ThrowableCollector.execute(ThrowableCollector.java:73)
	at org.junit.platform.engine.support.hierarchical.NodeTestTask.executeRecursively(NodeTestTask.java:138)
	at org.junit.platform.engine.support.hierarchical.NodeTestTask.execute(NodeTestTask.java:95)
	at java.base/java.util.ArrayList.forEach(ArrayList.java:1511)
	at org.junit.platform.engine.support.hierarchical.SameThreadHierarchicalTestExecutorService.invokeAll(SameThreadHierarchicalTestExecutorService.java:41)
	at org.junit.platform.engine.support.hierarchical.NodeTestTask.lambda$executeRecursively$6(NodeTestTask.java:155)
	at org.junit.platform.engine.support.hierarchical.ThrowableCollector.execute(ThrowableCollector.java:73)
	at org.junit.platform.engine.support.hierarchical.NodeTestTask.lambda$executeRecursively$8(NodeTestTask.java:141)
	at org.junit.platform.engine.support.hierarchical.Node.around(Node.java:137)
	at org.junit.platform.engine.support.hierarchical.NodeTestTask.lambda$executeRecursively$9(NodeTestTask.java:139)
	at org.junit.platform.engine.support.hierarchical.ThrowableCollector.execute(ThrowableCollector.java:73)
	at org.junit.platform.engine.support.hierarchical.NodeTestTask.executeRecursively(NodeTestTask.java:138)
	at org.junit.platform.engine.support.hierarchical.NodeTestTask.execute(NodeTestTask.java:95)
	at java.base/java.util.ArrayList.forEach(ArrayList.java:1511)
	at org.junit.platform.engine.support.hierarchical.SameThreadHierarchicalTestExecutorService.invokeAll(SameThreadHierarchicalTestExecutorService.java:41)
	at org.junit.platform.engine.support.hierarchical.NodeTestTask.lambda$executeRecursively$6(NodeTestTask.java:155)
	at org.junit.platform.engine.support.hierarchical.ThrowableCollector.execute(ThrowableCollector.java:73)
	at org.junit.platform.engine.support.hierarchical.NodeTestTask.lambda$executeRecursively$8(NodeTestTask.java:141)
	at org.junit.platform.engine.support.hierarchical.Node.around(Node.java:137)
	at org.junit.platform.engine.support.hierarchical.NodeTestTask.lambda$executeRecursively$9(NodeTestTask.java:139)
	at org.junit.platform.engine.support.hierarchical.ThrowableCollector.execute(ThrowableCollector.java:73)
	at org.junit.platform.engine.support.hierarchical.NodeTestTask.executeRecursively(NodeTestTask.java:138)
	at org.junit.platform.engine.support.hierarchical.NodeTestTask.execute(NodeTestTask.java:95)
	at org.junit.platform.engine.support.hierarchical.SameThreadHierarchicalTestExecutorService.submit(SameThreadHierarchicalTestExecutorService.java:35)
	at org.junit.platform.engine.support.hierarchical.HierarchicalTestExecutor.execute(HierarchicalTestExecutor.java:57)
	at org.junit.platform.engine.support.hierarchical.HierarchicalTestEngine.execute(HierarchicalTestEngine.java:54)
	at org.junit.platform.launcher.core.EngineExecutionOrchestrator.execute(EngineExecutionOrchestrator.java:147)
	at org.junit.platform.launcher.core.EngineExecutionOrchestrator.execute(EngineExecutionOrchestrator.java:127)
	at org.junit.platform.launcher.core.EngineExecutionOrchestrator.execute(EngineExecutionOrchestrator.java:90)
	at org.junit.platform.launcher.core.EngineExecutionOrchestrator.lambda$execute$0(EngineExecutionOrchestrator.java:55)
	at org.junit.platform.launcher.core.EngineExecutionOrchestrator.withInterceptedStreams(EngineExecutionOrchestrator.java:102)
	at org.junit.platform.launcher.core.EngineExecutionOrchestrator.execute(EngineExecutionOrchestrator.java:54)
	at org.junit.platform.launcher.core.DefaultLauncher.execute(DefaultLauncher.java:114)
	at org.junit.platform.launcher.core.DefaultLauncher.execute(DefaultLauncher.java:86)
	at org.junit.platform.launcher.core.DefaultLauncherSession$DelegatingLauncher.execute(DefaultLauncherSession.java:86)
	at org.apache.maven.surefire.junitplatform.LazyLauncher.execute(LazyLauncher.java:50)
	at org.apache.maven.surefire.junitplatform.JUnitPlatformProvider.execute(JUnitPlatformProvider.java:184)
	at org.apache.maven.surefire.junitplatform.JUnitPlatformProvider.invokeAllTests(JUnitPlatformProvider.java:148)
	at org.apache.maven.surefire.junitplatform.JUnitPlatformProvider.invoke(JUnitPlatformProvider.java:122)
	at org.apache.maven.surefire.booter.ForkedBooter.runSuitesInProcess(ForkedBooter.java:385)
	at org.apache.maven.surefire.booter.ForkedBooter.execute(ForkedBooter.java:162)
	at org.apache.maven.surefire.booter.ForkedBooter.run(ForkedBooter.java:507)
	at org.apache.maven.surefire.booter.ForkedBooter.main(ForkedBooter.java:495)
2023-11-24 12:36:49,176 DEBUG o.h.o.s.a.tree [SqlTreePrinter.java:46] SQL AST Tree:
    SelectStatement {
      FromClause {
        StandardTableGroup (r1 : franco.maurizio.hr.desk.com.persistence.entity.Role(961693137925446)) {
          primaryTableReference : roles as r1_0
        }
      }
    }

2023-11-24 12:36:49,177 DEBUG o.h.o.s.exec [JdbcSelectExecutorStandardImpl.java:455] Skipping reading Query result cache data: cache-enabled = false, cache-mode = NORMAL
2023-11-24 12:36:49,177 TRACE o.h.o.results [ResultsHelper.java:117] Registering initializer : EntityResultInitializer(franco.maurizio.hr.desk.com.persistence.entity.Role(961693137925446))
2023-11-24 12:36:49,177 DEBUG o.h.o.results [NavigablePathMapToInitializer.java:76] Initializer list:
	  franco.maurizio.hr.desk.com.persistence.entity.Role(961693137925446) -> EntityResultInitializer(franco.maurizio.hr.desk.com.persistence.entity.Role(961693137925446))@772078714 (SingleTableEntityPersister(franco.maurizio.hr.desk.com.persistence.entity.Role))

2023-11-24 12:36:49,178 TRACE o.h.s.r.j.i.DeferredResultSetAccess [DeferredResultSetAccess.java:224] Executing query to retrieve ResultSet : select r1_0.id,r1_0.description,r1_0.label,r1_0.level from roles r1_0
2023-11-24 12:36:49,178 DEBUG o.h.SQL [SqlStatementLogger.java:133] select r1_0.id,r1_0.description,r1_0.label,r1_0.level from roles r1_0
Hibernate: select r1_0.id,r1_0.description,r1_0.label,r1_0.level from roles r1_0
2023-11-24 12:36:49,178 TRACE o.h.r.j.i.ResourceRegistryStandardImpl [ResourceRegistryStandardImpl.java:82] Registering statement [HikariProxyPreparedStatement@1183484390 wrapping com.mysql.cj.jdbc.ClientPreparedStatement: select r1_0.id,r1_0.description,r1_0.label,r1_0.level from roles r1_0]
2023-11-24 12:36:49,179 TRACE o.h.e.j.i.JdbcCoordinatorImpl [JdbcCoordinatorImpl.java:322] Registering last query statement [HikariProxyPreparedStatement@1183484390 wrapping com.mysql.cj.jdbc.ClientPreparedStatement: select r1_0.id,r1_0.description,r1_0.label,r1_0.level from roles r1_0]
2023-11-24 12:36:49,179 TRACE o.h.r.j.i.ResourceRegistryStandardImpl [ResourceRegistryStandardImpl.java:221] Registering result set [HikariProxyResultSet@1735203204 wrapping com.mysql.cj.jdbc.result.ResultSetImpl@2fb34447]
2023-11-24 12:36:49,180 TRACE o.h.r.j.i.AbstractLogicalConnectionImplementor [AbstractLogicalConnectionImplementor.java:48] LogicalConnection#afterStatement
2023-11-24 12:36:49,180 TRACE o.h.o.j.extract [JdbcExtractingLogging.java:24] extracted value ([1] : [BIGINT]) - [188]
2023-11-24 12:36:49,180 TRACE o.h.o.j.extract [JdbcExtractingLogging.java:24] extracted value ([2] : [VARCHAR]) - [administrator]
2023-11-24 12:36:49,180 TRACE o.h.o.j.extract [JdbcExtractingLogging.java:24] extracted value ([3] : [VARCHAR]) - [admin]
2023-11-24 12:36:49,180 TRACE o.h.o.j.extract [JdbcExtractingLogging.java:24] extracted value ([4] : [INTEGER]) - [0]
2023-11-24 12:36:49,181 TRACE o.h.o.r.loading [StandardRowReader.java:85] StandardRowReader#readRow
2023-11-24 12:36:49,181 TRACE o.h.o.r.l.entity [AbstractEntityInitializer.java:277] (o.h.s.r.g.e.i.EntityResultInitializer) Beginning Initializer#resolveKey process for entity : franco.maurizio.hr.desk.com.persistence.entity.Role(961693137925446)
2023-11-24 12:36:49,181 DEBUG o.h.o.results [BasicResultAssembler.java:61] Extracted JDBC value [0] - [188]
2023-11-24 12:36:49,181 DEBUG o.h.o.r.l.entity [AbstractEntityInitializer.java:300] (EntityResultInitializer) Hydrated EntityKey (franco.maurizio.hr.desk.com.persistence.entity.Role(961693137925446)): 188
2023-11-24 12:36:49,181 TRACE o.h.o.r.l.entity [AbstractEntityInitializer.java:491] (o.h.s.r.g.e.i.EntityResultInitializer) Beginning Initializer#resolveInstance process for entity (franco.maurizio.hr.desk.com.persistence.entity.Role(961693137925446)) : 188
2023-11-24 12:36:49,181 DEBUG o.h.o.r.l.entity [AbstractEntityInitializer.java:689] (EntityResultInitializer) Created new entity instance [franco.maurizio.hr.desk.com.persistence.entity.Role(961693137925446)#188] : 643668711
2023-11-24 12:36:49,182 TRACE o.h.o.r.l.entity [AbstractEntityInitializer.java:833] (EntityResultInitializer) Beginning Initializer#initializeInstance process for entity franco.maurizio.hr.desk.com.persistence.entity.Role(961693137925446)#188
2023-11-24 12:36:49,182 DEBUG o.h.o.results [BasicResultAssembler.java:61] Extracted JDBC value [1] - [administrator]
2023-11-24 12:36:49,182 DEBUG o.h.o.results [BasicResultAssembler.java:61] Extracted JDBC value [2] - [admin]
2023-11-24 12:36:49,182 DEBUG o.h.o.results [BasicResultAssembler.java:61] Extracted JDBC value [3] - [0]
2023-11-24 12:36:49,182 DEBUG o.h.o.r.l.entity [AbstractEntityInitializer.java:889] (EntityResultInitializer) Done materializing entityInstance : franco.maurizio.hr.desk.com.persistence.entity.Role(961693137925446)#188
2023-11-24 12:36:49,182 DEBUG o.h.o.r.loading [StandardRowReader.java:93] Calling top-level assembler (0 / 1) : org.hibernate.sql.results.graph.entity.internal.EntityAssembler@348af273
2023-11-24 12:36:49,182 TRACE o.h.o.r.loading [StandardRowReader.java:103] StandardRowReader#afterRow
2023-11-24 12:36:49,183 TRACE o.h.o.j.extract [JdbcExtractingLogging.java:24] extracted value ([1] : [BIGINT]) - [189]
2023-11-24 12:36:49,183 TRACE o.h.o.j.extract [JdbcExtractingLogging.java:24] extracted value ([2] : [VARCHAR]) - [administrator]
2023-11-24 12:36:49,183 TRACE o.h.o.j.extract [JdbcExtractingLogging.java:24] extracted value ([3] : [VARCHAR]) - [admin]
2023-11-24 12:36:49,183 TRACE o.h.o.j.extract [JdbcExtractingLogging.java:24] extracted value ([4] : [INTEGER]) - [90]
2023-11-24 12:36:49,183 TRACE o.h.o.r.loading [StandardRowReader.java:85] StandardRowReader#readRow
2023-11-24 12:36:49,183 TRACE o.h.o.r.l.entity [AbstractEntityInitializer.java:277] (o.h.s.r.g.e.i.EntityResultInitializer) Beginning Initializer#resolveKey process for entity : franco.maurizio.hr.desk.com.persistence.entity.Role(961693137925446)
2023-11-24 12:36:49,184 DEBUG o.h.o.results [BasicResultAssembler.java:61] Extracted JDBC value [0] - [189]
2023-11-24 12:36:49,184 DEBUG o.h.o.r.l.entity [AbstractEntityInitializer.java:300] (EntityResultInitializer) Hydrated EntityKey (franco.maurizio.hr.desk.com.persistence.entity.Role(961693137925446)): 189
2023-11-24 12:36:49,184 TRACE o.h.o.r.l.entity [AbstractEntityInitializer.java:491] (o.h.s.r.g.e.i.EntityResultInitializer) Beginning Initializer#resolveInstance process for entity (franco.maurizio.hr.desk.com.persistence.entity.Role(961693137925446)) : 189
2023-11-24 12:36:49,184 DEBUG o.h.o.r.l.entity [AbstractEntityInitializer.java:689] (EntityResultInitializer) Created new entity instance [franco.maurizio.hr.desk.com.persistence.entity.Role(961693137925446)#189] : 992246879
2023-11-24 12:36:49,185 TRACE o.h.o.r.l.entity [AbstractEntityInitializer.java:833] (EntityResultInitializer) Beginning Initializer#initializeInstance process for entity franco.maurizio.hr.desk.com.persistence.entity.Role(961693137925446)#189
2023-11-24 12:36:49,185 DEBUG o.h.o.results [BasicResultAssembler.java:61] Extracted JDBC value [1] - [administrator]
2023-11-24 12:36:49,185 DEBUG o.h.o.results [BasicResultAssembler.java:61] Extracted JDBC value [2] - [admin]
2023-11-24 12:36:49,185 DEBUG o.h.o.results [BasicResultAssembler.java:61] Extracted JDBC value [3] - [90]
2023-11-24 12:36:49,186 DEBUG o.h.o.r.l.entity [AbstractEntityInitializer.java:889] (EntityResultInitializer) Done materializing entityInstance : franco.maurizio.hr.desk.com.persistence.entity.Role(961693137925446)#189
2023-11-24 12:36:49,186 DEBUG o.h.o.r.loading [StandardRowReader.java:93] Calling top-level assembler (0 / 1) : org.hibernate.sql.results.graph.entity.internal.EntityAssembler@348af273
2023-11-24 12:36:49,186 TRACE o.h.o.r.loading [StandardRowReader.java:103] StandardRowReader#afterRow
2023-11-24 12:36:49,186 TRACE o.h.o.j.extract [JdbcExtractingLogging.java:24] extracted value ([1] : [BIGINT]) - [190]
2023-11-24 12:36:49,186 TRACE o.h.o.j.extract [JdbcExtractingLogging.java:24] extracted value ([2] : [VARCHAR]) - [administrator]
2023-11-24 12:36:49,187 TRACE o.h.o.j.extract [JdbcExtractingLogging.java:24] extracted value ([3] : [VARCHAR]) - [admin]
2023-11-24 12:36:49,187 TRACE o.h.o.j.extract [JdbcExtractingLogging.java:24] extracted value ([4] : [INTEGER]) - [1341450380]
2023-11-24 12:36:49,187 TRACE o.h.o.r.loading [StandardRowReader.java:85] StandardRowReader#readRow
2023-11-24 12:36:49,187 TRACE o.h.o.r.l.entity [AbstractEntityInitializer.java:277] (o.h.s.r.g.e.i.EntityResultInitializer) Beginning Initializer#resolveKey process for entity : franco.maurizio.hr.desk.com.persistence.entity.Role(961693137925446)
2023-11-24 12:36:49,187 DEBUG o.h.o.results [BasicResultAssembler.java:61] Extracted JDBC value [0] - [190]
2023-11-24 12:36:49,187 DEBUG o.h.o.r.l.entity [AbstractEntityInitializer.java:300] (EntityResultInitializer) Hydrated EntityKey (franco.maurizio.hr.desk.com.persistence.entity.Role(961693137925446)): 190
2023-11-24 12:36:49,187 TRACE o.h.o.r.l.entity [AbstractEntityInitializer.java:491] (o.h.s.r.g.e.i.EntityResultInitializer) Beginning Initializer#resolveInstance process for entity (franco.maurizio.hr.desk.com.persistence.entity.Role(961693137925446)) : 190
2023-11-24 12:36:49,188 DEBUG o.h.o.r.l.entity [AbstractEntityInitializer.java:689] (EntityResultInitializer) Created new entity instance [franco.maurizio.hr.desk.com.persistence.entity.Role(961693137925446)#190] : 243303936
2023-11-24 12:36:49,188 TRACE o.h.o.r.l.entity [AbstractEntityInitializer.java:833] (EntityResultInitializer) Beginning Initializer#initializeInstance process for entity franco.maurizio.hr.desk.com.persistence.entity.Role(961693137925446)#190
2023-11-24 12:36:49,188 DEBUG o.h.o.results [BasicResultAssembler.java:61] Extracted JDBC value [1] - [administrator]
2023-11-24 12:36:49,188 DEBUG o.h.o.results [BasicResultAssembler.java:61] Extracted JDBC value [2] - [admin]
2023-11-24 12:36:49,188 DEBUG o.h.o.results [BasicResultAssembler.java:61] Extracted JDBC value [3] - [1341450380]
2023-11-24 12:36:49,188 DEBUG o.h.o.r.l.entity [AbstractEntityInitializer.java:889] (EntityResultInitializer) Done materializing entityInstance : franco.maurizio.hr.desk.com.persistence.entity.Role(961693137925446)#190
2023-11-24 12:36:49,189 DEBUG o.h.o.r.loading [StandardRowReader.java:93] Calling top-level assembler (0 / 1) : org.hibernate.sql.results.graph.entity.internal.EntityAssembler@348af273
2023-11-24 12:36:49,189 TRACE o.h.o.r.loading [StandardRowReader.java:103] StandardRowReader#afterRow
2023-11-24 12:36:49,189 TRACE o.h.r.j.i.ResourceRegistryStandardImpl [ResourceRegistryStandardImpl.java:117] Releasing result set [HikariProxyResultSet@1735203204 wrapping com.mysql.cj.jdbc.result.ResultSetImpl@2fb34447]
2023-11-24 12:36:49,189 TRACE o.h.r.j.i.ResourceRegistryStandardImpl [ResourceRegistryStandardImpl.java:169] Closing result set [HikariProxyResultSet@1735203204 wrapping com.mysql.cj.jdbc.result.ResultSetImpl@2fb34447]
2023-11-24 12:36:49,189 TRACE o.h.r.j.i.ResourceRegistryStandardImpl [ResourceRegistryStandardImpl.java:96] Releasing statement [HikariProxyPreparedStatement@1183484390 wrapping com.mysql.cj.jdbc.ClientPreparedStatement: select r1_0.id,r1_0.description,r1_0.label,r1_0.level from roles r1_0]
2023-11-24 12:36:49,189 TRACE o.h.r.j.i.ResourceRegistryStandardImpl [ResourceRegistryStandardImpl.java:187] Closing prepared statement [HikariProxyPreparedStatement@1183484390 wrapping com.mysql.cj.jdbc.ClientPreparedStatement: select r1_0.id,r1_0.description,r1_0.label,r1_0.level from roles r1_0]
2023-11-24 12:36:49,190 TRACE o.h.e.i.StatefulPersistenceContext [StatefulPersistenceContext.java:976] Initializing non-lazy collections
2023-11-24 12:36:49,191 DEBUG o.h.e.t.i.TransactionImpl [TransactionImpl.java:98] committing
2023-11-24 12:36:49,191 TRACE o.h.r.t.b.j.i.JdbcResourceLocalTransactionCoordinatorImpl [JdbcResourceLocalTransactionCoordinatorImpl.java:167] ResourceLocalTransactionCoordinatorImpl#beforeCompletionCallback
2023-11-24 12:36:49,191 TRACE o.h.i.SessionImpl [SessionImpl.java:1965] SessionImpl#beforeTransactionCompletion()
2023-11-24 12:36:49,191 TRACE o.h.r.j.i.AbstractLogicalConnectionImplementor [AbstractLogicalConnectionImplementor.java:53] LogicalConnection#beforeTransactionCompletion
2023-11-24 12:36:49,191 TRACE o.h.r.t.i.SynchronizationRegistryStandardImpl [SynchronizationRegistryStandardImpl.java:55] SynchronizationRegistryStandardImpl.notifySynchronizationsBeforeTransactionCompletion
2023-11-24 12:36:49,191 TRACE o.h.r.j.i.AbstractLogicalConnectionImplementor [AbstractLogicalConnectionImplementor.java:85] Preparing to commit transaction via JDBC Connection.commit()
2023-11-24 12:36:49,192 TRACE o.h.r.j.i.AbstractLogicalConnectionImplementor [AbstractLogicalConnectionImplementor.java:88] Transaction committed via JDBC Connection.commit()
2023-11-24 12:36:49,192 TRACE o.h.r.j.i.AbstractLogicalConnectionImplementor [AbstractLogicalConnectionImplementor.java:105] re-enabling auto-commit on JDBC Connection after completion of JDBC-based transaction
2023-11-24 12:36:49,192 TRACE o.h.r.j.i.AbstractLogicalConnectionImplementor [AbstractLogicalConnectionImplementor.java:58] LogicalConnection#afterTransaction
2023-11-24 12:36:49,193 TRACE o.h.r.j.i.ResourceRegistryStandardImpl [ResourceRegistryStandardImpl.java:329] Releasing JDBC resources
2023-11-24 12:36:49,193 TRACE o.h.r.t.b.j.i.JdbcResourceLocalTransactionCoordinatorImpl [JdbcResourceLocalTransactionCoordinatorImpl.java:185] ResourceLocalTransactionCoordinatorImpl#afterCompletionCallback(true)
2023-11-24 12:36:49,193 TRACE o.h.r.t.i.SynchronizationRegistryStandardImpl [DelegatingBasicLogger.java:158] SynchronizationRegistryStandardImpl.notifySynchronizationsAfterTransactionCompletion(3)
2023-11-24 12:36:49,193 TRACE o.h.i.SessionImpl [SessionImpl.java:1980] SessionImpl#afterTransactionCompletion(successful=true, delayed=false)
2023-11-24 12:36:49,193 TRACE o.h.i.SessionImpl [SessionImpl.java:402] Closing session [bf43368b-34a8-4f4d-9a2e-839dcd9d6448]
2023-11-24 12:36:49,193 TRACE o.h.e.j.i.JdbcCoordinatorImpl [JdbcCoordinatorImpl.java:152] Closing JDBC container [org.hibernate.engine.jdbc.internal.JdbcCoordinatorImpl@35deb352]
2023-11-24 12:36:49,193 TRACE o.h.r.j.i.ResourceRegistryStandardImpl [ResourceRegistryStandardImpl.java:329] Releasing JDBC resources
2023-11-24 12:36:49,193 TRACE o.h.r.j.i.LogicalConnectionManagedImpl [LogicalConnectionManagedImpl.java:256] Closing logical connection
2023-11-24 12:36:49,193 TRACE o.h.r.j.i.ResourceRegistryStandardImpl [ResourceRegistryStandardImpl.java:329] Releasing JDBC resources
2023-11-24 12:36:49,193 TRACE o.h.r.j.i.LogicalConnectionManagedImpl [LogicalConnectionManagedImpl.java:263] Logical connection closed
2023-11-24 12:36:49,194 TRACE o.h.i.SessionFactoryImpl$SessionBuilderImpl [SessionFactoryImpl.java:1298] Opening Hibernate Session.  tenant=null
2023-11-24 12:36:49,194 TRACE o.h.i.SessionImpl [SessionImpl.java:262] Opened Session [7ee9cf2d-8901-4b29-8f52-ace2deedabcc] at timestamp: 1700825809194
2023-11-24 12:36:49,194 DEBUG o.h.e.t.i.TransactionImpl [TransactionImpl.java:53] On TransactionImpl creation, JpaCompliance#isJpaTransactionComplianceEnabled == false
2023-11-24 12:36:49,194 DEBUG o.h.e.t.i.TransactionImpl [TransactionImpl.java:81] begin
2023-11-24 12:36:49,194 TRACE o.h.r.j.i.AbstractLogicalConnectionImplementor [AbstractLogicalConnectionImplementor.java:71] Preparing to begin transaction via JDBC Connection.setAutoCommit(false)
2023-11-24 12:36:49,194 TRACE o.h.r.j.i.AbstractLogicalConnectionImplementor [AbstractLogicalConnectionImplementor.java:73] Transaction begun via JDBC Connection.setAutoCommit(false)
2023-11-24 12:36:49,194 TRACE o.h.r.t.b.j.i.JdbcResourceLocalTransactionCoordinatorImpl [JdbcResourceLocalTransactionCoordinatorImpl.java:163] ResourceLocalTransactionCoordinatorImpl#afterBeginCallback
2023-11-24 12:36:49,195 DEBUG o.h.j.i.PersistenceUnitUtilImpl [PersistenceUnitUtilImpl.java:89] jakarta.persistence.PersistenceUnitUtil.getIdentifier is only intended to work with enhanced entities (although Hibernate also adapts this support to its proxies); however the passed entity was not enhanced (nor a proxy).. may not be able to read identifier
2023-11-24 12:36:49,195 TRACE o.h.e.i.EntityState [EntityState.java:64] Transient instance of: franco.maurizio.hr.desk.com.persistence.entity.CandidateStates
2023-11-24 12:36:49,195 TRACE o.h.e.i.DefaultPersistEventListener [DefaultPersistEventListener.java:171] Saving transient instance
2023-11-24 12:36:49,195 TRACE o.h.e.i.AbstractSaveEventListener [AbstractSaveEventListener.java:172] Saving [franco.maurizio.hr.desk.com.persistence.entity.CandidateStates#<null>]
2023-11-24 12:36:49,195 TRACE o.h.e.s.ActionQueue [ActionQueue.java:321] Adding an EntityIdentityInsertAction for [franco.maurizio.hr.desk.com.persistence.entity.CandidateStates] object
2023-11-24 12:36:49,195 TRACE o.h.e.s.ActionQueue [ActionQueue.java:266] Executing inserts before finding non-nullable transient entities for early insert: [EntityIdentityInsertAction[franco.maurizio.hr.desk.com.persistence.entity.CandidateStates#<null>]]
2023-11-24 12:36:49,195 TRACE o.h.e.s.ActionQueue [ActionQueue.java:271] Adding insert with no non-nullable, transient entities: [EntityIdentityInsertAction[franco.maurizio.hr.desk.com.persistence.entity.CandidateStates#<null>]]
2023-11-24 12:36:49,195 TRACE o.h.e.s.ActionQueue [ActionQueue.java:288] Executing insertions before resolved early-insert
2023-11-24 12:36:49,195 DEBUG o.h.e.s.ActionQueue [ActionQueue.java:290] Executing identity-insert immediately
2023-11-24 12:36:49,196 TRACE o.h.v.i.e.c.SimpleConstraintTree [SimpleConstraintTree.java:53] Validating against constraint defined by ConstraintDescriptorImpl{annotation=j.v.c.NotNull, payloads=[], hasComposingConstraints=true, isReportAsSingleInvalidConstraint=false, constraintLocationKind=FIELD, definedOn=DEFINED_LOCALLY, groups=[interface jakarta.validation.groups.Default], attributes={groups=[Ljava.lang.Class;@694b7383, message=error.candidatestates.roleid.notnull, payload=[Ljava.lang.Class;@55de4314}, constraintType=GENERIC, valueUnwrapping=DEFAULT}.
2023-11-24 12:36:49,196 TRACE o.h.v.i.e.c.SimpleConstraintTree [SimpleConstraintTree.java:53] Validating against constraint defined by ConstraintDescriptorImpl{annotation=o.h.v.c.Length, payloads=[], hasComposingConstraints=true, isReportAsSingleInvalidConstraint=false, constraintLocationKind=FIELD, definedOn=DEFINED_LOCALLY, groups=[interface jakarta.validation.groups.Default], attributes={groups=[Ljava.lang.Class;@51ba1ff0, min=0, message=error.statusdescription.length, payload=[Ljava.lang.Class;@a54e9b0, max=300}, constraintType=GENERIC, valueUnwrapping=DEFAULT}.
2023-11-24 12:36:49,196 TRACE o.h.v.i.e.c.SimpleConstraintTree [SimpleConstraintTree.java:53] Validating against constraint defined by ConstraintDescriptorImpl{annotation=o.h.v.c.Length, payloads=[], hasComposingConstraints=true, isReportAsSingleInvalidConstraint=false, constraintLocationKind=FIELD, definedOn=DEFINED_LOCALLY, groups=[interface jakarta.validation.groups.Default], attributes={groups=[Ljava.lang.Class;@51ba1ff0, min=0, message=error.statuscolor.length, payload=[Ljava.lang.Class;@a54e9b0, max=7}, constraintType=GENERIC, valueUnwrapping=DEFAULT}.
2023-11-24 12:36:49,196 TRACE o.h.v.i.e.c.SimpleConstraintTree [SimpleConstraintTree.java:53] Validating against constraint defined by ConstraintDescriptorImpl{annotation=j.v.c.Min, payloads=[], hasComposingConstraints=true, isReportAsSingleInvalidConstraint=false, constraintLocationKind=FIELD, definedOn=DEFINED_LOCALLY, groups=[interface jakarta.validation.groups.Default], attributes={groups=[Ljava.lang.Class;@5ca4c333, message=error.candidatestates.roleid.min, payload=[Ljava.lang.Class;@1326f0ab, value=1}, constraintType=GENERIC, valueUnwrapping=DEFAULT}.
2023-11-24 12:36:49,197 TRACE o.h.v.i.e.c.SimpleConstraintTree [SimpleConstraintTree.java:53] Validating against constraint defined by ConstraintDescriptorImpl{annotation=j.v.c.NotNull, payloads=[], hasComposingConstraints=true, isReportAsSingleInvalidConstraint=false, constraintLocationKind=FIELD, definedOn=DEFINED_LOCALLY, groups=[interface jakarta.validation.groups.Default], attributes={groups=[Ljava.lang.Class;@694b7383, message=error.candidatestates.statuscode.notnull, payload=[Ljava.lang.Class;@55de4314}, constraintType=GENERIC, valueUnwrapping=DEFAULT}.
2023-11-24 12:36:49,198 TRACE o.h.v.i.e.c.SimpleConstraintTree [SimpleConstraintTree.java:53] Validating against constraint defined by ConstraintDescriptorImpl{annotation=o.h.v.c.Length, payloads=[], hasComposingConstraints=true, isReportAsSingleInvalidConstraint=false, constraintLocationKind=FIELD, definedOn=DEFINED_LOCALLY, groups=[interface jakarta.validation.groups.Default], attributes={groups=[Ljava.lang.Class;@51ba1ff0, min=0, message=error.statuslabel.length, payload=[Ljava.lang.Class;@a54e9b0, max=100}, constraintType=GENERIC, valueUnwrapping=DEFAULT}.
2023-11-24 12:36:49,198 DEBUG o.h.SQL [SqlStatementLogger.java:133] insert into candidate_states (role_id,status_code,status_color,status_description,status_label) values (?,?,?,?,?)
Hibernate: insert into candidate_states (role_id,status_code,status_color,status_description,status_label) values (?,?,?,?,?)
2023-11-24 12:36:49,198 TRACE o.h.r.j.i.ResourceRegistryStandardImpl [ResourceRegistryStandardImpl.java:82] Registering statement [HikariProxyPreparedStatement@1415313859 wrapping com.mysql.cj.jdbc.ClientPreparedStatement: insert into candidate_states (role_id,status_code,status_color,status_description,status_label) values (** NOT SPECIFIED **,** NOT SPECIFIED **,** NOT SPECIFIED **,** NOT SPECIFIED **,** NOT SPECIFIED **)]
2023-11-24 12:36:49,199 TRACE o.h.r.j.i.ResourceRegistryStandardImpl [ResourceRegistryStandardImpl.java:221] Registering result set [null]
2023-11-24 12:36:49,199 TRACE o.h.o.j.bind [JdbcBindingLogging.java:25] binding parameter [1] as [BIGINT] - [188]
2023-11-24 12:36:49,199 TRACE o.h.o.j.bind [JdbcBindingLogging.java:25] binding parameter [2] as [INTEGER] - [100]
2023-11-24 12:36:49,199 TRACE o.h.o.j.bind [JdbcBindingLogging.java:25] binding parameter [3] as [VARCHAR] - [#FF0000]
2023-11-24 12:36:49,199 TRACE o.h.o.j.bind [JdbcBindingLogging.java:25] binding parameter [4] as [VARCHAR] - [a status description]
2023-11-24 12:36:49,199 TRACE o.h.o.j.bind [JdbcBindingLogging.java:25] binding parameter [5] as [VARCHAR] - [a status label]
2023-11-24 12:36:49,200 TRACE o.h.o.j.extract [JdbcExtractingLogging.java:24] extracted value ([1] : [BIGINT]) - [78]
2023-11-24 12:36:49,200 DEBUG o.h.i.IdentifierGeneratorHelper [IdentifierGeneratorHelper.java:84] Natively generated identity (franco.maurizio.hr.desk.com.persistence.entity.CandidateStates) : 78
2023-11-24 12:36:49,200 TRACE o.h.r.j.i.ResourceRegistryStandardImpl [ResourceRegistryStandardImpl.java:117] Releasing result set [HikariProxyResultSet@1037608326 wrapping com.mysql.cj.jdbc.result.ResultSetImpl@116e2aa4]
2023-11-24 12:36:49,200 TRACE o.h.r.j.i.ResourceRegistryStandardImpl [ResourceRegistryStandardImpl.java:169] Closing result set [HikariProxyResultSet@1037608326 wrapping com.mysql.cj.jdbc.result.ResultSetImpl@116e2aa4]
2023-11-24 12:36:49,200 TRACE o.h.r.j.i.ResourceRegistryStandardImpl [ResourceRegistryStandardImpl.java:96] Releasing statement [HikariProxyPreparedStatement@1415313859 wrapping com.mysql.cj.jdbc.ClientPreparedStatement: insert into candidate_states (role_id,status_code,status_color,status_description,status_label) values (188,100,'#FF0000','a status description','a status label')]
2023-11-24 12:36:49,200 TRACE o.h.r.j.i.ResourceRegistryStandardImpl [ResourceRegistryStandardImpl.java:169] Closing result set [null]
2023-11-24 12:36:49,200 TRACE o.h.r.j.i.ResourceRegistryStandardImpl [ResourceRegistryStandardImpl.java:187] Closing prepared statement [HikariProxyPreparedStatement@1415313859 wrapping com.mysql.cj.jdbc.ClientPreparedStatement: insert into candidate_states (role_id,status_code,status_color,status_description,status_label) values (188,100,'#FF0000','a status description','a status label')]
2023-11-24 12:36:49,201 TRACE o.h.o.j.mutation [MutationExecutorPostInsertSingleTable.java:103] Post-insert generated value : `78` (franco.maurizio.hr.desk.com.persistence.entity.CandidateStates)
2023-11-24 12:36:49,201 TRACE o.h.r.j.i.ResourceRegistryStandardImpl [ResourceRegistryStandardImpl.java:96] Releasing statement [HikariProxyPreparedStatement@1415313859 wrapping com.mysql.cj.jdbc.ClientPreparedStatement: insert into candidate_states (role_id,status_code,status_color,status_description,status_label) values (** NOT SPECIFIED **,** NOT SPECIFIED **,** NOT SPECIFIED **,** NOT SPECIFIED **,** NOT SPECIFIED **)]
2023-11-24 12:36:49,201 DEBUG o.h.r.j.i.ResourceRegistryStandardImpl [ResourceRegistryStandardImpl.java:105] HHH000387: ResultSet's statement was not registered
2023-11-24 12:36:49,201 TRACE o.h.r.j.i.ResourceRegistryStandardImpl [ResourceRegistryStandardImpl.java:187] Closing prepared statement [HikariProxyPreparedStatement@1415313859 wrapping com.mysql.cj.jdbc.ClientPreparedStatement: insert into candidate_states (role_id,status_code,status_color,status_description,status_label) values (** NOT SPECIFIED **,** NOT SPECIFIED **,** NOT SPECIFIED **,** NOT SPECIFIED **,** NOT SPECIFIED **)]
2023-11-24 12:36:49,201 DEBUG o.h.r.j.i.ResourceRegistryStandardImpl [ResourceRegistryStandardImpl.java:203] Exception clearing maxRows/queryTimeout [No operations allowed after statement closed.]
2023-11-24 12:36:49,202 DEBUG o.h.e.t.i.TransactionImpl [TransactionImpl.java:98] committing
2023-11-24 12:36:49,202 TRACE o.h.r.t.b.j.i.JdbcResourceLocalTransactionCoordinatorImpl [JdbcResourceLocalTransactionCoordinatorImpl.java:167] ResourceLocalTransactionCoordinatorImpl#beforeCompletionCallback
2023-11-24 12:36:49,202 TRACE o.h.i.SessionImpl [SessionImpl.java:1965] SessionImpl#beforeTransactionCompletion()
2023-11-24 12:36:49,202 TRACE o.h.i.SessionImpl [SessionImpl.java:484] Automatically flushing session
2023-11-24 12:36:49,202 TRACE o.h.e.i.AbstractFlushingEventListener [AbstractFlushingEventListener.java:72] Flushing session
2023-11-24 12:36:49,202 DEBUG o.h.e.i.AbstractFlushingEventListener [AbstractFlushingEventListener.java:136] Processing flush-time cascades
2023-11-24 12:36:49,202 TRACE o.h.e.i.Cascade [Cascade.java:87] Processing cascade ACTION_PERSIST_ON_FLUSH for: franco.maurizio.hr.desk.com.persistence.entity.CandidateStates
2023-11-24 12:36:49,202 TRACE o.h.e.i.Cascade [Cascade.java:200] Done processing cascade ACTION_PERSIST_ON_FLUSH for: franco.maurizio.hr.desk.com.persistence.entity.CandidateStates
2023-11-24 12:36:49,202 DEBUG o.h.e.i.AbstractFlushingEventListener [AbstractFlushingEventListener.java:185] Dirty checking collections
2023-11-24 12:36:49,203 TRACE o.h.e.i.AbstractFlushingEventListener [AbstractFlushingEventListener.java:197] Flushing entities and processing referenced collections
2023-11-24 12:36:49,203 TRACE o.h.e.i.AbstractFlushingEventListener [AbstractFlushingEventListener.java:264] Processing unreferenced collections
2023-11-24 12:36:49,203 TRACE o.h.e.i.AbstractFlushingEventListener [AbstractFlushingEventListener.java:277] Scheduling collection removes/(re)creates/updates
2023-11-24 12:36:49,203 DEBUG o.h.e.i.AbstractFlushingEventListener [AbstractFlushingEventListener.java:110] Flushed: 0 insertions, 0 updates, 0 deletions to 1 objects
2023-11-24 12:36:49,203 DEBUG o.h.e.i.AbstractFlushingEventListener [AbstractFlushingEventListener.java:117] Flushed: 0 (re)creations, 0 updates, 0 removals to 0 collections
2023-11-24 12:36:49,203 DEBUG o.h.i.u.EntityPrinter [EntityPrinter.java:111] Listing entities:
2023-11-24 12:36:49,203 DEBUG o.h.i.u.EntityPrinter [EntityPrinter.java:118] franco.maurizio.hr.desk.com.persistence.entity.CandidateStates{statusDescription=a status description, statusColor=#FF0000, roleId=188, id=78, statusLabel=a status label, statusCode=100}
2023-11-24 12:36:49,203 TRACE o.h.e.i.AbstractFlushingEventListener [AbstractFlushingEventListener.java:349] Executing flush
2023-11-24 12:36:49,203 TRACE o.h.e.j.i.JdbcCoordinatorImpl [JdbcCoordinatorImpl.java:270] Starting after statement execution processing [ON_CLOSE]
2023-11-24 12:36:49,203 TRACE o.h.e.i.AbstractFlushingEventListener [AbstractFlushingEventListener.java:384] Post flush
2023-11-24 12:36:49,203 TRACE o.h.r.j.i.AbstractLogicalConnectionImplementor [AbstractLogicalConnectionImplementor.java:53] LogicalConnection#beforeTransactionCompletion
2023-11-24 12:36:49,203 TRACE o.h.r.t.i.SynchronizationRegistryStandardImpl [SynchronizationRegistryStandardImpl.java:55] SynchronizationRegistryStandardImpl.notifySynchronizationsBeforeTransactionCompletion
2023-11-24 12:36:49,204 TRACE o.h.r.j.i.AbstractLogicalConnectionImplementor [AbstractLogicalConnectionImplementor.java:85] Preparing to commit transaction via JDBC Connection.commit()
2023-11-24 12:36:49,204 TRACE o.h.r.j.i.AbstractLogicalConnectionImplementor [AbstractLogicalConnectionImplementor.java:88] Transaction committed via JDBC Connection.commit()
2023-11-24 12:36:49,204 TRACE o.h.r.j.i.AbstractLogicalConnectionImplementor [AbstractLogicalConnectionImplementor.java:105] re-enabling auto-commit on JDBC Connection after completion of JDBC-based transaction
2023-11-24 12:36:49,205 TRACE o.h.r.j.i.AbstractLogicalConnectionImplementor [AbstractLogicalConnectionImplementor.java:58] LogicalConnection#afterTransaction
2023-11-24 12:36:49,205 TRACE o.h.r.j.i.ResourceRegistryStandardImpl [ResourceRegistryStandardImpl.java:329] Releasing JDBC resources
2023-11-24 12:36:49,205 TRACE o.h.r.t.b.j.i.JdbcResourceLocalTransactionCoordinatorImpl [JdbcResourceLocalTransactionCoordinatorImpl.java:185] ResourceLocalTransactionCoordinatorImpl#afterCompletionCallback(true)
2023-11-24 12:36:49,205 TRACE o.h.r.t.i.SynchronizationRegistryStandardImpl [DelegatingBasicLogger.java:158] SynchronizationRegistryStandardImpl.notifySynchronizationsAfterTransactionCompletion(3)
2023-11-24 12:36:49,205 TRACE o.h.i.SessionImpl [SessionImpl.java:1980] SessionImpl#afterTransactionCompletion(successful=true, delayed=false)
2023-11-24 12:36:49,205 TRACE o.h.i.SessionImpl [SessionImpl.java:402] Closing session [7ee9cf2d-8901-4b29-8f52-ace2deedabcc]
2023-11-24 12:36:49,205 TRACE o.h.e.j.i.JdbcCoordinatorImpl [JdbcCoordinatorImpl.java:152] Closing JDBC container [org.hibernate.engine.jdbc.internal.JdbcCoordinatorImpl@5277515c]
2023-11-24 12:36:49,205 TRACE o.h.r.j.i.ResourceRegistryStandardImpl [ResourceRegistryStandardImpl.java:329] Releasing JDBC resources
2023-11-24 12:36:49,205 TRACE o.h.r.j.i.LogicalConnectionManagedImpl [LogicalConnectionManagedImpl.java:256] Closing logical connection
2023-11-24 12:36:49,205 TRACE o.h.r.j.i.ResourceRegistryStandardImpl [ResourceRegistryStandardImpl.java:329] Releasing JDBC resources
2023-11-24 12:36:49,206 TRACE o.h.r.j.i.LogicalConnectionManagedImpl [LogicalConnectionManagedImpl.java:263] Logical connection closed
2023-11-24 12:36:49,206 DEBUG f.m.h.d.c.i.c.AbstractIntegrationTests [AbstractIntegrationTests.java:128] getFakeCandidateState - END - candidate state inserted: CandidateStates [id=78, roleId=188, statusCode=100, statusLabel=a status label, statusDescription=a status description, statusColor=#FF0000] 
2023-11-24 12:36:49,206 DEBUG f.m.h.d.c.i.c.AbstractIntegrationTests [AbstractIntegrationTests.java:142] getFakeCandidate - DEBUG - candidateStatusCode: 100
2023-11-24 12:36:49,206 INFO f.m.h.d.c.s.CandidateService [CandidateService.java:130] insert() - START - with given candidate Candidate [id=null, domicileCity=null, studyQualification=null, graduate=null, highGraduate=null, stillHighStudy=null, mobile=null, cvExternalPath=null, courseCode=Code_373, candidacyDateTime=2023-11-24T12:36:49.206407847, label=null, candidateStatusCode=100, email=test@email.com, firstname=Test_Firstname, lastname=Test_Lasstname, dateOfBirth=null, regdate=2023-11-24T12:36:49.206397246, imgpath=null, technicalNote=null, hrNote=null, insertedBy=163]
2023-11-24 12:36:49,214 TRACE o.h.i.SessionFactoryImpl$SessionBuilderImpl [SessionFactoryImpl.java:1298] Opening Hibernate Session.  tenant=null
2023-11-24 12:36:49,214 TRACE o.h.i.SessionImpl [SessionImpl.java:262] Opened Session [b0d0fc2e-c635-4f5c-bbb7-52ff998872cc] at timestamp: 1700825809214
2023-11-24 12:36:49,214 DEBUG o.h.e.t.i.TransactionImpl [TransactionImpl.java:53] On TransactionImpl creation, JpaCompliance#isJpaTransactionComplianceEnabled == false
2023-11-24 12:36:49,214 DEBUG o.h.e.t.i.TransactionImpl [TransactionImpl.java:81] begin
2023-11-24 12:36:49,214 TRACE o.h.r.j.i.AbstractLogicalConnectionImplementor [AbstractLogicalConnectionImplementor.java:71] Preparing to begin transaction via JDBC Connection.setAutoCommit(false)
2023-11-24 12:36:49,215 TRACE o.h.r.j.i.AbstractLogicalConnectionImplementor [AbstractLogicalConnectionImplementor.java:73] Transaction begun via JDBC Connection.setAutoCommit(false)
2023-11-24 12:36:49,215 TRACE o.h.r.t.b.j.i.JdbcResourceLocalTransactionCoordinatorImpl [JdbcResourceLocalTransactionCoordinatorImpl.java:163] ResourceLocalTransactionCoordinatorImpl#afterBeginCallback
2023-11-24 12:36:49,215 DEBUG o.h.j.i.PersistenceUnitUtilImpl [PersistenceUnitUtilImpl.java:89] jakarta.persistence.PersistenceUnitUtil.getIdentifier is only intended to work with enhanced entities (although Hibernate also adapts this support to its proxies); however the passed entity was not enhanced (nor a proxy).. may not be able to read identifier
2023-11-24 12:36:49,215 TRACE o.h.e.i.EntityState [EntityState.java:64] Transient instance of: franco.maurizio.hr.desk.com.persistence.entity.Candidate
2023-11-24 12:36:49,215 TRACE o.h.e.i.DefaultPersistEventListener [DefaultPersistEventListener.java:171] Saving transient instance
2023-11-24 12:36:49,215 TRACE o.h.e.i.AbstractSaveEventListener [AbstractSaveEventListener.java:172] Saving [franco.maurizio.hr.desk.com.persistence.entity.Candidate#<null>]
2023-11-24 12:36:49,215 TRACE o.h.e.s.ActionQueue [ActionQueue.java:321] Adding an EntityIdentityInsertAction for [franco.maurizio.hr.desk.com.persistence.entity.Candidate] object
2023-11-24 12:36:49,216 TRACE o.h.e.s.ActionQueue [ActionQueue.java:266] Executing inserts before finding non-nullable transient entities for early insert: [EntityIdentityInsertAction[franco.maurizio.hr.desk.com.persistence.entity.Candidate#<null>]]
2023-11-24 12:36:49,216 TRACE o.h.e.s.ActionQueue [ActionQueue.java:271] Adding insert with no non-nullable, transient entities: [EntityIdentityInsertAction[franco.maurizio.hr.desk.com.persistence.entity.Candidate#<null>]]
2023-11-24 12:36:49,216 TRACE o.h.e.s.ActionQueue [ActionQueue.java:288] Executing insertions before resolved early-insert
2023-11-24 12:36:49,216 DEBUG o.h.e.s.ActionQueue [ActionQueue.java:290] Executing identity-insert immediately
2023-11-24 12:36:49,216 TRACE o.h.v.i.e.c.SimpleConstraintTree [SimpleConstraintTree.java:53] Validating against constraint defined by ConstraintDescriptorImpl{annotation=o.h.v.c.Length, payloads=[], hasComposingConstraints=true, isReportAsSingleInvalidConstraint=false, constraintLocationKind=FIELD, definedOn=DEFINED_LOCALLY, groups=[interface jakarta.validation.groups.Default], attributes={groups=[Ljava.lang.Class;@51ba1ff0, min=0, message=error.candidate.cv_external_path.length, payload=[Ljava.lang.Class;@a54e9b0, max=1000}, constraintType=GENERIC, valueUnwrapping=DEFAULT}.
2023-11-24 12:36:49,216 TRACE o.h.v.i.e.c.SimpleConstraintTree [SimpleConstraintTree.java:53] Validating against constraint defined by ConstraintDescriptorImpl{annotation=o.h.v.c.Length, payloads=[], hasComposingConstraints=true, isReportAsSingleInvalidConstraint=false, constraintLocationKind=FIELD, definedOn=DEFINED_LOCALLY, groups=[interface jakarta.validation.groups.Default], attributes={groups=[Ljava.lang.Class;@51ba1ff0, min=0, message={org.hibernate.validator.constraints.Length.message}, payload=[Ljava.lang.Class;@a54e9b0, max=100}, constraintType=GENERIC, valueUnwrapping=DEFAULT}.
2023-11-24 12:36:49,216 TRACE o.h.v.i.e.c.SimpleConstraintTree [SimpleConstraintTree.java:53] Validating against constraint defined by ConstraintDescriptorImpl{annotation=j.v.c.NotEmpty, payloads=[], hasComposingConstraints=true, isReportAsSingleInvalidConstraint=false, constraintLocationKind=FIELD, definedOn=DEFINED_LOCALLY, groups=[interface jakarta.validation.groups.Default], attributes={groups=[Ljava.lang.Class;@3afc292e, message=error.user.email.empty, payload=[Ljava.lang.Class;@17fa4bad}, constraintType=GENERIC, valueUnwrapping=DEFAULT}.
2023-11-24 12:36:49,217 TRACE o.h.v.i.e.c.ConstraintValidatorManagerImpl [ConstraintValidatorManagerImpl.java:121] Constraint validator org.hibernate.validator.internal.constraintvalidators.bv.notempty.NotEmptyValidatorForCharSequence@3c6999af found in cache.
2023-11-24 12:36:49,217 TRACE o.h.v.i.e.c.SimpleConstraintTree [SimpleConstraintTree.java:53] Validating against constraint defined by ConstraintDescriptorImpl{annotation=o.h.v.c.Length, payloads=[], hasComposingConstraints=true, isReportAsSingleInvalidConstraint=false, constraintLocationKind=FIELD, definedOn=DEFINED_LOCALLY, groups=[interface jakarta.validation.groups.Default], attributes={groups=[Ljava.lang.Class;@51ba1ff0, min=0, message=error.candidate.mobile.length, payload=[Ljava.lang.Class;@a54e9b0, max=20}, constraintType=GENERIC, valueUnwrapping=DEFAULT}.
2023-11-24 12:36:49,217 TRACE o.h.v.i.e.c.SimpleConstraintTree [SimpleConstraintTree.java:53] Validating against constraint defined by ConstraintDescriptorImpl{annotation=j.v.c.NotNull, payloads=[], hasComposingConstraints=true, isReportAsSingleInvalidConstraint=false, constraintLocationKind=FIELD, definedOn=DEFINED_LOCALLY, groups=[interface jakarta.validation.groups.Default], attributes={groups=[Ljava.lang.Class;@694b7383, message=error.user.firstname.empty, payload=[Ljava.lang.Class;@55de4314}, constraintType=GENERIC, valueUnwrapping=DEFAULT}.
2023-11-24 12:36:49,217 TRACE o.h.v.i.e.c.ConstraintValidatorManagerImpl [ConstraintValidatorManagerImpl.java:121] Constraint validator org.hibernate.validator.internal.constraintvalidators.bv.NotNullValidator@13df2549 found in cache.
2023-11-24 12:36:49,217 TRACE o.h.v.i.e.c.SimpleConstraintTree [SimpleConstraintTree.java:53] Validating against constraint defined by ConstraintDescriptorImpl{annotation=j.v.c.NotNull, payloads=[], hasComposingConstraints=true, isReportAsSingleInvalidConstraint=false, constraintLocationKind=FIELD, definedOn=DEFINED_LOCALLY, groups=[interface jakarta.validation.groups.Default], attributes={groups=[Ljava.lang.Class;@694b7383, message=error.candidate.candidateStatusCode.empty, payload=[Ljava.lang.Class;@55de4314}, constraintType=GENERIC, valueUnwrapping=DEFAULT}.
2023-11-24 12:36:49,218 TRACE o.h.v.i.e.c.SimpleConstraintTree [SimpleConstraintTree.java:53] Validating against constraint defined by ConstraintDescriptorImpl{annotation=o.h.v.c.Length, payloads=[], hasComposingConstraints=true, isReportAsSingleInvalidConstraint=false, constraintLocationKind=FIELD, definedOn=DEFINED_LOCALLY, groups=[interface jakarta.validation.groups.Default], attributes={groups=[Ljava.lang.Class;@51ba1ff0, min=0, message=error.candidate.domicile_city.length, payload=[Ljava.lang.Class;@a54e9b0, max=100}, constraintType=GENERIC, valueUnwrapping=DEFAULT}.
2023-11-24 12:36:49,218 TRACE o.h.v.i.e.c.SimpleConstraintTree [SimpleConstraintTree.java:53] Validating against constraint defined by ConstraintDescriptorImpl{annotation=j.v.c.NotNull, payloads=[], hasComposingConstraints=true, isReportAsSingleInvalidConstraint=false, constraintLocationKind=FIELD, definedOn=DEFINED_LOCALLY, groups=[interface jakarta.validation.groups.Default], attributes={groups=[Ljava.lang.Class;@694b7383, message=?error.user.email.empty, payload=[Ljava.lang.Class;@55de4314}, constraintType=GENERIC, valueUnwrapping=DEFAULT}.
2023-11-24 12:36:49,218 TRACE o.h.v.i.e.c.SimpleConstraintTree [SimpleConstraintTree.java:53] Validating against constraint defined by ConstraintDescriptorImpl{annotation=j.v.c.NotNull, payloads=[], hasComposingConstraints=true, isReportAsSingleInvalidConstraint=false, constraintLocationKind=FIELD, definedOn=DEFINED_LOCALLY, groups=[interface jakarta.validation.groups.Default], attributes={groups=[Ljava.lang.Class;@694b7383, message=error.????.coursecode.empty, payload=[Ljava.lang.Class;@55de4314}, constraintType=GENERIC, valueUnwrapping=DEFAULT}.
2023-11-24 12:36:49,219 TRACE o.h.v.i.e.c.SimpleConstraintTree [SimpleConstraintTree.java:53] Validating against constraint defined by ConstraintDescriptorImpl{annotation=o.h.v.c.Length, payloads=[], hasComposingConstraints=true, isReportAsSingleInvalidConstraint=false, constraintLocationKind=FIELD, definedOn=DEFINED_LOCALLY, groups=[interface jakarta.validation.groups.Default], attributes={groups=[Ljava.lang.Class;@51ba1ff0, min=0, message={org.hibernate.validator.constraints.Length.message}, payload=[Ljava.lang.Class;@a54e9b0, max=100}, constraintType=GENERIC, valueUnwrapping=DEFAULT}.
2023-11-24 12:36:49,219 TRACE o.h.v.i.e.c.ConstraintValidatorManagerImpl [ConstraintValidatorManagerImpl.java:121] Constraint validator org.hibernate.validator.internal.constraintvalidators.hv.LengthValidator@630b627c found in cache.
2023-11-24 12:36:49,219 TRACE o.h.v.i.e.c.SimpleConstraintTree [SimpleConstraintTree.java:53] Validating against constraint defined by ConstraintDescriptorImpl{annotation=j.v.c.NotNull, payloads=[], hasComposingConstraints=true, isReportAsSingleInvalidConstraint=false, constraintLocationKind=FIELD, definedOn=DEFINED_LOCALLY, groups=[interface jakarta.validation.groups.Default], attributes={groups=[Ljava.lang.Class;@694b7383, message=error.???.candidacy.date.time.notnull, payload=[Ljava.lang.Class;@55de4314}, constraintType=GENERIC, valueUnwrapping=DEFAULT}.
2023-11-24 12:36:49,219 TRACE o.h.v.i.e.c.SimpleConstraintTree [SimpleConstraintTree.java:53] Validating against constraint defined by ConstraintDescriptorImpl{annotation=j.v.c.NotNull, payloads=[], hasComposingConstraints=true, isReportAsSingleInvalidConstraint=false, constraintLocationKind=FIELD, definedOn=DEFINED_LOCALLY, groups=[interface jakarta.validation.groups.Default], attributes={groups=[Ljava.lang.Class;@694b7383, message=error.user.lastname.empty, payload=[Ljava.lang.Class;@55de4314}, constraintType=GENERIC, valueUnwrapping=DEFAULT}.
2023-11-24 12:36:49,220 TRACE o.h.v.i.e.c.ConstraintValidatorManagerImpl [ConstraintValidatorManagerImpl.java:121] Constraint validator org.hibernate.validator.internal.constraintvalidators.bv.NotNullValidator@a3254c1 found in cache.
2023-11-24 12:36:49,220 TRACE o.h.v.i.e.c.SimpleConstraintTree [SimpleConstraintTree.java:53] Validating against constraint defined by ConstraintDescriptorImpl{annotation=o.h.v.c.Length, payloads=[], hasComposingConstraints=true, isReportAsSingleInvalidConstraint=false, constraintLocationKind=FIELD, definedOn=DEFINED_LOCALLY, groups=[interface jakarta.validation.groups.Default], attributes={groups=[Ljava.lang.Class;@51ba1ff0, min=0, message=error.candidate.study_qualification.length, payload=[Ljava.lang.Class;@a54e9b0, max=300}, constraintType=GENERIC, valueUnwrapping=DEFAULT}.
2023-11-24 12:36:49,220 DEBUG o.h.SQL [SqlStatementLogger.java:133] insert into candidates (candidacy_date_time,candidate_state_code,course_code,cv_external_path,dateofbirth,domicile_city,email,firstname,graduate,high_graduate,hr_note,imgpath,inserted_by,label,lastname,mobile,regdate,still_high_study,study_qualification,technical_note) values (?,?,?,?,?,?,?,?,?,?,?,?,?,?,?,?,?,?,?,?)
Hibernate: insert into candidates (candidacy_date_time,candidate_state_code,course_code,cv_external_path,dateofbirth,domicile_city,email,firstname,graduate,high_graduate,hr_note,imgpath,inserted_by,label,lastname,mobile,regdate,still_high_study,study_qualification,technical_note) values (?,?,?,?,?,?,?,?,?,?,?,?,?,?,?,?,?,?,?,?)
2023-11-24 12:36:49,221 TRACE o.h.r.j.i.ResourceRegistryStandardImpl [ResourceRegistryStandardImpl.java:82] Registering statement [HikariProxyPreparedStatement@2103859396 wrapping com.mysql.cj.jdbc.ClientPreparedStatement: insert into candidates (candidacy_date_time,candidate_state_code,course_code,cv_external_path,dateofbirth,domicile_city,email,firstname,graduate,high_graduate,hr_note,imgpath,inserted_by,label,lastname,mobile,regdate,still_high_study,study_qualification,technical_note) values (** NOT SPECIFIED **,** NOT SPECIFIED **,** NOT SPECIFIED **,** NOT SPECIFIED **,** NOT SPECIFIED **,** NOT SPECIFIED **,** NOT SPECIFIED **,** NOT SPECIFIED **,** NOT SPECIFIED **,** NOT SPECIFIED **,** NOT SPECIFIED **,** NOT SPECIFIED **,** NOT SPECIFIED **,** NOT SPECIFIED **,** NOT SPECIFIED **,** NOT SPECIFIED **,** NOT SPECIFIED **,** NOT SPECIFIED **,** NOT SPECIFIED **,** NOT SPECIFIED **)]
2023-11-24 12:36:49,221 TRACE o.h.r.j.i.ResourceRegistryStandardImpl [ResourceRegistryStandardImpl.java:221] Registering result set [null]
2023-11-24 12:36:49,221 TRACE o.h.o.j.bind [JdbcBindingLogging.java:25] binding parameter [1] as [TIMESTAMP] - [2023-11-24T12:36:49.206407847]
2023-11-24 12:36:49,221 TRACE o.h.o.j.bind [JdbcBindingLogging.java:25] binding parameter [2] as [BIGINT] - [100]
2023-11-24 12:36:49,221 TRACE o.h.o.j.bind [JdbcBindingLogging.java:25] binding parameter [3] as [VARCHAR] - [Code_373]
2023-11-24 12:36:49,222 TRACE o.h.o.j.bind [JdbcBindingLogging.java:36] binding parameter [4] as [VARCHAR] - [null]
2023-11-24 12:36:49,222 TRACE o.h.o.j.bind [JdbcBindingLogging.java:36] binding parameter [5] as [DATE] - [null]
2023-11-24 12:36:49,222 TRACE o.h.o.j.bind [JdbcBindingLogging.java:36] binding parameter [6] as [VARCHAR] - [null]
2023-11-24 12:36:49,222 TRACE o.h.o.j.bind [JdbcBindingLogging.java:25] binding parameter [7] as [VARCHAR] - [test@email.com]
2023-11-24 12:36:49,222 TRACE o.h.o.j.bind [JdbcBindingLogging.java:25] binding parameter [8] as [VARCHAR] - [Test_Firstname]
2023-11-24 12:36:49,222 TRACE o.h.o.j.bind [JdbcBindingLogging.java:36] binding parameter [9] as [BOOLEAN] - [null]
2023-11-24 12:36:49,222 TRACE o.h.o.j.bind [JdbcBindingLogging.java:36] binding parameter [10] as [BOOLEAN] - [null]
2023-11-24 12:36:49,222 TRACE o.h.o.j.bind [JdbcBindingLogging.java:36] binding parameter [11] as [VARCHAR] - [null]
2023-11-24 12:36:49,222 TRACE o.h.o.j.bind [JdbcBindingLogging.java:36] binding parameter [12] as [VARCHAR] - [null]
2023-11-24 12:36:49,223 TRACE o.h.o.j.bind [JdbcBindingLogging.java:25] binding parameter [13] as [BIGINT] - [163]
2023-11-24 12:36:49,223 TRACE o.h.o.j.bind [JdbcBindingLogging.java:36] binding parameter [14] as [VARCHAR] - [null]
2023-11-24 12:36:49,223 TRACE o.h.o.j.bind [JdbcBindingLogging.java:25] binding parameter [15] as [VARCHAR] - [Test_Lasstname]
2023-11-24 12:36:49,223 TRACE o.h.o.j.bind [JdbcBindingLogging.java:36] binding parameter [16] as [VARCHAR] - [null]
2023-11-24 12:36:49,223 TRACE o.h.o.j.bind [JdbcBindingLogging.java:25] binding parameter [17] as [TIMESTAMP] - [2023-11-24T12:36:49.206397246]
2023-11-24 12:36:49,223 TRACE o.h.o.j.bind [JdbcBindingLogging.java:36] binding parameter [18] as [BOOLEAN] - [null]
2023-11-24 12:36:49,223 TRACE o.h.o.j.bind [JdbcBindingLogging.java:36] binding parameter [19] as [VARCHAR] - [null]
2023-11-24 12:36:49,223 TRACE o.h.o.j.bind [JdbcBindingLogging.java:36] binding parameter [20] as [VARCHAR] - [null]
2023-11-24 12:36:49,224 TRACE o.h.o.j.extract [JdbcExtractingLogging.java:24] extracted value ([1] : [BIGINT]) - [53]
2023-11-24 12:36:49,225 DEBUG o.h.i.IdentifierGeneratorHelper [IdentifierGeneratorHelper.java:84] Natively generated identity (franco.maurizio.hr.desk.com.persistence.entity.Candidate) : 53
2023-11-24 12:36:49,225 TRACE o.h.r.j.i.ResourceRegistryStandardImpl [ResourceRegistryStandardImpl.java:117] Releasing result set [HikariProxyResultSet@393858892 wrapping com.mysql.cj.jdbc.result.ResultSetImpl@2f59475d]
2023-11-24 12:36:49,225 TRACE o.h.r.j.i.ResourceRegistryStandardImpl [ResourceRegistryStandardImpl.java:169] Closing result set [HikariProxyResultSet@393858892 wrapping com.mysql.cj.jdbc.result.ResultSetImpl@2f59475d]
2023-11-24 12:36:49,225 TRACE o.h.r.j.i.ResourceRegistryStandardImpl [ResourceRegistryStandardImpl.java:96] Releasing statement [HikariProxyPreparedStatement@2103859396 wrapping com.mysql.cj.jdbc.ClientPreparedStatement: insert into candidates (candidacy_date_time,candidate_state_code,course_code,cv_external_path,dateofbirth,domicile_city,email,firstname,graduate,high_graduate,hr_note,imgpath,inserted_by,label,lastname,mobile,regdate,still_high_study,study_qualification,technical_note) values ('2023-11-24 11:36:49',100,'Code_373',null,null,null,'test@email.com','Test_Firstname',null,null,null,null,163,null,'Test_Lasstname',null,'2023-11-24 11:36:49',null,null,null)]
2023-11-24 12:36:49,225 TRACE o.h.r.j.i.ResourceRegistryStandardImpl [ResourceRegistryStandardImpl.java:169] Closing result set [null]
2023-11-24 12:36:49,225 TRACE o.h.r.j.i.ResourceRegistryStandardImpl [ResourceRegistryStandardImpl.java:187] Closing prepared statement [HikariProxyPreparedStatement@2103859396 wrapping com.mysql.cj.jdbc.ClientPreparedStatement: insert into candidates (candidacy_date_time,candidate_state_code,course_code,cv_external_path,dateofbirth,domicile_city,email,firstname,graduate,high_graduate,hr_note,imgpath,inserted_by,label,lastname,mobile,regdate,still_high_study,study_qualification,technical_note) values ('2023-11-24 11:36:49',100,'Code_373',null,null,null,'test@email.com','Test_Firstname',null,null,null,null,163,null,'Test_Lasstname',null,'2023-11-24 11:36:49',null,null,null)]
2023-11-24 12:36:49,226 TRACE o.h.o.j.mutation [MutationExecutorPostInsertSingleTable.java:103] Post-insert generated value : `53` (franco.maurizio.hr.desk.com.persistence.entity.Candidate)
2023-11-24 12:36:49,226 TRACE o.h.r.j.i.ResourceRegistryStandardImpl [ResourceRegistryStandardImpl.java:96] Releasing statement [HikariProxyPreparedStatement@2103859396 wrapping com.mysql.cj.jdbc.ClientPreparedStatement: insert into candidates (candidacy_date_time,candidate_state_code,course_code,cv_external_path,dateofbirth,domicile_city,email,firstname,graduate,high_graduate,hr_note,imgpath,inserted_by,label,lastname,mobile,regdate,still_high_study,study_qualification,technical_note) values (** NOT SPECIFIED **,** NOT SPECIFIED **,** NOT SPECIFIED **,** NOT SPECIFIED **,** NOT SPECIFIED **,** NOT SPECIFIED **,** NOT SPECIFIED **,** NOT SPECIFIED **,** NOT SPECIFIED **,** NOT SPECIFIED **,** NOT SPECIFIED **,** NOT SPECIFIED **,** NOT SPECIFIED **,** NOT SPECIFIED **,** NOT SPECIFIED **,** NOT SPECIFIED **,** NOT SPECIFIED **,** NOT SPECIFIED **,** NOT SPECIFIED **,** NOT SPECIFIED **)]
2023-11-24 12:36:49,226 DEBUG o.h.r.j.i.ResourceRegistryStandardImpl [ResourceRegistryStandardImpl.java:105] HHH000387: ResultSet's statement was not registered
2023-11-24 12:36:49,226 TRACE o.h.r.j.i.ResourceRegistryStandardImpl [ResourceRegistryStandardImpl.java:187] Closing prepared statement [HikariProxyPreparedStatement@2103859396 wrapping com.mysql.cj.jdbc.ClientPreparedStatement: insert into candidates (candidacy_date_time,candidate_state_code,course_code,cv_external_path,dateofbirth,domicile_city,email,firstname,graduate,high_graduate,hr_note,imgpath,inserted_by,label,lastname,mobile,regdate,still_high_study,study_qualification,technical_note) values (** NOT SPECIFIED **,** NOT SPECIFIED **,** NOT SPECIFIED **,** NOT SPECIFIED **,** NOT SPECIFIED **,** NOT SPECIFIED **,** NOT SPECIFIED **,** NOT SPECIFIED **,** NOT SPECIFIED **,** NOT SPECIFIED **,** NOT SPECIFIED **,** NOT SPECIFIED **,** NOT SPECIFIED **,** NOT SPECIFIED **,** NOT SPECIFIED **,** NOT SPECIFIED **,** NOT SPECIFIED **,** NOT SPECIFIED **,** NOT SPECIFIED **,** NOT SPECIFIED **)]
2023-11-24 12:36:49,227 DEBUG o.h.r.j.i.ResourceRegistryStandardImpl [ResourceRegistryStandardImpl.java:203] Exception clearing maxRows/queryTimeout [No operations allowed after statement closed.]
2023-11-24 12:36:49,227 DEBUG o.h.e.t.i.TransactionImpl [TransactionImpl.java:98] committing
2023-11-24 12:36:49,228 TRACE o.h.r.t.b.j.i.JdbcResourceLocalTransactionCoordinatorImpl [JdbcResourceLocalTransactionCoordinatorImpl.java:167] ResourceLocalTransactionCoordinatorImpl#beforeCompletionCallback
2023-11-24 12:36:49,228 TRACE o.h.i.SessionImpl [SessionImpl.java:1965] SessionImpl#beforeTransactionCompletion()
2023-11-24 12:36:49,228 TRACE o.h.i.SessionImpl [SessionImpl.java:484] Automatically flushing session
2023-11-24 12:36:49,228 TRACE o.h.e.i.AbstractFlushingEventListener [AbstractFlushingEventListener.java:72] Flushing session
2023-11-24 12:36:49,228 DEBUG o.h.e.i.AbstractFlushingEventListener [AbstractFlushingEventListener.java:136] Processing flush-time cascades
2023-11-24 12:36:49,228 TRACE o.h.e.i.Cascade [Cascade.java:87] Processing cascade ACTION_PERSIST_ON_FLUSH for: franco.maurizio.hr.desk.com.persistence.entity.Candidate
2023-11-24 12:36:49,228 TRACE o.h.e.i.Cascade [Cascade.java:200] Done processing cascade ACTION_PERSIST_ON_FLUSH for: franco.maurizio.hr.desk.com.persistence.entity.Candidate
2023-11-24 12:36:49,228 DEBUG o.h.e.i.AbstractFlushingEventListener [AbstractFlushingEventListener.java:185] Dirty checking collections
2023-11-24 12:36:49,228 TRACE o.h.e.i.AbstractFlushingEventListener [AbstractFlushingEventListener.java:197] Flushing entities and processing referenced collections
2023-11-24 12:36:49,229 TRACE o.h.e.i.AbstractFlushingEventListener [AbstractFlushingEventListener.java:264] Processing unreferenced collections
2023-11-24 12:36:49,229 TRACE o.h.e.i.AbstractFlushingEventListener [AbstractFlushingEventListener.java:277] Scheduling collection removes/(re)creates/updates
2023-11-24 12:36:49,229 DEBUG o.h.e.i.AbstractFlushingEventListener [AbstractFlushingEventListener.java:110] Flushed: 0 insertions, 0 updates, 0 deletions to 1 objects
2023-11-24 12:36:49,229 DEBUG o.h.e.i.AbstractFlushingEventListener [AbstractFlushingEventListener.java:117] Flushed: 0 (re)creations, 0 updates, 0 removals to 0 collections
2023-11-24 12:36:49,229 DEBUG o.h.i.u.EntityPrinter [EntityPrinter.java:111] Listing entities:
2023-11-24 12:36:49,229 DEBUG o.h.i.u.EntityPrinter [EntityPrinter.java:118] franco.maurizio.hr.desk.com.persistence.entity.Candidate{firstname=Test_Firstname, highGraduate=null, imgpath=null, courseCode=Code_373, mobile=null, candidateStateCode=100, dateOfBirth=null, technicalNote=null, label=null, stillHighStudy=null, lastname=Test_Lasstname, insertedBy=163, domicileCity=null, cvExternalPath=null, studyQualification=null, graduate=null, regdate=2023-11-24T12:36:49.206397246, id=53, candidacyDateTime=2023-11-24T12:36:49.206407847, email=test@email.com, hrNote=null}
2023-11-24 12:36:49,230 TRACE o.h.e.i.AbstractFlushingEventListener [AbstractFlushingEventListener.java:349] Executing flush
2023-11-24 12:36:49,230 TRACE o.h.e.j.i.JdbcCoordinatorImpl [JdbcCoordinatorImpl.java:270] Starting after statement execution processing [ON_CLOSE]
2023-11-24 12:36:49,230 TRACE o.h.e.i.AbstractFlushingEventListener [AbstractFlushingEventListener.java:384] Post flush
2023-11-24 12:36:49,230 TRACE o.h.r.j.i.AbstractLogicalConnectionImplementor [AbstractLogicalConnectionImplementor.java:53] LogicalConnection#beforeTransactionCompletion
2023-11-24 12:36:49,230 TRACE o.h.r.t.i.SynchronizationRegistryStandardImpl [SynchronizationRegistryStandardImpl.java:55] SynchronizationRegistryStandardImpl.notifySynchronizationsBeforeTransactionCompletion
2023-11-24 12:36:49,230 TRACE o.h.r.j.i.AbstractLogicalConnectionImplementor [AbstractLogicalConnectionImplementor.java:85] Preparing to commit transaction via JDBC Connection.commit()
2023-11-24 12:36:49,231 TRACE o.h.r.j.i.AbstractLogicalConnectionImplementor [AbstractLogicalConnectionImplementor.java:88] Transaction committed via JDBC Connection.commit()
2023-11-24 12:36:49,231 TRACE o.h.r.j.i.AbstractLogicalConnectionImplementor [AbstractLogicalConnectionImplementor.java:105] re-enabling auto-commit on JDBC Connection after completion of JDBC-based transaction
2023-11-24 12:36:49,231 TRACE o.h.r.j.i.AbstractLogicalConnectionImplementor [AbstractLogicalConnectionImplementor.java:58] LogicalConnection#afterTransaction
2023-11-24 12:36:49,231 TRACE o.h.r.j.i.ResourceRegistryStandardImpl [ResourceRegistryStandardImpl.java:329] Releasing JDBC resources
2023-11-24 12:36:49,232 TRACE o.h.r.t.b.j.i.JdbcResourceLocalTransactionCoordinatorImpl [JdbcResourceLocalTransactionCoordinatorImpl.java:185] ResourceLocalTransactionCoordinatorImpl#afterCompletionCallback(true)
2023-11-24 12:36:49,232 TRACE o.h.r.t.i.SynchronizationRegistryStandardImpl [DelegatingBasicLogger.java:158] SynchronizationRegistryStandardImpl.notifySynchronizationsAfterTransactionCompletion(3)
2023-11-24 12:36:49,232 TRACE o.h.i.SessionImpl [SessionImpl.java:1980] SessionImpl#afterTransactionCompletion(successful=true, delayed=false)
2023-11-24 12:36:49,232 TRACE o.h.i.SessionImpl [SessionImpl.java:402] Closing session [b0d0fc2e-c635-4f5c-bbb7-52ff998872cc]
2023-11-24 12:36:49,232 TRACE o.h.e.j.i.JdbcCoordinatorImpl [JdbcCoordinatorImpl.java:152] Closing JDBC container [org.hibernate.engine.jdbc.internal.JdbcCoordinatorImpl@2160e789]
2023-11-24 12:36:49,232 TRACE o.h.r.j.i.ResourceRegistryStandardImpl [ResourceRegistryStandardImpl.java:329] Releasing JDBC resources
2023-11-24 12:36:49,232 TRACE o.h.r.j.i.LogicalConnectionManagedImpl [LogicalConnectionManagedImpl.java:256] Closing logical connection
2023-11-24 12:36:49,232 TRACE o.h.r.j.i.ResourceRegistryStandardImpl [ResourceRegistryStandardImpl.java:329] Releasing JDBC resources
2023-11-24 12:36:49,233 TRACE o.h.r.j.i.LogicalConnectionManagedImpl [LogicalConnectionManagedImpl.java:263] Logical connection closed
2023-11-24 12:36:49,233 TRACE f.m.h.d.c.i.c.CandidateCustomControllerIntegrationTests [CandidateCustomControllerIntegrationTests.java:142] whenGetCandidateById_andThereIsOne_thenStatus200 - DEBUG - looking for candidateId: 53
2023-11-24 12:36:49,235 INFO f.m.h.d.c.s.LoginService [LoginService.java:39] LoginService.loadUserByUsername - START - email: 523a@b.c
2023-11-24 12:36:49,235 TRACE o.h.i.SessionFactoryImpl$SessionBuilderImpl [SessionFactoryImpl.java:1298] Opening Hibernate Session.  tenant=null
2023-11-24 12:36:49,235 TRACE o.h.i.SessionImpl [SessionImpl.java:262] Opened Session [27c3987a-d803-4d68-9c59-511871d15ee3] at timestamp: 1700825809235
2023-11-24 12:36:49,236 TRACE o.h.q.s.s.BaseSqmToSqlAstConverter [BaseSqmToSqlAstConverter.java:2577] Resolving SqmRoot [franco.maurizio.hr.desk.com.persistence.entity.User] to TableGroup
2023-11-24 12:36:49,236 TRACE o.h.q.s.s.BaseSqmToSqlAstConverter [BaseSqmToSqlAstConverter.java:2744] Resolving SqmRoot [franco.maurizio.hr.desk.com.persistence.entity.User] to TableGroup
2023-11-24 12:36:49,236 DEBUG o.h.o.s.a.create [SqlAliasBaseImpl.java:33] Created new SQL alias : u1_0
2023-11-24 12:36:49,236 TRACE o.h.q.s.s.BaseSqmToSqlAstConverter [BaseSqmToSqlAstConverter.java:2811] Resolved SqmRoot [franco.maurizio.hr.desk.com.persistence.entity.User] to new TableGroup [StandardTableGroup(franco.maurizio.hr.desk.com.persistence.entity.User(961690703841717))]
2023-11-24 12:36:49,237 DEBUG o.h.o.s.a.create [SimpleFromClauseAccessImpl.java:98] Registration of TableGroup [StandardTableGroup(franco.maurizio.hr.desk.com.persistence.entity.User(961690703841717))] with identifierForTableGroup [franco.maurizio.hr.desk.com.persistence.entity.User] for NavigablePath [franco.maurizio.hr.desk.com.persistence.entity.User] 
2023-11-24 12:36:49,237 TRACE o.h.q.s.s.BaseSqmToSqlAstConverter [BaseSqmToSqlAstConverter.java:3179] Visiting explicit joins for `franco.maurizio.hr.desk.com.persistence.entity.User(961690703841717)`
2023-11-24 12:36:49,237 TRACE o.h.q.s.s.BaseSqmToSqlAstConverter [BaseSqmToSqlAstConverter.java:3820] SqmRoot [franco.maurizio.hr.desk.com.persistence.entity.User] resolved to existing TableGroup [StandardTableGroup(franco.maurizio.hr.desk.com.persistence.entity.User(961690703841717))]
2023-11-24 12:36:49,238 TRACE o.h.p.e.AbstractEntityPersister [AbstractEntityPersister.java:5680] #findSubPart(`email`)
2023-11-24 12:36:49,238 DEBUG o.h.q.s.s.BaseSqmToSqlAstConverter [BaseSqmToSqlAstConverter.java:5700] Determining mapping-model type for SqmParameter : org.hibernate.query.sqm.tree.expression.SqmJpaCriteriaParameterWrapper@44663f57
2023-11-24 12:36:49,238 DEBUG o.h.q.s.s.BaseSqmToSqlAstConverter [BaseSqmToSqlAstConverter.java:5590] Determining mapping-model type for SqmPath : SqmBasicValuedSimplePath(franco.maurizio.hr.desk.com.persistence.entity.User(961690703841717).email) 
2023-11-24 12:36:49,238 TRACE o.h.p.e.AbstractEntityPersister [AbstractEntityPersister.java:5680] #findSubPart(`email`)
2023-11-24 12:36:49,239 DEBUG o.h.o.r.g.AST [DomainResultGraphPrinter.java:67] DomainResult Graph:
 \-EntityResultImpl [franco.maurizio.hr.desk.com.persistence.entity.User(961690703841717)]
 |  +-BasicFetch [franco.maurizio.hr.desk.com.persistence.entity.User(961690703841717).email]
 |  +-BasicFetch [franco.maurizio.hr.desk.com.persistence.entity.User(961690703841717).enabled]
 |  +-BasicFetch [franco.maurizio.hr.desk.com.persistence.entity.User(961690703841717).firstname]
 |  +-BasicFetch [franco.maurizio.hr.desk.com.persistence.entity.User(961690703841717).lastname]
 |  +-BasicFetch [franco.maurizio.hr.desk.com.persistence.entity.User(961690703841717).password]
 |  +-BasicFetch [franco.maurizio.hr.desk.com.persistence.entity.User(961690703841717).regdate]
 |  \-BasicFetch [franco.maurizio.hr.desk.com.persistence.entity.User(961690703841717).role]

2023-11-24 12:36:49,239 TRACE o.h.o.r.g.AST [DomainResultGraphPrinter.java:70] Stack trace calling DomainResultGraphPrinter
java.lang.Exception: null
	at org.hibernate.sql.results.graph.DomainResultGraphPrinter.visitDomainResults(DomainResultGraphPrinter.java:70)
	at org.hibernate.sql.results.graph.DomainResultGraphPrinter.logDomainResultGraph(DomainResultGraphPrinter.java:46)
	at org.hibernate.sql.results.graph.DomainResultGraphPrinter.logDomainResultGraph(DomainResultGraphPrinter.java:37)
	at org.hibernate.sql.ast.spi.AbstractSqlAstTranslator.translateSelect(AbstractSqlAstTranslator.java:848)
	at org.hibernate.sql.ast.spi.AbstractSqlAstTranslator.translate(AbstractSqlAstTranslator.java:801)
	at org.hibernate.query.sqm.internal.ConcreteSqmSelectQueryPlan.buildCacheableSqmInterpretation(ConcreteSqmSelectQueryPlan.java:372)
	at org.hibernate.query.sqm.internal.ConcreteSqmSelectQueryPlan.withCacheableSqmInterpretation(ConcreteSqmSelectQueryPlan.java:268)
	at org.hibernate.query.sqm.internal.ConcreteSqmSelectQueryPlan.performList(ConcreteSqmSelectQueryPlan.java:244)
	at org.hibernate.query.sqm.internal.QuerySqmImpl.doList(QuerySqmImpl.java:518)
	at org.hibernate.query.spi.AbstractSelectionQuery.list(AbstractSelectionQuery.java:367)
	at org.hibernate.query.spi.AbstractSelectionQuery.getSingleResult(AbstractSelectionQuery.java:473)
	at java.base/jdk.internal.reflect.NativeMethodAccessorImpl.invoke0(Native Method)
	at java.base/jdk.internal.reflect.NativeMethodAccessorImpl.invoke(NativeMethodAccessorImpl.java:77)
	at java.base/jdk.internal.reflect.DelegatingMethodAccessorImpl.invoke(DelegatingMethodAccessorImpl.java:43)
	at java.base/java.lang.reflect.Method.invoke(Method.java:568)
	at org.springframework.orm.jpa.SharedEntityManagerCreator$DeferredQueryInvocationHandler.invoke(SharedEntityManagerCreator.java:405)
	at jdk.proxy2/jdk.proxy2.$Proxy222.getSingleResult(Unknown Source)
	at org.springframework.data.jpa.repository.query.JpaQueryExecution$SingleEntityExecution.doExecute(JpaQueryExecution.java:223)
	at org.springframework.data.jpa.repository.query.JpaQueryExecution.execute(JpaQueryExecution.java:92)
	at org.springframework.data.jpa.repository.query.AbstractJpaQuery.doExecute(AbstractJpaQuery.java:149)
	at org.springframework.data.jpa.repository.query.AbstractJpaQuery.execute(AbstractJpaQuery.java:137)
	at org.springframework.data.repository.core.support.RepositoryMethodInvoker.doInvoke(RepositoryMethodInvoker.java:136)
	at org.springframework.data.repository.core.support.RepositoryMethodInvoker.invoke(RepositoryMethodInvoker.java:120)
	at org.springframework.data.repository.core.support.QueryExecutorMethodInterceptor.doInvoke(QueryExecutorMethodInterceptor.java:164)
	at org.springframework.data.repository.core.support.QueryExecutorMethodInterceptor.invoke(QueryExecutorMethodInterceptor.java:143)
	at org.springframework.aop.framework.ReflectiveMethodInvocation.proceed(ReflectiveMethodInvocation.java:184)
	at org.springframework.data.projection.DefaultMethodInvokingMethodInterceptor.invoke(DefaultMethodInvokingMethodInterceptor.java:72)
	at org.springframework.aop.framework.ReflectiveMethodInvocation.proceed(ReflectiveMethodInvocation.java:184)
	at org.springframework.transaction.interceptor.TransactionInterceptor$1.proceedWithInvocation(TransactionInterceptor.java:123)
	at org.springframework.transaction.interceptor.TransactionAspectSupport.invokeWithinTransaction(TransactionAspectSupport.java:391)
	at org.springframework.transaction.interceptor.TransactionInterceptor.invoke(TransactionInterceptor.java:119)
	at org.springframework.aop.framework.ReflectiveMethodInvocation.proceed(ReflectiveMethodInvocation.java:184)
	at org.springframework.dao.support.PersistenceExceptionTranslationInterceptor.invoke(PersistenceExceptionTranslationInterceptor.java:137)
	at org.springframework.aop.framework.ReflectiveMethodInvocation.proceed(ReflectiveMethodInvocation.java:184)
	at org.springframework.data.jpa.repository.support.CrudMethodMetadataPostProcessor$CrudMethodMetadataPopulatingMethodInterceptor.invoke(CrudMethodMetadataPostProcessor.java:135)
	at org.springframework.aop.framework.ReflectiveMethodInvocation.proceed(ReflectiveMethodInvocation.java:184)
	at org.springframework.aop.interceptor.ExposeInvocationInterceptor.invoke(ExposeInvocationInterceptor.java:97)
	at org.springframework.aop.framework.ReflectiveMethodInvocation.proceed(ReflectiveMethodInvocation.java:184)
	at org.springframework.aop.framework.JdkDynamicAopProxy.invoke(JdkDynamicAopProxy.java:244)
	at jdk.proxy2/jdk.proxy2.$Proxy197.findByEmail(Unknown Source)
	at franco.maurizio.hr.desk.com.service.LoginService.loadUserByUsername(LoginService.java:40)
	at org.springframework.security.authentication.dao.DaoAuthenticationProvider.retrieveUser(DaoAuthenticationProvider.java:103)
	at org.springframework.security.authentication.dao.AbstractUserDetailsAuthenticationProvider.authenticate(AbstractUserDetailsAuthenticationProvider.java:133)
	at org.springframework.security.authentication.ProviderManager.authenticate(ProviderManager.java:182)
	at org.springframework.security.authentication.ProviderManager.authenticate(ProviderManager.java:201)
	at org.springframework.security.authentication.ObservationAuthenticationManager.lambda$authenticate$1(ObservationAuthenticationManager.java:54)
	at io.micrometer.observation.Observation.lambda$observe$4(Observation.java:544)
	at io.micrometer.observation.Observation.observeWithContext(Observation.java:603)
	at io.micrometer.observation.Observation.observe(Observation.java:544)
	at org.springframework.security.authentication.ObservationAuthenticationManager.authenticate(ObservationAuthenticationManager.java:53)
	at org.springframework.security.web.authentication.www.BasicAuthenticationFilter.doFilterInternal(BasicAuthenticationFilter.java:174)
	at org.springframework.web.filter.OncePerRequestFilter.doFilter(OncePerRequestFilter.java:116)
	at org.springframework.security.web.ObservationFilterChainDecorator$ObservationFilter.wrapFilter(ObservationFilterChainDecorator.java:240)
	at org.springframework.security.web.ObservationFilterChainDecorator$ObservationFilter.doFilter(ObservationFilterChainDecorator.java:227)
	at org.springframework.security.web.ObservationFilterChainDecorator$VirtualFilterChain.doFilter(ObservationFilterChainDecorator.java:137)
	at org.springframework.security.web.authentication.logout.LogoutFilter.doFilter(LogoutFilter.java:107)
	at org.springframework.security.web.authentication.logout.LogoutFilter.doFilter(LogoutFilter.java:93)
	at org.springframework.security.web.ObservationFilterChainDecorator$ObservationFilter.wrapFilter(ObservationFilterChainDecorator.java:240)
	at org.springframework.security.web.ObservationFilterChainDecorator$ObservationFilter.doFilter(ObservationFilterChainDecorator.java:227)
	at org.springframework.security.web.ObservationFilterChainDecorator$VirtualFilterChain.doFilter(ObservationFilterChainDecorator.java:137)
	at org.springframework.security.web.header.HeaderWriterFilter.doHeadersAfter(HeaderWriterFilter.java:90)
	at org.springframework.security.web.header.HeaderWriterFilter.doFilterInternal(HeaderWriterFilter.java:75)
	at org.springframework.web.filter.OncePerRequestFilter.doFilter(OncePerRequestFilter.java:116)
	at org.springframework.security.web.ObservationFilterChainDecorator$ObservationFilter.wrapFilter(ObservationFilterChainDecorator.java:240)
	at org.springframework.security.web.ObservationFilterChainDecorator$ObservationFilter.doFilter(ObservationFilterChainDecorator.java:227)
	at org.springframework.security.web.ObservationFilterChainDecorator$VirtualFilterChain.doFilter(ObservationFilterChainDecorator.java:137)
	at org.springframework.security.web.context.SecurityContextHolderFilter.doFilter(SecurityContextHolderFilter.java:82)
	at org.springframework.security.web.context.SecurityContextHolderFilter.doFilter(SecurityContextHolderFilter.java:69)
	at org.springframework.security.web.ObservationFilterChainDecorator$ObservationFilter.wrapFilter(ObservationFilterChainDecorator.java:240)
	at org.springframework.security.web.ObservationFilterChainDecorator$ObservationFilter.doFilter(ObservationFilterChainDecorator.java:227)
	at org.springframework.security.web.ObservationFilterChainDecorator$VirtualFilterChain.doFilter(ObservationFilterChainDecorator.java:137)
	at org.springframework.security.web.context.request.async.WebAsyncManagerIntegrationFilter.doFilterInternal(WebAsyncManagerIntegrationFilter.java:62)
	at org.springframework.web.filter.OncePerRequestFilter.doFilter(OncePerRequestFilter.java:116)
	at org.springframework.security.web.ObservationFilterChainDecorator$ObservationFilter.wrapFilter(ObservationFilterChainDecorator.java:240)
	at org.springframework.security.web.ObservationFilterChainDecorator$ObservationFilter.doFilter(ObservationFilterChainDecorator.java:227)
	at org.springframework.security.web.ObservationFilterChainDecorator$VirtualFilterChain.doFilter(ObservationFilterChainDecorator.java:137)
	at org.springframework.security.web.session.DisableEncodeUrlFilter.doFilterInternal(DisableEncodeUrlFilter.java:42)
	at org.springframework.web.filter.OncePerRequestFilter.doFilter(OncePerRequestFilter.java:116)
	at org.springframework.security.web.ObservationFilterChainDecorator$ObservationFilter.wrapFilter(ObservationFilterChainDecorator.java:240)
	at org.springframework.security.web.ObservationFilterChainDecorator$AroundFilterObservation$SimpleAroundFilterObservation.lambda$wrap$0(ObservationFilterChainDecorator.java:323)
	at org.springframework.security.web.ObservationFilterChainDecorator$ObservationFilter.doFilter(ObservationFilterChainDecorator.java:224)
	at org.springframework.security.web.ObservationFilterChainDecorator$VirtualFilterChain.doFilter(ObservationFilterChainDecorator.java:137)
	at org.springframework.security.web.FilterChainProxy.doFilterInternal(FilterChainProxy.java:233)
	at org.springframework.security.web.FilterChainProxy.doFilter(FilterChainProxy.java:191)
	at org.springframework.web.filter.DelegatingFilterProxy.invokeDelegate(DelegatingFilterProxy.java:352)
	at org.springframework.web.filter.DelegatingFilterProxy.doFilter(DelegatingFilterProxy.java:268)
	at org.springframework.mock.web.MockFilterChain.doFilter(MockFilterChain.java:132)
	at org.springframework.web.filter.RequestContextFilter.doFilterInternal(RequestContextFilter.java:100)
	at org.springframework.web.filter.OncePerRequestFilter.doFilter(OncePerRequestFilter.java:116)
	at org.springframework.mock.web.MockFilterChain.doFilter(MockFilterChain.java:132)
	at org.springframework.web.filter.FormContentFilter.doFilterInternal(FormContentFilter.java:93)
	at org.springframework.web.filter.OncePerRequestFilter.doFilter(OncePerRequestFilter.java:116)
	at org.springframework.mock.web.MockFilterChain.doFilter(MockFilterChain.java:132)
	at org.springframework.web.filter.ServerHttpObservationFilter.doFilterInternal(ServerHttpObservationFilter.java:109)
	at org.springframework.web.filter.OncePerRequestFilter.doFilter(OncePerRequestFilter.java:116)
	at org.springframework.mock.web.MockFilterChain.doFilter(MockFilterChain.java:132)
	at org.springframework.web.filter.CharacterEncodingFilter.doFilterInternal(CharacterEncodingFilter.java:201)
	at org.springframework.web.filter.OncePerRequestFilter.doFilter(OncePerRequestFilter.java:116)
	at org.springframework.mock.web.MockFilterChain.doFilter(MockFilterChain.java:132)
	at org.springframework.test.web.servlet.MockMvc.perform(MockMvc.java:201)
	at franco.maurizio.hr.desk.com.integration.controller.CandidateCustomControllerIntegrationTests.whenGetCandidateCustomById_andThereIsOne_thenStatus200(CandidateCustomControllerIntegrationTests.java:143)
	at java.base/jdk.internal.reflect.NativeMethodAccessorImpl.invoke0(Native Method)
	at java.base/jdk.internal.reflect.NativeMethodAccessorImpl.invoke(NativeMethodAccessorImpl.java:77)
	at java.base/jdk.internal.reflect.DelegatingMethodAccessorImpl.invoke(DelegatingMethodAccessorImpl.java:43)
	at java.base/java.lang.reflect.Method.invoke(Method.java:568)
	at org.junit.platform.commons.util.ReflectionUtils.invokeMethod(ReflectionUtils.java:727)
	at org.junit.jupiter.engine.execution.MethodInvocation.proceed(MethodInvocation.java:60)
	at org.junit.jupiter.engine.execution.InvocationInterceptorChain$ValidatingInvocation.proceed(InvocationInterceptorChain.java:131)
	at org.junit.jupiter.engine.extension.TimeoutExtension.intercept(TimeoutExtension.java:156)
	at org.junit.jupiter.engine.extension.TimeoutExtension.interceptTestableMethod(TimeoutExtension.java:147)
	at org.junit.jupiter.engine.extension.TimeoutExtension.interceptTestMethod(TimeoutExtension.java:86)
	at org.junit.jupiter.engine.execution.InterceptingExecutableInvoker$ReflectiveInterceptorCall.lambda$ofVoidMethod$0(InterceptingExecutableInvoker.java:103)
	at org.junit.jupiter.engine.execution.InterceptingExecutableInvoker.lambda$invoke$0(InterceptingExecutableInvoker.java:93)
	at org.junit.jupiter.engine.execution.InvocationInterceptorChain$InterceptedInvocation.proceed(InvocationInterceptorChain.java:106)
	at org.junit.jupiter.engine.execution.InvocationInterceptorChain.proceed(InvocationInterceptorChain.java:64)
	at org.junit.jupiter.engine.execution.InvocationInterceptorChain.chainAndInvoke(InvocationInterceptorChain.java:45)
	at org.junit.jupiter.engine.execution.InvocationInterceptorChain.invoke(InvocationInterceptorChain.java:37)
	at org.junit.jupiter.engine.execution.InterceptingExecutableInvoker.invoke(InterceptingExecutableInvoker.java:92)
	at org.junit.jupiter.engine.execution.InterceptingExecutableInvoker.invoke(InterceptingExecutableInvoker.java:86)
	at org.junit.jupiter.engine.descriptor.TestMethodTestDescriptor.lambda$invokeTestMethod$7(TestMethodTestDescriptor.java:217)
	at org.junit.platform.engine.support.hierarchical.ThrowableCollector.execute(ThrowableCollector.java:73)
	at org.junit.jupiter.engine.descriptor.TestMethodTestDescriptor.invokeTestMethod(TestMethodTestDescriptor.java:213)
	at org.junit.jupiter.engine.descriptor.TestMethodTestDescriptor.execute(TestMethodTestDescriptor.java:138)
	at org.junit.jupiter.engine.descriptor.TestMethodTestDescriptor.execute(TestMethodTestDescriptor.java:68)
	at org.junit.platform.engine.support.hierarchical.NodeTestTask.lambda$executeRecursively$6(NodeTestTask.java:151)
	at org.junit.platform.engine.support.hierarchical.ThrowableCollector.execute(ThrowableCollector.java:73)
	at org.junit.platform.engine.support.hierarchical.NodeTestTask.lambda$executeRecursively$8(NodeTestTask.java:141)
	at org.junit.platform.engine.support.hierarchical.Node.around(Node.java:137)
	at org.junit.platform.engine.support.hierarchical.NodeTestTask.lambda$executeRecursively$9(NodeTestTask.java:139)
	at org.junit.platform.engine.support.hierarchical.ThrowableCollector.execute(ThrowableCollector.java:73)
	at org.junit.platform.engine.support.hierarchical.NodeTestTask.executeRecursively(NodeTestTask.java:138)
	at org.junit.platform.engine.support.hierarchical.NodeTestTask.execute(NodeTestTask.java:95)
	at java.base/java.util.ArrayList.forEach(ArrayList.java:1511)
	at org.junit.platform.engine.support.hierarchical.SameThreadHierarchicalTestExecutorService.invokeAll(SameThreadHierarchicalTestExecutorService.java:41)
	at org.junit.platform.engine.support.hierarchical.NodeTestTask.lambda$executeRecursively$6(NodeTestTask.java:155)
	at org.junit.platform.engine.support.hierarchical.ThrowableCollector.execute(ThrowableCollector.java:73)
	at org.junit.platform.engine.support.hierarchical.NodeTestTask.lambda$executeRecursively$8(NodeTestTask.java:141)
	at org.junit.platform.engine.support.hierarchical.Node.around(Node.java:137)
	at org.junit.platform.engine.support.hierarchical.NodeTestTask.lambda$executeRecursively$9(NodeTestTask.java:139)
	at org.junit.platform.engine.support.hierarchical.ThrowableCollector.execute(ThrowableCollector.java:73)
	at org.junit.platform.engine.support.hierarchical.NodeTestTask.executeRecursively(NodeTestTask.java:138)
	at org.junit.platform.engine.support.hierarchical.NodeTestTask.execute(NodeTestTask.java:95)
	at java.base/java.util.ArrayList.forEach(ArrayList.java:1511)
	at org.junit.platform.engine.support.hierarchical.SameThreadHierarchicalTestExecutorService.invokeAll(SameThreadHierarchicalTestExecutorService.java:41)
	at org.junit.platform.engine.support.hierarchical.NodeTestTask.lambda$executeRecursively$6(NodeTestTask.java:155)
	at org.junit.platform.engine.support.hierarchical.ThrowableCollector.execute(ThrowableCollector.java:73)
	at org.junit.platform.engine.support.hierarchical.NodeTestTask.lambda$executeRecursively$8(NodeTestTask.java:141)
	at org.junit.platform.engine.support.hierarchical.Node.around(Node.java:137)
	at org.junit.platform.engine.support.hierarchical.NodeTestTask.lambda$executeRecursively$9(NodeTestTask.java:139)
	at org.junit.platform.engine.support.hierarchical.ThrowableCollector.execute(ThrowableCollector.java:73)
	at org.junit.platform.engine.support.hierarchical.NodeTestTask.executeRecursively(NodeTestTask.java:138)
	at org.junit.platform.engine.support.hierarchical.NodeTestTask.execute(NodeTestTask.java:95)
	at org.junit.platform.engine.support.hierarchical.SameThreadHierarchicalTestExecutorService.submit(SameThreadHierarchicalTestExecutorService.java:35)
	at org.junit.platform.engine.support.hierarchical.HierarchicalTestExecutor.execute(HierarchicalTestExecutor.java:57)
	at org.junit.platform.engine.support.hierarchical.HierarchicalTestEngine.execute(HierarchicalTestEngine.java:54)
	at org.junit.platform.launcher.core.EngineExecutionOrchestrator.execute(EngineExecutionOrchestrator.java:147)
	at org.junit.platform.launcher.core.EngineExecutionOrchestrator.execute(EngineExecutionOrchestrator.java:127)
	at org.junit.platform.launcher.core.EngineExecutionOrchestrator.execute(EngineExecutionOrchestrator.java:90)
	at org.junit.platform.launcher.core.EngineExecutionOrchestrator.lambda$execute$0(EngineExecutionOrchestrator.java:55)
	at org.junit.platform.launcher.core.EngineExecutionOrchestrator.withInterceptedStreams(EngineExecutionOrchestrator.java:102)
	at org.junit.platform.launcher.core.EngineExecutionOrchestrator.execute(EngineExecutionOrchestrator.java:54)
	at org.junit.platform.launcher.core.DefaultLauncher.execute(DefaultLauncher.java:114)
	at org.junit.platform.launcher.core.DefaultLauncher.execute(DefaultLauncher.java:86)
	at org.junit.platform.launcher.core.DefaultLauncherSession$DelegatingLauncher.execute(DefaultLauncherSession.java:86)
	at org.apache.maven.surefire.junitplatform.LazyLauncher.execute(LazyLauncher.java:50)
	at org.apache.maven.surefire.junitplatform.JUnitPlatformProvider.execute(JUnitPlatformProvider.java:184)
	at org.apache.maven.surefire.junitplatform.JUnitPlatformProvider.invokeAllTests(JUnitPlatformProvider.java:148)
	at org.apache.maven.surefire.junitplatform.JUnitPlatformProvider.invoke(JUnitPlatformProvider.java:122)
	at org.apache.maven.surefire.booter.ForkedBooter.runSuitesInProcess(ForkedBooter.java:385)
	at org.apache.maven.surefire.booter.ForkedBooter.execute(ForkedBooter.java:162)
	at org.apache.maven.surefire.booter.ForkedBooter.run(ForkedBooter.java:507)
	at org.apache.maven.surefire.booter.ForkedBooter.main(ForkedBooter.java:495)
2023-11-24 12:36:49,240 DEBUG o.h.o.s.a.tree [SqlTreePrinter.java:46] SQL AST Tree:
    SelectStatement {
      FromClause {
        StandardTableGroup (u1 : franco.maurizio.hr.desk.com.persistence.entity.User(961690703841717)) {
          primaryTableReference : users as u1_0
        }
      }
    }

2023-11-24 12:36:49,240 DEBUG o.h.o.s.exec [JdbcSelectExecutorStandardImpl.java:455] Skipping reading Query result cache data: cache-enabled = false, cache-mode = NORMAL
2023-11-24 12:36:49,241 TRACE o.h.o.results [ResultsHelper.java:117] Registering initializer : EntityResultInitializer(franco.maurizio.hr.desk.com.persistence.entity.User(961690703841717))
2023-11-24 12:36:49,241 DEBUG o.h.o.results [NavigablePathMapToInitializer.java:76] Initializer list:
	  franco.maurizio.hr.desk.com.persistence.entity.User(961690703841717) -> EntityResultInitializer(franco.maurizio.hr.desk.com.persistence.entity.User(961690703841717))@643408805 (SingleTableEntityPersister(franco.maurizio.hr.desk.com.persistence.entity.User))

2023-11-24 12:36:49,241 TRACE o.h.s.r.j.i.DeferredResultSetAccess [DeferredResultSetAccess.java:224] Executing query to retrieve ResultSet : select u1_0.id,u1_0.email,u1_0.enabled,u1_0.firstname,u1_0.lastname,u1_0.password,u1_0.regdate,u1_0.role from users u1_0 where u1_0.email=?
2023-11-24 12:36:49,241 DEBUG o.h.SQL [SqlStatementLogger.java:133] select u1_0.id,u1_0.email,u1_0.enabled,u1_0.firstname,u1_0.lastname,u1_0.password,u1_0.regdate,u1_0.role from users u1_0 where u1_0.email=?
Hibernate: select u1_0.id,u1_0.email,u1_0.enabled,u1_0.firstname,u1_0.lastname,u1_0.password,u1_0.regdate,u1_0.role from users u1_0 where u1_0.email=?
2023-11-24 12:36:49,242 TRACE o.h.r.j.i.ResourceRegistryStandardImpl [ResourceRegistryStandardImpl.java:82] Registering statement [HikariProxyPreparedStatement@909751853 wrapping com.mysql.cj.jdbc.ClientPreparedStatement: select u1_0.id,u1_0.email,u1_0.enabled,u1_0.firstname,u1_0.lastname,u1_0.password,u1_0.regdate,u1_0.role from users u1_0 where u1_0.email=** NOT SPECIFIED **]
2023-11-24 12:36:49,242 TRACE o.h.e.j.i.JdbcCoordinatorImpl [JdbcCoordinatorImpl.java:322] Registering last query statement [HikariProxyPreparedStatement@909751853 wrapping com.mysql.cj.jdbc.ClientPreparedStatement: select u1_0.id,u1_0.email,u1_0.enabled,u1_0.firstname,u1_0.lastname,u1_0.password,u1_0.regdate,u1_0.role from users u1_0 where u1_0.email=** NOT SPECIFIED **]
2023-11-24 12:36:49,242 TRACE o.h.o.j.bind [JdbcBindingLogging.java:25] binding parameter [1] as [VARCHAR] - [523a@b.c]
2023-11-24 12:36:49,243 TRACE o.h.r.j.i.ResourceRegistryStandardImpl [ResourceRegistryStandardImpl.java:221] Registering result set [HikariProxyResultSet@296266073 wrapping com.mysql.cj.jdbc.result.ResultSetImpl@47de2155]
2023-11-24 12:36:49,243 TRACE o.h.r.j.i.AbstractLogicalConnectionImplementor [AbstractLogicalConnectionImplementor.java:48] LogicalConnection#afterStatement
2023-11-24 12:36:49,243 TRACE o.h.o.j.extract [JdbcExtractingLogging.java:24] extracted value ([1] : [BIGINT]) - [162]
2023-11-24 12:36:49,243 TRACE o.h.o.j.extract [JdbcExtractingLogging.java:24] extracted value ([2] : [VARCHAR]) - [523a@b.c]
2023-11-24 12:36:49,243 TRACE o.h.o.j.extract [JdbcExtractingLogging.java:24] extracted value ([3] : [BOOLEAN]) - [false]
2023-11-24 12:36:49,243 TRACE o.h.o.j.extract [JdbcExtractingLogging.java:24] extracted value ([4] : [VARCHAR]) - [pippo]
2023-11-24 12:36:49,244 TRACE o.h.o.j.extract [JdbcExtractingLogging.java:24] extracted value ([5] : [VARCHAR]) - [prova]
2023-11-24 12:36:49,244 TRACE o.h.o.j.extract [JdbcExtractingLogging.java:24] extracted value ([6] : [VARCHAR]) - [$2a$10$fhkQJfvJAj7sct14PPc4wOaOUrv3uTSPH8lTexRapro885Cb9I46u]
2023-11-24 12:36:49,244 TRACE o.h.o.j.extract [JdbcExtractingLogging.java:24] extracted value ([7] : [TIMESTAMP]) - [2023-11-24T12:36:48]
2023-11-24 12:36:49,244 TRACE o.h.o.j.extract [JdbcExtractingLogging.java:24] extracted value ([8] : [INTEGER]) - [0]
2023-11-24 12:36:49,244 TRACE o.h.o.r.loading [StandardRowReader.java:85] StandardRowReader#readRow
2023-11-24 12:36:49,244 TRACE o.h.o.r.l.entity [AbstractEntityInitializer.java:277] (o.h.s.r.g.e.i.EntityResultInitializer) Beginning Initializer#resolveKey process for entity : franco.maurizio.hr.desk.com.persistence.entity.User(961690703841717)
2023-11-24 12:36:49,245 DEBUG o.h.o.results [BasicResultAssembler.java:61] Extracted JDBC value [0] - [162]
2023-11-24 12:36:49,245 DEBUG o.h.o.r.l.entity [AbstractEntityInitializer.java:300] (EntityResultInitializer) Hydrated EntityKey (franco.maurizio.hr.desk.com.persistence.entity.User(961690703841717)): 162
2023-11-24 12:36:49,245 TRACE o.h.o.r.l.entity [AbstractEntityInitializer.java:491] (o.h.s.r.g.e.i.EntityResultInitializer) Beginning Initializer#resolveInstance process for entity (franco.maurizio.hr.desk.com.persistence.entity.User(961690703841717)) : 162
2023-11-24 12:36:49,245 DEBUG o.h.o.r.l.entity [AbstractEntityInitializer.java:689] (EntityResultInitializer) Created new entity instance [franco.maurizio.hr.desk.com.persistence.entity.User(961690703841717)#162] : 754054784
2023-11-24 12:36:49,245 TRACE o.h.o.r.l.entity [AbstractEntityInitializer.java:833] (EntityResultInitializer) Beginning Initializer#initializeInstance process for entity franco.maurizio.hr.desk.com.persistence.entity.User(961690703841717)#162
2023-11-24 12:36:49,246 DEBUG o.h.o.results [BasicResultAssembler.java:61] Extracted JDBC value [1] - [523a@b.c]
2023-11-24 12:36:49,246 DEBUG o.h.o.results [BasicResultAssembler.java:61] Extracted JDBC value [2] - [false]
2023-11-24 12:36:49,246 DEBUG o.h.o.results [BasicResultAssembler.java:61] Extracted JDBC value [3] - [pippo]
2023-11-24 12:36:49,246 DEBUG o.h.o.results [BasicResultAssembler.java:61] Extracted JDBC value [4] - [prova]
2023-11-24 12:36:49,246 DEBUG o.h.o.results [BasicResultAssembler.java:61] Extracted JDBC value [5] - [$2a$10$fhkQJfvJAj7sct14PPc4wOaOUrv3uTSPH8lTexRapro885Cb9I46u]
2023-11-24 12:36:49,246 DEBUG o.h.o.results [BasicResultAssembler.java:61] Extracted JDBC value [6] - [2023-11-24T12:36:48]
2023-11-24 12:36:49,246 DEBUG o.h.o.results [BasicResultAssembler.java:61] Extracted JDBC value [7] - [0]
2023-11-24 12:36:49,246 DEBUG o.h.o.r.l.entity [AbstractEntityInitializer.java:889] (EntityResultInitializer) Done materializing entityInstance : franco.maurizio.hr.desk.com.persistence.entity.User(961690703841717)#162
2023-11-24 12:36:49,246 DEBUG o.h.o.r.loading [StandardRowReader.java:93] Calling top-level assembler (0 / 1) : org.hibernate.sql.results.graph.entity.internal.EntityAssembler@5702b5ed
2023-11-24 12:36:49,247 TRACE o.h.o.r.loading [StandardRowReader.java:103] StandardRowReader#afterRow
2023-11-24 12:36:49,247 TRACE o.h.r.j.i.ResourceRegistryStandardImpl [ResourceRegistryStandardImpl.java:117] Releasing result set [HikariProxyResultSet@296266073 wrapping com.mysql.cj.jdbc.result.ResultSetImpl@47de2155]
2023-11-24 12:36:49,247 TRACE o.h.r.j.i.ResourceRegistryStandardImpl [ResourceRegistryStandardImpl.java:169] Closing result set [HikariProxyResultSet@296266073 wrapping com.mysql.cj.jdbc.result.ResultSetImpl@47de2155]
2023-11-24 12:36:49,247 TRACE o.h.r.j.i.ResourceRegistryStandardImpl [ResourceRegistryStandardImpl.java:96] Releasing statement [HikariProxyPreparedStatement@909751853 wrapping com.mysql.cj.jdbc.ClientPreparedStatement: select u1_0.id,u1_0.email,u1_0.enabled,u1_0.firstname,u1_0.lastname,u1_0.password,u1_0.regdate,u1_0.role from users u1_0 where u1_0.email='523a@b.c']
2023-11-24 12:36:49,247 TRACE o.h.r.j.i.ResourceRegistryStandardImpl [ResourceRegistryStandardImpl.java:187] Closing prepared statement [HikariProxyPreparedStatement@909751853 wrapping com.mysql.cj.jdbc.ClientPreparedStatement: select u1_0.id,u1_0.email,u1_0.enabled,u1_0.firstname,u1_0.lastname,u1_0.password,u1_0.regdate,u1_0.role from users u1_0 where u1_0.email='523a@b.c']
2023-11-24 12:36:49,247 TRACE o.h.e.i.StatefulPersistenceContext [StatefulPersistenceContext.java:976] Initializing non-lazy collections
2023-11-24 12:36:49,247 TRACE o.h.r.j.i.AbstractLogicalConnectionImplementor [AbstractLogicalConnectionImplementor.java:58] LogicalConnection#afterTransaction
2023-11-24 12:36:49,247 TRACE o.h.r.j.i.ResourceRegistryStandardImpl [ResourceRegistryStandardImpl.java:329] Releasing JDBC resources
2023-11-24 12:36:49,248 TRACE o.h.i.SessionImpl [SessionImpl.java:402] Closing session [27c3987a-d803-4d68-9c59-511871d15ee3]
2023-11-24 12:36:49,248 TRACE o.h.e.j.i.JdbcCoordinatorImpl [JdbcCoordinatorImpl.java:152] Closing JDBC container [org.hibernate.engine.jdbc.internal.JdbcCoordinatorImpl@3556619f]
2023-11-24 12:36:49,248 TRACE o.h.r.j.i.ResourceRegistryStandardImpl [ResourceRegistryStandardImpl.java:329] Releasing JDBC resources
2023-11-24 12:36:49,248 TRACE o.h.r.j.i.LogicalConnectionManagedImpl [LogicalConnectionManagedImpl.java:256] Closing logical connection
2023-11-24 12:36:49,248 TRACE o.h.r.j.i.ResourceRegistryStandardImpl [ResourceRegistryStandardImpl.java:329] Releasing JDBC resources
2023-11-24 12:36:49,248 TRACE o.h.r.j.i.LogicalConnectionManagedImpl [LogicalConnectionManagedImpl.java:263] Logical connection closed
2023-11-24 12:36:49,248 INFO f.m.h.d.c.s.LoginService [LoginService.java:46] LoginService.loadUserByUsername - DEBUG - USER FOUND!!!!
2023-11-24 12:36:49,249 INFO f.m.h.d.c.s.LoginService [LoginService.java:52] LoginService.getAuthorities - START - user: User [id=162, email=523a@b.c, password=$2a$10$fhkQJfvJAj7sct14PPc4wOaOUrv3uTSPH8lTexRapro885Cb9I46u, firstname=pippo, lastname=prova, regdate=2023-11-24T12:36:48, role=0, enabled=false]
2023-11-24 12:36:49,249 INFO f.m.h.d.c.s.LoginService [LoginService.java:56] LoginService.getAuthorities - DEBUG - current user role level: 0
2023-11-24 12:36:49,335 TRACE o.h.i.SessionFactoryImpl$SessionBuilderImpl [SessionFactoryImpl.java:1298] Opening Hibernate Session.  tenant=null
2023-11-24 12:36:49,336 TRACE o.h.i.SessionImpl [SessionImpl.java:262] Opened Session [4928c351-05e0-4615-a0df-f9602c9dbfb0] at timestamp: 1700825809336
2023-11-24 12:36:49,336 INFO f.m.h.d.c.b.CandidateCustomController [CandidateCustomController.java:122] getCandidateCustomById - START - with id: 53
2023-11-24 12:36:49,336 INFO f.m.h.d.c.s.CandidateService [CandidateService.java:165] getCustomById() - START - with given id 53
2023-11-24 12:36:49,337 INFO f.m.h.d.c.p.r.c.CandidateRepositoryImpl [CandidateRepositoryImpl.java:284] getSingleCustomCandidate - START - with id: 53
2023-11-24 12:36:49,338 TRACE o.h.q.s.s.BaseSqmToSqlAstConverter [BaseSqmToSqlAstConverter.java:2577] Resolving SqmRoot [franco.maurizio.hr.desk.com.persistence.entity.Candidate] to TableGroup
2023-11-24 12:36:49,339 TRACE o.h.q.s.s.BaseSqmToSqlAstConverter [BaseSqmToSqlAstConverter.java:2577] Resolving SqmRoot [franco.maurizio.hr.desk.com.persistence.entity.CandidateStates] to TableGroup
2023-11-24 12:36:49,339 TRACE o.h.q.s.s.BaseSqmToSqlAstConverter [BaseSqmToSqlAstConverter.java:2744] Resolving SqmRoot [franco.maurizio.hr.desk.com.persistence.entity.Candidate] to TableGroup
2023-11-24 12:36:49,339 DEBUG o.h.o.s.a.create [SqlAliasBaseImpl.java:33] Created new SQL alias : c1_0
2023-11-24 12:36:49,339 TRACE o.h.q.s.s.BaseSqmToSqlAstConverter [BaseSqmToSqlAstConverter.java:2811] Resolved SqmRoot [franco.maurizio.hr.desk.com.persistence.entity.Candidate] to new TableGroup [StandardTableGroup(franco.maurizio.hr.desk.com.persistence.entity.Candidate(961693301172258))]
2023-11-24 12:36:49,340 DEBUG o.h.o.s.a.create [SimpleFromClauseAccessImpl.java:98] Registration of TableGroup [StandardTableGroup(franco.maurizio.hr.desk.com.persistence.entity.Candidate(961693301172258))] with identifierForTableGroup [franco.maurizio.hr.desk.com.persistence.entity.Candidate] for NavigablePath [franco.maurizio.hr.desk.com.persistence.entity.Candidate] 
2023-11-24 12:36:49,340 TRACE o.h.q.s.s.BaseSqmToSqlAstConverter [BaseSqmToSqlAstConverter.java:3179] Visiting explicit joins for `franco.maurizio.hr.desk.com.persistence.entity.Candidate(961693301172258)`
2023-11-24 12:36:49,340 TRACE o.h.q.s.s.BaseSqmToSqlAstConverter [BaseSqmToSqlAstConverter.java:2744] Resolving SqmRoot [franco.maurizio.hr.desk.com.persistence.entity.CandidateStates] to TableGroup
2023-11-24 12:36:49,340 DEBUG o.h.o.s.a.create [SqlAliasBaseImpl.java:33] Created new SQL alias : c2_0
2023-11-24 12:36:49,340 TRACE o.h.q.s.s.BaseSqmToSqlAstConverter [BaseSqmToSqlAstConverter.java:2811] Resolved SqmRoot [franco.maurizio.hr.desk.com.persistence.entity.CandidateStates] to new TableGroup [StandardTableGroup(franco.maurizio.hr.desk.com.persistence.entity.CandidateStates(961693301185027))]
2023-11-24 12:36:49,341 DEBUG o.h.o.s.a.create [SimpleFromClauseAccessImpl.java:98] Registration of TableGroup [StandardTableGroup(franco.maurizio.hr.desk.com.persistence.entity.CandidateStates(961693301185027))] with identifierForTableGroup [franco.maurizio.hr.desk.com.persistence.entity.CandidateStates] for NavigablePath [franco.maurizio.hr.desk.com.persistence.entity.CandidateStates] 
2023-11-24 12:36:49,341 TRACE o.h.q.s.s.BaseSqmToSqlAstConverter [BaseSqmToSqlAstConverter.java:3179] Visiting explicit joins for `franco.maurizio.hr.desk.com.persistence.entity.CandidateStates(961693301185027)`
2023-11-24 12:36:49,341 TRACE o.h.p.e.AbstractEntityPersister [AbstractEntityPersister.java:5680] #findSubPart(`id`)
2023-11-24 12:36:49,342 TRACE o.h.p.e.AbstractEntityPersister [AbstractEntityPersister.java:5680] #findSubPart(`id`)
2023-11-24 12:36:49,342 TRACE o.h.p.e.AbstractEntityPersister [AbstractEntityPersister.java:5680] #findSubPart(`domicileCity`)
2023-11-24 12:36:49,342 TRACE o.h.p.e.AbstractEntityPersister [AbstractEntityPersister.java:5680] #findSubPart(`domicileCity`)
2023-11-24 12:36:49,342 TRACE o.h.p.e.AbstractEntityPersister [AbstractEntityPersister.java:5680] #findSubPart(`studyQualification`)
2023-11-24 12:36:49,342 TRACE o.h.p.e.AbstractEntityPersister [AbstractEntityPersister.java:5680] #findSubPart(`studyQualification`)
2023-11-24 12:36:49,342 TRACE o.h.p.e.AbstractEntityPersister [AbstractEntityPersister.java:5680] #findSubPart(`graduate`)
2023-11-24 12:36:49,343 TRACE o.h.p.e.AbstractEntityPersister [AbstractEntityPersister.java:5680] #findSubPart(`graduate`)
2023-11-24 12:36:49,343 TRACE o.h.p.e.AbstractEntityPersister [AbstractEntityPersister.java:5680] #findSubPart(`highGraduate`)
2023-11-24 12:36:49,343 TRACE o.h.p.e.AbstractEntityPersister [AbstractEntityPersister.java:5680] #findSubPart(`highGraduate`)
2023-11-24 12:36:49,343 TRACE o.h.p.e.AbstractEntityPersister [AbstractEntityPersister.java:5680] #findSubPart(`stillHighStudy`)
2023-11-24 12:36:49,343 TRACE o.h.p.e.AbstractEntityPersister [AbstractEntityPersister.java:5680] #findSubPart(`stillHighStudy`)
2023-11-24 12:36:49,343 TRACE o.h.p.e.AbstractEntityPersister [AbstractEntityPersister.java:5680] #findSubPart(`mobile`)
2023-11-24 12:36:49,344 TRACE o.h.p.e.AbstractEntityPersister [AbstractEntityPersister.java:5680] #findSubPart(`mobile`)
2023-11-24 12:36:49,344 TRACE o.h.p.e.AbstractEntityPersister [AbstractEntityPersister.java:5680] #findSubPart(`cvExternalPath`)
2023-11-24 12:36:49,344 TRACE o.h.p.e.AbstractEntityPersister [AbstractEntityPersister.java:5680] #findSubPart(`cvExternalPath`)
2023-11-24 12:36:49,344 TRACE o.h.p.e.AbstractEntityPersister [AbstractEntityPersister.java:5680] #findSubPart(`email`)
2023-11-24 12:36:49,345 TRACE o.h.p.e.AbstractEntityPersister [AbstractEntityPersister.java:5680] #findSubPart(`email`)
2023-11-24 12:36:49,345 TRACE o.h.p.e.AbstractEntityPersister [AbstractEntityPersister.java:5680] #findSubPart(`firstname`)
2023-11-24 12:36:49,345 TRACE o.h.p.e.AbstractEntityPersister [AbstractEntityPersister.java:5680] #findSubPart(`firstname`)
2023-11-24 12:36:49,346 TRACE o.h.p.e.AbstractEntityPersister [AbstractEntityPersister.java:5680] #findSubPart(`lastname`)
2023-11-24 12:36:49,346 TRACE o.h.p.e.AbstractEntityPersister [AbstractEntityPersister.java:5680] #findSubPart(`lastname`)
2023-11-24 12:36:49,346 TRACE o.h.p.e.AbstractEntityPersister [AbstractEntityPersister.java:5680] #findSubPart(`dateOfBirth`)
2023-11-24 12:36:49,346 TRACE o.h.p.e.AbstractEntityPersister [AbstractEntityPersister.java:5680] #findSubPart(`dateOfBirth`)
2023-11-24 12:36:49,347 TRACE o.h.p.e.AbstractEntityPersister [AbstractEntityPersister.java:5680] #findSubPart(`imgpath`)
2023-11-24 12:36:49,347 TRACE o.h.p.e.AbstractEntityPersister [AbstractEntityPersister.java:5680] #findSubPart(`imgpath`)
2023-11-24 12:36:49,347 TRACE o.h.p.e.AbstractEntityPersister [AbstractEntityPersister.java:5680] #findSubPart(`courseCode`)
2023-11-24 12:36:49,347 TRACE o.h.p.e.AbstractEntityPersister [AbstractEntityPersister.java:5680] #findSubPart(`courseCode`)
2023-11-24 12:36:49,348 TRACE o.h.p.e.AbstractEntityPersister [AbstractEntityPersister.java:5680] #findSubPart(`technicalNote`)
2023-11-24 12:36:49,348 TRACE o.h.p.e.AbstractEntityPersister [AbstractEntityPersister.java:5680] #findSubPart(`technicalNote`)
2023-11-24 12:36:49,348 TRACE o.h.p.e.AbstractEntityPersister [AbstractEntityPersister.java:5680] #findSubPart(`label`)
2023-11-24 12:36:49,348 TRACE o.h.p.e.AbstractEntityPersister [AbstractEntityPersister.java:5680] #findSubPart(`label`)
2023-11-24 12:36:49,349 TRACE o.h.p.e.AbstractEntityPersister [AbstractEntityPersister.java:5680] #findSubPart(`candidateStateCode`)
2023-11-24 12:36:49,349 TRACE o.h.p.e.AbstractEntityPersister [AbstractEntityPersister.java:5680] #findSubPart(`candidateStateCode`)
2023-11-24 12:36:49,349 TRACE o.h.p.e.AbstractEntityPersister [AbstractEntityPersister.java:5680] #findSubPart(`statusColor`)
2023-11-24 12:36:49,349 TRACE o.h.p.e.AbstractEntityPersister [AbstractEntityPersister.java:5680] #findSubPart(`statusColor`)
2023-11-24 12:36:49,349 TRACE o.h.p.e.AbstractEntityPersister [AbstractEntityPersister.java:5680] #findSubPart(`statusLabel`)
2023-11-24 12:36:49,350 TRACE o.h.p.e.AbstractEntityPersister [AbstractEntityPersister.java:5680] #findSubPart(`statusLabel`)
2023-11-24 12:36:49,350 TRACE o.h.p.e.AbstractEntityPersister [AbstractEntityPersister.java:5680] #findSubPart(`id`)
2023-11-24 12:36:49,350 DEBUG o.h.q.s.s.BaseSqmToSqlAstConverter [BaseSqmToSqlAstConverter.java:5700] Determining mapping-model type for SqmParameter : org.hibernate.query.sqm.tree.expression.SqmJpaCriteriaParameterWrapper@2c714cf5
2023-11-24 12:36:49,351 TRACE o.h.p.e.AbstractEntityPersister [AbstractEntityPersister.java:5680] #findSubPart(`id`)
2023-11-24 12:36:49,351 TRACE o.h.p.e.AbstractEntityPersister [AbstractEntityPersister.java:5680] #findSubPart(`candidateStateCode`)
2023-11-24 12:36:49,351 TRACE o.h.p.e.AbstractEntityPersister [AbstractEntityPersister.java:5680] #findSubPart(`statusCode`)
2023-11-24 12:36:49,352 DEBUG o.h.o.r.g.AST [DomainResultGraphPrinter.java:67] DomainResult Graph:
 \-DynamicInstantiationResultImpl

2023-11-24 12:36:49,352 TRACE o.h.o.r.g.AST [DomainResultGraphPrinter.java:70] Stack trace calling DomainResultGraphPrinter
java.lang.Exception: null
	at org.hibernate.sql.results.graph.DomainResultGraphPrinter.visitDomainResults(DomainResultGraphPrinter.java:70)
	at org.hibernate.sql.results.graph.DomainResultGraphPrinter.logDomainResultGraph(DomainResultGraphPrinter.java:46)
	at org.hibernate.sql.results.graph.DomainResultGraphPrinter.logDomainResultGraph(DomainResultGraphPrinter.java:37)
	at org.hibernate.sql.ast.spi.AbstractSqlAstTranslator.translateSelect(AbstractSqlAstTranslator.java:848)
	at org.hibernate.sql.ast.spi.AbstractSqlAstTranslator.translate(AbstractSqlAstTranslator.java:801)
	at org.hibernate.query.sqm.internal.ConcreteSqmSelectQueryPlan.buildCacheableSqmInterpretation(ConcreteSqmSelectQueryPlan.java:372)
	at org.hibernate.query.sqm.internal.ConcreteSqmSelectQueryPlan.withCacheableSqmInterpretation(ConcreteSqmSelectQueryPlan.java:268)
	at org.hibernate.query.sqm.internal.ConcreteSqmSelectQueryPlan.performList(ConcreteSqmSelectQueryPlan.java:244)
	at org.hibernate.query.sqm.internal.QuerySqmImpl.doList(QuerySqmImpl.java:518)
	at org.hibernate.query.spi.AbstractSelectionQuery.list(AbstractSelectionQuery.java:367)
	at org.hibernate.query.spi.AbstractSelectionQuery.getSingleResult(AbstractSelectionQuery.java:473)
	at franco.maurizio.hr.desk.com.persistence.repository.candidate.CandidateRepositoryImpl.getSingleCustomCandidate(CandidateRepositoryImpl.java:311)
	at java.base/jdk.internal.reflect.NativeMethodAccessorImpl.invoke0(Native Method)
	at java.base/jdk.internal.reflect.NativeMethodAccessorImpl.invoke(NativeMethodAccessorImpl.java:77)
	at java.base/jdk.internal.reflect.DelegatingMethodAccessorImpl.invoke(DelegatingMethodAccessorImpl.java:43)
	at java.base/java.lang.reflect.Method.invoke(Method.java:568)
	at org.springframework.aop.support.AopUtils.invokeJoinpointUsingReflection(AopUtils.java:343)
	at org.springframework.aop.framework.ReflectiveMethodInvocation.invokeJoinpoint(ReflectiveMethodInvocation.java:196)
	at org.springframework.aop.framework.ReflectiveMethodInvocation.proceed(ReflectiveMethodInvocation.java:163)
	at org.springframework.aop.framework.CglibAopProxy$CglibMethodInvocation.proceed(CglibAopProxy.java:751)
	at org.springframework.dao.support.PersistenceExceptionTranslationInterceptor.invoke(PersistenceExceptionTranslationInterceptor.java:137)
	at org.springframework.aop.framework.ReflectiveMethodInvocation.proceed(ReflectiveMethodInvocation.java:184)
	at org.springframework.aop.framework.CglibAopProxy$CglibMethodInvocation.proceed(CglibAopProxy.java:751)
	at org.springframework.aop.framework.CglibAopProxy$DynamicAdvisedInterceptor.intercept(CglibAopProxy.java:703)
	at franco.maurizio.hr.desk.com.persistence.repository.candidate.CandidateRepositoryImpl$$SpringCGLIB$$0.getSingleCustomCandidate(<generated>)
	at java.base/jdk.internal.reflect.NativeMethodAccessorImpl.invoke0(Native Method)
	at java.base/jdk.internal.reflect.NativeMethodAccessorImpl.invoke(NativeMethodAccessorImpl.java:77)
	at java.base/jdk.internal.reflect.DelegatingMethodAccessorImpl.invoke(DelegatingMethodAccessorImpl.java:43)
	at java.base/java.lang.reflect.Method.invoke(Method.java:568)
	at org.springframework.data.repository.core.support.RepositoryMethodInvoker$RepositoryFragmentMethodInvoker.lambda$new$0(RepositoryMethodInvoker.java:288)
	at org.springframework.data.repository.core.support.RepositoryMethodInvoker.doInvoke(RepositoryMethodInvoker.java:136)
	at org.springframework.data.repository.core.support.RepositoryMethodInvoker.invoke(RepositoryMethodInvoker.java:120)
	at org.springframework.data.repository.core.support.RepositoryComposition$RepositoryFragments.invoke(RepositoryComposition.java:516)
	at org.springframework.data.repository.core.support.RepositoryComposition.invoke(RepositoryComposition.java:285)
	at org.springframework.data.repository.core.support.RepositoryFactorySupport$ImplementationMethodExecutionInterceptor.invoke(RepositoryFactorySupport.java:628)
	at org.springframework.aop.framework.ReflectiveMethodInvocation.proceed(ReflectiveMethodInvocation.java:184)
	at org.springframework.data.repository.core.support.QueryExecutorMethodInterceptor.doInvoke(QueryExecutorMethodInterceptor.java:168)
	at org.springframework.data.repository.core.support.QueryExecutorMethodInterceptor.invoke(QueryExecutorMethodInterceptor.java:143)
	at org.springframework.aop.framework.ReflectiveMethodInvocation.proceed(ReflectiveMethodInvocation.java:184)
	at org.springframework.data.projection.DefaultMethodInvokingMethodInterceptor.invoke(DefaultMethodInvokingMethodInterceptor.java:72)
	at org.springframework.aop.framework.ReflectiveMethodInvocation.proceed(ReflectiveMethodInvocation.java:184)
	at org.springframework.transaction.interceptor.TransactionInterceptor$1.proceedWithInvocation(TransactionInterceptor.java:123)
	at org.springframework.transaction.interceptor.TransactionAspectSupport.invokeWithinTransaction(TransactionAspectSupport.java:391)
	at org.springframework.transaction.interceptor.TransactionInterceptor.invoke(TransactionInterceptor.java:119)
	at org.springframework.aop.framework.ReflectiveMethodInvocation.proceed(ReflectiveMethodInvocation.java:184)
	at org.springframework.dao.support.PersistenceExceptionTranslationInterceptor.invoke(PersistenceExceptionTranslationInterceptor.java:137)
	at org.springframework.aop.framework.ReflectiveMethodInvocation.proceed(ReflectiveMethodInvocation.java:184)
	at org.springframework.data.jpa.repository.support.CrudMethodMetadataPostProcessor$CrudMethodMetadataPopulatingMethodInterceptor.invoke(CrudMethodMetadataPostProcessor.java:164)
	at org.springframework.aop.framework.ReflectiveMethodInvocation.proceed(ReflectiveMethodInvocation.java:184)
	at org.springframework.aop.interceptor.ExposeInvocationInterceptor.invoke(ExposeInvocationInterceptor.java:97)
	at org.springframework.aop.framework.ReflectiveMethodInvocation.proceed(ReflectiveMethodInvocation.java:184)
	at org.springframework.aop.framework.JdkDynamicAopProxy.invoke(JdkDynamicAopProxy.java:244)
	at jdk.proxy2/jdk.proxy2.$Proxy199.getSingleCustomCandidate(Unknown Source)
	at franco.maurizio.hr.desk.com.service.CandidateService.getCustomById(CandidateService.java:168)
	at franco.maurizio.hr.desk.com.backend.CandidateCustomController.getCandidateCustomById(CandidateCustomController.java:123)
	at java.base/jdk.internal.reflect.NativeMethodAccessorImpl.invoke0(Native Method)
	at java.base/jdk.internal.reflect.NativeMethodAccessorImpl.invoke(NativeMethodAccessorImpl.java:77)
	at java.base/jdk.internal.reflect.DelegatingMethodAccessorImpl.invoke(DelegatingMethodAccessorImpl.java:43)
	at java.base/java.lang.reflect.Method.invoke(Method.java:568)
	at org.springframework.aop.support.AopUtils.invokeJoinpointUsingReflection(AopUtils.java:343)
	at org.springframework.aop.framework.CglibAopProxy$DynamicAdvisedInterceptor.intercept(CglibAopProxy.java:699)
	at franco.maurizio.hr.desk.com.backend.CandidateCustomController$$SpringCGLIB$$0.getCandidateCustomById(<generated>)
	at java.base/jdk.internal.reflect.NativeMethodAccessorImpl.invoke0(Native Method)
	at java.base/jdk.internal.reflect.NativeMethodAccessorImpl.invoke(NativeMethodAccessorImpl.java:77)
	at java.base/jdk.internal.reflect.DelegatingMethodAccessorImpl.invoke(DelegatingMethodAccessorImpl.java:43)
	at java.base/java.lang.reflect.Method.invoke(Method.java:568)
	at org.springframework.web.method.support.InvocableHandlerMethod.doInvoke(InvocableHandlerMethod.java:205)
	at org.springframework.web.method.support.InvocableHandlerMethod.invokeForRequest(InvocableHandlerMethod.java:150)
	at org.springframework.web.servlet.mvc.method.annotation.ServletInvocableHandlerMethod.invokeAndHandle(ServletInvocableHandlerMethod.java:118)
	at org.springframework.web.servlet.mvc.method.annotation.RequestMappingHandlerAdapter.invokeHandlerMethod(RequestMappingHandlerAdapter.java:884)
	at org.springframework.web.servlet.mvc.method.annotation.RequestMappingHandlerAdapter.handleInternal(RequestMappingHandlerAdapter.java:797)
	at org.springframework.web.servlet.mvc.method.AbstractHandlerMethodAdapter.handle(AbstractHandlerMethodAdapter.java:87)
	at org.springframework.web.servlet.DispatcherServlet.doDispatch(DispatcherServlet.java:1081)
	at org.springframework.web.servlet.DispatcherServlet.doService(DispatcherServlet.java:974)
	at org.springframework.web.servlet.FrameworkServlet.processRequest(FrameworkServlet.java:1011)
	at org.springframework.web.servlet.FrameworkServlet.doGet(FrameworkServlet.java:903)
	at jakarta.servlet.http.HttpServlet.service(HttpServlet.java:564)
	at org.springframework.web.servlet.FrameworkServlet.service(FrameworkServlet.java:885)
	at org.springframework.test.web.servlet.TestDispatcherServlet.service(TestDispatcherServlet.java:72)
	at jakarta.servlet.http.HttpServlet.service(HttpServlet.java:658)
	at org.springframework.mock.web.MockFilterChain$ServletFilterProxy.doFilter(MockFilterChain.java:165)
	at org.springframework.mock.web.MockFilterChain.doFilter(MockFilterChain.java:132)
	at org.springframework.security.web.FilterChainProxy.lambda$doFilterInternal$3(FilterChainProxy.java:231)
	at org.springframework.security.web.ObservationFilterChainDecorator$FilterObservation$SimpleFilterObservation.lambda$wrap$1(ObservationFilterChainDecorator.java:479)
	at org.springframework.security.web.ObservationFilterChainDecorator$AroundFilterObservation$SimpleAroundFilterObservation.lambda$wrap$1(ObservationFilterChainDecorator.java:340)
	at org.springframework.security.web.ObservationFilterChainDecorator.lambda$wrapSecured$0(ObservationFilterChainDecorator.java:82)
	at org.springframework.security.web.ObservationFilterChainDecorator$VirtualFilterChain.doFilter(ObservationFilterChainDecorator.java:128)
	at org.springframework.security.web.access.intercept.AuthorizationFilter.doFilter(AuthorizationFilter.java:100)
	at org.springframework.security.web.ObservationFilterChainDecorator$ObservationFilter.wrapFilter(ObservationFilterChainDecorator.java:240)
	at org.springframework.security.web.ObservationFilterChainDecorator$ObservationFilter.doFilter(ObservationFilterChainDecorator.java:227)
	at org.springframework.security.web.ObservationFilterChainDecorator$VirtualFilterChain.doFilter(ObservationFilterChainDecorator.java:137)
	at org.springframework.security.web.access.ExceptionTranslationFilter.doFilter(ExceptionTranslationFilter.java:126)
	at org.springframework.security.web.access.ExceptionTranslationFilter.doFilter(ExceptionTranslationFilter.java:120)
	at org.springframework.security.web.ObservationFilterChainDecorator$ObservationFilter.wrapFilter(ObservationFilterChainDecorator.java:240)
	at org.springframework.security.web.ObservationFilterChainDecorator$ObservationFilter.doFilter(ObservationFilterChainDecorator.java:227)
	at org.springframework.security.web.ObservationFilterChainDecorator$VirtualFilterChain.doFilter(ObservationFilterChainDecorator.java:137)
	at org.springframework.security.web.authentication.AnonymousAuthenticationFilter.doFilter(AnonymousAuthenticationFilter.java:100)
	at org.springframework.security.web.ObservationFilterChainDecorator$ObservationFilter.wrapFilter(ObservationFilterChainDecorator.java:240)
	at org.springframework.security.web.ObservationFilterChainDecorator$ObservationFilter.doFilter(ObservationFilterChainDecorator.java:227)
	at org.springframework.security.web.ObservationFilterChainDecorator$VirtualFilterChain.doFilter(ObservationFilterChainDecorator.java:137)
	at org.springframework.security.web.servletapi.SecurityContextHolderAwareRequestFilter.doFilter(SecurityContextHolderAwareRequestFilter.java:179)
	at org.springframework.security.web.ObservationFilterChainDecorator$ObservationFilter.wrapFilter(ObservationFilterChainDecorator.java:240)
	at org.springframework.security.web.ObservationFilterChainDecorator$ObservationFilter.doFilter(ObservationFilterChainDecorator.java:227)
	at org.springframework.security.web.ObservationFilterChainDecorator$VirtualFilterChain.doFilter(ObservationFilterChainDecorator.java:137)
	at org.springframework.security.web.savedrequest.RequestCacheAwareFilter.doFilter(RequestCacheAwareFilter.java:63)
	at org.springframework.security.web.ObservationFilterChainDecorator$ObservationFilter.wrapFilter(ObservationFilterChainDecorator.java:240)
	at org.springframework.security.web.ObservationFilterChainDecorator$ObservationFilter.doFilter(ObservationFilterChainDecorator.java:227)
	at org.springframework.security.web.ObservationFilterChainDecorator$VirtualFilterChain.doFilter(ObservationFilterChainDecorator.java:137)
	at org.springframework.security.web.authentication.www.BasicAuthenticationFilter.doFilterInternal(BasicAuthenticationFilter.java:200)
	at org.springframework.web.filter.OncePerRequestFilter.doFilter(OncePerRequestFilter.java:116)
	at org.springframework.security.web.ObservationFilterChainDecorator$ObservationFilter.wrapFilter(ObservationFilterChainDecorator.java:240)
	at org.springframework.security.web.ObservationFilterChainDecorator$ObservationFilter.doFilter(ObservationFilterChainDecorator.java:227)
	at org.springframework.security.web.ObservationFilterChainDecorator$VirtualFilterChain.doFilter(ObservationFilterChainDecorator.java:137)
	at org.springframework.security.web.authentication.logout.LogoutFilter.doFilter(LogoutFilter.java:107)
	at org.springframework.security.web.authentication.logout.LogoutFilter.doFilter(LogoutFilter.java:93)
	at org.springframework.security.web.ObservationFilterChainDecorator$ObservationFilter.wrapFilter(ObservationFilterChainDecorator.java:240)
	at org.springframework.security.web.ObservationFilterChainDecorator$ObservationFilter.doFilter(ObservationFilterChainDecorator.java:227)
	at org.springframework.security.web.ObservationFilterChainDecorator$VirtualFilterChain.doFilter(ObservationFilterChainDecorator.java:137)
	at org.springframework.security.web.header.HeaderWriterFilter.doHeadersAfter(HeaderWriterFilter.java:90)
	at org.springframework.security.web.header.HeaderWriterFilter.doFilterInternal(HeaderWriterFilter.java:75)
	at org.springframework.web.filter.OncePerRequestFilter.doFilter(OncePerRequestFilter.java:116)
	at org.springframework.security.web.ObservationFilterChainDecorator$ObservationFilter.wrapFilter(ObservationFilterChainDecorator.java:240)
	at org.springframework.security.web.ObservationFilterChainDecorator$ObservationFilter.doFilter(ObservationFilterChainDecorator.java:227)
	at org.springframework.security.web.ObservationFilterChainDecorator$VirtualFilterChain.doFilter(ObservationFilterChainDecorator.java:137)
	at org.springframework.security.web.context.SecurityContextHolderFilter.doFilter(SecurityContextHolderFilter.java:82)
	at org.springframework.security.web.context.SecurityContextHolderFilter.doFilter(SecurityContextHolderFilter.java:69)
	at org.springframework.security.web.ObservationFilterChainDecorator$ObservationFilter.wrapFilter(ObservationFilterChainDecorator.java:240)
	at org.springframework.security.web.ObservationFilterChainDecorator$ObservationFilter.doFilter(ObservationFilterChainDecorator.java:227)
	at org.springframework.security.web.ObservationFilterChainDecorator$VirtualFilterChain.doFilter(ObservationFilterChainDecorator.java:137)
	at org.springframework.security.web.context.request.async.WebAsyncManagerIntegrationFilter.doFilterInternal(WebAsyncManagerIntegrationFilter.java:62)
	at org.springframework.web.filter.OncePerRequestFilter.doFilter(OncePerRequestFilter.java:116)
	at org.springframework.security.web.ObservationFilterChainDecorator$ObservationFilter.wrapFilter(ObservationFilterChainDecorator.java:240)
	at org.springframework.security.web.ObservationFilterChainDecorator$ObservationFilter.doFilter(ObservationFilterChainDecorator.java:227)
	at org.springframework.security.web.ObservationFilterChainDecorator$VirtualFilterChain.doFilter(ObservationFilterChainDecorator.java:137)
	at org.springframework.security.web.session.DisableEncodeUrlFilter.doFilterInternal(DisableEncodeUrlFilter.java:42)
	at org.springframework.web.filter.OncePerRequestFilter.doFilter(OncePerRequestFilter.java:116)
	at org.springframework.security.web.ObservationFilterChainDecorator$ObservationFilter.wrapFilter(ObservationFilterChainDecorator.java:240)
	at org.springframework.security.web.ObservationFilterChainDecorator$AroundFilterObservation$SimpleAroundFilterObservation.lambda$wrap$0(ObservationFilterChainDecorator.java:323)
	at org.springframework.security.web.ObservationFilterChainDecorator$ObservationFilter.doFilter(ObservationFilterChainDecorator.java:224)
	at org.springframework.security.web.ObservationFilterChainDecorator$VirtualFilterChain.doFilter(ObservationFilterChainDecorator.java:137)
	at org.springframework.security.web.FilterChainProxy.doFilterInternal(FilterChainProxy.java:233)
	at org.springframework.security.web.FilterChainProxy.doFilter(FilterChainProxy.java:191)
	at org.springframework.web.filter.DelegatingFilterProxy.invokeDelegate(DelegatingFilterProxy.java:352)
	at org.springframework.web.filter.DelegatingFilterProxy.doFilter(DelegatingFilterProxy.java:268)
	at org.springframework.mock.web.MockFilterChain.doFilter(MockFilterChain.java:132)
	at org.springframework.web.filter.RequestContextFilter.doFilterInternal(RequestContextFilter.java:100)
	at org.springframework.web.filter.OncePerRequestFilter.doFilter(OncePerRequestFilter.java:116)
	at org.springframework.mock.web.MockFilterChain.doFilter(MockFilterChain.java:132)
	at org.springframework.web.filter.FormContentFilter.doFilterInternal(FormContentFilter.java:93)
	at org.springframework.web.filter.OncePerRequestFilter.doFilter(OncePerRequestFilter.java:116)
	at org.springframework.mock.web.MockFilterChain.doFilter(MockFilterChain.java:132)
	at org.springframework.web.filter.ServerHttpObservationFilter.doFilterInternal(ServerHttpObservationFilter.java:109)
	at org.springframework.web.filter.OncePerRequestFilter.doFilter(OncePerRequestFilter.java:116)
	at org.springframework.mock.web.MockFilterChain.doFilter(MockFilterChain.java:132)
	at org.springframework.web.filter.CharacterEncodingFilter.doFilterInternal(CharacterEncodingFilter.java:201)
	at org.springframework.web.filter.OncePerRequestFilter.doFilter(OncePerRequestFilter.java:116)
	at org.springframework.mock.web.MockFilterChain.doFilter(MockFilterChain.java:132)
	at org.springframework.test.web.servlet.MockMvc.perform(MockMvc.java:201)
	at franco.maurizio.hr.desk.com.integration.controller.CandidateCustomControllerIntegrationTests.whenGetCandidateCustomById_andThereIsOne_thenStatus200(CandidateCustomControllerIntegrationTests.java:143)
	at java.base/jdk.internal.reflect.NativeMethodAccessorImpl.invoke0(Native Method)
	at java.base/jdk.internal.reflect.NativeMethodAccessorImpl.invoke(NativeMethodAccessorImpl.java:77)
	at java.base/jdk.internal.reflect.DelegatingMethodAccessorImpl.invoke(DelegatingMethodAccessorImpl.java:43)
	at java.base/java.lang.reflect.Method.invoke(Method.java:568)
	at org.junit.platform.commons.util.ReflectionUtils.invokeMethod(ReflectionUtils.java:727)
	at org.junit.jupiter.engine.execution.MethodInvocation.proceed(MethodInvocation.java:60)
	at org.junit.jupiter.engine.execution.InvocationInterceptorChain$ValidatingInvocation.proceed(InvocationInterceptorChain.java:131)
	at org.junit.jupiter.engine.extension.TimeoutExtension.intercept(TimeoutExtension.java:156)
	at org.junit.jupiter.engine.extension.TimeoutExtension.interceptTestableMethod(TimeoutExtension.java:147)
	at org.junit.jupiter.engine.extension.TimeoutExtension.interceptTestMethod(TimeoutExtension.java:86)
	at org.junit.jupiter.engine.execution.InterceptingExecutableInvoker$ReflectiveInterceptorCall.lambda$ofVoidMethod$0(InterceptingExecutableInvoker.java:103)
	at org.junit.jupiter.engine.execution.InterceptingExecutableInvoker.lambda$invoke$0(InterceptingExecutableInvoker.java:93)
	at org.junit.jupiter.engine.execution.InvocationInterceptorChain$InterceptedInvocation.proceed(InvocationInterceptorChain.java:106)
	at org.junit.jupiter.engine.execution.InvocationInterceptorChain.proceed(InvocationInterceptorChain.java:64)
	at org.junit.jupiter.engine.execution.InvocationInterceptorChain.chainAndInvoke(InvocationInterceptorChain.java:45)
	at org.junit.jupiter.engine.execution.InvocationInterceptorChain.invoke(InvocationInterceptorChain.java:37)
	at org.junit.jupiter.engine.execution.InterceptingExecutableInvoker.invoke(InterceptingExecutableInvoker.java:92)
	at org.junit.jupiter.engine.execution.InterceptingExecutableInvoker.invoke(InterceptingExecutableInvoker.java:86)
	at org.junit.jupiter.engine.descriptor.TestMethodTestDescriptor.lambda$invokeTestMethod$7(TestMethodTestDescriptor.java:217)
	at org.junit.platform.engine.support.hierarchical.ThrowableCollector.execute(ThrowableCollector.java:73)
	at org.junit.jupiter.engine.descriptor.TestMethodTestDescriptor.invokeTestMethod(TestMethodTestDescriptor.java:213)
	at org.junit.jupiter.engine.descriptor.TestMethodTestDescriptor.execute(TestMethodTestDescriptor.java:138)
	at org.junit.jupiter.engine.descriptor.TestMethodTestDescriptor.execute(TestMethodTestDescriptor.java:68)
	at org.junit.platform.engine.support.hierarchical.NodeTestTask.lambda$executeRecursively$6(NodeTestTask.java:151)
	at org.junit.platform.engine.support.hierarchical.ThrowableCollector.execute(ThrowableCollector.java:73)
	at org.junit.platform.engine.support.hierarchical.NodeTestTask.lambda$executeRecursively$8(NodeTestTask.java:141)
	at org.junit.platform.engine.support.hierarchical.Node.around(Node.java:137)
	at org.junit.platform.engine.support.hierarchical.NodeTestTask.lambda$executeRecursively$9(NodeTestTask.java:139)
	at org.junit.platform.engine.support.hierarchical.ThrowableCollector.execute(ThrowableCollector.java:73)
	at org.junit.platform.engine.support.hierarchical.NodeTestTask.executeRecursively(NodeTestTask.java:138)
	at org.junit.platform.engine.support.hierarchical.NodeTestTask.execute(NodeTestTask.java:95)
	at java.base/java.util.ArrayList.forEach(ArrayList.java:1511)
	at org.junit.platform.engine.support.hierarchical.SameThreadHierarchicalTestExecutorService.invokeAll(SameThreadHierarchicalTestExecutorService.java:41)
	at org.junit.platform.engine.support.hierarchical.NodeTestTask.lambda$executeRecursively$6(NodeTestTask.java:155)
	at org.junit.platform.engine.support.hierarchical.ThrowableCollector.execute(ThrowableCollector.java:73)
	at org.junit.platform.engine.support.hierarchical.NodeTestTask.lambda$executeRecursively$8(NodeTestTask.java:141)
	at org.junit.platform.engine.support.hierarchical.Node.around(Node.java:137)
	at org.junit.platform.engine.support.hierarchical.NodeTestTask.lambda$executeRecursively$9(NodeTestTask.java:139)
	at org.junit.platform.engine.support.hierarchical.ThrowableCollector.execute(ThrowableCollector.java:73)
	at org.junit.platform.engine.support.hierarchical.NodeTestTask.executeRecursively(NodeTestTask.java:138)
	at org.junit.platform.engine.support.hierarchical.NodeTestTask.execute(NodeTestTask.java:95)
	at java.base/java.util.ArrayList.forEach(ArrayList.java:1511)
	at org.junit.platform.engine.support.hierarchical.SameThreadHierarchicalTestExecutorService.invokeAll(SameThreadHierarchicalTestExecutorService.java:41)
	at org.junit.platform.engine.support.hierarchical.NodeTestTask.lambda$executeRecursively$6(NodeTestTask.java:155)
	at org.junit.platform.engine.support.hierarchical.ThrowableCollector.execute(ThrowableCollector.java:73)
	at org.junit.platform.engine.support.hierarchical.NodeTestTask.lambda$executeRecursively$8(NodeTestTask.java:141)
	at org.junit.platform.engine.support.hierarchical.Node.around(Node.java:137)
	at org.junit.platform.engine.support.hierarchical.NodeTestTask.lambda$executeRecursively$9(NodeTestTask.java:139)
	at org.junit.platform.engine.support.hierarchical.ThrowableCollector.execute(ThrowableCollector.java:73)
	at org.junit.platform.engine.support.hierarchical.NodeTestTask.executeRecursively(NodeTestTask.java:138)
	at org.junit.platform.engine.support.hierarchical.NodeTestTask.execute(NodeTestTask.java:95)
	at org.junit.platform.engine.support.hierarchical.SameThreadHierarchicalTestExecutorService.submit(SameThreadHierarchicalTestExecutorService.java:35)
	at org.junit.platform.engine.support.hierarchical.HierarchicalTestExecutor.execute(HierarchicalTestExecutor.java:57)
	at org.junit.platform.engine.support.hierarchical.HierarchicalTestEngine.execute(HierarchicalTestEngine.java:54)
	at org.junit.platform.launcher.core.EngineExecutionOrchestrator.execute(EngineExecutionOrchestrator.java:147)
	at org.junit.platform.launcher.core.EngineExecutionOrchestrator.execute(EngineExecutionOrchestrator.java:127)
	at org.junit.platform.launcher.core.EngineExecutionOrchestrator.execute(EngineExecutionOrchestrator.java:90)
	at org.junit.platform.launcher.core.EngineExecutionOrchestrator.lambda$execute$0(EngineExecutionOrchestrator.java:55)
	at org.junit.platform.launcher.core.EngineExecutionOrchestrator.withInterceptedStreams(EngineExecutionOrchestrator.java:102)
	at org.junit.platform.launcher.core.EngineExecutionOrchestrator.execute(EngineExecutionOrchestrator.java:54)
	at org.junit.platform.launcher.core.DefaultLauncher.execute(DefaultLauncher.java:114)
	at org.junit.platform.launcher.core.DefaultLauncher.execute(DefaultLauncher.java:86)
	at org.junit.platform.launcher.core.DefaultLauncherSession$DelegatingLauncher.execute(DefaultLauncherSession.java:86)
	at org.apache.maven.surefire.junitplatform.LazyLauncher.execute(LazyLauncher.java:50)
	at org.apache.maven.surefire.junitplatform.JUnitPlatformProvider.execute(JUnitPlatformProvider.java:184)
	at org.apache.maven.surefire.junitplatform.JUnitPlatformProvider.invokeAllTests(JUnitPlatformProvider.java:148)
	at org.apache.maven.surefire.junitplatform.JUnitPlatformProvider.invoke(JUnitPlatformProvider.java:122)
	at org.apache.maven.surefire.booter.ForkedBooter.runSuitesInProcess(ForkedBooter.java:385)
	at org.apache.maven.surefire.booter.ForkedBooter.execute(ForkedBooter.java:162)
	at org.apache.maven.surefire.booter.ForkedBooter.run(ForkedBooter.java:507)
	at org.apache.maven.surefire.booter.ForkedBooter.main(ForkedBooter.java:495)
2023-11-24 12:36:49,353 DEBUG o.h.o.s.a.tree [SqlTreePrinter.java:46] SQL AST Tree:
    SelectStatement {
      FromClause {
        StandardTableGroup (c1 : franco.maurizio.hr.desk.com.persistence.entity.Candidate(961693301172258)) {
          primaryTableReference : candidates as c1_0
        }
        StandardTableGroup (c2 : franco.maurizio.hr.desk.com.persistence.entity.CandidateStates(961693301185027)) {
          primaryTableReference : candidate_states as c2_0
        }
      }
    }

2023-11-24 12:36:49,354 DEBUG o.h.o.s.exec [JdbcSelectExecutorStandardImpl.java:455] Skipping reading Query result cache data: cache-enabled = false, cache-mode = NORMAL
2023-11-24 12:36:49,354 DEBUG o.h.o.results [NavigablePathMapToInitializer.java:56] Initializer list is empty
2023-11-24 12:36:49,355 TRACE o.h.s.r.j.i.DeferredResultSetAccess [DeferredResultSetAccess.java:224] Executing query to retrieve ResultSet : select c1_0.id,c1_0.domicile_city,c1_0.study_qualification,c1_0.graduate,c1_0.high_graduate,c1_0.still_high_study,c1_0.mobile,c1_0.cv_external_path,c1_0.email,c1_0.firstname,c1_0.lastname,c1_0.dateofbirth,c1_0.imgpath,c1_0.course_code,c1_0.technical_note,c1_0.label,c1_0.candidate_state_code,c2_0.status_color,c2_0.status_label from candidates c1_0,candidate_states c2_0 where c1_0.id=? and c1_0.candidate_state_code=c2_0.status_code limit ?
2023-11-24 12:36:49,355 DEBUG o.h.SQL [SqlStatementLogger.java:133] select c1_0.id,c1_0.domicile_city,c1_0.study_qualification,c1_0.graduate,c1_0.high_graduate,c1_0.still_high_study,c1_0.mobile,c1_0.cv_external_path,c1_0.email,c1_0.firstname,c1_0.lastname,c1_0.dateofbirth,c1_0.imgpath,c1_0.course_code,c1_0.technical_note,c1_0.label,c1_0.candidate_state_code,c2_0.status_color,c2_0.status_label from candidates c1_0,candidate_states c2_0 where c1_0.id=? and c1_0.candidate_state_code=c2_0.status_code limit ?
Hibernate: select c1_0.id,c1_0.domicile_city,c1_0.study_qualification,c1_0.graduate,c1_0.high_graduate,c1_0.still_high_study,c1_0.mobile,c1_0.cv_external_path,c1_0.email,c1_0.firstname,c1_0.lastname,c1_0.dateofbirth,c1_0.imgpath,c1_0.course_code,c1_0.technical_note,c1_0.label,c1_0.candidate_state_code,c2_0.status_color,c2_0.status_label from candidates c1_0,candidate_states c2_0 where c1_0.id=? and c1_0.candidate_state_code=c2_0.status_code limit ?
2023-11-24 12:36:49,355 TRACE o.h.r.j.i.ResourceRegistryStandardImpl [ResourceRegistryStandardImpl.java:82] Registering statement [HikariProxyPreparedStatement@1159315775 wrapping com.mysql.cj.jdbc.ClientPreparedStatement: select c1_0.id,c1_0.domicile_city,c1_0.study_qualification,c1_0.graduate,c1_0.high_graduate,c1_0.still_high_study,c1_0.mobile,c1_0.cv_external_path,c1_0.email,c1_0.firstname,c1_0.lastname,c1_0.dateofbirth,c1_0.imgpath,c1_0.course_code,c1_0.technical_note,c1_0.label,c1_0.candidate_state_code,c2_0.status_color,c2_0.status_label from candidates c1_0,candidate_states c2_0 where c1_0.id=** NOT SPECIFIED ** and c1_0.candidate_state_code=c2_0.status_code limit ** NOT SPECIFIED **]
2023-11-24 12:36:49,356 TRACE o.h.e.j.i.JdbcCoordinatorImpl [JdbcCoordinatorImpl.java:322] Registering last query statement [HikariProxyPreparedStatement@1159315775 wrapping com.mysql.cj.jdbc.ClientPreparedStatement: select c1_0.id,c1_0.domicile_city,c1_0.study_qualification,c1_0.graduate,c1_0.high_graduate,c1_0.still_high_study,c1_0.mobile,c1_0.cv_external_path,c1_0.email,c1_0.firstname,c1_0.lastname,c1_0.dateofbirth,c1_0.imgpath,c1_0.course_code,c1_0.technical_note,c1_0.label,c1_0.candidate_state_code,c2_0.status_color,c2_0.status_label from candidates c1_0,candidate_states c2_0 where c1_0.id=** NOT SPECIFIED ** and c1_0.candidate_state_code=c2_0.status_code limit ** NOT SPECIFIED **]
2023-11-24 12:36:49,356 TRACE o.h.o.j.bind [JdbcBindingLogging.java:25] binding parameter [1] as [BIGINT] - [53]
2023-11-24 12:36:49,356 TRACE o.h.o.j.bind [JdbcBindingLogging.java:25] binding parameter [2] as [INTEGER] - [1]
2023-11-24 12:36:49,357 TRACE o.h.r.j.i.ResourceRegistryStandardImpl [ResourceRegistryStandardImpl.java:221] Registering result set [HikariProxyResultSet@1212576318 wrapping com.mysql.cj.jdbc.result.ResultSetImpl@6474b321]
2023-11-24 12:36:49,357 TRACE o.h.r.j.i.AbstractLogicalConnectionImplementor [AbstractLogicalConnectionImplementor.java:48] LogicalConnection#afterStatement
2023-11-24 12:36:49,358 TRACE o.h.o.j.extract [JdbcExtractingLogging.java:24] extracted value ([1] : [BIGINT]) - [53]
2023-11-24 12:36:49,358 TRACE o.h.o.j.extract [JdbcExtractingLogging.java:35] extracted value ([2] : [VARCHAR]) - [null]
2023-11-24 12:36:49,358 TRACE o.h.o.j.extract [JdbcExtractingLogging.java:35] extracted value ([3] : [VARCHAR]) - [null]
2023-11-24 12:36:49,358 TRACE o.h.o.j.extract [JdbcExtractingLogging.java:35] extracted value ([4] : [BOOLEAN]) - [null]
2023-11-24 12:36:49,358 TRACE o.h.o.j.extract [JdbcExtractingLogging.java:35] extracted value ([5] : [BOOLEAN]) - [null]
2023-11-24 12:36:49,358 TRACE o.h.o.j.extract [JdbcExtractingLogging.java:35] extracted value ([6] : [BOOLEAN]) - [null]
2023-11-24 12:36:49,359 TRACE o.h.o.j.extract [JdbcExtractingLogging.java:35] extracted value ([7] : [VARCHAR]) - [null]
2023-11-24 12:36:49,359 TRACE o.h.o.j.extract [JdbcExtractingLogging.java:35] extracted value ([8] : [VARCHAR]) - [null]
2023-11-24 12:36:49,359 TRACE o.h.o.j.extract [JdbcExtractingLogging.java:24] extracted value ([9] : [VARCHAR]) - [test@email.com]
2023-11-24 12:36:49,359 TRACE o.h.o.j.extract [JdbcExtractingLogging.java:24] extracted value ([10] : [VARCHAR]) - [Test_Firstname]
2023-11-24 12:36:49,359 TRACE o.h.o.j.extract [JdbcExtractingLogging.java:24] extracted value ([11] : [VARCHAR]) - [Test_Lasstname]
2023-11-24 12:36:49,359 TRACE o.h.o.j.extract [JdbcExtractingLogging.java:35] extracted value ([12] : [DATE]) - [null]
2023-11-24 12:36:49,359 TRACE o.h.o.j.extract [JdbcExtractingLogging.java:35] extracted value ([13] : [VARCHAR]) - [null]
2023-11-24 12:36:49,359 TRACE o.h.o.j.extract [JdbcExtractingLogging.java:24] extracted value ([14] : [VARCHAR]) - [Code_373]
2023-11-24 12:36:49,360 TRACE o.h.o.j.extract [JdbcExtractingLogging.java:35] extracted value ([15] : [VARCHAR]) - [null]
2023-11-24 12:36:49,360 TRACE o.h.o.j.extract [JdbcExtractingLogging.java:35] extracted value ([16] : [VARCHAR]) - [null]
2023-11-24 12:36:49,360 TRACE o.h.o.j.extract [JdbcExtractingLogging.java:24] extracted value ([17] : [BIGINT]) - [100]
2023-11-24 12:36:49,360 TRACE o.h.o.j.extract [JdbcExtractingLogging.java:24] extracted value ([18] : [VARCHAR]) - [#FF0000]
2023-11-24 12:36:49,360 TRACE o.h.o.j.extract [JdbcExtractingLogging.java:24] extracted value ([19] : [VARCHAR]) - [a status label]
2023-11-24 12:36:49,360 TRACE o.h.o.r.loading [StandardRowReader.java:85] StandardRowReader#readRow
2023-11-24 12:36:49,360 DEBUG o.h.o.r.loading [StandardRowReader.java:93] Calling top-level assembler (0 / 1) : org.hibernate.sql.results.graph.instantiation.internal.DynamicInstantiationAssemblerConstructorImpl@2a3481e3
2023-11-24 12:36:49,361 DEBUG o.h.o.results [BasicResultAssembler.java:61] Extracted JDBC value [0] - [53]
2023-11-24 12:36:49,361 DEBUG o.h.o.results [BasicResultAssembler.java:61] Extracted JDBC value [1] - [null]
2023-11-24 12:36:49,361 DEBUG o.h.o.results [BasicResultAssembler.java:61] Extracted JDBC value [2] - [null]
2023-11-24 12:36:49,361 DEBUG o.h.o.results [BasicResultAssembler.java:61] Extracted JDBC value [3] - [null]
2023-11-24 12:36:49,361 DEBUG o.h.o.results [BasicResultAssembler.java:61] Extracted JDBC value [4] - [null]
2023-11-24 12:36:49,361 DEBUG o.h.o.results [BasicResultAssembler.java:61] Extracted JDBC value [5] - [null]
2023-11-24 12:36:49,361 DEBUG o.h.o.results [BasicResultAssembler.java:61] Extracted JDBC value [6] - [null]
2023-11-24 12:36:49,362 DEBUG o.h.o.results [BasicResultAssembler.java:61] Extracted JDBC value [7] - [null]
2023-11-24 12:36:49,362 DEBUG o.h.o.results [BasicResultAssembler.java:61] Extracted JDBC value [8] - [test@email.com]
2023-11-24 12:36:49,362 DEBUG o.h.o.results [BasicResultAssembler.java:61] Extracted JDBC value [9] - [Test_Firstname]
2023-11-24 12:36:49,362 DEBUG o.h.o.results [BasicResultAssembler.java:61] Extracted JDBC value [10] - [Test_Lasstname]
2023-11-24 12:36:49,362 DEBUG o.h.o.results [BasicResultAssembler.java:61] Extracted JDBC value [11] - [null]
2023-11-24 12:36:49,362 DEBUG o.h.o.results [BasicResultAssembler.java:61] Extracted JDBC value [12] - [null]
2023-11-24 12:36:49,362 DEBUG o.h.o.results [BasicResultAssembler.java:61] Extracted JDBC value [13] - [Code_373]
2023-11-24 12:36:49,362 DEBUG o.h.o.results [BasicResultAssembler.java:61] Extracted JDBC value [14] - [null]
2023-11-24 12:36:49,363 DEBUG o.h.o.results [BasicResultAssembler.java:61] Extracted JDBC value [15] - [null]
2023-11-24 12:36:49,363 DEBUG o.h.o.results [BasicResultAssembler.java:61] Extracted JDBC value [16] - [100]
2023-11-24 12:36:49,363 DEBUG o.h.o.results [BasicResultAssembler.java:61] Extracted JDBC value [17] - [#FF0000]
2023-11-24 12:36:49,363 DEBUG o.h.o.results [BasicResultAssembler.java:61] Extracted JDBC value [18] - [a status label]
2023-11-24 12:36:49,363 TRACE o.h.o.r.loading [StandardRowReader.java:103] StandardRowReader#afterRow
2023-11-24 12:36:49,363 TRACE o.h.r.j.i.ResourceRegistryStandardImpl [ResourceRegistryStandardImpl.java:117] Releasing result set [HikariProxyResultSet@1212576318 wrapping com.mysql.cj.jdbc.result.ResultSetImpl@6474b321]
2023-11-24 12:36:49,363 TRACE o.h.r.j.i.ResourceRegistryStandardImpl [ResourceRegistryStandardImpl.java:169] Closing result set [HikariProxyResultSet@1212576318 wrapping com.mysql.cj.jdbc.result.ResultSetImpl@6474b321]
2023-11-24 12:36:49,364 TRACE o.h.r.j.i.ResourceRegistryStandardImpl [ResourceRegistryStandardImpl.java:96] Releasing statement [HikariProxyPreparedStatement@1159315775 wrapping com.mysql.cj.jdbc.ClientPreparedStatement: select c1_0.id,c1_0.domicile_city,c1_0.study_qualification,c1_0.graduate,c1_0.high_graduate,c1_0.still_high_study,c1_0.mobile,c1_0.cv_external_path,c1_0.email,c1_0.firstname,c1_0.lastname,c1_0.dateofbirth,c1_0.imgpath,c1_0.course_code,c1_0.technical_note,c1_0.label,c1_0.candidate_state_code,c2_0.status_color,c2_0.status_label from candidates c1_0,candidate_states c2_0 where c1_0.id=53 and c1_0.candidate_state_code=c2_0.status_code limit 1]
2023-11-24 12:36:49,364 TRACE o.h.r.j.i.ResourceRegistryStandardImpl [ResourceRegistryStandardImpl.java:187] Closing prepared statement [HikariProxyPreparedStatement@1159315775 wrapping com.mysql.cj.jdbc.ClientPreparedStatement: select c1_0.id,c1_0.domicile_city,c1_0.study_qualification,c1_0.graduate,c1_0.high_graduate,c1_0.still_high_study,c1_0.mobile,c1_0.cv_external_path,c1_0.email,c1_0.firstname,c1_0.lastname,c1_0.dateofbirth,c1_0.imgpath,c1_0.course_code,c1_0.technical_note,c1_0.label,c1_0.candidate_state_code,c2_0.status_color,c2_0.status_label from candidates c1_0,candidate_states c2_0 where c1_0.id=53 and c1_0.candidate_state_code=c2_0.status_code limit 1]
2023-11-24 12:36:49,364 TRACE o.h.e.i.StatefulPersistenceContext [StatefulPersistenceContext.java:976] Initializing non-lazy collections
2023-11-24 12:36:49,364 TRACE o.h.r.j.i.AbstractLogicalConnectionImplementor [AbstractLogicalConnectionImplementor.java:58] LogicalConnection#afterTransaction
2023-11-24 12:36:49,364 TRACE o.h.r.j.i.ResourceRegistryStandardImpl [ResourceRegistryStandardImpl.java:329] Releasing JDBC resources
2023-11-24 12:36:49,427 TRACE o.h.i.SessionImpl [SessionImpl.java:402] Closing session [4928c351-05e0-4615-a0df-f9602c9dbfb0]
2023-11-24 12:36:49,427 TRACE o.h.e.j.i.JdbcCoordinatorImpl [JdbcCoordinatorImpl.java:152] Closing JDBC container [org.hibernate.engine.jdbc.internal.JdbcCoordinatorImpl@386b9ba6]
2023-11-24 12:36:49,427 TRACE o.h.r.j.i.ResourceRegistryStandardImpl [ResourceRegistryStandardImpl.java:329] Releasing JDBC resources
2023-11-24 12:36:49,427 TRACE o.h.r.j.i.LogicalConnectionManagedImpl [LogicalConnectionManagedImpl.java:256] Closing logical connection
2023-11-24 12:36:49,427 TRACE o.h.r.j.i.ResourceRegistryStandardImpl [ResourceRegistryStandardImpl.java:329] Releasing JDBC resources
2023-11-24 12:36:49,427 TRACE o.h.r.j.i.LogicalConnectionManagedImpl [LogicalConnectionManagedImpl.java:263] Logical connection closed
2023-11-24 12:36:49,468 DEBUG c.j.j.i.p.CompiledPath [CompiledPath.java:93] Evaluating path: $['firstname']
2023-11-24 12:36:49,473 DEBUG c.j.j.i.p.CompiledPath [CompiledPath.java:93] Evaluating path: $['lastname']
2023-11-24 12:36:49,473 DEBUG c.j.j.i.p.CompiledPath [CompiledPath.java:93] Evaluating path: $['email']
2023-11-24 12:36:49,473 DEBUG c.j.j.i.p.CompiledPath [CompiledPath.java:93] Evaluating path: $['courseCode']
2023-11-24 12:36:49,473 TRACE f.m.h.d.c.i.c.CandidateCustomControllerIntegrationTests [CandidateCustomControllerIntegrationTests.java:160] ########################################################
2023-11-24 12:36:49,474 TRACE f.m.h.d.c.i.c.CandidateCustomControllerIntegrationTests [CandidateCustomControllerIntegrationTests.java:161] ########################################################
2023-11-24 12:36:49,474 TRACE f.m.h.d.c.i.c.CandidateCustomControllerIntegrationTests [CandidateCustomControllerIntegrationTests.java:162] whenGetCandidateCustomById_andThereIsOne_thenStatus200 - END
2023-11-24 12:36:49,474 TRACE f.m.h.d.c.i.c.CandidateCustomControllerIntegrationTests [CandidateCustomControllerIntegrationTests.java:163] ########################################################
2023-11-24 12:36:49,474 TRACE f.m.h.d.c.i.c.CandidateCustomControllerIntegrationTests [CandidateCustomControllerIntegrationTests.java:164] ########################################################
]]></system-out>
  </testcase>
</testsuite>