<?xml version="1.0" encoding="UTF-8"?>
<testsuite xmlns:xsi="http://www.w3.org/2001/XMLSchema-instance" xsi:noNamespaceSchemaLocation="https://maven.apache.org/surefire/maven-surefire-plugin/xsd/surefire-test-report-3.0.xsd" version="3.0" name="franco.maurizio.hr.desk.com.unit.service.CoursePageServiceTest" time="2.249" tests="1" errors="0" skipped="0" failures="0">
  <properties>
    <property name="java.specification.version" value="17"/>
    <property name="sun.jnu.encoding" value="UTF-8"/>
    <property name="java.class.path" value="/home/maurizio/git/hr-desk/hr-desk/backend17/target/test-classes:/home/maurizio/git/hr-desk/hr-desk/backend17/target/classes:/home/maurizio/.m2/repository/org/springframework/security/spring-security-test/6.1.5/spring-security-test-6.1.5.jar:/home/maurizio/.m2/repository/org/springframework/security/spring-security-core/6.1.5/spring-security-core-6.1.5.jar:/home/maurizio/.m2/repository/org/springframework/security/spring-security-crypto/6.1.5/spring-security-crypto-6.1.5.jar:/home/maurizio/.m2/repository/org/springframework/spring-beans/6.0.13/spring-beans-6.0.13.jar:/home/maurizio/.m2/repository/org/springframework/spring-context/6.0.13/spring-context-6.0.13.jar:/home/maurizio/.m2/repository/org/springframework/spring-expression/6.0.13/spring-expression-6.0.13.jar:/home/maurizio/.m2/repository/org/springframework/security/spring-security-web/6.1.5/spring-security-web-6.1.5.jar:/home/maurizio/.m2/repository/org/springframework/spring-core/6.0.13/spring-core-6.0.13.jar:/home/maurizio/.m2/repository/org/springframework/spring-jcl/6.0.13/spring-jcl-6.0.13.jar:/home/maurizio/.m2/repository/org/springframework/spring-test/6.0.13/spring-test-6.0.13.jar:/home/maurizio/.m2/repository/org/springframework/boot/spring-boot-starter-tomcat/3.1.5/spring-boot-starter-tomcat-3.1.5.jar:/home/maurizio/.m2/repository/jakarta/annotation/jakarta.annotation-api/2.1.1/jakarta.annotation-api-2.1.1.jar:/home/maurizio/.m2/repository/org/apache/tomcat/embed/tomcat-embed-core/10.1.15/tomcat-embed-core-10.1.15.jar:/home/maurizio/.m2/repository/org/apache/tomcat/embed/tomcat-embed-el/10.1.15/tomcat-embed-el-10.1.15.jar:/home/maurizio/.m2/repository/org/apache/tomcat/embed/tomcat-embed-websocket/10.1.15/tomcat-embed-websocket-10.1.15.jar:/home/maurizio/.m2/repository/org/springframework/boot/spring-boot-starter-web/3.1.5/spring-boot-starter-web-3.1.5.jar:/home/maurizio/.m2/repository/org/springframework/boot/spring-boot-starter-json/3.1.5/spring-boot-starter-json-3.1.5.jar:/home/maurizio/.m2/repository/com/fasterxml/jackson/core/jackson-databind/2.15.3/jackson-databind-2.15.3.jar:/home/maurizio/.m2/repository/com/fasterxml/jackson/core/jackson-annotations/2.15.3/jackson-annotations-2.15.3.jar:/home/maurizio/.m2/repository/com/fasterxml/jackson/core/jackson-core/2.15.3/jackson-core-2.15.3.jar:/home/maurizio/.m2/repository/com/fasterxml/jackson/datatype/jackson-datatype-jdk8/2.15.3/jackson-datatype-jdk8-2.15.3.jar:/home/maurizio/.m2/repository/com/fasterxml/jackson/datatype/jackson-datatype-jsr310/2.15.3/jackson-datatype-jsr310-2.15.3.jar:/home/maurizio/.m2/repository/com/fasterxml/jackson/module/jackson-module-parameter-names/2.15.3/jackson-module-parameter-names-2.15.3.jar:/home/maurizio/.m2/repository/org/springframework/spring-web/6.0.13/spring-web-6.0.13.jar:/home/maurizio/.m2/repository/org/springframework/spring-webmvc/6.0.13/spring-webmvc-6.0.13.jar:/home/maurizio/.m2/repository/org/springframework/boot/spring-boot-starter-test/3.1.5/spring-boot-starter-test-3.1.5.jar:/home/maurizio/.m2/repository/org/springframework/boot/spring-boot-test/3.1.5/spring-boot-test-3.1.5.jar:/home/maurizio/.m2/repository/org/springframework/boot/spring-boot-test-autoconfigure/3.1.5/spring-boot-test-autoconfigure-3.1.5.jar:/home/maurizio/.m2/repository/com/jayway/jsonpath/json-path/2.8.0/json-path-2.8.0.jar:/home/maurizio/.m2/repository/jakarta/xml/bind/jakarta.xml.bind-api/4.0.1/jakarta.xml.bind-api-4.0.1.jar:/home/maurizio/.m2/repository/jakarta/activation/jakarta.activation-api/2.1.2/jakarta.activation-api-2.1.2.jar:/home/maurizio/.m2/repository/net/minidev/json-smart/2.4.11/json-smart-2.4.11.jar:/home/maurizio/.m2/repository/net/minidev/accessors-smart/2.4.11/accessors-smart-2.4.11.jar:/home/maurizio/.m2/repository/org/ow2/asm/asm/9.3/asm-9.3.jar:/home/maurizio/.m2/repository/org/assertj/assertj-core/3.24.2/assertj-core-3.24.2.jar:/home/maurizio/.m2/repository/net/bytebuddy/byte-buddy/1.14.9/byte-buddy-1.14.9.jar:/home/maurizio/.m2/repository/org/hamcrest/hamcrest/2.2/hamcrest-2.2.jar:/home/maurizio/.m2/repository/org/junit/jupiter/junit-jupiter/5.9.3/junit-jupiter-5.9.3.jar:/home/maurizio/.m2/repository/org/junit/jupiter/junit-jupiter-api/5.9.3/junit-jupiter-api-5.9.3.jar:/home/maurizio/.m2/repository/org/opentest4j/opentest4j/1.2.0/opentest4j-1.2.0.jar:/home/maurizio/.m2/repository/org/junit/platform/junit-platform-commons/1.9.3/junit-platform-commons-1.9.3.jar:/home/maurizio/.m2/repository/org/apiguardian/apiguardian-api/1.1.2/apiguardian-api-1.1.2.jar:/home/maurizio/.m2/repository/org/junit/jupiter/junit-jupiter-params/5.9.3/junit-jupiter-params-5.9.3.jar:/home/maurizio/.m2/repository/org/junit/jupiter/junit-jupiter-engine/5.9.3/junit-jupiter-engine-5.9.3.jar:/home/maurizio/.m2/repository/org/junit/platform/junit-platform-engine/1.9.3/junit-platform-engine-1.9.3.jar:/home/maurizio/.m2/repository/org/mockito/mockito-core/5.3.1/mockito-core-5.3.1.jar:/home/maurizio/.m2/repository/net/bytebuddy/byte-buddy-agent/1.14.9/byte-buddy-agent-1.14.9.jar:/home/maurizio/.m2/repository/org/objenesis/objenesis/3.3/objenesis-3.3.jar:/home/maurizio/.m2/repository/org/mockito/mockito-junit-jupiter/5.3.1/mockito-junit-jupiter-5.3.1.jar:/home/maurizio/.m2/repository/org/skyscreamer/jsonassert/1.5.1/jsonassert-1.5.1.jar:/home/maurizio/.m2/repository/com/vaadin/external/google/android-json/0.0.20131108.vaadin1/android-json-0.0.20131108.vaadin1.jar:/home/maurizio/.m2/repository/org/xmlunit/xmlunit-core/2.9.1/xmlunit-core-2.9.1.jar:/home/maurizio/.m2/repository/franco/maurizio/hr-desk-persistence/0.3.5_j17/hr-desk-persistence-0.3.5_j17.jar:/home/maurizio/.m2/repository/org/springframework/boot/spring-boot-starter-data-jpa/3.1.5/spring-boot-starter-data-jpa-3.1.5.jar:/home/maurizio/.m2/repository/org/springframework/boot/spring-boot-starter-aop/3.1.5/spring-boot-starter-aop-3.1.5.jar:/home/maurizio/.m2/repository/org/aspectj/aspectjweaver/1.9.20/aspectjweaver-1.9.20.jar:/home/maurizio/.m2/repository/org/springframework/boot/spring-boot-starter-jdbc/3.1.5/spring-boot-starter-jdbc-3.1.5.jar:/home/maurizio/.m2/repository/com/zaxxer/HikariCP/5.0.1/HikariCP-5.0.1.jar:/home/maurizio/.m2/repository/org/springframework/spring-jdbc/6.0.13/spring-jdbc-6.0.13.jar:/home/maurizio/.m2/repository/org/hibernate/orm/hibernate-core/6.2.13.Final/hibernate-core-6.2.13.Final.jar:/home/maurizio/.m2/repository/jakarta/persistence/jakarta.persistence-api/3.1.0/jakarta.persistence-api-3.1.0.jar:/home/maurizio/.m2/repository/jakarta/transaction/jakarta.transaction-api/2.0.1/jakarta.transaction-api-2.0.1.jar:/home/maurizio/.m2/repository/org/hibernate/common/hibernate-commons-annotations/6.0.6.Final/hibernate-commons-annotations-6.0.6.Final.jar:/home/maurizio/.m2/repository/io/smallrye/jandex/3.0.5/jandex-3.0.5.jar:/home/maurizio/.m2/repository/jakarta/inject/jakarta.inject-api/2.0.1/jakarta.inject-api-2.0.1.jar:/home/maurizio/.m2/repository/org/antlr/antlr4-runtime/4.10.1/antlr4-runtime-4.10.1.jar:/home/maurizio/.m2/repository/org/springframework/data/spring-data-jpa/3.1.5/spring-data-jpa-3.1.5.jar:/home/maurizio/.m2/repository/org/springframework/data/spring-data-commons/3.1.5/spring-data-commons-3.1.5.jar:/home/maurizio/.m2/repository/org/springframework/spring-orm/6.0.13/spring-orm-6.0.13.jar:/home/maurizio/.m2/repository/org/springframework/spring-tx/6.0.13/spring-tx-6.0.13.jar:/home/maurizio/.m2/repository/org/springframework/spring-aspects/6.0.13/spring-aspects-6.0.13.jar:/home/maurizio/.m2/repository/mysql/mysql-connector-java/8.0.19/mysql-connector-java-8.0.19.jar:/home/maurizio/.m2/repository/com/google/protobuf/protobuf-java/3.6.1/protobuf-java-3.6.1.jar:/home/maurizio/.m2/repository/org/glassfish/jaxb/jaxb-runtime/4.0.3/jaxb-runtime-4.0.3.jar:/home/maurizio/.m2/repository/org/glassfish/jaxb/jaxb-core/4.0.3/jaxb-core-4.0.3.jar:/home/maurizio/.m2/repository/org/glassfish/jaxb/txw2/4.0.3/txw2-4.0.3.jar:/home/maurizio/.m2/repository/com/sun/istack/istack-commons-runtime/4.1.2/istack-commons-runtime-4.1.2.jar:/home/maurizio/.m2/repository/org/javassist/javassist/3.23.1-GA/javassist-3.23.1-GA.jar:/home/maurizio/.m2/repository/franco/maurizio/hr-desk-mail-manager/0.3.4_j11/hr-desk-mail-manager-0.3.4_j11.jar:/home/maurizio/.m2/repository/org/apache/commons/commons-lang3/3.12.0/commons-lang3-3.12.0.jar:/home/maurizio/.m2/repository/org/apache/velocity/velocity/1.7/velocity-1.7.jar:/home/maurizio/.m2/repository/commons-collections/commons-collections/3.2.1/commons-collections-3.2.1.jar:/home/maurizio/.m2/repository/commons-lang/commons-lang/2.4/commons-lang-2.4.jar:/home/maurizio/.m2/repository/org/eclipse/angus/jakarta.mail/1.1.0/jakarta.mail-1.1.0.jar:/home/maurizio/.m2/repository/org/eclipse/angus/angus-activation/2.0.1/angus-activation-2.0.1.jar:/home/maurizio/.m2/repository/org/apache/logging/log4j/log4j-api/2.20.0/log4j-api-2.20.0.jar:/home/maurizio/.m2/repository/org/apache/logging/log4j/log4j-core/2.20.0/log4j-core-2.20.0.jar:/home/maurizio/.m2/repository/com/google/code/gson/gson/2.8.5/gson-2.8.5.jar:/home/maurizio/.m2/repository/org/springframework/boot/spring-boot-starter/3.1.5/spring-boot-starter-3.1.5.jar:/home/maurizio/.m2/repository/org/springframework/boot/spring-boot/3.1.5/spring-boot-3.1.5.jar:/home/maurizio/.m2/repository/org/springframework/boot/spring-boot-autoconfigure/3.1.5/spring-boot-autoconfigure-3.1.5.jar:/home/maurizio/.m2/repository/org/yaml/snakeyaml/1.33/snakeyaml-1.33.jar:/home/maurizio/.m2/repository/org/springframework/boot/spring-boot-starter-security/3.1.5/spring-boot-starter-security-3.1.5.jar:/home/maurizio/.m2/repository/org/springframework/spring-aop/6.0.13/spring-aop-6.0.13.jar:/home/maurizio/.m2/repository/org/springframework/security/spring-security-config/6.1.5/spring-security-config-6.1.5.jar:/home/maurizio/.m2/repository/org/springframework/boot/spring-boot-starter-validation/3.1.5/spring-boot-starter-validation-3.1.5.jar:/home/maurizio/.m2/repository/org/hibernate/validator/hibernate-validator/8.0.1.Final/hibernate-validator-8.0.1.Final.jar:/home/maurizio/.m2/repository/jakarta/validation/jakarta.validation-api/3.0.2/jakarta.validation-api-3.0.2.jar:/home/maurizio/.m2/repository/org/jboss/logging/jboss-logging/3.5.3.Final/jboss-logging-3.5.3.Final.jar:/home/maurizio/.m2/repository/com/fasterxml/classmate/1.5.1/classmate-1.5.1.jar:/home/maurizio/.m2/repository/org/springframework/boot/spring-boot-devtools/3.1.5/spring-boot-devtools-3.1.5.jar:/home/maurizio/.m2/repository/ch/qos/logback/logback-classic/1.4.11/logback-classic-1.4.11.jar:/home/maurizio/.m2/repository/ch/qos/logback/logback-core/1.4.11/logback-core-1.4.11.jar:/home/maurizio/.m2/repository/org/slf4j/slf4j-api/2.0.9/slf4j-api-2.0.9.jar:/home/maurizio/.m2/repository/org/springframework/boot/spring-boot-starter-actuator/3.1.5/spring-boot-starter-actuator-3.1.5.jar:/home/maurizio/.m2/repository/org/springframework/boot/spring-boot-actuator-autoconfigure/3.1.5/spring-boot-actuator-autoconfigure-3.1.5.jar:/home/maurizio/.m2/repository/org/springframework/boot/spring-boot-actuator/3.1.5/spring-boot-actuator-3.1.5.jar:/home/maurizio/.m2/repository/io/micrometer/micrometer-observation/1.11.5/micrometer-observation-1.11.5.jar:/home/maurizio/.m2/repository/io/micrometer/micrometer-commons/1.11.5/micrometer-commons-1.11.5.jar:/home/maurizio/.m2/repository/io/micrometer/micrometer-core/1.11.5/micrometer-core-1.11.5.jar:/home/maurizio/.m2/repository/org/hdrhistogram/HdrHistogram/2.1.12/HdrHistogram-2.1.12.jar:/home/maurizio/.m2/repository/org/latencyutils/LatencyUtils/2.0.3/LatencyUtils-2.0.3.jar:/home/maurizio/.m2/repository/com/itextpdf/itextpdf/5.5.10/itextpdf-5.5.10.jar:/home/maurizio/.m2/repository/org/apache/pdfbox/pdfbox/2.0.4/pdfbox-2.0.4.jar:/home/maurizio/.m2/repository/org/apache/pdfbox/fontbox/2.0.4/fontbox-2.0.4.jar:/home/maurizio/.m2/repository/commons-logging/commons-logging/1.2/commons-logging-1.2.jar:/home/maurizio/.m2/repository/org/projectlombok/lombok/1.18.30/lombok-1.18.30.jar:"/>
    <property name="java.vm.vendor" value="Debian"/>
    <property name="sun.arch.data.model" value="64"/>
    <property name="catalina.useNaming" value="false"/>
    <property name="java.vendor.url" value="https://tracker.debian.org/openjdk-17"/>
    <property name="user.timezone" value="Europe/Rome"/>
    <property name="org.jboss.logging.provider" value="slf4j"/>
    <property name="os.name" value="Linux"/>
    <property name="java.vm.specification.version" value="17"/>
    <property name="sun.java.launcher" value="SUN_STANDARD"/>
    <property name="user.country" value="US"/>
    <property name="sun.boot.library.path" value="/usr/lib/jvm/java-17-openjdk-amd64/lib"/>
    <property name="sun.java.command" value="/home/maurizio/git/hr-desk/hr-desk/backend17/target/surefire/surefirebooter-20231124123619067_3.jar /home/maurizio/git/hr-desk/hr-desk/backend17/target/surefire 2023-11-24T12-36-18_989-jvmRun1 surefire-20231124123619067_1tmp surefire_0-20231124123619067_2tmp"/>
    <property name="jdk.debug" value="release"/>
    <property name="surefire.test.class.path" value="/home/maurizio/git/hr-desk/hr-desk/backend17/target/test-classes:/home/maurizio/git/hr-desk/hr-desk/backend17/target/classes:/home/maurizio/.m2/repository/org/springframework/security/spring-security-test/6.1.5/spring-security-test-6.1.5.jar:/home/maurizio/.m2/repository/org/springframework/security/spring-security-core/6.1.5/spring-security-core-6.1.5.jar:/home/maurizio/.m2/repository/org/springframework/security/spring-security-crypto/6.1.5/spring-security-crypto-6.1.5.jar:/home/maurizio/.m2/repository/org/springframework/spring-beans/6.0.13/spring-beans-6.0.13.jar:/home/maurizio/.m2/repository/org/springframework/spring-context/6.0.13/spring-context-6.0.13.jar:/home/maurizio/.m2/repository/org/springframework/spring-expression/6.0.13/spring-expression-6.0.13.jar:/home/maurizio/.m2/repository/org/springframework/security/spring-security-web/6.1.5/spring-security-web-6.1.5.jar:/home/maurizio/.m2/repository/org/springframework/spring-core/6.0.13/spring-core-6.0.13.jar:/home/maurizio/.m2/repository/org/springframework/spring-jcl/6.0.13/spring-jcl-6.0.13.jar:/home/maurizio/.m2/repository/org/springframework/spring-test/6.0.13/spring-test-6.0.13.jar:/home/maurizio/.m2/repository/org/springframework/boot/spring-boot-starter-tomcat/3.1.5/spring-boot-starter-tomcat-3.1.5.jar:/home/maurizio/.m2/repository/jakarta/annotation/jakarta.annotation-api/2.1.1/jakarta.annotation-api-2.1.1.jar:/home/maurizio/.m2/repository/org/apache/tomcat/embed/tomcat-embed-core/10.1.15/tomcat-embed-core-10.1.15.jar:/home/maurizio/.m2/repository/org/apache/tomcat/embed/tomcat-embed-el/10.1.15/tomcat-embed-el-10.1.15.jar:/home/maurizio/.m2/repository/org/apache/tomcat/embed/tomcat-embed-websocket/10.1.15/tomcat-embed-websocket-10.1.15.jar:/home/maurizio/.m2/repository/org/springframework/boot/spring-boot-starter-web/3.1.5/spring-boot-starter-web-3.1.5.jar:/home/maurizio/.m2/repository/org/springframework/boot/spring-boot-starter-json/3.1.5/spring-boot-starter-json-3.1.5.jar:/home/maurizio/.m2/repository/com/fasterxml/jackson/core/jackson-databind/2.15.3/jackson-databind-2.15.3.jar:/home/maurizio/.m2/repository/com/fasterxml/jackson/core/jackson-annotations/2.15.3/jackson-annotations-2.15.3.jar:/home/maurizio/.m2/repository/com/fasterxml/jackson/core/jackson-core/2.15.3/jackson-core-2.15.3.jar:/home/maurizio/.m2/repository/com/fasterxml/jackson/datatype/jackson-datatype-jdk8/2.15.3/jackson-datatype-jdk8-2.15.3.jar:/home/maurizio/.m2/repository/com/fasterxml/jackson/datatype/jackson-datatype-jsr310/2.15.3/jackson-datatype-jsr310-2.15.3.jar:/home/maurizio/.m2/repository/com/fasterxml/jackson/module/jackson-module-parameter-names/2.15.3/jackson-module-parameter-names-2.15.3.jar:/home/maurizio/.m2/repository/org/springframework/spring-web/6.0.13/spring-web-6.0.13.jar:/home/maurizio/.m2/repository/org/springframework/spring-webmvc/6.0.13/spring-webmvc-6.0.13.jar:/home/maurizio/.m2/repository/org/springframework/boot/spring-boot-starter-test/3.1.5/spring-boot-starter-test-3.1.5.jar:/home/maurizio/.m2/repository/org/springframework/boot/spring-boot-test/3.1.5/spring-boot-test-3.1.5.jar:/home/maurizio/.m2/repository/org/springframework/boot/spring-boot-test-autoconfigure/3.1.5/spring-boot-test-autoconfigure-3.1.5.jar:/home/maurizio/.m2/repository/com/jayway/jsonpath/json-path/2.8.0/json-path-2.8.0.jar:/home/maurizio/.m2/repository/jakarta/xml/bind/jakarta.xml.bind-api/4.0.1/jakarta.xml.bind-api-4.0.1.jar:/home/maurizio/.m2/repository/jakarta/activation/jakarta.activation-api/2.1.2/jakarta.activation-api-2.1.2.jar:/home/maurizio/.m2/repository/net/minidev/json-smart/2.4.11/json-smart-2.4.11.jar:/home/maurizio/.m2/repository/net/minidev/accessors-smart/2.4.11/accessors-smart-2.4.11.jar:/home/maurizio/.m2/repository/org/ow2/asm/asm/9.3/asm-9.3.jar:/home/maurizio/.m2/repository/org/assertj/assertj-core/3.24.2/assertj-core-3.24.2.jar:/home/maurizio/.m2/repository/net/bytebuddy/byte-buddy/1.14.9/byte-buddy-1.14.9.jar:/home/maurizio/.m2/repository/org/hamcrest/hamcrest/2.2/hamcrest-2.2.jar:/home/maurizio/.m2/repository/org/junit/jupiter/junit-jupiter/5.9.3/junit-jupiter-5.9.3.jar:/home/maurizio/.m2/repository/org/junit/jupiter/junit-jupiter-api/5.9.3/junit-jupiter-api-5.9.3.jar:/home/maurizio/.m2/repository/org/opentest4j/opentest4j/1.2.0/opentest4j-1.2.0.jar:/home/maurizio/.m2/repository/org/junit/platform/junit-platform-commons/1.9.3/junit-platform-commons-1.9.3.jar:/home/maurizio/.m2/repository/org/apiguardian/apiguardian-api/1.1.2/apiguardian-api-1.1.2.jar:/home/maurizio/.m2/repository/org/junit/jupiter/junit-jupiter-params/5.9.3/junit-jupiter-params-5.9.3.jar:/home/maurizio/.m2/repository/org/junit/jupiter/junit-jupiter-engine/5.9.3/junit-jupiter-engine-5.9.3.jar:/home/maurizio/.m2/repository/org/junit/platform/junit-platform-engine/1.9.3/junit-platform-engine-1.9.3.jar:/home/maurizio/.m2/repository/org/mockito/mockito-core/5.3.1/mockito-core-5.3.1.jar:/home/maurizio/.m2/repository/net/bytebuddy/byte-buddy-agent/1.14.9/byte-buddy-agent-1.14.9.jar:/home/maurizio/.m2/repository/org/objenesis/objenesis/3.3/objenesis-3.3.jar:/home/maurizio/.m2/repository/org/mockito/mockito-junit-jupiter/5.3.1/mockito-junit-jupiter-5.3.1.jar:/home/maurizio/.m2/repository/org/skyscreamer/jsonassert/1.5.1/jsonassert-1.5.1.jar:/home/maurizio/.m2/repository/com/vaadin/external/google/android-json/0.0.20131108.vaadin1/android-json-0.0.20131108.vaadin1.jar:/home/maurizio/.m2/repository/org/xmlunit/xmlunit-core/2.9.1/xmlunit-core-2.9.1.jar:/home/maurizio/.m2/repository/franco/maurizio/hr-desk-persistence/0.3.5_j17/hr-desk-persistence-0.3.5_j17.jar:/home/maurizio/.m2/repository/org/springframework/boot/spring-boot-starter-data-jpa/3.1.5/spring-boot-starter-data-jpa-3.1.5.jar:/home/maurizio/.m2/repository/org/springframework/boot/spring-boot-starter-aop/3.1.5/spring-boot-starter-aop-3.1.5.jar:/home/maurizio/.m2/repository/org/aspectj/aspectjweaver/1.9.20/aspectjweaver-1.9.20.jar:/home/maurizio/.m2/repository/org/springframework/boot/spring-boot-starter-jdbc/3.1.5/spring-boot-starter-jdbc-3.1.5.jar:/home/maurizio/.m2/repository/com/zaxxer/HikariCP/5.0.1/HikariCP-5.0.1.jar:/home/maurizio/.m2/repository/org/springframework/spring-jdbc/6.0.13/spring-jdbc-6.0.13.jar:/home/maurizio/.m2/repository/org/hibernate/orm/hibernate-core/6.2.13.Final/hibernate-core-6.2.13.Final.jar:/home/maurizio/.m2/repository/jakarta/persistence/jakarta.persistence-api/3.1.0/jakarta.persistence-api-3.1.0.jar:/home/maurizio/.m2/repository/jakarta/transaction/jakarta.transaction-api/2.0.1/jakarta.transaction-api-2.0.1.jar:/home/maurizio/.m2/repository/org/hibernate/common/hibernate-commons-annotations/6.0.6.Final/hibernate-commons-annotations-6.0.6.Final.jar:/home/maurizio/.m2/repository/io/smallrye/jandex/3.0.5/jandex-3.0.5.jar:/home/maurizio/.m2/repository/jakarta/inject/jakarta.inject-api/2.0.1/jakarta.inject-api-2.0.1.jar:/home/maurizio/.m2/repository/org/antlr/antlr4-runtime/4.10.1/antlr4-runtime-4.10.1.jar:/home/maurizio/.m2/repository/org/springframework/data/spring-data-jpa/3.1.5/spring-data-jpa-3.1.5.jar:/home/maurizio/.m2/repository/org/springframework/data/spring-data-commons/3.1.5/spring-data-commons-3.1.5.jar:/home/maurizio/.m2/repository/org/springframework/spring-orm/6.0.13/spring-orm-6.0.13.jar:/home/maurizio/.m2/repository/org/springframework/spring-tx/6.0.13/spring-tx-6.0.13.jar:/home/maurizio/.m2/repository/org/springframework/spring-aspects/6.0.13/spring-aspects-6.0.13.jar:/home/maurizio/.m2/repository/mysql/mysql-connector-java/8.0.19/mysql-connector-java-8.0.19.jar:/home/maurizio/.m2/repository/com/google/protobuf/protobuf-java/3.6.1/protobuf-java-3.6.1.jar:/home/maurizio/.m2/repository/org/glassfish/jaxb/jaxb-runtime/4.0.3/jaxb-runtime-4.0.3.jar:/home/maurizio/.m2/repository/org/glassfish/jaxb/jaxb-core/4.0.3/jaxb-core-4.0.3.jar:/home/maurizio/.m2/repository/org/glassfish/jaxb/txw2/4.0.3/txw2-4.0.3.jar:/home/maurizio/.m2/repository/com/sun/istack/istack-commons-runtime/4.1.2/istack-commons-runtime-4.1.2.jar:/home/maurizio/.m2/repository/org/javassist/javassist/3.23.1-GA/javassist-3.23.1-GA.jar:/home/maurizio/.m2/repository/franco/maurizio/hr-desk-mail-manager/0.3.4_j11/hr-desk-mail-manager-0.3.4_j11.jar:/home/maurizio/.m2/repository/org/apache/commons/commons-lang3/3.12.0/commons-lang3-3.12.0.jar:/home/maurizio/.m2/repository/org/apache/velocity/velocity/1.7/velocity-1.7.jar:/home/maurizio/.m2/repository/commons-collections/commons-collections/3.2.1/commons-collections-3.2.1.jar:/home/maurizio/.m2/repository/commons-lang/commons-lang/2.4/commons-lang-2.4.jar:/home/maurizio/.m2/repository/org/eclipse/angus/jakarta.mail/1.1.0/jakarta.mail-1.1.0.jar:/home/maurizio/.m2/repository/org/eclipse/angus/angus-activation/2.0.1/angus-activation-2.0.1.jar:/home/maurizio/.m2/repository/org/apache/logging/log4j/log4j-api/2.20.0/log4j-api-2.20.0.jar:/home/maurizio/.m2/repository/org/apache/logging/log4j/log4j-core/2.20.0/log4j-core-2.20.0.jar:/home/maurizio/.m2/repository/com/google/code/gson/gson/2.8.5/gson-2.8.5.jar:/home/maurizio/.m2/repository/org/springframework/boot/spring-boot-starter/3.1.5/spring-boot-starter-3.1.5.jar:/home/maurizio/.m2/repository/org/springframework/boot/spring-boot/3.1.5/spring-boot-3.1.5.jar:/home/maurizio/.m2/repository/org/springframework/boot/spring-boot-autoconfigure/3.1.5/spring-boot-autoconfigure-3.1.5.jar:/home/maurizio/.m2/repository/org/yaml/snakeyaml/1.33/snakeyaml-1.33.jar:/home/maurizio/.m2/repository/org/springframework/boot/spring-boot-starter-security/3.1.5/spring-boot-starter-security-3.1.5.jar:/home/maurizio/.m2/repository/org/springframework/spring-aop/6.0.13/spring-aop-6.0.13.jar:/home/maurizio/.m2/repository/org/springframework/security/spring-security-config/6.1.5/spring-security-config-6.1.5.jar:/home/maurizio/.m2/repository/org/springframework/boot/spring-boot-starter-validation/3.1.5/spring-boot-starter-validation-3.1.5.jar:/home/maurizio/.m2/repository/org/hibernate/validator/hibernate-validator/8.0.1.Final/hibernate-validator-8.0.1.Final.jar:/home/maurizio/.m2/repository/jakarta/validation/jakarta.validation-api/3.0.2/jakarta.validation-api-3.0.2.jar:/home/maurizio/.m2/repository/org/jboss/logging/jboss-logging/3.5.3.Final/jboss-logging-3.5.3.Final.jar:/home/maurizio/.m2/repository/com/fasterxml/classmate/1.5.1/classmate-1.5.1.jar:/home/maurizio/.m2/repository/org/springframework/boot/spring-boot-devtools/3.1.5/spring-boot-devtools-3.1.5.jar:/home/maurizio/.m2/repository/ch/qos/logback/logback-classic/1.4.11/logback-classic-1.4.11.jar:/home/maurizio/.m2/repository/ch/qos/logback/logback-core/1.4.11/logback-core-1.4.11.jar:/home/maurizio/.m2/repository/org/slf4j/slf4j-api/2.0.9/slf4j-api-2.0.9.jar:/home/maurizio/.m2/repository/org/springframework/boot/spring-boot-starter-actuator/3.1.5/spring-boot-starter-actuator-3.1.5.jar:/home/maurizio/.m2/repository/org/springframework/boot/spring-boot-actuator-autoconfigure/3.1.5/spring-boot-actuator-autoconfigure-3.1.5.jar:/home/maurizio/.m2/repository/org/springframework/boot/spring-boot-actuator/3.1.5/spring-boot-actuator-3.1.5.jar:/home/maurizio/.m2/repository/io/micrometer/micrometer-observation/1.11.5/micrometer-observation-1.11.5.jar:/home/maurizio/.m2/repository/io/micrometer/micrometer-commons/1.11.5/micrometer-commons-1.11.5.jar:/home/maurizio/.m2/repository/io/micrometer/micrometer-core/1.11.5/micrometer-core-1.11.5.jar:/home/maurizio/.m2/repository/org/hdrhistogram/HdrHistogram/2.1.12/HdrHistogram-2.1.12.jar:/home/maurizio/.m2/repository/org/latencyutils/LatencyUtils/2.0.3/LatencyUtils-2.0.3.jar:/home/maurizio/.m2/repository/com/itextpdf/itextpdf/5.5.10/itextpdf-5.5.10.jar:/home/maurizio/.m2/repository/org/apache/pdfbox/pdfbox/2.0.4/pdfbox-2.0.4.jar:/home/maurizio/.m2/repository/org/apache/pdfbox/fontbox/2.0.4/fontbox-2.0.4.jar:/home/maurizio/.m2/repository/commons-logging/commons-logging/1.2/commons-logging-1.2.jar:/home/maurizio/.m2/repository/org/projectlombok/lombok/1.18.30/lombok-1.18.30.jar:"/>
    <property name="sun.cpu.endian" value="little"/>
    <property name="user.home" value="/home/maurizio"/>
    <property name="user.language" value="en"/>
    <property name="java.specification.vendor" value="Oracle Corporation"/>
    <property name="java.version.date" value="2023-04-18"/>
    <property name="java.home" value="/usr/lib/jvm/java-17-openjdk-amd64"/>
    <property name="file.separator" value="/"/>
    <property name="style.color" value="always"/>
    <property name="basedir" value="/home/maurizio/git/hr-desk/hr-desk/backend17"/>
    <property name="java.vm.compressedOopsMode" value="Zero based"/>
    <property name="line.separator" value="&#10;"/>
    <property name="java.specification.name" value="Java Platform API Specification"/>
    <property name="java.vm.specification.vendor" value="Oracle Corporation"/>
    <property name="FILE_LOG_CHARSET" value="UTF-8"/>
    <property name="java.awt.headless" value="true"/>
    <property name="surefire.real.class.path" value="/home/maurizio/git/hr-desk/hr-desk/backend17/target/surefire/surefirebooter-20231124123619067_3.jar"/>
    <property name="sun.management.compiler" value="HotSpot 64-Bit Tiered Compilers"/>
    <property name="java.runtime.version" value="17.0.7+7-Debian-1deb12u1"/>
    <property name="user.name" value="maurizio"/>
    <property name="path.separator" value=":"/>
    <property name="os.version" value="6.1.0-10-amd64"/>
    <property name="java.runtime.name" value="OpenJDK Runtime Environment"/>
    <property name="file.encoding" value="UTF-8"/>
    <property name="java.vm.name" value="OpenJDK 64-Bit Server VM"/>
    <property name="localRepository" value="/home/maurizio/.m2/repository"/>
    <property name="java.vendor.url.bug" value="https://bugs.debian.org/openjdk-17"/>
    <property name="java.io.tmpdir" value="/tmp"/>
    <property name="catalina.home" value="/tmp/tomcat.0.2414534711362595922"/>
    <property name="com.zaxxer.hikari.pool_number" value="3"/>
    <property name="java.version" value="17.0.7"/>
    <property name="user.dir" value="/home/maurizio/git/hr-desk/hr-desk/backend17"/>
    <property name="os.arch" value="amd64"/>
    <property name="java.vm.specification.name" value="Java Virtual Machine Specification"/>
    <property name="PID" value="1505547"/>
    <property name="CONSOLE_LOG_CHARSET" value="UTF-8"/>
    <property name="catalina.base" value="/tmp/tomcat.0.9727006750316573029"/>
    <property name="native.encoding" value="UTF-8"/>
    <property name="java.library.path" value="/usr/java/packages/lib:/usr/lib/x86_64-linux-gnu/jni:/lib/x86_64-linux-gnu:/usr/lib/x86_64-linux-gnu:/usr/lib/jni:/lib:/usr/lib"/>
    <property name="java.vm.info" value="mixed mode, sharing"/>
    <property name="java.vendor" value="Debian"/>
    <property name="java.vm.version" value="17.0.7+7-Debian-1deb12u1"/>
    <property name="sun.io.unicode.encoding" value="UnicodeLittle"/>
    <property name="java.class.version" value="61.0"/>
  </properties>
  <testcase name="whenValidCode_thenCoursePageShouldBeFound" classname="franco.maurizio.hr.desk.com.unit.service.CoursePageServiceTest" time="0.124">
    <system-out><![CDATA[
  .   ____          _            __ _ _
 /\\ / ___'_ __ _ _(_)_ __  __ _ \ \ \ \
( ( )\___ | '_ | '_| | '_ \/ _` | \ \ \ \
 \\/  ___)| |_)| | | | | || (_| |  ) ) ) )
  '  |____| .__|_| |_|_| |_\__, | / / / /
 =========|_|==============|___/=/_/_/_/
 :: Spring Boot ::                (v3.1.5)

2023-11-24 12:36:43,779 DEBUG c.z.h.HikariConfig [HikariConfig.java:968] Driver class com.mysql.cj.jdbc.Driver found in Thread context class loader jdk.internal.loader.ClassLoaders$AppClassLoader@251a69d7
2023-11-24 12:36:43,812 DEBUG c.z.h.HikariConfig [HikariConfig.java:1100] HikariPool-3 - configuration:
2023-11-24 12:36:43,813 DEBUG c.z.h.HikariConfig [HikariConfig.java:1132] allowPoolSuspension.............false
2023-11-24 12:36:43,814 DEBUG c.z.h.HikariConfig [HikariConfig.java:1132] autoCommit......................true
2023-11-24 12:36:43,814 DEBUG c.z.h.HikariConfig [HikariConfig.java:1132] catalog.........................none
2023-11-24 12:36:43,814 DEBUG c.z.h.HikariConfig [HikariConfig.java:1132] connectionInitSql...............none
2023-11-24 12:36:43,814 DEBUG c.z.h.HikariConfig [HikariConfig.java:1132] connectionTestQuery.............none
2023-11-24 12:36:43,814 DEBUG c.z.h.HikariConfig [HikariConfig.java:1132] connectionTimeout...............30000
2023-11-24 12:36:43,815 DEBUG c.z.h.HikariConfig [HikariConfig.java:1132] dataSource......................none
2023-11-24 12:36:43,815 DEBUG c.z.h.HikariConfig [HikariConfig.java:1132] dataSourceClassName.............none
2023-11-24 12:36:43,815 DEBUG c.z.h.HikariConfig [HikariConfig.java:1132] dataSourceJNDI..................none
2023-11-24 12:36:43,815 DEBUG c.z.h.HikariConfig [HikariConfig.java:1132] dataSourceProperties............{password=<masked>}
2023-11-24 12:36:43,815 DEBUG c.z.h.HikariConfig [HikariConfig.java:1132] driverClassName................."com.mysql.cj.jdbc.Driver"
2023-11-24 12:36:43,816 DEBUG c.z.h.HikariConfig [HikariConfig.java:1132] exceptionOverrideClassName......none
2023-11-24 12:36:43,816 DEBUG c.z.h.HikariConfig [HikariConfig.java:1132] healthCheckProperties...........{}
2023-11-24 12:36:43,816 DEBUG c.z.h.HikariConfig [HikariConfig.java:1132] healthCheckRegistry.............none
2023-11-24 12:36:43,816 DEBUG c.z.h.HikariConfig [HikariConfig.java:1132] idleTimeout.....................600000
2023-11-24 12:36:43,816 DEBUG c.z.h.HikariConfig [HikariConfig.java:1132] initializationFailTimeout.......1
2023-11-24 12:36:43,817 DEBUG c.z.h.HikariConfig [HikariConfig.java:1132] isolateInternalQueries..........false
2023-11-24 12:36:43,817 DEBUG c.z.h.HikariConfig [HikariConfig.java:1132] jdbcUrl.........................jdbc:mysql://localhost:3306/cerepro_test?useLegacyDatetimeCode=false&serverTimezone=UTC
2023-11-24 12:36:43,817 DEBUG c.z.h.HikariConfig [HikariConfig.java:1132] keepaliveTime...................0
2023-11-24 12:36:43,817 DEBUG c.z.h.HikariConfig [HikariConfig.java:1132] leakDetectionThreshold..........0
2023-11-24 12:36:43,818 DEBUG c.z.h.HikariConfig [HikariConfig.java:1132] maxLifetime.....................1800000
2023-11-24 12:36:43,818 DEBUG c.z.h.HikariConfig [HikariConfig.java:1132] maximumPoolSize.................10
2023-11-24 12:36:43,818 DEBUG c.z.h.HikariConfig [HikariConfig.java:1132] metricRegistry..................none
2023-11-24 12:36:43,818 DEBUG c.z.h.HikariConfig [HikariConfig.java:1132] metricsTrackerFactory...........none
2023-11-24 12:36:43,818 DEBUG c.z.h.HikariConfig [HikariConfig.java:1132] minimumIdle.....................10
2023-11-24 12:36:43,819 DEBUG c.z.h.HikariConfig [HikariConfig.java:1132] password........................<masked>
2023-11-24 12:36:43,819 DEBUG c.z.h.HikariConfig [HikariConfig.java:1132] poolName........................"HikariPool-3"
2023-11-24 12:36:43,819 DEBUG c.z.h.HikariConfig [HikariConfig.java:1132] readOnly........................false
2023-11-24 12:36:43,819 DEBUG c.z.h.HikariConfig [HikariConfig.java:1132] registerMbeans..................false
2023-11-24 12:36:43,819 DEBUG c.z.h.HikariConfig [HikariConfig.java:1132] scheduledExecutor...............none
2023-11-24 12:36:43,820 DEBUG c.z.h.HikariConfig [HikariConfig.java:1132] schema..........................none
2023-11-24 12:36:43,820 DEBUG c.z.h.HikariConfig [HikariConfig.java:1132] threadFactory...................internal
2023-11-24 12:36:43,820 DEBUG c.z.h.HikariConfig [HikariConfig.java:1132] transactionIsolation............default
2023-11-24 12:36:43,820 DEBUG c.z.h.HikariConfig [HikariConfig.java:1132] username........................"cerepro_test"
2023-11-24 12:36:43,820 DEBUG c.z.h.HikariConfig [HikariConfig.java:1132] validationTimeout...............5000
2023-11-24 12:36:43,821 INFO c.z.h.HikariDataSource [HikariDataSource.java:110] HikariPool-3 - Starting...
2023-11-24 12:36:43,825 INFO c.z.h.p.HikariPool [HikariPool.java:565] HikariPool-3 - Added connection com.mysql.cj.jdbc.ConnectionImpl@bae1767
2023-11-24 12:36:43,825 INFO c.z.h.HikariDataSource [HikariDataSource.java:123] HikariPool-3 - Start completed.
2023-11-24 12:36:43,827 DEBUG o.h.j.i.u.LogHelper [LogHelper.java:102] PersistenceUnitInfo [
	name: default
	persistence provider classname: null
	classloader: jdk.internal.loader.ClassLoaders$AppClassLoader@251a69d7
	excludeUnlistedClasses: true
	JTA datasource: null
	Non JTA datasource: HikariDataSource (HikariPool-3)
	Transaction type: RESOURCE_LOCAL
	PU root URL: file:/home/maurizio/.m2/repository/franco/maurizio/hr-desk-persistence/0.3.5_j17/hr-desk-persistence-0.3.5_j17.jar
	Shared Cache Mode: UNSPECIFIED
	Validation Mode: AUTO
	Jar files URLs []
	Managed classes names [
		franco.maurizio.hr.desk.com.persistence.entity.Survey
		franco.maurizio.hr.desk.com.persistence.entity.CandidateSurveyToken
		franco.maurizio.hr.desk.com.persistence.entity.CandidateStates
		franco.maurizio.hr.desk.com.persistence.entity.Role
		franco.maurizio.hr.desk.com.persistence.entity.User
		franco.maurizio.hr.desk.com.persistence.entity.SurveyReply
		franco.maurizio.hr.desk.com.persistence.entity.PositionUserOwner
		franco.maurizio.hr.desk.com.persistence.entity.SurveyQuestion
		franco.maurizio.hr.desk.com.persistence.entity.CoursePage
		franco.maurizio.hr.desk.com.persistence.entity.Candidate
		franco.maurizio.hr.desk.com.persistence.entity.Question]
	Mapping files names []
	Properties []
2023-11-24 12:36:43,827 DEBUG o.h.i.i.IntegratorServiceImpl [IntegratorServiceImpl.java:45] Adding Integrator [org.hibernate.boot.beanvalidation.BeanValidationIntegrator].
2023-11-24 12:36:43,828 DEBUG o.h.i.i.IntegratorServiceImpl [IntegratorServiceImpl.java:45] Adding Integrator [org.hibernate.cache.internal.CollectionCacheInvalidator].
2023-11-24 12:36:43,829 TRACE o.h.b.r.s.i.StrategySelectorImpl [StrategySelectorImpl.java:83] Registering named strategy selector [org.hibernate.resource.transaction.spi.TransactionCoordinatorBuilder] : [jdbc] -> [org.hibernate.resource.transaction.backend.jdbc.internal.JdbcResourceLocalTransactionCoordinatorBuilderImpl]
2023-11-24 12:36:43,829 TRACE o.h.b.r.s.i.StrategySelectorImpl [StrategySelectorImpl.java:83] Registering named strategy selector [org.hibernate.resource.transaction.spi.TransactionCoordinatorBuilder] : [jta] -> [org.hibernate.resource.transaction.backend.jta.internal.JtaTransactionCoordinatorBuilderImpl]
2023-11-24 12:36:43,829 TRACE o.h.b.r.s.i.StrategySelectorImpl [StrategySelectorImpl.java:83] Registering named strategy selector [org.hibernate.resource.transaction.spi.TransactionCoordinatorBuilder] : [org.hibernate.transaction.JDBCTransactionFactory] -> [org.hibernate.resource.transaction.backend.jdbc.internal.JdbcResourceLocalTransactionCoordinatorBuilderImpl]
2023-11-24 12:36:43,830 TRACE o.h.b.r.s.i.StrategySelectorImpl [StrategySelectorImpl.java:83] Registering named strategy selector [org.hibernate.resource.transaction.spi.TransactionCoordinatorBuilder] : [org.hibernate.transaction.JTATransactionFactory] -> [org.hibernate.resource.transaction.backend.jta.internal.JtaTransactionCoordinatorBuilderImpl]
2023-11-24 12:36:43,830 TRACE o.h.b.r.s.i.StrategySelectorImpl [StrategySelectorImpl.java:83] Registering named strategy selector [org.hibernate.resource.transaction.spi.TransactionCoordinatorBuilder] : [org.hibernate.transaction.CMTTransactionFactory] -> [org.hibernate.resource.transaction.backend.jta.internal.JtaTransactionCoordinatorBuilderImpl]
2023-11-24 12:36:43,830 TRACE o.h.b.r.s.i.StrategySelectorImpl [StrategySelectorImpl.java:83] Registering named strategy selector [org.hibernate.query.sqm.mutation.spi.SqmMultiTableMutationStrategy] : [cte] -> [org.hibernate.query.sqm.mutation.internal.cte.CteMutationStrategy]
2023-11-24 12:36:43,830 TRACE o.h.b.r.s.i.StrategySelectorImpl [StrategySelectorImpl.java:83] Registering named strategy selector [org.hibernate.query.sqm.mutation.spi.SqmMultiTableMutationStrategy] : [global_temporary] -> [org.hibernate.query.sqm.mutation.internal.temptable.GlobalTemporaryTableMutationStrategy]
2023-11-24 12:36:43,830 TRACE o.h.b.r.s.i.StrategySelectorImpl [StrategySelectorImpl.java:83] Registering named strategy selector [org.hibernate.query.sqm.mutation.spi.SqmMultiTableMutationStrategy] : [local_temporary] -> [org.hibernate.query.sqm.mutation.internal.temptable.LocalTemporaryTableMutationStrategy]
2023-11-24 12:36:43,830 TRACE o.h.b.r.s.i.StrategySelectorImpl [StrategySelectorImpl.java:83] Registering named strategy selector [org.hibernate.query.sqm.mutation.spi.SqmMultiTableMutationStrategy] : [persistent] -> [org.hibernate.query.sqm.mutation.internal.temptable.PersistentTableMutationStrategy]
2023-11-24 12:36:43,831 TRACE o.h.b.r.s.i.StrategySelectorImpl [StrategySelectorImpl.java:83] Registering named strategy selector [org.hibernate.boot.model.naming.ImplicitNamingStrategy] : [default] -> [org.hibernate.boot.model.naming.ImplicitNamingStrategyJpaCompliantImpl]
2023-11-24 12:36:43,831 TRACE o.h.b.r.s.i.StrategySelectorImpl [StrategySelectorImpl.java:83] Registering named strategy selector [org.hibernate.boot.model.naming.ImplicitNamingStrategy] : [jpa] -> [org.hibernate.boot.model.naming.ImplicitNamingStrategyJpaCompliantImpl]
2023-11-24 12:36:43,831 TRACE o.h.b.r.s.i.StrategySelectorImpl [StrategySelectorImpl.java:83] Registering named strategy selector [org.hibernate.boot.model.naming.ImplicitNamingStrategy] : [legacy-jpa] -> [org.hibernate.boot.model.naming.ImplicitNamingStrategyLegacyJpaImpl]
2023-11-24 12:36:43,831 TRACE o.h.b.r.s.i.StrategySelectorImpl [StrategySelectorImpl.java:83] Registering named strategy selector [org.hibernate.boot.model.naming.ImplicitNamingStrategy] : [legacy-hbm] -> [org.hibernate.boot.model.naming.ImplicitNamingStrategyLegacyHbmImpl]
2023-11-24 12:36:43,831 TRACE o.h.b.r.s.i.StrategySelectorImpl [StrategySelectorImpl.java:83] Registering named strategy selector [org.hibernate.boot.model.naming.ImplicitNamingStrategy] : [component-path] -> [org.hibernate.boot.model.naming.ImplicitNamingStrategyComponentPathImpl]
2023-11-24 12:36:43,831 TRACE o.h.b.r.s.i.StrategySelectorImpl [StrategySelectorImpl.java:83] Registering named strategy selector [org.hibernate.id.enhanced.ImplicitDatabaseObjectNamingStrategy] : [standard] -> [org.hibernate.id.enhanced.StandardNamingStrategy]
2023-11-24 12:36:43,832 TRACE o.h.b.r.s.i.StrategySelectorImpl [StrategySelectorImpl.java:83] Registering named strategy selector [org.hibernate.id.enhanced.ImplicitDatabaseObjectNamingStrategy] : [single] -> [org.hibernate.id.enhanced.SingleNamingStrategy]
2023-11-24 12:36:43,832 TRACE o.h.b.r.s.i.StrategySelectorImpl [StrategySelectorImpl.java:83] Registering named strategy selector [org.hibernate.id.enhanced.ImplicitDatabaseObjectNamingStrategy] : [legacy] -> [org.hibernate.id.enhanced.LegacyNamingStrategy]
2023-11-24 12:36:43,832 TRACE o.h.b.r.s.i.StrategySelectorImpl [StrategySelectorImpl.java:83] Registering named strategy selector [org.hibernate.boot.model.relational.ColumnOrderingStrategy] : [default] -> [org.hibernate.boot.model.relational.ColumnOrderingStrategyStandard]
2023-11-24 12:36:43,832 TRACE o.h.b.r.s.i.StrategySelectorImpl [StrategySelectorImpl.java:83] Registering named strategy selector [org.hibernate.boot.model.relational.ColumnOrderingStrategy] : [legacy] -> [org.hibernate.boot.model.relational.ColumnOrderingStrategyLegacy]
2023-11-24 12:36:43,832 TRACE o.h.b.r.s.i.StrategySelectorImpl [StrategySelectorImpl.java:83] Registering named strategy selector [org.hibernate.cache.spi.CacheKeysFactory] : [default] -> [org.hibernate.cache.internal.DefaultCacheKeysFactory]
2023-11-24 12:36:43,832 TRACE o.h.b.r.s.i.StrategySelectorImpl [StrategySelectorImpl.java:83] Registering named strategy selector [org.hibernate.cache.spi.CacheKeysFactory] : [simple] -> [org.hibernate.cache.internal.SimpleCacheKeysFactory]
2023-11-24 12:36:43,833 TRACE o.h.b.r.s.i.StrategySelectorImpl [StrategySelectorImpl.java:83] Registering named strategy selector [org.hibernate.type.format.FormatMapper] : [jackson] -> [org.hibernate.type.format.jackson.JacksonJsonFormatMapper]
2023-11-24 12:36:43,833 TRACE o.h.b.r.s.i.StrategySelectorImpl [StrategySelectorImpl.java:83] Registering named strategy selector [org.hibernate.type.format.FormatMapper] : [jsonb] -> [org.hibernate.type.format.jakartajson.JsonBJsonFormatMapper]
2023-11-24 12:36:43,833 TRACE o.h.b.r.s.i.StrategySelectorImpl [StrategySelectorImpl.java:83] Registering named strategy selector [org.hibernate.type.format.FormatMapper] : [jackson-xml] -> [org.hibernate.type.format.jackson.JacksonXmlFormatMapper]
2023-11-24 12:36:43,833 TRACE o.h.b.r.s.i.StrategySelectorImpl [StrategySelectorImpl.java:83] Registering named strategy selector [org.hibernate.type.format.FormatMapper] : [jaxb] -> [org.hibernate.type.format.jaxb.JaxbXmlFormatMapper]
2023-11-24 12:36:43,835 TRACE o.h.s.i.AbstractServiceRegistryImpl [AbstractServiceRegistryImpl.java:235] Initializing service [role=org.hibernate.id.factory.IdentifierGeneratorFactory]
2023-11-24 12:36:43,835 TRACE o.h.s.i.AbstractServiceRegistryImpl [AbstractServiceRegistryImpl.java:235] Initializing service [role=org.hibernate.engine.config.spi.ConfigurationService]
2023-11-24 12:36:43,835 TRACE o.h.s.i.AbstractServiceRegistryImpl [AbstractServiceRegistryImpl.java:235] Initializing service [role=org.hibernate.resource.beans.spi.ManagedBeanRegistry]
2023-11-24 12:36:43,836 DEBUG o.h.o.i.factory [StandardIdentifierGeneratorFactory.java:170] Registering IdentifierGenerator strategy [uuid2] -> [org.hibernate.id.UUIDGenerator]
2023-11-24 12:36:43,836 DEBUG o.h.o.i.factory [StandardIdentifierGeneratorFactory.java:170] Registering IdentifierGenerator strategy [guid] -> [org.hibernate.id.GUIDGenerator]
2023-11-24 12:36:43,836 DEBUG o.h.o.i.factory [StandardIdentifierGeneratorFactory.java:170] Registering IdentifierGenerator strategy [uuid] -> [org.hibernate.id.UUIDHexGenerator]
2023-11-24 12:36:43,836 DEBUG o.h.o.i.factory [StandardIdentifierGeneratorFactory.java:170] Registering IdentifierGenerator strategy [uuid.hex] -> [org.hibernate.id.UUIDHexGenerator]
2023-11-24 12:36:43,836 DEBUG o.h.o.i.factory [StandardIdentifierGeneratorFactory.java:170] Registering IdentifierGenerator strategy [assigned] -> [org.hibernate.id.Assigned]
2023-11-24 12:36:43,837 DEBUG o.h.o.i.factory [StandardIdentifierGeneratorFactory.java:170] Registering IdentifierGenerator strategy [identity] -> [org.hibernate.id.IdentityGenerator]
2023-11-24 12:36:43,837 DEBUG o.h.o.i.factory [StandardIdentifierGeneratorFactory.java:170] Registering IdentifierGenerator strategy [select] -> [org.hibernate.id.SelectGenerator]
2023-11-24 12:36:43,837 DEBUG o.h.o.i.factory [StandardIdentifierGeneratorFactory.java:170] Registering IdentifierGenerator strategy [sequence] -> [org.hibernate.id.enhanced.SequenceStyleGenerator]
2023-11-24 12:36:43,837 DEBUG o.h.o.i.factory [StandardIdentifierGeneratorFactory.java:170] Registering IdentifierGenerator strategy [increment] -> [org.hibernate.id.IncrementGenerator]
2023-11-24 12:36:43,837 DEBUG o.h.o.i.factory [StandardIdentifierGeneratorFactory.java:170] Registering IdentifierGenerator strategy [foreign] -> [org.hibernate.id.ForeignGenerator]
2023-11-24 12:36:43,838 DEBUG o.h.o.i.factory [StandardIdentifierGeneratorFactory.java:170] Registering IdentifierGenerator strategy [enhanced-sequence] -> [org.hibernate.id.enhanced.SequenceStyleGenerator]
2023-11-24 12:36:43,838 DEBUG o.h.o.i.factory [StandardIdentifierGeneratorFactory.java:170] Registering IdentifierGenerator strategy [enhanced-table] -> [org.hibernate.id.enhanced.TableGenerator]
2023-11-24 12:36:43,838 TRACE o.h.s.i.AbstractServiceRegistryImpl [AbstractServiceRegistryImpl.java:235] Initializing service [role=org.hibernate.engine.jdbc.connections.spi.MultiTenantConnectionProvider]
2023-11-24 12:36:43,838 TRACE o.h.s.i.AbstractServiceRegistryImpl [AbstractServiceRegistryImpl.java:235] Initializing service [role=org.hibernate.cache.spi.RegionFactory]
2023-11-24 12:36:43,838 DEBUG o.h.c.i.RegionFactoryInitiator [RegionFactoryInitiator.java:117] Cannot default RegionFactory based on registered strategies as `[]` RegionFactory strategies were registered
2023-11-24 12:36:43,839 DEBUG o.h.c.i.RegionFactoryInitiator [RegionFactoryInitiator.java:49] Cache region factory : org.hibernate.cache.internal.NoCachingRegionFactory
2023-11-24 12:36:43,839 DEBUG o.h.t.BasicTypeRegistry [BasicTypeRegistry.java:401] Adding type registration boolean -> org.hibernate.type.BasicTypeReference@796cffed
2023-11-24 12:36:43,839 DEBUG o.h.t.BasicTypeRegistry [BasicTypeRegistry.java:401] Adding type registration boolean -> org.hibernate.type.BasicTypeReference@796cffed
2023-11-24 12:36:43,840 DEBUG o.h.t.BasicTypeRegistry [BasicTypeRegistry.java:401] Adding type registration java.lang.Boolean -> org.hibernate.type.BasicTypeReference@796cffed
2023-11-24 12:36:43,840 DEBUG o.h.t.BasicTypeRegistry [BasicTypeRegistry.java:401] Adding type registration numeric_boolean -> org.hibernate.type.BasicTypeReference@55d0e131
2023-11-24 12:36:43,840 DEBUG o.h.t.BasicTypeRegistry [BasicTypeRegistry.java:401] Adding type registration org.hibernate.type.NumericBooleanConverter -> org.hibernate.type.BasicTypeReference@55d0e131
2023-11-24 12:36:43,840 DEBUG o.h.t.BasicTypeRegistry [BasicTypeRegistry.java:401] Adding type registration true_false -> org.hibernate.type.BasicTypeReference@7c26e570
2023-11-24 12:36:43,840 DEBUG o.h.t.BasicTypeRegistry [BasicTypeRegistry.java:401] Adding type registration org.hibernate.type.TrueFalseConverter -> org.hibernate.type.BasicTypeReference@7c26e570
2023-11-24 12:36:43,840 DEBUG o.h.t.BasicTypeRegistry [BasicTypeRegistry.java:401] Adding type registration yes_no -> org.hibernate.type.BasicTypeReference@2235ab04
2023-11-24 12:36:43,841 DEBUG o.h.t.BasicTypeRegistry [BasicTypeRegistry.java:401] Adding type registration org.hibernate.type.YesNoConverter -> org.hibernate.type.BasicTypeReference@2235ab04
2023-11-24 12:36:43,841 DEBUG o.h.t.BasicTypeRegistry [BasicTypeRegistry.java:401] Adding type registration byte -> org.hibernate.type.BasicTypeReference@3c38bb38
2023-11-24 12:36:43,841 DEBUG o.h.t.BasicTypeRegistry [BasicTypeRegistry.java:401] Adding type registration byte -> org.hibernate.type.BasicTypeReference@3c38bb38
2023-11-24 12:36:43,841 DEBUG o.h.t.BasicTypeRegistry [BasicTypeRegistry.java:401] Adding type registration java.lang.Byte -> org.hibernate.type.BasicTypeReference@3c38bb38
2023-11-24 12:36:43,841 DEBUG o.h.t.BasicTypeRegistry [BasicTypeRegistry.java:401] Adding type registration binary -> org.hibernate.type.BasicTypeReference@6e330ce7
2023-11-24 12:36:43,841 DEBUG o.h.t.BasicTypeRegistry [BasicTypeRegistry.java:401] Adding type registration byte[] -> org.hibernate.type.BasicTypeReference@6e330ce7
2023-11-24 12:36:43,842 DEBUG o.h.t.BasicTypeRegistry [BasicTypeRegistry.java:401] Adding type registration [B -> org.hibernate.type.BasicTypeReference@6e330ce7
2023-11-24 12:36:43,842 DEBUG o.h.t.BasicTypeRegistry [BasicTypeRegistry.java:401] Adding type registration binary_wrapper -> org.hibernate.type.BasicTypeReference@25757934
2023-11-24 12:36:43,842 DEBUG o.h.t.BasicTypeRegistry [BasicTypeRegistry.java:401] Adding type registration wrapper-binary -> org.hibernate.type.BasicTypeReference@25757934
2023-11-24 12:36:43,842 DEBUG o.h.t.BasicTypeRegistry [BasicTypeRegistry.java:401] Adding type registration image -> org.hibernate.type.BasicTypeReference@2a178b15
2023-11-24 12:36:43,842 DEBUG o.h.t.BasicTypeRegistry [BasicTypeRegistry.java:401] Adding type registration blob -> org.hibernate.type.BasicTypeReference@530f0414
2023-11-24 12:36:43,842 DEBUG o.h.t.BasicTypeRegistry [BasicTypeRegistry.java:401] Adding type registration java.sql.Blob -> org.hibernate.type.BasicTypeReference@530f0414
2023-11-24 12:36:43,843 DEBUG o.h.t.BasicTypeRegistry [BasicTypeRegistry.java:401] Adding type registration materialized_blob -> org.hibernate.type.BasicTypeReference@252d6ea6
2023-11-24 12:36:43,843 DEBUG o.h.t.BasicTypeRegistry [BasicTypeRegistry.java:401] Adding type registration materialized_blob_wrapper -> org.hibernate.type.BasicTypeReference@2b9f0fee
2023-11-24 12:36:43,843 DEBUG o.h.t.BasicTypeRegistry [BasicTypeRegistry.java:401] Adding type registration short -> org.hibernate.type.BasicTypeReference@3dc666ab
2023-11-24 12:36:43,843 DEBUG o.h.t.BasicTypeRegistry [BasicTypeRegistry.java:401] Adding type registration short -> org.hibernate.type.BasicTypeReference@3dc666ab
2023-11-24 12:36:43,843 DEBUG o.h.t.BasicTypeRegistry [BasicTypeRegistry.java:401] Adding type registration java.lang.Short -> org.hibernate.type.BasicTypeReference@3dc666ab
2023-11-24 12:36:43,844 DEBUG o.h.t.BasicTypeRegistry [BasicTypeRegistry.java:401] Adding type registration integer -> org.hibernate.type.BasicTypeReference@16c2eaa3
2023-11-24 12:36:43,844 DEBUG o.h.t.BasicTypeRegistry [BasicTypeRegistry.java:401] Adding type registration int -> org.hibernate.type.BasicTypeReference@16c2eaa3
2023-11-24 12:36:43,844 DEBUG o.h.t.BasicTypeRegistry [BasicTypeRegistry.java:401] Adding type registration java.lang.Integer -> org.hibernate.type.BasicTypeReference@16c2eaa3
2023-11-24 12:36:43,844 DEBUG o.h.t.BasicTypeRegistry [BasicTypeRegistry.java:401] Adding type registration long -> org.hibernate.type.BasicTypeReference@58d4ee83
2023-11-24 12:36:43,844 DEBUG o.h.t.BasicTypeRegistry [BasicTypeRegistry.java:401] Adding type registration long -> org.hibernate.type.BasicTypeReference@58d4ee83
2023-11-24 12:36:43,844 DEBUG o.h.t.BasicTypeRegistry [BasicTypeRegistry.java:401] Adding type registration java.lang.Long -> org.hibernate.type.BasicTypeReference@58d4ee83
2023-11-24 12:36:43,845 DEBUG o.h.t.BasicTypeRegistry [BasicTypeRegistry.java:401] Adding type registration float -> org.hibernate.type.BasicTypeReference@be77a08
2023-11-24 12:36:43,845 DEBUG o.h.t.BasicTypeRegistry [BasicTypeRegistry.java:401] Adding type registration float -> org.hibernate.type.BasicTypeReference@be77a08
2023-11-24 12:36:43,845 DEBUG o.h.t.BasicTypeRegistry [BasicTypeRegistry.java:401] Adding type registration java.lang.Float -> org.hibernate.type.BasicTypeReference@be77a08
2023-11-24 12:36:43,845 DEBUG o.h.t.BasicTypeRegistry [BasicTypeRegistry.java:401] Adding type registration double -> org.hibernate.type.BasicTypeReference@51aa6e1
2023-11-24 12:36:43,845 DEBUG o.h.t.BasicTypeRegistry [BasicTypeRegistry.java:401] Adding type registration double -> org.hibernate.type.BasicTypeReference@51aa6e1
2023-11-24 12:36:43,846 DEBUG o.h.t.BasicTypeRegistry [BasicTypeRegistry.java:401] Adding type registration java.lang.Double -> org.hibernate.type.BasicTypeReference@51aa6e1
2023-11-24 12:36:43,846 DEBUG o.h.t.BasicTypeRegistry [BasicTypeRegistry.java:401] Adding type registration big_integer -> org.hibernate.type.BasicTypeReference@48cd313
2023-11-24 12:36:43,846 DEBUG o.h.t.BasicTypeRegistry [BasicTypeRegistry.java:401] Adding type registration java.math.BigInteger -> org.hibernate.type.BasicTypeReference@48cd313
2023-11-24 12:36:43,846 DEBUG o.h.t.BasicTypeRegistry [BasicTypeRegistry.java:401] Adding type registration big_decimal -> org.hibernate.type.BasicTypeReference@7bd395f7
2023-11-24 12:36:43,846 DEBUG o.h.t.BasicTypeRegistry [BasicTypeRegistry.java:401] Adding type registration java.math.BigDecimal -> org.hibernate.type.BasicTypeReference@7bd395f7
2023-11-24 12:36:43,846 DEBUG o.h.t.BasicTypeRegistry [BasicTypeRegistry.java:401] Adding type registration character -> org.hibernate.type.BasicTypeReference@4b5497bf
2023-11-24 12:36:43,847 DEBUG o.h.t.BasicTypeRegistry [BasicTypeRegistry.java:401] Adding type registration char -> org.hibernate.type.BasicTypeReference@4b5497bf
2023-11-24 12:36:43,847 DEBUG o.h.t.BasicTypeRegistry [BasicTypeRegistry.java:401] Adding type registration java.lang.Character -> org.hibernate.type.BasicTypeReference@4b5497bf
2023-11-24 12:36:43,847 DEBUG o.h.t.BasicTypeRegistry [BasicTypeRegistry.java:401] Adding type registration character_nchar -> org.hibernate.type.BasicTypeReference@1b290d9a
2023-11-24 12:36:43,847 DEBUG o.h.t.BasicTypeRegistry [BasicTypeRegistry.java:401] Adding type registration string -> org.hibernate.type.BasicTypeReference@79df41a7
2023-11-24 12:36:43,847 DEBUG o.h.t.BasicTypeRegistry [BasicTypeRegistry.java:401] Adding type registration java.lang.String -> org.hibernate.type.BasicTypeReference@79df41a7
2023-11-24 12:36:43,847 DEBUG o.h.t.BasicTypeRegistry [BasicTypeRegistry.java:401] Adding type registration nstring -> org.hibernate.type.BasicTypeReference@1e441f46
2023-11-24 12:36:43,848 DEBUG o.h.t.BasicTypeRegistry [BasicTypeRegistry.java:401] Adding type registration characters -> org.hibernate.type.BasicTypeReference@71c28a5e
2023-11-24 12:36:43,848 DEBUG o.h.t.BasicTypeRegistry [BasicTypeRegistry.java:401] Adding type registration char[] -> org.hibernate.type.BasicTypeReference@71c28a5e
2023-11-24 12:36:43,848 DEBUG o.h.t.BasicTypeRegistry [BasicTypeRegistry.java:401] Adding type registration [C -> org.hibernate.type.BasicTypeReference@71c28a5e
2023-11-24 12:36:43,848 DEBUG o.h.t.BasicTypeRegistry [BasicTypeRegistry.java:401] Adding type registration wrapper-characters -> org.hibernate.type.BasicTypeReference@22540c21
2023-11-24 12:36:43,848 DEBUG o.h.t.BasicTypeRegistry [BasicTypeRegistry.java:401] Adding type registration text -> org.hibernate.type.BasicTypeReference@2105a3b5
2023-11-24 12:36:43,848 DEBUG o.h.t.BasicTypeRegistry [BasicTypeRegistry.java:401] Adding type registration ntext -> org.hibernate.type.BasicTypeReference@1f0526fc
2023-11-24 12:36:43,849 DEBUG o.h.t.BasicTypeRegistry [BasicTypeRegistry.java:401] Adding type registration clob -> org.hibernate.type.BasicTypeReference@7a70cf38
2023-11-24 12:36:43,849 DEBUG o.h.t.BasicTypeRegistry [BasicTypeRegistry.java:401] Adding type registration java.sql.Clob -> org.hibernate.type.BasicTypeReference@7a70cf38
2023-11-24 12:36:43,849 DEBUG o.h.t.BasicTypeRegistry [BasicTypeRegistry.java:401] Adding type registration nclob -> org.hibernate.type.BasicTypeReference@78c7e153
2023-11-24 12:36:43,849 DEBUG o.h.t.BasicTypeRegistry [BasicTypeRegistry.java:401] Adding type registration java.sql.NClob -> org.hibernate.type.BasicTypeReference@78c7e153
2023-11-24 12:36:43,849 DEBUG o.h.t.BasicTypeRegistry [BasicTypeRegistry.java:401] Adding type registration materialized_clob -> org.hibernate.type.BasicTypeReference@7453fdf5
2023-11-24 12:36:43,849 DEBUG o.h.t.BasicTypeRegistry [BasicTypeRegistry.java:401] Adding type registration materialized_clob_char_array -> org.hibernate.type.BasicTypeReference@42571745
2023-11-24 12:36:43,850 DEBUG o.h.t.BasicTypeRegistry [BasicTypeRegistry.java:401] Adding type registration materialized_clob_character_array -> org.hibernate.type.BasicTypeReference@3e220938
2023-11-24 12:36:43,850 DEBUG o.h.t.BasicTypeRegistry [BasicTypeRegistry.java:401] Adding type registration materialized_nclob -> org.hibernate.type.BasicTypeReference@79a8aad6
2023-11-24 12:36:43,850 DEBUG o.h.t.BasicTypeRegistry [BasicTypeRegistry.java:401] Adding type registration materialized_nclob_character_array -> org.hibernate.type.BasicTypeReference@127f5c43
2023-11-24 12:36:43,850 DEBUG o.h.t.BasicTypeRegistry [BasicTypeRegistry.java:401] Adding type registration materialized_nclob_char_array -> org.hibernate.type.BasicTypeReference@68e89c76
2023-11-24 12:36:43,850 DEBUG o.h.t.BasicTypeRegistry [BasicTypeRegistry.java:401] Adding type registration Duration -> org.hibernate.type.BasicTypeReference@462d239a
2023-11-24 12:36:43,851 DEBUG o.h.t.BasicTypeRegistry [BasicTypeRegistry.java:401] Adding type registration java.time.Duration -> org.hibernate.type.BasicTypeReference@462d239a
2023-11-24 12:36:43,851 DEBUG o.h.t.BasicTypeRegistry [BasicTypeRegistry.java:401] Adding type registration LocalDateTime -> org.hibernate.type.BasicTypeReference@7a6fcf93
2023-11-24 12:36:43,851 DEBUG o.h.t.BasicTypeRegistry [BasicTypeRegistry.java:401] Adding type registration java.time.LocalDateTime -> org.hibernate.type.BasicTypeReference@7a6fcf93
2023-11-24 12:36:43,851 DEBUG o.h.t.BasicTypeRegistry [BasicTypeRegistry.java:401] Adding type registration LocalDate -> org.hibernate.type.BasicTypeReference@129a09d9
2023-11-24 12:36:43,851 DEBUG o.h.t.BasicTypeRegistry [BasicTypeRegistry.java:401] Adding type registration java.time.LocalDate -> org.hibernate.type.BasicTypeReference@129a09d9
2023-11-24 12:36:43,851 DEBUG o.h.t.BasicTypeRegistry [BasicTypeRegistry.java:401] Adding type registration LocalTime -> org.hibernate.type.BasicTypeReference@3e3d3cd0
2023-11-24 12:36:43,852 DEBUG o.h.t.BasicTypeRegistry [BasicTypeRegistry.java:401] Adding type registration java.time.LocalTime -> org.hibernate.type.BasicTypeReference@3e3d3cd0
2023-11-24 12:36:43,852 DEBUG o.h.t.BasicTypeRegistry [BasicTypeRegistry.java:401] Adding type registration OffsetDateTime -> org.hibernate.type.BasicTypeReference@1123f97e
2023-11-24 12:36:43,852 DEBUG o.h.t.BasicTypeRegistry [BasicTypeRegistry.java:401] Adding type registration java.time.OffsetDateTime -> org.hibernate.type.BasicTypeReference@1123f97e
2023-11-24 12:36:43,852 DEBUG o.h.t.BasicTypeRegistry [BasicTypeRegistry.java:401] Adding type registration OffsetDateTimeWithTimezone -> org.hibernate.type.BasicTypeReference@15b4bf9e
2023-11-24 12:36:43,852 DEBUG o.h.t.BasicTypeRegistry [BasicTypeRegistry.java:401] Adding type registration OffsetDateTimeWithoutTimezone -> org.hibernate.type.BasicTypeReference@5722b830
2023-11-24 12:36:43,852 DEBUG o.h.t.BasicTypeRegistry [BasicTypeRegistry.java:401] Adding type registration OffsetTime -> org.hibernate.type.BasicTypeReference@2ec5b8
2023-11-24 12:36:43,853 DEBUG o.h.t.BasicTypeRegistry [BasicTypeRegistry.java:401] Adding type registration java.time.OffsetTime -> org.hibernate.type.BasicTypeReference@2ec5b8
2023-11-24 12:36:43,853 DEBUG o.h.t.BasicTypeRegistry [BasicTypeRegistry.java:401] Adding type registration OffsetTimeUtc -> org.hibernate.type.BasicTypeReference@ec824ca
2023-11-24 12:36:43,853 DEBUG o.h.t.BasicTypeRegistry [BasicTypeRegistry.java:401] Adding type registration OffsetTimeWithTimezone -> org.hibernate.type.BasicTypeReference@3eb022c2
2023-11-24 12:36:43,853 DEBUG o.h.t.BasicTypeRegistry [BasicTypeRegistry.java:401] Adding type registration OffsetTimeWithoutTimezone -> org.hibernate.type.BasicTypeReference@7c91fe1c
2023-11-24 12:36:43,853 DEBUG o.h.t.BasicTypeRegistry [BasicTypeRegistry.java:401] Adding type registration ZonedDateTime -> org.hibernate.type.BasicTypeReference@ae4e733
2023-11-24 12:36:43,854 DEBUG o.h.t.BasicTypeRegistry [BasicTypeRegistry.java:401] Adding type registration java.time.ZonedDateTime -> org.hibernate.type.BasicTypeReference@ae4e733
2023-11-24 12:36:43,854 DEBUG o.h.t.BasicTypeRegistry [BasicTypeRegistry.java:401] Adding type registration ZonedDateTimeWithTimezone -> org.hibernate.type.BasicTypeReference@45456cd1
2023-11-24 12:36:43,854 DEBUG o.h.t.BasicTypeRegistry [BasicTypeRegistry.java:401] Adding type registration ZonedDateTimeWithoutTimezone -> org.hibernate.type.BasicTypeReference@7a5ce089
2023-11-24 12:36:43,854 DEBUG o.h.t.BasicTypeRegistry [BasicTypeRegistry.java:401] Adding type registration date -> org.hibernate.type.BasicTypeReference@94e90c0
2023-11-24 12:36:43,854 DEBUG o.h.t.BasicTypeRegistry [BasicTypeRegistry.java:401] Adding type registration java.sql.Date -> org.hibernate.type.BasicTypeReference@94e90c0
2023-11-24 12:36:43,854 DEBUG o.h.t.BasicTypeRegistry [BasicTypeRegistry.java:401] Adding type registration time -> org.hibernate.type.BasicTypeReference@243e33a5
2023-11-24 12:36:43,855 DEBUG o.h.t.BasicTypeRegistry [BasicTypeRegistry.java:401] Adding type registration java.sql.Time -> org.hibernate.type.BasicTypeReference@243e33a5
2023-11-24 12:36:43,855 DEBUG o.h.t.BasicTypeRegistry [BasicTypeRegistry.java:401] Adding type registration timestamp -> org.hibernate.type.BasicTypeReference@4af3e017
2023-11-24 12:36:43,855 DEBUG o.h.t.BasicTypeRegistry [BasicTypeRegistry.java:401] Adding type registration java.sql.Timestamp -> org.hibernate.type.BasicTypeReference@4af3e017
2023-11-24 12:36:43,855 DEBUG o.h.t.BasicTypeRegistry [BasicTypeRegistry.java:401] Adding type registration java.util.Date -> org.hibernate.type.BasicTypeReference@4af3e017
2023-11-24 12:36:43,855 DEBUG o.h.t.BasicTypeRegistry [BasicTypeRegistry.java:401] Adding type registration calendar -> org.hibernate.type.BasicTypeReference@57361968
2023-11-24 12:36:43,856 DEBUG o.h.t.BasicTypeRegistry [BasicTypeRegistry.java:401] Adding type registration java.util.Calendar -> org.hibernate.type.BasicTypeReference@57361968
2023-11-24 12:36:43,856 DEBUG o.h.t.BasicTypeRegistry [BasicTypeRegistry.java:401] Adding type registration java.util.GregorianCalendar -> org.hibernate.type.BasicTypeReference@57361968
2023-11-24 12:36:43,856 DEBUG o.h.t.BasicTypeRegistry [BasicTypeRegistry.java:401] Adding type registration calendar_date -> org.hibernate.type.BasicTypeReference@2a835bde
2023-11-24 12:36:43,856 DEBUG o.h.t.BasicTypeRegistry [BasicTypeRegistry.java:401] Adding type registration calendar_time -> org.hibernate.type.BasicTypeReference@7f75f630
2023-11-24 12:36:43,856 DEBUG o.h.t.BasicTypeRegistry [BasicTypeRegistry.java:401] Adding type registration instant -> org.hibernate.type.BasicTypeReference@2a534291
2023-11-24 12:36:43,856 DEBUG o.h.t.BasicTypeRegistry [BasicTypeRegistry.java:401] Adding type registration java.time.Instant -> org.hibernate.type.BasicTypeReference@2a534291
2023-11-24 12:36:43,857 DEBUG o.h.t.BasicTypeRegistry [BasicTypeRegistry.java:401] Adding type registration uuid -> org.hibernate.type.BasicTypeReference@4dc9e3ea
2023-11-24 12:36:43,857 DEBUG o.h.t.BasicTypeRegistry [BasicTypeRegistry.java:401] Adding type registration java.util.UUID -> org.hibernate.type.BasicTypeReference@4dc9e3ea
2023-11-24 12:36:43,857 DEBUG o.h.t.BasicTypeRegistry [BasicTypeRegistry.java:401] Adding type registration pg-uuid -> org.hibernate.type.BasicTypeReference@4dc9e3ea
2023-11-24 12:36:43,857 DEBUG o.h.t.BasicTypeRegistry [BasicTypeRegistry.java:401] Adding type registration uuid-binary -> org.hibernate.type.BasicTypeReference@7d241c26
2023-11-24 12:36:43,857 DEBUG o.h.t.BasicTypeRegistry [BasicTypeRegistry.java:401] Adding type registration uuid-char -> org.hibernate.type.BasicTypeReference@2db0b1c4
2023-11-24 12:36:43,857 DEBUG o.h.t.BasicTypeRegistry [BasicTypeRegistry.java:401] Adding type registration class -> org.hibernate.type.BasicTypeReference@1d472929
2023-11-24 12:36:43,858 DEBUG o.h.t.BasicTypeRegistry [BasicTypeRegistry.java:401] Adding type registration java.lang.Class -> org.hibernate.type.BasicTypeReference@1d472929
2023-11-24 12:36:43,858 DEBUG o.h.t.BasicTypeRegistry [BasicTypeRegistry.java:401] Adding type registration currency -> org.hibernate.type.BasicTypeReference@1f934fd8
2023-11-24 12:36:43,858 DEBUG o.h.t.BasicTypeRegistry [BasicTypeRegistry.java:401] Adding type registration Currency -> org.hibernate.type.BasicTypeReference@1f934fd8
2023-11-24 12:36:43,858 DEBUG o.h.t.BasicTypeRegistry [BasicTypeRegistry.java:401] Adding type registration java.util.Currency -> org.hibernate.type.BasicTypeReference@1f934fd8
2023-11-24 12:36:43,858 DEBUG o.h.t.BasicTypeRegistry [BasicTypeRegistry.java:401] Adding type registration locale -> org.hibernate.type.BasicTypeReference@428ba520
2023-11-24 12:36:43,858 DEBUG o.h.t.BasicTypeRegistry [BasicTypeRegistry.java:401] Adding type registration java.util.Locale -> org.hibernate.type.BasicTypeReference@428ba520
2023-11-24 12:36:43,859 DEBUG o.h.t.BasicTypeRegistry [BasicTypeRegistry.java:401] Adding type registration serializable -> org.hibernate.type.BasicTypeReference@6a9d1224
2023-11-24 12:36:43,859 DEBUG o.h.t.BasicTypeRegistry [BasicTypeRegistry.java:401] Adding type registration java.io.Serializable -> org.hibernate.type.BasicTypeReference@6a9d1224
2023-11-24 12:36:43,859 DEBUG o.h.t.BasicTypeRegistry [BasicTypeRegistry.java:401] Adding type registration timezone -> org.hibernate.type.BasicTypeReference@4eb7603f
2023-11-24 12:36:43,859 DEBUG o.h.t.BasicTypeRegistry [BasicTypeRegistry.java:401] Adding type registration java.util.TimeZone -> org.hibernate.type.BasicTypeReference@4eb7603f
2023-11-24 12:36:43,859 DEBUG o.h.t.BasicTypeRegistry [BasicTypeRegistry.java:401] Adding type registration ZoneOffset -> org.hibernate.type.BasicTypeReference@4bdf1bbe
2023-11-24 12:36:43,860 DEBUG o.h.t.BasicTypeRegistry [BasicTypeRegistry.java:401] Adding type registration java.time.ZoneOffset -> org.hibernate.type.BasicTypeReference@4bdf1bbe
2023-11-24 12:36:43,860 DEBUG o.h.t.BasicTypeRegistry [BasicTypeRegistry.java:401] Adding type registration url -> org.hibernate.type.BasicTypeReference@54e21540
2023-11-24 12:36:43,860 DEBUG o.h.t.BasicTypeRegistry [BasicTypeRegistry.java:401] Adding type registration java.net.URL -> org.hibernate.type.BasicTypeReference@54e21540
2023-11-24 12:36:43,860 DEBUG o.h.t.BasicTypeRegistry [BasicTypeRegistry.java:401] Adding type registration row_version -> org.hibernate.type.BasicTypeReference@56ec31ca
2023-11-24 12:36:43,860 DEBUG o.h.t.BasicTypeRegistry [BasicTypeRegistry.java:376] Adding type registration object -> org.hibernate.type.JavaObjectType@65bbf773
2023-11-24 12:36:43,861 DEBUG o.h.t.BasicTypeRegistry [BasicTypeRegistry.java:376] Adding type registration java.lang.Object -> org.hibernate.type.JavaObjectType@65bbf773
2023-11-24 12:36:43,861 DEBUG o.h.t.BasicTypeRegistry [BasicTypeRegistry.java:376] Adding type registration null -> org.hibernate.type.NullType@3a77f91a
2023-11-24 12:36:43,861 DEBUG o.h.t.BasicTypeRegistry [BasicTypeRegistry.java:401] Adding type registration imm_date -> org.hibernate.type.BasicTypeReference@69b1e44b
2023-11-24 12:36:43,861 DEBUG o.h.t.BasicTypeRegistry [BasicTypeRegistry.java:401] Adding type registration imm_time -> org.hibernate.type.BasicTypeReference@3b2fa201
2023-11-24 12:36:43,861 DEBUG o.h.t.BasicTypeRegistry [BasicTypeRegistry.java:401] Adding type registration imm_timestamp -> org.hibernate.type.BasicTypeReference@1a1a00e2
2023-11-24 12:36:43,862 DEBUG o.h.t.BasicTypeRegistry [BasicTypeRegistry.java:401] Adding type registration imm_calendar -> org.hibernate.type.BasicTypeReference@3150e87f
2023-11-24 12:36:43,862 DEBUG o.h.t.BasicTypeRegistry [BasicTypeRegistry.java:401] Adding type registration imm_calendar_date -> org.hibernate.type.BasicTypeReference@5725c1a2
2023-11-24 12:36:43,862 DEBUG o.h.t.BasicTypeRegistry [BasicTypeRegistry.java:401] Adding type registration imm_calendar_time -> org.hibernate.type.BasicTypeReference@115c4eed
2023-11-24 12:36:43,862 DEBUG o.h.t.BasicTypeRegistry [BasicTypeRegistry.java:401] Adding type registration imm_binary -> org.hibernate.type.BasicTypeReference@5b8b5134
2023-11-24 12:36:43,862 DEBUG o.h.t.BasicTypeRegistry [BasicTypeRegistry.java:401] Adding type registration imm_serializable -> org.hibernate.type.BasicTypeReference@6d2e592a
2023-11-24 12:36:43,862 TRACE o.h.q.s.f.SqmFunctionRegistry [SqmFunctionRegistry.java:43] SqmFunctionRegistry created
2023-11-24 12:36:43,863 TRACE o.h.s.i.AbstractServiceRegistryImpl [AbstractServiceRegistryImpl.java:235] Initializing service [role=org.hibernate.boot.cfgxml.spi.CfgXmlAccessService]
2023-11-24 12:36:43,864 DEBUG o.h.b.i.BootstrapContextImpl [BootstrapContextImpl.java:291] Injecting JPA temp ClassLoader [org.springframework.instrument.classloading.SimpleThrowawayClassLoader@67a7b2a8] into BootstrapContext; was [null]
2023-11-24 12:36:43,865 DEBUG o.h.b.i.ClassLoaderAccessImpl [ClassLoaderAccessImpl.java:45] ClassLoaderAccessImpl#injectTempClassLoader(org.springframework.instrument.classloading.SimpleThrowawayClassLoader@67a7b2a8) [was null]
2023-11-24 12:36:43,865 DEBUG o.h.b.i.BootstrapContextImpl [BootstrapContextImpl.java:301] Injecting ScanEnvironment [org.hibernate.jpa.boot.internal.StandardJpaScanEnvironmentImpl@66a44d99] into BootstrapContext; was [null]
2023-11-24 12:36:43,865 DEBUG o.h.b.i.BootstrapContextImpl [BootstrapContextImpl.java:296] Injecting ScanOptions [org.hibernate.boot.archive.scan.internal.StandardScanOptions@79dcaf6e] into BootstrapContext; was [org.hibernate.boot.archive.scan.internal.StandardScanOptions@1025fdf4]
2023-11-24 12:36:43,867 DEBUG o.h.b.i.BytecodeProviderInitiator [BytecodeProviderInitiator.java:53] HHH000021: Bytecode provider name : bytebuddy
2023-11-24 12:36:43,868 DEBUG o.h.b.i.BootstrapContextImpl [BootstrapContextImpl.java:291] Injecting JPA temp ClassLoader [null] into BootstrapContext; was [org.springframework.instrument.classloading.SimpleThrowawayClassLoader@67a7b2a8]
2023-11-24 12:36:43,868 DEBUG o.h.b.i.ClassLoaderAccessImpl [ClassLoaderAccessImpl.java:45] ClassLoaderAccessImpl#injectTempClassLoader(null) [was org.springframework.instrument.classloading.SimpleThrowawayClassLoader@67a7b2a8]
2023-11-24 12:36:43,868 TRACE o.h.s.i.AbstractServiceRegistryImpl [AbstractServiceRegistryImpl.java:235] Initializing service [role=org.hibernate.engine.jdbc.env.spi.JdbcEnvironment]
2023-11-24 12:36:43,868 TRACE o.h.s.i.AbstractServiceRegistryImpl [AbstractServiceRegistryImpl.java:235] Initializing service [role=org.hibernate.engine.jdbc.dialect.spi.DialectFactory]
2023-11-24 12:36:43,869 TRACE o.h.s.i.AbstractServiceRegistryImpl [AbstractServiceRegistryImpl.java:235] Initializing service [role=org.hibernate.engine.jdbc.dialect.spi.DialectResolver]
2023-11-24 12:36:43,869 TRACE o.h.s.i.AbstractServiceRegistryImpl [AbstractServiceRegistryImpl.java:235] Initializing service [role=org.hibernate.engine.jdbc.connections.spi.MultiTenantConnectionProvider]
2023-11-24 12:36:43,870 TRACE o.h.s.i.AbstractServiceRegistryImpl [AbstractServiceRegistryImpl.java:235] Initializing service [role=org.hibernate.engine.jdbc.connections.spi.ConnectionProvider]
2023-11-24 12:36:43,870 TRACE o.h.s.i.AbstractServiceRegistryImpl [AbstractServiceRegistryImpl.java:235] Initializing service [role=org.hibernate.engine.jdbc.connections.spi.MultiTenantConnectionProvider]
2023-11-24 12:36:43,870 TRACE o.h.s.i.AbstractServiceRegistryImpl [AbstractServiceRegistryImpl.java:235] Initializing service [role=org.hibernate.engine.jndi.spi.JndiService]
2023-11-24 12:36:43,870 TRACE o.h.s.i.AbstractServiceRegistryImpl [AbstractServiceRegistryImpl.java:235] Initializing service [role=org.hibernate.resource.transaction.spi.TransactionCoordinatorBuilder]
2023-11-24 12:36:43,871 DEBUG o.h.e.j.e.i.JdbcEnvironmentInitiator [JdbcEnvironmentInitiator.java:286] Database ->
       name : MySQL
    version : 5.5.5-10.11.3-MariaDB-1
      major : 5
      minor : 5
2023-11-24 12:36:43,871 DEBUG o.h.e.j.e.i.JdbcEnvironmentInitiator [JdbcEnvironmentInitiator.java:297] Driver ->
       name : MySQL Connector/J
    version : mysql-connector-java-8.0.19 (Revision: a0ca826f5cdf51a98356fdfb1bf251eb042f80bf)
      major : 8
      minor : 0
2023-11-24 12:36:43,871 DEBUG o.h.e.j.e.i.JdbcEnvironmentInitiator [DelegatingBasicLogger.java:388] JDBC version : 4.2
2023-11-24 12:36:43,872 WARN o.h.d.Dialect [Dialect.java:351] HHH000511: The 5.5.0 version for [org.hibernate.dialect.MySQLDialect] is no longer supported, hence certain features may not work properly. The minimum supported version is 5.7.0. Check the community dialects project for available legacy versions.
2023-11-24 12:36:43,873 DEBUG o.h.o.dialect [DialectFactoryImpl.java:93] HHH035001: Using dialect: org.hibernate.dialect.MySQLDialect, version: 5.5
2023-11-24 12:36:43,873 DEBUG o.h.e.j.e.s.IdentifierHelperBuilder [IdentifierHelperBuilder.java:121] JDBC driver metadata reported database stores quoted identifiers in more than one case
2023-11-24 12:36:43,874 DEBUG o.h.e.j.e.s.IdentifierHelperBuilder [IdentifierHelperBuilder.java:210] IdentifierCaseStrategy for both quoted and unquoted identifiers was set to the same strategy [MIXED]; that will likely lead to problems in schema update and validation if using quoted identifiers
2023-11-24 12:36:43,874 TRACE o.h.e.j.e.i.NormalizingIdentifierHelperImpl [NormalizingIdentifierHelperImpl.java:62] Normalizing identifier quoting [cerepro_test]
2023-11-24 12:36:43,874 TRACE o.h.e.j.e.i.NormalizingIdentifierHelperImpl [NormalizingIdentifierHelperImpl.java:62] Normalizing identifier quoting [null]
2023-11-24 12:36:43,874 TRACE o.h.s.i.AbstractServiceRegistryImpl [AbstractServiceRegistryImpl.java:235] Initializing service [role=org.hibernate.engine.jdbc.spi.JdbcServices]
2023-11-24 12:36:43,875 TRACE o.h.s.i.AbstractServiceRegistryImpl [AbstractServiceRegistryImpl.java:235] Initializing service [role=org.hibernate.engine.jdbc.spi.SqlStatementLogger]
2023-11-24 12:36:43,875 TRACE o.h.s.i.AbstractServiceRegistryImpl [AbstractServiceRegistryImpl.java:235] Initializing service [role=org.hibernate.sql.ast.spi.ParameterMarkerStrategy]
2023-11-24 12:36:43,875 DEBUG o.h.t.d.s.s.DdlTypeRegistry [DdlTypeRegistry.java:63] addDescriptor(12, org.hibernate.type.descriptor.sql.internal.CapacityDependentDdlType@127a0296) replaced previous registration(org.hibernate.type.descriptor.sql.internal.CapacityDependentDdlType@2d8f9770)
2023-11-24 12:36:43,876 DEBUG o.h.t.d.s.s.DdlTypeRegistry [DdlTypeRegistry.java:63] addDescriptor(-9, org.hibernate.type.descriptor.sql.internal.CapacityDependentDdlType@e1c4d04) replaced previous registration(org.hibernate.type.descriptor.sql.internal.CapacityDependentDdlType@b07d1bb)
2023-11-24 12:36:43,876 DEBUG o.h.t.d.s.s.DdlTypeRegistry [DdlTypeRegistry.java:63] addDescriptor(-3, org.hibernate.type.descriptor.sql.internal.CapacityDependentDdlType@49ab0cff) replaced previous registration(org.hibernate.type.descriptor.sql.internal.CapacityDependentDdlType@18ce36ad)
2023-11-24 12:36:43,876 DEBUG o.h.t.d.s.s.DdlTypeRegistry [DdlTypeRegistry.java:63] addDescriptor(4003, org.hibernate.type.descriptor.sql.internal.DdlTypeImpl@74563cdd) replaced previous registration(org.hibernate.type.descriptor.sql.internal.DdlTypeImpl@41e9b1e5)
2023-11-24 12:36:43,876 DEBUG o.h.t.d.s.s.DdlTypeRegistry [DdlTypeRegistry.java:63] addDescriptor(4001, org.hibernate.type.descriptor.sql.internal.DdlTypeImpl@50b481d3) replaced previous registration(org.hibernate.type.descriptor.sql.internal.DdlTypeImpl@3926be36)
2023-11-24 12:36:43,876 DEBUG o.h.t.d.s.s.DdlTypeRegistry [DdlTypeRegistry.java:63] addDescriptor(4002, org.hibernate.type.descriptor.sql.internal.DdlTypeImpl@7c53dd1b) replaced previous registration(org.hibernate.type.descriptor.sql.internal.DdlTypeImpl@70393ded)
2023-11-24 12:36:43,877 DEBUG o.h.t.d.s.s.DdlTypeRegistry [DdlTypeRegistry.java:63] addDescriptor(2004, org.hibernate.type.descriptor.sql.internal.CapacityDependentDdlType@4f78020) replaced previous registration(org.hibernate.type.descriptor.sql.internal.DdlTypeImpl@82c4986)
2023-11-24 12:36:43,877 DEBUG o.h.t.d.s.s.DdlTypeRegistry [DdlTypeRegistry.java:63] addDescriptor(2005, org.hibernate.type.descriptor.sql.internal.CapacityDependentDdlType@6af5e69d) replaced previous registration(org.hibernate.type.descriptor.sql.internal.DdlTypeImpl@531a787b)
2023-11-24 12:36:43,877 DEBUG o.h.t.d.s.s.DdlTypeRegistry [DdlTypeRegistry.java:63] addDescriptor(2011, org.hibernate.type.descriptor.sql.internal.CapacityDependentDdlType@6bd414b8) replaced previous registration(org.hibernate.type.descriptor.sql.internal.DdlTypeImpl@15e103d)
2023-11-24 12:36:43,877 DEBUG o.h.t.d.j.s.JdbcTypeRegistry [JdbcTypeRegistry.java:56] addDescriptor(NCharTypeDescriptor) replaced previous registration(CharTypeDescriptor)
2023-11-24 12:36:43,877 DEBUG o.h.t.d.j.s.JdbcTypeRegistry [JdbcTypeRegistry.java:56] addDescriptor(NVarcharTypeDescriptor) replaced previous registration(VarcharTypeDescriptor)
2023-11-24 12:36:43,878 DEBUG o.h.t.d.j.s.JdbcTypeRegistry [JdbcTypeRegistry.java:56] addDescriptor(LongNVarcharTypeDescriptor) replaced previous registration(LongVarcharTypeDescriptor)
2023-11-24 12:36:43,878 DEBUG o.h.t.d.j.s.JdbcTypeRegistry [JdbcTypeRegistry.java:56] addDescriptor(NClobTypeDescriptor(DEFAULT)) replaced previous registration(ClobTypeDescriptor(DEFAULT))
2023-11-24 12:36:43,878 DEBUG o.h.t.d.j.s.JdbcTypeRegistry [JdbcTypeRegistry.java:64] addDescriptor(2005, ClobTypeDescriptor(STREAM_BINDING)) replaced previous registration(ClobTypeDescriptor(DEFAULT))
2023-11-24 12:36:43,878 DEBUG o.h.t.BasicTypeRegistry [BasicTypeRegistry.java:376] Adding type registration null -> org.hibernate.type.NullType@44dadf85
2023-11-24 12:36:43,878 DEBUG o.h.t.BasicTypeRegistry [BasicTypeRegistry.java:380] Type registration key [null] overrode previous entry : `org.hibernate.type.NullType@3a77f91a`
2023-11-24 12:36:43,879 DEBUG o.h.t.BasicTypeRegistry [BasicTypeRegistry.java:376] Adding type registration Duration -> basicType@39(java.time.Duration,2)
2023-11-24 12:36:43,879 DEBUG o.h.t.BasicTypeRegistry [BasicTypeRegistry.java:376] Adding type registration java.time.Duration -> basicType@39(java.time.Duration,2)
2023-11-24 12:36:43,879 DEBUG o.h.t.BasicTypeRegistry [BasicTypeRegistry.java:376] Adding type registration org.hibernate.type.OffsetDateTimeType -> basicType@40(java.time.OffsetDateTime,3003)
2023-11-24 12:36:43,879 DEBUG o.h.t.BasicTypeRegistry [BasicTypeRegistry.java:376] Adding type registration OffsetDateTime -> basicType@40(java.time.OffsetDateTime,3003)
2023-11-24 12:36:43,879 DEBUG o.h.t.BasicTypeRegistry [BasicTypeRegistry.java:376] Adding type registration java.time.OffsetDateTime -> basicType@40(java.time.OffsetDateTime,3003)
2023-11-24 12:36:43,880 DEBUG o.h.t.BasicTypeRegistry [BasicTypeRegistry.java:376] Adding type registration org.hibernate.type.ZonedDateTimeType -> basicType@41(java.time.ZonedDateTime,3003)
2023-11-24 12:36:43,880 DEBUG o.h.t.BasicTypeRegistry [BasicTypeRegistry.java:376] Adding type registration ZonedDateTime -> basicType@41(java.time.ZonedDateTime,3003)
2023-11-24 12:36:43,880 DEBUG o.h.t.BasicTypeRegistry [BasicTypeRegistry.java:376] Adding type registration java.time.ZonedDateTime -> basicType@41(java.time.ZonedDateTime,3003)
2023-11-24 12:36:43,880 DEBUG o.h.t.BasicTypeRegistry [BasicTypeRegistry.java:376] Adding type registration org.hibernate.type.OffsetTimeType -> basicType@42(java.time.OffsetTime,3007)
2023-11-24 12:36:43,880 DEBUG o.h.t.BasicTypeRegistry [BasicTypeRegistry.java:376] Adding type registration OffsetTime -> basicType@42(java.time.OffsetTime,3007)
2023-11-24 12:36:43,880 DEBUG o.h.t.BasicTypeRegistry [BasicTypeRegistry.java:376] Adding type registration java.time.OffsetTime -> basicType@42(java.time.OffsetTime,3007)
2023-11-24 12:36:43,881 DEBUG o.h.t.s.TypeConfiguration$Scope [TypeConfiguration.java:191] Scoping TypeConfiguration [org.hibernate.type.spi.TypeConfiguration@4403aec5] to MetadataBuildingContext [org.hibernate.boot.internal.MetadataBuildingContextRootImpl@f390329]
2023-11-24 12:36:43,881 DEBUG o.h.b.m.r.Namespace [Namespace.java:64] Created database namespace [logicalName=Name{catalog=null, schema=null}, physicalName=Name{catalog=null, schema=null}]
2023-11-24 12:36:43,882 DEBUG o.h.b.m.i.EntityBinder [EntityBinder.java:206] Binding entity from annotated class: franco.maurizio.hr.desk.com.persistence.entity.Survey
2023-11-24 12:36:43,883 DEBUG o.h.b.m.i.EntityBinder [EntityBinder.java:1224] Import with entity name Survey
2023-11-24 12:36:43,883 TRACE o.h.b.i.InFlightMetadataCollectorImpl [InFlightMetadataCollectorImpl.java:878] Import: Survey -> franco.maurizio.hr.desk.com.persistence.entity.Survey
2023-11-24 12:36:43,883 TRACE o.h.b.i.InFlightMetadataCollectorImpl [InFlightMetadataCollectorImpl.java:878] Import: franco.maurizio.hr.desk.com.persistence.entity.Survey -> franco.maurizio.hr.desk.com.persistence.entity.Survey
2023-11-24 12:36:43,883 TRACE o.h.e.j.e.i.NormalizingIdentifierHelperImpl [NormalizingIdentifierHelperImpl.java:62] Normalizing identifier quoting [surveys]
2023-11-24 12:36:43,884 TRACE o.h.e.j.e.i.NormalizingIdentifierHelperImpl [NormalizingIdentifierHelperImpl.java:62] Normalizing identifier quoting [surveys]
2023-11-24 12:36:43,884 DEBUG o.h.b.m.i.EntityBinder [EntityBinder.java:1769] Bind entity franco.maurizio.hr.desk.com.persistence.entity.Survey on table surveys
2023-11-24 12:36:43,884 TRACE o.h.e.j.e.i.NormalizingIdentifierHelperImpl [NormalizingIdentifierHelperImpl.java:62] Normalizing identifier quoting [DTYPE]
2023-11-24 12:36:43,885 DEBUG o.h.b.m.i.AnnotatedColumn [AnnotatedColumn.java:249] Binding column: AnnotatedDiscriminatorColumn(column='DTYPE')
2023-11-24 12:36:43,885 TRACE o.h.b.m.i.PropertyBinder [PropertyBinder.java:695] Processing annotations of franco.maurizio.hr.desk.com.persistence.entity.Survey.id
2023-11-24 12:36:43,885 TRACE o.h.e.j.e.i.NormalizingIdentifierHelperImpl [NormalizingIdentifierHelperImpl.java:62] Normalizing identifier quoting [id]
2023-11-24 12:36:43,886 TRACE o.h.e.j.e.i.NormalizingIdentifierHelperImpl [NormalizingIdentifierHelperImpl.java:62] Normalizing identifier quoting [id]
2023-11-24 12:36:43,886 DEBUG o.h.b.m.i.AnnotatedColumn [AnnotatedColumn.java:249] Binding column: AnnotatedColumn(column='id')
2023-11-24 12:36:43,887 DEBUG o.h.b.i.ClassLoaderAccessImpl [ClassLoaderAccessImpl.java:60] Not known whether passed class name [franco.maurizio.hr.desk.com.persistence.entity.Survey] is safe
2023-11-24 12:36:43,887 DEBUG o.h.b.i.ClassLoaderAccessImpl [ClassLoaderAccessImpl.java:62] No temp ClassLoader provided; using live ClassLoader for loading potentially unsafe class : franco.maurizio.hr.desk.com.persistence.entity.Survey
2023-11-24 12:36:43,887 DEBUG o.h.b.m.i.PropertyBinder [PropertyBinder.java:251] MetadataSourceProcessor property id with lazy=false
2023-11-24 12:36:43,887 DEBUG o.h.b.m.i.AbstractPropertyHolder [AbstractPropertyHolder.java:107] Attempting to locate auto-apply AttributeConverter for property [franco.maurizio.hr.desk.com.persistence.entity.Survey:id]
2023-11-24 12:36:43,888 DEBUG o.h.b.m.i.BasicValueBinder [BasicValueBinder.java:1196] building BasicValue for id
2023-11-24 12:36:43,888 DEBUG o.h.m.BasicValue [BasicValue.java:259] Skipping column re-registration: surveys.id
2023-11-24 12:36:43,888 TRACE o.h.e.j.e.i.NormalizingIdentifierHelperImpl [NormalizingIdentifierHelperImpl.java:62] Normalizing identifier quoting [id]
2023-11-24 12:36:43,888 DEBUG o.h.b.m.i.PropertyBinder [PropertyBinder.java:391] Building property id
2023-11-24 12:36:43,888 TRACE o.h.b.m.i.PropertyBinder [PropertyBinder.java:407] Cascading id with null
2023-11-24 12:36:43,889 DEBUG o.h.b.m.i.BinderHelper [GeneratorBinder.java:73] #makeIdGenerator(BasicValue([Column(id)]), id, identity, , ...)
2023-11-24 12:36:43,889 TRACE o.h.b.m.i.PropertyBinder [PropertyBinder.java:1327] Bind @Id on id
2023-11-24 12:36:43,889 TRACE o.h.b.m.i.PropertyBinder [PropertyBinder.java:695] Processing annotations of franco.maurizio.hr.desk.com.persistence.entity.Survey.description
2023-11-24 12:36:43,889 TRACE o.h.e.j.e.i.NormalizingIdentifierHelperImpl [NormalizingIdentifierHelperImpl.java:62] Normalizing identifier quoting [description]
2023-11-24 12:36:43,890 TRACE o.h.e.j.e.i.NormalizingIdentifierHelperImpl [NormalizingIdentifierHelperImpl.java:62] Normalizing identifier quoting [description]
2023-11-24 12:36:43,890 DEBUG o.h.b.m.i.AnnotatedColumn [AnnotatedColumn.java:249] Binding column: AnnotatedColumn(column='description')
2023-11-24 12:36:43,890 DEBUG o.h.b.m.i.PropertyBinder [PropertyBinder.java:251] MetadataSourceProcessor property description with lazy=false
2023-11-24 12:36:43,891 DEBUG o.h.b.m.i.AbstractPropertyHolder [AbstractPropertyHolder.java:107] Attempting to locate auto-apply AttributeConverter for property [franco.maurizio.hr.desk.com.persistence.entity.Survey:description]
2023-11-24 12:36:43,891 DEBUG o.h.b.m.i.BasicValueBinder [BasicValueBinder.java:1196] building BasicValue for description
2023-11-24 12:36:43,891 DEBUG o.h.m.BasicValue [BasicValue.java:259] Skipping column re-registration: surveys.description
2023-11-24 12:36:43,891 TRACE o.h.e.j.e.i.NormalizingIdentifierHelperImpl [NormalizingIdentifierHelperImpl.java:62] Normalizing identifier quoting [description]
2023-11-24 12:36:43,891 DEBUG o.h.b.m.i.PropertyBinder [PropertyBinder.java:391] Building property description
2023-11-24 12:36:43,891 TRACE o.h.b.m.i.PropertyBinder [PropertyBinder.java:407] Cascading description with null
2023-11-24 12:36:43,891 TRACE o.h.b.m.i.PropertyBinder [PropertyBinder.java:695] Processing annotations of franco.maurizio.hr.desk.com.persistence.entity.Survey.label
2023-11-24 12:36:43,892 TRACE o.h.e.j.e.i.NormalizingIdentifierHelperImpl [NormalizingIdentifierHelperImpl.java:62] Normalizing identifier quoting [label]
2023-11-24 12:36:43,892 TRACE o.h.e.j.e.i.NormalizingIdentifierHelperImpl [NormalizingIdentifierHelperImpl.java:62] Normalizing identifier quoting [label]
2023-11-24 12:36:43,892 DEBUG o.h.b.m.i.AnnotatedColumn [AnnotatedColumn.java:249] Binding column: AnnotatedColumn(column='label')
2023-11-24 12:36:43,892 DEBUG o.h.b.m.i.PropertyBinder [PropertyBinder.java:251] MetadataSourceProcessor property label with lazy=false
2023-11-24 12:36:43,892 DEBUG o.h.b.m.i.AbstractPropertyHolder [AbstractPropertyHolder.java:107] Attempting to locate auto-apply AttributeConverter for property [franco.maurizio.hr.desk.com.persistence.entity.Survey:label]
2023-11-24 12:36:43,892 DEBUG o.h.b.m.i.BasicValueBinder [BasicValueBinder.java:1196] building BasicValue for label
2023-11-24 12:36:43,892 DEBUG o.h.m.BasicValue [BasicValue.java:259] Skipping column re-registration: surveys.label
2023-11-24 12:36:43,893 TRACE o.h.e.j.e.i.NormalizingIdentifierHelperImpl [NormalizingIdentifierHelperImpl.java:62] Normalizing identifier quoting [label]
2023-11-24 12:36:43,893 DEBUG o.h.b.m.i.PropertyBinder [PropertyBinder.java:391] Building property label
2023-11-24 12:36:43,893 TRACE o.h.b.m.i.PropertyBinder [PropertyBinder.java:407] Cascading label with null
2023-11-24 12:36:43,893 TRACE o.h.b.m.i.PropertyBinder [PropertyBinder.java:695] Processing annotations of franco.maurizio.hr.desk.com.persistence.entity.Survey.time
2023-11-24 12:36:43,893 TRACE o.h.e.j.e.i.NormalizingIdentifierHelperImpl [NormalizingIdentifierHelperImpl.java:62] Normalizing identifier quoting [time]
2023-11-24 12:36:43,893 TRACE o.h.e.j.e.i.NormalizingIdentifierHelperImpl [NormalizingIdentifierHelperImpl.java:62] Normalizing identifier quoting [time]
2023-11-24 12:36:43,894 DEBUG o.h.b.m.i.AnnotatedColumn [AnnotatedColumn.java:249] Binding column: AnnotatedColumn(column='time')
2023-11-24 12:36:43,894 DEBUG o.h.b.m.i.PropertyBinder [PropertyBinder.java:251] MetadataSourceProcessor property time with lazy=false
2023-11-24 12:36:43,894 DEBUG o.h.b.m.i.AbstractPropertyHolder [AbstractPropertyHolder.java:107] Attempting to locate auto-apply AttributeConverter for property [franco.maurizio.hr.desk.com.persistence.entity.Survey:time]
2023-11-24 12:36:43,894 DEBUG o.h.b.m.i.BasicValueBinder [BasicValueBinder.java:1196] building BasicValue for time
2023-11-24 12:36:43,894 DEBUG o.h.m.BasicValue [BasicValue.java:259] Skipping column re-registration: surveys.time
2023-11-24 12:36:43,894 TRACE o.h.e.j.e.i.NormalizingIdentifierHelperImpl [NormalizingIdentifierHelperImpl.java:62] Normalizing identifier quoting [time]
2023-11-24 12:36:43,894 DEBUG o.h.b.m.i.PropertyBinder [PropertyBinder.java:391] Building property time
2023-11-24 12:36:43,895 TRACE o.h.b.m.i.PropertyBinder [PropertyBinder.java:407] Cascading time with null
2023-11-24 12:36:43,895 DEBUG o.h.b.m.i.EntityBinder [EntityBinder.java:206] Binding entity from annotated class: franco.maurizio.hr.desk.com.persistence.entity.CandidateSurveyToken
2023-11-24 12:36:43,895 DEBUG o.h.b.m.i.EntityBinder [EntityBinder.java:1224] Import with entity name CandidateSurveyToken
2023-11-24 12:36:43,895 TRACE o.h.b.i.InFlightMetadataCollectorImpl [InFlightMetadataCollectorImpl.java:878] Import: CandidateSurveyToken -> franco.maurizio.hr.desk.com.persistence.entity.CandidateSurveyToken
2023-11-24 12:36:43,895 TRACE o.h.b.i.InFlightMetadataCollectorImpl [InFlightMetadataCollectorImpl.java:878] Import: franco.maurizio.hr.desk.com.persistence.entity.CandidateSurveyToken -> franco.maurizio.hr.desk.com.persistence.entity.CandidateSurveyToken
2023-11-24 12:36:43,895 TRACE o.h.e.j.e.i.NormalizingIdentifierHelperImpl [NormalizingIdentifierHelperImpl.java:62] Normalizing identifier quoting [candidatesurveytokens]
2023-11-24 12:36:43,896 TRACE o.h.e.j.e.i.NormalizingIdentifierHelperImpl [NormalizingIdentifierHelperImpl.java:62] Normalizing identifier quoting [candidatesurveytokens]
2023-11-24 12:36:43,896 DEBUG o.h.b.m.i.EntityBinder [EntityBinder.java:1769] Bind entity franco.maurizio.hr.desk.com.persistence.entity.CandidateSurveyToken on table candidatesurveytokens
2023-11-24 12:36:43,896 TRACE o.h.e.j.e.i.NormalizingIdentifierHelperImpl [NormalizingIdentifierHelperImpl.java:62] Normalizing identifier quoting [DTYPE]
2023-11-24 12:36:43,896 DEBUG o.h.b.m.i.AnnotatedColumn [AnnotatedColumn.java:249] Binding column: AnnotatedDiscriminatorColumn(column='DTYPE')
2023-11-24 12:36:43,897 TRACE o.h.b.m.i.PropertyBinder [PropertyBinder.java:695] Processing annotations of franco.maurizio.hr.desk.com.persistence.entity.CandidateSurveyToken.id
2023-11-24 12:36:43,897 TRACE o.h.e.j.e.i.NormalizingIdentifierHelperImpl [NormalizingIdentifierHelperImpl.java:62] Normalizing identifier quoting [id]
2023-11-24 12:36:43,897 TRACE o.h.e.j.e.i.NormalizingIdentifierHelperImpl [NormalizingIdentifierHelperImpl.java:62] Normalizing identifier quoting [id]
2023-11-24 12:36:43,897 DEBUG o.h.b.m.i.AnnotatedColumn [AnnotatedColumn.java:249] Binding column: AnnotatedColumn()
2023-11-24 12:36:43,897 DEBUG o.h.b.i.ClassLoaderAccessImpl [ClassLoaderAccessImpl.java:60] Not known whether passed class name [franco.maurizio.hr.desk.com.persistence.entity.CandidateSurveyToken] is safe
2023-11-24 12:36:43,897 DEBUG o.h.b.i.ClassLoaderAccessImpl [ClassLoaderAccessImpl.java:62] No temp ClassLoader provided; using live ClassLoader for loading potentially unsafe class : franco.maurizio.hr.desk.com.persistence.entity.CandidateSurveyToken
2023-11-24 12:36:43,898 DEBUG o.h.b.m.i.PropertyBinder [PropertyBinder.java:251] MetadataSourceProcessor property id with lazy=false
2023-11-24 12:36:43,898 DEBUG o.h.b.m.i.AbstractPropertyHolder [AbstractPropertyHolder.java:107] Attempting to locate auto-apply AttributeConverter for property [franco.maurizio.hr.desk.com.persistence.entity.CandidateSurveyToken:id]
2023-11-24 12:36:43,898 DEBUG o.h.b.m.i.BasicValueBinder [BasicValueBinder.java:1196] building BasicValue for id
2023-11-24 12:36:43,898 DEBUG o.h.m.BasicValue [BasicValue.java:259] Skipping column re-registration: candidatesurveytokens.id
2023-11-24 12:36:43,898 TRACE o.h.e.j.e.i.NormalizingIdentifierHelperImpl [NormalizingIdentifierHelperImpl.java:62] Normalizing identifier quoting [id]
2023-11-24 12:36:43,898 TRACE o.h.e.j.e.i.NormalizingIdentifierHelperImpl [NormalizingIdentifierHelperImpl.java:62] Normalizing identifier quoting [id]
2023-11-24 12:36:43,898 TRACE o.h.e.j.e.i.NormalizingIdentifierHelperImpl [NormalizingIdentifierHelperImpl.java:62] Normalizing identifier quoting [id]
2023-11-24 12:36:43,898 DEBUG o.h.b.m.i.PropertyBinder [PropertyBinder.java:391] Building property id
2023-11-24 12:36:43,899 TRACE o.h.b.m.i.PropertyBinder [PropertyBinder.java:407] Cascading id with null
2023-11-24 12:36:43,899 DEBUG o.h.b.m.i.BinderHelper [GeneratorBinder.java:73] #makeIdGenerator(BasicValue([Column(id)]), id, identity, , ...)
2023-11-24 12:36:43,899 TRACE o.h.b.m.i.PropertyBinder [PropertyBinder.java:1327] Bind @Id on id
2023-11-24 12:36:43,899 TRACE o.h.b.m.i.PropertyBinder [PropertyBinder.java:695] Processing annotations of franco.maurizio.hr.desk.com.persistence.entity.CandidateSurveyToken.candidateId
2023-11-24 12:36:43,899 TRACE o.h.e.j.e.i.NormalizingIdentifierHelperImpl [NormalizingIdentifierHelperImpl.java:62] Normalizing identifier quoting [candidateId]
2023-11-24 12:36:43,899 TRACE o.h.e.j.e.i.NormalizingIdentifierHelperImpl [NormalizingIdentifierHelperImpl.java:62] Normalizing identifier quoting [candidateId]
2023-11-24 12:36:43,900 DEBUG o.h.b.m.i.AnnotatedColumn [AnnotatedColumn.java:249] Binding column: AnnotatedColumn()
2023-11-24 12:36:43,900 DEBUG o.h.b.m.i.PropertyBinder [PropertyBinder.java:251] MetadataSourceProcessor property candidateId with lazy=false
2023-11-24 12:36:43,900 DEBUG o.h.b.m.i.AbstractPropertyHolder [AbstractPropertyHolder.java:107] Attempting to locate auto-apply AttributeConverter for property [franco.maurizio.hr.desk.com.persistence.entity.CandidateSurveyToken:candidateId]
2023-11-24 12:36:43,900 DEBUG o.h.b.m.i.BasicValueBinder [BasicValueBinder.java:1196] building BasicValue for candidateId
2023-11-24 12:36:43,900 DEBUG o.h.m.BasicValue [BasicValue.java:259] Skipping column re-registration: candidatesurveytokens.candidate_id
2023-11-24 12:36:43,900 TRACE o.h.e.j.e.i.NormalizingIdentifierHelperImpl [NormalizingIdentifierHelperImpl.java:62] Normalizing identifier quoting [candidateId]
2023-11-24 12:36:43,900 TRACE o.h.e.j.e.i.NormalizingIdentifierHelperImpl [NormalizingIdentifierHelperImpl.java:62] Normalizing identifier quoting [candidateId]
2023-11-24 12:36:43,901 TRACE o.h.e.j.e.i.NormalizingIdentifierHelperImpl [NormalizingIdentifierHelperImpl.java:62] Normalizing identifier quoting [candidateId]
2023-11-24 12:36:43,901 DEBUG o.h.b.m.i.PropertyBinder [PropertyBinder.java:391] Building property candidateId
2023-11-24 12:36:43,901 TRACE o.h.b.m.i.PropertyBinder [PropertyBinder.java:407] Cascading candidateId with null
2023-11-24 12:36:43,901 TRACE o.h.b.m.i.PropertyBinder [PropertyBinder.java:695] Processing annotations of franco.maurizio.hr.desk.com.persistence.entity.CandidateSurveyToken.expirationDateTime
2023-11-24 12:36:43,901 TRACE o.h.e.j.e.i.NormalizingIdentifierHelperImpl [NormalizingIdentifierHelperImpl.java:62] Normalizing identifier quoting [expirationDateTime]
2023-11-24 12:36:43,901 TRACE o.h.e.j.e.i.NormalizingIdentifierHelperImpl [NormalizingIdentifierHelperImpl.java:62] Normalizing identifier quoting [expirationDateTime]
2023-11-24 12:36:43,901 DEBUG o.h.b.m.i.AnnotatedColumn [AnnotatedColumn.java:249] Binding column: AnnotatedColumn()
2023-11-24 12:36:43,901 DEBUG o.h.b.m.i.PropertyBinder [PropertyBinder.java:251] MetadataSourceProcessor property expirationDateTime with lazy=false
2023-11-24 12:36:43,902 DEBUG o.h.b.m.i.AbstractPropertyHolder [AbstractPropertyHolder.java:107] Attempting to locate auto-apply AttributeConverter for property [franco.maurizio.hr.desk.com.persistence.entity.CandidateSurveyToken:expirationDateTime]
2023-11-24 12:36:43,902 DEBUG o.h.b.m.i.BasicValueBinder [BasicValueBinder.java:1196] building BasicValue for expirationDateTime
2023-11-24 12:36:43,902 DEBUG o.h.m.BasicValue [BasicValue.java:259] Skipping column re-registration: candidatesurveytokens.expiration_date_time
2023-11-24 12:36:43,902 TRACE o.h.e.j.e.i.NormalizingIdentifierHelperImpl [NormalizingIdentifierHelperImpl.java:62] Normalizing identifier quoting [expirationDateTime]
2023-11-24 12:36:43,902 TRACE o.h.e.j.e.i.NormalizingIdentifierHelperImpl [NormalizingIdentifierHelperImpl.java:62] Normalizing identifier quoting [expirationDateTime]
2023-11-24 12:36:43,902 TRACE o.h.e.j.e.i.NormalizingIdentifierHelperImpl [NormalizingIdentifierHelperImpl.java:62] Normalizing identifier quoting [expirationDateTime]
2023-11-24 12:36:43,902 DEBUG o.h.b.m.i.PropertyBinder [PropertyBinder.java:391] Building property expirationDateTime
2023-11-24 12:36:43,902 TRACE o.h.b.m.i.PropertyBinder [PropertyBinder.java:407] Cascading expirationDateTime with null
2023-11-24 12:36:43,903 TRACE o.h.b.m.i.PropertyBinder [PropertyBinder.java:695] Processing annotations of franco.maurizio.hr.desk.com.persistence.entity.CandidateSurveyToken.expired
2023-11-24 12:36:43,903 TRACE o.h.e.j.e.i.NormalizingIdentifierHelperImpl [NormalizingIdentifierHelperImpl.java:62] Normalizing identifier quoting [expired]
2023-11-24 12:36:43,903 TRACE o.h.e.j.e.i.NormalizingIdentifierHelperImpl [NormalizingIdentifierHelperImpl.java:62] Normalizing identifier quoting [expired]
2023-11-24 12:36:43,903 DEBUG o.h.b.m.i.AnnotatedColumn [AnnotatedColumn.java:249] Binding column: AnnotatedColumn()
2023-11-24 12:36:43,903 DEBUG o.h.b.m.i.PropertyBinder [PropertyBinder.java:251] MetadataSourceProcessor property expired with lazy=false
2023-11-24 12:36:43,904 DEBUG o.h.b.m.i.AbstractPropertyHolder [AbstractPropertyHolder.java:107] Attempting to locate auto-apply AttributeConverter for property [franco.maurizio.hr.desk.com.persistence.entity.CandidateSurveyToken:expired]
2023-11-24 12:36:43,904 DEBUG o.h.b.m.i.BasicValueBinder [BasicValueBinder.java:1196] building BasicValue for expired
2023-11-24 12:36:43,904 DEBUG o.h.m.BasicValue [BasicValue.java:259] Skipping column re-registration: candidatesurveytokens.expired
2023-11-24 12:36:43,904 TRACE o.h.e.j.e.i.NormalizingIdentifierHelperImpl [NormalizingIdentifierHelperImpl.java:62] Normalizing identifier quoting [expired]
2023-11-24 12:36:43,905 TRACE o.h.e.j.e.i.NormalizingIdentifierHelperImpl [NormalizingIdentifierHelperImpl.java:62] Normalizing identifier quoting [expired]
2023-11-24 12:36:43,905 TRACE o.h.e.j.e.i.NormalizingIdentifierHelperImpl [NormalizingIdentifierHelperImpl.java:62] Normalizing identifier quoting [expired]
2023-11-24 12:36:43,905 DEBUG o.h.b.m.i.PropertyBinder [PropertyBinder.java:391] Building property expired
2023-11-24 12:36:43,905 TRACE o.h.b.m.i.PropertyBinder [PropertyBinder.java:407] Cascading expired with null
2023-11-24 12:36:43,905 TRACE o.h.b.m.i.PropertyBinder [PropertyBinder.java:695] Processing annotations of franco.maurizio.hr.desk.com.persistence.entity.CandidateSurveyToken.generatedToken
2023-11-24 12:36:43,905 TRACE o.h.e.j.e.i.NormalizingIdentifierHelperImpl [NormalizingIdentifierHelperImpl.java:62] Normalizing identifier quoting [generatedToken]
2023-11-24 12:36:43,905 TRACE o.h.e.j.e.i.NormalizingIdentifierHelperImpl [NormalizingIdentifierHelperImpl.java:62] Normalizing identifier quoting [generatedToken]
2023-11-24 12:36:43,906 DEBUG o.h.b.m.i.AnnotatedColumn [AnnotatedColumn.java:249] Binding column: AnnotatedColumn()
2023-11-24 12:36:43,906 DEBUG o.h.b.m.i.PropertyBinder [PropertyBinder.java:251] MetadataSourceProcessor property generatedToken with lazy=false
2023-11-24 12:36:43,906 DEBUG o.h.b.m.i.AbstractPropertyHolder [AbstractPropertyHolder.java:107] Attempting to locate auto-apply AttributeConverter for property [franco.maurizio.hr.desk.com.persistence.entity.CandidateSurveyToken:generatedToken]
2023-11-24 12:36:43,906 DEBUG o.h.b.m.i.BasicValueBinder [BasicValueBinder.java:1196] building BasicValue for generatedToken
2023-11-24 12:36:43,906 DEBUG o.h.m.BasicValue [BasicValue.java:259] Skipping column re-registration: candidatesurveytokens.generated_token
2023-11-24 12:36:43,906 TRACE o.h.e.j.e.i.NormalizingIdentifierHelperImpl [NormalizingIdentifierHelperImpl.java:62] Normalizing identifier quoting [generatedToken]
2023-11-24 12:36:43,906 TRACE o.h.e.j.e.i.NormalizingIdentifierHelperImpl [NormalizingIdentifierHelperImpl.java:62] Normalizing identifier quoting [generatedToken]
2023-11-24 12:36:43,907 TRACE o.h.e.j.e.i.NormalizingIdentifierHelperImpl [NormalizingIdentifierHelperImpl.java:62] Normalizing identifier quoting [generatedToken]
2023-11-24 12:36:43,907 DEBUG o.h.b.m.i.PropertyBinder [PropertyBinder.java:391] Building property generatedToken
2023-11-24 12:36:43,907 TRACE o.h.b.m.i.PropertyBinder [PropertyBinder.java:407] Cascading generatedToken with null
2023-11-24 12:36:43,907 TRACE o.h.b.m.i.PropertyBinder [PropertyBinder.java:695] Processing annotations of franco.maurizio.hr.desk.com.persistence.entity.CandidateSurveyToken.surveyId
2023-11-24 12:36:43,907 TRACE o.h.e.j.e.i.NormalizingIdentifierHelperImpl [NormalizingIdentifierHelperImpl.java:62] Normalizing identifier quoting [surveyId]
2023-11-24 12:36:43,907 TRACE o.h.e.j.e.i.NormalizingIdentifierHelperImpl [NormalizingIdentifierHelperImpl.java:62] Normalizing identifier quoting [surveyId]
2023-11-24 12:36:43,908 DEBUG o.h.b.m.i.AnnotatedColumn [AnnotatedColumn.java:249] Binding column: AnnotatedColumn()
2023-11-24 12:36:43,908 DEBUG o.h.b.m.i.PropertyBinder [PropertyBinder.java:251] MetadataSourceProcessor property surveyId with lazy=false
2023-11-24 12:36:43,908 DEBUG o.h.b.m.i.AbstractPropertyHolder [AbstractPropertyHolder.java:107] Attempting to locate auto-apply AttributeConverter for property [franco.maurizio.hr.desk.com.persistence.entity.CandidateSurveyToken:surveyId]
2023-11-24 12:36:43,908 DEBUG o.h.b.m.i.BasicValueBinder [BasicValueBinder.java:1196] building BasicValue for surveyId
2023-11-24 12:36:43,908 DEBUG o.h.m.BasicValue [BasicValue.java:259] Skipping column re-registration: candidatesurveytokens.survey_id
2023-11-24 12:36:43,908 TRACE o.h.e.j.e.i.NormalizingIdentifierHelperImpl [NormalizingIdentifierHelperImpl.java:62] Normalizing identifier quoting [surveyId]
2023-11-24 12:36:43,908 TRACE o.h.e.j.e.i.NormalizingIdentifierHelperImpl [NormalizingIdentifierHelperImpl.java:62] Normalizing identifier quoting [surveyId]
2023-11-24 12:36:43,909 TRACE o.h.e.j.e.i.NormalizingIdentifierHelperImpl [NormalizingIdentifierHelperImpl.java:62] Normalizing identifier quoting [surveyId]
2023-11-24 12:36:43,909 DEBUG o.h.b.m.i.PropertyBinder [PropertyBinder.java:391] Building property surveyId
2023-11-24 12:36:43,909 TRACE o.h.b.m.i.PropertyBinder [PropertyBinder.java:407] Cascading surveyId with null
2023-11-24 12:36:43,909 DEBUG o.h.b.m.i.EntityBinder [EntityBinder.java:206] Binding entity from annotated class: franco.maurizio.hr.desk.com.persistence.entity.CandidateStates
2023-11-24 12:36:43,910 DEBUG o.h.b.m.i.EntityBinder [EntityBinder.java:1224] Import with entity name CandidateStates
2023-11-24 12:36:43,910 TRACE o.h.b.i.InFlightMetadataCollectorImpl [InFlightMetadataCollectorImpl.java:878] Import: CandidateStates -> franco.maurizio.hr.desk.com.persistence.entity.CandidateStates
2023-11-24 12:36:43,910 TRACE o.h.b.i.InFlightMetadataCollectorImpl [InFlightMetadataCollectorImpl.java:878] Import: franco.maurizio.hr.desk.com.persistence.entity.CandidateStates -> franco.maurizio.hr.desk.com.persistence.entity.CandidateStates
2023-11-24 12:36:43,910 TRACE o.h.e.j.e.i.NormalizingIdentifierHelperImpl [NormalizingIdentifierHelperImpl.java:62] Normalizing identifier quoting [candidate_states]
2023-11-24 12:36:43,910 TRACE o.h.e.j.e.i.NormalizingIdentifierHelperImpl [NormalizingIdentifierHelperImpl.java:62] Normalizing identifier quoting [candidate_states]
2023-11-24 12:36:43,910 DEBUG o.h.b.m.i.EntityBinder [EntityBinder.java:1769] Bind entity franco.maurizio.hr.desk.com.persistence.entity.CandidateStates on table candidate_states
2023-11-24 12:36:43,910 TRACE o.h.e.j.e.i.NormalizingIdentifierHelperImpl [NormalizingIdentifierHelperImpl.java:62] Normalizing identifier quoting [DTYPE]
2023-11-24 12:36:43,911 DEBUG o.h.b.m.i.AnnotatedColumn [AnnotatedColumn.java:249] Binding column: AnnotatedDiscriminatorColumn(column='DTYPE')
2023-11-24 12:36:43,911 TRACE o.h.b.m.i.PropertyBinder [PropertyBinder.java:695] Processing annotations of franco.maurizio.hr.desk.com.persistence.entity.CandidateStates.id
2023-11-24 12:36:43,911 TRACE o.h.e.j.e.i.NormalizingIdentifierHelperImpl [NormalizingIdentifierHelperImpl.java:62] Normalizing identifier quoting [id]
2023-11-24 12:36:43,912 TRACE o.h.e.j.e.i.NormalizingIdentifierHelperImpl [NormalizingIdentifierHelperImpl.java:62] Normalizing identifier quoting [id]
2023-11-24 12:36:43,912 DEBUG o.h.b.m.i.AnnotatedColumn [AnnotatedColumn.java:249] Binding column: AnnotatedColumn(column='id')
2023-11-24 12:36:43,912 DEBUG o.h.b.i.ClassLoaderAccessImpl [ClassLoaderAccessImpl.java:60] Not known whether passed class name [franco.maurizio.hr.desk.com.persistence.entity.CandidateStates] is safe
2023-11-24 12:36:43,913 DEBUG o.h.b.i.ClassLoaderAccessImpl [ClassLoaderAccessImpl.java:62] No temp ClassLoader provided; using live ClassLoader for loading potentially unsafe class : franco.maurizio.hr.desk.com.persistence.entity.CandidateStates
2023-11-24 12:36:43,913 DEBUG o.h.b.m.i.PropertyBinder [PropertyBinder.java:251] MetadataSourceProcessor property id with lazy=false
2023-11-24 12:36:43,913 DEBUG o.h.b.m.i.AbstractPropertyHolder [AbstractPropertyHolder.java:107] Attempting to locate auto-apply AttributeConverter for property [franco.maurizio.hr.desk.com.persistence.entity.CandidateStates:id]
2023-11-24 12:36:43,913 DEBUG o.h.b.m.i.BasicValueBinder [BasicValueBinder.java:1196] building BasicValue for id
2023-11-24 12:36:43,914 DEBUG o.h.m.BasicValue [BasicValue.java:259] Skipping column re-registration: candidate_states.id
2023-11-24 12:36:43,914 TRACE o.h.e.j.e.i.NormalizingIdentifierHelperImpl [NormalizingIdentifierHelperImpl.java:62] Normalizing identifier quoting [id]
2023-11-24 12:36:43,914 DEBUG o.h.b.m.i.PropertyBinder [PropertyBinder.java:391] Building property id
2023-11-24 12:36:43,914 TRACE o.h.b.m.i.PropertyBinder [PropertyBinder.java:407] Cascading id with null
2023-11-24 12:36:43,914 DEBUG o.h.b.m.i.BinderHelper [GeneratorBinder.java:73] #makeIdGenerator(BasicValue([Column(id)]), id, identity, , ...)
2023-11-24 12:36:43,914 TRACE o.h.b.m.i.PropertyBinder [PropertyBinder.java:1327] Bind @Id on id
2023-11-24 12:36:43,914 TRACE o.h.b.m.i.PropertyBinder [PropertyBinder.java:695] Processing annotations of franco.maurizio.hr.desk.com.persistence.entity.CandidateStates.roleId
2023-11-24 12:36:43,915 TRACE o.h.e.j.e.i.NormalizingIdentifierHelperImpl [NormalizingIdentifierHelperImpl.java:62] Normalizing identifier quoting [ROLE_ID]
2023-11-24 12:36:43,915 TRACE o.h.e.j.e.i.NormalizingIdentifierHelperImpl [NormalizingIdentifierHelperImpl.java:62] Normalizing identifier quoting [ROLE_ID]
2023-11-24 12:36:43,915 DEBUG o.h.b.m.i.AnnotatedColumn [AnnotatedColumn.java:249] Binding column: AnnotatedColumn(column='ROLE_ID')
2023-11-24 12:36:43,915 DEBUG o.h.b.m.i.PropertyBinder [PropertyBinder.java:251] MetadataSourceProcessor property roleId with lazy=false
2023-11-24 12:36:43,915 DEBUG o.h.b.m.i.AbstractPropertyHolder [AbstractPropertyHolder.java:107] Attempting to locate auto-apply AttributeConverter for property [franco.maurizio.hr.desk.com.persistence.entity.CandidateStates:roleId]
2023-11-24 12:36:43,915 DEBUG o.h.b.m.i.BasicValueBinder [BasicValueBinder.java:1196] building BasicValue for roleId
2023-11-24 12:36:43,916 DEBUG o.h.m.BasicValue [BasicValue.java:259] Skipping column re-registration: candidate_states.role_id
2023-11-24 12:36:43,916 TRACE o.h.e.j.e.i.NormalizingIdentifierHelperImpl [NormalizingIdentifierHelperImpl.java:62] Normalizing identifier quoting [ROLE_ID]
2023-11-24 12:36:43,916 DEBUG o.h.b.m.i.PropertyBinder [PropertyBinder.java:391] Building property roleId
2023-11-24 12:36:43,916 TRACE o.h.b.m.i.PropertyBinder [PropertyBinder.java:407] Cascading roleId with null
2023-11-24 12:36:43,916 TRACE o.h.b.m.i.PropertyBinder [PropertyBinder.java:695] Processing annotations of franco.maurizio.hr.desk.com.persistence.entity.CandidateStates.statusCode
2023-11-24 12:36:43,917 TRACE o.h.e.j.e.i.NormalizingIdentifierHelperImpl [NormalizingIdentifierHelperImpl.java:62] Normalizing identifier quoting [STATUS_CODE]
2023-11-24 12:36:43,917 TRACE o.h.e.j.e.i.NormalizingIdentifierHelperImpl [NormalizingIdentifierHelperImpl.java:62] Normalizing identifier quoting [STATUS_CODE]
2023-11-24 12:36:43,917 DEBUG o.h.b.m.i.AnnotatedColumn [AnnotatedColumn.java:249] Binding column: AnnotatedColumn(column='STATUS_CODE')
2023-11-24 12:36:43,917 DEBUG o.h.b.m.i.PropertyBinder [PropertyBinder.java:251] MetadataSourceProcessor property statusCode with lazy=false
2023-11-24 12:36:43,917 DEBUG o.h.b.m.i.AbstractPropertyHolder [AbstractPropertyHolder.java:107] Attempting to locate auto-apply AttributeConverter for property [franco.maurizio.hr.desk.com.persistence.entity.CandidateStates:statusCode]
2023-11-24 12:36:43,917 DEBUG o.h.b.m.i.BasicValueBinder [BasicValueBinder.java:1196] building BasicValue for statusCode
2023-11-24 12:36:43,917 DEBUG o.h.m.BasicValue [BasicValue.java:259] Skipping column re-registration: candidate_states.status_code
2023-11-24 12:36:43,918 TRACE o.h.e.j.e.i.NormalizingIdentifierHelperImpl [NormalizingIdentifierHelperImpl.java:62] Normalizing identifier quoting [STATUS_CODE]
2023-11-24 12:36:43,918 DEBUG o.h.b.m.i.PropertyBinder [PropertyBinder.java:391] Building property statusCode
2023-11-24 12:36:43,918 TRACE o.h.b.m.i.PropertyBinder [PropertyBinder.java:407] Cascading statusCode with null
2023-11-24 12:36:43,918 TRACE o.h.b.m.i.PropertyBinder [PropertyBinder.java:695] Processing annotations of franco.maurizio.hr.desk.com.persistence.entity.CandidateStates.statusColor
2023-11-24 12:36:43,918 TRACE o.h.e.j.e.i.NormalizingIdentifierHelperImpl [NormalizingIdentifierHelperImpl.java:62] Normalizing identifier quoting [STATUS_COLOR]
2023-11-24 12:36:43,918 TRACE o.h.e.j.e.i.NormalizingIdentifierHelperImpl [NormalizingIdentifierHelperImpl.java:62] Normalizing identifier quoting [STATUS_COLOR]
2023-11-24 12:36:43,919 DEBUG o.h.b.m.i.AnnotatedColumn [AnnotatedColumn.java:249] Binding column: AnnotatedColumn(column='STATUS_COLOR')
2023-11-24 12:36:43,919 DEBUG o.h.b.m.i.PropertyBinder [PropertyBinder.java:251] MetadataSourceProcessor property statusColor with lazy=false
2023-11-24 12:36:43,919 DEBUG o.h.b.m.i.AbstractPropertyHolder [AbstractPropertyHolder.java:107] Attempting to locate auto-apply AttributeConverter for property [franco.maurizio.hr.desk.com.persistence.entity.CandidateStates:statusColor]
2023-11-24 12:36:43,919 DEBUG o.h.b.m.i.BasicValueBinder [BasicValueBinder.java:1196] building BasicValue for statusColor
2023-11-24 12:36:43,919 DEBUG o.h.m.BasicValue [BasicValue.java:259] Skipping column re-registration: candidate_states.status_color
2023-11-24 12:36:43,919 TRACE o.h.e.j.e.i.NormalizingIdentifierHelperImpl [NormalizingIdentifierHelperImpl.java:62] Normalizing identifier quoting [STATUS_COLOR]
2023-11-24 12:36:43,919 DEBUG o.h.b.m.i.PropertyBinder [PropertyBinder.java:391] Building property statusColor
2023-11-24 12:36:43,919 TRACE o.h.b.m.i.PropertyBinder [PropertyBinder.java:407] Cascading statusColor with null
2023-11-24 12:36:43,920 TRACE o.h.b.m.i.PropertyBinder [PropertyBinder.java:695] Processing annotations of franco.maurizio.hr.desk.com.persistence.entity.CandidateStates.statusDescription
2023-11-24 12:36:43,920 TRACE o.h.e.j.e.i.NormalizingIdentifierHelperImpl [NormalizingIdentifierHelperImpl.java:62] Normalizing identifier quoting [STATUS_DESCRIPTION]
2023-11-24 12:36:43,920 TRACE o.h.e.j.e.i.NormalizingIdentifierHelperImpl [NormalizingIdentifierHelperImpl.java:62] Normalizing identifier quoting [STATUS_DESCRIPTION]
2023-11-24 12:36:43,920 DEBUG o.h.b.m.i.AnnotatedColumn [AnnotatedColumn.java:249] Binding column: AnnotatedColumn(column='STATUS_DESCRIPTION')
2023-11-24 12:36:43,920 DEBUG o.h.b.m.i.PropertyBinder [PropertyBinder.java:251] MetadataSourceProcessor property statusDescription with lazy=false
2023-11-24 12:36:43,921 DEBUG o.h.b.m.i.AbstractPropertyHolder [AbstractPropertyHolder.java:107] Attempting to locate auto-apply AttributeConverter for property [franco.maurizio.hr.desk.com.persistence.entity.CandidateStates:statusDescription]
2023-11-24 12:36:43,921 DEBUG o.h.b.m.i.BasicValueBinder [BasicValueBinder.java:1196] building BasicValue for statusDescription
2023-11-24 12:36:43,921 DEBUG o.h.m.BasicValue [BasicValue.java:259] Skipping column re-registration: candidate_states.status_description
2023-11-24 12:36:43,921 TRACE o.h.e.j.e.i.NormalizingIdentifierHelperImpl [NormalizingIdentifierHelperImpl.java:62] Normalizing identifier quoting [STATUS_DESCRIPTION]
2023-11-24 12:36:43,921 DEBUG o.h.b.m.i.PropertyBinder [PropertyBinder.java:391] Building property statusDescription
2023-11-24 12:36:43,921 TRACE o.h.b.m.i.PropertyBinder [PropertyBinder.java:407] Cascading statusDescription with null
2023-11-24 12:36:43,921 TRACE o.h.b.m.i.PropertyBinder [PropertyBinder.java:695] Processing annotations of franco.maurizio.hr.desk.com.persistence.entity.CandidateStates.statusLabel
2023-11-24 12:36:43,921 TRACE o.h.e.j.e.i.NormalizingIdentifierHelperImpl [NormalizingIdentifierHelperImpl.java:62] Normalizing identifier quoting [STATUS_LABEL]
2023-11-24 12:36:43,922 TRACE o.h.e.j.e.i.NormalizingIdentifierHelperImpl [NormalizingIdentifierHelperImpl.java:62] Normalizing identifier quoting [STATUS_LABEL]
2023-11-24 12:36:43,922 DEBUG o.h.b.m.i.AnnotatedColumn [AnnotatedColumn.java:249] Binding column: AnnotatedColumn(column='STATUS_LABEL')
2023-11-24 12:36:43,922 DEBUG o.h.b.m.i.PropertyBinder [PropertyBinder.java:251] MetadataSourceProcessor property statusLabel with lazy=false
2023-11-24 12:36:43,922 DEBUG o.h.b.m.i.AbstractPropertyHolder [AbstractPropertyHolder.java:107] Attempting to locate auto-apply AttributeConverter for property [franco.maurizio.hr.desk.com.persistence.entity.CandidateStates:statusLabel]
2023-11-24 12:36:43,922 DEBUG o.h.b.m.i.BasicValueBinder [BasicValueBinder.java:1196] building BasicValue for statusLabel
2023-11-24 12:36:43,923 DEBUG o.h.m.BasicValue [BasicValue.java:259] Skipping column re-registration: candidate_states.status_label
2023-11-24 12:36:43,923 TRACE o.h.e.j.e.i.NormalizingIdentifierHelperImpl [NormalizingIdentifierHelperImpl.java:62] Normalizing identifier quoting [STATUS_LABEL]
2023-11-24 12:36:43,923 DEBUG o.h.b.m.i.PropertyBinder [PropertyBinder.java:391] Building property statusLabel
2023-11-24 12:36:43,923 TRACE o.h.b.m.i.PropertyBinder [PropertyBinder.java:407] Cascading statusLabel with null
2023-11-24 12:36:43,924 DEBUG o.h.b.m.i.EntityBinder [EntityBinder.java:206] Binding entity from annotated class: franco.maurizio.hr.desk.com.persistence.entity.Role
2023-11-24 12:36:43,924 DEBUG o.h.b.m.i.EntityBinder [EntityBinder.java:1224] Import with entity name Role
2023-11-24 12:36:43,924 TRACE o.h.b.i.InFlightMetadataCollectorImpl [InFlightMetadataCollectorImpl.java:878] Import: Role -> franco.maurizio.hr.desk.com.persistence.entity.Role
2023-11-24 12:36:43,924 TRACE o.h.b.i.InFlightMetadataCollectorImpl [InFlightMetadataCollectorImpl.java:878] Import: franco.maurizio.hr.desk.com.persistence.entity.Role -> franco.maurizio.hr.desk.com.persistence.entity.Role
2023-11-24 12:36:43,924 TRACE o.h.e.j.e.i.NormalizingIdentifierHelperImpl [NormalizingIdentifierHelperImpl.java:62] Normalizing identifier quoting [roles]
2023-11-24 12:36:43,925 TRACE o.h.e.j.e.i.NormalizingIdentifierHelperImpl [NormalizingIdentifierHelperImpl.java:62] Normalizing identifier quoting [roles]
2023-11-24 12:36:43,925 DEBUG o.h.b.m.i.EntityBinder [EntityBinder.java:1769] Bind entity franco.maurizio.hr.desk.com.persistence.entity.Role on table roles
2023-11-24 12:36:43,925 TRACE o.h.e.j.e.i.NormalizingIdentifierHelperImpl [NormalizingIdentifierHelperImpl.java:62] Normalizing identifier quoting [DTYPE]
2023-11-24 12:36:43,925 DEBUG o.h.b.m.i.AnnotatedColumn [AnnotatedColumn.java:249] Binding column: AnnotatedDiscriminatorColumn(column='DTYPE')
2023-11-24 12:36:43,925 DEBUG c.z.h.p.HikariPool [HikariPool.java:414] HikariPool-3 - Pool stats (total=1, active=0, idle=1, waiting=0)
2023-11-24 12:36:43,925 TRACE o.h.b.m.i.PropertyBinder [PropertyBinder.java:695] Processing annotations of franco.maurizio.hr.desk.com.persistence.entity.Role.id
2023-11-24 12:36:43,926 TRACE o.h.e.j.e.i.NormalizingIdentifierHelperImpl [NormalizingIdentifierHelperImpl.java:62] Normalizing identifier quoting [id]
2023-11-24 12:36:43,926 TRACE o.h.e.j.e.i.NormalizingIdentifierHelperImpl [NormalizingIdentifierHelperImpl.java:62] Normalizing identifier quoting [id]
2023-11-24 12:36:43,926 DEBUG o.h.b.m.i.AnnotatedColumn [AnnotatedColumn.java:249] Binding column: AnnotatedColumn(column='id')
2023-11-24 12:36:43,927 DEBUG o.h.b.i.ClassLoaderAccessImpl [ClassLoaderAccessImpl.java:60] Not known whether passed class name [franco.maurizio.hr.desk.com.persistence.entity.Role] is safe
2023-11-24 12:36:43,927 DEBUG o.h.b.i.ClassLoaderAccessImpl [ClassLoaderAccessImpl.java:62] No temp ClassLoader provided; using live ClassLoader for loading potentially unsafe class : franco.maurizio.hr.desk.com.persistence.entity.Role
2023-11-24 12:36:43,927 DEBUG o.h.b.m.i.PropertyBinder [PropertyBinder.java:251] MetadataSourceProcessor property id with lazy=false
2023-11-24 12:36:43,927 DEBUG o.h.b.m.i.AbstractPropertyHolder [AbstractPropertyHolder.java:107] Attempting to locate auto-apply AttributeConverter for property [franco.maurizio.hr.desk.com.persistence.entity.Role:id]
2023-11-24 12:36:43,928 DEBUG o.h.b.m.i.BasicValueBinder [BasicValueBinder.java:1196] building BasicValue for id
2023-11-24 12:36:43,928 DEBUG o.h.m.BasicValue [BasicValue.java:259] Skipping column re-registration: roles.id
2023-11-24 12:36:43,928 TRACE o.h.e.j.e.i.NormalizingIdentifierHelperImpl [NormalizingIdentifierHelperImpl.java:62] Normalizing identifier quoting [id]
2023-11-24 12:36:43,929 DEBUG o.h.b.m.i.PropertyBinder [PropertyBinder.java:391] Building property id
2023-11-24 12:36:43,929 TRACE o.h.b.m.i.PropertyBinder [PropertyBinder.java:407] Cascading id with null
2023-11-24 12:36:43,929 DEBUG o.h.b.m.i.BinderHelper [GeneratorBinder.java:73] #makeIdGenerator(BasicValue([Column(id)]), id, identity, , ...)
2023-11-24 12:36:43,929 DEBUG c.z.h.p.HikariPool [HikariPool.java:738] HikariPool-3 - Added connection com.mysql.cj.jdbc.ConnectionImpl@c7123c9
2023-11-24 12:36:43,929 TRACE o.h.b.m.i.PropertyBinder [PropertyBinder.java:1327] Bind @Id on id
2023-11-24 12:36:43,930 TRACE o.h.b.m.i.PropertyBinder [PropertyBinder.java:695] Processing annotations of franco.maurizio.hr.desk.com.persistence.entity.Role.description
2023-11-24 12:36:43,930 TRACE o.h.e.j.e.i.NormalizingIdentifierHelperImpl [NormalizingIdentifierHelperImpl.java:62] Normalizing identifier quoting [description]
2023-11-24 12:36:43,930 TRACE o.h.e.j.e.i.NormalizingIdentifierHelperImpl [NormalizingIdentifierHelperImpl.java:62] Normalizing identifier quoting [description]
2023-11-24 12:36:43,931 DEBUG o.h.b.m.i.AnnotatedColumn [AnnotatedColumn.java:249] Binding column: AnnotatedColumn(column='description')
2023-11-24 12:36:43,931 DEBUG o.h.b.m.i.PropertyBinder [PropertyBinder.java:251] MetadataSourceProcessor property description with lazy=false
2023-11-24 12:36:43,931 DEBUG o.h.b.m.i.AbstractPropertyHolder [AbstractPropertyHolder.java:107] Attempting to locate auto-apply AttributeConverter for property [franco.maurizio.hr.desk.com.persistence.entity.Role:description]
2023-11-24 12:36:43,931 DEBUG o.h.b.m.i.BasicValueBinder [BasicValueBinder.java:1196] building BasicValue for description
2023-11-24 12:36:43,931 DEBUG o.h.m.BasicValue [BasicValue.java:259] Skipping column re-registration: roles.description
2023-11-24 12:36:43,931 TRACE o.h.e.j.e.i.NormalizingIdentifierHelperImpl [NormalizingIdentifierHelperImpl.java:62] Normalizing identifier quoting [description]
2023-11-24 12:36:43,932 DEBUG o.h.b.m.i.PropertyBinder [PropertyBinder.java:391] Building property description
2023-11-24 12:36:43,932 TRACE o.h.b.m.i.PropertyBinder [PropertyBinder.java:407] Cascading description with null
2023-11-24 12:36:43,932 TRACE o.h.b.m.i.PropertyBinder [PropertyBinder.java:695] Processing annotations of franco.maurizio.hr.desk.com.persistence.entity.Role.label
2023-11-24 12:36:43,932 TRACE o.h.e.j.e.i.NormalizingIdentifierHelperImpl [NormalizingIdentifierHelperImpl.java:62] Normalizing identifier quoting [label]
2023-11-24 12:36:43,932 TRACE o.h.e.j.e.i.NormalizingIdentifierHelperImpl [NormalizingIdentifierHelperImpl.java:62] Normalizing identifier quoting [label]
2023-11-24 12:36:43,932 DEBUG o.h.b.m.i.AnnotatedColumn [AnnotatedColumn.java:249] Binding column: AnnotatedColumn(column='label')
2023-11-24 12:36:43,933 DEBUG o.h.b.m.i.PropertyBinder [PropertyBinder.java:251] MetadataSourceProcessor property label with lazy=false
2023-11-24 12:36:43,933 DEBUG o.h.b.m.i.AbstractPropertyHolder [AbstractPropertyHolder.java:107] Attempting to locate auto-apply AttributeConverter for property [franco.maurizio.hr.desk.com.persistence.entity.Role:label]
2023-11-24 12:36:43,933 DEBUG o.h.b.m.i.BasicValueBinder [BasicValueBinder.java:1196] building BasicValue for label
2023-11-24 12:36:43,933 DEBUG o.h.m.BasicValue [BasicValue.java:259] Skipping column re-registration: roles.label
2023-11-24 12:36:43,933 TRACE o.h.e.j.e.i.NormalizingIdentifierHelperImpl [NormalizingIdentifierHelperImpl.java:62] Normalizing identifier quoting [label]
2023-11-24 12:36:43,933 DEBUG o.h.b.m.i.PropertyBinder [PropertyBinder.java:391] Building property label
2023-11-24 12:36:43,933 TRACE o.h.b.m.i.PropertyBinder [PropertyBinder.java:407] Cascading label with null
2023-11-24 12:36:43,933 TRACE o.h.b.m.i.PropertyBinder [PropertyBinder.java:695] Processing annotations of franco.maurizio.hr.desk.com.persistence.entity.Role.level
2023-11-24 12:36:43,934 TRACE o.h.e.j.e.i.NormalizingIdentifierHelperImpl [NormalizingIdentifierHelperImpl.java:62] Normalizing identifier quoting [level]
2023-11-24 12:36:43,934 TRACE o.h.e.j.e.i.NormalizingIdentifierHelperImpl [NormalizingIdentifierHelperImpl.java:62] Normalizing identifier quoting [level]
2023-11-24 12:36:43,934 DEBUG o.h.b.m.i.AnnotatedColumn [AnnotatedColumn.java:249] Binding column: AnnotatedColumn(column='level')
2023-11-24 12:36:43,934 DEBUG o.h.b.m.i.PropertyBinder [PropertyBinder.java:251] MetadataSourceProcessor property level with lazy=false
2023-11-24 12:36:43,934 DEBUG o.h.b.m.i.AbstractPropertyHolder [AbstractPropertyHolder.java:107] Attempting to locate auto-apply AttributeConverter for property [franco.maurizio.hr.desk.com.persistence.entity.Role:level]
2023-11-24 12:36:43,934 DEBUG o.h.b.m.i.BasicValueBinder [BasicValueBinder.java:1196] building BasicValue for level
2023-11-24 12:36:43,935 DEBUG o.h.m.BasicValue [BasicValue.java:259] Skipping column re-registration: roles.level
2023-11-24 12:36:43,935 TRACE o.h.e.j.e.i.NormalizingIdentifierHelperImpl [NormalizingIdentifierHelperImpl.java:62] Normalizing identifier quoting [level]
2023-11-24 12:36:43,935 DEBUG o.h.b.m.i.PropertyBinder [PropertyBinder.java:391] Building property level
2023-11-24 12:36:43,935 TRACE o.h.b.m.i.PropertyBinder [PropertyBinder.java:407] Cascading level with null
2023-11-24 12:36:43,935 DEBUG o.h.b.m.i.EntityBinder [EntityBinder.java:206] Binding entity from annotated class: franco.maurizio.hr.desk.com.persistence.entity.User
2023-11-24 12:36:43,936 DEBUG o.h.b.m.i.EntityBinder [EntityBinder.java:1224] Import with entity name User
2023-11-24 12:36:43,936 TRACE o.h.b.i.InFlightMetadataCollectorImpl [InFlightMetadataCollectorImpl.java:878] Import: User -> franco.maurizio.hr.desk.com.persistence.entity.User
2023-11-24 12:36:43,936 TRACE o.h.b.i.InFlightMetadataCollectorImpl [InFlightMetadataCollectorImpl.java:878] Import: franco.maurizio.hr.desk.com.persistence.entity.User -> franco.maurizio.hr.desk.com.persistence.entity.User
2023-11-24 12:36:43,936 TRACE o.h.e.j.e.i.NormalizingIdentifierHelperImpl [NormalizingIdentifierHelperImpl.java:62] Normalizing identifier quoting [users]
2023-11-24 12:36:43,936 TRACE o.h.e.j.e.i.NormalizingIdentifierHelperImpl [NormalizingIdentifierHelperImpl.java:62] Normalizing identifier quoting [users]
2023-11-24 12:36:43,936 DEBUG o.h.b.m.i.EntityBinder [EntityBinder.java:1769] Bind entity franco.maurizio.hr.desk.com.persistence.entity.User on table users
2023-11-24 12:36:43,937 TRACE o.h.e.j.e.i.NormalizingIdentifierHelperImpl [NormalizingIdentifierHelperImpl.java:62] Normalizing identifier quoting [DTYPE]
2023-11-24 12:36:43,937 DEBUG o.h.b.m.i.AnnotatedColumn [AnnotatedColumn.java:249] Binding column: AnnotatedDiscriminatorColumn(column='DTYPE')
2023-11-24 12:36:43,938 TRACE o.h.b.m.i.PropertyBinder [PropertyBinder.java:695] Processing annotations of franco.maurizio.hr.desk.com.persistence.entity.User.id
2023-11-24 12:36:43,938 TRACE o.h.e.j.e.i.NormalizingIdentifierHelperImpl [NormalizingIdentifierHelperImpl.java:62] Normalizing identifier quoting [id]
2023-11-24 12:36:43,938 TRACE o.h.e.j.e.i.NormalizingIdentifierHelperImpl [NormalizingIdentifierHelperImpl.java:62] Normalizing identifier quoting [id]
2023-11-24 12:36:43,939 DEBUG o.h.b.m.i.AnnotatedColumn [AnnotatedColumn.java:249] Binding column: AnnotatedColumn(column='id')
2023-11-24 12:36:43,939 DEBUG o.h.b.i.ClassLoaderAccessImpl [ClassLoaderAccessImpl.java:60] Not known whether passed class name [franco.maurizio.hr.desk.com.persistence.entity.User] is safe
2023-11-24 12:36:43,939 DEBUG o.h.b.i.ClassLoaderAccessImpl [ClassLoaderAccessImpl.java:62] No temp ClassLoader provided; using live ClassLoader for loading potentially unsafe class : franco.maurizio.hr.desk.com.persistence.entity.User
2023-11-24 12:36:43,939 DEBUG o.h.b.m.i.PropertyBinder [PropertyBinder.java:251] MetadataSourceProcessor property id with lazy=false
2023-11-24 12:36:43,940 DEBUG o.h.b.m.i.AbstractPropertyHolder [AbstractPropertyHolder.java:107] Attempting to locate auto-apply AttributeConverter for property [franco.maurizio.hr.desk.com.persistence.entity.User:id]
2023-11-24 12:36:43,940 DEBUG o.h.b.m.i.BasicValueBinder [BasicValueBinder.java:1196] building BasicValue for id
2023-11-24 12:36:43,940 DEBUG o.h.m.BasicValue [BasicValue.java:259] Skipping column re-registration: users.id
2023-11-24 12:36:43,941 TRACE o.h.e.j.e.i.NormalizingIdentifierHelperImpl [NormalizingIdentifierHelperImpl.java:62] Normalizing identifier quoting [id]
2023-11-24 12:36:43,941 DEBUG o.h.b.m.i.PropertyBinder [PropertyBinder.java:391] Building property id
2023-11-24 12:36:43,941 TRACE o.h.b.m.i.PropertyBinder [PropertyBinder.java:407] Cascading id with null
2023-11-24 12:36:43,942 DEBUG o.h.b.m.i.BinderHelper [GeneratorBinder.java:73] #makeIdGenerator(BasicValue([Column(id)]), id, identity, , ...)
2023-11-24 12:36:43,942 TRACE o.h.b.m.i.PropertyBinder [PropertyBinder.java:1327] Bind @Id on id
2023-11-24 12:36:43,942 TRACE o.h.b.m.i.PropertyBinder [PropertyBinder.java:695] Processing annotations of franco.maurizio.hr.desk.com.persistence.entity.User.email
2023-11-24 12:36:43,942 TRACE o.h.e.j.e.i.NormalizingIdentifierHelperImpl [NormalizingIdentifierHelperImpl.java:62] Normalizing identifier quoting [email]
2023-11-24 12:36:43,943 TRACE o.h.e.j.e.i.NormalizingIdentifierHelperImpl [NormalizingIdentifierHelperImpl.java:62] Normalizing identifier quoting [email]
2023-11-24 12:36:43,944 DEBUG o.h.b.m.i.AnnotatedColumn [AnnotatedColumn.java:249] Binding column: AnnotatedColumn(column='email')
2023-11-24 12:36:43,944 DEBUG o.h.b.m.i.PropertyBinder [PropertyBinder.java:251] MetadataSourceProcessor property email with lazy=false
2023-11-24 12:36:43,944 DEBUG o.h.b.m.i.AbstractPropertyHolder [AbstractPropertyHolder.java:107] Attempting to locate auto-apply AttributeConverter for property [franco.maurizio.hr.desk.com.persistence.entity.User:email]
2023-11-24 12:36:43,944 DEBUG o.h.b.m.i.BasicValueBinder [BasicValueBinder.java:1196] building BasicValue for email
2023-11-24 12:36:43,945 DEBUG o.h.m.BasicValue [BasicValue.java:259] Skipping column re-registration: users.email
2023-11-24 12:36:43,945 TRACE o.h.e.j.e.i.NormalizingIdentifierHelperImpl [NormalizingIdentifierHelperImpl.java:62] Normalizing identifier quoting [email]
2023-11-24 12:36:43,945 DEBUG o.h.b.m.i.PropertyBinder [PropertyBinder.java:391] Building property email
2023-11-24 12:36:43,945 DEBUG c.z.h.p.HikariPool [HikariPool.java:738] HikariPool-3 - Added connection com.mysql.cj.jdbc.ConnectionImpl@4d4c29f2
2023-11-24 12:36:43,945 TRACE o.h.b.m.i.PropertyBinder [PropertyBinder.java:407] Cascading email with null
2023-11-24 12:36:43,945 TRACE o.h.b.m.i.PropertyBinder [PropertyBinder.java:695] Processing annotations of franco.maurizio.hr.desk.com.persistence.entity.User.enabled
2023-11-24 12:36:43,946 TRACE o.h.e.j.e.i.NormalizingIdentifierHelperImpl [NormalizingIdentifierHelperImpl.java:62] Normalizing identifier quoting [enabled]
2023-11-24 12:36:43,946 TRACE o.h.e.j.e.i.NormalizingIdentifierHelperImpl [NormalizingIdentifierHelperImpl.java:62] Normalizing identifier quoting [enabled]
2023-11-24 12:36:43,946 DEBUG o.h.b.m.i.AnnotatedColumn [AnnotatedColumn.java:249] Binding column: AnnotatedColumn(column='enabled')
2023-11-24 12:36:43,947 DEBUG o.h.b.m.i.PropertyBinder [PropertyBinder.java:251] MetadataSourceProcessor property enabled with lazy=false
2023-11-24 12:36:43,947 DEBUG o.h.b.m.i.AbstractPropertyHolder [AbstractPropertyHolder.java:107] Attempting to locate auto-apply AttributeConverter for property [franco.maurizio.hr.desk.com.persistence.entity.User:enabled]
2023-11-24 12:36:43,947 DEBUG o.h.b.m.i.BasicValueBinder [BasicValueBinder.java:1196] building BasicValue for enabled
2023-11-24 12:36:43,947 DEBUG o.h.m.BasicValue [BasicValue.java:259] Skipping column re-registration: users.enabled
2023-11-24 12:36:43,947 TRACE o.h.e.j.e.i.NormalizingIdentifierHelperImpl [NormalizingIdentifierHelperImpl.java:62] Normalizing identifier quoting [enabled]
2023-11-24 12:36:43,948 DEBUG o.h.b.m.i.PropertyBinder [PropertyBinder.java:391] Building property enabled
2023-11-24 12:36:43,948 TRACE o.h.b.m.i.PropertyBinder [PropertyBinder.java:407] Cascading enabled with null
2023-11-24 12:36:43,948 TRACE o.h.b.m.i.PropertyBinder [PropertyBinder.java:695] Processing annotations of franco.maurizio.hr.desk.com.persistence.entity.User.firstname
2023-11-24 12:36:43,948 TRACE o.h.e.j.e.i.NormalizingIdentifierHelperImpl [NormalizingIdentifierHelperImpl.java:62] Normalizing identifier quoting [firstname]
2023-11-24 12:36:43,949 TRACE o.h.e.j.e.i.NormalizingIdentifierHelperImpl [NormalizingIdentifierHelperImpl.java:62] Normalizing identifier quoting [firstname]
2023-11-24 12:36:43,949 DEBUG o.h.b.m.i.AnnotatedColumn [AnnotatedColumn.java:249] Binding column: AnnotatedColumn(column='firstname')
2023-11-24 12:36:43,949 DEBUG o.h.b.m.i.PropertyBinder [PropertyBinder.java:251] MetadataSourceProcessor property firstname with lazy=false
2023-11-24 12:36:43,950 DEBUG o.h.b.m.i.AbstractPropertyHolder [AbstractPropertyHolder.java:107] Attempting to locate auto-apply AttributeConverter for property [franco.maurizio.hr.desk.com.persistence.entity.User:firstname]
2023-11-24 12:36:43,950 DEBUG o.h.b.m.i.BasicValueBinder [BasicValueBinder.java:1196] building BasicValue for firstname
2023-11-24 12:36:43,950 DEBUG o.h.m.BasicValue [BasicValue.java:259] Skipping column re-registration: users.firstname
2023-11-24 12:36:43,950 TRACE o.h.e.j.e.i.NormalizingIdentifierHelperImpl [NormalizingIdentifierHelperImpl.java:62] Normalizing identifier quoting [firstname]
2023-11-24 12:36:43,951 DEBUG o.h.b.m.i.PropertyBinder [PropertyBinder.java:391] Building property firstname
2023-11-24 12:36:43,951 TRACE o.h.b.m.i.PropertyBinder [PropertyBinder.java:407] Cascading firstname with null
2023-11-24 12:36:43,951 TRACE o.h.b.m.i.PropertyBinder [PropertyBinder.java:695] Processing annotations of franco.maurizio.hr.desk.com.persistence.entity.User.lastname
2023-11-24 12:36:43,951 TRACE o.h.e.j.e.i.NormalizingIdentifierHelperImpl [NormalizingIdentifierHelperImpl.java:62] Normalizing identifier quoting [lastname]
2023-11-24 12:36:43,952 TRACE o.h.e.j.e.i.NormalizingIdentifierHelperImpl [NormalizingIdentifierHelperImpl.java:62] Normalizing identifier quoting [lastname]
2023-11-24 12:36:43,952 DEBUG o.h.b.m.i.AnnotatedColumn [AnnotatedColumn.java:249] Binding column: AnnotatedColumn(column='lastname')
2023-11-24 12:36:43,953 DEBUG o.h.b.m.i.PropertyBinder [PropertyBinder.java:251] MetadataSourceProcessor property lastname with lazy=false
2023-11-24 12:36:43,953 DEBUG o.h.b.m.i.AbstractPropertyHolder [AbstractPropertyHolder.java:107] Attempting to locate auto-apply AttributeConverter for property [franco.maurizio.hr.desk.com.persistence.entity.User:lastname]
2023-11-24 12:36:43,953 DEBUG o.h.b.m.i.BasicValueBinder [BasicValueBinder.java:1196] building BasicValue for lastname
2023-11-24 12:36:43,953 DEBUG o.h.m.BasicValue [BasicValue.java:259] Skipping column re-registration: users.lastname
2023-11-24 12:36:43,953 TRACE o.h.e.j.e.i.NormalizingIdentifierHelperImpl [NormalizingIdentifierHelperImpl.java:62] Normalizing identifier quoting [lastname]
2023-11-24 12:36:43,954 DEBUG o.h.b.m.i.PropertyBinder [PropertyBinder.java:391] Building property lastname
2023-11-24 12:36:43,954 TRACE o.h.b.m.i.PropertyBinder [PropertyBinder.java:407] Cascading lastname with null
2023-11-24 12:36:43,954 TRACE o.h.b.m.i.PropertyBinder [PropertyBinder.java:695] Processing annotations of franco.maurizio.hr.desk.com.persistence.entity.User.password
2023-11-24 12:36:43,955 TRACE o.h.e.j.e.i.NormalizingIdentifierHelperImpl [NormalizingIdentifierHelperImpl.java:62] Normalizing identifier quoting [password]
2023-11-24 12:36:43,955 TRACE o.h.e.j.e.i.NormalizingIdentifierHelperImpl [NormalizingIdentifierHelperImpl.java:62] Normalizing identifier quoting [password]
2023-11-24 12:36:43,955 DEBUG o.h.b.m.i.AnnotatedColumn [AnnotatedColumn.java:249] Binding column: AnnotatedColumn(column='password')
2023-11-24 12:36:43,956 DEBUG o.h.b.m.i.PropertyBinder [PropertyBinder.java:251] MetadataSourceProcessor property password with lazy=false
2023-11-24 12:36:43,956 DEBUG o.h.b.m.i.AbstractPropertyHolder [AbstractPropertyHolder.java:107] Attempting to locate auto-apply AttributeConverter for property [franco.maurizio.hr.desk.com.persistence.entity.User:password]
2023-11-24 12:36:43,956 DEBUG o.h.b.m.i.BasicValueBinder [BasicValueBinder.java:1196] building BasicValue for password
2023-11-24 12:36:43,957 DEBUG o.h.m.BasicValue [BasicValue.java:259] Skipping column re-registration: users.password
2023-11-24 12:36:43,957 TRACE o.h.e.j.e.i.NormalizingIdentifierHelperImpl [NormalizingIdentifierHelperImpl.java:62] Normalizing identifier quoting [password]
2023-11-24 12:36:43,957 DEBUG o.h.b.m.i.PropertyBinder [PropertyBinder.java:391] Building property password
2023-11-24 12:36:43,957 TRACE o.h.b.m.i.PropertyBinder [PropertyBinder.java:407] Cascading password with null
2023-11-24 12:36:43,957 TRACE o.h.b.m.i.PropertyBinder [PropertyBinder.java:695] Processing annotations of franco.maurizio.hr.desk.com.persistence.entity.User.regdate
2023-11-24 12:36:43,958 TRACE o.h.e.j.e.i.NormalizingIdentifierHelperImpl [NormalizingIdentifierHelperImpl.java:62] Normalizing identifier quoting [regdate]
2023-11-24 12:36:43,959 TRACE o.h.e.j.e.i.NormalizingIdentifierHelperImpl [NormalizingIdentifierHelperImpl.java:62] Normalizing identifier quoting [regdate]
2023-11-24 12:36:43,959 DEBUG o.h.b.m.i.AnnotatedColumn [AnnotatedColumn.java:249] Binding column: AnnotatedColumn(column='regdate')
2023-11-24 12:36:43,959 DEBUG o.h.b.m.i.PropertyBinder [PropertyBinder.java:251] MetadataSourceProcessor property regdate with lazy=false
2023-11-24 12:36:43,960 DEBUG o.h.b.m.i.AbstractPropertyHolder [AbstractPropertyHolder.java:107] Attempting to locate auto-apply AttributeConverter for property [franco.maurizio.hr.desk.com.persistence.entity.User:regdate]
2023-11-24 12:36:43,960 DEBUG o.h.b.m.i.BasicValueBinder [BasicValueBinder.java:1196] building BasicValue for regdate
2023-11-24 12:36:43,960 DEBUG o.h.m.BasicValue [BasicValue.java:259] Skipping column re-registration: users.regdate
2023-11-24 12:36:43,960 TRACE o.h.e.j.e.i.NormalizingIdentifierHelperImpl [NormalizingIdentifierHelperImpl.java:62] Normalizing identifier quoting [regdate]
2023-11-24 12:36:43,961 DEBUG o.h.b.m.i.PropertyBinder [PropertyBinder.java:391] Building property regdate
2023-11-24 12:36:43,961 TRACE o.h.b.m.i.PropertyBinder [PropertyBinder.java:407] Cascading regdate with null
2023-11-24 12:36:43,961 DEBUG c.z.h.p.HikariPool [HikariPool.java:738] HikariPool-3 - Added connection com.mysql.cj.jdbc.ConnectionImpl@7ccbc787
2023-11-24 12:36:43,961 TRACE o.h.b.m.i.PropertyBinder [PropertyBinder.java:695] Processing annotations of franco.maurizio.hr.desk.com.persistence.entity.User.role
2023-11-24 12:36:43,961 TRACE o.h.e.j.e.i.NormalizingIdentifierHelperImpl [NormalizingIdentifierHelperImpl.java:62] Normalizing identifier quoting [role]
2023-11-24 12:36:43,962 TRACE o.h.e.j.e.i.NormalizingIdentifierHelperImpl [NormalizingIdentifierHelperImpl.java:62] Normalizing identifier quoting [role]
2023-11-24 12:36:43,962 DEBUG o.h.b.m.i.AnnotatedColumn [AnnotatedColumn.java:249] Binding column: AnnotatedColumn(column='role')
2023-11-24 12:36:43,962 DEBUG o.h.b.m.i.PropertyBinder [PropertyBinder.java:251] MetadataSourceProcessor property role with lazy=false
2023-11-24 12:36:43,962 DEBUG o.h.b.m.i.AbstractPropertyHolder [AbstractPropertyHolder.java:107] Attempting to locate auto-apply AttributeConverter for property [franco.maurizio.hr.desk.com.persistence.entity.User:role]
2023-11-24 12:36:43,963 DEBUG o.h.b.m.i.BasicValueBinder [BasicValueBinder.java:1196] building BasicValue for role
2023-11-24 12:36:43,963 DEBUG o.h.m.BasicValue [BasicValue.java:259] Skipping column re-registration: users.role
2023-11-24 12:36:43,963 TRACE o.h.e.j.e.i.NormalizingIdentifierHelperImpl [NormalizingIdentifierHelperImpl.java:62] Normalizing identifier quoting [role]
2023-11-24 12:36:43,963 DEBUG o.h.b.m.i.PropertyBinder [PropertyBinder.java:391] Building property role
2023-11-24 12:36:43,963 TRACE o.h.b.m.i.PropertyBinder [PropertyBinder.java:407] Cascading role with null
2023-11-24 12:36:43,964 DEBUG o.h.b.m.i.EntityBinder [EntityBinder.java:206] Binding entity from annotated class: franco.maurizio.hr.desk.com.persistence.entity.SurveyReply
2023-11-24 12:36:43,965 DEBUG o.h.b.m.i.EntityBinder [EntityBinder.java:1224] Import with entity name SurveyReply
2023-11-24 12:36:43,965 TRACE o.h.b.i.InFlightMetadataCollectorImpl [InFlightMetadataCollectorImpl.java:878] Import: SurveyReply -> franco.maurizio.hr.desk.com.persistence.entity.SurveyReply
2023-11-24 12:36:43,965 TRACE o.h.b.i.InFlightMetadataCollectorImpl [InFlightMetadataCollectorImpl.java:878] Import: franco.maurizio.hr.desk.com.persistence.entity.SurveyReply -> franco.maurizio.hr.desk.com.persistence.entity.SurveyReply
2023-11-24 12:36:43,966 TRACE o.h.e.j.e.i.NormalizingIdentifierHelperImpl [NormalizingIdentifierHelperImpl.java:62] Normalizing identifier quoting [surveyreplies]
2023-11-24 12:36:43,966 TRACE o.h.e.j.e.i.NormalizingIdentifierHelperImpl [NormalizingIdentifierHelperImpl.java:62] Normalizing identifier quoting [surveyreplies]
2023-11-24 12:36:43,966 DEBUG o.h.b.m.i.EntityBinder [EntityBinder.java:1769] Bind entity franco.maurizio.hr.desk.com.persistence.entity.SurveyReply on table surveyreplies
2023-11-24 12:36:43,967 TRACE o.h.e.j.e.i.NormalizingIdentifierHelperImpl [NormalizingIdentifierHelperImpl.java:62] Normalizing identifier quoting [DTYPE]
2023-11-24 12:36:43,967 DEBUG o.h.b.m.i.AnnotatedColumn [AnnotatedColumn.java:249] Binding column: AnnotatedDiscriminatorColumn(column='DTYPE')
2023-11-24 12:36:43,968 TRACE o.h.b.m.i.PropertyBinder [PropertyBinder.java:695] Processing annotations of franco.maurizio.hr.desk.com.persistence.entity.SurveyReply.id
2023-11-24 12:36:43,968 TRACE o.h.e.j.e.i.NormalizingIdentifierHelperImpl [NormalizingIdentifierHelperImpl.java:62] Normalizing identifier quoting [id]
2023-11-24 12:36:43,969 TRACE o.h.e.j.e.i.NormalizingIdentifierHelperImpl [NormalizingIdentifierHelperImpl.java:62] Normalizing identifier quoting [id]
2023-11-24 12:36:43,969 DEBUG o.h.b.m.i.AnnotatedColumn [AnnotatedColumn.java:249] Binding column: AnnotatedColumn()
2023-11-24 12:36:43,969 DEBUG o.h.b.i.ClassLoaderAccessImpl [ClassLoaderAccessImpl.java:60] Not known whether passed class name [franco.maurizio.hr.desk.com.persistence.entity.SurveyReply] is safe
2023-11-24 12:36:43,969 DEBUG o.h.b.i.ClassLoaderAccessImpl [ClassLoaderAccessImpl.java:62] No temp ClassLoader provided; using live ClassLoader for loading potentially unsafe class : franco.maurizio.hr.desk.com.persistence.entity.SurveyReply
2023-11-24 12:36:43,969 DEBUG o.h.b.m.i.PropertyBinder [PropertyBinder.java:251] MetadataSourceProcessor property id with lazy=false
2023-11-24 12:36:43,970 DEBUG o.h.b.m.i.AbstractPropertyHolder [AbstractPropertyHolder.java:107] Attempting to locate auto-apply AttributeConverter for property [franco.maurizio.hr.desk.com.persistence.entity.SurveyReply:id]
2023-11-24 12:36:43,970 DEBUG o.h.b.m.i.BasicValueBinder [BasicValueBinder.java:1196] building BasicValue for id
2023-11-24 12:36:43,970 DEBUG o.h.m.BasicValue [BasicValue.java:259] Skipping column re-registration: surveyreplies.id
2023-11-24 12:36:43,970 TRACE o.h.e.j.e.i.NormalizingIdentifierHelperImpl [NormalizingIdentifierHelperImpl.java:62] Normalizing identifier quoting [id]
2023-11-24 12:36:43,970 TRACE o.h.e.j.e.i.NormalizingIdentifierHelperImpl [NormalizingIdentifierHelperImpl.java:62] Normalizing identifier quoting [id]
2023-11-24 12:36:43,971 TRACE o.h.e.j.e.i.NormalizingIdentifierHelperImpl [NormalizingIdentifierHelperImpl.java:62] Normalizing identifier quoting [id]
2023-11-24 12:36:43,971 DEBUG o.h.b.m.i.PropertyBinder [PropertyBinder.java:391] Building property id
2023-11-24 12:36:43,971 TRACE o.h.b.m.i.PropertyBinder [PropertyBinder.java:407] Cascading id with null
2023-11-24 12:36:43,972 DEBUG o.h.b.m.i.BinderHelper [GeneratorBinder.java:73] #makeIdGenerator(BasicValue([Column(id)]), id, identity, , ...)
2023-11-24 12:36:43,972 TRACE o.h.b.m.i.PropertyBinder [PropertyBinder.java:1327] Bind @Id on id
2023-11-24 12:36:43,972 TRACE o.h.b.m.i.PropertyBinder [PropertyBinder.java:695] Processing annotations of franco.maurizio.hr.desk.com.persistence.entity.SurveyReply.answers
2023-11-24 12:36:43,972 TRACE o.h.e.j.e.i.NormalizingIdentifierHelperImpl [NormalizingIdentifierHelperImpl.java:62] Normalizing identifier quoting [answers]
2023-11-24 12:36:43,973 TRACE o.h.e.j.e.i.NormalizingIdentifierHelperImpl [NormalizingIdentifierHelperImpl.java:62] Normalizing identifier quoting [answers]
2023-11-24 12:36:43,973 DEBUG o.h.b.m.i.AnnotatedColumn [AnnotatedColumn.java:249] Binding column: AnnotatedColumn(column='answers')
2023-11-24 12:36:43,973 DEBUG o.h.b.m.i.PropertyBinder [PropertyBinder.java:251] MetadataSourceProcessor property answers with lazy=false
2023-11-24 12:36:43,973 DEBUG o.h.b.m.i.AbstractPropertyHolder [AbstractPropertyHolder.java:107] Attempting to locate auto-apply AttributeConverter for property [franco.maurizio.hr.desk.com.persistence.entity.SurveyReply:answers]
2023-11-24 12:36:43,974 DEBUG o.h.b.m.i.BasicValueBinder [BasicValueBinder.java:1196] building BasicValue for answers
2023-11-24 12:36:43,974 DEBUG o.h.m.BasicValue [BasicValue.java:259] Skipping column re-registration: surveyreplies.answers
2023-11-24 12:36:43,974 DEBUG c.z.h.p.HikariPool [HikariPool.java:738] HikariPool-3 - Added connection com.mysql.cj.jdbc.ConnectionImpl@2d63d6bd
2023-11-24 12:36:43,974 TRACE o.h.e.j.e.i.NormalizingIdentifierHelperImpl [NormalizingIdentifierHelperImpl.java:62] Normalizing identifier quoting [answers]
2023-11-24 12:36:43,974 DEBUG o.h.b.m.i.PropertyBinder [PropertyBinder.java:391] Building property answers
2023-11-24 12:36:43,975 TRACE o.h.b.m.i.PropertyBinder [PropertyBinder.java:407] Cascading answers with null
2023-11-24 12:36:43,975 TRACE o.h.b.m.i.PropertyBinder [PropertyBinder.java:695] Processing annotations of franco.maurizio.hr.desk.com.persistence.entity.SurveyReply.candidateId
2023-11-24 12:36:43,975 TRACE o.h.e.j.e.i.NormalizingIdentifierHelperImpl [NormalizingIdentifierHelperImpl.java:62] Normalizing identifier quoting [candidate_id]
2023-11-24 12:36:43,975 TRACE o.h.e.j.e.i.NormalizingIdentifierHelperImpl [NormalizingIdentifierHelperImpl.java:62] Normalizing identifier quoting [candidate_id]
2023-11-24 12:36:43,976 DEBUG o.h.b.m.i.AnnotatedColumn [AnnotatedColumn.java:249] Binding column: AnnotatedColumn(column='candidate_id')
2023-11-24 12:36:43,976 DEBUG o.h.b.m.i.PropertyBinder [PropertyBinder.java:251] MetadataSourceProcessor property candidateId with lazy=false
2023-11-24 12:36:43,976 DEBUG o.h.b.m.i.AbstractPropertyHolder [AbstractPropertyHolder.java:107] Attempting to locate auto-apply AttributeConverter for property [franco.maurizio.hr.desk.com.persistence.entity.SurveyReply:candidateId]
2023-11-24 12:36:43,976 DEBUG o.h.b.m.i.BasicValueBinder [BasicValueBinder.java:1196] building BasicValue for candidateId
2023-11-24 12:36:43,977 DEBUG o.h.m.BasicValue [BasicValue.java:259] Skipping column re-registration: surveyreplies.candidate_id
2023-11-24 12:36:43,977 TRACE o.h.e.j.e.i.NormalizingIdentifierHelperImpl [NormalizingIdentifierHelperImpl.java:62] Normalizing identifier quoting [candidate_id]
2023-11-24 12:36:43,977 DEBUG o.h.b.m.i.PropertyBinder [PropertyBinder.java:391] Building property candidateId
2023-11-24 12:36:43,977 TRACE o.h.b.m.i.PropertyBinder [PropertyBinder.java:407] Cascading candidateId with null
2023-11-24 12:36:43,978 TRACE o.h.b.m.i.PropertyBinder [PropertyBinder.java:695] Processing annotations of franco.maurizio.hr.desk.com.persistence.entity.SurveyReply.endtime
2023-11-24 12:36:43,978 TRACE o.h.e.j.e.i.NormalizingIdentifierHelperImpl [NormalizingIdentifierHelperImpl.java:62] Normalizing identifier quoting [endtime]
2023-11-24 12:36:43,978 TRACE o.h.e.j.e.i.NormalizingIdentifierHelperImpl [NormalizingIdentifierHelperImpl.java:62] Normalizing identifier quoting [endtime]
2023-11-24 12:36:43,978 DEBUG o.h.b.m.i.AnnotatedColumn [AnnotatedColumn.java:249] Binding column: AnnotatedColumn(column='endtime')
2023-11-24 12:36:43,979 DEBUG o.h.b.m.i.PropertyBinder [PropertyBinder.java:251] MetadataSourceProcessor property endtime with lazy=false
2023-11-24 12:36:43,979 DEBUG o.h.b.m.i.AbstractPropertyHolder [AbstractPropertyHolder.java:107] Attempting to locate auto-apply AttributeConverter for property [franco.maurizio.hr.desk.com.persistence.entity.SurveyReply:endtime]
2023-11-24 12:36:43,979 DEBUG o.h.b.m.i.BasicValueBinder [BasicValueBinder.java:1196] building BasicValue for endtime
2023-11-24 12:36:43,979 DEBUG o.h.m.BasicValue [BasicValue.java:259] Skipping column re-registration: surveyreplies.endtime
2023-11-24 12:36:43,979 TRACE o.h.e.j.e.i.NormalizingIdentifierHelperImpl [NormalizingIdentifierHelperImpl.java:62] Normalizing identifier quoting [endtime]
2023-11-24 12:36:43,980 DEBUG o.h.b.m.i.PropertyBinder [PropertyBinder.java:391] Building property endtime
2023-11-24 12:36:43,980 TRACE o.h.b.m.i.PropertyBinder [PropertyBinder.java:407] Cascading endtime with null
2023-11-24 12:36:43,980 TRACE o.h.b.m.i.PropertyBinder [PropertyBinder.java:695] Processing annotations of franco.maurizio.hr.desk.com.persistence.entity.SurveyReply.generated_token
2023-11-24 12:36:43,980 TRACE o.h.e.j.e.i.NormalizingIdentifierHelperImpl [NormalizingIdentifierHelperImpl.java:62] Normalizing identifier quoting [generated_token]
2023-11-24 12:36:43,981 TRACE o.h.e.j.e.i.NormalizingIdentifierHelperImpl [NormalizingIdentifierHelperImpl.java:62] Normalizing identifier quoting [generated_token]
2023-11-24 12:36:43,981 DEBUG o.h.b.m.i.AnnotatedColumn [AnnotatedColumn.java:249] Binding column: AnnotatedColumn(column='generated_token')
2023-11-24 12:36:43,981 DEBUG o.h.b.m.i.PropertyBinder [PropertyBinder.java:251] MetadataSourceProcessor property generated_token with lazy=false
2023-11-24 12:36:43,981 DEBUG o.h.b.m.i.AbstractPropertyHolder [AbstractPropertyHolder.java:107] Attempting to locate auto-apply AttributeConverter for property [franco.maurizio.hr.desk.com.persistence.entity.SurveyReply:generated_token]
2023-11-24 12:36:43,982 DEBUG o.h.b.m.i.BasicValueBinder [BasicValueBinder.java:1196] building BasicValue for generated_token
2023-11-24 12:36:43,982 DEBUG o.h.m.BasicValue [BasicValue.java:259] Skipping column re-registration: surveyreplies.generated_token
2023-11-24 12:36:43,982 TRACE o.h.e.j.e.i.NormalizingIdentifierHelperImpl [NormalizingIdentifierHelperImpl.java:62] Normalizing identifier quoting [generated_token]
2023-11-24 12:36:43,982 DEBUG o.h.b.m.i.PropertyBinder [PropertyBinder.java:391] Building property generated_token
2023-11-24 12:36:43,982 TRACE o.h.b.m.i.PropertyBinder [PropertyBinder.java:407] Cascading generated_token with null
2023-11-24 12:36:43,983 TRACE o.h.b.m.i.PropertyBinder [PropertyBinder.java:695] Processing annotations of franco.maurizio.hr.desk.com.persistence.entity.SurveyReply.pdffilename
2023-11-24 12:36:43,983 TRACE o.h.e.j.e.i.NormalizingIdentifierHelperImpl [NormalizingIdentifierHelperImpl.java:62] Normalizing identifier quoting [pdffilename]
2023-11-24 12:36:43,983 TRACE o.h.e.j.e.i.NormalizingIdentifierHelperImpl [NormalizingIdentifierHelperImpl.java:62] Normalizing identifier quoting [pdffilename]
2023-11-24 12:36:43,983 DEBUG o.h.b.m.i.AnnotatedColumn [AnnotatedColumn.java:249] Binding column: AnnotatedColumn(column='pdffilename')
2023-11-24 12:36:43,984 DEBUG o.h.b.m.i.PropertyBinder [PropertyBinder.java:251] MetadataSourceProcessor property pdffilename with lazy=false
2023-11-24 12:36:43,984 DEBUG o.h.b.m.i.AbstractPropertyHolder [AbstractPropertyHolder.java:107] Attempting to locate auto-apply AttributeConverter for property [franco.maurizio.hr.desk.com.persistence.entity.SurveyReply:pdffilename]
2023-11-24 12:36:43,984 DEBUG o.h.b.m.i.BasicValueBinder [BasicValueBinder.java:1196] building BasicValue for pdffilename
2023-11-24 12:36:43,984 DEBUG o.h.m.BasicValue [BasicValue.java:259] Skipping column re-registration: surveyreplies.pdffilename
2023-11-24 12:36:43,984 TRACE o.h.e.j.e.i.NormalizingIdentifierHelperImpl [NormalizingIdentifierHelperImpl.java:62] Normalizing identifier quoting [pdffilename]
2023-11-24 12:36:43,985 DEBUG o.h.b.m.i.PropertyBinder [PropertyBinder.java:391] Building property pdffilename
2023-11-24 12:36:43,985 TRACE o.h.b.m.i.PropertyBinder [PropertyBinder.java:407] Cascading pdffilename with null
2023-11-24 12:36:43,985 TRACE o.h.b.m.i.PropertyBinder [PropertyBinder.java:695] Processing annotations of franco.maurizio.hr.desk.com.persistence.entity.SurveyReply.points
2023-11-24 12:36:43,985 TRACE o.h.e.j.e.i.NormalizingIdentifierHelperImpl [NormalizingIdentifierHelperImpl.java:62] Normalizing identifier quoting [points]
2023-11-24 12:36:43,986 TRACE o.h.e.j.e.i.NormalizingIdentifierHelperImpl [NormalizingIdentifierHelperImpl.java:62] Normalizing identifier quoting [points]
2023-11-24 12:36:43,986 DEBUG o.h.b.m.i.AnnotatedColumn [AnnotatedColumn.java:249] Binding column: AnnotatedColumn(column='points')
2023-11-24 12:36:43,986 DEBUG o.h.b.m.i.PropertyBinder [PropertyBinder.java:251] MetadataSourceProcessor property points with lazy=false
2023-11-24 12:36:43,987 DEBUG o.h.b.m.i.AbstractPropertyHolder [AbstractPropertyHolder.java:107] Attempting to locate auto-apply AttributeConverter for property [franco.maurizio.hr.desk.com.persistence.entity.SurveyReply:points]
2023-11-24 12:36:43,987 DEBUG o.h.b.m.i.BasicValueBinder [BasicValueBinder.java:1196] building BasicValue for points
2023-11-24 12:36:43,987 DEBUG o.h.m.BasicValue [BasicValue.java:259] Skipping column re-registration: surveyreplies.points
2023-11-24 12:36:43,987 TRACE o.h.e.j.e.i.NormalizingIdentifierHelperImpl [NormalizingIdentifierHelperImpl.java:62] Normalizing identifier quoting [points]
2023-11-24 12:36:43,987 DEBUG o.h.b.m.i.PropertyBinder [PropertyBinder.java:391] Building property points
2023-11-24 12:36:43,988 TRACE o.h.b.m.i.PropertyBinder [PropertyBinder.java:407] Cascading points with null
2023-11-24 12:36:43,988 TRACE o.h.b.m.i.PropertyBinder [PropertyBinder.java:695] Processing annotations of franco.maurizio.hr.desk.com.persistence.entity.SurveyReply.starttime
2023-11-24 12:36:43,988 TRACE o.h.e.j.e.i.NormalizingIdentifierHelperImpl [NormalizingIdentifierHelperImpl.java:62] Normalizing identifier quoting [starttime]
2023-11-24 12:36:43,988 TRACE o.h.e.j.e.i.NormalizingIdentifierHelperImpl [NormalizingIdentifierHelperImpl.java:62] Normalizing identifier quoting [starttime]
2023-11-24 12:36:43,989 DEBUG o.h.b.m.i.AnnotatedColumn [AnnotatedColumn.java:249] Binding column: AnnotatedColumn(column='starttime')
2023-11-24 12:36:43,989 DEBUG o.h.b.m.i.PropertyBinder [PropertyBinder.java:251] MetadataSourceProcessor property starttime with lazy=false
2023-11-24 12:36:43,989 DEBUG o.h.b.m.i.AbstractPropertyHolder [AbstractPropertyHolder.java:107] Attempting to locate auto-apply AttributeConverter for property [franco.maurizio.hr.desk.com.persistence.entity.SurveyReply:starttime]
2023-11-24 12:36:43,989 DEBUG o.h.b.m.i.BasicValueBinder [BasicValueBinder.java:1196] building BasicValue for starttime
2023-11-24 12:36:43,989 DEBUG o.h.m.BasicValue [BasicValue.java:259] Skipping column re-registration: surveyreplies.starttime
2023-11-24 12:36:43,990 TRACE o.h.e.j.e.i.NormalizingIdentifierHelperImpl [NormalizingIdentifierHelperImpl.java:62] Normalizing identifier quoting [starttime]
2023-11-24 12:36:43,990 DEBUG o.h.b.m.i.PropertyBinder [PropertyBinder.java:391] Building property starttime
2023-11-24 12:36:43,990 TRACE o.h.b.m.i.PropertyBinder [PropertyBinder.java:407] Cascading starttime with null
2023-11-24 12:36:43,990 TRACE o.h.b.m.i.PropertyBinder [PropertyBinder.java:695] Processing annotations of franco.maurizio.hr.desk.com.persistence.entity.SurveyReply.surveyId
2023-11-24 12:36:43,991 TRACE o.h.e.j.e.i.NormalizingIdentifierHelperImpl [NormalizingIdentifierHelperImpl.java:62] Normalizing identifier quoting [survey_id]
2023-11-24 12:36:43,991 TRACE o.h.e.j.e.i.NormalizingIdentifierHelperImpl [NormalizingIdentifierHelperImpl.java:62] Normalizing identifier quoting [survey_id]
2023-11-24 12:36:43,991 DEBUG o.h.b.m.i.AnnotatedColumn [AnnotatedColumn.java:249] Binding column: AnnotatedColumn(column='survey_id')
2023-11-24 12:36:43,991 DEBUG o.h.b.m.i.PropertyBinder [PropertyBinder.java:251] MetadataSourceProcessor property surveyId with lazy=false
2023-11-24 12:36:43,992 DEBUG o.h.b.m.i.AbstractPropertyHolder [AbstractPropertyHolder.java:107] Attempting to locate auto-apply AttributeConverter for property [franco.maurizio.hr.desk.com.persistence.entity.SurveyReply:surveyId]
2023-11-24 12:36:43,992 DEBUG o.h.b.m.i.BasicValueBinder [BasicValueBinder.java:1196] building BasicValue for surveyId
2023-11-24 12:36:43,992 DEBUG o.h.m.BasicValue [BasicValue.java:259] Skipping column re-registration: surveyreplies.survey_id
2023-11-24 12:36:43,992 TRACE o.h.e.j.e.i.NormalizingIdentifierHelperImpl [NormalizingIdentifierHelperImpl.java:62] Normalizing identifier quoting [survey_id]
2023-11-24 12:36:43,992 DEBUG o.h.b.m.i.PropertyBinder [PropertyBinder.java:391] Building property surveyId
2023-11-24 12:36:43,993 TRACE o.h.b.m.i.PropertyBinder [PropertyBinder.java:407] Cascading surveyId with null
2023-11-24 12:36:43,993 DEBUG o.h.b.m.i.EntityBinder [EntityBinder.java:206] Binding entity from annotated class: franco.maurizio.hr.desk.com.persistence.entity.PositionUserOwner
2023-11-24 12:36:43,994 DEBUG c.z.h.p.HikariPool [HikariPool.java:738] HikariPool-3 - Added connection com.mysql.cj.jdbc.ConnectionImpl@78005566
2023-11-24 12:36:43,994 DEBUG o.h.b.m.i.EntityBinder [EntityBinder.java:1224] Import with entity name PositionUserOwner
2023-11-24 12:36:43,994 TRACE o.h.b.i.InFlightMetadataCollectorImpl [InFlightMetadataCollectorImpl.java:878] Import: PositionUserOwner -> franco.maurizio.hr.desk.com.persistence.entity.PositionUserOwner
2023-11-24 12:36:43,994 TRACE o.h.b.i.InFlightMetadataCollectorImpl [InFlightMetadataCollectorImpl.java:878] Import: franco.maurizio.hr.desk.com.persistence.entity.PositionUserOwner -> franco.maurizio.hr.desk.com.persistence.entity.PositionUserOwner
2023-11-24 12:36:43,995 TRACE o.h.e.j.e.i.NormalizingIdentifierHelperImpl [NormalizingIdentifierHelperImpl.java:62] Normalizing identifier quoting [positionuserowner]
2023-11-24 12:36:43,995 TRACE o.h.e.j.e.i.NormalizingIdentifierHelperImpl [NormalizingIdentifierHelperImpl.java:62] Normalizing identifier quoting [positionuserowner]
2023-11-24 12:36:43,995 DEBUG o.h.b.m.i.EntityBinder [EntityBinder.java:1769] Bind entity franco.maurizio.hr.desk.com.persistence.entity.PositionUserOwner on table positionuserowner
2023-11-24 12:36:43,995 TRACE o.h.e.j.e.i.NormalizingIdentifierHelperImpl [NormalizingIdentifierHelperImpl.java:62] Normalizing identifier quoting [DTYPE]
2023-11-24 12:36:43,996 DEBUG o.h.b.m.i.AnnotatedColumn [AnnotatedColumn.java:249] Binding column: AnnotatedDiscriminatorColumn(column='DTYPE')
2023-11-24 12:36:43,996 TRACE o.h.b.m.i.PropertyBinder [PropertyBinder.java:695] Processing annotations of franco.maurizio.hr.desk.com.persistence.entity.PositionUserOwner.id
2023-11-24 12:36:43,996 TRACE o.h.e.j.e.i.NormalizingIdentifierHelperImpl [NormalizingIdentifierHelperImpl.java:62] Normalizing identifier quoting [id]
2023-11-24 12:36:43,997 TRACE o.h.e.j.e.i.NormalizingIdentifierHelperImpl [NormalizingIdentifierHelperImpl.java:62] Normalizing identifier quoting [id]
2023-11-24 12:36:43,997 DEBUG o.h.b.m.i.AnnotatedColumn [AnnotatedColumn.java:249] Binding column: AnnotatedColumn(column='id')
2023-11-24 12:36:43,997 DEBUG o.h.b.i.ClassLoaderAccessImpl [ClassLoaderAccessImpl.java:60] Not known whether passed class name [franco.maurizio.hr.desk.com.persistence.entity.PositionUserOwner] is safe
2023-11-24 12:36:43,997 DEBUG o.h.b.i.ClassLoaderAccessImpl [ClassLoaderAccessImpl.java:62] No temp ClassLoader provided; using live ClassLoader for loading potentially unsafe class : franco.maurizio.hr.desk.com.persistence.entity.PositionUserOwner
2023-11-24 12:36:43,998 DEBUG o.h.b.m.i.PropertyBinder [PropertyBinder.java:251] MetadataSourceProcessor property id with lazy=false
2023-11-24 12:36:43,998 DEBUG o.h.b.m.i.AbstractPropertyHolder [AbstractPropertyHolder.java:107] Attempting to locate auto-apply AttributeConverter for property [franco.maurizio.hr.desk.com.persistence.entity.PositionUserOwner:id]
2023-11-24 12:36:43,998 DEBUG o.h.b.m.i.BasicValueBinder [BasicValueBinder.java:1196] building BasicValue for id
2023-11-24 12:36:43,998 DEBUG o.h.m.BasicValue [BasicValue.java:259] Skipping column re-registration: positionuserowner.id
2023-11-24 12:36:43,998 TRACE o.h.e.j.e.i.NormalizingIdentifierHelperImpl [NormalizingIdentifierHelperImpl.java:62] Normalizing identifier quoting [id]
2023-11-24 12:36:43,999 DEBUG o.h.b.m.i.PropertyBinder [PropertyBinder.java:391] Building property id
2023-11-24 12:36:43,999 TRACE o.h.b.m.i.PropertyBinder [PropertyBinder.java:407] Cascading id with null
2023-11-24 12:36:43,999 DEBUG o.h.b.m.i.BinderHelper [GeneratorBinder.java:73] #makeIdGenerator(BasicValue([Column(id)]), id, identity, , ...)
2023-11-24 12:36:43,999 TRACE o.h.b.m.i.PropertyBinder [PropertyBinder.java:1327] Bind @Id on id
2023-11-24 12:36:44,000 TRACE o.h.b.m.i.PropertyBinder [PropertyBinder.java:695] Processing annotations of franco.maurizio.hr.desk.com.persistence.entity.PositionUserOwner.coursePageId
2023-11-24 12:36:44,000 TRACE o.h.e.j.e.i.NormalizingIdentifierHelperImpl [NormalizingIdentifierHelperImpl.java:62] Normalizing identifier quoting [course_page_id]
2023-11-24 12:36:44,000 TRACE o.h.e.j.e.i.NormalizingIdentifierHelperImpl [NormalizingIdentifierHelperImpl.java:62] Normalizing identifier quoting [course_page_id]
2023-11-24 12:36:44,001 DEBUG o.h.b.m.i.AnnotatedColumn [AnnotatedColumn.java:249] Binding column: AnnotatedColumn(column='course_page_id')
2023-11-24 12:36:44,001 DEBUG o.h.b.m.i.PropertyBinder [PropertyBinder.java:251] MetadataSourceProcessor property coursePageId with lazy=false
2023-11-24 12:36:44,001 DEBUG o.h.b.m.i.AbstractPropertyHolder [AbstractPropertyHolder.java:107] Attempting to locate auto-apply AttributeConverter for property [franco.maurizio.hr.desk.com.persistence.entity.PositionUserOwner:coursePageId]
2023-11-24 12:36:44,001 DEBUG o.h.b.m.i.BasicValueBinder [BasicValueBinder.java:1196] building BasicValue for coursePageId
2023-11-24 12:36:44,002 DEBUG o.h.m.BasicValue [BasicValue.java:259] Skipping column re-registration: positionuserowner.course_page_id
2023-11-24 12:36:44,002 TRACE o.h.e.j.e.i.NormalizingIdentifierHelperImpl [NormalizingIdentifierHelperImpl.java:62] Normalizing identifier quoting [course_page_id]
2023-11-24 12:36:44,002 DEBUG o.h.b.m.i.PropertyBinder [PropertyBinder.java:391] Building property coursePageId
2023-11-24 12:36:44,002 TRACE o.h.b.m.i.PropertyBinder [PropertyBinder.java:407] Cascading coursePageId with null
2023-11-24 12:36:44,002 TRACE o.h.b.m.i.PropertyBinder [PropertyBinder.java:695] Processing annotations of franco.maurizio.hr.desk.com.persistence.entity.PositionUserOwner.userId
2023-11-24 12:36:44,003 TRACE o.h.e.j.e.i.NormalizingIdentifierHelperImpl [NormalizingIdentifierHelperImpl.java:62] Normalizing identifier quoting [user_id]
2023-11-24 12:36:44,003 TRACE o.h.e.j.e.i.NormalizingIdentifierHelperImpl [NormalizingIdentifierHelperImpl.java:62] Normalizing identifier quoting [user_id]
2023-11-24 12:36:44,003 DEBUG o.h.b.m.i.AnnotatedColumn [AnnotatedColumn.java:249] Binding column: AnnotatedColumn(column='user_id')
2023-11-24 12:36:44,004 DEBUG o.h.b.m.i.PropertyBinder [PropertyBinder.java:251] MetadataSourceProcessor property userId with lazy=false
2023-11-24 12:36:44,004 DEBUG o.h.b.m.i.AbstractPropertyHolder [AbstractPropertyHolder.java:107] Attempting to locate auto-apply AttributeConverter for property [franco.maurizio.hr.desk.com.persistence.entity.PositionUserOwner:userId]
2023-11-24 12:36:44,004 DEBUG o.h.b.m.i.BasicValueBinder [BasicValueBinder.java:1196] building BasicValue for userId
2023-11-24 12:36:44,004 DEBUG o.h.m.BasicValue [BasicValue.java:259] Skipping column re-registration: positionuserowner.user_id
2023-11-24 12:36:44,004 TRACE o.h.e.j.e.i.NormalizingIdentifierHelperImpl [NormalizingIdentifierHelperImpl.java:62] Normalizing identifier quoting [user_id]
2023-11-24 12:36:44,004 DEBUG o.h.b.m.i.PropertyBinder [PropertyBinder.java:391] Building property userId
2023-11-24 12:36:44,005 TRACE o.h.b.m.i.PropertyBinder [PropertyBinder.java:407] Cascading userId with null
2023-11-24 12:36:44,005 DEBUG o.h.b.m.i.EntityBinder [EntityBinder.java:206] Binding entity from annotated class: franco.maurizio.hr.desk.com.persistence.entity.SurveyQuestion
2023-11-24 12:36:44,005 DEBUG o.h.b.m.i.EntityBinder [EntityBinder.java:1224] Import with entity name SurveyQuestion
2023-11-24 12:36:44,005 TRACE o.h.b.i.InFlightMetadataCollectorImpl [InFlightMetadataCollectorImpl.java:878] Import: SurveyQuestion -> franco.maurizio.hr.desk.com.persistence.entity.SurveyQuestion
2023-11-24 12:36:44,006 TRACE o.h.b.i.InFlightMetadataCollectorImpl [InFlightMetadataCollectorImpl.java:878] Import: franco.maurizio.hr.desk.com.persistence.entity.SurveyQuestion -> franco.maurizio.hr.desk.com.persistence.entity.SurveyQuestion
2023-11-24 12:36:44,006 TRACE o.h.e.j.e.i.NormalizingIdentifierHelperImpl [NormalizingIdentifierHelperImpl.java:62] Normalizing identifier quoting [surveyquestions]
2023-11-24 12:36:44,006 TRACE o.h.e.j.e.i.NormalizingIdentifierHelperImpl [NormalizingIdentifierHelperImpl.java:62] Normalizing identifier quoting [surveyquestions]
2023-11-24 12:36:44,006 DEBUG o.h.b.m.i.EntityBinder [EntityBinder.java:1769] Bind entity franco.maurizio.hr.desk.com.persistence.entity.SurveyQuestion on table surveyquestions
2023-11-24 12:36:44,006 TRACE o.h.e.j.e.i.NormalizingIdentifierHelperImpl [NormalizingIdentifierHelperImpl.java:62] Normalizing identifier quoting [DTYPE]
2023-11-24 12:36:44,006 DEBUG o.h.b.m.i.AnnotatedColumn [AnnotatedColumn.java:249] Binding column: AnnotatedDiscriminatorColumn(column='DTYPE')
2023-11-24 12:36:44,007 TRACE o.h.b.m.i.PropertyBinder [PropertyBinder.java:695] Processing annotations of franco.maurizio.hr.desk.com.persistence.entity.SurveyQuestion.id
2023-11-24 12:36:44,007 DEBUG c.z.h.p.HikariPool [HikariPool.java:738] HikariPool-3 - Added connection com.mysql.cj.jdbc.ConnectionImpl@292d8f77
2023-11-24 12:36:44,007 TRACE o.h.e.j.e.i.NormalizingIdentifierHelperImpl [NormalizingIdentifierHelperImpl.java:62] Normalizing identifier quoting [id]
2023-11-24 12:36:44,008 TRACE o.h.e.j.e.i.NormalizingIdentifierHelperImpl [NormalizingIdentifierHelperImpl.java:62] Normalizing identifier quoting [id]
2023-11-24 12:36:44,008 DEBUG o.h.b.m.i.AnnotatedColumn [AnnotatedColumn.java:249] Binding column: AnnotatedColumn(column='id')
2023-11-24 12:36:44,008 DEBUG o.h.b.i.ClassLoaderAccessImpl [ClassLoaderAccessImpl.java:60] Not known whether passed class name [franco.maurizio.hr.desk.com.persistence.entity.SurveyQuestion] is safe
2023-11-24 12:36:44,009 DEBUG o.h.b.i.ClassLoaderAccessImpl [ClassLoaderAccessImpl.java:62] No temp ClassLoader provided; using live ClassLoader for loading potentially unsafe class : franco.maurizio.hr.desk.com.persistence.entity.SurveyQuestion
2023-11-24 12:36:44,009 DEBUG o.h.b.m.i.PropertyBinder [PropertyBinder.java:251] MetadataSourceProcessor property id with lazy=false
2023-11-24 12:36:44,009 DEBUG o.h.b.m.i.AbstractPropertyHolder [AbstractPropertyHolder.java:107] Attempting to locate auto-apply AttributeConverter for property [franco.maurizio.hr.desk.com.persistence.entity.SurveyQuestion:id]
2023-11-24 12:36:44,009 DEBUG o.h.b.m.i.BasicValueBinder [BasicValueBinder.java:1196] building BasicValue for id
2023-11-24 12:36:44,009 DEBUG o.h.m.BasicValue [BasicValue.java:259] Skipping column re-registration: surveyquestions.id
2023-11-24 12:36:44,010 TRACE o.h.e.j.e.i.NormalizingIdentifierHelperImpl [NormalizingIdentifierHelperImpl.java:62] Normalizing identifier quoting [id]
2023-11-24 12:36:44,010 DEBUG o.h.b.m.i.PropertyBinder [PropertyBinder.java:391] Building property id
2023-11-24 12:36:44,010 TRACE o.h.b.m.i.PropertyBinder [PropertyBinder.java:407] Cascading id with null
2023-11-24 12:36:44,010 DEBUG o.h.b.m.i.BinderHelper [GeneratorBinder.java:73] #makeIdGenerator(BasicValue([Column(id)]), id, identity, , ...)
2023-11-24 12:36:44,010 TRACE o.h.b.m.i.PropertyBinder [PropertyBinder.java:1327] Bind @Id on id
2023-11-24 12:36:44,010 TRACE o.h.b.m.i.PropertyBinder [PropertyBinder.java:695] Processing annotations of franco.maurizio.hr.desk.com.persistence.entity.SurveyQuestion.position
2023-11-24 12:36:44,010 TRACE o.h.e.j.e.i.NormalizingIdentifierHelperImpl [NormalizingIdentifierHelperImpl.java:62] Normalizing identifier quoting [position]
2023-11-24 12:36:44,011 TRACE o.h.e.j.e.i.NormalizingIdentifierHelperImpl [NormalizingIdentifierHelperImpl.java:62] Normalizing identifier quoting [position]
2023-11-24 12:36:44,011 DEBUG o.h.b.m.i.AnnotatedColumn [AnnotatedColumn.java:249] Binding column: AnnotatedColumn(column='position')
2023-11-24 12:36:44,011 DEBUG o.h.b.m.i.PropertyBinder [PropertyBinder.java:251] MetadataSourceProcessor property position with lazy=false
2023-11-24 12:36:44,011 DEBUG o.h.b.m.i.AbstractPropertyHolder [AbstractPropertyHolder.java:107] Attempting to locate auto-apply AttributeConverter for property [franco.maurizio.hr.desk.com.persistence.entity.SurveyQuestion:position]
2023-11-24 12:36:44,011 DEBUG o.h.b.m.i.BasicValueBinder [BasicValueBinder.java:1196] building BasicValue for position
2023-11-24 12:36:44,011 DEBUG o.h.m.BasicValue [BasicValue.java:259] Skipping column re-registration: surveyquestions.position
2023-11-24 12:36:44,012 TRACE o.h.e.j.e.i.NormalizingIdentifierHelperImpl [NormalizingIdentifierHelperImpl.java:62] Normalizing identifier quoting [position]
2023-11-24 12:36:44,012 DEBUG o.h.b.m.i.PropertyBinder [PropertyBinder.java:391] Building property position
2023-11-24 12:36:44,012 TRACE o.h.b.m.i.PropertyBinder [PropertyBinder.java:407] Cascading position with null
2023-11-24 12:36:44,013 TRACE o.h.b.m.i.PropertyBinder [PropertyBinder.java:695] Processing annotations of franco.maurizio.hr.desk.com.persistence.entity.SurveyQuestion.questionId
2023-11-24 12:36:44,013 TRACE o.h.e.j.e.i.NormalizingIdentifierHelperImpl [NormalizingIdentifierHelperImpl.java:62] Normalizing identifier quoting [question_id]
2023-11-24 12:36:44,013 TRACE o.h.e.j.e.i.NormalizingIdentifierHelperImpl [NormalizingIdentifierHelperImpl.java:62] Normalizing identifier quoting [question_id]
2023-11-24 12:36:44,013 DEBUG o.h.b.m.i.AnnotatedColumn [AnnotatedColumn.java:249] Binding column: AnnotatedColumn(column='question_id')
2023-11-24 12:36:44,014 DEBUG o.h.b.m.i.PropertyBinder [PropertyBinder.java:251] MetadataSourceProcessor property questionId with lazy=false
2023-11-24 12:36:44,014 DEBUG o.h.b.m.i.AbstractPropertyHolder [AbstractPropertyHolder.java:107] Attempting to locate auto-apply AttributeConverter for property [franco.maurizio.hr.desk.com.persistence.entity.SurveyQuestion:questionId]
2023-11-24 12:36:44,014 DEBUG o.h.b.m.i.BasicValueBinder [BasicValueBinder.java:1196] building BasicValue for questionId
2023-11-24 12:36:44,014 DEBUG o.h.m.BasicValue [BasicValue.java:259] Skipping column re-registration: surveyquestions.question_id
2023-11-24 12:36:44,015 TRACE o.h.e.j.e.i.NormalizingIdentifierHelperImpl [NormalizingIdentifierHelperImpl.java:62] Normalizing identifier quoting [question_id]
2023-11-24 12:36:44,015 DEBUG o.h.b.m.i.PropertyBinder [PropertyBinder.java:391] Building property questionId
2023-11-24 12:36:44,015 TRACE o.h.b.m.i.PropertyBinder [PropertyBinder.java:407] Cascading questionId with null
2023-11-24 12:36:44,015 TRACE o.h.b.m.i.PropertyBinder [PropertyBinder.java:695] Processing annotations of franco.maurizio.hr.desk.com.persistence.entity.SurveyQuestion.surveyId
2023-11-24 12:36:44,015 TRACE o.h.e.j.e.i.NormalizingIdentifierHelperImpl [NormalizingIdentifierHelperImpl.java:62] Normalizing identifier quoting [survey_id]
2023-11-24 12:36:44,015 TRACE o.h.e.j.e.i.NormalizingIdentifierHelperImpl [NormalizingIdentifierHelperImpl.java:62] Normalizing identifier quoting [survey_id]
2023-11-24 12:36:44,016 DEBUG o.h.b.m.i.AnnotatedColumn [AnnotatedColumn.java:249] Binding column: AnnotatedColumn(column='survey_id')
2023-11-24 12:36:44,016 DEBUG o.h.b.m.i.PropertyBinder [PropertyBinder.java:251] MetadataSourceProcessor property surveyId with lazy=false
2023-11-24 12:36:44,016 DEBUG o.h.b.m.i.AbstractPropertyHolder [AbstractPropertyHolder.java:107] Attempting to locate auto-apply AttributeConverter for property [franco.maurizio.hr.desk.com.persistence.entity.SurveyQuestion:surveyId]
2023-11-24 12:36:44,016 DEBUG o.h.b.m.i.BasicValueBinder [BasicValueBinder.java:1196] building BasicValue for surveyId
2023-11-24 12:36:44,016 DEBUG o.h.m.BasicValue [BasicValue.java:259] Skipping column re-registration: surveyquestions.survey_id
2023-11-24 12:36:44,016 TRACE o.h.e.j.e.i.NormalizingIdentifierHelperImpl [NormalizingIdentifierHelperImpl.java:62] Normalizing identifier quoting [survey_id]
2023-11-24 12:36:44,017 DEBUG o.h.b.m.i.PropertyBinder [PropertyBinder.java:391] Building property surveyId
2023-11-24 12:36:44,017 TRACE o.h.b.m.i.PropertyBinder [PropertyBinder.java:407] Cascading surveyId with null
2023-11-24 12:36:44,018 DEBUG o.h.b.m.i.EntityBinder [EntityBinder.java:206] Binding entity from annotated class: franco.maurizio.hr.desk.com.persistence.entity.CoursePage
2023-11-24 12:36:44,018 DEBUG o.h.b.m.i.EntityBinder [EntityBinder.java:1224] Import with entity name CoursePage
2023-11-24 12:36:44,018 TRACE o.h.b.i.InFlightMetadataCollectorImpl [InFlightMetadataCollectorImpl.java:878] Import: CoursePage -> franco.maurizio.hr.desk.com.persistence.entity.CoursePage
2023-11-24 12:36:44,019 TRACE o.h.b.i.InFlightMetadataCollectorImpl [InFlightMetadataCollectorImpl.java:878] Import: franco.maurizio.hr.desk.com.persistence.entity.CoursePage -> franco.maurizio.hr.desk.com.persistence.entity.CoursePage
2023-11-24 12:36:44,019 TRACE o.h.e.j.e.i.NormalizingIdentifierHelperImpl [NormalizingIdentifierHelperImpl.java:62] Normalizing identifier quoting [coursepage]
2023-11-24 12:36:44,019 TRACE o.h.e.j.e.i.NormalizingIdentifierHelperImpl [NormalizingIdentifierHelperImpl.java:62] Normalizing identifier quoting [coursepage]
2023-11-24 12:36:44,019 DEBUG o.h.b.m.i.EntityBinder [EntityBinder.java:1769] Bind entity franco.maurizio.hr.desk.com.persistence.entity.CoursePage on table coursepage
2023-11-24 12:36:44,019 TRACE o.h.e.j.e.i.NormalizingIdentifierHelperImpl [NormalizingIdentifierHelperImpl.java:62] Normalizing identifier quoting [DTYPE]
2023-11-24 12:36:44,020 DEBUG o.h.b.m.i.AnnotatedColumn [AnnotatedColumn.java:249] Binding column: AnnotatedDiscriminatorColumn(column='DTYPE')
2023-11-24 12:36:44,020 DEBUG c.z.h.p.HikariPool [HikariPool.java:738] HikariPool-3 - Added connection com.mysql.cj.jdbc.ConnectionImpl@236b4e54
2023-11-24 12:36:44,020 TRACE o.h.b.m.i.PropertyBinder [PropertyBinder.java:695] Processing annotations of franco.maurizio.hr.desk.com.persistence.entity.CoursePage.id
2023-11-24 12:36:44,020 TRACE o.h.e.j.e.i.NormalizingIdentifierHelperImpl [NormalizingIdentifierHelperImpl.java:62] Normalizing identifier quoting [id]
2023-11-24 12:36:44,021 TRACE o.h.e.j.e.i.NormalizingIdentifierHelperImpl [NormalizingIdentifierHelperImpl.java:62] Normalizing identifier quoting [id]
2023-11-24 12:36:44,021 DEBUG o.h.b.m.i.AnnotatedColumn [AnnotatedColumn.java:249] Binding column: AnnotatedColumn(column='id')
2023-11-24 12:36:44,021 DEBUG o.h.b.i.ClassLoaderAccessImpl [ClassLoaderAccessImpl.java:60] Not known whether passed class name [franco.maurizio.hr.desk.com.persistence.entity.CoursePage] is safe
2023-11-24 12:36:44,021 DEBUG o.h.b.i.ClassLoaderAccessImpl [ClassLoaderAccessImpl.java:62] No temp ClassLoader provided; using live ClassLoader for loading potentially unsafe class : franco.maurizio.hr.desk.com.persistence.entity.CoursePage
2023-11-24 12:36:44,022 DEBUG o.h.b.m.i.PropertyBinder [PropertyBinder.java:251] MetadataSourceProcessor property id with lazy=false
2023-11-24 12:36:44,022 DEBUG o.h.b.m.i.AbstractPropertyHolder [AbstractPropertyHolder.java:107] Attempting to locate auto-apply AttributeConverter for property [franco.maurizio.hr.desk.com.persistence.entity.CoursePage:id]
2023-11-24 12:36:44,022 DEBUG o.h.b.m.i.BasicValueBinder [BasicValueBinder.java:1196] building BasicValue for id
2023-11-24 12:36:44,022 DEBUG o.h.m.BasicValue [BasicValue.java:259] Skipping column re-registration: coursepage.id
2023-11-24 12:36:44,022 TRACE o.h.e.j.e.i.NormalizingIdentifierHelperImpl [NormalizingIdentifierHelperImpl.java:62] Normalizing identifier quoting [id]
2023-11-24 12:36:44,023 DEBUG o.h.b.m.i.PropertyBinder [PropertyBinder.java:391] Building property id
2023-11-24 12:36:44,023 TRACE o.h.b.m.i.PropertyBinder [PropertyBinder.java:407] Cascading id with null
2023-11-24 12:36:44,023 DEBUG o.h.b.m.i.BinderHelper [GeneratorBinder.java:73] #makeIdGenerator(BasicValue([Column(id)]), id, identity, , ...)
2023-11-24 12:36:44,023 TRACE o.h.b.m.i.PropertyBinder [PropertyBinder.java:1327] Bind @Id on id
2023-11-24 12:36:44,023 TRACE o.h.b.m.i.PropertyBinder [PropertyBinder.java:695] Processing annotations of franco.maurizio.hr.desk.com.persistence.entity.CoursePage.bodyText
2023-11-24 12:36:44,024 TRACE o.h.e.j.e.i.NormalizingIdentifierHelperImpl [NormalizingIdentifierHelperImpl.java:62] Normalizing identifier quoting [body_text]
2023-11-24 12:36:44,024 TRACE o.h.e.j.e.i.NormalizingIdentifierHelperImpl [NormalizingIdentifierHelperImpl.java:62] Normalizing identifier quoting [body_text]
2023-11-24 12:36:44,024 DEBUG o.h.b.m.i.AnnotatedColumn [AnnotatedColumn.java:249] Binding column: AnnotatedColumn(column='body_text')
2023-11-24 12:36:44,024 DEBUG o.h.b.m.i.PropertyBinder [PropertyBinder.java:251] MetadataSourceProcessor property bodyText with lazy=false
2023-11-24 12:36:44,024 DEBUG o.h.b.m.i.AbstractPropertyHolder [AbstractPropertyHolder.java:107] Attempting to locate auto-apply AttributeConverter for property [franco.maurizio.hr.desk.com.persistence.entity.CoursePage:bodyText]
2023-11-24 12:36:44,025 DEBUG o.h.b.m.i.BasicValueBinder [BasicValueBinder.java:1196] building BasicValue for bodyText
2023-11-24 12:36:44,025 DEBUG o.h.m.BasicValue [BasicValue.java:259] Skipping column re-registration: coursepage.body_text
2023-11-24 12:36:44,025 TRACE o.h.e.j.e.i.NormalizingIdentifierHelperImpl [NormalizingIdentifierHelperImpl.java:62] Normalizing identifier quoting [body_text]
2023-11-24 12:36:44,025 DEBUG o.h.b.m.i.PropertyBinder [PropertyBinder.java:391] Building property bodyText
2023-11-24 12:36:44,025 TRACE o.h.b.m.i.PropertyBinder [PropertyBinder.java:407] Cascading bodyText with null
2023-11-24 12:36:44,025 TRACE o.h.b.m.i.PropertyBinder [PropertyBinder.java:695] Processing annotations of franco.maurizio.hr.desk.com.persistence.entity.CoursePage.code
2023-11-24 12:36:44,025 TRACE o.h.e.j.e.i.NormalizingIdentifierHelperImpl [NormalizingIdentifierHelperImpl.java:62] Normalizing identifier quoting [code]
2023-11-24 12:36:44,026 TRACE o.h.e.j.e.i.NormalizingIdentifierHelperImpl [NormalizingIdentifierHelperImpl.java:62] Normalizing identifier quoting [code]
2023-11-24 12:36:44,026 DEBUG o.h.b.m.i.AnnotatedColumn [AnnotatedColumn.java:249] Binding column: AnnotatedColumn(column='code')
2023-11-24 12:36:44,026 DEBUG o.h.b.m.i.PropertyBinder [PropertyBinder.java:251] MetadataSourceProcessor property code with lazy=false
2023-11-24 12:36:44,026 DEBUG o.h.b.m.i.AbstractPropertyHolder [AbstractPropertyHolder.java:107] Attempting to locate auto-apply AttributeConverter for property [franco.maurizio.hr.desk.com.persistence.entity.CoursePage:code]
2023-11-24 12:36:44,026 DEBUG o.h.b.m.i.BasicValueBinder [BasicValueBinder.java:1196] building BasicValue for code
2023-11-24 12:36:44,026 DEBUG o.h.m.BasicValue [BasicValue.java:259] Skipping column re-registration: coursepage.code
2023-11-24 12:36:44,026 TRACE o.h.e.j.e.i.NormalizingIdentifierHelperImpl [NormalizingIdentifierHelperImpl.java:62] Normalizing identifier quoting [code]
2023-11-24 12:36:44,027 DEBUG o.h.b.m.i.PropertyBinder [PropertyBinder.java:391] Building property code
2023-11-24 12:36:44,027 TRACE o.h.b.m.i.PropertyBinder [PropertyBinder.java:407] Cascading code with null
2023-11-24 12:36:44,027 TRACE o.h.b.m.i.PropertyBinder [PropertyBinder.java:695] Processing annotations of franco.maurizio.hr.desk.com.persistence.entity.CoursePage.created_datetime
2023-11-24 12:36:44,027 TRACE o.h.e.j.e.i.NormalizingIdentifierHelperImpl [NormalizingIdentifierHelperImpl.java:62] Normalizing identifier quoting [created_datetime]
2023-11-24 12:36:44,027 TRACE o.h.e.j.e.i.NormalizingIdentifierHelperImpl [NormalizingIdentifierHelperImpl.java:62] Normalizing identifier quoting [created_datetime]
2023-11-24 12:36:44,027 DEBUG o.h.b.m.i.AnnotatedColumn [AnnotatedColumn.java:249] Binding column: AnnotatedColumn(column='created_datetime')
2023-11-24 12:36:44,027 DEBUG o.h.b.m.i.PropertyBinder [PropertyBinder.java:251] MetadataSourceProcessor property created_datetime with lazy=false
2023-11-24 12:36:44,027 DEBUG o.h.b.m.i.AbstractPropertyHolder [AbstractPropertyHolder.java:107] Attempting to locate auto-apply AttributeConverter for property [franco.maurizio.hr.desk.com.persistence.entity.CoursePage:created_datetime]
2023-11-24 12:36:44,028 DEBUG o.h.b.m.i.BasicValueBinder [BasicValueBinder.java:1196] building BasicValue for created_datetime
2023-11-24 12:36:44,028 DEBUG o.h.m.BasicValue [BasicValue.java:259] Skipping column re-registration: coursepage.created_datetime
2023-11-24 12:36:44,028 TRACE o.h.e.j.e.i.NormalizingIdentifierHelperImpl [NormalizingIdentifierHelperImpl.java:62] Normalizing identifier quoting [created_datetime]
2023-11-24 12:36:44,028 DEBUG o.h.b.m.i.PropertyBinder [PropertyBinder.java:391] Building property created_datetime
2023-11-24 12:36:44,028 TRACE o.h.b.m.i.PropertyBinder [PropertyBinder.java:407] Cascading created_datetime with null
2023-11-24 12:36:44,028 TRACE o.h.b.m.i.PropertyBinder [PropertyBinder.java:695] Processing annotations of franco.maurizio.hr.desk.com.persistence.entity.CoursePage.fileName
2023-11-24 12:36:44,028 TRACE o.h.e.j.e.i.NormalizingIdentifierHelperImpl [NormalizingIdentifierHelperImpl.java:62] Normalizing identifier quoting [file_name]
2023-11-24 12:36:44,029 TRACE o.h.e.j.e.i.NormalizingIdentifierHelperImpl [NormalizingIdentifierHelperImpl.java:62] Normalizing identifier quoting [file_name]
2023-11-24 12:36:44,029 DEBUG o.h.b.m.i.AnnotatedColumn [AnnotatedColumn.java:249] Binding column: AnnotatedColumn(column='file_name')
2023-11-24 12:36:44,029 DEBUG o.h.b.m.i.PropertyBinder [PropertyBinder.java:251] MetadataSourceProcessor property fileName with lazy=false
2023-11-24 12:36:44,029 DEBUG o.h.b.m.i.AbstractPropertyHolder [AbstractPropertyHolder.java:107] Attempting to locate auto-apply AttributeConverter for property [franco.maurizio.hr.desk.com.persistence.entity.CoursePage:fileName]
2023-11-24 12:36:44,029 DEBUG o.h.b.m.i.BasicValueBinder [BasicValueBinder.java:1196] building BasicValue for fileName
2023-11-24 12:36:44,029 DEBUG o.h.m.BasicValue [BasicValue.java:259] Skipping column re-registration: coursepage.file_name
2023-11-24 12:36:44,030 TRACE o.h.e.j.e.i.NormalizingIdentifierHelperImpl [NormalizingIdentifierHelperImpl.java:62] Normalizing identifier quoting [file_name]
2023-11-24 12:36:44,030 DEBUG o.h.b.m.i.PropertyBinder [PropertyBinder.java:391] Building property fileName
2023-11-24 12:36:44,030 TRACE o.h.b.m.i.PropertyBinder [PropertyBinder.java:407] Cascading fileName with null
2023-11-24 12:36:44,030 TRACE o.h.b.m.i.PropertyBinder [PropertyBinder.java:695] Processing annotations of franco.maurizio.hr.desk.com.persistence.entity.CoursePage.opened_by
2023-11-24 12:36:44,030 TRACE o.h.e.j.e.i.NormalizingIdentifierHelperImpl [NormalizingIdentifierHelperImpl.java:62] Normalizing identifier quoting [opened_by]
2023-11-24 12:36:44,030 TRACE o.h.e.j.e.i.NormalizingIdentifierHelperImpl [NormalizingIdentifierHelperImpl.java:62] Normalizing identifier quoting [opened_by]
2023-11-24 12:36:44,030 DEBUG o.h.b.m.i.AnnotatedColumn [AnnotatedColumn.java:249] Binding column: AnnotatedColumn(column='opened_by')
2023-11-24 12:36:44,031 DEBUG o.h.b.m.i.PropertyBinder [PropertyBinder.java:251] MetadataSourceProcessor property opened_by with lazy=false
2023-11-24 12:36:44,031 DEBUG o.h.b.m.i.AbstractPropertyHolder [AbstractPropertyHolder.java:107] Attempting to locate auto-apply AttributeConverter for property [franco.maurizio.hr.desk.com.persistence.entity.CoursePage:opened_by]
2023-11-24 12:36:44,031 DEBUG o.h.b.m.i.BasicValueBinder [BasicValueBinder.java:1196] building BasicValue for opened_by
2023-11-24 12:36:44,031 DEBUG o.h.m.BasicValue [BasicValue.java:259] Skipping column re-registration: coursepage.opened_by
2023-11-24 12:36:44,031 TRACE o.h.e.j.e.i.NormalizingIdentifierHelperImpl [NormalizingIdentifierHelperImpl.java:62] Normalizing identifier quoting [opened_by]
2023-11-24 12:36:44,031 DEBUG o.h.b.m.i.PropertyBinder [PropertyBinder.java:391] Building property opened_by
2023-11-24 12:36:44,031 TRACE o.h.b.m.i.PropertyBinder [PropertyBinder.java:407] Cascading opened_by with null
2023-11-24 12:36:44,031 TRACE o.h.b.m.i.PropertyBinder [PropertyBinder.java:695] Processing annotations of franco.maurizio.hr.desk.com.persistence.entity.CoursePage.statusOpen
2023-11-24 12:36:44,032 TRACE o.h.e.j.e.i.NormalizingIdentifierHelperImpl [NormalizingIdentifierHelperImpl.java:62] Normalizing identifier quoting [status_open]
2023-11-24 12:36:44,032 TRACE o.h.e.j.e.i.NormalizingIdentifierHelperImpl [NormalizingIdentifierHelperImpl.java:62] Normalizing identifier quoting [status_open]
2023-11-24 12:36:44,032 DEBUG o.h.b.m.i.AnnotatedColumn [AnnotatedColumn.java:249] Binding column: AnnotatedColumn(column='status_open')
2023-11-24 12:36:44,032 DEBUG o.h.b.m.i.PropertyBinder [PropertyBinder.java:251] MetadataSourceProcessor property statusOpen with lazy=false
2023-11-24 12:36:44,032 DEBUG o.h.b.m.i.AbstractPropertyHolder [AbstractPropertyHolder.java:107] Attempting to locate auto-apply AttributeConverter for property [franco.maurizio.hr.desk.com.persistence.entity.CoursePage:statusOpen]
2023-11-24 12:36:44,032 DEBUG o.h.b.m.i.BasicValueBinder [BasicValueBinder.java:1196] building BasicValue for statusOpen
2023-11-24 12:36:44,033 DEBUG o.h.m.BasicValue [BasicValue.java:259] Skipping column re-registration: coursepage.status_open
2023-11-24 12:36:44,033 TRACE o.h.e.j.e.i.NormalizingIdentifierHelperImpl [NormalizingIdentifierHelperImpl.java:62] Normalizing identifier quoting [status_open]
2023-11-24 12:36:44,033 DEBUG c.z.h.p.HikariPool [HikariPool.java:738] HikariPool-3 - Added connection com.mysql.cj.jdbc.ConnectionImpl@3f4c4593
2023-11-24 12:36:44,033 DEBUG o.h.b.m.i.PropertyBinder [PropertyBinder.java:391] Building property statusOpen
2023-11-24 12:36:44,033 TRACE o.h.b.m.i.PropertyBinder [PropertyBinder.java:407] Cascading statusOpen with null
2023-11-24 12:36:44,033 TRACE o.h.b.m.i.PropertyBinder [PropertyBinder.java:695] Processing annotations of franco.maurizio.hr.desk.com.persistence.entity.CoursePage.title
2023-11-24 12:36:44,034 TRACE o.h.e.j.e.i.NormalizingIdentifierHelperImpl [NormalizingIdentifierHelperImpl.java:62] Normalizing identifier quoting [title]
2023-11-24 12:36:44,034 TRACE o.h.e.j.e.i.NormalizingIdentifierHelperImpl [NormalizingIdentifierHelperImpl.java:62] Normalizing identifier quoting [title]
2023-11-24 12:36:44,034 DEBUG o.h.b.m.i.AnnotatedColumn [AnnotatedColumn.java:249] Binding column: AnnotatedColumn(column='title')
2023-11-24 12:36:44,034 DEBUG o.h.b.m.i.PropertyBinder [PropertyBinder.java:251] MetadataSourceProcessor property title with lazy=false
2023-11-24 12:36:44,034 DEBUG o.h.b.m.i.AbstractPropertyHolder [AbstractPropertyHolder.java:107] Attempting to locate auto-apply AttributeConverter for property [franco.maurizio.hr.desk.com.persistence.entity.CoursePage:title]
2023-11-24 12:36:44,034 DEBUG o.h.b.m.i.BasicValueBinder [BasicValueBinder.java:1196] building BasicValue for title
2023-11-24 12:36:44,035 DEBUG o.h.m.BasicValue [BasicValue.java:259] Skipping column re-registration: coursepage.title
2023-11-24 12:36:44,035 TRACE o.h.e.j.e.i.NormalizingIdentifierHelperImpl [NormalizingIdentifierHelperImpl.java:62] Normalizing identifier quoting [title]
2023-11-24 12:36:44,035 DEBUG o.h.b.m.i.PropertyBinder [PropertyBinder.java:391] Building property title
2023-11-24 12:36:44,035 TRACE o.h.b.m.i.PropertyBinder [PropertyBinder.java:407] Cascading title with null
2023-11-24 12:36:44,035 DEBUG o.h.b.m.i.EntityBinder [EntityBinder.java:206] Binding entity from annotated class: franco.maurizio.hr.desk.com.persistence.entity.Candidate
2023-11-24 12:36:44,036 DEBUG o.h.b.m.i.EntityBinder [EntityBinder.java:1224] Import with entity name Candidate
2023-11-24 12:36:44,036 TRACE o.h.b.i.InFlightMetadataCollectorImpl [InFlightMetadataCollectorImpl.java:878] Import: Candidate -> franco.maurizio.hr.desk.com.persistence.entity.Candidate
2023-11-24 12:36:44,036 TRACE o.h.b.i.InFlightMetadataCollectorImpl [InFlightMetadataCollectorImpl.java:878] Import: franco.maurizio.hr.desk.com.persistence.entity.Candidate -> franco.maurizio.hr.desk.com.persistence.entity.Candidate
2023-11-24 12:36:44,036 TRACE o.h.e.j.e.i.NormalizingIdentifierHelperImpl [NormalizingIdentifierHelperImpl.java:62] Normalizing identifier quoting [candidates]
2023-11-24 12:36:44,036 TRACE o.h.e.j.e.i.NormalizingIdentifierHelperImpl [NormalizingIdentifierHelperImpl.java:62] Normalizing identifier quoting [candidates]
2023-11-24 12:36:44,036 DEBUG o.h.b.m.i.EntityBinder [EntityBinder.java:1769] Bind entity franco.maurizio.hr.desk.com.persistence.entity.Candidate on table candidates
2023-11-24 12:36:44,037 TRACE o.h.e.j.e.i.NormalizingIdentifierHelperImpl [NormalizingIdentifierHelperImpl.java:62] Normalizing identifier quoting [DTYPE]
2023-11-24 12:36:44,037 DEBUG o.h.b.m.i.AnnotatedColumn [AnnotatedColumn.java:249] Binding column: AnnotatedDiscriminatorColumn(column='DTYPE')
2023-11-24 12:36:44,038 TRACE o.h.b.m.i.PropertyBinder [PropertyBinder.java:695] Processing annotations of franco.maurizio.hr.desk.com.persistence.entity.Candidate.id
2023-11-24 12:36:44,039 TRACE o.h.e.j.e.i.NormalizingIdentifierHelperImpl [NormalizingIdentifierHelperImpl.java:62] Normalizing identifier quoting [id]
2023-11-24 12:36:44,039 TRACE o.h.e.j.e.i.NormalizingIdentifierHelperImpl [NormalizingIdentifierHelperImpl.java:62] Normalizing identifier quoting [id]
2023-11-24 12:36:44,039 DEBUG o.h.b.m.i.AnnotatedColumn [AnnotatedColumn.java:249] Binding column: AnnotatedColumn()
2023-11-24 12:36:44,039 DEBUG o.h.b.i.ClassLoaderAccessImpl [ClassLoaderAccessImpl.java:60] Not known whether passed class name [franco.maurizio.hr.desk.com.persistence.entity.Candidate] is safe
2023-11-24 12:36:44,039 DEBUG o.h.b.i.ClassLoaderAccessImpl [ClassLoaderAccessImpl.java:62] No temp ClassLoader provided; using live ClassLoader for loading potentially unsafe class : franco.maurizio.hr.desk.com.persistence.entity.Candidate
2023-11-24 12:36:44,040 DEBUG o.h.b.m.i.PropertyBinder [PropertyBinder.java:251] MetadataSourceProcessor property id with lazy=false
2023-11-24 12:36:44,040 DEBUG o.h.b.m.i.AbstractPropertyHolder [AbstractPropertyHolder.java:107] Attempting to locate auto-apply AttributeConverter for property [franco.maurizio.hr.desk.com.persistence.entity.Candidate:id]
2023-11-24 12:36:44,040 DEBUG o.h.b.m.i.BasicValueBinder [BasicValueBinder.java:1196] building BasicValue for id
2023-11-24 12:36:44,040 DEBUG o.h.m.BasicValue [BasicValue.java:259] Skipping column re-registration: candidates.id
2023-11-24 12:36:44,040 TRACE o.h.e.j.e.i.NormalizingIdentifierHelperImpl [NormalizingIdentifierHelperImpl.java:62] Normalizing identifier quoting [id]
2023-11-24 12:36:44,041 TRACE o.h.e.j.e.i.NormalizingIdentifierHelperImpl [NormalizingIdentifierHelperImpl.java:62] Normalizing identifier quoting [id]
2023-11-24 12:36:44,041 TRACE o.h.e.j.e.i.NormalizingIdentifierHelperImpl [NormalizingIdentifierHelperImpl.java:62] Normalizing identifier quoting [id]
2023-11-24 12:36:44,041 DEBUG o.h.b.m.i.PropertyBinder [PropertyBinder.java:391] Building property id
2023-11-24 12:36:44,041 TRACE o.h.b.m.i.PropertyBinder [PropertyBinder.java:407] Cascading id with null
2023-11-24 12:36:44,042 DEBUG o.h.b.m.i.BinderHelper [GeneratorBinder.java:73] #makeIdGenerator(BasicValue([Column(id)]), id, identity, , ...)
2023-11-24 12:36:44,042 TRACE o.h.b.m.i.PropertyBinder [PropertyBinder.java:1327] Bind @Id on id
2023-11-24 12:36:44,042 TRACE o.h.b.m.i.PropertyBinder [PropertyBinder.java:695] Processing annotations of franco.maurizio.hr.desk.com.persistence.entity.Candidate.candidacyDateTime
2023-11-24 12:36:44,042 TRACE o.h.e.j.e.i.NormalizingIdentifierHelperImpl [NormalizingIdentifierHelperImpl.java:62] Normalizing identifier quoting [candidacy_date_time]
2023-11-24 12:36:44,043 TRACE o.h.e.j.e.i.NormalizingIdentifierHelperImpl [NormalizingIdentifierHelperImpl.java:62] Normalizing identifier quoting [candidacy_date_time]
2023-11-24 12:36:44,043 DEBUG o.h.b.m.i.AnnotatedColumn [AnnotatedColumn.java:249] Binding column: AnnotatedColumn(column='candidacy_date_time')
2023-11-24 12:36:44,043 DEBUG o.h.b.m.i.PropertyBinder [PropertyBinder.java:251] MetadataSourceProcessor property candidacyDateTime with lazy=false
2023-11-24 12:36:44,043 DEBUG o.h.b.m.i.AbstractPropertyHolder [AbstractPropertyHolder.java:107] Attempting to locate auto-apply AttributeConverter for property [franco.maurizio.hr.desk.com.persistence.entity.Candidate:candidacyDateTime]
2023-11-24 12:36:44,044 DEBUG o.h.b.m.i.BasicValueBinder [BasicValueBinder.java:1196] building BasicValue for candidacyDateTime
2023-11-24 12:36:44,044 DEBUG o.h.m.BasicValue [BasicValue.java:259] Skipping column re-registration: candidates.candidacy_date_time
2023-11-24 12:36:44,044 TRACE o.h.e.j.e.i.NormalizingIdentifierHelperImpl [NormalizingIdentifierHelperImpl.java:62] Normalizing identifier quoting [candidacy_date_time]
2023-11-24 12:36:44,044 DEBUG o.h.b.m.i.PropertyBinder [PropertyBinder.java:391] Building property candidacyDateTime
2023-11-24 12:36:44,044 TRACE o.h.b.m.i.PropertyBinder [PropertyBinder.java:407] Cascading candidacyDateTime with null
2023-11-24 12:36:44,045 TRACE o.h.b.m.i.PropertyBinder [PropertyBinder.java:695] Processing annotations of franco.maurizio.hr.desk.com.persistence.entity.Candidate.candidateStateCode
2023-11-24 12:36:44,045 TRACE o.h.e.j.e.i.NormalizingIdentifierHelperImpl [NormalizingIdentifierHelperImpl.java:62] Normalizing identifier quoting [candidate_state_code]
2023-11-24 12:36:44,045 TRACE o.h.e.j.e.i.NormalizingIdentifierHelperImpl [NormalizingIdentifierHelperImpl.java:62] Normalizing identifier quoting [candidate_state_code]
2023-11-24 12:36:44,046 DEBUG o.h.b.m.i.AnnotatedColumn [AnnotatedColumn.java:249] Binding column: AnnotatedColumn(column='candidate_state_code')
2023-11-24 12:36:44,046 DEBUG o.h.b.m.i.PropertyBinder [PropertyBinder.java:251] MetadataSourceProcessor property candidateStateCode with lazy=false
2023-11-24 12:36:44,046 DEBUG o.h.b.m.i.AbstractPropertyHolder [AbstractPropertyHolder.java:107] Attempting to locate auto-apply AttributeConverter for property [franco.maurizio.hr.desk.com.persistence.entity.Candidate:candidateStateCode]
2023-11-24 12:36:44,046 DEBUG o.h.b.m.i.BasicValueBinder [BasicValueBinder.java:1196] building BasicValue for candidateStateCode
2023-11-24 12:36:44,046 DEBUG o.h.m.BasicValue [BasicValue.java:259] Skipping column re-registration: candidates.candidate_state_code
2023-11-24 12:36:44,046 TRACE o.h.e.j.e.i.NormalizingIdentifierHelperImpl [NormalizingIdentifierHelperImpl.java:62] Normalizing identifier quoting [candidate_state_code]
2023-11-24 12:36:44,046 DEBUG c.z.h.p.HikariPool [HikariPool.java:738] HikariPool-3 - Added connection com.mysql.cj.jdbc.ConnectionImpl@4b40c96f
2023-11-24 12:36:44,047 DEBUG o.h.b.m.i.PropertyBinder [PropertyBinder.java:391] Building property candidateStateCode
2023-11-24 12:36:44,047 TRACE o.h.b.m.i.PropertyBinder [PropertyBinder.java:407] Cascading candidateStateCode with null
2023-11-24 12:36:44,047 TRACE o.h.b.m.i.PropertyBinder [PropertyBinder.java:695] Processing annotations of franco.maurizio.hr.desk.com.persistence.entity.Candidate.courseCode
2023-11-24 12:36:44,047 TRACE o.h.e.j.e.i.NormalizingIdentifierHelperImpl [NormalizingIdentifierHelperImpl.java:62] Normalizing identifier quoting [course_code]
2023-11-24 12:36:44,047 TRACE o.h.e.j.e.i.NormalizingIdentifierHelperImpl [NormalizingIdentifierHelperImpl.java:62] Normalizing identifier quoting [course_code]
2023-11-24 12:36:44,047 DEBUG o.h.b.m.i.AnnotatedColumn [AnnotatedColumn.java:249] Binding column: AnnotatedColumn(column='course_code')
2023-11-24 12:36:44,047 DEBUG o.h.b.m.i.PropertyBinder [PropertyBinder.java:251] MetadataSourceProcessor property courseCode with lazy=false
2023-11-24 12:36:44,048 DEBUG o.h.b.m.i.AbstractPropertyHolder [AbstractPropertyHolder.java:107] Attempting to locate auto-apply AttributeConverter for property [franco.maurizio.hr.desk.com.persistence.entity.Candidate:courseCode]
2023-11-24 12:36:44,048 DEBUG o.h.b.m.i.BasicValueBinder [BasicValueBinder.java:1196] building BasicValue for courseCode
2023-11-24 12:36:44,048 DEBUG o.h.m.BasicValue [BasicValue.java:259] Skipping column re-registration: candidates.course_code
2023-11-24 12:36:44,048 TRACE o.h.e.j.e.i.NormalizingIdentifierHelperImpl [NormalizingIdentifierHelperImpl.java:62] Normalizing identifier quoting [course_code]
2023-11-24 12:36:44,048 DEBUG o.h.b.m.i.PropertyBinder [PropertyBinder.java:391] Building property courseCode
2023-11-24 12:36:44,048 TRACE o.h.b.m.i.PropertyBinder [PropertyBinder.java:407] Cascading courseCode with null
2023-11-24 12:36:44,048 TRACE o.h.b.m.i.PropertyBinder [PropertyBinder.java:695] Processing annotations of franco.maurizio.hr.desk.com.persistence.entity.Candidate.cvExternalPath
2023-11-24 12:36:44,049 TRACE o.h.e.j.e.i.NormalizingIdentifierHelperImpl [NormalizingIdentifierHelperImpl.java:62] Normalizing identifier quoting [cv_external_path]
2023-11-24 12:36:44,049 TRACE o.h.e.j.e.i.NormalizingIdentifierHelperImpl [NormalizingIdentifierHelperImpl.java:62] Normalizing identifier quoting [cv_external_path]
2023-11-24 12:36:44,049 DEBUG o.h.b.m.i.AnnotatedColumn [AnnotatedColumn.java:249] Binding column: AnnotatedColumn(column='cv_external_path')
2023-11-24 12:36:44,049 DEBUG o.h.b.m.i.PropertyBinder [PropertyBinder.java:251] MetadataSourceProcessor property cvExternalPath with lazy=false
2023-11-24 12:36:44,049 DEBUG o.h.b.m.i.AbstractPropertyHolder [AbstractPropertyHolder.java:107] Attempting to locate auto-apply AttributeConverter for property [franco.maurizio.hr.desk.com.persistence.entity.Candidate:cvExternalPath]
2023-11-24 12:36:44,049 DEBUG o.h.b.m.i.BasicValueBinder [BasicValueBinder.java:1196] building BasicValue for cvExternalPath
2023-11-24 12:36:44,050 DEBUG o.h.m.BasicValue [BasicValue.java:259] Skipping column re-registration: candidates.cv_external_path
2023-11-24 12:36:44,050 TRACE o.h.e.j.e.i.NormalizingIdentifierHelperImpl [NormalizingIdentifierHelperImpl.java:62] Normalizing identifier quoting [cv_external_path]
2023-11-24 12:36:44,050 DEBUG o.h.b.m.i.PropertyBinder [PropertyBinder.java:391] Building property cvExternalPath
2023-11-24 12:36:44,050 TRACE o.h.b.m.i.PropertyBinder [PropertyBinder.java:407] Cascading cvExternalPath with null
2023-11-24 12:36:44,050 TRACE o.h.b.m.i.PropertyBinder [PropertyBinder.java:695] Processing annotations of franco.maurizio.hr.desk.com.persistence.entity.Candidate.dateOfBirth
2023-11-24 12:36:44,050 TRACE o.h.e.j.e.i.NormalizingIdentifierHelperImpl [NormalizingIdentifierHelperImpl.java:62] Normalizing identifier quoting [dateofbirth]
2023-11-24 12:36:44,051 TRACE o.h.e.j.e.i.NormalizingIdentifierHelperImpl [NormalizingIdentifierHelperImpl.java:62] Normalizing identifier quoting [dateofbirth]
2023-11-24 12:36:44,051 DEBUG o.h.b.m.i.AnnotatedColumn [AnnotatedColumn.java:249] Binding column: AnnotatedColumn(column='dateofbirth')
2023-11-24 12:36:44,051 DEBUG o.h.b.m.i.PropertyBinder [PropertyBinder.java:251] MetadataSourceProcessor property dateOfBirth with lazy=false
2023-11-24 12:36:44,051 DEBUG o.h.b.m.i.AbstractPropertyHolder [AbstractPropertyHolder.java:107] Attempting to locate auto-apply AttributeConverter for property [franco.maurizio.hr.desk.com.persistence.entity.Candidate:dateOfBirth]
2023-11-24 12:36:44,051 DEBUG o.h.b.m.i.BasicValueBinder [BasicValueBinder.java:1196] building BasicValue for dateOfBirth
2023-11-24 12:36:44,051 DEBUG o.h.m.BasicValue [BasicValue.java:259] Skipping column re-registration: candidates.dateofbirth
2023-11-24 12:36:44,051 TRACE o.h.e.j.e.i.NormalizingIdentifierHelperImpl [NormalizingIdentifierHelperImpl.java:62] Normalizing identifier quoting [dateofbirth]
2023-11-24 12:36:44,051 DEBUG o.h.b.m.i.PropertyBinder [PropertyBinder.java:391] Building property dateOfBirth
2023-11-24 12:36:44,052 TRACE o.h.b.m.i.PropertyBinder [PropertyBinder.java:407] Cascading dateOfBirth with null
2023-11-24 12:36:44,052 TRACE o.h.b.m.i.PropertyBinder [PropertyBinder.java:695] Processing annotations of franco.maurizio.hr.desk.com.persistence.entity.Candidate.domicileCity
2023-11-24 12:36:44,052 TRACE o.h.e.j.e.i.NormalizingIdentifierHelperImpl [NormalizingIdentifierHelperImpl.java:62] Normalizing identifier quoting [domicile_city]
2023-11-24 12:36:44,052 TRACE o.h.e.j.e.i.NormalizingIdentifierHelperImpl [NormalizingIdentifierHelperImpl.java:62] Normalizing identifier quoting [domicile_city]
2023-11-24 12:36:44,052 DEBUG o.h.b.m.i.AnnotatedColumn [AnnotatedColumn.java:249] Binding column: AnnotatedColumn(column='domicile_city')
2023-11-24 12:36:44,053 DEBUG o.h.b.m.i.PropertyBinder [PropertyBinder.java:251] MetadataSourceProcessor property domicileCity with lazy=false
2023-11-24 12:36:44,053 DEBUG o.h.b.m.i.AbstractPropertyHolder [AbstractPropertyHolder.java:107] Attempting to locate auto-apply AttributeConverter for property [franco.maurizio.hr.desk.com.persistence.entity.Candidate:domicileCity]
2023-11-24 12:36:44,053 DEBUG o.h.b.m.i.BasicValueBinder [BasicValueBinder.java:1196] building BasicValue for domicileCity
2023-11-24 12:36:44,053 DEBUG o.h.m.BasicValue [BasicValue.java:259] Skipping column re-registration: candidates.domicile_city
2023-11-24 12:36:44,053 TRACE o.h.e.j.e.i.NormalizingIdentifierHelperImpl [NormalizingIdentifierHelperImpl.java:62] Normalizing identifier quoting [domicile_city]
2023-11-24 12:36:44,054 DEBUG o.h.b.m.i.PropertyBinder [PropertyBinder.java:391] Building property domicileCity
2023-11-24 12:36:44,054 TRACE o.h.b.m.i.PropertyBinder [PropertyBinder.java:407] Cascading domicileCity with null
2023-11-24 12:36:44,054 TRACE o.h.b.m.i.PropertyBinder [PropertyBinder.java:695] Processing annotations of franco.maurizio.hr.desk.com.persistence.entity.Candidate.email
2023-11-24 12:36:44,054 TRACE o.h.e.j.e.i.NormalizingIdentifierHelperImpl [NormalizingIdentifierHelperImpl.java:62] Normalizing identifier quoting [email]
2023-11-24 12:36:44,055 TRACE o.h.e.j.e.i.NormalizingIdentifierHelperImpl [NormalizingIdentifierHelperImpl.java:62] Normalizing identifier quoting [email]
2023-11-24 12:36:44,055 DEBUG o.h.b.m.i.AnnotatedColumn [AnnotatedColumn.java:249] Binding column: AnnotatedColumn(column='email')
2023-11-24 12:36:44,055 DEBUG o.h.b.m.i.PropertyBinder [PropertyBinder.java:251] MetadataSourceProcessor property email with lazy=false
2023-11-24 12:36:44,055 DEBUG o.h.b.m.i.AbstractPropertyHolder [AbstractPropertyHolder.java:107] Attempting to locate auto-apply AttributeConverter for property [franco.maurizio.hr.desk.com.persistence.entity.Candidate:email]
2023-11-24 12:36:44,056 DEBUG o.h.b.m.i.BasicValueBinder [BasicValueBinder.java:1196] building BasicValue for email
2023-11-24 12:36:44,056 DEBUG o.h.m.BasicValue [BasicValue.java:259] Skipping column re-registration: candidates.email
2023-11-24 12:36:44,056 TRACE o.h.e.j.e.i.NormalizingIdentifierHelperImpl [NormalizingIdentifierHelperImpl.java:62] Normalizing identifier quoting [email]
2023-11-24 12:36:44,056 DEBUG o.h.b.m.i.PropertyBinder [PropertyBinder.java:391] Building property email
2023-11-24 12:36:44,057 TRACE o.h.b.m.i.PropertyBinder [PropertyBinder.java:407] Cascading email with null
2023-11-24 12:36:44,057 DEBUG c.z.h.p.HikariPool [HikariPool.java:414] HikariPool-3 - After adding stats (total=10, active=0, idle=10, waiting=0)
2023-11-24 12:36:44,057 TRACE o.h.b.m.i.PropertyBinder [PropertyBinder.java:695] Processing annotations of franco.maurizio.hr.desk.com.persistence.entity.Candidate.firstname
2023-11-24 12:36:44,057 TRACE o.h.e.j.e.i.NormalizingIdentifierHelperImpl [NormalizingIdentifierHelperImpl.java:62] Normalizing identifier quoting [firstname]
2023-11-24 12:36:44,057 TRACE o.h.e.j.e.i.NormalizingIdentifierHelperImpl [NormalizingIdentifierHelperImpl.java:62] Normalizing identifier quoting [firstname]
2023-11-24 12:36:44,058 DEBUG o.h.b.m.i.AnnotatedColumn [AnnotatedColumn.java:249] Binding column: AnnotatedColumn(column='firstname')
2023-11-24 12:36:44,058 DEBUG o.h.b.m.i.PropertyBinder [PropertyBinder.java:251] MetadataSourceProcessor property firstname with lazy=false
2023-11-24 12:36:44,058 DEBUG o.h.b.m.i.AbstractPropertyHolder [AbstractPropertyHolder.java:107] Attempting to locate auto-apply AttributeConverter for property [franco.maurizio.hr.desk.com.persistence.entity.Candidate:firstname]
2023-11-24 12:36:44,058 DEBUG o.h.b.m.i.BasicValueBinder [BasicValueBinder.java:1196] building BasicValue for firstname
2023-11-24 12:36:44,059 DEBUG o.h.m.BasicValue [BasicValue.java:259] Skipping column re-registration: candidates.firstname
2023-11-24 12:36:44,059 TRACE o.h.e.j.e.i.NormalizingIdentifierHelperImpl [NormalizingIdentifierHelperImpl.java:62] Normalizing identifier quoting [firstname]
2023-11-24 12:36:44,059 DEBUG o.h.b.m.i.PropertyBinder [PropertyBinder.java:391] Building property firstname
2023-11-24 12:36:44,059 TRACE o.h.b.m.i.PropertyBinder [PropertyBinder.java:407] Cascading firstname with null
2023-11-24 12:36:44,060 TRACE o.h.b.m.i.PropertyBinder [PropertyBinder.java:695] Processing annotations of franco.maurizio.hr.desk.com.persistence.entity.Candidate.graduate
2023-11-24 12:36:44,060 TRACE o.h.e.j.e.i.NormalizingIdentifierHelperImpl [NormalizingIdentifierHelperImpl.java:62] Normalizing identifier quoting [graduate]
2023-11-24 12:36:44,060 TRACE o.h.e.j.e.i.NormalizingIdentifierHelperImpl [NormalizingIdentifierHelperImpl.java:62] Normalizing identifier quoting [graduate]
2023-11-24 12:36:44,060 DEBUG o.h.b.m.i.AnnotatedColumn [AnnotatedColumn.java:249] Binding column: AnnotatedColumn()
2023-11-24 12:36:44,060 DEBUG o.h.b.m.i.PropertyBinder [PropertyBinder.java:251] MetadataSourceProcessor property graduate with lazy=false
2023-11-24 12:36:44,061 DEBUG o.h.b.m.i.AbstractPropertyHolder [AbstractPropertyHolder.java:107] Attempting to locate auto-apply AttributeConverter for property [franco.maurizio.hr.desk.com.persistence.entity.Candidate:graduate]
2023-11-24 12:36:44,061 DEBUG o.h.b.m.i.BasicValueBinder [BasicValueBinder.java:1196] building BasicValue for graduate
2023-11-24 12:36:44,061 DEBUG o.h.m.BasicValue [BasicValue.java:259] Skipping column re-registration: candidates.graduate
2023-11-24 12:36:44,061 TRACE o.h.e.j.e.i.NormalizingIdentifierHelperImpl [NormalizingIdentifierHelperImpl.java:62] Normalizing identifier quoting [graduate]
2023-11-24 12:36:44,062 TRACE o.h.e.j.e.i.NormalizingIdentifierHelperImpl [NormalizingIdentifierHelperImpl.java:62] Normalizing identifier quoting [graduate]
2023-11-24 12:36:44,062 TRACE o.h.e.j.e.i.NormalizingIdentifierHelperImpl [NormalizingIdentifierHelperImpl.java:62] Normalizing identifier quoting [graduate]
2023-11-24 12:36:44,062 DEBUG o.h.b.m.i.PropertyBinder [PropertyBinder.java:391] Building property graduate
2023-11-24 12:36:44,062 TRACE o.h.b.m.i.PropertyBinder [PropertyBinder.java:407] Cascading graduate with null
2023-11-24 12:36:44,062 TRACE o.h.b.m.i.PropertyBinder [PropertyBinder.java:695] Processing annotations of franco.maurizio.hr.desk.com.persistence.entity.Candidate.highGraduate
2023-11-24 12:36:44,062 TRACE o.h.e.j.e.i.NormalizingIdentifierHelperImpl [NormalizingIdentifierHelperImpl.java:62] Normalizing identifier quoting [high_graduate]
2023-11-24 12:36:44,063 TRACE o.h.e.j.e.i.NormalizingIdentifierHelperImpl [NormalizingIdentifierHelperImpl.java:62] Normalizing identifier quoting [high_graduate]
2023-11-24 12:36:44,063 DEBUG o.h.b.m.i.AnnotatedColumn [AnnotatedColumn.java:249] Binding column: AnnotatedColumn(column='high_graduate')
2023-11-24 12:36:44,063 DEBUG o.h.b.m.i.PropertyBinder [PropertyBinder.java:251] MetadataSourceProcessor property highGraduate with lazy=false
2023-11-24 12:36:44,063 DEBUG o.h.b.m.i.AbstractPropertyHolder [AbstractPropertyHolder.java:107] Attempting to locate auto-apply AttributeConverter for property [franco.maurizio.hr.desk.com.persistence.entity.Candidate:highGraduate]
2023-11-24 12:36:44,063 DEBUG o.h.b.m.i.BasicValueBinder [BasicValueBinder.java:1196] building BasicValue for highGraduate
2023-11-24 12:36:44,063 DEBUG o.h.m.BasicValue [BasicValue.java:259] Skipping column re-registration: candidates.high_graduate
2023-11-24 12:36:44,064 TRACE o.h.e.j.e.i.NormalizingIdentifierHelperImpl [NormalizingIdentifierHelperImpl.java:62] Normalizing identifier quoting [high_graduate]
2023-11-24 12:36:44,064 DEBUG o.h.b.m.i.PropertyBinder [PropertyBinder.java:391] Building property highGraduate
2023-11-24 12:36:44,064 TRACE o.h.b.m.i.PropertyBinder [PropertyBinder.java:407] Cascading highGraduate with null
2023-11-24 12:36:44,064 TRACE o.h.b.m.i.PropertyBinder [PropertyBinder.java:695] Processing annotations of franco.maurizio.hr.desk.com.persistence.entity.Candidate.hrNote
2023-11-24 12:36:44,064 TRACE o.h.e.j.e.i.NormalizingIdentifierHelperImpl [NormalizingIdentifierHelperImpl.java:62] Normalizing identifier quoting [hr_note]
2023-11-24 12:36:44,064 TRACE o.h.e.j.e.i.NormalizingIdentifierHelperImpl [NormalizingIdentifierHelperImpl.java:62] Normalizing identifier quoting [hr_note]
2023-11-24 12:36:44,065 DEBUG o.h.b.m.i.AnnotatedColumn [AnnotatedColumn.java:249] Binding column: AnnotatedColumn(column='hr_note')
2023-11-24 12:36:44,065 DEBUG o.h.b.m.i.PropertyBinder [PropertyBinder.java:251] MetadataSourceProcessor property hrNote with lazy=false
2023-11-24 12:36:44,065 DEBUG o.h.b.m.i.AbstractPropertyHolder [AbstractPropertyHolder.java:107] Attempting to locate auto-apply AttributeConverter for property [franco.maurizio.hr.desk.com.persistence.entity.Candidate:hrNote]
2023-11-24 12:36:44,065 DEBUG o.h.b.m.i.BasicValueBinder [BasicValueBinder.java:1196] building BasicValue for hrNote
2023-11-24 12:36:44,065 DEBUG o.h.m.BasicValue [BasicValue.java:259] Skipping column re-registration: candidates.hr_note
2023-11-24 12:36:44,065 TRACE o.h.e.j.e.i.NormalizingIdentifierHelperImpl [NormalizingIdentifierHelperImpl.java:62] Normalizing identifier quoting [hr_note]
2023-11-24 12:36:44,065 DEBUG o.h.b.m.i.PropertyBinder [PropertyBinder.java:391] Building property hrNote
2023-11-24 12:36:44,066 TRACE o.h.b.m.i.PropertyBinder [PropertyBinder.java:407] Cascading hrNote with null
2023-11-24 12:36:44,066 TRACE o.h.b.m.i.PropertyBinder [PropertyBinder.java:695] Processing annotations of franco.maurizio.hr.desk.com.persistence.entity.Candidate.imgpath
2023-11-24 12:36:44,066 TRACE o.h.e.j.e.i.NormalizingIdentifierHelperImpl [NormalizingIdentifierHelperImpl.java:62] Normalizing identifier quoting [imgpath]
2023-11-24 12:36:44,066 TRACE o.h.e.j.e.i.NormalizingIdentifierHelperImpl [NormalizingIdentifierHelperImpl.java:62] Normalizing identifier quoting [imgpath]
2023-11-24 12:36:44,066 DEBUG o.h.b.m.i.AnnotatedColumn [AnnotatedColumn.java:249] Binding column: AnnotatedColumn(column='imgpath')
2023-11-24 12:36:44,066 DEBUG o.h.b.m.i.PropertyBinder [PropertyBinder.java:251] MetadataSourceProcessor property imgpath with lazy=false
2023-11-24 12:36:44,066 DEBUG o.h.b.m.i.AbstractPropertyHolder [AbstractPropertyHolder.java:107] Attempting to locate auto-apply AttributeConverter for property [franco.maurizio.hr.desk.com.persistence.entity.Candidate:imgpath]
2023-11-24 12:36:44,067 DEBUG o.h.b.m.i.BasicValueBinder [BasicValueBinder.java:1196] building BasicValue for imgpath
2023-11-24 12:36:44,067 DEBUG o.h.m.BasicValue [BasicValue.java:259] Skipping column re-registration: candidates.imgpath
2023-11-24 12:36:44,067 TRACE o.h.e.j.e.i.NormalizingIdentifierHelperImpl [NormalizingIdentifierHelperImpl.java:62] Normalizing identifier quoting [imgpath]
2023-11-24 12:36:44,067 DEBUG o.h.b.m.i.PropertyBinder [PropertyBinder.java:391] Building property imgpath
2023-11-24 12:36:44,067 TRACE o.h.b.m.i.PropertyBinder [PropertyBinder.java:407] Cascading imgpath with null
2023-11-24 12:36:44,068 TRACE o.h.b.m.i.PropertyBinder [PropertyBinder.java:695] Processing annotations of franco.maurizio.hr.desk.com.persistence.entity.Candidate.insertedBy
2023-11-24 12:36:44,068 TRACE o.h.e.j.e.i.NormalizingIdentifierHelperImpl [NormalizingIdentifierHelperImpl.java:62] Normalizing identifier quoting [inserted_by]
2023-11-24 12:36:44,069 TRACE o.h.e.j.e.i.NormalizingIdentifierHelperImpl [NormalizingIdentifierHelperImpl.java:62] Normalizing identifier quoting [inserted_by]
2023-11-24 12:36:44,069 DEBUG o.h.b.m.i.AnnotatedColumn [AnnotatedColumn.java:249] Binding column: AnnotatedColumn(column='inserted_by')
2023-11-24 12:36:44,069 DEBUG o.h.b.m.i.PropertyBinder [PropertyBinder.java:251] MetadataSourceProcessor property insertedBy with lazy=false
2023-11-24 12:36:44,070 DEBUG o.h.b.m.i.AbstractPropertyHolder [AbstractPropertyHolder.java:107] Attempting to locate auto-apply AttributeConverter for property [franco.maurizio.hr.desk.com.persistence.entity.Candidate:insertedBy]
2023-11-24 12:36:44,070 DEBUG o.h.b.m.i.BasicValueBinder [BasicValueBinder.java:1196] building BasicValue for insertedBy
2023-11-24 12:36:44,070 DEBUG o.h.m.BasicValue [BasicValue.java:259] Skipping column re-registration: candidates.inserted_by
2023-11-24 12:36:44,070 TRACE o.h.e.j.e.i.NormalizingIdentifierHelperImpl [NormalizingIdentifierHelperImpl.java:62] Normalizing identifier quoting [inserted_by]
2023-11-24 12:36:44,071 DEBUG o.h.b.m.i.PropertyBinder [PropertyBinder.java:391] Building property insertedBy
2023-11-24 12:36:44,071 TRACE o.h.b.m.i.PropertyBinder [PropertyBinder.java:407] Cascading insertedBy with null
2023-11-24 12:36:44,071 TRACE o.h.b.m.i.PropertyBinder [PropertyBinder.java:695] Processing annotations of franco.maurizio.hr.desk.com.persistence.entity.Candidate.label
2023-11-24 12:36:44,071 TRACE o.h.e.j.e.i.NormalizingIdentifierHelperImpl [NormalizingIdentifierHelperImpl.java:62] Normalizing identifier quoting [label]
2023-11-24 12:36:44,072 TRACE o.h.e.j.e.i.NormalizingIdentifierHelperImpl [NormalizingIdentifierHelperImpl.java:62] Normalizing identifier quoting [label]
2023-11-24 12:36:44,072 DEBUG o.h.b.m.i.AnnotatedColumn [AnnotatedColumn.java:249] Binding column: AnnotatedColumn(column='label')
2023-11-24 12:36:44,072 DEBUG o.h.b.m.i.PropertyBinder [PropertyBinder.java:251] MetadataSourceProcessor property label with lazy=false
2023-11-24 12:36:44,072 DEBUG o.h.b.m.i.AbstractPropertyHolder [AbstractPropertyHolder.java:107] Attempting to locate auto-apply AttributeConverter for property [franco.maurizio.hr.desk.com.persistence.entity.Candidate:label]
2023-11-24 12:36:44,073 DEBUG o.h.b.m.i.BasicValueBinder [BasicValueBinder.java:1196] building BasicValue for label
2023-11-24 12:36:44,073 DEBUG o.h.m.BasicValue [BasicValue.java:259] Skipping column re-registration: candidates.label
2023-11-24 12:36:44,073 TRACE o.h.e.j.e.i.NormalizingIdentifierHelperImpl [NormalizingIdentifierHelperImpl.java:62] Normalizing identifier quoting [label]
2023-11-24 12:36:44,073 DEBUG o.h.b.m.i.PropertyBinder [PropertyBinder.java:391] Building property label
2023-11-24 12:36:44,074 TRACE o.h.b.m.i.PropertyBinder [PropertyBinder.java:407] Cascading label with null
2023-11-24 12:36:44,074 TRACE o.h.b.m.i.PropertyBinder [PropertyBinder.java:695] Processing annotations of franco.maurizio.hr.desk.com.persistence.entity.Candidate.lastname
2023-11-24 12:36:44,074 TRACE o.h.e.j.e.i.NormalizingIdentifierHelperImpl [NormalizingIdentifierHelperImpl.java:62] Normalizing identifier quoting [lastname]
2023-11-24 12:36:44,075 TRACE o.h.e.j.e.i.NormalizingIdentifierHelperImpl [NormalizingIdentifierHelperImpl.java:62] Normalizing identifier quoting [lastname]
2023-11-24 12:36:44,075 DEBUG o.h.b.m.i.AnnotatedColumn [AnnotatedColumn.java:249] Binding column: AnnotatedColumn(column='lastname')
2023-11-24 12:36:44,075 DEBUG o.h.b.m.i.PropertyBinder [PropertyBinder.java:251] MetadataSourceProcessor property lastname with lazy=false
2023-11-24 12:36:44,075 DEBUG o.h.b.m.i.AbstractPropertyHolder [AbstractPropertyHolder.java:107] Attempting to locate auto-apply AttributeConverter for property [franco.maurizio.hr.desk.com.persistence.entity.Candidate:lastname]
2023-11-24 12:36:44,076 DEBUG o.h.b.m.i.BasicValueBinder [BasicValueBinder.java:1196] building BasicValue for lastname
2023-11-24 12:36:44,076 DEBUG o.h.m.BasicValue [BasicValue.java:259] Skipping column re-registration: candidates.lastname
2023-11-24 12:36:44,076 TRACE o.h.e.j.e.i.NormalizingIdentifierHelperImpl [NormalizingIdentifierHelperImpl.java:62] Normalizing identifier quoting [lastname]
2023-11-24 12:36:44,076 DEBUG o.h.b.m.i.PropertyBinder [PropertyBinder.java:391] Building property lastname
2023-11-24 12:36:44,076 TRACE o.h.b.m.i.PropertyBinder [PropertyBinder.java:407] Cascading lastname with null
2023-11-24 12:36:44,077 TRACE o.h.b.m.i.PropertyBinder [PropertyBinder.java:695] Processing annotations of franco.maurizio.hr.desk.com.persistence.entity.Candidate.mobile
2023-11-24 12:36:44,077 TRACE o.h.e.j.e.i.NormalizingIdentifierHelperImpl [NormalizingIdentifierHelperImpl.java:62] Normalizing identifier quoting [mobile]
2023-11-24 12:36:44,077 TRACE o.h.e.j.e.i.NormalizingIdentifierHelperImpl [NormalizingIdentifierHelperImpl.java:62] Normalizing identifier quoting [mobile]
2023-11-24 12:36:44,077 DEBUG o.h.b.m.i.AnnotatedColumn [AnnotatedColumn.java:249] Binding column: AnnotatedColumn()
2023-11-24 12:36:44,078 DEBUG o.h.b.m.i.PropertyBinder [PropertyBinder.java:251] MetadataSourceProcessor property mobile with lazy=false
2023-11-24 12:36:44,078 DEBUG o.h.b.m.i.AbstractPropertyHolder [AbstractPropertyHolder.java:107] Attempting to locate auto-apply AttributeConverter for property [franco.maurizio.hr.desk.com.persistence.entity.Candidate:mobile]
2023-11-24 12:36:44,078 DEBUG o.h.b.m.i.BasicValueBinder [BasicValueBinder.java:1196] building BasicValue for mobile
2023-11-24 12:36:44,078 DEBUG o.h.m.BasicValue [BasicValue.java:259] Skipping column re-registration: candidates.mobile
2023-11-24 12:36:44,079 TRACE o.h.e.j.e.i.NormalizingIdentifierHelperImpl [NormalizingIdentifierHelperImpl.java:62] Normalizing identifier quoting [mobile]
2023-11-24 12:36:44,079 TRACE o.h.e.j.e.i.NormalizingIdentifierHelperImpl [NormalizingIdentifierHelperImpl.java:62] Normalizing identifier quoting [mobile]
2023-11-24 12:36:44,079 TRACE o.h.e.j.e.i.NormalizingIdentifierHelperImpl [NormalizingIdentifierHelperImpl.java:62] Normalizing identifier quoting [mobile]
2023-11-24 12:36:44,079 DEBUG o.h.b.m.i.PropertyBinder [PropertyBinder.java:391] Building property mobile
2023-11-24 12:36:44,079 TRACE o.h.b.m.i.PropertyBinder [PropertyBinder.java:407] Cascading mobile with null
2023-11-24 12:36:44,080 TRACE o.h.b.m.i.PropertyBinder [PropertyBinder.java:695] Processing annotations of franco.maurizio.hr.desk.com.persistence.entity.Candidate.regdate
2023-11-24 12:36:44,080 TRACE o.h.e.j.e.i.NormalizingIdentifierHelperImpl [NormalizingIdentifierHelperImpl.java:62] Normalizing identifier quoting [regdate]
2023-11-24 12:36:44,080 TRACE o.h.e.j.e.i.NormalizingIdentifierHelperImpl [NormalizingIdentifierHelperImpl.java:62] Normalizing identifier quoting [regdate]
2023-11-24 12:36:44,081 DEBUG o.h.b.m.i.AnnotatedColumn [AnnotatedColumn.java:249] Binding column: AnnotatedColumn(column='regdate')
2023-11-24 12:36:44,081 DEBUG o.h.b.m.i.PropertyBinder [PropertyBinder.java:251] MetadataSourceProcessor property regdate with lazy=false
2023-11-24 12:36:44,081 DEBUG o.h.b.m.i.AbstractPropertyHolder [AbstractPropertyHolder.java:107] Attempting to locate auto-apply AttributeConverter for property [franco.maurizio.hr.desk.com.persistence.entity.Candidate:regdate]
2023-11-24 12:36:44,081 DEBUG o.h.b.m.i.BasicValueBinder [BasicValueBinder.java:1196] building BasicValue for regdate
2023-11-24 12:36:44,082 DEBUG o.h.m.BasicValue [BasicValue.java:259] Skipping column re-registration: candidates.regdate
2023-11-24 12:36:44,082 TRACE o.h.e.j.e.i.NormalizingIdentifierHelperImpl [NormalizingIdentifierHelperImpl.java:62] Normalizing identifier quoting [regdate]
2023-11-24 12:36:44,082 DEBUG o.h.b.m.i.PropertyBinder [PropertyBinder.java:391] Building property regdate
2023-11-24 12:36:44,082 TRACE o.h.b.m.i.PropertyBinder [PropertyBinder.java:407] Cascading regdate with null
2023-11-24 12:36:44,083 TRACE o.h.b.m.i.PropertyBinder [PropertyBinder.java:695] Processing annotations of franco.maurizio.hr.desk.com.persistence.entity.Candidate.stillHighStudy
2023-11-24 12:36:44,083 TRACE o.h.e.j.e.i.NormalizingIdentifierHelperImpl [NormalizingIdentifierHelperImpl.java:62] Normalizing identifier quoting [still_high_study]
2023-11-24 12:36:44,083 TRACE o.h.e.j.e.i.NormalizingIdentifierHelperImpl [NormalizingIdentifierHelperImpl.java:62] Normalizing identifier quoting [still_high_study]
2023-11-24 12:36:44,084 DEBUG o.h.b.m.i.AnnotatedColumn [AnnotatedColumn.java:249] Binding column: AnnotatedColumn(column='still_high_study')
2023-11-24 12:36:44,084 DEBUG o.h.b.m.i.PropertyBinder [PropertyBinder.java:251] MetadataSourceProcessor property stillHighStudy with lazy=false
2023-11-24 12:36:44,084 DEBUG o.h.b.m.i.AbstractPropertyHolder [AbstractPropertyHolder.java:107] Attempting to locate auto-apply AttributeConverter for property [franco.maurizio.hr.desk.com.persistence.entity.Candidate:stillHighStudy]
2023-11-24 12:36:44,084 DEBUG o.h.b.m.i.BasicValueBinder [BasicValueBinder.java:1196] building BasicValue for stillHighStudy
2023-11-24 12:36:44,085 DEBUG o.h.m.BasicValue [BasicValue.java:259] Skipping column re-registration: candidates.still_high_study
2023-11-24 12:36:44,085 TRACE o.h.e.j.e.i.NormalizingIdentifierHelperImpl [NormalizingIdentifierHelperImpl.java:62] Normalizing identifier quoting [still_high_study]
2023-11-24 12:36:44,085 DEBUG o.h.b.m.i.PropertyBinder [PropertyBinder.java:391] Building property stillHighStudy
2023-11-24 12:36:44,085 TRACE o.h.b.m.i.PropertyBinder [PropertyBinder.java:407] Cascading stillHighStudy with null
2023-11-24 12:36:44,086 TRACE o.h.b.m.i.PropertyBinder [PropertyBinder.java:695] Processing annotations of franco.maurizio.hr.desk.com.persistence.entity.Candidate.studyQualification
2023-11-24 12:36:44,086 TRACE o.h.e.j.e.i.NormalizingIdentifierHelperImpl [NormalizingIdentifierHelperImpl.java:62] Normalizing identifier quoting [study_qualification]
2023-11-24 12:36:44,086 TRACE o.h.e.j.e.i.NormalizingIdentifierHelperImpl [NormalizingIdentifierHelperImpl.java:62] Normalizing identifier quoting [study_qualification]
2023-11-24 12:36:44,086 DEBUG o.h.b.m.i.AnnotatedColumn [AnnotatedColumn.java:249] Binding column: AnnotatedColumn(column='study_qualification')
2023-11-24 12:36:44,087 DEBUG o.h.b.m.i.PropertyBinder [PropertyBinder.java:251] MetadataSourceProcessor property studyQualification with lazy=false
2023-11-24 12:36:44,087 DEBUG o.h.b.m.i.AbstractPropertyHolder [AbstractPropertyHolder.java:107] Attempting to locate auto-apply AttributeConverter for property [franco.maurizio.hr.desk.com.persistence.entity.Candidate:studyQualification]
2023-11-24 12:36:44,087 DEBUG o.h.b.m.i.BasicValueBinder [BasicValueBinder.java:1196] building BasicValue for studyQualification
2023-11-24 12:36:44,087 DEBUG o.h.m.BasicValue [BasicValue.java:259] Skipping column re-registration: candidates.study_qualification
2023-11-24 12:36:44,088 TRACE o.h.e.j.e.i.NormalizingIdentifierHelperImpl [NormalizingIdentifierHelperImpl.java:62] Normalizing identifier quoting [study_qualification]
2023-11-24 12:36:44,088 DEBUG o.h.b.m.i.PropertyBinder [PropertyBinder.java:391] Building property studyQualification
2023-11-24 12:36:44,088 TRACE o.h.b.m.i.PropertyBinder [PropertyBinder.java:407] Cascading studyQualification with null
2023-11-24 12:36:44,088 TRACE o.h.b.m.i.PropertyBinder [PropertyBinder.java:695] Processing annotations of franco.maurizio.hr.desk.com.persistence.entity.Candidate.technicalNote
2023-11-24 12:36:44,088 TRACE o.h.e.j.e.i.NormalizingIdentifierHelperImpl [NormalizingIdentifierHelperImpl.java:62] Normalizing identifier quoting [technical_note]
2023-11-24 12:36:44,089 TRACE o.h.e.j.e.i.NormalizingIdentifierHelperImpl [NormalizingIdentifierHelperImpl.java:62] Normalizing identifier quoting [technical_note]
2023-11-24 12:36:44,089 DEBUG o.h.b.m.i.AnnotatedColumn [AnnotatedColumn.java:249] Binding column: AnnotatedColumn(column='technical_note')
2023-11-24 12:36:44,089 DEBUG o.h.b.m.i.PropertyBinder [PropertyBinder.java:251] MetadataSourceProcessor property technicalNote with lazy=false
2023-11-24 12:36:44,089 DEBUG o.h.b.m.i.AbstractPropertyHolder [AbstractPropertyHolder.java:107] Attempting to locate auto-apply AttributeConverter for property [franco.maurizio.hr.desk.com.persistence.entity.Candidate:technicalNote]
2023-11-24 12:36:44,090 DEBUG o.h.b.m.i.BasicValueBinder [BasicValueBinder.java:1196] building BasicValue for technicalNote
2023-11-24 12:36:44,090 DEBUG o.h.m.BasicValue [BasicValue.java:259] Skipping column re-registration: candidates.technical_note
2023-11-24 12:36:44,090 TRACE o.h.e.j.e.i.NormalizingIdentifierHelperImpl [NormalizingIdentifierHelperImpl.java:62] Normalizing identifier quoting [technical_note]
2023-11-24 12:36:44,090 DEBUG o.h.b.m.i.PropertyBinder [PropertyBinder.java:391] Building property technicalNote
2023-11-24 12:36:44,091 TRACE o.h.b.m.i.PropertyBinder [PropertyBinder.java:407] Cascading technicalNote with null
2023-11-24 12:36:44,091 DEBUG o.h.b.m.i.EntityBinder [EntityBinder.java:206] Binding entity from annotated class: franco.maurizio.hr.desk.com.persistence.entity.Question
2023-11-24 12:36:44,092 DEBUG o.h.b.m.i.EntityBinder [EntityBinder.java:1224] Import with entity name Question
2023-11-24 12:36:44,092 TRACE o.h.b.i.InFlightMetadataCollectorImpl [InFlightMetadataCollectorImpl.java:878] Import: Question -> franco.maurizio.hr.desk.com.persistence.entity.Question
2023-11-24 12:36:44,092 TRACE o.h.b.i.InFlightMetadataCollectorImpl [InFlightMetadataCollectorImpl.java:878] Import: franco.maurizio.hr.desk.com.persistence.entity.Question -> franco.maurizio.hr.desk.com.persistence.entity.Question
2023-11-24 12:36:44,092 TRACE o.h.e.j.e.i.NormalizingIdentifierHelperImpl [NormalizingIdentifierHelperImpl.java:62] Normalizing identifier quoting [questions]
2023-11-24 12:36:44,092 TRACE o.h.e.j.e.i.NormalizingIdentifierHelperImpl [NormalizingIdentifierHelperImpl.java:62] Normalizing identifier quoting [questions]
2023-11-24 12:36:44,092 DEBUG o.h.b.m.i.EntityBinder [EntityBinder.java:1769] Bind entity franco.maurizio.hr.desk.com.persistence.entity.Question on table questions
2023-11-24 12:36:44,093 TRACE o.h.e.j.e.i.NormalizingIdentifierHelperImpl [NormalizingIdentifierHelperImpl.java:62] Normalizing identifier quoting [DTYPE]
2023-11-24 12:36:44,093 DEBUG o.h.b.m.i.AnnotatedColumn [AnnotatedColumn.java:249] Binding column: AnnotatedDiscriminatorColumn(column='DTYPE')
2023-11-24 12:36:44,093 TRACE o.h.b.m.i.PropertyBinder [PropertyBinder.java:695] Processing annotations of franco.maurizio.hr.desk.com.persistence.entity.Question.id
2023-11-24 12:36:44,094 TRACE o.h.e.j.e.i.NormalizingIdentifierHelperImpl [NormalizingIdentifierHelperImpl.java:62] Normalizing identifier quoting [id]
2023-11-24 12:36:44,094 TRACE o.h.e.j.e.i.NormalizingIdentifierHelperImpl [NormalizingIdentifierHelperImpl.java:62] Normalizing identifier quoting [id]
2023-11-24 12:36:44,094 DEBUG o.h.b.m.i.AnnotatedColumn [AnnotatedColumn.java:249] Binding column: AnnotatedColumn()
2023-11-24 12:36:44,095 DEBUG o.h.b.i.ClassLoaderAccessImpl [ClassLoaderAccessImpl.java:60] Not known whether passed class name [franco.maurizio.hr.desk.com.persistence.entity.Question] is safe
2023-11-24 12:36:44,095 DEBUG o.h.b.i.ClassLoaderAccessImpl [ClassLoaderAccessImpl.java:62] No temp ClassLoader provided; using live ClassLoader for loading potentially unsafe class : franco.maurizio.hr.desk.com.persistence.entity.Question
2023-11-24 12:36:44,095 DEBUG o.h.b.m.i.PropertyBinder [PropertyBinder.java:251] MetadataSourceProcessor property id with lazy=false
2023-11-24 12:36:44,095 DEBUG o.h.b.m.i.AbstractPropertyHolder [AbstractPropertyHolder.java:107] Attempting to locate auto-apply AttributeConverter for property [franco.maurizio.hr.desk.com.persistence.entity.Question:id]
2023-11-24 12:36:44,095 DEBUG o.h.b.m.i.BasicValueBinder [BasicValueBinder.java:1196] building BasicValue for id
2023-11-24 12:36:44,095 DEBUG o.h.m.BasicValue [BasicValue.java:259] Skipping column re-registration: questions.id
2023-11-24 12:36:44,095 TRACE o.h.e.j.e.i.NormalizingIdentifierHelperImpl [NormalizingIdentifierHelperImpl.java:62] Normalizing identifier quoting [id]
2023-11-24 12:36:44,096 TRACE o.h.e.j.e.i.NormalizingIdentifierHelperImpl [NormalizingIdentifierHelperImpl.java:62] Normalizing identifier quoting [id]
2023-11-24 12:36:44,096 TRACE o.h.e.j.e.i.NormalizingIdentifierHelperImpl [NormalizingIdentifierHelperImpl.java:62] Normalizing identifier quoting [id]
2023-11-24 12:36:44,096 DEBUG o.h.b.m.i.PropertyBinder [PropertyBinder.java:391] Building property id
2023-11-24 12:36:44,096 TRACE o.h.b.m.i.PropertyBinder [PropertyBinder.java:407] Cascading id with null
2023-11-24 12:36:44,096 DEBUG o.h.b.m.i.BinderHelper [GeneratorBinder.java:73] #makeIdGenerator(BasicValue([Column(id)]), id, identity, , ...)
2023-11-24 12:36:44,096 TRACE o.h.b.m.i.PropertyBinder [PropertyBinder.java:1327] Bind @Id on id
2023-11-24 12:36:44,097 TRACE o.h.b.m.i.PropertyBinder [PropertyBinder.java:695] Processing annotations of franco.maurizio.hr.desk.com.persistence.entity.Question.ansa
2023-11-24 12:36:44,097 TRACE o.h.e.j.e.i.NormalizingIdentifierHelperImpl [NormalizingIdentifierHelperImpl.java:62] Normalizing identifier quoting [ansa]
2023-11-24 12:36:44,097 TRACE o.h.e.j.e.i.NormalizingIdentifierHelperImpl [NormalizingIdentifierHelperImpl.java:62] Normalizing identifier quoting [ansa]
2023-11-24 12:36:44,097 DEBUG o.h.b.m.i.AnnotatedColumn [AnnotatedColumn.java:249] Binding column: AnnotatedColumn()
2023-11-24 12:36:44,097 DEBUG o.h.b.m.i.PropertyBinder [PropertyBinder.java:251] MetadataSourceProcessor property ansa with lazy=false
2023-11-24 12:36:44,097 DEBUG o.h.b.m.i.AbstractPropertyHolder [AbstractPropertyHolder.java:107] Attempting to locate auto-apply AttributeConverter for property [franco.maurizio.hr.desk.com.persistence.entity.Question:ansa]
2023-11-24 12:36:44,097 DEBUG o.h.b.m.i.BasicValueBinder [BasicValueBinder.java:1196] building BasicValue for ansa
2023-11-24 12:36:44,098 DEBUG o.h.m.BasicValue [BasicValue.java:259] Skipping column re-registration: questions.ansa
2023-11-24 12:36:44,098 TRACE o.h.e.j.e.i.NormalizingIdentifierHelperImpl [NormalizingIdentifierHelperImpl.java:62] Normalizing identifier quoting [ansa]
2023-11-24 12:36:44,098 TRACE o.h.e.j.e.i.NormalizingIdentifierHelperImpl [NormalizingIdentifierHelperImpl.java:62] Normalizing identifier quoting [ansa]
2023-11-24 12:36:44,098 TRACE o.h.e.j.e.i.NormalizingIdentifierHelperImpl [NormalizingIdentifierHelperImpl.java:62] Normalizing identifier quoting [ansa]
2023-11-24 12:36:44,098 DEBUG o.h.b.m.i.PropertyBinder [PropertyBinder.java:391] Building property ansa
2023-11-24 12:36:44,098 TRACE o.h.b.m.i.PropertyBinder [PropertyBinder.java:407] Cascading ansa with null
2023-11-24 12:36:44,098 TRACE o.h.b.m.i.PropertyBinder [PropertyBinder.java:695] Processing annotations of franco.maurizio.hr.desk.com.persistence.entity.Question.ansb
2023-11-24 12:36:44,098 TRACE o.h.e.j.e.i.NormalizingIdentifierHelperImpl [NormalizingIdentifierHelperImpl.java:62] Normalizing identifier quoting [ansb]
2023-11-24 12:36:44,099 TRACE o.h.e.j.e.i.NormalizingIdentifierHelperImpl [NormalizingIdentifierHelperImpl.java:62] Normalizing identifier quoting [ansb]
2023-11-24 12:36:44,099 DEBUG o.h.b.m.i.AnnotatedColumn [AnnotatedColumn.java:249] Binding column: AnnotatedColumn()
2023-11-24 12:36:44,099 DEBUG o.h.b.m.i.PropertyBinder [PropertyBinder.java:251] MetadataSourceProcessor property ansb with lazy=false
2023-11-24 12:36:44,099 DEBUG o.h.b.m.i.AbstractPropertyHolder [AbstractPropertyHolder.java:107] Attempting to locate auto-apply AttributeConverter for property [franco.maurizio.hr.desk.com.persistence.entity.Question:ansb]
2023-11-24 12:36:44,099 DEBUG o.h.b.m.i.BasicValueBinder [BasicValueBinder.java:1196] building BasicValue for ansb
2023-11-24 12:36:44,099 DEBUG o.h.m.BasicValue [BasicValue.java:259] Skipping column re-registration: questions.ansb
2023-11-24 12:36:44,099 TRACE o.h.e.j.e.i.NormalizingIdentifierHelperImpl [NormalizingIdentifierHelperImpl.java:62] Normalizing identifier quoting [ansb]
2023-11-24 12:36:44,099 TRACE o.h.e.j.e.i.NormalizingIdentifierHelperImpl [NormalizingIdentifierHelperImpl.java:62] Normalizing identifier quoting [ansb]
2023-11-24 12:36:44,100 TRACE o.h.e.j.e.i.NormalizingIdentifierHelperImpl [NormalizingIdentifierHelperImpl.java:62] Normalizing identifier quoting [ansb]
2023-11-24 12:36:44,100 DEBUG o.h.b.m.i.PropertyBinder [PropertyBinder.java:391] Building property ansb
2023-11-24 12:36:44,100 TRACE o.h.b.m.i.PropertyBinder [PropertyBinder.java:407] Cascading ansb with null
2023-11-24 12:36:44,100 TRACE o.h.b.m.i.PropertyBinder [PropertyBinder.java:695] Processing annotations of franco.maurizio.hr.desk.com.persistence.entity.Question.ansc
2023-11-24 12:36:44,100 TRACE o.h.e.j.e.i.NormalizingIdentifierHelperImpl [NormalizingIdentifierHelperImpl.java:62] Normalizing identifier quoting [ansc]
2023-11-24 12:36:44,100 TRACE o.h.e.j.e.i.NormalizingIdentifierHelperImpl [NormalizingIdentifierHelperImpl.java:62] Normalizing identifier quoting [ansc]
2023-11-24 12:36:44,100 DEBUG o.h.b.m.i.AnnotatedColumn [AnnotatedColumn.java:249] Binding column: AnnotatedColumn()
2023-11-24 12:36:44,101 DEBUG o.h.b.m.i.PropertyBinder [PropertyBinder.java:251] MetadataSourceProcessor property ansc with lazy=false
2023-11-24 12:36:44,101 DEBUG o.h.b.m.i.AbstractPropertyHolder [AbstractPropertyHolder.java:107] Attempting to locate auto-apply AttributeConverter for property [franco.maurizio.hr.desk.com.persistence.entity.Question:ansc]
2023-11-24 12:36:44,101 DEBUG o.h.b.m.i.BasicValueBinder [BasicValueBinder.java:1196] building BasicValue for ansc
2023-11-24 12:36:44,101 DEBUG o.h.m.BasicValue [BasicValue.java:259] Skipping column re-registration: questions.ansc
2023-11-24 12:36:44,101 TRACE o.h.e.j.e.i.NormalizingIdentifierHelperImpl [NormalizingIdentifierHelperImpl.java:62] Normalizing identifier quoting [ansc]
2023-11-24 12:36:44,101 TRACE o.h.e.j.e.i.NormalizingIdentifierHelperImpl [NormalizingIdentifierHelperImpl.java:62] Normalizing identifier quoting [ansc]
2023-11-24 12:36:44,101 TRACE o.h.e.j.e.i.NormalizingIdentifierHelperImpl [NormalizingIdentifierHelperImpl.java:62] Normalizing identifier quoting [ansc]
2023-11-24 12:36:44,101 DEBUG o.h.b.m.i.PropertyBinder [PropertyBinder.java:391] Building property ansc
2023-11-24 12:36:44,102 TRACE o.h.b.m.i.PropertyBinder [PropertyBinder.java:407] Cascading ansc with null
2023-11-24 12:36:44,102 TRACE o.h.b.m.i.PropertyBinder [PropertyBinder.java:695] Processing annotations of franco.maurizio.hr.desk.com.persistence.entity.Question.ansd
2023-11-24 12:36:44,102 TRACE o.h.e.j.e.i.NormalizingIdentifierHelperImpl [NormalizingIdentifierHelperImpl.java:62] Normalizing identifier quoting [ansd]
2023-11-24 12:36:44,102 TRACE o.h.e.j.e.i.NormalizingIdentifierHelperImpl [NormalizingIdentifierHelperImpl.java:62] Normalizing identifier quoting [ansd]
2023-11-24 12:36:44,102 DEBUG o.h.b.m.i.AnnotatedColumn [AnnotatedColumn.java:249] Binding column: AnnotatedColumn()
2023-11-24 12:36:44,102 DEBUG o.h.b.m.i.PropertyBinder [PropertyBinder.java:251] MetadataSourceProcessor property ansd with lazy=false
2023-11-24 12:36:44,102 DEBUG o.h.b.m.i.AbstractPropertyHolder [AbstractPropertyHolder.java:107] Attempting to locate auto-apply AttributeConverter for property [franco.maurizio.hr.desk.com.persistence.entity.Question:ansd]
2023-11-24 12:36:44,102 DEBUG o.h.b.m.i.BasicValueBinder [BasicValueBinder.java:1196] building BasicValue for ansd
2023-11-24 12:36:44,103 DEBUG o.h.m.BasicValue [BasicValue.java:259] Skipping column re-registration: questions.ansd
2023-11-24 12:36:44,103 TRACE o.h.e.j.e.i.NormalizingIdentifierHelperImpl [NormalizingIdentifierHelperImpl.java:62] Normalizing identifier quoting [ansd]
2023-11-24 12:36:44,103 TRACE o.h.e.j.e.i.NormalizingIdentifierHelperImpl [NormalizingIdentifierHelperImpl.java:62] Normalizing identifier quoting [ansd]
2023-11-24 12:36:44,103 TRACE o.h.e.j.e.i.NormalizingIdentifierHelperImpl [NormalizingIdentifierHelperImpl.java:62] Normalizing identifier quoting [ansd]
2023-11-24 12:36:44,103 DEBUG o.h.b.m.i.PropertyBinder [PropertyBinder.java:391] Building property ansd
2023-11-24 12:36:44,103 TRACE o.h.b.m.i.PropertyBinder [PropertyBinder.java:407] Cascading ansd with null
2023-11-24 12:36:44,103 TRACE o.h.b.m.i.PropertyBinder [PropertyBinder.java:695] Processing annotations of franco.maurizio.hr.desk.com.persistence.entity.Question.anse
2023-11-24 12:36:44,104 TRACE o.h.e.j.e.i.NormalizingIdentifierHelperImpl [NormalizingIdentifierHelperImpl.java:62] Normalizing identifier quoting [anse]
2023-11-24 12:36:44,104 TRACE o.h.e.j.e.i.NormalizingIdentifierHelperImpl [NormalizingIdentifierHelperImpl.java:62] Normalizing identifier quoting [anse]
2023-11-24 12:36:44,104 DEBUG o.h.b.m.i.AnnotatedColumn [AnnotatedColumn.java:249] Binding column: AnnotatedColumn()
2023-11-24 12:36:44,104 DEBUG o.h.b.m.i.PropertyBinder [PropertyBinder.java:251] MetadataSourceProcessor property anse with lazy=false
2023-11-24 12:36:44,104 DEBUG o.h.b.m.i.AbstractPropertyHolder [AbstractPropertyHolder.java:107] Attempting to locate auto-apply AttributeConverter for property [franco.maurizio.hr.desk.com.persistence.entity.Question:anse]
2023-11-24 12:36:44,105 DEBUG o.h.b.m.i.BasicValueBinder [BasicValueBinder.java:1196] building BasicValue for anse
2023-11-24 12:36:44,105 DEBUG o.h.m.BasicValue [BasicValue.java:259] Skipping column re-registration: questions.anse
2023-11-24 12:36:44,105 TRACE o.h.e.j.e.i.NormalizingIdentifierHelperImpl [NormalizingIdentifierHelperImpl.java:62] Normalizing identifier quoting [anse]
2023-11-24 12:36:44,105 TRACE o.h.e.j.e.i.NormalizingIdentifierHelperImpl [NormalizingIdentifierHelperImpl.java:62] Normalizing identifier quoting [anse]
2023-11-24 12:36:44,105 TRACE o.h.e.j.e.i.NormalizingIdentifierHelperImpl [NormalizingIdentifierHelperImpl.java:62] Normalizing identifier quoting [anse]
2023-11-24 12:36:44,105 DEBUG o.h.b.m.i.PropertyBinder [PropertyBinder.java:391] Building property anse
2023-11-24 12:36:44,105 TRACE o.h.b.m.i.PropertyBinder [PropertyBinder.java:407] Cascading anse with null
2023-11-24 12:36:44,105 TRACE o.h.b.m.i.PropertyBinder [PropertyBinder.java:695] Processing annotations of franco.maurizio.hr.desk.com.persistence.entity.Question.ansf
2023-11-24 12:36:44,106 TRACE o.h.e.j.e.i.NormalizingIdentifierHelperImpl [NormalizingIdentifierHelperImpl.java:62] Normalizing identifier quoting [ansf]
2023-11-24 12:36:44,106 TRACE o.h.e.j.e.i.NormalizingIdentifierHelperImpl [NormalizingIdentifierHelperImpl.java:62] Normalizing identifier quoting [ansf]
2023-11-24 12:36:44,106 DEBUG o.h.b.m.i.AnnotatedColumn [AnnotatedColumn.java:249] Binding column: AnnotatedColumn()
2023-11-24 12:36:44,106 DEBUG o.h.b.m.i.PropertyBinder [PropertyBinder.java:251] MetadataSourceProcessor property ansf with lazy=false
2023-11-24 12:36:44,106 DEBUG o.h.b.m.i.AbstractPropertyHolder [AbstractPropertyHolder.java:107] Attempting to locate auto-apply AttributeConverter for property [franco.maurizio.hr.desk.com.persistence.entity.Question:ansf]
2023-11-24 12:36:44,106 DEBUG o.h.b.m.i.BasicValueBinder [BasicValueBinder.java:1196] building BasicValue for ansf
2023-11-24 12:36:44,107 DEBUG o.h.m.BasicValue [BasicValue.java:259] Skipping column re-registration: questions.ansf
2023-11-24 12:36:44,107 TRACE o.h.e.j.e.i.NormalizingIdentifierHelperImpl [NormalizingIdentifierHelperImpl.java:62] Normalizing identifier quoting [ansf]
2023-11-24 12:36:44,107 TRACE o.h.e.j.e.i.NormalizingIdentifierHelperImpl [NormalizingIdentifierHelperImpl.java:62] Normalizing identifier quoting [ansf]
2023-11-24 12:36:44,107 TRACE o.h.e.j.e.i.NormalizingIdentifierHelperImpl [NormalizingIdentifierHelperImpl.java:62] Normalizing identifier quoting [ansf]
2023-11-24 12:36:44,107 DEBUG o.h.b.m.i.PropertyBinder [PropertyBinder.java:391] Building property ansf
2023-11-24 12:36:44,107 TRACE o.h.b.m.i.PropertyBinder [PropertyBinder.java:407] Cascading ansf with null
2023-11-24 12:36:44,107 TRACE o.h.b.m.i.PropertyBinder [PropertyBinder.java:695] Processing annotations of franco.maurizio.hr.desk.com.persistence.entity.Question.ansg
2023-11-24 12:36:44,107 TRACE o.h.e.j.e.i.NormalizingIdentifierHelperImpl [NormalizingIdentifierHelperImpl.java:62] Normalizing identifier quoting [ansg]
2023-11-24 12:36:44,108 TRACE o.h.e.j.e.i.NormalizingIdentifierHelperImpl [NormalizingIdentifierHelperImpl.java:62] Normalizing identifier quoting [ansg]
2023-11-24 12:36:44,108 DEBUG o.h.b.m.i.AnnotatedColumn [AnnotatedColumn.java:249] Binding column: AnnotatedColumn()
2023-11-24 12:36:44,108 DEBUG o.h.b.m.i.PropertyBinder [PropertyBinder.java:251] MetadataSourceProcessor property ansg with lazy=false
2023-11-24 12:36:44,108 DEBUG o.h.b.m.i.AbstractPropertyHolder [AbstractPropertyHolder.java:107] Attempting to locate auto-apply AttributeConverter for property [franco.maurizio.hr.desk.com.persistence.entity.Question:ansg]
2023-11-24 12:36:44,108 DEBUG o.h.b.m.i.BasicValueBinder [BasicValueBinder.java:1196] building BasicValue for ansg
2023-11-24 12:36:44,108 DEBUG o.h.m.BasicValue [BasicValue.java:259] Skipping column re-registration: questions.ansg
2023-11-24 12:36:44,108 TRACE o.h.e.j.e.i.NormalizingIdentifierHelperImpl [NormalizingIdentifierHelperImpl.java:62] Normalizing identifier quoting [ansg]
2023-11-24 12:36:44,109 TRACE o.h.e.j.e.i.NormalizingIdentifierHelperImpl [NormalizingIdentifierHelperImpl.java:62] Normalizing identifier quoting [ansg]
2023-11-24 12:36:44,109 TRACE o.h.e.j.e.i.NormalizingIdentifierHelperImpl [NormalizingIdentifierHelperImpl.java:62] Normalizing identifier quoting [ansg]
2023-11-24 12:36:44,109 DEBUG o.h.b.m.i.PropertyBinder [PropertyBinder.java:391] Building property ansg
2023-11-24 12:36:44,109 TRACE o.h.b.m.i.PropertyBinder [PropertyBinder.java:407] Cascading ansg with null
2023-11-24 12:36:44,118 TRACE o.h.b.m.i.PropertyBinder [PropertyBinder.java:695] Processing annotations of franco.maurizio.hr.desk.com.persistence.entity.Question.ansh
2023-11-24 12:36:44,119 TRACE o.h.e.j.e.i.NormalizingIdentifierHelperImpl [NormalizingIdentifierHelperImpl.java:62] Normalizing identifier quoting [ansh]
2023-11-24 12:36:44,119 TRACE o.h.e.j.e.i.NormalizingIdentifierHelperImpl [NormalizingIdentifierHelperImpl.java:62] Normalizing identifier quoting [ansh]
2023-11-24 12:36:44,119 DEBUG o.h.b.m.i.AnnotatedColumn [AnnotatedColumn.java:249] Binding column: AnnotatedColumn()
2023-11-24 12:36:44,119 DEBUG o.h.b.m.i.PropertyBinder [PropertyBinder.java:251] MetadataSourceProcessor property ansh with lazy=false
2023-11-24 12:36:44,120 DEBUG o.h.b.m.i.AbstractPropertyHolder [AbstractPropertyHolder.java:107] Attempting to locate auto-apply AttributeConverter for property [franco.maurizio.hr.desk.com.persistence.entity.Question:ansh]
2023-11-24 12:36:44,120 DEBUG o.h.b.m.i.BasicValueBinder [BasicValueBinder.java:1196] building BasicValue for ansh
2023-11-24 12:36:44,120 DEBUG o.h.m.BasicValue [BasicValue.java:259] Skipping column re-registration: questions.ansh
2023-11-24 12:36:44,120 TRACE o.h.e.j.e.i.NormalizingIdentifierHelperImpl [NormalizingIdentifierHelperImpl.java:62] Normalizing identifier quoting [ansh]
2023-11-24 12:36:44,120 TRACE o.h.e.j.e.i.NormalizingIdentifierHelperImpl [NormalizingIdentifierHelperImpl.java:62] Normalizing identifier quoting [ansh]
2023-11-24 12:36:44,121 TRACE o.h.e.j.e.i.NormalizingIdentifierHelperImpl [NormalizingIdentifierHelperImpl.java:62] Normalizing identifier quoting [ansh]
2023-11-24 12:36:44,121 DEBUG o.h.b.m.i.PropertyBinder [PropertyBinder.java:391] Building property ansh
2023-11-24 12:36:44,121 TRACE o.h.b.m.i.PropertyBinder [PropertyBinder.java:407] Cascading ansh with null
2023-11-24 12:36:44,121 TRACE o.h.b.m.i.PropertyBinder [PropertyBinder.java:695] Processing annotations of franco.maurizio.hr.desk.com.persistence.entity.Question.cansa
2023-11-24 12:36:44,121 TRACE o.h.e.j.e.i.NormalizingIdentifierHelperImpl [NormalizingIdentifierHelperImpl.java:62] Normalizing identifier quoting [cansa]
2023-11-24 12:36:44,121 TRACE o.h.e.j.e.i.NormalizingIdentifierHelperImpl [NormalizingIdentifierHelperImpl.java:62] Normalizing identifier quoting [cansa]
2023-11-24 12:36:44,121 DEBUG o.h.b.m.i.AnnotatedColumn [AnnotatedColumn.java:249] Binding column: AnnotatedColumn()
2023-11-24 12:36:44,122 DEBUG o.h.b.m.i.PropertyBinder [PropertyBinder.java:251] MetadataSourceProcessor property cansa with lazy=false
2023-11-24 12:36:44,122 DEBUG o.h.b.m.i.AbstractPropertyHolder [AbstractPropertyHolder.java:107] Attempting to locate auto-apply AttributeConverter for property [franco.maurizio.hr.desk.com.persistence.entity.Question:cansa]
2023-11-24 12:36:44,122 DEBUG o.h.b.m.i.BasicValueBinder [BasicValueBinder.java:1196] building BasicValue for cansa
2023-11-24 12:36:44,122 DEBUG o.h.m.BasicValue [BasicValue.java:259] Skipping column re-registration: questions.cansa
2023-11-24 12:36:44,122 TRACE o.h.e.j.e.i.NormalizingIdentifierHelperImpl [NormalizingIdentifierHelperImpl.java:62] Normalizing identifier quoting [cansa]
2023-11-24 12:36:44,122 TRACE o.h.e.j.e.i.NormalizingIdentifierHelperImpl [NormalizingIdentifierHelperImpl.java:62] Normalizing identifier quoting [cansa]
2023-11-24 12:36:44,122 TRACE o.h.e.j.e.i.NormalizingIdentifierHelperImpl [NormalizingIdentifierHelperImpl.java:62] Normalizing identifier quoting [cansa]
2023-11-24 12:36:44,122 DEBUG o.h.b.m.i.PropertyBinder [PropertyBinder.java:391] Building property cansa
2023-11-24 12:36:44,123 TRACE o.h.b.m.i.PropertyBinder [PropertyBinder.java:407] Cascading cansa with null
2023-11-24 12:36:44,123 TRACE o.h.b.m.i.PropertyBinder [PropertyBinder.java:695] Processing annotations of franco.maurizio.hr.desk.com.persistence.entity.Question.cansb
2023-11-24 12:36:44,123 TRACE o.h.e.j.e.i.NormalizingIdentifierHelperImpl [NormalizingIdentifierHelperImpl.java:62] Normalizing identifier quoting [cansb]
2023-11-24 12:36:44,123 TRACE o.h.e.j.e.i.NormalizingIdentifierHelperImpl [NormalizingIdentifierHelperImpl.java:62] Normalizing identifier quoting [cansb]
2023-11-24 12:36:44,123 DEBUG o.h.b.m.i.AnnotatedColumn [AnnotatedColumn.java:249] Binding column: AnnotatedColumn()
2023-11-24 12:36:44,123 DEBUG o.h.b.m.i.PropertyBinder [PropertyBinder.java:251] MetadataSourceProcessor property cansb with lazy=false
2023-11-24 12:36:44,124 DEBUG o.h.b.m.i.AbstractPropertyHolder [AbstractPropertyHolder.java:107] Attempting to locate auto-apply AttributeConverter for property [franco.maurizio.hr.desk.com.persistence.entity.Question:cansb]
2023-11-24 12:36:44,124 DEBUG o.h.b.m.i.BasicValueBinder [BasicValueBinder.java:1196] building BasicValue for cansb
2023-11-24 12:36:44,124 DEBUG o.h.m.BasicValue [BasicValue.java:259] Skipping column re-registration: questions.cansb
2023-11-24 12:36:44,124 TRACE o.h.e.j.e.i.NormalizingIdentifierHelperImpl [NormalizingIdentifierHelperImpl.java:62] Normalizing identifier quoting [cansb]
2023-11-24 12:36:44,124 TRACE o.h.e.j.e.i.NormalizingIdentifierHelperImpl [NormalizingIdentifierHelperImpl.java:62] Normalizing identifier quoting [cansb]
2023-11-24 12:36:44,124 TRACE o.h.e.j.e.i.NormalizingIdentifierHelperImpl [NormalizingIdentifierHelperImpl.java:62] Normalizing identifier quoting [cansb]
2023-11-24 12:36:44,124 DEBUG o.h.b.m.i.PropertyBinder [PropertyBinder.java:391] Building property cansb
2023-11-24 12:36:44,125 TRACE o.h.b.m.i.PropertyBinder [PropertyBinder.java:407] Cascading cansb with null
2023-11-24 12:36:44,125 TRACE o.h.b.m.i.PropertyBinder [PropertyBinder.java:695] Processing annotations of franco.maurizio.hr.desk.com.persistence.entity.Question.cansc
2023-11-24 12:36:44,125 TRACE o.h.e.j.e.i.NormalizingIdentifierHelperImpl [NormalizingIdentifierHelperImpl.java:62] Normalizing identifier quoting [cansc]
2023-11-24 12:36:44,125 TRACE o.h.e.j.e.i.NormalizingIdentifierHelperImpl [NormalizingIdentifierHelperImpl.java:62] Normalizing identifier quoting [cansc]
2023-11-24 12:36:44,125 DEBUG o.h.b.m.i.AnnotatedColumn [AnnotatedColumn.java:249] Binding column: AnnotatedColumn()
2023-11-24 12:36:44,125 DEBUG o.h.b.m.i.PropertyBinder [PropertyBinder.java:251] MetadataSourceProcessor property cansc with lazy=false
2023-11-24 12:36:44,125 DEBUG o.h.b.m.i.AbstractPropertyHolder [AbstractPropertyHolder.java:107] Attempting to locate auto-apply AttributeConverter for property [franco.maurizio.hr.desk.com.persistence.entity.Question:cansc]
2023-11-24 12:36:44,125 DEBUG o.h.b.m.i.BasicValueBinder [BasicValueBinder.java:1196] building BasicValue for cansc
2023-11-24 12:36:44,126 DEBUG o.h.m.BasicValue [BasicValue.java:259] Skipping column re-registration: questions.cansc
2023-11-24 12:36:44,126 TRACE o.h.e.j.e.i.NormalizingIdentifierHelperImpl [NormalizingIdentifierHelperImpl.java:62] Normalizing identifier quoting [cansc]
2023-11-24 12:36:44,126 TRACE o.h.e.j.e.i.NormalizingIdentifierHelperImpl [NormalizingIdentifierHelperImpl.java:62] Normalizing identifier quoting [cansc]
2023-11-24 12:36:44,126 TRACE o.h.e.j.e.i.NormalizingIdentifierHelperImpl [NormalizingIdentifierHelperImpl.java:62] Normalizing identifier quoting [cansc]
2023-11-24 12:36:44,126 DEBUG o.h.b.m.i.PropertyBinder [PropertyBinder.java:391] Building property cansc
2023-11-24 12:36:44,126 TRACE o.h.b.m.i.PropertyBinder [PropertyBinder.java:407] Cascading cansc with null
2023-11-24 12:36:44,126 TRACE o.h.b.m.i.PropertyBinder [PropertyBinder.java:695] Processing annotations of franco.maurizio.hr.desk.com.persistence.entity.Question.cansd
2023-11-24 12:36:44,126 TRACE o.h.e.j.e.i.NormalizingIdentifierHelperImpl [NormalizingIdentifierHelperImpl.java:62] Normalizing identifier quoting [cansd]
2023-11-24 12:36:44,127 TRACE o.h.e.j.e.i.NormalizingIdentifierHelperImpl [NormalizingIdentifierHelperImpl.java:62] Normalizing identifier quoting [cansd]
2023-11-24 12:36:44,127 DEBUG o.h.b.m.i.AnnotatedColumn [AnnotatedColumn.java:249] Binding column: AnnotatedColumn()
2023-11-24 12:36:44,127 DEBUG o.h.b.m.i.PropertyBinder [PropertyBinder.java:251] MetadataSourceProcessor property cansd with lazy=false
2023-11-24 12:36:44,127 DEBUG o.h.b.m.i.AbstractPropertyHolder [AbstractPropertyHolder.java:107] Attempting to locate auto-apply AttributeConverter for property [franco.maurizio.hr.desk.com.persistence.entity.Question:cansd]
2023-11-24 12:36:44,127 DEBUG o.h.b.m.i.BasicValueBinder [BasicValueBinder.java:1196] building BasicValue for cansd
2023-11-24 12:36:44,127 DEBUG o.h.m.BasicValue [BasicValue.java:259] Skipping column re-registration: questions.cansd
2023-11-24 12:36:44,127 TRACE o.h.e.j.e.i.NormalizingIdentifierHelperImpl [NormalizingIdentifierHelperImpl.java:62] Normalizing identifier quoting [cansd]
2023-11-24 12:36:44,127 TRACE o.h.e.j.e.i.NormalizingIdentifierHelperImpl [NormalizingIdentifierHelperImpl.java:62] Normalizing identifier quoting [cansd]
2023-11-24 12:36:44,127 TRACE o.h.e.j.e.i.NormalizingIdentifierHelperImpl [NormalizingIdentifierHelperImpl.java:62] Normalizing identifier quoting [cansd]
2023-11-24 12:36:44,128 DEBUG o.h.b.m.i.PropertyBinder [PropertyBinder.java:391] Building property cansd
2023-11-24 12:36:44,128 TRACE o.h.b.m.i.PropertyBinder [PropertyBinder.java:407] Cascading cansd with null
2023-11-24 12:36:44,128 TRACE o.h.b.m.i.PropertyBinder [PropertyBinder.java:695] Processing annotations of franco.maurizio.hr.desk.com.persistence.entity.Question.canse
2023-11-24 12:36:44,128 TRACE o.h.e.j.e.i.NormalizingIdentifierHelperImpl [NormalizingIdentifierHelperImpl.java:62] Normalizing identifier quoting [canse]
2023-11-24 12:36:44,128 TRACE o.h.e.j.e.i.NormalizingIdentifierHelperImpl [NormalizingIdentifierHelperImpl.java:62] Normalizing identifier quoting [canse]
2023-11-24 12:36:44,128 DEBUG o.h.b.m.i.AnnotatedColumn [AnnotatedColumn.java:249] Binding column: AnnotatedColumn()
2023-11-24 12:36:44,128 DEBUG o.h.b.m.i.PropertyBinder [PropertyBinder.java:251] MetadataSourceProcessor property canse with lazy=false
2023-11-24 12:36:44,128 DEBUG o.h.b.m.i.AbstractPropertyHolder [AbstractPropertyHolder.java:107] Attempting to locate auto-apply AttributeConverter for property [franco.maurizio.hr.desk.com.persistence.entity.Question:canse]
2023-11-24 12:36:44,129 DEBUG o.h.b.m.i.BasicValueBinder [BasicValueBinder.java:1196] building BasicValue for canse
2023-11-24 12:36:44,129 DEBUG o.h.m.BasicValue [BasicValue.java:259] Skipping column re-registration: questions.canse
2023-11-24 12:36:44,129 TRACE o.h.e.j.e.i.NormalizingIdentifierHelperImpl [NormalizingIdentifierHelperImpl.java:62] Normalizing identifier quoting [canse]
2023-11-24 12:36:44,129 TRACE o.h.e.j.e.i.NormalizingIdentifierHelperImpl [NormalizingIdentifierHelperImpl.java:62] Normalizing identifier quoting [canse]
2023-11-24 12:36:44,129 TRACE o.h.e.j.e.i.NormalizingIdentifierHelperImpl [NormalizingIdentifierHelperImpl.java:62] Normalizing identifier quoting [canse]
2023-11-24 12:36:44,129 DEBUG o.h.b.m.i.PropertyBinder [PropertyBinder.java:391] Building property canse
2023-11-24 12:36:44,129 TRACE o.h.b.m.i.PropertyBinder [PropertyBinder.java:407] Cascading canse with null
2023-11-24 12:36:44,129 TRACE o.h.b.m.i.PropertyBinder [PropertyBinder.java:695] Processing annotations of franco.maurizio.hr.desk.com.persistence.entity.Question.cansf
2023-11-24 12:36:44,129 TRACE o.h.e.j.e.i.NormalizingIdentifierHelperImpl [NormalizingIdentifierHelperImpl.java:62] Normalizing identifier quoting [cansf]
2023-11-24 12:36:44,130 TRACE o.h.e.j.e.i.NormalizingIdentifierHelperImpl [NormalizingIdentifierHelperImpl.java:62] Normalizing identifier quoting [cansf]
2023-11-24 12:36:44,130 DEBUG o.h.b.m.i.AnnotatedColumn [AnnotatedColumn.java:249] Binding column: AnnotatedColumn()
2023-11-24 12:36:44,130 DEBUG o.h.b.m.i.PropertyBinder [PropertyBinder.java:251] MetadataSourceProcessor property cansf with lazy=false
2023-11-24 12:36:44,130 DEBUG o.h.b.m.i.AbstractPropertyHolder [AbstractPropertyHolder.java:107] Attempting to locate auto-apply AttributeConverter for property [franco.maurizio.hr.desk.com.persistence.entity.Question:cansf]
2023-11-24 12:36:44,130 DEBUG o.h.b.m.i.BasicValueBinder [BasicValueBinder.java:1196] building BasicValue for cansf
2023-11-24 12:36:44,130 DEBUG o.h.m.BasicValue [BasicValue.java:259] Skipping column re-registration: questions.cansf
2023-11-24 12:36:44,131 TRACE o.h.e.j.e.i.NormalizingIdentifierHelperImpl [NormalizingIdentifierHelperImpl.java:62] Normalizing identifier quoting [cansf]
2023-11-24 12:36:44,131 TRACE o.h.e.j.e.i.NormalizingIdentifierHelperImpl [NormalizingIdentifierHelperImpl.java:62] Normalizing identifier quoting [cansf]
2023-11-24 12:36:44,131 TRACE o.h.e.j.e.i.NormalizingIdentifierHelperImpl [NormalizingIdentifierHelperImpl.java:62] Normalizing identifier quoting [cansf]
2023-11-24 12:36:44,131 DEBUG o.h.b.m.i.PropertyBinder [PropertyBinder.java:391] Building property cansf
2023-11-24 12:36:44,132 TRACE o.h.b.m.i.PropertyBinder [PropertyBinder.java:407] Cascading cansf with null
2023-11-24 12:36:44,132 TRACE o.h.b.m.i.PropertyBinder [PropertyBinder.java:695] Processing annotations of franco.maurizio.hr.desk.com.persistence.entity.Question.cansg
2023-11-24 12:36:44,132 TRACE o.h.e.j.e.i.NormalizingIdentifierHelperImpl [NormalizingIdentifierHelperImpl.java:62] Normalizing identifier quoting [cansg]
2023-11-24 12:36:44,132 TRACE o.h.e.j.e.i.NormalizingIdentifierHelperImpl [NormalizingIdentifierHelperImpl.java:62] Normalizing identifier quoting [cansg]
2023-11-24 12:36:44,133 DEBUG o.h.b.m.i.AnnotatedColumn [AnnotatedColumn.java:249] Binding column: AnnotatedColumn()
2023-11-24 12:36:44,133 DEBUG o.h.b.m.i.PropertyBinder [PropertyBinder.java:251] MetadataSourceProcessor property cansg with lazy=false
2023-11-24 12:36:44,133 DEBUG o.h.b.m.i.AbstractPropertyHolder [AbstractPropertyHolder.java:107] Attempting to locate auto-apply AttributeConverter for property [franco.maurizio.hr.desk.com.persistence.entity.Question:cansg]
2023-11-24 12:36:44,133 DEBUG o.h.b.m.i.BasicValueBinder [BasicValueBinder.java:1196] building BasicValue for cansg
2023-11-24 12:36:44,134 DEBUG o.h.m.BasicValue [BasicValue.java:259] Skipping column re-registration: questions.cansg
2023-11-24 12:36:44,134 TRACE o.h.e.j.e.i.NormalizingIdentifierHelperImpl [NormalizingIdentifierHelperImpl.java:62] Normalizing identifier quoting [cansg]
2023-11-24 12:36:44,134 TRACE o.h.e.j.e.i.NormalizingIdentifierHelperImpl [NormalizingIdentifierHelperImpl.java:62] Normalizing identifier quoting [cansg]
2023-11-24 12:36:44,134 TRACE o.h.e.j.e.i.NormalizingIdentifierHelperImpl [NormalizingIdentifierHelperImpl.java:62] Normalizing identifier quoting [cansg]
2023-11-24 12:36:44,134 DEBUG o.h.b.m.i.PropertyBinder [PropertyBinder.java:391] Building property cansg
2023-11-24 12:36:44,135 TRACE o.h.b.m.i.PropertyBinder [PropertyBinder.java:407] Cascading cansg with null
2023-11-24 12:36:44,135 TRACE o.h.b.m.i.PropertyBinder [PropertyBinder.java:695] Processing annotations of franco.maurizio.hr.desk.com.persistence.entity.Question.cansh
2023-11-24 12:36:44,135 TRACE o.h.e.j.e.i.NormalizingIdentifierHelperImpl [NormalizingIdentifierHelperImpl.java:62] Normalizing identifier quoting [cansh]
2023-11-24 12:36:44,135 TRACE o.h.e.j.e.i.NormalizingIdentifierHelperImpl [NormalizingIdentifierHelperImpl.java:62] Normalizing identifier quoting [cansh]
2023-11-24 12:36:44,135 DEBUG o.h.b.m.i.AnnotatedColumn [AnnotatedColumn.java:249] Binding column: AnnotatedColumn()
2023-11-24 12:36:44,135 DEBUG o.h.b.m.i.PropertyBinder [PropertyBinder.java:251] MetadataSourceProcessor property cansh with lazy=false
2023-11-24 12:36:44,135 DEBUG o.h.b.m.i.AbstractPropertyHolder [AbstractPropertyHolder.java:107] Attempting to locate auto-apply AttributeConverter for property [franco.maurizio.hr.desk.com.persistence.entity.Question:cansh]
2023-11-24 12:36:44,136 DEBUG o.h.b.m.i.BasicValueBinder [BasicValueBinder.java:1196] building BasicValue for cansh
2023-11-24 12:36:44,136 DEBUG o.h.m.BasicValue [BasicValue.java:259] Skipping column re-registration: questions.cansh
2023-11-24 12:36:44,136 TRACE o.h.e.j.e.i.NormalizingIdentifierHelperImpl [NormalizingIdentifierHelperImpl.java:62] Normalizing identifier quoting [cansh]
2023-11-24 12:36:44,136 TRACE o.h.e.j.e.i.NormalizingIdentifierHelperImpl [NormalizingIdentifierHelperImpl.java:62] Normalizing identifier quoting [cansh]
2023-11-24 12:36:44,136 TRACE o.h.e.j.e.i.NormalizingIdentifierHelperImpl [NormalizingIdentifierHelperImpl.java:62] Normalizing identifier quoting [cansh]
2023-11-24 12:36:44,136 DEBUG o.h.b.m.i.PropertyBinder [PropertyBinder.java:391] Building property cansh
2023-11-24 12:36:44,136 TRACE o.h.b.m.i.PropertyBinder [PropertyBinder.java:407] Cascading cansh with null
2023-11-24 12:36:44,137 TRACE o.h.b.m.i.PropertyBinder [PropertyBinder.java:695] Processing annotations of franco.maurizio.hr.desk.com.persistence.entity.Question.description
2023-11-24 12:36:44,137 TRACE o.h.e.j.e.i.NormalizingIdentifierHelperImpl [NormalizingIdentifierHelperImpl.java:62] Normalizing identifier quoting [description]
2023-11-24 12:36:44,137 TRACE o.h.e.j.e.i.NormalizingIdentifierHelperImpl [NormalizingIdentifierHelperImpl.java:62] Normalizing identifier quoting [description]
2023-11-24 12:36:44,137 DEBUG o.h.b.m.i.AnnotatedColumn [AnnotatedColumn.java:249] Binding column: AnnotatedColumn()
2023-11-24 12:36:44,137 DEBUG o.h.b.m.i.PropertyBinder [PropertyBinder.java:251] MetadataSourceProcessor property description with lazy=false
2023-11-24 12:36:44,138 DEBUG o.h.b.m.i.AbstractPropertyHolder [AbstractPropertyHolder.java:107] Attempting to locate auto-apply AttributeConverter for property [franco.maurizio.hr.desk.com.persistence.entity.Question:description]
2023-11-24 12:36:44,138 DEBUG o.h.b.m.i.BasicValueBinder [BasicValueBinder.java:1196] building BasicValue for description
2023-11-24 12:36:44,138 DEBUG o.h.m.BasicValue [BasicValue.java:259] Skipping column re-registration: questions.description
2023-11-24 12:36:44,138 TRACE o.h.e.j.e.i.NormalizingIdentifierHelperImpl [NormalizingIdentifierHelperImpl.java:62] Normalizing identifier quoting [description]
2023-11-24 12:36:44,138 TRACE o.h.e.j.e.i.NormalizingIdentifierHelperImpl [NormalizingIdentifierHelperImpl.java:62] Normalizing identifier quoting [description]
2023-11-24 12:36:44,138 TRACE o.h.e.j.e.i.NormalizingIdentifierHelperImpl [NormalizingIdentifierHelperImpl.java:62] Normalizing identifier quoting [description]
2023-11-24 12:36:44,138 DEBUG o.h.b.m.i.PropertyBinder [PropertyBinder.java:391] Building property description
2023-11-24 12:36:44,138 TRACE o.h.b.m.i.PropertyBinder [PropertyBinder.java:407] Cascading description with null
2023-11-24 12:36:44,139 TRACE o.h.b.m.i.PropertyBinder [PropertyBinder.java:695] Processing annotations of franco.maurizio.hr.desk.com.persistence.entity.Question.fullAnswer
2023-11-24 12:36:44,139 TRACE o.h.e.j.e.i.NormalizingIdentifierHelperImpl [NormalizingIdentifierHelperImpl.java:62] Normalizing identifier quoting [fullAnswer]
2023-11-24 12:36:44,139 TRACE o.h.e.j.e.i.NormalizingIdentifierHelperImpl [NormalizingIdentifierHelperImpl.java:62] Normalizing identifier quoting [fullAnswer]
2023-11-24 12:36:44,139 DEBUG o.h.b.m.i.AnnotatedColumn [AnnotatedColumn.java:249] Binding column: AnnotatedColumn()
2023-11-24 12:36:44,139 DEBUG o.h.b.m.i.PropertyBinder [PropertyBinder.java:251] MetadataSourceProcessor property fullAnswer with lazy=false
2023-11-24 12:36:44,140 DEBUG o.h.b.m.i.AbstractPropertyHolder [AbstractPropertyHolder.java:107] Attempting to locate auto-apply AttributeConverter for property [franco.maurizio.hr.desk.com.persistence.entity.Question:fullAnswer]
2023-11-24 12:36:44,140 DEBUG o.h.b.m.i.BasicValueBinder [BasicValueBinder.java:1196] building BasicValue for fullAnswer
2023-11-24 12:36:44,140 DEBUG o.h.m.BasicValue [BasicValue.java:259] Skipping column re-registration: questions.full_answer
2023-11-24 12:36:44,140 TRACE o.h.e.j.e.i.NormalizingIdentifierHelperImpl [NormalizingIdentifierHelperImpl.java:62] Normalizing identifier quoting [fullAnswer]
2023-11-24 12:36:44,140 TRACE o.h.e.j.e.i.NormalizingIdentifierHelperImpl [NormalizingIdentifierHelperImpl.java:62] Normalizing identifier quoting [fullAnswer]
2023-11-24 12:36:44,140 TRACE o.h.e.j.e.i.NormalizingIdentifierHelperImpl [NormalizingIdentifierHelperImpl.java:62] Normalizing identifier quoting [fullAnswer]
2023-11-24 12:36:44,141 DEBUG o.h.b.m.i.PropertyBinder [PropertyBinder.java:391] Building property fullAnswer
2023-11-24 12:36:44,141 TRACE o.h.b.m.i.PropertyBinder [PropertyBinder.java:407] Cascading fullAnswer with null
2023-11-24 12:36:44,141 TRACE o.h.b.m.i.PropertyBinder [PropertyBinder.java:695] Processing annotations of franco.maurizio.hr.desk.com.persistence.entity.Question.label
2023-11-24 12:36:44,141 TRACE o.h.e.j.e.i.NormalizingIdentifierHelperImpl [NormalizingIdentifierHelperImpl.java:62] Normalizing identifier quoting [label]
2023-11-24 12:36:44,141 TRACE o.h.e.j.e.i.NormalizingIdentifierHelperImpl [NormalizingIdentifierHelperImpl.java:62] Normalizing identifier quoting [label]
2023-11-24 12:36:44,141 DEBUG o.h.b.m.i.AnnotatedColumn [AnnotatedColumn.java:249] Binding column: AnnotatedColumn()
2023-11-24 12:36:44,141 DEBUG o.h.b.m.i.PropertyBinder [PropertyBinder.java:251] MetadataSourceProcessor property label with lazy=false
2023-11-24 12:36:44,142 DEBUG o.h.b.m.i.AbstractPropertyHolder [AbstractPropertyHolder.java:107] Attempting to locate auto-apply AttributeConverter for property [franco.maurizio.hr.desk.com.persistence.entity.Question:label]
2023-11-24 12:36:44,142 DEBUG o.h.b.m.i.BasicValueBinder [BasicValueBinder.java:1196] building BasicValue for label
2023-11-24 12:36:44,142 DEBUG o.h.m.BasicValue [BasicValue.java:259] Skipping column re-registration: questions.label
2023-11-24 12:36:44,142 TRACE o.h.e.j.e.i.NormalizingIdentifierHelperImpl [NormalizingIdentifierHelperImpl.java:62] Normalizing identifier quoting [label]
2023-11-24 12:36:44,142 TRACE o.h.e.j.e.i.NormalizingIdentifierHelperImpl [NormalizingIdentifierHelperImpl.java:62] Normalizing identifier quoting [label]
2023-11-24 12:36:44,142 TRACE o.h.e.j.e.i.NormalizingIdentifierHelperImpl [NormalizingIdentifierHelperImpl.java:62] Normalizing identifier quoting [label]
2023-11-24 12:36:44,142 DEBUG o.h.b.m.i.PropertyBinder [PropertyBinder.java:391] Building property label
2023-11-24 12:36:44,142 TRACE o.h.b.m.i.PropertyBinder [PropertyBinder.java:407] Cascading label with null
2023-11-24 12:36:44,143 DEBUG o.h.b.m.i.BasicValueBinder [BasicValueBinder.java:1270] Starting `BasicValueBinder#fillSimpleValue` for id
2023-11-24 12:36:44,143 DEBUG o.h.b.m.i.BasicValueBinder [BasicValueBinder.java:1270] Starting `BasicValueBinder#fillSimpleValue` for description
2023-11-24 12:36:44,144 DEBUG o.h.b.m.i.BasicValueBinder [BasicValueBinder.java:1270] Starting `BasicValueBinder#fillSimpleValue` for label
2023-11-24 12:36:44,144 DEBUG o.h.b.m.i.BasicValueBinder [BasicValueBinder.java:1270] Starting `BasicValueBinder#fillSimpleValue` for time
2023-11-24 12:36:44,144 DEBUG o.h.b.m.i.BasicValueBinder [BasicValueBinder.java:1270] Starting `BasicValueBinder#fillSimpleValue` for id
2023-11-24 12:36:44,144 DEBUG o.h.b.m.i.BasicValueBinder [BasicValueBinder.java:1270] Starting `BasicValueBinder#fillSimpleValue` for candidateId
2023-11-24 12:36:44,144 DEBUG o.h.b.m.i.BasicValueBinder [BasicValueBinder.java:1270] Starting `BasicValueBinder#fillSimpleValue` for expirationDateTime
2023-11-24 12:36:44,144 DEBUG o.h.b.m.i.BasicValueBinder [BasicValueBinder.java:1270] Starting `BasicValueBinder#fillSimpleValue` for expired
2023-11-24 12:36:44,144 DEBUG o.h.b.m.i.BasicValueBinder [BasicValueBinder.java:1270] Starting `BasicValueBinder#fillSimpleValue` for generatedToken
2023-11-24 12:36:44,144 DEBUG o.h.b.m.i.BasicValueBinder [BasicValueBinder.java:1270] Starting `BasicValueBinder#fillSimpleValue` for surveyId
2023-11-24 12:36:44,145 DEBUG o.h.b.m.i.BasicValueBinder [BasicValueBinder.java:1270] Starting `BasicValueBinder#fillSimpleValue` for id
2023-11-24 12:36:44,145 DEBUG o.h.b.m.i.BasicValueBinder [BasicValueBinder.java:1270] Starting `BasicValueBinder#fillSimpleValue` for roleId
2023-11-24 12:36:44,145 DEBUG o.h.b.m.i.BasicValueBinder [BasicValueBinder.java:1270] Starting `BasicValueBinder#fillSimpleValue` for statusCode
2023-11-24 12:36:44,145 DEBUG o.h.b.m.i.BasicValueBinder [BasicValueBinder.java:1270] Starting `BasicValueBinder#fillSimpleValue` for statusColor
2023-11-24 12:36:44,145 DEBUG o.h.b.m.i.BasicValueBinder [BasicValueBinder.java:1270] Starting `BasicValueBinder#fillSimpleValue` for statusDescription
2023-11-24 12:36:44,145 DEBUG o.h.b.m.i.BasicValueBinder [BasicValueBinder.java:1270] Starting `BasicValueBinder#fillSimpleValue` for statusLabel
2023-11-24 12:36:44,145 DEBUG o.h.b.m.i.BasicValueBinder [BasicValueBinder.java:1270] Starting `BasicValueBinder#fillSimpleValue` for id
2023-11-24 12:36:44,145 DEBUG o.h.b.m.i.BasicValueBinder [BasicValueBinder.java:1270] Starting `BasicValueBinder#fillSimpleValue` for description
2023-11-24 12:36:44,145 DEBUG o.h.b.m.i.BasicValueBinder [BasicValueBinder.java:1270] Starting `BasicValueBinder#fillSimpleValue` for label
2023-11-24 12:36:44,146 DEBUG o.h.b.m.i.BasicValueBinder [BasicValueBinder.java:1270] Starting `BasicValueBinder#fillSimpleValue` for level
2023-11-24 12:36:44,146 DEBUG o.h.b.m.i.BasicValueBinder [BasicValueBinder.java:1270] Starting `BasicValueBinder#fillSimpleValue` for id
2023-11-24 12:36:44,146 DEBUG o.h.b.m.i.BasicValueBinder [BasicValueBinder.java:1270] Starting `BasicValueBinder#fillSimpleValue` for email
2023-11-24 12:36:44,146 DEBUG o.h.b.m.i.BasicValueBinder [BasicValueBinder.java:1270] Starting `BasicValueBinder#fillSimpleValue` for enabled
2023-11-24 12:36:44,146 DEBUG o.h.b.m.i.BasicValueBinder [BasicValueBinder.java:1270] Starting `BasicValueBinder#fillSimpleValue` for firstname
2023-11-24 12:36:44,146 DEBUG o.h.b.m.i.BasicValueBinder [BasicValueBinder.java:1270] Starting `BasicValueBinder#fillSimpleValue` for lastname
2023-11-24 12:36:44,146 DEBUG o.h.b.m.i.BasicValueBinder [BasicValueBinder.java:1270] Starting `BasicValueBinder#fillSimpleValue` for password
2023-11-24 12:36:44,146 DEBUG o.h.b.m.i.BasicValueBinder [BasicValueBinder.java:1270] Starting `BasicValueBinder#fillSimpleValue` for regdate
2023-11-24 12:36:44,146 DEBUG o.h.b.m.i.BasicValueBinder [BasicValueBinder.java:1270] Starting `BasicValueBinder#fillSimpleValue` for role
2023-11-24 12:36:44,147 DEBUG o.h.b.m.i.BasicValueBinder [BasicValueBinder.java:1270] Starting `BasicValueBinder#fillSimpleValue` for id
2023-11-24 12:36:44,147 DEBUG o.h.b.m.i.BasicValueBinder [BasicValueBinder.java:1270] Starting `BasicValueBinder#fillSimpleValue` for answers
2023-11-24 12:36:44,147 DEBUG o.h.b.m.i.BasicValueBinder [BasicValueBinder.java:1270] Starting `BasicValueBinder#fillSimpleValue` for candidateId
2023-11-24 12:36:44,147 DEBUG o.h.b.m.i.BasicValueBinder [BasicValueBinder.java:1270] Starting `BasicValueBinder#fillSimpleValue` for endtime
2023-11-24 12:36:44,147 DEBUG o.h.b.m.i.BasicValueBinder [BasicValueBinder.java:1270] Starting `BasicValueBinder#fillSimpleValue` for generated_token
2023-11-24 12:36:44,147 DEBUG o.h.b.m.i.BasicValueBinder [BasicValueBinder.java:1270] Starting `BasicValueBinder#fillSimpleValue` for pdffilename
2023-11-24 12:36:44,147 DEBUG o.h.b.m.i.BasicValueBinder [BasicValueBinder.java:1270] Starting `BasicValueBinder#fillSimpleValue` for points
2023-11-24 12:36:44,148 DEBUG o.h.b.m.i.BasicValueBinder [BasicValueBinder.java:1270] Starting `BasicValueBinder#fillSimpleValue` for starttime
2023-11-24 12:36:44,148 DEBUG o.h.b.m.i.BasicValueBinder [BasicValueBinder.java:1270] Starting `BasicValueBinder#fillSimpleValue` for surveyId
2023-11-24 12:36:44,148 DEBUG o.h.b.m.i.BasicValueBinder [BasicValueBinder.java:1270] Starting `BasicValueBinder#fillSimpleValue` for id
2023-11-24 12:36:44,148 DEBUG o.h.b.m.i.BasicValueBinder [BasicValueBinder.java:1270] Starting `BasicValueBinder#fillSimpleValue` for coursePageId
2023-11-24 12:36:44,148 DEBUG o.h.b.m.i.BasicValueBinder [BasicValueBinder.java:1270] Starting `BasicValueBinder#fillSimpleValue` for userId
2023-11-24 12:36:44,148 DEBUG o.h.b.m.i.BasicValueBinder [BasicValueBinder.java:1270] Starting `BasicValueBinder#fillSimpleValue` for id
2023-11-24 12:36:44,148 DEBUG o.h.b.m.i.BasicValueBinder [BasicValueBinder.java:1270] Starting `BasicValueBinder#fillSimpleValue` for position
2023-11-24 12:36:44,148 DEBUG o.h.b.m.i.BasicValueBinder [BasicValueBinder.java:1270] Starting `BasicValueBinder#fillSimpleValue` for questionId
2023-11-24 12:36:44,148 DEBUG o.h.b.m.i.BasicValueBinder [BasicValueBinder.java:1270] Starting `BasicValueBinder#fillSimpleValue` for surveyId
2023-11-24 12:36:44,149 DEBUG o.h.b.m.i.BasicValueBinder [BasicValueBinder.java:1270] Starting `BasicValueBinder#fillSimpleValue` for id
2023-11-24 12:36:44,149 DEBUG o.h.b.m.i.BasicValueBinder [BasicValueBinder.java:1270] Starting `BasicValueBinder#fillSimpleValue` for bodyText
2023-11-24 12:36:44,149 DEBUG o.h.b.m.i.BasicValueBinder [BasicValueBinder.java:1270] Starting `BasicValueBinder#fillSimpleValue` for code
2023-11-24 12:36:44,149 DEBUG o.h.b.m.i.BasicValueBinder [BasicValueBinder.java:1270] Starting `BasicValueBinder#fillSimpleValue` for created_datetime
2023-11-24 12:36:44,149 DEBUG o.h.b.m.i.BasicValueBinder [BasicValueBinder.java:1270] Starting `BasicValueBinder#fillSimpleValue` for fileName
2023-11-24 12:36:44,149 DEBUG o.h.b.m.i.BasicValueBinder [BasicValueBinder.java:1270] Starting `BasicValueBinder#fillSimpleValue` for opened_by
2023-11-24 12:36:44,149 DEBUG o.h.b.m.i.BasicValueBinder [BasicValueBinder.java:1270] Starting `BasicValueBinder#fillSimpleValue` for statusOpen
2023-11-24 12:36:44,149 DEBUG o.h.b.m.i.BasicValueBinder [BasicValueBinder.java:1270] Starting `BasicValueBinder#fillSimpleValue` for title
2023-11-24 12:36:44,149 DEBUG o.h.b.m.i.BasicValueBinder [BasicValueBinder.java:1270] Starting `BasicValueBinder#fillSimpleValue` for id
2023-11-24 12:36:44,150 DEBUG o.h.b.m.i.BasicValueBinder [BasicValueBinder.java:1270] Starting `BasicValueBinder#fillSimpleValue` for candidacyDateTime
2023-11-24 12:36:44,150 DEBUG o.h.b.m.i.BasicValueBinder [BasicValueBinder.java:1270] Starting `BasicValueBinder#fillSimpleValue` for candidateStateCode
2023-11-24 12:36:44,150 DEBUG o.h.b.m.i.BasicValueBinder [BasicValueBinder.java:1270] Starting `BasicValueBinder#fillSimpleValue` for courseCode
2023-11-24 12:36:44,150 DEBUG o.h.b.m.i.BasicValueBinder [BasicValueBinder.java:1270] Starting `BasicValueBinder#fillSimpleValue` for cvExternalPath
2023-11-24 12:36:44,150 DEBUG o.h.b.m.i.BasicValueBinder [BasicValueBinder.java:1270] Starting `BasicValueBinder#fillSimpleValue` for dateOfBirth
2023-11-24 12:36:44,150 DEBUG o.h.b.m.i.BasicValueBinder [BasicValueBinder.java:1270] Starting `BasicValueBinder#fillSimpleValue` for domicileCity
2023-11-24 12:36:44,150 DEBUG o.h.b.m.i.BasicValueBinder [BasicValueBinder.java:1270] Starting `BasicValueBinder#fillSimpleValue` for email
2023-11-24 12:36:44,150 DEBUG o.h.b.m.i.BasicValueBinder [BasicValueBinder.java:1270] Starting `BasicValueBinder#fillSimpleValue` for firstname
2023-11-24 12:36:44,150 DEBUG o.h.b.m.i.BasicValueBinder [BasicValueBinder.java:1270] Starting `BasicValueBinder#fillSimpleValue` for graduate
2023-11-24 12:36:44,151 DEBUG o.h.b.m.i.BasicValueBinder [BasicValueBinder.java:1270] Starting `BasicValueBinder#fillSimpleValue` for highGraduate
2023-11-24 12:36:44,151 DEBUG o.h.b.m.i.BasicValueBinder [BasicValueBinder.java:1270] Starting `BasicValueBinder#fillSimpleValue` for hrNote
2023-11-24 12:36:44,151 DEBUG o.h.b.m.i.BasicValueBinder [BasicValueBinder.java:1270] Starting `BasicValueBinder#fillSimpleValue` for imgpath
2023-11-24 12:36:44,151 DEBUG o.h.b.m.i.BasicValueBinder [BasicValueBinder.java:1270] Starting `BasicValueBinder#fillSimpleValue` for insertedBy
2023-11-24 12:36:44,151 DEBUG o.h.b.m.i.BasicValueBinder [BasicValueBinder.java:1270] Starting `BasicValueBinder#fillSimpleValue` for label
2023-11-24 12:36:44,151 DEBUG o.h.b.m.i.BasicValueBinder [BasicValueBinder.java:1270] Starting `BasicValueBinder#fillSimpleValue` for lastname
2023-11-24 12:36:44,151 DEBUG o.h.b.m.i.BasicValueBinder [BasicValueBinder.java:1270] Starting `BasicValueBinder#fillSimpleValue` for mobile
2023-11-24 12:36:44,151 DEBUG o.h.b.m.i.BasicValueBinder [BasicValueBinder.java:1270] Starting `BasicValueBinder#fillSimpleValue` for regdate
2023-11-24 12:36:44,152 DEBUG o.h.b.m.i.BasicValueBinder [BasicValueBinder.java:1270] Starting `BasicValueBinder#fillSimpleValue` for stillHighStudy
2023-11-24 12:36:44,152 DEBUG o.h.b.m.i.BasicValueBinder [BasicValueBinder.java:1270] Starting `BasicValueBinder#fillSimpleValue` for studyQualification
2023-11-24 12:36:44,152 DEBUG o.h.b.m.i.BasicValueBinder [BasicValueBinder.java:1270] Starting `BasicValueBinder#fillSimpleValue` for technicalNote
2023-11-24 12:36:44,152 DEBUG o.h.b.m.i.BasicValueBinder [BasicValueBinder.java:1270] Starting `BasicValueBinder#fillSimpleValue` for id
2023-11-24 12:36:44,152 DEBUG o.h.b.m.i.BasicValueBinder [BasicValueBinder.java:1270] Starting `BasicValueBinder#fillSimpleValue` for ansa
2023-11-24 12:36:44,152 DEBUG o.h.b.m.i.BasicValueBinder [BasicValueBinder.java:1270] Starting `BasicValueBinder#fillSimpleValue` for ansb
2023-11-24 12:36:44,152 DEBUG o.h.b.m.i.BasicValueBinder [BasicValueBinder.java:1270] Starting `BasicValueBinder#fillSimpleValue` for ansc
2023-11-24 12:36:44,153 DEBUG o.h.b.m.i.BasicValueBinder [BasicValueBinder.java:1270] Starting `BasicValueBinder#fillSimpleValue` for ansd
2023-11-24 12:36:44,153 DEBUG o.h.b.m.i.BasicValueBinder [BasicValueBinder.java:1270] Starting `BasicValueBinder#fillSimpleValue` for anse
2023-11-24 12:36:44,153 DEBUG o.h.b.m.i.BasicValueBinder [BasicValueBinder.java:1270] Starting `BasicValueBinder#fillSimpleValue` for ansf
2023-11-24 12:36:44,153 DEBUG o.h.b.m.i.BasicValueBinder [BasicValueBinder.java:1270] Starting `BasicValueBinder#fillSimpleValue` for ansg
2023-11-24 12:36:44,153 DEBUG o.h.b.m.i.BasicValueBinder [BasicValueBinder.java:1270] Starting `BasicValueBinder#fillSimpleValue` for ansh
2023-11-24 12:36:44,153 DEBUG o.h.b.m.i.BasicValueBinder [BasicValueBinder.java:1270] Starting `BasicValueBinder#fillSimpleValue` for cansa
2023-11-24 12:36:44,153 DEBUG o.h.b.m.i.BasicValueBinder [BasicValueBinder.java:1270] Starting `BasicValueBinder#fillSimpleValue` for cansb
2023-11-24 12:36:44,154 DEBUG o.h.b.m.i.BasicValueBinder [BasicValueBinder.java:1270] Starting `BasicValueBinder#fillSimpleValue` for cansc
2023-11-24 12:36:44,154 DEBUG o.h.b.m.i.BasicValueBinder [BasicValueBinder.java:1270] Starting `BasicValueBinder#fillSimpleValue` for cansd
2023-11-24 12:36:44,154 DEBUG o.h.b.m.i.BasicValueBinder [BasicValueBinder.java:1270] Starting `BasicValueBinder#fillSimpleValue` for canse
2023-11-24 12:36:44,154 DEBUG o.h.b.m.i.BasicValueBinder [BasicValueBinder.java:1270] Starting `BasicValueBinder#fillSimpleValue` for cansf
2023-11-24 12:36:44,155 DEBUG o.h.b.m.i.BasicValueBinder [BasicValueBinder.java:1270] Starting `BasicValueBinder#fillSimpleValue` for cansg
2023-11-24 12:36:44,155 DEBUG o.h.b.m.i.BasicValueBinder [BasicValueBinder.java:1270] Starting `BasicValueBinder#fillSimpleValue` for cansh
2023-11-24 12:36:44,155 DEBUG o.h.b.m.i.BasicValueBinder [BasicValueBinder.java:1270] Starting `BasicValueBinder#fillSimpleValue` for description
2023-11-24 12:36:44,155 DEBUG o.h.b.m.i.BasicValueBinder [BasicValueBinder.java:1270] Starting `BasicValueBinder#fillSimpleValue` for fullAnswer
2023-11-24 12:36:44,156 DEBUG o.h.b.m.i.BasicValueBinder [BasicValueBinder.java:1270] Starting `BasicValueBinder#fillSimpleValue` for label
2023-11-24 12:36:44,156 DEBUG o.h.m.PrimaryKey [PrimaryKey.java:40] Forcing column [id] to be non-null as it is part of the primary key for table [surveys]
2023-11-24 12:36:44,156 DEBUG o.h.m.PrimaryKey [PrimaryKey.java:40] Forcing column [id] to be non-null as it is part of the primary key for table [candidatesurveytokens]
2023-11-24 12:36:44,156 DEBUG o.h.m.PrimaryKey [PrimaryKey.java:40] Forcing column [id] to be non-null as it is part of the primary key for table [candidate_states]
2023-11-24 12:36:44,156 DEBUG o.h.m.PrimaryKey [PrimaryKey.java:40] Forcing column [id] to be non-null as it is part of the primary key for table [roles]
2023-11-24 12:36:44,156 DEBUG o.h.m.PrimaryKey [PrimaryKey.java:40] Forcing column [id] to be non-null as it is part of the primary key for table [users]
2023-11-24 12:36:44,156 DEBUG o.h.m.PrimaryKey [PrimaryKey.java:40] Forcing column [id] to be non-null as it is part of the primary key for table [surveyreplies]
2023-11-24 12:36:44,157 DEBUG o.h.m.PrimaryKey [PrimaryKey.java:40] Forcing column [id] to be non-null as it is part of the primary key for table [positionuserowner]
2023-11-24 12:36:44,157 DEBUG o.h.m.PrimaryKey [PrimaryKey.java:40] Forcing column [id] to be non-null as it is part of the primary key for table [surveyquestions]
2023-11-24 12:36:44,157 DEBUG o.h.m.PrimaryKey [PrimaryKey.java:40] Forcing column [id] to be non-null as it is part of the primary key for table [coursepage]
2023-11-24 12:36:44,157 DEBUG o.h.m.PrimaryKey [PrimaryKey.java:40] Forcing column [id] to be non-null as it is part of the primary key for table [candidates]
2023-11-24 12:36:44,157 DEBUG o.h.m.PrimaryKey [PrimaryKey.java:40] Forcing column [id] to be non-null as it is part of the primary key for table [questions]
2023-11-24 12:36:44,164 TRACE o.h.s.i.AbstractServiceRegistryImpl [AbstractServiceRegistryImpl.java:235] Initializing service [role=org.hibernate.boot.spi.SessionFactoryBuilderService]
2023-11-24 12:36:44,165 TRACE o.h.s.i.AbstractServiceRegistryImpl [AbstractServiceRegistryImpl.java:235] Initializing service [role=org.hibernate.engine.jdbc.connections.spi.MultiTenantConnectionProvider]
2023-11-24 12:36:44,165 TRACE o.h.l.BatchFetchStyle [BatchFetchStyle.java:57] Interpreting BatchFetchStyle from setting : null
2023-11-24 12:36:44,165 TRACE o.h.s.i.AbstractServiceRegistryImpl [AbstractServiceRegistryImpl.java:235] Initializing service [role=org.hibernate.bytecode.spi.BytecodeProvider]
2023-11-24 12:36:44,166 DEBUG o.h.b.i.BytecodeProviderInitiator [BytecodeProviderInitiator.java:53] HHH000021: Bytecode provider name : bytebuddy
2023-11-24 12:36:44,167 DEBUG o.h.i.SessionFactoryImpl [SessionFactoryImpl.java:208] Building session factory
2023-11-24 12:36:44,167 TRACE o.h.s.i.AbstractServiceRegistryImpl [AbstractServiceRegistryImpl.java:235] Initializing service [role=org.hibernate.service.spi.SessionFactoryServiceRegistryFactory]
2023-11-24 12:36:44,169 DEBUG o.h.s.i.SessionFactoryServiceRegistryImpl [SessionFactoryServiceRegistryImpl.java:91] EventListenerRegistry access via ServiceRegistry is deprecated.  Use `sessionFactory.getEventEngine().getListenerRegistry()` instead
2023-11-24 12:36:44,170 DEBUG o.h.i.SessionFactoryImpl [SessionFactoryImpl.java:225] Instantiating SessionFactory with settings: {java.specification.version=17, hibernate.resource.beans.container=org.springframework.orm.hibernate5.SpringBeanContainer@6ca3ebbb, hibernate.connection.handling_mode=DELAYED_ACQUISITION_AND_HOLD, sun.jnu.encoding=UTF-8, hibernate.implicit_naming_strategy=org.springframework.boot.orm.jpa.hibernate.SpringImplicitNamingStrategy, java.class.path=/home/maurizio/git/hr-desk/hr-desk/backend17/target/test-classes:/home/maurizio/git/hr-desk/hr-desk/backend17/target/classes:/home/maurizio/.m2/repository/org/springframework/security/spring-security-test/6.1.5/spring-security-test-6.1.5.jar:/home/maurizio/.m2/repository/org/springframework/security/spring-security-core/6.1.5/spring-security-core-6.1.5.jar:/home/maurizio/.m2/repository/org/springframework/security/spring-security-crypto/6.1.5/spring-security-crypto-6.1.5.jar:/home/maurizio/.m2/repository/org/springframework/spring-beans/6.0.13/spring-beans-6.0.13.jar:/home/maurizio/.m2/repository/org/springframework/spring-context/6.0.13/spring-context-6.0.13.jar:/home/maurizio/.m2/repository/org/springframework/spring-expression/6.0.13/spring-expression-6.0.13.jar:/home/maurizio/.m2/repository/org/springframework/security/spring-security-web/6.1.5/spring-security-web-6.1.5.jar:/home/maurizio/.m2/repository/org/springframework/spring-core/6.0.13/spring-core-6.0.13.jar:/home/maurizio/.m2/repository/org/springframework/spring-jcl/6.0.13/spring-jcl-6.0.13.jar:/home/maurizio/.m2/repository/org/springframework/spring-test/6.0.13/spring-test-6.0.13.jar:/home/maurizio/.m2/repository/org/springframework/boot/spring-boot-starter-tomcat/3.1.5/spring-boot-starter-tomcat-3.1.5.jar:/home/maurizio/.m2/repository/jakarta/annotation/jakarta.annotation-api/2.1.1/jakarta.annotation-api-2.1.1.jar:/home/maurizio/.m2/repository/org/apache/tomcat/embed/tomcat-embed-core/10.1.15/tomcat-embed-core-10.1.15.jar:/home/maurizio/.m2/repository/org/apache/tomcat/embed/tomcat-embed-el/10.1.15/tomcat-embed-el-10.1.15.jar:/home/maurizio/.m2/repository/org/apache/tomcat/embed/tomcat-embed-websocket/10.1.15/tomcat-embed-websocket-10.1.15.jar:/home/maurizio/.m2/repository/org/springframework/boot/spring-boot-starter-web/3.1.5/spring-boot-starter-web-3.1.5.jar:/home/maurizio/.m2/repository/org/springframework/boot/spring-boot-starter-json/3.1.5/spring-boot-starter-json-3.1.5.jar:/home/maurizio/.m2/repository/com/fasterxml/jackson/core/jackson-databind/2.15.3/jackson-databind-2.15.3.jar:/home/maurizio/.m2/repository/com/fasterxml/jackson/core/jackson-annotations/2.15.3/jackson-annotations-2.15.3.jar:/home/maurizio/.m2/repository/com/fasterxml/jackson/core/jackson-core/2.15.3/jackson-core-2.15.3.jar:/home/maurizio/.m2/repository/com/fasterxml/jackson/datatype/jackson-datatype-jdk8/2.15.3/jackson-datatype-jdk8-2.15.3.jar:/home/maurizio/.m2/repository/com/fasterxml/jackson/datatype/jackson-datatype-jsr310/2.15.3/jackson-datatype-jsr310-2.15.3.jar:/home/maurizio/.m2/repository/com/fasterxml/jackson/module/jackson-module-parameter-names/2.15.3/jackson-module-parameter-names-2.15.3.jar:/home/maurizio/.m2/repository/org/springframework/spring-web/6.0.13/spring-web-6.0.13.jar:/home/maurizio/.m2/repository/org/springframework/spring-webmvc/6.0.13/spring-webmvc-6.0.13.jar:/home/maurizio/.m2/repository/org/springframework/boot/spring-boot-starter-test/3.1.5/spring-boot-starter-test-3.1.5.jar:/home/maurizio/.m2/repository/org/springframework/boot/spring-boot-test/3.1.5/spring-boot-test-3.1.5.jar:/home/maurizio/.m2/repository/org/springframework/boot/spring-boot-test-autoconfigure/3.1.5/spring-boot-test-autoconfigure-3.1.5.jar:/home/maurizio/.m2/repository/com/jayway/jsonpath/json-path/2.8.0/json-path-2.8.0.jar:/home/maurizio/.m2/repository/jakarta/xml/bind/jakarta.xml.bind-api/4.0.1/jakarta.xml.bind-api-4.0.1.jar:/home/maurizio/.m2/repository/jakarta/activation/jakarta.activation-api/2.1.2/jakarta.activation-api-2.1.2.jar:/home/maurizio/.m2/repository/net/minidev/json-smart/2.4.11/json-smart-2.4.11.jar:/home/maurizio/.m2/repository/net/minidev/accessors-smart/2.4.11/accessors-smart-2.4.11.jar:/home/maurizio/.m2/repository/org/ow2/asm/asm/9.3/asm-9.3.jar:/home/maurizio/.m2/repository/org/assertj/assertj-core/3.24.2/assertj-core-3.24.2.jar:/home/maurizio/.m2/repository/net/bytebuddy/byte-buddy/1.14.9/byte-buddy-1.14.9.jar:/home/maurizio/.m2/repository/org/hamcrest/hamcrest/2.2/hamcrest-2.2.jar:/home/maurizio/.m2/repository/org/junit/jupiter/junit-jupiter/5.9.3/junit-jupiter-5.9.3.jar:/home/maurizio/.m2/repository/org/junit/jupiter/junit-jupiter-api/5.9.3/junit-jupiter-api-5.9.3.jar:/home/maurizio/.m2/repository/org/opentest4j/opentest4j/1.2.0/opentest4j-1.2.0.jar:/home/maurizio/.m2/repository/org/junit/platform/junit-platform-commons/1.9.3/junit-platform-commons-1.9.3.jar:/home/maurizio/.m2/repository/org/apiguardian/apiguardian-api/1.1.2/apiguardian-api-1.1.2.jar:/home/maurizio/.m2/repository/org/junit/jupiter/junit-jupiter-params/5.9.3/junit-jupiter-params-5.9.3.jar:/home/maurizio/.m2/repository/org/junit/jupiter/junit-jupiter-engine/5.9.3/junit-jupiter-engine-5.9.3.jar:/home/maurizio/.m2/repository/org/junit/platform/junit-platform-engine/1.9.3/junit-platform-engine-1.9.3.jar:/home/maurizio/.m2/repository/org/mockito/mockito-core/5.3.1/mockito-core-5.3.1.jar:/home/maurizio/.m2/repository/net/bytebuddy/byte-buddy-agent/1.14.9/byte-buddy-agent-1.14.9.jar:/home/maurizio/.m2/repository/org/objenesis/objenesis/3.3/objenesis-3.3.jar:/home/maurizio/.m2/repository/org/mockito/mockito-junit-jupiter/5.3.1/mockito-junit-jupiter-5.3.1.jar:/home/maurizio/.m2/repository/org/skyscreamer/jsonassert/1.5.1/jsonassert-1.5.1.jar:/home/maurizio/.m2/repository/com/vaadin/external/google/android-json/0.0.20131108.vaadin1/android-json-0.0.20131108.vaadin1.jar:/home/maurizio/.m2/repository/org/xmlunit/xmlunit-core/2.9.1/xmlunit-core-2.9.1.jar:/home/maurizio/.m2/repository/franco/maurizio/hr-desk-persistence/0.3.5_j17/hr-desk-persistence-0.3.5_j17.jar:/home/maurizio/.m2/repository/org/springframework/boot/spring-boot-starter-data-jpa/3.1.5/spring-boot-starter-data-jpa-3.1.5.jar:/home/maurizio/.m2/repository/org/springframework/boot/spring-boot-starter-aop/3.1.5/spring-boot-starter-aop-3.1.5.jar:/home/maurizio/.m2/repository/org/aspectj/aspectjweaver/1.9.20/aspectjweaver-1.9.20.jar:/home/maurizio/.m2/repository/org/springframework/boot/spring-boot-starter-jdbc/3.1.5/spring-boot-starter-jdbc-3.1.5.jar:/home/maurizio/.m2/repository/com/zaxxer/HikariCP/5.0.1/HikariCP-5.0.1.jar:/home/maurizio/.m2/repository/org/springframework/spring-jdbc/6.0.13/spring-jdbc-6.0.13.jar:/home/maurizio/.m2/repository/org/hibernate/orm/hibernate-core/6.2.13.Final/hibernate-core-6.2.13.Final.jar:/home/maurizio/.m2/repository/jakarta/persistence/jakarta.persistence-api/3.1.0/jakarta.persistence-api-3.1.0.jar:/home/maurizio/.m2/repository/jakarta/transaction/jakarta.transaction-api/2.0.1/jakarta.transaction-api-2.0.1.jar:/home/maurizio/.m2/repository/org/hibernate/common/hibernate-commons-annotations/6.0.6.Final/hibernate-commons-annotations-6.0.6.Final.jar:/home/maurizio/.m2/repository/io/smallrye/jandex/3.0.5/jandex-3.0.5.jar:/home/maurizio/.m2/repository/jakarta/inject/jakarta.inject-api/2.0.1/jakarta.inject-api-2.0.1.jar:/home/maurizio/.m2/repository/org/antlr/antlr4-runtime/4.10.1/antlr4-runtime-4.10.1.jar:/home/maurizio/.m2/repository/org/springframework/data/spring-data-jpa/3.1.5/spring-data-jpa-3.1.5.jar:/home/maurizio/.m2/repository/org/springframework/data/spring-data-commons/3.1.5/spring-data-commons-3.1.5.jar:/home/maurizio/.m2/repository/org/springframework/spring-orm/6.0.13/spring-orm-6.0.13.jar:/home/maurizio/.m2/repository/org/springframework/spring-tx/6.0.13/spring-tx-6.0.13.jar:/home/maurizio/.m2/repository/org/springframework/spring-aspects/6.0.13/spring-aspects-6.0.13.jar:/home/maurizio/.m2/repository/mysql/mysql-connector-java/8.0.19/mysql-connector-java-8.0.19.jar:/home/maurizio/.m2/repository/com/google/protobuf/protobuf-java/3.6.1/protobuf-java-3.6.1.jar:/home/maurizio/.m2/repository/org/glassfish/jaxb/jaxb-runtime/4.0.3/jaxb-runtime-4.0.3.jar:/home/maurizio/.m2/repository/org/glassfish/jaxb/jaxb-core/4.0.3/jaxb-core-4.0.3.jar:/home/maurizio/.m2/repository/org/glassfish/jaxb/txw2/4.0.3/txw2-4.0.3.jar:/home/maurizio/.m2/repository/com/sun/istack/istack-commons-runtime/4.1.2/istack-commons-runtime-4.1.2.jar:/home/maurizio/.m2/repository/org/javassist/javassist/3.23.1-GA/javassist-3.23.1-GA.jar:/home/maurizio/.m2/repository/franco/maurizio/hr-desk-mail-manager/0.3.4_j11/hr-desk-mail-manager-0.3.4_j11.jar:/home/maurizio/.m2/repository/org/apache/commons/commons-lang3/3.12.0/commons-lang3-3.12.0.jar:/home/maurizio/.m2/repository/org/apache/velocity/velocity/1.7/velocity-1.7.jar:/home/maurizio/.m2/repository/commons-collections/commons-collections/3.2.1/commons-collections-3.2.1.jar:/home/maurizio/.m2/repository/commons-lang/commons-lang/2.4/commons-lang-2.4.jar:/home/maurizio/.m2/repository/org/eclipse/angus/jakarta.mail/1.1.0/jakarta.mail-1.1.0.jar:/home/maurizio/.m2/repository/org/eclipse/angus/angus-activation/2.0.1/angus-activation-2.0.1.jar:/home/maurizio/.m2/repository/org/apache/logging/log4j/log4j-api/2.20.0/log4j-api-2.20.0.jar:/home/maurizio/.m2/repository/org/apache/logging/log4j/log4j-core/2.20.0/log4j-core-2.20.0.jar:/home/maurizio/.m2/repository/com/google/code/gson/gson/2.8.5/gson-2.8.5.jar:/home/maurizio/.m2/repository/org/springframework/boot/spring-boot-starter/3.1.5/spring-boot-starter-3.1.5.jar:/home/maurizio/.m2/repository/org/springframework/boot/spring-boot/3.1.5/spring-boot-3.1.5.jar:/home/maurizio/.m2/repository/org/springframework/boot/spring-boot-autoconfigure/3.1.5/spring-boot-autoconfigure-3.1.5.jar:/home/maurizio/.m2/repository/org/yaml/snakeyaml/1.33/snakeyaml-1.33.jar:/home/maurizio/.m2/repository/org/springframework/boot/spring-boot-starter-security/3.1.5/spring-boot-starter-security-3.1.5.jar:/home/maurizio/.m2/repository/org/springframework/spring-aop/6.0.13/spring-aop-6.0.13.jar:/home/maurizio/.m2/repository/org/springframework/security/spring-security-config/6.1.5/spring-security-config-6.1.5.jar:/home/maurizio/.m2/repository/org/springframework/boot/spring-boot-starter-validation/3.1.5/spring-boot-starter-validation-3.1.5.jar:/home/maurizio/.m2/repository/org/hibernate/validator/hibernate-validator/8.0.1.Final/hibernate-validator-8.0.1.Final.jar:/home/maurizio/.m2/repository/jakarta/validation/jakarta.validation-api/3.0.2/jakarta.validation-api-3.0.2.jar:/home/maurizio/.m2/repository/org/jboss/logging/jboss-logging/3.5.3.Final/jboss-logging-3.5.3.Final.jar:/home/maurizio/.m2/repository/com/fasterxml/classmate/1.5.1/classmate-1.5.1.jar:/home/maurizio/.m2/repository/org/springframework/boot/spring-boot-devtools/3.1.5/spring-boot-devtools-3.1.5.jar:/home/maurizio/.m2/repository/ch/qos/logback/logback-classic/1.4.11/logback-classic-1.4.11.jar:/home/maurizio/.m2/repository/ch/qos/logback/logback-core/1.4.11/logback-core-1.4.11.jar:/home/maurizio/.m2/repository/org/slf4j/slf4j-api/2.0.9/slf4j-api-2.0.9.jar:/home/maurizio/.m2/repository/org/springframework/boot/spring-boot-starter-actuator/3.1.5/spring-boot-starter-actuator-3.1.5.jar:/home/maurizio/.m2/repository/org/springframework/boot/spring-boot-actuator-autoconfigure/3.1.5/spring-boot-actuator-autoconfigure-3.1.5.jar:/home/maurizio/.m2/repository/org/springframework/boot/spring-boot-actuator/3.1.5/spring-boot-actuator-3.1.5.jar:/home/maurizio/.m2/repository/io/micrometer/micrometer-observation/1.11.5/micrometer-observation-1.11.5.jar:/home/maurizio/.m2/repository/io/micrometer/micrometer-commons/1.11.5/micrometer-commons-1.11.5.jar:/home/maurizio/.m2/repository/io/micrometer/micrometer-core/1.11.5/micrometer-core-1.11.5.jar:/home/maurizio/.m2/repository/org/hdrhistogram/HdrHistogram/2.1.12/HdrHistogram-2.1.12.jar:/home/maurizio/.m2/repository/org/latencyutils/LatencyUtils/2.0.3/LatencyUtils-2.0.3.jar:/home/maurizio/.m2/repository/com/itextpdf/itextpdf/5.5.10/itextpdf-5.5.10.jar:/home/maurizio/.m2/repository/org/apache/pdfbox/pdfbox/2.0.4/pdfbox-2.0.4.jar:/home/maurizio/.m2/repository/org/apache/pdfbox/fontbox/2.0.4/fontbox-2.0.4.jar:/home/maurizio/.m2/repository/commons-logging/commons-logging/1.2/commons-logging-1.2.jar:/home/maurizio/.m2/repository/org/projectlombok/lombok/1.18.30/lombok-1.18.30.jar:, java.vm.vendor=Debian, sun.arch.data.model=64, java.vendor.url=https://tracker.debian.org/openjdk-17, catalina.useNaming=false, user.timezone=Europe/Rome, jakarta.persistence.sharedCache.mode=UNSPECIFIED, org.jboss.logging.provider=slf4j, java.vm.specification.version=17, os.name=Linux, jakarta.persistence.nonJtaDataSource=HikariDataSource (HikariPool-3), sun.java.launcher=SUN_STANDARD, user.country=US, sun.boot.library.path=/usr/lib/jvm/java-17-openjdk-amd64/lib, sun.java.command=/home/maurizio/git/hr-desk/hr-desk/backend17/target/surefire/surefirebooter-20231124123619067_3.jar /home/maurizio/git/hr-desk/hr-desk/backend17/target/surefire 2023-11-24T12-36-18_989-jvmRun1 surefire-20231124123619067_1tmp surefire_0-20231124123619067_2tmp, javax.persistence.nonJtaDataSource=HikariDataSource (HikariPool-3), hibernate.transaction.jta.platform=org.hibernate.engine.transaction.jta.platform.internal.NoJtaPlatform@358f156c, jdk.debug=release, surefire.test.class.path=/home/maurizio/git/hr-desk/hr-desk/backend17/target/test-classes:/home/maurizio/git/hr-desk/hr-desk/backend17/target/classes:/home/maurizio/.m2/repository/org/springframework/security/spring-security-test/6.1.5/spring-security-test-6.1.5.jar:/home/maurizio/.m2/repository/org/springframework/security/spring-security-core/6.1.5/spring-security-core-6.1.5.jar:/home/maurizio/.m2/repository/org/springframework/security/spring-security-crypto/6.1.5/spring-security-crypto-6.1.5.jar:/home/maurizio/.m2/repository/org/springframework/spring-beans/6.0.13/spring-beans-6.0.13.jar:/home/maurizio/.m2/repository/org/springframework/spring-context/6.0.13/spring-context-6.0.13.jar:/home/maurizio/.m2/repository/org/springframework/spring-expression/6.0.13/spring-expression-6.0.13.jar:/home/maurizio/.m2/repository/org/springframework/security/spring-security-web/6.1.5/spring-security-web-6.1.5.jar:/home/maurizio/.m2/repository/org/springframework/spring-core/6.0.13/spring-core-6.0.13.jar:/home/maurizio/.m2/repository/org/springframework/spring-jcl/6.0.13/spring-jcl-6.0.13.jar:/home/maurizio/.m2/repository/org/springframework/spring-test/6.0.13/spring-test-6.0.13.jar:/home/maurizio/.m2/repository/org/springframework/boot/spring-boot-starter-tomcat/3.1.5/spring-boot-starter-tomcat-3.1.5.jar:/home/maurizio/.m2/repository/jakarta/annotation/jakarta.annotation-api/2.1.1/jakarta.annotation-api-2.1.1.jar:/home/maurizio/.m2/repository/org/apache/tomcat/embed/tomcat-embed-core/10.1.15/tomcat-embed-core-10.1.15.jar:/home/maurizio/.m2/repository/org/apache/tomcat/embed/tomcat-embed-el/10.1.15/tomcat-embed-el-10.1.15.jar:/home/maurizio/.m2/repository/org/apache/tomcat/embed/tomcat-embed-websocket/10.1.15/tomcat-embed-websocket-10.1.15.jar:/home/maurizio/.m2/repository/org/springframework/boot/spring-boot-starter-web/3.1.5/spring-boot-starter-web-3.1.5.jar:/home/maurizio/.m2/repository/org/springframework/boot/spring-boot-starter-json/3.1.5/spring-boot-starter-json-3.1.5.jar:/home/maurizio/.m2/repository/com/fasterxml/jackson/core/jackson-databind/2.15.3/jackson-databind-2.15.3.jar:/home/maurizio/.m2/repository/com/fasterxml/jackson/core/jackson-annotations/2.15.3/jackson-annotations-2.15.3.jar:/home/maurizio/.m2/repository/com/fasterxml/jackson/core/jackson-core/2.15.3/jackson-core-2.15.3.jar:/home/maurizio/.m2/repository/com/fasterxml/jackson/datatype/jackson-datatype-jdk8/2.15.3/jackson-datatype-jdk8-2.15.3.jar:/home/maurizio/.m2/repository/com/fasterxml/jackson/datatype/jackson-datatype-jsr310/2.15.3/jackson-datatype-jsr310-2.15.3.jar:/home/maurizio/.m2/repository/com/fasterxml/jackson/module/jackson-module-parameter-names/2.15.3/jackson-module-parameter-names-2.15.3.jar:/home/maurizio/.m2/repository/org/springframework/spring-web/6.0.13/spring-web-6.0.13.jar:/home/maurizio/.m2/repository/org/springframework/spring-webmvc/6.0.13/spring-webmvc-6.0.13.jar:/home/maurizio/.m2/repository/org/springframework/boot/spring-boot-starter-test/3.1.5/spring-boot-starter-test-3.1.5.jar:/home/maurizio/.m2/repository/org/springframework/boot/spring-boot-test/3.1.5/spring-boot-test-3.1.5.jar:/home/maurizio/.m2/repository/org/springframework/boot/spring-boot-test-autoconfigure/3.1.5/spring-boot-test-autoconfigure-3.1.5.jar:/home/maurizio/.m2/repository/com/jayway/jsonpath/json-path/2.8.0/json-path-2.8.0.jar:/home/maurizio/.m2/repository/jakarta/xml/bind/jakarta.xml.bind-api/4.0.1/jakarta.xml.bind-api-4.0.1.jar:/home/maurizio/.m2/repository/jakarta/activation/jakarta.activation-api/2.1.2/jakarta.activation-api-2.1.2.jar:/home/maurizio/.m2/repository/net/minidev/json-smart/2.4.11/json-smart-2.4.11.jar:/home/maurizio/.m2/repository/net/minidev/accessors-smart/2.4.11/accessors-smart-2.4.11.jar:/home/maurizio/.m2/repository/org/ow2/asm/asm/9.3/asm-9.3.jar:/home/maurizio/.m2/repository/org/assertj/assertj-core/3.24.2/assertj-core-3.24.2.jar:/home/maurizio/.m2/repository/net/bytebuddy/byte-buddy/1.14.9/byte-buddy-1.14.9.jar:/home/maurizio/.m2/repository/org/hamcrest/hamcrest/2.2/hamcrest-2.2.jar:/home/maurizio/.m2/repository/org/junit/jupiter/junit-jupiter/5.9.3/junit-jupiter-5.9.3.jar:/home/maurizio/.m2/repository/org/junit/jupiter/junit-jupiter-api/5.9.3/junit-jupiter-api-5.9.3.jar:/home/maurizio/.m2/repository/org/opentest4j/opentest4j/1.2.0/opentest4j-1.2.0.jar:/home/maurizio/.m2/repository/org/junit/platform/junit-platform-commons/1.9.3/junit-platform-commons-1.9.3.jar:/home/maurizio/.m2/repository/org/apiguardian/apiguardian-api/1.1.2/apiguardian-api-1.1.2.jar:/home/maurizio/.m2/repository/org/junit/jupiter/junit-jupiter-params/5.9.3/junit-jupiter-params-5.9.3.jar:/home/maurizio/.m2/repository/org/junit/jupiter/junit-jupiter-engine/5.9.3/junit-jupiter-engine-5.9.3.jar:/home/maurizio/.m2/repository/org/junit/platform/junit-platform-engine/1.9.3/junit-platform-engine-1.9.3.jar:/home/maurizio/.m2/repository/org/mockito/mockito-core/5.3.1/mockito-core-5.3.1.jar:/home/maurizio/.m2/repository/net/bytebuddy/byte-buddy-agent/1.14.9/byte-buddy-agent-1.14.9.jar:/home/maurizio/.m2/repository/org/objenesis/objenesis/3.3/objenesis-3.3.jar:/home/maurizio/.m2/repository/org/mockito/mockito-junit-jupiter/5.3.1/mockito-junit-jupiter-5.3.1.jar:/home/maurizio/.m2/repository/org/skyscreamer/jsonassert/1.5.1/jsonassert-1.5.1.jar:/home/maurizio/.m2/repository/com/vaadin/external/google/android-json/0.0.20131108.vaadin1/android-json-0.0.20131108.vaadin1.jar:/home/maurizio/.m2/repository/org/xmlunit/xmlunit-core/2.9.1/xmlunit-core-2.9.1.jar:/home/maurizio/.m2/repository/franco/maurizio/hr-desk-persistence/0.3.5_j17/hr-desk-persistence-0.3.5_j17.jar:/home/maurizio/.m2/repository/org/springframework/boot/spring-boot-starter-data-jpa/3.1.5/spring-boot-starter-data-jpa-3.1.5.jar:/home/maurizio/.m2/repository/org/springframework/boot/spring-boot-starter-aop/3.1.5/spring-boot-starter-aop-3.1.5.jar:/home/maurizio/.m2/repository/org/aspectj/aspectjweaver/1.9.20/aspectjweaver-1.9.20.jar:/home/maurizio/.m2/repository/org/springframework/boot/spring-boot-starter-jdbc/3.1.5/spring-boot-starter-jdbc-3.1.5.jar:/home/maurizio/.m2/repository/com/zaxxer/HikariCP/5.0.1/HikariCP-5.0.1.jar:/home/maurizio/.m2/repository/org/springframework/spring-jdbc/6.0.13/spring-jdbc-6.0.13.jar:/home/maurizio/.m2/repository/org/hibernate/orm/hibernate-core/6.2.13.Final/hibernate-core-6.2.13.Final.jar:/home/maurizio/.m2/repository/jakarta/persistence/jakarta.persistence-api/3.1.0/jakarta.persistence-api-3.1.0.jar:/home/maurizio/.m2/repository/jakarta/transaction/jakarta.transaction-api/2.0.1/jakarta.transaction-api-2.0.1.jar:/home/maurizio/.m2/repository/org/hibernate/common/hibernate-commons-annotations/6.0.6.Final/hibernate-commons-annotations-6.0.6.Final.jar:/home/maurizio/.m2/repository/io/smallrye/jandex/3.0.5/jandex-3.0.5.jar:/home/maurizio/.m2/repository/jakarta/inject/jakarta.inject-api/2.0.1/jakarta.inject-api-2.0.1.jar:/home/maurizio/.m2/repository/org/antlr/antlr4-runtime/4.10.1/antlr4-runtime-4.10.1.jar:/home/maurizio/.m2/repository/org/springframework/data/spring-data-jpa/3.1.5/spring-data-jpa-3.1.5.jar:/home/maurizio/.m2/repository/org/springframework/data/spring-data-commons/3.1.5/spring-data-commons-3.1.5.jar:/home/maurizio/.m2/repository/org/springframework/spring-orm/6.0.13/spring-orm-6.0.13.jar:/home/maurizio/.m2/repository/org/springframework/spring-tx/6.0.13/spring-tx-6.0.13.jar:/home/maurizio/.m2/repository/org/springframework/spring-aspects/6.0.13/spring-aspects-6.0.13.jar:/home/maurizio/.m2/repository/mysql/mysql-connector-java/8.0.19/mysql-connector-java-8.0.19.jar:/home/maurizio/.m2/repository/com/google/protobuf/protobuf-java/3.6.1/protobuf-java-3.6.1.jar:/home/maurizio/.m2/repository/org/glassfish/jaxb/jaxb-runtime/4.0.3/jaxb-runtime-4.0.3.jar:/home/maurizio/.m2/repository/org/glassfish/jaxb/jaxb-core/4.0.3/jaxb-core-4.0.3.jar:/home/maurizio/.m2/repository/org/glassfish/jaxb/txw2/4.0.3/txw2-4.0.3.jar:/home/maurizio/.m2/repository/com/sun/istack/istack-commons-runtime/4.1.2/istack-commons-runtime-4.1.2.jar:/home/maurizio/.m2/repository/org/javassist/javassist/3.23.1-GA/javassist-3.23.1-GA.jar:/home/maurizio/.m2/repository/franco/maurizio/hr-desk-mail-manager/0.3.4_j11/hr-desk-mail-manager-0.3.4_j11.jar:/home/maurizio/.m2/repository/org/apache/commons/commons-lang3/3.12.0/commons-lang3-3.12.0.jar:/home/maurizio/.m2/repository/org/apache/velocity/velocity/1.7/velocity-1.7.jar:/home/maurizio/.m2/repository/commons-collections/commons-collections/3.2.1/commons-collections-3.2.1.jar:/home/maurizio/.m2/repository/commons-lang/commons-lang/2.4/commons-lang-2.4.jar:/home/maurizio/.m2/repository/org/eclipse/angus/jakarta.mail/1.1.0/jakarta.mail-1.1.0.jar:/home/maurizio/.m2/repository/org/eclipse/angus/angus-activation/2.0.1/angus-activation-2.0.1.jar:/home/maurizio/.m2/repository/org/apache/logging/log4j/log4j-api/2.20.0/log4j-api-2.20.0.jar:/home/maurizio/.m2/repository/org/apache/logging/log4j/log4j-core/2.20.0/log4j-core-2.20.0.jar:/home/maurizio/.m2/repository/com/google/code/gson/gson/2.8.5/gson-2.8.5.jar:/home/maurizio/.m2/repository/org/springframework/boot/spring-boot-starter/3.1.5/spring-boot-starter-3.1.5.jar:/home/maurizio/.m2/repository/org/springframework/boot/spring-boot/3.1.5/spring-boot-3.1.5.jar:/home/maurizio/.m2/repository/org/springframework/boot/spring-boot-autoconfigure/3.1.5/spring-boot-autoconfigure-3.1.5.jar:/home/maurizio/.m2/repository/org/yaml/snakeyaml/1.33/snakeyaml-1.33.jar:/home/maurizio/.m2/repository/org/springframework/boot/spring-boot-starter-security/3.1.5/spring-boot-starter-security-3.1.5.jar:/home/maurizio/.m2/repository/org/springframework/spring-aop/6.0.13/spring-aop-6.0.13.jar:/home/maurizio/.m2/repository/org/springframework/security/spring-security-config/6.1.5/spring-security-config-6.1.5.jar:/home/maurizio/.m2/repository/org/springframework/boot/spring-boot-starter-validation/3.1.5/spring-boot-starter-validation-3.1.5.jar:/home/maurizio/.m2/repository/org/hibernate/validator/hibernate-validator/8.0.1.Final/hibernate-validator-8.0.1.Final.jar:/home/maurizio/.m2/repository/jakarta/validation/jakarta.validation-api/3.0.2/jakarta.validation-api-3.0.2.jar:/home/maurizio/.m2/repository/org/jboss/logging/jboss-logging/3.5.3.Final/jboss-logging-3.5.3.Final.jar:/home/maurizio/.m2/repository/com/fasterxml/classmate/1.5.1/classmate-1.5.1.jar:/home/maurizio/.m2/repository/org/springframework/boot/spring-boot-devtools/3.1.5/spring-boot-devtools-3.1.5.jar:/home/maurizio/.m2/repository/ch/qos/logback/logback-classic/1.4.11/logback-classic-1.4.11.jar:/home/maurizio/.m2/repository/ch/qos/logback/logback-core/1.4.11/logback-core-1.4.11.jar:/home/maurizio/.m2/repository/org/slf4j/slf4j-api/2.0.9/slf4j-api-2.0.9.jar:/home/maurizio/.m2/repository/org/springframework/boot/spring-boot-starter-actuator/3.1.5/spring-boot-starter-actuator-3.1.5.jar:/home/maurizio/.m2/repository/org/springframework/boot/spring-boot-actuator-autoconfigure/3.1.5/spring-boot-actuator-autoconfigure-3.1.5.jar:/home/maurizio/.m2/repository/org/springframework/boot/spring-boot-actuator/3.1.5/spring-boot-actuator-3.1.5.jar:/home/maurizio/.m2/repository/io/micrometer/micrometer-observation/1.11.5/micrometer-observation-1.11.5.jar:/home/maurizio/.m2/repository/io/micrometer/micrometer-commons/1.11.5/micrometer-commons-1.11.5.jar:/home/maurizio/.m2/repository/io/micrometer/micrometer-core/1.11.5/micrometer-core-1.11.5.jar:/home/maurizio/.m2/repository/org/hdrhistogram/HdrHistogram/2.1.12/HdrHistogram-2.1.12.jar:/home/maurizio/.m2/repository/org/latencyutils/LatencyUtils/2.0.3/LatencyUtils-2.0.3.jar:/home/maurizio/.m2/repository/com/itextpdf/itextpdf/5.5.10/itextpdf-5.5.10.jar:/home/maurizio/.m2/repository/org/apache/pdfbox/pdfbox/2.0.4/pdfbox-2.0.4.jar:/home/maurizio/.m2/repository/org/apache/pdfbox/fontbox/2.0.4/fontbox-2.0.4.jar:/home/maurizio/.m2/repository/commons-logging/commons-logging/1.2/commons-logging-1.2.jar:/home/maurizio/.m2/repository/org/projectlombok/lombok/1.18.30/lombok-1.18.30.jar:, sun.cpu.endian=little, hibernate.cdi.extensions=true, user.home=/home/maurizio, user.language=en, java.specification.vendor=Oracle Corporation, java.version.date=2023-04-18, java.home=/usr/lib/jvm/java-17-openjdk-amd64, file.separator=/, basedir=/home/maurizio/git/hr-desk/hr-desk/backend17, style.color=always, java.vm.compressedOopsMode=Zero based, line.separator=
, hibernate.persistenceUnitName=default, java.specification.name=Java Platform API Specification, java.vm.specification.vendor=Oracle Corporation, FILE_LOG_CHARSET=UTF-8, hibernate.transaction.coordinator_class=class org.hibernate.resource.transaction.backend.jdbc.internal.JdbcResourceLocalTransactionCoordinatorBuilderImpl, java.awt.headless=true, surefire.real.class.path=/home/maurizio/git/hr-desk/hr-desk/backend17/target/surefire/surefirebooter-20231124123619067_3.jar, jakarta.persistence.validation.mode=AUTO, sun.management.compiler=HotSpot 64-Bit Tiered Compilers, java.runtime.version=17.0.7+7-Debian-1deb12u1, user.name=maurizio, path.separator=:, os.version=6.1.0-10-amd64, java.runtime.name=OpenJDK Runtime Environment, file.encoding=UTF-8, java.vm.name=OpenJDK 64-Bit Server VM, hibernate.show_sql=true, localRepository=/home/maurizio/.m2/repository, java.vendor.url.bug=https://bugs.debian.org/openjdk-17, java.io.tmpdir=/tmp, com.zaxxer.hikari.pool_number=1, catalina.home=/tmp/tomcat.0.2414534711362595922, java.version=17.0.7, hibernate.physical_naming_strategy=org.hibernate.boot.model.naming.CamelCaseToUnderscoresNamingStrategy, user.dir=/home/maurizio/git/hr-desk/hr-desk/backend17, os.arch=amd64, java.vm.specification.name=Java Virtual Machine Specification, PID=1505547, CONSOLE_LOG_CHARSET=UTF-8, catalina.base=/tmp/tomcat.0.2414534711362595922, hibernate.boot.CfgXmlAccessService.key=org.hibernate.boot.registry.StandardServiceRegistryBuilder$1@726878bf, native.encoding=UTF-8, java.library.path=/usr/java/packages/lib:/usr/lib/x86_64-linux-gnu/jni:/lib/x86_64-linux-gnu:/usr/lib/x86_64-linux-gnu:/usr/lib/jni:/lib:/usr/lib, java.vendor=Debian, java.vm.info=mixed mode, sharing, java.vm.version=17.0.7+7-Debian-1deb12u1, hibernate.bytecode.use_reflection_optimizer=true, sun.io.unicode.encoding=UnicodeLittle, hibernate.archive.scanner=org.hibernate.boot.archive.scan.internal.DisabledScanner, hibernate.connection.datasource=HikariDataSource (HikariPool-3), java.class.version=61.0}
2023-11-24 12:36:44,171 TRACE o.h.e.j.e.i.NormalizingIdentifierHelperImpl [NormalizingIdentifierHelperImpl.java:62] Normalizing identifier quoting [null]
2023-11-24 12:36:44,171 TRACE o.h.s.i.AbstractServiceRegistryImpl [AbstractServiceRegistryImpl.java:235] Initializing service [role=org.hibernate.cache.spi.CacheImplementor]
2023-11-24 12:36:44,172 DEBUG o.h.i.SessionFactoryImpl [SessionFactoryImpl.java:239] Session factory constructed with filter configurations : {}
2023-11-24 12:36:44,172 DEBUG o.h.v.i.x.c.ValidationXmlParser [ValidationXmlParser.java:122] Trying to load META-INF/validation.xml for XML based Validator configuration.
2023-11-24 12:36:44,173 DEBUG o.h.v.i.x.c.ResourceLoaderHelper [ResourceLoaderHelper.java:61] Trying to load META-INF/validation.xml via TCCL
2023-11-24 12:36:44,173 DEBUG o.h.v.i.x.c.ResourceLoaderHelper [ResourceLoaderHelper.java:67] Trying to load META-INF/validation.xml via Hibernate Validator's class loader
2023-11-24 12:36:44,174 DEBUG o.h.v.i.x.c.ValidationXmlParser [ValidationXmlParser.java:129] No META-INF/validation.xml found. Using annotation based configuration only.
2023-11-24 12:36:44,174 DEBUG o.h.v.i.e.r.TraversableResolvers [TraversableResolvers.java:94] Found jakarta.persistence.Persistence on classpath containing 'getPersistenceUtil'. Assuming JPA 2 environment. Trying to instantiate JPA aware TraversableResolver
2023-11-24 12:36:44,174 DEBUG o.h.v.i.e.r.TraversableResolvers [TraversableResolvers.java:104] Instantiated JPA aware TraversableResolver of type org.hibernate.validator.internal.engine.resolver.JPATraversableResolver.
2023-11-24 12:36:44,175 DEBUG o.h.v.m.ResourceBundleMessageInterpolator [ResourceBundleMessageInterpolator.java:175] Loaded expression factory via original TCCL
2023-11-24 12:36:44,176 DEBUG o.h.v.i.e.ValidatorFactoryConfigurationHelper [ValidatorFactoryConfigurationHelper.java:355] HV000252: Using org.hibernate.validator.internal.engine.DefaultPropertyNodeNameProvider as property node name provider.
2023-11-24 12:36:44,177 DEBUG o.h.v.i.e.ValidatorFactoryConfigurationHelper [ValidatorFactoryConfigurationHelper.java:447] HV000234: Using org.hibernate.validator.messageinterpolation.ResourceBundleMessageInterpolator as ValidatorFactory-scoped message interpolator.
2023-11-24 12:36:44,178 DEBUG o.h.v.i.e.ValidatorFactoryConfigurationHelper [ValidatorFactoryConfigurationHelper.java:448] HV000234: Using org.hibernate.validator.internal.engine.resolver.JPATraversableResolver as ValidatorFactory-scoped traversable resolver.
2023-11-24 12:36:44,178 DEBUG o.h.v.i.e.ValidatorFactoryConfigurationHelper [ValidatorFactoryConfigurationHelper.java:449] HV000234: Using org.hibernate.validator.internal.util.ExecutableParameterNameProvider as ValidatorFactory-scoped parameter name provider.
2023-11-24 12:36:44,178 DEBUG o.h.v.i.e.ValidatorFactoryConfigurationHelper [ValidatorFactoryConfigurationHelper.java:450] HV000234: Using org.hibernate.validator.internal.engine.DefaultClockProvider as ValidatorFactory-scoped clock provider.
2023-11-24 12:36:44,178 DEBUG o.h.v.i.e.ValidatorFactoryConfigurationHelper [ValidatorFactoryConfigurationHelper.java:451] HV000234: Using org.hibernate.validator.internal.engine.scripting.DefaultScriptEvaluatorFactory as ValidatorFactory-scoped script evaluator factory.
2023-11-24 12:36:44,179 DEBUG o.h.b.i.ClassLoaderAccessImpl [ClassLoaderAccessImpl.java:60] Not known whether passed class name [franco.maurizio.hr.desk.com.persistence.entity.Survey] is safe
2023-11-24 12:36:44,179 DEBUG o.h.b.i.ClassLoaderAccessImpl [ClassLoaderAccessImpl.java:62] No temp ClassLoader provided; using live ClassLoader for loading potentially unsafe class : franco.maurizio.hr.desk.com.persistence.entity.Survey
2023-11-24 12:36:44,184 DEBUG o.h.b.i.ClassLoaderAccessImpl [ClassLoaderAccessImpl.java:60] Not known whether passed class name [franco.maurizio.hr.desk.com.persistence.entity.PositionUserOwner] is safe
2023-11-24 12:36:44,185 DEBUG o.h.b.i.ClassLoaderAccessImpl [ClassLoaderAccessImpl.java:62] No temp ClassLoader provided; using live ClassLoader for loading potentially unsafe class : franco.maurizio.hr.desk.com.persistence.entity.PositionUserOwner
2023-11-24 12:36:44,188 DEBUG o.h.b.i.ClassLoaderAccessImpl [ClassLoaderAccessImpl.java:60] Not known whether passed class name [franco.maurizio.hr.desk.com.persistence.entity.Question] is safe
2023-11-24 12:36:44,188 DEBUG o.h.b.i.ClassLoaderAccessImpl [ClassLoaderAccessImpl.java:62] No temp ClassLoader provided; using live ClassLoader for loading potentially unsafe class : franco.maurizio.hr.desk.com.persistence.entity.Question
2023-11-24 12:36:44,204 DEBUG o.h.b.i.ClassLoaderAccessImpl [ClassLoaderAccessImpl.java:60] Not known whether passed class name [franco.maurizio.hr.desk.com.persistence.entity.Candidate] is safe
2023-11-24 12:36:44,204 DEBUG o.h.b.i.ClassLoaderAccessImpl [ClassLoaderAccessImpl.java:62] No temp ClassLoader provided; using live ClassLoader for loading potentially unsafe class : franco.maurizio.hr.desk.com.persistence.entity.Candidate
2023-11-24 12:36:44,215 DEBUG o.h.b.i.ClassLoaderAccessImpl [ClassLoaderAccessImpl.java:60] Not known whether passed class name [franco.maurizio.hr.desk.com.persistence.entity.SurveyReply] is safe
2023-11-24 12:36:44,215 DEBUG o.h.b.i.ClassLoaderAccessImpl [ClassLoaderAccessImpl.java:62] No temp ClassLoader provided; using live ClassLoader for loading potentially unsafe class : franco.maurizio.hr.desk.com.persistence.entity.SurveyReply
2023-11-24 12:36:44,218 DEBUG o.h.b.i.ClassLoaderAccessImpl [ClassLoaderAccessImpl.java:60] Not known whether passed class name [franco.maurizio.hr.desk.com.persistence.entity.User] is safe
2023-11-24 12:36:44,219 DEBUG o.h.b.i.ClassLoaderAccessImpl [ClassLoaderAccessImpl.java:62] No temp ClassLoader provided; using live ClassLoader for loading potentially unsafe class : franco.maurizio.hr.desk.com.persistence.entity.User
2023-11-24 12:36:44,223 DEBUG o.h.b.i.ClassLoaderAccessImpl [ClassLoaderAccessImpl.java:60] Not known whether passed class name [franco.maurizio.hr.desk.com.persistence.entity.SurveyQuestion] is safe
2023-11-24 12:36:44,224 DEBUG o.h.b.i.ClassLoaderAccessImpl [ClassLoaderAccessImpl.java:62] No temp ClassLoader provided; using live ClassLoader for loading potentially unsafe class : franco.maurizio.hr.desk.com.persistence.entity.SurveyQuestion
2023-11-24 12:36:44,227 DEBUG o.h.b.i.ClassLoaderAccessImpl [ClassLoaderAccessImpl.java:60] Not known whether passed class name [franco.maurizio.hr.desk.com.persistence.entity.CandidateSurveyToken] is safe
2023-11-24 12:36:44,227 DEBUG o.h.b.i.ClassLoaderAccessImpl [ClassLoaderAccessImpl.java:62] No temp ClassLoader provided; using live ClassLoader for loading potentially unsafe class : franco.maurizio.hr.desk.com.persistence.entity.CandidateSurveyToken
2023-11-24 12:36:44,231 DEBUG o.h.b.i.ClassLoaderAccessImpl [ClassLoaderAccessImpl.java:60] Not known whether passed class name [franco.maurizio.hr.desk.com.persistence.entity.CandidateStates] is safe
2023-11-24 12:36:44,232 DEBUG o.h.b.i.ClassLoaderAccessImpl [ClassLoaderAccessImpl.java:62] No temp ClassLoader provided; using live ClassLoader for loading potentially unsafe class : franco.maurizio.hr.desk.com.persistence.entity.CandidateStates
2023-11-24 12:36:44,236 DEBUG o.h.b.i.ClassLoaderAccessImpl [ClassLoaderAccessImpl.java:60] Not known whether passed class name [franco.maurizio.hr.desk.com.persistence.entity.CoursePage] is safe
2023-11-24 12:36:44,236 DEBUG o.h.b.i.ClassLoaderAccessImpl [ClassLoaderAccessImpl.java:62] No temp ClassLoader provided; using live ClassLoader for loading potentially unsafe class : franco.maurizio.hr.desk.com.persistence.entity.CoursePage
2023-11-24 12:36:44,240 DEBUG o.h.b.i.ClassLoaderAccessImpl [ClassLoaderAccessImpl.java:60] Not known whether passed class name [franco.maurizio.hr.desk.com.persistence.entity.Role] is safe
2023-11-24 12:36:44,241 DEBUG o.h.b.i.ClassLoaderAccessImpl [ClassLoaderAccessImpl.java:62] No temp ClassLoader provided; using live ClassLoader for loading potentially unsafe class : franco.maurizio.hr.desk.com.persistence.entity.Role
2023-11-24 12:36:44,244 DEBUG o.h.s.i.SessionFactoryServiceRegistryImpl [SessionFactoryServiceRegistryImpl.java:91] EventListenerRegistry access via ServiceRegistry is deprecated.  Use `sessionFactory.getEventEngine().getListenerRegistry()` instead
2023-11-24 12:36:44,244 DEBUG o.h.t.s.s.SchemaManagementToolCoordinator [SchemaManagementToolCoordinator.java:760] No schema actions specified for contributor `orm`; doing nothing
2023-11-24 12:36:44,247 DEBUG o.h.q.s.f.SqmFunctionRegistry [SqmFunctionRegistry.java:90] Registered SqmFunctionTemplate [NamedSqmFunctionTemplate(max)] under max; prior registration was null
2023-11-24 12:36:44,247 DEBUG o.h.q.s.f.SqmFunctionRegistry [SqmFunctionRegistry.java:90] Registered SqmFunctionTemplate [NamedSqmFunctionTemplate(min)] under min; prior registration was null
2023-11-24 12:36:44,247 DEBUG o.h.q.s.f.SqmFunctionRegistry [SqmFunctionRegistry.java:90] Registered SqmFunctionTemplate [NamedSqmFunctionTemplate(sum)] under sum; prior registration was null
2023-11-24 12:36:44,248 DEBUG o.h.q.s.f.SqmFunctionRegistry [SqmFunctionRegistry.java:90] Registered SqmFunctionTemplate [NamedSqmFunctionTemplate(avg)] under avg; prior registration was null
2023-11-24 12:36:44,248 DEBUG o.h.q.s.f.SqmFunctionRegistry [SqmFunctionRegistry.java:90] Registered SqmFunctionTemplate [org.hibernate.dialect.function.CountFunction@6297aada] under count; prior registration was null
2023-11-24 12:36:44,248 DEBUG o.h.q.s.f.SqmFunctionRegistry [SqmFunctionRegistry.java:90] Registered SqmFunctionTemplate [org.hibernate.dialect.function.EveryAnyEmulation@68ad586f] under every; prior registration was null
2023-11-24 12:36:44,248 DEBUG o.h.q.s.f.SqmFunctionRegistry [SqmFunctionRegistry.java:90] Registered SqmFunctionTemplate [org.hibernate.dialect.function.EveryAnyEmulation@784fad36] under any; prior registration was null
2023-11-24 12:36:44,249 DEBUG o.h.q.s.f.SqmFunctionRegistry [SqmFunctionRegistry.java:90] Registered SqmFunctionTemplate [NamedSqmFunctionTemplate(floor)] under floor; prior registration was null
2023-11-24 12:36:44,249 DEBUG o.h.q.s.f.SqmFunctionRegistry [SqmFunctionRegistry.java:90] Registered SqmFunctionTemplate [NamedSqmFunctionTemplate(ceiling)] under ceiling; prior registration was null
2023-11-24 12:36:44,249 DEBUG o.h.q.s.f.SqmFunctionRegistry [SqmFunctionRegistry.java:90] Registered SqmFunctionTemplate [NamedSqmFunctionTemplate(mod)] under mod; prior registration was null
2023-11-24 12:36:44,249 DEBUG o.h.q.s.f.SqmFunctionRegistry [SqmFunctionRegistry.java:90] Registered SqmFunctionTemplate [NamedSqmFunctionTemplate(abs)] under abs; prior registration was null
2023-11-24 12:36:44,249 DEBUG o.h.q.s.f.SqmFunctionRegistry [SqmFunctionRegistry.java:90] Registered SqmFunctionTemplate [NamedSqmFunctionTemplate(sign)] under sign; prior registration was null
2023-11-24 12:36:44,250 DEBUG o.h.q.s.f.SqmFunctionRegistry [SqmFunctionRegistry.java:90] Registered SqmFunctionTemplate [NamedSqmFunctionTemplate(sqrt)] under sqrt; prior registration was null
2023-11-24 12:36:44,250 DEBUG o.h.q.s.f.SqmFunctionRegistry [SqmFunctionRegistry.java:90] Registered SqmFunctionTemplate [NamedSqmFunctionTemplate(ln)] under ln; prior registration was null
2023-11-24 12:36:44,250 DEBUG o.h.q.s.f.SqmFunctionRegistry [SqmFunctionRegistry.java:90] Registered SqmFunctionTemplate [NamedSqmFunctionTemplate(exp)] under exp; prior registration was null
2023-11-24 12:36:44,250 DEBUG o.h.q.s.f.SqmFunctionRegistry [SqmFunctionRegistry.java:90] Registered SqmFunctionTemplate [NamedSqmFunctionTemplate(power)] under power; prior registration was null
2023-11-24 12:36:44,250 DEBUG o.h.q.s.f.SqmFunctionRegistry [SqmFunctionRegistry.java:90] Registered SqmFunctionTemplate [NamedSqmFunctionTemplate(round)] under round; prior registration was null
2023-11-24 12:36:44,251 DEBUG o.h.q.s.f.SqmFunctionRegistry [SqmFunctionRegistry.java:90] Registered SqmFunctionTemplate [NamedSqmFunctionTemplate(sin)] under sin; prior registration was null
2023-11-24 12:36:44,251 DEBUG o.h.q.s.f.SqmFunctionRegistry [SqmFunctionRegistry.java:90] Registered SqmFunctionTemplate [NamedSqmFunctionTemplate(cos)] under cos; prior registration was null
2023-11-24 12:36:44,251 DEBUG o.h.q.s.f.SqmFunctionRegistry [SqmFunctionRegistry.java:90] Registered SqmFunctionTemplate [NamedSqmFunctionTemplate(tan)] under tan; prior registration was null
2023-11-24 12:36:44,251 DEBUG o.h.q.s.f.SqmFunctionRegistry [SqmFunctionRegistry.java:90] Registered SqmFunctionTemplate [NamedSqmFunctionTemplate(asin)] under asin; prior registration was null
2023-11-24 12:36:44,252 DEBUG o.h.q.s.f.SqmFunctionRegistry [SqmFunctionRegistry.java:90] Registered SqmFunctionTemplate [NamedSqmFunctionTemplate(acos)] under acos; prior registration was null
2023-11-24 12:36:44,252 DEBUG o.h.q.s.f.SqmFunctionRegistry [SqmFunctionRegistry.java:90] Registered SqmFunctionTemplate [NamedSqmFunctionTemplate(atan)] under atan; prior registration was null
2023-11-24 12:36:44,252 DEBUG o.h.q.s.f.SqmFunctionRegistry [SqmFunctionRegistry.java:90] Registered SqmFunctionTemplate [NamedSqmFunctionTemplate(atan2)] under atan2; prior registration was null
2023-11-24 12:36:44,252 DEBUG o.h.q.s.f.SqmFunctionRegistry [SqmFunctionRegistry.java:90] Registered SqmFunctionTemplate [org.hibernate.query.sqm.function.PatternBasedSqmFunctionDescriptor@79d9ae82] under sinh; prior registration was null
2023-11-24 12:36:44,252 DEBUG o.h.q.s.f.SqmFunctionRegistry [SqmFunctionRegistry.java:90] Registered SqmFunctionTemplate [org.hibernate.query.sqm.function.PatternBasedSqmFunctionDescriptor@26c70a19] under cosh; prior registration was null
2023-11-24 12:36:44,253 DEBUG o.h.q.s.f.SqmFunctionRegistry [SqmFunctionRegistry.java:90] Registered SqmFunctionTemplate [org.hibernate.query.sqm.function.PatternBasedSqmFunctionDescriptor@24ab408e] under tanh; prior registration was null
2023-11-24 12:36:44,253 DEBUG o.h.q.s.f.SqmFunctionRegistry [SqmFunctionRegistry.java:90] Registered SqmFunctionTemplate [org.hibernate.query.sqm.function.PatternBasedSqmFunctionDescriptor@21087f30] under pi; prior registration was null
2023-11-24 12:36:44,253 DEBUG o.h.q.s.f.SqmFunctionRegistry [SqmFunctionRegistry.java:90] Registered SqmFunctionTemplate [org.hibernate.query.sqm.function.PatternBasedSqmFunctionDescriptor@1591782d] under log; prior registration was null
2023-11-24 12:36:44,253 DEBUG o.h.q.s.f.SqmFunctionRegistry [SqmFunctionRegistry.java:90] Registered SqmFunctionTemplate [NamedSqmFunctionTemplate(coalesce)] under coalesce; prior registration was null
2023-11-24 12:36:44,254 DEBUG o.h.q.s.f.SqmFunctionRegistry [SqmFunctionRegistry.java:90] Registered SqmFunctionTemplate [NamedSqmFunctionTemplate(nullif)] under nullif; prior registration was null
2023-11-24 12:36:44,254 DEBUG o.h.q.s.f.SqmFunctionRegistry [SqmFunctionRegistry.java:90] Registered SqmFunctionTemplate [NamedSqmFunctionTemplate(left)] under left; prior registration was null
2023-11-24 12:36:44,254 DEBUG o.h.q.s.f.SqmFunctionRegistry [SqmFunctionRegistry.java:90] Registered SqmFunctionTemplate [NamedSqmFunctionTemplate(right)] under right; prior registration was null
2023-11-24 12:36:44,254 DEBUG o.h.q.s.f.SqmFunctionRegistry [SqmFunctionRegistry.java:90] Registered SqmFunctionTemplate [NamedSqmFunctionTemplate(replace)] under replace; prior registration was null
2023-11-24 12:36:44,255 DEBUG o.h.q.s.f.SqmFunctionRegistry [SqmFunctionRegistry.java:90] Registered SqmFunctionTemplate [NamedSqmFunctionTemplate(concat)] under concat; prior registration was null
2023-11-24 12:36:44,255 DEBUG o.h.q.s.f.SqmFunctionRegistry [SqmFunctionRegistry.java:90] Registered SqmFunctionTemplate [NamedSqmFunctionTemplate(lower)] under lower; prior registration was null
2023-11-24 12:36:44,255 DEBUG o.h.q.s.f.SqmFunctionRegistry [SqmFunctionRegistry.java:90] Registered SqmFunctionTemplate [NamedSqmFunctionTemplate(upper)] under upper; prior registration was null
2023-11-24 12:36:44,255 DEBUG o.h.q.s.f.SqmFunctionRegistry [SqmFunctionRegistry.java:90] Registered SqmFunctionTemplate [NamedSqmFunctionTemplate(substring)] under substring; prior registration was null
2023-11-24 12:36:44,256 DEBUG o.h.q.s.f.SqmFunctionRegistry [SqmFunctionRegistry.java:90] Registered SqmFunctionTemplate [NamedSqmFunctionTemplate(locate)] under locate; prior registration was null
2023-11-24 12:36:44,256 DEBUG o.h.q.s.f.SqmFunctionRegistry [SqmFunctionRegistry.java:90] Registered SqmFunctionTemplate [NamedSqmFunctionTemplate(character_length)] under character_length; prior registration was null
2023-11-24 12:36:44,256 DEBUG o.h.q.s.f.SqmFunctionRegistry [SqmFunctionRegistry.java:307] Registering alternate key : length -> character_length
2023-11-24 12:36:44,256 DEBUG o.h.q.s.f.SqmFunctionRegistry [SqmFunctionRegistry.java:90] Registered SqmFunctionTemplate [org.hibernate.dialect.function.LocatePositionEmulation@b183f44] under position; prior registration was null
2023-11-24 12:36:44,257 DEBUG o.h.q.s.f.SqmFunctionRegistry [SqmFunctionRegistry.java:90] Registered SqmFunctionTemplate [org.hibernate.dialect.function.InsertSubstringOverlayEmulation@75c9b199] under overlay; prior registration was null
2023-11-24 12:36:44,257 DEBUG o.h.q.s.f.SqmFunctionRegistry [SqmFunctionRegistry.java:90] Registered SqmFunctionTemplate [org.hibernate.dialect.function.TrimFunction@17daa1ef] under trim; prior registration was null
2023-11-24 12:36:44,257 DEBUG o.h.q.s.f.SqmFunctionRegistry [SqmFunctionRegistry.java:90] Registered SqmFunctionTemplate [org.hibernate.dialect.function.CastFunction@994e329] under cast; prior registration was null
2023-11-24 12:36:44,257 DEBUG o.h.q.s.f.SqmFunctionRegistry [SqmFunctionRegistry.java:90] Registered SqmFunctionTemplate [org.hibernate.query.sqm.function.PatternBasedSqmFunctionDescriptor@433c1f40] under collate; prior registration was null
2023-11-24 12:36:44,258 DEBUG o.h.q.s.f.SqmFunctionRegistry [SqmFunctionRegistry.java:90] Registered SqmFunctionTemplate [org.hibernate.dialect.function.ExtractFunction@7bc12bc7] under extract; prior registration was null
2023-11-24 12:36:44,258 DEBUG o.h.q.s.f.SqmFunctionRegistry [SqmFunctionRegistry.java:90] Registered SqmFunctionTemplate [NamedSqmFunctionTemplate(least)] under least; prior registration was null
2023-11-24 12:36:44,258 DEBUG o.h.q.s.f.SqmFunctionRegistry [SqmFunctionRegistry.java:90] Registered SqmFunctionTemplate [NamedSqmFunctionTemplate(greatest)] under greatest; prior registration was null
2023-11-24 12:36:44,258 DEBUG o.h.q.s.f.SqmFunctionRegistry [SqmFunctionRegistry.java:90] Registered SqmFunctionTemplate [org.hibernate.dialect.function.CoalesceIfnullEmulation@39d63889] under ifnull; prior registration was null
2023-11-24 12:36:44,258 DEBUG o.h.q.s.f.SqmFunctionRegistry [SqmFunctionRegistry.java:90] Registered SqmFunctionTemplate [NamedSqmFunctionTemplate(lpad)] under lpad; prior registration was null
2023-11-24 12:36:44,259 DEBUG o.h.q.s.f.SqmFunctionRegistry [SqmFunctionRegistry.java:90] Registered SqmFunctionTemplate [NamedSqmFunctionTemplate(rpad)] under rpad; prior registration was null
2023-11-24 12:36:44,259 DEBUG o.h.q.s.f.SqmFunctionRegistry [SqmFunctionRegistry.java:90] Registered SqmFunctionTemplate [org.hibernate.dialect.function.LpadRpadPadEmulation@17f51931] under pad; prior registration was null
2023-11-24 12:36:44,259 DEBUG o.h.q.s.f.SqmFunctionRegistry [SqmFunctionRegistry.java:90] Registered SqmFunctionTemplate [org.hibernate.dialect.function.CastStrEmulation@3490d290] under str; prior registration was null
2023-11-24 12:36:44,259 DEBUG o.h.q.s.f.SqmFunctionRegistry [SqmFunctionRegistry.java:90] Registered SqmFunctionTemplate [org.hibernate.dialect.function.FormatFunction@46fd58d6] under format; prior registration was null
2023-11-24 12:36:44,259 DEBUG o.h.q.s.f.SqmFunctionRegistry [SqmFunctionRegistry.java:90] Registered SqmFunctionTemplate [org.hibernate.dialect.function.TimestampaddFunction@4e6722f0] under timestampadd; prior registration was null
2023-11-24 12:36:44,260 DEBUG o.h.q.s.f.SqmFunctionRegistry [SqmFunctionRegistry.java:90] Registered SqmFunctionTemplate [org.hibernate.dialect.function.TimestampdiffFunction@7164869c] under timestampdiff; prior registration was null
2023-11-24 12:36:44,260 DEBUG o.h.q.s.f.SqmFunctionRegistry [SqmFunctionRegistry.java:307] Registering alternate key : dateadd -> timestampadd
2023-11-24 12:36:44,260 DEBUG o.h.q.s.f.SqmFunctionRegistry [SqmFunctionRegistry.java:307] Registering alternate key : datediff -> timestampdiff
2023-11-24 12:36:44,260 DEBUG o.h.q.s.f.SqmFunctionRegistry [SqmFunctionRegistry.java:90] Registered SqmFunctionTemplate [org.hibernate.dialect.function.CurrentFunction@43d2de72] under current_date; prior registration was null
2023-11-24 12:36:44,260 DEBUG o.h.q.s.f.SqmFunctionRegistry [SqmFunctionRegistry.java:90] Registered SqmFunctionTemplate [org.hibernate.dialect.function.CurrentFunction@6fc51536] under current_time; prior registration was null
2023-11-24 12:36:44,261 DEBUG o.h.q.s.f.SqmFunctionRegistry [SqmFunctionRegistry.java:90] Registered SqmFunctionTemplate [org.hibernate.dialect.function.CurrentFunction@18c2da9c] under current_timestamp; prior registration was null
2023-11-24 12:36:44,261 DEBUG o.h.q.s.f.SqmFunctionRegistry [SqmFunctionRegistry.java:307] Registering alternate key : current date -> current_date
2023-11-24 12:36:44,261 DEBUG o.h.q.s.f.SqmFunctionRegistry [SqmFunctionRegistry.java:307] Registering alternate key : current time -> current_time
2023-11-24 12:36:44,261 DEBUG o.h.q.s.f.SqmFunctionRegistry [SqmFunctionRegistry.java:307] Registering alternate key : current timestamp -> current_timestamp
2023-11-24 12:36:44,262 DEBUG o.h.q.s.f.SqmFunctionRegistry [SqmFunctionRegistry.java:90] Registered SqmFunctionTemplate [org.hibernate.dialect.function.CurrentFunction@4dc7ff7e] under local_date; prior registration was null
2023-11-24 12:36:44,262 DEBUG o.h.q.s.f.SqmFunctionRegistry [SqmFunctionRegistry.java:90] Registered SqmFunctionTemplate [org.hibernate.dialect.function.CurrentFunction@18b389fa] under local_time; prior registration was null
2023-11-24 12:36:44,262 DEBUG o.h.q.s.f.SqmFunctionRegistry [SqmFunctionRegistry.java:90] Registered SqmFunctionTemplate [org.hibernate.dialect.function.CurrentFunction@5f18537f] under local_datetime; prior registration was null
2023-11-24 12:36:44,262 DEBUG o.h.q.s.f.SqmFunctionRegistry [SqmFunctionRegistry.java:90] Registered SqmFunctionTemplate [org.hibernate.dialect.function.CurrentFunction@5180743a] under offset_datetime; prior registration was null
2023-11-24 12:36:44,262 DEBUG o.h.q.s.f.SqmFunctionRegistry [SqmFunctionRegistry.java:307] Registering alternate key : local date -> local_date
2023-11-24 12:36:44,263 DEBUG o.h.q.s.f.SqmFunctionRegistry [SqmFunctionRegistry.java:307] Registering alternate key : local time -> local_time
2023-11-24 12:36:44,263 DEBUG o.h.q.s.f.SqmFunctionRegistry [SqmFunctionRegistry.java:307] Registering alternate key : local datetime -> local_datetime
2023-11-24 12:36:44,263 DEBUG o.h.q.s.f.SqmFunctionRegistry [SqmFunctionRegistry.java:307] Registering alternate key : offset datetime -> offset_datetime
2023-11-24 12:36:44,263 DEBUG o.h.q.s.f.SqmFunctionRegistry [SqmFunctionRegistry.java:90] Registered SqmFunctionTemplate [org.hibernate.dialect.function.CurrentFunction@234e5d7b] under instant; prior registration was null
2023-11-24 12:36:44,263 DEBUG o.h.q.s.f.SqmFunctionRegistry [SqmFunctionRegistry.java:307] Registering alternate key : current_instant -> instant
2023-11-24 12:36:44,264 DEBUG o.h.q.s.f.SqmFunctionRegistry [SqmFunctionRegistry.java:90] Registered SqmFunctionTemplate [org.hibernate.dialect.function.SqlFunction@27b6fcb1] under sql; prior registration was null
2023-11-24 12:36:44,264 DEBUG o.h.q.s.f.SqmFunctionRegistry [SqmFunctionRegistry.java:90] Registered SqmFunctionTemplate [NamedSqmFunctionTemplate(soundex)] under soundex; prior registration was null
2023-11-24 12:36:44,264 DEBUG o.h.q.s.f.SqmFunctionRegistry [SqmFunctionRegistry.java:90] Registered SqmFunctionTemplate [NamedSqmFunctionTemplate(radians)] under radians; prior registration was null
2023-11-24 12:36:44,264 DEBUG o.h.q.s.f.SqmFunctionRegistry [SqmFunctionRegistry.java:90] Registered SqmFunctionTemplate [NamedSqmFunctionTemplate(degrees)] under degrees; prior registration was null
2023-11-24 12:36:44,265 DEBUG o.h.q.s.f.SqmFunctionRegistry [SqmFunctionRegistry.java:90] Registered SqmFunctionTemplate [NamedSqmFunctionTemplate(cot)] under cot; prior registration was null
2023-11-24 12:36:44,265 DEBUG o.h.q.s.f.SqmFunctionRegistry [SqmFunctionRegistry.java:90] Registered SqmFunctionTemplate [NamedSqmFunctionTemplate(log)] under log; prior registration was org.hibernate.query.sqm.function.PatternBasedSqmFunctionDescriptor@1591782d
2023-11-24 12:36:44,265 DEBUG o.h.q.s.f.SqmFunctionRegistry [SqmFunctionRegistry.java:90] Registered SqmFunctionTemplate [NamedSqmFunctionTemplate(log2)] under log2; prior registration was null
2023-11-24 12:36:44,265 DEBUG o.h.q.s.f.SqmFunctionRegistry [SqmFunctionRegistry.java:90] Registered SqmFunctionTemplate [NamedSqmFunctionTemplate(log10)] under log10; prior registration was null
2023-11-24 12:36:44,265 DEBUG o.h.q.s.f.SqmFunctionRegistry [SqmFunctionRegistry.java:90] Registered SqmFunctionTemplate [NamedSqmFunctionTemplate(ltrim)] under ltrim; prior registration was null
2023-11-24 12:36:44,266 DEBUG o.h.q.s.f.SqmFunctionRegistry [SqmFunctionRegistry.java:90] Registered SqmFunctionTemplate [NamedSqmFunctionTemplate(rtrim)] under rtrim; prior registration was null
2023-11-24 12:36:44,266 DEBUG o.h.q.s.f.SqmFunctionRegistry [SqmFunctionRegistry.java:90] Registered SqmFunctionTemplate [NamedSqmFunctionTemplate(octet_length)] under octet_length; prior registration was null
2023-11-24 12:36:44,266 DEBUG o.h.q.s.f.SqmFunctionRegistry [SqmFunctionRegistry.java:90] Registered SqmFunctionTemplate [NamedSqmFunctionTemplate(reverse)] under reverse; prior registration was null
2023-11-24 12:36:44,266 DEBUG o.h.q.s.f.SqmFunctionRegistry [SqmFunctionRegistry.java:90] Registered SqmFunctionTemplate [NamedSqmFunctionTemplate(space)] under space; prior registration was null
2023-11-24 12:36:44,266 DEBUG o.h.q.s.f.SqmFunctionRegistry [SqmFunctionRegistry.java:90] Registered SqmFunctionTemplate [NamedSqmFunctionTemplate(repeat)] under repeat; prior registration was null
2023-11-24 12:36:44,267 DEBUG o.h.q.s.f.SqmFunctionRegistry [SqmFunctionRegistry.java:90] Registered SqmFunctionTemplate [org.hibernate.query.sqm.function.MultipatternSqmFunctionDescriptor@3aa8d093] under lpad; prior registration was NamedSqmFunctionTemplate(lpad)
2023-11-24 12:36:44,267 DEBUG o.h.q.s.f.SqmFunctionRegistry [SqmFunctionRegistry.java:90] Registered SqmFunctionTemplate [org.hibernate.query.sqm.function.MultipatternSqmFunctionDescriptor@685b4258] under rpad; prior registration was NamedSqmFunctionTemplate(rpad)
2023-11-24 12:36:44,267 DEBUG o.h.q.s.f.SqmFunctionRegistry [SqmFunctionRegistry.java:90] Registered SqmFunctionTemplate [NamedSqmFunctionTemplate(md5)] under md5; prior registration was null
2023-11-24 12:36:44,267 DEBUG o.h.q.s.f.SqmFunctionRegistry [SqmFunctionRegistry.java:90] Registered SqmFunctionTemplate [NamedSqmFunctionTemplate(day)] under day; prior registration was null
2023-11-24 12:36:44,268 DEBUG o.h.q.s.f.SqmFunctionRegistry [SqmFunctionRegistry.java:90] Registered SqmFunctionTemplate [NamedSqmFunctionTemplate(month)] under month; prior registration was null
2023-11-24 12:36:44,268 DEBUG o.h.q.s.f.SqmFunctionRegistry [SqmFunctionRegistry.java:90] Registered SqmFunctionTemplate [NamedSqmFunctionTemplate(year)] under year; prior registration was null
2023-11-24 12:36:44,268 DEBUG o.h.q.s.f.SqmFunctionRegistry [SqmFunctionRegistry.java:90] Registered SqmFunctionTemplate [NamedSqmFunctionTemplate(hour)] under hour; prior registration was null
2023-11-24 12:36:44,268 DEBUG o.h.q.s.f.SqmFunctionRegistry [SqmFunctionRegistry.java:90] Registered SqmFunctionTemplate [NamedSqmFunctionTemplate(minute)] under minute; prior registration was null
2023-11-24 12:36:44,269 DEBUG o.h.q.s.f.SqmFunctionRegistry [SqmFunctionRegistry.java:90] Registered SqmFunctionTemplate [NamedSqmFunctionTemplate(second)] under second; prior registration was null
2023-11-24 12:36:44,269 DEBUG o.h.q.s.f.SqmFunctionRegistry [SqmFunctionRegistry.java:90] Registered SqmFunctionTemplate [NamedSqmFunctionTemplate(microsecond)] under microsecond; prior registration was null
2023-11-24 12:36:44,269 DEBUG o.h.q.s.f.SqmFunctionRegistry [SqmFunctionRegistry.java:90] Registered SqmFunctionTemplate [NamedSqmFunctionTemplate(dayofweek)] under dayofweek; prior registration was null
2023-11-24 12:36:44,269 DEBUG o.h.q.s.f.SqmFunctionRegistry [SqmFunctionRegistry.java:90] Registered SqmFunctionTemplate [NamedSqmFunctionTemplate(dayofmonth)] under dayofmonth; prior registration was null
2023-11-24 12:36:44,269 DEBUG o.h.q.s.f.SqmFunctionRegistry [SqmFunctionRegistry.java:307] Registering alternate key : day -> dayofmonth
2023-11-24 12:36:44,270 DEBUG o.h.q.s.f.SqmFunctionRegistry [SqmFunctionRegistry.java:90] Registered SqmFunctionTemplate [NamedSqmFunctionTemplate(dayofyear)] under dayofyear; prior registration was null
2023-11-24 12:36:44,270 DEBUG o.h.q.s.f.SqmFunctionRegistry [SqmFunctionRegistry.java:90] Registered SqmFunctionTemplate [NamedSqmFunctionTemplate(week)] under week; prior registration was null
2023-11-24 12:36:44,270 DEBUG o.h.q.s.f.SqmFunctionRegistry [SqmFunctionRegistry.java:90] Registered SqmFunctionTemplate [NamedSqmFunctionTemplate(quarter)] under quarter; prior registration was null
2023-11-24 12:36:44,270 DEBUG o.h.q.s.f.SqmFunctionRegistry [SqmFunctionRegistry.java:90] Registered SqmFunctionTemplate [NamedSqmFunctionTemplate(monthname)] under monthname; prior registration was null
2023-11-24 12:36:44,271 DEBUG o.h.q.s.f.SqmFunctionRegistry [SqmFunctionRegistry.java:90] Registered SqmFunctionTemplate [NamedSqmFunctionTemplate(dayname)] under dayname; prior registration was null
2023-11-24 12:36:44,271 DEBUG o.h.q.s.f.SqmFunctionRegistry [SqmFunctionRegistry.java:90] Registered SqmFunctionTemplate [NamedSqmFunctionTemplate(last_day)] under last_day; prior registration was null
2023-11-24 12:36:44,271 DEBUG o.h.q.s.f.SqmFunctionRegistry [SqmFunctionRegistry.java:90] Registered SqmFunctionTemplate [NamedSqmFunctionTemplate(date)] under date; prior registration was null
2023-11-24 12:36:44,271 DEBUG o.h.q.s.f.SqmFunctionRegistry [SqmFunctionRegistry.java:90] Registered SqmFunctionTemplate [NamedSqmFunctionTemplate(timestamp)] under timestamp; prior registration was null
2023-11-24 12:36:44,271 DEBUG o.h.q.s.f.SqmFunctionRegistry [SqmFunctionRegistry.java:90] Registered SqmFunctionTemplate [NamedSqmFunctionTemplate(time)] under time; prior registration was null
2023-11-24 12:36:44,272 DEBUG o.h.q.s.f.SqmFunctionRegistry [SqmFunctionRegistry.java:90] Registered SqmFunctionTemplate [NamedSqmFunctionTemplate(utc_date)] under utc_date; prior registration was null
2023-11-24 12:36:44,272 DEBUG o.h.q.s.f.SqmFunctionRegistry [SqmFunctionRegistry.java:90] Registered SqmFunctionTemplate [NamedSqmFunctionTemplate(utc_time)] under utc_time; prior registration was null
2023-11-24 12:36:44,272 DEBUG o.h.q.s.f.SqmFunctionRegistry [SqmFunctionRegistry.java:90] Registered SqmFunctionTemplate [NamedSqmFunctionTemplate(utc_timestamp)] under utc_timestamp; prior registration was null
2023-11-24 12:36:44,272 DEBUG o.h.q.s.f.SqmFunctionRegistry [SqmFunctionRegistry.java:90] Registered SqmFunctionTemplate [NamedSqmFunctionTemplate(rand)] under rand; prior registration was null
2023-11-24 12:36:44,272 DEBUG o.h.q.s.f.SqmFunctionRegistry [SqmFunctionRegistry.java:90] Registered SqmFunctionTemplate [NamedSqmFunctionTemplate(crc32)] under crc32; prior registration was null
2023-11-24 12:36:44,273 DEBUG o.h.q.s.f.SqmFunctionRegistry [SqmFunctionRegistry.java:90] Registered SqmFunctionTemplate [NamedSqmFunctionTemplate(sha1)] under sha1; prior registration was null
2023-11-24 12:36:44,273 DEBUG o.h.q.s.f.SqmFunctionRegistry [SqmFunctionRegistry.java:90] Registered SqmFunctionTemplate [NamedSqmFunctionTemplate(sha2)] under sha2; prior registration was null
2023-11-24 12:36:44,273 DEBUG o.h.q.s.f.SqmFunctionRegistry [SqmFunctionRegistry.java:90] Registered SqmFunctionTemplate [NamedSqmFunctionTemplate(sha)] under sha; prior registration was null
2023-11-24 12:36:44,273 DEBUG o.h.q.s.f.SqmFunctionRegistry [SqmFunctionRegistry.java:90] Registered SqmFunctionTemplate [NamedSqmFunctionTemplate(bit_length)] under bit_length; prior registration was null
2023-11-24 12:36:44,273 DEBUG o.h.q.s.f.SqmFunctionRegistry [SqmFunctionRegistry.java:90] Registered SqmFunctionTemplate [NamedSqmFunctionTemplate(octet_length)] under octet_length; prior registration was NamedSqmFunctionTemplate(octet_length)
2023-11-24 12:36:44,273 DEBUG o.h.q.s.f.SqmFunctionRegistry [SqmFunctionRegistry.java:90] Registered SqmFunctionTemplate [NamedSqmFunctionTemplate(ascii)] under ascii; prior registration was null
2023-11-24 12:36:44,273 DEBUG o.h.q.s.f.SqmFunctionRegistry [SqmFunctionRegistry.java:90] Registered SqmFunctionTemplate [NamedSqmFunctionTemplate(instr)] under instr; prior registration was null
2023-11-24 12:36:44,274 DEBUG o.h.q.s.f.SqmFunctionRegistry [SqmFunctionRegistry.java:90] Registered SqmFunctionTemplate [NamedSqmFunctionTemplate(substr)] under substr; prior registration was null
2023-11-24 12:36:44,274 DEBUG o.h.q.s.f.SqmFunctionRegistry [SqmFunctionRegistry.java:90] Registered SqmFunctionTemplate [org.hibernate.query.sqm.function.PatternBasedSqmFunctionDescriptor@39af6fad] under position; prior registration was org.hibernate.dialect.function.LocatePositionEmulation@b183f44
2023-11-24 12:36:44,274 DEBUG o.h.q.s.f.SqmFunctionRegistry [SqmFunctionRegistry.java:90] Registered SqmFunctionTemplate [NamedSqmFunctionTemplate(curtime)] under curtime; prior registration was null
2023-11-24 12:36:44,274 DEBUG o.h.q.s.f.SqmFunctionRegistry [SqmFunctionRegistry.java:90] Registered SqmFunctionTemplate [NamedSqmFunctionTemplate(curdate)] under curdate; prior registration was null
2023-11-24 12:36:44,274 DEBUG o.h.q.s.f.SqmFunctionRegistry [SqmFunctionRegistry.java:90] Registered SqmFunctionTemplate [NamedSqmFunctionTemplate(now)] under now; prior registration was null
2023-11-24 12:36:44,274 DEBUG o.h.q.s.f.SqmFunctionRegistry [SqmFunctionRegistry.java:90] Registered SqmFunctionTemplate [org.hibernate.dialect.function.TruncFunction@296c4f5d] under trunc; prior registration was null
2023-11-24 12:36:44,275 DEBUG o.h.q.s.f.SqmFunctionRegistry [SqmFunctionRegistry.java:307] Registering alternate key : truncate -> trunc
2023-11-24 12:36:44,275 DEBUG o.h.q.s.f.SqmFunctionRegistry [SqmFunctionRegistry.java:90] Registered SqmFunctionTemplate [NamedSqmFunctionTemplate(insert)] under insert; prior registration was null
2023-11-24 12:36:44,275 DEBUG o.h.q.s.f.SqmFunctionRegistry [SqmFunctionRegistry.java:90] Registered SqmFunctionTemplate [org.hibernate.query.sqm.function.PatternBasedSqmFunctionDescriptor@55bc3eab] under bitand; prior registration was null
2023-11-24 12:36:44,275 DEBUG o.h.q.s.f.SqmFunctionRegistry [SqmFunctionRegistry.java:90] Registered SqmFunctionTemplate [org.hibernate.query.sqm.function.PatternBasedSqmFunctionDescriptor@6747ffc6] under bitor; prior registration was null
2023-11-24 12:36:44,275 DEBUG o.h.q.s.f.SqmFunctionRegistry [SqmFunctionRegistry.java:90] Registered SqmFunctionTemplate [org.hibernate.query.sqm.function.PatternBasedSqmFunctionDescriptor@25d73684] under bitxor; prior registration was null
2023-11-24 12:36:44,275 DEBUG o.h.q.s.f.SqmFunctionRegistry [SqmFunctionRegistry.java:90] Registered SqmFunctionTemplate [org.hibernate.query.sqm.function.PatternBasedSqmFunctionDescriptor@6e0a93c4] under bitnot; prior registration was null
2023-11-24 12:36:44,275 DEBUG o.h.q.s.f.SqmFunctionRegistry [SqmFunctionRegistry.java:90] Registered SqmFunctionTemplate [NamedSqmFunctionTemplate(bit_and)] under bit_and; prior registration was null
2023-11-24 12:36:44,275 DEBUG o.h.q.s.f.SqmFunctionRegistry [SqmFunctionRegistry.java:90] Registered SqmFunctionTemplate [NamedSqmFunctionTemplate(bit_or)] under bit_or; prior registration was null
2023-11-24 12:36:44,276 DEBUG o.h.q.s.f.SqmFunctionRegistry [SqmFunctionRegistry.java:90] Registered SqmFunctionTemplate [NamedSqmFunctionTemplate(stddev)] under stddev; prior registration was null
2023-11-24 12:36:44,276 DEBUG o.h.q.s.f.SqmFunctionRegistry [SqmFunctionRegistry.java:90] Registered SqmFunctionTemplate [NamedSqmFunctionTemplate(stddev_pop)] under stddev_pop; prior registration was null
2023-11-24 12:36:44,276 DEBUG o.h.q.s.f.SqmFunctionRegistry [SqmFunctionRegistry.java:90] Registered SqmFunctionTemplate [NamedSqmFunctionTemplate(stddev_samp)] under stddev_samp; prior registration was null
2023-11-24 12:36:44,276 DEBUG o.h.q.s.f.SqmFunctionRegistry [SqmFunctionRegistry.java:90] Registered SqmFunctionTemplate [NamedSqmFunctionTemplate(variance)] under variance; prior registration was null
2023-11-24 12:36:44,276 DEBUG o.h.q.s.f.SqmFunctionRegistry [SqmFunctionRegistry.java:90] Registered SqmFunctionTemplate [NamedSqmFunctionTemplate(var_pop)] under var_pop; prior registration was null
2023-11-24 12:36:44,276 DEBUG o.h.q.s.f.SqmFunctionRegistry [SqmFunctionRegistry.java:90] Registered SqmFunctionTemplate [NamedSqmFunctionTemplate(var_samp)] under var_samp; prior registration was null
2023-11-24 12:36:44,276 DEBUG o.h.q.s.f.SqmFunctionRegistry [SqmFunctionRegistry.java:90] Registered SqmFunctionTemplate [NamedSqmFunctionTemplate(datediff)] under datediff; prior registration was null
2023-11-24 12:36:44,277 DEBUG o.h.q.s.f.SqmFunctionRegistry [SqmFunctionRegistry.java:90] Registered SqmFunctionTemplate [NamedSqmFunctionTemplate(adddate)] under adddate; prior registration was null
2023-11-24 12:36:44,277 DEBUG o.h.q.s.f.SqmFunctionRegistry [SqmFunctionRegistry.java:90] Registered SqmFunctionTemplate [NamedSqmFunctionTemplate(subdate)] under subdate; prior registration was null
2023-11-24 12:36:44,277 DEBUG o.h.q.s.f.SqmFunctionRegistry [SqmFunctionRegistry.java:90] Registered SqmFunctionTemplate [NamedSqmFunctionTemplate(addtime)] under addtime; prior registration was null
2023-11-24 12:36:44,277 DEBUG o.h.q.s.f.SqmFunctionRegistry [SqmFunctionRegistry.java:90] Registered SqmFunctionTemplate [NamedSqmFunctionTemplate(subtime)] under subtime; prior registration was null
2023-11-24 12:36:44,277 DEBUG o.h.q.s.f.SqmFunctionRegistry [SqmFunctionRegistry.java:90] Registered SqmFunctionTemplate [org.hibernate.dialect.function.FormatFunction@5af7b1c8] under format; prior registration was org.hibernate.dialect.function.FormatFunction@46fd58d6
2023-11-24 12:36:44,277 DEBUG o.h.q.s.f.SqmFunctionRegistry [SqmFunctionRegistry.java:90] Registered SqmFunctionTemplate [NamedSqmFunctionTemplate(makedate)] under makedate; prior registration was null
2023-11-24 12:36:44,277 DEBUG o.h.q.s.f.SqmFunctionRegistry [SqmFunctionRegistry.java:90] Registered SqmFunctionTemplate [NamedSqmFunctionTemplate(maketime)] under maketime; prior registration was null
2023-11-24 12:36:44,278 DEBUG o.h.q.s.f.SqmFunctionRegistry [SqmFunctionRegistry.java:90] Registered SqmFunctionTemplate [NamedSqmFunctionTemplate(localtime)] under localtime; prior registration was null
2023-11-24 12:36:44,278 DEBUG o.h.q.s.f.SqmFunctionRegistry [SqmFunctionRegistry.java:90] Registered SqmFunctionTemplate [NamedSqmFunctionTemplate(localtimestamp)] under localtimestamp; prior registration was null
2023-11-24 12:36:44,278 DEBUG o.h.q.s.f.SqmFunctionRegistry [SqmFunctionRegistry.java:90] Registered SqmFunctionTemplate [NamedSqmFunctionTemplate(localtime)] under local_time; prior registration was org.hibernate.dialect.function.CurrentFunction@18b389fa
2023-11-24 12:36:44,278 DEBUG o.h.q.s.f.SqmFunctionRegistry [SqmFunctionRegistry.java:90] Registered SqmFunctionTemplate [NamedSqmFunctionTemplate(localtimestamp)] under local_datetime; prior registration was org.hibernate.dialect.function.CurrentFunction@5f18537f
2023-11-24 12:36:44,278 DEBUG o.h.q.s.f.SqmFunctionRegistry [SqmFunctionRegistry.java:90] Registered SqmFunctionTemplate [NamedSqmFunctionTemplate(localtime)] under localtime; prior registration was NamedSqmFunctionTemplate(localtime)
2023-11-24 12:36:44,278 DEBUG o.h.q.s.f.SqmFunctionRegistry [SqmFunctionRegistry.java:90] Registered SqmFunctionTemplate [org.hibernate.query.sqm.function.PatternBasedSqmFunctionDescriptor@296dc9f] under pi; prior registration was org.hibernate.query.sqm.function.PatternBasedSqmFunctionDescriptor@21087f30
2023-11-24 12:36:44,278 DEBUG o.h.q.s.f.SqmFunctionRegistry [SqmFunctionRegistry.java:90] Registered SqmFunctionTemplate [org.hibernate.query.sqm.function.PatternBasedSqmFunctionDescriptor@1ee9a95f] under chr; prior registration was null
2023-11-24 12:36:44,278 DEBUG o.h.q.s.f.SqmFunctionRegistry [SqmFunctionRegistry.java:307] Registering alternate key : char -> chr
2023-11-24 12:36:44,279 DEBUG o.h.q.s.f.SqmFunctionRegistry [SqmFunctionRegistry.java:90] Registered SqmFunctionTemplate [org.hibernate.query.sqm.function.PatternBasedSqmFunctionDescriptor@24478df5] under sysdate; prior registration was null
2023-11-24 12:36:44,279 DEBUG o.h.q.s.f.SqmFunctionRegistry [SqmFunctionRegistry.java:90] Registered SqmFunctionTemplate [org.hibernate.dialect.function.ListaggGroupConcatEmulation@43590144] under listagg; prior registration was null
2023-11-24 12:36:44,279 DEBUG o.h.HQL_FUNCTIONS [QueryEngine.java:105] abs(NUMERIC arg)
2023-11-24 12:36:44,279 DEBUG o.h.HQL_FUNCTIONS [QueryEngine.java:105] Double acos(NUMERIC arg)
2023-11-24 12:36:44,279 DEBUG o.h.HQL_FUNCTIONS [QueryEngine.java:105] adddate(DATE datetime, INTEGER days)
2023-11-24 12:36:44,279 DEBUG o.h.HQL_FUNCTIONS [QueryEngine.java:105] addtime(TIME datetime, TIME time)
2023-11-24 12:36:44,280 DEBUG o.h.HQL_FUNCTIONS [QueryEngine.java:105] Boolean any(BOOLEAN arg)
2023-11-24 12:36:44,280 DEBUG o.h.HQL_FUNCTIONS [QueryEngine.java:105] Integer ascii(STRING arg)
2023-11-24 12:36:44,280 DEBUG o.h.HQL_FUNCTIONS [QueryEngine.java:105] Double asin(NUMERIC arg)
2023-11-24 12:36:44,280 DEBUG o.h.HQL_FUNCTIONS [QueryEngine.java:105] Double atan(NUMERIC arg)
2023-11-24 12:36:44,280 DEBUG o.h.HQL_FUNCTIONS [QueryEngine.java:105] Double atan2(NUMERIC arg0, NUMERIC arg1)
2023-11-24 12:36:44,280 DEBUG o.h.HQL_FUNCTIONS [QueryEngine.java:105] Double avg(NUMERIC arg)
2023-11-24 12:36:44,280 DEBUG o.h.HQL_FUNCTIONS [QueryEngine.java:105] bit_and(arg)
2023-11-24 12:36:44,280 DEBUG o.h.HQL_FUNCTIONS [QueryEngine.java:105] Integer bit_length(STRING_OR_CLOB arg)
2023-11-24 12:36:44,281 DEBUG o.h.HQL_FUNCTIONS [QueryEngine.java:105] bit_or(arg)
2023-11-24 12:36:44,281 DEBUG o.h.HQL_FUNCTIONS [QueryEngine.java:105] bitand(arg0, arg1)
2023-11-24 12:36:44,281 DEBUG o.h.HQL_FUNCTIONS [QueryEngine.java:105] bitnot(arg)
2023-11-24 12:36:44,281 DEBUG o.h.HQL_FUNCTIONS [QueryEngine.java:105] bitor(arg0, arg1)
2023-11-24 12:36:44,281 DEBUG o.h.HQL_FUNCTIONS [QueryEngine.java:105] bitxor(arg0, arg1)
2023-11-24 12:36:44,281 DEBUG o.h.HQL_FUNCTIONS [QueryEngine.java:105] cast(arg as Type)
2023-11-24 12:36:44,281 DEBUG o.h.HQL_FUNCTIONS [QueryEngine.java:105] ceiling(NUMERIC arg)
2023-11-24 12:36:44,281 DEBUG o.h.HQL_FUNCTIONS [QueryEngine.java:105] Character char(INTEGER arg)
2023-11-24 12:36:44,281 DEBUG o.h.HQL_FUNCTIONS [QueryEngine.java:105] Integer character_length(STRING_OR_CLOB arg)
2023-11-24 12:36:44,282 DEBUG o.h.HQL_FUNCTIONS [QueryEngine.java:105] Character chr(INTEGER arg)
2023-11-24 12:36:44,282 DEBUG o.h.HQL_FUNCTIONS [QueryEngine.java:105] coalesce(arg0[, arg1[, ...]])
2023-11-24 12:36:44,282 DEBUG o.h.HQL_FUNCTIONS [QueryEngine.java:105] String collate(STRING string as COLLATION collation)
2023-11-24 12:36:44,282 DEBUG o.h.HQL_FUNCTIONS [QueryEngine.java:105] String concat(STRING string0[, STRING string1[, ...]])
2023-11-24 12:36:44,282 DEBUG o.h.HQL_FUNCTIONS [QueryEngine.java:105] Double cos(NUMERIC arg)
2023-11-24 12:36:44,282 DEBUG o.h.HQL_FUNCTIONS [QueryEngine.java:105] Double cosh(NUMERIC arg)
2023-11-24 12:36:44,282 DEBUG o.h.HQL_FUNCTIONS [QueryEngine.java:105] Double cot(NUMERIC arg)
2023-11-24 12:36:44,282 DEBUG o.h.HQL_FUNCTIONS [QueryEngine.java:105] Long count([distinct ]{arg|*})
2023-11-24 12:36:44,283 DEBUG o.h.HQL_FUNCTIONS [QueryEngine.java:105] Integer crc32(arg)
2023-11-24 12:36:44,283 DEBUG o.h.HQL_FUNCTIONS [QueryEngine.java:105] Date curdate()
2023-11-24 12:36:44,283 DEBUG o.h.HQL_FUNCTIONS [QueryEngine.java:105] Date current date
2023-11-24 12:36:44,283 DEBUG o.h.HQL_FUNCTIONS [QueryEngine.java:105] Time current time
2023-11-24 12:36:44,283 DEBUG o.h.HQL_FUNCTIONS [QueryEngine.java:105] Timestamp current timestamp
2023-11-24 12:36:44,283 DEBUG o.h.HQL_FUNCTIONS [QueryEngine.java:105] Date current_date
2023-11-24 12:36:44,284 DEBUG o.h.HQL_FUNCTIONS [QueryEngine.java:105] Instant current_instant
2023-11-24 12:36:44,284 DEBUG o.h.HQL_FUNCTIONS [QueryEngine.java:105] Time current_time
2023-11-24 12:36:44,284 DEBUG o.h.HQL_FUNCTIONS [QueryEngine.java:105] Timestamp current_timestamp
2023-11-24 12:36:44,284 DEBUG o.h.HQL_FUNCTIONS [QueryEngine.java:105] Time curtime()
2023-11-24 12:36:44,284 DEBUG o.h.HQL_FUNCTIONS [QueryEngine.java:105] Date date(arg)
2023-11-24 12:36:44,284 DEBUG o.h.HQL_FUNCTIONS [QueryEngine.java:105] dateadd(TEMPORAL_UNIT field, INTEGER magnitude, TEMPORAL datetime)
2023-11-24 12:36:44,284 DEBUG o.h.HQL_FUNCTIONS [QueryEngine.java:105] Integer datediff(DATE end, DATE start)
2023-11-24 12:36:44,284 DEBUG o.h.HQL_FUNCTIONS [QueryEngine.java:105] Integer day(DATE arg)
2023-11-24 12:36:44,285 DEBUG o.h.HQL_FUNCTIONS [QueryEngine.java:105] String dayname(DATE arg)
2023-11-24 12:36:44,285 DEBUG o.h.HQL_FUNCTIONS [QueryEngine.java:105] Integer dayofmonth(DATE arg)
2023-11-24 12:36:44,285 DEBUG o.h.HQL_FUNCTIONS [QueryEngine.java:105] Integer dayofweek(DATE arg)
2023-11-24 12:36:44,285 DEBUG o.h.HQL_FUNCTIONS [QueryEngine.java:105] Integer dayofyear(DATE arg)
2023-11-24 12:36:44,285 DEBUG o.h.HQL_FUNCTIONS [QueryEngine.java:105] Double degrees(NUMERIC arg)
2023-11-24 12:36:44,285 DEBUG o.h.HQL_FUNCTIONS [QueryEngine.java:105] Boolean every(BOOLEAN arg)
2023-11-24 12:36:44,285 DEBUG o.h.HQL_FUNCTIONS [QueryEngine.java:105] Double exp(NUMERIC arg)
2023-11-24 12:36:44,285 DEBUG o.h.HQL_FUNCTIONS [QueryEngine.java:105] extract(TEMPORAL_UNIT field from TEMPORAL arg)
2023-11-24 12:36:44,286 DEBUG o.h.HQL_FUNCTIONS [QueryEngine.java:105] floor(NUMERIC arg)
2023-11-24 12:36:44,286 DEBUG o.h.HQL_FUNCTIONS [QueryEngine.java:105] String format(TEMPORAL datetime as STRING pattern)
2023-11-24 12:36:44,286 DEBUG o.h.HQL_FUNCTIONS [QueryEngine.java:105] greatest(COMPARABLE arg0, COMPARABLE arg1[, arg2[, ...]])
2023-11-24 12:36:44,286 DEBUG o.h.HQL_FUNCTIONS [QueryEngine.java:105] Integer hour(TIME arg)
2023-11-24 12:36:44,286 DEBUG o.h.HQL_FUNCTIONS [QueryEngine.java:105] ifnull(arg0, arg1)
2023-11-24 12:36:44,286 DEBUG o.h.HQL_FUNCTIONS [QueryEngine.java:105] String insert(STRING string, INTEGER start, INTEGER length, STRING replacement)
2023-11-24 12:36:44,286 DEBUG o.h.HQL_FUNCTIONS [QueryEngine.java:105] Instant instant
2023-11-24 12:36:44,286 DEBUG o.h.HQL_FUNCTIONS [QueryEngine.java:105] Integer instr(STRING string, STRING pattern[, INTEGER start[, INTEGER occurrence]])
2023-11-24 12:36:44,286 DEBUG o.h.HQL_FUNCTIONS [QueryEngine.java:105] Date last_day(DATE arg)
2023-11-24 12:36:44,287 DEBUG o.h.HQL_FUNCTIONS [QueryEngine.java:105] least(COMPARABLE arg0, COMPARABLE arg1[, arg2[, ...]])
2023-11-24 12:36:44,287 DEBUG o.h.HQL_FUNCTIONS [QueryEngine.java:105] String left(STRING string, INTEGER length)
2023-11-24 12:36:44,287 DEBUG o.h.HQL_FUNCTIONS [QueryEngine.java:105] Integer length(STRING_OR_CLOB arg)
2023-11-24 12:36:44,287 DEBUG o.h.HQL_FUNCTIONS [QueryEngine.java:105] String listagg(STRING arg0, STRING arg1)
2023-11-24 12:36:44,287 DEBUG o.h.HQL_FUNCTIONS [QueryEngine.java:105] Double ln(NUMERIC arg)
2023-11-24 12:36:44,287 DEBUG o.h.HQL_FUNCTIONS [QueryEngine.java:105] LocalDate local date
2023-11-24 12:36:44,287 DEBUG o.h.HQL_FUNCTIONS [QueryEngine.java:105] LocalDateTime local datetime
2023-11-24 12:36:44,287 DEBUG o.h.HQL_FUNCTIONS [QueryEngine.java:105] LocalTime local time
2023-11-24 12:36:44,288 DEBUG o.h.HQL_FUNCTIONS [QueryEngine.java:105] LocalDate local_date
2023-11-24 12:36:44,288 DEBUG o.h.HQL_FUNCTIONS [QueryEngine.java:105] LocalDateTime local_datetime
2023-11-24 12:36:44,288 DEBUG o.h.HQL_FUNCTIONS [QueryEngine.java:105] LocalTime local_time
2023-11-24 12:36:44,288 DEBUG o.h.HQL_FUNCTIONS [QueryEngine.java:105] Timestamp localtime
2023-11-24 12:36:44,288 DEBUG o.h.HQL_FUNCTIONS [QueryEngine.java:105] Timestamp localtimestamp
2023-11-24 12:36:44,288 DEBUG o.h.HQL_FUNCTIONS [QueryEngine.java:105] Integer locate(STRING pattern, STRING string[, INTEGER start])
2023-11-24 12:36:44,288 DEBUG o.h.HQL_FUNCTIONS [QueryEngine.java:105] Double log(NUMERIC arg0[, NUMERIC arg1])
2023-11-24 12:36:44,289 DEBUG o.h.HQL_FUNCTIONS [QueryEngine.java:105] Double log10(NUMERIC arg)
2023-11-24 12:36:44,289 DEBUG o.h.HQL_FUNCTIONS [QueryEngine.java:105] Double log2(NUMERIC arg)
2023-11-24 12:36:44,289 DEBUG o.h.HQL_FUNCTIONS [QueryEngine.java:105] String lower(STRING string)
2023-11-24 12:36:44,289 DEBUG o.h.HQL_FUNCTIONS [QueryEngine.java:105] String lpad(string, length[, padding])
2023-11-24 12:36:44,289 DEBUG o.h.HQL_FUNCTIONS [QueryEngine.java:105] String ltrim(STRING string[, STRING characters])
2023-11-24 12:36:44,289 DEBUG o.h.HQL_FUNCTIONS [QueryEngine.java:105] Date makedate(INTEGER year, INTEGER dayofyear)
2023-11-24 12:36:44,289 DEBUG o.h.HQL_FUNCTIONS [QueryEngine.java:105] Time maketime(INTEGER hour, INTEGER min, INTEGER sec)
2023-11-24 12:36:44,289 DEBUG o.h.HQL_FUNCTIONS [QueryEngine.java:105] max(COMPARABLE arg)
2023-11-24 12:36:44,290 DEBUG o.h.HQL_FUNCTIONS [QueryEngine.java:105] String md5(arg)
2023-11-24 12:36:44,290 DEBUG o.h.HQL_FUNCTIONS [QueryEngine.java:105] Integer microsecond(TIME arg)
2023-11-24 12:36:44,290 DEBUG o.h.HQL_FUNCTIONS [QueryEngine.java:105] min(COMPARABLE arg)
2023-11-24 12:36:44,290 DEBUG o.h.HQL_FUNCTIONS [QueryEngine.java:105] Integer minute(TIME arg)
2023-11-24 12:36:44,290 DEBUG o.h.HQL_FUNCTIONS [QueryEngine.java:105] Integer mod(INTEGER arg0, INTEGER arg1)
2023-11-24 12:36:44,291 DEBUG o.h.HQL_FUNCTIONS [QueryEngine.java:105] Integer month(DATE arg)
2023-11-24 12:36:44,291 DEBUG o.h.HQL_FUNCTIONS [QueryEngine.java:105] String monthname(DATE arg)
2023-11-24 12:36:44,291 DEBUG o.h.HQL_FUNCTIONS [QueryEngine.java:105] Timestamp now()
2023-11-24 12:36:44,291 DEBUG o.h.HQL_FUNCTIONS [QueryEngine.java:105] nullif(arg0, arg1)
2023-11-24 12:36:44,291 DEBUG o.h.HQL_FUNCTIONS [QueryEngine.java:105] Integer octet_length(STRING_OR_CLOB arg)
2023-11-24 12:36:44,292 DEBUG o.h.HQL_FUNCTIONS [QueryEngine.java:105] OffsetDateTime offset datetime
2023-11-24 12:36:44,292 DEBUG o.h.HQL_FUNCTIONS [QueryEngine.java:105] OffsetDateTime offset_datetime
2023-11-24 12:36:44,292 DEBUG o.h.HQL_FUNCTIONS [QueryEngine.java:105] String overlay(STRING string placing STRING replacement from INTEGER start[ for INTEGER length])
2023-11-24 12:36:44,292 DEBUG o.h.HQL_FUNCTIONS [QueryEngine.java:105] String pad(STRING string with INTEGER length {leading|trailing}[ STRING character])
2023-11-24 12:36:44,292 DEBUG o.h.HQL_FUNCTIONS [QueryEngine.java:105] Double pi
2023-11-24 12:36:44,293 DEBUG o.h.HQL_FUNCTIONS [QueryEngine.java:105] Integer position(STRING pattern in STRING string)
2023-11-24 12:36:44,293 DEBUG o.h.HQL_FUNCTIONS [QueryEngine.java:105] Double power(NUMERIC arg0, NUMERIC arg1)
2023-11-24 12:36:44,293 DEBUG o.h.HQL_FUNCTIONS [QueryEngine.java:105] Integer quarter(DATE arg)
2023-11-24 12:36:44,294 DEBUG o.h.HQL_FUNCTIONS [QueryEngine.java:105] Double radians(NUMERIC arg)
2023-11-24 12:36:44,294 DEBUG o.h.HQL_FUNCTIONS [QueryEngine.java:105] Double rand([INTEGER seed])
2023-11-24 12:36:44,294 DEBUG o.h.HQL_FUNCTIONS [QueryEngine.java:105] String repeat(STRING string, INTEGER times)
2023-11-24 12:36:44,294 DEBUG o.h.HQL_FUNCTIONS [QueryEngine.java:105] String replace(STRING string, STRING pattern, STRING replacement)
2023-11-24 12:36:44,294 DEBUG o.h.HQL_FUNCTIONS [QueryEngine.java:105] String reverse(STRING arg)
2023-11-24 12:36:44,295 DEBUG o.h.HQL_FUNCTIONS [QueryEngine.java:105] String right(STRING string, INTEGER length)
2023-11-24 12:36:44,295 DEBUG o.h.HQL_FUNCTIONS [QueryEngine.java:105] round(NUMERIC number[, INTEGER places])
2023-11-24 12:36:44,295 DEBUG o.h.HQL_FUNCTIONS [QueryEngine.java:105] String rpad(string, length[, padding])
2023-11-24 12:36:44,295 DEBUG o.h.HQL_FUNCTIONS [QueryEngine.java:105] String rtrim(STRING string[, STRING characters])
2023-11-24 12:36:44,295 DEBUG o.h.HQL_FUNCTIONS [QueryEngine.java:105] Integer second(TIME arg)
2023-11-24 12:36:44,295 DEBUG o.h.HQL_FUNCTIONS [QueryEngine.java:105] String sha(arg)
2023-11-24 12:36:44,296 DEBUG o.h.HQL_FUNCTIONS [QueryEngine.java:105] String sha1(arg)
2023-11-24 12:36:44,296 DEBUG o.h.HQL_FUNCTIONS [QueryEngine.java:105] String sha2(arg0, arg1)
2023-11-24 12:36:44,296 DEBUG o.h.HQL_FUNCTIONS [QueryEngine.java:105] Integer sign(NUMERIC arg)
2023-11-24 12:36:44,296 DEBUG o.h.HQL_FUNCTIONS [QueryEngine.java:105] Double sin(NUMERIC arg)
2023-11-24 12:36:44,296 DEBUG o.h.HQL_FUNCTIONS [QueryEngine.java:105] Double sinh(NUMERIC arg)
2023-11-24 12:36:44,296 DEBUG o.h.HQL_FUNCTIONS [QueryEngine.java:105] String soundex(arg)
2023-11-24 12:36:44,296 DEBUG o.h.HQL_FUNCTIONS [QueryEngine.java:105] String space(INTEGER arg)
2023-11-24 12:36:44,296 DEBUG o.h.HQL_FUNCTIONS [QueryEngine.java:105] Object sql
2023-11-24 12:36:44,297 DEBUG o.h.HQL_FUNCTIONS [QueryEngine.java:105] Double sqrt(NUMERIC arg)
2023-11-24 12:36:44,297 DEBUG o.h.HQL_FUNCTIONS [QueryEngine.java:105] Double stddev(NUMERIC arg)
2023-11-24 12:36:44,297 DEBUG o.h.HQL_FUNCTIONS [QueryEngine.java:105] Double stddev_pop(NUMERIC arg)
2023-11-24 12:36:44,297 DEBUG o.h.HQL_FUNCTIONS [QueryEngine.java:105] Double stddev_samp(NUMERIC arg)
2023-11-24 12:36:44,297 DEBUG o.h.HQL_FUNCTIONS [QueryEngine.java:105] String str(arg)
2023-11-24 12:36:44,298 DEBUG o.h.HQL_FUNCTIONS [QueryEngine.java:105] subdate(DATE datetime, INTEGER days)
2023-11-24 12:36:44,298 DEBUG o.h.HQL_FUNCTIONS [QueryEngine.java:105] String substr(STRING string, INTEGER start[, INTEGER length])
2023-11-24 12:36:44,298 DEBUG o.h.HQL_FUNCTIONS [QueryEngine.java:105] String substring(STRING string{ from|,} INTEGER start[{ for|,} INTEGER length])
2023-11-24 12:36:44,298 DEBUG o.h.HQL_FUNCTIONS [QueryEngine.java:105] subtime(TIME datetime, TIME time)
2023-11-24 12:36:44,298 DEBUG o.h.HQL_FUNCTIONS [QueryEngine.java:105] sum(arg)
2023-11-24 12:36:44,299 DEBUG o.h.HQL_FUNCTIONS [QueryEngine.java:105] Timestamp sysdate()
2023-11-24 12:36:44,299 DEBUG o.h.HQL_FUNCTIONS [QueryEngine.java:105] Double tan(NUMERIC arg)
2023-11-24 12:36:44,299 DEBUG o.h.HQL_FUNCTIONS [QueryEngine.java:105] Double tanh(NUMERIC arg)
2023-11-24 12:36:44,299 DEBUG o.h.HQL_FUNCTIONS [QueryEngine.java:105] String time(arg)
2023-11-24 12:36:44,299 DEBUG o.h.HQL_FUNCTIONS [QueryEngine.java:105] Timestamp timestamp(arg0[, arg1])
2023-11-24 12:36:44,300 DEBUG o.h.HQL_FUNCTIONS [QueryEngine.java:105] timestampadd(TEMPORAL_UNIT field, INTEGER magnitude, TEMPORAL datetime)
2023-11-24 12:36:44,300 DEBUG o.h.HQL_FUNCTIONS [QueryEngine.java:105] basicType@43(java.lang.Long,-5)|basicType@55(java.lang.Double,8) timestampdiff(TEMPORAL_UNIT field, TEMPORAL start, TEMPORAL end)
2023-11-24 12:36:44,300 DEBUG o.h.HQL_FUNCTIONS [QueryEngine.java:105] String trim([[{leading|trailing|both} ][STRING arg0 ]from] STRING arg1)
2023-11-24 12:36:44,300 DEBUG o.h.HQL_FUNCTIONS [QueryEngine.java:105] trunc( ... )
2023-11-24 12:36:44,300 DEBUG o.h.HQL_FUNCTIONS [QueryEngine.java:105] truncate( ... )
2023-11-24 12:36:44,301 DEBUG o.h.HQL_FUNCTIONS [QueryEngine.java:105] String upper(STRING string)
2023-11-24 12:36:44,301 DEBUG o.h.HQL_FUNCTIONS [QueryEngine.java:105] Date utc_date
2023-11-24 12:36:44,301 DEBUG o.h.HQL_FUNCTIONS [QueryEngine.java:105] Time utc_time
2023-11-24 12:36:44,301 DEBUG o.h.HQL_FUNCTIONS [QueryEngine.java:105] Timestamp utc_timestamp
2023-11-24 12:36:44,301 DEBUG o.h.HQL_FUNCTIONS [QueryEngine.java:105] Double var_pop(NUMERIC arg)
2023-11-24 12:36:44,301 DEBUG o.h.HQL_FUNCTIONS [QueryEngine.java:105] Double var_samp(NUMERIC arg)
2023-11-24 12:36:44,301 DEBUG o.h.HQL_FUNCTIONS [QueryEngine.java:105] Double variance(NUMERIC arg)
2023-11-24 12:36:44,302 DEBUG o.h.HQL_FUNCTIONS [QueryEngine.java:105] Integer week(DATE arg)
2023-11-24 12:36:44,302 DEBUG o.h.HQL_FUNCTIONS [QueryEngine.java:105] Integer year(DATE arg)
2023-11-24 12:36:44,302 DEBUG o.h.o.q.p.cache [QueryInterpretationCacheStandardImpl.java:48] Starting QueryPlanCache(2048)
2023-11-24 12:36:44,302 TRACE o.h.s.i.AbstractServiceRegistryImpl [AbstractServiceRegistryImpl.java:235] Initializing service [role=org.hibernate.engine.query.spi.NativeQueryInterpreter]
2023-11-24 12:36:44,303 DEBUG o.h.s.i.SessionFactoryServiceRegistryImpl [SessionFactoryServiceRegistryImpl.java:91] EventListenerRegistry access via ServiceRegistry is deprecated.  Use `sessionFactory.getEventEngine().getListenerRegistry()` instead
2023-11-24 12:36:44,303 TRACE o.h.s.i.AbstractServiceRegistryImpl [AbstractServiceRegistryImpl.java:235] Initializing service [role=org.hibernate.engine.jdbc.mutation.spi.MutationExecutorService]
2023-11-24 12:36:44,303 TRACE o.h.s.i.AbstractServiceRegistryImpl [AbstractServiceRegistryImpl.java:235] Initializing service [role=org.hibernate.event.spi.EntityCopyObserverFactory]
2023-11-24 12:36:44,303 DEBUG o.h.e.i.EntityCopyObserverFactoryInitiator [EntityCopyObserverFactoryInitiator.java:39] Configured EntityCopyObserver strategy: disallow
2023-11-24 12:36:44,303 TRACE o.h.s.i.AbstractServiceRegistryImpl [AbstractServiceRegistryImpl.java:235] Initializing service [role=org.hibernate.sql.results.jdbc.spi.JdbcValuesMappingProducerProvider]
2023-11-24 12:36:44,304 TRACE o.h.s.i.AbstractServiceRegistryImpl [AbstractServiceRegistryImpl.java:235] Initializing service [role=org.hibernate.engine.jdbc.batch.spi.BatchBuilder]
2023-11-24 12:36:44,304 TRACE o.h.o.j.batch [BatchBuilderImpl.java:42] Using standard BatchBuilder (1)
2023-11-24 12:36:44,304 TRACE o.h.s.i.AbstractServiceRegistryImpl [AbstractServiceRegistryImpl.java:235] Initializing service [role=org.hibernate.persister.spi.PersisterFactory]
2023-11-24 12:36:44,304 TRACE o.h.s.i.AbstractServiceRegistryImpl [AbstractServiceRegistryImpl.java:235] Initializing service [role=org.hibernate.persister.spi.PersisterClassResolver]
2023-11-24 12:36:44,305 DEBUG o.h.b.i.ClassLoaderAccessImpl [ClassLoaderAccessImpl.java:60] Not known whether passed class name [franco.maurizio.hr.desk.com.persistence.entity.Survey] is safe
2023-11-24 12:36:44,305 DEBUG o.h.b.i.ClassLoaderAccessImpl [ClassLoaderAccessImpl.java:62] No temp ClassLoader provided; using live ClassLoader for loading potentially unsafe class : franco.maurizio.hr.desk.com.persistence.entity.Survey
2023-11-24 12:36:44,305 TRACE o.h.s.i.AbstractServiceRegistryImpl [AbstractServiceRegistryImpl.java:235] Initializing service [role=org.hibernate.property.access.spi.PropertyAccessStrategyResolver]
2023-11-24 12:36:44,318 DEBUG o.h.b.i.b.BytecodeProviderImpl [BytecodeProviderImpl.java:235] HHH000513: Unable to create the ReflectionOptimizer for [franco.maurizio.hr.desk.com.persistence.entity.Survey]: private accessor [description]
2023-11-24 12:36:44,318 TRACE o.h.p.e.AbstractPropertyMapping [AbstractPropertyMapping.java:115] Skipping duplicate registration of path [description], existing type = [basicType@44(java.lang.String,12)], incoming type = [basicType@44(java.lang.String,12)]
2023-11-24 12:36:44,319 TRACE o.h.p.e.AbstractPropertyMapping [AbstractPropertyMapping.java:115] Skipping duplicate registration of path [label], existing type = [basicType@44(java.lang.String,12)], incoming type = [basicType@44(java.lang.String,12)]
2023-11-24 12:36:44,319 TRACE o.h.p.e.AbstractPropertyMapping [AbstractPropertyMapping.java:115] Skipping duplicate registration of path [time], existing type = [basicType@43(java.lang.Long,-5)], incoming type = [basicType@43(java.lang.Long,-5)]
2023-11-24 12:36:44,319 TRACE o.h.p.e.AbstractPropertyMapping [AbstractPropertyMapping.java:115] Skipping duplicate registration of path [id], existing type = [basicType@43(java.lang.Long,-5)], incoming type = [basicType@43(java.lang.Long,-5)]
2023-11-24 12:36:44,320 DEBUG o.h.b.i.ClassLoaderAccessImpl [ClassLoaderAccessImpl.java:60] Not known whether passed class name [franco.maurizio.hr.desk.com.persistence.entity.PositionUserOwner] is safe
2023-11-24 12:36:44,320 DEBUG o.h.b.i.ClassLoaderAccessImpl [ClassLoaderAccessImpl.java:62] No temp ClassLoader provided; using live ClassLoader for loading potentially unsafe class : franco.maurizio.hr.desk.com.persistence.entity.PositionUserOwner
2023-11-24 12:36:44,331 DEBUG o.h.b.i.b.BytecodeProviderImpl [BytecodeProviderImpl.java:235] HHH000513: Unable to create the ReflectionOptimizer for [franco.maurizio.hr.desk.com.persistence.entity.PositionUserOwner]: private accessor [coursePageId]
2023-11-24 12:36:44,332 TRACE o.h.p.e.AbstractPropertyMapping [AbstractPropertyMapping.java:115] Skipping duplicate registration of path [coursePageId], existing type = [basicType@43(java.lang.Long,-5)], incoming type = [basicType@43(java.lang.Long,-5)]
2023-11-24 12:36:44,333 TRACE o.h.p.e.AbstractPropertyMapping [AbstractPropertyMapping.java:115] Skipping duplicate registration of path [userId], existing type = [basicType@43(java.lang.Long,-5)], incoming type = [basicType@43(java.lang.Long,-5)]
2023-11-24 12:36:44,333 TRACE o.h.p.e.AbstractPropertyMapping [AbstractPropertyMapping.java:115] Skipping duplicate registration of path [id], existing type = [basicType@43(java.lang.Long,-5)], incoming type = [basicType@43(java.lang.Long,-5)]
2023-11-24 12:36:44,334 DEBUG o.h.b.i.ClassLoaderAccessImpl [ClassLoaderAccessImpl.java:60] Not known whether passed class name [franco.maurizio.hr.desk.com.persistence.entity.Question] is safe
2023-11-24 12:36:44,334 DEBUG o.h.b.i.ClassLoaderAccessImpl [ClassLoaderAccessImpl.java:62] No temp ClassLoader provided; using live ClassLoader for loading potentially unsafe class : franco.maurizio.hr.desk.com.persistence.entity.Question
2023-11-24 12:36:44,361 DEBUG o.h.b.i.b.BytecodeProviderImpl [BytecodeProviderImpl.java:235] HHH000513: Unable to create the ReflectionOptimizer for [franco.maurizio.hr.desk.com.persistence.entity.Question]: private accessor [ansa]
2023-11-24 12:36:44,363 TRACE o.h.p.e.AbstractPropertyMapping [AbstractPropertyMapping.java:115] Skipping duplicate registration of path [ansa], existing type = [basicType@44(java.lang.String,12)], incoming type = [basicType@44(java.lang.String,12)]
2023-11-24 12:36:44,363 TRACE o.h.p.e.AbstractPropertyMapping [AbstractPropertyMapping.java:115] Skipping duplicate registration of path [ansb], existing type = [basicType@44(java.lang.String,12)], incoming type = [basicType@44(java.lang.String,12)]
2023-11-24 12:36:44,364 TRACE o.h.p.e.AbstractPropertyMapping [AbstractPropertyMapping.java:115] Skipping duplicate registration of path [ansc], existing type = [basicType@44(java.lang.String,12)], incoming type = [basicType@44(java.lang.String,12)]
2023-11-24 12:36:44,364 TRACE o.h.p.e.AbstractPropertyMapping [AbstractPropertyMapping.java:115] Skipping duplicate registration of path [ansd], existing type = [basicType@44(java.lang.String,12)], incoming type = [basicType@44(java.lang.String,12)]
2023-11-24 12:36:44,364 TRACE o.h.p.e.AbstractPropertyMapping [AbstractPropertyMapping.java:115] Skipping duplicate registration of path [anse], existing type = [basicType@44(java.lang.String,12)], incoming type = [basicType@44(java.lang.String,12)]
2023-11-24 12:36:44,364 TRACE o.h.p.e.AbstractPropertyMapping [AbstractPropertyMapping.java:115] Skipping duplicate registration of path [ansf], existing type = [basicType@44(java.lang.String,12)], incoming type = [basicType@44(java.lang.String,12)]
2023-11-24 12:36:44,365 TRACE o.h.p.e.AbstractPropertyMapping [AbstractPropertyMapping.java:115] Skipping duplicate registration of path [ansg], existing type = [basicType@44(java.lang.String,12)], incoming type = [basicType@44(java.lang.String,12)]
2023-11-24 12:36:44,365 TRACE o.h.p.e.AbstractPropertyMapping [AbstractPropertyMapping.java:115] Skipping duplicate registration of path [ansh], existing type = [basicType@44(java.lang.String,12)], incoming type = [basicType@44(java.lang.String,12)]
2023-11-24 12:36:44,365 TRACE o.h.p.e.AbstractPropertyMapping [AbstractPropertyMapping.java:115] Skipping duplicate registration of path [cansa], existing type = [basicType@46(java.lang.Boolean,16)], incoming type = [basicType@46(java.lang.Boolean,16)]
2023-11-24 12:36:44,365 TRACE o.h.p.e.AbstractPropertyMapping [AbstractPropertyMapping.java:115] Skipping duplicate registration of path [cansb], existing type = [basicType@46(java.lang.Boolean,16)], incoming type = [basicType@46(java.lang.Boolean,16)]
2023-11-24 12:36:44,365 TRACE o.h.p.e.AbstractPropertyMapping [AbstractPropertyMapping.java:115] Skipping duplicate registration of path [cansc], existing type = [basicType@46(java.lang.Boolean,16)], incoming type = [basicType@46(java.lang.Boolean,16)]
2023-11-24 12:36:44,366 TRACE o.h.p.e.AbstractPropertyMapping [AbstractPropertyMapping.java:115] Skipping duplicate registration of path [cansd], existing type = [basicType@46(java.lang.Boolean,16)], incoming type = [basicType@46(java.lang.Boolean,16)]
2023-11-24 12:36:44,366 TRACE o.h.p.e.AbstractPropertyMapping [AbstractPropertyMapping.java:115] Skipping duplicate registration of path [canse], existing type = [basicType@46(java.lang.Boolean,16)], incoming type = [basicType@46(java.lang.Boolean,16)]
2023-11-24 12:36:44,366 TRACE o.h.p.e.AbstractPropertyMapping [AbstractPropertyMapping.java:115] Skipping duplicate registration of path [cansf], existing type = [basicType@46(java.lang.Boolean,16)], incoming type = [basicType@46(java.lang.Boolean,16)]
2023-11-24 12:36:44,366 TRACE o.h.p.e.AbstractPropertyMapping [AbstractPropertyMapping.java:115] Skipping duplicate registration of path [cansg], existing type = [basicType@46(java.lang.Boolean,16)], incoming type = [basicType@46(java.lang.Boolean,16)]
2023-11-24 12:36:44,366 TRACE o.h.p.e.AbstractPropertyMapping [AbstractPropertyMapping.java:115] Skipping duplicate registration of path [cansh], existing type = [basicType@46(java.lang.Boolean,16)], incoming type = [basicType@46(java.lang.Boolean,16)]
2023-11-24 12:36:44,367 TRACE o.h.p.e.AbstractPropertyMapping [AbstractPropertyMapping.java:115] Skipping duplicate registration of path [description], existing type = [basicType@44(java.lang.String,12)], incoming type = [basicType@44(java.lang.String,12)]
2023-11-24 12:36:44,367 TRACE o.h.p.e.AbstractPropertyMapping [AbstractPropertyMapping.java:115] Skipping duplicate registration of path [fullAnswer], existing type = [basicType@44(java.lang.String,12)], incoming type = [basicType@44(java.lang.String,12)]
2023-11-24 12:36:44,367 TRACE o.h.p.e.AbstractPropertyMapping [AbstractPropertyMapping.java:115] Skipping duplicate registration of path [label], existing type = [basicType@44(java.lang.String,12)], incoming type = [basicType@44(java.lang.String,12)]
2023-11-24 12:36:44,367 TRACE o.h.p.e.AbstractPropertyMapping [AbstractPropertyMapping.java:115] Skipping duplicate registration of path [id], existing type = [basicType@43(java.lang.Long,-5)], incoming type = [basicType@43(java.lang.Long,-5)]
2023-11-24 12:36:44,368 DEBUG o.h.b.i.ClassLoaderAccessImpl [ClassLoaderAccessImpl.java:60] Not known whether passed class name [franco.maurizio.hr.desk.com.persistence.entity.Candidate] is safe
2023-11-24 12:36:44,368 DEBUG o.h.b.i.ClassLoaderAccessImpl [ClassLoaderAccessImpl.java:62] No temp ClassLoader provided; using live ClassLoader for loading potentially unsafe class : franco.maurizio.hr.desk.com.persistence.entity.Candidate
2023-11-24 12:36:44,392 DEBUG o.h.b.i.b.BytecodeProviderImpl [BytecodeProviderImpl.java:235] HHH000513: Unable to create the ReflectionOptimizer for [franco.maurizio.hr.desk.com.persistence.entity.Candidate]: private accessor [candidacyDateTime]
2023-11-24 12:36:44,393 TRACE o.h.p.e.AbstractPropertyMapping [AbstractPropertyMapping.java:115] Skipping duplicate registration of path [candidacyDateTime], existing type = [basicType@45(java.time.LocalDateTime,93)], incoming type = [basicType@45(java.time.LocalDateTime,93)]
2023-11-24 12:36:44,393 TRACE o.h.p.e.AbstractPropertyMapping [AbstractPropertyMapping.java:115] Skipping duplicate registration of path [candidateStateCode], existing type = [basicType@43(java.lang.Long,-5)], incoming type = [basicType@43(java.lang.Long,-5)]
2023-11-24 12:36:44,394 TRACE o.h.p.e.AbstractPropertyMapping [AbstractPropertyMapping.java:115] Skipping duplicate registration of path [courseCode], existing type = [basicType@44(java.lang.String,12)], incoming type = [basicType@44(java.lang.String,12)]
2023-11-24 12:36:44,394 TRACE o.h.p.e.AbstractPropertyMapping [AbstractPropertyMapping.java:115] Skipping duplicate registration of path [cvExternalPath], existing type = [basicType@44(java.lang.String,12)], incoming type = [basicType@44(java.lang.String,12)]
2023-11-24 12:36:44,394 TRACE o.h.p.e.AbstractPropertyMapping [AbstractPropertyMapping.java:115] Skipping duplicate registration of path [dateOfBirth], existing type = [basicType@48(java.time.LocalDate,91)], incoming type = [basicType@48(java.time.LocalDate,91)]
2023-11-24 12:36:44,394 TRACE o.h.p.e.AbstractPropertyMapping [AbstractPropertyMapping.java:115] Skipping duplicate registration of path [domicileCity], existing type = [basicType@44(java.lang.String,12)], incoming type = [basicType@44(java.lang.String,12)]
2023-11-24 12:36:44,395 TRACE o.h.p.e.AbstractPropertyMapping [AbstractPropertyMapping.java:115] Skipping duplicate registration of path [email], existing type = [basicType@44(java.lang.String,12)], incoming type = [basicType@44(java.lang.String,12)]
2023-11-24 12:36:44,395 TRACE o.h.p.e.AbstractPropertyMapping [AbstractPropertyMapping.java:115] Skipping duplicate registration of path [firstname], existing type = [basicType@44(java.lang.String,12)], incoming type = [basicType@44(java.lang.String,12)]
2023-11-24 12:36:44,395 TRACE o.h.p.e.AbstractPropertyMapping [AbstractPropertyMapping.java:115] Skipping duplicate registration of path [graduate], existing type = [basicType@46(java.lang.Boolean,16)], incoming type = [basicType@46(java.lang.Boolean,16)]
2023-11-24 12:36:44,395 TRACE o.h.p.e.AbstractPropertyMapping [AbstractPropertyMapping.java:115] Skipping duplicate registration of path [highGraduate], existing type = [basicType@46(java.lang.Boolean,16)], incoming type = [basicType@46(java.lang.Boolean,16)]
2023-11-24 12:36:44,395 TRACE o.h.p.e.AbstractPropertyMapping [AbstractPropertyMapping.java:115] Skipping duplicate registration of path [hrNote], existing type = [basicType@44(java.lang.String,12)], incoming type = [basicType@44(java.lang.String,12)]
2023-11-24 12:36:44,396 TRACE o.h.p.e.AbstractPropertyMapping [AbstractPropertyMapping.java:115] Skipping duplicate registration of path [imgpath], existing type = [basicType@44(java.lang.String,12)], incoming type = [basicType@44(java.lang.String,12)]
2023-11-24 12:36:44,396 TRACE o.h.p.e.AbstractPropertyMapping [AbstractPropertyMapping.java:115] Skipping duplicate registration of path [insertedBy], existing type = [basicType@43(java.lang.Long,-5)], incoming type = [basicType@43(java.lang.Long,-5)]
2023-11-24 12:36:44,396 TRACE o.h.p.e.AbstractPropertyMapping [AbstractPropertyMapping.java:115] Skipping duplicate registration of path [label], existing type = [basicType@44(java.lang.String,12)], incoming type = [basicType@44(java.lang.String,12)]
2023-11-24 12:36:44,396 TRACE o.h.p.e.AbstractPropertyMapping [AbstractPropertyMapping.java:115] Skipping duplicate registration of path [lastname], existing type = [basicType@44(java.lang.String,12)], incoming type = [basicType@44(java.lang.String,12)]
2023-11-24 12:36:44,397 TRACE o.h.p.e.AbstractPropertyMapping [AbstractPropertyMapping.java:115] Skipping duplicate registration of path [mobile], existing type = [basicType@44(java.lang.String,12)], incoming type = [basicType@44(java.lang.String,12)]
2023-11-24 12:36:44,397 TRACE o.h.p.e.AbstractPropertyMapping [AbstractPropertyMapping.java:115] Skipping duplicate registration of path [regdate], existing type = [basicType@45(java.time.LocalDateTime,93)], incoming type = [basicType@45(java.time.LocalDateTime,93)]
2023-11-24 12:36:44,397 TRACE o.h.p.e.AbstractPropertyMapping [AbstractPropertyMapping.java:115] Skipping duplicate registration of path [stillHighStudy], existing type = [basicType@46(java.lang.Boolean,16)], incoming type = [basicType@46(java.lang.Boolean,16)]
2023-11-24 12:36:44,397 TRACE o.h.p.e.AbstractPropertyMapping [AbstractPropertyMapping.java:115] Skipping duplicate registration of path [studyQualification], existing type = [basicType@44(java.lang.String,12)], incoming type = [basicType@44(java.lang.String,12)]
2023-11-24 12:36:44,397 TRACE o.h.p.e.AbstractPropertyMapping [AbstractPropertyMapping.java:115] Skipping duplicate registration of path [technicalNote], existing type = [basicType@44(java.lang.String,12)], incoming type = [basicType@44(java.lang.String,12)]
2023-11-24 12:36:44,398 TRACE o.h.p.e.AbstractPropertyMapping [AbstractPropertyMapping.java:115] Skipping duplicate registration of path [id], existing type = [basicType@43(java.lang.Long,-5)], incoming type = [basicType@43(java.lang.Long,-5)]
2023-11-24 12:36:44,398 DEBUG o.h.b.i.ClassLoaderAccessImpl [ClassLoaderAccessImpl.java:60] Not known whether passed class name [franco.maurizio.hr.desk.com.persistence.entity.SurveyReply] is safe
2023-11-24 12:36:44,398 DEBUG o.h.b.i.ClassLoaderAccessImpl [ClassLoaderAccessImpl.java:62] No temp ClassLoader provided; using live ClassLoader for loading potentially unsafe class : franco.maurizio.hr.desk.com.persistence.entity.SurveyReply
2023-11-24 12:36:44,413 DEBUG o.h.b.i.b.BytecodeProviderImpl [BytecodeProviderImpl.java:235] HHH000513: Unable to create the ReflectionOptimizer for [franco.maurizio.hr.desk.com.persistence.entity.SurveyReply]: private accessor [answers]
2023-11-24 12:36:44,414 TRACE o.h.p.e.AbstractPropertyMapping [AbstractPropertyMapping.java:115] Skipping duplicate registration of path [answers], existing type = [basicType@44(java.lang.String,12)], incoming type = [basicType@44(java.lang.String,12)]
2023-11-24 12:36:44,414 TRACE o.h.p.e.AbstractPropertyMapping [AbstractPropertyMapping.java:115] Skipping duplicate registration of path [candidateId], existing type = [basicType@43(java.lang.Long,-5)], incoming type = [basicType@43(java.lang.Long,-5)]
2023-11-24 12:36:44,414 TRACE o.h.p.e.AbstractPropertyMapping [AbstractPropertyMapping.java:115] Skipping duplicate registration of path [endtime], existing type = [basicType@45(java.time.LocalDateTime,93)], incoming type = [basicType@45(java.time.LocalDateTime,93)]
2023-11-24 12:36:44,414 TRACE o.h.p.e.AbstractPropertyMapping [AbstractPropertyMapping.java:115] Skipping duplicate registration of path [generated_token], existing type = [basicType@44(java.lang.String,12)], incoming type = [basicType@44(java.lang.String,12)]
2023-11-24 12:36:44,415 TRACE o.h.p.e.AbstractPropertyMapping [AbstractPropertyMapping.java:115] Skipping duplicate registration of path [pdffilename], existing type = [basicType@44(java.lang.String,12)], incoming type = [basicType@44(java.lang.String,12)]
2023-11-24 12:36:44,415 TRACE o.h.p.e.AbstractPropertyMapping [AbstractPropertyMapping.java:115] Skipping duplicate registration of path [points], existing type = [basicType@44(java.lang.String,12)], incoming type = [basicType@44(java.lang.String,12)]
2023-11-24 12:36:44,415 TRACE o.h.p.e.AbstractPropertyMapping [AbstractPropertyMapping.java:115] Skipping duplicate registration of path [starttime], existing type = [basicType@45(java.time.LocalDateTime,93)], incoming type = [basicType@45(java.time.LocalDateTime,93)]
2023-11-24 12:36:44,415 TRACE o.h.p.e.AbstractPropertyMapping [AbstractPropertyMapping.java:115] Skipping duplicate registration of path [surveyId], existing type = [basicType@43(java.lang.Long,-5)], incoming type = [basicType@43(java.lang.Long,-5)]
2023-11-24 12:36:44,416 TRACE o.h.p.e.AbstractPropertyMapping [AbstractPropertyMapping.java:115] Skipping duplicate registration of path [id], existing type = [basicType@43(java.lang.Long,-5)], incoming type = [basicType@43(java.lang.Long,-5)]
2023-11-24 12:36:44,416 DEBUG o.h.b.i.ClassLoaderAccessImpl [ClassLoaderAccessImpl.java:60] Not known whether passed class name [franco.maurizio.hr.desk.com.persistence.entity.User] is safe
2023-11-24 12:36:44,416 DEBUG o.h.b.i.ClassLoaderAccessImpl [ClassLoaderAccessImpl.java:62] No temp ClassLoader provided; using live ClassLoader for loading potentially unsafe class : franco.maurizio.hr.desk.com.persistence.entity.User
2023-11-24 12:36:44,429 DEBUG o.h.b.i.b.BytecodeProviderImpl [BytecodeProviderImpl.java:235] HHH000513: Unable to create the ReflectionOptimizer for [franco.maurizio.hr.desk.com.persistence.entity.User]: private accessor [email]
2023-11-24 12:36:44,430 TRACE o.h.p.e.AbstractPropertyMapping [AbstractPropertyMapping.java:115] Skipping duplicate registration of path [email], existing type = [basicType@44(java.lang.String,12)], incoming type = [basicType@44(java.lang.String,12)]
2023-11-24 12:36:44,430 TRACE o.h.p.e.AbstractPropertyMapping [AbstractPropertyMapping.java:115] Skipping duplicate registration of path [enabled], existing type = [basicType@46(java.lang.Boolean,16)], incoming type = [basicType@46(java.lang.Boolean,16)]
2023-11-24 12:36:44,431 TRACE o.h.p.e.AbstractPropertyMapping [AbstractPropertyMapping.java:115] Skipping duplicate registration of path [firstname], existing type = [basicType@44(java.lang.String,12)], incoming type = [basicType@44(java.lang.String,12)]
2023-11-24 12:36:44,431 TRACE o.h.p.e.AbstractPropertyMapping [AbstractPropertyMapping.java:115] Skipping duplicate registration of path [lastname], existing type = [basicType@44(java.lang.String,12)], incoming type = [basicType@44(java.lang.String,12)]
2023-11-24 12:36:44,431 TRACE o.h.p.e.AbstractPropertyMapping [AbstractPropertyMapping.java:115] Skipping duplicate registration of path [password], existing type = [basicType@44(java.lang.String,12)], incoming type = [basicType@44(java.lang.String,12)]
2023-11-24 12:36:44,431 TRACE o.h.p.e.AbstractPropertyMapping [AbstractPropertyMapping.java:115] Skipping duplicate registration of path [regdate], existing type = [basicType@45(java.time.LocalDateTime,93)], incoming type = [basicType@45(java.time.LocalDateTime,93)]
2023-11-24 12:36:44,431 TRACE o.h.p.e.AbstractPropertyMapping [AbstractPropertyMapping.java:115] Skipping duplicate registration of path [role], existing type = [basicType@47(java.lang.Integer,4)], incoming type = [basicType@47(java.lang.Integer,4)]
2023-11-24 12:36:44,432 TRACE o.h.p.e.AbstractPropertyMapping [AbstractPropertyMapping.java:115] Skipping duplicate registration of path [id], existing type = [basicType@43(java.lang.Long,-5)], incoming type = [basicType@43(java.lang.Long,-5)]
2023-11-24 12:36:44,432 DEBUG o.h.b.i.ClassLoaderAccessImpl [ClassLoaderAccessImpl.java:60] Not known whether passed class name [franco.maurizio.hr.desk.com.persistence.entity.SurveyQuestion] is safe
2023-11-24 12:36:44,432 DEBUG o.h.b.i.ClassLoaderAccessImpl [ClassLoaderAccessImpl.java:62] No temp ClassLoader provided; using live ClassLoader for loading potentially unsafe class : franco.maurizio.hr.desk.com.persistence.entity.SurveyQuestion
2023-11-24 12:36:44,444 DEBUG o.h.b.i.b.BytecodeProviderImpl [BytecodeProviderImpl.java:235] HHH000513: Unable to create the ReflectionOptimizer for [franco.maurizio.hr.desk.com.persistence.entity.SurveyQuestion]: private accessor [position]
2023-11-24 12:36:44,445 TRACE o.h.p.e.AbstractPropertyMapping [AbstractPropertyMapping.java:115] Skipping duplicate registration of path [position], existing type = [basicType@43(java.lang.Long,-5)], incoming type = [basicType@43(java.lang.Long,-5)]
2023-11-24 12:36:44,446 TRACE o.h.p.e.AbstractPropertyMapping [AbstractPropertyMapping.java:115] Skipping duplicate registration of path [questionId], existing type = [basicType@43(java.lang.Long,-5)], incoming type = [basicType@43(java.lang.Long,-5)]
2023-11-24 12:36:44,446 TRACE o.h.p.e.AbstractPropertyMapping [AbstractPropertyMapping.java:115] Skipping duplicate registration of path [surveyId], existing type = [basicType@43(java.lang.Long,-5)], incoming type = [basicType@43(java.lang.Long,-5)]
2023-11-24 12:36:44,446 TRACE o.h.p.e.AbstractPropertyMapping [AbstractPropertyMapping.java:115] Skipping duplicate registration of path [id], existing type = [basicType@43(java.lang.Long,-5)], incoming type = [basicType@43(java.lang.Long,-5)]
2023-11-24 12:36:44,447 DEBUG o.h.b.i.ClassLoaderAccessImpl [ClassLoaderAccessImpl.java:60] Not known whether passed class name [franco.maurizio.hr.desk.com.persistence.entity.CandidateSurveyToken] is safe
2023-11-24 12:36:44,447 DEBUG o.h.b.i.ClassLoaderAccessImpl [ClassLoaderAccessImpl.java:62] No temp ClassLoader provided; using live ClassLoader for loading potentially unsafe class : franco.maurizio.hr.desk.com.persistence.entity.CandidateSurveyToken
2023-11-24 12:36:44,459 DEBUG o.h.b.i.b.BytecodeProviderImpl [BytecodeProviderImpl.java:235] HHH000513: Unable to create the ReflectionOptimizer for [franco.maurizio.hr.desk.com.persistence.entity.CandidateSurveyToken]: private accessor [candidateId]
2023-11-24 12:36:44,460 TRACE o.h.p.e.AbstractPropertyMapping [AbstractPropertyMapping.java:115] Skipping duplicate registration of path [candidateId], existing type = [basicType@43(java.lang.Long,-5)], incoming type = [basicType@43(java.lang.Long,-5)]
2023-11-24 12:36:44,461 TRACE o.h.p.e.AbstractPropertyMapping [AbstractPropertyMapping.java:115] Skipping duplicate registration of path [expirationDateTime], existing type = [basicType@45(java.time.LocalDateTime,93)], incoming type = [basicType@45(java.time.LocalDateTime,93)]
2023-11-24 12:36:44,461 TRACE o.h.p.e.AbstractPropertyMapping [AbstractPropertyMapping.java:115] Skipping duplicate registration of path [expired], existing type = [basicType@46(java.lang.Boolean,16)], incoming type = [basicType@46(java.lang.Boolean,16)]
2023-11-24 12:36:44,461 TRACE o.h.p.e.AbstractPropertyMapping [AbstractPropertyMapping.java:115] Skipping duplicate registration of path [generatedToken], existing type = [basicType@44(java.lang.String,12)], incoming type = [basicType@44(java.lang.String,12)]
2023-11-24 12:36:44,462 TRACE o.h.p.e.AbstractPropertyMapping [AbstractPropertyMapping.java:115] Skipping duplicate registration of path [surveyId], existing type = [basicType@43(java.lang.Long,-5)], incoming type = [basicType@43(java.lang.Long,-5)]
2023-11-24 12:36:44,462 TRACE o.h.p.e.AbstractPropertyMapping [AbstractPropertyMapping.java:115] Skipping duplicate registration of path [id], existing type = [basicType@43(java.lang.Long,-5)], incoming type = [basicType@43(java.lang.Long,-5)]
2023-11-24 12:36:44,462 DEBUG o.h.b.i.ClassLoaderAccessImpl [ClassLoaderAccessImpl.java:60] Not known whether passed class name [franco.maurizio.hr.desk.com.persistence.entity.CandidateStates] is safe
2023-11-24 12:36:44,463 DEBUG o.h.b.i.ClassLoaderAccessImpl [ClassLoaderAccessImpl.java:62] No temp ClassLoader provided; using live ClassLoader for loading potentially unsafe class : franco.maurizio.hr.desk.com.persistence.entity.CandidateStates
2023-11-24 12:36:44,475 DEBUG o.h.b.i.b.BytecodeProviderImpl [BytecodeProviderImpl.java:235] HHH000513: Unable to create the ReflectionOptimizer for [franco.maurizio.hr.desk.com.persistence.entity.CandidateStates]: private accessor [roleId]
2023-11-24 12:36:44,476 TRACE o.h.p.e.AbstractPropertyMapping [AbstractPropertyMapping.java:115] Skipping duplicate registration of path [roleId], existing type = [basicType@43(java.lang.Long,-5)], incoming type = [basicType@43(java.lang.Long,-5)]
2023-11-24 12:36:44,476 TRACE o.h.p.e.AbstractPropertyMapping [AbstractPropertyMapping.java:115] Skipping duplicate registration of path [statusCode], existing type = [basicType@47(java.lang.Integer,4)], incoming type = [basicType@47(java.lang.Integer,4)]
2023-11-24 12:36:44,476 TRACE o.h.p.e.AbstractPropertyMapping [AbstractPropertyMapping.java:115] Skipping duplicate registration of path [statusColor], existing type = [basicType@44(java.lang.String,12)], incoming type = [basicType@44(java.lang.String,12)]
2023-11-24 12:36:44,477 TRACE o.h.p.e.AbstractPropertyMapping [AbstractPropertyMapping.java:115] Skipping duplicate registration of path [statusDescription], existing type = [basicType@44(java.lang.String,12)], incoming type = [basicType@44(java.lang.String,12)]
2023-11-24 12:36:44,477 TRACE o.h.p.e.AbstractPropertyMapping [AbstractPropertyMapping.java:115] Skipping duplicate registration of path [statusLabel], existing type = [basicType@44(java.lang.String,12)], incoming type = [basicType@44(java.lang.String,12)]
2023-11-24 12:36:44,477 TRACE o.h.p.e.AbstractPropertyMapping [AbstractPropertyMapping.java:115] Skipping duplicate registration of path [id], existing type = [basicType@43(java.lang.Long,-5)], incoming type = [basicType@43(java.lang.Long,-5)]
2023-11-24 12:36:44,478 DEBUG o.h.b.i.ClassLoaderAccessImpl [ClassLoaderAccessImpl.java:60] Not known whether passed class name [franco.maurizio.hr.desk.com.persistence.entity.CoursePage] is safe
2023-11-24 12:36:44,478 DEBUG o.h.b.i.ClassLoaderAccessImpl [ClassLoaderAccessImpl.java:62] No temp ClassLoader provided; using live ClassLoader for loading potentially unsafe class : franco.maurizio.hr.desk.com.persistence.entity.CoursePage
2023-11-24 12:36:44,491 DEBUG o.h.b.i.b.BytecodeProviderImpl [BytecodeProviderImpl.java:235] HHH000513: Unable to create the ReflectionOptimizer for [franco.maurizio.hr.desk.com.persistence.entity.CoursePage]: private accessor [created_datetime]
2023-11-24 12:36:44,492 TRACE o.h.p.e.AbstractPropertyMapping [AbstractPropertyMapping.java:115] Skipping duplicate registration of path [bodyText], existing type = [basicType@44(java.lang.String,12)], incoming type = [basicType@44(java.lang.String,12)]
2023-11-24 12:36:44,492 TRACE o.h.p.e.AbstractPropertyMapping [AbstractPropertyMapping.java:115] Skipping duplicate registration of path [code], existing type = [basicType@44(java.lang.String,12)], incoming type = [basicType@44(java.lang.String,12)]
2023-11-24 12:36:44,492 TRACE o.h.p.e.AbstractPropertyMapping [AbstractPropertyMapping.java:115] Skipping duplicate registration of path [created_datetime], existing type = [basicType@45(java.time.LocalDateTime,93)], incoming type = [basicType@45(java.time.LocalDateTime,93)]
2023-11-24 12:36:44,492 TRACE o.h.p.e.AbstractPropertyMapping [AbstractPropertyMapping.java:115] Skipping duplicate registration of path [fileName], existing type = [basicType@44(java.lang.String,12)], incoming type = [basicType@44(java.lang.String,12)]
2023-11-24 12:36:44,492 TRACE o.h.p.e.AbstractPropertyMapping [AbstractPropertyMapping.java:115] Skipping duplicate registration of path [opened_by], existing type = [basicType@43(java.lang.Long,-5)], incoming type = [basicType@43(java.lang.Long,-5)]
2023-11-24 12:36:44,493 TRACE o.h.p.e.AbstractPropertyMapping [AbstractPropertyMapping.java:115] Skipping duplicate registration of path [statusOpen], existing type = [basicType@46(java.lang.Boolean,16)], incoming type = [basicType@46(java.lang.Boolean,16)]
2023-11-24 12:36:44,493 TRACE o.h.p.e.AbstractPropertyMapping [AbstractPropertyMapping.java:115] Skipping duplicate registration of path [title], existing type = [basicType@44(java.lang.String,12)], incoming type = [basicType@44(java.lang.String,12)]
2023-11-24 12:36:44,493 TRACE o.h.p.e.AbstractPropertyMapping [AbstractPropertyMapping.java:115] Skipping duplicate registration of path [id], existing type = [basicType@43(java.lang.Long,-5)], incoming type = [basicType@43(java.lang.Long,-5)]
2023-11-24 12:36:44,493 DEBUG o.h.b.i.ClassLoaderAccessImpl [ClassLoaderAccessImpl.java:60] Not known whether passed class name [franco.maurizio.hr.desk.com.persistence.entity.Role] is safe
2023-11-24 12:36:44,494 DEBUG o.h.b.i.ClassLoaderAccessImpl [ClassLoaderAccessImpl.java:62] No temp ClassLoader provided; using live ClassLoader for loading potentially unsafe class : franco.maurizio.hr.desk.com.persistence.entity.Role
2023-11-24 12:36:44,503 DEBUG o.h.b.i.b.BytecodeProviderImpl [BytecodeProviderImpl.java:235] HHH000513: Unable to create the ReflectionOptimizer for [franco.maurizio.hr.desk.com.persistence.entity.Role]: private accessor [description]
2023-11-24 12:36:44,504 TRACE o.h.p.e.AbstractPropertyMapping [AbstractPropertyMapping.java:115] Skipping duplicate registration of path [description], existing type = [basicType@44(java.lang.String,12)], incoming type = [basicType@44(java.lang.String,12)]
2023-11-24 12:36:44,504 TRACE o.h.p.e.AbstractPropertyMapping [AbstractPropertyMapping.java:115] Skipping duplicate registration of path [label], existing type = [basicType@44(java.lang.String,12)], incoming type = [basicType@44(java.lang.String,12)]
2023-11-24 12:36:44,504 TRACE o.h.p.e.AbstractPropertyMapping [AbstractPropertyMapping.java:115] Skipping duplicate registration of path [level], existing type = [basicType@47(java.lang.Integer,4)], incoming type = [basicType@47(java.lang.Integer,4)]
2023-11-24 12:36:44,505 TRACE o.h.p.e.AbstractPropertyMapping [AbstractPropertyMapping.java:115] Skipping duplicate registration of path [id], existing type = [basicType@43(java.lang.Long,-5)], incoming type = [basicType@43(java.lang.Long,-5)]
2023-11-24 12:36:44,511 DEBUG o.h.o.m.m.creation [MappingModelCreationProcess.java:92] Starting post-init callbacks
2023-11-24 12:36:44,511 DEBUG o.h.o.m.m.creation [MappingModelCreationProcess.java:242] Starting PostInitCallbackEntry : Entity(franco.maurizio.hr.desk.com.persistence.entity.Survey) `staticFetchableList` generator
2023-11-24 12:36:44,512 DEBUG o.h.o.m.m.creation [MappingModelCreationProcess.java:242] Starting PostInitCallbackEntry : Entity(franco.maurizio.hr.desk.com.persistence.entity.PositionUserOwner) `staticFetchableList` generator
2023-11-24 12:36:44,512 DEBUG o.h.o.m.m.creation [MappingModelCreationProcess.java:242] Starting PostInitCallbackEntry : Entity(franco.maurizio.hr.desk.com.persistence.entity.Question) `staticFetchableList` generator
2023-11-24 12:36:44,512 DEBUG o.h.o.m.m.creation [MappingModelCreationProcess.java:242] Starting PostInitCallbackEntry : Entity(franco.maurizio.hr.desk.com.persistence.entity.Candidate) `staticFetchableList` generator
2023-11-24 12:36:44,512 DEBUG o.h.o.m.m.creation [MappingModelCreationProcess.java:242] Starting PostInitCallbackEntry : Entity(franco.maurizio.hr.desk.com.persistence.entity.SurveyReply) `staticFetchableList` generator
2023-11-24 12:36:44,512 DEBUG o.h.o.m.m.creation [MappingModelCreationProcess.java:242] Starting PostInitCallbackEntry : Entity(franco.maurizio.hr.desk.com.persistence.entity.User) `staticFetchableList` generator
2023-11-24 12:36:44,513 DEBUG o.h.o.m.m.creation [MappingModelCreationProcess.java:242] Starting PostInitCallbackEntry : Entity(franco.maurizio.hr.desk.com.persistence.entity.SurveyQuestion) `staticFetchableList` generator
2023-11-24 12:36:44,513 DEBUG o.h.o.m.m.creation [MappingModelCreationProcess.java:242] Starting PostInitCallbackEntry : Entity(franco.maurizio.hr.desk.com.persistence.entity.CandidateSurveyToken) `staticFetchableList` generator
2023-11-24 12:36:44,513 DEBUG o.h.o.m.m.creation [MappingModelCreationProcess.java:242] Starting PostInitCallbackEntry : Entity(franco.maurizio.hr.desk.com.persistence.entity.CandidateStates) `staticFetchableList` generator
2023-11-24 12:36:44,513 DEBUG o.h.o.m.m.creation [MappingModelCreationProcess.java:242] Starting PostInitCallbackEntry : Entity(franco.maurizio.hr.desk.com.persistence.entity.CoursePage) `staticFetchableList` generator
2023-11-24 12:36:44,513 DEBUG o.h.o.m.m.creation [MappingModelCreationProcess.java:242] Starting PostInitCallbackEntry : Entity(franco.maurizio.hr.desk.com.persistence.entity.Role) `staticFetchableList` generator
2023-11-24 12:36:44,514 DEBUG o.h.p.e.AbstractEntityPersister [AbstractEntityPersister.java:2904] Static SQL for entity: franco.maurizio.hr.desk.com.persistence.entity.Survey
2023-11-24 12:36:44,515 DEBUG o.h.p.e.AbstractEntityPersister [AbstractEntityPersister.java:2909]  Version select: select id from surveys where id=?
2023-11-24 12:36:44,515 DEBUG o.h.p.e.AbstractEntityPersister [DelegatingBasicLogger.java:393]  Insert (0): insert into surveys (description,label,time) values (?,?,?)
2023-11-24 12:36:44,515 DEBUG o.h.p.e.AbstractEntityPersister [DelegatingBasicLogger.java:393]  Update (0): update surveys set description=?,label=?,time=? where id=?
2023-11-24 12:36:44,515 DEBUG o.h.p.e.AbstractEntityPersister [DelegatingBasicLogger.java:393]  Delete (0): delete from surveys where id=?
2023-11-24 12:36:44,515 DEBUG o.h.o.s.a.create [SqlAliasBaseImpl.java:33] Created new SQL alias : s1_0
2023-11-24 12:36:44,515 DEBUG o.h.o.s.a.create [SimpleFromClauseAccessImpl.java:98] Registration of TableGroup [StandardTableGroup(franco.maurizio.hr.desk.com.persistence.entity.Survey)] with identifierForTableGroup [franco.maurizio.hr.desk.com.persistence.entity.Survey] for NavigablePath [franco.maurizio.hr.desk.com.persistence.entity.Survey] 
2023-11-24 12:36:44,516 TRACE o.h.l.a.i.LoaderSelectBuilder [LoaderSelectBuilder.java:779] Starting visitation of FetchParent's Fetchables : franco.maurizio.hr.desk.com.persistence.entity.Survey
2023-11-24 12:36:44,516 DEBUG o.h.o.r.g.AST [DomainResultGraphPrinter.java:67] DomainResult Graph:
 \-EntityResultImpl [franco.maurizio.hr.desk.com.persistence.entity.Survey]
 |  +-BasicFetch [franco.maurizio.hr.desk.com.persistence.entity.Survey.description]
 |  +-BasicFetch [franco.maurizio.hr.desk.com.persistence.entity.Survey.label]
 |  \-BasicFetch [franco.maurizio.hr.desk.com.persistence.entity.Survey.time]

2023-11-24 12:36:44,517 TRACE o.h.o.r.g.AST [DomainResultGraphPrinter.java:70] Stack trace calling DomainResultGraphPrinter
java.lang.Exception: null
	at org.hibernate.sql.results.graph.DomainResultGraphPrinter.visitDomainResults(DomainResultGraphPrinter.java:70)
	at org.hibernate.sql.results.graph.DomainResultGraphPrinter.logDomainResultGraph(DomainResultGraphPrinter.java:46)
	at org.hibernate.sql.results.graph.DomainResultGraphPrinter.logDomainResultGraph(DomainResultGraphPrinter.java:37)
	at org.hibernate.sql.ast.spi.AbstractSqlAstTranslator.translateSelect(AbstractSqlAstTranslator.java:848)
	at org.hibernate.sql.ast.spi.AbstractSqlAstTranslator.translate(AbstractSqlAstTranslator.java:801)
	at org.hibernate.loader.ast.internal.SingleIdLoadPlan.<init>(SingleIdLoadPlan.java:67)
	at org.hibernate.loader.ast.internal.SingleIdEntityLoaderStandardImpl.createLoadPlan(SingleIdEntityLoaderStandardImpl.java:197)
	at org.hibernate.loader.ast.internal.SingleIdEntityLoaderStandardImpl.prepare(SingleIdEntityLoaderStandardImpl.java:55)
	at org.hibernate.persister.entity.AbstractEntityPersister.prepareLoader(AbstractEntityPersister.java:3486)
	at org.hibernate.persister.entity.AbstractEntityPersister.postInstantiate(AbstractEntityPersister.java:3480)
	at org.hibernate.metamodel.model.domain.internal.MappingMetamodelImpl.finishInitialization(MappingMetamodelImpl.java:204)
	at org.hibernate.internal.SessionFactoryImpl.initializeMappingModel(SessionFactoryImpl.java:321)
	at org.hibernate.internal.SessionFactoryImpl.<init>(SessionFactoryImpl.java:271)
	at org.hibernate.boot.internal.SessionFactoryBuilderImpl.build(SessionFactoryBuilderImpl.java:444)
	at org.hibernate.jpa.boot.internal.EntityManagerFactoryBuilderImpl.build(EntityManagerFactoryBuilderImpl.java:1458)
	at org.springframework.orm.jpa.vendor.SpringHibernateJpaPersistenceProvider.createContainerEntityManagerFactory(SpringHibernateJpaPersistenceProvider.java:75)
	at org.springframework.orm.jpa.LocalContainerEntityManagerFactoryBean.createNativeEntityManagerFactory(LocalContainerEntityManagerFactoryBean.java:376)
	at org.springframework.orm.jpa.AbstractEntityManagerFactoryBean.buildNativeEntityManagerFactory(AbstractEntityManagerFactoryBean.java:409)
	at org.springframework.orm.jpa.AbstractEntityManagerFactoryBean.afterPropertiesSet(AbstractEntityManagerFactoryBean.java:396)
	at org.springframework.orm.jpa.LocalContainerEntityManagerFactoryBean.afterPropertiesSet(LocalContainerEntityManagerFactoryBean.java:352)
	at org.springframework.beans.factory.support.AbstractAutowireCapableBeanFactory.invokeInitMethods(AbstractAutowireCapableBeanFactory.java:1817)
	at org.springframework.beans.factory.support.AbstractAutowireCapableBeanFactory.initializeBean(AbstractAutowireCapableBeanFactory.java:1766)
	at org.springframework.beans.factory.support.AbstractAutowireCapableBeanFactory.doCreateBean(AbstractAutowireCapableBeanFactory.java:598)
	at org.springframework.beans.factory.support.AbstractAutowireCapableBeanFactory.createBean(AbstractAutowireCapableBeanFactory.java:520)
	at org.springframework.beans.factory.support.AbstractBeanFactory.lambda$doGetBean$0(AbstractBeanFactory.java:325)
	at org.springframework.beans.factory.support.DefaultSingletonBeanRegistry.getSingleton(DefaultSingletonBeanRegistry.java:234)
	at org.springframework.beans.factory.support.AbstractBeanFactory.doGetBean(AbstractBeanFactory.java:323)
	at org.springframework.beans.factory.support.AbstractBeanFactory.getBean(AbstractBeanFactory.java:199)
	at org.springframework.context.support.AbstractApplicationContext.getBean(AbstractApplicationContext.java:1166)
	at org.springframework.context.support.AbstractApplicationContext.finishBeanFactoryInitialization(AbstractApplicationContext.java:940)
	at org.springframework.context.support.AbstractApplicationContext.refresh(AbstractApplicationContext.java:616)
	at org.springframework.boot.web.servlet.context.ServletWebServerApplicationContext.refresh(ServletWebServerApplicationContext.java:146)
	at org.springframework.boot.SpringApplication.refresh(SpringApplication.java:738)
	at org.springframework.boot.SpringApplication.refreshContext(SpringApplication.java:440)
	at org.springframework.boot.SpringApplication.run(SpringApplication.java:316)
	at org.springframework.boot.test.context.SpringBootContextLoader.lambda$loadContext$3(SpringBootContextLoader.java:137)
	at org.springframework.util.function.ThrowingSupplier.get(ThrowingSupplier.java:58)
	at org.springframework.util.function.ThrowingSupplier.get(ThrowingSupplier.java:46)
	at org.springframework.boot.SpringApplication.withHook(SpringApplication.java:1406)
	at org.springframework.boot.test.context.SpringBootContextLoader$ContextLoaderHook.run(SpringBootContextLoader.java:545)
	at org.springframework.boot.test.context.SpringBootContextLoader.loadContext(SpringBootContextLoader.java:137)
	at org.springframework.boot.test.context.SpringBootContextLoader.loadContext(SpringBootContextLoader.java:108)
	at org.springframework.test.context.cache.DefaultCacheAwareContextLoaderDelegate.loadContextInternal(DefaultCacheAwareContextLoaderDelegate.java:187)
	at org.springframework.test.context.cache.DefaultCacheAwareContextLoaderDelegate.loadContext(DefaultCacheAwareContextLoaderDelegate.java:119)
	at org.springframework.test.context.support.DefaultTestContext.getApplicationContext(DefaultTestContext.java:127)
	at org.springframework.boot.test.mock.mockito.MockitoTestExecutionListener.postProcessFields(MockitoTestExecutionListener.java:110)
	at org.springframework.boot.test.mock.mockito.MockitoTestExecutionListener.injectFields(MockitoTestExecutionListener.java:94)
	at org.springframework.boot.test.mock.mockito.MockitoTestExecutionListener.prepareTestInstance(MockitoTestExecutionListener.java:61)
	at org.springframework.test.context.TestContextManager.prepareTestInstance(TestContextManager.java:241)
	at org.springframework.test.context.junit.jupiter.SpringExtension.postProcessTestInstance(SpringExtension.java:138)
	at org.junit.jupiter.engine.descriptor.ClassBasedTestDescriptor.lambda$invokeTestInstancePostProcessors$10(ClassBasedTestDescriptor.java:377)
	at org.junit.jupiter.engine.descriptor.ClassBasedTestDescriptor.executeAndMaskThrowable(ClassBasedTestDescriptor.java:382)
	at org.junit.jupiter.engine.descriptor.ClassBasedTestDescriptor.lambda$invokeTestInstancePostProcessors$11(ClassBasedTestDescriptor.java:377)
	at java.base/java.util.stream.ReferencePipeline$3$1.accept(ReferencePipeline.java:197)
	at java.base/java.util.stream.ReferencePipeline$2$1.accept(ReferencePipeline.java:179)
	at java.base/java.util.ArrayList$ArrayListSpliterator.forEachRemaining(ArrayList.java:1625)
	at java.base/java.util.stream.AbstractPipeline.copyInto(AbstractPipeline.java:509)
	at java.base/java.util.stream.AbstractPipeline.wrapAndCopyInto(AbstractPipeline.java:499)
	at java.base/java.util.stream.StreamSpliterators$WrappingSpliterator.forEachRemaining(StreamSpliterators.java:310)
	at java.base/java.util.stream.Streams$ConcatSpliterator.forEachRemaining(Streams.java:735)
	at java.base/java.util.stream.Streams$ConcatSpliterator.forEachRemaining(Streams.java:734)
	at java.base/java.util.stream.ReferencePipeline$Head.forEach(ReferencePipeline.java:762)
	at org.junit.jupiter.engine.descriptor.ClassBasedTestDescriptor.invokeTestInstancePostProcessors(ClassBasedTestDescriptor.java:376)
	at org.junit.jupiter.engine.descriptor.ClassBasedTestDescriptor.lambda$instantiateAndPostProcessTestInstance$6(ClassBasedTestDescriptor.java:289)
	at org.junit.platform.engine.support.hierarchical.ThrowableCollector.execute(ThrowableCollector.java:73)
	at org.junit.jupiter.engine.descriptor.ClassBasedTestDescriptor.instantiateAndPostProcessTestInstance(ClassBasedTestDescriptor.java:288)
	at org.junit.jupiter.engine.descriptor.ClassBasedTestDescriptor.lambda$testInstancesProvider$4(ClassBasedTestDescriptor.java:278)
	at java.base/java.util.Optional.orElseGet(Optional.java:364)
	at org.junit.jupiter.engine.descriptor.ClassBasedTestDescriptor.lambda$testInstancesProvider$5(ClassBasedTestDescriptor.java:277)
	at org.junit.jupiter.engine.execution.TestInstancesProvider.getTestInstances(TestInstancesProvider.java:31)
	at org.junit.jupiter.engine.descriptor.TestMethodTestDescriptor.lambda$prepare$0(TestMethodTestDescriptor.java:105)
	at org.junit.platform.engine.support.hierarchical.ThrowableCollector.execute(ThrowableCollector.java:73)
	at org.junit.jupiter.engine.descriptor.TestMethodTestDescriptor.prepare(TestMethodTestDescriptor.java:104)
	at org.junit.jupiter.engine.descriptor.TestMethodTestDescriptor.prepare(TestMethodTestDescriptor.java:68)
	at org.junit.platform.engine.support.hierarchical.NodeTestTask.lambda$prepare$2(NodeTestTask.java:123)
	at org.junit.platform.engine.support.hierarchical.ThrowableCollector.execute(ThrowableCollector.java:73)
	at org.junit.platform.engine.support.hierarchical.NodeTestTask.prepare(NodeTestTask.java:123)
	at org.junit.platform.engine.support.hierarchical.NodeTestTask.execute(NodeTestTask.java:90)
	at java.base/java.util.ArrayList.forEach(ArrayList.java:1511)
	at org.junit.platform.engine.support.hierarchical.SameThreadHierarchicalTestExecutorService.invokeAll(SameThreadHierarchicalTestExecutorService.java:41)
	at org.junit.platform.engine.support.hierarchical.NodeTestTask.lambda$executeRecursively$6(NodeTestTask.java:155)
	at org.junit.platform.engine.support.hierarchical.ThrowableCollector.execute(ThrowableCollector.java:73)
	at org.junit.platform.engine.support.hierarchical.NodeTestTask.lambda$executeRecursively$8(NodeTestTask.java:141)
	at org.junit.platform.engine.support.hierarchical.Node.around(Node.java:137)
	at org.junit.platform.engine.support.hierarchical.NodeTestTask.lambda$executeRecursively$9(NodeTestTask.java:139)
	at org.junit.platform.engine.support.hierarchical.ThrowableCollector.execute(ThrowableCollector.java:73)
	at org.junit.platform.engine.support.hierarchical.NodeTestTask.executeRecursively(NodeTestTask.java:138)
	at org.junit.platform.engine.support.hierarchical.NodeTestTask.execute(NodeTestTask.java:95)
	at java.base/java.util.ArrayList.forEach(ArrayList.java:1511)
	at org.junit.platform.engine.support.hierarchical.SameThreadHierarchicalTestExecutorService.invokeAll(SameThreadHierarchicalTestExecutorService.java:41)
	at org.junit.platform.engine.support.hierarchical.NodeTestTask.lambda$executeRecursively$6(NodeTestTask.java:155)
	at org.junit.platform.engine.support.hierarchical.ThrowableCollector.execute(ThrowableCollector.java:73)
	at org.junit.platform.engine.support.hierarchical.NodeTestTask.lambda$executeRecursively$8(NodeTestTask.java:141)
	at org.junit.platform.engine.support.hierarchical.Node.around(Node.java:137)
	at org.junit.platform.engine.support.hierarchical.NodeTestTask.lambda$executeRecursively$9(NodeTestTask.java:139)
	at org.junit.platform.engine.support.hierarchical.ThrowableCollector.execute(ThrowableCollector.java:73)
	at org.junit.platform.engine.support.hierarchical.NodeTestTask.executeRecursively(NodeTestTask.java:138)
	at org.junit.platform.engine.support.hierarchical.NodeTestTask.execute(NodeTestTask.java:95)
	at org.junit.platform.engine.support.hierarchical.SameThreadHierarchicalTestExecutorService.submit(SameThreadHierarchicalTestExecutorService.java:35)
	at org.junit.platform.engine.support.hierarchical.HierarchicalTestExecutor.execute(HierarchicalTestExecutor.java:57)
	at org.junit.platform.engine.support.hierarchical.HierarchicalTestEngine.execute(HierarchicalTestEngine.java:54)
	at org.junit.platform.launcher.core.EngineExecutionOrchestrator.execute(EngineExecutionOrchestrator.java:147)
	at org.junit.platform.launcher.core.EngineExecutionOrchestrator.execute(EngineExecutionOrchestrator.java:127)
	at org.junit.platform.launcher.core.EngineExecutionOrchestrator.execute(EngineExecutionOrchestrator.java:90)
	at org.junit.platform.launcher.core.EngineExecutionOrchestrator.lambda$execute$0(EngineExecutionOrchestrator.java:55)
	at org.junit.platform.launcher.core.EngineExecutionOrchestrator.withInterceptedStreams(EngineExecutionOrchestrator.java:102)
	at org.junit.platform.launcher.core.EngineExecutionOrchestrator.execute(EngineExecutionOrchestrator.java:54)
	at org.junit.platform.launcher.core.DefaultLauncher.execute(DefaultLauncher.java:114)
	at org.junit.platform.launcher.core.DefaultLauncher.execute(DefaultLauncher.java:86)
	at org.junit.platform.launcher.core.DefaultLauncherSession$DelegatingLauncher.execute(DefaultLauncherSession.java:86)
	at org.apache.maven.surefire.junitplatform.LazyLauncher.execute(LazyLauncher.java:50)
	at org.apache.maven.surefire.junitplatform.JUnitPlatformProvider.execute(JUnitPlatformProvider.java:184)
	at org.apache.maven.surefire.junitplatform.JUnitPlatformProvider.invokeAllTests(JUnitPlatformProvider.java:148)
	at org.apache.maven.surefire.junitplatform.JUnitPlatformProvider.invoke(JUnitPlatformProvider.java:122)
	at org.apache.maven.surefire.booter.ForkedBooter.runSuitesInProcess(ForkedBooter.java:385)
	at org.apache.maven.surefire.booter.ForkedBooter.execute(ForkedBooter.java:162)
	at org.apache.maven.surefire.booter.ForkedBooter.run(ForkedBooter.java:507)
	at org.apache.maven.surefire.booter.ForkedBooter.main(ForkedBooter.java:495)
2023-11-24 12:36:44,517 DEBUG o.h.o.s.a.tree [SqlTreePrinter.java:46] SQL AST Tree:
    SelectStatement {
      FromClause {
        StandardTableGroup (s1 : franco.maurizio.hr.desk.com.persistence.entity.Survey) {
          primaryTableReference : surveys as s1_0
        }
      }
    }

2023-11-24 12:36:44,518 DEBUG o.h.p.e.AbstractEntityPersister [AbstractEntityPersister.java:2904] Static SQL for entity: franco.maurizio.hr.desk.com.persistence.entity.PositionUserOwner
2023-11-24 12:36:44,518 DEBUG o.h.p.e.AbstractEntityPersister [AbstractEntityPersister.java:2909]  Version select: select id from positionuserowner where id=?
2023-11-24 12:36:44,518 DEBUG o.h.p.e.AbstractEntityPersister [DelegatingBasicLogger.java:393]  Insert (0): insert into positionuserowner (course_page_id,user_id) values (?,?)
2023-11-24 12:36:44,518 DEBUG o.h.p.e.AbstractEntityPersister [DelegatingBasicLogger.java:393]  Update (0): update positionuserowner set course_page_id=?,user_id=? where id=?
2023-11-24 12:36:44,518 DEBUG o.h.p.e.AbstractEntityPersister [DelegatingBasicLogger.java:393]  Delete (0): delete from positionuserowner where id=?
2023-11-24 12:36:44,518 DEBUG o.h.o.s.a.create [SqlAliasBaseImpl.java:33] Created new SQL alias : p1_0
2023-11-24 12:36:44,519 DEBUG o.h.o.s.a.create [SimpleFromClauseAccessImpl.java:98] Registration of TableGroup [StandardTableGroup(franco.maurizio.hr.desk.com.persistence.entity.PositionUserOwner)] with identifierForTableGroup [franco.maurizio.hr.desk.com.persistence.entity.PositionUserOwner] for NavigablePath [franco.maurizio.hr.desk.com.persistence.entity.PositionUserOwner] 
2023-11-24 12:36:44,519 TRACE o.h.l.a.i.LoaderSelectBuilder [LoaderSelectBuilder.java:779] Starting visitation of FetchParent's Fetchables : franco.maurizio.hr.desk.com.persistence.entity.PositionUserOwner
2023-11-24 12:36:44,519 DEBUG o.h.o.r.g.AST [DomainResultGraphPrinter.java:67] DomainResult Graph:
 \-EntityResultImpl [franco.maurizio.hr.desk.com.persistence.entity.PositionUserOwner]
 |  +-BasicFetch [franco.maurizio.hr.desk.com.persistence.entity.PositionUserOwner.coursePageId]
 |  \-BasicFetch [franco.maurizio.hr.desk.com.persistence.entity.PositionUserOwner.userId]

2023-11-24 12:36:44,519 TRACE o.h.o.r.g.AST [DomainResultGraphPrinter.java:70] Stack trace calling DomainResultGraphPrinter
java.lang.Exception: null
	at org.hibernate.sql.results.graph.DomainResultGraphPrinter.visitDomainResults(DomainResultGraphPrinter.java:70)
	at org.hibernate.sql.results.graph.DomainResultGraphPrinter.logDomainResultGraph(DomainResultGraphPrinter.java:46)
	at org.hibernate.sql.results.graph.DomainResultGraphPrinter.logDomainResultGraph(DomainResultGraphPrinter.java:37)
	at org.hibernate.sql.ast.spi.AbstractSqlAstTranslator.translateSelect(AbstractSqlAstTranslator.java:848)
	at org.hibernate.sql.ast.spi.AbstractSqlAstTranslator.translate(AbstractSqlAstTranslator.java:801)
	at org.hibernate.loader.ast.internal.SingleIdLoadPlan.<init>(SingleIdLoadPlan.java:67)
	at org.hibernate.loader.ast.internal.SingleIdEntityLoaderStandardImpl.createLoadPlan(SingleIdEntityLoaderStandardImpl.java:197)
	at org.hibernate.loader.ast.internal.SingleIdEntityLoaderStandardImpl.prepare(SingleIdEntityLoaderStandardImpl.java:55)
	at org.hibernate.persister.entity.AbstractEntityPersister.prepareLoader(AbstractEntityPersister.java:3486)
	at org.hibernate.persister.entity.AbstractEntityPersister.postInstantiate(AbstractEntityPersister.java:3480)
	at org.hibernate.metamodel.model.domain.internal.MappingMetamodelImpl.finishInitialization(MappingMetamodelImpl.java:204)
	at org.hibernate.internal.SessionFactoryImpl.initializeMappingModel(SessionFactoryImpl.java:321)
	at org.hibernate.internal.SessionFactoryImpl.<init>(SessionFactoryImpl.java:271)
	at org.hibernate.boot.internal.SessionFactoryBuilderImpl.build(SessionFactoryBuilderImpl.java:444)
	at org.hibernate.jpa.boot.internal.EntityManagerFactoryBuilderImpl.build(EntityManagerFactoryBuilderImpl.java:1458)
	at org.springframework.orm.jpa.vendor.SpringHibernateJpaPersistenceProvider.createContainerEntityManagerFactory(SpringHibernateJpaPersistenceProvider.java:75)
	at org.springframework.orm.jpa.LocalContainerEntityManagerFactoryBean.createNativeEntityManagerFactory(LocalContainerEntityManagerFactoryBean.java:376)
	at org.springframework.orm.jpa.AbstractEntityManagerFactoryBean.buildNativeEntityManagerFactory(AbstractEntityManagerFactoryBean.java:409)
	at org.springframework.orm.jpa.AbstractEntityManagerFactoryBean.afterPropertiesSet(AbstractEntityManagerFactoryBean.java:396)
	at org.springframework.orm.jpa.LocalContainerEntityManagerFactoryBean.afterPropertiesSet(LocalContainerEntityManagerFactoryBean.java:352)
	at org.springframework.beans.factory.support.AbstractAutowireCapableBeanFactory.invokeInitMethods(AbstractAutowireCapableBeanFactory.java:1817)
	at org.springframework.beans.factory.support.AbstractAutowireCapableBeanFactory.initializeBean(AbstractAutowireCapableBeanFactory.java:1766)
	at org.springframework.beans.factory.support.AbstractAutowireCapableBeanFactory.doCreateBean(AbstractAutowireCapableBeanFactory.java:598)
	at org.springframework.beans.factory.support.AbstractAutowireCapableBeanFactory.createBean(AbstractAutowireCapableBeanFactory.java:520)
	at org.springframework.beans.factory.support.AbstractBeanFactory.lambda$doGetBean$0(AbstractBeanFactory.java:325)
	at org.springframework.beans.factory.support.DefaultSingletonBeanRegistry.getSingleton(DefaultSingletonBeanRegistry.java:234)
	at org.springframework.beans.factory.support.AbstractBeanFactory.doGetBean(AbstractBeanFactory.java:323)
	at org.springframework.beans.factory.support.AbstractBeanFactory.getBean(AbstractBeanFactory.java:199)
	at org.springframework.context.support.AbstractApplicationContext.getBean(AbstractApplicationContext.java:1166)
	at org.springframework.context.support.AbstractApplicationContext.finishBeanFactoryInitialization(AbstractApplicationContext.java:940)
	at org.springframework.context.support.AbstractApplicationContext.refresh(AbstractApplicationContext.java:616)
	at org.springframework.boot.web.servlet.context.ServletWebServerApplicationContext.refresh(ServletWebServerApplicationContext.java:146)
	at org.springframework.boot.SpringApplication.refresh(SpringApplication.java:738)
	at org.springframework.boot.SpringApplication.refreshContext(SpringApplication.java:440)
	at org.springframework.boot.SpringApplication.run(SpringApplication.java:316)
	at org.springframework.boot.test.context.SpringBootContextLoader.lambda$loadContext$3(SpringBootContextLoader.java:137)
	at org.springframework.util.function.ThrowingSupplier.get(ThrowingSupplier.java:58)
	at org.springframework.util.function.ThrowingSupplier.get(ThrowingSupplier.java:46)
	at org.springframework.boot.SpringApplication.withHook(SpringApplication.java:1406)
	at org.springframework.boot.test.context.SpringBootContextLoader$ContextLoaderHook.run(SpringBootContextLoader.java:545)
	at org.springframework.boot.test.context.SpringBootContextLoader.loadContext(SpringBootContextLoader.java:137)
	at org.springframework.boot.test.context.SpringBootContextLoader.loadContext(SpringBootContextLoader.java:108)
	at org.springframework.test.context.cache.DefaultCacheAwareContextLoaderDelegate.loadContextInternal(DefaultCacheAwareContextLoaderDelegate.java:187)
	at org.springframework.test.context.cache.DefaultCacheAwareContextLoaderDelegate.loadContext(DefaultCacheAwareContextLoaderDelegate.java:119)
	at org.springframework.test.context.support.DefaultTestContext.getApplicationContext(DefaultTestContext.java:127)
	at org.springframework.boot.test.mock.mockito.MockitoTestExecutionListener.postProcessFields(MockitoTestExecutionListener.java:110)
	at org.springframework.boot.test.mock.mockito.MockitoTestExecutionListener.injectFields(MockitoTestExecutionListener.java:94)
	at org.springframework.boot.test.mock.mockito.MockitoTestExecutionListener.prepareTestInstance(MockitoTestExecutionListener.java:61)
	at org.springframework.test.context.TestContextManager.prepareTestInstance(TestContextManager.java:241)
	at org.springframework.test.context.junit.jupiter.SpringExtension.postProcessTestInstance(SpringExtension.java:138)
	at org.junit.jupiter.engine.descriptor.ClassBasedTestDescriptor.lambda$invokeTestInstancePostProcessors$10(ClassBasedTestDescriptor.java:377)
	at org.junit.jupiter.engine.descriptor.ClassBasedTestDescriptor.executeAndMaskThrowable(ClassBasedTestDescriptor.java:382)
	at org.junit.jupiter.engine.descriptor.ClassBasedTestDescriptor.lambda$invokeTestInstancePostProcessors$11(ClassBasedTestDescriptor.java:377)
	at java.base/java.util.stream.ReferencePipeline$3$1.accept(ReferencePipeline.java:197)
	at java.base/java.util.stream.ReferencePipeline$2$1.accept(ReferencePipeline.java:179)
	at java.base/java.util.ArrayList$ArrayListSpliterator.forEachRemaining(ArrayList.java:1625)
	at java.base/java.util.stream.AbstractPipeline.copyInto(AbstractPipeline.java:509)
	at java.base/java.util.stream.AbstractPipeline.wrapAndCopyInto(AbstractPipeline.java:499)
	at java.base/java.util.stream.StreamSpliterators$WrappingSpliterator.forEachRemaining(StreamSpliterators.java:310)
	at java.base/java.util.stream.Streams$ConcatSpliterator.forEachRemaining(Streams.java:735)
	at java.base/java.util.stream.Streams$ConcatSpliterator.forEachRemaining(Streams.java:734)
	at java.base/java.util.stream.ReferencePipeline$Head.forEach(ReferencePipeline.java:762)
	at org.junit.jupiter.engine.descriptor.ClassBasedTestDescriptor.invokeTestInstancePostProcessors(ClassBasedTestDescriptor.java:376)
	at org.junit.jupiter.engine.descriptor.ClassBasedTestDescriptor.lambda$instantiateAndPostProcessTestInstance$6(ClassBasedTestDescriptor.java:289)
	at org.junit.platform.engine.support.hierarchical.ThrowableCollector.execute(ThrowableCollector.java:73)
	at org.junit.jupiter.engine.descriptor.ClassBasedTestDescriptor.instantiateAndPostProcessTestInstance(ClassBasedTestDescriptor.java:288)
	at org.junit.jupiter.engine.descriptor.ClassBasedTestDescriptor.lambda$testInstancesProvider$4(ClassBasedTestDescriptor.java:278)
	at java.base/java.util.Optional.orElseGet(Optional.java:364)
	at org.junit.jupiter.engine.descriptor.ClassBasedTestDescriptor.lambda$testInstancesProvider$5(ClassBasedTestDescriptor.java:277)
	at org.junit.jupiter.engine.execution.TestInstancesProvider.getTestInstances(TestInstancesProvider.java:31)
	at org.junit.jupiter.engine.descriptor.TestMethodTestDescriptor.lambda$prepare$0(TestMethodTestDescriptor.java:105)
	at org.junit.platform.engine.support.hierarchical.ThrowableCollector.execute(ThrowableCollector.java:73)
	at org.junit.jupiter.engine.descriptor.TestMethodTestDescriptor.prepare(TestMethodTestDescriptor.java:104)
	at org.junit.jupiter.engine.descriptor.TestMethodTestDescriptor.prepare(TestMethodTestDescriptor.java:68)
	at org.junit.platform.engine.support.hierarchical.NodeTestTask.lambda$prepare$2(NodeTestTask.java:123)
	at org.junit.platform.engine.support.hierarchical.ThrowableCollector.execute(ThrowableCollector.java:73)
	at org.junit.platform.engine.support.hierarchical.NodeTestTask.prepare(NodeTestTask.java:123)
	at org.junit.platform.engine.support.hierarchical.NodeTestTask.execute(NodeTestTask.java:90)
	at java.base/java.util.ArrayList.forEach(ArrayList.java:1511)
	at org.junit.platform.engine.support.hierarchical.SameThreadHierarchicalTestExecutorService.invokeAll(SameThreadHierarchicalTestExecutorService.java:41)
	at org.junit.platform.engine.support.hierarchical.NodeTestTask.lambda$executeRecursively$6(NodeTestTask.java:155)
	at org.junit.platform.engine.support.hierarchical.ThrowableCollector.execute(ThrowableCollector.java:73)
	at org.junit.platform.engine.support.hierarchical.NodeTestTask.lambda$executeRecursively$8(NodeTestTask.java:141)
	at org.junit.platform.engine.support.hierarchical.Node.around(Node.java:137)
	at org.junit.platform.engine.support.hierarchical.NodeTestTask.lambda$executeRecursively$9(NodeTestTask.java:139)
	at org.junit.platform.engine.support.hierarchical.ThrowableCollector.execute(ThrowableCollector.java:73)
	at org.junit.platform.engine.support.hierarchical.NodeTestTask.executeRecursively(NodeTestTask.java:138)
	at org.junit.platform.engine.support.hierarchical.NodeTestTask.execute(NodeTestTask.java:95)
	at java.base/java.util.ArrayList.forEach(ArrayList.java:1511)
	at org.junit.platform.engine.support.hierarchical.SameThreadHierarchicalTestExecutorService.invokeAll(SameThreadHierarchicalTestExecutorService.java:41)
	at org.junit.platform.engine.support.hierarchical.NodeTestTask.lambda$executeRecursively$6(NodeTestTask.java:155)
	at org.junit.platform.engine.support.hierarchical.ThrowableCollector.execute(ThrowableCollector.java:73)
	at org.junit.platform.engine.support.hierarchical.NodeTestTask.lambda$executeRecursively$8(NodeTestTask.java:141)
	at org.junit.platform.engine.support.hierarchical.Node.around(Node.java:137)
	at org.junit.platform.engine.support.hierarchical.NodeTestTask.lambda$executeRecursively$9(NodeTestTask.java:139)
	at org.junit.platform.engine.support.hierarchical.ThrowableCollector.execute(ThrowableCollector.java:73)
	at org.junit.platform.engine.support.hierarchical.NodeTestTask.executeRecursively(NodeTestTask.java:138)
	at org.junit.platform.engine.support.hierarchical.NodeTestTask.execute(NodeTestTask.java:95)
	at org.junit.platform.engine.support.hierarchical.SameThreadHierarchicalTestExecutorService.submit(SameThreadHierarchicalTestExecutorService.java:35)
	at org.junit.platform.engine.support.hierarchical.HierarchicalTestExecutor.execute(HierarchicalTestExecutor.java:57)
	at org.junit.platform.engine.support.hierarchical.HierarchicalTestEngine.execute(HierarchicalTestEngine.java:54)
	at org.junit.platform.launcher.core.EngineExecutionOrchestrator.execute(EngineExecutionOrchestrator.java:147)
	at org.junit.platform.launcher.core.EngineExecutionOrchestrator.execute(EngineExecutionOrchestrator.java:127)
	at org.junit.platform.launcher.core.EngineExecutionOrchestrator.execute(EngineExecutionOrchestrator.java:90)
	at org.junit.platform.launcher.core.EngineExecutionOrchestrator.lambda$execute$0(EngineExecutionOrchestrator.java:55)
	at org.junit.platform.launcher.core.EngineExecutionOrchestrator.withInterceptedStreams(EngineExecutionOrchestrator.java:102)
	at org.junit.platform.launcher.core.EngineExecutionOrchestrator.execute(EngineExecutionOrchestrator.java:54)
	at org.junit.platform.launcher.core.DefaultLauncher.execute(DefaultLauncher.java:114)
	at org.junit.platform.launcher.core.DefaultLauncher.execute(DefaultLauncher.java:86)
	at org.junit.platform.launcher.core.DefaultLauncherSession$DelegatingLauncher.execute(DefaultLauncherSession.java:86)
	at org.apache.maven.surefire.junitplatform.LazyLauncher.execute(LazyLauncher.java:50)
	at org.apache.maven.surefire.junitplatform.JUnitPlatformProvider.execute(JUnitPlatformProvider.java:184)
	at org.apache.maven.surefire.junitplatform.JUnitPlatformProvider.invokeAllTests(JUnitPlatformProvider.java:148)
	at org.apache.maven.surefire.junitplatform.JUnitPlatformProvider.invoke(JUnitPlatformProvider.java:122)
	at org.apache.maven.surefire.booter.ForkedBooter.runSuitesInProcess(ForkedBooter.java:385)
	at org.apache.maven.surefire.booter.ForkedBooter.execute(ForkedBooter.java:162)
	at org.apache.maven.surefire.booter.ForkedBooter.run(ForkedBooter.java:507)
	at org.apache.maven.surefire.booter.ForkedBooter.main(ForkedBooter.java:495)
2023-11-24 12:36:44,520 DEBUG o.h.o.s.a.tree [SqlTreePrinter.java:46] SQL AST Tree:
    SelectStatement {
      FromClause {
        StandardTableGroup (p1 : franco.maurizio.hr.desk.com.persistence.entity.PositionUserOwner) {
          primaryTableReference : positionuserowner as p1_0
        }
      }
    }

2023-11-24 12:36:44,521 DEBUG o.h.p.e.AbstractEntityPersister [AbstractEntityPersister.java:2904] Static SQL for entity: franco.maurizio.hr.desk.com.persistence.entity.Question
2023-11-24 12:36:44,521 DEBUG o.h.p.e.AbstractEntityPersister [AbstractEntityPersister.java:2909]  Version select: select id from questions where id=?
2023-11-24 12:36:44,521 DEBUG o.h.p.e.AbstractEntityPersister [DelegatingBasicLogger.java:393]  Insert (0): insert into questions (ansa,ansb,ansc,ansd,anse,ansf,ansg,ansh,cansa,cansb,cansc,cansd,canse,cansf,cansg,cansh,description,full_answer,label) values (?,?,?,?,?,?,?,?,?,?,?,?,?,?,?,?,?,?,?)
2023-11-24 12:36:44,522 DEBUG o.h.p.e.AbstractEntityPersister [DelegatingBasicLogger.java:393]  Update (0): update questions set ansa=?,ansb=?,ansc=?,ansd=?,anse=?,ansf=?,ansg=?,ansh=?,cansa=?,cansb=?,cansc=?,cansd=?,canse=?,cansf=?,cansg=?,cansh=?,description=?,full_answer=?,label=? where id=?
2023-11-24 12:36:44,522 DEBUG o.h.p.e.AbstractEntityPersister [DelegatingBasicLogger.java:393]  Delete (0): delete from questions where id=?
2023-11-24 12:36:44,522 DEBUG o.h.o.s.a.create [SqlAliasBaseImpl.java:33] Created new SQL alias : q1_0
2023-11-24 12:36:44,522 DEBUG o.h.o.s.a.create [SimpleFromClauseAccessImpl.java:98] Registration of TableGroup [StandardTableGroup(franco.maurizio.hr.desk.com.persistence.entity.Question)] with identifierForTableGroup [franco.maurizio.hr.desk.com.persistence.entity.Question] for NavigablePath [franco.maurizio.hr.desk.com.persistence.entity.Question] 
2023-11-24 12:36:44,522 TRACE o.h.l.a.i.LoaderSelectBuilder [LoaderSelectBuilder.java:779] Starting visitation of FetchParent's Fetchables : franco.maurizio.hr.desk.com.persistence.entity.Question
2023-11-24 12:36:44,523 DEBUG o.h.o.r.g.AST [DomainResultGraphPrinter.java:67] DomainResult Graph:
 \-EntityResultImpl [franco.maurizio.hr.desk.com.persistence.entity.Question]
 |  +-BasicFetch [franco.maurizio.hr.desk.com.persistence.entity.Question.ansa]
 |  +-BasicFetch [franco.maurizio.hr.desk.com.persistence.entity.Question.ansb]
 |  +-BasicFetch [franco.maurizio.hr.desk.com.persistence.entity.Question.ansc]
 |  +-BasicFetch [franco.maurizio.hr.desk.com.persistence.entity.Question.ansd]
 |  +-BasicFetch [franco.maurizio.hr.desk.com.persistence.entity.Question.anse]
 |  +-BasicFetch [franco.maurizio.hr.desk.com.persistence.entity.Question.ansf]
 |  +-BasicFetch [franco.maurizio.hr.desk.com.persistence.entity.Question.ansg]
 |  +-BasicFetch [franco.maurizio.hr.desk.com.persistence.entity.Question.ansh]
 |  +-BasicFetch [franco.maurizio.hr.desk.com.persistence.entity.Question.cansa]
 |  +-BasicFetch [franco.maurizio.hr.desk.com.persistence.entity.Question.cansb]
 |  +-BasicFetch [franco.maurizio.hr.desk.com.persistence.entity.Question.cansc]
 |  +-BasicFetch [franco.maurizio.hr.desk.com.persistence.entity.Question.cansd]
 |  +-BasicFetch [franco.maurizio.hr.desk.com.persistence.entity.Question.canse]
 |  +-BasicFetch [franco.maurizio.hr.desk.com.persistence.entity.Question.cansf]
 |  +-BasicFetch [franco.maurizio.hr.desk.com.persistence.entity.Question.cansg]
 |  +-BasicFetch [franco.maurizio.hr.desk.com.persistence.entity.Question.cansh]
 |  +-BasicFetch [franco.maurizio.hr.desk.com.persistence.entity.Question.description]
 |  +-BasicFetch [franco.maurizio.hr.desk.com.persistence.entity.Question.fullAnswer]
 |  \-BasicFetch [franco.maurizio.hr.desk.com.persistence.entity.Question.label]

2023-11-24 12:36:44,523 TRACE o.h.o.r.g.AST [DomainResultGraphPrinter.java:70] Stack trace calling DomainResultGraphPrinter
java.lang.Exception: null
	at org.hibernate.sql.results.graph.DomainResultGraphPrinter.visitDomainResults(DomainResultGraphPrinter.java:70)
	at org.hibernate.sql.results.graph.DomainResultGraphPrinter.logDomainResultGraph(DomainResultGraphPrinter.java:46)
	at org.hibernate.sql.results.graph.DomainResultGraphPrinter.logDomainResultGraph(DomainResultGraphPrinter.java:37)
	at org.hibernate.sql.ast.spi.AbstractSqlAstTranslator.translateSelect(AbstractSqlAstTranslator.java:848)
	at org.hibernate.sql.ast.spi.AbstractSqlAstTranslator.translate(AbstractSqlAstTranslator.java:801)
	at org.hibernate.loader.ast.internal.SingleIdLoadPlan.<init>(SingleIdLoadPlan.java:67)
	at org.hibernate.loader.ast.internal.SingleIdEntityLoaderStandardImpl.createLoadPlan(SingleIdEntityLoaderStandardImpl.java:197)
	at org.hibernate.loader.ast.internal.SingleIdEntityLoaderStandardImpl.prepare(SingleIdEntityLoaderStandardImpl.java:55)
	at org.hibernate.persister.entity.AbstractEntityPersister.prepareLoader(AbstractEntityPersister.java:3486)
	at org.hibernate.persister.entity.AbstractEntityPersister.postInstantiate(AbstractEntityPersister.java:3480)
	at org.hibernate.metamodel.model.domain.internal.MappingMetamodelImpl.finishInitialization(MappingMetamodelImpl.java:204)
	at org.hibernate.internal.SessionFactoryImpl.initializeMappingModel(SessionFactoryImpl.java:321)
	at org.hibernate.internal.SessionFactoryImpl.<init>(SessionFactoryImpl.java:271)
	at org.hibernate.boot.internal.SessionFactoryBuilderImpl.build(SessionFactoryBuilderImpl.java:444)
	at org.hibernate.jpa.boot.internal.EntityManagerFactoryBuilderImpl.build(EntityManagerFactoryBuilderImpl.java:1458)
	at org.springframework.orm.jpa.vendor.SpringHibernateJpaPersistenceProvider.createContainerEntityManagerFactory(SpringHibernateJpaPersistenceProvider.java:75)
	at org.springframework.orm.jpa.LocalContainerEntityManagerFactoryBean.createNativeEntityManagerFactory(LocalContainerEntityManagerFactoryBean.java:376)
	at org.springframework.orm.jpa.AbstractEntityManagerFactoryBean.buildNativeEntityManagerFactory(AbstractEntityManagerFactoryBean.java:409)
	at org.springframework.orm.jpa.AbstractEntityManagerFactoryBean.afterPropertiesSet(AbstractEntityManagerFactoryBean.java:396)
	at org.springframework.orm.jpa.LocalContainerEntityManagerFactoryBean.afterPropertiesSet(LocalContainerEntityManagerFactoryBean.java:352)
	at org.springframework.beans.factory.support.AbstractAutowireCapableBeanFactory.invokeInitMethods(AbstractAutowireCapableBeanFactory.java:1817)
	at org.springframework.beans.factory.support.AbstractAutowireCapableBeanFactory.initializeBean(AbstractAutowireCapableBeanFactory.java:1766)
	at org.springframework.beans.factory.support.AbstractAutowireCapableBeanFactory.doCreateBean(AbstractAutowireCapableBeanFactory.java:598)
	at org.springframework.beans.factory.support.AbstractAutowireCapableBeanFactory.createBean(AbstractAutowireCapableBeanFactory.java:520)
	at org.springframework.beans.factory.support.AbstractBeanFactory.lambda$doGetBean$0(AbstractBeanFactory.java:325)
	at org.springframework.beans.factory.support.DefaultSingletonBeanRegistry.getSingleton(DefaultSingletonBeanRegistry.java:234)
	at org.springframework.beans.factory.support.AbstractBeanFactory.doGetBean(AbstractBeanFactory.java:323)
	at org.springframework.beans.factory.support.AbstractBeanFactory.getBean(AbstractBeanFactory.java:199)
	at org.springframework.context.support.AbstractApplicationContext.getBean(AbstractApplicationContext.java:1166)
	at org.springframework.context.support.AbstractApplicationContext.finishBeanFactoryInitialization(AbstractApplicationContext.java:940)
	at org.springframework.context.support.AbstractApplicationContext.refresh(AbstractApplicationContext.java:616)
	at org.springframework.boot.web.servlet.context.ServletWebServerApplicationContext.refresh(ServletWebServerApplicationContext.java:146)
	at org.springframework.boot.SpringApplication.refresh(SpringApplication.java:738)
	at org.springframework.boot.SpringApplication.refreshContext(SpringApplication.java:440)
	at org.springframework.boot.SpringApplication.run(SpringApplication.java:316)
	at org.springframework.boot.test.context.SpringBootContextLoader.lambda$loadContext$3(SpringBootContextLoader.java:137)
	at org.springframework.util.function.ThrowingSupplier.get(ThrowingSupplier.java:58)
	at org.springframework.util.function.ThrowingSupplier.get(ThrowingSupplier.java:46)
	at org.springframework.boot.SpringApplication.withHook(SpringApplication.java:1406)
	at org.springframework.boot.test.context.SpringBootContextLoader$ContextLoaderHook.run(SpringBootContextLoader.java:545)
	at org.springframework.boot.test.context.SpringBootContextLoader.loadContext(SpringBootContextLoader.java:137)
	at org.springframework.boot.test.context.SpringBootContextLoader.loadContext(SpringBootContextLoader.java:108)
	at org.springframework.test.context.cache.DefaultCacheAwareContextLoaderDelegate.loadContextInternal(DefaultCacheAwareContextLoaderDelegate.java:187)
	at org.springframework.test.context.cache.DefaultCacheAwareContextLoaderDelegate.loadContext(DefaultCacheAwareContextLoaderDelegate.java:119)
	at org.springframework.test.context.support.DefaultTestContext.getApplicationContext(DefaultTestContext.java:127)
	at org.springframework.boot.test.mock.mockito.MockitoTestExecutionListener.postProcessFields(MockitoTestExecutionListener.java:110)
	at org.springframework.boot.test.mock.mockito.MockitoTestExecutionListener.injectFields(MockitoTestExecutionListener.java:94)
	at org.springframework.boot.test.mock.mockito.MockitoTestExecutionListener.prepareTestInstance(MockitoTestExecutionListener.java:61)
	at org.springframework.test.context.TestContextManager.prepareTestInstance(TestContextManager.java:241)
	at org.springframework.test.context.junit.jupiter.SpringExtension.postProcessTestInstance(SpringExtension.java:138)
	at org.junit.jupiter.engine.descriptor.ClassBasedTestDescriptor.lambda$invokeTestInstancePostProcessors$10(ClassBasedTestDescriptor.java:377)
	at org.junit.jupiter.engine.descriptor.ClassBasedTestDescriptor.executeAndMaskThrowable(ClassBasedTestDescriptor.java:382)
	at org.junit.jupiter.engine.descriptor.ClassBasedTestDescriptor.lambda$invokeTestInstancePostProcessors$11(ClassBasedTestDescriptor.java:377)
	at java.base/java.util.stream.ReferencePipeline$3$1.accept(ReferencePipeline.java:197)
	at java.base/java.util.stream.ReferencePipeline$2$1.accept(ReferencePipeline.java:179)
	at java.base/java.util.ArrayList$ArrayListSpliterator.forEachRemaining(ArrayList.java:1625)
	at java.base/java.util.stream.AbstractPipeline.copyInto(AbstractPipeline.java:509)
	at java.base/java.util.stream.AbstractPipeline.wrapAndCopyInto(AbstractPipeline.java:499)
	at java.base/java.util.stream.StreamSpliterators$WrappingSpliterator.forEachRemaining(StreamSpliterators.java:310)
	at java.base/java.util.stream.Streams$ConcatSpliterator.forEachRemaining(Streams.java:735)
	at java.base/java.util.stream.Streams$ConcatSpliterator.forEachRemaining(Streams.java:734)
	at java.base/java.util.stream.ReferencePipeline$Head.forEach(ReferencePipeline.java:762)
	at org.junit.jupiter.engine.descriptor.ClassBasedTestDescriptor.invokeTestInstancePostProcessors(ClassBasedTestDescriptor.java:376)
	at org.junit.jupiter.engine.descriptor.ClassBasedTestDescriptor.lambda$instantiateAndPostProcessTestInstance$6(ClassBasedTestDescriptor.java:289)
	at org.junit.platform.engine.support.hierarchical.ThrowableCollector.execute(ThrowableCollector.java:73)
	at org.junit.jupiter.engine.descriptor.ClassBasedTestDescriptor.instantiateAndPostProcessTestInstance(ClassBasedTestDescriptor.java:288)
	at org.junit.jupiter.engine.descriptor.ClassBasedTestDescriptor.lambda$testInstancesProvider$4(ClassBasedTestDescriptor.java:278)
	at java.base/java.util.Optional.orElseGet(Optional.java:364)
	at org.junit.jupiter.engine.descriptor.ClassBasedTestDescriptor.lambda$testInstancesProvider$5(ClassBasedTestDescriptor.java:277)
	at org.junit.jupiter.engine.execution.TestInstancesProvider.getTestInstances(TestInstancesProvider.java:31)
	at org.junit.jupiter.engine.descriptor.TestMethodTestDescriptor.lambda$prepare$0(TestMethodTestDescriptor.java:105)
	at org.junit.platform.engine.support.hierarchical.ThrowableCollector.execute(ThrowableCollector.java:73)
	at org.junit.jupiter.engine.descriptor.TestMethodTestDescriptor.prepare(TestMethodTestDescriptor.java:104)
	at org.junit.jupiter.engine.descriptor.TestMethodTestDescriptor.prepare(TestMethodTestDescriptor.java:68)
	at org.junit.platform.engine.support.hierarchical.NodeTestTask.lambda$prepare$2(NodeTestTask.java:123)
	at org.junit.platform.engine.support.hierarchical.ThrowableCollector.execute(ThrowableCollector.java:73)
	at org.junit.platform.engine.support.hierarchical.NodeTestTask.prepare(NodeTestTask.java:123)
	at org.junit.platform.engine.support.hierarchical.NodeTestTask.execute(NodeTestTask.java:90)
	at java.base/java.util.ArrayList.forEach(ArrayList.java:1511)
	at org.junit.platform.engine.support.hierarchical.SameThreadHierarchicalTestExecutorService.invokeAll(SameThreadHierarchicalTestExecutorService.java:41)
	at org.junit.platform.engine.support.hierarchical.NodeTestTask.lambda$executeRecursively$6(NodeTestTask.java:155)
	at org.junit.platform.engine.support.hierarchical.ThrowableCollector.execute(ThrowableCollector.java:73)
	at org.junit.platform.engine.support.hierarchical.NodeTestTask.lambda$executeRecursively$8(NodeTestTask.java:141)
	at org.junit.platform.engine.support.hierarchical.Node.around(Node.java:137)
	at org.junit.platform.engine.support.hierarchical.NodeTestTask.lambda$executeRecursively$9(NodeTestTask.java:139)
	at org.junit.platform.engine.support.hierarchical.ThrowableCollector.execute(ThrowableCollector.java:73)
	at org.junit.platform.engine.support.hierarchical.NodeTestTask.executeRecursively(NodeTestTask.java:138)
	at org.junit.platform.engine.support.hierarchical.NodeTestTask.execute(NodeTestTask.java:95)
	at java.base/java.util.ArrayList.forEach(ArrayList.java:1511)
	at org.junit.platform.engine.support.hierarchical.SameThreadHierarchicalTestExecutorService.invokeAll(SameThreadHierarchicalTestExecutorService.java:41)
	at org.junit.platform.engine.support.hierarchical.NodeTestTask.lambda$executeRecursively$6(NodeTestTask.java:155)
	at org.junit.platform.engine.support.hierarchical.ThrowableCollector.execute(ThrowableCollector.java:73)
	at org.junit.platform.engine.support.hierarchical.NodeTestTask.lambda$executeRecursively$8(NodeTestTask.java:141)
	at org.junit.platform.engine.support.hierarchical.Node.around(Node.java:137)
	at org.junit.platform.engine.support.hierarchical.NodeTestTask.lambda$executeRecursively$9(NodeTestTask.java:139)
	at org.junit.platform.engine.support.hierarchical.ThrowableCollector.execute(ThrowableCollector.java:73)
	at org.junit.platform.engine.support.hierarchical.NodeTestTask.executeRecursively(NodeTestTask.java:138)
	at org.junit.platform.engine.support.hierarchical.NodeTestTask.execute(NodeTestTask.java:95)
	at org.junit.platform.engine.support.hierarchical.SameThreadHierarchicalTestExecutorService.submit(SameThreadHierarchicalTestExecutorService.java:35)
	at org.junit.platform.engine.support.hierarchical.HierarchicalTestExecutor.execute(HierarchicalTestExecutor.java:57)
	at org.junit.platform.engine.support.hierarchical.HierarchicalTestEngine.execute(HierarchicalTestEngine.java:54)
	at org.junit.platform.launcher.core.EngineExecutionOrchestrator.execute(EngineExecutionOrchestrator.java:147)
	at org.junit.platform.launcher.core.EngineExecutionOrchestrator.execute(EngineExecutionOrchestrator.java:127)
	at org.junit.platform.launcher.core.EngineExecutionOrchestrator.execute(EngineExecutionOrchestrator.java:90)
	at org.junit.platform.launcher.core.EngineExecutionOrchestrator.lambda$execute$0(EngineExecutionOrchestrator.java:55)
	at org.junit.platform.launcher.core.EngineExecutionOrchestrator.withInterceptedStreams(EngineExecutionOrchestrator.java:102)
	at org.junit.platform.launcher.core.EngineExecutionOrchestrator.execute(EngineExecutionOrchestrator.java:54)
	at org.junit.platform.launcher.core.DefaultLauncher.execute(DefaultLauncher.java:114)
	at org.junit.platform.launcher.core.DefaultLauncher.execute(DefaultLauncher.java:86)
	at org.junit.platform.launcher.core.DefaultLauncherSession$DelegatingLauncher.execute(DefaultLauncherSession.java:86)
	at org.apache.maven.surefire.junitplatform.LazyLauncher.execute(LazyLauncher.java:50)
	at org.apache.maven.surefire.junitplatform.JUnitPlatformProvider.execute(JUnitPlatformProvider.java:184)
	at org.apache.maven.surefire.junitplatform.JUnitPlatformProvider.invokeAllTests(JUnitPlatformProvider.java:148)
	at org.apache.maven.surefire.junitplatform.JUnitPlatformProvider.invoke(JUnitPlatformProvider.java:122)
	at org.apache.maven.surefire.booter.ForkedBooter.runSuitesInProcess(ForkedBooter.java:385)
	at org.apache.maven.surefire.booter.ForkedBooter.execute(ForkedBooter.java:162)
	at org.apache.maven.surefire.booter.ForkedBooter.run(ForkedBooter.java:507)
	at org.apache.maven.surefire.booter.ForkedBooter.main(ForkedBooter.java:495)
2023-11-24 12:36:44,524 DEBUG o.h.o.s.a.tree [SqlTreePrinter.java:46] SQL AST Tree:
    SelectStatement {
      FromClause {
        StandardTableGroup (q1 : franco.maurizio.hr.desk.com.persistence.entity.Question) {
          primaryTableReference : questions as q1_0
        }
      }
    }

2023-11-24 12:36:44,527 DEBUG o.h.p.e.AbstractEntityPersister [AbstractEntityPersister.java:2904] Static SQL for entity: franco.maurizio.hr.desk.com.persistence.entity.Candidate
2023-11-24 12:36:44,527 DEBUG o.h.p.e.AbstractEntityPersister [AbstractEntityPersister.java:2909]  Version select: select id from candidates where id=?
2023-11-24 12:36:44,527 DEBUG o.h.p.e.AbstractEntityPersister [DelegatingBasicLogger.java:393]  Insert (0): insert into candidates (candidacy_date_time,candidate_state_code,course_code,cv_external_path,dateofbirth,domicile_city,email,firstname,graduate,high_graduate,hr_note,imgpath,inserted_by,label,lastname,mobile,regdate,still_high_study,study_qualification,technical_note) values (?,?,?,?,?,?,?,?,?,?,?,?,?,?,?,?,?,?,?,?)
2023-11-24 12:36:44,527 DEBUG o.h.p.e.AbstractEntityPersister [DelegatingBasicLogger.java:393]  Update (0): update candidates set candidacy_date_time=?,candidate_state_code=?,course_code=?,cv_external_path=?,dateofbirth=?,domicile_city=?,email=?,firstname=?,graduate=?,high_graduate=?,hr_note=?,imgpath=?,inserted_by=?,label=?,lastname=?,mobile=?,regdate=?,still_high_study=?,study_qualification=?,technical_note=? where id=?
2023-11-24 12:36:44,528 DEBUG o.h.p.e.AbstractEntityPersister [DelegatingBasicLogger.java:393]  Delete (0): delete from candidates where id=?
2023-11-24 12:36:44,528 DEBUG o.h.o.s.a.create [SqlAliasBaseImpl.java:33] Created new SQL alias : c1_0
2023-11-24 12:36:44,528 DEBUG o.h.o.s.a.create [SimpleFromClauseAccessImpl.java:98] Registration of TableGroup [StandardTableGroup(franco.maurizio.hr.desk.com.persistence.entity.Candidate)] with identifierForTableGroup [franco.maurizio.hr.desk.com.persistence.entity.Candidate] for NavigablePath [franco.maurizio.hr.desk.com.persistence.entity.Candidate] 
2023-11-24 12:36:44,529 TRACE o.h.l.a.i.LoaderSelectBuilder [LoaderSelectBuilder.java:779] Starting visitation of FetchParent's Fetchables : franco.maurizio.hr.desk.com.persistence.entity.Candidate
2023-11-24 12:36:44,530 DEBUG o.h.o.r.g.AST [DomainResultGraphPrinter.java:67] DomainResult Graph:
 \-EntityResultImpl [franco.maurizio.hr.desk.com.persistence.entity.Candidate]
 |  +-BasicFetch [franco.maurizio.hr.desk.com.persistence.entity.Candidate.candidacyDateTime]
 |  +-BasicFetch [franco.maurizio.hr.desk.com.persistence.entity.Candidate.candidateStateCode]
 |  +-BasicFetch [franco.maurizio.hr.desk.com.persistence.entity.Candidate.courseCode]
 |  +-BasicFetch [franco.maurizio.hr.desk.com.persistence.entity.Candidate.cvExternalPath]
 |  +-BasicFetch [franco.maurizio.hr.desk.com.persistence.entity.Candidate.dateOfBirth]
 |  +-BasicFetch [franco.maurizio.hr.desk.com.persistence.entity.Candidate.domicileCity]
 |  +-BasicFetch [franco.maurizio.hr.desk.com.persistence.entity.Candidate.email]
 |  +-BasicFetch [franco.maurizio.hr.desk.com.persistence.entity.Candidate.firstname]
 |  +-BasicFetch [franco.maurizio.hr.desk.com.persistence.entity.Candidate.graduate]
 |  +-BasicFetch [franco.maurizio.hr.desk.com.persistence.entity.Candidate.highGraduate]
 |  +-BasicFetch [franco.maurizio.hr.desk.com.persistence.entity.Candidate.hrNote]
 |  +-BasicFetch [franco.maurizio.hr.desk.com.persistence.entity.Candidate.imgpath]
 |  +-BasicFetch [franco.maurizio.hr.desk.com.persistence.entity.Candidate.insertedBy]
 |  +-BasicFetch [franco.maurizio.hr.desk.com.persistence.entity.Candidate.label]
 |  +-BasicFetch [franco.maurizio.hr.desk.com.persistence.entity.Candidate.lastname]
 |  +-BasicFetch [franco.maurizio.hr.desk.com.persistence.entity.Candidate.mobile]
 |  +-BasicFetch [franco.maurizio.hr.desk.com.persistence.entity.Candidate.regdate]
 |  +-BasicFetch [franco.maurizio.hr.desk.com.persistence.entity.Candidate.stillHighStudy]
 |  +-BasicFetch [franco.maurizio.hr.desk.com.persistence.entity.Candidate.studyQualification]
 |  \-BasicFetch [franco.maurizio.hr.desk.com.persistence.entity.Candidate.technicalNote]

2023-11-24 12:36:44,530 TRACE o.h.o.r.g.AST [DomainResultGraphPrinter.java:70] Stack trace calling DomainResultGraphPrinter
java.lang.Exception: null
	at org.hibernate.sql.results.graph.DomainResultGraphPrinter.visitDomainResults(DomainResultGraphPrinter.java:70)
	at org.hibernate.sql.results.graph.DomainResultGraphPrinter.logDomainResultGraph(DomainResultGraphPrinter.java:46)
	at org.hibernate.sql.results.graph.DomainResultGraphPrinter.logDomainResultGraph(DomainResultGraphPrinter.java:37)
	at org.hibernate.sql.ast.spi.AbstractSqlAstTranslator.translateSelect(AbstractSqlAstTranslator.java:848)
	at org.hibernate.sql.ast.spi.AbstractSqlAstTranslator.translate(AbstractSqlAstTranslator.java:801)
	at org.hibernate.loader.ast.internal.SingleIdLoadPlan.<init>(SingleIdLoadPlan.java:67)
	at org.hibernate.loader.ast.internal.SingleIdEntityLoaderStandardImpl.createLoadPlan(SingleIdEntityLoaderStandardImpl.java:197)
	at org.hibernate.loader.ast.internal.SingleIdEntityLoaderStandardImpl.prepare(SingleIdEntityLoaderStandardImpl.java:55)
	at org.hibernate.persister.entity.AbstractEntityPersister.prepareLoader(AbstractEntityPersister.java:3486)
	at org.hibernate.persister.entity.AbstractEntityPersister.postInstantiate(AbstractEntityPersister.java:3480)
	at org.hibernate.metamodel.model.domain.internal.MappingMetamodelImpl.finishInitialization(MappingMetamodelImpl.java:204)
	at org.hibernate.internal.SessionFactoryImpl.initializeMappingModel(SessionFactoryImpl.java:321)
	at org.hibernate.internal.SessionFactoryImpl.<init>(SessionFactoryImpl.java:271)
	at org.hibernate.boot.internal.SessionFactoryBuilderImpl.build(SessionFactoryBuilderImpl.java:444)
	at org.hibernate.jpa.boot.internal.EntityManagerFactoryBuilderImpl.build(EntityManagerFactoryBuilderImpl.java:1458)
	at org.springframework.orm.jpa.vendor.SpringHibernateJpaPersistenceProvider.createContainerEntityManagerFactory(SpringHibernateJpaPersistenceProvider.java:75)
	at org.springframework.orm.jpa.LocalContainerEntityManagerFactoryBean.createNativeEntityManagerFactory(LocalContainerEntityManagerFactoryBean.java:376)
	at org.springframework.orm.jpa.AbstractEntityManagerFactoryBean.buildNativeEntityManagerFactory(AbstractEntityManagerFactoryBean.java:409)
	at org.springframework.orm.jpa.AbstractEntityManagerFactoryBean.afterPropertiesSet(AbstractEntityManagerFactoryBean.java:396)
	at org.springframework.orm.jpa.LocalContainerEntityManagerFactoryBean.afterPropertiesSet(LocalContainerEntityManagerFactoryBean.java:352)
	at org.springframework.beans.factory.support.AbstractAutowireCapableBeanFactory.invokeInitMethods(AbstractAutowireCapableBeanFactory.java:1817)
	at org.springframework.beans.factory.support.AbstractAutowireCapableBeanFactory.initializeBean(AbstractAutowireCapableBeanFactory.java:1766)
	at org.springframework.beans.factory.support.AbstractAutowireCapableBeanFactory.doCreateBean(AbstractAutowireCapableBeanFactory.java:598)
	at org.springframework.beans.factory.support.AbstractAutowireCapableBeanFactory.createBean(AbstractAutowireCapableBeanFactory.java:520)
	at org.springframework.beans.factory.support.AbstractBeanFactory.lambda$doGetBean$0(AbstractBeanFactory.java:325)
	at org.springframework.beans.factory.support.DefaultSingletonBeanRegistry.getSingleton(DefaultSingletonBeanRegistry.java:234)
	at org.springframework.beans.factory.support.AbstractBeanFactory.doGetBean(AbstractBeanFactory.java:323)
	at org.springframework.beans.factory.support.AbstractBeanFactory.getBean(AbstractBeanFactory.java:199)
	at org.springframework.context.support.AbstractApplicationContext.getBean(AbstractApplicationContext.java:1166)
	at org.springframework.context.support.AbstractApplicationContext.finishBeanFactoryInitialization(AbstractApplicationContext.java:940)
	at org.springframework.context.support.AbstractApplicationContext.refresh(AbstractApplicationContext.java:616)
	at org.springframework.boot.web.servlet.context.ServletWebServerApplicationContext.refresh(ServletWebServerApplicationContext.java:146)
	at org.springframework.boot.SpringApplication.refresh(SpringApplication.java:738)
	at org.springframework.boot.SpringApplication.refreshContext(SpringApplication.java:440)
	at org.springframework.boot.SpringApplication.run(SpringApplication.java:316)
	at org.springframework.boot.test.context.SpringBootContextLoader.lambda$loadContext$3(SpringBootContextLoader.java:137)
	at org.springframework.util.function.ThrowingSupplier.get(ThrowingSupplier.java:58)
	at org.springframework.util.function.ThrowingSupplier.get(ThrowingSupplier.java:46)
	at org.springframework.boot.SpringApplication.withHook(SpringApplication.java:1406)
	at org.springframework.boot.test.context.SpringBootContextLoader$ContextLoaderHook.run(SpringBootContextLoader.java:545)
	at org.springframework.boot.test.context.SpringBootContextLoader.loadContext(SpringBootContextLoader.java:137)
	at org.springframework.boot.test.context.SpringBootContextLoader.loadContext(SpringBootContextLoader.java:108)
	at org.springframework.test.context.cache.DefaultCacheAwareContextLoaderDelegate.loadContextInternal(DefaultCacheAwareContextLoaderDelegate.java:187)
	at org.springframework.test.context.cache.DefaultCacheAwareContextLoaderDelegate.loadContext(DefaultCacheAwareContextLoaderDelegate.java:119)
	at org.springframework.test.context.support.DefaultTestContext.getApplicationContext(DefaultTestContext.java:127)
	at org.springframework.boot.test.mock.mockito.MockitoTestExecutionListener.postProcessFields(MockitoTestExecutionListener.java:110)
	at org.springframework.boot.test.mock.mockito.MockitoTestExecutionListener.injectFields(MockitoTestExecutionListener.java:94)
	at org.springframework.boot.test.mock.mockito.MockitoTestExecutionListener.prepareTestInstance(MockitoTestExecutionListener.java:61)
	at org.springframework.test.context.TestContextManager.prepareTestInstance(TestContextManager.java:241)
	at org.springframework.test.context.junit.jupiter.SpringExtension.postProcessTestInstance(SpringExtension.java:138)
	at org.junit.jupiter.engine.descriptor.ClassBasedTestDescriptor.lambda$invokeTestInstancePostProcessors$10(ClassBasedTestDescriptor.java:377)
	at org.junit.jupiter.engine.descriptor.ClassBasedTestDescriptor.executeAndMaskThrowable(ClassBasedTestDescriptor.java:382)
	at org.junit.jupiter.engine.descriptor.ClassBasedTestDescriptor.lambda$invokeTestInstancePostProcessors$11(ClassBasedTestDescriptor.java:377)
	at java.base/java.util.stream.ReferencePipeline$3$1.accept(ReferencePipeline.java:197)
	at java.base/java.util.stream.ReferencePipeline$2$1.accept(ReferencePipeline.java:179)
	at java.base/java.util.ArrayList$ArrayListSpliterator.forEachRemaining(ArrayList.java:1625)
	at java.base/java.util.stream.AbstractPipeline.copyInto(AbstractPipeline.java:509)
	at java.base/java.util.stream.AbstractPipeline.wrapAndCopyInto(AbstractPipeline.java:499)
	at java.base/java.util.stream.StreamSpliterators$WrappingSpliterator.forEachRemaining(StreamSpliterators.java:310)
	at java.base/java.util.stream.Streams$ConcatSpliterator.forEachRemaining(Streams.java:735)
	at java.base/java.util.stream.Streams$ConcatSpliterator.forEachRemaining(Streams.java:734)
	at java.base/java.util.stream.ReferencePipeline$Head.forEach(ReferencePipeline.java:762)
	at org.junit.jupiter.engine.descriptor.ClassBasedTestDescriptor.invokeTestInstancePostProcessors(ClassBasedTestDescriptor.java:376)
	at org.junit.jupiter.engine.descriptor.ClassBasedTestDescriptor.lambda$instantiateAndPostProcessTestInstance$6(ClassBasedTestDescriptor.java:289)
	at org.junit.platform.engine.support.hierarchical.ThrowableCollector.execute(ThrowableCollector.java:73)
	at org.junit.jupiter.engine.descriptor.ClassBasedTestDescriptor.instantiateAndPostProcessTestInstance(ClassBasedTestDescriptor.java:288)
	at org.junit.jupiter.engine.descriptor.ClassBasedTestDescriptor.lambda$testInstancesProvider$4(ClassBasedTestDescriptor.java:278)
	at java.base/java.util.Optional.orElseGet(Optional.java:364)
	at org.junit.jupiter.engine.descriptor.ClassBasedTestDescriptor.lambda$testInstancesProvider$5(ClassBasedTestDescriptor.java:277)
	at org.junit.jupiter.engine.execution.TestInstancesProvider.getTestInstances(TestInstancesProvider.java:31)
	at org.junit.jupiter.engine.descriptor.TestMethodTestDescriptor.lambda$prepare$0(TestMethodTestDescriptor.java:105)
	at org.junit.platform.engine.support.hierarchical.ThrowableCollector.execute(ThrowableCollector.java:73)
	at org.junit.jupiter.engine.descriptor.TestMethodTestDescriptor.prepare(TestMethodTestDescriptor.java:104)
	at org.junit.jupiter.engine.descriptor.TestMethodTestDescriptor.prepare(TestMethodTestDescriptor.java:68)
	at org.junit.platform.engine.support.hierarchical.NodeTestTask.lambda$prepare$2(NodeTestTask.java:123)
	at org.junit.platform.engine.support.hierarchical.ThrowableCollector.execute(ThrowableCollector.java:73)
	at org.junit.platform.engine.support.hierarchical.NodeTestTask.prepare(NodeTestTask.java:123)
	at org.junit.platform.engine.support.hierarchical.NodeTestTask.execute(NodeTestTask.java:90)
	at java.base/java.util.ArrayList.forEach(ArrayList.java:1511)
	at org.junit.platform.engine.support.hierarchical.SameThreadHierarchicalTestExecutorService.invokeAll(SameThreadHierarchicalTestExecutorService.java:41)
	at org.junit.platform.engine.support.hierarchical.NodeTestTask.lambda$executeRecursively$6(NodeTestTask.java:155)
	at org.junit.platform.engine.support.hierarchical.ThrowableCollector.execute(ThrowableCollector.java:73)
	at org.junit.platform.engine.support.hierarchical.NodeTestTask.lambda$executeRecursively$8(NodeTestTask.java:141)
	at org.junit.platform.engine.support.hierarchical.Node.around(Node.java:137)
	at org.junit.platform.engine.support.hierarchical.NodeTestTask.lambda$executeRecursively$9(NodeTestTask.java:139)
	at org.junit.platform.engine.support.hierarchical.ThrowableCollector.execute(ThrowableCollector.java:73)
	at org.junit.platform.engine.support.hierarchical.NodeTestTask.executeRecursively(NodeTestTask.java:138)
	at org.junit.platform.engine.support.hierarchical.NodeTestTask.execute(NodeTestTask.java:95)
	at java.base/java.util.ArrayList.forEach(ArrayList.java:1511)
	at org.junit.platform.engine.support.hierarchical.SameThreadHierarchicalTestExecutorService.invokeAll(SameThreadHierarchicalTestExecutorService.java:41)
	at org.junit.platform.engine.support.hierarchical.NodeTestTask.lambda$executeRecursively$6(NodeTestTask.java:155)
	at org.junit.platform.engine.support.hierarchical.ThrowableCollector.execute(ThrowableCollector.java:73)
	at org.junit.platform.engine.support.hierarchical.NodeTestTask.lambda$executeRecursively$8(NodeTestTask.java:141)
	at org.junit.platform.engine.support.hierarchical.Node.around(Node.java:137)
	at org.junit.platform.engine.support.hierarchical.NodeTestTask.lambda$executeRecursively$9(NodeTestTask.java:139)
	at org.junit.platform.engine.support.hierarchical.ThrowableCollector.execute(ThrowableCollector.java:73)
	at org.junit.platform.engine.support.hierarchical.NodeTestTask.executeRecursively(NodeTestTask.java:138)
	at org.junit.platform.engine.support.hierarchical.NodeTestTask.execute(NodeTestTask.java:95)
	at org.junit.platform.engine.support.hierarchical.SameThreadHierarchicalTestExecutorService.submit(SameThreadHierarchicalTestExecutorService.java:35)
	at org.junit.platform.engine.support.hierarchical.HierarchicalTestExecutor.execute(HierarchicalTestExecutor.java:57)
	at org.junit.platform.engine.support.hierarchical.HierarchicalTestEngine.execute(HierarchicalTestEngine.java:54)
	at org.junit.platform.launcher.core.EngineExecutionOrchestrator.execute(EngineExecutionOrchestrator.java:147)
	at org.junit.platform.launcher.core.EngineExecutionOrchestrator.execute(EngineExecutionOrchestrator.java:127)
	at org.junit.platform.launcher.core.EngineExecutionOrchestrator.execute(EngineExecutionOrchestrator.java:90)
	at org.junit.platform.launcher.core.EngineExecutionOrchestrator.lambda$execute$0(EngineExecutionOrchestrator.java:55)
	at org.junit.platform.launcher.core.EngineExecutionOrchestrator.withInterceptedStreams(EngineExecutionOrchestrator.java:102)
	at org.junit.platform.launcher.core.EngineExecutionOrchestrator.execute(EngineExecutionOrchestrator.java:54)
	at org.junit.platform.launcher.core.DefaultLauncher.execute(DefaultLauncher.java:114)
	at org.junit.platform.launcher.core.DefaultLauncher.execute(DefaultLauncher.java:86)
	at org.junit.platform.launcher.core.DefaultLauncherSession$DelegatingLauncher.execute(DefaultLauncherSession.java:86)
	at org.apache.maven.surefire.junitplatform.LazyLauncher.execute(LazyLauncher.java:50)
	at org.apache.maven.surefire.junitplatform.JUnitPlatformProvider.execute(JUnitPlatformProvider.java:184)
	at org.apache.maven.surefire.junitplatform.JUnitPlatformProvider.invokeAllTests(JUnitPlatformProvider.java:148)
	at org.apache.maven.surefire.junitplatform.JUnitPlatformProvider.invoke(JUnitPlatformProvider.java:122)
	at org.apache.maven.surefire.booter.ForkedBooter.runSuitesInProcess(ForkedBooter.java:385)
	at org.apache.maven.surefire.booter.ForkedBooter.execute(ForkedBooter.java:162)
	at org.apache.maven.surefire.booter.ForkedBooter.run(ForkedBooter.java:507)
	at org.apache.maven.surefire.booter.ForkedBooter.main(ForkedBooter.java:495)
2023-11-24 12:36:44,531 DEBUG o.h.o.s.a.tree [SqlTreePrinter.java:46] SQL AST Tree:
    SelectStatement {
      FromClause {
        StandardTableGroup (c1 : franco.maurizio.hr.desk.com.persistence.entity.Candidate) {
          primaryTableReference : candidates as c1_0
        }
      }
    }

2023-11-24 12:36:44,532 DEBUG o.h.p.e.AbstractEntityPersister [AbstractEntityPersister.java:2904] Static SQL for entity: franco.maurizio.hr.desk.com.persistence.entity.SurveyReply
2023-11-24 12:36:44,532 DEBUG o.h.p.e.AbstractEntityPersister [AbstractEntityPersister.java:2909]  Version select: select id from surveyreplies where id=?
2023-11-24 12:36:44,532 DEBUG o.h.p.e.AbstractEntityPersister [DelegatingBasicLogger.java:393]  Insert (0): insert into surveyreplies (answers,candidate_id,endtime,generated_token,pdffilename,points,starttime,survey_id) values (?,?,?,?,?,?,?,?)
2023-11-24 12:36:44,532 DEBUG o.h.p.e.AbstractEntityPersister [DelegatingBasicLogger.java:393]  Update (0): update surveyreplies set answers=?,candidate_id=?,endtime=?,generated_token=?,pdffilename=?,points=?,starttime=?,survey_id=? where id=?
2023-11-24 12:36:44,532 DEBUG o.h.p.e.AbstractEntityPersister [DelegatingBasicLogger.java:393]  Delete (0): delete from surveyreplies where id=?
2023-11-24 12:36:44,532 DEBUG o.h.o.s.a.create [SqlAliasBaseImpl.java:33] Created new SQL alias : s1_0
2023-11-24 12:36:44,532 DEBUG o.h.o.s.a.create [SimpleFromClauseAccessImpl.java:98] Registration of TableGroup [StandardTableGroup(franco.maurizio.hr.desk.com.persistence.entity.SurveyReply)] with identifierForTableGroup [franco.maurizio.hr.desk.com.persistence.entity.SurveyReply] for NavigablePath [franco.maurizio.hr.desk.com.persistence.entity.SurveyReply] 
2023-11-24 12:36:44,533 TRACE o.h.l.a.i.LoaderSelectBuilder [LoaderSelectBuilder.java:779] Starting visitation of FetchParent's Fetchables : franco.maurizio.hr.desk.com.persistence.entity.SurveyReply
2023-11-24 12:36:44,533 DEBUG o.h.o.r.g.AST [DomainResultGraphPrinter.java:67] DomainResult Graph:
 \-EntityResultImpl [franco.maurizio.hr.desk.com.persistence.entity.SurveyReply]
 |  +-BasicFetch [franco.maurizio.hr.desk.com.persistence.entity.SurveyReply.answers]
 |  +-BasicFetch [franco.maurizio.hr.desk.com.persistence.entity.SurveyReply.candidateId]
 |  +-BasicFetch [franco.maurizio.hr.desk.com.persistence.entity.SurveyReply.endtime]
 |  +-BasicFetch [franco.maurizio.hr.desk.com.persistence.entity.SurveyReply.generated_token]
 |  +-BasicFetch [franco.maurizio.hr.desk.com.persistence.entity.SurveyReply.pdffilename]
 |  +-BasicFetch [franco.maurizio.hr.desk.com.persistence.entity.SurveyReply.points]
 |  +-BasicFetch [franco.maurizio.hr.desk.com.persistence.entity.SurveyReply.starttime]
 |  \-BasicFetch [franco.maurizio.hr.desk.com.persistence.entity.SurveyReply.surveyId]

2023-11-24 12:36:44,533 TRACE o.h.o.r.g.AST [DomainResultGraphPrinter.java:70] Stack trace calling DomainResultGraphPrinter
java.lang.Exception: null
	at org.hibernate.sql.results.graph.DomainResultGraphPrinter.visitDomainResults(DomainResultGraphPrinter.java:70)
	at org.hibernate.sql.results.graph.DomainResultGraphPrinter.logDomainResultGraph(DomainResultGraphPrinter.java:46)
	at org.hibernate.sql.results.graph.DomainResultGraphPrinter.logDomainResultGraph(DomainResultGraphPrinter.java:37)
	at org.hibernate.sql.ast.spi.AbstractSqlAstTranslator.translateSelect(AbstractSqlAstTranslator.java:848)
	at org.hibernate.sql.ast.spi.AbstractSqlAstTranslator.translate(AbstractSqlAstTranslator.java:801)
	at org.hibernate.loader.ast.internal.SingleIdLoadPlan.<init>(SingleIdLoadPlan.java:67)
	at org.hibernate.loader.ast.internal.SingleIdEntityLoaderStandardImpl.createLoadPlan(SingleIdEntityLoaderStandardImpl.java:197)
	at org.hibernate.loader.ast.internal.SingleIdEntityLoaderStandardImpl.prepare(SingleIdEntityLoaderStandardImpl.java:55)
	at org.hibernate.persister.entity.AbstractEntityPersister.prepareLoader(AbstractEntityPersister.java:3486)
	at org.hibernate.persister.entity.AbstractEntityPersister.postInstantiate(AbstractEntityPersister.java:3480)
	at org.hibernate.metamodel.model.domain.internal.MappingMetamodelImpl.finishInitialization(MappingMetamodelImpl.java:204)
	at org.hibernate.internal.SessionFactoryImpl.initializeMappingModel(SessionFactoryImpl.java:321)
	at org.hibernate.internal.SessionFactoryImpl.<init>(SessionFactoryImpl.java:271)
	at org.hibernate.boot.internal.SessionFactoryBuilderImpl.build(SessionFactoryBuilderImpl.java:444)
	at org.hibernate.jpa.boot.internal.EntityManagerFactoryBuilderImpl.build(EntityManagerFactoryBuilderImpl.java:1458)
	at org.springframework.orm.jpa.vendor.SpringHibernateJpaPersistenceProvider.createContainerEntityManagerFactory(SpringHibernateJpaPersistenceProvider.java:75)
	at org.springframework.orm.jpa.LocalContainerEntityManagerFactoryBean.createNativeEntityManagerFactory(LocalContainerEntityManagerFactoryBean.java:376)
	at org.springframework.orm.jpa.AbstractEntityManagerFactoryBean.buildNativeEntityManagerFactory(AbstractEntityManagerFactoryBean.java:409)
	at org.springframework.orm.jpa.AbstractEntityManagerFactoryBean.afterPropertiesSet(AbstractEntityManagerFactoryBean.java:396)
	at org.springframework.orm.jpa.LocalContainerEntityManagerFactoryBean.afterPropertiesSet(LocalContainerEntityManagerFactoryBean.java:352)
	at org.springframework.beans.factory.support.AbstractAutowireCapableBeanFactory.invokeInitMethods(AbstractAutowireCapableBeanFactory.java:1817)
	at org.springframework.beans.factory.support.AbstractAutowireCapableBeanFactory.initializeBean(AbstractAutowireCapableBeanFactory.java:1766)
	at org.springframework.beans.factory.support.AbstractAutowireCapableBeanFactory.doCreateBean(AbstractAutowireCapableBeanFactory.java:598)
	at org.springframework.beans.factory.support.AbstractAutowireCapableBeanFactory.createBean(AbstractAutowireCapableBeanFactory.java:520)
	at org.springframework.beans.factory.support.AbstractBeanFactory.lambda$doGetBean$0(AbstractBeanFactory.java:325)
	at org.springframework.beans.factory.support.DefaultSingletonBeanRegistry.getSingleton(DefaultSingletonBeanRegistry.java:234)
	at org.springframework.beans.factory.support.AbstractBeanFactory.doGetBean(AbstractBeanFactory.java:323)
	at org.springframework.beans.factory.support.AbstractBeanFactory.getBean(AbstractBeanFactory.java:199)
	at org.springframework.context.support.AbstractApplicationContext.getBean(AbstractApplicationContext.java:1166)
	at org.springframework.context.support.AbstractApplicationContext.finishBeanFactoryInitialization(AbstractApplicationContext.java:940)
	at org.springframework.context.support.AbstractApplicationContext.refresh(AbstractApplicationContext.java:616)
	at org.springframework.boot.web.servlet.context.ServletWebServerApplicationContext.refresh(ServletWebServerApplicationContext.java:146)
	at org.springframework.boot.SpringApplication.refresh(SpringApplication.java:738)
	at org.springframework.boot.SpringApplication.refreshContext(SpringApplication.java:440)
	at org.springframework.boot.SpringApplication.run(SpringApplication.java:316)
	at org.springframework.boot.test.context.SpringBootContextLoader.lambda$loadContext$3(SpringBootContextLoader.java:137)
	at org.springframework.util.function.ThrowingSupplier.get(ThrowingSupplier.java:58)
	at org.springframework.util.function.ThrowingSupplier.get(ThrowingSupplier.java:46)
	at org.springframework.boot.SpringApplication.withHook(SpringApplication.java:1406)
	at org.springframework.boot.test.context.SpringBootContextLoader$ContextLoaderHook.run(SpringBootContextLoader.java:545)
	at org.springframework.boot.test.context.SpringBootContextLoader.loadContext(SpringBootContextLoader.java:137)
	at org.springframework.boot.test.context.SpringBootContextLoader.loadContext(SpringBootContextLoader.java:108)
	at org.springframework.test.context.cache.DefaultCacheAwareContextLoaderDelegate.loadContextInternal(DefaultCacheAwareContextLoaderDelegate.java:187)
	at org.springframework.test.context.cache.DefaultCacheAwareContextLoaderDelegate.loadContext(DefaultCacheAwareContextLoaderDelegate.java:119)
	at org.springframework.test.context.support.DefaultTestContext.getApplicationContext(DefaultTestContext.java:127)
	at org.springframework.boot.test.mock.mockito.MockitoTestExecutionListener.postProcessFields(MockitoTestExecutionListener.java:110)
	at org.springframework.boot.test.mock.mockito.MockitoTestExecutionListener.injectFields(MockitoTestExecutionListener.java:94)
	at org.springframework.boot.test.mock.mockito.MockitoTestExecutionListener.prepareTestInstance(MockitoTestExecutionListener.java:61)
	at org.springframework.test.context.TestContextManager.prepareTestInstance(TestContextManager.java:241)
	at org.springframework.test.context.junit.jupiter.SpringExtension.postProcessTestInstance(SpringExtension.java:138)
	at org.junit.jupiter.engine.descriptor.ClassBasedTestDescriptor.lambda$invokeTestInstancePostProcessors$10(ClassBasedTestDescriptor.java:377)
	at org.junit.jupiter.engine.descriptor.ClassBasedTestDescriptor.executeAndMaskThrowable(ClassBasedTestDescriptor.java:382)
	at org.junit.jupiter.engine.descriptor.ClassBasedTestDescriptor.lambda$invokeTestInstancePostProcessors$11(ClassBasedTestDescriptor.java:377)
	at java.base/java.util.stream.ReferencePipeline$3$1.accept(ReferencePipeline.java:197)
	at java.base/java.util.stream.ReferencePipeline$2$1.accept(ReferencePipeline.java:179)
	at java.base/java.util.ArrayList$ArrayListSpliterator.forEachRemaining(ArrayList.java:1625)
	at java.base/java.util.stream.AbstractPipeline.copyInto(AbstractPipeline.java:509)
	at java.base/java.util.stream.AbstractPipeline.wrapAndCopyInto(AbstractPipeline.java:499)
	at java.base/java.util.stream.StreamSpliterators$WrappingSpliterator.forEachRemaining(StreamSpliterators.java:310)
	at java.base/java.util.stream.Streams$ConcatSpliterator.forEachRemaining(Streams.java:735)
	at java.base/java.util.stream.Streams$ConcatSpliterator.forEachRemaining(Streams.java:734)
	at java.base/java.util.stream.ReferencePipeline$Head.forEach(ReferencePipeline.java:762)
	at org.junit.jupiter.engine.descriptor.ClassBasedTestDescriptor.invokeTestInstancePostProcessors(ClassBasedTestDescriptor.java:376)
	at org.junit.jupiter.engine.descriptor.ClassBasedTestDescriptor.lambda$instantiateAndPostProcessTestInstance$6(ClassBasedTestDescriptor.java:289)
	at org.junit.platform.engine.support.hierarchical.ThrowableCollector.execute(ThrowableCollector.java:73)
	at org.junit.jupiter.engine.descriptor.ClassBasedTestDescriptor.instantiateAndPostProcessTestInstance(ClassBasedTestDescriptor.java:288)
	at org.junit.jupiter.engine.descriptor.ClassBasedTestDescriptor.lambda$testInstancesProvider$4(ClassBasedTestDescriptor.java:278)
	at java.base/java.util.Optional.orElseGet(Optional.java:364)
	at org.junit.jupiter.engine.descriptor.ClassBasedTestDescriptor.lambda$testInstancesProvider$5(ClassBasedTestDescriptor.java:277)
	at org.junit.jupiter.engine.execution.TestInstancesProvider.getTestInstances(TestInstancesProvider.java:31)
	at org.junit.jupiter.engine.descriptor.TestMethodTestDescriptor.lambda$prepare$0(TestMethodTestDescriptor.java:105)
	at org.junit.platform.engine.support.hierarchical.ThrowableCollector.execute(ThrowableCollector.java:73)
	at org.junit.jupiter.engine.descriptor.TestMethodTestDescriptor.prepare(TestMethodTestDescriptor.java:104)
	at org.junit.jupiter.engine.descriptor.TestMethodTestDescriptor.prepare(TestMethodTestDescriptor.java:68)
	at org.junit.platform.engine.support.hierarchical.NodeTestTask.lambda$prepare$2(NodeTestTask.java:123)
	at org.junit.platform.engine.support.hierarchical.ThrowableCollector.execute(ThrowableCollector.java:73)
	at org.junit.platform.engine.support.hierarchical.NodeTestTask.prepare(NodeTestTask.java:123)
	at org.junit.platform.engine.support.hierarchical.NodeTestTask.execute(NodeTestTask.java:90)
	at java.base/java.util.ArrayList.forEach(ArrayList.java:1511)
	at org.junit.platform.engine.support.hierarchical.SameThreadHierarchicalTestExecutorService.invokeAll(SameThreadHierarchicalTestExecutorService.java:41)
	at org.junit.platform.engine.support.hierarchical.NodeTestTask.lambda$executeRecursively$6(NodeTestTask.java:155)
	at org.junit.platform.engine.support.hierarchical.ThrowableCollector.execute(ThrowableCollector.java:73)
	at org.junit.platform.engine.support.hierarchical.NodeTestTask.lambda$executeRecursively$8(NodeTestTask.java:141)
	at org.junit.platform.engine.support.hierarchical.Node.around(Node.java:137)
	at org.junit.platform.engine.support.hierarchical.NodeTestTask.lambda$executeRecursively$9(NodeTestTask.java:139)
	at org.junit.platform.engine.support.hierarchical.ThrowableCollector.execute(ThrowableCollector.java:73)
	at org.junit.platform.engine.support.hierarchical.NodeTestTask.executeRecursively(NodeTestTask.java:138)
	at org.junit.platform.engine.support.hierarchical.NodeTestTask.execute(NodeTestTask.java:95)
	at java.base/java.util.ArrayList.forEach(ArrayList.java:1511)
	at org.junit.platform.engine.support.hierarchical.SameThreadHierarchicalTestExecutorService.invokeAll(SameThreadHierarchicalTestExecutorService.java:41)
	at org.junit.platform.engine.support.hierarchical.NodeTestTask.lambda$executeRecursively$6(NodeTestTask.java:155)
	at org.junit.platform.engine.support.hierarchical.ThrowableCollector.execute(ThrowableCollector.java:73)
	at org.junit.platform.engine.support.hierarchical.NodeTestTask.lambda$executeRecursively$8(NodeTestTask.java:141)
	at org.junit.platform.engine.support.hierarchical.Node.around(Node.java:137)
	at org.junit.platform.engine.support.hierarchical.NodeTestTask.lambda$executeRecursively$9(NodeTestTask.java:139)
	at org.junit.platform.engine.support.hierarchical.ThrowableCollector.execute(ThrowableCollector.java:73)
	at org.junit.platform.engine.support.hierarchical.NodeTestTask.executeRecursively(NodeTestTask.java:138)
	at org.junit.platform.engine.support.hierarchical.NodeTestTask.execute(NodeTestTask.java:95)
	at org.junit.platform.engine.support.hierarchical.SameThreadHierarchicalTestExecutorService.submit(SameThreadHierarchicalTestExecutorService.java:35)
	at org.junit.platform.engine.support.hierarchical.HierarchicalTestExecutor.execute(HierarchicalTestExecutor.java:57)
	at org.junit.platform.engine.support.hierarchical.HierarchicalTestEngine.execute(HierarchicalTestEngine.java:54)
	at org.junit.platform.launcher.core.EngineExecutionOrchestrator.execute(EngineExecutionOrchestrator.java:147)
	at org.junit.platform.launcher.core.EngineExecutionOrchestrator.execute(EngineExecutionOrchestrator.java:127)
	at org.junit.platform.launcher.core.EngineExecutionOrchestrator.execute(EngineExecutionOrchestrator.java:90)
	at org.junit.platform.launcher.core.EngineExecutionOrchestrator.lambda$execute$0(EngineExecutionOrchestrator.java:55)
	at org.junit.platform.launcher.core.EngineExecutionOrchestrator.withInterceptedStreams(EngineExecutionOrchestrator.java:102)
	at org.junit.platform.launcher.core.EngineExecutionOrchestrator.execute(EngineExecutionOrchestrator.java:54)
	at org.junit.platform.launcher.core.DefaultLauncher.execute(DefaultLauncher.java:114)
	at org.junit.platform.launcher.core.DefaultLauncher.execute(DefaultLauncher.java:86)
	at org.junit.platform.launcher.core.DefaultLauncherSession$DelegatingLauncher.execute(DefaultLauncherSession.java:86)
	at org.apache.maven.surefire.junitplatform.LazyLauncher.execute(LazyLauncher.java:50)
	at org.apache.maven.surefire.junitplatform.JUnitPlatformProvider.execute(JUnitPlatformProvider.java:184)
	at org.apache.maven.surefire.junitplatform.JUnitPlatformProvider.invokeAllTests(JUnitPlatformProvider.java:148)
	at org.apache.maven.surefire.junitplatform.JUnitPlatformProvider.invoke(JUnitPlatformProvider.java:122)
	at org.apache.maven.surefire.booter.ForkedBooter.runSuitesInProcess(ForkedBooter.java:385)
	at org.apache.maven.surefire.booter.ForkedBooter.execute(ForkedBooter.java:162)
	at org.apache.maven.surefire.booter.ForkedBooter.run(ForkedBooter.java:507)
	at org.apache.maven.surefire.booter.ForkedBooter.main(ForkedBooter.java:495)
2023-11-24 12:36:44,534 DEBUG o.h.o.s.a.tree [SqlTreePrinter.java:46] SQL AST Tree:
    SelectStatement {
      FromClause {
        StandardTableGroup (s1 : franco.maurizio.hr.desk.com.persistence.entity.SurveyReply) {
          primaryTableReference : surveyreplies as s1_0
        }
      }
    }

2023-11-24 12:36:44,535 DEBUG o.h.p.e.AbstractEntityPersister [AbstractEntityPersister.java:2904] Static SQL for entity: franco.maurizio.hr.desk.com.persistence.entity.User
2023-11-24 12:36:44,535 DEBUG o.h.p.e.AbstractEntityPersister [AbstractEntityPersister.java:2909]  Version select: select id from users where id=?
2023-11-24 12:36:44,535 DEBUG o.h.p.e.AbstractEntityPersister [DelegatingBasicLogger.java:393]  Insert (0): insert into users (email,enabled,firstname,lastname,password,regdate,role) values (?,?,?,?,?,?,?)
2023-11-24 12:36:44,535 DEBUG o.h.p.e.AbstractEntityPersister [DelegatingBasicLogger.java:393]  Update (0): update users set email=?,enabled=?,firstname=?,lastname=?,password=?,regdate=?,role=? where id=?
2023-11-24 12:36:44,535 DEBUG o.h.p.e.AbstractEntityPersister [DelegatingBasicLogger.java:393]  Delete (0): delete from users where id=?
2023-11-24 12:36:44,536 DEBUG o.h.o.s.a.create [SqlAliasBaseImpl.java:33] Created new SQL alias : u1_0
2023-11-24 12:36:44,536 DEBUG o.h.o.s.a.create [SimpleFromClauseAccessImpl.java:98] Registration of TableGroup [StandardTableGroup(franco.maurizio.hr.desk.com.persistence.entity.User)] with identifierForTableGroup [franco.maurizio.hr.desk.com.persistence.entity.User] for NavigablePath [franco.maurizio.hr.desk.com.persistence.entity.User] 
2023-11-24 12:36:44,536 TRACE o.h.l.a.i.LoaderSelectBuilder [LoaderSelectBuilder.java:779] Starting visitation of FetchParent's Fetchables : franco.maurizio.hr.desk.com.persistence.entity.User
2023-11-24 12:36:44,536 DEBUG o.h.o.r.g.AST [DomainResultGraphPrinter.java:67] DomainResult Graph:
 \-EntityResultImpl [franco.maurizio.hr.desk.com.persistence.entity.User]
 |  +-BasicFetch [franco.maurizio.hr.desk.com.persistence.entity.User.email]
 |  +-BasicFetch [franco.maurizio.hr.desk.com.persistence.entity.User.enabled]
 |  +-BasicFetch [franco.maurizio.hr.desk.com.persistence.entity.User.firstname]
 |  +-BasicFetch [franco.maurizio.hr.desk.com.persistence.entity.User.lastname]
 |  +-BasicFetch [franco.maurizio.hr.desk.com.persistence.entity.User.password]
 |  +-BasicFetch [franco.maurizio.hr.desk.com.persistence.entity.User.regdate]
 |  \-BasicFetch [franco.maurizio.hr.desk.com.persistence.entity.User.role]

2023-11-24 12:36:44,537 TRACE o.h.o.r.g.AST [DomainResultGraphPrinter.java:70] Stack trace calling DomainResultGraphPrinter
java.lang.Exception: null
	at org.hibernate.sql.results.graph.DomainResultGraphPrinter.visitDomainResults(DomainResultGraphPrinter.java:70)
	at org.hibernate.sql.results.graph.DomainResultGraphPrinter.logDomainResultGraph(DomainResultGraphPrinter.java:46)
	at org.hibernate.sql.results.graph.DomainResultGraphPrinter.logDomainResultGraph(DomainResultGraphPrinter.java:37)
	at org.hibernate.sql.ast.spi.AbstractSqlAstTranslator.translateSelect(AbstractSqlAstTranslator.java:848)
	at org.hibernate.sql.ast.spi.AbstractSqlAstTranslator.translate(AbstractSqlAstTranslator.java:801)
	at org.hibernate.loader.ast.internal.SingleIdLoadPlan.<init>(SingleIdLoadPlan.java:67)
	at org.hibernate.loader.ast.internal.SingleIdEntityLoaderStandardImpl.createLoadPlan(SingleIdEntityLoaderStandardImpl.java:197)
	at org.hibernate.loader.ast.internal.SingleIdEntityLoaderStandardImpl.prepare(SingleIdEntityLoaderStandardImpl.java:55)
	at org.hibernate.persister.entity.AbstractEntityPersister.prepareLoader(AbstractEntityPersister.java:3486)
	at org.hibernate.persister.entity.AbstractEntityPersister.postInstantiate(AbstractEntityPersister.java:3480)
	at org.hibernate.metamodel.model.domain.internal.MappingMetamodelImpl.finishInitialization(MappingMetamodelImpl.java:204)
	at org.hibernate.internal.SessionFactoryImpl.initializeMappingModel(SessionFactoryImpl.java:321)
	at org.hibernate.internal.SessionFactoryImpl.<init>(SessionFactoryImpl.java:271)
	at org.hibernate.boot.internal.SessionFactoryBuilderImpl.build(SessionFactoryBuilderImpl.java:444)
	at org.hibernate.jpa.boot.internal.EntityManagerFactoryBuilderImpl.build(EntityManagerFactoryBuilderImpl.java:1458)
	at org.springframework.orm.jpa.vendor.SpringHibernateJpaPersistenceProvider.createContainerEntityManagerFactory(SpringHibernateJpaPersistenceProvider.java:75)
	at org.springframework.orm.jpa.LocalContainerEntityManagerFactoryBean.createNativeEntityManagerFactory(LocalContainerEntityManagerFactoryBean.java:376)
	at org.springframework.orm.jpa.AbstractEntityManagerFactoryBean.buildNativeEntityManagerFactory(AbstractEntityManagerFactoryBean.java:409)
	at org.springframework.orm.jpa.AbstractEntityManagerFactoryBean.afterPropertiesSet(AbstractEntityManagerFactoryBean.java:396)
	at org.springframework.orm.jpa.LocalContainerEntityManagerFactoryBean.afterPropertiesSet(LocalContainerEntityManagerFactoryBean.java:352)
	at org.springframework.beans.factory.support.AbstractAutowireCapableBeanFactory.invokeInitMethods(AbstractAutowireCapableBeanFactory.java:1817)
	at org.springframework.beans.factory.support.AbstractAutowireCapableBeanFactory.initializeBean(AbstractAutowireCapableBeanFactory.java:1766)
	at org.springframework.beans.factory.support.AbstractAutowireCapableBeanFactory.doCreateBean(AbstractAutowireCapableBeanFactory.java:598)
	at org.springframework.beans.factory.support.AbstractAutowireCapableBeanFactory.createBean(AbstractAutowireCapableBeanFactory.java:520)
	at org.springframework.beans.factory.support.AbstractBeanFactory.lambda$doGetBean$0(AbstractBeanFactory.java:325)
	at org.springframework.beans.factory.support.DefaultSingletonBeanRegistry.getSingleton(DefaultSingletonBeanRegistry.java:234)
	at org.springframework.beans.factory.support.AbstractBeanFactory.doGetBean(AbstractBeanFactory.java:323)
	at org.springframework.beans.factory.support.AbstractBeanFactory.getBean(AbstractBeanFactory.java:199)
	at org.springframework.context.support.AbstractApplicationContext.getBean(AbstractApplicationContext.java:1166)
	at org.springframework.context.support.AbstractApplicationContext.finishBeanFactoryInitialization(AbstractApplicationContext.java:940)
	at org.springframework.context.support.AbstractApplicationContext.refresh(AbstractApplicationContext.java:616)
	at org.springframework.boot.web.servlet.context.ServletWebServerApplicationContext.refresh(ServletWebServerApplicationContext.java:146)
	at org.springframework.boot.SpringApplication.refresh(SpringApplication.java:738)
	at org.springframework.boot.SpringApplication.refreshContext(SpringApplication.java:440)
	at org.springframework.boot.SpringApplication.run(SpringApplication.java:316)
	at org.springframework.boot.test.context.SpringBootContextLoader.lambda$loadContext$3(SpringBootContextLoader.java:137)
	at org.springframework.util.function.ThrowingSupplier.get(ThrowingSupplier.java:58)
	at org.springframework.util.function.ThrowingSupplier.get(ThrowingSupplier.java:46)
	at org.springframework.boot.SpringApplication.withHook(SpringApplication.java:1406)
	at org.springframework.boot.test.context.SpringBootContextLoader$ContextLoaderHook.run(SpringBootContextLoader.java:545)
	at org.springframework.boot.test.context.SpringBootContextLoader.loadContext(SpringBootContextLoader.java:137)
	at org.springframework.boot.test.context.SpringBootContextLoader.loadContext(SpringBootContextLoader.java:108)
	at org.springframework.test.context.cache.DefaultCacheAwareContextLoaderDelegate.loadContextInternal(DefaultCacheAwareContextLoaderDelegate.java:187)
	at org.springframework.test.context.cache.DefaultCacheAwareContextLoaderDelegate.loadContext(DefaultCacheAwareContextLoaderDelegate.java:119)
	at org.springframework.test.context.support.DefaultTestContext.getApplicationContext(DefaultTestContext.java:127)
	at org.springframework.boot.test.mock.mockito.MockitoTestExecutionListener.postProcessFields(MockitoTestExecutionListener.java:110)
	at org.springframework.boot.test.mock.mockito.MockitoTestExecutionListener.injectFields(MockitoTestExecutionListener.java:94)
	at org.springframework.boot.test.mock.mockito.MockitoTestExecutionListener.prepareTestInstance(MockitoTestExecutionListener.java:61)
	at org.springframework.test.context.TestContextManager.prepareTestInstance(TestContextManager.java:241)
	at org.springframework.test.context.junit.jupiter.SpringExtension.postProcessTestInstance(SpringExtension.java:138)
	at org.junit.jupiter.engine.descriptor.ClassBasedTestDescriptor.lambda$invokeTestInstancePostProcessors$10(ClassBasedTestDescriptor.java:377)
	at org.junit.jupiter.engine.descriptor.ClassBasedTestDescriptor.executeAndMaskThrowable(ClassBasedTestDescriptor.java:382)
	at org.junit.jupiter.engine.descriptor.ClassBasedTestDescriptor.lambda$invokeTestInstancePostProcessors$11(ClassBasedTestDescriptor.java:377)
	at java.base/java.util.stream.ReferencePipeline$3$1.accept(ReferencePipeline.java:197)
	at java.base/java.util.stream.ReferencePipeline$2$1.accept(ReferencePipeline.java:179)
	at java.base/java.util.ArrayList$ArrayListSpliterator.forEachRemaining(ArrayList.java:1625)
	at java.base/java.util.stream.AbstractPipeline.copyInto(AbstractPipeline.java:509)
	at java.base/java.util.stream.AbstractPipeline.wrapAndCopyInto(AbstractPipeline.java:499)
	at java.base/java.util.stream.StreamSpliterators$WrappingSpliterator.forEachRemaining(StreamSpliterators.java:310)
	at java.base/java.util.stream.Streams$ConcatSpliterator.forEachRemaining(Streams.java:735)
	at java.base/java.util.stream.Streams$ConcatSpliterator.forEachRemaining(Streams.java:734)
	at java.base/java.util.stream.ReferencePipeline$Head.forEach(ReferencePipeline.java:762)
	at org.junit.jupiter.engine.descriptor.ClassBasedTestDescriptor.invokeTestInstancePostProcessors(ClassBasedTestDescriptor.java:376)
	at org.junit.jupiter.engine.descriptor.ClassBasedTestDescriptor.lambda$instantiateAndPostProcessTestInstance$6(ClassBasedTestDescriptor.java:289)
	at org.junit.platform.engine.support.hierarchical.ThrowableCollector.execute(ThrowableCollector.java:73)
	at org.junit.jupiter.engine.descriptor.ClassBasedTestDescriptor.instantiateAndPostProcessTestInstance(ClassBasedTestDescriptor.java:288)
	at org.junit.jupiter.engine.descriptor.ClassBasedTestDescriptor.lambda$testInstancesProvider$4(ClassBasedTestDescriptor.java:278)
	at java.base/java.util.Optional.orElseGet(Optional.java:364)
	at org.junit.jupiter.engine.descriptor.ClassBasedTestDescriptor.lambda$testInstancesProvider$5(ClassBasedTestDescriptor.java:277)
	at org.junit.jupiter.engine.execution.TestInstancesProvider.getTestInstances(TestInstancesProvider.java:31)
	at org.junit.jupiter.engine.descriptor.TestMethodTestDescriptor.lambda$prepare$0(TestMethodTestDescriptor.java:105)
	at org.junit.platform.engine.support.hierarchical.ThrowableCollector.execute(ThrowableCollector.java:73)
	at org.junit.jupiter.engine.descriptor.TestMethodTestDescriptor.prepare(TestMethodTestDescriptor.java:104)
	at org.junit.jupiter.engine.descriptor.TestMethodTestDescriptor.prepare(TestMethodTestDescriptor.java:68)
	at org.junit.platform.engine.support.hierarchical.NodeTestTask.lambda$prepare$2(NodeTestTask.java:123)
	at org.junit.platform.engine.support.hierarchical.ThrowableCollector.execute(ThrowableCollector.java:73)
	at org.junit.platform.engine.support.hierarchical.NodeTestTask.prepare(NodeTestTask.java:123)
	at org.junit.platform.engine.support.hierarchical.NodeTestTask.execute(NodeTestTask.java:90)
	at java.base/java.util.ArrayList.forEach(ArrayList.java:1511)
	at org.junit.platform.engine.support.hierarchical.SameThreadHierarchicalTestExecutorService.invokeAll(SameThreadHierarchicalTestExecutorService.java:41)
	at org.junit.platform.engine.support.hierarchical.NodeTestTask.lambda$executeRecursively$6(NodeTestTask.java:155)
	at org.junit.platform.engine.support.hierarchical.ThrowableCollector.execute(ThrowableCollector.java:73)
	at org.junit.platform.engine.support.hierarchical.NodeTestTask.lambda$executeRecursively$8(NodeTestTask.java:141)
	at org.junit.platform.engine.support.hierarchical.Node.around(Node.java:137)
	at org.junit.platform.engine.support.hierarchical.NodeTestTask.lambda$executeRecursively$9(NodeTestTask.java:139)
	at org.junit.platform.engine.support.hierarchical.ThrowableCollector.execute(ThrowableCollector.java:73)
	at org.junit.platform.engine.support.hierarchical.NodeTestTask.executeRecursively(NodeTestTask.java:138)
	at org.junit.platform.engine.support.hierarchical.NodeTestTask.execute(NodeTestTask.java:95)
	at java.base/java.util.ArrayList.forEach(ArrayList.java:1511)
	at org.junit.platform.engine.support.hierarchical.SameThreadHierarchicalTestExecutorService.invokeAll(SameThreadHierarchicalTestExecutorService.java:41)
	at org.junit.platform.engine.support.hierarchical.NodeTestTask.lambda$executeRecursively$6(NodeTestTask.java:155)
	at org.junit.platform.engine.support.hierarchical.ThrowableCollector.execute(ThrowableCollector.java:73)
	at org.junit.platform.engine.support.hierarchical.NodeTestTask.lambda$executeRecursively$8(NodeTestTask.java:141)
	at org.junit.platform.engine.support.hierarchical.Node.around(Node.java:137)
	at org.junit.platform.engine.support.hierarchical.NodeTestTask.lambda$executeRecursively$9(NodeTestTask.java:139)
	at org.junit.platform.engine.support.hierarchical.ThrowableCollector.execute(ThrowableCollector.java:73)
	at org.junit.platform.engine.support.hierarchical.NodeTestTask.executeRecursively(NodeTestTask.java:138)
	at org.junit.platform.engine.support.hierarchical.NodeTestTask.execute(NodeTestTask.java:95)
	at org.junit.platform.engine.support.hierarchical.SameThreadHierarchicalTestExecutorService.submit(SameThreadHierarchicalTestExecutorService.java:35)
	at org.junit.platform.engine.support.hierarchical.HierarchicalTestExecutor.execute(HierarchicalTestExecutor.java:57)
	at org.junit.platform.engine.support.hierarchical.HierarchicalTestEngine.execute(HierarchicalTestEngine.java:54)
	at org.junit.platform.launcher.core.EngineExecutionOrchestrator.execute(EngineExecutionOrchestrator.java:147)
	at org.junit.platform.launcher.core.EngineExecutionOrchestrator.execute(EngineExecutionOrchestrator.java:127)
	at org.junit.platform.launcher.core.EngineExecutionOrchestrator.execute(EngineExecutionOrchestrator.java:90)
	at org.junit.platform.launcher.core.EngineExecutionOrchestrator.lambda$execute$0(EngineExecutionOrchestrator.java:55)
	at org.junit.platform.launcher.core.EngineExecutionOrchestrator.withInterceptedStreams(EngineExecutionOrchestrator.java:102)
	at org.junit.platform.launcher.core.EngineExecutionOrchestrator.execute(EngineExecutionOrchestrator.java:54)
	at org.junit.platform.launcher.core.DefaultLauncher.execute(DefaultLauncher.java:114)
	at org.junit.platform.launcher.core.DefaultLauncher.execute(DefaultLauncher.java:86)
	at org.junit.platform.launcher.core.DefaultLauncherSession$DelegatingLauncher.execute(DefaultLauncherSession.java:86)
	at org.apache.maven.surefire.junitplatform.LazyLauncher.execute(LazyLauncher.java:50)
	at org.apache.maven.surefire.junitplatform.JUnitPlatformProvider.execute(JUnitPlatformProvider.java:184)
	at org.apache.maven.surefire.junitplatform.JUnitPlatformProvider.invokeAllTests(JUnitPlatformProvider.java:148)
	at org.apache.maven.surefire.junitplatform.JUnitPlatformProvider.invoke(JUnitPlatformProvider.java:122)
	at org.apache.maven.surefire.booter.ForkedBooter.runSuitesInProcess(ForkedBooter.java:385)
	at org.apache.maven.surefire.booter.ForkedBooter.execute(ForkedBooter.java:162)
	at org.apache.maven.surefire.booter.ForkedBooter.run(ForkedBooter.java:507)
	at org.apache.maven.surefire.booter.ForkedBooter.main(ForkedBooter.java:495)
2023-11-24 12:36:44,537 DEBUG o.h.o.s.a.tree [SqlTreePrinter.java:46] SQL AST Tree:
    SelectStatement {
      FromClause {
        StandardTableGroup (u1 : franco.maurizio.hr.desk.com.persistence.entity.User) {
          primaryTableReference : users as u1_0
        }
      }
    }

2023-11-24 12:36:44,538 DEBUG o.h.p.e.AbstractEntityPersister [AbstractEntityPersister.java:2904] Static SQL for entity: franco.maurizio.hr.desk.com.persistence.entity.SurveyQuestion
2023-11-24 12:36:44,538 DEBUG o.h.p.e.AbstractEntityPersister [AbstractEntityPersister.java:2909]  Version select: select id from surveyquestions where id=?
2023-11-24 12:36:44,538 DEBUG o.h.p.e.AbstractEntityPersister [DelegatingBasicLogger.java:393]  Insert (0): insert into surveyquestions (position,question_id,survey_id) values (?,?,?)
2023-11-24 12:36:44,539 DEBUG o.h.p.e.AbstractEntityPersister [DelegatingBasicLogger.java:393]  Update (0): update surveyquestions set position=?,question_id=?,survey_id=? where id=?
2023-11-24 12:36:44,539 DEBUG o.h.p.e.AbstractEntityPersister [DelegatingBasicLogger.java:393]  Delete (0): delete from surveyquestions where id=?
2023-11-24 12:36:44,539 DEBUG o.h.o.s.a.create [SqlAliasBaseImpl.java:33] Created new SQL alias : s1_0
2023-11-24 12:36:44,539 DEBUG o.h.o.s.a.create [SimpleFromClauseAccessImpl.java:98] Registration of TableGroup [StandardTableGroup(franco.maurizio.hr.desk.com.persistence.entity.SurveyQuestion)] with identifierForTableGroup [franco.maurizio.hr.desk.com.persistence.entity.SurveyQuestion] for NavigablePath [franco.maurizio.hr.desk.com.persistence.entity.SurveyQuestion] 
2023-11-24 12:36:44,539 TRACE o.h.l.a.i.LoaderSelectBuilder [LoaderSelectBuilder.java:779] Starting visitation of FetchParent's Fetchables : franco.maurizio.hr.desk.com.persistence.entity.SurveyQuestion
2023-11-24 12:36:44,540 DEBUG o.h.o.r.g.AST [DomainResultGraphPrinter.java:67] DomainResult Graph:
 \-EntityResultImpl [franco.maurizio.hr.desk.com.persistence.entity.SurveyQuestion]
 |  +-BasicFetch [franco.maurizio.hr.desk.com.persistence.entity.SurveyQuestion.position]
 |  +-BasicFetch [franco.maurizio.hr.desk.com.persistence.entity.SurveyQuestion.questionId]
 |  \-BasicFetch [franco.maurizio.hr.desk.com.persistence.entity.SurveyQuestion.surveyId]

2023-11-24 12:36:44,540 TRACE o.h.o.r.g.AST [DomainResultGraphPrinter.java:70] Stack trace calling DomainResultGraphPrinter
java.lang.Exception: null
	at org.hibernate.sql.results.graph.DomainResultGraphPrinter.visitDomainResults(DomainResultGraphPrinter.java:70)
	at org.hibernate.sql.results.graph.DomainResultGraphPrinter.logDomainResultGraph(DomainResultGraphPrinter.java:46)
	at org.hibernate.sql.results.graph.DomainResultGraphPrinter.logDomainResultGraph(DomainResultGraphPrinter.java:37)
	at org.hibernate.sql.ast.spi.AbstractSqlAstTranslator.translateSelect(AbstractSqlAstTranslator.java:848)
	at org.hibernate.sql.ast.spi.AbstractSqlAstTranslator.translate(AbstractSqlAstTranslator.java:801)
	at org.hibernate.loader.ast.internal.SingleIdLoadPlan.<init>(SingleIdLoadPlan.java:67)
	at org.hibernate.loader.ast.internal.SingleIdEntityLoaderStandardImpl.createLoadPlan(SingleIdEntityLoaderStandardImpl.java:197)
	at org.hibernate.loader.ast.internal.SingleIdEntityLoaderStandardImpl.prepare(SingleIdEntityLoaderStandardImpl.java:55)
	at org.hibernate.persister.entity.AbstractEntityPersister.prepareLoader(AbstractEntityPersister.java:3486)
	at org.hibernate.persister.entity.AbstractEntityPersister.postInstantiate(AbstractEntityPersister.java:3480)
	at org.hibernate.metamodel.model.domain.internal.MappingMetamodelImpl.finishInitialization(MappingMetamodelImpl.java:204)
	at org.hibernate.internal.SessionFactoryImpl.initializeMappingModel(SessionFactoryImpl.java:321)
	at org.hibernate.internal.SessionFactoryImpl.<init>(SessionFactoryImpl.java:271)
	at org.hibernate.boot.internal.SessionFactoryBuilderImpl.build(SessionFactoryBuilderImpl.java:444)
	at org.hibernate.jpa.boot.internal.EntityManagerFactoryBuilderImpl.build(EntityManagerFactoryBuilderImpl.java:1458)
	at org.springframework.orm.jpa.vendor.SpringHibernateJpaPersistenceProvider.createContainerEntityManagerFactory(SpringHibernateJpaPersistenceProvider.java:75)
	at org.springframework.orm.jpa.LocalContainerEntityManagerFactoryBean.createNativeEntityManagerFactory(LocalContainerEntityManagerFactoryBean.java:376)
	at org.springframework.orm.jpa.AbstractEntityManagerFactoryBean.buildNativeEntityManagerFactory(AbstractEntityManagerFactoryBean.java:409)
	at org.springframework.orm.jpa.AbstractEntityManagerFactoryBean.afterPropertiesSet(AbstractEntityManagerFactoryBean.java:396)
	at org.springframework.orm.jpa.LocalContainerEntityManagerFactoryBean.afterPropertiesSet(LocalContainerEntityManagerFactoryBean.java:352)
	at org.springframework.beans.factory.support.AbstractAutowireCapableBeanFactory.invokeInitMethods(AbstractAutowireCapableBeanFactory.java:1817)
	at org.springframework.beans.factory.support.AbstractAutowireCapableBeanFactory.initializeBean(AbstractAutowireCapableBeanFactory.java:1766)
	at org.springframework.beans.factory.support.AbstractAutowireCapableBeanFactory.doCreateBean(AbstractAutowireCapableBeanFactory.java:598)
	at org.springframework.beans.factory.support.AbstractAutowireCapableBeanFactory.createBean(AbstractAutowireCapableBeanFactory.java:520)
	at org.springframework.beans.factory.support.AbstractBeanFactory.lambda$doGetBean$0(AbstractBeanFactory.java:325)
	at org.springframework.beans.factory.support.DefaultSingletonBeanRegistry.getSingleton(DefaultSingletonBeanRegistry.java:234)
	at org.springframework.beans.factory.support.AbstractBeanFactory.doGetBean(AbstractBeanFactory.java:323)
	at org.springframework.beans.factory.support.AbstractBeanFactory.getBean(AbstractBeanFactory.java:199)
	at org.springframework.context.support.AbstractApplicationContext.getBean(AbstractApplicationContext.java:1166)
	at org.springframework.context.support.AbstractApplicationContext.finishBeanFactoryInitialization(AbstractApplicationContext.java:940)
	at org.springframework.context.support.AbstractApplicationContext.refresh(AbstractApplicationContext.java:616)
	at org.springframework.boot.web.servlet.context.ServletWebServerApplicationContext.refresh(ServletWebServerApplicationContext.java:146)
	at org.springframework.boot.SpringApplication.refresh(SpringApplication.java:738)
	at org.springframework.boot.SpringApplication.refreshContext(SpringApplication.java:440)
	at org.springframework.boot.SpringApplication.run(SpringApplication.java:316)
	at org.springframework.boot.test.context.SpringBootContextLoader.lambda$loadContext$3(SpringBootContextLoader.java:137)
	at org.springframework.util.function.ThrowingSupplier.get(ThrowingSupplier.java:58)
	at org.springframework.util.function.ThrowingSupplier.get(ThrowingSupplier.java:46)
	at org.springframework.boot.SpringApplication.withHook(SpringApplication.java:1406)
	at org.springframework.boot.test.context.SpringBootContextLoader$ContextLoaderHook.run(SpringBootContextLoader.java:545)
	at org.springframework.boot.test.context.SpringBootContextLoader.loadContext(SpringBootContextLoader.java:137)
	at org.springframework.boot.test.context.SpringBootContextLoader.loadContext(SpringBootContextLoader.java:108)
	at org.springframework.test.context.cache.DefaultCacheAwareContextLoaderDelegate.loadContextInternal(DefaultCacheAwareContextLoaderDelegate.java:187)
	at org.springframework.test.context.cache.DefaultCacheAwareContextLoaderDelegate.loadContext(DefaultCacheAwareContextLoaderDelegate.java:119)
	at org.springframework.test.context.support.DefaultTestContext.getApplicationContext(DefaultTestContext.java:127)
	at org.springframework.boot.test.mock.mockito.MockitoTestExecutionListener.postProcessFields(MockitoTestExecutionListener.java:110)
	at org.springframework.boot.test.mock.mockito.MockitoTestExecutionListener.injectFields(MockitoTestExecutionListener.java:94)
	at org.springframework.boot.test.mock.mockito.MockitoTestExecutionListener.prepareTestInstance(MockitoTestExecutionListener.java:61)
	at org.springframework.test.context.TestContextManager.prepareTestInstance(TestContextManager.java:241)
	at org.springframework.test.context.junit.jupiter.SpringExtension.postProcessTestInstance(SpringExtension.java:138)
	at org.junit.jupiter.engine.descriptor.ClassBasedTestDescriptor.lambda$invokeTestInstancePostProcessors$10(ClassBasedTestDescriptor.java:377)
	at org.junit.jupiter.engine.descriptor.ClassBasedTestDescriptor.executeAndMaskThrowable(ClassBasedTestDescriptor.java:382)
	at org.junit.jupiter.engine.descriptor.ClassBasedTestDescriptor.lambda$invokeTestInstancePostProcessors$11(ClassBasedTestDescriptor.java:377)
	at java.base/java.util.stream.ReferencePipeline$3$1.accept(ReferencePipeline.java:197)
	at java.base/java.util.stream.ReferencePipeline$2$1.accept(ReferencePipeline.java:179)
	at java.base/java.util.ArrayList$ArrayListSpliterator.forEachRemaining(ArrayList.java:1625)
	at java.base/java.util.stream.AbstractPipeline.copyInto(AbstractPipeline.java:509)
	at java.base/java.util.stream.AbstractPipeline.wrapAndCopyInto(AbstractPipeline.java:499)
	at java.base/java.util.stream.StreamSpliterators$WrappingSpliterator.forEachRemaining(StreamSpliterators.java:310)
	at java.base/java.util.stream.Streams$ConcatSpliterator.forEachRemaining(Streams.java:735)
	at java.base/java.util.stream.Streams$ConcatSpliterator.forEachRemaining(Streams.java:734)
	at java.base/java.util.stream.ReferencePipeline$Head.forEach(ReferencePipeline.java:762)
	at org.junit.jupiter.engine.descriptor.ClassBasedTestDescriptor.invokeTestInstancePostProcessors(ClassBasedTestDescriptor.java:376)
	at org.junit.jupiter.engine.descriptor.ClassBasedTestDescriptor.lambda$instantiateAndPostProcessTestInstance$6(ClassBasedTestDescriptor.java:289)
	at org.junit.platform.engine.support.hierarchical.ThrowableCollector.execute(ThrowableCollector.java:73)
	at org.junit.jupiter.engine.descriptor.ClassBasedTestDescriptor.instantiateAndPostProcessTestInstance(ClassBasedTestDescriptor.java:288)
	at org.junit.jupiter.engine.descriptor.ClassBasedTestDescriptor.lambda$testInstancesProvider$4(ClassBasedTestDescriptor.java:278)
	at java.base/java.util.Optional.orElseGet(Optional.java:364)
	at org.junit.jupiter.engine.descriptor.ClassBasedTestDescriptor.lambda$testInstancesProvider$5(ClassBasedTestDescriptor.java:277)
	at org.junit.jupiter.engine.execution.TestInstancesProvider.getTestInstances(TestInstancesProvider.java:31)
	at org.junit.jupiter.engine.descriptor.TestMethodTestDescriptor.lambda$prepare$0(TestMethodTestDescriptor.java:105)
	at org.junit.platform.engine.support.hierarchical.ThrowableCollector.execute(ThrowableCollector.java:73)
	at org.junit.jupiter.engine.descriptor.TestMethodTestDescriptor.prepare(TestMethodTestDescriptor.java:104)
	at org.junit.jupiter.engine.descriptor.TestMethodTestDescriptor.prepare(TestMethodTestDescriptor.java:68)
	at org.junit.platform.engine.support.hierarchical.NodeTestTask.lambda$prepare$2(NodeTestTask.java:123)
	at org.junit.platform.engine.support.hierarchical.ThrowableCollector.execute(ThrowableCollector.java:73)
	at org.junit.platform.engine.support.hierarchical.NodeTestTask.prepare(NodeTestTask.java:123)
	at org.junit.platform.engine.support.hierarchical.NodeTestTask.execute(NodeTestTask.java:90)
	at java.base/java.util.ArrayList.forEach(ArrayList.java:1511)
	at org.junit.platform.engine.support.hierarchical.SameThreadHierarchicalTestExecutorService.invokeAll(SameThreadHierarchicalTestExecutorService.java:41)
	at org.junit.platform.engine.support.hierarchical.NodeTestTask.lambda$executeRecursively$6(NodeTestTask.java:155)
	at org.junit.platform.engine.support.hierarchical.ThrowableCollector.execute(ThrowableCollector.java:73)
	at org.junit.platform.engine.support.hierarchical.NodeTestTask.lambda$executeRecursively$8(NodeTestTask.java:141)
	at org.junit.platform.engine.support.hierarchical.Node.around(Node.java:137)
	at org.junit.platform.engine.support.hierarchical.NodeTestTask.lambda$executeRecursively$9(NodeTestTask.java:139)
	at org.junit.platform.engine.support.hierarchical.ThrowableCollector.execute(ThrowableCollector.java:73)
	at org.junit.platform.engine.support.hierarchical.NodeTestTask.executeRecursively(NodeTestTask.java:138)
	at org.junit.platform.engine.support.hierarchical.NodeTestTask.execute(NodeTestTask.java:95)
	at java.base/java.util.ArrayList.forEach(ArrayList.java:1511)
	at org.junit.platform.engine.support.hierarchical.SameThreadHierarchicalTestExecutorService.invokeAll(SameThreadHierarchicalTestExecutorService.java:41)
	at org.junit.platform.engine.support.hierarchical.NodeTestTask.lambda$executeRecursively$6(NodeTestTask.java:155)
	at org.junit.platform.engine.support.hierarchical.ThrowableCollector.execute(ThrowableCollector.java:73)
	at org.junit.platform.engine.support.hierarchical.NodeTestTask.lambda$executeRecursively$8(NodeTestTask.java:141)
	at org.junit.platform.engine.support.hierarchical.Node.around(Node.java:137)
	at org.junit.platform.engine.support.hierarchical.NodeTestTask.lambda$executeRecursively$9(NodeTestTask.java:139)
	at org.junit.platform.engine.support.hierarchical.ThrowableCollector.execute(ThrowableCollector.java:73)
	at org.junit.platform.engine.support.hierarchical.NodeTestTask.executeRecursively(NodeTestTask.java:138)
	at org.junit.platform.engine.support.hierarchical.NodeTestTask.execute(NodeTestTask.java:95)
	at org.junit.platform.engine.support.hierarchical.SameThreadHierarchicalTestExecutorService.submit(SameThreadHierarchicalTestExecutorService.java:35)
	at org.junit.platform.engine.support.hierarchical.HierarchicalTestExecutor.execute(HierarchicalTestExecutor.java:57)
	at org.junit.platform.engine.support.hierarchical.HierarchicalTestEngine.execute(HierarchicalTestEngine.java:54)
	at org.junit.platform.launcher.core.EngineExecutionOrchestrator.execute(EngineExecutionOrchestrator.java:147)
	at org.junit.platform.launcher.core.EngineExecutionOrchestrator.execute(EngineExecutionOrchestrator.java:127)
	at org.junit.platform.launcher.core.EngineExecutionOrchestrator.execute(EngineExecutionOrchestrator.java:90)
	at org.junit.platform.launcher.core.EngineExecutionOrchestrator.lambda$execute$0(EngineExecutionOrchestrator.java:55)
	at org.junit.platform.launcher.core.EngineExecutionOrchestrator.withInterceptedStreams(EngineExecutionOrchestrator.java:102)
	at org.junit.platform.launcher.core.EngineExecutionOrchestrator.execute(EngineExecutionOrchestrator.java:54)
	at org.junit.platform.launcher.core.DefaultLauncher.execute(DefaultLauncher.java:114)
	at org.junit.platform.launcher.core.DefaultLauncher.execute(DefaultLauncher.java:86)
	at org.junit.platform.launcher.core.DefaultLauncherSession$DelegatingLauncher.execute(DefaultLauncherSession.java:86)
	at org.apache.maven.surefire.junitplatform.LazyLauncher.execute(LazyLauncher.java:50)
	at org.apache.maven.surefire.junitplatform.JUnitPlatformProvider.execute(JUnitPlatformProvider.java:184)
	at org.apache.maven.surefire.junitplatform.JUnitPlatformProvider.invokeAllTests(JUnitPlatformProvider.java:148)
	at org.apache.maven.surefire.junitplatform.JUnitPlatformProvider.invoke(JUnitPlatformProvider.java:122)
	at org.apache.maven.surefire.booter.ForkedBooter.runSuitesInProcess(ForkedBooter.java:385)
	at org.apache.maven.surefire.booter.ForkedBooter.execute(ForkedBooter.java:162)
	at org.apache.maven.surefire.booter.ForkedBooter.run(ForkedBooter.java:507)
	at org.apache.maven.surefire.booter.ForkedBooter.main(ForkedBooter.java:495)
2023-11-24 12:36:44,541 DEBUG o.h.o.s.a.tree [SqlTreePrinter.java:46] SQL AST Tree:
    SelectStatement {
      FromClause {
        StandardTableGroup (s1 : franco.maurizio.hr.desk.com.persistence.entity.SurveyQuestion) {
          primaryTableReference : surveyquestions as s1_0
        }
      }
    }

2023-11-24 12:36:44,543 DEBUG o.h.p.e.AbstractEntityPersister [AbstractEntityPersister.java:2904] Static SQL for entity: franco.maurizio.hr.desk.com.persistence.entity.CandidateSurveyToken
2023-11-24 12:36:44,543 DEBUG o.h.p.e.AbstractEntityPersister [AbstractEntityPersister.java:2909]  Version select: select id from candidatesurveytokens where id=?
2023-11-24 12:36:44,543 DEBUG o.h.p.e.AbstractEntityPersister [DelegatingBasicLogger.java:393]  Insert (0): insert into candidatesurveytokens (candidate_id,expiration_date_time,expired,generated_token,survey_id) values (?,?,?,?,?)
2023-11-24 12:36:44,543 DEBUG o.h.p.e.AbstractEntityPersister [DelegatingBasicLogger.java:393]  Update (0): update candidatesurveytokens set candidate_id=?,expiration_date_time=?,expired=?,generated_token=?,survey_id=? where id=?
2023-11-24 12:36:44,543 DEBUG o.h.p.e.AbstractEntityPersister [DelegatingBasicLogger.java:393]  Delete (0): delete from candidatesurveytokens where id=?
2023-11-24 12:36:44,544 DEBUG o.h.o.s.a.create [SqlAliasBaseImpl.java:33] Created new SQL alias : c1_0
2023-11-24 12:36:44,544 DEBUG o.h.o.s.a.create [SimpleFromClauseAccessImpl.java:98] Registration of TableGroup [StandardTableGroup(franco.maurizio.hr.desk.com.persistence.entity.CandidateSurveyToken)] with identifierForTableGroup [franco.maurizio.hr.desk.com.persistence.entity.CandidateSurveyToken] for NavigablePath [franco.maurizio.hr.desk.com.persistence.entity.CandidateSurveyToken] 
2023-11-24 12:36:44,544 TRACE o.h.l.a.i.LoaderSelectBuilder [LoaderSelectBuilder.java:779] Starting visitation of FetchParent's Fetchables : franco.maurizio.hr.desk.com.persistence.entity.CandidateSurveyToken
2023-11-24 12:36:44,545 DEBUG o.h.o.r.g.AST [DomainResultGraphPrinter.java:67] DomainResult Graph:
 \-EntityResultImpl [franco.maurizio.hr.desk.com.persistence.entity.CandidateSurveyToken]
 |  +-BasicFetch [franco.maurizio.hr.desk.com.persistence.entity.CandidateSurveyToken.candidateId]
 |  +-BasicFetch [franco.maurizio.hr.desk.com.persistence.entity.CandidateSurveyToken.expirationDateTime]
 |  +-BasicFetch [franco.maurizio.hr.desk.com.persistence.entity.CandidateSurveyToken.expired]
 |  +-BasicFetch [franco.maurizio.hr.desk.com.persistence.entity.CandidateSurveyToken.generatedToken]
 |  \-BasicFetch [franco.maurizio.hr.desk.com.persistence.entity.CandidateSurveyToken.surveyId]

2023-11-24 12:36:44,545 TRACE o.h.o.r.g.AST [DomainResultGraphPrinter.java:70] Stack trace calling DomainResultGraphPrinter
java.lang.Exception: null
	at org.hibernate.sql.results.graph.DomainResultGraphPrinter.visitDomainResults(DomainResultGraphPrinter.java:70)
	at org.hibernate.sql.results.graph.DomainResultGraphPrinter.logDomainResultGraph(DomainResultGraphPrinter.java:46)
	at org.hibernate.sql.results.graph.DomainResultGraphPrinter.logDomainResultGraph(DomainResultGraphPrinter.java:37)
	at org.hibernate.sql.ast.spi.AbstractSqlAstTranslator.translateSelect(AbstractSqlAstTranslator.java:848)
	at org.hibernate.sql.ast.spi.AbstractSqlAstTranslator.translate(AbstractSqlAstTranslator.java:801)
	at org.hibernate.loader.ast.internal.SingleIdLoadPlan.<init>(SingleIdLoadPlan.java:67)
	at org.hibernate.loader.ast.internal.SingleIdEntityLoaderStandardImpl.createLoadPlan(SingleIdEntityLoaderStandardImpl.java:197)
	at org.hibernate.loader.ast.internal.SingleIdEntityLoaderStandardImpl.prepare(SingleIdEntityLoaderStandardImpl.java:55)
	at org.hibernate.persister.entity.AbstractEntityPersister.prepareLoader(AbstractEntityPersister.java:3486)
	at org.hibernate.persister.entity.AbstractEntityPersister.postInstantiate(AbstractEntityPersister.java:3480)
	at org.hibernate.metamodel.model.domain.internal.MappingMetamodelImpl.finishInitialization(MappingMetamodelImpl.java:204)
	at org.hibernate.internal.SessionFactoryImpl.initializeMappingModel(SessionFactoryImpl.java:321)
	at org.hibernate.internal.SessionFactoryImpl.<init>(SessionFactoryImpl.java:271)
	at org.hibernate.boot.internal.SessionFactoryBuilderImpl.build(SessionFactoryBuilderImpl.java:444)
	at org.hibernate.jpa.boot.internal.EntityManagerFactoryBuilderImpl.build(EntityManagerFactoryBuilderImpl.java:1458)
	at org.springframework.orm.jpa.vendor.SpringHibernateJpaPersistenceProvider.createContainerEntityManagerFactory(SpringHibernateJpaPersistenceProvider.java:75)
	at org.springframework.orm.jpa.LocalContainerEntityManagerFactoryBean.createNativeEntityManagerFactory(LocalContainerEntityManagerFactoryBean.java:376)
	at org.springframework.orm.jpa.AbstractEntityManagerFactoryBean.buildNativeEntityManagerFactory(AbstractEntityManagerFactoryBean.java:409)
	at org.springframework.orm.jpa.AbstractEntityManagerFactoryBean.afterPropertiesSet(AbstractEntityManagerFactoryBean.java:396)
	at org.springframework.orm.jpa.LocalContainerEntityManagerFactoryBean.afterPropertiesSet(LocalContainerEntityManagerFactoryBean.java:352)
	at org.springframework.beans.factory.support.AbstractAutowireCapableBeanFactory.invokeInitMethods(AbstractAutowireCapableBeanFactory.java:1817)
	at org.springframework.beans.factory.support.AbstractAutowireCapableBeanFactory.initializeBean(AbstractAutowireCapableBeanFactory.java:1766)
	at org.springframework.beans.factory.support.AbstractAutowireCapableBeanFactory.doCreateBean(AbstractAutowireCapableBeanFactory.java:598)
	at org.springframework.beans.factory.support.AbstractAutowireCapableBeanFactory.createBean(AbstractAutowireCapableBeanFactory.java:520)
	at org.springframework.beans.factory.support.AbstractBeanFactory.lambda$doGetBean$0(AbstractBeanFactory.java:325)
	at org.springframework.beans.factory.support.DefaultSingletonBeanRegistry.getSingleton(DefaultSingletonBeanRegistry.java:234)
	at org.springframework.beans.factory.support.AbstractBeanFactory.doGetBean(AbstractBeanFactory.java:323)
	at org.springframework.beans.factory.support.AbstractBeanFactory.getBean(AbstractBeanFactory.java:199)
	at org.springframework.context.support.AbstractApplicationContext.getBean(AbstractApplicationContext.java:1166)
	at org.springframework.context.support.AbstractApplicationContext.finishBeanFactoryInitialization(AbstractApplicationContext.java:940)
	at org.springframework.context.support.AbstractApplicationContext.refresh(AbstractApplicationContext.java:616)
	at org.springframework.boot.web.servlet.context.ServletWebServerApplicationContext.refresh(ServletWebServerApplicationContext.java:146)
	at org.springframework.boot.SpringApplication.refresh(SpringApplication.java:738)
	at org.springframework.boot.SpringApplication.refreshContext(SpringApplication.java:440)
	at org.springframework.boot.SpringApplication.run(SpringApplication.java:316)
	at org.springframework.boot.test.context.SpringBootContextLoader.lambda$loadContext$3(SpringBootContextLoader.java:137)
	at org.springframework.util.function.ThrowingSupplier.get(ThrowingSupplier.java:58)
	at org.springframework.util.function.ThrowingSupplier.get(ThrowingSupplier.java:46)
	at org.springframework.boot.SpringApplication.withHook(SpringApplication.java:1406)
	at org.springframework.boot.test.context.SpringBootContextLoader$ContextLoaderHook.run(SpringBootContextLoader.java:545)
	at org.springframework.boot.test.context.SpringBootContextLoader.loadContext(SpringBootContextLoader.java:137)
	at org.springframework.boot.test.context.SpringBootContextLoader.loadContext(SpringBootContextLoader.java:108)
	at org.springframework.test.context.cache.DefaultCacheAwareContextLoaderDelegate.loadContextInternal(DefaultCacheAwareContextLoaderDelegate.java:187)
	at org.springframework.test.context.cache.DefaultCacheAwareContextLoaderDelegate.loadContext(DefaultCacheAwareContextLoaderDelegate.java:119)
	at org.springframework.test.context.support.DefaultTestContext.getApplicationContext(DefaultTestContext.java:127)
	at org.springframework.boot.test.mock.mockito.MockitoTestExecutionListener.postProcessFields(MockitoTestExecutionListener.java:110)
	at org.springframework.boot.test.mock.mockito.MockitoTestExecutionListener.injectFields(MockitoTestExecutionListener.java:94)
	at org.springframework.boot.test.mock.mockito.MockitoTestExecutionListener.prepareTestInstance(MockitoTestExecutionListener.java:61)
	at org.springframework.test.context.TestContextManager.prepareTestInstance(TestContextManager.java:241)
	at org.springframework.test.context.junit.jupiter.SpringExtension.postProcessTestInstance(SpringExtension.java:138)
	at org.junit.jupiter.engine.descriptor.ClassBasedTestDescriptor.lambda$invokeTestInstancePostProcessors$10(ClassBasedTestDescriptor.java:377)
	at org.junit.jupiter.engine.descriptor.ClassBasedTestDescriptor.executeAndMaskThrowable(ClassBasedTestDescriptor.java:382)
	at org.junit.jupiter.engine.descriptor.ClassBasedTestDescriptor.lambda$invokeTestInstancePostProcessors$11(ClassBasedTestDescriptor.java:377)
	at java.base/java.util.stream.ReferencePipeline$3$1.accept(ReferencePipeline.java:197)
	at java.base/java.util.stream.ReferencePipeline$2$1.accept(ReferencePipeline.java:179)
	at java.base/java.util.ArrayList$ArrayListSpliterator.forEachRemaining(ArrayList.java:1625)
	at java.base/java.util.stream.AbstractPipeline.copyInto(AbstractPipeline.java:509)
	at java.base/java.util.stream.AbstractPipeline.wrapAndCopyInto(AbstractPipeline.java:499)
	at java.base/java.util.stream.StreamSpliterators$WrappingSpliterator.forEachRemaining(StreamSpliterators.java:310)
	at java.base/java.util.stream.Streams$ConcatSpliterator.forEachRemaining(Streams.java:735)
	at java.base/java.util.stream.Streams$ConcatSpliterator.forEachRemaining(Streams.java:734)
	at java.base/java.util.stream.ReferencePipeline$Head.forEach(ReferencePipeline.java:762)
	at org.junit.jupiter.engine.descriptor.ClassBasedTestDescriptor.invokeTestInstancePostProcessors(ClassBasedTestDescriptor.java:376)
	at org.junit.jupiter.engine.descriptor.ClassBasedTestDescriptor.lambda$instantiateAndPostProcessTestInstance$6(ClassBasedTestDescriptor.java:289)
	at org.junit.platform.engine.support.hierarchical.ThrowableCollector.execute(ThrowableCollector.java:73)
	at org.junit.jupiter.engine.descriptor.ClassBasedTestDescriptor.instantiateAndPostProcessTestInstance(ClassBasedTestDescriptor.java:288)
	at org.junit.jupiter.engine.descriptor.ClassBasedTestDescriptor.lambda$testInstancesProvider$4(ClassBasedTestDescriptor.java:278)
	at java.base/java.util.Optional.orElseGet(Optional.java:364)
	at org.junit.jupiter.engine.descriptor.ClassBasedTestDescriptor.lambda$testInstancesProvider$5(ClassBasedTestDescriptor.java:277)
	at org.junit.jupiter.engine.execution.TestInstancesProvider.getTestInstances(TestInstancesProvider.java:31)
	at org.junit.jupiter.engine.descriptor.TestMethodTestDescriptor.lambda$prepare$0(TestMethodTestDescriptor.java:105)
	at org.junit.platform.engine.support.hierarchical.ThrowableCollector.execute(ThrowableCollector.java:73)
	at org.junit.jupiter.engine.descriptor.TestMethodTestDescriptor.prepare(TestMethodTestDescriptor.java:104)
	at org.junit.jupiter.engine.descriptor.TestMethodTestDescriptor.prepare(TestMethodTestDescriptor.java:68)
	at org.junit.platform.engine.support.hierarchical.NodeTestTask.lambda$prepare$2(NodeTestTask.java:123)
	at org.junit.platform.engine.support.hierarchical.ThrowableCollector.execute(ThrowableCollector.java:73)
	at org.junit.platform.engine.support.hierarchical.NodeTestTask.prepare(NodeTestTask.java:123)
	at org.junit.platform.engine.support.hierarchical.NodeTestTask.execute(NodeTestTask.java:90)
	at java.base/java.util.ArrayList.forEach(ArrayList.java:1511)
	at org.junit.platform.engine.support.hierarchical.SameThreadHierarchicalTestExecutorService.invokeAll(SameThreadHierarchicalTestExecutorService.java:41)
	at org.junit.platform.engine.support.hierarchical.NodeTestTask.lambda$executeRecursively$6(NodeTestTask.java:155)
	at org.junit.platform.engine.support.hierarchical.ThrowableCollector.execute(ThrowableCollector.java:73)
	at org.junit.platform.engine.support.hierarchical.NodeTestTask.lambda$executeRecursively$8(NodeTestTask.java:141)
	at org.junit.platform.engine.support.hierarchical.Node.around(Node.java:137)
	at org.junit.platform.engine.support.hierarchical.NodeTestTask.lambda$executeRecursively$9(NodeTestTask.java:139)
	at org.junit.platform.engine.support.hierarchical.ThrowableCollector.execute(ThrowableCollector.java:73)
	at org.junit.platform.engine.support.hierarchical.NodeTestTask.executeRecursively(NodeTestTask.java:138)
	at org.junit.platform.engine.support.hierarchical.NodeTestTask.execute(NodeTestTask.java:95)
	at java.base/java.util.ArrayList.forEach(ArrayList.java:1511)
	at org.junit.platform.engine.support.hierarchical.SameThreadHierarchicalTestExecutorService.invokeAll(SameThreadHierarchicalTestExecutorService.java:41)
	at org.junit.platform.engine.support.hierarchical.NodeTestTask.lambda$executeRecursively$6(NodeTestTask.java:155)
	at org.junit.platform.engine.support.hierarchical.ThrowableCollector.execute(ThrowableCollector.java:73)
	at org.junit.platform.engine.support.hierarchical.NodeTestTask.lambda$executeRecursively$8(NodeTestTask.java:141)
	at org.junit.platform.engine.support.hierarchical.Node.around(Node.java:137)
	at org.junit.platform.engine.support.hierarchical.NodeTestTask.lambda$executeRecursively$9(NodeTestTask.java:139)
	at org.junit.platform.engine.support.hierarchical.ThrowableCollector.execute(ThrowableCollector.java:73)
	at org.junit.platform.engine.support.hierarchical.NodeTestTask.executeRecursively(NodeTestTask.java:138)
	at org.junit.platform.engine.support.hierarchical.NodeTestTask.execute(NodeTestTask.java:95)
	at org.junit.platform.engine.support.hierarchical.SameThreadHierarchicalTestExecutorService.submit(SameThreadHierarchicalTestExecutorService.java:35)
	at org.junit.platform.engine.support.hierarchical.HierarchicalTestExecutor.execute(HierarchicalTestExecutor.java:57)
	at org.junit.platform.engine.support.hierarchical.HierarchicalTestEngine.execute(HierarchicalTestEngine.java:54)
	at org.junit.platform.launcher.core.EngineExecutionOrchestrator.execute(EngineExecutionOrchestrator.java:147)
	at org.junit.platform.launcher.core.EngineExecutionOrchestrator.execute(EngineExecutionOrchestrator.java:127)
	at org.junit.platform.launcher.core.EngineExecutionOrchestrator.execute(EngineExecutionOrchestrator.java:90)
	at org.junit.platform.launcher.core.EngineExecutionOrchestrator.lambda$execute$0(EngineExecutionOrchestrator.java:55)
	at org.junit.platform.launcher.core.EngineExecutionOrchestrator.withInterceptedStreams(EngineExecutionOrchestrator.java:102)
	at org.junit.platform.launcher.core.EngineExecutionOrchestrator.execute(EngineExecutionOrchestrator.java:54)
	at org.junit.platform.launcher.core.DefaultLauncher.execute(DefaultLauncher.java:114)
	at org.junit.platform.launcher.core.DefaultLauncher.execute(DefaultLauncher.java:86)
	at org.junit.platform.launcher.core.DefaultLauncherSession$DelegatingLauncher.execute(DefaultLauncherSession.java:86)
	at org.apache.maven.surefire.junitplatform.LazyLauncher.execute(LazyLauncher.java:50)
	at org.apache.maven.surefire.junitplatform.JUnitPlatformProvider.execute(JUnitPlatformProvider.java:184)
	at org.apache.maven.surefire.junitplatform.JUnitPlatformProvider.invokeAllTests(JUnitPlatformProvider.java:148)
	at org.apache.maven.surefire.junitplatform.JUnitPlatformProvider.invoke(JUnitPlatformProvider.java:122)
	at org.apache.maven.surefire.booter.ForkedBooter.runSuitesInProcess(ForkedBooter.java:385)
	at org.apache.maven.surefire.booter.ForkedBooter.execute(ForkedBooter.java:162)
	at org.apache.maven.surefire.booter.ForkedBooter.run(ForkedBooter.java:507)
	at org.apache.maven.surefire.booter.ForkedBooter.main(ForkedBooter.java:495)
2023-11-24 12:36:44,546 DEBUG o.h.o.s.a.tree [SqlTreePrinter.java:46] SQL AST Tree:
    SelectStatement {
      FromClause {
        StandardTableGroup (c1 : franco.maurizio.hr.desk.com.persistence.entity.CandidateSurveyToken) {
          primaryTableReference : candidatesurveytokens as c1_0
        }
      }
    }

2023-11-24 12:36:44,547 DEBUG o.h.p.e.AbstractEntityPersister [AbstractEntityPersister.java:2904] Static SQL for entity: franco.maurizio.hr.desk.com.persistence.entity.CandidateStates
2023-11-24 12:36:44,548 DEBUG o.h.p.e.AbstractEntityPersister [AbstractEntityPersister.java:2909]  Version select: select id from candidate_states where id=?
2023-11-24 12:36:44,548 DEBUG o.h.p.e.AbstractEntityPersister [DelegatingBasicLogger.java:393]  Insert (0): insert into candidate_states (role_id,status_code,status_color,status_description,status_label) values (?,?,?,?,?)
2023-11-24 12:36:44,548 DEBUG o.h.p.e.AbstractEntityPersister [DelegatingBasicLogger.java:393]  Update (0): update candidate_states set role_id=?,status_code=?,status_color=?,status_description=?,status_label=? where id=?
2023-11-24 12:36:44,548 DEBUG o.h.p.e.AbstractEntityPersister [DelegatingBasicLogger.java:393]  Delete (0): delete from candidate_states where id=?
2023-11-24 12:36:44,548 DEBUG o.h.o.s.a.create [SqlAliasBaseImpl.java:33] Created new SQL alias : c1_0
2023-11-24 12:36:44,549 DEBUG o.h.o.s.a.create [SimpleFromClauseAccessImpl.java:98] Registration of TableGroup [StandardTableGroup(franco.maurizio.hr.desk.com.persistence.entity.CandidateStates)] with identifierForTableGroup [franco.maurizio.hr.desk.com.persistence.entity.CandidateStates] for NavigablePath [franco.maurizio.hr.desk.com.persistence.entity.CandidateStates] 
2023-11-24 12:36:44,549 TRACE o.h.l.a.i.LoaderSelectBuilder [LoaderSelectBuilder.java:779] Starting visitation of FetchParent's Fetchables : franco.maurizio.hr.desk.com.persistence.entity.CandidateStates
2023-11-24 12:36:44,550 DEBUG o.h.o.r.g.AST [DomainResultGraphPrinter.java:67] DomainResult Graph:
 \-EntityResultImpl [franco.maurizio.hr.desk.com.persistence.entity.CandidateStates]
 |  +-BasicFetch [franco.maurizio.hr.desk.com.persistence.entity.CandidateStates.roleId]
 |  +-BasicFetch [franco.maurizio.hr.desk.com.persistence.entity.CandidateStates.statusCode]
 |  +-BasicFetch [franco.maurizio.hr.desk.com.persistence.entity.CandidateStates.statusColor]
 |  +-BasicFetch [franco.maurizio.hr.desk.com.persistence.entity.CandidateStates.statusDescription]
 |  \-BasicFetch [franco.maurizio.hr.desk.com.persistence.entity.CandidateStates.statusLabel]

2023-11-24 12:36:44,550 TRACE o.h.o.r.g.AST [DomainResultGraphPrinter.java:70] Stack trace calling DomainResultGraphPrinter
java.lang.Exception: null
	at org.hibernate.sql.results.graph.DomainResultGraphPrinter.visitDomainResults(DomainResultGraphPrinter.java:70)
	at org.hibernate.sql.results.graph.DomainResultGraphPrinter.logDomainResultGraph(DomainResultGraphPrinter.java:46)
	at org.hibernate.sql.results.graph.DomainResultGraphPrinter.logDomainResultGraph(DomainResultGraphPrinter.java:37)
	at org.hibernate.sql.ast.spi.AbstractSqlAstTranslator.translateSelect(AbstractSqlAstTranslator.java:848)
	at org.hibernate.sql.ast.spi.AbstractSqlAstTranslator.translate(AbstractSqlAstTranslator.java:801)
	at org.hibernate.loader.ast.internal.SingleIdLoadPlan.<init>(SingleIdLoadPlan.java:67)
	at org.hibernate.loader.ast.internal.SingleIdEntityLoaderStandardImpl.createLoadPlan(SingleIdEntityLoaderStandardImpl.java:197)
	at org.hibernate.loader.ast.internal.SingleIdEntityLoaderStandardImpl.prepare(SingleIdEntityLoaderStandardImpl.java:55)
	at org.hibernate.persister.entity.AbstractEntityPersister.prepareLoader(AbstractEntityPersister.java:3486)
	at org.hibernate.persister.entity.AbstractEntityPersister.postInstantiate(AbstractEntityPersister.java:3480)
	at org.hibernate.metamodel.model.domain.internal.MappingMetamodelImpl.finishInitialization(MappingMetamodelImpl.java:204)
	at org.hibernate.internal.SessionFactoryImpl.initializeMappingModel(SessionFactoryImpl.java:321)
	at org.hibernate.internal.SessionFactoryImpl.<init>(SessionFactoryImpl.java:271)
	at org.hibernate.boot.internal.SessionFactoryBuilderImpl.build(SessionFactoryBuilderImpl.java:444)
	at org.hibernate.jpa.boot.internal.EntityManagerFactoryBuilderImpl.build(EntityManagerFactoryBuilderImpl.java:1458)
	at org.springframework.orm.jpa.vendor.SpringHibernateJpaPersistenceProvider.createContainerEntityManagerFactory(SpringHibernateJpaPersistenceProvider.java:75)
	at org.springframework.orm.jpa.LocalContainerEntityManagerFactoryBean.createNativeEntityManagerFactory(LocalContainerEntityManagerFactoryBean.java:376)
	at org.springframework.orm.jpa.AbstractEntityManagerFactoryBean.buildNativeEntityManagerFactory(AbstractEntityManagerFactoryBean.java:409)
	at org.springframework.orm.jpa.AbstractEntityManagerFactoryBean.afterPropertiesSet(AbstractEntityManagerFactoryBean.java:396)
	at org.springframework.orm.jpa.LocalContainerEntityManagerFactoryBean.afterPropertiesSet(LocalContainerEntityManagerFactoryBean.java:352)
	at org.springframework.beans.factory.support.AbstractAutowireCapableBeanFactory.invokeInitMethods(AbstractAutowireCapableBeanFactory.java:1817)
	at org.springframework.beans.factory.support.AbstractAutowireCapableBeanFactory.initializeBean(AbstractAutowireCapableBeanFactory.java:1766)
	at org.springframework.beans.factory.support.AbstractAutowireCapableBeanFactory.doCreateBean(AbstractAutowireCapableBeanFactory.java:598)
	at org.springframework.beans.factory.support.AbstractAutowireCapableBeanFactory.createBean(AbstractAutowireCapableBeanFactory.java:520)
	at org.springframework.beans.factory.support.AbstractBeanFactory.lambda$doGetBean$0(AbstractBeanFactory.java:325)
	at org.springframework.beans.factory.support.DefaultSingletonBeanRegistry.getSingleton(DefaultSingletonBeanRegistry.java:234)
	at org.springframework.beans.factory.support.AbstractBeanFactory.doGetBean(AbstractBeanFactory.java:323)
	at org.springframework.beans.factory.support.AbstractBeanFactory.getBean(AbstractBeanFactory.java:199)
	at org.springframework.context.support.AbstractApplicationContext.getBean(AbstractApplicationContext.java:1166)
	at org.springframework.context.support.AbstractApplicationContext.finishBeanFactoryInitialization(AbstractApplicationContext.java:940)
	at org.springframework.context.support.AbstractApplicationContext.refresh(AbstractApplicationContext.java:616)
	at org.springframework.boot.web.servlet.context.ServletWebServerApplicationContext.refresh(ServletWebServerApplicationContext.java:146)
	at org.springframework.boot.SpringApplication.refresh(SpringApplication.java:738)
	at org.springframework.boot.SpringApplication.refreshContext(SpringApplication.java:440)
	at org.springframework.boot.SpringApplication.run(SpringApplication.java:316)
	at org.springframework.boot.test.context.SpringBootContextLoader.lambda$loadContext$3(SpringBootContextLoader.java:137)
	at org.springframework.util.function.ThrowingSupplier.get(ThrowingSupplier.java:58)
	at org.springframework.util.function.ThrowingSupplier.get(ThrowingSupplier.java:46)
	at org.springframework.boot.SpringApplication.withHook(SpringApplication.java:1406)
	at org.springframework.boot.test.context.SpringBootContextLoader$ContextLoaderHook.run(SpringBootContextLoader.java:545)
	at org.springframework.boot.test.context.SpringBootContextLoader.loadContext(SpringBootContextLoader.java:137)
	at org.springframework.boot.test.context.SpringBootContextLoader.loadContext(SpringBootContextLoader.java:108)
	at org.springframework.test.context.cache.DefaultCacheAwareContextLoaderDelegate.loadContextInternal(DefaultCacheAwareContextLoaderDelegate.java:187)
	at org.springframework.test.context.cache.DefaultCacheAwareContextLoaderDelegate.loadContext(DefaultCacheAwareContextLoaderDelegate.java:119)
	at org.springframework.test.context.support.DefaultTestContext.getApplicationContext(DefaultTestContext.java:127)
	at org.springframework.boot.test.mock.mockito.MockitoTestExecutionListener.postProcessFields(MockitoTestExecutionListener.java:110)
	at org.springframework.boot.test.mock.mockito.MockitoTestExecutionListener.injectFields(MockitoTestExecutionListener.java:94)
	at org.springframework.boot.test.mock.mockito.MockitoTestExecutionListener.prepareTestInstance(MockitoTestExecutionListener.java:61)
	at org.springframework.test.context.TestContextManager.prepareTestInstance(TestContextManager.java:241)
	at org.springframework.test.context.junit.jupiter.SpringExtension.postProcessTestInstance(SpringExtension.java:138)
	at org.junit.jupiter.engine.descriptor.ClassBasedTestDescriptor.lambda$invokeTestInstancePostProcessors$10(ClassBasedTestDescriptor.java:377)
	at org.junit.jupiter.engine.descriptor.ClassBasedTestDescriptor.executeAndMaskThrowable(ClassBasedTestDescriptor.java:382)
	at org.junit.jupiter.engine.descriptor.ClassBasedTestDescriptor.lambda$invokeTestInstancePostProcessors$11(ClassBasedTestDescriptor.java:377)
	at java.base/java.util.stream.ReferencePipeline$3$1.accept(ReferencePipeline.java:197)
	at java.base/java.util.stream.ReferencePipeline$2$1.accept(ReferencePipeline.java:179)
	at java.base/java.util.ArrayList$ArrayListSpliterator.forEachRemaining(ArrayList.java:1625)
	at java.base/java.util.stream.AbstractPipeline.copyInto(AbstractPipeline.java:509)
	at java.base/java.util.stream.AbstractPipeline.wrapAndCopyInto(AbstractPipeline.java:499)
	at java.base/java.util.stream.StreamSpliterators$WrappingSpliterator.forEachRemaining(StreamSpliterators.java:310)
	at java.base/java.util.stream.Streams$ConcatSpliterator.forEachRemaining(Streams.java:735)
	at java.base/java.util.stream.Streams$ConcatSpliterator.forEachRemaining(Streams.java:734)
	at java.base/java.util.stream.ReferencePipeline$Head.forEach(ReferencePipeline.java:762)
	at org.junit.jupiter.engine.descriptor.ClassBasedTestDescriptor.invokeTestInstancePostProcessors(ClassBasedTestDescriptor.java:376)
	at org.junit.jupiter.engine.descriptor.ClassBasedTestDescriptor.lambda$instantiateAndPostProcessTestInstance$6(ClassBasedTestDescriptor.java:289)
	at org.junit.platform.engine.support.hierarchical.ThrowableCollector.execute(ThrowableCollector.java:73)
	at org.junit.jupiter.engine.descriptor.ClassBasedTestDescriptor.instantiateAndPostProcessTestInstance(ClassBasedTestDescriptor.java:288)
	at org.junit.jupiter.engine.descriptor.ClassBasedTestDescriptor.lambda$testInstancesProvider$4(ClassBasedTestDescriptor.java:278)
	at java.base/java.util.Optional.orElseGet(Optional.java:364)
	at org.junit.jupiter.engine.descriptor.ClassBasedTestDescriptor.lambda$testInstancesProvider$5(ClassBasedTestDescriptor.java:277)
	at org.junit.jupiter.engine.execution.TestInstancesProvider.getTestInstances(TestInstancesProvider.java:31)
	at org.junit.jupiter.engine.descriptor.TestMethodTestDescriptor.lambda$prepare$0(TestMethodTestDescriptor.java:105)
	at org.junit.platform.engine.support.hierarchical.ThrowableCollector.execute(ThrowableCollector.java:73)
	at org.junit.jupiter.engine.descriptor.TestMethodTestDescriptor.prepare(TestMethodTestDescriptor.java:104)
	at org.junit.jupiter.engine.descriptor.TestMethodTestDescriptor.prepare(TestMethodTestDescriptor.java:68)
	at org.junit.platform.engine.support.hierarchical.NodeTestTask.lambda$prepare$2(NodeTestTask.java:123)
	at org.junit.platform.engine.support.hierarchical.ThrowableCollector.execute(ThrowableCollector.java:73)
	at org.junit.platform.engine.support.hierarchical.NodeTestTask.prepare(NodeTestTask.java:123)
	at org.junit.platform.engine.support.hierarchical.NodeTestTask.execute(NodeTestTask.java:90)
	at java.base/java.util.ArrayList.forEach(ArrayList.java:1511)
	at org.junit.platform.engine.support.hierarchical.SameThreadHierarchicalTestExecutorService.invokeAll(SameThreadHierarchicalTestExecutorService.java:41)
	at org.junit.platform.engine.support.hierarchical.NodeTestTask.lambda$executeRecursively$6(NodeTestTask.java:155)
	at org.junit.platform.engine.support.hierarchical.ThrowableCollector.execute(ThrowableCollector.java:73)
	at org.junit.platform.engine.support.hierarchical.NodeTestTask.lambda$executeRecursively$8(NodeTestTask.java:141)
	at org.junit.platform.engine.support.hierarchical.Node.around(Node.java:137)
	at org.junit.platform.engine.support.hierarchical.NodeTestTask.lambda$executeRecursively$9(NodeTestTask.java:139)
	at org.junit.platform.engine.support.hierarchical.ThrowableCollector.execute(ThrowableCollector.java:73)
	at org.junit.platform.engine.support.hierarchical.NodeTestTask.executeRecursively(NodeTestTask.java:138)
	at org.junit.platform.engine.support.hierarchical.NodeTestTask.execute(NodeTestTask.java:95)
	at java.base/java.util.ArrayList.forEach(ArrayList.java:1511)
	at org.junit.platform.engine.support.hierarchical.SameThreadHierarchicalTestExecutorService.invokeAll(SameThreadHierarchicalTestExecutorService.java:41)
	at org.junit.platform.engine.support.hierarchical.NodeTestTask.lambda$executeRecursively$6(NodeTestTask.java:155)
	at org.junit.platform.engine.support.hierarchical.ThrowableCollector.execute(ThrowableCollector.java:73)
	at org.junit.platform.engine.support.hierarchical.NodeTestTask.lambda$executeRecursively$8(NodeTestTask.java:141)
	at org.junit.platform.engine.support.hierarchical.Node.around(Node.java:137)
	at org.junit.platform.engine.support.hierarchical.NodeTestTask.lambda$executeRecursively$9(NodeTestTask.java:139)
	at org.junit.platform.engine.support.hierarchical.ThrowableCollector.execute(ThrowableCollector.java:73)
	at org.junit.platform.engine.support.hierarchical.NodeTestTask.executeRecursively(NodeTestTask.java:138)
	at org.junit.platform.engine.support.hierarchical.NodeTestTask.execute(NodeTestTask.java:95)
	at org.junit.platform.engine.support.hierarchical.SameThreadHierarchicalTestExecutorService.submit(SameThreadHierarchicalTestExecutorService.java:35)
	at org.junit.platform.engine.support.hierarchical.HierarchicalTestExecutor.execute(HierarchicalTestExecutor.java:57)
	at org.junit.platform.engine.support.hierarchical.HierarchicalTestEngine.execute(HierarchicalTestEngine.java:54)
	at org.junit.platform.launcher.core.EngineExecutionOrchestrator.execute(EngineExecutionOrchestrator.java:147)
	at org.junit.platform.launcher.core.EngineExecutionOrchestrator.execute(EngineExecutionOrchestrator.java:127)
	at org.junit.platform.launcher.core.EngineExecutionOrchestrator.execute(EngineExecutionOrchestrator.java:90)
	at org.junit.platform.launcher.core.EngineExecutionOrchestrator.lambda$execute$0(EngineExecutionOrchestrator.java:55)
	at org.junit.platform.launcher.core.EngineExecutionOrchestrator.withInterceptedStreams(EngineExecutionOrchestrator.java:102)
	at org.junit.platform.launcher.core.EngineExecutionOrchestrator.execute(EngineExecutionOrchestrator.java:54)
	at org.junit.platform.launcher.core.DefaultLauncher.execute(DefaultLauncher.java:114)
	at org.junit.platform.launcher.core.DefaultLauncher.execute(DefaultLauncher.java:86)
	at org.junit.platform.launcher.core.DefaultLauncherSession$DelegatingLauncher.execute(DefaultLauncherSession.java:86)
	at org.apache.maven.surefire.junitplatform.LazyLauncher.execute(LazyLauncher.java:50)
	at org.apache.maven.surefire.junitplatform.JUnitPlatformProvider.execute(JUnitPlatformProvider.java:184)
	at org.apache.maven.surefire.junitplatform.JUnitPlatformProvider.invokeAllTests(JUnitPlatformProvider.java:148)
	at org.apache.maven.surefire.junitplatform.JUnitPlatformProvider.invoke(JUnitPlatformProvider.java:122)
	at org.apache.maven.surefire.booter.ForkedBooter.runSuitesInProcess(ForkedBooter.java:385)
	at org.apache.maven.surefire.booter.ForkedBooter.execute(ForkedBooter.java:162)
	at org.apache.maven.surefire.booter.ForkedBooter.run(ForkedBooter.java:507)
	at org.apache.maven.surefire.booter.ForkedBooter.main(ForkedBooter.java:495)
2023-11-24 12:36:44,551 DEBUG o.h.o.s.a.tree [SqlTreePrinter.java:46] SQL AST Tree:
    SelectStatement {
      FromClause {
        StandardTableGroup (c1 : franco.maurizio.hr.desk.com.persistence.entity.CandidateStates) {
          primaryTableReference : candidate_states as c1_0
        }
      }
    }

2023-11-24 12:36:44,552 DEBUG o.h.p.e.AbstractEntityPersister [AbstractEntityPersister.java:2904] Static SQL for entity: franco.maurizio.hr.desk.com.persistence.entity.CoursePage
2023-11-24 12:36:44,552 DEBUG o.h.p.e.AbstractEntityPersister [AbstractEntityPersister.java:2909]  Version select: select id from coursepage where id=?
2023-11-24 12:36:44,552 DEBUG o.h.p.e.AbstractEntityPersister [DelegatingBasicLogger.java:393]  Insert (0): insert into coursepage (body_text,code,created_datetime,file_name,opened_by,status_open,title) values (?,?,?,?,?,?,?)
2023-11-24 12:36:44,552 DEBUG o.h.p.e.AbstractEntityPersister [DelegatingBasicLogger.java:393]  Update (0): update coursepage set body_text=?,code=?,created_datetime=?,file_name=?,opened_by=?,status_open=?,title=? where id=?
2023-11-24 12:36:44,553 DEBUG o.h.p.e.AbstractEntityPersister [DelegatingBasicLogger.java:393]  Delete (0): delete from coursepage where id=?
2023-11-24 12:36:44,553 DEBUG o.h.o.s.a.create [SqlAliasBaseImpl.java:33] Created new SQL alias : c1_0
2023-11-24 12:36:44,553 DEBUG o.h.o.s.a.create [SimpleFromClauseAccessImpl.java:98] Registration of TableGroup [StandardTableGroup(franco.maurizio.hr.desk.com.persistence.entity.CoursePage)] with identifierForTableGroup [franco.maurizio.hr.desk.com.persistence.entity.CoursePage] for NavigablePath [franco.maurizio.hr.desk.com.persistence.entity.CoursePage] 
2023-11-24 12:36:44,553 TRACE o.h.l.a.i.LoaderSelectBuilder [LoaderSelectBuilder.java:779] Starting visitation of FetchParent's Fetchables : franco.maurizio.hr.desk.com.persistence.entity.CoursePage
2023-11-24 12:36:44,554 DEBUG o.h.o.r.g.AST [DomainResultGraphPrinter.java:67] DomainResult Graph:
 \-EntityResultImpl [franco.maurizio.hr.desk.com.persistence.entity.CoursePage]
 |  +-BasicFetch [franco.maurizio.hr.desk.com.persistence.entity.CoursePage.bodyText]
 |  +-BasicFetch [franco.maurizio.hr.desk.com.persistence.entity.CoursePage.code]
 |  +-BasicFetch [franco.maurizio.hr.desk.com.persistence.entity.CoursePage.created_datetime]
 |  +-BasicFetch [franco.maurizio.hr.desk.com.persistence.entity.CoursePage.fileName]
 |  +-BasicFetch [franco.maurizio.hr.desk.com.persistence.entity.CoursePage.opened_by]
 |  +-BasicFetch [franco.maurizio.hr.desk.com.persistence.entity.CoursePage.statusOpen]
 |  \-BasicFetch [franco.maurizio.hr.desk.com.persistence.entity.CoursePage.title]

2023-11-24 12:36:44,554 TRACE o.h.o.r.g.AST [DomainResultGraphPrinter.java:70] Stack trace calling DomainResultGraphPrinter
java.lang.Exception: null
	at org.hibernate.sql.results.graph.DomainResultGraphPrinter.visitDomainResults(DomainResultGraphPrinter.java:70)
	at org.hibernate.sql.results.graph.DomainResultGraphPrinter.logDomainResultGraph(DomainResultGraphPrinter.java:46)
	at org.hibernate.sql.results.graph.DomainResultGraphPrinter.logDomainResultGraph(DomainResultGraphPrinter.java:37)
	at org.hibernate.sql.ast.spi.AbstractSqlAstTranslator.translateSelect(AbstractSqlAstTranslator.java:848)
	at org.hibernate.sql.ast.spi.AbstractSqlAstTranslator.translate(AbstractSqlAstTranslator.java:801)
	at org.hibernate.loader.ast.internal.SingleIdLoadPlan.<init>(SingleIdLoadPlan.java:67)
	at org.hibernate.loader.ast.internal.SingleIdEntityLoaderStandardImpl.createLoadPlan(SingleIdEntityLoaderStandardImpl.java:197)
	at org.hibernate.loader.ast.internal.SingleIdEntityLoaderStandardImpl.prepare(SingleIdEntityLoaderStandardImpl.java:55)
	at org.hibernate.persister.entity.AbstractEntityPersister.prepareLoader(AbstractEntityPersister.java:3486)
	at org.hibernate.persister.entity.AbstractEntityPersister.postInstantiate(AbstractEntityPersister.java:3480)
	at org.hibernate.metamodel.model.domain.internal.MappingMetamodelImpl.finishInitialization(MappingMetamodelImpl.java:204)
	at org.hibernate.internal.SessionFactoryImpl.initializeMappingModel(SessionFactoryImpl.java:321)
	at org.hibernate.internal.SessionFactoryImpl.<init>(SessionFactoryImpl.java:271)
	at org.hibernate.boot.internal.SessionFactoryBuilderImpl.build(SessionFactoryBuilderImpl.java:444)
	at org.hibernate.jpa.boot.internal.EntityManagerFactoryBuilderImpl.build(EntityManagerFactoryBuilderImpl.java:1458)
	at org.springframework.orm.jpa.vendor.SpringHibernateJpaPersistenceProvider.createContainerEntityManagerFactory(SpringHibernateJpaPersistenceProvider.java:75)
	at org.springframework.orm.jpa.LocalContainerEntityManagerFactoryBean.createNativeEntityManagerFactory(LocalContainerEntityManagerFactoryBean.java:376)
	at org.springframework.orm.jpa.AbstractEntityManagerFactoryBean.buildNativeEntityManagerFactory(AbstractEntityManagerFactoryBean.java:409)
	at org.springframework.orm.jpa.AbstractEntityManagerFactoryBean.afterPropertiesSet(AbstractEntityManagerFactoryBean.java:396)
	at org.springframework.orm.jpa.LocalContainerEntityManagerFactoryBean.afterPropertiesSet(LocalContainerEntityManagerFactoryBean.java:352)
	at org.springframework.beans.factory.support.AbstractAutowireCapableBeanFactory.invokeInitMethods(AbstractAutowireCapableBeanFactory.java:1817)
	at org.springframework.beans.factory.support.AbstractAutowireCapableBeanFactory.initializeBean(AbstractAutowireCapableBeanFactory.java:1766)
	at org.springframework.beans.factory.support.AbstractAutowireCapableBeanFactory.doCreateBean(AbstractAutowireCapableBeanFactory.java:598)
	at org.springframework.beans.factory.support.AbstractAutowireCapableBeanFactory.createBean(AbstractAutowireCapableBeanFactory.java:520)
	at org.springframework.beans.factory.support.AbstractBeanFactory.lambda$doGetBean$0(AbstractBeanFactory.java:325)
	at org.springframework.beans.factory.support.DefaultSingletonBeanRegistry.getSingleton(DefaultSingletonBeanRegistry.java:234)
	at org.springframework.beans.factory.support.AbstractBeanFactory.doGetBean(AbstractBeanFactory.java:323)
	at org.springframework.beans.factory.support.AbstractBeanFactory.getBean(AbstractBeanFactory.java:199)
	at org.springframework.context.support.AbstractApplicationContext.getBean(AbstractApplicationContext.java:1166)
	at org.springframework.context.support.AbstractApplicationContext.finishBeanFactoryInitialization(AbstractApplicationContext.java:940)
	at org.springframework.context.support.AbstractApplicationContext.refresh(AbstractApplicationContext.java:616)
	at org.springframework.boot.web.servlet.context.ServletWebServerApplicationContext.refresh(ServletWebServerApplicationContext.java:146)
	at org.springframework.boot.SpringApplication.refresh(SpringApplication.java:738)
	at org.springframework.boot.SpringApplication.refreshContext(SpringApplication.java:440)
	at org.springframework.boot.SpringApplication.run(SpringApplication.java:316)
	at org.springframework.boot.test.context.SpringBootContextLoader.lambda$loadContext$3(SpringBootContextLoader.java:137)
	at org.springframework.util.function.ThrowingSupplier.get(ThrowingSupplier.java:58)
	at org.springframework.util.function.ThrowingSupplier.get(ThrowingSupplier.java:46)
	at org.springframework.boot.SpringApplication.withHook(SpringApplication.java:1406)
	at org.springframework.boot.test.context.SpringBootContextLoader$ContextLoaderHook.run(SpringBootContextLoader.java:545)
	at org.springframework.boot.test.context.SpringBootContextLoader.loadContext(SpringBootContextLoader.java:137)
	at org.springframework.boot.test.context.SpringBootContextLoader.loadContext(SpringBootContextLoader.java:108)
	at org.springframework.test.context.cache.DefaultCacheAwareContextLoaderDelegate.loadContextInternal(DefaultCacheAwareContextLoaderDelegate.java:187)
	at org.springframework.test.context.cache.DefaultCacheAwareContextLoaderDelegate.loadContext(DefaultCacheAwareContextLoaderDelegate.java:119)
	at org.springframework.test.context.support.DefaultTestContext.getApplicationContext(DefaultTestContext.java:127)
	at org.springframework.boot.test.mock.mockito.MockitoTestExecutionListener.postProcessFields(MockitoTestExecutionListener.java:110)
	at org.springframework.boot.test.mock.mockito.MockitoTestExecutionListener.injectFields(MockitoTestExecutionListener.java:94)
	at org.springframework.boot.test.mock.mockito.MockitoTestExecutionListener.prepareTestInstance(MockitoTestExecutionListener.java:61)
	at org.springframework.test.context.TestContextManager.prepareTestInstance(TestContextManager.java:241)
	at org.springframework.test.context.junit.jupiter.SpringExtension.postProcessTestInstance(SpringExtension.java:138)
	at org.junit.jupiter.engine.descriptor.ClassBasedTestDescriptor.lambda$invokeTestInstancePostProcessors$10(ClassBasedTestDescriptor.java:377)
	at org.junit.jupiter.engine.descriptor.ClassBasedTestDescriptor.executeAndMaskThrowable(ClassBasedTestDescriptor.java:382)
	at org.junit.jupiter.engine.descriptor.ClassBasedTestDescriptor.lambda$invokeTestInstancePostProcessors$11(ClassBasedTestDescriptor.java:377)
	at java.base/java.util.stream.ReferencePipeline$3$1.accept(ReferencePipeline.java:197)
	at java.base/java.util.stream.ReferencePipeline$2$1.accept(ReferencePipeline.java:179)
	at java.base/java.util.ArrayList$ArrayListSpliterator.forEachRemaining(ArrayList.java:1625)
	at java.base/java.util.stream.AbstractPipeline.copyInto(AbstractPipeline.java:509)
	at java.base/java.util.stream.AbstractPipeline.wrapAndCopyInto(AbstractPipeline.java:499)
	at java.base/java.util.stream.StreamSpliterators$WrappingSpliterator.forEachRemaining(StreamSpliterators.java:310)
	at java.base/java.util.stream.Streams$ConcatSpliterator.forEachRemaining(Streams.java:735)
	at java.base/java.util.stream.Streams$ConcatSpliterator.forEachRemaining(Streams.java:734)
	at java.base/java.util.stream.ReferencePipeline$Head.forEach(ReferencePipeline.java:762)
	at org.junit.jupiter.engine.descriptor.ClassBasedTestDescriptor.invokeTestInstancePostProcessors(ClassBasedTestDescriptor.java:376)
	at org.junit.jupiter.engine.descriptor.ClassBasedTestDescriptor.lambda$instantiateAndPostProcessTestInstance$6(ClassBasedTestDescriptor.java:289)
	at org.junit.platform.engine.support.hierarchical.ThrowableCollector.execute(ThrowableCollector.java:73)
	at org.junit.jupiter.engine.descriptor.ClassBasedTestDescriptor.instantiateAndPostProcessTestInstance(ClassBasedTestDescriptor.java:288)
	at org.junit.jupiter.engine.descriptor.ClassBasedTestDescriptor.lambda$testInstancesProvider$4(ClassBasedTestDescriptor.java:278)
	at java.base/java.util.Optional.orElseGet(Optional.java:364)
	at org.junit.jupiter.engine.descriptor.ClassBasedTestDescriptor.lambda$testInstancesProvider$5(ClassBasedTestDescriptor.java:277)
	at org.junit.jupiter.engine.execution.TestInstancesProvider.getTestInstances(TestInstancesProvider.java:31)
	at org.junit.jupiter.engine.descriptor.TestMethodTestDescriptor.lambda$prepare$0(TestMethodTestDescriptor.java:105)
	at org.junit.platform.engine.support.hierarchical.ThrowableCollector.execute(ThrowableCollector.java:73)
	at org.junit.jupiter.engine.descriptor.TestMethodTestDescriptor.prepare(TestMethodTestDescriptor.java:104)
	at org.junit.jupiter.engine.descriptor.TestMethodTestDescriptor.prepare(TestMethodTestDescriptor.java:68)
	at org.junit.platform.engine.support.hierarchical.NodeTestTask.lambda$prepare$2(NodeTestTask.java:123)
	at org.junit.platform.engine.support.hierarchical.ThrowableCollector.execute(ThrowableCollector.java:73)
	at org.junit.platform.engine.support.hierarchical.NodeTestTask.prepare(NodeTestTask.java:123)
	at org.junit.platform.engine.support.hierarchical.NodeTestTask.execute(NodeTestTask.java:90)
	at java.base/java.util.ArrayList.forEach(ArrayList.java:1511)
	at org.junit.platform.engine.support.hierarchical.SameThreadHierarchicalTestExecutorService.invokeAll(SameThreadHierarchicalTestExecutorService.java:41)
	at org.junit.platform.engine.support.hierarchical.NodeTestTask.lambda$executeRecursively$6(NodeTestTask.java:155)
	at org.junit.platform.engine.support.hierarchical.ThrowableCollector.execute(ThrowableCollector.java:73)
	at org.junit.platform.engine.support.hierarchical.NodeTestTask.lambda$executeRecursively$8(NodeTestTask.java:141)
	at org.junit.platform.engine.support.hierarchical.Node.around(Node.java:137)
	at org.junit.platform.engine.support.hierarchical.NodeTestTask.lambda$executeRecursively$9(NodeTestTask.java:139)
	at org.junit.platform.engine.support.hierarchical.ThrowableCollector.execute(ThrowableCollector.java:73)
	at org.junit.platform.engine.support.hierarchical.NodeTestTask.executeRecursively(NodeTestTask.java:138)
	at org.junit.platform.engine.support.hierarchical.NodeTestTask.execute(NodeTestTask.java:95)
	at java.base/java.util.ArrayList.forEach(ArrayList.java:1511)
	at org.junit.platform.engine.support.hierarchical.SameThreadHierarchicalTestExecutorService.invokeAll(SameThreadHierarchicalTestExecutorService.java:41)
	at org.junit.platform.engine.support.hierarchical.NodeTestTask.lambda$executeRecursively$6(NodeTestTask.java:155)
	at org.junit.platform.engine.support.hierarchical.ThrowableCollector.execute(ThrowableCollector.java:73)
	at org.junit.platform.engine.support.hierarchical.NodeTestTask.lambda$executeRecursively$8(NodeTestTask.java:141)
	at org.junit.platform.engine.support.hierarchical.Node.around(Node.java:137)
	at org.junit.platform.engine.support.hierarchical.NodeTestTask.lambda$executeRecursively$9(NodeTestTask.java:139)
	at org.junit.platform.engine.support.hierarchical.ThrowableCollector.execute(ThrowableCollector.java:73)
	at org.junit.platform.engine.support.hierarchical.NodeTestTask.executeRecursively(NodeTestTask.java:138)
	at org.junit.platform.engine.support.hierarchical.NodeTestTask.execute(NodeTestTask.java:95)
	at org.junit.platform.engine.support.hierarchical.SameThreadHierarchicalTestExecutorService.submit(SameThreadHierarchicalTestExecutorService.java:35)
	at org.junit.platform.engine.support.hierarchical.HierarchicalTestExecutor.execute(HierarchicalTestExecutor.java:57)
	at org.junit.platform.engine.support.hierarchical.HierarchicalTestEngine.execute(HierarchicalTestEngine.java:54)
	at org.junit.platform.launcher.core.EngineExecutionOrchestrator.execute(EngineExecutionOrchestrator.java:147)
	at org.junit.platform.launcher.core.EngineExecutionOrchestrator.execute(EngineExecutionOrchestrator.java:127)
	at org.junit.platform.launcher.core.EngineExecutionOrchestrator.execute(EngineExecutionOrchestrator.java:90)
	at org.junit.platform.launcher.core.EngineExecutionOrchestrator.lambda$execute$0(EngineExecutionOrchestrator.java:55)
	at org.junit.platform.launcher.core.EngineExecutionOrchestrator.withInterceptedStreams(EngineExecutionOrchestrator.java:102)
	at org.junit.platform.launcher.core.EngineExecutionOrchestrator.execute(EngineExecutionOrchestrator.java:54)
	at org.junit.platform.launcher.core.DefaultLauncher.execute(DefaultLauncher.java:114)
	at org.junit.platform.launcher.core.DefaultLauncher.execute(DefaultLauncher.java:86)
	at org.junit.platform.launcher.core.DefaultLauncherSession$DelegatingLauncher.execute(DefaultLauncherSession.java:86)
	at org.apache.maven.surefire.junitplatform.LazyLauncher.execute(LazyLauncher.java:50)
	at org.apache.maven.surefire.junitplatform.JUnitPlatformProvider.execute(JUnitPlatformProvider.java:184)
	at org.apache.maven.surefire.junitplatform.JUnitPlatformProvider.invokeAllTests(JUnitPlatformProvider.java:148)
	at org.apache.maven.surefire.junitplatform.JUnitPlatformProvider.invoke(JUnitPlatformProvider.java:122)
	at org.apache.maven.surefire.booter.ForkedBooter.runSuitesInProcess(ForkedBooter.java:385)
	at org.apache.maven.surefire.booter.ForkedBooter.execute(ForkedBooter.java:162)
	at org.apache.maven.surefire.booter.ForkedBooter.run(ForkedBooter.java:507)
	at org.apache.maven.surefire.booter.ForkedBooter.main(ForkedBooter.java:495)
2023-11-24 12:36:44,555 DEBUG o.h.o.s.a.tree [SqlTreePrinter.java:46] SQL AST Tree:
    SelectStatement {
      FromClause {
        StandardTableGroup (c1 : franco.maurizio.hr.desk.com.persistence.entity.CoursePage) {
          primaryTableReference : coursepage as c1_0
        }
      }
    }

2023-11-24 12:36:44,556 DEBUG o.h.p.e.AbstractEntityPersister [AbstractEntityPersister.java:2904] Static SQL for entity: franco.maurizio.hr.desk.com.persistence.entity.Role
2023-11-24 12:36:44,556 DEBUG o.h.p.e.AbstractEntityPersister [AbstractEntityPersister.java:2909]  Version select: select id from roles where id=?
2023-11-24 12:36:44,556 DEBUG o.h.p.e.AbstractEntityPersister [DelegatingBasicLogger.java:393]  Insert (0): insert into roles (description,label,level) values (?,?,?)
2023-11-24 12:36:44,556 DEBUG o.h.p.e.AbstractEntityPersister [DelegatingBasicLogger.java:393]  Update (0): update roles set description=?,label=?,level=? where id=?
2023-11-24 12:36:44,557 DEBUG o.h.p.e.AbstractEntityPersister [DelegatingBasicLogger.java:393]  Delete (0): delete from roles where id=?
2023-11-24 12:36:44,557 DEBUG o.h.o.s.a.create [SqlAliasBaseImpl.java:33] Created new SQL alias : r1_0
2023-11-24 12:36:44,557 DEBUG o.h.o.s.a.create [SimpleFromClauseAccessImpl.java:98] Registration of TableGroup [StandardTableGroup(franco.maurizio.hr.desk.com.persistence.entity.Role)] with identifierForTableGroup [franco.maurizio.hr.desk.com.persistence.entity.Role] for NavigablePath [franco.maurizio.hr.desk.com.persistence.entity.Role] 
2023-11-24 12:36:44,557 TRACE o.h.l.a.i.LoaderSelectBuilder [LoaderSelectBuilder.java:779] Starting visitation of FetchParent's Fetchables : franco.maurizio.hr.desk.com.persistence.entity.Role
2023-11-24 12:36:44,557 DEBUG o.h.o.r.g.AST [DomainResultGraphPrinter.java:67] DomainResult Graph:
 \-EntityResultImpl [franco.maurizio.hr.desk.com.persistence.entity.Role]
 |  +-BasicFetch [franco.maurizio.hr.desk.com.persistence.entity.Role.description]
 |  +-BasicFetch [franco.maurizio.hr.desk.com.persistence.entity.Role.label]
 |  \-BasicFetch [franco.maurizio.hr.desk.com.persistence.entity.Role.level]

2023-11-24 12:36:44,558 TRACE o.h.o.r.g.AST [DomainResultGraphPrinter.java:70] Stack trace calling DomainResultGraphPrinter
java.lang.Exception: null
	at org.hibernate.sql.results.graph.DomainResultGraphPrinter.visitDomainResults(DomainResultGraphPrinter.java:70)
	at org.hibernate.sql.results.graph.DomainResultGraphPrinter.logDomainResultGraph(DomainResultGraphPrinter.java:46)
	at org.hibernate.sql.results.graph.DomainResultGraphPrinter.logDomainResultGraph(DomainResultGraphPrinter.java:37)
	at org.hibernate.sql.ast.spi.AbstractSqlAstTranslator.translateSelect(AbstractSqlAstTranslator.java:848)
	at org.hibernate.sql.ast.spi.AbstractSqlAstTranslator.translate(AbstractSqlAstTranslator.java:801)
	at org.hibernate.loader.ast.internal.SingleIdLoadPlan.<init>(SingleIdLoadPlan.java:67)
	at org.hibernate.loader.ast.internal.SingleIdEntityLoaderStandardImpl.createLoadPlan(SingleIdEntityLoaderStandardImpl.java:197)
	at org.hibernate.loader.ast.internal.SingleIdEntityLoaderStandardImpl.prepare(SingleIdEntityLoaderStandardImpl.java:55)
	at org.hibernate.persister.entity.AbstractEntityPersister.prepareLoader(AbstractEntityPersister.java:3486)
	at org.hibernate.persister.entity.AbstractEntityPersister.postInstantiate(AbstractEntityPersister.java:3480)
	at org.hibernate.metamodel.model.domain.internal.MappingMetamodelImpl.finishInitialization(MappingMetamodelImpl.java:204)
	at org.hibernate.internal.SessionFactoryImpl.initializeMappingModel(SessionFactoryImpl.java:321)
	at org.hibernate.internal.SessionFactoryImpl.<init>(SessionFactoryImpl.java:271)
	at org.hibernate.boot.internal.SessionFactoryBuilderImpl.build(SessionFactoryBuilderImpl.java:444)
	at org.hibernate.jpa.boot.internal.EntityManagerFactoryBuilderImpl.build(EntityManagerFactoryBuilderImpl.java:1458)
	at org.springframework.orm.jpa.vendor.SpringHibernateJpaPersistenceProvider.createContainerEntityManagerFactory(SpringHibernateJpaPersistenceProvider.java:75)
	at org.springframework.orm.jpa.LocalContainerEntityManagerFactoryBean.createNativeEntityManagerFactory(LocalContainerEntityManagerFactoryBean.java:376)
	at org.springframework.orm.jpa.AbstractEntityManagerFactoryBean.buildNativeEntityManagerFactory(AbstractEntityManagerFactoryBean.java:409)
	at org.springframework.orm.jpa.AbstractEntityManagerFactoryBean.afterPropertiesSet(AbstractEntityManagerFactoryBean.java:396)
	at org.springframework.orm.jpa.LocalContainerEntityManagerFactoryBean.afterPropertiesSet(LocalContainerEntityManagerFactoryBean.java:352)
	at org.springframework.beans.factory.support.AbstractAutowireCapableBeanFactory.invokeInitMethods(AbstractAutowireCapableBeanFactory.java:1817)
	at org.springframework.beans.factory.support.AbstractAutowireCapableBeanFactory.initializeBean(AbstractAutowireCapableBeanFactory.java:1766)
	at org.springframework.beans.factory.support.AbstractAutowireCapableBeanFactory.doCreateBean(AbstractAutowireCapableBeanFactory.java:598)
	at org.springframework.beans.factory.support.AbstractAutowireCapableBeanFactory.createBean(AbstractAutowireCapableBeanFactory.java:520)
	at org.springframework.beans.factory.support.AbstractBeanFactory.lambda$doGetBean$0(AbstractBeanFactory.java:325)
	at org.springframework.beans.factory.support.DefaultSingletonBeanRegistry.getSingleton(DefaultSingletonBeanRegistry.java:234)
	at org.springframework.beans.factory.support.AbstractBeanFactory.doGetBean(AbstractBeanFactory.java:323)
	at org.springframework.beans.factory.support.AbstractBeanFactory.getBean(AbstractBeanFactory.java:199)
	at org.springframework.context.support.AbstractApplicationContext.getBean(AbstractApplicationContext.java:1166)
	at org.springframework.context.support.AbstractApplicationContext.finishBeanFactoryInitialization(AbstractApplicationContext.java:940)
	at org.springframework.context.support.AbstractApplicationContext.refresh(AbstractApplicationContext.java:616)
	at org.springframework.boot.web.servlet.context.ServletWebServerApplicationContext.refresh(ServletWebServerApplicationContext.java:146)
	at org.springframework.boot.SpringApplication.refresh(SpringApplication.java:738)
	at org.springframework.boot.SpringApplication.refreshContext(SpringApplication.java:440)
	at org.springframework.boot.SpringApplication.run(SpringApplication.java:316)
	at org.springframework.boot.test.context.SpringBootContextLoader.lambda$loadContext$3(SpringBootContextLoader.java:137)
	at org.springframework.util.function.ThrowingSupplier.get(ThrowingSupplier.java:58)
	at org.springframework.util.function.ThrowingSupplier.get(ThrowingSupplier.java:46)
	at org.springframework.boot.SpringApplication.withHook(SpringApplication.java:1406)
	at org.springframework.boot.test.context.SpringBootContextLoader$ContextLoaderHook.run(SpringBootContextLoader.java:545)
	at org.springframework.boot.test.context.SpringBootContextLoader.loadContext(SpringBootContextLoader.java:137)
	at org.springframework.boot.test.context.SpringBootContextLoader.loadContext(SpringBootContextLoader.java:108)
	at org.springframework.test.context.cache.DefaultCacheAwareContextLoaderDelegate.loadContextInternal(DefaultCacheAwareContextLoaderDelegate.java:187)
	at org.springframework.test.context.cache.DefaultCacheAwareContextLoaderDelegate.loadContext(DefaultCacheAwareContextLoaderDelegate.java:119)
	at org.springframework.test.context.support.DefaultTestContext.getApplicationContext(DefaultTestContext.java:127)
	at org.springframework.boot.test.mock.mockito.MockitoTestExecutionListener.postProcessFields(MockitoTestExecutionListener.java:110)
	at org.springframework.boot.test.mock.mockito.MockitoTestExecutionListener.injectFields(MockitoTestExecutionListener.java:94)
	at org.springframework.boot.test.mock.mockito.MockitoTestExecutionListener.prepareTestInstance(MockitoTestExecutionListener.java:61)
	at org.springframework.test.context.TestContextManager.prepareTestInstance(TestContextManager.java:241)
	at org.springframework.test.context.junit.jupiter.SpringExtension.postProcessTestInstance(SpringExtension.java:138)
	at org.junit.jupiter.engine.descriptor.ClassBasedTestDescriptor.lambda$invokeTestInstancePostProcessors$10(ClassBasedTestDescriptor.java:377)
	at org.junit.jupiter.engine.descriptor.ClassBasedTestDescriptor.executeAndMaskThrowable(ClassBasedTestDescriptor.java:382)
	at org.junit.jupiter.engine.descriptor.ClassBasedTestDescriptor.lambda$invokeTestInstancePostProcessors$11(ClassBasedTestDescriptor.java:377)
	at java.base/java.util.stream.ReferencePipeline$3$1.accept(ReferencePipeline.java:197)
	at java.base/java.util.stream.ReferencePipeline$2$1.accept(ReferencePipeline.java:179)
	at java.base/java.util.ArrayList$ArrayListSpliterator.forEachRemaining(ArrayList.java:1625)
	at java.base/java.util.stream.AbstractPipeline.copyInto(AbstractPipeline.java:509)
	at java.base/java.util.stream.AbstractPipeline.wrapAndCopyInto(AbstractPipeline.java:499)
	at java.base/java.util.stream.StreamSpliterators$WrappingSpliterator.forEachRemaining(StreamSpliterators.java:310)
	at java.base/java.util.stream.Streams$ConcatSpliterator.forEachRemaining(Streams.java:735)
	at java.base/java.util.stream.Streams$ConcatSpliterator.forEachRemaining(Streams.java:734)
	at java.base/java.util.stream.ReferencePipeline$Head.forEach(ReferencePipeline.java:762)
	at org.junit.jupiter.engine.descriptor.ClassBasedTestDescriptor.invokeTestInstancePostProcessors(ClassBasedTestDescriptor.java:376)
	at org.junit.jupiter.engine.descriptor.ClassBasedTestDescriptor.lambda$instantiateAndPostProcessTestInstance$6(ClassBasedTestDescriptor.java:289)
	at org.junit.platform.engine.support.hierarchical.ThrowableCollector.execute(ThrowableCollector.java:73)
	at org.junit.jupiter.engine.descriptor.ClassBasedTestDescriptor.instantiateAndPostProcessTestInstance(ClassBasedTestDescriptor.java:288)
	at org.junit.jupiter.engine.descriptor.ClassBasedTestDescriptor.lambda$testInstancesProvider$4(ClassBasedTestDescriptor.java:278)
	at java.base/java.util.Optional.orElseGet(Optional.java:364)
	at org.junit.jupiter.engine.descriptor.ClassBasedTestDescriptor.lambda$testInstancesProvider$5(ClassBasedTestDescriptor.java:277)
	at org.junit.jupiter.engine.execution.TestInstancesProvider.getTestInstances(TestInstancesProvider.java:31)
	at org.junit.jupiter.engine.descriptor.TestMethodTestDescriptor.lambda$prepare$0(TestMethodTestDescriptor.java:105)
	at org.junit.platform.engine.support.hierarchical.ThrowableCollector.execute(ThrowableCollector.java:73)
	at org.junit.jupiter.engine.descriptor.TestMethodTestDescriptor.prepare(TestMethodTestDescriptor.java:104)
	at org.junit.jupiter.engine.descriptor.TestMethodTestDescriptor.prepare(TestMethodTestDescriptor.java:68)
	at org.junit.platform.engine.support.hierarchical.NodeTestTask.lambda$prepare$2(NodeTestTask.java:123)
	at org.junit.platform.engine.support.hierarchical.ThrowableCollector.execute(ThrowableCollector.java:73)
	at org.junit.platform.engine.support.hierarchical.NodeTestTask.prepare(NodeTestTask.java:123)
	at org.junit.platform.engine.support.hierarchical.NodeTestTask.execute(NodeTestTask.java:90)
	at java.base/java.util.ArrayList.forEach(ArrayList.java:1511)
	at org.junit.platform.engine.support.hierarchical.SameThreadHierarchicalTestExecutorService.invokeAll(SameThreadHierarchicalTestExecutorService.java:41)
	at org.junit.platform.engine.support.hierarchical.NodeTestTask.lambda$executeRecursively$6(NodeTestTask.java:155)
	at org.junit.platform.engine.support.hierarchical.ThrowableCollector.execute(ThrowableCollector.java:73)
	at org.junit.platform.engine.support.hierarchical.NodeTestTask.lambda$executeRecursively$8(NodeTestTask.java:141)
	at org.junit.platform.engine.support.hierarchical.Node.around(Node.java:137)
	at org.junit.platform.engine.support.hierarchical.NodeTestTask.lambda$executeRecursively$9(NodeTestTask.java:139)
	at org.junit.platform.engine.support.hierarchical.ThrowableCollector.execute(ThrowableCollector.java:73)
	at org.junit.platform.engine.support.hierarchical.NodeTestTask.executeRecursively(NodeTestTask.java:138)
	at org.junit.platform.engine.support.hierarchical.NodeTestTask.execute(NodeTestTask.java:95)
	at java.base/java.util.ArrayList.forEach(ArrayList.java:1511)
	at org.junit.platform.engine.support.hierarchical.SameThreadHierarchicalTestExecutorService.invokeAll(SameThreadHierarchicalTestExecutorService.java:41)
	at org.junit.platform.engine.support.hierarchical.NodeTestTask.lambda$executeRecursively$6(NodeTestTask.java:155)
	at org.junit.platform.engine.support.hierarchical.ThrowableCollector.execute(ThrowableCollector.java:73)
	at org.junit.platform.engine.support.hierarchical.NodeTestTask.lambda$executeRecursively$8(NodeTestTask.java:141)
	at org.junit.platform.engine.support.hierarchical.Node.around(Node.java:137)
	at org.junit.platform.engine.support.hierarchical.NodeTestTask.lambda$executeRecursively$9(NodeTestTask.java:139)
	at org.junit.platform.engine.support.hierarchical.ThrowableCollector.execute(ThrowableCollector.java:73)
	at org.junit.platform.engine.support.hierarchical.NodeTestTask.executeRecursively(NodeTestTask.java:138)
	at org.junit.platform.engine.support.hierarchical.NodeTestTask.execute(NodeTestTask.java:95)
	at org.junit.platform.engine.support.hierarchical.SameThreadHierarchicalTestExecutorService.submit(SameThreadHierarchicalTestExecutorService.java:35)
	at org.junit.platform.engine.support.hierarchical.HierarchicalTestExecutor.execute(HierarchicalTestExecutor.java:57)
	at org.junit.platform.engine.support.hierarchical.HierarchicalTestEngine.execute(HierarchicalTestEngine.java:54)
	at org.junit.platform.launcher.core.EngineExecutionOrchestrator.execute(EngineExecutionOrchestrator.java:147)
	at org.junit.platform.launcher.core.EngineExecutionOrchestrator.execute(EngineExecutionOrchestrator.java:127)
	at org.junit.platform.launcher.core.EngineExecutionOrchestrator.execute(EngineExecutionOrchestrator.java:90)
	at org.junit.platform.launcher.core.EngineExecutionOrchestrator.lambda$execute$0(EngineExecutionOrchestrator.java:55)
	at org.junit.platform.launcher.core.EngineExecutionOrchestrator.withInterceptedStreams(EngineExecutionOrchestrator.java:102)
	at org.junit.platform.launcher.core.EngineExecutionOrchestrator.execute(EngineExecutionOrchestrator.java:54)
	at org.junit.platform.launcher.core.DefaultLauncher.execute(DefaultLauncher.java:114)
	at org.junit.platform.launcher.core.DefaultLauncher.execute(DefaultLauncher.java:86)
	at org.junit.platform.launcher.core.DefaultLauncherSession$DelegatingLauncher.execute(DefaultLauncherSession.java:86)
	at org.apache.maven.surefire.junitplatform.LazyLauncher.execute(LazyLauncher.java:50)
	at org.apache.maven.surefire.junitplatform.JUnitPlatformProvider.execute(JUnitPlatformProvider.java:184)
	at org.apache.maven.surefire.junitplatform.JUnitPlatformProvider.invokeAllTests(JUnitPlatformProvider.java:148)
	at org.apache.maven.surefire.junitplatform.JUnitPlatformProvider.invoke(JUnitPlatformProvider.java:122)
	at org.apache.maven.surefire.booter.ForkedBooter.runSuitesInProcess(ForkedBooter.java:385)
	at org.apache.maven.surefire.booter.ForkedBooter.execute(ForkedBooter.java:162)
	at org.apache.maven.surefire.booter.ForkedBooter.run(ForkedBooter.java:507)
	at org.apache.maven.surefire.booter.ForkedBooter.main(ForkedBooter.java:495)
2023-11-24 12:36:44,558 DEBUG o.h.o.s.a.tree [SqlTreePrinter.java:46] SQL AST Tree:
    SelectStatement {
      FromClause {
        StandardTableGroup (r1 : franco.maurizio.hr.desk.com.persistence.entity.Role) {
          primaryTableReference : roles as r1_0
        }
      }
    }

2023-11-24 12:36:44,559 TRACE o.h.m.i.MetadataContext [MetadataContext.java:286] Wrapping up metadata context...
2023-11-24 12:36:44,559 TRACE o.h.m.i.MetadataContext [MetadataContext.java:297] Starting entity [franco.maurizio.hr.desk.com.persistence.entity.Survey]
2023-11-24 12:36:44,559 TRACE o.h.m.i.AttributeFactory [AttributeFactory.java:177] Building identifier attribute [franco.maurizio.hr.desk.com.persistence.entity.Survey.id]
2023-11-24 12:36:44,559 TRACE o.h.m.i.AttributeFactory [AttributeFactory.java:403] Starting attribute metadata determination [id]
2023-11-24 12:36:44,559 TRACE o.h.m.i.AttributeFactory [AttributeFactory.java:406]     Determined member [private java.lang.Long franco.maurizio.hr.desk.com.persistence.entity.Survey.id]
2023-11-24 12:36:44,559 TRACE o.h.m.i.AttributeFactory [AttributeFactory.java:410]     Determined type [name=long, class=org.hibernate.type.internal.NamedBasicTypeImpl]
2023-11-24 12:36:44,560 TRACE o.h.m.i.AttributeFactory [AttributeFactory.java:113] Building attribute [franco.maurizio.hr.desk.com.persistence.entity.Survey.description]
2023-11-24 12:36:44,560 TRACE o.h.m.i.AttributeFactory [AttributeFactory.java:403] Starting attribute metadata determination [description]
2023-11-24 12:36:44,560 TRACE o.h.m.i.AttributeFactory [AttributeFactory.java:406]     Determined member [private java.lang.String franco.maurizio.hr.desk.com.persistence.entity.Survey.description]
2023-11-24 12:36:44,560 TRACE o.h.m.i.AttributeFactory [AttributeFactory.java:410]     Determined type [name=string, class=org.hibernate.type.internal.NamedBasicTypeImpl]
2023-11-24 12:36:44,560 TRACE o.h.m.i.AttributeFactory [AttributeFactory.java:113] Building attribute [franco.maurizio.hr.desk.com.persistence.entity.Survey.label]
2023-11-24 12:36:44,561 TRACE o.h.m.i.AttributeFactory [AttributeFactory.java:403] Starting attribute metadata determination [label]
2023-11-24 12:36:44,561 TRACE o.h.m.i.AttributeFactory [AttributeFactory.java:406]     Determined member [private java.lang.String franco.maurizio.hr.desk.com.persistence.entity.Survey.label]
2023-11-24 12:36:44,561 TRACE o.h.m.i.AttributeFactory [AttributeFactory.java:410]     Determined type [name=string, class=org.hibernate.type.internal.NamedBasicTypeImpl]
2023-11-24 12:36:44,561 TRACE o.h.m.i.AttributeFactory [AttributeFactory.java:113] Building attribute [franco.maurizio.hr.desk.com.persistence.entity.Survey.time]
2023-11-24 12:36:44,561 TRACE o.h.m.i.AttributeFactory [AttributeFactory.java:403] Starting attribute metadata determination [time]
2023-11-24 12:36:44,561 TRACE o.h.m.i.AttributeFactory [AttributeFactory.java:406]     Determined member [private java.lang.Long franco.maurizio.hr.desk.com.persistence.entity.Survey.time]
2023-11-24 12:36:44,562 TRACE o.h.m.i.AttributeFactory [AttributeFactory.java:410]     Determined type [name=long, class=org.hibernate.type.internal.NamedBasicTypeImpl]
2023-11-24 12:36:44,562 TRACE o.h.m.m.d.AbstractIdentifiableType [AbstractIdentifiableType.java:406] Interpreting domain-model identifier descriptor
2023-11-24 12:36:44,562 TRACE o.h.m.i.MetadataContext [MetadataContext.java:340] Completed entity [franco.maurizio.hr.desk.com.persistence.entity.Survey]
2023-11-24 12:36:44,562 TRACE o.h.m.i.MetadataContext [MetadataContext.java:297] Starting entity [franco.maurizio.hr.desk.com.persistence.entity.PositionUserOwner]
2023-11-24 12:36:44,563 TRACE o.h.m.i.AttributeFactory [AttributeFactory.java:177] Building identifier attribute [franco.maurizio.hr.desk.com.persistence.entity.PositionUserOwner.id]
2023-11-24 12:36:44,563 TRACE o.h.m.i.AttributeFactory [AttributeFactory.java:403] Starting attribute metadata determination [id]
2023-11-24 12:36:44,563 TRACE o.h.m.i.AttributeFactory [AttributeFactory.java:406]     Determined member [private java.lang.Long franco.maurizio.hr.desk.com.persistence.entity.PositionUserOwner.id]
2023-11-24 12:36:44,563 TRACE o.h.m.i.AttributeFactory [AttributeFactory.java:410]     Determined type [name=long, class=org.hibernate.type.internal.NamedBasicTypeImpl]
2023-11-24 12:36:44,563 TRACE o.h.m.i.AttributeFactory [AttributeFactory.java:113] Building attribute [franco.maurizio.hr.desk.com.persistence.entity.PositionUserOwner.coursePageId]
2023-11-24 12:36:44,563 TRACE o.h.m.i.AttributeFactory [AttributeFactory.java:403] Starting attribute metadata determination [coursePageId]
2023-11-24 12:36:44,564 TRACE o.h.m.i.AttributeFactory [AttributeFactory.java:406]     Determined member [private java.lang.Long franco.maurizio.hr.desk.com.persistence.entity.PositionUserOwner.coursePageId]
2023-11-24 12:36:44,564 TRACE o.h.m.i.AttributeFactory [AttributeFactory.java:410]     Determined type [name=long, class=org.hibernate.type.internal.NamedBasicTypeImpl]
2023-11-24 12:36:44,564 TRACE o.h.m.i.AttributeFactory [AttributeFactory.java:113] Building attribute [franco.maurizio.hr.desk.com.persistence.entity.PositionUserOwner.userId]
2023-11-24 12:36:44,564 TRACE o.h.m.i.AttributeFactory [AttributeFactory.java:403] Starting attribute metadata determination [userId]
2023-11-24 12:36:44,564 TRACE o.h.m.i.AttributeFactory [AttributeFactory.java:406]     Determined member [private java.lang.Long franco.maurizio.hr.desk.com.persistence.entity.PositionUserOwner.userId]
2023-11-24 12:36:44,565 TRACE o.h.m.i.AttributeFactory [AttributeFactory.java:410]     Determined type [name=long, class=org.hibernate.type.internal.NamedBasicTypeImpl]
2023-11-24 12:36:44,565 TRACE o.h.m.m.d.AbstractIdentifiableType [AbstractIdentifiableType.java:406] Interpreting domain-model identifier descriptor
2023-11-24 12:36:44,565 TRACE o.h.m.i.MetadataContext [MetadataContext.java:340] Completed entity [franco.maurizio.hr.desk.com.persistence.entity.PositionUserOwner]
2023-11-24 12:36:44,565 TRACE o.h.m.i.MetadataContext [MetadataContext.java:297] Starting entity [franco.maurizio.hr.desk.com.persistence.entity.Question]
2023-11-24 12:36:44,566 TRACE o.h.m.i.AttributeFactory [AttributeFactory.java:177] Building identifier attribute [franco.maurizio.hr.desk.com.persistence.entity.Question.id]
2023-11-24 12:36:44,566 TRACE o.h.m.i.AttributeFactory [AttributeFactory.java:403] Starting attribute metadata determination [id]
2023-11-24 12:36:44,566 TRACE o.h.m.i.AttributeFactory [AttributeFactory.java:406]     Determined member [private java.lang.Long franco.maurizio.hr.desk.com.persistence.entity.Question.id]
2023-11-24 12:36:44,566 TRACE o.h.m.i.AttributeFactory [AttributeFactory.java:410]     Determined type [name=long, class=org.hibernate.type.internal.NamedBasicTypeImpl]
2023-11-24 12:36:44,566 TRACE o.h.m.i.AttributeFactory [AttributeFactory.java:113] Building attribute [franco.maurizio.hr.desk.com.persistence.entity.Question.ansa]
2023-11-24 12:36:44,566 TRACE o.h.m.i.AttributeFactory [AttributeFactory.java:403] Starting attribute metadata determination [ansa]
2023-11-24 12:36:44,567 TRACE o.h.m.i.AttributeFactory [AttributeFactory.java:406]     Determined member [private java.lang.String franco.maurizio.hr.desk.com.persistence.entity.Question.ansa]
2023-11-24 12:36:44,567 TRACE o.h.m.i.AttributeFactory [AttributeFactory.java:410]     Determined type [name=string, class=org.hibernate.type.internal.NamedBasicTypeImpl]
2023-11-24 12:36:44,567 TRACE o.h.m.i.AttributeFactory [AttributeFactory.java:113] Building attribute [franco.maurizio.hr.desk.com.persistence.entity.Question.ansb]
2023-11-24 12:36:44,567 TRACE o.h.m.i.AttributeFactory [AttributeFactory.java:403] Starting attribute metadata determination [ansb]
2023-11-24 12:36:44,567 TRACE o.h.m.i.AttributeFactory [AttributeFactory.java:406]     Determined member [private java.lang.String franco.maurizio.hr.desk.com.persistence.entity.Question.ansb]
2023-11-24 12:36:44,567 TRACE o.h.m.i.AttributeFactory [AttributeFactory.java:410]     Determined type [name=string, class=org.hibernate.type.internal.NamedBasicTypeImpl]
2023-11-24 12:36:44,568 TRACE o.h.m.i.AttributeFactory [AttributeFactory.java:113] Building attribute [franco.maurizio.hr.desk.com.persistence.entity.Question.ansc]
2023-11-24 12:36:44,568 TRACE o.h.m.i.AttributeFactory [AttributeFactory.java:403] Starting attribute metadata determination [ansc]
2023-11-24 12:36:44,568 TRACE o.h.m.i.AttributeFactory [AttributeFactory.java:406]     Determined member [private java.lang.String franco.maurizio.hr.desk.com.persistence.entity.Question.ansc]
2023-11-24 12:36:44,568 TRACE o.h.m.i.AttributeFactory [AttributeFactory.java:410]     Determined type [name=string, class=org.hibernate.type.internal.NamedBasicTypeImpl]
2023-11-24 12:36:44,568 TRACE o.h.m.i.AttributeFactory [AttributeFactory.java:113] Building attribute [franco.maurizio.hr.desk.com.persistence.entity.Question.ansd]
2023-11-24 12:36:44,569 TRACE o.h.m.i.AttributeFactory [AttributeFactory.java:403] Starting attribute metadata determination [ansd]
2023-11-24 12:36:44,569 TRACE o.h.m.i.AttributeFactory [AttributeFactory.java:406]     Determined member [private java.lang.String franco.maurizio.hr.desk.com.persistence.entity.Question.ansd]
2023-11-24 12:36:44,569 TRACE o.h.m.i.AttributeFactory [AttributeFactory.java:410]     Determined type [name=string, class=org.hibernate.type.internal.NamedBasicTypeImpl]
2023-11-24 12:36:44,569 TRACE o.h.m.i.AttributeFactory [AttributeFactory.java:113] Building attribute [franco.maurizio.hr.desk.com.persistence.entity.Question.anse]
2023-11-24 12:36:44,569 TRACE o.h.m.i.AttributeFactory [AttributeFactory.java:403] Starting attribute metadata determination [anse]
2023-11-24 12:36:44,570 TRACE o.h.m.i.AttributeFactory [AttributeFactory.java:406]     Determined member [private java.lang.String franco.maurizio.hr.desk.com.persistence.entity.Question.anse]
2023-11-24 12:36:44,570 TRACE o.h.m.i.AttributeFactory [AttributeFactory.java:410]     Determined type [name=string, class=org.hibernate.type.internal.NamedBasicTypeImpl]
2023-11-24 12:36:44,570 TRACE o.h.m.i.AttributeFactory [AttributeFactory.java:113] Building attribute [franco.maurizio.hr.desk.com.persistence.entity.Question.ansf]
2023-11-24 12:36:44,570 TRACE o.h.m.i.AttributeFactory [AttributeFactory.java:403] Starting attribute metadata determination [ansf]
2023-11-24 12:36:44,570 TRACE o.h.m.i.AttributeFactory [AttributeFactory.java:406]     Determined member [private java.lang.String franco.maurizio.hr.desk.com.persistence.entity.Question.ansf]
2023-11-24 12:36:44,570 TRACE o.h.m.i.AttributeFactory [AttributeFactory.java:410]     Determined type [name=string, class=org.hibernate.type.internal.NamedBasicTypeImpl]
2023-11-24 12:36:44,570 TRACE o.h.m.i.AttributeFactory [AttributeFactory.java:113] Building attribute [franco.maurizio.hr.desk.com.persistence.entity.Question.ansg]
2023-11-24 12:36:44,571 TRACE o.h.m.i.AttributeFactory [AttributeFactory.java:403] Starting attribute metadata determination [ansg]
2023-11-24 12:36:44,571 TRACE o.h.m.i.AttributeFactory [AttributeFactory.java:406]     Determined member [private java.lang.String franco.maurizio.hr.desk.com.persistence.entity.Question.ansg]
2023-11-24 12:36:44,571 TRACE o.h.m.i.AttributeFactory [AttributeFactory.java:410]     Determined type [name=string, class=org.hibernate.type.internal.NamedBasicTypeImpl]
2023-11-24 12:36:44,571 TRACE o.h.m.i.AttributeFactory [AttributeFactory.java:113] Building attribute [franco.maurizio.hr.desk.com.persistence.entity.Question.ansh]
2023-11-24 12:36:44,571 TRACE o.h.m.i.AttributeFactory [AttributeFactory.java:403] Starting attribute metadata determination [ansh]
2023-11-24 12:36:44,571 TRACE o.h.m.i.AttributeFactory [AttributeFactory.java:406]     Determined member [private java.lang.String franco.maurizio.hr.desk.com.persistence.entity.Question.ansh]
2023-11-24 12:36:44,571 TRACE o.h.m.i.AttributeFactory [AttributeFactory.java:410]     Determined type [name=string, class=org.hibernate.type.internal.NamedBasicTypeImpl]
2023-11-24 12:36:44,572 TRACE o.h.m.i.AttributeFactory [AttributeFactory.java:113] Building attribute [franco.maurizio.hr.desk.com.persistence.entity.Question.cansa]
2023-11-24 12:36:44,572 TRACE o.h.m.i.AttributeFactory [AttributeFactory.java:403] Starting attribute metadata determination [cansa]
2023-11-24 12:36:44,572 TRACE o.h.m.i.AttributeFactory [AttributeFactory.java:406]     Determined member [private java.lang.Boolean franco.maurizio.hr.desk.com.persistence.entity.Question.cansa]
2023-11-24 12:36:44,572 TRACE o.h.m.i.AttributeFactory [AttributeFactory.java:410]     Determined type [name=boolean, class=org.hibernate.type.internal.NamedBasicTypeImpl]
2023-11-24 12:36:44,572 TRACE o.h.m.i.AttributeFactory [AttributeFactory.java:113] Building attribute [franco.maurizio.hr.desk.com.persistence.entity.Question.cansb]
2023-11-24 12:36:44,572 TRACE o.h.m.i.AttributeFactory [AttributeFactory.java:403] Starting attribute metadata determination [cansb]
2023-11-24 12:36:44,572 TRACE o.h.m.i.AttributeFactory [AttributeFactory.java:406]     Determined member [private java.lang.Boolean franco.maurizio.hr.desk.com.persistence.entity.Question.cansb]
2023-11-24 12:36:44,573 TRACE o.h.m.i.AttributeFactory [AttributeFactory.java:410]     Determined type [name=boolean, class=org.hibernate.type.internal.NamedBasicTypeImpl]
2023-11-24 12:36:44,573 TRACE o.h.m.i.AttributeFactory [AttributeFactory.java:113] Building attribute [franco.maurizio.hr.desk.com.persistence.entity.Question.cansc]
2023-11-24 12:36:44,573 TRACE o.h.m.i.AttributeFactory [AttributeFactory.java:403] Starting attribute metadata determination [cansc]
2023-11-24 12:36:44,573 TRACE o.h.m.i.AttributeFactory [AttributeFactory.java:406]     Determined member [private java.lang.Boolean franco.maurizio.hr.desk.com.persistence.entity.Question.cansc]
2023-11-24 12:36:44,573 TRACE o.h.m.i.AttributeFactory [AttributeFactory.java:410]     Determined type [name=boolean, class=org.hibernate.type.internal.NamedBasicTypeImpl]
2023-11-24 12:36:44,573 TRACE o.h.m.i.AttributeFactory [AttributeFactory.java:113] Building attribute [franco.maurizio.hr.desk.com.persistence.entity.Question.cansd]
2023-11-24 12:36:44,573 TRACE o.h.m.i.AttributeFactory [AttributeFactory.java:403] Starting attribute metadata determination [cansd]
2023-11-24 12:36:44,574 TRACE o.h.m.i.AttributeFactory [AttributeFactory.java:406]     Determined member [private java.lang.Boolean franco.maurizio.hr.desk.com.persistence.entity.Question.cansd]
2023-11-24 12:36:44,574 TRACE o.h.m.i.AttributeFactory [AttributeFactory.java:410]     Determined type [name=boolean, class=org.hibernate.type.internal.NamedBasicTypeImpl]
2023-11-24 12:36:44,574 TRACE o.h.m.i.AttributeFactory [AttributeFactory.java:113] Building attribute [franco.maurizio.hr.desk.com.persistence.entity.Question.canse]
2023-11-24 12:36:44,574 TRACE o.h.m.i.AttributeFactory [AttributeFactory.java:403] Starting attribute metadata determination [canse]
2023-11-24 12:36:44,574 TRACE o.h.m.i.AttributeFactory [AttributeFactory.java:406]     Determined member [private java.lang.Boolean franco.maurizio.hr.desk.com.persistence.entity.Question.canse]
2023-11-24 12:36:44,574 TRACE o.h.m.i.AttributeFactory [AttributeFactory.java:410]     Determined type [name=boolean, class=org.hibernate.type.internal.NamedBasicTypeImpl]
2023-11-24 12:36:44,574 TRACE o.h.m.i.AttributeFactory [AttributeFactory.java:113] Building attribute [franco.maurizio.hr.desk.com.persistence.entity.Question.cansf]
2023-11-24 12:36:44,574 TRACE o.h.m.i.AttributeFactory [AttributeFactory.java:403] Starting attribute metadata determination [cansf]
2023-11-24 12:36:44,575 TRACE o.h.m.i.AttributeFactory [AttributeFactory.java:406]     Determined member [private java.lang.Boolean franco.maurizio.hr.desk.com.persistence.entity.Question.cansf]
2023-11-24 12:36:44,575 TRACE o.h.m.i.AttributeFactory [AttributeFactory.java:410]     Determined type [name=boolean, class=org.hibernate.type.internal.NamedBasicTypeImpl]
2023-11-24 12:36:44,575 TRACE o.h.m.i.AttributeFactory [AttributeFactory.java:113] Building attribute [franco.maurizio.hr.desk.com.persistence.entity.Question.cansg]
2023-11-24 12:36:44,575 TRACE o.h.m.i.AttributeFactory [AttributeFactory.java:403] Starting attribute metadata determination [cansg]
2023-11-24 12:36:44,575 TRACE o.h.m.i.AttributeFactory [AttributeFactory.java:406]     Determined member [private java.lang.Boolean franco.maurizio.hr.desk.com.persistence.entity.Question.cansg]
2023-11-24 12:36:44,575 TRACE o.h.m.i.AttributeFactory [AttributeFactory.java:410]     Determined type [name=boolean, class=org.hibernate.type.internal.NamedBasicTypeImpl]
2023-11-24 12:36:44,575 TRACE o.h.m.i.AttributeFactory [AttributeFactory.java:113] Building attribute [franco.maurizio.hr.desk.com.persistence.entity.Question.cansh]
2023-11-24 12:36:44,575 TRACE o.h.m.i.AttributeFactory [AttributeFactory.java:403] Starting attribute metadata determination [cansh]
2023-11-24 12:36:44,575 TRACE o.h.m.i.AttributeFactory [AttributeFactory.java:406]     Determined member [private java.lang.Boolean franco.maurizio.hr.desk.com.persistence.entity.Question.cansh]
2023-11-24 12:36:44,575 TRACE o.h.m.i.AttributeFactory [AttributeFactory.java:410]     Determined type [name=boolean, class=org.hibernate.type.internal.NamedBasicTypeImpl]
2023-11-24 12:36:44,576 TRACE o.h.m.i.AttributeFactory [AttributeFactory.java:113] Building attribute [franco.maurizio.hr.desk.com.persistence.entity.Question.description]
2023-11-24 12:36:44,576 TRACE o.h.m.i.AttributeFactory [AttributeFactory.java:403] Starting attribute metadata determination [description]
2023-11-24 12:36:44,576 TRACE o.h.m.i.AttributeFactory [AttributeFactory.java:406]     Determined member [private java.lang.String franco.maurizio.hr.desk.com.persistence.entity.Question.description]
2023-11-24 12:36:44,576 TRACE o.h.m.i.AttributeFactory [AttributeFactory.java:410]     Determined type [name=string, class=org.hibernate.type.internal.NamedBasicTypeImpl]
2023-11-24 12:36:44,576 TRACE o.h.m.i.AttributeFactory [AttributeFactory.java:113] Building attribute [franco.maurizio.hr.desk.com.persistence.entity.Question.fullAnswer]
2023-11-24 12:36:44,576 TRACE o.h.m.i.AttributeFactory [AttributeFactory.java:403] Starting attribute metadata determination [fullAnswer]
2023-11-24 12:36:44,576 TRACE o.h.m.i.AttributeFactory [AttributeFactory.java:406]     Determined member [private java.lang.String franco.maurizio.hr.desk.com.persistence.entity.Question.fullAnswer]
2023-11-24 12:36:44,576 TRACE o.h.m.i.AttributeFactory [AttributeFactory.java:410]     Determined type [name=string, class=org.hibernate.type.internal.NamedBasicTypeImpl]
2023-11-24 12:36:44,576 TRACE o.h.m.i.AttributeFactory [AttributeFactory.java:113] Building attribute [franco.maurizio.hr.desk.com.persistence.entity.Question.label]
2023-11-24 12:36:44,577 TRACE o.h.m.i.AttributeFactory [AttributeFactory.java:403] Starting attribute metadata determination [label]
2023-11-24 12:36:44,577 TRACE o.h.m.i.AttributeFactory [AttributeFactory.java:406]     Determined member [private java.lang.String franco.maurizio.hr.desk.com.persistence.entity.Question.label]
2023-11-24 12:36:44,577 TRACE o.h.m.i.AttributeFactory [AttributeFactory.java:410]     Determined type [name=string, class=org.hibernate.type.internal.NamedBasicTypeImpl]
2023-11-24 12:36:44,577 TRACE o.h.m.m.d.AbstractIdentifiableType [AbstractIdentifiableType.java:406] Interpreting domain-model identifier descriptor
2023-11-24 12:36:44,577 TRACE o.h.m.i.MetadataContext [MetadataContext.java:340] Completed entity [franco.maurizio.hr.desk.com.persistence.entity.Question]
2023-11-24 12:36:44,577 TRACE o.h.m.i.MetadataContext [MetadataContext.java:297] Starting entity [franco.maurizio.hr.desk.com.persistence.entity.Candidate]
2023-11-24 12:36:44,577 TRACE o.h.m.i.AttributeFactory [AttributeFactory.java:177] Building identifier attribute [franco.maurizio.hr.desk.com.persistence.entity.Candidate.id]
2023-11-24 12:36:44,578 TRACE o.h.m.i.AttributeFactory [AttributeFactory.java:403] Starting attribute metadata determination [id]
2023-11-24 12:36:44,578 TRACE o.h.m.i.AttributeFactory [AttributeFactory.java:406]     Determined member [private java.lang.Long franco.maurizio.hr.desk.com.persistence.entity.Candidate.id]
2023-11-24 12:36:44,578 TRACE o.h.m.i.AttributeFactory [AttributeFactory.java:410]     Determined type [name=long, class=org.hibernate.type.internal.NamedBasicTypeImpl]
2023-11-24 12:36:44,578 TRACE o.h.m.i.AttributeFactory [AttributeFactory.java:113] Building attribute [franco.maurizio.hr.desk.com.persistence.entity.Candidate.candidacyDateTime]
2023-11-24 12:36:44,578 TRACE o.h.m.i.AttributeFactory [AttributeFactory.java:403] Starting attribute metadata determination [candidacyDateTime]
2023-11-24 12:36:44,578 TRACE o.h.m.i.AttributeFactory [AttributeFactory.java:406]     Determined member [private java.time.LocalDateTime franco.maurizio.hr.desk.com.persistence.entity.Candidate.candidacyDateTime]
2023-11-24 12:36:44,578 TRACE o.h.m.i.AttributeFactory [AttributeFactory.java:410]     Determined type [name=LocalDateTime, class=org.hibernate.type.internal.NamedBasicTypeImpl]
2023-11-24 12:36:44,578 TRACE o.h.m.i.AttributeFactory [AttributeFactory.java:113] Building attribute [franco.maurizio.hr.desk.com.persistence.entity.Candidate.candidateStateCode]
2023-11-24 12:36:44,578 TRACE o.h.m.i.AttributeFactory [AttributeFactory.java:403] Starting attribute metadata determination [candidateStateCode]
2023-11-24 12:36:44,579 TRACE o.h.m.i.AttributeFactory [AttributeFactory.java:406]     Determined member [private long franco.maurizio.hr.desk.com.persistence.entity.Candidate.candidateStateCode]
2023-11-24 12:36:44,579 TRACE o.h.m.i.AttributeFactory [AttributeFactory.java:410]     Determined type [name=long, class=org.hibernate.type.internal.NamedBasicTypeImpl]
2023-11-24 12:36:44,579 TRACE o.h.m.i.AttributeFactory [AttributeFactory.java:113] Building attribute [franco.maurizio.hr.desk.com.persistence.entity.Candidate.courseCode]
2023-11-24 12:36:44,579 TRACE o.h.m.i.AttributeFactory [AttributeFactory.java:403] Starting attribute metadata determination [courseCode]
2023-11-24 12:36:44,579 TRACE o.h.m.i.AttributeFactory [AttributeFactory.java:406]     Determined member [private java.lang.String franco.maurizio.hr.desk.com.persistence.entity.Candidate.courseCode]
2023-11-24 12:36:44,579 TRACE o.h.m.i.AttributeFactory [AttributeFactory.java:410]     Determined type [name=string, class=org.hibernate.type.internal.NamedBasicTypeImpl]
2023-11-24 12:36:44,579 TRACE o.h.m.i.AttributeFactory [AttributeFactory.java:113] Building attribute [franco.maurizio.hr.desk.com.persistence.entity.Candidate.cvExternalPath]
2023-11-24 12:36:44,579 TRACE o.h.m.i.AttributeFactory [AttributeFactory.java:403] Starting attribute metadata determination [cvExternalPath]
2023-11-24 12:36:44,579 TRACE o.h.m.i.AttributeFactory [AttributeFactory.java:406]     Determined member [private java.lang.String franco.maurizio.hr.desk.com.persistence.entity.Candidate.cvExternalPath]
2023-11-24 12:36:44,580 TRACE o.h.m.i.AttributeFactory [AttributeFactory.java:410]     Determined type [name=string, class=org.hibernate.type.internal.NamedBasicTypeImpl]
2023-11-24 12:36:44,580 TRACE o.h.m.i.AttributeFactory [AttributeFactory.java:113] Building attribute [franco.maurizio.hr.desk.com.persistence.entity.Candidate.dateOfBirth]
2023-11-24 12:36:44,580 TRACE o.h.m.i.AttributeFactory [AttributeFactory.java:403] Starting attribute metadata determination [dateOfBirth]
2023-11-24 12:36:44,580 TRACE o.h.m.i.AttributeFactory [AttributeFactory.java:406]     Determined member [private java.time.LocalDate franco.maurizio.hr.desk.com.persistence.entity.Candidate.dateOfBirth]
2023-11-24 12:36:44,580 TRACE o.h.m.i.AttributeFactory [AttributeFactory.java:410]     Determined type [name=LocalDate, class=org.hibernate.type.internal.NamedBasicTypeImpl]
2023-11-24 12:36:44,580 TRACE o.h.m.i.AttributeFactory [AttributeFactory.java:113] Building attribute [franco.maurizio.hr.desk.com.persistence.entity.Candidate.domicileCity]
2023-11-24 12:36:44,580 TRACE o.h.m.i.AttributeFactory [AttributeFactory.java:403] Starting attribute metadata determination [domicileCity]
2023-11-24 12:36:44,580 TRACE o.h.m.i.AttributeFactory [AttributeFactory.java:406]     Determined member [private java.lang.String franco.maurizio.hr.desk.com.persistence.entity.Candidate.domicileCity]
2023-11-24 12:36:44,580 TRACE o.h.m.i.AttributeFactory [AttributeFactory.java:410]     Determined type [name=string, class=org.hibernate.type.internal.NamedBasicTypeImpl]
2023-11-24 12:36:44,581 TRACE o.h.m.i.AttributeFactory [AttributeFactory.java:113] Building attribute [franco.maurizio.hr.desk.com.persistence.entity.Candidate.email]
2023-11-24 12:36:44,581 TRACE o.h.m.i.AttributeFactory [AttributeFactory.java:403] Starting attribute metadata determination [email]
2023-11-24 12:36:44,581 TRACE o.h.m.i.AttributeFactory [AttributeFactory.java:406]     Determined member [private java.lang.String franco.maurizio.hr.desk.com.persistence.entity.Candidate.email]
2023-11-24 12:36:44,581 TRACE o.h.m.i.AttributeFactory [AttributeFactory.java:410]     Determined type [name=string, class=org.hibernate.type.internal.NamedBasicTypeImpl]
2023-11-24 12:36:44,581 TRACE o.h.m.i.AttributeFactory [AttributeFactory.java:113] Building attribute [franco.maurizio.hr.desk.com.persistence.entity.Candidate.firstname]
2023-11-24 12:36:44,581 TRACE o.h.m.i.AttributeFactory [AttributeFactory.java:403] Starting attribute metadata determination [firstname]
2023-11-24 12:36:44,581 TRACE o.h.m.i.AttributeFactory [AttributeFactory.java:406]     Determined member [private java.lang.String franco.maurizio.hr.desk.com.persistence.entity.Candidate.firstname]
2023-11-24 12:36:44,581 TRACE o.h.m.i.AttributeFactory [AttributeFactory.java:410]     Determined type [name=string, class=org.hibernate.type.internal.NamedBasicTypeImpl]
2023-11-24 12:36:44,581 TRACE o.h.m.i.AttributeFactory [AttributeFactory.java:113] Building attribute [franco.maurizio.hr.desk.com.persistence.entity.Candidate.graduate]
2023-11-24 12:36:44,582 TRACE o.h.m.i.AttributeFactory [AttributeFactory.java:403] Starting attribute metadata determination [graduate]
2023-11-24 12:36:44,582 TRACE o.h.m.i.AttributeFactory [AttributeFactory.java:406]     Determined member [private java.lang.Boolean franco.maurizio.hr.desk.com.persistence.entity.Candidate.graduate]
2023-11-24 12:36:44,582 TRACE o.h.m.i.AttributeFactory [AttributeFactory.java:410]     Determined type [name=boolean, class=org.hibernate.type.internal.NamedBasicTypeImpl]
2023-11-24 12:36:44,582 TRACE o.h.m.i.AttributeFactory [AttributeFactory.java:113] Building attribute [franco.maurizio.hr.desk.com.persistence.entity.Candidate.highGraduate]
2023-11-24 12:36:44,582 TRACE o.h.m.i.AttributeFactory [AttributeFactory.java:403] Starting attribute metadata determination [highGraduate]
2023-11-24 12:36:44,582 TRACE o.h.m.i.AttributeFactory [AttributeFactory.java:406]     Determined member [private java.lang.Boolean franco.maurizio.hr.desk.com.persistence.entity.Candidate.highGraduate]
2023-11-24 12:36:44,582 TRACE o.h.m.i.AttributeFactory [AttributeFactory.java:410]     Determined type [name=boolean, class=org.hibernate.type.internal.NamedBasicTypeImpl]
2023-11-24 12:36:44,582 TRACE o.h.m.i.AttributeFactory [AttributeFactory.java:113] Building attribute [franco.maurizio.hr.desk.com.persistence.entity.Candidate.hrNote]
2023-11-24 12:36:44,582 TRACE o.h.m.i.AttributeFactory [AttributeFactory.java:403] Starting attribute metadata determination [hrNote]
2023-11-24 12:36:44,583 TRACE o.h.m.i.AttributeFactory [AttributeFactory.java:406]     Determined member [private java.lang.String franco.maurizio.hr.desk.com.persistence.entity.Candidate.hrNote]
2023-11-24 12:36:44,583 TRACE o.h.m.i.AttributeFactory [AttributeFactory.java:410]     Determined type [name=string, class=org.hibernate.type.internal.NamedBasicTypeImpl]
2023-11-24 12:36:44,583 TRACE o.h.m.i.AttributeFactory [AttributeFactory.java:113] Building attribute [franco.maurizio.hr.desk.com.persistence.entity.Candidate.imgpath]
2023-11-24 12:36:44,583 TRACE o.h.m.i.AttributeFactory [AttributeFactory.java:403] Starting attribute metadata determination [imgpath]
2023-11-24 12:36:44,583 TRACE o.h.m.i.AttributeFactory [AttributeFactory.java:406]     Determined member [private java.lang.String franco.maurizio.hr.desk.com.persistence.entity.Candidate.imgpath]
2023-11-24 12:36:44,583 TRACE o.h.m.i.AttributeFactory [AttributeFactory.java:410]     Determined type [name=string, class=org.hibernate.type.internal.NamedBasicTypeImpl]
2023-11-24 12:36:44,583 TRACE o.h.m.i.AttributeFactory [AttributeFactory.java:113] Building attribute [franco.maurizio.hr.desk.com.persistence.entity.Candidate.insertedBy]
2023-11-24 12:36:44,583 TRACE o.h.m.i.AttributeFactory [AttributeFactory.java:403] Starting attribute metadata determination [insertedBy]
2023-11-24 12:36:44,583 TRACE o.h.m.i.AttributeFactory [AttributeFactory.java:406]     Determined member [private long franco.maurizio.hr.desk.com.persistence.entity.Candidate.insertedBy]
2023-11-24 12:36:44,583 TRACE o.h.m.i.AttributeFactory [AttributeFactory.java:410]     Determined type [name=long, class=org.hibernate.type.internal.NamedBasicTypeImpl]
2023-11-24 12:36:44,584 TRACE o.h.m.i.AttributeFactory [AttributeFactory.java:113] Building attribute [franco.maurizio.hr.desk.com.persistence.entity.Candidate.label]
2023-11-24 12:36:44,584 TRACE o.h.m.i.AttributeFactory [AttributeFactory.java:403] Starting attribute metadata determination [label]
2023-11-24 12:36:44,584 TRACE o.h.m.i.AttributeFactory [AttributeFactory.java:406]     Determined member [private java.lang.String franco.maurizio.hr.desk.com.persistence.entity.Candidate.label]
2023-11-24 12:36:44,584 TRACE o.h.m.i.AttributeFactory [AttributeFactory.java:410]     Determined type [name=string, class=org.hibernate.type.internal.NamedBasicTypeImpl]
2023-11-24 12:36:44,584 TRACE o.h.m.i.AttributeFactory [AttributeFactory.java:113] Building attribute [franco.maurizio.hr.desk.com.persistence.entity.Candidate.lastname]
2023-11-24 12:36:44,584 TRACE o.h.m.i.AttributeFactory [AttributeFactory.java:403] Starting attribute metadata determination [lastname]
2023-11-24 12:36:44,584 TRACE o.h.m.i.AttributeFactory [AttributeFactory.java:406]     Determined member [private java.lang.String franco.maurizio.hr.desk.com.persistence.entity.Candidate.lastname]
2023-11-24 12:36:44,584 TRACE o.h.m.i.AttributeFactory [AttributeFactory.java:410]     Determined type [name=string, class=org.hibernate.type.internal.NamedBasicTypeImpl]
2023-11-24 12:36:44,584 TRACE o.h.m.i.AttributeFactory [AttributeFactory.java:113] Building attribute [franco.maurizio.hr.desk.com.persistence.entity.Candidate.mobile]
2023-11-24 12:36:44,585 TRACE o.h.m.i.AttributeFactory [AttributeFactory.java:403] Starting attribute metadata determination [mobile]
2023-11-24 12:36:44,585 TRACE o.h.m.i.AttributeFactory [AttributeFactory.java:406]     Determined member [private java.lang.String franco.maurizio.hr.desk.com.persistence.entity.Candidate.mobile]
2023-11-24 12:36:44,585 TRACE o.h.m.i.AttributeFactory [AttributeFactory.java:410]     Determined type [name=string, class=org.hibernate.type.internal.NamedBasicTypeImpl]
2023-11-24 12:36:44,585 TRACE o.h.m.i.AttributeFactory [AttributeFactory.java:113] Building attribute [franco.maurizio.hr.desk.com.persistence.entity.Candidate.regdate]
2023-11-24 12:36:44,585 TRACE o.h.m.i.AttributeFactory [AttributeFactory.java:403] Starting attribute metadata determination [regdate]
2023-11-24 12:36:44,585 TRACE o.h.m.i.AttributeFactory [AttributeFactory.java:406]     Determined member [private java.time.LocalDateTime franco.maurizio.hr.desk.com.persistence.entity.Candidate.regdate]
2023-11-24 12:36:44,585 TRACE o.h.m.i.AttributeFactory [AttributeFactory.java:410]     Determined type [name=LocalDateTime, class=org.hibernate.type.internal.NamedBasicTypeImpl]
2023-11-24 12:36:44,585 TRACE o.h.m.i.AttributeFactory [AttributeFactory.java:113] Building attribute [franco.maurizio.hr.desk.com.persistence.entity.Candidate.stillHighStudy]
2023-11-24 12:36:44,585 TRACE o.h.m.i.AttributeFactory [AttributeFactory.java:403] Starting attribute metadata determination [stillHighStudy]
2023-11-24 12:36:44,586 TRACE o.h.m.i.AttributeFactory [AttributeFactory.java:406]     Determined member [private java.lang.Boolean franco.maurizio.hr.desk.com.persistence.entity.Candidate.stillHighStudy]
2023-11-24 12:36:44,586 TRACE o.h.m.i.AttributeFactory [AttributeFactory.java:410]     Determined type [name=boolean, class=org.hibernate.type.internal.NamedBasicTypeImpl]
2023-11-24 12:36:44,586 TRACE o.h.m.i.AttributeFactory [AttributeFactory.java:113] Building attribute [franco.maurizio.hr.desk.com.persistence.entity.Candidate.studyQualification]
2023-11-24 12:36:44,586 TRACE o.h.m.i.AttributeFactory [AttributeFactory.java:403] Starting attribute metadata determination [studyQualification]
2023-11-24 12:36:44,586 TRACE o.h.m.i.AttributeFactory [AttributeFactory.java:406]     Determined member [private java.lang.String franco.maurizio.hr.desk.com.persistence.entity.Candidate.studyQualification]
2023-11-24 12:36:44,586 TRACE o.h.m.i.AttributeFactory [AttributeFactory.java:410]     Determined type [name=string, class=org.hibernate.type.internal.NamedBasicTypeImpl]
2023-11-24 12:36:44,586 TRACE o.h.m.i.AttributeFactory [AttributeFactory.java:113] Building attribute [franco.maurizio.hr.desk.com.persistence.entity.Candidate.technicalNote]
2023-11-24 12:36:44,586 TRACE o.h.m.i.AttributeFactory [AttributeFactory.java:403] Starting attribute metadata determination [technicalNote]
2023-11-24 12:36:44,586 TRACE o.h.m.i.AttributeFactory [AttributeFactory.java:406]     Determined member [private java.lang.String franco.maurizio.hr.desk.com.persistence.entity.Candidate.technicalNote]
2023-11-24 12:36:44,587 TRACE o.h.m.i.AttributeFactory [AttributeFactory.java:410]     Determined type [name=string, class=org.hibernate.type.internal.NamedBasicTypeImpl]
2023-11-24 12:36:44,587 TRACE o.h.m.m.d.AbstractIdentifiableType [AbstractIdentifiableType.java:406] Interpreting domain-model identifier descriptor
2023-11-24 12:36:44,587 TRACE o.h.m.i.MetadataContext [MetadataContext.java:340] Completed entity [franco.maurizio.hr.desk.com.persistence.entity.Candidate]
2023-11-24 12:36:44,587 TRACE o.h.m.i.MetadataContext [MetadataContext.java:297] Starting entity [franco.maurizio.hr.desk.com.persistence.entity.SurveyReply]
2023-11-24 12:36:44,587 TRACE o.h.m.i.AttributeFactory [AttributeFactory.java:177] Building identifier attribute [franco.maurizio.hr.desk.com.persistence.entity.SurveyReply.id]
2023-11-24 12:36:44,587 TRACE o.h.m.i.AttributeFactory [AttributeFactory.java:403] Starting attribute metadata determination [id]
2023-11-24 12:36:44,588 TRACE o.h.m.i.AttributeFactory [AttributeFactory.java:406]     Determined member [private long franco.maurizio.hr.desk.com.persistence.entity.SurveyReply.id]
2023-11-24 12:36:44,588 TRACE o.h.m.i.AttributeFactory [AttributeFactory.java:410]     Determined type [name=long, class=org.hibernate.type.internal.NamedBasicTypeImpl]
2023-11-24 12:36:44,588 TRACE o.h.m.i.AttributeFactory [AttributeFactory.java:113] Building attribute [franco.maurizio.hr.desk.com.persistence.entity.SurveyReply.answers]
2023-11-24 12:36:44,588 TRACE o.h.m.i.AttributeFactory [AttributeFactory.java:403] Starting attribute metadata determination [answers]
2023-11-24 12:36:44,588 TRACE o.h.m.i.AttributeFactory [AttributeFactory.java:406]     Determined member [private java.lang.String franco.maurizio.hr.desk.com.persistence.entity.SurveyReply.answers]
2023-11-24 12:36:44,588 TRACE o.h.m.i.AttributeFactory [AttributeFactory.java:410]     Determined type [name=string, class=org.hibernate.type.internal.NamedBasicTypeImpl]
2023-11-24 12:36:44,588 TRACE o.h.m.i.AttributeFactory [AttributeFactory.java:113] Building attribute [franco.maurizio.hr.desk.com.persistence.entity.SurveyReply.candidateId]
2023-11-24 12:36:44,589 TRACE o.h.m.i.AttributeFactory [AttributeFactory.java:403] Starting attribute metadata determination [candidateId]
2023-11-24 12:36:44,589 TRACE o.h.m.i.AttributeFactory [AttributeFactory.java:406]     Determined member [private long franco.maurizio.hr.desk.com.persistence.entity.SurveyReply.candidateId]
2023-11-24 12:36:44,589 TRACE o.h.m.i.AttributeFactory [AttributeFactory.java:410]     Determined type [name=long, class=org.hibernate.type.internal.NamedBasicTypeImpl]
2023-11-24 12:36:44,589 TRACE o.h.m.i.AttributeFactory [AttributeFactory.java:113] Building attribute [franco.maurizio.hr.desk.com.persistence.entity.SurveyReply.endtime]
2023-11-24 12:36:44,589 TRACE o.h.m.i.AttributeFactory [AttributeFactory.java:403] Starting attribute metadata determination [endtime]
2023-11-24 12:36:44,589 TRACE o.h.m.i.AttributeFactory [AttributeFactory.java:406]     Determined member [private java.time.LocalDateTime franco.maurizio.hr.desk.com.persistence.entity.SurveyReply.endtime]
2023-11-24 12:36:44,589 TRACE o.h.m.i.AttributeFactory [AttributeFactory.java:410]     Determined type [name=LocalDateTime, class=org.hibernate.type.internal.NamedBasicTypeImpl]
2023-11-24 12:36:44,589 TRACE o.h.m.i.AttributeFactory [AttributeFactory.java:113] Building attribute [franco.maurizio.hr.desk.com.persistence.entity.SurveyReply.generated_token]
2023-11-24 12:36:44,589 TRACE o.h.m.i.AttributeFactory [AttributeFactory.java:403] Starting attribute metadata determination [generated_token]
2023-11-24 12:36:44,589 TRACE o.h.m.i.AttributeFactory [AttributeFactory.java:406]     Determined member [private java.lang.String franco.maurizio.hr.desk.com.persistence.entity.SurveyReply.generated_token]
2023-11-24 12:36:44,590 TRACE o.h.m.i.AttributeFactory [AttributeFactory.java:410]     Determined type [name=string, class=org.hibernate.type.internal.NamedBasicTypeImpl]
2023-11-24 12:36:44,590 TRACE o.h.m.i.AttributeFactory [AttributeFactory.java:113] Building attribute [franco.maurizio.hr.desk.com.persistence.entity.SurveyReply.pdffilename]
2023-11-24 12:36:44,590 TRACE o.h.m.i.AttributeFactory [AttributeFactory.java:403] Starting attribute metadata determination [pdffilename]
2023-11-24 12:36:44,590 TRACE o.h.m.i.AttributeFactory [AttributeFactory.java:406]     Determined member [private java.lang.String franco.maurizio.hr.desk.com.persistence.entity.SurveyReply.pdffilename]
2023-11-24 12:36:44,590 TRACE o.h.m.i.AttributeFactory [AttributeFactory.java:410]     Determined type [name=string, class=org.hibernate.type.internal.NamedBasicTypeImpl]
2023-11-24 12:36:44,590 TRACE o.h.m.i.AttributeFactory [AttributeFactory.java:113] Building attribute [franco.maurizio.hr.desk.com.persistence.entity.SurveyReply.points]
2023-11-24 12:36:44,590 TRACE o.h.m.i.AttributeFactory [AttributeFactory.java:403] Starting attribute metadata determination [points]
2023-11-24 12:36:44,590 TRACE o.h.m.i.AttributeFactory [AttributeFactory.java:406]     Determined member [private java.lang.String franco.maurizio.hr.desk.com.persistence.entity.SurveyReply.points]
2023-11-24 12:36:44,590 TRACE o.h.m.i.AttributeFactory [AttributeFactory.java:410]     Determined type [name=string, class=org.hibernate.type.internal.NamedBasicTypeImpl]
2023-11-24 12:36:44,590 TRACE o.h.m.i.AttributeFactory [AttributeFactory.java:113] Building attribute [franco.maurizio.hr.desk.com.persistence.entity.SurveyReply.starttime]
2023-11-24 12:36:44,591 TRACE o.h.m.i.AttributeFactory [AttributeFactory.java:403] Starting attribute metadata determination [starttime]
2023-11-24 12:36:44,591 TRACE o.h.m.i.AttributeFactory [AttributeFactory.java:406]     Determined member [private java.time.LocalDateTime franco.maurizio.hr.desk.com.persistence.entity.SurveyReply.starttime]
2023-11-24 12:36:44,591 TRACE o.h.m.i.AttributeFactory [AttributeFactory.java:410]     Determined type [name=LocalDateTime, class=org.hibernate.type.internal.NamedBasicTypeImpl]
2023-11-24 12:36:44,591 TRACE o.h.m.i.AttributeFactory [AttributeFactory.java:113] Building attribute [franco.maurizio.hr.desk.com.persistence.entity.SurveyReply.surveyId]
2023-11-24 12:36:44,591 TRACE o.h.m.i.AttributeFactory [AttributeFactory.java:403] Starting attribute metadata determination [surveyId]
2023-11-24 12:36:44,591 TRACE o.h.m.i.AttributeFactory [AttributeFactory.java:406]     Determined member [private long franco.maurizio.hr.desk.com.persistence.entity.SurveyReply.surveyId]
2023-11-24 12:36:44,591 TRACE o.h.m.i.AttributeFactory [AttributeFactory.java:410]     Determined type [name=long, class=org.hibernate.type.internal.NamedBasicTypeImpl]
2023-11-24 12:36:44,591 TRACE o.h.m.m.d.AbstractIdentifiableType [AbstractIdentifiableType.java:406] Interpreting domain-model identifier descriptor
2023-11-24 12:36:44,592 TRACE o.h.m.i.MetadataContext [MetadataContext.java:340] Completed entity [franco.maurizio.hr.desk.com.persistence.entity.SurveyReply]
2023-11-24 12:36:44,592 TRACE o.h.m.i.MetadataContext [MetadataContext.java:297] Starting entity [franco.maurizio.hr.desk.com.persistence.entity.User]
2023-11-24 12:36:44,592 TRACE o.h.m.i.AttributeFactory [AttributeFactory.java:177] Building identifier attribute [franco.maurizio.hr.desk.com.persistence.entity.User.id]
2023-11-24 12:36:44,592 TRACE o.h.m.i.AttributeFactory [AttributeFactory.java:403] Starting attribute metadata determination [id]
2023-11-24 12:36:44,593 TRACE o.h.m.i.AttributeFactory [AttributeFactory.java:406]     Determined member [private java.lang.Long franco.maurizio.hr.desk.com.persistence.entity.User.id]
2023-11-24 12:36:44,593 TRACE o.h.m.i.AttributeFactory [AttributeFactory.java:410]     Determined type [name=long, class=org.hibernate.type.internal.NamedBasicTypeImpl]
2023-11-24 12:36:44,593 TRACE o.h.m.i.AttributeFactory [AttributeFactory.java:113] Building attribute [franco.maurizio.hr.desk.com.persistence.entity.User.email]
2023-11-24 12:36:44,593 TRACE o.h.m.i.AttributeFactory [AttributeFactory.java:403] Starting attribute metadata determination [email]
2023-11-24 12:36:44,593 TRACE o.h.m.i.AttributeFactory [AttributeFactory.java:406]     Determined member [private java.lang.String franco.maurizio.hr.desk.com.persistence.entity.User.email]
2023-11-24 12:36:44,593 TRACE o.h.m.i.AttributeFactory [AttributeFactory.java:410]     Determined type [name=string, class=org.hibernate.type.internal.NamedBasicTypeImpl]
2023-11-24 12:36:44,593 TRACE o.h.m.i.AttributeFactory [AttributeFactory.java:113] Building attribute [franco.maurizio.hr.desk.com.persistence.entity.User.enabled]
2023-11-24 12:36:44,593 TRACE o.h.m.i.AttributeFactory [AttributeFactory.java:403] Starting attribute metadata determination [enabled]
2023-11-24 12:36:44,594 TRACE o.h.m.i.AttributeFactory [AttributeFactory.java:406]     Determined member [private boolean franco.maurizio.hr.desk.com.persistence.entity.User.enabled]
2023-11-24 12:36:44,594 TRACE o.h.m.i.AttributeFactory [AttributeFactory.java:410]     Determined type [name=boolean, class=org.hibernate.type.internal.NamedBasicTypeImpl]
2023-11-24 12:36:44,594 TRACE o.h.m.i.AttributeFactory [AttributeFactory.java:113] Building attribute [franco.maurizio.hr.desk.com.persistence.entity.User.firstname]
2023-11-24 12:36:44,594 TRACE o.h.m.i.AttributeFactory [AttributeFactory.java:403] Starting attribute metadata determination [firstname]
2023-11-24 12:36:44,594 TRACE o.h.m.i.AttributeFactory [AttributeFactory.java:406]     Determined member [private java.lang.String franco.maurizio.hr.desk.com.persistence.entity.User.firstname]
2023-11-24 12:36:44,594 TRACE o.h.m.i.AttributeFactory [AttributeFactory.java:410]     Determined type [name=string, class=org.hibernate.type.internal.NamedBasicTypeImpl]
2023-11-24 12:36:44,594 TRACE o.h.m.i.AttributeFactory [AttributeFactory.java:113] Building attribute [franco.maurizio.hr.desk.com.persistence.entity.User.lastname]
2023-11-24 12:36:44,594 TRACE o.h.m.i.AttributeFactory [AttributeFactory.java:403] Starting attribute metadata determination [lastname]
2023-11-24 12:36:44,594 TRACE o.h.m.i.AttributeFactory [AttributeFactory.java:406]     Determined member [private java.lang.String franco.maurizio.hr.desk.com.persistence.entity.User.lastname]
2023-11-24 12:36:44,594 TRACE o.h.m.i.AttributeFactory [AttributeFactory.java:410]     Determined type [name=string, class=org.hibernate.type.internal.NamedBasicTypeImpl]
2023-11-24 12:36:44,595 TRACE o.h.m.i.AttributeFactory [AttributeFactory.java:113] Building attribute [franco.maurizio.hr.desk.com.persistence.entity.User.password]
2023-11-24 12:36:44,595 TRACE o.h.m.i.AttributeFactory [AttributeFactory.java:403] Starting attribute metadata determination [password]
2023-11-24 12:36:44,595 TRACE o.h.m.i.AttributeFactory [AttributeFactory.java:406]     Determined member [private java.lang.String franco.maurizio.hr.desk.com.persistence.entity.User.password]
2023-11-24 12:36:44,595 TRACE o.h.m.i.AttributeFactory [AttributeFactory.java:410]     Determined type [name=string, class=org.hibernate.type.internal.NamedBasicTypeImpl]
2023-11-24 12:36:44,595 TRACE o.h.m.i.AttributeFactory [AttributeFactory.java:113] Building attribute [franco.maurizio.hr.desk.com.persistence.entity.User.regdate]
2023-11-24 12:36:44,595 TRACE o.h.m.i.AttributeFactory [AttributeFactory.java:403] Starting attribute metadata determination [regdate]
2023-11-24 12:36:44,595 TRACE o.h.m.i.AttributeFactory [AttributeFactory.java:406]     Determined member [private java.time.LocalDateTime franco.maurizio.hr.desk.com.persistence.entity.User.regdate]
2023-11-24 12:36:44,595 TRACE o.h.m.i.AttributeFactory [AttributeFactory.java:410]     Determined type [name=LocalDateTime, class=org.hibernate.type.internal.NamedBasicTypeImpl]
2023-11-24 12:36:44,595 TRACE o.h.m.i.AttributeFactory [AttributeFactory.java:113] Building attribute [franco.maurizio.hr.desk.com.persistence.entity.User.role]
2023-11-24 12:36:44,596 TRACE o.h.m.i.AttributeFactory [AttributeFactory.java:403] Starting attribute metadata determination [role]
2023-11-24 12:36:44,596 TRACE o.h.m.i.AttributeFactory [AttributeFactory.java:406]     Determined member [private int franco.maurizio.hr.desk.com.persistence.entity.User.role]
2023-11-24 12:36:44,596 TRACE o.h.m.i.AttributeFactory [AttributeFactory.java:410]     Determined type [name=integer, class=org.hibernate.type.internal.NamedBasicTypeImpl]
2023-11-24 12:36:44,596 TRACE o.h.m.m.d.AbstractIdentifiableType [AbstractIdentifiableType.java:406] Interpreting domain-model identifier descriptor
2023-11-24 12:36:44,596 TRACE o.h.m.i.MetadataContext [MetadataContext.java:340] Completed entity [franco.maurizio.hr.desk.com.persistence.entity.User]
2023-11-24 12:36:44,596 TRACE o.h.m.i.MetadataContext [MetadataContext.java:297] Starting entity [franco.maurizio.hr.desk.com.persistence.entity.SurveyQuestion]
2023-11-24 12:36:44,596 TRACE o.h.m.i.AttributeFactory [AttributeFactory.java:177] Building identifier attribute [franco.maurizio.hr.desk.com.persistence.entity.SurveyQuestion.id]
2023-11-24 12:36:44,597 TRACE o.h.m.i.AttributeFactory [AttributeFactory.java:403] Starting attribute metadata determination [id]
2023-11-24 12:36:44,597 TRACE o.h.m.i.AttributeFactory [AttributeFactory.java:406]     Determined member [private java.lang.Long franco.maurizio.hr.desk.com.persistence.entity.SurveyQuestion.id]
2023-11-24 12:36:44,597 TRACE o.h.m.i.AttributeFactory [AttributeFactory.java:410]     Determined type [name=long, class=org.hibernate.type.internal.NamedBasicTypeImpl]
2023-11-24 12:36:44,597 TRACE o.h.m.i.AttributeFactory [AttributeFactory.java:113] Building attribute [franco.maurizio.hr.desk.com.persistence.entity.SurveyQuestion.position]
2023-11-24 12:36:44,597 TRACE o.h.m.i.AttributeFactory [AttributeFactory.java:403] Starting attribute metadata determination [position]
2023-11-24 12:36:44,597 TRACE o.h.m.i.AttributeFactory [AttributeFactory.java:406]     Determined member [private java.lang.Long franco.maurizio.hr.desk.com.persistence.entity.SurveyQuestion.position]
2023-11-24 12:36:44,597 TRACE o.h.m.i.AttributeFactory [AttributeFactory.java:410]     Determined type [name=long, class=org.hibernate.type.internal.NamedBasicTypeImpl]
2023-11-24 12:36:44,597 TRACE o.h.m.i.AttributeFactory [AttributeFactory.java:113] Building attribute [franco.maurizio.hr.desk.com.persistence.entity.SurveyQuestion.questionId]
2023-11-24 12:36:44,597 TRACE o.h.m.i.AttributeFactory [AttributeFactory.java:403] Starting attribute metadata determination [questionId]
2023-11-24 12:36:44,598 TRACE o.h.m.i.AttributeFactory [AttributeFactory.java:406]     Determined member [private java.lang.Long franco.maurizio.hr.desk.com.persistence.entity.SurveyQuestion.questionId]
2023-11-24 12:36:44,598 TRACE o.h.m.i.AttributeFactory [AttributeFactory.java:410]     Determined type [name=long, class=org.hibernate.type.internal.NamedBasicTypeImpl]
2023-11-24 12:36:44,598 TRACE o.h.m.i.AttributeFactory [AttributeFactory.java:113] Building attribute [franco.maurizio.hr.desk.com.persistence.entity.SurveyQuestion.surveyId]
2023-11-24 12:36:44,598 TRACE o.h.m.i.AttributeFactory [AttributeFactory.java:403] Starting attribute metadata determination [surveyId]
2023-11-24 12:36:44,598 TRACE o.h.m.i.AttributeFactory [AttributeFactory.java:406]     Determined member [private java.lang.Long franco.maurizio.hr.desk.com.persistence.entity.SurveyQuestion.surveyId]
2023-11-24 12:36:44,598 TRACE o.h.m.i.AttributeFactory [AttributeFactory.java:410]     Determined type [name=long, class=org.hibernate.type.internal.NamedBasicTypeImpl]
2023-11-24 12:36:44,598 TRACE o.h.m.m.d.AbstractIdentifiableType [AbstractIdentifiableType.java:406] Interpreting domain-model identifier descriptor
2023-11-24 12:36:44,598 TRACE o.h.m.i.MetadataContext [MetadataContext.java:340] Completed entity [franco.maurizio.hr.desk.com.persistence.entity.SurveyQuestion]
2023-11-24 12:36:44,598 TRACE o.h.m.i.MetadataContext [MetadataContext.java:297] Starting entity [franco.maurizio.hr.desk.com.persistence.entity.CandidateSurveyToken]
2023-11-24 12:36:44,599 TRACE o.h.m.i.AttributeFactory [AttributeFactory.java:177] Building identifier attribute [franco.maurizio.hr.desk.com.persistence.entity.CandidateSurveyToken.id]
2023-11-24 12:36:44,599 TRACE o.h.m.i.AttributeFactory [AttributeFactory.java:403] Starting attribute metadata determination [id]
2023-11-24 12:36:44,599 TRACE o.h.m.i.AttributeFactory [AttributeFactory.java:406]     Determined member [private java.lang.Long franco.maurizio.hr.desk.com.persistence.entity.CandidateSurveyToken.id]
2023-11-24 12:36:44,599 TRACE o.h.m.i.AttributeFactory [AttributeFactory.java:410]     Determined type [name=long, class=org.hibernate.type.internal.NamedBasicTypeImpl]
2023-11-24 12:36:44,599 TRACE o.h.m.i.AttributeFactory [AttributeFactory.java:113] Building attribute [franco.maurizio.hr.desk.com.persistence.entity.CandidateSurveyToken.candidateId]
2023-11-24 12:36:44,599 TRACE o.h.m.i.AttributeFactory [AttributeFactory.java:403] Starting attribute metadata determination [candidateId]
2023-11-24 12:36:44,599 TRACE o.h.m.i.AttributeFactory [AttributeFactory.java:406]     Determined member [private java.lang.Long franco.maurizio.hr.desk.com.persistence.entity.CandidateSurveyToken.candidateId]
2023-11-24 12:36:44,599 TRACE o.h.m.i.AttributeFactory [AttributeFactory.java:410]     Determined type [name=long, class=org.hibernate.type.internal.NamedBasicTypeImpl]
2023-11-24 12:36:44,599 TRACE o.h.m.i.AttributeFactory [AttributeFactory.java:113] Building attribute [franco.maurizio.hr.desk.com.persistence.entity.CandidateSurveyToken.expirationDateTime]
2023-11-24 12:36:44,600 TRACE o.h.m.i.AttributeFactory [AttributeFactory.java:403] Starting attribute metadata determination [expirationDateTime]
2023-11-24 12:36:44,600 TRACE o.h.m.i.AttributeFactory [AttributeFactory.java:406]     Determined member [private java.time.LocalDateTime franco.maurizio.hr.desk.com.persistence.entity.CandidateSurveyToken.expirationDateTime]
2023-11-24 12:36:44,600 TRACE o.h.m.i.AttributeFactory [AttributeFactory.java:410]     Determined type [name=LocalDateTime, class=org.hibernate.type.internal.NamedBasicTypeImpl]
2023-11-24 12:36:44,600 TRACE o.h.m.i.AttributeFactory [AttributeFactory.java:113] Building attribute [franco.maurizio.hr.desk.com.persistence.entity.CandidateSurveyToken.expired]
2023-11-24 12:36:44,600 TRACE o.h.m.i.AttributeFactory [AttributeFactory.java:403] Starting attribute metadata determination [expired]
2023-11-24 12:36:44,600 TRACE o.h.m.i.AttributeFactory [AttributeFactory.java:406]     Determined member [private boolean franco.maurizio.hr.desk.com.persistence.entity.CandidateSurveyToken.expired]
2023-11-24 12:36:44,600 TRACE o.h.m.i.AttributeFactory [AttributeFactory.java:410]     Determined type [name=boolean, class=org.hibernate.type.internal.NamedBasicTypeImpl]
2023-11-24 12:36:44,600 TRACE o.h.m.i.AttributeFactory [AttributeFactory.java:113] Building attribute [franco.maurizio.hr.desk.com.persistence.entity.CandidateSurveyToken.generatedToken]
2023-11-24 12:36:44,600 TRACE o.h.m.i.AttributeFactory [AttributeFactory.java:403] Starting attribute metadata determination [generatedToken]
2023-11-24 12:36:44,601 TRACE o.h.m.i.AttributeFactory [AttributeFactory.java:406]     Determined member [private java.lang.String franco.maurizio.hr.desk.com.persistence.entity.CandidateSurveyToken.generatedToken]
2023-11-24 12:36:44,601 TRACE o.h.m.i.AttributeFactory [AttributeFactory.java:410]     Determined type [name=string, class=org.hibernate.type.internal.NamedBasicTypeImpl]
2023-11-24 12:36:44,601 TRACE o.h.m.i.AttributeFactory [AttributeFactory.java:113] Building attribute [franco.maurizio.hr.desk.com.persistence.entity.CandidateSurveyToken.surveyId]
2023-11-24 12:36:44,601 TRACE o.h.m.i.AttributeFactory [AttributeFactory.java:403] Starting attribute metadata determination [surveyId]
2023-11-24 12:36:44,601 TRACE o.h.m.i.AttributeFactory [AttributeFactory.java:406]     Determined member [private java.lang.Long franco.maurizio.hr.desk.com.persistence.entity.CandidateSurveyToken.surveyId]
2023-11-24 12:36:44,601 TRACE o.h.m.i.AttributeFactory [AttributeFactory.java:410]     Determined type [name=long, class=org.hibernate.type.internal.NamedBasicTypeImpl]
2023-11-24 12:36:44,601 TRACE o.h.m.m.d.AbstractIdentifiableType [AbstractIdentifiableType.java:406] Interpreting domain-model identifier descriptor
2023-11-24 12:36:44,601 TRACE o.h.m.i.MetadataContext [MetadataContext.java:340] Completed entity [franco.maurizio.hr.desk.com.persistence.entity.CandidateSurveyToken]
2023-11-24 12:36:44,601 TRACE o.h.m.i.MetadataContext [MetadataContext.java:297] Starting entity [franco.maurizio.hr.desk.com.persistence.entity.CandidateStates]
2023-11-24 12:36:44,602 TRACE o.h.m.i.AttributeFactory [AttributeFactory.java:177] Building identifier attribute [franco.maurizio.hr.desk.com.persistence.entity.CandidateStates.id]
2023-11-24 12:36:44,602 TRACE o.h.m.i.AttributeFactory [AttributeFactory.java:403] Starting attribute metadata determination [id]
2023-11-24 12:36:44,602 TRACE o.h.m.i.AttributeFactory [AttributeFactory.java:406]     Determined member [private java.lang.Long franco.maurizio.hr.desk.com.persistence.entity.CandidateStates.id]
2023-11-24 12:36:44,602 TRACE o.h.m.i.AttributeFactory [AttributeFactory.java:410]     Determined type [name=long, class=org.hibernate.type.internal.NamedBasicTypeImpl]
2023-11-24 12:36:44,602 TRACE o.h.m.i.AttributeFactory [AttributeFactory.java:113] Building attribute [franco.maurizio.hr.desk.com.persistence.entity.CandidateStates.roleId]
2023-11-24 12:36:44,602 TRACE o.h.m.i.AttributeFactory [AttributeFactory.java:403] Starting attribute metadata determination [roleId]
2023-11-24 12:36:44,602 TRACE o.h.m.i.AttributeFactory [AttributeFactory.java:406]     Determined member [private java.lang.Long franco.maurizio.hr.desk.com.persistence.entity.CandidateStates.roleId]
2023-11-24 12:36:44,602 TRACE o.h.m.i.AttributeFactory [AttributeFactory.java:410]     Determined type [name=long, class=org.hibernate.type.internal.NamedBasicTypeImpl]
2023-11-24 12:36:44,602 TRACE o.h.m.i.AttributeFactory [AttributeFactory.java:113] Building attribute [franco.maurizio.hr.desk.com.persistence.entity.CandidateStates.statusCode]
2023-11-24 12:36:44,603 TRACE o.h.m.i.AttributeFactory [AttributeFactory.java:403] Starting attribute metadata determination [statusCode]
2023-11-24 12:36:44,603 TRACE o.h.m.i.AttributeFactory [AttributeFactory.java:406]     Determined member [private int franco.maurizio.hr.desk.com.persistence.entity.CandidateStates.statusCode]
2023-11-24 12:36:44,603 TRACE o.h.m.i.AttributeFactory [AttributeFactory.java:410]     Determined type [name=integer, class=org.hibernate.type.internal.NamedBasicTypeImpl]
2023-11-24 12:36:44,603 TRACE o.h.m.i.AttributeFactory [AttributeFactory.java:113] Building attribute [franco.maurizio.hr.desk.com.persistence.entity.CandidateStates.statusColor]
2023-11-24 12:36:44,603 TRACE o.h.m.i.AttributeFactory [AttributeFactory.java:403] Starting attribute metadata determination [statusColor]
2023-11-24 12:36:44,603 TRACE o.h.m.i.AttributeFactory [AttributeFactory.java:406]     Determined member [private java.lang.String franco.maurizio.hr.desk.com.persistence.entity.CandidateStates.statusColor]
2023-11-24 12:36:44,603 TRACE o.h.m.i.AttributeFactory [AttributeFactory.java:410]     Determined type [name=string, class=org.hibernate.type.internal.NamedBasicTypeImpl]
2023-11-24 12:36:44,603 TRACE o.h.m.i.AttributeFactory [AttributeFactory.java:113] Building attribute [franco.maurizio.hr.desk.com.persistence.entity.CandidateStates.statusDescription]
2023-11-24 12:36:44,603 TRACE o.h.m.i.AttributeFactory [AttributeFactory.java:403] Starting attribute metadata determination [statusDescription]
2023-11-24 12:36:44,604 TRACE o.h.m.i.AttributeFactory [AttributeFactory.java:406]     Determined member [private java.lang.String franco.maurizio.hr.desk.com.persistence.entity.CandidateStates.statusDescription]
2023-11-24 12:36:44,604 TRACE o.h.m.i.AttributeFactory [AttributeFactory.java:410]     Determined type [name=string, class=org.hibernate.type.internal.NamedBasicTypeImpl]
2023-11-24 12:36:44,604 TRACE o.h.m.i.AttributeFactory [AttributeFactory.java:113] Building attribute [franco.maurizio.hr.desk.com.persistence.entity.CandidateStates.statusLabel]
2023-11-24 12:36:44,604 TRACE o.h.m.i.AttributeFactory [AttributeFactory.java:403] Starting attribute metadata determination [statusLabel]
2023-11-24 12:36:44,604 TRACE o.h.m.i.AttributeFactory [AttributeFactory.java:406]     Determined member [private java.lang.String franco.maurizio.hr.desk.com.persistence.entity.CandidateStates.statusLabel]
2023-11-24 12:36:44,604 TRACE o.h.m.i.AttributeFactory [AttributeFactory.java:410]     Determined type [name=string, class=org.hibernate.type.internal.NamedBasicTypeImpl]
2023-11-24 12:36:44,604 TRACE o.h.m.m.d.AbstractIdentifiableType [AbstractIdentifiableType.java:406] Interpreting domain-model identifier descriptor
2023-11-24 12:36:44,605 TRACE o.h.m.i.MetadataContext [MetadataContext.java:340] Completed entity [franco.maurizio.hr.desk.com.persistence.entity.CandidateStates]
2023-11-24 12:36:44,605 TRACE o.h.m.i.MetadataContext [MetadataContext.java:297] Starting entity [franco.maurizio.hr.desk.com.persistence.entity.CoursePage]
2023-11-24 12:36:44,605 TRACE o.h.m.i.AttributeFactory [AttributeFactory.java:177] Building identifier attribute [franco.maurizio.hr.desk.com.persistence.entity.CoursePage.id]
2023-11-24 12:36:44,605 TRACE o.h.m.i.AttributeFactory [AttributeFactory.java:403] Starting attribute metadata determination [id]
2023-11-24 12:36:44,605 TRACE o.h.m.i.AttributeFactory [AttributeFactory.java:406]     Determined member [protected java.lang.Long franco.maurizio.hr.desk.com.persistence.entity.CoursePage.id]
2023-11-24 12:36:44,605 TRACE o.h.m.i.AttributeFactory [AttributeFactory.java:410]     Determined type [name=long, class=org.hibernate.type.internal.NamedBasicTypeImpl]
2023-11-24 12:36:44,605 TRACE o.h.m.i.AttributeFactory [AttributeFactory.java:113] Building attribute [franco.maurizio.hr.desk.com.persistence.entity.CoursePage.bodyText]
2023-11-24 12:36:44,605 TRACE o.h.m.i.AttributeFactory [AttributeFactory.java:403] Starting attribute metadata determination [bodyText]
2023-11-24 12:36:44,606 TRACE o.h.m.i.AttributeFactory [AttributeFactory.java:406]     Determined member [protected java.lang.String franco.maurizio.hr.desk.com.persistence.entity.CoursePage.bodyText]
2023-11-24 12:36:44,606 TRACE o.h.m.i.AttributeFactory [AttributeFactory.java:410]     Determined type [name=string, class=org.hibernate.type.internal.NamedBasicTypeImpl]
2023-11-24 12:36:44,606 TRACE o.h.m.i.AttributeFactory [AttributeFactory.java:113] Building attribute [franco.maurizio.hr.desk.com.persistence.entity.CoursePage.code]
2023-11-24 12:36:44,606 TRACE o.h.m.i.AttributeFactory [AttributeFactory.java:403] Starting attribute metadata determination [code]
2023-11-24 12:36:44,606 TRACE o.h.m.i.AttributeFactory [AttributeFactory.java:406]     Determined member [protected java.lang.String franco.maurizio.hr.desk.com.persistence.entity.CoursePage.code]
2023-11-24 12:36:44,606 TRACE o.h.m.i.AttributeFactory [AttributeFactory.java:410]     Determined type [name=string, class=org.hibernate.type.internal.NamedBasicTypeImpl]
2023-11-24 12:36:44,606 TRACE o.h.m.i.AttributeFactory [AttributeFactory.java:113] Building attribute [franco.maurizio.hr.desk.com.persistence.entity.CoursePage.created_datetime]
2023-11-24 12:36:44,606 TRACE o.h.m.i.AttributeFactory [AttributeFactory.java:403] Starting attribute metadata determination [created_datetime]
2023-11-24 12:36:44,606 TRACE o.h.m.i.AttributeFactory [AttributeFactory.java:406]     Determined member [private java.time.LocalDateTime franco.maurizio.hr.desk.com.persistence.entity.CoursePage.created_datetime]
2023-11-24 12:36:44,607 TRACE o.h.m.i.AttributeFactory [AttributeFactory.java:410]     Determined type [name=LocalDateTime, class=org.hibernate.type.internal.NamedBasicTypeImpl]
2023-11-24 12:36:44,607 TRACE o.h.m.i.AttributeFactory [AttributeFactory.java:113] Building attribute [franco.maurizio.hr.desk.com.persistence.entity.CoursePage.fileName]
2023-11-24 12:36:44,607 TRACE o.h.m.i.AttributeFactory [AttributeFactory.java:403] Starting attribute metadata determination [fileName]
2023-11-24 12:36:44,607 TRACE o.h.m.i.AttributeFactory [AttributeFactory.java:406]     Determined member [protected java.lang.String franco.maurizio.hr.desk.com.persistence.entity.CoursePage.fileName]
2023-11-24 12:36:44,607 TRACE o.h.m.i.AttributeFactory [AttributeFactory.java:410]     Determined type [name=string, class=org.hibernate.type.internal.NamedBasicTypeImpl]
2023-11-24 12:36:44,607 TRACE o.h.m.i.AttributeFactory [AttributeFactory.java:113] Building attribute [franco.maurizio.hr.desk.com.persistence.entity.CoursePage.opened_by]
2023-11-24 12:36:44,607 TRACE o.h.m.i.AttributeFactory [AttributeFactory.java:403] Starting attribute metadata determination [opened_by]
2023-11-24 12:36:44,607 TRACE o.h.m.i.AttributeFactory [AttributeFactory.java:406]     Determined member [protected java.lang.Long franco.maurizio.hr.desk.com.persistence.entity.CoursePage.opened_by]
2023-11-24 12:36:44,607 TRACE o.h.m.i.AttributeFactory [AttributeFactory.java:410]     Determined type [name=long, class=org.hibernate.type.internal.NamedBasicTypeImpl]
2023-11-24 12:36:44,608 TRACE o.h.m.i.AttributeFactory [AttributeFactory.java:113] Building attribute [franco.maurizio.hr.desk.com.persistence.entity.CoursePage.statusOpen]
2023-11-24 12:36:44,608 TRACE o.h.m.i.AttributeFactory [AttributeFactory.java:403] Starting attribute metadata determination [statusOpen]
2023-11-24 12:36:44,608 TRACE o.h.m.i.AttributeFactory [AttributeFactory.java:406]     Determined member [private java.lang.Boolean franco.maurizio.hr.desk.com.persistence.entity.CoursePage.statusOpen]
2023-11-24 12:36:44,608 TRACE o.h.m.i.AttributeFactory [AttributeFactory.java:410]     Determined type [name=boolean, class=org.hibernate.type.internal.NamedBasicTypeImpl]
2023-11-24 12:36:44,608 TRACE o.h.m.i.AttributeFactory [AttributeFactory.java:113] Building attribute [franco.maurizio.hr.desk.com.persistence.entity.CoursePage.title]
2023-11-24 12:36:44,608 TRACE o.h.m.i.AttributeFactory [AttributeFactory.java:403] Starting attribute metadata determination [title]
2023-11-24 12:36:44,608 TRACE o.h.m.i.AttributeFactory [AttributeFactory.java:406]     Determined member [protected java.lang.String franco.maurizio.hr.desk.com.persistence.entity.CoursePage.title]
2023-11-24 12:36:44,608 TRACE o.h.m.i.AttributeFactory [AttributeFactory.java:410]     Determined type [name=string, class=org.hibernate.type.internal.NamedBasicTypeImpl]
2023-11-24 12:36:44,609 TRACE o.h.m.m.d.AbstractIdentifiableType [AbstractIdentifiableType.java:406] Interpreting domain-model identifier descriptor
2023-11-24 12:36:44,609 TRACE o.h.m.i.MetadataContext [MetadataContext.java:340] Completed entity [franco.maurizio.hr.desk.com.persistence.entity.CoursePage]
2023-11-24 12:36:44,609 TRACE o.h.m.i.MetadataContext [MetadataContext.java:297] Starting entity [franco.maurizio.hr.desk.com.persistence.entity.Role]
2023-11-24 12:36:44,609 TRACE o.h.m.i.AttributeFactory [AttributeFactory.java:177] Building identifier attribute [franco.maurizio.hr.desk.com.persistence.entity.Role.id]
2023-11-24 12:36:44,609 TRACE o.h.m.i.AttributeFactory [AttributeFactory.java:403] Starting attribute metadata determination [id]
2023-11-24 12:36:44,609 TRACE o.h.m.i.AttributeFactory [AttributeFactory.java:406]     Determined member [private java.lang.Long franco.maurizio.hr.desk.com.persistence.entity.Role.id]
2023-11-24 12:36:44,610 TRACE o.h.m.i.AttributeFactory [AttributeFactory.java:410]     Determined type [name=long, class=org.hibernate.type.internal.NamedBasicTypeImpl]
2023-11-24 12:36:44,610 TRACE o.h.m.i.AttributeFactory [AttributeFactory.java:113] Building attribute [franco.maurizio.hr.desk.com.persistence.entity.Role.description]
2023-11-24 12:36:44,610 TRACE o.h.m.i.AttributeFactory [AttributeFactory.java:403] Starting attribute metadata determination [description]
2023-11-24 12:36:44,610 TRACE o.h.m.i.AttributeFactory [AttributeFactory.java:406]     Determined member [private java.lang.String franco.maurizio.hr.desk.com.persistence.entity.Role.description]
2023-11-24 12:36:44,610 TRACE o.h.m.i.AttributeFactory [AttributeFactory.java:410]     Determined type [name=string, class=org.hibernate.type.internal.NamedBasicTypeImpl]
2023-11-24 12:36:44,610 TRACE o.h.m.i.AttributeFactory [AttributeFactory.java:113] Building attribute [franco.maurizio.hr.desk.com.persistence.entity.Role.label]
2023-11-24 12:36:44,610 TRACE o.h.m.i.AttributeFactory [AttributeFactory.java:403] Starting attribute metadata determination [label]
2023-11-24 12:36:44,610 TRACE o.h.m.i.AttributeFactory [AttributeFactory.java:406]     Determined member [private java.lang.String franco.maurizio.hr.desk.com.persistence.entity.Role.label]
2023-11-24 12:36:44,610 TRACE o.h.m.i.AttributeFactory [AttributeFactory.java:410]     Determined type [name=string, class=org.hibernate.type.internal.NamedBasicTypeImpl]
2023-11-24 12:36:44,611 TRACE o.h.m.i.AttributeFactory [AttributeFactory.java:113] Building attribute [franco.maurizio.hr.desk.com.persistence.entity.Role.level]
2023-11-24 12:36:44,611 TRACE o.h.m.i.AttributeFactory [AttributeFactory.java:403] Starting attribute metadata determination [level]
2023-11-24 12:36:44,611 TRACE o.h.m.i.AttributeFactory [AttributeFactory.java:406]     Determined member [private int franco.maurizio.hr.desk.com.persistence.entity.Role.level]
2023-11-24 12:36:44,611 TRACE o.h.m.i.AttributeFactory [AttributeFactory.java:410]     Determined type [name=integer, class=org.hibernate.type.internal.NamedBasicTypeImpl]
2023-11-24 12:36:44,611 TRACE o.h.m.m.d.AbstractIdentifiableType [AbstractIdentifiableType.java:406] Interpreting domain-model identifier descriptor
2023-11-24 12:36:44,611 TRACE o.h.m.i.MetadataContext [MetadataContext.java:340] Completed entity [franco.maurizio.hr.desk.com.persistence.entity.Role]
2023-11-24 12:36:44,611 TRACE o.h.s.i.AbstractServiceRegistryImpl [AbstractServiceRegistryImpl.java:235] Initializing service [role=org.hibernate.engine.transaction.jta.platform.spi.JtaPlatform]
2023-11-24 12:36:44,612 INFO o.h.e.t.j.p.i.JtaPlatformInitiator [JtaPlatformInitiator.java:55] HHH000489: No JTA platform available (set 'hibernate.transaction.jta.platform' to enable JTA platform integration)
2023-11-24 12:36:44,612 DEBUG o.h.t.s.TypeConfiguration$Scope [TypeConfiguration.java:203] Scoping TypeConfiguration [org.hibernate.type.spi.TypeConfiguration@4403aec5] to SessionFactoryImplementor [org.hibernate.internal.SessionFactoryImpl@4f55d4d1]
2023-11-24 12:36:44,612 DEBUG o.h.q.n.NamedObjectRepository [NamedObjectRepositoryImpl.java:234] Checking 0 named HQL queries
2023-11-24 12:36:44,612 DEBUG o.h.q.n.NamedObjectRepository [NamedObjectRepositoryImpl.java:251] Checking 0 named SQL queries
2023-11-24 12:36:44,612 DEBUG o.h.t.s.s.SchemaManagementToolCoordinator [SchemaManagementToolCoordinator.java:760] No schema actions specified for contributor `orm`; doing nothing
2023-11-24 12:36:44,612 DEBUG o.h.t.s.s.SchemaManagementToolCoordinator [SchemaManagementToolCoordinator.java:72] No actions found; doing nothing
2023-11-24 12:36:44,612 DEBUG o.h.i.SessionFactoryRegistry [SessionFactoryRegistry.java:74] Registering SessionFactory: 149e695f-11bb-414c-9916-1c772b1922f2 (<unnamed>)
2023-11-24 12:36:44,613 DEBUG o.h.i.SessionFactoryRegistry [SessionFactoryRegistry.java:81] Not binding SessionFactory to JNDI, no JNDI name configured
2023-11-24 12:36:44,613 TRACE o.h.t.s.TypeConfiguration$Scope [TypeConfiguration.java:267] Handling #sessionFactoryCreated from [org.hibernate.internal.SessionFactoryImpl@4f55d4d1] for TypeConfiguration
2023-11-24 12:36:44,613 DEBUG o.h.i.SessionFactoryImpl [SessionFactoryImpl.java:312] Instantiated SessionFactory
2023-11-24 12:36:44,628 TRACE o.h.i.SessionFactoryImpl$SessionBuilderImpl [SessionFactoryImpl.java:1298] Opening Hibernate Session.  tenant=null
2023-11-24 12:36:44,629 TRACE o.h.s.i.AbstractServiceRegistryImpl [AbstractServiceRegistryImpl.java:235] Initializing service [role=org.hibernate.stat.spi.StatisticsImplementor]
2023-11-24 12:36:44,629 DEBUG o.h.s.i.StatisticsInitiator [StatisticsInitiator.java:88] Statistics initialized [enabled=false]
2023-11-24 12:36:44,629 TRACE o.h.i.SessionImpl [SessionImpl.java:262] Opened Session [0c20b4c8-546c-4467-ad64-16630b4d9e63] at timestamp: 1700825804629
2023-11-24 12:36:44,629 TRACE o.h.i.SessionImpl [SessionImpl.java:402] Closing session [0c20b4c8-546c-4467-ad64-16630b4d9e63]
2023-11-24 12:36:44,630 TRACE o.h.e.j.i.JdbcCoordinatorImpl [JdbcCoordinatorImpl.java:152] Closing JDBC container [org.hibernate.engine.jdbc.internal.JdbcCoordinatorImpl@734c50d8]
2023-11-24 12:36:44,630 TRACE o.h.r.j.i.ResourceRegistryStandardImpl [ResourceRegistryStandardImpl.java:329] Releasing JDBC resources
2023-11-24 12:36:44,630 TRACE o.h.r.j.i.LogicalConnectionManagedImpl [LogicalConnectionManagedImpl.java:256] Closing logical connection
2023-11-24 12:36:44,630 TRACE o.h.r.j.i.LogicalConnectionManagedImpl [LogicalConnectionManagedImpl.java:263] Logical connection closed
2023-11-24 12:36:44,636 TRACE o.h.i.SessionFactoryImpl$SessionBuilderImpl [SessionFactoryImpl.java:1298] Opening Hibernate Session.  tenant=null
2023-11-24 12:36:44,636 TRACE o.h.i.SessionImpl [SessionImpl.java:262] Opened Session [3f9b580d-1688-4331-87ec-ab42dd707473] at timestamp: 1700825804636
2023-11-24 12:36:44,636 TRACE o.h.i.SessionImpl [SessionImpl.java:402] Closing session [3f9b580d-1688-4331-87ec-ab42dd707473]
2023-11-24 12:36:44,636 TRACE o.h.e.j.i.JdbcCoordinatorImpl [JdbcCoordinatorImpl.java:152] Closing JDBC container [org.hibernate.engine.jdbc.internal.JdbcCoordinatorImpl@4138a32f]
2023-11-24 12:36:44,636 TRACE o.h.r.j.i.ResourceRegistryStandardImpl [ResourceRegistryStandardImpl.java:329] Releasing JDBC resources
2023-11-24 12:36:44,637 TRACE o.h.r.j.i.LogicalConnectionManagedImpl [LogicalConnectionManagedImpl.java:256] Closing logical connection
2023-11-24 12:36:44,637 TRACE o.h.r.j.i.LogicalConnectionManagedImpl [LogicalConnectionManagedImpl.java:263] Logical connection closed
2023-11-24 12:36:44,648 TRACE o.h.i.SessionFactoryImpl$SessionBuilderImpl [SessionFactoryImpl.java:1298] Opening Hibernate Session.  tenant=null
2023-11-24 12:36:44,648 TRACE o.h.i.SessionImpl [SessionImpl.java:262] Opened Session [611a13b0-e04a-424d-b808-6e1f85baa178] at timestamp: 1700825804648
2023-11-24 12:36:44,648 DEBUG o.h.r.t.b.j.i.JdbcResourceLocalTransactionCoordinatorImpl [JdbcResourceLocalTransactionCoordinatorImpl.java:310] JDBC transaction marked for rollback-only (exception provided for stack trace)
java.lang.Exception: exception just for purpose of providing stack trace
	at org.hibernate.resource.transaction.backend.jdbc.internal.JdbcResourceLocalTransactionCoordinatorImpl$TransactionDriverControlImpl.markRollbackOnly(JdbcResourceLocalTransactionCoordinatorImpl.java:310)
	at org.hibernate.internal.AbstractSharedSessionContract.buildNamedQuery(AbstractSharedSessionContract.java:1021)
	at org.hibernate.internal.AbstractSharedSessionContract.createNamedQuery(AbstractSharedSessionContract.java:899)
	at org.hibernate.internal.AbstractSharedSessionContract.createNamedQuery(AbstractSharedSessionContract.java:120)
	at jdk.internal.reflect.GeneratedMethodAccessor47.invoke(Unknown Source)
	at java.base/jdk.internal.reflect.DelegatingMethodAccessorImpl.invoke(DelegatingMethodAccessorImpl.java:43)
	at java.base/java.lang.reflect.Method.invoke(Method.java:568)
	at org.springframework.orm.jpa.ExtendedEntityManagerCreator$ExtendedEntityManagerInvocationHandler.invoke(ExtendedEntityManagerCreator.java:360)
	at jdk.proxy2/jdk.proxy2.$Proxy191.createNamedQuery(Unknown Source)
	at org.springframework.data.jpa.repository.query.NamedQuery.hasNamedQuery(NamedQuery.java:113)
	at org.springframework.data.jpa.repository.query.NamedQuery.lookupFrom(NamedQuery.java:141)
	at org.springframework.data.jpa.repository.query.JpaQueryLookupStrategy$DeclaredQueryLookupStrategy.resolveQuery(JpaQueryLookupStrategy.java:180)
	at org.springframework.data.jpa.repository.query.JpaQueryLookupStrategy$CreateIfNotFoundQueryLookupStrategy.resolveQuery(JpaQueryLookupStrategy.java:252)
	at org.springframework.data.jpa.repository.query.JpaQueryLookupStrategy$AbstractQueryLookupStrategy.resolveQuery(JpaQueryLookupStrategy.java:95)
	at org.springframework.data.repository.core.support.QueryExecutorMethodInterceptor.lookupQuery(QueryExecutorMethodInterceptor.java:111)
	at org.springframework.data.repository.core.support.QueryExecutorMethodInterceptor.mapMethodsToQuery(QueryExecutorMethodInterceptor.java:99)
	at org.springframework.data.repository.core.support.QueryExecutorMethodInterceptor.lambda$new$0(QueryExecutorMethodInterceptor.java:88)
	at java.base/java.util.Optional.map(Optional.java:260)
	at org.springframework.data.repository.core.support.QueryExecutorMethodInterceptor.<init>(QueryExecutorMethodInterceptor.java:88)
	at org.springframework.data.repository.core.support.RepositoryFactorySupport.getRepository(RepositoryFactorySupport.java:357)
	at org.springframework.data.repository.core.support.RepositoryFactoryBeanSupport.lambda$afterPropertiesSet$5(RepositoryFactoryBeanSupport.java:279)
	at org.springframework.data.util.Lazy.getNullable(Lazy.java:245)
	at org.springframework.data.util.Lazy.get(Lazy.java:114)
	at org.springframework.data.repository.core.support.RepositoryFactoryBeanSupport.afterPropertiesSet(RepositoryFactoryBeanSupport.java:285)
	at org.springframework.data.jpa.repository.support.JpaRepositoryFactoryBean.afterPropertiesSet(JpaRepositoryFactoryBean.java:132)
	at org.springframework.beans.factory.support.AbstractAutowireCapableBeanFactory.invokeInitMethods(AbstractAutowireCapableBeanFactory.java:1817)
	at org.springframework.beans.factory.support.AbstractAutowireCapableBeanFactory.initializeBean(AbstractAutowireCapableBeanFactory.java:1766)
	at org.springframework.beans.factory.support.AbstractAutowireCapableBeanFactory.doCreateBean(AbstractAutowireCapableBeanFactory.java:598)
	at org.springframework.beans.factory.support.AbstractAutowireCapableBeanFactory.createBean(AbstractAutowireCapableBeanFactory.java:520)
	at org.springframework.beans.factory.support.AbstractBeanFactory.lambda$doGetBean$0(AbstractBeanFactory.java:325)
	at org.springframework.beans.factory.support.DefaultSingletonBeanRegistry.getSingleton(DefaultSingletonBeanRegistry.java:234)
	at org.springframework.beans.factory.support.AbstractBeanFactory.doGetBean(AbstractBeanFactory.java:323)
	at org.springframework.beans.factory.support.AbstractBeanFactory.getBean(AbstractBeanFactory.java:199)
	at org.springframework.beans.factory.config.DependencyDescriptor.resolveCandidate(DependencyDescriptor.java:254)
	at org.springframework.beans.factory.support.DefaultListableBeanFactory.doResolveDependency(DefaultListableBeanFactory.java:1417)
	at org.springframework.beans.factory.support.DefaultListableBeanFactory.resolveDependency(DefaultListableBeanFactory.java:1337)
	at org.springframework.beans.factory.annotation.AutowiredAnnotationBeanPostProcessor$AutowiredFieldElement.resolveFieldValue(AutowiredAnnotationBeanPostProcessor.java:764)
	at org.springframework.beans.factory.annotation.AutowiredAnnotationBeanPostProcessor$AutowiredFieldElement.inject(AutowiredAnnotationBeanPostProcessor.java:747)
	at org.springframework.beans.factory.annotation.InjectionMetadata.inject(InjectionMetadata.java:145)
	at org.springframework.beans.factory.annotation.AutowiredAnnotationBeanPostProcessor.postProcessProperties(AutowiredAnnotationBeanPostProcessor.java:492)
	at org.springframework.beans.factory.support.AbstractAutowireCapableBeanFactory.populateBean(AbstractAutowireCapableBeanFactory.java:1416)
	at org.springframework.beans.factory.support.AbstractAutowireCapableBeanFactory.doCreateBean(AbstractAutowireCapableBeanFactory.java:597)
	at org.springframework.beans.factory.support.AbstractAutowireCapableBeanFactory.createBean(AbstractAutowireCapableBeanFactory.java:520)
	at org.springframework.beans.factory.support.AbstractBeanFactory.lambda$doGetBean$0(AbstractBeanFactory.java:325)
	at org.springframework.beans.factory.support.DefaultSingletonBeanRegistry.getSingleton(DefaultSingletonBeanRegistry.java:234)
	at org.springframework.beans.factory.support.AbstractBeanFactory.doGetBean(AbstractBeanFactory.java:323)
	at org.springframework.beans.factory.support.AbstractBeanFactory.getBean(AbstractBeanFactory.java:199)
	at org.springframework.beans.factory.config.DependencyDescriptor.resolveCandidate(DependencyDescriptor.java:254)
	at org.springframework.beans.factory.support.DefaultListableBeanFactory.doResolveDependency(DefaultListableBeanFactory.java:1417)
	at org.springframework.beans.factory.support.DefaultListableBeanFactory.resolveDependency(DefaultListableBeanFactory.java:1337)
	at org.springframework.beans.factory.annotation.AutowiredAnnotationBeanPostProcessor$AutowiredFieldElement.resolveFieldValue(AutowiredAnnotationBeanPostProcessor.java:764)
	at org.springframework.beans.factory.annotation.AutowiredAnnotationBeanPostProcessor$AutowiredFieldElement.inject(AutowiredAnnotationBeanPostProcessor.java:747)
	at org.springframework.beans.factory.annotation.InjectionMetadata.inject(InjectionMetadata.java:145)
	at org.springframework.beans.factory.annotation.AutowiredAnnotationBeanPostProcessor.postProcessProperties(AutowiredAnnotationBeanPostProcessor.java:492)
	at org.springframework.beans.factory.support.AbstractAutowireCapableBeanFactory.populateBean(AbstractAutowireCapableBeanFactory.java:1416)
	at org.springframework.beans.factory.support.AbstractAutowireCapableBeanFactory.doCreateBean(AbstractAutowireCapableBeanFactory.java:597)
	at org.springframework.beans.factory.support.AbstractAutowireCapableBeanFactory.createBean(AbstractAutowireCapableBeanFactory.java:520)
	at org.springframework.beans.factory.support.AbstractBeanFactory.lambda$doGetBean$0(AbstractBeanFactory.java:325)
	at org.springframework.beans.factory.support.DefaultSingletonBeanRegistry.getSingleton(DefaultSingletonBeanRegistry.java:234)
	at org.springframework.beans.factory.support.AbstractBeanFactory.doGetBean(AbstractBeanFactory.java:323)
	at org.springframework.beans.factory.support.AbstractBeanFactory.getBean(AbstractBeanFactory.java:199)
	at org.springframework.beans.factory.support.DefaultListableBeanFactory.preInstantiateSingletons(DefaultListableBeanFactory.java:973)
	at org.springframework.context.support.AbstractApplicationContext.finishBeanFactoryInitialization(AbstractApplicationContext.java:950)
	at org.springframework.context.support.AbstractApplicationContext.refresh(AbstractApplicationContext.java:616)
	at org.springframework.boot.web.servlet.context.ServletWebServerApplicationContext.refresh(ServletWebServerApplicationContext.java:146)
	at org.springframework.boot.SpringApplication.refresh(SpringApplication.java:738)
	at org.springframework.boot.SpringApplication.refreshContext(SpringApplication.java:440)
	at org.springframework.boot.SpringApplication.run(SpringApplication.java:316)
	at org.springframework.boot.test.context.SpringBootContextLoader.lambda$loadContext$3(SpringBootContextLoader.java:137)
	at org.springframework.util.function.ThrowingSupplier.get(ThrowingSupplier.java:58)
	at org.springframework.util.function.ThrowingSupplier.get(ThrowingSupplier.java:46)
	at org.springframework.boot.SpringApplication.withHook(SpringApplication.java:1406)
	at org.springframework.boot.test.context.SpringBootContextLoader$ContextLoaderHook.run(SpringBootContextLoader.java:545)
	at org.springframework.boot.test.context.SpringBootContextLoader.loadContext(SpringBootContextLoader.java:137)
	at org.springframework.boot.test.context.SpringBootContextLoader.loadContext(SpringBootContextLoader.java:108)
	at org.springframework.test.context.cache.DefaultCacheAwareContextLoaderDelegate.loadContextInternal(DefaultCacheAwareContextLoaderDelegate.java:187)
	at org.springframework.test.context.cache.DefaultCacheAwareContextLoaderDelegate.loadContext(DefaultCacheAwareContextLoaderDelegate.java:119)
	at org.springframework.test.context.support.DefaultTestContext.getApplicationContext(DefaultTestContext.java:127)
	at org.springframework.boot.test.mock.mockito.MockitoTestExecutionListener.postProcessFields(MockitoTestExecutionListener.java:110)
	at org.springframework.boot.test.mock.mockito.MockitoTestExecutionListener.injectFields(MockitoTestExecutionListener.java:94)
	at org.springframework.boot.test.mock.mockito.MockitoTestExecutionListener.prepareTestInstance(MockitoTestExecutionListener.java:61)
	at org.springframework.test.context.TestContextManager.prepareTestInstance(TestContextManager.java:241)
	at org.springframework.test.context.junit.jupiter.SpringExtension.postProcessTestInstance(SpringExtension.java:138)
	at org.junit.jupiter.engine.descriptor.ClassBasedTestDescriptor.lambda$invokeTestInstancePostProcessors$10(ClassBasedTestDescriptor.java:377)
	at org.junit.jupiter.engine.descriptor.ClassBasedTestDescriptor.executeAndMaskThrowable(ClassBasedTestDescriptor.java:382)
	at org.junit.jupiter.engine.descriptor.ClassBasedTestDescriptor.lambda$invokeTestInstancePostProcessors$11(ClassBasedTestDescriptor.java:377)
	at java.base/java.util.stream.ReferencePipeline$3$1.accept(ReferencePipeline.java:197)
	at java.base/java.util.stream.ReferencePipeline$2$1.accept(ReferencePipeline.java:179)
	at java.base/java.util.ArrayList$ArrayListSpliterator.forEachRemaining(ArrayList.java:1625)
	at java.base/java.util.stream.AbstractPipeline.copyInto(AbstractPipeline.java:509)
	at java.base/java.util.stream.AbstractPipeline.wrapAndCopyInto(AbstractPipeline.java:499)
	at java.base/java.util.stream.StreamSpliterators$WrappingSpliterator.forEachRemaining(StreamSpliterators.java:310)
	at java.base/java.util.stream.Streams$ConcatSpliterator.forEachRemaining(Streams.java:735)
	at java.base/java.util.stream.Streams$ConcatSpliterator.forEachRemaining(Streams.java:734)
	at java.base/java.util.stream.ReferencePipeline$Head.forEach(ReferencePipeline.java:762)
	at org.junit.jupiter.engine.descriptor.ClassBasedTestDescriptor.invokeTestInstancePostProcessors(ClassBasedTestDescriptor.java:376)
	at org.junit.jupiter.engine.descriptor.ClassBasedTestDescriptor.lambda$instantiateAndPostProcessTestInstance$6(ClassBasedTestDescriptor.java:289)
	at org.junit.platform.engine.support.hierarchical.ThrowableCollector.execute(ThrowableCollector.java:73)
	at org.junit.jupiter.engine.descriptor.ClassBasedTestDescriptor.instantiateAndPostProcessTestInstance(ClassBasedTestDescriptor.java:288)
	at org.junit.jupiter.engine.descriptor.ClassBasedTestDescriptor.lambda$testInstancesProvider$4(ClassBasedTestDescriptor.java:278)
	at java.base/java.util.Optional.orElseGet(Optional.java:364)
	at org.junit.jupiter.engine.descriptor.ClassBasedTestDescriptor.lambda$testInstancesProvider$5(ClassBasedTestDescriptor.java:277)
	at org.junit.jupiter.engine.execution.TestInstancesProvider.getTestInstances(TestInstancesProvider.java:31)
	at org.junit.jupiter.engine.descriptor.TestMethodTestDescriptor.lambda$prepare$0(TestMethodTestDescriptor.java:105)
	at org.junit.platform.engine.support.hierarchical.ThrowableCollector.execute(ThrowableCollector.java:73)
	at org.junit.jupiter.engine.descriptor.TestMethodTestDescriptor.prepare(TestMethodTestDescriptor.java:104)
	at org.junit.jupiter.engine.descriptor.TestMethodTestDescriptor.prepare(TestMethodTestDescriptor.java:68)
	at org.junit.platform.engine.support.hierarchical.NodeTestTask.lambda$prepare$2(NodeTestTask.java:123)
	at org.junit.platform.engine.support.hierarchical.ThrowableCollector.execute(ThrowableCollector.java:73)
	at org.junit.platform.engine.support.hierarchical.NodeTestTask.prepare(NodeTestTask.java:123)
	at org.junit.platform.engine.support.hierarchical.NodeTestTask.execute(NodeTestTask.java:90)
	at java.base/java.util.ArrayList.forEach(ArrayList.java:1511)
	at org.junit.platform.engine.support.hierarchical.SameThreadHierarchicalTestExecutorService.invokeAll(SameThreadHierarchicalTestExecutorService.java:41)
	at org.junit.platform.engine.support.hierarchical.NodeTestTask.lambda$executeRecursively$6(NodeTestTask.java:155)
	at org.junit.platform.engine.support.hierarchical.ThrowableCollector.execute(ThrowableCollector.java:73)
	at org.junit.platform.engine.support.hierarchical.NodeTestTask.lambda$executeRecursively$8(NodeTestTask.java:141)
	at org.junit.platform.engine.support.hierarchical.Node.around(Node.java:137)
	at org.junit.platform.engine.support.hierarchical.NodeTestTask.lambda$executeRecursively$9(NodeTestTask.java:139)
	at org.junit.platform.engine.support.hierarchical.ThrowableCollector.execute(ThrowableCollector.java:73)
	at org.junit.platform.engine.support.hierarchical.NodeTestTask.executeRecursively(NodeTestTask.java:138)
	at org.junit.platform.engine.support.hierarchical.NodeTestTask.execute(NodeTestTask.java:95)
	at java.base/java.util.ArrayList.forEach(ArrayList.java:1511)
	at org.junit.platform.engine.support.hierarchical.SameThreadHierarchicalTestExecutorService.invokeAll(SameThreadHierarchicalTestExecutorService.java:41)
	at org.junit.platform.engine.support.hierarchical.NodeTestTask.lambda$executeRecursively$6(NodeTestTask.java:155)
	at org.junit.platform.engine.support.hierarchical.ThrowableCollector.execute(ThrowableCollector.java:73)
	at org.junit.platform.engine.support.hierarchical.NodeTestTask.lambda$executeRecursively$8(NodeTestTask.java:141)
	at org.junit.platform.engine.support.hierarchical.Node.around(Node.java:137)
	at org.junit.platform.engine.support.hierarchical.NodeTestTask.lambda$executeRecursively$9(NodeTestTask.java:139)
	at org.junit.platform.engine.support.hierarchical.ThrowableCollector.execute(ThrowableCollector.java:73)
	at org.junit.platform.engine.support.hierarchical.NodeTestTask.executeRecursively(NodeTestTask.java:138)
	at org.junit.platform.engine.support.hierarchical.NodeTestTask.execute(NodeTestTask.java:95)
	at org.junit.platform.engine.support.hierarchical.SameThreadHierarchicalTestExecutorService.submit(SameThreadHierarchicalTestExecutorService.java:35)
	at org.junit.platform.engine.support.hierarchical.HierarchicalTestExecutor.execute(HierarchicalTestExecutor.java:57)
	at org.junit.platform.engine.support.hierarchical.HierarchicalTestEngine.execute(HierarchicalTestEngine.java:54)
	at org.junit.platform.launcher.core.EngineExecutionOrchestrator.execute(EngineExecutionOrchestrator.java:147)
	at org.junit.platform.launcher.core.EngineExecutionOrchestrator.execute(EngineExecutionOrchestrator.java:127)
	at org.junit.platform.launcher.core.EngineExecutionOrchestrator.execute(EngineExecutionOrchestrator.java:90)
	at org.junit.platform.launcher.core.EngineExecutionOrchestrator.lambda$execute$0(EngineExecutionOrchestrator.java:55)
	at org.junit.platform.launcher.core.EngineExecutionOrchestrator.withInterceptedStreams(EngineExecutionOrchestrator.java:102)
	at org.junit.platform.launcher.core.EngineExecutionOrchestrator.execute(EngineExecutionOrchestrator.java:54)
	at org.junit.platform.launcher.core.DefaultLauncher.execute(DefaultLauncher.java:114)
	at org.junit.platform.launcher.core.DefaultLauncher.execute(DefaultLauncher.java:86)
	at org.junit.platform.launcher.core.DefaultLauncherSession$DelegatingLauncher.execute(DefaultLauncherSession.java:86)
	at org.apache.maven.surefire.junitplatform.LazyLauncher.execute(LazyLauncher.java:50)
	at org.apache.maven.surefire.junitplatform.JUnitPlatformProvider.execute(JUnitPlatformProvider.java:184)
	at org.apache.maven.surefire.junitplatform.JUnitPlatformProvider.invokeAllTests(JUnitPlatformProvider.java:148)
	at org.apache.maven.surefire.junitplatform.JUnitPlatformProvider.invoke(JUnitPlatformProvider.java:122)
	at org.apache.maven.surefire.booter.ForkedBooter.runSuitesInProcess(ForkedBooter.java:385)
	at org.apache.maven.surefire.booter.ForkedBooter.execute(ForkedBooter.java:162)
	at org.apache.maven.surefire.booter.ForkedBooter.run(ForkedBooter.java:507)
	at org.apache.maven.surefire.booter.ForkedBooter.main(ForkedBooter.java:495)
2023-11-24 12:36:44,649 TRACE o.h.i.SessionImpl [SessionImpl.java:402] Closing session [611a13b0-e04a-424d-b808-6e1f85baa178]
2023-11-24 12:36:44,649 TRACE o.h.e.j.i.JdbcCoordinatorImpl [JdbcCoordinatorImpl.java:152] Closing JDBC container [org.hibernate.engine.jdbc.internal.JdbcCoordinatorImpl@4e1acf2e]
2023-11-24 12:36:44,649 TRACE o.h.r.j.i.ResourceRegistryStandardImpl [ResourceRegistryStandardImpl.java:329] Releasing JDBC resources
2023-11-24 12:36:44,650 TRACE o.h.r.j.i.LogicalConnectionManagedImpl [LogicalConnectionManagedImpl.java:256] Closing logical connection
2023-11-24 12:36:44,650 TRACE o.h.r.j.i.LogicalConnectionManagedImpl [LogicalConnectionManagedImpl.java:263] Logical connection closed
2023-11-24 12:36:44,650 TRACE o.h.i.SessionFactoryImpl$SessionBuilderImpl [SessionFactoryImpl.java:1298] Opening Hibernate Session.  tenant=null
2023-11-24 12:36:44,650 TRACE o.h.i.SessionImpl [SessionImpl.java:262] Opened Session [3382d6ec-2e31-449c-8287-53922aed0d51] at timestamp: 1700825804650
2023-11-24 12:36:44,650 TRACE o.h.i.SessionImpl [SessionImpl.java:402] Closing session [3382d6ec-2e31-449c-8287-53922aed0d51]
2023-11-24 12:36:44,650 TRACE o.h.e.j.i.JdbcCoordinatorImpl [JdbcCoordinatorImpl.java:152] Closing JDBC container [org.hibernate.engine.jdbc.internal.JdbcCoordinatorImpl@4a3f3c19]
2023-11-24 12:36:44,651 TRACE o.h.r.j.i.ResourceRegistryStandardImpl [ResourceRegistryStandardImpl.java:329] Releasing JDBC resources
2023-11-24 12:36:44,651 TRACE o.h.r.j.i.LogicalConnectionManagedImpl [LogicalConnectionManagedImpl.java:256] Closing logical connection
2023-11-24 12:36:44,651 TRACE o.h.r.j.i.LogicalConnectionManagedImpl [LogicalConnectionManagedImpl.java:263] Logical connection closed
2023-11-24 12:36:44,653 TRACE o.h.i.SessionFactoryImpl$SessionBuilderImpl [SessionFactoryImpl.java:1298] Opening Hibernate Session.  tenant=null
2023-11-24 12:36:44,653 TRACE o.h.i.SessionImpl [SessionImpl.java:262] Opened Session [63ab898b-867c-4e59-86fc-ec7d6032ab72] at timestamp: 1700825804653
2023-11-24 12:36:44,654 DEBUG o.h.r.t.b.j.i.JdbcResourceLocalTransactionCoordinatorImpl [JdbcResourceLocalTransactionCoordinatorImpl.java:310] JDBC transaction marked for rollback-only (exception provided for stack trace)
java.lang.Exception: exception just for purpose of providing stack trace
	at org.hibernate.resource.transaction.backend.jdbc.internal.JdbcResourceLocalTransactionCoordinatorImpl$TransactionDriverControlImpl.markRollbackOnly(JdbcResourceLocalTransactionCoordinatorImpl.java:310)
	at org.hibernate.internal.AbstractSharedSessionContract.buildNamedQuery(AbstractSharedSessionContract.java:1021)
	at org.hibernate.internal.AbstractSharedSessionContract.createNamedQuery(AbstractSharedSessionContract.java:899)
	at org.hibernate.internal.AbstractSharedSessionContract.createNamedQuery(AbstractSharedSessionContract.java:120)
	at jdk.internal.reflect.GeneratedMethodAccessor47.invoke(Unknown Source)
	at java.base/jdk.internal.reflect.DelegatingMethodAccessorImpl.invoke(DelegatingMethodAccessorImpl.java:43)
	at java.base/java.lang.reflect.Method.invoke(Method.java:568)
	at org.springframework.orm.jpa.ExtendedEntityManagerCreator$ExtendedEntityManagerInvocationHandler.invoke(ExtendedEntityManagerCreator.java:360)
	at jdk.proxy2/jdk.proxy2.$Proxy191.createNamedQuery(Unknown Source)
	at org.springframework.data.jpa.repository.query.NamedQuery.hasNamedQuery(NamedQuery.java:113)
	at org.springframework.data.jpa.repository.query.JpaQueryLookupStrategy$DeclaredQueryLookupStrategy.getCountQuery(JpaQueryLookupStrategy.java:204)
	at org.springframework.data.jpa.repository.query.JpaQueryLookupStrategy$DeclaredQueryLookupStrategy.resolveQuery(JpaQueryLookupStrategy.java:171)
	at org.springframework.data.jpa.repository.query.JpaQueryLookupStrategy$CreateIfNotFoundQueryLookupStrategy.resolveQuery(JpaQueryLookupStrategy.java:252)
	at org.springframework.data.jpa.repository.query.JpaQueryLookupStrategy$AbstractQueryLookupStrategy.resolveQuery(JpaQueryLookupStrategy.java:95)
	at org.springframework.data.repository.core.support.QueryExecutorMethodInterceptor.lookupQuery(QueryExecutorMethodInterceptor.java:111)
	at org.springframework.data.repository.core.support.QueryExecutorMethodInterceptor.mapMethodsToQuery(QueryExecutorMethodInterceptor.java:99)
	at org.springframework.data.repository.core.support.QueryExecutorMethodInterceptor.lambda$new$0(QueryExecutorMethodInterceptor.java:88)
	at java.base/java.util.Optional.map(Optional.java:260)
	at org.springframework.data.repository.core.support.QueryExecutorMethodInterceptor.<init>(QueryExecutorMethodInterceptor.java:88)
	at org.springframework.data.repository.core.support.RepositoryFactorySupport.getRepository(RepositoryFactorySupport.java:357)
	at org.springframework.data.repository.core.support.RepositoryFactoryBeanSupport.lambda$afterPropertiesSet$5(RepositoryFactoryBeanSupport.java:279)
	at org.springframework.data.util.Lazy.getNullable(Lazy.java:245)
	at org.springframework.data.util.Lazy.get(Lazy.java:114)
	at org.springframework.data.repository.core.support.RepositoryFactoryBeanSupport.afterPropertiesSet(RepositoryFactoryBeanSupport.java:285)
	at org.springframework.data.jpa.repository.support.JpaRepositoryFactoryBean.afterPropertiesSet(JpaRepositoryFactoryBean.java:132)
	at org.springframework.beans.factory.support.AbstractAutowireCapableBeanFactory.invokeInitMethods(AbstractAutowireCapableBeanFactory.java:1817)
	at org.springframework.beans.factory.support.AbstractAutowireCapableBeanFactory.initializeBean(AbstractAutowireCapableBeanFactory.java:1766)
	at org.springframework.beans.factory.support.AbstractAutowireCapableBeanFactory.doCreateBean(AbstractAutowireCapableBeanFactory.java:598)
	at org.springframework.beans.factory.support.AbstractAutowireCapableBeanFactory.createBean(AbstractAutowireCapableBeanFactory.java:520)
	at org.springframework.beans.factory.support.AbstractBeanFactory.lambda$doGetBean$0(AbstractBeanFactory.java:325)
	at org.springframework.beans.factory.support.DefaultSingletonBeanRegistry.getSingleton(DefaultSingletonBeanRegistry.java:234)
	at org.springframework.beans.factory.support.AbstractBeanFactory.doGetBean(AbstractBeanFactory.java:323)
	at org.springframework.beans.factory.support.AbstractBeanFactory.getBean(AbstractBeanFactory.java:199)
	at org.springframework.beans.factory.config.DependencyDescriptor.resolveCandidate(DependencyDescriptor.java:254)
	at org.springframework.beans.factory.support.DefaultListableBeanFactory.doResolveDependency(DefaultListableBeanFactory.java:1417)
	at org.springframework.beans.factory.support.DefaultListableBeanFactory.resolveDependency(DefaultListableBeanFactory.java:1337)
	at org.springframework.beans.factory.annotation.AutowiredAnnotationBeanPostProcessor$AutowiredFieldElement.resolveFieldValue(AutowiredAnnotationBeanPostProcessor.java:764)
	at org.springframework.beans.factory.annotation.AutowiredAnnotationBeanPostProcessor$AutowiredFieldElement.inject(AutowiredAnnotationBeanPostProcessor.java:747)
	at org.springframework.beans.factory.annotation.InjectionMetadata.inject(InjectionMetadata.java:145)
	at org.springframework.beans.factory.annotation.AutowiredAnnotationBeanPostProcessor.postProcessProperties(AutowiredAnnotationBeanPostProcessor.java:492)
	at org.springframework.beans.factory.support.AbstractAutowireCapableBeanFactory.populateBean(AbstractAutowireCapableBeanFactory.java:1416)
	at org.springframework.beans.factory.support.AbstractAutowireCapableBeanFactory.doCreateBean(AbstractAutowireCapableBeanFactory.java:597)
	at org.springframework.beans.factory.support.AbstractAutowireCapableBeanFactory.createBean(AbstractAutowireCapableBeanFactory.java:520)
	at org.springframework.beans.factory.support.AbstractBeanFactory.lambda$doGetBean$0(AbstractBeanFactory.java:325)
	at org.springframework.beans.factory.support.DefaultSingletonBeanRegistry.getSingleton(DefaultSingletonBeanRegistry.java:234)
	at org.springframework.beans.factory.support.AbstractBeanFactory.doGetBean(AbstractBeanFactory.java:323)
	at org.springframework.beans.factory.support.AbstractBeanFactory.getBean(AbstractBeanFactory.java:199)
	at org.springframework.beans.factory.config.DependencyDescriptor.resolveCandidate(DependencyDescriptor.java:254)
	at org.springframework.beans.factory.support.DefaultListableBeanFactory.doResolveDependency(DefaultListableBeanFactory.java:1417)
	at org.springframework.beans.factory.support.DefaultListableBeanFactory.resolveDependency(DefaultListableBeanFactory.java:1337)
	at org.springframework.beans.factory.annotation.AutowiredAnnotationBeanPostProcessor$AutowiredFieldElement.resolveFieldValue(AutowiredAnnotationBeanPostProcessor.java:764)
	at org.springframework.beans.factory.annotation.AutowiredAnnotationBeanPostProcessor$AutowiredFieldElement.inject(AutowiredAnnotationBeanPostProcessor.java:747)
	at org.springframework.beans.factory.annotation.InjectionMetadata.inject(InjectionMetadata.java:145)
	at org.springframework.beans.factory.annotation.AutowiredAnnotationBeanPostProcessor.postProcessProperties(AutowiredAnnotationBeanPostProcessor.java:492)
	at org.springframework.beans.factory.support.AbstractAutowireCapableBeanFactory.populateBean(AbstractAutowireCapableBeanFactory.java:1416)
	at org.springframework.beans.factory.support.AbstractAutowireCapableBeanFactory.doCreateBean(AbstractAutowireCapableBeanFactory.java:597)
	at org.springframework.beans.factory.support.AbstractAutowireCapableBeanFactory.createBean(AbstractAutowireCapableBeanFactory.java:520)
	at org.springframework.beans.factory.support.AbstractBeanFactory.lambda$doGetBean$0(AbstractBeanFactory.java:325)
	at org.springframework.beans.factory.support.DefaultSingletonBeanRegistry.getSingleton(DefaultSingletonBeanRegistry.java:234)
	at org.springframework.beans.factory.support.AbstractBeanFactory.doGetBean(AbstractBeanFactory.java:323)
	at org.springframework.beans.factory.support.AbstractBeanFactory.getBean(AbstractBeanFactory.java:199)
	at org.springframework.beans.factory.support.DefaultListableBeanFactory.preInstantiateSingletons(DefaultListableBeanFactory.java:973)
	at org.springframework.context.support.AbstractApplicationContext.finishBeanFactoryInitialization(AbstractApplicationContext.java:950)
	at org.springframework.context.support.AbstractApplicationContext.refresh(AbstractApplicationContext.java:616)
	at org.springframework.boot.web.servlet.context.ServletWebServerApplicationContext.refresh(ServletWebServerApplicationContext.java:146)
	at org.springframework.boot.SpringApplication.refresh(SpringApplication.java:738)
	at org.springframework.boot.SpringApplication.refreshContext(SpringApplication.java:440)
	at org.springframework.boot.SpringApplication.run(SpringApplication.java:316)
	at org.springframework.boot.test.context.SpringBootContextLoader.lambda$loadContext$3(SpringBootContextLoader.java:137)
	at org.springframework.util.function.ThrowingSupplier.get(ThrowingSupplier.java:58)
	at org.springframework.util.function.ThrowingSupplier.get(ThrowingSupplier.java:46)
	at org.springframework.boot.SpringApplication.withHook(SpringApplication.java:1406)
	at org.springframework.boot.test.context.SpringBootContextLoader$ContextLoaderHook.run(SpringBootContextLoader.java:545)
	at org.springframework.boot.test.context.SpringBootContextLoader.loadContext(SpringBootContextLoader.java:137)
	at org.springframework.boot.test.context.SpringBootContextLoader.loadContext(SpringBootContextLoader.java:108)
	at org.springframework.test.context.cache.DefaultCacheAwareContextLoaderDelegate.loadContextInternal(DefaultCacheAwareContextLoaderDelegate.java:187)
	at org.springframework.test.context.cache.DefaultCacheAwareContextLoaderDelegate.loadContext(DefaultCacheAwareContextLoaderDelegate.java:119)
	at org.springframework.test.context.support.DefaultTestContext.getApplicationContext(DefaultTestContext.java:127)
	at org.springframework.boot.test.mock.mockito.MockitoTestExecutionListener.postProcessFields(MockitoTestExecutionListener.java:110)
	at org.springframework.boot.test.mock.mockito.MockitoTestExecutionListener.injectFields(MockitoTestExecutionListener.java:94)
	at org.springframework.boot.test.mock.mockito.MockitoTestExecutionListener.prepareTestInstance(MockitoTestExecutionListener.java:61)
	at org.springframework.test.context.TestContextManager.prepareTestInstance(TestContextManager.java:241)
	at org.springframework.test.context.junit.jupiter.SpringExtension.postProcessTestInstance(SpringExtension.java:138)
	at org.junit.jupiter.engine.descriptor.ClassBasedTestDescriptor.lambda$invokeTestInstancePostProcessors$10(ClassBasedTestDescriptor.java:377)
	at org.junit.jupiter.engine.descriptor.ClassBasedTestDescriptor.executeAndMaskThrowable(ClassBasedTestDescriptor.java:382)
	at org.junit.jupiter.engine.descriptor.ClassBasedTestDescriptor.lambda$invokeTestInstancePostProcessors$11(ClassBasedTestDescriptor.java:377)
	at java.base/java.util.stream.ReferencePipeline$3$1.accept(ReferencePipeline.java:197)
	at java.base/java.util.stream.ReferencePipeline$2$1.accept(ReferencePipeline.java:179)
	at java.base/java.util.ArrayList$ArrayListSpliterator.forEachRemaining(ArrayList.java:1625)
	at java.base/java.util.stream.AbstractPipeline.copyInto(AbstractPipeline.java:509)
	at java.base/java.util.stream.AbstractPipeline.wrapAndCopyInto(AbstractPipeline.java:499)
	at java.base/java.util.stream.StreamSpliterators$WrappingSpliterator.forEachRemaining(StreamSpliterators.java:310)
	at java.base/java.util.stream.Streams$ConcatSpliterator.forEachRemaining(Streams.java:735)
	at java.base/java.util.stream.Streams$ConcatSpliterator.forEachRemaining(Streams.java:734)
	at java.base/java.util.stream.ReferencePipeline$Head.forEach(ReferencePipeline.java:762)
	at org.junit.jupiter.engine.descriptor.ClassBasedTestDescriptor.invokeTestInstancePostProcessors(ClassBasedTestDescriptor.java:376)
	at org.junit.jupiter.engine.descriptor.ClassBasedTestDescriptor.lambda$instantiateAndPostProcessTestInstance$6(ClassBasedTestDescriptor.java:289)
	at org.junit.platform.engine.support.hierarchical.ThrowableCollector.execute(ThrowableCollector.java:73)
	at org.junit.jupiter.engine.descriptor.ClassBasedTestDescriptor.instantiateAndPostProcessTestInstance(ClassBasedTestDescriptor.java:288)
	at org.junit.jupiter.engine.descriptor.ClassBasedTestDescriptor.lambda$testInstancesProvider$4(ClassBasedTestDescriptor.java:278)
	at java.base/java.util.Optional.orElseGet(Optional.java:364)
	at org.junit.jupiter.engine.descriptor.ClassBasedTestDescriptor.lambda$testInstancesProvider$5(ClassBasedTestDescriptor.java:277)
	at org.junit.jupiter.engine.execution.TestInstancesProvider.getTestInstances(TestInstancesProvider.java:31)
	at org.junit.jupiter.engine.descriptor.TestMethodTestDescriptor.lambda$prepare$0(TestMethodTestDescriptor.java:105)
	at org.junit.platform.engine.support.hierarchical.ThrowableCollector.execute(ThrowableCollector.java:73)
	at org.junit.jupiter.engine.descriptor.TestMethodTestDescriptor.prepare(TestMethodTestDescriptor.java:104)
	at org.junit.jupiter.engine.descriptor.TestMethodTestDescriptor.prepare(TestMethodTestDescriptor.java:68)
	at org.junit.platform.engine.support.hierarchical.NodeTestTask.lambda$prepare$2(NodeTestTask.java:123)
	at org.junit.platform.engine.support.hierarchical.ThrowableCollector.execute(ThrowableCollector.java:73)
	at org.junit.platform.engine.support.hierarchical.NodeTestTask.prepare(NodeTestTask.java:123)
	at org.junit.platform.engine.support.hierarchical.NodeTestTask.execute(NodeTestTask.java:90)
	at java.base/java.util.ArrayList.forEach(ArrayList.java:1511)
	at org.junit.platform.engine.support.hierarchical.SameThreadHierarchicalTestExecutorService.invokeAll(SameThreadHierarchicalTestExecutorService.java:41)
	at org.junit.platform.engine.support.hierarchical.NodeTestTask.lambda$executeRecursively$6(NodeTestTask.java:155)
	at org.junit.platform.engine.support.hierarchical.ThrowableCollector.execute(ThrowableCollector.java:73)
	at org.junit.platform.engine.support.hierarchical.NodeTestTask.lambda$executeRecursively$8(NodeTestTask.java:141)
	at org.junit.platform.engine.support.hierarchical.Node.around(Node.java:137)
	at org.junit.platform.engine.support.hierarchical.NodeTestTask.lambda$executeRecursively$9(NodeTestTask.java:139)
	at org.junit.platform.engine.support.hierarchical.ThrowableCollector.execute(ThrowableCollector.java:73)
	at org.junit.platform.engine.support.hierarchical.NodeTestTask.executeRecursively(NodeTestTask.java:138)
	at org.junit.platform.engine.support.hierarchical.NodeTestTask.execute(NodeTestTask.java:95)
	at java.base/java.util.ArrayList.forEach(ArrayList.java:1511)
	at org.junit.platform.engine.support.hierarchical.SameThreadHierarchicalTestExecutorService.invokeAll(SameThreadHierarchicalTestExecutorService.java:41)
	at org.junit.platform.engine.support.hierarchical.NodeTestTask.lambda$executeRecursively$6(NodeTestTask.java:155)
	at org.junit.platform.engine.support.hierarchical.ThrowableCollector.execute(ThrowableCollector.java:73)
	at org.junit.platform.engine.support.hierarchical.NodeTestTask.lambda$executeRecursively$8(NodeTestTask.java:141)
	at org.junit.platform.engine.support.hierarchical.Node.around(Node.java:137)
	at org.junit.platform.engine.support.hierarchical.NodeTestTask.lambda$executeRecursively$9(NodeTestTask.java:139)
	at org.junit.platform.engine.support.hierarchical.ThrowableCollector.execute(ThrowableCollector.java:73)
	at org.junit.platform.engine.support.hierarchical.NodeTestTask.executeRecursively(NodeTestTask.java:138)
	at org.junit.platform.engine.support.hierarchical.NodeTestTask.execute(NodeTestTask.java:95)
	at org.junit.platform.engine.support.hierarchical.SameThreadHierarchicalTestExecutorService.submit(SameThreadHierarchicalTestExecutorService.java:35)
	at org.junit.platform.engine.support.hierarchical.HierarchicalTestExecutor.execute(HierarchicalTestExecutor.java:57)
	at org.junit.platform.engine.support.hierarchical.HierarchicalTestEngine.execute(HierarchicalTestEngine.java:54)
	at org.junit.platform.launcher.core.EngineExecutionOrchestrator.execute(EngineExecutionOrchestrator.java:147)
	at org.junit.platform.launcher.core.EngineExecutionOrchestrator.execute(EngineExecutionOrchestrator.java:127)
	at org.junit.platform.launcher.core.EngineExecutionOrchestrator.execute(EngineExecutionOrchestrator.java:90)
	at org.junit.platform.launcher.core.EngineExecutionOrchestrator.lambda$execute$0(EngineExecutionOrchestrator.java:55)
	at org.junit.platform.launcher.core.EngineExecutionOrchestrator.withInterceptedStreams(EngineExecutionOrchestrator.java:102)
	at org.junit.platform.launcher.core.EngineExecutionOrchestrator.execute(EngineExecutionOrchestrator.java:54)
	at org.junit.platform.launcher.core.DefaultLauncher.execute(DefaultLauncher.java:114)
	at org.junit.platform.launcher.core.DefaultLauncher.execute(DefaultLauncher.java:86)
	at org.junit.platform.launcher.core.DefaultLauncherSession$DelegatingLauncher.execute(DefaultLauncherSession.java:86)
	at org.apache.maven.surefire.junitplatform.LazyLauncher.execute(LazyLauncher.java:50)
	at org.apache.maven.surefire.junitplatform.JUnitPlatformProvider.execute(JUnitPlatformProvider.java:184)
	at org.apache.maven.surefire.junitplatform.JUnitPlatformProvider.invokeAllTests(JUnitPlatformProvider.java:148)
	at org.apache.maven.surefire.junitplatform.JUnitPlatformProvider.invoke(JUnitPlatformProvider.java:122)
	at org.apache.maven.surefire.booter.ForkedBooter.runSuitesInProcess(ForkedBooter.java:385)
	at org.apache.maven.surefire.booter.ForkedBooter.execute(ForkedBooter.java:162)
	at org.apache.maven.surefire.booter.ForkedBooter.run(ForkedBooter.java:507)
	at org.apache.maven.surefire.booter.ForkedBooter.main(ForkedBooter.java:495)
2023-11-24 12:36:44,655 TRACE o.h.i.SessionImpl [SessionImpl.java:402] Closing session [63ab898b-867c-4e59-86fc-ec7d6032ab72]
2023-11-24 12:36:44,655 TRACE o.h.e.j.i.JdbcCoordinatorImpl [JdbcCoordinatorImpl.java:152] Closing JDBC container [org.hibernate.engine.jdbc.internal.JdbcCoordinatorImpl@56cefc46]
2023-11-24 12:36:44,655 TRACE o.h.r.j.i.ResourceRegistryStandardImpl [ResourceRegistryStandardImpl.java:329] Releasing JDBC resources
2023-11-24 12:36:44,656 TRACE o.h.r.j.i.LogicalConnectionManagedImpl [LogicalConnectionManagedImpl.java:256] Closing logical connection
2023-11-24 12:36:44,656 TRACE o.h.r.j.i.LogicalConnectionManagedImpl [LogicalConnectionManagedImpl.java:263] Logical connection closed
2023-11-24 12:36:44,656 TRACE o.h.i.SessionFactoryImpl$SessionBuilderImpl [SessionFactoryImpl.java:1298] Opening Hibernate Session.  tenant=null
2023-11-24 12:36:44,657 TRACE o.h.i.SessionImpl [SessionImpl.java:262] Opened Session [f8919f91-0a6d-42e2-89bd-7368ffaaff85] at timestamp: 1700825804657
2023-11-24 12:36:44,657 TRACE o.h.i.SessionImpl [SessionImpl.java:402] Closing session [f8919f91-0a6d-42e2-89bd-7368ffaaff85]
2023-11-24 12:36:44,657 TRACE o.h.e.j.i.JdbcCoordinatorImpl [JdbcCoordinatorImpl.java:152] Closing JDBC container [org.hibernate.engine.jdbc.internal.JdbcCoordinatorImpl@4e352a0e]
2023-11-24 12:36:44,657 TRACE o.h.r.j.i.ResourceRegistryStandardImpl [ResourceRegistryStandardImpl.java:329] Releasing JDBC resources
2023-11-24 12:36:44,658 TRACE o.h.r.j.i.LogicalConnectionManagedImpl [LogicalConnectionManagedImpl.java:256] Closing logical connection
2023-11-24 12:36:44,658 TRACE o.h.r.j.i.LogicalConnectionManagedImpl [LogicalConnectionManagedImpl.java:263] Logical connection closed
2023-11-24 12:36:44,659 TRACE o.h.i.SessionFactoryImpl$SessionBuilderImpl [SessionFactoryImpl.java:1298] Opening Hibernate Session.  tenant=null
2023-11-24 12:36:44,659 TRACE o.h.i.SessionImpl [SessionImpl.java:262] Opened Session [9f3297da-f5ee-4136-9658-af2a9a4e5229] at timestamp: 1700825804659
2023-11-24 12:36:44,660 TRACE o.h.o.q.p.cache [QueryInterpretationCacheStandardImpl.java:121] QueryPlan#resolveHqlInterpretation( `UPDATE User SET enabled = :enabled WHERE id = :id` )
2023-11-24 12:36:44,660 DEBUG o.h.o.q.hql [StandardHqlTranslator.java:75] HQL : UPDATE User SET enabled = :enabled WHERE id = :id
2023-11-24 12:36:44,660 DEBUG o.h.o.q.h.reservedWordAsIdentifier [HqlParseTreeBuilder.java:43] Encountered use of reserved word as identifier : =
2023-11-24 12:36:44,661 DEBUG o.h.o.q.h.reservedWordAsIdentifier [HqlParseTreeBuilder.java:43] Encountered use of reserved word as identifier : <EOF>
2023-11-24 12:36:44,661 TRACE o.h.o.q.s.creation [SqmPathRegistryImpl.java:59] SqmProcessingIndex#register(SqmPath) : franco.maurizio.hr.desk.com.persistence.entity.User(961688625055686)
2023-11-24 12:36:44,661 TRACE o.h.o.q.hql [BasicDotIdentifierConsumer.java:83] BasicDotIdentifierHandler#consumeIdentifier( enabled, true, true ) - enabled
2023-11-24 12:36:44,661 TRACE o.h.o.q.hql [BasicDotIdentifierConsumer.java:118] BaseLocalSequencePart#consumeIdentifier( enabled, true, true ) - enabled
2023-11-24 12:36:44,662 DEBUG o.h.o.q.hql [SqmPathRegistryImpl.java:209] Unable to resolve unqualified attribute [enabled] in local from-clause
2023-11-24 12:36:44,662 DEBUG o.h.o.q.s.creation [AbstractSqmExpression.java:57] Applying inferable type to SqmExpression [SqmNamedParameter(enabled)] : null -> BasicSqmPathSource(enabled : Boolean)
2023-11-24 12:36:44,662 TRACE o.h.o.q.hql [BasicDotIdentifierConsumer.java:83] BasicDotIdentifierHandler#consumeIdentifier( id, true, true ) - id
2023-11-24 12:36:44,662 TRACE o.h.o.q.hql [BasicDotIdentifierConsumer.java:118] BaseLocalSequencePart#consumeIdentifier( id, true, true ) - id
2023-11-24 12:36:44,662 DEBUG o.h.o.q.hql [SqmPathRegistryImpl.java:209] Unable to resolve unqualified attribute [id] in local from-clause
2023-11-24 12:36:44,663 DEBUG o.h.o.q.s.creation [AbstractSqmExpression.java:57] Applying inferable type to SqmExpression [SqmNamedParameter(id)] : null -> BasicSqmPathSource(id : Long)
2023-11-24 12:36:44,663 DEBUG o.h.o.q.s.ast [SqmTreePrinter.java:168] SqmStatement Tree :
    -> [update]
      [target = franco.maurizio.hr.desk.com.persistence.entity.User(961688625055686)]
      -> [set]
        -> [assignment]
          =
            [franco.maurizio.hr.desk.com.persistence.entity.User(961688625055686).enabled]
            :enabled
        <- [assignment]
      <- [set]
      -> [where]
        -> [EQUAL]
            -> [basic-path] - `franco.maurizio.hr.desk.com.persistence.entity.User(961688625055686).id`
            :id
        <- [EQUAL]
      <- [where]
    <- [update]

2023-11-24 12:36:44,663 TRACE o.h.i.SessionImpl [SessionImpl.java:402] Closing session [9f3297da-f5ee-4136-9658-af2a9a4e5229]
2023-11-24 12:36:44,663 TRACE o.h.e.j.i.JdbcCoordinatorImpl [JdbcCoordinatorImpl.java:152] Closing JDBC container [org.hibernate.engine.jdbc.internal.JdbcCoordinatorImpl@494cb8bf]
2023-11-24 12:36:44,663 TRACE o.h.r.j.i.ResourceRegistryStandardImpl [ResourceRegistryStandardImpl.java:329] Releasing JDBC resources
2023-11-24 12:36:44,664 TRACE o.h.r.j.i.LogicalConnectionManagedImpl [LogicalConnectionManagedImpl.java:256] Closing logical connection
2023-11-24 12:36:44,664 TRACE o.h.r.j.i.LogicalConnectionManagedImpl [LogicalConnectionManagedImpl.java:263] Logical connection closed
2023-11-24 12:36:44,664 TRACE o.h.i.SessionFactoryImpl$SessionBuilderImpl [SessionFactoryImpl.java:1298] Opening Hibernate Session.  tenant=null
2023-11-24 12:36:44,665 TRACE o.h.i.SessionImpl [SessionImpl.java:262] Opened Session [b109369e-0d33-4ff1-8f3b-ed55cd4cce98] at timestamp: 1700825804665
2023-11-24 12:36:44,665 DEBUG o.h.r.t.b.j.i.JdbcResourceLocalTransactionCoordinatorImpl [JdbcResourceLocalTransactionCoordinatorImpl.java:310] JDBC transaction marked for rollback-only (exception provided for stack trace)
java.lang.Exception: exception just for purpose of providing stack trace
	at org.hibernate.resource.transaction.backend.jdbc.internal.JdbcResourceLocalTransactionCoordinatorImpl$TransactionDriverControlImpl.markRollbackOnly(JdbcResourceLocalTransactionCoordinatorImpl.java:310)
	at org.hibernate.internal.AbstractSharedSessionContract.buildNamedQuery(AbstractSharedSessionContract.java:1021)
	at org.hibernate.internal.AbstractSharedSessionContract.createNamedQuery(AbstractSharedSessionContract.java:899)
	at org.hibernate.internal.AbstractSharedSessionContract.createNamedQuery(AbstractSharedSessionContract.java:120)
	at jdk.internal.reflect.GeneratedMethodAccessor47.invoke(Unknown Source)
	at java.base/jdk.internal.reflect.DelegatingMethodAccessorImpl.invoke(DelegatingMethodAccessorImpl.java:43)
	at java.base/java.lang.reflect.Method.invoke(Method.java:568)
	at org.springframework.orm.jpa.ExtendedEntityManagerCreator$ExtendedEntityManagerInvocationHandler.invoke(ExtendedEntityManagerCreator.java:360)
	at jdk.proxy2/jdk.proxy2.$Proxy191.createNamedQuery(Unknown Source)
	at org.springframework.data.jpa.repository.query.NamedQuery.hasNamedQuery(NamedQuery.java:113)
	at org.springframework.data.jpa.repository.query.NamedQuery.lookupFrom(NamedQuery.java:141)
	at org.springframework.data.jpa.repository.query.JpaQueryLookupStrategy$DeclaredQueryLookupStrategy.resolveQuery(JpaQueryLookupStrategy.java:180)
	at org.springframework.data.jpa.repository.query.JpaQueryLookupStrategy$CreateIfNotFoundQueryLookupStrategy.resolveQuery(JpaQueryLookupStrategy.java:252)
	at org.springframework.data.jpa.repository.query.JpaQueryLookupStrategy$AbstractQueryLookupStrategy.resolveQuery(JpaQueryLookupStrategy.java:95)
	at org.springframework.data.repository.core.support.QueryExecutorMethodInterceptor.lookupQuery(QueryExecutorMethodInterceptor.java:111)
	at org.springframework.data.repository.core.support.QueryExecutorMethodInterceptor.mapMethodsToQuery(QueryExecutorMethodInterceptor.java:99)
	at org.springframework.data.repository.core.support.QueryExecutorMethodInterceptor.lambda$new$0(QueryExecutorMethodInterceptor.java:88)
	at java.base/java.util.Optional.map(Optional.java:260)
	at org.springframework.data.repository.core.support.QueryExecutorMethodInterceptor.<init>(QueryExecutorMethodInterceptor.java:88)
	at org.springframework.data.repository.core.support.RepositoryFactorySupport.getRepository(RepositoryFactorySupport.java:357)
	at org.springframework.data.repository.core.support.RepositoryFactoryBeanSupport.lambda$afterPropertiesSet$5(RepositoryFactoryBeanSupport.java:279)
	at org.springframework.data.util.Lazy.getNullable(Lazy.java:245)
	at org.springframework.data.util.Lazy.get(Lazy.java:114)
	at org.springframework.data.repository.core.support.RepositoryFactoryBeanSupport.afterPropertiesSet(RepositoryFactoryBeanSupport.java:285)
	at org.springframework.data.jpa.repository.support.JpaRepositoryFactoryBean.afterPropertiesSet(JpaRepositoryFactoryBean.java:132)
	at org.springframework.beans.factory.support.AbstractAutowireCapableBeanFactory.invokeInitMethods(AbstractAutowireCapableBeanFactory.java:1817)
	at org.springframework.beans.factory.support.AbstractAutowireCapableBeanFactory.initializeBean(AbstractAutowireCapableBeanFactory.java:1766)
	at org.springframework.beans.factory.support.AbstractAutowireCapableBeanFactory.doCreateBean(AbstractAutowireCapableBeanFactory.java:598)
	at org.springframework.beans.factory.support.AbstractAutowireCapableBeanFactory.createBean(AbstractAutowireCapableBeanFactory.java:520)
	at org.springframework.beans.factory.support.AbstractBeanFactory.lambda$doGetBean$0(AbstractBeanFactory.java:325)
	at org.springframework.beans.factory.support.DefaultSingletonBeanRegistry.getSingleton(DefaultSingletonBeanRegistry.java:234)
	at org.springframework.beans.factory.support.AbstractBeanFactory.doGetBean(AbstractBeanFactory.java:323)
	at org.springframework.beans.factory.support.AbstractBeanFactory.getBean(AbstractBeanFactory.java:199)
	at org.springframework.beans.factory.config.DependencyDescriptor.resolveCandidate(DependencyDescriptor.java:254)
	at org.springframework.beans.factory.support.DefaultListableBeanFactory.doResolveDependency(DefaultListableBeanFactory.java:1417)
	at org.springframework.beans.factory.support.DefaultListableBeanFactory.resolveDependency(DefaultListableBeanFactory.java:1337)
	at org.springframework.beans.factory.annotation.AutowiredAnnotationBeanPostProcessor$AutowiredFieldElement.resolveFieldValue(AutowiredAnnotationBeanPostProcessor.java:764)
	at org.springframework.beans.factory.annotation.AutowiredAnnotationBeanPostProcessor$AutowiredFieldElement.inject(AutowiredAnnotationBeanPostProcessor.java:747)
	at org.springframework.beans.factory.annotation.InjectionMetadata.inject(InjectionMetadata.java:145)
	at org.springframework.beans.factory.annotation.AutowiredAnnotationBeanPostProcessor.postProcessProperties(AutowiredAnnotationBeanPostProcessor.java:492)
	at org.springframework.beans.factory.support.AbstractAutowireCapableBeanFactory.populateBean(AbstractAutowireCapableBeanFactory.java:1416)
	at org.springframework.beans.factory.support.AbstractAutowireCapableBeanFactory.doCreateBean(AbstractAutowireCapableBeanFactory.java:597)
	at org.springframework.beans.factory.support.AbstractAutowireCapableBeanFactory.createBean(AbstractAutowireCapableBeanFactory.java:520)
	at org.springframework.beans.factory.support.AbstractBeanFactory.lambda$doGetBean$0(AbstractBeanFactory.java:325)
	at org.springframework.beans.factory.support.DefaultSingletonBeanRegistry.getSingleton(DefaultSingletonBeanRegistry.java:234)
	at org.springframework.beans.factory.support.AbstractBeanFactory.doGetBean(AbstractBeanFactory.java:323)
	at org.springframework.beans.factory.support.AbstractBeanFactory.getBean(AbstractBeanFactory.java:199)
	at org.springframework.beans.factory.config.DependencyDescriptor.resolveCandidate(DependencyDescriptor.java:254)
	at org.springframework.beans.factory.support.DefaultListableBeanFactory.doResolveDependency(DefaultListableBeanFactory.java:1417)
	at org.springframework.beans.factory.support.DefaultListableBeanFactory.resolveDependency(DefaultListableBeanFactory.java:1337)
	at org.springframework.beans.factory.annotation.AutowiredAnnotationBeanPostProcessor$AutowiredFieldElement.resolveFieldValue(AutowiredAnnotationBeanPostProcessor.java:764)
	at org.springframework.beans.factory.annotation.AutowiredAnnotationBeanPostProcessor$AutowiredFieldElement.inject(AutowiredAnnotationBeanPostProcessor.java:747)
	at org.springframework.beans.factory.annotation.InjectionMetadata.inject(InjectionMetadata.java:145)
	at org.springframework.beans.factory.annotation.AutowiredAnnotationBeanPostProcessor.postProcessProperties(AutowiredAnnotationBeanPostProcessor.java:492)
	at org.springframework.beans.factory.support.AbstractAutowireCapableBeanFactory.populateBean(AbstractAutowireCapableBeanFactory.java:1416)
	at org.springframework.beans.factory.support.AbstractAutowireCapableBeanFactory.doCreateBean(AbstractAutowireCapableBeanFactory.java:597)
	at org.springframework.beans.factory.support.AbstractAutowireCapableBeanFactory.createBean(AbstractAutowireCapableBeanFactory.java:520)
	at org.springframework.beans.factory.support.AbstractBeanFactory.lambda$doGetBean$0(AbstractBeanFactory.java:325)
	at org.springframework.beans.factory.support.DefaultSingletonBeanRegistry.getSingleton(DefaultSingletonBeanRegistry.java:234)
	at org.springframework.beans.factory.support.AbstractBeanFactory.doGetBean(AbstractBeanFactory.java:323)
	at org.springframework.beans.factory.support.AbstractBeanFactory.getBean(AbstractBeanFactory.java:199)
	at org.springframework.beans.factory.support.DefaultListableBeanFactory.preInstantiateSingletons(DefaultListableBeanFactory.java:973)
	at org.springframework.context.support.AbstractApplicationContext.finishBeanFactoryInitialization(AbstractApplicationContext.java:950)
	at org.springframework.context.support.AbstractApplicationContext.refresh(AbstractApplicationContext.java:616)
	at org.springframework.boot.web.servlet.context.ServletWebServerApplicationContext.refresh(ServletWebServerApplicationContext.java:146)
	at org.springframework.boot.SpringApplication.refresh(SpringApplication.java:738)
	at org.springframework.boot.SpringApplication.refreshContext(SpringApplication.java:440)
	at org.springframework.boot.SpringApplication.run(SpringApplication.java:316)
	at org.springframework.boot.test.context.SpringBootContextLoader.lambda$loadContext$3(SpringBootContextLoader.java:137)
	at org.springframework.util.function.ThrowingSupplier.get(ThrowingSupplier.java:58)
	at org.springframework.util.function.ThrowingSupplier.get(ThrowingSupplier.java:46)
	at org.springframework.boot.SpringApplication.withHook(SpringApplication.java:1406)
	at org.springframework.boot.test.context.SpringBootContextLoader$ContextLoaderHook.run(SpringBootContextLoader.java:545)
	at org.springframework.boot.test.context.SpringBootContextLoader.loadContext(SpringBootContextLoader.java:137)
	at org.springframework.boot.test.context.SpringBootContextLoader.loadContext(SpringBootContextLoader.java:108)
	at org.springframework.test.context.cache.DefaultCacheAwareContextLoaderDelegate.loadContextInternal(DefaultCacheAwareContextLoaderDelegate.java:187)
	at org.springframework.test.context.cache.DefaultCacheAwareContextLoaderDelegate.loadContext(DefaultCacheAwareContextLoaderDelegate.java:119)
	at org.springframework.test.context.support.DefaultTestContext.getApplicationContext(DefaultTestContext.java:127)
	at org.springframework.boot.test.mock.mockito.MockitoTestExecutionListener.postProcessFields(MockitoTestExecutionListener.java:110)
	at org.springframework.boot.test.mock.mockito.MockitoTestExecutionListener.injectFields(MockitoTestExecutionListener.java:94)
	at org.springframework.boot.test.mock.mockito.MockitoTestExecutionListener.prepareTestInstance(MockitoTestExecutionListener.java:61)
	at org.springframework.test.context.TestContextManager.prepareTestInstance(TestContextManager.java:241)
	at org.springframework.test.context.junit.jupiter.SpringExtension.postProcessTestInstance(SpringExtension.java:138)
	at org.junit.jupiter.engine.descriptor.ClassBasedTestDescriptor.lambda$invokeTestInstancePostProcessors$10(ClassBasedTestDescriptor.java:377)
	at org.junit.jupiter.engine.descriptor.ClassBasedTestDescriptor.executeAndMaskThrowable(ClassBasedTestDescriptor.java:382)
	at org.junit.jupiter.engine.descriptor.ClassBasedTestDescriptor.lambda$invokeTestInstancePostProcessors$11(ClassBasedTestDescriptor.java:377)
	at java.base/java.util.stream.ReferencePipeline$3$1.accept(ReferencePipeline.java:197)
	at java.base/java.util.stream.ReferencePipeline$2$1.accept(ReferencePipeline.java:179)
	at java.base/java.util.ArrayList$ArrayListSpliterator.forEachRemaining(ArrayList.java:1625)
	at java.base/java.util.stream.AbstractPipeline.copyInto(AbstractPipeline.java:509)
	at java.base/java.util.stream.AbstractPipeline.wrapAndCopyInto(AbstractPipeline.java:499)
	at java.base/java.util.stream.StreamSpliterators$WrappingSpliterator.forEachRemaining(StreamSpliterators.java:310)
	at java.base/java.util.stream.Streams$ConcatSpliterator.forEachRemaining(Streams.java:735)
	at java.base/java.util.stream.Streams$ConcatSpliterator.forEachRemaining(Streams.java:734)
	at java.base/java.util.stream.ReferencePipeline$Head.forEach(ReferencePipeline.java:762)
	at org.junit.jupiter.engine.descriptor.ClassBasedTestDescriptor.invokeTestInstancePostProcessors(ClassBasedTestDescriptor.java:376)
	at org.junit.jupiter.engine.descriptor.ClassBasedTestDescriptor.lambda$instantiateAndPostProcessTestInstance$6(ClassBasedTestDescriptor.java:289)
	at org.junit.platform.engine.support.hierarchical.ThrowableCollector.execute(ThrowableCollector.java:73)
	at org.junit.jupiter.engine.descriptor.ClassBasedTestDescriptor.instantiateAndPostProcessTestInstance(ClassBasedTestDescriptor.java:288)
	at org.junit.jupiter.engine.descriptor.ClassBasedTestDescriptor.lambda$testInstancesProvider$4(ClassBasedTestDescriptor.java:278)
	at java.base/java.util.Optional.orElseGet(Optional.java:364)
	at org.junit.jupiter.engine.descriptor.ClassBasedTestDescriptor.lambda$testInstancesProvider$5(ClassBasedTestDescriptor.java:277)
	at org.junit.jupiter.engine.execution.TestInstancesProvider.getTestInstances(TestInstancesProvider.java:31)
	at org.junit.jupiter.engine.descriptor.TestMethodTestDescriptor.lambda$prepare$0(TestMethodTestDescriptor.java:105)
	at org.junit.platform.engine.support.hierarchical.ThrowableCollector.execute(ThrowableCollector.java:73)
	at org.junit.jupiter.engine.descriptor.TestMethodTestDescriptor.prepare(TestMethodTestDescriptor.java:104)
	at org.junit.jupiter.engine.descriptor.TestMethodTestDescriptor.prepare(TestMethodTestDescriptor.java:68)
	at org.junit.platform.engine.support.hierarchical.NodeTestTask.lambda$prepare$2(NodeTestTask.java:123)
	at org.junit.platform.engine.support.hierarchical.ThrowableCollector.execute(ThrowableCollector.java:73)
	at org.junit.platform.engine.support.hierarchical.NodeTestTask.prepare(NodeTestTask.java:123)
	at org.junit.platform.engine.support.hierarchical.NodeTestTask.execute(NodeTestTask.java:90)
	at java.base/java.util.ArrayList.forEach(ArrayList.java:1511)
	at org.junit.platform.engine.support.hierarchical.SameThreadHierarchicalTestExecutorService.invokeAll(SameThreadHierarchicalTestExecutorService.java:41)
	at org.junit.platform.engine.support.hierarchical.NodeTestTask.lambda$executeRecursively$6(NodeTestTask.java:155)
	at org.junit.platform.engine.support.hierarchical.ThrowableCollector.execute(ThrowableCollector.java:73)
	at org.junit.platform.engine.support.hierarchical.NodeTestTask.lambda$executeRecursively$8(NodeTestTask.java:141)
	at org.junit.platform.engine.support.hierarchical.Node.around(Node.java:137)
	at org.junit.platform.engine.support.hierarchical.NodeTestTask.lambda$executeRecursively$9(NodeTestTask.java:139)
	at org.junit.platform.engine.support.hierarchical.ThrowableCollector.execute(ThrowableCollector.java:73)
	at org.junit.platform.engine.support.hierarchical.NodeTestTask.executeRecursively(NodeTestTask.java:138)
	at org.junit.platform.engine.support.hierarchical.NodeTestTask.execute(NodeTestTask.java:95)
	at java.base/java.util.ArrayList.forEach(ArrayList.java:1511)
	at org.junit.platform.engine.support.hierarchical.SameThreadHierarchicalTestExecutorService.invokeAll(SameThreadHierarchicalTestExecutorService.java:41)
	at org.junit.platform.engine.support.hierarchical.NodeTestTask.lambda$executeRecursively$6(NodeTestTask.java:155)
	at org.junit.platform.engine.support.hierarchical.ThrowableCollector.execute(ThrowableCollector.java:73)
	at org.junit.platform.engine.support.hierarchical.NodeTestTask.lambda$executeRecursively$8(NodeTestTask.java:141)
	at org.junit.platform.engine.support.hierarchical.Node.around(Node.java:137)
	at org.junit.platform.engine.support.hierarchical.NodeTestTask.lambda$executeRecursively$9(NodeTestTask.java:139)
	at org.junit.platform.engine.support.hierarchical.ThrowableCollector.execute(ThrowableCollector.java:73)
	at org.junit.platform.engine.support.hierarchical.NodeTestTask.executeRecursively(NodeTestTask.java:138)
	at org.junit.platform.engine.support.hierarchical.NodeTestTask.execute(NodeTestTask.java:95)
	at org.junit.platform.engine.support.hierarchical.SameThreadHierarchicalTestExecutorService.submit(SameThreadHierarchicalTestExecutorService.java:35)
	at org.junit.platform.engine.support.hierarchical.HierarchicalTestExecutor.execute(HierarchicalTestExecutor.java:57)
	at org.junit.platform.engine.support.hierarchical.HierarchicalTestEngine.execute(HierarchicalTestEngine.java:54)
	at org.junit.platform.launcher.core.EngineExecutionOrchestrator.execute(EngineExecutionOrchestrator.java:147)
	at org.junit.platform.launcher.core.EngineExecutionOrchestrator.execute(EngineExecutionOrchestrator.java:127)
	at org.junit.platform.launcher.core.EngineExecutionOrchestrator.execute(EngineExecutionOrchestrator.java:90)
	at org.junit.platform.launcher.core.EngineExecutionOrchestrator.lambda$execute$0(EngineExecutionOrchestrator.java:55)
	at org.junit.platform.launcher.core.EngineExecutionOrchestrator.withInterceptedStreams(EngineExecutionOrchestrator.java:102)
	at org.junit.platform.launcher.core.EngineExecutionOrchestrator.execute(EngineExecutionOrchestrator.java:54)
	at org.junit.platform.launcher.core.DefaultLauncher.execute(DefaultLauncher.java:114)
	at org.junit.platform.launcher.core.DefaultLauncher.execute(DefaultLauncher.java:86)
	at org.junit.platform.launcher.core.DefaultLauncherSession$DelegatingLauncher.execute(DefaultLauncherSession.java:86)
	at org.apache.maven.surefire.junitplatform.LazyLauncher.execute(LazyLauncher.java:50)
	at org.apache.maven.surefire.junitplatform.JUnitPlatformProvider.execute(JUnitPlatformProvider.java:184)
	at org.apache.maven.surefire.junitplatform.JUnitPlatformProvider.invokeAllTests(JUnitPlatformProvider.java:148)
	at org.apache.maven.surefire.junitplatform.JUnitPlatformProvider.invoke(JUnitPlatformProvider.java:122)
	at org.apache.maven.surefire.booter.ForkedBooter.runSuitesInProcess(ForkedBooter.java:385)
	at org.apache.maven.surefire.booter.ForkedBooter.execute(ForkedBooter.java:162)
	at org.apache.maven.surefire.booter.ForkedBooter.run(ForkedBooter.java:507)
	at org.apache.maven.surefire.booter.ForkedBooter.main(ForkedBooter.java:495)
2023-11-24 12:36:44,667 TRACE o.h.i.SessionImpl [SessionImpl.java:402] Closing session [b109369e-0d33-4ff1-8f3b-ed55cd4cce98]
2023-11-24 12:36:44,667 TRACE o.h.e.j.i.JdbcCoordinatorImpl [JdbcCoordinatorImpl.java:152] Closing JDBC container [org.hibernate.engine.jdbc.internal.JdbcCoordinatorImpl@7b1dd37]
2023-11-24 12:36:44,667 TRACE o.h.r.j.i.ResourceRegistryStandardImpl [ResourceRegistryStandardImpl.java:329] Releasing JDBC resources
2023-11-24 12:36:44,668 TRACE o.h.r.j.i.LogicalConnectionManagedImpl [LogicalConnectionManagedImpl.java:256] Closing logical connection
2023-11-24 12:36:44,668 TRACE o.h.r.j.i.LogicalConnectionManagedImpl [LogicalConnectionManagedImpl.java:263] Logical connection closed
2023-11-24 12:36:44,668 TRACE o.h.i.SessionFactoryImpl$SessionBuilderImpl [SessionFactoryImpl.java:1298] Opening Hibernate Session.  tenant=null
2023-11-24 12:36:44,669 TRACE o.h.i.SessionImpl [SessionImpl.java:262] Opened Session [1efd00c9-0888-4ec6-844f-25b5025b966d] at timestamp: 1700825804669
2023-11-24 12:36:44,669 TRACE o.h.i.SessionImpl [SessionImpl.java:402] Closing session [1efd00c9-0888-4ec6-844f-25b5025b966d]
2023-11-24 12:36:44,670 TRACE o.h.e.j.i.JdbcCoordinatorImpl [JdbcCoordinatorImpl.java:152] Closing JDBC container [org.hibernate.engine.jdbc.internal.JdbcCoordinatorImpl@735dfad8]
2023-11-24 12:36:44,670 TRACE o.h.r.j.i.ResourceRegistryStandardImpl [ResourceRegistryStandardImpl.java:329] Releasing JDBC resources
2023-11-24 12:36:44,670 TRACE o.h.r.j.i.LogicalConnectionManagedImpl [LogicalConnectionManagedImpl.java:256] Closing logical connection
2023-11-24 12:36:44,670 TRACE o.h.r.j.i.LogicalConnectionManagedImpl [LogicalConnectionManagedImpl.java:263] Logical connection closed
2023-11-24 12:36:44,679 INFO f.m.h.d.c.ApplicationSecurityConfig [ApplicationSecurityConfig.java:147] SpringSecurityConfiguration_Database.configureGlobal - START
2023-11-24 12:36:44,686 TRACE o.h.i.SessionFactoryImpl$SessionBuilderImpl [SessionFactoryImpl.java:1298] Opening Hibernate Session.  tenant=null
2023-11-24 12:36:44,686 TRACE o.h.i.SessionImpl [SessionImpl.java:262] Opened Session [6ac9ae34-44df-4b08-b17e-01398f508a7b] at timestamp: 1700825804686
2023-11-24 12:36:44,686 TRACE o.h.i.SessionImpl [SessionImpl.java:402] Closing session [6ac9ae34-44df-4b08-b17e-01398f508a7b]
2023-11-24 12:36:44,686 TRACE o.h.e.j.i.JdbcCoordinatorImpl [JdbcCoordinatorImpl.java:152] Closing JDBC container [org.hibernate.engine.jdbc.internal.JdbcCoordinatorImpl@bf77582]
2023-11-24 12:36:44,686 TRACE o.h.r.j.i.ResourceRegistryStandardImpl [ResourceRegistryStandardImpl.java:329] Releasing JDBC resources
2023-11-24 12:36:44,686 TRACE o.h.r.j.i.LogicalConnectionManagedImpl [LogicalConnectionManagedImpl.java:256] Closing logical connection
2023-11-24 12:36:44,687 TRACE o.h.r.j.i.LogicalConnectionManagedImpl [LogicalConnectionManagedImpl.java:263] Logical connection closed
2023-11-24 12:36:44,693 TRACE o.h.i.SessionFactoryImpl$SessionBuilderImpl [SessionFactoryImpl.java:1298] Opening Hibernate Session.  tenant=null
2023-11-24 12:36:44,694 TRACE o.h.i.SessionImpl [SessionImpl.java:262] Opened Session [49eaf266-5700-4277-a1f9-78d1494d2332] at timestamp: 1700825804694
2023-11-24 12:36:44,694 TRACE o.h.i.SessionImpl [SessionImpl.java:402] Closing session [49eaf266-5700-4277-a1f9-78d1494d2332]
2023-11-24 12:36:44,694 TRACE o.h.e.j.i.JdbcCoordinatorImpl [JdbcCoordinatorImpl.java:152] Closing JDBC container [org.hibernate.engine.jdbc.internal.JdbcCoordinatorImpl@6e4bb9f4]
2023-11-24 12:36:44,694 TRACE o.h.r.j.i.ResourceRegistryStandardImpl [ResourceRegistryStandardImpl.java:329] Releasing JDBC resources
2023-11-24 12:36:44,694 TRACE o.h.r.j.i.LogicalConnectionManagedImpl [LogicalConnectionManagedImpl.java:256] Closing logical connection
2023-11-24 12:36:44,694 TRACE o.h.r.j.i.LogicalConnectionManagedImpl [LogicalConnectionManagedImpl.java:263] Logical connection closed
2023-11-24 12:36:44,725 TRACE o.h.i.SessionFactoryImpl$SessionBuilderImpl [SessionFactoryImpl.java:1298] Opening Hibernate Session.  tenant=null
2023-11-24 12:36:44,726 TRACE o.h.i.SessionImpl [SessionImpl.java:262] Opened Session [39eb881c-2f79-4576-852a-8f50f0fec24e] at timestamp: 1700825804726
2023-11-24 12:36:44,726 DEBUG o.h.r.t.b.j.i.JdbcResourceLocalTransactionCoordinatorImpl [JdbcResourceLocalTransactionCoordinatorImpl.java:310] JDBC transaction marked for rollback-only (exception provided for stack trace)
java.lang.Exception: exception just for purpose of providing stack trace
	at org.hibernate.resource.transaction.backend.jdbc.internal.JdbcResourceLocalTransactionCoordinatorImpl$TransactionDriverControlImpl.markRollbackOnly(JdbcResourceLocalTransactionCoordinatorImpl.java:310)
	at org.hibernate.internal.AbstractSharedSessionContract.buildNamedQuery(AbstractSharedSessionContract.java:1021)
	at org.hibernate.internal.AbstractSharedSessionContract.createNamedQuery(AbstractSharedSessionContract.java:899)
	at org.hibernate.internal.AbstractSharedSessionContract.createNamedQuery(AbstractSharedSessionContract.java:120)
	at jdk.internal.reflect.GeneratedMethodAccessor47.invoke(Unknown Source)
	at java.base/jdk.internal.reflect.DelegatingMethodAccessorImpl.invoke(DelegatingMethodAccessorImpl.java:43)
	at java.base/java.lang.reflect.Method.invoke(Method.java:568)
	at org.springframework.orm.jpa.ExtendedEntityManagerCreator$ExtendedEntityManagerInvocationHandler.invoke(ExtendedEntityManagerCreator.java:360)
	at jdk.proxy2/jdk.proxy2.$Proxy191.createNamedQuery(Unknown Source)
	at org.springframework.data.jpa.repository.query.NamedQuery.hasNamedQuery(NamedQuery.java:113)
	at org.springframework.data.jpa.repository.query.JpaQueryLookupStrategy$DeclaredQueryLookupStrategy.getCountQuery(JpaQueryLookupStrategy.java:204)
	at org.springframework.data.jpa.repository.query.JpaQueryLookupStrategy$DeclaredQueryLookupStrategy.resolveQuery(JpaQueryLookupStrategy.java:171)
	at org.springframework.data.jpa.repository.query.JpaQueryLookupStrategy$CreateIfNotFoundQueryLookupStrategy.resolveQuery(JpaQueryLookupStrategy.java:252)
	at org.springframework.data.jpa.repository.query.JpaQueryLookupStrategy$AbstractQueryLookupStrategy.resolveQuery(JpaQueryLookupStrategy.java:95)
	at org.springframework.data.repository.core.support.QueryExecutorMethodInterceptor.lookupQuery(QueryExecutorMethodInterceptor.java:111)
	at org.springframework.data.repository.core.support.QueryExecutorMethodInterceptor.mapMethodsToQuery(QueryExecutorMethodInterceptor.java:99)
	at org.springframework.data.repository.core.support.QueryExecutorMethodInterceptor.lambda$new$0(QueryExecutorMethodInterceptor.java:88)
	at java.base/java.util.Optional.map(Optional.java:260)
	at org.springframework.data.repository.core.support.QueryExecutorMethodInterceptor.<init>(QueryExecutorMethodInterceptor.java:88)
	at org.springframework.data.repository.core.support.RepositoryFactorySupport.getRepository(RepositoryFactorySupport.java:357)
	at org.springframework.data.repository.core.support.RepositoryFactoryBeanSupport.lambda$afterPropertiesSet$5(RepositoryFactoryBeanSupport.java:279)
	at org.springframework.data.util.Lazy.getNullable(Lazy.java:245)
	at org.springframework.data.util.Lazy.get(Lazy.java:114)
	at org.springframework.data.repository.core.support.RepositoryFactoryBeanSupport.afterPropertiesSet(RepositoryFactoryBeanSupport.java:285)
	at org.springframework.data.jpa.repository.support.JpaRepositoryFactoryBean.afterPropertiesSet(JpaRepositoryFactoryBean.java:132)
	at org.springframework.beans.factory.support.AbstractAutowireCapableBeanFactory.invokeInitMethods(AbstractAutowireCapableBeanFactory.java:1817)
	at org.springframework.beans.factory.support.AbstractAutowireCapableBeanFactory.initializeBean(AbstractAutowireCapableBeanFactory.java:1766)
	at org.springframework.beans.factory.support.AbstractAutowireCapableBeanFactory.doCreateBean(AbstractAutowireCapableBeanFactory.java:598)
	at org.springframework.beans.factory.support.AbstractAutowireCapableBeanFactory.createBean(AbstractAutowireCapableBeanFactory.java:520)
	at org.springframework.beans.factory.support.AbstractBeanFactory.lambda$doGetBean$0(AbstractBeanFactory.java:325)
	at org.springframework.beans.factory.support.DefaultSingletonBeanRegistry.getSingleton(DefaultSingletonBeanRegistry.java:234)
	at org.springframework.beans.factory.support.AbstractBeanFactory.doGetBean(AbstractBeanFactory.java:323)
	at org.springframework.beans.factory.support.AbstractBeanFactory.getBean(AbstractBeanFactory.java:199)
	at org.springframework.beans.factory.config.DependencyDescriptor.resolveCandidate(DependencyDescriptor.java:254)
	at org.springframework.beans.factory.support.DefaultListableBeanFactory.doResolveDependency(DefaultListableBeanFactory.java:1417)
	at org.springframework.beans.factory.support.DefaultListableBeanFactory.resolveDependency(DefaultListableBeanFactory.java:1337)
	at org.springframework.beans.factory.annotation.AutowiredAnnotationBeanPostProcessor$AutowiredFieldElement.resolveFieldValue(AutowiredAnnotationBeanPostProcessor.java:764)
	at org.springframework.beans.factory.annotation.AutowiredAnnotationBeanPostProcessor$AutowiredFieldElement.inject(AutowiredAnnotationBeanPostProcessor.java:747)
	at org.springframework.beans.factory.annotation.InjectionMetadata.inject(InjectionMetadata.java:145)
	at org.springframework.beans.factory.annotation.AutowiredAnnotationBeanPostProcessor.postProcessProperties(AutowiredAnnotationBeanPostProcessor.java:492)
	at org.springframework.beans.factory.support.AbstractAutowireCapableBeanFactory.populateBean(AbstractAutowireCapableBeanFactory.java:1416)
	at org.springframework.beans.factory.support.AbstractAutowireCapableBeanFactory.doCreateBean(AbstractAutowireCapableBeanFactory.java:597)
	at org.springframework.beans.factory.support.AbstractAutowireCapableBeanFactory.createBean(AbstractAutowireCapableBeanFactory.java:520)
	at org.springframework.beans.factory.support.AbstractBeanFactory.lambda$doGetBean$0(AbstractBeanFactory.java:325)
	at org.springframework.beans.factory.support.DefaultSingletonBeanRegistry.getSingleton(DefaultSingletonBeanRegistry.java:234)
	at org.springframework.beans.factory.support.AbstractBeanFactory.doGetBean(AbstractBeanFactory.java:323)
	at org.springframework.beans.factory.support.AbstractBeanFactory.getBean(AbstractBeanFactory.java:199)
	at org.springframework.beans.factory.config.DependencyDescriptor.resolveCandidate(DependencyDescriptor.java:254)
	at org.springframework.beans.factory.support.DefaultListableBeanFactory.doResolveDependency(DefaultListableBeanFactory.java:1417)
	at org.springframework.beans.factory.support.DefaultListableBeanFactory.resolveDependency(DefaultListableBeanFactory.java:1337)
	at org.springframework.beans.factory.annotation.AutowiredAnnotationBeanPostProcessor$AutowiredFieldElement.resolveFieldValue(AutowiredAnnotationBeanPostProcessor.java:764)
	at org.springframework.beans.factory.annotation.AutowiredAnnotationBeanPostProcessor$AutowiredFieldElement.inject(AutowiredAnnotationBeanPostProcessor.java:747)
	at org.springframework.beans.factory.annotation.InjectionMetadata.inject(InjectionMetadata.java:145)
	at org.springframework.beans.factory.annotation.AutowiredAnnotationBeanPostProcessor.postProcessProperties(AutowiredAnnotationBeanPostProcessor.java:492)
	at org.springframework.beans.factory.support.AbstractAutowireCapableBeanFactory.populateBean(AbstractAutowireCapableBeanFactory.java:1416)
	at org.springframework.beans.factory.support.AbstractAutowireCapableBeanFactory.doCreateBean(AbstractAutowireCapableBeanFactory.java:597)
	at org.springframework.beans.factory.support.AbstractAutowireCapableBeanFactory.createBean(AbstractAutowireCapableBeanFactory.java:520)
	at org.springframework.beans.factory.support.AbstractBeanFactory.lambda$doGetBean$0(AbstractBeanFactory.java:325)
	at org.springframework.beans.factory.support.DefaultSingletonBeanRegistry.getSingleton(DefaultSingletonBeanRegistry.java:234)
	at org.springframework.beans.factory.support.AbstractBeanFactory.doGetBean(AbstractBeanFactory.java:323)
	at org.springframework.beans.factory.support.AbstractBeanFactory.getBean(AbstractBeanFactory.java:199)
	at org.springframework.beans.factory.support.DefaultListableBeanFactory.preInstantiateSingletons(DefaultListableBeanFactory.java:973)
	at org.springframework.context.support.AbstractApplicationContext.finishBeanFactoryInitialization(AbstractApplicationContext.java:950)
	at org.springframework.context.support.AbstractApplicationContext.refresh(AbstractApplicationContext.java:616)
	at org.springframework.boot.web.servlet.context.ServletWebServerApplicationContext.refresh(ServletWebServerApplicationContext.java:146)
	at org.springframework.boot.SpringApplication.refresh(SpringApplication.java:738)
	at org.springframework.boot.SpringApplication.refreshContext(SpringApplication.java:440)
	at org.springframework.boot.SpringApplication.run(SpringApplication.java:316)
	at org.springframework.boot.test.context.SpringBootContextLoader.lambda$loadContext$3(SpringBootContextLoader.java:137)
	at org.springframework.util.function.ThrowingSupplier.get(ThrowingSupplier.java:58)
	at org.springframework.util.function.ThrowingSupplier.get(ThrowingSupplier.java:46)
	at org.springframework.boot.SpringApplication.withHook(SpringApplication.java:1406)
	at org.springframework.boot.test.context.SpringBootContextLoader$ContextLoaderHook.run(SpringBootContextLoader.java:545)
	at org.springframework.boot.test.context.SpringBootContextLoader.loadContext(SpringBootContextLoader.java:137)
	at org.springframework.boot.test.context.SpringBootContextLoader.loadContext(SpringBootContextLoader.java:108)
	at org.springframework.test.context.cache.DefaultCacheAwareContextLoaderDelegate.loadContextInternal(DefaultCacheAwareContextLoaderDelegate.java:187)
	at org.springframework.test.context.cache.DefaultCacheAwareContextLoaderDelegate.loadContext(DefaultCacheAwareContextLoaderDelegate.java:119)
	at org.springframework.test.context.support.DefaultTestContext.getApplicationContext(DefaultTestContext.java:127)
	at org.springframework.boot.test.mock.mockito.MockitoTestExecutionListener.postProcessFields(MockitoTestExecutionListener.java:110)
	at org.springframework.boot.test.mock.mockito.MockitoTestExecutionListener.injectFields(MockitoTestExecutionListener.java:94)
	at org.springframework.boot.test.mock.mockito.MockitoTestExecutionListener.prepareTestInstance(MockitoTestExecutionListener.java:61)
	at org.springframework.test.context.TestContextManager.prepareTestInstance(TestContextManager.java:241)
	at org.springframework.test.context.junit.jupiter.SpringExtension.postProcessTestInstance(SpringExtension.java:138)
	at org.junit.jupiter.engine.descriptor.ClassBasedTestDescriptor.lambda$invokeTestInstancePostProcessors$10(ClassBasedTestDescriptor.java:377)
	at org.junit.jupiter.engine.descriptor.ClassBasedTestDescriptor.executeAndMaskThrowable(ClassBasedTestDescriptor.java:382)
	at org.junit.jupiter.engine.descriptor.ClassBasedTestDescriptor.lambda$invokeTestInstancePostProcessors$11(ClassBasedTestDescriptor.java:377)
	at java.base/java.util.stream.ReferencePipeline$3$1.accept(ReferencePipeline.java:197)
	at java.base/java.util.stream.ReferencePipeline$2$1.accept(ReferencePipeline.java:179)
	at java.base/java.util.ArrayList$ArrayListSpliterator.forEachRemaining(ArrayList.java:1625)
	at java.base/java.util.stream.AbstractPipeline.copyInto(AbstractPipeline.java:509)
	at java.base/java.util.stream.AbstractPipeline.wrapAndCopyInto(AbstractPipeline.java:499)
	at java.base/java.util.stream.StreamSpliterators$WrappingSpliterator.forEachRemaining(StreamSpliterators.java:310)
	at java.base/java.util.stream.Streams$ConcatSpliterator.forEachRemaining(Streams.java:735)
	at java.base/java.util.stream.Streams$ConcatSpliterator.forEachRemaining(Streams.java:734)
	at java.base/java.util.stream.ReferencePipeline$Head.forEach(ReferencePipeline.java:762)
	at org.junit.jupiter.engine.descriptor.ClassBasedTestDescriptor.invokeTestInstancePostProcessors(ClassBasedTestDescriptor.java:376)
	at org.junit.jupiter.engine.descriptor.ClassBasedTestDescriptor.lambda$instantiateAndPostProcessTestInstance$6(ClassBasedTestDescriptor.java:289)
	at org.junit.platform.engine.support.hierarchical.ThrowableCollector.execute(ThrowableCollector.java:73)
	at org.junit.jupiter.engine.descriptor.ClassBasedTestDescriptor.instantiateAndPostProcessTestInstance(ClassBasedTestDescriptor.java:288)
	at org.junit.jupiter.engine.descriptor.ClassBasedTestDescriptor.lambda$testInstancesProvider$4(ClassBasedTestDescriptor.java:278)
	at java.base/java.util.Optional.orElseGet(Optional.java:364)
	at org.junit.jupiter.engine.descriptor.ClassBasedTestDescriptor.lambda$testInstancesProvider$5(ClassBasedTestDescriptor.java:277)
	at org.junit.jupiter.engine.execution.TestInstancesProvider.getTestInstances(TestInstancesProvider.java:31)
	at org.junit.jupiter.engine.descriptor.TestMethodTestDescriptor.lambda$prepare$0(TestMethodTestDescriptor.java:105)
	at org.junit.platform.engine.support.hierarchical.ThrowableCollector.execute(ThrowableCollector.java:73)
	at org.junit.jupiter.engine.descriptor.TestMethodTestDescriptor.prepare(TestMethodTestDescriptor.java:104)
	at org.junit.jupiter.engine.descriptor.TestMethodTestDescriptor.prepare(TestMethodTestDescriptor.java:68)
	at org.junit.platform.engine.support.hierarchical.NodeTestTask.lambda$prepare$2(NodeTestTask.java:123)
	at org.junit.platform.engine.support.hierarchical.ThrowableCollector.execute(ThrowableCollector.java:73)
	at org.junit.platform.engine.support.hierarchical.NodeTestTask.prepare(NodeTestTask.java:123)
	at org.junit.platform.engine.support.hierarchical.NodeTestTask.execute(NodeTestTask.java:90)
	at java.base/java.util.ArrayList.forEach(ArrayList.java:1511)
	at org.junit.platform.engine.support.hierarchical.SameThreadHierarchicalTestExecutorService.invokeAll(SameThreadHierarchicalTestExecutorService.java:41)
	at org.junit.platform.engine.support.hierarchical.NodeTestTask.lambda$executeRecursively$6(NodeTestTask.java:155)
	at org.junit.platform.engine.support.hierarchical.ThrowableCollector.execute(ThrowableCollector.java:73)
	at org.junit.platform.engine.support.hierarchical.NodeTestTask.lambda$executeRecursively$8(NodeTestTask.java:141)
	at org.junit.platform.engine.support.hierarchical.Node.around(Node.java:137)
	at org.junit.platform.engine.support.hierarchical.NodeTestTask.lambda$executeRecursively$9(NodeTestTask.java:139)
	at org.junit.platform.engine.support.hierarchical.ThrowableCollector.execute(ThrowableCollector.java:73)
	at org.junit.platform.engine.support.hierarchical.NodeTestTask.executeRecursively(NodeTestTask.java:138)
	at org.junit.platform.engine.support.hierarchical.NodeTestTask.execute(NodeTestTask.java:95)
	at java.base/java.util.ArrayList.forEach(ArrayList.java:1511)
	at org.junit.platform.engine.support.hierarchical.SameThreadHierarchicalTestExecutorService.invokeAll(SameThreadHierarchicalTestExecutorService.java:41)
	at org.junit.platform.engine.support.hierarchical.NodeTestTask.lambda$executeRecursively$6(NodeTestTask.java:155)
	at org.junit.platform.engine.support.hierarchical.ThrowableCollector.execute(ThrowableCollector.java:73)
	at org.junit.platform.engine.support.hierarchical.NodeTestTask.lambda$executeRecursively$8(NodeTestTask.java:141)
	at org.junit.platform.engine.support.hierarchical.Node.around(Node.java:137)
	at org.junit.platform.engine.support.hierarchical.NodeTestTask.lambda$executeRecursively$9(NodeTestTask.java:139)
	at org.junit.platform.engine.support.hierarchical.ThrowableCollector.execute(ThrowableCollector.java:73)
	at org.junit.platform.engine.support.hierarchical.NodeTestTask.executeRecursively(NodeTestTask.java:138)
	at org.junit.platform.engine.support.hierarchical.NodeTestTask.execute(NodeTestTask.java:95)
	at org.junit.platform.engine.support.hierarchical.SameThreadHierarchicalTestExecutorService.submit(SameThreadHierarchicalTestExecutorService.java:35)
	at org.junit.platform.engine.support.hierarchical.HierarchicalTestExecutor.execute(HierarchicalTestExecutor.java:57)
	at org.junit.platform.engine.support.hierarchical.HierarchicalTestEngine.execute(HierarchicalTestEngine.java:54)
	at org.junit.platform.launcher.core.EngineExecutionOrchestrator.execute(EngineExecutionOrchestrator.java:147)
	at org.junit.platform.launcher.core.EngineExecutionOrchestrator.execute(EngineExecutionOrchestrator.java:127)
	at org.junit.platform.launcher.core.EngineExecutionOrchestrator.execute(EngineExecutionOrchestrator.java:90)
	at org.junit.platform.launcher.core.EngineExecutionOrchestrator.lambda$execute$0(EngineExecutionOrchestrator.java:55)
	at org.junit.platform.launcher.core.EngineExecutionOrchestrator.withInterceptedStreams(EngineExecutionOrchestrator.java:102)
	at org.junit.platform.launcher.core.EngineExecutionOrchestrator.execute(EngineExecutionOrchestrator.java:54)
	at org.junit.platform.launcher.core.DefaultLauncher.execute(DefaultLauncher.java:114)
	at org.junit.platform.launcher.core.DefaultLauncher.execute(DefaultLauncher.java:86)
	at org.junit.platform.launcher.core.DefaultLauncherSession$DelegatingLauncher.execute(DefaultLauncherSession.java:86)
	at org.apache.maven.surefire.junitplatform.LazyLauncher.execute(LazyLauncher.java:50)
	at org.apache.maven.surefire.junitplatform.JUnitPlatformProvider.execute(JUnitPlatformProvider.java:184)
	at org.apache.maven.surefire.junitplatform.JUnitPlatformProvider.invokeAllTests(JUnitPlatformProvider.java:148)
	at org.apache.maven.surefire.junitplatform.JUnitPlatformProvider.invoke(JUnitPlatformProvider.java:122)
	at org.apache.maven.surefire.booter.ForkedBooter.runSuitesInProcess(ForkedBooter.java:385)
	at org.apache.maven.surefire.booter.ForkedBooter.execute(ForkedBooter.java:162)
	at org.apache.maven.surefire.booter.ForkedBooter.run(ForkedBooter.java:507)
	at org.apache.maven.surefire.booter.ForkedBooter.main(ForkedBooter.java:495)
2023-11-24 12:36:44,726 TRACE o.h.i.SessionImpl [SessionImpl.java:402] Closing session [39eb881c-2f79-4576-852a-8f50f0fec24e]
2023-11-24 12:36:44,727 TRACE o.h.e.j.i.JdbcCoordinatorImpl [JdbcCoordinatorImpl.java:152] Closing JDBC container [org.hibernate.engine.jdbc.internal.JdbcCoordinatorImpl@70c578aa]
2023-11-24 12:36:44,727 TRACE o.h.r.j.i.ResourceRegistryStandardImpl [ResourceRegistryStandardImpl.java:329] Releasing JDBC resources
2023-11-24 12:36:44,727 TRACE o.h.r.j.i.LogicalConnectionManagedImpl [LogicalConnectionManagedImpl.java:256] Closing logical connection
2023-11-24 12:36:44,727 TRACE o.h.r.j.i.LogicalConnectionManagedImpl [LogicalConnectionManagedImpl.java:263] Logical connection closed
2023-11-24 12:36:44,727 TRACE o.h.i.SessionFactoryImpl$SessionBuilderImpl [SessionFactoryImpl.java:1298] Opening Hibernate Session.  tenant=null
2023-11-24 12:36:44,727 TRACE o.h.i.SessionImpl [SessionImpl.java:262] Opened Session [5529895b-e444-4ccb-b053-ffd4f24b57b2] at timestamp: 1700825804727
2023-11-24 12:36:44,727 TRACE o.h.i.SessionImpl [SessionImpl.java:402] Closing session [5529895b-e444-4ccb-b053-ffd4f24b57b2]
2023-11-24 12:36:44,727 TRACE o.h.e.j.i.JdbcCoordinatorImpl [JdbcCoordinatorImpl.java:152] Closing JDBC container [org.hibernate.engine.jdbc.internal.JdbcCoordinatorImpl@43f2eb5f]
2023-11-24 12:36:44,728 TRACE o.h.r.j.i.ResourceRegistryStandardImpl [ResourceRegistryStandardImpl.java:329] Releasing JDBC resources
2023-11-24 12:36:44,728 TRACE o.h.r.j.i.LogicalConnectionManagedImpl [LogicalConnectionManagedImpl.java:256] Closing logical connection
2023-11-24 12:36:44,728 TRACE o.h.r.j.i.LogicalConnectionManagedImpl [LogicalConnectionManagedImpl.java:263] Logical connection closed
2023-11-24 12:36:44,729 TRACE o.h.i.SessionFactoryImpl$SessionBuilderImpl [SessionFactoryImpl.java:1298] Opening Hibernate Session.  tenant=null
2023-11-24 12:36:44,730 TRACE o.h.i.SessionImpl [SessionImpl.java:262] Opened Session [7bf959ab-ce42-4fd3-9364-ee11ac0da84e] at timestamp: 1700825804730
2023-11-24 12:36:44,730 TRACE o.h.o.q.p.cache [QueryInterpretationCacheStandardImpl.java:121] QueryPlan#resolveHqlInterpretation( `select count(can.id) from Candidate can where can.regdate >= :dataStart and can.regdate < :dataEnd` )
2023-11-24 12:36:44,730 DEBUG o.h.o.q.hql [StandardHqlTranslator.java:75] HQL : select count(can.id) from Candidate can where can.regdate >= :dataStart and can.regdate < :dataEnd
2023-11-24 12:36:44,731 DEBUG o.h.o.q.h.reservedWordAsIdentifier [HqlParseTreeBuilder.java:43] Encountered use of reserved word as identifier : (
2023-11-24 12:36:44,731 DEBUG o.h.o.q.h.reservedWordAsIdentifier [HqlParseTreeBuilder.java:43] Encountered use of reserved word as identifier : )
2023-11-24 12:36:44,731 DEBUG o.h.q.h.i.SemanticQueryBuilder [SemanticQueryBuilder.java:1904] Handling root path - Candidate
2023-11-24 12:36:44,732 TRACE o.h.o.q.s.creation [SqmPathRegistryImpl.java:59] SqmProcessingIndex#register(SqmPath) : franco.maurizio.hr.desk.com.persistence.entity.Candidate(can)
2023-11-24 12:36:44,732 TRACE o.h.o.q.hql [BasicDotIdentifierConsumer.java:83] BasicDotIdentifierHandler#consumeIdentifier( can, true, false ) - can
2023-11-24 12:36:44,732 TRACE o.h.o.q.hql [BasicDotIdentifierConsumer.java:118] BaseLocalSequencePart#consumeIdentifier( can, true, false ) - can
2023-11-24 12:36:44,732 TRACE o.h.o.q.hql [BasicDotIdentifierConsumer.java:83] BasicDotIdentifierHandler#consumeIdentifier( id, false, true ) - can.id
2023-11-24 12:36:44,732 TRACE o.h.o.q.hql [DomainPathPart.java:37] Resolving DomainPathPart(franco.maurizio.hr.desk.com.persistence.entity.Candidate as can) sub-part : id
2023-11-24 12:36:44,732 TRACE o.h.o.q.s.creation [SqmPathRegistryImpl.java:59] SqmProcessingIndex#register(SqmPath) : franco.maurizio.hr.desk.com.persistence.entity.Candidate(can).id
2023-11-24 12:36:44,733 TRACE o.h.o.q.hql [BasicDotIdentifierConsumer.java:83] BasicDotIdentifierHandler#consumeIdentifier( can, true, false ) - can
2023-11-24 12:36:44,733 TRACE o.h.o.q.hql [BasicDotIdentifierConsumer.java:118] BaseLocalSequencePart#consumeIdentifier( can, true, false ) - can
2023-11-24 12:36:44,733 TRACE o.h.o.q.hql [BasicDotIdentifierConsumer.java:83] BasicDotIdentifierHandler#consumeIdentifier( regdate, false, true ) - can.regdate
2023-11-24 12:36:44,733 TRACE o.h.o.q.hql [DomainPathPart.java:37] Resolving DomainPathPart(franco.maurizio.hr.desk.com.persistence.entity.Candidate as can) sub-part : regdate
2023-11-24 12:36:44,733 TRACE o.h.o.q.s.creation [SqmPathRegistryImpl.java:59] SqmProcessingIndex#register(SqmPath) : franco.maurizio.hr.desk.com.persistence.entity.Candidate(can).regdate
2023-11-24 12:36:44,733 DEBUG o.h.o.q.s.creation [AbstractSqmExpression.java:57] Applying inferable type to SqmExpression [SqmNamedParameter(dataStart)] : null -> BasicSqmPathSource(regdate : LocalDateTime)
2023-11-24 12:36:44,734 TRACE o.h.o.q.hql [BasicDotIdentifierConsumer.java:83] BasicDotIdentifierHandler#consumeIdentifier( can, true, false ) - can
2023-11-24 12:36:44,734 TRACE o.h.o.q.hql [BasicDotIdentifierConsumer.java:118] BaseLocalSequencePart#consumeIdentifier( can, true, false ) - can
2023-11-24 12:36:44,734 TRACE o.h.o.q.hql [BasicDotIdentifierConsumer.java:83] BasicDotIdentifierHandler#consumeIdentifier( regdate, false, true ) - can.regdate
2023-11-24 12:36:44,734 TRACE o.h.o.q.hql [DomainPathPart.java:37] Resolving DomainPathPart(franco.maurizio.hr.desk.com.persistence.entity.Candidate as can) sub-part : regdate
2023-11-24 12:36:44,734 TRACE o.h.o.q.s.creation [SqmPathRegistryImpl.java:59] SqmProcessingIndex#register(SqmPath) : franco.maurizio.hr.desk.com.persistence.entity.Candidate(can).regdate
2023-11-24 12:36:44,734 DEBUG o.h.o.q.s.creation [AbstractSqmExpression.java:57] Applying inferable type to SqmExpression [SqmNamedParameter(dataEnd)] : null -> BasicSqmPathSource(regdate : LocalDateTime)
2023-11-24 12:36:44,735 DEBUG o.h.o.q.s.ast [SqmTreePrinter.java:168] SqmStatement Tree :
    -> [select]
      -> [query-spec]
        -> [select]
          -> [selection]
          <- [selection]
        <- [select]
        -> [from]
          -> [root] - `franco.maurizio.hr.desk.com.persistence.entity.Candidate(can)`
          <- [root] - `franco.maurizio.hr.desk.com.persistence.entity.Candidate(can)`
        <- [from]
        -> [where]
          -> [and]
            -> [GREATER_THAN_OR_EQUAL]
                -> [basic-path] - `franco.maurizio.hr.desk.com.persistence.entity.Candidate(can).regdate`
                :dataStart
            <- [GREATER_THAN_OR_EQUAL]
            -> [LESS_THAN]
                -> [basic-path] - `franco.maurizio.hr.desk.com.persistence.entity.Candidate(can).regdate`
                :dataEnd
            <- [LESS_THAN]
          <- [and]
        <- [where]
      <- [query-spec]
    <- [select]

2023-11-24 12:36:44,735 TRACE o.h.i.SessionImpl [SessionImpl.java:402] Closing session [7bf959ab-ce42-4fd3-9364-ee11ac0da84e]
2023-11-24 12:36:44,735 TRACE o.h.e.j.i.JdbcCoordinatorImpl [JdbcCoordinatorImpl.java:152] Closing JDBC container [org.hibernate.engine.jdbc.internal.JdbcCoordinatorImpl@75d4fca7]
2023-11-24 12:36:44,735 TRACE o.h.r.j.i.ResourceRegistryStandardImpl [ResourceRegistryStandardImpl.java:329] Releasing JDBC resources
2023-11-24 12:36:44,735 TRACE o.h.r.j.i.LogicalConnectionManagedImpl [LogicalConnectionManagedImpl.java:256] Closing logical connection
2023-11-24 12:36:44,735 TRACE o.h.r.j.i.LogicalConnectionManagedImpl [LogicalConnectionManagedImpl.java:263] Logical connection closed
2023-11-24 12:36:44,739 TRACE o.h.i.SessionFactoryImpl$SessionBuilderImpl [SessionFactoryImpl.java:1298] Opening Hibernate Session.  tenant=null
2023-11-24 12:36:44,739 TRACE o.h.i.SessionImpl [SessionImpl.java:262] Opened Session [f47bc5ec-e143-4c4d-8ce4-550ee69aceff] at timestamp: 1700825804739
2023-11-24 12:36:44,739 TRACE o.h.i.SessionImpl [SessionImpl.java:402] Closing session [f47bc5ec-e143-4c4d-8ce4-550ee69aceff]
2023-11-24 12:36:44,739 TRACE o.h.e.j.i.JdbcCoordinatorImpl [JdbcCoordinatorImpl.java:152] Closing JDBC container [org.hibernate.engine.jdbc.internal.JdbcCoordinatorImpl@68dee80d]
2023-11-24 12:36:44,740 TRACE o.h.r.j.i.ResourceRegistryStandardImpl [ResourceRegistryStandardImpl.java:329] Releasing JDBC resources
2023-11-24 12:36:44,740 TRACE o.h.r.j.i.LogicalConnectionManagedImpl [LogicalConnectionManagedImpl.java:256] Closing logical connection
2023-11-24 12:36:44,740 TRACE o.h.r.j.i.LogicalConnectionManagedImpl [LogicalConnectionManagedImpl.java:263] Logical connection closed
2023-11-24 12:36:44,741 TRACE o.h.i.SessionFactoryImpl$SessionBuilderImpl [SessionFactoryImpl.java:1298] Opening Hibernate Session.  tenant=null
2023-11-24 12:36:44,742 TRACE o.h.i.SessionImpl [SessionImpl.java:262] Opened Session [07a19675-1507-4ae5-ae49-bf4b9b897083] at timestamp: 1700825804742
2023-11-24 12:36:44,742 TRACE o.h.i.SessionImpl [SessionImpl.java:402] Closing session [07a19675-1507-4ae5-ae49-bf4b9b897083]
2023-11-24 12:36:44,742 TRACE o.h.e.j.i.JdbcCoordinatorImpl [JdbcCoordinatorImpl.java:152] Closing JDBC container [org.hibernate.engine.jdbc.internal.JdbcCoordinatorImpl@170eca2d]
2023-11-24 12:36:44,742 TRACE o.h.r.j.i.ResourceRegistryStandardImpl [ResourceRegistryStandardImpl.java:329] Releasing JDBC resources
2023-11-24 12:36:44,742 TRACE o.h.r.j.i.LogicalConnectionManagedImpl [LogicalConnectionManagedImpl.java:256] Closing logical connection
2023-11-24 12:36:44,743 TRACE o.h.r.j.i.LogicalConnectionManagedImpl [LogicalConnectionManagedImpl.java:263] Logical connection closed
2023-11-24 12:36:44,749 TRACE o.h.i.SessionFactoryImpl$SessionBuilderImpl [SessionFactoryImpl.java:1298] Opening Hibernate Session.  tenant=null
2023-11-24 12:36:44,749 TRACE o.h.i.SessionImpl [SessionImpl.java:262] Opened Session [944db584-56a4-49f7-ab69-c1ed28819a83] at timestamp: 1700825804749
2023-11-24 12:36:44,749 DEBUG o.h.r.t.b.j.i.JdbcResourceLocalTransactionCoordinatorImpl [JdbcResourceLocalTransactionCoordinatorImpl.java:310] JDBC transaction marked for rollback-only (exception provided for stack trace)
java.lang.Exception: exception just for purpose of providing stack trace
	at org.hibernate.resource.transaction.backend.jdbc.internal.JdbcResourceLocalTransactionCoordinatorImpl$TransactionDriverControlImpl.markRollbackOnly(JdbcResourceLocalTransactionCoordinatorImpl.java:310)
	at org.hibernate.internal.AbstractSharedSessionContract.buildNamedQuery(AbstractSharedSessionContract.java:1021)
	at org.hibernate.internal.AbstractSharedSessionContract.createNamedQuery(AbstractSharedSessionContract.java:899)
	at org.hibernate.internal.AbstractSharedSessionContract.createNamedQuery(AbstractSharedSessionContract.java:120)
	at jdk.internal.reflect.GeneratedMethodAccessor47.invoke(Unknown Source)
	at java.base/jdk.internal.reflect.DelegatingMethodAccessorImpl.invoke(DelegatingMethodAccessorImpl.java:43)
	at java.base/java.lang.reflect.Method.invoke(Method.java:568)
	at org.springframework.orm.jpa.ExtendedEntityManagerCreator$ExtendedEntityManagerInvocationHandler.invoke(ExtendedEntityManagerCreator.java:360)
	at jdk.proxy2/jdk.proxy2.$Proxy191.createNamedQuery(Unknown Source)
	at org.springframework.data.jpa.repository.query.NamedQuery.hasNamedQuery(NamedQuery.java:113)
	at org.springframework.data.jpa.repository.query.NamedQuery.lookupFrom(NamedQuery.java:141)
	at org.springframework.data.jpa.repository.query.JpaQueryLookupStrategy$DeclaredQueryLookupStrategy.resolveQuery(JpaQueryLookupStrategy.java:180)
	at org.springframework.data.jpa.repository.query.JpaQueryLookupStrategy$CreateIfNotFoundQueryLookupStrategy.resolveQuery(JpaQueryLookupStrategy.java:252)
	at org.springframework.data.jpa.repository.query.JpaQueryLookupStrategy$AbstractQueryLookupStrategy.resolveQuery(JpaQueryLookupStrategy.java:95)
	at org.springframework.data.repository.core.support.QueryExecutorMethodInterceptor.lookupQuery(QueryExecutorMethodInterceptor.java:111)
	at org.springframework.data.repository.core.support.QueryExecutorMethodInterceptor.mapMethodsToQuery(QueryExecutorMethodInterceptor.java:99)
	at org.springframework.data.repository.core.support.QueryExecutorMethodInterceptor.lambda$new$0(QueryExecutorMethodInterceptor.java:88)
	at java.base/java.util.Optional.map(Optional.java:260)
	at org.springframework.data.repository.core.support.QueryExecutorMethodInterceptor.<init>(QueryExecutorMethodInterceptor.java:88)
	at org.springframework.data.repository.core.support.RepositoryFactorySupport.getRepository(RepositoryFactorySupport.java:357)
	at org.springframework.data.repository.core.support.RepositoryFactoryBeanSupport.lambda$afterPropertiesSet$5(RepositoryFactoryBeanSupport.java:279)
	at org.springframework.data.util.Lazy.getNullable(Lazy.java:245)
	at org.springframework.data.util.Lazy.get(Lazy.java:114)
	at org.springframework.data.repository.core.support.RepositoryFactoryBeanSupport.afterPropertiesSet(RepositoryFactoryBeanSupport.java:285)
	at org.springframework.data.jpa.repository.support.JpaRepositoryFactoryBean.afterPropertiesSet(JpaRepositoryFactoryBean.java:132)
	at org.springframework.beans.factory.support.AbstractAutowireCapableBeanFactory.invokeInitMethods(AbstractAutowireCapableBeanFactory.java:1817)
	at org.springframework.beans.factory.support.AbstractAutowireCapableBeanFactory.initializeBean(AbstractAutowireCapableBeanFactory.java:1766)
	at org.springframework.beans.factory.support.AbstractAutowireCapableBeanFactory.doCreateBean(AbstractAutowireCapableBeanFactory.java:598)
	at org.springframework.beans.factory.support.AbstractAutowireCapableBeanFactory.createBean(AbstractAutowireCapableBeanFactory.java:520)
	at org.springframework.beans.factory.support.AbstractBeanFactory.lambda$doGetBean$0(AbstractBeanFactory.java:325)
	at org.springframework.beans.factory.support.DefaultSingletonBeanRegistry.getSingleton(DefaultSingletonBeanRegistry.java:234)
	at org.springframework.beans.factory.support.AbstractBeanFactory.doGetBean(AbstractBeanFactory.java:323)
	at org.springframework.beans.factory.support.AbstractBeanFactory.getBean(AbstractBeanFactory.java:199)
	at org.springframework.beans.factory.config.DependencyDescriptor.resolveCandidate(DependencyDescriptor.java:254)
	at org.springframework.beans.factory.support.DefaultListableBeanFactory.doResolveDependency(DefaultListableBeanFactory.java:1417)
	at org.springframework.beans.factory.support.DefaultListableBeanFactory.resolveDependency(DefaultListableBeanFactory.java:1337)
	at org.springframework.beans.factory.annotation.AutowiredAnnotationBeanPostProcessor$AutowiredFieldElement.resolveFieldValue(AutowiredAnnotationBeanPostProcessor.java:764)
	at org.springframework.beans.factory.annotation.AutowiredAnnotationBeanPostProcessor$AutowiredFieldElement.inject(AutowiredAnnotationBeanPostProcessor.java:747)
	at org.springframework.beans.factory.annotation.InjectionMetadata.inject(InjectionMetadata.java:145)
	at org.springframework.beans.factory.annotation.AutowiredAnnotationBeanPostProcessor.postProcessProperties(AutowiredAnnotationBeanPostProcessor.java:492)
	at org.springframework.beans.factory.support.AbstractAutowireCapableBeanFactory.populateBean(AbstractAutowireCapableBeanFactory.java:1416)
	at org.springframework.beans.factory.support.AbstractAutowireCapableBeanFactory.doCreateBean(AbstractAutowireCapableBeanFactory.java:597)
	at org.springframework.beans.factory.support.AbstractAutowireCapableBeanFactory.createBean(AbstractAutowireCapableBeanFactory.java:520)
	at org.springframework.beans.factory.support.AbstractBeanFactory.lambda$doGetBean$0(AbstractBeanFactory.java:325)
	at org.springframework.beans.factory.support.DefaultSingletonBeanRegistry.getSingleton(DefaultSingletonBeanRegistry.java:234)
	at org.springframework.beans.factory.support.AbstractBeanFactory.doGetBean(AbstractBeanFactory.java:323)
	at org.springframework.beans.factory.support.AbstractBeanFactory.getBean(AbstractBeanFactory.java:199)
	at org.springframework.beans.factory.config.DependencyDescriptor.resolveCandidate(DependencyDescriptor.java:254)
	at org.springframework.beans.factory.support.DefaultListableBeanFactory.doResolveDependency(DefaultListableBeanFactory.java:1417)
	at org.springframework.beans.factory.support.DefaultListableBeanFactory.resolveDependency(DefaultListableBeanFactory.java:1337)
	at org.springframework.beans.factory.annotation.AutowiredAnnotationBeanPostProcessor$AutowiredFieldElement.resolveFieldValue(AutowiredAnnotationBeanPostProcessor.java:764)
	at org.springframework.beans.factory.annotation.AutowiredAnnotationBeanPostProcessor$AutowiredFieldElement.inject(AutowiredAnnotationBeanPostProcessor.java:747)
	at org.springframework.beans.factory.annotation.InjectionMetadata.inject(InjectionMetadata.java:145)
	at org.springframework.beans.factory.annotation.AutowiredAnnotationBeanPostProcessor.postProcessProperties(AutowiredAnnotationBeanPostProcessor.java:492)
	at org.springframework.beans.factory.support.AbstractAutowireCapableBeanFactory.populateBean(AbstractAutowireCapableBeanFactory.java:1416)
	at org.springframework.beans.factory.support.AbstractAutowireCapableBeanFactory.doCreateBean(AbstractAutowireCapableBeanFactory.java:597)
	at org.springframework.beans.factory.support.AbstractAutowireCapableBeanFactory.createBean(AbstractAutowireCapableBeanFactory.java:520)
	at org.springframework.beans.factory.support.AbstractBeanFactory.lambda$doGetBean$0(AbstractBeanFactory.java:325)
	at org.springframework.beans.factory.support.DefaultSingletonBeanRegistry.getSingleton(DefaultSingletonBeanRegistry.java:234)
	at org.springframework.beans.factory.support.AbstractBeanFactory.doGetBean(AbstractBeanFactory.java:323)
	at org.springframework.beans.factory.support.AbstractBeanFactory.getBean(AbstractBeanFactory.java:199)
	at org.springframework.beans.factory.config.DependencyDescriptor.resolveCandidate(DependencyDescriptor.java:254)
	at org.springframework.beans.factory.support.DefaultListableBeanFactory.doResolveDependency(DefaultListableBeanFactory.java:1417)
	at org.springframework.beans.factory.support.DefaultListableBeanFactory.resolveDependency(DefaultListableBeanFactory.java:1337)
	at org.springframework.beans.factory.annotation.AutowiredAnnotationBeanPostProcessor$AutowiredFieldElement.resolveFieldValue(AutowiredAnnotationBeanPostProcessor.java:764)
	at org.springframework.beans.factory.annotation.AutowiredAnnotationBeanPostProcessor$AutowiredFieldElement.inject(AutowiredAnnotationBeanPostProcessor.java:747)
	at org.springframework.beans.factory.annotation.InjectionMetadata.inject(InjectionMetadata.java:145)
	at org.springframework.beans.factory.annotation.AutowiredAnnotationBeanPostProcessor.postProcessProperties(AutowiredAnnotationBeanPostProcessor.java:492)
	at org.springframework.beans.factory.support.AbstractAutowireCapableBeanFactory.populateBean(AbstractAutowireCapableBeanFactory.java:1416)
	at org.springframework.beans.factory.support.AbstractAutowireCapableBeanFactory.doCreateBean(AbstractAutowireCapableBeanFactory.java:597)
	at org.springframework.beans.factory.support.AbstractAutowireCapableBeanFactory.createBean(AbstractAutowireCapableBeanFactory.java:520)
	at org.springframework.beans.factory.support.AbstractBeanFactory.lambda$doGetBean$0(AbstractBeanFactory.java:325)
	at org.springframework.beans.factory.support.DefaultSingletonBeanRegistry.getSingleton(DefaultSingletonBeanRegistry.java:234)
	at org.springframework.beans.factory.support.AbstractBeanFactory.doGetBean(AbstractBeanFactory.java:323)
	at org.springframework.beans.factory.support.AbstractBeanFactory.getBean(AbstractBeanFactory.java:199)
	at org.springframework.beans.factory.support.DefaultListableBeanFactory.preInstantiateSingletons(DefaultListableBeanFactory.java:973)
	at org.springframework.context.support.AbstractApplicationContext.finishBeanFactoryInitialization(AbstractApplicationContext.java:950)
	at org.springframework.context.support.AbstractApplicationContext.refresh(AbstractApplicationContext.java:616)
	at org.springframework.boot.web.servlet.context.ServletWebServerApplicationContext.refresh(ServletWebServerApplicationContext.java:146)
	at org.springframework.boot.SpringApplication.refresh(SpringApplication.java:738)
	at org.springframework.boot.SpringApplication.refreshContext(SpringApplication.java:440)
	at org.springframework.boot.SpringApplication.run(SpringApplication.java:316)
	at org.springframework.boot.test.context.SpringBootContextLoader.lambda$loadContext$3(SpringBootContextLoader.java:137)
	at org.springframework.util.function.ThrowingSupplier.get(ThrowingSupplier.java:58)
	at org.springframework.util.function.ThrowingSupplier.get(ThrowingSupplier.java:46)
	at org.springframework.boot.SpringApplication.withHook(SpringApplication.java:1406)
	at org.springframework.boot.test.context.SpringBootContextLoader$ContextLoaderHook.run(SpringBootContextLoader.java:545)
	at org.springframework.boot.test.context.SpringBootContextLoader.loadContext(SpringBootContextLoader.java:137)
	at org.springframework.boot.test.context.SpringBootContextLoader.loadContext(SpringBootContextLoader.java:108)
	at org.springframework.test.context.cache.DefaultCacheAwareContextLoaderDelegate.loadContextInternal(DefaultCacheAwareContextLoaderDelegate.java:187)
	at org.springframework.test.context.cache.DefaultCacheAwareContextLoaderDelegate.loadContext(DefaultCacheAwareContextLoaderDelegate.java:119)
	at org.springframework.test.context.support.DefaultTestContext.getApplicationContext(DefaultTestContext.java:127)
	at org.springframework.boot.test.mock.mockito.MockitoTestExecutionListener.postProcessFields(MockitoTestExecutionListener.java:110)
	at org.springframework.boot.test.mock.mockito.MockitoTestExecutionListener.injectFields(MockitoTestExecutionListener.java:94)
	at org.springframework.boot.test.mock.mockito.MockitoTestExecutionListener.prepareTestInstance(MockitoTestExecutionListener.java:61)
	at org.springframework.test.context.TestContextManager.prepareTestInstance(TestContextManager.java:241)
	at org.springframework.test.context.junit.jupiter.SpringExtension.postProcessTestInstance(SpringExtension.java:138)
	at org.junit.jupiter.engine.descriptor.ClassBasedTestDescriptor.lambda$invokeTestInstancePostProcessors$10(ClassBasedTestDescriptor.java:377)
	at org.junit.jupiter.engine.descriptor.ClassBasedTestDescriptor.executeAndMaskThrowable(ClassBasedTestDescriptor.java:382)
	at org.junit.jupiter.engine.descriptor.ClassBasedTestDescriptor.lambda$invokeTestInstancePostProcessors$11(ClassBasedTestDescriptor.java:377)
	at java.base/java.util.stream.ReferencePipeline$3$1.accept(ReferencePipeline.java:197)
	at java.base/java.util.stream.ReferencePipeline$2$1.accept(ReferencePipeline.java:179)
	at java.base/java.util.ArrayList$ArrayListSpliterator.forEachRemaining(ArrayList.java:1625)
	at java.base/java.util.stream.AbstractPipeline.copyInto(AbstractPipeline.java:509)
	at java.base/java.util.stream.AbstractPipeline.wrapAndCopyInto(AbstractPipeline.java:499)
	at java.base/java.util.stream.StreamSpliterators$WrappingSpliterator.forEachRemaining(StreamSpliterators.java:310)
	at java.base/java.util.stream.Streams$ConcatSpliterator.forEachRemaining(Streams.java:735)
	at java.base/java.util.stream.Streams$ConcatSpliterator.forEachRemaining(Streams.java:734)
	at java.base/java.util.stream.ReferencePipeline$Head.forEach(ReferencePipeline.java:762)
	at org.junit.jupiter.engine.descriptor.ClassBasedTestDescriptor.invokeTestInstancePostProcessors(ClassBasedTestDescriptor.java:376)
	at org.junit.jupiter.engine.descriptor.ClassBasedTestDescriptor.lambda$instantiateAndPostProcessTestInstance$6(ClassBasedTestDescriptor.java:289)
	at org.junit.platform.engine.support.hierarchical.ThrowableCollector.execute(ThrowableCollector.java:73)
	at org.junit.jupiter.engine.descriptor.ClassBasedTestDescriptor.instantiateAndPostProcessTestInstance(ClassBasedTestDescriptor.java:288)
	at org.junit.jupiter.engine.descriptor.ClassBasedTestDescriptor.lambda$testInstancesProvider$4(ClassBasedTestDescriptor.java:278)
	at java.base/java.util.Optional.orElseGet(Optional.java:364)
	at org.junit.jupiter.engine.descriptor.ClassBasedTestDescriptor.lambda$testInstancesProvider$5(ClassBasedTestDescriptor.java:277)
	at org.junit.jupiter.engine.execution.TestInstancesProvider.getTestInstances(TestInstancesProvider.java:31)
	at org.junit.jupiter.engine.descriptor.TestMethodTestDescriptor.lambda$prepare$0(TestMethodTestDescriptor.java:105)
	at org.junit.platform.engine.support.hierarchical.ThrowableCollector.execute(ThrowableCollector.java:73)
	at org.junit.jupiter.engine.descriptor.TestMethodTestDescriptor.prepare(TestMethodTestDescriptor.java:104)
	at org.junit.jupiter.engine.descriptor.TestMethodTestDescriptor.prepare(TestMethodTestDescriptor.java:68)
	at org.junit.platform.engine.support.hierarchical.NodeTestTask.lambda$prepare$2(NodeTestTask.java:123)
	at org.junit.platform.engine.support.hierarchical.ThrowableCollector.execute(ThrowableCollector.java:73)
	at org.junit.platform.engine.support.hierarchical.NodeTestTask.prepare(NodeTestTask.java:123)
	at org.junit.platform.engine.support.hierarchical.NodeTestTask.execute(NodeTestTask.java:90)
	at java.base/java.util.ArrayList.forEach(ArrayList.java:1511)
	at org.junit.platform.engine.support.hierarchical.SameThreadHierarchicalTestExecutorService.invokeAll(SameThreadHierarchicalTestExecutorService.java:41)
	at org.junit.platform.engine.support.hierarchical.NodeTestTask.lambda$executeRecursively$6(NodeTestTask.java:155)
	at org.junit.platform.engine.support.hierarchical.ThrowableCollector.execute(ThrowableCollector.java:73)
	at org.junit.platform.engine.support.hierarchical.NodeTestTask.lambda$executeRecursively$8(NodeTestTask.java:141)
	at org.junit.platform.engine.support.hierarchical.Node.around(Node.java:137)
	at org.junit.platform.engine.support.hierarchical.NodeTestTask.lambda$executeRecursively$9(NodeTestTask.java:139)
	at org.junit.platform.engine.support.hierarchical.ThrowableCollector.execute(ThrowableCollector.java:73)
	at org.junit.platform.engine.support.hierarchical.NodeTestTask.executeRecursively(NodeTestTask.java:138)
	at org.junit.platform.engine.support.hierarchical.NodeTestTask.execute(NodeTestTask.java:95)
	at java.base/java.util.ArrayList.forEach(ArrayList.java:1511)
	at org.junit.platform.engine.support.hierarchical.SameThreadHierarchicalTestExecutorService.invokeAll(SameThreadHierarchicalTestExecutorService.java:41)
	at org.junit.platform.engine.support.hierarchical.NodeTestTask.lambda$executeRecursively$6(NodeTestTask.java:155)
	at org.junit.platform.engine.support.hierarchical.ThrowableCollector.execute(ThrowableCollector.java:73)
	at org.junit.platform.engine.support.hierarchical.NodeTestTask.lambda$executeRecursively$8(NodeTestTask.java:141)
	at org.junit.platform.engine.support.hierarchical.Node.around(Node.java:137)
	at org.junit.platform.engine.support.hierarchical.NodeTestTask.lambda$executeRecursively$9(NodeTestTask.java:139)
	at org.junit.platform.engine.support.hierarchical.ThrowableCollector.execute(ThrowableCollector.java:73)
	at org.junit.platform.engine.support.hierarchical.NodeTestTask.executeRecursively(NodeTestTask.java:138)
	at org.junit.platform.engine.support.hierarchical.NodeTestTask.execute(NodeTestTask.java:95)
	at org.junit.platform.engine.support.hierarchical.SameThreadHierarchicalTestExecutorService.submit(SameThreadHierarchicalTestExecutorService.java:35)
	at org.junit.platform.engine.support.hierarchical.HierarchicalTestExecutor.execute(HierarchicalTestExecutor.java:57)
	at org.junit.platform.engine.support.hierarchical.HierarchicalTestEngine.execute(HierarchicalTestEngine.java:54)
	at org.junit.platform.launcher.core.EngineExecutionOrchestrator.execute(EngineExecutionOrchestrator.java:147)
	at org.junit.platform.launcher.core.EngineExecutionOrchestrator.execute(EngineExecutionOrchestrator.java:127)
	at org.junit.platform.launcher.core.EngineExecutionOrchestrator.execute(EngineExecutionOrchestrator.java:90)
	at org.junit.platform.launcher.core.EngineExecutionOrchestrator.lambda$execute$0(EngineExecutionOrchestrator.java:55)
	at org.junit.platform.launcher.core.EngineExecutionOrchestrator.withInterceptedStreams(EngineExecutionOrchestrator.java:102)
	at org.junit.platform.launcher.core.EngineExecutionOrchestrator.execute(EngineExecutionOrchestrator.java:54)
	at org.junit.platform.launcher.core.DefaultLauncher.execute(DefaultLauncher.java:114)
	at org.junit.platform.launcher.core.DefaultLauncher.execute(DefaultLauncher.java:86)
	at org.junit.platform.launcher.core.DefaultLauncherSession$DelegatingLauncher.execute(DefaultLauncherSession.java:86)
	at org.apache.maven.surefire.junitplatform.LazyLauncher.execute(LazyLauncher.java:50)
	at org.apache.maven.surefire.junitplatform.JUnitPlatformProvider.execute(JUnitPlatformProvider.java:184)
	at org.apache.maven.surefire.junitplatform.JUnitPlatformProvider.invokeAllTests(JUnitPlatformProvider.java:148)
	at org.apache.maven.surefire.junitplatform.JUnitPlatformProvider.invoke(JUnitPlatformProvider.java:122)
	at org.apache.maven.surefire.booter.ForkedBooter.runSuitesInProcess(ForkedBooter.java:385)
	at org.apache.maven.surefire.booter.ForkedBooter.execute(ForkedBooter.java:162)
	at org.apache.maven.surefire.booter.ForkedBooter.run(ForkedBooter.java:507)
	at org.apache.maven.surefire.booter.ForkedBooter.main(ForkedBooter.java:495)
2023-11-24 12:36:44,750 TRACE o.h.i.SessionImpl [SessionImpl.java:402] Closing session [944db584-56a4-49f7-ab69-c1ed28819a83]
2023-11-24 12:36:44,750 TRACE o.h.e.j.i.JdbcCoordinatorImpl [JdbcCoordinatorImpl.java:152] Closing JDBC container [org.hibernate.engine.jdbc.internal.JdbcCoordinatorImpl@23eb5b94]
2023-11-24 12:36:44,750 TRACE o.h.r.j.i.ResourceRegistryStandardImpl [ResourceRegistryStandardImpl.java:329] Releasing JDBC resources
2023-11-24 12:36:44,750 TRACE o.h.r.j.i.LogicalConnectionManagedImpl [LogicalConnectionManagedImpl.java:256] Closing logical connection
2023-11-24 12:36:44,751 TRACE o.h.r.j.i.LogicalConnectionManagedImpl [LogicalConnectionManagedImpl.java:263] Logical connection closed
2023-11-24 12:36:44,751 TRACE o.h.i.SessionFactoryImpl$SessionBuilderImpl [SessionFactoryImpl.java:1298] Opening Hibernate Session.  tenant=null
2023-11-24 12:36:44,751 TRACE o.h.i.SessionImpl [SessionImpl.java:262] Opened Session [215c8b64-1d01-452c-8462-f22f32641d7d] at timestamp: 1700825804751
2023-11-24 12:36:44,751 TRACE o.h.i.SessionImpl [SessionImpl.java:402] Closing session [215c8b64-1d01-452c-8462-f22f32641d7d]
2023-11-24 12:36:44,751 TRACE o.h.e.j.i.JdbcCoordinatorImpl [JdbcCoordinatorImpl.java:152] Closing JDBC container [org.hibernate.engine.jdbc.internal.JdbcCoordinatorImpl@42d5b266]
2023-11-24 12:36:44,751 TRACE o.h.r.j.i.ResourceRegistryStandardImpl [ResourceRegistryStandardImpl.java:329] Releasing JDBC resources
2023-11-24 12:36:44,752 TRACE o.h.r.j.i.LogicalConnectionManagedImpl [LogicalConnectionManagedImpl.java:256] Closing logical connection
2023-11-24 12:36:44,752 TRACE o.h.r.j.i.LogicalConnectionManagedImpl [LogicalConnectionManagedImpl.java:263] Logical connection closed
2023-11-24 12:36:44,758 TRACE o.h.i.SessionFactoryImpl$SessionBuilderImpl [SessionFactoryImpl.java:1298] Opening Hibernate Session.  tenant=null
2023-11-24 12:36:44,758 TRACE o.h.i.SessionImpl [SessionImpl.java:262] Opened Session [a9f0a93e-c553-4395-904c-b3be853acda7] at timestamp: 1700825804758
2023-11-24 12:36:44,758 TRACE o.h.i.SessionImpl [SessionImpl.java:402] Closing session [a9f0a93e-c553-4395-904c-b3be853acda7]
2023-11-24 12:36:44,759 TRACE o.h.e.j.i.JdbcCoordinatorImpl [JdbcCoordinatorImpl.java:152] Closing JDBC container [org.hibernate.engine.jdbc.internal.JdbcCoordinatorImpl@687622f6]
2023-11-24 12:36:44,759 TRACE o.h.r.j.i.ResourceRegistryStandardImpl [ResourceRegistryStandardImpl.java:329] Releasing JDBC resources
2023-11-24 12:36:44,759 TRACE o.h.r.j.i.LogicalConnectionManagedImpl [LogicalConnectionManagedImpl.java:256] Closing logical connection
2023-11-24 12:36:44,759 TRACE o.h.r.j.i.LogicalConnectionManagedImpl [LogicalConnectionManagedImpl.java:263] Logical connection closed
2023-11-24 12:36:44,761 TRACE o.h.i.SessionFactoryImpl$SessionBuilderImpl [SessionFactoryImpl.java:1298] Opening Hibernate Session.  tenant=null
2023-11-24 12:36:44,762 TRACE o.h.i.SessionImpl [SessionImpl.java:262] Opened Session [5689931f-2945-4942-9694-a7a742e0112a] at timestamp: 1700825804762
2023-11-24 12:36:44,762 TRACE o.h.i.SessionImpl [SessionImpl.java:402] Closing session [5689931f-2945-4942-9694-a7a742e0112a]
2023-11-24 12:36:44,763 TRACE o.h.e.j.i.JdbcCoordinatorImpl [JdbcCoordinatorImpl.java:152] Closing JDBC container [org.hibernate.engine.jdbc.internal.JdbcCoordinatorImpl@5c9015b4]
2023-11-24 12:36:44,763 TRACE o.h.r.j.i.ResourceRegistryStandardImpl [ResourceRegistryStandardImpl.java:329] Releasing JDBC resources
2023-11-24 12:36:44,763 TRACE o.h.r.j.i.LogicalConnectionManagedImpl [LogicalConnectionManagedImpl.java:256] Closing logical connection
2023-11-24 12:36:44,763 TRACE o.h.r.j.i.LogicalConnectionManagedImpl [LogicalConnectionManagedImpl.java:263] Logical connection closed
2023-11-24 12:36:44,772 TRACE o.h.i.SessionFactoryImpl$SessionBuilderImpl [SessionFactoryImpl.java:1298] Opening Hibernate Session.  tenant=null
2023-11-24 12:36:44,773 TRACE o.h.i.SessionImpl [SessionImpl.java:262] Opened Session [b5393806-7186-48ba-8752-8293dd78f104] at timestamp: 1700825804773
2023-11-24 12:36:44,773 DEBUG o.h.r.t.b.j.i.JdbcResourceLocalTransactionCoordinatorImpl [JdbcResourceLocalTransactionCoordinatorImpl.java:310] JDBC transaction marked for rollback-only (exception provided for stack trace)
java.lang.Exception: exception just for purpose of providing stack trace
	at org.hibernate.resource.transaction.backend.jdbc.internal.JdbcResourceLocalTransactionCoordinatorImpl$TransactionDriverControlImpl.markRollbackOnly(JdbcResourceLocalTransactionCoordinatorImpl.java:310)
	at org.hibernate.internal.AbstractSharedSessionContract.buildNamedQuery(AbstractSharedSessionContract.java:1021)
	at org.hibernate.internal.AbstractSharedSessionContract.createNamedQuery(AbstractSharedSessionContract.java:899)
	at org.hibernate.internal.AbstractSharedSessionContract.createNamedQuery(AbstractSharedSessionContract.java:120)
	at jdk.internal.reflect.GeneratedMethodAccessor47.invoke(Unknown Source)
	at java.base/jdk.internal.reflect.DelegatingMethodAccessorImpl.invoke(DelegatingMethodAccessorImpl.java:43)
	at java.base/java.lang.reflect.Method.invoke(Method.java:568)
	at org.springframework.orm.jpa.ExtendedEntityManagerCreator$ExtendedEntityManagerInvocationHandler.invoke(ExtendedEntityManagerCreator.java:360)
	at jdk.proxy2/jdk.proxy2.$Proxy191.createNamedQuery(Unknown Source)
	at org.springframework.data.jpa.repository.query.NamedQuery.hasNamedQuery(NamedQuery.java:113)
	at org.springframework.data.jpa.repository.query.NamedQuery.lookupFrom(NamedQuery.java:141)
	at org.springframework.data.jpa.repository.query.JpaQueryLookupStrategy$DeclaredQueryLookupStrategy.resolveQuery(JpaQueryLookupStrategy.java:180)
	at org.springframework.data.jpa.repository.query.JpaQueryLookupStrategy$CreateIfNotFoundQueryLookupStrategy.resolveQuery(JpaQueryLookupStrategy.java:252)
	at org.springframework.data.jpa.repository.query.JpaQueryLookupStrategy$AbstractQueryLookupStrategy.resolveQuery(JpaQueryLookupStrategy.java:95)
	at org.springframework.data.repository.core.support.QueryExecutorMethodInterceptor.lookupQuery(QueryExecutorMethodInterceptor.java:111)
	at org.springframework.data.repository.core.support.QueryExecutorMethodInterceptor.mapMethodsToQuery(QueryExecutorMethodInterceptor.java:99)
	at org.springframework.data.repository.core.support.QueryExecutorMethodInterceptor.lambda$new$0(QueryExecutorMethodInterceptor.java:88)
	at java.base/java.util.Optional.map(Optional.java:260)
	at org.springframework.data.repository.core.support.QueryExecutorMethodInterceptor.<init>(QueryExecutorMethodInterceptor.java:88)
	at org.springframework.data.repository.core.support.RepositoryFactorySupport.getRepository(RepositoryFactorySupport.java:357)
	at org.springframework.data.repository.core.support.RepositoryFactoryBeanSupport.lambda$afterPropertiesSet$5(RepositoryFactoryBeanSupport.java:279)
	at org.springframework.data.util.Lazy.getNullable(Lazy.java:245)
	at org.springframework.data.util.Lazy.get(Lazy.java:114)
	at org.springframework.data.repository.core.support.RepositoryFactoryBeanSupport.afterPropertiesSet(RepositoryFactoryBeanSupport.java:285)
	at org.springframework.data.jpa.repository.support.JpaRepositoryFactoryBean.afterPropertiesSet(JpaRepositoryFactoryBean.java:132)
	at org.springframework.beans.factory.support.AbstractAutowireCapableBeanFactory.invokeInitMethods(AbstractAutowireCapableBeanFactory.java:1817)
	at org.springframework.beans.factory.support.AbstractAutowireCapableBeanFactory.initializeBean(AbstractAutowireCapableBeanFactory.java:1766)
	at org.springframework.beans.factory.support.AbstractAutowireCapableBeanFactory.doCreateBean(AbstractAutowireCapableBeanFactory.java:598)
	at org.springframework.beans.factory.support.AbstractAutowireCapableBeanFactory.createBean(AbstractAutowireCapableBeanFactory.java:520)
	at org.springframework.beans.factory.support.AbstractBeanFactory.lambda$doGetBean$0(AbstractBeanFactory.java:325)
	at org.springframework.beans.factory.support.DefaultSingletonBeanRegistry.getSingleton(DefaultSingletonBeanRegistry.java:234)
	at org.springframework.beans.factory.support.AbstractBeanFactory.doGetBean(AbstractBeanFactory.java:323)
	at org.springframework.beans.factory.support.AbstractBeanFactory.getBean(AbstractBeanFactory.java:199)
	at org.springframework.beans.factory.config.DependencyDescriptor.resolveCandidate(DependencyDescriptor.java:254)
	at org.springframework.beans.factory.support.DefaultListableBeanFactory.doResolveDependency(DefaultListableBeanFactory.java:1417)
	at org.springframework.beans.factory.support.DefaultListableBeanFactory.resolveDependency(DefaultListableBeanFactory.java:1337)
	at org.springframework.beans.factory.annotation.AutowiredAnnotationBeanPostProcessor$AutowiredFieldElement.resolveFieldValue(AutowiredAnnotationBeanPostProcessor.java:764)
	at org.springframework.beans.factory.annotation.AutowiredAnnotationBeanPostProcessor$AutowiredFieldElement.inject(AutowiredAnnotationBeanPostProcessor.java:747)
	at org.springframework.beans.factory.annotation.InjectionMetadata.inject(InjectionMetadata.java:145)
	at org.springframework.beans.factory.annotation.AutowiredAnnotationBeanPostProcessor.postProcessProperties(AutowiredAnnotationBeanPostProcessor.java:492)
	at org.springframework.beans.factory.support.AbstractAutowireCapableBeanFactory.populateBean(AbstractAutowireCapableBeanFactory.java:1416)
	at org.springframework.beans.factory.support.AbstractAutowireCapableBeanFactory.doCreateBean(AbstractAutowireCapableBeanFactory.java:597)
	at org.springframework.beans.factory.support.AbstractAutowireCapableBeanFactory.createBean(AbstractAutowireCapableBeanFactory.java:520)
	at org.springframework.beans.factory.support.AbstractBeanFactory.lambda$doGetBean$0(AbstractBeanFactory.java:325)
	at org.springframework.beans.factory.support.DefaultSingletonBeanRegistry.getSingleton(DefaultSingletonBeanRegistry.java:234)
	at org.springframework.beans.factory.support.AbstractBeanFactory.doGetBean(AbstractBeanFactory.java:323)
	at org.springframework.beans.factory.support.AbstractBeanFactory.getBean(AbstractBeanFactory.java:199)
	at org.springframework.beans.factory.support.DefaultListableBeanFactory.preInstantiateSingletons(DefaultListableBeanFactory.java:973)
	at org.springframework.context.support.AbstractApplicationContext.finishBeanFactoryInitialization(AbstractApplicationContext.java:950)
	at org.springframework.context.support.AbstractApplicationContext.refresh(AbstractApplicationContext.java:616)
	at org.springframework.boot.web.servlet.context.ServletWebServerApplicationContext.refresh(ServletWebServerApplicationContext.java:146)
	at org.springframework.boot.SpringApplication.refresh(SpringApplication.java:738)
	at org.springframework.boot.SpringApplication.refreshContext(SpringApplication.java:440)
	at org.springframework.boot.SpringApplication.run(SpringApplication.java:316)
	at org.springframework.boot.test.context.SpringBootContextLoader.lambda$loadContext$3(SpringBootContextLoader.java:137)
	at org.springframework.util.function.ThrowingSupplier.get(ThrowingSupplier.java:58)
	at org.springframework.util.function.ThrowingSupplier.get(ThrowingSupplier.java:46)
	at org.springframework.boot.SpringApplication.withHook(SpringApplication.java:1406)
	at org.springframework.boot.test.context.SpringBootContextLoader$ContextLoaderHook.run(SpringBootContextLoader.java:545)
	at org.springframework.boot.test.context.SpringBootContextLoader.loadContext(SpringBootContextLoader.java:137)
	at org.springframework.boot.test.context.SpringBootContextLoader.loadContext(SpringBootContextLoader.java:108)
	at org.springframework.test.context.cache.DefaultCacheAwareContextLoaderDelegate.loadContextInternal(DefaultCacheAwareContextLoaderDelegate.java:187)
	at org.springframework.test.context.cache.DefaultCacheAwareContextLoaderDelegate.loadContext(DefaultCacheAwareContextLoaderDelegate.java:119)
	at org.springframework.test.context.support.DefaultTestContext.getApplicationContext(DefaultTestContext.java:127)
	at org.springframework.boot.test.mock.mockito.MockitoTestExecutionListener.postProcessFields(MockitoTestExecutionListener.java:110)
	at org.springframework.boot.test.mock.mockito.MockitoTestExecutionListener.injectFields(MockitoTestExecutionListener.java:94)
	at org.springframework.boot.test.mock.mockito.MockitoTestExecutionListener.prepareTestInstance(MockitoTestExecutionListener.java:61)
	at org.springframework.test.context.TestContextManager.prepareTestInstance(TestContextManager.java:241)
	at org.springframework.test.context.junit.jupiter.SpringExtension.postProcessTestInstance(SpringExtension.java:138)
	at org.junit.jupiter.engine.descriptor.ClassBasedTestDescriptor.lambda$invokeTestInstancePostProcessors$10(ClassBasedTestDescriptor.java:377)
	at org.junit.jupiter.engine.descriptor.ClassBasedTestDescriptor.executeAndMaskThrowable(ClassBasedTestDescriptor.java:382)
	at org.junit.jupiter.engine.descriptor.ClassBasedTestDescriptor.lambda$invokeTestInstancePostProcessors$11(ClassBasedTestDescriptor.java:377)
	at java.base/java.util.stream.ReferencePipeline$3$1.accept(ReferencePipeline.java:197)
	at java.base/java.util.stream.ReferencePipeline$2$1.accept(ReferencePipeline.java:179)
	at java.base/java.util.ArrayList$ArrayListSpliterator.forEachRemaining(ArrayList.java:1625)
	at java.base/java.util.stream.AbstractPipeline.copyInto(AbstractPipeline.java:509)
	at java.base/java.util.stream.AbstractPipeline.wrapAndCopyInto(AbstractPipeline.java:499)
	at java.base/java.util.stream.StreamSpliterators$WrappingSpliterator.forEachRemaining(StreamSpliterators.java:310)
	at java.base/java.util.stream.Streams$ConcatSpliterator.forEachRemaining(Streams.java:735)
	at java.base/java.util.stream.Streams$ConcatSpliterator.forEachRemaining(Streams.java:734)
	at java.base/java.util.stream.ReferencePipeline$Head.forEach(ReferencePipeline.java:762)
	at org.junit.jupiter.engine.descriptor.ClassBasedTestDescriptor.invokeTestInstancePostProcessors(ClassBasedTestDescriptor.java:376)
	at org.junit.jupiter.engine.descriptor.ClassBasedTestDescriptor.lambda$instantiateAndPostProcessTestInstance$6(ClassBasedTestDescriptor.java:289)
	at org.junit.platform.engine.support.hierarchical.ThrowableCollector.execute(ThrowableCollector.java:73)
	at org.junit.jupiter.engine.descriptor.ClassBasedTestDescriptor.instantiateAndPostProcessTestInstance(ClassBasedTestDescriptor.java:288)
	at org.junit.jupiter.engine.descriptor.ClassBasedTestDescriptor.lambda$testInstancesProvider$4(ClassBasedTestDescriptor.java:278)
	at java.base/java.util.Optional.orElseGet(Optional.java:364)
	at org.junit.jupiter.engine.descriptor.ClassBasedTestDescriptor.lambda$testInstancesProvider$5(ClassBasedTestDescriptor.java:277)
	at org.junit.jupiter.engine.execution.TestInstancesProvider.getTestInstances(TestInstancesProvider.java:31)
	at org.junit.jupiter.engine.descriptor.TestMethodTestDescriptor.lambda$prepare$0(TestMethodTestDescriptor.java:105)
	at org.junit.platform.engine.support.hierarchical.ThrowableCollector.execute(ThrowableCollector.java:73)
	at org.junit.jupiter.engine.descriptor.TestMethodTestDescriptor.prepare(TestMethodTestDescriptor.java:104)
	at org.junit.jupiter.engine.descriptor.TestMethodTestDescriptor.prepare(TestMethodTestDescriptor.java:68)
	at org.junit.platform.engine.support.hierarchical.NodeTestTask.lambda$prepare$2(NodeTestTask.java:123)
	at org.junit.platform.engine.support.hierarchical.ThrowableCollector.execute(ThrowableCollector.java:73)
	at org.junit.platform.engine.support.hierarchical.NodeTestTask.prepare(NodeTestTask.java:123)
	at org.junit.platform.engine.support.hierarchical.NodeTestTask.execute(NodeTestTask.java:90)
	at java.base/java.util.ArrayList.forEach(ArrayList.java:1511)
	at org.junit.platform.engine.support.hierarchical.SameThreadHierarchicalTestExecutorService.invokeAll(SameThreadHierarchicalTestExecutorService.java:41)
	at org.junit.platform.engine.support.hierarchical.NodeTestTask.lambda$executeRecursively$6(NodeTestTask.java:155)
	at org.junit.platform.engine.support.hierarchical.ThrowableCollector.execute(ThrowableCollector.java:73)
	at org.junit.platform.engine.support.hierarchical.NodeTestTask.lambda$executeRecursively$8(NodeTestTask.java:141)
	at org.junit.platform.engine.support.hierarchical.Node.around(Node.java:137)
	at org.junit.platform.engine.support.hierarchical.NodeTestTask.lambda$executeRecursively$9(NodeTestTask.java:139)
	at org.junit.platform.engine.support.hierarchical.ThrowableCollector.execute(ThrowableCollector.java:73)
	at org.junit.platform.engine.support.hierarchical.NodeTestTask.executeRecursively(NodeTestTask.java:138)
	at org.junit.platform.engine.support.hierarchical.NodeTestTask.execute(NodeTestTask.java:95)
	at java.base/java.util.ArrayList.forEach(ArrayList.java:1511)
	at org.junit.platform.engine.support.hierarchical.SameThreadHierarchicalTestExecutorService.invokeAll(SameThreadHierarchicalTestExecutorService.java:41)
	at org.junit.platform.engine.support.hierarchical.NodeTestTask.lambda$executeRecursively$6(NodeTestTask.java:155)
	at org.junit.platform.engine.support.hierarchical.ThrowableCollector.execute(ThrowableCollector.java:73)
	at org.junit.platform.engine.support.hierarchical.NodeTestTask.lambda$executeRecursively$8(NodeTestTask.java:141)
	at org.junit.platform.engine.support.hierarchical.Node.around(Node.java:137)
	at org.junit.platform.engine.support.hierarchical.NodeTestTask.lambda$executeRecursively$9(NodeTestTask.java:139)
	at org.junit.platform.engine.support.hierarchical.ThrowableCollector.execute(ThrowableCollector.java:73)
	at org.junit.platform.engine.support.hierarchical.NodeTestTask.executeRecursively(NodeTestTask.java:138)
	at org.junit.platform.engine.support.hierarchical.NodeTestTask.execute(NodeTestTask.java:95)
	at org.junit.platform.engine.support.hierarchical.SameThreadHierarchicalTestExecutorService.submit(SameThreadHierarchicalTestExecutorService.java:35)
	at org.junit.platform.engine.support.hierarchical.HierarchicalTestExecutor.execute(HierarchicalTestExecutor.java:57)
	at org.junit.platform.engine.support.hierarchical.HierarchicalTestEngine.execute(HierarchicalTestEngine.java:54)
	at org.junit.platform.launcher.core.EngineExecutionOrchestrator.execute(EngineExecutionOrchestrator.java:147)
	at org.junit.platform.launcher.core.EngineExecutionOrchestrator.execute(EngineExecutionOrchestrator.java:127)
	at org.junit.platform.launcher.core.EngineExecutionOrchestrator.execute(EngineExecutionOrchestrator.java:90)
	at org.junit.platform.launcher.core.EngineExecutionOrchestrator.lambda$execute$0(EngineExecutionOrchestrator.java:55)
	at org.junit.platform.launcher.core.EngineExecutionOrchestrator.withInterceptedStreams(EngineExecutionOrchestrator.java:102)
	at org.junit.platform.launcher.core.EngineExecutionOrchestrator.execute(EngineExecutionOrchestrator.java:54)
	at org.junit.platform.launcher.core.DefaultLauncher.execute(DefaultLauncher.java:114)
	at org.junit.platform.launcher.core.DefaultLauncher.execute(DefaultLauncher.java:86)
	at org.junit.platform.launcher.core.DefaultLauncherSession$DelegatingLauncher.execute(DefaultLauncherSession.java:86)
	at org.apache.maven.surefire.junitplatform.LazyLauncher.execute(LazyLauncher.java:50)
	at org.apache.maven.surefire.junitplatform.JUnitPlatformProvider.execute(JUnitPlatformProvider.java:184)
	at org.apache.maven.surefire.junitplatform.JUnitPlatformProvider.invokeAllTests(JUnitPlatformProvider.java:148)
	at org.apache.maven.surefire.junitplatform.JUnitPlatformProvider.invoke(JUnitPlatformProvider.java:122)
	at org.apache.maven.surefire.booter.ForkedBooter.runSuitesInProcess(ForkedBooter.java:385)
	at org.apache.maven.surefire.booter.ForkedBooter.execute(ForkedBooter.java:162)
	at org.apache.maven.surefire.booter.ForkedBooter.run(ForkedBooter.java:507)
	at org.apache.maven.surefire.booter.ForkedBooter.main(ForkedBooter.java:495)
2023-11-24 12:36:44,774 TRACE o.h.i.SessionImpl [SessionImpl.java:402] Closing session [b5393806-7186-48ba-8752-8293dd78f104]
2023-11-24 12:36:44,774 TRACE o.h.e.j.i.JdbcCoordinatorImpl [JdbcCoordinatorImpl.java:152] Closing JDBC container [org.hibernate.engine.jdbc.internal.JdbcCoordinatorImpl@731cd4ad]
2023-11-24 12:36:44,774 TRACE o.h.r.j.i.ResourceRegistryStandardImpl [ResourceRegistryStandardImpl.java:329] Releasing JDBC resources
2023-11-24 12:36:44,774 TRACE o.h.r.j.i.LogicalConnectionManagedImpl [LogicalConnectionManagedImpl.java:256] Closing logical connection
2023-11-24 12:36:44,774 TRACE o.h.r.j.i.LogicalConnectionManagedImpl [LogicalConnectionManagedImpl.java:263] Logical connection closed
2023-11-24 12:36:44,774 TRACE o.h.i.SessionFactoryImpl$SessionBuilderImpl [SessionFactoryImpl.java:1298] Opening Hibernate Session.  tenant=null
2023-11-24 12:36:44,774 TRACE o.h.i.SessionImpl [SessionImpl.java:262] Opened Session [52d2fb87-cc84-4ead-aa60-ae161ed220f9] at timestamp: 1700825804774
2023-11-24 12:36:44,775 TRACE o.h.i.SessionImpl [SessionImpl.java:402] Closing session [52d2fb87-cc84-4ead-aa60-ae161ed220f9]
2023-11-24 12:36:44,775 TRACE o.h.e.j.i.JdbcCoordinatorImpl [JdbcCoordinatorImpl.java:152] Closing JDBC container [org.hibernate.engine.jdbc.internal.JdbcCoordinatorImpl@2ffd52cf]
2023-11-24 12:36:44,775 TRACE o.h.r.j.i.ResourceRegistryStandardImpl [ResourceRegistryStandardImpl.java:329] Releasing JDBC resources
2023-11-24 12:36:44,775 TRACE o.h.r.j.i.LogicalConnectionManagedImpl [LogicalConnectionManagedImpl.java:256] Closing logical connection
2023-11-24 12:36:44,775 TRACE o.h.r.j.i.LogicalConnectionManagedImpl [LogicalConnectionManagedImpl.java:263] Logical connection closed
2023-11-24 12:36:44,776 TRACE o.h.i.SessionFactoryImpl$SessionBuilderImpl [SessionFactoryImpl.java:1298] Opening Hibernate Session.  tenant=null
2023-11-24 12:36:44,776 TRACE o.h.i.SessionImpl [SessionImpl.java:262] Opened Session [502a4d7c-d2ce-425d-ad61-23ad74bf7721] at timestamp: 1700825804776
2023-11-24 12:36:44,777 DEBUG o.h.r.t.b.j.i.JdbcResourceLocalTransactionCoordinatorImpl [JdbcResourceLocalTransactionCoordinatorImpl.java:310] JDBC transaction marked for rollback-only (exception provided for stack trace)
java.lang.Exception: exception just for purpose of providing stack trace
	at org.hibernate.resource.transaction.backend.jdbc.internal.JdbcResourceLocalTransactionCoordinatorImpl$TransactionDriverControlImpl.markRollbackOnly(JdbcResourceLocalTransactionCoordinatorImpl.java:310)
	at org.hibernate.internal.AbstractSharedSessionContract.buildNamedQuery(AbstractSharedSessionContract.java:1021)
	at org.hibernate.internal.AbstractSharedSessionContract.createNamedQuery(AbstractSharedSessionContract.java:899)
	at org.hibernate.internal.AbstractSharedSessionContract.createNamedQuery(AbstractSharedSessionContract.java:120)
	at jdk.internal.reflect.GeneratedMethodAccessor47.invoke(Unknown Source)
	at java.base/jdk.internal.reflect.DelegatingMethodAccessorImpl.invoke(DelegatingMethodAccessorImpl.java:43)
	at java.base/java.lang.reflect.Method.invoke(Method.java:568)
	at org.springframework.orm.jpa.ExtendedEntityManagerCreator$ExtendedEntityManagerInvocationHandler.invoke(ExtendedEntityManagerCreator.java:360)
	at jdk.proxy2/jdk.proxy2.$Proxy191.createNamedQuery(Unknown Source)
	at org.springframework.data.jpa.repository.query.NamedQuery.hasNamedQuery(NamedQuery.java:113)
	at org.springframework.data.jpa.repository.query.NamedQuery.lookupFrom(NamedQuery.java:141)
	at org.springframework.data.jpa.repository.query.JpaQueryLookupStrategy$DeclaredQueryLookupStrategy.resolveQuery(JpaQueryLookupStrategy.java:180)
	at org.springframework.data.jpa.repository.query.JpaQueryLookupStrategy$CreateIfNotFoundQueryLookupStrategy.resolveQuery(JpaQueryLookupStrategy.java:252)
	at org.springframework.data.jpa.repository.query.JpaQueryLookupStrategy$AbstractQueryLookupStrategy.resolveQuery(JpaQueryLookupStrategy.java:95)
	at org.springframework.data.repository.core.support.QueryExecutorMethodInterceptor.lookupQuery(QueryExecutorMethodInterceptor.java:111)
	at org.springframework.data.repository.core.support.QueryExecutorMethodInterceptor.mapMethodsToQuery(QueryExecutorMethodInterceptor.java:99)
	at org.springframework.data.repository.core.support.QueryExecutorMethodInterceptor.lambda$new$0(QueryExecutorMethodInterceptor.java:88)
	at java.base/java.util.Optional.map(Optional.java:260)
	at org.springframework.data.repository.core.support.QueryExecutorMethodInterceptor.<init>(QueryExecutorMethodInterceptor.java:88)
	at org.springframework.data.repository.core.support.RepositoryFactorySupport.getRepository(RepositoryFactorySupport.java:357)
	at org.springframework.data.repository.core.support.RepositoryFactoryBeanSupport.lambda$afterPropertiesSet$5(RepositoryFactoryBeanSupport.java:279)
	at org.springframework.data.util.Lazy.getNullable(Lazy.java:245)
	at org.springframework.data.util.Lazy.get(Lazy.java:114)
	at org.springframework.data.repository.core.support.RepositoryFactoryBeanSupport.afterPropertiesSet(RepositoryFactoryBeanSupport.java:285)
	at org.springframework.data.jpa.repository.support.JpaRepositoryFactoryBean.afterPropertiesSet(JpaRepositoryFactoryBean.java:132)
	at org.springframework.beans.factory.support.AbstractAutowireCapableBeanFactory.invokeInitMethods(AbstractAutowireCapableBeanFactory.java:1817)
	at org.springframework.beans.factory.support.AbstractAutowireCapableBeanFactory.initializeBean(AbstractAutowireCapableBeanFactory.java:1766)
	at org.springframework.beans.factory.support.AbstractAutowireCapableBeanFactory.doCreateBean(AbstractAutowireCapableBeanFactory.java:598)
	at org.springframework.beans.factory.support.AbstractAutowireCapableBeanFactory.createBean(AbstractAutowireCapableBeanFactory.java:520)
	at org.springframework.beans.factory.support.AbstractBeanFactory.lambda$doGetBean$0(AbstractBeanFactory.java:325)
	at org.springframework.beans.factory.support.DefaultSingletonBeanRegistry.getSingleton(DefaultSingletonBeanRegistry.java:234)
	at org.springframework.beans.factory.support.AbstractBeanFactory.doGetBean(AbstractBeanFactory.java:323)
	at org.springframework.beans.factory.support.AbstractBeanFactory.getBean(AbstractBeanFactory.java:199)
	at org.springframework.beans.factory.config.DependencyDescriptor.resolveCandidate(DependencyDescriptor.java:254)
	at org.springframework.beans.factory.support.DefaultListableBeanFactory.doResolveDependency(DefaultListableBeanFactory.java:1417)
	at org.springframework.beans.factory.support.DefaultListableBeanFactory.resolveDependency(DefaultListableBeanFactory.java:1337)
	at org.springframework.beans.factory.annotation.AutowiredAnnotationBeanPostProcessor$AutowiredFieldElement.resolveFieldValue(AutowiredAnnotationBeanPostProcessor.java:764)
	at org.springframework.beans.factory.annotation.AutowiredAnnotationBeanPostProcessor$AutowiredFieldElement.inject(AutowiredAnnotationBeanPostProcessor.java:747)
	at org.springframework.beans.factory.annotation.InjectionMetadata.inject(InjectionMetadata.java:145)
	at org.springframework.beans.factory.annotation.AutowiredAnnotationBeanPostProcessor.postProcessProperties(AutowiredAnnotationBeanPostProcessor.java:492)
	at org.springframework.beans.factory.support.AbstractAutowireCapableBeanFactory.populateBean(AbstractAutowireCapableBeanFactory.java:1416)
	at org.springframework.beans.factory.support.AbstractAutowireCapableBeanFactory.doCreateBean(AbstractAutowireCapableBeanFactory.java:597)
	at org.springframework.beans.factory.support.AbstractAutowireCapableBeanFactory.createBean(AbstractAutowireCapableBeanFactory.java:520)
	at org.springframework.beans.factory.support.AbstractBeanFactory.lambda$doGetBean$0(AbstractBeanFactory.java:325)
	at org.springframework.beans.factory.support.DefaultSingletonBeanRegistry.getSingleton(DefaultSingletonBeanRegistry.java:234)
	at org.springframework.beans.factory.support.AbstractBeanFactory.doGetBean(AbstractBeanFactory.java:323)
	at org.springframework.beans.factory.support.AbstractBeanFactory.getBean(AbstractBeanFactory.java:199)
	at org.springframework.beans.factory.support.DefaultListableBeanFactory.preInstantiateSingletons(DefaultListableBeanFactory.java:973)
	at org.springframework.context.support.AbstractApplicationContext.finishBeanFactoryInitialization(AbstractApplicationContext.java:950)
	at org.springframework.context.support.AbstractApplicationContext.refresh(AbstractApplicationContext.java:616)
	at org.springframework.boot.web.servlet.context.ServletWebServerApplicationContext.refresh(ServletWebServerApplicationContext.java:146)
	at org.springframework.boot.SpringApplication.refresh(SpringApplication.java:738)
	at org.springframework.boot.SpringApplication.refreshContext(SpringApplication.java:440)
	at org.springframework.boot.SpringApplication.run(SpringApplication.java:316)
	at org.springframework.boot.test.context.SpringBootContextLoader.lambda$loadContext$3(SpringBootContextLoader.java:137)
	at org.springframework.util.function.ThrowingSupplier.get(ThrowingSupplier.java:58)
	at org.springframework.util.function.ThrowingSupplier.get(ThrowingSupplier.java:46)
	at org.springframework.boot.SpringApplication.withHook(SpringApplication.java:1406)
	at org.springframework.boot.test.context.SpringBootContextLoader$ContextLoaderHook.run(SpringBootContextLoader.java:545)
	at org.springframework.boot.test.context.SpringBootContextLoader.loadContext(SpringBootContextLoader.java:137)
	at org.springframework.boot.test.context.SpringBootContextLoader.loadContext(SpringBootContextLoader.java:108)
	at org.springframework.test.context.cache.DefaultCacheAwareContextLoaderDelegate.loadContextInternal(DefaultCacheAwareContextLoaderDelegate.java:187)
	at org.springframework.test.context.cache.DefaultCacheAwareContextLoaderDelegate.loadContext(DefaultCacheAwareContextLoaderDelegate.java:119)
	at org.springframework.test.context.support.DefaultTestContext.getApplicationContext(DefaultTestContext.java:127)
	at org.springframework.boot.test.mock.mockito.MockitoTestExecutionListener.postProcessFields(MockitoTestExecutionListener.java:110)
	at org.springframework.boot.test.mock.mockito.MockitoTestExecutionListener.injectFields(MockitoTestExecutionListener.java:94)
	at org.springframework.boot.test.mock.mockito.MockitoTestExecutionListener.prepareTestInstance(MockitoTestExecutionListener.java:61)
	at org.springframework.test.context.TestContextManager.prepareTestInstance(TestContextManager.java:241)
	at org.springframework.test.context.junit.jupiter.SpringExtension.postProcessTestInstance(SpringExtension.java:138)
	at org.junit.jupiter.engine.descriptor.ClassBasedTestDescriptor.lambda$invokeTestInstancePostProcessors$10(ClassBasedTestDescriptor.java:377)
	at org.junit.jupiter.engine.descriptor.ClassBasedTestDescriptor.executeAndMaskThrowable(ClassBasedTestDescriptor.java:382)
	at org.junit.jupiter.engine.descriptor.ClassBasedTestDescriptor.lambda$invokeTestInstancePostProcessors$11(ClassBasedTestDescriptor.java:377)
	at java.base/java.util.stream.ReferencePipeline$3$1.accept(ReferencePipeline.java:197)
	at java.base/java.util.stream.ReferencePipeline$2$1.accept(ReferencePipeline.java:179)
	at java.base/java.util.ArrayList$ArrayListSpliterator.forEachRemaining(ArrayList.java:1625)
	at java.base/java.util.stream.AbstractPipeline.copyInto(AbstractPipeline.java:509)
	at java.base/java.util.stream.AbstractPipeline.wrapAndCopyInto(AbstractPipeline.java:499)
	at java.base/java.util.stream.StreamSpliterators$WrappingSpliterator.forEachRemaining(StreamSpliterators.java:310)
	at java.base/java.util.stream.Streams$ConcatSpliterator.forEachRemaining(Streams.java:735)
	at java.base/java.util.stream.Streams$ConcatSpliterator.forEachRemaining(Streams.java:734)
	at java.base/java.util.stream.ReferencePipeline$Head.forEach(ReferencePipeline.java:762)
	at org.junit.jupiter.engine.descriptor.ClassBasedTestDescriptor.invokeTestInstancePostProcessors(ClassBasedTestDescriptor.java:376)
	at org.junit.jupiter.engine.descriptor.ClassBasedTestDescriptor.lambda$instantiateAndPostProcessTestInstance$6(ClassBasedTestDescriptor.java:289)
	at org.junit.platform.engine.support.hierarchical.ThrowableCollector.execute(ThrowableCollector.java:73)
	at org.junit.jupiter.engine.descriptor.ClassBasedTestDescriptor.instantiateAndPostProcessTestInstance(ClassBasedTestDescriptor.java:288)
	at org.junit.jupiter.engine.descriptor.ClassBasedTestDescriptor.lambda$testInstancesProvider$4(ClassBasedTestDescriptor.java:278)
	at java.base/java.util.Optional.orElseGet(Optional.java:364)
	at org.junit.jupiter.engine.descriptor.ClassBasedTestDescriptor.lambda$testInstancesProvider$5(ClassBasedTestDescriptor.java:277)
	at org.junit.jupiter.engine.execution.TestInstancesProvider.getTestInstances(TestInstancesProvider.java:31)
	at org.junit.jupiter.engine.descriptor.TestMethodTestDescriptor.lambda$prepare$0(TestMethodTestDescriptor.java:105)
	at org.junit.platform.engine.support.hierarchical.ThrowableCollector.execute(ThrowableCollector.java:73)
	at org.junit.jupiter.engine.descriptor.TestMethodTestDescriptor.prepare(TestMethodTestDescriptor.java:104)
	at org.junit.jupiter.engine.descriptor.TestMethodTestDescriptor.prepare(TestMethodTestDescriptor.java:68)
	at org.junit.platform.engine.support.hierarchical.NodeTestTask.lambda$prepare$2(NodeTestTask.java:123)
	at org.junit.platform.engine.support.hierarchical.ThrowableCollector.execute(ThrowableCollector.java:73)
	at org.junit.platform.engine.support.hierarchical.NodeTestTask.prepare(NodeTestTask.java:123)
	at org.junit.platform.engine.support.hierarchical.NodeTestTask.execute(NodeTestTask.java:90)
	at java.base/java.util.ArrayList.forEach(ArrayList.java:1511)
	at org.junit.platform.engine.support.hierarchical.SameThreadHierarchicalTestExecutorService.invokeAll(SameThreadHierarchicalTestExecutorService.java:41)
	at org.junit.platform.engine.support.hierarchical.NodeTestTask.lambda$executeRecursively$6(NodeTestTask.java:155)
	at org.junit.platform.engine.support.hierarchical.ThrowableCollector.execute(ThrowableCollector.java:73)
	at org.junit.platform.engine.support.hierarchical.NodeTestTask.lambda$executeRecursively$8(NodeTestTask.java:141)
	at org.junit.platform.engine.support.hierarchical.Node.around(Node.java:137)
	at org.junit.platform.engine.support.hierarchical.NodeTestTask.lambda$executeRecursively$9(NodeTestTask.java:139)
	at org.junit.platform.engine.support.hierarchical.ThrowableCollector.execute(ThrowableCollector.java:73)
	at org.junit.platform.engine.support.hierarchical.NodeTestTask.executeRecursively(NodeTestTask.java:138)
	at org.junit.platform.engine.support.hierarchical.NodeTestTask.execute(NodeTestTask.java:95)
	at java.base/java.util.ArrayList.forEach(ArrayList.java:1511)
	at org.junit.platform.engine.support.hierarchical.SameThreadHierarchicalTestExecutorService.invokeAll(SameThreadHierarchicalTestExecutorService.java:41)
	at org.junit.platform.engine.support.hierarchical.NodeTestTask.lambda$executeRecursively$6(NodeTestTask.java:155)
	at org.junit.platform.engine.support.hierarchical.ThrowableCollector.execute(ThrowableCollector.java:73)
	at org.junit.platform.engine.support.hierarchical.NodeTestTask.lambda$executeRecursively$8(NodeTestTask.java:141)
	at org.junit.platform.engine.support.hierarchical.Node.around(Node.java:137)
	at org.junit.platform.engine.support.hierarchical.NodeTestTask.lambda$executeRecursively$9(NodeTestTask.java:139)
	at org.junit.platform.engine.support.hierarchical.ThrowableCollector.execute(ThrowableCollector.java:73)
	at org.junit.platform.engine.support.hierarchical.NodeTestTask.executeRecursively(NodeTestTask.java:138)
	at org.junit.platform.engine.support.hierarchical.NodeTestTask.execute(NodeTestTask.java:95)
	at org.junit.platform.engine.support.hierarchical.SameThreadHierarchicalTestExecutorService.submit(SameThreadHierarchicalTestExecutorService.java:35)
	at org.junit.platform.engine.support.hierarchical.HierarchicalTestExecutor.execute(HierarchicalTestExecutor.java:57)
	at org.junit.platform.engine.support.hierarchical.HierarchicalTestEngine.execute(HierarchicalTestEngine.java:54)
	at org.junit.platform.launcher.core.EngineExecutionOrchestrator.execute(EngineExecutionOrchestrator.java:147)
	at org.junit.platform.launcher.core.EngineExecutionOrchestrator.execute(EngineExecutionOrchestrator.java:127)
	at org.junit.platform.launcher.core.EngineExecutionOrchestrator.execute(EngineExecutionOrchestrator.java:90)
	at org.junit.platform.launcher.core.EngineExecutionOrchestrator.lambda$execute$0(EngineExecutionOrchestrator.java:55)
	at org.junit.platform.launcher.core.EngineExecutionOrchestrator.withInterceptedStreams(EngineExecutionOrchestrator.java:102)
	at org.junit.platform.launcher.core.EngineExecutionOrchestrator.execute(EngineExecutionOrchestrator.java:54)
	at org.junit.platform.launcher.core.DefaultLauncher.execute(DefaultLauncher.java:114)
	at org.junit.platform.launcher.core.DefaultLauncher.execute(DefaultLauncher.java:86)
	at org.junit.platform.launcher.core.DefaultLauncherSession$DelegatingLauncher.execute(DefaultLauncherSession.java:86)
	at org.apache.maven.surefire.junitplatform.LazyLauncher.execute(LazyLauncher.java:50)
	at org.apache.maven.surefire.junitplatform.JUnitPlatformProvider.execute(JUnitPlatformProvider.java:184)
	at org.apache.maven.surefire.junitplatform.JUnitPlatformProvider.invokeAllTests(JUnitPlatformProvider.java:148)
	at org.apache.maven.surefire.junitplatform.JUnitPlatformProvider.invoke(JUnitPlatformProvider.java:122)
	at org.apache.maven.surefire.booter.ForkedBooter.runSuitesInProcess(ForkedBooter.java:385)
	at org.apache.maven.surefire.booter.ForkedBooter.execute(ForkedBooter.java:162)
	at org.apache.maven.surefire.booter.ForkedBooter.run(ForkedBooter.java:507)
	at org.apache.maven.surefire.booter.ForkedBooter.main(ForkedBooter.java:495)
2023-11-24 12:36:44,777 TRACE o.h.i.SessionImpl [SessionImpl.java:402] Closing session [502a4d7c-d2ce-425d-ad61-23ad74bf7721]
2023-11-24 12:36:44,777 TRACE o.h.e.j.i.JdbcCoordinatorImpl [JdbcCoordinatorImpl.java:152] Closing JDBC container [org.hibernate.engine.jdbc.internal.JdbcCoordinatorImpl@86d2411]
2023-11-24 12:36:44,777 TRACE o.h.r.j.i.ResourceRegistryStandardImpl [ResourceRegistryStandardImpl.java:329] Releasing JDBC resources
2023-11-24 12:36:44,778 TRACE o.h.r.j.i.LogicalConnectionManagedImpl [LogicalConnectionManagedImpl.java:256] Closing logical connection
2023-11-24 12:36:44,778 TRACE o.h.r.j.i.LogicalConnectionManagedImpl [LogicalConnectionManagedImpl.java:263] Logical connection closed
2023-11-24 12:36:44,778 TRACE o.h.i.SessionFactoryImpl$SessionBuilderImpl [SessionFactoryImpl.java:1298] Opening Hibernate Session.  tenant=null
2023-11-24 12:36:44,778 TRACE o.h.i.SessionImpl [SessionImpl.java:262] Opened Session [230fb364-41e0-422f-b8ca-06d1f6b12f64] at timestamp: 1700825804778
2023-11-24 12:36:44,778 TRACE o.h.i.SessionImpl [SessionImpl.java:402] Closing session [230fb364-41e0-422f-b8ca-06d1f6b12f64]
2023-11-24 12:36:44,778 TRACE o.h.e.j.i.JdbcCoordinatorImpl [JdbcCoordinatorImpl.java:152] Closing JDBC container [org.hibernate.engine.jdbc.internal.JdbcCoordinatorImpl@1d41200d]
2023-11-24 12:36:44,778 TRACE o.h.r.j.i.ResourceRegistryStandardImpl [ResourceRegistryStandardImpl.java:329] Releasing JDBC resources
2023-11-24 12:36:44,778 TRACE o.h.r.j.i.LogicalConnectionManagedImpl [LogicalConnectionManagedImpl.java:256] Closing logical connection
2023-11-24 12:36:44,779 TRACE o.h.r.j.i.LogicalConnectionManagedImpl [LogicalConnectionManagedImpl.java:263] Logical connection closed
2023-11-24 12:36:44,779 TRACE o.h.i.SessionFactoryImpl$SessionBuilderImpl [SessionFactoryImpl.java:1298] Opening Hibernate Session.  tenant=null
2023-11-24 12:36:44,780 TRACE o.h.i.SessionImpl [SessionImpl.java:262] Opened Session [183ff1f5-8024-4e82-aebe-8fda84c6b69b] at timestamp: 1700825804780
2023-11-24 12:36:44,780 DEBUG o.h.r.t.b.j.i.JdbcResourceLocalTransactionCoordinatorImpl [JdbcResourceLocalTransactionCoordinatorImpl.java:310] JDBC transaction marked for rollback-only (exception provided for stack trace)
java.lang.Exception: exception just for purpose of providing stack trace
	at org.hibernate.resource.transaction.backend.jdbc.internal.JdbcResourceLocalTransactionCoordinatorImpl$TransactionDriverControlImpl.markRollbackOnly(JdbcResourceLocalTransactionCoordinatorImpl.java:310)
	at org.hibernate.internal.AbstractSharedSessionContract.buildNamedQuery(AbstractSharedSessionContract.java:1021)
	at org.hibernate.internal.AbstractSharedSessionContract.createNamedQuery(AbstractSharedSessionContract.java:899)
	at org.hibernate.internal.AbstractSharedSessionContract.createNamedQuery(AbstractSharedSessionContract.java:120)
	at jdk.internal.reflect.GeneratedMethodAccessor47.invoke(Unknown Source)
	at java.base/jdk.internal.reflect.DelegatingMethodAccessorImpl.invoke(DelegatingMethodAccessorImpl.java:43)
	at java.base/java.lang.reflect.Method.invoke(Method.java:568)
	at org.springframework.orm.jpa.ExtendedEntityManagerCreator$ExtendedEntityManagerInvocationHandler.invoke(ExtendedEntityManagerCreator.java:360)
	at jdk.proxy2/jdk.proxy2.$Proxy191.createNamedQuery(Unknown Source)
	at org.springframework.data.jpa.repository.query.NamedQuery.hasNamedQuery(NamedQuery.java:113)
	at org.springframework.data.jpa.repository.query.NamedQuery.lookupFrom(NamedQuery.java:141)
	at org.springframework.data.jpa.repository.query.JpaQueryLookupStrategy$DeclaredQueryLookupStrategy.resolveQuery(JpaQueryLookupStrategy.java:180)
	at org.springframework.data.jpa.repository.query.JpaQueryLookupStrategy$CreateIfNotFoundQueryLookupStrategy.resolveQuery(JpaQueryLookupStrategy.java:252)
	at org.springframework.data.jpa.repository.query.JpaQueryLookupStrategy$AbstractQueryLookupStrategy.resolveQuery(JpaQueryLookupStrategy.java:95)
	at org.springframework.data.repository.core.support.QueryExecutorMethodInterceptor.lookupQuery(QueryExecutorMethodInterceptor.java:111)
	at org.springframework.data.repository.core.support.QueryExecutorMethodInterceptor.mapMethodsToQuery(QueryExecutorMethodInterceptor.java:99)
	at org.springframework.data.repository.core.support.QueryExecutorMethodInterceptor.lambda$new$0(QueryExecutorMethodInterceptor.java:88)
	at java.base/java.util.Optional.map(Optional.java:260)
	at org.springframework.data.repository.core.support.QueryExecutorMethodInterceptor.<init>(QueryExecutorMethodInterceptor.java:88)
	at org.springframework.data.repository.core.support.RepositoryFactorySupport.getRepository(RepositoryFactorySupport.java:357)
	at org.springframework.data.repository.core.support.RepositoryFactoryBeanSupport.lambda$afterPropertiesSet$5(RepositoryFactoryBeanSupport.java:279)
	at org.springframework.data.util.Lazy.getNullable(Lazy.java:245)
	at org.springframework.data.util.Lazy.get(Lazy.java:114)
	at org.springframework.data.repository.core.support.RepositoryFactoryBeanSupport.afterPropertiesSet(RepositoryFactoryBeanSupport.java:285)
	at org.springframework.data.jpa.repository.support.JpaRepositoryFactoryBean.afterPropertiesSet(JpaRepositoryFactoryBean.java:132)
	at org.springframework.beans.factory.support.AbstractAutowireCapableBeanFactory.invokeInitMethods(AbstractAutowireCapableBeanFactory.java:1817)
	at org.springframework.beans.factory.support.AbstractAutowireCapableBeanFactory.initializeBean(AbstractAutowireCapableBeanFactory.java:1766)
	at org.springframework.beans.factory.support.AbstractAutowireCapableBeanFactory.doCreateBean(AbstractAutowireCapableBeanFactory.java:598)
	at org.springframework.beans.factory.support.AbstractAutowireCapableBeanFactory.createBean(AbstractAutowireCapableBeanFactory.java:520)
	at org.springframework.beans.factory.support.AbstractBeanFactory.lambda$doGetBean$0(AbstractBeanFactory.java:325)
	at org.springframework.beans.factory.support.DefaultSingletonBeanRegistry.getSingleton(DefaultSingletonBeanRegistry.java:234)
	at org.springframework.beans.factory.support.AbstractBeanFactory.doGetBean(AbstractBeanFactory.java:323)
	at org.springframework.beans.factory.support.AbstractBeanFactory.getBean(AbstractBeanFactory.java:199)
	at org.springframework.beans.factory.config.DependencyDescriptor.resolveCandidate(DependencyDescriptor.java:254)
	at org.springframework.beans.factory.support.DefaultListableBeanFactory.doResolveDependency(DefaultListableBeanFactory.java:1417)
	at org.springframework.beans.factory.support.DefaultListableBeanFactory.resolveDependency(DefaultListableBeanFactory.java:1337)
	at org.springframework.beans.factory.annotation.AutowiredAnnotationBeanPostProcessor$AutowiredFieldElement.resolveFieldValue(AutowiredAnnotationBeanPostProcessor.java:764)
	at org.springframework.beans.factory.annotation.AutowiredAnnotationBeanPostProcessor$AutowiredFieldElement.inject(AutowiredAnnotationBeanPostProcessor.java:747)
	at org.springframework.beans.factory.annotation.InjectionMetadata.inject(InjectionMetadata.java:145)
	at org.springframework.beans.factory.annotation.AutowiredAnnotationBeanPostProcessor.postProcessProperties(AutowiredAnnotationBeanPostProcessor.java:492)
	at org.springframework.beans.factory.support.AbstractAutowireCapableBeanFactory.populateBean(AbstractAutowireCapableBeanFactory.java:1416)
	at org.springframework.beans.factory.support.AbstractAutowireCapableBeanFactory.doCreateBean(AbstractAutowireCapableBeanFactory.java:597)
	at org.springframework.beans.factory.support.AbstractAutowireCapableBeanFactory.createBean(AbstractAutowireCapableBeanFactory.java:520)
	at org.springframework.beans.factory.support.AbstractBeanFactory.lambda$doGetBean$0(AbstractBeanFactory.java:325)
	at org.springframework.beans.factory.support.DefaultSingletonBeanRegistry.getSingleton(DefaultSingletonBeanRegistry.java:234)
	at org.springframework.beans.factory.support.AbstractBeanFactory.doGetBean(AbstractBeanFactory.java:323)
	at org.springframework.beans.factory.support.AbstractBeanFactory.getBean(AbstractBeanFactory.java:199)
	at org.springframework.beans.factory.support.DefaultListableBeanFactory.preInstantiateSingletons(DefaultListableBeanFactory.java:973)
	at org.springframework.context.support.AbstractApplicationContext.finishBeanFactoryInitialization(AbstractApplicationContext.java:950)
	at org.springframework.context.support.AbstractApplicationContext.refresh(AbstractApplicationContext.java:616)
	at org.springframework.boot.web.servlet.context.ServletWebServerApplicationContext.refresh(ServletWebServerApplicationContext.java:146)
	at org.springframework.boot.SpringApplication.refresh(SpringApplication.java:738)
	at org.springframework.boot.SpringApplication.refreshContext(SpringApplication.java:440)
	at org.springframework.boot.SpringApplication.run(SpringApplication.java:316)
	at org.springframework.boot.test.context.SpringBootContextLoader.lambda$loadContext$3(SpringBootContextLoader.java:137)
	at org.springframework.util.function.ThrowingSupplier.get(ThrowingSupplier.java:58)
	at org.springframework.util.function.ThrowingSupplier.get(ThrowingSupplier.java:46)
	at org.springframework.boot.SpringApplication.withHook(SpringApplication.java:1406)
	at org.springframework.boot.test.context.SpringBootContextLoader$ContextLoaderHook.run(SpringBootContextLoader.java:545)
	at org.springframework.boot.test.context.SpringBootContextLoader.loadContext(SpringBootContextLoader.java:137)
	at org.springframework.boot.test.context.SpringBootContextLoader.loadContext(SpringBootContextLoader.java:108)
	at org.springframework.test.context.cache.DefaultCacheAwareContextLoaderDelegate.loadContextInternal(DefaultCacheAwareContextLoaderDelegate.java:187)
	at org.springframework.test.context.cache.DefaultCacheAwareContextLoaderDelegate.loadContext(DefaultCacheAwareContextLoaderDelegate.java:119)
	at org.springframework.test.context.support.DefaultTestContext.getApplicationContext(DefaultTestContext.java:127)
	at org.springframework.boot.test.mock.mockito.MockitoTestExecutionListener.postProcessFields(MockitoTestExecutionListener.java:110)
	at org.springframework.boot.test.mock.mockito.MockitoTestExecutionListener.injectFields(MockitoTestExecutionListener.java:94)
	at org.springframework.boot.test.mock.mockito.MockitoTestExecutionListener.prepareTestInstance(MockitoTestExecutionListener.java:61)
	at org.springframework.test.context.TestContextManager.prepareTestInstance(TestContextManager.java:241)
	at org.springframework.test.context.junit.jupiter.SpringExtension.postProcessTestInstance(SpringExtension.java:138)
	at org.junit.jupiter.engine.descriptor.ClassBasedTestDescriptor.lambda$invokeTestInstancePostProcessors$10(ClassBasedTestDescriptor.java:377)
	at org.junit.jupiter.engine.descriptor.ClassBasedTestDescriptor.executeAndMaskThrowable(ClassBasedTestDescriptor.java:382)
	at org.junit.jupiter.engine.descriptor.ClassBasedTestDescriptor.lambda$invokeTestInstancePostProcessors$11(ClassBasedTestDescriptor.java:377)
	at java.base/java.util.stream.ReferencePipeline$3$1.accept(ReferencePipeline.java:197)
	at java.base/java.util.stream.ReferencePipeline$2$1.accept(ReferencePipeline.java:179)
	at java.base/java.util.ArrayList$ArrayListSpliterator.forEachRemaining(ArrayList.java:1625)
	at java.base/java.util.stream.AbstractPipeline.copyInto(AbstractPipeline.java:509)
	at java.base/java.util.stream.AbstractPipeline.wrapAndCopyInto(AbstractPipeline.java:499)
	at java.base/java.util.stream.StreamSpliterators$WrappingSpliterator.forEachRemaining(StreamSpliterators.java:310)
	at java.base/java.util.stream.Streams$ConcatSpliterator.forEachRemaining(Streams.java:735)
	at java.base/java.util.stream.Streams$ConcatSpliterator.forEachRemaining(Streams.java:734)
	at java.base/java.util.stream.ReferencePipeline$Head.forEach(ReferencePipeline.java:762)
	at org.junit.jupiter.engine.descriptor.ClassBasedTestDescriptor.invokeTestInstancePostProcessors(ClassBasedTestDescriptor.java:376)
	at org.junit.jupiter.engine.descriptor.ClassBasedTestDescriptor.lambda$instantiateAndPostProcessTestInstance$6(ClassBasedTestDescriptor.java:289)
	at org.junit.platform.engine.support.hierarchical.ThrowableCollector.execute(ThrowableCollector.java:73)
	at org.junit.jupiter.engine.descriptor.ClassBasedTestDescriptor.instantiateAndPostProcessTestInstance(ClassBasedTestDescriptor.java:288)
	at org.junit.jupiter.engine.descriptor.ClassBasedTestDescriptor.lambda$testInstancesProvider$4(ClassBasedTestDescriptor.java:278)
	at java.base/java.util.Optional.orElseGet(Optional.java:364)
	at org.junit.jupiter.engine.descriptor.ClassBasedTestDescriptor.lambda$testInstancesProvider$5(ClassBasedTestDescriptor.java:277)
	at org.junit.jupiter.engine.execution.TestInstancesProvider.getTestInstances(TestInstancesProvider.java:31)
	at org.junit.jupiter.engine.descriptor.TestMethodTestDescriptor.lambda$prepare$0(TestMethodTestDescriptor.java:105)
	at org.junit.platform.engine.support.hierarchical.ThrowableCollector.execute(ThrowableCollector.java:73)
	at org.junit.jupiter.engine.descriptor.TestMethodTestDescriptor.prepare(TestMethodTestDescriptor.java:104)
	at org.junit.jupiter.engine.descriptor.TestMethodTestDescriptor.prepare(TestMethodTestDescriptor.java:68)
	at org.junit.platform.engine.support.hierarchical.NodeTestTask.lambda$prepare$2(NodeTestTask.java:123)
	at org.junit.platform.engine.support.hierarchical.ThrowableCollector.execute(ThrowableCollector.java:73)
	at org.junit.platform.engine.support.hierarchical.NodeTestTask.prepare(NodeTestTask.java:123)
	at org.junit.platform.engine.support.hierarchical.NodeTestTask.execute(NodeTestTask.java:90)
	at java.base/java.util.ArrayList.forEach(ArrayList.java:1511)
	at org.junit.platform.engine.support.hierarchical.SameThreadHierarchicalTestExecutorService.invokeAll(SameThreadHierarchicalTestExecutorService.java:41)
	at org.junit.platform.engine.support.hierarchical.NodeTestTask.lambda$executeRecursively$6(NodeTestTask.java:155)
	at org.junit.platform.engine.support.hierarchical.ThrowableCollector.execute(ThrowableCollector.java:73)
	at org.junit.platform.engine.support.hierarchical.NodeTestTask.lambda$executeRecursively$8(NodeTestTask.java:141)
	at org.junit.platform.engine.support.hierarchical.Node.around(Node.java:137)
	at org.junit.platform.engine.support.hierarchical.NodeTestTask.lambda$executeRecursively$9(NodeTestTask.java:139)
	at org.junit.platform.engine.support.hierarchical.ThrowableCollector.execute(ThrowableCollector.java:73)
	at org.junit.platform.engine.support.hierarchical.NodeTestTask.executeRecursively(NodeTestTask.java:138)
	at org.junit.platform.engine.support.hierarchical.NodeTestTask.execute(NodeTestTask.java:95)
	at java.base/java.util.ArrayList.forEach(ArrayList.java:1511)
	at org.junit.platform.engine.support.hierarchical.SameThreadHierarchicalTestExecutorService.invokeAll(SameThreadHierarchicalTestExecutorService.java:41)
	at org.junit.platform.engine.support.hierarchical.NodeTestTask.lambda$executeRecursively$6(NodeTestTask.java:155)
	at org.junit.platform.engine.support.hierarchical.ThrowableCollector.execute(ThrowableCollector.java:73)
	at org.junit.platform.engine.support.hierarchical.NodeTestTask.lambda$executeRecursively$8(NodeTestTask.java:141)
	at org.junit.platform.engine.support.hierarchical.Node.around(Node.java:137)
	at org.junit.platform.engine.support.hierarchical.NodeTestTask.lambda$executeRecursively$9(NodeTestTask.java:139)
	at org.junit.platform.engine.support.hierarchical.ThrowableCollector.execute(ThrowableCollector.java:73)
	at org.junit.platform.engine.support.hierarchical.NodeTestTask.executeRecursively(NodeTestTask.java:138)
	at org.junit.platform.engine.support.hierarchical.NodeTestTask.execute(NodeTestTask.java:95)
	at org.junit.platform.engine.support.hierarchical.SameThreadHierarchicalTestExecutorService.submit(SameThreadHierarchicalTestExecutorService.java:35)
	at org.junit.platform.engine.support.hierarchical.HierarchicalTestExecutor.execute(HierarchicalTestExecutor.java:57)
	at org.junit.platform.engine.support.hierarchical.HierarchicalTestEngine.execute(HierarchicalTestEngine.java:54)
	at org.junit.platform.launcher.core.EngineExecutionOrchestrator.execute(EngineExecutionOrchestrator.java:147)
	at org.junit.platform.launcher.core.EngineExecutionOrchestrator.execute(EngineExecutionOrchestrator.java:127)
	at org.junit.platform.launcher.core.EngineExecutionOrchestrator.execute(EngineExecutionOrchestrator.java:90)
	at org.junit.platform.launcher.core.EngineExecutionOrchestrator.lambda$execute$0(EngineExecutionOrchestrator.java:55)
	at org.junit.platform.launcher.core.EngineExecutionOrchestrator.withInterceptedStreams(EngineExecutionOrchestrator.java:102)
	at org.junit.platform.launcher.core.EngineExecutionOrchestrator.execute(EngineExecutionOrchestrator.java:54)
	at org.junit.platform.launcher.core.DefaultLauncher.execute(DefaultLauncher.java:114)
	at org.junit.platform.launcher.core.DefaultLauncher.execute(DefaultLauncher.java:86)
	at org.junit.platform.launcher.core.DefaultLauncherSession$DelegatingLauncher.execute(DefaultLauncherSession.java:86)
	at org.apache.maven.surefire.junitplatform.LazyLauncher.execute(LazyLauncher.java:50)
	at org.apache.maven.surefire.junitplatform.JUnitPlatformProvider.execute(JUnitPlatformProvider.java:184)
	at org.apache.maven.surefire.junitplatform.JUnitPlatformProvider.invokeAllTests(JUnitPlatformProvider.java:148)
	at org.apache.maven.surefire.junitplatform.JUnitPlatformProvider.invoke(JUnitPlatformProvider.java:122)
	at org.apache.maven.surefire.booter.ForkedBooter.runSuitesInProcess(ForkedBooter.java:385)
	at org.apache.maven.surefire.booter.ForkedBooter.execute(ForkedBooter.java:162)
	at org.apache.maven.surefire.booter.ForkedBooter.run(ForkedBooter.java:507)
	at org.apache.maven.surefire.booter.ForkedBooter.main(ForkedBooter.java:495)
2023-11-24 12:36:44,780 TRACE o.h.i.SessionImpl [SessionImpl.java:402] Closing session [183ff1f5-8024-4e82-aebe-8fda84c6b69b]
2023-11-24 12:36:44,781 TRACE o.h.e.j.i.JdbcCoordinatorImpl [JdbcCoordinatorImpl.java:152] Closing JDBC container [org.hibernate.engine.jdbc.internal.JdbcCoordinatorImpl@3420c32e]
2023-11-24 12:36:44,781 TRACE o.h.r.j.i.ResourceRegistryStandardImpl [ResourceRegistryStandardImpl.java:329] Releasing JDBC resources
2023-11-24 12:36:44,781 TRACE o.h.r.j.i.LogicalConnectionManagedImpl [LogicalConnectionManagedImpl.java:256] Closing logical connection
2023-11-24 12:36:44,781 TRACE o.h.r.j.i.LogicalConnectionManagedImpl [LogicalConnectionManagedImpl.java:263] Logical connection closed
2023-11-24 12:36:44,781 TRACE o.h.i.SessionFactoryImpl$SessionBuilderImpl [SessionFactoryImpl.java:1298] Opening Hibernate Session.  tenant=null
2023-11-24 12:36:44,781 TRACE o.h.i.SessionImpl [SessionImpl.java:262] Opened Session [339ff35d-7888-4cd9-a31e-c9d6d61b0c2d] at timestamp: 1700825804781
2023-11-24 12:36:44,782 TRACE o.h.i.SessionImpl [SessionImpl.java:402] Closing session [339ff35d-7888-4cd9-a31e-c9d6d61b0c2d]
2023-11-24 12:36:44,782 TRACE o.h.e.j.i.JdbcCoordinatorImpl [JdbcCoordinatorImpl.java:152] Closing JDBC container [org.hibernate.engine.jdbc.internal.JdbcCoordinatorImpl@550c3417]
2023-11-24 12:36:44,782 TRACE o.h.r.j.i.ResourceRegistryStandardImpl [ResourceRegistryStandardImpl.java:329] Releasing JDBC resources
2023-11-24 12:36:44,782 TRACE o.h.r.j.i.LogicalConnectionManagedImpl [LogicalConnectionManagedImpl.java:256] Closing logical connection
2023-11-24 12:36:44,782 TRACE o.h.r.j.i.LogicalConnectionManagedImpl [LogicalConnectionManagedImpl.java:263] Logical connection closed
2023-11-24 12:36:44,783 TRACE o.h.i.SessionFactoryImpl$SessionBuilderImpl [SessionFactoryImpl.java:1298] Opening Hibernate Session.  tenant=null
2023-11-24 12:36:44,783 TRACE o.h.i.SessionImpl [SessionImpl.java:262] Opened Session [df23d86d-bfba-4978-bcf5-e185033c154c] at timestamp: 1700825804783
2023-11-24 12:36:44,784 DEBUG o.h.r.t.b.j.i.JdbcResourceLocalTransactionCoordinatorImpl [JdbcResourceLocalTransactionCoordinatorImpl.java:310] JDBC transaction marked for rollback-only (exception provided for stack trace)
java.lang.Exception: exception just for purpose of providing stack trace
	at org.hibernate.resource.transaction.backend.jdbc.internal.JdbcResourceLocalTransactionCoordinatorImpl$TransactionDriverControlImpl.markRollbackOnly(JdbcResourceLocalTransactionCoordinatorImpl.java:310)
	at org.hibernate.internal.AbstractSharedSessionContract.buildNamedQuery(AbstractSharedSessionContract.java:1021)
	at org.hibernate.internal.AbstractSharedSessionContract.createNamedQuery(AbstractSharedSessionContract.java:899)
	at org.hibernate.internal.AbstractSharedSessionContract.createNamedQuery(AbstractSharedSessionContract.java:120)
	at jdk.internal.reflect.GeneratedMethodAccessor47.invoke(Unknown Source)
	at java.base/jdk.internal.reflect.DelegatingMethodAccessorImpl.invoke(DelegatingMethodAccessorImpl.java:43)
	at java.base/java.lang.reflect.Method.invoke(Method.java:568)
	at org.springframework.orm.jpa.ExtendedEntityManagerCreator$ExtendedEntityManagerInvocationHandler.invoke(ExtendedEntityManagerCreator.java:360)
	at jdk.proxy2/jdk.proxy2.$Proxy191.createNamedQuery(Unknown Source)
	at org.springframework.data.jpa.repository.query.NamedQuery.hasNamedQuery(NamedQuery.java:113)
	at org.springframework.data.jpa.repository.query.NamedQuery.lookupFrom(NamedQuery.java:141)
	at org.springframework.data.jpa.repository.query.JpaQueryLookupStrategy$DeclaredQueryLookupStrategy.resolveQuery(JpaQueryLookupStrategy.java:180)
	at org.springframework.data.jpa.repository.query.JpaQueryLookupStrategy$CreateIfNotFoundQueryLookupStrategy.resolveQuery(JpaQueryLookupStrategy.java:252)
	at org.springframework.data.jpa.repository.query.JpaQueryLookupStrategy$AbstractQueryLookupStrategy.resolveQuery(JpaQueryLookupStrategy.java:95)
	at org.springframework.data.repository.core.support.QueryExecutorMethodInterceptor.lookupQuery(QueryExecutorMethodInterceptor.java:111)
	at org.springframework.data.repository.core.support.QueryExecutorMethodInterceptor.mapMethodsToQuery(QueryExecutorMethodInterceptor.java:99)
	at org.springframework.data.repository.core.support.QueryExecutorMethodInterceptor.lambda$new$0(QueryExecutorMethodInterceptor.java:88)
	at java.base/java.util.Optional.map(Optional.java:260)
	at org.springframework.data.repository.core.support.QueryExecutorMethodInterceptor.<init>(QueryExecutorMethodInterceptor.java:88)
	at org.springframework.data.repository.core.support.RepositoryFactorySupport.getRepository(RepositoryFactorySupport.java:357)
	at org.springframework.data.repository.core.support.RepositoryFactoryBeanSupport.lambda$afterPropertiesSet$5(RepositoryFactoryBeanSupport.java:279)
	at org.springframework.data.util.Lazy.getNullable(Lazy.java:245)
	at org.springframework.data.util.Lazy.get(Lazy.java:114)
	at org.springframework.data.repository.core.support.RepositoryFactoryBeanSupport.afterPropertiesSet(RepositoryFactoryBeanSupport.java:285)
	at org.springframework.data.jpa.repository.support.JpaRepositoryFactoryBean.afterPropertiesSet(JpaRepositoryFactoryBean.java:132)
	at org.springframework.beans.factory.support.AbstractAutowireCapableBeanFactory.invokeInitMethods(AbstractAutowireCapableBeanFactory.java:1817)
	at org.springframework.beans.factory.support.AbstractAutowireCapableBeanFactory.initializeBean(AbstractAutowireCapableBeanFactory.java:1766)
	at org.springframework.beans.factory.support.AbstractAutowireCapableBeanFactory.doCreateBean(AbstractAutowireCapableBeanFactory.java:598)
	at org.springframework.beans.factory.support.AbstractAutowireCapableBeanFactory.createBean(AbstractAutowireCapableBeanFactory.java:520)
	at org.springframework.beans.factory.support.AbstractBeanFactory.lambda$doGetBean$0(AbstractBeanFactory.java:325)
	at org.springframework.beans.factory.support.DefaultSingletonBeanRegistry.getSingleton(DefaultSingletonBeanRegistry.java:234)
	at org.springframework.beans.factory.support.AbstractBeanFactory.doGetBean(AbstractBeanFactory.java:323)
	at org.springframework.beans.factory.support.AbstractBeanFactory.getBean(AbstractBeanFactory.java:199)
	at org.springframework.beans.factory.config.DependencyDescriptor.resolveCandidate(DependencyDescriptor.java:254)
	at org.springframework.beans.factory.support.DefaultListableBeanFactory.doResolveDependency(DefaultListableBeanFactory.java:1417)
	at org.springframework.beans.factory.support.DefaultListableBeanFactory.resolveDependency(DefaultListableBeanFactory.java:1337)
	at org.springframework.beans.factory.annotation.AutowiredAnnotationBeanPostProcessor$AutowiredFieldElement.resolveFieldValue(AutowiredAnnotationBeanPostProcessor.java:764)
	at org.springframework.beans.factory.annotation.AutowiredAnnotationBeanPostProcessor$AutowiredFieldElement.inject(AutowiredAnnotationBeanPostProcessor.java:747)
	at org.springframework.beans.factory.annotation.InjectionMetadata.inject(InjectionMetadata.java:145)
	at org.springframework.beans.factory.annotation.AutowiredAnnotationBeanPostProcessor.postProcessProperties(AutowiredAnnotationBeanPostProcessor.java:492)
	at org.springframework.beans.factory.support.AbstractAutowireCapableBeanFactory.populateBean(AbstractAutowireCapableBeanFactory.java:1416)
	at org.springframework.beans.factory.support.AbstractAutowireCapableBeanFactory.doCreateBean(AbstractAutowireCapableBeanFactory.java:597)
	at org.springframework.beans.factory.support.AbstractAutowireCapableBeanFactory.createBean(AbstractAutowireCapableBeanFactory.java:520)
	at org.springframework.beans.factory.support.AbstractBeanFactory.lambda$doGetBean$0(AbstractBeanFactory.java:325)
	at org.springframework.beans.factory.support.DefaultSingletonBeanRegistry.getSingleton(DefaultSingletonBeanRegistry.java:234)
	at org.springframework.beans.factory.support.AbstractBeanFactory.doGetBean(AbstractBeanFactory.java:323)
	at org.springframework.beans.factory.support.AbstractBeanFactory.getBean(AbstractBeanFactory.java:199)
	at org.springframework.beans.factory.support.DefaultListableBeanFactory.preInstantiateSingletons(DefaultListableBeanFactory.java:973)
	at org.springframework.context.support.AbstractApplicationContext.finishBeanFactoryInitialization(AbstractApplicationContext.java:950)
	at org.springframework.context.support.AbstractApplicationContext.refresh(AbstractApplicationContext.java:616)
	at org.springframework.boot.web.servlet.context.ServletWebServerApplicationContext.refresh(ServletWebServerApplicationContext.java:146)
	at org.springframework.boot.SpringApplication.refresh(SpringApplication.java:738)
	at org.springframework.boot.SpringApplication.refreshContext(SpringApplication.java:440)
	at org.springframework.boot.SpringApplication.run(SpringApplication.java:316)
	at org.springframework.boot.test.context.SpringBootContextLoader.lambda$loadContext$3(SpringBootContextLoader.java:137)
	at org.springframework.util.function.ThrowingSupplier.get(ThrowingSupplier.java:58)
	at org.springframework.util.function.ThrowingSupplier.get(ThrowingSupplier.java:46)
	at org.springframework.boot.SpringApplication.withHook(SpringApplication.java:1406)
	at org.springframework.boot.test.context.SpringBootContextLoader$ContextLoaderHook.run(SpringBootContextLoader.java:545)
	at org.springframework.boot.test.context.SpringBootContextLoader.loadContext(SpringBootContextLoader.java:137)
	at org.springframework.boot.test.context.SpringBootContextLoader.loadContext(SpringBootContextLoader.java:108)
	at org.springframework.test.context.cache.DefaultCacheAwareContextLoaderDelegate.loadContextInternal(DefaultCacheAwareContextLoaderDelegate.java:187)
	at org.springframework.test.context.cache.DefaultCacheAwareContextLoaderDelegate.loadContext(DefaultCacheAwareContextLoaderDelegate.java:119)
	at org.springframework.test.context.support.DefaultTestContext.getApplicationContext(DefaultTestContext.java:127)
	at org.springframework.boot.test.mock.mockito.MockitoTestExecutionListener.postProcessFields(MockitoTestExecutionListener.java:110)
	at org.springframework.boot.test.mock.mockito.MockitoTestExecutionListener.injectFields(MockitoTestExecutionListener.java:94)
	at org.springframework.boot.test.mock.mockito.MockitoTestExecutionListener.prepareTestInstance(MockitoTestExecutionListener.java:61)
	at org.springframework.test.context.TestContextManager.prepareTestInstance(TestContextManager.java:241)
	at org.springframework.test.context.junit.jupiter.SpringExtension.postProcessTestInstance(SpringExtension.java:138)
	at org.junit.jupiter.engine.descriptor.ClassBasedTestDescriptor.lambda$invokeTestInstancePostProcessors$10(ClassBasedTestDescriptor.java:377)
	at org.junit.jupiter.engine.descriptor.ClassBasedTestDescriptor.executeAndMaskThrowable(ClassBasedTestDescriptor.java:382)
	at org.junit.jupiter.engine.descriptor.ClassBasedTestDescriptor.lambda$invokeTestInstancePostProcessors$11(ClassBasedTestDescriptor.java:377)
	at java.base/java.util.stream.ReferencePipeline$3$1.accept(ReferencePipeline.java:197)
	at java.base/java.util.stream.ReferencePipeline$2$1.accept(ReferencePipeline.java:179)
	at java.base/java.util.ArrayList$ArrayListSpliterator.forEachRemaining(ArrayList.java:1625)
	at java.base/java.util.stream.AbstractPipeline.copyInto(AbstractPipeline.java:509)
	at java.base/java.util.stream.AbstractPipeline.wrapAndCopyInto(AbstractPipeline.java:499)
	at java.base/java.util.stream.StreamSpliterators$WrappingSpliterator.forEachRemaining(StreamSpliterators.java:310)
	at java.base/java.util.stream.Streams$ConcatSpliterator.forEachRemaining(Streams.java:735)
	at java.base/java.util.stream.Streams$ConcatSpliterator.forEachRemaining(Streams.java:734)
	at java.base/java.util.stream.ReferencePipeline$Head.forEach(ReferencePipeline.java:762)
	at org.junit.jupiter.engine.descriptor.ClassBasedTestDescriptor.invokeTestInstancePostProcessors(ClassBasedTestDescriptor.java:376)
	at org.junit.jupiter.engine.descriptor.ClassBasedTestDescriptor.lambda$instantiateAndPostProcessTestInstance$6(ClassBasedTestDescriptor.java:289)
	at org.junit.platform.engine.support.hierarchical.ThrowableCollector.execute(ThrowableCollector.java:73)
	at org.junit.jupiter.engine.descriptor.ClassBasedTestDescriptor.instantiateAndPostProcessTestInstance(ClassBasedTestDescriptor.java:288)
	at org.junit.jupiter.engine.descriptor.ClassBasedTestDescriptor.lambda$testInstancesProvider$4(ClassBasedTestDescriptor.java:278)
	at java.base/java.util.Optional.orElseGet(Optional.java:364)
	at org.junit.jupiter.engine.descriptor.ClassBasedTestDescriptor.lambda$testInstancesProvider$5(ClassBasedTestDescriptor.java:277)
	at org.junit.jupiter.engine.execution.TestInstancesProvider.getTestInstances(TestInstancesProvider.java:31)
	at org.junit.jupiter.engine.descriptor.TestMethodTestDescriptor.lambda$prepare$0(TestMethodTestDescriptor.java:105)
	at org.junit.platform.engine.support.hierarchical.ThrowableCollector.execute(ThrowableCollector.java:73)
	at org.junit.jupiter.engine.descriptor.TestMethodTestDescriptor.prepare(TestMethodTestDescriptor.java:104)
	at org.junit.jupiter.engine.descriptor.TestMethodTestDescriptor.prepare(TestMethodTestDescriptor.java:68)
	at org.junit.platform.engine.support.hierarchical.NodeTestTask.lambda$prepare$2(NodeTestTask.java:123)
	at org.junit.platform.engine.support.hierarchical.ThrowableCollector.execute(ThrowableCollector.java:73)
	at org.junit.platform.engine.support.hierarchical.NodeTestTask.prepare(NodeTestTask.java:123)
	at org.junit.platform.engine.support.hierarchical.NodeTestTask.execute(NodeTestTask.java:90)
	at java.base/java.util.ArrayList.forEach(ArrayList.java:1511)
	at org.junit.platform.engine.support.hierarchical.SameThreadHierarchicalTestExecutorService.invokeAll(SameThreadHierarchicalTestExecutorService.java:41)
	at org.junit.platform.engine.support.hierarchical.NodeTestTask.lambda$executeRecursively$6(NodeTestTask.java:155)
	at org.junit.platform.engine.support.hierarchical.ThrowableCollector.execute(ThrowableCollector.java:73)
	at org.junit.platform.engine.support.hierarchical.NodeTestTask.lambda$executeRecursively$8(NodeTestTask.java:141)
	at org.junit.platform.engine.support.hierarchical.Node.around(Node.java:137)
	at org.junit.platform.engine.support.hierarchical.NodeTestTask.lambda$executeRecursively$9(NodeTestTask.java:139)
	at org.junit.platform.engine.support.hierarchical.ThrowableCollector.execute(ThrowableCollector.java:73)
	at org.junit.platform.engine.support.hierarchical.NodeTestTask.executeRecursively(NodeTestTask.java:138)
	at org.junit.platform.engine.support.hierarchical.NodeTestTask.execute(NodeTestTask.java:95)
	at java.base/java.util.ArrayList.forEach(ArrayList.java:1511)
	at org.junit.platform.engine.support.hierarchical.SameThreadHierarchicalTestExecutorService.invokeAll(SameThreadHierarchicalTestExecutorService.java:41)
	at org.junit.platform.engine.support.hierarchical.NodeTestTask.lambda$executeRecursively$6(NodeTestTask.java:155)
	at org.junit.platform.engine.support.hierarchical.ThrowableCollector.execute(ThrowableCollector.java:73)
	at org.junit.platform.engine.support.hierarchical.NodeTestTask.lambda$executeRecursively$8(NodeTestTask.java:141)
	at org.junit.platform.engine.support.hierarchical.Node.around(Node.java:137)
	at org.junit.platform.engine.support.hierarchical.NodeTestTask.lambda$executeRecursively$9(NodeTestTask.java:139)
	at org.junit.platform.engine.support.hierarchical.ThrowableCollector.execute(ThrowableCollector.java:73)
	at org.junit.platform.engine.support.hierarchical.NodeTestTask.executeRecursively(NodeTestTask.java:138)
	at org.junit.platform.engine.support.hierarchical.NodeTestTask.execute(NodeTestTask.java:95)
	at org.junit.platform.engine.support.hierarchical.SameThreadHierarchicalTestExecutorService.submit(SameThreadHierarchicalTestExecutorService.java:35)
	at org.junit.platform.engine.support.hierarchical.HierarchicalTestExecutor.execute(HierarchicalTestExecutor.java:57)
	at org.junit.platform.engine.support.hierarchical.HierarchicalTestEngine.execute(HierarchicalTestEngine.java:54)
	at org.junit.platform.launcher.core.EngineExecutionOrchestrator.execute(EngineExecutionOrchestrator.java:147)
	at org.junit.platform.launcher.core.EngineExecutionOrchestrator.execute(EngineExecutionOrchestrator.java:127)
	at org.junit.platform.launcher.core.EngineExecutionOrchestrator.execute(EngineExecutionOrchestrator.java:90)
	at org.junit.platform.launcher.core.EngineExecutionOrchestrator.lambda$execute$0(EngineExecutionOrchestrator.java:55)
	at org.junit.platform.launcher.core.EngineExecutionOrchestrator.withInterceptedStreams(EngineExecutionOrchestrator.java:102)
	at org.junit.platform.launcher.core.EngineExecutionOrchestrator.execute(EngineExecutionOrchestrator.java:54)
	at org.junit.platform.launcher.core.DefaultLauncher.execute(DefaultLauncher.java:114)
	at org.junit.platform.launcher.core.DefaultLauncher.execute(DefaultLauncher.java:86)
	at org.junit.platform.launcher.core.DefaultLauncherSession$DelegatingLauncher.execute(DefaultLauncherSession.java:86)
	at org.apache.maven.surefire.junitplatform.LazyLauncher.execute(LazyLauncher.java:50)
	at org.apache.maven.surefire.junitplatform.JUnitPlatformProvider.execute(JUnitPlatformProvider.java:184)
	at org.apache.maven.surefire.junitplatform.JUnitPlatformProvider.invokeAllTests(JUnitPlatformProvider.java:148)
	at org.apache.maven.surefire.junitplatform.JUnitPlatformProvider.invoke(JUnitPlatformProvider.java:122)
	at org.apache.maven.surefire.booter.ForkedBooter.runSuitesInProcess(ForkedBooter.java:385)
	at org.apache.maven.surefire.booter.ForkedBooter.execute(ForkedBooter.java:162)
	at org.apache.maven.surefire.booter.ForkedBooter.run(ForkedBooter.java:507)
	at org.apache.maven.surefire.booter.ForkedBooter.main(ForkedBooter.java:495)
2023-11-24 12:36:44,784 TRACE o.h.i.SessionImpl [SessionImpl.java:402] Closing session [df23d86d-bfba-4978-bcf5-e185033c154c]
2023-11-24 12:36:44,784 TRACE o.h.e.j.i.JdbcCoordinatorImpl [JdbcCoordinatorImpl.java:152] Closing JDBC container [org.hibernate.engine.jdbc.internal.JdbcCoordinatorImpl@6287a0fa]
2023-11-24 12:36:44,784 TRACE o.h.r.j.i.ResourceRegistryStandardImpl [ResourceRegistryStandardImpl.java:329] Releasing JDBC resources
2023-11-24 12:36:44,784 TRACE o.h.r.j.i.LogicalConnectionManagedImpl [LogicalConnectionManagedImpl.java:256] Closing logical connection
2023-11-24 12:36:44,784 TRACE o.h.r.j.i.LogicalConnectionManagedImpl [LogicalConnectionManagedImpl.java:263] Logical connection closed
2023-11-24 12:36:44,785 TRACE o.h.i.SessionFactoryImpl$SessionBuilderImpl [SessionFactoryImpl.java:1298] Opening Hibernate Session.  tenant=null
2023-11-24 12:36:44,785 TRACE o.h.i.SessionImpl [SessionImpl.java:262] Opened Session [1b9b20b6-073d-4247-b6ba-a2f15b4b12b5] at timestamp: 1700825804785
2023-11-24 12:36:44,785 TRACE o.h.i.SessionImpl [SessionImpl.java:402] Closing session [1b9b20b6-073d-4247-b6ba-a2f15b4b12b5]
2023-11-24 12:36:44,785 TRACE o.h.e.j.i.JdbcCoordinatorImpl [JdbcCoordinatorImpl.java:152] Closing JDBC container [org.hibernate.engine.jdbc.internal.JdbcCoordinatorImpl@500c3637]
2023-11-24 12:36:44,785 TRACE o.h.r.j.i.ResourceRegistryStandardImpl [ResourceRegistryStandardImpl.java:329] Releasing JDBC resources
2023-11-24 12:36:44,785 TRACE o.h.r.j.i.LogicalConnectionManagedImpl [LogicalConnectionManagedImpl.java:256] Closing logical connection
2023-11-24 12:36:44,785 TRACE o.h.r.j.i.LogicalConnectionManagedImpl [LogicalConnectionManagedImpl.java:263] Logical connection closed
2023-11-24 12:36:44,786 TRACE o.h.i.SessionFactoryImpl$SessionBuilderImpl [SessionFactoryImpl.java:1298] Opening Hibernate Session.  tenant=null
2023-11-24 12:36:44,787 TRACE o.h.i.SessionImpl [SessionImpl.java:262] Opened Session [619b52a0-5409-40a7-8f8e-8f66fb694d16] at timestamp: 1700825804787
2023-11-24 12:36:44,787 DEBUG o.h.r.t.b.j.i.JdbcResourceLocalTransactionCoordinatorImpl [JdbcResourceLocalTransactionCoordinatorImpl.java:310] JDBC transaction marked for rollback-only (exception provided for stack trace)
java.lang.Exception: exception just for purpose of providing stack trace
	at org.hibernate.resource.transaction.backend.jdbc.internal.JdbcResourceLocalTransactionCoordinatorImpl$TransactionDriverControlImpl.markRollbackOnly(JdbcResourceLocalTransactionCoordinatorImpl.java:310)
	at org.hibernate.internal.AbstractSharedSessionContract.buildNamedQuery(AbstractSharedSessionContract.java:1021)
	at org.hibernate.internal.AbstractSharedSessionContract.createNamedQuery(AbstractSharedSessionContract.java:899)
	at org.hibernate.internal.AbstractSharedSessionContract.createNamedQuery(AbstractSharedSessionContract.java:120)
	at jdk.internal.reflect.GeneratedMethodAccessor47.invoke(Unknown Source)
	at java.base/jdk.internal.reflect.DelegatingMethodAccessorImpl.invoke(DelegatingMethodAccessorImpl.java:43)
	at java.base/java.lang.reflect.Method.invoke(Method.java:568)
	at org.springframework.orm.jpa.ExtendedEntityManagerCreator$ExtendedEntityManagerInvocationHandler.invoke(ExtendedEntityManagerCreator.java:360)
	at jdk.proxy2/jdk.proxy2.$Proxy191.createNamedQuery(Unknown Source)
	at org.springframework.data.jpa.repository.query.NamedQuery.hasNamedQuery(NamedQuery.java:113)
	at org.springframework.data.jpa.repository.query.NamedQuery.lookupFrom(NamedQuery.java:141)
	at org.springframework.data.jpa.repository.query.JpaQueryLookupStrategy$DeclaredQueryLookupStrategy.resolveQuery(JpaQueryLookupStrategy.java:180)
	at org.springframework.data.jpa.repository.query.JpaQueryLookupStrategy$CreateIfNotFoundQueryLookupStrategy.resolveQuery(JpaQueryLookupStrategy.java:252)
	at org.springframework.data.jpa.repository.query.JpaQueryLookupStrategy$AbstractQueryLookupStrategy.resolveQuery(JpaQueryLookupStrategy.java:95)
	at org.springframework.data.repository.core.support.QueryExecutorMethodInterceptor.lookupQuery(QueryExecutorMethodInterceptor.java:111)
	at org.springframework.data.repository.core.support.QueryExecutorMethodInterceptor.mapMethodsToQuery(QueryExecutorMethodInterceptor.java:99)
	at org.springframework.data.repository.core.support.QueryExecutorMethodInterceptor.lambda$new$0(QueryExecutorMethodInterceptor.java:88)
	at java.base/java.util.Optional.map(Optional.java:260)
	at org.springframework.data.repository.core.support.QueryExecutorMethodInterceptor.<init>(QueryExecutorMethodInterceptor.java:88)
	at org.springframework.data.repository.core.support.RepositoryFactorySupport.getRepository(RepositoryFactorySupport.java:357)
	at org.springframework.data.repository.core.support.RepositoryFactoryBeanSupport.lambda$afterPropertiesSet$5(RepositoryFactoryBeanSupport.java:279)
	at org.springframework.data.util.Lazy.getNullable(Lazy.java:245)
	at org.springframework.data.util.Lazy.get(Lazy.java:114)
	at org.springframework.data.repository.core.support.RepositoryFactoryBeanSupport.afterPropertiesSet(RepositoryFactoryBeanSupport.java:285)
	at org.springframework.data.jpa.repository.support.JpaRepositoryFactoryBean.afterPropertiesSet(JpaRepositoryFactoryBean.java:132)
	at org.springframework.beans.factory.support.AbstractAutowireCapableBeanFactory.invokeInitMethods(AbstractAutowireCapableBeanFactory.java:1817)
	at org.springframework.beans.factory.support.AbstractAutowireCapableBeanFactory.initializeBean(AbstractAutowireCapableBeanFactory.java:1766)
	at org.springframework.beans.factory.support.AbstractAutowireCapableBeanFactory.doCreateBean(AbstractAutowireCapableBeanFactory.java:598)
	at org.springframework.beans.factory.support.AbstractAutowireCapableBeanFactory.createBean(AbstractAutowireCapableBeanFactory.java:520)
	at org.springframework.beans.factory.support.AbstractBeanFactory.lambda$doGetBean$0(AbstractBeanFactory.java:325)
	at org.springframework.beans.factory.support.DefaultSingletonBeanRegistry.getSingleton(DefaultSingletonBeanRegistry.java:234)
	at org.springframework.beans.factory.support.AbstractBeanFactory.doGetBean(AbstractBeanFactory.java:323)
	at org.springframework.beans.factory.support.AbstractBeanFactory.getBean(AbstractBeanFactory.java:199)
	at org.springframework.beans.factory.config.DependencyDescriptor.resolveCandidate(DependencyDescriptor.java:254)
	at org.springframework.beans.factory.support.DefaultListableBeanFactory.doResolveDependency(DefaultListableBeanFactory.java:1417)
	at org.springframework.beans.factory.support.DefaultListableBeanFactory.resolveDependency(DefaultListableBeanFactory.java:1337)
	at org.springframework.beans.factory.annotation.AutowiredAnnotationBeanPostProcessor$AutowiredFieldElement.resolveFieldValue(AutowiredAnnotationBeanPostProcessor.java:764)
	at org.springframework.beans.factory.annotation.AutowiredAnnotationBeanPostProcessor$AutowiredFieldElement.inject(AutowiredAnnotationBeanPostProcessor.java:747)
	at org.springframework.beans.factory.annotation.InjectionMetadata.inject(InjectionMetadata.java:145)
	at org.springframework.beans.factory.annotation.AutowiredAnnotationBeanPostProcessor.postProcessProperties(AutowiredAnnotationBeanPostProcessor.java:492)
	at org.springframework.beans.factory.support.AbstractAutowireCapableBeanFactory.populateBean(AbstractAutowireCapableBeanFactory.java:1416)
	at org.springframework.beans.factory.support.AbstractAutowireCapableBeanFactory.doCreateBean(AbstractAutowireCapableBeanFactory.java:597)
	at org.springframework.beans.factory.support.AbstractAutowireCapableBeanFactory.createBean(AbstractAutowireCapableBeanFactory.java:520)
	at org.springframework.beans.factory.support.AbstractBeanFactory.lambda$doGetBean$0(AbstractBeanFactory.java:325)
	at org.springframework.beans.factory.support.DefaultSingletonBeanRegistry.getSingleton(DefaultSingletonBeanRegistry.java:234)
	at org.springframework.beans.factory.support.AbstractBeanFactory.doGetBean(AbstractBeanFactory.java:323)
	at org.springframework.beans.factory.support.AbstractBeanFactory.getBean(AbstractBeanFactory.java:199)
	at org.springframework.beans.factory.support.DefaultListableBeanFactory.preInstantiateSingletons(DefaultListableBeanFactory.java:973)
	at org.springframework.context.support.AbstractApplicationContext.finishBeanFactoryInitialization(AbstractApplicationContext.java:950)
	at org.springframework.context.support.AbstractApplicationContext.refresh(AbstractApplicationContext.java:616)
	at org.springframework.boot.web.servlet.context.ServletWebServerApplicationContext.refresh(ServletWebServerApplicationContext.java:146)
	at org.springframework.boot.SpringApplication.refresh(SpringApplication.java:738)
	at org.springframework.boot.SpringApplication.refreshContext(SpringApplication.java:440)
	at org.springframework.boot.SpringApplication.run(SpringApplication.java:316)
	at org.springframework.boot.test.context.SpringBootContextLoader.lambda$loadContext$3(SpringBootContextLoader.java:137)
	at org.springframework.util.function.ThrowingSupplier.get(ThrowingSupplier.java:58)
	at org.springframework.util.function.ThrowingSupplier.get(ThrowingSupplier.java:46)
	at org.springframework.boot.SpringApplication.withHook(SpringApplication.java:1406)
	at org.springframework.boot.test.context.SpringBootContextLoader$ContextLoaderHook.run(SpringBootContextLoader.java:545)
	at org.springframework.boot.test.context.SpringBootContextLoader.loadContext(SpringBootContextLoader.java:137)
	at org.springframework.boot.test.context.SpringBootContextLoader.loadContext(SpringBootContextLoader.java:108)
	at org.springframework.test.context.cache.DefaultCacheAwareContextLoaderDelegate.loadContextInternal(DefaultCacheAwareContextLoaderDelegate.java:187)
	at org.springframework.test.context.cache.DefaultCacheAwareContextLoaderDelegate.loadContext(DefaultCacheAwareContextLoaderDelegate.java:119)
	at org.springframework.test.context.support.DefaultTestContext.getApplicationContext(DefaultTestContext.java:127)
	at org.springframework.boot.test.mock.mockito.MockitoTestExecutionListener.postProcessFields(MockitoTestExecutionListener.java:110)
	at org.springframework.boot.test.mock.mockito.MockitoTestExecutionListener.injectFields(MockitoTestExecutionListener.java:94)
	at org.springframework.boot.test.mock.mockito.MockitoTestExecutionListener.prepareTestInstance(MockitoTestExecutionListener.java:61)
	at org.springframework.test.context.TestContextManager.prepareTestInstance(TestContextManager.java:241)
	at org.springframework.test.context.junit.jupiter.SpringExtension.postProcessTestInstance(SpringExtension.java:138)
	at org.junit.jupiter.engine.descriptor.ClassBasedTestDescriptor.lambda$invokeTestInstancePostProcessors$10(ClassBasedTestDescriptor.java:377)
	at org.junit.jupiter.engine.descriptor.ClassBasedTestDescriptor.executeAndMaskThrowable(ClassBasedTestDescriptor.java:382)
	at org.junit.jupiter.engine.descriptor.ClassBasedTestDescriptor.lambda$invokeTestInstancePostProcessors$11(ClassBasedTestDescriptor.java:377)
	at java.base/java.util.stream.ReferencePipeline$3$1.accept(ReferencePipeline.java:197)
	at java.base/java.util.stream.ReferencePipeline$2$1.accept(ReferencePipeline.java:179)
	at java.base/java.util.ArrayList$ArrayListSpliterator.forEachRemaining(ArrayList.java:1625)
	at java.base/java.util.stream.AbstractPipeline.copyInto(AbstractPipeline.java:509)
	at java.base/java.util.stream.AbstractPipeline.wrapAndCopyInto(AbstractPipeline.java:499)
	at java.base/java.util.stream.StreamSpliterators$WrappingSpliterator.forEachRemaining(StreamSpliterators.java:310)
	at java.base/java.util.stream.Streams$ConcatSpliterator.forEachRemaining(Streams.java:735)
	at java.base/java.util.stream.Streams$ConcatSpliterator.forEachRemaining(Streams.java:734)
	at java.base/java.util.stream.ReferencePipeline$Head.forEach(ReferencePipeline.java:762)
	at org.junit.jupiter.engine.descriptor.ClassBasedTestDescriptor.invokeTestInstancePostProcessors(ClassBasedTestDescriptor.java:376)
	at org.junit.jupiter.engine.descriptor.ClassBasedTestDescriptor.lambda$instantiateAndPostProcessTestInstance$6(ClassBasedTestDescriptor.java:289)
	at org.junit.platform.engine.support.hierarchical.ThrowableCollector.execute(ThrowableCollector.java:73)
	at org.junit.jupiter.engine.descriptor.ClassBasedTestDescriptor.instantiateAndPostProcessTestInstance(ClassBasedTestDescriptor.java:288)
	at org.junit.jupiter.engine.descriptor.ClassBasedTestDescriptor.lambda$testInstancesProvider$4(ClassBasedTestDescriptor.java:278)
	at java.base/java.util.Optional.orElseGet(Optional.java:364)
	at org.junit.jupiter.engine.descriptor.ClassBasedTestDescriptor.lambda$testInstancesProvider$5(ClassBasedTestDescriptor.java:277)
	at org.junit.jupiter.engine.execution.TestInstancesProvider.getTestInstances(TestInstancesProvider.java:31)
	at org.junit.jupiter.engine.descriptor.TestMethodTestDescriptor.lambda$prepare$0(TestMethodTestDescriptor.java:105)
	at org.junit.platform.engine.support.hierarchical.ThrowableCollector.execute(ThrowableCollector.java:73)
	at org.junit.jupiter.engine.descriptor.TestMethodTestDescriptor.prepare(TestMethodTestDescriptor.java:104)
	at org.junit.jupiter.engine.descriptor.TestMethodTestDescriptor.prepare(TestMethodTestDescriptor.java:68)
	at org.junit.platform.engine.support.hierarchical.NodeTestTask.lambda$prepare$2(NodeTestTask.java:123)
	at org.junit.platform.engine.support.hierarchical.ThrowableCollector.execute(ThrowableCollector.java:73)
	at org.junit.platform.engine.support.hierarchical.NodeTestTask.prepare(NodeTestTask.java:123)
	at org.junit.platform.engine.support.hierarchical.NodeTestTask.execute(NodeTestTask.java:90)
	at java.base/java.util.ArrayList.forEach(ArrayList.java:1511)
	at org.junit.platform.engine.support.hierarchical.SameThreadHierarchicalTestExecutorService.invokeAll(SameThreadHierarchicalTestExecutorService.java:41)
	at org.junit.platform.engine.support.hierarchical.NodeTestTask.lambda$executeRecursively$6(NodeTestTask.java:155)
	at org.junit.platform.engine.support.hierarchical.ThrowableCollector.execute(ThrowableCollector.java:73)
	at org.junit.platform.engine.support.hierarchical.NodeTestTask.lambda$executeRecursively$8(NodeTestTask.java:141)
	at org.junit.platform.engine.support.hierarchical.Node.around(Node.java:137)
	at org.junit.platform.engine.support.hierarchical.NodeTestTask.lambda$executeRecursively$9(NodeTestTask.java:139)
	at org.junit.platform.engine.support.hierarchical.ThrowableCollector.execute(ThrowableCollector.java:73)
	at org.junit.platform.engine.support.hierarchical.NodeTestTask.executeRecursively(NodeTestTask.java:138)
	at org.junit.platform.engine.support.hierarchical.NodeTestTask.execute(NodeTestTask.java:95)
	at java.base/java.util.ArrayList.forEach(ArrayList.java:1511)
	at org.junit.platform.engine.support.hierarchical.SameThreadHierarchicalTestExecutorService.invokeAll(SameThreadHierarchicalTestExecutorService.java:41)
	at org.junit.platform.engine.support.hierarchical.NodeTestTask.lambda$executeRecursively$6(NodeTestTask.java:155)
	at org.junit.platform.engine.support.hierarchical.ThrowableCollector.execute(ThrowableCollector.java:73)
	at org.junit.platform.engine.support.hierarchical.NodeTestTask.lambda$executeRecursively$8(NodeTestTask.java:141)
	at org.junit.platform.engine.support.hierarchical.Node.around(Node.java:137)
	at org.junit.platform.engine.support.hierarchical.NodeTestTask.lambda$executeRecursively$9(NodeTestTask.java:139)
	at org.junit.platform.engine.support.hierarchical.ThrowableCollector.execute(ThrowableCollector.java:73)
	at org.junit.platform.engine.support.hierarchical.NodeTestTask.executeRecursively(NodeTestTask.java:138)
	at org.junit.platform.engine.support.hierarchical.NodeTestTask.execute(NodeTestTask.java:95)
	at org.junit.platform.engine.support.hierarchical.SameThreadHierarchicalTestExecutorService.submit(SameThreadHierarchicalTestExecutorService.java:35)
	at org.junit.platform.engine.support.hierarchical.HierarchicalTestExecutor.execute(HierarchicalTestExecutor.java:57)
	at org.junit.platform.engine.support.hierarchical.HierarchicalTestEngine.execute(HierarchicalTestEngine.java:54)
	at org.junit.platform.launcher.core.EngineExecutionOrchestrator.execute(EngineExecutionOrchestrator.java:147)
	at org.junit.platform.launcher.core.EngineExecutionOrchestrator.execute(EngineExecutionOrchestrator.java:127)
	at org.junit.platform.launcher.core.EngineExecutionOrchestrator.execute(EngineExecutionOrchestrator.java:90)
	at org.junit.platform.launcher.core.EngineExecutionOrchestrator.lambda$execute$0(EngineExecutionOrchestrator.java:55)
	at org.junit.platform.launcher.core.EngineExecutionOrchestrator.withInterceptedStreams(EngineExecutionOrchestrator.java:102)
	at org.junit.platform.launcher.core.EngineExecutionOrchestrator.execute(EngineExecutionOrchestrator.java:54)
	at org.junit.platform.launcher.core.DefaultLauncher.execute(DefaultLauncher.java:114)
	at org.junit.platform.launcher.core.DefaultLauncher.execute(DefaultLauncher.java:86)
	at org.junit.platform.launcher.core.DefaultLauncherSession$DelegatingLauncher.execute(DefaultLauncherSession.java:86)
	at org.apache.maven.surefire.junitplatform.LazyLauncher.execute(LazyLauncher.java:50)
	at org.apache.maven.surefire.junitplatform.JUnitPlatformProvider.execute(JUnitPlatformProvider.java:184)
	at org.apache.maven.surefire.junitplatform.JUnitPlatformProvider.invokeAllTests(JUnitPlatformProvider.java:148)
	at org.apache.maven.surefire.junitplatform.JUnitPlatformProvider.invoke(JUnitPlatformProvider.java:122)
	at org.apache.maven.surefire.booter.ForkedBooter.runSuitesInProcess(ForkedBooter.java:385)
	at org.apache.maven.surefire.booter.ForkedBooter.execute(ForkedBooter.java:162)
	at org.apache.maven.surefire.booter.ForkedBooter.run(ForkedBooter.java:507)
	at org.apache.maven.surefire.booter.ForkedBooter.main(ForkedBooter.java:495)
2023-11-24 12:36:44,788 TRACE o.h.i.SessionImpl [SessionImpl.java:402] Closing session [619b52a0-5409-40a7-8f8e-8f66fb694d16]
2023-11-24 12:36:44,788 TRACE o.h.e.j.i.JdbcCoordinatorImpl [JdbcCoordinatorImpl.java:152] Closing JDBC container [org.hibernate.engine.jdbc.internal.JdbcCoordinatorImpl@6c7a5963]
2023-11-24 12:36:44,788 TRACE o.h.r.j.i.ResourceRegistryStandardImpl [ResourceRegistryStandardImpl.java:329] Releasing JDBC resources
2023-11-24 12:36:44,788 TRACE o.h.r.j.i.LogicalConnectionManagedImpl [LogicalConnectionManagedImpl.java:256] Closing logical connection
2023-11-24 12:36:44,788 TRACE o.h.r.j.i.LogicalConnectionManagedImpl [LogicalConnectionManagedImpl.java:263] Logical connection closed
2023-11-24 12:36:44,788 TRACE o.h.i.SessionFactoryImpl$SessionBuilderImpl [SessionFactoryImpl.java:1298] Opening Hibernate Session.  tenant=null
2023-11-24 12:36:44,789 TRACE o.h.i.SessionImpl [SessionImpl.java:262] Opened Session [399856bc-406d-47c0-9658-ffcd969953c4] at timestamp: 1700825804789
2023-11-24 12:36:44,789 TRACE o.h.i.SessionImpl [SessionImpl.java:402] Closing session [399856bc-406d-47c0-9658-ffcd969953c4]
2023-11-24 12:36:44,789 TRACE o.h.e.j.i.JdbcCoordinatorImpl [JdbcCoordinatorImpl.java:152] Closing JDBC container [org.hibernate.engine.jdbc.internal.JdbcCoordinatorImpl@3325a466]
2023-11-24 12:36:44,790 TRACE o.h.r.j.i.ResourceRegistryStandardImpl [ResourceRegistryStandardImpl.java:329] Releasing JDBC resources
2023-11-24 12:36:44,790 TRACE o.h.r.j.i.LogicalConnectionManagedImpl [LogicalConnectionManagedImpl.java:256] Closing logical connection
2023-11-24 12:36:44,790 TRACE o.h.r.j.i.LogicalConnectionManagedImpl [LogicalConnectionManagedImpl.java:263] Logical connection closed
2023-11-24 12:36:44,796 TRACE o.h.i.SessionFactoryImpl$SessionBuilderImpl [SessionFactoryImpl.java:1298] Opening Hibernate Session.  tenant=null
2023-11-24 12:36:44,796 TRACE o.h.i.SessionImpl [SessionImpl.java:262] Opened Session [ef029dcf-0c97-4c28-bbaf-8c39863ef2ed] at timestamp: 1700825804796
2023-11-24 12:36:44,796 TRACE o.h.i.SessionImpl [SessionImpl.java:402] Closing session [ef029dcf-0c97-4c28-bbaf-8c39863ef2ed]
2023-11-24 12:36:44,796 TRACE o.h.e.j.i.JdbcCoordinatorImpl [JdbcCoordinatorImpl.java:152] Closing JDBC container [org.hibernate.engine.jdbc.internal.JdbcCoordinatorImpl@505c099d]
2023-11-24 12:36:44,797 TRACE o.h.r.j.i.ResourceRegistryStandardImpl [ResourceRegistryStandardImpl.java:329] Releasing JDBC resources
2023-11-24 12:36:44,797 TRACE o.h.r.j.i.LogicalConnectionManagedImpl [LogicalConnectionManagedImpl.java:256] Closing logical connection
2023-11-24 12:36:44,797 TRACE o.h.r.j.i.LogicalConnectionManagedImpl [LogicalConnectionManagedImpl.java:263] Logical connection closed
2023-11-24 12:36:44,799 TRACE o.h.i.SessionFactoryImpl$SessionBuilderImpl [SessionFactoryImpl.java:1298] Opening Hibernate Session.  tenant=null
2023-11-24 12:36:44,799 TRACE o.h.i.SessionImpl [SessionImpl.java:262] Opened Session [073dc4e2-6d00-4253-a81d-2e1f9e8ddfc8] at timestamp: 1700825804799
2023-11-24 12:36:44,799 TRACE o.h.i.SessionImpl [SessionImpl.java:402] Closing session [073dc4e2-6d00-4253-a81d-2e1f9e8ddfc8]
2023-11-24 12:36:44,799 TRACE o.h.e.j.i.JdbcCoordinatorImpl [JdbcCoordinatorImpl.java:152] Closing JDBC container [org.hibernate.engine.jdbc.internal.JdbcCoordinatorImpl@1a6ab350]
2023-11-24 12:36:44,800 TRACE o.h.r.j.i.ResourceRegistryStandardImpl [ResourceRegistryStandardImpl.java:329] Releasing JDBC resources
2023-11-24 12:36:44,800 TRACE o.h.r.j.i.LogicalConnectionManagedImpl [LogicalConnectionManagedImpl.java:256] Closing logical connection
2023-11-24 12:36:44,800 TRACE o.h.r.j.i.LogicalConnectionManagedImpl [LogicalConnectionManagedImpl.java:263] Logical connection closed
2023-11-24 12:36:44,830 TRACE o.h.i.SessionFactoryImpl$SessionBuilderImpl [SessionFactoryImpl.java:1298] Opening Hibernate Session.  tenant=null
2023-11-24 12:36:44,830 TRACE o.h.i.SessionImpl [SessionImpl.java:262] Opened Session [ced0ebad-5bd7-43a4-978a-cfc1d95c8f1b] at timestamp: 1700825804830
2023-11-24 12:36:44,831 DEBUG o.h.r.t.b.j.i.JdbcResourceLocalTransactionCoordinatorImpl [JdbcResourceLocalTransactionCoordinatorImpl.java:310] JDBC transaction marked for rollback-only (exception provided for stack trace)
java.lang.Exception: exception just for purpose of providing stack trace
	at org.hibernate.resource.transaction.backend.jdbc.internal.JdbcResourceLocalTransactionCoordinatorImpl$TransactionDriverControlImpl.markRollbackOnly(JdbcResourceLocalTransactionCoordinatorImpl.java:310)
	at org.hibernate.internal.AbstractSharedSessionContract.buildNamedQuery(AbstractSharedSessionContract.java:1021)
	at org.hibernate.internal.AbstractSharedSessionContract.createNamedQuery(AbstractSharedSessionContract.java:899)
	at org.hibernate.internal.AbstractSharedSessionContract.createNamedQuery(AbstractSharedSessionContract.java:120)
	at jdk.internal.reflect.GeneratedMethodAccessor47.invoke(Unknown Source)
	at java.base/jdk.internal.reflect.DelegatingMethodAccessorImpl.invoke(DelegatingMethodAccessorImpl.java:43)
	at java.base/java.lang.reflect.Method.invoke(Method.java:568)
	at org.springframework.orm.jpa.ExtendedEntityManagerCreator$ExtendedEntityManagerInvocationHandler.invoke(ExtendedEntityManagerCreator.java:360)
	at jdk.proxy2/jdk.proxy2.$Proxy191.createNamedQuery(Unknown Source)
	at org.springframework.data.jpa.repository.query.NamedQuery.hasNamedQuery(NamedQuery.java:113)
	at org.springframework.data.jpa.repository.query.NamedQuery.lookupFrom(NamedQuery.java:141)
	at org.springframework.data.jpa.repository.query.JpaQueryLookupStrategy$DeclaredQueryLookupStrategy.resolveQuery(JpaQueryLookupStrategy.java:180)
	at org.springframework.data.jpa.repository.query.JpaQueryLookupStrategy$CreateIfNotFoundQueryLookupStrategy.resolveQuery(JpaQueryLookupStrategy.java:252)
	at org.springframework.data.jpa.repository.query.JpaQueryLookupStrategy$AbstractQueryLookupStrategy.resolveQuery(JpaQueryLookupStrategy.java:95)
	at org.springframework.data.repository.core.support.QueryExecutorMethodInterceptor.lookupQuery(QueryExecutorMethodInterceptor.java:111)
	at org.springframework.data.repository.core.support.QueryExecutorMethodInterceptor.mapMethodsToQuery(QueryExecutorMethodInterceptor.java:99)
	at org.springframework.data.repository.core.support.QueryExecutorMethodInterceptor.lambda$new$0(QueryExecutorMethodInterceptor.java:88)
	at java.base/java.util.Optional.map(Optional.java:260)
	at org.springframework.data.repository.core.support.QueryExecutorMethodInterceptor.<init>(QueryExecutorMethodInterceptor.java:88)
	at org.springframework.data.repository.core.support.RepositoryFactorySupport.getRepository(RepositoryFactorySupport.java:357)
	at org.springframework.data.repository.core.support.RepositoryFactoryBeanSupport.lambda$afterPropertiesSet$5(RepositoryFactoryBeanSupport.java:279)
	at org.springframework.data.util.Lazy.getNullable(Lazy.java:245)
	at org.springframework.data.util.Lazy.get(Lazy.java:114)
	at org.springframework.data.repository.core.support.RepositoryFactoryBeanSupport.afterPropertiesSet(RepositoryFactoryBeanSupport.java:285)
	at org.springframework.data.jpa.repository.support.JpaRepositoryFactoryBean.afterPropertiesSet(JpaRepositoryFactoryBean.java:132)
	at org.springframework.beans.factory.support.AbstractAutowireCapableBeanFactory.invokeInitMethods(AbstractAutowireCapableBeanFactory.java:1817)
	at org.springframework.beans.factory.support.AbstractAutowireCapableBeanFactory.initializeBean(AbstractAutowireCapableBeanFactory.java:1766)
	at org.springframework.beans.factory.support.AbstractAutowireCapableBeanFactory.doCreateBean(AbstractAutowireCapableBeanFactory.java:598)
	at org.springframework.beans.factory.support.AbstractAutowireCapableBeanFactory.createBean(AbstractAutowireCapableBeanFactory.java:520)
	at org.springframework.beans.factory.support.AbstractBeanFactory.lambda$doGetBean$0(AbstractBeanFactory.java:325)
	at org.springframework.beans.factory.support.DefaultSingletonBeanRegistry.getSingleton(DefaultSingletonBeanRegistry.java:234)
	at org.springframework.beans.factory.support.AbstractBeanFactory.doGetBean(AbstractBeanFactory.java:323)
	at org.springframework.beans.factory.support.AbstractBeanFactory.getBean(AbstractBeanFactory.java:199)
	at org.springframework.beans.factory.config.DependencyDescriptor.resolveCandidate(DependencyDescriptor.java:254)
	at org.springframework.beans.factory.support.DefaultListableBeanFactory.doResolveDependency(DefaultListableBeanFactory.java:1417)
	at org.springframework.beans.factory.support.DefaultListableBeanFactory.resolveDependency(DefaultListableBeanFactory.java:1337)
	at org.springframework.beans.factory.annotation.AutowiredAnnotationBeanPostProcessor$AutowiredFieldElement.resolveFieldValue(AutowiredAnnotationBeanPostProcessor.java:764)
	at org.springframework.beans.factory.annotation.AutowiredAnnotationBeanPostProcessor$AutowiredFieldElement.inject(AutowiredAnnotationBeanPostProcessor.java:747)
	at org.springframework.beans.factory.annotation.InjectionMetadata.inject(InjectionMetadata.java:145)
	at org.springframework.beans.factory.annotation.AutowiredAnnotationBeanPostProcessor.postProcessProperties(AutowiredAnnotationBeanPostProcessor.java:492)
	at org.springframework.beans.factory.support.AbstractAutowireCapableBeanFactory.populateBean(AbstractAutowireCapableBeanFactory.java:1416)
	at org.springframework.beans.factory.support.AbstractAutowireCapableBeanFactory.doCreateBean(AbstractAutowireCapableBeanFactory.java:597)
	at org.springframework.beans.factory.support.AbstractAutowireCapableBeanFactory.createBean(AbstractAutowireCapableBeanFactory.java:520)
	at org.springframework.beans.factory.support.AbstractBeanFactory.lambda$doGetBean$0(AbstractBeanFactory.java:325)
	at org.springframework.beans.factory.support.DefaultSingletonBeanRegistry.getSingleton(DefaultSingletonBeanRegistry.java:234)
	at org.springframework.beans.factory.support.AbstractBeanFactory.doGetBean(AbstractBeanFactory.java:323)
	at org.springframework.beans.factory.support.AbstractBeanFactory.getBean(AbstractBeanFactory.java:199)
	at org.springframework.beans.factory.support.DefaultListableBeanFactory.preInstantiateSingletons(DefaultListableBeanFactory.java:973)
	at org.springframework.context.support.AbstractApplicationContext.finishBeanFactoryInitialization(AbstractApplicationContext.java:950)
	at org.springframework.context.support.AbstractApplicationContext.refresh(AbstractApplicationContext.java:616)
	at org.springframework.boot.web.servlet.context.ServletWebServerApplicationContext.refresh(ServletWebServerApplicationContext.java:146)
	at org.springframework.boot.SpringApplication.refresh(SpringApplication.java:738)
	at org.springframework.boot.SpringApplication.refreshContext(SpringApplication.java:440)
	at org.springframework.boot.SpringApplication.run(SpringApplication.java:316)
	at org.springframework.boot.test.context.SpringBootContextLoader.lambda$loadContext$3(SpringBootContextLoader.java:137)
	at org.springframework.util.function.ThrowingSupplier.get(ThrowingSupplier.java:58)
	at org.springframework.util.function.ThrowingSupplier.get(ThrowingSupplier.java:46)
	at org.springframework.boot.SpringApplication.withHook(SpringApplication.java:1406)
	at org.springframework.boot.test.context.SpringBootContextLoader$ContextLoaderHook.run(SpringBootContextLoader.java:545)
	at org.springframework.boot.test.context.SpringBootContextLoader.loadContext(SpringBootContextLoader.java:137)
	at org.springframework.boot.test.context.SpringBootContextLoader.loadContext(SpringBootContextLoader.java:108)
	at org.springframework.test.context.cache.DefaultCacheAwareContextLoaderDelegate.loadContextInternal(DefaultCacheAwareContextLoaderDelegate.java:187)
	at org.springframework.test.context.cache.DefaultCacheAwareContextLoaderDelegate.loadContext(DefaultCacheAwareContextLoaderDelegate.java:119)
	at org.springframework.test.context.support.DefaultTestContext.getApplicationContext(DefaultTestContext.java:127)
	at org.springframework.boot.test.mock.mockito.MockitoTestExecutionListener.postProcessFields(MockitoTestExecutionListener.java:110)
	at org.springframework.boot.test.mock.mockito.MockitoTestExecutionListener.injectFields(MockitoTestExecutionListener.java:94)
	at org.springframework.boot.test.mock.mockito.MockitoTestExecutionListener.prepareTestInstance(MockitoTestExecutionListener.java:61)
	at org.springframework.test.context.TestContextManager.prepareTestInstance(TestContextManager.java:241)
	at org.springframework.test.context.junit.jupiter.SpringExtension.postProcessTestInstance(SpringExtension.java:138)
	at org.junit.jupiter.engine.descriptor.ClassBasedTestDescriptor.lambda$invokeTestInstancePostProcessors$10(ClassBasedTestDescriptor.java:377)
	at org.junit.jupiter.engine.descriptor.ClassBasedTestDescriptor.executeAndMaskThrowable(ClassBasedTestDescriptor.java:382)
	at org.junit.jupiter.engine.descriptor.ClassBasedTestDescriptor.lambda$invokeTestInstancePostProcessors$11(ClassBasedTestDescriptor.java:377)
	at java.base/java.util.stream.ReferencePipeline$3$1.accept(ReferencePipeline.java:197)
	at java.base/java.util.stream.ReferencePipeline$2$1.accept(ReferencePipeline.java:179)
	at java.base/java.util.ArrayList$ArrayListSpliterator.forEachRemaining(ArrayList.java:1625)
	at java.base/java.util.stream.AbstractPipeline.copyInto(AbstractPipeline.java:509)
	at java.base/java.util.stream.AbstractPipeline.wrapAndCopyInto(AbstractPipeline.java:499)
	at java.base/java.util.stream.StreamSpliterators$WrappingSpliterator.forEachRemaining(StreamSpliterators.java:310)
	at java.base/java.util.stream.Streams$ConcatSpliterator.forEachRemaining(Streams.java:735)
	at java.base/java.util.stream.Streams$ConcatSpliterator.forEachRemaining(Streams.java:734)
	at java.base/java.util.stream.ReferencePipeline$Head.forEach(ReferencePipeline.java:762)
	at org.junit.jupiter.engine.descriptor.ClassBasedTestDescriptor.invokeTestInstancePostProcessors(ClassBasedTestDescriptor.java:376)
	at org.junit.jupiter.engine.descriptor.ClassBasedTestDescriptor.lambda$instantiateAndPostProcessTestInstance$6(ClassBasedTestDescriptor.java:289)
	at org.junit.platform.engine.support.hierarchical.ThrowableCollector.execute(ThrowableCollector.java:73)
	at org.junit.jupiter.engine.descriptor.ClassBasedTestDescriptor.instantiateAndPostProcessTestInstance(ClassBasedTestDescriptor.java:288)
	at org.junit.jupiter.engine.descriptor.ClassBasedTestDescriptor.lambda$testInstancesProvider$4(ClassBasedTestDescriptor.java:278)
	at java.base/java.util.Optional.orElseGet(Optional.java:364)
	at org.junit.jupiter.engine.descriptor.ClassBasedTestDescriptor.lambda$testInstancesProvider$5(ClassBasedTestDescriptor.java:277)
	at org.junit.jupiter.engine.execution.TestInstancesProvider.getTestInstances(TestInstancesProvider.java:31)
	at org.junit.jupiter.engine.descriptor.TestMethodTestDescriptor.lambda$prepare$0(TestMethodTestDescriptor.java:105)
	at org.junit.platform.engine.support.hierarchical.ThrowableCollector.execute(ThrowableCollector.java:73)
	at org.junit.jupiter.engine.descriptor.TestMethodTestDescriptor.prepare(TestMethodTestDescriptor.java:104)
	at org.junit.jupiter.engine.descriptor.TestMethodTestDescriptor.prepare(TestMethodTestDescriptor.java:68)
	at org.junit.platform.engine.support.hierarchical.NodeTestTask.lambda$prepare$2(NodeTestTask.java:123)
	at org.junit.platform.engine.support.hierarchical.ThrowableCollector.execute(ThrowableCollector.java:73)
	at org.junit.platform.engine.support.hierarchical.NodeTestTask.prepare(NodeTestTask.java:123)
	at org.junit.platform.engine.support.hierarchical.NodeTestTask.execute(NodeTestTask.java:90)
	at java.base/java.util.ArrayList.forEach(ArrayList.java:1511)
	at org.junit.platform.engine.support.hierarchical.SameThreadHierarchicalTestExecutorService.invokeAll(SameThreadHierarchicalTestExecutorService.java:41)
	at org.junit.platform.engine.support.hierarchical.NodeTestTask.lambda$executeRecursively$6(NodeTestTask.java:155)
	at org.junit.platform.engine.support.hierarchical.ThrowableCollector.execute(ThrowableCollector.java:73)
	at org.junit.platform.engine.support.hierarchical.NodeTestTask.lambda$executeRecursively$8(NodeTestTask.java:141)
	at org.junit.platform.engine.support.hierarchical.Node.around(Node.java:137)
	at org.junit.platform.engine.support.hierarchical.NodeTestTask.lambda$executeRecursively$9(NodeTestTask.java:139)
	at org.junit.platform.engine.support.hierarchical.ThrowableCollector.execute(ThrowableCollector.java:73)
	at org.junit.platform.engine.support.hierarchical.NodeTestTask.executeRecursively(NodeTestTask.java:138)
	at org.junit.platform.engine.support.hierarchical.NodeTestTask.execute(NodeTestTask.java:95)
	at java.base/java.util.ArrayList.forEach(ArrayList.java:1511)
	at org.junit.platform.engine.support.hierarchical.SameThreadHierarchicalTestExecutorService.invokeAll(SameThreadHierarchicalTestExecutorService.java:41)
	at org.junit.platform.engine.support.hierarchical.NodeTestTask.lambda$executeRecursively$6(NodeTestTask.java:155)
	at org.junit.platform.engine.support.hierarchical.ThrowableCollector.execute(ThrowableCollector.java:73)
	at org.junit.platform.engine.support.hierarchical.NodeTestTask.lambda$executeRecursively$8(NodeTestTask.java:141)
	at org.junit.platform.engine.support.hierarchical.Node.around(Node.java:137)
	at org.junit.platform.engine.support.hierarchical.NodeTestTask.lambda$executeRecursively$9(NodeTestTask.java:139)
	at org.junit.platform.engine.support.hierarchical.ThrowableCollector.execute(ThrowableCollector.java:73)
	at org.junit.platform.engine.support.hierarchical.NodeTestTask.executeRecursively(NodeTestTask.java:138)
	at org.junit.platform.engine.support.hierarchical.NodeTestTask.execute(NodeTestTask.java:95)
	at org.junit.platform.engine.support.hierarchical.SameThreadHierarchicalTestExecutorService.submit(SameThreadHierarchicalTestExecutorService.java:35)
	at org.junit.platform.engine.support.hierarchical.HierarchicalTestExecutor.execute(HierarchicalTestExecutor.java:57)
	at org.junit.platform.engine.support.hierarchical.HierarchicalTestEngine.execute(HierarchicalTestEngine.java:54)
	at org.junit.platform.launcher.core.EngineExecutionOrchestrator.execute(EngineExecutionOrchestrator.java:147)
	at org.junit.platform.launcher.core.EngineExecutionOrchestrator.execute(EngineExecutionOrchestrator.java:127)
	at org.junit.platform.launcher.core.EngineExecutionOrchestrator.execute(EngineExecutionOrchestrator.java:90)
	at org.junit.platform.launcher.core.EngineExecutionOrchestrator.lambda$execute$0(EngineExecutionOrchestrator.java:55)
	at org.junit.platform.launcher.core.EngineExecutionOrchestrator.withInterceptedStreams(EngineExecutionOrchestrator.java:102)
	at org.junit.platform.launcher.core.EngineExecutionOrchestrator.execute(EngineExecutionOrchestrator.java:54)
	at org.junit.platform.launcher.core.DefaultLauncher.execute(DefaultLauncher.java:114)
	at org.junit.platform.launcher.core.DefaultLauncher.execute(DefaultLauncher.java:86)
	at org.junit.platform.launcher.core.DefaultLauncherSession$DelegatingLauncher.execute(DefaultLauncherSession.java:86)
	at org.apache.maven.surefire.junitplatform.LazyLauncher.execute(LazyLauncher.java:50)
	at org.apache.maven.surefire.junitplatform.JUnitPlatformProvider.execute(JUnitPlatformProvider.java:184)
	at org.apache.maven.surefire.junitplatform.JUnitPlatformProvider.invokeAllTests(JUnitPlatformProvider.java:148)
	at org.apache.maven.surefire.junitplatform.JUnitPlatformProvider.invoke(JUnitPlatformProvider.java:122)
	at org.apache.maven.surefire.booter.ForkedBooter.runSuitesInProcess(ForkedBooter.java:385)
	at org.apache.maven.surefire.booter.ForkedBooter.execute(ForkedBooter.java:162)
	at org.apache.maven.surefire.booter.ForkedBooter.run(ForkedBooter.java:507)
	at org.apache.maven.surefire.booter.ForkedBooter.main(ForkedBooter.java:495)
2023-11-24 12:36:44,831 TRACE o.h.i.SessionImpl [SessionImpl.java:402] Closing session [ced0ebad-5bd7-43a4-978a-cfc1d95c8f1b]
2023-11-24 12:36:44,831 TRACE o.h.e.j.i.JdbcCoordinatorImpl [JdbcCoordinatorImpl.java:152] Closing JDBC container [org.hibernate.engine.jdbc.internal.JdbcCoordinatorImpl@5426d405]
2023-11-24 12:36:44,831 TRACE o.h.r.j.i.ResourceRegistryStandardImpl [ResourceRegistryStandardImpl.java:329] Releasing JDBC resources
2023-11-24 12:36:44,831 TRACE o.h.r.j.i.LogicalConnectionManagedImpl [LogicalConnectionManagedImpl.java:256] Closing logical connection
2023-11-24 12:36:44,832 TRACE o.h.r.j.i.LogicalConnectionManagedImpl [LogicalConnectionManagedImpl.java:263] Logical connection closed
2023-11-24 12:36:44,832 TRACE o.h.i.SessionFactoryImpl$SessionBuilderImpl [SessionFactoryImpl.java:1298] Opening Hibernate Session.  tenant=null
2023-11-24 12:36:44,832 TRACE o.h.i.SessionImpl [SessionImpl.java:262] Opened Session [e5302e23-7798-48bf-9d3a-c87304b21d6f] at timestamp: 1700825804832
2023-11-24 12:36:44,832 TRACE o.h.i.SessionImpl [SessionImpl.java:402] Closing session [e5302e23-7798-48bf-9d3a-c87304b21d6f]
2023-11-24 12:36:44,832 TRACE o.h.e.j.i.JdbcCoordinatorImpl [JdbcCoordinatorImpl.java:152] Closing JDBC container [org.hibernate.engine.jdbc.internal.JdbcCoordinatorImpl@1b991de2]
2023-11-24 12:36:44,832 TRACE o.h.r.j.i.ResourceRegistryStandardImpl [ResourceRegistryStandardImpl.java:329] Releasing JDBC resources
2023-11-24 12:36:44,833 TRACE o.h.r.j.i.LogicalConnectionManagedImpl [LogicalConnectionManagedImpl.java:256] Closing logical connection
2023-11-24 12:36:44,833 TRACE o.h.r.j.i.LogicalConnectionManagedImpl [LogicalConnectionManagedImpl.java:263] Logical connection closed
2023-11-24 12:36:44,834 TRACE o.h.i.SessionFactoryImpl$SessionBuilderImpl [SessionFactoryImpl.java:1298] Opening Hibernate Session.  tenant=null
2023-11-24 12:36:44,834 TRACE o.h.i.SessionImpl [SessionImpl.java:262] Opened Session [3e671498-7259-4e25-9be1-a7ba3cce866b] at timestamp: 1700825804834
2023-11-24 12:36:44,834 DEBUG o.h.r.t.b.j.i.JdbcResourceLocalTransactionCoordinatorImpl [JdbcResourceLocalTransactionCoordinatorImpl.java:310] JDBC transaction marked for rollback-only (exception provided for stack trace)
java.lang.Exception: exception just for purpose of providing stack trace
	at org.hibernate.resource.transaction.backend.jdbc.internal.JdbcResourceLocalTransactionCoordinatorImpl$TransactionDriverControlImpl.markRollbackOnly(JdbcResourceLocalTransactionCoordinatorImpl.java:310)
	at org.hibernate.internal.AbstractSharedSessionContract.buildNamedQuery(AbstractSharedSessionContract.java:1021)
	at org.hibernate.internal.AbstractSharedSessionContract.createNamedQuery(AbstractSharedSessionContract.java:899)
	at org.hibernate.internal.AbstractSharedSessionContract.createNamedQuery(AbstractSharedSessionContract.java:120)
	at jdk.internal.reflect.GeneratedMethodAccessor47.invoke(Unknown Source)
	at java.base/jdk.internal.reflect.DelegatingMethodAccessorImpl.invoke(DelegatingMethodAccessorImpl.java:43)
	at java.base/java.lang.reflect.Method.invoke(Method.java:568)
	at org.springframework.orm.jpa.ExtendedEntityManagerCreator$ExtendedEntityManagerInvocationHandler.invoke(ExtendedEntityManagerCreator.java:360)
	at jdk.proxy2/jdk.proxy2.$Proxy191.createNamedQuery(Unknown Source)
	at org.springframework.data.jpa.repository.query.NamedQuery.hasNamedQuery(NamedQuery.java:113)
	at org.springframework.data.jpa.repository.query.NamedQuery.lookupFrom(NamedQuery.java:141)
	at org.springframework.data.jpa.repository.query.JpaQueryLookupStrategy$DeclaredQueryLookupStrategy.resolveQuery(JpaQueryLookupStrategy.java:180)
	at org.springframework.data.jpa.repository.query.JpaQueryLookupStrategy$CreateIfNotFoundQueryLookupStrategy.resolveQuery(JpaQueryLookupStrategy.java:252)
	at org.springframework.data.jpa.repository.query.JpaQueryLookupStrategy$AbstractQueryLookupStrategy.resolveQuery(JpaQueryLookupStrategy.java:95)
	at org.springframework.data.repository.core.support.QueryExecutorMethodInterceptor.lookupQuery(QueryExecutorMethodInterceptor.java:111)
	at org.springframework.data.repository.core.support.QueryExecutorMethodInterceptor.mapMethodsToQuery(QueryExecutorMethodInterceptor.java:99)
	at org.springframework.data.repository.core.support.QueryExecutorMethodInterceptor.lambda$new$0(QueryExecutorMethodInterceptor.java:88)
	at java.base/java.util.Optional.map(Optional.java:260)
	at org.springframework.data.repository.core.support.QueryExecutorMethodInterceptor.<init>(QueryExecutorMethodInterceptor.java:88)
	at org.springframework.data.repository.core.support.RepositoryFactorySupport.getRepository(RepositoryFactorySupport.java:357)
	at org.springframework.data.repository.core.support.RepositoryFactoryBeanSupport.lambda$afterPropertiesSet$5(RepositoryFactoryBeanSupport.java:279)
	at org.springframework.data.util.Lazy.getNullable(Lazy.java:245)
	at org.springframework.data.util.Lazy.get(Lazy.java:114)
	at org.springframework.data.repository.core.support.RepositoryFactoryBeanSupport.afterPropertiesSet(RepositoryFactoryBeanSupport.java:285)
	at org.springframework.data.jpa.repository.support.JpaRepositoryFactoryBean.afterPropertiesSet(JpaRepositoryFactoryBean.java:132)
	at org.springframework.beans.factory.support.AbstractAutowireCapableBeanFactory.invokeInitMethods(AbstractAutowireCapableBeanFactory.java:1817)
	at org.springframework.beans.factory.support.AbstractAutowireCapableBeanFactory.initializeBean(AbstractAutowireCapableBeanFactory.java:1766)
	at org.springframework.beans.factory.support.AbstractAutowireCapableBeanFactory.doCreateBean(AbstractAutowireCapableBeanFactory.java:598)
	at org.springframework.beans.factory.support.AbstractAutowireCapableBeanFactory.createBean(AbstractAutowireCapableBeanFactory.java:520)
	at org.springframework.beans.factory.support.AbstractBeanFactory.lambda$doGetBean$0(AbstractBeanFactory.java:325)
	at org.springframework.beans.factory.support.DefaultSingletonBeanRegistry.getSingleton(DefaultSingletonBeanRegistry.java:234)
	at org.springframework.beans.factory.support.AbstractBeanFactory.doGetBean(AbstractBeanFactory.java:323)
	at org.springframework.beans.factory.support.AbstractBeanFactory.getBean(AbstractBeanFactory.java:199)
	at org.springframework.beans.factory.config.DependencyDescriptor.resolveCandidate(DependencyDescriptor.java:254)
	at org.springframework.beans.factory.support.DefaultListableBeanFactory.doResolveDependency(DefaultListableBeanFactory.java:1417)
	at org.springframework.beans.factory.support.DefaultListableBeanFactory.resolveDependency(DefaultListableBeanFactory.java:1337)
	at org.springframework.beans.factory.annotation.AutowiredAnnotationBeanPostProcessor$AutowiredFieldElement.resolveFieldValue(AutowiredAnnotationBeanPostProcessor.java:764)
	at org.springframework.beans.factory.annotation.AutowiredAnnotationBeanPostProcessor$AutowiredFieldElement.inject(AutowiredAnnotationBeanPostProcessor.java:747)
	at org.springframework.beans.factory.annotation.InjectionMetadata.inject(InjectionMetadata.java:145)
	at org.springframework.beans.factory.annotation.AutowiredAnnotationBeanPostProcessor.postProcessProperties(AutowiredAnnotationBeanPostProcessor.java:492)
	at org.springframework.beans.factory.support.AbstractAutowireCapableBeanFactory.populateBean(AbstractAutowireCapableBeanFactory.java:1416)
	at org.springframework.beans.factory.support.AbstractAutowireCapableBeanFactory.doCreateBean(AbstractAutowireCapableBeanFactory.java:597)
	at org.springframework.beans.factory.support.AbstractAutowireCapableBeanFactory.createBean(AbstractAutowireCapableBeanFactory.java:520)
	at org.springframework.beans.factory.support.AbstractBeanFactory.lambda$doGetBean$0(AbstractBeanFactory.java:325)
	at org.springframework.beans.factory.support.DefaultSingletonBeanRegistry.getSingleton(DefaultSingletonBeanRegistry.java:234)
	at org.springframework.beans.factory.support.AbstractBeanFactory.doGetBean(AbstractBeanFactory.java:323)
	at org.springframework.beans.factory.support.AbstractBeanFactory.getBean(AbstractBeanFactory.java:199)
	at org.springframework.beans.factory.support.DefaultListableBeanFactory.preInstantiateSingletons(DefaultListableBeanFactory.java:973)
	at org.springframework.context.support.AbstractApplicationContext.finishBeanFactoryInitialization(AbstractApplicationContext.java:950)
	at org.springframework.context.support.AbstractApplicationContext.refresh(AbstractApplicationContext.java:616)
	at org.springframework.boot.web.servlet.context.ServletWebServerApplicationContext.refresh(ServletWebServerApplicationContext.java:146)
	at org.springframework.boot.SpringApplication.refresh(SpringApplication.java:738)
	at org.springframework.boot.SpringApplication.refreshContext(SpringApplication.java:440)
	at org.springframework.boot.SpringApplication.run(SpringApplication.java:316)
	at org.springframework.boot.test.context.SpringBootContextLoader.lambda$loadContext$3(SpringBootContextLoader.java:137)
	at org.springframework.util.function.ThrowingSupplier.get(ThrowingSupplier.java:58)
	at org.springframework.util.function.ThrowingSupplier.get(ThrowingSupplier.java:46)
	at org.springframework.boot.SpringApplication.withHook(SpringApplication.java:1406)
	at org.springframework.boot.test.context.SpringBootContextLoader$ContextLoaderHook.run(SpringBootContextLoader.java:545)
	at org.springframework.boot.test.context.SpringBootContextLoader.loadContext(SpringBootContextLoader.java:137)
	at org.springframework.boot.test.context.SpringBootContextLoader.loadContext(SpringBootContextLoader.java:108)
	at org.springframework.test.context.cache.DefaultCacheAwareContextLoaderDelegate.loadContextInternal(DefaultCacheAwareContextLoaderDelegate.java:187)
	at org.springframework.test.context.cache.DefaultCacheAwareContextLoaderDelegate.loadContext(DefaultCacheAwareContextLoaderDelegate.java:119)
	at org.springframework.test.context.support.DefaultTestContext.getApplicationContext(DefaultTestContext.java:127)
	at org.springframework.boot.test.mock.mockito.MockitoTestExecutionListener.postProcessFields(MockitoTestExecutionListener.java:110)
	at org.springframework.boot.test.mock.mockito.MockitoTestExecutionListener.injectFields(MockitoTestExecutionListener.java:94)
	at org.springframework.boot.test.mock.mockito.MockitoTestExecutionListener.prepareTestInstance(MockitoTestExecutionListener.java:61)
	at org.springframework.test.context.TestContextManager.prepareTestInstance(TestContextManager.java:241)
	at org.springframework.test.context.junit.jupiter.SpringExtension.postProcessTestInstance(SpringExtension.java:138)
	at org.junit.jupiter.engine.descriptor.ClassBasedTestDescriptor.lambda$invokeTestInstancePostProcessors$10(ClassBasedTestDescriptor.java:377)
	at org.junit.jupiter.engine.descriptor.ClassBasedTestDescriptor.executeAndMaskThrowable(ClassBasedTestDescriptor.java:382)
	at org.junit.jupiter.engine.descriptor.ClassBasedTestDescriptor.lambda$invokeTestInstancePostProcessors$11(ClassBasedTestDescriptor.java:377)
	at java.base/java.util.stream.ReferencePipeline$3$1.accept(ReferencePipeline.java:197)
	at java.base/java.util.stream.ReferencePipeline$2$1.accept(ReferencePipeline.java:179)
	at java.base/java.util.ArrayList$ArrayListSpliterator.forEachRemaining(ArrayList.java:1625)
	at java.base/java.util.stream.AbstractPipeline.copyInto(AbstractPipeline.java:509)
	at java.base/java.util.stream.AbstractPipeline.wrapAndCopyInto(AbstractPipeline.java:499)
	at java.base/java.util.stream.StreamSpliterators$WrappingSpliterator.forEachRemaining(StreamSpliterators.java:310)
	at java.base/java.util.stream.Streams$ConcatSpliterator.forEachRemaining(Streams.java:735)
	at java.base/java.util.stream.Streams$ConcatSpliterator.forEachRemaining(Streams.java:734)
	at java.base/java.util.stream.ReferencePipeline$Head.forEach(ReferencePipeline.java:762)
	at org.junit.jupiter.engine.descriptor.ClassBasedTestDescriptor.invokeTestInstancePostProcessors(ClassBasedTestDescriptor.java:376)
	at org.junit.jupiter.engine.descriptor.ClassBasedTestDescriptor.lambda$instantiateAndPostProcessTestInstance$6(ClassBasedTestDescriptor.java:289)
	at org.junit.platform.engine.support.hierarchical.ThrowableCollector.execute(ThrowableCollector.java:73)
	at org.junit.jupiter.engine.descriptor.ClassBasedTestDescriptor.instantiateAndPostProcessTestInstance(ClassBasedTestDescriptor.java:288)
	at org.junit.jupiter.engine.descriptor.ClassBasedTestDescriptor.lambda$testInstancesProvider$4(ClassBasedTestDescriptor.java:278)
	at java.base/java.util.Optional.orElseGet(Optional.java:364)
	at org.junit.jupiter.engine.descriptor.ClassBasedTestDescriptor.lambda$testInstancesProvider$5(ClassBasedTestDescriptor.java:277)
	at org.junit.jupiter.engine.execution.TestInstancesProvider.getTestInstances(TestInstancesProvider.java:31)
	at org.junit.jupiter.engine.descriptor.TestMethodTestDescriptor.lambda$prepare$0(TestMethodTestDescriptor.java:105)
	at org.junit.platform.engine.support.hierarchical.ThrowableCollector.execute(ThrowableCollector.java:73)
	at org.junit.jupiter.engine.descriptor.TestMethodTestDescriptor.prepare(TestMethodTestDescriptor.java:104)
	at org.junit.jupiter.engine.descriptor.TestMethodTestDescriptor.prepare(TestMethodTestDescriptor.java:68)
	at org.junit.platform.engine.support.hierarchical.NodeTestTask.lambda$prepare$2(NodeTestTask.java:123)
	at org.junit.platform.engine.support.hierarchical.ThrowableCollector.execute(ThrowableCollector.java:73)
	at org.junit.platform.engine.support.hierarchical.NodeTestTask.prepare(NodeTestTask.java:123)
	at org.junit.platform.engine.support.hierarchical.NodeTestTask.execute(NodeTestTask.java:90)
	at java.base/java.util.ArrayList.forEach(ArrayList.java:1511)
	at org.junit.platform.engine.support.hierarchical.SameThreadHierarchicalTestExecutorService.invokeAll(SameThreadHierarchicalTestExecutorService.java:41)
	at org.junit.platform.engine.support.hierarchical.NodeTestTask.lambda$executeRecursively$6(NodeTestTask.java:155)
	at org.junit.platform.engine.support.hierarchical.ThrowableCollector.execute(ThrowableCollector.java:73)
	at org.junit.platform.engine.support.hierarchical.NodeTestTask.lambda$executeRecursively$8(NodeTestTask.java:141)
	at org.junit.platform.engine.support.hierarchical.Node.around(Node.java:137)
	at org.junit.platform.engine.support.hierarchical.NodeTestTask.lambda$executeRecursively$9(NodeTestTask.java:139)
	at org.junit.platform.engine.support.hierarchical.ThrowableCollector.execute(ThrowableCollector.java:73)
	at org.junit.platform.engine.support.hierarchical.NodeTestTask.executeRecursively(NodeTestTask.java:138)
	at org.junit.platform.engine.support.hierarchical.NodeTestTask.execute(NodeTestTask.java:95)
	at java.base/java.util.ArrayList.forEach(ArrayList.java:1511)
	at org.junit.platform.engine.support.hierarchical.SameThreadHierarchicalTestExecutorService.invokeAll(SameThreadHierarchicalTestExecutorService.java:41)
	at org.junit.platform.engine.support.hierarchical.NodeTestTask.lambda$executeRecursively$6(NodeTestTask.java:155)
	at org.junit.platform.engine.support.hierarchical.ThrowableCollector.execute(ThrowableCollector.java:73)
	at org.junit.platform.engine.support.hierarchical.NodeTestTask.lambda$executeRecursively$8(NodeTestTask.java:141)
	at org.junit.platform.engine.support.hierarchical.Node.around(Node.java:137)
	at org.junit.platform.engine.support.hierarchical.NodeTestTask.lambda$executeRecursively$9(NodeTestTask.java:139)
	at org.junit.platform.engine.support.hierarchical.ThrowableCollector.execute(ThrowableCollector.java:73)
	at org.junit.platform.engine.support.hierarchical.NodeTestTask.executeRecursively(NodeTestTask.java:138)
	at org.junit.platform.engine.support.hierarchical.NodeTestTask.execute(NodeTestTask.java:95)
	at org.junit.platform.engine.support.hierarchical.SameThreadHierarchicalTestExecutorService.submit(SameThreadHierarchicalTestExecutorService.java:35)
	at org.junit.platform.engine.support.hierarchical.HierarchicalTestExecutor.execute(HierarchicalTestExecutor.java:57)
	at org.junit.platform.engine.support.hierarchical.HierarchicalTestEngine.execute(HierarchicalTestEngine.java:54)
	at org.junit.platform.launcher.core.EngineExecutionOrchestrator.execute(EngineExecutionOrchestrator.java:147)
	at org.junit.platform.launcher.core.EngineExecutionOrchestrator.execute(EngineExecutionOrchestrator.java:127)
	at org.junit.platform.launcher.core.EngineExecutionOrchestrator.execute(EngineExecutionOrchestrator.java:90)
	at org.junit.platform.launcher.core.EngineExecutionOrchestrator.lambda$execute$0(EngineExecutionOrchestrator.java:55)
	at org.junit.platform.launcher.core.EngineExecutionOrchestrator.withInterceptedStreams(EngineExecutionOrchestrator.java:102)
	at org.junit.platform.launcher.core.EngineExecutionOrchestrator.execute(EngineExecutionOrchestrator.java:54)
	at org.junit.platform.launcher.core.DefaultLauncher.execute(DefaultLauncher.java:114)
	at org.junit.platform.launcher.core.DefaultLauncher.execute(DefaultLauncher.java:86)
	at org.junit.platform.launcher.core.DefaultLauncherSession$DelegatingLauncher.execute(DefaultLauncherSession.java:86)
	at org.apache.maven.surefire.junitplatform.LazyLauncher.execute(LazyLauncher.java:50)
	at org.apache.maven.surefire.junitplatform.JUnitPlatformProvider.execute(JUnitPlatformProvider.java:184)
	at org.apache.maven.surefire.junitplatform.JUnitPlatformProvider.invokeAllTests(JUnitPlatformProvider.java:148)
	at org.apache.maven.surefire.junitplatform.JUnitPlatformProvider.invoke(JUnitPlatformProvider.java:122)
	at org.apache.maven.surefire.booter.ForkedBooter.runSuitesInProcess(ForkedBooter.java:385)
	at org.apache.maven.surefire.booter.ForkedBooter.execute(ForkedBooter.java:162)
	at org.apache.maven.surefire.booter.ForkedBooter.run(ForkedBooter.java:507)
	at org.apache.maven.surefire.booter.ForkedBooter.main(ForkedBooter.java:495)
2023-11-24 12:36:44,835 TRACE o.h.i.SessionImpl [SessionImpl.java:402] Closing session [3e671498-7259-4e25-9be1-a7ba3cce866b]
2023-11-24 12:36:44,835 TRACE o.h.e.j.i.JdbcCoordinatorImpl [JdbcCoordinatorImpl.java:152] Closing JDBC container [org.hibernate.engine.jdbc.internal.JdbcCoordinatorImpl@610b7496]
2023-11-24 12:36:44,835 TRACE o.h.r.j.i.ResourceRegistryStandardImpl [ResourceRegistryStandardImpl.java:329] Releasing JDBC resources
2023-11-24 12:36:44,835 TRACE o.h.r.j.i.LogicalConnectionManagedImpl [LogicalConnectionManagedImpl.java:256] Closing logical connection
2023-11-24 12:36:44,835 TRACE o.h.r.j.i.LogicalConnectionManagedImpl [LogicalConnectionManagedImpl.java:263] Logical connection closed
2023-11-24 12:36:44,835 TRACE o.h.i.SessionFactoryImpl$SessionBuilderImpl [SessionFactoryImpl.java:1298] Opening Hibernate Session.  tenant=null
2023-11-24 12:36:44,836 TRACE o.h.i.SessionImpl [SessionImpl.java:262] Opened Session [959ab8d1-541c-4cc0-a819-404b4ffc2765] at timestamp: 1700825804836
2023-11-24 12:36:44,836 TRACE o.h.i.SessionImpl [SessionImpl.java:402] Closing session [959ab8d1-541c-4cc0-a819-404b4ffc2765]
2023-11-24 12:36:44,836 TRACE o.h.e.j.i.JdbcCoordinatorImpl [JdbcCoordinatorImpl.java:152] Closing JDBC container [org.hibernate.engine.jdbc.internal.JdbcCoordinatorImpl@3ef124e]
2023-11-24 12:36:44,836 TRACE o.h.r.j.i.ResourceRegistryStandardImpl [ResourceRegistryStandardImpl.java:329] Releasing JDBC resources
2023-11-24 12:36:44,836 TRACE o.h.r.j.i.LogicalConnectionManagedImpl [LogicalConnectionManagedImpl.java:256] Closing logical connection
2023-11-24 12:36:44,837 TRACE o.h.r.j.i.LogicalConnectionManagedImpl [LogicalConnectionManagedImpl.java:263] Logical connection closed
2023-11-24 12:36:44,838 TRACE o.h.i.SessionFactoryImpl$SessionBuilderImpl [SessionFactoryImpl.java:1298] Opening Hibernate Session.  tenant=null
2023-11-24 12:36:44,838 TRACE o.h.i.SessionImpl [SessionImpl.java:262] Opened Session [19921123-001f-431b-aa17-84de0d32f1c8] at timestamp: 1700825804838
2023-11-24 12:36:44,838 DEBUG o.h.r.t.b.j.i.JdbcResourceLocalTransactionCoordinatorImpl [JdbcResourceLocalTransactionCoordinatorImpl.java:310] JDBC transaction marked for rollback-only (exception provided for stack trace)
java.lang.Exception: exception just for purpose of providing stack trace
	at org.hibernate.resource.transaction.backend.jdbc.internal.JdbcResourceLocalTransactionCoordinatorImpl$TransactionDriverControlImpl.markRollbackOnly(JdbcResourceLocalTransactionCoordinatorImpl.java:310)
	at org.hibernate.internal.AbstractSharedSessionContract.buildNamedQuery(AbstractSharedSessionContract.java:1021)
	at org.hibernate.internal.AbstractSharedSessionContract.createNamedQuery(AbstractSharedSessionContract.java:899)
	at org.hibernate.internal.AbstractSharedSessionContract.createNamedQuery(AbstractSharedSessionContract.java:120)
	at jdk.internal.reflect.GeneratedMethodAccessor47.invoke(Unknown Source)
	at java.base/jdk.internal.reflect.DelegatingMethodAccessorImpl.invoke(DelegatingMethodAccessorImpl.java:43)
	at java.base/java.lang.reflect.Method.invoke(Method.java:568)
	at org.springframework.orm.jpa.ExtendedEntityManagerCreator$ExtendedEntityManagerInvocationHandler.invoke(ExtendedEntityManagerCreator.java:360)
	at jdk.proxy2/jdk.proxy2.$Proxy191.createNamedQuery(Unknown Source)
	at org.springframework.data.jpa.repository.query.NamedQuery.hasNamedQuery(NamedQuery.java:113)
	at org.springframework.data.jpa.repository.query.NamedQuery.lookupFrom(NamedQuery.java:141)
	at org.springframework.data.jpa.repository.query.JpaQueryLookupStrategy$DeclaredQueryLookupStrategy.resolveQuery(JpaQueryLookupStrategy.java:180)
	at org.springframework.data.jpa.repository.query.JpaQueryLookupStrategy$CreateIfNotFoundQueryLookupStrategy.resolveQuery(JpaQueryLookupStrategy.java:252)
	at org.springframework.data.jpa.repository.query.JpaQueryLookupStrategy$AbstractQueryLookupStrategy.resolveQuery(JpaQueryLookupStrategy.java:95)
	at org.springframework.data.repository.core.support.QueryExecutorMethodInterceptor.lookupQuery(QueryExecutorMethodInterceptor.java:111)
	at org.springframework.data.repository.core.support.QueryExecutorMethodInterceptor.mapMethodsToQuery(QueryExecutorMethodInterceptor.java:99)
	at org.springframework.data.repository.core.support.QueryExecutorMethodInterceptor.lambda$new$0(QueryExecutorMethodInterceptor.java:88)
	at java.base/java.util.Optional.map(Optional.java:260)
	at org.springframework.data.repository.core.support.QueryExecutorMethodInterceptor.<init>(QueryExecutorMethodInterceptor.java:88)
	at org.springframework.data.repository.core.support.RepositoryFactorySupport.getRepository(RepositoryFactorySupport.java:357)
	at org.springframework.data.repository.core.support.RepositoryFactoryBeanSupport.lambda$afterPropertiesSet$5(RepositoryFactoryBeanSupport.java:279)
	at org.springframework.data.util.Lazy.getNullable(Lazy.java:245)
	at org.springframework.data.util.Lazy.get(Lazy.java:114)
	at org.springframework.data.repository.core.support.RepositoryFactoryBeanSupport.afterPropertiesSet(RepositoryFactoryBeanSupport.java:285)
	at org.springframework.data.jpa.repository.support.JpaRepositoryFactoryBean.afterPropertiesSet(JpaRepositoryFactoryBean.java:132)
	at org.springframework.beans.factory.support.AbstractAutowireCapableBeanFactory.invokeInitMethods(AbstractAutowireCapableBeanFactory.java:1817)
	at org.springframework.beans.factory.support.AbstractAutowireCapableBeanFactory.initializeBean(AbstractAutowireCapableBeanFactory.java:1766)
	at org.springframework.beans.factory.support.AbstractAutowireCapableBeanFactory.doCreateBean(AbstractAutowireCapableBeanFactory.java:598)
	at org.springframework.beans.factory.support.AbstractAutowireCapableBeanFactory.createBean(AbstractAutowireCapableBeanFactory.java:520)
	at org.springframework.beans.factory.support.AbstractBeanFactory.lambda$doGetBean$0(AbstractBeanFactory.java:325)
	at org.springframework.beans.factory.support.DefaultSingletonBeanRegistry.getSingleton(DefaultSingletonBeanRegistry.java:234)
	at org.springframework.beans.factory.support.AbstractBeanFactory.doGetBean(AbstractBeanFactory.java:323)
	at org.springframework.beans.factory.support.AbstractBeanFactory.getBean(AbstractBeanFactory.java:199)
	at org.springframework.beans.factory.config.DependencyDescriptor.resolveCandidate(DependencyDescriptor.java:254)
	at org.springframework.beans.factory.support.DefaultListableBeanFactory.doResolveDependency(DefaultListableBeanFactory.java:1417)
	at org.springframework.beans.factory.support.DefaultListableBeanFactory.resolveDependency(DefaultListableBeanFactory.java:1337)
	at org.springframework.beans.factory.annotation.AutowiredAnnotationBeanPostProcessor$AutowiredFieldElement.resolveFieldValue(AutowiredAnnotationBeanPostProcessor.java:764)
	at org.springframework.beans.factory.annotation.AutowiredAnnotationBeanPostProcessor$AutowiredFieldElement.inject(AutowiredAnnotationBeanPostProcessor.java:747)
	at org.springframework.beans.factory.annotation.InjectionMetadata.inject(InjectionMetadata.java:145)
	at org.springframework.beans.factory.annotation.AutowiredAnnotationBeanPostProcessor.postProcessProperties(AutowiredAnnotationBeanPostProcessor.java:492)
	at org.springframework.beans.factory.support.AbstractAutowireCapableBeanFactory.populateBean(AbstractAutowireCapableBeanFactory.java:1416)
	at org.springframework.beans.factory.support.AbstractAutowireCapableBeanFactory.doCreateBean(AbstractAutowireCapableBeanFactory.java:597)
	at org.springframework.beans.factory.support.AbstractAutowireCapableBeanFactory.createBean(AbstractAutowireCapableBeanFactory.java:520)
	at org.springframework.beans.factory.support.AbstractBeanFactory.lambda$doGetBean$0(AbstractBeanFactory.java:325)
	at org.springframework.beans.factory.support.DefaultSingletonBeanRegistry.getSingleton(DefaultSingletonBeanRegistry.java:234)
	at org.springframework.beans.factory.support.AbstractBeanFactory.doGetBean(AbstractBeanFactory.java:323)
	at org.springframework.beans.factory.support.AbstractBeanFactory.getBean(AbstractBeanFactory.java:199)
	at org.springframework.beans.factory.support.DefaultListableBeanFactory.preInstantiateSingletons(DefaultListableBeanFactory.java:973)
	at org.springframework.context.support.AbstractApplicationContext.finishBeanFactoryInitialization(AbstractApplicationContext.java:950)
	at org.springframework.context.support.AbstractApplicationContext.refresh(AbstractApplicationContext.java:616)
	at org.springframework.boot.web.servlet.context.ServletWebServerApplicationContext.refresh(ServletWebServerApplicationContext.java:146)
	at org.springframework.boot.SpringApplication.refresh(SpringApplication.java:738)
	at org.springframework.boot.SpringApplication.refreshContext(SpringApplication.java:440)
	at org.springframework.boot.SpringApplication.run(SpringApplication.java:316)
	at org.springframework.boot.test.context.SpringBootContextLoader.lambda$loadContext$3(SpringBootContextLoader.java:137)
	at org.springframework.util.function.ThrowingSupplier.get(ThrowingSupplier.java:58)
	at org.springframework.util.function.ThrowingSupplier.get(ThrowingSupplier.java:46)
	at org.springframework.boot.SpringApplication.withHook(SpringApplication.java:1406)
	at org.springframework.boot.test.context.SpringBootContextLoader$ContextLoaderHook.run(SpringBootContextLoader.java:545)
	at org.springframework.boot.test.context.SpringBootContextLoader.loadContext(SpringBootContextLoader.java:137)
	at org.springframework.boot.test.context.SpringBootContextLoader.loadContext(SpringBootContextLoader.java:108)
	at org.springframework.test.context.cache.DefaultCacheAwareContextLoaderDelegate.loadContextInternal(DefaultCacheAwareContextLoaderDelegate.java:187)
	at org.springframework.test.context.cache.DefaultCacheAwareContextLoaderDelegate.loadContext(DefaultCacheAwareContextLoaderDelegate.java:119)
	at org.springframework.test.context.support.DefaultTestContext.getApplicationContext(DefaultTestContext.java:127)
	at org.springframework.boot.test.mock.mockito.MockitoTestExecutionListener.postProcessFields(MockitoTestExecutionListener.java:110)
	at org.springframework.boot.test.mock.mockito.MockitoTestExecutionListener.injectFields(MockitoTestExecutionListener.java:94)
	at org.springframework.boot.test.mock.mockito.MockitoTestExecutionListener.prepareTestInstance(MockitoTestExecutionListener.java:61)
	at org.springframework.test.context.TestContextManager.prepareTestInstance(TestContextManager.java:241)
	at org.springframework.test.context.junit.jupiter.SpringExtension.postProcessTestInstance(SpringExtension.java:138)
	at org.junit.jupiter.engine.descriptor.ClassBasedTestDescriptor.lambda$invokeTestInstancePostProcessors$10(ClassBasedTestDescriptor.java:377)
	at org.junit.jupiter.engine.descriptor.ClassBasedTestDescriptor.executeAndMaskThrowable(ClassBasedTestDescriptor.java:382)
	at org.junit.jupiter.engine.descriptor.ClassBasedTestDescriptor.lambda$invokeTestInstancePostProcessors$11(ClassBasedTestDescriptor.java:377)
	at java.base/java.util.stream.ReferencePipeline$3$1.accept(ReferencePipeline.java:197)
	at java.base/java.util.stream.ReferencePipeline$2$1.accept(ReferencePipeline.java:179)
	at java.base/java.util.ArrayList$ArrayListSpliterator.forEachRemaining(ArrayList.java:1625)
	at java.base/java.util.stream.AbstractPipeline.copyInto(AbstractPipeline.java:509)
	at java.base/java.util.stream.AbstractPipeline.wrapAndCopyInto(AbstractPipeline.java:499)
	at java.base/java.util.stream.StreamSpliterators$WrappingSpliterator.forEachRemaining(StreamSpliterators.java:310)
	at java.base/java.util.stream.Streams$ConcatSpliterator.forEachRemaining(Streams.java:735)
	at java.base/java.util.stream.Streams$ConcatSpliterator.forEachRemaining(Streams.java:734)
	at java.base/java.util.stream.ReferencePipeline$Head.forEach(ReferencePipeline.java:762)
	at org.junit.jupiter.engine.descriptor.ClassBasedTestDescriptor.invokeTestInstancePostProcessors(ClassBasedTestDescriptor.java:376)
	at org.junit.jupiter.engine.descriptor.ClassBasedTestDescriptor.lambda$instantiateAndPostProcessTestInstance$6(ClassBasedTestDescriptor.java:289)
	at org.junit.platform.engine.support.hierarchical.ThrowableCollector.execute(ThrowableCollector.java:73)
	at org.junit.jupiter.engine.descriptor.ClassBasedTestDescriptor.instantiateAndPostProcessTestInstance(ClassBasedTestDescriptor.java:288)
	at org.junit.jupiter.engine.descriptor.ClassBasedTestDescriptor.lambda$testInstancesProvider$4(ClassBasedTestDescriptor.java:278)
	at java.base/java.util.Optional.orElseGet(Optional.java:364)
	at org.junit.jupiter.engine.descriptor.ClassBasedTestDescriptor.lambda$testInstancesProvider$5(ClassBasedTestDescriptor.java:277)
	at org.junit.jupiter.engine.execution.TestInstancesProvider.getTestInstances(TestInstancesProvider.java:31)
	at org.junit.jupiter.engine.descriptor.TestMethodTestDescriptor.lambda$prepare$0(TestMethodTestDescriptor.java:105)
	at org.junit.platform.engine.support.hierarchical.ThrowableCollector.execute(ThrowableCollector.java:73)
	at org.junit.jupiter.engine.descriptor.TestMethodTestDescriptor.prepare(TestMethodTestDescriptor.java:104)
	at org.junit.jupiter.engine.descriptor.TestMethodTestDescriptor.prepare(TestMethodTestDescriptor.java:68)
	at org.junit.platform.engine.support.hierarchical.NodeTestTask.lambda$prepare$2(NodeTestTask.java:123)
	at org.junit.platform.engine.support.hierarchical.ThrowableCollector.execute(ThrowableCollector.java:73)
	at org.junit.platform.engine.support.hierarchical.NodeTestTask.prepare(NodeTestTask.java:123)
	at org.junit.platform.engine.support.hierarchical.NodeTestTask.execute(NodeTestTask.java:90)
	at java.base/java.util.ArrayList.forEach(ArrayList.java:1511)
	at org.junit.platform.engine.support.hierarchical.SameThreadHierarchicalTestExecutorService.invokeAll(SameThreadHierarchicalTestExecutorService.java:41)
	at org.junit.platform.engine.support.hierarchical.NodeTestTask.lambda$executeRecursively$6(NodeTestTask.java:155)
	at org.junit.platform.engine.support.hierarchical.ThrowableCollector.execute(ThrowableCollector.java:73)
	at org.junit.platform.engine.support.hierarchical.NodeTestTask.lambda$executeRecursively$8(NodeTestTask.java:141)
	at org.junit.platform.engine.support.hierarchical.Node.around(Node.java:137)
	at org.junit.platform.engine.support.hierarchical.NodeTestTask.lambda$executeRecursively$9(NodeTestTask.java:139)
	at org.junit.platform.engine.support.hierarchical.ThrowableCollector.execute(ThrowableCollector.java:73)
	at org.junit.platform.engine.support.hierarchical.NodeTestTask.executeRecursively(NodeTestTask.java:138)
	at org.junit.platform.engine.support.hierarchical.NodeTestTask.execute(NodeTestTask.java:95)
	at java.base/java.util.ArrayList.forEach(ArrayList.java:1511)
	at org.junit.platform.engine.support.hierarchical.SameThreadHierarchicalTestExecutorService.invokeAll(SameThreadHierarchicalTestExecutorService.java:41)
	at org.junit.platform.engine.support.hierarchical.NodeTestTask.lambda$executeRecursively$6(NodeTestTask.java:155)
	at org.junit.platform.engine.support.hierarchical.ThrowableCollector.execute(ThrowableCollector.java:73)
	at org.junit.platform.engine.support.hierarchical.NodeTestTask.lambda$executeRecursively$8(NodeTestTask.java:141)
	at org.junit.platform.engine.support.hierarchical.Node.around(Node.java:137)
	at org.junit.platform.engine.support.hierarchical.NodeTestTask.lambda$executeRecursively$9(NodeTestTask.java:139)
	at org.junit.platform.engine.support.hierarchical.ThrowableCollector.execute(ThrowableCollector.java:73)
	at org.junit.platform.engine.support.hierarchical.NodeTestTask.executeRecursively(NodeTestTask.java:138)
	at org.junit.platform.engine.support.hierarchical.NodeTestTask.execute(NodeTestTask.java:95)
	at org.junit.platform.engine.support.hierarchical.SameThreadHierarchicalTestExecutorService.submit(SameThreadHierarchicalTestExecutorService.java:35)
	at org.junit.platform.engine.support.hierarchical.HierarchicalTestExecutor.execute(HierarchicalTestExecutor.java:57)
	at org.junit.platform.engine.support.hierarchical.HierarchicalTestEngine.execute(HierarchicalTestEngine.java:54)
	at org.junit.platform.launcher.core.EngineExecutionOrchestrator.execute(EngineExecutionOrchestrator.java:147)
	at org.junit.platform.launcher.core.EngineExecutionOrchestrator.execute(EngineExecutionOrchestrator.java:127)
	at org.junit.platform.launcher.core.EngineExecutionOrchestrator.execute(EngineExecutionOrchestrator.java:90)
	at org.junit.platform.launcher.core.EngineExecutionOrchestrator.lambda$execute$0(EngineExecutionOrchestrator.java:55)
	at org.junit.platform.launcher.core.EngineExecutionOrchestrator.withInterceptedStreams(EngineExecutionOrchestrator.java:102)
	at org.junit.platform.launcher.core.EngineExecutionOrchestrator.execute(EngineExecutionOrchestrator.java:54)
	at org.junit.platform.launcher.core.DefaultLauncher.execute(DefaultLauncher.java:114)
	at org.junit.platform.launcher.core.DefaultLauncher.execute(DefaultLauncher.java:86)
	at org.junit.platform.launcher.core.DefaultLauncherSession$DelegatingLauncher.execute(DefaultLauncherSession.java:86)
	at org.apache.maven.surefire.junitplatform.LazyLauncher.execute(LazyLauncher.java:50)
	at org.apache.maven.surefire.junitplatform.JUnitPlatformProvider.execute(JUnitPlatformProvider.java:184)
	at org.apache.maven.surefire.junitplatform.JUnitPlatformProvider.invokeAllTests(JUnitPlatformProvider.java:148)
	at org.apache.maven.surefire.junitplatform.JUnitPlatformProvider.invoke(JUnitPlatformProvider.java:122)
	at org.apache.maven.surefire.booter.ForkedBooter.runSuitesInProcess(ForkedBooter.java:385)
	at org.apache.maven.surefire.booter.ForkedBooter.execute(ForkedBooter.java:162)
	at org.apache.maven.surefire.booter.ForkedBooter.run(ForkedBooter.java:507)
	at org.apache.maven.surefire.booter.ForkedBooter.main(ForkedBooter.java:495)
2023-11-24 12:36:44,838 TRACE o.h.i.SessionImpl [SessionImpl.java:402] Closing session [19921123-001f-431b-aa17-84de0d32f1c8]
2023-11-24 12:36:44,839 TRACE o.h.e.j.i.JdbcCoordinatorImpl [JdbcCoordinatorImpl.java:152] Closing JDBC container [org.hibernate.engine.jdbc.internal.JdbcCoordinatorImpl@46a954b0]
2023-11-24 12:36:44,839 TRACE o.h.r.j.i.ResourceRegistryStandardImpl [ResourceRegistryStandardImpl.java:329] Releasing JDBC resources
2023-11-24 12:36:44,839 TRACE o.h.r.j.i.LogicalConnectionManagedImpl [LogicalConnectionManagedImpl.java:256] Closing logical connection
2023-11-24 12:36:44,839 TRACE o.h.r.j.i.LogicalConnectionManagedImpl [LogicalConnectionManagedImpl.java:263] Logical connection closed
2023-11-24 12:36:44,839 TRACE o.h.i.SessionFactoryImpl$SessionBuilderImpl [SessionFactoryImpl.java:1298] Opening Hibernate Session.  tenant=null
2023-11-24 12:36:44,839 TRACE o.h.i.SessionImpl [SessionImpl.java:262] Opened Session [a068f540-297b-46a8-a111-31908b5b4861] at timestamp: 1700825804839
2023-11-24 12:36:44,839 TRACE o.h.i.SessionImpl [SessionImpl.java:402] Closing session [a068f540-297b-46a8-a111-31908b5b4861]
2023-11-24 12:36:44,839 TRACE o.h.e.j.i.JdbcCoordinatorImpl [JdbcCoordinatorImpl.java:152] Closing JDBC container [org.hibernate.engine.jdbc.internal.JdbcCoordinatorImpl@7cbc3737]
2023-11-24 12:36:44,840 TRACE o.h.r.j.i.ResourceRegistryStandardImpl [ResourceRegistryStandardImpl.java:329] Releasing JDBC resources
2023-11-24 12:36:44,840 TRACE o.h.r.j.i.LogicalConnectionManagedImpl [LogicalConnectionManagedImpl.java:256] Closing logical connection
2023-11-24 12:36:44,840 TRACE o.h.r.j.i.LogicalConnectionManagedImpl [LogicalConnectionManagedImpl.java:263] Logical connection closed
2023-11-24 12:36:44,848 TRACE o.h.i.SessionFactoryImpl$SessionBuilderImpl [SessionFactoryImpl.java:1298] Opening Hibernate Session.  tenant=null
2023-11-24 12:36:44,848 TRACE o.h.i.SessionImpl [SessionImpl.java:262] Opened Session [d6f76e30-c4ae-41e4-8c22-ae61f22b68b7] at timestamp: 1700825804848
2023-11-24 12:36:44,848 TRACE o.h.i.SessionImpl [SessionImpl.java:402] Closing session [d6f76e30-c4ae-41e4-8c22-ae61f22b68b7]
2023-11-24 12:36:44,848 TRACE o.h.e.j.i.JdbcCoordinatorImpl [JdbcCoordinatorImpl.java:152] Closing JDBC container [org.hibernate.engine.jdbc.internal.JdbcCoordinatorImpl@464b5cad]
2023-11-24 12:36:44,849 TRACE o.h.r.j.i.ResourceRegistryStandardImpl [ResourceRegistryStandardImpl.java:329] Releasing JDBC resources
2023-11-24 12:36:44,849 TRACE o.h.r.j.i.LogicalConnectionManagedImpl [LogicalConnectionManagedImpl.java:256] Closing logical connection
2023-11-24 12:36:44,849 TRACE o.h.r.j.i.LogicalConnectionManagedImpl [LogicalConnectionManagedImpl.java:263] Logical connection closed
2023-11-24 12:36:44,851 TRACE o.h.i.SessionFactoryImpl$SessionBuilderImpl [SessionFactoryImpl.java:1298] Opening Hibernate Session.  tenant=null
2023-11-24 12:36:44,852 TRACE o.h.i.SessionImpl [SessionImpl.java:262] Opened Session [2ace5b71-4435-4e7d-b514-aff323243393] at timestamp: 1700825804852
2023-11-24 12:36:44,852 TRACE o.h.i.SessionImpl [SessionImpl.java:402] Closing session [2ace5b71-4435-4e7d-b514-aff323243393]
2023-11-24 12:36:44,852 TRACE o.h.e.j.i.JdbcCoordinatorImpl [JdbcCoordinatorImpl.java:152] Closing JDBC container [org.hibernate.engine.jdbc.internal.JdbcCoordinatorImpl@709ced0e]
2023-11-24 12:36:44,853 TRACE o.h.r.j.i.ResourceRegistryStandardImpl [ResourceRegistryStandardImpl.java:329] Releasing JDBC resources
2023-11-24 12:36:44,853 TRACE o.h.r.j.i.LogicalConnectionManagedImpl [LogicalConnectionManagedImpl.java:256] Closing logical connection
2023-11-24 12:36:44,853 TRACE o.h.r.j.i.LogicalConnectionManagedImpl [LogicalConnectionManagedImpl.java:263] Logical connection closed
2023-11-24 12:36:44,886 TRACE o.h.i.SessionFactoryImpl$SessionBuilderImpl [SessionFactoryImpl.java:1298] Opening Hibernate Session.  tenant=null
2023-11-24 12:36:44,886 TRACE o.h.i.SessionImpl [SessionImpl.java:262] Opened Session [0d9e589b-8c67-45a9-adbf-9422156d34cb] at timestamp: 1700825804886
2023-11-24 12:36:44,886 DEBUG o.h.r.t.b.j.i.JdbcResourceLocalTransactionCoordinatorImpl [JdbcResourceLocalTransactionCoordinatorImpl.java:310] JDBC transaction marked for rollback-only (exception provided for stack trace)
java.lang.Exception: exception just for purpose of providing stack trace
	at org.hibernate.resource.transaction.backend.jdbc.internal.JdbcResourceLocalTransactionCoordinatorImpl$TransactionDriverControlImpl.markRollbackOnly(JdbcResourceLocalTransactionCoordinatorImpl.java:310)
	at org.hibernate.internal.AbstractSharedSessionContract.buildNamedQuery(AbstractSharedSessionContract.java:1021)
	at org.hibernate.internal.AbstractSharedSessionContract.createNamedQuery(AbstractSharedSessionContract.java:899)
	at org.hibernate.internal.AbstractSharedSessionContract.createNamedQuery(AbstractSharedSessionContract.java:120)
	at jdk.internal.reflect.GeneratedMethodAccessor47.invoke(Unknown Source)
	at java.base/jdk.internal.reflect.DelegatingMethodAccessorImpl.invoke(DelegatingMethodAccessorImpl.java:43)
	at java.base/java.lang.reflect.Method.invoke(Method.java:568)
	at org.springframework.orm.jpa.ExtendedEntityManagerCreator$ExtendedEntityManagerInvocationHandler.invoke(ExtendedEntityManagerCreator.java:360)
	at jdk.proxy2/jdk.proxy2.$Proxy191.createNamedQuery(Unknown Source)
	at org.springframework.data.jpa.repository.query.NamedQuery.hasNamedQuery(NamedQuery.java:113)
	at org.springframework.data.jpa.repository.query.NamedQuery.lookupFrom(NamedQuery.java:141)
	at org.springframework.data.jpa.repository.query.JpaQueryLookupStrategy$DeclaredQueryLookupStrategy.resolveQuery(JpaQueryLookupStrategy.java:180)
	at org.springframework.data.jpa.repository.query.JpaQueryLookupStrategy$CreateIfNotFoundQueryLookupStrategy.resolveQuery(JpaQueryLookupStrategy.java:252)
	at org.springframework.data.jpa.repository.query.JpaQueryLookupStrategy$AbstractQueryLookupStrategy.resolveQuery(JpaQueryLookupStrategy.java:95)
	at org.springframework.data.repository.core.support.QueryExecutorMethodInterceptor.lookupQuery(QueryExecutorMethodInterceptor.java:111)
	at org.springframework.data.repository.core.support.QueryExecutorMethodInterceptor.mapMethodsToQuery(QueryExecutorMethodInterceptor.java:99)
	at org.springframework.data.repository.core.support.QueryExecutorMethodInterceptor.lambda$new$0(QueryExecutorMethodInterceptor.java:88)
	at java.base/java.util.Optional.map(Optional.java:260)
	at org.springframework.data.repository.core.support.QueryExecutorMethodInterceptor.<init>(QueryExecutorMethodInterceptor.java:88)
	at org.springframework.data.repository.core.support.RepositoryFactorySupport.getRepository(RepositoryFactorySupport.java:357)
	at org.springframework.data.repository.core.support.RepositoryFactoryBeanSupport.lambda$afterPropertiesSet$5(RepositoryFactoryBeanSupport.java:279)
	at org.springframework.data.util.Lazy.getNullable(Lazy.java:245)
	at org.springframework.data.util.Lazy.get(Lazy.java:114)
	at org.springframework.data.repository.core.support.RepositoryFactoryBeanSupport.afterPropertiesSet(RepositoryFactoryBeanSupport.java:285)
	at org.springframework.data.jpa.repository.support.JpaRepositoryFactoryBean.afterPropertiesSet(JpaRepositoryFactoryBean.java:132)
	at org.springframework.beans.factory.support.AbstractAutowireCapableBeanFactory.invokeInitMethods(AbstractAutowireCapableBeanFactory.java:1817)
	at org.springframework.beans.factory.support.AbstractAutowireCapableBeanFactory.initializeBean(AbstractAutowireCapableBeanFactory.java:1766)
	at org.springframework.beans.factory.support.AbstractAutowireCapableBeanFactory.doCreateBean(AbstractAutowireCapableBeanFactory.java:598)
	at org.springframework.beans.factory.support.AbstractAutowireCapableBeanFactory.createBean(AbstractAutowireCapableBeanFactory.java:520)
	at org.springframework.beans.factory.support.AbstractBeanFactory.lambda$doGetBean$0(AbstractBeanFactory.java:325)
	at org.springframework.beans.factory.support.DefaultSingletonBeanRegistry.getSingleton(DefaultSingletonBeanRegistry.java:234)
	at org.springframework.beans.factory.support.AbstractBeanFactory.doGetBean(AbstractBeanFactory.java:323)
	at org.springframework.beans.factory.support.AbstractBeanFactory.getBean(AbstractBeanFactory.java:199)
	at org.springframework.beans.factory.config.DependencyDescriptor.resolveCandidate(DependencyDescriptor.java:254)
	at org.springframework.beans.factory.support.DefaultListableBeanFactory.doResolveDependency(DefaultListableBeanFactory.java:1417)
	at org.springframework.beans.factory.support.DefaultListableBeanFactory.resolveDependency(DefaultListableBeanFactory.java:1337)
	at org.springframework.beans.factory.annotation.AutowiredAnnotationBeanPostProcessor$AutowiredFieldElement.resolveFieldValue(AutowiredAnnotationBeanPostProcessor.java:764)
	at org.springframework.beans.factory.annotation.AutowiredAnnotationBeanPostProcessor$AutowiredFieldElement.inject(AutowiredAnnotationBeanPostProcessor.java:747)
	at org.springframework.beans.factory.annotation.InjectionMetadata.inject(InjectionMetadata.java:145)
	at org.springframework.beans.factory.annotation.AutowiredAnnotationBeanPostProcessor.postProcessProperties(AutowiredAnnotationBeanPostProcessor.java:492)
	at org.springframework.beans.factory.support.AbstractAutowireCapableBeanFactory.populateBean(AbstractAutowireCapableBeanFactory.java:1416)
	at org.springframework.beans.factory.support.AbstractAutowireCapableBeanFactory.doCreateBean(AbstractAutowireCapableBeanFactory.java:597)
	at org.springframework.beans.factory.support.AbstractAutowireCapableBeanFactory.createBean(AbstractAutowireCapableBeanFactory.java:520)
	at org.springframework.beans.factory.support.AbstractBeanFactory.lambda$doGetBean$0(AbstractBeanFactory.java:325)
	at org.springframework.beans.factory.support.DefaultSingletonBeanRegistry.getSingleton(DefaultSingletonBeanRegistry.java:234)
	at org.springframework.beans.factory.support.AbstractBeanFactory.doGetBean(AbstractBeanFactory.java:323)
	at org.springframework.beans.factory.support.AbstractBeanFactory.getBean(AbstractBeanFactory.java:199)
	at org.springframework.beans.factory.config.DependencyDescriptor.resolveCandidate(DependencyDescriptor.java:254)
	at org.springframework.beans.factory.support.DefaultListableBeanFactory.doResolveDependency(DefaultListableBeanFactory.java:1417)
	at org.springframework.beans.factory.support.DefaultListableBeanFactory.resolveDependency(DefaultListableBeanFactory.java:1337)
	at org.springframework.beans.factory.annotation.AutowiredAnnotationBeanPostProcessor$AutowiredFieldElement.resolveFieldValue(AutowiredAnnotationBeanPostProcessor.java:764)
	at org.springframework.beans.factory.annotation.AutowiredAnnotationBeanPostProcessor$AutowiredFieldElement.inject(AutowiredAnnotationBeanPostProcessor.java:747)
	at org.springframework.beans.factory.annotation.InjectionMetadata.inject(InjectionMetadata.java:145)
	at org.springframework.beans.factory.annotation.AutowiredAnnotationBeanPostProcessor.postProcessProperties(AutowiredAnnotationBeanPostProcessor.java:492)
	at org.springframework.beans.factory.support.AbstractAutowireCapableBeanFactory.populateBean(AbstractAutowireCapableBeanFactory.java:1416)
	at org.springframework.beans.factory.support.AbstractAutowireCapableBeanFactory.doCreateBean(AbstractAutowireCapableBeanFactory.java:597)
	at org.springframework.beans.factory.support.AbstractAutowireCapableBeanFactory.createBean(AbstractAutowireCapableBeanFactory.java:520)
	at org.springframework.beans.factory.support.AbstractBeanFactory.lambda$doGetBean$0(AbstractBeanFactory.java:325)
	at org.springframework.beans.factory.support.DefaultSingletonBeanRegistry.getSingleton(DefaultSingletonBeanRegistry.java:234)
	at org.springframework.beans.factory.support.AbstractBeanFactory.doGetBean(AbstractBeanFactory.java:323)
	at org.springframework.beans.factory.support.AbstractBeanFactory.getBean(AbstractBeanFactory.java:199)
	at org.springframework.beans.factory.support.DefaultListableBeanFactory.preInstantiateSingletons(DefaultListableBeanFactory.java:973)
	at org.springframework.context.support.AbstractApplicationContext.finishBeanFactoryInitialization(AbstractApplicationContext.java:950)
	at org.springframework.context.support.AbstractApplicationContext.refresh(AbstractApplicationContext.java:616)
	at org.springframework.boot.web.servlet.context.ServletWebServerApplicationContext.refresh(ServletWebServerApplicationContext.java:146)
	at org.springframework.boot.SpringApplication.refresh(SpringApplication.java:738)
	at org.springframework.boot.SpringApplication.refreshContext(SpringApplication.java:440)
	at org.springframework.boot.SpringApplication.run(SpringApplication.java:316)
	at org.springframework.boot.test.context.SpringBootContextLoader.lambda$loadContext$3(SpringBootContextLoader.java:137)
	at org.springframework.util.function.ThrowingSupplier.get(ThrowingSupplier.java:58)
	at org.springframework.util.function.ThrowingSupplier.get(ThrowingSupplier.java:46)
	at org.springframework.boot.SpringApplication.withHook(SpringApplication.java:1406)
	at org.springframework.boot.test.context.SpringBootContextLoader$ContextLoaderHook.run(SpringBootContextLoader.java:545)
	at org.springframework.boot.test.context.SpringBootContextLoader.loadContext(SpringBootContextLoader.java:137)
	at org.springframework.boot.test.context.SpringBootContextLoader.loadContext(SpringBootContextLoader.java:108)
	at org.springframework.test.context.cache.DefaultCacheAwareContextLoaderDelegate.loadContextInternal(DefaultCacheAwareContextLoaderDelegate.java:187)
	at org.springframework.test.context.cache.DefaultCacheAwareContextLoaderDelegate.loadContext(DefaultCacheAwareContextLoaderDelegate.java:119)
	at org.springframework.test.context.support.DefaultTestContext.getApplicationContext(DefaultTestContext.java:127)
	at org.springframework.boot.test.mock.mockito.MockitoTestExecutionListener.postProcessFields(MockitoTestExecutionListener.java:110)
	at org.springframework.boot.test.mock.mockito.MockitoTestExecutionListener.injectFields(MockitoTestExecutionListener.java:94)
	at org.springframework.boot.test.mock.mockito.MockitoTestExecutionListener.prepareTestInstance(MockitoTestExecutionListener.java:61)
	at org.springframework.test.context.TestContextManager.prepareTestInstance(TestContextManager.java:241)
	at org.springframework.test.context.junit.jupiter.SpringExtension.postProcessTestInstance(SpringExtension.java:138)
	at org.junit.jupiter.engine.descriptor.ClassBasedTestDescriptor.lambda$invokeTestInstancePostProcessors$10(ClassBasedTestDescriptor.java:377)
	at org.junit.jupiter.engine.descriptor.ClassBasedTestDescriptor.executeAndMaskThrowable(ClassBasedTestDescriptor.java:382)
	at org.junit.jupiter.engine.descriptor.ClassBasedTestDescriptor.lambda$invokeTestInstancePostProcessors$11(ClassBasedTestDescriptor.java:377)
	at java.base/java.util.stream.ReferencePipeline$3$1.accept(ReferencePipeline.java:197)
	at java.base/java.util.stream.ReferencePipeline$2$1.accept(ReferencePipeline.java:179)
	at java.base/java.util.ArrayList$ArrayListSpliterator.forEachRemaining(ArrayList.java:1625)
	at java.base/java.util.stream.AbstractPipeline.copyInto(AbstractPipeline.java:509)
	at java.base/java.util.stream.AbstractPipeline.wrapAndCopyInto(AbstractPipeline.java:499)
	at java.base/java.util.stream.StreamSpliterators$WrappingSpliterator.forEachRemaining(StreamSpliterators.java:310)
	at java.base/java.util.stream.Streams$ConcatSpliterator.forEachRemaining(Streams.java:735)
	at java.base/java.util.stream.Streams$ConcatSpliterator.forEachRemaining(Streams.java:734)
	at java.base/java.util.stream.ReferencePipeline$Head.forEach(ReferencePipeline.java:762)
	at org.junit.jupiter.engine.descriptor.ClassBasedTestDescriptor.invokeTestInstancePostProcessors(ClassBasedTestDescriptor.java:376)
	at org.junit.jupiter.engine.descriptor.ClassBasedTestDescriptor.lambda$instantiateAndPostProcessTestInstance$6(ClassBasedTestDescriptor.java:289)
	at org.junit.platform.engine.support.hierarchical.ThrowableCollector.execute(ThrowableCollector.java:73)
	at org.junit.jupiter.engine.descriptor.ClassBasedTestDescriptor.instantiateAndPostProcessTestInstance(ClassBasedTestDescriptor.java:288)
	at org.junit.jupiter.engine.descriptor.ClassBasedTestDescriptor.lambda$testInstancesProvider$4(ClassBasedTestDescriptor.java:278)
	at java.base/java.util.Optional.orElseGet(Optional.java:364)
	at org.junit.jupiter.engine.descriptor.ClassBasedTestDescriptor.lambda$testInstancesProvider$5(ClassBasedTestDescriptor.java:277)
	at org.junit.jupiter.engine.execution.TestInstancesProvider.getTestInstances(TestInstancesProvider.java:31)
	at org.junit.jupiter.engine.descriptor.TestMethodTestDescriptor.lambda$prepare$0(TestMethodTestDescriptor.java:105)
	at org.junit.platform.engine.support.hierarchical.ThrowableCollector.execute(ThrowableCollector.java:73)
	at org.junit.jupiter.engine.descriptor.TestMethodTestDescriptor.prepare(TestMethodTestDescriptor.java:104)
	at org.junit.jupiter.engine.descriptor.TestMethodTestDescriptor.prepare(TestMethodTestDescriptor.java:68)
	at org.junit.platform.engine.support.hierarchical.NodeTestTask.lambda$prepare$2(NodeTestTask.java:123)
	at org.junit.platform.engine.support.hierarchical.ThrowableCollector.execute(ThrowableCollector.java:73)
	at org.junit.platform.engine.support.hierarchical.NodeTestTask.prepare(NodeTestTask.java:123)
	at org.junit.platform.engine.support.hierarchical.NodeTestTask.execute(NodeTestTask.java:90)
	at java.base/java.util.ArrayList.forEach(ArrayList.java:1511)
	at org.junit.platform.engine.support.hierarchical.SameThreadHierarchicalTestExecutorService.invokeAll(SameThreadHierarchicalTestExecutorService.java:41)
	at org.junit.platform.engine.support.hierarchical.NodeTestTask.lambda$executeRecursively$6(NodeTestTask.java:155)
	at org.junit.platform.engine.support.hierarchical.ThrowableCollector.execute(ThrowableCollector.java:73)
	at org.junit.platform.engine.support.hierarchical.NodeTestTask.lambda$executeRecursively$8(NodeTestTask.java:141)
	at org.junit.platform.engine.support.hierarchical.Node.around(Node.java:137)
	at org.junit.platform.engine.support.hierarchical.NodeTestTask.lambda$executeRecursively$9(NodeTestTask.java:139)
	at org.junit.platform.engine.support.hierarchical.ThrowableCollector.execute(ThrowableCollector.java:73)
	at org.junit.platform.engine.support.hierarchical.NodeTestTask.executeRecursively(NodeTestTask.java:138)
	at org.junit.platform.engine.support.hierarchical.NodeTestTask.execute(NodeTestTask.java:95)
	at java.base/java.util.ArrayList.forEach(ArrayList.java:1511)
	at org.junit.platform.engine.support.hierarchical.SameThreadHierarchicalTestExecutorService.invokeAll(SameThreadHierarchicalTestExecutorService.java:41)
	at org.junit.platform.engine.support.hierarchical.NodeTestTask.lambda$executeRecursively$6(NodeTestTask.java:155)
	at org.junit.platform.engine.support.hierarchical.ThrowableCollector.execute(ThrowableCollector.java:73)
	at org.junit.platform.engine.support.hierarchical.NodeTestTask.lambda$executeRecursively$8(NodeTestTask.java:141)
	at org.junit.platform.engine.support.hierarchical.Node.around(Node.java:137)
	at org.junit.platform.engine.support.hierarchical.NodeTestTask.lambda$executeRecursively$9(NodeTestTask.java:139)
	at org.junit.platform.engine.support.hierarchical.ThrowableCollector.execute(ThrowableCollector.java:73)
	at org.junit.platform.engine.support.hierarchical.NodeTestTask.executeRecursively(NodeTestTask.java:138)
	at org.junit.platform.engine.support.hierarchical.NodeTestTask.execute(NodeTestTask.java:95)
	at org.junit.platform.engine.support.hierarchical.SameThreadHierarchicalTestExecutorService.submit(SameThreadHierarchicalTestExecutorService.java:35)
	at org.junit.platform.engine.support.hierarchical.HierarchicalTestExecutor.execute(HierarchicalTestExecutor.java:57)
	at org.junit.platform.engine.support.hierarchical.HierarchicalTestEngine.execute(HierarchicalTestEngine.java:54)
	at org.junit.platform.launcher.core.EngineExecutionOrchestrator.execute(EngineExecutionOrchestrator.java:147)
	at org.junit.platform.launcher.core.EngineExecutionOrchestrator.execute(EngineExecutionOrchestrator.java:127)
	at org.junit.platform.launcher.core.EngineExecutionOrchestrator.execute(EngineExecutionOrchestrator.java:90)
	at org.junit.platform.launcher.core.EngineExecutionOrchestrator.lambda$execute$0(EngineExecutionOrchestrator.java:55)
	at org.junit.platform.launcher.core.EngineExecutionOrchestrator.withInterceptedStreams(EngineExecutionOrchestrator.java:102)
	at org.junit.platform.launcher.core.EngineExecutionOrchestrator.execute(EngineExecutionOrchestrator.java:54)
	at org.junit.platform.launcher.core.DefaultLauncher.execute(DefaultLauncher.java:114)
	at org.junit.platform.launcher.core.DefaultLauncher.execute(DefaultLauncher.java:86)
	at org.junit.platform.launcher.core.DefaultLauncherSession$DelegatingLauncher.execute(DefaultLauncherSession.java:86)
	at org.apache.maven.surefire.junitplatform.LazyLauncher.execute(LazyLauncher.java:50)
	at org.apache.maven.surefire.junitplatform.JUnitPlatformProvider.execute(JUnitPlatformProvider.java:184)
	at org.apache.maven.surefire.junitplatform.JUnitPlatformProvider.invokeAllTests(JUnitPlatformProvider.java:148)
	at org.apache.maven.surefire.junitplatform.JUnitPlatformProvider.invoke(JUnitPlatformProvider.java:122)
	at org.apache.maven.surefire.booter.ForkedBooter.runSuitesInProcess(ForkedBooter.java:385)
	at org.apache.maven.surefire.booter.ForkedBooter.execute(ForkedBooter.java:162)
	at org.apache.maven.surefire.booter.ForkedBooter.run(ForkedBooter.java:507)
	at org.apache.maven.surefire.booter.ForkedBooter.main(ForkedBooter.java:495)
2023-11-24 12:36:44,887 TRACE o.h.i.SessionImpl [SessionImpl.java:402] Closing session [0d9e589b-8c67-45a9-adbf-9422156d34cb]
2023-11-24 12:36:44,887 TRACE o.h.e.j.i.JdbcCoordinatorImpl [JdbcCoordinatorImpl.java:152] Closing JDBC container [org.hibernate.engine.jdbc.internal.JdbcCoordinatorImpl@499091e7]
2023-11-24 12:36:44,887 TRACE o.h.r.j.i.ResourceRegistryStandardImpl [ResourceRegistryStandardImpl.java:329] Releasing JDBC resources
2023-11-24 12:36:44,888 TRACE o.h.r.j.i.LogicalConnectionManagedImpl [LogicalConnectionManagedImpl.java:256] Closing logical connection
2023-11-24 12:36:44,888 TRACE o.h.r.j.i.LogicalConnectionManagedImpl [LogicalConnectionManagedImpl.java:263] Logical connection closed
2023-11-24 12:36:44,888 TRACE o.h.i.SessionFactoryImpl$SessionBuilderImpl [SessionFactoryImpl.java:1298] Opening Hibernate Session.  tenant=null
2023-11-24 12:36:44,889 TRACE o.h.i.SessionImpl [SessionImpl.java:262] Opened Session [4012677f-758c-4700-be4b-4727a63e0085] at timestamp: 1700825804889
2023-11-24 12:36:44,890 TRACE o.h.i.SessionImpl [SessionImpl.java:402] Closing session [4012677f-758c-4700-be4b-4727a63e0085]
2023-11-24 12:36:44,890 TRACE o.h.e.j.i.JdbcCoordinatorImpl [JdbcCoordinatorImpl.java:152] Closing JDBC container [org.hibernate.engine.jdbc.internal.JdbcCoordinatorImpl@5e73e146]
2023-11-24 12:36:44,890 TRACE o.h.r.j.i.ResourceRegistryStandardImpl [ResourceRegistryStandardImpl.java:329] Releasing JDBC resources
2023-11-24 12:36:44,890 TRACE o.h.r.j.i.LogicalConnectionManagedImpl [LogicalConnectionManagedImpl.java:256] Closing logical connection
2023-11-24 12:36:44,890 TRACE o.h.r.j.i.LogicalConnectionManagedImpl [LogicalConnectionManagedImpl.java:263] Logical connection closed
2023-11-24 12:36:44,893 TRACE o.h.i.SessionFactoryImpl$SessionBuilderImpl [SessionFactoryImpl.java:1298] Opening Hibernate Session.  tenant=null
2023-11-24 12:36:44,893 TRACE o.h.i.SessionImpl [SessionImpl.java:262] Opened Session [fe1766e3-15cc-458a-863e-e5059318617f] at timestamp: 1700825804893
2023-11-24 12:36:44,894 DEBUG o.h.r.t.b.j.i.JdbcResourceLocalTransactionCoordinatorImpl [JdbcResourceLocalTransactionCoordinatorImpl.java:310] JDBC transaction marked for rollback-only (exception provided for stack trace)
java.lang.Exception: exception just for purpose of providing stack trace
	at org.hibernate.resource.transaction.backend.jdbc.internal.JdbcResourceLocalTransactionCoordinatorImpl$TransactionDriverControlImpl.markRollbackOnly(JdbcResourceLocalTransactionCoordinatorImpl.java:310)
	at org.hibernate.internal.AbstractSharedSessionContract.buildNamedQuery(AbstractSharedSessionContract.java:1021)
	at org.hibernate.internal.AbstractSharedSessionContract.createNamedQuery(AbstractSharedSessionContract.java:899)
	at org.hibernate.internal.AbstractSharedSessionContract.createNamedQuery(AbstractSharedSessionContract.java:120)
	at jdk.internal.reflect.GeneratedMethodAccessor47.invoke(Unknown Source)
	at java.base/jdk.internal.reflect.DelegatingMethodAccessorImpl.invoke(DelegatingMethodAccessorImpl.java:43)
	at java.base/java.lang.reflect.Method.invoke(Method.java:568)
	at org.springframework.orm.jpa.ExtendedEntityManagerCreator$ExtendedEntityManagerInvocationHandler.invoke(ExtendedEntityManagerCreator.java:360)
	at jdk.proxy2/jdk.proxy2.$Proxy191.createNamedQuery(Unknown Source)
	at org.springframework.data.jpa.repository.query.NamedQuery.hasNamedQuery(NamedQuery.java:113)
	at org.springframework.data.jpa.repository.query.JpaQueryLookupStrategy$DeclaredQueryLookupStrategy.getCountQuery(JpaQueryLookupStrategy.java:204)
	at org.springframework.data.jpa.repository.query.JpaQueryLookupStrategy$DeclaredQueryLookupStrategy.resolveQuery(JpaQueryLookupStrategy.java:171)
	at org.springframework.data.jpa.repository.query.JpaQueryLookupStrategy$CreateIfNotFoundQueryLookupStrategy.resolveQuery(JpaQueryLookupStrategy.java:252)
	at org.springframework.data.jpa.repository.query.JpaQueryLookupStrategy$AbstractQueryLookupStrategy.resolveQuery(JpaQueryLookupStrategy.java:95)
	at org.springframework.data.repository.core.support.QueryExecutorMethodInterceptor.lookupQuery(QueryExecutorMethodInterceptor.java:111)
	at org.springframework.data.repository.core.support.QueryExecutorMethodInterceptor.mapMethodsToQuery(QueryExecutorMethodInterceptor.java:99)
	at org.springframework.data.repository.core.support.QueryExecutorMethodInterceptor.lambda$new$0(QueryExecutorMethodInterceptor.java:88)
	at java.base/java.util.Optional.map(Optional.java:260)
	at org.springframework.data.repository.core.support.QueryExecutorMethodInterceptor.<init>(QueryExecutorMethodInterceptor.java:88)
	at org.springframework.data.repository.core.support.RepositoryFactorySupport.getRepository(RepositoryFactorySupport.java:357)
	at org.springframework.data.repository.core.support.RepositoryFactoryBeanSupport.lambda$afterPropertiesSet$5(RepositoryFactoryBeanSupport.java:279)
	at org.springframework.data.util.Lazy.getNullable(Lazy.java:245)
	at org.springframework.data.util.Lazy.get(Lazy.java:114)
	at org.springframework.data.repository.core.support.RepositoryFactoryBeanSupport.afterPropertiesSet(RepositoryFactoryBeanSupport.java:285)
	at org.springframework.data.jpa.repository.support.JpaRepositoryFactoryBean.afterPropertiesSet(JpaRepositoryFactoryBean.java:132)
	at org.springframework.beans.factory.support.AbstractAutowireCapableBeanFactory.invokeInitMethods(AbstractAutowireCapableBeanFactory.java:1817)
	at org.springframework.beans.factory.support.AbstractAutowireCapableBeanFactory.initializeBean(AbstractAutowireCapableBeanFactory.java:1766)
	at org.springframework.beans.factory.support.AbstractAutowireCapableBeanFactory.doCreateBean(AbstractAutowireCapableBeanFactory.java:598)
	at org.springframework.beans.factory.support.AbstractAutowireCapableBeanFactory.createBean(AbstractAutowireCapableBeanFactory.java:520)
	at org.springframework.beans.factory.support.AbstractBeanFactory.lambda$doGetBean$0(AbstractBeanFactory.java:325)
	at org.springframework.beans.factory.support.DefaultSingletonBeanRegistry.getSingleton(DefaultSingletonBeanRegistry.java:234)
	at org.springframework.beans.factory.support.AbstractBeanFactory.doGetBean(AbstractBeanFactory.java:323)
	at org.springframework.beans.factory.support.AbstractBeanFactory.getBean(AbstractBeanFactory.java:199)
	at org.springframework.beans.factory.config.DependencyDescriptor.resolveCandidate(DependencyDescriptor.java:254)
	at org.springframework.beans.factory.support.DefaultListableBeanFactory.doResolveDependency(DefaultListableBeanFactory.java:1417)
	at org.springframework.beans.factory.support.DefaultListableBeanFactory.resolveDependency(DefaultListableBeanFactory.java:1337)
	at org.springframework.beans.factory.annotation.AutowiredAnnotationBeanPostProcessor$AutowiredFieldElement.resolveFieldValue(AutowiredAnnotationBeanPostProcessor.java:764)
	at org.springframework.beans.factory.annotation.AutowiredAnnotationBeanPostProcessor$AutowiredFieldElement.inject(AutowiredAnnotationBeanPostProcessor.java:747)
	at org.springframework.beans.factory.annotation.InjectionMetadata.inject(InjectionMetadata.java:145)
	at org.springframework.beans.factory.annotation.AutowiredAnnotationBeanPostProcessor.postProcessProperties(AutowiredAnnotationBeanPostProcessor.java:492)
	at org.springframework.beans.factory.support.AbstractAutowireCapableBeanFactory.populateBean(AbstractAutowireCapableBeanFactory.java:1416)
	at org.springframework.beans.factory.support.AbstractAutowireCapableBeanFactory.doCreateBean(AbstractAutowireCapableBeanFactory.java:597)
	at org.springframework.beans.factory.support.AbstractAutowireCapableBeanFactory.createBean(AbstractAutowireCapableBeanFactory.java:520)
	at org.springframework.beans.factory.support.AbstractBeanFactory.lambda$doGetBean$0(AbstractBeanFactory.java:325)
	at org.springframework.beans.factory.support.DefaultSingletonBeanRegistry.getSingleton(DefaultSingletonBeanRegistry.java:234)
	at org.springframework.beans.factory.support.AbstractBeanFactory.doGetBean(AbstractBeanFactory.java:323)
	at org.springframework.beans.factory.support.AbstractBeanFactory.getBean(AbstractBeanFactory.java:199)
	at org.springframework.beans.factory.config.DependencyDescriptor.resolveCandidate(DependencyDescriptor.java:254)
	at org.springframework.beans.factory.support.DefaultListableBeanFactory.doResolveDependency(DefaultListableBeanFactory.java:1417)
	at org.springframework.beans.factory.support.DefaultListableBeanFactory.resolveDependency(DefaultListableBeanFactory.java:1337)
	at org.springframework.beans.factory.annotation.AutowiredAnnotationBeanPostProcessor$AutowiredFieldElement.resolveFieldValue(AutowiredAnnotationBeanPostProcessor.java:764)
	at org.springframework.beans.factory.annotation.AutowiredAnnotationBeanPostProcessor$AutowiredFieldElement.inject(AutowiredAnnotationBeanPostProcessor.java:747)
	at org.springframework.beans.factory.annotation.InjectionMetadata.inject(InjectionMetadata.java:145)
	at org.springframework.beans.factory.annotation.AutowiredAnnotationBeanPostProcessor.postProcessProperties(AutowiredAnnotationBeanPostProcessor.java:492)
	at org.springframework.beans.factory.support.AbstractAutowireCapableBeanFactory.populateBean(AbstractAutowireCapableBeanFactory.java:1416)
	at org.springframework.beans.factory.support.AbstractAutowireCapableBeanFactory.doCreateBean(AbstractAutowireCapableBeanFactory.java:597)
	at org.springframework.beans.factory.support.AbstractAutowireCapableBeanFactory.createBean(AbstractAutowireCapableBeanFactory.java:520)
	at org.springframework.beans.factory.support.AbstractBeanFactory.lambda$doGetBean$0(AbstractBeanFactory.java:325)
	at org.springframework.beans.factory.support.DefaultSingletonBeanRegistry.getSingleton(DefaultSingletonBeanRegistry.java:234)
	at org.springframework.beans.factory.support.AbstractBeanFactory.doGetBean(AbstractBeanFactory.java:323)
	at org.springframework.beans.factory.support.AbstractBeanFactory.getBean(AbstractBeanFactory.java:199)
	at org.springframework.beans.factory.support.DefaultListableBeanFactory.preInstantiateSingletons(DefaultListableBeanFactory.java:973)
	at org.springframework.context.support.AbstractApplicationContext.finishBeanFactoryInitialization(AbstractApplicationContext.java:950)
	at org.springframework.context.support.AbstractApplicationContext.refresh(AbstractApplicationContext.java:616)
	at org.springframework.boot.web.servlet.context.ServletWebServerApplicationContext.refresh(ServletWebServerApplicationContext.java:146)
	at org.springframework.boot.SpringApplication.refresh(SpringApplication.java:738)
	at org.springframework.boot.SpringApplication.refreshContext(SpringApplication.java:440)
	at org.springframework.boot.SpringApplication.run(SpringApplication.java:316)
	at org.springframework.boot.test.context.SpringBootContextLoader.lambda$loadContext$3(SpringBootContextLoader.java:137)
	at org.springframework.util.function.ThrowingSupplier.get(ThrowingSupplier.java:58)
	at org.springframework.util.function.ThrowingSupplier.get(ThrowingSupplier.java:46)
	at org.springframework.boot.SpringApplication.withHook(SpringApplication.java:1406)
	at org.springframework.boot.test.context.SpringBootContextLoader$ContextLoaderHook.run(SpringBootContextLoader.java:545)
	at org.springframework.boot.test.context.SpringBootContextLoader.loadContext(SpringBootContextLoader.java:137)
	at org.springframework.boot.test.context.SpringBootContextLoader.loadContext(SpringBootContextLoader.java:108)
	at org.springframework.test.context.cache.DefaultCacheAwareContextLoaderDelegate.loadContextInternal(DefaultCacheAwareContextLoaderDelegate.java:187)
	at org.springframework.test.context.cache.DefaultCacheAwareContextLoaderDelegate.loadContext(DefaultCacheAwareContextLoaderDelegate.java:119)
	at org.springframework.test.context.support.DefaultTestContext.getApplicationContext(DefaultTestContext.java:127)
	at org.springframework.boot.test.mock.mockito.MockitoTestExecutionListener.postProcessFields(MockitoTestExecutionListener.java:110)
	at org.springframework.boot.test.mock.mockito.MockitoTestExecutionListener.injectFields(MockitoTestExecutionListener.java:94)
	at org.springframework.boot.test.mock.mockito.MockitoTestExecutionListener.prepareTestInstance(MockitoTestExecutionListener.java:61)
	at org.springframework.test.context.TestContextManager.prepareTestInstance(TestContextManager.java:241)
	at org.springframework.test.context.junit.jupiter.SpringExtension.postProcessTestInstance(SpringExtension.java:138)
	at org.junit.jupiter.engine.descriptor.ClassBasedTestDescriptor.lambda$invokeTestInstancePostProcessors$10(ClassBasedTestDescriptor.java:377)
	at org.junit.jupiter.engine.descriptor.ClassBasedTestDescriptor.executeAndMaskThrowable(ClassBasedTestDescriptor.java:382)
	at org.junit.jupiter.engine.descriptor.ClassBasedTestDescriptor.lambda$invokeTestInstancePostProcessors$11(ClassBasedTestDescriptor.java:377)
	at java.base/java.util.stream.ReferencePipeline$3$1.accept(ReferencePipeline.java:197)
	at java.base/java.util.stream.ReferencePipeline$2$1.accept(ReferencePipeline.java:179)
	at java.base/java.util.ArrayList$ArrayListSpliterator.forEachRemaining(ArrayList.java:1625)
	at java.base/java.util.stream.AbstractPipeline.copyInto(AbstractPipeline.java:509)
	at java.base/java.util.stream.AbstractPipeline.wrapAndCopyInto(AbstractPipeline.java:499)
	at java.base/java.util.stream.StreamSpliterators$WrappingSpliterator.forEachRemaining(StreamSpliterators.java:310)
	at java.base/java.util.stream.Streams$ConcatSpliterator.forEachRemaining(Streams.java:735)
	at java.base/java.util.stream.Streams$ConcatSpliterator.forEachRemaining(Streams.java:734)
	at java.base/java.util.stream.ReferencePipeline$Head.forEach(ReferencePipeline.java:762)
	at org.junit.jupiter.engine.descriptor.ClassBasedTestDescriptor.invokeTestInstancePostProcessors(ClassBasedTestDescriptor.java:376)
	at org.junit.jupiter.engine.descriptor.ClassBasedTestDescriptor.lambda$instantiateAndPostProcessTestInstance$6(ClassBasedTestDescriptor.java:289)
	at org.junit.platform.engine.support.hierarchical.ThrowableCollector.execute(ThrowableCollector.java:73)
	at org.junit.jupiter.engine.descriptor.ClassBasedTestDescriptor.instantiateAndPostProcessTestInstance(ClassBasedTestDescriptor.java:288)
	at org.junit.jupiter.engine.descriptor.ClassBasedTestDescriptor.lambda$testInstancesProvider$4(ClassBasedTestDescriptor.java:278)
	at java.base/java.util.Optional.orElseGet(Optional.java:364)
	at org.junit.jupiter.engine.descriptor.ClassBasedTestDescriptor.lambda$testInstancesProvider$5(ClassBasedTestDescriptor.java:277)
	at org.junit.jupiter.engine.execution.TestInstancesProvider.getTestInstances(TestInstancesProvider.java:31)
	at org.junit.jupiter.engine.descriptor.TestMethodTestDescriptor.lambda$prepare$0(TestMethodTestDescriptor.java:105)
	at org.junit.platform.engine.support.hierarchical.ThrowableCollector.execute(ThrowableCollector.java:73)
	at org.junit.jupiter.engine.descriptor.TestMethodTestDescriptor.prepare(TestMethodTestDescriptor.java:104)
	at org.junit.jupiter.engine.descriptor.TestMethodTestDescriptor.prepare(TestMethodTestDescriptor.java:68)
	at org.junit.platform.engine.support.hierarchical.NodeTestTask.lambda$prepare$2(NodeTestTask.java:123)
	at org.junit.platform.engine.support.hierarchical.ThrowableCollector.execute(ThrowableCollector.java:73)
	at org.junit.platform.engine.support.hierarchical.NodeTestTask.prepare(NodeTestTask.java:123)
	at org.junit.platform.engine.support.hierarchical.NodeTestTask.execute(NodeTestTask.java:90)
	at java.base/java.util.ArrayList.forEach(ArrayList.java:1511)
	at org.junit.platform.engine.support.hierarchical.SameThreadHierarchicalTestExecutorService.invokeAll(SameThreadHierarchicalTestExecutorService.java:41)
	at org.junit.platform.engine.support.hierarchical.NodeTestTask.lambda$executeRecursively$6(NodeTestTask.java:155)
	at org.junit.platform.engine.support.hierarchical.ThrowableCollector.execute(ThrowableCollector.java:73)
	at org.junit.platform.engine.support.hierarchical.NodeTestTask.lambda$executeRecursively$8(NodeTestTask.java:141)
	at org.junit.platform.engine.support.hierarchical.Node.around(Node.java:137)
	at org.junit.platform.engine.support.hierarchical.NodeTestTask.lambda$executeRecursively$9(NodeTestTask.java:139)
	at org.junit.platform.engine.support.hierarchical.ThrowableCollector.execute(ThrowableCollector.java:73)
	at org.junit.platform.engine.support.hierarchical.NodeTestTask.executeRecursively(NodeTestTask.java:138)
	at org.junit.platform.engine.support.hierarchical.NodeTestTask.execute(NodeTestTask.java:95)
	at java.base/java.util.ArrayList.forEach(ArrayList.java:1511)
	at org.junit.platform.engine.support.hierarchical.SameThreadHierarchicalTestExecutorService.invokeAll(SameThreadHierarchicalTestExecutorService.java:41)
	at org.junit.platform.engine.support.hierarchical.NodeTestTask.lambda$executeRecursively$6(NodeTestTask.java:155)
	at org.junit.platform.engine.support.hierarchical.ThrowableCollector.execute(ThrowableCollector.java:73)
	at org.junit.platform.engine.support.hierarchical.NodeTestTask.lambda$executeRecursively$8(NodeTestTask.java:141)
	at org.junit.platform.engine.support.hierarchical.Node.around(Node.java:137)
	at org.junit.platform.engine.support.hierarchical.NodeTestTask.lambda$executeRecursively$9(NodeTestTask.java:139)
	at org.junit.platform.engine.support.hierarchical.ThrowableCollector.execute(ThrowableCollector.java:73)
	at org.junit.platform.engine.support.hierarchical.NodeTestTask.executeRecursively(NodeTestTask.java:138)
	at org.junit.platform.engine.support.hierarchical.NodeTestTask.execute(NodeTestTask.java:95)
	at org.junit.platform.engine.support.hierarchical.SameThreadHierarchicalTestExecutorService.submit(SameThreadHierarchicalTestExecutorService.java:35)
	at org.junit.platform.engine.support.hierarchical.HierarchicalTestExecutor.execute(HierarchicalTestExecutor.java:57)
	at org.junit.platform.engine.support.hierarchical.HierarchicalTestEngine.execute(HierarchicalTestEngine.java:54)
	at org.junit.platform.launcher.core.EngineExecutionOrchestrator.execute(EngineExecutionOrchestrator.java:147)
	at org.junit.platform.launcher.core.EngineExecutionOrchestrator.execute(EngineExecutionOrchestrator.java:127)
	at org.junit.platform.launcher.core.EngineExecutionOrchestrator.execute(EngineExecutionOrchestrator.java:90)
	at org.junit.platform.launcher.core.EngineExecutionOrchestrator.lambda$execute$0(EngineExecutionOrchestrator.java:55)
	at org.junit.platform.launcher.core.EngineExecutionOrchestrator.withInterceptedStreams(EngineExecutionOrchestrator.java:102)
	at org.junit.platform.launcher.core.EngineExecutionOrchestrator.execute(EngineExecutionOrchestrator.java:54)
	at org.junit.platform.launcher.core.DefaultLauncher.execute(DefaultLauncher.java:114)
	at org.junit.platform.launcher.core.DefaultLauncher.execute(DefaultLauncher.java:86)
	at org.junit.platform.launcher.core.DefaultLauncherSession$DelegatingLauncher.execute(DefaultLauncherSession.java:86)
	at org.apache.maven.surefire.junitplatform.LazyLauncher.execute(LazyLauncher.java:50)
	at org.apache.maven.surefire.junitplatform.JUnitPlatformProvider.execute(JUnitPlatformProvider.java:184)
	at org.apache.maven.surefire.junitplatform.JUnitPlatformProvider.invokeAllTests(JUnitPlatformProvider.java:148)
	at org.apache.maven.surefire.junitplatform.JUnitPlatformProvider.invoke(JUnitPlatformProvider.java:122)
	at org.apache.maven.surefire.booter.ForkedBooter.runSuitesInProcess(ForkedBooter.java:385)
	at org.apache.maven.surefire.booter.ForkedBooter.execute(ForkedBooter.java:162)
	at org.apache.maven.surefire.booter.ForkedBooter.run(ForkedBooter.java:507)
	at org.apache.maven.surefire.booter.ForkedBooter.main(ForkedBooter.java:495)
2023-11-24 12:36:44,894 TRACE o.h.i.SessionImpl [SessionImpl.java:402] Closing session [fe1766e3-15cc-458a-863e-e5059318617f]
2023-11-24 12:36:44,895 TRACE o.h.e.j.i.JdbcCoordinatorImpl [JdbcCoordinatorImpl.java:152] Closing JDBC container [org.hibernate.engine.jdbc.internal.JdbcCoordinatorImpl@12cd0b7b]
2023-11-24 12:36:44,895 TRACE o.h.r.j.i.ResourceRegistryStandardImpl [ResourceRegistryStandardImpl.java:329] Releasing JDBC resources
2023-11-24 12:36:44,895 TRACE o.h.r.j.i.LogicalConnectionManagedImpl [LogicalConnectionManagedImpl.java:256] Closing logical connection
2023-11-24 12:36:44,895 TRACE o.h.r.j.i.LogicalConnectionManagedImpl [LogicalConnectionManagedImpl.java:263] Logical connection closed
2023-11-24 12:36:44,895 TRACE o.h.i.SessionFactoryImpl$SessionBuilderImpl [SessionFactoryImpl.java:1298] Opening Hibernate Session.  tenant=null
2023-11-24 12:36:44,896 TRACE o.h.i.SessionImpl [SessionImpl.java:262] Opened Session [b040b9f4-6740-4696-a913-647dbb7cba1c] at timestamp: 1700825804896
2023-11-24 12:36:44,896 TRACE o.h.i.SessionImpl [SessionImpl.java:402] Closing session [b040b9f4-6740-4696-a913-647dbb7cba1c]
2023-11-24 12:36:44,896 TRACE o.h.e.j.i.JdbcCoordinatorImpl [JdbcCoordinatorImpl.java:152] Closing JDBC container [org.hibernate.engine.jdbc.internal.JdbcCoordinatorImpl@5f9fbf6c]
2023-11-24 12:36:44,896 TRACE o.h.r.j.i.ResourceRegistryStandardImpl [ResourceRegistryStandardImpl.java:329] Releasing JDBC resources
2023-11-24 12:36:44,897 TRACE o.h.r.j.i.LogicalConnectionManagedImpl [LogicalConnectionManagedImpl.java:256] Closing logical connection
2023-11-24 12:36:44,897 TRACE o.h.r.j.i.LogicalConnectionManagedImpl [LogicalConnectionManagedImpl.java:263] Logical connection closed
2023-11-24 12:36:44,898 TRACE o.h.i.SessionFactoryImpl$SessionBuilderImpl [SessionFactoryImpl.java:1298] Opening Hibernate Session.  tenant=null
2023-11-24 12:36:44,898 TRACE o.h.i.SessionImpl [SessionImpl.java:262] Opened Session [c8292502-0e5e-40ea-ba1a-f6081bff749d] at timestamp: 1700825804898
2023-11-24 12:36:44,898 TRACE o.h.o.q.p.cache [QueryInterpretationCacheStandardImpl.java:121] QueryPlan#resolveHqlInterpretation( `UPDATE SurveyReply SET pdffilename = :pdfname WHERE id = :id` )
2023-11-24 12:36:44,899 DEBUG o.h.o.q.hql [StandardHqlTranslator.java:75] HQL : UPDATE SurveyReply SET pdffilename = :pdfname WHERE id = :id
2023-11-24 12:36:44,899 DEBUG o.h.o.q.h.reservedWordAsIdentifier [HqlParseTreeBuilder.java:43] Encountered use of reserved word as identifier : =
2023-11-24 12:36:44,899 DEBUG o.h.o.q.h.reservedWordAsIdentifier [HqlParseTreeBuilder.java:43] Encountered use of reserved word as identifier : <EOF>
2023-11-24 12:36:44,900 TRACE o.h.o.q.s.creation [SqmPathRegistryImpl.java:59] SqmProcessingIndex#register(SqmPath) : franco.maurizio.hr.desk.com.persistence.entity.SurveyReply(961688863534620)
2023-11-24 12:36:44,900 TRACE o.h.o.q.hql [BasicDotIdentifierConsumer.java:83] BasicDotIdentifierHandler#consumeIdentifier( pdffilename, true, true ) - pdffilename
2023-11-24 12:36:44,900 TRACE o.h.o.q.hql [BasicDotIdentifierConsumer.java:118] BaseLocalSequencePart#consumeIdentifier( pdffilename, true, true ) - pdffilename
2023-11-24 12:36:44,900 DEBUG o.h.o.q.hql [SqmPathRegistryImpl.java:209] Unable to resolve unqualified attribute [pdffilename] in local from-clause
2023-11-24 12:36:44,901 DEBUG o.h.o.q.s.creation [AbstractSqmExpression.java:57] Applying inferable type to SqmExpression [SqmNamedParameter(pdfname)] : null -> BasicSqmPathSource(pdffilename : String)
2023-11-24 12:36:44,901 TRACE o.h.o.q.hql [BasicDotIdentifierConsumer.java:83] BasicDotIdentifierHandler#consumeIdentifier( id, true, true ) - id
2023-11-24 12:36:44,901 TRACE o.h.o.q.hql [BasicDotIdentifierConsumer.java:118] BaseLocalSequencePart#consumeIdentifier( id, true, true ) - id
2023-11-24 12:36:44,901 DEBUG o.h.o.q.hql [SqmPathRegistryImpl.java:209] Unable to resolve unqualified attribute [id] in local from-clause
2023-11-24 12:36:44,902 DEBUG o.h.o.q.s.creation [AbstractSqmExpression.java:57] Applying inferable type to SqmExpression [SqmNamedParameter(id)] : null -> BasicSqmPathSource(id : Long)
2023-11-24 12:36:44,902 DEBUG o.h.o.q.s.ast [SqmTreePrinter.java:168] SqmStatement Tree :
    -> [update]
      [target = franco.maurizio.hr.desk.com.persistence.entity.SurveyReply(961688863534620)]
      -> [set]
        -> [assignment]
          =
            [franco.maurizio.hr.desk.com.persistence.entity.SurveyReply(961688863534620).pdffilename]
            :pdfname
        <- [assignment]
      <- [set]
      -> [where]
        -> [EQUAL]
            -> [basic-path] - `franco.maurizio.hr.desk.com.persistence.entity.SurveyReply(961688863534620).id`
            :id
        <- [EQUAL]
      <- [where]
    <- [update]

2023-11-24 12:36:44,902 TRACE o.h.i.SessionImpl [SessionImpl.java:402] Closing session [c8292502-0e5e-40ea-ba1a-f6081bff749d]
2023-11-24 12:36:44,903 TRACE o.h.e.j.i.JdbcCoordinatorImpl [JdbcCoordinatorImpl.java:152] Closing JDBC container [org.hibernate.engine.jdbc.internal.JdbcCoordinatorImpl@66b9b73f]
2023-11-24 12:36:44,903 TRACE o.h.r.j.i.ResourceRegistryStandardImpl [ResourceRegistryStandardImpl.java:329] Releasing JDBC resources
2023-11-24 12:36:44,903 TRACE o.h.r.j.i.LogicalConnectionManagedImpl [LogicalConnectionManagedImpl.java:256] Closing logical connection
2023-11-24 12:36:44,904 TRACE o.h.r.j.i.LogicalConnectionManagedImpl [LogicalConnectionManagedImpl.java:263] Logical connection closed
2023-11-24 12:36:44,905 TRACE o.h.i.SessionFactoryImpl$SessionBuilderImpl [SessionFactoryImpl.java:1298] Opening Hibernate Session.  tenant=null
2023-11-24 12:36:44,905 TRACE o.h.i.SessionImpl [SessionImpl.java:262] Opened Session [3df3de5c-5d15-4f0d-92ae-73ebeeef3a09] at timestamp: 1700825804905
2023-11-24 12:36:44,905 DEBUG o.h.r.t.b.j.i.JdbcResourceLocalTransactionCoordinatorImpl [JdbcResourceLocalTransactionCoordinatorImpl.java:310] JDBC transaction marked for rollback-only (exception provided for stack trace)
java.lang.Exception: exception just for purpose of providing stack trace
	at org.hibernate.resource.transaction.backend.jdbc.internal.JdbcResourceLocalTransactionCoordinatorImpl$TransactionDriverControlImpl.markRollbackOnly(JdbcResourceLocalTransactionCoordinatorImpl.java:310)
	at org.hibernate.internal.AbstractSharedSessionContract.buildNamedQuery(AbstractSharedSessionContract.java:1021)
	at org.hibernate.internal.AbstractSharedSessionContract.createNamedQuery(AbstractSharedSessionContract.java:899)
	at org.hibernate.internal.AbstractSharedSessionContract.createNamedQuery(AbstractSharedSessionContract.java:120)
	at jdk.internal.reflect.GeneratedMethodAccessor47.invoke(Unknown Source)
	at java.base/jdk.internal.reflect.DelegatingMethodAccessorImpl.invoke(DelegatingMethodAccessorImpl.java:43)
	at java.base/java.lang.reflect.Method.invoke(Method.java:568)
	at org.springframework.orm.jpa.ExtendedEntityManagerCreator$ExtendedEntityManagerInvocationHandler.invoke(ExtendedEntityManagerCreator.java:360)
	at jdk.proxy2/jdk.proxy2.$Proxy191.createNamedQuery(Unknown Source)
	at org.springframework.data.jpa.repository.query.NamedQuery.hasNamedQuery(NamedQuery.java:113)
	at org.springframework.data.jpa.repository.query.NamedQuery.lookupFrom(NamedQuery.java:141)
	at org.springframework.data.jpa.repository.query.JpaQueryLookupStrategy$DeclaredQueryLookupStrategy.resolveQuery(JpaQueryLookupStrategy.java:180)
	at org.springframework.data.jpa.repository.query.JpaQueryLookupStrategy$CreateIfNotFoundQueryLookupStrategy.resolveQuery(JpaQueryLookupStrategy.java:252)
	at org.springframework.data.jpa.repository.query.JpaQueryLookupStrategy$AbstractQueryLookupStrategy.resolveQuery(JpaQueryLookupStrategy.java:95)
	at org.springframework.data.repository.core.support.QueryExecutorMethodInterceptor.lookupQuery(QueryExecutorMethodInterceptor.java:111)
	at org.springframework.data.repository.core.support.QueryExecutorMethodInterceptor.mapMethodsToQuery(QueryExecutorMethodInterceptor.java:99)
	at org.springframework.data.repository.core.support.QueryExecutorMethodInterceptor.lambda$new$0(QueryExecutorMethodInterceptor.java:88)
	at java.base/java.util.Optional.map(Optional.java:260)
	at org.springframework.data.repository.core.support.QueryExecutorMethodInterceptor.<init>(QueryExecutorMethodInterceptor.java:88)
	at org.springframework.data.repository.core.support.RepositoryFactorySupport.getRepository(RepositoryFactorySupport.java:357)
	at org.springframework.data.repository.core.support.RepositoryFactoryBeanSupport.lambda$afterPropertiesSet$5(RepositoryFactoryBeanSupport.java:279)
	at org.springframework.data.util.Lazy.getNullable(Lazy.java:245)
	at org.springframework.data.util.Lazy.get(Lazy.java:114)
	at org.springframework.data.repository.core.support.RepositoryFactoryBeanSupport.afterPropertiesSet(RepositoryFactoryBeanSupport.java:285)
	at org.springframework.data.jpa.repository.support.JpaRepositoryFactoryBean.afterPropertiesSet(JpaRepositoryFactoryBean.java:132)
	at org.springframework.beans.factory.support.AbstractAutowireCapableBeanFactory.invokeInitMethods(AbstractAutowireCapableBeanFactory.java:1817)
	at org.springframework.beans.factory.support.AbstractAutowireCapableBeanFactory.initializeBean(AbstractAutowireCapableBeanFactory.java:1766)
	at org.springframework.beans.factory.support.AbstractAutowireCapableBeanFactory.doCreateBean(AbstractAutowireCapableBeanFactory.java:598)
	at org.springframework.beans.factory.support.AbstractAutowireCapableBeanFactory.createBean(AbstractAutowireCapableBeanFactory.java:520)
	at org.springframework.beans.factory.support.AbstractBeanFactory.lambda$doGetBean$0(AbstractBeanFactory.java:325)
	at org.springframework.beans.factory.support.DefaultSingletonBeanRegistry.getSingleton(DefaultSingletonBeanRegistry.java:234)
	at org.springframework.beans.factory.support.AbstractBeanFactory.doGetBean(AbstractBeanFactory.java:323)
	at org.springframework.beans.factory.support.AbstractBeanFactory.getBean(AbstractBeanFactory.java:199)
	at org.springframework.beans.factory.config.DependencyDescriptor.resolveCandidate(DependencyDescriptor.java:254)
	at org.springframework.beans.factory.support.DefaultListableBeanFactory.doResolveDependency(DefaultListableBeanFactory.java:1417)
	at org.springframework.beans.factory.support.DefaultListableBeanFactory.resolveDependency(DefaultListableBeanFactory.java:1337)
	at org.springframework.beans.factory.annotation.AutowiredAnnotationBeanPostProcessor$AutowiredFieldElement.resolveFieldValue(AutowiredAnnotationBeanPostProcessor.java:764)
	at org.springframework.beans.factory.annotation.AutowiredAnnotationBeanPostProcessor$AutowiredFieldElement.inject(AutowiredAnnotationBeanPostProcessor.java:747)
	at org.springframework.beans.factory.annotation.InjectionMetadata.inject(InjectionMetadata.java:145)
	at org.springframework.beans.factory.annotation.AutowiredAnnotationBeanPostProcessor.postProcessProperties(AutowiredAnnotationBeanPostProcessor.java:492)
	at org.springframework.beans.factory.support.AbstractAutowireCapableBeanFactory.populateBean(AbstractAutowireCapableBeanFactory.java:1416)
	at org.springframework.beans.factory.support.AbstractAutowireCapableBeanFactory.doCreateBean(AbstractAutowireCapableBeanFactory.java:597)
	at org.springframework.beans.factory.support.AbstractAutowireCapableBeanFactory.createBean(AbstractAutowireCapableBeanFactory.java:520)
	at org.springframework.beans.factory.support.AbstractBeanFactory.lambda$doGetBean$0(AbstractBeanFactory.java:325)
	at org.springframework.beans.factory.support.DefaultSingletonBeanRegistry.getSingleton(DefaultSingletonBeanRegistry.java:234)
	at org.springframework.beans.factory.support.AbstractBeanFactory.doGetBean(AbstractBeanFactory.java:323)
	at org.springframework.beans.factory.support.AbstractBeanFactory.getBean(AbstractBeanFactory.java:199)
	at org.springframework.beans.factory.config.DependencyDescriptor.resolveCandidate(DependencyDescriptor.java:254)
	at org.springframework.beans.factory.support.DefaultListableBeanFactory.doResolveDependency(DefaultListableBeanFactory.java:1417)
	at org.springframework.beans.factory.support.DefaultListableBeanFactory.resolveDependency(DefaultListableBeanFactory.java:1337)
	at org.springframework.beans.factory.annotation.AutowiredAnnotationBeanPostProcessor$AutowiredFieldElement.resolveFieldValue(AutowiredAnnotationBeanPostProcessor.java:764)
	at org.springframework.beans.factory.annotation.AutowiredAnnotationBeanPostProcessor$AutowiredFieldElement.inject(AutowiredAnnotationBeanPostProcessor.java:747)
	at org.springframework.beans.factory.annotation.InjectionMetadata.inject(InjectionMetadata.java:145)
	at org.springframework.beans.factory.annotation.AutowiredAnnotationBeanPostProcessor.postProcessProperties(AutowiredAnnotationBeanPostProcessor.java:492)
	at org.springframework.beans.factory.support.AbstractAutowireCapableBeanFactory.populateBean(AbstractAutowireCapableBeanFactory.java:1416)
	at org.springframework.beans.factory.support.AbstractAutowireCapableBeanFactory.doCreateBean(AbstractAutowireCapableBeanFactory.java:597)
	at org.springframework.beans.factory.support.AbstractAutowireCapableBeanFactory.createBean(AbstractAutowireCapableBeanFactory.java:520)
	at org.springframework.beans.factory.support.AbstractBeanFactory.lambda$doGetBean$0(AbstractBeanFactory.java:325)
	at org.springframework.beans.factory.support.DefaultSingletonBeanRegistry.getSingleton(DefaultSingletonBeanRegistry.java:234)
	at org.springframework.beans.factory.support.AbstractBeanFactory.doGetBean(AbstractBeanFactory.java:323)
	at org.springframework.beans.factory.support.AbstractBeanFactory.getBean(AbstractBeanFactory.java:199)
	at org.springframework.beans.factory.support.DefaultListableBeanFactory.preInstantiateSingletons(DefaultListableBeanFactory.java:973)
	at org.springframework.context.support.AbstractApplicationContext.finishBeanFactoryInitialization(AbstractApplicationContext.java:950)
	at org.springframework.context.support.AbstractApplicationContext.refresh(AbstractApplicationContext.java:616)
	at org.springframework.boot.web.servlet.context.ServletWebServerApplicationContext.refresh(ServletWebServerApplicationContext.java:146)
	at org.springframework.boot.SpringApplication.refresh(SpringApplication.java:738)
	at org.springframework.boot.SpringApplication.refreshContext(SpringApplication.java:440)
	at org.springframework.boot.SpringApplication.run(SpringApplication.java:316)
	at org.springframework.boot.test.context.SpringBootContextLoader.lambda$loadContext$3(SpringBootContextLoader.java:137)
	at org.springframework.util.function.ThrowingSupplier.get(ThrowingSupplier.java:58)
	at org.springframework.util.function.ThrowingSupplier.get(ThrowingSupplier.java:46)
	at org.springframework.boot.SpringApplication.withHook(SpringApplication.java:1406)
	at org.springframework.boot.test.context.SpringBootContextLoader$ContextLoaderHook.run(SpringBootContextLoader.java:545)
	at org.springframework.boot.test.context.SpringBootContextLoader.loadContext(SpringBootContextLoader.java:137)
	at org.springframework.boot.test.context.SpringBootContextLoader.loadContext(SpringBootContextLoader.java:108)
	at org.springframework.test.context.cache.DefaultCacheAwareContextLoaderDelegate.loadContextInternal(DefaultCacheAwareContextLoaderDelegate.java:187)
	at org.springframework.test.context.cache.DefaultCacheAwareContextLoaderDelegate.loadContext(DefaultCacheAwareContextLoaderDelegate.java:119)
	at org.springframework.test.context.support.DefaultTestContext.getApplicationContext(DefaultTestContext.java:127)
	at org.springframework.boot.test.mock.mockito.MockitoTestExecutionListener.postProcessFields(MockitoTestExecutionListener.java:110)
	at org.springframework.boot.test.mock.mockito.MockitoTestExecutionListener.injectFields(MockitoTestExecutionListener.java:94)
	at org.springframework.boot.test.mock.mockito.MockitoTestExecutionListener.prepareTestInstance(MockitoTestExecutionListener.java:61)
	at org.springframework.test.context.TestContextManager.prepareTestInstance(TestContextManager.java:241)
	at org.springframework.test.context.junit.jupiter.SpringExtension.postProcessTestInstance(SpringExtension.java:138)
	at org.junit.jupiter.engine.descriptor.ClassBasedTestDescriptor.lambda$invokeTestInstancePostProcessors$10(ClassBasedTestDescriptor.java:377)
	at org.junit.jupiter.engine.descriptor.ClassBasedTestDescriptor.executeAndMaskThrowable(ClassBasedTestDescriptor.java:382)
	at org.junit.jupiter.engine.descriptor.ClassBasedTestDescriptor.lambda$invokeTestInstancePostProcessors$11(ClassBasedTestDescriptor.java:377)
	at java.base/java.util.stream.ReferencePipeline$3$1.accept(ReferencePipeline.java:197)
	at java.base/java.util.stream.ReferencePipeline$2$1.accept(ReferencePipeline.java:179)
	at java.base/java.util.ArrayList$ArrayListSpliterator.forEachRemaining(ArrayList.java:1625)
	at java.base/java.util.stream.AbstractPipeline.copyInto(AbstractPipeline.java:509)
	at java.base/java.util.stream.AbstractPipeline.wrapAndCopyInto(AbstractPipeline.java:499)
	at java.base/java.util.stream.StreamSpliterators$WrappingSpliterator.forEachRemaining(StreamSpliterators.java:310)
	at java.base/java.util.stream.Streams$ConcatSpliterator.forEachRemaining(Streams.java:735)
	at java.base/java.util.stream.Streams$ConcatSpliterator.forEachRemaining(Streams.java:734)
	at java.base/java.util.stream.ReferencePipeline$Head.forEach(ReferencePipeline.java:762)
	at org.junit.jupiter.engine.descriptor.ClassBasedTestDescriptor.invokeTestInstancePostProcessors(ClassBasedTestDescriptor.java:376)
	at org.junit.jupiter.engine.descriptor.ClassBasedTestDescriptor.lambda$instantiateAndPostProcessTestInstance$6(ClassBasedTestDescriptor.java:289)
	at org.junit.platform.engine.support.hierarchical.ThrowableCollector.execute(ThrowableCollector.java:73)
	at org.junit.jupiter.engine.descriptor.ClassBasedTestDescriptor.instantiateAndPostProcessTestInstance(ClassBasedTestDescriptor.java:288)
	at org.junit.jupiter.engine.descriptor.ClassBasedTestDescriptor.lambda$testInstancesProvider$4(ClassBasedTestDescriptor.java:278)
	at java.base/java.util.Optional.orElseGet(Optional.java:364)
	at org.junit.jupiter.engine.descriptor.ClassBasedTestDescriptor.lambda$testInstancesProvider$5(ClassBasedTestDescriptor.java:277)
	at org.junit.jupiter.engine.execution.TestInstancesProvider.getTestInstances(TestInstancesProvider.java:31)
	at org.junit.jupiter.engine.descriptor.TestMethodTestDescriptor.lambda$prepare$0(TestMethodTestDescriptor.java:105)
	at org.junit.platform.engine.support.hierarchical.ThrowableCollector.execute(ThrowableCollector.java:73)
	at org.junit.jupiter.engine.descriptor.TestMethodTestDescriptor.prepare(TestMethodTestDescriptor.java:104)
	at org.junit.jupiter.engine.descriptor.TestMethodTestDescriptor.prepare(TestMethodTestDescriptor.java:68)
	at org.junit.platform.engine.support.hierarchical.NodeTestTask.lambda$prepare$2(NodeTestTask.java:123)
	at org.junit.platform.engine.support.hierarchical.ThrowableCollector.execute(ThrowableCollector.java:73)
	at org.junit.platform.engine.support.hierarchical.NodeTestTask.prepare(NodeTestTask.java:123)
	at org.junit.platform.engine.support.hierarchical.NodeTestTask.execute(NodeTestTask.java:90)
	at java.base/java.util.ArrayList.forEach(ArrayList.java:1511)
	at org.junit.platform.engine.support.hierarchical.SameThreadHierarchicalTestExecutorService.invokeAll(SameThreadHierarchicalTestExecutorService.java:41)
	at org.junit.platform.engine.support.hierarchical.NodeTestTask.lambda$executeRecursively$6(NodeTestTask.java:155)
	at org.junit.platform.engine.support.hierarchical.ThrowableCollector.execute(ThrowableCollector.java:73)
	at org.junit.platform.engine.support.hierarchical.NodeTestTask.lambda$executeRecursively$8(NodeTestTask.java:141)
	at org.junit.platform.engine.support.hierarchical.Node.around(Node.java:137)
	at org.junit.platform.engine.support.hierarchical.NodeTestTask.lambda$executeRecursively$9(NodeTestTask.java:139)
	at org.junit.platform.engine.support.hierarchical.ThrowableCollector.execute(ThrowableCollector.java:73)
	at org.junit.platform.engine.support.hierarchical.NodeTestTask.executeRecursively(NodeTestTask.java:138)
	at org.junit.platform.engine.support.hierarchical.NodeTestTask.execute(NodeTestTask.java:95)
	at java.base/java.util.ArrayList.forEach(ArrayList.java:1511)
	at org.junit.platform.engine.support.hierarchical.SameThreadHierarchicalTestExecutorService.invokeAll(SameThreadHierarchicalTestExecutorService.java:41)
	at org.junit.platform.engine.support.hierarchical.NodeTestTask.lambda$executeRecursively$6(NodeTestTask.java:155)
	at org.junit.platform.engine.support.hierarchical.ThrowableCollector.execute(ThrowableCollector.java:73)
	at org.junit.platform.engine.support.hierarchical.NodeTestTask.lambda$executeRecursively$8(NodeTestTask.java:141)
	at org.junit.platform.engine.support.hierarchical.Node.around(Node.java:137)
	at org.junit.platform.engine.support.hierarchical.NodeTestTask.lambda$executeRecursively$9(NodeTestTask.java:139)
	at org.junit.platform.engine.support.hierarchical.ThrowableCollector.execute(ThrowableCollector.java:73)
	at org.junit.platform.engine.support.hierarchical.NodeTestTask.executeRecursively(NodeTestTask.java:138)
	at org.junit.platform.engine.support.hierarchical.NodeTestTask.execute(NodeTestTask.java:95)
	at org.junit.platform.engine.support.hierarchical.SameThreadHierarchicalTestExecutorService.submit(SameThreadHierarchicalTestExecutorService.java:35)
	at org.junit.platform.engine.support.hierarchical.HierarchicalTestExecutor.execute(HierarchicalTestExecutor.java:57)
	at org.junit.platform.engine.support.hierarchical.HierarchicalTestEngine.execute(HierarchicalTestEngine.java:54)
	at org.junit.platform.launcher.core.EngineExecutionOrchestrator.execute(EngineExecutionOrchestrator.java:147)
	at org.junit.platform.launcher.core.EngineExecutionOrchestrator.execute(EngineExecutionOrchestrator.java:127)
	at org.junit.platform.launcher.core.EngineExecutionOrchestrator.execute(EngineExecutionOrchestrator.java:90)
	at org.junit.platform.launcher.core.EngineExecutionOrchestrator.lambda$execute$0(EngineExecutionOrchestrator.java:55)
	at org.junit.platform.launcher.core.EngineExecutionOrchestrator.withInterceptedStreams(EngineExecutionOrchestrator.java:102)
	at org.junit.platform.launcher.core.EngineExecutionOrchestrator.execute(EngineExecutionOrchestrator.java:54)
	at org.junit.platform.launcher.core.DefaultLauncher.execute(DefaultLauncher.java:114)
	at org.junit.platform.launcher.core.DefaultLauncher.execute(DefaultLauncher.java:86)
	at org.junit.platform.launcher.core.DefaultLauncherSession$DelegatingLauncher.execute(DefaultLauncherSession.java:86)
	at org.apache.maven.surefire.junitplatform.LazyLauncher.execute(LazyLauncher.java:50)
	at org.apache.maven.surefire.junitplatform.JUnitPlatformProvider.execute(JUnitPlatformProvider.java:184)
	at org.apache.maven.surefire.junitplatform.JUnitPlatformProvider.invokeAllTests(JUnitPlatformProvider.java:148)
	at org.apache.maven.surefire.junitplatform.JUnitPlatformProvider.invoke(JUnitPlatformProvider.java:122)
	at org.apache.maven.surefire.booter.ForkedBooter.runSuitesInProcess(ForkedBooter.java:385)
	at org.apache.maven.surefire.booter.ForkedBooter.execute(ForkedBooter.java:162)
	at org.apache.maven.surefire.booter.ForkedBooter.run(ForkedBooter.java:507)
	at org.apache.maven.surefire.booter.ForkedBooter.main(ForkedBooter.java:495)
2023-11-24 12:36:44,906 TRACE o.h.i.SessionImpl [SessionImpl.java:402] Closing session [3df3de5c-5d15-4f0d-92ae-73ebeeef3a09]
2023-11-24 12:36:44,906 TRACE o.h.e.j.i.JdbcCoordinatorImpl [JdbcCoordinatorImpl.java:152] Closing JDBC container [org.hibernate.engine.jdbc.internal.JdbcCoordinatorImpl@7e788935]
2023-11-24 12:36:44,907 TRACE o.h.r.j.i.ResourceRegistryStandardImpl [ResourceRegistryStandardImpl.java:329] Releasing JDBC resources
2023-11-24 12:36:44,907 TRACE o.h.r.j.i.LogicalConnectionManagedImpl [LogicalConnectionManagedImpl.java:256] Closing logical connection
2023-11-24 12:36:44,907 TRACE o.h.r.j.i.LogicalConnectionManagedImpl [LogicalConnectionManagedImpl.java:263] Logical connection closed
2023-11-24 12:36:44,907 TRACE o.h.i.SessionFactoryImpl$SessionBuilderImpl [SessionFactoryImpl.java:1298] Opening Hibernate Session.  tenant=null
2023-11-24 12:36:44,908 TRACE o.h.i.SessionImpl [SessionImpl.java:262] Opened Session [648dd4a6-04d7-4759-b902-94bc8aad989a] at timestamp: 1700825804908
2023-11-24 12:36:44,908 TRACE o.h.i.SessionImpl [SessionImpl.java:402] Closing session [648dd4a6-04d7-4759-b902-94bc8aad989a]
2023-11-24 12:36:44,908 TRACE o.h.e.j.i.JdbcCoordinatorImpl [JdbcCoordinatorImpl.java:152] Closing JDBC container [org.hibernate.engine.jdbc.internal.JdbcCoordinatorImpl@7b06d9be]
2023-11-24 12:36:44,908 TRACE o.h.r.j.i.ResourceRegistryStandardImpl [ResourceRegistryStandardImpl.java:329] Releasing JDBC resources
2023-11-24 12:36:44,909 TRACE o.h.r.j.i.LogicalConnectionManagedImpl [LogicalConnectionManagedImpl.java:256] Closing logical connection
2023-11-24 12:36:44,909 TRACE o.h.r.j.i.LogicalConnectionManagedImpl [LogicalConnectionManagedImpl.java:263] Logical connection closed
2023-11-24 12:36:44,911 TRACE o.h.i.SessionFactoryImpl$SessionBuilderImpl [SessionFactoryImpl.java:1298] Opening Hibernate Session.  tenant=null
2023-11-24 12:36:44,911 TRACE o.h.i.SessionImpl [SessionImpl.java:262] Opened Session [96fb21b8-25fc-47d1-a743-c11307ff50dd] at timestamp: 1700825804911
2023-11-24 12:36:44,911 DEBUG o.h.r.t.b.j.i.JdbcResourceLocalTransactionCoordinatorImpl [JdbcResourceLocalTransactionCoordinatorImpl.java:310] JDBC transaction marked for rollback-only (exception provided for stack trace)
java.lang.Exception: exception just for purpose of providing stack trace
	at org.hibernate.resource.transaction.backend.jdbc.internal.JdbcResourceLocalTransactionCoordinatorImpl$TransactionDriverControlImpl.markRollbackOnly(JdbcResourceLocalTransactionCoordinatorImpl.java:310)
	at org.hibernate.internal.AbstractSharedSessionContract.buildNamedQuery(AbstractSharedSessionContract.java:1021)
	at org.hibernate.internal.AbstractSharedSessionContract.createNamedQuery(AbstractSharedSessionContract.java:899)
	at org.hibernate.internal.AbstractSharedSessionContract.createNamedQuery(AbstractSharedSessionContract.java:120)
	at jdk.internal.reflect.GeneratedMethodAccessor47.invoke(Unknown Source)
	at java.base/jdk.internal.reflect.DelegatingMethodAccessorImpl.invoke(DelegatingMethodAccessorImpl.java:43)
	at java.base/java.lang.reflect.Method.invoke(Method.java:568)
	at org.springframework.orm.jpa.ExtendedEntityManagerCreator$ExtendedEntityManagerInvocationHandler.invoke(ExtendedEntityManagerCreator.java:360)
	at jdk.proxy2/jdk.proxy2.$Proxy191.createNamedQuery(Unknown Source)
	at org.springframework.data.jpa.repository.query.NamedQuery.hasNamedQuery(NamedQuery.java:113)
	at org.springframework.data.jpa.repository.query.JpaQueryLookupStrategy$DeclaredQueryLookupStrategy.getCountQuery(JpaQueryLookupStrategy.java:204)
	at org.springframework.data.jpa.repository.query.JpaQueryLookupStrategy$DeclaredQueryLookupStrategy.resolveQuery(JpaQueryLookupStrategy.java:171)
	at org.springframework.data.jpa.repository.query.JpaQueryLookupStrategy$CreateIfNotFoundQueryLookupStrategy.resolveQuery(JpaQueryLookupStrategy.java:252)
	at org.springframework.data.jpa.repository.query.JpaQueryLookupStrategy$AbstractQueryLookupStrategy.resolveQuery(JpaQueryLookupStrategy.java:95)
	at org.springframework.data.repository.core.support.QueryExecutorMethodInterceptor.lookupQuery(QueryExecutorMethodInterceptor.java:111)
	at org.springframework.data.repository.core.support.QueryExecutorMethodInterceptor.mapMethodsToQuery(QueryExecutorMethodInterceptor.java:99)
	at org.springframework.data.repository.core.support.QueryExecutorMethodInterceptor.lambda$new$0(QueryExecutorMethodInterceptor.java:88)
	at java.base/java.util.Optional.map(Optional.java:260)
	at org.springframework.data.repository.core.support.QueryExecutorMethodInterceptor.<init>(QueryExecutorMethodInterceptor.java:88)
	at org.springframework.data.repository.core.support.RepositoryFactorySupport.getRepository(RepositoryFactorySupport.java:357)
	at org.springframework.data.repository.core.support.RepositoryFactoryBeanSupport.lambda$afterPropertiesSet$5(RepositoryFactoryBeanSupport.java:279)
	at org.springframework.data.util.Lazy.getNullable(Lazy.java:245)
	at org.springframework.data.util.Lazy.get(Lazy.java:114)
	at org.springframework.data.repository.core.support.RepositoryFactoryBeanSupport.afterPropertiesSet(RepositoryFactoryBeanSupport.java:285)
	at org.springframework.data.jpa.repository.support.JpaRepositoryFactoryBean.afterPropertiesSet(JpaRepositoryFactoryBean.java:132)
	at org.springframework.beans.factory.support.AbstractAutowireCapableBeanFactory.invokeInitMethods(AbstractAutowireCapableBeanFactory.java:1817)
	at org.springframework.beans.factory.support.AbstractAutowireCapableBeanFactory.initializeBean(AbstractAutowireCapableBeanFactory.java:1766)
	at org.springframework.beans.factory.support.AbstractAutowireCapableBeanFactory.doCreateBean(AbstractAutowireCapableBeanFactory.java:598)
	at org.springframework.beans.factory.support.AbstractAutowireCapableBeanFactory.createBean(AbstractAutowireCapableBeanFactory.java:520)
	at org.springframework.beans.factory.support.AbstractBeanFactory.lambda$doGetBean$0(AbstractBeanFactory.java:325)
	at org.springframework.beans.factory.support.DefaultSingletonBeanRegistry.getSingleton(DefaultSingletonBeanRegistry.java:234)
	at org.springframework.beans.factory.support.AbstractBeanFactory.doGetBean(AbstractBeanFactory.java:323)
	at org.springframework.beans.factory.support.AbstractBeanFactory.getBean(AbstractBeanFactory.java:199)
	at org.springframework.beans.factory.config.DependencyDescriptor.resolveCandidate(DependencyDescriptor.java:254)
	at org.springframework.beans.factory.support.DefaultListableBeanFactory.doResolveDependency(DefaultListableBeanFactory.java:1417)
	at org.springframework.beans.factory.support.DefaultListableBeanFactory.resolveDependency(DefaultListableBeanFactory.java:1337)
	at org.springframework.beans.factory.annotation.AutowiredAnnotationBeanPostProcessor$AutowiredFieldElement.resolveFieldValue(AutowiredAnnotationBeanPostProcessor.java:764)
	at org.springframework.beans.factory.annotation.AutowiredAnnotationBeanPostProcessor$AutowiredFieldElement.inject(AutowiredAnnotationBeanPostProcessor.java:747)
	at org.springframework.beans.factory.annotation.InjectionMetadata.inject(InjectionMetadata.java:145)
	at org.springframework.beans.factory.annotation.AutowiredAnnotationBeanPostProcessor.postProcessProperties(AutowiredAnnotationBeanPostProcessor.java:492)
	at org.springframework.beans.factory.support.AbstractAutowireCapableBeanFactory.populateBean(AbstractAutowireCapableBeanFactory.java:1416)
	at org.springframework.beans.factory.support.AbstractAutowireCapableBeanFactory.doCreateBean(AbstractAutowireCapableBeanFactory.java:597)
	at org.springframework.beans.factory.support.AbstractAutowireCapableBeanFactory.createBean(AbstractAutowireCapableBeanFactory.java:520)
	at org.springframework.beans.factory.support.AbstractBeanFactory.lambda$doGetBean$0(AbstractBeanFactory.java:325)
	at org.springframework.beans.factory.support.DefaultSingletonBeanRegistry.getSingleton(DefaultSingletonBeanRegistry.java:234)
	at org.springframework.beans.factory.support.AbstractBeanFactory.doGetBean(AbstractBeanFactory.java:323)
	at org.springframework.beans.factory.support.AbstractBeanFactory.getBean(AbstractBeanFactory.java:199)
	at org.springframework.beans.factory.config.DependencyDescriptor.resolveCandidate(DependencyDescriptor.java:254)
	at org.springframework.beans.factory.support.DefaultListableBeanFactory.doResolveDependency(DefaultListableBeanFactory.java:1417)
	at org.springframework.beans.factory.support.DefaultListableBeanFactory.resolveDependency(DefaultListableBeanFactory.java:1337)
	at org.springframework.beans.factory.annotation.AutowiredAnnotationBeanPostProcessor$AutowiredFieldElement.resolveFieldValue(AutowiredAnnotationBeanPostProcessor.java:764)
	at org.springframework.beans.factory.annotation.AutowiredAnnotationBeanPostProcessor$AutowiredFieldElement.inject(AutowiredAnnotationBeanPostProcessor.java:747)
	at org.springframework.beans.factory.annotation.InjectionMetadata.inject(InjectionMetadata.java:145)
	at org.springframework.beans.factory.annotation.AutowiredAnnotationBeanPostProcessor.postProcessProperties(AutowiredAnnotationBeanPostProcessor.java:492)
	at org.springframework.beans.factory.support.AbstractAutowireCapableBeanFactory.populateBean(AbstractAutowireCapableBeanFactory.java:1416)
	at org.springframework.beans.factory.support.AbstractAutowireCapableBeanFactory.doCreateBean(AbstractAutowireCapableBeanFactory.java:597)
	at org.springframework.beans.factory.support.AbstractAutowireCapableBeanFactory.createBean(AbstractAutowireCapableBeanFactory.java:520)
	at org.springframework.beans.factory.support.AbstractBeanFactory.lambda$doGetBean$0(AbstractBeanFactory.java:325)
	at org.springframework.beans.factory.support.DefaultSingletonBeanRegistry.getSingleton(DefaultSingletonBeanRegistry.java:234)
	at org.springframework.beans.factory.support.AbstractBeanFactory.doGetBean(AbstractBeanFactory.java:323)
	at org.springframework.beans.factory.support.AbstractBeanFactory.getBean(AbstractBeanFactory.java:199)
	at org.springframework.beans.factory.support.DefaultListableBeanFactory.preInstantiateSingletons(DefaultListableBeanFactory.java:973)
	at org.springframework.context.support.AbstractApplicationContext.finishBeanFactoryInitialization(AbstractApplicationContext.java:950)
	at org.springframework.context.support.AbstractApplicationContext.refresh(AbstractApplicationContext.java:616)
	at org.springframework.boot.web.servlet.context.ServletWebServerApplicationContext.refresh(ServletWebServerApplicationContext.java:146)
	at org.springframework.boot.SpringApplication.refresh(SpringApplication.java:738)
	at org.springframework.boot.SpringApplication.refreshContext(SpringApplication.java:440)
	at org.springframework.boot.SpringApplication.run(SpringApplication.java:316)
	at org.springframework.boot.test.context.SpringBootContextLoader.lambda$loadContext$3(SpringBootContextLoader.java:137)
	at org.springframework.util.function.ThrowingSupplier.get(ThrowingSupplier.java:58)
	at org.springframework.util.function.ThrowingSupplier.get(ThrowingSupplier.java:46)
	at org.springframework.boot.SpringApplication.withHook(SpringApplication.java:1406)
	at org.springframework.boot.test.context.SpringBootContextLoader$ContextLoaderHook.run(SpringBootContextLoader.java:545)
	at org.springframework.boot.test.context.SpringBootContextLoader.loadContext(SpringBootContextLoader.java:137)
	at org.springframework.boot.test.context.SpringBootContextLoader.loadContext(SpringBootContextLoader.java:108)
	at org.springframework.test.context.cache.DefaultCacheAwareContextLoaderDelegate.loadContextInternal(DefaultCacheAwareContextLoaderDelegate.java:187)
	at org.springframework.test.context.cache.DefaultCacheAwareContextLoaderDelegate.loadContext(DefaultCacheAwareContextLoaderDelegate.java:119)
	at org.springframework.test.context.support.DefaultTestContext.getApplicationContext(DefaultTestContext.java:127)
	at org.springframework.boot.test.mock.mockito.MockitoTestExecutionListener.postProcessFields(MockitoTestExecutionListener.java:110)
	at org.springframework.boot.test.mock.mockito.MockitoTestExecutionListener.injectFields(MockitoTestExecutionListener.java:94)
	at org.springframework.boot.test.mock.mockito.MockitoTestExecutionListener.prepareTestInstance(MockitoTestExecutionListener.java:61)
	at org.springframework.test.context.TestContextManager.prepareTestInstance(TestContextManager.java:241)
	at org.springframework.test.context.junit.jupiter.SpringExtension.postProcessTestInstance(SpringExtension.java:138)
	at org.junit.jupiter.engine.descriptor.ClassBasedTestDescriptor.lambda$invokeTestInstancePostProcessors$10(ClassBasedTestDescriptor.java:377)
	at org.junit.jupiter.engine.descriptor.ClassBasedTestDescriptor.executeAndMaskThrowable(ClassBasedTestDescriptor.java:382)
	at org.junit.jupiter.engine.descriptor.ClassBasedTestDescriptor.lambda$invokeTestInstancePostProcessors$11(ClassBasedTestDescriptor.java:377)
	at java.base/java.util.stream.ReferencePipeline$3$1.accept(ReferencePipeline.java:197)
	at java.base/java.util.stream.ReferencePipeline$2$1.accept(ReferencePipeline.java:179)
	at java.base/java.util.ArrayList$ArrayListSpliterator.forEachRemaining(ArrayList.java:1625)
	at java.base/java.util.stream.AbstractPipeline.copyInto(AbstractPipeline.java:509)
	at java.base/java.util.stream.AbstractPipeline.wrapAndCopyInto(AbstractPipeline.java:499)
	at java.base/java.util.stream.StreamSpliterators$WrappingSpliterator.forEachRemaining(StreamSpliterators.java:310)
	at java.base/java.util.stream.Streams$ConcatSpliterator.forEachRemaining(Streams.java:735)
	at java.base/java.util.stream.Streams$ConcatSpliterator.forEachRemaining(Streams.java:734)
	at java.base/java.util.stream.ReferencePipeline$Head.forEach(ReferencePipeline.java:762)
	at org.junit.jupiter.engine.descriptor.ClassBasedTestDescriptor.invokeTestInstancePostProcessors(ClassBasedTestDescriptor.java:376)
	at org.junit.jupiter.engine.descriptor.ClassBasedTestDescriptor.lambda$instantiateAndPostProcessTestInstance$6(ClassBasedTestDescriptor.java:289)
	at org.junit.platform.engine.support.hierarchical.ThrowableCollector.execute(ThrowableCollector.java:73)
	at org.junit.jupiter.engine.descriptor.ClassBasedTestDescriptor.instantiateAndPostProcessTestInstance(ClassBasedTestDescriptor.java:288)
	at org.junit.jupiter.engine.descriptor.ClassBasedTestDescriptor.lambda$testInstancesProvider$4(ClassBasedTestDescriptor.java:278)
	at java.base/java.util.Optional.orElseGet(Optional.java:364)
	at org.junit.jupiter.engine.descriptor.ClassBasedTestDescriptor.lambda$testInstancesProvider$5(ClassBasedTestDescriptor.java:277)
	at org.junit.jupiter.engine.execution.TestInstancesProvider.getTestInstances(TestInstancesProvider.java:31)
	at org.junit.jupiter.engine.descriptor.TestMethodTestDescriptor.lambda$prepare$0(TestMethodTestDescriptor.java:105)
	at org.junit.platform.engine.support.hierarchical.ThrowableCollector.execute(ThrowableCollector.java:73)
	at org.junit.jupiter.engine.descriptor.TestMethodTestDescriptor.prepare(TestMethodTestDescriptor.java:104)
	at org.junit.jupiter.engine.descriptor.TestMethodTestDescriptor.prepare(TestMethodTestDescriptor.java:68)
	at org.junit.platform.engine.support.hierarchical.NodeTestTask.lambda$prepare$2(NodeTestTask.java:123)
	at org.junit.platform.engine.support.hierarchical.ThrowableCollector.execute(ThrowableCollector.java:73)
	at org.junit.platform.engine.support.hierarchical.NodeTestTask.prepare(NodeTestTask.java:123)
	at org.junit.platform.engine.support.hierarchical.NodeTestTask.execute(NodeTestTask.java:90)
	at java.base/java.util.ArrayList.forEach(ArrayList.java:1511)
	at org.junit.platform.engine.support.hierarchical.SameThreadHierarchicalTestExecutorService.invokeAll(SameThreadHierarchicalTestExecutorService.java:41)
	at org.junit.platform.engine.support.hierarchical.NodeTestTask.lambda$executeRecursively$6(NodeTestTask.java:155)
	at org.junit.platform.engine.support.hierarchical.ThrowableCollector.execute(ThrowableCollector.java:73)
	at org.junit.platform.engine.support.hierarchical.NodeTestTask.lambda$executeRecursively$8(NodeTestTask.java:141)
	at org.junit.platform.engine.support.hierarchical.Node.around(Node.java:137)
	at org.junit.platform.engine.support.hierarchical.NodeTestTask.lambda$executeRecursively$9(NodeTestTask.java:139)
	at org.junit.platform.engine.support.hierarchical.ThrowableCollector.execute(ThrowableCollector.java:73)
	at org.junit.platform.engine.support.hierarchical.NodeTestTask.executeRecursively(NodeTestTask.java:138)
	at org.junit.platform.engine.support.hierarchical.NodeTestTask.execute(NodeTestTask.java:95)
	at java.base/java.util.ArrayList.forEach(ArrayList.java:1511)
	at org.junit.platform.engine.support.hierarchical.SameThreadHierarchicalTestExecutorService.invokeAll(SameThreadHierarchicalTestExecutorService.java:41)
	at org.junit.platform.engine.support.hierarchical.NodeTestTask.lambda$executeRecursively$6(NodeTestTask.java:155)
	at org.junit.platform.engine.support.hierarchical.ThrowableCollector.execute(ThrowableCollector.java:73)
	at org.junit.platform.engine.support.hierarchical.NodeTestTask.lambda$executeRecursively$8(NodeTestTask.java:141)
	at org.junit.platform.engine.support.hierarchical.Node.around(Node.java:137)
	at org.junit.platform.engine.support.hierarchical.NodeTestTask.lambda$executeRecursively$9(NodeTestTask.java:139)
	at org.junit.platform.engine.support.hierarchical.ThrowableCollector.execute(ThrowableCollector.java:73)
	at org.junit.platform.engine.support.hierarchical.NodeTestTask.executeRecursively(NodeTestTask.java:138)
	at org.junit.platform.engine.support.hierarchical.NodeTestTask.execute(NodeTestTask.java:95)
	at org.junit.platform.engine.support.hierarchical.SameThreadHierarchicalTestExecutorService.submit(SameThreadHierarchicalTestExecutorService.java:35)
	at org.junit.platform.engine.support.hierarchical.HierarchicalTestExecutor.execute(HierarchicalTestExecutor.java:57)
	at org.junit.platform.engine.support.hierarchical.HierarchicalTestEngine.execute(HierarchicalTestEngine.java:54)
	at org.junit.platform.launcher.core.EngineExecutionOrchestrator.execute(EngineExecutionOrchestrator.java:147)
	at org.junit.platform.launcher.core.EngineExecutionOrchestrator.execute(EngineExecutionOrchestrator.java:127)
	at org.junit.platform.launcher.core.EngineExecutionOrchestrator.execute(EngineExecutionOrchestrator.java:90)
	at org.junit.platform.launcher.core.EngineExecutionOrchestrator.lambda$execute$0(EngineExecutionOrchestrator.java:55)
	at org.junit.platform.launcher.core.EngineExecutionOrchestrator.withInterceptedStreams(EngineExecutionOrchestrator.java:102)
	at org.junit.platform.launcher.core.EngineExecutionOrchestrator.execute(EngineExecutionOrchestrator.java:54)
	at org.junit.platform.launcher.core.DefaultLauncher.execute(DefaultLauncher.java:114)
	at org.junit.platform.launcher.core.DefaultLauncher.execute(DefaultLauncher.java:86)
	at org.junit.platform.launcher.core.DefaultLauncherSession$DelegatingLauncher.execute(DefaultLauncherSession.java:86)
	at org.apache.maven.surefire.junitplatform.LazyLauncher.execute(LazyLauncher.java:50)
	at org.apache.maven.surefire.junitplatform.JUnitPlatformProvider.execute(JUnitPlatformProvider.java:184)
	at org.apache.maven.surefire.junitplatform.JUnitPlatformProvider.invokeAllTests(JUnitPlatformProvider.java:148)
	at org.apache.maven.surefire.junitplatform.JUnitPlatformProvider.invoke(JUnitPlatformProvider.java:122)
	at org.apache.maven.surefire.booter.ForkedBooter.runSuitesInProcess(ForkedBooter.java:385)
	at org.apache.maven.surefire.booter.ForkedBooter.execute(ForkedBooter.java:162)
	at org.apache.maven.surefire.booter.ForkedBooter.run(ForkedBooter.java:507)
	at org.apache.maven.surefire.booter.ForkedBooter.main(ForkedBooter.java:495)
2023-11-24 12:36:44,912 TRACE o.h.i.SessionImpl [SessionImpl.java:402] Closing session [96fb21b8-25fc-47d1-a743-c11307ff50dd]
2023-11-24 12:36:44,913 TRACE o.h.e.j.i.JdbcCoordinatorImpl [JdbcCoordinatorImpl.java:152] Closing JDBC container [org.hibernate.engine.jdbc.internal.JdbcCoordinatorImpl@78c48f5d]
2023-11-24 12:36:44,913 TRACE o.h.r.j.i.ResourceRegistryStandardImpl [ResourceRegistryStandardImpl.java:329] Releasing JDBC resources
2023-11-24 12:36:44,913 TRACE o.h.r.j.i.LogicalConnectionManagedImpl [LogicalConnectionManagedImpl.java:256] Closing logical connection
2023-11-24 12:36:44,913 TRACE o.h.r.j.i.LogicalConnectionManagedImpl [LogicalConnectionManagedImpl.java:263] Logical connection closed
2023-11-24 12:36:44,913 TRACE o.h.i.SessionFactoryImpl$SessionBuilderImpl [SessionFactoryImpl.java:1298] Opening Hibernate Session.  tenant=null
2023-11-24 12:36:44,914 TRACE o.h.i.SessionImpl [SessionImpl.java:262] Opened Session [366b02a0-2aa2-448a-84f5-6361664ad991] at timestamp: 1700825804914
2023-11-24 12:36:44,914 TRACE o.h.i.SessionImpl [SessionImpl.java:402] Closing session [366b02a0-2aa2-448a-84f5-6361664ad991]
2023-11-24 12:36:44,914 TRACE o.h.e.j.i.JdbcCoordinatorImpl [JdbcCoordinatorImpl.java:152] Closing JDBC container [org.hibernate.engine.jdbc.internal.JdbcCoordinatorImpl@42cf8051]
2023-11-24 12:36:44,914 TRACE o.h.r.j.i.ResourceRegistryStandardImpl [ResourceRegistryStandardImpl.java:329] Releasing JDBC resources
2023-11-24 12:36:44,915 TRACE o.h.r.j.i.LogicalConnectionManagedImpl [LogicalConnectionManagedImpl.java:256] Closing logical connection
2023-11-24 12:36:44,915 TRACE o.h.r.j.i.LogicalConnectionManagedImpl [LogicalConnectionManagedImpl.java:263] Logical connection closed
2023-11-24 12:36:44,916 TRACE o.h.i.SessionFactoryImpl$SessionBuilderImpl [SessionFactoryImpl.java:1298] Opening Hibernate Session.  tenant=null
2023-11-24 12:36:44,916 TRACE o.h.i.SessionImpl [SessionImpl.java:262] Opened Session [3469b5b2-a10c-4b09-be3f-e90b5078168a] at timestamp: 1700825804916
2023-11-24 12:36:44,916 TRACE o.h.o.q.p.cache [QueryInterpretationCacheStandardImpl.java:121] QueryPlan#resolveHqlInterpretation( `select count(id) from SurveyReply  where endtime between :start and :end` )
2023-11-24 12:36:44,916 DEBUG o.h.o.q.hql [StandardHqlTranslator.java:75] HQL : select count(id) from SurveyReply  where endtime between :start and :end
2023-11-24 12:36:44,917 DEBUG o.h.o.q.h.reservedWordAsIdentifier [HqlParseTreeBuilder.java:43] Encountered use of reserved word as identifier : (
2023-11-24 12:36:44,917 DEBUG o.h.o.q.h.reservedWordAsIdentifier [HqlParseTreeBuilder.java:43] Encountered use of reserved word as identifier : )
2023-11-24 12:36:44,917 DEBUG o.h.o.q.h.reservedWordAsIdentifier [HqlParseTreeBuilder.java:43] Encountered use of reserved word as identifier : <EOF>
2023-11-24 12:36:44,917 DEBUG o.h.q.h.i.SemanticQueryBuilder [SemanticQueryBuilder.java:1904] Handling root path - SurveyReply
2023-11-24 12:36:44,917 TRACE o.h.o.q.s.creation [SqmPathRegistryImpl.java:59] SqmProcessingIndex#register(SqmPath) : franco.maurizio.hr.desk.com.persistence.entity.SurveyReply(961688881304210)
2023-11-24 12:36:44,917 TRACE o.h.o.q.hql [BasicDotIdentifierConsumer.java:83] BasicDotIdentifierHandler#consumeIdentifier( id, true, true ) - id
2023-11-24 12:36:44,918 TRACE o.h.o.q.hql [BasicDotIdentifierConsumer.java:118] BaseLocalSequencePart#consumeIdentifier( id, true, true ) - id
2023-11-24 12:36:44,918 DEBUG o.h.o.q.hql [SqmPathRegistryImpl.java:209] Unable to resolve unqualified attribute [id] in local from-clause
2023-11-24 12:36:44,918 TRACE o.h.o.q.hql [BasicDotIdentifierConsumer.java:83] BasicDotIdentifierHandler#consumeIdentifier( endtime, true, true ) - endtime
2023-11-24 12:36:44,918 TRACE o.h.o.q.hql [BasicDotIdentifierConsumer.java:118] BaseLocalSequencePart#consumeIdentifier( endtime, true, true ) - endtime
2023-11-24 12:36:44,918 DEBUG o.h.o.q.hql [SqmPathRegistryImpl.java:209] Unable to resolve unqualified attribute [endtime] in local from-clause
2023-11-24 12:36:44,918 DEBUG o.h.o.q.s.creation [AbstractSqmExpression.java:57] Applying inferable type to SqmExpression [SqmNamedParameter(start)] : null -> BasicSqmPathSource(endtime : LocalDateTime)
2023-11-24 12:36:44,919 DEBUG o.h.o.q.s.creation [AbstractSqmExpression.java:57] Applying inferable type to SqmExpression [SqmNamedParameter(end)] : null -> BasicSqmPathSource(endtime : LocalDateTime)
2023-11-24 12:36:44,919 DEBUG o.h.o.q.s.ast [SqmTreePrinter.java:168] SqmStatement Tree :
    -> [select]
      -> [query-spec]
        -> [select]
          -> [selection]
          <- [selection]
        <- [select]
        -> [from]
          -> [root] - `franco.maurizio.hr.desk.com.persistence.entity.SurveyReply(961688881304210)`
          <- [root] - `franco.maurizio.hr.desk.com.persistence.entity.SurveyReply(961688881304210)`
        <- [from]
        -> [where]
          -> [is-between]
            -> [basic-path] - `franco.maurizio.hr.desk.com.persistence.entity.SurveyReply(961688881304210).endtime`
            :start
            :end
          <- [is-between]
        <- [where]
      <- [query-spec]
    <- [select]

2023-11-24 12:36:44,919 TRACE o.h.i.SessionImpl [SessionImpl.java:402] Closing session [3469b5b2-a10c-4b09-be3f-e90b5078168a]
2023-11-24 12:36:44,919 TRACE o.h.e.j.i.JdbcCoordinatorImpl [JdbcCoordinatorImpl.java:152] Closing JDBC container [org.hibernate.engine.jdbc.internal.JdbcCoordinatorImpl@5f8f7437]
2023-11-24 12:36:44,919 TRACE o.h.r.j.i.ResourceRegistryStandardImpl [ResourceRegistryStandardImpl.java:329] Releasing JDBC resources
2023-11-24 12:36:44,919 TRACE o.h.r.j.i.LogicalConnectionManagedImpl [LogicalConnectionManagedImpl.java:256] Closing logical connection
2023-11-24 12:36:44,919 TRACE o.h.r.j.i.LogicalConnectionManagedImpl [LogicalConnectionManagedImpl.java:263] Logical connection closed
2023-11-24 12:36:44,921 TRACE o.h.i.SessionFactoryImpl$SessionBuilderImpl [SessionFactoryImpl.java:1298] Opening Hibernate Session.  tenant=null
2023-11-24 12:36:44,922 TRACE o.h.i.SessionImpl [SessionImpl.java:262] Opened Session [3cb8d063-4d43-4f73-a9e3-27b773b5bdd1] at timestamp: 1700825804922
2023-11-24 12:36:44,922 DEBUG o.h.r.t.b.j.i.JdbcResourceLocalTransactionCoordinatorImpl [JdbcResourceLocalTransactionCoordinatorImpl.java:310] JDBC transaction marked for rollback-only (exception provided for stack trace)
java.lang.Exception: exception just for purpose of providing stack trace
	at org.hibernate.resource.transaction.backend.jdbc.internal.JdbcResourceLocalTransactionCoordinatorImpl$TransactionDriverControlImpl.markRollbackOnly(JdbcResourceLocalTransactionCoordinatorImpl.java:310)
	at org.hibernate.internal.AbstractSharedSessionContract.buildNamedQuery(AbstractSharedSessionContract.java:1021)
	at org.hibernate.internal.AbstractSharedSessionContract.createNamedQuery(AbstractSharedSessionContract.java:899)
	at org.hibernate.internal.AbstractSharedSessionContract.createNamedQuery(AbstractSharedSessionContract.java:120)
	at jdk.internal.reflect.GeneratedMethodAccessor47.invoke(Unknown Source)
	at java.base/jdk.internal.reflect.DelegatingMethodAccessorImpl.invoke(DelegatingMethodAccessorImpl.java:43)
	at java.base/java.lang.reflect.Method.invoke(Method.java:568)
	at org.springframework.orm.jpa.ExtendedEntityManagerCreator$ExtendedEntityManagerInvocationHandler.invoke(ExtendedEntityManagerCreator.java:360)
	at jdk.proxy2/jdk.proxy2.$Proxy191.createNamedQuery(Unknown Source)
	at org.springframework.data.jpa.repository.query.NamedQuery.hasNamedQuery(NamedQuery.java:113)
	at org.springframework.data.jpa.repository.query.JpaQueryLookupStrategy$DeclaredQueryLookupStrategy.getCountQuery(JpaQueryLookupStrategy.java:204)
	at org.springframework.data.jpa.repository.query.JpaQueryLookupStrategy$DeclaredQueryLookupStrategy.resolveQuery(JpaQueryLookupStrategy.java:171)
	at org.springframework.data.jpa.repository.query.JpaQueryLookupStrategy$CreateIfNotFoundQueryLookupStrategy.resolveQuery(JpaQueryLookupStrategy.java:252)
	at org.springframework.data.jpa.repository.query.JpaQueryLookupStrategy$AbstractQueryLookupStrategy.resolveQuery(JpaQueryLookupStrategy.java:95)
	at org.springframework.data.repository.core.support.QueryExecutorMethodInterceptor.lookupQuery(QueryExecutorMethodInterceptor.java:111)
	at org.springframework.data.repository.core.support.QueryExecutorMethodInterceptor.mapMethodsToQuery(QueryExecutorMethodInterceptor.java:99)
	at org.springframework.data.repository.core.support.QueryExecutorMethodInterceptor.lambda$new$0(QueryExecutorMethodInterceptor.java:88)
	at java.base/java.util.Optional.map(Optional.java:260)
	at org.springframework.data.repository.core.support.QueryExecutorMethodInterceptor.<init>(QueryExecutorMethodInterceptor.java:88)
	at org.springframework.data.repository.core.support.RepositoryFactorySupport.getRepository(RepositoryFactorySupport.java:357)
	at org.springframework.data.repository.core.support.RepositoryFactoryBeanSupport.lambda$afterPropertiesSet$5(RepositoryFactoryBeanSupport.java:279)
	at org.springframework.data.util.Lazy.getNullable(Lazy.java:245)
	at org.springframework.data.util.Lazy.get(Lazy.java:114)
	at org.springframework.data.repository.core.support.RepositoryFactoryBeanSupport.afterPropertiesSet(RepositoryFactoryBeanSupport.java:285)
	at org.springframework.data.jpa.repository.support.JpaRepositoryFactoryBean.afterPropertiesSet(JpaRepositoryFactoryBean.java:132)
	at org.springframework.beans.factory.support.AbstractAutowireCapableBeanFactory.invokeInitMethods(AbstractAutowireCapableBeanFactory.java:1817)
	at org.springframework.beans.factory.support.AbstractAutowireCapableBeanFactory.initializeBean(AbstractAutowireCapableBeanFactory.java:1766)
	at org.springframework.beans.factory.support.AbstractAutowireCapableBeanFactory.doCreateBean(AbstractAutowireCapableBeanFactory.java:598)
	at org.springframework.beans.factory.support.AbstractAutowireCapableBeanFactory.createBean(AbstractAutowireCapableBeanFactory.java:520)
	at org.springframework.beans.factory.support.AbstractBeanFactory.lambda$doGetBean$0(AbstractBeanFactory.java:325)
	at org.springframework.beans.factory.support.DefaultSingletonBeanRegistry.getSingleton(DefaultSingletonBeanRegistry.java:234)
	at org.springframework.beans.factory.support.AbstractBeanFactory.doGetBean(AbstractBeanFactory.java:323)
	at org.springframework.beans.factory.support.AbstractBeanFactory.getBean(AbstractBeanFactory.java:199)
	at org.springframework.beans.factory.config.DependencyDescriptor.resolveCandidate(DependencyDescriptor.java:254)
	at org.springframework.beans.factory.support.DefaultListableBeanFactory.doResolveDependency(DefaultListableBeanFactory.java:1417)
	at org.springframework.beans.factory.support.DefaultListableBeanFactory.resolveDependency(DefaultListableBeanFactory.java:1337)
	at org.springframework.beans.factory.annotation.AutowiredAnnotationBeanPostProcessor$AutowiredFieldElement.resolveFieldValue(AutowiredAnnotationBeanPostProcessor.java:764)
	at org.springframework.beans.factory.annotation.AutowiredAnnotationBeanPostProcessor$AutowiredFieldElement.inject(AutowiredAnnotationBeanPostProcessor.java:747)
	at org.springframework.beans.factory.annotation.InjectionMetadata.inject(InjectionMetadata.java:145)
	at org.springframework.beans.factory.annotation.AutowiredAnnotationBeanPostProcessor.postProcessProperties(AutowiredAnnotationBeanPostProcessor.java:492)
	at org.springframework.beans.factory.support.AbstractAutowireCapableBeanFactory.populateBean(AbstractAutowireCapableBeanFactory.java:1416)
	at org.springframework.beans.factory.support.AbstractAutowireCapableBeanFactory.doCreateBean(AbstractAutowireCapableBeanFactory.java:597)
	at org.springframework.beans.factory.support.AbstractAutowireCapableBeanFactory.createBean(AbstractAutowireCapableBeanFactory.java:520)
	at org.springframework.beans.factory.support.AbstractBeanFactory.lambda$doGetBean$0(AbstractBeanFactory.java:325)
	at org.springframework.beans.factory.support.DefaultSingletonBeanRegistry.getSingleton(DefaultSingletonBeanRegistry.java:234)
	at org.springframework.beans.factory.support.AbstractBeanFactory.doGetBean(AbstractBeanFactory.java:323)
	at org.springframework.beans.factory.support.AbstractBeanFactory.getBean(AbstractBeanFactory.java:199)
	at org.springframework.beans.factory.config.DependencyDescriptor.resolveCandidate(DependencyDescriptor.java:254)
	at org.springframework.beans.factory.support.DefaultListableBeanFactory.doResolveDependency(DefaultListableBeanFactory.java:1417)
	at org.springframework.beans.factory.support.DefaultListableBeanFactory.resolveDependency(DefaultListableBeanFactory.java:1337)
	at org.springframework.beans.factory.annotation.AutowiredAnnotationBeanPostProcessor$AutowiredFieldElement.resolveFieldValue(AutowiredAnnotationBeanPostProcessor.java:764)
	at org.springframework.beans.factory.annotation.AutowiredAnnotationBeanPostProcessor$AutowiredFieldElement.inject(AutowiredAnnotationBeanPostProcessor.java:747)
	at org.springframework.beans.factory.annotation.InjectionMetadata.inject(InjectionMetadata.java:145)
	at org.springframework.beans.factory.annotation.AutowiredAnnotationBeanPostProcessor.postProcessProperties(AutowiredAnnotationBeanPostProcessor.java:492)
	at org.springframework.beans.factory.support.AbstractAutowireCapableBeanFactory.populateBean(AbstractAutowireCapableBeanFactory.java:1416)
	at org.springframework.beans.factory.support.AbstractAutowireCapableBeanFactory.doCreateBean(AbstractAutowireCapableBeanFactory.java:597)
	at org.springframework.beans.factory.support.AbstractAutowireCapableBeanFactory.createBean(AbstractAutowireCapableBeanFactory.java:520)
	at org.springframework.beans.factory.support.AbstractBeanFactory.lambda$doGetBean$0(AbstractBeanFactory.java:325)
	at org.springframework.beans.factory.support.DefaultSingletonBeanRegistry.getSingleton(DefaultSingletonBeanRegistry.java:234)
	at org.springframework.beans.factory.support.AbstractBeanFactory.doGetBean(AbstractBeanFactory.java:323)
	at org.springframework.beans.factory.support.AbstractBeanFactory.getBean(AbstractBeanFactory.java:199)
	at org.springframework.beans.factory.support.DefaultListableBeanFactory.preInstantiateSingletons(DefaultListableBeanFactory.java:973)
	at org.springframework.context.support.AbstractApplicationContext.finishBeanFactoryInitialization(AbstractApplicationContext.java:950)
	at org.springframework.context.support.AbstractApplicationContext.refresh(AbstractApplicationContext.java:616)
	at org.springframework.boot.web.servlet.context.ServletWebServerApplicationContext.refresh(ServletWebServerApplicationContext.java:146)
	at org.springframework.boot.SpringApplication.refresh(SpringApplication.java:738)
	at org.springframework.boot.SpringApplication.refreshContext(SpringApplication.java:440)
	at org.springframework.boot.SpringApplication.run(SpringApplication.java:316)
	at org.springframework.boot.test.context.SpringBootContextLoader.lambda$loadContext$3(SpringBootContextLoader.java:137)
	at org.springframework.util.function.ThrowingSupplier.get(ThrowingSupplier.java:58)
	at org.springframework.util.function.ThrowingSupplier.get(ThrowingSupplier.java:46)
	at org.springframework.boot.SpringApplication.withHook(SpringApplication.java:1406)
	at org.springframework.boot.test.context.SpringBootContextLoader$ContextLoaderHook.run(SpringBootContextLoader.java:545)
	at org.springframework.boot.test.context.SpringBootContextLoader.loadContext(SpringBootContextLoader.java:137)
	at org.springframework.boot.test.context.SpringBootContextLoader.loadContext(SpringBootContextLoader.java:108)
	at org.springframework.test.context.cache.DefaultCacheAwareContextLoaderDelegate.loadContextInternal(DefaultCacheAwareContextLoaderDelegate.java:187)
	at org.springframework.test.context.cache.DefaultCacheAwareContextLoaderDelegate.loadContext(DefaultCacheAwareContextLoaderDelegate.java:119)
	at org.springframework.test.context.support.DefaultTestContext.getApplicationContext(DefaultTestContext.java:127)
	at org.springframework.boot.test.mock.mockito.MockitoTestExecutionListener.postProcessFields(MockitoTestExecutionListener.java:110)
	at org.springframework.boot.test.mock.mockito.MockitoTestExecutionListener.injectFields(MockitoTestExecutionListener.java:94)
	at org.springframework.boot.test.mock.mockito.MockitoTestExecutionListener.prepareTestInstance(MockitoTestExecutionListener.java:61)
	at org.springframework.test.context.TestContextManager.prepareTestInstance(TestContextManager.java:241)
	at org.springframework.test.context.junit.jupiter.SpringExtension.postProcessTestInstance(SpringExtension.java:138)
	at org.junit.jupiter.engine.descriptor.ClassBasedTestDescriptor.lambda$invokeTestInstancePostProcessors$10(ClassBasedTestDescriptor.java:377)
	at org.junit.jupiter.engine.descriptor.ClassBasedTestDescriptor.executeAndMaskThrowable(ClassBasedTestDescriptor.java:382)
	at org.junit.jupiter.engine.descriptor.ClassBasedTestDescriptor.lambda$invokeTestInstancePostProcessors$11(ClassBasedTestDescriptor.java:377)
	at java.base/java.util.stream.ReferencePipeline$3$1.accept(ReferencePipeline.java:197)
	at java.base/java.util.stream.ReferencePipeline$2$1.accept(ReferencePipeline.java:179)
	at java.base/java.util.ArrayList$ArrayListSpliterator.forEachRemaining(ArrayList.java:1625)
	at java.base/java.util.stream.AbstractPipeline.copyInto(AbstractPipeline.java:509)
	at java.base/java.util.stream.AbstractPipeline.wrapAndCopyInto(AbstractPipeline.java:499)
	at java.base/java.util.stream.StreamSpliterators$WrappingSpliterator.forEachRemaining(StreamSpliterators.java:310)
	at java.base/java.util.stream.Streams$ConcatSpliterator.forEachRemaining(Streams.java:735)
	at java.base/java.util.stream.Streams$ConcatSpliterator.forEachRemaining(Streams.java:734)
	at java.base/java.util.stream.ReferencePipeline$Head.forEach(ReferencePipeline.java:762)
	at org.junit.jupiter.engine.descriptor.ClassBasedTestDescriptor.invokeTestInstancePostProcessors(ClassBasedTestDescriptor.java:376)
	at org.junit.jupiter.engine.descriptor.ClassBasedTestDescriptor.lambda$instantiateAndPostProcessTestInstance$6(ClassBasedTestDescriptor.java:289)
	at org.junit.platform.engine.support.hierarchical.ThrowableCollector.execute(ThrowableCollector.java:73)
	at org.junit.jupiter.engine.descriptor.ClassBasedTestDescriptor.instantiateAndPostProcessTestInstance(ClassBasedTestDescriptor.java:288)
	at org.junit.jupiter.engine.descriptor.ClassBasedTestDescriptor.lambda$testInstancesProvider$4(ClassBasedTestDescriptor.java:278)
	at java.base/java.util.Optional.orElseGet(Optional.java:364)
	at org.junit.jupiter.engine.descriptor.ClassBasedTestDescriptor.lambda$testInstancesProvider$5(ClassBasedTestDescriptor.java:277)
	at org.junit.jupiter.engine.execution.TestInstancesProvider.getTestInstances(TestInstancesProvider.java:31)
	at org.junit.jupiter.engine.descriptor.TestMethodTestDescriptor.lambda$prepare$0(TestMethodTestDescriptor.java:105)
	at org.junit.platform.engine.support.hierarchical.ThrowableCollector.execute(ThrowableCollector.java:73)
	at org.junit.jupiter.engine.descriptor.TestMethodTestDescriptor.prepare(TestMethodTestDescriptor.java:104)
	at org.junit.jupiter.engine.descriptor.TestMethodTestDescriptor.prepare(TestMethodTestDescriptor.java:68)
	at org.junit.platform.engine.support.hierarchical.NodeTestTask.lambda$prepare$2(NodeTestTask.java:123)
	at org.junit.platform.engine.support.hierarchical.ThrowableCollector.execute(ThrowableCollector.java:73)
	at org.junit.platform.engine.support.hierarchical.NodeTestTask.prepare(NodeTestTask.java:123)
	at org.junit.platform.engine.support.hierarchical.NodeTestTask.execute(NodeTestTask.java:90)
	at java.base/java.util.ArrayList.forEach(ArrayList.java:1511)
	at org.junit.platform.engine.support.hierarchical.SameThreadHierarchicalTestExecutorService.invokeAll(SameThreadHierarchicalTestExecutorService.java:41)
	at org.junit.platform.engine.support.hierarchical.NodeTestTask.lambda$executeRecursively$6(NodeTestTask.java:155)
	at org.junit.platform.engine.support.hierarchical.ThrowableCollector.execute(ThrowableCollector.java:73)
	at org.junit.platform.engine.support.hierarchical.NodeTestTask.lambda$executeRecursively$8(NodeTestTask.java:141)
	at org.junit.platform.engine.support.hierarchical.Node.around(Node.java:137)
	at org.junit.platform.engine.support.hierarchical.NodeTestTask.lambda$executeRecursively$9(NodeTestTask.java:139)
	at org.junit.platform.engine.support.hierarchical.ThrowableCollector.execute(ThrowableCollector.java:73)
	at org.junit.platform.engine.support.hierarchical.NodeTestTask.executeRecursively(NodeTestTask.java:138)
	at org.junit.platform.engine.support.hierarchical.NodeTestTask.execute(NodeTestTask.java:95)
	at java.base/java.util.ArrayList.forEach(ArrayList.java:1511)
	at org.junit.platform.engine.support.hierarchical.SameThreadHierarchicalTestExecutorService.invokeAll(SameThreadHierarchicalTestExecutorService.java:41)
	at org.junit.platform.engine.support.hierarchical.NodeTestTask.lambda$executeRecursively$6(NodeTestTask.java:155)
	at org.junit.platform.engine.support.hierarchical.ThrowableCollector.execute(ThrowableCollector.java:73)
	at org.junit.platform.engine.support.hierarchical.NodeTestTask.lambda$executeRecursively$8(NodeTestTask.java:141)
	at org.junit.platform.engine.support.hierarchical.Node.around(Node.java:137)
	at org.junit.platform.engine.support.hierarchical.NodeTestTask.lambda$executeRecursively$9(NodeTestTask.java:139)
	at org.junit.platform.engine.support.hierarchical.ThrowableCollector.execute(ThrowableCollector.java:73)
	at org.junit.platform.engine.support.hierarchical.NodeTestTask.executeRecursively(NodeTestTask.java:138)
	at org.junit.platform.engine.support.hierarchical.NodeTestTask.execute(NodeTestTask.java:95)
	at org.junit.platform.engine.support.hierarchical.SameThreadHierarchicalTestExecutorService.submit(SameThreadHierarchicalTestExecutorService.java:35)
	at org.junit.platform.engine.support.hierarchical.HierarchicalTestExecutor.execute(HierarchicalTestExecutor.java:57)
	at org.junit.platform.engine.support.hierarchical.HierarchicalTestEngine.execute(HierarchicalTestEngine.java:54)
	at org.junit.platform.launcher.core.EngineExecutionOrchestrator.execute(EngineExecutionOrchestrator.java:147)
	at org.junit.platform.launcher.core.EngineExecutionOrchestrator.execute(EngineExecutionOrchestrator.java:127)
	at org.junit.platform.launcher.core.EngineExecutionOrchestrator.execute(EngineExecutionOrchestrator.java:90)
	at org.junit.platform.launcher.core.EngineExecutionOrchestrator.lambda$execute$0(EngineExecutionOrchestrator.java:55)
	at org.junit.platform.launcher.core.EngineExecutionOrchestrator.withInterceptedStreams(EngineExecutionOrchestrator.java:102)
	at org.junit.platform.launcher.core.EngineExecutionOrchestrator.execute(EngineExecutionOrchestrator.java:54)
	at org.junit.platform.launcher.core.DefaultLauncher.execute(DefaultLauncher.java:114)
	at org.junit.platform.launcher.core.DefaultLauncher.execute(DefaultLauncher.java:86)
	at org.junit.platform.launcher.core.DefaultLauncherSession$DelegatingLauncher.execute(DefaultLauncherSession.java:86)
	at org.apache.maven.surefire.junitplatform.LazyLauncher.execute(LazyLauncher.java:50)
	at org.apache.maven.surefire.junitplatform.JUnitPlatformProvider.execute(JUnitPlatformProvider.java:184)
	at org.apache.maven.surefire.junitplatform.JUnitPlatformProvider.invokeAllTests(JUnitPlatformProvider.java:148)
	at org.apache.maven.surefire.junitplatform.JUnitPlatformProvider.invoke(JUnitPlatformProvider.java:122)
	at org.apache.maven.surefire.booter.ForkedBooter.runSuitesInProcess(ForkedBooter.java:385)
	at org.apache.maven.surefire.booter.ForkedBooter.execute(ForkedBooter.java:162)
	at org.apache.maven.surefire.booter.ForkedBooter.run(ForkedBooter.java:507)
	at org.apache.maven.surefire.booter.ForkedBooter.main(ForkedBooter.java:495)
2023-11-24 12:36:44,923 TRACE o.h.i.SessionImpl [SessionImpl.java:402] Closing session [3cb8d063-4d43-4f73-a9e3-27b773b5bdd1]
2023-11-24 12:36:44,923 TRACE o.h.e.j.i.JdbcCoordinatorImpl [JdbcCoordinatorImpl.java:152] Closing JDBC container [org.hibernate.engine.jdbc.internal.JdbcCoordinatorImpl@577777bc]
2023-11-24 12:36:44,923 TRACE o.h.r.j.i.ResourceRegistryStandardImpl [ResourceRegistryStandardImpl.java:329] Releasing JDBC resources
2023-11-24 12:36:44,923 TRACE o.h.r.j.i.LogicalConnectionManagedImpl [LogicalConnectionManagedImpl.java:256] Closing logical connection
2023-11-24 12:36:44,923 TRACE o.h.r.j.i.LogicalConnectionManagedImpl [LogicalConnectionManagedImpl.java:263] Logical connection closed
2023-11-24 12:36:44,923 TRACE o.h.i.SessionFactoryImpl$SessionBuilderImpl [SessionFactoryImpl.java:1298] Opening Hibernate Session.  tenant=null
2023-11-24 12:36:44,924 TRACE o.h.i.SessionImpl [SessionImpl.java:262] Opened Session [da1fa06f-bd76-44be-99fc-47da564c0448] at timestamp: 1700825804924
2023-11-24 12:36:44,924 TRACE o.h.i.SessionImpl [SessionImpl.java:402] Closing session [da1fa06f-bd76-44be-99fc-47da564c0448]
2023-11-24 12:36:44,924 TRACE o.h.e.j.i.JdbcCoordinatorImpl [JdbcCoordinatorImpl.java:152] Closing JDBC container [org.hibernate.engine.jdbc.internal.JdbcCoordinatorImpl@76734cc5]
2023-11-24 12:36:44,924 TRACE o.h.r.j.i.ResourceRegistryStandardImpl [ResourceRegistryStandardImpl.java:329] Releasing JDBC resources
2023-11-24 12:36:44,924 TRACE o.h.r.j.i.LogicalConnectionManagedImpl [LogicalConnectionManagedImpl.java:256] Closing logical connection
2023-11-24 12:36:44,924 TRACE o.h.r.j.i.LogicalConnectionManagedImpl [LogicalConnectionManagedImpl.java:263] Logical connection closed
2023-11-24 12:36:44,925 TRACE o.h.i.SessionFactoryImpl$SessionBuilderImpl [SessionFactoryImpl.java:1298] Opening Hibernate Session.  tenant=null
2023-11-24 12:36:44,926 TRACE o.h.i.SessionImpl [SessionImpl.java:262] Opened Session [b0bb343c-d68b-4916-9086-282e2a915508] at timestamp: 1700825804926
2023-11-24 12:36:44,926 TRACE o.h.o.q.p.cache [QueryInterpretationCacheStandardImpl.java:121] QueryPlan#resolveHqlInterpretation( `select count(id) from SurveyReply where endtime >=  :ldtstart AND endtime < :ldtend` )
2023-11-24 12:36:44,926 DEBUG o.h.o.q.hql [StandardHqlTranslator.java:75] HQL : select count(id) from SurveyReply where endtime >=  :ldtstart AND endtime < :ldtend
2023-11-24 12:36:44,926 DEBUG o.h.o.q.h.reservedWordAsIdentifier [HqlParseTreeBuilder.java:43] Encountered use of reserved word as identifier : (
2023-11-24 12:36:44,927 DEBUG o.h.o.q.h.reservedWordAsIdentifier [HqlParseTreeBuilder.java:43] Encountered use of reserved word as identifier : )
2023-11-24 12:36:44,927 DEBUG o.h.q.h.i.SemanticQueryBuilder [SemanticQueryBuilder.java:1904] Handling root path - SurveyReply
2023-11-24 12:36:44,927 TRACE o.h.o.q.s.creation [SqmPathRegistryImpl.java:59] SqmProcessingIndex#register(SqmPath) : franco.maurizio.hr.desk.com.persistence.entity.SurveyReply(961688891010904)
2023-11-24 12:36:44,927 TRACE o.h.o.q.hql [BasicDotIdentifierConsumer.java:83] BasicDotIdentifierHandler#consumeIdentifier( id, true, true ) - id
2023-11-24 12:36:44,927 TRACE o.h.o.q.hql [BasicDotIdentifierConsumer.java:118] BaseLocalSequencePart#consumeIdentifier( id, true, true ) - id
2023-11-24 12:36:44,927 DEBUG o.h.o.q.hql [SqmPathRegistryImpl.java:209] Unable to resolve unqualified attribute [id] in local from-clause
2023-11-24 12:36:44,928 TRACE o.h.o.q.hql [BasicDotIdentifierConsumer.java:83] BasicDotIdentifierHandler#consumeIdentifier( endtime, true, true ) - endtime
2023-11-24 12:36:44,928 TRACE o.h.o.q.hql [BasicDotIdentifierConsumer.java:118] BaseLocalSequencePart#consumeIdentifier( endtime, true, true ) - endtime
2023-11-24 12:36:44,928 DEBUG o.h.o.q.hql [SqmPathRegistryImpl.java:209] Unable to resolve unqualified attribute [endtime] in local from-clause
2023-11-24 12:36:44,928 DEBUG o.h.o.q.s.creation [AbstractSqmExpression.java:57] Applying inferable type to SqmExpression [SqmNamedParameter(ldtstart)] : null -> BasicSqmPathSource(endtime : LocalDateTime)
2023-11-24 12:36:44,928 TRACE o.h.o.q.hql [BasicDotIdentifierConsumer.java:83] BasicDotIdentifierHandler#consumeIdentifier( endtime, true, true ) - endtime
2023-11-24 12:36:44,928 TRACE o.h.o.q.hql [BasicDotIdentifierConsumer.java:118] BaseLocalSequencePart#consumeIdentifier( endtime, true, true ) - endtime
2023-11-24 12:36:44,929 DEBUG o.h.o.q.hql [SqmPathRegistryImpl.java:209] Unable to resolve unqualified attribute [endtime] in local from-clause
2023-11-24 12:36:44,929 DEBUG o.h.o.q.s.creation [AbstractSqmExpression.java:57] Applying inferable type to SqmExpression [SqmNamedParameter(ldtend)] : null -> BasicSqmPathSource(endtime : LocalDateTime)
2023-11-24 12:36:44,929 DEBUG o.h.o.q.s.ast [SqmTreePrinter.java:168] SqmStatement Tree :
    -> [select]
      -> [query-spec]
        -> [select]
          -> [selection]
          <- [selection]
        <- [select]
        -> [from]
          -> [root] - `franco.maurizio.hr.desk.com.persistence.entity.SurveyReply(961688891010904)`
          <- [root] - `franco.maurizio.hr.desk.com.persistence.entity.SurveyReply(961688891010904)`
        <- [from]
        -> [where]
          -> [and]
            -> [GREATER_THAN_OR_EQUAL]
                -> [basic-path] - `franco.maurizio.hr.desk.com.persistence.entity.SurveyReply(961688891010904).endtime`
                :ldtstart
            <- [GREATER_THAN_OR_EQUAL]
            -> [LESS_THAN]
                -> [basic-path] - `franco.maurizio.hr.desk.com.persistence.entity.SurveyReply(961688891010904).endtime`
                :ldtend
            <- [LESS_THAN]
          <- [and]
        <- [where]
      <- [query-spec]
    <- [select]

2023-11-24 12:36:44,929 TRACE o.h.i.SessionImpl [SessionImpl.java:402] Closing session [b0bb343c-d68b-4916-9086-282e2a915508]
2023-11-24 12:36:44,929 TRACE o.h.e.j.i.JdbcCoordinatorImpl [JdbcCoordinatorImpl.java:152] Closing JDBC container [org.hibernate.engine.jdbc.internal.JdbcCoordinatorImpl@7ea7b27c]
2023-11-24 12:36:44,929 TRACE o.h.r.j.i.ResourceRegistryStandardImpl [ResourceRegistryStandardImpl.java:329] Releasing JDBC resources
2023-11-24 12:36:44,929 TRACE o.h.r.j.i.LogicalConnectionManagedImpl [LogicalConnectionManagedImpl.java:256] Closing logical connection
2023-11-24 12:36:44,930 TRACE o.h.r.j.i.LogicalConnectionManagedImpl [LogicalConnectionManagedImpl.java:263] Logical connection closed
2023-11-24 12:36:44,933 TRACE o.h.i.SessionFactoryImpl$SessionBuilderImpl [SessionFactoryImpl.java:1298] Opening Hibernate Session.  tenant=null
2023-11-24 12:36:44,933 TRACE o.h.i.SessionImpl [SessionImpl.java:262] Opened Session [5034aa06-ea44-4caa-9b0f-70960a6b2cba] at timestamp: 1700825804933
2023-11-24 12:36:44,933 TRACE o.h.i.SessionImpl [SessionImpl.java:402] Closing session [5034aa06-ea44-4caa-9b0f-70960a6b2cba]
2023-11-24 12:36:44,934 TRACE o.h.e.j.i.JdbcCoordinatorImpl [JdbcCoordinatorImpl.java:152] Closing JDBC container [org.hibernate.engine.jdbc.internal.JdbcCoordinatorImpl@2ad36524]
2023-11-24 12:36:44,934 TRACE o.h.r.j.i.ResourceRegistryStandardImpl [ResourceRegistryStandardImpl.java:329] Releasing JDBC resources
2023-11-24 12:36:44,934 TRACE o.h.r.j.i.LogicalConnectionManagedImpl [LogicalConnectionManagedImpl.java:256] Closing logical connection
2023-11-24 12:36:44,934 TRACE o.h.r.j.i.LogicalConnectionManagedImpl [LogicalConnectionManagedImpl.java:263] Logical connection closed
2023-11-24 12:36:44,939 TRACE o.h.i.SessionFactoryImpl$SessionBuilderImpl [SessionFactoryImpl.java:1298] Opening Hibernate Session.  tenant=null
2023-11-24 12:36:44,940 TRACE o.h.i.SessionImpl [SessionImpl.java:262] Opened Session [eeb75524-dedf-4232-bb85-7e82e2121422] at timestamp: 1700825804940
2023-11-24 12:36:44,940 TRACE o.h.i.SessionImpl [SessionImpl.java:402] Closing session [eeb75524-dedf-4232-bb85-7e82e2121422]
2023-11-24 12:36:44,940 TRACE o.h.e.j.i.JdbcCoordinatorImpl [JdbcCoordinatorImpl.java:152] Closing JDBC container [org.hibernate.engine.jdbc.internal.JdbcCoordinatorImpl@6d3095f1]
2023-11-24 12:36:44,940 TRACE o.h.r.j.i.ResourceRegistryStandardImpl [ResourceRegistryStandardImpl.java:329] Releasing JDBC resources
2023-11-24 12:36:44,940 TRACE o.h.r.j.i.LogicalConnectionManagedImpl [LogicalConnectionManagedImpl.java:256] Closing logical connection
2023-11-24 12:36:44,941 TRACE o.h.r.j.i.LogicalConnectionManagedImpl [LogicalConnectionManagedImpl.java:263] Logical connection closed
2023-11-24 12:36:44,963 TRACE o.h.i.SessionFactoryImpl$SessionBuilderImpl [SessionFactoryImpl.java:1298] Opening Hibernate Session.  tenant=null
2023-11-24 12:36:44,964 TRACE o.h.i.SessionImpl [SessionImpl.java:262] Opened Session [c84b724d-259a-4ff8-978e-b0b36c0078e1] at timestamp: 1700825804964
2023-11-24 12:36:44,964 DEBUG o.h.r.t.b.j.i.JdbcResourceLocalTransactionCoordinatorImpl [JdbcResourceLocalTransactionCoordinatorImpl.java:310] JDBC transaction marked for rollback-only (exception provided for stack trace)
java.lang.Exception: exception just for purpose of providing stack trace
	at org.hibernate.resource.transaction.backend.jdbc.internal.JdbcResourceLocalTransactionCoordinatorImpl$TransactionDriverControlImpl.markRollbackOnly(JdbcResourceLocalTransactionCoordinatorImpl.java:310)
	at org.hibernate.internal.AbstractSharedSessionContract.buildNamedQuery(AbstractSharedSessionContract.java:1021)
	at org.hibernate.internal.AbstractSharedSessionContract.createNamedQuery(AbstractSharedSessionContract.java:899)
	at org.hibernate.internal.AbstractSharedSessionContract.createNamedQuery(AbstractSharedSessionContract.java:120)
	at jdk.internal.reflect.GeneratedMethodAccessor47.invoke(Unknown Source)
	at java.base/jdk.internal.reflect.DelegatingMethodAccessorImpl.invoke(DelegatingMethodAccessorImpl.java:43)
	at java.base/java.lang.reflect.Method.invoke(Method.java:568)
	at org.springframework.orm.jpa.ExtendedEntityManagerCreator$ExtendedEntityManagerInvocationHandler.invoke(ExtendedEntityManagerCreator.java:360)
	at jdk.proxy2/jdk.proxy2.$Proxy191.createNamedQuery(Unknown Source)
	at org.springframework.data.jpa.repository.query.NamedQuery.hasNamedQuery(NamedQuery.java:113)
	at org.springframework.data.jpa.repository.query.NamedQuery.lookupFrom(NamedQuery.java:141)
	at org.springframework.data.jpa.repository.query.JpaQueryLookupStrategy$DeclaredQueryLookupStrategy.resolveQuery(JpaQueryLookupStrategy.java:180)
	at org.springframework.data.jpa.repository.query.JpaQueryLookupStrategy$CreateIfNotFoundQueryLookupStrategy.resolveQuery(JpaQueryLookupStrategy.java:252)
	at org.springframework.data.jpa.repository.query.JpaQueryLookupStrategy$AbstractQueryLookupStrategy.resolveQuery(JpaQueryLookupStrategy.java:95)
	at org.springframework.data.repository.core.support.QueryExecutorMethodInterceptor.lookupQuery(QueryExecutorMethodInterceptor.java:111)
	at org.springframework.data.repository.core.support.QueryExecutorMethodInterceptor.mapMethodsToQuery(QueryExecutorMethodInterceptor.java:99)
	at org.springframework.data.repository.core.support.QueryExecutorMethodInterceptor.lambda$new$0(QueryExecutorMethodInterceptor.java:88)
	at java.base/java.util.Optional.map(Optional.java:260)
	at org.springframework.data.repository.core.support.QueryExecutorMethodInterceptor.<init>(QueryExecutorMethodInterceptor.java:88)
	at org.springframework.data.repository.core.support.RepositoryFactorySupport.getRepository(RepositoryFactorySupport.java:357)
	at org.springframework.data.repository.core.support.RepositoryFactoryBeanSupport.lambda$afterPropertiesSet$5(RepositoryFactoryBeanSupport.java:279)
	at org.springframework.data.util.Lazy.getNullable(Lazy.java:245)
	at org.springframework.data.util.Lazy.get(Lazy.java:114)
	at org.springframework.data.repository.core.support.RepositoryFactoryBeanSupport.afterPropertiesSet(RepositoryFactoryBeanSupport.java:285)
	at org.springframework.data.jpa.repository.support.JpaRepositoryFactoryBean.afterPropertiesSet(JpaRepositoryFactoryBean.java:132)
	at org.springframework.beans.factory.support.AbstractAutowireCapableBeanFactory.invokeInitMethods(AbstractAutowireCapableBeanFactory.java:1817)
	at org.springframework.beans.factory.support.AbstractAutowireCapableBeanFactory.initializeBean(AbstractAutowireCapableBeanFactory.java:1766)
	at org.springframework.beans.factory.support.AbstractAutowireCapableBeanFactory.doCreateBean(AbstractAutowireCapableBeanFactory.java:598)
	at org.springframework.beans.factory.support.AbstractAutowireCapableBeanFactory.createBean(AbstractAutowireCapableBeanFactory.java:520)
	at org.springframework.beans.factory.support.AbstractBeanFactory.lambda$doGetBean$0(AbstractBeanFactory.java:325)
	at org.springframework.beans.factory.support.DefaultSingletonBeanRegistry.getSingleton(DefaultSingletonBeanRegistry.java:234)
	at org.springframework.beans.factory.support.AbstractBeanFactory.doGetBean(AbstractBeanFactory.java:323)
	at org.springframework.beans.factory.support.AbstractBeanFactory.getBean(AbstractBeanFactory.java:199)
	at org.springframework.beans.factory.config.DependencyDescriptor.resolveCandidate(DependencyDescriptor.java:254)
	at org.springframework.beans.factory.support.DefaultListableBeanFactory.doResolveDependency(DefaultListableBeanFactory.java:1417)
	at org.springframework.beans.factory.support.DefaultListableBeanFactory.resolveDependency(DefaultListableBeanFactory.java:1337)
	at org.springframework.beans.factory.annotation.AutowiredAnnotationBeanPostProcessor$AutowiredFieldElement.resolveFieldValue(AutowiredAnnotationBeanPostProcessor.java:764)
	at org.springframework.beans.factory.annotation.AutowiredAnnotationBeanPostProcessor$AutowiredFieldElement.inject(AutowiredAnnotationBeanPostProcessor.java:747)
	at org.springframework.beans.factory.annotation.InjectionMetadata.inject(InjectionMetadata.java:145)
	at org.springframework.beans.factory.annotation.AutowiredAnnotationBeanPostProcessor.postProcessProperties(AutowiredAnnotationBeanPostProcessor.java:492)
	at org.springframework.beans.factory.support.AbstractAutowireCapableBeanFactory.populateBean(AbstractAutowireCapableBeanFactory.java:1416)
	at org.springframework.beans.factory.support.AbstractAutowireCapableBeanFactory.doCreateBean(AbstractAutowireCapableBeanFactory.java:597)
	at org.springframework.beans.factory.support.AbstractAutowireCapableBeanFactory.createBean(AbstractAutowireCapableBeanFactory.java:520)
	at org.springframework.beans.factory.support.AbstractBeanFactory.lambda$doGetBean$0(AbstractBeanFactory.java:325)
	at org.springframework.beans.factory.support.DefaultSingletonBeanRegistry.getSingleton(DefaultSingletonBeanRegistry.java:234)
	at org.springframework.beans.factory.support.AbstractBeanFactory.doGetBean(AbstractBeanFactory.java:323)
	at org.springframework.beans.factory.support.AbstractBeanFactory.getBean(AbstractBeanFactory.java:199)
	at org.springframework.beans.factory.config.DependencyDescriptor.resolveCandidate(DependencyDescriptor.java:254)
	at org.springframework.beans.factory.support.DefaultListableBeanFactory.doResolveDependency(DefaultListableBeanFactory.java:1417)
	at org.springframework.beans.factory.support.DefaultListableBeanFactory.resolveDependency(DefaultListableBeanFactory.java:1337)
	at org.springframework.beans.factory.annotation.AutowiredAnnotationBeanPostProcessor$AutowiredFieldElement.resolveFieldValue(AutowiredAnnotationBeanPostProcessor.java:764)
	at org.springframework.beans.factory.annotation.AutowiredAnnotationBeanPostProcessor$AutowiredFieldElement.inject(AutowiredAnnotationBeanPostProcessor.java:747)
	at org.springframework.beans.factory.annotation.InjectionMetadata.inject(InjectionMetadata.java:145)
	at org.springframework.beans.factory.annotation.AutowiredAnnotationBeanPostProcessor.postProcessProperties(AutowiredAnnotationBeanPostProcessor.java:492)
	at org.springframework.beans.factory.support.AbstractAutowireCapableBeanFactory.populateBean(AbstractAutowireCapableBeanFactory.java:1416)
	at org.springframework.beans.factory.support.AbstractAutowireCapableBeanFactory.doCreateBean(AbstractAutowireCapableBeanFactory.java:597)
	at org.springframework.beans.factory.support.AbstractAutowireCapableBeanFactory.createBean(AbstractAutowireCapableBeanFactory.java:520)
	at org.springframework.beans.factory.support.AbstractBeanFactory.lambda$doGetBean$0(AbstractBeanFactory.java:325)
	at org.springframework.beans.factory.support.DefaultSingletonBeanRegistry.getSingleton(DefaultSingletonBeanRegistry.java:234)
	at org.springframework.beans.factory.support.AbstractBeanFactory.doGetBean(AbstractBeanFactory.java:323)
	at org.springframework.beans.factory.support.AbstractBeanFactory.getBean(AbstractBeanFactory.java:199)
	at org.springframework.beans.factory.config.DependencyDescriptor.resolveCandidate(DependencyDescriptor.java:254)
	at org.springframework.beans.factory.support.DefaultListableBeanFactory.doResolveDependency(DefaultListableBeanFactory.java:1417)
	at org.springframework.beans.factory.support.DefaultListableBeanFactory.resolveDependency(DefaultListableBeanFactory.java:1337)
	at org.springframework.beans.factory.annotation.AutowiredAnnotationBeanPostProcessor$AutowiredFieldElement.resolveFieldValue(AutowiredAnnotationBeanPostProcessor.java:764)
	at org.springframework.beans.factory.annotation.AutowiredAnnotationBeanPostProcessor$AutowiredFieldElement.inject(AutowiredAnnotationBeanPostProcessor.java:747)
	at org.springframework.beans.factory.annotation.InjectionMetadata.inject(InjectionMetadata.java:145)
	at org.springframework.beans.factory.annotation.AutowiredAnnotationBeanPostProcessor.postProcessProperties(AutowiredAnnotationBeanPostProcessor.java:492)
	at org.springframework.beans.factory.support.AbstractAutowireCapableBeanFactory.populateBean(AbstractAutowireCapableBeanFactory.java:1416)
	at org.springframework.beans.factory.support.AbstractAutowireCapableBeanFactory.doCreateBean(AbstractAutowireCapableBeanFactory.java:597)
	at org.springframework.beans.factory.support.AbstractAutowireCapableBeanFactory.createBean(AbstractAutowireCapableBeanFactory.java:520)
	at org.springframework.beans.factory.support.AbstractBeanFactory.lambda$doGetBean$0(AbstractBeanFactory.java:325)
	at org.springframework.beans.factory.support.DefaultSingletonBeanRegistry.getSingleton(DefaultSingletonBeanRegistry.java:234)
	at org.springframework.beans.factory.support.AbstractBeanFactory.doGetBean(AbstractBeanFactory.java:323)
	at org.springframework.beans.factory.support.AbstractBeanFactory.getBean(AbstractBeanFactory.java:199)
	at org.springframework.beans.factory.support.DefaultListableBeanFactory.preInstantiateSingletons(DefaultListableBeanFactory.java:973)
	at org.springframework.context.support.AbstractApplicationContext.finishBeanFactoryInitialization(AbstractApplicationContext.java:950)
	at org.springframework.context.support.AbstractApplicationContext.refresh(AbstractApplicationContext.java:616)
	at org.springframework.boot.web.servlet.context.ServletWebServerApplicationContext.refresh(ServletWebServerApplicationContext.java:146)
	at org.springframework.boot.SpringApplication.refresh(SpringApplication.java:738)
	at org.springframework.boot.SpringApplication.refreshContext(SpringApplication.java:440)
	at org.springframework.boot.SpringApplication.run(SpringApplication.java:316)
	at org.springframework.boot.test.context.SpringBootContextLoader.lambda$loadContext$3(SpringBootContextLoader.java:137)
	at org.springframework.util.function.ThrowingSupplier.get(ThrowingSupplier.java:58)
	at org.springframework.util.function.ThrowingSupplier.get(ThrowingSupplier.java:46)
	at org.springframework.boot.SpringApplication.withHook(SpringApplication.java:1406)
	at org.springframework.boot.test.context.SpringBootContextLoader$ContextLoaderHook.run(SpringBootContextLoader.java:545)
	at org.springframework.boot.test.context.SpringBootContextLoader.loadContext(SpringBootContextLoader.java:137)
	at org.springframework.boot.test.context.SpringBootContextLoader.loadContext(SpringBootContextLoader.java:108)
	at org.springframework.test.context.cache.DefaultCacheAwareContextLoaderDelegate.loadContextInternal(DefaultCacheAwareContextLoaderDelegate.java:187)
	at org.springframework.test.context.cache.DefaultCacheAwareContextLoaderDelegate.loadContext(DefaultCacheAwareContextLoaderDelegate.java:119)
	at org.springframework.test.context.support.DefaultTestContext.getApplicationContext(DefaultTestContext.java:127)
	at org.springframework.boot.test.mock.mockito.MockitoTestExecutionListener.postProcessFields(MockitoTestExecutionListener.java:110)
	at org.springframework.boot.test.mock.mockito.MockitoTestExecutionListener.injectFields(MockitoTestExecutionListener.java:94)
	at org.springframework.boot.test.mock.mockito.MockitoTestExecutionListener.prepareTestInstance(MockitoTestExecutionListener.java:61)
	at org.springframework.test.context.TestContextManager.prepareTestInstance(TestContextManager.java:241)
	at org.springframework.test.context.junit.jupiter.SpringExtension.postProcessTestInstance(SpringExtension.java:138)
	at org.junit.jupiter.engine.descriptor.ClassBasedTestDescriptor.lambda$invokeTestInstancePostProcessors$10(ClassBasedTestDescriptor.java:377)
	at org.junit.jupiter.engine.descriptor.ClassBasedTestDescriptor.executeAndMaskThrowable(ClassBasedTestDescriptor.java:382)
	at org.junit.jupiter.engine.descriptor.ClassBasedTestDescriptor.lambda$invokeTestInstancePostProcessors$11(ClassBasedTestDescriptor.java:377)
	at java.base/java.util.stream.ReferencePipeline$3$1.accept(ReferencePipeline.java:197)
	at java.base/java.util.stream.ReferencePipeline$2$1.accept(ReferencePipeline.java:179)
	at java.base/java.util.ArrayList$ArrayListSpliterator.forEachRemaining(ArrayList.java:1625)
	at java.base/java.util.stream.AbstractPipeline.copyInto(AbstractPipeline.java:509)
	at java.base/java.util.stream.AbstractPipeline.wrapAndCopyInto(AbstractPipeline.java:499)
	at java.base/java.util.stream.StreamSpliterators$WrappingSpliterator.forEachRemaining(StreamSpliterators.java:310)
	at java.base/java.util.stream.Streams$ConcatSpliterator.forEachRemaining(Streams.java:735)
	at java.base/java.util.stream.Streams$ConcatSpliterator.forEachRemaining(Streams.java:734)
	at java.base/java.util.stream.ReferencePipeline$Head.forEach(ReferencePipeline.java:762)
	at org.junit.jupiter.engine.descriptor.ClassBasedTestDescriptor.invokeTestInstancePostProcessors(ClassBasedTestDescriptor.java:376)
	at org.junit.jupiter.engine.descriptor.ClassBasedTestDescriptor.lambda$instantiateAndPostProcessTestInstance$6(ClassBasedTestDescriptor.java:289)
	at org.junit.platform.engine.support.hierarchical.ThrowableCollector.execute(ThrowableCollector.java:73)
	at org.junit.jupiter.engine.descriptor.ClassBasedTestDescriptor.instantiateAndPostProcessTestInstance(ClassBasedTestDescriptor.java:288)
	at org.junit.jupiter.engine.descriptor.ClassBasedTestDescriptor.lambda$testInstancesProvider$4(ClassBasedTestDescriptor.java:278)
	at java.base/java.util.Optional.orElseGet(Optional.java:364)
	at org.junit.jupiter.engine.descriptor.ClassBasedTestDescriptor.lambda$testInstancesProvider$5(ClassBasedTestDescriptor.java:277)
	at org.junit.jupiter.engine.execution.TestInstancesProvider.getTestInstances(TestInstancesProvider.java:31)
	at org.junit.jupiter.engine.descriptor.TestMethodTestDescriptor.lambda$prepare$0(TestMethodTestDescriptor.java:105)
	at org.junit.platform.engine.support.hierarchical.ThrowableCollector.execute(ThrowableCollector.java:73)
	at org.junit.jupiter.engine.descriptor.TestMethodTestDescriptor.prepare(TestMethodTestDescriptor.java:104)
	at org.junit.jupiter.engine.descriptor.TestMethodTestDescriptor.prepare(TestMethodTestDescriptor.java:68)
	at org.junit.platform.engine.support.hierarchical.NodeTestTask.lambda$prepare$2(NodeTestTask.java:123)
	at org.junit.platform.engine.support.hierarchical.ThrowableCollector.execute(ThrowableCollector.java:73)
	at org.junit.platform.engine.support.hierarchical.NodeTestTask.prepare(NodeTestTask.java:123)
	at org.junit.platform.engine.support.hierarchical.NodeTestTask.execute(NodeTestTask.java:90)
	at java.base/java.util.ArrayList.forEach(ArrayList.java:1511)
	at org.junit.platform.engine.support.hierarchical.SameThreadHierarchicalTestExecutorService.invokeAll(SameThreadHierarchicalTestExecutorService.java:41)
	at org.junit.platform.engine.support.hierarchical.NodeTestTask.lambda$executeRecursively$6(NodeTestTask.java:155)
	at org.junit.platform.engine.support.hierarchical.ThrowableCollector.execute(ThrowableCollector.java:73)
	at org.junit.platform.engine.support.hierarchical.NodeTestTask.lambda$executeRecursively$8(NodeTestTask.java:141)
	at org.junit.platform.engine.support.hierarchical.Node.around(Node.java:137)
	at org.junit.platform.engine.support.hierarchical.NodeTestTask.lambda$executeRecursively$9(NodeTestTask.java:139)
	at org.junit.platform.engine.support.hierarchical.ThrowableCollector.execute(ThrowableCollector.java:73)
	at org.junit.platform.engine.support.hierarchical.NodeTestTask.executeRecursively(NodeTestTask.java:138)
	at org.junit.platform.engine.support.hierarchical.NodeTestTask.execute(NodeTestTask.java:95)
	at java.base/java.util.ArrayList.forEach(ArrayList.java:1511)
	at org.junit.platform.engine.support.hierarchical.SameThreadHierarchicalTestExecutorService.invokeAll(SameThreadHierarchicalTestExecutorService.java:41)
	at org.junit.platform.engine.support.hierarchical.NodeTestTask.lambda$executeRecursively$6(NodeTestTask.java:155)
	at org.junit.platform.engine.support.hierarchical.ThrowableCollector.execute(ThrowableCollector.java:73)
	at org.junit.platform.engine.support.hierarchical.NodeTestTask.lambda$executeRecursively$8(NodeTestTask.java:141)
	at org.junit.platform.engine.support.hierarchical.Node.around(Node.java:137)
	at org.junit.platform.engine.support.hierarchical.NodeTestTask.lambda$executeRecursively$9(NodeTestTask.java:139)
	at org.junit.platform.engine.support.hierarchical.ThrowableCollector.execute(ThrowableCollector.java:73)
	at org.junit.platform.engine.support.hierarchical.NodeTestTask.executeRecursively(NodeTestTask.java:138)
	at org.junit.platform.engine.support.hierarchical.NodeTestTask.execute(NodeTestTask.java:95)
	at org.junit.platform.engine.support.hierarchical.SameThreadHierarchicalTestExecutorService.submit(SameThreadHierarchicalTestExecutorService.java:35)
	at org.junit.platform.engine.support.hierarchical.HierarchicalTestExecutor.execute(HierarchicalTestExecutor.java:57)
	at org.junit.platform.engine.support.hierarchical.HierarchicalTestEngine.execute(HierarchicalTestEngine.java:54)
	at org.junit.platform.launcher.core.EngineExecutionOrchestrator.execute(EngineExecutionOrchestrator.java:147)
	at org.junit.platform.launcher.core.EngineExecutionOrchestrator.execute(EngineExecutionOrchestrator.java:127)
	at org.junit.platform.launcher.core.EngineExecutionOrchestrator.execute(EngineExecutionOrchestrator.java:90)
	at org.junit.platform.launcher.core.EngineExecutionOrchestrator.lambda$execute$0(EngineExecutionOrchestrator.java:55)
	at org.junit.platform.launcher.core.EngineExecutionOrchestrator.withInterceptedStreams(EngineExecutionOrchestrator.java:102)
	at org.junit.platform.launcher.core.EngineExecutionOrchestrator.execute(EngineExecutionOrchestrator.java:54)
	at org.junit.platform.launcher.core.DefaultLauncher.execute(DefaultLauncher.java:114)
	at org.junit.platform.launcher.core.DefaultLauncher.execute(DefaultLauncher.java:86)
	at org.junit.platform.launcher.core.DefaultLauncherSession$DelegatingLauncher.execute(DefaultLauncherSession.java:86)
	at org.apache.maven.surefire.junitplatform.LazyLauncher.execute(LazyLauncher.java:50)
	at org.apache.maven.surefire.junitplatform.JUnitPlatformProvider.execute(JUnitPlatformProvider.java:184)
	at org.apache.maven.surefire.junitplatform.JUnitPlatformProvider.invokeAllTests(JUnitPlatformProvider.java:148)
	at org.apache.maven.surefire.junitplatform.JUnitPlatformProvider.invoke(JUnitPlatformProvider.java:122)
	at org.apache.maven.surefire.booter.ForkedBooter.runSuitesInProcess(ForkedBooter.java:385)
	at org.apache.maven.surefire.booter.ForkedBooter.execute(ForkedBooter.java:162)
	at org.apache.maven.surefire.booter.ForkedBooter.run(ForkedBooter.java:507)
	at org.apache.maven.surefire.booter.ForkedBooter.main(ForkedBooter.java:495)
2023-11-24 12:36:44,964 TRACE o.h.i.SessionImpl [SessionImpl.java:402] Closing session [c84b724d-259a-4ff8-978e-b0b36c0078e1]
2023-11-24 12:36:44,965 TRACE o.h.e.j.i.JdbcCoordinatorImpl [JdbcCoordinatorImpl.java:152] Closing JDBC container [org.hibernate.engine.jdbc.internal.JdbcCoordinatorImpl@ada293]
2023-11-24 12:36:44,965 TRACE o.h.r.j.i.ResourceRegistryStandardImpl [ResourceRegistryStandardImpl.java:329] Releasing JDBC resources
2023-11-24 12:36:44,965 TRACE o.h.r.j.i.LogicalConnectionManagedImpl [LogicalConnectionManagedImpl.java:256] Closing logical connection
2023-11-24 12:36:44,965 TRACE o.h.r.j.i.LogicalConnectionManagedImpl [LogicalConnectionManagedImpl.java:263] Logical connection closed
2023-11-24 12:36:44,965 TRACE o.h.i.SessionFactoryImpl$SessionBuilderImpl [SessionFactoryImpl.java:1298] Opening Hibernate Session.  tenant=null
2023-11-24 12:36:44,965 TRACE o.h.i.SessionImpl [SessionImpl.java:262] Opened Session [88d4761e-5980-4219-a4cb-3112513b6f5e] at timestamp: 1700825804965
2023-11-24 12:36:44,966 TRACE o.h.i.SessionImpl [SessionImpl.java:402] Closing session [88d4761e-5980-4219-a4cb-3112513b6f5e]
2023-11-24 12:36:44,966 TRACE o.h.e.j.i.JdbcCoordinatorImpl [JdbcCoordinatorImpl.java:152] Closing JDBC container [org.hibernate.engine.jdbc.internal.JdbcCoordinatorImpl@695b206a]
2023-11-24 12:36:44,966 TRACE o.h.r.j.i.ResourceRegistryStandardImpl [ResourceRegistryStandardImpl.java:329] Releasing JDBC resources
2023-11-24 12:36:44,966 TRACE o.h.r.j.i.LogicalConnectionManagedImpl [LogicalConnectionManagedImpl.java:256] Closing logical connection
2023-11-24 12:36:44,966 TRACE o.h.r.j.i.LogicalConnectionManagedImpl [LogicalConnectionManagedImpl.java:263] Logical connection closed
2023-11-24 12:36:44,970 TRACE o.h.i.SessionFactoryImpl$SessionBuilderImpl [SessionFactoryImpl.java:1298] Opening Hibernate Session.  tenant=null
2023-11-24 12:36:44,970 TRACE o.h.i.SessionImpl [SessionImpl.java:262] Opened Session [a1518f09-0492-4a8c-98d8-5e42c4060d93] at timestamp: 1700825804970
2023-11-24 12:36:44,971 TRACE o.h.i.SessionImpl [SessionImpl.java:402] Closing session [a1518f09-0492-4a8c-98d8-5e42c4060d93]
2023-11-24 12:36:44,971 TRACE o.h.e.j.i.JdbcCoordinatorImpl [JdbcCoordinatorImpl.java:152] Closing JDBC container [org.hibernate.engine.jdbc.internal.JdbcCoordinatorImpl@5c3e8343]
2023-11-24 12:36:44,971 TRACE o.h.r.j.i.ResourceRegistryStandardImpl [ResourceRegistryStandardImpl.java:329] Releasing JDBC resources
2023-11-24 12:36:44,971 TRACE o.h.r.j.i.LogicalConnectionManagedImpl [LogicalConnectionManagedImpl.java:256] Closing logical connection
2023-11-24 12:36:44,971 TRACE o.h.r.j.i.LogicalConnectionManagedImpl [LogicalConnectionManagedImpl.java:263] Logical connection closed
2023-11-24 12:36:44,974 TRACE o.h.i.SessionFactoryImpl$SessionBuilderImpl [SessionFactoryImpl.java:1298] Opening Hibernate Session.  tenant=null
2023-11-24 12:36:44,975 TRACE o.h.i.SessionImpl [SessionImpl.java:262] Opened Session [cccbc2ed-f4e3-4551-8cc3-467e137343ea] at timestamp: 1700825804974
2023-11-24 12:36:44,975 TRACE o.h.i.SessionImpl [SessionImpl.java:402] Closing session [cccbc2ed-f4e3-4551-8cc3-467e137343ea]
2023-11-24 12:36:44,975 TRACE o.h.e.j.i.JdbcCoordinatorImpl [JdbcCoordinatorImpl.java:152] Closing JDBC container [org.hibernate.engine.jdbc.internal.JdbcCoordinatorImpl@6fef1630]
2023-11-24 12:36:44,975 TRACE o.h.r.j.i.ResourceRegistryStandardImpl [ResourceRegistryStandardImpl.java:329] Releasing JDBC resources
2023-11-24 12:36:44,975 TRACE o.h.r.j.i.LogicalConnectionManagedImpl [LogicalConnectionManagedImpl.java:256] Closing logical connection
2023-11-24 12:36:44,976 TRACE o.h.r.j.i.LogicalConnectionManagedImpl [LogicalConnectionManagedImpl.java:263] Logical connection closed
2023-11-24 12:36:44,985 TRACE o.h.i.SessionFactoryImpl$SessionBuilderImpl [SessionFactoryImpl.java:1298] Opening Hibernate Session.  tenant=null
2023-11-24 12:36:44,986 TRACE o.h.i.SessionImpl [SessionImpl.java:262] Opened Session [0c294b60-40b2-4ca5-9b0e-31e0bbb1f75c] at timestamp: 1700825804986
2023-11-24 12:36:44,986 TRACE o.h.i.SessionImpl [SessionImpl.java:402] Closing session [0c294b60-40b2-4ca5-9b0e-31e0bbb1f75c]
2023-11-24 12:36:44,986 TRACE o.h.e.j.i.JdbcCoordinatorImpl [JdbcCoordinatorImpl.java:152] Closing JDBC container [org.hibernate.engine.jdbc.internal.JdbcCoordinatorImpl@71691769]
2023-11-24 12:36:44,986 TRACE o.h.r.j.i.ResourceRegistryStandardImpl [ResourceRegistryStandardImpl.java:329] Releasing JDBC resources
2023-11-24 12:36:44,986 TRACE o.h.r.j.i.LogicalConnectionManagedImpl [LogicalConnectionManagedImpl.java:256] Closing logical connection
2023-11-24 12:36:44,986 TRACE o.h.r.j.i.LogicalConnectionManagedImpl [LogicalConnectionManagedImpl.java:263] Logical connection closed
2023-11-24 12:36:44,989 TRACE o.h.i.SessionFactoryImpl$SessionBuilderImpl [SessionFactoryImpl.java:1298] Opening Hibernate Session.  tenant=null
2023-11-24 12:36:44,989 TRACE o.h.i.SessionImpl [SessionImpl.java:262] Opened Session [8749e42a-be03-494b-a6e6-b9a46467b0b4] at timestamp: 1700825804989
2023-11-24 12:36:44,989 TRACE o.h.i.SessionImpl [SessionImpl.java:402] Closing session [8749e42a-be03-494b-a6e6-b9a46467b0b4]
2023-11-24 12:36:44,990 TRACE o.h.e.j.i.JdbcCoordinatorImpl [JdbcCoordinatorImpl.java:152] Closing JDBC container [org.hibernate.engine.jdbc.internal.JdbcCoordinatorImpl@2a38c3e7]
2023-11-24 12:36:44,990 TRACE o.h.r.j.i.ResourceRegistryStandardImpl [ResourceRegistryStandardImpl.java:329] Releasing JDBC resources
2023-11-24 12:36:44,990 TRACE o.h.r.j.i.LogicalConnectionManagedImpl [LogicalConnectionManagedImpl.java:256] Closing logical connection
2023-11-24 12:36:44,990 TRACE o.h.r.j.i.LogicalConnectionManagedImpl [LogicalConnectionManagedImpl.java:263] Logical connection closed
2023-11-24 12:36:45,019 TRACE o.h.i.SessionFactoryImpl$SessionBuilderImpl [SessionFactoryImpl.java:1298] Opening Hibernate Session.  tenant=null
2023-11-24 12:36:45,019 TRACE o.h.i.SessionImpl [SessionImpl.java:262] Opened Session [96aacb4a-2ea7-40b9-9046-46ef2b9d89fd] at timestamp: 1700825805019
2023-11-24 12:36:45,019 DEBUG o.h.r.t.b.j.i.JdbcResourceLocalTransactionCoordinatorImpl [JdbcResourceLocalTransactionCoordinatorImpl.java:310] JDBC transaction marked for rollback-only (exception provided for stack trace)
java.lang.Exception: exception just for purpose of providing stack trace
	at org.hibernate.resource.transaction.backend.jdbc.internal.JdbcResourceLocalTransactionCoordinatorImpl$TransactionDriverControlImpl.markRollbackOnly(JdbcResourceLocalTransactionCoordinatorImpl.java:310)
	at org.hibernate.internal.AbstractSharedSessionContract.buildNamedQuery(AbstractSharedSessionContract.java:1021)
	at org.hibernate.internal.AbstractSharedSessionContract.createNamedQuery(AbstractSharedSessionContract.java:899)
	at org.hibernate.internal.AbstractSharedSessionContract.createNamedQuery(AbstractSharedSessionContract.java:120)
	at jdk.internal.reflect.GeneratedMethodAccessor47.invoke(Unknown Source)
	at java.base/jdk.internal.reflect.DelegatingMethodAccessorImpl.invoke(DelegatingMethodAccessorImpl.java:43)
	at java.base/java.lang.reflect.Method.invoke(Method.java:568)
	at org.springframework.orm.jpa.ExtendedEntityManagerCreator$ExtendedEntityManagerInvocationHandler.invoke(ExtendedEntityManagerCreator.java:360)
	at jdk.proxy2/jdk.proxy2.$Proxy191.createNamedQuery(Unknown Source)
	at org.springframework.data.jpa.repository.query.NamedQuery.hasNamedQuery(NamedQuery.java:113)
	at org.springframework.data.jpa.repository.query.NamedQuery.lookupFrom(NamedQuery.java:141)
	at org.springframework.data.jpa.repository.query.JpaQueryLookupStrategy$DeclaredQueryLookupStrategy.resolveQuery(JpaQueryLookupStrategy.java:180)
	at org.springframework.data.jpa.repository.query.JpaQueryLookupStrategy$CreateIfNotFoundQueryLookupStrategy.resolveQuery(JpaQueryLookupStrategy.java:252)
	at org.springframework.data.jpa.repository.query.JpaQueryLookupStrategy$AbstractQueryLookupStrategy.resolveQuery(JpaQueryLookupStrategy.java:95)
	at org.springframework.data.repository.core.support.QueryExecutorMethodInterceptor.lookupQuery(QueryExecutorMethodInterceptor.java:111)
	at org.springframework.data.repository.core.support.QueryExecutorMethodInterceptor.mapMethodsToQuery(QueryExecutorMethodInterceptor.java:99)
	at org.springframework.data.repository.core.support.QueryExecutorMethodInterceptor.lambda$new$0(QueryExecutorMethodInterceptor.java:88)
	at java.base/java.util.Optional.map(Optional.java:260)
	at org.springframework.data.repository.core.support.QueryExecutorMethodInterceptor.<init>(QueryExecutorMethodInterceptor.java:88)
	at org.springframework.data.repository.core.support.RepositoryFactorySupport.getRepository(RepositoryFactorySupport.java:357)
	at org.springframework.data.repository.core.support.RepositoryFactoryBeanSupport.lambda$afterPropertiesSet$5(RepositoryFactoryBeanSupport.java:279)
	at org.springframework.data.util.Lazy.getNullable(Lazy.java:245)
	at org.springframework.data.util.Lazy.get(Lazy.java:114)
	at org.springframework.data.repository.core.support.RepositoryFactoryBeanSupport.afterPropertiesSet(RepositoryFactoryBeanSupport.java:285)
	at org.springframework.data.jpa.repository.support.JpaRepositoryFactoryBean.afterPropertiesSet(JpaRepositoryFactoryBean.java:132)
	at org.springframework.beans.factory.support.AbstractAutowireCapableBeanFactory.invokeInitMethods(AbstractAutowireCapableBeanFactory.java:1817)
	at org.springframework.beans.factory.support.AbstractAutowireCapableBeanFactory.initializeBean(AbstractAutowireCapableBeanFactory.java:1766)
	at org.springframework.beans.factory.support.AbstractAutowireCapableBeanFactory.doCreateBean(AbstractAutowireCapableBeanFactory.java:598)
	at org.springframework.beans.factory.support.AbstractAutowireCapableBeanFactory.createBean(AbstractAutowireCapableBeanFactory.java:520)
	at org.springframework.beans.factory.support.AbstractBeanFactory.lambda$doGetBean$0(AbstractBeanFactory.java:325)
	at org.springframework.beans.factory.support.DefaultSingletonBeanRegistry.getSingleton(DefaultSingletonBeanRegistry.java:234)
	at org.springframework.beans.factory.support.AbstractBeanFactory.doGetBean(AbstractBeanFactory.java:323)
	at org.springframework.beans.factory.support.AbstractBeanFactory.getBean(AbstractBeanFactory.java:199)
	at org.springframework.beans.factory.config.DependencyDescriptor.resolveCandidate(DependencyDescriptor.java:254)
	at org.springframework.beans.factory.support.DefaultListableBeanFactory.doResolveDependency(DefaultListableBeanFactory.java:1417)
	at org.springframework.beans.factory.support.DefaultListableBeanFactory.resolveDependency(DefaultListableBeanFactory.java:1337)
	at org.springframework.beans.factory.annotation.AutowiredAnnotationBeanPostProcessor$AutowiredFieldElement.resolveFieldValue(AutowiredAnnotationBeanPostProcessor.java:764)
	at org.springframework.beans.factory.annotation.AutowiredAnnotationBeanPostProcessor$AutowiredFieldElement.inject(AutowiredAnnotationBeanPostProcessor.java:747)
	at org.springframework.beans.factory.annotation.InjectionMetadata.inject(InjectionMetadata.java:145)
	at org.springframework.beans.factory.annotation.AutowiredAnnotationBeanPostProcessor.postProcessProperties(AutowiredAnnotationBeanPostProcessor.java:492)
	at org.springframework.beans.factory.support.AbstractAutowireCapableBeanFactory.populateBean(AbstractAutowireCapableBeanFactory.java:1416)
	at org.springframework.beans.factory.support.AbstractAutowireCapableBeanFactory.doCreateBean(AbstractAutowireCapableBeanFactory.java:597)
	at org.springframework.beans.factory.support.AbstractAutowireCapableBeanFactory.createBean(AbstractAutowireCapableBeanFactory.java:520)
	at org.springframework.beans.factory.support.AbstractBeanFactory.lambda$doGetBean$0(AbstractBeanFactory.java:325)
	at org.springframework.beans.factory.support.DefaultSingletonBeanRegistry.getSingleton(DefaultSingletonBeanRegistry.java:234)
	at org.springframework.beans.factory.support.AbstractBeanFactory.doGetBean(AbstractBeanFactory.java:323)
	at org.springframework.beans.factory.support.AbstractBeanFactory.getBean(AbstractBeanFactory.java:199)
	at org.springframework.beans.factory.support.DefaultListableBeanFactory.preInstantiateSingletons(DefaultListableBeanFactory.java:973)
	at org.springframework.context.support.AbstractApplicationContext.finishBeanFactoryInitialization(AbstractApplicationContext.java:950)
	at org.springframework.context.support.AbstractApplicationContext.refresh(AbstractApplicationContext.java:616)
	at org.springframework.boot.web.servlet.context.ServletWebServerApplicationContext.refresh(ServletWebServerApplicationContext.java:146)
	at org.springframework.boot.SpringApplication.refresh(SpringApplication.java:738)
	at org.springframework.boot.SpringApplication.refreshContext(SpringApplication.java:440)
	at org.springframework.boot.SpringApplication.run(SpringApplication.java:316)
	at org.springframework.boot.test.context.SpringBootContextLoader.lambda$loadContext$3(SpringBootContextLoader.java:137)
	at org.springframework.util.function.ThrowingSupplier.get(ThrowingSupplier.java:58)
	at org.springframework.util.function.ThrowingSupplier.get(ThrowingSupplier.java:46)
	at org.springframework.boot.SpringApplication.withHook(SpringApplication.java:1406)
	at org.springframework.boot.test.context.SpringBootContextLoader$ContextLoaderHook.run(SpringBootContextLoader.java:545)
	at org.springframework.boot.test.context.SpringBootContextLoader.loadContext(SpringBootContextLoader.java:137)
	at org.springframework.boot.test.context.SpringBootContextLoader.loadContext(SpringBootContextLoader.java:108)
	at org.springframework.test.context.cache.DefaultCacheAwareContextLoaderDelegate.loadContextInternal(DefaultCacheAwareContextLoaderDelegate.java:187)
	at org.springframework.test.context.cache.DefaultCacheAwareContextLoaderDelegate.loadContext(DefaultCacheAwareContextLoaderDelegate.java:119)
	at org.springframework.test.context.support.DefaultTestContext.getApplicationContext(DefaultTestContext.java:127)
	at org.springframework.boot.test.mock.mockito.MockitoTestExecutionListener.postProcessFields(MockitoTestExecutionListener.java:110)
	at org.springframework.boot.test.mock.mockito.MockitoTestExecutionListener.injectFields(MockitoTestExecutionListener.java:94)
	at org.springframework.boot.test.mock.mockito.MockitoTestExecutionListener.prepareTestInstance(MockitoTestExecutionListener.java:61)
	at org.springframework.test.context.TestContextManager.prepareTestInstance(TestContextManager.java:241)
	at org.springframework.test.context.junit.jupiter.SpringExtension.postProcessTestInstance(SpringExtension.java:138)
	at org.junit.jupiter.engine.descriptor.ClassBasedTestDescriptor.lambda$invokeTestInstancePostProcessors$10(ClassBasedTestDescriptor.java:377)
	at org.junit.jupiter.engine.descriptor.ClassBasedTestDescriptor.executeAndMaskThrowable(ClassBasedTestDescriptor.java:382)
	at org.junit.jupiter.engine.descriptor.ClassBasedTestDescriptor.lambda$invokeTestInstancePostProcessors$11(ClassBasedTestDescriptor.java:377)
	at java.base/java.util.stream.ReferencePipeline$3$1.accept(ReferencePipeline.java:197)
	at java.base/java.util.stream.ReferencePipeline$2$1.accept(ReferencePipeline.java:179)
	at java.base/java.util.ArrayList$ArrayListSpliterator.forEachRemaining(ArrayList.java:1625)
	at java.base/java.util.stream.AbstractPipeline.copyInto(AbstractPipeline.java:509)
	at java.base/java.util.stream.AbstractPipeline.wrapAndCopyInto(AbstractPipeline.java:499)
	at java.base/java.util.stream.StreamSpliterators$WrappingSpliterator.forEachRemaining(StreamSpliterators.java:310)
	at java.base/java.util.stream.Streams$ConcatSpliterator.forEachRemaining(Streams.java:735)
	at java.base/java.util.stream.Streams$ConcatSpliterator.forEachRemaining(Streams.java:734)
	at java.base/java.util.stream.ReferencePipeline$Head.forEach(ReferencePipeline.java:762)
	at org.junit.jupiter.engine.descriptor.ClassBasedTestDescriptor.invokeTestInstancePostProcessors(ClassBasedTestDescriptor.java:376)
	at org.junit.jupiter.engine.descriptor.ClassBasedTestDescriptor.lambda$instantiateAndPostProcessTestInstance$6(ClassBasedTestDescriptor.java:289)
	at org.junit.platform.engine.support.hierarchical.ThrowableCollector.execute(ThrowableCollector.java:73)
	at org.junit.jupiter.engine.descriptor.ClassBasedTestDescriptor.instantiateAndPostProcessTestInstance(ClassBasedTestDescriptor.java:288)
	at org.junit.jupiter.engine.descriptor.ClassBasedTestDescriptor.lambda$testInstancesProvider$4(ClassBasedTestDescriptor.java:278)
	at java.base/java.util.Optional.orElseGet(Optional.java:364)
	at org.junit.jupiter.engine.descriptor.ClassBasedTestDescriptor.lambda$testInstancesProvider$5(ClassBasedTestDescriptor.java:277)
	at org.junit.jupiter.engine.execution.TestInstancesProvider.getTestInstances(TestInstancesProvider.java:31)
	at org.junit.jupiter.engine.descriptor.TestMethodTestDescriptor.lambda$prepare$0(TestMethodTestDescriptor.java:105)
	at org.junit.platform.engine.support.hierarchical.ThrowableCollector.execute(ThrowableCollector.java:73)
	at org.junit.jupiter.engine.descriptor.TestMethodTestDescriptor.prepare(TestMethodTestDescriptor.java:104)
	at org.junit.jupiter.engine.descriptor.TestMethodTestDescriptor.prepare(TestMethodTestDescriptor.java:68)
	at org.junit.platform.engine.support.hierarchical.NodeTestTask.lambda$prepare$2(NodeTestTask.java:123)
	at org.junit.platform.engine.support.hierarchical.ThrowableCollector.execute(ThrowableCollector.java:73)
	at org.junit.platform.engine.support.hierarchical.NodeTestTask.prepare(NodeTestTask.java:123)
	at org.junit.platform.engine.support.hierarchical.NodeTestTask.execute(NodeTestTask.java:90)
	at java.base/java.util.ArrayList.forEach(ArrayList.java:1511)
	at org.junit.platform.engine.support.hierarchical.SameThreadHierarchicalTestExecutorService.invokeAll(SameThreadHierarchicalTestExecutorService.java:41)
	at org.junit.platform.engine.support.hierarchical.NodeTestTask.lambda$executeRecursively$6(NodeTestTask.java:155)
	at org.junit.platform.engine.support.hierarchical.ThrowableCollector.execute(ThrowableCollector.java:73)
	at org.junit.platform.engine.support.hierarchical.NodeTestTask.lambda$executeRecursively$8(NodeTestTask.java:141)
	at org.junit.platform.engine.support.hierarchical.Node.around(Node.java:137)
	at org.junit.platform.engine.support.hierarchical.NodeTestTask.lambda$executeRecursively$9(NodeTestTask.java:139)
	at org.junit.platform.engine.support.hierarchical.ThrowableCollector.execute(ThrowableCollector.java:73)
	at org.junit.platform.engine.support.hierarchical.NodeTestTask.executeRecursively(NodeTestTask.java:138)
	at org.junit.platform.engine.support.hierarchical.NodeTestTask.execute(NodeTestTask.java:95)
	at java.base/java.util.ArrayList.forEach(ArrayList.java:1511)
	at org.junit.platform.engine.support.hierarchical.SameThreadHierarchicalTestExecutorService.invokeAll(SameThreadHierarchicalTestExecutorService.java:41)
	at org.junit.platform.engine.support.hierarchical.NodeTestTask.lambda$executeRecursively$6(NodeTestTask.java:155)
	at org.junit.platform.engine.support.hierarchical.ThrowableCollector.execute(ThrowableCollector.java:73)
	at org.junit.platform.engine.support.hierarchical.NodeTestTask.lambda$executeRecursively$8(NodeTestTask.java:141)
	at org.junit.platform.engine.support.hierarchical.Node.around(Node.java:137)
	at org.junit.platform.engine.support.hierarchical.NodeTestTask.lambda$executeRecursively$9(NodeTestTask.java:139)
	at org.junit.platform.engine.support.hierarchical.ThrowableCollector.execute(ThrowableCollector.java:73)
	at org.junit.platform.engine.support.hierarchical.NodeTestTask.executeRecursively(NodeTestTask.java:138)
	at org.junit.platform.engine.support.hierarchical.NodeTestTask.execute(NodeTestTask.java:95)
	at org.junit.platform.engine.support.hierarchical.SameThreadHierarchicalTestExecutorService.submit(SameThreadHierarchicalTestExecutorService.java:35)
	at org.junit.platform.engine.support.hierarchical.HierarchicalTestExecutor.execute(HierarchicalTestExecutor.java:57)
	at org.junit.platform.engine.support.hierarchical.HierarchicalTestEngine.execute(HierarchicalTestEngine.java:54)
	at org.junit.platform.launcher.core.EngineExecutionOrchestrator.execute(EngineExecutionOrchestrator.java:147)
	at org.junit.platform.launcher.core.EngineExecutionOrchestrator.execute(EngineExecutionOrchestrator.java:127)
	at org.junit.platform.launcher.core.EngineExecutionOrchestrator.execute(EngineExecutionOrchestrator.java:90)
	at org.junit.platform.launcher.core.EngineExecutionOrchestrator.lambda$execute$0(EngineExecutionOrchestrator.java:55)
	at org.junit.platform.launcher.core.EngineExecutionOrchestrator.withInterceptedStreams(EngineExecutionOrchestrator.java:102)
	at org.junit.platform.launcher.core.EngineExecutionOrchestrator.execute(EngineExecutionOrchestrator.java:54)
	at org.junit.platform.launcher.core.DefaultLauncher.execute(DefaultLauncher.java:114)
	at org.junit.platform.launcher.core.DefaultLauncher.execute(DefaultLauncher.java:86)
	at org.junit.platform.launcher.core.DefaultLauncherSession$DelegatingLauncher.execute(DefaultLauncherSession.java:86)
	at org.apache.maven.surefire.junitplatform.LazyLauncher.execute(LazyLauncher.java:50)
	at org.apache.maven.surefire.junitplatform.JUnitPlatformProvider.execute(JUnitPlatformProvider.java:184)
	at org.apache.maven.surefire.junitplatform.JUnitPlatformProvider.invokeAllTests(JUnitPlatformProvider.java:148)
	at org.apache.maven.surefire.junitplatform.JUnitPlatformProvider.invoke(JUnitPlatformProvider.java:122)
	at org.apache.maven.surefire.booter.ForkedBooter.runSuitesInProcess(ForkedBooter.java:385)
	at org.apache.maven.surefire.booter.ForkedBooter.execute(ForkedBooter.java:162)
	at org.apache.maven.surefire.booter.ForkedBooter.run(ForkedBooter.java:507)
	at org.apache.maven.surefire.booter.ForkedBooter.main(ForkedBooter.java:495)
2023-11-24 12:36:45,020 TRACE o.h.i.SessionImpl [SessionImpl.java:402] Closing session [96aacb4a-2ea7-40b9-9046-46ef2b9d89fd]
2023-11-24 12:36:45,020 TRACE o.h.e.j.i.JdbcCoordinatorImpl [JdbcCoordinatorImpl.java:152] Closing JDBC container [org.hibernate.engine.jdbc.internal.JdbcCoordinatorImpl@7ffb143a]
2023-11-24 12:36:45,020 TRACE o.h.r.j.i.ResourceRegistryStandardImpl [ResourceRegistryStandardImpl.java:329] Releasing JDBC resources
2023-11-24 12:36:45,021 TRACE o.h.r.j.i.LogicalConnectionManagedImpl [LogicalConnectionManagedImpl.java:256] Closing logical connection
2023-11-24 12:36:45,021 TRACE o.h.r.j.i.LogicalConnectionManagedImpl [LogicalConnectionManagedImpl.java:263] Logical connection closed
2023-11-24 12:36:45,021 TRACE o.h.i.SessionFactoryImpl$SessionBuilderImpl [SessionFactoryImpl.java:1298] Opening Hibernate Session.  tenant=null
2023-11-24 12:36:45,021 TRACE o.h.i.SessionImpl [SessionImpl.java:262] Opened Session [86068ee6-e75a-4248-89a7-3caf44d1e6a4] at timestamp: 1700825805021
2023-11-24 12:36:45,022 TRACE o.h.i.SessionImpl [SessionImpl.java:402] Closing session [86068ee6-e75a-4248-89a7-3caf44d1e6a4]
2023-11-24 12:36:45,022 TRACE o.h.e.j.i.JdbcCoordinatorImpl [JdbcCoordinatorImpl.java:152] Closing JDBC container [org.hibernate.engine.jdbc.internal.JdbcCoordinatorImpl@1330d7d9]
2023-11-24 12:36:45,022 TRACE o.h.r.j.i.ResourceRegistryStandardImpl [ResourceRegistryStandardImpl.java:329] Releasing JDBC resources
2023-11-24 12:36:45,022 TRACE o.h.r.j.i.LogicalConnectionManagedImpl [LogicalConnectionManagedImpl.java:256] Closing logical connection
2023-11-24 12:36:45,022 TRACE o.h.r.j.i.LogicalConnectionManagedImpl [LogicalConnectionManagedImpl.java:263] Logical connection closed
2023-11-24 12:36:45,024 TRACE o.h.i.SessionFactoryImpl$SessionBuilderImpl [SessionFactoryImpl.java:1298] Opening Hibernate Session.  tenant=null
2023-11-24 12:36:45,024 TRACE o.h.i.SessionImpl [SessionImpl.java:262] Opened Session [c11ddd40-fdd0-410b-ac4e-21f63d6644b1] at timestamp: 1700825805024
2023-11-24 12:36:45,024 DEBUG o.h.r.t.b.j.i.JdbcResourceLocalTransactionCoordinatorImpl [JdbcResourceLocalTransactionCoordinatorImpl.java:310] JDBC transaction marked for rollback-only (exception provided for stack trace)
java.lang.Exception: exception just for purpose of providing stack trace
	at org.hibernate.resource.transaction.backend.jdbc.internal.JdbcResourceLocalTransactionCoordinatorImpl$TransactionDriverControlImpl.markRollbackOnly(JdbcResourceLocalTransactionCoordinatorImpl.java:310)
	at org.hibernate.internal.AbstractSharedSessionContract.buildNamedQuery(AbstractSharedSessionContract.java:1021)
	at org.hibernate.internal.AbstractSharedSessionContract.createNamedQuery(AbstractSharedSessionContract.java:899)
	at org.hibernate.internal.AbstractSharedSessionContract.createNamedQuery(AbstractSharedSessionContract.java:120)
	at jdk.internal.reflect.GeneratedMethodAccessor47.invoke(Unknown Source)
	at java.base/jdk.internal.reflect.DelegatingMethodAccessorImpl.invoke(DelegatingMethodAccessorImpl.java:43)
	at java.base/java.lang.reflect.Method.invoke(Method.java:568)
	at org.springframework.orm.jpa.ExtendedEntityManagerCreator$ExtendedEntityManagerInvocationHandler.invoke(ExtendedEntityManagerCreator.java:360)
	at jdk.proxy2/jdk.proxy2.$Proxy191.createNamedQuery(Unknown Source)
	at org.springframework.data.jpa.repository.query.NamedQuery.hasNamedQuery(NamedQuery.java:113)
	at org.springframework.data.jpa.repository.query.NamedQuery.lookupFrom(NamedQuery.java:141)
	at org.springframework.data.jpa.repository.query.JpaQueryLookupStrategy$DeclaredQueryLookupStrategy.resolveQuery(JpaQueryLookupStrategy.java:180)
	at org.springframework.data.jpa.repository.query.JpaQueryLookupStrategy$CreateIfNotFoundQueryLookupStrategy.resolveQuery(JpaQueryLookupStrategy.java:252)
	at org.springframework.data.jpa.repository.query.JpaQueryLookupStrategy$AbstractQueryLookupStrategy.resolveQuery(JpaQueryLookupStrategy.java:95)
	at org.springframework.data.repository.core.support.QueryExecutorMethodInterceptor.lookupQuery(QueryExecutorMethodInterceptor.java:111)
	at org.springframework.data.repository.core.support.QueryExecutorMethodInterceptor.mapMethodsToQuery(QueryExecutorMethodInterceptor.java:99)
	at org.springframework.data.repository.core.support.QueryExecutorMethodInterceptor.lambda$new$0(QueryExecutorMethodInterceptor.java:88)
	at java.base/java.util.Optional.map(Optional.java:260)
	at org.springframework.data.repository.core.support.QueryExecutorMethodInterceptor.<init>(QueryExecutorMethodInterceptor.java:88)
	at org.springframework.data.repository.core.support.RepositoryFactorySupport.getRepository(RepositoryFactorySupport.java:357)
	at org.springframework.data.repository.core.support.RepositoryFactoryBeanSupport.lambda$afterPropertiesSet$5(RepositoryFactoryBeanSupport.java:279)
	at org.springframework.data.util.Lazy.getNullable(Lazy.java:245)
	at org.springframework.data.util.Lazy.get(Lazy.java:114)
	at org.springframework.data.repository.core.support.RepositoryFactoryBeanSupport.afterPropertiesSet(RepositoryFactoryBeanSupport.java:285)
	at org.springframework.data.jpa.repository.support.JpaRepositoryFactoryBean.afterPropertiesSet(JpaRepositoryFactoryBean.java:132)
	at org.springframework.beans.factory.support.AbstractAutowireCapableBeanFactory.invokeInitMethods(AbstractAutowireCapableBeanFactory.java:1817)
	at org.springframework.beans.factory.support.AbstractAutowireCapableBeanFactory.initializeBean(AbstractAutowireCapableBeanFactory.java:1766)
	at org.springframework.beans.factory.support.AbstractAutowireCapableBeanFactory.doCreateBean(AbstractAutowireCapableBeanFactory.java:598)
	at org.springframework.beans.factory.support.AbstractAutowireCapableBeanFactory.createBean(AbstractAutowireCapableBeanFactory.java:520)
	at org.springframework.beans.factory.support.AbstractBeanFactory.lambda$doGetBean$0(AbstractBeanFactory.java:325)
	at org.springframework.beans.factory.support.DefaultSingletonBeanRegistry.getSingleton(DefaultSingletonBeanRegistry.java:234)
	at org.springframework.beans.factory.support.AbstractBeanFactory.doGetBean(AbstractBeanFactory.java:323)
	at org.springframework.beans.factory.support.AbstractBeanFactory.getBean(AbstractBeanFactory.java:199)
	at org.springframework.beans.factory.config.DependencyDescriptor.resolveCandidate(DependencyDescriptor.java:254)
	at org.springframework.beans.factory.support.DefaultListableBeanFactory.doResolveDependency(DefaultListableBeanFactory.java:1417)
	at org.springframework.beans.factory.support.DefaultListableBeanFactory.resolveDependency(DefaultListableBeanFactory.java:1337)
	at org.springframework.beans.factory.annotation.AutowiredAnnotationBeanPostProcessor$AutowiredFieldElement.resolveFieldValue(AutowiredAnnotationBeanPostProcessor.java:764)
	at org.springframework.beans.factory.annotation.AutowiredAnnotationBeanPostProcessor$AutowiredFieldElement.inject(AutowiredAnnotationBeanPostProcessor.java:747)
	at org.springframework.beans.factory.annotation.InjectionMetadata.inject(InjectionMetadata.java:145)
	at org.springframework.beans.factory.annotation.AutowiredAnnotationBeanPostProcessor.postProcessProperties(AutowiredAnnotationBeanPostProcessor.java:492)
	at org.springframework.beans.factory.support.AbstractAutowireCapableBeanFactory.populateBean(AbstractAutowireCapableBeanFactory.java:1416)
	at org.springframework.beans.factory.support.AbstractAutowireCapableBeanFactory.doCreateBean(AbstractAutowireCapableBeanFactory.java:597)
	at org.springframework.beans.factory.support.AbstractAutowireCapableBeanFactory.createBean(AbstractAutowireCapableBeanFactory.java:520)
	at org.springframework.beans.factory.support.AbstractBeanFactory.lambda$doGetBean$0(AbstractBeanFactory.java:325)
	at org.springframework.beans.factory.support.DefaultSingletonBeanRegistry.getSingleton(DefaultSingletonBeanRegistry.java:234)
	at org.springframework.beans.factory.support.AbstractBeanFactory.doGetBean(AbstractBeanFactory.java:323)
	at org.springframework.beans.factory.support.AbstractBeanFactory.getBean(AbstractBeanFactory.java:199)
	at org.springframework.beans.factory.support.DefaultListableBeanFactory.preInstantiateSingletons(DefaultListableBeanFactory.java:973)
	at org.springframework.context.support.AbstractApplicationContext.finishBeanFactoryInitialization(AbstractApplicationContext.java:950)
	at org.springframework.context.support.AbstractApplicationContext.refresh(AbstractApplicationContext.java:616)
	at org.springframework.boot.web.servlet.context.ServletWebServerApplicationContext.refresh(ServletWebServerApplicationContext.java:146)
	at org.springframework.boot.SpringApplication.refresh(SpringApplication.java:738)
	at org.springframework.boot.SpringApplication.refreshContext(SpringApplication.java:440)
	at org.springframework.boot.SpringApplication.run(SpringApplication.java:316)
	at org.springframework.boot.test.context.SpringBootContextLoader.lambda$loadContext$3(SpringBootContextLoader.java:137)
	at org.springframework.util.function.ThrowingSupplier.get(ThrowingSupplier.java:58)
	at org.springframework.util.function.ThrowingSupplier.get(ThrowingSupplier.java:46)
	at org.springframework.boot.SpringApplication.withHook(SpringApplication.java:1406)
	at org.springframework.boot.test.context.SpringBootContextLoader$ContextLoaderHook.run(SpringBootContextLoader.java:545)
	at org.springframework.boot.test.context.SpringBootContextLoader.loadContext(SpringBootContextLoader.java:137)
	at org.springframework.boot.test.context.SpringBootContextLoader.loadContext(SpringBootContextLoader.java:108)
	at org.springframework.test.context.cache.DefaultCacheAwareContextLoaderDelegate.loadContextInternal(DefaultCacheAwareContextLoaderDelegate.java:187)
	at org.springframework.test.context.cache.DefaultCacheAwareContextLoaderDelegate.loadContext(DefaultCacheAwareContextLoaderDelegate.java:119)
	at org.springframework.test.context.support.DefaultTestContext.getApplicationContext(DefaultTestContext.java:127)
	at org.springframework.boot.test.mock.mockito.MockitoTestExecutionListener.postProcessFields(MockitoTestExecutionListener.java:110)
	at org.springframework.boot.test.mock.mockito.MockitoTestExecutionListener.injectFields(MockitoTestExecutionListener.java:94)
	at org.springframework.boot.test.mock.mockito.MockitoTestExecutionListener.prepareTestInstance(MockitoTestExecutionListener.java:61)
	at org.springframework.test.context.TestContextManager.prepareTestInstance(TestContextManager.java:241)
	at org.springframework.test.context.junit.jupiter.SpringExtension.postProcessTestInstance(SpringExtension.java:138)
	at org.junit.jupiter.engine.descriptor.ClassBasedTestDescriptor.lambda$invokeTestInstancePostProcessors$10(ClassBasedTestDescriptor.java:377)
	at org.junit.jupiter.engine.descriptor.ClassBasedTestDescriptor.executeAndMaskThrowable(ClassBasedTestDescriptor.java:382)
	at org.junit.jupiter.engine.descriptor.ClassBasedTestDescriptor.lambda$invokeTestInstancePostProcessors$11(ClassBasedTestDescriptor.java:377)
	at java.base/java.util.stream.ReferencePipeline$3$1.accept(ReferencePipeline.java:197)
	at java.base/java.util.stream.ReferencePipeline$2$1.accept(ReferencePipeline.java:179)
	at java.base/java.util.ArrayList$ArrayListSpliterator.forEachRemaining(ArrayList.java:1625)
	at java.base/java.util.stream.AbstractPipeline.copyInto(AbstractPipeline.java:509)
	at java.base/java.util.stream.AbstractPipeline.wrapAndCopyInto(AbstractPipeline.java:499)
	at java.base/java.util.stream.StreamSpliterators$WrappingSpliterator.forEachRemaining(StreamSpliterators.java:310)
	at java.base/java.util.stream.Streams$ConcatSpliterator.forEachRemaining(Streams.java:735)
	at java.base/java.util.stream.Streams$ConcatSpliterator.forEachRemaining(Streams.java:734)
	at java.base/java.util.stream.ReferencePipeline$Head.forEach(ReferencePipeline.java:762)
	at org.junit.jupiter.engine.descriptor.ClassBasedTestDescriptor.invokeTestInstancePostProcessors(ClassBasedTestDescriptor.java:376)
	at org.junit.jupiter.engine.descriptor.ClassBasedTestDescriptor.lambda$instantiateAndPostProcessTestInstance$6(ClassBasedTestDescriptor.java:289)
	at org.junit.platform.engine.support.hierarchical.ThrowableCollector.execute(ThrowableCollector.java:73)
	at org.junit.jupiter.engine.descriptor.ClassBasedTestDescriptor.instantiateAndPostProcessTestInstance(ClassBasedTestDescriptor.java:288)
	at org.junit.jupiter.engine.descriptor.ClassBasedTestDescriptor.lambda$testInstancesProvider$4(ClassBasedTestDescriptor.java:278)
	at java.base/java.util.Optional.orElseGet(Optional.java:364)
	at org.junit.jupiter.engine.descriptor.ClassBasedTestDescriptor.lambda$testInstancesProvider$5(ClassBasedTestDescriptor.java:277)
	at org.junit.jupiter.engine.execution.TestInstancesProvider.getTestInstances(TestInstancesProvider.java:31)
	at org.junit.jupiter.engine.descriptor.TestMethodTestDescriptor.lambda$prepare$0(TestMethodTestDescriptor.java:105)
	at org.junit.platform.engine.support.hierarchical.ThrowableCollector.execute(ThrowableCollector.java:73)
	at org.junit.jupiter.engine.descriptor.TestMethodTestDescriptor.prepare(TestMethodTestDescriptor.java:104)
	at org.junit.jupiter.engine.descriptor.TestMethodTestDescriptor.prepare(TestMethodTestDescriptor.java:68)
	at org.junit.platform.engine.support.hierarchical.NodeTestTask.lambda$prepare$2(NodeTestTask.java:123)
	at org.junit.platform.engine.support.hierarchical.ThrowableCollector.execute(ThrowableCollector.java:73)
	at org.junit.platform.engine.support.hierarchical.NodeTestTask.prepare(NodeTestTask.java:123)
	at org.junit.platform.engine.support.hierarchical.NodeTestTask.execute(NodeTestTask.java:90)
	at java.base/java.util.ArrayList.forEach(ArrayList.java:1511)
	at org.junit.platform.engine.support.hierarchical.SameThreadHierarchicalTestExecutorService.invokeAll(SameThreadHierarchicalTestExecutorService.java:41)
	at org.junit.platform.engine.support.hierarchical.NodeTestTask.lambda$executeRecursively$6(NodeTestTask.java:155)
	at org.junit.platform.engine.support.hierarchical.ThrowableCollector.execute(ThrowableCollector.java:73)
	at org.junit.platform.engine.support.hierarchical.NodeTestTask.lambda$executeRecursively$8(NodeTestTask.java:141)
	at org.junit.platform.engine.support.hierarchical.Node.around(Node.java:137)
	at org.junit.platform.engine.support.hierarchical.NodeTestTask.lambda$executeRecursively$9(NodeTestTask.java:139)
	at org.junit.platform.engine.support.hierarchical.ThrowableCollector.execute(ThrowableCollector.java:73)
	at org.junit.platform.engine.support.hierarchical.NodeTestTask.executeRecursively(NodeTestTask.java:138)
	at org.junit.platform.engine.support.hierarchical.NodeTestTask.execute(NodeTestTask.java:95)
	at java.base/java.util.ArrayList.forEach(ArrayList.java:1511)
	at org.junit.platform.engine.support.hierarchical.SameThreadHierarchicalTestExecutorService.invokeAll(SameThreadHierarchicalTestExecutorService.java:41)
	at org.junit.platform.engine.support.hierarchical.NodeTestTask.lambda$executeRecursively$6(NodeTestTask.java:155)
	at org.junit.platform.engine.support.hierarchical.ThrowableCollector.execute(ThrowableCollector.java:73)
	at org.junit.platform.engine.support.hierarchical.NodeTestTask.lambda$executeRecursively$8(NodeTestTask.java:141)
	at org.junit.platform.engine.support.hierarchical.Node.around(Node.java:137)
	at org.junit.platform.engine.support.hierarchical.NodeTestTask.lambda$executeRecursively$9(NodeTestTask.java:139)
	at org.junit.platform.engine.support.hierarchical.ThrowableCollector.execute(ThrowableCollector.java:73)
	at org.junit.platform.engine.support.hierarchical.NodeTestTask.executeRecursively(NodeTestTask.java:138)
	at org.junit.platform.engine.support.hierarchical.NodeTestTask.execute(NodeTestTask.java:95)
	at org.junit.platform.engine.support.hierarchical.SameThreadHierarchicalTestExecutorService.submit(SameThreadHierarchicalTestExecutorService.java:35)
	at org.junit.platform.engine.support.hierarchical.HierarchicalTestExecutor.execute(HierarchicalTestExecutor.java:57)
	at org.junit.platform.engine.support.hierarchical.HierarchicalTestEngine.execute(HierarchicalTestEngine.java:54)
	at org.junit.platform.launcher.core.EngineExecutionOrchestrator.execute(EngineExecutionOrchestrator.java:147)
	at org.junit.platform.launcher.core.EngineExecutionOrchestrator.execute(EngineExecutionOrchestrator.java:127)
	at org.junit.platform.launcher.core.EngineExecutionOrchestrator.execute(EngineExecutionOrchestrator.java:90)
	at org.junit.platform.launcher.core.EngineExecutionOrchestrator.lambda$execute$0(EngineExecutionOrchestrator.java:55)
	at org.junit.platform.launcher.core.EngineExecutionOrchestrator.withInterceptedStreams(EngineExecutionOrchestrator.java:102)
	at org.junit.platform.launcher.core.EngineExecutionOrchestrator.execute(EngineExecutionOrchestrator.java:54)
	at org.junit.platform.launcher.core.DefaultLauncher.execute(DefaultLauncher.java:114)
	at org.junit.platform.launcher.core.DefaultLauncher.execute(DefaultLauncher.java:86)
	at org.junit.platform.launcher.core.DefaultLauncherSession$DelegatingLauncher.execute(DefaultLauncherSession.java:86)
	at org.apache.maven.surefire.junitplatform.LazyLauncher.execute(LazyLauncher.java:50)
	at org.apache.maven.surefire.junitplatform.JUnitPlatformProvider.execute(JUnitPlatformProvider.java:184)
	at org.apache.maven.surefire.junitplatform.JUnitPlatformProvider.invokeAllTests(JUnitPlatformProvider.java:148)
	at org.apache.maven.surefire.junitplatform.JUnitPlatformProvider.invoke(JUnitPlatformProvider.java:122)
	at org.apache.maven.surefire.booter.ForkedBooter.runSuitesInProcess(ForkedBooter.java:385)
	at org.apache.maven.surefire.booter.ForkedBooter.execute(ForkedBooter.java:162)
	at org.apache.maven.surefire.booter.ForkedBooter.run(ForkedBooter.java:507)
	at org.apache.maven.surefire.booter.ForkedBooter.main(ForkedBooter.java:495)
2023-11-24 12:36:45,025 TRACE o.h.i.SessionImpl [SessionImpl.java:402] Closing session [c11ddd40-fdd0-410b-ac4e-21f63d6644b1]
2023-11-24 12:36:45,025 TRACE o.h.e.j.i.JdbcCoordinatorImpl [JdbcCoordinatorImpl.java:152] Closing JDBC container [org.hibernate.engine.jdbc.internal.JdbcCoordinatorImpl@4c326a28]
2023-11-24 12:36:45,025 TRACE o.h.r.j.i.ResourceRegistryStandardImpl [ResourceRegistryStandardImpl.java:329] Releasing JDBC resources
2023-11-24 12:36:45,025 TRACE o.h.r.j.i.LogicalConnectionManagedImpl [LogicalConnectionManagedImpl.java:256] Closing logical connection
2023-11-24 12:36:45,025 TRACE o.h.r.j.i.LogicalConnectionManagedImpl [LogicalConnectionManagedImpl.java:263] Logical connection closed
2023-11-24 12:36:45,026 TRACE o.h.i.SessionFactoryImpl$SessionBuilderImpl [SessionFactoryImpl.java:1298] Opening Hibernate Session.  tenant=null
2023-11-24 12:36:45,026 TRACE o.h.i.SessionImpl [SessionImpl.java:262] Opened Session [4b099f92-fd2b-4a68-8d67-1a0144e2fbe4] at timestamp: 1700825805026
2023-11-24 12:36:45,026 TRACE o.h.i.SessionImpl [SessionImpl.java:402] Closing session [4b099f92-fd2b-4a68-8d67-1a0144e2fbe4]
2023-11-24 12:36:45,026 TRACE o.h.e.j.i.JdbcCoordinatorImpl [JdbcCoordinatorImpl.java:152] Closing JDBC container [org.hibernate.engine.jdbc.internal.JdbcCoordinatorImpl@6b4ffd50]
2023-11-24 12:36:45,026 TRACE o.h.r.j.i.ResourceRegistryStandardImpl [ResourceRegistryStandardImpl.java:329] Releasing JDBC resources
2023-11-24 12:36:45,026 TRACE o.h.r.j.i.LogicalConnectionManagedImpl [LogicalConnectionManagedImpl.java:256] Closing logical connection
2023-11-24 12:36:45,026 TRACE o.h.r.j.i.LogicalConnectionManagedImpl [LogicalConnectionManagedImpl.java:263] Logical connection closed
2023-11-24 12:36:45,028 TRACE o.h.i.SessionFactoryImpl$SessionBuilderImpl [SessionFactoryImpl.java:1298] Opening Hibernate Session.  tenant=null
2023-11-24 12:36:45,028 TRACE o.h.i.SessionImpl [SessionImpl.java:262] Opened Session [d7ec75c5-04ac-41a7-9588-f594226d56b9] at timestamp: 1700825805028
2023-11-24 12:36:45,029 DEBUG o.h.r.t.b.j.i.JdbcResourceLocalTransactionCoordinatorImpl [JdbcResourceLocalTransactionCoordinatorImpl.java:310] JDBC transaction marked for rollback-only (exception provided for stack trace)
java.lang.Exception: exception just for purpose of providing stack trace
	at org.hibernate.resource.transaction.backend.jdbc.internal.JdbcResourceLocalTransactionCoordinatorImpl$TransactionDriverControlImpl.markRollbackOnly(JdbcResourceLocalTransactionCoordinatorImpl.java:310)
	at org.hibernate.internal.AbstractSharedSessionContract.buildNamedQuery(AbstractSharedSessionContract.java:1021)
	at org.hibernate.internal.AbstractSharedSessionContract.createNamedQuery(AbstractSharedSessionContract.java:899)
	at org.hibernate.internal.AbstractSharedSessionContract.createNamedQuery(AbstractSharedSessionContract.java:120)
	at jdk.internal.reflect.GeneratedMethodAccessor47.invoke(Unknown Source)
	at java.base/jdk.internal.reflect.DelegatingMethodAccessorImpl.invoke(DelegatingMethodAccessorImpl.java:43)
	at java.base/java.lang.reflect.Method.invoke(Method.java:568)
	at org.springframework.orm.jpa.ExtendedEntityManagerCreator$ExtendedEntityManagerInvocationHandler.invoke(ExtendedEntityManagerCreator.java:360)
	at jdk.proxy2/jdk.proxy2.$Proxy191.createNamedQuery(Unknown Source)
	at org.springframework.data.jpa.repository.query.NamedQuery.hasNamedQuery(NamedQuery.java:113)
	at org.springframework.data.jpa.repository.query.NamedQuery.lookupFrom(NamedQuery.java:141)
	at org.springframework.data.jpa.repository.query.JpaQueryLookupStrategy$DeclaredQueryLookupStrategy.resolveQuery(JpaQueryLookupStrategy.java:180)
	at org.springframework.data.jpa.repository.query.JpaQueryLookupStrategy$CreateIfNotFoundQueryLookupStrategy.resolveQuery(JpaQueryLookupStrategy.java:252)
	at org.springframework.data.jpa.repository.query.JpaQueryLookupStrategy$AbstractQueryLookupStrategy.resolveQuery(JpaQueryLookupStrategy.java:95)
	at org.springframework.data.repository.core.support.QueryExecutorMethodInterceptor.lookupQuery(QueryExecutorMethodInterceptor.java:111)
	at org.springframework.data.repository.core.support.QueryExecutorMethodInterceptor.mapMethodsToQuery(QueryExecutorMethodInterceptor.java:99)
	at org.springframework.data.repository.core.support.QueryExecutorMethodInterceptor.lambda$new$0(QueryExecutorMethodInterceptor.java:88)
	at java.base/java.util.Optional.map(Optional.java:260)
	at org.springframework.data.repository.core.support.QueryExecutorMethodInterceptor.<init>(QueryExecutorMethodInterceptor.java:88)
	at org.springframework.data.repository.core.support.RepositoryFactorySupport.getRepository(RepositoryFactorySupport.java:357)
	at org.springframework.data.repository.core.support.RepositoryFactoryBeanSupport.lambda$afterPropertiesSet$5(RepositoryFactoryBeanSupport.java:279)
	at org.springframework.data.util.Lazy.getNullable(Lazy.java:245)
	at org.springframework.data.util.Lazy.get(Lazy.java:114)
	at org.springframework.data.repository.core.support.RepositoryFactoryBeanSupport.afterPropertiesSet(RepositoryFactoryBeanSupport.java:285)
	at org.springframework.data.jpa.repository.support.JpaRepositoryFactoryBean.afterPropertiesSet(JpaRepositoryFactoryBean.java:132)
	at org.springframework.beans.factory.support.AbstractAutowireCapableBeanFactory.invokeInitMethods(AbstractAutowireCapableBeanFactory.java:1817)
	at org.springframework.beans.factory.support.AbstractAutowireCapableBeanFactory.initializeBean(AbstractAutowireCapableBeanFactory.java:1766)
	at org.springframework.beans.factory.support.AbstractAutowireCapableBeanFactory.doCreateBean(AbstractAutowireCapableBeanFactory.java:598)
	at org.springframework.beans.factory.support.AbstractAutowireCapableBeanFactory.createBean(AbstractAutowireCapableBeanFactory.java:520)
	at org.springframework.beans.factory.support.AbstractBeanFactory.lambda$doGetBean$0(AbstractBeanFactory.java:325)
	at org.springframework.beans.factory.support.DefaultSingletonBeanRegistry.getSingleton(DefaultSingletonBeanRegistry.java:234)
	at org.springframework.beans.factory.support.AbstractBeanFactory.doGetBean(AbstractBeanFactory.java:323)
	at org.springframework.beans.factory.support.AbstractBeanFactory.getBean(AbstractBeanFactory.java:199)
	at org.springframework.beans.factory.config.DependencyDescriptor.resolveCandidate(DependencyDescriptor.java:254)
	at org.springframework.beans.factory.support.DefaultListableBeanFactory.doResolveDependency(DefaultListableBeanFactory.java:1417)
	at org.springframework.beans.factory.support.DefaultListableBeanFactory.resolveDependency(DefaultListableBeanFactory.java:1337)
	at org.springframework.beans.factory.annotation.AutowiredAnnotationBeanPostProcessor$AutowiredFieldElement.resolveFieldValue(AutowiredAnnotationBeanPostProcessor.java:764)
	at org.springframework.beans.factory.annotation.AutowiredAnnotationBeanPostProcessor$AutowiredFieldElement.inject(AutowiredAnnotationBeanPostProcessor.java:747)
	at org.springframework.beans.factory.annotation.InjectionMetadata.inject(InjectionMetadata.java:145)
	at org.springframework.beans.factory.annotation.AutowiredAnnotationBeanPostProcessor.postProcessProperties(AutowiredAnnotationBeanPostProcessor.java:492)
	at org.springframework.beans.factory.support.AbstractAutowireCapableBeanFactory.populateBean(AbstractAutowireCapableBeanFactory.java:1416)
	at org.springframework.beans.factory.support.AbstractAutowireCapableBeanFactory.doCreateBean(AbstractAutowireCapableBeanFactory.java:597)
	at org.springframework.beans.factory.support.AbstractAutowireCapableBeanFactory.createBean(AbstractAutowireCapableBeanFactory.java:520)
	at org.springframework.beans.factory.support.AbstractBeanFactory.lambda$doGetBean$0(AbstractBeanFactory.java:325)
	at org.springframework.beans.factory.support.DefaultSingletonBeanRegistry.getSingleton(DefaultSingletonBeanRegistry.java:234)
	at org.springframework.beans.factory.support.AbstractBeanFactory.doGetBean(AbstractBeanFactory.java:323)
	at org.springframework.beans.factory.support.AbstractBeanFactory.getBean(AbstractBeanFactory.java:199)
	at org.springframework.beans.factory.support.DefaultListableBeanFactory.preInstantiateSingletons(DefaultListableBeanFactory.java:973)
	at org.springframework.context.support.AbstractApplicationContext.finishBeanFactoryInitialization(AbstractApplicationContext.java:950)
	at org.springframework.context.support.AbstractApplicationContext.refresh(AbstractApplicationContext.java:616)
	at org.springframework.boot.web.servlet.context.ServletWebServerApplicationContext.refresh(ServletWebServerApplicationContext.java:146)
	at org.springframework.boot.SpringApplication.refresh(SpringApplication.java:738)
	at org.springframework.boot.SpringApplication.refreshContext(SpringApplication.java:440)
	at org.springframework.boot.SpringApplication.run(SpringApplication.java:316)
	at org.springframework.boot.test.context.SpringBootContextLoader.lambda$loadContext$3(SpringBootContextLoader.java:137)
	at org.springframework.util.function.ThrowingSupplier.get(ThrowingSupplier.java:58)
	at org.springframework.util.function.ThrowingSupplier.get(ThrowingSupplier.java:46)
	at org.springframework.boot.SpringApplication.withHook(SpringApplication.java:1406)
	at org.springframework.boot.test.context.SpringBootContextLoader$ContextLoaderHook.run(SpringBootContextLoader.java:545)
	at org.springframework.boot.test.context.SpringBootContextLoader.loadContext(SpringBootContextLoader.java:137)
	at org.springframework.boot.test.context.SpringBootContextLoader.loadContext(SpringBootContextLoader.java:108)
	at org.springframework.test.context.cache.DefaultCacheAwareContextLoaderDelegate.loadContextInternal(DefaultCacheAwareContextLoaderDelegate.java:187)
	at org.springframework.test.context.cache.DefaultCacheAwareContextLoaderDelegate.loadContext(DefaultCacheAwareContextLoaderDelegate.java:119)
	at org.springframework.test.context.support.DefaultTestContext.getApplicationContext(DefaultTestContext.java:127)
	at org.springframework.boot.test.mock.mockito.MockitoTestExecutionListener.postProcessFields(MockitoTestExecutionListener.java:110)
	at org.springframework.boot.test.mock.mockito.MockitoTestExecutionListener.injectFields(MockitoTestExecutionListener.java:94)
	at org.springframework.boot.test.mock.mockito.MockitoTestExecutionListener.prepareTestInstance(MockitoTestExecutionListener.java:61)
	at org.springframework.test.context.TestContextManager.prepareTestInstance(TestContextManager.java:241)
	at org.springframework.test.context.junit.jupiter.SpringExtension.postProcessTestInstance(SpringExtension.java:138)
	at org.junit.jupiter.engine.descriptor.ClassBasedTestDescriptor.lambda$invokeTestInstancePostProcessors$10(ClassBasedTestDescriptor.java:377)
	at org.junit.jupiter.engine.descriptor.ClassBasedTestDescriptor.executeAndMaskThrowable(ClassBasedTestDescriptor.java:382)
	at org.junit.jupiter.engine.descriptor.ClassBasedTestDescriptor.lambda$invokeTestInstancePostProcessors$11(ClassBasedTestDescriptor.java:377)
	at java.base/java.util.stream.ReferencePipeline$3$1.accept(ReferencePipeline.java:197)
	at java.base/java.util.stream.ReferencePipeline$2$1.accept(ReferencePipeline.java:179)
	at java.base/java.util.ArrayList$ArrayListSpliterator.forEachRemaining(ArrayList.java:1625)
	at java.base/java.util.stream.AbstractPipeline.copyInto(AbstractPipeline.java:509)
	at java.base/java.util.stream.AbstractPipeline.wrapAndCopyInto(AbstractPipeline.java:499)
	at java.base/java.util.stream.StreamSpliterators$WrappingSpliterator.forEachRemaining(StreamSpliterators.java:310)
	at java.base/java.util.stream.Streams$ConcatSpliterator.forEachRemaining(Streams.java:735)
	at java.base/java.util.stream.Streams$ConcatSpliterator.forEachRemaining(Streams.java:734)
	at java.base/java.util.stream.ReferencePipeline$Head.forEach(ReferencePipeline.java:762)
	at org.junit.jupiter.engine.descriptor.ClassBasedTestDescriptor.invokeTestInstancePostProcessors(ClassBasedTestDescriptor.java:376)
	at org.junit.jupiter.engine.descriptor.ClassBasedTestDescriptor.lambda$instantiateAndPostProcessTestInstance$6(ClassBasedTestDescriptor.java:289)
	at org.junit.platform.engine.support.hierarchical.ThrowableCollector.execute(ThrowableCollector.java:73)
	at org.junit.jupiter.engine.descriptor.ClassBasedTestDescriptor.instantiateAndPostProcessTestInstance(ClassBasedTestDescriptor.java:288)
	at org.junit.jupiter.engine.descriptor.ClassBasedTestDescriptor.lambda$testInstancesProvider$4(ClassBasedTestDescriptor.java:278)
	at java.base/java.util.Optional.orElseGet(Optional.java:364)
	at org.junit.jupiter.engine.descriptor.ClassBasedTestDescriptor.lambda$testInstancesProvider$5(ClassBasedTestDescriptor.java:277)
	at org.junit.jupiter.engine.execution.TestInstancesProvider.getTestInstances(TestInstancesProvider.java:31)
	at org.junit.jupiter.engine.descriptor.TestMethodTestDescriptor.lambda$prepare$0(TestMethodTestDescriptor.java:105)
	at org.junit.platform.engine.support.hierarchical.ThrowableCollector.execute(ThrowableCollector.java:73)
	at org.junit.jupiter.engine.descriptor.TestMethodTestDescriptor.prepare(TestMethodTestDescriptor.java:104)
	at org.junit.jupiter.engine.descriptor.TestMethodTestDescriptor.prepare(TestMethodTestDescriptor.java:68)
	at org.junit.platform.engine.support.hierarchical.NodeTestTask.lambda$prepare$2(NodeTestTask.java:123)
	at org.junit.platform.engine.support.hierarchical.ThrowableCollector.execute(ThrowableCollector.java:73)
	at org.junit.platform.engine.support.hierarchical.NodeTestTask.prepare(NodeTestTask.java:123)
	at org.junit.platform.engine.support.hierarchical.NodeTestTask.execute(NodeTestTask.java:90)
	at java.base/java.util.ArrayList.forEach(ArrayList.java:1511)
	at org.junit.platform.engine.support.hierarchical.SameThreadHierarchicalTestExecutorService.invokeAll(SameThreadHierarchicalTestExecutorService.java:41)
	at org.junit.platform.engine.support.hierarchical.NodeTestTask.lambda$executeRecursively$6(NodeTestTask.java:155)
	at org.junit.platform.engine.support.hierarchical.ThrowableCollector.execute(ThrowableCollector.java:73)
	at org.junit.platform.engine.support.hierarchical.NodeTestTask.lambda$executeRecursively$8(NodeTestTask.java:141)
	at org.junit.platform.engine.support.hierarchical.Node.around(Node.java:137)
	at org.junit.platform.engine.support.hierarchical.NodeTestTask.lambda$executeRecursively$9(NodeTestTask.java:139)
	at org.junit.platform.engine.support.hierarchical.ThrowableCollector.execute(ThrowableCollector.java:73)
	at org.junit.platform.engine.support.hierarchical.NodeTestTask.executeRecursively(NodeTestTask.java:138)
	at org.junit.platform.engine.support.hierarchical.NodeTestTask.execute(NodeTestTask.java:95)
	at java.base/java.util.ArrayList.forEach(ArrayList.java:1511)
	at org.junit.platform.engine.support.hierarchical.SameThreadHierarchicalTestExecutorService.invokeAll(SameThreadHierarchicalTestExecutorService.java:41)
	at org.junit.platform.engine.support.hierarchical.NodeTestTask.lambda$executeRecursively$6(NodeTestTask.java:155)
	at org.junit.platform.engine.support.hierarchical.ThrowableCollector.execute(ThrowableCollector.java:73)
	at org.junit.platform.engine.support.hierarchical.NodeTestTask.lambda$executeRecursively$8(NodeTestTask.java:141)
	at org.junit.platform.engine.support.hierarchical.Node.around(Node.java:137)
	at org.junit.platform.engine.support.hierarchical.NodeTestTask.lambda$executeRecursively$9(NodeTestTask.java:139)
	at org.junit.platform.engine.support.hierarchical.ThrowableCollector.execute(ThrowableCollector.java:73)
	at org.junit.platform.engine.support.hierarchical.NodeTestTask.executeRecursively(NodeTestTask.java:138)
	at org.junit.platform.engine.support.hierarchical.NodeTestTask.execute(NodeTestTask.java:95)
	at org.junit.platform.engine.support.hierarchical.SameThreadHierarchicalTestExecutorService.submit(SameThreadHierarchicalTestExecutorService.java:35)
	at org.junit.platform.engine.support.hierarchical.HierarchicalTestExecutor.execute(HierarchicalTestExecutor.java:57)
	at org.junit.platform.engine.support.hierarchical.HierarchicalTestEngine.execute(HierarchicalTestEngine.java:54)
	at org.junit.platform.launcher.core.EngineExecutionOrchestrator.execute(EngineExecutionOrchestrator.java:147)
	at org.junit.platform.launcher.core.EngineExecutionOrchestrator.execute(EngineExecutionOrchestrator.java:127)
	at org.junit.platform.launcher.core.EngineExecutionOrchestrator.execute(EngineExecutionOrchestrator.java:90)
	at org.junit.platform.launcher.core.EngineExecutionOrchestrator.lambda$execute$0(EngineExecutionOrchestrator.java:55)
	at org.junit.platform.launcher.core.EngineExecutionOrchestrator.withInterceptedStreams(EngineExecutionOrchestrator.java:102)
	at org.junit.platform.launcher.core.EngineExecutionOrchestrator.execute(EngineExecutionOrchestrator.java:54)
	at org.junit.platform.launcher.core.DefaultLauncher.execute(DefaultLauncher.java:114)
	at org.junit.platform.launcher.core.DefaultLauncher.execute(DefaultLauncher.java:86)
	at org.junit.platform.launcher.core.DefaultLauncherSession$DelegatingLauncher.execute(DefaultLauncherSession.java:86)
	at org.apache.maven.surefire.junitplatform.LazyLauncher.execute(LazyLauncher.java:50)
	at org.apache.maven.surefire.junitplatform.JUnitPlatformProvider.execute(JUnitPlatformProvider.java:184)
	at org.apache.maven.surefire.junitplatform.JUnitPlatformProvider.invokeAllTests(JUnitPlatformProvider.java:148)
	at org.apache.maven.surefire.junitplatform.JUnitPlatformProvider.invoke(JUnitPlatformProvider.java:122)
	at org.apache.maven.surefire.booter.ForkedBooter.runSuitesInProcess(ForkedBooter.java:385)
	at org.apache.maven.surefire.booter.ForkedBooter.execute(ForkedBooter.java:162)
	at org.apache.maven.surefire.booter.ForkedBooter.run(ForkedBooter.java:507)
	at org.apache.maven.surefire.booter.ForkedBooter.main(ForkedBooter.java:495)
2023-11-24 12:36:45,029 TRACE o.h.i.SessionImpl [SessionImpl.java:402] Closing session [d7ec75c5-04ac-41a7-9588-f594226d56b9]
2023-11-24 12:36:45,029 TRACE o.h.e.j.i.JdbcCoordinatorImpl [JdbcCoordinatorImpl.java:152] Closing JDBC container [org.hibernate.engine.jdbc.internal.JdbcCoordinatorImpl@1fce5b71]
2023-11-24 12:36:45,029 TRACE o.h.r.j.i.ResourceRegistryStandardImpl [ResourceRegistryStandardImpl.java:329] Releasing JDBC resources
2023-11-24 12:36:45,030 TRACE o.h.r.j.i.LogicalConnectionManagedImpl [LogicalConnectionManagedImpl.java:256] Closing logical connection
2023-11-24 12:36:45,030 TRACE o.h.r.j.i.LogicalConnectionManagedImpl [LogicalConnectionManagedImpl.java:263] Logical connection closed
2023-11-24 12:36:45,030 TRACE o.h.i.SessionFactoryImpl$SessionBuilderImpl [SessionFactoryImpl.java:1298] Opening Hibernate Session.  tenant=null
2023-11-24 12:36:45,030 TRACE o.h.i.SessionImpl [SessionImpl.java:262] Opened Session [4e0f6cf5-18aa-4e3a-a49b-bf75b38e188d] at timestamp: 1700825805030
2023-11-24 12:36:45,030 TRACE o.h.i.SessionImpl [SessionImpl.java:402] Closing session [4e0f6cf5-18aa-4e3a-a49b-bf75b38e188d]
2023-11-24 12:36:45,030 TRACE o.h.e.j.i.JdbcCoordinatorImpl [JdbcCoordinatorImpl.java:152] Closing JDBC container [org.hibernate.engine.jdbc.internal.JdbcCoordinatorImpl@4072118a]
2023-11-24 12:36:45,030 TRACE o.h.r.j.i.ResourceRegistryStandardImpl [ResourceRegistryStandardImpl.java:329] Releasing JDBC resources
2023-11-24 12:36:45,031 TRACE o.h.r.j.i.LogicalConnectionManagedImpl [LogicalConnectionManagedImpl.java:256] Closing logical connection
2023-11-24 12:36:45,031 TRACE o.h.r.j.i.LogicalConnectionManagedImpl [LogicalConnectionManagedImpl.java:263] Logical connection closed
2023-11-24 12:36:45,032 TRACE o.h.i.SessionFactoryImpl$SessionBuilderImpl [SessionFactoryImpl.java:1298] Opening Hibernate Session.  tenant=null
2023-11-24 12:36:45,032 TRACE o.h.i.SessionImpl [SessionImpl.java:262] Opened Session [c1790fe4-4ee5-4d21-baef-15baf2d3516d] at timestamp: 1700825805032
2023-11-24 12:36:45,033 DEBUG o.h.r.t.b.j.i.JdbcResourceLocalTransactionCoordinatorImpl [JdbcResourceLocalTransactionCoordinatorImpl.java:310] JDBC transaction marked for rollback-only (exception provided for stack trace)
java.lang.Exception: exception just for purpose of providing stack trace
	at org.hibernate.resource.transaction.backend.jdbc.internal.JdbcResourceLocalTransactionCoordinatorImpl$TransactionDriverControlImpl.markRollbackOnly(JdbcResourceLocalTransactionCoordinatorImpl.java:310)
	at org.hibernate.internal.AbstractSharedSessionContract.buildNamedQuery(AbstractSharedSessionContract.java:1021)
	at org.hibernate.internal.AbstractSharedSessionContract.createNamedQuery(AbstractSharedSessionContract.java:899)
	at org.hibernate.internal.AbstractSharedSessionContract.createNamedQuery(AbstractSharedSessionContract.java:120)
	at jdk.internal.reflect.GeneratedMethodAccessor47.invoke(Unknown Source)
	at java.base/jdk.internal.reflect.DelegatingMethodAccessorImpl.invoke(DelegatingMethodAccessorImpl.java:43)
	at java.base/java.lang.reflect.Method.invoke(Method.java:568)
	at org.springframework.orm.jpa.ExtendedEntityManagerCreator$ExtendedEntityManagerInvocationHandler.invoke(ExtendedEntityManagerCreator.java:360)
	at jdk.proxy2/jdk.proxy2.$Proxy191.createNamedQuery(Unknown Source)
	at org.springframework.data.jpa.repository.query.NamedQuery.hasNamedQuery(NamedQuery.java:113)
	at org.springframework.data.jpa.repository.query.NamedQuery.lookupFrom(NamedQuery.java:141)
	at org.springframework.data.jpa.repository.query.JpaQueryLookupStrategy$DeclaredQueryLookupStrategy.resolveQuery(JpaQueryLookupStrategy.java:180)
	at org.springframework.data.jpa.repository.query.JpaQueryLookupStrategy$CreateIfNotFoundQueryLookupStrategy.resolveQuery(JpaQueryLookupStrategy.java:252)
	at org.springframework.data.jpa.repository.query.JpaQueryLookupStrategy$AbstractQueryLookupStrategy.resolveQuery(JpaQueryLookupStrategy.java:95)
	at org.springframework.data.repository.core.support.QueryExecutorMethodInterceptor.lookupQuery(QueryExecutorMethodInterceptor.java:111)
	at org.springframework.data.repository.core.support.QueryExecutorMethodInterceptor.mapMethodsToQuery(QueryExecutorMethodInterceptor.java:99)
	at org.springframework.data.repository.core.support.QueryExecutorMethodInterceptor.lambda$new$0(QueryExecutorMethodInterceptor.java:88)
	at java.base/java.util.Optional.map(Optional.java:260)
	at org.springframework.data.repository.core.support.QueryExecutorMethodInterceptor.<init>(QueryExecutorMethodInterceptor.java:88)
	at org.springframework.data.repository.core.support.RepositoryFactorySupport.getRepository(RepositoryFactorySupport.java:357)
	at org.springframework.data.repository.core.support.RepositoryFactoryBeanSupport.lambda$afterPropertiesSet$5(RepositoryFactoryBeanSupport.java:279)
	at org.springframework.data.util.Lazy.getNullable(Lazy.java:245)
	at org.springframework.data.util.Lazy.get(Lazy.java:114)
	at org.springframework.data.repository.core.support.RepositoryFactoryBeanSupport.afterPropertiesSet(RepositoryFactoryBeanSupport.java:285)
	at org.springframework.data.jpa.repository.support.JpaRepositoryFactoryBean.afterPropertiesSet(JpaRepositoryFactoryBean.java:132)
	at org.springframework.beans.factory.support.AbstractAutowireCapableBeanFactory.invokeInitMethods(AbstractAutowireCapableBeanFactory.java:1817)
	at org.springframework.beans.factory.support.AbstractAutowireCapableBeanFactory.initializeBean(AbstractAutowireCapableBeanFactory.java:1766)
	at org.springframework.beans.factory.support.AbstractAutowireCapableBeanFactory.doCreateBean(AbstractAutowireCapableBeanFactory.java:598)
	at org.springframework.beans.factory.support.AbstractAutowireCapableBeanFactory.createBean(AbstractAutowireCapableBeanFactory.java:520)
	at org.springframework.beans.factory.support.AbstractBeanFactory.lambda$doGetBean$0(AbstractBeanFactory.java:325)
	at org.springframework.beans.factory.support.DefaultSingletonBeanRegistry.getSingleton(DefaultSingletonBeanRegistry.java:234)
	at org.springframework.beans.factory.support.AbstractBeanFactory.doGetBean(AbstractBeanFactory.java:323)
	at org.springframework.beans.factory.support.AbstractBeanFactory.getBean(AbstractBeanFactory.java:199)
	at org.springframework.beans.factory.config.DependencyDescriptor.resolveCandidate(DependencyDescriptor.java:254)
	at org.springframework.beans.factory.support.DefaultListableBeanFactory.doResolveDependency(DefaultListableBeanFactory.java:1417)
	at org.springframework.beans.factory.support.DefaultListableBeanFactory.resolveDependency(DefaultListableBeanFactory.java:1337)
	at org.springframework.beans.factory.annotation.AutowiredAnnotationBeanPostProcessor$AutowiredFieldElement.resolveFieldValue(AutowiredAnnotationBeanPostProcessor.java:764)
	at org.springframework.beans.factory.annotation.AutowiredAnnotationBeanPostProcessor$AutowiredFieldElement.inject(AutowiredAnnotationBeanPostProcessor.java:747)
	at org.springframework.beans.factory.annotation.InjectionMetadata.inject(InjectionMetadata.java:145)
	at org.springframework.beans.factory.annotation.AutowiredAnnotationBeanPostProcessor.postProcessProperties(AutowiredAnnotationBeanPostProcessor.java:492)
	at org.springframework.beans.factory.support.AbstractAutowireCapableBeanFactory.populateBean(AbstractAutowireCapableBeanFactory.java:1416)
	at org.springframework.beans.factory.support.AbstractAutowireCapableBeanFactory.doCreateBean(AbstractAutowireCapableBeanFactory.java:597)
	at org.springframework.beans.factory.support.AbstractAutowireCapableBeanFactory.createBean(AbstractAutowireCapableBeanFactory.java:520)
	at org.springframework.beans.factory.support.AbstractBeanFactory.lambda$doGetBean$0(AbstractBeanFactory.java:325)
	at org.springframework.beans.factory.support.DefaultSingletonBeanRegistry.getSingleton(DefaultSingletonBeanRegistry.java:234)
	at org.springframework.beans.factory.support.AbstractBeanFactory.doGetBean(AbstractBeanFactory.java:323)
	at org.springframework.beans.factory.support.AbstractBeanFactory.getBean(AbstractBeanFactory.java:199)
	at org.springframework.beans.factory.support.DefaultListableBeanFactory.preInstantiateSingletons(DefaultListableBeanFactory.java:973)
	at org.springframework.context.support.AbstractApplicationContext.finishBeanFactoryInitialization(AbstractApplicationContext.java:950)
	at org.springframework.context.support.AbstractApplicationContext.refresh(AbstractApplicationContext.java:616)
	at org.springframework.boot.web.servlet.context.ServletWebServerApplicationContext.refresh(ServletWebServerApplicationContext.java:146)
	at org.springframework.boot.SpringApplication.refresh(SpringApplication.java:738)
	at org.springframework.boot.SpringApplication.refreshContext(SpringApplication.java:440)
	at org.springframework.boot.SpringApplication.run(SpringApplication.java:316)
	at org.springframework.boot.test.context.SpringBootContextLoader.lambda$loadContext$3(SpringBootContextLoader.java:137)
	at org.springframework.util.function.ThrowingSupplier.get(ThrowingSupplier.java:58)
	at org.springframework.util.function.ThrowingSupplier.get(ThrowingSupplier.java:46)
	at org.springframework.boot.SpringApplication.withHook(SpringApplication.java:1406)
	at org.springframework.boot.test.context.SpringBootContextLoader$ContextLoaderHook.run(SpringBootContextLoader.java:545)
	at org.springframework.boot.test.context.SpringBootContextLoader.loadContext(SpringBootContextLoader.java:137)
	at org.springframework.boot.test.context.SpringBootContextLoader.loadContext(SpringBootContextLoader.java:108)
	at org.springframework.test.context.cache.DefaultCacheAwareContextLoaderDelegate.loadContextInternal(DefaultCacheAwareContextLoaderDelegate.java:187)
	at org.springframework.test.context.cache.DefaultCacheAwareContextLoaderDelegate.loadContext(DefaultCacheAwareContextLoaderDelegate.java:119)
	at org.springframework.test.context.support.DefaultTestContext.getApplicationContext(DefaultTestContext.java:127)
	at org.springframework.boot.test.mock.mockito.MockitoTestExecutionListener.postProcessFields(MockitoTestExecutionListener.java:110)
	at org.springframework.boot.test.mock.mockito.MockitoTestExecutionListener.injectFields(MockitoTestExecutionListener.java:94)
	at org.springframework.boot.test.mock.mockito.MockitoTestExecutionListener.prepareTestInstance(MockitoTestExecutionListener.java:61)
	at org.springframework.test.context.TestContextManager.prepareTestInstance(TestContextManager.java:241)
	at org.springframework.test.context.junit.jupiter.SpringExtension.postProcessTestInstance(SpringExtension.java:138)
	at org.junit.jupiter.engine.descriptor.ClassBasedTestDescriptor.lambda$invokeTestInstancePostProcessors$10(ClassBasedTestDescriptor.java:377)
	at org.junit.jupiter.engine.descriptor.ClassBasedTestDescriptor.executeAndMaskThrowable(ClassBasedTestDescriptor.java:382)
	at org.junit.jupiter.engine.descriptor.ClassBasedTestDescriptor.lambda$invokeTestInstancePostProcessors$11(ClassBasedTestDescriptor.java:377)
	at java.base/java.util.stream.ReferencePipeline$3$1.accept(ReferencePipeline.java:197)
	at java.base/java.util.stream.ReferencePipeline$2$1.accept(ReferencePipeline.java:179)
	at java.base/java.util.ArrayList$ArrayListSpliterator.forEachRemaining(ArrayList.java:1625)
	at java.base/java.util.stream.AbstractPipeline.copyInto(AbstractPipeline.java:509)
	at java.base/java.util.stream.AbstractPipeline.wrapAndCopyInto(AbstractPipeline.java:499)
	at java.base/java.util.stream.StreamSpliterators$WrappingSpliterator.forEachRemaining(StreamSpliterators.java:310)
	at java.base/java.util.stream.Streams$ConcatSpliterator.forEachRemaining(Streams.java:735)
	at java.base/java.util.stream.Streams$ConcatSpliterator.forEachRemaining(Streams.java:734)
	at java.base/java.util.stream.ReferencePipeline$Head.forEach(ReferencePipeline.java:762)
	at org.junit.jupiter.engine.descriptor.ClassBasedTestDescriptor.invokeTestInstancePostProcessors(ClassBasedTestDescriptor.java:376)
	at org.junit.jupiter.engine.descriptor.ClassBasedTestDescriptor.lambda$instantiateAndPostProcessTestInstance$6(ClassBasedTestDescriptor.java:289)
	at org.junit.platform.engine.support.hierarchical.ThrowableCollector.execute(ThrowableCollector.java:73)
	at org.junit.jupiter.engine.descriptor.ClassBasedTestDescriptor.instantiateAndPostProcessTestInstance(ClassBasedTestDescriptor.java:288)
	at org.junit.jupiter.engine.descriptor.ClassBasedTestDescriptor.lambda$testInstancesProvider$4(ClassBasedTestDescriptor.java:278)
	at java.base/java.util.Optional.orElseGet(Optional.java:364)
	at org.junit.jupiter.engine.descriptor.ClassBasedTestDescriptor.lambda$testInstancesProvider$5(ClassBasedTestDescriptor.java:277)
	at org.junit.jupiter.engine.execution.TestInstancesProvider.getTestInstances(TestInstancesProvider.java:31)
	at org.junit.jupiter.engine.descriptor.TestMethodTestDescriptor.lambda$prepare$0(TestMethodTestDescriptor.java:105)
	at org.junit.platform.engine.support.hierarchical.ThrowableCollector.execute(ThrowableCollector.java:73)
	at org.junit.jupiter.engine.descriptor.TestMethodTestDescriptor.prepare(TestMethodTestDescriptor.java:104)
	at org.junit.jupiter.engine.descriptor.TestMethodTestDescriptor.prepare(TestMethodTestDescriptor.java:68)
	at org.junit.platform.engine.support.hierarchical.NodeTestTask.lambda$prepare$2(NodeTestTask.java:123)
	at org.junit.platform.engine.support.hierarchical.ThrowableCollector.execute(ThrowableCollector.java:73)
	at org.junit.platform.engine.support.hierarchical.NodeTestTask.prepare(NodeTestTask.java:123)
	at org.junit.platform.engine.support.hierarchical.NodeTestTask.execute(NodeTestTask.java:90)
	at java.base/java.util.ArrayList.forEach(ArrayList.java:1511)
	at org.junit.platform.engine.support.hierarchical.SameThreadHierarchicalTestExecutorService.invokeAll(SameThreadHierarchicalTestExecutorService.java:41)
	at org.junit.platform.engine.support.hierarchical.NodeTestTask.lambda$executeRecursively$6(NodeTestTask.java:155)
	at org.junit.platform.engine.support.hierarchical.ThrowableCollector.execute(ThrowableCollector.java:73)
	at org.junit.platform.engine.support.hierarchical.NodeTestTask.lambda$executeRecursively$8(NodeTestTask.java:141)
	at org.junit.platform.engine.support.hierarchical.Node.around(Node.java:137)
	at org.junit.platform.engine.support.hierarchical.NodeTestTask.lambda$executeRecursively$9(NodeTestTask.java:139)
	at org.junit.platform.engine.support.hierarchical.ThrowableCollector.execute(ThrowableCollector.java:73)
	at org.junit.platform.engine.support.hierarchical.NodeTestTask.executeRecursively(NodeTestTask.java:138)
	at org.junit.platform.engine.support.hierarchical.NodeTestTask.execute(NodeTestTask.java:95)
	at java.base/java.util.ArrayList.forEach(ArrayList.java:1511)
	at org.junit.platform.engine.support.hierarchical.SameThreadHierarchicalTestExecutorService.invokeAll(SameThreadHierarchicalTestExecutorService.java:41)
	at org.junit.platform.engine.support.hierarchical.NodeTestTask.lambda$executeRecursively$6(NodeTestTask.java:155)
	at org.junit.platform.engine.support.hierarchical.ThrowableCollector.execute(ThrowableCollector.java:73)
	at org.junit.platform.engine.support.hierarchical.NodeTestTask.lambda$executeRecursively$8(NodeTestTask.java:141)
	at org.junit.platform.engine.support.hierarchical.Node.around(Node.java:137)
	at org.junit.platform.engine.support.hierarchical.NodeTestTask.lambda$executeRecursively$9(NodeTestTask.java:139)
	at org.junit.platform.engine.support.hierarchical.ThrowableCollector.execute(ThrowableCollector.java:73)
	at org.junit.platform.engine.support.hierarchical.NodeTestTask.executeRecursively(NodeTestTask.java:138)
	at org.junit.platform.engine.support.hierarchical.NodeTestTask.execute(NodeTestTask.java:95)
	at org.junit.platform.engine.support.hierarchical.SameThreadHierarchicalTestExecutorService.submit(SameThreadHierarchicalTestExecutorService.java:35)
	at org.junit.platform.engine.support.hierarchical.HierarchicalTestExecutor.execute(HierarchicalTestExecutor.java:57)
	at org.junit.platform.engine.support.hierarchical.HierarchicalTestEngine.execute(HierarchicalTestEngine.java:54)
	at org.junit.platform.launcher.core.EngineExecutionOrchestrator.execute(EngineExecutionOrchestrator.java:147)
	at org.junit.platform.launcher.core.EngineExecutionOrchestrator.execute(EngineExecutionOrchestrator.java:127)
	at org.junit.platform.launcher.core.EngineExecutionOrchestrator.execute(EngineExecutionOrchestrator.java:90)
	at org.junit.platform.launcher.core.EngineExecutionOrchestrator.lambda$execute$0(EngineExecutionOrchestrator.java:55)
	at org.junit.platform.launcher.core.EngineExecutionOrchestrator.withInterceptedStreams(EngineExecutionOrchestrator.java:102)
	at org.junit.platform.launcher.core.EngineExecutionOrchestrator.execute(EngineExecutionOrchestrator.java:54)
	at org.junit.platform.launcher.core.DefaultLauncher.execute(DefaultLauncher.java:114)
	at org.junit.platform.launcher.core.DefaultLauncher.execute(DefaultLauncher.java:86)
	at org.junit.platform.launcher.core.DefaultLauncherSession$DelegatingLauncher.execute(DefaultLauncherSession.java:86)
	at org.apache.maven.surefire.junitplatform.LazyLauncher.execute(LazyLauncher.java:50)
	at org.apache.maven.surefire.junitplatform.JUnitPlatformProvider.execute(JUnitPlatformProvider.java:184)
	at org.apache.maven.surefire.junitplatform.JUnitPlatformProvider.invokeAllTests(JUnitPlatformProvider.java:148)
	at org.apache.maven.surefire.junitplatform.JUnitPlatformProvider.invoke(JUnitPlatformProvider.java:122)
	at org.apache.maven.surefire.booter.ForkedBooter.runSuitesInProcess(ForkedBooter.java:385)
	at org.apache.maven.surefire.booter.ForkedBooter.execute(ForkedBooter.java:162)
	at org.apache.maven.surefire.booter.ForkedBooter.run(ForkedBooter.java:507)
	at org.apache.maven.surefire.booter.ForkedBooter.main(ForkedBooter.java:495)
2023-11-24 12:36:45,033 TRACE o.h.i.SessionImpl [SessionImpl.java:402] Closing session [c1790fe4-4ee5-4d21-baef-15baf2d3516d]
2023-11-24 12:36:45,033 TRACE o.h.e.j.i.JdbcCoordinatorImpl [JdbcCoordinatorImpl.java:152] Closing JDBC container [org.hibernate.engine.jdbc.internal.JdbcCoordinatorImpl@9c50957]
2023-11-24 12:36:45,034 TRACE o.h.r.j.i.ResourceRegistryStandardImpl [ResourceRegistryStandardImpl.java:329] Releasing JDBC resources
2023-11-24 12:36:45,034 TRACE o.h.r.j.i.LogicalConnectionManagedImpl [LogicalConnectionManagedImpl.java:256] Closing logical connection
2023-11-24 12:36:45,034 TRACE o.h.r.j.i.LogicalConnectionManagedImpl [LogicalConnectionManagedImpl.java:263] Logical connection closed
2023-11-24 12:36:45,034 TRACE o.h.i.SessionFactoryImpl$SessionBuilderImpl [SessionFactoryImpl.java:1298] Opening Hibernate Session.  tenant=null
2023-11-24 12:36:45,034 TRACE o.h.i.SessionImpl [SessionImpl.java:262] Opened Session [781cdc22-e60e-4115-9d65-f5a31d3ec76f] at timestamp: 1700825805034
2023-11-24 12:36:45,035 TRACE o.h.i.SessionImpl [SessionImpl.java:402] Closing session [781cdc22-e60e-4115-9d65-f5a31d3ec76f]
2023-11-24 12:36:45,035 TRACE o.h.e.j.i.JdbcCoordinatorImpl [JdbcCoordinatorImpl.java:152] Closing JDBC container [org.hibernate.engine.jdbc.internal.JdbcCoordinatorImpl@64bddecd]
2023-11-24 12:36:45,035 TRACE o.h.r.j.i.ResourceRegistryStandardImpl [ResourceRegistryStandardImpl.java:329] Releasing JDBC resources
2023-11-24 12:36:45,035 TRACE o.h.r.j.i.LogicalConnectionManagedImpl [LogicalConnectionManagedImpl.java:256] Closing logical connection
2023-11-24 12:36:45,035 TRACE o.h.r.j.i.LogicalConnectionManagedImpl [LogicalConnectionManagedImpl.java:263] Logical connection closed
2023-11-24 12:36:45,040 TRACE o.h.i.SessionFactoryImpl$SessionBuilderImpl [SessionFactoryImpl.java:1298] Opening Hibernate Session.  tenant=null
2023-11-24 12:36:45,040 TRACE o.h.i.SessionImpl [SessionImpl.java:262] Opened Session [c57b0ea2-d7ad-4f42-8860-fa1145cb2906] at timestamp: 1700825805040
2023-11-24 12:36:45,041 TRACE o.h.i.SessionImpl [SessionImpl.java:402] Closing session [c57b0ea2-d7ad-4f42-8860-fa1145cb2906]
2023-11-24 12:36:45,041 TRACE o.h.e.j.i.JdbcCoordinatorImpl [JdbcCoordinatorImpl.java:152] Closing JDBC container [org.hibernate.engine.jdbc.internal.JdbcCoordinatorImpl@17862b3]
2023-11-24 12:36:45,041 TRACE o.h.r.j.i.ResourceRegistryStandardImpl [ResourceRegistryStandardImpl.java:329] Releasing JDBC resources
2023-11-24 12:36:45,041 TRACE o.h.r.j.i.LogicalConnectionManagedImpl [LogicalConnectionManagedImpl.java:256] Closing logical connection
2023-11-24 12:36:45,041 TRACE o.h.r.j.i.LogicalConnectionManagedImpl [LogicalConnectionManagedImpl.java:263] Logical connection closed
2023-11-24 12:36:45,045 TRACE o.h.i.SessionFactoryImpl$SessionBuilderImpl [SessionFactoryImpl.java:1298] Opening Hibernate Session.  tenant=null
2023-11-24 12:36:45,045 TRACE o.h.i.SessionImpl [SessionImpl.java:262] Opened Session [ce2a9b28-7b3f-4e0a-a969-d496070cc6c5] at timestamp: 1700825805045
2023-11-24 12:36:45,045 TRACE o.h.i.SessionImpl [SessionImpl.java:402] Closing session [ce2a9b28-7b3f-4e0a-a969-d496070cc6c5]
2023-11-24 12:36:45,046 TRACE o.h.e.j.i.JdbcCoordinatorImpl [JdbcCoordinatorImpl.java:152] Closing JDBC container [org.hibernate.engine.jdbc.internal.JdbcCoordinatorImpl@191f0ed7]
2023-11-24 12:36:45,046 TRACE o.h.r.j.i.ResourceRegistryStandardImpl [ResourceRegistryStandardImpl.java:329] Releasing JDBC resources
2023-11-24 12:36:45,046 TRACE o.h.r.j.i.LogicalConnectionManagedImpl [LogicalConnectionManagedImpl.java:256] Closing logical connection
2023-11-24 12:36:45,046 TRACE o.h.r.j.i.LogicalConnectionManagedImpl [LogicalConnectionManagedImpl.java:263] Logical connection closed
2023-11-24 12:36:45,053 TRACE o.h.i.SessionFactoryImpl$SessionBuilderImpl [SessionFactoryImpl.java:1298] Opening Hibernate Session.  tenant=null
2023-11-24 12:36:45,054 TRACE o.h.i.SessionImpl [SessionImpl.java:262] Opened Session [8c43a9ee-030f-4f6d-b357-675b84c51f77] at timestamp: 1700825805054
2023-11-24 12:36:45,054 DEBUG o.h.r.t.b.j.i.JdbcResourceLocalTransactionCoordinatorImpl [JdbcResourceLocalTransactionCoordinatorImpl.java:310] JDBC transaction marked for rollback-only (exception provided for stack trace)
java.lang.Exception: exception just for purpose of providing stack trace
	at org.hibernate.resource.transaction.backend.jdbc.internal.JdbcResourceLocalTransactionCoordinatorImpl$TransactionDriverControlImpl.markRollbackOnly(JdbcResourceLocalTransactionCoordinatorImpl.java:310)
	at org.hibernate.internal.AbstractSharedSessionContract.buildNamedQuery(AbstractSharedSessionContract.java:1021)
	at org.hibernate.internal.AbstractSharedSessionContract.createNamedQuery(AbstractSharedSessionContract.java:899)
	at org.hibernate.internal.AbstractSharedSessionContract.createNamedQuery(AbstractSharedSessionContract.java:120)
	at jdk.internal.reflect.GeneratedMethodAccessor47.invoke(Unknown Source)
	at java.base/jdk.internal.reflect.DelegatingMethodAccessorImpl.invoke(DelegatingMethodAccessorImpl.java:43)
	at java.base/java.lang.reflect.Method.invoke(Method.java:568)
	at org.springframework.orm.jpa.ExtendedEntityManagerCreator$ExtendedEntityManagerInvocationHandler.invoke(ExtendedEntityManagerCreator.java:360)
	at jdk.proxy2/jdk.proxy2.$Proxy191.createNamedQuery(Unknown Source)
	at org.springframework.data.jpa.repository.query.NamedQuery.hasNamedQuery(NamedQuery.java:113)
	at org.springframework.data.jpa.repository.query.NamedQuery.lookupFrom(NamedQuery.java:141)
	at org.springframework.data.jpa.repository.query.JpaQueryLookupStrategy$DeclaredQueryLookupStrategy.resolveQuery(JpaQueryLookupStrategy.java:180)
	at org.springframework.data.jpa.repository.query.JpaQueryLookupStrategy$CreateIfNotFoundQueryLookupStrategy.resolveQuery(JpaQueryLookupStrategy.java:252)
	at org.springframework.data.jpa.repository.query.JpaQueryLookupStrategy$AbstractQueryLookupStrategy.resolveQuery(JpaQueryLookupStrategy.java:95)
	at org.springframework.data.repository.core.support.QueryExecutorMethodInterceptor.lookupQuery(QueryExecutorMethodInterceptor.java:111)
	at org.springframework.data.repository.core.support.QueryExecutorMethodInterceptor.mapMethodsToQuery(QueryExecutorMethodInterceptor.java:99)
	at org.springframework.data.repository.core.support.QueryExecutorMethodInterceptor.lambda$new$0(QueryExecutorMethodInterceptor.java:88)
	at java.base/java.util.Optional.map(Optional.java:260)
	at org.springframework.data.repository.core.support.QueryExecutorMethodInterceptor.<init>(QueryExecutorMethodInterceptor.java:88)
	at org.springframework.data.repository.core.support.RepositoryFactorySupport.getRepository(RepositoryFactorySupport.java:357)
	at org.springframework.data.repository.core.support.RepositoryFactoryBeanSupport.lambda$afterPropertiesSet$5(RepositoryFactoryBeanSupport.java:279)
	at org.springframework.data.util.Lazy.getNullable(Lazy.java:245)
	at org.springframework.data.util.Lazy.get(Lazy.java:114)
	at org.springframework.data.repository.core.support.RepositoryFactoryBeanSupport.afterPropertiesSet(RepositoryFactoryBeanSupport.java:285)
	at org.springframework.data.jpa.repository.support.JpaRepositoryFactoryBean.afterPropertiesSet(JpaRepositoryFactoryBean.java:132)
	at org.springframework.beans.factory.support.AbstractAutowireCapableBeanFactory.invokeInitMethods(AbstractAutowireCapableBeanFactory.java:1817)
	at org.springframework.beans.factory.support.AbstractAutowireCapableBeanFactory.initializeBean(AbstractAutowireCapableBeanFactory.java:1766)
	at org.springframework.beans.factory.support.AbstractAutowireCapableBeanFactory.doCreateBean(AbstractAutowireCapableBeanFactory.java:598)
	at org.springframework.beans.factory.support.AbstractAutowireCapableBeanFactory.createBean(AbstractAutowireCapableBeanFactory.java:520)
	at org.springframework.beans.factory.support.AbstractBeanFactory.lambda$doGetBean$0(AbstractBeanFactory.java:325)
	at org.springframework.beans.factory.support.DefaultSingletonBeanRegistry.getSingleton(DefaultSingletonBeanRegistry.java:234)
	at org.springframework.beans.factory.support.AbstractBeanFactory.doGetBean(AbstractBeanFactory.java:323)
	at org.springframework.beans.factory.support.AbstractBeanFactory.getBean(AbstractBeanFactory.java:199)
	at org.springframework.beans.factory.config.DependencyDescriptor.resolveCandidate(DependencyDescriptor.java:254)
	at org.springframework.beans.factory.support.DefaultListableBeanFactory.doResolveDependency(DefaultListableBeanFactory.java:1417)
	at org.springframework.beans.factory.support.DefaultListableBeanFactory.resolveDependency(DefaultListableBeanFactory.java:1337)
	at org.springframework.beans.factory.annotation.AutowiredAnnotationBeanPostProcessor$AutowiredFieldElement.resolveFieldValue(AutowiredAnnotationBeanPostProcessor.java:764)
	at org.springframework.beans.factory.annotation.AutowiredAnnotationBeanPostProcessor$AutowiredFieldElement.inject(AutowiredAnnotationBeanPostProcessor.java:747)
	at org.springframework.beans.factory.annotation.InjectionMetadata.inject(InjectionMetadata.java:145)
	at org.springframework.beans.factory.annotation.AutowiredAnnotationBeanPostProcessor.postProcessProperties(AutowiredAnnotationBeanPostProcessor.java:492)
	at org.springframework.beans.factory.support.AbstractAutowireCapableBeanFactory.populateBean(AbstractAutowireCapableBeanFactory.java:1416)
	at org.springframework.beans.factory.support.AbstractAutowireCapableBeanFactory.doCreateBean(AbstractAutowireCapableBeanFactory.java:597)
	at org.springframework.beans.factory.support.AbstractAutowireCapableBeanFactory.createBean(AbstractAutowireCapableBeanFactory.java:520)
	at org.springframework.beans.factory.support.AbstractBeanFactory.lambda$doGetBean$0(AbstractBeanFactory.java:325)
	at org.springframework.beans.factory.support.DefaultSingletonBeanRegistry.getSingleton(DefaultSingletonBeanRegistry.java:234)
	at org.springframework.beans.factory.support.AbstractBeanFactory.doGetBean(AbstractBeanFactory.java:323)
	at org.springframework.beans.factory.support.AbstractBeanFactory.getBean(AbstractBeanFactory.java:199)
	at org.springframework.beans.factory.support.DefaultListableBeanFactory.preInstantiateSingletons(DefaultListableBeanFactory.java:973)
	at org.springframework.context.support.AbstractApplicationContext.finishBeanFactoryInitialization(AbstractApplicationContext.java:950)
	at org.springframework.context.support.AbstractApplicationContext.refresh(AbstractApplicationContext.java:616)
	at org.springframework.boot.web.servlet.context.ServletWebServerApplicationContext.refresh(ServletWebServerApplicationContext.java:146)
	at org.springframework.boot.SpringApplication.refresh(SpringApplication.java:738)
	at org.springframework.boot.SpringApplication.refreshContext(SpringApplication.java:440)
	at org.springframework.boot.SpringApplication.run(SpringApplication.java:316)
	at org.springframework.boot.test.context.SpringBootContextLoader.lambda$loadContext$3(SpringBootContextLoader.java:137)
	at org.springframework.util.function.ThrowingSupplier.get(ThrowingSupplier.java:58)
	at org.springframework.util.function.ThrowingSupplier.get(ThrowingSupplier.java:46)
	at org.springframework.boot.SpringApplication.withHook(SpringApplication.java:1406)
	at org.springframework.boot.test.context.SpringBootContextLoader$ContextLoaderHook.run(SpringBootContextLoader.java:545)
	at org.springframework.boot.test.context.SpringBootContextLoader.loadContext(SpringBootContextLoader.java:137)
	at org.springframework.boot.test.context.SpringBootContextLoader.loadContext(SpringBootContextLoader.java:108)
	at org.springframework.test.context.cache.DefaultCacheAwareContextLoaderDelegate.loadContextInternal(DefaultCacheAwareContextLoaderDelegate.java:187)
	at org.springframework.test.context.cache.DefaultCacheAwareContextLoaderDelegate.loadContext(DefaultCacheAwareContextLoaderDelegate.java:119)
	at org.springframework.test.context.support.DefaultTestContext.getApplicationContext(DefaultTestContext.java:127)
	at org.springframework.boot.test.mock.mockito.MockitoTestExecutionListener.postProcessFields(MockitoTestExecutionListener.java:110)
	at org.springframework.boot.test.mock.mockito.MockitoTestExecutionListener.injectFields(MockitoTestExecutionListener.java:94)
	at org.springframework.boot.test.mock.mockito.MockitoTestExecutionListener.prepareTestInstance(MockitoTestExecutionListener.java:61)
	at org.springframework.test.context.TestContextManager.prepareTestInstance(TestContextManager.java:241)
	at org.springframework.test.context.junit.jupiter.SpringExtension.postProcessTestInstance(SpringExtension.java:138)
	at org.junit.jupiter.engine.descriptor.ClassBasedTestDescriptor.lambda$invokeTestInstancePostProcessors$10(ClassBasedTestDescriptor.java:377)
	at org.junit.jupiter.engine.descriptor.ClassBasedTestDescriptor.executeAndMaskThrowable(ClassBasedTestDescriptor.java:382)
	at org.junit.jupiter.engine.descriptor.ClassBasedTestDescriptor.lambda$invokeTestInstancePostProcessors$11(ClassBasedTestDescriptor.java:377)
	at java.base/java.util.stream.ReferencePipeline$3$1.accept(ReferencePipeline.java:197)
	at java.base/java.util.stream.ReferencePipeline$2$1.accept(ReferencePipeline.java:179)
	at java.base/java.util.ArrayList$ArrayListSpliterator.forEachRemaining(ArrayList.java:1625)
	at java.base/java.util.stream.AbstractPipeline.copyInto(AbstractPipeline.java:509)
	at java.base/java.util.stream.AbstractPipeline.wrapAndCopyInto(AbstractPipeline.java:499)
	at java.base/java.util.stream.StreamSpliterators$WrappingSpliterator.forEachRemaining(StreamSpliterators.java:310)
	at java.base/java.util.stream.Streams$ConcatSpliterator.forEachRemaining(Streams.java:735)
	at java.base/java.util.stream.Streams$ConcatSpliterator.forEachRemaining(Streams.java:734)
	at java.base/java.util.stream.ReferencePipeline$Head.forEach(ReferencePipeline.java:762)
	at org.junit.jupiter.engine.descriptor.ClassBasedTestDescriptor.invokeTestInstancePostProcessors(ClassBasedTestDescriptor.java:376)
	at org.junit.jupiter.engine.descriptor.ClassBasedTestDescriptor.lambda$instantiateAndPostProcessTestInstance$6(ClassBasedTestDescriptor.java:289)
	at org.junit.platform.engine.support.hierarchical.ThrowableCollector.execute(ThrowableCollector.java:73)
	at org.junit.jupiter.engine.descriptor.ClassBasedTestDescriptor.instantiateAndPostProcessTestInstance(ClassBasedTestDescriptor.java:288)
	at org.junit.jupiter.engine.descriptor.ClassBasedTestDescriptor.lambda$testInstancesProvider$4(ClassBasedTestDescriptor.java:278)
	at java.base/java.util.Optional.orElseGet(Optional.java:364)
	at org.junit.jupiter.engine.descriptor.ClassBasedTestDescriptor.lambda$testInstancesProvider$5(ClassBasedTestDescriptor.java:277)
	at org.junit.jupiter.engine.execution.TestInstancesProvider.getTestInstances(TestInstancesProvider.java:31)
	at org.junit.jupiter.engine.descriptor.TestMethodTestDescriptor.lambda$prepare$0(TestMethodTestDescriptor.java:105)
	at org.junit.platform.engine.support.hierarchical.ThrowableCollector.execute(ThrowableCollector.java:73)
	at org.junit.jupiter.engine.descriptor.TestMethodTestDescriptor.prepare(TestMethodTestDescriptor.java:104)
	at org.junit.jupiter.engine.descriptor.TestMethodTestDescriptor.prepare(TestMethodTestDescriptor.java:68)
	at org.junit.platform.engine.support.hierarchical.NodeTestTask.lambda$prepare$2(NodeTestTask.java:123)
	at org.junit.platform.engine.support.hierarchical.ThrowableCollector.execute(ThrowableCollector.java:73)
	at org.junit.platform.engine.support.hierarchical.NodeTestTask.prepare(NodeTestTask.java:123)
	at org.junit.platform.engine.support.hierarchical.NodeTestTask.execute(NodeTestTask.java:90)
	at java.base/java.util.ArrayList.forEach(ArrayList.java:1511)
	at org.junit.platform.engine.support.hierarchical.SameThreadHierarchicalTestExecutorService.invokeAll(SameThreadHierarchicalTestExecutorService.java:41)
	at org.junit.platform.engine.support.hierarchical.NodeTestTask.lambda$executeRecursively$6(NodeTestTask.java:155)
	at org.junit.platform.engine.support.hierarchical.ThrowableCollector.execute(ThrowableCollector.java:73)
	at org.junit.platform.engine.support.hierarchical.NodeTestTask.lambda$executeRecursively$8(NodeTestTask.java:141)
	at org.junit.platform.engine.support.hierarchical.Node.around(Node.java:137)
	at org.junit.platform.engine.support.hierarchical.NodeTestTask.lambda$executeRecursively$9(NodeTestTask.java:139)
	at org.junit.platform.engine.support.hierarchical.ThrowableCollector.execute(ThrowableCollector.java:73)
	at org.junit.platform.engine.support.hierarchical.NodeTestTask.executeRecursively(NodeTestTask.java:138)
	at org.junit.platform.engine.support.hierarchical.NodeTestTask.execute(NodeTestTask.java:95)
	at java.base/java.util.ArrayList.forEach(ArrayList.java:1511)
	at org.junit.platform.engine.support.hierarchical.SameThreadHierarchicalTestExecutorService.invokeAll(SameThreadHierarchicalTestExecutorService.java:41)
	at org.junit.platform.engine.support.hierarchical.NodeTestTask.lambda$executeRecursively$6(NodeTestTask.java:155)
	at org.junit.platform.engine.support.hierarchical.ThrowableCollector.execute(ThrowableCollector.java:73)
	at org.junit.platform.engine.support.hierarchical.NodeTestTask.lambda$executeRecursively$8(NodeTestTask.java:141)
	at org.junit.platform.engine.support.hierarchical.Node.around(Node.java:137)
	at org.junit.platform.engine.support.hierarchical.NodeTestTask.lambda$executeRecursively$9(NodeTestTask.java:139)
	at org.junit.platform.engine.support.hierarchical.ThrowableCollector.execute(ThrowableCollector.java:73)
	at org.junit.platform.engine.support.hierarchical.NodeTestTask.executeRecursively(NodeTestTask.java:138)
	at org.junit.platform.engine.support.hierarchical.NodeTestTask.execute(NodeTestTask.java:95)
	at org.junit.platform.engine.support.hierarchical.SameThreadHierarchicalTestExecutorService.submit(SameThreadHierarchicalTestExecutorService.java:35)
	at org.junit.platform.engine.support.hierarchical.HierarchicalTestExecutor.execute(HierarchicalTestExecutor.java:57)
	at org.junit.platform.engine.support.hierarchical.HierarchicalTestEngine.execute(HierarchicalTestEngine.java:54)
	at org.junit.platform.launcher.core.EngineExecutionOrchestrator.execute(EngineExecutionOrchestrator.java:147)
	at org.junit.platform.launcher.core.EngineExecutionOrchestrator.execute(EngineExecutionOrchestrator.java:127)
	at org.junit.platform.launcher.core.EngineExecutionOrchestrator.execute(EngineExecutionOrchestrator.java:90)
	at org.junit.platform.launcher.core.EngineExecutionOrchestrator.lambda$execute$0(EngineExecutionOrchestrator.java:55)
	at org.junit.platform.launcher.core.EngineExecutionOrchestrator.withInterceptedStreams(EngineExecutionOrchestrator.java:102)
	at org.junit.platform.launcher.core.EngineExecutionOrchestrator.execute(EngineExecutionOrchestrator.java:54)
	at org.junit.platform.launcher.core.DefaultLauncher.execute(DefaultLauncher.java:114)
	at org.junit.platform.launcher.core.DefaultLauncher.execute(DefaultLauncher.java:86)
	at org.junit.platform.launcher.core.DefaultLauncherSession$DelegatingLauncher.execute(DefaultLauncherSession.java:86)
	at org.apache.maven.surefire.junitplatform.LazyLauncher.execute(LazyLauncher.java:50)
	at org.apache.maven.surefire.junitplatform.JUnitPlatformProvider.execute(JUnitPlatformProvider.java:184)
	at org.apache.maven.surefire.junitplatform.JUnitPlatformProvider.invokeAllTests(JUnitPlatformProvider.java:148)
	at org.apache.maven.surefire.junitplatform.JUnitPlatformProvider.invoke(JUnitPlatformProvider.java:122)
	at org.apache.maven.surefire.booter.ForkedBooter.runSuitesInProcess(ForkedBooter.java:385)
	at org.apache.maven.surefire.booter.ForkedBooter.execute(ForkedBooter.java:162)
	at org.apache.maven.surefire.booter.ForkedBooter.run(ForkedBooter.java:507)
	at org.apache.maven.surefire.booter.ForkedBooter.main(ForkedBooter.java:495)
2023-11-24 12:36:45,055 TRACE o.h.i.SessionImpl [SessionImpl.java:402] Closing session [8c43a9ee-030f-4f6d-b357-675b84c51f77]
2023-11-24 12:36:45,055 TRACE o.h.e.j.i.JdbcCoordinatorImpl [JdbcCoordinatorImpl.java:152] Closing JDBC container [org.hibernate.engine.jdbc.internal.JdbcCoordinatorImpl@5cc0ad83]
2023-11-24 12:36:45,055 TRACE o.h.r.j.i.ResourceRegistryStandardImpl [ResourceRegistryStandardImpl.java:329] Releasing JDBC resources
2023-11-24 12:36:45,055 TRACE o.h.r.j.i.LogicalConnectionManagedImpl [LogicalConnectionManagedImpl.java:256] Closing logical connection
2023-11-24 12:36:45,055 TRACE o.h.r.j.i.LogicalConnectionManagedImpl [LogicalConnectionManagedImpl.java:263] Logical connection closed
2023-11-24 12:36:45,055 TRACE o.h.i.SessionFactoryImpl$SessionBuilderImpl [SessionFactoryImpl.java:1298] Opening Hibernate Session.  tenant=null
2023-11-24 12:36:45,056 TRACE o.h.i.SessionImpl [SessionImpl.java:262] Opened Session [8008e5cd-990d-40ff-b047-514915f5113e] at timestamp: 1700825805056
2023-11-24 12:36:45,056 TRACE o.h.i.SessionImpl [SessionImpl.java:402] Closing session [8008e5cd-990d-40ff-b047-514915f5113e]
2023-11-24 12:36:45,056 TRACE o.h.e.j.i.JdbcCoordinatorImpl [JdbcCoordinatorImpl.java:152] Closing JDBC container [org.hibernate.engine.jdbc.internal.JdbcCoordinatorImpl@3dc8697a]
2023-11-24 12:36:45,056 TRACE o.h.r.j.i.ResourceRegistryStandardImpl [ResourceRegistryStandardImpl.java:329] Releasing JDBC resources
2023-11-24 12:36:45,056 TRACE o.h.r.j.i.LogicalConnectionManagedImpl [LogicalConnectionManagedImpl.java:256] Closing logical connection
2023-11-24 12:36:45,057 TRACE o.h.r.j.i.LogicalConnectionManagedImpl [LogicalConnectionManagedImpl.java:263] Logical connection closed
2023-11-24 12:36:45,089 INFO f.m.h.d.c.ApplicationSecurityConfig [ApplicationSecurityConfig.java:70] a XXXXXXXXXXXXXXX:org.springframework.boot.autoconfigure.security.servlet.PathRequest$H2ConsoleRequestMatcher@3ab8884f
2023-11-24 12:36:45,215 DEBUG o.h.v.m.ResourceBundleMessageInterpolator [ResourceBundleMessageInterpolator.java:175] Loaded expression factory via original TCCL
2023-11-24 12:36:45,216 DEBUG o.h.v.i.e.AbstractConfigurationImpl [AbstractConfigurationImpl.java:176] Setting custom MessageInterpolator of type org.springframework.validation.beanvalidation.LocaleContextMessageInterpolator
2023-11-24 12:36:45,216 DEBUG o.h.v.i.e.AbstractConfigurationImpl [AbstractConfigurationImpl.java:208] Setting custom ConstraintValidatorFactory of type org.springframework.validation.beanvalidation.SpringConstraintValidatorFactory
2023-11-24 12:36:45,217 DEBUG o.h.v.i.x.c.ValidationXmlParser [ValidationXmlParser.java:122] Trying to load META-INF/validation.xml for XML based Validator configuration.
2023-11-24 12:36:45,217 DEBUG o.h.v.i.x.c.ResourceLoaderHelper [ResourceLoaderHelper.java:54] Trying to load META-INF/validation.xml via user class loader
2023-11-24 12:36:45,217 DEBUG o.h.v.i.x.c.ResourceLoaderHelper [ResourceLoaderHelper.java:61] Trying to load META-INF/validation.xml via TCCL
2023-11-24 12:36:45,217 DEBUG o.h.v.i.x.c.ResourceLoaderHelper [ResourceLoaderHelper.java:67] Trying to load META-INF/validation.xml via Hibernate Validator's class loader
2023-11-24 12:36:45,217 DEBUG o.h.v.i.x.c.ValidationXmlParser [ValidationXmlParser.java:129] No META-INF/validation.xml found. Using annotation based configuration only.
2023-11-24 12:36:45,217 DEBUG o.h.v.i.e.r.TraversableResolvers [TraversableResolvers.java:94] Found jakarta.persistence.Persistence on classpath containing 'getPersistenceUtil'. Assuming JPA 2 environment. Trying to instantiate JPA aware TraversableResolver
2023-11-24 12:36:45,218 DEBUG o.h.v.i.e.r.TraversableResolvers [TraversableResolvers.java:104] Instantiated JPA aware TraversableResolver of type org.hibernate.validator.internal.engine.resolver.JPATraversableResolver.
2023-11-24 12:36:45,218 DEBUG o.h.v.i.e.ValidatorFactoryConfigurationHelper [ValidatorFactoryConfigurationHelper.java:355] HV000252: Using org.hibernate.validator.internal.engine.DefaultPropertyNodeNameProvider as property node name provider.
2023-11-24 12:36:45,219 DEBUG o.h.v.i.e.ValidatorFactoryConfigurationHelper [ValidatorFactoryConfigurationHelper.java:447] HV000234: Using org.springframework.validation.beanvalidation.LocaleContextMessageInterpolator as ValidatorFactory-scoped message interpolator.
2023-11-24 12:36:45,219 DEBUG o.h.v.i.e.ValidatorFactoryConfigurationHelper [ValidatorFactoryConfigurationHelper.java:448] HV000234: Using org.hibernate.validator.internal.engine.resolver.JPATraversableResolver as ValidatorFactory-scoped traversable resolver.
2023-11-24 12:36:45,219 DEBUG o.h.v.i.e.ValidatorFactoryConfigurationHelper [ValidatorFactoryConfigurationHelper.java:449] HV000234: Using org.hibernate.validator.internal.util.ExecutableParameterNameProvider as ValidatorFactory-scoped parameter name provider.
2023-11-24 12:36:45,219 DEBUG o.h.v.i.e.ValidatorFactoryConfigurationHelper [ValidatorFactoryConfigurationHelper.java:450] HV000234: Using org.hibernate.validator.internal.engine.DefaultClockProvider as ValidatorFactory-scoped clock provider.
2023-11-24 12:36:45,219 DEBUG o.h.v.i.e.ValidatorFactoryConfigurationHelper [ValidatorFactoryConfigurationHelper.java:451] HV000234: Using org.hibernate.validator.internal.engine.scripting.DefaultScriptEvaluatorFactory as ValidatorFactory-scoped script evaluator factory.
]]></system-out>
    <system-err><![CDATA[Nov 24, 2023 12:36:43 PM org.apache.coyote.AbstractProtocol init
INFO: Initializing ProtocolHandler ["http-nio-auto-2"]
Nov 24, 2023 12:36:43 PM org.apache.catalina.core.StandardService startInternal
INFO: Starting service [Tomcat]
Nov 24, 2023 12:36:43 PM org.apache.catalina.core.StandardEngine startInternal
INFO: Starting Servlet engine: [Apache Tomcat/10.1.15]
Nov 24, 2023 12:36:43 PM org.apache.catalina.core.ApplicationContext log
INFO: Initializing Spring embedded WebApplicationContext
Nov 24, 2023 12:36:45 PM org.apache.coyote.AbstractProtocol start
INFO: Starting ProtocolHandler ["http-nio-auto-2"]
]]></system-err>
  </testcase>
</testsuite>