<?xml version="1.0" encoding="UTF-8"?>
<testsuite xmlns:xsi="http://www.w3.org/2001/XMLSchema-instance" xsi:noNamespaceSchemaLocation="https://maven.apache.org/surefire/maven-surefire-plugin/xsd/surefire-test-report-3.0.xsd" version="3.0" name="franco.maurizio.hr.desk.com.unit.backend.UserControllerTest" time="2.913" tests="8" errors="0" skipped="0" failures="0">
  <properties>
    <property name="java.specification.version" value="17"/>
    <property name="sun.jnu.encoding" value="UTF-8"/>
    <property name="java.class.path" value="/home/maurizio/git/hr-desk/hr-desk/backend17/target/test-classes:/home/maurizio/git/hr-desk/hr-desk/backend17/target/classes:/home/maurizio/.m2/repository/org/springframework/security/spring-security-test/6.1.5/spring-security-test-6.1.5.jar:/home/maurizio/.m2/repository/org/springframework/security/spring-security-core/6.1.5/spring-security-core-6.1.5.jar:/home/maurizio/.m2/repository/org/springframework/security/spring-security-crypto/6.1.5/spring-security-crypto-6.1.5.jar:/home/maurizio/.m2/repository/org/springframework/spring-beans/6.0.13/spring-beans-6.0.13.jar:/home/maurizio/.m2/repository/org/springframework/spring-context/6.0.13/spring-context-6.0.13.jar:/home/maurizio/.m2/repository/org/springframework/spring-expression/6.0.13/spring-expression-6.0.13.jar:/home/maurizio/.m2/repository/org/springframework/security/spring-security-web/6.1.5/spring-security-web-6.1.5.jar:/home/maurizio/.m2/repository/org/springframework/spring-core/6.0.13/spring-core-6.0.13.jar:/home/maurizio/.m2/repository/org/springframework/spring-jcl/6.0.13/spring-jcl-6.0.13.jar:/home/maurizio/.m2/repository/org/springframework/spring-test/6.0.13/spring-test-6.0.13.jar:/home/maurizio/.m2/repository/org/springframework/boot/spring-boot-starter-tomcat/3.1.5/spring-boot-starter-tomcat-3.1.5.jar:/home/maurizio/.m2/repository/jakarta/annotation/jakarta.annotation-api/2.1.1/jakarta.annotation-api-2.1.1.jar:/home/maurizio/.m2/repository/org/apache/tomcat/embed/tomcat-embed-core/10.1.15/tomcat-embed-core-10.1.15.jar:/home/maurizio/.m2/repository/org/apache/tomcat/embed/tomcat-embed-el/10.1.15/tomcat-embed-el-10.1.15.jar:/home/maurizio/.m2/repository/org/apache/tomcat/embed/tomcat-embed-websocket/10.1.15/tomcat-embed-websocket-10.1.15.jar:/home/maurizio/.m2/repository/org/springframework/boot/spring-boot-starter-web/3.1.5/spring-boot-starter-web-3.1.5.jar:/home/maurizio/.m2/repository/org/springframework/boot/spring-boot-starter-json/3.1.5/spring-boot-starter-json-3.1.5.jar:/home/maurizio/.m2/repository/com/fasterxml/jackson/core/jackson-databind/2.15.3/jackson-databind-2.15.3.jar:/home/maurizio/.m2/repository/com/fasterxml/jackson/core/jackson-annotations/2.15.3/jackson-annotations-2.15.3.jar:/home/maurizio/.m2/repository/com/fasterxml/jackson/core/jackson-core/2.15.3/jackson-core-2.15.3.jar:/home/maurizio/.m2/repository/com/fasterxml/jackson/datatype/jackson-datatype-jdk8/2.15.3/jackson-datatype-jdk8-2.15.3.jar:/home/maurizio/.m2/repository/com/fasterxml/jackson/datatype/jackson-datatype-jsr310/2.15.3/jackson-datatype-jsr310-2.15.3.jar:/home/maurizio/.m2/repository/com/fasterxml/jackson/module/jackson-module-parameter-names/2.15.3/jackson-module-parameter-names-2.15.3.jar:/home/maurizio/.m2/repository/org/springframework/spring-web/6.0.13/spring-web-6.0.13.jar:/home/maurizio/.m2/repository/org/springframework/spring-webmvc/6.0.13/spring-webmvc-6.0.13.jar:/home/maurizio/.m2/repository/org/springframework/boot/spring-boot-starter-test/3.1.5/spring-boot-starter-test-3.1.5.jar:/home/maurizio/.m2/repository/org/springframework/boot/spring-boot-test/3.1.5/spring-boot-test-3.1.5.jar:/home/maurizio/.m2/repository/org/springframework/boot/spring-boot-test-autoconfigure/3.1.5/spring-boot-test-autoconfigure-3.1.5.jar:/home/maurizio/.m2/repository/com/jayway/jsonpath/json-path/2.8.0/json-path-2.8.0.jar:/home/maurizio/.m2/repository/jakarta/xml/bind/jakarta.xml.bind-api/4.0.1/jakarta.xml.bind-api-4.0.1.jar:/home/maurizio/.m2/repository/jakarta/activation/jakarta.activation-api/2.1.2/jakarta.activation-api-2.1.2.jar:/home/maurizio/.m2/repository/net/minidev/json-smart/2.4.11/json-smart-2.4.11.jar:/home/maurizio/.m2/repository/net/minidev/accessors-smart/2.4.11/accessors-smart-2.4.11.jar:/home/maurizio/.m2/repository/org/ow2/asm/asm/9.3/asm-9.3.jar:/home/maurizio/.m2/repository/org/assertj/assertj-core/3.24.2/assertj-core-3.24.2.jar:/home/maurizio/.m2/repository/net/bytebuddy/byte-buddy/1.14.9/byte-buddy-1.14.9.jar:/home/maurizio/.m2/repository/org/hamcrest/hamcrest/2.2/hamcrest-2.2.jar:/home/maurizio/.m2/repository/org/junit/jupiter/junit-jupiter/5.9.3/junit-jupiter-5.9.3.jar:/home/maurizio/.m2/repository/org/junit/jupiter/junit-jupiter-api/5.9.3/junit-jupiter-api-5.9.3.jar:/home/maurizio/.m2/repository/org/opentest4j/opentest4j/1.2.0/opentest4j-1.2.0.jar:/home/maurizio/.m2/repository/org/junit/platform/junit-platform-commons/1.9.3/junit-platform-commons-1.9.3.jar:/home/maurizio/.m2/repository/org/apiguardian/apiguardian-api/1.1.2/apiguardian-api-1.1.2.jar:/home/maurizio/.m2/repository/org/junit/jupiter/junit-jupiter-params/5.9.3/junit-jupiter-params-5.9.3.jar:/home/maurizio/.m2/repository/org/junit/jupiter/junit-jupiter-engine/5.9.3/junit-jupiter-engine-5.9.3.jar:/home/maurizio/.m2/repository/org/junit/platform/junit-platform-engine/1.9.3/junit-platform-engine-1.9.3.jar:/home/maurizio/.m2/repository/org/mockito/mockito-core/5.3.1/mockito-core-5.3.1.jar:/home/maurizio/.m2/repository/net/bytebuddy/byte-buddy-agent/1.14.9/byte-buddy-agent-1.14.9.jar:/home/maurizio/.m2/repository/org/objenesis/objenesis/3.3/objenesis-3.3.jar:/home/maurizio/.m2/repository/org/mockito/mockito-junit-jupiter/5.3.1/mockito-junit-jupiter-5.3.1.jar:/home/maurizio/.m2/repository/org/skyscreamer/jsonassert/1.5.1/jsonassert-1.5.1.jar:/home/maurizio/.m2/repository/com/vaadin/external/google/android-json/0.0.20131108.vaadin1/android-json-0.0.20131108.vaadin1.jar:/home/maurizio/.m2/repository/org/xmlunit/xmlunit-core/2.9.1/xmlunit-core-2.9.1.jar:/home/maurizio/.m2/repository/franco/maurizio/hr-desk-persistence/0.3.5_j17/hr-desk-persistence-0.3.5_j17.jar:/home/maurizio/.m2/repository/org/springframework/boot/spring-boot-starter-data-jpa/3.1.5/spring-boot-starter-data-jpa-3.1.5.jar:/home/maurizio/.m2/repository/org/springframework/boot/spring-boot-starter-aop/3.1.5/spring-boot-starter-aop-3.1.5.jar:/home/maurizio/.m2/repository/org/aspectj/aspectjweaver/1.9.20/aspectjweaver-1.9.20.jar:/home/maurizio/.m2/repository/org/springframework/boot/spring-boot-starter-jdbc/3.1.5/spring-boot-starter-jdbc-3.1.5.jar:/home/maurizio/.m2/repository/com/zaxxer/HikariCP/5.0.1/HikariCP-5.0.1.jar:/home/maurizio/.m2/repository/org/springframework/spring-jdbc/6.0.13/spring-jdbc-6.0.13.jar:/home/maurizio/.m2/repository/org/hibernate/orm/hibernate-core/6.2.13.Final/hibernate-core-6.2.13.Final.jar:/home/maurizio/.m2/repository/jakarta/persistence/jakarta.persistence-api/3.1.0/jakarta.persistence-api-3.1.0.jar:/home/maurizio/.m2/repository/jakarta/transaction/jakarta.transaction-api/2.0.1/jakarta.transaction-api-2.0.1.jar:/home/maurizio/.m2/repository/org/hibernate/common/hibernate-commons-annotations/6.0.6.Final/hibernate-commons-annotations-6.0.6.Final.jar:/home/maurizio/.m2/repository/io/smallrye/jandex/3.0.5/jandex-3.0.5.jar:/home/maurizio/.m2/repository/jakarta/inject/jakarta.inject-api/2.0.1/jakarta.inject-api-2.0.1.jar:/home/maurizio/.m2/repository/org/antlr/antlr4-runtime/4.10.1/antlr4-runtime-4.10.1.jar:/home/maurizio/.m2/repository/org/springframework/data/spring-data-jpa/3.1.5/spring-data-jpa-3.1.5.jar:/home/maurizio/.m2/repository/org/springframework/data/spring-data-commons/3.1.5/spring-data-commons-3.1.5.jar:/home/maurizio/.m2/repository/org/springframework/spring-orm/6.0.13/spring-orm-6.0.13.jar:/home/maurizio/.m2/repository/org/springframework/spring-tx/6.0.13/spring-tx-6.0.13.jar:/home/maurizio/.m2/repository/org/springframework/spring-aspects/6.0.13/spring-aspects-6.0.13.jar:/home/maurizio/.m2/repository/mysql/mysql-connector-java/8.0.19/mysql-connector-java-8.0.19.jar:/home/maurizio/.m2/repository/com/google/protobuf/protobuf-java/3.6.1/protobuf-java-3.6.1.jar:/home/maurizio/.m2/repository/org/glassfish/jaxb/jaxb-runtime/4.0.3/jaxb-runtime-4.0.3.jar:/home/maurizio/.m2/repository/org/glassfish/jaxb/jaxb-core/4.0.3/jaxb-core-4.0.3.jar:/home/maurizio/.m2/repository/org/glassfish/jaxb/txw2/4.0.3/txw2-4.0.3.jar:/home/maurizio/.m2/repository/com/sun/istack/istack-commons-runtime/4.1.2/istack-commons-runtime-4.1.2.jar:/home/maurizio/.m2/repository/org/javassist/javassist/3.23.1-GA/javassist-3.23.1-GA.jar:/home/maurizio/.m2/repository/franco/maurizio/hr-desk-mail-manager/0.3.4_j11/hr-desk-mail-manager-0.3.4_j11.jar:/home/maurizio/.m2/repository/org/apache/commons/commons-lang3/3.12.0/commons-lang3-3.12.0.jar:/home/maurizio/.m2/repository/org/apache/velocity/velocity/1.7/velocity-1.7.jar:/home/maurizio/.m2/repository/commons-collections/commons-collections/3.2.1/commons-collections-3.2.1.jar:/home/maurizio/.m2/repository/commons-lang/commons-lang/2.4/commons-lang-2.4.jar:/home/maurizio/.m2/repository/org/eclipse/angus/jakarta.mail/1.1.0/jakarta.mail-1.1.0.jar:/home/maurizio/.m2/repository/org/eclipse/angus/angus-activation/2.0.1/angus-activation-2.0.1.jar:/home/maurizio/.m2/repository/org/apache/logging/log4j/log4j-api/2.20.0/log4j-api-2.20.0.jar:/home/maurizio/.m2/repository/org/apache/logging/log4j/log4j-core/2.20.0/log4j-core-2.20.0.jar:/home/maurizio/.m2/repository/com/google/code/gson/gson/2.8.5/gson-2.8.5.jar:/home/maurizio/.m2/repository/org/springframework/boot/spring-boot-starter/3.1.5/spring-boot-starter-3.1.5.jar:/home/maurizio/.m2/repository/org/springframework/boot/spring-boot/3.1.5/spring-boot-3.1.5.jar:/home/maurizio/.m2/repository/org/springframework/boot/spring-boot-autoconfigure/3.1.5/spring-boot-autoconfigure-3.1.5.jar:/home/maurizio/.m2/repository/org/yaml/snakeyaml/1.33/snakeyaml-1.33.jar:/home/maurizio/.m2/repository/org/springframework/boot/spring-boot-starter-security/3.1.5/spring-boot-starter-security-3.1.5.jar:/home/maurizio/.m2/repository/org/springframework/spring-aop/6.0.13/spring-aop-6.0.13.jar:/home/maurizio/.m2/repository/org/springframework/security/spring-security-config/6.1.5/spring-security-config-6.1.5.jar:/home/maurizio/.m2/repository/org/springframework/boot/spring-boot-starter-validation/3.1.5/spring-boot-starter-validation-3.1.5.jar:/home/maurizio/.m2/repository/org/hibernate/validator/hibernate-validator/8.0.1.Final/hibernate-validator-8.0.1.Final.jar:/home/maurizio/.m2/repository/jakarta/validation/jakarta.validation-api/3.0.2/jakarta.validation-api-3.0.2.jar:/home/maurizio/.m2/repository/org/jboss/logging/jboss-logging/3.5.3.Final/jboss-logging-3.5.3.Final.jar:/home/maurizio/.m2/repository/com/fasterxml/classmate/1.5.1/classmate-1.5.1.jar:/home/maurizio/.m2/repository/org/springframework/boot/spring-boot-devtools/3.1.5/spring-boot-devtools-3.1.5.jar:/home/maurizio/.m2/repository/ch/qos/logback/logback-classic/1.4.11/logback-classic-1.4.11.jar:/home/maurizio/.m2/repository/ch/qos/logback/logback-core/1.4.11/logback-core-1.4.11.jar:/home/maurizio/.m2/repository/org/slf4j/slf4j-api/2.0.9/slf4j-api-2.0.9.jar:/home/maurizio/.m2/repository/org/springframework/boot/spring-boot-starter-actuator/3.1.5/spring-boot-starter-actuator-3.1.5.jar:/home/maurizio/.m2/repository/org/springframework/boot/spring-boot-actuator-autoconfigure/3.1.5/spring-boot-actuator-autoconfigure-3.1.5.jar:/home/maurizio/.m2/repository/org/springframework/boot/spring-boot-actuator/3.1.5/spring-boot-actuator-3.1.5.jar:/home/maurizio/.m2/repository/io/micrometer/micrometer-observation/1.11.5/micrometer-observation-1.11.5.jar:/home/maurizio/.m2/repository/io/micrometer/micrometer-commons/1.11.5/micrometer-commons-1.11.5.jar:/home/maurizio/.m2/repository/io/micrometer/micrometer-core/1.11.5/micrometer-core-1.11.5.jar:/home/maurizio/.m2/repository/org/hdrhistogram/HdrHistogram/2.1.12/HdrHistogram-2.1.12.jar:/home/maurizio/.m2/repository/org/latencyutils/LatencyUtils/2.0.3/LatencyUtils-2.0.3.jar:/home/maurizio/.m2/repository/com/itextpdf/itextpdf/5.5.10/itextpdf-5.5.10.jar:/home/maurizio/.m2/repository/org/apache/pdfbox/pdfbox/2.0.4/pdfbox-2.0.4.jar:/home/maurizio/.m2/repository/org/apache/pdfbox/fontbox/2.0.4/fontbox-2.0.4.jar:/home/maurizio/.m2/repository/commons-logging/commons-logging/1.2/commons-logging-1.2.jar:/home/maurizio/.m2/repository/org/projectlombok/lombok/1.18.30/lombok-1.18.30.jar:"/>
    <property name="java.vm.vendor" value="Debian"/>
    <property name="sun.arch.data.model" value="64"/>
    <property name="catalina.useNaming" value="false"/>
    <property name="java.vendor.url" value="https://tracker.debian.org/openjdk-17"/>
    <property name="user.timezone" value="Europe/Rome"/>
    <property name="org.jboss.logging.provider" value="slf4j"/>
    <property name="os.name" value="Linux"/>
    <property name="java.vm.specification.version" value="17"/>
    <property name="sun.java.launcher" value="SUN_STANDARD"/>
    <property name="user.country" value="US"/>
    <property name="sun.boot.library.path" value="/usr/lib/jvm/java-17-openjdk-amd64/lib"/>
    <property name="sun.java.command" value="/home/maurizio/git/hr-desk/hr-desk/backend17/target/surefire/surefirebooter-20231124123619067_3.jar /home/maurizio/git/hr-desk/hr-desk/backend17/target/surefire 2023-11-24T12-36-18_989-jvmRun1 surefire-20231124123619067_1tmp surefire_0-20231124123619067_2tmp"/>
    <property name="jdk.debug" value="release"/>
    <property name="surefire.test.class.path" value="/home/maurizio/git/hr-desk/hr-desk/backend17/target/test-classes:/home/maurizio/git/hr-desk/hr-desk/backend17/target/classes:/home/maurizio/.m2/repository/org/springframework/security/spring-security-test/6.1.5/spring-security-test-6.1.5.jar:/home/maurizio/.m2/repository/org/springframework/security/spring-security-core/6.1.5/spring-security-core-6.1.5.jar:/home/maurizio/.m2/repository/org/springframework/security/spring-security-crypto/6.1.5/spring-security-crypto-6.1.5.jar:/home/maurizio/.m2/repository/org/springframework/spring-beans/6.0.13/spring-beans-6.0.13.jar:/home/maurizio/.m2/repository/org/springframework/spring-context/6.0.13/spring-context-6.0.13.jar:/home/maurizio/.m2/repository/org/springframework/spring-expression/6.0.13/spring-expression-6.0.13.jar:/home/maurizio/.m2/repository/org/springframework/security/spring-security-web/6.1.5/spring-security-web-6.1.5.jar:/home/maurizio/.m2/repository/org/springframework/spring-core/6.0.13/spring-core-6.0.13.jar:/home/maurizio/.m2/repository/org/springframework/spring-jcl/6.0.13/spring-jcl-6.0.13.jar:/home/maurizio/.m2/repository/org/springframework/spring-test/6.0.13/spring-test-6.0.13.jar:/home/maurizio/.m2/repository/org/springframework/boot/spring-boot-starter-tomcat/3.1.5/spring-boot-starter-tomcat-3.1.5.jar:/home/maurizio/.m2/repository/jakarta/annotation/jakarta.annotation-api/2.1.1/jakarta.annotation-api-2.1.1.jar:/home/maurizio/.m2/repository/org/apache/tomcat/embed/tomcat-embed-core/10.1.15/tomcat-embed-core-10.1.15.jar:/home/maurizio/.m2/repository/org/apache/tomcat/embed/tomcat-embed-el/10.1.15/tomcat-embed-el-10.1.15.jar:/home/maurizio/.m2/repository/org/apache/tomcat/embed/tomcat-embed-websocket/10.1.15/tomcat-embed-websocket-10.1.15.jar:/home/maurizio/.m2/repository/org/springframework/boot/spring-boot-starter-web/3.1.5/spring-boot-starter-web-3.1.5.jar:/home/maurizio/.m2/repository/org/springframework/boot/spring-boot-starter-json/3.1.5/spring-boot-starter-json-3.1.5.jar:/home/maurizio/.m2/repository/com/fasterxml/jackson/core/jackson-databind/2.15.3/jackson-databind-2.15.3.jar:/home/maurizio/.m2/repository/com/fasterxml/jackson/core/jackson-annotations/2.15.3/jackson-annotations-2.15.3.jar:/home/maurizio/.m2/repository/com/fasterxml/jackson/core/jackson-core/2.15.3/jackson-core-2.15.3.jar:/home/maurizio/.m2/repository/com/fasterxml/jackson/datatype/jackson-datatype-jdk8/2.15.3/jackson-datatype-jdk8-2.15.3.jar:/home/maurizio/.m2/repository/com/fasterxml/jackson/datatype/jackson-datatype-jsr310/2.15.3/jackson-datatype-jsr310-2.15.3.jar:/home/maurizio/.m2/repository/com/fasterxml/jackson/module/jackson-module-parameter-names/2.15.3/jackson-module-parameter-names-2.15.3.jar:/home/maurizio/.m2/repository/org/springframework/spring-web/6.0.13/spring-web-6.0.13.jar:/home/maurizio/.m2/repository/org/springframework/spring-webmvc/6.0.13/spring-webmvc-6.0.13.jar:/home/maurizio/.m2/repository/org/springframework/boot/spring-boot-starter-test/3.1.5/spring-boot-starter-test-3.1.5.jar:/home/maurizio/.m2/repository/org/springframework/boot/spring-boot-test/3.1.5/spring-boot-test-3.1.5.jar:/home/maurizio/.m2/repository/org/springframework/boot/spring-boot-test-autoconfigure/3.1.5/spring-boot-test-autoconfigure-3.1.5.jar:/home/maurizio/.m2/repository/com/jayway/jsonpath/json-path/2.8.0/json-path-2.8.0.jar:/home/maurizio/.m2/repository/jakarta/xml/bind/jakarta.xml.bind-api/4.0.1/jakarta.xml.bind-api-4.0.1.jar:/home/maurizio/.m2/repository/jakarta/activation/jakarta.activation-api/2.1.2/jakarta.activation-api-2.1.2.jar:/home/maurizio/.m2/repository/net/minidev/json-smart/2.4.11/json-smart-2.4.11.jar:/home/maurizio/.m2/repository/net/minidev/accessors-smart/2.4.11/accessors-smart-2.4.11.jar:/home/maurizio/.m2/repository/org/ow2/asm/asm/9.3/asm-9.3.jar:/home/maurizio/.m2/repository/org/assertj/assertj-core/3.24.2/assertj-core-3.24.2.jar:/home/maurizio/.m2/repository/net/bytebuddy/byte-buddy/1.14.9/byte-buddy-1.14.9.jar:/home/maurizio/.m2/repository/org/hamcrest/hamcrest/2.2/hamcrest-2.2.jar:/home/maurizio/.m2/repository/org/junit/jupiter/junit-jupiter/5.9.3/junit-jupiter-5.9.3.jar:/home/maurizio/.m2/repository/org/junit/jupiter/junit-jupiter-api/5.9.3/junit-jupiter-api-5.9.3.jar:/home/maurizio/.m2/repository/org/opentest4j/opentest4j/1.2.0/opentest4j-1.2.0.jar:/home/maurizio/.m2/repository/org/junit/platform/junit-platform-commons/1.9.3/junit-platform-commons-1.9.3.jar:/home/maurizio/.m2/repository/org/apiguardian/apiguardian-api/1.1.2/apiguardian-api-1.1.2.jar:/home/maurizio/.m2/repository/org/junit/jupiter/junit-jupiter-params/5.9.3/junit-jupiter-params-5.9.3.jar:/home/maurizio/.m2/repository/org/junit/jupiter/junit-jupiter-engine/5.9.3/junit-jupiter-engine-5.9.3.jar:/home/maurizio/.m2/repository/org/junit/platform/junit-platform-engine/1.9.3/junit-platform-engine-1.9.3.jar:/home/maurizio/.m2/repository/org/mockito/mockito-core/5.3.1/mockito-core-5.3.1.jar:/home/maurizio/.m2/repository/net/bytebuddy/byte-buddy-agent/1.14.9/byte-buddy-agent-1.14.9.jar:/home/maurizio/.m2/repository/org/objenesis/objenesis/3.3/objenesis-3.3.jar:/home/maurizio/.m2/repository/org/mockito/mockito-junit-jupiter/5.3.1/mockito-junit-jupiter-5.3.1.jar:/home/maurizio/.m2/repository/org/skyscreamer/jsonassert/1.5.1/jsonassert-1.5.1.jar:/home/maurizio/.m2/repository/com/vaadin/external/google/android-json/0.0.20131108.vaadin1/android-json-0.0.20131108.vaadin1.jar:/home/maurizio/.m2/repository/org/xmlunit/xmlunit-core/2.9.1/xmlunit-core-2.9.1.jar:/home/maurizio/.m2/repository/franco/maurizio/hr-desk-persistence/0.3.5_j17/hr-desk-persistence-0.3.5_j17.jar:/home/maurizio/.m2/repository/org/springframework/boot/spring-boot-starter-data-jpa/3.1.5/spring-boot-starter-data-jpa-3.1.5.jar:/home/maurizio/.m2/repository/org/springframework/boot/spring-boot-starter-aop/3.1.5/spring-boot-starter-aop-3.1.5.jar:/home/maurizio/.m2/repository/org/aspectj/aspectjweaver/1.9.20/aspectjweaver-1.9.20.jar:/home/maurizio/.m2/repository/org/springframework/boot/spring-boot-starter-jdbc/3.1.5/spring-boot-starter-jdbc-3.1.5.jar:/home/maurizio/.m2/repository/com/zaxxer/HikariCP/5.0.1/HikariCP-5.0.1.jar:/home/maurizio/.m2/repository/org/springframework/spring-jdbc/6.0.13/spring-jdbc-6.0.13.jar:/home/maurizio/.m2/repository/org/hibernate/orm/hibernate-core/6.2.13.Final/hibernate-core-6.2.13.Final.jar:/home/maurizio/.m2/repository/jakarta/persistence/jakarta.persistence-api/3.1.0/jakarta.persistence-api-3.1.0.jar:/home/maurizio/.m2/repository/jakarta/transaction/jakarta.transaction-api/2.0.1/jakarta.transaction-api-2.0.1.jar:/home/maurizio/.m2/repository/org/hibernate/common/hibernate-commons-annotations/6.0.6.Final/hibernate-commons-annotations-6.0.6.Final.jar:/home/maurizio/.m2/repository/io/smallrye/jandex/3.0.5/jandex-3.0.5.jar:/home/maurizio/.m2/repository/jakarta/inject/jakarta.inject-api/2.0.1/jakarta.inject-api-2.0.1.jar:/home/maurizio/.m2/repository/org/antlr/antlr4-runtime/4.10.1/antlr4-runtime-4.10.1.jar:/home/maurizio/.m2/repository/org/springframework/data/spring-data-jpa/3.1.5/spring-data-jpa-3.1.5.jar:/home/maurizio/.m2/repository/org/springframework/data/spring-data-commons/3.1.5/spring-data-commons-3.1.5.jar:/home/maurizio/.m2/repository/org/springframework/spring-orm/6.0.13/spring-orm-6.0.13.jar:/home/maurizio/.m2/repository/org/springframework/spring-tx/6.0.13/spring-tx-6.0.13.jar:/home/maurizio/.m2/repository/org/springframework/spring-aspects/6.0.13/spring-aspects-6.0.13.jar:/home/maurizio/.m2/repository/mysql/mysql-connector-java/8.0.19/mysql-connector-java-8.0.19.jar:/home/maurizio/.m2/repository/com/google/protobuf/protobuf-java/3.6.1/protobuf-java-3.6.1.jar:/home/maurizio/.m2/repository/org/glassfish/jaxb/jaxb-runtime/4.0.3/jaxb-runtime-4.0.3.jar:/home/maurizio/.m2/repository/org/glassfish/jaxb/jaxb-core/4.0.3/jaxb-core-4.0.3.jar:/home/maurizio/.m2/repository/org/glassfish/jaxb/txw2/4.0.3/txw2-4.0.3.jar:/home/maurizio/.m2/repository/com/sun/istack/istack-commons-runtime/4.1.2/istack-commons-runtime-4.1.2.jar:/home/maurizio/.m2/repository/org/javassist/javassist/3.23.1-GA/javassist-3.23.1-GA.jar:/home/maurizio/.m2/repository/franco/maurizio/hr-desk-mail-manager/0.3.4_j11/hr-desk-mail-manager-0.3.4_j11.jar:/home/maurizio/.m2/repository/org/apache/commons/commons-lang3/3.12.0/commons-lang3-3.12.0.jar:/home/maurizio/.m2/repository/org/apache/velocity/velocity/1.7/velocity-1.7.jar:/home/maurizio/.m2/repository/commons-collections/commons-collections/3.2.1/commons-collections-3.2.1.jar:/home/maurizio/.m2/repository/commons-lang/commons-lang/2.4/commons-lang-2.4.jar:/home/maurizio/.m2/repository/org/eclipse/angus/jakarta.mail/1.1.0/jakarta.mail-1.1.0.jar:/home/maurizio/.m2/repository/org/eclipse/angus/angus-activation/2.0.1/angus-activation-2.0.1.jar:/home/maurizio/.m2/repository/org/apache/logging/log4j/log4j-api/2.20.0/log4j-api-2.20.0.jar:/home/maurizio/.m2/repository/org/apache/logging/log4j/log4j-core/2.20.0/log4j-core-2.20.0.jar:/home/maurizio/.m2/repository/com/google/code/gson/gson/2.8.5/gson-2.8.5.jar:/home/maurizio/.m2/repository/org/springframework/boot/spring-boot-starter/3.1.5/spring-boot-starter-3.1.5.jar:/home/maurizio/.m2/repository/org/springframework/boot/spring-boot/3.1.5/spring-boot-3.1.5.jar:/home/maurizio/.m2/repository/org/springframework/boot/spring-boot-autoconfigure/3.1.5/spring-boot-autoconfigure-3.1.5.jar:/home/maurizio/.m2/repository/org/yaml/snakeyaml/1.33/snakeyaml-1.33.jar:/home/maurizio/.m2/repository/org/springframework/boot/spring-boot-starter-security/3.1.5/spring-boot-starter-security-3.1.5.jar:/home/maurizio/.m2/repository/org/springframework/spring-aop/6.0.13/spring-aop-6.0.13.jar:/home/maurizio/.m2/repository/org/springframework/security/spring-security-config/6.1.5/spring-security-config-6.1.5.jar:/home/maurizio/.m2/repository/org/springframework/boot/spring-boot-starter-validation/3.1.5/spring-boot-starter-validation-3.1.5.jar:/home/maurizio/.m2/repository/org/hibernate/validator/hibernate-validator/8.0.1.Final/hibernate-validator-8.0.1.Final.jar:/home/maurizio/.m2/repository/jakarta/validation/jakarta.validation-api/3.0.2/jakarta.validation-api-3.0.2.jar:/home/maurizio/.m2/repository/org/jboss/logging/jboss-logging/3.5.3.Final/jboss-logging-3.5.3.Final.jar:/home/maurizio/.m2/repository/com/fasterxml/classmate/1.5.1/classmate-1.5.1.jar:/home/maurizio/.m2/repository/org/springframework/boot/spring-boot-devtools/3.1.5/spring-boot-devtools-3.1.5.jar:/home/maurizio/.m2/repository/ch/qos/logback/logback-classic/1.4.11/logback-classic-1.4.11.jar:/home/maurizio/.m2/repository/ch/qos/logback/logback-core/1.4.11/logback-core-1.4.11.jar:/home/maurizio/.m2/repository/org/slf4j/slf4j-api/2.0.9/slf4j-api-2.0.9.jar:/home/maurizio/.m2/repository/org/springframework/boot/spring-boot-starter-actuator/3.1.5/spring-boot-starter-actuator-3.1.5.jar:/home/maurizio/.m2/repository/org/springframework/boot/spring-boot-actuator-autoconfigure/3.1.5/spring-boot-actuator-autoconfigure-3.1.5.jar:/home/maurizio/.m2/repository/org/springframework/boot/spring-boot-actuator/3.1.5/spring-boot-actuator-3.1.5.jar:/home/maurizio/.m2/repository/io/micrometer/micrometer-observation/1.11.5/micrometer-observation-1.11.5.jar:/home/maurizio/.m2/repository/io/micrometer/micrometer-commons/1.11.5/micrometer-commons-1.11.5.jar:/home/maurizio/.m2/repository/io/micrometer/micrometer-core/1.11.5/micrometer-core-1.11.5.jar:/home/maurizio/.m2/repository/org/hdrhistogram/HdrHistogram/2.1.12/HdrHistogram-2.1.12.jar:/home/maurizio/.m2/repository/org/latencyutils/LatencyUtils/2.0.3/LatencyUtils-2.0.3.jar:/home/maurizio/.m2/repository/com/itextpdf/itextpdf/5.5.10/itextpdf-5.5.10.jar:/home/maurizio/.m2/repository/org/apache/pdfbox/pdfbox/2.0.4/pdfbox-2.0.4.jar:/home/maurizio/.m2/repository/org/apache/pdfbox/fontbox/2.0.4/fontbox-2.0.4.jar:/home/maurizio/.m2/repository/commons-logging/commons-logging/1.2/commons-logging-1.2.jar:/home/maurizio/.m2/repository/org/projectlombok/lombok/1.18.30/lombok-1.18.30.jar:"/>
    <property name="sun.cpu.endian" value="little"/>
    <property name="user.home" value="/home/maurizio"/>
    <property name="user.language" value="en"/>
    <property name="java.specification.vendor" value="Oracle Corporation"/>
    <property name="java.version.date" value="2023-04-18"/>
    <property name="java.home" value="/usr/lib/jvm/java-17-openjdk-amd64"/>
    <property name="file.separator" value="/"/>
    <property name="style.color" value="always"/>
    <property name="basedir" value="/home/maurizio/git/hr-desk/hr-desk/backend17"/>
    <property name="java.vm.compressedOopsMode" value="Zero based"/>
    <property name="line.separator" value="&#10;"/>
    <property name="java.specification.name" value="Java Platform API Specification"/>
    <property name="java.vm.specification.vendor" value="Oracle Corporation"/>
    <property name="FILE_LOG_CHARSET" value="UTF-8"/>
    <property name="java.awt.headless" value="true"/>
    <property name="surefire.real.class.path" value="/home/maurizio/git/hr-desk/hr-desk/backend17/target/surefire/surefirebooter-20231124123619067_3.jar"/>
    <property name="sun.management.compiler" value="HotSpot 64-Bit Tiered Compilers"/>
    <property name="java.runtime.version" value="17.0.7+7-Debian-1deb12u1"/>
    <property name="user.name" value="maurizio"/>
    <property name="path.separator" value=":"/>
    <property name="os.version" value="6.1.0-10-amd64"/>
    <property name="java.runtime.name" value="OpenJDK Runtime Environment"/>
    <property name="file.encoding" value="UTF-8"/>
    <property name="java.vm.name" value="OpenJDK 64-Bit Server VM"/>
    <property name="localRepository" value="/home/maurizio/.m2/repository"/>
    <property name="java.vendor.url.bug" value="https://bugs.debian.org/openjdk-17"/>
    <property name="java.io.tmpdir" value="/tmp"/>
    <property name="catalina.home" value="/tmp/tomcat.0.2414534711362595922"/>
    <property name="com.zaxxer.hikari.pool_number" value="2"/>
    <property name="java.version" value="17.0.7"/>
    <property name="user.dir" value="/home/maurizio/git/hr-desk/hr-desk/backend17"/>
    <property name="os.arch" value="amd64"/>
    <property name="java.vm.specification.name" value="Java Virtual Machine Specification"/>
    <property name="PID" value="1505547"/>
    <property name="CONSOLE_LOG_CHARSET" value="UTF-8"/>
    <property name="catalina.base" value="/tmp/tomcat.0.2414534711362595922"/>
    <property name="native.encoding" value="UTF-8"/>
    <property name="java.library.path" value="/usr/java/packages/lib:/usr/lib/x86_64-linux-gnu/jni:/lib/x86_64-linux-gnu:/usr/lib/x86_64-linux-gnu:/usr/lib/jni:/lib:/usr/lib"/>
    <property name="java.vm.info" value="mixed mode, sharing"/>
    <property name="java.vendor" value="Debian"/>
    <property name="java.vm.version" value="17.0.7+7-Debian-1deb12u1"/>
    <property name="sun.io.unicode.encoding" value="UnicodeLittle"/>
    <property name="java.class.version" value="61.0"/>
  </properties>
  <testcase name="testInsertUserSuccesfully" classname="franco.maurizio.hr.desk.com.unit.backend.UserControllerTest" time="0.118">
    <system-out><![CDATA[
  .   ____          _            __ _ _
 /\\ / ___'_ __ _ _(_)_ __  __ _ \ \ \ \
( ( )\___ | '_ | '_| | '_ \/ _` | \ \ \ \
 \\/  ___)| |_)| | | | | || (_| |  ) ) ) )
  '  |____| .__|_| |_|_| |_\__, | / / / /
 =========|_|==============|___/=/_/_/_/
 :: Spring Boot ::                (v3.1.5)

2023-11-24 12:36:40,831 DEBUG c.z.h.HikariConfig [HikariConfig.java:968] Driver class com.mysql.cj.jdbc.Driver found in Thread context class loader jdk.internal.loader.ClassLoaders$AppClassLoader@251a69d7
2023-11-24 12:36:40,862 DEBUG c.z.h.HikariConfig [HikariConfig.java:1100] HikariPool-2 - configuration:
2023-11-24 12:36:40,863 DEBUG c.z.h.HikariConfig [HikariConfig.java:1132] allowPoolSuspension.............false
2023-11-24 12:36:40,863 DEBUG c.z.h.HikariConfig [HikariConfig.java:1132] autoCommit......................true
2023-11-24 12:36:40,863 DEBUG c.z.h.HikariConfig [HikariConfig.java:1132] catalog.........................none
2023-11-24 12:36:40,863 DEBUG c.z.h.HikariConfig [HikariConfig.java:1132] connectionInitSql...............none
2023-11-24 12:36:40,864 DEBUG c.z.h.HikariConfig [HikariConfig.java:1132] connectionTestQuery.............none
2023-11-24 12:36:40,864 DEBUG c.z.h.HikariConfig [HikariConfig.java:1132] connectionTimeout...............30000
2023-11-24 12:36:40,864 DEBUG c.z.h.HikariConfig [HikariConfig.java:1132] dataSource......................none
2023-11-24 12:36:40,864 DEBUG c.z.h.HikariConfig [HikariConfig.java:1132] dataSourceClassName.............none
2023-11-24 12:36:40,864 DEBUG c.z.h.HikariConfig [HikariConfig.java:1132] dataSourceJNDI..................none
2023-11-24 12:36:40,864 DEBUG c.z.h.HikariConfig [HikariConfig.java:1132] dataSourceProperties............{password=<masked>}
2023-11-24 12:36:40,864 DEBUG c.z.h.HikariConfig [HikariConfig.java:1132] driverClassName................."com.mysql.cj.jdbc.Driver"
2023-11-24 12:36:40,865 DEBUG c.z.h.HikariConfig [HikariConfig.java:1132] exceptionOverrideClassName......none
2023-11-24 12:36:40,865 DEBUG c.z.h.HikariConfig [HikariConfig.java:1132] healthCheckProperties...........{}
2023-11-24 12:36:40,865 DEBUG c.z.h.HikariConfig [HikariConfig.java:1132] healthCheckRegistry.............none
2023-11-24 12:36:40,865 DEBUG c.z.h.HikariConfig [HikariConfig.java:1132] idleTimeout.....................600000
2023-11-24 12:36:40,865 DEBUG c.z.h.HikariConfig [HikariConfig.java:1132] initializationFailTimeout.......1
2023-11-24 12:36:40,865 DEBUG c.z.h.HikariConfig [HikariConfig.java:1132] isolateInternalQueries..........false
2023-11-24 12:36:40,865 DEBUG c.z.h.HikariConfig [HikariConfig.java:1132] jdbcUrl.........................jdbc:mysql://localhost:3306/cerepro_test?useLegacyDatetimeCode=false&serverTimezone=UTC
2023-11-24 12:36:40,866 DEBUG c.z.h.HikariConfig [HikariConfig.java:1132] keepaliveTime...................0
2023-11-24 12:36:40,866 DEBUG c.z.h.HikariConfig [HikariConfig.java:1132] leakDetectionThreshold..........0
2023-11-24 12:36:40,866 DEBUG c.z.h.HikariConfig [HikariConfig.java:1132] maxLifetime.....................1800000
2023-11-24 12:36:40,866 DEBUG c.z.h.HikariConfig [HikariConfig.java:1132] maximumPoolSize.................10
2023-11-24 12:36:40,866 DEBUG c.z.h.HikariConfig [HikariConfig.java:1132] metricRegistry..................none
2023-11-24 12:36:40,866 DEBUG c.z.h.HikariConfig [HikariConfig.java:1132] metricsTrackerFactory...........none
2023-11-24 12:36:40,866 DEBUG c.z.h.HikariConfig [HikariConfig.java:1132] minimumIdle.....................10
2023-11-24 12:36:40,867 DEBUG c.z.h.HikariConfig [HikariConfig.java:1132] password........................<masked>
2023-11-24 12:36:40,867 DEBUG c.z.h.HikariConfig [HikariConfig.java:1132] poolName........................"HikariPool-2"
2023-11-24 12:36:40,867 DEBUG c.z.h.HikariConfig [HikariConfig.java:1132] readOnly........................false
2023-11-24 12:36:40,867 DEBUG c.z.h.HikariConfig [HikariConfig.java:1132] registerMbeans..................false
2023-11-24 12:36:40,867 DEBUG c.z.h.HikariConfig [HikariConfig.java:1132] scheduledExecutor...............none
2023-11-24 12:36:40,867 DEBUG c.z.h.HikariConfig [HikariConfig.java:1132] schema..........................none
2023-11-24 12:36:40,868 DEBUG c.z.h.HikariConfig [HikariConfig.java:1132] threadFactory...................internal
2023-11-24 12:36:40,868 DEBUG c.z.h.HikariConfig [HikariConfig.java:1132] transactionIsolation............default
2023-11-24 12:36:40,868 DEBUG c.z.h.HikariConfig [HikariConfig.java:1132] username........................"cerepro_test"
2023-11-24 12:36:40,868 DEBUG c.z.h.HikariConfig [HikariConfig.java:1132] validationTimeout...............5000
2023-11-24 12:36:40,868 INFO c.z.h.HikariDataSource [HikariDataSource.java:110] HikariPool-2 - Starting...
2023-11-24 12:36:40,873 INFO c.z.h.p.HikariPool [HikariPool.java:565] HikariPool-2 - Added connection com.mysql.cj.jdbc.ConnectionImpl@4fb21a88
2023-11-24 12:36:40,873 INFO c.z.h.HikariDataSource [HikariDataSource.java:123] HikariPool-2 - Start completed.
2023-11-24 12:36:40,875 DEBUG o.h.j.i.u.LogHelper [LogHelper.java:102] PersistenceUnitInfo [
	name: default
	persistence provider classname: null
	classloader: jdk.internal.loader.ClassLoaders$AppClassLoader@251a69d7
	excludeUnlistedClasses: true
	JTA datasource: null
	Non JTA datasource: HikariDataSource (HikariPool-2)
	Transaction type: RESOURCE_LOCAL
	PU root URL: file:/home/maurizio/.m2/repository/franco/maurizio/hr-desk-persistence/0.3.5_j17/hr-desk-persistence-0.3.5_j17.jar
	Shared Cache Mode: UNSPECIFIED
	Validation Mode: AUTO
	Jar files URLs []
	Managed classes names [
		franco.maurizio.hr.desk.com.persistence.entity.Survey
		franco.maurizio.hr.desk.com.persistence.entity.CandidateSurveyToken
		franco.maurizio.hr.desk.com.persistence.entity.CandidateStates
		franco.maurizio.hr.desk.com.persistence.entity.Role
		franco.maurizio.hr.desk.com.persistence.entity.User
		franco.maurizio.hr.desk.com.persistence.entity.SurveyReply
		franco.maurizio.hr.desk.com.persistence.entity.PositionUserOwner
		franco.maurizio.hr.desk.com.persistence.entity.SurveyQuestion
		franco.maurizio.hr.desk.com.persistence.entity.CoursePage
		franco.maurizio.hr.desk.com.persistence.entity.Candidate
		franco.maurizio.hr.desk.com.persistence.entity.Question]
	Mapping files names []
	Properties []
2023-11-24 12:36:40,875 DEBUG o.h.i.i.IntegratorServiceImpl [IntegratorServiceImpl.java:45] Adding Integrator [org.hibernate.boot.beanvalidation.BeanValidationIntegrator].
2023-11-24 12:36:40,875 DEBUG o.h.i.i.IntegratorServiceImpl [IntegratorServiceImpl.java:45] Adding Integrator [org.hibernate.cache.internal.CollectionCacheInvalidator].
2023-11-24 12:36:40,876 TRACE o.h.b.r.s.i.StrategySelectorImpl [StrategySelectorImpl.java:83] Registering named strategy selector [org.hibernate.resource.transaction.spi.TransactionCoordinatorBuilder] : [jdbc] -> [org.hibernate.resource.transaction.backend.jdbc.internal.JdbcResourceLocalTransactionCoordinatorBuilderImpl]
2023-11-24 12:36:40,876 TRACE o.h.b.r.s.i.StrategySelectorImpl [StrategySelectorImpl.java:83] Registering named strategy selector [org.hibernate.resource.transaction.spi.TransactionCoordinatorBuilder] : [jta] -> [org.hibernate.resource.transaction.backend.jta.internal.JtaTransactionCoordinatorBuilderImpl]
2023-11-24 12:36:40,876 TRACE o.h.b.r.s.i.StrategySelectorImpl [StrategySelectorImpl.java:83] Registering named strategy selector [org.hibernate.resource.transaction.spi.TransactionCoordinatorBuilder] : [org.hibernate.transaction.JDBCTransactionFactory] -> [org.hibernate.resource.transaction.backend.jdbc.internal.JdbcResourceLocalTransactionCoordinatorBuilderImpl]
2023-11-24 12:36:40,876 TRACE o.h.b.r.s.i.StrategySelectorImpl [StrategySelectorImpl.java:83] Registering named strategy selector [org.hibernate.resource.transaction.spi.TransactionCoordinatorBuilder] : [org.hibernate.transaction.JTATransactionFactory] -> [org.hibernate.resource.transaction.backend.jta.internal.JtaTransactionCoordinatorBuilderImpl]
2023-11-24 12:36:40,877 TRACE o.h.b.r.s.i.StrategySelectorImpl [StrategySelectorImpl.java:83] Registering named strategy selector [org.hibernate.resource.transaction.spi.TransactionCoordinatorBuilder] : [org.hibernate.transaction.CMTTransactionFactory] -> [org.hibernate.resource.transaction.backend.jta.internal.JtaTransactionCoordinatorBuilderImpl]
2023-11-24 12:36:40,877 TRACE o.h.b.r.s.i.StrategySelectorImpl [StrategySelectorImpl.java:83] Registering named strategy selector [org.hibernate.query.sqm.mutation.spi.SqmMultiTableMutationStrategy] : [cte] -> [org.hibernate.query.sqm.mutation.internal.cte.CteMutationStrategy]
2023-11-24 12:36:40,877 TRACE o.h.b.r.s.i.StrategySelectorImpl [StrategySelectorImpl.java:83] Registering named strategy selector [org.hibernate.query.sqm.mutation.spi.SqmMultiTableMutationStrategy] : [global_temporary] -> [org.hibernate.query.sqm.mutation.internal.temptable.GlobalTemporaryTableMutationStrategy]
2023-11-24 12:36:40,877 TRACE o.h.b.r.s.i.StrategySelectorImpl [StrategySelectorImpl.java:83] Registering named strategy selector [org.hibernate.query.sqm.mutation.spi.SqmMultiTableMutationStrategy] : [local_temporary] -> [org.hibernate.query.sqm.mutation.internal.temptable.LocalTemporaryTableMutationStrategy]
2023-11-24 12:36:40,877 TRACE o.h.b.r.s.i.StrategySelectorImpl [StrategySelectorImpl.java:83] Registering named strategy selector [org.hibernate.query.sqm.mutation.spi.SqmMultiTableMutationStrategy] : [persistent] -> [org.hibernate.query.sqm.mutation.internal.temptable.PersistentTableMutationStrategy]
2023-11-24 12:36:40,877 TRACE o.h.b.r.s.i.StrategySelectorImpl [StrategySelectorImpl.java:83] Registering named strategy selector [org.hibernate.boot.model.naming.ImplicitNamingStrategy] : [default] -> [org.hibernate.boot.model.naming.ImplicitNamingStrategyJpaCompliantImpl]
2023-11-24 12:36:40,877 TRACE o.h.b.r.s.i.StrategySelectorImpl [StrategySelectorImpl.java:83] Registering named strategy selector [org.hibernate.boot.model.naming.ImplicitNamingStrategy] : [jpa] -> [org.hibernate.boot.model.naming.ImplicitNamingStrategyJpaCompliantImpl]
2023-11-24 12:36:40,878 TRACE o.h.b.r.s.i.StrategySelectorImpl [StrategySelectorImpl.java:83] Registering named strategy selector [org.hibernate.boot.model.naming.ImplicitNamingStrategy] : [legacy-jpa] -> [org.hibernate.boot.model.naming.ImplicitNamingStrategyLegacyJpaImpl]
2023-11-24 12:36:40,878 TRACE o.h.b.r.s.i.StrategySelectorImpl [StrategySelectorImpl.java:83] Registering named strategy selector [org.hibernate.boot.model.naming.ImplicitNamingStrategy] : [legacy-hbm] -> [org.hibernate.boot.model.naming.ImplicitNamingStrategyLegacyHbmImpl]
2023-11-24 12:36:40,878 TRACE o.h.b.r.s.i.StrategySelectorImpl [StrategySelectorImpl.java:83] Registering named strategy selector [org.hibernate.boot.model.naming.ImplicitNamingStrategy] : [component-path] -> [org.hibernate.boot.model.naming.ImplicitNamingStrategyComponentPathImpl]
2023-11-24 12:36:40,878 TRACE o.h.b.r.s.i.StrategySelectorImpl [StrategySelectorImpl.java:83] Registering named strategy selector [org.hibernate.id.enhanced.ImplicitDatabaseObjectNamingStrategy] : [standard] -> [org.hibernate.id.enhanced.StandardNamingStrategy]
2023-11-24 12:36:40,878 TRACE o.h.b.r.s.i.StrategySelectorImpl [StrategySelectorImpl.java:83] Registering named strategy selector [org.hibernate.id.enhanced.ImplicitDatabaseObjectNamingStrategy] : [single] -> [org.hibernate.id.enhanced.SingleNamingStrategy]
2023-11-24 12:36:40,879 TRACE o.h.b.r.s.i.StrategySelectorImpl [StrategySelectorImpl.java:83] Registering named strategy selector [org.hibernate.id.enhanced.ImplicitDatabaseObjectNamingStrategy] : [legacy] -> [org.hibernate.id.enhanced.LegacyNamingStrategy]
2023-11-24 12:36:40,879 TRACE o.h.b.r.s.i.StrategySelectorImpl [StrategySelectorImpl.java:83] Registering named strategy selector [org.hibernate.boot.model.relational.ColumnOrderingStrategy] : [default] -> [org.hibernate.boot.model.relational.ColumnOrderingStrategyStandard]
2023-11-24 12:36:40,879 TRACE o.h.b.r.s.i.StrategySelectorImpl [StrategySelectorImpl.java:83] Registering named strategy selector [org.hibernate.boot.model.relational.ColumnOrderingStrategy] : [legacy] -> [org.hibernate.boot.model.relational.ColumnOrderingStrategyLegacy]
2023-11-24 12:36:40,879 TRACE o.h.b.r.s.i.StrategySelectorImpl [StrategySelectorImpl.java:83] Registering named strategy selector [org.hibernate.cache.spi.CacheKeysFactory] : [default] -> [org.hibernate.cache.internal.DefaultCacheKeysFactory]
2023-11-24 12:36:40,879 TRACE o.h.b.r.s.i.StrategySelectorImpl [StrategySelectorImpl.java:83] Registering named strategy selector [org.hibernate.cache.spi.CacheKeysFactory] : [simple] -> [org.hibernate.cache.internal.SimpleCacheKeysFactory]
2023-11-24 12:36:40,880 TRACE o.h.b.r.s.i.StrategySelectorImpl [StrategySelectorImpl.java:83] Registering named strategy selector [org.hibernate.type.format.FormatMapper] : [jackson] -> [org.hibernate.type.format.jackson.JacksonJsonFormatMapper]
2023-11-24 12:36:40,880 TRACE o.h.b.r.s.i.StrategySelectorImpl [StrategySelectorImpl.java:83] Registering named strategy selector [org.hibernate.type.format.FormatMapper] : [jsonb] -> [org.hibernate.type.format.jakartajson.JsonBJsonFormatMapper]
2023-11-24 12:36:40,880 TRACE o.h.b.r.s.i.StrategySelectorImpl [StrategySelectorImpl.java:83] Registering named strategy selector [org.hibernate.type.format.FormatMapper] : [jackson-xml] -> [org.hibernate.type.format.jackson.JacksonXmlFormatMapper]
2023-11-24 12:36:40,880 TRACE o.h.b.r.s.i.StrategySelectorImpl [StrategySelectorImpl.java:83] Registering named strategy selector [org.hibernate.type.format.FormatMapper] : [jaxb] -> [org.hibernate.type.format.jaxb.JaxbXmlFormatMapper]
2023-11-24 12:36:40,882 TRACE o.h.s.i.AbstractServiceRegistryImpl [AbstractServiceRegistryImpl.java:235] Initializing service [role=org.hibernate.id.factory.IdentifierGeneratorFactory]
2023-11-24 12:36:40,882 TRACE o.h.s.i.AbstractServiceRegistryImpl [AbstractServiceRegistryImpl.java:235] Initializing service [role=org.hibernate.engine.config.spi.ConfigurationService]
2023-11-24 12:36:40,882 TRACE o.h.s.i.AbstractServiceRegistryImpl [AbstractServiceRegistryImpl.java:235] Initializing service [role=org.hibernate.resource.beans.spi.ManagedBeanRegistry]
2023-11-24 12:36:40,883 DEBUG o.h.o.i.factory [StandardIdentifierGeneratorFactory.java:170] Registering IdentifierGenerator strategy [uuid2] -> [org.hibernate.id.UUIDGenerator]
2023-11-24 12:36:40,883 DEBUG o.h.o.i.factory [StandardIdentifierGeneratorFactory.java:170] Registering IdentifierGenerator strategy [guid] -> [org.hibernate.id.GUIDGenerator]
2023-11-24 12:36:40,883 DEBUG o.h.o.i.factory [StandardIdentifierGeneratorFactory.java:170] Registering IdentifierGenerator strategy [uuid] -> [org.hibernate.id.UUIDHexGenerator]
2023-11-24 12:36:40,883 DEBUG o.h.o.i.factory [StandardIdentifierGeneratorFactory.java:170] Registering IdentifierGenerator strategy [uuid.hex] -> [org.hibernate.id.UUIDHexGenerator]
2023-11-24 12:36:40,883 DEBUG o.h.o.i.factory [StandardIdentifierGeneratorFactory.java:170] Registering IdentifierGenerator strategy [assigned] -> [org.hibernate.id.Assigned]
2023-11-24 12:36:40,883 DEBUG o.h.o.i.factory [StandardIdentifierGeneratorFactory.java:170] Registering IdentifierGenerator strategy [identity] -> [org.hibernate.id.IdentityGenerator]
2023-11-24 12:36:40,883 DEBUG o.h.o.i.factory [StandardIdentifierGeneratorFactory.java:170] Registering IdentifierGenerator strategy [select] -> [org.hibernate.id.SelectGenerator]
2023-11-24 12:36:40,884 DEBUG o.h.o.i.factory [StandardIdentifierGeneratorFactory.java:170] Registering IdentifierGenerator strategy [sequence] -> [org.hibernate.id.enhanced.SequenceStyleGenerator]
2023-11-24 12:36:40,884 DEBUG o.h.o.i.factory [StandardIdentifierGeneratorFactory.java:170] Registering IdentifierGenerator strategy [increment] -> [org.hibernate.id.IncrementGenerator]
2023-11-24 12:36:40,884 DEBUG o.h.o.i.factory [StandardIdentifierGeneratorFactory.java:170] Registering IdentifierGenerator strategy [foreign] -> [org.hibernate.id.ForeignGenerator]
2023-11-24 12:36:40,884 DEBUG o.h.o.i.factory [StandardIdentifierGeneratorFactory.java:170] Registering IdentifierGenerator strategy [enhanced-sequence] -> [org.hibernate.id.enhanced.SequenceStyleGenerator]
2023-11-24 12:36:40,884 DEBUG o.h.o.i.factory [StandardIdentifierGeneratorFactory.java:170] Registering IdentifierGenerator strategy [enhanced-table] -> [org.hibernate.id.enhanced.TableGenerator]
2023-11-24 12:36:40,884 TRACE o.h.s.i.AbstractServiceRegistryImpl [AbstractServiceRegistryImpl.java:235] Initializing service [role=org.hibernate.engine.jdbc.connections.spi.MultiTenantConnectionProvider]
2023-11-24 12:36:40,884 TRACE o.h.s.i.AbstractServiceRegistryImpl [AbstractServiceRegistryImpl.java:235] Initializing service [role=org.hibernate.cache.spi.RegionFactory]
2023-11-24 12:36:40,885 DEBUG o.h.c.i.RegionFactoryInitiator [RegionFactoryInitiator.java:117] Cannot default RegionFactory based on registered strategies as `[]` RegionFactory strategies were registered
2023-11-24 12:36:40,885 DEBUG o.h.c.i.RegionFactoryInitiator [RegionFactoryInitiator.java:49] Cache region factory : org.hibernate.cache.internal.NoCachingRegionFactory
2023-11-24 12:36:40,885 DEBUG o.h.t.BasicTypeRegistry [BasicTypeRegistry.java:401] Adding type registration boolean -> org.hibernate.type.BasicTypeReference@796cffed
2023-11-24 12:36:40,885 DEBUG o.h.t.BasicTypeRegistry [BasicTypeRegistry.java:401] Adding type registration boolean -> org.hibernate.type.BasicTypeReference@796cffed
2023-11-24 12:36:40,886 DEBUG o.h.t.BasicTypeRegistry [BasicTypeRegistry.java:401] Adding type registration java.lang.Boolean -> org.hibernate.type.BasicTypeReference@796cffed
2023-11-24 12:36:40,886 DEBUG o.h.t.BasicTypeRegistry [BasicTypeRegistry.java:401] Adding type registration numeric_boolean -> org.hibernate.type.BasicTypeReference@55d0e131
2023-11-24 12:36:40,886 DEBUG o.h.t.BasicTypeRegistry [BasicTypeRegistry.java:401] Adding type registration org.hibernate.type.NumericBooleanConverter -> org.hibernate.type.BasicTypeReference@55d0e131
2023-11-24 12:36:40,886 DEBUG o.h.t.BasicTypeRegistry [BasicTypeRegistry.java:401] Adding type registration true_false -> org.hibernate.type.BasicTypeReference@7c26e570
2023-11-24 12:36:40,886 DEBUG o.h.t.BasicTypeRegistry [BasicTypeRegistry.java:401] Adding type registration org.hibernate.type.TrueFalseConverter -> org.hibernate.type.BasicTypeReference@7c26e570
2023-11-24 12:36:40,887 DEBUG o.h.t.BasicTypeRegistry [BasicTypeRegistry.java:401] Adding type registration yes_no -> org.hibernate.type.BasicTypeReference@2235ab04
2023-11-24 12:36:40,887 DEBUG o.h.t.BasicTypeRegistry [BasicTypeRegistry.java:401] Adding type registration org.hibernate.type.YesNoConverter -> org.hibernate.type.BasicTypeReference@2235ab04
2023-11-24 12:36:40,887 DEBUG o.h.t.BasicTypeRegistry [BasicTypeRegistry.java:401] Adding type registration byte -> org.hibernate.type.BasicTypeReference@3c38bb38
2023-11-24 12:36:40,887 DEBUG o.h.t.BasicTypeRegistry [BasicTypeRegistry.java:401] Adding type registration byte -> org.hibernate.type.BasicTypeReference@3c38bb38
2023-11-24 12:36:40,887 DEBUG o.h.t.BasicTypeRegistry [BasicTypeRegistry.java:401] Adding type registration java.lang.Byte -> org.hibernate.type.BasicTypeReference@3c38bb38
2023-11-24 12:36:40,888 DEBUG o.h.t.BasicTypeRegistry [BasicTypeRegistry.java:401] Adding type registration binary -> org.hibernate.type.BasicTypeReference@6e330ce7
2023-11-24 12:36:40,888 DEBUG o.h.t.BasicTypeRegistry [BasicTypeRegistry.java:401] Adding type registration byte[] -> org.hibernate.type.BasicTypeReference@6e330ce7
2023-11-24 12:36:40,888 DEBUG o.h.t.BasicTypeRegistry [BasicTypeRegistry.java:401] Adding type registration [B -> org.hibernate.type.BasicTypeReference@6e330ce7
2023-11-24 12:36:40,888 DEBUG o.h.t.BasicTypeRegistry [BasicTypeRegistry.java:401] Adding type registration binary_wrapper -> org.hibernate.type.BasicTypeReference@25757934
2023-11-24 12:36:40,888 DEBUG o.h.t.BasicTypeRegistry [BasicTypeRegistry.java:401] Adding type registration wrapper-binary -> org.hibernate.type.BasicTypeReference@25757934
2023-11-24 12:36:40,888 DEBUG o.h.t.BasicTypeRegistry [BasicTypeRegistry.java:401] Adding type registration image -> org.hibernate.type.BasicTypeReference@2a178b15
2023-11-24 12:36:40,889 DEBUG o.h.t.BasicTypeRegistry [BasicTypeRegistry.java:401] Adding type registration blob -> org.hibernate.type.BasicTypeReference@530f0414
2023-11-24 12:36:40,889 DEBUG o.h.t.BasicTypeRegistry [BasicTypeRegistry.java:401] Adding type registration java.sql.Blob -> org.hibernate.type.BasicTypeReference@530f0414
2023-11-24 12:36:40,889 DEBUG o.h.t.BasicTypeRegistry [BasicTypeRegistry.java:401] Adding type registration materialized_blob -> org.hibernate.type.BasicTypeReference@252d6ea6
2023-11-24 12:36:40,889 DEBUG o.h.t.BasicTypeRegistry [BasicTypeRegistry.java:401] Adding type registration materialized_blob_wrapper -> org.hibernate.type.BasicTypeReference@2b9f0fee
2023-11-24 12:36:40,889 DEBUG o.h.t.BasicTypeRegistry [BasicTypeRegistry.java:401] Adding type registration short -> org.hibernate.type.BasicTypeReference@3dc666ab
2023-11-24 12:36:40,890 DEBUG o.h.t.BasicTypeRegistry [BasicTypeRegistry.java:401] Adding type registration short -> org.hibernate.type.BasicTypeReference@3dc666ab
2023-11-24 12:36:40,890 DEBUG o.h.t.BasicTypeRegistry [BasicTypeRegistry.java:401] Adding type registration java.lang.Short -> org.hibernate.type.BasicTypeReference@3dc666ab
2023-11-24 12:36:40,890 DEBUG o.h.t.BasicTypeRegistry [BasicTypeRegistry.java:401] Adding type registration integer -> org.hibernate.type.BasicTypeReference@16c2eaa3
2023-11-24 12:36:40,890 DEBUG o.h.t.BasicTypeRegistry [BasicTypeRegistry.java:401] Adding type registration int -> org.hibernate.type.BasicTypeReference@16c2eaa3
2023-11-24 12:36:40,890 DEBUG o.h.t.BasicTypeRegistry [BasicTypeRegistry.java:401] Adding type registration java.lang.Integer -> org.hibernate.type.BasicTypeReference@16c2eaa3
2023-11-24 12:36:40,891 DEBUG o.h.t.BasicTypeRegistry [BasicTypeRegistry.java:401] Adding type registration long -> org.hibernate.type.BasicTypeReference@58d4ee83
2023-11-24 12:36:40,891 DEBUG o.h.t.BasicTypeRegistry [BasicTypeRegistry.java:401] Adding type registration long -> org.hibernate.type.BasicTypeReference@58d4ee83
2023-11-24 12:36:40,891 DEBUG o.h.t.BasicTypeRegistry [BasicTypeRegistry.java:401] Adding type registration java.lang.Long -> org.hibernate.type.BasicTypeReference@58d4ee83
2023-11-24 12:36:40,891 DEBUG o.h.t.BasicTypeRegistry [BasicTypeRegistry.java:401] Adding type registration float -> org.hibernate.type.BasicTypeReference@be77a08
2023-11-24 12:36:40,891 DEBUG o.h.t.BasicTypeRegistry [BasicTypeRegistry.java:401] Adding type registration float -> org.hibernate.type.BasicTypeReference@be77a08
2023-11-24 12:36:40,891 DEBUG o.h.t.BasicTypeRegistry [BasicTypeRegistry.java:401] Adding type registration java.lang.Float -> org.hibernate.type.BasicTypeReference@be77a08
2023-11-24 12:36:40,891 DEBUG o.h.t.BasicTypeRegistry [BasicTypeRegistry.java:401] Adding type registration double -> org.hibernate.type.BasicTypeReference@51aa6e1
2023-11-24 12:36:40,892 DEBUG o.h.t.BasicTypeRegistry [BasicTypeRegistry.java:401] Adding type registration double -> org.hibernate.type.BasicTypeReference@51aa6e1
2023-11-24 12:36:40,892 DEBUG o.h.t.BasicTypeRegistry [BasicTypeRegistry.java:401] Adding type registration java.lang.Double -> org.hibernate.type.BasicTypeReference@51aa6e1
2023-11-24 12:36:40,892 DEBUG o.h.t.BasicTypeRegistry [BasicTypeRegistry.java:401] Adding type registration big_integer -> org.hibernate.type.BasicTypeReference@48cd313
2023-11-24 12:36:40,892 DEBUG o.h.t.BasicTypeRegistry [BasicTypeRegistry.java:401] Adding type registration java.math.BigInteger -> org.hibernate.type.BasicTypeReference@48cd313
2023-11-24 12:36:40,892 DEBUG o.h.t.BasicTypeRegistry [BasicTypeRegistry.java:401] Adding type registration big_decimal -> org.hibernate.type.BasicTypeReference@7bd395f7
2023-11-24 12:36:40,892 DEBUG o.h.t.BasicTypeRegistry [BasicTypeRegistry.java:401] Adding type registration java.math.BigDecimal -> org.hibernate.type.BasicTypeReference@7bd395f7
2023-11-24 12:36:40,892 DEBUG o.h.t.BasicTypeRegistry [BasicTypeRegistry.java:401] Adding type registration character -> org.hibernate.type.BasicTypeReference@4b5497bf
2023-11-24 12:36:40,893 DEBUG o.h.t.BasicTypeRegistry [BasicTypeRegistry.java:401] Adding type registration char -> org.hibernate.type.BasicTypeReference@4b5497bf
2023-11-24 12:36:40,893 DEBUG o.h.t.BasicTypeRegistry [BasicTypeRegistry.java:401] Adding type registration java.lang.Character -> org.hibernate.type.BasicTypeReference@4b5497bf
2023-11-24 12:36:40,893 DEBUG o.h.t.BasicTypeRegistry [BasicTypeRegistry.java:401] Adding type registration character_nchar -> org.hibernate.type.BasicTypeReference@1b290d9a
2023-11-24 12:36:40,893 DEBUG o.h.t.BasicTypeRegistry [BasicTypeRegistry.java:401] Adding type registration string -> org.hibernate.type.BasicTypeReference@79df41a7
2023-11-24 12:36:40,893 DEBUG o.h.t.BasicTypeRegistry [BasicTypeRegistry.java:401] Adding type registration java.lang.String -> org.hibernate.type.BasicTypeReference@79df41a7
2023-11-24 12:36:40,893 DEBUG o.h.t.BasicTypeRegistry [BasicTypeRegistry.java:401] Adding type registration nstring -> org.hibernate.type.BasicTypeReference@1e441f46
2023-11-24 12:36:40,893 DEBUG o.h.t.BasicTypeRegistry [BasicTypeRegistry.java:401] Adding type registration characters -> org.hibernate.type.BasicTypeReference@71c28a5e
2023-11-24 12:36:40,893 DEBUG o.h.t.BasicTypeRegistry [BasicTypeRegistry.java:401] Adding type registration char[] -> org.hibernate.type.BasicTypeReference@71c28a5e
2023-11-24 12:36:40,894 DEBUG o.h.t.BasicTypeRegistry [BasicTypeRegistry.java:401] Adding type registration [C -> org.hibernate.type.BasicTypeReference@71c28a5e
2023-11-24 12:36:40,894 DEBUG o.h.t.BasicTypeRegistry [BasicTypeRegistry.java:401] Adding type registration wrapper-characters -> org.hibernate.type.BasicTypeReference@22540c21
2023-11-24 12:36:40,894 DEBUG o.h.t.BasicTypeRegistry [BasicTypeRegistry.java:401] Adding type registration text -> org.hibernate.type.BasicTypeReference@2105a3b5
2023-11-24 12:36:40,894 DEBUG o.h.t.BasicTypeRegistry [BasicTypeRegistry.java:401] Adding type registration ntext -> org.hibernate.type.BasicTypeReference@1f0526fc
2023-11-24 12:36:40,894 DEBUG o.h.t.BasicTypeRegistry [BasicTypeRegistry.java:401] Adding type registration clob -> org.hibernate.type.BasicTypeReference@7a70cf38
2023-11-24 12:36:40,894 DEBUG o.h.t.BasicTypeRegistry [BasicTypeRegistry.java:401] Adding type registration java.sql.Clob -> org.hibernate.type.BasicTypeReference@7a70cf38
2023-11-24 12:36:40,895 DEBUG o.h.t.BasicTypeRegistry [BasicTypeRegistry.java:401] Adding type registration nclob -> org.hibernate.type.BasicTypeReference@78c7e153
2023-11-24 12:36:40,895 DEBUG o.h.t.BasicTypeRegistry [BasicTypeRegistry.java:401] Adding type registration java.sql.NClob -> org.hibernate.type.BasicTypeReference@78c7e153
2023-11-24 12:36:40,895 DEBUG o.h.t.BasicTypeRegistry [BasicTypeRegistry.java:401] Adding type registration materialized_clob -> org.hibernate.type.BasicTypeReference@7453fdf5
2023-11-24 12:36:40,895 DEBUG o.h.t.BasicTypeRegistry [BasicTypeRegistry.java:401] Adding type registration materialized_clob_char_array -> org.hibernate.type.BasicTypeReference@42571745
2023-11-24 12:36:40,895 DEBUG o.h.t.BasicTypeRegistry [BasicTypeRegistry.java:401] Adding type registration materialized_clob_character_array -> org.hibernate.type.BasicTypeReference@3e220938
2023-11-24 12:36:40,895 DEBUG o.h.t.BasicTypeRegistry [BasicTypeRegistry.java:401] Adding type registration materialized_nclob -> org.hibernate.type.BasicTypeReference@79a8aad6
2023-11-24 12:36:40,896 DEBUG o.h.t.BasicTypeRegistry [BasicTypeRegistry.java:401] Adding type registration materialized_nclob_character_array -> org.hibernate.type.BasicTypeReference@127f5c43
2023-11-24 12:36:40,896 DEBUG o.h.t.BasicTypeRegistry [BasicTypeRegistry.java:401] Adding type registration materialized_nclob_char_array -> org.hibernate.type.BasicTypeReference@68e89c76
2023-11-24 12:36:40,896 DEBUG o.h.t.BasicTypeRegistry [BasicTypeRegistry.java:401] Adding type registration Duration -> org.hibernate.type.BasicTypeReference@462d239a
2023-11-24 12:36:40,896 DEBUG o.h.t.BasicTypeRegistry [BasicTypeRegistry.java:401] Adding type registration java.time.Duration -> org.hibernate.type.BasicTypeReference@462d239a
2023-11-24 12:36:40,896 DEBUG o.h.t.BasicTypeRegistry [BasicTypeRegistry.java:401] Adding type registration LocalDateTime -> org.hibernate.type.BasicTypeReference@7a6fcf93
2023-11-24 12:36:40,896 DEBUG o.h.t.BasicTypeRegistry [BasicTypeRegistry.java:401] Adding type registration java.time.LocalDateTime -> org.hibernate.type.BasicTypeReference@7a6fcf93
2023-11-24 12:36:40,897 DEBUG o.h.t.BasicTypeRegistry [BasicTypeRegistry.java:401] Adding type registration LocalDate -> org.hibernate.type.BasicTypeReference@129a09d9
2023-11-24 12:36:40,897 DEBUG o.h.t.BasicTypeRegistry [BasicTypeRegistry.java:401] Adding type registration java.time.LocalDate -> org.hibernate.type.BasicTypeReference@129a09d9
2023-11-24 12:36:40,897 DEBUG o.h.t.BasicTypeRegistry [BasicTypeRegistry.java:401] Adding type registration LocalTime -> org.hibernate.type.BasicTypeReference@3e3d3cd0
2023-11-24 12:36:40,897 DEBUG o.h.t.BasicTypeRegistry [BasicTypeRegistry.java:401] Adding type registration java.time.LocalTime -> org.hibernate.type.BasicTypeReference@3e3d3cd0
2023-11-24 12:36:40,897 DEBUG o.h.t.BasicTypeRegistry [BasicTypeRegistry.java:401] Adding type registration OffsetDateTime -> org.hibernate.type.BasicTypeReference@1123f97e
2023-11-24 12:36:40,897 DEBUG o.h.t.BasicTypeRegistry [BasicTypeRegistry.java:401] Adding type registration java.time.OffsetDateTime -> org.hibernate.type.BasicTypeReference@1123f97e
2023-11-24 12:36:40,897 DEBUG o.h.t.BasicTypeRegistry [BasicTypeRegistry.java:401] Adding type registration OffsetDateTimeWithTimezone -> org.hibernate.type.BasicTypeReference@15b4bf9e
2023-11-24 12:36:40,897 DEBUG o.h.t.BasicTypeRegistry [BasicTypeRegistry.java:401] Adding type registration OffsetDateTimeWithoutTimezone -> org.hibernate.type.BasicTypeReference@5722b830
2023-11-24 12:36:40,898 DEBUG o.h.t.BasicTypeRegistry [BasicTypeRegistry.java:401] Adding type registration OffsetTime -> org.hibernate.type.BasicTypeReference@2ec5b8
2023-11-24 12:36:40,898 DEBUG o.h.t.BasicTypeRegistry [BasicTypeRegistry.java:401] Adding type registration java.time.OffsetTime -> org.hibernate.type.BasicTypeReference@2ec5b8
2023-11-24 12:36:40,898 DEBUG o.h.t.BasicTypeRegistry [BasicTypeRegistry.java:401] Adding type registration OffsetTimeUtc -> org.hibernate.type.BasicTypeReference@ec824ca
2023-11-24 12:36:40,898 DEBUG o.h.t.BasicTypeRegistry [BasicTypeRegistry.java:401] Adding type registration OffsetTimeWithTimezone -> org.hibernate.type.BasicTypeReference@3eb022c2
2023-11-24 12:36:40,898 DEBUG o.h.t.BasicTypeRegistry [BasicTypeRegistry.java:401] Adding type registration OffsetTimeWithoutTimezone -> org.hibernate.type.BasicTypeReference@7c91fe1c
2023-11-24 12:36:40,898 DEBUG o.h.t.BasicTypeRegistry [BasicTypeRegistry.java:401] Adding type registration ZonedDateTime -> org.hibernate.type.BasicTypeReference@ae4e733
2023-11-24 12:36:40,898 DEBUG o.h.t.BasicTypeRegistry [BasicTypeRegistry.java:401] Adding type registration java.time.ZonedDateTime -> org.hibernate.type.BasicTypeReference@ae4e733
2023-11-24 12:36:40,898 DEBUG o.h.t.BasicTypeRegistry [BasicTypeRegistry.java:401] Adding type registration ZonedDateTimeWithTimezone -> org.hibernate.type.BasicTypeReference@45456cd1
2023-11-24 12:36:40,898 DEBUG o.h.t.BasicTypeRegistry [BasicTypeRegistry.java:401] Adding type registration ZonedDateTimeWithoutTimezone -> org.hibernate.type.BasicTypeReference@7a5ce089
2023-11-24 12:36:40,899 DEBUG o.h.t.BasicTypeRegistry [BasicTypeRegistry.java:401] Adding type registration date -> org.hibernate.type.BasicTypeReference@94e90c0
2023-11-24 12:36:40,899 DEBUG o.h.t.BasicTypeRegistry [BasicTypeRegistry.java:401] Adding type registration java.sql.Date -> org.hibernate.type.BasicTypeReference@94e90c0
2023-11-24 12:36:40,899 DEBUG o.h.t.BasicTypeRegistry [BasicTypeRegistry.java:401] Adding type registration time -> org.hibernate.type.BasicTypeReference@243e33a5
2023-11-24 12:36:40,899 DEBUG o.h.t.BasicTypeRegistry [BasicTypeRegistry.java:401] Adding type registration java.sql.Time -> org.hibernate.type.BasicTypeReference@243e33a5
2023-11-24 12:36:40,899 DEBUG o.h.t.BasicTypeRegistry [BasicTypeRegistry.java:401] Adding type registration timestamp -> org.hibernate.type.BasicTypeReference@4af3e017
2023-11-24 12:36:40,899 DEBUG o.h.t.BasicTypeRegistry [BasicTypeRegistry.java:401] Adding type registration java.sql.Timestamp -> org.hibernate.type.BasicTypeReference@4af3e017
2023-11-24 12:36:40,899 DEBUG o.h.t.BasicTypeRegistry [BasicTypeRegistry.java:401] Adding type registration java.util.Date -> org.hibernate.type.BasicTypeReference@4af3e017
2023-11-24 12:36:40,899 DEBUG o.h.t.BasicTypeRegistry [BasicTypeRegistry.java:401] Adding type registration calendar -> org.hibernate.type.BasicTypeReference@57361968
2023-11-24 12:36:40,900 DEBUG o.h.t.BasicTypeRegistry [BasicTypeRegistry.java:401] Adding type registration java.util.Calendar -> org.hibernate.type.BasicTypeReference@57361968
2023-11-24 12:36:40,900 DEBUG o.h.t.BasicTypeRegistry [BasicTypeRegistry.java:401] Adding type registration java.util.GregorianCalendar -> org.hibernate.type.BasicTypeReference@57361968
2023-11-24 12:36:40,900 DEBUG o.h.t.BasicTypeRegistry [BasicTypeRegistry.java:401] Adding type registration calendar_date -> org.hibernate.type.BasicTypeReference@2a835bde
2023-11-24 12:36:40,900 DEBUG o.h.t.BasicTypeRegistry [BasicTypeRegistry.java:401] Adding type registration calendar_time -> org.hibernate.type.BasicTypeReference@7f75f630
2023-11-24 12:36:40,900 DEBUG o.h.t.BasicTypeRegistry [BasicTypeRegistry.java:401] Adding type registration instant -> org.hibernate.type.BasicTypeReference@2a534291
2023-11-24 12:36:40,900 DEBUG o.h.t.BasicTypeRegistry [BasicTypeRegistry.java:401] Adding type registration java.time.Instant -> org.hibernate.type.BasicTypeReference@2a534291
2023-11-24 12:36:40,900 DEBUG o.h.t.BasicTypeRegistry [BasicTypeRegistry.java:401] Adding type registration uuid -> org.hibernate.type.BasicTypeReference@4dc9e3ea
2023-11-24 12:36:40,900 DEBUG o.h.t.BasicTypeRegistry [BasicTypeRegistry.java:401] Adding type registration java.util.UUID -> org.hibernate.type.BasicTypeReference@4dc9e3ea
2023-11-24 12:36:40,900 DEBUG o.h.t.BasicTypeRegistry [BasicTypeRegistry.java:401] Adding type registration pg-uuid -> org.hibernate.type.BasicTypeReference@4dc9e3ea
2023-11-24 12:36:40,901 DEBUG o.h.t.BasicTypeRegistry [BasicTypeRegistry.java:401] Adding type registration uuid-binary -> org.hibernate.type.BasicTypeReference@7d241c26
2023-11-24 12:36:40,901 DEBUG o.h.t.BasicTypeRegistry [BasicTypeRegistry.java:401] Adding type registration uuid-char -> org.hibernate.type.BasicTypeReference@2db0b1c4
2023-11-24 12:36:40,901 DEBUG o.h.t.BasicTypeRegistry [BasicTypeRegistry.java:401] Adding type registration class -> org.hibernate.type.BasicTypeReference@1d472929
2023-11-24 12:36:40,901 DEBUG o.h.t.BasicTypeRegistry [BasicTypeRegistry.java:401] Adding type registration java.lang.Class -> org.hibernate.type.BasicTypeReference@1d472929
2023-11-24 12:36:40,901 DEBUG o.h.t.BasicTypeRegistry [BasicTypeRegistry.java:401] Adding type registration currency -> org.hibernate.type.BasicTypeReference@1f934fd8
2023-11-24 12:36:40,901 DEBUG o.h.t.BasicTypeRegistry [BasicTypeRegistry.java:401] Adding type registration Currency -> org.hibernate.type.BasicTypeReference@1f934fd8
2023-11-24 12:36:40,901 DEBUG o.h.t.BasicTypeRegistry [BasicTypeRegistry.java:401] Adding type registration java.util.Currency -> org.hibernate.type.BasicTypeReference@1f934fd8
2023-11-24 12:36:40,902 DEBUG o.h.t.BasicTypeRegistry [BasicTypeRegistry.java:401] Adding type registration locale -> org.hibernate.type.BasicTypeReference@428ba520
2023-11-24 12:36:40,902 DEBUG o.h.t.BasicTypeRegistry [BasicTypeRegistry.java:401] Adding type registration java.util.Locale -> org.hibernate.type.BasicTypeReference@428ba520
2023-11-24 12:36:40,902 DEBUG o.h.t.BasicTypeRegistry [BasicTypeRegistry.java:401] Adding type registration serializable -> org.hibernate.type.BasicTypeReference@6a9d1224
2023-11-24 12:36:40,902 DEBUG o.h.t.BasicTypeRegistry [BasicTypeRegistry.java:401] Adding type registration java.io.Serializable -> org.hibernate.type.BasicTypeReference@6a9d1224
2023-11-24 12:36:40,902 DEBUG o.h.t.BasicTypeRegistry [BasicTypeRegistry.java:401] Adding type registration timezone -> org.hibernate.type.BasicTypeReference@4eb7603f
2023-11-24 12:36:40,902 DEBUG o.h.t.BasicTypeRegistry [BasicTypeRegistry.java:401] Adding type registration java.util.TimeZone -> org.hibernate.type.BasicTypeReference@4eb7603f
2023-11-24 12:36:40,902 DEBUG o.h.t.BasicTypeRegistry [BasicTypeRegistry.java:401] Adding type registration ZoneOffset -> org.hibernate.type.BasicTypeReference@4bdf1bbe
2023-11-24 12:36:40,902 DEBUG o.h.t.BasicTypeRegistry [BasicTypeRegistry.java:401] Adding type registration java.time.ZoneOffset -> org.hibernate.type.BasicTypeReference@4bdf1bbe
2023-11-24 12:36:40,903 DEBUG o.h.t.BasicTypeRegistry [BasicTypeRegistry.java:401] Adding type registration url -> org.hibernate.type.BasicTypeReference@54e21540
2023-11-24 12:36:40,903 DEBUG o.h.t.BasicTypeRegistry [BasicTypeRegistry.java:401] Adding type registration java.net.URL -> org.hibernate.type.BasicTypeReference@54e21540
2023-11-24 12:36:40,903 DEBUG o.h.t.BasicTypeRegistry [BasicTypeRegistry.java:401] Adding type registration row_version -> org.hibernate.type.BasicTypeReference@56ec31ca
2023-11-24 12:36:40,903 DEBUG o.h.t.BasicTypeRegistry [BasicTypeRegistry.java:376] Adding type registration object -> org.hibernate.type.JavaObjectType@65bbf773
2023-11-24 12:36:40,903 DEBUG o.h.t.BasicTypeRegistry [BasicTypeRegistry.java:376] Adding type registration java.lang.Object -> org.hibernate.type.JavaObjectType@65bbf773
2023-11-24 12:36:40,903 DEBUG o.h.t.BasicTypeRegistry [BasicTypeRegistry.java:376] Adding type registration null -> org.hibernate.type.NullType@3a77f91a
2023-11-24 12:36:40,903 DEBUG o.h.t.BasicTypeRegistry [BasicTypeRegistry.java:401] Adding type registration imm_date -> org.hibernate.type.BasicTypeReference@3f54012
2023-11-24 12:36:40,903 DEBUG o.h.t.BasicTypeRegistry [BasicTypeRegistry.java:401] Adding type registration imm_time -> org.hibernate.type.BasicTypeReference@13dec879
2023-11-24 12:36:40,903 DEBUG o.h.t.BasicTypeRegistry [BasicTypeRegistry.java:401] Adding type registration imm_timestamp -> org.hibernate.type.BasicTypeReference@717be5f8
2023-11-24 12:36:40,904 DEBUG o.h.t.BasicTypeRegistry [BasicTypeRegistry.java:401] Adding type registration imm_calendar -> org.hibernate.type.BasicTypeReference@56e416c
2023-11-24 12:36:40,904 DEBUG o.h.t.BasicTypeRegistry [BasicTypeRegistry.java:401] Adding type registration imm_calendar_date -> org.hibernate.type.BasicTypeReference@2cb26403
2023-11-24 12:36:40,904 DEBUG o.h.t.BasicTypeRegistry [BasicTypeRegistry.java:401] Adding type registration imm_calendar_time -> org.hibernate.type.BasicTypeReference@494afcec
2023-11-24 12:36:40,904 DEBUG o.h.t.BasicTypeRegistry [BasicTypeRegistry.java:401] Adding type registration imm_binary -> org.hibernate.type.BasicTypeReference@67b08418
2023-11-24 12:36:40,904 DEBUG o.h.t.BasicTypeRegistry [BasicTypeRegistry.java:401] Adding type registration imm_serializable -> org.hibernate.type.BasicTypeReference@10a2dca3
2023-11-24 12:36:40,904 TRACE o.h.q.s.f.SqmFunctionRegistry [SqmFunctionRegistry.java:43] SqmFunctionRegistry created
2023-11-24 12:36:40,905 TRACE o.h.s.i.AbstractServiceRegistryImpl [AbstractServiceRegistryImpl.java:235] Initializing service [role=org.hibernate.boot.cfgxml.spi.CfgXmlAccessService]
2023-11-24 12:36:40,906 DEBUG o.h.b.i.BootstrapContextImpl [BootstrapContextImpl.java:291] Injecting JPA temp ClassLoader [org.springframework.instrument.classloading.SimpleThrowawayClassLoader@313c1449] into BootstrapContext; was [null]
2023-11-24 12:36:40,906 DEBUG o.h.b.i.ClassLoaderAccessImpl [ClassLoaderAccessImpl.java:45] ClassLoaderAccessImpl#injectTempClassLoader(org.springframework.instrument.classloading.SimpleThrowawayClassLoader@313c1449) [was null]
2023-11-24 12:36:40,906 DEBUG o.h.b.i.BootstrapContextImpl [BootstrapContextImpl.java:301] Injecting ScanEnvironment [org.hibernate.jpa.boot.internal.StandardJpaScanEnvironmentImpl@52cfc632] into BootstrapContext; was [null]
2023-11-24 12:36:40,906 DEBUG o.h.b.i.BootstrapContextImpl [BootstrapContextImpl.java:296] Injecting ScanOptions [org.hibernate.boot.archive.scan.internal.StandardScanOptions@540e4f0c] into BootstrapContext; was [org.hibernate.boot.archive.scan.internal.StandardScanOptions@2d1bc25]
2023-11-24 12:36:40,908 DEBUG o.h.b.i.BytecodeProviderInitiator [BytecodeProviderInitiator.java:53] HHH000021: Bytecode provider name : bytebuddy
2023-11-24 12:36:40,908 DEBUG o.h.b.i.BootstrapContextImpl [BootstrapContextImpl.java:291] Injecting JPA temp ClassLoader [null] into BootstrapContext; was [org.springframework.instrument.classloading.SimpleThrowawayClassLoader@313c1449]
2023-11-24 12:36:40,909 DEBUG o.h.b.i.ClassLoaderAccessImpl [ClassLoaderAccessImpl.java:45] ClassLoaderAccessImpl#injectTempClassLoader(null) [was org.springframework.instrument.classloading.SimpleThrowawayClassLoader@313c1449]
2023-11-24 12:36:40,909 TRACE o.h.s.i.AbstractServiceRegistryImpl [AbstractServiceRegistryImpl.java:235] Initializing service [role=org.hibernate.engine.jdbc.env.spi.JdbcEnvironment]
2023-11-24 12:36:40,909 TRACE o.h.s.i.AbstractServiceRegistryImpl [AbstractServiceRegistryImpl.java:235] Initializing service [role=org.hibernate.engine.jdbc.dialect.spi.DialectFactory]
2023-11-24 12:36:40,909 TRACE o.h.s.i.AbstractServiceRegistryImpl [AbstractServiceRegistryImpl.java:235] Initializing service [role=org.hibernate.engine.jdbc.dialect.spi.DialectResolver]
2023-11-24 12:36:40,910 TRACE o.h.s.i.AbstractServiceRegistryImpl [AbstractServiceRegistryImpl.java:235] Initializing service [role=org.hibernate.engine.jdbc.connections.spi.MultiTenantConnectionProvider]
2023-11-24 12:36:40,911 TRACE o.h.s.i.AbstractServiceRegistryImpl [AbstractServiceRegistryImpl.java:235] Initializing service [role=org.hibernate.engine.jdbc.connections.spi.ConnectionProvider]
2023-11-24 12:36:40,911 TRACE o.h.s.i.AbstractServiceRegistryImpl [AbstractServiceRegistryImpl.java:235] Initializing service [role=org.hibernate.engine.jdbc.connections.spi.MultiTenantConnectionProvider]
2023-11-24 12:36:40,911 TRACE o.h.s.i.AbstractServiceRegistryImpl [AbstractServiceRegistryImpl.java:235] Initializing service [role=org.hibernate.engine.jndi.spi.JndiService]
2023-11-24 12:36:40,911 TRACE o.h.s.i.AbstractServiceRegistryImpl [AbstractServiceRegistryImpl.java:235] Initializing service [role=org.hibernate.resource.transaction.spi.TransactionCoordinatorBuilder]
2023-11-24 12:36:40,912 DEBUG o.h.e.j.e.i.JdbcEnvironmentInitiator [JdbcEnvironmentInitiator.java:286] Database ->
       name : MySQL
    version : 5.5.5-10.11.3-MariaDB-1
      major : 5
      minor : 5
2023-11-24 12:36:40,912 DEBUG o.h.e.j.e.i.JdbcEnvironmentInitiator [JdbcEnvironmentInitiator.java:297] Driver ->
       name : MySQL Connector/J
    version : mysql-connector-java-8.0.19 (Revision: a0ca826f5cdf51a98356fdfb1bf251eb042f80bf)
      major : 8
      minor : 0
2023-11-24 12:36:40,912 DEBUG o.h.e.j.e.i.JdbcEnvironmentInitiator [DelegatingBasicLogger.java:388] JDBC version : 4.2
2023-11-24 12:36:40,913 WARN o.h.d.Dialect [Dialect.java:351] HHH000511: The 5.5.0 version for [org.hibernate.dialect.MySQLDialect] is no longer supported, hence certain features may not work properly. The minimum supported version is 5.7.0. Check the community dialects project for available legacy versions.
2023-11-24 12:36:40,914 DEBUG o.h.o.dialect [DialectFactoryImpl.java:93] HHH035001: Using dialect: org.hibernate.dialect.MySQLDialect, version: 5.5
2023-11-24 12:36:40,914 DEBUG o.h.e.j.e.s.IdentifierHelperBuilder [IdentifierHelperBuilder.java:121] JDBC driver metadata reported database stores quoted identifiers in more than one case
2023-11-24 12:36:40,915 DEBUG o.h.e.j.e.s.IdentifierHelperBuilder [IdentifierHelperBuilder.java:210] IdentifierCaseStrategy for both quoted and unquoted identifiers was set to the same strategy [MIXED]; that will likely lead to problems in schema update and validation if using quoted identifiers
2023-11-24 12:36:40,915 TRACE o.h.e.j.e.i.NormalizingIdentifierHelperImpl [NormalizingIdentifierHelperImpl.java:62] Normalizing identifier quoting [cerepro_test]
2023-11-24 12:36:40,915 TRACE o.h.e.j.e.i.NormalizingIdentifierHelperImpl [NormalizingIdentifierHelperImpl.java:62] Normalizing identifier quoting [null]
2023-11-24 12:36:40,915 TRACE o.h.s.i.AbstractServiceRegistryImpl [AbstractServiceRegistryImpl.java:235] Initializing service [role=org.hibernate.engine.jdbc.spi.JdbcServices]
2023-11-24 12:36:40,915 TRACE o.h.s.i.AbstractServiceRegistryImpl [AbstractServiceRegistryImpl.java:235] Initializing service [role=org.hibernate.engine.jdbc.spi.SqlStatementLogger]
2023-11-24 12:36:40,916 TRACE o.h.s.i.AbstractServiceRegistryImpl [AbstractServiceRegistryImpl.java:235] Initializing service [role=org.hibernate.sql.ast.spi.ParameterMarkerStrategy]
2023-11-24 12:36:40,916 DEBUG o.h.t.d.s.s.DdlTypeRegistry [DdlTypeRegistry.java:63] addDescriptor(12, org.hibernate.type.descriptor.sql.internal.CapacityDependentDdlType@599c9ab7) replaced previous registration(org.hibernate.type.descriptor.sql.internal.CapacityDependentDdlType@56a32535)
2023-11-24 12:36:40,916 DEBUG o.h.t.d.s.s.DdlTypeRegistry [DdlTypeRegistry.java:63] addDescriptor(-9, org.hibernate.type.descriptor.sql.internal.CapacityDependentDdlType@76eeecb5) replaced previous registration(org.hibernate.type.descriptor.sql.internal.CapacityDependentDdlType@6fd8e931)
2023-11-24 12:36:40,916 DEBUG o.h.t.d.s.s.DdlTypeRegistry [DdlTypeRegistry.java:63] addDescriptor(-3, org.hibernate.type.descriptor.sql.internal.CapacityDependentDdlType@52ac8f5f) replaced previous registration(org.hibernate.type.descriptor.sql.internal.CapacityDependentDdlType@1de982b2)
2023-11-24 12:36:40,916 DEBUG o.h.t.d.s.s.DdlTypeRegistry [DdlTypeRegistry.java:63] addDescriptor(4003, org.hibernate.type.descriptor.sql.internal.DdlTypeImpl@1c635efe) replaced previous registration(org.hibernate.type.descriptor.sql.internal.DdlTypeImpl@345abd22)
2023-11-24 12:36:40,917 DEBUG o.h.t.d.s.s.DdlTypeRegistry [DdlTypeRegistry.java:63] addDescriptor(4001, org.hibernate.type.descriptor.sql.internal.DdlTypeImpl@2ba1a81) replaced previous registration(org.hibernate.type.descriptor.sql.internal.DdlTypeImpl@5397f476)
2023-11-24 12:36:40,917 DEBUG o.h.t.d.s.s.DdlTypeRegistry [DdlTypeRegistry.java:63] addDescriptor(4002, org.hibernate.type.descriptor.sql.internal.DdlTypeImpl@5585d454) replaced previous registration(org.hibernate.type.descriptor.sql.internal.DdlTypeImpl@34d7c06b)
2023-11-24 12:36:40,917 DEBUG o.h.t.d.s.s.DdlTypeRegistry [DdlTypeRegistry.java:63] addDescriptor(2004, org.hibernate.type.descriptor.sql.internal.CapacityDependentDdlType@666baa62) replaced previous registration(org.hibernate.type.descriptor.sql.internal.DdlTypeImpl@a33d69d)
2023-11-24 12:36:40,917 DEBUG o.h.t.d.s.s.DdlTypeRegistry [DdlTypeRegistry.java:63] addDescriptor(2005, org.hibernate.type.descriptor.sql.internal.CapacityDependentDdlType@716f84fb) replaced previous registration(org.hibernate.type.descriptor.sql.internal.DdlTypeImpl@7bb1c625)
2023-11-24 12:36:40,917 DEBUG o.h.t.d.s.s.DdlTypeRegistry [DdlTypeRegistry.java:63] addDescriptor(2011, org.hibernate.type.descriptor.sql.internal.CapacityDependentDdlType@40b24b8b) replaced previous registration(org.hibernate.type.descriptor.sql.internal.DdlTypeImpl@54a1fa3e)
2023-11-24 12:36:40,918 DEBUG o.h.t.d.j.s.JdbcTypeRegistry [JdbcTypeRegistry.java:56] addDescriptor(NCharTypeDescriptor) replaced previous registration(CharTypeDescriptor)
2023-11-24 12:36:40,918 DEBUG o.h.t.d.j.s.JdbcTypeRegistry [JdbcTypeRegistry.java:56] addDescriptor(NVarcharTypeDescriptor) replaced previous registration(VarcharTypeDescriptor)
2023-11-24 12:36:40,918 DEBUG o.h.t.d.j.s.JdbcTypeRegistry [JdbcTypeRegistry.java:56] addDescriptor(LongNVarcharTypeDescriptor) replaced previous registration(LongVarcharTypeDescriptor)
2023-11-24 12:36:40,918 DEBUG o.h.t.d.j.s.JdbcTypeRegistry [JdbcTypeRegistry.java:56] addDescriptor(NClobTypeDescriptor(DEFAULT)) replaced previous registration(ClobTypeDescriptor(DEFAULT))
2023-11-24 12:36:40,919 DEBUG o.h.t.d.j.s.JdbcTypeRegistry [JdbcTypeRegistry.java:64] addDescriptor(2005, ClobTypeDescriptor(STREAM_BINDING)) replaced previous registration(ClobTypeDescriptor(DEFAULT))
2023-11-24 12:36:40,919 DEBUG o.h.t.BasicTypeRegistry [BasicTypeRegistry.java:376] Adding type registration null -> org.hibernate.type.NullType@59e4f40d
2023-11-24 12:36:40,919 DEBUG o.h.t.BasicTypeRegistry [BasicTypeRegistry.java:380] Type registration key [null] overrode previous entry : `org.hibernate.type.NullType@3a77f91a`
2023-11-24 12:36:40,919 DEBUG o.h.t.BasicTypeRegistry [BasicTypeRegistry.java:376] Adding type registration Duration -> basicType@20(java.time.Duration,2)
2023-11-24 12:36:40,920 DEBUG o.h.t.BasicTypeRegistry [BasicTypeRegistry.java:376] Adding type registration java.time.Duration -> basicType@20(java.time.Duration,2)
2023-11-24 12:36:40,920 DEBUG o.h.t.BasicTypeRegistry [BasicTypeRegistry.java:376] Adding type registration org.hibernate.type.OffsetDateTimeType -> basicType@21(java.time.OffsetDateTime,3003)
2023-11-24 12:36:40,920 DEBUG o.h.t.BasicTypeRegistry [BasicTypeRegistry.java:376] Adding type registration OffsetDateTime -> basicType@21(java.time.OffsetDateTime,3003)
2023-11-24 12:36:40,920 DEBUG o.h.t.BasicTypeRegistry [BasicTypeRegistry.java:376] Adding type registration java.time.OffsetDateTime -> basicType@21(java.time.OffsetDateTime,3003)
2023-11-24 12:36:40,921 DEBUG o.h.t.BasicTypeRegistry [BasicTypeRegistry.java:376] Adding type registration org.hibernate.type.ZonedDateTimeType -> basicType@22(java.time.ZonedDateTime,3003)
2023-11-24 12:36:40,921 DEBUG o.h.t.BasicTypeRegistry [BasicTypeRegistry.java:376] Adding type registration ZonedDateTime -> basicType@22(java.time.ZonedDateTime,3003)
2023-11-24 12:36:40,921 DEBUG o.h.t.BasicTypeRegistry [BasicTypeRegistry.java:376] Adding type registration java.time.ZonedDateTime -> basicType@22(java.time.ZonedDateTime,3003)
2023-11-24 12:36:40,921 DEBUG o.h.t.BasicTypeRegistry [BasicTypeRegistry.java:376] Adding type registration org.hibernate.type.OffsetTimeType -> basicType@23(java.time.OffsetTime,3007)
2023-11-24 12:36:40,921 DEBUG o.h.t.BasicTypeRegistry [BasicTypeRegistry.java:376] Adding type registration OffsetTime -> basicType@23(java.time.OffsetTime,3007)
2023-11-24 12:36:40,922 DEBUG o.h.t.BasicTypeRegistry [BasicTypeRegistry.java:376] Adding type registration java.time.OffsetTime -> basicType@23(java.time.OffsetTime,3007)
2023-11-24 12:36:40,922 DEBUG o.h.t.s.TypeConfiguration$Scope [TypeConfiguration.java:191] Scoping TypeConfiguration [org.hibernate.type.spi.TypeConfiguration@2c9181fa] to MetadataBuildingContext [org.hibernate.boot.internal.MetadataBuildingContextRootImpl@7ead79f0]
2023-11-24 12:36:40,923 DEBUG o.h.b.m.r.Namespace [Namespace.java:64] Created database namespace [logicalName=Name{catalog=null, schema=null}, physicalName=Name{catalog=null, schema=null}]
2023-11-24 12:36:40,924 DEBUG o.h.b.m.i.EntityBinder [EntityBinder.java:206] Binding entity from annotated class: franco.maurizio.hr.desk.com.persistence.entity.Survey
2023-11-24 12:36:40,925 DEBUG o.h.b.m.i.EntityBinder [EntityBinder.java:1224] Import with entity name Survey
2023-11-24 12:36:40,925 TRACE o.h.b.i.InFlightMetadataCollectorImpl [InFlightMetadataCollectorImpl.java:878] Import: Survey -> franco.maurizio.hr.desk.com.persistence.entity.Survey
2023-11-24 12:36:40,925 TRACE o.h.b.i.InFlightMetadataCollectorImpl [InFlightMetadataCollectorImpl.java:878] Import: franco.maurizio.hr.desk.com.persistence.entity.Survey -> franco.maurizio.hr.desk.com.persistence.entity.Survey
2023-11-24 12:36:40,926 TRACE o.h.e.j.e.i.NormalizingIdentifierHelperImpl [NormalizingIdentifierHelperImpl.java:62] Normalizing identifier quoting [surveys]
2023-11-24 12:36:40,926 TRACE o.h.e.j.e.i.NormalizingIdentifierHelperImpl [NormalizingIdentifierHelperImpl.java:62] Normalizing identifier quoting [surveys]
2023-11-24 12:36:40,926 DEBUG o.h.b.m.i.EntityBinder [EntityBinder.java:1769] Bind entity franco.maurizio.hr.desk.com.persistence.entity.Survey on table surveys
2023-11-24 12:36:40,927 TRACE o.h.e.j.e.i.NormalizingIdentifierHelperImpl [NormalizingIdentifierHelperImpl.java:62] Normalizing identifier quoting [DTYPE]
2023-11-24 12:36:40,927 DEBUG o.h.b.m.i.AnnotatedColumn [AnnotatedColumn.java:249] Binding column: AnnotatedDiscriminatorColumn(column='DTYPE')
2023-11-24 12:36:40,927 TRACE o.h.b.m.i.PropertyBinder [PropertyBinder.java:695] Processing annotations of franco.maurizio.hr.desk.com.persistence.entity.Survey.id
2023-11-24 12:36:40,928 TRACE o.h.e.j.e.i.NormalizingIdentifierHelperImpl [NormalizingIdentifierHelperImpl.java:62] Normalizing identifier quoting [id]
2023-11-24 12:36:40,928 TRACE o.h.e.j.e.i.NormalizingIdentifierHelperImpl [NormalizingIdentifierHelperImpl.java:62] Normalizing identifier quoting [id]
2023-11-24 12:36:40,929 DEBUG o.h.b.m.i.AnnotatedColumn [AnnotatedColumn.java:249] Binding column: AnnotatedColumn(column='id')
2023-11-24 12:36:40,929 DEBUG o.h.b.i.ClassLoaderAccessImpl [ClassLoaderAccessImpl.java:60] Not known whether passed class name [franco.maurizio.hr.desk.com.persistence.entity.Survey] is safe
2023-11-24 12:36:40,929 DEBUG o.h.b.i.ClassLoaderAccessImpl [ClassLoaderAccessImpl.java:62] No temp ClassLoader provided; using live ClassLoader for loading potentially unsafe class : franco.maurizio.hr.desk.com.persistence.entity.Survey
2023-11-24 12:36:40,929 DEBUG o.h.b.m.i.PropertyBinder [PropertyBinder.java:251] MetadataSourceProcessor property id with lazy=false
2023-11-24 12:36:40,930 DEBUG o.h.b.m.i.AbstractPropertyHolder [AbstractPropertyHolder.java:107] Attempting to locate auto-apply AttributeConverter for property [franco.maurizio.hr.desk.com.persistence.entity.Survey:id]
2023-11-24 12:36:40,930 DEBUG o.h.b.m.i.BasicValueBinder [BasicValueBinder.java:1196] building BasicValue for id
2023-11-24 12:36:40,930 DEBUG o.h.m.BasicValue [BasicValue.java:259] Skipping column re-registration: surveys.id
2023-11-24 12:36:40,930 TRACE o.h.e.j.e.i.NormalizingIdentifierHelperImpl [NormalizingIdentifierHelperImpl.java:62] Normalizing identifier quoting [id]
2023-11-24 12:36:40,930 DEBUG o.h.b.m.i.PropertyBinder [PropertyBinder.java:391] Building property id
2023-11-24 12:36:40,931 TRACE o.h.b.m.i.PropertyBinder [PropertyBinder.java:407] Cascading id with null
2023-11-24 12:36:40,931 DEBUG o.h.b.m.i.BinderHelper [GeneratorBinder.java:73] #makeIdGenerator(BasicValue([Column(id)]), id, identity, , ...)
2023-11-24 12:36:40,931 TRACE o.h.b.m.i.PropertyBinder [PropertyBinder.java:1327] Bind @Id on id
2023-11-24 12:36:40,931 TRACE o.h.b.m.i.PropertyBinder [PropertyBinder.java:695] Processing annotations of franco.maurizio.hr.desk.com.persistence.entity.Survey.description
2023-11-24 12:36:40,932 TRACE o.h.e.j.e.i.NormalizingIdentifierHelperImpl [NormalizingIdentifierHelperImpl.java:62] Normalizing identifier quoting [description]
2023-11-24 12:36:40,932 TRACE o.h.e.j.e.i.NormalizingIdentifierHelperImpl [NormalizingIdentifierHelperImpl.java:62] Normalizing identifier quoting [description]
2023-11-24 12:36:40,932 DEBUG o.h.b.m.i.AnnotatedColumn [AnnotatedColumn.java:249] Binding column: AnnotatedColumn(column='description')
2023-11-24 12:36:40,933 DEBUG o.h.b.m.i.PropertyBinder [PropertyBinder.java:251] MetadataSourceProcessor property description with lazy=false
2023-11-24 12:36:40,933 DEBUG o.h.b.m.i.AbstractPropertyHolder [AbstractPropertyHolder.java:107] Attempting to locate auto-apply AttributeConverter for property [franco.maurizio.hr.desk.com.persistence.entity.Survey:description]
2023-11-24 12:36:40,933 DEBUG o.h.b.m.i.BasicValueBinder [BasicValueBinder.java:1196] building BasicValue for description
2023-11-24 12:36:40,934 DEBUG o.h.m.BasicValue [BasicValue.java:259] Skipping column re-registration: surveys.description
2023-11-24 12:36:40,934 TRACE o.h.e.j.e.i.NormalizingIdentifierHelperImpl [NormalizingIdentifierHelperImpl.java:62] Normalizing identifier quoting [description]
2023-11-24 12:36:40,934 DEBUG o.h.b.m.i.PropertyBinder [PropertyBinder.java:391] Building property description
2023-11-24 12:36:40,934 TRACE o.h.b.m.i.PropertyBinder [PropertyBinder.java:407] Cascading description with null
2023-11-24 12:36:40,935 TRACE o.h.b.m.i.PropertyBinder [PropertyBinder.java:695] Processing annotations of franco.maurizio.hr.desk.com.persistence.entity.Survey.label
2023-11-24 12:36:40,935 TRACE o.h.e.j.e.i.NormalizingIdentifierHelperImpl [NormalizingIdentifierHelperImpl.java:62] Normalizing identifier quoting [label]
2023-11-24 12:36:40,936 TRACE o.h.e.j.e.i.NormalizingIdentifierHelperImpl [NormalizingIdentifierHelperImpl.java:62] Normalizing identifier quoting [label]
2023-11-24 12:36:40,936 DEBUG o.h.b.m.i.AnnotatedColumn [AnnotatedColumn.java:249] Binding column: AnnotatedColumn(column='label')
2023-11-24 12:36:40,936 DEBUG o.h.b.m.i.PropertyBinder [PropertyBinder.java:251] MetadataSourceProcessor property label with lazy=false
2023-11-24 12:36:40,936 DEBUG o.h.b.m.i.AbstractPropertyHolder [AbstractPropertyHolder.java:107] Attempting to locate auto-apply AttributeConverter for property [franco.maurizio.hr.desk.com.persistence.entity.Survey:label]
2023-11-24 12:36:40,937 DEBUG o.h.b.m.i.BasicValueBinder [BasicValueBinder.java:1196] building BasicValue for label
2023-11-24 12:36:40,937 DEBUG o.h.m.BasicValue [BasicValue.java:259] Skipping column re-registration: surveys.label
2023-11-24 12:36:40,937 TRACE o.h.e.j.e.i.NormalizingIdentifierHelperImpl [NormalizingIdentifierHelperImpl.java:62] Normalizing identifier quoting [label]
2023-11-24 12:36:40,937 DEBUG o.h.b.m.i.PropertyBinder [PropertyBinder.java:391] Building property label
2023-11-24 12:36:40,938 TRACE o.h.b.m.i.PropertyBinder [PropertyBinder.java:407] Cascading label with null
2023-11-24 12:36:40,938 TRACE o.h.b.m.i.PropertyBinder [PropertyBinder.java:695] Processing annotations of franco.maurizio.hr.desk.com.persistence.entity.Survey.time
2023-11-24 12:36:40,938 TRACE o.h.e.j.e.i.NormalizingIdentifierHelperImpl [NormalizingIdentifierHelperImpl.java:62] Normalizing identifier quoting [time]
2023-11-24 12:36:40,939 TRACE o.h.e.j.e.i.NormalizingIdentifierHelperImpl [NormalizingIdentifierHelperImpl.java:62] Normalizing identifier quoting [time]
2023-11-24 12:36:40,939 DEBUG o.h.b.m.i.AnnotatedColumn [AnnotatedColumn.java:249] Binding column: AnnotatedColumn(column='time')
2023-11-24 12:36:40,939 DEBUG o.h.b.m.i.PropertyBinder [PropertyBinder.java:251] MetadataSourceProcessor property time with lazy=false
2023-11-24 12:36:40,939 DEBUG o.h.b.m.i.AbstractPropertyHolder [AbstractPropertyHolder.java:107] Attempting to locate auto-apply AttributeConverter for property [franco.maurizio.hr.desk.com.persistence.entity.Survey:time]
2023-11-24 12:36:40,940 DEBUG o.h.b.m.i.BasicValueBinder [BasicValueBinder.java:1196] building BasicValue for time
2023-11-24 12:36:40,940 DEBUG o.h.m.BasicValue [BasicValue.java:259] Skipping column re-registration: surveys.time
2023-11-24 12:36:40,940 TRACE o.h.e.j.e.i.NormalizingIdentifierHelperImpl [NormalizingIdentifierHelperImpl.java:62] Normalizing identifier quoting [time]
2023-11-24 12:36:40,941 DEBUG o.h.b.m.i.PropertyBinder [PropertyBinder.java:391] Building property time
2023-11-24 12:36:40,941 TRACE o.h.b.m.i.PropertyBinder [PropertyBinder.java:407] Cascading time with null
2023-11-24 12:36:40,942 DEBUG o.h.b.m.i.EntityBinder [EntityBinder.java:206] Binding entity from annotated class: franco.maurizio.hr.desk.com.persistence.entity.CandidateSurveyToken
2023-11-24 12:36:40,942 DEBUG o.h.b.m.i.EntityBinder [EntityBinder.java:1224] Import with entity name CandidateSurveyToken
2023-11-24 12:36:40,943 TRACE o.h.b.i.InFlightMetadataCollectorImpl [InFlightMetadataCollectorImpl.java:878] Import: CandidateSurveyToken -> franco.maurizio.hr.desk.com.persistence.entity.CandidateSurveyToken
2023-11-24 12:36:40,943 TRACE o.h.b.i.InFlightMetadataCollectorImpl [InFlightMetadataCollectorImpl.java:878] Import: franco.maurizio.hr.desk.com.persistence.entity.CandidateSurveyToken -> franco.maurizio.hr.desk.com.persistence.entity.CandidateSurveyToken
2023-11-24 12:36:40,943 TRACE o.h.e.j.e.i.NormalizingIdentifierHelperImpl [NormalizingIdentifierHelperImpl.java:62] Normalizing identifier quoting [candidatesurveytokens]
2023-11-24 12:36:40,943 TRACE o.h.e.j.e.i.NormalizingIdentifierHelperImpl [NormalizingIdentifierHelperImpl.java:62] Normalizing identifier quoting [candidatesurveytokens]
2023-11-24 12:36:40,944 DEBUG o.h.b.m.i.EntityBinder [EntityBinder.java:1769] Bind entity franco.maurizio.hr.desk.com.persistence.entity.CandidateSurveyToken on table candidatesurveytokens
2023-11-24 12:36:40,944 TRACE o.h.e.j.e.i.NormalizingIdentifierHelperImpl [NormalizingIdentifierHelperImpl.java:62] Normalizing identifier quoting [DTYPE]
2023-11-24 12:36:40,944 DEBUG o.h.b.m.i.AnnotatedColumn [AnnotatedColumn.java:249] Binding column: AnnotatedDiscriminatorColumn(column='DTYPE')
2023-11-24 12:36:40,945 TRACE o.h.b.m.i.PropertyBinder [PropertyBinder.java:695] Processing annotations of franco.maurizio.hr.desk.com.persistence.entity.CandidateSurveyToken.id
2023-11-24 12:36:40,946 TRACE o.h.e.j.e.i.NormalizingIdentifierHelperImpl [NormalizingIdentifierHelperImpl.java:62] Normalizing identifier quoting [id]
2023-11-24 12:36:40,946 TRACE o.h.e.j.e.i.NormalizingIdentifierHelperImpl [NormalizingIdentifierHelperImpl.java:62] Normalizing identifier quoting [id]
2023-11-24 12:36:40,946 DEBUG o.h.b.m.i.AnnotatedColumn [AnnotatedColumn.java:249] Binding column: AnnotatedColumn()
2023-11-24 12:36:40,947 DEBUG o.h.b.i.ClassLoaderAccessImpl [ClassLoaderAccessImpl.java:60] Not known whether passed class name [franco.maurizio.hr.desk.com.persistence.entity.CandidateSurveyToken] is safe
2023-11-24 12:36:40,947 DEBUG o.h.b.i.ClassLoaderAccessImpl [ClassLoaderAccessImpl.java:62] No temp ClassLoader provided; using live ClassLoader for loading potentially unsafe class : franco.maurizio.hr.desk.com.persistence.entity.CandidateSurveyToken
2023-11-24 12:36:40,947 DEBUG o.h.b.m.i.PropertyBinder [PropertyBinder.java:251] MetadataSourceProcessor property id with lazy=false
2023-11-24 12:36:40,947 DEBUG o.h.b.m.i.AbstractPropertyHolder [AbstractPropertyHolder.java:107] Attempting to locate auto-apply AttributeConverter for property [franco.maurizio.hr.desk.com.persistence.entity.CandidateSurveyToken:id]
2023-11-24 12:36:40,948 DEBUG o.h.b.m.i.BasicValueBinder [BasicValueBinder.java:1196] building BasicValue for id
2023-11-24 12:36:40,948 DEBUG o.h.m.BasicValue [BasicValue.java:259] Skipping column re-registration: candidatesurveytokens.id
2023-11-24 12:36:40,948 TRACE o.h.e.j.e.i.NormalizingIdentifierHelperImpl [NormalizingIdentifierHelperImpl.java:62] Normalizing identifier quoting [id]
2023-11-24 12:36:40,948 TRACE o.h.e.j.e.i.NormalizingIdentifierHelperImpl [NormalizingIdentifierHelperImpl.java:62] Normalizing identifier quoting [id]
2023-11-24 12:36:40,948 TRACE o.h.e.j.e.i.NormalizingIdentifierHelperImpl [NormalizingIdentifierHelperImpl.java:62] Normalizing identifier quoting [id]
2023-11-24 12:36:40,949 DEBUG o.h.b.m.i.PropertyBinder [PropertyBinder.java:391] Building property id
2023-11-24 12:36:40,949 TRACE o.h.b.m.i.PropertyBinder [PropertyBinder.java:407] Cascading id with null
2023-11-24 12:36:40,949 DEBUG o.h.b.m.i.BinderHelper [GeneratorBinder.java:73] #makeIdGenerator(BasicValue([Column(id)]), id, identity, , ...)
2023-11-24 12:36:40,949 TRACE o.h.b.m.i.PropertyBinder [PropertyBinder.java:1327] Bind @Id on id
2023-11-24 12:36:40,949 TRACE o.h.b.m.i.PropertyBinder [PropertyBinder.java:695] Processing annotations of franco.maurizio.hr.desk.com.persistence.entity.CandidateSurveyToken.candidateId
2023-11-24 12:36:40,950 TRACE o.h.e.j.e.i.NormalizingIdentifierHelperImpl [NormalizingIdentifierHelperImpl.java:62] Normalizing identifier quoting [candidateId]
2023-11-24 12:36:40,950 TRACE o.h.e.j.e.i.NormalizingIdentifierHelperImpl [NormalizingIdentifierHelperImpl.java:62] Normalizing identifier quoting [candidateId]
2023-11-24 12:36:40,950 DEBUG o.h.b.m.i.AnnotatedColumn [AnnotatedColumn.java:249] Binding column: AnnotatedColumn()
2023-11-24 12:36:40,951 DEBUG o.h.b.m.i.PropertyBinder [PropertyBinder.java:251] MetadataSourceProcessor property candidateId with lazy=false
2023-11-24 12:36:40,951 DEBUG o.h.b.m.i.AbstractPropertyHolder [AbstractPropertyHolder.java:107] Attempting to locate auto-apply AttributeConverter for property [franco.maurizio.hr.desk.com.persistence.entity.CandidateSurveyToken:candidateId]
2023-11-24 12:36:40,951 DEBUG o.h.b.m.i.BasicValueBinder [BasicValueBinder.java:1196] building BasicValue for candidateId
2023-11-24 12:36:40,951 DEBUG o.h.m.BasicValue [BasicValue.java:259] Skipping column re-registration: candidatesurveytokens.candidate_id
2023-11-24 12:36:40,952 TRACE o.h.e.j.e.i.NormalizingIdentifierHelperImpl [NormalizingIdentifierHelperImpl.java:62] Normalizing identifier quoting [candidateId]
2023-11-24 12:36:40,952 TRACE o.h.e.j.e.i.NormalizingIdentifierHelperImpl [NormalizingIdentifierHelperImpl.java:62] Normalizing identifier quoting [candidateId]
2023-11-24 12:36:40,952 TRACE o.h.e.j.e.i.NormalizingIdentifierHelperImpl [NormalizingIdentifierHelperImpl.java:62] Normalizing identifier quoting [candidateId]
2023-11-24 12:36:40,952 DEBUG o.h.b.m.i.PropertyBinder [PropertyBinder.java:391] Building property candidateId
2023-11-24 12:36:40,952 TRACE o.h.b.m.i.PropertyBinder [PropertyBinder.java:407] Cascading candidateId with null
2023-11-24 12:36:40,952 TRACE o.h.b.m.i.PropertyBinder [PropertyBinder.java:695] Processing annotations of franco.maurizio.hr.desk.com.persistence.entity.CandidateSurveyToken.expirationDateTime
2023-11-24 12:36:40,953 TRACE o.h.e.j.e.i.NormalizingIdentifierHelperImpl [NormalizingIdentifierHelperImpl.java:62] Normalizing identifier quoting [expirationDateTime]
2023-11-24 12:36:40,953 TRACE o.h.e.j.e.i.NormalizingIdentifierHelperImpl [NormalizingIdentifierHelperImpl.java:62] Normalizing identifier quoting [expirationDateTime]
2023-11-24 12:36:40,953 DEBUG o.h.b.m.i.AnnotatedColumn [AnnotatedColumn.java:249] Binding column: AnnotatedColumn()
2023-11-24 12:36:40,953 DEBUG o.h.b.m.i.PropertyBinder [PropertyBinder.java:251] MetadataSourceProcessor property expirationDateTime with lazy=false
2023-11-24 12:36:40,953 DEBUG o.h.b.m.i.AbstractPropertyHolder [AbstractPropertyHolder.java:107] Attempting to locate auto-apply AttributeConverter for property [franco.maurizio.hr.desk.com.persistence.entity.CandidateSurveyToken:expirationDateTime]
2023-11-24 12:36:40,953 DEBUG o.h.b.m.i.BasicValueBinder [BasicValueBinder.java:1196] building BasicValue for expirationDateTime
2023-11-24 12:36:40,954 DEBUG o.h.m.BasicValue [BasicValue.java:259] Skipping column re-registration: candidatesurveytokens.expiration_date_time
2023-11-24 12:36:40,954 TRACE o.h.e.j.e.i.NormalizingIdentifierHelperImpl [NormalizingIdentifierHelperImpl.java:62] Normalizing identifier quoting [expirationDateTime]
2023-11-24 12:36:40,954 TRACE o.h.e.j.e.i.NormalizingIdentifierHelperImpl [NormalizingIdentifierHelperImpl.java:62] Normalizing identifier quoting [expirationDateTime]
2023-11-24 12:36:40,954 TRACE o.h.e.j.e.i.NormalizingIdentifierHelperImpl [NormalizingIdentifierHelperImpl.java:62] Normalizing identifier quoting [expirationDateTime]
2023-11-24 12:36:40,954 DEBUG o.h.b.m.i.PropertyBinder [PropertyBinder.java:391] Building property expirationDateTime
2023-11-24 12:36:40,954 TRACE o.h.b.m.i.PropertyBinder [PropertyBinder.java:407] Cascading expirationDateTime with null
2023-11-24 12:36:40,955 TRACE o.h.b.m.i.PropertyBinder [PropertyBinder.java:695] Processing annotations of franco.maurizio.hr.desk.com.persistence.entity.CandidateSurveyToken.expired
2023-11-24 12:36:40,955 TRACE o.h.e.j.e.i.NormalizingIdentifierHelperImpl [NormalizingIdentifierHelperImpl.java:62] Normalizing identifier quoting [expired]
2023-11-24 12:36:40,955 TRACE o.h.e.j.e.i.NormalizingIdentifierHelperImpl [NormalizingIdentifierHelperImpl.java:62] Normalizing identifier quoting [expired]
2023-11-24 12:36:40,955 DEBUG o.h.b.m.i.AnnotatedColumn [AnnotatedColumn.java:249] Binding column: AnnotatedColumn()
2023-11-24 12:36:40,955 DEBUG o.h.b.m.i.PropertyBinder [PropertyBinder.java:251] MetadataSourceProcessor property expired with lazy=false
2023-11-24 12:36:40,955 DEBUG o.h.b.m.i.AbstractPropertyHolder [AbstractPropertyHolder.java:107] Attempting to locate auto-apply AttributeConverter for property [franco.maurizio.hr.desk.com.persistence.entity.CandidateSurveyToken:expired]
2023-11-24 12:36:40,956 DEBUG o.h.b.m.i.BasicValueBinder [BasicValueBinder.java:1196] building BasicValue for expired
2023-11-24 12:36:40,956 DEBUG o.h.m.BasicValue [BasicValue.java:259] Skipping column re-registration: candidatesurveytokens.expired
2023-11-24 12:36:40,956 TRACE o.h.e.j.e.i.NormalizingIdentifierHelperImpl [NormalizingIdentifierHelperImpl.java:62] Normalizing identifier quoting [expired]
2023-11-24 12:36:40,956 TRACE o.h.e.j.e.i.NormalizingIdentifierHelperImpl [NormalizingIdentifierHelperImpl.java:62] Normalizing identifier quoting [expired]
2023-11-24 12:36:40,956 TRACE o.h.e.j.e.i.NormalizingIdentifierHelperImpl [NormalizingIdentifierHelperImpl.java:62] Normalizing identifier quoting [expired]
2023-11-24 12:36:40,956 DEBUG o.h.b.m.i.PropertyBinder [PropertyBinder.java:391] Building property expired
2023-11-24 12:36:40,957 TRACE o.h.b.m.i.PropertyBinder [PropertyBinder.java:407] Cascading expired with null
2023-11-24 12:36:40,957 TRACE o.h.b.m.i.PropertyBinder [PropertyBinder.java:695] Processing annotations of franco.maurizio.hr.desk.com.persistence.entity.CandidateSurveyToken.generatedToken
2023-11-24 12:36:40,957 TRACE o.h.e.j.e.i.NormalizingIdentifierHelperImpl [NormalizingIdentifierHelperImpl.java:62] Normalizing identifier quoting [generatedToken]
2023-11-24 12:36:40,957 TRACE o.h.e.j.e.i.NormalizingIdentifierHelperImpl [NormalizingIdentifierHelperImpl.java:62] Normalizing identifier quoting [generatedToken]
2023-11-24 12:36:40,958 DEBUG o.h.b.m.i.AnnotatedColumn [AnnotatedColumn.java:249] Binding column: AnnotatedColumn()
2023-11-24 12:36:40,958 DEBUG o.h.b.m.i.PropertyBinder [PropertyBinder.java:251] MetadataSourceProcessor property generatedToken with lazy=false
2023-11-24 12:36:40,958 DEBUG o.h.b.m.i.AbstractPropertyHolder [AbstractPropertyHolder.java:107] Attempting to locate auto-apply AttributeConverter for property [franco.maurizio.hr.desk.com.persistence.entity.CandidateSurveyToken:generatedToken]
2023-11-24 12:36:40,958 DEBUG o.h.b.m.i.BasicValueBinder [BasicValueBinder.java:1196] building BasicValue for generatedToken
2023-11-24 12:36:40,959 DEBUG o.h.m.BasicValue [BasicValue.java:259] Skipping column re-registration: candidatesurveytokens.generated_token
2023-11-24 12:36:40,959 TRACE o.h.e.j.e.i.NormalizingIdentifierHelperImpl [NormalizingIdentifierHelperImpl.java:62] Normalizing identifier quoting [generatedToken]
2023-11-24 12:36:40,959 TRACE o.h.e.j.e.i.NormalizingIdentifierHelperImpl [NormalizingIdentifierHelperImpl.java:62] Normalizing identifier quoting [generatedToken]
2023-11-24 12:36:40,959 TRACE o.h.e.j.e.i.NormalizingIdentifierHelperImpl [NormalizingIdentifierHelperImpl.java:62] Normalizing identifier quoting [generatedToken]
2023-11-24 12:36:40,960 DEBUG o.h.b.m.i.PropertyBinder [PropertyBinder.java:391] Building property generatedToken
2023-11-24 12:36:40,960 TRACE o.h.b.m.i.PropertyBinder [PropertyBinder.java:407] Cascading generatedToken with null
2023-11-24 12:36:40,960 TRACE o.h.b.m.i.PropertyBinder [PropertyBinder.java:695] Processing annotations of franco.maurizio.hr.desk.com.persistence.entity.CandidateSurveyToken.surveyId
2023-11-24 12:36:40,960 TRACE o.h.e.j.e.i.NormalizingIdentifierHelperImpl [NormalizingIdentifierHelperImpl.java:62] Normalizing identifier quoting [surveyId]
2023-11-24 12:36:40,961 TRACE o.h.e.j.e.i.NormalizingIdentifierHelperImpl [NormalizingIdentifierHelperImpl.java:62] Normalizing identifier quoting [surveyId]
2023-11-24 12:36:40,961 DEBUG o.h.b.m.i.AnnotatedColumn [AnnotatedColumn.java:249] Binding column: AnnotatedColumn()
2023-11-24 12:36:40,961 DEBUG o.h.b.m.i.PropertyBinder [PropertyBinder.java:251] MetadataSourceProcessor property surveyId with lazy=false
2023-11-24 12:36:40,961 DEBUG o.h.b.m.i.AbstractPropertyHolder [AbstractPropertyHolder.java:107] Attempting to locate auto-apply AttributeConverter for property [franco.maurizio.hr.desk.com.persistence.entity.CandidateSurveyToken:surveyId]
2023-11-24 12:36:40,962 DEBUG o.h.b.m.i.BasicValueBinder [BasicValueBinder.java:1196] building BasicValue for surveyId
2023-11-24 12:36:40,962 DEBUG o.h.m.BasicValue [BasicValue.java:259] Skipping column re-registration: candidatesurveytokens.survey_id
2023-11-24 12:36:40,962 TRACE o.h.e.j.e.i.NormalizingIdentifierHelperImpl [NormalizingIdentifierHelperImpl.java:62] Normalizing identifier quoting [surveyId]
2023-11-24 12:36:40,962 TRACE o.h.e.j.e.i.NormalizingIdentifierHelperImpl [NormalizingIdentifierHelperImpl.java:62] Normalizing identifier quoting [surveyId]
2023-11-24 12:36:40,962 TRACE o.h.e.j.e.i.NormalizingIdentifierHelperImpl [NormalizingIdentifierHelperImpl.java:62] Normalizing identifier quoting [surveyId]
2023-11-24 12:36:40,963 DEBUG o.h.b.m.i.PropertyBinder [PropertyBinder.java:391] Building property surveyId
2023-11-24 12:36:40,963 TRACE o.h.b.m.i.PropertyBinder [PropertyBinder.java:407] Cascading surveyId with null
2023-11-24 12:36:40,964 DEBUG o.h.b.m.i.EntityBinder [EntityBinder.java:206] Binding entity from annotated class: franco.maurizio.hr.desk.com.persistence.entity.CandidateStates
2023-11-24 12:36:40,964 DEBUG o.h.b.m.i.EntityBinder [EntityBinder.java:1224] Import with entity name CandidateStates
2023-11-24 12:36:40,964 TRACE o.h.b.i.InFlightMetadataCollectorImpl [InFlightMetadataCollectorImpl.java:878] Import: CandidateStates -> franco.maurizio.hr.desk.com.persistence.entity.CandidateStates
2023-11-24 12:36:40,964 TRACE o.h.b.i.InFlightMetadataCollectorImpl [InFlightMetadataCollectorImpl.java:878] Import: franco.maurizio.hr.desk.com.persistence.entity.CandidateStates -> franco.maurizio.hr.desk.com.persistence.entity.CandidateStates
2023-11-24 12:36:40,965 TRACE o.h.e.j.e.i.NormalizingIdentifierHelperImpl [NormalizingIdentifierHelperImpl.java:62] Normalizing identifier quoting [candidate_states]
2023-11-24 12:36:40,965 TRACE o.h.e.j.e.i.NormalizingIdentifierHelperImpl [NormalizingIdentifierHelperImpl.java:62] Normalizing identifier quoting [candidate_states]
2023-11-24 12:36:40,965 DEBUG o.h.b.m.i.EntityBinder [EntityBinder.java:1769] Bind entity franco.maurizio.hr.desk.com.persistence.entity.CandidateStates on table candidate_states
2023-11-24 12:36:40,965 TRACE o.h.e.j.e.i.NormalizingIdentifierHelperImpl [NormalizingIdentifierHelperImpl.java:62] Normalizing identifier quoting [DTYPE]
2023-11-24 12:36:40,965 DEBUG o.h.b.m.i.AnnotatedColumn [AnnotatedColumn.java:249] Binding column: AnnotatedDiscriminatorColumn(column='DTYPE')
2023-11-24 12:36:40,966 TRACE o.h.b.m.i.PropertyBinder [PropertyBinder.java:695] Processing annotations of franco.maurizio.hr.desk.com.persistence.entity.CandidateStates.id
2023-11-24 12:36:40,966 TRACE o.h.e.j.e.i.NormalizingIdentifierHelperImpl [NormalizingIdentifierHelperImpl.java:62] Normalizing identifier quoting [id]
2023-11-24 12:36:40,966 TRACE o.h.e.j.e.i.NormalizingIdentifierHelperImpl [NormalizingIdentifierHelperImpl.java:62] Normalizing identifier quoting [id]
2023-11-24 12:36:40,967 DEBUG o.h.b.m.i.AnnotatedColumn [AnnotatedColumn.java:249] Binding column: AnnotatedColumn(column='id')
2023-11-24 12:36:40,967 DEBUG o.h.b.i.ClassLoaderAccessImpl [ClassLoaderAccessImpl.java:60] Not known whether passed class name [franco.maurizio.hr.desk.com.persistence.entity.CandidateStates] is safe
2023-11-24 12:36:40,967 DEBUG o.h.b.i.ClassLoaderAccessImpl [ClassLoaderAccessImpl.java:62] No temp ClassLoader provided; using live ClassLoader for loading potentially unsafe class : franco.maurizio.hr.desk.com.persistence.entity.CandidateStates
2023-11-24 12:36:40,967 DEBUG o.h.b.m.i.PropertyBinder [PropertyBinder.java:251] MetadataSourceProcessor property id with lazy=false
2023-11-24 12:36:40,967 DEBUG o.h.b.m.i.AbstractPropertyHolder [AbstractPropertyHolder.java:107] Attempting to locate auto-apply AttributeConverter for property [franco.maurizio.hr.desk.com.persistence.entity.CandidateStates:id]
2023-11-24 12:36:40,967 DEBUG o.h.b.m.i.BasicValueBinder [BasicValueBinder.java:1196] building BasicValue for id
2023-11-24 12:36:40,968 DEBUG o.h.m.BasicValue [BasicValue.java:259] Skipping column re-registration: candidate_states.id
2023-11-24 12:36:40,968 TRACE o.h.e.j.e.i.NormalizingIdentifierHelperImpl [NormalizingIdentifierHelperImpl.java:62] Normalizing identifier quoting [id]
2023-11-24 12:36:40,968 DEBUG o.h.b.m.i.PropertyBinder [PropertyBinder.java:391] Building property id
2023-11-24 12:36:40,968 TRACE o.h.b.m.i.PropertyBinder [PropertyBinder.java:407] Cascading id with null
2023-11-24 12:36:40,968 DEBUG o.h.b.m.i.BinderHelper [GeneratorBinder.java:73] #makeIdGenerator(BasicValue([Column(id)]), id, identity, , ...)
2023-11-24 12:36:40,968 TRACE o.h.b.m.i.PropertyBinder [PropertyBinder.java:1327] Bind @Id on id
2023-11-24 12:36:40,968 TRACE o.h.b.m.i.PropertyBinder [PropertyBinder.java:695] Processing annotations of franco.maurizio.hr.desk.com.persistence.entity.CandidateStates.roleId
2023-11-24 12:36:40,969 TRACE o.h.e.j.e.i.NormalizingIdentifierHelperImpl [NormalizingIdentifierHelperImpl.java:62] Normalizing identifier quoting [ROLE_ID]
2023-11-24 12:36:40,969 TRACE o.h.e.j.e.i.NormalizingIdentifierHelperImpl [NormalizingIdentifierHelperImpl.java:62] Normalizing identifier quoting [ROLE_ID]
2023-11-24 12:36:40,969 DEBUG o.h.b.m.i.AnnotatedColumn [AnnotatedColumn.java:249] Binding column: AnnotatedColumn(column='ROLE_ID')
2023-11-24 12:36:40,969 DEBUG o.h.b.m.i.PropertyBinder [PropertyBinder.java:251] MetadataSourceProcessor property roleId with lazy=false
2023-11-24 12:36:40,969 DEBUG o.h.b.m.i.AbstractPropertyHolder [AbstractPropertyHolder.java:107] Attempting to locate auto-apply AttributeConverter for property [franco.maurizio.hr.desk.com.persistence.entity.CandidateStates:roleId]
2023-11-24 12:36:40,969 DEBUG o.h.b.m.i.BasicValueBinder [BasicValueBinder.java:1196] building BasicValue for roleId
2023-11-24 12:36:40,970 DEBUG o.h.m.BasicValue [BasicValue.java:259] Skipping column re-registration: candidate_states.role_id
2023-11-24 12:36:40,970 TRACE o.h.e.j.e.i.NormalizingIdentifierHelperImpl [NormalizingIdentifierHelperImpl.java:62] Normalizing identifier quoting [ROLE_ID]
2023-11-24 12:36:40,970 DEBUG o.h.b.m.i.PropertyBinder [PropertyBinder.java:391] Building property roleId
2023-11-24 12:36:40,970 TRACE o.h.b.m.i.PropertyBinder [PropertyBinder.java:407] Cascading roleId with null
2023-11-24 12:36:40,970 TRACE o.h.b.m.i.PropertyBinder [PropertyBinder.java:695] Processing annotations of franco.maurizio.hr.desk.com.persistence.entity.CandidateStates.statusCode
2023-11-24 12:36:40,970 TRACE o.h.e.j.e.i.NormalizingIdentifierHelperImpl [NormalizingIdentifierHelperImpl.java:62] Normalizing identifier quoting [STATUS_CODE]
2023-11-24 12:36:40,971 TRACE o.h.e.j.e.i.NormalizingIdentifierHelperImpl [NormalizingIdentifierHelperImpl.java:62] Normalizing identifier quoting [STATUS_CODE]
2023-11-24 12:36:40,971 DEBUG o.h.b.m.i.AnnotatedColumn [AnnotatedColumn.java:249] Binding column: AnnotatedColumn(column='STATUS_CODE')
2023-11-24 12:36:40,971 DEBUG o.h.b.m.i.PropertyBinder [PropertyBinder.java:251] MetadataSourceProcessor property statusCode with lazy=false
2023-11-24 12:36:40,971 DEBUG o.h.b.m.i.AbstractPropertyHolder [AbstractPropertyHolder.java:107] Attempting to locate auto-apply AttributeConverter for property [franco.maurizio.hr.desk.com.persistence.entity.CandidateStates:statusCode]
2023-11-24 12:36:40,971 DEBUG o.h.b.m.i.BasicValueBinder [BasicValueBinder.java:1196] building BasicValue for statusCode
2023-11-24 12:36:40,971 DEBUG o.h.m.BasicValue [BasicValue.java:259] Skipping column re-registration: candidate_states.status_code
2023-11-24 12:36:40,971 TRACE o.h.e.j.e.i.NormalizingIdentifierHelperImpl [NormalizingIdentifierHelperImpl.java:62] Normalizing identifier quoting [STATUS_CODE]
2023-11-24 12:36:40,972 DEBUG o.h.b.m.i.PropertyBinder [PropertyBinder.java:391] Building property statusCode
2023-11-24 12:36:40,972 TRACE o.h.b.m.i.PropertyBinder [PropertyBinder.java:407] Cascading statusCode with null
2023-11-24 12:36:40,972 TRACE o.h.b.m.i.PropertyBinder [PropertyBinder.java:695] Processing annotations of franco.maurizio.hr.desk.com.persistence.entity.CandidateStates.statusColor
2023-11-24 12:36:40,972 TRACE o.h.e.j.e.i.NormalizingIdentifierHelperImpl [NormalizingIdentifierHelperImpl.java:62] Normalizing identifier quoting [STATUS_COLOR]
2023-11-24 12:36:40,973 TRACE o.h.e.j.e.i.NormalizingIdentifierHelperImpl [NormalizingIdentifierHelperImpl.java:62] Normalizing identifier quoting [STATUS_COLOR]
2023-11-24 12:36:40,973 DEBUG o.h.b.m.i.AnnotatedColumn [AnnotatedColumn.java:249] Binding column: AnnotatedColumn(column='STATUS_COLOR')
2023-11-24 12:36:40,973 DEBUG o.h.b.m.i.PropertyBinder [PropertyBinder.java:251] MetadataSourceProcessor property statusColor with lazy=false
2023-11-24 12:36:40,973 DEBUG c.z.h.p.HikariPool [HikariPool.java:414] HikariPool-2 - Pool stats (total=1, active=0, idle=1, waiting=0)
2023-11-24 12:36:40,973 DEBUG o.h.b.m.i.AbstractPropertyHolder [AbstractPropertyHolder.java:107] Attempting to locate auto-apply AttributeConverter for property [franco.maurizio.hr.desk.com.persistence.entity.CandidateStates:statusColor]
2023-11-24 12:36:40,974 DEBUG o.h.b.m.i.BasicValueBinder [BasicValueBinder.java:1196] building BasicValue for statusColor
2023-11-24 12:36:40,974 DEBUG o.h.m.BasicValue [BasicValue.java:259] Skipping column re-registration: candidate_states.status_color
2023-11-24 12:36:40,975 TRACE o.h.e.j.e.i.NormalizingIdentifierHelperImpl [NormalizingIdentifierHelperImpl.java:62] Normalizing identifier quoting [STATUS_COLOR]
2023-11-24 12:36:40,975 DEBUG o.h.b.m.i.PropertyBinder [PropertyBinder.java:391] Building property statusColor
2023-11-24 12:36:40,975 TRACE o.h.b.m.i.PropertyBinder [PropertyBinder.java:407] Cascading statusColor with null
2023-11-24 12:36:40,975 TRACE o.h.b.m.i.PropertyBinder [PropertyBinder.java:695] Processing annotations of franco.maurizio.hr.desk.com.persistence.entity.CandidateStates.statusDescription
2023-11-24 12:36:40,976 TRACE o.h.e.j.e.i.NormalizingIdentifierHelperImpl [NormalizingIdentifierHelperImpl.java:62] Normalizing identifier quoting [STATUS_DESCRIPTION]
2023-11-24 12:36:40,976 TRACE o.h.e.j.e.i.NormalizingIdentifierHelperImpl [NormalizingIdentifierHelperImpl.java:62] Normalizing identifier quoting [STATUS_DESCRIPTION]
2023-11-24 12:36:40,976 DEBUG o.h.b.m.i.AnnotatedColumn [AnnotatedColumn.java:249] Binding column: AnnotatedColumn(column='STATUS_DESCRIPTION')
2023-11-24 12:36:40,977 DEBUG o.h.b.m.i.PropertyBinder [PropertyBinder.java:251] MetadataSourceProcessor property statusDescription with lazy=false
2023-11-24 12:36:40,977 DEBUG o.h.b.m.i.AbstractPropertyHolder [AbstractPropertyHolder.java:107] Attempting to locate auto-apply AttributeConverter for property [franco.maurizio.hr.desk.com.persistence.entity.CandidateStates:statusDescription]
2023-11-24 12:36:40,977 DEBUG o.h.b.m.i.BasicValueBinder [BasicValueBinder.java:1196] building BasicValue for statusDescription
2023-11-24 12:36:40,977 DEBUG c.z.h.p.HikariPool [HikariPool.java:738] HikariPool-2 - Added connection com.mysql.cj.jdbc.ConnectionImpl@4c63018a
2023-11-24 12:36:40,978 DEBUG o.h.m.BasicValue [BasicValue.java:259] Skipping column re-registration: candidate_states.status_description
2023-11-24 12:36:40,978 TRACE o.h.e.j.e.i.NormalizingIdentifierHelperImpl [NormalizingIdentifierHelperImpl.java:62] Normalizing identifier quoting [STATUS_DESCRIPTION]
2023-11-24 12:36:40,978 DEBUG o.h.b.m.i.PropertyBinder [PropertyBinder.java:391] Building property statusDescription
2023-11-24 12:36:40,978 TRACE o.h.b.m.i.PropertyBinder [PropertyBinder.java:407] Cascading statusDescription with null
2023-11-24 12:36:40,979 TRACE o.h.b.m.i.PropertyBinder [PropertyBinder.java:695] Processing annotations of franco.maurizio.hr.desk.com.persistence.entity.CandidateStates.statusLabel
2023-11-24 12:36:40,979 TRACE o.h.e.j.e.i.NormalizingIdentifierHelperImpl [NormalizingIdentifierHelperImpl.java:62] Normalizing identifier quoting [STATUS_LABEL]
2023-11-24 12:36:40,979 TRACE o.h.e.j.e.i.NormalizingIdentifierHelperImpl [NormalizingIdentifierHelperImpl.java:62] Normalizing identifier quoting [STATUS_LABEL]
2023-11-24 12:36:40,980 DEBUG o.h.b.m.i.AnnotatedColumn [AnnotatedColumn.java:249] Binding column: AnnotatedColumn(column='STATUS_LABEL')
2023-11-24 12:36:40,980 DEBUG o.h.b.m.i.PropertyBinder [PropertyBinder.java:251] MetadataSourceProcessor property statusLabel with lazy=false
2023-11-24 12:36:40,980 DEBUG o.h.b.m.i.AbstractPropertyHolder [AbstractPropertyHolder.java:107] Attempting to locate auto-apply AttributeConverter for property [franco.maurizio.hr.desk.com.persistence.entity.CandidateStates:statusLabel]
2023-11-24 12:36:40,981 DEBUG o.h.b.m.i.BasicValueBinder [BasicValueBinder.java:1196] building BasicValue for statusLabel
2023-11-24 12:36:40,981 DEBUG o.h.m.BasicValue [BasicValue.java:259] Skipping column re-registration: candidate_states.status_label
2023-11-24 12:36:40,981 TRACE o.h.e.j.e.i.NormalizingIdentifierHelperImpl [NormalizingIdentifierHelperImpl.java:62] Normalizing identifier quoting [STATUS_LABEL]
2023-11-24 12:36:40,981 DEBUG o.h.b.m.i.PropertyBinder [PropertyBinder.java:391] Building property statusLabel
2023-11-24 12:36:40,982 TRACE o.h.b.m.i.PropertyBinder [PropertyBinder.java:407] Cascading statusLabel with null
2023-11-24 12:36:40,982 DEBUG o.h.b.m.i.EntityBinder [EntityBinder.java:206] Binding entity from annotated class: franco.maurizio.hr.desk.com.persistence.entity.Role
2023-11-24 12:36:40,983 DEBUG o.h.b.m.i.EntityBinder [EntityBinder.java:1224] Import with entity name Role
2023-11-24 12:36:40,983 TRACE o.h.b.i.InFlightMetadataCollectorImpl [InFlightMetadataCollectorImpl.java:878] Import: Role -> franco.maurizio.hr.desk.com.persistence.entity.Role
2023-11-24 12:36:40,983 TRACE o.h.b.i.InFlightMetadataCollectorImpl [InFlightMetadataCollectorImpl.java:878] Import: franco.maurizio.hr.desk.com.persistence.entity.Role -> franco.maurizio.hr.desk.com.persistence.entity.Role
2023-11-24 12:36:40,984 TRACE o.h.e.j.e.i.NormalizingIdentifierHelperImpl [NormalizingIdentifierHelperImpl.java:62] Normalizing identifier quoting [roles]
2023-11-24 12:36:40,984 TRACE o.h.e.j.e.i.NormalizingIdentifierHelperImpl [NormalizingIdentifierHelperImpl.java:62] Normalizing identifier quoting [roles]
2023-11-24 12:36:40,984 DEBUG o.h.b.m.i.EntityBinder [EntityBinder.java:1769] Bind entity franco.maurizio.hr.desk.com.persistence.entity.Role on table roles
2023-11-24 12:36:40,985 TRACE o.h.e.j.e.i.NormalizingIdentifierHelperImpl [NormalizingIdentifierHelperImpl.java:62] Normalizing identifier quoting [DTYPE]
2023-11-24 12:36:40,985 DEBUG o.h.b.m.i.AnnotatedColumn [AnnotatedColumn.java:249] Binding column: AnnotatedDiscriminatorColumn(column='DTYPE')
2023-11-24 12:36:40,986 TRACE o.h.b.m.i.PropertyBinder [PropertyBinder.java:695] Processing annotations of franco.maurizio.hr.desk.com.persistence.entity.Role.id
2023-11-24 12:36:40,986 TRACE o.h.e.j.e.i.NormalizingIdentifierHelperImpl [NormalizingIdentifierHelperImpl.java:62] Normalizing identifier quoting [id]
2023-11-24 12:36:40,986 TRACE o.h.e.j.e.i.NormalizingIdentifierHelperImpl [NormalizingIdentifierHelperImpl.java:62] Normalizing identifier quoting [id]
2023-11-24 12:36:40,987 DEBUG o.h.b.m.i.AnnotatedColumn [AnnotatedColumn.java:249] Binding column: AnnotatedColumn(column='id')
2023-11-24 12:36:40,987 DEBUG o.h.b.i.ClassLoaderAccessImpl [ClassLoaderAccessImpl.java:60] Not known whether passed class name [franco.maurizio.hr.desk.com.persistence.entity.Role] is safe
2023-11-24 12:36:40,987 DEBUG o.h.b.i.ClassLoaderAccessImpl [ClassLoaderAccessImpl.java:62] No temp ClassLoader provided; using live ClassLoader for loading potentially unsafe class : franco.maurizio.hr.desk.com.persistence.entity.Role
2023-11-24 12:36:40,987 DEBUG o.h.b.m.i.PropertyBinder [PropertyBinder.java:251] MetadataSourceProcessor property id with lazy=false
2023-11-24 12:36:40,987 DEBUG o.h.b.m.i.AbstractPropertyHolder [AbstractPropertyHolder.java:107] Attempting to locate auto-apply AttributeConverter for property [franco.maurizio.hr.desk.com.persistence.entity.Role:id]
2023-11-24 12:36:40,987 DEBUG o.h.b.m.i.BasicValueBinder [BasicValueBinder.java:1196] building BasicValue for id
2023-11-24 12:36:40,988 DEBUG o.h.m.BasicValue [BasicValue.java:259] Skipping column re-registration: roles.id
2023-11-24 12:36:40,988 TRACE o.h.e.j.e.i.NormalizingIdentifierHelperImpl [NormalizingIdentifierHelperImpl.java:62] Normalizing identifier quoting [id]
2023-11-24 12:36:40,988 DEBUG o.h.b.m.i.PropertyBinder [PropertyBinder.java:391] Building property id
2023-11-24 12:36:40,988 TRACE o.h.b.m.i.PropertyBinder [PropertyBinder.java:407] Cascading id with null
2023-11-24 12:36:40,989 DEBUG o.h.b.m.i.BinderHelper [GeneratorBinder.java:73] #makeIdGenerator(BasicValue([Column(id)]), id, identity, , ...)
2023-11-24 12:36:40,989 TRACE o.h.b.m.i.PropertyBinder [PropertyBinder.java:1327] Bind @Id on id
2023-11-24 12:36:40,989 TRACE o.h.b.m.i.PropertyBinder [PropertyBinder.java:695] Processing annotations of franco.maurizio.hr.desk.com.persistence.entity.Role.description
2023-11-24 12:36:40,989 TRACE o.h.e.j.e.i.NormalizingIdentifierHelperImpl [NormalizingIdentifierHelperImpl.java:62] Normalizing identifier quoting [description]
2023-11-24 12:36:40,990 TRACE o.h.e.j.e.i.NormalizingIdentifierHelperImpl [NormalizingIdentifierHelperImpl.java:62] Normalizing identifier quoting [description]
2023-11-24 12:36:40,990 DEBUG o.h.b.m.i.AnnotatedColumn [AnnotatedColumn.java:249] Binding column: AnnotatedColumn(column='description')
2023-11-24 12:36:40,991 DEBUG o.h.b.m.i.PropertyBinder [PropertyBinder.java:251] MetadataSourceProcessor property description with lazy=false
2023-11-24 12:36:40,991 DEBUG o.h.b.m.i.AbstractPropertyHolder [AbstractPropertyHolder.java:107] Attempting to locate auto-apply AttributeConverter for property [franco.maurizio.hr.desk.com.persistence.entity.Role:description]
2023-11-24 12:36:40,991 DEBUG o.h.b.m.i.BasicValueBinder [BasicValueBinder.java:1196] building BasicValue for description
2023-11-24 12:36:40,992 DEBUG o.h.m.BasicValue [BasicValue.java:259] Skipping column re-registration: roles.description
2023-11-24 12:36:40,992 TRACE o.h.e.j.e.i.NormalizingIdentifierHelperImpl [NormalizingIdentifierHelperImpl.java:62] Normalizing identifier quoting [description]
2023-11-24 12:36:40,992 DEBUG o.h.b.m.i.PropertyBinder [PropertyBinder.java:391] Building property description
2023-11-24 12:36:40,992 TRACE o.h.b.m.i.PropertyBinder [PropertyBinder.java:407] Cascading description with null
2023-11-24 12:36:40,993 TRACE o.h.b.m.i.PropertyBinder [PropertyBinder.java:695] Processing annotations of franco.maurizio.hr.desk.com.persistence.entity.Role.label
2023-11-24 12:36:40,993 DEBUG c.z.h.p.HikariPool [HikariPool.java:738] HikariPool-2 - Added connection com.mysql.cj.jdbc.ConnectionImpl@d5e0bb1
2023-11-24 12:36:40,993 TRACE o.h.e.j.e.i.NormalizingIdentifierHelperImpl [NormalizingIdentifierHelperImpl.java:62] Normalizing identifier quoting [label]
2023-11-24 12:36:40,994 TRACE o.h.e.j.e.i.NormalizingIdentifierHelperImpl [NormalizingIdentifierHelperImpl.java:62] Normalizing identifier quoting [label]
2023-11-24 12:36:40,994 DEBUG o.h.b.m.i.AnnotatedColumn [AnnotatedColumn.java:249] Binding column: AnnotatedColumn(column='label')
2023-11-24 12:36:40,994 DEBUG o.h.b.m.i.PropertyBinder [PropertyBinder.java:251] MetadataSourceProcessor property label with lazy=false
2023-11-24 12:36:40,994 DEBUG o.h.b.m.i.AbstractPropertyHolder [AbstractPropertyHolder.java:107] Attempting to locate auto-apply AttributeConverter for property [franco.maurizio.hr.desk.com.persistence.entity.Role:label]
2023-11-24 12:36:40,995 DEBUG o.h.b.m.i.BasicValueBinder [BasicValueBinder.java:1196] building BasicValue for label
2023-11-24 12:36:40,995 DEBUG o.h.m.BasicValue [BasicValue.java:259] Skipping column re-registration: roles.label
2023-11-24 12:36:40,995 TRACE o.h.e.j.e.i.NormalizingIdentifierHelperImpl [NormalizingIdentifierHelperImpl.java:62] Normalizing identifier quoting [label]
2023-11-24 12:36:40,995 DEBUG o.h.b.m.i.PropertyBinder [PropertyBinder.java:391] Building property label
2023-11-24 12:36:40,996 TRACE o.h.b.m.i.PropertyBinder [PropertyBinder.java:407] Cascading label with null
2023-11-24 12:36:40,996 TRACE o.h.b.m.i.PropertyBinder [PropertyBinder.java:695] Processing annotations of franco.maurizio.hr.desk.com.persistence.entity.Role.level
2023-11-24 12:36:40,996 TRACE o.h.e.j.e.i.NormalizingIdentifierHelperImpl [NormalizingIdentifierHelperImpl.java:62] Normalizing identifier quoting [level]
2023-11-24 12:36:40,997 TRACE o.h.e.j.e.i.NormalizingIdentifierHelperImpl [NormalizingIdentifierHelperImpl.java:62] Normalizing identifier quoting [level]
2023-11-24 12:36:40,997 DEBUG o.h.b.m.i.AnnotatedColumn [AnnotatedColumn.java:249] Binding column: AnnotatedColumn(column='level')
2023-11-24 12:36:40,997 DEBUG o.h.b.m.i.PropertyBinder [PropertyBinder.java:251] MetadataSourceProcessor property level with lazy=false
2023-11-24 12:36:40,997 DEBUG o.h.b.m.i.AbstractPropertyHolder [AbstractPropertyHolder.java:107] Attempting to locate auto-apply AttributeConverter for property [franco.maurizio.hr.desk.com.persistence.entity.Role:level]
2023-11-24 12:36:40,997 DEBUG o.h.b.m.i.BasicValueBinder [BasicValueBinder.java:1196] building BasicValue for level
2023-11-24 12:36:40,998 DEBUG o.h.m.BasicValue [BasicValue.java:259] Skipping column re-registration: roles.level
2023-11-24 12:36:40,998 TRACE o.h.e.j.e.i.NormalizingIdentifierHelperImpl [NormalizingIdentifierHelperImpl.java:62] Normalizing identifier quoting [level]
2023-11-24 12:36:40,998 DEBUG o.h.b.m.i.PropertyBinder [PropertyBinder.java:391] Building property level
2023-11-24 12:36:40,998 TRACE o.h.b.m.i.PropertyBinder [PropertyBinder.java:407] Cascading level with null
2023-11-24 12:36:40,999 DEBUG o.h.b.m.i.EntityBinder [EntityBinder.java:206] Binding entity from annotated class: franco.maurizio.hr.desk.com.persistence.entity.User
2023-11-24 12:36:41,000 DEBUG o.h.b.m.i.EntityBinder [EntityBinder.java:1224] Import with entity name User
2023-11-24 12:36:41,000 TRACE o.h.b.i.InFlightMetadataCollectorImpl [InFlightMetadataCollectorImpl.java:878] Import: User -> franco.maurizio.hr.desk.com.persistence.entity.User
2023-11-24 12:36:41,000 TRACE o.h.b.i.InFlightMetadataCollectorImpl [InFlightMetadataCollectorImpl.java:878] Import: franco.maurizio.hr.desk.com.persistence.entity.User -> franco.maurizio.hr.desk.com.persistence.entity.User
2023-11-24 12:36:41,000 TRACE o.h.e.j.e.i.NormalizingIdentifierHelperImpl [NormalizingIdentifierHelperImpl.java:62] Normalizing identifier quoting [users]
2023-11-24 12:36:41,000 TRACE o.h.e.j.e.i.NormalizingIdentifierHelperImpl [NormalizingIdentifierHelperImpl.java:62] Normalizing identifier quoting [users]
2023-11-24 12:36:41,001 DEBUG o.h.b.m.i.EntityBinder [EntityBinder.java:1769] Bind entity franco.maurizio.hr.desk.com.persistence.entity.User on table users
2023-11-24 12:36:41,001 TRACE o.h.e.j.e.i.NormalizingIdentifierHelperImpl [NormalizingIdentifierHelperImpl.java:62] Normalizing identifier quoting [DTYPE]
2023-11-24 12:36:41,001 DEBUG o.h.b.m.i.AnnotatedColumn [AnnotatedColumn.java:249] Binding column: AnnotatedDiscriminatorColumn(column='DTYPE')
2023-11-24 12:36:41,001 TRACE o.h.b.m.i.PropertyBinder [PropertyBinder.java:695] Processing annotations of franco.maurizio.hr.desk.com.persistence.entity.User.id
2023-11-24 12:36:41,002 TRACE o.h.e.j.e.i.NormalizingIdentifierHelperImpl [NormalizingIdentifierHelperImpl.java:62] Normalizing identifier quoting [id]
2023-11-24 12:36:41,002 TRACE o.h.e.j.e.i.NormalizingIdentifierHelperImpl [NormalizingIdentifierHelperImpl.java:62] Normalizing identifier quoting [id]
2023-11-24 12:36:41,002 DEBUG o.h.b.m.i.AnnotatedColumn [AnnotatedColumn.java:249] Binding column: AnnotatedColumn(column='id')
2023-11-24 12:36:41,002 DEBUG o.h.b.i.ClassLoaderAccessImpl [ClassLoaderAccessImpl.java:60] Not known whether passed class name [franco.maurizio.hr.desk.com.persistence.entity.User] is safe
2023-11-24 12:36:41,002 DEBUG o.h.b.i.ClassLoaderAccessImpl [ClassLoaderAccessImpl.java:62] No temp ClassLoader provided; using live ClassLoader for loading potentially unsafe class : franco.maurizio.hr.desk.com.persistence.entity.User
2023-11-24 12:36:41,002 DEBUG o.h.b.m.i.PropertyBinder [PropertyBinder.java:251] MetadataSourceProcessor property id with lazy=false
2023-11-24 12:36:41,003 DEBUG o.h.b.m.i.AbstractPropertyHolder [AbstractPropertyHolder.java:107] Attempting to locate auto-apply AttributeConverter for property [franco.maurizio.hr.desk.com.persistence.entity.User:id]
2023-11-24 12:36:41,003 DEBUG o.h.b.m.i.BasicValueBinder [BasicValueBinder.java:1196] building BasicValue for id
2023-11-24 12:36:41,003 DEBUG o.h.m.BasicValue [BasicValue.java:259] Skipping column re-registration: users.id
2023-11-24 12:36:41,003 TRACE o.h.e.j.e.i.NormalizingIdentifierHelperImpl [NormalizingIdentifierHelperImpl.java:62] Normalizing identifier quoting [id]
2023-11-24 12:36:41,003 DEBUG o.h.b.m.i.PropertyBinder [PropertyBinder.java:391] Building property id
2023-11-24 12:36:41,003 TRACE o.h.b.m.i.PropertyBinder [PropertyBinder.java:407] Cascading id with null
2023-11-24 12:36:41,004 DEBUG o.h.b.m.i.BinderHelper [GeneratorBinder.java:73] #makeIdGenerator(BasicValue([Column(id)]), id, identity, , ...)
2023-11-24 12:36:41,004 TRACE o.h.b.m.i.PropertyBinder [PropertyBinder.java:1327] Bind @Id on id
2023-11-24 12:36:41,004 TRACE o.h.b.m.i.PropertyBinder [PropertyBinder.java:695] Processing annotations of franco.maurizio.hr.desk.com.persistence.entity.User.email
2023-11-24 12:36:41,004 TRACE o.h.e.j.e.i.NormalizingIdentifierHelperImpl [NormalizingIdentifierHelperImpl.java:62] Normalizing identifier quoting [email]
2023-11-24 12:36:41,005 TRACE o.h.e.j.e.i.NormalizingIdentifierHelperImpl [NormalizingIdentifierHelperImpl.java:62] Normalizing identifier quoting [email]
2023-11-24 12:36:41,005 DEBUG o.h.b.m.i.AnnotatedColumn [AnnotatedColumn.java:249] Binding column: AnnotatedColumn(column='email')
2023-11-24 12:36:41,005 DEBUG o.h.b.m.i.PropertyBinder [PropertyBinder.java:251] MetadataSourceProcessor property email with lazy=false
2023-11-24 12:36:41,006 DEBUG o.h.b.m.i.AbstractPropertyHolder [AbstractPropertyHolder.java:107] Attempting to locate auto-apply AttributeConverter for property [franco.maurizio.hr.desk.com.persistence.entity.User:email]
2023-11-24 12:36:41,006 DEBUG o.h.b.m.i.BasicValueBinder [BasicValueBinder.java:1196] building BasicValue for email
2023-11-24 12:36:41,006 DEBUG o.h.m.BasicValue [BasicValue.java:259] Skipping column re-registration: users.email
2023-11-24 12:36:41,007 TRACE o.h.e.j.e.i.NormalizingIdentifierHelperImpl [NormalizingIdentifierHelperImpl.java:62] Normalizing identifier quoting [email]
2023-11-24 12:36:41,007 DEBUG o.h.b.m.i.PropertyBinder [PropertyBinder.java:391] Building property email
2023-11-24 12:36:41,007 TRACE o.h.b.m.i.PropertyBinder [PropertyBinder.java:407] Cascading email with null
2023-11-24 12:36:41,007 TRACE o.h.b.m.i.PropertyBinder [PropertyBinder.java:695] Processing annotations of franco.maurizio.hr.desk.com.persistence.entity.User.enabled
2023-11-24 12:36:41,008 TRACE o.h.e.j.e.i.NormalizingIdentifierHelperImpl [NormalizingIdentifierHelperImpl.java:62] Normalizing identifier quoting [enabled]
2023-11-24 12:36:41,008 TRACE o.h.e.j.e.i.NormalizingIdentifierHelperImpl [NormalizingIdentifierHelperImpl.java:62] Normalizing identifier quoting [enabled]
2023-11-24 12:36:41,008 DEBUG o.h.b.m.i.AnnotatedColumn [AnnotatedColumn.java:249] Binding column: AnnotatedColumn(column='enabled')
2023-11-24 12:36:41,009 DEBUG o.h.b.m.i.PropertyBinder [PropertyBinder.java:251] MetadataSourceProcessor property enabled with lazy=false
2023-11-24 12:36:41,009 DEBUG o.h.b.m.i.AbstractPropertyHolder [AbstractPropertyHolder.java:107] Attempting to locate auto-apply AttributeConverter for property [franco.maurizio.hr.desk.com.persistence.entity.User:enabled]
2023-11-24 12:36:41,009 DEBUG o.h.b.m.i.BasicValueBinder [BasicValueBinder.java:1196] building BasicValue for enabled
2023-11-24 12:36:41,010 DEBUG o.h.m.BasicValue [BasicValue.java:259] Skipping column re-registration: users.enabled
2023-11-24 12:36:41,010 TRACE o.h.e.j.e.i.NormalizingIdentifierHelperImpl [NormalizingIdentifierHelperImpl.java:62] Normalizing identifier quoting [enabled]
2023-11-24 12:36:41,010 DEBUG o.h.b.m.i.PropertyBinder [PropertyBinder.java:391] Building property enabled
2023-11-24 12:36:41,010 DEBUG c.z.h.p.HikariPool [HikariPool.java:738] HikariPool-2 - Added connection com.mysql.cj.jdbc.ConnectionImpl@6d71f4fe
2023-11-24 12:36:41,011 TRACE o.h.b.m.i.PropertyBinder [PropertyBinder.java:407] Cascading enabled with null
2023-11-24 12:36:41,011 TRACE o.h.b.m.i.PropertyBinder [PropertyBinder.java:695] Processing annotations of franco.maurizio.hr.desk.com.persistence.entity.User.firstname
2023-11-24 12:36:41,011 TRACE o.h.e.j.e.i.NormalizingIdentifierHelperImpl [NormalizingIdentifierHelperImpl.java:62] Normalizing identifier quoting [firstname]
2023-11-24 12:36:41,012 TRACE o.h.e.j.e.i.NormalizingIdentifierHelperImpl [NormalizingIdentifierHelperImpl.java:62] Normalizing identifier quoting [firstname]
2023-11-24 12:36:41,012 DEBUG o.h.b.m.i.AnnotatedColumn [AnnotatedColumn.java:249] Binding column: AnnotatedColumn(column='firstname')
2023-11-24 12:36:41,013 DEBUG o.h.b.m.i.PropertyBinder [PropertyBinder.java:251] MetadataSourceProcessor property firstname with lazy=false
2023-11-24 12:36:41,013 DEBUG o.h.b.m.i.AbstractPropertyHolder [AbstractPropertyHolder.java:107] Attempting to locate auto-apply AttributeConverter for property [franco.maurizio.hr.desk.com.persistence.entity.User:firstname]
2023-11-24 12:36:41,013 DEBUG o.h.b.m.i.BasicValueBinder [BasicValueBinder.java:1196] building BasicValue for firstname
2023-11-24 12:36:41,014 DEBUG o.h.m.BasicValue [BasicValue.java:259] Skipping column re-registration: users.firstname
2023-11-24 12:36:41,014 TRACE o.h.e.j.e.i.NormalizingIdentifierHelperImpl [NormalizingIdentifierHelperImpl.java:62] Normalizing identifier quoting [firstname]
2023-11-24 12:36:41,014 DEBUG o.h.b.m.i.PropertyBinder [PropertyBinder.java:391] Building property firstname
2023-11-24 12:36:41,014 TRACE o.h.b.m.i.PropertyBinder [PropertyBinder.java:407] Cascading firstname with null
2023-11-24 12:36:41,015 TRACE o.h.b.m.i.PropertyBinder [PropertyBinder.java:695] Processing annotations of franco.maurizio.hr.desk.com.persistence.entity.User.lastname
2023-11-24 12:36:41,015 TRACE o.h.e.j.e.i.NormalizingIdentifierHelperImpl [NormalizingIdentifierHelperImpl.java:62] Normalizing identifier quoting [lastname]
2023-11-24 12:36:41,015 TRACE o.h.e.j.e.i.NormalizingIdentifierHelperImpl [NormalizingIdentifierHelperImpl.java:62] Normalizing identifier quoting [lastname]
2023-11-24 12:36:41,016 DEBUG o.h.b.m.i.AnnotatedColumn [AnnotatedColumn.java:249] Binding column: AnnotatedColumn(column='lastname')
2023-11-24 12:36:41,016 DEBUG o.h.b.m.i.PropertyBinder [PropertyBinder.java:251] MetadataSourceProcessor property lastname with lazy=false
2023-11-24 12:36:41,016 DEBUG o.h.b.m.i.AbstractPropertyHolder [AbstractPropertyHolder.java:107] Attempting to locate auto-apply AttributeConverter for property [franco.maurizio.hr.desk.com.persistence.entity.User:lastname]
2023-11-24 12:36:41,016 DEBUG o.h.b.m.i.BasicValueBinder [BasicValueBinder.java:1196] building BasicValue for lastname
2023-11-24 12:36:41,016 DEBUG o.h.m.BasicValue [BasicValue.java:259] Skipping column re-registration: users.lastname
2023-11-24 12:36:41,017 TRACE o.h.e.j.e.i.NormalizingIdentifierHelperImpl [NormalizingIdentifierHelperImpl.java:62] Normalizing identifier quoting [lastname]
2023-11-24 12:36:41,017 DEBUG o.h.b.m.i.PropertyBinder [PropertyBinder.java:391] Building property lastname
2023-11-24 12:36:41,017 TRACE o.h.b.m.i.PropertyBinder [PropertyBinder.java:407] Cascading lastname with null
2023-11-24 12:36:41,017 TRACE o.h.b.m.i.PropertyBinder [PropertyBinder.java:695] Processing annotations of franco.maurizio.hr.desk.com.persistence.entity.User.password
2023-11-24 12:36:41,017 TRACE o.h.e.j.e.i.NormalizingIdentifierHelperImpl [NormalizingIdentifierHelperImpl.java:62] Normalizing identifier quoting [password]
2023-11-24 12:36:41,018 TRACE o.h.e.j.e.i.NormalizingIdentifierHelperImpl [NormalizingIdentifierHelperImpl.java:62] Normalizing identifier quoting [password]
2023-11-24 12:36:41,018 DEBUG o.h.b.m.i.AnnotatedColumn [AnnotatedColumn.java:249] Binding column: AnnotatedColumn(column='password')
2023-11-24 12:36:41,018 DEBUG o.h.b.m.i.PropertyBinder [PropertyBinder.java:251] MetadataSourceProcessor property password with lazy=false
2023-11-24 12:36:41,019 DEBUG o.h.b.m.i.AbstractPropertyHolder [AbstractPropertyHolder.java:107] Attempting to locate auto-apply AttributeConverter for property [franco.maurizio.hr.desk.com.persistence.entity.User:password]
2023-11-24 12:36:41,019 DEBUG o.h.b.m.i.BasicValueBinder [BasicValueBinder.java:1196] building BasicValue for password
2023-11-24 12:36:41,019 DEBUG o.h.m.BasicValue [BasicValue.java:259] Skipping column re-registration: users.password
2023-11-24 12:36:41,019 TRACE o.h.e.j.e.i.NormalizingIdentifierHelperImpl [NormalizingIdentifierHelperImpl.java:62] Normalizing identifier quoting [password]
2023-11-24 12:36:41,019 DEBUG o.h.b.m.i.PropertyBinder [PropertyBinder.java:391] Building property password
2023-11-24 12:36:41,020 TRACE o.h.b.m.i.PropertyBinder [PropertyBinder.java:407] Cascading password with null
2023-11-24 12:36:41,020 TRACE o.h.b.m.i.PropertyBinder [PropertyBinder.java:695] Processing annotations of franco.maurizio.hr.desk.com.persistence.entity.User.regdate
2023-11-24 12:36:41,020 TRACE o.h.e.j.e.i.NormalizingIdentifierHelperImpl [NormalizingIdentifierHelperImpl.java:62] Normalizing identifier quoting [regdate]
2023-11-24 12:36:41,020 TRACE o.h.e.j.e.i.NormalizingIdentifierHelperImpl [NormalizingIdentifierHelperImpl.java:62] Normalizing identifier quoting [regdate]
2023-11-24 12:36:41,020 DEBUG o.h.b.m.i.AnnotatedColumn [AnnotatedColumn.java:249] Binding column: AnnotatedColumn(column='regdate')
2023-11-24 12:36:41,020 DEBUG o.h.b.m.i.PropertyBinder [PropertyBinder.java:251] MetadataSourceProcessor property regdate with lazy=false
2023-11-24 12:36:41,021 DEBUG o.h.b.m.i.AbstractPropertyHolder [AbstractPropertyHolder.java:107] Attempting to locate auto-apply AttributeConverter for property [franco.maurizio.hr.desk.com.persistence.entity.User:regdate]
2023-11-24 12:36:41,021 DEBUG o.h.b.m.i.BasicValueBinder [BasicValueBinder.java:1196] building BasicValue for regdate
2023-11-24 12:36:41,021 DEBUG o.h.m.BasicValue [BasicValue.java:259] Skipping column re-registration: users.regdate
2023-11-24 12:36:41,021 TRACE o.h.e.j.e.i.NormalizingIdentifierHelperImpl [NormalizingIdentifierHelperImpl.java:62] Normalizing identifier quoting [regdate]
2023-11-24 12:36:41,022 DEBUG o.h.b.m.i.PropertyBinder [PropertyBinder.java:391] Building property regdate
2023-11-24 12:36:41,022 TRACE o.h.b.m.i.PropertyBinder [PropertyBinder.java:407] Cascading regdate with null
2023-11-24 12:36:41,022 TRACE o.h.b.m.i.PropertyBinder [PropertyBinder.java:695] Processing annotations of franco.maurizio.hr.desk.com.persistence.entity.User.role
2023-11-24 12:36:41,023 TRACE o.h.e.j.e.i.NormalizingIdentifierHelperImpl [NormalizingIdentifierHelperImpl.java:62] Normalizing identifier quoting [role]
2023-11-24 12:36:41,023 TRACE o.h.e.j.e.i.NormalizingIdentifierHelperImpl [NormalizingIdentifierHelperImpl.java:62] Normalizing identifier quoting [role]
2023-11-24 12:36:41,023 DEBUG o.h.b.m.i.AnnotatedColumn [AnnotatedColumn.java:249] Binding column: AnnotatedColumn(column='role')
2023-11-24 12:36:41,024 DEBUG o.h.b.m.i.PropertyBinder [PropertyBinder.java:251] MetadataSourceProcessor property role with lazy=false
2023-11-24 12:36:41,024 DEBUG o.h.b.m.i.AbstractPropertyHolder [AbstractPropertyHolder.java:107] Attempting to locate auto-apply AttributeConverter for property [franco.maurizio.hr.desk.com.persistence.entity.User:role]
2023-11-24 12:36:41,024 DEBUG o.h.b.m.i.BasicValueBinder [BasicValueBinder.java:1196] building BasicValue for role
2023-11-24 12:36:41,024 DEBUG o.h.m.BasicValue [BasicValue.java:259] Skipping column re-registration: users.role
2023-11-24 12:36:41,025 DEBUG c.z.h.p.HikariPool [HikariPool.java:738] HikariPool-2 - Added connection com.mysql.cj.jdbc.ConnectionImpl@60d915e5
2023-11-24 12:36:41,025 TRACE o.h.e.j.e.i.NormalizingIdentifierHelperImpl [NormalizingIdentifierHelperImpl.java:62] Normalizing identifier quoting [role]
2023-11-24 12:36:41,025 DEBUG o.h.b.m.i.PropertyBinder [PropertyBinder.java:391] Building property role
2023-11-24 12:36:41,025 TRACE o.h.b.m.i.PropertyBinder [PropertyBinder.java:407] Cascading role with null
2023-11-24 12:36:41,026 DEBUG o.h.b.m.i.EntityBinder [EntityBinder.java:206] Binding entity from annotated class: franco.maurizio.hr.desk.com.persistence.entity.SurveyReply
2023-11-24 12:36:41,027 DEBUG o.h.b.m.i.EntityBinder [EntityBinder.java:1224] Import with entity name SurveyReply
2023-11-24 12:36:41,027 TRACE o.h.b.i.InFlightMetadataCollectorImpl [InFlightMetadataCollectorImpl.java:878] Import: SurveyReply -> franco.maurizio.hr.desk.com.persistence.entity.SurveyReply
2023-11-24 12:36:41,027 TRACE o.h.b.i.InFlightMetadataCollectorImpl [InFlightMetadataCollectorImpl.java:878] Import: franco.maurizio.hr.desk.com.persistence.entity.SurveyReply -> franco.maurizio.hr.desk.com.persistence.entity.SurveyReply
2023-11-24 12:36:41,027 TRACE o.h.e.j.e.i.NormalizingIdentifierHelperImpl [NormalizingIdentifierHelperImpl.java:62] Normalizing identifier quoting [surveyreplies]
2023-11-24 12:36:41,028 TRACE o.h.e.j.e.i.NormalizingIdentifierHelperImpl [NormalizingIdentifierHelperImpl.java:62] Normalizing identifier quoting [surveyreplies]
2023-11-24 12:36:41,028 DEBUG o.h.b.m.i.EntityBinder [EntityBinder.java:1769] Bind entity franco.maurizio.hr.desk.com.persistence.entity.SurveyReply on table surveyreplies
2023-11-24 12:36:41,029 TRACE o.h.e.j.e.i.NormalizingIdentifierHelperImpl [NormalizingIdentifierHelperImpl.java:62] Normalizing identifier quoting [DTYPE]
2023-11-24 12:36:41,029 DEBUG o.h.b.m.i.AnnotatedColumn [AnnotatedColumn.java:249] Binding column: AnnotatedDiscriminatorColumn(column='DTYPE')
2023-11-24 12:36:41,030 TRACE o.h.b.m.i.PropertyBinder [PropertyBinder.java:695] Processing annotations of franco.maurizio.hr.desk.com.persistence.entity.SurveyReply.id
2023-11-24 12:36:41,031 TRACE o.h.e.j.e.i.NormalizingIdentifierHelperImpl [NormalizingIdentifierHelperImpl.java:62] Normalizing identifier quoting [id]
2023-11-24 12:36:41,031 TRACE o.h.e.j.e.i.NormalizingIdentifierHelperImpl [NormalizingIdentifierHelperImpl.java:62] Normalizing identifier quoting [id]
2023-11-24 12:36:41,031 DEBUG o.h.b.m.i.AnnotatedColumn [AnnotatedColumn.java:249] Binding column: AnnotatedColumn()
2023-11-24 12:36:41,032 DEBUG o.h.b.i.ClassLoaderAccessImpl [ClassLoaderAccessImpl.java:60] Not known whether passed class name [franco.maurizio.hr.desk.com.persistence.entity.SurveyReply] is safe
2023-11-24 12:36:41,032 DEBUG o.h.b.i.ClassLoaderAccessImpl [ClassLoaderAccessImpl.java:62] No temp ClassLoader provided; using live ClassLoader for loading potentially unsafe class : franco.maurizio.hr.desk.com.persistence.entity.SurveyReply
2023-11-24 12:36:41,032 DEBUG o.h.b.m.i.PropertyBinder [PropertyBinder.java:251] MetadataSourceProcessor property id with lazy=false
2023-11-24 12:36:41,032 DEBUG o.h.b.m.i.AbstractPropertyHolder [AbstractPropertyHolder.java:107] Attempting to locate auto-apply AttributeConverter for property [franco.maurizio.hr.desk.com.persistence.entity.SurveyReply:id]
2023-11-24 12:36:41,033 DEBUG o.h.b.m.i.BasicValueBinder [BasicValueBinder.java:1196] building BasicValue for id
2023-11-24 12:36:41,033 DEBUG o.h.m.BasicValue [BasicValue.java:259] Skipping column re-registration: surveyreplies.id
2023-11-24 12:36:41,033 TRACE o.h.e.j.e.i.NormalizingIdentifierHelperImpl [NormalizingIdentifierHelperImpl.java:62] Normalizing identifier quoting [id]
2023-11-24 12:36:41,033 TRACE o.h.e.j.e.i.NormalizingIdentifierHelperImpl [NormalizingIdentifierHelperImpl.java:62] Normalizing identifier quoting [id]
2023-11-24 12:36:41,034 TRACE o.h.e.j.e.i.NormalizingIdentifierHelperImpl [NormalizingIdentifierHelperImpl.java:62] Normalizing identifier quoting [id]
2023-11-24 12:36:41,034 DEBUG o.h.b.m.i.PropertyBinder [PropertyBinder.java:391] Building property id
2023-11-24 12:36:41,034 TRACE o.h.b.m.i.PropertyBinder [PropertyBinder.java:407] Cascading id with null
2023-11-24 12:36:41,034 DEBUG o.h.b.m.i.BinderHelper [GeneratorBinder.java:73] #makeIdGenerator(BasicValue([Column(id)]), id, identity, , ...)
2023-11-24 12:36:41,034 TRACE o.h.b.m.i.PropertyBinder [PropertyBinder.java:1327] Bind @Id on id
2023-11-24 12:36:41,035 TRACE o.h.b.m.i.PropertyBinder [PropertyBinder.java:695] Processing annotations of franco.maurizio.hr.desk.com.persistence.entity.SurveyReply.answers
2023-11-24 12:36:41,035 TRACE o.h.e.j.e.i.NormalizingIdentifierHelperImpl [NormalizingIdentifierHelperImpl.java:62] Normalizing identifier quoting [answers]
2023-11-24 12:36:41,035 TRACE o.h.e.j.e.i.NormalizingIdentifierHelperImpl [NormalizingIdentifierHelperImpl.java:62] Normalizing identifier quoting [answers]
2023-11-24 12:36:41,036 DEBUG o.h.b.m.i.AnnotatedColumn [AnnotatedColumn.java:249] Binding column: AnnotatedColumn(column='answers')
2023-11-24 12:36:41,036 DEBUG o.h.b.m.i.PropertyBinder [PropertyBinder.java:251] MetadataSourceProcessor property answers with lazy=false
2023-11-24 12:36:41,036 DEBUG o.h.b.m.i.AbstractPropertyHolder [AbstractPropertyHolder.java:107] Attempting to locate auto-apply AttributeConverter for property [franco.maurizio.hr.desk.com.persistence.entity.SurveyReply:answers]
2023-11-24 12:36:41,036 DEBUG o.h.b.m.i.BasicValueBinder [BasicValueBinder.java:1196] building BasicValue for answers
2023-11-24 12:36:41,037 DEBUG o.h.m.BasicValue [BasicValue.java:259] Skipping column re-registration: surveyreplies.answers
2023-11-24 12:36:41,037 TRACE o.h.e.j.e.i.NormalizingIdentifierHelperImpl [NormalizingIdentifierHelperImpl.java:62] Normalizing identifier quoting [answers]
2023-11-24 12:36:41,037 DEBUG o.h.b.m.i.PropertyBinder [PropertyBinder.java:391] Building property answers
2023-11-24 12:36:41,038 TRACE o.h.b.m.i.PropertyBinder [PropertyBinder.java:407] Cascading answers with null
2023-11-24 12:36:41,038 TRACE o.h.b.m.i.PropertyBinder [PropertyBinder.java:695] Processing annotations of franco.maurizio.hr.desk.com.persistence.entity.SurveyReply.candidateId
2023-11-24 12:36:41,039 TRACE o.h.e.j.e.i.NormalizingIdentifierHelperImpl [NormalizingIdentifierHelperImpl.java:62] Normalizing identifier quoting [candidate_id]
2023-11-24 12:36:41,040 TRACE o.h.e.j.e.i.NormalizingIdentifierHelperImpl [NormalizingIdentifierHelperImpl.java:62] Normalizing identifier quoting [candidate_id]
2023-11-24 12:36:41,040 DEBUG o.h.b.m.i.AnnotatedColumn [AnnotatedColumn.java:249] Binding column: AnnotatedColumn(column='candidate_id')
2023-11-24 12:36:41,041 DEBUG o.h.b.m.i.PropertyBinder [PropertyBinder.java:251] MetadataSourceProcessor property candidateId with lazy=false
2023-11-24 12:36:41,041 DEBUG o.h.b.m.i.AbstractPropertyHolder [AbstractPropertyHolder.java:107] Attempting to locate auto-apply AttributeConverter for property [franco.maurizio.hr.desk.com.persistence.entity.SurveyReply:candidateId]
2023-11-24 12:36:41,041 DEBUG o.h.b.m.i.BasicValueBinder [BasicValueBinder.java:1196] building BasicValue for candidateId
2023-11-24 12:36:41,042 DEBUG c.z.h.p.HikariPool [HikariPool.java:738] HikariPool-2 - Added connection com.mysql.cj.jdbc.ConnectionImpl@39a9940
2023-11-24 12:36:41,041 DEBUG o.h.m.BasicValue [BasicValue.java:259] Skipping column re-registration: surveyreplies.candidate_id
2023-11-24 12:36:41,042 TRACE o.h.e.j.e.i.NormalizingIdentifierHelperImpl [NormalizingIdentifierHelperImpl.java:62] Normalizing identifier quoting [candidate_id]
2023-11-24 12:36:41,042 DEBUG o.h.b.m.i.PropertyBinder [PropertyBinder.java:391] Building property candidateId
2023-11-24 12:36:41,042 TRACE o.h.b.m.i.PropertyBinder [PropertyBinder.java:407] Cascading candidateId with null
2023-11-24 12:36:41,042 TRACE o.h.b.m.i.PropertyBinder [PropertyBinder.java:695] Processing annotations of franco.maurizio.hr.desk.com.persistence.entity.SurveyReply.endtime
2023-11-24 12:36:41,042 TRACE o.h.e.j.e.i.NormalizingIdentifierHelperImpl [NormalizingIdentifierHelperImpl.java:62] Normalizing identifier quoting [endtime]
2023-11-24 12:36:41,043 TRACE o.h.e.j.e.i.NormalizingIdentifierHelperImpl [NormalizingIdentifierHelperImpl.java:62] Normalizing identifier quoting [endtime]
2023-11-24 12:36:41,043 DEBUG o.h.b.m.i.AnnotatedColumn [AnnotatedColumn.java:249] Binding column: AnnotatedColumn(column='endtime')
2023-11-24 12:36:41,043 DEBUG o.h.b.m.i.PropertyBinder [PropertyBinder.java:251] MetadataSourceProcessor property endtime with lazy=false
2023-11-24 12:36:41,043 DEBUG o.h.b.m.i.AbstractPropertyHolder [AbstractPropertyHolder.java:107] Attempting to locate auto-apply AttributeConverter for property [franco.maurizio.hr.desk.com.persistence.entity.SurveyReply:endtime]
2023-11-24 12:36:41,043 DEBUG o.h.b.m.i.BasicValueBinder [BasicValueBinder.java:1196] building BasicValue for endtime
2023-11-24 12:36:41,044 DEBUG o.h.m.BasicValue [BasicValue.java:259] Skipping column re-registration: surveyreplies.endtime
2023-11-24 12:36:41,044 TRACE o.h.e.j.e.i.NormalizingIdentifierHelperImpl [NormalizingIdentifierHelperImpl.java:62] Normalizing identifier quoting [endtime]
2023-11-24 12:36:41,044 DEBUG o.h.b.m.i.PropertyBinder [PropertyBinder.java:391] Building property endtime
2023-11-24 12:36:41,044 TRACE o.h.b.m.i.PropertyBinder [PropertyBinder.java:407] Cascading endtime with null
2023-11-24 12:36:41,044 TRACE o.h.b.m.i.PropertyBinder [PropertyBinder.java:695] Processing annotations of franco.maurizio.hr.desk.com.persistence.entity.SurveyReply.generated_token
2023-11-24 12:36:41,044 TRACE o.h.e.j.e.i.NormalizingIdentifierHelperImpl [NormalizingIdentifierHelperImpl.java:62] Normalizing identifier quoting [generated_token]
2023-11-24 12:36:41,045 TRACE o.h.e.j.e.i.NormalizingIdentifierHelperImpl [NormalizingIdentifierHelperImpl.java:62] Normalizing identifier quoting [generated_token]
2023-11-24 12:36:41,045 DEBUG o.h.b.m.i.AnnotatedColumn [AnnotatedColumn.java:249] Binding column: AnnotatedColumn(column='generated_token')
2023-11-24 12:36:41,045 DEBUG o.h.b.m.i.PropertyBinder [PropertyBinder.java:251] MetadataSourceProcessor property generated_token with lazy=false
2023-11-24 12:36:41,045 DEBUG o.h.b.m.i.AbstractPropertyHolder [AbstractPropertyHolder.java:107] Attempting to locate auto-apply AttributeConverter for property [franco.maurizio.hr.desk.com.persistence.entity.SurveyReply:generated_token]
2023-11-24 12:36:41,045 DEBUG o.h.b.m.i.BasicValueBinder [BasicValueBinder.java:1196] building BasicValue for generated_token
2023-11-24 12:36:41,046 DEBUG o.h.m.BasicValue [BasicValue.java:259] Skipping column re-registration: surveyreplies.generated_token
2023-11-24 12:36:41,046 TRACE o.h.e.j.e.i.NormalizingIdentifierHelperImpl [NormalizingIdentifierHelperImpl.java:62] Normalizing identifier quoting [generated_token]
2023-11-24 12:36:41,046 DEBUG o.h.b.m.i.PropertyBinder [PropertyBinder.java:391] Building property generated_token
2023-11-24 12:36:41,046 TRACE o.h.b.m.i.PropertyBinder [PropertyBinder.java:407] Cascading generated_token with null
2023-11-24 12:36:41,046 TRACE o.h.b.m.i.PropertyBinder [PropertyBinder.java:695] Processing annotations of franco.maurizio.hr.desk.com.persistence.entity.SurveyReply.pdffilename
2023-11-24 12:36:41,047 TRACE o.h.e.j.e.i.NormalizingIdentifierHelperImpl [NormalizingIdentifierHelperImpl.java:62] Normalizing identifier quoting [pdffilename]
2023-11-24 12:36:41,047 TRACE o.h.e.j.e.i.NormalizingIdentifierHelperImpl [NormalizingIdentifierHelperImpl.java:62] Normalizing identifier quoting [pdffilename]
2023-11-24 12:36:41,047 DEBUG o.h.b.m.i.AnnotatedColumn [AnnotatedColumn.java:249] Binding column: AnnotatedColumn(column='pdffilename')
2023-11-24 12:36:41,047 DEBUG o.h.b.m.i.PropertyBinder [PropertyBinder.java:251] MetadataSourceProcessor property pdffilename with lazy=false
2023-11-24 12:36:41,048 DEBUG o.h.b.m.i.AbstractPropertyHolder [AbstractPropertyHolder.java:107] Attempting to locate auto-apply AttributeConverter for property [franco.maurizio.hr.desk.com.persistence.entity.SurveyReply:pdffilename]
2023-11-24 12:36:41,048 DEBUG o.h.b.m.i.BasicValueBinder [BasicValueBinder.java:1196] building BasicValue for pdffilename
2023-11-24 12:36:41,048 DEBUG o.h.m.BasicValue [BasicValue.java:259] Skipping column re-registration: surveyreplies.pdffilename
2023-11-24 12:36:41,048 TRACE o.h.e.j.e.i.NormalizingIdentifierHelperImpl [NormalizingIdentifierHelperImpl.java:62] Normalizing identifier quoting [pdffilename]
2023-11-24 12:36:41,048 DEBUG o.h.b.m.i.PropertyBinder [PropertyBinder.java:391] Building property pdffilename
2023-11-24 12:36:41,048 TRACE o.h.b.m.i.PropertyBinder [PropertyBinder.java:407] Cascading pdffilename with null
2023-11-24 12:36:41,048 TRACE o.h.b.m.i.PropertyBinder [PropertyBinder.java:695] Processing annotations of franco.maurizio.hr.desk.com.persistence.entity.SurveyReply.points
2023-11-24 12:36:41,049 TRACE o.h.e.j.e.i.NormalizingIdentifierHelperImpl [NormalizingIdentifierHelperImpl.java:62] Normalizing identifier quoting [points]
2023-11-24 12:36:41,049 TRACE o.h.e.j.e.i.NormalizingIdentifierHelperImpl [NormalizingIdentifierHelperImpl.java:62] Normalizing identifier quoting [points]
2023-11-24 12:36:41,049 DEBUG o.h.b.m.i.AnnotatedColumn [AnnotatedColumn.java:249] Binding column: AnnotatedColumn(column='points')
2023-11-24 12:36:41,049 DEBUG o.h.b.m.i.PropertyBinder [PropertyBinder.java:251] MetadataSourceProcessor property points with lazy=false
2023-11-24 12:36:41,049 DEBUG o.h.b.m.i.AbstractPropertyHolder [AbstractPropertyHolder.java:107] Attempting to locate auto-apply AttributeConverter for property [franco.maurizio.hr.desk.com.persistence.entity.SurveyReply:points]
2023-11-24 12:36:41,049 DEBUG o.h.b.m.i.BasicValueBinder [BasicValueBinder.java:1196] building BasicValue for points
2023-11-24 12:36:41,050 DEBUG o.h.m.BasicValue [BasicValue.java:259] Skipping column re-registration: surveyreplies.points
2023-11-24 12:36:41,050 TRACE o.h.e.j.e.i.NormalizingIdentifierHelperImpl [NormalizingIdentifierHelperImpl.java:62] Normalizing identifier quoting [points]
2023-11-24 12:36:41,050 DEBUG o.h.b.m.i.PropertyBinder [PropertyBinder.java:391] Building property points
2023-11-24 12:36:41,050 TRACE o.h.b.m.i.PropertyBinder [PropertyBinder.java:407] Cascading points with null
2023-11-24 12:36:41,050 TRACE o.h.b.m.i.PropertyBinder [PropertyBinder.java:695] Processing annotations of franco.maurizio.hr.desk.com.persistence.entity.SurveyReply.starttime
2023-11-24 12:36:41,050 TRACE o.h.e.j.e.i.NormalizingIdentifierHelperImpl [NormalizingIdentifierHelperImpl.java:62] Normalizing identifier quoting [starttime]
2023-11-24 12:36:41,051 TRACE o.h.e.j.e.i.NormalizingIdentifierHelperImpl [NormalizingIdentifierHelperImpl.java:62] Normalizing identifier quoting [starttime]
2023-11-24 12:36:41,051 DEBUG o.h.b.m.i.AnnotatedColumn [AnnotatedColumn.java:249] Binding column: AnnotatedColumn(column='starttime')
2023-11-24 12:36:41,051 DEBUG o.h.b.m.i.PropertyBinder [PropertyBinder.java:251] MetadataSourceProcessor property starttime with lazy=false
2023-11-24 12:36:41,051 DEBUG o.h.b.m.i.AbstractPropertyHolder [AbstractPropertyHolder.java:107] Attempting to locate auto-apply AttributeConverter for property [franco.maurizio.hr.desk.com.persistence.entity.SurveyReply:starttime]
2023-11-24 12:36:41,051 DEBUG o.h.b.m.i.BasicValueBinder [BasicValueBinder.java:1196] building BasicValue for starttime
2023-11-24 12:36:41,051 DEBUG o.h.m.BasicValue [BasicValue.java:259] Skipping column re-registration: surveyreplies.starttime
2023-11-24 12:36:41,052 TRACE o.h.e.j.e.i.NormalizingIdentifierHelperImpl [NormalizingIdentifierHelperImpl.java:62] Normalizing identifier quoting [starttime]
2023-11-24 12:36:41,052 DEBUG o.h.b.m.i.PropertyBinder [PropertyBinder.java:391] Building property starttime
2023-11-24 12:36:41,052 TRACE o.h.b.m.i.PropertyBinder [PropertyBinder.java:407] Cascading starttime with null
2023-11-24 12:36:41,052 TRACE o.h.b.m.i.PropertyBinder [PropertyBinder.java:695] Processing annotations of franco.maurizio.hr.desk.com.persistence.entity.SurveyReply.surveyId
2023-11-24 12:36:41,052 TRACE o.h.e.j.e.i.NormalizingIdentifierHelperImpl [NormalizingIdentifierHelperImpl.java:62] Normalizing identifier quoting [survey_id]
2023-11-24 12:36:41,053 TRACE o.h.e.j.e.i.NormalizingIdentifierHelperImpl [NormalizingIdentifierHelperImpl.java:62] Normalizing identifier quoting [survey_id]
2023-11-24 12:36:41,053 DEBUG o.h.b.m.i.AnnotatedColumn [AnnotatedColumn.java:249] Binding column: AnnotatedColumn(column='survey_id')
2023-11-24 12:36:41,053 DEBUG o.h.b.m.i.PropertyBinder [PropertyBinder.java:251] MetadataSourceProcessor property surveyId with lazy=false
2023-11-24 12:36:41,053 DEBUG o.h.b.m.i.AbstractPropertyHolder [AbstractPropertyHolder.java:107] Attempting to locate auto-apply AttributeConverter for property [franco.maurizio.hr.desk.com.persistence.entity.SurveyReply:surveyId]
2023-11-24 12:36:41,054 DEBUG o.h.b.m.i.BasicValueBinder [BasicValueBinder.java:1196] building BasicValue for surveyId
2023-11-24 12:36:41,054 DEBUG o.h.m.BasicValue [BasicValue.java:259] Skipping column re-registration: surveyreplies.survey_id
2023-11-24 12:36:41,054 TRACE o.h.e.j.e.i.NormalizingIdentifierHelperImpl [NormalizingIdentifierHelperImpl.java:62] Normalizing identifier quoting [survey_id]
2023-11-24 12:36:41,055 DEBUG o.h.b.m.i.PropertyBinder [PropertyBinder.java:391] Building property surveyId
2023-11-24 12:36:41,055 TRACE o.h.b.m.i.PropertyBinder [PropertyBinder.java:407] Cascading surveyId with null
2023-11-24 12:36:41,056 DEBUG o.h.b.m.i.EntityBinder [EntityBinder.java:206] Binding entity from annotated class: franco.maurizio.hr.desk.com.persistence.entity.PositionUserOwner
2023-11-24 12:36:41,056 DEBUG c.z.h.p.HikariPool [HikariPool.java:738] HikariPool-2 - Added connection com.mysql.cj.jdbc.ConnectionImpl@47763085
2023-11-24 12:36:41,056 DEBUG o.h.b.m.i.EntityBinder [EntityBinder.java:1224] Import with entity name PositionUserOwner
2023-11-24 12:36:41,057 TRACE o.h.b.i.InFlightMetadataCollectorImpl [InFlightMetadataCollectorImpl.java:878] Import: PositionUserOwner -> franco.maurizio.hr.desk.com.persistence.entity.PositionUserOwner
2023-11-24 12:36:41,057 TRACE o.h.b.i.InFlightMetadataCollectorImpl [InFlightMetadataCollectorImpl.java:878] Import: franco.maurizio.hr.desk.com.persistence.entity.PositionUserOwner -> franco.maurizio.hr.desk.com.persistence.entity.PositionUserOwner
2023-11-24 12:36:41,057 TRACE o.h.e.j.e.i.NormalizingIdentifierHelperImpl [NormalizingIdentifierHelperImpl.java:62] Normalizing identifier quoting [positionuserowner]
2023-11-24 12:36:41,058 TRACE o.h.e.j.e.i.NormalizingIdentifierHelperImpl [NormalizingIdentifierHelperImpl.java:62] Normalizing identifier quoting [positionuserowner]
2023-11-24 12:36:41,058 DEBUG o.h.b.m.i.EntityBinder [EntityBinder.java:1769] Bind entity franco.maurizio.hr.desk.com.persistence.entity.PositionUserOwner on table positionuserowner
2023-11-24 12:36:41,058 TRACE o.h.e.j.e.i.NormalizingIdentifierHelperImpl [NormalizingIdentifierHelperImpl.java:62] Normalizing identifier quoting [DTYPE]
2023-11-24 12:36:41,059 DEBUG o.h.b.m.i.AnnotatedColumn [AnnotatedColumn.java:249] Binding column: AnnotatedDiscriminatorColumn(column='DTYPE')
2023-11-24 12:36:41,059 TRACE o.h.b.m.i.PropertyBinder [PropertyBinder.java:695] Processing annotations of franco.maurizio.hr.desk.com.persistence.entity.PositionUserOwner.id
2023-11-24 12:36:41,059 TRACE o.h.e.j.e.i.NormalizingIdentifierHelperImpl [NormalizingIdentifierHelperImpl.java:62] Normalizing identifier quoting [id]
2023-11-24 12:36:41,059 TRACE o.h.e.j.e.i.NormalizingIdentifierHelperImpl [NormalizingIdentifierHelperImpl.java:62] Normalizing identifier quoting [id]
2023-11-24 12:36:41,060 DEBUG o.h.b.m.i.AnnotatedColumn [AnnotatedColumn.java:249] Binding column: AnnotatedColumn(column='id')
2023-11-24 12:36:41,060 DEBUG o.h.b.i.ClassLoaderAccessImpl [ClassLoaderAccessImpl.java:60] Not known whether passed class name [franco.maurizio.hr.desk.com.persistence.entity.PositionUserOwner] is safe
2023-11-24 12:36:41,060 DEBUG o.h.b.i.ClassLoaderAccessImpl [ClassLoaderAccessImpl.java:62] No temp ClassLoader provided; using live ClassLoader for loading potentially unsafe class : franco.maurizio.hr.desk.com.persistence.entity.PositionUserOwner
2023-11-24 12:36:41,060 DEBUG o.h.b.m.i.PropertyBinder [PropertyBinder.java:251] MetadataSourceProcessor property id with lazy=false
2023-11-24 12:36:41,060 DEBUG o.h.b.m.i.AbstractPropertyHolder [AbstractPropertyHolder.java:107] Attempting to locate auto-apply AttributeConverter for property [franco.maurizio.hr.desk.com.persistence.entity.PositionUserOwner:id]
2023-11-24 12:36:41,060 DEBUG o.h.b.m.i.BasicValueBinder [BasicValueBinder.java:1196] building BasicValue for id
2023-11-24 12:36:41,061 DEBUG o.h.m.BasicValue [BasicValue.java:259] Skipping column re-registration: positionuserowner.id
2023-11-24 12:36:41,061 TRACE o.h.e.j.e.i.NormalizingIdentifierHelperImpl [NormalizingIdentifierHelperImpl.java:62] Normalizing identifier quoting [id]
2023-11-24 12:36:41,061 DEBUG o.h.b.m.i.PropertyBinder [PropertyBinder.java:391] Building property id
2023-11-24 12:36:41,061 TRACE o.h.b.m.i.PropertyBinder [PropertyBinder.java:407] Cascading id with null
2023-11-24 12:36:41,061 DEBUG o.h.b.m.i.BinderHelper [GeneratorBinder.java:73] #makeIdGenerator(BasicValue([Column(id)]), id, identity, , ...)
2023-11-24 12:36:41,062 TRACE o.h.b.m.i.PropertyBinder [PropertyBinder.java:1327] Bind @Id on id
2023-11-24 12:36:41,062 TRACE o.h.b.m.i.PropertyBinder [PropertyBinder.java:695] Processing annotations of franco.maurizio.hr.desk.com.persistence.entity.PositionUserOwner.coursePageId
2023-11-24 12:36:41,062 TRACE o.h.e.j.e.i.NormalizingIdentifierHelperImpl [NormalizingIdentifierHelperImpl.java:62] Normalizing identifier quoting [course_page_id]
2023-11-24 12:36:41,062 TRACE o.h.e.j.e.i.NormalizingIdentifierHelperImpl [NormalizingIdentifierHelperImpl.java:62] Normalizing identifier quoting [course_page_id]
2023-11-24 12:36:41,063 DEBUG o.h.b.m.i.AnnotatedColumn [AnnotatedColumn.java:249] Binding column: AnnotatedColumn(column='course_page_id')
2023-11-24 12:36:41,063 DEBUG o.h.b.m.i.PropertyBinder [PropertyBinder.java:251] MetadataSourceProcessor property coursePageId with lazy=false
2023-11-24 12:36:41,063 DEBUG o.h.b.m.i.AbstractPropertyHolder [AbstractPropertyHolder.java:107] Attempting to locate auto-apply AttributeConverter for property [franco.maurizio.hr.desk.com.persistence.entity.PositionUserOwner:coursePageId]
2023-11-24 12:36:41,063 DEBUG o.h.b.m.i.BasicValueBinder [BasicValueBinder.java:1196] building BasicValue for coursePageId
2023-11-24 12:36:41,063 DEBUG o.h.m.BasicValue [BasicValue.java:259] Skipping column re-registration: positionuserowner.course_page_id
2023-11-24 12:36:41,064 TRACE o.h.e.j.e.i.NormalizingIdentifierHelperImpl [NormalizingIdentifierHelperImpl.java:62] Normalizing identifier quoting [course_page_id]
2023-11-24 12:36:41,064 DEBUG o.h.b.m.i.PropertyBinder [PropertyBinder.java:391] Building property coursePageId
2023-11-24 12:36:41,064 TRACE o.h.b.m.i.PropertyBinder [PropertyBinder.java:407] Cascading coursePageId with null
2023-11-24 12:36:41,064 TRACE o.h.b.m.i.PropertyBinder [PropertyBinder.java:695] Processing annotations of franco.maurizio.hr.desk.com.persistence.entity.PositionUserOwner.userId
2023-11-24 12:36:41,064 TRACE o.h.e.j.e.i.NormalizingIdentifierHelperImpl [NormalizingIdentifierHelperImpl.java:62] Normalizing identifier quoting [user_id]
2023-11-24 12:36:41,065 TRACE o.h.e.j.e.i.NormalizingIdentifierHelperImpl [NormalizingIdentifierHelperImpl.java:62] Normalizing identifier quoting [user_id]
2023-11-24 12:36:41,065 DEBUG o.h.b.m.i.AnnotatedColumn [AnnotatedColumn.java:249] Binding column: AnnotatedColumn(column='user_id')
2023-11-24 12:36:41,065 DEBUG o.h.b.m.i.PropertyBinder [PropertyBinder.java:251] MetadataSourceProcessor property userId with lazy=false
2023-11-24 12:36:41,065 DEBUG o.h.b.m.i.AbstractPropertyHolder [AbstractPropertyHolder.java:107] Attempting to locate auto-apply AttributeConverter for property [franco.maurizio.hr.desk.com.persistence.entity.PositionUserOwner:userId]
2023-11-24 12:36:41,065 DEBUG o.h.b.m.i.BasicValueBinder [BasicValueBinder.java:1196] building BasicValue for userId
2023-11-24 12:36:41,066 DEBUG o.h.m.BasicValue [BasicValue.java:259] Skipping column re-registration: positionuserowner.user_id
2023-11-24 12:36:41,066 TRACE o.h.e.j.e.i.NormalizingIdentifierHelperImpl [NormalizingIdentifierHelperImpl.java:62] Normalizing identifier quoting [user_id]
2023-11-24 12:36:41,066 DEBUG o.h.b.m.i.PropertyBinder [PropertyBinder.java:391] Building property userId
2023-11-24 12:36:41,066 TRACE o.h.b.m.i.PropertyBinder [PropertyBinder.java:407] Cascading userId with null
2023-11-24 12:36:41,067 DEBUG o.h.b.m.i.EntityBinder [EntityBinder.java:206] Binding entity from annotated class: franco.maurizio.hr.desk.com.persistence.entity.SurveyQuestion
2023-11-24 12:36:41,068 DEBUG o.h.b.m.i.EntityBinder [EntityBinder.java:1224] Import with entity name SurveyQuestion
2023-11-24 12:36:41,068 TRACE o.h.b.i.InFlightMetadataCollectorImpl [InFlightMetadataCollectorImpl.java:878] Import: SurveyQuestion -> franco.maurizio.hr.desk.com.persistence.entity.SurveyQuestion
2023-11-24 12:36:41,069 TRACE o.h.b.i.InFlightMetadataCollectorImpl [InFlightMetadataCollectorImpl.java:878] Import: franco.maurizio.hr.desk.com.persistence.entity.SurveyQuestion -> franco.maurizio.hr.desk.com.persistence.entity.SurveyQuestion
2023-11-24 12:36:41,069 TRACE o.h.e.j.e.i.NormalizingIdentifierHelperImpl [NormalizingIdentifierHelperImpl.java:62] Normalizing identifier quoting [surveyquestions]
2023-11-24 12:36:41,069 TRACE o.h.e.j.e.i.NormalizingIdentifierHelperImpl [NormalizingIdentifierHelperImpl.java:62] Normalizing identifier quoting [surveyquestions]
2023-11-24 12:36:41,069 DEBUG o.h.b.m.i.EntityBinder [EntityBinder.java:1769] Bind entity franco.maurizio.hr.desk.com.persistence.entity.SurveyQuestion on table surveyquestions
2023-11-24 12:36:41,070 TRACE o.h.e.j.e.i.NormalizingIdentifierHelperImpl [NormalizingIdentifierHelperImpl.java:62] Normalizing identifier quoting [DTYPE]
2023-11-24 12:36:41,070 DEBUG o.h.b.m.i.AnnotatedColumn [AnnotatedColumn.java:249] Binding column: AnnotatedDiscriminatorColumn(column='DTYPE')
2023-11-24 12:36:41,071 TRACE o.h.b.m.i.PropertyBinder [PropertyBinder.java:695] Processing annotations of franco.maurizio.hr.desk.com.persistence.entity.SurveyQuestion.id
2023-11-24 12:36:41,071 TRACE o.h.e.j.e.i.NormalizingIdentifierHelperImpl [NormalizingIdentifierHelperImpl.java:62] Normalizing identifier quoting [id]
2023-11-24 12:36:41,072 DEBUG c.z.h.p.HikariPool [HikariPool.java:738] HikariPool-2 - Added connection com.mysql.cj.jdbc.ConnectionImpl@1d875445
2023-11-24 12:36:41,072 TRACE o.h.e.j.e.i.NormalizingIdentifierHelperImpl [NormalizingIdentifierHelperImpl.java:62] Normalizing identifier quoting [id]
2023-11-24 12:36:41,072 DEBUG o.h.b.m.i.AnnotatedColumn [AnnotatedColumn.java:249] Binding column: AnnotatedColumn(column='id')
2023-11-24 12:36:41,073 DEBUG o.h.b.i.ClassLoaderAccessImpl [ClassLoaderAccessImpl.java:60] Not known whether passed class name [franco.maurizio.hr.desk.com.persistence.entity.SurveyQuestion] is safe
2023-11-24 12:36:41,073 DEBUG o.h.b.i.ClassLoaderAccessImpl [ClassLoaderAccessImpl.java:62] No temp ClassLoader provided; using live ClassLoader for loading potentially unsafe class : franco.maurizio.hr.desk.com.persistence.entity.SurveyQuestion
2023-11-24 12:36:41,073 DEBUG o.h.b.m.i.PropertyBinder [PropertyBinder.java:251] MetadataSourceProcessor property id with lazy=false
2023-11-24 12:36:41,074 DEBUG o.h.b.m.i.AbstractPropertyHolder [AbstractPropertyHolder.java:107] Attempting to locate auto-apply AttributeConverter for property [franco.maurizio.hr.desk.com.persistence.entity.SurveyQuestion:id]
2023-11-24 12:36:41,074 DEBUG o.h.b.m.i.BasicValueBinder [BasicValueBinder.java:1196] building BasicValue for id
2023-11-24 12:36:41,074 DEBUG o.h.m.BasicValue [BasicValue.java:259] Skipping column re-registration: surveyquestions.id
2023-11-24 12:36:41,074 TRACE o.h.e.j.e.i.NormalizingIdentifierHelperImpl [NormalizingIdentifierHelperImpl.java:62] Normalizing identifier quoting [id]
2023-11-24 12:36:41,075 DEBUG o.h.b.m.i.PropertyBinder [PropertyBinder.java:391] Building property id
2023-11-24 12:36:41,076 TRACE o.h.b.m.i.PropertyBinder [PropertyBinder.java:407] Cascading id with null
2023-11-24 12:36:41,076 DEBUG o.h.b.m.i.BinderHelper [GeneratorBinder.java:73] #makeIdGenerator(BasicValue([Column(id)]), id, identity, , ...)
2023-11-24 12:36:41,077 TRACE o.h.b.m.i.PropertyBinder [PropertyBinder.java:1327] Bind @Id on id
2023-11-24 12:36:41,077 TRACE o.h.b.m.i.PropertyBinder [PropertyBinder.java:695] Processing annotations of franco.maurizio.hr.desk.com.persistence.entity.SurveyQuestion.position
2023-11-24 12:36:41,078 TRACE o.h.e.j.e.i.NormalizingIdentifierHelperImpl [NormalizingIdentifierHelperImpl.java:62] Normalizing identifier quoting [position]
2023-11-24 12:36:41,079 TRACE o.h.e.j.e.i.NormalizingIdentifierHelperImpl [NormalizingIdentifierHelperImpl.java:62] Normalizing identifier quoting [position]
2023-11-24 12:36:41,079 DEBUG o.h.b.m.i.AnnotatedColumn [AnnotatedColumn.java:249] Binding column: AnnotatedColumn(column='position')
2023-11-24 12:36:41,079 DEBUG o.h.b.m.i.PropertyBinder [PropertyBinder.java:251] MetadataSourceProcessor property position with lazy=false
2023-11-24 12:36:41,080 DEBUG o.h.b.m.i.AbstractPropertyHolder [AbstractPropertyHolder.java:107] Attempting to locate auto-apply AttributeConverter for property [franco.maurizio.hr.desk.com.persistence.entity.SurveyQuestion:position]
2023-11-24 12:36:41,080 DEBUG o.h.b.m.i.BasicValueBinder [BasicValueBinder.java:1196] building BasicValue for position
2023-11-24 12:36:41,080 DEBUG o.h.m.BasicValue [BasicValue.java:259] Skipping column re-registration: surveyquestions.position
2023-11-24 12:36:41,080 TRACE o.h.e.j.e.i.NormalizingIdentifierHelperImpl [NormalizingIdentifierHelperImpl.java:62] Normalizing identifier quoting [position]
2023-11-24 12:36:41,081 DEBUG o.h.b.m.i.PropertyBinder [PropertyBinder.java:391] Building property position
2023-11-24 12:36:41,081 TRACE o.h.b.m.i.PropertyBinder [PropertyBinder.java:407] Cascading position with null
2023-11-24 12:36:41,081 TRACE o.h.b.m.i.PropertyBinder [PropertyBinder.java:695] Processing annotations of franco.maurizio.hr.desk.com.persistence.entity.SurveyQuestion.questionId
2023-11-24 12:36:41,081 TRACE o.h.e.j.e.i.NormalizingIdentifierHelperImpl [NormalizingIdentifierHelperImpl.java:62] Normalizing identifier quoting [question_id]
2023-11-24 12:36:41,082 TRACE o.h.e.j.e.i.NormalizingIdentifierHelperImpl [NormalizingIdentifierHelperImpl.java:62] Normalizing identifier quoting [question_id]
2023-11-24 12:36:41,082 DEBUG o.h.b.m.i.AnnotatedColumn [AnnotatedColumn.java:249] Binding column: AnnotatedColumn(column='question_id')
2023-11-24 12:36:41,082 DEBUG o.h.b.m.i.PropertyBinder [PropertyBinder.java:251] MetadataSourceProcessor property questionId with lazy=false
2023-11-24 12:36:41,083 DEBUG o.h.b.m.i.AbstractPropertyHolder [AbstractPropertyHolder.java:107] Attempting to locate auto-apply AttributeConverter for property [franco.maurizio.hr.desk.com.persistence.entity.SurveyQuestion:questionId]
2023-11-24 12:36:41,083 DEBUG o.h.b.m.i.BasicValueBinder [BasicValueBinder.java:1196] building BasicValue for questionId
2023-11-24 12:36:41,083 DEBUG o.h.m.BasicValue [BasicValue.java:259] Skipping column re-registration: surveyquestions.question_id
2023-11-24 12:36:41,084 TRACE o.h.e.j.e.i.NormalizingIdentifierHelperImpl [NormalizingIdentifierHelperImpl.java:62] Normalizing identifier quoting [question_id]
2023-11-24 12:36:41,084 DEBUG o.h.b.m.i.PropertyBinder [PropertyBinder.java:391] Building property questionId
2023-11-24 12:36:41,084 TRACE o.h.b.m.i.PropertyBinder [PropertyBinder.java:407] Cascading questionId with null
2023-11-24 12:36:41,084 TRACE o.h.b.m.i.PropertyBinder [PropertyBinder.java:695] Processing annotations of franco.maurizio.hr.desk.com.persistence.entity.SurveyQuestion.surveyId
2023-11-24 12:36:41,085 TRACE o.h.e.j.e.i.NormalizingIdentifierHelperImpl [NormalizingIdentifierHelperImpl.java:62] Normalizing identifier quoting [survey_id]
2023-11-24 12:36:41,085 DEBUG c.z.h.p.HikariPool [HikariPool.java:738] HikariPool-2 - Added connection com.mysql.cj.jdbc.ConnectionImpl@2b7f6b7e
2023-11-24 12:36:41,085 TRACE o.h.e.j.e.i.NormalizingIdentifierHelperImpl [NormalizingIdentifierHelperImpl.java:62] Normalizing identifier quoting [survey_id]
2023-11-24 12:36:41,086 DEBUG o.h.b.m.i.AnnotatedColumn [AnnotatedColumn.java:249] Binding column: AnnotatedColumn(column='survey_id')
2023-11-24 12:36:41,086 DEBUG o.h.b.m.i.PropertyBinder [PropertyBinder.java:251] MetadataSourceProcessor property surveyId with lazy=false
2023-11-24 12:36:41,086 DEBUG o.h.b.m.i.AbstractPropertyHolder [AbstractPropertyHolder.java:107] Attempting to locate auto-apply AttributeConverter for property [franco.maurizio.hr.desk.com.persistence.entity.SurveyQuestion:surveyId]
2023-11-24 12:36:41,086 DEBUG o.h.b.m.i.BasicValueBinder [BasicValueBinder.java:1196] building BasicValue for surveyId
2023-11-24 12:36:41,087 DEBUG o.h.m.BasicValue [BasicValue.java:259] Skipping column re-registration: surveyquestions.survey_id
2023-11-24 12:36:41,087 TRACE o.h.e.j.e.i.NormalizingIdentifierHelperImpl [NormalizingIdentifierHelperImpl.java:62] Normalizing identifier quoting [survey_id]
2023-11-24 12:36:41,087 DEBUG o.h.b.m.i.PropertyBinder [PropertyBinder.java:391] Building property surveyId
2023-11-24 12:36:41,088 TRACE o.h.b.m.i.PropertyBinder [PropertyBinder.java:407] Cascading surveyId with null
2023-11-24 12:36:41,088 DEBUG o.h.b.m.i.EntityBinder [EntityBinder.java:206] Binding entity from annotated class: franco.maurizio.hr.desk.com.persistence.entity.CoursePage
2023-11-24 12:36:41,089 DEBUG o.h.b.m.i.EntityBinder [EntityBinder.java:1224] Import with entity name CoursePage
2023-11-24 12:36:41,089 TRACE o.h.b.i.InFlightMetadataCollectorImpl [InFlightMetadataCollectorImpl.java:878] Import: CoursePage -> franco.maurizio.hr.desk.com.persistence.entity.CoursePage
2023-11-24 12:36:41,089 TRACE o.h.b.i.InFlightMetadataCollectorImpl [InFlightMetadataCollectorImpl.java:878] Import: franco.maurizio.hr.desk.com.persistence.entity.CoursePage -> franco.maurizio.hr.desk.com.persistence.entity.CoursePage
2023-11-24 12:36:41,090 TRACE o.h.e.j.e.i.NormalizingIdentifierHelperImpl [NormalizingIdentifierHelperImpl.java:62] Normalizing identifier quoting [coursepage]
2023-11-24 12:36:41,090 TRACE o.h.e.j.e.i.NormalizingIdentifierHelperImpl [NormalizingIdentifierHelperImpl.java:62] Normalizing identifier quoting [coursepage]
2023-11-24 12:36:41,090 DEBUG o.h.b.m.i.EntityBinder [EntityBinder.java:1769] Bind entity franco.maurizio.hr.desk.com.persistence.entity.CoursePage on table coursepage
2023-11-24 12:36:41,091 TRACE o.h.e.j.e.i.NormalizingIdentifierHelperImpl [NormalizingIdentifierHelperImpl.java:62] Normalizing identifier quoting [DTYPE]
2023-11-24 12:36:41,091 DEBUG o.h.b.m.i.AnnotatedColumn [AnnotatedColumn.java:249] Binding column: AnnotatedDiscriminatorColumn(column='DTYPE')
2023-11-24 12:36:41,092 TRACE o.h.b.m.i.PropertyBinder [PropertyBinder.java:695] Processing annotations of franco.maurizio.hr.desk.com.persistence.entity.CoursePage.id
2023-11-24 12:36:41,092 TRACE o.h.e.j.e.i.NormalizingIdentifierHelperImpl [NormalizingIdentifierHelperImpl.java:62] Normalizing identifier quoting [id]
2023-11-24 12:36:41,093 TRACE o.h.e.j.e.i.NormalizingIdentifierHelperImpl [NormalizingIdentifierHelperImpl.java:62] Normalizing identifier quoting [id]
2023-11-24 12:36:41,093 DEBUG o.h.b.m.i.AnnotatedColumn [AnnotatedColumn.java:249] Binding column: AnnotatedColumn(column='id')
2023-11-24 12:36:41,094 DEBUG o.h.b.i.ClassLoaderAccessImpl [ClassLoaderAccessImpl.java:60] Not known whether passed class name [franco.maurizio.hr.desk.com.persistence.entity.CoursePage] is safe
2023-11-24 12:36:41,094 DEBUG o.h.b.i.ClassLoaderAccessImpl [ClassLoaderAccessImpl.java:62] No temp ClassLoader provided; using live ClassLoader for loading potentially unsafe class : franco.maurizio.hr.desk.com.persistence.entity.CoursePage
2023-11-24 12:36:41,094 DEBUG o.h.b.m.i.PropertyBinder [PropertyBinder.java:251] MetadataSourceProcessor property id with lazy=false
2023-11-24 12:36:41,095 DEBUG o.h.b.m.i.AbstractPropertyHolder [AbstractPropertyHolder.java:107] Attempting to locate auto-apply AttributeConverter for property [franco.maurizio.hr.desk.com.persistence.entity.CoursePage:id]
2023-11-24 12:36:41,095 DEBUG o.h.b.m.i.BasicValueBinder [BasicValueBinder.java:1196] building BasicValue for id
2023-11-24 12:36:41,095 DEBUG o.h.m.BasicValue [BasicValue.java:259] Skipping column re-registration: coursepage.id
2023-11-24 12:36:41,095 TRACE o.h.e.j.e.i.NormalizingIdentifierHelperImpl [NormalizingIdentifierHelperImpl.java:62] Normalizing identifier quoting [id]
2023-11-24 12:36:41,096 DEBUG o.h.b.m.i.PropertyBinder [PropertyBinder.java:391] Building property id
2023-11-24 12:36:41,096 TRACE o.h.b.m.i.PropertyBinder [PropertyBinder.java:407] Cascading id with null
2023-11-24 12:36:41,096 DEBUG o.h.b.m.i.BinderHelper [GeneratorBinder.java:73] #makeIdGenerator(BasicValue([Column(id)]), id, identity, , ...)
2023-11-24 12:36:41,097 TRACE o.h.b.m.i.PropertyBinder [PropertyBinder.java:1327] Bind @Id on id
2023-11-24 12:36:41,097 TRACE o.h.b.m.i.PropertyBinder [PropertyBinder.java:695] Processing annotations of franco.maurizio.hr.desk.com.persistence.entity.CoursePage.bodyText
2023-11-24 12:36:41,097 TRACE o.h.e.j.e.i.NormalizingIdentifierHelperImpl [NormalizingIdentifierHelperImpl.java:62] Normalizing identifier quoting [body_text]
2023-11-24 12:36:41,098 TRACE o.h.e.j.e.i.NormalizingIdentifierHelperImpl [NormalizingIdentifierHelperImpl.java:62] Normalizing identifier quoting [body_text]
2023-11-24 12:36:41,098 DEBUG o.h.b.m.i.AnnotatedColumn [AnnotatedColumn.java:249] Binding column: AnnotatedColumn(column='body_text')
2023-11-24 12:36:41,099 DEBUG o.h.b.m.i.PropertyBinder [PropertyBinder.java:251] MetadataSourceProcessor property bodyText with lazy=false
2023-11-24 12:36:41,099 DEBUG o.h.b.m.i.AbstractPropertyHolder [AbstractPropertyHolder.java:107] Attempting to locate auto-apply AttributeConverter for property [franco.maurizio.hr.desk.com.persistence.entity.CoursePage:bodyText]
2023-11-24 12:36:41,099 DEBUG o.h.b.m.i.BasicValueBinder [BasicValueBinder.java:1196] building BasicValue for bodyText
2023-11-24 12:36:41,100 DEBUG o.h.m.BasicValue [BasicValue.java:259] Skipping column re-registration: coursepage.body_text
2023-11-24 12:36:41,100 DEBUG c.z.h.p.HikariPool [HikariPool.java:738] HikariPool-2 - Added connection com.mysql.cj.jdbc.ConnectionImpl@4215e9b2
2023-11-24 12:36:41,100 TRACE o.h.e.j.e.i.NormalizingIdentifierHelperImpl [NormalizingIdentifierHelperImpl.java:62] Normalizing identifier quoting [body_text]
2023-11-24 12:36:41,100 DEBUG o.h.b.m.i.PropertyBinder [PropertyBinder.java:391] Building property bodyText
2023-11-24 12:36:41,101 TRACE o.h.b.m.i.PropertyBinder [PropertyBinder.java:407] Cascading bodyText with null
2023-11-24 12:36:41,101 TRACE o.h.b.m.i.PropertyBinder [PropertyBinder.java:695] Processing annotations of franco.maurizio.hr.desk.com.persistence.entity.CoursePage.code
2023-11-24 12:36:41,101 TRACE o.h.e.j.e.i.NormalizingIdentifierHelperImpl [NormalizingIdentifierHelperImpl.java:62] Normalizing identifier quoting [code]
2023-11-24 12:36:41,102 TRACE o.h.e.j.e.i.NormalizingIdentifierHelperImpl [NormalizingIdentifierHelperImpl.java:62] Normalizing identifier quoting [code]
2023-11-24 12:36:41,102 DEBUG o.h.b.m.i.AnnotatedColumn [AnnotatedColumn.java:249] Binding column: AnnotatedColumn(column='code')
2023-11-24 12:36:41,103 DEBUG o.h.b.m.i.PropertyBinder [PropertyBinder.java:251] MetadataSourceProcessor property code with lazy=false
2023-11-24 12:36:41,103 DEBUG o.h.b.m.i.AbstractPropertyHolder [AbstractPropertyHolder.java:107] Attempting to locate auto-apply AttributeConverter for property [franco.maurizio.hr.desk.com.persistence.entity.CoursePage:code]
2023-11-24 12:36:41,103 DEBUG o.h.b.m.i.BasicValueBinder [BasicValueBinder.java:1196] building BasicValue for code
2023-11-24 12:36:41,103 DEBUG o.h.m.BasicValue [BasicValue.java:259] Skipping column re-registration: coursepage.code
2023-11-24 12:36:41,104 TRACE o.h.e.j.e.i.NormalizingIdentifierHelperImpl [NormalizingIdentifierHelperImpl.java:62] Normalizing identifier quoting [code]
2023-11-24 12:36:41,104 DEBUG o.h.b.m.i.PropertyBinder [PropertyBinder.java:391] Building property code
2023-11-24 12:36:41,104 TRACE o.h.b.m.i.PropertyBinder [PropertyBinder.java:407] Cascading code with null
2023-11-24 12:36:41,104 TRACE o.h.b.m.i.PropertyBinder [PropertyBinder.java:695] Processing annotations of franco.maurizio.hr.desk.com.persistence.entity.CoursePage.created_datetime
2023-11-24 12:36:41,105 TRACE o.h.e.j.e.i.NormalizingIdentifierHelperImpl [NormalizingIdentifierHelperImpl.java:62] Normalizing identifier quoting [created_datetime]
2023-11-24 12:36:41,105 TRACE o.h.e.j.e.i.NormalizingIdentifierHelperImpl [NormalizingIdentifierHelperImpl.java:62] Normalizing identifier quoting [created_datetime]
2023-11-24 12:36:41,105 DEBUG o.h.b.m.i.AnnotatedColumn [AnnotatedColumn.java:249] Binding column: AnnotatedColumn(column='created_datetime')
2023-11-24 12:36:41,106 DEBUG o.h.b.m.i.PropertyBinder [PropertyBinder.java:251] MetadataSourceProcessor property created_datetime with lazy=false
2023-11-24 12:36:41,106 DEBUG o.h.b.m.i.AbstractPropertyHolder [AbstractPropertyHolder.java:107] Attempting to locate auto-apply AttributeConverter for property [franco.maurizio.hr.desk.com.persistence.entity.CoursePage:created_datetime]
2023-11-24 12:36:41,106 DEBUG o.h.b.m.i.BasicValueBinder [BasicValueBinder.java:1196] building BasicValue for created_datetime
2023-11-24 12:36:41,106 DEBUG o.h.m.BasicValue [BasicValue.java:259] Skipping column re-registration: coursepage.created_datetime
2023-11-24 12:36:41,107 TRACE o.h.e.j.e.i.NormalizingIdentifierHelperImpl [NormalizingIdentifierHelperImpl.java:62] Normalizing identifier quoting [created_datetime]
2023-11-24 12:36:41,107 DEBUG o.h.b.m.i.PropertyBinder [PropertyBinder.java:391] Building property created_datetime
2023-11-24 12:36:41,107 TRACE o.h.b.m.i.PropertyBinder [PropertyBinder.java:407] Cascading created_datetime with null
2023-11-24 12:36:41,107 TRACE o.h.b.m.i.PropertyBinder [PropertyBinder.java:695] Processing annotations of franco.maurizio.hr.desk.com.persistence.entity.CoursePage.fileName
2023-11-24 12:36:41,108 TRACE o.h.e.j.e.i.NormalizingIdentifierHelperImpl [NormalizingIdentifierHelperImpl.java:62] Normalizing identifier quoting [file_name]
2023-11-24 12:36:41,108 TRACE o.h.e.j.e.i.NormalizingIdentifierHelperImpl [NormalizingIdentifierHelperImpl.java:62] Normalizing identifier quoting [file_name]
2023-11-24 12:36:41,108 DEBUG o.h.b.m.i.AnnotatedColumn [AnnotatedColumn.java:249] Binding column: AnnotatedColumn(column='file_name')
2023-11-24 12:36:41,109 DEBUG o.h.b.m.i.PropertyBinder [PropertyBinder.java:251] MetadataSourceProcessor property fileName with lazy=false
2023-11-24 12:36:41,109 DEBUG o.h.b.m.i.AbstractPropertyHolder [AbstractPropertyHolder.java:107] Attempting to locate auto-apply AttributeConverter for property [franco.maurizio.hr.desk.com.persistence.entity.CoursePage:fileName]
2023-11-24 12:36:41,109 DEBUG o.h.b.m.i.BasicValueBinder [BasicValueBinder.java:1196] building BasicValue for fileName
2023-11-24 12:36:41,110 DEBUG o.h.m.BasicValue [BasicValue.java:259] Skipping column re-registration: coursepage.file_name
2023-11-24 12:36:41,110 TRACE o.h.e.j.e.i.NormalizingIdentifierHelperImpl [NormalizingIdentifierHelperImpl.java:62] Normalizing identifier quoting [file_name]
2023-11-24 12:36:41,110 DEBUG o.h.b.m.i.PropertyBinder [PropertyBinder.java:391] Building property fileName
2023-11-24 12:36:41,110 DEBUG c.z.h.p.HikariPool [HikariPool.java:414] HikariPool-2 - After adding stats (total=10, active=0, idle=10, waiting=0)
2023-11-24 12:36:41,110 TRACE o.h.b.m.i.PropertyBinder [PropertyBinder.java:407] Cascading fileName with null
2023-11-24 12:36:41,111 TRACE o.h.b.m.i.PropertyBinder [PropertyBinder.java:695] Processing annotations of franco.maurizio.hr.desk.com.persistence.entity.CoursePage.opened_by
2023-11-24 12:36:41,111 TRACE o.h.e.j.e.i.NormalizingIdentifierHelperImpl [NormalizingIdentifierHelperImpl.java:62] Normalizing identifier quoting [opened_by]
2023-11-24 12:36:41,111 TRACE o.h.e.j.e.i.NormalizingIdentifierHelperImpl [NormalizingIdentifierHelperImpl.java:62] Normalizing identifier quoting [opened_by]
2023-11-24 12:36:41,111 DEBUG o.h.b.m.i.AnnotatedColumn [AnnotatedColumn.java:249] Binding column: AnnotatedColumn(column='opened_by')
2023-11-24 12:36:41,112 DEBUG o.h.b.m.i.PropertyBinder [PropertyBinder.java:251] MetadataSourceProcessor property opened_by with lazy=false
2023-11-24 12:36:41,112 DEBUG o.h.b.m.i.AbstractPropertyHolder [AbstractPropertyHolder.java:107] Attempting to locate auto-apply AttributeConverter for property [franco.maurizio.hr.desk.com.persistence.entity.CoursePage:opened_by]
2023-11-24 12:36:41,112 DEBUG o.h.b.m.i.BasicValueBinder [BasicValueBinder.java:1196] building BasicValue for opened_by
2023-11-24 12:36:41,113 DEBUG o.h.m.BasicValue [BasicValue.java:259] Skipping column re-registration: coursepage.opened_by
2023-11-24 12:36:41,113 TRACE o.h.e.j.e.i.NormalizingIdentifierHelperImpl [NormalizingIdentifierHelperImpl.java:62] Normalizing identifier quoting [opened_by]
2023-11-24 12:36:41,113 DEBUG o.h.b.m.i.PropertyBinder [PropertyBinder.java:391] Building property opened_by
2023-11-24 12:36:41,113 TRACE o.h.b.m.i.PropertyBinder [PropertyBinder.java:407] Cascading opened_by with null
2023-11-24 12:36:41,114 TRACE o.h.b.m.i.PropertyBinder [PropertyBinder.java:695] Processing annotations of franco.maurizio.hr.desk.com.persistence.entity.CoursePage.statusOpen
2023-11-24 12:36:41,114 TRACE o.h.e.j.e.i.NormalizingIdentifierHelperImpl [NormalizingIdentifierHelperImpl.java:62] Normalizing identifier quoting [status_open]
2023-11-24 12:36:41,114 TRACE o.h.e.j.e.i.NormalizingIdentifierHelperImpl [NormalizingIdentifierHelperImpl.java:62] Normalizing identifier quoting [status_open]
2023-11-24 12:36:41,114 DEBUG o.h.b.m.i.AnnotatedColumn [AnnotatedColumn.java:249] Binding column: AnnotatedColumn(column='status_open')
2023-11-24 12:36:41,115 DEBUG o.h.b.m.i.PropertyBinder [PropertyBinder.java:251] MetadataSourceProcessor property statusOpen with lazy=false
2023-11-24 12:36:41,115 DEBUG o.h.b.m.i.AbstractPropertyHolder [AbstractPropertyHolder.java:107] Attempting to locate auto-apply AttributeConverter for property [franco.maurizio.hr.desk.com.persistence.entity.CoursePage:statusOpen]
2023-11-24 12:36:41,115 DEBUG o.h.b.m.i.BasicValueBinder [BasicValueBinder.java:1196] building BasicValue for statusOpen
2023-11-24 12:36:41,115 DEBUG o.h.m.BasicValue [BasicValue.java:259] Skipping column re-registration: coursepage.status_open
2023-11-24 12:36:41,116 TRACE o.h.e.j.e.i.NormalizingIdentifierHelperImpl [NormalizingIdentifierHelperImpl.java:62] Normalizing identifier quoting [status_open]
2023-11-24 12:36:41,116 DEBUG o.h.b.m.i.PropertyBinder [PropertyBinder.java:391] Building property statusOpen
2023-11-24 12:36:41,116 TRACE o.h.b.m.i.PropertyBinder [PropertyBinder.java:407] Cascading statusOpen with null
2023-11-24 12:36:41,116 TRACE o.h.b.m.i.PropertyBinder [PropertyBinder.java:695] Processing annotations of franco.maurizio.hr.desk.com.persistence.entity.CoursePage.title
2023-11-24 12:36:41,117 TRACE o.h.e.j.e.i.NormalizingIdentifierHelperImpl [NormalizingIdentifierHelperImpl.java:62] Normalizing identifier quoting [title]
2023-11-24 12:36:41,117 TRACE o.h.e.j.e.i.NormalizingIdentifierHelperImpl [NormalizingIdentifierHelperImpl.java:62] Normalizing identifier quoting [title]
2023-11-24 12:36:41,117 DEBUG o.h.b.m.i.AnnotatedColumn [AnnotatedColumn.java:249] Binding column: AnnotatedColumn(column='title')
2023-11-24 12:36:41,117 DEBUG o.h.b.m.i.PropertyBinder [PropertyBinder.java:251] MetadataSourceProcessor property title with lazy=false
2023-11-24 12:36:41,117 DEBUG o.h.b.m.i.AbstractPropertyHolder [AbstractPropertyHolder.java:107] Attempting to locate auto-apply AttributeConverter for property [franco.maurizio.hr.desk.com.persistence.entity.CoursePage:title]
2023-11-24 12:36:41,118 DEBUG o.h.b.m.i.BasicValueBinder [BasicValueBinder.java:1196] building BasicValue for title
2023-11-24 12:36:41,118 DEBUG o.h.m.BasicValue [BasicValue.java:259] Skipping column re-registration: coursepage.title
2023-11-24 12:36:41,118 TRACE o.h.e.j.e.i.NormalizingIdentifierHelperImpl [NormalizingIdentifierHelperImpl.java:62] Normalizing identifier quoting [title]
2023-11-24 12:36:41,118 DEBUG o.h.b.m.i.PropertyBinder [PropertyBinder.java:391] Building property title
2023-11-24 12:36:41,119 TRACE o.h.b.m.i.PropertyBinder [PropertyBinder.java:407] Cascading title with null
2023-11-24 12:36:41,120 DEBUG o.h.b.m.i.EntityBinder [EntityBinder.java:206] Binding entity from annotated class: franco.maurizio.hr.desk.com.persistence.entity.Candidate
2023-11-24 12:36:41,121 DEBUG o.h.b.m.i.EntityBinder [EntityBinder.java:1224] Import with entity name Candidate
2023-11-24 12:36:41,121 TRACE o.h.b.i.InFlightMetadataCollectorImpl [InFlightMetadataCollectorImpl.java:878] Import: Candidate -> franco.maurizio.hr.desk.com.persistence.entity.Candidate
2023-11-24 12:36:41,121 TRACE o.h.b.i.InFlightMetadataCollectorImpl [InFlightMetadataCollectorImpl.java:878] Import: franco.maurizio.hr.desk.com.persistence.entity.Candidate -> franco.maurizio.hr.desk.com.persistence.entity.Candidate
2023-11-24 12:36:41,121 TRACE o.h.e.j.e.i.NormalizingIdentifierHelperImpl [NormalizingIdentifierHelperImpl.java:62] Normalizing identifier quoting [candidates]
2023-11-24 12:36:41,121 TRACE o.h.e.j.e.i.NormalizingIdentifierHelperImpl [NormalizingIdentifierHelperImpl.java:62] Normalizing identifier quoting [candidates]
2023-11-24 12:36:41,122 DEBUG o.h.b.m.i.EntityBinder [EntityBinder.java:1769] Bind entity franco.maurizio.hr.desk.com.persistence.entity.Candidate on table candidates
2023-11-24 12:36:41,122 TRACE o.h.e.j.e.i.NormalizingIdentifierHelperImpl [NormalizingIdentifierHelperImpl.java:62] Normalizing identifier quoting [DTYPE]
2023-11-24 12:36:41,123 DEBUG o.h.b.m.i.AnnotatedColumn [AnnotatedColumn.java:249] Binding column: AnnotatedDiscriminatorColumn(column='DTYPE')
2023-11-24 12:36:41,124 TRACE o.h.b.m.i.PropertyBinder [PropertyBinder.java:695] Processing annotations of franco.maurizio.hr.desk.com.persistence.entity.Candidate.id
2023-11-24 12:36:41,125 TRACE o.h.e.j.e.i.NormalizingIdentifierHelperImpl [NormalizingIdentifierHelperImpl.java:62] Normalizing identifier quoting [id]
2023-11-24 12:36:41,125 TRACE o.h.e.j.e.i.NormalizingIdentifierHelperImpl [NormalizingIdentifierHelperImpl.java:62] Normalizing identifier quoting [id]
2023-11-24 12:36:41,125 DEBUG o.h.b.m.i.AnnotatedColumn [AnnotatedColumn.java:249] Binding column: AnnotatedColumn()
2023-11-24 12:36:41,126 DEBUG o.h.b.i.ClassLoaderAccessImpl [ClassLoaderAccessImpl.java:60] Not known whether passed class name [franco.maurizio.hr.desk.com.persistence.entity.Candidate] is safe
2023-11-24 12:36:41,126 DEBUG o.h.b.i.ClassLoaderAccessImpl [ClassLoaderAccessImpl.java:62] No temp ClassLoader provided; using live ClassLoader for loading potentially unsafe class : franco.maurizio.hr.desk.com.persistence.entity.Candidate
2023-11-24 12:36:41,126 DEBUG o.h.b.m.i.PropertyBinder [PropertyBinder.java:251] MetadataSourceProcessor property id with lazy=false
2023-11-24 12:36:41,127 DEBUG o.h.b.m.i.AbstractPropertyHolder [AbstractPropertyHolder.java:107] Attempting to locate auto-apply AttributeConverter for property [franco.maurizio.hr.desk.com.persistence.entity.Candidate:id]
2023-11-24 12:36:41,127 DEBUG o.h.b.m.i.BasicValueBinder [BasicValueBinder.java:1196] building BasicValue for id
2023-11-24 12:36:41,127 DEBUG o.h.m.BasicValue [BasicValue.java:259] Skipping column re-registration: candidates.id
2023-11-24 12:36:41,128 TRACE o.h.e.j.e.i.NormalizingIdentifierHelperImpl [NormalizingIdentifierHelperImpl.java:62] Normalizing identifier quoting [id]
2023-11-24 12:36:41,128 TRACE o.h.e.j.e.i.NormalizingIdentifierHelperImpl [NormalizingIdentifierHelperImpl.java:62] Normalizing identifier quoting [id]
2023-11-24 12:36:41,128 TRACE o.h.e.j.e.i.NormalizingIdentifierHelperImpl [NormalizingIdentifierHelperImpl.java:62] Normalizing identifier quoting [id]
2023-11-24 12:36:41,129 DEBUG o.h.b.m.i.PropertyBinder [PropertyBinder.java:391] Building property id
2023-11-24 12:36:41,129 TRACE o.h.b.m.i.PropertyBinder [PropertyBinder.java:407] Cascading id with null
2023-11-24 12:36:41,129 DEBUG o.h.b.m.i.BinderHelper [GeneratorBinder.java:73] #makeIdGenerator(BasicValue([Column(id)]), id, identity, , ...)
2023-11-24 12:36:41,130 TRACE o.h.b.m.i.PropertyBinder [PropertyBinder.java:1327] Bind @Id on id
2023-11-24 12:36:41,130 TRACE o.h.b.m.i.PropertyBinder [PropertyBinder.java:695] Processing annotations of franco.maurizio.hr.desk.com.persistence.entity.Candidate.candidacyDateTime
2023-11-24 12:36:41,130 TRACE o.h.e.j.e.i.NormalizingIdentifierHelperImpl [NormalizingIdentifierHelperImpl.java:62] Normalizing identifier quoting [candidacy_date_time]
2023-11-24 12:36:41,131 TRACE o.h.e.j.e.i.NormalizingIdentifierHelperImpl [NormalizingIdentifierHelperImpl.java:62] Normalizing identifier quoting [candidacy_date_time]
2023-11-24 12:36:41,131 DEBUG o.h.b.m.i.AnnotatedColumn [AnnotatedColumn.java:249] Binding column: AnnotatedColumn(column='candidacy_date_time')
2023-11-24 12:36:41,131 DEBUG o.h.b.m.i.PropertyBinder [PropertyBinder.java:251] MetadataSourceProcessor property candidacyDateTime with lazy=false
2023-11-24 12:36:41,131 DEBUG o.h.b.m.i.AbstractPropertyHolder [AbstractPropertyHolder.java:107] Attempting to locate auto-apply AttributeConverter for property [franco.maurizio.hr.desk.com.persistence.entity.Candidate:candidacyDateTime]
2023-11-24 12:36:41,132 DEBUG o.h.b.m.i.BasicValueBinder [BasicValueBinder.java:1196] building BasicValue for candidacyDateTime
2023-11-24 12:36:41,132 DEBUG o.h.m.BasicValue [BasicValue.java:259] Skipping column re-registration: candidates.candidacy_date_time
2023-11-24 12:36:41,132 TRACE o.h.e.j.e.i.NormalizingIdentifierHelperImpl [NormalizingIdentifierHelperImpl.java:62] Normalizing identifier quoting [candidacy_date_time]
2023-11-24 12:36:41,132 DEBUG o.h.b.m.i.PropertyBinder [PropertyBinder.java:391] Building property candidacyDateTime
2023-11-24 12:36:41,133 TRACE o.h.b.m.i.PropertyBinder [PropertyBinder.java:407] Cascading candidacyDateTime with null
2023-11-24 12:36:41,133 TRACE o.h.b.m.i.PropertyBinder [PropertyBinder.java:695] Processing annotations of franco.maurizio.hr.desk.com.persistence.entity.Candidate.candidateStateCode
2023-11-24 12:36:41,133 TRACE o.h.e.j.e.i.NormalizingIdentifierHelperImpl [NormalizingIdentifierHelperImpl.java:62] Normalizing identifier quoting [candidate_state_code]
2023-11-24 12:36:41,134 TRACE o.h.e.j.e.i.NormalizingIdentifierHelperImpl [NormalizingIdentifierHelperImpl.java:62] Normalizing identifier quoting [candidate_state_code]
2023-11-24 12:36:41,134 DEBUG o.h.b.m.i.AnnotatedColumn [AnnotatedColumn.java:249] Binding column: AnnotatedColumn(column='candidate_state_code')
2023-11-24 12:36:41,134 DEBUG o.h.b.m.i.PropertyBinder [PropertyBinder.java:251] MetadataSourceProcessor property candidateStateCode with lazy=false
2023-11-24 12:36:41,134 DEBUG o.h.b.m.i.AbstractPropertyHolder [AbstractPropertyHolder.java:107] Attempting to locate auto-apply AttributeConverter for property [franco.maurizio.hr.desk.com.persistence.entity.Candidate:candidateStateCode]
2023-11-24 12:36:41,135 DEBUG o.h.b.m.i.BasicValueBinder [BasicValueBinder.java:1196] building BasicValue for candidateStateCode
2023-11-24 12:36:41,135 DEBUG o.h.m.BasicValue [BasicValue.java:259] Skipping column re-registration: candidates.candidate_state_code
2023-11-24 12:36:41,135 TRACE o.h.e.j.e.i.NormalizingIdentifierHelperImpl [NormalizingIdentifierHelperImpl.java:62] Normalizing identifier quoting [candidate_state_code]
2023-11-24 12:36:41,135 DEBUG o.h.b.m.i.PropertyBinder [PropertyBinder.java:391] Building property candidateStateCode
2023-11-24 12:36:41,136 TRACE o.h.b.m.i.PropertyBinder [PropertyBinder.java:407] Cascading candidateStateCode with null
2023-11-24 12:36:41,136 TRACE o.h.b.m.i.PropertyBinder [PropertyBinder.java:695] Processing annotations of franco.maurizio.hr.desk.com.persistence.entity.Candidate.courseCode
2023-11-24 12:36:41,136 TRACE o.h.e.j.e.i.NormalizingIdentifierHelperImpl [NormalizingIdentifierHelperImpl.java:62] Normalizing identifier quoting [course_code]
2023-11-24 12:36:41,137 TRACE o.h.e.j.e.i.NormalizingIdentifierHelperImpl [NormalizingIdentifierHelperImpl.java:62] Normalizing identifier quoting [course_code]
2023-11-24 12:36:41,137 DEBUG o.h.b.m.i.AnnotatedColumn [AnnotatedColumn.java:249] Binding column: AnnotatedColumn(column='course_code')
2023-11-24 12:36:41,137 DEBUG o.h.b.m.i.PropertyBinder [PropertyBinder.java:251] MetadataSourceProcessor property courseCode with lazy=false
2023-11-24 12:36:41,138 DEBUG o.h.b.m.i.AbstractPropertyHolder [AbstractPropertyHolder.java:107] Attempting to locate auto-apply AttributeConverter for property [franco.maurizio.hr.desk.com.persistence.entity.Candidate:courseCode]
2023-11-24 12:36:41,138 DEBUG o.h.b.m.i.BasicValueBinder [BasicValueBinder.java:1196] building BasicValue for courseCode
2023-11-24 12:36:41,138 DEBUG o.h.m.BasicValue [BasicValue.java:259] Skipping column re-registration: candidates.course_code
2023-11-24 12:36:41,138 TRACE o.h.e.j.e.i.NormalizingIdentifierHelperImpl [NormalizingIdentifierHelperImpl.java:62] Normalizing identifier quoting [course_code]
2023-11-24 12:36:41,138 DEBUG o.h.b.m.i.PropertyBinder [PropertyBinder.java:391] Building property courseCode
2023-11-24 12:36:41,139 TRACE o.h.b.m.i.PropertyBinder [PropertyBinder.java:407] Cascading courseCode with null
2023-11-24 12:36:41,139 TRACE o.h.b.m.i.PropertyBinder [PropertyBinder.java:695] Processing annotations of franco.maurizio.hr.desk.com.persistence.entity.Candidate.cvExternalPath
2023-11-24 12:36:41,139 TRACE o.h.e.j.e.i.NormalizingIdentifierHelperImpl [NormalizingIdentifierHelperImpl.java:62] Normalizing identifier quoting [cv_external_path]
2023-11-24 12:36:41,140 TRACE o.h.e.j.e.i.NormalizingIdentifierHelperImpl [NormalizingIdentifierHelperImpl.java:62] Normalizing identifier quoting [cv_external_path]
2023-11-24 12:36:41,140 DEBUG o.h.b.m.i.AnnotatedColumn [AnnotatedColumn.java:249] Binding column: AnnotatedColumn(column='cv_external_path')
2023-11-24 12:36:41,140 DEBUG o.h.b.m.i.PropertyBinder [PropertyBinder.java:251] MetadataSourceProcessor property cvExternalPath with lazy=false
2023-11-24 12:36:41,141 DEBUG o.h.b.m.i.AbstractPropertyHolder [AbstractPropertyHolder.java:107] Attempting to locate auto-apply AttributeConverter for property [franco.maurizio.hr.desk.com.persistence.entity.Candidate:cvExternalPath]
2023-11-24 12:36:41,141 DEBUG o.h.b.m.i.BasicValueBinder [BasicValueBinder.java:1196] building BasicValue for cvExternalPath
2023-11-24 12:36:41,141 DEBUG o.h.m.BasicValue [BasicValue.java:259] Skipping column re-registration: candidates.cv_external_path
2023-11-24 12:36:41,141 TRACE o.h.e.j.e.i.NormalizingIdentifierHelperImpl [NormalizingIdentifierHelperImpl.java:62] Normalizing identifier quoting [cv_external_path]
2023-11-24 12:36:41,142 DEBUG o.h.b.m.i.PropertyBinder [PropertyBinder.java:391] Building property cvExternalPath
2023-11-24 12:36:41,142 TRACE o.h.b.m.i.PropertyBinder [PropertyBinder.java:407] Cascading cvExternalPath with null
2023-11-24 12:36:41,142 TRACE o.h.b.m.i.PropertyBinder [PropertyBinder.java:695] Processing annotations of franco.maurizio.hr.desk.com.persistence.entity.Candidate.dateOfBirth
2023-11-24 12:36:41,143 TRACE o.h.e.j.e.i.NormalizingIdentifierHelperImpl [NormalizingIdentifierHelperImpl.java:62] Normalizing identifier quoting [dateofbirth]
2023-11-24 12:36:41,143 TRACE o.h.e.j.e.i.NormalizingIdentifierHelperImpl [NormalizingIdentifierHelperImpl.java:62] Normalizing identifier quoting [dateofbirth]
2023-11-24 12:36:41,143 DEBUG o.h.b.m.i.AnnotatedColumn [AnnotatedColumn.java:249] Binding column: AnnotatedColumn(column='dateofbirth')
2023-11-24 12:36:41,144 DEBUG o.h.b.m.i.PropertyBinder [PropertyBinder.java:251] MetadataSourceProcessor property dateOfBirth with lazy=false
2023-11-24 12:36:41,144 DEBUG o.h.b.m.i.AbstractPropertyHolder [AbstractPropertyHolder.java:107] Attempting to locate auto-apply AttributeConverter for property [franco.maurizio.hr.desk.com.persistence.entity.Candidate:dateOfBirth]
2023-11-24 12:36:41,144 DEBUG o.h.b.m.i.BasicValueBinder [BasicValueBinder.java:1196] building BasicValue for dateOfBirth
2023-11-24 12:36:41,145 DEBUG o.h.m.BasicValue [BasicValue.java:259] Skipping column re-registration: candidates.dateofbirth
2023-11-24 12:36:41,145 TRACE o.h.e.j.e.i.NormalizingIdentifierHelperImpl [NormalizingIdentifierHelperImpl.java:62] Normalizing identifier quoting [dateofbirth]
2023-11-24 12:36:41,145 DEBUG o.h.b.m.i.PropertyBinder [PropertyBinder.java:391] Building property dateOfBirth
2023-11-24 12:36:41,145 TRACE o.h.b.m.i.PropertyBinder [PropertyBinder.java:407] Cascading dateOfBirth with null
2023-11-24 12:36:41,146 TRACE o.h.b.m.i.PropertyBinder [PropertyBinder.java:695] Processing annotations of franco.maurizio.hr.desk.com.persistence.entity.Candidate.domicileCity
2023-11-24 12:36:41,146 TRACE o.h.e.j.e.i.NormalizingIdentifierHelperImpl [NormalizingIdentifierHelperImpl.java:62] Normalizing identifier quoting [domicile_city]
2023-11-24 12:36:41,146 TRACE o.h.e.j.e.i.NormalizingIdentifierHelperImpl [NormalizingIdentifierHelperImpl.java:62] Normalizing identifier quoting [domicile_city]
2023-11-24 12:36:41,146 DEBUG o.h.b.m.i.AnnotatedColumn [AnnotatedColumn.java:249] Binding column: AnnotatedColumn(column='domicile_city')
2023-11-24 12:36:41,147 DEBUG o.h.b.m.i.PropertyBinder [PropertyBinder.java:251] MetadataSourceProcessor property domicileCity with lazy=false
2023-11-24 12:36:41,147 DEBUG o.h.b.m.i.AbstractPropertyHolder [AbstractPropertyHolder.java:107] Attempting to locate auto-apply AttributeConverter for property [franco.maurizio.hr.desk.com.persistence.entity.Candidate:domicileCity]
2023-11-24 12:36:41,147 DEBUG o.h.b.m.i.BasicValueBinder [BasicValueBinder.java:1196] building BasicValue for domicileCity
2023-11-24 12:36:41,147 DEBUG o.h.m.BasicValue [BasicValue.java:259] Skipping column re-registration: candidates.domicile_city
2023-11-24 12:36:41,148 TRACE o.h.e.j.e.i.NormalizingIdentifierHelperImpl [NormalizingIdentifierHelperImpl.java:62] Normalizing identifier quoting [domicile_city]
2023-11-24 12:36:41,148 DEBUG o.h.b.m.i.PropertyBinder [PropertyBinder.java:391] Building property domicileCity
2023-11-24 12:36:41,148 TRACE o.h.b.m.i.PropertyBinder [PropertyBinder.java:407] Cascading domicileCity with null
2023-11-24 12:36:41,148 TRACE o.h.b.m.i.PropertyBinder [PropertyBinder.java:695] Processing annotations of franco.maurizio.hr.desk.com.persistence.entity.Candidate.email
2023-11-24 12:36:41,149 TRACE o.h.e.j.e.i.NormalizingIdentifierHelperImpl [NormalizingIdentifierHelperImpl.java:62] Normalizing identifier quoting [email]
2023-11-24 12:36:41,149 TRACE o.h.e.j.e.i.NormalizingIdentifierHelperImpl [NormalizingIdentifierHelperImpl.java:62] Normalizing identifier quoting [email]
2023-11-24 12:36:41,149 DEBUG o.h.b.m.i.AnnotatedColumn [AnnotatedColumn.java:249] Binding column: AnnotatedColumn(column='email')
2023-11-24 12:36:41,150 DEBUG o.h.b.m.i.PropertyBinder [PropertyBinder.java:251] MetadataSourceProcessor property email with lazy=false
2023-11-24 12:36:41,150 DEBUG o.h.b.m.i.AbstractPropertyHolder [AbstractPropertyHolder.java:107] Attempting to locate auto-apply AttributeConverter for property [franco.maurizio.hr.desk.com.persistence.entity.Candidate:email]
2023-11-24 12:36:41,150 DEBUG o.h.b.m.i.BasicValueBinder [BasicValueBinder.java:1196] building BasicValue for email
2023-11-24 12:36:41,150 DEBUG o.h.m.BasicValue [BasicValue.java:259] Skipping column re-registration: candidates.email
2023-11-24 12:36:41,151 TRACE o.h.e.j.e.i.NormalizingIdentifierHelperImpl [NormalizingIdentifierHelperImpl.java:62] Normalizing identifier quoting [email]
2023-11-24 12:36:41,151 DEBUG o.h.b.m.i.PropertyBinder [PropertyBinder.java:391] Building property email
2023-11-24 12:36:41,151 TRACE o.h.b.m.i.PropertyBinder [PropertyBinder.java:407] Cascading email with null
2023-11-24 12:36:41,151 TRACE o.h.b.m.i.PropertyBinder [PropertyBinder.java:695] Processing annotations of franco.maurizio.hr.desk.com.persistence.entity.Candidate.firstname
2023-11-24 12:36:41,152 TRACE o.h.e.j.e.i.NormalizingIdentifierHelperImpl [NormalizingIdentifierHelperImpl.java:62] Normalizing identifier quoting [firstname]
2023-11-24 12:36:41,152 TRACE o.h.e.j.e.i.NormalizingIdentifierHelperImpl [NormalizingIdentifierHelperImpl.java:62] Normalizing identifier quoting [firstname]
2023-11-24 12:36:41,152 DEBUG o.h.b.m.i.AnnotatedColumn [AnnotatedColumn.java:249] Binding column: AnnotatedColumn(column='firstname')
2023-11-24 12:36:41,153 DEBUG o.h.b.m.i.PropertyBinder [PropertyBinder.java:251] MetadataSourceProcessor property firstname with lazy=false
2023-11-24 12:36:41,153 DEBUG o.h.b.m.i.AbstractPropertyHolder [AbstractPropertyHolder.java:107] Attempting to locate auto-apply AttributeConverter for property [franco.maurizio.hr.desk.com.persistence.entity.Candidate:firstname]
2023-11-24 12:36:41,153 DEBUG o.h.b.m.i.BasicValueBinder [BasicValueBinder.java:1196] building BasicValue for firstname
2023-11-24 12:36:41,153 DEBUG o.h.m.BasicValue [BasicValue.java:259] Skipping column re-registration: candidates.firstname
2023-11-24 12:36:41,153 TRACE o.h.e.j.e.i.NormalizingIdentifierHelperImpl [NormalizingIdentifierHelperImpl.java:62] Normalizing identifier quoting [firstname]
2023-11-24 12:36:41,153 DEBUG o.h.b.m.i.PropertyBinder [PropertyBinder.java:391] Building property firstname
2023-11-24 12:36:41,154 TRACE o.h.b.m.i.PropertyBinder [PropertyBinder.java:407] Cascading firstname with null
2023-11-24 12:36:41,154 TRACE o.h.b.m.i.PropertyBinder [PropertyBinder.java:695] Processing annotations of franco.maurizio.hr.desk.com.persistence.entity.Candidate.graduate
2023-11-24 12:36:41,154 TRACE o.h.e.j.e.i.NormalizingIdentifierHelperImpl [NormalizingIdentifierHelperImpl.java:62] Normalizing identifier quoting [graduate]
2023-11-24 12:36:41,154 TRACE o.h.e.j.e.i.NormalizingIdentifierHelperImpl [NormalizingIdentifierHelperImpl.java:62] Normalizing identifier quoting [graduate]
2023-11-24 12:36:41,154 DEBUG o.h.b.m.i.AnnotatedColumn [AnnotatedColumn.java:249] Binding column: AnnotatedColumn()
2023-11-24 12:36:41,154 DEBUG o.h.b.m.i.PropertyBinder [PropertyBinder.java:251] MetadataSourceProcessor property graduate with lazy=false
2023-11-24 12:36:41,154 DEBUG o.h.b.m.i.AbstractPropertyHolder [AbstractPropertyHolder.java:107] Attempting to locate auto-apply AttributeConverter for property [franco.maurizio.hr.desk.com.persistence.entity.Candidate:graduate]
2023-11-24 12:36:41,155 DEBUG o.h.b.m.i.BasicValueBinder [BasicValueBinder.java:1196] building BasicValue for graduate
2023-11-24 12:36:41,155 DEBUG o.h.m.BasicValue [BasicValue.java:259] Skipping column re-registration: candidates.graduate
2023-11-24 12:36:41,155 TRACE o.h.e.j.e.i.NormalizingIdentifierHelperImpl [NormalizingIdentifierHelperImpl.java:62] Normalizing identifier quoting [graduate]
2023-11-24 12:36:41,155 TRACE o.h.e.j.e.i.NormalizingIdentifierHelperImpl [NormalizingIdentifierHelperImpl.java:62] Normalizing identifier quoting [graduate]
2023-11-24 12:36:41,155 TRACE o.h.e.j.e.i.NormalizingIdentifierHelperImpl [NormalizingIdentifierHelperImpl.java:62] Normalizing identifier quoting [graduate]
2023-11-24 12:36:41,155 DEBUG o.h.b.m.i.PropertyBinder [PropertyBinder.java:391] Building property graduate
2023-11-24 12:36:41,156 TRACE o.h.b.m.i.PropertyBinder [PropertyBinder.java:407] Cascading graduate with null
2023-11-24 12:36:41,156 TRACE o.h.b.m.i.PropertyBinder [PropertyBinder.java:695] Processing annotations of franco.maurizio.hr.desk.com.persistence.entity.Candidate.highGraduate
2023-11-24 12:36:41,156 TRACE o.h.e.j.e.i.NormalizingIdentifierHelperImpl [NormalizingIdentifierHelperImpl.java:62] Normalizing identifier quoting [high_graduate]
2023-11-24 12:36:41,156 TRACE o.h.e.j.e.i.NormalizingIdentifierHelperImpl [NormalizingIdentifierHelperImpl.java:62] Normalizing identifier quoting [high_graduate]
2023-11-24 12:36:41,157 DEBUG o.h.b.m.i.AnnotatedColumn [AnnotatedColumn.java:249] Binding column: AnnotatedColumn(column='high_graduate')
2023-11-24 12:36:41,157 DEBUG o.h.b.m.i.PropertyBinder [PropertyBinder.java:251] MetadataSourceProcessor property highGraduate with lazy=false
2023-11-24 12:36:41,157 DEBUG o.h.b.m.i.AbstractPropertyHolder [AbstractPropertyHolder.java:107] Attempting to locate auto-apply AttributeConverter for property [franco.maurizio.hr.desk.com.persistence.entity.Candidate:highGraduate]
2023-11-24 12:36:41,158 DEBUG o.h.b.m.i.BasicValueBinder [BasicValueBinder.java:1196] building BasicValue for highGraduate
2023-11-24 12:36:41,158 DEBUG o.h.m.BasicValue [BasicValue.java:259] Skipping column re-registration: candidates.high_graduate
2023-11-24 12:36:41,158 TRACE o.h.e.j.e.i.NormalizingIdentifierHelperImpl [NormalizingIdentifierHelperImpl.java:62] Normalizing identifier quoting [high_graduate]
2023-11-24 12:36:41,158 DEBUG o.h.b.m.i.PropertyBinder [PropertyBinder.java:391] Building property highGraduate
2023-11-24 12:36:41,159 TRACE o.h.b.m.i.PropertyBinder [PropertyBinder.java:407] Cascading highGraduate with null
2023-11-24 12:36:41,159 TRACE o.h.b.m.i.PropertyBinder [PropertyBinder.java:695] Processing annotations of franco.maurizio.hr.desk.com.persistence.entity.Candidate.hrNote
2023-11-24 12:36:41,159 TRACE o.h.e.j.e.i.NormalizingIdentifierHelperImpl [NormalizingIdentifierHelperImpl.java:62] Normalizing identifier quoting [hr_note]
2023-11-24 12:36:41,160 TRACE o.h.e.j.e.i.NormalizingIdentifierHelperImpl [NormalizingIdentifierHelperImpl.java:62] Normalizing identifier quoting [hr_note]
2023-11-24 12:36:41,160 DEBUG o.h.b.m.i.AnnotatedColumn [AnnotatedColumn.java:249] Binding column: AnnotatedColumn(column='hr_note')
2023-11-24 12:36:41,160 DEBUG o.h.b.m.i.PropertyBinder [PropertyBinder.java:251] MetadataSourceProcessor property hrNote with lazy=false
2023-11-24 12:36:41,161 DEBUG o.h.b.m.i.AbstractPropertyHolder [AbstractPropertyHolder.java:107] Attempting to locate auto-apply AttributeConverter for property [franco.maurizio.hr.desk.com.persistence.entity.Candidate:hrNote]
2023-11-24 12:36:41,161 DEBUG o.h.b.m.i.BasicValueBinder [BasicValueBinder.java:1196] building BasicValue for hrNote
2023-11-24 12:36:41,161 DEBUG o.h.m.BasicValue [BasicValue.java:259] Skipping column re-registration: candidates.hr_note
2023-11-24 12:36:41,161 TRACE o.h.e.j.e.i.NormalizingIdentifierHelperImpl [NormalizingIdentifierHelperImpl.java:62] Normalizing identifier quoting [hr_note]
2023-11-24 12:36:41,162 DEBUG o.h.b.m.i.PropertyBinder [PropertyBinder.java:391] Building property hrNote
2023-11-24 12:36:41,162 TRACE o.h.b.m.i.PropertyBinder [PropertyBinder.java:407] Cascading hrNote with null
2023-11-24 12:36:41,162 TRACE o.h.b.m.i.PropertyBinder [PropertyBinder.java:695] Processing annotations of franco.maurizio.hr.desk.com.persistence.entity.Candidate.imgpath
2023-11-24 12:36:41,163 TRACE o.h.e.j.e.i.NormalizingIdentifierHelperImpl [NormalizingIdentifierHelperImpl.java:62] Normalizing identifier quoting [imgpath]
2023-11-24 12:36:41,163 TRACE o.h.e.j.e.i.NormalizingIdentifierHelperImpl [NormalizingIdentifierHelperImpl.java:62] Normalizing identifier quoting [imgpath]
2023-11-24 12:36:41,163 DEBUG o.h.b.m.i.AnnotatedColumn [AnnotatedColumn.java:249] Binding column: AnnotatedColumn(column='imgpath')
2023-11-24 12:36:41,164 DEBUG o.h.b.m.i.PropertyBinder [PropertyBinder.java:251] MetadataSourceProcessor property imgpath with lazy=false
2023-11-24 12:36:41,164 DEBUG o.h.b.m.i.AbstractPropertyHolder [AbstractPropertyHolder.java:107] Attempting to locate auto-apply AttributeConverter for property [franco.maurizio.hr.desk.com.persistence.entity.Candidate:imgpath]
2023-11-24 12:36:41,164 DEBUG o.h.b.m.i.BasicValueBinder [BasicValueBinder.java:1196] building BasicValue for imgpath
2023-11-24 12:36:41,165 DEBUG o.h.m.BasicValue [BasicValue.java:259] Skipping column re-registration: candidates.imgpath
2023-11-24 12:36:41,165 TRACE o.h.e.j.e.i.NormalizingIdentifierHelperImpl [NormalizingIdentifierHelperImpl.java:62] Normalizing identifier quoting [imgpath]
2023-11-24 12:36:41,165 DEBUG o.h.b.m.i.PropertyBinder [PropertyBinder.java:391] Building property imgpath
2023-11-24 12:36:41,165 TRACE o.h.b.m.i.PropertyBinder [PropertyBinder.java:407] Cascading imgpath with null
2023-11-24 12:36:41,166 TRACE o.h.b.m.i.PropertyBinder [PropertyBinder.java:695] Processing annotations of franco.maurizio.hr.desk.com.persistence.entity.Candidate.insertedBy
2023-11-24 12:36:41,166 TRACE o.h.e.j.e.i.NormalizingIdentifierHelperImpl [NormalizingIdentifierHelperImpl.java:62] Normalizing identifier quoting [inserted_by]
2023-11-24 12:36:41,166 TRACE o.h.e.j.e.i.NormalizingIdentifierHelperImpl [NormalizingIdentifierHelperImpl.java:62] Normalizing identifier quoting [inserted_by]
2023-11-24 12:36:41,167 DEBUG o.h.b.m.i.AnnotatedColumn [AnnotatedColumn.java:249] Binding column: AnnotatedColumn(column='inserted_by')
2023-11-24 12:36:41,167 DEBUG o.h.b.m.i.PropertyBinder [PropertyBinder.java:251] MetadataSourceProcessor property insertedBy with lazy=false
2023-11-24 12:36:41,167 DEBUG o.h.b.m.i.AbstractPropertyHolder [AbstractPropertyHolder.java:107] Attempting to locate auto-apply AttributeConverter for property [franco.maurizio.hr.desk.com.persistence.entity.Candidate:insertedBy]
2023-11-24 12:36:41,167 DEBUG o.h.b.m.i.BasicValueBinder [BasicValueBinder.java:1196] building BasicValue for insertedBy
2023-11-24 12:36:41,168 DEBUG o.h.m.BasicValue [BasicValue.java:259] Skipping column re-registration: candidates.inserted_by
2023-11-24 12:36:41,168 TRACE o.h.e.j.e.i.NormalizingIdentifierHelperImpl [NormalizingIdentifierHelperImpl.java:62] Normalizing identifier quoting [inserted_by]
2023-11-24 12:36:41,168 DEBUG o.h.b.m.i.PropertyBinder [PropertyBinder.java:391] Building property insertedBy
2023-11-24 12:36:41,169 TRACE o.h.b.m.i.PropertyBinder [PropertyBinder.java:407] Cascading insertedBy with null
2023-11-24 12:36:41,169 TRACE o.h.b.m.i.PropertyBinder [PropertyBinder.java:695] Processing annotations of franco.maurizio.hr.desk.com.persistence.entity.Candidate.label
2023-11-24 12:36:41,169 TRACE o.h.e.j.e.i.NormalizingIdentifierHelperImpl [NormalizingIdentifierHelperImpl.java:62] Normalizing identifier quoting [label]
2023-11-24 12:36:41,169 TRACE o.h.e.j.e.i.NormalizingIdentifierHelperImpl [NormalizingIdentifierHelperImpl.java:62] Normalizing identifier quoting [label]
2023-11-24 12:36:41,170 DEBUG o.h.b.m.i.AnnotatedColumn [AnnotatedColumn.java:249] Binding column: AnnotatedColumn(column='label')
2023-11-24 12:36:41,170 DEBUG o.h.b.m.i.PropertyBinder [PropertyBinder.java:251] MetadataSourceProcessor property label with lazy=false
2023-11-24 12:36:41,170 DEBUG o.h.b.m.i.AbstractPropertyHolder [AbstractPropertyHolder.java:107] Attempting to locate auto-apply AttributeConverter for property [franco.maurizio.hr.desk.com.persistence.entity.Candidate:label]
2023-11-24 12:36:41,170 DEBUG o.h.b.m.i.BasicValueBinder [BasicValueBinder.java:1196] building BasicValue for label
2023-11-24 12:36:41,171 DEBUG o.h.m.BasicValue [BasicValue.java:259] Skipping column re-registration: candidates.label
2023-11-24 12:36:41,171 TRACE o.h.e.j.e.i.NormalizingIdentifierHelperImpl [NormalizingIdentifierHelperImpl.java:62] Normalizing identifier quoting [label]
2023-11-24 12:36:41,171 DEBUG o.h.b.m.i.PropertyBinder [PropertyBinder.java:391] Building property label
2023-11-24 12:36:41,171 TRACE o.h.b.m.i.PropertyBinder [PropertyBinder.java:407] Cascading label with null
2023-11-24 12:36:41,172 TRACE o.h.b.m.i.PropertyBinder [PropertyBinder.java:695] Processing annotations of franco.maurizio.hr.desk.com.persistence.entity.Candidate.lastname
2023-11-24 12:36:41,172 TRACE o.h.e.j.e.i.NormalizingIdentifierHelperImpl [NormalizingIdentifierHelperImpl.java:62] Normalizing identifier quoting [lastname]
2023-11-24 12:36:41,173 TRACE o.h.e.j.e.i.NormalizingIdentifierHelperImpl [NormalizingIdentifierHelperImpl.java:62] Normalizing identifier quoting [lastname]
2023-11-24 12:36:41,173 DEBUG o.h.b.m.i.AnnotatedColumn [AnnotatedColumn.java:249] Binding column: AnnotatedColumn(column='lastname')
2023-11-24 12:36:41,173 DEBUG o.h.b.m.i.PropertyBinder [PropertyBinder.java:251] MetadataSourceProcessor property lastname with lazy=false
2023-11-24 12:36:41,173 DEBUG o.h.b.m.i.AbstractPropertyHolder [AbstractPropertyHolder.java:107] Attempting to locate auto-apply AttributeConverter for property [franco.maurizio.hr.desk.com.persistence.entity.Candidate:lastname]
2023-11-24 12:36:41,174 DEBUG o.h.b.m.i.BasicValueBinder [BasicValueBinder.java:1196] building BasicValue for lastname
2023-11-24 12:36:41,174 DEBUG o.h.m.BasicValue [BasicValue.java:259] Skipping column re-registration: candidates.lastname
2023-11-24 12:36:41,174 TRACE o.h.e.j.e.i.NormalizingIdentifierHelperImpl [NormalizingIdentifierHelperImpl.java:62] Normalizing identifier quoting [lastname]
2023-11-24 12:36:41,174 DEBUG o.h.b.m.i.PropertyBinder [PropertyBinder.java:391] Building property lastname
2023-11-24 12:36:41,175 TRACE o.h.b.m.i.PropertyBinder [PropertyBinder.java:407] Cascading lastname with null
2023-11-24 12:36:41,175 TRACE o.h.b.m.i.PropertyBinder [PropertyBinder.java:695] Processing annotations of franco.maurizio.hr.desk.com.persistence.entity.Candidate.mobile
2023-11-24 12:36:41,175 TRACE o.h.e.j.e.i.NormalizingIdentifierHelperImpl [NormalizingIdentifierHelperImpl.java:62] Normalizing identifier quoting [mobile]
2023-11-24 12:36:41,176 TRACE o.h.e.j.e.i.NormalizingIdentifierHelperImpl [NormalizingIdentifierHelperImpl.java:62] Normalizing identifier quoting [mobile]
2023-11-24 12:36:41,176 DEBUG o.h.b.m.i.AnnotatedColumn [AnnotatedColumn.java:249] Binding column: AnnotatedColumn()
2023-11-24 12:36:41,176 DEBUG o.h.b.m.i.PropertyBinder [PropertyBinder.java:251] MetadataSourceProcessor property mobile with lazy=false
2023-11-24 12:36:41,177 DEBUG o.h.b.m.i.AbstractPropertyHolder [AbstractPropertyHolder.java:107] Attempting to locate auto-apply AttributeConverter for property [franco.maurizio.hr.desk.com.persistence.entity.Candidate:mobile]
2023-11-24 12:36:41,177 DEBUG o.h.b.m.i.BasicValueBinder [BasicValueBinder.java:1196] building BasicValue for mobile
2023-11-24 12:36:41,177 DEBUG o.h.m.BasicValue [BasicValue.java:259] Skipping column re-registration: candidates.mobile
2023-11-24 12:36:41,177 TRACE o.h.e.j.e.i.NormalizingIdentifierHelperImpl [NormalizingIdentifierHelperImpl.java:62] Normalizing identifier quoting [mobile]
2023-11-24 12:36:41,178 TRACE o.h.e.j.e.i.NormalizingIdentifierHelperImpl [NormalizingIdentifierHelperImpl.java:62] Normalizing identifier quoting [mobile]
2023-11-24 12:36:41,178 TRACE o.h.e.j.e.i.NormalizingIdentifierHelperImpl [NormalizingIdentifierHelperImpl.java:62] Normalizing identifier quoting [mobile]
2023-11-24 12:36:41,178 DEBUG o.h.b.m.i.PropertyBinder [PropertyBinder.java:391] Building property mobile
2023-11-24 12:36:41,178 TRACE o.h.b.m.i.PropertyBinder [PropertyBinder.java:407] Cascading mobile with null
2023-11-24 12:36:41,179 TRACE o.h.b.m.i.PropertyBinder [PropertyBinder.java:695] Processing annotations of franco.maurizio.hr.desk.com.persistence.entity.Candidate.regdate
2023-11-24 12:36:41,179 TRACE o.h.e.j.e.i.NormalizingIdentifierHelperImpl [NormalizingIdentifierHelperImpl.java:62] Normalizing identifier quoting [regdate]
2023-11-24 12:36:41,179 TRACE o.h.e.j.e.i.NormalizingIdentifierHelperImpl [NormalizingIdentifierHelperImpl.java:62] Normalizing identifier quoting [regdate]
2023-11-24 12:36:41,180 DEBUG o.h.b.m.i.AnnotatedColumn [AnnotatedColumn.java:249] Binding column: AnnotatedColumn(column='regdate')
2023-11-24 12:36:41,180 DEBUG o.h.b.m.i.PropertyBinder [PropertyBinder.java:251] MetadataSourceProcessor property regdate with lazy=false
2023-11-24 12:36:41,180 DEBUG o.h.b.m.i.AbstractPropertyHolder [AbstractPropertyHolder.java:107] Attempting to locate auto-apply AttributeConverter for property [franco.maurizio.hr.desk.com.persistence.entity.Candidate:regdate]
2023-11-24 12:36:41,180 DEBUG o.h.b.m.i.BasicValueBinder [BasicValueBinder.java:1196] building BasicValue for regdate
2023-11-24 12:36:41,181 DEBUG o.h.m.BasicValue [BasicValue.java:259] Skipping column re-registration: candidates.regdate
2023-11-24 12:36:41,181 TRACE o.h.e.j.e.i.NormalizingIdentifierHelperImpl [NormalizingIdentifierHelperImpl.java:62] Normalizing identifier quoting [regdate]
2023-11-24 12:36:41,181 DEBUG o.h.b.m.i.PropertyBinder [PropertyBinder.java:391] Building property regdate
2023-11-24 12:36:41,182 TRACE o.h.b.m.i.PropertyBinder [PropertyBinder.java:407] Cascading regdate with null
2023-11-24 12:36:41,182 TRACE o.h.b.m.i.PropertyBinder [PropertyBinder.java:695] Processing annotations of franco.maurizio.hr.desk.com.persistence.entity.Candidate.stillHighStudy
2023-11-24 12:36:41,182 TRACE o.h.e.j.e.i.NormalizingIdentifierHelperImpl [NormalizingIdentifierHelperImpl.java:62] Normalizing identifier quoting [still_high_study]
2023-11-24 12:36:41,183 TRACE o.h.e.j.e.i.NormalizingIdentifierHelperImpl [NormalizingIdentifierHelperImpl.java:62] Normalizing identifier quoting [still_high_study]
2023-11-24 12:36:41,183 DEBUG o.h.b.m.i.AnnotatedColumn [AnnotatedColumn.java:249] Binding column: AnnotatedColumn(column='still_high_study')
2023-11-24 12:36:41,183 DEBUG o.h.b.m.i.PropertyBinder [PropertyBinder.java:251] MetadataSourceProcessor property stillHighStudy with lazy=false
2023-11-24 12:36:41,183 DEBUG o.h.b.m.i.AbstractPropertyHolder [AbstractPropertyHolder.java:107] Attempting to locate auto-apply AttributeConverter for property [franco.maurizio.hr.desk.com.persistence.entity.Candidate:stillHighStudy]
2023-11-24 12:36:41,184 DEBUG o.h.b.m.i.BasicValueBinder [BasicValueBinder.java:1196] building BasicValue for stillHighStudy
2023-11-24 12:36:41,184 DEBUG o.h.m.BasicValue [BasicValue.java:259] Skipping column re-registration: candidates.still_high_study
2023-11-24 12:36:41,184 TRACE o.h.e.j.e.i.NormalizingIdentifierHelperImpl [NormalizingIdentifierHelperImpl.java:62] Normalizing identifier quoting [still_high_study]
2023-11-24 12:36:41,184 DEBUG o.h.b.m.i.PropertyBinder [PropertyBinder.java:391] Building property stillHighStudy
2023-11-24 12:36:41,184 TRACE o.h.b.m.i.PropertyBinder [PropertyBinder.java:407] Cascading stillHighStudy with null
2023-11-24 12:36:41,185 TRACE o.h.b.m.i.PropertyBinder [PropertyBinder.java:695] Processing annotations of franco.maurizio.hr.desk.com.persistence.entity.Candidate.studyQualification
2023-11-24 12:36:41,185 TRACE o.h.e.j.e.i.NormalizingIdentifierHelperImpl [NormalizingIdentifierHelperImpl.java:62] Normalizing identifier quoting [study_qualification]
2023-11-24 12:36:41,185 TRACE o.h.e.j.e.i.NormalizingIdentifierHelperImpl [NormalizingIdentifierHelperImpl.java:62] Normalizing identifier quoting [study_qualification]
2023-11-24 12:36:41,185 DEBUG o.h.b.m.i.AnnotatedColumn [AnnotatedColumn.java:249] Binding column: AnnotatedColumn(column='study_qualification')
2023-11-24 12:36:41,185 DEBUG o.h.b.m.i.PropertyBinder [PropertyBinder.java:251] MetadataSourceProcessor property studyQualification with lazy=false
2023-11-24 12:36:41,186 DEBUG o.h.b.m.i.AbstractPropertyHolder [AbstractPropertyHolder.java:107] Attempting to locate auto-apply AttributeConverter for property [franco.maurizio.hr.desk.com.persistence.entity.Candidate:studyQualification]
2023-11-24 12:36:41,186 DEBUG o.h.b.m.i.BasicValueBinder [BasicValueBinder.java:1196] building BasicValue for studyQualification
2023-11-24 12:36:41,186 DEBUG o.h.m.BasicValue [BasicValue.java:259] Skipping column re-registration: candidates.study_qualification
2023-11-24 12:36:41,186 TRACE o.h.e.j.e.i.NormalizingIdentifierHelperImpl [NormalizingIdentifierHelperImpl.java:62] Normalizing identifier quoting [study_qualification]
2023-11-24 12:36:41,186 DEBUG o.h.b.m.i.PropertyBinder [PropertyBinder.java:391] Building property studyQualification
2023-11-24 12:36:41,186 TRACE o.h.b.m.i.PropertyBinder [PropertyBinder.java:407] Cascading studyQualification with null
2023-11-24 12:36:41,186 TRACE o.h.b.m.i.PropertyBinder [PropertyBinder.java:695] Processing annotations of franco.maurizio.hr.desk.com.persistence.entity.Candidate.technicalNote
2023-11-24 12:36:41,187 TRACE o.h.e.j.e.i.NormalizingIdentifierHelperImpl [NormalizingIdentifierHelperImpl.java:62] Normalizing identifier quoting [technical_note]
2023-11-24 12:36:41,187 TRACE o.h.e.j.e.i.NormalizingIdentifierHelperImpl [NormalizingIdentifierHelperImpl.java:62] Normalizing identifier quoting [technical_note]
2023-11-24 12:36:41,187 DEBUG o.h.b.m.i.AnnotatedColumn [AnnotatedColumn.java:249] Binding column: AnnotatedColumn(column='technical_note')
2023-11-24 12:36:41,187 DEBUG o.h.b.m.i.PropertyBinder [PropertyBinder.java:251] MetadataSourceProcessor property technicalNote with lazy=false
2023-11-24 12:36:41,187 DEBUG o.h.b.m.i.AbstractPropertyHolder [AbstractPropertyHolder.java:107] Attempting to locate auto-apply AttributeConverter for property [franco.maurizio.hr.desk.com.persistence.entity.Candidate:technicalNote]
2023-11-24 12:36:41,187 DEBUG o.h.b.m.i.BasicValueBinder [BasicValueBinder.java:1196] building BasicValue for technicalNote
2023-11-24 12:36:41,187 DEBUG o.h.m.BasicValue [BasicValue.java:259] Skipping column re-registration: candidates.technical_note
2023-11-24 12:36:41,188 TRACE o.h.e.j.e.i.NormalizingIdentifierHelperImpl [NormalizingIdentifierHelperImpl.java:62] Normalizing identifier quoting [technical_note]
2023-11-24 12:36:41,188 DEBUG o.h.b.m.i.PropertyBinder [PropertyBinder.java:391] Building property technicalNote
2023-11-24 12:36:41,188 TRACE o.h.b.m.i.PropertyBinder [PropertyBinder.java:407] Cascading technicalNote with null
2023-11-24 12:36:41,189 DEBUG o.h.b.m.i.EntityBinder [EntityBinder.java:206] Binding entity from annotated class: franco.maurizio.hr.desk.com.persistence.entity.Question
2023-11-24 12:36:41,190 DEBUG o.h.b.m.i.EntityBinder [EntityBinder.java:1224] Import with entity name Question
2023-11-24 12:36:41,190 TRACE o.h.b.i.InFlightMetadataCollectorImpl [InFlightMetadataCollectorImpl.java:878] Import: Question -> franco.maurizio.hr.desk.com.persistence.entity.Question
2023-11-24 12:36:41,190 TRACE o.h.b.i.InFlightMetadataCollectorImpl [InFlightMetadataCollectorImpl.java:878] Import: franco.maurizio.hr.desk.com.persistence.entity.Question -> franco.maurizio.hr.desk.com.persistence.entity.Question
2023-11-24 12:36:41,190 TRACE o.h.e.j.e.i.NormalizingIdentifierHelperImpl [NormalizingIdentifierHelperImpl.java:62] Normalizing identifier quoting [questions]
2023-11-24 12:36:41,191 TRACE o.h.e.j.e.i.NormalizingIdentifierHelperImpl [NormalizingIdentifierHelperImpl.java:62] Normalizing identifier quoting [questions]
2023-11-24 12:36:41,191 DEBUG o.h.b.m.i.EntityBinder [EntityBinder.java:1769] Bind entity franco.maurizio.hr.desk.com.persistence.entity.Question on table questions
2023-11-24 12:36:41,192 TRACE o.h.e.j.e.i.NormalizingIdentifierHelperImpl [NormalizingIdentifierHelperImpl.java:62] Normalizing identifier quoting [DTYPE]
2023-11-24 12:36:41,192 DEBUG o.h.b.m.i.AnnotatedColumn [AnnotatedColumn.java:249] Binding column: AnnotatedDiscriminatorColumn(column='DTYPE')
2023-11-24 12:36:41,193 TRACE o.h.b.m.i.PropertyBinder [PropertyBinder.java:695] Processing annotations of franco.maurizio.hr.desk.com.persistence.entity.Question.id
2023-11-24 12:36:41,194 TRACE o.h.e.j.e.i.NormalizingIdentifierHelperImpl [NormalizingIdentifierHelperImpl.java:62] Normalizing identifier quoting [id]
2023-11-24 12:36:41,194 TRACE o.h.e.j.e.i.NormalizingIdentifierHelperImpl [NormalizingIdentifierHelperImpl.java:62] Normalizing identifier quoting [id]
2023-11-24 12:36:41,195 DEBUG o.h.b.m.i.AnnotatedColumn [AnnotatedColumn.java:249] Binding column: AnnotatedColumn()
2023-11-24 12:36:41,195 DEBUG o.h.b.i.ClassLoaderAccessImpl [ClassLoaderAccessImpl.java:60] Not known whether passed class name [franco.maurizio.hr.desk.com.persistence.entity.Question] is safe
2023-11-24 12:36:41,195 DEBUG o.h.b.i.ClassLoaderAccessImpl [ClassLoaderAccessImpl.java:62] No temp ClassLoader provided; using live ClassLoader for loading potentially unsafe class : franco.maurizio.hr.desk.com.persistence.entity.Question
2023-11-24 12:36:41,195 DEBUG o.h.b.m.i.PropertyBinder [PropertyBinder.java:251] MetadataSourceProcessor property id with lazy=false
2023-11-24 12:36:41,196 DEBUG o.h.b.m.i.AbstractPropertyHolder [AbstractPropertyHolder.java:107] Attempting to locate auto-apply AttributeConverter for property [franco.maurizio.hr.desk.com.persistence.entity.Question:id]
2023-11-24 12:36:41,196 DEBUG o.h.b.m.i.BasicValueBinder [BasicValueBinder.java:1196] building BasicValue for id
2023-11-24 12:36:41,196 DEBUG o.h.m.BasicValue [BasicValue.java:259] Skipping column re-registration: questions.id
2023-11-24 12:36:41,196 TRACE o.h.e.j.e.i.NormalizingIdentifierHelperImpl [NormalizingIdentifierHelperImpl.java:62] Normalizing identifier quoting [id]
2023-11-24 12:36:41,196 TRACE o.h.e.j.e.i.NormalizingIdentifierHelperImpl [NormalizingIdentifierHelperImpl.java:62] Normalizing identifier quoting [id]
2023-11-24 12:36:41,196 TRACE o.h.e.j.e.i.NormalizingIdentifierHelperImpl [NormalizingIdentifierHelperImpl.java:62] Normalizing identifier quoting [id]
2023-11-24 12:36:41,197 DEBUG o.h.b.m.i.PropertyBinder [PropertyBinder.java:391] Building property id
2023-11-24 12:36:41,197 TRACE o.h.b.m.i.PropertyBinder [PropertyBinder.java:407] Cascading id with null
2023-11-24 12:36:41,197 DEBUG o.h.b.m.i.BinderHelper [GeneratorBinder.java:73] #makeIdGenerator(BasicValue([Column(id)]), id, identity, , ...)
2023-11-24 12:36:41,197 TRACE o.h.b.m.i.PropertyBinder [PropertyBinder.java:1327] Bind @Id on id
2023-11-24 12:36:41,197 TRACE o.h.b.m.i.PropertyBinder [PropertyBinder.java:695] Processing annotations of franco.maurizio.hr.desk.com.persistence.entity.Question.ansa
2023-11-24 12:36:41,198 TRACE o.h.e.j.e.i.NormalizingIdentifierHelperImpl [NormalizingIdentifierHelperImpl.java:62] Normalizing identifier quoting [ansa]
2023-11-24 12:36:41,198 TRACE o.h.e.j.e.i.NormalizingIdentifierHelperImpl [NormalizingIdentifierHelperImpl.java:62] Normalizing identifier quoting [ansa]
2023-11-24 12:36:41,198 DEBUG o.h.b.m.i.AnnotatedColumn [AnnotatedColumn.java:249] Binding column: AnnotatedColumn()
2023-11-24 12:36:41,198 DEBUG o.h.b.m.i.PropertyBinder [PropertyBinder.java:251] MetadataSourceProcessor property ansa with lazy=false
2023-11-24 12:36:41,199 DEBUG o.h.b.m.i.AbstractPropertyHolder [AbstractPropertyHolder.java:107] Attempting to locate auto-apply AttributeConverter for property [franco.maurizio.hr.desk.com.persistence.entity.Question:ansa]
2023-11-24 12:36:41,199 DEBUG o.h.b.m.i.BasicValueBinder [BasicValueBinder.java:1196] building BasicValue for ansa
2023-11-24 12:36:41,199 DEBUG o.h.m.BasicValue [BasicValue.java:259] Skipping column re-registration: questions.ansa
2023-11-24 12:36:41,199 TRACE o.h.e.j.e.i.NormalizingIdentifierHelperImpl [NormalizingIdentifierHelperImpl.java:62] Normalizing identifier quoting [ansa]
2023-11-24 12:36:41,199 TRACE o.h.e.j.e.i.NormalizingIdentifierHelperImpl [NormalizingIdentifierHelperImpl.java:62] Normalizing identifier quoting [ansa]
2023-11-24 12:36:41,199 TRACE o.h.e.j.e.i.NormalizingIdentifierHelperImpl [NormalizingIdentifierHelperImpl.java:62] Normalizing identifier quoting [ansa]
2023-11-24 12:36:41,199 DEBUG o.h.b.m.i.PropertyBinder [PropertyBinder.java:391] Building property ansa
2023-11-24 12:36:41,200 TRACE o.h.b.m.i.PropertyBinder [PropertyBinder.java:407] Cascading ansa with null
2023-11-24 12:36:41,200 TRACE o.h.b.m.i.PropertyBinder [PropertyBinder.java:695] Processing annotations of franco.maurizio.hr.desk.com.persistence.entity.Question.ansb
2023-11-24 12:36:41,200 TRACE o.h.e.j.e.i.NormalizingIdentifierHelperImpl [NormalizingIdentifierHelperImpl.java:62] Normalizing identifier quoting [ansb]
2023-11-24 12:36:41,200 TRACE o.h.e.j.e.i.NormalizingIdentifierHelperImpl [NormalizingIdentifierHelperImpl.java:62] Normalizing identifier quoting [ansb]
2023-11-24 12:36:41,200 DEBUG o.h.b.m.i.AnnotatedColumn [AnnotatedColumn.java:249] Binding column: AnnotatedColumn()
2023-11-24 12:36:41,200 DEBUG o.h.b.m.i.PropertyBinder [PropertyBinder.java:251] MetadataSourceProcessor property ansb with lazy=false
2023-11-24 12:36:41,201 DEBUG o.h.b.m.i.AbstractPropertyHolder [AbstractPropertyHolder.java:107] Attempting to locate auto-apply AttributeConverter for property [franco.maurizio.hr.desk.com.persistence.entity.Question:ansb]
2023-11-24 12:36:41,201 DEBUG o.h.b.m.i.BasicValueBinder [BasicValueBinder.java:1196] building BasicValue for ansb
2023-11-24 12:36:41,201 DEBUG o.h.m.BasicValue [BasicValue.java:259] Skipping column re-registration: questions.ansb
2023-11-24 12:36:41,201 TRACE o.h.e.j.e.i.NormalizingIdentifierHelperImpl [NormalizingIdentifierHelperImpl.java:62] Normalizing identifier quoting [ansb]
2023-11-24 12:36:41,201 TRACE o.h.e.j.e.i.NormalizingIdentifierHelperImpl [NormalizingIdentifierHelperImpl.java:62] Normalizing identifier quoting [ansb]
2023-11-24 12:36:41,201 TRACE o.h.e.j.e.i.NormalizingIdentifierHelperImpl [NormalizingIdentifierHelperImpl.java:62] Normalizing identifier quoting [ansb]
2023-11-24 12:36:41,201 DEBUG o.h.b.m.i.PropertyBinder [PropertyBinder.java:391] Building property ansb
2023-11-24 12:36:41,202 TRACE o.h.b.m.i.PropertyBinder [PropertyBinder.java:407] Cascading ansb with null
2023-11-24 12:36:41,202 TRACE o.h.b.m.i.PropertyBinder [PropertyBinder.java:695] Processing annotations of franco.maurizio.hr.desk.com.persistence.entity.Question.ansc
2023-11-24 12:36:41,202 TRACE o.h.e.j.e.i.NormalizingIdentifierHelperImpl [NormalizingIdentifierHelperImpl.java:62] Normalizing identifier quoting [ansc]
2023-11-24 12:36:41,202 TRACE o.h.e.j.e.i.NormalizingIdentifierHelperImpl [NormalizingIdentifierHelperImpl.java:62] Normalizing identifier quoting [ansc]
2023-11-24 12:36:41,202 DEBUG o.h.b.m.i.AnnotatedColumn [AnnotatedColumn.java:249] Binding column: AnnotatedColumn()
2023-11-24 12:36:41,202 DEBUG o.h.b.m.i.PropertyBinder [PropertyBinder.java:251] MetadataSourceProcessor property ansc with lazy=false
2023-11-24 12:36:41,202 DEBUG o.h.b.m.i.AbstractPropertyHolder [AbstractPropertyHolder.java:107] Attempting to locate auto-apply AttributeConverter for property [franco.maurizio.hr.desk.com.persistence.entity.Question:ansc]
2023-11-24 12:36:41,203 DEBUG o.h.b.m.i.BasicValueBinder [BasicValueBinder.java:1196] building BasicValue for ansc
2023-11-24 12:36:41,203 DEBUG o.h.m.BasicValue [BasicValue.java:259] Skipping column re-registration: questions.ansc
2023-11-24 12:36:41,203 TRACE o.h.e.j.e.i.NormalizingIdentifierHelperImpl [NormalizingIdentifierHelperImpl.java:62] Normalizing identifier quoting [ansc]
2023-11-24 12:36:41,203 TRACE o.h.e.j.e.i.NormalizingIdentifierHelperImpl [NormalizingIdentifierHelperImpl.java:62] Normalizing identifier quoting [ansc]
2023-11-24 12:36:41,203 TRACE o.h.e.j.e.i.NormalizingIdentifierHelperImpl [NormalizingIdentifierHelperImpl.java:62] Normalizing identifier quoting [ansc]
2023-11-24 12:36:41,203 DEBUG o.h.b.m.i.PropertyBinder [PropertyBinder.java:391] Building property ansc
2023-11-24 12:36:41,203 TRACE o.h.b.m.i.PropertyBinder [PropertyBinder.java:407] Cascading ansc with null
2023-11-24 12:36:41,204 TRACE o.h.b.m.i.PropertyBinder [PropertyBinder.java:695] Processing annotations of franco.maurizio.hr.desk.com.persistence.entity.Question.ansd
2023-11-24 12:36:41,204 TRACE o.h.e.j.e.i.NormalizingIdentifierHelperImpl [NormalizingIdentifierHelperImpl.java:62] Normalizing identifier quoting [ansd]
2023-11-24 12:36:41,204 TRACE o.h.e.j.e.i.NormalizingIdentifierHelperImpl [NormalizingIdentifierHelperImpl.java:62] Normalizing identifier quoting [ansd]
2023-11-24 12:36:41,204 DEBUG o.h.b.m.i.AnnotatedColumn [AnnotatedColumn.java:249] Binding column: AnnotatedColumn()
2023-11-24 12:36:41,204 DEBUG o.h.b.m.i.PropertyBinder [PropertyBinder.java:251] MetadataSourceProcessor property ansd with lazy=false
2023-11-24 12:36:41,205 DEBUG o.h.b.m.i.AbstractPropertyHolder [AbstractPropertyHolder.java:107] Attempting to locate auto-apply AttributeConverter for property [franco.maurizio.hr.desk.com.persistence.entity.Question:ansd]
2023-11-24 12:36:41,205 DEBUG o.h.b.m.i.BasicValueBinder [BasicValueBinder.java:1196] building BasicValue for ansd
2023-11-24 12:36:41,205 DEBUG o.h.m.BasicValue [BasicValue.java:259] Skipping column re-registration: questions.ansd
2023-11-24 12:36:41,205 TRACE o.h.e.j.e.i.NormalizingIdentifierHelperImpl [NormalizingIdentifierHelperImpl.java:62] Normalizing identifier quoting [ansd]
2023-11-24 12:36:41,206 TRACE o.h.e.j.e.i.NormalizingIdentifierHelperImpl [NormalizingIdentifierHelperImpl.java:62] Normalizing identifier quoting [ansd]
2023-11-24 12:36:41,206 TRACE o.h.e.j.e.i.NormalizingIdentifierHelperImpl [NormalizingIdentifierHelperImpl.java:62] Normalizing identifier quoting [ansd]
2023-11-24 12:36:41,206 DEBUG o.h.b.m.i.PropertyBinder [PropertyBinder.java:391] Building property ansd
2023-11-24 12:36:41,206 TRACE o.h.b.m.i.PropertyBinder [PropertyBinder.java:407] Cascading ansd with null
2023-11-24 12:36:41,207 TRACE o.h.b.m.i.PropertyBinder [PropertyBinder.java:695] Processing annotations of franco.maurizio.hr.desk.com.persistence.entity.Question.anse
2023-11-24 12:36:41,207 TRACE o.h.e.j.e.i.NormalizingIdentifierHelperImpl [NormalizingIdentifierHelperImpl.java:62] Normalizing identifier quoting [anse]
2023-11-24 12:36:41,207 TRACE o.h.e.j.e.i.NormalizingIdentifierHelperImpl [NormalizingIdentifierHelperImpl.java:62] Normalizing identifier quoting [anse]
2023-11-24 12:36:41,208 DEBUG o.h.b.m.i.AnnotatedColumn [AnnotatedColumn.java:249] Binding column: AnnotatedColumn()
2023-11-24 12:36:41,208 DEBUG o.h.b.m.i.PropertyBinder [PropertyBinder.java:251] MetadataSourceProcessor property anse with lazy=false
2023-11-24 12:36:41,208 DEBUG o.h.b.m.i.AbstractPropertyHolder [AbstractPropertyHolder.java:107] Attempting to locate auto-apply AttributeConverter for property [franco.maurizio.hr.desk.com.persistence.entity.Question:anse]
2023-11-24 12:36:41,209 DEBUG o.h.b.m.i.BasicValueBinder [BasicValueBinder.java:1196] building BasicValue for anse
2023-11-24 12:36:41,209 DEBUG o.h.m.BasicValue [BasicValue.java:259] Skipping column re-registration: questions.anse
2023-11-24 12:36:41,209 TRACE o.h.e.j.e.i.NormalizingIdentifierHelperImpl [NormalizingIdentifierHelperImpl.java:62] Normalizing identifier quoting [anse]
2023-11-24 12:36:41,210 TRACE o.h.e.j.e.i.NormalizingIdentifierHelperImpl [NormalizingIdentifierHelperImpl.java:62] Normalizing identifier quoting [anse]
2023-11-24 12:36:41,210 TRACE o.h.e.j.e.i.NormalizingIdentifierHelperImpl [NormalizingIdentifierHelperImpl.java:62] Normalizing identifier quoting [anse]
2023-11-24 12:36:41,210 DEBUG o.h.b.m.i.PropertyBinder [PropertyBinder.java:391] Building property anse
2023-11-24 12:36:41,211 TRACE o.h.b.m.i.PropertyBinder [PropertyBinder.java:407] Cascading anse with null
2023-11-24 12:36:41,211 TRACE o.h.b.m.i.PropertyBinder [PropertyBinder.java:695] Processing annotations of franco.maurizio.hr.desk.com.persistence.entity.Question.ansf
2023-11-24 12:36:41,211 TRACE o.h.e.j.e.i.NormalizingIdentifierHelperImpl [NormalizingIdentifierHelperImpl.java:62] Normalizing identifier quoting [ansf]
2023-11-24 12:36:41,212 TRACE o.h.e.j.e.i.NormalizingIdentifierHelperImpl [NormalizingIdentifierHelperImpl.java:62] Normalizing identifier quoting [ansf]
2023-11-24 12:36:41,212 DEBUG o.h.b.m.i.AnnotatedColumn [AnnotatedColumn.java:249] Binding column: AnnotatedColumn()
2023-11-24 12:36:41,212 DEBUG o.h.b.m.i.PropertyBinder [PropertyBinder.java:251] MetadataSourceProcessor property ansf with lazy=false
2023-11-24 12:36:41,213 DEBUG o.h.b.m.i.AbstractPropertyHolder [AbstractPropertyHolder.java:107] Attempting to locate auto-apply AttributeConverter for property [franco.maurizio.hr.desk.com.persistence.entity.Question:ansf]
2023-11-24 12:36:41,213 DEBUG o.h.b.m.i.BasicValueBinder [BasicValueBinder.java:1196] building BasicValue for ansf
2023-11-24 12:36:41,213 DEBUG o.h.m.BasicValue [BasicValue.java:259] Skipping column re-registration: questions.ansf
2023-11-24 12:36:41,213 TRACE o.h.e.j.e.i.NormalizingIdentifierHelperImpl [NormalizingIdentifierHelperImpl.java:62] Normalizing identifier quoting [ansf]
2023-11-24 12:36:41,214 TRACE o.h.e.j.e.i.NormalizingIdentifierHelperImpl [NormalizingIdentifierHelperImpl.java:62] Normalizing identifier quoting [ansf]
2023-11-24 12:36:41,214 TRACE o.h.e.j.e.i.NormalizingIdentifierHelperImpl [NormalizingIdentifierHelperImpl.java:62] Normalizing identifier quoting [ansf]
2023-11-24 12:36:41,214 DEBUG o.h.b.m.i.PropertyBinder [PropertyBinder.java:391] Building property ansf
2023-11-24 12:36:41,214 TRACE o.h.b.m.i.PropertyBinder [PropertyBinder.java:407] Cascading ansf with null
2023-11-24 12:36:41,215 TRACE o.h.b.m.i.PropertyBinder [PropertyBinder.java:695] Processing annotations of franco.maurizio.hr.desk.com.persistence.entity.Question.ansg
2023-11-24 12:36:41,215 TRACE o.h.e.j.e.i.NormalizingIdentifierHelperImpl [NormalizingIdentifierHelperImpl.java:62] Normalizing identifier quoting [ansg]
2023-11-24 12:36:41,215 TRACE o.h.e.j.e.i.NormalizingIdentifierHelperImpl [NormalizingIdentifierHelperImpl.java:62] Normalizing identifier quoting [ansg]
2023-11-24 12:36:41,215 DEBUG o.h.b.m.i.AnnotatedColumn [AnnotatedColumn.java:249] Binding column: AnnotatedColumn()
2023-11-24 12:36:41,216 DEBUG o.h.b.m.i.PropertyBinder [PropertyBinder.java:251] MetadataSourceProcessor property ansg with lazy=false
2023-11-24 12:36:41,216 DEBUG o.h.b.m.i.AbstractPropertyHolder [AbstractPropertyHolder.java:107] Attempting to locate auto-apply AttributeConverter for property [franco.maurizio.hr.desk.com.persistence.entity.Question:ansg]
2023-11-24 12:36:41,216 DEBUG o.h.b.m.i.BasicValueBinder [BasicValueBinder.java:1196] building BasicValue for ansg
2023-11-24 12:36:41,216 DEBUG o.h.m.BasicValue [BasicValue.java:259] Skipping column re-registration: questions.ansg
2023-11-24 12:36:41,216 TRACE o.h.e.j.e.i.NormalizingIdentifierHelperImpl [NormalizingIdentifierHelperImpl.java:62] Normalizing identifier quoting [ansg]
2023-11-24 12:36:41,216 TRACE o.h.e.j.e.i.NormalizingIdentifierHelperImpl [NormalizingIdentifierHelperImpl.java:62] Normalizing identifier quoting [ansg]
2023-11-24 12:36:41,217 TRACE o.h.e.j.e.i.NormalizingIdentifierHelperImpl [NormalizingIdentifierHelperImpl.java:62] Normalizing identifier quoting [ansg]
2023-11-24 12:36:41,217 DEBUG o.h.b.m.i.PropertyBinder [PropertyBinder.java:391] Building property ansg
2023-11-24 12:36:41,217 TRACE o.h.b.m.i.PropertyBinder [PropertyBinder.java:407] Cascading ansg with null
2023-11-24 12:36:41,217 TRACE o.h.b.m.i.PropertyBinder [PropertyBinder.java:695] Processing annotations of franco.maurizio.hr.desk.com.persistence.entity.Question.ansh
2023-11-24 12:36:41,218 TRACE o.h.e.j.e.i.NormalizingIdentifierHelperImpl [NormalizingIdentifierHelperImpl.java:62] Normalizing identifier quoting [ansh]
2023-11-24 12:36:41,218 TRACE o.h.e.j.e.i.NormalizingIdentifierHelperImpl [NormalizingIdentifierHelperImpl.java:62] Normalizing identifier quoting [ansh]
2023-11-24 12:36:41,218 DEBUG o.h.b.m.i.AnnotatedColumn [AnnotatedColumn.java:249] Binding column: AnnotatedColumn()
2023-11-24 12:36:41,218 DEBUG o.h.b.m.i.PropertyBinder [PropertyBinder.java:251] MetadataSourceProcessor property ansh with lazy=false
2023-11-24 12:36:41,218 DEBUG o.h.b.m.i.AbstractPropertyHolder [AbstractPropertyHolder.java:107] Attempting to locate auto-apply AttributeConverter for property [franco.maurizio.hr.desk.com.persistence.entity.Question:ansh]
2023-11-24 12:36:41,219 DEBUG o.h.b.m.i.BasicValueBinder [BasicValueBinder.java:1196] building BasicValue for ansh
2023-11-24 12:36:41,219 DEBUG o.h.m.BasicValue [BasicValue.java:259] Skipping column re-registration: questions.ansh
2023-11-24 12:36:41,219 TRACE o.h.e.j.e.i.NormalizingIdentifierHelperImpl [NormalizingIdentifierHelperImpl.java:62] Normalizing identifier quoting [ansh]
2023-11-24 12:36:41,219 TRACE o.h.e.j.e.i.NormalizingIdentifierHelperImpl [NormalizingIdentifierHelperImpl.java:62] Normalizing identifier quoting [ansh]
2023-11-24 12:36:41,220 TRACE o.h.e.j.e.i.NormalizingIdentifierHelperImpl [NormalizingIdentifierHelperImpl.java:62] Normalizing identifier quoting [ansh]
2023-11-24 12:36:41,220 DEBUG o.h.b.m.i.PropertyBinder [PropertyBinder.java:391] Building property ansh
2023-11-24 12:36:41,220 TRACE o.h.b.m.i.PropertyBinder [PropertyBinder.java:407] Cascading ansh with null
2023-11-24 12:36:41,220 TRACE o.h.b.m.i.PropertyBinder [PropertyBinder.java:695] Processing annotations of franco.maurizio.hr.desk.com.persistence.entity.Question.cansa
2023-11-24 12:36:41,221 TRACE o.h.e.j.e.i.NormalizingIdentifierHelperImpl [NormalizingIdentifierHelperImpl.java:62] Normalizing identifier quoting [cansa]
2023-11-24 12:36:41,221 TRACE o.h.e.j.e.i.NormalizingIdentifierHelperImpl [NormalizingIdentifierHelperImpl.java:62] Normalizing identifier quoting [cansa]
2023-11-24 12:36:41,221 DEBUG o.h.b.m.i.AnnotatedColumn [AnnotatedColumn.java:249] Binding column: AnnotatedColumn()
2023-11-24 12:36:41,221 DEBUG o.h.b.m.i.PropertyBinder [PropertyBinder.java:251] MetadataSourceProcessor property cansa with lazy=false
2023-11-24 12:36:41,222 DEBUG o.h.b.m.i.AbstractPropertyHolder [AbstractPropertyHolder.java:107] Attempting to locate auto-apply AttributeConverter for property [franco.maurizio.hr.desk.com.persistence.entity.Question:cansa]
2023-11-24 12:36:41,222 DEBUG o.h.b.m.i.BasicValueBinder [BasicValueBinder.java:1196] building BasicValue for cansa
2023-11-24 12:36:41,222 DEBUG o.h.m.BasicValue [BasicValue.java:259] Skipping column re-registration: questions.cansa
2023-11-24 12:36:41,222 TRACE o.h.e.j.e.i.NormalizingIdentifierHelperImpl [NormalizingIdentifierHelperImpl.java:62] Normalizing identifier quoting [cansa]
2023-11-24 12:36:41,223 TRACE o.h.e.j.e.i.NormalizingIdentifierHelperImpl [NormalizingIdentifierHelperImpl.java:62] Normalizing identifier quoting [cansa]
2023-11-24 12:36:41,223 TRACE o.h.e.j.e.i.NormalizingIdentifierHelperImpl [NormalizingIdentifierHelperImpl.java:62] Normalizing identifier quoting [cansa]
2023-11-24 12:36:41,223 DEBUG o.h.b.m.i.PropertyBinder [PropertyBinder.java:391] Building property cansa
2023-11-24 12:36:41,223 TRACE o.h.b.m.i.PropertyBinder [PropertyBinder.java:407] Cascading cansa with null
2023-11-24 12:36:41,224 TRACE o.h.b.m.i.PropertyBinder [PropertyBinder.java:695] Processing annotations of franco.maurizio.hr.desk.com.persistence.entity.Question.cansb
2023-11-24 12:36:41,224 TRACE o.h.e.j.e.i.NormalizingIdentifierHelperImpl [NormalizingIdentifierHelperImpl.java:62] Normalizing identifier quoting [cansb]
2023-11-24 12:36:41,225 TRACE o.h.e.j.e.i.NormalizingIdentifierHelperImpl [NormalizingIdentifierHelperImpl.java:62] Normalizing identifier quoting [cansb]
2023-11-24 12:36:41,225 DEBUG o.h.b.m.i.AnnotatedColumn [AnnotatedColumn.java:249] Binding column: AnnotatedColumn()
2023-11-24 12:36:41,225 DEBUG o.h.b.m.i.PropertyBinder [PropertyBinder.java:251] MetadataSourceProcessor property cansb with lazy=false
2023-11-24 12:36:41,225 DEBUG o.h.b.m.i.AbstractPropertyHolder [AbstractPropertyHolder.java:107] Attempting to locate auto-apply AttributeConverter for property [franco.maurizio.hr.desk.com.persistence.entity.Question:cansb]
2023-11-24 12:36:41,226 DEBUG o.h.b.m.i.BasicValueBinder [BasicValueBinder.java:1196] building BasicValue for cansb
2023-11-24 12:36:41,226 DEBUG o.h.m.BasicValue [BasicValue.java:259] Skipping column re-registration: questions.cansb
2023-11-24 12:36:41,227 TRACE o.h.e.j.e.i.NormalizingIdentifierHelperImpl [NormalizingIdentifierHelperImpl.java:62] Normalizing identifier quoting [cansb]
2023-11-24 12:36:41,227 TRACE o.h.e.j.e.i.NormalizingIdentifierHelperImpl [NormalizingIdentifierHelperImpl.java:62] Normalizing identifier quoting [cansb]
2023-11-24 12:36:41,227 TRACE o.h.e.j.e.i.NormalizingIdentifierHelperImpl [NormalizingIdentifierHelperImpl.java:62] Normalizing identifier quoting [cansb]
2023-11-24 12:36:41,227 DEBUG o.h.b.m.i.PropertyBinder [PropertyBinder.java:391] Building property cansb
2023-11-24 12:36:41,228 TRACE o.h.b.m.i.PropertyBinder [PropertyBinder.java:407] Cascading cansb with null
2023-11-24 12:36:41,228 TRACE o.h.b.m.i.PropertyBinder [PropertyBinder.java:695] Processing annotations of franco.maurizio.hr.desk.com.persistence.entity.Question.cansc
2023-11-24 12:36:41,228 TRACE o.h.e.j.e.i.NormalizingIdentifierHelperImpl [NormalizingIdentifierHelperImpl.java:62] Normalizing identifier quoting [cansc]
2023-11-24 12:36:41,228 TRACE o.h.e.j.e.i.NormalizingIdentifierHelperImpl [NormalizingIdentifierHelperImpl.java:62] Normalizing identifier quoting [cansc]
2023-11-24 12:36:41,229 DEBUG o.h.b.m.i.AnnotatedColumn [AnnotatedColumn.java:249] Binding column: AnnotatedColumn()
2023-11-24 12:36:41,229 DEBUG o.h.b.m.i.PropertyBinder [PropertyBinder.java:251] MetadataSourceProcessor property cansc with lazy=false
2023-11-24 12:36:41,229 DEBUG o.h.b.m.i.AbstractPropertyHolder [AbstractPropertyHolder.java:107] Attempting to locate auto-apply AttributeConverter for property [franco.maurizio.hr.desk.com.persistence.entity.Question:cansc]
2023-11-24 12:36:41,230 DEBUG o.h.b.m.i.BasicValueBinder [BasicValueBinder.java:1196] building BasicValue for cansc
2023-11-24 12:36:41,230 DEBUG o.h.m.BasicValue [BasicValue.java:259] Skipping column re-registration: questions.cansc
2023-11-24 12:36:41,230 TRACE o.h.e.j.e.i.NormalizingIdentifierHelperImpl [NormalizingIdentifierHelperImpl.java:62] Normalizing identifier quoting [cansc]
2023-11-24 12:36:41,230 TRACE o.h.e.j.e.i.NormalizingIdentifierHelperImpl [NormalizingIdentifierHelperImpl.java:62] Normalizing identifier quoting [cansc]
2023-11-24 12:36:41,230 TRACE o.h.e.j.e.i.NormalizingIdentifierHelperImpl [NormalizingIdentifierHelperImpl.java:62] Normalizing identifier quoting [cansc]
2023-11-24 12:36:41,231 DEBUG o.h.b.m.i.PropertyBinder [PropertyBinder.java:391] Building property cansc
2023-11-24 12:36:41,231 TRACE o.h.b.m.i.PropertyBinder [PropertyBinder.java:407] Cascading cansc with null
2023-11-24 12:36:41,231 TRACE o.h.b.m.i.PropertyBinder [PropertyBinder.java:695] Processing annotations of franco.maurizio.hr.desk.com.persistence.entity.Question.cansd
2023-11-24 12:36:41,232 TRACE o.h.e.j.e.i.NormalizingIdentifierHelperImpl [NormalizingIdentifierHelperImpl.java:62] Normalizing identifier quoting [cansd]
2023-11-24 12:36:41,232 TRACE o.h.e.j.e.i.NormalizingIdentifierHelperImpl [NormalizingIdentifierHelperImpl.java:62] Normalizing identifier quoting [cansd]
2023-11-24 12:36:41,232 DEBUG o.h.b.m.i.AnnotatedColumn [AnnotatedColumn.java:249] Binding column: AnnotatedColumn()
2023-11-24 12:36:41,232 DEBUG o.h.b.m.i.PropertyBinder [PropertyBinder.java:251] MetadataSourceProcessor property cansd with lazy=false
2023-11-24 12:36:41,233 DEBUG o.h.b.m.i.AbstractPropertyHolder [AbstractPropertyHolder.java:107] Attempting to locate auto-apply AttributeConverter for property [franco.maurizio.hr.desk.com.persistence.entity.Question:cansd]
2023-11-24 12:36:41,233 DEBUG o.h.b.m.i.BasicValueBinder [BasicValueBinder.java:1196] building BasicValue for cansd
2023-11-24 12:36:41,233 DEBUG o.h.m.BasicValue [BasicValue.java:259] Skipping column re-registration: questions.cansd
2023-11-24 12:36:41,233 TRACE o.h.e.j.e.i.NormalizingIdentifierHelperImpl [NormalizingIdentifierHelperImpl.java:62] Normalizing identifier quoting [cansd]
2023-11-24 12:36:41,234 TRACE o.h.e.j.e.i.NormalizingIdentifierHelperImpl [NormalizingIdentifierHelperImpl.java:62] Normalizing identifier quoting [cansd]
2023-11-24 12:36:41,234 TRACE o.h.e.j.e.i.NormalizingIdentifierHelperImpl [NormalizingIdentifierHelperImpl.java:62] Normalizing identifier quoting [cansd]
2023-11-24 12:36:41,234 DEBUG o.h.b.m.i.PropertyBinder [PropertyBinder.java:391] Building property cansd
2023-11-24 12:36:41,235 TRACE o.h.b.m.i.PropertyBinder [PropertyBinder.java:407] Cascading cansd with null
2023-11-24 12:36:41,235 TRACE o.h.b.m.i.PropertyBinder [PropertyBinder.java:695] Processing annotations of franco.maurizio.hr.desk.com.persistence.entity.Question.canse
2023-11-24 12:36:41,235 TRACE o.h.e.j.e.i.NormalizingIdentifierHelperImpl [NormalizingIdentifierHelperImpl.java:62] Normalizing identifier quoting [canse]
2023-11-24 12:36:41,236 TRACE o.h.e.j.e.i.NormalizingIdentifierHelperImpl [NormalizingIdentifierHelperImpl.java:62] Normalizing identifier quoting [canse]
2023-11-24 12:36:41,236 DEBUG o.h.b.m.i.AnnotatedColumn [AnnotatedColumn.java:249] Binding column: AnnotatedColumn()
2023-11-24 12:36:41,236 DEBUG o.h.b.m.i.PropertyBinder [PropertyBinder.java:251] MetadataSourceProcessor property canse with lazy=false
2023-11-24 12:36:41,237 DEBUG o.h.b.m.i.AbstractPropertyHolder [AbstractPropertyHolder.java:107] Attempting to locate auto-apply AttributeConverter for property [franco.maurizio.hr.desk.com.persistence.entity.Question:canse]
2023-11-24 12:36:41,237 DEBUG o.h.b.m.i.BasicValueBinder [BasicValueBinder.java:1196] building BasicValue for canse
2023-11-24 12:36:41,237 DEBUG o.h.m.BasicValue [BasicValue.java:259] Skipping column re-registration: questions.canse
2023-11-24 12:36:41,237 TRACE o.h.e.j.e.i.NormalizingIdentifierHelperImpl [NormalizingIdentifierHelperImpl.java:62] Normalizing identifier quoting [canse]
2023-11-24 12:36:41,238 TRACE o.h.e.j.e.i.NormalizingIdentifierHelperImpl [NormalizingIdentifierHelperImpl.java:62] Normalizing identifier quoting [canse]
2023-11-24 12:36:41,238 TRACE o.h.e.j.e.i.NormalizingIdentifierHelperImpl [NormalizingIdentifierHelperImpl.java:62] Normalizing identifier quoting [canse]
2023-11-24 12:36:41,238 DEBUG o.h.b.m.i.PropertyBinder [PropertyBinder.java:391] Building property canse
2023-11-24 12:36:41,239 TRACE o.h.b.m.i.PropertyBinder [PropertyBinder.java:407] Cascading canse with null
2023-11-24 12:36:41,239 TRACE o.h.b.m.i.PropertyBinder [PropertyBinder.java:695] Processing annotations of franco.maurizio.hr.desk.com.persistence.entity.Question.cansf
2023-11-24 12:36:41,239 TRACE o.h.e.j.e.i.NormalizingIdentifierHelperImpl [NormalizingIdentifierHelperImpl.java:62] Normalizing identifier quoting [cansf]
2023-11-24 12:36:41,240 TRACE o.h.e.j.e.i.NormalizingIdentifierHelperImpl [NormalizingIdentifierHelperImpl.java:62] Normalizing identifier quoting [cansf]
2023-11-24 12:36:41,240 DEBUG o.h.b.m.i.AnnotatedColumn [AnnotatedColumn.java:249] Binding column: AnnotatedColumn()
2023-11-24 12:36:41,241 DEBUG o.h.b.m.i.PropertyBinder [PropertyBinder.java:251] MetadataSourceProcessor property cansf with lazy=false
2023-11-24 12:36:41,241 DEBUG o.h.b.m.i.AbstractPropertyHolder [AbstractPropertyHolder.java:107] Attempting to locate auto-apply AttributeConverter for property [franco.maurizio.hr.desk.com.persistence.entity.Question:cansf]
2023-11-24 12:36:41,241 DEBUG o.h.b.m.i.BasicValueBinder [BasicValueBinder.java:1196] building BasicValue for cansf
2023-11-24 12:36:41,242 DEBUG o.h.m.BasicValue [BasicValue.java:259] Skipping column re-registration: questions.cansf
2023-11-24 12:36:41,242 TRACE o.h.e.j.e.i.NormalizingIdentifierHelperImpl [NormalizingIdentifierHelperImpl.java:62] Normalizing identifier quoting [cansf]
2023-11-24 12:36:41,242 TRACE o.h.e.j.e.i.NormalizingIdentifierHelperImpl [NormalizingIdentifierHelperImpl.java:62] Normalizing identifier quoting [cansf]
2023-11-24 12:36:41,243 TRACE o.h.e.j.e.i.NormalizingIdentifierHelperImpl [NormalizingIdentifierHelperImpl.java:62] Normalizing identifier quoting [cansf]
2023-11-24 12:36:41,243 DEBUG o.h.b.m.i.PropertyBinder [PropertyBinder.java:391] Building property cansf
2023-11-24 12:36:41,243 TRACE o.h.b.m.i.PropertyBinder [PropertyBinder.java:407] Cascading cansf with null
2023-11-24 12:36:41,243 TRACE o.h.b.m.i.PropertyBinder [PropertyBinder.java:695] Processing annotations of franco.maurizio.hr.desk.com.persistence.entity.Question.cansg
2023-11-24 12:36:41,244 TRACE o.h.e.j.e.i.NormalizingIdentifierHelperImpl [NormalizingIdentifierHelperImpl.java:62] Normalizing identifier quoting [cansg]
2023-11-24 12:36:41,244 TRACE o.h.e.j.e.i.NormalizingIdentifierHelperImpl [NormalizingIdentifierHelperImpl.java:62] Normalizing identifier quoting [cansg]
2023-11-24 12:36:41,244 DEBUG o.h.b.m.i.AnnotatedColumn [AnnotatedColumn.java:249] Binding column: AnnotatedColumn()
2023-11-24 12:36:41,245 DEBUG o.h.b.m.i.PropertyBinder [PropertyBinder.java:251] MetadataSourceProcessor property cansg with lazy=false
2023-11-24 12:36:41,245 DEBUG o.h.b.m.i.AbstractPropertyHolder [AbstractPropertyHolder.java:107] Attempting to locate auto-apply AttributeConverter for property [franco.maurizio.hr.desk.com.persistence.entity.Question:cansg]
2023-11-24 12:36:41,246 DEBUG o.h.b.m.i.BasicValueBinder [BasicValueBinder.java:1196] building BasicValue for cansg
2023-11-24 12:36:41,246 DEBUG o.h.m.BasicValue [BasicValue.java:259] Skipping column re-registration: questions.cansg
2023-11-24 12:36:41,246 TRACE o.h.e.j.e.i.NormalizingIdentifierHelperImpl [NormalizingIdentifierHelperImpl.java:62] Normalizing identifier quoting [cansg]
2023-11-24 12:36:41,247 TRACE o.h.e.j.e.i.NormalizingIdentifierHelperImpl [NormalizingIdentifierHelperImpl.java:62] Normalizing identifier quoting [cansg]
2023-11-24 12:36:41,247 TRACE o.h.e.j.e.i.NormalizingIdentifierHelperImpl [NormalizingIdentifierHelperImpl.java:62] Normalizing identifier quoting [cansg]
2023-11-24 12:36:41,248 DEBUG o.h.b.m.i.PropertyBinder [PropertyBinder.java:391] Building property cansg
2023-11-24 12:36:41,248 TRACE o.h.b.m.i.PropertyBinder [PropertyBinder.java:407] Cascading cansg with null
2023-11-24 12:36:41,248 TRACE o.h.b.m.i.PropertyBinder [PropertyBinder.java:695] Processing annotations of franco.maurizio.hr.desk.com.persistence.entity.Question.cansh
2023-11-24 12:36:41,249 TRACE o.h.e.j.e.i.NormalizingIdentifierHelperImpl [NormalizingIdentifierHelperImpl.java:62] Normalizing identifier quoting [cansh]
2023-11-24 12:36:41,249 TRACE o.h.e.j.e.i.NormalizingIdentifierHelperImpl [NormalizingIdentifierHelperImpl.java:62] Normalizing identifier quoting [cansh]
2023-11-24 12:36:41,249 DEBUG o.h.b.m.i.AnnotatedColumn [AnnotatedColumn.java:249] Binding column: AnnotatedColumn()
2023-11-24 12:36:41,249 DEBUG o.h.b.m.i.PropertyBinder [PropertyBinder.java:251] MetadataSourceProcessor property cansh with lazy=false
2023-11-24 12:36:41,250 DEBUG o.h.b.m.i.AbstractPropertyHolder [AbstractPropertyHolder.java:107] Attempting to locate auto-apply AttributeConverter for property [franco.maurizio.hr.desk.com.persistence.entity.Question:cansh]
2023-11-24 12:36:41,250 DEBUG o.h.b.m.i.BasicValueBinder [BasicValueBinder.java:1196] building BasicValue for cansh
2023-11-24 12:36:41,250 DEBUG o.h.m.BasicValue [BasicValue.java:259] Skipping column re-registration: questions.cansh
2023-11-24 12:36:41,250 TRACE o.h.e.j.e.i.NormalizingIdentifierHelperImpl [NormalizingIdentifierHelperImpl.java:62] Normalizing identifier quoting [cansh]
2023-11-24 12:36:41,251 TRACE o.h.e.j.e.i.NormalizingIdentifierHelperImpl [NormalizingIdentifierHelperImpl.java:62] Normalizing identifier quoting [cansh]
2023-11-24 12:36:41,251 TRACE o.h.e.j.e.i.NormalizingIdentifierHelperImpl [NormalizingIdentifierHelperImpl.java:62] Normalizing identifier quoting [cansh]
2023-11-24 12:36:41,251 DEBUG o.h.b.m.i.PropertyBinder [PropertyBinder.java:391] Building property cansh
2023-11-24 12:36:41,251 TRACE o.h.b.m.i.PropertyBinder [PropertyBinder.java:407] Cascading cansh with null
2023-11-24 12:36:41,252 TRACE o.h.b.m.i.PropertyBinder [PropertyBinder.java:695] Processing annotations of franco.maurizio.hr.desk.com.persistence.entity.Question.description
2023-11-24 12:36:41,252 TRACE o.h.e.j.e.i.NormalizingIdentifierHelperImpl [NormalizingIdentifierHelperImpl.java:62] Normalizing identifier quoting [description]
2023-11-24 12:36:41,252 TRACE o.h.e.j.e.i.NormalizingIdentifierHelperImpl [NormalizingIdentifierHelperImpl.java:62] Normalizing identifier quoting [description]
2023-11-24 12:36:41,252 DEBUG o.h.b.m.i.AnnotatedColumn [AnnotatedColumn.java:249] Binding column: AnnotatedColumn()
2023-11-24 12:36:41,252 DEBUG o.h.b.m.i.PropertyBinder [PropertyBinder.java:251] MetadataSourceProcessor property description with lazy=false
2023-11-24 12:36:41,253 DEBUG o.h.b.m.i.AbstractPropertyHolder [AbstractPropertyHolder.java:107] Attempting to locate auto-apply AttributeConverter for property [franco.maurizio.hr.desk.com.persistence.entity.Question:description]
2023-11-24 12:36:41,253 DEBUG o.h.b.m.i.BasicValueBinder [BasicValueBinder.java:1196] building BasicValue for description
2023-11-24 12:36:41,253 DEBUG o.h.m.BasicValue [BasicValue.java:259] Skipping column re-registration: questions.description
2023-11-24 12:36:41,253 TRACE o.h.e.j.e.i.NormalizingIdentifierHelperImpl [NormalizingIdentifierHelperImpl.java:62] Normalizing identifier quoting [description]
2023-11-24 12:36:41,254 TRACE o.h.e.j.e.i.NormalizingIdentifierHelperImpl [NormalizingIdentifierHelperImpl.java:62] Normalizing identifier quoting [description]
2023-11-24 12:36:41,254 TRACE o.h.e.j.e.i.NormalizingIdentifierHelperImpl [NormalizingIdentifierHelperImpl.java:62] Normalizing identifier quoting [description]
2023-11-24 12:36:41,254 DEBUG o.h.b.m.i.PropertyBinder [PropertyBinder.java:391] Building property description
2023-11-24 12:36:41,254 TRACE o.h.b.m.i.PropertyBinder [PropertyBinder.java:407] Cascading description with null
2023-11-24 12:36:41,255 TRACE o.h.b.m.i.PropertyBinder [PropertyBinder.java:695] Processing annotations of franco.maurizio.hr.desk.com.persistence.entity.Question.fullAnswer
2023-11-24 12:36:41,255 TRACE o.h.e.j.e.i.NormalizingIdentifierHelperImpl [NormalizingIdentifierHelperImpl.java:62] Normalizing identifier quoting [fullAnswer]
2023-11-24 12:36:41,255 TRACE o.h.e.j.e.i.NormalizingIdentifierHelperImpl [NormalizingIdentifierHelperImpl.java:62] Normalizing identifier quoting [fullAnswer]
2023-11-24 12:36:41,256 DEBUG o.h.b.m.i.AnnotatedColumn [AnnotatedColumn.java:249] Binding column: AnnotatedColumn()
2023-11-24 12:36:41,256 DEBUG o.h.b.m.i.PropertyBinder [PropertyBinder.java:251] MetadataSourceProcessor property fullAnswer with lazy=false
2023-11-24 12:36:41,256 DEBUG o.h.b.m.i.AbstractPropertyHolder [AbstractPropertyHolder.java:107] Attempting to locate auto-apply AttributeConverter for property [franco.maurizio.hr.desk.com.persistence.entity.Question:fullAnswer]
2023-11-24 12:36:41,257 DEBUG o.h.b.m.i.BasicValueBinder [BasicValueBinder.java:1196] building BasicValue for fullAnswer
2023-11-24 12:36:41,257 DEBUG o.h.m.BasicValue [BasicValue.java:259] Skipping column re-registration: questions.full_answer
2023-11-24 12:36:41,257 TRACE o.h.e.j.e.i.NormalizingIdentifierHelperImpl [NormalizingIdentifierHelperImpl.java:62] Normalizing identifier quoting [fullAnswer]
2023-11-24 12:36:41,257 TRACE o.h.e.j.e.i.NormalizingIdentifierHelperImpl [NormalizingIdentifierHelperImpl.java:62] Normalizing identifier quoting [fullAnswer]
2023-11-24 12:36:41,258 TRACE o.h.e.j.e.i.NormalizingIdentifierHelperImpl [NormalizingIdentifierHelperImpl.java:62] Normalizing identifier quoting [fullAnswer]
2023-11-24 12:36:41,258 DEBUG o.h.b.m.i.PropertyBinder [PropertyBinder.java:391] Building property fullAnswer
2023-11-24 12:36:41,258 TRACE o.h.b.m.i.PropertyBinder [PropertyBinder.java:407] Cascading fullAnswer with null
2023-11-24 12:36:41,259 TRACE o.h.b.m.i.PropertyBinder [PropertyBinder.java:695] Processing annotations of franco.maurizio.hr.desk.com.persistence.entity.Question.label
2023-11-24 12:36:41,259 TRACE o.h.e.j.e.i.NormalizingIdentifierHelperImpl [NormalizingIdentifierHelperImpl.java:62] Normalizing identifier quoting [label]
2023-11-24 12:36:41,260 TRACE o.h.e.j.e.i.NormalizingIdentifierHelperImpl [NormalizingIdentifierHelperImpl.java:62] Normalizing identifier quoting [label]
2023-11-24 12:36:41,260 DEBUG o.h.b.m.i.AnnotatedColumn [AnnotatedColumn.java:249] Binding column: AnnotatedColumn()
2023-11-24 12:36:41,260 DEBUG o.h.b.m.i.PropertyBinder [PropertyBinder.java:251] MetadataSourceProcessor property label with lazy=false
2023-11-24 12:36:41,261 DEBUG o.h.b.m.i.AbstractPropertyHolder [AbstractPropertyHolder.java:107] Attempting to locate auto-apply AttributeConverter for property [franco.maurizio.hr.desk.com.persistence.entity.Question:label]
2023-11-24 12:36:41,261 DEBUG o.h.b.m.i.BasicValueBinder [BasicValueBinder.java:1196] building BasicValue for label
2023-11-24 12:36:41,261 DEBUG o.h.m.BasicValue [BasicValue.java:259] Skipping column re-registration: questions.label
2023-11-24 12:36:41,262 TRACE o.h.e.j.e.i.NormalizingIdentifierHelperImpl [NormalizingIdentifierHelperImpl.java:62] Normalizing identifier quoting [label]
2023-11-24 12:36:41,262 TRACE o.h.e.j.e.i.NormalizingIdentifierHelperImpl [NormalizingIdentifierHelperImpl.java:62] Normalizing identifier quoting [label]
2023-11-24 12:36:41,262 TRACE o.h.e.j.e.i.NormalizingIdentifierHelperImpl [NormalizingIdentifierHelperImpl.java:62] Normalizing identifier quoting [label]
2023-11-24 12:36:41,262 DEBUG o.h.b.m.i.PropertyBinder [PropertyBinder.java:391] Building property label
2023-11-24 12:36:41,263 TRACE o.h.b.m.i.PropertyBinder [PropertyBinder.java:407] Cascading label with null
2023-11-24 12:36:41,265 DEBUG o.h.b.m.i.BasicValueBinder [BasicValueBinder.java:1270] Starting `BasicValueBinder#fillSimpleValue` for id
2023-11-24 12:36:41,265 DEBUG o.h.b.m.i.BasicValueBinder [BasicValueBinder.java:1270] Starting `BasicValueBinder#fillSimpleValue` for description
2023-11-24 12:36:41,266 DEBUG o.h.b.m.i.BasicValueBinder [BasicValueBinder.java:1270] Starting `BasicValueBinder#fillSimpleValue` for label
2023-11-24 12:36:41,266 DEBUG o.h.b.m.i.BasicValueBinder [BasicValueBinder.java:1270] Starting `BasicValueBinder#fillSimpleValue` for time
2023-11-24 12:36:41,266 DEBUG o.h.b.m.i.BasicValueBinder [BasicValueBinder.java:1270] Starting `BasicValueBinder#fillSimpleValue` for id
2023-11-24 12:36:41,266 DEBUG o.h.b.m.i.BasicValueBinder [BasicValueBinder.java:1270] Starting `BasicValueBinder#fillSimpleValue` for candidateId
2023-11-24 12:36:41,266 DEBUG o.h.b.m.i.BasicValueBinder [BasicValueBinder.java:1270] Starting `BasicValueBinder#fillSimpleValue` for expirationDateTime
2023-11-24 12:36:41,266 DEBUG o.h.b.m.i.BasicValueBinder [BasicValueBinder.java:1270] Starting `BasicValueBinder#fillSimpleValue` for expired
2023-11-24 12:36:41,267 DEBUG o.h.b.m.i.BasicValueBinder [BasicValueBinder.java:1270] Starting `BasicValueBinder#fillSimpleValue` for generatedToken
2023-11-24 12:36:41,267 DEBUG o.h.b.m.i.BasicValueBinder [BasicValueBinder.java:1270] Starting `BasicValueBinder#fillSimpleValue` for surveyId
2023-11-24 12:36:41,267 DEBUG o.h.b.m.i.BasicValueBinder [BasicValueBinder.java:1270] Starting `BasicValueBinder#fillSimpleValue` for id
2023-11-24 12:36:41,267 DEBUG o.h.b.m.i.BasicValueBinder [BasicValueBinder.java:1270] Starting `BasicValueBinder#fillSimpleValue` for roleId
2023-11-24 12:36:41,267 DEBUG o.h.b.m.i.BasicValueBinder [BasicValueBinder.java:1270] Starting `BasicValueBinder#fillSimpleValue` for statusCode
2023-11-24 12:36:41,267 DEBUG o.h.b.m.i.BasicValueBinder [BasicValueBinder.java:1270] Starting `BasicValueBinder#fillSimpleValue` for statusColor
2023-11-24 12:36:41,267 DEBUG o.h.b.m.i.BasicValueBinder [BasicValueBinder.java:1270] Starting `BasicValueBinder#fillSimpleValue` for statusDescription
2023-11-24 12:36:41,268 DEBUG o.h.b.m.i.BasicValueBinder [BasicValueBinder.java:1270] Starting `BasicValueBinder#fillSimpleValue` for statusLabel
2023-11-24 12:36:41,268 DEBUG o.h.b.m.i.BasicValueBinder [BasicValueBinder.java:1270] Starting `BasicValueBinder#fillSimpleValue` for id
2023-11-24 12:36:41,268 DEBUG o.h.b.m.i.BasicValueBinder [BasicValueBinder.java:1270] Starting `BasicValueBinder#fillSimpleValue` for description
2023-11-24 12:36:41,269 DEBUG o.h.b.m.i.BasicValueBinder [BasicValueBinder.java:1270] Starting `BasicValueBinder#fillSimpleValue` for label
2023-11-24 12:36:41,269 DEBUG o.h.b.m.i.BasicValueBinder [BasicValueBinder.java:1270] Starting `BasicValueBinder#fillSimpleValue` for level
2023-11-24 12:36:41,269 DEBUG o.h.b.m.i.BasicValueBinder [BasicValueBinder.java:1270] Starting `BasicValueBinder#fillSimpleValue` for id
2023-11-24 12:36:41,269 DEBUG o.h.b.m.i.BasicValueBinder [BasicValueBinder.java:1270] Starting `BasicValueBinder#fillSimpleValue` for email
2023-11-24 12:36:41,269 DEBUG o.h.b.m.i.BasicValueBinder [BasicValueBinder.java:1270] Starting `BasicValueBinder#fillSimpleValue` for enabled
2023-11-24 12:36:41,269 DEBUG o.h.b.m.i.BasicValueBinder [BasicValueBinder.java:1270] Starting `BasicValueBinder#fillSimpleValue` for firstname
2023-11-24 12:36:41,270 DEBUG o.h.b.m.i.BasicValueBinder [BasicValueBinder.java:1270] Starting `BasicValueBinder#fillSimpleValue` for lastname
2023-11-24 12:36:41,270 DEBUG o.h.b.m.i.BasicValueBinder [BasicValueBinder.java:1270] Starting `BasicValueBinder#fillSimpleValue` for password
2023-11-24 12:36:41,270 DEBUG o.h.b.m.i.BasicValueBinder [BasicValueBinder.java:1270] Starting `BasicValueBinder#fillSimpleValue` for regdate
2023-11-24 12:36:41,270 DEBUG o.h.b.m.i.BasicValueBinder [BasicValueBinder.java:1270] Starting `BasicValueBinder#fillSimpleValue` for role
2023-11-24 12:36:41,270 DEBUG o.h.b.m.i.BasicValueBinder [BasicValueBinder.java:1270] Starting `BasicValueBinder#fillSimpleValue` for id
2023-11-24 12:36:41,271 DEBUG o.h.b.m.i.BasicValueBinder [BasicValueBinder.java:1270] Starting `BasicValueBinder#fillSimpleValue` for answers
2023-11-24 12:36:41,271 DEBUG o.h.b.m.i.BasicValueBinder [BasicValueBinder.java:1270] Starting `BasicValueBinder#fillSimpleValue` for candidateId
2023-11-24 12:36:41,271 DEBUG o.h.b.m.i.BasicValueBinder [BasicValueBinder.java:1270] Starting `BasicValueBinder#fillSimpleValue` for endtime
2023-11-24 12:36:41,271 DEBUG o.h.b.m.i.BasicValueBinder [BasicValueBinder.java:1270] Starting `BasicValueBinder#fillSimpleValue` for generated_token
2023-11-24 12:36:41,272 DEBUG o.h.b.m.i.BasicValueBinder [BasicValueBinder.java:1270] Starting `BasicValueBinder#fillSimpleValue` for pdffilename
2023-11-24 12:36:41,272 DEBUG o.h.b.m.i.BasicValueBinder [BasicValueBinder.java:1270] Starting `BasicValueBinder#fillSimpleValue` for points
2023-11-24 12:36:41,272 DEBUG o.h.b.m.i.BasicValueBinder [BasicValueBinder.java:1270] Starting `BasicValueBinder#fillSimpleValue` for starttime
2023-11-24 12:36:41,272 DEBUG o.h.b.m.i.BasicValueBinder [BasicValueBinder.java:1270] Starting `BasicValueBinder#fillSimpleValue` for surveyId
2023-11-24 12:36:41,272 DEBUG o.h.b.m.i.BasicValueBinder [BasicValueBinder.java:1270] Starting `BasicValueBinder#fillSimpleValue` for id
2023-11-24 12:36:41,273 DEBUG o.h.b.m.i.BasicValueBinder [BasicValueBinder.java:1270] Starting `BasicValueBinder#fillSimpleValue` for coursePageId
2023-11-24 12:36:41,273 DEBUG o.h.b.m.i.BasicValueBinder [BasicValueBinder.java:1270] Starting `BasicValueBinder#fillSimpleValue` for userId
2023-11-24 12:36:41,273 DEBUG o.h.b.m.i.BasicValueBinder [BasicValueBinder.java:1270] Starting `BasicValueBinder#fillSimpleValue` for id
2023-11-24 12:36:41,273 DEBUG o.h.b.m.i.BasicValueBinder [BasicValueBinder.java:1270] Starting `BasicValueBinder#fillSimpleValue` for position
2023-11-24 12:36:41,273 DEBUG o.h.b.m.i.BasicValueBinder [BasicValueBinder.java:1270] Starting `BasicValueBinder#fillSimpleValue` for questionId
2023-11-24 12:36:41,274 DEBUG o.h.b.m.i.BasicValueBinder [BasicValueBinder.java:1270] Starting `BasicValueBinder#fillSimpleValue` for surveyId
2023-11-24 12:36:41,274 DEBUG o.h.b.m.i.BasicValueBinder [BasicValueBinder.java:1270] Starting `BasicValueBinder#fillSimpleValue` for id
2023-11-24 12:36:41,274 DEBUG o.h.b.m.i.BasicValueBinder [BasicValueBinder.java:1270] Starting `BasicValueBinder#fillSimpleValue` for bodyText
2023-11-24 12:36:41,275 DEBUG o.h.b.m.i.BasicValueBinder [BasicValueBinder.java:1270] Starting `BasicValueBinder#fillSimpleValue` for code
2023-11-24 12:36:41,275 DEBUG o.h.b.m.i.BasicValueBinder [BasicValueBinder.java:1270] Starting `BasicValueBinder#fillSimpleValue` for created_datetime
2023-11-24 12:36:41,275 DEBUG o.h.b.m.i.BasicValueBinder [BasicValueBinder.java:1270] Starting `BasicValueBinder#fillSimpleValue` for fileName
2023-11-24 12:36:41,275 DEBUG o.h.b.m.i.BasicValueBinder [BasicValueBinder.java:1270] Starting `BasicValueBinder#fillSimpleValue` for opened_by
2023-11-24 12:36:41,275 DEBUG o.h.b.m.i.BasicValueBinder [BasicValueBinder.java:1270] Starting `BasicValueBinder#fillSimpleValue` for statusOpen
2023-11-24 12:36:41,276 DEBUG o.h.b.m.i.BasicValueBinder [BasicValueBinder.java:1270] Starting `BasicValueBinder#fillSimpleValue` for title
2023-11-24 12:36:41,276 DEBUG o.h.b.m.i.BasicValueBinder [BasicValueBinder.java:1270] Starting `BasicValueBinder#fillSimpleValue` for id
2023-11-24 12:36:41,276 DEBUG o.h.b.m.i.BasicValueBinder [BasicValueBinder.java:1270] Starting `BasicValueBinder#fillSimpleValue` for candidacyDateTime
2023-11-24 12:36:41,276 DEBUG o.h.b.m.i.BasicValueBinder [BasicValueBinder.java:1270] Starting `BasicValueBinder#fillSimpleValue` for candidateStateCode
2023-11-24 12:36:41,277 DEBUG o.h.b.m.i.BasicValueBinder [BasicValueBinder.java:1270] Starting `BasicValueBinder#fillSimpleValue` for courseCode
2023-11-24 12:36:41,277 DEBUG o.h.b.m.i.BasicValueBinder [BasicValueBinder.java:1270] Starting `BasicValueBinder#fillSimpleValue` for cvExternalPath
2023-11-24 12:36:41,277 DEBUG o.h.b.m.i.BasicValueBinder [BasicValueBinder.java:1270] Starting `BasicValueBinder#fillSimpleValue` for dateOfBirth
2023-11-24 12:36:41,278 DEBUG o.h.b.m.i.BasicValueBinder [BasicValueBinder.java:1270] Starting `BasicValueBinder#fillSimpleValue` for domicileCity
2023-11-24 12:36:41,278 DEBUG o.h.b.m.i.BasicValueBinder [BasicValueBinder.java:1270] Starting `BasicValueBinder#fillSimpleValue` for email
2023-11-24 12:36:41,278 DEBUG o.h.b.m.i.BasicValueBinder [BasicValueBinder.java:1270] Starting `BasicValueBinder#fillSimpleValue` for firstname
2023-11-24 12:36:41,278 DEBUG o.h.b.m.i.BasicValueBinder [BasicValueBinder.java:1270] Starting `BasicValueBinder#fillSimpleValue` for graduate
2023-11-24 12:36:41,278 DEBUG o.h.b.m.i.BasicValueBinder [BasicValueBinder.java:1270] Starting `BasicValueBinder#fillSimpleValue` for highGraduate
2023-11-24 12:36:41,279 DEBUG o.h.b.m.i.BasicValueBinder [BasicValueBinder.java:1270] Starting `BasicValueBinder#fillSimpleValue` for hrNote
2023-11-24 12:36:41,279 DEBUG o.h.b.m.i.BasicValueBinder [BasicValueBinder.java:1270] Starting `BasicValueBinder#fillSimpleValue` for imgpath
2023-11-24 12:36:41,279 DEBUG o.h.b.m.i.BasicValueBinder [BasicValueBinder.java:1270] Starting `BasicValueBinder#fillSimpleValue` for insertedBy
2023-11-24 12:36:41,279 DEBUG o.h.b.m.i.BasicValueBinder [BasicValueBinder.java:1270] Starting `BasicValueBinder#fillSimpleValue` for label
2023-11-24 12:36:41,279 DEBUG o.h.b.m.i.BasicValueBinder [BasicValueBinder.java:1270] Starting `BasicValueBinder#fillSimpleValue` for lastname
2023-11-24 12:36:41,280 DEBUG o.h.b.m.i.BasicValueBinder [BasicValueBinder.java:1270] Starting `BasicValueBinder#fillSimpleValue` for mobile
2023-11-24 12:36:41,280 DEBUG o.h.b.m.i.BasicValueBinder [BasicValueBinder.java:1270] Starting `BasicValueBinder#fillSimpleValue` for regdate
2023-11-24 12:36:41,280 DEBUG o.h.b.m.i.BasicValueBinder [BasicValueBinder.java:1270] Starting `BasicValueBinder#fillSimpleValue` for stillHighStudy
2023-11-24 12:36:41,280 DEBUG o.h.b.m.i.BasicValueBinder [BasicValueBinder.java:1270] Starting `BasicValueBinder#fillSimpleValue` for studyQualification
2023-11-24 12:36:41,280 DEBUG o.h.b.m.i.BasicValueBinder [BasicValueBinder.java:1270] Starting `BasicValueBinder#fillSimpleValue` for technicalNote
2023-11-24 12:36:41,280 DEBUG o.h.b.m.i.BasicValueBinder [BasicValueBinder.java:1270] Starting `BasicValueBinder#fillSimpleValue` for id
2023-11-24 12:36:41,281 DEBUG o.h.b.m.i.BasicValueBinder [BasicValueBinder.java:1270] Starting `BasicValueBinder#fillSimpleValue` for ansa
2023-11-24 12:36:41,281 DEBUG o.h.b.m.i.BasicValueBinder [BasicValueBinder.java:1270] Starting `BasicValueBinder#fillSimpleValue` for ansb
2023-11-24 12:36:41,281 DEBUG o.h.b.m.i.BasicValueBinder [BasicValueBinder.java:1270] Starting `BasicValueBinder#fillSimpleValue` for ansc
2023-11-24 12:36:41,281 DEBUG o.h.b.m.i.BasicValueBinder [BasicValueBinder.java:1270] Starting `BasicValueBinder#fillSimpleValue` for ansd
2023-11-24 12:36:41,281 DEBUG o.h.b.m.i.BasicValueBinder [BasicValueBinder.java:1270] Starting `BasicValueBinder#fillSimpleValue` for anse
2023-11-24 12:36:41,281 DEBUG o.h.b.m.i.BasicValueBinder [BasicValueBinder.java:1270] Starting `BasicValueBinder#fillSimpleValue` for ansf
2023-11-24 12:36:41,281 DEBUG o.h.b.m.i.BasicValueBinder [BasicValueBinder.java:1270] Starting `BasicValueBinder#fillSimpleValue` for ansg
2023-11-24 12:36:41,281 DEBUG o.h.b.m.i.BasicValueBinder [BasicValueBinder.java:1270] Starting `BasicValueBinder#fillSimpleValue` for ansh
2023-11-24 12:36:41,282 DEBUG o.h.b.m.i.BasicValueBinder [BasicValueBinder.java:1270] Starting `BasicValueBinder#fillSimpleValue` for cansa
2023-11-24 12:36:41,282 DEBUG o.h.b.m.i.BasicValueBinder [BasicValueBinder.java:1270] Starting `BasicValueBinder#fillSimpleValue` for cansb
2023-11-24 12:36:41,282 DEBUG o.h.b.m.i.BasicValueBinder [BasicValueBinder.java:1270] Starting `BasicValueBinder#fillSimpleValue` for cansc
2023-11-24 12:36:41,282 DEBUG o.h.b.m.i.BasicValueBinder [BasicValueBinder.java:1270] Starting `BasicValueBinder#fillSimpleValue` for cansd
2023-11-24 12:36:41,282 DEBUG o.h.b.m.i.BasicValueBinder [BasicValueBinder.java:1270] Starting `BasicValueBinder#fillSimpleValue` for canse
2023-11-24 12:36:41,282 DEBUG o.h.b.m.i.BasicValueBinder [BasicValueBinder.java:1270] Starting `BasicValueBinder#fillSimpleValue` for cansf
2023-11-24 12:36:41,282 DEBUG o.h.b.m.i.BasicValueBinder [BasicValueBinder.java:1270] Starting `BasicValueBinder#fillSimpleValue` for cansg
2023-11-24 12:36:41,282 DEBUG o.h.b.m.i.BasicValueBinder [BasicValueBinder.java:1270] Starting `BasicValueBinder#fillSimpleValue` for cansh
2023-11-24 12:36:41,283 DEBUG o.h.b.m.i.BasicValueBinder [BasicValueBinder.java:1270] Starting `BasicValueBinder#fillSimpleValue` for description
2023-11-24 12:36:41,283 DEBUG o.h.b.m.i.BasicValueBinder [BasicValueBinder.java:1270] Starting `BasicValueBinder#fillSimpleValue` for fullAnswer
2023-11-24 12:36:41,283 DEBUG o.h.b.m.i.BasicValueBinder [BasicValueBinder.java:1270] Starting `BasicValueBinder#fillSimpleValue` for label
2023-11-24 12:36:41,283 DEBUG o.h.m.PrimaryKey [PrimaryKey.java:40] Forcing column [id] to be non-null as it is part of the primary key for table [surveys]
2023-11-24 12:36:41,283 DEBUG o.h.m.PrimaryKey [PrimaryKey.java:40] Forcing column [id] to be non-null as it is part of the primary key for table [candidatesurveytokens]
2023-11-24 12:36:41,284 DEBUG o.h.m.PrimaryKey [PrimaryKey.java:40] Forcing column [id] to be non-null as it is part of the primary key for table [candidate_states]
2023-11-24 12:36:41,284 DEBUG o.h.m.PrimaryKey [PrimaryKey.java:40] Forcing column [id] to be non-null as it is part of the primary key for table [roles]
2023-11-24 12:36:41,284 DEBUG o.h.m.PrimaryKey [PrimaryKey.java:40] Forcing column [id] to be non-null as it is part of the primary key for table [users]
2023-11-24 12:36:41,285 DEBUG o.h.m.PrimaryKey [PrimaryKey.java:40] Forcing column [id] to be non-null as it is part of the primary key for table [surveyreplies]
2023-11-24 12:36:41,285 DEBUG o.h.m.PrimaryKey [PrimaryKey.java:40] Forcing column [id] to be non-null as it is part of the primary key for table [positionuserowner]
2023-11-24 12:36:41,285 DEBUG o.h.m.PrimaryKey [PrimaryKey.java:40] Forcing column [id] to be non-null as it is part of the primary key for table [surveyquestions]
2023-11-24 12:36:41,285 DEBUG o.h.m.PrimaryKey [PrimaryKey.java:40] Forcing column [id] to be non-null as it is part of the primary key for table [coursepage]
2023-11-24 12:36:41,285 DEBUG o.h.m.PrimaryKey [PrimaryKey.java:40] Forcing column [id] to be non-null as it is part of the primary key for table [candidates]
2023-11-24 12:36:41,286 DEBUG o.h.m.PrimaryKey [PrimaryKey.java:40] Forcing column [id] to be non-null as it is part of the primary key for table [questions]
2023-11-24 12:36:41,300 TRACE o.h.s.i.AbstractServiceRegistryImpl [AbstractServiceRegistryImpl.java:235] Initializing service [role=org.hibernate.boot.spi.SessionFactoryBuilderService]
2023-11-24 12:36:41,301 TRACE o.h.s.i.AbstractServiceRegistryImpl [AbstractServiceRegistryImpl.java:235] Initializing service [role=org.hibernate.engine.jdbc.connections.spi.MultiTenantConnectionProvider]
2023-11-24 12:36:41,301 TRACE o.h.l.BatchFetchStyle [BatchFetchStyle.java:57] Interpreting BatchFetchStyle from setting : null
2023-11-24 12:36:41,301 TRACE o.h.s.i.AbstractServiceRegistryImpl [AbstractServiceRegistryImpl.java:235] Initializing service [role=org.hibernate.bytecode.spi.BytecodeProvider]
2023-11-24 12:36:41,302 DEBUG o.h.b.i.BytecodeProviderInitiator [BytecodeProviderInitiator.java:53] HHH000021: Bytecode provider name : bytebuddy
2023-11-24 12:36:41,303 DEBUG o.h.i.SessionFactoryImpl [SessionFactoryImpl.java:208] Building session factory
2023-11-24 12:36:41,303 TRACE o.h.s.i.AbstractServiceRegistryImpl [AbstractServiceRegistryImpl.java:235] Initializing service [role=org.hibernate.service.spi.SessionFactoryServiceRegistryFactory]
2023-11-24 12:36:41,305 DEBUG o.h.s.i.SessionFactoryServiceRegistryImpl [SessionFactoryServiceRegistryImpl.java:91] EventListenerRegistry access via ServiceRegistry is deprecated.  Use `sessionFactory.getEventEngine().getListenerRegistry()` instead
2023-11-24 12:36:41,306 DEBUG o.h.i.SessionFactoryImpl [SessionFactoryImpl.java:225] Instantiating SessionFactory with settings: {java.specification.version=17, hibernate.resource.beans.container=org.springframework.orm.hibernate5.SpringBeanContainer@6e758085, hibernate.connection.handling_mode=DELAYED_ACQUISITION_AND_HOLD, sun.jnu.encoding=UTF-8, hibernate.implicit_naming_strategy=org.springframework.boot.orm.jpa.hibernate.SpringImplicitNamingStrategy, java.class.path=/home/maurizio/git/hr-desk/hr-desk/backend17/target/test-classes:/home/maurizio/git/hr-desk/hr-desk/backend17/target/classes:/home/maurizio/.m2/repository/org/springframework/security/spring-security-test/6.1.5/spring-security-test-6.1.5.jar:/home/maurizio/.m2/repository/org/springframework/security/spring-security-core/6.1.5/spring-security-core-6.1.5.jar:/home/maurizio/.m2/repository/org/springframework/security/spring-security-crypto/6.1.5/spring-security-crypto-6.1.5.jar:/home/maurizio/.m2/repository/org/springframework/spring-beans/6.0.13/spring-beans-6.0.13.jar:/home/maurizio/.m2/repository/org/springframework/spring-context/6.0.13/spring-context-6.0.13.jar:/home/maurizio/.m2/repository/org/springframework/spring-expression/6.0.13/spring-expression-6.0.13.jar:/home/maurizio/.m2/repository/org/springframework/security/spring-security-web/6.1.5/spring-security-web-6.1.5.jar:/home/maurizio/.m2/repository/org/springframework/spring-core/6.0.13/spring-core-6.0.13.jar:/home/maurizio/.m2/repository/org/springframework/spring-jcl/6.0.13/spring-jcl-6.0.13.jar:/home/maurizio/.m2/repository/org/springframework/spring-test/6.0.13/spring-test-6.0.13.jar:/home/maurizio/.m2/repository/org/springframework/boot/spring-boot-starter-tomcat/3.1.5/spring-boot-starter-tomcat-3.1.5.jar:/home/maurizio/.m2/repository/jakarta/annotation/jakarta.annotation-api/2.1.1/jakarta.annotation-api-2.1.1.jar:/home/maurizio/.m2/repository/org/apache/tomcat/embed/tomcat-embed-core/10.1.15/tomcat-embed-core-10.1.15.jar:/home/maurizio/.m2/repository/org/apache/tomcat/embed/tomcat-embed-el/10.1.15/tomcat-embed-el-10.1.15.jar:/home/maurizio/.m2/repository/org/apache/tomcat/embed/tomcat-embed-websocket/10.1.15/tomcat-embed-websocket-10.1.15.jar:/home/maurizio/.m2/repository/org/springframework/boot/spring-boot-starter-web/3.1.5/spring-boot-starter-web-3.1.5.jar:/home/maurizio/.m2/repository/org/springframework/boot/spring-boot-starter-json/3.1.5/spring-boot-starter-json-3.1.5.jar:/home/maurizio/.m2/repository/com/fasterxml/jackson/core/jackson-databind/2.15.3/jackson-databind-2.15.3.jar:/home/maurizio/.m2/repository/com/fasterxml/jackson/core/jackson-annotations/2.15.3/jackson-annotations-2.15.3.jar:/home/maurizio/.m2/repository/com/fasterxml/jackson/core/jackson-core/2.15.3/jackson-core-2.15.3.jar:/home/maurizio/.m2/repository/com/fasterxml/jackson/datatype/jackson-datatype-jdk8/2.15.3/jackson-datatype-jdk8-2.15.3.jar:/home/maurizio/.m2/repository/com/fasterxml/jackson/datatype/jackson-datatype-jsr310/2.15.3/jackson-datatype-jsr310-2.15.3.jar:/home/maurizio/.m2/repository/com/fasterxml/jackson/module/jackson-module-parameter-names/2.15.3/jackson-module-parameter-names-2.15.3.jar:/home/maurizio/.m2/repository/org/springframework/spring-web/6.0.13/spring-web-6.0.13.jar:/home/maurizio/.m2/repository/org/springframework/spring-webmvc/6.0.13/spring-webmvc-6.0.13.jar:/home/maurizio/.m2/repository/org/springframework/boot/spring-boot-starter-test/3.1.5/spring-boot-starter-test-3.1.5.jar:/home/maurizio/.m2/repository/org/springframework/boot/spring-boot-test/3.1.5/spring-boot-test-3.1.5.jar:/home/maurizio/.m2/repository/org/springframework/boot/spring-boot-test-autoconfigure/3.1.5/spring-boot-test-autoconfigure-3.1.5.jar:/home/maurizio/.m2/repository/com/jayway/jsonpath/json-path/2.8.0/json-path-2.8.0.jar:/home/maurizio/.m2/repository/jakarta/xml/bind/jakarta.xml.bind-api/4.0.1/jakarta.xml.bind-api-4.0.1.jar:/home/maurizio/.m2/repository/jakarta/activation/jakarta.activation-api/2.1.2/jakarta.activation-api-2.1.2.jar:/home/maurizio/.m2/repository/net/minidev/json-smart/2.4.11/json-smart-2.4.11.jar:/home/maurizio/.m2/repository/net/minidev/accessors-smart/2.4.11/accessors-smart-2.4.11.jar:/home/maurizio/.m2/repository/org/ow2/asm/asm/9.3/asm-9.3.jar:/home/maurizio/.m2/repository/org/assertj/assertj-core/3.24.2/assertj-core-3.24.2.jar:/home/maurizio/.m2/repository/net/bytebuddy/byte-buddy/1.14.9/byte-buddy-1.14.9.jar:/home/maurizio/.m2/repository/org/hamcrest/hamcrest/2.2/hamcrest-2.2.jar:/home/maurizio/.m2/repository/org/junit/jupiter/junit-jupiter/5.9.3/junit-jupiter-5.9.3.jar:/home/maurizio/.m2/repository/org/junit/jupiter/junit-jupiter-api/5.9.3/junit-jupiter-api-5.9.3.jar:/home/maurizio/.m2/repository/org/opentest4j/opentest4j/1.2.0/opentest4j-1.2.0.jar:/home/maurizio/.m2/repository/org/junit/platform/junit-platform-commons/1.9.3/junit-platform-commons-1.9.3.jar:/home/maurizio/.m2/repository/org/apiguardian/apiguardian-api/1.1.2/apiguardian-api-1.1.2.jar:/home/maurizio/.m2/repository/org/junit/jupiter/junit-jupiter-params/5.9.3/junit-jupiter-params-5.9.3.jar:/home/maurizio/.m2/repository/org/junit/jupiter/junit-jupiter-engine/5.9.3/junit-jupiter-engine-5.9.3.jar:/home/maurizio/.m2/repository/org/junit/platform/junit-platform-engine/1.9.3/junit-platform-engine-1.9.3.jar:/home/maurizio/.m2/repository/org/mockito/mockito-core/5.3.1/mockito-core-5.3.1.jar:/home/maurizio/.m2/repository/net/bytebuddy/byte-buddy-agent/1.14.9/byte-buddy-agent-1.14.9.jar:/home/maurizio/.m2/repository/org/objenesis/objenesis/3.3/objenesis-3.3.jar:/home/maurizio/.m2/repository/org/mockito/mockito-junit-jupiter/5.3.1/mockito-junit-jupiter-5.3.1.jar:/home/maurizio/.m2/repository/org/skyscreamer/jsonassert/1.5.1/jsonassert-1.5.1.jar:/home/maurizio/.m2/repository/com/vaadin/external/google/android-json/0.0.20131108.vaadin1/android-json-0.0.20131108.vaadin1.jar:/home/maurizio/.m2/repository/org/xmlunit/xmlunit-core/2.9.1/xmlunit-core-2.9.1.jar:/home/maurizio/.m2/repository/franco/maurizio/hr-desk-persistence/0.3.5_j17/hr-desk-persistence-0.3.5_j17.jar:/home/maurizio/.m2/repository/org/springframework/boot/spring-boot-starter-data-jpa/3.1.5/spring-boot-starter-data-jpa-3.1.5.jar:/home/maurizio/.m2/repository/org/springframework/boot/spring-boot-starter-aop/3.1.5/spring-boot-starter-aop-3.1.5.jar:/home/maurizio/.m2/repository/org/aspectj/aspectjweaver/1.9.20/aspectjweaver-1.9.20.jar:/home/maurizio/.m2/repository/org/springframework/boot/spring-boot-starter-jdbc/3.1.5/spring-boot-starter-jdbc-3.1.5.jar:/home/maurizio/.m2/repository/com/zaxxer/HikariCP/5.0.1/HikariCP-5.0.1.jar:/home/maurizio/.m2/repository/org/springframework/spring-jdbc/6.0.13/spring-jdbc-6.0.13.jar:/home/maurizio/.m2/repository/org/hibernate/orm/hibernate-core/6.2.13.Final/hibernate-core-6.2.13.Final.jar:/home/maurizio/.m2/repository/jakarta/persistence/jakarta.persistence-api/3.1.0/jakarta.persistence-api-3.1.0.jar:/home/maurizio/.m2/repository/jakarta/transaction/jakarta.transaction-api/2.0.1/jakarta.transaction-api-2.0.1.jar:/home/maurizio/.m2/repository/org/hibernate/common/hibernate-commons-annotations/6.0.6.Final/hibernate-commons-annotations-6.0.6.Final.jar:/home/maurizio/.m2/repository/io/smallrye/jandex/3.0.5/jandex-3.0.5.jar:/home/maurizio/.m2/repository/jakarta/inject/jakarta.inject-api/2.0.1/jakarta.inject-api-2.0.1.jar:/home/maurizio/.m2/repository/org/antlr/antlr4-runtime/4.10.1/antlr4-runtime-4.10.1.jar:/home/maurizio/.m2/repository/org/springframework/data/spring-data-jpa/3.1.5/spring-data-jpa-3.1.5.jar:/home/maurizio/.m2/repository/org/springframework/data/spring-data-commons/3.1.5/spring-data-commons-3.1.5.jar:/home/maurizio/.m2/repository/org/springframework/spring-orm/6.0.13/spring-orm-6.0.13.jar:/home/maurizio/.m2/repository/org/springframework/spring-tx/6.0.13/spring-tx-6.0.13.jar:/home/maurizio/.m2/repository/org/springframework/spring-aspects/6.0.13/spring-aspects-6.0.13.jar:/home/maurizio/.m2/repository/mysql/mysql-connector-java/8.0.19/mysql-connector-java-8.0.19.jar:/home/maurizio/.m2/repository/com/google/protobuf/protobuf-java/3.6.1/protobuf-java-3.6.1.jar:/home/maurizio/.m2/repository/org/glassfish/jaxb/jaxb-runtime/4.0.3/jaxb-runtime-4.0.3.jar:/home/maurizio/.m2/repository/org/glassfish/jaxb/jaxb-core/4.0.3/jaxb-core-4.0.3.jar:/home/maurizio/.m2/repository/org/glassfish/jaxb/txw2/4.0.3/txw2-4.0.3.jar:/home/maurizio/.m2/repository/com/sun/istack/istack-commons-runtime/4.1.2/istack-commons-runtime-4.1.2.jar:/home/maurizio/.m2/repository/org/javassist/javassist/3.23.1-GA/javassist-3.23.1-GA.jar:/home/maurizio/.m2/repository/franco/maurizio/hr-desk-mail-manager/0.3.4_j11/hr-desk-mail-manager-0.3.4_j11.jar:/home/maurizio/.m2/repository/org/apache/commons/commons-lang3/3.12.0/commons-lang3-3.12.0.jar:/home/maurizio/.m2/repository/org/apache/velocity/velocity/1.7/velocity-1.7.jar:/home/maurizio/.m2/repository/commons-collections/commons-collections/3.2.1/commons-collections-3.2.1.jar:/home/maurizio/.m2/repository/commons-lang/commons-lang/2.4/commons-lang-2.4.jar:/home/maurizio/.m2/repository/org/eclipse/angus/jakarta.mail/1.1.0/jakarta.mail-1.1.0.jar:/home/maurizio/.m2/repository/org/eclipse/angus/angus-activation/2.0.1/angus-activation-2.0.1.jar:/home/maurizio/.m2/repository/org/apache/logging/log4j/log4j-api/2.20.0/log4j-api-2.20.0.jar:/home/maurizio/.m2/repository/org/apache/logging/log4j/log4j-core/2.20.0/log4j-core-2.20.0.jar:/home/maurizio/.m2/repository/com/google/code/gson/gson/2.8.5/gson-2.8.5.jar:/home/maurizio/.m2/repository/org/springframework/boot/spring-boot-starter/3.1.5/spring-boot-starter-3.1.5.jar:/home/maurizio/.m2/repository/org/springframework/boot/spring-boot/3.1.5/spring-boot-3.1.5.jar:/home/maurizio/.m2/repository/org/springframework/boot/spring-boot-autoconfigure/3.1.5/spring-boot-autoconfigure-3.1.5.jar:/home/maurizio/.m2/repository/org/yaml/snakeyaml/1.33/snakeyaml-1.33.jar:/home/maurizio/.m2/repository/org/springframework/boot/spring-boot-starter-security/3.1.5/spring-boot-starter-security-3.1.5.jar:/home/maurizio/.m2/repository/org/springframework/spring-aop/6.0.13/spring-aop-6.0.13.jar:/home/maurizio/.m2/repository/org/springframework/security/spring-security-config/6.1.5/spring-security-config-6.1.5.jar:/home/maurizio/.m2/repository/org/springframework/boot/spring-boot-starter-validation/3.1.5/spring-boot-starter-validation-3.1.5.jar:/home/maurizio/.m2/repository/org/hibernate/validator/hibernate-validator/8.0.1.Final/hibernate-validator-8.0.1.Final.jar:/home/maurizio/.m2/repository/jakarta/validation/jakarta.validation-api/3.0.2/jakarta.validation-api-3.0.2.jar:/home/maurizio/.m2/repository/org/jboss/logging/jboss-logging/3.5.3.Final/jboss-logging-3.5.3.Final.jar:/home/maurizio/.m2/repository/com/fasterxml/classmate/1.5.1/classmate-1.5.1.jar:/home/maurizio/.m2/repository/org/springframework/boot/spring-boot-devtools/3.1.5/spring-boot-devtools-3.1.5.jar:/home/maurizio/.m2/repository/ch/qos/logback/logback-classic/1.4.11/logback-classic-1.4.11.jar:/home/maurizio/.m2/repository/ch/qos/logback/logback-core/1.4.11/logback-core-1.4.11.jar:/home/maurizio/.m2/repository/org/slf4j/slf4j-api/2.0.9/slf4j-api-2.0.9.jar:/home/maurizio/.m2/repository/org/springframework/boot/spring-boot-starter-actuator/3.1.5/spring-boot-starter-actuator-3.1.5.jar:/home/maurizio/.m2/repository/org/springframework/boot/spring-boot-actuator-autoconfigure/3.1.5/spring-boot-actuator-autoconfigure-3.1.5.jar:/home/maurizio/.m2/repository/org/springframework/boot/spring-boot-actuator/3.1.5/spring-boot-actuator-3.1.5.jar:/home/maurizio/.m2/repository/io/micrometer/micrometer-observation/1.11.5/micrometer-observation-1.11.5.jar:/home/maurizio/.m2/repository/io/micrometer/micrometer-commons/1.11.5/micrometer-commons-1.11.5.jar:/home/maurizio/.m2/repository/io/micrometer/micrometer-core/1.11.5/micrometer-core-1.11.5.jar:/home/maurizio/.m2/repository/org/hdrhistogram/HdrHistogram/2.1.12/HdrHistogram-2.1.12.jar:/home/maurizio/.m2/repository/org/latencyutils/LatencyUtils/2.0.3/LatencyUtils-2.0.3.jar:/home/maurizio/.m2/repository/com/itextpdf/itextpdf/5.5.10/itextpdf-5.5.10.jar:/home/maurizio/.m2/repository/org/apache/pdfbox/pdfbox/2.0.4/pdfbox-2.0.4.jar:/home/maurizio/.m2/repository/org/apache/pdfbox/fontbox/2.0.4/fontbox-2.0.4.jar:/home/maurizio/.m2/repository/commons-logging/commons-logging/1.2/commons-logging-1.2.jar:/home/maurizio/.m2/repository/org/projectlombok/lombok/1.18.30/lombok-1.18.30.jar:, java.vm.vendor=Debian, sun.arch.data.model=64, java.vendor.url=https://tracker.debian.org/openjdk-17, catalina.useNaming=false, user.timezone=Europe/Rome, jakarta.persistence.sharedCache.mode=UNSPECIFIED, org.jboss.logging.provider=slf4j, java.vm.specification.version=17, os.name=Linux, jakarta.persistence.nonJtaDataSource=HikariDataSource (HikariPool-2), sun.java.launcher=SUN_STANDARD, user.country=US, sun.boot.library.path=/usr/lib/jvm/java-17-openjdk-amd64/lib, sun.java.command=/home/maurizio/git/hr-desk/hr-desk/backend17/target/surefire/surefirebooter-20231124123619067_3.jar /home/maurizio/git/hr-desk/hr-desk/backend17/target/surefire 2023-11-24T12-36-18_989-jvmRun1 surefire-20231124123619067_1tmp surefire_0-20231124123619067_2tmp, javax.persistence.nonJtaDataSource=HikariDataSource (HikariPool-2), hibernate.transaction.jta.platform=org.hibernate.engine.transaction.jta.platform.internal.NoJtaPlatform@7b86efce, jdk.debug=release, surefire.test.class.path=/home/maurizio/git/hr-desk/hr-desk/backend17/target/test-classes:/home/maurizio/git/hr-desk/hr-desk/backend17/target/classes:/home/maurizio/.m2/repository/org/springframework/security/spring-security-test/6.1.5/spring-security-test-6.1.5.jar:/home/maurizio/.m2/repository/org/springframework/security/spring-security-core/6.1.5/spring-security-core-6.1.5.jar:/home/maurizio/.m2/repository/org/springframework/security/spring-security-crypto/6.1.5/spring-security-crypto-6.1.5.jar:/home/maurizio/.m2/repository/org/springframework/spring-beans/6.0.13/spring-beans-6.0.13.jar:/home/maurizio/.m2/repository/org/springframework/spring-context/6.0.13/spring-context-6.0.13.jar:/home/maurizio/.m2/repository/org/springframework/spring-expression/6.0.13/spring-expression-6.0.13.jar:/home/maurizio/.m2/repository/org/springframework/security/spring-security-web/6.1.5/spring-security-web-6.1.5.jar:/home/maurizio/.m2/repository/org/springframework/spring-core/6.0.13/spring-core-6.0.13.jar:/home/maurizio/.m2/repository/org/springframework/spring-jcl/6.0.13/spring-jcl-6.0.13.jar:/home/maurizio/.m2/repository/org/springframework/spring-test/6.0.13/spring-test-6.0.13.jar:/home/maurizio/.m2/repository/org/springframework/boot/spring-boot-starter-tomcat/3.1.5/spring-boot-starter-tomcat-3.1.5.jar:/home/maurizio/.m2/repository/jakarta/annotation/jakarta.annotation-api/2.1.1/jakarta.annotation-api-2.1.1.jar:/home/maurizio/.m2/repository/org/apache/tomcat/embed/tomcat-embed-core/10.1.15/tomcat-embed-core-10.1.15.jar:/home/maurizio/.m2/repository/org/apache/tomcat/embed/tomcat-embed-el/10.1.15/tomcat-embed-el-10.1.15.jar:/home/maurizio/.m2/repository/org/apache/tomcat/embed/tomcat-embed-websocket/10.1.15/tomcat-embed-websocket-10.1.15.jar:/home/maurizio/.m2/repository/org/springframework/boot/spring-boot-starter-web/3.1.5/spring-boot-starter-web-3.1.5.jar:/home/maurizio/.m2/repository/org/springframework/boot/spring-boot-starter-json/3.1.5/spring-boot-starter-json-3.1.5.jar:/home/maurizio/.m2/repository/com/fasterxml/jackson/core/jackson-databind/2.15.3/jackson-databind-2.15.3.jar:/home/maurizio/.m2/repository/com/fasterxml/jackson/core/jackson-annotations/2.15.3/jackson-annotations-2.15.3.jar:/home/maurizio/.m2/repository/com/fasterxml/jackson/core/jackson-core/2.15.3/jackson-core-2.15.3.jar:/home/maurizio/.m2/repository/com/fasterxml/jackson/datatype/jackson-datatype-jdk8/2.15.3/jackson-datatype-jdk8-2.15.3.jar:/home/maurizio/.m2/repository/com/fasterxml/jackson/datatype/jackson-datatype-jsr310/2.15.3/jackson-datatype-jsr310-2.15.3.jar:/home/maurizio/.m2/repository/com/fasterxml/jackson/module/jackson-module-parameter-names/2.15.3/jackson-module-parameter-names-2.15.3.jar:/home/maurizio/.m2/repository/org/springframework/spring-web/6.0.13/spring-web-6.0.13.jar:/home/maurizio/.m2/repository/org/springframework/spring-webmvc/6.0.13/spring-webmvc-6.0.13.jar:/home/maurizio/.m2/repository/org/springframework/boot/spring-boot-starter-test/3.1.5/spring-boot-starter-test-3.1.5.jar:/home/maurizio/.m2/repository/org/springframework/boot/spring-boot-test/3.1.5/spring-boot-test-3.1.5.jar:/home/maurizio/.m2/repository/org/springframework/boot/spring-boot-test-autoconfigure/3.1.5/spring-boot-test-autoconfigure-3.1.5.jar:/home/maurizio/.m2/repository/com/jayway/jsonpath/json-path/2.8.0/json-path-2.8.0.jar:/home/maurizio/.m2/repository/jakarta/xml/bind/jakarta.xml.bind-api/4.0.1/jakarta.xml.bind-api-4.0.1.jar:/home/maurizio/.m2/repository/jakarta/activation/jakarta.activation-api/2.1.2/jakarta.activation-api-2.1.2.jar:/home/maurizio/.m2/repository/net/minidev/json-smart/2.4.11/json-smart-2.4.11.jar:/home/maurizio/.m2/repository/net/minidev/accessors-smart/2.4.11/accessors-smart-2.4.11.jar:/home/maurizio/.m2/repository/org/ow2/asm/asm/9.3/asm-9.3.jar:/home/maurizio/.m2/repository/org/assertj/assertj-core/3.24.2/assertj-core-3.24.2.jar:/home/maurizio/.m2/repository/net/bytebuddy/byte-buddy/1.14.9/byte-buddy-1.14.9.jar:/home/maurizio/.m2/repository/org/hamcrest/hamcrest/2.2/hamcrest-2.2.jar:/home/maurizio/.m2/repository/org/junit/jupiter/junit-jupiter/5.9.3/junit-jupiter-5.9.3.jar:/home/maurizio/.m2/repository/org/junit/jupiter/junit-jupiter-api/5.9.3/junit-jupiter-api-5.9.3.jar:/home/maurizio/.m2/repository/org/opentest4j/opentest4j/1.2.0/opentest4j-1.2.0.jar:/home/maurizio/.m2/repository/org/junit/platform/junit-platform-commons/1.9.3/junit-platform-commons-1.9.3.jar:/home/maurizio/.m2/repository/org/apiguardian/apiguardian-api/1.1.2/apiguardian-api-1.1.2.jar:/home/maurizio/.m2/repository/org/junit/jupiter/junit-jupiter-params/5.9.3/junit-jupiter-params-5.9.3.jar:/home/maurizio/.m2/repository/org/junit/jupiter/junit-jupiter-engine/5.9.3/junit-jupiter-engine-5.9.3.jar:/home/maurizio/.m2/repository/org/junit/platform/junit-platform-engine/1.9.3/junit-platform-engine-1.9.3.jar:/home/maurizio/.m2/repository/org/mockito/mockito-core/5.3.1/mockito-core-5.3.1.jar:/home/maurizio/.m2/repository/net/bytebuddy/byte-buddy-agent/1.14.9/byte-buddy-agent-1.14.9.jar:/home/maurizio/.m2/repository/org/objenesis/objenesis/3.3/objenesis-3.3.jar:/home/maurizio/.m2/repository/org/mockito/mockito-junit-jupiter/5.3.1/mockito-junit-jupiter-5.3.1.jar:/home/maurizio/.m2/repository/org/skyscreamer/jsonassert/1.5.1/jsonassert-1.5.1.jar:/home/maurizio/.m2/repository/com/vaadin/external/google/android-json/0.0.20131108.vaadin1/android-json-0.0.20131108.vaadin1.jar:/home/maurizio/.m2/repository/org/xmlunit/xmlunit-core/2.9.1/xmlunit-core-2.9.1.jar:/home/maurizio/.m2/repository/franco/maurizio/hr-desk-persistence/0.3.5_j17/hr-desk-persistence-0.3.5_j17.jar:/home/maurizio/.m2/repository/org/springframework/boot/spring-boot-starter-data-jpa/3.1.5/spring-boot-starter-data-jpa-3.1.5.jar:/home/maurizio/.m2/repository/org/springframework/boot/spring-boot-starter-aop/3.1.5/spring-boot-starter-aop-3.1.5.jar:/home/maurizio/.m2/repository/org/aspectj/aspectjweaver/1.9.20/aspectjweaver-1.9.20.jar:/home/maurizio/.m2/repository/org/springframework/boot/spring-boot-starter-jdbc/3.1.5/spring-boot-starter-jdbc-3.1.5.jar:/home/maurizio/.m2/repository/com/zaxxer/HikariCP/5.0.1/HikariCP-5.0.1.jar:/home/maurizio/.m2/repository/org/springframework/spring-jdbc/6.0.13/spring-jdbc-6.0.13.jar:/home/maurizio/.m2/repository/org/hibernate/orm/hibernate-core/6.2.13.Final/hibernate-core-6.2.13.Final.jar:/home/maurizio/.m2/repository/jakarta/persistence/jakarta.persistence-api/3.1.0/jakarta.persistence-api-3.1.0.jar:/home/maurizio/.m2/repository/jakarta/transaction/jakarta.transaction-api/2.0.1/jakarta.transaction-api-2.0.1.jar:/home/maurizio/.m2/repository/org/hibernate/common/hibernate-commons-annotations/6.0.6.Final/hibernate-commons-annotations-6.0.6.Final.jar:/home/maurizio/.m2/repository/io/smallrye/jandex/3.0.5/jandex-3.0.5.jar:/home/maurizio/.m2/repository/jakarta/inject/jakarta.inject-api/2.0.1/jakarta.inject-api-2.0.1.jar:/home/maurizio/.m2/repository/org/antlr/antlr4-runtime/4.10.1/antlr4-runtime-4.10.1.jar:/home/maurizio/.m2/repository/org/springframework/data/spring-data-jpa/3.1.5/spring-data-jpa-3.1.5.jar:/home/maurizio/.m2/repository/org/springframework/data/spring-data-commons/3.1.5/spring-data-commons-3.1.5.jar:/home/maurizio/.m2/repository/org/springframework/spring-orm/6.0.13/spring-orm-6.0.13.jar:/home/maurizio/.m2/repository/org/springframework/spring-tx/6.0.13/spring-tx-6.0.13.jar:/home/maurizio/.m2/repository/org/springframework/spring-aspects/6.0.13/spring-aspects-6.0.13.jar:/home/maurizio/.m2/repository/mysql/mysql-connector-java/8.0.19/mysql-connector-java-8.0.19.jar:/home/maurizio/.m2/repository/com/google/protobuf/protobuf-java/3.6.1/protobuf-java-3.6.1.jar:/home/maurizio/.m2/repository/org/glassfish/jaxb/jaxb-runtime/4.0.3/jaxb-runtime-4.0.3.jar:/home/maurizio/.m2/repository/org/glassfish/jaxb/jaxb-core/4.0.3/jaxb-core-4.0.3.jar:/home/maurizio/.m2/repository/org/glassfish/jaxb/txw2/4.0.3/txw2-4.0.3.jar:/home/maurizio/.m2/repository/com/sun/istack/istack-commons-runtime/4.1.2/istack-commons-runtime-4.1.2.jar:/home/maurizio/.m2/repository/org/javassist/javassist/3.23.1-GA/javassist-3.23.1-GA.jar:/home/maurizio/.m2/repository/franco/maurizio/hr-desk-mail-manager/0.3.4_j11/hr-desk-mail-manager-0.3.4_j11.jar:/home/maurizio/.m2/repository/org/apache/commons/commons-lang3/3.12.0/commons-lang3-3.12.0.jar:/home/maurizio/.m2/repository/org/apache/velocity/velocity/1.7/velocity-1.7.jar:/home/maurizio/.m2/repository/commons-collections/commons-collections/3.2.1/commons-collections-3.2.1.jar:/home/maurizio/.m2/repository/commons-lang/commons-lang/2.4/commons-lang-2.4.jar:/home/maurizio/.m2/repository/org/eclipse/angus/jakarta.mail/1.1.0/jakarta.mail-1.1.0.jar:/home/maurizio/.m2/repository/org/eclipse/angus/angus-activation/2.0.1/angus-activation-2.0.1.jar:/home/maurizio/.m2/repository/org/apache/logging/log4j/log4j-api/2.20.0/log4j-api-2.20.0.jar:/home/maurizio/.m2/repository/org/apache/logging/log4j/log4j-core/2.20.0/log4j-core-2.20.0.jar:/home/maurizio/.m2/repository/com/google/code/gson/gson/2.8.5/gson-2.8.5.jar:/home/maurizio/.m2/repository/org/springframework/boot/spring-boot-starter/3.1.5/spring-boot-starter-3.1.5.jar:/home/maurizio/.m2/repository/org/springframework/boot/spring-boot/3.1.5/spring-boot-3.1.5.jar:/home/maurizio/.m2/repository/org/springframework/boot/spring-boot-autoconfigure/3.1.5/spring-boot-autoconfigure-3.1.5.jar:/home/maurizio/.m2/repository/org/yaml/snakeyaml/1.33/snakeyaml-1.33.jar:/home/maurizio/.m2/repository/org/springframework/boot/spring-boot-starter-security/3.1.5/spring-boot-starter-security-3.1.5.jar:/home/maurizio/.m2/repository/org/springframework/spring-aop/6.0.13/spring-aop-6.0.13.jar:/home/maurizio/.m2/repository/org/springframework/security/spring-security-config/6.1.5/spring-security-config-6.1.5.jar:/home/maurizio/.m2/repository/org/springframework/boot/spring-boot-starter-validation/3.1.5/spring-boot-starter-validation-3.1.5.jar:/home/maurizio/.m2/repository/org/hibernate/validator/hibernate-validator/8.0.1.Final/hibernate-validator-8.0.1.Final.jar:/home/maurizio/.m2/repository/jakarta/validation/jakarta.validation-api/3.0.2/jakarta.validation-api-3.0.2.jar:/home/maurizio/.m2/repository/org/jboss/logging/jboss-logging/3.5.3.Final/jboss-logging-3.5.3.Final.jar:/home/maurizio/.m2/repository/com/fasterxml/classmate/1.5.1/classmate-1.5.1.jar:/home/maurizio/.m2/repository/org/springframework/boot/spring-boot-devtools/3.1.5/spring-boot-devtools-3.1.5.jar:/home/maurizio/.m2/repository/ch/qos/logback/logback-classic/1.4.11/logback-classic-1.4.11.jar:/home/maurizio/.m2/repository/ch/qos/logback/logback-core/1.4.11/logback-core-1.4.11.jar:/home/maurizio/.m2/repository/org/slf4j/slf4j-api/2.0.9/slf4j-api-2.0.9.jar:/home/maurizio/.m2/repository/org/springframework/boot/spring-boot-starter-actuator/3.1.5/spring-boot-starter-actuator-3.1.5.jar:/home/maurizio/.m2/repository/org/springframework/boot/spring-boot-actuator-autoconfigure/3.1.5/spring-boot-actuator-autoconfigure-3.1.5.jar:/home/maurizio/.m2/repository/org/springframework/boot/spring-boot-actuator/3.1.5/spring-boot-actuator-3.1.5.jar:/home/maurizio/.m2/repository/io/micrometer/micrometer-observation/1.11.5/micrometer-observation-1.11.5.jar:/home/maurizio/.m2/repository/io/micrometer/micrometer-commons/1.11.5/micrometer-commons-1.11.5.jar:/home/maurizio/.m2/repository/io/micrometer/micrometer-core/1.11.5/micrometer-core-1.11.5.jar:/home/maurizio/.m2/repository/org/hdrhistogram/HdrHistogram/2.1.12/HdrHistogram-2.1.12.jar:/home/maurizio/.m2/repository/org/latencyutils/LatencyUtils/2.0.3/LatencyUtils-2.0.3.jar:/home/maurizio/.m2/repository/com/itextpdf/itextpdf/5.5.10/itextpdf-5.5.10.jar:/home/maurizio/.m2/repository/org/apache/pdfbox/pdfbox/2.0.4/pdfbox-2.0.4.jar:/home/maurizio/.m2/repository/org/apache/pdfbox/fontbox/2.0.4/fontbox-2.0.4.jar:/home/maurizio/.m2/repository/commons-logging/commons-logging/1.2/commons-logging-1.2.jar:/home/maurizio/.m2/repository/org/projectlombok/lombok/1.18.30/lombok-1.18.30.jar:, sun.cpu.endian=little, hibernate.cdi.extensions=true, user.home=/home/maurizio, user.language=en, java.specification.vendor=Oracle Corporation, java.version.date=2023-04-18, java.home=/usr/lib/jvm/java-17-openjdk-amd64, file.separator=/, basedir=/home/maurizio/git/hr-desk/hr-desk/backend17, style.color=always, java.vm.compressedOopsMode=Zero based, line.separator=
, hibernate.persistenceUnitName=default, java.specification.name=Java Platform API Specification, java.vm.specification.vendor=Oracle Corporation, FILE_LOG_CHARSET=UTF-8, hibernate.transaction.coordinator_class=class org.hibernate.resource.transaction.backend.jdbc.internal.JdbcResourceLocalTransactionCoordinatorBuilderImpl, java.awt.headless=true, surefire.real.class.path=/home/maurizio/git/hr-desk/hr-desk/backend17/target/surefire/surefirebooter-20231124123619067_3.jar, jakarta.persistence.validation.mode=AUTO, sun.management.compiler=HotSpot 64-Bit Tiered Compilers, java.runtime.version=17.0.7+7-Debian-1deb12u1, user.name=maurizio, path.separator=:, os.version=6.1.0-10-amd64, java.runtime.name=OpenJDK Runtime Environment, file.encoding=UTF-8, java.vm.name=OpenJDK 64-Bit Server VM, hibernate.show_sql=true, localRepository=/home/maurizio/.m2/repository, java.vendor.url.bug=https://bugs.debian.org/openjdk-17, java.io.tmpdir=/tmp, com.zaxxer.hikari.pool_number=1, catalina.home=/tmp/tomcat.0.2414534711362595922, java.version=17.0.7, hibernate.physical_naming_strategy=org.hibernate.boot.model.naming.CamelCaseToUnderscoresNamingStrategy, user.dir=/home/maurizio/git/hr-desk/hr-desk/backend17, os.arch=amd64, java.vm.specification.name=Java Virtual Machine Specification, PID=1505547, CONSOLE_LOG_CHARSET=UTF-8, catalina.base=/tmp/tomcat.0.2414534711362595922, hibernate.boot.CfgXmlAccessService.key=org.hibernate.boot.registry.StandardServiceRegistryBuilder$1@46068d5e, native.encoding=UTF-8, java.library.path=/usr/java/packages/lib:/usr/lib/x86_64-linux-gnu/jni:/lib/x86_64-linux-gnu:/usr/lib/x86_64-linux-gnu:/usr/lib/jni:/lib:/usr/lib, java.vendor=Debian, java.vm.info=mixed mode, sharing, java.vm.version=17.0.7+7-Debian-1deb12u1, hibernate.bytecode.use_reflection_optimizer=true, sun.io.unicode.encoding=UnicodeLittle, hibernate.archive.scanner=org.hibernate.boot.archive.scan.internal.DisabledScanner, hibernate.connection.datasource=HikariDataSource (HikariPool-2), java.class.version=61.0}
2023-11-24 12:36:41,306 TRACE o.h.e.j.e.i.NormalizingIdentifierHelperImpl [NormalizingIdentifierHelperImpl.java:62] Normalizing identifier quoting [null]
2023-11-24 12:36:41,307 TRACE o.h.s.i.AbstractServiceRegistryImpl [AbstractServiceRegistryImpl.java:235] Initializing service [role=org.hibernate.cache.spi.CacheImplementor]
2023-11-24 12:36:41,307 DEBUG o.h.i.SessionFactoryImpl [SessionFactoryImpl.java:239] Session factory constructed with filter configurations : {}
2023-11-24 12:36:41,308 DEBUG o.h.v.i.x.c.ValidationXmlParser [ValidationXmlParser.java:122] Trying to load META-INF/validation.xml for XML based Validator configuration.
2023-11-24 12:36:41,308 DEBUG o.h.v.i.x.c.ResourceLoaderHelper [ResourceLoaderHelper.java:61] Trying to load META-INF/validation.xml via TCCL
2023-11-24 12:36:41,309 DEBUG o.h.v.i.x.c.ResourceLoaderHelper [ResourceLoaderHelper.java:67] Trying to load META-INF/validation.xml via Hibernate Validator's class loader
2023-11-24 12:36:41,309 DEBUG o.h.v.i.x.c.ValidationXmlParser [ValidationXmlParser.java:129] No META-INF/validation.xml found. Using annotation based configuration only.
2023-11-24 12:36:41,310 DEBUG o.h.v.i.e.r.TraversableResolvers [TraversableResolvers.java:94] Found jakarta.persistence.Persistence on classpath containing 'getPersistenceUtil'. Assuming JPA 2 environment. Trying to instantiate JPA aware TraversableResolver
2023-11-24 12:36:41,310 DEBUG o.h.v.i.e.r.TraversableResolvers [TraversableResolvers.java:104] Instantiated JPA aware TraversableResolver of type org.hibernate.validator.internal.engine.resolver.JPATraversableResolver.
2023-11-24 12:36:41,311 DEBUG o.h.v.m.ResourceBundleMessageInterpolator [ResourceBundleMessageInterpolator.java:175] Loaded expression factory via original TCCL
2023-11-24 12:36:41,314 DEBUG o.h.v.i.e.ValidatorFactoryConfigurationHelper [ValidatorFactoryConfigurationHelper.java:355] HV000252: Using org.hibernate.validator.internal.engine.DefaultPropertyNodeNameProvider as property node name provider.
2023-11-24 12:36:41,315 DEBUG o.h.v.i.e.ValidatorFactoryConfigurationHelper [ValidatorFactoryConfigurationHelper.java:447] HV000234: Using org.hibernate.validator.messageinterpolation.ResourceBundleMessageInterpolator as ValidatorFactory-scoped message interpolator.
2023-11-24 12:36:41,316 DEBUG o.h.v.i.e.ValidatorFactoryConfigurationHelper [ValidatorFactoryConfigurationHelper.java:448] HV000234: Using org.hibernate.validator.internal.engine.resolver.JPATraversableResolver as ValidatorFactory-scoped traversable resolver.
2023-11-24 12:36:41,316 DEBUG o.h.v.i.e.ValidatorFactoryConfigurationHelper [ValidatorFactoryConfigurationHelper.java:449] HV000234: Using org.hibernate.validator.internal.util.ExecutableParameterNameProvider as ValidatorFactory-scoped parameter name provider.
2023-11-24 12:36:41,317 DEBUG o.h.v.i.e.ValidatorFactoryConfigurationHelper [ValidatorFactoryConfigurationHelper.java:450] HV000234: Using org.hibernate.validator.internal.engine.DefaultClockProvider as ValidatorFactory-scoped clock provider.
2023-11-24 12:36:41,317 DEBUG o.h.v.i.e.ValidatorFactoryConfigurationHelper [ValidatorFactoryConfigurationHelper.java:451] HV000234: Using org.hibernate.validator.internal.engine.scripting.DefaultScriptEvaluatorFactory as ValidatorFactory-scoped script evaluator factory.
2023-11-24 12:36:41,317 DEBUG o.h.b.i.ClassLoaderAccessImpl [ClassLoaderAccessImpl.java:60] Not known whether passed class name [franco.maurizio.hr.desk.com.persistence.entity.Survey] is safe
2023-11-24 12:36:41,318 DEBUG o.h.b.i.ClassLoaderAccessImpl [ClassLoaderAccessImpl.java:62] No temp ClassLoader provided; using live ClassLoader for loading potentially unsafe class : franco.maurizio.hr.desk.com.persistence.entity.Survey
2023-11-24 12:36:41,326 DEBUG o.h.b.i.ClassLoaderAccessImpl [ClassLoaderAccessImpl.java:60] Not known whether passed class name [franco.maurizio.hr.desk.com.persistence.entity.PositionUserOwner] is safe
2023-11-24 12:36:41,326 DEBUG o.h.b.i.ClassLoaderAccessImpl [ClassLoaderAccessImpl.java:62] No temp ClassLoader provided; using live ClassLoader for loading potentially unsafe class : franco.maurizio.hr.desk.com.persistence.entity.PositionUserOwner
2023-11-24 12:36:41,330 DEBUG o.h.b.i.ClassLoaderAccessImpl [ClassLoaderAccessImpl.java:60] Not known whether passed class name [franco.maurizio.hr.desk.com.persistence.entity.Question] is safe
2023-11-24 12:36:41,331 DEBUG o.h.b.i.ClassLoaderAccessImpl [ClassLoaderAccessImpl.java:62] No temp ClassLoader provided; using live ClassLoader for loading potentially unsafe class : franco.maurizio.hr.desk.com.persistence.entity.Question
2023-11-24 12:36:41,348 DEBUG o.h.b.i.ClassLoaderAccessImpl [ClassLoaderAccessImpl.java:60] Not known whether passed class name [franco.maurizio.hr.desk.com.persistence.entity.Candidate] is safe
2023-11-24 12:36:41,348 DEBUG o.h.b.i.ClassLoaderAccessImpl [ClassLoaderAccessImpl.java:62] No temp ClassLoader provided; using live ClassLoader for loading potentially unsafe class : franco.maurizio.hr.desk.com.persistence.entity.Candidate
2023-11-24 12:36:41,360 DEBUG o.h.b.i.ClassLoaderAccessImpl [ClassLoaderAccessImpl.java:60] Not known whether passed class name [franco.maurizio.hr.desk.com.persistence.entity.SurveyReply] is safe
2023-11-24 12:36:41,360 DEBUG o.h.b.i.ClassLoaderAccessImpl [ClassLoaderAccessImpl.java:62] No temp ClassLoader provided; using live ClassLoader for loading potentially unsafe class : franco.maurizio.hr.desk.com.persistence.entity.SurveyReply
2023-11-24 12:36:41,364 DEBUG o.h.b.i.ClassLoaderAccessImpl [ClassLoaderAccessImpl.java:60] Not known whether passed class name [franco.maurizio.hr.desk.com.persistence.entity.User] is safe
2023-11-24 12:36:41,364 DEBUG o.h.b.i.ClassLoaderAccessImpl [ClassLoaderAccessImpl.java:62] No temp ClassLoader provided; using live ClassLoader for loading potentially unsafe class : franco.maurizio.hr.desk.com.persistence.entity.User
2023-11-24 12:36:41,368 DEBUG o.h.b.i.ClassLoaderAccessImpl [ClassLoaderAccessImpl.java:60] Not known whether passed class name [franco.maurizio.hr.desk.com.persistence.entity.SurveyQuestion] is safe
2023-11-24 12:36:41,369 DEBUG o.h.b.i.ClassLoaderAccessImpl [ClassLoaderAccessImpl.java:62] No temp ClassLoader provided; using live ClassLoader for loading potentially unsafe class : franco.maurizio.hr.desk.com.persistence.entity.SurveyQuestion
2023-11-24 12:36:41,371 DEBUG o.h.b.i.ClassLoaderAccessImpl [ClassLoaderAccessImpl.java:60] Not known whether passed class name [franco.maurizio.hr.desk.com.persistence.entity.CandidateSurveyToken] is safe
2023-11-24 12:36:41,371 DEBUG o.h.b.i.ClassLoaderAccessImpl [ClassLoaderAccessImpl.java:62] No temp ClassLoader provided; using live ClassLoader for loading potentially unsafe class : franco.maurizio.hr.desk.com.persistence.entity.CandidateSurveyToken
2023-11-24 12:36:41,379 DEBUG o.h.b.i.ClassLoaderAccessImpl [ClassLoaderAccessImpl.java:60] Not known whether passed class name [franco.maurizio.hr.desk.com.persistence.entity.CandidateStates] is safe
2023-11-24 12:36:41,380 DEBUG o.h.b.i.ClassLoaderAccessImpl [ClassLoaderAccessImpl.java:62] No temp ClassLoader provided; using live ClassLoader for loading potentially unsafe class : franco.maurizio.hr.desk.com.persistence.entity.CandidateStates
2023-11-24 12:36:41,385 DEBUG o.h.b.i.ClassLoaderAccessImpl [ClassLoaderAccessImpl.java:60] Not known whether passed class name [franco.maurizio.hr.desk.com.persistence.entity.CoursePage] is safe
2023-11-24 12:36:41,385 DEBUG o.h.b.i.ClassLoaderAccessImpl [ClassLoaderAccessImpl.java:62] No temp ClassLoader provided; using live ClassLoader for loading potentially unsafe class : franco.maurizio.hr.desk.com.persistence.entity.CoursePage
2023-11-24 12:36:41,388 DEBUG o.h.b.i.ClassLoaderAccessImpl [ClassLoaderAccessImpl.java:60] Not known whether passed class name [franco.maurizio.hr.desk.com.persistence.entity.Role] is safe
2023-11-24 12:36:41,389 DEBUG o.h.b.i.ClassLoaderAccessImpl [ClassLoaderAccessImpl.java:62] No temp ClassLoader provided; using live ClassLoader for loading potentially unsafe class : franco.maurizio.hr.desk.com.persistence.entity.Role
2023-11-24 12:36:41,392 DEBUG o.h.s.i.SessionFactoryServiceRegistryImpl [SessionFactoryServiceRegistryImpl.java:91] EventListenerRegistry access via ServiceRegistry is deprecated.  Use `sessionFactory.getEventEngine().getListenerRegistry()` instead
2023-11-24 12:36:41,393 DEBUG o.h.t.s.s.SchemaManagementToolCoordinator [SchemaManagementToolCoordinator.java:760] No schema actions specified for contributor `orm`; doing nothing
2023-11-24 12:36:41,396 DEBUG o.h.q.s.f.SqmFunctionRegistry [SqmFunctionRegistry.java:90] Registered SqmFunctionTemplate [NamedSqmFunctionTemplate(max)] under max; prior registration was null
2023-11-24 12:36:41,396 DEBUG o.h.q.s.f.SqmFunctionRegistry [SqmFunctionRegistry.java:90] Registered SqmFunctionTemplate [NamedSqmFunctionTemplate(min)] under min; prior registration was null
2023-11-24 12:36:41,397 DEBUG o.h.q.s.f.SqmFunctionRegistry [SqmFunctionRegistry.java:90] Registered SqmFunctionTemplate [NamedSqmFunctionTemplate(sum)] under sum; prior registration was null
2023-11-24 12:36:41,397 DEBUG o.h.q.s.f.SqmFunctionRegistry [SqmFunctionRegistry.java:90] Registered SqmFunctionTemplate [NamedSqmFunctionTemplate(avg)] under avg; prior registration was null
2023-11-24 12:36:41,397 DEBUG o.h.q.s.f.SqmFunctionRegistry [SqmFunctionRegistry.java:90] Registered SqmFunctionTemplate [org.hibernate.dialect.function.CountFunction@6232a084] under count; prior registration was null
2023-11-24 12:36:41,398 DEBUG o.h.q.s.f.SqmFunctionRegistry [SqmFunctionRegistry.java:90] Registered SqmFunctionTemplate [org.hibernate.dialect.function.EveryAnyEmulation@4776bc5a] under every; prior registration was null
2023-11-24 12:36:41,398 DEBUG o.h.q.s.f.SqmFunctionRegistry [SqmFunctionRegistry.java:90] Registered SqmFunctionTemplate [org.hibernate.dialect.function.EveryAnyEmulation@eae2dc6] under any; prior registration was null
2023-11-24 12:36:41,398 DEBUG o.h.q.s.f.SqmFunctionRegistry [SqmFunctionRegistry.java:90] Registered SqmFunctionTemplate [NamedSqmFunctionTemplate(floor)] under floor; prior registration was null
2023-11-24 12:36:41,398 DEBUG o.h.q.s.f.SqmFunctionRegistry [SqmFunctionRegistry.java:90] Registered SqmFunctionTemplate [NamedSqmFunctionTemplate(ceiling)] under ceiling; prior registration was null
2023-11-24 12:36:41,399 DEBUG o.h.q.s.f.SqmFunctionRegistry [SqmFunctionRegistry.java:90] Registered SqmFunctionTemplate [NamedSqmFunctionTemplate(mod)] under mod; prior registration was null
2023-11-24 12:36:41,399 DEBUG o.h.q.s.f.SqmFunctionRegistry [SqmFunctionRegistry.java:90] Registered SqmFunctionTemplate [NamedSqmFunctionTemplate(abs)] under abs; prior registration was null
2023-11-24 12:36:41,399 DEBUG o.h.q.s.f.SqmFunctionRegistry [SqmFunctionRegistry.java:90] Registered SqmFunctionTemplate [NamedSqmFunctionTemplate(sign)] under sign; prior registration was null
2023-11-24 12:36:41,399 DEBUG o.h.q.s.f.SqmFunctionRegistry [SqmFunctionRegistry.java:90] Registered SqmFunctionTemplate [NamedSqmFunctionTemplate(sqrt)] under sqrt; prior registration was null
2023-11-24 12:36:41,399 DEBUG o.h.q.s.f.SqmFunctionRegistry [SqmFunctionRegistry.java:90] Registered SqmFunctionTemplate [NamedSqmFunctionTemplate(ln)] under ln; prior registration was null
2023-11-24 12:36:41,399 DEBUG o.h.q.s.f.SqmFunctionRegistry [SqmFunctionRegistry.java:90] Registered SqmFunctionTemplate [NamedSqmFunctionTemplate(exp)] under exp; prior registration was null
2023-11-24 12:36:41,400 DEBUG o.h.q.s.f.SqmFunctionRegistry [SqmFunctionRegistry.java:90] Registered SqmFunctionTemplate [NamedSqmFunctionTemplate(power)] under power; prior registration was null
2023-11-24 12:36:41,400 DEBUG o.h.q.s.f.SqmFunctionRegistry [SqmFunctionRegistry.java:90] Registered SqmFunctionTemplate [NamedSqmFunctionTemplate(round)] under round; prior registration was null
2023-11-24 12:36:41,400 DEBUG o.h.q.s.f.SqmFunctionRegistry [SqmFunctionRegistry.java:90] Registered SqmFunctionTemplate [NamedSqmFunctionTemplate(sin)] under sin; prior registration was null
2023-11-24 12:36:41,400 DEBUG o.h.q.s.f.SqmFunctionRegistry [SqmFunctionRegistry.java:90] Registered SqmFunctionTemplate [NamedSqmFunctionTemplate(cos)] under cos; prior registration was null
2023-11-24 12:36:41,400 DEBUG o.h.q.s.f.SqmFunctionRegistry [SqmFunctionRegistry.java:90] Registered SqmFunctionTemplate [NamedSqmFunctionTemplate(tan)] under tan; prior registration was null
2023-11-24 12:36:41,401 DEBUG o.h.q.s.f.SqmFunctionRegistry [SqmFunctionRegistry.java:90] Registered SqmFunctionTemplate [NamedSqmFunctionTemplate(asin)] under asin; prior registration was null
2023-11-24 12:36:41,401 DEBUG o.h.q.s.f.SqmFunctionRegistry [SqmFunctionRegistry.java:90] Registered SqmFunctionTemplate [NamedSqmFunctionTemplate(acos)] under acos; prior registration was null
2023-11-24 12:36:41,401 DEBUG o.h.q.s.f.SqmFunctionRegistry [SqmFunctionRegistry.java:90] Registered SqmFunctionTemplate [NamedSqmFunctionTemplate(atan)] under atan; prior registration was null
2023-11-24 12:36:41,401 DEBUG o.h.q.s.f.SqmFunctionRegistry [SqmFunctionRegistry.java:90] Registered SqmFunctionTemplate [NamedSqmFunctionTemplate(atan2)] under atan2; prior registration was null
2023-11-24 12:36:41,401 DEBUG o.h.q.s.f.SqmFunctionRegistry [SqmFunctionRegistry.java:90] Registered SqmFunctionTemplate [org.hibernate.query.sqm.function.PatternBasedSqmFunctionDescriptor@53ca8db4] under sinh; prior registration was null
2023-11-24 12:36:41,401 DEBUG o.h.q.s.f.SqmFunctionRegistry [SqmFunctionRegistry.java:90] Registered SqmFunctionTemplate [org.hibernate.query.sqm.function.PatternBasedSqmFunctionDescriptor@240b31c9] under cosh; prior registration was null
2023-11-24 12:36:41,401 DEBUG o.h.q.s.f.SqmFunctionRegistry [SqmFunctionRegistry.java:90] Registered SqmFunctionTemplate [org.hibernate.query.sqm.function.PatternBasedSqmFunctionDescriptor@566ddd7e] under tanh; prior registration was null
2023-11-24 12:36:41,402 DEBUG o.h.q.s.f.SqmFunctionRegistry [SqmFunctionRegistry.java:90] Registered SqmFunctionTemplate [org.hibernate.query.sqm.function.PatternBasedSqmFunctionDescriptor@29520a68] under pi; prior registration was null
2023-11-24 12:36:41,402 DEBUG o.h.q.s.f.SqmFunctionRegistry [SqmFunctionRegistry.java:90] Registered SqmFunctionTemplate [org.hibernate.query.sqm.function.PatternBasedSqmFunctionDescriptor@2ef295db] under log; prior registration was null
2023-11-24 12:36:41,402 DEBUG o.h.q.s.f.SqmFunctionRegistry [SqmFunctionRegistry.java:90] Registered SqmFunctionTemplate [NamedSqmFunctionTemplate(coalesce)] under coalesce; prior registration was null
2023-11-24 12:36:41,402 DEBUG o.h.q.s.f.SqmFunctionRegistry [SqmFunctionRegistry.java:90] Registered SqmFunctionTemplate [NamedSqmFunctionTemplate(nullif)] under nullif; prior registration was null
2023-11-24 12:36:41,402 DEBUG o.h.q.s.f.SqmFunctionRegistry [SqmFunctionRegistry.java:90] Registered SqmFunctionTemplate [NamedSqmFunctionTemplate(left)] under left; prior registration was null
2023-11-24 12:36:41,402 DEBUG o.h.q.s.f.SqmFunctionRegistry [SqmFunctionRegistry.java:90] Registered SqmFunctionTemplate [NamedSqmFunctionTemplate(right)] under right; prior registration was null
2023-11-24 12:36:41,402 DEBUG o.h.q.s.f.SqmFunctionRegistry [SqmFunctionRegistry.java:90] Registered SqmFunctionTemplate [NamedSqmFunctionTemplate(replace)] under replace; prior registration was null
2023-11-24 12:36:41,402 DEBUG o.h.q.s.f.SqmFunctionRegistry [SqmFunctionRegistry.java:90] Registered SqmFunctionTemplate [NamedSqmFunctionTemplate(concat)] under concat; prior registration was null
2023-11-24 12:36:41,403 DEBUG o.h.q.s.f.SqmFunctionRegistry [SqmFunctionRegistry.java:90] Registered SqmFunctionTemplate [NamedSqmFunctionTemplate(lower)] under lower; prior registration was null
2023-11-24 12:36:41,403 DEBUG o.h.q.s.f.SqmFunctionRegistry [SqmFunctionRegistry.java:90] Registered SqmFunctionTemplate [NamedSqmFunctionTemplate(upper)] under upper; prior registration was null
2023-11-24 12:36:41,403 DEBUG o.h.q.s.f.SqmFunctionRegistry [SqmFunctionRegistry.java:90] Registered SqmFunctionTemplate [NamedSqmFunctionTemplate(substring)] under substring; prior registration was null
2023-11-24 12:36:41,403 DEBUG o.h.q.s.f.SqmFunctionRegistry [SqmFunctionRegistry.java:90] Registered SqmFunctionTemplate [NamedSqmFunctionTemplate(locate)] under locate; prior registration was null
2023-11-24 12:36:41,403 DEBUG o.h.q.s.f.SqmFunctionRegistry [SqmFunctionRegistry.java:90] Registered SqmFunctionTemplate [NamedSqmFunctionTemplate(character_length)] under character_length; prior registration was null
2023-11-24 12:36:41,403 DEBUG o.h.q.s.f.SqmFunctionRegistry [SqmFunctionRegistry.java:307] Registering alternate key : length -> character_length
2023-11-24 12:36:41,403 DEBUG o.h.q.s.f.SqmFunctionRegistry [SqmFunctionRegistry.java:90] Registered SqmFunctionTemplate [org.hibernate.dialect.function.LocatePositionEmulation@538a7cb5] under position; prior registration was null
2023-11-24 12:36:41,404 DEBUG o.h.q.s.f.SqmFunctionRegistry [SqmFunctionRegistry.java:90] Registered SqmFunctionTemplate [org.hibernate.dialect.function.InsertSubstringOverlayEmulation@6b34dd97] under overlay; prior registration was null
2023-11-24 12:36:41,404 DEBUG o.h.q.s.f.SqmFunctionRegistry [SqmFunctionRegistry.java:90] Registered SqmFunctionTemplate [org.hibernate.dialect.function.TrimFunction@520c9bd3] under trim; prior registration was null
2023-11-24 12:36:41,404 DEBUG o.h.q.s.f.SqmFunctionRegistry [SqmFunctionRegistry.java:90] Registered SqmFunctionTemplate [org.hibernate.dialect.function.CastFunction@686a8004] under cast; prior registration was null
2023-11-24 12:36:41,404 DEBUG o.h.q.s.f.SqmFunctionRegistry [SqmFunctionRegistry.java:90] Registered SqmFunctionTemplate [org.hibernate.query.sqm.function.PatternBasedSqmFunctionDescriptor@68053668] under collate; prior registration was null
2023-11-24 12:36:41,404 DEBUG o.h.q.s.f.SqmFunctionRegistry [SqmFunctionRegistry.java:90] Registered SqmFunctionTemplate [org.hibernate.dialect.function.ExtractFunction@2510869a] under extract; prior registration was null
2023-11-24 12:36:41,404 DEBUG o.h.q.s.f.SqmFunctionRegistry [SqmFunctionRegistry.java:90] Registered SqmFunctionTemplate [NamedSqmFunctionTemplate(least)] under least; prior registration was null
2023-11-24 12:36:41,405 DEBUG o.h.q.s.f.SqmFunctionRegistry [SqmFunctionRegistry.java:90] Registered SqmFunctionTemplate [NamedSqmFunctionTemplate(greatest)] under greatest; prior registration was null
2023-11-24 12:36:41,405 DEBUG o.h.q.s.f.SqmFunctionRegistry [SqmFunctionRegistry.java:90] Registered SqmFunctionTemplate [org.hibernate.dialect.function.CoalesceIfnullEmulation@13f443e8] under ifnull; prior registration was null
2023-11-24 12:36:41,405 DEBUG o.h.q.s.f.SqmFunctionRegistry [SqmFunctionRegistry.java:90] Registered SqmFunctionTemplate [NamedSqmFunctionTemplate(lpad)] under lpad; prior registration was null
2023-11-24 12:36:41,405 DEBUG o.h.q.s.f.SqmFunctionRegistry [SqmFunctionRegistry.java:90] Registered SqmFunctionTemplate [NamedSqmFunctionTemplate(rpad)] under rpad; prior registration was null
2023-11-24 12:36:41,405 DEBUG o.h.q.s.f.SqmFunctionRegistry [SqmFunctionRegistry.java:90] Registered SqmFunctionTemplate [org.hibernate.dialect.function.LpadRpadPadEmulation@2fa29b32] under pad; prior registration was null
2023-11-24 12:36:41,405 DEBUG o.h.q.s.f.SqmFunctionRegistry [SqmFunctionRegistry.java:90] Registered SqmFunctionTemplate [org.hibernate.dialect.function.CastStrEmulation@6e554ed8] under str; prior registration was null
2023-11-24 12:36:41,406 DEBUG o.h.q.s.f.SqmFunctionRegistry [SqmFunctionRegistry.java:90] Registered SqmFunctionTemplate [org.hibernate.dialect.function.FormatFunction@4f5021de] under format; prior registration was null
2023-11-24 12:36:41,406 DEBUG o.h.q.s.f.SqmFunctionRegistry [SqmFunctionRegistry.java:90] Registered SqmFunctionTemplate [org.hibernate.dialect.function.TimestampaddFunction@7e8ad0df] under timestampadd; prior registration was null
2023-11-24 12:36:41,406 DEBUG o.h.q.s.f.SqmFunctionRegistry [SqmFunctionRegistry.java:90] Registered SqmFunctionTemplate [org.hibernate.dialect.function.TimestampdiffFunction@454abf37] under timestampdiff; prior registration was null
2023-11-24 12:36:41,406 DEBUG o.h.q.s.f.SqmFunctionRegistry [SqmFunctionRegistry.java:307] Registering alternate key : dateadd -> timestampadd
2023-11-24 12:36:41,406 DEBUG o.h.q.s.f.SqmFunctionRegistry [SqmFunctionRegistry.java:307] Registering alternate key : datediff -> timestampdiff
2023-11-24 12:36:41,407 DEBUG o.h.q.s.f.SqmFunctionRegistry [SqmFunctionRegistry.java:90] Registered SqmFunctionTemplate [org.hibernate.dialect.function.CurrentFunction@12d1ac8] under current_date; prior registration was null
2023-11-24 12:36:41,407 DEBUG o.h.q.s.f.SqmFunctionRegistry [SqmFunctionRegistry.java:90] Registered SqmFunctionTemplate [org.hibernate.dialect.function.CurrentFunction@4f3d95e2] under current_time; prior registration was null
2023-11-24 12:36:41,407 DEBUG o.h.q.s.f.SqmFunctionRegistry [SqmFunctionRegistry.java:90] Registered SqmFunctionTemplate [org.hibernate.dialect.function.CurrentFunction@6799b8f2] under current_timestamp; prior registration was null
2023-11-24 12:36:41,408 DEBUG o.h.q.s.f.SqmFunctionRegistry [SqmFunctionRegistry.java:307] Registering alternate key : current date -> current_date
2023-11-24 12:36:41,408 DEBUG o.h.q.s.f.SqmFunctionRegistry [SqmFunctionRegistry.java:307] Registering alternate key : current time -> current_time
2023-11-24 12:36:41,408 DEBUG o.h.q.s.f.SqmFunctionRegistry [SqmFunctionRegistry.java:307] Registering alternate key : current timestamp -> current_timestamp
2023-11-24 12:36:41,408 DEBUG o.h.q.s.f.SqmFunctionRegistry [SqmFunctionRegistry.java:90] Registered SqmFunctionTemplate [org.hibernate.dialect.function.CurrentFunction@773a1031] under local_date; prior registration was null
2023-11-24 12:36:41,408 DEBUG o.h.q.s.f.SqmFunctionRegistry [SqmFunctionRegistry.java:90] Registered SqmFunctionTemplate [org.hibernate.dialect.function.CurrentFunction@1ea8af44] under local_time; prior registration was null
2023-11-24 12:36:41,408 DEBUG o.h.q.s.f.SqmFunctionRegistry [SqmFunctionRegistry.java:90] Registered SqmFunctionTemplate [org.hibernate.dialect.function.CurrentFunction@3d99abf6] under local_datetime; prior registration was null
2023-11-24 12:36:41,409 DEBUG o.h.q.s.f.SqmFunctionRegistry [SqmFunctionRegistry.java:90] Registered SqmFunctionTemplate [org.hibernate.dialect.function.CurrentFunction@17edda9f] under offset_datetime; prior registration was null
2023-11-24 12:36:41,409 DEBUG o.h.q.s.f.SqmFunctionRegistry [SqmFunctionRegistry.java:307] Registering alternate key : local date -> local_date
2023-11-24 12:36:41,409 DEBUG o.h.q.s.f.SqmFunctionRegistry [SqmFunctionRegistry.java:307] Registering alternate key : local time -> local_time
2023-11-24 12:36:41,409 DEBUG o.h.q.s.f.SqmFunctionRegistry [SqmFunctionRegistry.java:307] Registering alternate key : local datetime -> local_datetime
2023-11-24 12:36:41,409 DEBUG o.h.q.s.f.SqmFunctionRegistry [SqmFunctionRegistry.java:307] Registering alternate key : offset datetime -> offset_datetime
2023-11-24 12:36:41,409 DEBUG o.h.q.s.f.SqmFunctionRegistry [SqmFunctionRegistry.java:90] Registered SqmFunctionTemplate [org.hibernate.dialect.function.CurrentFunction@3071fbcb] under instant; prior registration was null
2023-11-24 12:36:41,409 DEBUG o.h.q.s.f.SqmFunctionRegistry [SqmFunctionRegistry.java:307] Registering alternate key : current_instant -> instant
2023-11-24 12:36:41,410 DEBUG o.h.q.s.f.SqmFunctionRegistry [SqmFunctionRegistry.java:90] Registered SqmFunctionTemplate [org.hibernate.dialect.function.SqlFunction@6b78a00e] under sql; prior registration was null
2023-11-24 12:36:41,410 DEBUG o.h.q.s.f.SqmFunctionRegistry [SqmFunctionRegistry.java:90] Registered SqmFunctionTemplate [NamedSqmFunctionTemplate(soundex)] under soundex; prior registration was null
2023-11-24 12:36:41,410 DEBUG o.h.q.s.f.SqmFunctionRegistry [SqmFunctionRegistry.java:90] Registered SqmFunctionTemplate [NamedSqmFunctionTemplate(radians)] under radians; prior registration was null
2023-11-24 12:36:41,410 DEBUG o.h.q.s.f.SqmFunctionRegistry [SqmFunctionRegistry.java:90] Registered SqmFunctionTemplate [NamedSqmFunctionTemplate(degrees)] under degrees; prior registration was null
2023-11-24 12:36:41,410 DEBUG o.h.q.s.f.SqmFunctionRegistry [SqmFunctionRegistry.java:90] Registered SqmFunctionTemplate [NamedSqmFunctionTemplate(cot)] under cot; prior registration was null
2023-11-24 12:36:41,410 DEBUG o.h.q.s.f.SqmFunctionRegistry [SqmFunctionRegistry.java:90] Registered SqmFunctionTemplate [NamedSqmFunctionTemplate(log)] under log; prior registration was org.hibernate.query.sqm.function.PatternBasedSqmFunctionDescriptor@2ef295db
2023-11-24 12:36:41,410 DEBUG o.h.q.s.f.SqmFunctionRegistry [SqmFunctionRegistry.java:90] Registered SqmFunctionTemplate [NamedSqmFunctionTemplate(log2)] under log2; prior registration was null
2023-11-24 12:36:41,410 DEBUG o.h.q.s.f.SqmFunctionRegistry [SqmFunctionRegistry.java:90] Registered SqmFunctionTemplate [NamedSqmFunctionTemplate(log10)] under log10; prior registration was null
2023-11-24 12:36:41,411 DEBUG o.h.q.s.f.SqmFunctionRegistry [SqmFunctionRegistry.java:90] Registered SqmFunctionTemplate [NamedSqmFunctionTemplate(ltrim)] under ltrim; prior registration was null
2023-11-24 12:36:41,411 DEBUG o.h.q.s.f.SqmFunctionRegistry [SqmFunctionRegistry.java:90] Registered SqmFunctionTemplate [NamedSqmFunctionTemplate(rtrim)] under rtrim; prior registration was null
2023-11-24 12:36:41,411 DEBUG o.h.q.s.f.SqmFunctionRegistry [SqmFunctionRegistry.java:90] Registered SqmFunctionTemplate [NamedSqmFunctionTemplate(octet_length)] under octet_length; prior registration was null
2023-11-24 12:36:41,411 DEBUG o.h.q.s.f.SqmFunctionRegistry [SqmFunctionRegistry.java:90] Registered SqmFunctionTemplate [NamedSqmFunctionTemplate(reverse)] under reverse; prior registration was null
2023-11-24 12:36:41,411 DEBUG o.h.q.s.f.SqmFunctionRegistry [SqmFunctionRegistry.java:90] Registered SqmFunctionTemplate [NamedSqmFunctionTemplate(space)] under space; prior registration was null
2023-11-24 12:36:41,411 DEBUG o.h.q.s.f.SqmFunctionRegistry [SqmFunctionRegistry.java:90] Registered SqmFunctionTemplate [NamedSqmFunctionTemplate(repeat)] under repeat; prior registration was null
2023-11-24 12:36:41,411 DEBUG o.h.q.s.f.SqmFunctionRegistry [SqmFunctionRegistry.java:90] Registered SqmFunctionTemplate [org.hibernate.query.sqm.function.MultipatternSqmFunctionDescriptor@1b4e608c] under lpad; prior registration was NamedSqmFunctionTemplate(lpad)
2023-11-24 12:36:41,412 DEBUG o.h.q.s.f.SqmFunctionRegistry [SqmFunctionRegistry.java:90] Registered SqmFunctionTemplate [org.hibernate.query.sqm.function.MultipatternSqmFunctionDescriptor@620e7858] under rpad; prior registration was NamedSqmFunctionTemplate(rpad)
2023-11-24 12:36:41,412 DEBUG o.h.q.s.f.SqmFunctionRegistry [SqmFunctionRegistry.java:90] Registered SqmFunctionTemplate [NamedSqmFunctionTemplate(md5)] under md5; prior registration was null
2023-11-24 12:36:41,412 DEBUG o.h.q.s.f.SqmFunctionRegistry [SqmFunctionRegistry.java:90] Registered SqmFunctionTemplate [NamedSqmFunctionTemplate(day)] under day; prior registration was null
2023-11-24 12:36:41,412 DEBUG o.h.q.s.f.SqmFunctionRegistry [SqmFunctionRegistry.java:90] Registered SqmFunctionTemplate [NamedSqmFunctionTemplate(month)] under month; prior registration was null
2023-11-24 12:36:41,412 DEBUG o.h.q.s.f.SqmFunctionRegistry [SqmFunctionRegistry.java:90] Registered SqmFunctionTemplate [NamedSqmFunctionTemplate(year)] under year; prior registration was null
2023-11-24 12:36:41,412 DEBUG o.h.q.s.f.SqmFunctionRegistry [SqmFunctionRegistry.java:90] Registered SqmFunctionTemplate [NamedSqmFunctionTemplate(hour)] under hour; prior registration was null
2023-11-24 12:36:41,412 DEBUG o.h.q.s.f.SqmFunctionRegistry [SqmFunctionRegistry.java:90] Registered SqmFunctionTemplate [NamedSqmFunctionTemplate(minute)] under minute; prior registration was null
2023-11-24 12:36:41,413 DEBUG o.h.q.s.f.SqmFunctionRegistry [SqmFunctionRegistry.java:90] Registered SqmFunctionTemplate [NamedSqmFunctionTemplate(second)] under second; prior registration was null
2023-11-24 12:36:41,413 DEBUG o.h.q.s.f.SqmFunctionRegistry [SqmFunctionRegistry.java:90] Registered SqmFunctionTemplate [NamedSqmFunctionTemplate(microsecond)] under microsecond; prior registration was null
2023-11-24 12:36:41,413 DEBUG o.h.q.s.f.SqmFunctionRegistry [SqmFunctionRegistry.java:90] Registered SqmFunctionTemplate [NamedSqmFunctionTemplate(dayofweek)] under dayofweek; prior registration was null
2023-11-24 12:36:41,413 DEBUG o.h.q.s.f.SqmFunctionRegistry [SqmFunctionRegistry.java:90] Registered SqmFunctionTemplate [NamedSqmFunctionTemplate(dayofmonth)] under dayofmonth; prior registration was null
2023-11-24 12:36:41,413 DEBUG o.h.q.s.f.SqmFunctionRegistry [SqmFunctionRegistry.java:307] Registering alternate key : day -> dayofmonth
2023-11-24 12:36:41,413 DEBUG o.h.q.s.f.SqmFunctionRegistry [SqmFunctionRegistry.java:90] Registered SqmFunctionTemplate [NamedSqmFunctionTemplate(dayofyear)] under dayofyear; prior registration was null
2023-11-24 12:36:41,413 DEBUG o.h.q.s.f.SqmFunctionRegistry [SqmFunctionRegistry.java:90] Registered SqmFunctionTemplate [NamedSqmFunctionTemplate(week)] under week; prior registration was null
2023-11-24 12:36:41,414 DEBUG o.h.q.s.f.SqmFunctionRegistry [SqmFunctionRegistry.java:90] Registered SqmFunctionTemplate [NamedSqmFunctionTemplate(quarter)] under quarter; prior registration was null
2023-11-24 12:36:41,414 DEBUG o.h.q.s.f.SqmFunctionRegistry [SqmFunctionRegistry.java:90] Registered SqmFunctionTemplate [NamedSqmFunctionTemplate(monthname)] under monthname; prior registration was null
2023-11-24 12:36:41,414 DEBUG o.h.q.s.f.SqmFunctionRegistry [SqmFunctionRegistry.java:90] Registered SqmFunctionTemplate [NamedSqmFunctionTemplate(dayname)] under dayname; prior registration was null
2023-11-24 12:36:41,414 DEBUG o.h.q.s.f.SqmFunctionRegistry [SqmFunctionRegistry.java:90] Registered SqmFunctionTemplate [NamedSqmFunctionTemplate(last_day)] under last_day; prior registration was null
2023-11-24 12:36:41,414 DEBUG o.h.q.s.f.SqmFunctionRegistry [SqmFunctionRegistry.java:90] Registered SqmFunctionTemplate [NamedSqmFunctionTemplate(date)] under date; prior registration was null
2023-11-24 12:36:41,414 DEBUG o.h.q.s.f.SqmFunctionRegistry [SqmFunctionRegistry.java:90] Registered SqmFunctionTemplate [NamedSqmFunctionTemplate(timestamp)] under timestamp; prior registration was null
2023-11-24 12:36:41,414 DEBUG o.h.q.s.f.SqmFunctionRegistry [SqmFunctionRegistry.java:90] Registered SqmFunctionTemplate [NamedSqmFunctionTemplate(time)] under time; prior registration was null
2023-11-24 12:36:41,415 DEBUG o.h.q.s.f.SqmFunctionRegistry [SqmFunctionRegistry.java:90] Registered SqmFunctionTemplate [NamedSqmFunctionTemplate(utc_date)] under utc_date; prior registration was null
2023-11-24 12:36:41,415 DEBUG o.h.q.s.f.SqmFunctionRegistry [SqmFunctionRegistry.java:90] Registered SqmFunctionTemplate [NamedSqmFunctionTemplate(utc_time)] under utc_time; prior registration was null
2023-11-24 12:36:41,415 DEBUG o.h.q.s.f.SqmFunctionRegistry [SqmFunctionRegistry.java:90] Registered SqmFunctionTemplate [NamedSqmFunctionTemplate(utc_timestamp)] under utc_timestamp; prior registration was null
2023-11-24 12:36:41,415 DEBUG o.h.q.s.f.SqmFunctionRegistry [SqmFunctionRegistry.java:90] Registered SqmFunctionTemplate [NamedSqmFunctionTemplate(rand)] under rand; prior registration was null
2023-11-24 12:36:41,415 DEBUG o.h.q.s.f.SqmFunctionRegistry [SqmFunctionRegistry.java:90] Registered SqmFunctionTemplate [NamedSqmFunctionTemplate(crc32)] under crc32; prior registration was null
2023-11-24 12:36:41,415 DEBUG o.h.q.s.f.SqmFunctionRegistry [SqmFunctionRegistry.java:90] Registered SqmFunctionTemplate [NamedSqmFunctionTemplate(sha1)] under sha1; prior registration was null
2023-11-24 12:36:41,415 DEBUG o.h.q.s.f.SqmFunctionRegistry [SqmFunctionRegistry.java:90] Registered SqmFunctionTemplate [NamedSqmFunctionTemplate(sha2)] under sha2; prior registration was null
2023-11-24 12:36:41,416 DEBUG o.h.q.s.f.SqmFunctionRegistry [SqmFunctionRegistry.java:90] Registered SqmFunctionTemplate [NamedSqmFunctionTemplate(sha)] under sha; prior registration was null
2023-11-24 12:36:41,416 DEBUG o.h.q.s.f.SqmFunctionRegistry [SqmFunctionRegistry.java:90] Registered SqmFunctionTemplate [NamedSqmFunctionTemplate(bit_length)] under bit_length; prior registration was null
2023-11-24 12:36:41,416 DEBUG o.h.q.s.f.SqmFunctionRegistry [SqmFunctionRegistry.java:90] Registered SqmFunctionTemplate [NamedSqmFunctionTemplate(octet_length)] under octet_length; prior registration was NamedSqmFunctionTemplate(octet_length)
2023-11-24 12:36:41,416 DEBUG o.h.q.s.f.SqmFunctionRegistry [SqmFunctionRegistry.java:90] Registered SqmFunctionTemplate [NamedSqmFunctionTemplate(ascii)] under ascii; prior registration was null
2023-11-24 12:36:41,416 DEBUG o.h.q.s.f.SqmFunctionRegistry [SqmFunctionRegistry.java:90] Registered SqmFunctionTemplate [NamedSqmFunctionTemplate(instr)] under instr; prior registration was null
2023-11-24 12:36:41,416 DEBUG o.h.q.s.f.SqmFunctionRegistry [SqmFunctionRegistry.java:90] Registered SqmFunctionTemplate [NamedSqmFunctionTemplate(substr)] under substr; prior registration was null
2023-11-24 12:36:41,416 DEBUG o.h.q.s.f.SqmFunctionRegistry [SqmFunctionRegistry.java:90] Registered SqmFunctionTemplate [org.hibernate.query.sqm.function.PatternBasedSqmFunctionDescriptor@5d1e7871] under position; prior registration was org.hibernate.dialect.function.LocatePositionEmulation@538a7cb5
2023-11-24 12:36:41,417 DEBUG o.h.q.s.f.SqmFunctionRegistry [SqmFunctionRegistry.java:90] Registered SqmFunctionTemplate [NamedSqmFunctionTemplate(curtime)] under curtime; prior registration was null
2023-11-24 12:36:41,417 DEBUG o.h.q.s.f.SqmFunctionRegistry [SqmFunctionRegistry.java:90] Registered SqmFunctionTemplate [NamedSqmFunctionTemplate(curdate)] under curdate; prior registration was null
2023-11-24 12:36:41,417 DEBUG o.h.q.s.f.SqmFunctionRegistry [SqmFunctionRegistry.java:90] Registered SqmFunctionTemplate [NamedSqmFunctionTemplate(now)] under now; prior registration was null
2023-11-24 12:36:41,417 DEBUG o.h.q.s.f.SqmFunctionRegistry [SqmFunctionRegistry.java:90] Registered SqmFunctionTemplate [org.hibernate.dialect.function.TruncFunction@7348cb0c] under trunc; prior registration was null
2023-11-24 12:36:41,417 DEBUG o.h.q.s.f.SqmFunctionRegistry [SqmFunctionRegistry.java:307] Registering alternate key : truncate -> trunc
2023-11-24 12:36:41,417 DEBUG o.h.q.s.f.SqmFunctionRegistry [SqmFunctionRegistry.java:90] Registered SqmFunctionTemplate [NamedSqmFunctionTemplate(insert)] under insert; prior registration was null
2023-11-24 12:36:41,418 DEBUG o.h.q.s.f.SqmFunctionRegistry [SqmFunctionRegistry.java:90] Registered SqmFunctionTemplate [org.hibernate.query.sqm.function.PatternBasedSqmFunctionDescriptor@1b6a9fe9] under bitand; prior registration was null
2023-11-24 12:36:41,418 DEBUG o.h.q.s.f.SqmFunctionRegistry [SqmFunctionRegistry.java:90] Registered SqmFunctionTemplate [org.hibernate.query.sqm.function.PatternBasedSqmFunctionDescriptor@ab7f864] under bitor; prior registration was null
2023-11-24 12:36:41,418 DEBUG o.h.q.s.f.SqmFunctionRegistry [SqmFunctionRegistry.java:90] Registered SqmFunctionTemplate [org.hibernate.query.sqm.function.PatternBasedSqmFunctionDescriptor@2444c4b3] under bitxor; prior registration was null
2023-11-24 12:36:41,418 DEBUG o.h.q.s.f.SqmFunctionRegistry [SqmFunctionRegistry.java:90] Registered SqmFunctionTemplate [org.hibernate.query.sqm.function.PatternBasedSqmFunctionDescriptor@11e16b9c] under bitnot; prior registration was null
2023-11-24 12:36:41,418 DEBUG o.h.q.s.f.SqmFunctionRegistry [SqmFunctionRegistry.java:90] Registered SqmFunctionTemplate [NamedSqmFunctionTemplate(bit_and)] under bit_and; prior registration was null
2023-11-24 12:36:41,419 DEBUG o.h.q.s.f.SqmFunctionRegistry [SqmFunctionRegistry.java:90] Registered SqmFunctionTemplate [NamedSqmFunctionTemplate(bit_or)] under bit_or; prior registration was null
2023-11-24 12:36:41,419 DEBUG o.h.q.s.f.SqmFunctionRegistry [SqmFunctionRegistry.java:90] Registered SqmFunctionTemplate [NamedSqmFunctionTemplate(stddev)] under stddev; prior registration was null
2023-11-24 12:36:41,419 DEBUG o.h.q.s.f.SqmFunctionRegistry [SqmFunctionRegistry.java:90] Registered SqmFunctionTemplate [NamedSqmFunctionTemplate(stddev_pop)] under stddev_pop; prior registration was null
2023-11-24 12:36:41,419 DEBUG o.h.q.s.f.SqmFunctionRegistry [SqmFunctionRegistry.java:90] Registered SqmFunctionTemplate [NamedSqmFunctionTemplate(stddev_samp)] under stddev_samp; prior registration was null
2023-11-24 12:36:41,420 DEBUG o.h.q.s.f.SqmFunctionRegistry [SqmFunctionRegistry.java:90] Registered SqmFunctionTemplate [NamedSqmFunctionTemplate(variance)] under variance; prior registration was null
2023-11-24 12:36:41,420 DEBUG o.h.q.s.f.SqmFunctionRegistry [SqmFunctionRegistry.java:90] Registered SqmFunctionTemplate [NamedSqmFunctionTemplate(var_pop)] under var_pop; prior registration was null
2023-11-24 12:36:41,420 DEBUG o.h.q.s.f.SqmFunctionRegistry [SqmFunctionRegistry.java:90] Registered SqmFunctionTemplate [NamedSqmFunctionTemplate(var_samp)] under var_samp; prior registration was null
2023-11-24 12:36:41,420 DEBUG o.h.q.s.f.SqmFunctionRegistry [SqmFunctionRegistry.java:90] Registered SqmFunctionTemplate [NamedSqmFunctionTemplate(datediff)] under datediff; prior registration was null
2023-11-24 12:36:41,420 DEBUG o.h.q.s.f.SqmFunctionRegistry [SqmFunctionRegistry.java:90] Registered SqmFunctionTemplate [NamedSqmFunctionTemplate(adddate)] under adddate; prior registration was null
2023-11-24 12:36:41,421 DEBUG o.h.q.s.f.SqmFunctionRegistry [SqmFunctionRegistry.java:90] Registered SqmFunctionTemplate [NamedSqmFunctionTemplate(subdate)] under subdate; prior registration was null
2023-11-24 12:36:41,421 DEBUG o.h.q.s.f.SqmFunctionRegistry [SqmFunctionRegistry.java:90] Registered SqmFunctionTemplate [NamedSqmFunctionTemplate(addtime)] under addtime; prior registration was null
2023-11-24 12:36:41,421 DEBUG o.h.q.s.f.SqmFunctionRegistry [SqmFunctionRegistry.java:90] Registered SqmFunctionTemplate [NamedSqmFunctionTemplate(subtime)] under subtime; prior registration was null
2023-11-24 12:36:41,421 DEBUG o.h.q.s.f.SqmFunctionRegistry [SqmFunctionRegistry.java:90] Registered SqmFunctionTemplate [org.hibernate.dialect.function.FormatFunction@5ebb2b9e] under format; prior registration was org.hibernate.dialect.function.FormatFunction@4f5021de
2023-11-24 12:36:41,421 DEBUG o.h.q.s.f.SqmFunctionRegistry [SqmFunctionRegistry.java:90] Registered SqmFunctionTemplate [NamedSqmFunctionTemplate(makedate)] under makedate; prior registration was null
2023-11-24 12:36:41,422 DEBUG o.h.q.s.f.SqmFunctionRegistry [SqmFunctionRegistry.java:90] Registered SqmFunctionTemplate [NamedSqmFunctionTemplate(maketime)] under maketime; prior registration was null
2023-11-24 12:36:41,422 DEBUG o.h.q.s.f.SqmFunctionRegistry [SqmFunctionRegistry.java:90] Registered SqmFunctionTemplate [NamedSqmFunctionTemplate(localtime)] under localtime; prior registration was null
2023-11-24 12:36:41,422 DEBUG o.h.q.s.f.SqmFunctionRegistry [SqmFunctionRegistry.java:90] Registered SqmFunctionTemplate [NamedSqmFunctionTemplate(localtimestamp)] under localtimestamp; prior registration was null
2023-11-24 12:36:41,422 DEBUG o.h.q.s.f.SqmFunctionRegistry [SqmFunctionRegistry.java:90] Registered SqmFunctionTemplate [NamedSqmFunctionTemplate(localtime)] under local_time; prior registration was org.hibernate.dialect.function.CurrentFunction@1ea8af44
2023-11-24 12:36:41,423 DEBUG o.h.q.s.f.SqmFunctionRegistry [SqmFunctionRegistry.java:90] Registered SqmFunctionTemplate [NamedSqmFunctionTemplate(localtimestamp)] under local_datetime; prior registration was org.hibernate.dialect.function.CurrentFunction@3d99abf6
2023-11-24 12:36:41,423 DEBUG o.h.q.s.f.SqmFunctionRegistry [SqmFunctionRegistry.java:90] Registered SqmFunctionTemplate [NamedSqmFunctionTemplate(localtime)] under localtime; prior registration was NamedSqmFunctionTemplate(localtime)
2023-11-24 12:36:41,423 DEBUG o.h.q.s.f.SqmFunctionRegistry [SqmFunctionRegistry.java:90] Registered SqmFunctionTemplate [org.hibernate.query.sqm.function.PatternBasedSqmFunctionDescriptor@6bfa9cf5] under pi; prior registration was org.hibernate.query.sqm.function.PatternBasedSqmFunctionDescriptor@29520a68
2023-11-24 12:36:41,423 DEBUG o.h.q.s.f.SqmFunctionRegistry [SqmFunctionRegistry.java:90] Registered SqmFunctionTemplate [org.hibernate.query.sqm.function.PatternBasedSqmFunctionDescriptor@6919bc65] under chr; prior registration was null
2023-11-24 12:36:41,424 DEBUG o.h.q.s.f.SqmFunctionRegistry [SqmFunctionRegistry.java:307] Registering alternate key : char -> chr
2023-11-24 12:36:41,424 DEBUG o.h.q.s.f.SqmFunctionRegistry [SqmFunctionRegistry.java:90] Registered SqmFunctionTemplate [org.hibernate.query.sqm.function.PatternBasedSqmFunctionDescriptor@73be8751] under sysdate; prior registration was null
2023-11-24 12:36:41,424 DEBUG o.h.q.s.f.SqmFunctionRegistry [SqmFunctionRegistry.java:90] Registered SqmFunctionTemplate [org.hibernate.dialect.function.ListaggGroupConcatEmulation@745eb563] under listagg; prior registration was null
2023-11-24 12:36:41,425 DEBUG o.h.HQL_FUNCTIONS [QueryEngine.java:105] abs(NUMERIC arg)
2023-11-24 12:36:41,425 DEBUG o.h.HQL_FUNCTIONS [QueryEngine.java:105] Double acos(NUMERIC arg)
2023-11-24 12:36:41,425 DEBUG o.h.HQL_FUNCTIONS [QueryEngine.java:105] adddate(DATE datetime, INTEGER days)
2023-11-24 12:36:41,425 DEBUG o.h.HQL_FUNCTIONS [QueryEngine.java:105] addtime(TIME datetime, TIME time)
2023-11-24 12:36:41,425 DEBUG o.h.HQL_FUNCTIONS [QueryEngine.java:105] Boolean any(BOOLEAN arg)
2023-11-24 12:36:41,425 DEBUG o.h.HQL_FUNCTIONS [QueryEngine.java:105] Integer ascii(STRING arg)
2023-11-24 12:36:41,426 DEBUG o.h.HQL_FUNCTIONS [QueryEngine.java:105] Double asin(NUMERIC arg)
2023-11-24 12:36:41,426 DEBUG o.h.HQL_FUNCTIONS [QueryEngine.java:105] Double atan(NUMERIC arg)
2023-11-24 12:36:41,426 DEBUG o.h.HQL_FUNCTIONS [QueryEngine.java:105] Double atan2(NUMERIC arg0, NUMERIC arg1)
2023-11-24 12:36:41,426 DEBUG o.h.HQL_FUNCTIONS [QueryEngine.java:105] Double avg(NUMERIC arg)
2023-11-24 12:36:41,426 DEBUG o.h.HQL_FUNCTIONS [QueryEngine.java:105] bit_and(arg)
2023-11-24 12:36:41,426 DEBUG o.h.HQL_FUNCTIONS [QueryEngine.java:105] Integer bit_length(STRING_OR_CLOB arg)
2023-11-24 12:36:41,426 DEBUG o.h.HQL_FUNCTIONS [QueryEngine.java:105] bit_or(arg)
2023-11-24 12:36:41,426 DEBUG o.h.HQL_FUNCTIONS [QueryEngine.java:105] bitand(arg0, arg1)
2023-11-24 12:36:41,427 DEBUG o.h.HQL_FUNCTIONS [QueryEngine.java:105] bitnot(arg)
2023-11-24 12:36:41,427 DEBUG o.h.HQL_FUNCTIONS [QueryEngine.java:105] bitor(arg0, arg1)
2023-11-24 12:36:41,427 DEBUG o.h.HQL_FUNCTIONS [QueryEngine.java:105] bitxor(arg0, arg1)
2023-11-24 12:36:41,427 DEBUG o.h.HQL_FUNCTIONS [QueryEngine.java:105] cast(arg as Type)
2023-11-24 12:36:41,427 DEBUG o.h.HQL_FUNCTIONS [QueryEngine.java:105] ceiling(NUMERIC arg)
2023-11-24 12:36:41,427 DEBUG o.h.HQL_FUNCTIONS [QueryEngine.java:105] Character char(INTEGER arg)
2023-11-24 12:36:41,427 DEBUG o.h.HQL_FUNCTIONS [QueryEngine.java:105] Integer character_length(STRING_OR_CLOB arg)
2023-11-24 12:36:41,427 DEBUG o.h.HQL_FUNCTIONS [QueryEngine.java:105] Character chr(INTEGER arg)
2023-11-24 12:36:41,427 DEBUG o.h.HQL_FUNCTIONS [QueryEngine.java:105] coalesce(arg0[, arg1[, ...]])
2023-11-24 12:36:41,428 DEBUG o.h.HQL_FUNCTIONS [QueryEngine.java:105] String collate(STRING string as COLLATION collation)
2023-11-24 12:36:41,428 DEBUG o.h.HQL_FUNCTIONS [QueryEngine.java:105] String concat(STRING string0[, STRING string1[, ...]])
2023-11-24 12:36:41,428 DEBUG o.h.HQL_FUNCTIONS [QueryEngine.java:105] Double cos(NUMERIC arg)
2023-11-24 12:36:41,428 DEBUG o.h.HQL_FUNCTIONS [QueryEngine.java:105] Double cosh(NUMERIC arg)
2023-11-24 12:36:41,428 DEBUG o.h.HQL_FUNCTIONS [QueryEngine.java:105] Double cot(NUMERIC arg)
2023-11-24 12:36:41,428 DEBUG o.h.HQL_FUNCTIONS [QueryEngine.java:105] Long count([distinct ]{arg|*})
2023-11-24 12:36:41,428 DEBUG o.h.HQL_FUNCTIONS [QueryEngine.java:105] Integer crc32(arg)
2023-11-24 12:36:41,428 DEBUG o.h.HQL_FUNCTIONS [QueryEngine.java:105] Date curdate()
2023-11-24 12:36:41,429 DEBUG o.h.HQL_FUNCTIONS [QueryEngine.java:105] Date current date
2023-11-24 12:36:41,429 DEBUG o.h.HQL_FUNCTIONS [QueryEngine.java:105] Time current time
2023-11-24 12:36:41,429 DEBUG o.h.HQL_FUNCTIONS [QueryEngine.java:105] Timestamp current timestamp
2023-11-24 12:36:41,429 DEBUG o.h.HQL_FUNCTIONS [QueryEngine.java:105] Date current_date
2023-11-24 12:36:41,429 DEBUG o.h.HQL_FUNCTIONS [QueryEngine.java:105] Instant current_instant
2023-11-24 12:36:41,429 DEBUG o.h.HQL_FUNCTIONS [QueryEngine.java:105] Time current_time
2023-11-24 12:36:41,430 DEBUG o.h.HQL_FUNCTIONS [QueryEngine.java:105] Timestamp current_timestamp
2023-11-24 12:36:41,430 DEBUG o.h.HQL_FUNCTIONS [QueryEngine.java:105] Time curtime()
2023-11-24 12:36:41,430 DEBUG o.h.HQL_FUNCTIONS [QueryEngine.java:105] Date date(arg)
2023-11-24 12:36:41,430 DEBUG o.h.HQL_FUNCTIONS [QueryEngine.java:105] dateadd(TEMPORAL_UNIT field, INTEGER magnitude, TEMPORAL datetime)
2023-11-24 12:36:41,430 DEBUG o.h.HQL_FUNCTIONS [QueryEngine.java:105] Integer datediff(DATE end, DATE start)
2023-11-24 12:36:41,430 DEBUG o.h.HQL_FUNCTIONS [QueryEngine.java:105] Integer day(DATE arg)
2023-11-24 12:36:41,431 DEBUG o.h.HQL_FUNCTIONS [QueryEngine.java:105] String dayname(DATE arg)
2023-11-24 12:36:41,431 DEBUG o.h.HQL_FUNCTIONS [QueryEngine.java:105] Integer dayofmonth(DATE arg)
2023-11-24 12:36:41,431 DEBUG o.h.HQL_FUNCTIONS [QueryEngine.java:105] Integer dayofweek(DATE arg)
2023-11-24 12:36:41,431 DEBUG o.h.HQL_FUNCTIONS [QueryEngine.java:105] Integer dayofyear(DATE arg)
2023-11-24 12:36:41,431 DEBUG o.h.HQL_FUNCTIONS [QueryEngine.java:105] Double degrees(NUMERIC arg)
2023-11-24 12:36:41,431 DEBUG o.h.HQL_FUNCTIONS [QueryEngine.java:105] Boolean every(BOOLEAN arg)
2023-11-24 12:36:41,431 DEBUG o.h.HQL_FUNCTIONS [QueryEngine.java:105] Double exp(NUMERIC arg)
2023-11-24 12:36:41,431 DEBUG o.h.HQL_FUNCTIONS [QueryEngine.java:105] extract(TEMPORAL_UNIT field from TEMPORAL arg)
2023-11-24 12:36:41,432 DEBUG o.h.HQL_FUNCTIONS [QueryEngine.java:105] floor(NUMERIC arg)
2023-11-24 12:36:41,432 DEBUG o.h.HQL_FUNCTIONS [QueryEngine.java:105] String format(TEMPORAL datetime as STRING pattern)
2023-11-24 12:36:41,432 DEBUG o.h.HQL_FUNCTIONS [QueryEngine.java:105] greatest(COMPARABLE arg0, COMPARABLE arg1[, arg2[, ...]])
2023-11-24 12:36:41,432 DEBUG o.h.HQL_FUNCTIONS [QueryEngine.java:105] Integer hour(TIME arg)
2023-11-24 12:36:41,433 DEBUG o.h.HQL_FUNCTIONS [QueryEngine.java:105] ifnull(arg0, arg1)
2023-11-24 12:36:41,433 DEBUG o.h.HQL_FUNCTIONS [QueryEngine.java:105] String insert(STRING string, INTEGER start, INTEGER length, STRING replacement)
2023-11-24 12:36:41,433 DEBUG o.h.HQL_FUNCTIONS [QueryEngine.java:105] Instant instant
2023-11-24 12:36:41,433 DEBUG o.h.HQL_FUNCTIONS [QueryEngine.java:105] Integer instr(STRING string, STRING pattern[, INTEGER start[, INTEGER occurrence]])
2023-11-24 12:36:41,433 DEBUG o.h.HQL_FUNCTIONS [QueryEngine.java:105] Date last_day(DATE arg)
2023-11-24 12:36:41,434 DEBUG o.h.HQL_FUNCTIONS [QueryEngine.java:105] least(COMPARABLE arg0, COMPARABLE arg1[, arg2[, ...]])
2023-11-24 12:36:41,434 DEBUG o.h.HQL_FUNCTIONS [QueryEngine.java:105] String left(STRING string, INTEGER length)
2023-11-24 12:36:41,434 DEBUG o.h.HQL_FUNCTIONS [QueryEngine.java:105] Integer length(STRING_OR_CLOB arg)
2023-11-24 12:36:41,434 DEBUG o.h.HQL_FUNCTIONS [QueryEngine.java:105] String listagg(STRING arg0, STRING arg1)
2023-11-24 12:36:41,435 DEBUG o.h.HQL_FUNCTIONS [QueryEngine.java:105] Double ln(NUMERIC arg)
2023-11-24 12:36:41,435 DEBUG o.h.HQL_FUNCTIONS [QueryEngine.java:105] LocalDate local date
2023-11-24 12:36:41,435 DEBUG o.h.HQL_FUNCTIONS [QueryEngine.java:105] LocalDateTime local datetime
2023-11-24 12:36:41,435 DEBUG o.h.HQL_FUNCTIONS [QueryEngine.java:105] LocalTime local time
2023-11-24 12:36:41,435 DEBUG o.h.HQL_FUNCTIONS [QueryEngine.java:105] LocalDate local_date
2023-11-24 12:36:41,435 DEBUG o.h.HQL_FUNCTIONS [QueryEngine.java:105] LocalDateTime local_datetime
2023-11-24 12:36:41,436 DEBUG o.h.HQL_FUNCTIONS [QueryEngine.java:105] LocalTime local_time
2023-11-24 12:36:41,436 DEBUG o.h.HQL_FUNCTIONS [QueryEngine.java:105] Timestamp localtime
2023-11-24 12:36:41,436 DEBUG o.h.HQL_FUNCTIONS [QueryEngine.java:105] Timestamp localtimestamp
2023-11-24 12:36:41,436 DEBUG o.h.HQL_FUNCTIONS [QueryEngine.java:105] Integer locate(STRING pattern, STRING string[, INTEGER start])
2023-11-24 12:36:41,436 DEBUG o.h.HQL_FUNCTIONS [QueryEngine.java:105] Double log(NUMERIC arg0[, NUMERIC arg1])
2023-11-24 12:36:41,437 DEBUG o.h.HQL_FUNCTIONS [QueryEngine.java:105] Double log10(NUMERIC arg)
2023-11-24 12:36:41,437 DEBUG o.h.HQL_FUNCTIONS [QueryEngine.java:105] Double log2(NUMERIC arg)
2023-11-24 12:36:41,437 DEBUG o.h.HQL_FUNCTIONS [QueryEngine.java:105] String lower(STRING string)
2023-11-24 12:36:41,437 DEBUG o.h.HQL_FUNCTIONS [QueryEngine.java:105] String lpad(string, length[, padding])
2023-11-24 12:36:41,438 DEBUG o.h.HQL_FUNCTIONS [QueryEngine.java:105] String ltrim(STRING string[, STRING characters])
2023-11-24 12:36:41,438 DEBUG o.h.HQL_FUNCTIONS [QueryEngine.java:105] Date makedate(INTEGER year, INTEGER dayofyear)
2023-11-24 12:36:41,438 DEBUG o.h.HQL_FUNCTIONS [QueryEngine.java:105] Time maketime(INTEGER hour, INTEGER min, INTEGER sec)
2023-11-24 12:36:41,438 DEBUG o.h.HQL_FUNCTIONS [QueryEngine.java:105] max(COMPARABLE arg)
2023-11-24 12:36:41,439 DEBUG o.h.HQL_FUNCTIONS [QueryEngine.java:105] String md5(arg)
2023-11-24 12:36:41,439 DEBUG o.h.HQL_FUNCTIONS [QueryEngine.java:105] Integer microsecond(TIME arg)
2023-11-24 12:36:41,439 DEBUG o.h.HQL_FUNCTIONS [QueryEngine.java:105] min(COMPARABLE arg)
2023-11-24 12:36:41,439 DEBUG o.h.HQL_FUNCTIONS [QueryEngine.java:105] Integer minute(TIME arg)
2023-11-24 12:36:41,439 DEBUG o.h.HQL_FUNCTIONS [QueryEngine.java:105] Integer mod(INTEGER arg0, INTEGER arg1)
2023-11-24 12:36:41,439 DEBUG o.h.HQL_FUNCTIONS [QueryEngine.java:105] Integer month(DATE arg)
2023-11-24 12:36:41,440 DEBUG o.h.HQL_FUNCTIONS [QueryEngine.java:105] String monthname(DATE arg)
2023-11-24 12:36:41,440 DEBUG o.h.HQL_FUNCTIONS [QueryEngine.java:105] Timestamp now()
2023-11-24 12:36:41,440 DEBUG o.h.HQL_FUNCTIONS [QueryEngine.java:105] nullif(arg0, arg1)
2023-11-24 12:36:41,440 DEBUG o.h.HQL_FUNCTIONS [QueryEngine.java:105] Integer octet_length(STRING_OR_CLOB arg)
2023-11-24 12:36:41,441 DEBUG o.h.HQL_FUNCTIONS [QueryEngine.java:105] OffsetDateTime offset datetime
2023-11-24 12:36:41,441 DEBUG o.h.HQL_FUNCTIONS [QueryEngine.java:105] OffsetDateTime offset_datetime
2023-11-24 12:36:41,441 DEBUG o.h.HQL_FUNCTIONS [QueryEngine.java:105] String overlay(STRING string placing STRING replacement from INTEGER start[ for INTEGER length])
2023-11-24 12:36:41,441 DEBUG o.h.HQL_FUNCTIONS [QueryEngine.java:105] String pad(STRING string with INTEGER length {leading|trailing}[ STRING character])
2023-11-24 12:36:41,441 DEBUG o.h.HQL_FUNCTIONS [QueryEngine.java:105] Double pi
2023-11-24 12:36:41,442 DEBUG o.h.HQL_FUNCTIONS [QueryEngine.java:105] Integer position(STRING pattern in STRING string)
2023-11-24 12:36:41,442 DEBUG o.h.HQL_FUNCTIONS [QueryEngine.java:105] Double power(NUMERIC arg0, NUMERIC arg1)
2023-11-24 12:36:41,442 DEBUG o.h.HQL_FUNCTIONS [QueryEngine.java:105] Integer quarter(DATE arg)
2023-11-24 12:36:41,442 DEBUG o.h.HQL_FUNCTIONS [QueryEngine.java:105] Double radians(NUMERIC arg)
2023-11-24 12:36:41,442 DEBUG o.h.HQL_FUNCTIONS [QueryEngine.java:105] Double rand([INTEGER seed])
2023-11-24 12:36:41,442 DEBUG o.h.HQL_FUNCTIONS [QueryEngine.java:105] String repeat(STRING string, INTEGER times)
2023-11-24 12:36:41,442 DEBUG o.h.HQL_FUNCTIONS [QueryEngine.java:105] String replace(STRING string, STRING pattern, STRING replacement)
2023-11-24 12:36:41,443 DEBUG o.h.HQL_FUNCTIONS [QueryEngine.java:105] String reverse(STRING arg)
2023-11-24 12:36:41,443 DEBUG o.h.HQL_FUNCTIONS [QueryEngine.java:105] String right(STRING string, INTEGER length)
2023-11-24 12:36:41,443 DEBUG o.h.HQL_FUNCTIONS [QueryEngine.java:105] round(NUMERIC number[, INTEGER places])
2023-11-24 12:36:41,443 DEBUG o.h.HQL_FUNCTIONS [QueryEngine.java:105] String rpad(string, length[, padding])
2023-11-24 12:36:41,443 DEBUG o.h.HQL_FUNCTIONS [QueryEngine.java:105] String rtrim(STRING string[, STRING characters])
2023-11-24 12:36:41,444 DEBUG o.h.HQL_FUNCTIONS [QueryEngine.java:105] Integer second(TIME arg)
2023-11-24 12:36:41,444 DEBUG o.h.HQL_FUNCTIONS [QueryEngine.java:105] String sha(arg)
2023-11-24 12:36:41,444 DEBUG o.h.HQL_FUNCTIONS [QueryEngine.java:105] String sha1(arg)
2023-11-24 12:36:41,444 DEBUG o.h.HQL_FUNCTIONS [QueryEngine.java:105] String sha2(arg0, arg1)
2023-11-24 12:36:41,444 DEBUG o.h.HQL_FUNCTIONS [QueryEngine.java:105] Integer sign(NUMERIC arg)
2023-11-24 12:36:41,445 DEBUG o.h.HQL_FUNCTIONS [QueryEngine.java:105] Double sin(NUMERIC arg)
2023-11-24 12:36:41,445 DEBUG o.h.HQL_FUNCTIONS [QueryEngine.java:105] Double sinh(NUMERIC arg)
2023-11-24 12:36:41,445 DEBUG o.h.HQL_FUNCTIONS [QueryEngine.java:105] String soundex(arg)
2023-11-24 12:36:41,445 DEBUG o.h.HQL_FUNCTIONS [QueryEngine.java:105] String space(INTEGER arg)
2023-11-24 12:36:41,445 DEBUG o.h.HQL_FUNCTIONS [QueryEngine.java:105] Object sql
2023-11-24 12:36:41,446 DEBUG o.h.HQL_FUNCTIONS [QueryEngine.java:105] Double sqrt(NUMERIC arg)
2023-11-24 12:36:41,446 DEBUG o.h.HQL_FUNCTIONS [QueryEngine.java:105] Double stddev(NUMERIC arg)
2023-11-24 12:36:41,446 DEBUG o.h.HQL_FUNCTIONS [QueryEngine.java:105] Double stddev_pop(NUMERIC arg)
2023-11-24 12:36:41,446 DEBUG o.h.HQL_FUNCTIONS [QueryEngine.java:105] Double stddev_samp(NUMERIC arg)
2023-11-24 12:36:41,447 DEBUG o.h.HQL_FUNCTIONS [QueryEngine.java:105] String str(arg)
2023-11-24 12:36:41,447 DEBUG o.h.HQL_FUNCTIONS [QueryEngine.java:105] subdate(DATE datetime, INTEGER days)
2023-11-24 12:36:41,447 DEBUG o.h.HQL_FUNCTIONS [QueryEngine.java:105] String substr(STRING string, INTEGER start[, INTEGER length])
2023-11-24 12:36:41,447 DEBUG o.h.HQL_FUNCTIONS [QueryEngine.java:105] String substring(STRING string{ from|,} INTEGER start[{ for|,} INTEGER length])
2023-11-24 12:36:41,447 DEBUG o.h.HQL_FUNCTIONS [QueryEngine.java:105] subtime(TIME datetime, TIME time)
2023-11-24 12:36:41,448 DEBUG o.h.HQL_FUNCTIONS [QueryEngine.java:105] sum(arg)
2023-11-24 12:36:41,448 DEBUG o.h.HQL_FUNCTIONS [QueryEngine.java:105] Timestamp sysdate()
2023-11-24 12:36:41,448 DEBUG o.h.HQL_FUNCTIONS [QueryEngine.java:105] Double tan(NUMERIC arg)
2023-11-24 12:36:41,448 DEBUG o.h.HQL_FUNCTIONS [QueryEngine.java:105] Double tanh(NUMERIC arg)
2023-11-24 12:36:41,448 DEBUG o.h.HQL_FUNCTIONS [QueryEngine.java:105] String time(arg)
2023-11-24 12:36:41,448 DEBUG o.h.HQL_FUNCTIONS [QueryEngine.java:105] Timestamp timestamp(arg0[, arg1])
2023-11-24 12:36:41,449 DEBUG o.h.HQL_FUNCTIONS [QueryEngine.java:105] timestampadd(TEMPORAL_UNIT field, INTEGER magnitude, TEMPORAL datetime)
2023-11-24 12:36:41,449 DEBUG o.h.HQL_FUNCTIONS [QueryEngine.java:105] basicType@24(java.lang.Long,-5)|basicType@36(java.lang.Double,8) timestampdiff(TEMPORAL_UNIT field, TEMPORAL start, TEMPORAL end)
2023-11-24 12:36:41,449 DEBUG o.h.HQL_FUNCTIONS [QueryEngine.java:105] String trim([[{leading|trailing|both} ][STRING arg0 ]from] STRING arg1)
2023-11-24 12:36:41,449 DEBUG o.h.HQL_FUNCTIONS [QueryEngine.java:105] trunc( ... )
2023-11-24 12:36:41,449 DEBUG o.h.HQL_FUNCTIONS [QueryEngine.java:105] truncate( ... )
2023-11-24 12:36:41,449 DEBUG o.h.HQL_FUNCTIONS [QueryEngine.java:105] String upper(STRING string)
2023-11-24 12:36:41,449 DEBUG o.h.HQL_FUNCTIONS [QueryEngine.java:105] Date utc_date
2023-11-24 12:36:41,449 DEBUG o.h.HQL_FUNCTIONS [QueryEngine.java:105] Time utc_time
2023-11-24 12:36:41,449 DEBUG o.h.HQL_FUNCTIONS [QueryEngine.java:105] Timestamp utc_timestamp
2023-11-24 12:36:41,450 DEBUG o.h.HQL_FUNCTIONS [QueryEngine.java:105] Double var_pop(NUMERIC arg)
2023-11-24 12:36:41,450 DEBUG o.h.HQL_FUNCTIONS [QueryEngine.java:105] Double var_samp(NUMERIC arg)
2023-11-24 12:36:41,450 DEBUG o.h.HQL_FUNCTIONS [QueryEngine.java:105] Double variance(NUMERIC arg)
2023-11-24 12:36:41,450 DEBUG o.h.HQL_FUNCTIONS [QueryEngine.java:105] Integer week(DATE arg)
2023-11-24 12:36:41,450 DEBUG o.h.HQL_FUNCTIONS [QueryEngine.java:105] Integer year(DATE arg)
2023-11-24 12:36:41,450 DEBUG o.h.o.q.p.cache [QueryInterpretationCacheStandardImpl.java:48] Starting QueryPlanCache(2048)
2023-11-24 12:36:41,451 TRACE o.h.s.i.AbstractServiceRegistryImpl [AbstractServiceRegistryImpl.java:235] Initializing service [role=org.hibernate.engine.query.spi.NativeQueryInterpreter]
2023-11-24 12:36:41,451 DEBUG o.h.s.i.SessionFactoryServiceRegistryImpl [SessionFactoryServiceRegistryImpl.java:91] EventListenerRegistry access via ServiceRegistry is deprecated.  Use `sessionFactory.getEventEngine().getListenerRegistry()` instead
2023-11-24 12:36:41,451 TRACE o.h.s.i.AbstractServiceRegistryImpl [AbstractServiceRegistryImpl.java:235] Initializing service [role=org.hibernate.engine.jdbc.mutation.spi.MutationExecutorService]
2023-11-24 12:36:41,451 TRACE o.h.s.i.AbstractServiceRegistryImpl [AbstractServiceRegistryImpl.java:235] Initializing service [role=org.hibernate.event.spi.EntityCopyObserverFactory]
2023-11-24 12:36:41,452 DEBUG o.h.e.i.EntityCopyObserverFactoryInitiator [EntityCopyObserverFactoryInitiator.java:39] Configured EntityCopyObserver strategy: disallow
2023-11-24 12:36:41,452 TRACE o.h.s.i.AbstractServiceRegistryImpl [AbstractServiceRegistryImpl.java:235] Initializing service [role=org.hibernate.sql.results.jdbc.spi.JdbcValuesMappingProducerProvider]
2023-11-24 12:36:41,452 TRACE o.h.s.i.AbstractServiceRegistryImpl [AbstractServiceRegistryImpl.java:235] Initializing service [role=org.hibernate.engine.jdbc.batch.spi.BatchBuilder]
2023-11-24 12:36:41,452 TRACE o.h.o.j.batch [BatchBuilderImpl.java:42] Using standard BatchBuilder (1)
2023-11-24 12:36:41,452 TRACE o.h.s.i.AbstractServiceRegistryImpl [AbstractServiceRegistryImpl.java:235] Initializing service [role=org.hibernate.persister.spi.PersisterFactory]
2023-11-24 12:36:41,453 TRACE o.h.s.i.AbstractServiceRegistryImpl [AbstractServiceRegistryImpl.java:235] Initializing service [role=org.hibernate.persister.spi.PersisterClassResolver]
2023-11-24 12:36:41,453 DEBUG o.h.b.i.ClassLoaderAccessImpl [ClassLoaderAccessImpl.java:60] Not known whether passed class name [franco.maurizio.hr.desk.com.persistence.entity.Survey] is safe
2023-11-24 12:36:41,453 DEBUG o.h.b.i.ClassLoaderAccessImpl [ClassLoaderAccessImpl.java:62] No temp ClassLoader provided; using live ClassLoader for loading potentially unsafe class : franco.maurizio.hr.desk.com.persistence.entity.Survey
2023-11-24 12:36:41,453 TRACE o.h.s.i.AbstractServiceRegistryImpl [AbstractServiceRegistryImpl.java:235] Initializing service [role=org.hibernate.property.access.spi.PropertyAccessStrategyResolver]
2023-11-24 12:36:41,467 DEBUG o.h.b.i.b.BytecodeProviderImpl [BytecodeProviderImpl.java:235] HHH000513: Unable to create the ReflectionOptimizer for [franco.maurizio.hr.desk.com.persistence.entity.Survey]: private accessor [description]
2023-11-24 12:36:41,468 TRACE o.h.p.e.AbstractPropertyMapping [AbstractPropertyMapping.java:115] Skipping duplicate registration of path [description], existing type = [basicType@25(java.lang.String,12)], incoming type = [basicType@25(java.lang.String,12)]
2023-11-24 12:36:41,469 TRACE o.h.p.e.AbstractPropertyMapping [AbstractPropertyMapping.java:115] Skipping duplicate registration of path [label], existing type = [basicType@25(java.lang.String,12)], incoming type = [basicType@25(java.lang.String,12)]
2023-11-24 12:36:41,469 TRACE o.h.p.e.AbstractPropertyMapping [AbstractPropertyMapping.java:115] Skipping duplicate registration of path [time], existing type = [basicType@24(java.lang.Long,-5)], incoming type = [basicType@24(java.lang.Long,-5)]
2023-11-24 12:36:41,469 TRACE o.h.p.e.AbstractPropertyMapping [AbstractPropertyMapping.java:115] Skipping duplicate registration of path [id], existing type = [basicType@24(java.lang.Long,-5)], incoming type = [basicType@24(java.lang.Long,-5)]
2023-11-24 12:36:41,470 DEBUG o.h.b.i.ClassLoaderAccessImpl [ClassLoaderAccessImpl.java:60] Not known whether passed class name [franco.maurizio.hr.desk.com.persistence.entity.PositionUserOwner] is safe
2023-11-24 12:36:41,470 DEBUG o.h.b.i.ClassLoaderAccessImpl [ClassLoaderAccessImpl.java:62] No temp ClassLoader provided; using live ClassLoader for loading potentially unsafe class : franco.maurizio.hr.desk.com.persistence.entity.PositionUserOwner
2023-11-24 12:36:41,479 DEBUG o.h.b.i.b.BytecodeProviderImpl [BytecodeProviderImpl.java:235] HHH000513: Unable to create the ReflectionOptimizer for [franco.maurizio.hr.desk.com.persistence.entity.PositionUserOwner]: private accessor [coursePageId]
2023-11-24 12:36:41,480 TRACE o.h.p.e.AbstractPropertyMapping [AbstractPropertyMapping.java:115] Skipping duplicate registration of path [coursePageId], existing type = [basicType@24(java.lang.Long,-5)], incoming type = [basicType@24(java.lang.Long,-5)]
2023-11-24 12:36:41,481 TRACE o.h.p.e.AbstractPropertyMapping [AbstractPropertyMapping.java:115] Skipping duplicate registration of path [userId], existing type = [basicType@24(java.lang.Long,-5)], incoming type = [basicType@24(java.lang.Long,-5)]
2023-11-24 12:36:41,481 TRACE o.h.p.e.AbstractPropertyMapping [AbstractPropertyMapping.java:115] Skipping duplicate registration of path [id], existing type = [basicType@24(java.lang.Long,-5)], incoming type = [basicType@24(java.lang.Long,-5)]
2023-11-24 12:36:41,482 DEBUG o.h.b.i.ClassLoaderAccessImpl [ClassLoaderAccessImpl.java:60] Not known whether passed class name [franco.maurizio.hr.desk.com.persistence.entity.Question] is safe
2023-11-24 12:36:41,482 DEBUG o.h.b.i.ClassLoaderAccessImpl [ClassLoaderAccessImpl.java:62] No temp ClassLoader provided; using live ClassLoader for loading potentially unsafe class : franco.maurizio.hr.desk.com.persistence.entity.Question
2023-11-24 12:36:41,510 DEBUG o.h.b.i.b.BytecodeProviderImpl [BytecodeProviderImpl.java:235] HHH000513: Unable to create the ReflectionOptimizer for [franco.maurizio.hr.desk.com.persistence.entity.Question]: private accessor [ansa]
2023-11-24 12:36:41,512 TRACE o.h.p.e.AbstractPropertyMapping [AbstractPropertyMapping.java:115] Skipping duplicate registration of path [ansa], existing type = [basicType@25(java.lang.String,12)], incoming type = [basicType@25(java.lang.String,12)]
2023-11-24 12:36:41,512 TRACE o.h.p.e.AbstractPropertyMapping [AbstractPropertyMapping.java:115] Skipping duplicate registration of path [ansb], existing type = [basicType@25(java.lang.String,12)], incoming type = [basicType@25(java.lang.String,12)]
2023-11-24 12:36:41,513 TRACE o.h.p.e.AbstractPropertyMapping [AbstractPropertyMapping.java:115] Skipping duplicate registration of path [ansc], existing type = [basicType@25(java.lang.String,12)], incoming type = [basicType@25(java.lang.String,12)]
2023-11-24 12:36:41,513 TRACE o.h.p.e.AbstractPropertyMapping [AbstractPropertyMapping.java:115] Skipping duplicate registration of path [ansd], existing type = [basicType@25(java.lang.String,12)], incoming type = [basicType@25(java.lang.String,12)]
2023-11-24 12:36:41,513 TRACE o.h.p.e.AbstractPropertyMapping [AbstractPropertyMapping.java:115] Skipping duplicate registration of path [anse], existing type = [basicType@25(java.lang.String,12)], incoming type = [basicType@25(java.lang.String,12)]
2023-11-24 12:36:41,513 TRACE o.h.p.e.AbstractPropertyMapping [AbstractPropertyMapping.java:115] Skipping duplicate registration of path [ansf], existing type = [basicType@25(java.lang.String,12)], incoming type = [basicType@25(java.lang.String,12)]
2023-11-24 12:36:41,514 TRACE o.h.p.e.AbstractPropertyMapping [AbstractPropertyMapping.java:115] Skipping duplicate registration of path [ansg], existing type = [basicType@25(java.lang.String,12)], incoming type = [basicType@25(java.lang.String,12)]
2023-11-24 12:36:41,514 TRACE o.h.p.e.AbstractPropertyMapping [AbstractPropertyMapping.java:115] Skipping duplicate registration of path [ansh], existing type = [basicType@25(java.lang.String,12)], incoming type = [basicType@25(java.lang.String,12)]
2023-11-24 12:36:41,514 TRACE o.h.p.e.AbstractPropertyMapping [AbstractPropertyMapping.java:115] Skipping duplicate registration of path [cansa], existing type = [basicType@27(java.lang.Boolean,16)], incoming type = [basicType@27(java.lang.Boolean,16)]
2023-11-24 12:36:41,514 TRACE o.h.p.e.AbstractPropertyMapping [AbstractPropertyMapping.java:115] Skipping duplicate registration of path [cansb], existing type = [basicType@27(java.lang.Boolean,16)], incoming type = [basicType@27(java.lang.Boolean,16)]
2023-11-24 12:36:41,515 TRACE o.h.p.e.AbstractPropertyMapping [AbstractPropertyMapping.java:115] Skipping duplicate registration of path [cansc], existing type = [basicType@27(java.lang.Boolean,16)], incoming type = [basicType@27(java.lang.Boolean,16)]
2023-11-24 12:36:41,515 TRACE o.h.p.e.AbstractPropertyMapping [AbstractPropertyMapping.java:115] Skipping duplicate registration of path [cansd], existing type = [basicType@27(java.lang.Boolean,16)], incoming type = [basicType@27(java.lang.Boolean,16)]
2023-11-24 12:36:41,515 TRACE o.h.p.e.AbstractPropertyMapping [AbstractPropertyMapping.java:115] Skipping duplicate registration of path [canse], existing type = [basicType@27(java.lang.Boolean,16)], incoming type = [basicType@27(java.lang.Boolean,16)]
2023-11-24 12:36:41,515 TRACE o.h.p.e.AbstractPropertyMapping [AbstractPropertyMapping.java:115] Skipping duplicate registration of path [cansf], existing type = [basicType@27(java.lang.Boolean,16)], incoming type = [basicType@27(java.lang.Boolean,16)]
2023-11-24 12:36:41,516 TRACE o.h.p.e.AbstractPropertyMapping [AbstractPropertyMapping.java:115] Skipping duplicate registration of path [cansg], existing type = [basicType@27(java.lang.Boolean,16)], incoming type = [basicType@27(java.lang.Boolean,16)]
2023-11-24 12:36:41,516 TRACE o.h.p.e.AbstractPropertyMapping [AbstractPropertyMapping.java:115] Skipping duplicate registration of path [cansh], existing type = [basicType@27(java.lang.Boolean,16)], incoming type = [basicType@27(java.lang.Boolean,16)]
2023-11-24 12:36:41,516 TRACE o.h.p.e.AbstractPropertyMapping [AbstractPropertyMapping.java:115] Skipping duplicate registration of path [description], existing type = [basicType@25(java.lang.String,12)], incoming type = [basicType@25(java.lang.String,12)]
2023-11-24 12:36:41,516 TRACE o.h.p.e.AbstractPropertyMapping [AbstractPropertyMapping.java:115] Skipping duplicate registration of path [fullAnswer], existing type = [basicType@25(java.lang.String,12)], incoming type = [basicType@25(java.lang.String,12)]
2023-11-24 12:36:41,517 TRACE o.h.p.e.AbstractPropertyMapping [AbstractPropertyMapping.java:115] Skipping duplicate registration of path [label], existing type = [basicType@25(java.lang.String,12)], incoming type = [basicType@25(java.lang.String,12)]
2023-11-24 12:36:41,517 TRACE o.h.p.e.AbstractPropertyMapping [AbstractPropertyMapping.java:115] Skipping duplicate registration of path [id], existing type = [basicType@24(java.lang.Long,-5)], incoming type = [basicType@24(java.lang.Long,-5)]
2023-11-24 12:36:41,518 DEBUG o.h.b.i.ClassLoaderAccessImpl [ClassLoaderAccessImpl.java:60] Not known whether passed class name [franco.maurizio.hr.desk.com.persistence.entity.Candidate] is safe
2023-11-24 12:36:41,518 DEBUG o.h.b.i.ClassLoaderAccessImpl [ClassLoaderAccessImpl.java:62] No temp ClassLoader provided; using live ClassLoader for loading potentially unsafe class : franco.maurizio.hr.desk.com.persistence.entity.Candidate
2023-11-24 12:36:41,541 DEBUG o.h.b.i.b.BytecodeProviderImpl [BytecodeProviderImpl.java:235] HHH000513: Unable to create the ReflectionOptimizer for [franco.maurizio.hr.desk.com.persistence.entity.Candidate]: private accessor [candidacyDateTime]
2023-11-24 12:36:41,543 TRACE o.h.p.e.AbstractPropertyMapping [AbstractPropertyMapping.java:115] Skipping duplicate registration of path [candidacyDateTime], existing type = [basicType@26(java.time.LocalDateTime,93)], incoming type = [basicType@26(java.time.LocalDateTime,93)]
2023-11-24 12:36:41,543 TRACE o.h.p.e.AbstractPropertyMapping [AbstractPropertyMapping.java:115] Skipping duplicate registration of path [candidateStateCode], existing type = [basicType@24(java.lang.Long,-5)], incoming type = [basicType@24(java.lang.Long,-5)]
2023-11-24 12:36:41,543 TRACE o.h.p.e.AbstractPropertyMapping [AbstractPropertyMapping.java:115] Skipping duplicate registration of path [courseCode], existing type = [basicType@25(java.lang.String,12)], incoming type = [basicType@25(java.lang.String,12)]
2023-11-24 12:36:41,544 TRACE o.h.p.e.AbstractPropertyMapping [AbstractPropertyMapping.java:115] Skipping duplicate registration of path [cvExternalPath], existing type = [basicType@25(java.lang.String,12)], incoming type = [basicType@25(java.lang.String,12)]
2023-11-24 12:36:41,544 TRACE o.h.p.e.AbstractPropertyMapping [AbstractPropertyMapping.java:115] Skipping duplicate registration of path [dateOfBirth], existing type = [basicType@29(java.time.LocalDate,91)], incoming type = [basicType@29(java.time.LocalDate,91)]
2023-11-24 12:36:41,544 TRACE o.h.p.e.AbstractPropertyMapping [AbstractPropertyMapping.java:115] Skipping duplicate registration of path [domicileCity], existing type = [basicType@25(java.lang.String,12)], incoming type = [basicType@25(java.lang.String,12)]
2023-11-24 12:36:41,544 TRACE o.h.p.e.AbstractPropertyMapping [AbstractPropertyMapping.java:115] Skipping duplicate registration of path [email], existing type = [basicType@25(java.lang.String,12)], incoming type = [basicType@25(java.lang.String,12)]
2023-11-24 12:36:41,544 TRACE o.h.p.e.AbstractPropertyMapping [AbstractPropertyMapping.java:115] Skipping duplicate registration of path [firstname], existing type = [basicType@25(java.lang.String,12)], incoming type = [basicType@25(java.lang.String,12)]
2023-11-24 12:36:41,545 TRACE o.h.p.e.AbstractPropertyMapping [AbstractPropertyMapping.java:115] Skipping duplicate registration of path [graduate], existing type = [basicType@27(java.lang.Boolean,16)], incoming type = [basicType@27(java.lang.Boolean,16)]
2023-11-24 12:36:41,545 TRACE o.h.p.e.AbstractPropertyMapping [AbstractPropertyMapping.java:115] Skipping duplicate registration of path [highGraduate], existing type = [basicType@27(java.lang.Boolean,16)], incoming type = [basicType@27(java.lang.Boolean,16)]
2023-11-24 12:36:41,545 TRACE o.h.p.e.AbstractPropertyMapping [AbstractPropertyMapping.java:115] Skipping duplicate registration of path [hrNote], existing type = [basicType@25(java.lang.String,12)], incoming type = [basicType@25(java.lang.String,12)]
2023-11-24 12:36:41,545 TRACE o.h.p.e.AbstractPropertyMapping [AbstractPropertyMapping.java:115] Skipping duplicate registration of path [imgpath], existing type = [basicType@25(java.lang.String,12)], incoming type = [basicType@25(java.lang.String,12)]
2023-11-24 12:36:41,546 TRACE o.h.p.e.AbstractPropertyMapping [AbstractPropertyMapping.java:115] Skipping duplicate registration of path [insertedBy], existing type = [basicType@24(java.lang.Long,-5)], incoming type = [basicType@24(java.lang.Long,-5)]
2023-11-24 12:36:41,546 TRACE o.h.p.e.AbstractPropertyMapping [AbstractPropertyMapping.java:115] Skipping duplicate registration of path [label], existing type = [basicType@25(java.lang.String,12)], incoming type = [basicType@25(java.lang.String,12)]
2023-11-24 12:36:41,546 TRACE o.h.p.e.AbstractPropertyMapping [AbstractPropertyMapping.java:115] Skipping duplicate registration of path [lastname], existing type = [basicType@25(java.lang.String,12)], incoming type = [basicType@25(java.lang.String,12)]
2023-11-24 12:36:41,546 TRACE o.h.p.e.AbstractPropertyMapping [AbstractPropertyMapping.java:115] Skipping duplicate registration of path [mobile], existing type = [basicType@25(java.lang.String,12)], incoming type = [basicType@25(java.lang.String,12)]
2023-11-24 12:36:41,546 TRACE o.h.p.e.AbstractPropertyMapping [AbstractPropertyMapping.java:115] Skipping duplicate registration of path [regdate], existing type = [basicType@26(java.time.LocalDateTime,93)], incoming type = [basicType@26(java.time.LocalDateTime,93)]
2023-11-24 12:36:41,547 TRACE o.h.p.e.AbstractPropertyMapping [AbstractPropertyMapping.java:115] Skipping duplicate registration of path [stillHighStudy], existing type = [basicType@27(java.lang.Boolean,16)], incoming type = [basicType@27(java.lang.Boolean,16)]
2023-11-24 12:36:41,547 TRACE o.h.p.e.AbstractPropertyMapping [AbstractPropertyMapping.java:115] Skipping duplicate registration of path [studyQualification], existing type = [basicType@25(java.lang.String,12)], incoming type = [basicType@25(java.lang.String,12)]
2023-11-24 12:36:41,547 TRACE o.h.p.e.AbstractPropertyMapping [AbstractPropertyMapping.java:115] Skipping duplicate registration of path [technicalNote], existing type = [basicType@25(java.lang.String,12)], incoming type = [basicType@25(java.lang.String,12)]
2023-11-24 12:36:41,547 TRACE o.h.p.e.AbstractPropertyMapping [AbstractPropertyMapping.java:115] Skipping duplicate registration of path [id], existing type = [basicType@24(java.lang.Long,-5)], incoming type = [basicType@24(java.lang.Long,-5)]
2023-11-24 12:36:41,548 DEBUG o.h.b.i.ClassLoaderAccessImpl [ClassLoaderAccessImpl.java:60] Not known whether passed class name [franco.maurizio.hr.desk.com.persistence.entity.SurveyReply] is safe
2023-11-24 12:36:41,549 DEBUG o.h.b.i.ClassLoaderAccessImpl [ClassLoaderAccessImpl.java:62] No temp ClassLoader provided; using live ClassLoader for loading potentially unsafe class : franco.maurizio.hr.desk.com.persistence.entity.SurveyReply
2023-11-24 12:36:41,561 DEBUG o.h.b.i.b.BytecodeProviderImpl [BytecodeProviderImpl.java:235] HHH000513: Unable to create the ReflectionOptimizer for [franco.maurizio.hr.desk.com.persistence.entity.SurveyReply]: private accessor [answers]
2023-11-24 12:36:41,563 TRACE o.h.p.e.AbstractPropertyMapping [AbstractPropertyMapping.java:115] Skipping duplicate registration of path [answers], existing type = [basicType@25(java.lang.String,12)], incoming type = [basicType@25(java.lang.String,12)]
2023-11-24 12:36:41,563 TRACE o.h.p.e.AbstractPropertyMapping [AbstractPropertyMapping.java:115] Skipping duplicate registration of path [candidateId], existing type = [basicType@24(java.lang.Long,-5)], incoming type = [basicType@24(java.lang.Long,-5)]
2023-11-24 12:36:41,563 TRACE o.h.p.e.AbstractPropertyMapping [AbstractPropertyMapping.java:115] Skipping duplicate registration of path [endtime], existing type = [basicType@26(java.time.LocalDateTime,93)], incoming type = [basicType@26(java.time.LocalDateTime,93)]
2023-11-24 12:36:41,564 TRACE o.h.p.e.AbstractPropertyMapping [AbstractPropertyMapping.java:115] Skipping duplicate registration of path [generated_token], existing type = [basicType@25(java.lang.String,12)], incoming type = [basicType@25(java.lang.String,12)]
2023-11-24 12:36:41,564 TRACE o.h.p.e.AbstractPropertyMapping [AbstractPropertyMapping.java:115] Skipping duplicate registration of path [pdffilename], existing type = [basicType@25(java.lang.String,12)], incoming type = [basicType@25(java.lang.String,12)]
2023-11-24 12:36:41,564 TRACE o.h.p.e.AbstractPropertyMapping [AbstractPropertyMapping.java:115] Skipping duplicate registration of path [points], existing type = [basicType@25(java.lang.String,12)], incoming type = [basicType@25(java.lang.String,12)]
2023-11-24 12:36:41,564 TRACE o.h.p.e.AbstractPropertyMapping [AbstractPropertyMapping.java:115] Skipping duplicate registration of path [starttime], existing type = [basicType@26(java.time.LocalDateTime,93)], incoming type = [basicType@26(java.time.LocalDateTime,93)]
2023-11-24 12:36:41,565 TRACE o.h.p.e.AbstractPropertyMapping [AbstractPropertyMapping.java:115] Skipping duplicate registration of path [surveyId], existing type = [basicType@24(java.lang.Long,-5)], incoming type = [basicType@24(java.lang.Long,-5)]
2023-11-24 12:36:41,565 TRACE o.h.p.e.AbstractPropertyMapping [AbstractPropertyMapping.java:115] Skipping duplicate registration of path [id], existing type = [basicType@24(java.lang.Long,-5)], incoming type = [basicType@24(java.lang.Long,-5)]
2023-11-24 12:36:41,565 DEBUG o.h.b.i.ClassLoaderAccessImpl [ClassLoaderAccessImpl.java:60] Not known whether passed class name [franco.maurizio.hr.desk.com.persistence.entity.User] is safe
2023-11-24 12:36:41,566 DEBUG o.h.b.i.ClassLoaderAccessImpl [ClassLoaderAccessImpl.java:62] No temp ClassLoader provided; using live ClassLoader for loading potentially unsafe class : franco.maurizio.hr.desk.com.persistence.entity.User
2023-11-24 12:36:41,579 DEBUG o.h.b.i.b.BytecodeProviderImpl [BytecodeProviderImpl.java:235] HHH000513: Unable to create the ReflectionOptimizer for [franco.maurizio.hr.desk.com.persistence.entity.User]: private accessor [email]
2023-11-24 12:36:41,580 TRACE o.h.p.e.AbstractPropertyMapping [AbstractPropertyMapping.java:115] Skipping duplicate registration of path [email], existing type = [basicType@25(java.lang.String,12)], incoming type = [basicType@25(java.lang.String,12)]
2023-11-24 12:36:41,580 TRACE o.h.p.e.AbstractPropertyMapping [AbstractPropertyMapping.java:115] Skipping duplicate registration of path [enabled], existing type = [basicType@27(java.lang.Boolean,16)], incoming type = [basicType@27(java.lang.Boolean,16)]
2023-11-24 12:36:41,580 TRACE o.h.p.e.AbstractPropertyMapping [AbstractPropertyMapping.java:115] Skipping duplicate registration of path [firstname], existing type = [basicType@25(java.lang.String,12)], incoming type = [basicType@25(java.lang.String,12)]
2023-11-24 12:36:41,580 TRACE o.h.p.e.AbstractPropertyMapping [AbstractPropertyMapping.java:115] Skipping duplicate registration of path [lastname], existing type = [basicType@25(java.lang.String,12)], incoming type = [basicType@25(java.lang.String,12)]
2023-11-24 12:36:41,581 TRACE o.h.p.e.AbstractPropertyMapping [AbstractPropertyMapping.java:115] Skipping duplicate registration of path [password], existing type = [basicType@25(java.lang.String,12)], incoming type = [basicType@25(java.lang.String,12)]
2023-11-24 12:36:41,581 TRACE o.h.p.e.AbstractPropertyMapping [AbstractPropertyMapping.java:115] Skipping duplicate registration of path [regdate], existing type = [basicType@26(java.time.LocalDateTime,93)], incoming type = [basicType@26(java.time.LocalDateTime,93)]
2023-11-24 12:36:41,581 TRACE o.h.p.e.AbstractPropertyMapping [AbstractPropertyMapping.java:115] Skipping duplicate registration of path [role], existing type = [basicType@28(java.lang.Integer,4)], incoming type = [basicType@28(java.lang.Integer,4)]
2023-11-24 12:36:41,581 TRACE o.h.p.e.AbstractPropertyMapping [AbstractPropertyMapping.java:115] Skipping duplicate registration of path [id], existing type = [basicType@24(java.lang.Long,-5)], incoming type = [basicType@24(java.lang.Long,-5)]
2023-11-24 12:36:41,582 DEBUG o.h.b.i.ClassLoaderAccessImpl [ClassLoaderAccessImpl.java:60] Not known whether passed class name [franco.maurizio.hr.desk.com.persistence.entity.SurveyQuestion] is safe
2023-11-24 12:36:41,582 DEBUG o.h.b.i.ClassLoaderAccessImpl [ClassLoaderAccessImpl.java:62] No temp ClassLoader provided; using live ClassLoader for loading potentially unsafe class : franco.maurizio.hr.desk.com.persistence.entity.SurveyQuestion
2023-11-24 12:36:41,592 DEBUG o.h.b.i.b.BytecodeProviderImpl [BytecodeProviderImpl.java:235] HHH000513: Unable to create the ReflectionOptimizer for [franco.maurizio.hr.desk.com.persistence.entity.SurveyQuestion]: private accessor [position]
2023-11-24 12:36:41,593 TRACE o.h.p.e.AbstractPropertyMapping [AbstractPropertyMapping.java:115] Skipping duplicate registration of path [position], existing type = [basicType@24(java.lang.Long,-5)], incoming type = [basicType@24(java.lang.Long,-5)]
2023-11-24 12:36:41,594 TRACE o.h.p.e.AbstractPropertyMapping [AbstractPropertyMapping.java:115] Skipping duplicate registration of path [questionId], existing type = [basicType@24(java.lang.Long,-5)], incoming type = [basicType@24(java.lang.Long,-5)]
2023-11-24 12:36:41,594 TRACE o.h.p.e.AbstractPropertyMapping [AbstractPropertyMapping.java:115] Skipping duplicate registration of path [surveyId], existing type = [basicType@24(java.lang.Long,-5)], incoming type = [basicType@24(java.lang.Long,-5)]
2023-11-24 12:36:41,594 TRACE o.h.p.e.AbstractPropertyMapping [AbstractPropertyMapping.java:115] Skipping duplicate registration of path [id], existing type = [basicType@24(java.lang.Long,-5)], incoming type = [basicType@24(java.lang.Long,-5)]
2023-11-24 12:36:41,594 DEBUG o.h.b.i.ClassLoaderAccessImpl [ClassLoaderAccessImpl.java:60] Not known whether passed class name [franco.maurizio.hr.desk.com.persistence.entity.CandidateSurveyToken] is safe
2023-11-24 12:36:41,595 DEBUG o.h.b.i.ClassLoaderAccessImpl [ClassLoaderAccessImpl.java:62] No temp ClassLoader provided; using live ClassLoader for loading potentially unsafe class : franco.maurizio.hr.desk.com.persistence.entity.CandidateSurveyToken
2023-11-24 12:36:41,605 DEBUG o.h.b.i.b.BytecodeProviderImpl [BytecodeProviderImpl.java:235] HHH000513: Unable to create the ReflectionOptimizer for [franco.maurizio.hr.desk.com.persistence.entity.CandidateSurveyToken]: private accessor [candidateId]
2023-11-24 12:36:41,606 TRACE o.h.p.e.AbstractPropertyMapping [AbstractPropertyMapping.java:115] Skipping duplicate registration of path [candidateId], existing type = [basicType@24(java.lang.Long,-5)], incoming type = [basicType@24(java.lang.Long,-5)]
2023-11-24 12:36:41,606 TRACE o.h.p.e.AbstractPropertyMapping [AbstractPropertyMapping.java:115] Skipping duplicate registration of path [expirationDateTime], existing type = [basicType@26(java.time.LocalDateTime,93)], incoming type = [basicType@26(java.time.LocalDateTime,93)]
2023-11-24 12:36:41,607 TRACE o.h.p.e.AbstractPropertyMapping [AbstractPropertyMapping.java:115] Skipping duplicate registration of path [expired], existing type = [basicType@27(java.lang.Boolean,16)], incoming type = [basicType@27(java.lang.Boolean,16)]
2023-11-24 12:36:41,607 TRACE o.h.p.e.AbstractPropertyMapping [AbstractPropertyMapping.java:115] Skipping duplicate registration of path [generatedToken], existing type = [basicType@25(java.lang.String,12)], incoming type = [basicType@25(java.lang.String,12)]
2023-11-24 12:36:41,607 TRACE o.h.p.e.AbstractPropertyMapping [AbstractPropertyMapping.java:115] Skipping duplicate registration of path [surveyId], existing type = [basicType@24(java.lang.Long,-5)], incoming type = [basicType@24(java.lang.Long,-5)]
2023-11-24 12:36:41,607 TRACE o.h.p.e.AbstractPropertyMapping [AbstractPropertyMapping.java:115] Skipping duplicate registration of path [id], existing type = [basicType@24(java.lang.Long,-5)], incoming type = [basicType@24(java.lang.Long,-5)]
2023-11-24 12:36:41,607 DEBUG o.h.b.i.ClassLoaderAccessImpl [ClassLoaderAccessImpl.java:60] Not known whether passed class name [franco.maurizio.hr.desk.com.persistence.entity.CandidateStates] is safe
2023-11-24 12:36:41,608 DEBUG o.h.b.i.ClassLoaderAccessImpl [ClassLoaderAccessImpl.java:62] No temp ClassLoader provided; using live ClassLoader for loading potentially unsafe class : franco.maurizio.hr.desk.com.persistence.entity.CandidateStates
2023-11-24 12:36:41,617 DEBUG o.h.b.i.b.BytecodeProviderImpl [BytecodeProviderImpl.java:235] HHH000513: Unable to create the ReflectionOptimizer for [franco.maurizio.hr.desk.com.persistence.entity.CandidateStates]: private accessor [roleId]
2023-11-24 12:36:41,618 TRACE o.h.p.e.AbstractPropertyMapping [AbstractPropertyMapping.java:115] Skipping duplicate registration of path [roleId], existing type = [basicType@24(java.lang.Long,-5)], incoming type = [basicType@24(java.lang.Long,-5)]
2023-11-24 12:36:41,618 TRACE o.h.p.e.AbstractPropertyMapping [AbstractPropertyMapping.java:115] Skipping duplicate registration of path [statusCode], existing type = [basicType@28(java.lang.Integer,4)], incoming type = [basicType@28(java.lang.Integer,4)]
2023-11-24 12:36:41,618 TRACE o.h.p.e.AbstractPropertyMapping [AbstractPropertyMapping.java:115] Skipping duplicate registration of path [statusColor], existing type = [basicType@25(java.lang.String,12)], incoming type = [basicType@25(java.lang.String,12)]
2023-11-24 12:36:41,618 TRACE o.h.p.e.AbstractPropertyMapping [AbstractPropertyMapping.java:115] Skipping duplicate registration of path [statusDescription], existing type = [basicType@25(java.lang.String,12)], incoming type = [basicType@25(java.lang.String,12)]
2023-11-24 12:36:41,619 TRACE o.h.p.e.AbstractPropertyMapping [AbstractPropertyMapping.java:115] Skipping duplicate registration of path [statusLabel], existing type = [basicType@25(java.lang.String,12)], incoming type = [basicType@25(java.lang.String,12)]
2023-11-24 12:36:41,619 TRACE o.h.p.e.AbstractPropertyMapping [AbstractPropertyMapping.java:115] Skipping duplicate registration of path [id], existing type = [basicType@24(java.lang.Long,-5)], incoming type = [basicType@24(java.lang.Long,-5)]
2023-11-24 12:36:41,619 DEBUG o.h.b.i.ClassLoaderAccessImpl [ClassLoaderAccessImpl.java:60] Not known whether passed class name [franco.maurizio.hr.desk.com.persistence.entity.CoursePage] is safe
2023-11-24 12:36:41,619 DEBUG o.h.b.i.ClassLoaderAccessImpl [ClassLoaderAccessImpl.java:62] No temp ClassLoader provided; using live ClassLoader for loading potentially unsafe class : franco.maurizio.hr.desk.com.persistence.entity.CoursePage
2023-11-24 12:36:41,629 DEBUG o.h.b.i.b.BytecodeProviderImpl [BytecodeProviderImpl.java:235] HHH000513: Unable to create the ReflectionOptimizer for [franco.maurizio.hr.desk.com.persistence.entity.CoursePage]: private accessor [created_datetime]
2023-11-24 12:36:41,630 TRACE o.h.p.e.AbstractPropertyMapping [AbstractPropertyMapping.java:115] Skipping duplicate registration of path [bodyText], existing type = [basicType@25(java.lang.String,12)], incoming type = [basicType@25(java.lang.String,12)]
2023-11-24 12:36:41,630 TRACE o.h.p.e.AbstractPropertyMapping [AbstractPropertyMapping.java:115] Skipping duplicate registration of path [code], existing type = [basicType@25(java.lang.String,12)], incoming type = [basicType@25(java.lang.String,12)]
2023-11-24 12:36:41,630 TRACE o.h.p.e.AbstractPropertyMapping [AbstractPropertyMapping.java:115] Skipping duplicate registration of path [created_datetime], existing type = [basicType@26(java.time.LocalDateTime,93)], incoming type = [basicType@26(java.time.LocalDateTime,93)]
2023-11-24 12:36:41,630 TRACE o.h.p.e.AbstractPropertyMapping [AbstractPropertyMapping.java:115] Skipping duplicate registration of path [fileName], existing type = [basicType@25(java.lang.String,12)], incoming type = [basicType@25(java.lang.String,12)]
2023-11-24 12:36:41,631 TRACE o.h.p.e.AbstractPropertyMapping [AbstractPropertyMapping.java:115] Skipping duplicate registration of path [opened_by], existing type = [basicType@24(java.lang.Long,-5)], incoming type = [basicType@24(java.lang.Long,-5)]
2023-11-24 12:36:41,631 TRACE o.h.p.e.AbstractPropertyMapping [AbstractPropertyMapping.java:115] Skipping duplicate registration of path [statusOpen], existing type = [basicType@27(java.lang.Boolean,16)], incoming type = [basicType@27(java.lang.Boolean,16)]
2023-11-24 12:36:41,631 TRACE o.h.p.e.AbstractPropertyMapping [AbstractPropertyMapping.java:115] Skipping duplicate registration of path [title], existing type = [basicType@25(java.lang.String,12)], incoming type = [basicType@25(java.lang.String,12)]
2023-11-24 12:36:41,631 TRACE o.h.p.e.AbstractPropertyMapping [AbstractPropertyMapping.java:115] Skipping duplicate registration of path [id], existing type = [basicType@24(java.lang.Long,-5)], incoming type = [basicType@24(java.lang.Long,-5)]
2023-11-24 12:36:41,631 DEBUG o.h.b.i.ClassLoaderAccessImpl [ClassLoaderAccessImpl.java:60] Not known whether passed class name [franco.maurizio.hr.desk.com.persistence.entity.Role] is safe
2023-11-24 12:36:41,631 DEBUG o.h.b.i.ClassLoaderAccessImpl [ClassLoaderAccessImpl.java:62] No temp ClassLoader provided; using live ClassLoader for loading potentially unsafe class : franco.maurizio.hr.desk.com.persistence.entity.Role
2023-11-24 12:36:41,640 DEBUG o.h.b.i.b.BytecodeProviderImpl [BytecodeProviderImpl.java:235] HHH000513: Unable to create the ReflectionOptimizer for [franco.maurizio.hr.desk.com.persistence.entity.Role]: private accessor [description]
2023-11-24 12:36:41,641 TRACE o.h.p.e.AbstractPropertyMapping [AbstractPropertyMapping.java:115] Skipping duplicate registration of path [description], existing type = [basicType@25(java.lang.String,12)], incoming type = [basicType@25(java.lang.String,12)]
2023-11-24 12:36:41,641 TRACE o.h.p.e.AbstractPropertyMapping [AbstractPropertyMapping.java:115] Skipping duplicate registration of path [label], existing type = [basicType@25(java.lang.String,12)], incoming type = [basicType@25(java.lang.String,12)]
2023-11-24 12:36:41,641 TRACE o.h.p.e.AbstractPropertyMapping [AbstractPropertyMapping.java:115] Skipping duplicate registration of path [level], existing type = [basicType@28(java.lang.Integer,4)], incoming type = [basicType@28(java.lang.Integer,4)]
2023-11-24 12:36:41,642 TRACE o.h.p.e.AbstractPropertyMapping [AbstractPropertyMapping.java:115] Skipping duplicate registration of path [id], existing type = [basicType@24(java.lang.Long,-5)], incoming type = [basicType@24(java.lang.Long,-5)]
2023-11-24 12:36:41,647 DEBUG o.h.o.m.m.creation [MappingModelCreationProcess.java:92] Starting post-init callbacks
2023-11-24 12:36:41,647 DEBUG o.h.o.m.m.creation [MappingModelCreationProcess.java:242] Starting PostInitCallbackEntry : Entity(franco.maurizio.hr.desk.com.persistence.entity.Survey) `staticFetchableList` generator
2023-11-24 12:36:41,647 DEBUG o.h.o.m.m.creation [MappingModelCreationProcess.java:242] Starting PostInitCallbackEntry : Entity(franco.maurizio.hr.desk.com.persistence.entity.PositionUserOwner) `staticFetchableList` generator
2023-11-24 12:36:41,647 DEBUG o.h.o.m.m.creation [MappingModelCreationProcess.java:242] Starting PostInitCallbackEntry : Entity(franco.maurizio.hr.desk.com.persistence.entity.Question) `staticFetchableList` generator
2023-11-24 12:36:41,648 DEBUG o.h.o.m.m.creation [MappingModelCreationProcess.java:242] Starting PostInitCallbackEntry : Entity(franco.maurizio.hr.desk.com.persistence.entity.Candidate) `staticFetchableList` generator
2023-11-24 12:36:41,648 DEBUG o.h.o.m.m.creation [MappingModelCreationProcess.java:242] Starting PostInitCallbackEntry : Entity(franco.maurizio.hr.desk.com.persistence.entity.SurveyReply) `staticFetchableList` generator
2023-11-24 12:36:41,648 DEBUG o.h.o.m.m.creation [MappingModelCreationProcess.java:242] Starting PostInitCallbackEntry : Entity(franco.maurizio.hr.desk.com.persistence.entity.User) `staticFetchableList` generator
2023-11-24 12:36:41,648 DEBUG o.h.o.m.m.creation [MappingModelCreationProcess.java:242] Starting PostInitCallbackEntry : Entity(franco.maurizio.hr.desk.com.persistence.entity.SurveyQuestion) `staticFetchableList` generator
2023-11-24 12:36:41,648 DEBUG o.h.o.m.m.creation [MappingModelCreationProcess.java:242] Starting PostInitCallbackEntry : Entity(franco.maurizio.hr.desk.com.persistence.entity.CandidateSurveyToken) `staticFetchableList` generator
2023-11-24 12:36:41,648 DEBUG o.h.o.m.m.creation [MappingModelCreationProcess.java:242] Starting PostInitCallbackEntry : Entity(franco.maurizio.hr.desk.com.persistence.entity.CandidateStates) `staticFetchableList` generator
2023-11-24 12:36:41,648 DEBUG o.h.o.m.m.creation [MappingModelCreationProcess.java:242] Starting PostInitCallbackEntry : Entity(franco.maurizio.hr.desk.com.persistence.entity.CoursePage) `staticFetchableList` generator
2023-11-24 12:36:41,648 DEBUG o.h.o.m.m.creation [MappingModelCreationProcess.java:242] Starting PostInitCallbackEntry : Entity(franco.maurizio.hr.desk.com.persistence.entity.Role) `staticFetchableList` generator
2023-11-24 12:36:41,649 DEBUG o.h.p.e.AbstractEntityPersister [AbstractEntityPersister.java:2904] Static SQL for entity: franco.maurizio.hr.desk.com.persistence.entity.Survey
2023-11-24 12:36:41,650 DEBUG o.h.p.e.AbstractEntityPersister [AbstractEntityPersister.java:2909]  Version select: select id from surveys where id=?
2023-11-24 12:36:41,650 DEBUG o.h.p.e.AbstractEntityPersister [DelegatingBasicLogger.java:393]  Insert (0): insert into surveys (description,label,time) values (?,?,?)
2023-11-24 12:36:41,650 DEBUG o.h.p.e.AbstractEntityPersister [DelegatingBasicLogger.java:393]  Update (0): update surveys set description=?,label=?,time=? where id=?
2023-11-24 12:36:41,650 DEBUG o.h.p.e.AbstractEntityPersister [DelegatingBasicLogger.java:393]  Delete (0): delete from surveys where id=?
2023-11-24 12:36:41,650 DEBUG o.h.o.s.a.create [SqlAliasBaseImpl.java:33] Created new SQL alias : s1_0
2023-11-24 12:36:41,650 DEBUG o.h.o.s.a.create [SimpleFromClauseAccessImpl.java:98] Registration of TableGroup [StandardTableGroup(franco.maurizio.hr.desk.com.persistence.entity.Survey)] with identifierForTableGroup [franco.maurizio.hr.desk.com.persistence.entity.Survey] for NavigablePath [franco.maurizio.hr.desk.com.persistence.entity.Survey] 
2023-11-24 12:36:41,650 TRACE o.h.l.a.i.LoaderSelectBuilder [LoaderSelectBuilder.java:779] Starting visitation of FetchParent's Fetchables : franco.maurizio.hr.desk.com.persistence.entity.Survey
2023-11-24 12:36:41,651 DEBUG o.h.o.r.g.AST [DomainResultGraphPrinter.java:67] DomainResult Graph:
 \-EntityResultImpl [franco.maurizio.hr.desk.com.persistence.entity.Survey]
 |  +-BasicFetch [franco.maurizio.hr.desk.com.persistence.entity.Survey.description]
 |  +-BasicFetch [franco.maurizio.hr.desk.com.persistence.entity.Survey.label]
 |  \-BasicFetch [franco.maurizio.hr.desk.com.persistence.entity.Survey.time]

2023-11-24 12:36:41,651 TRACE o.h.o.r.g.AST [DomainResultGraphPrinter.java:70] Stack trace calling DomainResultGraphPrinter
java.lang.Exception: null
	at org.hibernate.sql.results.graph.DomainResultGraphPrinter.visitDomainResults(DomainResultGraphPrinter.java:70)
	at org.hibernate.sql.results.graph.DomainResultGraphPrinter.logDomainResultGraph(DomainResultGraphPrinter.java:46)
	at org.hibernate.sql.results.graph.DomainResultGraphPrinter.logDomainResultGraph(DomainResultGraphPrinter.java:37)
	at org.hibernate.sql.ast.spi.AbstractSqlAstTranslator.translateSelect(AbstractSqlAstTranslator.java:848)
	at org.hibernate.sql.ast.spi.AbstractSqlAstTranslator.translate(AbstractSqlAstTranslator.java:801)
	at org.hibernate.loader.ast.internal.SingleIdLoadPlan.<init>(SingleIdLoadPlan.java:67)
	at org.hibernate.loader.ast.internal.SingleIdEntityLoaderStandardImpl.createLoadPlan(SingleIdEntityLoaderStandardImpl.java:197)
	at org.hibernate.loader.ast.internal.SingleIdEntityLoaderStandardImpl.prepare(SingleIdEntityLoaderStandardImpl.java:55)
	at org.hibernate.persister.entity.AbstractEntityPersister.prepareLoader(AbstractEntityPersister.java:3486)
	at org.hibernate.persister.entity.AbstractEntityPersister.postInstantiate(AbstractEntityPersister.java:3480)
	at org.hibernate.metamodel.model.domain.internal.MappingMetamodelImpl.finishInitialization(MappingMetamodelImpl.java:204)
	at org.hibernate.internal.SessionFactoryImpl.initializeMappingModel(SessionFactoryImpl.java:321)
	at org.hibernate.internal.SessionFactoryImpl.<init>(SessionFactoryImpl.java:271)
	at org.hibernate.boot.internal.SessionFactoryBuilderImpl.build(SessionFactoryBuilderImpl.java:444)
	at org.hibernate.jpa.boot.internal.EntityManagerFactoryBuilderImpl.build(EntityManagerFactoryBuilderImpl.java:1458)
	at org.springframework.orm.jpa.vendor.SpringHibernateJpaPersistenceProvider.createContainerEntityManagerFactory(SpringHibernateJpaPersistenceProvider.java:75)
	at org.springframework.orm.jpa.LocalContainerEntityManagerFactoryBean.createNativeEntityManagerFactory(LocalContainerEntityManagerFactoryBean.java:376)
	at org.springframework.orm.jpa.AbstractEntityManagerFactoryBean.buildNativeEntityManagerFactory(AbstractEntityManagerFactoryBean.java:409)
	at org.springframework.orm.jpa.AbstractEntityManagerFactoryBean.afterPropertiesSet(AbstractEntityManagerFactoryBean.java:396)
	at org.springframework.orm.jpa.LocalContainerEntityManagerFactoryBean.afterPropertiesSet(LocalContainerEntityManagerFactoryBean.java:352)
	at org.springframework.beans.factory.support.AbstractAutowireCapableBeanFactory.invokeInitMethods(AbstractAutowireCapableBeanFactory.java:1817)
	at org.springframework.beans.factory.support.AbstractAutowireCapableBeanFactory.initializeBean(AbstractAutowireCapableBeanFactory.java:1766)
	at org.springframework.beans.factory.support.AbstractAutowireCapableBeanFactory.doCreateBean(AbstractAutowireCapableBeanFactory.java:598)
	at org.springframework.beans.factory.support.AbstractAutowireCapableBeanFactory.createBean(AbstractAutowireCapableBeanFactory.java:520)
	at org.springframework.beans.factory.support.AbstractBeanFactory.lambda$doGetBean$0(AbstractBeanFactory.java:325)
	at org.springframework.beans.factory.support.DefaultSingletonBeanRegistry.getSingleton(DefaultSingletonBeanRegistry.java:234)
	at org.springframework.beans.factory.support.AbstractBeanFactory.doGetBean(AbstractBeanFactory.java:323)
	at org.springframework.beans.factory.support.AbstractBeanFactory.getBean(AbstractBeanFactory.java:199)
	at org.springframework.context.support.AbstractApplicationContext.getBean(AbstractApplicationContext.java:1166)
	at org.springframework.context.support.AbstractApplicationContext.finishBeanFactoryInitialization(AbstractApplicationContext.java:940)
	at org.springframework.context.support.AbstractApplicationContext.refresh(AbstractApplicationContext.java:616)
	at org.springframework.boot.SpringApplication.refresh(SpringApplication.java:738)
	at org.springframework.boot.SpringApplication.refreshContext(SpringApplication.java:440)
	at org.springframework.boot.SpringApplication.run(SpringApplication.java:316)
	at org.springframework.boot.test.context.SpringBootContextLoader.lambda$loadContext$3(SpringBootContextLoader.java:137)
	at org.springframework.util.function.ThrowingSupplier.get(ThrowingSupplier.java:58)
	at org.springframework.util.function.ThrowingSupplier.get(ThrowingSupplier.java:46)
	at org.springframework.boot.SpringApplication.withHook(SpringApplication.java:1406)
	at org.springframework.boot.test.context.SpringBootContextLoader$ContextLoaderHook.run(SpringBootContextLoader.java:545)
	at org.springframework.boot.test.context.SpringBootContextLoader.loadContext(SpringBootContextLoader.java:137)
	at org.springframework.boot.test.context.SpringBootContextLoader.loadContext(SpringBootContextLoader.java:108)
	at org.springframework.test.context.cache.DefaultCacheAwareContextLoaderDelegate.loadContextInternal(DefaultCacheAwareContextLoaderDelegate.java:187)
	at org.springframework.test.context.cache.DefaultCacheAwareContextLoaderDelegate.loadContext(DefaultCacheAwareContextLoaderDelegate.java:119)
	at org.springframework.test.context.support.DefaultTestContext.getApplicationContext(DefaultTestContext.java:127)
	at org.springframework.test.context.web.ServletTestExecutionListener.setUpRequestContextIfNecessary(ServletTestExecutionListener.java:191)
	at org.springframework.test.context.web.ServletTestExecutionListener.prepareTestInstance(ServletTestExecutionListener.java:130)
	at org.springframework.test.context.TestContextManager.prepareTestInstance(TestContextManager.java:241)
	at org.springframework.test.context.junit.jupiter.SpringExtension.postProcessTestInstance(SpringExtension.java:138)
	at org.junit.jupiter.engine.descriptor.ClassBasedTestDescriptor.lambda$invokeTestInstancePostProcessors$10(ClassBasedTestDescriptor.java:377)
	at org.junit.jupiter.engine.descriptor.ClassBasedTestDescriptor.executeAndMaskThrowable(ClassBasedTestDescriptor.java:382)
	at org.junit.jupiter.engine.descriptor.ClassBasedTestDescriptor.lambda$invokeTestInstancePostProcessors$11(ClassBasedTestDescriptor.java:377)
	at java.base/java.util.stream.ReferencePipeline$3$1.accept(ReferencePipeline.java:197)
	at java.base/java.util.stream.ReferencePipeline$2$1.accept(ReferencePipeline.java:179)
	at java.base/java.util.ArrayList$ArrayListSpliterator.forEachRemaining(ArrayList.java:1625)
	at java.base/java.util.stream.AbstractPipeline.copyInto(AbstractPipeline.java:509)
	at java.base/java.util.stream.AbstractPipeline.wrapAndCopyInto(AbstractPipeline.java:499)
	at java.base/java.util.stream.StreamSpliterators$WrappingSpliterator.forEachRemaining(StreamSpliterators.java:310)
	at java.base/java.util.stream.Streams$ConcatSpliterator.forEachRemaining(Streams.java:735)
	at java.base/java.util.stream.Streams$ConcatSpliterator.forEachRemaining(Streams.java:734)
	at java.base/java.util.stream.ReferencePipeline$Head.forEach(ReferencePipeline.java:762)
	at org.junit.jupiter.engine.descriptor.ClassBasedTestDescriptor.invokeTestInstancePostProcessors(ClassBasedTestDescriptor.java:376)
	at org.junit.jupiter.engine.descriptor.ClassBasedTestDescriptor.lambda$instantiateAndPostProcessTestInstance$6(ClassBasedTestDescriptor.java:289)
	at org.junit.platform.engine.support.hierarchical.ThrowableCollector.execute(ThrowableCollector.java:73)
	at org.junit.jupiter.engine.descriptor.ClassBasedTestDescriptor.instantiateAndPostProcessTestInstance(ClassBasedTestDescriptor.java:288)
	at org.junit.jupiter.engine.descriptor.ClassBasedTestDescriptor.lambda$testInstancesProvider$4(ClassBasedTestDescriptor.java:278)
	at java.base/java.util.Optional.orElseGet(Optional.java:364)
	at org.junit.jupiter.engine.descriptor.ClassBasedTestDescriptor.lambda$testInstancesProvider$5(ClassBasedTestDescriptor.java:277)
	at org.junit.jupiter.engine.execution.TestInstancesProvider.getTestInstances(TestInstancesProvider.java:31)
	at org.junit.jupiter.engine.descriptor.TestMethodTestDescriptor.lambda$prepare$0(TestMethodTestDescriptor.java:105)
	at org.junit.platform.engine.support.hierarchical.ThrowableCollector.execute(ThrowableCollector.java:73)
	at org.junit.jupiter.engine.descriptor.TestMethodTestDescriptor.prepare(TestMethodTestDescriptor.java:104)
	at org.junit.jupiter.engine.descriptor.TestMethodTestDescriptor.prepare(TestMethodTestDescriptor.java:68)
	at org.junit.platform.engine.support.hierarchical.NodeTestTask.lambda$prepare$2(NodeTestTask.java:123)
	at org.junit.platform.engine.support.hierarchical.ThrowableCollector.execute(ThrowableCollector.java:73)
	at org.junit.platform.engine.support.hierarchical.NodeTestTask.prepare(NodeTestTask.java:123)
	at org.junit.platform.engine.support.hierarchical.NodeTestTask.execute(NodeTestTask.java:90)
	at java.base/java.util.ArrayList.forEach(ArrayList.java:1511)
	at org.junit.platform.engine.support.hierarchical.SameThreadHierarchicalTestExecutorService.invokeAll(SameThreadHierarchicalTestExecutorService.java:41)
	at org.junit.platform.engine.support.hierarchical.NodeTestTask.lambda$executeRecursively$6(NodeTestTask.java:155)
	at org.junit.platform.engine.support.hierarchical.ThrowableCollector.execute(ThrowableCollector.java:73)
	at org.junit.platform.engine.support.hierarchical.NodeTestTask.lambda$executeRecursively$8(NodeTestTask.java:141)
	at org.junit.platform.engine.support.hierarchical.Node.around(Node.java:137)
	at org.junit.platform.engine.support.hierarchical.NodeTestTask.lambda$executeRecursively$9(NodeTestTask.java:139)
	at org.junit.platform.engine.support.hierarchical.ThrowableCollector.execute(ThrowableCollector.java:73)
	at org.junit.platform.engine.support.hierarchical.NodeTestTask.executeRecursively(NodeTestTask.java:138)
	at org.junit.platform.engine.support.hierarchical.NodeTestTask.execute(NodeTestTask.java:95)
	at java.base/java.util.ArrayList.forEach(ArrayList.java:1511)
	at org.junit.platform.engine.support.hierarchical.SameThreadHierarchicalTestExecutorService.invokeAll(SameThreadHierarchicalTestExecutorService.java:41)
	at org.junit.platform.engine.support.hierarchical.NodeTestTask.lambda$executeRecursively$6(NodeTestTask.java:155)
	at org.junit.platform.engine.support.hierarchical.ThrowableCollector.execute(ThrowableCollector.java:73)
	at org.junit.platform.engine.support.hierarchical.NodeTestTask.lambda$executeRecursively$8(NodeTestTask.java:141)
	at org.junit.platform.engine.support.hierarchical.Node.around(Node.java:137)
	at org.junit.platform.engine.support.hierarchical.NodeTestTask.lambda$executeRecursively$9(NodeTestTask.java:139)
	at org.junit.platform.engine.support.hierarchical.ThrowableCollector.execute(ThrowableCollector.java:73)
	at org.junit.platform.engine.support.hierarchical.NodeTestTask.executeRecursively(NodeTestTask.java:138)
	at org.junit.platform.engine.support.hierarchical.NodeTestTask.execute(NodeTestTask.java:95)
	at org.junit.platform.engine.support.hierarchical.SameThreadHierarchicalTestExecutorService.submit(SameThreadHierarchicalTestExecutorService.java:35)
	at org.junit.platform.engine.support.hierarchical.HierarchicalTestExecutor.execute(HierarchicalTestExecutor.java:57)
	at org.junit.platform.engine.support.hierarchical.HierarchicalTestEngine.execute(HierarchicalTestEngine.java:54)
	at org.junit.platform.launcher.core.EngineExecutionOrchestrator.execute(EngineExecutionOrchestrator.java:147)
	at org.junit.platform.launcher.core.EngineExecutionOrchestrator.execute(EngineExecutionOrchestrator.java:127)
	at org.junit.platform.launcher.core.EngineExecutionOrchestrator.execute(EngineExecutionOrchestrator.java:90)
	at org.junit.platform.launcher.core.EngineExecutionOrchestrator.lambda$execute$0(EngineExecutionOrchestrator.java:55)
	at org.junit.platform.launcher.core.EngineExecutionOrchestrator.withInterceptedStreams(EngineExecutionOrchestrator.java:102)
	at org.junit.platform.launcher.core.EngineExecutionOrchestrator.execute(EngineExecutionOrchestrator.java:54)
	at org.junit.platform.launcher.core.DefaultLauncher.execute(DefaultLauncher.java:114)
	at org.junit.platform.launcher.core.DefaultLauncher.execute(DefaultLauncher.java:86)
	at org.junit.platform.launcher.core.DefaultLauncherSession$DelegatingLauncher.execute(DefaultLauncherSession.java:86)
	at org.apache.maven.surefire.junitplatform.LazyLauncher.execute(LazyLauncher.java:50)
	at org.apache.maven.surefire.junitplatform.JUnitPlatformProvider.execute(JUnitPlatformProvider.java:184)
	at org.apache.maven.surefire.junitplatform.JUnitPlatformProvider.invokeAllTests(JUnitPlatformProvider.java:148)
	at org.apache.maven.surefire.junitplatform.JUnitPlatformProvider.invoke(JUnitPlatformProvider.java:122)
	at org.apache.maven.surefire.booter.ForkedBooter.runSuitesInProcess(ForkedBooter.java:385)
	at org.apache.maven.surefire.booter.ForkedBooter.execute(ForkedBooter.java:162)
	at org.apache.maven.surefire.booter.ForkedBooter.run(ForkedBooter.java:507)
	at org.apache.maven.surefire.booter.ForkedBooter.main(ForkedBooter.java:495)
2023-11-24 12:36:41,652 DEBUG o.h.o.s.a.tree [SqlTreePrinter.java:46] SQL AST Tree:
    SelectStatement {
      FromClause {
        StandardTableGroup (s1 : franco.maurizio.hr.desk.com.persistence.entity.Survey) {
          primaryTableReference : surveys as s1_0
        }
      }
    }

2023-11-24 12:36:41,653 DEBUG o.h.p.e.AbstractEntityPersister [AbstractEntityPersister.java:2904] Static SQL for entity: franco.maurizio.hr.desk.com.persistence.entity.PositionUserOwner
2023-11-24 12:36:41,653 DEBUG o.h.p.e.AbstractEntityPersister [AbstractEntityPersister.java:2909]  Version select: select id from positionuserowner where id=?
2023-11-24 12:36:41,653 DEBUG o.h.p.e.AbstractEntityPersister [DelegatingBasicLogger.java:393]  Insert (0): insert into positionuserowner (course_page_id,user_id) values (?,?)
2023-11-24 12:36:41,653 DEBUG o.h.p.e.AbstractEntityPersister [DelegatingBasicLogger.java:393]  Update (0): update positionuserowner set course_page_id=?,user_id=? where id=?
2023-11-24 12:36:41,653 DEBUG o.h.p.e.AbstractEntityPersister [DelegatingBasicLogger.java:393]  Delete (0): delete from positionuserowner where id=?
2023-11-24 12:36:41,654 DEBUG o.h.o.s.a.create [SqlAliasBaseImpl.java:33] Created new SQL alias : p1_0
2023-11-24 12:36:41,654 DEBUG o.h.o.s.a.create [SimpleFromClauseAccessImpl.java:98] Registration of TableGroup [StandardTableGroup(franco.maurizio.hr.desk.com.persistence.entity.PositionUserOwner)] with identifierForTableGroup [franco.maurizio.hr.desk.com.persistence.entity.PositionUserOwner] for NavigablePath [franco.maurizio.hr.desk.com.persistence.entity.PositionUserOwner] 
2023-11-24 12:36:41,654 TRACE o.h.l.a.i.LoaderSelectBuilder [LoaderSelectBuilder.java:779] Starting visitation of FetchParent's Fetchables : franco.maurizio.hr.desk.com.persistence.entity.PositionUserOwner
2023-11-24 12:36:41,655 DEBUG o.h.o.r.g.AST [DomainResultGraphPrinter.java:67] DomainResult Graph:
 \-EntityResultImpl [franco.maurizio.hr.desk.com.persistence.entity.PositionUserOwner]
 |  +-BasicFetch [franco.maurizio.hr.desk.com.persistence.entity.PositionUserOwner.coursePageId]
 |  \-BasicFetch [franco.maurizio.hr.desk.com.persistence.entity.PositionUserOwner.userId]

2023-11-24 12:36:41,655 TRACE o.h.o.r.g.AST [DomainResultGraphPrinter.java:70] Stack trace calling DomainResultGraphPrinter
java.lang.Exception: null
	at org.hibernate.sql.results.graph.DomainResultGraphPrinter.visitDomainResults(DomainResultGraphPrinter.java:70)
	at org.hibernate.sql.results.graph.DomainResultGraphPrinter.logDomainResultGraph(DomainResultGraphPrinter.java:46)
	at org.hibernate.sql.results.graph.DomainResultGraphPrinter.logDomainResultGraph(DomainResultGraphPrinter.java:37)
	at org.hibernate.sql.ast.spi.AbstractSqlAstTranslator.translateSelect(AbstractSqlAstTranslator.java:848)
	at org.hibernate.sql.ast.spi.AbstractSqlAstTranslator.translate(AbstractSqlAstTranslator.java:801)
	at org.hibernate.loader.ast.internal.SingleIdLoadPlan.<init>(SingleIdLoadPlan.java:67)
	at org.hibernate.loader.ast.internal.SingleIdEntityLoaderStandardImpl.createLoadPlan(SingleIdEntityLoaderStandardImpl.java:197)
	at org.hibernate.loader.ast.internal.SingleIdEntityLoaderStandardImpl.prepare(SingleIdEntityLoaderStandardImpl.java:55)
	at org.hibernate.persister.entity.AbstractEntityPersister.prepareLoader(AbstractEntityPersister.java:3486)
	at org.hibernate.persister.entity.AbstractEntityPersister.postInstantiate(AbstractEntityPersister.java:3480)
	at org.hibernate.metamodel.model.domain.internal.MappingMetamodelImpl.finishInitialization(MappingMetamodelImpl.java:204)
	at org.hibernate.internal.SessionFactoryImpl.initializeMappingModel(SessionFactoryImpl.java:321)
	at org.hibernate.internal.SessionFactoryImpl.<init>(SessionFactoryImpl.java:271)
	at org.hibernate.boot.internal.SessionFactoryBuilderImpl.build(SessionFactoryBuilderImpl.java:444)
	at org.hibernate.jpa.boot.internal.EntityManagerFactoryBuilderImpl.build(EntityManagerFactoryBuilderImpl.java:1458)
	at org.springframework.orm.jpa.vendor.SpringHibernateJpaPersistenceProvider.createContainerEntityManagerFactory(SpringHibernateJpaPersistenceProvider.java:75)
	at org.springframework.orm.jpa.LocalContainerEntityManagerFactoryBean.createNativeEntityManagerFactory(LocalContainerEntityManagerFactoryBean.java:376)
	at org.springframework.orm.jpa.AbstractEntityManagerFactoryBean.buildNativeEntityManagerFactory(AbstractEntityManagerFactoryBean.java:409)
	at org.springframework.orm.jpa.AbstractEntityManagerFactoryBean.afterPropertiesSet(AbstractEntityManagerFactoryBean.java:396)
	at org.springframework.orm.jpa.LocalContainerEntityManagerFactoryBean.afterPropertiesSet(LocalContainerEntityManagerFactoryBean.java:352)
	at org.springframework.beans.factory.support.AbstractAutowireCapableBeanFactory.invokeInitMethods(AbstractAutowireCapableBeanFactory.java:1817)
	at org.springframework.beans.factory.support.AbstractAutowireCapableBeanFactory.initializeBean(AbstractAutowireCapableBeanFactory.java:1766)
	at org.springframework.beans.factory.support.AbstractAutowireCapableBeanFactory.doCreateBean(AbstractAutowireCapableBeanFactory.java:598)
	at org.springframework.beans.factory.support.AbstractAutowireCapableBeanFactory.createBean(AbstractAutowireCapableBeanFactory.java:520)
	at org.springframework.beans.factory.support.AbstractBeanFactory.lambda$doGetBean$0(AbstractBeanFactory.java:325)
	at org.springframework.beans.factory.support.DefaultSingletonBeanRegistry.getSingleton(DefaultSingletonBeanRegistry.java:234)
	at org.springframework.beans.factory.support.AbstractBeanFactory.doGetBean(AbstractBeanFactory.java:323)
	at org.springframework.beans.factory.support.AbstractBeanFactory.getBean(AbstractBeanFactory.java:199)
	at org.springframework.context.support.AbstractApplicationContext.getBean(AbstractApplicationContext.java:1166)
	at org.springframework.context.support.AbstractApplicationContext.finishBeanFactoryInitialization(AbstractApplicationContext.java:940)
	at org.springframework.context.support.AbstractApplicationContext.refresh(AbstractApplicationContext.java:616)
	at org.springframework.boot.SpringApplication.refresh(SpringApplication.java:738)
	at org.springframework.boot.SpringApplication.refreshContext(SpringApplication.java:440)
	at org.springframework.boot.SpringApplication.run(SpringApplication.java:316)
	at org.springframework.boot.test.context.SpringBootContextLoader.lambda$loadContext$3(SpringBootContextLoader.java:137)
	at org.springframework.util.function.ThrowingSupplier.get(ThrowingSupplier.java:58)
	at org.springframework.util.function.ThrowingSupplier.get(ThrowingSupplier.java:46)
	at org.springframework.boot.SpringApplication.withHook(SpringApplication.java:1406)
	at org.springframework.boot.test.context.SpringBootContextLoader$ContextLoaderHook.run(SpringBootContextLoader.java:545)
	at org.springframework.boot.test.context.SpringBootContextLoader.loadContext(SpringBootContextLoader.java:137)
	at org.springframework.boot.test.context.SpringBootContextLoader.loadContext(SpringBootContextLoader.java:108)
	at org.springframework.test.context.cache.DefaultCacheAwareContextLoaderDelegate.loadContextInternal(DefaultCacheAwareContextLoaderDelegate.java:187)
	at org.springframework.test.context.cache.DefaultCacheAwareContextLoaderDelegate.loadContext(DefaultCacheAwareContextLoaderDelegate.java:119)
	at org.springframework.test.context.support.DefaultTestContext.getApplicationContext(DefaultTestContext.java:127)
	at org.springframework.test.context.web.ServletTestExecutionListener.setUpRequestContextIfNecessary(ServletTestExecutionListener.java:191)
	at org.springframework.test.context.web.ServletTestExecutionListener.prepareTestInstance(ServletTestExecutionListener.java:130)
	at org.springframework.test.context.TestContextManager.prepareTestInstance(TestContextManager.java:241)
	at org.springframework.test.context.junit.jupiter.SpringExtension.postProcessTestInstance(SpringExtension.java:138)
	at org.junit.jupiter.engine.descriptor.ClassBasedTestDescriptor.lambda$invokeTestInstancePostProcessors$10(ClassBasedTestDescriptor.java:377)
	at org.junit.jupiter.engine.descriptor.ClassBasedTestDescriptor.executeAndMaskThrowable(ClassBasedTestDescriptor.java:382)
	at org.junit.jupiter.engine.descriptor.ClassBasedTestDescriptor.lambda$invokeTestInstancePostProcessors$11(ClassBasedTestDescriptor.java:377)
	at java.base/java.util.stream.ReferencePipeline$3$1.accept(ReferencePipeline.java:197)
	at java.base/java.util.stream.ReferencePipeline$2$1.accept(ReferencePipeline.java:179)
	at java.base/java.util.ArrayList$ArrayListSpliterator.forEachRemaining(ArrayList.java:1625)
	at java.base/java.util.stream.AbstractPipeline.copyInto(AbstractPipeline.java:509)
	at java.base/java.util.stream.AbstractPipeline.wrapAndCopyInto(AbstractPipeline.java:499)
	at java.base/java.util.stream.StreamSpliterators$WrappingSpliterator.forEachRemaining(StreamSpliterators.java:310)
	at java.base/java.util.stream.Streams$ConcatSpliterator.forEachRemaining(Streams.java:735)
	at java.base/java.util.stream.Streams$ConcatSpliterator.forEachRemaining(Streams.java:734)
	at java.base/java.util.stream.ReferencePipeline$Head.forEach(ReferencePipeline.java:762)
	at org.junit.jupiter.engine.descriptor.ClassBasedTestDescriptor.invokeTestInstancePostProcessors(ClassBasedTestDescriptor.java:376)
	at org.junit.jupiter.engine.descriptor.ClassBasedTestDescriptor.lambda$instantiateAndPostProcessTestInstance$6(ClassBasedTestDescriptor.java:289)
	at org.junit.platform.engine.support.hierarchical.ThrowableCollector.execute(ThrowableCollector.java:73)
	at org.junit.jupiter.engine.descriptor.ClassBasedTestDescriptor.instantiateAndPostProcessTestInstance(ClassBasedTestDescriptor.java:288)
	at org.junit.jupiter.engine.descriptor.ClassBasedTestDescriptor.lambda$testInstancesProvider$4(ClassBasedTestDescriptor.java:278)
	at java.base/java.util.Optional.orElseGet(Optional.java:364)
	at org.junit.jupiter.engine.descriptor.ClassBasedTestDescriptor.lambda$testInstancesProvider$5(ClassBasedTestDescriptor.java:277)
	at org.junit.jupiter.engine.execution.TestInstancesProvider.getTestInstances(TestInstancesProvider.java:31)
	at org.junit.jupiter.engine.descriptor.TestMethodTestDescriptor.lambda$prepare$0(TestMethodTestDescriptor.java:105)
	at org.junit.platform.engine.support.hierarchical.ThrowableCollector.execute(ThrowableCollector.java:73)
	at org.junit.jupiter.engine.descriptor.TestMethodTestDescriptor.prepare(TestMethodTestDescriptor.java:104)
	at org.junit.jupiter.engine.descriptor.TestMethodTestDescriptor.prepare(TestMethodTestDescriptor.java:68)
	at org.junit.platform.engine.support.hierarchical.NodeTestTask.lambda$prepare$2(NodeTestTask.java:123)
	at org.junit.platform.engine.support.hierarchical.ThrowableCollector.execute(ThrowableCollector.java:73)
	at org.junit.platform.engine.support.hierarchical.NodeTestTask.prepare(NodeTestTask.java:123)
	at org.junit.platform.engine.support.hierarchical.NodeTestTask.execute(NodeTestTask.java:90)
	at java.base/java.util.ArrayList.forEach(ArrayList.java:1511)
	at org.junit.platform.engine.support.hierarchical.SameThreadHierarchicalTestExecutorService.invokeAll(SameThreadHierarchicalTestExecutorService.java:41)
	at org.junit.platform.engine.support.hierarchical.NodeTestTask.lambda$executeRecursively$6(NodeTestTask.java:155)
	at org.junit.platform.engine.support.hierarchical.ThrowableCollector.execute(ThrowableCollector.java:73)
	at org.junit.platform.engine.support.hierarchical.NodeTestTask.lambda$executeRecursively$8(NodeTestTask.java:141)
	at org.junit.platform.engine.support.hierarchical.Node.around(Node.java:137)
	at org.junit.platform.engine.support.hierarchical.NodeTestTask.lambda$executeRecursively$9(NodeTestTask.java:139)
	at org.junit.platform.engine.support.hierarchical.ThrowableCollector.execute(ThrowableCollector.java:73)
	at org.junit.platform.engine.support.hierarchical.NodeTestTask.executeRecursively(NodeTestTask.java:138)
	at org.junit.platform.engine.support.hierarchical.NodeTestTask.execute(NodeTestTask.java:95)
	at java.base/java.util.ArrayList.forEach(ArrayList.java:1511)
	at org.junit.platform.engine.support.hierarchical.SameThreadHierarchicalTestExecutorService.invokeAll(SameThreadHierarchicalTestExecutorService.java:41)
	at org.junit.platform.engine.support.hierarchical.NodeTestTask.lambda$executeRecursively$6(NodeTestTask.java:155)
	at org.junit.platform.engine.support.hierarchical.ThrowableCollector.execute(ThrowableCollector.java:73)
	at org.junit.platform.engine.support.hierarchical.NodeTestTask.lambda$executeRecursively$8(NodeTestTask.java:141)
	at org.junit.platform.engine.support.hierarchical.Node.around(Node.java:137)
	at org.junit.platform.engine.support.hierarchical.NodeTestTask.lambda$executeRecursively$9(NodeTestTask.java:139)
	at org.junit.platform.engine.support.hierarchical.ThrowableCollector.execute(ThrowableCollector.java:73)
	at org.junit.platform.engine.support.hierarchical.NodeTestTask.executeRecursively(NodeTestTask.java:138)
	at org.junit.platform.engine.support.hierarchical.NodeTestTask.execute(NodeTestTask.java:95)
	at org.junit.platform.engine.support.hierarchical.SameThreadHierarchicalTestExecutorService.submit(SameThreadHierarchicalTestExecutorService.java:35)
	at org.junit.platform.engine.support.hierarchical.HierarchicalTestExecutor.execute(HierarchicalTestExecutor.java:57)
	at org.junit.platform.engine.support.hierarchical.HierarchicalTestEngine.execute(HierarchicalTestEngine.java:54)
	at org.junit.platform.launcher.core.EngineExecutionOrchestrator.execute(EngineExecutionOrchestrator.java:147)
	at org.junit.platform.launcher.core.EngineExecutionOrchestrator.execute(EngineExecutionOrchestrator.java:127)
	at org.junit.platform.launcher.core.EngineExecutionOrchestrator.execute(EngineExecutionOrchestrator.java:90)
	at org.junit.platform.launcher.core.EngineExecutionOrchestrator.lambda$execute$0(EngineExecutionOrchestrator.java:55)
	at org.junit.platform.launcher.core.EngineExecutionOrchestrator.withInterceptedStreams(EngineExecutionOrchestrator.java:102)
	at org.junit.platform.launcher.core.EngineExecutionOrchestrator.execute(EngineExecutionOrchestrator.java:54)
	at org.junit.platform.launcher.core.DefaultLauncher.execute(DefaultLauncher.java:114)
	at org.junit.platform.launcher.core.DefaultLauncher.execute(DefaultLauncher.java:86)
	at org.junit.platform.launcher.core.DefaultLauncherSession$DelegatingLauncher.execute(DefaultLauncherSession.java:86)
	at org.apache.maven.surefire.junitplatform.LazyLauncher.execute(LazyLauncher.java:50)
	at org.apache.maven.surefire.junitplatform.JUnitPlatformProvider.execute(JUnitPlatformProvider.java:184)
	at org.apache.maven.surefire.junitplatform.JUnitPlatformProvider.invokeAllTests(JUnitPlatformProvider.java:148)
	at org.apache.maven.surefire.junitplatform.JUnitPlatformProvider.invoke(JUnitPlatformProvider.java:122)
	at org.apache.maven.surefire.booter.ForkedBooter.runSuitesInProcess(ForkedBooter.java:385)
	at org.apache.maven.surefire.booter.ForkedBooter.execute(ForkedBooter.java:162)
	at org.apache.maven.surefire.booter.ForkedBooter.run(ForkedBooter.java:507)
	at org.apache.maven.surefire.booter.ForkedBooter.main(ForkedBooter.java:495)
2023-11-24 12:36:41,656 DEBUG o.h.o.s.a.tree [SqlTreePrinter.java:46] SQL AST Tree:
    SelectStatement {
      FromClause {
        StandardTableGroup (p1 : franco.maurizio.hr.desk.com.persistence.entity.PositionUserOwner) {
          primaryTableReference : positionuserowner as p1_0
        }
      }
    }

2023-11-24 12:36:41,658 DEBUG o.h.p.e.AbstractEntityPersister [AbstractEntityPersister.java:2904] Static SQL for entity: franco.maurizio.hr.desk.com.persistence.entity.Question
2023-11-24 12:36:41,658 DEBUG o.h.p.e.AbstractEntityPersister [AbstractEntityPersister.java:2909]  Version select: select id from questions where id=?
2023-11-24 12:36:41,659 DEBUG o.h.p.e.AbstractEntityPersister [DelegatingBasicLogger.java:393]  Insert (0): insert into questions (ansa,ansb,ansc,ansd,anse,ansf,ansg,ansh,cansa,cansb,cansc,cansd,canse,cansf,cansg,cansh,description,full_answer,label) values (?,?,?,?,?,?,?,?,?,?,?,?,?,?,?,?,?,?,?)
2023-11-24 12:36:41,659 DEBUG o.h.p.e.AbstractEntityPersister [DelegatingBasicLogger.java:393]  Update (0): update questions set ansa=?,ansb=?,ansc=?,ansd=?,anse=?,ansf=?,ansg=?,ansh=?,cansa=?,cansb=?,cansc=?,cansd=?,canse=?,cansf=?,cansg=?,cansh=?,description=?,full_answer=?,label=? where id=?
2023-11-24 12:36:41,659 DEBUG o.h.p.e.AbstractEntityPersister [DelegatingBasicLogger.java:393]  Delete (0): delete from questions where id=?
2023-11-24 12:36:41,659 DEBUG o.h.o.s.a.create [SqlAliasBaseImpl.java:33] Created new SQL alias : q1_0
2023-11-24 12:36:41,660 DEBUG o.h.o.s.a.create [SimpleFromClauseAccessImpl.java:98] Registration of TableGroup [StandardTableGroup(franco.maurizio.hr.desk.com.persistence.entity.Question)] with identifierForTableGroup [franco.maurizio.hr.desk.com.persistence.entity.Question] for NavigablePath [franco.maurizio.hr.desk.com.persistence.entity.Question] 
2023-11-24 12:36:41,660 TRACE o.h.l.a.i.LoaderSelectBuilder [LoaderSelectBuilder.java:779] Starting visitation of FetchParent's Fetchables : franco.maurizio.hr.desk.com.persistence.entity.Question
2023-11-24 12:36:41,661 DEBUG o.h.o.r.g.AST [DomainResultGraphPrinter.java:67] DomainResult Graph:
 \-EntityResultImpl [franco.maurizio.hr.desk.com.persistence.entity.Question]
 |  +-BasicFetch [franco.maurizio.hr.desk.com.persistence.entity.Question.ansa]
 |  +-BasicFetch [franco.maurizio.hr.desk.com.persistence.entity.Question.ansb]
 |  +-BasicFetch [franco.maurizio.hr.desk.com.persistence.entity.Question.ansc]
 |  +-BasicFetch [franco.maurizio.hr.desk.com.persistence.entity.Question.ansd]
 |  +-BasicFetch [franco.maurizio.hr.desk.com.persistence.entity.Question.anse]
 |  +-BasicFetch [franco.maurizio.hr.desk.com.persistence.entity.Question.ansf]
 |  +-BasicFetch [franco.maurizio.hr.desk.com.persistence.entity.Question.ansg]
 |  +-BasicFetch [franco.maurizio.hr.desk.com.persistence.entity.Question.ansh]
 |  +-BasicFetch [franco.maurizio.hr.desk.com.persistence.entity.Question.cansa]
 |  +-BasicFetch [franco.maurizio.hr.desk.com.persistence.entity.Question.cansb]
 |  +-BasicFetch [franco.maurizio.hr.desk.com.persistence.entity.Question.cansc]
 |  +-BasicFetch [franco.maurizio.hr.desk.com.persistence.entity.Question.cansd]
 |  +-BasicFetch [franco.maurizio.hr.desk.com.persistence.entity.Question.canse]
 |  +-BasicFetch [franco.maurizio.hr.desk.com.persistence.entity.Question.cansf]
 |  +-BasicFetch [franco.maurizio.hr.desk.com.persistence.entity.Question.cansg]
 |  +-BasicFetch [franco.maurizio.hr.desk.com.persistence.entity.Question.cansh]
 |  +-BasicFetch [franco.maurizio.hr.desk.com.persistence.entity.Question.description]
 |  +-BasicFetch [franco.maurizio.hr.desk.com.persistence.entity.Question.fullAnswer]
 |  \-BasicFetch [franco.maurizio.hr.desk.com.persistence.entity.Question.label]

2023-11-24 12:36:41,661 TRACE o.h.o.r.g.AST [DomainResultGraphPrinter.java:70] Stack trace calling DomainResultGraphPrinter
java.lang.Exception: null
	at org.hibernate.sql.results.graph.DomainResultGraphPrinter.visitDomainResults(DomainResultGraphPrinter.java:70)
	at org.hibernate.sql.results.graph.DomainResultGraphPrinter.logDomainResultGraph(DomainResultGraphPrinter.java:46)
	at org.hibernate.sql.results.graph.DomainResultGraphPrinter.logDomainResultGraph(DomainResultGraphPrinter.java:37)
	at org.hibernate.sql.ast.spi.AbstractSqlAstTranslator.translateSelect(AbstractSqlAstTranslator.java:848)
	at org.hibernate.sql.ast.spi.AbstractSqlAstTranslator.translate(AbstractSqlAstTranslator.java:801)
	at org.hibernate.loader.ast.internal.SingleIdLoadPlan.<init>(SingleIdLoadPlan.java:67)
	at org.hibernate.loader.ast.internal.SingleIdEntityLoaderStandardImpl.createLoadPlan(SingleIdEntityLoaderStandardImpl.java:197)
	at org.hibernate.loader.ast.internal.SingleIdEntityLoaderStandardImpl.prepare(SingleIdEntityLoaderStandardImpl.java:55)
	at org.hibernate.persister.entity.AbstractEntityPersister.prepareLoader(AbstractEntityPersister.java:3486)
	at org.hibernate.persister.entity.AbstractEntityPersister.postInstantiate(AbstractEntityPersister.java:3480)
	at org.hibernate.metamodel.model.domain.internal.MappingMetamodelImpl.finishInitialization(MappingMetamodelImpl.java:204)
	at org.hibernate.internal.SessionFactoryImpl.initializeMappingModel(SessionFactoryImpl.java:321)
	at org.hibernate.internal.SessionFactoryImpl.<init>(SessionFactoryImpl.java:271)
	at org.hibernate.boot.internal.SessionFactoryBuilderImpl.build(SessionFactoryBuilderImpl.java:444)
	at org.hibernate.jpa.boot.internal.EntityManagerFactoryBuilderImpl.build(EntityManagerFactoryBuilderImpl.java:1458)
	at org.springframework.orm.jpa.vendor.SpringHibernateJpaPersistenceProvider.createContainerEntityManagerFactory(SpringHibernateJpaPersistenceProvider.java:75)
	at org.springframework.orm.jpa.LocalContainerEntityManagerFactoryBean.createNativeEntityManagerFactory(LocalContainerEntityManagerFactoryBean.java:376)
	at org.springframework.orm.jpa.AbstractEntityManagerFactoryBean.buildNativeEntityManagerFactory(AbstractEntityManagerFactoryBean.java:409)
	at org.springframework.orm.jpa.AbstractEntityManagerFactoryBean.afterPropertiesSet(AbstractEntityManagerFactoryBean.java:396)
	at org.springframework.orm.jpa.LocalContainerEntityManagerFactoryBean.afterPropertiesSet(LocalContainerEntityManagerFactoryBean.java:352)
	at org.springframework.beans.factory.support.AbstractAutowireCapableBeanFactory.invokeInitMethods(AbstractAutowireCapableBeanFactory.java:1817)
	at org.springframework.beans.factory.support.AbstractAutowireCapableBeanFactory.initializeBean(AbstractAutowireCapableBeanFactory.java:1766)
	at org.springframework.beans.factory.support.AbstractAutowireCapableBeanFactory.doCreateBean(AbstractAutowireCapableBeanFactory.java:598)
	at org.springframework.beans.factory.support.AbstractAutowireCapableBeanFactory.createBean(AbstractAutowireCapableBeanFactory.java:520)
	at org.springframework.beans.factory.support.AbstractBeanFactory.lambda$doGetBean$0(AbstractBeanFactory.java:325)
	at org.springframework.beans.factory.support.DefaultSingletonBeanRegistry.getSingleton(DefaultSingletonBeanRegistry.java:234)
	at org.springframework.beans.factory.support.AbstractBeanFactory.doGetBean(AbstractBeanFactory.java:323)
	at org.springframework.beans.factory.support.AbstractBeanFactory.getBean(AbstractBeanFactory.java:199)
	at org.springframework.context.support.AbstractApplicationContext.getBean(AbstractApplicationContext.java:1166)
	at org.springframework.context.support.AbstractApplicationContext.finishBeanFactoryInitialization(AbstractApplicationContext.java:940)
	at org.springframework.context.support.AbstractApplicationContext.refresh(AbstractApplicationContext.java:616)
	at org.springframework.boot.SpringApplication.refresh(SpringApplication.java:738)
	at org.springframework.boot.SpringApplication.refreshContext(SpringApplication.java:440)
	at org.springframework.boot.SpringApplication.run(SpringApplication.java:316)
	at org.springframework.boot.test.context.SpringBootContextLoader.lambda$loadContext$3(SpringBootContextLoader.java:137)
	at org.springframework.util.function.ThrowingSupplier.get(ThrowingSupplier.java:58)
	at org.springframework.util.function.ThrowingSupplier.get(ThrowingSupplier.java:46)
	at org.springframework.boot.SpringApplication.withHook(SpringApplication.java:1406)
	at org.springframework.boot.test.context.SpringBootContextLoader$ContextLoaderHook.run(SpringBootContextLoader.java:545)
	at org.springframework.boot.test.context.SpringBootContextLoader.loadContext(SpringBootContextLoader.java:137)
	at org.springframework.boot.test.context.SpringBootContextLoader.loadContext(SpringBootContextLoader.java:108)
	at org.springframework.test.context.cache.DefaultCacheAwareContextLoaderDelegate.loadContextInternal(DefaultCacheAwareContextLoaderDelegate.java:187)
	at org.springframework.test.context.cache.DefaultCacheAwareContextLoaderDelegate.loadContext(DefaultCacheAwareContextLoaderDelegate.java:119)
	at org.springframework.test.context.support.DefaultTestContext.getApplicationContext(DefaultTestContext.java:127)
	at org.springframework.test.context.web.ServletTestExecutionListener.setUpRequestContextIfNecessary(ServletTestExecutionListener.java:191)
	at org.springframework.test.context.web.ServletTestExecutionListener.prepareTestInstance(ServletTestExecutionListener.java:130)
	at org.springframework.test.context.TestContextManager.prepareTestInstance(TestContextManager.java:241)
	at org.springframework.test.context.junit.jupiter.SpringExtension.postProcessTestInstance(SpringExtension.java:138)
	at org.junit.jupiter.engine.descriptor.ClassBasedTestDescriptor.lambda$invokeTestInstancePostProcessors$10(ClassBasedTestDescriptor.java:377)
	at org.junit.jupiter.engine.descriptor.ClassBasedTestDescriptor.executeAndMaskThrowable(ClassBasedTestDescriptor.java:382)
	at org.junit.jupiter.engine.descriptor.ClassBasedTestDescriptor.lambda$invokeTestInstancePostProcessors$11(ClassBasedTestDescriptor.java:377)
	at java.base/java.util.stream.ReferencePipeline$3$1.accept(ReferencePipeline.java:197)
	at java.base/java.util.stream.ReferencePipeline$2$1.accept(ReferencePipeline.java:179)
	at java.base/java.util.ArrayList$ArrayListSpliterator.forEachRemaining(ArrayList.java:1625)
	at java.base/java.util.stream.AbstractPipeline.copyInto(AbstractPipeline.java:509)
	at java.base/java.util.stream.AbstractPipeline.wrapAndCopyInto(AbstractPipeline.java:499)
	at java.base/java.util.stream.StreamSpliterators$WrappingSpliterator.forEachRemaining(StreamSpliterators.java:310)
	at java.base/java.util.stream.Streams$ConcatSpliterator.forEachRemaining(Streams.java:735)
	at java.base/java.util.stream.Streams$ConcatSpliterator.forEachRemaining(Streams.java:734)
	at java.base/java.util.stream.ReferencePipeline$Head.forEach(ReferencePipeline.java:762)
	at org.junit.jupiter.engine.descriptor.ClassBasedTestDescriptor.invokeTestInstancePostProcessors(ClassBasedTestDescriptor.java:376)
	at org.junit.jupiter.engine.descriptor.ClassBasedTestDescriptor.lambda$instantiateAndPostProcessTestInstance$6(ClassBasedTestDescriptor.java:289)
	at org.junit.platform.engine.support.hierarchical.ThrowableCollector.execute(ThrowableCollector.java:73)
	at org.junit.jupiter.engine.descriptor.ClassBasedTestDescriptor.instantiateAndPostProcessTestInstance(ClassBasedTestDescriptor.java:288)
	at org.junit.jupiter.engine.descriptor.ClassBasedTestDescriptor.lambda$testInstancesProvider$4(ClassBasedTestDescriptor.java:278)
	at java.base/java.util.Optional.orElseGet(Optional.java:364)
	at org.junit.jupiter.engine.descriptor.ClassBasedTestDescriptor.lambda$testInstancesProvider$5(ClassBasedTestDescriptor.java:277)
	at org.junit.jupiter.engine.execution.TestInstancesProvider.getTestInstances(TestInstancesProvider.java:31)
	at org.junit.jupiter.engine.descriptor.TestMethodTestDescriptor.lambda$prepare$0(TestMethodTestDescriptor.java:105)
	at org.junit.platform.engine.support.hierarchical.ThrowableCollector.execute(ThrowableCollector.java:73)
	at org.junit.jupiter.engine.descriptor.TestMethodTestDescriptor.prepare(TestMethodTestDescriptor.java:104)
	at org.junit.jupiter.engine.descriptor.TestMethodTestDescriptor.prepare(TestMethodTestDescriptor.java:68)
	at org.junit.platform.engine.support.hierarchical.NodeTestTask.lambda$prepare$2(NodeTestTask.java:123)
	at org.junit.platform.engine.support.hierarchical.ThrowableCollector.execute(ThrowableCollector.java:73)
	at org.junit.platform.engine.support.hierarchical.NodeTestTask.prepare(NodeTestTask.java:123)
	at org.junit.platform.engine.support.hierarchical.NodeTestTask.execute(NodeTestTask.java:90)
	at java.base/java.util.ArrayList.forEach(ArrayList.java:1511)
	at org.junit.platform.engine.support.hierarchical.SameThreadHierarchicalTestExecutorService.invokeAll(SameThreadHierarchicalTestExecutorService.java:41)
	at org.junit.platform.engine.support.hierarchical.NodeTestTask.lambda$executeRecursively$6(NodeTestTask.java:155)
	at org.junit.platform.engine.support.hierarchical.ThrowableCollector.execute(ThrowableCollector.java:73)
	at org.junit.platform.engine.support.hierarchical.NodeTestTask.lambda$executeRecursively$8(NodeTestTask.java:141)
	at org.junit.platform.engine.support.hierarchical.Node.around(Node.java:137)
	at org.junit.platform.engine.support.hierarchical.NodeTestTask.lambda$executeRecursively$9(NodeTestTask.java:139)
	at org.junit.platform.engine.support.hierarchical.ThrowableCollector.execute(ThrowableCollector.java:73)
	at org.junit.platform.engine.support.hierarchical.NodeTestTask.executeRecursively(NodeTestTask.java:138)
	at org.junit.platform.engine.support.hierarchical.NodeTestTask.execute(NodeTestTask.java:95)
	at java.base/java.util.ArrayList.forEach(ArrayList.java:1511)
	at org.junit.platform.engine.support.hierarchical.SameThreadHierarchicalTestExecutorService.invokeAll(SameThreadHierarchicalTestExecutorService.java:41)
	at org.junit.platform.engine.support.hierarchical.NodeTestTask.lambda$executeRecursively$6(NodeTestTask.java:155)
	at org.junit.platform.engine.support.hierarchical.ThrowableCollector.execute(ThrowableCollector.java:73)
	at org.junit.platform.engine.support.hierarchical.NodeTestTask.lambda$executeRecursively$8(NodeTestTask.java:141)
	at org.junit.platform.engine.support.hierarchical.Node.around(Node.java:137)
	at org.junit.platform.engine.support.hierarchical.NodeTestTask.lambda$executeRecursively$9(NodeTestTask.java:139)
	at org.junit.platform.engine.support.hierarchical.ThrowableCollector.execute(ThrowableCollector.java:73)
	at org.junit.platform.engine.support.hierarchical.NodeTestTask.executeRecursively(NodeTestTask.java:138)
	at org.junit.platform.engine.support.hierarchical.NodeTestTask.execute(NodeTestTask.java:95)
	at org.junit.platform.engine.support.hierarchical.SameThreadHierarchicalTestExecutorService.submit(SameThreadHierarchicalTestExecutorService.java:35)
	at org.junit.platform.engine.support.hierarchical.HierarchicalTestExecutor.execute(HierarchicalTestExecutor.java:57)
	at org.junit.platform.engine.support.hierarchical.HierarchicalTestEngine.execute(HierarchicalTestEngine.java:54)
	at org.junit.platform.launcher.core.EngineExecutionOrchestrator.execute(EngineExecutionOrchestrator.java:147)
	at org.junit.platform.launcher.core.EngineExecutionOrchestrator.execute(EngineExecutionOrchestrator.java:127)
	at org.junit.platform.launcher.core.EngineExecutionOrchestrator.execute(EngineExecutionOrchestrator.java:90)
	at org.junit.platform.launcher.core.EngineExecutionOrchestrator.lambda$execute$0(EngineExecutionOrchestrator.java:55)
	at org.junit.platform.launcher.core.EngineExecutionOrchestrator.withInterceptedStreams(EngineExecutionOrchestrator.java:102)
	at org.junit.platform.launcher.core.EngineExecutionOrchestrator.execute(EngineExecutionOrchestrator.java:54)
	at org.junit.platform.launcher.core.DefaultLauncher.execute(DefaultLauncher.java:114)
	at org.junit.platform.launcher.core.DefaultLauncher.execute(DefaultLauncher.java:86)
	at org.junit.platform.launcher.core.DefaultLauncherSession$DelegatingLauncher.execute(DefaultLauncherSession.java:86)
	at org.apache.maven.surefire.junitplatform.LazyLauncher.execute(LazyLauncher.java:50)
	at org.apache.maven.surefire.junitplatform.JUnitPlatformProvider.execute(JUnitPlatformProvider.java:184)
	at org.apache.maven.surefire.junitplatform.JUnitPlatformProvider.invokeAllTests(JUnitPlatformProvider.java:148)
	at org.apache.maven.surefire.junitplatform.JUnitPlatformProvider.invoke(JUnitPlatformProvider.java:122)
	at org.apache.maven.surefire.booter.ForkedBooter.runSuitesInProcess(ForkedBooter.java:385)
	at org.apache.maven.surefire.booter.ForkedBooter.execute(ForkedBooter.java:162)
	at org.apache.maven.surefire.booter.ForkedBooter.run(ForkedBooter.java:507)
	at org.apache.maven.surefire.booter.ForkedBooter.main(ForkedBooter.java:495)
2023-11-24 12:36:41,662 DEBUG o.h.o.s.a.tree [SqlTreePrinter.java:46] SQL AST Tree:
    SelectStatement {
      FromClause {
        StandardTableGroup (q1 : franco.maurizio.hr.desk.com.persistence.entity.Question) {
          primaryTableReference : questions as q1_0
        }
      }
    }

2023-11-24 12:36:41,663 DEBUG o.h.p.e.AbstractEntityPersister [AbstractEntityPersister.java:2904] Static SQL for entity: franco.maurizio.hr.desk.com.persistence.entity.Candidate
2023-11-24 12:36:41,663 DEBUG o.h.p.e.AbstractEntityPersister [AbstractEntityPersister.java:2909]  Version select: select id from candidates where id=?
2023-11-24 12:36:41,663 DEBUG o.h.p.e.AbstractEntityPersister [DelegatingBasicLogger.java:393]  Insert (0): insert into candidates (candidacy_date_time,candidate_state_code,course_code,cv_external_path,dateofbirth,domicile_city,email,firstname,graduate,high_graduate,hr_note,imgpath,inserted_by,label,lastname,mobile,regdate,still_high_study,study_qualification,technical_note) values (?,?,?,?,?,?,?,?,?,?,?,?,?,?,?,?,?,?,?,?)
2023-11-24 12:36:41,663 DEBUG o.h.p.e.AbstractEntityPersister [DelegatingBasicLogger.java:393]  Update (0): update candidates set candidacy_date_time=?,candidate_state_code=?,course_code=?,cv_external_path=?,dateofbirth=?,domicile_city=?,email=?,firstname=?,graduate=?,high_graduate=?,hr_note=?,imgpath=?,inserted_by=?,label=?,lastname=?,mobile=?,regdate=?,still_high_study=?,study_qualification=?,technical_note=? where id=?
2023-11-24 12:36:41,663 DEBUG o.h.p.e.AbstractEntityPersister [DelegatingBasicLogger.java:393]  Delete (0): delete from candidates where id=?
2023-11-24 12:36:41,664 DEBUG o.h.o.s.a.create [SqlAliasBaseImpl.java:33] Created new SQL alias : c1_0
2023-11-24 12:36:41,664 DEBUG o.h.o.s.a.create [SimpleFromClauseAccessImpl.java:98] Registration of TableGroup [StandardTableGroup(franco.maurizio.hr.desk.com.persistence.entity.Candidate)] with identifierForTableGroup [franco.maurizio.hr.desk.com.persistence.entity.Candidate] for NavigablePath [franco.maurizio.hr.desk.com.persistence.entity.Candidate] 
2023-11-24 12:36:41,664 TRACE o.h.l.a.i.LoaderSelectBuilder [LoaderSelectBuilder.java:779] Starting visitation of FetchParent's Fetchables : franco.maurizio.hr.desk.com.persistence.entity.Candidate
2023-11-24 12:36:41,666 DEBUG o.h.o.r.g.AST [DomainResultGraphPrinter.java:67] DomainResult Graph:
 \-EntityResultImpl [franco.maurizio.hr.desk.com.persistence.entity.Candidate]
 |  +-BasicFetch [franco.maurizio.hr.desk.com.persistence.entity.Candidate.candidacyDateTime]
 |  +-BasicFetch [franco.maurizio.hr.desk.com.persistence.entity.Candidate.candidateStateCode]
 |  +-BasicFetch [franco.maurizio.hr.desk.com.persistence.entity.Candidate.courseCode]
 |  +-BasicFetch [franco.maurizio.hr.desk.com.persistence.entity.Candidate.cvExternalPath]
 |  +-BasicFetch [franco.maurizio.hr.desk.com.persistence.entity.Candidate.dateOfBirth]
 |  +-BasicFetch [franco.maurizio.hr.desk.com.persistence.entity.Candidate.domicileCity]
 |  +-BasicFetch [franco.maurizio.hr.desk.com.persistence.entity.Candidate.email]
 |  +-BasicFetch [franco.maurizio.hr.desk.com.persistence.entity.Candidate.firstname]
 |  +-BasicFetch [franco.maurizio.hr.desk.com.persistence.entity.Candidate.graduate]
 |  +-BasicFetch [franco.maurizio.hr.desk.com.persistence.entity.Candidate.highGraduate]
 |  +-BasicFetch [franco.maurizio.hr.desk.com.persistence.entity.Candidate.hrNote]
 |  +-BasicFetch [franco.maurizio.hr.desk.com.persistence.entity.Candidate.imgpath]
 |  +-BasicFetch [franco.maurizio.hr.desk.com.persistence.entity.Candidate.insertedBy]
 |  +-BasicFetch [franco.maurizio.hr.desk.com.persistence.entity.Candidate.label]
 |  +-BasicFetch [franco.maurizio.hr.desk.com.persistence.entity.Candidate.lastname]
 |  +-BasicFetch [franco.maurizio.hr.desk.com.persistence.entity.Candidate.mobile]
 |  +-BasicFetch [franco.maurizio.hr.desk.com.persistence.entity.Candidate.regdate]
 |  +-BasicFetch [franco.maurizio.hr.desk.com.persistence.entity.Candidate.stillHighStudy]
 |  +-BasicFetch [franco.maurizio.hr.desk.com.persistence.entity.Candidate.studyQualification]
 |  \-BasicFetch [franco.maurizio.hr.desk.com.persistence.entity.Candidate.technicalNote]

2023-11-24 12:36:41,666 TRACE o.h.o.r.g.AST [DomainResultGraphPrinter.java:70] Stack trace calling DomainResultGraphPrinter
java.lang.Exception: null
	at org.hibernate.sql.results.graph.DomainResultGraphPrinter.visitDomainResults(DomainResultGraphPrinter.java:70)
	at org.hibernate.sql.results.graph.DomainResultGraphPrinter.logDomainResultGraph(DomainResultGraphPrinter.java:46)
	at org.hibernate.sql.results.graph.DomainResultGraphPrinter.logDomainResultGraph(DomainResultGraphPrinter.java:37)
	at org.hibernate.sql.ast.spi.AbstractSqlAstTranslator.translateSelect(AbstractSqlAstTranslator.java:848)
	at org.hibernate.sql.ast.spi.AbstractSqlAstTranslator.translate(AbstractSqlAstTranslator.java:801)
	at org.hibernate.loader.ast.internal.SingleIdLoadPlan.<init>(SingleIdLoadPlan.java:67)
	at org.hibernate.loader.ast.internal.SingleIdEntityLoaderStandardImpl.createLoadPlan(SingleIdEntityLoaderStandardImpl.java:197)
	at org.hibernate.loader.ast.internal.SingleIdEntityLoaderStandardImpl.prepare(SingleIdEntityLoaderStandardImpl.java:55)
	at org.hibernate.persister.entity.AbstractEntityPersister.prepareLoader(AbstractEntityPersister.java:3486)
	at org.hibernate.persister.entity.AbstractEntityPersister.postInstantiate(AbstractEntityPersister.java:3480)
	at org.hibernate.metamodel.model.domain.internal.MappingMetamodelImpl.finishInitialization(MappingMetamodelImpl.java:204)
	at org.hibernate.internal.SessionFactoryImpl.initializeMappingModel(SessionFactoryImpl.java:321)
	at org.hibernate.internal.SessionFactoryImpl.<init>(SessionFactoryImpl.java:271)
	at org.hibernate.boot.internal.SessionFactoryBuilderImpl.build(SessionFactoryBuilderImpl.java:444)
	at org.hibernate.jpa.boot.internal.EntityManagerFactoryBuilderImpl.build(EntityManagerFactoryBuilderImpl.java:1458)
	at org.springframework.orm.jpa.vendor.SpringHibernateJpaPersistenceProvider.createContainerEntityManagerFactory(SpringHibernateJpaPersistenceProvider.java:75)
	at org.springframework.orm.jpa.LocalContainerEntityManagerFactoryBean.createNativeEntityManagerFactory(LocalContainerEntityManagerFactoryBean.java:376)
	at org.springframework.orm.jpa.AbstractEntityManagerFactoryBean.buildNativeEntityManagerFactory(AbstractEntityManagerFactoryBean.java:409)
	at org.springframework.orm.jpa.AbstractEntityManagerFactoryBean.afterPropertiesSet(AbstractEntityManagerFactoryBean.java:396)
	at org.springframework.orm.jpa.LocalContainerEntityManagerFactoryBean.afterPropertiesSet(LocalContainerEntityManagerFactoryBean.java:352)
	at org.springframework.beans.factory.support.AbstractAutowireCapableBeanFactory.invokeInitMethods(AbstractAutowireCapableBeanFactory.java:1817)
	at org.springframework.beans.factory.support.AbstractAutowireCapableBeanFactory.initializeBean(AbstractAutowireCapableBeanFactory.java:1766)
	at org.springframework.beans.factory.support.AbstractAutowireCapableBeanFactory.doCreateBean(AbstractAutowireCapableBeanFactory.java:598)
	at org.springframework.beans.factory.support.AbstractAutowireCapableBeanFactory.createBean(AbstractAutowireCapableBeanFactory.java:520)
	at org.springframework.beans.factory.support.AbstractBeanFactory.lambda$doGetBean$0(AbstractBeanFactory.java:325)
	at org.springframework.beans.factory.support.DefaultSingletonBeanRegistry.getSingleton(DefaultSingletonBeanRegistry.java:234)
	at org.springframework.beans.factory.support.AbstractBeanFactory.doGetBean(AbstractBeanFactory.java:323)
	at org.springframework.beans.factory.support.AbstractBeanFactory.getBean(AbstractBeanFactory.java:199)
	at org.springframework.context.support.AbstractApplicationContext.getBean(AbstractApplicationContext.java:1166)
	at org.springframework.context.support.AbstractApplicationContext.finishBeanFactoryInitialization(AbstractApplicationContext.java:940)
	at org.springframework.context.support.AbstractApplicationContext.refresh(AbstractApplicationContext.java:616)
	at org.springframework.boot.SpringApplication.refresh(SpringApplication.java:738)
	at org.springframework.boot.SpringApplication.refreshContext(SpringApplication.java:440)
	at org.springframework.boot.SpringApplication.run(SpringApplication.java:316)
	at org.springframework.boot.test.context.SpringBootContextLoader.lambda$loadContext$3(SpringBootContextLoader.java:137)
	at org.springframework.util.function.ThrowingSupplier.get(ThrowingSupplier.java:58)
	at org.springframework.util.function.ThrowingSupplier.get(ThrowingSupplier.java:46)
	at org.springframework.boot.SpringApplication.withHook(SpringApplication.java:1406)
	at org.springframework.boot.test.context.SpringBootContextLoader$ContextLoaderHook.run(SpringBootContextLoader.java:545)
	at org.springframework.boot.test.context.SpringBootContextLoader.loadContext(SpringBootContextLoader.java:137)
	at org.springframework.boot.test.context.SpringBootContextLoader.loadContext(SpringBootContextLoader.java:108)
	at org.springframework.test.context.cache.DefaultCacheAwareContextLoaderDelegate.loadContextInternal(DefaultCacheAwareContextLoaderDelegate.java:187)
	at org.springframework.test.context.cache.DefaultCacheAwareContextLoaderDelegate.loadContext(DefaultCacheAwareContextLoaderDelegate.java:119)
	at org.springframework.test.context.support.DefaultTestContext.getApplicationContext(DefaultTestContext.java:127)
	at org.springframework.test.context.web.ServletTestExecutionListener.setUpRequestContextIfNecessary(ServletTestExecutionListener.java:191)
	at org.springframework.test.context.web.ServletTestExecutionListener.prepareTestInstance(ServletTestExecutionListener.java:130)
	at org.springframework.test.context.TestContextManager.prepareTestInstance(TestContextManager.java:241)
	at org.springframework.test.context.junit.jupiter.SpringExtension.postProcessTestInstance(SpringExtension.java:138)
	at org.junit.jupiter.engine.descriptor.ClassBasedTestDescriptor.lambda$invokeTestInstancePostProcessors$10(ClassBasedTestDescriptor.java:377)
	at org.junit.jupiter.engine.descriptor.ClassBasedTestDescriptor.executeAndMaskThrowable(ClassBasedTestDescriptor.java:382)
	at org.junit.jupiter.engine.descriptor.ClassBasedTestDescriptor.lambda$invokeTestInstancePostProcessors$11(ClassBasedTestDescriptor.java:377)
	at java.base/java.util.stream.ReferencePipeline$3$1.accept(ReferencePipeline.java:197)
	at java.base/java.util.stream.ReferencePipeline$2$1.accept(ReferencePipeline.java:179)
	at java.base/java.util.ArrayList$ArrayListSpliterator.forEachRemaining(ArrayList.java:1625)
	at java.base/java.util.stream.AbstractPipeline.copyInto(AbstractPipeline.java:509)
	at java.base/java.util.stream.AbstractPipeline.wrapAndCopyInto(AbstractPipeline.java:499)
	at java.base/java.util.stream.StreamSpliterators$WrappingSpliterator.forEachRemaining(StreamSpliterators.java:310)
	at java.base/java.util.stream.Streams$ConcatSpliterator.forEachRemaining(Streams.java:735)
	at java.base/java.util.stream.Streams$ConcatSpliterator.forEachRemaining(Streams.java:734)
	at java.base/java.util.stream.ReferencePipeline$Head.forEach(ReferencePipeline.java:762)
	at org.junit.jupiter.engine.descriptor.ClassBasedTestDescriptor.invokeTestInstancePostProcessors(ClassBasedTestDescriptor.java:376)
	at org.junit.jupiter.engine.descriptor.ClassBasedTestDescriptor.lambda$instantiateAndPostProcessTestInstance$6(ClassBasedTestDescriptor.java:289)
	at org.junit.platform.engine.support.hierarchical.ThrowableCollector.execute(ThrowableCollector.java:73)
	at org.junit.jupiter.engine.descriptor.ClassBasedTestDescriptor.instantiateAndPostProcessTestInstance(ClassBasedTestDescriptor.java:288)
	at org.junit.jupiter.engine.descriptor.ClassBasedTestDescriptor.lambda$testInstancesProvider$4(ClassBasedTestDescriptor.java:278)
	at java.base/java.util.Optional.orElseGet(Optional.java:364)
	at org.junit.jupiter.engine.descriptor.ClassBasedTestDescriptor.lambda$testInstancesProvider$5(ClassBasedTestDescriptor.java:277)
	at org.junit.jupiter.engine.execution.TestInstancesProvider.getTestInstances(TestInstancesProvider.java:31)
	at org.junit.jupiter.engine.descriptor.TestMethodTestDescriptor.lambda$prepare$0(TestMethodTestDescriptor.java:105)
	at org.junit.platform.engine.support.hierarchical.ThrowableCollector.execute(ThrowableCollector.java:73)
	at org.junit.jupiter.engine.descriptor.TestMethodTestDescriptor.prepare(TestMethodTestDescriptor.java:104)
	at org.junit.jupiter.engine.descriptor.TestMethodTestDescriptor.prepare(TestMethodTestDescriptor.java:68)
	at org.junit.platform.engine.support.hierarchical.NodeTestTask.lambda$prepare$2(NodeTestTask.java:123)
	at org.junit.platform.engine.support.hierarchical.ThrowableCollector.execute(ThrowableCollector.java:73)
	at org.junit.platform.engine.support.hierarchical.NodeTestTask.prepare(NodeTestTask.java:123)
	at org.junit.platform.engine.support.hierarchical.NodeTestTask.execute(NodeTestTask.java:90)
	at java.base/java.util.ArrayList.forEach(ArrayList.java:1511)
	at org.junit.platform.engine.support.hierarchical.SameThreadHierarchicalTestExecutorService.invokeAll(SameThreadHierarchicalTestExecutorService.java:41)
	at org.junit.platform.engine.support.hierarchical.NodeTestTask.lambda$executeRecursively$6(NodeTestTask.java:155)
	at org.junit.platform.engine.support.hierarchical.ThrowableCollector.execute(ThrowableCollector.java:73)
	at org.junit.platform.engine.support.hierarchical.NodeTestTask.lambda$executeRecursively$8(NodeTestTask.java:141)
	at org.junit.platform.engine.support.hierarchical.Node.around(Node.java:137)
	at org.junit.platform.engine.support.hierarchical.NodeTestTask.lambda$executeRecursively$9(NodeTestTask.java:139)
	at org.junit.platform.engine.support.hierarchical.ThrowableCollector.execute(ThrowableCollector.java:73)
	at org.junit.platform.engine.support.hierarchical.NodeTestTask.executeRecursively(NodeTestTask.java:138)
	at org.junit.platform.engine.support.hierarchical.NodeTestTask.execute(NodeTestTask.java:95)
	at java.base/java.util.ArrayList.forEach(ArrayList.java:1511)
	at org.junit.platform.engine.support.hierarchical.SameThreadHierarchicalTestExecutorService.invokeAll(SameThreadHierarchicalTestExecutorService.java:41)
	at org.junit.platform.engine.support.hierarchical.NodeTestTask.lambda$executeRecursively$6(NodeTestTask.java:155)
	at org.junit.platform.engine.support.hierarchical.ThrowableCollector.execute(ThrowableCollector.java:73)
	at org.junit.platform.engine.support.hierarchical.NodeTestTask.lambda$executeRecursively$8(NodeTestTask.java:141)
	at org.junit.platform.engine.support.hierarchical.Node.around(Node.java:137)
	at org.junit.platform.engine.support.hierarchical.NodeTestTask.lambda$executeRecursively$9(NodeTestTask.java:139)
	at org.junit.platform.engine.support.hierarchical.ThrowableCollector.execute(ThrowableCollector.java:73)
	at org.junit.platform.engine.support.hierarchical.NodeTestTask.executeRecursively(NodeTestTask.java:138)
	at org.junit.platform.engine.support.hierarchical.NodeTestTask.execute(NodeTestTask.java:95)
	at org.junit.platform.engine.support.hierarchical.SameThreadHierarchicalTestExecutorService.submit(SameThreadHierarchicalTestExecutorService.java:35)
	at org.junit.platform.engine.support.hierarchical.HierarchicalTestExecutor.execute(HierarchicalTestExecutor.java:57)
	at org.junit.platform.engine.support.hierarchical.HierarchicalTestEngine.execute(HierarchicalTestEngine.java:54)
	at org.junit.platform.launcher.core.EngineExecutionOrchestrator.execute(EngineExecutionOrchestrator.java:147)
	at org.junit.platform.launcher.core.EngineExecutionOrchestrator.execute(EngineExecutionOrchestrator.java:127)
	at org.junit.platform.launcher.core.EngineExecutionOrchestrator.execute(EngineExecutionOrchestrator.java:90)
	at org.junit.platform.launcher.core.EngineExecutionOrchestrator.lambda$execute$0(EngineExecutionOrchestrator.java:55)
	at org.junit.platform.launcher.core.EngineExecutionOrchestrator.withInterceptedStreams(EngineExecutionOrchestrator.java:102)
	at org.junit.platform.launcher.core.EngineExecutionOrchestrator.execute(EngineExecutionOrchestrator.java:54)
	at org.junit.platform.launcher.core.DefaultLauncher.execute(DefaultLauncher.java:114)
	at org.junit.platform.launcher.core.DefaultLauncher.execute(DefaultLauncher.java:86)
	at org.junit.platform.launcher.core.DefaultLauncherSession$DelegatingLauncher.execute(DefaultLauncherSession.java:86)
	at org.apache.maven.surefire.junitplatform.LazyLauncher.execute(LazyLauncher.java:50)
	at org.apache.maven.surefire.junitplatform.JUnitPlatformProvider.execute(JUnitPlatformProvider.java:184)
	at org.apache.maven.surefire.junitplatform.JUnitPlatformProvider.invokeAllTests(JUnitPlatformProvider.java:148)
	at org.apache.maven.surefire.junitplatform.JUnitPlatformProvider.invoke(JUnitPlatformProvider.java:122)
	at org.apache.maven.surefire.booter.ForkedBooter.runSuitesInProcess(ForkedBooter.java:385)
	at org.apache.maven.surefire.booter.ForkedBooter.execute(ForkedBooter.java:162)
	at org.apache.maven.surefire.booter.ForkedBooter.run(ForkedBooter.java:507)
	at org.apache.maven.surefire.booter.ForkedBooter.main(ForkedBooter.java:495)
2023-11-24 12:36:41,667 DEBUG o.h.o.s.a.tree [SqlTreePrinter.java:46] SQL AST Tree:
    SelectStatement {
      FromClause {
        StandardTableGroup (c1 : franco.maurizio.hr.desk.com.persistence.entity.Candidate) {
          primaryTableReference : candidates as c1_0
        }
      }
    }

2023-11-24 12:36:41,669 DEBUG o.h.p.e.AbstractEntityPersister [AbstractEntityPersister.java:2904] Static SQL for entity: franco.maurizio.hr.desk.com.persistence.entity.SurveyReply
2023-11-24 12:36:41,669 DEBUG o.h.p.e.AbstractEntityPersister [AbstractEntityPersister.java:2909]  Version select: select id from surveyreplies where id=?
2023-11-24 12:36:41,669 DEBUG o.h.p.e.AbstractEntityPersister [DelegatingBasicLogger.java:393]  Insert (0): insert into surveyreplies (answers,candidate_id,endtime,generated_token,pdffilename,points,starttime,survey_id) values (?,?,?,?,?,?,?,?)
2023-11-24 12:36:41,669 DEBUG o.h.p.e.AbstractEntityPersister [DelegatingBasicLogger.java:393]  Update (0): update surveyreplies set answers=?,candidate_id=?,endtime=?,generated_token=?,pdffilename=?,points=?,starttime=?,survey_id=? where id=?
2023-11-24 12:36:41,670 DEBUG o.h.p.e.AbstractEntityPersister [DelegatingBasicLogger.java:393]  Delete (0): delete from surveyreplies where id=?
2023-11-24 12:36:41,670 DEBUG o.h.o.s.a.create [SqlAliasBaseImpl.java:33] Created new SQL alias : s1_0
2023-11-24 12:36:41,670 DEBUG o.h.o.s.a.create [SimpleFromClauseAccessImpl.java:98] Registration of TableGroup [StandardTableGroup(franco.maurizio.hr.desk.com.persistence.entity.SurveyReply)] with identifierForTableGroup [franco.maurizio.hr.desk.com.persistence.entity.SurveyReply] for NavigablePath [franco.maurizio.hr.desk.com.persistence.entity.SurveyReply] 
2023-11-24 12:36:41,671 TRACE o.h.l.a.i.LoaderSelectBuilder [LoaderSelectBuilder.java:779] Starting visitation of FetchParent's Fetchables : franco.maurizio.hr.desk.com.persistence.entity.SurveyReply
2023-11-24 12:36:41,671 DEBUG o.h.o.r.g.AST [DomainResultGraphPrinter.java:67] DomainResult Graph:
 \-EntityResultImpl [franco.maurizio.hr.desk.com.persistence.entity.SurveyReply]
 |  +-BasicFetch [franco.maurizio.hr.desk.com.persistence.entity.SurveyReply.answers]
 |  +-BasicFetch [franco.maurizio.hr.desk.com.persistence.entity.SurveyReply.candidateId]
 |  +-BasicFetch [franco.maurizio.hr.desk.com.persistence.entity.SurveyReply.endtime]
 |  +-BasicFetch [franco.maurizio.hr.desk.com.persistence.entity.SurveyReply.generated_token]
 |  +-BasicFetch [franco.maurizio.hr.desk.com.persistence.entity.SurveyReply.pdffilename]
 |  +-BasicFetch [franco.maurizio.hr.desk.com.persistence.entity.SurveyReply.points]
 |  +-BasicFetch [franco.maurizio.hr.desk.com.persistence.entity.SurveyReply.starttime]
 |  \-BasicFetch [franco.maurizio.hr.desk.com.persistence.entity.SurveyReply.surveyId]

2023-11-24 12:36:41,672 TRACE o.h.o.r.g.AST [DomainResultGraphPrinter.java:70] Stack trace calling DomainResultGraphPrinter
java.lang.Exception: null
	at org.hibernate.sql.results.graph.DomainResultGraphPrinter.visitDomainResults(DomainResultGraphPrinter.java:70)
	at org.hibernate.sql.results.graph.DomainResultGraphPrinter.logDomainResultGraph(DomainResultGraphPrinter.java:46)
	at org.hibernate.sql.results.graph.DomainResultGraphPrinter.logDomainResultGraph(DomainResultGraphPrinter.java:37)
	at org.hibernate.sql.ast.spi.AbstractSqlAstTranslator.translateSelect(AbstractSqlAstTranslator.java:848)
	at org.hibernate.sql.ast.spi.AbstractSqlAstTranslator.translate(AbstractSqlAstTranslator.java:801)
	at org.hibernate.loader.ast.internal.SingleIdLoadPlan.<init>(SingleIdLoadPlan.java:67)
	at org.hibernate.loader.ast.internal.SingleIdEntityLoaderStandardImpl.createLoadPlan(SingleIdEntityLoaderStandardImpl.java:197)
	at org.hibernate.loader.ast.internal.SingleIdEntityLoaderStandardImpl.prepare(SingleIdEntityLoaderStandardImpl.java:55)
	at org.hibernate.persister.entity.AbstractEntityPersister.prepareLoader(AbstractEntityPersister.java:3486)
	at org.hibernate.persister.entity.AbstractEntityPersister.postInstantiate(AbstractEntityPersister.java:3480)
	at org.hibernate.metamodel.model.domain.internal.MappingMetamodelImpl.finishInitialization(MappingMetamodelImpl.java:204)
	at org.hibernate.internal.SessionFactoryImpl.initializeMappingModel(SessionFactoryImpl.java:321)
	at org.hibernate.internal.SessionFactoryImpl.<init>(SessionFactoryImpl.java:271)
	at org.hibernate.boot.internal.SessionFactoryBuilderImpl.build(SessionFactoryBuilderImpl.java:444)
	at org.hibernate.jpa.boot.internal.EntityManagerFactoryBuilderImpl.build(EntityManagerFactoryBuilderImpl.java:1458)
	at org.springframework.orm.jpa.vendor.SpringHibernateJpaPersistenceProvider.createContainerEntityManagerFactory(SpringHibernateJpaPersistenceProvider.java:75)
	at org.springframework.orm.jpa.LocalContainerEntityManagerFactoryBean.createNativeEntityManagerFactory(LocalContainerEntityManagerFactoryBean.java:376)
	at org.springframework.orm.jpa.AbstractEntityManagerFactoryBean.buildNativeEntityManagerFactory(AbstractEntityManagerFactoryBean.java:409)
	at org.springframework.orm.jpa.AbstractEntityManagerFactoryBean.afterPropertiesSet(AbstractEntityManagerFactoryBean.java:396)
	at org.springframework.orm.jpa.LocalContainerEntityManagerFactoryBean.afterPropertiesSet(LocalContainerEntityManagerFactoryBean.java:352)
	at org.springframework.beans.factory.support.AbstractAutowireCapableBeanFactory.invokeInitMethods(AbstractAutowireCapableBeanFactory.java:1817)
	at org.springframework.beans.factory.support.AbstractAutowireCapableBeanFactory.initializeBean(AbstractAutowireCapableBeanFactory.java:1766)
	at org.springframework.beans.factory.support.AbstractAutowireCapableBeanFactory.doCreateBean(AbstractAutowireCapableBeanFactory.java:598)
	at org.springframework.beans.factory.support.AbstractAutowireCapableBeanFactory.createBean(AbstractAutowireCapableBeanFactory.java:520)
	at org.springframework.beans.factory.support.AbstractBeanFactory.lambda$doGetBean$0(AbstractBeanFactory.java:325)
	at org.springframework.beans.factory.support.DefaultSingletonBeanRegistry.getSingleton(DefaultSingletonBeanRegistry.java:234)
	at org.springframework.beans.factory.support.AbstractBeanFactory.doGetBean(AbstractBeanFactory.java:323)
	at org.springframework.beans.factory.support.AbstractBeanFactory.getBean(AbstractBeanFactory.java:199)
	at org.springframework.context.support.AbstractApplicationContext.getBean(AbstractApplicationContext.java:1166)
	at org.springframework.context.support.AbstractApplicationContext.finishBeanFactoryInitialization(AbstractApplicationContext.java:940)
	at org.springframework.context.support.AbstractApplicationContext.refresh(AbstractApplicationContext.java:616)
	at org.springframework.boot.SpringApplication.refresh(SpringApplication.java:738)
	at org.springframework.boot.SpringApplication.refreshContext(SpringApplication.java:440)
	at org.springframework.boot.SpringApplication.run(SpringApplication.java:316)
	at org.springframework.boot.test.context.SpringBootContextLoader.lambda$loadContext$3(SpringBootContextLoader.java:137)
	at org.springframework.util.function.ThrowingSupplier.get(ThrowingSupplier.java:58)
	at org.springframework.util.function.ThrowingSupplier.get(ThrowingSupplier.java:46)
	at org.springframework.boot.SpringApplication.withHook(SpringApplication.java:1406)
	at org.springframework.boot.test.context.SpringBootContextLoader$ContextLoaderHook.run(SpringBootContextLoader.java:545)
	at org.springframework.boot.test.context.SpringBootContextLoader.loadContext(SpringBootContextLoader.java:137)
	at org.springframework.boot.test.context.SpringBootContextLoader.loadContext(SpringBootContextLoader.java:108)
	at org.springframework.test.context.cache.DefaultCacheAwareContextLoaderDelegate.loadContextInternal(DefaultCacheAwareContextLoaderDelegate.java:187)
	at org.springframework.test.context.cache.DefaultCacheAwareContextLoaderDelegate.loadContext(DefaultCacheAwareContextLoaderDelegate.java:119)
	at org.springframework.test.context.support.DefaultTestContext.getApplicationContext(DefaultTestContext.java:127)
	at org.springframework.test.context.web.ServletTestExecutionListener.setUpRequestContextIfNecessary(ServletTestExecutionListener.java:191)
	at org.springframework.test.context.web.ServletTestExecutionListener.prepareTestInstance(ServletTestExecutionListener.java:130)
	at org.springframework.test.context.TestContextManager.prepareTestInstance(TestContextManager.java:241)
	at org.springframework.test.context.junit.jupiter.SpringExtension.postProcessTestInstance(SpringExtension.java:138)
	at org.junit.jupiter.engine.descriptor.ClassBasedTestDescriptor.lambda$invokeTestInstancePostProcessors$10(ClassBasedTestDescriptor.java:377)
	at org.junit.jupiter.engine.descriptor.ClassBasedTestDescriptor.executeAndMaskThrowable(ClassBasedTestDescriptor.java:382)
	at org.junit.jupiter.engine.descriptor.ClassBasedTestDescriptor.lambda$invokeTestInstancePostProcessors$11(ClassBasedTestDescriptor.java:377)
	at java.base/java.util.stream.ReferencePipeline$3$1.accept(ReferencePipeline.java:197)
	at java.base/java.util.stream.ReferencePipeline$2$1.accept(ReferencePipeline.java:179)
	at java.base/java.util.ArrayList$ArrayListSpliterator.forEachRemaining(ArrayList.java:1625)
	at java.base/java.util.stream.AbstractPipeline.copyInto(AbstractPipeline.java:509)
	at java.base/java.util.stream.AbstractPipeline.wrapAndCopyInto(AbstractPipeline.java:499)
	at java.base/java.util.stream.StreamSpliterators$WrappingSpliterator.forEachRemaining(StreamSpliterators.java:310)
	at java.base/java.util.stream.Streams$ConcatSpliterator.forEachRemaining(Streams.java:735)
	at java.base/java.util.stream.Streams$ConcatSpliterator.forEachRemaining(Streams.java:734)
	at java.base/java.util.stream.ReferencePipeline$Head.forEach(ReferencePipeline.java:762)
	at org.junit.jupiter.engine.descriptor.ClassBasedTestDescriptor.invokeTestInstancePostProcessors(ClassBasedTestDescriptor.java:376)
	at org.junit.jupiter.engine.descriptor.ClassBasedTestDescriptor.lambda$instantiateAndPostProcessTestInstance$6(ClassBasedTestDescriptor.java:289)
	at org.junit.platform.engine.support.hierarchical.ThrowableCollector.execute(ThrowableCollector.java:73)
	at org.junit.jupiter.engine.descriptor.ClassBasedTestDescriptor.instantiateAndPostProcessTestInstance(ClassBasedTestDescriptor.java:288)
	at org.junit.jupiter.engine.descriptor.ClassBasedTestDescriptor.lambda$testInstancesProvider$4(ClassBasedTestDescriptor.java:278)
	at java.base/java.util.Optional.orElseGet(Optional.java:364)
	at org.junit.jupiter.engine.descriptor.ClassBasedTestDescriptor.lambda$testInstancesProvider$5(ClassBasedTestDescriptor.java:277)
	at org.junit.jupiter.engine.execution.TestInstancesProvider.getTestInstances(TestInstancesProvider.java:31)
	at org.junit.jupiter.engine.descriptor.TestMethodTestDescriptor.lambda$prepare$0(TestMethodTestDescriptor.java:105)
	at org.junit.platform.engine.support.hierarchical.ThrowableCollector.execute(ThrowableCollector.java:73)
	at org.junit.jupiter.engine.descriptor.TestMethodTestDescriptor.prepare(TestMethodTestDescriptor.java:104)
	at org.junit.jupiter.engine.descriptor.TestMethodTestDescriptor.prepare(TestMethodTestDescriptor.java:68)
	at org.junit.platform.engine.support.hierarchical.NodeTestTask.lambda$prepare$2(NodeTestTask.java:123)
	at org.junit.platform.engine.support.hierarchical.ThrowableCollector.execute(ThrowableCollector.java:73)
	at org.junit.platform.engine.support.hierarchical.NodeTestTask.prepare(NodeTestTask.java:123)
	at org.junit.platform.engine.support.hierarchical.NodeTestTask.execute(NodeTestTask.java:90)
	at java.base/java.util.ArrayList.forEach(ArrayList.java:1511)
	at org.junit.platform.engine.support.hierarchical.SameThreadHierarchicalTestExecutorService.invokeAll(SameThreadHierarchicalTestExecutorService.java:41)
	at org.junit.platform.engine.support.hierarchical.NodeTestTask.lambda$executeRecursively$6(NodeTestTask.java:155)
	at org.junit.platform.engine.support.hierarchical.ThrowableCollector.execute(ThrowableCollector.java:73)
	at org.junit.platform.engine.support.hierarchical.NodeTestTask.lambda$executeRecursively$8(NodeTestTask.java:141)
	at org.junit.platform.engine.support.hierarchical.Node.around(Node.java:137)
	at org.junit.platform.engine.support.hierarchical.NodeTestTask.lambda$executeRecursively$9(NodeTestTask.java:139)
	at org.junit.platform.engine.support.hierarchical.ThrowableCollector.execute(ThrowableCollector.java:73)
	at org.junit.platform.engine.support.hierarchical.NodeTestTask.executeRecursively(NodeTestTask.java:138)
	at org.junit.platform.engine.support.hierarchical.NodeTestTask.execute(NodeTestTask.java:95)
	at java.base/java.util.ArrayList.forEach(ArrayList.java:1511)
	at org.junit.platform.engine.support.hierarchical.SameThreadHierarchicalTestExecutorService.invokeAll(SameThreadHierarchicalTestExecutorService.java:41)
	at org.junit.platform.engine.support.hierarchical.NodeTestTask.lambda$executeRecursively$6(NodeTestTask.java:155)
	at org.junit.platform.engine.support.hierarchical.ThrowableCollector.execute(ThrowableCollector.java:73)
	at org.junit.platform.engine.support.hierarchical.NodeTestTask.lambda$executeRecursively$8(NodeTestTask.java:141)
	at org.junit.platform.engine.support.hierarchical.Node.around(Node.java:137)
	at org.junit.platform.engine.support.hierarchical.NodeTestTask.lambda$executeRecursively$9(NodeTestTask.java:139)
	at org.junit.platform.engine.support.hierarchical.ThrowableCollector.execute(ThrowableCollector.java:73)
	at org.junit.platform.engine.support.hierarchical.NodeTestTask.executeRecursively(NodeTestTask.java:138)
	at org.junit.platform.engine.support.hierarchical.NodeTestTask.execute(NodeTestTask.java:95)
	at org.junit.platform.engine.support.hierarchical.SameThreadHierarchicalTestExecutorService.submit(SameThreadHierarchicalTestExecutorService.java:35)
	at org.junit.platform.engine.support.hierarchical.HierarchicalTestExecutor.execute(HierarchicalTestExecutor.java:57)
	at org.junit.platform.engine.support.hierarchical.HierarchicalTestEngine.execute(HierarchicalTestEngine.java:54)
	at org.junit.platform.launcher.core.EngineExecutionOrchestrator.execute(EngineExecutionOrchestrator.java:147)
	at org.junit.platform.launcher.core.EngineExecutionOrchestrator.execute(EngineExecutionOrchestrator.java:127)
	at org.junit.platform.launcher.core.EngineExecutionOrchestrator.execute(EngineExecutionOrchestrator.java:90)
	at org.junit.platform.launcher.core.EngineExecutionOrchestrator.lambda$execute$0(EngineExecutionOrchestrator.java:55)
	at org.junit.platform.launcher.core.EngineExecutionOrchestrator.withInterceptedStreams(EngineExecutionOrchestrator.java:102)
	at org.junit.platform.launcher.core.EngineExecutionOrchestrator.execute(EngineExecutionOrchestrator.java:54)
	at org.junit.platform.launcher.core.DefaultLauncher.execute(DefaultLauncher.java:114)
	at org.junit.platform.launcher.core.DefaultLauncher.execute(DefaultLauncher.java:86)
	at org.junit.platform.launcher.core.DefaultLauncherSession$DelegatingLauncher.execute(DefaultLauncherSession.java:86)
	at org.apache.maven.surefire.junitplatform.LazyLauncher.execute(LazyLauncher.java:50)
	at org.apache.maven.surefire.junitplatform.JUnitPlatformProvider.execute(JUnitPlatformProvider.java:184)
	at org.apache.maven.surefire.junitplatform.JUnitPlatformProvider.invokeAllTests(JUnitPlatformProvider.java:148)
	at org.apache.maven.surefire.junitplatform.JUnitPlatformProvider.invoke(JUnitPlatformProvider.java:122)
	at org.apache.maven.surefire.booter.ForkedBooter.runSuitesInProcess(ForkedBooter.java:385)
	at org.apache.maven.surefire.booter.ForkedBooter.execute(ForkedBooter.java:162)
	at org.apache.maven.surefire.booter.ForkedBooter.run(ForkedBooter.java:507)
	at org.apache.maven.surefire.booter.ForkedBooter.main(ForkedBooter.java:495)
2023-11-24 12:36:41,673 DEBUG o.h.o.s.a.tree [SqlTreePrinter.java:46] SQL AST Tree:
    SelectStatement {
      FromClause {
        StandardTableGroup (s1 : franco.maurizio.hr.desk.com.persistence.entity.SurveyReply) {
          primaryTableReference : surveyreplies as s1_0
        }
      }
    }

2023-11-24 12:36:41,675 DEBUG o.h.p.e.AbstractEntityPersister [AbstractEntityPersister.java:2904] Static SQL for entity: franco.maurizio.hr.desk.com.persistence.entity.User
2023-11-24 12:36:41,675 DEBUG o.h.p.e.AbstractEntityPersister [AbstractEntityPersister.java:2909]  Version select: select id from users where id=?
2023-11-24 12:36:41,675 DEBUG o.h.p.e.AbstractEntityPersister [DelegatingBasicLogger.java:393]  Insert (0): insert into users (email,enabled,firstname,lastname,password,regdate,role) values (?,?,?,?,?,?,?)
2023-11-24 12:36:41,675 DEBUG o.h.p.e.AbstractEntityPersister [DelegatingBasicLogger.java:393]  Update (0): update users set email=?,enabled=?,firstname=?,lastname=?,password=?,regdate=?,role=? where id=?
2023-11-24 12:36:41,675 DEBUG o.h.p.e.AbstractEntityPersister [DelegatingBasicLogger.java:393]  Delete (0): delete from users where id=?
2023-11-24 12:36:41,676 DEBUG o.h.o.s.a.create [SqlAliasBaseImpl.java:33] Created new SQL alias : u1_0
2023-11-24 12:36:41,676 DEBUG o.h.o.s.a.create [SimpleFromClauseAccessImpl.java:98] Registration of TableGroup [StandardTableGroup(franco.maurizio.hr.desk.com.persistence.entity.User)] with identifierForTableGroup [franco.maurizio.hr.desk.com.persistence.entity.User] for NavigablePath [franco.maurizio.hr.desk.com.persistence.entity.User] 
2023-11-24 12:36:41,676 TRACE o.h.l.a.i.LoaderSelectBuilder [LoaderSelectBuilder.java:779] Starting visitation of FetchParent's Fetchables : franco.maurizio.hr.desk.com.persistence.entity.User
2023-11-24 12:36:41,677 DEBUG o.h.o.r.g.AST [DomainResultGraphPrinter.java:67] DomainResult Graph:
 \-EntityResultImpl [franco.maurizio.hr.desk.com.persistence.entity.User]
 |  +-BasicFetch [franco.maurizio.hr.desk.com.persistence.entity.User.email]
 |  +-BasicFetch [franco.maurizio.hr.desk.com.persistence.entity.User.enabled]
 |  +-BasicFetch [franco.maurizio.hr.desk.com.persistence.entity.User.firstname]
 |  +-BasicFetch [franco.maurizio.hr.desk.com.persistence.entity.User.lastname]
 |  +-BasicFetch [franco.maurizio.hr.desk.com.persistence.entity.User.password]
 |  +-BasicFetch [franco.maurizio.hr.desk.com.persistence.entity.User.regdate]
 |  \-BasicFetch [franco.maurizio.hr.desk.com.persistence.entity.User.role]

2023-11-24 12:36:41,677 TRACE o.h.o.r.g.AST [DomainResultGraphPrinter.java:70] Stack trace calling DomainResultGraphPrinter
java.lang.Exception: null
	at org.hibernate.sql.results.graph.DomainResultGraphPrinter.visitDomainResults(DomainResultGraphPrinter.java:70)
	at org.hibernate.sql.results.graph.DomainResultGraphPrinter.logDomainResultGraph(DomainResultGraphPrinter.java:46)
	at org.hibernate.sql.results.graph.DomainResultGraphPrinter.logDomainResultGraph(DomainResultGraphPrinter.java:37)
	at org.hibernate.sql.ast.spi.AbstractSqlAstTranslator.translateSelect(AbstractSqlAstTranslator.java:848)
	at org.hibernate.sql.ast.spi.AbstractSqlAstTranslator.translate(AbstractSqlAstTranslator.java:801)
	at org.hibernate.loader.ast.internal.SingleIdLoadPlan.<init>(SingleIdLoadPlan.java:67)
	at org.hibernate.loader.ast.internal.SingleIdEntityLoaderStandardImpl.createLoadPlan(SingleIdEntityLoaderStandardImpl.java:197)
	at org.hibernate.loader.ast.internal.SingleIdEntityLoaderStandardImpl.prepare(SingleIdEntityLoaderStandardImpl.java:55)
	at org.hibernate.persister.entity.AbstractEntityPersister.prepareLoader(AbstractEntityPersister.java:3486)
	at org.hibernate.persister.entity.AbstractEntityPersister.postInstantiate(AbstractEntityPersister.java:3480)
	at org.hibernate.metamodel.model.domain.internal.MappingMetamodelImpl.finishInitialization(MappingMetamodelImpl.java:204)
	at org.hibernate.internal.SessionFactoryImpl.initializeMappingModel(SessionFactoryImpl.java:321)
	at org.hibernate.internal.SessionFactoryImpl.<init>(SessionFactoryImpl.java:271)
	at org.hibernate.boot.internal.SessionFactoryBuilderImpl.build(SessionFactoryBuilderImpl.java:444)
	at org.hibernate.jpa.boot.internal.EntityManagerFactoryBuilderImpl.build(EntityManagerFactoryBuilderImpl.java:1458)
	at org.springframework.orm.jpa.vendor.SpringHibernateJpaPersistenceProvider.createContainerEntityManagerFactory(SpringHibernateJpaPersistenceProvider.java:75)
	at org.springframework.orm.jpa.LocalContainerEntityManagerFactoryBean.createNativeEntityManagerFactory(LocalContainerEntityManagerFactoryBean.java:376)
	at org.springframework.orm.jpa.AbstractEntityManagerFactoryBean.buildNativeEntityManagerFactory(AbstractEntityManagerFactoryBean.java:409)
	at org.springframework.orm.jpa.AbstractEntityManagerFactoryBean.afterPropertiesSet(AbstractEntityManagerFactoryBean.java:396)
	at org.springframework.orm.jpa.LocalContainerEntityManagerFactoryBean.afterPropertiesSet(LocalContainerEntityManagerFactoryBean.java:352)
	at org.springframework.beans.factory.support.AbstractAutowireCapableBeanFactory.invokeInitMethods(AbstractAutowireCapableBeanFactory.java:1817)
	at org.springframework.beans.factory.support.AbstractAutowireCapableBeanFactory.initializeBean(AbstractAutowireCapableBeanFactory.java:1766)
	at org.springframework.beans.factory.support.AbstractAutowireCapableBeanFactory.doCreateBean(AbstractAutowireCapableBeanFactory.java:598)
	at org.springframework.beans.factory.support.AbstractAutowireCapableBeanFactory.createBean(AbstractAutowireCapableBeanFactory.java:520)
	at org.springframework.beans.factory.support.AbstractBeanFactory.lambda$doGetBean$0(AbstractBeanFactory.java:325)
	at org.springframework.beans.factory.support.DefaultSingletonBeanRegistry.getSingleton(DefaultSingletonBeanRegistry.java:234)
	at org.springframework.beans.factory.support.AbstractBeanFactory.doGetBean(AbstractBeanFactory.java:323)
	at org.springframework.beans.factory.support.AbstractBeanFactory.getBean(AbstractBeanFactory.java:199)
	at org.springframework.context.support.AbstractApplicationContext.getBean(AbstractApplicationContext.java:1166)
	at org.springframework.context.support.AbstractApplicationContext.finishBeanFactoryInitialization(AbstractApplicationContext.java:940)
	at org.springframework.context.support.AbstractApplicationContext.refresh(AbstractApplicationContext.java:616)
	at org.springframework.boot.SpringApplication.refresh(SpringApplication.java:738)
	at org.springframework.boot.SpringApplication.refreshContext(SpringApplication.java:440)
	at org.springframework.boot.SpringApplication.run(SpringApplication.java:316)
	at org.springframework.boot.test.context.SpringBootContextLoader.lambda$loadContext$3(SpringBootContextLoader.java:137)
	at org.springframework.util.function.ThrowingSupplier.get(ThrowingSupplier.java:58)
	at org.springframework.util.function.ThrowingSupplier.get(ThrowingSupplier.java:46)
	at org.springframework.boot.SpringApplication.withHook(SpringApplication.java:1406)
	at org.springframework.boot.test.context.SpringBootContextLoader$ContextLoaderHook.run(SpringBootContextLoader.java:545)
	at org.springframework.boot.test.context.SpringBootContextLoader.loadContext(SpringBootContextLoader.java:137)
	at org.springframework.boot.test.context.SpringBootContextLoader.loadContext(SpringBootContextLoader.java:108)
	at org.springframework.test.context.cache.DefaultCacheAwareContextLoaderDelegate.loadContextInternal(DefaultCacheAwareContextLoaderDelegate.java:187)
	at org.springframework.test.context.cache.DefaultCacheAwareContextLoaderDelegate.loadContext(DefaultCacheAwareContextLoaderDelegate.java:119)
	at org.springframework.test.context.support.DefaultTestContext.getApplicationContext(DefaultTestContext.java:127)
	at org.springframework.test.context.web.ServletTestExecutionListener.setUpRequestContextIfNecessary(ServletTestExecutionListener.java:191)
	at org.springframework.test.context.web.ServletTestExecutionListener.prepareTestInstance(ServletTestExecutionListener.java:130)
	at org.springframework.test.context.TestContextManager.prepareTestInstance(TestContextManager.java:241)
	at org.springframework.test.context.junit.jupiter.SpringExtension.postProcessTestInstance(SpringExtension.java:138)
	at org.junit.jupiter.engine.descriptor.ClassBasedTestDescriptor.lambda$invokeTestInstancePostProcessors$10(ClassBasedTestDescriptor.java:377)
	at org.junit.jupiter.engine.descriptor.ClassBasedTestDescriptor.executeAndMaskThrowable(ClassBasedTestDescriptor.java:382)
	at org.junit.jupiter.engine.descriptor.ClassBasedTestDescriptor.lambda$invokeTestInstancePostProcessors$11(ClassBasedTestDescriptor.java:377)
	at java.base/java.util.stream.ReferencePipeline$3$1.accept(ReferencePipeline.java:197)
	at java.base/java.util.stream.ReferencePipeline$2$1.accept(ReferencePipeline.java:179)
	at java.base/java.util.ArrayList$ArrayListSpliterator.forEachRemaining(ArrayList.java:1625)
	at java.base/java.util.stream.AbstractPipeline.copyInto(AbstractPipeline.java:509)
	at java.base/java.util.stream.AbstractPipeline.wrapAndCopyInto(AbstractPipeline.java:499)
	at java.base/java.util.stream.StreamSpliterators$WrappingSpliterator.forEachRemaining(StreamSpliterators.java:310)
	at java.base/java.util.stream.Streams$ConcatSpliterator.forEachRemaining(Streams.java:735)
	at java.base/java.util.stream.Streams$ConcatSpliterator.forEachRemaining(Streams.java:734)
	at java.base/java.util.stream.ReferencePipeline$Head.forEach(ReferencePipeline.java:762)
	at org.junit.jupiter.engine.descriptor.ClassBasedTestDescriptor.invokeTestInstancePostProcessors(ClassBasedTestDescriptor.java:376)
	at org.junit.jupiter.engine.descriptor.ClassBasedTestDescriptor.lambda$instantiateAndPostProcessTestInstance$6(ClassBasedTestDescriptor.java:289)
	at org.junit.platform.engine.support.hierarchical.ThrowableCollector.execute(ThrowableCollector.java:73)
	at org.junit.jupiter.engine.descriptor.ClassBasedTestDescriptor.instantiateAndPostProcessTestInstance(ClassBasedTestDescriptor.java:288)
	at org.junit.jupiter.engine.descriptor.ClassBasedTestDescriptor.lambda$testInstancesProvider$4(ClassBasedTestDescriptor.java:278)
	at java.base/java.util.Optional.orElseGet(Optional.java:364)
	at org.junit.jupiter.engine.descriptor.ClassBasedTestDescriptor.lambda$testInstancesProvider$5(ClassBasedTestDescriptor.java:277)
	at org.junit.jupiter.engine.execution.TestInstancesProvider.getTestInstances(TestInstancesProvider.java:31)
	at org.junit.jupiter.engine.descriptor.TestMethodTestDescriptor.lambda$prepare$0(TestMethodTestDescriptor.java:105)
	at org.junit.platform.engine.support.hierarchical.ThrowableCollector.execute(ThrowableCollector.java:73)
	at org.junit.jupiter.engine.descriptor.TestMethodTestDescriptor.prepare(TestMethodTestDescriptor.java:104)
	at org.junit.jupiter.engine.descriptor.TestMethodTestDescriptor.prepare(TestMethodTestDescriptor.java:68)
	at org.junit.platform.engine.support.hierarchical.NodeTestTask.lambda$prepare$2(NodeTestTask.java:123)
	at org.junit.platform.engine.support.hierarchical.ThrowableCollector.execute(ThrowableCollector.java:73)
	at org.junit.platform.engine.support.hierarchical.NodeTestTask.prepare(NodeTestTask.java:123)
	at org.junit.platform.engine.support.hierarchical.NodeTestTask.execute(NodeTestTask.java:90)
	at java.base/java.util.ArrayList.forEach(ArrayList.java:1511)
	at org.junit.platform.engine.support.hierarchical.SameThreadHierarchicalTestExecutorService.invokeAll(SameThreadHierarchicalTestExecutorService.java:41)
	at org.junit.platform.engine.support.hierarchical.NodeTestTask.lambda$executeRecursively$6(NodeTestTask.java:155)
	at org.junit.platform.engine.support.hierarchical.ThrowableCollector.execute(ThrowableCollector.java:73)
	at org.junit.platform.engine.support.hierarchical.NodeTestTask.lambda$executeRecursively$8(NodeTestTask.java:141)
	at org.junit.platform.engine.support.hierarchical.Node.around(Node.java:137)
	at org.junit.platform.engine.support.hierarchical.NodeTestTask.lambda$executeRecursively$9(NodeTestTask.java:139)
	at org.junit.platform.engine.support.hierarchical.ThrowableCollector.execute(ThrowableCollector.java:73)
	at org.junit.platform.engine.support.hierarchical.NodeTestTask.executeRecursively(NodeTestTask.java:138)
	at org.junit.platform.engine.support.hierarchical.NodeTestTask.execute(NodeTestTask.java:95)
	at java.base/java.util.ArrayList.forEach(ArrayList.java:1511)
	at org.junit.platform.engine.support.hierarchical.SameThreadHierarchicalTestExecutorService.invokeAll(SameThreadHierarchicalTestExecutorService.java:41)
	at org.junit.platform.engine.support.hierarchical.NodeTestTask.lambda$executeRecursively$6(NodeTestTask.java:155)
	at org.junit.platform.engine.support.hierarchical.ThrowableCollector.execute(ThrowableCollector.java:73)
	at org.junit.platform.engine.support.hierarchical.NodeTestTask.lambda$executeRecursively$8(NodeTestTask.java:141)
	at org.junit.platform.engine.support.hierarchical.Node.around(Node.java:137)
	at org.junit.platform.engine.support.hierarchical.NodeTestTask.lambda$executeRecursively$9(NodeTestTask.java:139)
	at org.junit.platform.engine.support.hierarchical.ThrowableCollector.execute(ThrowableCollector.java:73)
	at org.junit.platform.engine.support.hierarchical.NodeTestTask.executeRecursively(NodeTestTask.java:138)
	at org.junit.platform.engine.support.hierarchical.NodeTestTask.execute(NodeTestTask.java:95)
	at org.junit.platform.engine.support.hierarchical.SameThreadHierarchicalTestExecutorService.submit(SameThreadHierarchicalTestExecutorService.java:35)
	at org.junit.platform.engine.support.hierarchical.HierarchicalTestExecutor.execute(HierarchicalTestExecutor.java:57)
	at org.junit.platform.engine.support.hierarchical.HierarchicalTestEngine.execute(HierarchicalTestEngine.java:54)
	at org.junit.platform.launcher.core.EngineExecutionOrchestrator.execute(EngineExecutionOrchestrator.java:147)
	at org.junit.platform.launcher.core.EngineExecutionOrchestrator.execute(EngineExecutionOrchestrator.java:127)
	at org.junit.platform.launcher.core.EngineExecutionOrchestrator.execute(EngineExecutionOrchestrator.java:90)
	at org.junit.platform.launcher.core.EngineExecutionOrchestrator.lambda$execute$0(EngineExecutionOrchestrator.java:55)
	at org.junit.platform.launcher.core.EngineExecutionOrchestrator.withInterceptedStreams(EngineExecutionOrchestrator.java:102)
	at org.junit.platform.launcher.core.EngineExecutionOrchestrator.execute(EngineExecutionOrchestrator.java:54)
	at org.junit.platform.launcher.core.DefaultLauncher.execute(DefaultLauncher.java:114)
	at org.junit.platform.launcher.core.DefaultLauncher.execute(DefaultLauncher.java:86)
	at org.junit.platform.launcher.core.DefaultLauncherSession$DelegatingLauncher.execute(DefaultLauncherSession.java:86)
	at org.apache.maven.surefire.junitplatform.LazyLauncher.execute(LazyLauncher.java:50)
	at org.apache.maven.surefire.junitplatform.JUnitPlatformProvider.execute(JUnitPlatformProvider.java:184)
	at org.apache.maven.surefire.junitplatform.JUnitPlatformProvider.invokeAllTests(JUnitPlatformProvider.java:148)
	at org.apache.maven.surefire.junitplatform.JUnitPlatformProvider.invoke(JUnitPlatformProvider.java:122)
	at org.apache.maven.surefire.booter.ForkedBooter.runSuitesInProcess(ForkedBooter.java:385)
	at org.apache.maven.surefire.booter.ForkedBooter.execute(ForkedBooter.java:162)
	at org.apache.maven.surefire.booter.ForkedBooter.run(ForkedBooter.java:507)
	at org.apache.maven.surefire.booter.ForkedBooter.main(ForkedBooter.java:495)
2023-11-24 12:36:41,678 DEBUG o.h.o.s.a.tree [SqlTreePrinter.java:46] SQL AST Tree:
    SelectStatement {
      FromClause {
        StandardTableGroup (u1 : franco.maurizio.hr.desk.com.persistence.entity.User) {
          primaryTableReference : users as u1_0
        }
      }
    }

2023-11-24 12:36:41,679 DEBUG o.h.p.e.AbstractEntityPersister [AbstractEntityPersister.java:2904] Static SQL for entity: franco.maurizio.hr.desk.com.persistence.entity.SurveyQuestion
2023-11-24 12:36:41,679 DEBUG o.h.p.e.AbstractEntityPersister [AbstractEntityPersister.java:2909]  Version select: select id from surveyquestions where id=?
2023-11-24 12:36:41,679 DEBUG o.h.p.e.AbstractEntityPersister [DelegatingBasicLogger.java:393]  Insert (0): insert into surveyquestions (position,question_id,survey_id) values (?,?,?)
2023-11-24 12:36:41,679 DEBUG o.h.p.e.AbstractEntityPersister [DelegatingBasicLogger.java:393]  Update (0): update surveyquestions set position=?,question_id=?,survey_id=? where id=?
2023-11-24 12:36:41,679 DEBUG o.h.p.e.AbstractEntityPersister [DelegatingBasicLogger.java:393]  Delete (0): delete from surveyquestions where id=?
2023-11-24 12:36:41,679 DEBUG o.h.o.s.a.create [SqlAliasBaseImpl.java:33] Created new SQL alias : s1_0
2023-11-24 12:36:41,680 DEBUG o.h.o.s.a.create [SimpleFromClauseAccessImpl.java:98] Registration of TableGroup [StandardTableGroup(franco.maurizio.hr.desk.com.persistence.entity.SurveyQuestion)] with identifierForTableGroup [franco.maurizio.hr.desk.com.persistence.entity.SurveyQuestion] for NavigablePath [franco.maurizio.hr.desk.com.persistence.entity.SurveyQuestion] 
2023-11-24 12:36:41,680 TRACE o.h.l.a.i.LoaderSelectBuilder [LoaderSelectBuilder.java:779] Starting visitation of FetchParent's Fetchables : franco.maurizio.hr.desk.com.persistence.entity.SurveyQuestion
2023-11-24 12:36:41,680 DEBUG o.h.o.r.g.AST [DomainResultGraphPrinter.java:67] DomainResult Graph:
 \-EntityResultImpl [franco.maurizio.hr.desk.com.persistence.entity.SurveyQuestion]
 |  +-BasicFetch [franco.maurizio.hr.desk.com.persistence.entity.SurveyQuestion.position]
 |  +-BasicFetch [franco.maurizio.hr.desk.com.persistence.entity.SurveyQuestion.questionId]
 |  \-BasicFetch [franco.maurizio.hr.desk.com.persistence.entity.SurveyQuestion.surveyId]

2023-11-24 12:36:41,680 TRACE o.h.o.r.g.AST [DomainResultGraphPrinter.java:70] Stack trace calling DomainResultGraphPrinter
java.lang.Exception: null
	at org.hibernate.sql.results.graph.DomainResultGraphPrinter.visitDomainResults(DomainResultGraphPrinter.java:70)
	at org.hibernate.sql.results.graph.DomainResultGraphPrinter.logDomainResultGraph(DomainResultGraphPrinter.java:46)
	at org.hibernate.sql.results.graph.DomainResultGraphPrinter.logDomainResultGraph(DomainResultGraphPrinter.java:37)
	at org.hibernate.sql.ast.spi.AbstractSqlAstTranslator.translateSelect(AbstractSqlAstTranslator.java:848)
	at org.hibernate.sql.ast.spi.AbstractSqlAstTranslator.translate(AbstractSqlAstTranslator.java:801)
	at org.hibernate.loader.ast.internal.SingleIdLoadPlan.<init>(SingleIdLoadPlan.java:67)
	at org.hibernate.loader.ast.internal.SingleIdEntityLoaderStandardImpl.createLoadPlan(SingleIdEntityLoaderStandardImpl.java:197)
	at org.hibernate.loader.ast.internal.SingleIdEntityLoaderStandardImpl.prepare(SingleIdEntityLoaderStandardImpl.java:55)
	at org.hibernate.persister.entity.AbstractEntityPersister.prepareLoader(AbstractEntityPersister.java:3486)
	at org.hibernate.persister.entity.AbstractEntityPersister.postInstantiate(AbstractEntityPersister.java:3480)
	at org.hibernate.metamodel.model.domain.internal.MappingMetamodelImpl.finishInitialization(MappingMetamodelImpl.java:204)
	at org.hibernate.internal.SessionFactoryImpl.initializeMappingModel(SessionFactoryImpl.java:321)
	at org.hibernate.internal.SessionFactoryImpl.<init>(SessionFactoryImpl.java:271)
	at org.hibernate.boot.internal.SessionFactoryBuilderImpl.build(SessionFactoryBuilderImpl.java:444)
	at org.hibernate.jpa.boot.internal.EntityManagerFactoryBuilderImpl.build(EntityManagerFactoryBuilderImpl.java:1458)
	at org.springframework.orm.jpa.vendor.SpringHibernateJpaPersistenceProvider.createContainerEntityManagerFactory(SpringHibernateJpaPersistenceProvider.java:75)
	at org.springframework.orm.jpa.LocalContainerEntityManagerFactoryBean.createNativeEntityManagerFactory(LocalContainerEntityManagerFactoryBean.java:376)
	at org.springframework.orm.jpa.AbstractEntityManagerFactoryBean.buildNativeEntityManagerFactory(AbstractEntityManagerFactoryBean.java:409)
	at org.springframework.orm.jpa.AbstractEntityManagerFactoryBean.afterPropertiesSet(AbstractEntityManagerFactoryBean.java:396)
	at org.springframework.orm.jpa.LocalContainerEntityManagerFactoryBean.afterPropertiesSet(LocalContainerEntityManagerFactoryBean.java:352)
	at org.springframework.beans.factory.support.AbstractAutowireCapableBeanFactory.invokeInitMethods(AbstractAutowireCapableBeanFactory.java:1817)
	at org.springframework.beans.factory.support.AbstractAutowireCapableBeanFactory.initializeBean(AbstractAutowireCapableBeanFactory.java:1766)
	at org.springframework.beans.factory.support.AbstractAutowireCapableBeanFactory.doCreateBean(AbstractAutowireCapableBeanFactory.java:598)
	at org.springframework.beans.factory.support.AbstractAutowireCapableBeanFactory.createBean(AbstractAutowireCapableBeanFactory.java:520)
	at org.springframework.beans.factory.support.AbstractBeanFactory.lambda$doGetBean$0(AbstractBeanFactory.java:325)
	at org.springframework.beans.factory.support.DefaultSingletonBeanRegistry.getSingleton(DefaultSingletonBeanRegistry.java:234)
	at org.springframework.beans.factory.support.AbstractBeanFactory.doGetBean(AbstractBeanFactory.java:323)
	at org.springframework.beans.factory.support.AbstractBeanFactory.getBean(AbstractBeanFactory.java:199)
	at org.springframework.context.support.AbstractApplicationContext.getBean(AbstractApplicationContext.java:1166)
	at org.springframework.context.support.AbstractApplicationContext.finishBeanFactoryInitialization(AbstractApplicationContext.java:940)
	at org.springframework.context.support.AbstractApplicationContext.refresh(AbstractApplicationContext.java:616)
	at org.springframework.boot.SpringApplication.refresh(SpringApplication.java:738)
	at org.springframework.boot.SpringApplication.refreshContext(SpringApplication.java:440)
	at org.springframework.boot.SpringApplication.run(SpringApplication.java:316)
	at org.springframework.boot.test.context.SpringBootContextLoader.lambda$loadContext$3(SpringBootContextLoader.java:137)
	at org.springframework.util.function.ThrowingSupplier.get(ThrowingSupplier.java:58)
	at org.springframework.util.function.ThrowingSupplier.get(ThrowingSupplier.java:46)
	at org.springframework.boot.SpringApplication.withHook(SpringApplication.java:1406)
	at org.springframework.boot.test.context.SpringBootContextLoader$ContextLoaderHook.run(SpringBootContextLoader.java:545)
	at org.springframework.boot.test.context.SpringBootContextLoader.loadContext(SpringBootContextLoader.java:137)
	at org.springframework.boot.test.context.SpringBootContextLoader.loadContext(SpringBootContextLoader.java:108)
	at org.springframework.test.context.cache.DefaultCacheAwareContextLoaderDelegate.loadContextInternal(DefaultCacheAwareContextLoaderDelegate.java:187)
	at org.springframework.test.context.cache.DefaultCacheAwareContextLoaderDelegate.loadContext(DefaultCacheAwareContextLoaderDelegate.java:119)
	at org.springframework.test.context.support.DefaultTestContext.getApplicationContext(DefaultTestContext.java:127)
	at org.springframework.test.context.web.ServletTestExecutionListener.setUpRequestContextIfNecessary(ServletTestExecutionListener.java:191)
	at org.springframework.test.context.web.ServletTestExecutionListener.prepareTestInstance(ServletTestExecutionListener.java:130)
	at org.springframework.test.context.TestContextManager.prepareTestInstance(TestContextManager.java:241)
	at org.springframework.test.context.junit.jupiter.SpringExtension.postProcessTestInstance(SpringExtension.java:138)
	at org.junit.jupiter.engine.descriptor.ClassBasedTestDescriptor.lambda$invokeTestInstancePostProcessors$10(ClassBasedTestDescriptor.java:377)
	at org.junit.jupiter.engine.descriptor.ClassBasedTestDescriptor.executeAndMaskThrowable(ClassBasedTestDescriptor.java:382)
	at org.junit.jupiter.engine.descriptor.ClassBasedTestDescriptor.lambda$invokeTestInstancePostProcessors$11(ClassBasedTestDescriptor.java:377)
	at java.base/java.util.stream.ReferencePipeline$3$1.accept(ReferencePipeline.java:197)
	at java.base/java.util.stream.ReferencePipeline$2$1.accept(ReferencePipeline.java:179)
	at java.base/java.util.ArrayList$ArrayListSpliterator.forEachRemaining(ArrayList.java:1625)
	at java.base/java.util.stream.AbstractPipeline.copyInto(AbstractPipeline.java:509)
	at java.base/java.util.stream.AbstractPipeline.wrapAndCopyInto(AbstractPipeline.java:499)
	at java.base/java.util.stream.StreamSpliterators$WrappingSpliterator.forEachRemaining(StreamSpliterators.java:310)
	at java.base/java.util.stream.Streams$ConcatSpliterator.forEachRemaining(Streams.java:735)
	at java.base/java.util.stream.Streams$ConcatSpliterator.forEachRemaining(Streams.java:734)
	at java.base/java.util.stream.ReferencePipeline$Head.forEach(ReferencePipeline.java:762)
	at org.junit.jupiter.engine.descriptor.ClassBasedTestDescriptor.invokeTestInstancePostProcessors(ClassBasedTestDescriptor.java:376)
	at org.junit.jupiter.engine.descriptor.ClassBasedTestDescriptor.lambda$instantiateAndPostProcessTestInstance$6(ClassBasedTestDescriptor.java:289)
	at org.junit.platform.engine.support.hierarchical.ThrowableCollector.execute(ThrowableCollector.java:73)
	at org.junit.jupiter.engine.descriptor.ClassBasedTestDescriptor.instantiateAndPostProcessTestInstance(ClassBasedTestDescriptor.java:288)
	at org.junit.jupiter.engine.descriptor.ClassBasedTestDescriptor.lambda$testInstancesProvider$4(ClassBasedTestDescriptor.java:278)
	at java.base/java.util.Optional.orElseGet(Optional.java:364)
	at org.junit.jupiter.engine.descriptor.ClassBasedTestDescriptor.lambda$testInstancesProvider$5(ClassBasedTestDescriptor.java:277)
	at org.junit.jupiter.engine.execution.TestInstancesProvider.getTestInstances(TestInstancesProvider.java:31)
	at org.junit.jupiter.engine.descriptor.TestMethodTestDescriptor.lambda$prepare$0(TestMethodTestDescriptor.java:105)
	at org.junit.platform.engine.support.hierarchical.ThrowableCollector.execute(ThrowableCollector.java:73)
	at org.junit.jupiter.engine.descriptor.TestMethodTestDescriptor.prepare(TestMethodTestDescriptor.java:104)
	at org.junit.jupiter.engine.descriptor.TestMethodTestDescriptor.prepare(TestMethodTestDescriptor.java:68)
	at org.junit.platform.engine.support.hierarchical.NodeTestTask.lambda$prepare$2(NodeTestTask.java:123)
	at org.junit.platform.engine.support.hierarchical.ThrowableCollector.execute(ThrowableCollector.java:73)
	at org.junit.platform.engine.support.hierarchical.NodeTestTask.prepare(NodeTestTask.java:123)
	at org.junit.platform.engine.support.hierarchical.NodeTestTask.execute(NodeTestTask.java:90)
	at java.base/java.util.ArrayList.forEach(ArrayList.java:1511)
	at org.junit.platform.engine.support.hierarchical.SameThreadHierarchicalTestExecutorService.invokeAll(SameThreadHierarchicalTestExecutorService.java:41)
	at org.junit.platform.engine.support.hierarchical.NodeTestTask.lambda$executeRecursively$6(NodeTestTask.java:155)
	at org.junit.platform.engine.support.hierarchical.ThrowableCollector.execute(ThrowableCollector.java:73)
	at org.junit.platform.engine.support.hierarchical.NodeTestTask.lambda$executeRecursively$8(NodeTestTask.java:141)
	at org.junit.platform.engine.support.hierarchical.Node.around(Node.java:137)
	at org.junit.platform.engine.support.hierarchical.NodeTestTask.lambda$executeRecursively$9(NodeTestTask.java:139)
	at org.junit.platform.engine.support.hierarchical.ThrowableCollector.execute(ThrowableCollector.java:73)
	at org.junit.platform.engine.support.hierarchical.NodeTestTask.executeRecursively(NodeTestTask.java:138)
	at org.junit.platform.engine.support.hierarchical.NodeTestTask.execute(NodeTestTask.java:95)
	at java.base/java.util.ArrayList.forEach(ArrayList.java:1511)
	at org.junit.platform.engine.support.hierarchical.SameThreadHierarchicalTestExecutorService.invokeAll(SameThreadHierarchicalTestExecutorService.java:41)
	at org.junit.platform.engine.support.hierarchical.NodeTestTask.lambda$executeRecursively$6(NodeTestTask.java:155)
	at org.junit.platform.engine.support.hierarchical.ThrowableCollector.execute(ThrowableCollector.java:73)
	at org.junit.platform.engine.support.hierarchical.NodeTestTask.lambda$executeRecursively$8(NodeTestTask.java:141)
	at org.junit.platform.engine.support.hierarchical.Node.around(Node.java:137)
	at org.junit.platform.engine.support.hierarchical.NodeTestTask.lambda$executeRecursively$9(NodeTestTask.java:139)
	at org.junit.platform.engine.support.hierarchical.ThrowableCollector.execute(ThrowableCollector.java:73)
	at org.junit.platform.engine.support.hierarchical.NodeTestTask.executeRecursively(NodeTestTask.java:138)
	at org.junit.platform.engine.support.hierarchical.NodeTestTask.execute(NodeTestTask.java:95)
	at org.junit.platform.engine.support.hierarchical.SameThreadHierarchicalTestExecutorService.submit(SameThreadHierarchicalTestExecutorService.java:35)
	at org.junit.platform.engine.support.hierarchical.HierarchicalTestExecutor.execute(HierarchicalTestExecutor.java:57)
	at org.junit.platform.engine.support.hierarchical.HierarchicalTestEngine.execute(HierarchicalTestEngine.java:54)
	at org.junit.platform.launcher.core.EngineExecutionOrchestrator.execute(EngineExecutionOrchestrator.java:147)
	at org.junit.platform.launcher.core.EngineExecutionOrchestrator.execute(EngineExecutionOrchestrator.java:127)
	at org.junit.platform.launcher.core.EngineExecutionOrchestrator.execute(EngineExecutionOrchestrator.java:90)
	at org.junit.platform.launcher.core.EngineExecutionOrchestrator.lambda$execute$0(EngineExecutionOrchestrator.java:55)
	at org.junit.platform.launcher.core.EngineExecutionOrchestrator.withInterceptedStreams(EngineExecutionOrchestrator.java:102)
	at org.junit.platform.launcher.core.EngineExecutionOrchestrator.execute(EngineExecutionOrchestrator.java:54)
	at org.junit.platform.launcher.core.DefaultLauncher.execute(DefaultLauncher.java:114)
	at org.junit.platform.launcher.core.DefaultLauncher.execute(DefaultLauncher.java:86)
	at org.junit.platform.launcher.core.DefaultLauncherSession$DelegatingLauncher.execute(DefaultLauncherSession.java:86)
	at org.apache.maven.surefire.junitplatform.LazyLauncher.execute(LazyLauncher.java:50)
	at org.apache.maven.surefire.junitplatform.JUnitPlatformProvider.execute(JUnitPlatformProvider.java:184)
	at org.apache.maven.surefire.junitplatform.JUnitPlatformProvider.invokeAllTests(JUnitPlatformProvider.java:148)
	at org.apache.maven.surefire.junitplatform.JUnitPlatformProvider.invoke(JUnitPlatformProvider.java:122)
	at org.apache.maven.surefire.booter.ForkedBooter.runSuitesInProcess(ForkedBooter.java:385)
	at org.apache.maven.surefire.booter.ForkedBooter.execute(ForkedBooter.java:162)
	at org.apache.maven.surefire.booter.ForkedBooter.run(ForkedBooter.java:507)
	at org.apache.maven.surefire.booter.ForkedBooter.main(ForkedBooter.java:495)
2023-11-24 12:36:41,681 DEBUG o.h.o.s.a.tree [SqlTreePrinter.java:46] SQL AST Tree:
    SelectStatement {
      FromClause {
        StandardTableGroup (s1 : franco.maurizio.hr.desk.com.persistence.entity.SurveyQuestion) {
          primaryTableReference : surveyquestions as s1_0
        }
      }
    }

2023-11-24 12:36:41,682 DEBUG o.h.p.e.AbstractEntityPersister [AbstractEntityPersister.java:2904] Static SQL for entity: franco.maurizio.hr.desk.com.persistence.entity.CandidateSurveyToken
2023-11-24 12:36:41,683 DEBUG o.h.p.e.AbstractEntityPersister [AbstractEntityPersister.java:2909]  Version select: select id from candidatesurveytokens where id=?
2023-11-24 12:36:41,683 DEBUG o.h.p.e.AbstractEntityPersister [DelegatingBasicLogger.java:393]  Insert (0): insert into candidatesurveytokens (candidate_id,expiration_date_time,expired,generated_token,survey_id) values (?,?,?,?,?)
2023-11-24 12:36:41,683 DEBUG o.h.p.e.AbstractEntityPersister [DelegatingBasicLogger.java:393]  Update (0): update candidatesurveytokens set candidate_id=?,expiration_date_time=?,expired=?,generated_token=?,survey_id=? where id=?
2023-11-24 12:36:41,683 DEBUG o.h.p.e.AbstractEntityPersister [DelegatingBasicLogger.java:393]  Delete (0): delete from candidatesurveytokens where id=?
2023-11-24 12:36:41,684 DEBUG o.h.o.s.a.create [SqlAliasBaseImpl.java:33] Created new SQL alias : c1_0
2023-11-24 12:36:41,684 DEBUG o.h.o.s.a.create [SimpleFromClauseAccessImpl.java:98] Registration of TableGroup [StandardTableGroup(franco.maurizio.hr.desk.com.persistence.entity.CandidateSurveyToken)] with identifierForTableGroup [franco.maurizio.hr.desk.com.persistence.entity.CandidateSurveyToken] for NavigablePath [franco.maurizio.hr.desk.com.persistence.entity.CandidateSurveyToken] 
2023-11-24 12:36:41,685 TRACE o.h.l.a.i.LoaderSelectBuilder [LoaderSelectBuilder.java:779] Starting visitation of FetchParent's Fetchables : franco.maurizio.hr.desk.com.persistence.entity.CandidateSurveyToken
2023-11-24 12:36:41,686 DEBUG o.h.o.r.g.AST [DomainResultGraphPrinter.java:67] DomainResult Graph:
 \-EntityResultImpl [franco.maurizio.hr.desk.com.persistence.entity.CandidateSurveyToken]
 |  +-BasicFetch [franco.maurizio.hr.desk.com.persistence.entity.CandidateSurveyToken.candidateId]
 |  +-BasicFetch [franco.maurizio.hr.desk.com.persistence.entity.CandidateSurveyToken.expirationDateTime]
 |  +-BasicFetch [franco.maurizio.hr.desk.com.persistence.entity.CandidateSurveyToken.expired]
 |  +-BasicFetch [franco.maurizio.hr.desk.com.persistence.entity.CandidateSurveyToken.generatedToken]
 |  \-BasicFetch [franco.maurizio.hr.desk.com.persistence.entity.CandidateSurveyToken.surveyId]

2023-11-24 12:36:41,686 TRACE o.h.o.r.g.AST [DomainResultGraphPrinter.java:70] Stack trace calling DomainResultGraphPrinter
java.lang.Exception: null
	at org.hibernate.sql.results.graph.DomainResultGraphPrinter.visitDomainResults(DomainResultGraphPrinter.java:70)
	at org.hibernate.sql.results.graph.DomainResultGraphPrinter.logDomainResultGraph(DomainResultGraphPrinter.java:46)
	at org.hibernate.sql.results.graph.DomainResultGraphPrinter.logDomainResultGraph(DomainResultGraphPrinter.java:37)
	at org.hibernate.sql.ast.spi.AbstractSqlAstTranslator.translateSelect(AbstractSqlAstTranslator.java:848)
	at org.hibernate.sql.ast.spi.AbstractSqlAstTranslator.translate(AbstractSqlAstTranslator.java:801)
	at org.hibernate.loader.ast.internal.SingleIdLoadPlan.<init>(SingleIdLoadPlan.java:67)
	at org.hibernate.loader.ast.internal.SingleIdEntityLoaderStandardImpl.createLoadPlan(SingleIdEntityLoaderStandardImpl.java:197)
	at org.hibernate.loader.ast.internal.SingleIdEntityLoaderStandardImpl.prepare(SingleIdEntityLoaderStandardImpl.java:55)
	at org.hibernate.persister.entity.AbstractEntityPersister.prepareLoader(AbstractEntityPersister.java:3486)
	at org.hibernate.persister.entity.AbstractEntityPersister.postInstantiate(AbstractEntityPersister.java:3480)
	at org.hibernate.metamodel.model.domain.internal.MappingMetamodelImpl.finishInitialization(MappingMetamodelImpl.java:204)
	at org.hibernate.internal.SessionFactoryImpl.initializeMappingModel(SessionFactoryImpl.java:321)
	at org.hibernate.internal.SessionFactoryImpl.<init>(SessionFactoryImpl.java:271)
	at org.hibernate.boot.internal.SessionFactoryBuilderImpl.build(SessionFactoryBuilderImpl.java:444)
	at org.hibernate.jpa.boot.internal.EntityManagerFactoryBuilderImpl.build(EntityManagerFactoryBuilderImpl.java:1458)
	at org.springframework.orm.jpa.vendor.SpringHibernateJpaPersistenceProvider.createContainerEntityManagerFactory(SpringHibernateJpaPersistenceProvider.java:75)
	at org.springframework.orm.jpa.LocalContainerEntityManagerFactoryBean.createNativeEntityManagerFactory(LocalContainerEntityManagerFactoryBean.java:376)
	at org.springframework.orm.jpa.AbstractEntityManagerFactoryBean.buildNativeEntityManagerFactory(AbstractEntityManagerFactoryBean.java:409)
	at org.springframework.orm.jpa.AbstractEntityManagerFactoryBean.afterPropertiesSet(AbstractEntityManagerFactoryBean.java:396)
	at org.springframework.orm.jpa.LocalContainerEntityManagerFactoryBean.afterPropertiesSet(LocalContainerEntityManagerFactoryBean.java:352)
	at org.springframework.beans.factory.support.AbstractAutowireCapableBeanFactory.invokeInitMethods(AbstractAutowireCapableBeanFactory.java:1817)
	at org.springframework.beans.factory.support.AbstractAutowireCapableBeanFactory.initializeBean(AbstractAutowireCapableBeanFactory.java:1766)
	at org.springframework.beans.factory.support.AbstractAutowireCapableBeanFactory.doCreateBean(AbstractAutowireCapableBeanFactory.java:598)
	at org.springframework.beans.factory.support.AbstractAutowireCapableBeanFactory.createBean(AbstractAutowireCapableBeanFactory.java:520)
	at org.springframework.beans.factory.support.AbstractBeanFactory.lambda$doGetBean$0(AbstractBeanFactory.java:325)
	at org.springframework.beans.factory.support.DefaultSingletonBeanRegistry.getSingleton(DefaultSingletonBeanRegistry.java:234)
	at org.springframework.beans.factory.support.AbstractBeanFactory.doGetBean(AbstractBeanFactory.java:323)
	at org.springframework.beans.factory.support.AbstractBeanFactory.getBean(AbstractBeanFactory.java:199)
	at org.springframework.context.support.AbstractApplicationContext.getBean(AbstractApplicationContext.java:1166)
	at org.springframework.context.support.AbstractApplicationContext.finishBeanFactoryInitialization(AbstractApplicationContext.java:940)
	at org.springframework.context.support.AbstractApplicationContext.refresh(AbstractApplicationContext.java:616)
	at org.springframework.boot.SpringApplication.refresh(SpringApplication.java:738)
	at org.springframework.boot.SpringApplication.refreshContext(SpringApplication.java:440)
	at org.springframework.boot.SpringApplication.run(SpringApplication.java:316)
	at org.springframework.boot.test.context.SpringBootContextLoader.lambda$loadContext$3(SpringBootContextLoader.java:137)
	at org.springframework.util.function.ThrowingSupplier.get(ThrowingSupplier.java:58)
	at org.springframework.util.function.ThrowingSupplier.get(ThrowingSupplier.java:46)
	at org.springframework.boot.SpringApplication.withHook(SpringApplication.java:1406)
	at org.springframework.boot.test.context.SpringBootContextLoader$ContextLoaderHook.run(SpringBootContextLoader.java:545)
	at org.springframework.boot.test.context.SpringBootContextLoader.loadContext(SpringBootContextLoader.java:137)
	at org.springframework.boot.test.context.SpringBootContextLoader.loadContext(SpringBootContextLoader.java:108)
	at org.springframework.test.context.cache.DefaultCacheAwareContextLoaderDelegate.loadContextInternal(DefaultCacheAwareContextLoaderDelegate.java:187)
	at org.springframework.test.context.cache.DefaultCacheAwareContextLoaderDelegate.loadContext(DefaultCacheAwareContextLoaderDelegate.java:119)
	at org.springframework.test.context.support.DefaultTestContext.getApplicationContext(DefaultTestContext.java:127)
	at org.springframework.test.context.web.ServletTestExecutionListener.setUpRequestContextIfNecessary(ServletTestExecutionListener.java:191)
	at org.springframework.test.context.web.ServletTestExecutionListener.prepareTestInstance(ServletTestExecutionListener.java:130)
	at org.springframework.test.context.TestContextManager.prepareTestInstance(TestContextManager.java:241)
	at org.springframework.test.context.junit.jupiter.SpringExtension.postProcessTestInstance(SpringExtension.java:138)
	at org.junit.jupiter.engine.descriptor.ClassBasedTestDescriptor.lambda$invokeTestInstancePostProcessors$10(ClassBasedTestDescriptor.java:377)
	at org.junit.jupiter.engine.descriptor.ClassBasedTestDescriptor.executeAndMaskThrowable(ClassBasedTestDescriptor.java:382)
	at org.junit.jupiter.engine.descriptor.ClassBasedTestDescriptor.lambda$invokeTestInstancePostProcessors$11(ClassBasedTestDescriptor.java:377)
	at java.base/java.util.stream.ReferencePipeline$3$1.accept(ReferencePipeline.java:197)
	at java.base/java.util.stream.ReferencePipeline$2$1.accept(ReferencePipeline.java:179)
	at java.base/java.util.ArrayList$ArrayListSpliterator.forEachRemaining(ArrayList.java:1625)
	at java.base/java.util.stream.AbstractPipeline.copyInto(AbstractPipeline.java:509)
	at java.base/java.util.stream.AbstractPipeline.wrapAndCopyInto(AbstractPipeline.java:499)
	at java.base/java.util.stream.StreamSpliterators$WrappingSpliterator.forEachRemaining(StreamSpliterators.java:310)
	at java.base/java.util.stream.Streams$ConcatSpliterator.forEachRemaining(Streams.java:735)
	at java.base/java.util.stream.Streams$ConcatSpliterator.forEachRemaining(Streams.java:734)
	at java.base/java.util.stream.ReferencePipeline$Head.forEach(ReferencePipeline.java:762)
	at org.junit.jupiter.engine.descriptor.ClassBasedTestDescriptor.invokeTestInstancePostProcessors(ClassBasedTestDescriptor.java:376)
	at org.junit.jupiter.engine.descriptor.ClassBasedTestDescriptor.lambda$instantiateAndPostProcessTestInstance$6(ClassBasedTestDescriptor.java:289)
	at org.junit.platform.engine.support.hierarchical.ThrowableCollector.execute(ThrowableCollector.java:73)
	at org.junit.jupiter.engine.descriptor.ClassBasedTestDescriptor.instantiateAndPostProcessTestInstance(ClassBasedTestDescriptor.java:288)
	at org.junit.jupiter.engine.descriptor.ClassBasedTestDescriptor.lambda$testInstancesProvider$4(ClassBasedTestDescriptor.java:278)
	at java.base/java.util.Optional.orElseGet(Optional.java:364)
	at org.junit.jupiter.engine.descriptor.ClassBasedTestDescriptor.lambda$testInstancesProvider$5(ClassBasedTestDescriptor.java:277)
	at org.junit.jupiter.engine.execution.TestInstancesProvider.getTestInstances(TestInstancesProvider.java:31)
	at org.junit.jupiter.engine.descriptor.TestMethodTestDescriptor.lambda$prepare$0(TestMethodTestDescriptor.java:105)
	at org.junit.platform.engine.support.hierarchical.ThrowableCollector.execute(ThrowableCollector.java:73)
	at org.junit.jupiter.engine.descriptor.TestMethodTestDescriptor.prepare(TestMethodTestDescriptor.java:104)
	at org.junit.jupiter.engine.descriptor.TestMethodTestDescriptor.prepare(TestMethodTestDescriptor.java:68)
	at org.junit.platform.engine.support.hierarchical.NodeTestTask.lambda$prepare$2(NodeTestTask.java:123)
	at org.junit.platform.engine.support.hierarchical.ThrowableCollector.execute(ThrowableCollector.java:73)
	at org.junit.platform.engine.support.hierarchical.NodeTestTask.prepare(NodeTestTask.java:123)
	at org.junit.platform.engine.support.hierarchical.NodeTestTask.execute(NodeTestTask.java:90)
	at java.base/java.util.ArrayList.forEach(ArrayList.java:1511)
	at org.junit.platform.engine.support.hierarchical.SameThreadHierarchicalTestExecutorService.invokeAll(SameThreadHierarchicalTestExecutorService.java:41)
	at org.junit.platform.engine.support.hierarchical.NodeTestTask.lambda$executeRecursively$6(NodeTestTask.java:155)
	at org.junit.platform.engine.support.hierarchical.ThrowableCollector.execute(ThrowableCollector.java:73)
	at org.junit.platform.engine.support.hierarchical.NodeTestTask.lambda$executeRecursively$8(NodeTestTask.java:141)
	at org.junit.platform.engine.support.hierarchical.Node.around(Node.java:137)
	at org.junit.platform.engine.support.hierarchical.NodeTestTask.lambda$executeRecursively$9(NodeTestTask.java:139)
	at org.junit.platform.engine.support.hierarchical.ThrowableCollector.execute(ThrowableCollector.java:73)
	at org.junit.platform.engine.support.hierarchical.NodeTestTask.executeRecursively(NodeTestTask.java:138)
	at org.junit.platform.engine.support.hierarchical.NodeTestTask.execute(NodeTestTask.java:95)
	at java.base/java.util.ArrayList.forEach(ArrayList.java:1511)
	at org.junit.platform.engine.support.hierarchical.SameThreadHierarchicalTestExecutorService.invokeAll(SameThreadHierarchicalTestExecutorService.java:41)
	at org.junit.platform.engine.support.hierarchical.NodeTestTask.lambda$executeRecursively$6(NodeTestTask.java:155)
	at org.junit.platform.engine.support.hierarchical.ThrowableCollector.execute(ThrowableCollector.java:73)
	at org.junit.platform.engine.support.hierarchical.NodeTestTask.lambda$executeRecursively$8(NodeTestTask.java:141)
	at org.junit.platform.engine.support.hierarchical.Node.around(Node.java:137)
	at org.junit.platform.engine.support.hierarchical.NodeTestTask.lambda$executeRecursively$9(NodeTestTask.java:139)
	at org.junit.platform.engine.support.hierarchical.ThrowableCollector.execute(ThrowableCollector.java:73)
	at org.junit.platform.engine.support.hierarchical.NodeTestTask.executeRecursively(NodeTestTask.java:138)
	at org.junit.platform.engine.support.hierarchical.NodeTestTask.execute(NodeTestTask.java:95)
	at org.junit.platform.engine.support.hierarchical.SameThreadHierarchicalTestExecutorService.submit(SameThreadHierarchicalTestExecutorService.java:35)
	at org.junit.platform.engine.support.hierarchical.HierarchicalTestExecutor.execute(HierarchicalTestExecutor.java:57)
	at org.junit.platform.engine.support.hierarchical.HierarchicalTestEngine.execute(HierarchicalTestEngine.java:54)
	at org.junit.platform.launcher.core.EngineExecutionOrchestrator.execute(EngineExecutionOrchestrator.java:147)
	at org.junit.platform.launcher.core.EngineExecutionOrchestrator.execute(EngineExecutionOrchestrator.java:127)
	at org.junit.platform.launcher.core.EngineExecutionOrchestrator.execute(EngineExecutionOrchestrator.java:90)
	at org.junit.platform.launcher.core.EngineExecutionOrchestrator.lambda$execute$0(EngineExecutionOrchestrator.java:55)
	at org.junit.platform.launcher.core.EngineExecutionOrchestrator.withInterceptedStreams(EngineExecutionOrchestrator.java:102)
	at org.junit.platform.launcher.core.EngineExecutionOrchestrator.execute(EngineExecutionOrchestrator.java:54)
	at org.junit.platform.launcher.core.DefaultLauncher.execute(DefaultLauncher.java:114)
	at org.junit.platform.launcher.core.DefaultLauncher.execute(DefaultLauncher.java:86)
	at org.junit.platform.launcher.core.DefaultLauncherSession$DelegatingLauncher.execute(DefaultLauncherSession.java:86)
	at org.apache.maven.surefire.junitplatform.LazyLauncher.execute(LazyLauncher.java:50)
	at org.apache.maven.surefire.junitplatform.JUnitPlatformProvider.execute(JUnitPlatformProvider.java:184)
	at org.apache.maven.surefire.junitplatform.JUnitPlatformProvider.invokeAllTests(JUnitPlatformProvider.java:148)
	at org.apache.maven.surefire.junitplatform.JUnitPlatformProvider.invoke(JUnitPlatformProvider.java:122)
	at org.apache.maven.surefire.booter.ForkedBooter.runSuitesInProcess(ForkedBooter.java:385)
	at org.apache.maven.surefire.booter.ForkedBooter.execute(ForkedBooter.java:162)
	at org.apache.maven.surefire.booter.ForkedBooter.run(ForkedBooter.java:507)
	at org.apache.maven.surefire.booter.ForkedBooter.main(ForkedBooter.java:495)
2023-11-24 12:36:41,687 DEBUG o.h.o.s.a.tree [SqlTreePrinter.java:46] SQL AST Tree:
    SelectStatement {
      FromClause {
        StandardTableGroup (c1 : franco.maurizio.hr.desk.com.persistence.entity.CandidateSurveyToken) {
          primaryTableReference : candidatesurveytokens as c1_0
        }
      }
    }

2023-11-24 12:36:41,688 DEBUG o.h.p.e.AbstractEntityPersister [AbstractEntityPersister.java:2904] Static SQL for entity: franco.maurizio.hr.desk.com.persistence.entity.CandidateStates
2023-11-24 12:36:41,688 DEBUG o.h.p.e.AbstractEntityPersister [AbstractEntityPersister.java:2909]  Version select: select id from candidate_states where id=?
2023-11-24 12:36:41,689 DEBUG o.h.p.e.AbstractEntityPersister [DelegatingBasicLogger.java:393]  Insert (0): insert into candidate_states (role_id,status_code,status_color,status_description,status_label) values (?,?,?,?,?)
2023-11-24 12:36:41,689 DEBUG o.h.p.e.AbstractEntityPersister [DelegatingBasicLogger.java:393]  Update (0): update candidate_states set role_id=?,status_code=?,status_color=?,status_description=?,status_label=? where id=?
2023-11-24 12:36:41,689 DEBUG o.h.p.e.AbstractEntityPersister [DelegatingBasicLogger.java:393]  Delete (0): delete from candidate_states where id=?
2023-11-24 12:36:41,689 DEBUG o.h.o.s.a.create [SqlAliasBaseImpl.java:33] Created new SQL alias : c1_0
2023-11-24 12:36:41,689 DEBUG o.h.o.s.a.create [SimpleFromClauseAccessImpl.java:98] Registration of TableGroup [StandardTableGroup(franco.maurizio.hr.desk.com.persistence.entity.CandidateStates)] with identifierForTableGroup [franco.maurizio.hr.desk.com.persistence.entity.CandidateStates] for NavigablePath [franco.maurizio.hr.desk.com.persistence.entity.CandidateStates] 
2023-11-24 12:36:41,690 TRACE o.h.l.a.i.LoaderSelectBuilder [LoaderSelectBuilder.java:779] Starting visitation of FetchParent's Fetchables : franco.maurizio.hr.desk.com.persistence.entity.CandidateStates
2023-11-24 12:36:41,690 DEBUG o.h.o.r.g.AST [DomainResultGraphPrinter.java:67] DomainResult Graph:
 \-EntityResultImpl [franco.maurizio.hr.desk.com.persistence.entity.CandidateStates]
 |  +-BasicFetch [franco.maurizio.hr.desk.com.persistence.entity.CandidateStates.roleId]
 |  +-BasicFetch [franco.maurizio.hr.desk.com.persistence.entity.CandidateStates.statusCode]
 |  +-BasicFetch [franco.maurizio.hr.desk.com.persistence.entity.CandidateStates.statusColor]
 |  +-BasicFetch [franco.maurizio.hr.desk.com.persistence.entity.CandidateStates.statusDescription]
 |  \-BasicFetch [franco.maurizio.hr.desk.com.persistence.entity.CandidateStates.statusLabel]

2023-11-24 12:36:41,691 TRACE o.h.o.r.g.AST [DomainResultGraphPrinter.java:70] Stack trace calling DomainResultGraphPrinter
java.lang.Exception: null
	at org.hibernate.sql.results.graph.DomainResultGraphPrinter.visitDomainResults(DomainResultGraphPrinter.java:70)
	at org.hibernate.sql.results.graph.DomainResultGraphPrinter.logDomainResultGraph(DomainResultGraphPrinter.java:46)
	at org.hibernate.sql.results.graph.DomainResultGraphPrinter.logDomainResultGraph(DomainResultGraphPrinter.java:37)
	at org.hibernate.sql.ast.spi.AbstractSqlAstTranslator.translateSelect(AbstractSqlAstTranslator.java:848)
	at org.hibernate.sql.ast.spi.AbstractSqlAstTranslator.translate(AbstractSqlAstTranslator.java:801)
	at org.hibernate.loader.ast.internal.SingleIdLoadPlan.<init>(SingleIdLoadPlan.java:67)
	at org.hibernate.loader.ast.internal.SingleIdEntityLoaderStandardImpl.createLoadPlan(SingleIdEntityLoaderStandardImpl.java:197)
	at org.hibernate.loader.ast.internal.SingleIdEntityLoaderStandardImpl.prepare(SingleIdEntityLoaderStandardImpl.java:55)
	at org.hibernate.persister.entity.AbstractEntityPersister.prepareLoader(AbstractEntityPersister.java:3486)
	at org.hibernate.persister.entity.AbstractEntityPersister.postInstantiate(AbstractEntityPersister.java:3480)
	at org.hibernate.metamodel.model.domain.internal.MappingMetamodelImpl.finishInitialization(MappingMetamodelImpl.java:204)
	at org.hibernate.internal.SessionFactoryImpl.initializeMappingModel(SessionFactoryImpl.java:321)
	at org.hibernate.internal.SessionFactoryImpl.<init>(SessionFactoryImpl.java:271)
	at org.hibernate.boot.internal.SessionFactoryBuilderImpl.build(SessionFactoryBuilderImpl.java:444)
	at org.hibernate.jpa.boot.internal.EntityManagerFactoryBuilderImpl.build(EntityManagerFactoryBuilderImpl.java:1458)
	at org.springframework.orm.jpa.vendor.SpringHibernateJpaPersistenceProvider.createContainerEntityManagerFactory(SpringHibernateJpaPersistenceProvider.java:75)
	at org.springframework.orm.jpa.LocalContainerEntityManagerFactoryBean.createNativeEntityManagerFactory(LocalContainerEntityManagerFactoryBean.java:376)
	at org.springframework.orm.jpa.AbstractEntityManagerFactoryBean.buildNativeEntityManagerFactory(AbstractEntityManagerFactoryBean.java:409)
	at org.springframework.orm.jpa.AbstractEntityManagerFactoryBean.afterPropertiesSet(AbstractEntityManagerFactoryBean.java:396)
	at org.springframework.orm.jpa.LocalContainerEntityManagerFactoryBean.afterPropertiesSet(LocalContainerEntityManagerFactoryBean.java:352)
	at org.springframework.beans.factory.support.AbstractAutowireCapableBeanFactory.invokeInitMethods(AbstractAutowireCapableBeanFactory.java:1817)
	at org.springframework.beans.factory.support.AbstractAutowireCapableBeanFactory.initializeBean(AbstractAutowireCapableBeanFactory.java:1766)
	at org.springframework.beans.factory.support.AbstractAutowireCapableBeanFactory.doCreateBean(AbstractAutowireCapableBeanFactory.java:598)
	at org.springframework.beans.factory.support.AbstractAutowireCapableBeanFactory.createBean(AbstractAutowireCapableBeanFactory.java:520)
	at org.springframework.beans.factory.support.AbstractBeanFactory.lambda$doGetBean$0(AbstractBeanFactory.java:325)
	at org.springframework.beans.factory.support.DefaultSingletonBeanRegistry.getSingleton(DefaultSingletonBeanRegistry.java:234)
	at org.springframework.beans.factory.support.AbstractBeanFactory.doGetBean(AbstractBeanFactory.java:323)
	at org.springframework.beans.factory.support.AbstractBeanFactory.getBean(AbstractBeanFactory.java:199)
	at org.springframework.context.support.AbstractApplicationContext.getBean(AbstractApplicationContext.java:1166)
	at org.springframework.context.support.AbstractApplicationContext.finishBeanFactoryInitialization(AbstractApplicationContext.java:940)
	at org.springframework.context.support.AbstractApplicationContext.refresh(AbstractApplicationContext.java:616)
	at org.springframework.boot.SpringApplication.refresh(SpringApplication.java:738)
	at org.springframework.boot.SpringApplication.refreshContext(SpringApplication.java:440)
	at org.springframework.boot.SpringApplication.run(SpringApplication.java:316)
	at org.springframework.boot.test.context.SpringBootContextLoader.lambda$loadContext$3(SpringBootContextLoader.java:137)
	at org.springframework.util.function.ThrowingSupplier.get(ThrowingSupplier.java:58)
	at org.springframework.util.function.ThrowingSupplier.get(ThrowingSupplier.java:46)
	at org.springframework.boot.SpringApplication.withHook(SpringApplication.java:1406)
	at org.springframework.boot.test.context.SpringBootContextLoader$ContextLoaderHook.run(SpringBootContextLoader.java:545)
	at org.springframework.boot.test.context.SpringBootContextLoader.loadContext(SpringBootContextLoader.java:137)
	at org.springframework.boot.test.context.SpringBootContextLoader.loadContext(SpringBootContextLoader.java:108)
	at org.springframework.test.context.cache.DefaultCacheAwareContextLoaderDelegate.loadContextInternal(DefaultCacheAwareContextLoaderDelegate.java:187)
	at org.springframework.test.context.cache.DefaultCacheAwareContextLoaderDelegate.loadContext(DefaultCacheAwareContextLoaderDelegate.java:119)
	at org.springframework.test.context.support.DefaultTestContext.getApplicationContext(DefaultTestContext.java:127)
	at org.springframework.test.context.web.ServletTestExecutionListener.setUpRequestContextIfNecessary(ServletTestExecutionListener.java:191)
	at org.springframework.test.context.web.ServletTestExecutionListener.prepareTestInstance(ServletTestExecutionListener.java:130)
	at org.springframework.test.context.TestContextManager.prepareTestInstance(TestContextManager.java:241)
	at org.springframework.test.context.junit.jupiter.SpringExtension.postProcessTestInstance(SpringExtension.java:138)
	at org.junit.jupiter.engine.descriptor.ClassBasedTestDescriptor.lambda$invokeTestInstancePostProcessors$10(ClassBasedTestDescriptor.java:377)
	at org.junit.jupiter.engine.descriptor.ClassBasedTestDescriptor.executeAndMaskThrowable(ClassBasedTestDescriptor.java:382)
	at org.junit.jupiter.engine.descriptor.ClassBasedTestDescriptor.lambda$invokeTestInstancePostProcessors$11(ClassBasedTestDescriptor.java:377)
	at java.base/java.util.stream.ReferencePipeline$3$1.accept(ReferencePipeline.java:197)
	at java.base/java.util.stream.ReferencePipeline$2$1.accept(ReferencePipeline.java:179)
	at java.base/java.util.ArrayList$ArrayListSpliterator.forEachRemaining(ArrayList.java:1625)
	at java.base/java.util.stream.AbstractPipeline.copyInto(AbstractPipeline.java:509)
	at java.base/java.util.stream.AbstractPipeline.wrapAndCopyInto(AbstractPipeline.java:499)
	at java.base/java.util.stream.StreamSpliterators$WrappingSpliterator.forEachRemaining(StreamSpliterators.java:310)
	at java.base/java.util.stream.Streams$ConcatSpliterator.forEachRemaining(Streams.java:735)
	at java.base/java.util.stream.Streams$ConcatSpliterator.forEachRemaining(Streams.java:734)
	at java.base/java.util.stream.ReferencePipeline$Head.forEach(ReferencePipeline.java:762)
	at org.junit.jupiter.engine.descriptor.ClassBasedTestDescriptor.invokeTestInstancePostProcessors(ClassBasedTestDescriptor.java:376)
	at org.junit.jupiter.engine.descriptor.ClassBasedTestDescriptor.lambda$instantiateAndPostProcessTestInstance$6(ClassBasedTestDescriptor.java:289)
	at org.junit.platform.engine.support.hierarchical.ThrowableCollector.execute(ThrowableCollector.java:73)
	at org.junit.jupiter.engine.descriptor.ClassBasedTestDescriptor.instantiateAndPostProcessTestInstance(ClassBasedTestDescriptor.java:288)
	at org.junit.jupiter.engine.descriptor.ClassBasedTestDescriptor.lambda$testInstancesProvider$4(ClassBasedTestDescriptor.java:278)
	at java.base/java.util.Optional.orElseGet(Optional.java:364)
	at org.junit.jupiter.engine.descriptor.ClassBasedTestDescriptor.lambda$testInstancesProvider$5(ClassBasedTestDescriptor.java:277)
	at org.junit.jupiter.engine.execution.TestInstancesProvider.getTestInstances(TestInstancesProvider.java:31)
	at org.junit.jupiter.engine.descriptor.TestMethodTestDescriptor.lambda$prepare$0(TestMethodTestDescriptor.java:105)
	at org.junit.platform.engine.support.hierarchical.ThrowableCollector.execute(ThrowableCollector.java:73)
	at org.junit.jupiter.engine.descriptor.TestMethodTestDescriptor.prepare(TestMethodTestDescriptor.java:104)
	at org.junit.jupiter.engine.descriptor.TestMethodTestDescriptor.prepare(TestMethodTestDescriptor.java:68)
	at org.junit.platform.engine.support.hierarchical.NodeTestTask.lambda$prepare$2(NodeTestTask.java:123)
	at org.junit.platform.engine.support.hierarchical.ThrowableCollector.execute(ThrowableCollector.java:73)
	at org.junit.platform.engine.support.hierarchical.NodeTestTask.prepare(NodeTestTask.java:123)
	at org.junit.platform.engine.support.hierarchical.NodeTestTask.execute(NodeTestTask.java:90)
	at java.base/java.util.ArrayList.forEach(ArrayList.java:1511)
	at org.junit.platform.engine.support.hierarchical.SameThreadHierarchicalTestExecutorService.invokeAll(SameThreadHierarchicalTestExecutorService.java:41)
	at org.junit.platform.engine.support.hierarchical.NodeTestTask.lambda$executeRecursively$6(NodeTestTask.java:155)
	at org.junit.platform.engine.support.hierarchical.ThrowableCollector.execute(ThrowableCollector.java:73)
	at org.junit.platform.engine.support.hierarchical.NodeTestTask.lambda$executeRecursively$8(NodeTestTask.java:141)
	at org.junit.platform.engine.support.hierarchical.Node.around(Node.java:137)
	at org.junit.platform.engine.support.hierarchical.NodeTestTask.lambda$executeRecursively$9(NodeTestTask.java:139)
	at org.junit.platform.engine.support.hierarchical.ThrowableCollector.execute(ThrowableCollector.java:73)
	at org.junit.platform.engine.support.hierarchical.NodeTestTask.executeRecursively(NodeTestTask.java:138)
	at org.junit.platform.engine.support.hierarchical.NodeTestTask.execute(NodeTestTask.java:95)
	at java.base/java.util.ArrayList.forEach(ArrayList.java:1511)
	at org.junit.platform.engine.support.hierarchical.SameThreadHierarchicalTestExecutorService.invokeAll(SameThreadHierarchicalTestExecutorService.java:41)
	at org.junit.platform.engine.support.hierarchical.NodeTestTask.lambda$executeRecursively$6(NodeTestTask.java:155)
	at org.junit.platform.engine.support.hierarchical.ThrowableCollector.execute(ThrowableCollector.java:73)
	at org.junit.platform.engine.support.hierarchical.NodeTestTask.lambda$executeRecursively$8(NodeTestTask.java:141)
	at org.junit.platform.engine.support.hierarchical.Node.around(Node.java:137)
	at org.junit.platform.engine.support.hierarchical.NodeTestTask.lambda$executeRecursively$9(NodeTestTask.java:139)
	at org.junit.platform.engine.support.hierarchical.ThrowableCollector.execute(ThrowableCollector.java:73)
	at org.junit.platform.engine.support.hierarchical.NodeTestTask.executeRecursively(NodeTestTask.java:138)
	at org.junit.platform.engine.support.hierarchical.NodeTestTask.execute(NodeTestTask.java:95)
	at org.junit.platform.engine.support.hierarchical.SameThreadHierarchicalTestExecutorService.submit(SameThreadHierarchicalTestExecutorService.java:35)
	at org.junit.platform.engine.support.hierarchical.HierarchicalTestExecutor.execute(HierarchicalTestExecutor.java:57)
	at org.junit.platform.engine.support.hierarchical.HierarchicalTestEngine.execute(HierarchicalTestEngine.java:54)
	at org.junit.platform.launcher.core.EngineExecutionOrchestrator.execute(EngineExecutionOrchestrator.java:147)
	at org.junit.platform.launcher.core.EngineExecutionOrchestrator.execute(EngineExecutionOrchestrator.java:127)
	at org.junit.platform.launcher.core.EngineExecutionOrchestrator.execute(EngineExecutionOrchestrator.java:90)
	at org.junit.platform.launcher.core.EngineExecutionOrchestrator.lambda$execute$0(EngineExecutionOrchestrator.java:55)
	at org.junit.platform.launcher.core.EngineExecutionOrchestrator.withInterceptedStreams(EngineExecutionOrchestrator.java:102)
	at org.junit.platform.launcher.core.EngineExecutionOrchestrator.execute(EngineExecutionOrchestrator.java:54)
	at org.junit.platform.launcher.core.DefaultLauncher.execute(DefaultLauncher.java:114)
	at org.junit.platform.launcher.core.DefaultLauncher.execute(DefaultLauncher.java:86)
	at org.junit.platform.launcher.core.DefaultLauncherSession$DelegatingLauncher.execute(DefaultLauncherSession.java:86)
	at org.apache.maven.surefire.junitplatform.LazyLauncher.execute(LazyLauncher.java:50)
	at org.apache.maven.surefire.junitplatform.JUnitPlatformProvider.execute(JUnitPlatformProvider.java:184)
	at org.apache.maven.surefire.junitplatform.JUnitPlatformProvider.invokeAllTests(JUnitPlatformProvider.java:148)
	at org.apache.maven.surefire.junitplatform.JUnitPlatformProvider.invoke(JUnitPlatformProvider.java:122)
	at org.apache.maven.surefire.booter.ForkedBooter.runSuitesInProcess(ForkedBooter.java:385)
	at org.apache.maven.surefire.booter.ForkedBooter.execute(ForkedBooter.java:162)
	at org.apache.maven.surefire.booter.ForkedBooter.run(ForkedBooter.java:507)
	at org.apache.maven.surefire.booter.ForkedBooter.main(ForkedBooter.java:495)
2023-11-24 12:36:41,691 DEBUG o.h.o.s.a.tree [SqlTreePrinter.java:46] SQL AST Tree:
    SelectStatement {
      FromClause {
        StandardTableGroup (c1 : franco.maurizio.hr.desk.com.persistence.entity.CandidateStates) {
          primaryTableReference : candidate_states as c1_0
        }
      }
    }

2023-11-24 12:36:41,693 DEBUG o.h.p.e.AbstractEntityPersister [AbstractEntityPersister.java:2904] Static SQL for entity: franco.maurizio.hr.desk.com.persistence.entity.CoursePage
2023-11-24 12:36:41,693 DEBUG o.h.p.e.AbstractEntityPersister [AbstractEntityPersister.java:2909]  Version select: select id from coursepage where id=?
2023-11-24 12:36:41,693 DEBUG o.h.p.e.AbstractEntityPersister [DelegatingBasicLogger.java:393]  Insert (0): insert into coursepage (body_text,code,created_datetime,file_name,opened_by,status_open,title) values (?,?,?,?,?,?,?)
2023-11-24 12:36:41,693 DEBUG o.h.p.e.AbstractEntityPersister [DelegatingBasicLogger.java:393]  Update (0): update coursepage set body_text=?,code=?,created_datetime=?,file_name=?,opened_by=?,status_open=?,title=? where id=?
2023-11-24 12:36:41,694 DEBUG o.h.p.e.AbstractEntityPersister [DelegatingBasicLogger.java:393]  Delete (0): delete from coursepage where id=?
2023-11-24 12:36:41,694 DEBUG o.h.o.s.a.create [SqlAliasBaseImpl.java:33] Created new SQL alias : c1_0
2023-11-24 12:36:41,694 DEBUG o.h.o.s.a.create [SimpleFromClauseAccessImpl.java:98] Registration of TableGroup [StandardTableGroup(franco.maurizio.hr.desk.com.persistence.entity.CoursePage)] with identifierForTableGroup [franco.maurizio.hr.desk.com.persistence.entity.CoursePage] for NavigablePath [franco.maurizio.hr.desk.com.persistence.entity.CoursePage] 
2023-11-24 12:36:41,694 TRACE o.h.l.a.i.LoaderSelectBuilder [LoaderSelectBuilder.java:779] Starting visitation of FetchParent's Fetchables : franco.maurizio.hr.desk.com.persistence.entity.CoursePage
2023-11-24 12:36:41,695 DEBUG o.h.o.r.g.AST [DomainResultGraphPrinter.java:67] DomainResult Graph:
 \-EntityResultImpl [franco.maurizio.hr.desk.com.persistence.entity.CoursePage]
 |  +-BasicFetch [franco.maurizio.hr.desk.com.persistence.entity.CoursePage.bodyText]
 |  +-BasicFetch [franco.maurizio.hr.desk.com.persistence.entity.CoursePage.code]
 |  +-BasicFetch [franco.maurizio.hr.desk.com.persistence.entity.CoursePage.created_datetime]
 |  +-BasicFetch [franco.maurizio.hr.desk.com.persistence.entity.CoursePage.fileName]
 |  +-BasicFetch [franco.maurizio.hr.desk.com.persistence.entity.CoursePage.opened_by]
 |  +-BasicFetch [franco.maurizio.hr.desk.com.persistence.entity.CoursePage.statusOpen]
 |  \-BasicFetch [franco.maurizio.hr.desk.com.persistence.entity.CoursePage.title]

2023-11-24 12:36:41,696 TRACE o.h.o.r.g.AST [DomainResultGraphPrinter.java:70] Stack trace calling DomainResultGraphPrinter
java.lang.Exception: null
	at org.hibernate.sql.results.graph.DomainResultGraphPrinter.visitDomainResults(DomainResultGraphPrinter.java:70)
	at org.hibernate.sql.results.graph.DomainResultGraphPrinter.logDomainResultGraph(DomainResultGraphPrinter.java:46)
	at org.hibernate.sql.results.graph.DomainResultGraphPrinter.logDomainResultGraph(DomainResultGraphPrinter.java:37)
	at org.hibernate.sql.ast.spi.AbstractSqlAstTranslator.translateSelect(AbstractSqlAstTranslator.java:848)
	at org.hibernate.sql.ast.spi.AbstractSqlAstTranslator.translate(AbstractSqlAstTranslator.java:801)
	at org.hibernate.loader.ast.internal.SingleIdLoadPlan.<init>(SingleIdLoadPlan.java:67)
	at org.hibernate.loader.ast.internal.SingleIdEntityLoaderStandardImpl.createLoadPlan(SingleIdEntityLoaderStandardImpl.java:197)
	at org.hibernate.loader.ast.internal.SingleIdEntityLoaderStandardImpl.prepare(SingleIdEntityLoaderStandardImpl.java:55)
	at org.hibernate.persister.entity.AbstractEntityPersister.prepareLoader(AbstractEntityPersister.java:3486)
	at org.hibernate.persister.entity.AbstractEntityPersister.postInstantiate(AbstractEntityPersister.java:3480)
	at org.hibernate.metamodel.model.domain.internal.MappingMetamodelImpl.finishInitialization(MappingMetamodelImpl.java:204)
	at org.hibernate.internal.SessionFactoryImpl.initializeMappingModel(SessionFactoryImpl.java:321)
	at org.hibernate.internal.SessionFactoryImpl.<init>(SessionFactoryImpl.java:271)
	at org.hibernate.boot.internal.SessionFactoryBuilderImpl.build(SessionFactoryBuilderImpl.java:444)
	at org.hibernate.jpa.boot.internal.EntityManagerFactoryBuilderImpl.build(EntityManagerFactoryBuilderImpl.java:1458)
	at org.springframework.orm.jpa.vendor.SpringHibernateJpaPersistenceProvider.createContainerEntityManagerFactory(SpringHibernateJpaPersistenceProvider.java:75)
	at org.springframework.orm.jpa.LocalContainerEntityManagerFactoryBean.createNativeEntityManagerFactory(LocalContainerEntityManagerFactoryBean.java:376)
	at org.springframework.orm.jpa.AbstractEntityManagerFactoryBean.buildNativeEntityManagerFactory(AbstractEntityManagerFactoryBean.java:409)
	at org.springframework.orm.jpa.AbstractEntityManagerFactoryBean.afterPropertiesSet(AbstractEntityManagerFactoryBean.java:396)
	at org.springframework.orm.jpa.LocalContainerEntityManagerFactoryBean.afterPropertiesSet(LocalContainerEntityManagerFactoryBean.java:352)
	at org.springframework.beans.factory.support.AbstractAutowireCapableBeanFactory.invokeInitMethods(AbstractAutowireCapableBeanFactory.java:1817)
	at org.springframework.beans.factory.support.AbstractAutowireCapableBeanFactory.initializeBean(AbstractAutowireCapableBeanFactory.java:1766)
	at org.springframework.beans.factory.support.AbstractAutowireCapableBeanFactory.doCreateBean(AbstractAutowireCapableBeanFactory.java:598)
	at org.springframework.beans.factory.support.AbstractAutowireCapableBeanFactory.createBean(AbstractAutowireCapableBeanFactory.java:520)
	at org.springframework.beans.factory.support.AbstractBeanFactory.lambda$doGetBean$0(AbstractBeanFactory.java:325)
	at org.springframework.beans.factory.support.DefaultSingletonBeanRegistry.getSingleton(DefaultSingletonBeanRegistry.java:234)
	at org.springframework.beans.factory.support.AbstractBeanFactory.doGetBean(AbstractBeanFactory.java:323)
	at org.springframework.beans.factory.support.AbstractBeanFactory.getBean(AbstractBeanFactory.java:199)
	at org.springframework.context.support.AbstractApplicationContext.getBean(AbstractApplicationContext.java:1166)
	at org.springframework.context.support.AbstractApplicationContext.finishBeanFactoryInitialization(AbstractApplicationContext.java:940)
	at org.springframework.context.support.AbstractApplicationContext.refresh(AbstractApplicationContext.java:616)
	at org.springframework.boot.SpringApplication.refresh(SpringApplication.java:738)
	at org.springframework.boot.SpringApplication.refreshContext(SpringApplication.java:440)
	at org.springframework.boot.SpringApplication.run(SpringApplication.java:316)
	at org.springframework.boot.test.context.SpringBootContextLoader.lambda$loadContext$3(SpringBootContextLoader.java:137)
	at org.springframework.util.function.ThrowingSupplier.get(ThrowingSupplier.java:58)
	at org.springframework.util.function.ThrowingSupplier.get(ThrowingSupplier.java:46)
	at org.springframework.boot.SpringApplication.withHook(SpringApplication.java:1406)
	at org.springframework.boot.test.context.SpringBootContextLoader$ContextLoaderHook.run(SpringBootContextLoader.java:545)
	at org.springframework.boot.test.context.SpringBootContextLoader.loadContext(SpringBootContextLoader.java:137)
	at org.springframework.boot.test.context.SpringBootContextLoader.loadContext(SpringBootContextLoader.java:108)
	at org.springframework.test.context.cache.DefaultCacheAwareContextLoaderDelegate.loadContextInternal(DefaultCacheAwareContextLoaderDelegate.java:187)
	at org.springframework.test.context.cache.DefaultCacheAwareContextLoaderDelegate.loadContext(DefaultCacheAwareContextLoaderDelegate.java:119)
	at org.springframework.test.context.support.DefaultTestContext.getApplicationContext(DefaultTestContext.java:127)
	at org.springframework.test.context.web.ServletTestExecutionListener.setUpRequestContextIfNecessary(ServletTestExecutionListener.java:191)
	at org.springframework.test.context.web.ServletTestExecutionListener.prepareTestInstance(ServletTestExecutionListener.java:130)
	at org.springframework.test.context.TestContextManager.prepareTestInstance(TestContextManager.java:241)
	at org.springframework.test.context.junit.jupiter.SpringExtension.postProcessTestInstance(SpringExtension.java:138)
	at org.junit.jupiter.engine.descriptor.ClassBasedTestDescriptor.lambda$invokeTestInstancePostProcessors$10(ClassBasedTestDescriptor.java:377)
	at org.junit.jupiter.engine.descriptor.ClassBasedTestDescriptor.executeAndMaskThrowable(ClassBasedTestDescriptor.java:382)
	at org.junit.jupiter.engine.descriptor.ClassBasedTestDescriptor.lambda$invokeTestInstancePostProcessors$11(ClassBasedTestDescriptor.java:377)
	at java.base/java.util.stream.ReferencePipeline$3$1.accept(ReferencePipeline.java:197)
	at java.base/java.util.stream.ReferencePipeline$2$1.accept(ReferencePipeline.java:179)
	at java.base/java.util.ArrayList$ArrayListSpliterator.forEachRemaining(ArrayList.java:1625)
	at java.base/java.util.stream.AbstractPipeline.copyInto(AbstractPipeline.java:509)
	at java.base/java.util.stream.AbstractPipeline.wrapAndCopyInto(AbstractPipeline.java:499)
	at java.base/java.util.stream.StreamSpliterators$WrappingSpliterator.forEachRemaining(StreamSpliterators.java:310)
	at java.base/java.util.stream.Streams$ConcatSpliterator.forEachRemaining(Streams.java:735)
	at java.base/java.util.stream.Streams$ConcatSpliterator.forEachRemaining(Streams.java:734)
	at java.base/java.util.stream.ReferencePipeline$Head.forEach(ReferencePipeline.java:762)
	at org.junit.jupiter.engine.descriptor.ClassBasedTestDescriptor.invokeTestInstancePostProcessors(ClassBasedTestDescriptor.java:376)
	at org.junit.jupiter.engine.descriptor.ClassBasedTestDescriptor.lambda$instantiateAndPostProcessTestInstance$6(ClassBasedTestDescriptor.java:289)
	at org.junit.platform.engine.support.hierarchical.ThrowableCollector.execute(ThrowableCollector.java:73)
	at org.junit.jupiter.engine.descriptor.ClassBasedTestDescriptor.instantiateAndPostProcessTestInstance(ClassBasedTestDescriptor.java:288)
	at org.junit.jupiter.engine.descriptor.ClassBasedTestDescriptor.lambda$testInstancesProvider$4(ClassBasedTestDescriptor.java:278)
	at java.base/java.util.Optional.orElseGet(Optional.java:364)
	at org.junit.jupiter.engine.descriptor.ClassBasedTestDescriptor.lambda$testInstancesProvider$5(ClassBasedTestDescriptor.java:277)
	at org.junit.jupiter.engine.execution.TestInstancesProvider.getTestInstances(TestInstancesProvider.java:31)
	at org.junit.jupiter.engine.descriptor.TestMethodTestDescriptor.lambda$prepare$0(TestMethodTestDescriptor.java:105)
	at org.junit.platform.engine.support.hierarchical.ThrowableCollector.execute(ThrowableCollector.java:73)
	at org.junit.jupiter.engine.descriptor.TestMethodTestDescriptor.prepare(TestMethodTestDescriptor.java:104)
	at org.junit.jupiter.engine.descriptor.TestMethodTestDescriptor.prepare(TestMethodTestDescriptor.java:68)
	at org.junit.platform.engine.support.hierarchical.NodeTestTask.lambda$prepare$2(NodeTestTask.java:123)
	at org.junit.platform.engine.support.hierarchical.ThrowableCollector.execute(ThrowableCollector.java:73)
	at org.junit.platform.engine.support.hierarchical.NodeTestTask.prepare(NodeTestTask.java:123)
	at org.junit.platform.engine.support.hierarchical.NodeTestTask.execute(NodeTestTask.java:90)
	at java.base/java.util.ArrayList.forEach(ArrayList.java:1511)
	at org.junit.platform.engine.support.hierarchical.SameThreadHierarchicalTestExecutorService.invokeAll(SameThreadHierarchicalTestExecutorService.java:41)
	at org.junit.platform.engine.support.hierarchical.NodeTestTask.lambda$executeRecursively$6(NodeTestTask.java:155)
	at org.junit.platform.engine.support.hierarchical.ThrowableCollector.execute(ThrowableCollector.java:73)
	at org.junit.platform.engine.support.hierarchical.NodeTestTask.lambda$executeRecursively$8(NodeTestTask.java:141)
	at org.junit.platform.engine.support.hierarchical.Node.around(Node.java:137)
	at org.junit.platform.engine.support.hierarchical.NodeTestTask.lambda$executeRecursively$9(NodeTestTask.java:139)
	at org.junit.platform.engine.support.hierarchical.ThrowableCollector.execute(ThrowableCollector.java:73)
	at org.junit.platform.engine.support.hierarchical.NodeTestTask.executeRecursively(NodeTestTask.java:138)
	at org.junit.platform.engine.support.hierarchical.NodeTestTask.execute(NodeTestTask.java:95)
	at java.base/java.util.ArrayList.forEach(ArrayList.java:1511)
	at org.junit.platform.engine.support.hierarchical.SameThreadHierarchicalTestExecutorService.invokeAll(SameThreadHierarchicalTestExecutorService.java:41)
	at org.junit.platform.engine.support.hierarchical.NodeTestTask.lambda$executeRecursively$6(NodeTestTask.java:155)
	at org.junit.platform.engine.support.hierarchical.ThrowableCollector.execute(ThrowableCollector.java:73)
	at org.junit.platform.engine.support.hierarchical.NodeTestTask.lambda$executeRecursively$8(NodeTestTask.java:141)
	at org.junit.platform.engine.support.hierarchical.Node.around(Node.java:137)
	at org.junit.platform.engine.support.hierarchical.NodeTestTask.lambda$executeRecursively$9(NodeTestTask.java:139)
	at org.junit.platform.engine.support.hierarchical.ThrowableCollector.execute(ThrowableCollector.java:73)
	at org.junit.platform.engine.support.hierarchical.NodeTestTask.executeRecursively(NodeTestTask.java:138)
	at org.junit.platform.engine.support.hierarchical.NodeTestTask.execute(NodeTestTask.java:95)
	at org.junit.platform.engine.support.hierarchical.SameThreadHierarchicalTestExecutorService.submit(SameThreadHierarchicalTestExecutorService.java:35)
	at org.junit.platform.engine.support.hierarchical.HierarchicalTestExecutor.execute(HierarchicalTestExecutor.java:57)
	at org.junit.platform.engine.support.hierarchical.HierarchicalTestEngine.execute(HierarchicalTestEngine.java:54)
	at org.junit.platform.launcher.core.EngineExecutionOrchestrator.execute(EngineExecutionOrchestrator.java:147)
	at org.junit.platform.launcher.core.EngineExecutionOrchestrator.execute(EngineExecutionOrchestrator.java:127)
	at org.junit.platform.launcher.core.EngineExecutionOrchestrator.execute(EngineExecutionOrchestrator.java:90)
	at org.junit.platform.launcher.core.EngineExecutionOrchestrator.lambda$execute$0(EngineExecutionOrchestrator.java:55)
	at org.junit.platform.launcher.core.EngineExecutionOrchestrator.withInterceptedStreams(EngineExecutionOrchestrator.java:102)
	at org.junit.platform.launcher.core.EngineExecutionOrchestrator.execute(EngineExecutionOrchestrator.java:54)
	at org.junit.platform.launcher.core.DefaultLauncher.execute(DefaultLauncher.java:114)
	at org.junit.platform.launcher.core.DefaultLauncher.execute(DefaultLauncher.java:86)
	at org.junit.platform.launcher.core.DefaultLauncherSession$DelegatingLauncher.execute(DefaultLauncherSession.java:86)
	at org.apache.maven.surefire.junitplatform.LazyLauncher.execute(LazyLauncher.java:50)
	at org.apache.maven.surefire.junitplatform.JUnitPlatformProvider.execute(JUnitPlatformProvider.java:184)
	at org.apache.maven.surefire.junitplatform.JUnitPlatformProvider.invokeAllTests(JUnitPlatformProvider.java:148)
	at org.apache.maven.surefire.junitplatform.JUnitPlatformProvider.invoke(JUnitPlatformProvider.java:122)
	at org.apache.maven.surefire.booter.ForkedBooter.runSuitesInProcess(ForkedBooter.java:385)
	at org.apache.maven.surefire.booter.ForkedBooter.execute(ForkedBooter.java:162)
	at org.apache.maven.surefire.booter.ForkedBooter.run(ForkedBooter.java:507)
	at org.apache.maven.surefire.booter.ForkedBooter.main(ForkedBooter.java:495)
2023-11-24 12:36:41,696 DEBUG o.h.o.s.a.tree [SqlTreePrinter.java:46] SQL AST Tree:
    SelectStatement {
      FromClause {
        StandardTableGroup (c1 : franco.maurizio.hr.desk.com.persistence.entity.CoursePage) {
          primaryTableReference : coursepage as c1_0
        }
      }
    }

2023-11-24 12:36:41,698 DEBUG o.h.p.e.AbstractEntityPersister [AbstractEntityPersister.java:2904] Static SQL for entity: franco.maurizio.hr.desk.com.persistence.entity.Role
2023-11-24 12:36:41,698 DEBUG o.h.p.e.AbstractEntityPersister [AbstractEntityPersister.java:2909]  Version select: select id from roles where id=?
2023-11-24 12:36:41,698 DEBUG o.h.p.e.AbstractEntityPersister [DelegatingBasicLogger.java:393]  Insert (0): insert into roles (description,label,level) values (?,?,?)
2023-11-24 12:36:41,698 DEBUG o.h.p.e.AbstractEntityPersister [DelegatingBasicLogger.java:393]  Update (0): update roles set description=?,label=?,level=? where id=?
2023-11-24 12:36:41,698 DEBUG o.h.p.e.AbstractEntityPersister [DelegatingBasicLogger.java:393]  Delete (0): delete from roles where id=?
2023-11-24 12:36:41,699 DEBUG o.h.o.s.a.create [SqlAliasBaseImpl.java:33] Created new SQL alias : r1_0
2023-11-24 12:36:41,699 DEBUG o.h.o.s.a.create [SimpleFromClauseAccessImpl.java:98] Registration of TableGroup [StandardTableGroup(franco.maurizio.hr.desk.com.persistence.entity.Role)] with identifierForTableGroup [franco.maurizio.hr.desk.com.persistence.entity.Role] for NavigablePath [franco.maurizio.hr.desk.com.persistence.entity.Role] 
2023-11-24 12:36:41,699 TRACE o.h.l.a.i.LoaderSelectBuilder [LoaderSelectBuilder.java:779] Starting visitation of FetchParent's Fetchables : franco.maurizio.hr.desk.com.persistence.entity.Role
2023-11-24 12:36:41,700 DEBUG o.h.o.r.g.AST [DomainResultGraphPrinter.java:67] DomainResult Graph:
 \-EntityResultImpl [franco.maurizio.hr.desk.com.persistence.entity.Role]
 |  +-BasicFetch [franco.maurizio.hr.desk.com.persistence.entity.Role.description]
 |  +-BasicFetch [franco.maurizio.hr.desk.com.persistence.entity.Role.label]
 |  \-BasicFetch [franco.maurizio.hr.desk.com.persistence.entity.Role.level]

2023-11-24 12:36:41,700 TRACE o.h.o.r.g.AST [DomainResultGraphPrinter.java:70] Stack trace calling DomainResultGraphPrinter
java.lang.Exception: null
	at org.hibernate.sql.results.graph.DomainResultGraphPrinter.visitDomainResults(DomainResultGraphPrinter.java:70)
	at org.hibernate.sql.results.graph.DomainResultGraphPrinter.logDomainResultGraph(DomainResultGraphPrinter.java:46)
	at org.hibernate.sql.results.graph.DomainResultGraphPrinter.logDomainResultGraph(DomainResultGraphPrinter.java:37)
	at org.hibernate.sql.ast.spi.AbstractSqlAstTranslator.translateSelect(AbstractSqlAstTranslator.java:848)
	at org.hibernate.sql.ast.spi.AbstractSqlAstTranslator.translate(AbstractSqlAstTranslator.java:801)
	at org.hibernate.loader.ast.internal.SingleIdLoadPlan.<init>(SingleIdLoadPlan.java:67)
	at org.hibernate.loader.ast.internal.SingleIdEntityLoaderStandardImpl.createLoadPlan(SingleIdEntityLoaderStandardImpl.java:197)
	at org.hibernate.loader.ast.internal.SingleIdEntityLoaderStandardImpl.prepare(SingleIdEntityLoaderStandardImpl.java:55)
	at org.hibernate.persister.entity.AbstractEntityPersister.prepareLoader(AbstractEntityPersister.java:3486)
	at org.hibernate.persister.entity.AbstractEntityPersister.postInstantiate(AbstractEntityPersister.java:3480)
	at org.hibernate.metamodel.model.domain.internal.MappingMetamodelImpl.finishInitialization(MappingMetamodelImpl.java:204)
	at org.hibernate.internal.SessionFactoryImpl.initializeMappingModel(SessionFactoryImpl.java:321)
	at org.hibernate.internal.SessionFactoryImpl.<init>(SessionFactoryImpl.java:271)
	at org.hibernate.boot.internal.SessionFactoryBuilderImpl.build(SessionFactoryBuilderImpl.java:444)
	at org.hibernate.jpa.boot.internal.EntityManagerFactoryBuilderImpl.build(EntityManagerFactoryBuilderImpl.java:1458)
	at org.springframework.orm.jpa.vendor.SpringHibernateJpaPersistenceProvider.createContainerEntityManagerFactory(SpringHibernateJpaPersistenceProvider.java:75)
	at org.springframework.orm.jpa.LocalContainerEntityManagerFactoryBean.createNativeEntityManagerFactory(LocalContainerEntityManagerFactoryBean.java:376)
	at org.springframework.orm.jpa.AbstractEntityManagerFactoryBean.buildNativeEntityManagerFactory(AbstractEntityManagerFactoryBean.java:409)
	at org.springframework.orm.jpa.AbstractEntityManagerFactoryBean.afterPropertiesSet(AbstractEntityManagerFactoryBean.java:396)
	at org.springframework.orm.jpa.LocalContainerEntityManagerFactoryBean.afterPropertiesSet(LocalContainerEntityManagerFactoryBean.java:352)
	at org.springframework.beans.factory.support.AbstractAutowireCapableBeanFactory.invokeInitMethods(AbstractAutowireCapableBeanFactory.java:1817)
	at org.springframework.beans.factory.support.AbstractAutowireCapableBeanFactory.initializeBean(AbstractAutowireCapableBeanFactory.java:1766)
	at org.springframework.beans.factory.support.AbstractAutowireCapableBeanFactory.doCreateBean(AbstractAutowireCapableBeanFactory.java:598)
	at org.springframework.beans.factory.support.AbstractAutowireCapableBeanFactory.createBean(AbstractAutowireCapableBeanFactory.java:520)
	at org.springframework.beans.factory.support.AbstractBeanFactory.lambda$doGetBean$0(AbstractBeanFactory.java:325)
	at org.springframework.beans.factory.support.DefaultSingletonBeanRegistry.getSingleton(DefaultSingletonBeanRegistry.java:234)
	at org.springframework.beans.factory.support.AbstractBeanFactory.doGetBean(AbstractBeanFactory.java:323)
	at org.springframework.beans.factory.support.AbstractBeanFactory.getBean(AbstractBeanFactory.java:199)
	at org.springframework.context.support.AbstractApplicationContext.getBean(AbstractApplicationContext.java:1166)
	at org.springframework.context.support.AbstractApplicationContext.finishBeanFactoryInitialization(AbstractApplicationContext.java:940)
	at org.springframework.context.support.AbstractApplicationContext.refresh(AbstractApplicationContext.java:616)
	at org.springframework.boot.SpringApplication.refresh(SpringApplication.java:738)
	at org.springframework.boot.SpringApplication.refreshContext(SpringApplication.java:440)
	at org.springframework.boot.SpringApplication.run(SpringApplication.java:316)
	at org.springframework.boot.test.context.SpringBootContextLoader.lambda$loadContext$3(SpringBootContextLoader.java:137)
	at org.springframework.util.function.ThrowingSupplier.get(ThrowingSupplier.java:58)
	at org.springframework.util.function.ThrowingSupplier.get(ThrowingSupplier.java:46)
	at org.springframework.boot.SpringApplication.withHook(SpringApplication.java:1406)
	at org.springframework.boot.test.context.SpringBootContextLoader$ContextLoaderHook.run(SpringBootContextLoader.java:545)
	at org.springframework.boot.test.context.SpringBootContextLoader.loadContext(SpringBootContextLoader.java:137)
	at org.springframework.boot.test.context.SpringBootContextLoader.loadContext(SpringBootContextLoader.java:108)
	at org.springframework.test.context.cache.DefaultCacheAwareContextLoaderDelegate.loadContextInternal(DefaultCacheAwareContextLoaderDelegate.java:187)
	at org.springframework.test.context.cache.DefaultCacheAwareContextLoaderDelegate.loadContext(DefaultCacheAwareContextLoaderDelegate.java:119)
	at org.springframework.test.context.support.DefaultTestContext.getApplicationContext(DefaultTestContext.java:127)
	at org.springframework.test.context.web.ServletTestExecutionListener.setUpRequestContextIfNecessary(ServletTestExecutionListener.java:191)
	at org.springframework.test.context.web.ServletTestExecutionListener.prepareTestInstance(ServletTestExecutionListener.java:130)
	at org.springframework.test.context.TestContextManager.prepareTestInstance(TestContextManager.java:241)
	at org.springframework.test.context.junit.jupiter.SpringExtension.postProcessTestInstance(SpringExtension.java:138)
	at org.junit.jupiter.engine.descriptor.ClassBasedTestDescriptor.lambda$invokeTestInstancePostProcessors$10(ClassBasedTestDescriptor.java:377)
	at org.junit.jupiter.engine.descriptor.ClassBasedTestDescriptor.executeAndMaskThrowable(ClassBasedTestDescriptor.java:382)
	at org.junit.jupiter.engine.descriptor.ClassBasedTestDescriptor.lambda$invokeTestInstancePostProcessors$11(ClassBasedTestDescriptor.java:377)
	at java.base/java.util.stream.ReferencePipeline$3$1.accept(ReferencePipeline.java:197)
	at java.base/java.util.stream.ReferencePipeline$2$1.accept(ReferencePipeline.java:179)
	at java.base/java.util.ArrayList$ArrayListSpliterator.forEachRemaining(ArrayList.java:1625)
	at java.base/java.util.stream.AbstractPipeline.copyInto(AbstractPipeline.java:509)
	at java.base/java.util.stream.AbstractPipeline.wrapAndCopyInto(AbstractPipeline.java:499)
	at java.base/java.util.stream.StreamSpliterators$WrappingSpliterator.forEachRemaining(StreamSpliterators.java:310)
	at java.base/java.util.stream.Streams$ConcatSpliterator.forEachRemaining(Streams.java:735)
	at java.base/java.util.stream.Streams$ConcatSpliterator.forEachRemaining(Streams.java:734)
	at java.base/java.util.stream.ReferencePipeline$Head.forEach(ReferencePipeline.java:762)
	at org.junit.jupiter.engine.descriptor.ClassBasedTestDescriptor.invokeTestInstancePostProcessors(ClassBasedTestDescriptor.java:376)
	at org.junit.jupiter.engine.descriptor.ClassBasedTestDescriptor.lambda$instantiateAndPostProcessTestInstance$6(ClassBasedTestDescriptor.java:289)
	at org.junit.platform.engine.support.hierarchical.ThrowableCollector.execute(ThrowableCollector.java:73)
	at org.junit.jupiter.engine.descriptor.ClassBasedTestDescriptor.instantiateAndPostProcessTestInstance(ClassBasedTestDescriptor.java:288)
	at org.junit.jupiter.engine.descriptor.ClassBasedTestDescriptor.lambda$testInstancesProvider$4(ClassBasedTestDescriptor.java:278)
	at java.base/java.util.Optional.orElseGet(Optional.java:364)
	at org.junit.jupiter.engine.descriptor.ClassBasedTestDescriptor.lambda$testInstancesProvider$5(ClassBasedTestDescriptor.java:277)
	at org.junit.jupiter.engine.execution.TestInstancesProvider.getTestInstances(TestInstancesProvider.java:31)
	at org.junit.jupiter.engine.descriptor.TestMethodTestDescriptor.lambda$prepare$0(TestMethodTestDescriptor.java:105)
	at org.junit.platform.engine.support.hierarchical.ThrowableCollector.execute(ThrowableCollector.java:73)
	at org.junit.jupiter.engine.descriptor.TestMethodTestDescriptor.prepare(TestMethodTestDescriptor.java:104)
	at org.junit.jupiter.engine.descriptor.TestMethodTestDescriptor.prepare(TestMethodTestDescriptor.java:68)
	at org.junit.platform.engine.support.hierarchical.NodeTestTask.lambda$prepare$2(NodeTestTask.java:123)
	at org.junit.platform.engine.support.hierarchical.ThrowableCollector.execute(ThrowableCollector.java:73)
	at org.junit.platform.engine.support.hierarchical.NodeTestTask.prepare(NodeTestTask.java:123)
	at org.junit.platform.engine.support.hierarchical.NodeTestTask.execute(NodeTestTask.java:90)
	at java.base/java.util.ArrayList.forEach(ArrayList.java:1511)
	at org.junit.platform.engine.support.hierarchical.SameThreadHierarchicalTestExecutorService.invokeAll(SameThreadHierarchicalTestExecutorService.java:41)
	at org.junit.platform.engine.support.hierarchical.NodeTestTask.lambda$executeRecursively$6(NodeTestTask.java:155)
	at org.junit.platform.engine.support.hierarchical.ThrowableCollector.execute(ThrowableCollector.java:73)
	at org.junit.platform.engine.support.hierarchical.NodeTestTask.lambda$executeRecursively$8(NodeTestTask.java:141)
	at org.junit.platform.engine.support.hierarchical.Node.around(Node.java:137)
	at org.junit.platform.engine.support.hierarchical.NodeTestTask.lambda$executeRecursively$9(NodeTestTask.java:139)
	at org.junit.platform.engine.support.hierarchical.ThrowableCollector.execute(ThrowableCollector.java:73)
	at org.junit.platform.engine.support.hierarchical.NodeTestTask.executeRecursively(NodeTestTask.java:138)
	at org.junit.platform.engine.support.hierarchical.NodeTestTask.execute(NodeTestTask.java:95)
	at java.base/java.util.ArrayList.forEach(ArrayList.java:1511)
	at org.junit.platform.engine.support.hierarchical.SameThreadHierarchicalTestExecutorService.invokeAll(SameThreadHierarchicalTestExecutorService.java:41)
	at org.junit.platform.engine.support.hierarchical.NodeTestTask.lambda$executeRecursively$6(NodeTestTask.java:155)
	at org.junit.platform.engine.support.hierarchical.ThrowableCollector.execute(ThrowableCollector.java:73)
	at org.junit.platform.engine.support.hierarchical.NodeTestTask.lambda$executeRecursively$8(NodeTestTask.java:141)
	at org.junit.platform.engine.support.hierarchical.Node.around(Node.java:137)
	at org.junit.platform.engine.support.hierarchical.NodeTestTask.lambda$executeRecursively$9(NodeTestTask.java:139)
	at org.junit.platform.engine.support.hierarchical.ThrowableCollector.execute(ThrowableCollector.java:73)
	at org.junit.platform.engine.support.hierarchical.NodeTestTask.executeRecursively(NodeTestTask.java:138)
	at org.junit.platform.engine.support.hierarchical.NodeTestTask.execute(NodeTestTask.java:95)
	at org.junit.platform.engine.support.hierarchical.SameThreadHierarchicalTestExecutorService.submit(SameThreadHierarchicalTestExecutorService.java:35)
	at org.junit.platform.engine.support.hierarchical.HierarchicalTestExecutor.execute(HierarchicalTestExecutor.java:57)
	at org.junit.platform.engine.support.hierarchical.HierarchicalTestEngine.execute(HierarchicalTestEngine.java:54)
	at org.junit.platform.launcher.core.EngineExecutionOrchestrator.execute(EngineExecutionOrchestrator.java:147)
	at org.junit.platform.launcher.core.EngineExecutionOrchestrator.execute(EngineExecutionOrchestrator.java:127)
	at org.junit.platform.launcher.core.EngineExecutionOrchestrator.execute(EngineExecutionOrchestrator.java:90)
	at org.junit.platform.launcher.core.EngineExecutionOrchestrator.lambda$execute$0(EngineExecutionOrchestrator.java:55)
	at org.junit.platform.launcher.core.EngineExecutionOrchestrator.withInterceptedStreams(EngineExecutionOrchestrator.java:102)
	at org.junit.platform.launcher.core.EngineExecutionOrchestrator.execute(EngineExecutionOrchestrator.java:54)
	at org.junit.platform.launcher.core.DefaultLauncher.execute(DefaultLauncher.java:114)
	at org.junit.platform.launcher.core.DefaultLauncher.execute(DefaultLauncher.java:86)
	at org.junit.platform.launcher.core.DefaultLauncherSession$DelegatingLauncher.execute(DefaultLauncherSession.java:86)
	at org.apache.maven.surefire.junitplatform.LazyLauncher.execute(LazyLauncher.java:50)
	at org.apache.maven.surefire.junitplatform.JUnitPlatformProvider.execute(JUnitPlatformProvider.java:184)
	at org.apache.maven.surefire.junitplatform.JUnitPlatformProvider.invokeAllTests(JUnitPlatformProvider.java:148)
	at org.apache.maven.surefire.junitplatform.JUnitPlatformProvider.invoke(JUnitPlatformProvider.java:122)
	at org.apache.maven.surefire.booter.ForkedBooter.runSuitesInProcess(ForkedBooter.java:385)
	at org.apache.maven.surefire.booter.ForkedBooter.execute(ForkedBooter.java:162)
	at org.apache.maven.surefire.booter.ForkedBooter.run(ForkedBooter.java:507)
	at org.apache.maven.surefire.booter.ForkedBooter.main(ForkedBooter.java:495)
2023-11-24 12:36:41,701 DEBUG o.h.o.s.a.tree [SqlTreePrinter.java:46] SQL AST Tree:
    SelectStatement {
      FromClause {
        StandardTableGroup (r1 : franco.maurizio.hr.desk.com.persistence.entity.Role) {
          primaryTableReference : roles as r1_0
        }
      }
    }

2023-11-24 12:36:41,701 TRACE o.h.m.i.MetadataContext [MetadataContext.java:286] Wrapping up metadata context...
2023-11-24 12:36:41,702 TRACE o.h.m.i.MetadataContext [MetadataContext.java:297] Starting entity [franco.maurizio.hr.desk.com.persistence.entity.Survey]
2023-11-24 12:36:41,702 TRACE o.h.m.i.AttributeFactory [AttributeFactory.java:177] Building identifier attribute [franco.maurizio.hr.desk.com.persistence.entity.Survey.id]
2023-11-24 12:36:41,702 TRACE o.h.m.i.AttributeFactory [AttributeFactory.java:403] Starting attribute metadata determination [id]
2023-11-24 12:36:41,702 TRACE o.h.m.i.AttributeFactory [AttributeFactory.java:406]     Determined member [private java.lang.Long franco.maurizio.hr.desk.com.persistence.entity.Survey.id]
2023-11-24 12:36:41,703 TRACE o.h.m.i.AttributeFactory [AttributeFactory.java:410]     Determined type [name=long, class=org.hibernate.type.internal.NamedBasicTypeImpl]
2023-11-24 12:36:41,703 TRACE o.h.m.i.AttributeFactory [AttributeFactory.java:113] Building attribute [franco.maurizio.hr.desk.com.persistence.entity.Survey.description]
2023-11-24 12:36:41,703 TRACE o.h.m.i.AttributeFactory [AttributeFactory.java:403] Starting attribute metadata determination [description]
2023-11-24 12:36:41,703 TRACE o.h.m.i.AttributeFactory [AttributeFactory.java:406]     Determined member [private java.lang.String franco.maurizio.hr.desk.com.persistence.entity.Survey.description]
2023-11-24 12:36:41,703 TRACE o.h.m.i.AttributeFactory [AttributeFactory.java:410]     Determined type [name=string, class=org.hibernate.type.internal.NamedBasicTypeImpl]
2023-11-24 12:36:41,703 TRACE o.h.m.i.AttributeFactory [AttributeFactory.java:113] Building attribute [franco.maurizio.hr.desk.com.persistence.entity.Survey.label]
2023-11-24 12:36:41,704 TRACE o.h.m.i.AttributeFactory [AttributeFactory.java:403] Starting attribute metadata determination [label]
2023-11-24 12:36:41,704 TRACE o.h.m.i.AttributeFactory [AttributeFactory.java:406]     Determined member [private java.lang.String franco.maurizio.hr.desk.com.persistence.entity.Survey.label]
2023-11-24 12:36:41,704 TRACE o.h.m.i.AttributeFactory [AttributeFactory.java:410]     Determined type [name=string, class=org.hibernate.type.internal.NamedBasicTypeImpl]
2023-11-24 12:36:41,704 TRACE o.h.m.i.AttributeFactory [AttributeFactory.java:113] Building attribute [franco.maurizio.hr.desk.com.persistence.entity.Survey.time]
2023-11-24 12:36:41,704 TRACE o.h.m.i.AttributeFactory [AttributeFactory.java:403] Starting attribute metadata determination [time]
2023-11-24 12:36:41,704 TRACE o.h.m.i.AttributeFactory [AttributeFactory.java:406]     Determined member [private java.lang.Long franco.maurizio.hr.desk.com.persistence.entity.Survey.time]
2023-11-24 12:36:41,704 TRACE o.h.m.i.AttributeFactory [AttributeFactory.java:410]     Determined type [name=long, class=org.hibernate.type.internal.NamedBasicTypeImpl]
2023-11-24 12:36:41,704 TRACE o.h.m.m.d.AbstractIdentifiableType [AbstractIdentifiableType.java:406] Interpreting domain-model identifier descriptor
2023-11-24 12:36:41,705 TRACE o.h.m.i.MetadataContext [MetadataContext.java:340] Completed entity [franco.maurizio.hr.desk.com.persistence.entity.Survey]
2023-11-24 12:36:41,705 TRACE o.h.m.i.MetadataContext [MetadataContext.java:297] Starting entity [franco.maurizio.hr.desk.com.persistence.entity.PositionUserOwner]
2023-11-24 12:36:41,705 TRACE o.h.m.i.AttributeFactory [AttributeFactory.java:177] Building identifier attribute [franco.maurizio.hr.desk.com.persistence.entity.PositionUserOwner.id]
2023-11-24 12:36:41,705 TRACE o.h.m.i.AttributeFactory [AttributeFactory.java:403] Starting attribute metadata determination [id]
2023-11-24 12:36:41,705 TRACE o.h.m.i.AttributeFactory [AttributeFactory.java:406]     Determined member [private java.lang.Long franco.maurizio.hr.desk.com.persistence.entity.PositionUserOwner.id]
2023-11-24 12:36:41,706 TRACE o.h.m.i.AttributeFactory [AttributeFactory.java:410]     Determined type [name=long, class=org.hibernate.type.internal.NamedBasicTypeImpl]
2023-11-24 12:36:41,706 TRACE o.h.m.i.AttributeFactory [AttributeFactory.java:113] Building attribute [franco.maurizio.hr.desk.com.persistence.entity.PositionUserOwner.coursePageId]
2023-11-24 12:36:41,706 TRACE o.h.m.i.AttributeFactory [AttributeFactory.java:403] Starting attribute metadata determination [coursePageId]
2023-11-24 12:36:41,706 TRACE o.h.m.i.AttributeFactory [AttributeFactory.java:406]     Determined member [private java.lang.Long franco.maurizio.hr.desk.com.persistence.entity.PositionUserOwner.coursePageId]
2023-11-24 12:36:41,706 TRACE o.h.m.i.AttributeFactory [AttributeFactory.java:410]     Determined type [name=long, class=org.hibernate.type.internal.NamedBasicTypeImpl]
2023-11-24 12:36:41,706 TRACE o.h.m.i.AttributeFactory [AttributeFactory.java:113] Building attribute [franco.maurizio.hr.desk.com.persistence.entity.PositionUserOwner.userId]
2023-11-24 12:36:41,706 TRACE o.h.m.i.AttributeFactory [AttributeFactory.java:403] Starting attribute metadata determination [userId]
2023-11-24 12:36:41,706 TRACE o.h.m.i.AttributeFactory [AttributeFactory.java:406]     Determined member [private java.lang.Long franco.maurizio.hr.desk.com.persistence.entity.PositionUserOwner.userId]
2023-11-24 12:36:41,707 TRACE o.h.m.i.AttributeFactory [AttributeFactory.java:410]     Determined type [name=long, class=org.hibernate.type.internal.NamedBasicTypeImpl]
2023-11-24 12:36:41,707 TRACE o.h.m.m.d.AbstractIdentifiableType [AbstractIdentifiableType.java:406] Interpreting domain-model identifier descriptor
2023-11-24 12:36:41,707 TRACE o.h.m.i.MetadataContext [MetadataContext.java:340] Completed entity [franco.maurizio.hr.desk.com.persistence.entity.PositionUserOwner]
2023-11-24 12:36:41,707 TRACE o.h.m.i.MetadataContext [MetadataContext.java:297] Starting entity [franco.maurizio.hr.desk.com.persistence.entity.Question]
2023-11-24 12:36:41,707 TRACE o.h.m.i.AttributeFactory [AttributeFactory.java:177] Building identifier attribute [franco.maurizio.hr.desk.com.persistence.entity.Question.id]
2023-11-24 12:36:41,707 TRACE o.h.m.i.AttributeFactory [AttributeFactory.java:403] Starting attribute metadata determination [id]
2023-11-24 12:36:41,708 TRACE o.h.m.i.AttributeFactory [AttributeFactory.java:406]     Determined member [private java.lang.Long franco.maurizio.hr.desk.com.persistence.entity.Question.id]
2023-11-24 12:36:41,708 TRACE o.h.m.i.AttributeFactory [AttributeFactory.java:410]     Determined type [name=long, class=org.hibernate.type.internal.NamedBasicTypeImpl]
2023-11-24 12:36:41,708 TRACE o.h.m.i.AttributeFactory [AttributeFactory.java:113] Building attribute [franco.maurizio.hr.desk.com.persistence.entity.Question.ansa]
2023-11-24 12:36:41,708 TRACE o.h.m.i.AttributeFactory [AttributeFactory.java:403] Starting attribute metadata determination [ansa]
2023-11-24 12:36:41,709 TRACE o.h.m.i.AttributeFactory [AttributeFactory.java:406]     Determined member [private java.lang.String franco.maurizio.hr.desk.com.persistence.entity.Question.ansa]
2023-11-24 12:36:41,709 TRACE o.h.m.i.AttributeFactory [AttributeFactory.java:410]     Determined type [name=string, class=org.hibernate.type.internal.NamedBasicTypeImpl]
2023-11-24 12:36:41,709 TRACE o.h.m.i.AttributeFactory [AttributeFactory.java:113] Building attribute [franco.maurizio.hr.desk.com.persistence.entity.Question.ansb]
2023-11-24 12:36:41,709 TRACE o.h.m.i.AttributeFactory [AttributeFactory.java:403] Starting attribute metadata determination [ansb]
2023-11-24 12:36:41,710 TRACE o.h.m.i.AttributeFactory [AttributeFactory.java:406]     Determined member [private java.lang.String franco.maurizio.hr.desk.com.persistence.entity.Question.ansb]
2023-11-24 12:36:41,710 TRACE o.h.m.i.AttributeFactory [AttributeFactory.java:410]     Determined type [name=string, class=org.hibernate.type.internal.NamedBasicTypeImpl]
2023-11-24 12:36:41,710 TRACE o.h.m.i.AttributeFactory [AttributeFactory.java:113] Building attribute [franco.maurizio.hr.desk.com.persistence.entity.Question.ansc]
2023-11-24 12:36:41,710 TRACE o.h.m.i.AttributeFactory [AttributeFactory.java:403] Starting attribute metadata determination [ansc]
2023-11-24 12:36:41,711 TRACE o.h.m.i.AttributeFactory [AttributeFactory.java:406]     Determined member [private java.lang.String franco.maurizio.hr.desk.com.persistence.entity.Question.ansc]
2023-11-24 12:36:41,711 TRACE o.h.m.i.AttributeFactory [AttributeFactory.java:410]     Determined type [name=string, class=org.hibernate.type.internal.NamedBasicTypeImpl]
2023-11-24 12:36:41,711 TRACE o.h.m.i.AttributeFactory [AttributeFactory.java:113] Building attribute [franco.maurizio.hr.desk.com.persistence.entity.Question.ansd]
2023-11-24 12:36:41,711 TRACE o.h.m.i.AttributeFactory [AttributeFactory.java:403] Starting attribute metadata determination [ansd]
2023-11-24 12:36:41,711 TRACE o.h.m.i.AttributeFactory [AttributeFactory.java:406]     Determined member [private java.lang.String franco.maurizio.hr.desk.com.persistence.entity.Question.ansd]
2023-11-24 12:36:41,712 TRACE o.h.m.i.AttributeFactory [AttributeFactory.java:410]     Determined type [name=string, class=org.hibernate.type.internal.NamedBasicTypeImpl]
2023-11-24 12:36:41,712 TRACE o.h.m.i.AttributeFactory [AttributeFactory.java:113] Building attribute [franco.maurizio.hr.desk.com.persistence.entity.Question.anse]
2023-11-24 12:36:41,712 TRACE o.h.m.i.AttributeFactory [AttributeFactory.java:403] Starting attribute metadata determination [anse]
2023-11-24 12:36:41,712 TRACE o.h.m.i.AttributeFactory [AttributeFactory.java:406]     Determined member [private java.lang.String franco.maurizio.hr.desk.com.persistence.entity.Question.anse]
2023-11-24 12:36:41,713 TRACE o.h.m.i.AttributeFactory [AttributeFactory.java:410]     Determined type [name=string, class=org.hibernate.type.internal.NamedBasicTypeImpl]
2023-11-24 12:36:41,713 TRACE o.h.m.i.AttributeFactory [AttributeFactory.java:113] Building attribute [franco.maurizio.hr.desk.com.persistence.entity.Question.ansf]
2023-11-24 12:36:41,713 TRACE o.h.m.i.AttributeFactory [AttributeFactory.java:403] Starting attribute metadata determination [ansf]
2023-11-24 12:36:41,713 TRACE o.h.m.i.AttributeFactory [AttributeFactory.java:406]     Determined member [private java.lang.String franco.maurizio.hr.desk.com.persistence.entity.Question.ansf]
2023-11-24 12:36:41,713 TRACE o.h.m.i.AttributeFactory [AttributeFactory.java:410]     Determined type [name=string, class=org.hibernate.type.internal.NamedBasicTypeImpl]
2023-11-24 12:36:41,714 TRACE o.h.m.i.AttributeFactory [AttributeFactory.java:113] Building attribute [franco.maurizio.hr.desk.com.persistence.entity.Question.ansg]
2023-11-24 12:36:41,714 TRACE o.h.m.i.AttributeFactory [AttributeFactory.java:403] Starting attribute metadata determination [ansg]
2023-11-24 12:36:41,714 TRACE o.h.m.i.AttributeFactory [AttributeFactory.java:406]     Determined member [private java.lang.String franco.maurizio.hr.desk.com.persistence.entity.Question.ansg]
2023-11-24 12:36:41,714 TRACE o.h.m.i.AttributeFactory [AttributeFactory.java:410]     Determined type [name=string, class=org.hibernate.type.internal.NamedBasicTypeImpl]
2023-11-24 12:36:41,715 TRACE o.h.m.i.AttributeFactory [AttributeFactory.java:113] Building attribute [franco.maurizio.hr.desk.com.persistence.entity.Question.ansh]
2023-11-24 12:36:41,715 TRACE o.h.m.i.AttributeFactory [AttributeFactory.java:403] Starting attribute metadata determination [ansh]
2023-11-24 12:36:41,715 TRACE o.h.m.i.AttributeFactory [AttributeFactory.java:406]     Determined member [private java.lang.String franco.maurizio.hr.desk.com.persistence.entity.Question.ansh]
2023-11-24 12:36:41,715 TRACE o.h.m.i.AttributeFactory [AttributeFactory.java:410]     Determined type [name=string, class=org.hibernate.type.internal.NamedBasicTypeImpl]
2023-11-24 12:36:41,716 TRACE o.h.m.i.AttributeFactory [AttributeFactory.java:113] Building attribute [franco.maurizio.hr.desk.com.persistence.entity.Question.cansa]
2023-11-24 12:36:41,716 TRACE o.h.m.i.AttributeFactory [AttributeFactory.java:403] Starting attribute metadata determination [cansa]
2023-11-24 12:36:41,716 TRACE o.h.m.i.AttributeFactory [AttributeFactory.java:406]     Determined member [private java.lang.Boolean franco.maurizio.hr.desk.com.persistence.entity.Question.cansa]
2023-11-24 12:36:41,716 TRACE o.h.m.i.AttributeFactory [AttributeFactory.java:410]     Determined type [name=boolean, class=org.hibernate.type.internal.NamedBasicTypeImpl]
2023-11-24 12:36:41,717 TRACE o.h.m.i.AttributeFactory [AttributeFactory.java:113] Building attribute [franco.maurizio.hr.desk.com.persistence.entity.Question.cansb]
2023-11-24 12:36:41,717 TRACE o.h.m.i.AttributeFactory [AttributeFactory.java:403] Starting attribute metadata determination [cansb]
2023-11-24 12:36:41,717 TRACE o.h.m.i.AttributeFactory [AttributeFactory.java:406]     Determined member [private java.lang.Boolean franco.maurizio.hr.desk.com.persistence.entity.Question.cansb]
2023-11-24 12:36:41,717 TRACE o.h.m.i.AttributeFactory [AttributeFactory.java:410]     Determined type [name=boolean, class=org.hibernate.type.internal.NamedBasicTypeImpl]
2023-11-24 12:36:41,717 TRACE o.h.m.i.AttributeFactory [AttributeFactory.java:113] Building attribute [franco.maurizio.hr.desk.com.persistence.entity.Question.cansc]
2023-11-24 12:36:41,718 TRACE o.h.m.i.AttributeFactory [AttributeFactory.java:403] Starting attribute metadata determination [cansc]
2023-11-24 12:36:41,718 TRACE o.h.m.i.AttributeFactory [AttributeFactory.java:406]     Determined member [private java.lang.Boolean franco.maurizio.hr.desk.com.persistence.entity.Question.cansc]
2023-11-24 12:36:41,718 TRACE o.h.m.i.AttributeFactory [AttributeFactory.java:410]     Determined type [name=boolean, class=org.hibernate.type.internal.NamedBasicTypeImpl]
2023-11-24 12:36:41,718 TRACE o.h.m.i.AttributeFactory [AttributeFactory.java:113] Building attribute [franco.maurizio.hr.desk.com.persistence.entity.Question.cansd]
2023-11-24 12:36:41,719 TRACE o.h.m.i.AttributeFactory [AttributeFactory.java:403] Starting attribute metadata determination [cansd]
2023-11-24 12:36:41,719 TRACE o.h.m.i.AttributeFactory [AttributeFactory.java:406]     Determined member [private java.lang.Boolean franco.maurizio.hr.desk.com.persistence.entity.Question.cansd]
2023-11-24 12:36:41,719 TRACE o.h.m.i.AttributeFactory [AttributeFactory.java:410]     Determined type [name=boolean, class=org.hibernate.type.internal.NamedBasicTypeImpl]
2023-11-24 12:36:41,719 TRACE o.h.m.i.AttributeFactory [AttributeFactory.java:113] Building attribute [franco.maurizio.hr.desk.com.persistence.entity.Question.canse]
2023-11-24 12:36:41,719 TRACE o.h.m.i.AttributeFactory [AttributeFactory.java:403] Starting attribute metadata determination [canse]
2023-11-24 12:36:41,720 TRACE o.h.m.i.AttributeFactory [AttributeFactory.java:406]     Determined member [private java.lang.Boolean franco.maurizio.hr.desk.com.persistence.entity.Question.canse]
2023-11-24 12:36:41,720 TRACE o.h.m.i.AttributeFactory [AttributeFactory.java:410]     Determined type [name=boolean, class=org.hibernate.type.internal.NamedBasicTypeImpl]
2023-11-24 12:36:41,720 TRACE o.h.m.i.AttributeFactory [AttributeFactory.java:113] Building attribute [franco.maurizio.hr.desk.com.persistence.entity.Question.cansf]
2023-11-24 12:36:41,721 TRACE o.h.m.i.AttributeFactory [AttributeFactory.java:403] Starting attribute metadata determination [cansf]
2023-11-24 12:36:41,721 TRACE o.h.m.i.AttributeFactory [AttributeFactory.java:406]     Determined member [private java.lang.Boolean franco.maurizio.hr.desk.com.persistence.entity.Question.cansf]
2023-11-24 12:36:41,721 TRACE o.h.m.i.AttributeFactory [AttributeFactory.java:410]     Determined type [name=boolean, class=org.hibernate.type.internal.NamedBasicTypeImpl]
2023-11-24 12:36:41,721 TRACE o.h.m.i.AttributeFactory [AttributeFactory.java:113] Building attribute [franco.maurizio.hr.desk.com.persistence.entity.Question.cansg]
2023-11-24 12:36:41,722 TRACE o.h.m.i.AttributeFactory [AttributeFactory.java:403] Starting attribute metadata determination [cansg]
2023-11-24 12:36:41,722 TRACE o.h.m.i.AttributeFactory [AttributeFactory.java:406]     Determined member [private java.lang.Boolean franco.maurizio.hr.desk.com.persistence.entity.Question.cansg]
2023-11-24 12:36:41,722 TRACE o.h.m.i.AttributeFactory [AttributeFactory.java:410]     Determined type [name=boolean, class=org.hibernate.type.internal.NamedBasicTypeImpl]
2023-11-24 12:36:41,722 TRACE o.h.m.i.AttributeFactory [AttributeFactory.java:113] Building attribute [franco.maurizio.hr.desk.com.persistence.entity.Question.cansh]
2023-11-24 12:36:41,723 TRACE o.h.m.i.AttributeFactory [AttributeFactory.java:403] Starting attribute metadata determination [cansh]
2023-11-24 12:36:41,723 TRACE o.h.m.i.AttributeFactory [AttributeFactory.java:406]     Determined member [private java.lang.Boolean franco.maurizio.hr.desk.com.persistence.entity.Question.cansh]
2023-11-24 12:36:41,723 TRACE o.h.m.i.AttributeFactory [AttributeFactory.java:410]     Determined type [name=boolean, class=org.hibernate.type.internal.NamedBasicTypeImpl]
2023-11-24 12:36:41,723 TRACE o.h.m.i.AttributeFactory [AttributeFactory.java:113] Building attribute [franco.maurizio.hr.desk.com.persistence.entity.Question.description]
2023-11-24 12:36:41,723 TRACE o.h.m.i.AttributeFactory [AttributeFactory.java:403] Starting attribute metadata determination [description]
2023-11-24 12:36:41,724 TRACE o.h.m.i.AttributeFactory [AttributeFactory.java:406]     Determined member [private java.lang.String franco.maurizio.hr.desk.com.persistence.entity.Question.description]
2023-11-24 12:36:41,724 TRACE o.h.m.i.AttributeFactory [AttributeFactory.java:410]     Determined type [name=string, class=org.hibernate.type.internal.NamedBasicTypeImpl]
2023-11-24 12:36:41,724 TRACE o.h.m.i.AttributeFactory [AttributeFactory.java:113] Building attribute [franco.maurizio.hr.desk.com.persistence.entity.Question.fullAnswer]
2023-11-24 12:36:41,724 TRACE o.h.m.i.AttributeFactory [AttributeFactory.java:403] Starting attribute metadata determination [fullAnswer]
2023-11-24 12:36:41,724 TRACE o.h.m.i.AttributeFactory [AttributeFactory.java:406]     Determined member [private java.lang.String franco.maurizio.hr.desk.com.persistence.entity.Question.fullAnswer]
2023-11-24 12:36:41,725 TRACE o.h.m.i.AttributeFactory [AttributeFactory.java:410]     Determined type [name=string, class=org.hibernate.type.internal.NamedBasicTypeImpl]
2023-11-24 12:36:41,725 TRACE o.h.m.i.AttributeFactory [AttributeFactory.java:113] Building attribute [franco.maurizio.hr.desk.com.persistence.entity.Question.label]
2023-11-24 12:36:41,725 TRACE o.h.m.i.AttributeFactory [AttributeFactory.java:403] Starting attribute metadata determination [label]
2023-11-24 12:36:41,725 TRACE o.h.m.i.AttributeFactory [AttributeFactory.java:406]     Determined member [private java.lang.String franco.maurizio.hr.desk.com.persistence.entity.Question.label]
2023-11-24 12:36:41,725 TRACE o.h.m.i.AttributeFactory [AttributeFactory.java:410]     Determined type [name=string, class=org.hibernate.type.internal.NamedBasicTypeImpl]
2023-11-24 12:36:41,726 TRACE o.h.m.m.d.AbstractIdentifiableType [AbstractIdentifiableType.java:406] Interpreting domain-model identifier descriptor
2023-11-24 12:36:41,726 TRACE o.h.m.i.MetadataContext [MetadataContext.java:340] Completed entity [franco.maurizio.hr.desk.com.persistence.entity.Question]
2023-11-24 12:36:41,726 TRACE o.h.m.i.MetadataContext [MetadataContext.java:297] Starting entity [franco.maurizio.hr.desk.com.persistence.entity.Candidate]
2023-11-24 12:36:41,727 TRACE o.h.m.i.AttributeFactory [AttributeFactory.java:177] Building identifier attribute [franco.maurizio.hr.desk.com.persistence.entity.Candidate.id]
2023-11-24 12:36:41,727 TRACE o.h.m.i.AttributeFactory [AttributeFactory.java:403] Starting attribute metadata determination [id]
2023-11-24 12:36:41,727 TRACE o.h.m.i.AttributeFactory [AttributeFactory.java:406]     Determined member [private java.lang.Long franco.maurizio.hr.desk.com.persistence.entity.Candidate.id]
2023-11-24 12:36:41,727 TRACE o.h.m.i.AttributeFactory [AttributeFactory.java:410]     Determined type [name=long, class=org.hibernate.type.internal.NamedBasicTypeImpl]
2023-11-24 12:36:41,728 TRACE o.h.m.i.AttributeFactory [AttributeFactory.java:113] Building attribute [franco.maurizio.hr.desk.com.persistence.entity.Candidate.candidacyDateTime]
2023-11-24 12:36:41,728 TRACE o.h.m.i.AttributeFactory [AttributeFactory.java:403] Starting attribute metadata determination [candidacyDateTime]
2023-11-24 12:36:41,728 TRACE o.h.m.i.AttributeFactory [AttributeFactory.java:406]     Determined member [private java.time.LocalDateTime franco.maurizio.hr.desk.com.persistence.entity.Candidate.candidacyDateTime]
2023-11-24 12:36:41,728 TRACE o.h.m.i.AttributeFactory [AttributeFactory.java:410]     Determined type [name=LocalDateTime, class=org.hibernate.type.internal.NamedBasicTypeImpl]
2023-11-24 12:36:41,728 TRACE o.h.m.i.AttributeFactory [AttributeFactory.java:113] Building attribute [franco.maurizio.hr.desk.com.persistence.entity.Candidate.candidateStateCode]
2023-11-24 12:36:41,729 TRACE o.h.m.i.AttributeFactory [AttributeFactory.java:403] Starting attribute metadata determination [candidateStateCode]
2023-11-24 12:36:41,729 TRACE o.h.m.i.AttributeFactory [AttributeFactory.java:406]     Determined member [private long franco.maurizio.hr.desk.com.persistence.entity.Candidate.candidateStateCode]
2023-11-24 12:36:41,729 TRACE o.h.m.i.AttributeFactory [AttributeFactory.java:410]     Determined type [name=long, class=org.hibernate.type.internal.NamedBasicTypeImpl]
2023-11-24 12:36:41,729 TRACE o.h.m.i.AttributeFactory [AttributeFactory.java:113] Building attribute [franco.maurizio.hr.desk.com.persistence.entity.Candidate.courseCode]
2023-11-24 12:36:41,730 TRACE o.h.m.i.AttributeFactory [AttributeFactory.java:403] Starting attribute metadata determination [courseCode]
2023-11-24 12:36:41,730 TRACE o.h.m.i.AttributeFactory [AttributeFactory.java:406]     Determined member [private java.lang.String franco.maurizio.hr.desk.com.persistence.entity.Candidate.courseCode]
2023-11-24 12:36:41,730 TRACE o.h.m.i.AttributeFactory [AttributeFactory.java:410]     Determined type [name=string, class=org.hibernate.type.internal.NamedBasicTypeImpl]
2023-11-24 12:36:41,730 TRACE o.h.m.i.AttributeFactory [AttributeFactory.java:113] Building attribute [franco.maurizio.hr.desk.com.persistence.entity.Candidate.cvExternalPath]
2023-11-24 12:36:41,730 TRACE o.h.m.i.AttributeFactory [AttributeFactory.java:403] Starting attribute metadata determination [cvExternalPath]
2023-11-24 12:36:41,731 TRACE o.h.m.i.AttributeFactory [AttributeFactory.java:406]     Determined member [private java.lang.String franco.maurizio.hr.desk.com.persistence.entity.Candidate.cvExternalPath]
2023-11-24 12:36:41,731 TRACE o.h.m.i.AttributeFactory [AttributeFactory.java:410]     Determined type [name=string, class=org.hibernate.type.internal.NamedBasicTypeImpl]
2023-11-24 12:36:41,731 TRACE o.h.m.i.AttributeFactory [AttributeFactory.java:113] Building attribute [franco.maurizio.hr.desk.com.persistence.entity.Candidate.dateOfBirth]
2023-11-24 12:36:41,731 TRACE o.h.m.i.AttributeFactory [AttributeFactory.java:403] Starting attribute metadata determination [dateOfBirth]
2023-11-24 12:36:41,731 TRACE o.h.m.i.AttributeFactory [AttributeFactory.java:406]     Determined member [private java.time.LocalDate franco.maurizio.hr.desk.com.persistence.entity.Candidate.dateOfBirth]
2023-11-24 12:36:41,732 TRACE o.h.m.i.AttributeFactory [AttributeFactory.java:410]     Determined type [name=LocalDate, class=org.hibernate.type.internal.NamedBasicTypeImpl]
2023-11-24 12:36:41,732 TRACE o.h.m.i.AttributeFactory [AttributeFactory.java:113] Building attribute [franco.maurizio.hr.desk.com.persistence.entity.Candidate.domicileCity]
2023-11-24 12:36:41,732 TRACE o.h.m.i.AttributeFactory [AttributeFactory.java:403] Starting attribute metadata determination [domicileCity]
2023-11-24 12:36:41,732 TRACE o.h.m.i.AttributeFactory [AttributeFactory.java:406]     Determined member [private java.lang.String franco.maurizio.hr.desk.com.persistence.entity.Candidate.domicileCity]
2023-11-24 12:36:41,732 TRACE o.h.m.i.AttributeFactory [AttributeFactory.java:410]     Determined type [name=string, class=org.hibernate.type.internal.NamedBasicTypeImpl]
2023-11-24 12:36:41,733 TRACE o.h.m.i.AttributeFactory [AttributeFactory.java:113] Building attribute [franco.maurizio.hr.desk.com.persistence.entity.Candidate.email]
2023-11-24 12:36:41,733 TRACE o.h.m.i.AttributeFactory [AttributeFactory.java:403] Starting attribute metadata determination [email]
2023-11-24 12:36:41,733 TRACE o.h.m.i.AttributeFactory [AttributeFactory.java:406]     Determined member [private java.lang.String franco.maurizio.hr.desk.com.persistence.entity.Candidate.email]
2023-11-24 12:36:41,733 TRACE o.h.m.i.AttributeFactory [AttributeFactory.java:410]     Determined type [name=string, class=org.hibernate.type.internal.NamedBasicTypeImpl]
2023-11-24 12:36:41,734 TRACE o.h.m.i.AttributeFactory [AttributeFactory.java:113] Building attribute [franco.maurizio.hr.desk.com.persistence.entity.Candidate.firstname]
2023-11-24 12:36:41,734 TRACE o.h.m.i.AttributeFactory [AttributeFactory.java:403] Starting attribute metadata determination [firstname]
2023-11-24 12:36:41,734 TRACE o.h.m.i.AttributeFactory [AttributeFactory.java:406]     Determined member [private java.lang.String franco.maurizio.hr.desk.com.persistence.entity.Candidate.firstname]
2023-11-24 12:36:41,734 TRACE o.h.m.i.AttributeFactory [AttributeFactory.java:410]     Determined type [name=string, class=org.hibernate.type.internal.NamedBasicTypeImpl]
2023-11-24 12:36:41,734 TRACE o.h.m.i.AttributeFactory [AttributeFactory.java:113] Building attribute [franco.maurizio.hr.desk.com.persistence.entity.Candidate.graduate]
2023-11-24 12:36:41,735 TRACE o.h.m.i.AttributeFactory [AttributeFactory.java:403] Starting attribute metadata determination [graduate]
2023-11-24 12:36:41,735 TRACE o.h.m.i.AttributeFactory [AttributeFactory.java:406]     Determined member [private java.lang.Boolean franco.maurizio.hr.desk.com.persistence.entity.Candidate.graduate]
2023-11-24 12:36:41,735 TRACE o.h.m.i.AttributeFactory [AttributeFactory.java:410]     Determined type [name=boolean, class=org.hibernate.type.internal.NamedBasicTypeImpl]
2023-11-24 12:36:41,735 TRACE o.h.m.i.AttributeFactory [AttributeFactory.java:113] Building attribute [franco.maurizio.hr.desk.com.persistence.entity.Candidate.highGraduate]
2023-11-24 12:36:41,736 TRACE o.h.m.i.AttributeFactory [AttributeFactory.java:403] Starting attribute metadata determination [highGraduate]
2023-11-24 12:36:41,736 TRACE o.h.m.i.AttributeFactory [AttributeFactory.java:406]     Determined member [private java.lang.Boolean franco.maurizio.hr.desk.com.persistence.entity.Candidate.highGraduate]
2023-11-24 12:36:41,736 TRACE o.h.m.i.AttributeFactory [AttributeFactory.java:410]     Determined type [name=boolean, class=org.hibernate.type.internal.NamedBasicTypeImpl]
2023-11-24 12:36:41,736 TRACE o.h.m.i.AttributeFactory [AttributeFactory.java:113] Building attribute [franco.maurizio.hr.desk.com.persistence.entity.Candidate.hrNote]
2023-11-24 12:36:41,736 TRACE o.h.m.i.AttributeFactory [AttributeFactory.java:403] Starting attribute metadata determination [hrNote]
2023-11-24 12:36:41,737 TRACE o.h.m.i.AttributeFactory [AttributeFactory.java:406]     Determined member [private java.lang.String franco.maurizio.hr.desk.com.persistence.entity.Candidate.hrNote]
2023-11-24 12:36:41,737 TRACE o.h.m.i.AttributeFactory [AttributeFactory.java:410]     Determined type [name=string, class=org.hibernate.type.internal.NamedBasicTypeImpl]
2023-11-24 12:36:41,737 TRACE o.h.m.i.AttributeFactory [AttributeFactory.java:113] Building attribute [franco.maurizio.hr.desk.com.persistence.entity.Candidate.imgpath]
2023-11-24 12:36:41,737 TRACE o.h.m.i.AttributeFactory [AttributeFactory.java:403] Starting attribute metadata determination [imgpath]
2023-11-24 12:36:41,737 TRACE o.h.m.i.AttributeFactory [AttributeFactory.java:406]     Determined member [private java.lang.String franco.maurizio.hr.desk.com.persistence.entity.Candidate.imgpath]
2023-11-24 12:36:41,738 TRACE o.h.m.i.AttributeFactory [AttributeFactory.java:410]     Determined type [name=string, class=org.hibernate.type.internal.NamedBasicTypeImpl]
2023-11-24 12:36:41,738 TRACE o.h.m.i.AttributeFactory [AttributeFactory.java:113] Building attribute [franco.maurizio.hr.desk.com.persistence.entity.Candidate.insertedBy]
2023-11-24 12:36:41,738 TRACE o.h.m.i.AttributeFactory [AttributeFactory.java:403] Starting attribute metadata determination [insertedBy]
2023-11-24 12:36:41,738 TRACE o.h.m.i.AttributeFactory [AttributeFactory.java:406]     Determined member [private long franco.maurizio.hr.desk.com.persistence.entity.Candidate.insertedBy]
2023-11-24 12:36:41,738 TRACE o.h.m.i.AttributeFactory [AttributeFactory.java:410]     Determined type [name=long, class=org.hibernate.type.internal.NamedBasicTypeImpl]
2023-11-24 12:36:41,739 TRACE o.h.m.i.AttributeFactory [AttributeFactory.java:113] Building attribute [franco.maurizio.hr.desk.com.persistence.entity.Candidate.label]
2023-11-24 12:36:41,739 TRACE o.h.m.i.AttributeFactory [AttributeFactory.java:403] Starting attribute metadata determination [label]
2023-11-24 12:36:41,739 TRACE o.h.m.i.AttributeFactory [AttributeFactory.java:406]     Determined member [private java.lang.String franco.maurizio.hr.desk.com.persistence.entity.Candidate.label]
2023-11-24 12:36:41,739 TRACE o.h.m.i.AttributeFactory [AttributeFactory.java:410]     Determined type [name=string, class=org.hibernate.type.internal.NamedBasicTypeImpl]
2023-11-24 12:36:41,740 TRACE o.h.m.i.AttributeFactory [AttributeFactory.java:113] Building attribute [franco.maurizio.hr.desk.com.persistence.entity.Candidate.lastname]
2023-11-24 12:36:41,740 TRACE o.h.m.i.AttributeFactory [AttributeFactory.java:403] Starting attribute metadata determination [lastname]
2023-11-24 12:36:41,740 TRACE o.h.m.i.AttributeFactory [AttributeFactory.java:406]     Determined member [private java.lang.String franco.maurizio.hr.desk.com.persistence.entity.Candidate.lastname]
2023-11-24 12:36:41,740 TRACE o.h.m.i.AttributeFactory [AttributeFactory.java:410]     Determined type [name=string, class=org.hibernate.type.internal.NamedBasicTypeImpl]
2023-11-24 12:36:41,741 TRACE o.h.m.i.AttributeFactory [AttributeFactory.java:113] Building attribute [franco.maurizio.hr.desk.com.persistence.entity.Candidate.mobile]
2023-11-24 12:36:41,741 TRACE o.h.m.i.AttributeFactory [AttributeFactory.java:403] Starting attribute metadata determination [mobile]
2023-11-24 12:36:41,741 TRACE o.h.m.i.AttributeFactory [AttributeFactory.java:406]     Determined member [private java.lang.String franco.maurizio.hr.desk.com.persistence.entity.Candidate.mobile]
2023-11-24 12:36:41,741 TRACE o.h.m.i.AttributeFactory [AttributeFactory.java:410]     Determined type [name=string, class=org.hibernate.type.internal.NamedBasicTypeImpl]
2023-11-24 12:36:41,741 TRACE o.h.m.i.AttributeFactory [AttributeFactory.java:113] Building attribute [franco.maurizio.hr.desk.com.persistence.entity.Candidate.regdate]
2023-11-24 12:36:41,742 TRACE o.h.m.i.AttributeFactory [AttributeFactory.java:403] Starting attribute metadata determination [regdate]
2023-11-24 12:36:41,742 TRACE o.h.m.i.AttributeFactory [AttributeFactory.java:406]     Determined member [private java.time.LocalDateTime franco.maurizio.hr.desk.com.persistence.entity.Candidate.regdate]
2023-11-24 12:36:41,742 TRACE o.h.m.i.AttributeFactory [AttributeFactory.java:410]     Determined type [name=LocalDateTime, class=org.hibernate.type.internal.NamedBasicTypeImpl]
2023-11-24 12:36:41,742 TRACE o.h.m.i.AttributeFactory [AttributeFactory.java:113] Building attribute [franco.maurizio.hr.desk.com.persistence.entity.Candidate.stillHighStudy]
2023-11-24 12:36:41,743 TRACE o.h.m.i.AttributeFactory [AttributeFactory.java:403] Starting attribute metadata determination [stillHighStudy]
2023-11-24 12:36:41,743 TRACE o.h.m.i.AttributeFactory [AttributeFactory.java:406]     Determined member [private java.lang.Boolean franco.maurizio.hr.desk.com.persistence.entity.Candidate.stillHighStudy]
2023-11-24 12:36:41,743 TRACE o.h.m.i.AttributeFactory [AttributeFactory.java:410]     Determined type [name=boolean, class=org.hibernate.type.internal.NamedBasicTypeImpl]
2023-11-24 12:36:41,743 TRACE o.h.m.i.AttributeFactory [AttributeFactory.java:113] Building attribute [franco.maurizio.hr.desk.com.persistence.entity.Candidate.studyQualification]
2023-11-24 12:36:41,743 TRACE o.h.m.i.AttributeFactory [AttributeFactory.java:403] Starting attribute metadata determination [studyQualification]
2023-11-24 12:36:41,744 TRACE o.h.m.i.AttributeFactory [AttributeFactory.java:406]     Determined member [private java.lang.String franco.maurizio.hr.desk.com.persistence.entity.Candidate.studyQualification]
2023-11-24 12:36:41,744 TRACE o.h.m.i.AttributeFactory [AttributeFactory.java:410]     Determined type [name=string, class=org.hibernate.type.internal.NamedBasicTypeImpl]
2023-11-24 12:36:41,744 TRACE o.h.m.i.AttributeFactory [AttributeFactory.java:113] Building attribute [franco.maurizio.hr.desk.com.persistence.entity.Candidate.technicalNote]
2023-11-24 12:36:41,744 TRACE o.h.m.i.AttributeFactory [AttributeFactory.java:403] Starting attribute metadata determination [technicalNote]
2023-11-24 12:36:41,744 TRACE o.h.m.i.AttributeFactory [AttributeFactory.java:406]     Determined member [private java.lang.String franco.maurizio.hr.desk.com.persistence.entity.Candidate.technicalNote]
2023-11-24 12:36:41,745 TRACE o.h.m.i.AttributeFactory [AttributeFactory.java:410]     Determined type [name=string, class=org.hibernate.type.internal.NamedBasicTypeImpl]
2023-11-24 12:36:41,745 TRACE o.h.m.m.d.AbstractIdentifiableType [AbstractIdentifiableType.java:406] Interpreting domain-model identifier descriptor
2023-11-24 12:36:41,745 TRACE o.h.m.i.MetadataContext [MetadataContext.java:340] Completed entity [franco.maurizio.hr.desk.com.persistence.entity.Candidate]
2023-11-24 12:36:41,746 TRACE o.h.m.i.MetadataContext [MetadataContext.java:297] Starting entity [franco.maurizio.hr.desk.com.persistence.entity.SurveyReply]
2023-11-24 12:36:41,746 TRACE o.h.m.i.AttributeFactory [AttributeFactory.java:177] Building identifier attribute [franco.maurizio.hr.desk.com.persistence.entity.SurveyReply.id]
2023-11-24 12:36:41,746 TRACE o.h.m.i.AttributeFactory [AttributeFactory.java:403] Starting attribute metadata determination [id]
2023-11-24 12:36:41,746 TRACE o.h.m.i.AttributeFactory [AttributeFactory.java:406]     Determined member [private long franco.maurizio.hr.desk.com.persistence.entity.SurveyReply.id]
2023-11-24 12:36:41,746 TRACE o.h.m.i.AttributeFactory [AttributeFactory.java:410]     Determined type [name=long, class=org.hibernate.type.internal.NamedBasicTypeImpl]
2023-11-24 12:36:41,747 TRACE o.h.m.i.AttributeFactory [AttributeFactory.java:113] Building attribute [franco.maurizio.hr.desk.com.persistence.entity.SurveyReply.answers]
2023-11-24 12:36:41,747 TRACE o.h.m.i.AttributeFactory [AttributeFactory.java:403] Starting attribute metadata determination [answers]
2023-11-24 12:36:41,747 TRACE o.h.m.i.AttributeFactory [AttributeFactory.java:406]     Determined member [private java.lang.String franco.maurizio.hr.desk.com.persistence.entity.SurveyReply.answers]
2023-11-24 12:36:41,747 TRACE o.h.m.i.AttributeFactory [AttributeFactory.java:410]     Determined type [name=string, class=org.hibernate.type.internal.NamedBasicTypeImpl]
2023-11-24 12:36:41,747 TRACE o.h.m.i.AttributeFactory [AttributeFactory.java:113] Building attribute [franco.maurizio.hr.desk.com.persistence.entity.SurveyReply.candidateId]
2023-11-24 12:36:41,748 TRACE o.h.m.i.AttributeFactory [AttributeFactory.java:403] Starting attribute metadata determination [candidateId]
2023-11-24 12:36:41,748 TRACE o.h.m.i.AttributeFactory [AttributeFactory.java:406]     Determined member [private long franco.maurizio.hr.desk.com.persistence.entity.SurveyReply.candidateId]
2023-11-24 12:36:41,748 TRACE o.h.m.i.AttributeFactory [AttributeFactory.java:410]     Determined type [name=long, class=org.hibernate.type.internal.NamedBasicTypeImpl]
2023-11-24 12:36:41,748 TRACE o.h.m.i.AttributeFactory [AttributeFactory.java:113] Building attribute [franco.maurizio.hr.desk.com.persistence.entity.SurveyReply.endtime]
2023-11-24 12:36:41,748 TRACE o.h.m.i.AttributeFactory [AttributeFactory.java:403] Starting attribute metadata determination [endtime]
2023-11-24 12:36:41,749 TRACE o.h.m.i.AttributeFactory [AttributeFactory.java:406]     Determined member [private java.time.LocalDateTime franco.maurizio.hr.desk.com.persistence.entity.SurveyReply.endtime]
2023-11-24 12:36:41,749 TRACE o.h.m.i.AttributeFactory [AttributeFactory.java:410]     Determined type [name=LocalDateTime, class=org.hibernate.type.internal.NamedBasicTypeImpl]
2023-11-24 12:36:41,749 TRACE o.h.m.i.AttributeFactory [AttributeFactory.java:113] Building attribute [franco.maurizio.hr.desk.com.persistence.entity.SurveyReply.generated_token]
2023-11-24 12:36:41,749 TRACE o.h.m.i.AttributeFactory [AttributeFactory.java:403] Starting attribute metadata determination [generated_token]
2023-11-24 12:36:41,749 TRACE o.h.m.i.AttributeFactory [AttributeFactory.java:406]     Determined member [private java.lang.String franco.maurizio.hr.desk.com.persistence.entity.SurveyReply.generated_token]
2023-11-24 12:36:41,750 TRACE o.h.m.i.AttributeFactory [AttributeFactory.java:410]     Determined type [name=string, class=org.hibernate.type.internal.NamedBasicTypeImpl]
2023-11-24 12:36:41,750 TRACE o.h.m.i.AttributeFactory [AttributeFactory.java:113] Building attribute [franco.maurizio.hr.desk.com.persistence.entity.SurveyReply.pdffilename]
2023-11-24 12:36:41,750 TRACE o.h.m.i.AttributeFactory [AttributeFactory.java:403] Starting attribute metadata determination [pdffilename]
2023-11-24 12:36:41,750 TRACE o.h.m.i.AttributeFactory [AttributeFactory.java:406]     Determined member [private java.lang.String franco.maurizio.hr.desk.com.persistence.entity.SurveyReply.pdffilename]
2023-11-24 12:36:41,751 TRACE o.h.m.i.AttributeFactory [AttributeFactory.java:410]     Determined type [name=string, class=org.hibernate.type.internal.NamedBasicTypeImpl]
2023-11-24 12:36:41,751 TRACE o.h.m.i.AttributeFactory [AttributeFactory.java:113] Building attribute [franco.maurizio.hr.desk.com.persistence.entity.SurveyReply.points]
2023-11-24 12:36:41,751 TRACE o.h.m.i.AttributeFactory [AttributeFactory.java:403] Starting attribute metadata determination [points]
2023-11-24 12:36:41,751 TRACE o.h.m.i.AttributeFactory [AttributeFactory.java:406]     Determined member [private java.lang.String franco.maurizio.hr.desk.com.persistence.entity.SurveyReply.points]
2023-11-24 12:36:41,751 TRACE o.h.m.i.AttributeFactory [AttributeFactory.java:410]     Determined type [name=string, class=org.hibernate.type.internal.NamedBasicTypeImpl]
2023-11-24 12:36:41,752 TRACE o.h.m.i.AttributeFactory [AttributeFactory.java:113] Building attribute [franco.maurizio.hr.desk.com.persistence.entity.SurveyReply.starttime]
2023-11-24 12:36:41,752 TRACE o.h.m.i.AttributeFactory [AttributeFactory.java:403] Starting attribute metadata determination [starttime]
2023-11-24 12:36:41,752 TRACE o.h.m.i.AttributeFactory [AttributeFactory.java:406]     Determined member [private java.time.LocalDateTime franco.maurizio.hr.desk.com.persistence.entity.SurveyReply.starttime]
2023-11-24 12:36:41,752 TRACE o.h.m.i.AttributeFactory [AttributeFactory.java:410]     Determined type [name=LocalDateTime, class=org.hibernate.type.internal.NamedBasicTypeImpl]
2023-11-24 12:36:41,752 TRACE o.h.m.i.AttributeFactory [AttributeFactory.java:113] Building attribute [franco.maurizio.hr.desk.com.persistence.entity.SurveyReply.surveyId]
2023-11-24 12:36:41,753 TRACE o.h.m.i.AttributeFactory [AttributeFactory.java:403] Starting attribute metadata determination [surveyId]
2023-11-24 12:36:41,753 TRACE o.h.m.i.AttributeFactory [AttributeFactory.java:406]     Determined member [private long franco.maurizio.hr.desk.com.persistence.entity.SurveyReply.surveyId]
2023-11-24 12:36:41,753 TRACE o.h.m.i.AttributeFactory [AttributeFactory.java:410]     Determined type [name=long, class=org.hibernate.type.internal.NamedBasicTypeImpl]
2023-11-24 12:36:41,753 TRACE o.h.m.m.d.AbstractIdentifiableType [AbstractIdentifiableType.java:406] Interpreting domain-model identifier descriptor
2023-11-24 12:36:41,754 TRACE o.h.m.i.MetadataContext [MetadataContext.java:340] Completed entity [franco.maurizio.hr.desk.com.persistence.entity.SurveyReply]
2023-11-24 12:36:41,754 TRACE o.h.m.i.MetadataContext [MetadataContext.java:297] Starting entity [franco.maurizio.hr.desk.com.persistence.entity.User]
2023-11-24 12:36:41,754 TRACE o.h.m.i.AttributeFactory [AttributeFactory.java:177] Building identifier attribute [franco.maurizio.hr.desk.com.persistence.entity.User.id]
2023-11-24 12:36:41,754 TRACE o.h.m.i.AttributeFactory [AttributeFactory.java:403] Starting attribute metadata determination [id]
2023-11-24 12:36:41,755 TRACE o.h.m.i.AttributeFactory [AttributeFactory.java:406]     Determined member [private java.lang.Long franco.maurizio.hr.desk.com.persistence.entity.User.id]
2023-11-24 12:36:41,755 TRACE o.h.m.i.AttributeFactory [AttributeFactory.java:410]     Determined type [name=long, class=org.hibernate.type.internal.NamedBasicTypeImpl]
2023-11-24 12:36:41,755 TRACE o.h.m.i.AttributeFactory [AttributeFactory.java:113] Building attribute [franco.maurizio.hr.desk.com.persistence.entity.User.email]
2023-11-24 12:36:41,755 TRACE o.h.m.i.AttributeFactory [AttributeFactory.java:403] Starting attribute metadata determination [email]
2023-11-24 12:36:41,755 TRACE o.h.m.i.AttributeFactory [AttributeFactory.java:406]     Determined member [private java.lang.String franco.maurizio.hr.desk.com.persistence.entity.User.email]
2023-11-24 12:36:41,756 TRACE o.h.m.i.AttributeFactory [AttributeFactory.java:410]     Determined type [name=string, class=org.hibernate.type.internal.NamedBasicTypeImpl]
2023-11-24 12:36:41,756 TRACE o.h.m.i.AttributeFactory [AttributeFactory.java:113] Building attribute [franco.maurizio.hr.desk.com.persistence.entity.User.enabled]
2023-11-24 12:36:41,756 TRACE o.h.m.i.AttributeFactory [AttributeFactory.java:403] Starting attribute metadata determination [enabled]
2023-11-24 12:36:41,756 TRACE o.h.m.i.AttributeFactory [AttributeFactory.java:406]     Determined member [private boolean franco.maurizio.hr.desk.com.persistence.entity.User.enabled]
2023-11-24 12:36:41,756 TRACE o.h.m.i.AttributeFactory [AttributeFactory.java:410]     Determined type [name=boolean, class=org.hibernate.type.internal.NamedBasicTypeImpl]
2023-11-24 12:36:41,757 TRACE o.h.m.i.AttributeFactory [AttributeFactory.java:113] Building attribute [franco.maurizio.hr.desk.com.persistence.entity.User.firstname]
2023-11-24 12:36:41,757 TRACE o.h.m.i.AttributeFactory [AttributeFactory.java:403] Starting attribute metadata determination [firstname]
2023-11-24 12:36:41,757 TRACE o.h.m.i.AttributeFactory [AttributeFactory.java:406]     Determined member [private java.lang.String franco.maurizio.hr.desk.com.persistence.entity.User.firstname]
2023-11-24 12:36:41,757 TRACE o.h.m.i.AttributeFactory [AttributeFactory.java:410]     Determined type [name=string, class=org.hibernate.type.internal.NamedBasicTypeImpl]
2023-11-24 12:36:41,757 TRACE o.h.m.i.AttributeFactory [AttributeFactory.java:113] Building attribute [franco.maurizio.hr.desk.com.persistence.entity.User.lastname]
2023-11-24 12:36:41,757 TRACE o.h.m.i.AttributeFactory [AttributeFactory.java:403] Starting attribute metadata determination [lastname]
2023-11-24 12:36:41,757 TRACE o.h.m.i.AttributeFactory [AttributeFactory.java:406]     Determined member [private java.lang.String franco.maurizio.hr.desk.com.persistence.entity.User.lastname]
2023-11-24 12:36:41,757 TRACE o.h.m.i.AttributeFactory [AttributeFactory.java:410]     Determined type [name=string, class=org.hibernate.type.internal.NamedBasicTypeImpl]
2023-11-24 12:36:41,758 TRACE o.h.m.i.AttributeFactory [AttributeFactory.java:113] Building attribute [franco.maurizio.hr.desk.com.persistence.entity.User.password]
2023-11-24 12:36:41,758 TRACE o.h.m.i.AttributeFactory [AttributeFactory.java:403] Starting attribute metadata determination [password]
2023-11-24 12:36:41,758 TRACE o.h.m.i.AttributeFactory [AttributeFactory.java:406]     Determined member [private java.lang.String franco.maurizio.hr.desk.com.persistence.entity.User.password]
2023-11-24 12:36:41,758 TRACE o.h.m.i.AttributeFactory [AttributeFactory.java:410]     Determined type [name=string, class=org.hibernate.type.internal.NamedBasicTypeImpl]
2023-11-24 12:36:41,758 TRACE o.h.m.i.AttributeFactory [AttributeFactory.java:113] Building attribute [franco.maurizio.hr.desk.com.persistence.entity.User.regdate]
2023-11-24 12:36:41,758 TRACE o.h.m.i.AttributeFactory [AttributeFactory.java:403] Starting attribute metadata determination [regdate]
2023-11-24 12:36:41,758 TRACE o.h.m.i.AttributeFactory [AttributeFactory.java:406]     Determined member [private java.time.LocalDateTime franco.maurizio.hr.desk.com.persistence.entity.User.regdate]
2023-11-24 12:36:41,759 TRACE o.h.m.i.AttributeFactory [AttributeFactory.java:410]     Determined type [name=LocalDateTime, class=org.hibernate.type.internal.NamedBasicTypeImpl]
2023-11-24 12:36:41,759 TRACE o.h.m.i.AttributeFactory [AttributeFactory.java:113] Building attribute [franco.maurizio.hr.desk.com.persistence.entity.User.role]
2023-11-24 12:36:41,759 TRACE o.h.m.i.AttributeFactory [AttributeFactory.java:403] Starting attribute metadata determination [role]
2023-11-24 12:36:41,759 TRACE o.h.m.i.AttributeFactory [AttributeFactory.java:406]     Determined member [private int franco.maurizio.hr.desk.com.persistence.entity.User.role]
2023-11-24 12:36:41,760 TRACE o.h.m.i.AttributeFactory [AttributeFactory.java:410]     Determined type [name=integer, class=org.hibernate.type.internal.NamedBasicTypeImpl]
2023-11-24 12:36:41,760 TRACE o.h.m.m.d.AbstractIdentifiableType [AbstractIdentifiableType.java:406] Interpreting domain-model identifier descriptor
2023-11-24 12:36:41,760 TRACE o.h.m.i.MetadataContext [MetadataContext.java:340] Completed entity [franco.maurizio.hr.desk.com.persistence.entity.User]
2023-11-24 12:36:41,761 TRACE o.h.m.i.MetadataContext [MetadataContext.java:297] Starting entity [franco.maurizio.hr.desk.com.persistence.entity.SurveyQuestion]
2023-11-24 12:36:41,761 TRACE o.h.m.i.AttributeFactory [AttributeFactory.java:177] Building identifier attribute [franco.maurizio.hr.desk.com.persistence.entity.SurveyQuestion.id]
2023-11-24 12:36:41,761 TRACE o.h.m.i.AttributeFactory [AttributeFactory.java:403] Starting attribute metadata determination [id]
2023-11-24 12:36:41,761 TRACE o.h.m.i.AttributeFactory [AttributeFactory.java:406]     Determined member [private java.lang.Long franco.maurizio.hr.desk.com.persistence.entity.SurveyQuestion.id]
2023-11-24 12:36:41,761 TRACE o.h.m.i.AttributeFactory [AttributeFactory.java:410]     Determined type [name=long, class=org.hibernate.type.internal.NamedBasicTypeImpl]
2023-11-24 12:36:41,761 TRACE o.h.m.i.AttributeFactory [AttributeFactory.java:113] Building attribute [franco.maurizio.hr.desk.com.persistence.entity.SurveyQuestion.position]
2023-11-24 12:36:41,761 TRACE o.h.m.i.AttributeFactory [AttributeFactory.java:403] Starting attribute metadata determination [position]
2023-11-24 12:36:41,762 TRACE o.h.m.i.AttributeFactory [AttributeFactory.java:406]     Determined member [private java.lang.Long franco.maurizio.hr.desk.com.persistence.entity.SurveyQuestion.position]
2023-11-24 12:36:41,762 TRACE o.h.m.i.AttributeFactory [AttributeFactory.java:410]     Determined type [name=long, class=org.hibernate.type.internal.NamedBasicTypeImpl]
2023-11-24 12:36:41,762 TRACE o.h.m.i.AttributeFactory [AttributeFactory.java:113] Building attribute [franco.maurizio.hr.desk.com.persistence.entity.SurveyQuestion.questionId]
2023-11-24 12:36:41,762 TRACE o.h.m.i.AttributeFactory [AttributeFactory.java:403] Starting attribute metadata determination [questionId]
2023-11-24 12:36:41,762 TRACE o.h.m.i.AttributeFactory [AttributeFactory.java:406]     Determined member [private java.lang.Long franco.maurizio.hr.desk.com.persistence.entity.SurveyQuestion.questionId]
2023-11-24 12:36:41,762 TRACE o.h.m.i.AttributeFactory [AttributeFactory.java:410]     Determined type [name=long, class=org.hibernate.type.internal.NamedBasicTypeImpl]
2023-11-24 12:36:41,762 TRACE o.h.m.i.AttributeFactory [AttributeFactory.java:113] Building attribute [franco.maurizio.hr.desk.com.persistence.entity.SurveyQuestion.surveyId]
2023-11-24 12:36:41,762 TRACE o.h.m.i.AttributeFactory [AttributeFactory.java:403] Starting attribute metadata determination [surveyId]
2023-11-24 12:36:41,763 TRACE o.h.m.i.AttributeFactory [AttributeFactory.java:406]     Determined member [private java.lang.Long franco.maurizio.hr.desk.com.persistence.entity.SurveyQuestion.surveyId]
2023-11-24 12:36:41,763 TRACE o.h.m.i.AttributeFactory [AttributeFactory.java:410]     Determined type [name=long, class=org.hibernate.type.internal.NamedBasicTypeImpl]
2023-11-24 12:36:41,763 TRACE o.h.m.m.d.AbstractIdentifiableType [AbstractIdentifiableType.java:406] Interpreting domain-model identifier descriptor
2023-11-24 12:36:41,763 TRACE o.h.m.i.MetadataContext [MetadataContext.java:340] Completed entity [franco.maurizio.hr.desk.com.persistence.entity.SurveyQuestion]
2023-11-24 12:36:41,764 TRACE o.h.m.i.MetadataContext [MetadataContext.java:297] Starting entity [franco.maurizio.hr.desk.com.persistence.entity.CandidateSurveyToken]
2023-11-24 12:36:41,764 TRACE o.h.m.i.AttributeFactory [AttributeFactory.java:177] Building identifier attribute [franco.maurizio.hr.desk.com.persistence.entity.CandidateSurveyToken.id]
2023-11-24 12:36:41,764 TRACE o.h.m.i.AttributeFactory [AttributeFactory.java:403] Starting attribute metadata determination [id]
2023-11-24 12:36:41,764 TRACE o.h.m.i.AttributeFactory [AttributeFactory.java:406]     Determined member [private java.lang.Long franco.maurizio.hr.desk.com.persistence.entity.CandidateSurveyToken.id]
2023-11-24 12:36:41,764 TRACE o.h.m.i.AttributeFactory [AttributeFactory.java:410]     Determined type [name=long, class=org.hibernate.type.internal.NamedBasicTypeImpl]
2023-11-24 12:36:41,765 TRACE o.h.m.i.AttributeFactory [AttributeFactory.java:113] Building attribute [franco.maurizio.hr.desk.com.persistence.entity.CandidateSurveyToken.candidateId]
2023-11-24 12:36:41,765 TRACE o.h.m.i.AttributeFactory [AttributeFactory.java:403] Starting attribute metadata determination [candidateId]
2023-11-24 12:36:41,765 TRACE o.h.m.i.AttributeFactory [AttributeFactory.java:406]     Determined member [private java.lang.Long franco.maurizio.hr.desk.com.persistence.entity.CandidateSurveyToken.candidateId]
2023-11-24 12:36:41,765 TRACE o.h.m.i.AttributeFactory [AttributeFactory.java:410]     Determined type [name=long, class=org.hibernate.type.internal.NamedBasicTypeImpl]
2023-11-24 12:36:41,765 TRACE o.h.m.i.AttributeFactory [AttributeFactory.java:113] Building attribute [franco.maurizio.hr.desk.com.persistence.entity.CandidateSurveyToken.expirationDateTime]
2023-11-24 12:36:41,766 TRACE o.h.m.i.AttributeFactory [AttributeFactory.java:403] Starting attribute metadata determination [expirationDateTime]
2023-11-24 12:36:41,766 TRACE o.h.m.i.AttributeFactory [AttributeFactory.java:406]     Determined member [private java.time.LocalDateTime franco.maurizio.hr.desk.com.persistence.entity.CandidateSurveyToken.expirationDateTime]
2023-11-24 12:36:41,766 TRACE o.h.m.i.AttributeFactory [AttributeFactory.java:410]     Determined type [name=LocalDateTime, class=org.hibernate.type.internal.NamedBasicTypeImpl]
2023-11-24 12:36:41,766 TRACE o.h.m.i.AttributeFactory [AttributeFactory.java:113] Building attribute [franco.maurizio.hr.desk.com.persistence.entity.CandidateSurveyToken.expired]
2023-11-24 12:36:41,766 TRACE o.h.m.i.AttributeFactory [AttributeFactory.java:403] Starting attribute metadata determination [expired]
2023-11-24 12:36:41,767 TRACE o.h.m.i.AttributeFactory [AttributeFactory.java:406]     Determined member [private boolean franco.maurizio.hr.desk.com.persistence.entity.CandidateSurveyToken.expired]
2023-11-24 12:36:41,767 TRACE o.h.m.i.AttributeFactory [AttributeFactory.java:410]     Determined type [name=boolean, class=org.hibernate.type.internal.NamedBasicTypeImpl]
2023-11-24 12:36:41,767 TRACE o.h.m.i.AttributeFactory [AttributeFactory.java:113] Building attribute [franco.maurizio.hr.desk.com.persistence.entity.CandidateSurveyToken.generatedToken]
2023-11-24 12:36:41,767 TRACE o.h.m.i.AttributeFactory [AttributeFactory.java:403] Starting attribute metadata determination [generatedToken]
2023-11-24 12:36:41,767 TRACE o.h.m.i.AttributeFactory [AttributeFactory.java:406]     Determined member [private java.lang.String franco.maurizio.hr.desk.com.persistence.entity.CandidateSurveyToken.generatedToken]
2023-11-24 12:36:41,768 TRACE o.h.m.i.AttributeFactory [AttributeFactory.java:410]     Determined type [name=string, class=org.hibernate.type.internal.NamedBasicTypeImpl]
2023-11-24 12:36:41,768 TRACE o.h.m.i.AttributeFactory [AttributeFactory.java:113] Building attribute [franco.maurizio.hr.desk.com.persistence.entity.CandidateSurveyToken.surveyId]
2023-11-24 12:36:41,768 TRACE o.h.m.i.AttributeFactory [AttributeFactory.java:403] Starting attribute metadata determination [surveyId]
2023-11-24 12:36:41,768 TRACE o.h.m.i.AttributeFactory [AttributeFactory.java:406]     Determined member [private java.lang.Long franco.maurizio.hr.desk.com.persistence.entity.CandidateSurveyToken.surveyId]
2023-11-24 12:36:41,769 TRACE o.h.m.i.AttributeFactory [AttributeFactory.java:410]     Determined type [name=long, class=org.hibernate.type.internal.NamedBasicTypeImpl]
2023-11-24 12:36:41,769 TRACE o.h.m.m.d.AbstractIdentifiableType [AbstractIdentifiableType.java:406] Interpreting domain-model identifier descriptor
2023-11-24 12:36:41,769 TRACE o.h.m.i.MetadataContext [MetadataContext.java:340] Completed entity [franco.maurizio.hr.desk.com.persistence.entity.CandidateSurveyToken]
2023-11-24 12:36:41,769 TRACE o.h.m.i.MetadataContext [MetadataContext.java:297] Starting entity [franco.maurizio.hr.desk.com.persistence.entity.CandidateStates]
2023-11-24 12:36:41,770 TRACE o.h.m.i.AttributeFactory [AttributeFactory.java:177] Building identifier attribute [franco.maurizio.hr.desk.com.persistence.entity.CandidateStates.id]
2023-11-24 12:36:41,770 TRACE o.h.m.i.AttributeFactory [AttributeFactory.java:403] Starting attribute metadata determination [id]
2023-11-24 12:36:41,770 TRACE o.h.m.i.AttributeFactory [AttributeFactory.java:406]     Determined member [private java.lang.Long franco.maurizio.hr.desk.com.persistence.entity.CandidateStates.id]
2023-11-24 12:36:41,770 TRACE o.h.m.i.AttributeFactory [AttributeFactory.java:410]     Determined type [name=long, class=org.hibernate.type.internal.NamedBasicTypeImpl]
2023-11-24 12:36:41,770 TRACE o.h.m.i.AttributeFactory [AttributeFactory.java:113] Building attribute [franco.maurizio.hr.desk.com.persistence.entity.CandidateStates.roleId]
2023-11-24 12:36:41,771 TRACE o.h.m.i.AttributeFactory [AttributeFactory.java:403] Starting attribute metadata determination [roleId]
2023-11-24 12:36:41,771 TRACE o.h.m.i.AttributeFactory [AttributeFactory.java:406]     Determined member [private java.lang.Long franco.maurizio.hr.desk.com.persistence.entity.CandidateStates.roleId]
2023-11-24 12:36:41,771 TRACE o.h.m.i.AttributeFactory [AttributeFactory.java:410]     Determined type [name=long, class=org.hibernate.type.internal.NamedBasicTypeImpl]
2023-11-24 12:36:41,771 TRACE o.h.m.i.AttributeFactory [AttributeFactory.java:113] Building attribute [franco.maurizio.hr.desk.com.persistence.entity.CandidateStates.statusCode]
2023-11-24 12:36:41,771 TRACE o.h.m.i.AttributeFactory [AttributeFactory.java:403] Starting attribute metadata determination [statusCode]
2023-11-24 12:36:41,771 TRACE o.h.m.i.AttributeFactory [AttributeFactory.java:406]     Determined member [private int franco.maurizio.hr.desk.com.persistence.entity.CandidateStates.statusCode]
2023-11-24 12:36:41,771 TRACE o.h.m.i.AttributeFactory [AttributeFactory.java:410]     Determined type [name=integer, class=org.hibernate.type.internal.NamedBasicTypeImpl]
2023-11-24 12:36:41,772 TRACE o.h.m.i.AttributeFactory [AttributeFactory.java:113] Building attribute [franco.maurizio.hr.desk.com.persistence.entity.CandidateStates.statusColor]
2023-11-24 12:36:41,772 TRACE o.h.m.i.AttributeFactory [AttributeFactory.java:403] Starting attribute metadata determination [statusColor]
2023-11-24 12:36:41,772 TRACE o.h.m.i.AttributeFactory [AttributeFactory.java:406]     Determined member [private java.lang.String franco.maurizio.hr.desk.com.persistence.entity.CandidateStates.statusColor]
2023-11-24 12:36:41,772 TRACE o.h.m.i.AttributeFactory [AttributeFactory.java:410]     Determined type [name=string, class=org.hibernate.type.internal.NamedBasicTypeImpl]
2023-11-24 12:36:41,772 TRACE o.h.m.i.AttributeFactory [AttributeFactory.java:113] Building attribute [franco.maurizio.hr.desk.com.persistence.entity.CandidateStates.statusDescription]
2023-11-24 12:36:41,773 TRACE o.h.m.i.AttributeFactory [AttributeFactory.java:403] Starting attribute metadata determination [statusDescription]
2023-11-24 12:36:41,773 TRACE o.h.m.i.AttributeFactory [AttributeFactory.java:406]     Determined member [private java.lang.String franco.maurizio.hr.desk.com.persistence.entity.CandidateStates.statusDescription]
2023-11-24 12:36:41,773 TRACE o.h.m.i.AttributeFactory [AttributeFactory.java:410]     Determined type [name=string, class=org.hibernate.type.internal.NamedBasicTypeImpl]
2023-11-24 12:36:41,773 TRACE o.h.m.i.AttributeFactory [AttributeFactory.java:113] Building attribute [franco.maurizio.hr.desk.com.persistence.entity.CandidateStates.statusLabel]
2023-11-24 12:36:41,773 TRACE o.h.m.i.AttributeFactory [AttributeFactory.java:403] Starting attribute metadata determination [statusLabel]
2023-11-24 12:36:41,774 TRACE o.h.m.i.AttributeFactory [AttributeFactory.java:406]     Determined member [private java.lang.String franco.maurizio.hr.desk.com.persistence.entity.CandidateStates.statusLabel]
2023-11-24 12:36:41,774 TRACE o.h.m.i.AttributeFactory [AttributeFactory.java:410]     Determined type [name=string, class=org.hibernate.type.internal.NamedBasicTypeImpl]
2023-11-24 12:36:41,774 TRACE o.h.m.m.d.AbstractIdentifiableType [AbstractIdentifiableType.java:406] Interpreting domain-model identifier descriptor
2023-11-24 12:36:41,774 TRACE o.h.m.i.MetadataContext [MetadataContext.java:340] Completed entity [franco.maurizio.hr.desk.com.persistence.entity.CandidateStates]
2023-11-24 12:36:41,775 TRACE o.h.m.i.MetadataContext [MetadataContext.java:297] Starting entity [franco.maurizio.hr.desk.com.persistence.entity.CoursePage]
2023-11-24 12:36:41,775 TRACE o.h.m.i.AttributeFactory [AttributeFactory.java:177] Building identifier attribute [franco.maurizio.hr.desk.com.persistence.entity.CoursePage.id]
2023-11-24 12:36:41,775 TRACE o.h.m.i.AttributeFactory [AttributeFactory.java:403] Starting attribute metadata determination [id]
2023-11-24 12:36:41,775 TRACE o.h.m.i.AttributeFactory [AttributeFactory.java:406]     Determined member [protected java.lang.Long franco.maurizio.hr.desk.com.persistence.entity.CoursePage.id]
2023-11-24 12:36:41,775 TRACE o.h.m.i.AttributeFactory [AttributeFactory.java:410]     Determined type [name=long, class=org.hibernate.type.internal.NamedBasicTypeImpl]
2023-11-24 12:36:41,776 TRACE o.h.m.i.AttributeFactory [AttributeFactory.java:113] Building attribute [franco.maurizio.hr.desk.com.persistence.entity.CoursePage.bodyText]
2023-11-24 12:36:41,776 TRACE o.h.m.i.AttributeFactory [AttributeFactory.java:403] Starting attribute metadata determination [bodyText]
2023-11-24 12:36:41,776 TRACE o.h.m.i.AttributeFactory [AttributeFactory.java:406]     Determined member [protected java.lang.String franco.maurizio.hr.desk.com.persistence.entity.CoursePage.bodyText]
2023-11-24 12:36:41,776 TRACE o.h.m.i.AttributeFactory [AttributeFactory.java:410]     Determined type [name=string, class=org.hibernate.type.internal.NamedBasicTypeImpl]
2023-11-24 12:36:41,776 TRACE o.h.m.i.AttributeFactory [AttributeFactory.java:113] Building attribute [franco.maurizio.hr.desk.com.persistence.entity.CoursePage.code]
2023-11-24 12:36:41,777 TRACE o.h.m.i.AttributeFactory [AttributeFactory.java:403] Starting attribute metadata determination [code]
2023-11-24 12:36:41,777 TRACE o.h.m.i.AttributeFactory [AttributeFactory.java:406]     Determined member [protected java.lang.String franco.maurizio.hr.desk.com.persistence.entity.CoursePage.code]
2023-11-24 12:36:41,777 TRACE o.h.m.i.AttributeFactory [AttributeFactory.java:410]     Determined type [name=string, class=org.hibernate.type.internal.NamedBasicTypeImpl]
2023-11-24 12:36:41,777 TRACE o.h.m.i.AttributeFactory [AttributeFactory.java:113] Building attribute [franco.maurizio.hr.desk.com.persistence.entity.CoursePage.created_datetime]
2023-11-24 12:36:41,778 TRACE o.h.m.i.AttributeFactory [AttributeFactory.java:403] Starting attribute metadata determination [created_datetime]
2023-11-24 12:36:41,778 TRACE o.h.m.i.AttributeFactory [AttributeFactory.java:406]     Determined member [private java.time.LocalDateTime franco.maurizio.hr.desk.com.persistence.entity.CoursePage.created_datetime]
2023-11-24 12:36:41,778 TRACE o.h.m.i.AttributeFactory [AttributeFactory.java:410]     Determined type [name=LocalDateTime, class=org.hibernate.type.internal.NamedBasicTypeImpl]
2023-11-24 12:36:41,778 TRACE o.h.m.i.AttributeFactory [AttributeFactory.java:113] Building attribute [franco.maurizio.hr.desk.com.persistence.entity.CoursePage.fileName]
2023-11-24 12:36:41,778 TRACE o.h.m.i.AttributeFactory [AttributeFactory.java:403] Starting attribute metadata determination [fileName]
2023-11-24 12:36:41,778 TRACE o.h.m.i.AttributeFactory [AttributeFactory.java:406]     Determined member [protected java.lang.String franco.maurizio.hr.desk.com.persistence.entity.CoursePage.fileName]
2023-11-24 12:36:41,778 TRACE o.h.m.i.AttributeFactory [AttributeFactory.java:410]     Determined type [name=string, class=org.hibernate.type.internal.NamedBasicTypeImpl]
2023-11-24 12:36:41,779 TRACE o.h.m.i.AttributeFactory [AttributeFactory.java:113] Building attribute [franco.maurizio.hr.desk.com.persistence.entity.CoursePage.opened_by]
2023-11-24 12:36:41,779 TRACE o.h.m.i.AttributeFactory [AttributeFactory.java:403] Starting attribute metadata determination [opened_by]
2023-11-24 12:36:41,779 TRACE o.h.m.i.AttributeFactory [AttributeFactory.java:406]     Determined member [protected java.lang.Long franco.maurizio.hr.desk.com.persistence.entity.CoursePage.opened_by]
2023-11-24 12:36:41,779 TRACE o.h.m.i.AttributeFactory [AttributeFactory.java:410]     Determined type [name=long, class=org.hibernate.type.internal.NamedBasicTypeImpl]
2023-11-24 12:36:41,779 TRACE o.h.m.i.AttributeFactory [AttributeFactory.java:113] Building attribute [franco.maurizio.hr.desk.com.persistence.entity.CoursePage.statusOpen]
2023-11-24 12:36:41,780 TRACE o.h.m.i.AttributeFactory [AttributeFactory.java:403] Starting attribute metadata determination [statusOpen]
2023-11-24 12:36:41,780 TRACE o.h.m.i.AttributeFactory [AttributeFactory.java:406]     Determined member [private java.lang.Boolean franco.maurizio.hr.desk.com.persistence.entity.CoursePage.statusOpen]
2023-11-24 12:36:41,780 TRACE o.h.m.i.AttributeFactory [AttributeFactory.java:410]     Determined type [name=boolean, class=org.hibernate.type.internal.NamedBasicTypeImpl]
2023-11-24 12:36:41,780 TRACE o.h.m.i.AttributeFactory [AttributeFactory.java:113] Building attribute [franco.maurizio.hr.desk.com.persistence.entity.CoursePage.title]
2023-11-24 12:36:41,780 TRACE o.h.m.i.AttributeFactory [AttributeFactory.java:403] Starting attribute metadata determination [title]
2023-11-24 12:36:41,780 TRACE o.h.m.i.AttributeFactory [AttributeFactory.java:406]     Determined member [protected java.lang.String franco.maurizio.hr.desk.com.persistence.entity.CoursePage.title]
2023-11-24 12:36:41,780 TRACE o.h.m.i.AttributeFactory [AttributeFactory.java:410]     Determined type [name=string, class=org.hibernate.type.internal.NamedBasicTypeImpl]
2023-11-24 12:36:41,780 TRACE o.h.m.m.d.AbstractIdentifiableType [AbstractIdentifiableType.java:406] Interpreting domain-model identifier descriptor
2023-11-24 12:36:41,781 TRACE o.h.m.i.MetadataContext [MetadataContext.java:340] Completed entity [franco.maurizio.hr.desk.com.persistence.entity.CoursePage]
2023-11-24 12:36:41,781 TRACE o.h.m.i.MetadataContext [MetadataContext.java:297] Starting entity [franco.maurizio.hr.desk.com.persistence.entity.Role]
2023-11-24 12:36:41,781 TRACE o.h.m.i.AttributeFactory [AttributeFactory.java:177] Building identifier attribute [franco.maurizio.hr.desk.com.persistence.entity.Role.id]
2023-11-24 12:36:41,781 TRACE o.h.m.i.AttributeFactory [AttributeFactory.java:403] Starting attribute metadata determination [id]
2023-11-24 12:36:41,781 TRACE o.h.m.i.AttributeFactory [AttributeFactory.java:406]     Determined member [private java.lang.Long franco.maurizio.hr.desk.com.persistence.entity.Role.id]
2023-11-24 12:36:41,781 TRACE o.h.m.i.AttributeFactory [AttributeFactory.java:410]     Determined type [name=long, class=org.hibernate.type.internal.NamedBasicTypeImpl]
2023-11-24 12:36:41,782 TRACE o.h.m.i.AttributeFactory [AttributeFactory.java:113] Building attribute [franco.maurizio.hr.desk.com.persistence.entity.Role.description]
2023-11-24 12:36:41,782 TRACE o.h.m.i.AttributeFactory [AttributeFactory.java:403] Starting attribute metadata determination [description]
2023-11-24 12:36:41,782 TRACE o.h.m.i.AttributeFactory [AttributeFactory.java:406]     Determined member [private java.lang.String franco.maurizio.hr.desk.com.persistence.entity.Role.description]
2023-11-24 12:36:41,782 TRACE o.h.m.i.AttributeFactory [AttributeFactory.java:410]     Determined type [name=string, class=org.hibernate.type.internal.NamedBasicTypeImpl]
2023-11-24 12:36:41,782 TRACE o.h.m.i.AttributeFactory [AttributeFactory.java:113] Building attribute [franco.maurizio.hr.desk.com.persistence.entity.Role.label]
2023-11-24 12:36:41,782 TRACE o.h.m.i.AttributeFactory [AttributeFactory.java:403] Starting attribute metadata determination [label]
2023-11-24 12:36:41,782 TRACE o.h.m.i.AttributeFactory [AttributeFactory.java:406]     Determined member [private java.lang.String franco.maurizio.hr.desk.com.persistence.entity.Role.label]
2023-11-24 12:36:41,782 TRACE o.h.m.i.AttributeFactory [AttributeFactory.java:410]     Determined type [name=string, class=org.hibernate.type.internal.NamedBasicTypeImpl]
2023-11-24 12:36:41,782 TRACE o.h.m.i.AttributeFactory [AttributeFactory.java:113] Building attribute [franco.maurizio.hr.desk.com.persistence.entity.Role.level]
2023-11-24 12:36:41,783 TRACE o.h.m.i.AttributeFactory [AttributeFactory.java:403] Starting attribute metadata determination [level]
2023-11-24 12:36:41,783 TRACE o.h.m.i.AttributeFactory [AttributeFactory.java:406]     Determined member [private int franco.maurizio.hr.desk.com.persistence.entity.Role.level]
2023-11-24 12:36:41,783 TRACE o.h.m.i.AttributeFactory [AttributeFactory.java:410]     Determined type [name=integer, class=org.hibernate.type.internal.NamedBasicTypeImpl]
2023-11-24 12:36:41,783 TRACE o.h.m.m.d.AbstractIdentifiableType [AbstractIdentifiableType.java:406] Interpreting domain-model identifier descriptor
2023-11-24 12:36:41,783 TRACE o.h.m.i.MetadataContext [MetadataContext.java:340] Completed entity [franco.maurizio.hr.desk.com.persistence.entity.Role]
2023-11-24 12:36:41,783 TRACE o.h.s.i.AbstractServiceRegistryImpl [AbstractServiceRegistryImpl.java:235] Initializing service [role=org.hibernate.engine.transaction.jta.platform.spi.JtaPlatform]
2023-11-24 12:36:41,784 INFO o.h.e.t.j.p.i.JtaPlatformInitiator [JtaPlatformInitiator.java:55] HHH000489: No JTA platform available (set 'hibernate.transaction.jta.platform' to enable JTA platform integration)
2023-11-24 12:36:41,784 DEBUG o.h.t.s.TypeConfiguration$Scope [TypeConfiguration.java:203] Scoping TypeConfiguration [org.hibernate.type.spi.TypeConfiguration@2c9181fa] to SessionFactoryImplementor [org.hibernate.internal.SessionFactoryImpl@3ed09d54]
2023-11-24 12:36:41,784 DEBUG o.h.q.n.NamedObjectRepository [NamedObjectRepositoryImpl.java:234] Checking 0 named HQL queries
2023-11-24 12:36:41,784 DEBUG o.h.q.n.NamedObjectRepository [NamedObjectRepositoryImpl.java:251] Checking 0 named SQL queries
2023-11-24 12:36:41,785 DEBUG o.h.t.s.s.SchemaManagementToolCoordinator [SchemaManagementToolCoordinator.java:760] No schema actions specified for contributor `orm`; doing nothing
2023-11-24 12:36:41,785 DEBUG o.h.t.s.s.SchemaManagementToolCoordinator [SchemaManagementToolCoordinator.java:72] No actions found; doing nothing
2023-11-24 12:36:41,785 DEBUG o.h.i.SessionFactoryRegistry [SessionFactoryRegistry.java:74] Registering SessionFactory: e531cafc-da29-4379-81c0-58ac3bc79e13 (<unnamed>)
2023-11-24 12:36:41,785 DEBUG o.h.i.SessionFactoryRegistry [SessionFactoryRegistry.java:81] Not binding SessionFactory to JNDI, no JNDI name configured
2023-11-24 12:36:41,785 TRACE o.h.t.s.TypeConfiguration$Scope [TypeConfiguration.java:267] Handling #sessionFactoryCreated from [org.hibernate.internal.SessionFactoryImpl@3ed09d54] for TypeConfiguration
2023-11-24 12:36:41,786 DEBUG o.h.i.SessionFactoryImpl [SessionFactoryImpl.java:312] Instantiated SessionFactory
2023-11-24 12:36:41,806 TRACE o.h.i.SessionFactoryImpl$SessionBuilderImpl [SessionFactoryImpl.java:1298] Opening Hibernate Session.  tenant=null
2023-11-24 12:36:41,807 TRACE o.h.s.i.AbstractServiceRegistryImpl [AbstractServiceRegistryImpl.java:235] Initializing service [role=org.hibernate.stat.spi.StatisticsImplementor]
2023-11-24 12:36:41,807 DEBUG o.h.s.i.StatisticsInitiator [StatisticsInitiator.java:88] Statistics initialized [enabled=false]
2023-11-24 12:36:41,808 TRACE o.h.i.SessionImpl [SessionImpl.java:262] Opened Session [a2bf675e-f7fe-4290-8907-a344a9dfcc31] at timestamp: 1700825801808
2023-11-24 12:36:41,808 TRACE o.h.i.SessionImpl [SessionImpl.java:402] Closing session [a2bf675e-f7fe-4290-8907-a344a9dfcc31]
2023-11-24 12:36:41,808 TRACE o.h.e.j.i.JdbcCoordinatorImpl [JdbcCoordinatorImpl.java:152] Closing JDBC container [org.hibernate.engine.jdbc.internal.JdbcCoordinatorImpl@2d9a40c5]
2023-11-24 12:36:41,809 TRACE o.h.r.j.i.ResourceRegistryStandardImpl [ResourceRegistryStandardImpl.java:329] Releasing JDBC resources
2023-11-24 12:36:41,809 TRACE o.h.r.j.i.LogicalConnectionManagedImpl [LogicalConnectionManagedImpl.java:256] Closing logical connection
2023-11-24 12:36:41,809 TRACE o.h.r.j.i.LogicalConnectionManagedImpl [LogicalConnectionManagedImpl.java:263] Logical connection closed
2023-11-24 12:36:41,820 TRACE o.h.i.SessionFactoryImpl$SessionBuilderImpl [SessionFactoryImpl.java:1298] Opening Hibernate Session.  tenant=null
2023-11-24 12:36:41,821 TRACE o.h.i.SessionImpl [SessionImpl.java:262] Opened Session [87487821-f596-4eb9-85ba-76fcaf30e36f] at timestamp: 1700825801821
2023-11-24 12:36:41,821 TRACE o.h.i.SessionImpl [SessionImpl.java:402] Closing session [87487821-f596-4eb9-85ba-76fcaf30e36f]
2023-11-24 12:36:41,821 TRACE o.h.e.j.i.JdbcCoordinatorImpl [JdbcCoordinatorImpl.java:152] Closing JDBC container [org.hibernate.engine.jdbc.internal.JdbcCoordinatorImpl@70606dd5]
2023-11-24 12:36:41,822 TRACE o.h.r.j.i.ResourceRegistryStandardImpl [ResourceRegistryStandardImpl.java:329] Releasing JDBC resources
2023-11-24 12:36:41,822 TRACE o.h.r.j.i.LogicalConnectionManagedImpl [LogicalConnectionManagedImpl.java:256] Closing logical connection
2023-11-24 12:36:41,822 TRACE o.h.r.j.i.LogicalConnectionManagedImpl [LogicalConnectionManagedImpl.java:263] Logical connection closed
2023-11-24 12:36:41,836 TRACE o.h.i.SessionFactoryImpl$SessionBuilderImpl [SessionFactoryImpl.java:1298] Opening Hibernate Session.  tenant=null
2023-11-24 12:36:41,837 TRACE o.h.i.SessionImpl [SessionImpl.java:262] Opened Session [1f0a4543-e9f8-4ec3-8d7d-cfa680129d03] at timestamp: 1700825801837
2023-11-24 12:36:41,837 DEBUG o.h.r.t.b.j.i.JdbcResourceLocalTransactionCoordinatorImpl [JdbcResourceLocalTransactionCoordinatorImpl.java:310] JDBC transaction marked for rollback-only (exception provided for stack trace)
java.lang.Exception: exception just for purpose of providing stack trace
	at org.hibernate.resource.transaction.backend.jdbc.internal.JdbcResourceLocalTransactionCoordinatorImpl$TransactionDriverControlImpl.markRollbackOnly(JdbcResourceLocalTransactionCoordinatorImpl.java:310)
	at org.hibernate.internal.AbstractSharedSessionContract.buildNamedQuery(AbstractSharedSessionContract.java:1021)
	at org.hibernate.internal.AbstractSharedSessionContract.createNamedQuery(AbstractSharedSessionContract.java:899)
	at org.hibernate.internal.AbstractSharedSessionContract.createNamedQuery(AbstractSharedSessionContract.java:120)
	at jdk.internal.reflect.GeneratedMethodAccessor47.invoke(Unknown Source)
	at java.base/jdk.internal.reflect.DelegatingMethodAccessorImpl.invoke(DelegatingMethodAccessorImpl.java:43)
	at java.base/java.lang.reflect.Method.invoke(Method.java:568)
	at org.springframework.orm.jpa.ExtendedEntityManagerCreator$ExtendedEntityManagerInvocationHandler.invoke(ExtendedEntityManagerCreator.java:360)
	at jdk.proxy2/jdk.proxy2.$Proxy191.createNamedQuery(Unknown Source)
	at org.springframework.data.jpa.repository.query.NamedQuery.hasNamedQuery(NamedQuery.java:113)
	at org.springframework.data.jpa.repository.query.NamedQuery.lookupFrom(NamedQuery.java:141)
	at org.springframework.data.jpa.repository.query.JpaQueryLookupStrategy$DeclaredQueryLookupStrategy.resolveQuery(JpaQueryLookupStrategy.java:180)
	at org.springframework.data.jpa.repository.query.JpaQueryLookupStrategy$CreateIfNotFoundQueryLookupStrategy.resolveQuery(JpaQueryLookupStrategy.java:252)
	at org.springframework.data.jpa.repository.query.JpaQueryLookupStrategy$AbstractQueryLookupStrategy.resolveQuery(JpaQueryLookupStrategy.java:95)
	at org.springframework.data.repository.core.support.QueryExecutorMethodInterceptor.lookupQuery(QueryExecutorMethodInterceptor.java:111)
	at org.springframework.data.repository.core.support.QueryExecutorMethodInterceptor.mapMethodsToQuery(QueryExecutorMethodInterceptor.java:99)
	at org.springframework.data.repository.core.support.QueryExecutorMethodInterceptor.lambda$new$0(QueryExecutorMethodInterceptor.java:88)
	at java.base/java.util.Optional.map(Optional.java:260)
	at org.springframework.data.repository.core.support.QueryExecutorMethodInterceptor.<init>(QueryExecutorMethodInterceptor.java:88)
	at org.springframework.data.repository.core.support.RepositoryFactorySupport.getRepository(RepositoryFactorySupport.java:357)
	at org.springframework.data.repository.core.support.RepositoryFactoryBeanSupport.lambda$afterPropertiesSet$5(RepositoryFactoryBeanSupport.java:279)
	at org.springframework.data.util.Lazy.getNullable(Lazy.java:245)
	at org.springframework.data.util.Lazy.get(Lazy.java:114)
	at org.springframework.data.repository.core.support.RepositoryFactoryBeanSupport.afterPropertiesSet(RepositoryFactoryBeanSupport.java:285)
	at org.springframework.data.jpa.repository.support.JpaRepositoryFactoryBean.afterPropertiesSet(JpaRepositoryFactoryBean.java:132)
	at org.springframework.beans.factory.support.AbstractAutowireCapableBeanFactory.invokeInitMethods(AbstractAutowireCapableBeanFactory.java:1817)
	at org.springframework.beans.factory.support.AbstractAutowireCapableBeanFactory.initializeBean(AbstractAutowireCapableBeanFactory.java:1766)
	at org.springframework.beans.factory.support.AbstractAutowireCapableBeanFactory.doCreateBean(AbstractAutowireCapableBeanFactory.java:598)
	at org.springframework.beans.factory.support.AbstractAutowireCapableBeanFactory.createBean(AbstractAutowireCapableBeanFactory.java:520)
	at org.springframework.beans.factory.support.AbstractBeanFactory.lambda$doGetBean$0(AbstractBeanFactory.java:325)
	at org.springframework.beans.factory.support.DefaultSingletonBeanRegistry.getSingleton(DefaultSingletonBeanRegistry.java:234)
	at org.springframework.beans.factory.support.AbstractBeanFactory.doGetBean(AbstractBeanFactory.java:323)
	at org.springframework.beans.factory.support.AbstractBeanFactory.getBean(AbstractBeanFactory.java:199)
	at org.springframework.beans.factory.config.DependencyDescriptor.resolveCandidate(DependencyDescriptor.java:254)
	at org.springframework.beans.factory.support.DefaultListableBeanFactory.doResolveDependency(DefaultListableBeanFactory.java:1417)
	at org.springframework.beans.factory.support.DefaultListableBeanFactory.resolveDependency(DefaultListableBeanFactory.java:1337)
	at org.springframework.beans.factory.annotation.AutowiredAnnotationBeanPostProcessor$AutowiredFieldElement.resolveFieldValue(AutowiredAnnotationBeanPostProcessor.java:764)
	at org.springframework.beans.factory.annotation.AutowiredAnnotationBeanPostProcessor$AutowiredFieldElement.inject(AutowiredAnnotationBeanPostProcessor.java:747)
	at org.springframework.beans.factory.annotation.InjectionMetadata.inject(InjectionMetadata.java:145)
	at org.springframework.beans.factory.annotation.AutowiredAnnotationBeanPostProcessor.postProcessProperties(AutowiredAnnotationBeanPostProcessor.java:492)
	at org.springframework.beans.factory.support.AbstractAutowireCapableBeanFactory.populateBean(AbstractAutowireCapableBeanFactory.java:1416)
	at org.springframework.beans.factory.support.AbstractAutowireCapableBeanFactory.doCreateBean(AbstractAutowireCapableBeanFactory.java:597)
	at org.springframework.beans.factory.support.AbstractAutowireCapableBeanFactory.createBean(AbstractAutowireCapableBeanFactory.java:520)
	at org.springframework.beans.factory.support.AbstractBeanFactory.lambda$doGetBean$0(AbstractBeanFactory.java:325)
	at org.springframework.beans.factory.support.DefaultSingletonBeanRegistry.getSingleton(DefaultSingletonBeanRegistry.java:234)
	at org.springframework.beans.factory.support.AbstractBeanFactory.doGetBean(AbstractBeanFactory.java:323)
	at org.springframework.beans.factory.support.AbstractBeanFactory.getBean(AbstractBeanFactory.java:199)
	at org.springframework.beans.factory.config.DependencyDescriptor.resolveCandidate(DependencyDescriptor.java:254)
	at org.springframework.beans.factory.support.DefaultListableBeanFactory.doResolveDependency(DefaultListableBeanFactory.java:1417)
	at org.springframework.beans.factory.support.DefaultListableBeanFactory.resolveDependency(DefaultListableBeanFactory.java:1337)
	at org.springframework.beans.factory.annotation.AutowiredAnnotationBeanPostProcessor$AutowiredFieldElement.resolveFieldValue(AutowiredAnnotationBeanPostProcessor.java:764)
	at org.springframework.beans.factory.annotation.AutowiredAnnotationBeanPostProcessor$AutowiredFieldElement.inject(AutowiredAnnotationBeanPostProcessor.java:747)
	at org.springframework.beans.factory.annotation.InjectionMetadata.inject(InjectionMetadata.java:145)
	at org.springframework.beans.factory.annotation.AutowiredAnnotationBeanPostProcessor.postProcessProperties(AutowiredAnnotationBeanPostProcessor.java:492)
	at org.springframework.beans.factory.support.AbstractAutowireCapableBeanFactory.populateBean(AbstractAutowireCapableBeanFactory.java:1416)
	at org.springframework.beans.factory.support.AbstractAutowireCapableBeanFactory.doCreateBean(AbstractAutowireCapableBeanFactory.java:597)
	at org.springframework.beans.factory.support.AbstractAutowireCapableBeanFactory.createBean(AbstractAutowireCapableBeanFactory.java:520)
	at org.springframework.beans.factory.support.AbstractBeanFactory.lambda$doGetBean$0(AbstractBeanFactory.java:325)
	at org.springframework.beans.factory.support.DefaultSingletonBeanRegistry.getSingleton(DefaultSingletonBeanRegistry.java:234)
	at org.springframework.beans.factory.support.AbstractBeanFactory.doGetBean(AbstractBeanFactory.java:323)
	at org.springframework.beans.factory.support.AbstractBeanFactory.getBean(AbstractBeanFactory.java:199)
	at org.springframework.beans.factory.support.DefaultListableBeanFactory.preInstantiateSingletons(DefaultListableBeanFactory.java:973)
	at org.springframework.context.support.AbstractApplicationContext.finishBeanFactoryInitialization(AbstractApplicationContext.java:950)
	at org.springframework.context.support.AbstractApplicationContext.refresh(AbstractApplicationContext.java:616)
	at org.springframework.boot.SpringApplication.refresh(SpringApplication.java:738)
	at org.springframework.boot.SpringApplication.refreshContext(SpringApplication.java:440)
	at org.springframework.boot.SpringApplication.run(SpringApplication.java:316)
	at org.springframework.boot.test.context.SpringBootContextLoader.lambda$loadContext$3(SpringBootContextLoader.java:137)
	at org.springframework.util.function.ThrowingSupplier.get(ThrowingSupplier.java:58)
	at org.springframework.util.function.ThrowingSupplier.get(ThrowingSupplier.java:46)
	at org.springframework.boot.SpringApplication.withHook(SpringApplication.java:1406)
	at org.springframework.boot.test.context.SpringBootContextLoader$ContextLoaderHook.run(SpringBootContextLoader.java:545)
	at org.springframework.boot.test.context.SpringBootContextLoader.loadContext(SpringBootContextLoader.java:137)
	at org.springframework.boot.test.context.SpringBootContextLoader.loadContext(SpringBootContextLoader.java:108)
	at org.springframework.test.context.cache.DefaultCacheAwareContextLoaderDelegate.loadContextInternal(DefaultCacheAwareContextLoaderDelegate.java:187)
	at org.springframework.test.context.cache.DefaultCacheAwareContextLoaderDelegate.loadContext(DefaultCacheAwareContextLoaderDelegate.java:119)
	at org.springframework.test.context.support.DefaultTestContext.getApplicationContext(DefaultTestContext.java:127)
	at org.springframework.test.context.web.ServletTestExecutionListener.setUpRequestContextIfNecessary(ServletTestExecutionListener.java:191)
	at org.springframework.test.context.web.ServletTestExecutionListener.prepareTestInstance(ServletTestExecutionListener.java:130)
	at org.springframework.test.context.TestContextManager.prepareTestInstance(TestContextManager.java:241)
	at org.springframework.test.context.junit.jupiter.SpringExtension.postProcessTestInstance(SpringExtension.java:138)
	at org.junit.jupiter.engine.descriptor.ClassBasedTestDescriptor.lambda$invokeTestInstancePostProcessors$10(ClassBasedTestDescriptor.java:377)
	at org.junit.jupiter.engine.descriptor.ClassBasedTestDescriptor.executeAndMaskThrowable(ClassBasedTestDescriptor.java:382)
	at org.junit.jupiter.engine.descriptor.ClassBasedTestDescriptor.lambda$invokeTestInstancePostProcessors$11(ClassBasedTestDescriptor.java:377)
	at java.base/java.util.stream.ReferencePipeline$3$1.accept(ReferencePipeline.java:197)
	at java.base/java.util.stream.ReferencePipeline$2$1.accept(ReferencePipeline.java:179)
	at java.base/java.util.ArrayList$ArrayListSpliterator.forEachRemaining(ArrayList.java:1625)
	at java.base/java.util.stream.AbstractPipeline.copyInto(AbstractPipeline.java:509)
	at java.base/java.util.stream.AbstractPipeline.wrapAndCopyInto(AbstractPipeline.java:499)
	at java.base/java.util.stream.StreamSpliterators$WrappingSpliterator.forEachRemaining(StreamSpliterators.java:310)
	at java.base/java.util.stream.Streams$ConcatSpliterator.forEachRemaining(Streams.java:735)
	at java.base/java.util.stream.Streams$ConcatSpliterator.forEachRemaining(Streams.java:734)
	at java.base/java.util.stream.ReferencePipeline$Head.forEach(ReferencePipeline.java:762)
	at org.junit.jupiter.engine.descriptor.ClassBasedTestDescriptor.invokeTestInstancePostProcessors(ClassBasedTestDescriptor.java:376)
	at org.junit.jupiter.engine.descriptor.ClassBasedTestDescriptor.lambda$instantiateAndPostProcessTestInstance$6(ClassBasedTestDescriptor.java:289)
	at org.junit.platform.engine.support.hierarchical.ThrowableCollector.execute(ThrowableCollector.java:73)
	at org.junit.jupiter.engine.descriptor.ClassBasedTestDescriptor.instantiateAndPostProcessTestInstance(ClassBasedTestDescriptor.java:288)
	at org.junit.jupiter.engine.descriptor.ClassBasedTestDescriptor.lambda$testInstancesProvider$4(ClassBasedTestDescriptor.java:278)
	at java.base/java.util.Optional.orElseGet(Optional.java:364)
	at org.junit.jupiter.engine.descriptor.ClassBasedTestDescriptor.lambda$testInstancesProvider$5(ClassBasedTestDescriptor.java:277)
	at org.junit.jupiter.engine.execution.TestInstancesProvider.getTestInstances(TestInstancesProvider.java:31)
	at org.junit.jupiter.engine.descriptor.TestMethodTestDescriptor.lambda$prepare$0(TestMethodTestDescriptor.java:105)
	at org.junit.platform.engine.support.hierarchical.ThrowableCollector.execute(ThrowableCollector.java:73)
	at org.junit.jupiter.engine.descriptor.TestMethodTestDescriptor.prepare(TestMethodTestDescriptor.java:104)
	at org.junit.jupiter.engine.descriptor.TestMethodTestDescriptor.prepare(TestMethodTestDescriptor.java:68)
	at org.junit.platform.engine.support.hierarchical.NodeTestTask.lambda$prepare$2(NodeTestTask.java:123)
	at org.junit.platform.engine.support.hierarchical.ThrowableCollector.execute(ThrowableCollector.java:73)
	at org.junit.platform.engine.support.hierarchical.NodeTestTask.prepare(NodeTestTask.java:123)
	at org.junit.platform.engine.support.hierarchical.NodeTestTask.execute(NodeTestTask.java:90)
	at java.base/java.util.ArrayList.forEach(ArrayList.java:1511)
	at org.junit.platform.engine.support.hierarchical.SameThreadHierarchicalTestExecutorService.invokeAll(SameThreadHierarchicalTestExecutorService.java:41)
	at org.junit.platform.engine.support.hierarchical.NodeTestTask.lambda$executeRecursively$6(NodeTestTask.java:155)
	at org.junit.platform.engine.support.hierarchical.ThrowableCollector.execute(ThrowableCollector.java:73)
	at org.junit.platform.engine.support.hierarchical.NodeTestTask.lambda$executeRecursively$8(NodeTestTask.java:141)
	at org.junit.platform.engine.support.hierarchical.Node.around(Node.java:137)
	at org.junit.platform.engine.support.hierarchical.NodeTestTask.lambda$executeRecursively$9(NodeTestTask.java:139)
	at org.junit.platform.engine.support.hierarchical.ThrowableCollector.execute(ThrowableCollector.java:73)
	at org.junit.platform.engine.support.hierarchical.NodeTestTask.executeRecursively(NodeTestTask.java:138)
	at org.junit.platform.engine.support.hierarchical.NodeTestTask.execute(NodeTestTask.java:95)
	at java.base/java.util.ArrayList.forEach(ArrayList.java:1511)
	at org.junit.platform.engine.support.hierarchical.SameThreadHierarchicalTestExecutorService.invokeAll(SameThreadHierarchicalTestExecutorService.java:41)
	at org.junit.platform.engine.support.hierarchical.NodeTestTask.lambda$executeRecursively$6(NodeTestTask.java:155)
	at org.junit.platform.engine.support.hierarchical.ThrowableCollector.execute(ThrowableCollector.java:73)
	at org.junit.platform.engine.support.hierarchical.NodeTestTask.lambda$executeRecursively$8(NodeTestTask.java:141)
	at org.junit.platform.engine.support.hierarchical.Node.around(Node.java:137)
	at org.junit.platform.engine.support.hierarchical.NodeTestTask.lambda$executeRecursively$9(NodeTestTask.java:139)
	at org.junit.platform.engine.support.hierarchical.ThrowableCollector.execute(ThrowableCollector.java:73)
	at org.junit.platform.engine.support.hierarchical.NodeTestTask.executeRecursively(NodeTestTask.java:138)
	at org.junit.platform.engine.support.hierarchical.NodeTestTask.execute(NodeTestTask.java:95)
	at org.junit.platform.engine.support.hierarchical.SameThreadHierarchicalTestExecutorService.submit(SameThreadHierarchicalTestExecutorService.java:35)
	at org.junit.platform.engine.support.hierarchical.HierarchicalTestExecutor.execute(HierarchicalTestExecutor.java:57)
	at org.junit.platform.engine.support.hierarchical.HierarchicalTestEngine.execute(HierarchicalTestEngine.java:54)
	at org.junit.platform.launcher.core.EngineExecutionOrchestrator.execute(EngineExecutionOrchestrator.java:147)
	at org.junit.platform.launcher.core.EngineExecutionOrchestrator.execute(EngineExecutionOrchestrator.java:127)
	at org.junit.platform.launcher.core.EngineExecutionOrchestrator.execute(EngineExecutionOrchestrator.java:90)
	at org.junit.platform.launcher.core.EngineExecutionOrchestrator.lambda$execute$0(EngineExecutionOrchestrator.java:55)
	at org.junit.platform.launcher.core.EngineExecutionOrchestrator.withInterceptedStreams(EngineExecutionOrchestrator.java:102)
	at org.junit.platform.launcher.core.EngineExecutionOrchestrator.execute(EngineExecutionOrchestrator.java:54)
	at org.junit.platform.launcher.core.DefaultLauncher.execute(DefaultLauncher.java:114)
	at org.junit.platform.launcher.core.DefaultLauncher.execute(DefaultLauncher.java:86)
	at org.junit.platform.launcher.core.DefaultLauncherSession$DelegatingLauncher.execute(DefaultLauncherSession.java:86)
	at org.apache.maven.surefire.junitplatform.LazyLauncher.execute(LazyLauncher.java:50)
	at org.apache.maven.surefire.junitplatform.JUnitPlatformProvider.execute(JUnitPlatformProvider.java:184)
	at org.apache.maven.surefire.junitplatform.JUnitPlatformProvider.invokeAllTests(JUnitPlatformProvider.java:148)
	at org.apache.maven.surefire.junitplatform.JUnitPlatformProvider.invoke(JUnitPlatformProvider.java:122)
	at org.apache.maven.surefire.booter.ForkedBooter.runSuitesInProcess(ForkedBooter.java:385)
	at org.apache.maven.surefire.booter.ForkedBooter.execute(ForkedBooter.java:162)
	at org.apache.maven.surefire.booter.ForkedBooter.run(ForkedBooter.java:507)
	at org.apache.maven.surefire.booter.ForkedBooter.main(ForkedBooter.java:495)
2023-11-24 12:36:41,838 TRACE o.h.i.SessionImpl [SessionImpl.java:402] Closing session [1f0a4543-e9f8-4ec3-8d7d-cfa680129d03]
2023-11-24 12:36:41,839 TRACE o.h.e.j.i.JdbcCoordinatorImpl [JdbcCoordinatorImpl.java:152] Closing JDBC container [org.hibernate.engine.jdbc.internal.JdbcCoordinatorImpl@4729f16d]
2023-11-24 12:36:41,839 TRACE o.h.r.j.i.ResourceRegistryStandardImpl [ResourceRegistryStandardImpl.java:329] Releasing JDBC resources
2023-11-24 12:36:41,839 TRACE o.h.r.j.i.LogicalConnectionManagedImpl [LogicalConnectionManagedImpl.java:256] Closing logical connection
2023-11-24 12:36:41,839 TRACE o.h.r.j.i.LogicalConnectionManagedImpl [LogicalConnectionManagedImpl.java:263] Logical connection closed
2023-11-24 12:36:41,840 TRACE o.h.i.SessionFactoryImpl$SessionBuilderImpl [SessionFactoryImpl.java:1298] Opening Hibernate Session.  tenant=null
2023-11-24 12:36:41,840 TRACE o.h.i.SessionImpl [SessionImpl.java:262] Opened Session [7abae5ee-3967-42f7-b92a-08c49d47dcdf] at timestamp: 1700825801840
2023-11-24 12:36:41,840 TRACE o.h.i.SessionImpl [SessionImpl.java:402] Closing session [7abae5ee-3967-42f7-b92a-08c49d47dcdf]
2023-11-24 12:36:41,841 TRACE o.h.e.j.i.JdbcCoordinatorImpl [JdbcCoordinatorImpl.java:152] Closing JDBC container [org.hibernate.engine.jdbc.internal.JdbcCoordinatorImpl@34d42298]
2023-11-24 12:36:41,841 TRACE o.h.r.j.i.ResourceRegistryStandardImpl [ResourceRegistryStandardImpl.java:329] Releasing JDBC resources
2023-11-24 12:36:41,841 TRACE o.h.r.j.i.LogicalConnectionManagedImpl [LogicalConnectionManagedImpl.java:256] Closing logical connection
2023-11-24 12:36:41,841 TRACE o.h.r.j.i.LogicalConnectionManagedImpl [LogicalConnectionManagedImpl.java:263] Logical connection closed
2023-11-24 12:36:41,845 TRACE o.h.i.SessionFactoryImpl$SessionBuilderImpl [SessionFactoryImpl.java:1298] Opening Hibernate Session.  tenant=null
2023-11-24 12:36:41,846 TRACE o.h.i.SessionImpl [SessionImpl.java:262] Opened Session [87e789b8-bad1-46de-a37e-d7e1780f5d0d] at timestamp: 1700825801845
2023-11-24 12:36:41,846 DEBUG o.h.r.t.b.j.i.JdbcResourceLocalTransactionCoordinatorImpl [JdbcResourceLocalTransactionCoordinatorImpl.java:310] JDBC transaction marked for rollback-only (exception provided for stack trace)
java.lang.Exception: exception just for purpose of providing stack trace
	at org.hibernate.resource.transaction.backend.jdbc.internal.JdbcResourceLocalTransactionCoordinatorImpl$TransactionDriverControlImpl.markRollbackOnly(JdbcResourceLocalTransactionCoordinatorImpl.java:310)
	at org.hibernate.internal.AbstractSharedSessionContract.buildNamedQuery(AbstractSharedSessionContract.java:1021)
	at org.hibernate.internal.AbstractSharedSessionContract.createNamedQuery(AbstractSharedSessionContract.java:899)
	at org.hibernate.internal.AbstractSharedSessionContract.createNamedQuery(AbstractSharedSessionContract.java:120)
	at jdk.internal.reflect.GeneratedMethodAccessor47.invoke(Unknown Source)
	at java.base/jdk.internal.reflect.DelegatingMethodAccessorImpl.invoke(DelegatingMethodAccessorImpl.java:43)
	at java.base/java.lang.reflect.Method.invoke(Method.java:568)
	at org.springframework.orm.jpa.ExtendedEntityManagerCreator$ExtendedEntityManagerInvocationHandler.invoke(ExtendedEntityManagerCreator.java:360)
	at jdk.proxy2/jdk.proxy2.$Proxy191.createNamedQuery(Unknown Source)
	at org.springframework.data.jpa.repository.query.NamedQuery.hasNamedQuery(NamedQuery.java:113)
	at org.springframework.data.jpa.repository.query.JpaQueryLookupStrategy$DeclaredQueryLookupStrategy.getCountQuery(JpaQueryLookupStrategy.java:204)
	at org.springframework.data.jpa.repository.query.JpaQueryLookupStrategy$DeclaredQueryLookupStrategy.resolveQuery(JpaQueryLookupStrategy.java:171)
	at org.springframework.data.jpa.repository.query.JpaQueryLookupStrategy$CreateIfNotFoundQueryLookupStrategy.resolveQuery(JpaQueryLookupStrategy.java:252)
	at org.springframework.data.jpa.repository.query.JpaQueryLookupStrategy$AbstractQueryLookupStrategy.resolveQuery(JpaQueryLookupStrategy.java:95)
	at org.springframework.data.repository.core.support.QueryExecutorMethodInterceptor.lookupQuery(QueryExecutorMethodInterceptor.java:111)
	at org.springframework.data.repository.core.support.QueryExecutorMethodInterceptor.mapMethodsToQuery(QueryExecutorMethodInterceptor.java:99)
	at org.springframework.data.repository.core.support.QueryExecutorMethodInterceptor.lambda$new$0(QueryExecutorMethodInterceptor.java:88)
	at java.base/java.util.Optional.map(Optional.java:260)
	at org.springframework.data.repository.core.support.QueryExecutorMethodInterceptor.<init>(QueryExecutorMethodInterceptor.java:88)
	at org.springframework.data.repository.core.support.RepositoryFactorySupport.getRepository(RepositoryFactorySupport.java:357)
	at org.springframework.data.repository.core.support.RepositoryFactoryBeanSupport.lambda$afterPropertiesSet$5(RepositoryFactoryBeanSupport.java:279)
	at org.springframework.data.util.Lazy.getNullable(Lazy.java:245)
	at org.springframework.data.util.Lazy.get(Lazy.java:114)
	at org.springframework.data.repository.core.support.RepositoryFactoryBeanSupport.afterPropertiesSet(RepositoryFactoryBeanSupport.java:285)
	at org.springframework.data.jpa.repository.support.JpaRepositoryFactoryBean.afterPropertiesSet(JpaRepositoryFactoryBean.java:132)
	at org.springframework.beans.factory.support.AbstractAutowireCapableBeanFactory.invokeInitMethods(AbstractAutowireCapableBeanFactory.java:1817)
	at org.springframework.beans.factory.support.AbstractAutowireCapableBeanFactory.initializeBean(AbstractAutowireCapableBeanFactory.java:1766)
	at org.springframework.beans.factory.support.AbstractAutowireCapableBeanFactory.doCreateBean(AbstractAutowireCapableBeanFactory.java:598)
	at org.springframework.beans.factory.support.AbstractAutowireCapableBeanFactory.createBean(AbstractAutowireCapableBeanFactory.java:520)
	at org.springframework.beans.factory.support.AbstractBeanFactory.lambda$doGetBean$0(AbstractBeanFactory.java:325)
	at org.springframework.beans.factory.support.DefaultSingletonBeanRegistry.getSingleton(DefaultSingletonBeanRegistry.java:234)
	at org.springframework.beans.factory.support.AbstractBeanFactory.doGetBean(AbstractBeanFactory.java:323)
	at org.springframework.beans.factory.support.AbstractBeanFactory.getBean(AbstractBeanFactory.java:199)
	at org.springframework.beans.factory.config.DependencyDescriptor.resolveCandidate(DependencyDescriptor.java:254)
	at org.springframework.beans.factory.support.DefaultListableBeanFactory.doResolveDependency(DefaultListableBeanFactory.java:1417)
	at org.springframework.beans.factory.support.DefaultListableBeanFactory.resolveDependency(DefaultListableBeanFactory.java:1337)
	at org.springframework.beans.factory.annotation.AutowiredAnnotationBeanPostProcessor$AutowiredFieldElement.resolveFieldValue(AutowiredAnnotationBeanPostProcessor.java:764)
	at org.springframework.beans.factory.annotation.AutowiredAnnotationBeanPostProcessor$AutowiredFieldElement.inject(AutowiredAnnotationBeanPostProcessor.java:747)
	at org.springframework.beans.factory.annotation.InjectionMetadata.inject(InjectionMetadata.java:145)
	at org.springframework.beans.factory.annotation.AutowiredAnnotationBeanPostProcessor.postProcessProperties(AutowiredAnnotationBeanPostProcessor.java:492)
	at org.springframework.beans.factory.support.AbstractAutowireCapableBeanFactory.populateBean(AbstractAutowireCapableBeanFactory.java:1416)
	at org.springframework.beans.factory.support.AbstractAutowireCapableBeanFactory.doCreateBean(AbstractAutowireCapableBeanFactory.java:597)
	at org.springframework.beans.factory.support.AbstractAutowireCapableBeanFactory.createBean(AbstractAutowireCapableBeanFactory.java:520)
	at org.springframework.beans.factory.support.AbstractBeanFactory.lambda$doGetBean$0(AbstractBeanFactory.java:325)
	at org.springframework.beans.factory.support.DefaultSingletonBeanRegistry.getSingleton(DefaultSingletonBeanRegistry.java:234)
	at org.springframework.beans.factory.support.AbstractBeanFactory.doGetBean(AbstractBeanFactory.java:323)
	at org.springframework.beans.factory.support.AbstractBeanFactory.getBean(AbstractBeanFactory.java:199)
	at org.springframework.beans.factory.config.DependencyDescriptor.resolveCandidate(DependencyDescriptor.java:254)
	at org.springframework.beans.factory.support.DefaultListableBeanFactory.doResolveDependency(DefaultListableBeanFactory.java:1417)
	at org.springframework.beans.factory.support.DefaultListableBeanFactory.resolveDependency(DefaultListableBeanFactory.java:1337)
	at org.springframework.beans.factory.annotation.AutowiredAnnotationBeanPostProcessor$AutowiredFieldElement.resolveFieldValue(AutowiredAnnotationBeanPostProcessor.java:764)
	at org.springframework.beans.factory.annotation.AutowiredAnnotationBeanPostProcessor$AutowiredFieldElement.inject(AutowiredAnnotationBeanPostProcessor.java:747)
	at org.springframework.beans.factory.annotation.InjectionMetadata.inject(InjectionMetadata.java:145)
	at org.springframework.beans.factory.annotation.AutowiredAnnotationBeanPostProcessor.postProcessProperties(AutowiredAnnotationBeanPostProcessor.java:492)
	at org.springframework.beans.factory.support.AbstractAutowireCapableBeanFactory.populateBean(AbstractAutowireCapableBeanFactory.java:1416)
	at org.springframework.beans.factory.support.AbstractAutowireCapableBeanFactory.doCreateBean(AbstractAutowireCapableBeanFactory.java:597)
	at org.springframework.beans.factory.support.AbstractAutowireCapableBeanFactory.createBean(AbstractAutowireCapableBeanFactory.java:520)
	at org.springframework.beans.factory.support.AbstractBeanFactory.lambda$doGetBean$0(AbstractBeanFactory.java:325)
	at org.springframework.beans.factory.support.DefaultSingletonBeanRegistry.getSingleton(DefaultSingletonBeanRegistry.java:234)
	at org.springframework.beans.factory.support.AbstractBeanFactory.doGetBean(AbstractBeanFactory.java:323)
	at org.springframework.beans.factory.support.AbstractBeanFactory.getBean(AbstractBeanFactory.java:199)
	at org.springframework.beans.factory.support.DefaultListableBeanFactory.preInstantiateSingletons(DefaultListableBeanFactory.java:973)
	at org.springframework.context.support.AbstractApplicationContext.finishBeanFactoryInitialization(AbstractApplicationContext.java:950)
	at org.springframework.context.support.AbstractApplicationContext.refresh(AbstractApplicationContext.java:616)
	at org.springframework.boot.SpringApplication.refresh(SpringApplication.java:738)
	at org.springframework.boot.SpringApplication.refreshContext(SpringApplication.java:440)
	at org.springframework.boot.SpringApplication.run(SpringApplication.java:316)
	at org.springframework.boot.test.context.SpringBootContextLoader.lambda$loadContext$3(SpringBootContextLoader.java:137)
	at org.springframework.util.function.ThrowingSupplier.get(ThrowingSupplier.java:58)
	at org.springframework.util.function.ThrowingSupplier.get(ThrowingSupplier.java:46)
	at org.springframework.boot.SpringApplication.withHook(SpringApplication.java:1406)
	at org.springframework.boot.test.context.SpringBootContextLoader$ContextLoaderHook.run(SpringBootContextLoader.java:545)
	at org.springframework.boot.test.context.SpringBootContextLoader.loadContext(SpringBootContextLoader.java:137)
	at org.springframework.boot.test.context.SpringBootContextLoader.loadContext(SpringBootContextLoader.java:108)
	at org.springframework.test.context.cache.DefaultCacheAwareContextLoaderDelegate.loadContextInternal(DefaultCacheAwareContextLoaderDelegate.java:187)
	at org.springframework.test.context.cache.DefaultCacheAwareContextLoaderDelegate.loadContext(DefaultCacheAwareContextLoaderDelegate.java:119)
	at org.springframework.test.context.support.DefaultTestContext.getApplicationContext(DefaultTestContext.java:127)
	at org.springframework.test.context.web.ServletTestExecutionListener.setUpRequestContextIfNecessary(ServletTestExecutionListener.java:191)
	at org.springframework.test.context.web.ServletTestExecutionListener.prepareTestInstance(ServletTestExecutionListener.java:130)
	at org.springframework.test.context.TestContextManager.prepareTestInstance(TestContextManager.java:241)
	at org.springframework.test.context.junit.jupiter.SpringExtension.postProcessTestInstance(SpringExtension.java:138)
	at org.junit.jupiter.engine.descriptor.ClassBasedTestDescriptor.lambda$invokeTestInstancePostProcessors$10(ClassBasedTestDescriptor.java:377)
	at org.junit.jupiter.engine.descriptor.ClassBasedTestDescriptor.executeAndMaskThrowable(ClassBasedTestDescriptor.java:382)
	at org.junit.jupiter.engine.descriptor.ClassBasedTestDescriptor.lambda$invokeTestInstancePostProcessors$11(ClassBasedTestDescriptor.java:377)
	at java.base/java.util.stream.ReferencePipeline$3$1.accept(ReferencePipeline.java:197)
	at java.base/java.util.stream.ReferencePipeline$2$1.accept(ReferencePipeline.java:179)
	at java.base/java.util.ArrayList$ArrayListSpliterator.forEachRemaining(ArrayList.java:1625)
	at java.base/java.util.stream.AbstractPipeline.copyInto(AbstractPipeline.java:509)
	at java.base/java.util.stream.AbstractPipeline.wrapAndCopyInto(AbstractPipeline.java:499)
	at java.base/java.util.stream.StreamSpliterators$WrappingSpliterator.forEachRemaining(StreamSpliterators.java:310)
	at java.base/java.util.stream.Streams$ConcatSpliterator.forEachRemaining(Streams.java:735)
	at java.base/java.util.stream.Streams$ConcatSpliterator.forEachRemaining(Streams.java:734)
	at java.base/java.util.stream.ReferencePipeline$Head.forEach(ReferencePipeline.java:762)
	at org.junit.jupiter.engine.descriptor.ClassBasedTestDescriptor.invokeTestInstancePostProcessors(ClassBasedTestDescriptor.java:376)
	at org.junit.jupiter.engine.descriptor.ClassBasedTestDescriptor.lambda$instantiateAndPostProcessTestInstance$6(ClassBasedTestDescriptor.java:289)
	at org.junit.platform.engine.support.hierarchical.ThrowableCollector.execute(ThrowableCollector.java:73)
	at org.junit.jupiter.engine.descriptor.ClassBasedTestDescriptor.instantiateAndPostProcessTestInstance(ClassBasedTestDescriptor.java:288)
	at org.junit.jupiter.engine.descriptor.ClassBasedTestDescriptor.lambda$testInstancesProvider$4(ClassBasedTestDescriptor.java:278)
	at java.base/java.util.Optional.orElseGet(Optional.java:364)
	at org.junit.jupiter.engine.descriptor.ClassBasedTestDescriptor.lambda$testInstancesProvider$5(ClassBasedTestDescriptor.java:277)
	at org.junit.jupiter.engine.execution.TestInstancesProvider.getTestInstances(TestInstancesProvider.java:31)
	at org.junit.jupiter.engine.descriptor.TestMethodTestDescriptor.lambda$prepare$0(TestMethodTestDescriptor.java:105)
	at org.junit.platform.engine.support.hierarchical.ThrowableCollector.execute(ThrowableCollector.java:73)
	at org.junit.jupiter.engine.descriptor.TestMethodTestDescriptor.prepare(TestMethodTestDescriptor.java:104)
	at org.junit.jupiter.engine.descriptor.TestMethodTestDescriptor.prepare(TestMethodTestDescriptor.java:68)
	at org.junit.platform.engine.support.hierarchical.NodeTestTask.lambda$prepare$2(NodeTestTask.java:123)
	at org.junit.platform.engine.support.hierarchical.ThrowableCollector.execute(ThrowableCollector.java:73)
	at org.junit.platform.engine.support.hierarchical.NodeTestTask.prepare(NodeTestTask.java:123)
	at org.junit.platform.engine.support.hierarchical.NodeTestTask.execute(NodeTestTask.java:90)
	at java.base/java.util.ArrayList.forEach(ArrayList.java:1511)
	at org.junit.platform.engine.support.hierarchical.SameThreadHierarchicalTestExecutorService.invokeAll(SameThreadHierarchicalTestExecutorService.java:41)
	at org.junit.platform.engine.support.hierarchical.NodeTestTask.lambda$executeRecursively$6(NodeTestTask.java:155)
	at org.junit.platform.engine.support.hierarchical.ThrowableCollector.execute(ThrowableCollector.java:73)
	at org.junit.platform.engine.support.hierarchical.NodeTestTask.lambda$executeRecursively$8(NodeTestTask.java:141)
	at org.junit.platform.engine.support.hierarchical.Node.around(Node.java:137)
	at org.junit.platform.engine.support.hierarchical.NodeTestTask.lambda$executeRecursively$9(NodeTestTask.java:139)
	at org.junit.platform.engine.support.hierarchical.ThrowableCollector.execute(ThrowableCollector.java:73)
	at org.junit.platform.engine.support.hierarchical.NodeTestTask.executeRecursively(NodeTestTask.java:138)
	at org.junit.platform.engine.support.hierarchical.NodeTestTask.execute(NodeTestTask.java:95)
	at java.base/java.util.ArrayList.forEach(ArrayList.java:1511)
	at org.junit.platform.engine.support.hierarchical.SameThreadHierarchicalTestExecutorService.invokeAll(SameThreadHierarchicalTestExecutorService.java:41)
	at org.junit.platform.engine.support.hierarchical.NodeTestTask.lambda$executeRecursively$6(NodeTestTask.java:155)
	at org.junit.platform.engine.support.hierarchical.ThrowableCollector.execute(ThrowableCollector.java:73)
	at org.junit.platform.engine.support.hierarchical.NodeTestTask.lambda$executeRecursively$8(NodeTestTask.java:141)
	at org.junit.platform.engine.support.hierarchical.Node.around(Node.java:137)
	at org.junit.platform.engine.support.hierarchical.NodeTestTask.lambda$executeRecursively$9(NodeTestTask.java:139)
	at org.junit.platform.engine.support.hierarchical.ThrowableCollector.execute(ThrowableCollector.java:73)
	at org.junit.platform.engine.support.hierarchical.NodeTestTask.executeRecursively(NodeTestTask.java:138)
	at org.junit.platform.engine.support.hierarchical.NodeTestTask.execute(NodeTestTask.java:95)
	at org.junit.platform.engine.support.hierarchical.SameThreadHierarchicalTestExecutorService.submit(SameThreadHierarchicalTestExecutorService.java:35)
	at org.junit.platform.engine.support.hierarchical.HierarchicalTestExecutor.execute(HierarchicalTestExecutor.java:57)
	at org.junit.platform.engine.support.hierarchical.HierarchicalTestEngine.execute(HierarchicalTestEngine.java:54)
	at org.junit.platform.launcher.core.EngineExecutionOrchestrator.execute(EngineExecutionOrchestrator.java:147)
	at org.junit.platform.launcher.core.EngineExecutionOrchestrator.execute(EngineExecutionOrchestrator.java:127)
	at org.junit.platform.launcher.core.EngineExecutionOrchestrator.execute(EngineExecutionOrchestrator.java:90)
	at org.junit.platform.launcher.core.EngineExecutionOrchestrator.lambda$execute$0(EngineExecutionOrchestrator.java:55)
	at org.junit.platform.launcher.core.EngineExecutionOrchestrator.withInterceptedStreams(EngineExecutionOrchestrator.java:102)
	at org.junit.platform.launcher.core.EngineExecutionOrchestrator.execute(EngineExecutionOrchestrator.java:54)
	at org.junit.platform.launcher.core.DefaultLauncher.execute(DefaultLauncher.java:114)
	at org.junit.platform.launcher.core.DefaultLauncher.execute(DefaultLauncher.java:86)
	at org.junit.platform.launcher.core.DefaultLauncherSession$DelegatingLauncher.execute(DefaultLauncherSession.java:86)
	at org.apache.maven.surefire.junitplatform.LazyLauncher.execute(LazyLauncher.java:50)
	at org.apache.maven.surefire.junitplatform.JUnitPlatformProvider.execute(JUnitPlatformProvider.java:184)
	at org.apache.maven.surefire.junitplatform.JUnitPlatformProvider.invokeAllTests(JUnitPlatformProvider.java:148)
	at org.apache.maven.surefire.junitplatform.JUnitPlatformProvider.invoke(JUnitPlatformProvider.java:122)
	at org.apache.maven.surefire.booter.ForkedBooter.runSuitesInProcess(ForkedBooter.java:385)
	at org.apache.maven.surefire.booter.ForkedBooter.execute(ForkedBooter.java:162)
	at org.apache.maven.surefire.booter.ForkedBooter.run(ForkedBooter.java:507)
	at org.apache.maven.surefire.booter.ForkedBooter.main(ForkedBooter.java:495)
2023-11-24 12:36:41,847 TRACE o.h.i.SessionImpl [SessionImpl.java:402] Closing session [87e789b8-bad1-46de-a37e-d7e1780f5d0d]
2023-11-24 12:36:41,847 TRACE o.h.e.j.i.JdbcCoordinatorImpl [JdbcCoordinatorImpl.java:152] Closing JDBC container [org.hibernate.engine.jdbc.internal.JdbcCoordinatorImpl@31f2cfe8]
2023-11-24 12:36:41,848 TRACE o.h.r.j.i.ResourceRegistryStandardImpl [ResourceRegistryStandardImpl.java:329] Releasing JDBC resources
2023-11-24 12:36:41,848 TRACE o.h.r.j.i.LogicalConnectionManagedImpl [LogicalConnectionManagedImpl.java:256] Closing logical connection
2023-11-24 12:36:41,848 TRACE o.h.r.j.i.LogicalConnectionManagedImpl [LogicalConnectionManagedImpl.java:263] Logical connection closed
2023-11-24 12:36:41,848 TRACE o.h.i.SessionFactoryImpl$SessionBuilderImpl [SessionFactoryImpl.java:1298] Opening Hibernate Session.  tenant=null
2023-11-24 12:36:41,849 TRACE o.h.i.SessionImpl [SessionImpl.java:262] Opened Session [9ddf32d4-f2c2-4d32-b8c5-bc9722c94d96] at timestamp: 1700825801849
2023-11-24 12:36:41,849 TRACE o.h.i.SessionImpl [SessionImpl.java:402] Closing session [9ddf32d4-f2c2-4d32-b8c5-bc9722c94d96]
2023-11-24 12:36:41,849 TRACE o.h.e.j.i.JdbcCoordinatorImpl [JdbcCoordinatorImpl.java:152] Closing JDBC container [org.hibernate.engine.jdbc.internal.JdbcCoordinatorImpl@7b22c15a]
2023-11-24 12:36:41,850 TRACE o.h.r.j.i.ResourceRegistryStandardImpl [ResourceRegistryStandardImpl.java:329] Releasing JDBC resources
2023-11-24 12:36:41,850 TRACE o.h.r.j.i.LogicalConnectionManagedImpl [LogicalConnectionManagedImpl.java:256] Closing logical connection
2023-11-24 12:36:41,850 TRACE o.h.r.j.i.LogicalConnectionManagedImpl [LogicalConnectionManagedImpl.java:263] Logical connection closed
2023-11-24 12:36:41,851 TRACE o.h.i.SessionFactoryImpl$SessionBuilderImpl [SessionFactoryImpl.java:1298] Opening Hibernate Session.  tenant=null
2023-11-24 12:36:41,852 TRACE o.h.i.SessionImpl [SessionImpl.java:262] Opened Session [e18b981d-8bc0-47c1-a8e4-9a5be03ba9f4] at timestamp: 1700825801852
2023-11-24 12:36:41,852 TRACE o.h.o.q.p.cache [QueryInterpretationCacheStandardImpl.java:121] QueryPlan#resolveHqlInterpretation( `UPDATE User SET enabled = :enabled WHERE id = :id` )
2023-11-24 12:36:41,853 DEBUG o.h.o.q.hql [StandardHqlTranslator.java:75] HQL : UPDATE User SET enabled = :enabled WHERE id = :id
2023-11-24 12:36:41,853 DEBUG o.h.o.q.h.reservedWordAsIdentifier [HqlParseTreeBuilder.java:43] Encountered use of reserved word as identifier : =
2023-11-24 12:36:41,854 DEBUG o.h.o.q.h.reservedWordAsIdentifier [HqlParseTreeBuilder.java:43] Encountered use of reserved word as identifier : <EOF>
2023-11-24 12:36:41,854 TRACE o.h.o.q.s.creation [SqmPathRegistryImpl.java:59] SqmProcessingIndex#register(SqmPath) : franco.maurizio.hr.desk.com.persistence.entity.User(961685818073675)
2023-11-24 12:36:41,854 TRACE o.h.o.q.hql [BasicDotIdentifierConsumer.java:83] BasicDotIdentifierHandler#consumeIdentifier( enabled, true, true ) - enabled
2023-11-24 12:36:41,855 TRACE o.h.o.q.hql [BasicDotIdentifierConsumer.java:118] BaseLocalSequencePart#consumeIdentifier( enabled, true, true ) - enabled
2023-11-24 12:36:41,855 DEBUG o.h.o.q.hql [SqmPathRegistryImpl.java:209] Unable to resolve unqualified attribute [enabled] in local from-clause
2023-11-24 12:36:41,855 DEBUG o.h.o.q.s.creation [AbstractSqmExpression.java:57] Applying inferable type to SqmExpression [SqmNamedParameter(enabled)] : null -> BasicSqmPathSource(enabled : Boolean)
2023-11-24 12:36:41,856 TRACE o.h.o.q.hql [BasicDotIdentifierConsumer.java:83] BasicDotIdentifierHandler#consumeIdentifier( id, true, true ) - id
2023-11-24 12:36:41,856 TRACE o.h.o.q.hql [BasicDotIdentifierConsumer.java:118] BaseLocalSequencePart#consumeIdentifier( id, true, true ) - id
2023-11-24 12:36:41,856 DEBUG o.h.o.q.hql [SqmPathRegistryImpl.java:209] Unable to resolve unqualified attribute [id] in local from-clause
2023-11-24 12:36:41,857 DEBUG o.h.o.q.s.creation [AbstractSqmExpression.java:57] Applying inferable type to SqmExpression [SqmNamedParameter(id)] : null -> BasicSqmPathSource(id : Long)
2023-11-24 12:36:41,857 DEBUG o.h.o.q.s.ast [SqmTreePrinter.java:168] SqmStatement Tree :
    -> [update]
      [target = franco.maurizio.hr.desk.com.persistence.entity.User(961685818073675)]
      -> [set]
        -> [assignment]
          =
            [franco.maurizio.hr.desk.com.persistence.entity.User(961685818073675).enabled]
            :enabled
        <- [assignment]
      <- [set]
      -> [where]
        -> [EQUAL]
            -> [basic-path] - `franco.maurizio.hr.desk.com.persistence.entity.User(961685818073675).id`
            :id
        <- [EQUAL]
      <- [where]
    <- [update]

2023-11-24 12:36:41,857 TRACE o.h.i.SessionImpl [SessionImpl.java:402] Closing session [e18b981d-8bc0-47c1-a8e4-9a5be03ba9f4]
2023-11-24 12:36:41,858 TRACE o.h.e.j.i.JdbcCoordinatorImpl [JdbcCoordinatorImpl.java:152] Closing JDBC container [org.hibernate.engine.jdbc.internal.JdbcCoordinatorImpl@64abe992]
2023-11-24 12:36:41,858 TRACE o.h.r.j.i.ResourceRegistryStandardImpl [ResourceRegistryStandardImpl.java:329] Releasing JDBC resources
2023-11-24 12:36:41,858 TRACE o.h.r.j.i.LogicalConnectionManagedImpl [LogicalConnectionManagedImpl.java:256] Closing logical connection
2023-11-24 12:36:41,858 TRACE o.h.r.j.i.LogicalConnectionManagedImpl [LogicalConnectionManagedImpl.java:263] Logical connection closed
2023-11-24 12:36:41,859 TRACE o.h.i.SessionFactoryImpl$SessionBuilderImpl [SessionFactoryImpl.java:1298] Opening Hibernate Session.  tenant=null
2023-11-24 12:36:41,860 TRACE o.h.i.SessionImpl [SessionImpl.java:262] Opened Session [8d01f587-585c-4497-9607-71dcf2d9c287] at timestamp: 1700825801860
2023-11-24 12:36:41,860 DEBUG o.h.r.t.b.j.i.JdbcResourceLocalTransactionCoordinatorImpl [JdbcResourceLocalTransactionCoordinatorImpl.java:310] JDBC transaction marked for rollback-only (exception provided for stack trace)
java.lang.Exception: exception just for purpose of providing stack trace
	at org.hibernate.resource.transaction.backend.jdbc.internal.JdbcResourceLocalTransactionCoordinatorImpl$TransactionDriverControlImpl.markRollbackOnly(JdbcResourceLocalTransactionCoordinatorImpl.java:310)
	at org.hibernate.internal.AbstractSharedSessionContract.buildNamedQuery(AbstractSharedSessionContract.java:1021)
	at org.hibernate.internal.AbstractSharedSessionContract.createNamedQuery(AbstractSharedSessionContract.java:899)
	at org.hibernate.internal.AbstractSharedSessionContract.createNamedQuery(AbstractSharedSessionContract.java:120)
	at jdk.internal.reflect.GeneratedMethodAccessor47.invoke(Unknown Source)
	at java.base/jdk.internal.reflect.DelegatingMethodAccessorImpl.invoke(DelegatingMethodAccessorImpl.java:43)
	at java.base/java.lang.reflect.Method.invoke(Method.java:568)
	at org.springframework.orm.jpa.ExtendedEntityManagerCreator$ExtendedEntityManagerInvocationHandler.invoke(ExtendedEntityManagerCreator.java:360)
	at jdk.proxy2/jdk.proxy2.$Proxy191.createNamedQuery(Unknown Source)
	at org.springframework.data.jpa.repository.query.NamedQuery.hasNamedQuery(NamedQuery.java:113)
	at org.springframework.data.jpa.repository.query.NamedQuery.lookupFrom(NamedQuery.java:141)
	at org.springframework.data.jpa.repository.query.JpaQueryLookupStrategy$DeclaredQueryLookupStrategy.resolveQuery(JpaQueryLookupStrategy.java:180)
	at org.springframework.data.jpa.repository.query.JpaQueryLookupStrategy$CreateIfNotFoundQueryLookupStrategy.resolveQuery(JpaQueryLookupStrategy.java:252)
	at org.springframework.data.jpa.repository.query.JpaQueryLookupStrategy$AbstractQueryLookupStrategy.resolveQuery(JpaQueryLookupStrategy.java:95)
	at org.springframework.data.repository.core.support.QueryExecutorMethodInterceptor.lookupQuery(QueryExecutorMethodInterceptor.java:111)
	at org.springframework.data.repository.core.support.QueryExecutorMethodInterceptor.mapMethodsToQuery(QueryExecutorMethodInterceptor.java:99)
	at org.springframework.data.repository.core.support.QueryExecutorMethodInterceptor.lambda$new$0(QueryExecutorMethodInterceptor.java:88)
	at java.base/java.util.Optional.map(Optional.java:260)
	at org.springframework.data.repository.core.support.QueryExecutorMethodInterceptor.<init>(QueryExecutorMethodInterceptor.java:88)
	at org.springframework.data.repository.core.support.RepositoryFactorySupport.getRepository(RepositoryFactorySupport.java:357)
	at org.springframework.data.repository.core.support.RepositoryFactoryBeanSupport.lambda$afterPropertiesSet$5(RepositoryFactoryBeanSupport.java:279)
	at org.springframework.data.util.Lazy.getNullable(Lazy.java:245)
	at org.springframework.data.util.Lazy.get(Lazy.java:114)
	at org.springframework.data.repository.core.support.RepositoryFactoryBeanSupport.afterPropertiesSet(RepositoryFactoryBeanSupport.java:285)
	at org.springframework.data.jpa.repository.support.JpaRepositoryFactoryBean.afterPropertiesSet(JpaRepositoryFactoryBean.java:132)
	at org.springframework.beans.factory.support.AbstractAutowireCapableBeanFactory.invokeInitMethods(AbstractAutowireCapableBeanFactory.java:1817)
	at org.springframework.beans.factory.support.AbstractAutowireCapableBeanFactory.initializeBean(AbstractAutowireCapableBeanFactory.java:1766)
	at org.springframework.beans.factory.support.AbstractAutowireCapableBeanFactory.doCreateBean(AbstractAutowireCapableBeanFactory.java:598)
	at org.springframework.beans.factory.support.AbstractAutowireCapableBeanFactory.createBean(AbstractAutowireCapableBeanFactory.java:520)
	at org.springframework.beans.factory.support.AbstractBeanFactory.lambda$doGetBean$0(AbstractBeanFactory.java:325)
	at org.springframework.beans.factory.support.DefaultSingletonBeanRegistry.getSingleton(DefaultSingletonBeanRegistry.java:234)
	at org.springframework.beans.factory.support.AbstractBeanFactory.doGetBean(AbstractBeanFactory.java:323)
	at org.springframework.beans.factory.support.AbstractBeanFactory.getBean(AbstractBeanFactory.java:199)
	at org.springframework.beans.factory.config.DependencyDescriptor.resolveCandidate(DependencyDescriptor.java:254)
	at org.springframework.beans.factory.support.DefaultListableBeanFactory.doResolveDependency(DefaultListableBeanFactory.java:1417)
	at org.springframework.beans.factory.support.DefaultListableBeanFactory.resolveDependency(DefaultListableBeanFactory.java:1337)
	at org.springframework.beans.factory.annotation.AutowiredAnnotationBeanPostProcessor$AutowiredFieldElement.resolveFieldValue(AutowiredAnnotationBeanPostProcessor.java:764)
	at org.springframework.beans.factory.annotation.AutowiredAnnotationBeanPostProcessor$AutowiredFieldElement.inject(AutowiredAnnotationBeanPostProcessor.java:747)
	at org.springframework.beans.factory.annotation.InjectionMetadata.inject(InjectionMetadata.java:145)
	at org.springframework.beans.factory.annotation.AutowiredAnnotationBeanPostProcessor.postProcessProperties(AutowiredAnnotationBeanPostProcessor.java:492)
	at org.springframework.beans.factory.support.AbstractAutowireCapableBeanFactory.populateBean(AbstractAutowireCapableBeanFactory.java:1416)
	at org.springframework.beans.factory.support.AbstractAutowireCapableBeanFactory.doCreateBean(AbstractAutowireCapableBeanFactory.java:597)
	at org.springframework.beans.factory.support.AbstractAutowireCapableBeanFactory.createBean(AbstractAutowireCapableBeanFactory.java:520)
	at org.springframework.beans.factory.support.AbstractBeanFactory.lambda$doGetBean$0(AbstractBeanFactory.java:325)
	at org.springframework.beans.factory.support.DefaultSingletonBeanRegistry.getSingleton(DefaultSingletonBeanRegistry.java:234)
	at org.springframework.beans.factory.support.AbstractBeanFactory.doGetBean(AbstractBeanFactory.java:323)
	at org.springframework.beans.factory.support.AbstractBeanFactory.getBean(AbstractBeanFactory.java:199)
	at org.springframework.beans.factory.config.DependencyDescriptor.resolveCandidate(DependencyDescriptor.java:254)
	at org.springframework.beans.factory.support.DefaultListableBeanFactory.doResolveDependency(DefaultListableBeanFactory.java:1417)
	at org.springframework.beans.factory.support.DefaultListableBeanFactory.resolveDependency(DefaultListableBeanFactory.java:1337)
	at org.springframework.beans.factory.annotation.AutowiredAnnotationBeanPostProcessor$AutowiredFieldElement.resolveFieldValue(AutowiredAnnotationBeanPostProcessor.java:764)
	at org.springframework.beans.factory.annotation.AutowiredAnnotationBeanPostProcessor$AutowiredFieldElement.inject(AutowiredAnnotationBeanPostProcessor.java:747)
	at org.springframework.beans.factory.annotation.InjectionMetadata.inject(InjectionMetadata.java:145)
	at org.springframework.beans.factory.annotation.AutowiredAnnotationBeanPostProcessor.postProcessProperties(AutowiredAnnotationBeanPostProcessor.java:492)
	at org.springframework.beans.factory.support.AbstractAutowireCapableBeanFactory.populateBean(AbstractAutowireCapableBeanFactory.java:1416)
	at org.springframework.beans.factory.support.AbstractAutowireCapableBeanFactory.doCreateBean(AbstractAutowireCapableBeanFactory.java:597)
	at org.springframework.beans.factory.support.AbstractAutowireCapableBeanFactory.createBean(AbstractAutowireCapableBeanFactory.java:520)
	at org.springframework.beans.factory.support.AbstractBeanFactory.lambda$doGetBean$0(AbstractBeanFactory.java:325)
	at org.springframework.beans.factory.support.DefaultSingletonBeanRegistry.getSingleton(DefaultSingletonBeanRegistry.java:234)
	at org.springframework.beans.factory.support.AbstractBeanFactory.doGetBean(AbstractBeanFactory.java:323)
	at org.springframework.beans.factory.support.AbstractBeanFactory.getBean(AbstractBeanFactory.java:199)
	at org.springframework.beans.factory.support.DefaultListableBeanFactory.preInstantiateSingletons(DefaultListableBeanFactory.java:973)
	at org.springframework.context.support.AbstractApplicationContext.finishBeanFactoryInitialization(AbstractApplicationContext.java:950)
	at org.springframework.context.support.AbstractApplicationContext.refresh(AbstractApplicationContext.java:616)
	at org.springframework.boot.SpringApplication.refresh(SpringApplication.java:738)
	at org.springframework.boot.SpringApplication.refreshContext(SpringApplication.java:440)
	at org.springframework.boot.SpringApplication.run(SpringApplication.java:316)
	at org.springframework.boot.test.context.SpringBootContextLoader.lambda$loadContext$3(SpringBootContextLoader.java:137)
	at org.springframework.util.function.ThrowingSupplier.get(ThrowingSupplier.java:58)
	at org.springframework.util.function.ThrowingSupplier.get(ThrowingSupplier.java:46)
	at org.springframework.boot.SpringApplication.withHook(SpringApplication.java:1406)
	at org.springframework.boot.test.context.SpringBootContextLoader$ContextLoaderHook.run(SpringBootContextLoader.java:545)
	at org.springframework.boot.test.context.SpringBootContextLoader.loadContext(SpringBootContextLoader.java:137)
	at org.springframework.boot.test.context.SpringBootContextLoader.loadContext(SpringBootContextLoader.java:108)
	at org.springframework.test.context.cache.DefaultCacheAwareContextLoaderDelegate.loadContextInternal(DefaultCacheAwareContextLoaderDelegate.java:187)
	at org.springframework.test.context.cache.DefaultCacheAwareContextLoaderDelegate.loadContext(DefaultCacheAwareContextLoaderDelegate.java:119)
	at org.springframework.test.context.support.DefaultTestContext.getApplicationContext(DefaultTestContext.java:127)
	at org.springframework.test.context.web.ServletTestExecutionListener.setUpRequestContextIfNecessary(ServletTestExecutionListener.java:191)
	at org.springframework.test.context.web.ServletTestExecutionListener.prepareTestInstance(ServletTestExecutionListener.java:130)
	at org.springframework.test.context.TestContextManager.prepareTestInstance(TestContextManager.java:241)
	at org.springframework.test.context.junit.jupiter.SpringExtension.postProcessTestInstance(SpringExtension.java:138)
	at org.junit.jupiter.engine.descriptor.ClassBasedTestDescriptor.lambda$invokeTestInstancePostProcessors$10(ClassBasedTestDescriptor.java:377)
	at org.junit.jupiter.engine.descriptor.ClassBasedTestDescriptor.executeAndMaskThrowable(ClassBasedTestDescriptor.java:382)
	at org.junit.jupiter.engine.descriptor.ClassBasedTestDescriptor.lambda$invokeTestInstancePostProcessors$11(ClassBasedTestDescriptor.java:377)
	at java.base/java.util.stream.ReferencePipeline$3$1.accept(ReferencePipeline.java:197)
	at java.base/java.util.stream.ReferencePipeline$2$1.accept(ReferencePipeline.java:179)
	at java.base/java.util.ArrayList$ArrayListSpliterator.forEachRemaining(ArrayList.java:1625)
	at java.base/java.util.stream.AbstractPipeline.copyInto(AbstractPipeline.java:509)
	at java.base/java.util.stream.AbstractPipeline.wrapAndCopyInto(AbstractPipeline.java:499)
	at java.base/java.util.stream.StreamSpliterators$WrappingSpliterator.forEachRemaining(StreamSpliterators.java:310)
	at java.base/java.util.stream.Streams$ConcatSpliterator.forEachRemaining(Streams.java:735)
	at java.base/java.util.stream.Streams$ConcatSpliterator.forEachRemaining(Streams.java:734)
	at java.base/java.util.stream.ReferencePipeline$Head.forEach(ReferencePipeline.java:762)
	at org.junit.jupiter.engine.descriptor.ClassBasedTestDescriptor.invokeTestInstancePostProcessors(ClassBasedTestDescriptor.java:376)
	at org.junit.jupiter.engine.descriptor.ClassBasedTestDescriptor.lambda$instantiateAndPostProcessTestInstance$6(ClassBasedTestDescriptor.java:289)
	at org.junit.platform.engine.support.hierarchical.ThrowableCollector.execute(ThrowableCollector.java:73)
	at org.junit.jupiter.engine.descriptor.ClassBasedTestDescriptor.instantiateAndPostProcessTestInstance(ClassBasedTestDescriptor.java:288)
	at org.junit.jupiter.engine.descriptor.ClassBasedTestDescriptor.lambda$testInstancesProvider$4(ClassBasedTestDescriptor.java:278)
	at java.base/java.util.Optional.orElseGet(Optional.java:364)
	at org.junit.jupiter.engine.descriptor.ClassBasedTestDescriptor.lambda$testInstancesProvider$5(ClassBasedTestDescriptor.java:277)
	at org.junit.jupiter.engine.execution.TestInstancesProvider.getTestInstances(TestInstancesProvider.java:31)
	at org.junit.jupiter.engine.descriptor.TestMethodTestDescriptor.lambda$prepare$0(TestMethodTestDescriptor.java:105)
	at org.junit.platform.engine.support.hierarchical.ThrowableCollector.execute(ThrowableCollector.java:73)
	at org.junit.jupiter.engine.descriptor.TestMethodTestDescriptor.prepare(TestMethodTestDescriptor.java:104)
	at org.junit.jupiter.engine.descriptor.TestMethodTestDescriptor.prepare(TestMethodTestDescriptor.java:68)
	at org.junit.platform.engine.support.hierarchical.NodeTestTask.lambda$prepare$2(NodeTestTask.java:123)
	at org.junit.platform.engine.support.hierarchical.ThrowableCollector.execute(ThrowableCollector.java:73)
	at org.junit.platform.engine.support.hierarchical.NodeTestTask.prepare(NodeTestTask.java:123)
	at org.junit.platform.engine.support.hierarchical.NodeTestTask.execute(NodeTestTask.java:90)
	at java.base/java.util.ArrayList.forEach(ArrayList.java:1511)
	at org.junit.platform.engine.support.hierarchical.SameThreadHierarchicalTestExecutorService.invokeAll(SameThreadHierarchicalTestExecutorService.java:41)
	at org.junit.platform.engine.support.hierarchical.NodeTestTask.lambda$executeRecursively$6(NodeTestTask.java:155)
	at org.junit.platform.engine.support.hierarchical.ThrowableCollector.execute(ThrowableCollector.java:73)
	at org.junit.platform.engine.support.hierarchical.NodeTestTask.lambda$executeRecursively$8(NodeTestTask.java:141)
	at org.junit.platform.engine.support.hierarchical.Node.around(Node.java:137)
	at org.junit.platform.engine.support.hierarchical.NodeTestTask.lambda$executeRecursively$9(NodeTestTask.java:139)
	at org.junit.platform.engine.support.hierarchical.ThrowableCollector.execute(ThrowableCollector.java:73)
	at org.junit.platform.engine.support.hierarchical.NodeTestTask.executeRecursively(NodeTestTask.java:138)
	at org.junit.platform.engine.support.hierarchical.NodeTestTask.execute(NodeTestTask.java:95)
	at java.base/java.util.ArrayList.forEach(ArrayList.java:1511)
	at org.junit.platform.engine.support.hierarchical.SameThreadHierarchicalTestExecutorService.invokeAll(SameThreadHierarchicalTestExecutorService.java:41)
	at org.junit.platform.engine.support.hierarchical.NodeTestTask.lambda$executeRecursively$6(NodeTestTask.java:155)
	at org.junit.platform.engine.support.hierarchical.ThrowableCollector.execute(ThrowableCollector.java:73)
	at org.junit.platform.engine.support.hierarchical.NodeTestTask.lambda$executeRecursively$8(NodeTestTask.java:141)
	at org.junit.platform.engine.support.hierarchical.Node.around(Node.java:137)
	at org.junit.platform.engine.support.hierarchical.NodeTestTask.lambda$executeRecursively$9(NodeTestTask.java:139)
	at org.junit.platform.engine.support.hierarchical.ThrowableCollector.execute(ThrowableCollector.java:73)
	at org.junit.platform.engine.support.hierarchical.NodeTestTask.executeRecursively(NodeTestTask.java:138)
	at org.junit.platform.engine.support.hierarchical.NodeTestTask.execute(NodeTestTask.java:95)
	at org.junit.platform.engine.support.hierarchical.SameThreadHierarchicalTestExecutorService.submit(SameThreadHierarchicalTestExecutorService.java:35)
	at org.junit.platform.engine.support.hierarchical.HierarchicalTestExecutor.execute(HierarchicalTestExecutor.java:57)
	at org.junit.platform.engine.support.hierarchical.HierarchicalTestEngine.execute(HierarchicalTestEngine.java:54)
	at org.junit.platform.launcher.core.EngineExecutionOrchestrator.execute(EngineExecutionOrchestrator.java:147)
	at org.junit.platform.launcher.core.EngineExecutionOrchestrator.execute(EngineExecutionOrchestrator.java:127)
	at org.junit.platform.launcher.core.EngineExecutionOrchestrator.execute(EngineExecutionOrchestrator.java:90)
	at org.junit.platform.launcher.core.EngineExecutionOrchestrator.lambda$execute$0(EngineExecutionOrchestrator.java:55)
	at org.junit.platform.launcher.core.EngineExecutionOrchestrator.withInterceptedStreams(EngineExecutionOrchestrator.java:102)
	at org.junit.platform.launcher.core.EngineExecutionOrchestrator.execute(EngineExecutionOrchestrator.java:54)
	at org.junit.platform.launcher.core.DefaultLauncher.execute(DefaultLauncher.java:114)
	at org.junit.platform.launcher.core.DefaultLauncher.execute(DefaultLauncher.java:86)
	at org.junit.platform.launcher.core.DefaultLauncherSession$DelegatingLauncher.execute(DefaultLauncherSession.java:86)
	at org.apache.maven.surefire.junitplatform.LazyLauncher.execute(LazyLauncher.java:50)
	at org.apache.maven.surefire.junitplatform.JUnitPlatformProvider.execute(JUnitPlatformProvider.java:184)
	at org.apache.maven.surefire.junitplatform.JUnitPlatformProvider.invokeAllTests(JUnitPlatformProvider.java:148)
	at org.apache.maven.surefire.junitplatform.JUnitPlatformProvider.invoke(JUnitPlatformProvider.java:122)
	at org.apache.maven.surefire.booter.ForkedBooter.runSuitesInProcess(ForkedBooter.java:385)
	at org.apache.maven.surefire.booter.ForkedBooter.execute(ForkedBooter.java:162)
	at org.apache.maven.surefire.booter.ForkedBooter.run(ForkedBooter.java:507)
	at org.apache.maven.surefire.booter.ForkedBooter.main(ForkedBooter.java:495)
2023-11-24 12:36:41,861 TRACE o.h.i.SessionImpl [SessionImpl.java:402] Closing session [8d01f587-585c-4497-9607-71dcf2d9c287]
2023-11-24 12:36:41,861 TRACE o.h.e.j.i.JdbcCoordinatorImpl [JdbcCoordinatorImpl.java:152] Closing JDBC container [org.hibernate.engine.jdbc.internal.JdbcCoordinatorImpl@1347eaeb]
2023-11-24 12:36:41,862 TRACE o.h.r.j.i.ResourceRegistryStandardImpl [ResourceRegistryStandardImpl.java:329] Releasing JDBC resources
2023-11-24 12:36:41,862 TRACE o.h.r.j.i.LogicalConnectionManagedImpl [LogicalConnectionManagedImpl.java:256] Closing logical connection
2023-11-24 12:36:41,862 TRACE o.h.r.j.i.LogicalConnectionManagedImpl [LogicalConnectionManagedImpl.java:263] Logical connection closed
2023-11-24 12:36:41,863 TRACE o.h.i.SessionFactoryImpl$SessionBuilderImpl [SessionFactoryImpl.java:1298] Opening Hibernate Session.  tenant=null
2023-11-24 12:36:41,863 TRACE o.h.i.SessionImpl [SessionImpl.java:262] Opened Session [1b4323e6-a55f-4bb6-b1c3-283e0432562f] at timestamp: 1700825801863
2023-11-24 12:36:41,863 TRACE o.h.i.SessionImpl [SessionImpl.java:402] Closing session [1b4323e6-a55f-4bb6-b1c3-283e0432562f]
2023-11-24 12:36:41,864 TRACE o.h.e.j.i.JdbcCoordinatorImpl [JdbcCoordinatorImpl.java:152] Closing JDBC container [org.hibernate.engine.jdbc.internal.JdbcCoordinatorImpl@16c221e4]
2023-11-24 12:36:41,864 TRACE o.h.r.j.i.ResourceRegistryStandardImpl [ResourceRegistryStandardImpl.java:329] Releasing JDBC resources
2023-11-24 12:36:41,864 TRACE o.h.r.j.i.LogicalConnectionManagedImpl [LogicalConnectionManagedImpl.java:256] Closing logical connection
2023-11-24 12:36:41,864 TRACE o.h.r.j.i.LogicalConnectionManagedImpl [LogicalConnectionManagedImpl.java:263] Logical connection closed
2023-11-24 12:36:41,877 INFO f.m.h.d.c.ApplicationSecurityConfig [ApplicationSecurityConfig.java:147] SpringSecurityConfiguration_Database.configureGlobal - START
2023-11-24 12:36:41,890 TRACE o.h.i.SessionFactoryImpl$SessionBuilderImpl [SessionFactoryImpl.java:1298] Opening Hibernate Session.  tenant=null
2023-11-24 12:36:41,891 TRACE o.h.i.SessionImpl [SessionImpl.java:262] Opened Session [debf17ef-c3ee-4416-9b1c-4f7bb3e2fbbb] at timestamp: 1700825801891
2023-11-24 12:36:41,891 TRACE o.h.i.SessionImpl [SessionImpl.java:402] Closing session [debf17ef-c3ee-4416-9b1c-4f7bb3e2fbbb]
2023-11-24 12:36:41,891 TRACE o.h.e.j.i.JdbcCoordinatorImpl [JdbcCoordinatorImpl.java:152] Closing JDBC container [org.hibernate.engine.jdbc.internal.JdbcCoordinatorImpl@31f8177d]
2023-11-24 12:36:41,892 TRACE o.h.r.j.i.ResourceRegistryStandardImpl [ResourceRegistryStandardImpl.java:329] Releasing JDBC resources
2023-11-24 12:36:41,892 TRACE o.h.r.j.i.LogicalConnectionManagedImpl [LogicalConnectionManagedImpl.java:256] Closing logical connection
2023-11-24 12:36:41,892 TRACE o.h.r.j.i.LogicalConnectionManagedImpl [LogicalConnectionManagedImpl.java:263] Logical connection closed
2023-11-24 12:36:41,902 TRACE o.h.i.SessionFactoryImpl$SessionBuilderImpl [SessionFactoryImpl.java:1298] Opening Hibernate Session.  tenant=null
2023-11-24 12:36:41,903 TRACE o.h.i.SessionImpl [SessionImpl.java:262] Opened Session [57685eae-1858-4301-9e10-0d1ff59e1f2c] at timestamp: 1700825801903
2023-11-24 12:36:41,903 TRACE o.h.i.SessionImpl [SessionImpl.java:402] Closing session [57685eae-1858-4301-9e10-0d1ff59e1f2c]
2023-11-24 12:36:41,903 TRACE o.h.e.j.i.JdbcCoordinatorImpl [JdbcCoordinatorImpl.java:152] Closing JDBC container [org.hibernate.engine.jdbc.internal.JdbcCoordinatorImpl@5523fae7]
2023-11-24 12:36:41,903 TRACE o.h.r.j.i.ResourceRegistryStandardImpl [ResourceRegistryStandardImpl.java:329] Releasing JDBC resources
2023-11-24 12:36:41,904 TRACE o.h.r.j.i.LogicalConnectionManagedImpl [LogicalConnectionManagedImpl.java:256] Closing logical connection
2023-11-24 12:36:41,904 TRACE o.h.r.j.i.LogicalConnectionManagedImpl [LogicalConnectionManagedImpl.java:263] Logical connection closed
2023-11-24 12:36:41,954 TRACE o.h.i.SessionFactoryImpl$SessionBuilderImpl [SessionFactoryImpl.java:1298] Opening Hibernate Session.  tenant=null
2023-11-24 12:36:41,955 TRACE o.h.i.SessionImpl [SessionImpl.java:262] Opened Session [d695ea46-15f4-45ee-88fe-9d1ffcc54852] at timestamp: 1700825801955
2023-11-24 12:36:41,955 DEBUG o.h.r.t.b.j.i.JdbcResourceLocalTransactionCoordinatorImpl [JdbcResourceLocalTransactionCoordinatorImpl.java:310] JDBC transaction marked for rollback-only (exception provided for stack trace)
java.lang.Exception: exception just for purpose of providing stack trace
	at org.hibernate.resource.transaction.backend.jdbc.internal.JdbcResourceLocalTransactionCoordinatorImpl$TransactionDriverControlImpl.markRollbackOnly(JdbcResourceLocalTransactionCoordinatorImpl.java:310)
	at org.hibernate.internal.AbstractSharedSessionContract.buildNamedQuery(AbstractSharedSessionContract.java:1021)
	at org.hibernate.internal.AbstractSharedSessionContract.createNamedQuery(AbstractSharedSessionContract.java:899)
	at org.hibernate.internal.AbstractSharedSessionContract.createNamedQuery(AbstractSharedSessionContract.java:120)
	at jdk.internal.reflect.GeneratedMethodAccessor47.invoke(Unknown Source)
	at java.base/jdk.internal.reflect.DelegatingMethodAccessorImpl.invoke(DelegatingMethodAccessorImpl.java:43)
	at java.base/java.lang.reflect.Method.invoke(Method.java:568)
	at org.springframework.orm.jpa.ExtendedEntityManagerCreator$ExtendedEntityManagerInvocationHandler.invoke(ExtendedEntityManagerCreator.java:360)
	at jdk.proxy2/jdk.proxy2.$Proxy191.createNamedQuery(Unknown Source)
	at org.springframework.data.jpa.repository.query.NamedQuery.hasNamedQuery(NamedQuery.java:113)
	at org.springframework.data.jpa.repository.query.JpaQueryLookupStrategy$DeclaredQueryLookupStrategy.getCountQuery(JpaQueryLookupStrategy.java:204)
	at org.springframework.data.jpa.repository.query.JpaQueryLookupStrategy$DeclaredQueryLookupStrategy.resolveQuery(JpaQueryLookupStrategy.java:171)
	at org.springframework.data.jpa.repository.query.JpaQueryLookupStrategy$CreateIfNotFoundQueryLookupStrategy.resolveQuery(JpaQueryLookupStrategy.java:252)
	at org.springframework.data.jpa.repository.query.JpaQueryLookupStrategy$AbstractQueryLookupStrategy.resolveQuery(JpaQueryLookupStrategy.java:95)
	at org.springframework.data.repository.core.support.QueryExecutorMethodInterceptor.lookupQuery(QueryExecutorMethodInterceptor.java:111)
	at org.springframework.data.repository.core.support.QueryExecutorMethodInterceptor.mapMethodsToQuery(QueryExecutorMethodInterceptor.java:99)
	at org.springframework.data.repository.core.support.QueryExecutorMethodInterceptor.lambda$new$0(QueryExecutorMethodInterceptor.java:88)
	at java.base/java.util.Optional.map(Optional.java:260)
	at org.springframework.data.repository.core.support.QueryExecutorMethodInterceptor.<init>(QueryExecutorMethodInterceptor.java:88)
	at org.springframework.data.repository.core.support.RepositoryFactorySupport.getRepository(RepositoryFactorySupport.java:357)
	at org.springframework.data.repository.core.support.RepositoryFactoryBeanSupport.lambda$afterPropertiesSet$5(RepositoryFactoryBeanSupport.java:279)
	at org.springframework.data.util.Lazy.getNullable(Lazy.java:245)
	at org.springframework.data.util.Lazy.get(Lazy.java:114)
	at org.springframework.data.repository.core.support.RepositoryFactoryBeanSupport.afterPropertiesSet(RepositoryFactoryBeanSupport.java:285)
	at org.springframework.data.jpa.repository.support.JpaRepositoryFactoryBean.afterPropertiesSet(JpaRepositoryFactoryBean.java:132)
	at org.springframework.beans.factory.support.AbstractAutowireCapableBeanFactory.invokeInitMethods(AbstractAutowireCapableBeanFactory.java:1817)
	at org.springframework.beans.factory.support.AbstractAutowireCapableBeanFactory.initializeBean(AbstractAutowireCapableBeanFactory.java:1766)
	at org.springframework.beans.factory.support.AbstractAutowireCapableBeanFactory.doCreateBean(AbstractAutowireCapableBeanFactory.java:598)
	at org.springframework.beans.factory.support.AbstractAutowireCapableBeanFactory.createBean(AbstractAutowireCapableBeanFactory.java:520)
	at org.springframework.beans.factory.support.AbstractBeanFactory.lambda$doGetBean$0(AbstractBeanFactory.java:325)
	at org.springframework.beans.factory.support.DefaultSingletonBeanRegistry.getSingleton(DefaultSingletonBeanRegistry.java:234)
	at org.springframework.beans.factory.support.AbstractBeanFactory.doGetBean(AbstractBeanFactory.java:323)
	at org.springframework.beans.factory.support.AbstractBeanFactory.getBean(AbstractBeanFactory.java:199)
	at org.springframework.beans.factory.config.DependencyDescriptor.resolveCandidate(DependencyDescriptor.java:254)
	at org.springframework.beans.factory.support.DefaultListableBeanFactory.doResolveDependency(DefaultListableBeanFactory.java:1417)
	at org.springframework.beans.factory.support.DefaultListableBeanFactory.resolveDependency(DefaultListableBeanFactory.java:1337)
	at org.springframework.beans.factory.annotation.AutowiredAnnotationBeanPostProcessor$AutowiredFieldElement.resolveFieldValue(AutowiredAnnotationBeanPostProcessor.java:764)
	at org.springframework.beans.factory.annotation.AutowiredAnnotationBeanPostProcessor$AutowiredFieldElement.inject(AutowiredAnnotationBeanPostProcessor.java:747)
	at org.springframework.beans.factory.annotation.InjectionMetadata.inject(InjectionMetadata.java:145)
	at org.springframework.beans.factory.annotation.AutowiredAnnotationBeanPostProcessor.postProcessProperties(AutowiredAnnotationBeanPostProcessor.java:492)
	at org.springframework.beans.factory.support.AbstractAutowireCapableBeanFactory.populateBean(AbstractAutowireCapableBeanFactory.java:1416)
	at org.springframework.beans.factory.support.AbstractAutowireCapableBeanFactory.doCreateBean(AbstractAutowireCapableBeanFactory.java:597)
	at org.springframework.beans.factory.support.AbstractAutowireCapableBeanFactory.createBean(AbstractAutowireCapableBeanFactory.java:520)
	at org.springframework.beans.factory.support.AbstractBeanFactory.lambda$doGetBean$0(AbstractBeanFactory.java:325)
	at org.springframework.beans.factory.support.DefaultSingletonBeanRegistry.getSingleton(DefaultSingletonBeanRegistry.java:234)
	at org.springframework.beans.factory.support.AbstractBeanFactory.doGetBean(AbstractBeanFactory.java:323)
	at org.springframework.beans.factory.support.AbstractBeanFactory.getBean(AbstractBeanFactory.java:199)
	at org.springframework.beans.factory.config.DependencyDescriptor.resolveCandidate(DependencyDescriptor.java:254)
	at org.springframework.beans.factory.support.DefaultListableBeanFactory.doResolveDependency(DefaultListableBeanFactory.java:1417)
	at org.springframework.beans.factory.support.DefaultListableBeanFactory.resolveDependency(DefaultListableBeanFactory.java:1337)
	at org.springframework.beans.factory.annotation.AutowiredAnnotationBeanPostProcessor$AutowiredFieldElement.resolveFieldValue(AutowiredAnnotationBeanPostProcessor.java:764)
	at org.springframework.beans.factory.annotation.AutowiredAnnotationBeanPostProcessor$AutowiredFieldElement.inject(AutowiredAnnotationBeanPostProcessor.java:747)
	at org.springframework.beans.factory.annotation.InjectionMetadata.inject(InjectionMetadata.java:145)
	at org.springframework.beans.factory.annotation.AutowiredAnnotationBeanPostProcessor.postProcessProperties(AutowiredAnnotationBeanPostProcessor.java:492)
	at org.springframework.beans.factory.support.AbstractAutowireCapableBeanFactory.populateBean(AbstractAutowireCapableBeanFactory.java:1416)
	at org.springframework.beans.factory.support.AbstractAutowireCapableBeanFactory.doCreateBean(AbstractAutowireCapableBeanFactory.java:597)
	at org.springframework.beans.factory.support.AbstractAutowireCapableBeanFactory.createBean(AbstractAutowireCapableBeanFactory.java:520)
	at org.springframework.beans.factory.support.AbstractBeanFactory.lambda$doGetBean$0(AbstractBeanFactory.java:325)
	at org.springframework.beans.factory.support.DefaultSingletonBeanRegistry.getSingleton(DefaultSingletonBeanRegistry.java:234)
	at org.springframework.beans.factory.support.AbstractBeanFactory.doGetBean(AbstractBeanFactory.java:323)
	at org.springframework.beans.factory.support.AbstractBeanFactory.getBean(AbstractBeanFactory.java:199)
	at org.springframework.beans.factory.support.DefaultListableBeanFactory.preInstantiateSingletons(DefaultListableBeanFactory.java:973)
	at org.springframework.context.support.AbstractApplicationContext.finishBeanFactoryInitialization(AbstractApplicationContext.java:950)
	at org.springframework.context.support.AbstractApplicationContext.refresh(AbstractApplicationContext.java:616)
	at org.springframework.boot.SpringApplication.refresh(SpringApplication.java:738)
	at org.springframework.boot.SpringApplication.refreshContext(SpringApplication.java:440)
	at org.springframework.boot.SpringApplication.run(SpringApplication.java:316)
	at org.springframework.boot.test.context.SpringBootContextLoader.lambda$loadContext$3(SpringBootContextLoader.java:137)
	at org.springframework.util.function.ThrowingSupplier.get(ThrowingSupplier.java:58)
	at org.springframework.util.function.ThrowingSupplier.get(ThrowingSupplier.java:46)
	at org.springframework.boot.SpringApplication.withHook(SpringApplication.java:1406)
	at org.springframework.boot.test.context.SpringBootContextLoader$ContextLoaderHook.run(SpringBootContextLoader.java:545)
	at org.springframework.boot.test.context.SpringBootContextLoader.loadContext(SpringBootContextLoader.java:137)
	at org.springframework.boot.test.context.SpringBootContextLoader.loadContext(SpringBootContextLoader.java:108)
	at org.springframework.test.context.cache.DefaultCacheAwareContextLoaderDelegate.loadContextInternal(DefaultCacheAwareContextLoaderDelegate.java:187)
	at org.springframework.test.context.cache.DefaultCacheAwareContextLoaderDelegate.loadContext(DefaultCacheAwareContextLoaderDelegate.java:119)
	at org.springframework.test.context.support.DefaultTestContext.getApplicationContext(DefaultTestContext.java:127)
	at org.springframework.test.context.web.ServletTestExecutionListener.setUpRequestContextIfNecessary(ServletTestExecutionListener.java:191)
	at org.springframework.test.context.web.ServletTestExecutionListener.prepareTestInstance(ServletTestExecutionListener.java:130)
	at org.springframework.test.context.TestContextManager.prepareTestInstance(TestContextManager.java:241)
	at org.springframework.test.context.junit.jupiter.SpringExtension.postProcessTestInstance(SpringExtension.java:138)
	at org.junit.jupiter.engine.descriptor.ClassBasedTestDescriptor.lambda$invokeTestInstancePostProcessors$10(ClassBasedTestDescriptor.java:377)
	at org.junit.jupiter.engine.descriptor.ClassBasedTestDescriptor.executeAndMaskThrowable(ClassBasedTestDescriptor.java:382)
	at org.junit.jupiter.engine.descriptor.ClassBasedTestDescriptor.lambda$invokeTestInstancePostProcessors$11(ClassBasedTestDescriptor.java:377)
	at java.base/java.util.stream.ReferencePipeline$3$1.accept(ReferencePipeline.java:197)
	at java.base/java.util.stream.ReferencePipeline$2$1.accept(ReferencePipeline.java:179)
	at java.base/java.util.ArrayList$ArrayListSpliterator.forEachRemaining(ArrayList.java:1625)
	at java.base/java.util.stream.AbstractPipeline.copyInto(AbstractPipeline.java:509)
	at java.base/java.util.stream.AbstractPipeline.wrapAndCopyInto(AbstractPipeline.java:499)
	at java.base/java.util.stream.StreamSpliterators$WrappingSpliterator.forEachRemaining(StreamSpliterators.java:310)
	at java.base/java.util.stream.Streams$ConcatSpliterator.forEachRemaining(Streams.java:735)
	at java.base/java.util.stream.Streams$ConcatSpliterator.forEachRemaining(Streams.java:734)
	at java.base/java.util.stream.ReferencePipeline$Head.forEach(ReferencePipeline.java:762)
	at org.junit.jupiter.engine.descriptor.ClassBasedTestDescriptor.invokeTestInstancePostProcessors(ClassBasedTestDescriptor.java:376)
	at org.junit.jupiter.engine.descriptor.ClassBasedTestDescriptor.lambda$instantiateAndPostProcessTestInstance$6(ClassBasedTestDescriptor.java:289)
	at org.junit.platform.engine.support.hierarchical.ThrowableCollector.execute(ThrowableCollector.java:73)
	at org.junit.jupiter.engine.descriptor.ClassBasedTestDescriptor.instantiateAndPostProcessTestInstance(ClassBasedTestDescriptor.java:288)
	at org.junit.jupiter.engine.descriptor.ClassBasedTestDescriptor.lambda$testInstancesProvider$4(ClassBasedTestDescriptor.java:278)
	at java.base/java.util.Optional.orElseGet(Optional.java:364)
	at org.junit.jupiter.engine.descriptor.ClassBasedTestDescriptor.lambda$testInstancesProvider$5(ClassBasedTestDescriptor.java:277)
	at org.junit.jupiter.engine.execution.TestInstancesProvider.getTestInstances(TestInstancesProvider.java:31)
	at org.junit.jupiter.engine.descriptor.TestMethodTestDescriptor.lambda$prepare$0(TestMethodTestDescriptor.java:105)
	at org.junit.platform.engine.support.hierarchical.ThrowableCollector.execute(ThrowableCollector.java:73)
	at org.junit.jupiter.engine.descriptor.TestMethodTestDescriptor.prepare(TestMethodTestDescriptor.java:104)
	at org.junit.jupiter.engine.descriptor.TestMethodTestDescriptor.prepare(TestMethodTestDescriptor.java:68)
	at org.junit.platform.engine.support.hierarchical.NodeTestTask.lambda$prepare$2(NodeTestTask.java:123)
	at org.junit.platform.engine.support.hierarchical.ThrowableCollector.execute(ThrowableCollector.java:73)
	at org.junit.platform.engine.support.hierarchical.NodeTestTask.prepare(NodeTestTask.java:123)
	at org.junit.platform.engine.support.hierarchical.NodeTestTask.execute(NodeTestTask.java:90)
	at java.base/java.util.ArrayList.forEach(ArrayList.java:1511)
	at org.junit.platform.engine.support.hierarchical.SameThreadHierarchicalTestExecutorService.invokeAll(SameThreadHierarchicalTestExecutorService.java:41)
	at org.junit.platform.engine.support.hierarchical.NodeTestTask.lambda$executeRecursively$6(NodeTestTask.java:155)
	at org.junit.platform.engine.support.hierarchical.ThrowableCollector.execute(ThrowableCollector.java:73)
	at org.junit.platform.engine.support.hierarchical.NodeTestTask.lambda$executeRecursively$8(NodeTestTask.java:141)
	at org.junit.platform.engine.support.hierarchical.Node.around(Node.java:137)
	at org.junit.platform.engine.support.hierarchical.NodeTestTask.lambda$executeRecursively$9(NodeTestTask.java:139)
	at org.junit.platform.engine.support.hierarchical.ThrowableCollector.execute(ThrowableCollector.java:73)
	at org.junit.platform.engine.support.hierarchical.NodeTestTask.executeRecursively(NodeTestTask.java:138)
	at org.junit.platform.engine.support.hierarchical.NodeTestTask.execute(NodeTestTask.java:95)
	at java.base/java.util.ArrayList.forEach(ArrayList.java:1511)
	at org.junit.platform.engine.support.hierarchical.SameThreadHierarchicalTestExecutorService.invokeAll(SameThreadHierarchicalTestExecutorService.java:41)
	at org.junit.platform.engine.support.hierarchical.NodeTestTask.lambda$executeRecursively$6(NodeTestTask.java:155)
	at org.junit.platform.engine.support.hierarchical.ThrowableCollector.execute(ThrowableCollector.java:73)
	at org.junit.platform.engine.support.hierarchical.NodeTestTask.lambda$executeRecursively$8(NodeTestTask.java:141)
	at org.junit.platform.engine.support.hierarchical.Node.around(Node.java:137)
	at org.junit.platform.engine.support.hierarchical.NodeTestTask.lambda$executeRecursively$9(NodeTestTask.java:139)
	at org.junit.platform.engine.support.hierarchical.ThrowableCollector.execute(ThrowableCollector.java:73)
	at org.junit.platform.engine.support.hierarchical.NodeTestTask.executeRecursively(NodeTestTask.java:138)
	at org.junit.platform.engine.support.hierarchical.NodeTestTask.execute(NodeTestTask.java:95)
	at org.junit.platform.engine.support.hierarchical.SameThreadHierarchicalTestExecutorService.submit(SameThreadHierarchicalTestExecutorService.java:35)
	at org.junit.platform.engine.support.hierarchical.HierarchicalTestExecutor.execute(HierarchicalTestExecutor.java:57)
	at org.junit.platform.engine.support.hierarchical.HierarchicalTestEngine.execute(HierarchicalTestEngine.java:54)
	at org.junit.platform.launcher.core.EngineExecutionOrchestrator.execute(EngineExecutionOrchestrator.java:147)
	at org.junit.platform.launcher.core.EngineExecutionOrchestrator.execute(EngineExecutionOrchestrator.java:127)
	at org.junit.platform.launcher.core.EngineExecutionOrchestrator.execute(EngineExecutionOrchestrator.java:90)
	at org.junit.platform.launcher.core.EngineExecutionOrchestrator.lambda$execute$0(EngineExecutionOrchestrator.java:55)
	at org.junit.platform.launcher.core.EngineExecutionOrchestrator.withInterceptedStreams(EngineExecutionOrchestrator.java:102)
	at org.junit.platform.launcher.core.EngineExecutionOrchestrator.execute(EngineExecutionOrchestrator.java:54)
	at org.junit.platform.launcher.core.DefaultLauncher.execute(DefaultLauncher.java:114)
	at org.junit.platform.launcher.core.DefaultLauncher.execute(DefaultLauncher.java:86)
	at org.junit.platform.launcher.core.DefaultLauncherSession$DelegatingLauncher.execute(DefaultLauncherSession.java:86)
	at org.apache.maven.surefire.junitplatform.LazyLauncher.execute(LazyLauncher.java:50)
	at org.apache.maven.surefire.junitplatform.JUnitPlatformProvider.execute(JUnitPlatformProvider.java:184)
	at org.apache.maven.surefire.junitplatform.JUnitPlatformProvider.invokeAllTests(JUnitPlatformProvider.java:148)
	at org.apache.maven.surefire.junitplatform.JUnitPlatformProvider.invoke(JUnitPlatformProvider.java:122)
	at org.apache.maven.surefire.booter.ForkedBooter.runSuitesInProcess(ForkedBooter.java:385)
	at org.apache.maven.surefire.booter.ForkedBooter.execute(ForkedBooter.java:162)
	at org.apache.maven.surefire.booter.ForkedBooter.run(ForkedBooter.java:507)
	at org.apache.maven.surefire.booter.ForkedBooter.main(ForkedBooter.java:495)
2023-11-24 12:36:41,956 TRACE o.h.i.SessionImpl [SessionImpl.java:402] Closing session [d695ea46-15f4-45ee-88fe-9d1ffcc54852]
2023-11-24 12:36:41,956 TRACE o.h.e.j.i.JdbcCoordinatorImpl [JdbcCoordinatorImpl.java:152] Closing JDBC container [org.hibernate.engine.jdbc.internal.JdbcCoordinatorImpl@6ab0e21b]
2023-11-24 12:36:41,956 TRACE o.h.r.j.i.ResourceRegistryStandardImpl [ResourceRegistryStandardImpl.java:329] Releasing JDBC resources
2023-11-24 12:36:41,956 TRACE o.h.r.j.i.LogicalConnectionManagedImpl [LogicalConnectionManagedImpl.java:256] Closing logical connection
2023-11-24 12:36:41,957 TRACE o.h.r.j.i.LogicalConnectionManagedImpl [LogicalConnectionManagedImpl.java:263] Logical connection closed
2023-11-24 12:36:41,957 TRACE o.h.i.SessionFactoryImpl$SessionBuilderImpl [SessionFactoryImpl.java:1298] Opening Hibernate Session.  tenant=null
2023-11-24 12:36:41,957 TRACE o.h.i.SessionImpl [SessionImpl.java:262] Opened Session [1339a341-a017-4f34-afc0-56dd3ccb21bb] at timestamp: 1700825801957
2023-11-24 12:36:41,958 TRACE o.h.i.SessionImpl [SessionImpl.java:402] Closing session [1339a341-a017-4f34-afc0-56dd3ccb21bb]
2023-11-24 12:36:41,958 TRACE o.h.e.j.i.JdbcCoordinatorImpl [JdbcCoordinatorImpl.java:152] Closing JDBC container [org.hibernate.engine.jdbc.internal.JdbcCoordinatorImpl@208ed968]
2023-11-24 12:36:41,958 TRACE o.h.r.j.i.ResourceRegistryStandardImpl [ResourceRegistryStandardImpl.java:329] Releasing JDBC resources
2023-11-24 12:36:41,959 TRACE o.h.r.j.i.LogicalConnectionManagedImpl [LogicalConnectionManagedImpl.java:256] Closing logical connection
2023-11-24 12:36:41,959 TRACE o.h.r.j.i.LogicalConnectionManagedImpl [LogicalConnectionManagedImpl.java:263] Logical connection closed
2023-11-24 12:36:41,961 TRACE o.h.i.SessionFactoryImpl$SessionBuilderImpl [SessionFactoryImpl.java:1298] Opening Hibernate Session.  tenant=null
2023-11-24 12:36:41,962 TRACE o.h.i.SessionImpl [SessionImpl.java:262] Opened Session [16f5b44e-1902-43d5-a0fc-4c67ef9411fe] at timestamp: 1700825801962
2023-11-24 12:36:41,962 TRACE o.h.o.q.p.cache [QueryInterpretationCacheStandardImpl.java:121] QueryPlan#resolveHqlInterpretation( `select count(can.id) from Candidate can where can.regdate >= :dataStart and can.regdate < :dataEnd` )
2023-11-24 12:36:41,963 DEBUG o.h.o.q.hql [StandardHqlTranslator.java:75] HQL : select count(can.id) from Candidate can where can.regdate >= :dataStart and can.regdate < :dataEnd
2023-11-24 12:36:41,964 DEBUG o.h.o.q.h.reservedWordAsIdentifier [HqlParseTreeBuilder.java:43] Encountered use of reserved word as identifier : (
2023-11-24 12:36:41,964 DEBUG o.h.o.q.h.reservedWordAsIdentifier [HqlParseTreeBuilder.java:43] Encountered use of reserved word as identifier : )
2023-11-24 12:36:41,965 DEBUG o.h.q.h.i.SemanticQueryBuilder [SemanticQueryBuilder.java:1904] Handling root path - Candidate
2023-11-24 12:36:41,965 TRACE o.h.o.q.s.creation [SqmPathRegistryImpl.java:59] SqmProcessingIndex#register(SqmPath) : franco.maurizio.hr.desk.com.persistence.entity.Candidate(can)
2023-11-24 12:36:41,966 TRACE o.h.o.q.hql [BasicDotIdentifierConsumer.java:83] BasicDotIdentifierHandler#consumeIdentifier( can, true, false ) - can
2023-11-24 12:36:41,966 TRACE o.h.o.q.hql [BasicDotIdentifierConsumer.java:118] BaseLocalSequencePart#consumeIdentifier( can, true, false ) - can
2023-11-24 12:36:41,966 TRACE o.h.o.q.hql [BasicDotIdentifierConsumer.java:83] BasicDotIdentifierHandler#consumeIdentifier( id, false, true ) - can.id
2023-11-24 12:36:41,967 TRACE o.h.o.q.hql [DomainPathPart.java:37] Resolving DomainPathPart(franco.maurizio.hr.desk.com.persistence.entity.Candidate as can) sub-part : id
2023-11-24 12:36:41,967 TRACE o.h.o.q.s.creation [SqmPathRegistryImpl.java:59] SqmProcessingIndex#register(SqmPath) : franco.maurizio.hr.desk.com.persistence.entity.Candidate(can).id
2023-11-24 12:36:41,968 TRACE o.h.o.q.hql [BasicDotIdentifierConsumer.java:83] BasicDotIdentifierHandler#consumeIdentifier( can, true, false ) - can
2023-11-24 12:36:41,968 TRACE o.h.o.q.hql [BasicDotIdentifierConsumer.java:118] BaseLocalSequencePart#consumeIdentifier( can, true, false ) - can
2023-11-24 12:36:41,968 TRACE o.h.o.q.hql [BasicDotIdentifierConsumer.java:83] BasicDotIdentifierHandler#consumeIdentifier( regdate, false, true ) - can.regdate
2023-11-24 12:36:41,969 TRACE o.h.o.q.hql [DomainPathPart.java:37] Resolving DomainPathPart(franco.maurizio.hr.desk.com.persistence.entity.Candidate as can) sub-part : regdate
2023-11-24 12:36:41,969 TRACE o.h.o.q.s.creation [SqmPathRegistryImpl.java:59] SqmProcessingIndex#register(SqmPath) : franco.maurizio.hr.desk.com.persistence.entity.Candidate(can).regdate
2023-11-24 12:36:41,969 DEBUG o.h.o.q.s.creation [AbstractSqmExpression.java:57] Applying inferable type to SqmExpression [SqmNamedParameter(dataStart)] : null -> BasicSqmPathSource(regdate : LocalDateTime)
2023-11-24 12:36:41,969 TRACE o.h.o.q.hql [BasicDotIdentifierConsumer.java:83] BasicDotIdentifierHandler#consumeIdentifier( can, true, false ) - can
2023-11-24 12:36:41,969 TRACE o.h.o.q.hql [BasicDotIdentifierConsumer.java:118] BaseLocalSequencePart#consumeIdentifier( can, true, false ) - can
2023-11-24 12:36:41,970 TRACE o.h.o.q.hql [BasicDotIdentifierConsumer.java:83] BasicDotIdentifierHandler#consumeIdentifier( regdate, false, true ) - can.regdate
2023-11-24 12:36:41,970 TRACE o.h.o.q.hql [DomainPathPart.java:37] Resolving DomainPathPart(franco.maurizio.hr.desk.com.persistence.entity.Candidate as can) sub-part : regdate
2023-11-24 12:36:41,970 TRACE o.h.o.q.s.creation [SqmPathRegistryImpl.java:59] SqmProcessingIndex#register(SqmPath) : franco.maurizio.hr.desk.com.persistence.entity.Candidate(can).regdate
2023-11-24 12:36:41,970 DEBUG o.h.o.q.s.creation [AbstractSqmExpression.java:57] Applying inferable type to SqmExpression [SqmNamedParameter(dataEnd)] : null -> BasicSqmPathSource(regdate : LocalDateTime)
2023-11-24 12:36:41,970 DEBUG o.h.o.q.s.ast [SqmTreePrinter.java:168] SqmStatement Tree :
    -> [select]
      -> [query-spec]
        -> [select]
          -> [selection]
          <- [selection]
        <- [select]
        -> [from]
          -> [root] - `franco.maurizio.hr.desk.com.persistence.entity.Candidate(can)`
          <- [root] - `franco.maurizio.hr.desk.com.persistence.entity.Candidate(can)`
        <- [from]
        -> [where]
          -> [and]
            -> [GREATER_THAN_OR_EQUAL]
                -> [basic-path] - `franco.maurizio.hr.desk.com.persistence.entity.Candidate(can).regdate`
                :dataStart
            <- [GREATER_THAN_OR_EQUAL]
            -> [LESS_THAN]
                -> [basic-path] - `franco.maurizio.hr.desk.com.persistence.entity.Candidate(can).regdate`
                :dataEnd
            <- [LESS_THAN]
          <- [and]
        <- [where]
      <- [query-spec]
    <- [select]

2023-11-24 12:36:41,971 TRACE o.h.i.SessionImpl [SessionImpl.java:402] Closing session [16f5b44e-1902-43d5-a0fc-4c67ef9411fe]
2023-11-24 12:36:41,971 TRACE o.h.e.j.i.JdbcCoordinatorImpl [JdbcCoordinatorImpl.java:152] Closing JDBC container [org.hibernate.engine.jdbc.internal.JdbcCoordinatorImpl@306342f0]
2023-11-24 12:36:41,971 TRACE o.h.r.j.i.ResourceRegistryStandardImpl [ResourceRegistryStandardImpl.java:329] Releasing JDBC resources
2023-11-24 12:36:41,971 TRACE o.h.r.j.i.LogicalConnectionManagedImpl [LogicalConnectionManagedImpl.java:256] Closing logical connection
2023-11-24 12:36:41,971 TRACE o.h.r.j.i.LogicalConnectionManagedImpl [LogicalConnectionManagedImpl.java:263] Logical connection closed
2023-11-24 12:36:41,978 TRACE o.h.i.SessionFactoryImpl$SessionBuilderImpl [SessionFactoryImpl.java:1298] Opening Hibernate Session.  tenant=null
2023-11-24 12:36:41,979 TRACE o.h.i.SessionImpl [SessionImpl.java:262] Opened Session [ca96eade-fa43-4a8b-88cd-1db775294e65] at timestamp: 1700825801979
2023-11-24 12:36:41,979 TRACE o.h.i.SessionImpl [SessionImpl.java:402] Closing session [ca96eade-fa43-4a8b-88cd-1db775294e65]
2023-11-24 12:36:41,980 TRACE o.h.e.j.i.JdbcCoordinatorImpl [JdbcCoordinatorImpl.java:152] Closing JDBC container [org.hibernate.engine.jdbc.internal.JdbcCoordinatorImpl@752a9c0b]
2023-11-24 12:36:41,980 TRACE o.h.r.j.i.ResourceRegistryStandardImpl [ResourceRegistryStandardImpl.java:329] Releasing JDBC resources
2023-11-24 12:36:41,980 TRACE o.h.r.j.i.LogicalConnectionManagedImpl [LogicalConnectionManagedImpl.java:256] Closing logical connection
2023-11-24 12:36:41,980 TRACE o.h.r.j.i.LogicalConnectionManagedImpl [LogicalConnectionManagedImpl.java:263] Logical connection closed
2023-11-24 12:36:41,985 TRACE o.h.i.SessionFactoryImpl$SessionBuilderImpl [SessionFactoryImpl.java:1298] Opening Hibernate Session.  tenant=null
2023-11-24 12:36:41,986 TRACE o.h.i.SessionImpl [SessionImpl.java:262] Opened Session [5eb2b2f5-10a0-4355-b762-1e73f9a818d8] at timestamp: 1700825801986
2023-11-24 12:36:41,986 TRACE o.h.i.SessionImpl [SessionImpl.java:402] Closing session [5eb2b2f5-10a0-4355-b762-1e73f9a818d8]
2023-11-24 12:36:41,986 TRACE o.h.e.j.i.JdbcCoordinatorImpl [JdbcCoordinatorImpl.java:152] Closing JDBC container [org.hibernate.engine.jdbc.internal.JdbcCoordinatorImpl@4da2024c]
2023-11-24 12:36:41,986 TRACE o.h.r.j.i.ResourceRegistryStandardImpl [ResourceRegistryStandardImpl.java:329] Releasing JDBC resources
2023-11-24 12:36:41,987 TRACE o.h.r.j.i.LogicalConnectionManagedImpl [LogicalConnectionManagedImpl.java:256] Closing logical connection
2023-11-24 12:36:41,987 TRACE o.h.r.j.i.LogicalConnectionManagedImpl [LogicalConnectionManagedImpl.java:263] Logical connection closed
2023-11-24 12:36:42,019 TRACE o.h.i.SessionFactoryImpl$SessionBuilderImpl [SessionFactoryImpl.java:1298] Opening Hibernate Session.  tenant=null
2023-11-24 12:36:42,020 TRACE o.h.i.SessionImpl [SessionImpl.java:262] Opened Session [fc8676b8-1dfa-47df-8ede-a5b7daa42d33] at timestamp: 1700825802020
2023-11-24 12:36:42,020 DEBUG o.h.r.t.b.j.i.JdbcResourceLocalTransactionCoordinatorImpl [JdbcResourceLocalTransactionCoordinatorImpl.java:310] JDBC transaction marked for rollback-only (exception provided for stack trace)
java.lang.Exception: exception just for purpose of providing stack trace
	at org.hibernate.resource.transaction.backend.jdbc.internal.JdbcResourceLocalTransactionCoordinatorImpl$TransactionDriverControlImpl.markRollbackOnly(JdbcResourceLocalTransactionCoordinatorImpl.java:310)
	at org.hibernate.internal.AbstractSharedSessionContract.buildNamedQuery(AbstractSharedSessionContract.java:1021)
	at org.hibernate.internal.AbstractSharedSessionContract.createNamedQuery(AbstractSharedSessionContract.java:899)
	at org.hibernate.internal.AbstractSharedSessionContract.createNamedQuery(AbstractSharedSessionContract.java:120)
	at jdk.internal.reflect.GeneratedMethodAccessor47.invoke(Unknown Source)
	at java.base/jdk.internal.reflect.DelegatingMethodAccessorImpl.invoke(DelegatingMethodAccessorImpl.java:43)
	at java.base/java.lang.reflect.Method.invoke(Method.java:568)
	at org.springframework.orm.jpa.ExtendedEntityManagerCreator$ExtendedEntityManagerInvocationHandler.invoke(ExtendedEntityManagerCreator.java:360)
	at jdk.proxy2/jdk.proxy2.$Proxy191.createNamedQuery(Unknown Source)
	at org.springframework.data.jpa.repository.query.NamedQuery.hasNamedQuery(NamedQuery.java:113)
	at org.springframework.data.jpa.repository.query.NamedQuery.lookupFrom(NamedQuery.java:141)
	at org.springframework.data.jpa.repository.query.JpaQueryLookupStrategy$DeclaredQueryLookupStrategy.resolveQuery(JpaQueryLookupStrategy.java:180)
	at org.springframework.data.jpa.repository.query.JpaQueryLookupStrategy$CreateIfNotFoundQueryLookupStrategy.resolveQuery(JpaQueryLookupStrategy.java:252)
	at org.springframework.data.jpa.repository.query.JpaQueryLookupStrategy$AbstractQueryLookupStrategy.resolveQuery(JpaQueryLookupStrategy.java:95)
	at org.springframework.data.repository.core.support.QueryExecutorMethodInterceptor.lookupQuery(QueryExecutorMethodInterceptor.java:111)
	at org.springframework.data.repository.core.support.QueryExecutorMethodInterceptor.mapMethodsToQuery(QueryExecutorMethodInterceptor.java:99)
	at org.springframework.data.repository.core.support.QueryExecutorMethodInterceptor.lambda$new$0(QueryExecutorMethodInterceptor.java:88)
	at java.base/java.util.Optional.map(Optional.java:260)
	at org.springframework.data.repository.core.support.QueryExecutorMethodInterceptor.<init>(QueryExecutorMethodInterceptor.java:88)
	at org.springframework.data.repository.core.support.RepositoryFactorySupport.getRepository(RepositoryFactorySupport.java:357)
	at org.springframework.data.repository.core.support.RepositoryFactoryBeanSupport.lambda$afterPropertiesSet$5(RepositoryFactoryBeanSupport.java:279)
	at org.springframework.data.util.Lazy.getNullable(Lazy.java:245)
	at org.springframework.data.util.Lazy.get(Lazy.java:114)
	at org.springframework.data.repository.core.support.RepositoryFactoryBeanSupport.afterPropertiesSet(RepositoryFactoryBeanSupport.java:285)
	at org.springframework.data.jpa.repository.support.JpaRepositoryFactoryBean.afterPropertiesSet(JpaRepositoryFactoryBean.java:132)
	at org.springframework.beans.factory.support.AbstractAutowireCapableBeanFactory.invokeInitMethods(AbstractAutowireCapableBeanFactory.java:1817)
	at org.springframework.beans.factory.support.AbstractAutowireCapableBeanFactory.initializeBean(AbstractAutowireCapableBeanFactory.java:1766)
	at org.springframework.beans.factory.support.AbstractAutowireCapableBeanFactory.doCreateBean(AbstractAutowireCapableBeanFactory.java:598)
	at org.springframework.beans.factory.support.AbstractAutowireCapableBeanFactory.createBean(AbstractAutowireCapableBeanFactory.java:520)
	at org.springframework.beans.factory.support.AbstractBeanFactory.lambda$doGetBean$0(AbstractBeanFactory.java:325)
	at org.springframework.beans.factory.support.DefaultSingletonBeanRegistry.getSingleton(DefaultSingletonBeanRegistry.java:234)
	at org.springframework.beans.factory.support.AbstractBeanFactory.doGetBean(AbstractBeanFactory.java:323)
	at org.springframework.beans.factory.support.AbstractBeanFactory.getBean(AbstractBeanFactory.java:199)
	at org.springframework.beans.factory.config.DependencyDescriptor.resolveCandidate(DependencyDescriptor.java:254)
	at org.springframework.beans.factory.support.DefaultListableBeanFactory.doResolveDependency(DefaultListableBeanFactory.java:1417)
	at org.springframework.beans.factory.support.DefaultListableBeanFactory.resolveDependency(DefaultListableBeanFactory.java:1337)
	at org.springframework.beans.factory.annotation.AutowiredAnnotationBeanPostProcessor$AutowiredFieldElement.resolveFieldValue(AutowiredAnnotationBeanPostProcessor.java:764)
	at org.springframework.beans.factory.annotation.AutowiredAnnotationBeanPostProcessor$AutowiredFieldElement.inject(AutowiredAnnotationBeanPostProcessor.java:747)
	at org.springframework.beans.factory.annotation.InjectionMetadata.inject(InjectionMetadata.java:145)
	at org.springframework.beans.factory.annotation.AutowiredAnnotationBeanPostProcessor.postProcessProperties(AutowiredAnnotationBeanPostProcessor.java:492)
	at org.springframework.beans.factory.support.AbstractAutowireCapableBeanFactory.populateBean(AbstractAutowireCapableBeanFactory.java:1416)
	at org.springframework.beans.factory.support.AbstractAutowireCapableBeanFactory.doCreateBean(AbstractAutowireCapableBeanFactory.java:597)
	at org.springframework.beans.factory.support.AbstractAutowireCapableBeanFactory.createBean(AbstractAutowireCapableBeanFactory.java:520)
	at org.springframework.beans.factory.support.AbstractBeanFactory.lambda$doGetBean$0(AbstractBeanFactory.java:325)
	at org.springframework.beans.factory.support.DefaultSingletonBeanRegistry.getSingleton(DefaultSingletonBeanRegistry.java:234)
	at org.springframework.beans.factory.support.AbstractBeanFactory.doGetBean(AbstractBeanFactory.java:323)
	at org.springframework.beans.factory.support.AbstractBeanFactory.getBean(AbstractBeanFactory.java:199)
	at org.springframework.beans.factory.config.DependencyDescriptor.resolveCandidate(DependencyDescriptor.java:254)
	at org.springframework.beans.factory.support.DefaultListableBeanFactory.doResolveDependency(DefaultListableBeanFactory.java:1417)
	at org.springframework.beans.factory.support.DefaultListableBeanFactory.resolveDependency(DefaultListableBeanFactory.java:1337)
	at org.springframework.beans.factory.annotation.AutowiredAnnotationBeanPostProcessor$AutowiredFieldElement.resolveFieldValue(AutowiredAnnotationBeanPostProcessor.java:764)
	at org.springframework.beans.factory.annotation.AutowiredAnnotationBeanPostProcessor$AutowiredFieldElement.inject(AutowiredAnnotationBeanPostProcessor.java:747)
	at org.springframework.beans.factory.annotation.InjectionMetadata.inject(InjectionMetadata.java:145)
	at org.springframework.beans.factory.annotation.AutowiredAnnotationBeanPostProcessor.postProcessProperties(AutowiredAnnotationBeanPostProcessor.java:492)
	at org.springframework.beans.factory.support.AbstractAutowireCapableBeanFactory.populateBean(AbstractAutowireCapableBeanFactory.java:1416)
	at org.springframework.beans.factory.support.AbstractAutowireCapableBeanFactory.doCreateBean(AbstractAutowireCapableBeanFactory.java:597)
	at org.springframework.beans.factory.support.AbstractAutowireCapableBeanFactory.createBean(AbstractAutowireCapableBeanFactory.java:520)
	at org.springframework.beans.factory.support.AbstractBeanFactory.lambda$doGetBean$0(AbstractBeanFactory.java:325)
	at org.springframework.beans.factory.support.DefaultSingletonBeanRegistry.getSingleton(DefaultSingletonBeanRegistry.java:234)
	at org.springframework.beans.factory.support.AbstractBeanFactory.doGetBean(AbstractBeanFactory.java:323)
	at org.springframework.beans.factory.support.AbstractBeanFactory.getBean(AbstractBeanFactory.java:199)
	at org.springframework.beans.factory.config.DependencyDescriptor.resolveCandidate(DependencyDescriptor.java:254)
	at org.springframework.beans.factory.support.DefaultListableBeanFactory.doResolveDependency(DefaultListableBeanFactory.java:1417)
	at org.springframework.beans.factory.support.DefaultListableBeanFactory.resolveDependency(DefaultListableBeanFactory.java:1337)
	at org.springframework.beans.factory.annotation.AutowiredAnnotationBeanPostProcessor$AutowiredFieldElement.resolveFieldValue(AutowiredAnnotationBeanPostProcessor.java:764)
	at org.springframework.beans.factory.annotation.AutowiredAnnotationBeanPostProcessor$AutowiredFieldElement.inject(AutowiredAnnotationBeanPostProcessor.java:747)
	at org.springframework.beans.factory.annotation.InjectionMetadata.inject(InjectionMetadata.java:145)
	at org.springframework.beans.factory.annotation.AutowiredAnnotationBeanPostProcessor.postProcessProperties(AutowiredAnnotationBeanPostProcessor.java:492)
	at org.springframework.beans.factory.support.AbstractAutowireCapableBeanFactory.populateBean(AbstractAutowireCapableBeanFactory.java:1416)
	at org.springframework.beans.factory.support.AbstractAutowireCapableBeanFactory.doCreateBean(AbstractAutowireCapableBeanFactory.java:597)
	at org.springframework.beans.factory.support.AbstractAutowireCapableBeanFactory.createBean(AbstractAutowireCapableBeanFactory.java:520)
	at org.springframework.beans.factory.support.AbstractBeanFactory.lambda$doGetBean$0(AbstractBeanFactory.java:325)
	at org.springframework.beans.factory.support.DefaultSingletonBeanRegistry.getSingleton(DefaultSingletonBeanRegistry.java:234)
	at org.springframework.beans.factory.support.AbstractBeanFactory.doGetBean(AbstractBeanFactory.java:323)
	at org.springframework.beans.factory.support.AbstractBeanFactory.getBean(AbstractBeanFactory.java:199)
	at org.springframework.beans.factory.support.DefaultListableBeanFactory.preInstantiateSingletons(DefaultListableBeanFactory.java:973)
	at org.springframework.context.support.AbstractApplicationContext.finishBeanFactoryInitialization(AbstractApplicationContext.java:950)
	at org.springframework.context.support.AbstractApplicationContext.refresh(AbstractApplicationContext.java:616)
	at org.springframework.boot.SpringApplication.refresh(SpringApplication.java:738)
	at org.springframework.boot.SpringApplication.refreshContext(SpringApplication.java:440)
	at org.springframework.boot.SpringApplication.run(SpringApplication.java:316)
	at org.springframework.boot.test.context.SpringBootContextLoader.lambda$loadContext$3(SpringBootContextLoader.java:137)
	at org.springframework.util.function.ThrowingSupplier.get(ThrowingSupplier.java:58)
	at org.springframework.util.function.ThrowingSupplier.get(ThrowingSupplier.java:46)
	at org.springframework.boot.SpringApplication.withHook(SpringApplication.java:1406)
	at org.springframework.boot.test.context.SpringBootContextLoader$ContextLoaderHook.run(SpringBootContextLoader.java:545)
	at org.springframework.boot.test.context.SpringBootContextLoader.loadContext(SpringBootContextLoader.java:137)
	at org.springframework.boot.test.context.SpringBootContextLoader.loadContext(SpringBootContextLoader.java:108)
	at org.springframework.test.context.cache.DefaultCacheAwareContextLoaderDelegate.loadContextInternal(DefaultCacheAwareContextLoaderDelegate.java:187)
	at org.springframework.test.context.cache.DefaultCacheAwareContextLoaderDelegate.loadContext(DefaultCacheAwareContextLoaderDelegate.java:119)
	at org.springframework.test.context.support.DefaultTestContext.getApplicationContext(DefaultTestContext.java:127)
	at org.springframework.test.context.web.ServletTestExecutionListener.setUpRequestContextIfNecessary(ServletTestExecutionListener.java:191)
	at org.springframework.test.context.web.ServletTestExecutionListener.prepareTestInstance(ServletTestExecutionListener.java:130)
	at org.springframework.test.context.TestContextManager.prepareTestInstance(TestContextManager.java:241)
	at org.springframework.test.context.junit.jupiter.SpringExtension.postProcessTestInstance(SpringExtension.java:138)
	at org.junit.jupiter.engine.descriptor.ClassBasedTestDescriptor.lambda$invokeTestInstancePostProcessors$10(ClassBasedTestDescriptor.java:377)
	at org.junit.jupiter.engine.descriptor.ClassBasedTestDescriptor.executeAndMaskThrowable(ClassBasedTestDescriptor.java:382)
	at org.junit.jupiter.engine.descriptor.ClassBasedTestDescriptor.lambda$invokeTestInstancePostProcessors$11(ClassBasedTestDescriptor.java:377)
	at java.base/java.util.stream.ReferencePipeline$3$1.accept(ReferencePipeline.java:197)
	at java.base/java.util.stream.ReferencePipeline$2$1.accept(ReferencePipeline.java:179)
	at java.base/java.util.ArrayList$ArrayListSpliterator.forEachRemaining(ArrayList.java:1625)
	at java.base/java.util.stream.AbstractPipeline.copyInto(AbstractPipeline.java:509)
	at java.base/java.util.stream.AbstractPipeline.wrapAndCopyInto(AbstractPipeline.java:499)
	at java.base/java.util.stream.StreamSpliterators$WrappingSpliterator.forEachRemaining(StreamSpliterators.java:310)
	at java.base/java.util.stream.Streams$ConcatSpliterator.forEachRemaining(Streams.java:735)
	at java.base/java.util.stream.Streams$ConcatSpliterator.forEachRemaining(Streams.java:734)
	at java.base/java.util.stream.ReferencePipeline$Head.forEach(ReferencePipeline.java:762)
	at org.junit.jupiter.engine.descriptor.ClassBasedTestDescriptor.invokeTestInstancePostProcessors(ClassBasedTestDescriptor.java:376)
	at org.junit.jupiter.engine.descriptor.ClassBasedTestDescriptor.lambda$instantiateAndPostProcessTestInstance$6(ClassBasedTestDescriptor.java:289)
	at org.junit.platform.engine.support.hierarchical.ThrowableCollector.execute(ThrowableCollector.java:73)
	at org.junit.jupiter.engine.descriptor.ClassBasedTestDescriptor.instantiateAndPostProcessTestInstance(ClassBasedTestDescriptor.java:288)
	at org.junit.jupiter.engine.descriptor.ClassBasedTestDescriptor.lambda$testInstancesProvider$4(ClassBasedTestDescriptor.java:278)
	at java.base/java.util.Optional.orElseGet(Optional.java:364)
	at org.junit.jupiter.engine.descriptor.ClassBasedTestDescriptor.lambda$testInstancesProvider$5(ClassBasedTestDescriptor.java:277)
	at org.junit.jupiter.engine.execution.TestInstancesProvider.getTestInstances(TestInstancesProvider.java:31)
	at org.junit.jupiter.engine.descriptor.TestMethodTestDescriptor.lambda$prepare$0(TestMethodTestDescriptor.java:105)
	at org.junit.platform.engine.support.hierarchical.ThrowableCollector.execute(ThrowableCollector.java:73)
	at org.junit.jupiter.engine.descriptor.TestMethodTestDescriptor.prepare(TestMethodTestDescriptor.java:104)
	at org.junit.jupiter.engine.descriptor.TestMethodTestDescriptor.prepare(TestMethodTestDescriptor.java:68)
	at org.junit.platform.engine.support.hierarchical.NodeTestTask.lambda$prepare$2(NodeTestTask.java:123)
	at org.junit.platform.engine.support.hierarchical.ThrowableCollector.execute(ThrowableCollector.java:73)
	at org.junit.platform.engine.support.hierarchical.NodeTestTask.prepare(NodeTestTask.java:123)
	at org.junit.platform.engine.support.hierarchical.NodeTestTask.execute(NodeTestTask.java:90)
	at java.base/java.util.ArrayList.forEach(ArrayList.java:1511)
	at org.junit.platform.engine.support.hierarchical.SameThreadHierarchicalTestExecutorService.invokeAll(SameThreadHierarchicalTestExecutorService.java:41)
	at org.junit.platform.engine.support.hierarchical.NodeTestTask.lambda$executeRecursively$6(NodeTestTask.java:155)
	at org.junit.platform.engine.support.hierarchical.ThrowableCollector.execute(ThrowableCollector.java:73)
	at org.junit.platform.engine.support.hierarchical.NodeTestTask.lambda$executeRecursively$8(NodeTestTask.java:141)
	at org.junit.platform.engine.support.hierarchical.Node.around(Node.java:137)
	at org.junit.platform.engine.support.hierarchical.NodeTestTask.lambda$executeRecursively$9(NodeTestTask.java:139)
	at org.junit.platform.engine.support.hierarchical.ThrowableCollector.execute(ThrowableCollector.java:73)
	at org.junit.platform.engine.support.hierarchical.NodeTestTask.executeRecursively(NodeTestTask.java:138)
	at org.junit.platform.engine.support.hierarchical.NodeTestTask.execute(NodeTestTask.java:95)
	at java.base/java.util.ArrayList.forEach(ArrayList.java:1511)
	at org.junit.platform.engine.support.hierarchical.SameThreadHierarchicalTestExecutorService.invokeAll(SameThreadHierarchicalTestExecutorService.java:41)
	at org.junit.platform.engine.support.hierarchical.NodeTestTask.lambda$executeRecursively$6(NodeTestTask.java:155)
	at org.junit.platform.engine.support.hierarchical.ThrowableCollector.execute(ThrowableCollector.java:73)
	at org.junit.platform.engine.support.hierarchical.NodeTestTask.lambda$executeRecursively$8(NodeTestTask.java:141)
	at org.junit.platform.engine.support.hierarchical.Node.around(Node.java:137)
	at org.junit.platform.engine.support.hierarchical.NodeTestTask.lambda$executeRecursively$9(NodeTestTask.java:139)
	at org.junit.platform.engine.support.hierarchical.ThrowableCollector.execute(ThrowableCollector.java:73)
	at org.junit.platform.engine.support.hierarchical.NodeTestTask.executeRecursively(NodeTestTask.java:138)
	at org.junit.platform.engine.support.hierarchical.NodeTestTask.execute(NodeTestTask.java:95)
	at org.junit.platform.engine.support.hierarchical.SameThreadHierarchicalTestExecutorService.submit(SameThreadHierarchicalTestExecutorService.java:35)
	at org.junit.platform.engine.support.hierarchical.HierarchicalTestExecutor.execute(HierarchicalTestExecutor.java:57)
	at org.junit.platform.engine.support.hierarchical.HierarchicalTestEngine.execute(HierarchicalTestEngine.java:54)
	at org.junit.platform.launcher.core.EngineExecutionOrchestrator.execute(EngineExecutionOrchestrator.java:147)
	at org.junit.platform.launcher.core.EngineExecutionOrchestrator.execute(EngineExecutionOrchestrator.java:127)
	at org.junit.platform.launcher.core.EngineExecutionOrchestrator.execute(EngineExecutionOrchestrator.java:90)
	at org.junit.platform.launcher.core.EngineExecutionOrchestrator.lambda$execute$0(EngineExecutionOrchestrator.java:55)
	at org.junit.platform.launcher.core.EngineExecutionOrchestrator.withInterceptedStreams(EngineExecutionOrchestrator.java:102)
	at org.junit.platform.launcher.core.EngineExecutionOrchestrator.execute(EngineExecutionOrchestrator.java:54)
	at org.junit.platform.launcher.core.DefaultLauncher.execute(DefaultLauncher.java:114)
	at org.junit.platform.launcher.core.DefaultLauncher.execute(DefaultLauncher.java:86)
	at org.junit.platform.launcher.core.DefaultLauncherSession$DelegatingLauncher.execute(DefaultLauncherSession.java:86)
	at org.apache.maven.surefire.junitplatform.LazyLauncher.execute(LazyLauncher.java:50)
	at org.apache.maven.surefire.junitplatform.JUnitPlatformProvider.execute(JUnitPlatformProvider.java:184)
	at org.apache.maven.surefire.junitplatform.JUnitPlatformProvider.invokeAllTests(JUnitPlatformProvider.java:148)
	at org.apache.maven.surefire.junitplatform.JUnitPlatformProvider.invoke(JUnitPlatformProvider.java:122)
	at org.apache.maven.surefire.booter.ForkedBooter.runSuitesInProcess(ForkedBooter.java:385)
	at org.apache.maven.surefire.booter.ForkedBooter.execute(ForkedBooter.java:162)
	at org.apache.maven.surefire.booter.ForkedBooter.run(ForkedBooter.java:507)
	at org.apache.maven.surefire.booter.ForkedBooter.main(ForkedBooter.java:495)
2023-11-24 12:36:42,021 TRACE o.h.i.SessionImpl [SessionImpl.java:402] Closing session [fc8676b8-1dfa-47df-8ede-a5b7daa42d33]
2023-11-24 12:36:42,021 TRACE o.h.e.j.i.JdbcCoordinatorImpl [JdbcCoordinatorImpl.java:152] Closing JDBC container [org.hibernate.engine.jdbc.internal.JdbcCoordinatorImpl@54acbaaf]
2023-11-24 12:36:42,021 TRACE o.h.r.j.i.ResourceRegistryStandardImpl [ResourceRegistryStandardImpl.java:329] Releasing JDBC resources
2023-11-24 12:36:42,021 TRACE o.h.r.j.i.LogicalConnectionManagedImpl [LogicalConnectionManagedImpl.java:256] Closing logical connection
2023-11-24 12:36:42,021 TRACE o.h.r.j.i.LogicalConnectionManagedImpl [LogicalConnectionManagedImpl.java:263] Logical connection closed
2023-11-24 12:36:42,021 TRACE o.h.i.SessionFactoryImpl$SessionBuilderImpl [SessionFactoryImpl.java:1298] Opening Hibernate Session.  tenant=null
2023-11-24 12:36:42,022 TRACE o.h.i.SessionImpl [SessionImpl.java:262] Opened Session [a80e2f15-104b-4f1c-ac2e-272638d0fb14] at timestamp: 1700825802022
2023-11-24 12:36:42,022 TRACE o.h.i.SessionImpl [SessionImpl.java:402] Closing session [a80e2f15-104b-4f1c-ac2e-272638d0fb14]
2023-11-24 12:36:42,022 TRACE o.h.e.j.i.JdbcCoordinatorImpl [JdbcCoordinatorImpl.java:152] Closing JDBC container [org.hibernate.engine.jdbc.internal.JdbcCoordinatorImpl@9417214]
2023-11-24 12:36:42,022 TRACE o.h.r.j.i.ResourceRegistryStandardImpl [ResourceRegistryStandardImpl.java:329] Releasing JDBC resources
2023-11-24 12:36:42,022 TRACE o.h.r.j.i.LogicalConnectionManagedImpl [LogicalConnectionManagedImpl.java:256] Closing logical connection
2023-11-24 12:36:42,023 TRACE o.h.r.j.i.LogicalConnectionManagedImpl [LogicalConnectionManagedImpl.java:263] Logical connection closed
2023-11-24 12:36:42,024 TRACE o.h.i.SessionFactoryImpl$SessionBuilderImpl [SessionFactoryImpl.java:1298] Opening Hibernate Session.  tenant=null
2023-11-24 12:36:42,024 TRACE o.h.i.SessionImpl [SessionImpl.java:262] Opened Session [ab557bf8-3a55-4c80-9599-c777b1b6ddae] at timestamp: 1700825802024
2023-11-24 12:36:42,024 DEBUG o.h.r.t.b.j.i.JdbcResourceLocalTransactionCoordinatorImpl [JdbcResourceLocalTransactionCoordinatorImpl.java:310] JDBC transaction marked for rollback-only (exception provided for stack trace)
java.lang.Exception: exception just for purpose of providing stack trace
	at org.hibernate.resource.transaction.backend.jdbc.internal.JdbcResourceLocalTransactionCoordinatorImpl$TransactionDriverControlImpl.markRollbackOnly(JdbcResourceLocalTransactionCoordinatorImpl.java:310)
	at org.hibernate.internal.AbstractSharedSessionContract.buildNamedQuery(AbstractSharedSessionContract.java:1021)
	at org.hibernate.internal.AbstractSharedSessionContract.createNamedQuery(AbstractSharedSessionContract.java:899)
	at org.hibernate.internal.AbstractSharedSessionContract.createNamedQuery(AbstractSharedSessionContract.java:120)
	at jdk.internal.reflect.GeneratedMethodAccessor47.invoke(Unknown Source)
	at java.base/jdk.internal.reflect.DelegatingMethodAccessorImpl.invoke(DelegatingMethodAccessorImpl.java:43)
	at java.base/java.lang.reflect.Method.invoke(Method.java:568)
	at org.springframework.orm.jpa.ExtendedEntityManagerCreator$ExtendedEntityManagerInvocationHandler.invoke(ExtendedEntityManagerCreator.java:360)
	at jdk.proxy2/jdk.proxy2.$Proxy191.createNamedQuery(Unknown Source)
	at org.springframework.data.jpa.repository.query.NamedQuery.hasNamedQuery(NamedQuery.java:113)
	at org.springframework.data.jpa.repository.query.NamedQuery.lookupFrom(NamedQuery.java:141)
	at org.springframework.data.jpa.repository.query.JpaQueryLookupStrategy$DeclaredQueryLookupStrategy.resolveQuery(JpaQueryLookupStrategy.java:180)
	at org.springframework.data.jpa.repository.query.JpaQueryLookupStrategy$CreateIfNotFoundQueryLookupStrategy.resolveQuery(JpaQueryLookupStrategy.java:252)
	at org.springframework.data.jpa.repository.query.JpaQueryLookupStrategy$AbstractQueryLookupStrategy.resolveQuery(JpaQueryLookupStrategy.java:95)
	at org.springframework.data.repository.core.support.QueryExecutorMethodInterceptor.lookupQuery(QueryExecutorMethodInterceptor.java:111)
	at org.springframework.data.repository.core.support.QueryExecutorMethodInterceptor.mapMethodsToQuery(QueryExecutorMethodInterceptor.java:99)
	at org.springframework.data.repository.core.support.QueryExecutorMethodInterceptor.lambda$new$0(QueryExecutorMethodInterceptor.java:88)
	at java.base/java.util.Optional.map(Optional.java:260)
	at org.springframework.data.repository.core.support.QueryExecutorMethodInterceptor.<init>(QueryExecutorMethodInterceptor.java:88)
	at org.springframework.data.repository.core.support.RepositoryFactorySupport.getRepository(RepositoryFactorySupport.java:357)
	at org.springframework.data.repository.core.support.RepositoryFactoryBeanSupport.lambda$afterPropertiesSet$5(RepositoryFactoryBeanSupport.java:279)
	at org.springframework.data.util.Lazy.getNullable(Lazy.java:245)
	at org.springframework.data.util.Lazy.get(Lazy.java:114)
	at org.springframework.data.repository.core.support.RepositoryFactoryBeanSupport.afterPropertiesSet(RepositoryFactoryBeanSupport.java:285)
	at org.springframework.data.jpa.repository.support.JpaRepositoryFactoryBean.afterPropertiesSet(JpaRepositoryFactoryBean.java:132)
	at org.springframework.beans.factory.support.AbstractAutowireCapableBeanFactory.invokeInitMethods(AbstractAutowireCapableBeanFactory.java:1817)
	at org.springframework.beans.factory.support.AbstractAutowireCapableBeanFactory.initializeBean(AbstractAutowireCapableBeanFactory.java:1766)
	at org.springframework.beans.factory.support.AbstractAutowireCapableBeanFactory.doCreateBean(AbstractAutowireCapableBeanFactory.java:598)
	at org.springframework.beans.factory.support.AbstractAutowireCapableBeanFactory.createBean(AbstractAutowireCapableBeanFactory.java:520)
	at org.springframework.beans.factory.support.AbstractBeanFactory.lambda$doGetBean$0(AbstractBeanFactory.java:325)
	at org.springframework.beans.factory.support.DefaultSingletonBeanRegistry.getSingleton(DefaultSingletonBeanRegistry.java:234)
	at org.springframework.beans.factory.support.AbstractBeanFactory.doGetBean(AbstractBeanFactory.java:323)
	at org.springframework.beans.factory.support.AbstractBeanFactory.getBean(AbstractBeanFactory.java:199)
	at org.springframework.beans.factory.config.DependencyDescriptor.resolveCandidate(DependencyDescriptor.java:254)
	at org.springframework.beans.factory.support.DefaultListableBeanFactory.doResolveDependency(DefaultListableBeanFactory.java:1417)
	at org.springframework.beans.factory.support.DefaultListableBeanFactory.resolveDependency(DefaultListableBeanFactory.java:1337)
	at org.springframework.beans.factory.annotation.AutowiredAnnotationBeanPostProcessor$AutowiredFieldElement.resolveFieldValue(AutowiredAnnotationBeanPostProcessor.java:764)
	at org.springframework.beans.factory.annotation.AutowiredAnnotationBeanPostProcessor$AutowiredFieldElement.inject(AutowiredAnnotationBeanPostProcessor.java:747)
	at org.springframework.beans.factory.annotation.InjectionMetadata.inject(InjectionMetadata.java:145)
	at org.springframework.beans.factory.annotation.AutowiredAnnotationBeanPostProcessor.postProcessProperties(AutowiredAnnotationBeanPostProcessor.java:492)
	at org.springframework.beans.factory.support.AbstractAutowireCapableBeanFactory.populateBean(AbstractAutowireCapableBeanFactory.java:1416)
	at org.springframework.beans.factory.support.AbstractAutowireCapableBeanFactory.doCreateBean(AbstractAutowireCapableBeanFactory.java:597)
	at org.springframework.beans.factory.support.AbstractAutowireCapableBeanFactory.createBean(AbstractAutowireCapableBeanFactory.java:520)
	at org.springframework.beans.factory.support.AbstractBeanFactory.lambda$doGetBean$0(AbstractBeanFactory.java:325)
	at org.springframework.beans.factory.support.DefaultSingletonBeanRegistry.getSingleton(DefaultSingletonBeanRegistry.java:234)
	at org.springframework.beans.factory.support.AbstractBeanFactory.doGetBean(AbstractBeanFactory.java:323)
	at org.springframework.beans.factory.support.AbstractBeanFactory.getBean(AbstractBeanFactory.java:199)
	at org.springframework.beans.factory.config.DependencyDescriptor.resolveCandidate(DependencyDescriptor.java:254)
	at org.springframework.beans.factory.support.DefaultListableBeanFactory.doResolveDependency(DefaultListableBeanFactory.java:1417)
	at org.springframework.beans.factory.support.DefaultListableBeanFactory.resolveDependency(DefaultListableBeanFactory.java:1337)
	at org.springframework.beans.factory.annotation.AutowiredAnnotationBeanPostProcessor$AutowiredFieldElement.resolveFieldValue(AutowiredAnnotationBeanPostProcessor.java:764)
	at org.springframework.beans.factory.annotation.AutowiredAnnotationBeanPostProcessor$AutowiredFieldElement.inject(AutowiredAnnotationBeanPostProcessor.java:747)
	at org.springframework.beans.factory.annotation.InjectionMetadata.inject(InjectionMetadata.java:145)
	at org.springframework.beans.factory.annotation.AutowiredAnnotationBeanPostProcessor.postProcessProperties(AutowiredAnnotationBeanPostProcessor.java:492)
	at org.springframework.beans.factory.support.AbstractAutowireCapableBeanFactory.populateBean(AbstractAutowireCapableBeanFactory.java:1416)
	at org.springframework.beans.factory.support.AbstractAutowireCapableBeanFactory.doCreateBean(AbstractAutowireCapableBeanFactory.java:597)
	at org.springframework.beans.factory.support.AbstractAutowireCapableBeanFactory.createBean(AbstractAutowireCapableBeanFactory.java:520)
	at org.springframework.beans.factory.support.AbstractBeanFactory.lambda$doGetBean$0(AbstractBeanFactory.java:325)
	at org.springframework.beans.factory.support.DefaultSingletonBeanRegistry.getSingleton(DefaultSingletonBeanRegistry.java:234)
	at org.springframework.beans.factory.support.AbstractBeanFactory.doGetBean(AbstractBeanFactory.java:323)
	at org.springframework.beans.factory.support.AbstractBeanFactory.getBean(AbstractBeanFactory.java:199)
	at org.springframework.beans.factory.config.DependencyDescriptor.resolveCandidate(DependencyDescriptor.java:254)
	at org.springframework.beans.factory.support.DefaultListableBeanFactory.doResolveDependency(DefaultListableBeanFactory.java:1417)
	at org.springframework.beans.factory.support.DefaultListableBeanFactory.resolveDependency(DefaultListableBeanFactory.java:1337)
	at org.springframework.beans.factory.annotation.AutowiredAnnotationBeanPostProcessor$AutowiredFieldElement.resolveFieldValue(AutowiredAnnotationBeanPostProcessor.java:764)
	at org.springframework.beans.factory.annotation.AutowiredAnnotationBeanPostProcessor$AutowiredFieldElement.inject(AutowiredAnnotationBeanPostProcessor.java:747)
	at org.springframework.beans.factory.annotation.InjectionMetadata.inject(InjectionMetadata.java:145)
	at org.springframework.beans.factory.annotation.AutowiredAnnotationBeanPostProcessor.postProcessProperties(AutowiredAnnotationBeanPostProcessor.java:492)
	at org.springframework.beans.factory.support.AbstractAutowireCapableBeanFactory.populateBean(AbstractAutowireCapableBeanFactory.java:1416)
	at org.springframework.beans.factory.support.AbstractAutowireCapableBeanFactory.doCreateBean(AbstractAutowireCapableBeanFactory.java:597)
	at org.springframework.beans.factory.support.AbstractAutowireCapableBeanFactory.createBean(AbstractAutowireCapableBeanFactory.java:520)
	at org.springframework.beans.factory.support.AbstractBeanFactory.lambda$doGetBean$0(AbstractBeanFactory.java:325)
	at org.springframework.beans.factory.support.DefaultSingletonBeanRegistry.getSingleton(DefaultSingletonBeanRegistry.java:234)
	at org.springframework.beans.factory.support.AbstractBeanFactory.doGetBean(AbstractBeanFactory.java:323)
	at org.springframework.beans.factory.support.AbstractBeanFactory.getBean(AbstractBeanFactory.java:199)
	at org.springframework.beans.factory.support.DefaultListableBeanFactory.preInstantiateSingletons(DefaultListableBeanFactory.java:973)
	at org.springframework.context.support.AbstractApplicationContext.finishBeanFactoryInitialization(AbstractApplicationContext.java:950)
	at org.springframework.context.support.AbstractApplicationContext.refresh(AbstractApplicationContext.java:616)
	at org.springframework.boot.SpringApplication.refresh(SpringApplication.java:738)
	at org.springframework.boot.SpringApplication.refreshContext(SpringApplication.java:440)
	at org.springframework.boot.SpringApplication.run(SpringApplication.java:316)
	at org.springframework.boot.test.context.SpringBootContextLoader.lambda$loadContext$3(SpringBootContextLoader.java:137)
	at org.springframework.util.function.ThrowingSupplier.get(ThrowingSupplier.java:58)
	at org.springframework.util.function.ThrowingSupplier.get(ThrowingSupplier.java:46)
	at org.springframework.boot.SpringApplication.withHook(SpringApplication.java:1406)
	at org.springframework.boot.test.context.SpringBootContextLoader$ContextLoaderHook.run(SpringBootContextLoader.java:545)
	at org.springframework.boot.test.context.SpringBootContextLoader.loadContext(SpringBootContextLoader.java:137)
	at org.springframework.boot.test.context.SpringBootContextLoader.loadContext(SpringBootContextLoader.java:108)
	at org.springframework.test.context.cache.DefaultCacheAwareContextLoaderDelegate.loadContextInternal(DefaultCacheAwareContextLoaderDelegate.java:187)
	at org.springframework.test.context.cache.DefaultCacheAwareContextLoaderDelegate.loadContext(DefaultCacheAwareContextLoaderDelegate.java:119)
	at org.springframework.test.context.support.DefaultTestContext.getApplicationContext(DefaultTestContext.java:127)
	at org.springframework.test.context.web.ServletTestExecutionListener.setUpRequestContextIfNecessary(ServletTestExecutionListener.java:191)
	at org.springframework.test.context.web.ServletTestExecutionListener.prepareTestInstance(ServletTestExecutionListener.java:130)
	at org.springframework.test.context.TestContextManager.prepareTestInstance(TestContextManager.java:241)
	at org.springframework.test.context.junit.jupiter.SpringExtension.postProcessTestInstance(SpringExtension.java:138)
	at org.junit.jupiter.engine.descriptor.ClassBasedTestDescriptor.lambda$invokeTestInstancePostProcessors$10(ClassBasedTestDescriptor.java:377)
	at org.junit.jupiter.engine.descriptor.ClassBasedTestDescriptor.executeAndMaskThrowable(ClassBasedTestDescriptor.java:382)
	at org.junit.jupiter.engine.descriptor.ClassBasedTestDescriptor.lambda$invokeTestInstancePostProcessors$11(ClassBasedTestDescriptor.java:377)
	at java.base/java.util.stream.ReferencePipeline$3$1.accept(ReferencePipeline.java:197)
	at java.base/java.util.stream.ReferencePipeline$2$1.accept(ReferencePipeline.java:179)
	at java.base/java.util.ArrayList$ArrayListSpliterator.forEachRemaining(ArrayList.java:1625)
	at java.base/java.util.stream.AbstractPipeline.copyInto(AbstractPipeline.java:509)
	at java.base/java.util.stream.AbstractPipeline.wrapAndCopyInto(AbstractPipeline.java:499)
	at java.base/java.util.stream.StreamSpliterators$WrappingSpliterator.forEachRemaining(StreamSpliterators.java:310)
	at java.base/java.util.stream.Streams$ConcatSpliterator.forEachRemaining(Streams.java:735)
	at java.base/java.util.stream.Streams$ConcatSpliterator.forEachRemaining(Streams.java:734)
	at java.base/java.util.stream.ReferencePipeline$Head.forEach(ReferencePipeline.java:762)
	at org.junit.jupiter.engine.descriptor.ClassBasedTestDescriptor.invokeTestInstancePostProcessors(ClassBasedTestDescriptor.java:376)
	at org.junit.jupiter.engine.descriptor.ClassBasedTestDescriptor.lambda$instantiateAndPostProcessTestInstance$6(ClassBasedTestDescriptor.java:289)
	at org.junit.platform.engine.support.hierarchical.ThrowableCollector.execute(ThrowableCollector.java:73)
	at org.junit.jupiter.engine.descriptor.ClassBasedTestDescriptor.instantiateAndPostProcessTestInstance(ClassBasedTestDescriptor.java:288)
	at org.junit.jupiter.engine.descriptor.ClassBasedTestDescriptor.lambda$testInstancesProvider$4(ClassBasedTestDescriptor.java:278)
	at java.base/java.util.Optional.orElseGet(Optional.java:364)
	at org.junit.jupiter.engine.descriptor.ClassBasedTestDescriptor.lambda$testInstancesProvider$5(ClassBasedTestDescriptor.java:277)
	at org.junit.jupiter.engine.execution.TestInstancesProvider.getTestInstances(TestInstancesProvider.java:31)
	at org.junit.jupiter.engine.descriptor.TestMethodTestDescriptor.lambda$prepare$0(TestMethodTestDescriptor.java:105)
	at org.junit.platform.engine.support.hierarchical.ThrowableCollector.execute(ThrowableCollector.java:73)
	at org.junit.jupiter.engine.descriptor.TestMethodTestDescriptor.prepare(TestMethodTestDescriptor.java:104)
	at org.junit.jupiter.engine.descriptor.TestMethodTestDescriptor.prepare(TestMethodTestDescriptor.java:68)
	at org.junit.platform.engine.support.hierarchical.NodeTestTask.lambda$prepare$2(NodeTestTask.java:123)
	at org.junit.platform.engine.support.hierarchical.ThrowableCollector.execute(ThrowableCollector.java:73)
	at org.junit.platform.engine.support.hierarchical.NodeTestTask.prepare(NodeTestTask.java:123)
	at org.junit.platform.engine.support.hierarchical.NodeTestTask.execute(NodeTestTask.java:90)
	at java.base/java.util.ArrayList.forEach(ArrayList.java:1511)
	at org.junit.platform.engine.support.hierarchical.SameThreadHierarchicalTestExecutorService.invokeAll(SameThreadHierarchicalTestExecutorService.java:41)
	at org.junit.platform.engine.support.hierarchical.NodeTestTask.lambda$executeRecursively$6(NodeTestTask.java:155)
	at org.junit.platform.engine.support.hierarchical.ThrowableCollector.execute(ThrowableCollector.java:73)
	at org.junit.platform.engine.support.hierarchical.NodeTestTask.lambda$executeRecursively$8(NodeTestTask.java:141)
	at org.junit.platform.engine.support.hierarchical.Node.around(Node.java:137)
	at org.junit.platform.engine.support.hierarchical.NodeTestTask.lambda$executeRecursively$9(NodeTestTask.java:139)
	at org.junit.platform.engine.support.hierarchical.ThrowableCollector.execute(ThrowableCollector.java:73)
	at org.junit.platform.engine.support.hierarchical.NodeTestTask.executeRecursively(NodeTestTask.java:138)
	at org.junit.platform.engine.support.hierarchical.NodeTestTask.execute(NodeTestTask.java:95)
	at java.base/java.util.ArrayList.forEach(ArrayList.java:1511)
	at org.junit.platform.engine.support.hierarchical.SameThreadHierarchicalTestExecutorService.invokeAll(SameThreadHierarchicalTestExecutorService.java:41)
	at org.junit.platform.engine.support.hierarchical.NodeTestTask.lambda$executeRecursively$6(NodeTestTask.java:155)
	at org.junit.platform.engine.support.hierarchical.ThrowableCollector.execute(ThrowableCollector.java:73)
	at org.junit.platform.engine.support.hierarchical.NodeTestTask.lambda$executeRecursively$8(NodeTestTask.java:141)
	at org.junit.platform.engine.support.hierarchical.Node.around(Node.java:137)
	at org.junit.platform.engine.support.hierarchical.NodeTestTask.lambda$executeRecursively$9(NodeTestTask.java:139)
	at org.junit.platform.engine.support.hierarchical.ThrowableCollector.execute(ThrowableCollector.java:73)
	at org.junit.platform.engine.support.hierarchical.NodeTestTask.executeRecursively(NodeTestTask.java:138)
	at org.junit.platform.engine.support.hierarchical.NodeTestTask.execute(NodeTestTask.java:95)
	at org.junit.platform.engine.support.hierarchical.SameThreadHierarchicalTestExecutorService.submit(SameThreadHierarchicalTestExecutorService.java:35)
	at org.junit.platform.engine.support.hierarchical.HierarchicalTestExecutor.execute(HierarchicalTestExecutor.java:57)
	at org.junit.platform.engine.support.hierarchical.HierarchicalTestEngine.execute(HierarchicalTestEngine.java:54)
	at org.junit.platform.launcher.core.EngineExecutionOrchestrator.execute(EngineExecutionOrchestrator.java:147)
	at org.junit.platform.launcher.core.EngineExecutionOrchestrator.execute(EngineExecutionOrchestrator.java:127)
	at org.junit.platform.launcher.core.EngineExecutionOrchestrator.execute(EngineExecutionOrchestrator.java:90)
	at org.junit.platform.launcher.core.EngineExecutionOrchestrator.lambda$execute$0(EngineExecutionOrchestrator.java:55)
	at org.junit.platform.launcher.core.EngineExecutionOrchestrator.withInterceptedStreams(EngineExecutionOrchestrator.java:102)
	at org.junit.platform.launcher.core.EngineExecutionOrchestrator.execute(EngineExecutionOrchestrator.java:54)
	at org.junit.platform.launcher.core.DefaultLauncher.execute(DefaultLauncher.java:114)
	at org.junit.platform.launcher.core.DefaultLauncher.execute(DefaultLauncher.java:86)
	at org.junit.platform.launcher.core.DefaultLauncherSession$DelegatingLauncher.execute(DefaultLauncherSession.java:86)
	at org.apache.maven.surefire.junitplatform.LazyLauncher.execute(LazyLauncher.java:50)
	at org.apache.maven.surefire.junitplatform.JUnitPlatformProvider.execute(JUnitPlatformProvider.java:184)
	at org.apache.maven.surefire.junitplatform.JUnitPlatformProvider.invokeAllTests(JUnitPlatformProvider.java:148)
	at org.apache.maven.surefire.junitplatform.JUnitPlatformProvider.invoke(JUnitPlatformProvider.java:122)
	at org.apache.maven.surefire.booter.ForkedBooter.runSuitesInProcess(ForkedBooter.java:385)
	at org.apache.maven.surefire.booter.ForkedBooter.execute(ForkedBooter.java:162)
	at org.apache.maven.surefire.booter.ForkedBooter.run(ForkedBooter.java:507)
	at org.apache.maven.surefire.booter.ForkedBooter.main(ForkedBooter.java:495)
2023-11-24 12:36:42,025 TRACE o.h.i.SessionImpl [SessionImpl.java:402] Closing session [ab557bf8-3a55-4c80-9599-c777b1b6ddae]
2023-11-24 12:36:42,025 TRACE o.h.e.j.i.JdbcCoordinatorImpl [JdbcCoordinatorImpl.java:152] Closing JDBC container [org.hibernate.engine.jdbc.internal.JdbcCoordinatorImpl@55d42164]
2023-11-24 12:36:42,025 TRACE o.h.r.j.i.ResourceRegistryStandardImpl [ResourceRegistryStandardImpl.java:329] Releasing JDBC resources
2023-11-24 12:36:42,025 TRACE o.h.r.j.i.LogicalConnectionManagedImpl [LogicalConnectionManagedImpl.java:256] Closing logical connection
2023-11-24 12:36:42,026 TRACE o.h.r.j.i.LogicalConnectionManagedImpl [LogicalConnectionManagedImpl.java:263] Logical connection closed
2023-11-24 12:36:42,026 TRACE o.h.i.SessionFactoryImpl$SessionBuilderImpl [SessionFactoryImpl.java:1298] Opening Hibernate Session.  tenant=null
2023-11-24 12:36:42,026 TRACE o.h.i.SessionImpl [SessionImpl.java:262] Opened Session [cc9e8c57-81bb-4eb3-a4cc-5c4da7b20080] at timestamp: 1700825802026
2023-11-24 12:36:42,026 TRACE o.h.i.SessionImpl [SessionImpl.java:402] Closing session [cc9e8c57-81bb-4eb3-a4cc-5c4da7b20080]
2023-11-24 12:36:42,027 TRACE o.h.e.j.i.JdbcCoordinatorImpl [JdbcCoordinatorImpl.java:152] Closing JDBC container [org.hibernate.engine.jdbc.internal.JdbcCoordinatorImpl@641c90b3]
2023-11-24 12:36:42,027 TRACE o.h.r.j.i.ResourceRegistryStandardImpl [ResourceRegistryStandardImpl.java:329] Releasing JDBC resources
2023-11-24 12:36:42,027 TRACE o.h.r.j.i.LogicalConnectionManagedImpl [LogicalConnectionManagedImpl.java:256] Closing logical connection
2023-11-24 12:36:42,027 TRACE o.h.r.j.i.LogicalConnectionManagedImpl [LogicalConnectionManagedImpl.java:263] Logical connection closed
2023-11-24 12:36:42,031 TRACE o.h.i.SessionFactoryImpl$SessionBuilderImpl [SessionFactoryImpl.java:1298] Opening Hibernate Session.  tenant=null
2023-11-24 12:36:42,031 TRACE o.h.i.SessionImpl [SessionImpl.java:262] Opened Session [07ffbfb0-8a3e-4576-b093-233231066cb4] at timestamp: 1700825802031
2023-11-24 12:36:42,032 DEBUG o.h.r.t.b.j.i.JdbcResourceLocalTransactionCoordinatorImpl [JdbcResourceLocalTransactionCoordinatorImpl.java:310] JDBC transaction marked for rollback-only (exception provided for stack trace)
java.lang.Exception: exception just for purpose of providing stack trace
	at org.hibernate.resource.transaction.backend.jdbc.internal.JdbcResourceLocalTransactionCoordinatorImpl$TransactionDriverControlImpl.markRollbackOnly(JdbcResourceLocalTransactionCoordinatorImpl.java:310)
	at org.hibernate.internal.AbstractSharedSessionContract.buildNamedQuery(AbstractSharedSessionContract.java:1021)
	at org.hibernate.internal.AbstractSharedSessionContract.createNamedQuery(AbstractSharedSessionContract.java:899)
	at org.hibernate.internal.AbstractSharedSessionContract.createNamedQuery(AbstractSharedSessionContract.java:120)
	at jdk.internal.reflect.GeneratedMethodAccessor47.invoke(Unknown Source)
	at java.base/jdk.internal.reflect.DelegatingMethodAccessorImpl.invoke(DelegatingMethodAccessorImpl.java:43)
	at java.base/java.lang.reflect.Method.invoke(Method.java:568)
	at org.springframework.orm.jpa.ExtendedEntityManagerCreator$ExtendedEntityManagerInvocationHandler.invoke(ExtendedEntityManagerCreator.java:360)
	at jdk.proxy2/jdk.proxy2.$Proxy191.createNamedQuery(Unknown Source)
	at org.springframework.data.jpa.repository.query.NamedQuery.hasNamedQuery(NamedQuery.java:113)
	at org.springframework.data.jpa.repository.query.JpaQueryLookupStrategy$DeclaredQueryLookupStrategy.getCountQuery(JpaQueryLookupStrategy.java:204)
	at org.springframework.data.jpa.repository.query.JpaQueryLookupStrategy$DeclaredQueryLookupStrategy.resolveQuery(JpaQueryLookupStrategy.java:171)
	at org.springframework.data.jpa.repository.query.JpaQueryLookupStrategy$CreateIfNotFoundQueryLookupStrategy.resolveQuery(JpaQueryLookupStrategy.java:252)
	at org.springframework.data.jpa.repository.query.JpaQueryLookupStrategy$AbstractQueryLookupStrategy.resolveQuery(JpaQueryLookupStrategy.java:95)
	at org.springframework.data.repository.core.support.QueryExecutorMethodInterceptor.lookupQuery(QueryExecutorMethodInterceptor.java:111)
	at org.springframework.data.repository.core.support.QueryExecutorMethodInterceptor.mapMethodsToQuery(QueryExecutorMethodInterceptor.java:99)
	at org.springframework.data.repository.core.support.QueryExecutorMethodInterceptor.lambda$new$0(QueryExecutorMethodInterceptor.java:88)
	at java.base/java.util.Optional.map(Optional.java:260)
	at org.springframework.data.repository.core.support.QueryExecutorMethodInterceptor.<init>(QueryExecutorMethodInterceptor.java:88)
	at org.springframework.data.repository.core.support.RepositoryFactorySupport.getRepository(RepositoryFactorySupport.java:357)
	at org.springframework.data.repository.core.support.RepositoryFactoryBeanSupport.lambda$afterPropertiesSet$5(RepositoryFactoryBeanSupport.java:279)
	at org.springframework.data.util.Lazy.getNullable(Lazy.java:245)
	at org.springframework.data.util.Lazy.get(Lazy.java:114)
	at org.springframework.data.repository.core.support.RepositoryFactoryBeanSupport.afterPropertiesSet(RepositoryFactoryBeanSupport.java:285)
	at org.springframework.data.jpa.repository.support.JpaRepositoryFactoryBean.afterPropertiesSet(JpaRepositoryFactoryBean.java:132)
	at org.springframework.beans.factory.support.AbstractAutowireCapableBeanFactory.invokeInitMethods(AbstractAutowireCapableBeanFactory.java:1817)
	at org.springframework.beans.factory.support.AbstractAutowireCapableBeanFactory.initializeBean(AbstractAutowireCapableBeanFactory.java:1766)
	at org.springframework.beans.factory.support.AbstractAutowireCapableBeanFactory.doCreateBean(AbstractAutowireCapableBeanFactory.java:598)
	at org.springframework.beans.factory.support.AbstractAutowireCapableBeanFactory.createBean(AbstractAutowireCapableBeanFactory.java:520)
	at org.springframework.beans.factory.support.AbstractBeanFactory.lambda$doGetBean$0(AbstractBeanFactory.java:325)
	at org.springframework.beans.factory.support.DefaultSingletonBeanRegistry.getSingleton(DefaultSingletonBeanRegistry.java:234)
	at org.springframework.beans.factory.support.AbstractBeanFactory.doGetBean(AbstractBeanFactory.java:323)
	at org.springframework.beans.factory.support.AbstractBeanFactory.getBean(AbstractBeanFactory.java:199)
	at org.springframework.beans.factory.config.DependencyDescriptor.resolveCandidate(DependencyDescriptor.java:254)
	at org.springframework.beans.factory.support.DefaultListableBeanFactory.doResolveDependency(DefaultListableBeanFactory.java:1417)
	at org.springframework.beans.factory.support.DefaultListableBeanFactory.resolveDependency(DefaultListableBeanFactory.java:1337)
	at org.springframework.beans.factory.annotation.AutowiredAnnotationBeanPostProcessor$AutowiredFieldElement.resolveFieldValue(AutowiredAnnotationBeanPostProcessor.java:764)
	at org.springframework.beans.factory.annotation.AutowiredAnnotationBeanPostProcessor$AutowiredFieldElement.inject(AutowiredAnnotationBeanPostProcessor.java:747)
	at org.springframework.beans.factory.annotation.InjectionMetadata.inject(InjectionMetadata.java:145)
	at org.springframework.beans.factory.annotation.AutowiredAnnotationBeanPostProcessor.postProcessProperties(AutowiredAnnotationBeanPostProcessor.java:492)
	at org.springframework.beans.factory.support.AbstractAutowireCapableBeanFactory.populateBean(AbstractAutowireCapableBeanFactory.java:1416)
	at org.springframework.beans.factory.support.AbstractAutowireCapableBeanFactory.doCreateBean(AbstractAutowireCapableBeanFactory.java:597)
	at org.springframework.beans.factory.support.AbstractAutowireCapableBeanFactory.createBean(AbstractAutowireCapableBeanFactory.java:520)
	at org.springframework.beans.factory.support.AbstractBeanFactory.lambda$doGetBean$0(AbstractBeanFactory.java:325)
	at org.springframework.beans.factory.support.DefaultSingletonBeanRegistry.getSingleton(DefaultSingletonBeanRegistry.java:234)
	at org.springframework.beans.factory.support.AbstractBeanFactory.doGetBean(AbstractBeanFactory.java:323)
	at org.springframework.beans.factory.support.AbstractBeanFactory.getBean(AbstractBeanFactory.java:199)
	at org.springframework.beans.factory.config.DependencyDescriptor.resolveCandidate(DependencyDescriptor.java:254)
	at org.springframework.beans.factory.support.DefaultListableBeanFactory.doResolveDependency(DefaultListableBeanFactory.java:1417)
	at org.springframework.beans.factory.support.DefaultListableBeanFactory.resolveDependency(DefaultListableBeanFactory.java:1337)
	at org.springframework.beans.factory.annotation.AutowiredAnnotationBeanPostProcessor$AutowiredFieldElement.resolveFieldValue(AutowiredAnnotationBeanPostProcessor.java:764)
	at org.springframework.beans.factory.annotation.AutowiredAnnotationBeanPostProcessor$AutowiredFieldElement.inject(AutowiredAnnotationBeanPostProcessor.java:747)
	at org.springframework.beans.factory.annotation.InjectionMetadata.inject(InjectionMetadata.java:145)
	at org.springframework.beans.factory.annotation.AutowiredAnnotationBeanPostProcessor.postProcessProperties(AutowiredAnnotationBeanPostProcessor.java:492)
	at org.springframework.beans.factory.support.AbstractAutowireCapableBeanFactory.populateBean(AbstractAutowireCapableBeanFactory.java:1416)
	at org.springframework.beans.factory.support.AbstractAutowireCapableBeanFactory.doCreateBean(AbstractAutowireCapableBeanFactory.java:597)
	at org.springframework.beans.factory.support.AbstractAutowireCapableBeanFactory.createBean(AbstractAutowireCapableBeanFactory.java:520)
	at org.springframework.beans.factory.support.AbstractBeanFactory.lambda$doGetBean$0(AbstractBeanFactory.java:325)
	at org.springframework.beans.factory.support.DefaultSingletonBeanRegistry.getSingleton(DefaultSingletonBeanRegistry.java:234)
	at org.springframework.beans.factory.support.AbstractBeanFactory.doGetBean(AbstractBeanFactory.java:323)
	at org.springframework.beans.factory.support.AbstractBeanFactory.getBean(AbstractBeanFactory.java:199)
	at org.springframework.beans.factory.config.DependencyDescriptor.resolveCandidate(DependencyDescriptor.java:254)
	at org.springframework.beans.factory.support.DefaultListableBeanFactory.doResolveDependency(DefaultListableBeanFactory.java:1417)
	at org.springframework.beans.factory.support.DefaultListableBeanFactory.resolveDependency(DefaultListableBeanFactory.java:1337)
	at org.springframework.beans.factory.annotation.AutowiredAnnotationBeanPostProcessor$AutowiredFieldElement.resolveFieldValue(AutowiredAnnotationBeanPostProcessor.java:764)
	at org.springframework.beans.factory.annotation.AutowiredAnnotationBeanPostProcessor$AutowiredFieldElement.inject(AutowiredAnnotationBeanPostProcessor.java:747)
	at org.springframework.beans.factory.annotation.InjectionMetadata.inject(InjectionMetadata.java:145)
	at org.springframework.beans.factory.annotation.AutowiredAnnotationBeanPostProcessor.postProcessProperties(AutowiredAnnotationBeanPostProcessor.java:492)
	at org.springframework.beans.factory.support.AbstractAutowireCapableBeanFactory.populateBean(AbstractAutowireCapableBeanFactory.java:1416)
	at org.springframework.beans.factory.support.AbstractAutowireCapableBeanFactory.doCreateBean(AbstractAutowireCapableBeanFactory.java:597)
	at org.springframework.beans.factory.support.AbstractAutowireCapableBeanFactory.createBean(AbstractAutowireCapableBeanFactory.java:520)
	at org.springframework.beans.factory.support.AbstractBeanFactory.lambda$doGetBean$0(AbstractBeanFactory.java:325)
	at org.springframework.beans.factory.support.DefaultSingletonBeanRegistry.getSingleton(DefaultSingletonBeanRegistry.java:234)
	at org.springframework.beans.factory.support.AbstractBeanFactory.doGetBean(AbstractBeanFactory.java:323)
	at org.springframework.beans.factory.support.AbstractBeanFactory.getBean(AbstractBeanFactory.java:199)
	at org.springframework.beans.factory.support.DefaultListableBeanFactory.preInstantiateSingletons(DefaultListableBeanFactory.java:973)
	at org.springframework.context.support.AbstractApplicationContext.finishBeanFactoryInitialization(AbstractApplicationContext.java:950)
	at org.springframework.context.support.AbstractApplicationContext.refresh(AbstractApplicationContext.java:616)
	at org.springframework.boot.SpringApplication.refresh(SpringApplication.java:738)
	at org.springframework.boot.SpringApplication.refreshContext(SpringApplication.java:440)
	at org.springframework.boot.SpringApplication.run(SpringApplication.java:316)
	at org.springframework.boot.test.context.SpringBootContextLoader.lambda$loadContext$3(SpringBootContextLoader.java:137)
	at org.springframework.util.function.ThrowingSupplier.get(ThrowingSupplier.java:58)
	at org.springframework.util.function.ThrowingSupplier.get(ThrowingSupplier.java:46)
	at org.springframework.boot.SpringApplication.withHook(SpringApplication.java:1406)
	at org.springframework.boot.test.context.SpringBootContextLoader$ContextLoaderHook.run(SpringBootContextLoader.java:545)
	at org.springframework.boot.test.context.SpringBootContextLoader.loadContext(SpringBootContextLoader.java:137)
	at org.springframework.boot.test.context.SpringBootContextLoader.loadContext(SpringBootContextLoader.java:108)
	at org.springframework.test.context.cache.DefaultCacheAwareContextLoaderDelegate.loadContextInternal(DefaultCacheAwareContextLoaderDelegate.java:187)
	at org.springframework.test.context.cache.DefaultCacheAwareContextLoaderDelegate.loadContext(DefaultCacheAwareContextLoaderDelegate.java:119)
	at org.springframework.test.context.support.DefaultTestContext.getApplicationContext(DefaultTestContext.java:127)
	at org.springframework.test.context.web.ServletTestExecutionListener.setUpRequestContextIfNecessary(ServletTestExecutionListener.java:191)
	at org.springframework.test.context.web.ServletTestExecutionListener.prepareTestInstance(ServletTestExecutionListener.java:130)
	at org.springframework.test.context.TestContextManager.prepareTestInstance(TestContextManager.java:241)
	at org.springframework.test.context.junit.jupiter.SpringExtension.postProcessTestInstance(SpringExtension.java:138)
	at org.junit.jupiter.engine.descriptor.ClassBasedTestDescriptor.lambda$invokeTestInstancePostProcessors$10(ClassBasedTestDescriptor.java:377)
	at org.junit.jupiter.engine.descriptor.ClassBasedTestDescriptor.executeAndMaskThrowable(ClassBasedTestDescriptor.java:382)
	at org.junit.jupiter.engine.descriptor.ClassBasedTestDescriptor.lambda$invokeTestInstancePostProcessors$11(ClassBasedTestDescriptor.java:377)
	at java.base/java.util.stream.ReferencePipeline$3$1.accept(ReferencePipeline.java:197)
	at java.base/java.util.stream.ReferencePipeline$2$1.accept(ReferencePipeline.java:179)
	at java.base/java.util.ArrayList$ArrayListSpliterator.forEachRemaining(ArrayList.java:1625)
	at java.base/java.util.stream.AbstractPipeline.copyInto(AbstractPipeline.java:509)
	at java.base/java.util.stream.AbstractPipeline.wrapAndCopyInto(AbstractPipeline.java:499)
	at java.base/java.util.stream.StreamSpliterators$WrappingSpliterator.forEachRemaining(StreamSpliterators.java:310)
	at java.base/java.util.stream.Streams$ConcatSpliterator.forEachRemaining(Streams.java:735)
	at java.base/java.util.stream.Streams$ConcatSpliterator.forEachRemaining(Streams.java:734)
	at java.base/java.util.stream.ReferencePipeline$Head.forEach(ReferencePipeline.java:762)
	at org.junit.jupiter.engine.descriptor.ClassBasedTestDescriptor.invokeTestInstancePostProcessors(ClassBasedTestDescriptor.java:376)
	at org.junit.jupiter.engine.descriptor.ClassBasedTestDescriptor.lambda$instantiateAndPostProcessTestInstance$6(ClassBasedTestDescriptor.java:289)
	at org.junit.platform.engine.support.hierarchical.ThrowableCollector.execute(ThrowableCollector.java:73)
	at org.junit.jupiter.engine.descriptor.ClassBasedTestDescriptor.instantiateAndPostProcessTestInstance(ClassBasedTestDescriptor.java:288)
	at org.junit.jupiter.engine.descriptor.ClassBasedTestDescriptor.lambda$testInstancesProvider$4(ClassBasedTestDescriptor.java:278)
	at java.base/java.util.Optional.orElseGet(Optional.java:364)
	at org.junit.jupiter.engine.descriptor.ClassBasedTestDescriptor.lambda$testInstancesProvider$5(ClassBasedTestDescriptor.java:277)
	at org.junit.jupiter.engine.execution.TestInstancesProvider.getTestInstances(TestInstancesProvider.java:31)
	at org.junit.jupiter.engine.descriptor.TestMethodTestDescriptor.lambda$prepare$0(TestMethodTestDescriptor.java:105)
	at org.junit.platform.engine.support.hierarchical.ThrowableCollector.execute(ThrowableCollector.java:73)
	at org.junit.jupiter.engine.descriptor.TestMethodTestDescriptor.prepare(TestMethodTestDescriptor.java:104)
	at org.junit.jupiter.engine.descriptor.TestMethodTestDescriptor.prepare(TestMethodTestDescriptor.java:68)
	at org.junit.platform.engine.support.hierarchical.NodeTestTask.lambda$prepare$2(NodeTestTask.java:123)
	at org.junit.platform.engine.support.hierarchical.ThrowableCollector.execute(ThrowableCollector.java:73)
	at org.junit.platform.engine.support.hierarchical.NodeTestTask.prepare(NodeTestTask.java:123)
	at org.junit.platform.engine.support.hierarchical.NodeTestTask.execute(NodeTestTask.java:90)
	at java.base/java.util.ArrayList.forEach(ArrayList.java:1511)
	at org.junit.platform.engine.support.hierarchical.SameThreadHierarchicalTestExecutorService.invokeAll(SameThreadHierarchicalTestExecutorService.java:41)
	at org.junit.platform.engine.support.hierarchical.NodeTestTask.lambda$executeRecursively$6(NodeTestTask.java:155)
	at org.junit.platform.engine.support.hierarchical.ThrowableCollector.execute(ThrowableCollector.java:73)
	at org.junit.platform.engine.support.hierarchical.NodeTestTask.lambda$executeRecursively$8(NodeTestTask.java:141)
	at org.junit.platform.engine.support.hierarchical.Node.around(Node.java:137)
	at org.junit.platform.engine.support.hierarchical.NodeTestTask.lambda$executeRecursively$9(NodeTestTask.java:139)
	at org.junit.platform.engine.support.hierarchical.ThrowableCollector.execute(ThrowableCollector.java:73)
	at org.junit.platform.engine.support.hierarchical.NodeTestTask.executeRecursively(NodeTestTask.java:138)
	at org.junit.platform.engine.support.hierarchical.NodeTestTask.execute(NodeTestTask.java:95)
	at java.base/java.util.ArrayList.forEach(ArrayList.java:1511)
	at org.junit.platform.engine.support.hierarchical.SameThreadHierarchicalTestExecutorService.invokeAll(SameThreadHierarchicalTestExecutorService.java:41)
	at org.junit.platform.engine.support.hierarchical.NodeTestTask.lambda$executeRecursively$6(NodeTestTask.java:155)
	at org.junit.platform.engine.support.hierarchical.ThrowableCollector.execute(ThrowableCollector.java:73)
	at org.junit.platform.engine.support.hierarchical.NodeTestTask.lambda$executeRecursively$8(NodeTestTask.java:141)
	at org.junit.platform.engine.support.hierarchical.Node.around(Node.java:137)
	at org.junit.platform.engine.support.hierarchical.NodeTestTask.lambda$executeRecursively$9(NodeTestTask.java:139)
	at org.junit.platform.engine.support.hierarchical.ThrowableCollector.execute(ThrowableCollector.java:73)
	at org.junit.platform.engine.support.hierarchical.NodeTestTask.executeRecursively(NodeTestTask.java:138)
	at org.junit.platform.engine.support.hierarchical.NodeTestTask.execute(NodeTestTask.java:95)
	at org.junit.platform.engine.support.hierarchical.SameThreadHierarchicalTestExecutorService.submit(SameThreadHierarchicalTestExecutorService.java:35)
	at org.junit.platform.engine.support.hierarchical.HierarchicalTestExecutor.execute(HierarchicalTestExecutor.java:57)
	at org.junit.platform.engine.support.hierarchical.HierarchicalTestEngine.execute(HierarchicalTestEngine.java:54)
	at org.junit.platform.launcher.core.EngineExecutionOrchestrator.execute(EngineExecutionOrchestrator.java:147)
	at org.junit.platform.launcher.core.EngineExecutionOrchestrator.execute(EngineExecutionOrchestrator.java:127)
	at org.junit.platform.launcher.core.EngineExecutionOrchestrator.execute(EngineExecutionOrchestrator.java:90)
	at org.junit.platform.launcher.core.EngineExecutionOrchestrator.lambda$execute$0(EngineExecutionOrchestrator.java:55)
	at org.junit.platform.launcher.core.EngineExecutionOrchestrator.withInterceptedStreams(EngineExecutionOrchestrator.java:102)
	at org.junit.platform.launcher.core.EngineExecutionOrchestrator.execute(EngineExecutionOrchestrator.java:54)
	at org.junit.platform.launcher.core.DefaultLauncher.execute(DefaultLauncher.java:114)
	at org.junit.platform.launcher.core.DefaultLauncher.execute(DefaultLauncher.java:86)
	at org.junit.platform.launcher.core.DefaultLauncherSession$DelegatingLauncher.execute(DefaultLauncherSession.java:86)
	at org.apache.maven.surefire.junitplatform.LazyLauncher.execute(LazyLauncher.java:50)
	at org.apache.maven.surefire.junitplatform.JUnitPlatformProvider.execute(JUnitPlatformProvider.java:184)
	at org.apache.maven.surefire.junitplatform.JUnitPlatformProvider.invokeAllTests(JUnitPlatformProvider.java:148)
	at org.apache.maven.surefire.junitplatform.JUnitPlatformProvider.invoke(JUnitPlatformProvider.java:122)
	at org.apache.maven.surefire.booter.ForkedBooter.runSuitesInProcess(ForkedBooter.java:385)
	at org.apache.maven.surefire.booter.ForkedBooter.execute(ForkedBooter.java:162)
	at org.apache.maven.surefire.booter.ForkedBooter.run(ForkedBooter.java:507)
	at org.apache.maven.surefire.booter.ForkedBooter.main(ForkedBooter.java:495)
2023-11-24 12:36:42,032 TRACE o.h.i.SessionImpl [SessionImpl.java:402] Closing session [07ffbfb0-8a3e-4576-b093-233231066cb4]
2023-11-24 12:36:42,033 TRACE o.h.e.j.i.JdbcCoordinatorImpl [JdbcCoordinatorImpl.java:152] Closing JDBC container [org.hibernate.engine.jdbc.internal.JdbcCoordinatorImpl@66c0d7e5]
2023-11-24 12:36:42,033 TRACE o.h.r.j.i.ResourceRegistryStandardImpl [ResourceRegistryStandardImpl.java:329] Releasing JDBC resources
2023-11-24 12:36:42,033 TRACE o.h.r.j.i.LogicalConnectionManagedImpl [LogicalConnectionManagedImpl.java:256] Closing logical connection
2023-11-24 12:36:42,033 TRACE o.h.r.j.i.LogicalConnectionManagedImpl [LogicalConnectionManagedImpl.java:263] Logical connection closed
2023-11-24 12:36:42,033 TRACE o.h.i.SessionFactoryImpl$SessionBuilderImpl [SessionFactoryImpl.java:1298] Opening Hibernate Session.  tenant=null
2023-11-24 12:36:42,034 TRACE o.h.i.SessionImpl [SessionImpl.java:262] Opened Session [bee2b7dc-e685-4be9-ba66-63d2b256aade] at timestamp: 1700825802034
2023-11-24 12:36:42,034 TRACE o.h.i.SessionImpl [SessionImpl.java:402] Closing session [bee2b7dc-e685-4be9-ba66-63d2b256aade]
2023-11-24 12:36:42,034 TRACE o.h.e.j.i.JdbcCoordinatorImpl [JdbcCoordinatorImpl.java:152] Closing JDBC container [org.hibernate.engine.jdbc.internal.JdbcCoordinatorImpl@12eb0558]
2023-11-24 12:36:42,035 TRACE o.h.r.j.i.ResourceRegistryStandardImpl [ResourceRegistryStandardImpl.java:329] Releasing JDBC resources
2023-11-24 12:36:42,035 TRACE o.h.r.j.i.LogicalConnectionManagedImpl [LogicalConnectionManagedImpl.java:256] Closing logical connection
2023-11-24 12:36:42,035 TRACE o.h.r.j.i.LogicalConnectionManagedImpl [LogicalConnectionManagedImpl.java:263] Logical connection closed
2023-11-24 12:36:42,040 TRACE o.h.i.SessionFactoryImpl$SessionBuilderImpl [SessionFactoryImpl.java:1298] Opening Hibernate Session.  tenant=null
2023-11-24 12:36:42,040 TRACE o.h.i.SessionImpl [SessionImpl.java:262] Opened Session [4062b7b3-bf2c-4d37-bee2-ad43b563b0ac] at timestamp: 1700825802040
2023-11-24 12:36:42,041 TRACE o.h.o.q.p.cache [QueryInterpretationCacheStandardImpl.java:121] QueryPlan#resolveHqlInterpretation( `UPDATE CoursePage c SET c.title = :title, c.bodyText = :bodyText, c.fileName = :fileName, c.code = :code, c.opened_by = :openedBy, c.created_datetime = :createdDatetime, c.statusOpen = :statusOpen WHERE c.id = :id` )
2023-11-24 12:36:42,041 DEBUG o.h.o.q.hql [StandardHqlTranslator.java:75] HQL : UPDATE CoursePage c SET c.title = :title, c.bodyText = :bodyText, c.fileName = :fileName, c.code = :code, c.opened_by = :openedBy, c.created_datetime = :createdDatetime, c.statusOpen = :statusOpen WHERE c.id = :id
2023-11-24 12:36:42,042 DEBUG o.h.o.q.h.reservedWordAsIdentifier [HqlParseTreeBuilder.java:43] Encountered use of reserved word as identifier : =
2023-11-24 12:36:42,043 DEBUG o.h.o.q.h.reservedWordAsIdentifier [HqlParseTreeBuilder.java:43] Encountered use of reserved word as identifier : <EOF>
2023-11-24 12:36:42,043 TRACE o.h.o.q.s.creation [SqmPathRegistryImpl.java:59] SqmProcessingIndex#register(SqmPath) : franco.maurizio.hr.desk.com.persistence.entity.CoursePage(c)
2023-11-24 12:36:42,044 TRACE o.h.o.q.hql [BasicDotIdentifierConsumer.java:83] BasicDotIdentifierHandler#consumeIdentifier( c, true, false ) - c
2023-11-24 12:36:42,044 TRACE o.h.o.q.hql [BasicDotIdentifierConsumer.java:118] BaseLocalSequencePart#consumeIdentifier( c, true, false ) - c
2023-11-24 12:36:42,044 TRACE o.h.o.q.hql [BasicDotIdentifierConsumer.java:83] BasicDotIdentifierHandler#consumeIdentifier( title, false, true ) - c.title
2023-11-24 12:36:42,044 TRACE o.h.o.q.hql [DomainPathPart.java:37] Resolving DomainPathPart(franco.maurizio.hr.desk.com.persistence.entity.CoursePage as c) sub-part : title
2023-11-24 12:36:42,045 TRACE o.h.o.q.s.creation [SqmPathRegistryImpl.java:59] SqmProcessingIndex#register(SqmPath) : franco.maurizio.hr.desk.com.persistence.entity.CoursePage(c).title
2023-11-24 12:36:42,045 DEBUG o.h.o.q.s.creation [AbstractSqmExpression.java:57] Applying inferable type to SqmExpression [SqmNamedParameter(title)] : null -> BasicSqmPathSource(title : String)
2023-11-24 12:36:42,045 TRACE o.h.o.q.hql [BasicDotIdentifierConsumer.java:83] BasicDotIdentifierHandler#consumeIdentifier( c, true, false ) - c
2023-11-24 12:36:42,046 TRACE o.h.o.q.hql [BasicDotIdentifierConsumer.java:118] BaseLocalSequencePart#consumeIdentifier( c, true, false ) - c
2023-11-24 12:36:42,046 TRACE o.h.o.q.hql [BasicDotIdentifierConsumer.java:83] BasicDotIdentifierHandler#consumeIdentifier( bodyText, false, true ) - c.bodyText
2023-11-24 12:36:42,046 TRACE o.h.o.q.hql [DomainPathPart.java:37] Resolving DomainPathPart(franco.maurizio.hr.desk.com.persistence.entity.CoursePage as c) sub-part : bodyText
2023-11-24 12:36:42,047 TRACE o.h.o.q.s.creation [SqmPathRegistryImpl.java:59] SqmProcessingIndex#register(SqmPath) : franco.maurizio.hr.desk.com.persistence.entity.CoursePage(c).bodyText
2023-11-24 12:36:42,047 DEBUG o.h.o.q.s.creation [AbstractSqmExpression.java:57] Applying inferable type to SqmExpression [SqmNamedParameter(bodyText)] : null -> BasicSqmPathSource(bodyText : String)
2023-11-24 12:36:42,047 TRACE o.h.o.q.hql [BasicDotIdentifierConsumer.java:83] BasicDotIdentifierHandler#consumeIdentifier( c, true, false ) - c
2023-11-24 12:36:42,048 TRACE o.h.o.q.hql [BasicDotIdentifierConsumer.java:118] BaseLocalSequencePart#consumeIdentifier( c, true, false ) - c
2023-11-24 12:36:42,048 TRACE o.h.o.q.hql [BasicDotIdentifierConsumer.java:83] BasicDotIdentifierHandler#consumeIdentifier( fileName, false, true ) - c.fileName
2023-11-24 12:36:42,048 TRACE o.h.o.q.hql [DomainPathPart.java:37] Resolving DomainPathPart(franco.maurizio.hr.desk.com.persistence.entity.CoursePage as c) sub-part : fileName
2023-11-24 12:36:42,048 TRACE o.h.o.q.s.creation [SqmPathRegistryImpl.java:59] SqmProcessingIndex#register(SqmPath) : franco.maurizio.hr.desk.com.persistence.entity.CoursePage(c).fileName
2023-11-24 12:36:42,049 DEBUG o.h.o.q.s.creation [AbstractSqmExpression.java:57] Applying inferable type to SqmExpression [SqmNamedParameter(fileName)] : null -> BasicSqmPathSource(fileName : String)
2023-11-24 12:36:42,049 TRACE o.h.o.q.hql [BasicDotIdentifierConsumer.java:83] BasicDotIdentifierHandler#consumeIdentifier( c, true, false ) - c
2023-11-24 12:36:42,049 TRACE o.h.o.q.hql [BasicDotIdentifierConsumer.java:118] BaseLocalSequencePart#consumeIdentifier( c, true, false ) - c
2023-11-24 12:36:42,050 TRACE o.h.o.q.hql [BasicDotIdentifierConsumer.java:83] BasicDotIdentifierHandler#consumeIdentifier( code, false, true ) - c.code
2023-11-24 12:36:42,050 TRACE o.h.o.q.hql [DomainPathPart.java:37] Resolving DomainPathPart(franco.maurizio.hr.desk.com.persistence.entity.CoursePage as c) sub-part : code
2023-11-24 12:36:42,050 TRACE o.h.o.q.s.creation [SqmPathRegistryImpl.java:59] SqmProcessingIndex#register(SqmPath) : franco.maurizio.hr.desk.com.persistence.entity.CoursePage(c).code
2023-11-24 12:36:42,051 DEBUG o.h.o.q.s.creation [AbstractSqmExpression.java:57] Applying inferable type to SqmExpression [SqmNamedParameter(code)] : null -> BasicSqmPathSource(code : String)
2023-11-24 12:36:42,051 TRACE o.h.o.q.hql [BasicDotIdentifierConsumer.java:83] BasicDotIdentifierHandler#consumeIdentifier( c, true, false ) - c
2023-11-24 12:36:42,051 TRACE o.h.o.q.hql [BasicDotIdentifierConsumer.java:118] BaseLocalSequencePart#consumeIdentifier( c, true, false ) - c
2023-11-24 12:36:42,052 TRACE o.h.o.q.hql [BasicDotIdentifierConsumer.java:83] BasicDotIdentifierHandler#consumeIdentifier( opened_by, false, true ) - c.opened_by
2023-11-24 12:36:42,052 TRACE o.h.o.q.hql [DomainPathPart.java:37] Resolving DomainPathPart(franco.maurizio.hr.desk.com.persistence.entity.CoursePage as c) sub-part : opened_by
2023-11-24 12:36:42,052 TRACE o.h.o.q.s.creation [SqmPathRegistryImpl.java:59] SqmProcessingIndex#register(SqmPath) : franco.maurizio.hr.desk.com.persistence.entity.CoursePage(c).opened_by
2023-11-24 12:36:42,053 DEBUG o.h.o.q.s.creation [AbstractSqmExpression.java:57] Applying inferable type to SqmExpression [SqmNamedParameter(openedBy)] : null -> BasicSqmPathSource(opened_by : Long)
2023-11-24 12:36:42,053 TRACE o.h.o.q.hql [BasicDotIdentifierConsumer.java:83] BasicDotIdentifierHandler#consumeIdentifier( c, true, false ) - c
2023-11-24 12:36:42,053 TRACE o.h.o.q.hql [BasicDotIdentifierConsumer.java:118] BaseLocalSequencePart#consumeIdentifier( c, true, false ) - c
2023-11-24 12:36:42,054 TRACE o.h.o.q.hql [BasicDotIdentifierConsumer.java:83] BasicDotIdentifierHandler#consumeIdentifier( created_datetime, false, true ) - c.created_datetime
2023-11-24 12:36:42,054 TRACE o.h.o.q.hql [DomainPathPart.java:37] Resolving DomainPathPart(franco.maurizio.hr.desk.com.persistence.entity.CoursePage as c) sub-part : created_datetime
2023-11-24 12:36:42,054 TRACE o.h.o.q.s.creation [SqmPathRegistryImpl.java:59] SqmProcessingIndex#register(SqmPath) : franco.maurizio.hr.desk.com.persistence.entity.CoursePage(c).created_datetime
2023-11-24 12:36:42,055 DEBUG o.h.o.q.s.creation [AbstractSqmExpression.java:57] Applying inferable type to SqmExpression [SqmNamedParameter(createdDatetime)] : null -> BasicSqmPathSource(created_datetime : LocalDateTime)
2023-11-24 12:36:42,055 TRACE o.h.o.q.hql [BasicDotIdentifierConsumer.java:83] BasicDotIdentifierHandler#consumeIdentifier( c, true, false ) - c
2023-11-24 12:36:42,055 TRACE o.h.o.q.hql [BasicDotIdentifierConsumer.java:118] BaseLocalSequencePart#consumeIdentifier( c, true, false ) - c
2023-11-24 12:36:42,056 TRACE o.h.o.q.hql [BasicDotIdentifierConsumer.java:83] BasicDotIdentifierHandler#consumeIdentifier( statusOpen, false, true ) - c.statusOpen
2023-11-24 12:36:42,056 TRACE o.h.o.q.hql [DomainPathPart.java:37] Resolving DomainPathPart(franco.maurizio.hr.desk.com.persistence.entity.CoursePage as c) sub-part : statusOpen
2023-11-24 12:36:42,056 TRACE o.h.o.q.s.creation [SqmPathRegistryImpl.java:59] SqmProcessingIndex#register(SqmPath) : franco.maurizio.hr.desk.com.persistence.entity.CoursePage(c).statusOpen
2023-11-24 12:36:42,057 DEBUG o.h.o.q.s.creation [AbstractSqmExpression.java:57] Applying inferable type to SqmExpression [SqmNamedParameter(statusOpen)] : null -> BasicSqmPathSource(statusOpen : Boolean)
2023-11-24 12:36:42,057 TRACE o.h.o.q.hql [BasicDotIdentifierConsumer.java:83] BasicDotIdentifierHandler#consumeIdentifier( c, true, false ) - c
2023-11-24 12:36:42,058 TRACE o.h.o.q.hql [BasicDotIdentifierConsumer.java:118] BaseLocalSequencePart#consumeIdentifier( c, true, false ) - c
2023-11-24 12:36:42,058 TRACE o.h.o.q.hql [BasicDotIdentifierConsumer.java:83] BasicDotIdentifierHandler#consumeIdentifier( id, false, true ) - c.id
2023-11-24 12:36:42,058 TRACE o.h.o.q.hql [DomainPathPart.java:37] Resolving DomainPathPart(franco.maurizio.hr.desk.com.persistence.entity.CoursePage as c) sub-part : id
2023-11-24 12:36:42,059 TRACE o.h.o.q.s.creation [SqmPathRegistryImpl.java:59] SqmProcessingIndex#register(SqmPath) : franco.maurizio.hr.desk.com.persistence.entity.CoursePage(c).id
2023-11-24 12:36:42,060 DEBUG o.h.o.q.s.creation [AbstractSqmExpression.java:57] Applying inferable type to SqmExpression [SqmNamedParameter(id)] : null -> BasicSqmPathSource(id : Long)
2023-11-24 12:36:42,060 DEBUG o.h.o.q.s.ast [SqmTreePrinter.java:168] SqmStatement Tree :
    -> [update]
      [target = franco.maurizio.hr.desk.com.persistence.entity.CoursePage(c)]
      -> [set]
        -> [assignment]
          =
            [franco.maurizio.hr.desk.com.persistence.entity.CoursePage(c).title]
            :title
        <- [assignment]
        -> [assignment]
          =
            [franco.maurizio.hr.desk.com.persistence.entity.CoursePage(c).bodyText]
            :bodyText
        <- [assignment]
        -> [assignment]
          =
            [franco.maurizio.hr.desk.com.persistence.entity.CoursePage(c).fileName]
            :fileName
        <- [assignment]
        -> [assignment]
          =
            [franco.maurizio.hr.desk.com.persistence.entity.CoursePage(c).code]
            :code
        <- [assignment]
        -> [assignment]
          =
            [franco.maurizio.hr.desk.com.persistence.entity.CoursePage(c).opened_by]
            :openedBy
        <- [assignment]
        -> [assignment]
          =
            [franco.maurizio.hr.desk.com.persistence.entity.CoursePage(c).created_datetime]
            :createdDatetime
        <- [assignment]
        -> [assignment]
          =
            [franco.maurizio.hr.desk.com.persistence.entity.CoursePage(c).statusOpen]
            :statusOpen
        <- [assignment]
      <- [set]
      -> [where]
        -> [EQUAL]
            -> [basic-path] - `franco.maurizio.hr.desk.com.persistence.entity.CoursePage(c).id`
            :id
        <- [EQUAL]
      <- [where]
    <- [update]

2023-11-24 12:36:42,061 TRACE o.h.i.SessionImpl [SessionImpl.java:402] Closing session [4062b7b3-bf2c-4d37-bee2-ad43b563b0ac]
2023-11-24 12:36:42,062 TRACE o.h.e.j.i.JdbcCoordinatorImpl [JdbcCoordinatorImpl.java:152] Closing JDBC container [org.hibernate.engine.jdbc.internal.JdbcCoordinatorImpl@6aa5d9a8]
2023-11-24 12:36:42,062 TRACE o.h.r.j.i.ResourceRegistryStandardImpl [ResourceRegistryStandardImpl.java:329] Releasing JDBC resources
2023-11-24 12:36:42,062 TRACE o.h.r.j.i.LogicalConnectionManagedImpl [LogicalConnectionManagedImpl.java:256] Closing logical connection
2023-11-24 12:36:42,063 TRACE o.h.r.j.i.LogicalConnectionManagedImpl [LogicalConnectionManagedImpl.java:263] Logical connection closed
2023-11-24 12:36:42,064 TRACE o.h.i.SessionFactoryImpl$SessionBuilderImpl [SessionFactoryImpl.java:1298] Opening Hibernate Session.  tenant=null
2023-11-24 12:36:42,064 TRACE o.h.i.SessionImpl [SessionImpl.java:262] Opened Session [d32f396d-cce6-471d-8b1b-fd3199b7d808] at timestamp: 1700825802064
2023-11-24 12:36:42,065 DEBUG o.h.r.t.b.j.i.JdbcResourceLocalTransactionCoordinatorImpl [JdbcResourceLocalTransactionCoordinatorImpl.java:310] JDBC transaction marked for rollback-only (exception provided for stack trace)
java.lang.Exception: exception just for purpose of providing stack trace
	at org.hibernate.resource.transaction.backend.jdbc.internal.JdbcResourceLocalTransactionCoordinatorImpl$TransactionDriverControlImpl.markRollbackOnly(JdbcResourceLocalTransactionCoordinatorImpl.java:310)
	at org.hibernate.internal.AbstractSharedSessionContract.buildNamedQuery(AbstractSharedSessionContract.java:1021)
	at org.hibernate.internal.AbstractSharedSessionContract.createNamedQuery(AbstractSharedSessionContract.java:899)
	at org.hibernate.internal.AbstractSharedSessionContract.createNamedQuery(AbstractSharedSessionContract.java:120)
	at jdk.internal.reflect.GeneratedMethodAccessor47.invoke(Unknown Source)
	at java.base/jdk.internal.reflect.DelegatingMethodAccessorImpl.invoke(DelegatingMethodAccessorImpl.java:43)
	at java.base/java.lang.reflect.Method.invoke(Method.java:568)
	at org.springframework.orm.jpa.ExtendedEntityManagerCreator$ExtendedEntityManagerInvocationHandler.invoke(ExtendedEntityManagerCreator.java:360)
	at jdk.proxy2/jdk.proxy2.$Proxy191.createNamedQuery(Unknown Source)
	at org.springframework.data.jpa.repository.query.NamedQuery.hasNamedQuery(NamedQuery.java:113)
	at org.springframework.data.jpa.repository.query.NamedQuery.lookupFrom(NamedQuery.java:141)
	at org.springframework.data.jpa.repository.query.JpaQueryLookupStrategy$DeclaredQueryLookupStrategy.resolveQuery(JpaQueryLookupStrategy.java:180)
	at org.springframework.data.jpa.repository.query.JpaQueryLookupStrategy$CreateIfNotFoundQueryLookupStrategy.resolveQuery(JpaQueryLookupStrategy.java:252)
	at org.springframework.data.jpa.repository.query.JpaQueryLookupStrategy$AbstractQueryLookupStrategy.resolveQuery(JpaQueryLookupStrategy.java:95)
	at org.springframework.data.repository.core.support.QueryExecutorMethodInterceptor.lookupQuery(QueryExecutorMethodInterceptor.java:111)
	at org.springframework.data.repository.core.support.QueryExecutorMethodInterceptor.mapMethodsToQuery(QueryExecutorMethodInterceptor.java:99)
	at org.springframework.data.repository.core.support.QueryExecutorMethodInterceptor.lambda$new$0(QueryExecutorMethodInterceptor.java:88)
	at java.base/java.util.Optional.map(Optional.java:260)
	at org.springframework.data.repository.core.support.QueryExecutorMethodInterceptor.<init>(QueryExecutorMethodInterceptor.java:88)
	at org.springframework.data.repository.core.support.RepositoryFactorySupport.getRepository(RepositoryFactorySupport.java:357)
	at org.springframework.data.repository.core.support.RepositoryFactoryBeanSupport.lambda$afterPropertiesSet$5(RepositoryFactoryBeanSupport.java:279)
	at org.springframework.data.util.Lazy.getNullable(Lazy.java:245)
	at org.springframework.data.util.Lazy.get(Lazy.java:114)
	at org.springframework.data.repository.core.support.RepositoryFactoryBeanSupport.afterPropertiesSet(RepositoryFactoryBeanSupport.java:285)
	at org.springframework.data.jpa.repository.support.JpaRepositoryFactoryBean.afterPropertiesSet(JpaRepositoryFactoryBean.java:132)
	at org.springframework.beans.factory.support.AbstractAutowireCapableBeanFactory.invokeInitMethods(AbstractAutowireCapableBeanFactory.java:1817)
	at org.springframework.beans.factory.support.AbstractAutowireCapableBeanFactory.initializeBean(AbstractAutowireCapableBeanFactory.java:1766)
	at org.springframework.beans.factory.support.AbstractAutowireCapableBeanFactory.doCreateBean(AbstractAutowireCapableBeanFactory.java:598)
	at org.springframework.beans.factory.support.AbstractAutowireCapableBeanFactory.createBean(AbstractAutowireCapableBeanFactory.java:520)
	at org.springframework.beans.factory.support.AbstractBeanFactory.lambda$doGetBean$0(AbstractBeanFactory.java:325)
	at org.springframework.beans.factory.support.DefaultSingletonBeanRegistry.getSingleton(DefaultSingletonBeanRegistry.java:234)
	at org.springframework.beans.factory.support.AbstractBeanFactory.doGetBean(AbstractBeanFactory.java:323)
	at org.springframework.beans.factory.support.AbstractBeanFactory.getBean(AbstractBeanFactory.java:199)
	at org.springframework.beans.factory.config.DependencyDescriptor.resolveCandidate(DependencyDescriptor.java:254)
	at org.springframework.beans.factory.support.DefaultListableBeanFactory.doResolveDependency(DefaultListableBeanFactory.java:1417)
	at org.springframework.beans.factory.support.DefaultListableBeanFactory.resolveDependency(DefaultListableBeanFactory.java:1337)
	at org.springframework.beans.factory.annotation.AutowiredAnnotationBeanPostProcessor$AutowiredFieldElement.resolveFieldValue(AutowiredAnnotationBeanPostProcessor.java:764)
	at org.springframework.beans.factory.annotation.AutowiredAnnotationBeanPostProcessor$AutowiredFieldElement.inject(AutowiredAnnotationBeanPostProcessor.java:747)
	at org.springframework.beans.factory.annotation.InjectionMetadata.inject(InjectionMetadata.java:145)
	at org.springframework.beans.factory.annotation.AutowiredAnnotationBeanPostProcessor.postProcessProperties(AutowiredAnnotationBeanPostProcessor.java:492)
	at org.springframework.beans.factory.support.AbstractAutowireCapableBeanFactory.populateBean(AbstractAutowireCapableBeanFactory.java:1416)
	at org.springframework.beans.factory.support.AbstractAutowireCapableBeanFactory.doCreateBean(AbstractAutowireCapableBeanFactory.java:597)
	at org.springframework.beans.factory.support.AbstractAutowireCapableBeanFactory.createBean(AbstractAutowireCapableBeanFactory.java:520)
	at org.springframework.beans.factory.support.AbstractBeanFactory.lambda$doGetBean$0(AbstractBeanFactory.java:325)
	at org.springframework.beans.factory.support.DefaultSingletonBeanRegistry.getSingleton(DefaultSingletonBeanRegistry.java:234)
	at org.springframework.beans.factory.support.AbstractBeanFactory.doGetBean(AbstractBeanFactory.java:323)
	at org.springframework.beans.factory.support.AbstractBeanFactory.getBean(AbstractBeanFactory.java:199)
	at org.springframework.beans.factory.config.DependencyDescriptor.resolveCandidate(DependencyDescriptor.java:254)
	at org.springframework.beans.factory.support.DefaultListableBeanFactory.doResolveDependency(DefaultListableBeanFactory.java:1417)
	at org.springframework.beans.factory.support.DefaultListableBeanFactory.resolveDependency(DefaultListableBeanFactory.java:1337)
	at org.springframework.beans.factory.annotation.AutowiredAnnotationBeanPostProcessor$AutowiredFieldElement.resolveFieldValue(AutowiredAnnotationBeanPostProcessor.java:764)
	at org.springframework.beans.factory.annotation.AutowiredAnnotationBeanPostProcessor$AutowiredFieldElement.inject(AutowiredAnnotationBeanPostProcessor.java:747)
	at org.springframework.beans.factory.annotation.InjectionMetadata.inject(InjectionMetadata.java:145)
	at org.springframework.beans.factory.annotation.AutowiredAnnotationBeanPostProcessor.postProcessProperties(AutowiredAnnotationBeanPostProcessor.java:492)
	at org.springframework.beans.factory.support.AbstractAutowireCapableBeanFactory.populateBean(AbstractAutowireCapableBeanFactory.java:1416)
	at org.springframework.beans.factory.support.AbstractAutowireCapableBeanFactory.doCreateBean(AbstractAutowireCapableBeanFactory.java:597)
	at org.springframework.beans.factory.support.AbstractAutowireCapableBeanFactory.createBean(AbstractAutowireCapableBeanFactory.java:520)
	at org.springframework.beans.factory.support.AbstractBeanFactory.lambda$doGetBean$0(AbstractBeanFactory.java:325)
	at org.springframework.beans.factory.support.DefaultSingletonBeanRegistry.getSingleton(DefaultSingletonBeanRegistry.java:234)
	at org.springframework.beans.factory.support.AbstractBeanFactory.doGetBean(AbstractBeanFactory.java:323)
	at org.springframework.beans.factory.support.AbstractBeanFactory.getBean(AbstractBeanFactory.java:199)
	at org.springframework.beans.factory.config.DependencyDescriptor.resolveCandidate(DependencyDescriptor.java:254)
	at org.springframework.beans.factory.support.DefaultListableBeanFactory.doResolveDependency(DefaultListableBeanFactory.java:1417)
	at org.springframework.beans.factory.support.DefaultListableBeanFactory.resolveDependency(DefaultListableBeanFactory.java:1337)
	at org.springframework.beans.factory.annotation.AutowiredAnnotationBeanPostProcessor$AutowiredFieldElement.resolveFieldValue(AutowiredAnnotationBeanPostProcessor.java:764)
	at org.springframework.beans.factory.annotation.AutowiredAnnotationBeanPostProcessor$AutowiredFieldElement.inject(AutowiredAnnotationBeanPostProcessor.java:747)
	at org.springframework.beans.factory.annotation.InjectionMetadata.inject(InjectionMetadata.java:145)
	at org.springframework.beans.factory.annotation.AutowiredAnnotationBeanPostProcessor.postProcessProperties(AutowiredAnnotationBeanPostProcessor.java:492)
	at org.springframework.beans.factory.support.AbstractAutowireCapableBeanFactory.populateBean(AbstractAutowireCapableBeanFactory.java:1416)
	at org.springframework.beans.factory.support.AbstractAutowireCapableBeanFactory.doCreateBean(AbstractAutowireCapableBeanFactory.java:597)
	at org.springframework.beans.factory.support.AbstractAutowireCapableBeanFactory.createBean(AbstractAutowireCapableBeanFactory.java:520)
	at org.springframework.beans.factory.support.AbstractBeanFactory.lambda$doGetBean$0(AbstractBeanFactory.java:325)
	at org.springframework.beans.factory.support.DefaultSingletonBeanRegistry.getSingleton(DefaultSingletonBeanRegistry.java:234)
	at org.springframework.beans.factory.support.AbstractBeanFactory.doGetBean(AbstractBeanFactory.java:323)
	at org.springframework.beans.factory.support.AbstractBeanFactory.getBean(AbstractBeanFactory.java:199)
	at org.springframework.beans.factory.support.DefaultListableBeanFactory.preInstantiateSingletons(DefaultListableBeanFactory.java:973)
	at org.springframework.context.support.AbstractApplicationContext.finishBeanFactoryInitialization(AbstractApplicationContext.java:950)
	at org.springframework.context.support.AbstractApplicationContext.refresh(AbstractApplicationContext.java:616)
	at org.springframework.boot.SpringApplication.refresh(SpringApplication.java:738)
	at org.springframework.boot.SpringApplication.refreshContext(SpringApplication.java:440)
	at org.springframework.boot.SpringApplication.run(SpringApplication.java:316)
	at org.springframework.boot.test.context.SpringBootContextLoader.lambda$loadContext$3(SpringBootContextLoader.java:137)
	at org.springframework.util.function.ThrowingSupplier.get(ThrowingSupplier.java:58)
	at org.springframework.util.function.ThrowingSupplier.get(ThrowingSupplier.java:46)
	at org.springframework.boot.SpringApplication.withHook(SpringApplication.java:1406)
	at org.springframework.boot.test.context.SpringBootContextLoader$ContextLoaderHook.run(SpringBootContextLoader.java:545)
	at org.springframework.boot.test.context.SpringBootContextLoader.loadContext(SpringBootContextLoader.java:137)
	at org.springframework.boot.test.context.SpringBootContextLoader.loadContext(SpringBootContextLoader.java:108)
	at org.springframework.test.context.cache.DefaultCacheAwareContextLoaderDelegate.loadContextInternal(DefaultCacheAwareContextLoaderDelegate.java:187)
	at org.springframework.test.context.cache.DefaultCacheAwareContextLoaderDelegate.loadContext(DefaultCacheAwareContextLoaderDelegate.java:119)
	at org.springframework.test.context.support.DefaultTestContext.getApplicationContext(DefaultTestContext.java:127)
	at org.springframework.test.context.web.ServletTestExecutionListener.setUpRequestContextIfNecessary(ServletTestExecutionListener.java:191)
	at org.springframework.test.context.web.ServletTestExecutionListener.prepareTestInstance(ServletTestExecutionListener.java:130)
	at org.springframework.test.context.TestContextManager.prepareTestInstance(TestContextManager.java:241)
	at org.springframework.test.context.junit.jupiter.SpringExtension.postProcessTestInstance(SpringExtension.java:138)
	at org.junit.jupiter.engine.descriptor.ClassBasedTestDescriptor.lambda$invokeTestInstancePostProcessors$10(ClassBasedTestDescriptor.java:377)
	at org.junit.jupiter.engine.descriptor.ClassBasedTestDescriptor.executeAndMaskThrowable(ClassBasedTestDescriptor.java:382)
	at org.junit.jupiter.engine.descriptor.ClassBasedTestDescriptor.lambda$invokeTestInstancePostProcessors$11(ClassBasedTestDescriptor.java:377)
	at java.base/java.util.stream.ReferencePipeline$3$1.accept(ReferencePipeline.java:197)
	at java.base/java.util.stream.ReferencePipeline$2$1.accept(ReferencePipeline.java:179)
	at java.base/java.util.ArrayList$ArrayListSpliterator.forEachRemaining(ArrayList.java:1625)
	at java.base/java.util.stream.AbstractPipeline.copyInto(AbstractPipeline.java:509)
	at java.base/java.util.stream.AbstractPipeline.wrapAndCopyInto(AbstractPipeline.java:499)
	at java.base/java.util.stream.StreamSpliterators$WrappingSpliterator.forEachRemaining(StreamSpliterators.java:310)
	at java.base/java.util.stream.Streams$ConcatSpliterator.forEachRemaining(Streams.java:735)
	at java.base/java.util.stream.Streams$ConcatSpliterator.forEachRemaining(Streams.java:734)
	at java.base/java.util.stream.ReferencePipeline$Head.forEach(ReferencePipeline.java:762)
	at org.junit.jupiter.engine.descriptor.ClassBasedTestDescriptor.invokeTestInstancePostProcessors(ClassBasedTestDescriptor.java:376)
	at org.junit.jupiter.engine.descriptor.ClassBasedTestDescriptor.lambda$instantiateAndPostProcessTestInstance$6(ClassBasedTestDescriptor.java:289)
	at org.junit.platform.engine.support.hierarchical.ThrowableCollector.execute(ThrowableCollector.java:73)
	at org.junit.jupiter.engine.descriptor.ClassBasedTestDescriptor.instantiateAndPostProcessTestInstance(ClassBasedTestDescriptor.java:288)
	at org.junit.jupiter.engine.descriptor.ClassBasedTestDescriptor.lambda$testInstancesProvider$4(ClassBasedTestDescriptor.java:278)
	at java.base/java.util.Optional.orElseGet(Optional.java:364)
	at org.junit.jupiter.engine.descriptor.ClassBasedTestDescriptor.lambda$testInstancesProvider$5(ClassBasedTestDescriptor.java:277)
	at org.junit.jupiter.engine.execution.TestInstancesProvider.getTestInstances(TestInstancesProvider.java:31)
	at org.junit.jupiter.engine.descriptor.TestMethodTestDescriptor.lambda$prepare$0(TestMethodTestDescriptor.java:105)
	at org.junit.platform.engine.support.hierarchical.ThrowableCollector.execute(ThrowableCollector.java:73)
	at org.junit.jupiter.engine.descriptor.TestMethodTestDescriptor.prepare(TestMethodTestDescriptor.java:104)
	at org.junit.jupiter.engine.descriptor.TestMethodTestDescriptor.prepare(TestMethodTestDescriptor.java:68)
	at org.junit.platform.engine.support.hierarchical.NodeTestTask.lambda$prepare$2(NodeTestTask.java:123)
	at org.junit.platform.engine.support.hierarchical.ThrowableCollector.execute(ThrowableCollector.java:73)
	at org.junit.platform.engine.support.hierarchical.NodeTestTask.prepare(NodeTestTask.java:123)
	at org.junit.platform.engine.support.hierarchical.NodeTestTask.execute(NodeTestTask.java:90)
	at java.base/java.util.ArrayList.forEach(ArrayList.java:1511)
	at org.junit.platform.engine.support.hierarchical.SameThreadHierarchicalTestExecutorService.invokeAll(SameThreadHierarchicalTestExecutorService.java:41)
	at org.junit.platform.engine.support.hierarchical.NodeTestTask.lambda$executeRecursively$6(NodeTestTask.java:155)
	at org.junit.platform.engine.support.hierarchical.ThrowableCollector.execute(ThrowableCollector.java:73)
	at org.junit.platform.engine.support.hierarchical.NodeTestTask.lambda$executeRecursively$8(NodeTestTask.java:141)
	at org.junit.platform.engine.support.hierarchical.Node.around(Node.java:137)
	at org.junit.platform.engine.support.hierarchical.NodeTestTask.lambda$executeRecursively$9(NodeTestTask.java:139)
	at org.junit.platform.engine.support.hierarchical.ThrowableCollector.execute(ThrowableCollector.java:73)
	at org.junit.platform.engine.support.hierarchical.NodeTestTask.executeRecursively(NodeTestTask.java:138)
	at org.junit.platform.engine.support.hierarchical.NodeTestTask.execute(NodeTestTask.java:95)
	at java.base/java.util.ArrayList.forEach(ArrayList.java:1511)
	at org.junit.platform.engine.support.hierarchical.SameThreadHierarchicalTestExecutorService.invokeAll(SameThreadHierarchicalTestExecutorService.java:41)
	at org.junit.platform.engine.support.hierarchical.NodeTestTask.lambda$executeRecursively$6(NodeTestTask.java:155)
	at org.junit.platform.engine.support.hierarchical.ThrowableCollector.execute(ThrowableCollector.java:73)
	at org.junit.platform.engine.support.hierarchical.NodeTestTask.lambda$executeRecursively$8(NodeTestTask.java:141)
	at org.junit.platform.engine.support.hierarchical.Node.around(Node.java:137)
	at org.junit.platform.engine.support.hierarchical.NodeTestTask.lambda$executeRecursively$9(NodeTestTask.java:139)
	at org.junit.platform.engine.support.hierarchical.ThrowableCollector.execute(ThrowableCollector.java:73)
	at org.junit.platform.engine.support.hierarchical.NodeTestTask.executeRecursively(NodeTestTask.java:138)
	at org.junit.platform.engine.support.hierarchical.NodeTestTask.execute(NodeTestTask.java:95)
	at org.junit.platform.engine.support.hierarchical.SameThreadHierarchicalTestExecutorService.submit(SameThreadHierarchicalTestExecutorService.java:35)
	at org.junit.platform.engine.support.hierarchical.HierarchicalTestExecutor.execute(HierarchicalTestExecutor.java:57)
	at org.junit.platform.engine.support.hierarchical.HierarchicalTestEngine.execute(HierarchicalTestEngine.java:54)
	at org.junit.platform.launcher.core.EngineExecutionOrchestrator.execute(EngineExecutionOrchestrator.java:147)
	at org.junit.platform.launcher.core.EngineExecutionOrchestrator.execute(EngineExecutionOrchestrator.java:127)
	at org.junit.platform.launcher.core.EngineExecutionOrchestrator.execute(EngineExecutionOrchestrator.java:90)
	at org.junit.platform.launcher.core.EngineExecutionOrchestrator.lambda$execute$0(EngineExecutionOrchestrator.java:55)
	at org.junit.platform.launcher.core.EngineExecutionOrchestrator.withInterceptedStreams(EngineExecutionOrchestrator.java:102)
	at org.junit.platform.launcher.core.EngineExecutionOrchestrator.execute(EngineExecutionOrchestrator.java:54)
	at org.junit.platform.launcher.core.DefaultLauncher.execute(DefaultLauncher.java:114)
	at org.junit.platform.launcher.core.DefaultLauncher.execute(DefaultLauncher.java:86)
	at org.junit.platform.launcher.core.DefaultLauncherSession$DelegatingLauncher.execute(DefaultLauncherSession.java:86)
	at org.apache.maven.surefire.junitplatform.LazyLauncher.execute(LazyLauncher.java:50)
	at org.apache.maven.surefire.junitplatform.JUnitPlatformProvider.execute(JUnitPlatformProvider.java:184)
	at org.apache.maven.surefire.junitplatform.JUnitPlatformProvider.invokeAllTests(JUnitPlatformProvider.java:148)
	at org.apache.maven.surefire.junitplatform.JUnitPlatformProvider.invoke(JUnitPlatformProvider.java:122)
	at org.apache.maven.surefire.booter.ForkedBooter.runSuitesInProcess(ForkedBooter.java:385)
	at org.apache.maven.surefire.booter.ForkedBooter.execute(ForkedBooter.java:162)
	at org.apache.maven.surefire.booter.ForkedBooter.run(ForkedBooter.java:507)
	at org.apache.maven.surefire.booter.ForkedBooter.main(ForkedBooter.java:495)
2023-11-24 12:36:42,065 TRACE o.h.i.SessionImpl [SessionImpl.java:402] Closing session [d32f396d-cce6-471d-8b1b-fd3199b7d808]
2023-11-24 12:36:42,066 TRACE o.h.e.j.i.JdbcCoordinatorImpl [JdbcCoordinatorImpl.java:152] Closing JDBC container [org.hibernate.engine.jdbc.internal.JdbcCoordinatorImpl@6ccea74a]
2023-11-24 12:36:42,066 TRACE o.h.r.j.i.ResourceRegistryStandardImpl [ResourceRegistryStandardImpl.java:329] Releasing JDBC resources
2023-11-24 12:36:42,066 TRACE o.h.r.j.i.LogicalConnectionManagedImpl [LogicalConnectionManagedImpl.java:256] Closing logical connection
2023-11-24 12:36:42,066 TRACE o.h.r.j.i.LogicalConnectionManagedImpl [LogicalConnectionManagedImpl.java:263] Logical connection closed
2023-11-24 12:36:42,067 TRACE o.h.i.SessionFactoryImpl$SessionBuilderImpl [SessionFactoryImpl.java:1298] Opening Hibernate Session.  tenant=null
2023-11-24 12:36:42,067 TRACE o.h.i.SessionImpl [SessionImpl.java:262] Opened Session [9af13cf2-8f8c-4eac-abb8-21df1a78bb49] at timestamp: 1700825802067
2023-11-24 12:36:42,068 TRACE o.h.i.SessionImpl [SessionImpl.java:402] Closing session [9af13cf2-8f8c-4eac-abb8-21df1a78bb49]
2023-11-24 12:36:42,068 TRACE o.h.e.j.i.JdbcCoordinatorImpl [JdbcCoordinatorImpl.java:152] Closing JDBC container [org.hibernate.engine.jdbc.internal.JdbcCoordinatorImpl@368c2bff]
2023-11-24 12:36:42,068 TRACE o.h.r.j.i.ResourceRegistryStandardImpl [ResourceRegistryStandardImpl.java:329] Releasing JDBC resources
2023-11-24 12:36:42,068 TRACE o.h.r.j.i.LogicalConnectionManagedImpl [LogicalConnectionManagedImpl.java:256] Closing logical connection
2023-11-24 12:36:42,068 TRACE o.h.r.j.i.LogicalConnectionManagedImpl [LogicalConnectionManagedImpl.java:263] Logical connection closed
2023-11-24 12:36:42,072 TRACE o.h.i.SessionFactoryImpl$SessionBuilderImpl [SessionFactoryImpl.java:1298] Opening Hibernate Session.  tenant=null
2023-11-24 12:36:42,073 TRACE o.h.i.SessionImpl [SessionImpl.java:262] Opened Session [685c1b23-4d73-4b18-b7a2-3c8dc3ef8027] at timestamp: 1700825802073
2023-11-24 12:36:42,073 TRACE o.h.i.SessionImpl [SessionImpl.java:402] Closing session [685c1b23-4d73-4b18-b7a2-3c8dc3ef8027]
2023-11-24 12:36:42,074 TRACE o.h.e.j.i.JdbcCoordinatorImpl [JdbcCoordinatorImpl.java:152] Closing JDBC container [org.hibernate.engine.jdbc.internal.JdbcCoordinatorImpl@70002d9]
2023-11-24 12:36:42,074 TRACE o.h.r.j.i.ResourceRegistryStandardImpl [ResourceRegistryStandardImpl.java:329] Releasing JDBC resources
2023-11-24 12:36:42,074 TRACE o.h.r.j.i.LogicalConnectionManagedImpl [LogicalConnectionManagedImpl.java:256] Closing logical connection
2023-11-24 12:36:42,074 TRACE o.h.r.j.i.LogicalConnectionManagedImpl [LogicalConnectionManagedImpl.java:263] Logical connection closed
2023-11-24 12:36:42,077 TRACE o.h.i.SessionFactoryImpl$SessionBuilderImpl [SessionFactoryImpl.java:1298] Opening Hibernate Session.  tenant=null
2023-11-24 12:36:42,077 TRACE o.h.i.SessionImpl [SessionImpl.java:262] Opened Session [e1044b31-4f5d-4bdc-8917-8cd286fd3c77] at timestamp: 1700825802077
2023-11-24 12:36:42,078 TRACE o.h.i.SessionImpl [SessionImpl.java:402] Closing session [e1044b31-4f5d-4bdc-8917-8cd286fd3c77]
2023-11-24 12:36:42,078 TRACE o.h.e.j.i.JdbcCoordinatorImpl [JdbcCoordinatorImpl.java:152] Closing JDBC container [org.hibernate.engine.jdbc.internal.JdbcCoordinatorImpl@247e7a94]
2023-11-24 12:36:42,078 TRACE o.h.r.j.i.ResourceRegistryStandardImpl [ResourceRegistryStandardImpl.java:329] Releasing JDBC resources
2023-11-24 12:36:42,078 TRACE o.h.r.j.i.LogicalConnectionManagedImpl [LogicalConnectionManagedImpl.java:256] Closing logical connection
2023-11-24 12:36:42,078 TRACE o.h.r.j.i.LogicalConnectionManagedImpl [LogicalConnectionManagedImpl.java:263] Logical connection closed
2023-11-24 12:36:42,084 TRACE o.h.i.SessionFactoryImpl$SessionBuilderImpl [SessionFactoryImpl.java:1298] Opening Hibernate Session.  tenant=null
2023-11-24 12:36:42,085 TRACE o.h.i.SessionImpl [SessionImpl.java:262] Opened Session [7adf1982-64ba-4ff7-94b4-29d0805deb9b] at timestamp: 1700825802085
2023-11-24 12:36:42,085 DEBUG o.h.r.t.b.j.i.JdbcResourceLocalTransactionCoordinatorImpl [JdbcResourceLocalTransactionCoordinatorImpl.java:310] JDBC transaction marked for rollback-only (exception provided for stack trace)
java.lang.Exception: exception just for purpose of providing stack trace
	at org.hibernate.resource.transaction.backend.jdbc.internal.JdbcResourceLocalTransactionCoordinatorImpl$TransactionDriverControlImpl.markRollbackOnly(JdbcResourceLocalTransactionCoordinatorImpl.java:310)
	at org.hibernate.internal.AbstractSharedSessionContract.buildNamedQuery(AbstractSharedSessionContract.java:1021)
	at org.hibernate.internal.AbstractSharedSessionContract.createNamedQuery(AbstractSharedSessionContract.java:899)
	at org.hibernate.internal.AbstractSharedSessionContract.createNamedQuery(AbstractSharedSessionContract.java:120)
	at jdk.internal.reflect.GeneratedMethodAccessor47.invoke(Unknown Source)
	at java.base/jdk.internal.reflect.DelegatingMethodAccessorImpl.invoke(DelegatingMethodAccessorImpl.java:43)
	at java.base/java.lang.reflect.Method.invoke(Method.java:568)
	at org.springframework.orm.jpa.ExtendedEntityManagerCreator$ExtendedEntityManagerInvocationHandler.invoke(ExtendedEntityManagerCreator.java:360)
	at jdk.proxy2/jdk.proxy2.$Proxy191.createNamedQuery(Unknown Source)
	at org.springframework.data.jpa.repository.query.NamedQuery.hasNamedQuery(NamedQuery.java:113)
	at org.springframework.data.jpa.repository.query.NamedQuery.lookupFrom(NamedQuery.java:141)
	at org.springframework.data.jpa.repository.query.JpaQueryLookupStrategy$DeclaredQueryLookupStrategy.resolveQuery(JpaQueryLookupStrategy.java:180)
	at org.springframework.data.jpa.repository.query.JpaQueryLookupStrategy$CreateIfNotFoundQueryLookupStrategy.resolveQuery(JpaQueryLookupStrategy.java:252)
	at org.springframework.data.jpa.repository.query.JpaQueryLookupStrategy$AbstractQueryLookupStrategy.resolveQuery(JpaQueryLookupStrategy.java:95)
	at org.springframework.data.repository.core.support.QueryExecutorMethodInterceptor.lookupQuery(QueryExecutorMethodInterceptor.java:111)
	at org.springframework.data.repository.core.support.QueryExecutorMethodInterceptor.mapMethodsToQuery(QueryExecutorMethodInterceptor.java:99)
	at org.springframework.data.repository.core.support.QueryExecutorMethodInterceptor.lambda$new$0(QueryExecutorMethodInterceptor.java:88)
	at java.base/java.util.Optional.map(Optional.java:260)
	at org.springframework.data.repository.core.support.QueryExecutorMethodInterceptor.<init>(QueryExecutorMethodInterceptor.java:88)
	at org.springframework.data.repository.core.support.RepositoryFactorySupport.getRepository(RepositoryFactorySupport.java:357)
	at org.springframework.data.repository.core.support.RepositoryFactoryBeanSupport.lambda$afterPropertiesSet$5(RepositoryFactoryBeanSupport.java:279)
	at org.springframework.data.util.Lazy.getNullable(Lazy.java:245)
	at org.springframework.data.util.Lazy.get(Lazy.java:114)
	at org.springframework.data.repository.core.support.RepositoryFactoryBeanSupport.afterPropertiesSet(RepositoryFactoryBeanSupport.java:285)
	at org.springframework.data.jpa.repository.support.JpaRepositoryFactoryBean.afterPropertiesSet(JpaRepositoryFactoryBean.java:132)
	at org.springframework.beans.factory.support.AbstractAutowireCapableBeanFactory.invokeInitMethods(AbstractAutowireCapableBeanFactory.java:1817)
	at org.springframework.beans.factory.support.AbstractAutowireCapableBeanFactory.initializeBean(AbstractAutowireCapableBeanFactory.java:1766)
	at org.springframework.beans.factory.support.AbstractAutowireCapableBeanFactory.doCreateBean(AbstractAutowireCapableBeanFactory.java:598)
	at org.springframework.beans.factory.support.AbstractAutowireCapableBeanFactory.createBean(AbstractAutowireCapableBeanFactory.java:520)
	at org.springframework.beans.factory.support.AbstractBeanFactory.lambda$doGetBean$0(AbstractBeanFactory.java:325)
	at org.springframework.beans.factory.support.DefaultSingletonBeanRegistry.getSingleton(DefaultSingletonBeanRegistry.java:234)
	at org.springframework.beans.factory.support.AbstractBeanFactory.doGetBean(AbstractBeanFactory.java:323)
	at org.springframework.beans.factory.support.AbstractBeanFactory.getBean(AbstractBeanFactory.java:199)
	at org.springframework.beans.factory.config.DependencyDescriptor.resolveCandidate(DependencyDescriptor.java:254)
	at org.springframework.beans.factory.support.DefaultListableBeanFactory.doResolveDependency(DefaultListableBeanFactory.java:1417)
	at org.springframework.beans.factory.support.DefaultListableBeanFactory.resolveDependency(DefaultListableBeanFactory.java:1337)
	at org.springframework.beans.factory.annotation.AutowiredAnnotationBeanPostProcessor$AutowiredFieldElement.resolveFieldValue(AutowiredAnnotationBeanPostProcessor.java:764)
	at org.springframework.beans.factory.annotation.AutowiredAnnotationBeanPostProcessor$AutowiredFieldElement.inject(AutowiredAnnotationBeanPostProcessor.java:747)
	at org.springframework.beans.factory.annotation.InjectionMetadata.inject(InjectionMetadata.java:145)
	at org.springframework.beans.factory.annotation.AutowiredAnnotationBeanPostProcessor.postProcessProperties(AutowiredAnnotationBeanPostProcessor.java:492)
	at org.springframework.beans.factory.support.AbstractAutowireCapableBeanFactory.populateBean(AbstractAutowireCapableBeanFactory.java:1416)
	at org.springframework.beans.factory.support.AbstractAutowireCapableBeanFactory.doCreateBean(AbstractAutowireCapableBeanFactory.java:597)
	at org.springframework.beans.factory.support.AbstractAutowireCapableBeanFactory.createBean(AbstractAutowireCapableBeanFactory.java:520)
	at org.springframework.beans.factory.support.AbstractBeanFactory.lambda$doGetBean$0(AbstractBeanFactory.java:325)
	at org.springframework.beans.factory.support.DefaultSingletonBeanRegistry.getSingleton(DefaultSingletonBeanRegistry.java:234)
	at org.springframework.beans.factory.support.AbstractBeanFactory.doGetBean(AbstractBeanFactory.java:323)
	at org.springframework.beans.factory.support.AbstractBeanFactory.getBean(AbstractBeanFactory.java:199)
	at org.springframework.beans.factory.config.DependencyDescriptor.resolveCandidate(DependencyDescriptor.java:254)
	at org.springframework.beans.factory.support.DefaultListableBeanFactory.doResolveDependency(DefaultListableBeanFactory.java:1417)
	at org.springframework.beans.factory.support.DefaultListableBeanFactory.resolveDependency(DefaultListableBeanFactory.java:1337)
	at org.springframework.beans.factory.annotation.AutowiredAnnotationBeanPostProcessor$AutowiredFieldElement.resolveFieldValue(AutowiredAnnotationBeanPostProcessor.java:764)
	at org.springframework.beans.factory.annotation.AutowiredAnnotationBeanPostProcessor$AutowiredFieldElement.inject(AutowiredAnnotationBeanPostProcessor.java:747)
	at org.springframework.beans.factory.annotation.InjectionMetadata.inject(InjectionMetadata.java:145)
	at org.springframework.beans.factory.annotation.AutowiredAnnotationBeanPostProcessor.postProcessProperties(AutowiredAnnotationBeanPostProcessor.java:492)
	at org.springframework.beans.factory.support.AbstractAutowireCapableBeanFactory.populateBean(AbstractAutowireCapableBeanFactory.java:1416)
	at org.springframework.beans.factory.support.AbstractAutowireCapableBeanFactory.doCreateBean(AbstractAutowireCapableBeanFactory.java:597)
	at org.springframework.beans.factory.support.AbstractAutowireCapableBeanFactory.createBean(AbstractAutowireCapableBeanFactory.java:520)
	at org.springframework.beans.factory.support.AbstractBeanFactory.lambda$doGetBean$0(AbstractBeanFactory.java:325)
	at org.springframework.beans.factory.support.DefaultSingletonBeanRegistry.getSingleton(DefaultSingletonBeanRegistry.java:234)
	at org.springframework.beans.factory.support.AbstractBeanFactory.doGetBean(AbstractBeanFactory.java:323)
	at org.springframework.beans.factory.support.AbstractBeanFactory.getBean(AbstractBeanFactory.java:199)
	at org.springframework.beans.factory.config.DependencyDescriptor.resolveCandidate(DependencyDescriptor.java:254)
	at org.springframework.beans.factory.support.DefaultListableBeanFactory.doResolveDependency(DefaultListableBeanFactory.java:1417)
	at org.springframework.beans.factory.support.DefaultListableBeanFactory.resolveDependency(DefaultListableBeanFactory.java:1337)
	at org.springframework.beans.factory.annotation.AutowiredAnnotationBeanPostProcessor$AutowiredFieldElement.resolveFieldValue(AutowiredAnnotationBeanPostProcessor.java:764)
	at org.springframework.beans.factory.annotation.AutowiredAnnotationBeanPostProcessor$AutowiredFieldElement.inject(AutowiredAnnotationBeanPostProcessor.java:747)
	at org.springframework.beans.factory.annotation.InjectionMetadata.inject(InjectionMetadata.java:145)
	at org.springframework.beans.factory.annotation.AutowiredAnnotationBeanPostProcessor.postProcessProperties(AutowiredAnnotationBeanPostProcessor.java:492)
	at org.springframework.beans.factory.support.AbstractAutowireCapableBeanFactory.populateBean(AbstractAutowireCapableBeanFactory.java:1416)
	at org.springframework.beans.factory.support.AbstractAutowireCapableBeanFactory.doCreateBean(AbstractAutowireCapableBeanFactory.java:597)
	at org.springframework.beans.factory.support.AbstractAutowireCapableBeanFactory.createBean(AbstractAutowireCapableBeanFactory.java:520)
	at org.springframework.beans.factory.support.AbstractBeanFactory.lambda$doGetBean$0(AbstractBeanFactory.java:325)
	at org.springframework.beans.factory.support.DefaultSingletonBeanRegistry.getSingleton(DefaultSingletonBeanRegistry.java:234)
	at org.springframework.beans.factory.support.AbstractBeanFactory.doGetBean(AbstractBeanFactory.java:323)
	at org.springframework.beans.factory.support.AbstractBeanFactory.getBean(AbstractBeanFactory.java:199)
	at org.springframework.beans.factory.support.DefaultListableBeanFactory.preInstantiateSingletons(DefaultListableBeanFactory.java:973)
	at org.springframework.context.support.AbstractApplicationContext.finishBeanFactoryInitialization(AbstractApplicationContext.java:950)
	at org.springframework.context.support.AbstractApplicationContext.refresh(AbstractApplicationContext.java:616)
	at org.springframework.boot.SpringApplication.refresh(SpringApplication.java:738)
	at org.springframework.boot.SpringApplication.refreshContext(SpringApplication.java:440)
	at org.springframework.boot.SpringApplication.run(SpringApplication.java:316)
	at org.springframework.boot.test.context.SpringBootContextLoader.lambda$loadContext$3(SpringBootContextLoader.java:137)
	at org.springframework.util.function.ThrowingSupplier.get(ThrowingSupplier.java:58)
	at org.springframework.util.function.ThrowingSupplier.get(ThrowingSupplier.java:46)
	at org.springframework.boot.SpringApplication.withHook(SpringApplication.java:1406)
	at org.springframework.boot.test.context.SpringBootContextLoader$ContextLoaderHook.run(SpringBootContextLoader.java:545)
	at org.springframework.boot.test.context.SpringBootContextLoader.loadContext(SpringBootContextLoader.java:137)
	at org.springframework.boot.test.context.SpringBootContextLoader.loadContext(SpringBootContextLoader.java:108)
	at org.springframework.test.context.cache.DefaultCacheAwareContextLoaderDelegate.loadContextInternal(DefaultCacheAwareContextLoaderDelegate.java:187)
	at org.springframework.test.context.cache.DefaultCacheAwareContextLoaderDelegate.loadContext(DefaultCacheAwareContextLoaderDelegate.java:119)
	at org.springframework.test.context.support.DefaultTestContext.getApplicationContext(DefaultTestContext.java:127)
	at org.springframework.test.context.web.ServletTestExecutionListener.setUpRequestContextIfNecessary(ServletTestExecutionListener.java:191)
	at org.springframework.test.context.web.ServletTestExecutionListener.prepareTestInstance(ServletTestExecutionListener.java:130)
	at org.springframework.test.context.TestContextManager.prepareTestInstance(TestContextManager.java:241)
	at org.springframework.test.context.junit.jupiter.SpringExtension.postProcessTestInstance(SpringExtension.java:138)
	at org.junit.jupiter.engine.descriptor.ClassBasedTestDescriptor.lambda$invokeTestInstancePostProcessors$10(ClassBasedTestDescriptor.java:377)
	at org.junit.jupiter.engine.descriptor.ClassBasedTestDescriptor.executeAndMaskThrowable(ClassBasedTestDescriptor.java:382)
	at org.junit.jupiter.engine.descriptor.ClassBasedTestDescriptor.lambda$invokeTestInstancePostProcessors$11(ClassBasedTestDescriptor.java:377)
	at java.base/java.util.stream.ReferencePipeline$3$1.accept(ReferencePipeline.java:197)
	at java.base/java.util.stream.ReferencePipeline$2$1.accept(ReferencePipeline.java:179)
	at java.base/java.util.ArrayList$ArrayListSpliterator.forEachRemaining(ArrayList.java:1625)
	at java.base/java.util.stream.AbstractPipeline.copyInto(AbstractPipeline.java:509)
	at java.base/java.util.stream.AbstractPipeline.wrapAndCopyInto(AbstractPipeline.java:499)
	at java.base/java.util.stream.StreamSpliterators$WrappingSpliterator.forEachRemaining(StreamSpliterators.java:310)
	at java.base/java.util.stream.Streams$ConcatSpliterator.forEachRemaining(Streams.java:735)
	at java.base/java.util.stream.Streams$ConcatSpliterator.forEachRemaining(Streams.java:734)
	at java.base/java.util.stream.ReferencePipeline$Head.forEach(ReferencePipeline.java:762)
	at org.junit.jupiter.engine.descriptor.ClassBasedTestDescriptor.invokeTestInstancePostProcessors(ClassBasedTestDescriptor.java:376)
	at org.junit.jupiter.engine.descriptor.ClassBasedTestDescriptor.lambda$instantiateAndPostProcessTestInstance$6(ClassBasedTestDescriptor.java:289)
	at org.junit.platform.engine.support.hierarchical.ThrowableCollector.execute(ThrowableCollector.java:73)
	at org.junit.jupiter.engine.descriptor.ClassBasedTestDescriptor.instantiateAndPostProcessTestInstance(ClassBasedTestDescriptor.java:288)
	at org.junit.jupiter.engine.descriptor.ClassBasedTestDescriptor.lambda$testInstancesProvider$4(ClassBasedTestDescriptor.java:278)
	at java.base/java.util.Optional.orElseGet(Optional.java:364)
	at org.junit.jupiter.engine.descriptor.ClassBasedTestDescriptor.lambda$testInstancesProvider$5(ClassBasedTestDescriptor.java:277)
	at org.junit.jupiter.engine.execution.TestInstancesProvider.getTestInstances(TestInstancesProvider.java:31)
	at org.junit.jupiter.engine.descriptor.TestMethodTestDescriptor.lambda$prepare$0(TestMethodTestDescriptor.java:105)
	at org.junit.platform.engine.support.hierarchical.ThrowableCollector.execute(ThrowableCollector.java:73)
	at org.junit.jupiter.engine.descriptor.TestMethodTestDescriptor.prepare(TestMethodTestDescriptor.java:104)
	at org.junit.jupiter.engine.descriptor.TestMethodTestDescriptor.prepare(TestMethodTestDescriptor.java:68)
	at org.junit.platform.engine.support.hierarchical.NodeTestTask.lambda$prepare$2(NodeTestTask.java:123)
	at org.junit.platform.engine.support.hierarchical.ThrowableCollector.execute(ThrowableCollector.java:73)
	at org.junit.platform.engine.support.hierarchical.NodeTestTask.prepare(NodeTestTask.java:123)
	at org.junit.platform.engine.support.hierarchical.NodeTestTask.execute(NodeTestTask.java:90)
	at java.base/java.util.ArrayList.forEach(ArrayList.java:1511)
	at org.junit.platform.engine.support.hierarchical.SameThreadHierarchicalTestExecutorService.invokeAll(SameThreadHierarchicalTestExecutorService.java:41)
	at org.junit.platform.engine.support.hierarchical.NodeTestTask.lambda$executeRecursively$6(NodeTestTask.java:155)
	at org.junit.platform.engine.support.hierarchical.ThrowableCollector.execute(ThrowableCollector.java:73)
	at org.junit.platform.engine.support.hierarchical.NodeTestTask.lambda$executeRecursively$8(NodeTestTask.java:141)
	at org.junit.platform.engine.support.hierarchical.Node.around(Node.java:137)
	at org.junit.platform.engine.support.hierarchical.NodeTestTask.lambda$executeRecursively$9(NodeTestTask.java:139)
	at org.junit.platform.engine.support.hierarchical.ThrowableCollector.execute(ThrowableCollector.java:73)
	at org.junit.platform.engine.support.hierarchical.NodeTestTask.executeRecursively(NodeTestTask.java:138)
	at org.junit.platform.engine.support.hierarchical.NodeTestTask.execute(NodeTestTask.java:95)
	at java.base/java.util.ArrayList.forEach(ArrayList.java:1511)
	at org.junit.platform.engine.support.hierarchical.SameThreadHierarchicalTestExecutorService.invokeAll(SameThreadHierarchicalTestExecutorService.java:41)
	at org.junit.platform.engine.support.hierarchical.NodeTestTask.lambda$executeRecursively$6(NodeTestTask.java:155)
	at org.junit.platform.engine.support.hierarchical.ThrowableCollector.execute(ThrowableCollector.java:73)
	at org.junit.platform.engine.support.hierarchical.NodeTestTask.lambda$executeRecursively$8(NodeTestTask.java:141)
	at org.junit.platform.engine.support.hierarchical.Node.around(Node.java:137)
	at org.junit.platform.engine.support.hierarchical.NodeTestTask.lambda$executeRecursively$9(NodeTestTask.java:139)
	at org.junit.platform.engine.support.hierarchical.ThrowableCollector.execute(ThrowableCollector.java:73)
	at org.junit.platform.engine.support.hierarchical.NodeTestTask.executeRecursively(NodeTestTask.java:138)
	at org.junit.platform.engine.support.hierarchical.NodeTestTask.execute(NodeTestTask.java:95)
	at org.junit.platform.engine.support.hierarchical.SameThreadHierarchicalTestExecutorService.submit(SameThreadHierarchicalTestExecutorService.java:35)
	at org.junit.platform.engine.support.hierarchical.HierarchicalTestExecutor.execute(HierarchicalTestExecutor.java:57)
	at org.junit.platform.engine.support.hierarchical.HierarchicalTestEngine.execute(HierarchicalTestEngine.java:54)
	at org.junit.platform.launcher.core.EngineExecutionOrchestrator.execute(EngineExecutionOrchestrator.java:147)
	at org.junit.platform.launcher.core.EngineExecutionOrchestrator.execute(EngineExecutionOrchestrator.java:127)
	at org.junit.platform.launcher.core.EngineExecutionOrchestrator.execute(EngineExecutionOrchestrator.java:90)
	at org.junit.platform.launcher.core.EngineExecutionOrchestrator.lambda$execute$0(EngineExecutionOrchestrator.java:55)
	at org.junit.platform.launcher.core.EngineExecutionOrchestrator.withInterceptedStreams(EngineExecutionOrchestrator.java:102)
	at org.junit.platform.launcher.core.EngineExecutionOrchestrator.execute(EngineExecutionOrchestrator.java:54)
	at org.junit.platform.launcher.core.DefaultLauncher.execute(DefaultLauncher.java:114)
	at org.junit.platform.launcher.core.DefaultLauncher.execute(DefaultLauncher.java:86)
	at org.junit.platform.launcher.core.DefaultLauncherSession$DelegatingLauncher.execute(DefaultLauncherSession.java:86)
	at org.apache.maven.surefire.junitplatform.LazyLauncher.execute(LazyLauncher.java:50)
	at org.apache.maven.surefire.junitplatform.JUnitPlatformProvider.execute(JUnitPlatformProvider.java:184)
	at org.apache.maven.surefire.junitplatform.JUnitPlatformProvider.invokeAllTests(JUnitPlatformProvider.java:148)
	at org.apache.maven.surefire.junitplatform.JUnitPlatformProvider.invoke(JUnitPlatformProvider.java:122)
	at org.apache.maven.surefire.booter.ForkedBooter.runSuitesInProcess(ForkedBooter.java:385)
	at org.apache.maven.surefire.booter.ForkedBooter.execute(ForkedBooter.java:162)
	at org.apache.maven.surefire.booter.ForkedBooter.run(ForkedBooter.java:507)
	at org.apache.maven.surefire.booter.ForkedBooter.main(ForkedBooter.java:495)
2023-11-24 12:36:42,086 TRACE o.h.i.SessionImpl [SessionImpl.java:402] Closing session [7adf1982-64ba-4ff7-94b4-29d0805deb9b]
2023-11-24 12:36:42,086 TRACE o.h.e.j.i.JdbcCoordinatorImpl [JdbcCoordinatorImpl.java:152] Closing JDBC container [org.hibernate.engine.jdbc.internal.JdbcCoordinatorImpl@79510934]
2023-11-24 12:36:42,086 TRACE o.h.r.j.i.ResourceRegistryStandardImpl [ResourceRegistryStandardImpl.java:329] Releasing JDBC resources
2023-11-24 12:36:42,086 TRACE o.h.r.j.i.LogicalConnectionManagedImpl [LogicalConnectionManagedImpl.java:256] Closing logical connection
2023-11-24 12:36:42,086 TRACE o.h.r.j.i.LogicalConnectionManagedImpl [LogicalConnectionManagedImpl.java:263] Logical connection closed
2023-11-24 12:36:42,087 TRACE o.h.i.SessionFactoryImpl$SessionBuilderImpl [SessionFactoryImpl.java:1298] Opening Hibernate Session.  tenant=null
2023-11-24 12:36:42,087 TRACE o.h.i.SessionImpl [SessionImpl.java:262] Opened Session [340f2271-63f8-40b8-b9cb-38757d8ac0fb] at timestamp: 1700825802087
2023-11-24 12:36:42,087 TRACE o.h.i.SessionImpl [SessionImpl.java:402] Closing session [340f2271-63f8-40b8-b9cb-38757d8ac0fb]
2023-11-24 12:36:42,087 TRACE o.h.e.j.i.JdbcCoordinatorImpl [JdbcCoordinatorImpl.java:152] Closing JDBC container [org.hibernate.engine.jdbc.internal.JdbcCoordinatorImpl@2eac7650]
2023-11-24 12:36:42,087 TRACE o.h.r.j.i.ResourceRegistryStandardImpl [ResourceRegistryStandardImpl.java:329] Releasing JDBC resources
2023-11-24 12:36:42,088 TRACE o.h.r.j.i.LogicalConnectionManagedImpl [LogicalConnectionManagedImpl.java:256] Closing logical connection
2023-11-24 12:36:42,088 TRACE o.h.r.j.i.LogicalConnectionManagedImpl [LogicalConnectionManagedImpl.java:263] Logical connection closed
2023-11-24 12:36:42,100 TRACE o.h.i.SessionFactoryImpl$SessionBuilderImpl [SessionFactoryImpl.java:1298] Opening Hibernate Session.  tenant=null
2023-11-24 12:36:42,100 TRACE o.h.i.SessionImpl [SessionImpl.java:262] Opened Session [72d8b247-81c9-4b65-ab5f-d52b5c11c777] at timestamp: 1700825802100
2023-11-24 12:36:42,101 TRACE o.h.i.SessionImpl [SessionImpl.java:402] Closing session [72d8b247-81c9-4b65-ab5f-d52b5c11c777]
2023-11-24 12:36:42,101 TRACE o.h.e.j.i.JdbcCoordinatorImpl [JdbcCoordinatorImpl.java:152] Closing JDBC container [org.hibernate.engine.jdbc.internal.JdbcCoordinatorImpl@4c49fc2a]
2023-11-24 12:36:42,101 TRACE o.h.r.j.i.ResourceRegistryStandardImpl [ResourceRegistryStandardImpl.java:329] Releasing JDBC resources
2023-11-24 12:36:42,101 TRACE o.h.r.j.i.LogicalConnectionManagedImpl [LogicalConnectionManagedImpl.java:256] Closing logical connection
2023-11-24 12:36:42,102 TRACE o.h.r.j.i.LogicalConnectionManagedImpl [LogicalConnectionManagedImpl.java:263] Logical connection closed
2023-11-24 12:36:42,124 TRACE o.h.i.SessionFactoryImpl$SessionBuilderImpl [SessionFactoryImpl.java:1298] Opening Hibernate Session.  tenant=null
2023-11-24 12:36:42,125 TRACE o.h.i.SessionImpl [SessionImpl.java:262] Opened Session [a5290b68-0433-47ca-968e-f2ae8f662905] at timestamp: 1700825802125
2023-11-24 12:36:42,125 TRACE o.h.i.SessionImpl [SessionImpl.java:402] Closing session [a5290b68-0433-47ca-968e-f2ae8f662905]
2023-11-24 12:36:42,126 TRACE o.h.e.j.i.JdbcCoordinatorImpl [JdbcCoordinatorImpl.java:152] Closing JDBC container [org.hibernate.engine.jdbc.internal.JdbcCoordinatorImpl@4fb99367]
2023-11-24 12:36:42,126 TRACE o.h.r.j.i.ResourceRegistryStandardImpl [ResourceRegistryStandardImpl.java:329] Releasing JDBC resources
2023-11-24 12:36:42,126 TRACE o.h.r.j.i.LogicalConnectionManagedImpl [LogicalConnectionManagedImpl.java:256] Closing logical connection
2023-11-24 12:36:42,127 TRACE o.h.r.j.i.LogicalConnectionManagedImpl [LogicalConnectionManagedImpl.java:263] Logical connection closed
2023-11-24 12:36:42,147 TRACE o.h.i.SessionFactoryImpl$SessionBuilderImpl [SessionFactoryImpl.java:1298] Opening Hibernate Session.  tenant=null
2023-11-24 12:36:42,148 TRACE o.h.i.SessionImpl [SessionImpl.java:262] Opened Session [ca94be8a-eaf9-4cd9-ae08-1f5bf6e0d8eb] at timestamp: 1700825802148
2023-11-24 12:36:42,148 DEBUG o.h.r.t.b.j.i.JdbcResourceLocalTransactionCoordinatorImpl [JdbcResourceLocalTransactionCoordinatorImpl.java:310] JDBC transaction marked for rollback-only (exception provided for stack trace)
java.lang.Exception: exception just for purpose of providing stack trace
	at org.hibernate.resource.transaction.backend.jdbc.internal.JdbcResourceLocalTransactionCoordinatorImpl$TransactionDriverControlImpl.markRollbackOnly(JdbcResourceLocalTransactionCoordinatorImpl.java:310)
	at org.hibernate.internal.AbstractSharedSessionContract.buildNamedQuery(AbstractSharedSessionContract.java:1021)
	at org.hibernate.internal.AbstractSharedSessionContract.createNamedQuery(AbstractSharedSessionContract.java:899)
	at org.hibernate.internal.AbstractSharedSessionContract.createNamedQuery(AbstractSharedSessionContract.java:120)
	at jdk.internal.reflect.GeneratedMethodAccessor47.invoke(Unknown Source)
	at java.base/jdk.internal.reflect.DelegatingMethodAccessorImpl.invoke(DelegatingMethodAccessorImpl.java:43)
	at java.base/java.lang.reflect.Method.invoke(Method.java:568)
	at org.springframework.orm.jpa.ExtendedEntityManagerCreator$ExtendedEntityManagerInvocationHandler.invoke(ExtendedEntityManagerCreator.java:360)
	at jdk.proxy2/jdk.proxy2.$Proxy191.createNamedQuery(Unknown Source)
	at org.springframework.data.jpa.repository.query.NamedQuery.hasNamedQuery(NamedQuery.java:113)
	at org.springframework.data.jpa.repository.query.NamedQuery.lookupFrom(NamedQuery.java:141)
	at org.springframework.data.jpa.repository.query.JpaQueryLookupStrategy$DeclaredQueryLookupStrategy.resolveQuery(JpaQueryLookupStrategy.java:180)
	at org.springframework.data.jpa.repository.query.JpaQueryLookupStrategy$CreateIfNotFoundQueryLookupStrategy.resolveQuery(JpaQueryLookupStrategy.java:252)
	at org.springframework.data.jpa.repository.query.JpaQueryLookupStrategy$AbstractQueryLookupStrategy.resolveQuery(JpaQueryLookupStrategy.java:95)
	at org.springframework.data.repository.core.support.QueryExecutorMethodInterceptor.lookupQuery(QueryExecutorMethodInterceptor.java:111)
	at org.springframework.data.repository.core.support.QueryExecutorMethodInterceptor.mapMethodsToQuery(QueryExecutorMethodInterceptor.java:99)
	at org.springframework.data.repository.core.support.QueryExecutorMethodInterceptor.lambda$new$0(QueryExecutorMethodInterceptor.java:88)
	at java.base/java.util.Optional.map(Optional.java:260)
	at org.springframework.data.repository.core.support.QueryExecutorMethodInterceptor.<init>(QueryExecutorMethodInterceptor.java:88)
	at org.springframework.data.repository.core.support.RepositoryFactorySupport.getRepository(RepositoryFactorySupport.java:357)
	at org.springframework.data.repository.core.support.RepositoryFactoryBeanSupport.lambda$afterPropertiesSet$5(RepositoryFactoryBeanSupport.java:279)
	at org.springframework.data.util.Lazy.getNullable(Lazy.java:245)
	at org.springframework.data.util.Lazy.get(Lazy.java:114)
	at org.springframework.data.repository.core.support.RepositoryFactoryBeanSupport.afterPropertiesSet(RepositoryFactoryBeanSupport.java:285)
	at org.springframework.data.jpa.repository.support.JpaRepositoryFactoryBean.afterPropertiesSet(JpaRepositoryFactoryBean.java:132)
	at org.springframework.beans.factory.support.AbstractAutowireCapableBeanFactory.invokeInitMethods(AbstractAutowireCapableBeanFactory.java:1817)
	at org.springframework.beans.factory.support.AbstractAutowireCapableBeanFactory.initializeBean(AbstractAutowireCapableBeanFactory.java:1766)
	at org.springframework.beans.factory.support.AbstractAutowireCapableBeanFactory.doCreateBean(AbstractAutowireCapableBeanFactory.java:598)
	at org.springframework.beans.factory.support.AbstractAutowireCapableBeanFactory.createBean(AbstractAutowireCapableBeanFactory.java:520)
	at org.springframework.beans.factory.support.AbstractBeanFactory.lambda$doGetBean$0(AbstractBeanFactory.java:325)
	at org.springframework.beans.factory.support.DefaultSingletonBeanRegistry.getSingleton(DefaultSingletonBeanRegistry.java:234)
	at org.springframework.beans.factory.support.AbstractBeanFactory.doGetBean(AbstractBeanFactory.java:323)
	at org.springframework.beans.factory.support.AbstractBeanFactory.getBean(AbstractBeanFactory.java:199)
	at org.springframework.beans.factory.config.DependencyDescriptor.resolveCandidate(DependencyDescriptor.java:254)
	at org.springframework.beans.factory.support.DefaultListableBeanFactory.doResolveDependency(DefaultListableBeanFactory.java:1417)
	at org.springframework.beans.factory.support.DefaultListableBeanFactory.resolveDependency(DefaultListableBeanFactory.java:1337)
	at org.springframework.beans.factory.annotation.AutowiredAnnotationBeanPostProcessor$AutowiredFieldElement.resolveFieldValue(AutowiredAnnotationBeanPostProcessor.java:764)
	at org.springframework.beans.factory.annotation.AutowiredAnnotationBeanPostProcessor$AutowiredFieldElement.inject(AutowiredAnnotationBeanPostProcessor.java:747)
	at org.springframework.beans.factory.annotation.InjectionMetadata.inject(InjectionMetadata.java:145)
	at org.springframework.beans.factory.annotation.AutowiredAnnotationBeanPostProcessor.postProcessProperties(AutowiredAnnotationBeanPostProcessor.java:492)
	at org.springframework.beans.factory.support.AbstractAutowireCapableBeanFactory.populateBean(AbstractAutowireCapableBeanFactory.java:1416)
	at org.springframework.beans.factory.support.AbstractAutowireCapableBeanFactory.doCreateBean(AbstractAutowireCapableBeanFactory.java:597)
	at org.springframework.beans.factory.support.AbstractAutowireCapableBeanFactory.createBean(AbstractAutowireCapableBeanFactory.java:520)
	at org.springframework.beans.factory.support.AbstractBeanFactory.lambda$doGetBean$0(AbstractBeanFactory.java:325)
	at org.springframework.beans.factory.support.DefaultSingletonBeanRegistry.getSingleton(DefaultSingletonBeanRegistry.java:234)
	at org.springframework.beans.factory.support.AbstractBeanFactory.doGetBean(AbstractBeanFactory.java:323)
	at org.springframework.beans.factory.support.AbstractBeanFactory.getBean(AbstractBeanFactory.java:199)
	at org.springframework.beans.factory.support.DefaultListableBeanFactory.preInstantiateSingletons(DefaultListableBeanFactory.java:973)
	at org.springframework.context.support.AbstractApplicationContext.finishBeanFactoryInitialization(AbstractApplicationContext.java:950)
	at org.springframework.context.support.AbstractApplicationContext.refresh(AbstractApplicationContext.java:616)
	at org.springframework.boot.SpringApplication.refresh(SpringApplication.java:738)
	at org.springframework.boot.SpringApplication.refreshContext(SpringApplication.java:440)
	at org.springframework.boot.SpringApplication.run(SpringApplication.java:316)
	at org.springframework.boot.test.context.SpringBootContextLoader.lambda$loadContext$3(SpringBootContextLoader.java:137)
	at org.springframework.util.function.ThrowingSupplier.get(ThrowingSupplier.java:58)
	at org.springframework.util.function.ThrowingSupplier.get(ThrowingSupplier.java:46)
	at org.springframework.boot.SpringApplication.withHook(SpringApplication.java:1406)
	at org.springframework.boot.test.context.SpringBootContextLoader$ContextLoaderHook.run(SpringBootContextLoader.java:545)
	at org.springframework.boot.test.context.SpringBootContextLoader.loadContext(SpringBootContextLoader.java:137)
	at org.springframework.boot.test.context.SpringBootContextLoader.loadContext(SpringBootContextLoader.java:108)
	at org.springframework.test.context.cache.DefaultCacheAwareContextLoaderDelegate.loadContextInternal(DefaultCacheAwareContextLoaderDelegate.java:187)
	at org.springframework.test.context.cache.DefaultCacheAwareContextLoaderDelegate.loadContext(DefaultCacheAwareContextLoaderDelegate.java:119)
	at org.springframework.test.context.support.DefaultTestContext.getApplicationContext(DefaultTestContext.java:127)
	at org.springframework.test.context.web.ServletTestExecutionListener.setUpRequestContextIfNecessary(ServletTestExecutionListener.java:191)
	at org.springframework.test.context.web.ServletTestExecutionListener.prepareTestInstance(ServletTestExecutionListener.java:130)
	at org.springframework.test.context.TestContextManager.prepareTestInstance(TestContextManager.java:241)
	at org.springframework.test.context.junit.jupiter.SpringExtension.postProcessTestInstance(SpringExtension.java:138)
	at org.junit.jupiter.engine.descriptor.ClassBasedTestDescriptor.lambda$invokeTestInstancePostProcessors$10(ClassBasedTestDescriptor.java:377)
	at org.junit.jupiter.engine.descriptor.ClassBasedTestDescriptor.executeAndMaskThrowable(ClassBasedTestDescriptor.java:382)
	at org.junit.jupiter.engine.descriptor.ClassBasedTestDescriptor.lambda$invokeTestInstancePostProcessors$11(ClassBasedTestDescriptor.java:377)
	at java.base/java.util.stream.ReferencePipeline$3$1.accept(ReferencePipeline.java:197)
	at java.base/java.util.stream.ReferencePipeline$2$1.accept(ReferencePipeline.java:179)
	at java.base/java.util.ArrayList$ArrayListSpliterator.forEachRemaining(ArrayList.java:1625)
	at java.base/java.util.stream.AbstractPipeline.copyInto(AbstractPipeline.java:509)
	at java.base/java.util.stream.AbstractPipeline.wrapAndCopyInto(AbstractPipeline.java:499)
	at java.base/java.util.stream.StreamSpliterators$WrappingSpliterator.forEachRemaining(StreamSpliterators.java:310)
	at java.base/java.util.stream.Streams$ConcatSpliterator.forEachRemaining(Streams.java:735)
	at java.base/java.util.stream.Streams$ConcatSpliterator.forEachRemaining(Streams.java:734)
	at java.base/java.util.stream.ReferencePipeline$Head.forEach(ReferencePipeline.java:762)
	at org.junit.jupiter.engine.descriptor.ClassBasedTestDescriptor.invokeTestInstancePostProcessors(ClassBasedTestDescriptor.java:376)
	at org.junit.jupiter.engine.descriptor.ClassBasedTestDescriptor.lambda$instantiateAndPostProcessTestInstance$6(ClassBasedTestDescriptor.java:289)
	at org.junit.platform.engine.support.hierarchical.ThrowableCollector.execute(ThrowableCollector.java:73)
	at org.junit.jupiter.engine.descriptor.ClassBasedTestDescriptor.instantiateAndPostProcessTestInstance(ClassBasedTestDescriptor.java:288)
	at org.junit.jupiter.engine.descriptor.ClassBasedTestDescriptor.lambda$testInstancesProvider$4(ClassBasedTestDescriptor.java:278)
	at java.base/java.util.Optional.orElseGet(Optional.java:364)
	at org.junit.jupiter.engine.descriptor.ClassBasedTestDescriptor.lambda$testInstancesProvider$5(ClassBasedTestDescriptor.java:277)
	at org.junit.jupiter.engine.execution.TestInstancesProvider.getTestInstances(TestInstancesProvider.java:31)
	at org.junit.jupiter.engine.descriptor.TestMethodTestDescriptor.lambda$prepare$0(TestMethodTestDescriptor.java:105)
	at org.junit.platform.engine.support.hierarchical.ThrowableCollector.execute(ThrowableCollector.java:73)
	at org.junit.jupiter.engine.descriptor.TestMethodTestDescriptor.prepare(TestMethodTestDescriptor.java:104)
	at org.junit.jupiter.engine.descriptor.TestMethodTestDescriptor.prepare(TestMethodTestDescriptor.java:68)
	at org.junit.platform.engine.support.hierarchical.NodeTestTask.lambda$prepare$2(NodeTestTask.java:123)
	at org.junit.platform.engine.support.hierarchical.ThrowableCollector.execute(ThrowableCollector.java:73)
	at org.junit.platform.engine.support.hierarchical.NodeTestTask.prepare(NodeTestTask.java:123)
	at org.junit.platform.engine.support.hierarchical.NodeTestTask.execute(NodeTestTask.java:90)
	at java.base/java.util.ArrayList.forEach(ArrayList.java:1511)
	at org.junit.platform.engine.support.hierarchical.SameThreadHierarchicalTestExecutorService.invokeAll(SameThreadHierarchicalTestExecutorService.java:41)
	at org.junit.platform.engine.support.hierarchical.NodeTestTask.lambda$executeRecursively$6(NodeTestTask.java:155)
	at org.junit.platform.engine.support.hierarchical.ThrowableCollector.execute(ThrowableCollector.java:73)
	at org.junit.platform.engine.support.hierarchical.NodeTestTask.lambda$executeRecursively$8(NodeTestTask.java:141)
	at org.junit.platform.engine.support.hierarchical.Node.around(Node.java:137)
	at org.junit.platform.engine.support.hierarchical.NodeTestTask.lambda$executeRecursively$9(NodeTestTask.java:139)
	at org.junit.platform.engine.support.hierarchical.ThrowableCollector.execute(ThrowableCollector.java:73)
	at org.junit.platform.engine.support.hierarchical.NodeTestTask.executeRecursively(NodeTestTask.java:138)
	at org.junit.platform.engine.support.hierarchical.NodeTestTask.execute(NodeTestTask.java:95)
	at java.base/java.util.ArrayList.forEach(ArrayList.java:1511)
	at org.junit.platform.engine.support.hierarchical.SameThreadHierarchicalTestExecutorService.invokeAll(SameThreadHierarchicalTestExecutorService.java:41)
	at org.junit.platform.engine.support.hierarchical.NodeTestTask.lambda$executeRecursively$6(NodeTestTask.java:155)
	at org.junit.platform.engine.support.hierarchical.ThrowableCollector.execute(ThrowableCollector.java:73)
	at org.junit.platform.engine.support.hierarchical.NodeTestTask.lambda$executeRecursively$8(NodeTestTask.java:141)
	at org.junit.platform.engine.support.hierarchical.Node.around(Node.java:137)
	at org.junit.platform.engine.support.hierarchical.NodeTestTask.lambda$executeRecursively$9(NodeTestTask.java:139)
	at org.junit.platform.engine.support.hierarchical.ThrowableCollector.execute(ThrowableCollector.java:73)
	at org.junit.platform.engine.support.hierarchical.NodeTestTask.executeRecursively(NodeTestTask.java:138)
	at org.junit.platform.engine.support.hierarchical.NodeTestTask.execute(NodeTestTask.java:95)
	at org.junit.platform.engine.support.hierarchical.SameThreadHierarchicalTestExecutorService.submit(SameThreadHierarchicalTestExecutorService.java:35)
	at org.junit.platform.engine.support.hierarchical.HierarchicalTestExecutor.execute(HierarchicalTestExecutor.java:57)
	at org.junit.platform.engine.support.hierarchical.HierarchicalTestEngine.execute(HierarchicalTestEngine.java:54)
	at org.junit.platform.launcher.core.EngineExecutionOrchestrator.execute(EngineExecutionOrchestrator.java:147)
	at org.junit.platform.launcher.core.EngineExecutionOrchestrator.execute(EngineExecutionOrchestrator.java:127)
	at org.junit.platform.launcher.core.EngineExecutionOrchestrator.execute(EngineExecutionOrchestrator.java:90)
	at org.junit.platform.launcher.core.EngineExecutionOrchestrator.lambda$execute$0(EngineExecutionOrchestrator.java:55)
	at org.junit.platform.launcher.core.EngineExecutionOrchestrator.withInterceptedStreams(EngineExecutionOrchestrator.java:102)
	at org.junit.platform.launcher.core.EngineExecutionOrchestrator.execute(EngineExecutionOrchestrator.java:54)
	at org.junit.platform.launcher.core.DefaultLauncher.execute(DefaultLauncher.java:114)
	at org.junit.platform.launcher.core.DefaultLauncher.execute(DefaultLauncher.java:86)
	at org.junit.platform.launcher.core.DefaultLauncherSession$DelegatingLauncher.execute(DefaultLauncherSession.java:86)
	at org.apache.maven.surefire.junitplatform.LazyLauncher.execute(LazyLauncher.java:50)
	at org.apache.maven.surefire.junitplatform.JUnitPlatformProvider.execute(JUnitPlatformProvider.java:184)
	at org.apache.maven.surefire.junitplatform.JUnitPlatformProvider.invokeAllTests(JUnitPlatformProvider.java:148)
	at org.apache.maven.surefire.junitplatform.JUnitPlatformProvider.invoke(JUnitPlatformProvider.java:122)
	at org.apache.maven.surefire.booter.ForkedBooter.runSuitesInProcess(ForkedBooter.java:385)
	at org.apache.maven.surefire.booter.ForkedBooter.execute(ForkedBooter.java:162)
	at org.apache.maven.surefire.booter.ForkedBooter.run(ForkedBooter.java:507)
	at org.apache.maven.surefire.booter.ForkedBooter.main(ForkedBooter.java:495)
2023-11-24 12:36:42,149 TRACE o.h.i.SessionImpl [SessionImpl.java:402] Closing session [ca94be8a-eaf9-4cd9-ae08-1f5bf6e0d8eb]
2023-11-24 12:36:42,149 TRACE o.h.e.j.i.JdbcCoordinatorImpl [JdbcCoordinatorImpl.java:152] Closing JDBC container [org.hibernate.engine.jdbc.internal.JdbcCoordinatorImpl@74f76a73]
2023-11-24 12:36:42,149 TRACE o.h.r.j.i.ResourceRegistryStandardImpl [ResourceRegistryStandardImpl.java:329] Releasing JDBC resources
2023-11-24 12:36:42,149 TRACE o.h.r.j.i.LogicalConnectionManagedImpl [LogicalConnectionManagedImpl.java:256] Closing logical connection
2023-11-24 12:36:42,149 TRACE o.h.r.j.i.LogicalConnectionManagedImpl [LogicalConnectionManagedImpl.java:263] Logical connection closed
2023-11-24 12:36:42,150 TRACE o.h.i.SessionFactoryImpl$SessionBuilderImpl [SessionFactoryImpl.java:1298] Opening Hibernate Session.  tenant=null
2023-11-24 12:36:42,150 TRACE o.h.i.SessionImpl [SessionImpl.java:262] Opened Session [0db6f6bd-8b91-4de5-8f0e-5c507d3b4edd] at timestamp: 1700825802150
2023-11-24 12:36:42,150 TRACE o.h.i.SessionImpl [SessionImpl.java:402] Closing session [0db6f6bd-8b91-4de5-8f0e-5c507d3b4edd]
2023-11-24 12:36:42,150 TRACE o.h.e.j.i.JdbcCoordinatorImpl [JdbcCoordinatorImpl.java:152] Closing JDBC container [org.hibernate.engine.jdbc.internal.JdbcCoordinatorImpl@77d6fd21]
2023-11-24 12:36:42,150 TRACE o.h.r.j.i.ResourceRegistryStandardImpl [ResourceRegistryStandardImpl.java:329] Releasing JDBC resources
2023-11-24 12:36:42,151 TRACE o.h.r.j.i.LogicalConnectionManagedImpl [LogicalConnectionManagedImpl.java:256] Closing logical connection
2023-11-24 12:36:42,151 TRACE o.h.r.j.i.LogicalConnectionManagedImpl [LogicalConnectionManagedImpl.java:263] Logical connection closed
2023-11-24 12:36:42,152 TRACE o.h.i.SessionFactoryImpl$SessionBuilderImpl [SessionFactoryImpl.java:1298] Opening Hibernate Session.  tenant=null
2023-11-24 12:36:42,152 TRACE o.h.i.SessionImpl [SessionImpl.java:262] Opened Session [15a0e9d1-5649-4552-a1c8-3047634886ef] at timestamp: 1700825802152
2023-11-24 12:36:42,153 DEBUG o.h.r.t.b.j.i.JdbcResourceLocalTransactionCoordinatorImpl [JdbcResourceLocalTransactionCoordinatorImpl.java:310] JDBC transaction marked for rollback-only (exception provided for stack trace)
java.lang.Exception: exception just for purpose of providing stack trace
	at org.hibernate.resource.transaction.backend.jdbc.internal.JdbcResourceLocalTransactionCoordinatorImpl$TransactionDriverControlImpl.markRollbackOnly(JdbcResourceLocalTransactionCoordinatorImpl.java:310)
	at org.hibernate.internal.AbstractSharedSessionContract.buildNamedQuery(AbstractSharedSessionContract.java:1021)
	at org.hibernate.internal.AbstractSharedSessionContract.createNamedQuery(AbstractSharedSessionContract.java:899)
	at org.hibernate.internal.AbstractSharedSessionContract.createNamedQuery(AbstractSharedSessionContract.java:120)
	at jdk.internal.reflect.GeneratedMethodAccessor47.invoke(Unknown Source)
	at java.base/jdk.internal.reflect.DelegatingMethodAccessorImpl.invoke(DelegatingMethodAccessorImpl.java:43)
	at java.base/java.lang.reflect.Method.invoke(Method.java:568)
	at org.springframework.orm.jpa.ExtendedEntityManagerCreator$ExtendedEntityManagerInvocationHandler.invoke(ExtendedEntityManagerCreator.java:360)
	at jdk.proxy2/jdk.proxy2.$Proxy191.createNamedQuery(Unknown Source)
	at org.springframework.data.jpa.repository.query.NamedQuery.hasNamedQuery(NamedQuery.java:113)
	at org.springframework.data.jpa.repository.query.NamedQuery.lookupFrom(NamedQuery.java:141)
	at org.springframework.data.jpa.repository.query.JpaQueryLookupStrategy$DeclaredQueryLookupStrategy.resolveQuery(JpaQueryLookupStrategy.java:180)
	at org.springframework.data.jpa.repository.query.JpaQueryLookupStrategy$CreateIfNotFoundQueryLookupStrategy.resolveQuery(JpaQueryLookupStrategy.java:252)
	at org.springframework.data.jpa.repository.query.JpaQueryLookupStrategy$AbstractQueryLookupStrategy.resolveQuery(JpaQueryLookupStrategy.java:95)
	at org.springframework.data.repository.core.support.QueryExecutorMethodInterceptor.lookupQuery(QueryExecutorMethodInterceptor.java:111)
	at org.springframework.data.repository.core.support.QueryExecutorMethodInterceptor.mapMethodsToQuery(QueryExecutorMethodInterceptor.java:99)
	at org.springframework.data.repository.core.support.QueryExecutorMethodInterceptor.lambda$new$0(QueryExecutorMethodInterceptor.java:88)
	at java.base/java.util.Optional.map(Optional.java:260)
	at org.springframework.data.repository.core.support.QueryExecutorMethodInterceptor.<init>(QueryExecutorMethodInterceptor.java:88)
	at org.springframework.data.repository.core.support.RepositoryFactorySupport.getRepository(RepositoryFactorySupport.java:357)
	at org.springframework.data.repository.core.support.RepositoryFactoryBeanSupport.lambda$afterPropertiesSet$5(RepositoryFactoryBeanSupport.java:279)
	at org.springframework.data.util.Lazy.getNullable(Lazy.java:245)
	at org.springframework.data.util.Lazy.get(Lazy.java:114)
	at org.springframework.data.repository.core.support.RepositoryFactoryBeanSupport.afterPropertiesSet(RepositoryFactoryBeanSupport.java:285)
	at org.springframework.data.jpa.repository.support.JpaRepositoryFactoryBean.afterPropertiesSet(JpaRepositoryFactoryBean.java:132)
	at org.springframework.beans.factory.support.AbstractAutowireCapableBeanFactory.invokeInitMethods(AbstractAutowireCapableBeanFactory.java:1817)
	at org.springframework.beans.factory.support.AbstractAutowireCapableBeanFactory.initializeBean(AbstractAutowireCapableBeanFactory.java:1766)
	at org.springframework.beans.factory.support.AbstractAutowireCapableBeanFactory.doCreateBean(AbstractAutowireCapableBeanFactory.java:598)
	at org.springframework.beans.factory.support.AbstractAutowireCapableBeanFactory.createBean(AbstractAutowireCapableBeanFactory.java:520)
	at org.springframework.beans.factory.support.AbstractBeanFactory.lambda$doGetBean$0(AbstractBeanFactory.java:325)
	at org.springframework.beans.factory.support.DefaultSingletonBeanRegistry.getSingleton(DefaultSingletonBeanRegistry.java:234)
	at org.springframework.beans.factory.support.AbstractBeanFactory.doGetBean(AbstractBeanFactory.java:323)
	at org.springframework.beans.factory.support.AbstractBeanFactory.getBean(AbstractBeanFactory.java:199)
	at org.springframework.beans.factory.config.DependencyDescriptor.resolveCandidate(DependencyDescriptor.java:254)
	at org.springframework.beans.factory.support.DefaultListableBeanFactory.doResolveDependency(DefaultListableBeanFactory.java:1417)
	at org.springframework.beans.factory.support.DefaultListableBeanFactory.resolveDependency(DefaultListableBeanFactory.java:1337)
	at org.springframework.beans.factory.annotation.AutowiredAnnotationBeanPostProcessor$AutowiredFieldElement.resolveFieldValue(AutowiredAnnotationBeanPostProcessor.java:764)
	at org.springframework.beans.factory.annotation.AutowiredAnnotationBeanPostProcessor$AutowiredFieldElement.inject(AutowiredAnnotationBeanPostProcessor.java:747)
	at org.springframework.beans.factory.annotation.InjectionMetadata.inject(InjectionMetadata.java:145)
	at org.springframework.beans.factory.annotation.AutowiredAnnotationBeanPostProcessor.postProcessProperties(AutowiredAnnotationBeanPostProcessor.java:492)
	at org.springframework.beans.factory.support.AbstractAutowireCapableBeanFactory.populateBean(AbstractAutowireCapableBeanFactory.java:1416)
	at org.springframework.beans.factory.support.AbstractAutowireCapableBeanFactory.doCreateBean(AbstractAutowireCapableBeanFactory.java:597)
	at org.springframework.beans.factory.support.AbstractAutowireCapableBeanFactory.createBean(AbstractAutowireCapableBeanFactory.java:520)
	at org.springframework.beans.factory.support.AbstractBeanFactory.lambda$doGetBean$0(AbstractBeanFactory.java:325)
	at org.springframework.beans.factory.support.DefaultSingletonBeanRegistry.getSingleton(DefaultSingletonBeanRegistry.java:234)
	at org.springframework.beans.factory.support.AbstractBeanFactory.doGetBean(AbstractBeanFactory.java:323)
	at org.springframework.beans.factory.support.AbstractBeanFactory.getBean(AbstractBeanFactory.java:199)
	at org.springframework.beans.factory.support.DefaultListableBeanFactory.preInstantiateSingletons(DefaultListableBeanFactory.java:973)
	at org.springframework.context.support.AbstractApplicationContext.finishBeanFactoryInitialization(AbstractApplicationContext.java:950)
	at org.springframework.context.support.AbstractApplicationContext.refresh(AbstractApplicationContext.java:616)
	at org.springframework.boot.SpringApplication.refresh(SpringApplication.java:738)
	at org.springframework.boot.SpringApplication.refreshContext(SpringApplication.java:440)
	at org.springframework.boot.SpringApplication.run(SpringApplication.java:316)
	at org.springframework.boot.test.context.SpringBootContextLoader.lambda$loadContext$3(SpringBootContextLoader.java:137)
	at org.springframework.util.function.ThrowingSupplier.get(ThrowingSupplier.java:58)
	at org.springframework.util.function.ThrowingSupplier.get(ThrowingSupplier.java:46)
	at org.springframework.boot.SpringApplication.withHook(SpringApplication.java:1406)
	at org.springframework.boot.test.context.SpringBootContextLoader$ContextLoaderHook.run(SpringBootContextLoader.java:545)
	at org.springframework.boot.test.context.SpringBootContextLoader.loadContext(SpringBootContextLoader.java:137)
	at org.springframework.boot.test.context.SpringBootContextLoader.loadContext(SpringBootContextLoader.java:108)
	at org.springframework.test.context.cache.DefaultCacheAwareContextLoaderDelegate.loadContextInternal(DefaultCacheAwareContextLoaderDelegate.java:187)
	at org.springframework.test.context.cache.DefaultCacheAwareContextLoaderDelegate.loadContext(DefaultCacheAwareContextLoaderDelegate.java:119)
	at org.springframework.test.context.support.DefaultTestContext.getApplicationContext(DefaultTestContext.java:127)
	at org.springframework.test.context.web.ServletTestExecutionListener.setUpRequestContextIfNecessary(ServletTestExecutionListener.java:191)
	at org.springframework.test.context.web.ServletTestExecutionListener.prepareTestInstance(ServletTestExecutionListener.java:130)
	at org.springframework.test.context.TestContextManager.prepareTestInstance(TestContextManager.java:241)
	at org.springframework.test.context.junit.jupiter.SpringExtension.postProcessTestInstance(SpringExtension.java:138)
	at org.junit.jupiter.engine.descriptor.ClassBasedTestDescriptor.lambda$invokeTestInstancePostProcessors$10(ClassBasedTestDescriptor.java:377)
	at org.junit.jupiter.engine.descriptor.ClassBasedTestDescriptor.executeAndMaskThrowable(ClassBasedTestDescriptor.java:382)
	at org.junit.jupiter.engine.descriptor.ClassBasedTestDescriptor.lambda$invokeTestInstancePostProcessors$11(ClassBasedTestDescriptor.java:377)
	at java.base/java.util.stream.ReferencePipeline$3$1.accept(ReferencePipeline.java:197)
	at java.base/java.util.stream.ReferencePipeline$2$1.accept(ReferencePipeline.java:179)
	at java.base/java.util.ArrayList$ArrayListSpliterator.forEachRemaining(ArrayList.java:1625)
	at java.base/java.util.stream.AbstractPipeline.copyInto(AbstractPipeline.java:509)
	at java.base/java.util.stream.AbstractPipeline.wrapAndCopyInto(AbstractPipeline.java:499)
	at java.base/java.util.stream.StreamSpliterators$WrappingSpliterator.forEachRemaining(StreamSpliterators.java:310)
	at java.base/java.util.stream.Streams$ConcatSpliterator.forEachRemaining(Streams.java:735)
	at java.base/java.util.stream.Streams$ConcatSpliterator.forEachRemaining(Streams.java:734)
	at java.base/java.util.stream.ReferencePipeline$Head.forEach(ReferencePipeline.java:762)
	at org.junit.jupiter.engine.descriptor.ClassBasedTestDescriptor.invokeTestInstancePostProcessors(ClassBasedTestDescriptor.java:376)
	at org.junit.jupiter.engine.descriptor.ClassBasedTestDescriptor.lambda$instantiateAndPostProcessTestInstance$6(ClassBasedTestDescriptor.java:289)
	at org.junit.platform.engine.support.hierarchical.ThrowableCollector.execute(ThrowableCollector.java:73)
	at org.junit.jupiter.engine.descriptor.ClassBasedTestDescriptor.instantiateAndPostProcessTestInstance(ClassBasedTestDescriptor.java:288)
	at org.junit.jupiter.engine.descriptor.ClassBasedTestDescriptor.lambda$testInstancesProvider$4(ClassBasedTestDescriptor.java:278)
	at java.base/java.util.Optional.orElseGet(Optional.java:364)
	at org.junit.jupiter.engine.descriptor.ClassBasedTestDescriptor.lambda$testInstancesProvider$5(ClassBasedTestDescriptor.java:277)
	at org.junit.jupiter.engine.execution.TestInstancesProvider.getTestInstances(TestInstancesProvider.java:31)
	at org.junit.jupiter.engine.descriptor.TestMethodTestDescriptor.lambda$prepare$0(TestMethodTestDescriptor.java:105)
	at org.junit.platform.engine.support.hierarchical.ThrowableCollector.execute(ThrowableCollector.java:73)
	at org.junit.jupiter.engine.descriptor.TestMethodTestDescriptor.prepare(TestMethodTestDescriptor.java:104)
	at org.junit.jupiter.engine.descriptor.TestMethodTestDescriptor.prepare(TestMethodTestDescriptor.java:68)
	at org.junit.platform.engine.support.hierarchical.NodeTestTask.lambda$prepare$2(NodeTestTask.java:123)
	at org.junit.platform.engine.support.hierarchical.ThrowableCollector.execute(ThrowableCollector.java:73)
	at org.junit.platform.engine.support.hierarchical.NodeTestTask.prepare(NodeTestTask.java:123)
	at org.junit.platform.engine.support.hierarchical.NodeTestTask.execute(NodeTestTask.java:90)
	at java.base/java.util.ArrayList.forEach(ArrayList.java:1511)
	at org.junit.platform.engine.support.hierarchical.SameThreadHierarchicalTestExecutorService.invokeAll(SameThreadHierarchicalTestExecutorService.java:41)
	at org.junit.platform.engine.support.hierarchical.NodeTestTask.lambda$executeRecursively$6(NodeTestTask.java:155)
	at org.junit.platform.engine.support.hierarchical.ThrowableCollector.execute(ThrowableCollector.java:73)
	at org.junit.platform.engine.support.hierarchical.NodeTestTask.lambda$executeRecursively$8(NodeTestTask.java:141)
	at org.junit.platform.engine.support.hierarchical.Node.around(Node.java:137)
	at org.junit.platform.engine.support.hierarchical.NodeTestTask.lambda$executeRecursively$9(NodeTestTask.java:139)
	at org.junit.platform.engine.support.hierarchical.ThrowableCollector.execute(ThrowableCollector.java:73)
	at org.junit.platform.engine.support.hierarchical.NodeTestTask.executeRecursively(NodeTestTask.java:138)
	at org.junit.platform.engine.support.hierarchical.NodeTestTask.execute(NodeTestTask.java:95)
	at java.base/java.util.ArrayList.forEach(ArrayList.java:1511)
	at org.junit.platform.engine.support.hierarchical.SameThreadHierarchicalTestExecutorService.invokeAll(SameThreadHierarchicalTestExecutorService.java:41)
	at org.junit.platform.engine.support.hierarchical.NodeTestTask.lambda$executeRecursively$6(NodeTestTask.java:155)
	at org.junit.platform.engine.support.hierarchical.ThrowableCollector.execute(ThrowableCollector.java:73)
	at org.junit.platform.engine.support.hierarchical.NodeTestTask.lambda$executeRecursively$8(NodeTestTask.java:141)
	at org.junit.platform.engine.support.hierarchical.Node.around(Node.java:137)
	at org.junit.platform.engine.support.hierarchical.NodeTestTask.lambda$executeRecursively$9(NodeTestTask.java:139)
	at org.junit.platform.engine.support.hierarchical.ThrowableCollector.execute(ThrowableCollector.java:73)
	at org.junit.platform.engine.support.hierarchical.NodeTestTask.executeRecursively(NodeTestTask.java:138)
	at org.junit.platform.engine.support.hierarchical.NodeTestTask.execute(NodeTestTask.java:95)
	at org.junit.platform.engine.support.hierarchical.SameThreadHierarchicalTestExecutorService.submit(SameThreadHierarchicalTestExecutorService.java:35)
	at org.junit.platform.engine.support.hierarchical.HierarchicalTestExecutor.execute(HierarchicalTestExecutor.java:57)
	at org.junit.platform.engine.support.hierarchical.HierarchicalTestEngine.execute(HierarchicalTestEngine.java:54)
	at org.junit.platform.launcher.core.EngineExecutionOrchestrator.execute(EngineExecutionOrchestrator.java:147)
	at org.junit.platform.launcher.core.EngineExecutionOrchestrator.execute(EngineExecutionOrchestrator.java:127)
	at org.junit.platform.launcher.core.EngineExecutionOrchestrator.execute(EngineExecutionOrchestrator.java:90)
	at org.junit.platform.launcher.core.EngineExecutionOrchestrator.lambda$execute$0(EngineExecutionOrchestrator.java:55)
	at org.junit.platform.launcher.core.EngineExecutionOrchestrator.withInterceptedStreams(EngineExecutionOrchestrator.java:102)
	at org.junit.platform.launcher.core.EngineExecutionOrchestrator.execute(EngineExecutionOrchestrator.java:54)
	at org.junit.platform.launcher.core.DefaultLauncher.execute(DefaultLauncher.java:114)
	at org.junit.platform.launcher.core.DefaultLauncher.execute(DefaultLauncher.java:86)
	at org.junit.platform.launcher.core.DefaultLauncherSession$DelegatingLauncher.execute(DefaultLauncherSession.java:86)
	at org.apache.maven.surefire.junitplatform.LazyLauncher.execute(LazyLauncher.java:50)
	at org.apache.maven.surefire.junitplatform.JUnitPlatformProvider.execute(JUnitPlatformProvider.java:184)
	at org.apache.maven.surefire.junitplatform.JUnitPlatformProvider.invokeAllTests(JUnitPlatformProvider.java:148)
	at org.apache.maven.surefire.junitplatform.JUnitPlatformProvider.invoke(JUnitPlatformProvider.java:122)
	at org.apache.maven.surefire.booter.ForkedBooter.runSuitesInProcess(ForkedBooter.java:385)
	at org.apache.maven.surefire.booter.ForkedBooter.execute(ForkedBooter.java:162)
	at org.apache.maven.surefire.booter.ForkedBooter.run(ForkedBooter.java:507)
	at org.apache.maven.surefire.booter.ForkedBooter.main(ForkedBooter.java:495)
2023-11-24 12:36:42,153 TRACE o.h.i.SessionImpl [SessionImpl.java:402] Closing session [15a0e9d1-5649-4552-a1c8-3047634886ef]
2023-11-24 12:36:42,153 TRACE o.h.e.j.i.JdbcCoordinatorImpl [JdbcCoordinatorImpl.java:152] Closing JDBC container [org.hibernate.engine.jdbc.internal.JdbcCoordinatorImpl@4f9b7b1c]
2023-11-24 12:36:42,153 TRACE o.h.r.j.i.ResourceRegistryStandardImpl [ResourceRegistryStandardImpl.java:329] Releasing JDBC resources
2023-11-24 12:36:42,154 TRACE o.h.r.j.i.LogicalConnectionManagedImpl [LogicalConnectionManagedImpl.java:256] Closing logical connection
2023-11-24 12:36:42,154 TRACE o.h.r.j.i.LogicalConnectionManagedImpl [LogicalConnectionManagedImpl.java:263] Logical connection closed
2023-11-24 12:36:42,154 TRACE o.h.i.SessionFactoryImpl$SessionBuilderImpl [SessionFactoryImpl.java:1298] Opening Hibernate Session.  tenant=null
2023-11-24 12:36:42,154 TRACE o.h.i.SessionImpl [SessionImpl.java:262] Opened Session [f6949cfa-689b-4dff-9758-b0a95cab5292] at timestamp: 1700825802154
2023-11-24 12:36:42,154 TRACE o.h.i.SessionImpl [SessionImpl.java:402] Closing session [f6949cfa-689b-4dff-9758-b0a95cab5292]
2023-11-24 12:36:42,154 TRACE o.h.e.j.i.JdbcCoordinatorImpl [JdbcCoordinatorImpl.java:152] Closing JDBC container [org.hibernate.engine.jdbc.internal.JdbcCoordinatorImpl@70346e]
2023-11-24 12:36:42,155 TRACE o.h.r.j.i.ResourceRegistryStandardImpl [ResourceRegistryStandardImpl.java:329] Releasing JDBC resources
2023-11-24 12:36:42,155 TRACE o.h.r.j.i.LogicalConnectionManagedImpl [LogicalConnectionManagedImpl.java:256] Closing logical connection
2023-11-24 12:36:42,155 TRACE o.h.r.j.i.LogicalConnectionManagedImpl [LogicalConnectionManagedImpl.java:263] Logical connection closed
2023-11-24 12:36:42,156 TRACE o.h.i.SessionFactoryImpl$SessionBuilderImpl [SessionFactoryImpl.java:1298] Opening Hibernate Session.  tenant=null
2023-11-24 12:36:42,156 TRACE o.h.i.SessionImpl [SessionImpl.java:262] Opened Session [e6d9457d-117e-4f5b-a0fa-31dc4565bd86] at timestamp: 1700825802156
2023-11-24 12:36:42,157 DEBUG o.h.r.t.b.j.i.JdbcResourceLocalTransactionCoordinatorImpl [JdbcResourceLocalTransactionCoordinatorImpl.java:310] JDBC transaction marked for rollback-only (exception provided for stack trace)
java.lang.Exception: exception just for purpose of providing stack trace
	at org.hibernate.resource.transaction.backend.jdbc.internal.JdbcResourceLocalTransactionCoordinatorImpl$TransactionDriverControlImpl.markRollbackOnly(JdbcResourceLocalTransactionCoordinatorImpl.java:310)
	at org.hibernate.internal.AbstractSharedSessionContract.buildNamedQuery(AbstractSharedSessionContract.java:1021)
	at org.hibernate.internal.AbstractSharedSessionContract.createNamedQuery(AbstractSharedSessionContract.java:899)
	at org.hibernate.internal.AbstractSharedSessionContract.createNamedQuery(AbstractSharedSessionContract.java:120)
	at jdk.internal.reflect.GeneratedMethodAccessor47.invoke(Unknown Source)
	at java.base/jdk.internal.reflect.DelegatingMethodAccessorImpl.invoke(DelegatingMethodAccessorImpl.java:43)
	at java.base/java.lang.reflect.Method.invoke(Method.java:568)
	at org.springframework.orm.jpa.ExtendedEntityManagerCreator$ExtendedEntityManagerInvocationHandler.invoke(ExtendedEntityManagerCreator.java:360)
	at jdk.proxy2/jdk.proxy2.$Proxy191.createNamedQuery(Unknown Source)
	at org.springframework.data.jpa.repository.query.NamedQuery.hasNamedQuery(NamedQuery.java:113)
	at org.springframework.data.jpa.repository.query.NamedQuery.lookupFrom(NamedQuery.java:141)
	at org.springframework.data.jpa.repository.query.JpaQueryLookupStrategy$DeclaredQueryLookupStrategy.resolveQuery(JpaQueryLookupStrategy.java:180)
	at org.springframework.data.jpa.repository.query.JpaQueryLookupStrategy$CreateIfNotFoundQueryLookupStrategy.resolveQuery(JpaQueryLookupStrategy.java:252)
	at org.springframework.data.jpa.repository.query.JpaQueryLookupStrategy$AbstractQueryLookupStrategy.resolveQuery(JpaQueryLookupStrategy.java:95)
	at org.springframework.data.repository.core.support.QueryExecutorMethodInterceptor.lookupQuery(QueryExecutorMethodInterceptor.java:111)
	at org.springframework.data.repository.core.support.QueryExecutorMethodInterceptor.mapMethodsToQuery(QueryExecutorMethodInterceptor.java:99)
	at org.springframework.data.repository.core.support.QueryExecutorMethodInterceptor.lambda$new$0(QueryExecutorMethodInterceptor.java:88)
	at java.base/java.util.Optional.map(Optional.java:260)
	at org.springframework.data.repository.core.support.QueryExecutorMethodInterceptor.<init>(QueryExecutorMethodInterceptor.java:88)
	at org.springframework.data.repository.core.support.RepositoryFactorySupport.getRepository(RepositoryFactorySupport.java:357)
	at org.springframework.data.repository.core.support.RepositoryFactoryBeanSupport.lambda$afterPropertiesSet$5(RepositoryFactoryBeanSupport.java:279)
	at org.springframework.data.util.Lazy.getNullable(Lazy.java:245)
	at org.springframework.data.util.Lazy.get(Lazy.java:114)
	at org.springframework.data.repository.core.support.RepositoryFactoryBeanSupport.afterPropertiesSet(RepositoryFactoryBeanSupport.java:285)
	at org.springframework.data.jpa.repository.support.JpaRepositoryFactoryBean.afterPropertiesSet(JpaRepositoryFactoryBean.java:132)
	at org.springframework.beans.factory.support.AbstractAutowireCapableBeanFactory.invokeInitMethods(AbstractAutowireCapableBeanFactory.java:1817)
	at org.springframework.beans.factory.support.AbstractAutowireCapableBeanFactory.initializeBean(AbstractAutowireCapableBeanFactory.java:1766)
	at org.springframework.beans.factory.support.AbstractAutowireCapableBeanFactory.doCreateBean(AbstractAutowireCapableBeanFactory.java:598)
	at org.springframework.beans.factory.support.AbstractAutowireCapableBeanFactory.createBean(AbstractAutowireCapableBeanFactory.java:520)
	at org.springframework.beans.factory.support.AbstractBeanFactory.lambda$doGetBean$0(AbstractBeanFactory.java:325)
	at org.springframework.beans.factory.support.DefaultSingletonBeanRegistry.getSingleton(DefaultSingletonBeanRegistry.java:234)
	at org.springframework.beans.factory.support.AbstractBeanFactory.doGetBean(AbstractBeanFactory.java:323)
	at org.springframework.beans.factory.support.AbstractBeanFactory.getBean(AbstractBeanFactory.java:199)
	at org.springframework.beans.factory.config.DependencyDescriptor.resolveCandidate(DependencyDescriptor.java:254)
	at org.springframework.beans.factory.support.DefaultListableBeanFactory.doResolveDependency(DefaultListableBeanFactory.java:1417)
	at org.springframework.beans.factory.support.DefaultListableBeanFactory.resolveDependency(DefaultListableBeanFactory.java:1337)
	at org.springframework.beans.factory.annotation.AutowiredAnnotationBeanPostProcessor$AutowiredFieldElement.resolveFieldValue(AutowiredAnnotationBeanPostProcessor.java:764)
	at org.springframework.beans.factory.annotation.AutowiredAnnotationBeanPostProcessor$AutowiredFieldElement.inject(AutowiredAnnotationBeanPostProcessor.java:747)
	at org.springframework.beans.factory.annotation.InjectionMetadata.inject(InjectionMetadata.java:145)
	at org.springframework.beans.factory.annotation.AutowiredAnnotationBeanPostProcessor.postProcessProperties(AutowiredAnnotationBeanPostProcessor.java:492)
	at org.springframework.beans.factory.support.AbstractAutowireCapableBeanFactory.populateBean(AbstractAutowireCapableBeanFactory.java:1416)
	at org.springframework.beans.factory.support.AbstractAutowireCapableBeanFactory.doCreateBean(AbstractAutowireCapableBeanFactory.java:597)
	at org.springframework.beans.factory.support.AbstractAutowireCapableBeanFactory.createBean(AbstractAutowireCapableBeanFactory.java:520)
	at org.springframework.beans.factory.support.AbstractBeanFactory.lambda$doGetBean$0(AbstractBeanFactory.java:325)
	at org.springframework.beans.factory.support.DefaultSingletonBeanRegistry.getSingleton(DefaultSingletonBeanRegistry.java:234)
	at org.springframework.beans.factory.support.AbstractBeanFactory.doGetBean(AbstractBeanFactory.java:323)
	at org.springframework.beans.factory.support.AbstractBeanFactory.getBean(AbstractBeanFactory.java:199)
	at org.springframework.beans.factory.support.DefaultListableBeanFactory.preInstantiateSingletons(DefaultListableBeanFactory.java:973)
	at org.springframework.context.support.AbstractApplicationContext.finishBeanFactoryInitialization(AbstractApplicationContext.java:950)
	at org.springframework.context.support.AbstractApplicationContext.refresh(AbstractApplicationContext.java:616)
	at org.springframework.boot.SpringApplication.refresh(SpringApplication.java:738)
	at org.springframework.boot.SpringApplication.refreshContext(SpringApplication.java:440)
	at org.springframework.boot.SpringApplication.run(SpringApplication.java:316)
	at org.springframework.boot.test.context.SpringBootContextLoader.lambda$loadContext$3(SpringBootContextLoader.java:137)
	at org.springframework.util.function.ThrowingSupplier.get(ThrowingSupplier.java:58)
	at org.springframework.util.function.ThrowingSupplier.get(ThrowingSupplier.java:46)
	at org.springframework.boot.SpringApplication.withHook(SpringApplication.java:1406)
	at org.springframework.boot.test.context.SpringBootContextLoader$ContextLoaderHook.run(SpringBootContextLoader.java:545)
	at org.springframework.boot.test.context.SpringBootContextLoader.loadContext(SpringBootContextLoader.java:137)
	at org.springframework.boot.test.context.SpringBootContextLoader.loadContext(SpringBootContextLoader.java:108)
	at org.springframework.test.context.cache.DefaultCacheAwareContextLoaderDelegate.loadContextInternal(DefaultCacheAwareContextLoaderDelegate.java:187)
	at org.springframework.test.context.cache.DefaultCacheAwareContextLoaderDelegate.loadContext(DefaultCacheAwareContextLoaderDelegate.java:119)
	at org.springframework.test.context.support.DefaultTestContext.getApplicationContext(DefaultTestContext.java:127)
	at org.springframework.test.context.web.ServletTestExecutionListener.setUpRequestContextIfNecessary(ServletTestExecutionListener.java:191)
	at org.springframework.test.context.web.ServletTestExecutionListener.prepareTestInstance(ServletTestExecutionListener.java:130)
	at org.springframework.test.context.TestContextManager.prepareTestInstance(TestContextManager.java:241)
	at org.springframework.test.context.junit.jupiter.SpringExtension.postProcessTestInstance(SpringExtension.java:138)
	at org.junit.jupiter.engine.descriptor.ClassBasedTestDescriptor.lambda$invokeTestInstancePostProcessors$10(ClassBasedTestDescriptor.java:377)
	at org.junit.jupiter.engine.descriptor.ClassBasedTestDescriptor.executeAndMaskThrowable(ClassBasedTestDescriptor.java:382)
	at org.junit.jupiter.engine.descriptor.ClassBasedTestDescriptor.lambda$invokeTestInstancePostProcessors$11(ClassBasedTestDescriptor.java:377)
	at java.base/java.util.stream.ReferencePipeline$3$1.accept(ReferencePipeline.java:197)
	at java.base/java.util.stream.ReferencePipeline$2$1.accept(ReferencePipeline.java:179)
	at java.base/java.util.ArrayList$ArrayListSpliterator.forEachRemaining(ArrayList.java:1625)
	at java.base/java.util.stream.AbstractPipeline.copyInto(AbstractPipeline.java:509)
	at java.base/java.util.stream.AbstractPipeline.wrapAndCopyInto(AbstractPipeline.java:499)
	at java.base/java.util.stream.StreamSpliterators$WrappingSpliterator.forEachRemaining(StreamSpliterators.java:310)
	at java.base/java.util.stream.Streams$ConcatSpliterator.forEachRemaining(Streams.java:735)
	at java.base/java.util.stream.Streams$ConcatSpliterator.forEachRemaining(Streams.java:734)
	at java.base/java.util.stream.ReferencePipeline$Head.forEach(ReferencePipeline.java:762)
	at org.junit.jupiter.engine.descriptor.ClassBasedTestDescriptor.invokeTestInstancePostProcessors(ClassBasedTestDescriptor.java:376)
	at org.junit.jupiter.engine.descriptor.ClassBasedTestDescriptor.lambda$instantiateAndPostProcessTestInstance$6(ClassBasedTestDescriptor.java:289)
	at org.junit.platform.engine.support.hierarchical.ThrowableCollector.execute(ThrowableCollector.java:73)
	at org.junit.jupiter.engine.descriptor.ClassBasedTestDescriptor.instantiateAndPostProcessTestInstance(ClassBasedTestDescriptor.java:288)
	at org.junit.jupiter.engine.descriptor.ClassBasedTestDescriptor.lambda$testInstancesProvider$4(ClassBasedTestDescriptor.java:278)
	at java.base/java.util.Optional.orElseGet(Optional.java:364)
	at org.junit.jupiter.engine.descriptor.ClassBasedTestDescriptor.lambda$testInstancesProvider$5(ClassBasedTestDescriptor.java:277)
	at org.junit.jupiter.engine.execution.TestInstancesProvider.getTestInstances(TestInstancesProvider.java:31)
	at org.junit.jupiter.engine.descriptor.TestMethodTestDescriptor.lambda$prepare$0(TestMethodTestDescriptor.java:105)
	at org.junit.platform.engine.support.hierarchical.ThrowableCollector.execute(ThrowableCollector.java:73)
	at org.junit.jupiter.engine.descriptor.TestMethodTestDescriptor.prepare(TestMethodTestDescriptor.java:104)
	at org.junit.jupiter.engine.descriptor.TestMethodTestDescriptor.prepare(TestMethodTestDescriptor.java:68)
	at org.junit.platform.engine.support.hierarchical.NodeTestTask.lambda$prepare$2(NodeTestTask.java:123)
	at org.junit.platform.engine.support.hierarchical.ThrowableCollector.execute(ThrowableCollector.java:73)
	at org.junit.platform.engine.support.hierarchical.NodeTestTask.prepare(NodeTestTask.java:123)
	at org.junit.platform.engine.support.hierarchical.NodeTestTask.execute(NodeTestTask.java:90)
	at java.base/java.util.ArrayList.forEach(ArrayList.java:1511)
	at org.junit.platform.engine.support.hierarchical.SameThreadHierarchicalTestExecutorService.invokeAll(SameThreadHierarchicalTestExecutorService.java:41)
	at org.junit.platform.engine.support.hierarchical.NodeTestTask.lambda$executeRecursively$6(NodeTestTask.java:155)
	at org.junit.platform.engine.support.hierarchical.ThrowableCollector.execute(ThrowableCollector.java:73)
	at org.junit.platform.engine.support.hierarchical.NodeTestTask.lambda$executeRecursively$8(NodeTestTask.java:141)
	at org.junit.platform.engine.support.hierarchical.Node.around(Node.java:137)
	at org.junit.platform.engine.support.hierarchical.NodeTestTask.lambda$executeRecursively$9(NodeTestTask.java:139)
	at org.junit.platform.engine.support.hierarchical.ThrowableCollector.execute(ThrowableCollector.java:73)
	at org.junit.platform.engine.support.hierarchical.NodeTestTask.executeRecursively(NodeTestTask.java:138)
	at org.junit.platform.engine.support.hierarchical.NodeTestTask.execute(NodeTestTask.java:95)
	at java.base/java.util.ArrayList.forEach(ArrayList.java:1511)
	at org.junit.platform.engine.support.hierarchical.SameThreadHierarchicalTestExecutorService.invokeAll(SameThreadHierarchicalTestExecutorService.java:41)
	at org.junit.platform.engine.support.hierarchical.NodeTestTask.lambda$executeRecursively$6(NodeTestTask.java:155)
	at org.junit.platform.engine.support.hierarchical.ThrowableCollector.execute(ThrowableCollector.java:73)
	at org.junit.platform.engine.support.hierarchical.NodeTestTask.lambda$executeRecursively$8(NodeTestTask.java:141)
	at org.junit.platform.engine.support.hierarchical.Node.around(Node.java:137)
	at org.junit.platform.engine.support.hierarchical.NodeTestTask.lambda$executeRecursively$9(NodeTestTask.java:139)
	at org.junit.platform.engine.support.hierarchical.ThrowableCollector.execute(ThrowableCollector.java:73)
	at org.junit.platform.engine.support.hierarchical.NodeTestTask.executeRecursively(NodeTestTask.java:138)
	at org.junit.platform.engine.support.hierarchical.NodeTestTask.execute(NodeTestTask.java:95)
	at org.junit.platform.engine.support.hierarchical.SameThreadHierarchicalTestExecutorService.submit(SameThreadHierarchicalTestExecutorService.java:35)
	at org.junit.platform.engine.support.hierarchical.HierarchicalTestExecutor.execute(HierarchicalTestExecutor.java:57)
	at org.junit.platform.engine.support.hierarchical.HierarchicalTestEngine.execute(HierarchicalTestEngine.java:54)
	at org.junit.platform.launcher.core.EngineExecutionOrchestrator.execute(EngineExecutionOrchestrator.java:147)
	at org.junit.platform.launcher.core.EngineExecutionOrchestrator.execute(EngineExecutionOrchestrator.java:127)
	at org.junit.platform.launcher.core.EngineExecutionOrchestrator.execute(EngineExecutionOrchestrator.java:90)
	at org.junit.platform.launcher.core.EngineExecutionOrchestrator.lambda$execute$0(EngineExecutionOrchestrator.java:55)
	at org.junit.platform.launcher.core.EngineExecutionOrchestrator.withInterceptedStreams(EngineExecutionOrchestrator.java:102)
	at org.junit.platform.launcher.core.EngineExecutionOrchestrator.execute(EngineExecutionOrchestrator.java:54)
	at org.junit.platform.launcher.core.DefaultLauncher.execute(DefaultLauncher.java:114)
	at org.junit.platform.launcher.core.DefaultLauncher.execute(DefaultLauncher.java:86)
	at org.junit.platform.launcher.core.DefaultLauncherSession$DelegatingLauncher.execute(DefaultLauncherSession.java:86)
	at org.apache.maven.surefire.junitplatform.LazyLauncher.execute(LazyLauncher.java:50)
	at org.apache.maven.surefire.junitplatform.JUnitPlatformProvider.execute(JUnitPlatformProvider.java:184)
	at org.apache.maven.surefire.junitplatform.JUnitPlatformProvider.invokeAllTests(JUnitPlatformProvider.java:148)
	at org.apache.maven.surefire.junitplatform.JUnitPlatformProvider.invoke(JUnitPlatformProvider.java:122)
	at org.apache.maven.surefire.booter.ForkedBooter.runSuitesInProcess(ForkedBooter.java:385)
	at org.apache.maven.surefire.booter.ForkedBooter.execute(ForkedBooter.java:162)
	at org.apache.maven.surefire.booter.ForkedBooter.run(ForkedBooter.java:507)
	at org.apache.maven.surefire.booter.ForkedBooter.main(ForkedBooter.java:495)
2023-11-24 12:36:42,158 TRACE o.h.i.SessionImpl [SessionImpl.java:402] Closing session [e6d9457d-117e-4f5b-a0fa-31dc4565bd86]
2023-11-24 12:36:42,158 TRACE o.h.e.j.i.JdbcCoordinatorImpl [JdbcCoordinatorImpl.java:152] Closing JDBC container [org.hibernate.engine.jdbc.internal.JdbcCoordinatorImpl@562dd50]
2023-11-24 12:36:42,158 TRACE o.h.r.j.i.ResourceRegistryStandardImpl [ResourceRegistryStandardImpl.java:329] Releasing JDBC resources
2023-11-24 12:36:42,158 TRACE o.h.r.j.i.LogicalConnectionManagedImpl [LogicalConnectionManagedImpl.java:256] Closing logical connection
2023-11-24 12:36:42,158 TRACE o.h.r.j.i.LogicalConnectionManagedImpl [LogicalConnectionManagedImpl.java:263] Logical connection closed
2023-11-24 12:36:42,159 TRACE o.h.i.SessionFactoryImpl$SessionBuilderImpl [SessionFactoryImpl.java:1298] Opening Hibernate Session.  tenant=null
2023-11-24 12:36:42,159 TRACE o.h.i.SessionImpl [SessionImpl.java:262] Opened Session [80d955da-acaa-4737-bc1d-4b6552d31267] at timestamp: 1700825802159
2023-11-24 12:36:42,159 TRACE o.h.i.SessionImpl [SessionImpl.java:402] Closing session [80d955da-acaa-4737-bc1d-4b6552d31267]
2023-11-24 12:36:42,159 TRACE o.h.e.j.i.JdbcCoordinatorImpl [JdbcCoordinatorImpl.java:152] Closing JDBC container [org.hibernate.engine.jdbc.internal.JdbcCoordinatorImpl@1135157b]
2023-11-24 12:36:42,160 TRACE o.h.r.j.i.ResourceRegistryStandardImpl [ResourceRegistryStandardImpl.java:329] Releasing JDBC resources
2023-11-24 12:36:42,160 TRACE o.h.r.j.i.LogicalConnectionManagedImpl [LogicalConnectionManagedImpl.java:256] Closing logical connection
2023-11-24 12:36:42,160 TRACE o.h.r.j.i.LogicalConnectionManagedImpl [LogicalConnectionManagedImpl.java:263] Logical connection closed
2023-11-24 12:36:42,161 TRACE o.h.i.SessionFactoryImpl$SessionBuilderImpl [SessionFactoryImpl.java:1298] Opening Hibernate Session.  tenant=null
2023-11-24 12:36:42,161 TRACE o.h.i.SessionImpl [SessionImpl.java:262] Opened Session [42b73627-c754-4b63-86da-cf8b148a3faa] at timestamp: 1700825802161
2023-11-24 12:36:42,162 DEBUG o.h.r.t.b.j.i.JdbcResourceLocalTransactionCoordinatorImpl [JdbcResourceLocalTransactionCoordinatorImpl.java:310] JDBC transaction marked for rollback-only (exception provided for stack trace)
java.lang.Exception: exception just for purpose of providing stack trace
	at org.hibernate.resource.transaction.backend.jdbc.internal.JdbcResourceLocalTransactionCoordinatorImpl$TransactionDriverControlImpl.markRollbackOnly(JdbcResourceLocalTransactionCoordinatorImpl.java:310)
	at org.hibernate.internal.AbstractSharedSessionContract.buildNamedQuery(AbstractSharedSessionContract.java:1021)
	at org.hibernate.internal.AbstractSharedSessionContract.createNamedQuery(AbstractSharedSessionContract.java:899)
	at org.hibernate.internal.AbstractSharedSessionContract.createNamedQuery(AbstractSharedSessionContract.java:120)
	at jdk.internal.reflect.GeneratedMethodAccessor47.invoke(Unknown Source)
	at java.base/jdk.internal.reflect.DelegatingMethodAccessorImpl.invoke(DelegatingMethodAccessorImpl.java:43)
	at java.base/java.lang.reflect.Method.invoke(Method.java:568)
	at org.springframework.orm.jpa.ExtendedEntityManagerCreator$ExtendedEntityManagerInvocationHandler.invoke(ExtendedEntityManagerCreator.java:360)
	at jdk.proxy2/jdk.proxy2.$Proxy191.createNamedQuery(Unknown Source)
	at org.springframework.data.jpa.repository.query.NamedQuery.hasNamedQuery(NamedQuery.java:113)
	at org.springframework.data.jpa.repository.query.NamedQuery.lookupFrom(NamedQuery.java:141)
	at org.springframework.data.jpa.repository.query.JpaQueryLookupStrategy$DeclaredQueryLookupStrategy.resolveQuery(JpaQueryLookupStrategy.java:180)
	at org.springframework.data.jpa.repository.query.JpaQueryLookupStrategy$CreateIfNotFoundQueryLookupStrategy.resolveQuery(JpaQueryLookupStrategy.java:252)
	at org.springframework.data.jpa.repository.query.JpaQueryLookupStrategy$AbstractQueryLookupStrategy.resolveQuery(JpaQueryLookupStrategy.java:95)
	at org.springframework.data.repository.core.support.QueryExecutorMethodInterceptor.lookupQuery(QueryExecutorMethodInterceptor.java:111)
	at org.springframework.data.repository.core.support.QueryExecutorMethodInterceptor.mapMethodsToQuery(QueryExecutorMethodInterceptor.java:99)
	at org.springframework.data.repository.core.support.QueryExecutorMethodInterceptor.lambda$new$0(QueryExecutorMethodInterceptor.java:88)
	at java.base/java.util.Optional.map(Optional.java:260)
	at org.springframework.data.repository.core.support.QueryExecutorMethodInterceptor.<init>(QueryExecutorMethodInterceptor.java:88)
	at org.springframework.data.repository.core.support.RepositoryFactorySupport.getRepository(RepositoryFactorySupport.java:357)
	at org.springframework.data.repository.core.support.RepositoryFactoryBeanSupport.lambda$afterPropertiesSet$5(RepositoryFactoryBeanSupport.java:279)
	at org.springframework.data.util.Lazy.getNullable(Lazy.java:245)
	at org.springframework.data.util.Lazy.get(Lazy.java:114)
	at org.springframework.data.repository.core.support.RepositoryFactoryBeanSupport.afterPropertiesSet(RepositoryFactoryBeanSupport.java:285)
	at org.springframework.data.jpa.repository.support.JpaRepositoryFactoryBean.afterPropertiesSet(JpaRepositoryFactoryBean.java:132)
	at org.springframework.beans.factory.support.AbstractAutowireCapableBeanFactory.invokeInitMethods(AbstractAutowireCapableBeanFactory.java:1817)
	at org.springframework.beans.factory.support.AbstractAutowireCapableBeanFactory.initializeBean(AbstractAutowireCapableBeanFactory.java:1766)
	at org.springframework.beans.factory.support.AbstractAutowireCapableBeanFactory.doCreateBean(AbstractAutowireCapableBeanFactory.java:598)
	at org.springframework.beans.factory.support.AbstractAutowireCapableBeanFactory.createBean(AbstractAutowireCapableBeanFactory.java:520)
	at org.springframework.beans.factory.support.AbstractBeanFactory.lambda$doGetBean$0(AbstractBeanFactory.java:325)
	at org.springframework.beans.factory.support.DefaultSingletonBeanRegistry.getSingleton(DefaultSingletonBeanRegistry.java:234)
	at org.springframework.beans.factory.support.AbstractBeanFactory.doGetBean(AbstractBeanFactory.java:323)
	at org.springframework.beans.factory.support.AbstractBeanFactory.getBean(AbstractBeanFactory.java:199)
	at org.springframework.beans.factory.config.DependencyDescriptor.resolveCandidate(DependencyDescriptor.java:254)
	at org.springframework.beans.factory.support.DefaultListableBeanFactory.doResolveDependency(DefaultListableBeanFactory.java:1417)
	at org.springframework.beans.factory.support.DefaultListableBeanFactory.resolveDependency(DefaultListableBeanFactory.java:1337)
	at org.springframework.beans.factory.annotation.AutowiredAnnotationBeanPostProcessor$AutowiredFieldElement.resolveFieldValue(AutowiredAnnotationBeanPostProcessor.java:764)
	at org.springframework.beans.factory.annotation.AutowiredAnnotationBeanPostProcessor$AutowiredFieldElement.inject(AutowiredAnnotationBeanPostProcessor.java:747)
	at org.springframework.beans.factory.annotation.InjectionMetadata.inject(InjectionMetadata.java:145)
	at org.springframework.beans.factory.annotation.AutowiredAnnotationBeanPostProcessor.postProcessProperties(AutowiredAnnotationBeanPostProcessor.java:492)
	at org.springframework.beans.factory.support.AbstractAutowireCapableBeanFactory.populateBean(AbstractAutowireCapableBeanFactory.java:1416)
	at org.springframework.beans.factory.support.AbstractAutowireCapableBeanFactory.doCreateBean(AbstractAutowireCapableBeanFactory.java:597)
	at org.springframework.beans.factory.support.AbstractAutowireCapableBeanFactory.createBean(AbstractAutowireCapableBeanFactory.java:520)
	at org.springframework.beans.factory.support.AbstractBeanFactory.lambda$doGetBean$0(AbstractBeanFactory.java:325)
	at org.springframework.beans.factory.support.DefaultSingletonBeanRegistry.getSingleton(DefaultSingletonBeanRegistry.java:234)
	at org.springframework.beans.factory.support.AbstractBeanFactory.doGetBean(AbstractBeanFactory.java:323)
	at org.springframework.beans.factory.support.AbstractBeanFactory.getBean(AbstractBeanFactory.java:199)
	at org.springframework.beans.factory.support.DefaultListableBeanFactory.preInstantiateSingletons(DefaultListableBeanFactory.java:973)
	at org.springframework.context.support.AbstractApplicationContext.finishBeanFactoryInitialization(AbstractApplicationContext.java:950)
	at org.springframework.context.support.AbstractApplicationContext.refresh(AbstractApplicationContext.java:616)
	at org.springframework.boot.SpringApplication.refresh(SpringApplication.java:738)
	at org.springframework.boot.SpringApplication.refreshContext(SpringApplication.java:440)
	at org.springframework.boot.SpringApplication.run(SpringApplication.java:316)
	at org.springframework.boot.test.context.SpringBootContextLoader.lambda$loadContext$3(SpringBootContextLoader.java:137)
	at org.springframework.util.function.ThrowingSupplier.get(ThrowingSupplier.java:58)
	at org.springframework.util.function.ThrowingSupplier.get(ThrowingSupplier.java:46)
	at org.springframework.boot.SpringApplication.withHook(SpringApplication.java:1406)
	at org.springframework.boot.test.context.SpringBootContextLoader$ContextLoaderHook.run(SpringBootContextLoader.java:545)
	at org.springframework.boot.test.context.SpringBootContextLoader.loadContext(SpringBootContextLoader.java:137)
	at org.springframework.boot.test.context.SpringBootContextLoader.loadContext(SpringBootContextLoader.java:108)
	at org.springframework.test.context.cache.DefaultCacheAwareContextLoaderDelegate.loadContextInternal(DefaultCacheAwareContextLoaderDelegate.java:187)
	at org.springframework.test.context.cache.DefaultCacheAwareContextLoaderDelegate.loadContext(DefaultCacheAwareContextLoaderDelegate.java:119)
	at org.springframework.test.context.support.DefaultTestContext.getApplicationContext(DefaultTestContext.java:127)
	at org.springframework.test.context.web.ServletTestExecutionListener.setUpRequestContextIfNecessary(ServletTestExecutionListener.java:191)
	at org.springframework.test.context.web.ServletTestExecutionListener.prepareTestInstance(ServletTestExecutionListener.java:130)
	at org.springframework.test.context.TestContextManager.prepareTestInstance(TestContextManager.java:241)
	at org.springframework.test.context.junit.jupiter.SpringExtension.postProcessTestInstance(SpringExtension.java:138)
	at org.junit.jupiter.engine.descriptor.ClassBasedTestDescriptor.lambda$invokeTestInstancePostProcessors$10(ClassBasedTestDescriptor.java:377)
	at org.junit.jupiter.engine.descriptor.ClassBasedTestDescriptor.executeAndMaskThrowable(ClassBasedTestDescriptor.java:382)
	at org.junit.jupiter.engine.descriptor.ClassBasedTestDescriptor.lambda$invokeTestInstancePostProcessors$11(ClassBasedTestDescriptor.java:377)
	at java.base/java.util.stream.ReferencePipeline$3$1.accept(ReferencePipeline.java:197)
	at java.base/java.util.stream.ReferencePipeline$2$1.accept(ReferencePipeline.java:179)
	at java.base/java.util.ArrayList$ArrayListSpliterator.forEachRemaining(ArrayList.java:1625)
	at java.base/java.util.stream.AbstractPipeline.copyInto(AbstractPipeline.java:509)
	at java.base/java.util.stream.AbstractPipeline.wrapAndCopyInto(AbstractPipeline.java:499)
	at java.base/java.util.stream.StreamSpliterators$WrappingSpliterator.forEachRemaining(StreamSpliterators.java:310)
	at java.base/java.util.stream.Streams$ConcatSpliterator.forEachRemaining(Streams.java:735)
	at java.base/java.util.stream.Streams$ConcatSpliterator.forEachRemaining(Streams.java:734)
	at java.base/java.util.stream.ReferencePipeline$Head.forEach(ReferencePipeline.java:762)
	at org.junit.jupiter.engine.descriptor.ClassBasedTestDescriptor.invokeTestInstancePostProcessors(ClassBasedTestDescriptor.java:376)
	at org.junit.jupiter.engine.descriptor.ClassBasedTestDescriptor.lambda$instantiateAndPostProcessTestInstance$6(ClassBasedTestDescriptor.java:289)
	at org.junit.platform.engine.support.hierarchical.ThrowableCollector.execute(ThrowableCollector.java:73)
	at org.junit.jupiter.engine.descriptor.ClassBasedTestDescriptor.instantiateAndPostProcessTestInstance(ClassBasedTestDescriptor.java:288)
	at org.junit.jupiter.engine.descriptor.ClassBasedTestDescriptor.lambda$testInstancesProvider$4(ClassBasedTestDescriptor.java:278)
	at java.base/java.util.Optional.orElseGet(Optional.java:364)
	at org.junit.jupiter.engine.descriptor.ClassBasedTestDescriptor.lambda$testInstancesProvider$5(ClassBasedTestDescriptor.java:277)
	at org.junit.jupiter.engine.execution.TestInstancesProvider.getTestInstances(TestInstancesProvider.java:31)
	at org.junit.jupiter.engine.descriptor.TestMethodTestDescriptor.lambda$prepare$0(TestMethodTestDescriptor.java:105)
	at org.junit.platform.engine.support.hierarchical.ThrowableCollector.execute(ThrowableCollector.java:73)
	at org.junit.jupiter.engine.descriptor.TestMethodTestDescriptor.prepare(TestMethodTestDescriptor.java:104)
	at org.junit.jupiter.engine.descriptor.TestMethodTestDescriptor.prepare(TestMethodTestDescriptor.java:68)
	at org.junit.platform.engine.support.hierarchical.NodeTestTask.lambda$prepare$2(NodeTestTask.java:123)
	at org.junit.platform.engine.support.hierarchical.ThrowableCollector.execute(ThrowableCollector.java:73)
	at org.junit.platform.engine.support.hierarchical.NodeTestTask.prepare(NodeTestTask.java:123)
	at org.junit.platform.engine.support.hierarchical.NodeTestTask.execute(NodeTestTask.java:90)
	at java.base/java.util.ArrayList.forEach(ArrayList.java:1511)
	at org.junit.platform.engine.support.hierarchical.SameThreadHierarchicalTestExecutorService.invokeAll(SameThreadHierarchicalTestExecutorService.java:41)
	at org.junit.platform.engine.support.hierarchical.NodeTestTask.lambda$executeRecursively$6(NodeTestTask.java:155)
	at org.junit.platform.engine.support.hierarchical.ThrowableCollector.execute(ThrowableCollector.java:73)
	at org.junit.platform.engine.support.hierarchical.NodeTestTask.lambda$executeRecursively$8(NodeTestTask.java:141)
	at org.junit.platform.engine.support.hierarchical.Node.around(Node.java:137)
	at org.junit.platform.engine.support.hierarchical.NodeTestTask.lambda$executeRecursively$9(NodeTestTask.java:139)
	at org.junit.platform.engine.support.hierarchical.ThrowableCollector.execute(ThrowableCollector.java:73)
	at org.junit.platform.engine.support.hierarchical.NodeTestTask.executeRecursively(NodeTestTask.java:138)
	at org.junit.platform.engine.support.hierarchical.NodeTestTask.execute(NodeTestTask.java:95)
	at java.base/java.util.ArrayList.forEach(ArrayList.java:1511)
	at org.junit.platform.engine.support.hierarchical.SameThreadHierarchicalTestExecutorService.invokeAll(SameThreadHierarchicalTestExecutorService.java:41)
	at org.junit.platform.engine.support.hierarchical.NodeTestTask.lambda$executeRecursively$6(NodeTestTask.java:155)
	at org.junit.platform.engine.support.hierarchical.ThrowableCollector.execute(ThrowableCollector.java:73)
	at org.junit.platform.engine.support.hierarchical.NodeTestTask.lambda$executeRecursively$8(NodeTestTask.java:141)
	at org.junit.platform.engine.support.hierarchical.Node.around(Node.java:137)
	at org.junit.platform.engine.support.hierarchical.NodeTestTask.lambda$executeRecursively$9(NodeTestTask.java:139)
	at org.junit.platform.engine.support.hierarchical.ThrowableCollector.execute(ThrowableCollector.java:73)
	at org.junit.platform.engine.support.hierarchical.NodeTestTask.executeRecursively(NodeTestTask.java:138)
	at org.junit.platform.engine.support.hierarchical.NodeTestTask.execute(NodeTestTask.java:95)
	at org.junit.platform.engine.support.hierarchical.SameThreadHierarchicalTestExecutorService.submit(SameThreadHierarchicalTestExecutorService.java:35)
	at org.junit.platform.engine.support.hierarchical.HierarchicalTestExecutor.execute(HierarchicalTestExecutor.java:57)
	at org.junit.platform.engine.support.hierarchical.HierarchicalTestEngine.execute(HierarchicalTestEngine.java:54)
	at org.junit.platform.launcher.core.EngineExecutionOrchestrator.execute(EngineExecutionOrchestrator.java:147)
	at org.junit.platform.launcher.core.EngineExecutionOrchestrator.execute(EngineExecutionOrchestrator.java:127)
	at org.junit.platform.launcher.core.EngineExecutionOrchestrator.execute(EngineExecutionOrchestrator.java:90)
	at org.junit.platform.launcher.core.EngineExecutionOrchestrator.lambda$execute$0(EngineExecutionOrchestrator.java:55)
	at org.junit.platform.launcher.core.EngineExecutionOrchestrator.withInterceptedStreams(EngineExecutionOrchestrator.java:102)
	at org.junit.platform.launcher.core.EngineExecutionOrchestrator.execute(EngineExecutionOrchestrator.java:54)
	at org.junit.platform.launcher.core.DefaultLauncher.execute(DefaultLauncher.java:114)
	at org.junit.platform.launcher.core.DefaultLauncher.execute(DefaultLauncher.java:86)
	at org.junit.platform.launcher.core.DefaultLauncherSession$DelegatingLauncher.execute(DefaultLauncherSession.java:86)
	at org.apache.maven.surefire.junitplatform.LazyLauncher.execute(LazyLauncher.java:50)
	at org.apache.maven.surefire.junitplatform.JUnitPlatformProvider.execute(JUnitPlatformProvider.java:184)
	at org.apache.maven.surefire.junitplatform.JUnitPlatformProvider.invokeAllTests(JUnitPlatformProvider.java:148)
	at org.apache.maven.surefire.junitplatform.JUnitPlatformProvider.invoke(JUnitPlatformProvider.java:122)
	at org.apache.maven.surefire.booter.ForkedBooter.runSuitesInProcess(ForkedBooter.java:385)
	at org.apache.maven.surefire.booter.ForkedBooter.execute(ForkedBooter.java:162)
	at org.apache.maven.surefire.booter.ForkedBooter.run(ForkedBooter.java:507)
	at org.apache.maven.surefire.booter.ForkedBooter.main(ForkedBooter.java:495)
2023-11-24 12:36:42,162 TRACE o.h.i.SessionImpl [SessionImpl.java:402] Closing session [42b73627-c754-4b63-86da-cf8b148a3faa]
2023-11-24 12:36:42,162 TRACE o.h.e.j.i.JdbcCoordinatorImpl [JdbcCoordinatorImpl.java:152] Closing JDBC container [org.hibernate.engine.jdbc.internal.JdbcCoordinatorImpl@2f22b691]
2023-11-24 12:36:42,162 TRACE o.h.r.j.i.ResourceRegistryStandardImpl [ResourceRegistryStandardImpl.java:329] Releasing JDBC resources
2023-11-24 12:36:42,163 TRACE o.h.r.j.i.LogicalConnectionManagedImpl [LogicalConnectionManagedImpl.java:256] Closing logical connection
2023-11-24 12:36:42,163 TRACE o.h.r.j.i.LogicalConnectionManagedImpl [LogicalConnectionManagedImpl.java:263] Logical connection closed
2023-11-24 12:36:42,163 TRACE o.h.i.SessionFactoryImpl$SessionBuilderImpl [SessionFactoryImpl.java:1298] Opening Hibernate Session.  tenant=null
2023-11-24 12:36:42,163 TRACE o.h.i.SessionImpl [SessionImpl.java:262] Opened Session [8373ea79-6a84-4903-b516-6e133c25d9f0] at timestamp: 1700825802163
2023-11-24 12:36:42,164 TRACE o.h.i.SessionImpl [SessionImpl.java:402] Closing session [8373ea79-6a84-4903-b516-6e133c25d9f0]
2023-11-24 12:36:42,164 TRACE o.h.e.j.i.JdbcCoordinatorImpl [JdbcCoordinatorImpl.java:152] Closing JDBC container [org.hibernate.engine.jdbc.internal.JdbcCoordinatorImpl@3c396678]
2023-11-24 12:36:42,164 TRACE o.h.r.j.i.ResourceRegistryStandardImpl [ResourceRegistryStandardImpl.java:329] Releasing JDBC resources
2023-11-24 12:36:42,164 TRACE o.h.r.j.i.LogicalConnectionManagedImpl [LogicalConnectionManagedImpl.java:256] Closing logical connection
2023-11-24 12:36:42,165 TRACE o.h.r.j.i.LogicalConnectionManagedImpl [LogicalConnectionManagedImpl.java:263] Logical connection closed
2023-11-24 12:36:42,166 TRACE o.h.i.SessionFactoryImpl$SessionBuilderImpl [SessionFactoryImpl.java:1298] Opening Hibernate Session.  tenant=null
2023-11-24 12:36:42,167 TRACE o.h.i.SessionImpl [SessionImpl.java:262] Opened Session [ee254364-fc26-4def-8ef4-7bf939cb2714] at timestamp: 1700825802167
2023-11-24 12:36:42,168 DEBUG o.h.r.t.b.j.i.JdbcResourceLocalTransactionCoordinatorImpl [JdbcResourceLocalTransactionCoordinatorImpl.java:310] JDBC transaction marked for rollback-only (exception provided for stack trace)
java.lang.Exception: exception just for purpose of providing stack trace
	at org.hibernate.resource.transaction.backend.jdbc.internal.JdbcResourceLocalTransactionCoordinatorImpl$TransactionDriverControlImpl.markRollbackOnly(JdbcResourceLocalTransactionCoordinatorImpl.java:310)
	at org.hibernate.internal.AbstractSharedSessionContract.buildNamedQuery(AbstractSharedSessionContract.java:1021)
	at org.hibernate.internal.AbstractSharedSessionContract.createNamedQuery(AbstractSharedSessionContract.java:899)
	at org.hibernate.internal.AbstractSharedSessionContract.createNamedQuery(AbstractSharedSessionContract.java:120)
	at jdk.internal.reflect.GeneratedMethodAccessor47.invoke(Unknown Source)
	at java.base/jdk.internal.reflect.DelegatingMethodAccessorImpl.invoke(DelegatingMethodAccessorImpl.java:43)
	at java.base/java.lang.reflect.Method.invoke(Method.java:568)
	at org.springframework.orm.jpa.ExtendedEntityManagerCreator$ExtendedEntityManagerInvocationHandler.invoke(ExtendedEntityManagerCreator.java:360)
	at jdk.proxy2/jdk.proxy2.$Proxy191.createNamedQuery(Unknown Source)
	at org.springframework.data.jpa.repository.query.NamedQuery.hasNamedQuery(NamedQuery.java:113)
	at org.springframework.data.jpa.repository.query.NamedQuery.lookupFrom(NamedQuery.java:141)
	at org.springframework.data.jpa.repository.query.JpaQueryLookupStrategy$DeclaredQueryLookupStrategy.resolveQuery(JpaQueryLookupStrategy.java:180)
	at org.springframework.data.jpa.repository.query.JpaQueryLookupStrategy$CreateIfNotFoundQueryLookupStrategy.resolveQuery(JpaQueryLookupStrategy.java:252)
	at org.springframework.data.jpa.repository.query.JpaQueryLookupStrategy$AbstractQueryLookupStrategy.resolveQuery(JpaQueryLookupStrategy.java:95)
	at org.springframework.data.repository.core.support.QueryExecutorMethodInterceptor.lookupQuery(QueryExecutorMethodInterceptor.java:111)
	at org.springframework.data.repository.core.support.QueryExecutorMethodInterceptor.mapMethodsToQuery(QueryExecutorMethodInterceptor.java:99)
	at org.springframework.data.repository.core.support.QueryExecutorMethodInterceptor.lambda$new$0(QueryExecutorMethodInterceptor.java:88)
	at java.base/java.util.Optional.map(Optional.java:260)
	at org.springframework.data.repository.core.support.QueryExecutorMethodInterceptor.<init>(QueryExecutorMethodInterceptor.java:88)
	at org.springframework.data.repository.core.support.RepositoryFactorySupport.getRepository(RepositoryFactorySupport.java:357)
	at org.springframework.data.repository.core.support.RepositoryFactoryBeanSupport.lambda$afterPropertiesSet$5(RepositoryFactoryBeanSupport.java:279)
	at org.springframework.data.util.Lazy.getNullable(Lazy.java:245)
	at org.springframework.data.util.Lazy.get(Lazy.java:114)
	at org.springframework.data.repository.core.support.RepositoryFactoryBeanSupport.afterPropertiesSet(RepositoryFactoryBeanSupport.java:285)
	at org.springframework.data.jpa.repository.support.JpaRepositoryFactoryBean.afterPropertiesSet(JpaRepositoryFactoryBean.java:132)
	at org.springframework.beans.factory.support.AbstractAutowireCapableBeanFactory.invokeInitMethods(AbstractAutowireCapableBeanFactory.java:1817)
	at org.springframework.beans.factory.support.AbstractAutowireCapableBeanFactory.initializeBean(AbstractAutowireCapableBeanFactory.java:1766)
	at org.springframework.beans.factory.support.AbstractAutowireCapableBeanFactory.doCreateBean(AbstractAutowireCapableBeanFactory.java:598)
	at org.springframework.beans.factory.support.AbstractAutowireCapableBeanFactory.createBean(AbstractAutowireCapableBeanFactory.java:520)
	at org.springframework.beans.factory.support.AbstractBeanFactory.lambda$doGetBean$0(AbstractBeanFactory.java:325)
	at org.springframework.beans.factory.support.DefaultSingletonBeanRegistry.getSingleton(DefaultSingletonBeanRegistry.java:234)
	at org.springframework.beans.factory.support.AbstractBeanFactory.doGetBean(AbstractBeanFactory.java:323)
	at org.springframework.beans.factory.support.AbstractBeanFactory.getBean(AbstractBeanFactory.java:199)
	at org.springframework.beans.factory.config.DependencyDescriptor.resolveCandidate(DependencyDescriptor.java:254)
	at org.springframework.beans.factory.support.DefaultListableBeanFactory.doResolveDependency(DefaultListableBeanFactory.java:1417)
	at org.springframework.beans.factory.support.DefaultListableBeanFactory.resolveDependency(DefaultListableBeanFactory.java:1337)
	at org.springframework.beans.factory.annotation.AutowiredAnnotationBeanPostProcessor$AutowiredFieldElement.resolveFieldValue(AutowiredAnnotationBeanPostProcessor.java:764)
	at org.springframework.beans.factory.annotation.AutowiredAnnotationBeanPostProcessor$AutowiredFieldElement.inject(AutowiredAnnotationBeanPostProcessor.java:747)
	at org.springframework.beans.factory.annotation.InjectionMetadata.inject(InjectionMetadata.java:145)
	at org.springframework.beans.factory.annotation.AutowiredAnnotationBeanPostProcessor.postProcessProperties(AutowiredAnnotationBeanPostProcessor.java:492)
	at org.springframework.beans.factory.support.AbstractAutowireCapableBeanFactory.populateBean(AbstractAutowireCapableBeanFactory.java:1416)
	at org.springframework.beans.factory.support.AbstractAutowireCapableBeanFactory.doCreateBean(AbstractAutowireCapableBeanFactory.java:597)
	at org.springframework.beans.factory.support.AbstractAutowireCapableBeanFactory.createBean(AbstractAutowireCapableBeanFactory.java:520)
	at org.springframework.beans.factory.support.AbstractBeanFactory.lambda$doGetBean$0(AbstractBeanFactory.java:325)
	at org.springframework.beans.factory.support.DefaultSingletonBeanRegistry.getSingleton(DefaultSingletonBeanRegistry.java:234)
	at org.springframework.beans.factory.support.AbstractBeanFactory.doGetBean(AbstractBeanFactory.java:323)
	at org.springframework.beans.factory.support.AbstractBeanFactory.getBean(AbstractBeanFactory.java:199)
	at org.springframework.beans.factory.support.DefaultListableBeanFactory.preInstantiateSingletons(DefaultListableBeanFactory.java:973)
	at org.springframework.context.support.AbstractApplicationContext.finishBeanFactoryInitialization(AbstractApplicationContext.java:950)
	at org.springframework.context.support.AbstractApplicationContext.refresh(AbstractApplicationContext.java:616)
	at org.springframework.boot.SpringApplication.refresh(SpringApplication.java:738)
	at org.springframework.boot.SpringApplication.refreshContext(SpringApplication.java:440)
	at org.springframework.boot.SpringApplication.run(SpringApplication.java:316)
	at org.springframework.boot.test.context.SpringBootContextLoader.lambda$loadContext$3(SpringBootContextLoader.java:137)
	at org.springframework.util.function.ThrowingSupplier.get(ThrowingSupplier.java:58)
	at org.springframework.util.function.ThrowingSupplier.get(ThrowingSupplier.java:46)
	at org.springframework.boot.SpringApplication.withHook(SpringApplication.java:1406)
	at org.springframework.boot.test.context.SpringBootContextLoader$ContextLoaderHook.run(SpringBootContextLoader.java:545)
	at org.springframework.boot.test.context.SpringBootContextLoader.loadContext(SpringBootContextLoader.java:137)
	at org.springframework.boot.test.context.SpringBootContextLoader.loadContext(SpringBootContextLoader.java:108)
	at org.springframework.test.context.cache.DefaultCacheAwareContextLoaderDelegate.loadContextInternal(DefaultCacheAwareContextLoaderDelegate.java:187)
	at org.springframework.test.context.cache.DefaultCacheAwareContextLoaderDelegate.loadContext(DefaultCacheAwareContextLoaderDelegate.java:119)
	at org.springframework.test.context.support.DefaultTestContext.getApplicationContext(DefaultTestContext.java:127)
	at org.springframework.test.context.web.ServletTestExecutionListener.setUpRequestContextIfNecessary(ServletTestExecutionListener.java:191)
	at org.springframework.test.context.web.ServletTestExecutionListener.prepareTestInstance(ServletTestExecutionListener.java:130)
	at org.springframework.test.context.TestContextManager.prepareTestInstance(TestContextManager.java:241)
	at org.springframework.test.context.junit.jupiter.SpringExtension.postProcessTestInstance(SpringExtension.java:138)
	at org.junit.jupiter.engine.descriptor.ClassBasedTestDescriptor.lambda$invokeTestInstancePostProcessors$10(ClassBasedTestDescriptor.java:377)
	at org.junit.jupiter.engine.descriptor.ClassBasedTestDescriptor.executeAndMaskThrowable(ClassBasedTestDescriptor.java:382)
	at org.junit.jupiter.engine.descriptor.ClassBasedTestDescriptor.lambda$invokeTestInstancePostProcessors$11(ClassBasedTestDescriptor.java:377)
	at java.base/java.util.stream.ReferencePipeline$3$1.accept(ReferencePipeline.java:197)
	at java.base/java.util.stream.ReferencePipeline$2$1.accept(ReferencePipeline.java:179)
	at java.base/java.util.ArrayList$ArrayListSpliterator.forEachRemaining(ArrayList.java:1625)
	at java.base/java.util.stream.AbstractPipeline.copyInto(AbstractPipeline.java:509)
	at java.base/java.util.stream.AbstractPipeline.wrapAndCopyInto(AbstractPipeline.java:499)
	at java.base/java.util.stream.StreamSpliterators$WrappingSpliterator.forEachRemaining(StreamSpliterators.java:310)
	at java.base/java.util.stream.Streams$ConcatSpliterator.forEachRemaining(Streams.java:735)
	at java.base/java.util.stream.Streams$ConcatSpliterator.forEachRemaining(Streams.java:734)
	at java.base/java.util.stream.ReferencePipeline$Head.forEach(ReferencePipeline.java:762)
	at org.junit.jupiter.engine.descriptor.ClassBasedTestDescriptor.invokeTestInstancePostProcessors(ClassBasedTestDescriptor.java:376)
	at org.junit.jupiter.engine.descriptor.ClassBasedTestDescriptor.lambda$instantiateAndPostProcessTestInstance$6(ClassBasedTestDescriptor.java:289)
	at org.junit.platform.engine.support.hierarchical.ThrowableCollector.execute(ThrowableCollector.java:73)
	at org.junit.jupiter.engine.descriptor.ClassBasedTestDescriptor.instantiateAndPostProcessTestInstance(ClassBasedTestDescriptor.java:288)
	at org.junit.jupiter.engine.descriptor.ClassBasedTestDescriptor.lambda$testInstancesProvider$4(ClassBasedTestDescriptor.java:278)
	at java.base/java.util.Optional.orElseGet(Optional.java:364)
	at org.junit.jupiter.engine.descriptor.ClassBasedTestDescriptor.lambda$testInstancesProvider$5(ClassBasedTestDescriptor.java:277)
	at org.junit.jupiter.engine.execution.TestInstancesProvider.getTestInstances(TestInstancesProvider.java:31)
	at org.junit.jupiter.engine.descriptor.TestMethodTestDescriptor.lambda$prepare$0(TestMethodTestDescriptor.java:105)
	at org.junit.platform.engine.support.hierarchical.ThrowableCollector.execute(ThrowableCollector.java:73)
	at org.junit.jupiter.engine.descriptor.TestMethodTestDescriptor.prepare(TestMethodTestDescriptor.java:104)
	at org.junit.jupiter.engine.descriptor.TestMethodTestDescriptor.prepare(TestMethodTestDescriptor.java:68)
	at org.junit.platform.engine.support.hierarchical.NodeTestTask.lambda$prepare$2(NodeTestTask.java:123)
	at org.junit.platform.engine.support.hierarchical.ThrowableCollector.execute(ThrowableCollector.java:73)
	at org.junit.platform.engine.support.hierarchical.NodeTestTask.prepare(NodeTestTask.java:123)
	at org.junit.platform.engine.support.hierarchical.NodeTestTask.execute(NodeTestTask.java:90)
	at java.base/java.util.ArrayList.forEach(ArrayList.java:1511)
	at org.junit.platform.engine.support.hierarchical.SameThreadHierarchicalTestExecutorService.invokeAll(SameThreadHierarchicalTestExecutorService.java:41)
	at org.junit.platform.engine.support.hierarchical.NodeTestTask.lambda$executeRecursively$6(NodeTestTask.java:155)
	at org.junit.platform.engine.support.hierarchical.ThrowableCollector.execute(ThrowableCollector.java:73)
	at org.junit.platform.engine.support.hierarchical.NodeTestTask.lambda$executeRecursively$8(NodeTestTask.java:141)
	at org.junit.platform.engine.support.hierarchical.Node.around(Node.java:137)
	at org.junit.platform.engine.support.hierarchical.NodeTestTask.lambda$executeRecursively$9(NodeTestTask.java:139)
	at org.junit.platform.engine.support.hierarchical.ThrowableCollector.execute(ThrowableCollector.java:73)
	at org.junit.platform.engine.support.hierarchical.NodeTestTask.executeRecursively(NodeTestTask.java:138)
	at org.junit.platform.engine.support.hierarchical.NodeTestTask.execute(NodeTestTask.java:95)
	at java.base/java.util.ArrayList.forEach(ArrayList.java:1511)
	at org.junit.platform.engine.support.hierarchical.SameThreadHierarchicalTestExecutorService.invokeAll(SameThreadHierarchicalTestExecutorService.java:41)
	at org.junit.platform.engine.support.hierarchical.NodeTestTask.lambda$executeRecursively$6(NodeTestTask.java:155)
	at org.junit.platform.engine.support.hierarchical.ThrowableCollector.execute(ThrowableCollector.java:73)
	at org.junit.platform.engine.support.hierarchical.NodeTestTask.lambda$executeRecursively$8(NodeTestTask.java:141)
	at org.junit.platform.engine.support.hierarchical.Node.around(Node.java:137)
	at org.junit.platform.engine.support.hierarchical.NodeTestTask.lambda$executeRecursively$9(NodeTestTask.java:139)
	at org.junit.platform.engine.support.hierarchical.ThrowableCollector.execute(ThrowableCollector.java:73)
	at org.junit.platform.engine.support.hierarchical.NodeTestTask.executeRecursively(NodeTestTask.java:138)
	at org.junit.platform.engine.support.hierarchical.NodeTestTask.execute(NodeTestTask.java:95)
	at org.junit.platform.engine.support.hierarchical.SameThreadHierarchicalTestExecutorService.submit(SameThreadHierarchicalTestExecutorService.java:35)
	at org.junit.platform.engine.support.hierarchical.HierarchicalTestExecutor.execute(HierarchicalTestExecutor.java:57)
	at org.junit.platform.engine.support.hierarchical.HierarchicalTestEngine.execute(HierarchicalTestEngine.java:54)
	at org.junit.platform.launcher.core.EngineExecutionOrchestrator.execute(EngineExecutionOrchestrator.java:147)
	at org.junit.platform.launcher.core.EngineExecutionOrchestrator.execute(EngineExecutionOrchestrator.java:127)
	at org.junit.platform.launcher.core.EngineExecutionOrchestrator.execute(EngineExecutionOrchestrator.java:90)
	at org.junit.platform.launcher.core.EngineExecutionOrchestrator.lambda$execute$0(EngineExecutionOrchestrator.java:55)
	at org.junit.platform.launcher.core.EngineExecutionOrchestrator.withInterceptedStreams(EngineExecutionOrchestrator.java:102)
	at org.junit.platform.launcher.core.EngineExecutionOrchestrator.execute(EngineExecutionOrchestrator.java:54)
	at org.junit.platform.launcher.core.DefaultLauncher.execute(DefaultLauncher.java:114)
	at org.junit.platform.launcher.core.DefaultLauncher.execute(DefaultLauncher.java:86)
	at org.junit.platform.launcher.core.DefaultLauncherSession$DelegatingLauncher.execute(DefaultLauncherSession.java:86)
	at org.apache.maven.surefire.junitplatform.LazyLauncher.execute(LazyLauncher.java:50)
	at org.apache.maven.surefire.junitplatform.JUnitPlatformProvider.execute(JUnitPlatformProvider.java:184)
	at org.apache.maven.surefire.junitplatform.JUnitPlatformProvider.invokeAllTests(JUnitPlatformProvider.java:148)
	at org.apache.maven.surefire.junitplatform.JUnitPlatformProvider.invoke(JUnitPlatformProvider.java:122)
	at org.apache.maven.surefire.booter.ForkedBooter.runSuitesInProcess(ForkedBooter.java:385)
	at org.apache.maven.surefire.booter.ForkedBooter.execute(ForkedBooter.java:162)
	at org.apache.maven.surefire.booter.ForkedBooter.run(ForkedBooter.java:507)
	at org.apache.maven.surefire.booter.ForkedBooter.main(ForkedBooter.java:495)
2023-11-24 12:36:42,168 TRACE o.h.i.SessionImpl [SessionImpl.java:402] Closing session [ee254364-fc26-4def-8ef4-7bf939cb2714]
2023-11-24 12:36:42,169 TRACE o.h.e.j.i.JdbcCoordinatorImpl [JdbcCoordinatorImpl.java:152] Closing JDBC container [org.hibernate.engine.jdbc.internal.JdbcCoordinatorImpl@29567ea5]
2023-11-24 12:36:42,169 TRACE o.h.r.j.i.ResourceRegistryStandardImpl [ResourceRegistryStandardImpl.java:329] Releasing JDBC resources
2023-11-24 12:36:42,169 TRACE o.h.r.j.i.LogicalConnectionManagedImpl [LogicalConnectionManagedImpl.java:256] Closing logical connection
2023-11-24 12:36:42,169 TRACE o.h.r.j.i.LogicalConnectionManagedImpl [LogicalConnectionManagedImpl.java:263] Logical connection closed
2023-11-24 12:36:42,170 TRACE o.h.i.SessionFactoryImpl$SessionBuilderImpl [SessionFactoryImpl.java:1298] Opening Hibernate Session.  tenant=null
2023-11-24 12:36:42,170 TRACE o.h.i.SessionImpl [SessionImpl.java:262] Opened Session [6d4c947a-e310-4748-b85a-7302663cc981] at timestamp: 1700825802170
2023-11-24 12:36:42,170 TRACE o.h.i.SessionImpl [SessionImpl.java:402] Closing session [6d4c947a-e310-4748-b85a-7302663cc981]
2023-11-24 12:36:42,170 TRACE o.h.e.j.i.JdbcCoordinatorImpl [JdbcCoordinatorImpl.java:152] Closing JDBC container [org.hibernate.engine.jdbc.internal.JdbcCoordinatorImpl@13fad320]
2023-11-24 12:36:42,171 TRACE o.h.r.j.i.ResourceRegistryStandardImpl [ResourceRegistryStandardImpl.java:329] Releasing JDBC resources
2023-11-24 12:36:42,171 TRACE o.h.r.j.i.LogicalConnectionManagedImpl [LogicalConnectionManagedImpl.java:256] Closing logical connection
2023-11-24 12:36:42,171 TRACE o.h.r.j.i.LogicalConnectionManagedImpl [LogicalConnectionManagedImpl.java:263] Logical connection closed
2023-11-24 12:36:42,191 TRACE o.h.i.SessionFactoryImpl$SessionBuilderImpl [SessionFactoryImpl.java:1298] Opening Hibernate Session.  tenant=null
2023-11-24 12:36:42,191 TRACE o.h.i.SessionImpl [SessionImpl.java:262] Opened Session [e08eee36-26e7-4f88-83c3-629657f812e5] at timestamp: 1700825802191
2023-11-24 12:36:42,192 TRACE o.h.i.SessionImpl [SessionImpl.java:402] Closing session [e08eee36-26e7-4f88-83c3-629657f812e5]
2023-11-24 12:36:42,192 TRACE o.h.e.j.i.JdbcCoordinatorImpl [JdbcCoordinatorImpl.java:152] Closing JDBC container [org.hibernate.engine.jdbc.internal.JdbcCoordinatorImpl@34ed7e7a]
2023-11-24 12:36:42,192 TRACE o.h.r.j.i.ResourceRegistryStandardImpl [ResourceRegistryStandardImpl.java:329] Releasing JDBC resources
2023-11-24 12:36:42,192 TRACE o.h.r.j.i.LogicalConnectionManagedImpl [LogicalConnectionManagedImpl.java:256] Closing logical connection
2023-11-24 12:36:42,192 TRACE o.h.r.j.i.LogicalConnectionManagedImpl [LogicalConnectionManagedImpl.java:263] Logical connection closed
2023-11-24 12:36:42,196 TRACE o.h.i.SessionFactoryImpl$SessionBuilderImpl [SessionFactoryImpl.java:1298] Opening Hibernate Session.  tenant=null
2023-11-24 12:36:42,197 TRACE o.h.i.SessionImpl [SessionImpl.java:262] Opened Session [7dd48924-81ef-4235-a96e-2b7c1322a297] at timestamp: 1700825802197
2023-11-24 12:36:42,197 TRACE o.h.i.SessionImpl [SessionImpl.java:402] Closing session [7dd48924-81ef-4235-a96e-2b7c1322a297]
2023-11-24 12:36:42,198 TRACE o.h.e.j.i.JdbcCoordinatorImpl [JdbcCoordinatorImpl.java:152] Closing JDBC container [org.hibernate.engine.jdbc.internal.JdbcCoordinatorImpl@253e8269]
2023-11-24 12:36:42,198 TRACE o.h.r.j.i.ResourceRegistryStandardImpl [ResourceRegistryStandardImpl.java:329] Releasing JDBC resources
2023-11-24 12:36:42,198 TRACE o.h.r.j.i.LogicalConnectionManagedImpl [LogicalConnectionManagedImpl.java:256] Closing logical connection
2023-11-24 12:36:42,198 TRACE o.h.r.j.i.LogicalConnectionManagedImpl [LogicalConnectionManagedImpl.java:263] Logical connection closed
2023-11-24 12:36:42,230 TRACE o.h.i.SessionFactoryImpl$SessionBuilderImpl [SessionFactoryImpl.java:1298] Opening Hibernate Session.  tenant=null
2023-11-24 12:36:42,230 TRACE o.h.i.SessionImpl [SessionImpl.java:262] Opened Session [7cedf2c6-f6e0-4ef3-8fc1-dae96b9230e1] at timestamp: 1700825802230
2023-11-24 12:36:42,231 DEBUG o.h.r.t.b.j.i.JdbcResourceLocalTransactionCoordinatorImpl [JdbcResourceLocalTransactionCoordinatorImpl.java:310] JDBC transaction marked for rollback-only (exception provided for stack trace)
java.lang.Exception: exception just for purpose of providing stack trace
	at org.hibernate.resource.transaction.backend.jdbc.internal.JdbcResourceLocalTransactionCoordinatorImpl$TransactionDriverControlImpl.markRollbackOnly(JdbcResourceLocalTransactionCoordinatorImpl.java:310)
	at org.hibernate.internal.AbstractSharedSessionContract.buildNamedQuery(AbstractSharedSessionContract.java:1021)
	at org.hibernate.internal.AbstractSharedSessionContract.createNamedQuery(AbstractSharedSessionContract.java:899)
	at org.hibernate.internal.AbstractSharedSessionContract.createNamedQuery(AbstractSharedSessionContract.java:120)
	at jdk.internal.reflect.GeneratedMethodAccessor47.invoke(Unknown Source)
	at java.base/jdk.internal.reflect.DelegatingMethodAccessorImpl.invoke(DelegatingMethodAccessorImpl.java:43)
	at java.base/java.lang.reflect.Method.invoke(Method.java:568)
	at org.springframework.orm.jpa.ExtendedEntityManagerCreator$ExtendedEntityManagerInvocationHandler.invoke(ExtendedEntityManagerCreator.java:360)
	at jdk.proxy2/jdk.proxy2.$Proxy191.createNamedQuery(Unknown Source)
	at org.springframework.data.jpa.repository.query.NamedQuery.hasNamedQuery(NamedQuery.java:113)
	at org.springframework.data.jpa.repository.query.NamedQuery.lookupFrom(NamedQuery.java:141)
	at org.springframework.data.jpa.repository.query.JpaQueryLookupStrategy$DeclaredQueryLookupStrategy.resolveQuery(JpaQueryLookupStrategy.java:180)
	at org.springframework.data.jpa.repository.query.JpaQueryLookupStrategy$CreateIfNotFoundQueryLookupStrategy.resolveQuery(JpaQueryLookupStrategy.java:252)
	at org.springframework.data.jpa.repository.query.JpaQueryLookupStrategy$AbstractQueryLookupStrategy.resolveQuery(JpaQueryLookupStrategy.java:95)
	at org.springframework.data.repository.core.support.QueryExecutorMethodInterceptor.lookupQuery(QueryExecutorMethodInterceptor.java:111)
	at org.springframework.data.repository.core.support.QueryExecutorMethodInterceptor.mapMethodsToQuery(QueryExecutorMethodInterceptor.java:99)
	at org.springframework.data.repository.core.support.QueryExecutorMethodInterceptor.lambda$new$0(QueryExecutorMethodInterceptor.java:88)
	at java.base/java.util.Optional.map(Optional.java:260)
	at org.springframework.data.repository.core.support.QueryExecutorMethodInterceptor.<init>(QueryExecutorMethodInterceptor.java:88)
	at org.springframework.data.repository.core.support.RepositoryFactorySupport.getRepository(RepositoryFactorySupport.java:357)
	at org.springframework.data.repository.core.support.RepositoryFactoryBeanSupport.lambda$afterPropertiesSet$5(RepositoryFactoryBeanSupport.java:279)
	at org.springframework.data.util.Lazy.getNullable(Lazy.java:245)
	at org.springframework.data.util.Lazy.get(Lazy.java:114)
	at org.springframework.data.repository.core.support.RepositoryFactoryBeanSupport.afterPropertiesSet(RepositoryFactoryBeanSupport.java:285)
	at org.springframework.data.jpa.repository.support.JpaRepositoryFactoryBean.afterPropertiesSet(JpaRepositoryFactoryBean.java:132)
	at org.springframework.beans.factory.support.AbstractAutowireCapableBeanFactory.invokeInitMethods(AbstractAutowireCapableBeanFactory.java:1817)
	at org.springframework.beans.factory.support.AbstractAutowireCapableBeanFactory.initializeBean(AbstractAutowireCapableBeanFactory.java:1766)
	at org.springframework.beans.factory.support.AbstractAutowireCapableBeanFactory.doCreateBean(AbstractAutowireCapableBeanFactory.java:598)
	at org.springframework.beans.factory.support.AbstractAutowireCapableBeanFactory.createBean(AbstractAutowireCapableBeanFactory.java:520)
	at org.springframework.beans.factory.support.AbstractBeanFactory.lambda$doGetBean$0(AbstractBeanFactory.java:325)
	at org.springframework.beans.factory.support.DefaultSingletonBeanRegistry.getSingleton(DefaultSingletonBeanRegistry.java:234)
	at org.springframework.beans.factory.support.AbstractBeanFactory.doGetBean(AbstractBeanFactory.java:323)
	at org.springframework.beans.factory.support.AbstractBeanFactory.getBean(AbstractBeanFactory.java:199)
	at org.springframework.beans.factory.config.DependencyDescriptor.resolveCandidate(DependencyDescriptor.java:254)
	at org.springframework.beans.factory.support.DefaultListableBeanFactory.doResolveDependency(DefaultListableBeanFactory.java:1417)
	at org.springframework.beans.factory.support.DefaultListableBeanFactory.resolveDependency(DefaultListableBeanFactory.java:1337)
	at org.springframework.beans.factory.annotation.AutowiredAnnotationBeanPostProcessor$AutowiredFieldElement.resolveFieldValue(AutowiredAnnotationBeanPostProcessor.java:764)
	at org.springframework.beans.factory.annotation.AutowiredAnnotationBeanPostProcessor$AutowiredFieldElement.inject(AutowiredAnnotationBeanPostProcessor.java:747)
	at org.springframework.beans.factory.annotation.InjectionMetadata.inject(InjectionMetadata.java:145)
	at org.springframework.beans.factory.annotation.AutowiredAnnotationBeanPostProcessor.postProcessProperties(AutowiredAnnotationBeanPostProcessor.java:492)
	at org.springframework.beans.factory.support.AbstractAutowireCapableBeanFactory.populateBean(AbstractAutowireCapableBeanFactory.java:1416)
	at org.springframework.beans.factory.support.AbstractAutowireCapableBeanFactory.doCreateBean(AbstractAutowireCapableBeanFactory.java:597)
	at org.springframework.beans.factory.support.AbstractAutowireCapableBeanFactory.createBean(AbstractAutowireCapableBeanFactory.java:520)
	at org.springframework.beans.factory.support.AbstractBeanFactory.lambda$doGetBean$0(AbstractBeanFactory.java:325)
	at org.springframework.beans.factory.support.DefaultSingletonBeanRegistry.getSingleton(DefaultSingletonBeanRegistry.java:234)
	at org.springframework.beans.factory.support.AbstractBeanFactory.doGetBean(AbstractBeanFactory.java:323)
	at org.springframework.beans.factory.support.AbstractBeanFactory.getBean(AbstractBeanFactory.java:199)
	at org.springframework.beans.factory.support.DefaultListableBeanFactory.preInstantiateSingletons(DefaultListableBeanFactory.java:973)
	at org.springframework.context.support.AbstractApplicationContext.finishBeanFactoryInitialization(AbstractApplicationContext.java:950)
	at org.springframework.context.support.AbstractApplicationContext.refresh(AbstractApplicationContext.java:616)
	at org.springframework.boot.SpringApplication.refresh(SpringApplication.java:738)
	at org.springframework.boot.SpringApplication.refreshContext(SpringApplication.java:440)
	at org.springframework.boot.SpringApplication.run(SpringApplication.java:316)
	at org.springframework.boot.test.context.SpringBootContextLoader.lambda$loadContext$3(SpringBootContextLoader.java:137)
	at org.springframework.util.function.ThrowingSupplier.get(ThrowingSupplier.java:58)
	at org.springframework.util.function.ThrowingSupplier.get(ThrowingSupplier.java:46)
	at org.springframework.boot.SpringApplication.withHook(SpringApplication.java:1406)
	at org.springframework.boot.test.context.SpringBootContextLoader$ContextLoaderHook.run(SpringBootContextLoader.java:545)
	at org.springframework.boot.test.context.SpringBootContextLoader.loadContext(SpringBootContextLoader.java:137)
	at org.springframework.boot.test.context.SpringBootContextLoader.loadContext(SpringBootContextLoader.java:108)
	at org.springframework.test.context.cache.DefaultCacheAwareContextLoaderDelegate.loadContextInternal(DefaultCacheAwareContextLoaderDelegate.java:187)
	at org.springframework.test.context.cache.DefaultCacheAwareContextLoaderDelegate.loadContext(DefaultCacheAwareContextLoaderDelegate.java:119)
	at org.springframework.test.context.support.DefaultTestContext.getApplicationContext(DefaultTestContext.java:127)
	at org.springframework.test.context.web.ServletTestExecutionListener.setUpRequestContextIfNecessary(ServletTestExecutionListener.java:191)
	at org.springframework.test.context.web.ServletTestExecutionListener.prepareTestInstance(ServletTestExecutionListener.java:130)
	at org.springframework.test.context.TestContextManager.prepareTestInstance(TestContextManager.java:241)
	at org.springframework.test.context.junit.jupiter.SpringExtension.postProcessTestInstance(SpringExtension.java:138)
	at org.junit.jupiter.engine.descriptor.ClassBasedTestDescriptor.lambda$invokeTestInstancePostProcessors$10(ClassBasedTestDescriptor.java:377)
	at org.junit.jupiter.engine.descriptor.ClassBasedTestDescriptor.executeAndMaskThrowable(ClassBasedTestDescriptor.java:382)
	at org.junit.jupiter.engine.descriptor.ClassBasedTestDescriptor.lambda$invokeTestInstancePostProcessors$11(ClassBasedTestDescriptor.java:377)
	at java.base/java.util.stream.ReferencePipeline$3$1.accept(ReferencePipeline.java:197)
	at java.base/java.util.stream.ReferencePipeline$2$1.accept(ReferencePipeline.java:179)
	at java.base/java.util.ArrayList$ArrayListSpliterator.forEachRemaining(ArrayList.java:1625)
	at java.base/java.util.stream.AbstractPipeline.copyInto(AbstractPipeline.java:509)
	at java.base/java.util.stream.AbstractPipeline.wrapAndCopyInto(AbstractPipeline.java:499)
	at java.base/java.util.stream.StreamSpliterators$WrappingSpliterator.forEachRemaining(StreamSpliterators.java:310)
	at java.base/java.util.stream.Streams$ConcatSpliterator.forEachRemaining(Streams.java:735)
	at java.base/java.util.stream.Streams$ConcatSpliterator.forEachRemaining(Streams.java:734)
	at java.base/java.util.stream.ReferencePipeline$Head.forEach(ReferencePipeline.java:762)
	at org.junit.jupiter.engine.descriptor.ClassBasedTestDescriptor.invokeTestInstancePostProcessors(ClassBasedTestDescriptor.java:376)
	at org.junit.jupiter.engine.descriptor.ClassBasedTestDescriptor.lambda$instantiateAndPostProcessTestInstance$6(ClassBasedTestDescriptor.java:289)
	at org.junit.platform.engine.support.hierarchical.ThrowableCollector.execute(ThrowableCollector.java:73)
	at org.junit.jupiter.engine.descriptor.ClassBasedTestDescriptor.instantiateAndPostProcessTestInstance(ClassBasedTestDescriptor.java:288)
	at org.junit.jupiter.engine.descriptor.ClassBasedTestDescriptor.lambda$testInstancesProvider$4(ClassBasedTestDescriptor.java:278)
	at java.base/java.util.Optional.orElseGet(Optional.java:364)
	at org.junit.jupiter.engine.descriptor.ClassBasedTestDescriptor.lambda$testInstancesProvider$5(ClassBasedTestDescriptor.java:277)
	at org.junit.jupiter.engine.execution.TestInstancesProvider.getTestInstances(TestInstancesProvider.java:31)
	at org.junit.jupiter.engine.descriptor.TestMethodTestDescriptor.lambda$prepare$0(TestMethodTestDescriptor.java:105)
	at org.junit.platform.engine.support.hierarchical.ThrowableCollector.execute(ThrowableCollector.java:73)
	at org.junit.jupiter.engine.descriptor.TestMethodTestDescriptor.prepare(TestMethodTestDescriptor.java:104)
	at org.junit.jupiter.engine.descriptor.TestMethodTestDescriptor.prepare(TestMethodTestDescriptor.java:68)
	at org.junit.platform.engine.support.hierarchical.NodeTestTask.lambda$prepare$2(NodeTestTask.java:123)
	at org.junit.platform.engine.support.hierarchical.ThrowableCollector.execute(ThrowableCollector.java:73)
	at org.junit.platform.engine.support.hierarchical.NodeTestTask.prepare(NodeTestTask.java:123)
	at org.junit.platform.engine.support.hierarchical.NodeTestTask.execute(NodeTestTask.java:90)
	at java.base/java.util.ArrayList.forEach(ArrayList.java:1511)
	at org.junit.platform.engine.support.hierarchical.SameThreadHierarchicalTestExecutorService.invokeAll(SameThreadHierarchicalTestExecutorService.java:41)
	at org.junit.platform.engine.support.hierarchical.NodeTestTask.lambda$executeRecursively$6(NodeTestTask.java:155)
	at org.junit.platform.engine.support.hierarchical.ThrowableCollector.execute(ThrowableCollector.java:73)
	at org.junit.platform.engine.support.hierarchical.NodeTestTask.lambda$executeRecursively$8(NodeTestTask.java:141)
	at org.junit.platform.engine.support.hierarchical.Node.around(Node.java:137)
	at org.junit.platform.engine.support.hierarchical.NodeTestTask.lambda$executeRecursively$9(NodeTestTask.java:139)
	at org.junit.platform.engine.support.hierarchical.ThrowableCollector.execute(ThrowableCollector.java:73)
	at org.junit.platform.engine.support.hierarchical.NodeTestTask.executeRecursively(NodeTestTask.java:138)
	at org.junit.platform.engine.support.hierarchical.NodeTestTask.execute(NodeTestTask.java:95)
	at java.base/java.util.ArrayList.forEach(ArrayList.java:1511)
	at org.junit.platform.engine.support.hierarchical.SameThreadHierarchicalTestExecutorService.invokeAll(SameThreadHierarchicalTestExecutorService.java:41)
	at org.junit.platform.engine.support.hierarchical.NodeTestTask.lambda$executeRecursively$6(NodeTestTask.java:155)
	at org.junit.platform.engine.support.hierarchical.ThrowableCollector.execute(ThrowableCollector.java:73)
	at org.junit.platform.engine.support.hierarchical.NodeTestTask.lambda$executeRecursively$8(NodeTestTask.java:141)
	at org.junit.platform.engine.support.hierarchical.Node.around(Node.java:137)
	at org.junit.platform.engine.support.hierarchical.NodeTestTask.lambda$executeRecursively$9(NodeTestTask.java:139)
	at org.junit.platform.engine.support.hierarchical.ThrowableCollector.execute(ThrowableCollector.java:73)
	at org.junit.platform.engine.support.hierarchical.NodeTestTask.executeRecursively(NodeTestTask.java:138)
	at org.junit.platform.engine.support.hierarchical.NodeTestTask.execute(NodeTestTask.java:95)
	at org.junit.platform.engine.support.hierarchical.SameThreadHierarchicalTestExecutorService.submit(SameThreadHierarchicalTestExecutorService.java:35)
	at org.junit.platform.engine.support.hierarchical.HierarchicalTestExecutor.execute(HierarchicalTestExecutor.java:57)
	at org.junit.platform.engine.support.hierarchical.HierarchicalTestEngine.execute(HierarchicalTestEngine.java:54)
	at org.junit.platform.launcher.core.EngineExecutionOrchestrator.execute(EngineExecutionOrchestrator.java:147)
	at org.junit.platform.launcher.core.EngineExecutionOrchestrator.execute(EngineExecutionOrchestrator.java:127)
	at org.junit.platform.launcher.core.EngineExecutionOrchestrator.execute(EngineExecutionOrchestrator.java:90)
	at org.junit.platform.launcher.core.EngineExecutionOrchestrator.lambda$execute$0(EngineExecutionOrchestrator.java:55)
	at org.junit.platform.launcher.core.EngineExecutionOrchestrator.withInterceptedStreams(EngineExecutionOrchestrator.java:102)
	at org.junit.platform.launcher.core.EngineExecutionOrchestrator.execute(EngineExecutionOrchestrator.java:54)
	at org.junit.platform.launcher.core.DefaultLauncher.execute(DefaultLauncher.java:114)
	at org.junit.platform.launcher.core.DefaultLauncher.execute(DefaultLauncher.java:86)
	at org.junit.platform.launcher.core.DefaultLauncherSession$DelegatingLauncher.execute(DefaultLauncherSession.java:86)
	at org.apache.maven.surefire.junitplatform.LazyLauncher.execute(LazyLauncher.java:50)
	at org.apache.maven.surefire.junitplatform.JUnitPlatformProvider.execute(JUnitPlatformProvider.java:184)
	at org.apache.maven.surefire.junitplatform.JUnitPlatformProvider.invokeAllTests(JUnitPlatformProvider.java:148)
	at org.apache.maven.surefire.junitplatform.JUnitPlatformProvider.invoke(JUnitPlatformProvider.java:122)
	at org.apache.maven.surefire.booter.ForkedBooter.runSuitesInProcess(ForkedBooter.java:385)
	at org.apache.maven.surefire.booter.ForkedBooter.execute(ForkedBooter.java:162)
	at org.apache.maven.surefire.booter.ForkedBooter.run(ForkedBooter.java:507)
	at org.apache.maven.surefire.booter.ForkedBooter.main(ForkedBooter.java:495)
2023-11-24 12:36:42,231 TRACE o.h.i.SessionImpl [SessionImpl.java:402] Closing session [7cedf2c6-f6e0-4ef3-8fc1-dae96b9230e1]
2023-11-24 12:36:42,231 TRACE o.h.e.j.i.JdbcCoordinatorImpl [JdbcCoordinatorImpl.java:152] Closing JDBC container [org.hibernate.engine.jdbc.internal.JdbcCoordinatorImpl@1fde2f65]
2023-11-24 12:36:42,232 TRACE o.h.r.j.i.ResourceRegistryStandardImpl [ResourceRegistryStandardImpl.java:329] Releasing JDBC resources
2023-11-24 12:36:42,232 TRACE o.h.r.j.i.LogicalConnectionManagedImpl [LogicalConnectionManagedImpl.java:256] Closing logical connection
2023-11-24 12:36:42,232 TRACE o.h.r.j.i.LogicalConnectionManagedImpl [LogicalConnectionManagedImpl.java:263] Logical connection closed
2023-11-24 12:36:42,232 TRACE o.h.i.SessionFactoryImpl$SessionBuilderImpl [SessionFactoryImpl.java:1298] Opening Hibernate Session.  tenant=null
2023-11-24 12:36:42,232 TRACE o.h.i.SessionImpl [SessionImpl.java:262] Opened Session [89ef8564-08f0-4849-a35c-c293ebcb3f6f] at timestamp: 1700825802232
2023-11-24 12:36:42,232 TRACE o.h.i.SessionImpl [SessionImpl.java:402] Closing session [89ef8564-08f0-4849-a35c-c293ebcb3f6f]
2023-11-24 12:36:42,232 TRACE o.h.e.j.i.JdbcCoordinatorImpl [JdbcCoordinatorImpl.java:152] Closing JDBC container [org.hibernate.engine.jdbc.internal.JdbcCoordinatorImpl@4ea2db3d]
2023-11-24 12:36:42,233 TRACE o.h.r.j.i.ResourceRegistryStandardImpl [ResourceRegistryStandardImpl.java:329] Releasing JDBC resources
2023-11-24 12:36:42,233 TRACE o.h.r.j.i.LogicalConnectionManagedImpl [LogicalConnectionManagedImpl.java:256] Closing logical connection
2023-11-24 12:36:42,233 TRACE o.h.r.j.i.LogicalConnectionManagedImpl [LogicalConnectionManagedImpl.java:263] Logical connection closed
2023-11-24 12:36:42,234 TRACE o.h.i.SessionFactoryImpl$SessionBuilderImpl [SessionFactoryImpl.java:1298] Opening Hibernate Session.  tenant=null
2023-11-24 12:36:42,234 TRACE o.h.i.SessionImpl [SessionImpl.java:262] Opened Session [a2db6ac3-0be6-4f80-a686-0d22407cc7f8] at timestamp: 1700825802234
2023-11-24 12:36:42,234 DEBUG o.h.r.t.b.j.i.JdbcResourceLocalTransactionCoordinatorImpl [JdbcResourceLocalTransactionCoordinatorImpl.java:310] JDBC transaction marked for rollback-only (exception provided for stack trace)
java.lang.Exception: exception just for purpose of providing stack trace
	at org.hibernate.resource.transaction.backend.jdbc.internal.JdbcResourceLocalTransactionCoordinatorImpl$TransactionDriverControlImpl.markRollbackOnly(JdbcResourceLocalTransactionCoordinatorImpl.java:310)
	at org.hibernate.internal.AbstractSharedSessionContract.buildNamedQuery(AbstractSharedSessionContract.java:1021)
	at org.hibernate.internal.AbstractSharedSessionContract.createNamedQuery(AbstractSharedSessionContract.java:899)
	at org.hibernate.internal.AbstractSharedSessionContract.createNamedQuery(AbstractSharedSessionContract.java:120)
	at jdk.internal.reflect.GeneratedMethodAccessor47.invoke(Unknown Source)
	at java.base/jdk.internal.reflect.DelegatingMethodAccessorImpl.invoke(DelegatingMethodAccessorImpl.java:43)
	at java.base/java.lang.reflect.Method.invoke(Method.java:568)
	at org.springframework.orm.jpa.ExtendedEntityManagerCreator$ExtendedEntityManagerInvocationHandler.invoke(ExtendedEntityManagerCreator.java:360)
	at jdk.proxy2/jdk.proxy2.$Proxy191.createNamedQuery(Unknown Source)
	at org.springframework.data.jpa.repository.query.NamedQuery.hasNamedQuery(NamedQuery.java:113)
	at org.springframework.data.jpa.repository.query.NamedQuery.lookupFrom(NamedQuery.java:141)
	at org.springframework.data.jpa.repository.query.JpaQueryLookupStrategy$DeclaredQueryLookupStrategy.resolveQuery(JpaQueryLookupStrategy.java:180)
	at org.springframework.data.jpa.repository.query.JpaQueryLookupStrategy$CreateIfNotFoundQueryLookupStrategy.resolveQuery(JpaQueryLookupStrategy.java:252)
	at org.springframework.data.jpa.repository.query.JpaQueryLookupStrategy$AbstractQueryLookupStrategy.resolveQuery(JpaQueryLookupStrategy.java:95)
	at org.springframework.data.repository.core.support.QueryExecutorMethodInterceptor.lookupQuery(QueryExecutorMethodInterceptor.java:111)
	at org.springframework.data.repository.core.support.QueryExecutorMethodInterceptor.mapMethodsToQuery(QueryExecutorMethodInterceptor.java:99)
	at org.springframework.data.repository.core.support.QueryExecutorMethodInterceptor.lambda$new$0(QueryExecutorMethodInterceptor.java:88)
	at java.base/java.util.Optional.map(Optional.java:260)
	at org.springframework.data.repository.core.support.QueryExecutorMethodInterceptor.<init>(QueryExecutorMethodInterceptor.java:88)
	at org.springframework.data.repository.core.support.RepositoryFactorySupport.getRepository(RepositoryFactorySupport.java:357)
	at org.springframework.data.repository.core.support.RepositoryFactoryBeanSupport.lambda$afterPropertiesSet$5(RepositoryFactoryBeanSupport.java:279)
	at org.springframework.data.util.Lazy.getNullable(Lazy.java:245)
	at org.springframework.data.util.Lazy.get(Lazy.java:114)
	at org.springframework.data.repository.core.support.RepositoryFactoryBeanSupport.afterPropertiesSet(RepositoryFactoryBeanSupport.java:285)
	at org.springframework.data.jpa.repository.support.JpaRepositoryFactoryBean.afterPropertiesSet(JpaRepositoryFactoryBean.java:132)
	at org.springframework.beans.factory.support.AbstractAutowireCapableBeanFactory.invokeInitMethods(AbstractAutowireCapableBeanFactory.java:1817)
	at org.springframework.beans.factory.support.AbstractAutowireCapableBeanFactory.initializeBean(AbstractAutowireCapableBeanFactory.java:1766)
	at org.springframework.beans.factory.support.AbstractAutowireCapableBeanFactory.doCreateBean(AbstractAutowireCapableBeanFactory.java:598)
	at org.springframework.beans.factory.support.AbstractAutowireCapableBeanFactory.createBean(AbstractAutowireCapableBeanFactory.java:520)
	at org.springframework.beans.factory.support.AbstractBeanFactory.lambda$doGetBean$0(AbstractBeanFactory.java:325)
	at org.springframework.beans.factory.support.DefaultSingletonBeanRegistry.getSingleton(DefaultSingletonBeanRegistry.java:234)
	at org.springframework.beans.factory.support.AbstractBeanFactory.doGetBean(AbstractBeanFactory.java:323)
	at org.springframework.beans.factory.support.AbstractBeanFactory.getBean(AbstractBeanFactory.java:199)
	at org.springframework.beans.factory.config.DependencyDescriptor.resolveCandidate(DependencyDescriptor.java:254)
	at org.springframework.beans.factory.support.DefaultListableBeanFactory.doResolveDependency(DefaultListableBeanFactory.java:1417)
	at org.springframework.beans.factory.support.DefaultListableBeanFactory.resolveDependency(DefaultListableBeanFactory.java:1337)
	at org.springframework.beans.factory.annotation.AutowiredAnnotationBeanPostProcessor$AutowiredFieldElement.resolveFieldValue(AutowiredAnnotationBeanPostProcessor.java:764)
	at org.springframework.beans.factory.annotation.AutowiredAnnotationBeanPostProcessor$AutowiredFieldElement.inject(AutowiredAnnotationBeanPostProcessor.java:747)
	at org.springframework.beans.factory.annotation.InjectionMetadata.inject(InjectionMetadata.java:145)
	at org.springframework.beans.factory.annotation.AutowiredAnnotationBeanPostProcessor.postProcessProperties(AutowiredAnnotationBeanPostProcessor.java:492)
	at org.springframework.beans.factory.support.AbstractAutowireCapableBeanFactory.populateBean(AbstractAutowireCapableBeanFactory.java:1416)
	at org.springframework.beans.factory.support.AbstractAutowireCapableBeanFactory.doCreateBean(AbstractAutowireCapableBeanFactory.java:597)
	at org.springframework.beans.factory.support.AbstractAutowireCapableBeanFactory.createBean(AbstractAutowireCapableBeanFactory.java:520)
	at org.springframework.beans.factory.support.AbstractBeanFactory.lambda$doGetBean$0(AbstractBeanFactory.java:325)
	at org.springframework.beans.factory.support.DefaultSingletonBeanRegistry.getSingleton(DefaultSingletonBeanRegistry.java:234)
	at org.springframework.beans.factory.support.AbstractBeanFactory.doGetBean(AbstractBeanFactory.java:323)
	at org.springframework.beans.factory.support.AbstractBeanFactory.getBean(AbstractBeanFactory.java:199)
	at org.springframework.beans.factory.support.DefaultListableBeanFactory.preInstantiateSingletons(DefaultListableBeanFactory.java:973)
	at org.springframework.context.support.AbstractApplicationContext.finishBeanFactoryInitialization(AbstractApplicationContext.java:950)
	at org.springframework.context.support.AbstractApplicationContext.refresh(AbstractApplicationContext.java:616)
	at org.springframework.boot.SpringApplication.refresh(SpringApplication.java:738)
	at org.springframework.boot.SpringApplication.refreshContext(SpringApplication.java:440)
	at org.springframework.boot.SpringApplication.run(SpringApplication.java:316)
	at org.springframework.boot.test.context.SpringBootContextLoader.lambda$loadContext$3(SpringBootContextLoader.java:137)
	at org.springframework.util.function.ThrowingSupplier.get(ThrowingSupplier.java:58)
	at org.springframework.util.function.ThrowingSupplier.get(ThrowingSupplier.java:46)
	at org.springframework.boot.SpringApplication.withHook(SpringApplication.java:1406)
	at org.springframework.boot.test.context.SpringBootContextLoader$ContextLoaderHook.run(SpringBootContextLoader.java:545)
	at org.springframework.boot.test.context.SpringBootContextLoader.loadContext(SpringBootContextLoader.java:137)
	at org.springframework.boot.test.context.SpringBootContextLoader.loadContext(SpringBootContextLoader.java:108)
	at org.springframework.test.context.cache.DefaultCacheAwareContextLoaderDelegate.loadContextInternal(DefaultCacheAwareContextLoaderDelegate.java:187)
	at org.springframework.test.context.cache.DefaultCacheAwareContextLoaderDelegate.loadContext(DefaultCacheAwareContextLoaderDelegate.java:119)
	at org.springframework.test.context.support.DefaultTestContext.getApplicationContext(DefaultTestContext.java:127)
	at org.springframework.test.context.web.ServletTestExecutionListener.setUpRequestContextIfNecessary(ServletTestExecutionListener.java:191)
	at org.springframework.test.context.web.ServletTestExecutionListener.prepareTestInstance(ServletTestExecutionListener.java:130)
	at org.springframework.test.context.TestContextManager.prepareTestInstance(TestContextManager.java:241)
	at org.springframework.test.context.junit.jupiter.SpringExtension.postProcessTestInstance(SpringExtension.java:138)
	at org.junit.jupiter.engine.descriptor.ClassBasedTestDescriptor.lambda$invokeTestInstancePostProcessors$10(ClassBasedTestDescriptor.java:377)
	at org.junit.jupiter.engine.descriptor.ClassBasedTestDescriptor.executeAndMaskThrowable(ClassBasedTestDescriptor.java:382)
	at org.junit.jupiter.engine.descriptor.ClassBasedTestDescriptor.lambda$invokeTestInstancePostProcessors$11(ClassBasedTestDescriptor.java:377)
	at java.base/java.util.stream.ReferencePipeline$3$1.accept(ReferencePipeline.java:197)
	at java.base/java.util.stream.ReferencePipeline$2$1.accept(ReferencePipeline.java:179)
	at java.base/java.util.ArrayList$ArrayListSpliterator.forEachRemaining(ArrayList.java:1625)
	at java.base/java.util.stream.AbstractPipeline.copyInto(AbstractPipeline.java:509)
	at java.base/java.util.stream.AbstractPipeline.wrapAndCopyInto(AbstractPipeline.java:499)
	at java.base/java.util.stream.StreamSpliterators$WrappingSpliterator.forEachRemaining(StreamSpliterators.java:310)
	at java.base/java.util.stream.Streams$ConcatSpliterator.forEachRemaining(Streams.java:735)
	at java.base/java.util.stream.Streams$ConcatSpliterator.forEachRemaining(Streams.java:734)
	at java.base/java.util.stream.ReferencePipeline$Head.forEach(ReferencePipeline.java:762)
	at org.junit.jupiter.engine.descriptor.ClassBasedTestDescriptor.invokeTestInstancePostProcessors(ClassBasedTestDescriptor.java:376)
	at org.junit.jupiter.engine.descriptor.ClassBasedTestDescriptor.lambda$instantiateAndPostProcessTestInstance$6(ClassBasedTestDescriptor.java:289)
	at org.junit.platform.engine.support.hierarchical.ThrowableCollector.execute(ThrowableCollector.java:73)
	at org.junit.jupiter.engine.descriptor.ClassBasedTestDescriptor.instantiateAndPostProcessTestInstance(ClassBasedTestDescriptor.java:288)
	at org.junit.jupiter.engine.descriptor.ClassBasedTestDescriptor.lambda$testInstancesProvider$4(ClassBasedTestDescriptor.java:278)
	at java.base/java.util.Optional.orElseGet(Optional.java:364)
	at org.junit.jupiter.engine.descriptor.ClassBasedTestDescriptor.lambda$testInstancesProvider$5(ClassBasedTestDescriptor.java:277)
	at org.junit.jupiter.engine.execution.TestInstancesProvider.getTestInstances(TestInstancesProvider.java:31)
	at org.junit.jupiter.engine.descriptor.TestMethodTestDescriptor.lambda$prepare$0(TestMethodTestDescriptor.java:105)
	at org.junit.platform.engine.support.hierarchical.ThrowableCollector.execute(ThrowableCollector.java:73)
	at org.junit.jupiter.engine.descriptor.TestMethodTestDescriptor.prepare(TestMethodTestDescriptor.java:104)
	at org.junit.jupiter.engine.descriptor.TestMethodTestDescriptor.prepare(TestMethodTestDescriptor.java:68)
	at org.junit.platform.engine.support.hierarchical.NodeTestTask.lambda$prepare$2(NodeTestTask.java:123)
	at org.junit.platform.engine.support.hierarchical.ThrowableCollector.execute(ThrowableCollector.java:73)
	at org.junit.platform.engine.support.hierarchical.NodeTestTask.prepare(NodeTestTask.java:123)
	at org.junit.platform.engine.support.hierarchical.NodeTestTask.execute(NodeTestTask.java:90)
	at java.base/java.util.ArrayList.forEach(ArrayList.java:1511)
	at org.junit.platform.engine.support.hierarchical.SameThreadHierarchicalTestExecutorService.invokeAll(SameThreadHierarchicalTestExecutorService.java:41)
	at org.junit.platform.engine.support.hierarchical.NodeTestTask.lambda$executeRecursively$6(NodeTestTask.java:155)
	at org.junit.platform.engine.support.hierarchical.ThrowableCollector.execute(ThrowableCollector.java:73)
	at org.junit.platform.engine.support.hierarchical.NodeTestTask.lambda$executeRecursively$8(NodeTestTask.java:141)
	at org.junit.platform.engine.support.hierarchical.Node.around(Node.java:137)
	at org.junit.platform.engine.support.hierarchical.NodeTestTask.lambda$executeRecursively$9(NodeTestTask.java:139)
	at org.junit.platform.engine.support.hierarchical.ThrowableCollector.execute(ThrowableCollector.java:73)
	at org.junit.platform.engine.support.hierarchical.NodeTestTask.executeRecursively(NodeTestTask.java:138)
	at org.junit.platform.engine.support.hierarchical.NodeTestTask.execute(NodeTestTask.java:95)
	at java.base/java.util.ArrayList.forEach(ArrayList.java:1511)
	at org.junit.platform.engine.support.hierarchical.SameThreadHierarchicalTestExecutorService.invokeAll(SameThreadHierarchicalTestExecutorService.java:41)
	at org.junit.platform.engine.support.hierarchical.NodeTestTask.lambda$executeRecursively$6(NodeTestTask.java:155)
	at org.junit.platform.engine.support.hierarchical.ThrowableCollector.execute(ThrowableCollector.java:73)
	at org.junit.platform.engine.support.hierarchical.NodeTestTask.lambda$executeRecursively$8(NodeTestTask.java:141)
	at org.junit.platform.engine.support.hierarchical.Node.around(Node.java:137)
	at org.junit.platform.engine.support.hierarchical.NodeTestTask.lambda$executeRecursively$9(NodeTestTask.java:139)
	at org.junit.platform.engine.support.hierarchical.ThrowableCollector.execute(ThrowableCollector.java:73)
	at org.junit.platform.engine.support.hierarchical.NodeTestTask.executeRecursively(NodeTestTask.java:138)
	at org.junit.platform.engine.support.hierarchical.NodeTestTask.execute(NodeTestTask.java:95)
	at org.junit.platform.engine.support.hierarchical.SameThreadHierarchicalTestExecutorService.submit(SameThreadHierarchicalTestExecutorService.java:35)
	at org.junit.platform.engine.support.hierarchical.HierarchicalTestExecutor.execute(HierarchicalTestExecutor.java:57)
	at org.junit.platform.engine.support.hierarchical.HierarchicalTestEngine.execute(HierarchicalTestEngine.java:54)
	at org.junit.platform.launcher.core.EngineExecutionOrchestrator.execute(EngineExecutionOrchestrator.java:147)
	at org.junit.platform.launcher.core.EngineExecutionOrchestrator.execute(EngineExecutionOrchestrator.java:127)
	at org.junit.platform.launcher.core.EngineExecutionOrchestrator.execute(EngineExecutionOrchestrator.java:90)
	at org.junit.platform.launcher.core.EngineExecutionOrchestrator.lambda$execute$0(EngineExecutionOrchestrator.java:55)
	at org.junit.platform.launcher.core.EngineExecutionOrchestrator.withInterceptedStreams(EngineExecutionOrchestrator.java:102)
	at org.junit.platform.launcher.core.EngineExecutionOrchestrator.execute(EngineExecutionOrchestrator.java:54)
	at org.junit.platform.launcher.core.DefaultLauncher.execute(DefaultLauncher.java:114)
	at org.junit.platform.launcher.core.DefaultLauncher.execute(DefaultLauncher.java:86)
	at org.junit.platform.launcher.core.DefaultLauncherSession$DelegatingLauncher.execute(DefaultLauncherSession.java:86)
	at org.apache.maven.surefire.junitplatform.LazyLauncher.execute(LazyLauncher.java:50)
	at org.apache.maven.surefire.junitplatform.JUnitPlatformProvider.execute(JUnitPlatformProvider.java:184)
	at org.apache.maven.surefire.junitplatform.JUnitPlatformProvider.invokeAllTests(JUnitPlatformProvider.java:148)
	at org.apache.maven.surefire.junitplatform.JUnitPlatformProvider.invoke(JUnitPlatformProvider.java:122)
	at org.apache.maven.surefire.booter.ForkedBooter.runSuitesInProcess(ForkedBooter.java:385)
	at org.apache.maven.surefire.booter.ForkedBooter.execute(ForkedBooter.java:162)
	at org.apache.maven.surefire.booter.ForkedBooter.run(ForkedBooter.java:507)
	at org.apache.maven.surefire.booter.ForkedBooter.main(ForkedBooter.java:495)
2023-11-24 12:36:42,235 TRACE o.h.i.SessionImpl [SessionImpl.java:402] Closing session [a2db6ac3-0be6-4f80-a686-0d22407cc7f8]
2023-11-24 12:36:42,235 TRACE o.h.e.j.i.JdbcCoordinatorImpl [JdbcCoordinatorImpl.java:152] Closing JDBC container [org.hibernate.engine.jdbc.internal.JdbcCoordinatorImpl@11651e84]
2023-11-24 12:36:42,235 TRACE o.h.r.j.i.ResourceRegistryStandardImpl [ResourceRegistryStandardImpl.java:329] Releasing JDBC resources
2023-11-24 12:36:42,235 TRACE o.h.r.j.i.LogicalConnectionManagedImpl [LogicalConnectionManagedImpl.java:256] Closing logical connection
2023-11-24 12:36:42,235 TRACE o.h.r.j.i.LogicalConnectionManagedImpl [LogicalConnectionManagedImpl.java:263] Logical connection closed
2023-11-24 12:36:42,236 TRACE o.h.i.SessionFactoryImpl$SessionBuilderImpl [SessionFactoryImpl.java:1298] Opening Hibernate Session.  tenant=null
2023-11-24 12:36:42,236 TRACE o.h.i.SessionImpl [SessionImpl.java:262] Opened Session [c5cfe030-3dbd-4390-8821-7480dad10a17] at timestamp: 1700825802236
2023-11-24 12:36:42,236 TRACE o.h.i.SessionImpl [SessionImpl.java:402] Closing session [c5cfe030-3dbd-4390-8821-7480dad10a17]
2023-11-24 12:36:42,237 TRACE o.h.e.j.i.JdbcCoordinatorImpl [JdbcCoordinatorImpl.java:152] Closing JDBC container [org.hibernate.engine.jdbc.internal.JdbcCoordinatorImpl@7faebeca]
2023-11-24 12:36:42,237 TRACE o.h.r.j.i.ResourceRegistryStandardImpl [ResourceRegistryStandardImpl.java:329] Releasing JDBC resources
2023-11-24 12:36:42,237 TRACE o.h.r.j.i.LogicalConnectionManagedImpl [LogicalConnectionManagedImpl.java:256] Closing logical connection
2023-11-24 12:36:42,237 TRACE o.h.r.j.i.LogicalConnectionManagedImpl [LogicalConnectionManagedImpl.java:263] Logical connection closed
2023-11-24 12:36:42,239 TRACE o.h.i.SessionFactoryImpl$SessionBuilderImpl [SessionFactoryImpl.java:1298] Opening Hibernate Session.  tenant=null
2023-11-24 12:36:42,239 TRACE o.h.i.SessionImpl [SessionImpl.java:262] Opened Session [0662904d-cb38-4fac-830c-d22ca57bb91a] at timestamp: 1700825802239
2023-11-24 12:36:42,240 DEBUG o.h.r.t.b.j.i.JdbcResourceLocalTransactionCoordinatorImpl [JdbcResourceLocalTransactionCoordinatorImpl.java:310] JDBC transaction marked for rollback-only (exception provided for stack trace)
java.lang.Exception: exception just for purpose of providing stack trace
	at org.hibernate.resource.transaction.backend.jdbc.internal.JdbcResourceLocalTransactionCoordinatorImpl$TransactionDriverControlImpl.markRollbackOnly(JdbcResourceLocalTransactionCoordinatorImpl.java:310)
	at org.hibernate.internal.AbstractSharedSessionContract.buildNamedQuery(AbstractSharedSessionContract.java:1021)
	at org.hibernate.internal.AbstractSharedSessionContract.createNamedQuery(AbstractSharedSessionContract.java:899)
	at org.hibernate.internal.AbstractSharedSessionContract.createNamedQuery(AbstractSharedSessionContract.java:120)
	at jdk.internal.reflect.GeneratedMethodAccessor47.invoke(Unknown Source)
	at java.base/jdk.internal.reflect.DelegatingMethodAccessorImpl.invoke(DelegatingMethodAccessorImpl.java:43)
	at java.base/java.lang.reflect.Method.invoke(Method.java:568)
	at org.springframework.orm.jpa.ExtendedEntityManagerCreator$ExtendedEntityManagerInvocationHandler.invoke(ExtendedEntityManagerCreator.java:360)
	at jdk.proxy2/jdk.proxy2.$Proxy191.createNamedQuery(Unknown Source)
	at org.springframework.data.jpa.repository.query.NamedQuery.hasNamedQuery(NamedQuery.java:113)
	at org.springframework.data.jpa.repository.query.NamedQuery.lookupFrom(NamedQuery.java:141)
	at org.springframework.data.jpa.repository.query.JpaQueryLookupStrategy$DeclaredQueryLookupStrategy.resolveQuery(JpaQueryLookupStrategy.java:180)
	at org.springframework.data.jpa.repository.query.JpaQueryLookupStrategy$CreateIfNotFoundQueryLookupStrategy.resolveQuery(JpaQueryLookupStrategy.java:252)
	at org.springframework.data.jpa.repository.query.JpaQueryLookupStrategy$AbstractQueryLookupStrategy.resolveQuery(JpaQueryLookupStrategy.java:95)
	at org.springframework.data.repository.core.support.QueryExecutorMethodInterceptor.lookupQuery(QueryExecutorMethodInterceptor.java:111)
	at org.springframework.data.repository.core.support.QueryExecutorMethodInterceptor.mapMethodsToQuery(QueryExecutorMethodInterceptor.java:99)
	at org.springframework.data.repository.core.support.QueryExecutorMethodInterceptor.lambda$new$0(QueryExecutorMethodInterceptor.java:88)
	at java.base/java.util.Optional.map(Optional.java:260)
	at org.springframework.data.repository.core.support.QueryExecutorMethodInterceptor.<init>(QueryExecutorMethodInterceptor.java:88)
	at org.springframework.data.repository.core.support.RepositoryFactorySupport.getRepository(RepositoryFactorySupport.java:357)
	at org.springframework.data.repository.core.support.RepositoryFactoryBeanSupport.lambda$afterPropertiesSet$5(RepositoryFactoryBeanSupport.java:279)
	at org.springframework.data.util.Lazy.getNullable(Lazy.java:245)
	at org.springframework.data.util.Lazy.get(Lazy.java:114)
	at org.springframework.data.repository.core.support.RepositoryFactoryBeanSupport.afterPropertiesSet(RepositoryFactoryBeanSupport.java:285)
	at org.springframework.data.jpa.repository.support.JpaRepositoryFactoryBean.afterPropertiesSet(JpaRepositoryFactoryBean.java:132)
	at org.springframework.beans.factory.support.AbstractAutowireCapableBeanFactory.invokeInitMethods(AbstractAutowireCapableBeanFactory.java:1817)
	at org.springframework.beans.factory.support.AbstractAutowireCapableBeanFactory.initializeBean(AbstractAutowireCapableBeanFactory.java:1766)
	at org.springframework.beans.factory.support.AbstractAutowireCapableBeanFactory.doCreateBean(AbstractAutowireCapableBeanFactory.java:598)
	at org.springframework.beans.factory.support.AbstractAutowireCapableBeanFactory.createBean(AbstractAutowireCapableBeanFactory.java:520)
	at org.springframework.beans.factory.support.AbstractBeanFactory.lambda$doGetBean$0(AbstractBeanFactory.java:325)
	at org.springframework.beans.factory.support.DefaultSingletonBeanRegistry.getSingleton(DefaultSingletonBeanRegistry.java:234)
	at org.springframework.beans.factory.support.AbstractBeanFactory.doGetBean(AbstractBeanFactory.java:323)
	at org.springframework.beans.factory.support.AbstractBeanFactory.getBean(AbstractBeanFactory.java:199)
	at org.springframework.beans.factory.config.DependencyDescriptor.resolveCandidate(DependencyDescriptor.java:254)
	at org.springframework.beans.factory.support.DefaultListableBeanFactory.doResolveDependency(DefaultListableBeanFactory.java:1417)
	at org.springframework.beans.factory.support.DefaultListableBeanFactory.resolveDependency(DefaultListableBeanFactory.java:1337)
	at org.springframework.beans.factory.annotation.AutowiredAnnotationBeanPostProcessor$AutowiredFieldElement.resolveFieldValue(AutowiredAnnotationBeanPostProcessor.java:764)
	at org.springframework.beans.factory.annotation.AutowiredAnnotationBeanPostProcessor$AutowiredFieldElement.inject(AutowiredAnnotationBeanPostProcessor.java:747)
	at org.springframework.beans.factory.annotation.InjectionMetadata.inject(InjectionMetadata.java:145)
	at org.springframework.beans.factory.annotation.AutowiredAnnotationBeanPostProcessor.postProcessProperties(AutowiredAnnotationBeanPostProcessor.java:492)
	at org.springframework.beans.factory.support.AbstractAutowireCapableBeanFactory.populateBean(AbstractAutowireCapableBeanFactory.java:1416)
	at org.springframework.beans.factory.support.AbstractAutowireCapableBeanFactory.doCreateBean(AbstractAutowireCapableBeanFactory.java:597)
	at org.springframework.beans.factory.support.AbstractAutowireCapableBeanFactory.createBean(AbstractAutowireCapableBeanFactory.java:520)
	at org.springframework.beans.factory.support.AbstractBeanFactory.lambda$doGetBean$0(AbstractBeanFactory.java:325)
	at org.springframework.beans.factory.support.DefaultSingletonBeanRegistry.getSingleton(DefaultSingletonBeanRegistry.java:234)
	at org.springframework.beans.factory.support.AbstractBeanFactory.doGetBean(AbstractBeanFactory.java:323)
	at org.springframework.beans.factory.support.AbstractBeanFactory.getBean(AbstractBeanFactory.java:199)
	at org.springframework.beans.factory.support.DefaultListableBeanFactory.preInstantiateSingletons(DefaultListableBeanFactory.java:973)
	at org.springframework.context.support.AbstractApplicationContext.finishBeanFactoryInitialization(AbstractApplicationContext.java:950)
	at org.springframework.context.support.AbstractApplicationContext.refresh(AbstractApplicationContext.java:616)
	at org.springframework.boot.SpringApplication.refresh(SpringApplication.java:738)
	at org.springframework.boot.SpringApplication.refreshContext(SpringApplication.java:440)
	at org.springframework.boot.SpringApplication.run(SpringApplication.java:316)
	at org.springframework.boot.test.context.SpringBootContextLoader.lambda$loadContext$3(SpringBootContextLoader.java:137)
	at org.springframework.util.function.ThrowingSupplier.get(ThrowingSupplier.java:58)
	at org.springframework.util.function.ThrowingSupplier.get(ThrowingSupplier.java:46)
	at org.springframework.boot.SpringApplication.withHook(SpringApplication.java:1406)
	at org.springframework.boot.test.context.SpringBootContextLoader$ContextLoaderHook.run(SpringBootContextLoader.java:545)
	at org.springframework.boot.test.context.SpringBootContextLoader.loadContext(SpringBootContextLoader.java:137)
	at org.springframework.boot.test.context.SpringBootContextLoader.loadContext(SpringBootContextLoader.java:108)
	at org.springframework.test.context.cache.DefaultCacheAwareContextLoaderDelegate.loadContextInternal(DefaultCacheAwareContextLoaderDelegate.java:187)
	at org.springframework.test.context.cache.DefaultCacheAwareContextLoaderDelegate.loadContext(DefaultCacheAwareContextLoaderDelegate.java:119)
	at org.springframework.test.context.support.DefaultTestContext.getApplicationContext(DefaultTestContext.java:127)
	at org.springframework.test.context.web.ServletTestExecutionListener.setUpRequestContextIfNecessary(ServletTestExecutionListener.java:191)
	at org.springframework.test.context.web.ServletTestExecutionListener.prepareTestInstance(ServletTestExecutionListener.java:130)
	at org.springframework.test.context.TestContextManager.prepareTestInstance(TestContextManager.java:241)
	at org.springframework.test.context.junit.jupiter.SpringExtension.postProcessTestInstance(SpringExtension.java:138)
	at org.junit.jupiter.engine.descriptor.ClassBasedTestDescriptor.lambda$invokeTestInstancePostProcessors$10(ClassBasedTestDescriptor.java:377)
	at org.junit.jupiter.engine.descriptor.ClassBasedTestDescriptor.executeAndMaskThrowable(ClassBasedTestDescriptor.java:382)
	at org.junit.jupiter.engine.descriptor.ClassBasedTestDescriptor.lambda$invokeTestInstancePostProcessors$11(ClassBasedTestDescriptor.java:377)
	at java.base/java.util.stream.ReferencePipeline$3$1.accept(ReferencePipeline.java:197)
	at java.base/java.util.stream.ReferencePipeline$2$1.accept(ReferencePipeline.java:179)
	at java.base/java.util.ArrayList$ArrayListSpliterator.forEachRemaining(ArrayList.java:1625)
	at java.base/java.util.stream.AbstractPipeline.copyInto(AbstractPipeline.java:509)
	at java.base/java.util.stream.AbstractPipeline.wrapAndCopyInto(AbstractPipeline.java:499)
	at java.base/java.util.stream.StreamSpliterators$WrappingSpliterator.forEachRemaining(StreamSpliterators.java:310)
	at java.base/java.util.stream.Streams$ConcatSpliterator.forEachRemaining(Streams.java:735)
	at java.base/java.util.stream.Streams$ConcatSpliterator.forEachRemaining(Streams.java:734)
	at java.base/java.util.stream.ReferencePipeline$Head.forEach(ReferencePipeline.java:762)
	at org.junit.jupiter.engine.descriptor.ClassBasedTestDescriptor.invokeTestInstancePostProcessors(ClassBasedTestDescriptor.java:376)
	at org.junit.jupiter.engine.descriptor.ClassBasedTestDescriptor.lambda$instantiateAndPostProcessTestInstance$6(ClassBasedTestDescriptor.java:289)
	at org.junit.platform.engine.support.hierarchical.ThrowableCollector.execute(ThrowableCollector.java:73)
	at org.junit.jupiter.engine.descriptor.ClassBasedTestDescriptor.instantiateAndPostProcessTestInstance(ClassBasedTestDescriptor.java:288)
	at org.junit.jupiter.engine.descriptor.ClassBasedTestDescriptor.lambda$testInstancesProvider$4(ClassBasedTestDescriptor.java:278)
	at java.base/java.util.Optional.orElseGet(Optional.java:364)
	at org.junit.jupiter.engine.descriptor.ClassBasedTestDescriptor.lambda$testInstancesProvider$5(ClassBasedTestDescriptor.java:277)
	at org.junit.jupiter.engine.execution.TestInstancesProvider.getTestInstances(TestInstancesProvider.java:31)
	at org.junit.jupiter.engine.descriptor.TestMethodTestDescriptor.lambda$prepare$0(TestMethodTestDescriptor.java:105)
	at org.junit.platform.engine.support.hierarchical.ThrowableCollector.execute(ThrowableCollector.java:73)
	at org.junit.jupiter.engine.descriptor.TestMethodTestDescriptor.prepare(TestMethodTestDescriptor.java:104)
	at org.junit.jupiter.engine.descriptor.TestMethodTestDescriptor.prepare(TestMethodTestDescriptor.java:68)
	at org.junit.platform.engine.support.hierarchical.NodeTestTask.lambda$prepare$2(NodeTestTask.java:123)
	at org.junit.platform.engine.support.hierarchical.ThrowableCollector.execute(ThrowableCollector.java:73)
	at org.junit.platform.engine.support.hierarchical.NodeTestTask.prepare(NodeTestTask.java:123)
	at org.junit.platform.engine.support.hierarchical.NodeTestTask.execute(NodeTestTask.java:90)
	at java.base/java.util.ArrayList.forEach(ArrayList.java:1511)
	at org.junit.platform.engine.support.hierarchical.SameThreadHierarchicalTestExecutorService.invokeAll(SameThreadHierarchicalTestExecutorService.java:41)
	at org.junit.platform.engine.support.hierarchical.NodeTestTask.lambda$executeRecursively$6(NodeTestTask.java:155)
	at org.junit.platform.engine.support.hierarchical.ThrowableCollector.execute(ThrowableCollector.java:73)
	at org.junit.platform.engine.support.hierarchical.NodeTestTask.lambda$executeRecursively$8(NodeTestTask.java:141)
	at org.junit.platform.engine.support.hierarchical.Node.around(Node.java:137)
	at org.junit.platform.engine.support.hierarchical.NodeTestTask.lambda$executeRecursively$9(NodeTestTask.java:139)
	at org.junit.platform.engine.support.hierarchical.ThrowableCollector.execute(ThrowableCollector.java:73)
	at org.junit.platform.engine.support.hierarchical.NodeTestTask.executeRecursively(NodeTestTask.java:138)
	at org.junit.platform.engine.support.hierarchical.NodeTestTask.execute(NodeTestTask.java:95)
	at java.base/java.util.ArrayList.forEach(ArrayList.java:1511)
	at org.junit.platform.engine.support.hierarchical.SameThreadHierarchicalTestExecutorService.invokeAll(SameThreadHierarchicalTestExecutorService.java:41)
	at org.junit.platform.engine.support.hierarchical.NodeTestTask.lambda$executeRecursively$6(NodeTestTask.java:155)
	at org.junit.platform.engine.support.hierarchical.ThrowableCollector.execute(ThrowableCollector.java:73)
	at org.junit.platform.engine.support.hierarchical.NodeTestTask.lambda$executeRecursively$8(NodeTestTask.java:141)
	at org.junit.platform.engine.support.hierarchical.Node.around(Node.java:137)
	at org.junit.platform.engine.support.hierarchical.NodeTestTask.lambda$executeRecursively$9(NodeTestTask.java:139)
	at org.junit.platform.engine.support.hierarchical.ThrowableCollector.execute(ThrowableCollector.java:73)
	at org.junit.platform.engine.support.hierarchical.NodeTestTask.executeRecursively(NodeTestTask.java:138)
	at org.junit.platform.engine.support.hierarchical.NodeTestTask.execute(NodeTestTask.java:95)
	at org.junit.platform.engine.support.hierarchical.SameThreadHierarchicalTestExecutorService.submit(SameThreadHierarchicalTestExecutorService.java:35)
	at org.junit.platform.engine.support.hierarchical.HierarchicalTestExecutor.execute(HierarchicalTestExecutor.java:57)
	at org.junit.platform.engine.support.hierarchical.HierarchicalTestEngine.execute(HierarchicalTestEngine.java:54)
	at org.junit.platform.launcher.core.EngineExecutionOrchestrator.execute(EngineExecutionOrchestrator.java:147)
	at org.junit.platform.launcher.core.EngineExecutionOrchestrator.execute(EngineExecutionOrchestrator.java:127)
	at org.junit.platform.launcher.core.EngineExecutionOrchestrator.execute(EngineExecutionOrchestrator.java:90)
	at org.junit.platform.launcher.core.EngineExecutionOrchestrator.lambda$execute$0(EngineExecutionOrchestrator.java:55)
	at org.junit.platform.launcher.core.EngineExecutionOrchestrator.withInterceptedStreams(EngineExecutionOrchestrator.java:102)
	at org.junit.platform.launcher.core.EngineExecutionOrchestrator.execute(EngineExecutionOrchestrator.java:54)
	at org.junit.platform.launcher.core.DefaultLauncher.execute(DefaultLauncher.java:114)
	at org.junit.platform.launcher.core.DefaultLauncher.execute(DefaultLauncher.java:86)
	at org.junit.platform.launcher.core.DefaultLauncherSession$DelegatingLauncher.execute(DefaultLauncherSession.java:86)
	at org.apache.maven.surefire.junitplatform.LazyLauncher.execute(LazyLauncher.java:50)
	at org.apache.maven.surefire.junitplatform.JUnitPlatformProvider.execute(JUnitPlatformProvider.java:184)
	at org.apache.maven.surefire.junitplatform.JUnitPlatformProvider.invokeAllTests(JUnitPlatformProvider.java:148)
	at org.apache.maven.surefire.junitplatform.JUnitPlatformProvider.invoke(JUnitPlatformProvider.java:122)
	at org.apache.maven.surefire.booter.ForkedBooter.runSuitesInProcess(ForkedBooter.java:385)
	at org.apache.maven.surefire.booter.ForkedBooter.execute(ForkedBooter.java:162)
	at org.apache.maven.surefire.booter.ForkedBooter.run(ForkedBooter.java:507)
	at org.apache.maven.surefire.booter.ForkedBooter.main(ForkedBooter.java:495)
2023-11-24 12:36:42,240 TRACE o.h.i.SessionImpl [SessionImpl.java:402] Closing session [0662904d-cb38-4fac-830c-d22ca57bb91a]
2023-11-24 12:36:42,241 TRACE o.h.e.j.i.JdbcCoordinatorImpl [JdbcCoordinatorImpl.java:152] Closing JDBC container [org.hibernate.engine.jdbc.internal.JdbcCoordinatorImpl@3dcb08fc]
2023-11-24 12:36:42,241 TRACE o.h.r.j.i.ResourceRegistryStandardImpl [ResourceRegistryStandardImpl.java:329] Releasing JDBC resources
2023-11-24 12:36:42,241 TRACE o.h.r.j.i.LogicalConnectionManagedImpl [LogicalConnectionManagedImpl.java:256] Closing logical connection
2023-11-24 12:36:42,241 TRACE o.h.r.j.i.LogicalConnectionManagedImpl [LogicalConnectionManagedImpl.java:263] Logical connection closed
2023-11-24 12:36:42,242 TRACE o.h.i.SessionFactoryImpl$SessionBuilderImpl [SessionFactoryImpl.java:1298] Opening Hibernate Session.  tenant=null
2023-11-24 12:36:42,242 TRACE o.h.i.SessionImpl [SessionImpl.java:262] Opened Session [66bfd92f-efbe-4536-abdf-1dacc475cc9b] at timestamp: 1700825802242
2023-11-24 12:36:42,242 TRACE o.h.i.SessionImpl [SessionImpl.java:402] Closing session [66bfd92f-efbe-4536-abdf-1dacc475cc9b]
2023-11-24 12:36:42,243 TRACE o.h.e.j.i.JdbcCoordinatorImpl [JdbcCoordinatorImpl.java:152] Closing JDBC container [org.hibernate.engine.jdbc.internal.JdbcCoordinatorImpl@463a0ff]
2023-11-24 12:36:42,243 TRACE o.h.r.j.i.ResourceRegistryStandardImpl [ResourceRegistryStandardImpl.java:329] Releasing JDBC resources
2023-11-24 12:36:42,243 TRACE o.h.r.j.i.LogicalConnectionManagedImpl [LogicalConnectionManagedImpl.java:256] Closing logical connection
2023-11-24 12:36:42,243 TRACE o.h.r.j.i.LogicalConnectionManagedImpl [LogicalConnectionManagedImpl.java:263] Logical connection closed
2023-11-24 12:36:42,253 TRACE o.h.i.SessionFactoryImpl$SessionBuilderImpl [SessionFactoryImpl.java:1298] Opening Hibernate Session.  tenant=null
2023-11-24 12:36:42,254 TRACE o.h.i.SessionImpl [SessionImpl.java:262] Opened Session [7d32e6fe-22d6-426a-ab92-b9459d7ab4a8] at timestamp: 1700825802254
2023-11-24 12:36:42,254 TRACE o.h.i.SessionImpl [SessionImpl.java:402] Closing session [7d32e6fe-22d6-426a-ab92-b9459d7ab4a8]
2023-11-24 12:36:42,254 TRACE o.h.e.j.i.JdbcCoordinatorImpl [JdbcCoordinatorImpl.java:152] Closing JDBC container [org.hibernate.engine.jdbc.internal.JdbcCoordinatorImpl@3c2352ec]
2023-11-24 12:36:42,255 TRACE o.h.r.j.i.ResourceRegistryStandardImpl [ResourceRegistryStandardImpl.java:329] Releasing JDBC resources
2023-11-24 12:36:42,255 TRACE o.h.r.j.i.LogicalConnectionManagedImpl [LogicalConnectionManagedImpl.java:256] Closing logical connection
2023-11-24 12:36:42,255 TRACE o.h.r.j.i.LogicalConnectionManagedImpl [LogicalConnectionManagedImpl.java:263] Logical connection closed
2023-11-24 12:36:42,260 TRACE o.h.i.SessionFactoryImpl$SessionBuilderImpl [SessionFactoryImpl.java:1298] Opening Hibernate Session.  tenant=null
2023-11-24 12:36:42,260 TRACE o.h.i.SessionImpl [SessionImpl.java:262] Opened Session [f2e61992-a624-4cc9-a5ef-f548ea26b95d] at timestamp: 1700825802260
2023-11-24 12:36:42,260 TRACE o.h.i.SessionImpl [SessionImpl.java:402] Closing session [f2e61992-a624-4cc9-a5ef-f548ea26b95d]
2023-11-24 12:36:42,261 TRACE o.h.e.j.i.JdbcCoordinatorImpl [JdbcCoordinatorImpl.java:152] Closing JDBC container [org.hibernate.engine.jdbc.internal.JdbcCoordinatorImpl@4473485b]
2023-11-24 12:36:42,261 TRACE o.h.r.j.i.ResourceRegistryStandardImpl [ResourceRegistryStandardImpl.java:329] Releasing JDBC resources
2023-11-24 12:36:42,261 TRACE o.h.r.j.i.LogicalConnectionManagedImpl [LogicalConnectionManagedImpl.java:256] Closing logical connection
2023-11-24 12:36:42,261 TRACE o.h.r.j.i.LogicalConnectionManagedImpl [LogicalConnectionManagedImpl.java:263] Logical connection closed
2023-11-24 12:36:42,288 TRACE o.h.i.SessionFactoryImpl$SessionBuilderImpl [SessionFactoryImpl.java:1298] Opening Hibernate Session.  tenant=null
2023-11-24 12:36:42,288 TRACE o.h.i.SessionImpl [SessionImpl.java:262] Opened Session [4d5c686f-722a-41f8-897d-f15630aefa98] at timestamp: 1700825802288
2023-11-24 12:36:42,289 DEBUG o.h.r.t.b.j.i.JdbcResourceLocalTransactionCoordinatorImpl [JdbcResourceLocalTransactionCoordinatorImpl.java:310] JDBC transaction marked for rollback-only (exception provided for stack trace)
java.lang.Exception: exception just for purpose of providing stack trace
	at org.hibernate.resource.transaction.backend.jdbc.internal.JdbcResourceLocalTransactionCoordinatorImpl$TransactionDriverControlImpl.markRollbackOnly(JdbcResourceLocalTransactionCoordinatorImpl.java:310)
	at org.hibernate.internal.AbstractSharedSessionContract.buildNamedQuery(AbstractSharedSessionContract.java:1021)
	at org.hibernate.internal.AbstractSharedSessionContract.createNamedQuery(AbstractSharedSessionContract.java:899)
	at org.hibernate.internal.AbstractSharedSessionContract.createNamedQuery(AbstractSharedSessionContract.java:120)
	at jdk.internal.reflect.GeneratedMethodAccessor47.invoke(Unknown Source)
	at java.base/jdk.internal.reflect.DelegatingMethodAccessorImpl.invoke(DelegatingMethodAccessorImpl.java:43)
	at java.base/java.lang.reflect.Method.invoke(Method.java:568)
	at org.springframework.orm.jpa.ExtendedEntityManagerCreator$ExtendedEntityManagerInvocationHandler.invoke(ExtendedEntityManagerCreator.java:360)
	at jdk.proxy2/jdk.proxy2.$Proxy191.createNamedQuery(Unknown Source)
	at org.springframework.data.jpa.repository.query.NamedQuery.hasNamedQuery(NamedQuery.java:113)
	at org.springframework.data.jpa.repository.query.NamedQuery.lookupFrom(NamedQuery.java:141)
	at org.springframework.data.jpa.repository.query.JpaQueryLookupStrategy$DeclaredQueryLookupStrategy.resolveQuery(JpaQueryLookupStrategy.java:180)
	at org.springframework.data.jpa.repository.query.JpaQueryLookupStrategy$CreateIfNotFoundQueryLookupStrategy.resolveQuery(JpaQueryLookupStrategy.java:252)
	at org.springframework.data.jpa.repository.query.JpaQueryLookupStrategy$AbstractQueryLookupStrategy.resolveQuery(JpaQueryLookupStrategy.java:95)
	at org.springframework.data.repository.core.support.QueryExecutorMethodInterceptor.lookupQuery(QueryExecutorMethodInterceptor.java:111)
	at org.springframework.data.repository.core.support.QueryExecutorMethodInterceptor.mapMethodsToQuery(QueryExecutorMethodInterceptor.java:99)
	at org.springframework.data.repository.core.support.QueryExecutorMethodInterceptor.lambda$new$0(QueryExecutorMethodInterceptor.java:88)
	at java.base/java.util.Optional.map(Optional.java:260)
	at org.springframework.data.repository.core.support.QueryExecutorMethodInterceptor.<init>(QueryExecutorMethodInterceptor.java:88)
	at org.springframework.data.repository.core.support.RepositoryFactorySupport.getRepository(RepositoryFactorySupport.java:357)
	at org.springframework.data.repository.core.support.RepositoryFactoryBeanSupport.lambda$afterPropertiesSet$5(RepositoryFactoryBeanSupport.java:279)
	at org.springframework.data.util.Lazy.getNullable(Lazy.java:245)
	at org.springframework.data.util.Lazy.get(Lazy.java:114)
	at org.springframework.data.repository.core.support.RepositoryFactoryBeanSupport.afterPropertiesSet(RepositoryFactoryBeanSupport.java:285)
	at org.springframework.data.jpa.repository.support.JpaRepositoryFactoryBean.afterPropertiesSet(JpaRepositoryFactoryBean.java:132)
	at org.springframework.beans.factory.support.AbstractAutowireCapableBeanFactory.invokeInitMethods(AbstractAutowireCapableBeanFactory.java:1817)
	at org.springframework.beans.factory.support.AbstractAutowireCapableBeanFactory.initializeBean(AbstractAutowireCapableBeanFactory.java:1766)
	at org.springframework.beans.factory.support.AbstractAutowireCapableBeanFactory.doCreateBean(AbstractAutowireCapableBeanFactory.java:598)
	at org.springframework.beans.factory.support.AbstractAutowireCapableBeanFactory.createBean(AbstractAutowireCapableBeanFactory.java:520)
	at org.springframework.beans.factory.support.AbstractBeanFactory.lambda$doGetBean$0(AbstractBeanFactory.java:325)
	at org.springframework.beans.factory.support.DefaultSingletonBeanRegistry.getSingleton(DefaultSingletonBeanRegistry.java:234)
	at org.springframework.beans.factory.support.AbstractBeanFactory.doGetBean(AbstractBeanFactory.java:323)
	at org.springframework.beans.factory.support.AbstractBeanFactory.getBean(AbstractBeanFactory.java:199)
	at org.springframework.beans.factory.config.DependencyDescriptor.resolveCandidate(DependencyDescriptor.java:254)
	at org.springframework.beans.factory.support.DefaultListableBeanFactory.doResolveDependency(DefaultListableBeanFactory.java:1417)
	at org.springframework.beans.factory.support.DefaultListableBeanFactory.resolveDependency(DefaultListableBeanFactory.java:1337)
	at org.springframework.beans.factory.annotation.AutowiredAnnotationBeanPostProcessor$AutowiredFieldElement.resolveFieldValue(AutowiredAnnotationBeanPostProcessor.java:764)
	at org.springframework.beans.factory.annotation.AutowiredAnnotationBeanPostProcessor$AutowiredFieldElement.inject(AutowiredAnnotationBeanPostProcessor.java:747)
	at org.springframework.beans.factory.annotation.InjectionMetadata.inject(InjectionMetadata.java:145)
	at org.springframework.beans.factory.annotation.AutowiredAnnotationBeanPostProcessor.postProcessProperties(AutowiredAnnotationBeanPostProcessor.java:492)
	at org.springframework.beans.factory.support.AbstractAutowireCapableBeanFactory.populateBean(AbstractAutowireCapableBeanFactory.java:1416)
	at org.springframework.beans.factory.support.AbstractAutowireCapableBeanFactory.doCreateBean(AbstractAutowireCapableBeanFactory.java:597)
	at org.springframework.beans.factory.support.AbstractAutowireCapableBeanFactory.createBean(AbstractAutowireCapableBeanFactory.java:520)
	at org.springframework.beans.factory.support.AbstractBeanFactory.lambda$doGetBean$0(AbstractBeanFactory.java:325)
	at org.springframework.beans.factory.support.DefaultSingletonBeanRegistry.getSingleton(DefaultSingletonBeanRegistry.java:234)
	at org.springframework.beans.factory.support.AbstractBeanFactory.doGetBean(AbstractBeanFactory.java:323)
	at org.springframework.beans.factory.support.AbstractBeanFactory.getBean(AbstractBeanFactory.java:199)
	at org.springframework.beans.factory.config.DependencyDescriptor.resolveCandidate(DependencyDescriptor.java:254)
	at org.springframework.beans.factory.support.DefaultListableBeanFactory.doResolveDependency(DefaultListableBeanFactory.java:1417)
	at org.springframework.beans.factory.support.DefaultListableBeanFactory.resolveDependency(DefaultListableBeanFactory.java:1337)
	at org.springframework.beans.factory.annotation.AutowiredAnnotationBeanPostProcessor$AutowiredFieldElement.resolveFieldValue(AutowiredAnnotationBeanPostProcessor.java:764)
	at org.springframework.beans.factory.annotation.AutowiredAnnotationBeanPostProcessor$AutowiredFieldElement.inject(AutowiredAnnotationBeanPostProcessor.java:747)
	at org.springframework.beans.factory.annotation.InjectionMetadata.inject(InjectionMetadata.java:145)
	at org.springframework.beans.factory.annotation.AutowiredAnnotationBeanPostProcessor.postProcessProperties(AutowiredAnnotationBeanPostProcessor.java:492)
	at org.springframework.beans.factory.support.AbstractAutowireCapableBeanFactory.populateBean(AbstractAutowireCapableBeanFactory.java:1416)
	at org.springframework.beans.factory.support.AbstractAutowireCapableBeanFactory.doCreateBean(AbstractAutowireCapableBeanFactory.java:597)
	at org.springframework.beans.factory.support.AbstractAutowireCapableBeanFactory.createBean(AbstractAutowireCapableBeanFactory.java:520)
	at org.springframework.beans.factory.support.AbstractBeanFactory.lambda$doGetBean$0(AbstractBeanFactory.java:325)
	at org.springframework.beans.factory.support.DefaultSingletonBeanRegistry.getSingleton(DefaultSingletonBeanRegistry.java:234)
	at org.springframework.beans.factory.support.AbstractBeanFactory.doGetBean(AbstractBeanFactory.java:323)
	at org.springframework.beans.factory.support.AbstractBeanFactory.getBean(AbstractBeanFactory.java:199)
	at org.springframework.beans.factory.support.DefaultListableBeanFactory.preInstantiateSingletons(DefaultListableBeanFactory.java:973)
	at org.springframework.context.support.AbstractApplicationContext.finishBeanFactoryInitialization(AbstractApplicationContext.java:950)
	at org.springframework.context.support.AbstractApplicationContext.refresh(AbstractApplicationContext.java:616)
	at org.springframework.boot.SpringApplication.refresh(SpringApplication.java:738)
	at org.springframework.boot.SpringApplication.refreshContext(SpringApplication.java:440)
	at org.springframework.boot.SpringApplication.run(SpringApplication.java:316)
	at org.springframework.boot.test.context.SpringBootContextLoader.lambda$loadContext$3(SpringBootContextLoader.java:137)
	at org.springframework.util.function.ThrowingSupplier.get(ThrowingSupplier.java:58)
	at org.springframework.util.function.ThrowingSupplier.get(ThrowingSupplier.java:46)
	at org.springframework.boot.SpringApplication.withHook(SpringApplication.java:1406)
	at org.springframework.boot.test.context.SpringBootContextLoader$ContextLoaderHook.run(SpringBootContextLoader.java:545)
	at org.springframework.boot.test.context.SpringBootContextLoader.loadContext(SpringBootContextLoader.java:137)
	at org.springframework.boot.test.context.SpringBootContextLoader.loadContext(SpringBootContextLoader.java:108)
	at org.springframework.test.context.cache.DefaultCacheAwareContextLoaderDelegate.loadContextInternal(DefaultCacheAwareContextLoaderDelegate.java:187)
	at org.springframework.test.context.cache.DefaultCacheAwareContextLoaderDelegate.loadContext(DefaultCacheAwareContextLoaderDelegate.java:119)
	at org.springframework.test.context.support.DefaultTestContext.getApplicationContext(DefaultTestContext.java:127)
	at org.springframework.test.context.web.ServletTestExecutionListener.setUpRequestContextIfNecessary(ServletTestExecutionListener.java:191)
	at org.springframework.test.context.web.ServletTestExecutionListener.prepareTestInstance(ServletTestExecutionListener.java:130)
	at org.springframework.test.context.TestContextManager.prepareTestInstance(TestContextManager.java:241)
	at org.springframework.test.context.junit.jupiter.SpringExtension.postProcessTestInstance(SpringExtension.java:138)
	at org.junit.jupiter.engine.descriptor.ClassBasedTestDescriptor.lambda$invokeTestInstancePostProcessors$10(ClassBasedTestDescriptor.java:377)
	at org.junit.jupiter.engine.descriptor.ClassBasedTestDescriptor.executeAndMaskThrowable(ClassBasedTestDescriptor.java:382)
	at org.junit.jupiter.engine.descriptor.ClassBasedTestDescriptor.lambda$invokeTestInstancePostProcessors$11(ClassBasedTestDescriptor.java:377)
	at java.base/java.util.stream.ReferencePipeline$3$1.accept(ReferencePipeline.java:197)
	at java.base/java.util.stream.ReferencePipeline$2$1.accept(ReferencePipeline.java:179)
	at java.base/java.util.ArrayList$ArrayListSpliterator.forEachRemaining(ArrayList.java:1625)
	at java.base/java.util.stream.AbstractPipeline.copyInto(AbstractPipeline.java:509)
	at java.base/java.util.stream.AbstractPipeline.wrapAndCopyInto(AbstractPipeline.java:499)
	at java.base/java.util.stream.StreamSpliterators$WrappingSpliterator.forEachRemaining(StreamSpliterators.java:310)
	at java.base/java.util.stream.Streams$ConcatSpliterator.forEachRemaining(Streams.java:735)
	at java.base/java.util.stream.Streams$ConcatSpliterator.forEachRemaining(Streams.java:734)
	at java.base/java.util.stream.ReferencePipeline$Head.forEach(ReferencePipeline.java:762)
	at org.junit.jupiter.engine.descriptor.ClassBasedTestDescriptor.invokeTestInstancePostProcessors(ClassBasedTestDescriptor.java:376)
	at org.junit.jupiter.engine.descriptor.ClassBasedTestDescriptor.lambda$instantiateAndPostProcessTestInstance$6(ClassBasedTestDescriptor.java:289)
	at org.junit.platform.engine.support.hierarchical.ThrowableCollector.execute(ThrowableCollector.java:73)
	at org.junit.jupiter.engine.descriptor.ClassBasedTestDescriptor.instantiateAndPostProcessTestInstance(ClassBasedTestDescriptor.java:288)
	at org.junit.jupiter.engine.descriptor.ClassBasedTestDescriptor.lambda$testInstancesProvider$4(ClassBasedTestDescriptor.java:278)
	at java.base/java.util.Optional.orElseGet(Optional.java:364)
	at org.junit.jupiter.engine.descriptor.ClassBasedTestDescriptor.lambda$testInstancesProvider$5(ClassBasedTestDescriptor.java:277)
	at org.junit.jupiter.engine.execution.TestInstancesProvider.getTestInstances(TestInstancesProvider.java:31)
	at org.junit.jupiter.engine.descriptor.TestMethodTestDescriptor.lambda$prepare$0(TestMethodTestDescriptor.java:105)
	at org.junit.platform.engine.support.hierarchical.ThrowableCollector.execute(ThrowableCollector.java:73)
	at org.junit.jupiter.engine.descriptor.TestMethodTestDescriptor.prepare(TestMethodTestDescriptor.java:104)
	at org.junit.jupiter.engine.descriptor.TestMethodTestDescriptor.prepare(TestMethodTestDescriptor.java:68)
	at org.junit.platform.engine.support.hierarchical.NodeTestTask.lambda$prepare$2(NodeTestTask.java:123)
	at org.junit.platform.engine.support.hierarchical.ThrowableCollector.execute(ThrowableCollector.java:73)
	at org.junit.platform.engine.support.hierarchical.NodeTestTask.prepare(NodeTestTask.java:123)
	at org.junit.platform.engine.support.hierarchical.NodeTestTask.execute(NodeTestTask.java:90)
	at java.base/java.util.ArrayList.forEach(ArrayList.java:1511)
	at org.junit.platform.engine.support.hierarchical.SameThreadHierarchicalTestExecutorService.invokeAll(SameThreadHierarchicalTestExecutorService.java:41)
	at org.junit.platform.engine.support.hierarchical.NodeTestTask.lambda$executeRecursively$6(NodeTestTask.java:155)
	at org.junit.platform.engine.support.hierarchical.ThrowableCollector.execute(ThrowableCollector.java:73)
	at org.junit.platform.engine.support.hierarchical.NodeTestTask.lambda$executeRecursively$8(NodeTestTask.java:141)
	at org.junit.platform.engine.support.hierarchical.Node.around(Node.java:137)
	at org.junit.platform.engine.support.hierarchical.NodeTestTask.lambda$executeRecursively$9(NodeTestTask.java:139)
	at org.junit.platform.engine.support.hierarchical.ThrowableCollector.execute(ThrowableCollector.java:73)
	at org.junit.platform.engine.support.hierarchical.NodeTestTask.executeRecursively(NodeTestTask.java:138)
	at org.junit.platform.engine.support.hierarchical.NodeTestTask.execute(NodeTestTask.java:95)
	at java.base/java.util.ArrayList.forEach(ArrayList.java:1511)
	at org.junit.platform.engine.support.hierarchical.SameThreadHierarchicalTestExecutorService.invokeAll(SameThreadHierarchicalTestExecutorService.java:41)
	at org.junit.platform.engine.support.hierarchical.NodeTestTask.lambda$executeRecursively$6(NodeTestTask.java:155)
	at org.junit.platform.engine.support.hierarchical.ThrowableCollector.execute(ThrowableCollector.java:73)
	at org.junit.platform.engine.support.hierarchical.NodeTestTask.lambda$executeRecursively$8(NodeTestTask.java:141)
	at org.junit.platform.engine.support.hierarchical.Node.around(Node.java:137)
	at org.junit.platform.engine.support.hierarchical.NodeTestTask.lambda$executeRecursively$9(NodeTestTask.java:139)
	at org.junit.platform.engine.support.hierarchical.ThrowableCollector.execute(ThrowableCollector.java:73)
	at org.junit.platform.engine.support.hierarchical.NodeTestTask.executeRecursively(NodeTestTask.java:138)
	at org.junit.platform.engine.support.hierarchical.NodeTestTask.execute(NodeTestTask.java:95)
	at org.junit.platform.engine.support.hierarchical.SameThreadHierarchicalTestExecutorService.submit(SameThreadHierarchicalTestExecutorService.java:35)
	at org.junit.platform.engine.support.hierarchical.HierarchicalTestExecutor.execute(HierarchicalTestExecutor.java:57)
	at org.junit.platform.engine.support.hierarchical.HierarchicalTestEngine.execute(HierarchicalTestEngine.java:54)
	at org.junit.platform.launcher.core.EngineExecutionOrchestrator.execute(EngineExecutionOrchestrator.java:147)
	at org.junit.platform.launcher.core.EngineExecutionOrchestrator.execute(EngineExecutionOrchestrator.java:127)
	at org.junit.platform.launcher.core.EngineExecutionOrchestrator.execute(EngineExecutionOrchestrator.java:90)
	at org.junit.platform.launcher.core.EngineExecutionOrchestrator.lambda$execute$0(EngineExecutionOrchestrator.java:55)
	at org.junit.platform.launcher.core.EngineExecutionOrchestrator.withInterceptedStreams(EngineExecutionOrchestrator.java:102)
	at org.junit.platform.launcher.core.EngineExecutionOrchestrator.execute(EngineExecutionOrchestrator.java:54)
	at org.junit.platform.launcher.core.DefaultLauncher.execute(DefaultLauncher.java:114)
	at org.junit.platform.launcher.core.DefaultLauncher.execute(DefaultLauncher.java:86)
	at org.junit.platform.launcher.core.DefaultLauncherSession$DelegatingLauncher.execute(DefaultLauncherSession.java:86)
	at org.apache.maven.surefire.junitplatform.LazyLauncher.execute(LazyLauncher.java:50)
	at org.apache.maven.surefire.junitplatform.JUnitPlatformProvider.execute(JUnitPlatformProvider.java:184)
	at org.apache.maven.surefire.junitplatform.JUnitPlatformProvider.invokeAllTests(JUnitPlatformProvider.java:148)
	at org.apache.maven.surefire.junitplatform.JUnitPlatformProvider.invoke(JUnitPlatformProvider.java:122)
	at org.apache.maven.surefire.booter.ForkedBooter.runSuitesInProcess(ForkedBooter.java:385)
	at org.apache.maven.surefire.booter.ForkedBooter.execute(ForkedBooter.java:162)
	at org.apache.maven.surefire.booter.ForkedBooter.run(ForkedBooter.java:507)
	at org.apache.maven.surefire.booter.ForkedBooter.main(ForkedBooter.java:495)
2023-11-24 12:36:42,289 TRACE o.h.i.SessionImpl [SessionImpl.java:402] Closing session [4d5c686f-722a-41f8-897d-f15630aefa98]
2023-11-24 12:36:42,290 TRACE o.h.e.j.i.JdbcCoordinatorImpl [JdbcCoordinatorImpl.java:152] Closing JDBC container [org.hibernate.engine.jdbc.internal.JdbcCoordinatorImpl@65ee91db]
2023-11-24 12:36:42,290 TRACE o.h.r.j.i.ResourceRegistryStandardImpl [ResourceRegistryStandardImpl.java:329] Releasing JDBC resources
2023-11-24 12:36:42,290 TRACE o.h.r.j.i.LogicalConnectionManagedImpl [LogicalConnectionManagedImpl.java:256] Closing logical connection
2023-11-24 12:36:42,290 TRACE o.h.r.j.i.LogicalConnectionManagedImpl [LogicalConnectionManagedImpl.java:263] Logical connection closed
2023-11-24 12:36:42,290 TRACE o.h.i.SessionFactoryImpl$SessionBuilderImpl [SessionFactoryImpl.java:1298] Opening Hibernate Session.  tenant=null
2023-11-24 12:36:42,290 TRACE o.h.i.SessionImpl [SessionImpl.java:262] Opened Session [098b501c-5873-41db-9319-b156dec7d853] at timestamp: 1700825802290
2023-11-24 12:36:42,291 TRACE o.h.i.SessionImpl [SessionImpl.java:402] Closing session [098b501c-5873-41db-9319-b156dec7d853]
2023-11-24 12:36:42,291 TRACE o.h.e.j.i.JdbcCoordinatorImpl [JdbcCoordinatorImpl.java:152] Closing JDBC container [org.hibernate.engine.jdbc.internal.JdbcCoordinatorImpl@3b812cad]
2023-11-24 12:36:42,291 TRACE o.h.r.j.i.ResourceRegistryStandardImpl [ResourceRegistryStandardImpl.java:329] Releasing JDBC resources
2023-11-24 12:36:42,291 TRACE o.h.r.j.i.LogicalConnectionManagedImpl [LogicalConnectionManagedImpl.java:256] Closing logical connection
2023-11-24 12:36:42,291 TRACE o.h.r.j.i.LogicalConnectionManagedImpl [LogicalConnectionManagedImpl.java:263] Logical connection closed
2023-11-24 12:36:42,294 TRACE o.h.i.SessionFactoryImpl$SessionBuilderImpl [SessionFactoryImpl.java:1298] Opening Hibernate Session.  tenant=null
2023-11-24 12:36:42,294 TRACE o.h.i.SessionImpl [SessionImpl.java:262] Opened Session [69f532b4-704a-4e8d-865c-550c478a5a7d] at timestamp: 1700825802294
2023-11-24 12:36:42,294 DEBUG o.h.r.t.b.j.i.JdbcResourceLocalTransactionCoordinatorImpl [JdbcResourceLocalTransactionCoordinatorImpl.java:310] JDBC transaction marked for rollback-only (exception provided for stack trace)
java.lang.Exception: exception just for purpose of providing stack trace
	at org.hibernate.resource.transaction.backend.jdbc.internal.JdbcResourceLocalTransactionCoordinatorImpl$TransactionDriverControlImpl.markRollbackOnly(JdbcResourceLocalTransactionCoordinatorImpl.java:310)
	at org.hibernate.internal.AbstractSharedSessionContract.buildNamedQuery(AbstractSharedSessionContract.java:1021)
	at org.hibernate.internal.AbstractSharedSessionContract.createNamedQuery(AbstractSharedSessionContract.java:899)
	at org.hibernate.internal.AbstractSharedSessionContract.createNamedQuery(AbstractSharedSessionContract.java:120)
	at jdk.internal.reflect.GeneratedMethodAccessor47.invoke(Unknown Source)
	at java.base/jdk.internal.reflect.DelegatingMethodAccessorImpl.invoke(DelegatingMethodAccessorImpl.java:43)
	at java.base/java.lang.reflect.Method.invoke(Method.java:568)
	at org.springframework.orm.jpa.ExtendedEntityManagerCreator$ExtendedEntityManagerInvocationHandler.invoke(ExtendedEntityManagerCreator.java:360)
	at jdk.proxy2/jdk.proxy2.$Proxy191.createNamedQuery(Unknown Source)
	at org.springframework.data.jpa.repository.query.NamedQuery.hasNamedQuery(NamedQuery.java:113)
	at org.springframework.data.jpa.repository.query.JpaQueryLookupStrategy$DeclaredQueryLookupStrategy.getCountQuery(JpaQueryLookupStrategy.java:204)
	at org.springframework.data.jpa.repository.query.JpaQueryLookupStrategy$DeclaredQueryLookupStrategy.resolveQuery(JpaQueryLookupStrategy.java:171)
	at org.springframework.data.jpa.repository.query.JpaQueryLookupStrategy$CreateIfNotFoundQueryLookupStrategy.resolveQuery(JpaQueryLookupStrategy.java:252)
	at org.springframework.data.jpa.repository.query.JpaQueryLookupStrategy$AbstractQueryLookupStrategy.resolveQuery(JpaQueryLookupStrategy.java:95)
	at org.springframework.data.repository.core.support.QueryExecutorMethodInterceptor.lookupQuery(QueryExecutorMethodInterceptor.java:111)
	at org.springframework.data.repository.core.support.QueryExecutorMethodInterceptor.mapMethodsToQuery(QueryExecutorMethodInterceptor.java:99)
	at org.springframework.data.repository.core.support.QueryExecutorMethodInterceptor.lambda$new$0(QueryExecutorMethodInterceptor.java:88)
	at java.base/java.util.Optional.map(Optional.java:260)
	at org.springframework.data.repository.core.support.QueryExecutorMethodInterceptor.<init>(QueryExecutorMethodInterceptor.java:88)
	at org.springframework.data.repository.core.support.RepositoryFactorySupport.getRepository(RepositoryFactorySupport.java:357)
	at org.springframework.data.repository.core.support.RepositoryFactoryBeanSupport.lambda$afterPropertiesSet$5(RepositoryFactoryBeanSupport.java:279)
	at org.springframework.data.util.Lazy.getNullable(Lazy.java:245)
	at org.springframework.data.util.Lazy.get(Lazy.java:114)
	at org.springframework.data.repository.core.support.RepositoryFactoryBeanSupport.afterPropertiesSet(RepositoryFactoryBeanSupport.java:285)
	at org.springframework.data.jpa.repository.support.JpaRepositoryFactoryBean.afterPropertiesSet(JpaRepositoryFactoryBean.java:132)
	at org.springframework.beans.factory.support.AbstractAutowireCapableBeanFactory.invokeInitMethods(AbstractAutowireCapableBeanFactory.java:1817)
	at org.springframework.beans.factory.support.AbstractAutowireCapableBeanFactory.initializeBean(AbstractAutowireCapableBeanFactory.java:1766)
	at org.springframework.beans.factory.support.AbstractAutowireCapableBeanFactory.doCreateBean(AbstractAutowireCapableBeanFactory.java:598)
	at org.springframework.beans.factory.support.AbstractAutowireCapableBeanFactory.createBean(AbstractAutowireCapableBeanFactory.java:520)
	at org.springframework.beans.factory.support.AbstractBeanFactory.lambda$doGetBean$0(AbstractBeanFactory.java:325)
	at org.springframework.beans.factory.support.DefaultSingletonBeanRegistry.getSingleton(DefaultSingletonBeanRegistry.java:234)
	at org.springframework.beans.factory.support.AbstractBeanFactory.doGetBean(AbstractBeanFactory.java:323)
	at org.springframework.beans.factory.support.AbstractBeanFactory.getBean(AbstractBeanFactory.java:199)
	at org.springframework.beans.factory.config.DependencyDescriptor.resolveCandidate(DependencyDescriptor.java:254)
	at org.springframework.beans.factory.support.DefaultListableBeanFactory.doResolveDependency(DefaultListableBeanFactory.java:1417)
	at org.springframework.beans.factory.support.DefaultListableBeanFactory.resolveDependency(DefaultListableBeanFactory.java:1337)
	at org.springframework.beans.factory.annotation.AutowiredAnnotationBeanPostProcessor$AutowiredFieldElement.resolveFieldValue(AutowiredAnnotationBeanPostProcessor.java:764)
	at org.springframework.beans.factory.annotation.AutowiredAnnotationBeanPostProcessor$AutowiredFieldElement.inject(AutowiredAnnotationBeanPostProcessor.java:747)
	at org.springframework.beans.factory.annotation.InjectionMetadata.inject(InjectionMetadata.java:145)
	at org.springframework.beans.factory.annotation.AutowiredAnnotationBeanPostProcessor.postProcessProperties(AutowiredAnnotationBeanPostProcessor.java:492)
	at org.springframework.beans.factory.support.AbstractAutowireCapableBeanFactory.populateBean(AbstractAutowireCapableBeanFactory.java:1416)
	at org.springframework.beans.factory.support.AbstractAutowireCapableBeanFactory.doCreateBean(AbstractAutowireCapableBeanFactory.java:597)
	at org.springframework.beans.factory.support.AbstractAutowireCapableBeanFactory.createBean(AbstractAutowireCapableBeanFactory.java:520)
	at org.springframework.beans.factory.support.AbstractBeanFactory.lambda$doGetBean$0(AbstractBeanFactory.java:325)
	at org.springframework.beans.factory.support.DefaultSingletonBeanRegistry.getSingleton(DefaultSingletonBeanRegistry.java:234)
	at org.springframework.beans.factory.support.AbstractBeanFactory.doGetBean(AbstractBeanFactory.java:323)
	at org.springframework.beans.factory.support.AbstractBeanFactory.getBean(AbstractBeanFactory.java:199)
	at org.springframework.beans.factory.config.DependencyDescriptor.resolveCandidate(DependencyDescriptor.java:254)
	at org.springframework.beans.factory.support.DefaultListableBeanFactory.doResolveDependency(DefaultListableBeanFactory.java:1417)
	at org.springframework.beans.factory.support.DefaultListableBeanFactory.resolveDependency(DefaultListableBeanFactory.java:1337)
	at org.springframework.beans.factory.annotation.AutowiredAnnotationBeanPostProcessor$AutowiredFieldElement.resolveFieldValue(AutowiredAnnotationBeanPostProcessor.java:764)
	at org.springframework.beans.factory.annotation.AutowiredAnnotationBeanPostProcessor$AutowiredFieldElement.inject(AutowiredAnnotationBeanPostProcessor.java:747)
	at org.springframework.beans.factory.annotation.InjectionMetadata.inject(InjectionMetadata.java:145)
	at org.springframework.beans.factory.annotation.AutowiredAnnotationBeanPostProcessor.postProcessProperties(AutowiredAnnotationBeanPostProcessor.java:492)
	at org.springframework.beans.factory.support.AbstractAutowireCapableBeanFactory.populateBean(AbstractAutowireCapableBeanFactory.java:1416)
	at org.springframework.beans.factory.support.AbstractAutowireCapableBeanFactory.doCreateBean(AbstractAutowireCapableBeanFactory.java:597)
	at org.springframework.beans.factory.support.AbstractAutowireCapableBeanFactory.createBean(AbstractAutowireCapableBeanFactory.java:520)
	at org.springframework.beans.factory.support.AbstractBeanFactory.lambda$doGetBean$0(AbstractBeanFactory.java:325)
	at org.springframework.beans.factory.support.DefaultSingletonBeanRegistry.getSingleton(DefaultSingletonBeanRegistry.java:234)
	at org.springframework.beans.factory.support.AbstractBeanFactory.doGetBean(AbstractBeanFactory.java:323)
	at org.springframework.beans.factory.support.AbstractBeanFactory.getBean(AbstractBeanFactory.java:199)
	at org.springframework.beans.factory.support.DefaultListableBeanFactory.preInstantiateSingletons(DefaultListableBeanFactory.java:973)
	at org.springframework.context.support.AbstractApplicationContext.finishBeanFactoryInitialization(AbstractApplicationContext.java:950)
	at org.springframework.context.support.AbstractApplicationContext.refresh(AbstractApplicationContext.java:616)
	at org.springframework.boot.SpringApplication.refresh(SpringApplication.java:738)
	at org.springframework.boot.SpringApplication.refreshContext(SpringApplication.java:440)
	at org.springframework.boot.SpringApplication.run(SpringApplication.java:316)
	at org.springframework.boot.test.context.SpringBootContextLoader.lambda$loadContext$3(SpringBootContextLoader.java:137)
	at org.springframework.util.function.ThrowingSupplier.get(ThrowingSupplier.java:58)
	at org.springframework.util.function.ThrowingSupplier.get(ThrowingSupplier.java:46)
	at org.springframework.boot.SpringApplication.withHook(SpringApplication.java:1406)
	at org.springframework.boot.test.context.SpringBootContextLoader$ContextLoaderHook.run(SpringBootContextLoader.java:545)
	at org.springframework.boot.test.context.SpringBootContextLoader.loadContext(SpringBootContextLoader.java:137)
	at org.springframework.boot.test.context.SpringBootContextLoader.loadContext(SpringBootContextLoader.java:108)
	at org.springframework.test.context.cache.DefaultCacheAwareContextLoaderDelegate.loadContextInternal(DefaultCacheAwareContextLoaderDelegate.java:187)
	at org.springframework.test.context.cache.DefaultCacheAwareContextLoaderDelegate.loadContext(DefaultCacheAwareContextLoaderDelegate.java:119)
	at org.springframework.test.context.support.DefaultTestContext.getApplicationContext(DefaultTestContext.java:127)
	at org.springframework.test.context.web.ServletTestExecutionListener.setUpRequestContextIfNecessary(ServletTestExecutionListener.java:191)
	at org.springframework.test.context.web.ServletTestExecutionListener.prepareTestInstance(ServletTestExecutionListener.java:130)
	at org.springframework.test.context.TestContextManager.prepareTestInstance(TestContextManager.java:241)
	at org.springframework.test.context.junit.jupiter.SpringExtension.postProcessTestInstance(SpringExtension.java:138)
	at org.junit.jupiter.engine.descriptor.ClassBasedTestDescriptor.lambda$invokeTestInstancePostProcessors$10(ClassBasedTestDescriptor.java:377)
	at org.junit.jupiter.engine.descriptor.ClassBasedTestDescriptor.executeAndMaskThrowable(ClassBasedTestDescriptor.java:382)
	at org.junit.jupiter.engine.descriptor.ClassBasedTestDescriptor.lambda$invokeTestInstancePostProcessors$11(ClassBasedTestDescriptor.java:377)
	at java.base/java.util.stream.ReferencePipeline$3$1.accept(ReferencePipeline.java:197)
	at java.base/java.util.stream.ReferencePipeline$2$1.accept(ReferencePipeline.java:179)
	at java.base/java.util.ArrayList$ArrayListSpliterator.forEachRemaining(ArrayList.java:1625)
	at java.base/java.util.stream.AbstractPipeline.copyInto(AbstractPipeline.java:509)
	at java.base/java.util.stream.AbstractPipeline.wrapAndCopyInto(AbstractPipeline.java:499)
	at java.base/java.util.stream.StreamSpliterators$WrappingSpliterator.forEachRemaining(StreamSpliterators.java:310)
	at java.base/java.util.stream.Streams$ConcatSpliterator.forEachRemaining(Streams.java:735)
	at java.base/java.util.stream.Streams$ConcatSpliterator.forEachRemaining(Streams.java:734)
	at java.base/java.util.stream.ReferencePipeline$Head.forEach(ReferencePipeline.java:762)
	at org.junit.jupiter.engine.descriptor.ClassBasedTestDescriptor.invokeTestInstancePostProcessors(ClassBasedTestDescriptor.java:376)
	at org.junit.jupiter.engine.descriptor.ClassBasedTestDescriptor.lambda$instantiateAndPostProcessTestInstance$6(ClassBasedTestDescriptor.java:289)
	at org.junit.platform.engine.support.hierarchical.ThrowableCollector.execute(ThrowableCollector.java:73)
	at org.junit.jupiter.engine.descriptor.ClassBasedTestDescriptor.instantiateAndPostProcessTestInstance(ClassBasedTestDescriptor.java:288)
	at org.junit.jupiter.engine.descriptor.ClassBasedTestDescriptor.lambda$testInstancesProvider$4(ClassBasedTestDescriptor.java:278)
	at java.base/java.util.Optional.orElseGet(Optional.java:364)
	at org.junit.jupiter.engine.descriptor.ClassBasedTestDescriptor.lambda$testInstancesProvider$5(ClassBasedTestDescriptor.java:277)
	at org.junit.jupiter.engine.execution.TestInstancesProvider.getTestInstances(TestInstancesProvider.java:31)
	at org.junit.jupiter.engine.descriptor.TestMethodTestDescriptor.lambda$prepare$0(TestMethodTestDescriptor.java:105)
	at org.junit.platform.engine.support.hierarchical.ThrowableCollector.execute(ThrowableCollector.java:73)
	at org.junit.jupiter.engine.descriptor.TestMethodTestDescriptor.prepare(TestMethodTestDescriptor.java:104)
	at org.junit.jupiter.engine.descriptor.TestMethodTestDescriptor.prepare(TestMethodTestDescriptor.java:68)
	at org.junit.platform.engine.support.hierarchical.NodeTestTask.lambda$prepare$2(NodeTestTask.java:123)
	at org.junit.platform.engine.support.hierarchical.ThrowableCollector.execute(ThrowableCollector.java:73)
	at org.junit.platform.engine.support.hierarchical.NodeTestTask.prepare(NodeTestTask.java:123)
	at org.junit.platform.engine.support.hierarchical.NodeTestTask.execute(NodeTestTask.java:90)
	at java.base/java.util.ArrayList.forEach(ArrayList.java:1511)
	at org.junit.platform.engine.support.hierarchical.SameThreadHierarchicalTestExecutorService.invokeAll(SameThreadHierarchicalTestExecutorService.java:41)
	at org.junit.platform.engine.support.hierarchical.NodeTestTask.lambda$executeRecursively$6(NodeTestTask.java:155)
	at org.junit.platform.engine.support.hierarchical.ThrowableCollector.execute(ThrowableCollector.java:73)
	at org.junit.platform.engine.support.hierarchical.NodeTestTask.lambda$executeRecursively$8(NodeTestTask.java:141)
	at org.junit.platform.engine.support.hierarchical.Node.around(Node.java:137)
	at org.junit.platform.engine.support.hierarchical.NodeTestTask.lambda$executeRecursively$9(NodeTestTask.java:139)
	at org.junit.platform.engine.support.hierarchical.ThrowableCollector.execute(ThrowableCollector.java:73)
	at org.junit.platform.engine.support.hierarchical.NodeTestTask.executeRecursively(NodeTestTask.java:138)
	at org.junit.platform.engine.support.hierarchical.NodeTestTask.execute(NodeTestTask.java:95)
	at java.base/java.util.ArrayList.forEach(ArrayList.java:1511)
	at org.junit.platform.engine.support.hierarchical.SameThreadHierarchicalTestExecutorService.invokeAll(SameThreadHierarchicalTestExecutorService.java:41)
	at org.junit.platform.engine.support.hierarchical.NodeTestTask.lambda$executeRecursively$6(NodeTestTask.java:155)
	at org.junit.platform.engine.support.hierarchical.ThrowableCollector.execute(ThrowableCollector.java:73)
	at org.junit.platform.engine.support.hierarchical.NodeTestTask.lambda$executeRecursively$8(NodeTestTask.java:141)
	at org.junit.platform.engine.support.hierarchical.Node.around(Node.java:137)
	at org.junit.platform.engine.support.hierarchical.NodeTestTask.lambda$executeRecursively$9(NodeTestTask.java:139)
	at org.junit.platform.engine.support.hierarchical.ThrowableCollector.execute(ThrowableCollector.java:73)
	at org.junit.platform.engine.support.hierarchical.NodeTestTask.executeRecursively(NodeTestTask.java:138)
	at org.junit.platform.engine.support.hierarchical.NodeTestTask.execute(NodeTestTask.java:95)
	at org.junit.platform.engine.support.hierarchical.SameThreadHierarchicalTestExecutorService.submit(SameThreadHierarchicalTestExecutorService.java:35)
	at org.junit.platform.engine.support.hierarchical.HierarchicalTestExecutor.execute(HierarchicalTestExecutor.java:57)
	at org.junit.platform.engine.support.hierarchical.HierarchicalTestEngine.execute(HierarchicalTestEngine.java:54)
	at org.junit.platform.launcher.core.EngineExecutionOrchestrator.execute(EngineExecutionOrchestrator.java:147)
	at org.junit.platform.launcher.core.EngineExecutionOrchestrator.execute(EngineExecutionOrchestrator.java:127)
	at org.junit.platform.launcher.core.EngineExecutionOrchestrator.execute(EngineExecutionOrchestrator.java:90)
	at org.junit.platform.launcher.core.EngineExecutionOrchestrator.lambda$execute$0(EngineExecutionOrchestrator.java:55)
	at org.junit.platform.launcher.core.EngineExecutionOrchestrator.withInterceptedStreams(EngineExecutionOrchestrator.java:102)
	at org.junit.platform.launcher.core.EngineExecutionOrchestrator.execute(EngineExecutionOrchestrator.java:54)
	at org.junit.platform.launcher.core.DefaultLauncher.execute(DefaultLauncher.java:114)
	at org.junit.platform.launcher.core.DefaultLauncher.execute(DefaultLauncher.java:86)
	at org.junit.platform.launcher.core.DefaultLauncherSession$DelegatingLauncher.execute(DefaultLauncherSession.java:86)
	at org.apache.maven.surefire.junitplatform.LazyLauncher.execute(LazyLauncher.java:50)
	at org.apache.maven.surefire.junitplatform.JUnitPlatformProvider.execute(JUnitPlatformProvider.java:184)
	at org.apache.maven.surefire.junitplatform.JUnitPlatformProvider.invokeAllTests(JUnitPlatformProvider.java:148)
	at org.apache.maven.surefire.junitplatform.JUnitPlatformProvider.invoke(JUnitPlatformProvider.java:122)
	at org.apache.maven.surefire.booter.ForkedBooter.runSuitesInProcess(ForkedBooter.java:385)
	at org.apache.maven.surefire.booter.ForkedBooter.execute(ForkedBooter.java:162)
	at org.apache.maven.surefire.booter.ForkedBooter.run(ForkedBooter.java:507)
	at org.apache.maven.surefire.booter.ForkedBooter.main(ForkedBooter.java:495)
2023-11-24 12:36:42,295 TRACE o.h.i.SessionImpl [SessionImpl.java:402] Closing session [69f532b4-704a-4e8d-865c-550c478a5a7d]
2023-11-24 12:36:42,295 TRACE o.h.e.j.i.JdbcCoordinatorImpl [JdbcCoordinatorImpl.java:152] Closing JDBC container [org.hibernate.engine.jdbc.internal.JdbcCoordinatorImpl@35742380]
2023-11-24 12:36:42,295 TRACE o.h.r.j.i.ResourceRegistryStandardImpl [ResourceRegistryStandardImpl.java:329] Releasing JDBC resources
2023-11-24 12:36:42,296 TRACE o.h.r.j.i.LogicalConnectionManagedImpl [LogicalConnectionManagedImpl.java:256] Closing logical connection
2023-11-24 12:36:42,296 TRACE o.h.r.j.i.LogicalConnectionManagedImpl [LogicalConnectionManagedImpl.java:263] Logical connection closed
2023-11-24 12:36:42,296 TRACE o.h.i.SessionFactoryImpl$SessionBuilderImpl [SessionFactoryImpl.java:1298] Opening Hibernate Session.  tenant=null
2023-11-24 12:36:42,297 TRACE o.h.i.SessionImpl [SessionImpl.java:262] Opened Session [9f5c3d88-8a9c-47cf-88fd-fb0f27395249] at timestamp: 1700825802297
2023-11-24 12:36:42,297 TRACE o.h.i.SessionImpl [SessionImpl.java:402] Closing session [9f5c3d88-8a9c-47cf-88fd-fb0f27395249]
2023-11-24 12:36:42,297 TRACE o.h.e.j.i.JdbcCoordinatorImpl [JdbcCoordinatorImpl.java:152] Closing JDBC container [org.hibernate.engine.jdbc.internal.JdbcCoordinatorImpl@24851cbc]
2023-11-24 12:36:42,297 TRACE o.h.r.j.i.ResourceRegistryStandardImpl [ResourceRegistryStandardImpl.java:329] Releasing JDBC resources
2023-11-24 12:36:42,298 TRACE o.h.r.j.i.LogicalConnectionManagedImpl [LogicalConnectionManagedImpl.java:256] Closing logical connection
2023-11-24 12:36:42,298 TRACE o.h.r.j.i.LogicalConnectionManagedImpl [LogicalConnectionManagedImpl.java:263] Logical connection closed
2023-11-24 12:36:42,299 TRACE o.h.i.SessionFactoryImpl$SessionBuilderImpl [SessionFactoryImpl.java:1298] Opening Hibernate Session.  tenant=null
2023-11-24 12:36:42,299 TRACE o.h.i.SessionImpl [SessionImpl.java:262] Opened Session [358344df-a7c5-430b-9baa-dd7ef5aaa367] at timestamp: 1700825802299
2023-11-24 12:36:42,300 TRACE o.h.o.q.p.cache [QueryInterpretationCacheStandardImpl.java:121] QueryPlan#resolveHqlInterpretation( `UPDATE SurveyReply SET pdffilename = :pdfname WHERE id = :id` )
2023-11-24 12:36:42,300 DEBUG o.h.o.q.hql [StandardHqlTranslator.java:75] HQL : UPDATE SurveyReply SET pdffilename = :pdfname WHERE id = :id
2023-11-24 12:36:42,300 DEBUG o.h.o.q.h.reservedWordAsIdentifier [HqlParseTreeBuilder.java:43] Encountered use of reserved word as identifier : =
2023-11-24 12:36:42,301 DEBUG o.h.o.q.h.reservedWordAsIdentifier [HqlParseTreeBuilder.java:43] Encountered use of reserved word as identifier : <EOF>
2023-11-24 12:36:42,301 TRACE o.h.o.q.s.creation [SqmPathRegistryImpl.java:59] SqmProcessingIndex#register(SqmPath) : franco.maurizio.hr.desk.com.persistence.entity.SurveyReply(961686265083331)
2023-11-24 12:36:42,301 TRACE o.h.o.q.hql [BasicDotIdentifierConsumer.java:83] BasicDotIdentifierHandler#consumeIdentifier( pdffilename, true, true ) - pdffilename
2023-11-24 12:36:42,301 TRACE o.h.o.q.hql [BasicDotIdentifierConsumer.java:118] BaseLocalSequencePart#consumeIdentifier( pdffilename, true, true ) - pdffilename
2023-11-24 12:36:42,302 DEBUG o.h.o.q.hql [SqmPathRegistryImpl.java:209] Unable to resolve unqualified attribute [pdffilename] in local from-clause
2023-11-24 12:36:42,302 DEBUG o.h.o.q.s.creation [AbstractSqmExpression.java:57] Applying inferable type to SqmExpression [SqmNamedParameter(pdfname)] : null -> BasicSqmPathSource(pdffilename : String)
2023-11-24 12:36:42,302 TRACE o.h.o.q.hql [BasicDotIdentifierConsumer.java:83] BasicDotIdentifierHandler#consumeIdentifier( id, true, true ) - id
2023-11-24 12:36:42,302 TRACE o.h.o.q.hql [BasicDotIdentifierConsumer.java:118] BaseLocalSequencePart#consumeIdentifier( id, true, true ) - id
2023-11-24 12:36:42,302 DEBUG o.h.o.q.hql [SqmPathRegistryImpl.java:209] Unable to resolve unqualified attribute [id] in local from-clause
2023-11-24 12:36:42,302 DEBUG o.h.o.q.s.creation [AbstractSqmExpression.java:57] Applying inferable type to SqmExpression [SqmNamedParameter(id)] : null -> BasicSqmPathSource(id : Long)
2023-11-24 12:36:42,303 DEBUG o.h.o.q.s.ast [SqmTreePrinter.java:168] SqmStatement Tree :
    -> [update]
      [target = franco.maurizio.hr.desk.com.persistence.entity.SurveyReply(961686265083331)]
      -> [set]
        -> [assignment]
          =
            [franco.maurizio.hr.desk.com.persistence.entity.SurveyReply(961686265083331).pdffilename]
            :pdfname
        <- [assignment]
      <- [set]
      -> [where]
        -> [EQUAL]
            -> [basic-path] - `franco.maurizio.hr.desk.com.persistence.entity.SurveyReply(961686265083331).id`
            :id
        <- [EQUAL]
      <- [where]
    <- [update]

2023-11-24 12:36:42,303 TRACE o.h.i.SessionImpl [SessionImpl.java:402] Closing session [358344df-a7c5-430b-9baa-dd7ef5aaa367]
2023-11-24 12:36:42,303 TRACE o.h.e.j.i.JdbcCoordinatorImpl [JdbcCoordinatorImpl.java:152] Closing JDBC container [org.hibernate.engine.jdbc.internal.JdbcCoordinatorImpl@3c378340]
2023-11-24 12:36:42,303 TRACE o.h.r.j.i.ResourceRegistryStandardImpl [ResourceRegistryStandardImpl.java:329] Releasing JDBC resources
2023-11-24 12:36:42,303 TRACE o.h.r.j.i.LogicalConnectionManagedImpl [LogicalConnectionManagedImpl.java:256] Closing logical connection
2023-11-24 12:36:42,303 TRACE o.h.r.j.i.LogicalConnectionManagedImpl [LogicalConnectionManagedImpl.java:263] Logical connection closed
2023-11-24 12:36:42,304 TRACE o.h.i.SessionFactoryImpl$SessionBuilderImpl [SessionFactoryImpl.java:1298] Opening Hibernate Session.  tenant=null
2023-11-24 12:36:42,304 TRACE o.h.i.SessionImpl [SessionImpl.java:262] Opened Session [a7e2219c-7e6b-4443-a372-a6db0d90ad1c] at timestamp: 1700825802304
2023-11-24 12:36:42,304 DEBUG o.h.r.t.b.j.i.JdbcResourceLocalTransactionCoordinatorImpl [JdbcResourceLocalTransactionCoordinatorImpl.java:310] JDBC transaction marked for rollback-only (exception provided for stack trace)
java.lang.Exception: exception just for purpose of providing stack trace
	at org.hibernate.resource.transaction.backend.jdbc.internal.JdbcResourceLocalTransactionCoordinatorImpl$TransactionDriverControlImpl.markRollbackOnly(JdbcResourceLocalTransactionCoordinatorImpl.java:310)
	at org.hibernate.internal.AbstractSharedSessionContract.buildNamedQuery(AbstractSharedSessionContract.java:1021)
	at org.hibernate.internal.AbstractSharedSessionContract.createNamedQuery(AbstractSharedSessionContract.java:899)
	at org.hibernate.internal.AbstractSharedSessionContract.createNamedQuery(AbstractSharedSessionContract.java:120)
	at jdk.internal.reflect.GeneratedMethodAccessor47.invoke(Unknown Source)
	at java.base/jdk.internal.reflect.DelegatingMethodAccessorImpl.invoke(DelegatingMethodAccessorImpl.java:43)
	at java.base/java.lang.reflect.Method.invoke(Method.java:568)
	at org.springframework.orm.jpa.ExtendedEntityManagerCreator$ExtendedEntityManagerInvocationHandler.invoke(ExtendedEntityManagerCreator.java:360)
	at jdk.proxy2/jdk.proxy2.$Proxy191.createNamedQuery(Unknown Source)
	at org.springframework.data.jpa.repository.query.NamedQuery.hasNamedQuery(NamedQuery.java:113)
	at org.springframework.data.jpa.repository.query.NamedQuery.lookupFrom(NamedQuery.java:141)
	at org.springframework.data.jpa.repository.query.JpaQueryLookupStrategy$DeclaredQueryLookupStrategy.resolveQuery(JpaQueryLookupStrategy.java:180)
	at org.springframework.data.jpa.repository.query.JpaQueryLookupStrategy$CreateIfNotFoundQueryLookupStrategy.resolveQuery(JpaQueryLookupStrategy.java:252)
	at org.springframework.data.jpa.repository.query.JpaQueryLookupStrategy$AbstractQueryLookupStrategy.resolveQuery(JpaQueryLookupStrategy.java:95)
	at org.springframework.data.repository.core.support.QueryExecutorMethodInterceptor.lookupQuery(QueryExecutorMethodInterceptor.java:111)
	at org.springframework.data.repository.core.support.QueryExecutorMethodInterceptor.mapMethodsToQuery(QueryExecutorMethodInterceptor.java:99)
	at org.springframework.data.repository.core.support.QueryExecutorMethodInterceptor.lambda$new$0(QueryExecutorMethodInterceptor.java:88)
	at java.base/java.util.Optional.map(Optional.java:260)
	at org.springframework.data.repository.core.support.QueryExecutorMethodInterceptor.<init>(QueryExecutorMethodInterceptor.java:88)
	at org.springframework.data.repository.core.support.RepositoryFactorySupport.getRepository(RepositoryFactorySupport.java:357)
	at org.springframework.data.repository.core.support.RepositoryFactoryBeanSupport.lambda$afterPropertiesSet$5(RepositoryFactoryBeanSupport.java:279)
	at org.springframework.data.util.Lazy.getNullable(Lazy.java:245)
	at org.springframework.data.util.Lazy.get(Lazy.java:114)
	at org.springframework.data.repository.core.support.RepositoryFactoryBeanSupport.afterPropertiesSet(RepositoryFactoryBeanSupport.java:285)
	at org.springframework.data.jpa.repository.support.JpaRepositoryFactoryBean.afterPropertiesSet(JpaRepositoryFactoryBean.java:132)
	at org.springframework.beans.factory.support.AbstractAutowireCapableBeanFactory.invokeInitMethods(AbstractAutowireCapableBeanFactory.java:1817)
	at org.springframework.beans.factory.support.AbstractAutowireCapableBeanFactory.initializeBean(AbstractAutowireCapableBeanFactory.java:1766)
	at org.springframework.beans.factory.support.AbstractAutowireCapableBeanFactory.doCreateBean(AbstractAutowireCapableBeanFactory.java:598)
	at org.springframework.beans.factory.support.AbstractAutowireCapableBeanFactory.createBean(AbstractAutowireCapableBeanFactory.java:520)
	at org.springframework.beans.factory.support.AbstractBeanFactory.lambda$doGetBean$0(AbstractBeanFactory.java:325)
	at org.springframework.beans.factory.support.DefaultSingletonBeanRegistry.getSingleton(DefaultSingletonBeanRegistry.java:234)
	at org.springframework.beans.factory.support.AbstractBeanFactory.doGetBean(AbstractBeanFactory.java:323)
	at org.springframework.beans.factory.support.AbstractBeanFactory.getBean(AbstractBeanFactory.java:199)
	at org.springframework.beans.factory.config.DependencyDescriptor.resolveCandidate(DependencyDescriptor.java:254)
	at org.springframework.beans.factory.support.DefaultListableBeanFactory.doResolveDependency(DefaultListableBeanFactory.java:1417)
	at org.springframework.beans.factory.support.DefaultListableBeanFactory.resolveDependency(DefaultListableBeanFactory.java:1337)
	at org.springframework.beans.factory.annotation.AutowiredAnnotationBeanPostProcessor$AutowiredFieldElement.resolveFieldValue(AutowiredAnnotationBeanPostProcessor.java:764)
	at org.springframework.beans.factory.annotation.AutowiredAnnotationBeanPostProcessor$AutowiredFieldElement.inject(AutowiredAnnotationBeanPostProcessor.java:747)
	at org.springframework.beans.factory.annotation.InjectionMetadata.inject(InjectionMetadata.java:145)
	at org.springframework.beans.factory.annotation.AutowiredAnnotationBeanPostProcessor.postProcessProperties(AutowiredAnnotationBeanPostProcessor.java:492)
	at org.springframework.beans.factory.support.AbstractAutowireCapableBeanFactory.populateBean(AbstractAutowireCapableBeanFactory.java:1416)
	at org.springframework.beans.factory.support.AbstractAutowireCapableBeanFactory.doCreateBean(AbstractAutowireCapableBeanFactory.java:597)
	at org.springframework.beans.factory.support.AbstractAutowireCapableBeanFactory.createBean(AbstractAutowireCapableBeanFactory.java:520)
	at org.springframework.beans.factory.support.AbstractBeanFactory.lambda$doGetBean$0(AbstractBeanFactory.java:325)
	at org.springframework.beans.factory.support.DefaultSingletonBeanRegistry.getSingleton(DefaultSingletonBeanRegistry.java:234)
	at org.springframework.beans.factory.support.AbstractBeanFactory.doGetBean(AbstractBeanFactory.java:323)
	at org.springframework.beans.factory.support.AbstractBeanFactory.getBean(AbstractBeanFactory.java:199)
	at org.springframework.beans.factory.config.DependencyDescriptor.resolveCandidate(DependencyDescriptor.java:254)
	at org.springframework.beans.factory.support.DefaultListableBeanFactory.doResolveDependency(DefaultListableBeanFactory.java:1417)
	at org.springframework.beans.factory.support.DefaultListableBeanFactory.resolveDependency(DefaultListableBeanFactory.java:1337)
	at org.springframework.beans.factory.annotation.AutowiredAnnotationBeanPostProcessor$AutowiredFieldElement.resolveFieldValue(AutowiredAnnotationBeanPostProcessor.java:764)
	at org.springframework.beans.factory.annotation.AutowiredAnnotationBeanPostProcessor$AutowiredFieldElement.inject(AutowiredAnnotationBeanPostProcessor.java:747)
	at org.springframework.beans.factory.annotation.InjectionMetadata.inject(InjectionMetadata.java:145)
	at org.springframework.beans.factory.annotation.AutowiredAnnotationBeanPostProcessor.postProcessProperties(AutowiredAnnotationBeanPostProcessor.java:492)
	at org.springframework.beans.factory.support.AbstractAutowireCapableBeanFactory.populateBean(AbstractAutowireCapableBeanFactory.java:1416)
	at org.springframework.beans.factory.support.AbstractAutowireCapableBeanFactory.doCreateBean(AbstractAutowireCapableBeanFactory.java:597)
	at org.springframework.beans.factory.support.AbstractAutowireCapableBeanFactory.createBean(AbstractAutowireCapableBeanFactory.java:520)
	at org.springframework.beans.factory.support.AbstractBeanFactory.lambda$doGetBean$0(AbstractBeanFactory.java:325)
	at org.springframework.beans.factory.support.DefaultSingletonBeanRegistry.getSingleton(DefaultSingletonBeanRegistry.java:234)
	at org.springframework.beans.factory.support.AbstractBeanFactory.doGetBean(AbstractBeanFactory.java:323)
	at org.springframework.beans.factory.support.AbstractBeanFactory.getBean(AbstractBeanFactory.java:199)
	at org.springframework.beans.factory.support.DefaultListableBeanFactory.preInstantiateSingletons(DefaultListableBeanFactory.java:973)
	at org.springframework.context.support.AbstractApplicationContext.finishBeanFactoryInitialization(AbstractApplicationContext.java:950)
	at org.springframework.context.support.AbstractApplicationContext.refresh(AbstractApplicationContext.java:616)
	at org.springframework.boot.SpringApplication.refresh(SpringApplication.java:738)
	at org.springframework.boot.SpringApplication.refreshContext(SpringApplication.java:440)
	at org.springframework.boot.SpringApplication.run(SpringApplication.java:316)
	at org.springframework.boot.test.context.SpringBootContextLoader.lambda$loadContext$3(SpringBootContextLoader.java:137)
	at org.springframework.util.function.ThrowingSupplier.get(ThrowingSupplier.java:58)
	at org.springframework.util.function.ThrowingSupplier.get(ThrowingSupplier.java:46)
	at org.springframework.boot.SpringApplication.withHook(SpringApplication.java:1406)
	at org.springframework.boot.test.context.SpringBootContextLoader$ContextLoaderHook.run(SpringBootContextLoader.java:545)
	at org.springframework.boot.test.context.SpringBootContextLoader.loadContext(SpringBootContextLoader.java:137)
	at org.springframework.boot.test.context.SpringBootContextLoader.loadContext(SpringBootContextLoader.java:108)
	at org.springframework.test.context.cache.DefaultCacheAwareContextLoaderDelegate.loadContextInternal(DefaultCacheAwareContextLoaderDelegate.java:187)
	at org.springframework.test.context.cache.DefaultCacheAwareContextLoaderDelegate.loadContext(DefaultCacheAwareContextLoaderDelegate.java:119)
	at org.springframework.test.context.support.DefaultTestContext.getApplicationContext(DefaultTestContext.java:127)
	at org.springframework.test.context.web.ServletTestExecutionListener.setUpRequestContextIfNecessary(ServletTestExecutionListener.java:191)
	at org.springframework.test.context.web.ServletTestExecutionListener.prepareTestInstance(ServletTestExecutionListener.java:130)
	at org.springframework.test.context.TestContextManager.prepareTestInstance(TestContextManager.java:241)
	at org.springframework.test.context.junit.jupiter.SpringExtension.postProcessTestInstance(SpringExtension.java:138)
	at org.junit.jupiter.engine.descriptor.ClassBasedTestDescriptor.lambda$invokeTestInstancePostProcessors$10(ClassBasedTestDescriptor.java:377)
	at org.junit.jupiter.engine.descriptor.ClassBasedTestDescriptor.executeAndMaskThrowable(ClassBasedTestDescriptor.java:382)
	at org.junit.jupiter.engine.descriptor.ClassBasedTestDescriptor.lambda$invokeTestInstancePostProcessors$11(ClassBasedTestDescriptor.java:377)
	at java.base/java.util.stream.ReferencePipeline$3$1.accept(ReferencePipeline.java:197)
	at java.base/java.util.stream.ReferencePipeline$2$1.accept(ReferencePipeline.java:179)
	at java.base/java.util.ArrayList$ArrayListSpliterator.forEachRemaining(ArrayList.java:1625)
	at java.base/java.util.stream.AbstractPipeline.copyInto(AbstractPipeline.java:509)
	at java.base/java.util.stream.AbstractPipeline.wrapAndCopyInto(AbstractPipeline.java:499)
	at java.base/java.util.stream.StreamSpliterators$WrappingSpliterator.forEachRemaining(StreamSpliterators.java:310)
	at java.base/java.util.stream.Streams$ConcatSpliterator.forEachRemaining(Streams.java:735)
	at java.base/java.util.stream.Streams$ConcatSpliterator.forEachRemaining(Streams.java:734)
	at java.base/java.util.stream.ReferencePipeline$Head.forEach(ReferencePipeline.java:762)
	at org.junit.jupiter.engine.descriptor.ClassBasedTestDescriptor.invokeTestInstancePostProcessors(ClassBasedTestDescriptor.java:376)
	at org.junit.jupiter.engine.descriptor.ClassBasedTestDescriptor.lambda$instantiateAndPostProcessTestInstance$6(ClassBasedTestDescriptor.java:289)
	at org.junit.platform.engine.support.hierarchical.ThrowableCollector.execute(ThrowableCollector.java:73)
	at org.junit.jupiter.engine.descriptor.ClassBasedTestDescriptor.instantiateAndPostProcessTestInstance(ClassBasedTestDescriptor.java:288)
	at org.junit.jupiter.engine.descriptor.ClassBasedTestDescriptor.lambda$testInstancesProvider$4(ClassBasedTestDescriptor.java:278)
	at java.base/java.util.Optional.orElseGet(Optional.java:364)
	at org.junit.jupiter.engine.descriptor.ClassBasedTestDescriptor.lambda$testInstancesProvider$5(ClassBasedTestDescriptor.java:277)
	at org.junit.jupiter.engine.execution.TestInstancesProvider.getTestInstances(TestInstancesProvider.java:31)
	at org.junit.jupiter.engine.descriptor.TestMethodTestDescriptor.lambda$prepare$0(TestMethodTestDescriptor.java:105)
	at org.junit.platform.engine.support.hierarchical.ThrowableCollector.execute(ThrowableCollector.java:73)
	at org.junit.jupiter.engine.descriptor.TestMethodTestDescriptor.prepare(TestMethodTestDescriptor.java:104)
	at org.junit.jupiter.engine.descriptor.TestMethodTestDescriptor.prepare(TestMethodTestDescriptor.java:68)
	at org.junit.platform.engine.support.hierarchical.NodeTestTask.lambda$prepare$2(NodeTestTask.java:123)
	at org.junit.platform.engine.support.hierarchical.ThrowableCollector.execute(ThrowableCollector.java:73)
	at org.junit.platform.engine.support.hierarchical.NodeTestTask.prepare(NodeTestTask.java:123)
	at org.junit.platform.engine.support.hierarchical.NodeTestTask.execute(NodeTestTask.java:90)
	at java.base/java.util.ArrayList.forEach(ArrayList.java:1511)
	at org.junit.platform.engine.support.hierarchical.SameThreadHierarchicalTestExecutorService.invokeAll(SameThreadHierarchicalTestExecutorService.java:41)
	at org.junit.platform.engine.support.hierarchical.NodeTestTask.lambda$executeRecursively$6(NodeTestTask.java:155)
	at org.junit.platform.engine.support.hierarchical.ThrowableCollector.execute(ThrowableCollector.java:73)
	at org.junit.platform.engine.support.hierarchical.NodeTestTask.lambda$executeRecursively$8(NodeTestTask.java:141)
	at org.junit.platform.engine.support.hierarchical.Node.around(Node.java:137)
	at org.junit.platform.engine.support.hierarchical.NodeTestTask.lambda$executeRecursively$9(NodeTestTask.java:139)
	at org.junit.platform.engine.support.hierarchical.ThrowableCollector.execute(ThrowableCollector.java:73)
	at org.junit.platform.engine.support.hierarchical.NodeTestTask.executeRecursively(NodeTestTask.java:138)
	at org.junit.platform.engine.support.hierarchical.NodeTestTask.execute(NodeTestTask.java:95)
	at java.base/java.util.ArrayList.forEach(ArrayList.java:1511)
	at org.junit.platform.engine.support.hierarchical.SameThreadHierarchicalTestExecutorService.invokeAll(SameThreadHierarchicalTestExecutorService.java:41)
	at org.junit.platform.engine.support.hierarchical.NodeTestTask.lambda$executeRecursively$6(NodeTestTask.java:155)
	at org.junit.platform.engine.support.hierarchical.ThrowableCollector.execute(ThrowableCollector.java:73)
	at org.junit.platform.engine.support.hierarchical.NodeTestTask.lambda$executeRecursively$8(NodeTestTask.java:141)
	at org.junit.platform.engine.support.hierarchical.Node.around(Node.java:137)
	at org.junit.platform.engine.support.hierarchical.NodeTestTask.lambda$executeRecursively$9(NodeTestTask.java:139)
	at org.junit.platform.engine.support.hierarchical.ThrowableCollector.execute(ThrowableCollector.java:73)
	at org.junit.platform.engine.support.hierarchical.NodeTestTask.executeRecursively(NodeTestTask.java:138)
	at org.junit.platform.engine.support.hierarchical.NodeTestTask.execute(NodeTestTask.java:95)
	at org.junit.platform.engine.support.hierarchical.SameThreadHierarchicalTestExecutorService.submit(SameThreadHierarchicalTestExecutorService.java:35)
	at org.junit.platform.engine.support.hierarchical.HierarchicalTestExecutor.execute(HierarchicalTestExecutor.java:57)
	at org.junit.platform.engine.support.hierarchical.HierarchicalTestEngine.execute(HierarchicalTestEngine.java:54)
	at org.junit.platform.launcher.core.EngineExecutionOrchestrator.execute(EngineExecutionOrchestrator.java:147)
	at org.junit.platform.launcher.core.EngineExecutionOrchestrator.execute(EngineExecutionOrchestrator.java:127)
	at org.junit.platform.launcher.core.EngineExecutionOrchestrator.execute(EngineExecutionOrchestrator.java:90)
	at org.junit.platform.launcher.core.EngineExecutionOrchestrator.lambda$execute$0(EngineExecutionOrchestrator.java:55)
	at org.junit.platform.launcher.core.EngineExecutionOrchestrator.withInterceptedStreams(EngineExecutionOrchestrator.java:102)
	at org.junit.platform.launcher.core.EngineExecutionOrchestrator.execute(EngineExecutionOrchestrator.java:54)
	at org.junit.platform.launcher.core.DefaultLauncher.execute(DefaultLauncher.java:114)
	at org.junit.platform.launcher.core.DefaultLauncher.execute(DefaultLauncher.java:86)
	at org.junit.platform.launcher.core.DefaultLauncherSession$DelegatingLauncher.execute(DefaultLauncherSession.java:86)
	at org.apache.maven.surefire.junitplatform.LazyLauncher.execute(LazyLauncher.java:50)
	at org.apache.maven.surefire.junitplatform.JUnitPlatformProvider.execute(JUnitPlatformProvider.java:184)
	at org.apache.maven.surefire.junitplatform.JUnitPlatformProvider.invokeAllTests(JUnitPlatformProvider.java:148)
	at org.apache.maven.surefire.junitplatform.JUnitPlatformProvider.invoke(JUnitPlatformProvider.java:122)
	at org.apache.maven.surefire.booter.ForkedBooter.runSuitesInProcess(ForkedBooter.java:385)
	at org.apache.maven.surefire.booter.ForkedBooter.execute(ForkedBooter.java:162)
	at org.apache.maven.surefire.booter.ForkedBooter.run(ForkedBooter.java:507)
	at org.apache.maven.surefire.booter.ForkedBooter.main(ForkedBooter.java:495)
2023-11-24 12:36:42,305 TRACE o.h.i.SessionImpl [SessionImpl.java:402] Closing session [a7e2219c-7e6b-4443-a372-a6db0d90ad1c]
2023-11-24 12:36:42,305 TRACE o.h.e.j.i.JdbcCoordinatorImpl [JdbcCoordinatorImpl.java:152] Closing JDBC container [org.hibernate.engine.jdbc.internal.JdbcCoordinatorImpl@4acfff44]
2023-11-24 12:36:42,305 TRACE o.h.r.j.i.ResourceRegistryStandardImpl [ResourceRegistryStandardImpl.java:329] Releasing JDBC resources
2023-11-24 12:36:42,305 TRACE o.h.r.j.i.LogicalConnectionManagedImpl [LogicalConnectionManagedImpl.java:256] Closing logical connection
2023-11-24 12:36:42,306 TRACE o.h.r.j.i.LogicalConnectionManagedImpl [LogicalConnectionManagedImpl.java:263] Logical connection closed
2023-11-24 12:36:42,306 TRACE o.h.i.SessionFactoryImpl$SessionBuilderImpl [SessionFactoryImpl.java:1298] Opening Hibernate Session.  tenant=null
2023-11-24 12:36:42,306 TRACE o.h.i.SessionImpl [SessionImpl.java:262] Opened Session [550d5fbc-c322-427c-8ef3-3427f3f89a4c] at timestamp: 1700825802306
2023-11-24 12:36:42,306 TRACE o.h.i.SessionImpl [SessionImpl.java:402] Closing session [550d5fbc-c322-427c-8ef3-3427f3f89a4c]
2023-11-24 12:36:42,306 TRACE o.h.e.j.i.JdbcCoordinatorImpl [JdbcCoordinatorImpl.java:152] Closing JDBC container [org.hibernate.engine.jdbc.internal.JdbcCoordinatorImpl@359e486d]
2023-11-24 12:36:42,306 TRACE o.h.r.j.i.ResourceRegistryStandardImpl [ResourceRegistryStandardImpl.java:329] Releasing JDBC resources
2023-11-24 12:36:42,307 TRACE o.h.r.j.i.LogicalConnectionManagedImpl [LogicalConnectionManagedImpl.java:256] Closing logical connection
2023-11-24 12:36:42,307 TRACE o.h.r.j.i.LogicalConnectionManagedImpl [LogicalConnectionManagedImpl.java:263] Logical connection closed
2023-11-24 12:36:42,309 TRACE o.h.i.SessionFactoryImpl$SessionBuilderImpl [SessionFactoryImpl.java:1298] Opening Hibernate Session.  tenant=null
2023-11-24 12:36:42,310 TRACE o.h.i.SessionImpl [SessionImpl.java:262] Opened Session [46d5a6f4-fb08-48ab-bd5b-7fa360214796] at timestamp: 1700825802310
2023-11-24 12:36:42,310 DEBUG o.h.r.t.b.j.i.JdbcResourceLocalTransactionCoordinatorImpl [JdbcResourceLocalTransactionCoordinatorImpl.java:310] JDBC transaction marked for rollback-only (exception provided for stack trace)
java.lang.Exception: exception just for purpose of providing stack trace
	at org.hibernate.resource.transaction.backend.jdbc.internal.JdbcResourceLocalTransactionCoordinatorImpl$TransactionDriverControlImpl.markRollbackOnly(JdbcResourceLocalTransactionCoordinatorImpl.java:310)
	at org.hibernate.internal.AbstractSharedSessionContract.buildNamedQuery(AbstractSharedSessionContract.java:1021)
	at org.hibernate.internal.AbstractSharedSessionContract.createNamedQuery(AbstractSharedSessionContract.java:899)
	at org.hibernate.internal.AbstractSharedSessionContract.createNamedQuery(AbstractSharedSessionContract.java:120)
	at jdk.internal.reflect.GeneratedMethodAccessor47.invoke(Unknown Source)
	at java.base/jdk.internal.reflect.DelegatingMethodAccessorImpl.invoke(DelegatingMethodAccessorImpl.java:43)
	at java.base/java.lang.reflect.Method.invoke(Method.java:568)
	at org.springframework.orm.jpa.ExtendedEntityManagerCreator$ExtendedEntityManagerInvocationHandler.invoke(ExtendedEntityManagerCreator.java:360)
	at jdk.proxy2/jdk.proxy2.$Proxy191.createNamedQuery(Unknown Source)
	at org.springframework.data.jpa.repository.query.NamedQuery.hasNamedQuery(NamedQuery.java:113)
	at org.springframework.data.jpa.repository.query.JpaQueryLookupStrategy$DeclaredQueryLookupStrategy.getCountQuery(JpaQueryLookupStrategy.java:204)
	at org.springframework.data.jpa.repository.query.JpaQueryLookupStrategy$DeclaredQueryLookupStrategy.resolveQuery(JpaQueryLookupStrategy.java:171)
	at org.springframework.data.jpa.repository.query.JpaQueryLookupStrategy$CreateIfNotFoundQueryLookupStrategy.resolveQuery(JpaQueryLookupStrategy.java:252)
	at org.springframework.data.jpa.repository.query.JpaQueryLookupStrategy$AbstractQueryLookupStrategy.resolveQuery(JpaQueryLookupStrategy.java:95)
	at org.springframework.data.repository.core.support.QueryExecutorMethodInterceptor.lookupQuery(QueryExecutorMethodInterceptor.java:111)
	at org.springframework.data.repository.core.support.QueryExecutorMethodInterceptor.mapMethodsToQuery(QueryExecutorMethodInterceptor.java:99)
	at org.springframework.data.repository.core.support.QueryExecutorMethodInterceptor.lambda$new$0(QueryExecutorMethodInterceptor.java:88)
	at java.base/java.util.Optional.map(Optional.java:260)
	at org.springframework.data.repository.core.support.QueryExecutorMethodInterceptor.<init>(QueryExecutorMethodInterceptor.java:88)
	at org.springframework.data.repository.core.support.RepositoryFactorySupport.getRepository(RepositoryFactorySupport.java:357)
	at org.springframework.data.repository.core.support.RepositoryFactoryBeanSupport.lambda$afterPropertiesSet$5(RepositoryFactoryBeanSupport.java:279)
	at org.springframework.data.util.Lazy.getNullable(Lazy.java:245)
	at org.springframework.data.util.Lazy.get(Lazy.java:114)
	at org.springframework.data.repository.core.support.RepositoryFactoryBeanSupport.afterPropertiesSet(RepositoryFactoryBeanSupport.java:285)
	at org.springframework.data.jpa.repository.support.JpaRepositoryFactoryBean.afterPropertiesSet(JpaRepositoryFactoryBean.java:132)
	at org.springframework.beans.factory.support.AbstractAutowireCapableBeanFactory.invokeInitMethods(AbstractAutowireCapableBeanFactory.java:1817)
	at org.springframework.beans.factory.support.AbstractAutowireCapableBeanFactory.initializeBean(AbstractAutowireCapableBeanFactory.java:1766)
	at org.springframework.beans.factory.support.AbstractAutowireCapableBeanFactory.doCreateBean(AbstractAutowireCapableBeanFactory.java:598)
	at org.springframework.beans.factory.support.AbstractAutowireCapableBeanFactory.createBean(AbstractAutowireCapableBeanFactory.java:520)
	at org.springframework.beans.factory.support.AbstractBeanFactory.lambda$doGetBean$0(AbstractBeanFactory.java:325)
	at org.springframework.beans.factory.support.DefaultSingletonBeanRegistry.getSingleton(DefaultSingletonBeanRegistry.java:234)
	at org.springframework.beans.factory.support.AbstractBeanFactory.doGetBean(AbstractBeanFactory.java:323)
	at org.springframework.beans.factory.support.AbstractBeanFactory.getBean(AbstractBeanFactory.java:199)
	at org.springframework.beans.factory.config.DependencyDescriptor.resolveCandidate(DependencyDescriptor.java:254)
	at org.springframework.beans.factory.support.DefaultListableBeanFactory.doResolveDependency(DefaultListableBeanFactory.java:1417)
	at org.springframework.beans.factory.support.DefaultListableBeanFactory.resolveDependency(DefaultListableBeanFactory.java:1337)
	at org.springframework.beans.factory.annotation.AutowiredAnnotationBeanPostProcessor$AutowiredFieldElement.resolveFieldValue(AutowiredAnnotationBeanPostProcessor.java:764)
	at org.springframework.beans.factory.annotation.AutowiredAnnotationBeanPostProcessor$AutowiredFieldElement.inject(AutowiredAnnotationBeanPostProcessor.java:747)
	at org.springframework.beans.factory.annotation.InjectionMetadata.inject(InjectionMetadata.java:145)
	at org.springframework.beans.factory.annotation.AutowiredAnnotationBeanPostProcessor.postProcessProperties(AutowiredAnnotationBeanPostProcessor.java:492)
	at org.springframework.beans.factory.support.AbstractAutowireCapableBeanFactory.populateBean(AbstractAutowireCapableBeanFactory.java:1416)
	at org.springframework.beans.factory.support.AbstractAutowireCapableBeanFactory.doCreateBean(AbstractAutowireCapableBeanFactory.java:597)
	at org.springframework.beans.factory.support.AbstractAutowireCapableBeanFactory.createBean(AbstractAutowireCapableBeanFactory.java:520)
	at org.springframework.beans.factory.support.AbstractBeanFactory.lambda$doGetBean$0(AbstractBeanFactory.java:325)
	at org.springframework.beans.factory.support.DefaultSingletonBeanRegistry.getSingleton(DefaultSingletonBeanRegistry.java:234)
	at org.springframework.beans.factory.support.AbstractBeanFactory.doGetBean(AbstractBeanFactory.java:323)
	at org.springframework.beans.factory.support.AbstractBeanFactory.getBean(AbstractBeanFactory.java:199)
	at org.springframework.beans.factory.config.DependencyDescriptor.resolveCandidate(DependencyDescriptor.java:254)
	at org.springframework.beans.factory.support.DefaultListableBeanFactory.doResolveDependency(DefaultListableBeanFactory.java:1417)
	at org.springframework.beans.factory.support.DefaultListableBeanFactory.resolveDependency(DefaultListableBeanFactory.java:1337)
	at org.springframework.beans.factory.annotation.AutowiredAnnotationBeanPostProcessor$AutowiredFieldElement.resolveFieldValue(AutowiredAnnotationBeanPostProcessor.java:764)
	at org.springframework.beans.factory.annotation.AutowiredAnnotationBeanPostProcessor$AutowiredFieldElement.inject(AutowiredAnnotationBeanPostProcessor.java:747)
	at org.springframework.beans.factory.annotation.InjectionMetadata.inject(InjectionMetadata.java:145)
	at org.springframework.beans.factory.annotation.AutowiredAnnotationBeanPostProcessor.postProcessProperties(AutowiredAnnotationBeanPostProcessor.java:492)
	at org.springframework.beans.factory.support.AbstractAutowireCapableBeanFactory.populateBean(AbstractAutowireCapableBeanFactory.java:1416)
	at org.springframework.beans.factory.support.AbstractAutowireCapableBeanFactory.doCreateBean(AbstractAutowireCapableBeanFactory.java:597)
	at org.springframework.beans.factory.support.AbstractAutowireCapableBeanFactory.createBean(AbstractAutowireCapableBeanFactory.java:520)
	at org.springframework.beans.factory.support.AbstractBeanFactory.lambda$doGetBean$0(AbstractBeanFactory.java:325)
	at org.springframework.beans.factory.support.DefaultSingletonBeanRegistry.getSingleton(DefaultSingletonBeanRegistry.java:234)
	at org.springframework.beans.factory.support.AbstractBeanFactory.doGetBean(AbstractBeanFactory.java:323)
	at org.springframework.beans.factory.support.AbstractBeanFactory.getBean(AbstractBeanFactory.java:199)
	at org.springframework.beans.factory.support.DefaultListableBeanFactory.preInstantiateSingletons(DefaultListableBeanFactory.java:973)
	at org.springframework.context.support.AbstractApplicationContext.finishBeanFactoryInitialization(AbstractApplicationContext.java:950)
	at org.springframework.context.support.AbstractApplicationContext.refresh(AbstractApplicationContext.java:616)
	at org.springframework.boot.SpringApplication.refresh(SpringApplication.java:738)
	at org.springframework.boot.SpringApplication.refreshContext(SpringApplication.java:440)
	at org.springframework.boot.SpringApplication.run(SpringApplication.java:316)
	at org.springframework.boot.test.context.SpringBootContextLoader.lambda$loadContext$3(SpringBootContextLoader.java:137)
	at org.springframework.util.function.ThrowingSupplier.get(ThrowingSupplier.java:58)
	at org.springframework.util.function.ThrowingSupplier.get(ThrowingSupplier.java:46)
	at org.springframework.boot.SpringApplication.withHook(SpringApplication.java:1406)
	at org.springframework.boot.test.context.SpringBootContextLoader$ContextLoaderHook.run(SpringBootContextLoader.java:545)
	at org.springframework.boot.test.context.SpringBootContextLoader.loadContext(SpringBootContextLoader.java:137)
	at org.springframework.boot.test.context.SpringBootContextLoader.loadContext(SpringBootContextLoader.java:108)
	at org.springframework.test.context.cache.DefaultCacheAwareContextLoaderDelegate.loadContextInternal(DefaultCacheAwareContextLoaderDelegate.java:187)
	at org.springframework.test.context.cache.DefaultCacheAwareContextLoaderDelegate.loadContext(DefaultCacheAwareContextLoaderDelegate.java:119)
	at org.springframework.test.context.support.DefaultTestContext.getApplicationContext(DefaultTestContext.java:127)
	at org.springframework.test.context.web.ServletTestExecutionListener.setUpRequestContextIfNecessary(ServletTestExecutionListener.java:191)
	at org.springframework.test.context.web.ServletTestExecutionListener.prepareTestInstance(ServletTestExecutionListener.java:130)
	at org.springframework.test.context.TestContextManager.prepareTestInstance(TestContextManager.java:241)
	at org.springframework.test.context.junit.jupiter.SpringExtension.postProcessTestInstance(SpringExtension.java:138)
	at org.junit.jupiter.engine.descriptor.ClassBasedTestDescriptor.lambda$invokeTestInstancePostProcessors$10(ClassBasedTestDescriptor.java:377)
	at org.junit.jupiter.engine.descriptor.ClassBasedTestDescriptor.executeAndMaskThrowable(ClassBasedTestDescriptor.java:382)
	at org.junit.jupiter.engine.descriptor.ClassBasedTestDescriptor.lambda$invokeTestInstancePostProcessors$11(ClassBasedTestDescriptor.java:377)
	at java.base/java.util.stream.ReferencePipeline$3$1.accept(ReferencePipeline.java:197)
	at java.base/java.util.stream.ReferencePipeline$2$1.accept(ReferencePipeline.java:179)
	at java.base/java.util.ArrayList$ArrayListSpliterator.forEachRemaining(ArrayList.java:1625)
	at java.base/java.util.stream.AbstractPipeline.copyInto(AbstractPipeline.java:509)
	at java.base/java.util.stream.AbstractPipeline.wrapAndCopyInto(AbstractPipeline.java:499)
	at java.base/java.util.stream.StreamSpliterators$WrappingSpliterator.forEachRemaining(StreamSpliterators.java:310)
	at java.base/java.util.stream.Streams$ConcatSpliterator.forEachRemaining(Streams.java:735)
	at java.base/java.util.stream.Streams$ConcatSpliterator.forEachRemaining(Streams.java:734)
	at java.base/java.util.stream.ReferencePipeline$Head.forEach(ReferencePipeline.java:762)
	at org.junit.jupiter.engine.descriptor.ClassBasedTestDescriptor.invokeTestInstancePostProcessors(ClassBasedTestDescriptor.java:376)
	at org.junit.jupiter.engine.descriptor.ClassBasedTestDescriptor.lambda$instantiateAndPostProcessTestInstance$6(ClassBasedTestDescriptor.java:289)
	at org.junit.platform.engine.support.hierarchical.ThrowableCollector.execute(ThrowableCollector.java:73)
	at org.junit.jupiter.engine.descriptor.ClassBasedTestDescriptor.instantiateAndPostProcessTestInstance(ClassBasedTestDescriptor.java:288)
	at org.junit.jupiter.engine.descriptor.ClassBasedTestDescriptor.lambda$testInstancesProvider$4(ClassBasedTestDescriptor.java:278)
	at java.base/java.util.Optional.orElseGet(Optional.java:364)
	at org.junit.jupiter.engine.descriptor.ClassBasedTestDescriptor.lambda$testInstancesProvider$5(ClassBasedTestDescriptor.java:277)
	at org.junit.jupiter.engine.execution.TestInstancesProvider.getTestInstances(TestInstancesProvider.java:31)
	at org.junit.jupiter.engine.descriptor.TestMethodTestDescriptor.lambda$prepare$0(TestMethodTestDescriptor.java:105)
	at org.junit.platform.engine.support.hierarchical.ThrowableCollector.execute(ThrowableCollector.java:73)
	at org.junit.jupiter.engine.descriptor.TestMethodTestDescriptor.prepare(TestMethodTestDescriptor.java:104)
	at org.junit.jupiter.engine.descriptor.TestMethodTestDescriptor.prepare(TestMethodTestDescriptor.java:68)
	at org.junit.platform.engine.support.hierarchical.NodeTestTask.lambda$prepare$2(NodeTestTask.java:123)
	at org.junit.platform.engine.support.hierarchical.ThrowableCollector.execute(ThrowableCollector.java:73)
	at org.junit.platform.engine.support.hierarchical.NodeTestTask.prepare(NodeTestTask.java:123)
	at org.junit.platform.engine.support.hierarchical.NodeTestTask.execute(NodeTestTask.java:90)
	at java.base/java.util.ArrayList.forEach(ArrayList.java:1511)
	at org.junit.platform.engine.support.hierarchical.SameThreadHierarchicalTestExecutorService.invokeAll(SameThreadHierarchicalTestExecutorService.java:41)
	at org.junit.platform.engine.support.hierarchical.NodeTestTask.lambda$executeRecursively$6(NodeTestTask.java:155)
	at org.junit.platform.engine.support.hierarchical.ThrowableCollector.execute(ThrowableCollector.java:73)
	at org.junit.platform.engine.support.hierarchical.NodeTestTask.lambda$executeRecursively$8(NodeTestTask.java:141)
	at org.junit.platform.engine.support.hierarchical.Node.around(Node.java:137)
	at org.junit.platform.engine.support.hierarchical.NodeTestTask.lambda$executeRecursively$9(NodeTestTask.java:139)
	at org.junit.platform.engine.support.hierarchical.ThrowableCollector.execute(ThrowableCollector.java:73)
	at org.junit.platform.engine.support.hierarchical.NodeTestTask.executeRecursively(NodeTestTask.java:138)
	at org.junit.platform.engine.support.hierarchical.NodeTestTask.execute(NodeTestTask.java:95)
	at java.base/java.util.ArrayList.forEach(ArrayList.java:1511)
	at org.junit.platform.engine.support.hierarchical.SameThreadHierarchicalTestExecutorService.invokeAll(SameThreadHierarchicalTestExecutorService.java:41)
	at org.junit.platform.engine.support.hierarchical.NodeTestTask.lambda$executeRecursively$6(NodeTestTask.java:155)
	at org.junit.platform.engine.support.hierarchical.ThrowableCollector.execute(ThrowableCollector.java:73)
	at org.junit.platform.engine.support.hierarchical.NodeTestTask.lambda$executeRecursively$8(NodeTestTask.java:141)
	at org.junit.platform.engine.support.hierarchical.Node.around(Node.java:137)
	at org.junit.platform.engine.support.hierarchical.NodeTestTask.lambda$executeRecursively$9(NodeTestTask.java:139)
	at org.junit.platform.engine.support.hierarchical.ThrowableCollector.execute(ThrowableCollector.java:73)
	at org.junit.platform.engine.support.hierarchical.NodeTestTask.executeRecursively(NodeTestTask.java:138)
	at org.junit.platform.engine.support.hierarchical.NodeTestTask.execute(NodeTestTask.java:95)
	at org.junit.platform.engine.support.hierarchical.SameThreadHierarchicalTestExecutorService.submit(SameThreadHierarchicalTestExecutorService.java:35)
	at org.junit.platform.engine.support.hierarchical.HierarchicalTestExecutor.execute(HierarchicalTestExecutor.java:57)
	at org.junit.platform.engine.support.hierarchical.HierarchicalTestEngine.execute(HierarchicalTestEngine.java:54)
	at org.junit.platform.launcher.core.EngineExecutionOrchestrator.execute(EngineExecutionOrchestrator.java:147)
	at org.junit.platform.launcher.core.EngineExecutionOrchestrator.execute(EngineExecutionOrchestrator.java:127)
	at org.junit.platform.launcher.core.EngineExecutionOrchestrator.execute(EngineExecutionOrchestrator.java:90)
	at org.junit.platform.launcher.core.EngineExecutionOrchestrator.lambda$execute$0(EngineExecutionOrchestrator.java:55)
	at org.junit.platform.launcher.core.EngineExecutionOrchestrator.withInterceptedStreams(EngineExecutionOrchestrator.java:102)
	at org.junit.platform.launcher.core.EngineExecutionOrchestrator.execute(EngineExecutionOrchestrator.java:54)
	at org.junit.platform.launcher.core.DefaultLauncher.execute(DefaultLauncher.java:114)
	at org.junit.platform.launcher.core.DefaultLauncher.execute(DefaultLauncher.java:86)
	at org.junit.platform.launcher.core.DefaultLauncherSession$DelegatingLauncher.execute(DefaultLauncherSession.java:86)
	at org.apache.maven.surefire.junitplatform.LazyLauncher.execute(LazyLauncher.java:50)
	at org.apache.maven.surefire.junitplatform.JUnitPlatformProvider.execute(JUnitPlatformProvider.java:184)
	at org.apache.maven.surefire.junitplatform.JUnitPlatformProvider.invokeAllTests(JUnitPlatformProvider.java:148)
	at org.apache.maven.surefire.junitplatform.JUnitPlatformProvider.invoke(JUnitPlatformProvider.java:122)
	at org.apache.maven.surefire.booter.ForkedBooter.runSuitesInProcess(ForkedBooter.java:385)
	at org.apache.maven.surefire.booter.ForkedBooter.execute(ForkedBooter.java:162)
	at org.apache.maven.surefire.booter.ForkedBooter.run(ForkedBooter.java:507)
	at org.apache.maven.surefire.booter.ForkedBooter.main(ForkedBooter.java:495)
2023-11-24 12:36:42,311 TRACE o.h.i.SessionImpl [SessionImpl.java:402] Closing session [46d5a6f4-fb08-48ab-bd5b-7fa360214796]
2023-11-24 12:36:42,311 TRACE o.h.e.j.i.JdbcCoordinatorImpl [JdbcCoordinatorImpl.java:152] Closing JDBC container [org.hibernate.engine.jdbc.internal.JdbcCoordinatorImpl@7197ca88]
2023-11-24 12:36:42,312 TRACE o.h.r.j.i.ResourceRegistryStandardImpl [ResourceRegistryStandardImpl.java:329] Releasing JDBC resources
2023-11-24 12:36:42,312 TRACE o.h.r.j.i.LogicalConnectionManagedImpl [LogicalConnectionManagedImpl.java:256] Closing logical connection
2023-11-24 12:36:42,312 TRACE o.h.r.j.i.LogicalConnectionManagedImpl [LogicalConnectionManagedImpl.java:263] Logical connection closed
2023-11-24 12:36:42,312 TRACE o.h.i.SessionFactoryImpl$SessionBuilderImpl [SessionFactoryImpl.java:1298] Opening Hibernate Session.  tenant=null
2023-11-24 12:36:42,313 TRACE o.h.i.SessionImpl [SessionImpl.java:262] Opened Session [38aeed7d-073b-4d2d-ba52-809adf2c4591] at timestamp: 1700825802313
2023-11-24 12:36:42,313 TRACE o.h.i.SessionImpl [SessionImpl.java:402] Closing session [38aeed7d-073b-4d2d-ba52-809adf2c4591]
2023-11-24 12:36:42,313 TRACE o.h.e.j.i.JdbcCoordinatorImpl [JdbcCoordinatorImpl.java:152] Closing JDBC container [org.hibernate.engine.jdbc.internal.JdbcCoordinatorImpl@44173e21]
2023-11-24 12:36:42,313 TRACE o.h.r.j.i.ResourceRegistryStandardImpl [ResourceRegistryStandardImpl.java:329] Releasing JDBC resources
2023-11-24 12:36:42,314 TRACE o.h.r.j.i.LogicalConnectionManagedImpl [LogicalConnectionManagedImpl.java:256] Closing logical connection
2023-11-24 12:36:42,314 TRACE o.h.r.j.i.LogicalConnectionManagedImpl [LogicalConnectionManagedImpl.java:263] Logical connection closed
2023-11-24 12:36:42,315 TRACE o.h.i.SessionFactoryImpl$SessionBuilderImpl [SessionFactoryImpl.java:1298] Opening Hibernate Session.  tenant=null
2023-11-24 12:36:42,315 TRACE o.h.i.SessionImpl [SessionImpl.java:262] Opened Session [44a8c753-7462-4c77-bd4a-9b2d6afc6e0c] at timestamp: 1700825802315
2023-11-24 12:36:42,316 TRACE o.h.o.q.p.cache [QueryInterpretationCacheStandardImpl.java:121] QueryPlan#resolveHqlInterpretation( `select count(id) from SurveyReply  where endtime between :start and :end` )
2023-11-24 12:36:42,316 DEBUG o.h.o.q.hql [StandardHqlTranslator.java:75] HQL : select count(id) from SurveyReply  where endtime between :start and :end
2023-11-24 12:36:42,316 DEBUG o.h.o.q.h.reservedWordAsIdentifier [HqlParseTreeBuilder.java:43] Encountered use of reserved word as identifier : (
2023-11-24 12:36:42,317 DEBUG o.h.o.q.h.reservedWordAsIdentifier [HqlParseTreeBuilder.java:43] Encountered use of reserved word as identifier : )
2023-11-24 12:36:42,317 DEBUG o.h.o.q.h.reservedWordAsIdentifier [HqlParseTreeBuilder.java:43] Encountered use of reserved word as identifier : <EOF>
2023-11-24 12:36:42,318 DEBUG o.h.q.h.i.SemanticQueryBuilder [SemanticQueryBuilder.java:1904] Handling root path - SurveyReply
2023-11-24 12:36:42,318 TRACE o.h.o.q.s.creation [SqmPathRegistryImpl.java:59] SqmProcessingIndex#register(SqmPath) : franco.maurizio.hr.desk.com.persistence.entity.SurveyReply(961686282123955)
2023-11-24 12:36:42,318 TRACE o.h.o.q.hql [BasicDotIdentifierConsumer.java:83] BasicDotIdentifierHandler#consumeIdentifier( id, true, true ) - id
2023-11-24 12:36:42,319 TRACE o.h.o.q.hql [BasicDotIdentifierConsumer.java:118] BaseLocalSequencePart#consumeIdentifier( id, true, true ) - id
2023-11-24 12:36:42,319 DEBUG o.h.o.q.hql [SqmPathRegistryImpl.java:209] Unable to resolve unqualified attribute [id] in local from-clause
2023-11-24 12:36:42,319 TRACE o.h.o.q.hql [BasicDotIdentifierConsumer.java:83] BasicDotIdentifierHandler#consumeIdentifier( endtime, true, true ) - endtime
2023-11-24 12:36:42,320 TRACE o.h.o.q.hql [BasicDotIdentifierConsumer.java:118] BaseLocalSequencePart#consumeIdentifier( endtime, true, true ) - endtime
2023-11-24 12:36:42,320 DEBUG o.h.o.q.hql [SqmPathRegistryImpl.java:209] Unable to resolve unqualified attribute [endtime] in local from-clause
2023-11-24 12:36:42,320 DEBUG o.h.o.q.s.creation [AbstractSqmExpression.java:57] Applying inferable type to SqmExpression [SqmNamedParameter(start)] : null -> BasicSqmPathSource(endtime : LocalDateTime)
2023-11-24 12:36:42,321 DEBUG o.h.o.q.s.creation [AbstractSqmExpression.java:57] Applying inferable type to SqmExpression [SqmNamedParameter(end)] : null -> BasicSqmPathSource(endtime : LocalDateTime)
2023-11-24 12:36:42,321 DEBUG o.h.o.q.s.ast [SqmTreePrinter.java:168] SqmStatement Tree :
    -> [select]
      -> [query-spec]
        -> [select]
          -> [selection]
          <- [selection]
        <- [select]
        -> [from]
          -> [root] - `franco.maurizio.hr.desk.com.persistence.entity.SurveyReply(961686282123955)`
          <- [root] - `franco.maurizio.hr.desk.com.persistence.entity.SurveyReply(961686282123955)`
        <- [from]
        -> [where]
          -> [is-between]
            -> [basic-path] - `franco.maurizio.hr.desk.com.persistence.entity.SurveyReply(961686282123955).endtime`
            :start
            :end
          <- [is-between]
        <- [where]
      <- [query-spec]
    <- [select]

2023-11-24 12:36:42,321 TRACE o.h.i.SessionImpl [SessionImpl.java:402] Closing session [44a8c753-7462-4c77-bd4a-9b2d6afc6e0c]
2023-11-24 12:36:42,321 TRACE o.h.e.j.i.JdbcCoordinatorImpl [JdbcCoordinatorImpl.java:152] Closing JDBC container [org.hibernate.engine.jdbc.internal.JdbcCoordinatorImpl@76bc9a4b]
2023-11-24 12:36:42,322 TRACE o.h.r.j.i.ResourceRegistryStandardImpl [ResourceRegistryStandardImpl.java:329] Releasing JDBC resources
2023-11-24 12:36:42,322 TRACE o.h.r.j.i.LogicalConnectionManagedImpl [LogicalConnectionManagedImpl.java:256] Closing logical connection
2023-11-24 12:36:42,322 TRACE o.h.r.j.i.LogicalConnectionManagedImpl [LogicalConnectionManagedImpl.java:263] Logical connection closed
2023-11-24 12:36:42,324 TRACE o.h.i.SessionFactoryImpl$SessionBuilderImpl [SessionFactoryImpl.java:1298] Opening Hibernate Session.  tenant=null
2023-11-24 12:36:42,325 TRACE o.h.i.SessionImpl [SessionImpl.java:262] Opened Session [a5066d31-978a-4d3a-be74-78d7a4f4d508] at timestamp: 1700825802325
2023-11-24 12:36:42,325 DEBUG o.h.r.t.b.j.i.JdbcResourceLocalTransactionCoordinatorImpl [JdbcResourceLocalTransactionCoordinatorImpl.java:310] JDBC transaction marked for rollback-only (exception provided for stack trace)
java.lang.Exception: exception just for purpose of providing stack trace
	at org.hibernate.resource.transaction.backend.jdbc.internal.JdbcResourceLocalTransactionCoordinatorImpl$TransactionDriverControlImpl.markRollbackOnly(JdbcResourceLocalTransactionCoordinatorImpl.java:310)
	at org.hibernate.internal.AbstractSharedSessionContract.buildNamedQuery(AbstractSharedSessionContract.java:1021)
	at org.hibernate.internal.AbstractSharedSessionContract.createNamedQuery(AbstractSharedSessionContract.java:899)
	at org.hibernate.internal.AbstractSharedSessionContract.createNamedQuery(AbstractSharedSessionContract.java:120)
	at jdk.internal.reflect.GeneratedMethodAccessor47.invoke(Unknown Source)
	at java.base/jdk.internal.reflect.DelegatingMethodAccessorImpl.invoke(DelegatingMethodAccessorImpl.java:43)
	at java.base/java.lang.reflect.Method.invoke(Method.java:568)
	at org.springframework.orm.jpa.ExtendedEntityManagerCreator$ExtendedEntityManagerInvocationHandler.invoke(ExtendedEntityManagerCreator.java:360)
	at jdk.proxy2/jdk.proxy2.$Proxy191.createNamedQuery(Unknown Source)
	at org.springframework.data.jpa.repository.query.NamedQuery.hasNamedQuery(NamedQuery.java:113)
	at org.springframework.data.jpa.repository.query.JpaQueryLookupStrategy$DeclaredQueryLookupStrategy.getCountQuery(JpaQueryLookupStrategy.java:204)
	at org.springframework.data.jpa.repository.query.JpaQueryLookupStrategy$DeclaredQueryLookupStrategy.resolveQuery(JpaQueryLookupStrategy.java:171)
	at org.springframework.data.jpa.repository.query.JpaQueryLookupStrategy$CreateIfNotFoundQueryLookupStrategy.resolveQuery(JpaQueryLookupStrategy.java:252)
	at org.springframework.data.jpa.repository.query.JpaQueryLookupStrategy$AbstractQueryLookupStrategy.resolveQuery(JpaQueryLookupStrategy.java:95)
	at org.springframework.data.repository.core.support.QueryExecutorMethodInterceptor.lookupQuery(QueryExecutorMethodInterceptor.java:111)
	at org.springframework.data.repository.core.support.QueryExecutorMethodInterceptor.mapMethodsToQuery(QueryExecutorMethodInterceptor.java:99)
	at org.springframework.data.repository.core.support.QueryExecutorMethodInterceptor.lambda$new$0(QueryExecutorMethodInterceptor.java:88)
	at java.base/java.util.Optional.map(Optional.java:260)
	at org.springframework.data.repository.core.support.QueryExecutorMethodInterceptor.<init>(QueryExecutorMethodInterceptor.java:88)
	at org.springframework.data.repository.core.support.RepositoryFactorySupport.getRepository(RepositoryFactorySupport.java:357)
	at org.springframework.data.repository.core.support.RepositoryFactoryBeanSupport.lambda$afterPropertiesSet$5(RepositoryFactoryBeanSupport.java:279)
	at org.springframework.data.util.Lazy.getNullable(Lazy.java:245)
	at org.springframework.data.util.Lazy.get(Lazy.java:114)
	at org.springframework.data.repository.core.support.RepositoryFactoryBeanSupport.afterPropertiesSet(RepositoryFactoryBeanSupport.java:285)
	at org.springframework.data.jpa.repository.support.JpaRepositoryFactoryBean.afterPropertiesSet(JpaRepositoryFactoryBean.java:132)
	at org.springframework.beans.factory.support.AbstractAutowireCapableBeanFactory.invokeInitMethods(AbstractAutowireCapableBeanFactory.java:1817)
	at org.springframework.beans.factory.support.AbstractAutowireCapableBeanFactory.initializeBean(AbstractAutowireCapableBeanFactory.java:1766)
	at org.springframework.beans.factory.support.AbstractAutowireCapableBeanFactory.doCreateBean(AbstractAutowireCapableBeanFactory.java:598)
	at org.springframework.beans.factory.support.AbstractAutowireCapableBeanFactory.createBean(AbstractAutowireCapableBeanFactory.java:520)
	at org.springframework.beans.factory.support.AbstractBeanFactory.lambda$doGetBean$0(AbstractBeanFactory.java:325)
	at org.springframework.beans.factory.support.DefaultSingletonBeanRegistry.getSingleton(DefaultSingletonBeanRegistry.java:234)
	at org.springframework.beans.factory.support.AbstractBeanFactory.doGetBean(AbstractBeanFactory.java:323)
	at org.springframework.beans.factory.support.AbstractBeanFactory.getBean(AbstractBeanFactory.java:199)
	at org.springframework.beans.factory.config.DependencyDescriptor.resolveCandidate(DependencyDescriptor.java:254)
	at org.springframework.beans.factory.support.DefaultListableBeanFactory.doResolveDependency(DefaultListableBeanFactory.java:1417)
	at org.springframework.beans.factory.support.DefaultListableBeanFactory.resolveDependency(DefaultListableBeanFactory.java:1337)
	at org.springframework.beans.factory.annotation.AutowiredAnnotationBeanPostProcessor$AutowiredFieldElement.resolveFieldValue(AutowiredAnnotationBeanPostProcessor.java:764)
	at org.springframework.beans.factory.annotation.AutowiredAnnotationBeanPostProcessor$AutowiredFieldElement.inject(AutowiredAnnotationBeanPostProcessor.java:747)
	at org.springframework.beans.factory.annotation.InjectionMetadata.inject(InjectionMetadata.java:145)
	at org.springframework.beans.factory.annotation.AutowiredAnnotationBeanPostProcessor.postProcessProperties(AutowiredAnnotationBeanPostProcessor.java:492)
	at org.springframework.beans.factory.support.AbstractAutowireCapableBeanFactory.populateBean(AbstractAutowireCapableBeanFactory.java:1416)
	at org.springframework.beans.factory.support.AbstractAutowireCapableBeanFactory.doCreateBean(AbstractAutowireCapableBeanFactory.java:597)
	at org.springframework.beans.factory.support.AbstractAutowireCapableBeanFactory.createBean(AbstractAutowireCapableBeanFactory.java:520)
	at org.springframework.beans.factory.support.AbstractBeanFactory.lambda$doGetBean$0(AbstractBeanFactory.java:325)
	at org.springframework.beans.factory.support.DefaultSingletonBeanRegistry.getSingleton(DefaultSingletonBeanRegistry.java:234)
	at org.springframework.beans.factory.support.AbstractBeanFactory.doGetBean(AbstractBeanFactory.java:323)
	at org.springframework.beans.factory.support.AbstractBeanFactory.getBean(AbstractBeanFactory.java:199)
	at org.springframework.beans.factory.config.DependencyDescriptor.resolveCandidate(DependencyDescriptor.java:254)
	at org.springframework.beans.factory.support.DefaultListableBeanFactory.doResolveDependency(DefaultListableBeanFactory.java:1417)
	at org.springframework.beans.factory.support.DefaultListableBeanFactory.resolveDependency(DefaultListableBeanFactory.java:1337)
	at org.springframework.beans.factory.annotation.AutowiredAnnotationBeanPostProcessor$AutowiredFieldElement.resolveFieldValue(AutowiredAnnotationBeanPostProcessor.java:764)
	at org.springframework.beans.factory.annotation.AutowiredAnnotationBeanPostProcessor$AutowiredFieldElement.inject(AutowiredAnnotationBeanPostProcessor.java:747)
	at org.springframework.beans.factory.annotation.InjectionMetadata.inject(InjectionMetadata.java:145)
	at org.springframework.beans.factory.annotation.AutowiredAnnotationBeanPostProcessor.postProcessProperties(AutowiredAnnotationBeanPostProcessor.java:492)
	at org.springframework.beans.factory.support.AbstractAutowireCapableBeanFactory.populateBean(AbstractAutowireCapableBeanFactory.java:1416)
	at org.springframework.beans.factory.support.AbstractAutowireCapableBeanFactory.doCreateBean(AbstractAutowireCapableBeanFactory.java:597)
	at org.springframework.beans.factory.support.AbstractAutowireCapableBeanFactory.createBean(AbstractAutowireCapableBeanFactory.java:520)
	at org.springframework.beans.factory.support.AbstractBeanFactory.lambda$doGetBean$0(AbstractBeanFactory.java:325)
	at org.springframework.beans.factory.support.DefaultSingletonBeanRegistry.getSingleton(DefaultSingletonBeanRegistry.java:234)
	at org.springframework.beans.factory.support.AbstractBeanFactory.doGetBean(AbstractBeanFactory.java:323)
	at org.springframework.beans.factory.support.AbstractBeanFactory.getBean(AbstractBeanFactory.java:199)
	at org.springframework.beans.factory.support.DefaultListableBeanFactory.preInstantiateSingletons(DefaultListableBeanFactory.java:973)
	at org.springframework.context.support.AbstractApplicationContext.finishBeanFactoryInitialization(AbstractApplicationContext.java:950)
	at org.springframework.context.support.AbstractApplicationContext.refresh(AbstractApplicationContext.java:616)
	at org.springframework.boot.SpringApplication.refresh(SpringApplication.java:738)
	at org.springframework.boot.SpringApplication.refreshContext(SpringApplication.java:440)
	at org.springframework.boot.SpringApplication.run(SpringApplication.java:316)
	at org.springframework.boot.test.context.SpringBootContextLoader.lambda$loadContext$3(SpringBootContextLoader.java:137)
	at org.springframework.util.function.ThrowingSupplier.get(ThrowingSupplier.java:58)
	at org.springframework.util.function.ThrowingSupplier.get(ThrowingSupplier.java:46)
	at org.springframework.boot.SpringApplication.withHook(SpringApplication.java:1406)
	at org.springframework.boot.test.context.SpringBootContextLoader$ContextLoaderHook.run(SpringBootContextLoader.java:545)
	at org.springframework.boot.test.context.SpringBootContextLoader.loadContext(SpringBootContextLoader.java:137)
	at org.springframework.boot.test.context.SpringBootContextLoader.loadContext(SpringBootContextLoader.java:108)
	at org.springframework.test.context.cache.DefaultCacheAwareContextLoaderDelegate.loadContextInternal(DefaultCacheAwareContextLoaderDelegate.java:187)
	at org.springframework.test.context.cache.DefaultCacheAwareContextLoaderDelegate.loadContext(DefaultCacheAwareContextLoaderDelegate.java:119)
	at org.springframework.test.context.support.DefaultTestContext.getApplicationContext(DefaultTestContext.java:127)
	at org.springframework.test.context.web.ServletTestExecutionListener.setUpRequestContextIfNecessary(ServletTestExecutionListener.java:191)
	at org.springframework.test.context.web.ServletTestExecutionListener.prepareTestInstance(ServletTestExecutionListener.java:130)
	at org.springframework.test.context.TestContextManager.prepareTestInstance(TestContextManager.java:241)
	at org.springframework.test.context.junit.jupiter.SpringExtension.postProcessTestInstance(SpringExtension.java:138)
	at org.junit.jupiter.engine.descriptor.ClassBasedTestDescriptor.lambda$invokeTestInstancePostProcessors$10(ClassBasedTestDescriptor.java:377)
	at org.junit.jupiter.engine.descriptor.ClassBasedTestDescriptor.executeAndMaskThrowable(ClassBasedTestDescriptor.java:382)
	at org.junit.jupiter.engine.descriptor.ClassBasedTestDescriptor.lambda$invokeTestInstancePostProcessors$11(ClassBasedTestDescriptor.java:377)
	at java.base/java.util.stream.ReferencePipeline$3$1.accept(ReferencePipeline.java:197)
	at java.base/java.util.stream.ReferencePipeline$2$1.accept(ReferencePipeline.java:179)
	at java.base/java.util.ArrayList$ArrayListSpliterator.forEachRemaining(ArrayList.java:1625)
	at java.base/java.util.stream.AbstractPipeline.copyInto(AbstractPipeline.java:509)
	at java.base/java.util.stream.AbstractPipeline.wrapAndCopyInto(AbstractPipeline.java:499)
	at java.base/java.util.stream.StreamSpliterators$WrappingSpliterator.forEachRemaining(StreamSpliterators.java:310)
	at java.base/java.util.stream.Streams$ConcatSpliterator.forEachRemaining(Streams.java:735)
	at java.base/java.util.stream.Streams$ConcatSpliterator.forEachRemaining(Streams.java:734)
	at java.base/java.util.stream.ReferencePipeline$Head.forEach(ReferencePipeline.java:762)
	at org.junit.jupiter.engine.descriptor.ClassBasedTestDescriptor.invokeTestInstancePostProcessors(ClassBasedTestDescriptor.java:376)
	at org.junit.jupiter.engine.descriptor.ClassBasedTestDescriptor.lambda$instantiateAndPostProcessTestInstance$6(ClassBasedTestDescriptor.java:289)
	at org.junit.platform.engine.support.hierarchical.ThrowableCollector.execute(ThrowableCollector.java:73)
	at org.junit.jupiter.engine.descriptor.ClassBasedTestDescriptor.instantiateAndPostProcessTestInstance(ClassBasedTestDescriptor.java:288)
	at org.junit.jupiter.engine.descriptor.ClassBasedTestDescriptor.lambda$testInstancesProvider$4(ClassBasedTestDescriptor.java:278)
	at java.base/java.util.Optional.orElseGet(Optional.java:364)
	at org.junit.jupiter.engine.descriptor.ClassBasedTestDescriptor.lambda$testInstancesProvider$5(ClassBasedTestDescriptor.java:277)
	at org.junit.jupiter.engine.execution.TestInstancesProvider.getTestInstances(TestInstancesProvider.java:31)
	at org.junit.jupiter.engine.descriptor.TestMethodTestDescriptor.lambda$prepare$0(TestMethodTestDescriptor.java:105)
	at org.junit.platform.engine.support.hierarchical.ThrowableCollector.execute(ThrowableCollector.java:73)
	at org.junit.jupiter.engine.descriptor.TestMethodTestDescriptor.prepare(TestMethodTestDescriptor.java:104)
	at org.junit.jupiter.engine.descriptor.TestMethodTestDescriptor.prepare(TestMethodTestDescriptor.java:68)
	at org.junit.platform.engine.support.hierarchical.NodeTestTask.lambda$prepare$2(NodeTestTask.java:123)
	at org.junit.platform.engine.support.hierarchical.ThrowableCollector.execute(ThrowableCollector.java:73)
	at org.junit.platform.engine.support.hierarchical.NodeTestTask.prepare(NodeTestTask.java:123)
	at org.junit.platform.engine.support.hierarchical.NodeTestTask.execute(NodeTestTask.java:90)
	at java.base/java.util.ArrayList.forEach(ArrayList.java:1511)
	at org.junit.platform.engine.support.hierarchical.SameThreadHierarchicalTestExecutorService.invokeAll(SameThreadHierarchicalTestExecutorService.java:41)
	at org.junit.platform.engine.support.hierarchical.NodeTestTask.lambda$executeRecursively$6(NodeTestTask.java:155)
	at org.junit.platform.engine.support.hierarchical.ThrowableCollector.execute(ThrowableCollector.java:73)
	at org.junit.platform.engine.support.hierarchical.NodeTestTask.lambda$executeRecursively$8(NodeTestTask.java:141)
	at org.junit.platform.engine.support.hierarchical.Node.around(Node.java:137)
	at org.junit.platform.engine.support.hierarchical.NodeTestTask.lambda$executeRecursively$9(NodeTestTask.java:139)
	at org.junit.platform.engine.support.hierarchical.ThrowableCollector.execute(ThrowableCollector.java:73)
	at org.junit.platform.engine.support.hierarchical.NodeTestTask.executeRecursively(NodeTestTask.java:138)
	at org.junit.platform.engine.support.hierarchical.NodeTestTask.execute(NodeTestTask.java:95)
	at java.base/java.util.ArrayList.forEach(ArrayList.java:1511)
	at org.junit.platform.engine.support.hierarchical.SameThreadHierarchicalTestExecutorService.invokeAll(SameThreadHierarchicalTestExecutorService.java:41)
	at org.junit.platform.engine.support.hierarchical.NodeTestTask.lambda$executeRecursively$6(NodeTestTask.java:155)
	at org.junit.platform.engine.support.hierarchical.ThrowableCollector.execute(ThrowableCollector.java:73)
	at org.junit.platform.engine.support.hierarchical.NodeTestTask.lambda$executeRecursively$8(NodeTestTask.java:141)
	at org.junit.platform.engine.support.hierarchical.Node.around(Node.java:137)
	at org.junit.platform.engine.support.hierarchical.NodeTestTask.lambda$executeRecursively$9(NodeTestTask.java:139)
	at org.junit.platform.engine.support.hierarchical.ThrowableCollector.execute(ThrowableCollector.java:73)
	at org.junit.platform.engine.support.hierarchical.NodeTestTask.executeRecursively(NodeTestTask.java:138)
	at org.junit.platform.engine.support.hierarchical.NodeTestTask.execute(NodeTestTask.java:95)
	at org.junit.platform.engine.support.hierarchical.SameThreadHierarchicalTestExecutorService.submit(SameThreadHierarchicalTestExecutorService.java:35)
	at org.junit.platform.engine.support.hierarchical.HierarchicalTestExecutor.execute(HierarchicalTestExecutor.java:57)
	at org.junit.platform.engine.support.hierarchical.HierarchicalTestEngine.execute(HierarchicalTestEngine.java:54)
	at org.junit.platform.launcher.core.EngineExecutionOrchestrator.execute(EngineExecutionOrchestrator.java:147)
	at org.junit.platform.launcher.core.EngineExecutionOrchestrator.execute(EngineExecutionOrchestrator.java:127)
	at org.junit.platform.launcher.core.EngineExecutionOrchestrator.execute(EngineExecutionOrchestrator.java:90)
	at org.junit.platform.launcher.core.EngineExecutionOrchestrator.lambda$execute$0(EngineExecutionOrchestrator.java:55)
	at org.junit.platform.launcher.core.EngineExecutionOrchestrator.withInterceptedStreams(EngineExecutionOrchestrator.java:102)
	at org.junit.platform.launcher.core.EngineExecutionOrchestrator.execute(EngineExecutionOrchestrator.java:54)
	at org.junit.platform.launcher.core.DefaultLauncher.execute(DefaultLauncher.java:114)
	at org.junit.platform.launcher.core.DefaultLauncher.execute(DefaultLauncher.java:86)
	at org.junit.platform.launcher.core.DefaultLauncherSession$DelegatingLauncher.execute(DefaultLauncherSession.java:86)
	at org.apache.maven.surefire.junitplatform.LazyLauncher.execute(LazyLauncher.java:50)
	at org.apache.maven.surefire.junitplatform.JUnitPlatformProvider.execute(JUnitPlatformProvider.java:184)
	at org.apache.maven.surefire.junitplatform.JUnitPlatformProvider.invokeAllTests(JUnitPlatformProvider.java:148)
	at org.apache.maven.surefire.junitplatform.JUnitPlatformProvider.invoke(JUnitPlatformProvider.java:122)
	at org.apache.maven.surefire.booter.ForkedBooter.runSuitesInProcess(ForkedBooter.java:385)
	at org.apache.maven.surefire.booter.ForkedBooter.execute(ForkedBooter.java:162)
	at org.apache.maven.surefire.booter.ForkedBooter.run(ForkedBooter.java:507)
	at org.apache.maven.surefire.booter.ForkedBooter.main(ForkedBooter.java:495)
2023-11-24 12:36:42,326 TRACE o.h.i.SessionImpl [SessionImpl.java:402] Closing session [a5066d31-978a-4d3a-be74-78d7a4f4d508]
2023-11-24 12:36:42,326 TRACE o.h.e.j.i.JdbcCoordinatorImpl [JdbcCoordinatorImpl.java:152] Closing JDBC container [org.hibernate.engine.jdbc.internal.JdbcCoordinatorImpl@5bfc2af4]
2023-11-24 12:36:42,326 TRACE o.h.r.j.i.ResourceRegistryStandardImpl [ResourceRegistryStandardImpl.java:329] Releasing JDBC resources
2023-11-24 12:36:42,326 TRACE o.h.r.j.i.LogicalConnectionManagedImpl [LogicalConnectionManagedImpl.java:256] Closing logical connection
2023-11-24 12:36:42,327 TRACE o.h.r.j.i.LogicalConnectionManagedImpl [LogicalConnectionManagedImpl.java:263] Logical connection closed
2023-11-24 12:36:42,327 TRACE o.h.i.SessionFactoryImpl$SessionBuilderImpl [SessionFactoryImpl.java:1298] Opening Hibernate Session.  tenant=null
2023-11-24 12:36:42,327 TRACE o.h.i.SessionImpl [SessionImpl.java:262] Opened Session [d8430dbb-51c9-4253-ad6f-61edd3611e3e] at timestamp: 1700825802327
2023-11-24 12:36:42,327 TRACE o.h.i.SessionImpl [SessionImpl.java:402] Closing session [d8430dbb-51c9-4253-ad6f-61edd3611e3e]
2023-11-24 12:36:42,327 TRACE o.h.e.j.i.JdbcCoordinatorImpl [JdbcCoordinatorImpl.java:152] Closing JDBC container [org.hibernate.engine.jdbc.internal.JdbcCoordinatorImpl@5f78a1f5]
2023-11-24 12:36:42,328 TRACE o.h.r.j.i.ResourceRegistryStandardImpl [ResourceRegistryStandardImpl.java:329] Releasing JDBC resources
2023-11-24 12:36:42,328 TRACE o.h.r.j.i.LogicalConnectionManagedImpl [LogicalConnectionManagedImpl.java:256] Closing logical connection
2023-11-24 12:36:42,328 TRACE o.h.r.j.i.LogicalConnectionManagedImpl [LogicalConnectionManagedImpl.java:263] Logical connection closed
2023-11-24 12:36:42,329 TRACE o.h.i.SessionFactoryImpl$SessionBuilderImpl [SessionFactoryImpl.java:1298] Opening Hibernate Session.  tenant=null
2023-11-24 12:36:42,330 TRACE o.h.i.SessionImpl [SessionImpl.java:262] Opened Session [b6119a2f-7a44-4233-b7ea-bc4b723f8d55] at timestamp: 1700825802330
2023-11-24 12:36:42,330 TRACE o.h.o.q.p.cache [QueryInterpretationCacheStandardImpl.java:121] QueryPlan#resolveHqlInterpretation( `select count(id) from SurveyReply where endtime >=  :ldtstart AND endtime < :ldtend` )
2023-11-24 12:36:42,330 DEBUG o.h.o.q.hql [StandardHqlTranslator.java:75] HQL : select count(id) from SurveyReply where endtime >=  :ldtstart AND endtime < :ldtend
2023-11-24 12:36:42,331 DEBUG o.h.o.q.h.reservedWordAsIdentifier [HqlParseTreeBuilder.java:43] Encountered use of reserved word as identifier : (
2023-11-24 12:36:42,331 DEBUG o.h.o.q.h.reservedWordAsIdentifier [HqlParseTreeBuilder.java:43] Encountered use of reserved word as identifier : )
2023-11-24 12:36:42,331 DEBUG o.h.q.h.i.SemanticQueryBuilder [SemanticQueryBuilder.java:1904] Handling root path - SurveyReply
2023-11-24 12:36:42,331 TRACE o.h.o.q.s.creation [SqmPathRegistryImpl.java:59] SqmProcessingIndex#register(SqmPath) : franco.maurizio.hr.desk.com.persistence.entity.SurveyReply(961686295419809)
2023-11-24 12:36:42,332 TRACE o.h.o.q.hql [BasicDotIdentifierConsumer.java:83] BasicDotIdentifierHandler#consumeIdentifier( id, true, true ) - id
2023-11-24 12:36:42,332 TRACE o.h.o.q.hql [BasicDotIdentifierConsumer.java:118] BaseLocalSequencePart#consumeIdentifier( id, true, true ) - id
2023-11-24 12:36:42,332 DEBUG o.h.o.q.hql [SqmPathRegistryImpl.java:209] Unable to resolve unqualified attribute [id] in local from-clause
2023-11-24 12:36:42,332 TRACE o.h.o.q.hql [BasicDotIdentifierConsumer.java:83] BasicDotIdentifierHandler#consumeIdentifier( endtime, true, true ) - endtime
2023-11-24 12:36:42,332 TRACE o.h.o.q.hql [BasicDotIdentifierConsumer.java:118] BaseLocalSequencePart#consumeIdentifier( endtime, true, true ) - endtime
2023-11-24 12:36:42,332 DEBUG o.h.o.q.hql [SqmPathRegistryImpl.java:209] Unable to resolve unqualified attribute [endtime] in local from-clause
2023-11-24 12:36:42,333 DEBUG o.h.o.q.s.creation [AbstractSqmExpression.java:57] Applying inferable type to SqmExpression [SqmNamedParameter(ldtstart)] : null -> BasicSqmPathSource(endtime : LocalDateTime)
2023-11-24 12:36:42,333 TRACE o.h.o.q.hql [BasicDotIdentifierConsumer.java:83] BasicDotIdentifierHandler#consumeIdentifier( endtime, true, true ) - endtime
2023-11-24 12:36:42,333 TRACE o.h.o.q.hql [BasicDotIdentifierConsumer.java:118] BaseLocalSequencePart#consumeIdentifier( endtime, true, true ) - endtime
2023-11-24 12:36:42,333 DEBUG o.h.o.q.hql [SqmPathRegistryImpl.java:209] Unable to resolve unqualified attribute [endtime] in local from-clause
2023-11-24 12:36:42,333 DEBUG o.h.o.q.s.creation [AbstractSqmExpression.java:57] Applying inferable type to SqmExpression [SqmNamedParameter(ldtend)] : null -> BasicSqmPathSource(endtime : LocalDateTime)
2023-11-24 12:36:42,334 DEBUG o.h.o.q.s.ast [SqmTreePrinter.java:168] SqmStatement Tree :
    -> [select]
      -> [query-spec]
        -> [select]
          -> [selection]
          <- [selection]
        <- [select]
        -> [from]
          -> [root] - `franco.maurizio.hr.desk.com.persistence.entity.SurveyReply(961686295419809)`
          <- [root] - `franco.maurizio.hr.desk.com.persistence.entity.SurveyReply(961686295419809)`
        <- [from]
        -> [where]
          -> [and]
            -> [GREATER_THAN_OR_EQUAL]
                -> [basic-path] - `franco.maurizio.hr.desk.com.persistence.entity.SurveyReply(961686295419809).endtime`
                :ldtstart
            <- [GREATER_THAN_OR_EQUAL]
            -> [LESS_THAN]
                -> [basic-path] - `franco.maurizio.hr.desk.com.persistence.entity.SurveyReply(961686295419809).endtime`
                :ldtend
            <- [LESS_THAN]
          <- [and]
        <- [where]
      <- [query-spec]
    <- [select]

2023-11-24 12:36:42,334 TRACE o.h.i.SessionImpl [SessionImpl.java:402] Closing session [b6119a2f-7a44-4233-b7ea-bc4b723f8d55]
2023-11-24 12:36:42,334 TRACE o.h.e.j.i.JdbcCoordinatorImpl [JdbcCoordinatorImpl.java:152] Closing JDBC container [org.hibernate.engine.jdbc.internal.JdbcCoordinatorImpl@49efeaca]
2023-11-24 12:36:42,334 TRACE o.h.r.j.i.ResourceRegistryStandardImpl [ResourceRegistryStandardImpl.java:329] Releasing JDBC resources
2023-11-24 12:36:42,334 TRACE o.h.r.j.i.LogicalConnectionManagedImpl [LogicalConnectionManagedImpl.java:256] Closing logical connection
2023-11-24 12:36:42,334 TRACE o.h.r.j.i.LogicalConnectionManagedImpl [LogicalConnectionManagedImpl.java:263] Logical connection closed
2023-11-24 12:36:42,339 TRACE o.h.i.SessionFactoryImpl$SessionBuilderImpl [SessionFactoryImpl.java:1298] Opening Hibernate Session.  tenant=null
2023-11-24 12:36:42,339 TRACE o.h.i.SessionImpl [SessionImpl.java:262] Opened Session [3b92ed0e-e023-439d-8fea-527d5a682aa8] at timestamp: 1700825802339
2023-11-24 12:36:42,339 TRACE o.h.i.SessionImpl [SessionImpl.java:402] Closing session [3b92ed0e-e023-439d-8fea-527d5a682aa8]
2023-11-24 12:36:42,339 TRACE o.h.e.j.i.JdbcCoordinatorImpl [JdbcCoordinatorImpl.java:152] Closing JDBC container [org.hibernate.engine.jdbc.internal.JdbcCoordinatorImpl@5aac96c5]
2023-11-24 12:36:42,339 TRACE o.h.r.j.i.ResourceRegistryStandardImpl [ResourceRegistryStandardImpl.java:329] Releasing JDBC resources
2023-11-24 12:36:42,340 TRACE o.h.r.j.i.LogicalConnectionManagedImpl [LogicalConnectionManagedImpl.java:256] Closing logical connection
2023-11-24 12:36:42,340 TRACE o.h.r.j.i.LogicalConnectionManagedImpl [LogicalConnectionManagedImpl.java:263] Logical connection closed
2023-11-24 12:36:42,347 TRACE o.h.i.SessionFactoryImpl$SessionBuilderImpl [SessionFactoryImpl.java:1298] Opening Hibernate Session.  tenant=null
2023-11-24 12:36:42,347 TRACE o.h.i.SessionImpl [SessionImpl.java:262] Opened Session [6d8547da-3ef7-4a01-a2c1-a4205ad2832a] at timestamp: 1700825802347
2023-11-24 12:36:42,348 TRACE o.h.i.SessionImpl [SessionImpl.java:402] Closing session [6d8547da-3ef7-4a01-a2c1-a4205ad2832a]
2023-11-24 12:36:42,348 TRACE o.h.e.j.i.JdbcCoordinatorImpl [JdbcCoordinatorImpl.java:152] Closing JDBC container [org.hibernate.engine.jdbc.internal.JdbcCoordinatorImpl@36f5aa2a]
2023-11-24 12:36:42,348 TRACE o.h.r.j.i.ResourceRegistryStandardImpl [ResourceRegistryStandardImpl.java:329] Releasing JDBC resources
2023-11-24 12:36:42,348 TRACE o.h.r.j.i.LogicalConnectionManagedImpl [LogicalConnectionManagedImpl.java:256] Closing logical connection
2023-11-24 12:36:42,349 TRACE o.h.r.j.i.LogicalConnectionManagedImpl [LogicalConnectionManagedImpl.java:263] Logical connection closed
2023-11-24 12:36:42,385 TRACE o.h.i.SessionFactoryImpl$SessionBuilderImpl [SessionFactoryImpl.java:1298] Opening Hibernate Session.  tenant=null
2023-11-24 12:36:42,385 TRACE o.h.i.SessionImpl [SessionImpl.java:262] Opened Session [12291fae-ce43-4b89-8bec-11f416ba4fc0] at timestamp: 1700825802385
2023-11-24 12:36:42,385 DEBUG o.h.r.t.b.j.i.JdbcResourceLocalTransactionCoordinatorImpl [JdbcResourceLocalTransactionCoordinatorImpl.java:310] JDBC transaction marked for rollback-only (exception provided for stack trace)
java.lang.Exception: exception just for purpose of providing stack trace
	at org.hibernate.resource.transaction.backend.jdbc.internal.JdbcResourceLocalTransactionCoordinatorImpl$TransactionDriverControlImpl.markRollbackOnly(JdbcResourceLocalTransactionCoordinatorImpl.java:310)
	at org.hibernate.internal.AbstractSharedSessionContract.buildNamedQuery(AbstractSharedSessionContract.java:1021)
	at org.hibernate.internal.AbstractSharedSessionContract.createNamedQuery(AbstractSharedSessionContract.java:899)
	at org.hibernate.internal.AbstractSharedSessionContract.createNamedQuery(AbstractSharedSessionContract.java:120)
	at jdk.internal.reflect.GeneratedMethodAccessor47.invoke(Unknown Source)
	at java.base/jdk.internal.reflect.DelegatingMethodAccessorImpl.invoke(DelegatingMethodAccessorImpl.java:43)
	at java.base/java.lang.reflect.Method.invoke(Method.java:568)
	at org.springframework.orm.jpa.ExtendedEntityManagerCreator$ExtendedEntityManagerInvocationHandler.invoke(ExtendedEntityManagerCreator.java:360)
	at jdk.proxy2/jdk.proxy2.$Proxy191.createNamedQuery(Unknown Source)
	at org.springframework.data.jpa.repository.query.NamedQuery.hasNamedQuery(NamedQuery.java:113)
	at org.springframework.data.jpa.repository.query.NamedQuery.lookupFrom(NamedQuery.java:141)
	at org.springframework.data.jpa.repository.query.JpaQueryLookupStrategy$DeclaredQueryLookupStrategy.resolveQuery(JpaQueryLookupStrategy.java:180)
	at org.springframework.data.jpa.repository.query.JpaQueryLookupStrategy$CreateIfNotFoundQueryLookupStrategy.resolveQuery(JpaQueryLookupStrategy.java:252)
	at org.springframework.data.jpa.repository.query.JpaQueryLookupStrategy$AbstractQueryLookupStrategy.resolveQuery(JpaQueryLookupStrategy.java:95)
	at org.springframework.data.repository.core.support.QueryExecutorMethodInterceptor.lookupQuery(QueryExecutorMethodInterceptor.java:111)
	at org.springframework.data.repository.core.support.QueryExecutorMethodInterceptor.mapMethodsToQuery(QueryExecutorMethodInterceptor.java:99)
	at org.springframework.data.repository.core.support.QueryExecutorMethodInterceptor.lambda$new$0(QueryExecutorMethodInterceptor.java:88)
	at java.base/java.util.Optional.map(Optional.java:260)
	at org.springframework.data.repository.core.support.QueryExecutorMethodInterceptor.<init>(QueryExecutorMethodInterceptor.java:88)
	at org.springframework.data.repository.core.support.RepositoryFactorySupport.getRepository(RepositoryFactorySupport.java:357)
	at org.springframework.data.repository.core.support.RepositoryFactoryBeanSupport.lambda$afterPropertiesSet$5(RepositoryFactoryBeanSupport.java:279)
	at org.springframework.data.util.Lazy.getNullable(Lazy.java:245)
	at org.springframework.data.util.Lazy.get(Lazy.java:114)
	at org.springframework.data.repository.core.support.RepositoryFactoryBeanSupport.afterPropertiesSet(RepositoryFactoryBeanSupport.java:285)
	at org.springframework.data.jpa.repository.support.JpaRepositoryFactoryBean.afterPropertiesSet(JpaRepositoryFactoryBean.java:132)
	at org.springframework.beans.factory.support.AbstractAutowireCapableBeanFactory.invokeInitMethods(AbstractAutowireCapableBeanFactory.java:1817)
	at org.springframework.beans.factory.support.AbstractAutowireCapableBeanFactory.initializeBean(AbstractAutowireCapableBeanFactory.java:1766)
	at org.springframework.beans.factory.support.AbstractAutowireCapableBeanFactory.doCreateBean(AbstractAutowireCapableBeanFactory.java:598)
	at org.springframework.beans.factory.support.AbstractAutowireCapableBeanFactory.createBean(AbstractAutowireCapableBeanFactory.java:520)
	at org.springframework.beans.factory.support.AbstractBeanFactory.lambda$doGetBean$0(AbstractBeanFactory.java:325)
	at org.springframework.beans.factory.support.DefaultSingletonBeanRegistry.getSingleton(DefaultSingletonBeanRegistry.java:234)
	at org.springframework.beans.factory.support.AbstractBeanFactory.doGetBean(AbstractBeanFactory.java:323)
	at org.springframework.beans.factory.support.AbstractBeanFactory.getBean(AbstractBeanFactory.java:199)
	at org.springframework.beans.factory.config.DependencyDescriptor.resolveCandidate(DependencyDescriptor.java:254)
	at org.springframework.beans.factory.support.DefaultListableBeanFactory.doResolveDependency(DefaultListableBeanFactory.java:1417)
	at org.springframework.beans.factory.support.DefaultListableBeanFactory.resolveDependency(DefaultListableBeanFactory.java:1337)
	at org.springframework.beans.factory.annotation.AutowiredAnnotationBeanPostProcessor$AutowiredFieldElement.resolveFieldValue(AutowiredAnnotationBeanPostProcessor.java:764)
	at org.springframework.beans.factory.annotation.AutowiredAnnotationBeanPostProcessor$AutowiredFieldElement.inject(AutowiredAnnotationBeanPostProcessor.java:747)
	at org.springframework.beans.factory.annotation.InjectionMetadata.inject(InjectionMetadata.java:145)
	at org.springframework.beans.factory.annotation.AutowiredAnnotationBeanPostProcessor.postProcessProperties(AutowiredAnnotationBeanPostProcessor.java:492)
	at org.springframework.beans.factory.support.AbstractAutowireCapableBeanFactory.populateBean(AbstractAutowireCapableBeanFactory.java:1416)
	at org.springframework.beans.factory.support.AbstractAutowireCapableBeanFactory.doCreateBean(AbstractAutowireCapableBeanFactory.java:597)
	at org.springframework.beans.factory.support.AbstractAutowireCapableBeanFactory.createBean(AbstractAutowireCapableBeanFactory.java:520)
	at org.springframework.beans.factory.support.AbstractBeanFactory.lambda$doGetBean$0(AbstractBeanFactory.java:325)
	at org.springframework.beans.factory.support.DefaultSingletonBeanRegistry.getSingleton(DefaultSingletonBeanRegistry.java:234)
	at org.springframework.beans.factory.support.AbstractBeanFactory.doGetBean(AbstractBeanFactory.java:323)
	at org.springframework.beans.factory.support.AbstractBeanFactory.getBean(AbstractBeanFactory.java:199)
	at org.springframework.beans.factory.config.DependencyDescriptor.resolveCandidate(DependencyDescriptor.java:254)
	at org.springframework.beans.factory.support.DefaultListableBeanFactory.doResolveDependency(DefaultListableBeanFactory.java:1417)
	at org.springframework.beans.factory.support.DefaultListableBeanFactory.resolveDependency(DefaultListableBeanFactory.java:1337)
	at org.springframework.beans.factory.annotation.AutowiredAnnotationBeanPostProcessor$AutowiredFieldElement.resolveFieldValue(AutowiredAnnotationBeanPostProcessor.java:764)
	at org.springframework.beans.factory.annotation.AutowiredAnnotationBeanPostProcessor$AutowiredFieldElement.inject(AutowiredAnnotationBeanPostProcessor.java:747)
	at org.springframework.beans.factory.annotation.InjectionMetadata.inject(InjectionMetadata.java:145)
	at org.springframework.beans.factory.annotation.AutowiredAnnotationBeanPostProcessor.postProcessProperties(AutowiredAnnotationBeanPostProcessor.java:492)
	at org.springframework.beans.factory.support.AbstractAutowireCapableBeanFactory.populateBean(AbstractAutowireCapableBeanFactory.java:1416)
	at org.springframework.beans.factory.support.AbstractAutowireCapableBeanFactory.doCreateBean(AbstractAutowireCapableBeanFactory.java:597)
	at org.springframework.beans.factory.support.AbstractAutowireCapableBeanFactory.createBean(AbstractAutowireCapableBeanFactory.java:520)
	at org.springframework.beans.factory.support.AbstractBeanFactory.lambda$doGetBean$0(AbstractBeanFactory.java:325)
	at org.springframework.beans.factory.support.DefaultSingletonBeanRegistry.getSingleton(DefaultSingletonBeanRegistry.java:234)
	at org.springframework.beans.factory.support.AbstractBeanFactory.doGetBean(AbstractBeanFactory.java:323)
	at org.springframework.beans.factory.support.AbstractBeanFactory.getBean(AbstractBeanFactory.java:199)
	at org.springframework.beans.factory.config.DependencyDescriptor.resolveCandidate(DependencyDescriptor.java:254)
	at org.springframework.beans.factory.support.DefaultListableBeanFactory.doResolveDependency(DefaultListableBeanFactory.java:1417)
	at org.springframework.beans.factory.support.DefaultListableBeanFactory.resolveDependency(DefaultListableBeanFactory.java:1337)
	at org.springframework.beans.factory.annotation.AutowiredAnnotationBeanPostProcessor$AutowiredFieldElement.resolveFieldValue(AutowiredAnnotationBeanPostProcessor.java:764)
	at org.springframework.beans.factory.annotation.AutowiredAnnotationBeanPostProcessor$AutowiredFieldElement.inject(AutowiredAnnotationBeanPostProcessor.java:747)
	at org.springframework.beans.factory.annotation.InjectionMetadata.inject(InjectionMetadata.java:145)
	at org.springframework.beans.factory.annotation.AutowiredAnnotationBeanPostProcessor.postProcessProperties(AutowiredAnnotationBeanPostProcessor.java:492)
	at org.springframework.beans.factory.support.AbstractAutowireCapableBeanFactory.populateBean(AbstractAutowireCapableBeanFactory.java:1416)
	at org.springframework.beans.factory.support.AbstractAutowireCapableBeanFactory.doCreateBean(AbstractAutowireCapableBeanFactory.java:597)
	at org.springframework.beans.factory.support.AbstractAutowireCapableBeanFactory.createBean(AbstractAutowireCapableBeanFactory.java:520)
	at org.springframework.beans.factory.support.AbstractBeanFactory.lambda$doGetBean$0(AbstractBeanFactory.java:325)
	at org.springframework.beans.factory.support.DefaultSingletonBeanRegistry.getSingleton(DefaultSingletonBeanRegistry.java:234)
	at org.springframework.beans.factory.support.AbstractBeanFactory.doGetBean(AbstractBeanFactory.java:323)
	at org.springframework.beans.factory.support.AbstractBeanFactory.getBean(AbstractBeanFactory.java:199)
	at org.springframework.beans.factory.support.DefaultListableBeanFactory.preInstantiateSingletons(DefaultListableBeanFactory.java:973)
	at org.springframework.context.support.AbstractApplicationContext.finishBeanFactoryInitialization(AbstractApplicationContext.java:950)
	at org.springframework.context.support.AbstractApplicationContext.refresh(AbstractApplicationContext.java:616)
	at org.springframework.boot.SpringApplication.refresh(SpringApplication.java:738)
	at org.springframework.boot.SpringApplication.refreshContext(SpringApplication.java:440)
	at org.springframework.boot.SpringApplication.run(SpringApplication.java:316)
	at org.springframework.boot.test.context.SpringBootContextLoader.lambda$loadContext$3(SpringBootContextLoader.java:137)
	at org.springframework.util.function.ThrowingSupplier.get(ThrowingSupplier.java:58)
	at org.springframework.util.function.ThrowingSupplier.get(ThrowingSupplier.java:46)
	at org.springframework.boot.SpringApplication.withHook(SpringApplication.java:1406)
	at org.springframework.boot.test.context.SpringBootContextLoader$ContextLoaderHook.run(SpringBootContextLoader.java:545)
	at org.springframework.boot.test.context.SpringBootContextLoader.loadContext(SpringBootContextLoader.java:137)
	at org.springframework.boot.test.context.SpringBootContextLoader.loadContext(SpringBootContextLoader.java:108)
	at org.springframework.test.context.cache.DefaultCacheAwareContextLoaderDelegate.loadContextInternal(DefaultCacheAwareContextLoaderDelegate.java:187)
	at org.springframework.test.context.cache.DefaultCacheAwareContextLoaderDelegate.loadContext(DefaultCacheAwareContextLoaderDelegate.java:119)
	at org.springframework.test.context.support.DefaultTestContext.getApplicationContext(DefaultTestContext.java:127)
	at org.springframework.test.context.web.ServletTestExecutionListener.setUpRequestContextIfNecessary(ServletTestExecutionListener.java:191)
	at org.springframework.test.context.web.ServletTestExecutionListener.prepareTestInstance(ServletTestExecutionListener.java:130)
	at org.springframework.test.context.TestContextManager.prepareTestInstance(TestContextManager.java:241)
	at org.springframework.test.context.junit.jupiter.SpringExtension.postProcessTestInstance(SpringExtension.java:138)
	at org.junit.jupiter.engine.descriptor.ClassBasedTestDescriptor.lambda$invokeTestInstancePostProcessors$10(ClassBasedTestDescriptor.java:377)
	at org.junit.jupiter.engine.descriptor.ClassBasedTestDescriptor.executeAndMaskThrowable(ClassBasedTestDescriptor.java:382)
	at org.junit.jupiter.engine.descriptor.ClassBasedTestDescriptor.lambda$invokeTestInstancePostProcessors$11(ClassBasedTestDescriptor.java:377)
	at java.base/java.util.stream.ReferencePipeline$3$1.accept(ReferencePipeline.java:197)
	at java.base/java.util.stream.ReferencePipeline$2$1.accept(ReferencePipeline.java:179)
	at java.base/java.util.ArrayList$ArrayListSpliterator.forEachRemaining(ArrayList.java:1625)
	at java.base/java.util.stream.AbstractPipeline.copyInto(AbstractPipeline.java:509)
	at java.base/java.util.stream.AbstractPipeline.wrapAndCopyInto(AbstractPipeline.java:499)
	at java.base/java.util.stream.StreamSpliterators$WrappingSpliterator.forEachRemaining(StreamSpliterators.java:310)
	at java.base/java.util.stream.Streams$ConcatSpliterator.forEachRemaining(Streams.java:735)
	at java.base/java.util.stream.Streams$ConcatSpliterator.forEachRemaining(Streams.java:734)
	at java.base/java.util.stream.ReferencePipeline$Head.forEach(ReferencePipeline.java:762)
	at org.junit.jupiter.engine.descriptor.ClassBasedTestDescriptor.invokeTestInstancePostProcessors(ClassBasedTestDescriptor.java:376)
	at org.junit.jupiter.engine.descriptor.ClassBasedTestDescriptor.lambda$instantiateAndPostProcessTestInstance$6(ClassBasedTestDescriptor.java:289)
	at org.junit.platform.engine.support.hierarchical.ThrowableCollector.execute(ThrowableCollector.java:73)
	at org.junit.jupiter.engine.descriptor.ClassBasedTestDescriptor.instantiateAndPostProcessTestInstance(ClassBasedTestDescriptor.java:288)
	at org.junit.jupiter.engine.descriptor.ClassBasedTestDescriptor.lambda$testInstancesProvider$4(ClassBasedTestDescriptor.java:278)
	at java.base/java.util.Optional.orElseGet(Optional.java:364)
	at org.junit.jupiter.engine.descriptor.ClassBasedTestDescriptor.lambda$testInstancesProvider$5(ClassBasedTestDescriptor.java:277)
	at org.junit.jupiter.engine.execution.TestInstancesProvider.getTestInstances(TestInstancesProvider.java:31)
	at org.junit.jupiter.engine.descriptor.TestMethodTestDescriptor.lambda$prepare$0(TestMethodTestDescriptor.java:105)
	at org.junit.platform.engine.support.hierarchical.ThrowableCollector.execute(ThrowableCollector.java:73)
	at org.junit.jupiter.engine.descriptor.TestMethodTestDescriptor.prepare(TestMethodTestDescriptor.java:104)
	at org.junit.jupiter.engine.descriptor.TestMethodTestDescriptor.prepare(TestMethodTestDescriptor.java:68)
	at org.junit.platform.engine.support.hierarchical.NodeTestTask.lambda$prepare$2(NodeTestTask.java:123)
	at org.junit.platform.engine.support.hierarchical.ThrowableCollector.execute(ThrowableCollector.java:73)
	at org.junit.platform.engine.support.hierarchical.NodeTestTask.prepare(NodeTestTask.java:123)
	at org.junit.platform.engine.support.hierarchical.NodeTestTask.execute(NodeTestTask.java:90)
	at java.base/java.util.ArrayList.forEach(ArrayList.java:1511)
	at org.junit.platform.engine.support.hierarchical.SameThreadHierarchicalTestExecutorService.invokeAll(SameThreadHierarchicalTestExecutorService.java:41)
	at org.junit.platform.engine.support.hierarchical.NodeTestTask.lambda$executeRecursively$6(NodeTestTask.java:155)
	at org.junit.platform.engine.support.hierarchical.ThrowableCollector.execute(ThrowableCollector.java:73)
	at org.junit.platform.engine.support.hierarchical.NodeTestTask.lambda$executeRecursively$8(NodeTestTask.java:141)
	at org.junit.platform.engine.support.hierarchical.Node.around(Node.java:137)
	at org.junit.platform.engine.support.hierarchical.NodeTestTask.lambda$executeRecursively$9(NodeTestTask.java:139)
	at org.junit.platform.engine.support.hierarchical.ThrowableCollector.execute(ThrowableCollector.java:73)
	at org.junit.platform.engine.support.hierarchical.NodeTestTask.executeRecursively(NodeTestTask.java:138)
	at org.junit.platform.engine.support.hierarchical.NodeTestTask.execute(NodeTestTask.java:95)
	at java.base/java.util.ArrayList.forEach(ArrayList.java:1511)
	at org.junit.platform.engine.support.hierarchical.SameThreadHierarchicalTestExecutorService.invokeAll(SameThreadHierarchicalTestExecutorService.java:41)
	at org.junit.platform.engine.support.hierarchical.NodeTestTask.lambda$executeRecursively$6(NodeTestTask.java:155)
	at org.junit.platform.engine.support.hierarchical.ThrowableCollector.execute(ThrowableCollector.java:73)
	at org.junit.platform.engine.support.hierarchical.NodeTestTask.lambda$executeRecursively$8(NodeTestTask.java:141)
	at org.junit.platform.engine.support.hierarchical.Node.around(Node.java:137)
	at org.junit.platform.engine.support.hierarchical.NodeTestTask.lambda$executeRecursively$9(NodeTestTask.java:139)
	at org.junit.platform.engine.support.hierarchical.ThrowableCollector.execute(ThrowableCollector.java:73)
	at org.junit.platform.engine.support.hierarchical.NodeTestTask.executeRecursively(NodeTestTask.java:138)
	at org.junit.platform.engine.support.hierarchical.NodeTestTask.execute(NodeTestTask.java:95)
	at org.junit.platform.engine.support.hierarchical.SameThreadHierarchicalTestExecutorService.submit(SameThreadHierarchicalTestExecutorService.java:35)
	at org.junit.platform.engine.support.hierarchical.HierarchicalTestExecutor.execute(HierarchicalTestExecutor.java:57)
	at org.junit.platform.engine.support.hierarchical.HierarchicalTestEngine.execute(HierarchicalTestEngine.java:54)
	at org.junit.platform.launcher.core.EngineExecutionOrchestrator.execute(EngineExecutionOrchestrator.java:147)
	at org.junit.platform.launcher.core.EngineExecutionOrchestrator.execute(EngineExecutionOrchestrator.java:127)
	at org.junit.platform.launcher.core.EngineExecutionOrchestrator.execute(EngineExecutionOrchestrator.java:90)
	at org.junit.platform.launcher.core.EngineExecutionOrchestrator.lambda$execute$0(EngineExecutionOrchestrator.java:55)
	at org.junit.platform.launcher.core.EngineExecutionOrchestrator.withInterceptedStreams(EngineExecutionOrchestrator.java:102)
	at org.junit.platform.launcher.core.EngineExecutionOrchestrator.execute(EngineExecutionOrchestrator.java:54)
	at org.junit.platform.launcher.core.DefaultLauncher.execute(DefaultLauncher.java:114)
	at org.junit.platform.launcher.core.DefaultLauncher.execute(DefaultLauncher.java:86)
	at org.junit.platform.launcher.core.DefaultLauncherSession$DelegatingLauncher.execute(DefaultLauncherSession.java:86)
	at org.apache.maven.surefire.junitplatform.LazyLauncher.execute(LazyLauncher.java:50)
	at org.apache.maven.surefire.junitplatform.JUnitPlatformProvider.execute(JUnitPlatformProvider.java:184)
	at org.apache.maven.surefire.junitplatform.JUnitPlatformProvider.invokeAllTests(JUnitPlatformProvider.java:148)
	at org.apache.maven.surefire.junitplatform.JUnitPlatformProvider.invoke(JUnitPlatformProvider.java:122)
	at org.apache.maven.surefire.booter.ForkedBooter.runSuitesInProcess(ForkedBooter.java:385)
	at org.apache.maven.surefire.booter.ForkedBooter.execute(ForkedBooter.java:162)
	at org.apache.maven.surefire.booter.ForkedBooter.run(ForkedBooter.java:507)
	at org.apache.maven.surefire.booter.ForkedBooter.main(ForkedBooter.java:495)
2023-11-24 12:36:42,386 TRACE o.h.i.SessionImpl [SessionImpl.java:402] Closing session [12291fae-ce43-4b89-8bec-11f416ba4fc0]
2023-11-24 12:36:42,386 TRACE o.h.e.j.i.JdbcCoordinatorImpl [JdbcCoordinatorImpl.java:152] Closing JDBC container [org.hibernate.engine.jdbc.internal.JdbcCoordinatorImpl@7d524349]
2023-11-24 12:36:42,386 TRACE o.h.r.j.i.ResourceRegistryStandardImpl [ResourceRegistryStandardImpl.java:329] Releasing JDBC resources
2023-11-24 12:36:42,386 TRACE o.h.r.j.i.LogicalConnectionManagedImpl [LogicalConnectionManagedImpl.java:256] Closing logical connection
2023-11-24 12:36:42,386 TRACE o.h.r.j.i.LogicalConnectionManagedImpl [LogicalConnectionManagedImpl.java:263] Logical connection closed
2023-11-24 12:36:42,387 TRACE o.h.i.SessionFactoryImpl$SessionBuilderImpl [SessionFactoryImpl.java:1298] Opening Hibernate Session.  tenant=null
2023-11-24 12:36:42,387 TRACE o.h.i.SessionImpl [SessionImpl.java:262] Opened Session [902b26e0-70e6-43cb-b207-691360fa5b60] at timestamp: 1700825802387
2023-11-24 12:36:42,387 TRACE o.h.i.SessionImpl [SessionImpl.java:402] Closing session [902b26e0-70e6-43cb-b207-691360fa5b60]
2023-11-24 12:36:42,387 TRACE o.h.e.j.i.JdbcCoordinatorImpl [JdbcCoordinatorImpl.java:152] Closing JDBC container [org.hibernate.engine.jdbc.internal.JdbcCoordinatorImpl@666d1233]
2023-11-24 12:36:42,387 TRACE o.h.r.j.i.ResourceRegistryStandardImpl [ResourceRegistryStandardImpl.java:329] Releasing JDBC resources
2023-11-24 12:36:42,387 TRACE o.h.r.j.i.LogicalConnectionManagedImpl [LogicalConnectionManagedImpl.java:256] Closing logical connection
2023-11-24 12:36:42,387 TRACE o.h.r.j.i.LogicalConnectionManagedImpl [LogicalConnectionManagedImpl.java:263] Logical connection closed
2023-11-24 12:36:42,391 TRACE o.h.i.SessionFactoryImpl$SessionBuilderImpl [SessionFactoryImpl.java:1298] Opening Hibernate Session.  tenant=null
2023-11-24 12:36:42,391 TRACE o.h.i.SessionImpl [SessionImpl.java:262] Opened Session [5c0ab8d9-4bca-4539-9370-343e3c089710] at timestamp: 1700825802391
2023-11-24 12:36:42,392 TRACE o.h.i.SessionImpl [SessionImpl.java:402] Closing session [5c0ab8d9-4bca-4539-9370-343e3c089710]
2023-11-24 12:36:42,392 TRACE o.h.e.j.i.JdbcCoordinatorImpl [JdbcCoordinatorImpl.java:152] Closing JDBC container [org.hibernate.engine.jdbc.internal.JdbcCoordinatorImpl@69e2826b]
2023-11-24 12:36:42,392 TRACE o.h.r.j.i.ResourceRegistryStandardImpl [ResourceRegistryStandardImpl.java:329] Releasing JDBC resources
2023-11-24 12:36:42,392 TRACE o.h.r.j.i.LogicalConnectionManagedImpl [LogicalConnectionManagedImpl.java:256] Closing logical connection
2023-11-24 12:36:42,392 TRACE o.h.r.j.i.LogicalConnectionManagedImpl [LogicalConnectionManagedImpl.java:263] Logical connection closed
2023-11-24 12:36:42,394 TRACE o.h.i.SessionFactoryImpl$SessionBuilderImpl [SessionFactoryImpl.java:1298] Opening Hibernate Session.  tenant=null
2023-11-24 12:36:42,394 TRACE o.h.i.SessionImpl [SessionImpl.java:262] Opened Session [6a44c143-7ca6-42eb-898b-e60177a47a56] at timestamp: 1700825802394
2023-11-24 12:36:42,395 TRACE o.h.i.SessionImpl [SessionImpl.java:402] Closing session [6a44c143-7ca6-42eb-898b-e60177a47a56]
2023-11-24 12:36:42,395 TRACE o.h.e.j.i.JdbcCoordinatorImpl [JdbcCoordinatorImpl.java:152] Closing JDBC container [org.hibernate.engine.jdbc.internal.JdbcCoordinatorImpl@5dafe5ad]
2023-11-24 12:36:42,395 TRACE o.h.r.j.i.ResourceRegistryStandardImpl [ResourceRegistryStandardImpl.java:329] Releasing JDBC resources
2023-11-24 12:36:42,395 TRACE o.h.r.j.i.LogicalConnectionManagedImpl [LogicalConnectionManagedImpl.java:256] Closing logical connection
2023-11-24 12:36:42,395 TRACE o.h.r.j.i.LogicalConnectionManagedImpl [LogicalConnectionManagedImpl.java:263] Logical connection closed
2023-11-24 12:36:42,405 TRACE o.h.i.SessionFactoryImpl$SessionBuilderImpl [SessionFactoryImpl.java:1298] Opening Hibernate Session.  tenant=null
2023-11-24 12:36:42,405 TRACE o.h.i.SessionImpl [SessionImpl.java:262] Opened Session [aa8550ad-802b-4269-82cb-ee372cb746b0] at timestamp: 1700825802405
2023-11-24 12:36:42,406 TRACE o.h.i.SessionImpl [SessionImpl.java:402] Closing session [aa8550ad-802b-4269-82cb-ee372cb746b0]
2023-11-24 12:36:42,406 TRACE o.h.e.j.i.JdbcCoordinatorImpl [JdbcCoordinatorImpl.java:152] Closing JDBC container [org.hibernate.engine.jdbc.internal.JdbcCoordinatorImpl@7217a9d5]
2023-11-24 12:36:42,406 TRACE o.h.r.j.i.ResourceRegistryStandardImpl [ResourceRegistryStandardImpl.java:329] Releasing JDBC resources
2023-11-24 12:36:42,406 TRACE o.h.r.j.i.LogicalConnectionManagedImpl [LogicalConnectionManagedImpl.java:256] Closing logical connection
2023-11-24 12:36:42,406 TRACE o.h.r.j.i.LogicalConnectionManagedImpl [LogicalConnectionManagedImpl.java:263] Logical connection closed
2023-11-24 12:36:42,409 TRACE o.h.i.SessionFactoryImpl$SessionBuilderImpl [SessionFactoryImpl.java:1298] Opening Hibernate Session.  tenant=null
2023-11-24 12:36:42,410 TRACE o.h.i.SessionImpl [SessionImpl.java:262] Opened Session [9914d3cc-30c4-4c4c-893c-8fe44f741ed5] at timestamp: 1700825802409
2023-11-24 12:36:42,410 TRACE o.h.i.SessionImpl [SessionImpl.java:402] Closing session [9914d3cc-30c4-4c4c-893c-8fe44f741ed5]
2023-11-24 12:36:42,410 TRACE o.h.e.j.i.JdbcCoordinatorImpl [JdbcCoordinatorImpl.java:152] Closing JDBC container [org.hibernate.engine.jdbc.internal.JdbcCoordinatorImpl@4780713]
2023-11-24 12:36:42,410 TRACE o.h.r.j.i.ResourceRegistryStandardImpl [ResourceRegistryStandardImpl.java:329] Releasing JDBC resources
2023-11-24 12:36:42,411 TRACE o.h.r.j.i.LogicalConnectionManagedImpl [LogicalConnectionManagedImpl.java:256] Closing logical connection
2023-11-24 12:36:42,411 TRACE o.h.r.j.i.LogicalConnectionManagedImpl [LogicalConnectionManagedImpl.java:263] Logical connection closed
2023-11-24 12:36:42,449 TRACE o.h.i.SessionFactoryImpl$SessionBuilderImpl [SessionFactoryImpl.java:1298] Opening Hibernate Session.  tenant=null
2023-11-24 12:36:42,449 TRACE o.h.i.SessionImpl [SessionImpl.java:262] Opened Session [dcaa862d-0ff4-4574-9c52-90cffec55450] at timestamp: 1700825802449
2023-11-24 12:36:42,449 DEBUG o.h.r.t.b.j.i.JdbcResourceLocalTransactionCoordinatorImpl [JdbcResourceLocalTransactionCoordinatorImpl.java:310] JDBC transaction marked for rollback-only (exception provided for stack trace)
java.lang.Exception: exception just for purpose of providing stack trace
	at org.hibernate.resource.transaction.backend.jdbc.internal.JdbcResourceLocalTransactionCoordinatorImpl$TransactionDriverControlImpl.markRollbackOnly(JdbcResourceLocalTransactionCoordinatorImpl.java:310)
	at org.hibernate.internal.AbstractSharedSessionContract.buildNamedQuery(AbstractSharedSessionContract.java:1021)
	at org.hibernate.internal.AbstractSharedSessionContract.createNamedQuery(AbstractSharedSessionContract.java:899)
	at org.hibernate.internal.AbstractSharedSessionContract.createNamedQuery(AbstractSharedSessionContract.java:120)
	at jdk.internal.reflect.GeneratedMethodAccessor47.invoke(Unknown Source)
	at java.base/jdk.internal.reflect.DelegatingMethodAccessorImpl.invoke(DelegatingMethodAccessorImpl.java:43)
	at java.base/java.lang.reflect.Method.invoke(Method.java:568)
	at org.springframework.orm.jpa.ExtendedEntityManagerCreator$ExtendedEntityManagerInvocationHandler.invoke(ExtendedEntityManagerCreator.java:360)
	at jdk.proxy2/jdk.proxy2.$Proxy191.createNamedQuery(Unknown Source)
	at org.springframework.data.jpa.repository.query.NamedQuery.hasNamedQuery(NamedQuery.java:113)
	at org.springframework.data.jpa.repository.query.NamedQuery.lookupFrom(NamedQuery.java:141)
	at org.springframework.data.jpa.repository.query.JpaQueryLookupStrategy$DeclaredQueryLookupStrategy.resolveQuery(JpaQueryLookupStrategy.java:180)
	at org.springframework.data.jpa.repository.query.JpaQueryLookupStrategy$CreateIfNotFoundQueryLookupStrategy.resolveQuery(JpaQueryLookupStrategy.java:252)
	at org.springframework.data.jpa.repository.query.JpaQueryLookupStrategy$AbstractQueryLookupStrategy.resolveQuery(JpaQueryLookupStrategy.java:95)
	at org.springframework.data.repository.core.support.QueryExecutorMethodInterceptor.lookupQuery(QueryExecutorMethodInterceptor.java:111)
	at org.springframework.data.repository.core.support.QueryExecutorMethodInterceptor.mapMethodsToQuery(QueryExecutorMethodInterceptor.java:99)
	at org.springframework.data.repository.core.support.QueryExecutorMethodInterceptor.lambda$new$0(QueryExecutorMethodInterceptor.java:88)
	at java.base/java.util.Optional.map(Optional.java:260)
	at org.springframework.data.repository.core.support.QueryExecutorMethodInterceptor.<init>(QueryExecutorMethodInterceptor.java:88)
	at org.springframework.data.repository.core.support.RepositoryFactorySupport.getRepository(RepositoryFactorySupport.java:357)
	at org.springframework.data.repository.core.support.RepositoryFactoryBeanSupport.lambda$afterPropertiesSet$5(RepositoryFactoryBeanSupport.java:279)
	at org.springframework.data.util.Lazy.getNullable(Lazy.java:245)
	at org.springframework.data.util.Lazy.get(Lazy.java:114)
	at org.springframework.data.repository.core.support.RepositoryFactoryBeanSupport.afterPropertiesSet(RepositoryFactoryBeanSupport.java:285)
	at org.springframework.data.jpa.repository.support.JpaRepositoryFactoryBean.afterPropertiesSet(JpaRepositoryFactoryBean.java:132)
	at org.springframework.beans.factory.support.AbstractAutowireCapableBeanFactory.invokeInitMethods(AbstractAutowireCapableBeanFactory.java:1817)
	at org.springframework.beans.factory.support.AbstractAutowireCapableBeanFactory.initializeBean(AbstractAutowireCapableBeanFactory.java:1766)
	at org.springframework.beans.factory.support.AbstractAutowireCapableBeanFactory.doCreateBean(AbstractAutowireCapableBeanFactory.java:598)
	at org.springframework.beans.factory.support.AbstractAutowireCapableBeanFactory.createBean(AbstractAutowireCapableBeanFactory.java:520)
	at org.springframework.beans.factory.support.AbstractBeanFactory.lambda$doGetBean$0(AbstractBeanFactory.java:325)
	at org.springframework.beans.factory.support.DefaultSingletonBeanRegistry.getSingleton(DefaultSingletonBeanRegistry.java:234)
	at org.springframework.beans.factory.support.AbstractBeanFactory.doGetBean(AbstractBeanFactory.java:323)
	at org.springframework.beans.factory.support.AbstractBeanFactory.getBean(AbstractBeanFactory.java:199)
	at org.springframework.beans.factory.config.DependencyDescriptor.resolveCandidate(DependencyDescriptor.java:254)
	at org.springframework.beans.factory.support.DefaultListableBeanFactory.doResolveDependency(DefaultListableBeanFactory.java:1417)
	at org.springframework.beans.factory.support.DefaultListableBeanFactory.resolveDependency(DefaultListableBeanFactory.java:1337)
	at org.springframework.beans.factory.annotation.AutowiredAnnotationBeanPostProcessor$AutowiredFieldElement.resolveFieldValue(AutowiredAnnotationBeanPostProcessor.java:764)
	at org.springframework.beans.factory.annotation.AutowiredAnnotationBeanPostProcessor$AutowiredFieldElement.inject(AutowiredAnnotationBeanPostProcessor.java:747)
	at org.springframework.beans.factory.annotation.InjectionMetadata.inject(InjectionMetadata.java:145)
	at org.springframework.beans.factory.annotation.AutowiredAnnotationBeanPostProcessor.postProcessProperties(AutowiredAnnotationBeanPostProcessor.java:492)
	at org.springframework.beans.factory.support.AbstractAutowireCapableBeanFactory.populateBean(AbstractAutowireCapableBeanFactory.java:1416)
	at org.springframework.beans.factory.support.AbstractAutowireCapableBeanFactory.doCreateBean(AbstractAutowireCapableBeanFactory.java:597)
	at org.springframework.beans.factory.support.AbstractAutowireCapableBeanFactory.createBean(AbstractAutowireCapableBeanFactory.java:520)
	at org.springframework.beans.factory.support.AbstractBeanFactory.lambda$doGetBean$0(AbstractBeanFactory.java:325)
	at org.springframework.beans.factory.support.DefaultSingletonBeanRegistry.getSingleton(DefaultSingletonBeanRegistry.java:234)
	at org.springframework.beans.factory.support.AbstractBeanFactory.doGetBean(AbstractBeanFactory.java:323)
	at org.springframework.beans.factory.support.AbstractBeanFactory.getBean(AbstractBeanFactory.java:199)
	at org.springframework.beans.factory.support.DefaultListableBeanFactory.preInstantiateSingletons(DefaultListableBeanFactory.java:973)
	at org.springframework.context.support.AbstractApplicationContext.finishBeanFactoryInitialization(AbstractApplicationContext.java:950)
	at org.springframework.context.support.AbstractApplicationContext.refresh(AbstractApplicationContext.java:616)
	at org.springframework.boot.SpringApplication.refresh(SpringApplication.java:738)
	at org.springframework.boot.SpringApplication.refreshContext(SpringApplication.java:440)
	at org.springframework.boot.SpringApplication.run(SpringApplication.java:316)
	at org.springframework.boot.test.context.SpringBootContextLoader.lambda$loadContext$3(SpringBootContextLoader.java:137)
	at org.springframework.util.function.ThrowingSupplier.get(ThrowingSupplier.java:58)
	at org.springframework.util.function.ThrowingSupplier.get(ThrowingSupplier.java:46)
	at org.springframework.boot.SpringApplication.withHook(SpringApplication.java:1406)
	at org.springframework.boot.test.context.SpringBootContextLoader$ContextLoaderHook.run(SpringBootContextLoader.java:545)
	at org.springframework.boot.test.context.SpringBootContextLoader.loadContext(SpringBootContextLoader.java:137)
	at org.springframework.boot.test.context.SpringBootContextLoader.loadContext(SpringBootContextLoader.java:108)
	at org.springframework.test.context.cache.DefaultCacheAwareContextLoaderDelegate.loadContextInternal(DefaultCacheAwareContextLoaderDelegate.java:187)
	at org.springframework.test.context.cache.DefaultCacheAwareContextLoaderDelegate.loadContext(DefaultCacheAwareContextLoaderDelegate.java:119)
	at org.springframework.test.context.support.DefaultTestContext.getApplicationContext(DefaultTestContext.java:127)
	at org.springframework.test.context.web.ServletTestExecutionListener.setUpRequestContextIfNecessary(ServletTestExecutionListener.java:191)
	at org.springframework.test.context.web.ServletTestExecutionListener.prepareTestInstance(ServletTestExecutionListener.java:130)
	at org.springframework.test.context.TestContextManager.prepareTestInstance(TestContextManager.java:241)
	at org.springframework.test.context.junit.jupiter.SpringExtension.postProcessTestInstance(SpringExtension.java:138)
	at org.junit.jupiter.engine.descriptor.ClassBasedTestDescriptor.lambda$invokeTestInstancePostProcessors$10(ClassBasedTestDescriptor.java:377)
	at org.junit.jupiter.engine.descriptor.ClassBasedTestDescriptor.executeAndMaskThrowable(ClassBasedTestDescriptor.java:382)
	at org.junit.jupiter.engine.descriptor.ClassBasedTestDescriptor.lambda$invokeTestInstancePostProcessors$11(ClassBasedTestDescriptor.java:377)
	at java.base/java.util.stream.ReferencePipeline$3$1.accept(ReferencePipeline.java:197)
	at java.base/java.util.stream.ReferencePipeline$2$1.accept(ReferencePipeline.java:179)
	at java.base/java.util.ArrayList$ArrayListSpliterator.forEachRemaining(ArrayList.java:1625)
	at java.base/java.util.stream.AbstractPipeline.copyInto(AbstractPipeline.java:509)
	at java.base/java.util.stream.AbstractPipeline.wrapAndCopyInto(AbstractPipeline.java:499)
	at java.base/java.util.stream.StreamSpliterators$WrappingSpliterator.forEachRemaining(StreamSpliterators.java:310)
	at java.base/java.util.stream.Streams$ConcatSpliterator.forEachRemaining(Streams.java:735)
	at java.base/java.util.stream.Streams$ConcatSpliterator.forEachRemaining(Streams.java:734)
	at java.base/java.util.stream.ReferencePipeline$Head.forEach(ReferencePipeline.java:762)
	at org.junit.jupiter.engine.descriptor.ClassBasedTestDescriptor.invokeTestInstancePostProcessors(ClassBasedTestDescriptor.java:376)
	at org.junit.jupiter.engine.descriptor.ClassBasedTestDescriptor.lambda$instantiateAndPostProcessTestInstance$6(ClassBasedTestDescriptor.java:289)
	at org.junit.platform.engine.support.hierarchical.ThrowableCollector.execute(ThrowableCollector.java:73)
	at org.junit.jupiter.engine.descriptor.ClassBasedTestDescriptor.instantiateAndPostProcessTestInstance(ClassBasedTestDescriptor.java:288)
	at org.junit.jupiter.engine.descriptor.ClassBasedTestDescriptor.lambda$testInstancesProvider$4(ClassBasedTestDescriptor.java:278)
	at java.base/java.util.Optional.orElseGet(Optional.java:364)
	at org.junit.jupiter.engine.descriptor.ClassBasedTestDescriptor.lambda$testInstancesProvider$5(ClassBasedTestDescriptor.java:277)
	at org.junit.jupiter.engine.execution.TestInstancesProvider.getTestInstances(TestInstancesProvider.java:31)
	at org.junit.jupiter.engine.descriptor.TestMethodTestDescriptor.lambda$prepare$0(TestMethodTestDescriptor.java:105)
	at org.junit.platform.engine.support.hierarchical.ThrowableCollector.execute(ThrowableCollector.java:73)
	at org.junit.jupiter.engine.descriptor.TestMethodTestDescriptor.prepare(TestMethodTestDescriptor.java:104)
	at org.junit.jupiter.engine.descriptor.TestMethodTestDescriptor.prepare(TestMethodTestDescriptor.java:68)
	at org.junit.platform.engine.support.hierarchical.NodeTestTask.lambda$prepare$2(NodeTestTask.java:123)
	at org.junit.platform.engine.support.hierarchical.ThrowableCollector.execute(ThrowableCollector.java:73)
	at org.junit.platform.engine.support.hierarchical.NodeTestTask.prepare(NodeTestTask.java:123)
	at org.junit.platform.engine.support.hierarchical.NodeTestTask.execute(NodeTestTask.java:90)
	at java.base/java.util.ArrayList.forEach(ArrayList.java:1511)
	at org.junit.platform.engine.support.hierarchical.SameThreadHierarchicalTestExecutorService.invokeAll(SameThreadHierarchicalTestExecutorService.java:41)
	at org.junit.platform.engine.support.hierarchical.NodeTestTask.lambda$executeRecursively$6(NodeTestTask.java:155)
	at org.junit.platform.engine.support.hierarchical.ThrowableCollector.execute(ThrowableCollector.java:73)
	at org.junit.platform.engine.support.hierarchical.NodeTestTask.lambda$executeRecursively$8(NodeTestTask.java:141)
	at org.junit.platform.engine.support.hierarchical.Node.around(Node.java:137)
	at org.junit.platform.engine.support.hierarchical.NodeTestTask.lambda$executeRecursively$9(NodeTestTask.java:139)
	at org.junit.platform.engine.support.hierarchical.ThrowableCollector.execute(ThrowableCollector.java:73)
	at org.junit.platform.engine.support.hierarchical.NodeTestTask.executeRecursively(NodeTestTask.java:138)
	at org.junit.platform.engine.support.hierarchical.NodeTestTask.execute(NodeTestTask.java:95)
	at java.base/java.util.ArrayList.forEach(ArrayList.java:1511)
	at org.junit.platform.engine.support.hierarchical.SameThreadHierarchicalTestExecutorService.invokeAll(SameThreadHierarchicalTestExecutorService.java:41)
	at org.junit.platform.engine.support.hierarchical.NodeTestTask.lambda$executeRecursively$6(NodeTestTask.java:155)
	at org.junit.platform.engine.support.hierarchical.ThrowableCollector.execute(ThrowableCollector.java:73)
	at org.junit.platform.engine.support.hierarchical.NodeTestTask.lambda$executeRecursively$8(NodeTestTask.java:141)
	at org.junit.platform.engine.support.hierarchical.Node.around(Node.java:137)
	at org.junit.platform.engine.support.hierarchical.NodeTestTask.lambda$executeRecursively$9(NodeTestTask.java:139)
	at org.junit.platform.engine.support.hierarchical.ThrowableCollector.execute(ThrowableCollector.java:73)
	at org.junit.platform.engine.support.hierarchical.NodeTestTask.executeRecursively(NodeTestTask.java:138)
	at org.junit.platform.engine.support.hierarchical.NodeTestTask.execute(NodeTestTask.java:95)
	at org.junit.platform.engine.support.hierarchical.SameThreadHierarchicalTestExecutorService.submit(SameThreadHierarchicalTestExecutorService.java:35)
	at org.junit.platform.engine.support.hierarchical.HierarchicalTestExecutor.execute(HierarchicalTestExecutor.java:57)
	at org.junit.platform.engine.support.hierarchical.HierarchicalTestEngine.execute(HierarchicalTestEngine.java:54)
	at org.junit.platform.launcher.core.EngineExecutionOrchestrator.execute(EngineExecutionOrchestrator.java:147)
	at org.junit.platform.launcher.core.EngineExecutionOrchestrator.execute(EngineExecutionOrchestrator.java:127)
	at org.junit.platform.launcher.core.EngineExecutionOrchestrator.execute(EngineExecutionOrchestrator.java:90)
	at org.junit.platform.launcher.core.EngineExecutionOrchestrator.lambda$execute$0(EngineExecutionOrchestrator.java:55)
	at org.junit.platform.launcher.core.EngineExecutionOrchestrator.withInterceptedStreams(EngineExecutionOrchestrator.java:102)
	at org.junit.platform.launcher.core.EngineExecutionOrchestrator.execute(EngineExecutionOrchestrator.java:54)
	at org.junit.platform.launcher.core.DefaultLauncher.execute(DefaultLauncher.java:114)
	at org.junit.platform.launcher.core.DefaultLauncher.execute(DefaultLauncher.java:86)
	at org.junit.platform.launcher.core.DefaultLauncherSession$DelegatingLauncher.execute(DefaultLauncherSession.java:86)
	at org.apache.maven.surefire.junitplatform.LazyLauncher.execute(LazyLauncher.java:50)
	at org.apache.maven.surefire.junitplatform.JUnitPlatformProvider.execute(JUnitPlatformProvider.java:184)
	at org.apache.maven.surefire.junitplatform.JUnitPlatformProvider.invokeAllTests(JUnitPlatformProvider.java:148)
	at org.apache.maven.surefire.junitplatform.JUnitPlatformProvider.invoke(JUnitPlatformProvider.java:122)
	at org.apache.maven.surefire.booter.ForkedBooter.runSuitesInProcess(ForkedBooter.java:385)
	at org.apache.maven.surefire.booter.ForkedBooter.execute(ForkedBooter.java:162)
	at org.apache.maven.surefire.booter.ForkedBooter.run(ForkedBooter.java:507)
	at org.apache.maven.surefire.booter.ForkedBooter.main(ForkedBooter.java:495)
2023-11-24 12:36:42,450 TRACE o.h.i.SessionImpl [SessionImpl.java:402] Closing session [dcaa862d-0ff4-4574-9c52-90cffec55450]
2023-11-24 12:36:42,450 TRACE o.h.e.j.i.JdbcCoordinatorImpl [JdbcCoordinatorImpl.java:152] Closing JDBC container [org.hibernate.engine.jdbc.internal.JdbcCoordinatorImpl@24e7472b]
2023-11-24 12:36:42,450 TRACE o.h.r.j.i.ResourceRegistryStandardImpl [ResourceRegistryStandardImpl.java:329] Releasing JDBC resources
2023-11-24 12:36:42,450 TRACE o.h.r.j.i.LogicalConnectionManagedImpl [LogicalConnectionManagedImpl.java:256] Closing logical connection
2023-11-24 12:36:42,450 TRACE o.h.r.j.i.LogicalConnectionManagedImpl [LogicalConnectionManagedImpl.java:263] Logical connection closed
2023-11-24 12:36:42,450 TRACE o.h.i.SessionFactoryImpl$SessionBuilderImpl [SessionFactoryImpl.java:1298] Opening Hibernate Session.  tenant=null
2023-11-24 12:36:42,451 TRACE o.h.i.SessionImpl [SessionImpl.java:262] Opened Session [95a7a780-3628-4e92-8739-9c65e878ccf8] at timestamp: 1700825802451
2023-11-24 12:36:42,451 TRACE o.h.i.SessionImpl [SessionImpl.java:402] Closing session [95a7a780-3628-4e92-8739-9c65e878ccf8]
2023-11-24 12:36:42,451 TRACE o.h.e.j.i.JdbcCoordinatorImpl [JdbcCoordinatorImpl.java:152] Closing JDBC container [org.hibernate.engine.jdbc.internal.JdbcCoordinatorImpl@60e39c3b]
2023-11-24 12:36:42,451 TRACE o.h.r.j.i.ResourceRegistryStandardImpl [ResourceRegistryStandardImpl.java:329] Releasing JDBC resources
2023-11-24 12:36:42,451 TRACE o.h.r.j.i.LogicalConnectionManagedImpl [LogicalConnectionManagedImpl.java:256] Closing logical connection
2023-11-24 12:36:42,451 TRACE o.h.r.j.i.LogicalConnectionManagedImpl [LogicalConnectionManagedImpl.java:263] Logical connection closed
2023-11-24 12:36:42,452 TRACE o.h.i.SessionFactoryImpl$SessionBuilderImpl [SessionFactoryImpl.java:1298] Opening Hibernate Session.  tenant=null
2023-11-24 12:36:42,452 TRACE o.h.i.SessionImpl [SessionImpl.java:262] Opened Session [a46466c6-6172-484b-b377-05958623f925] at timestamp: 1700825802452
2023-11-24 12:36:42,453 DEBUG o.h.r.t.b.j.i.JdbcResourceLocalTransactionCoordinatorImpl [JdbcResourceLocalTransactionCoordinatorImpl.java:310] JDBC transaction marked for rollback-only (exception provided for stack trace)
java.lang.Exception: exception just for purpose of providing stack trace
	at org.hibernate.resource.transaction.backend.jdbc.internal.JdbcResourceLocalTransactionCoordinatorImpl$TransactionDriverControlImpl.markRollbackOnly(JdbcResourceLocalTransactionCoordinatorImpl.java:310)
	at org.hibernate.internal.AbstractSharedSessionContract.buildNamedQuery(AbstractSharedSessionContract.java:1021)
	at org.hibernate.internal.AbstractSharedSessionContract.createNamedQuery(AbstractSharedSessionContract.java:899)
	at org.hibernate.internal.AbstractSharedSessionContract.createNamedQuery(AbstractSharedSessionContract.java:120)
	at jdk.internal.reflect.GeneratedMethodAccessor47.invoke(Unknown Source)
	at java.base/jdk.internal.reflect.DelegatingMethodAccessorImpl.invoke(DelegatingMethodAccessorImpl.java:43)
	at java.base/java.lang.reflect.Method.invoke(Method.java:568)
	at org.springframework.orm.jpa.ExtendedEntityManagerCreator$ExtendedEntityManagerInvocationHandler.invoke(ExtendedEntityManagerCreator.java:360)
	at jdk.proxy2/jdk.proxy2.$Proxy191.createNamedQuery(Unknown Source)
	at org.springframework.data.jpa.repository.query.NamedQuery.hasNamedQuery(NamedQuery.java:113)
	at org.springframework.data.jpa.repository.query.NamedQuery.lookupFrom(NamedQuery.java:141)
	at org.springframework.data.jpa.repository.query.JpaQueryLookupStrategy$DeclaredQueryLookupStrategy.resolveQuery(JpaQueryLookupStrategy.java:180)
	at org.springframework.data.jpa.repository.query.JpaQueryLookupStrategy$CreateIfNotFoundQueryLookupStrategy.resolveQuery(JpaQueryLookupStrategy.java:252)
	at org.springframework.data.jpa.repository.query.JpaQueryLookupStrategy$AbstractQueryLookupStrategy.resolveQuery(JpaQueryLookupStrategy.java:95)
	at org.springframework.data.repository.core.support.QueryExecutorMethodInterceptor.lookupQuery(QueryExecutorMethodInterceptor.java:111)
	at org.springframework.data.repository.core.support.QueryExecutorMethodInterceptor.mapMethodsToQuery(QueryExecutorMethodInterceptor.java:99)
	at org.springframework.data.repository.core.support.QueryExecutorMethodInterceptor.lambda$new$0(QueryExecutorMethodInterceptor.java:88)
	at java.base/java.util.Optional.map(Optional.java:260)
	at org.springframework.data.repository.core.support.QueryExecutorMethodInterceptor.<init>(QueryExecutorMethodInterceptor.java:88)
	at org.springframework.data.repository.core.support.RepositoryFactorySupport.getRepository(RepositoryFactorySupport.java:357)
	at org.springframework.data.repository.core.support.RepositoryFactoryBeanSupport.lambda$afterPropertiesSet$5(RepositoryFactoryBeanSupport.java:279)
	at org.springframework.data.util.Lazy.getNullable(Lazy.java:245)
	at org.springframework.data.util.Lazy.get(Lazy.java:114)
	at org.springframework.data.repository.core.support.RepositoryFactoryBeanSupport.afterPropertiesSet(RepositoryFactoryBeanSupport.java:285)
	at org.springframework.data.jpa.repository.support.JpaRepositoryFactoryBean.afterPropertiesSet(JpaRepositoryFactoryBean.java:132)
	at org.springframework.beans.factory.support.AbstractAutowireCapableBeanFactory.invokeInitMethods(AbstractAutowireCapableBeanFactory.java:1817)
	at org.springframework.beans.factory.support.AbstractAutowireCapableBeanFactory.initializeBean(AbstractAutowireCapableBeanFactory.java:1766)
	at org.springframework.beans.factory.support.AbstractAutowireCapableBeanFactory.doCreateBean(AbstractAutowireCapableBeanFactory.java:598)
	at org.springframework.beans.factory.support.AbstractAutowireCapableBeanFactory.createBean(AbstractAutowireCapableBeanFactory.java:520)
	at org.springframework.beans.factory.support.AbstractBeanFactory.lambda$doGetBean$0(AbstractBeanFactory.java:325)
	at org.springframework.beans.factory.support.DefaultSingletonBeanRegistry.getSingleton(DefaultSingletonBeanRegistry.java:234)
	at org.springframework.beans.factory.support.AbstractBeanFactory.doGetBean(AbstractBeanFactory.java:323)
	at org.springframework.beans.factory.support.AbstractBeanFactory.getBean(AbstractBeanFactory.java:199)
	at org.springframework.beans.factory.config.DependencyDescriptor.resolveCandidate(DependencyDescriptor.java:254)
	at org.springframework.beans.factory.support.DefaultListableBeanFactory.doResolveDependency(DefaultListableBeanFactory.java:1417)
	at org.springframework.beans.factory.support.DefaultListableBeanFactory.resolveDependency(DefaultListableBeanFactory.java:1337)
	at org.springframework.beans.factory.annotation.AutowiredAnnotationBeanPostProcessor$AutowiredFieldElement.resolveFieldValue(AutowiredAnnotationBeanPostProcessor.java:764)
	at org.springframework.beans.factory.annotation.AutowiredAnnotationBeanPostProcessor$AutowiredFieldElement.inject(AutowiredAnnotationBeanPostProcessor.java:747)
	at org.springframework.beans.factory.annotation.InjectionMetadata.inject(InjectionMetadata.java:145)
	at org.springframework.beans.factory.annotation.AutowiredAnnotationBeanPostProcessor.postProcessProperties(AutowiredAnnotationBeanPostProcessor.java:492)
	at org.springframework.beans.factory.support.AbstractAutowireCapableBeanFactory.populateBean(AbstractAutowireCapableBeanFactory.java:1416)
	at org.springframework.beans.factory.support.AbstractAutowireCapableBeanFactory.doCreateBean(AbstractAutowireCapableBeanFactory.java:597)
	at org.springframework.beans.factory.support.AbstractAutowireCapableBeanFactory.createBean(AbstractAutowireCapableBeanFactory.java:520)
	at org.springframework.beans.factory.support.AbstractBeanFactory.lambda$doGetBean$0(AbstractBeanFactory.java:325)
	at org.springframework.beans.factory.support.DefaultSingletonBeanRegistry.getSingleton(DefaultSingletonBeanRegistry.java:234)
	at org.springframework.beans.factory.support.AbstractBeanFactory.doGetBean(AbstractBeanFactory.java:323)
	at org.springframework.beans.factory.support.AbstractBeanFactory.getBean(AbstractBeanFactory.java:199)
	at org.springframework.beans.factory.support.DefaultListableBeanFactory.preInstantiateSingletons(DefaultListableBeanFactory.java:973)
	at org.springframework.context.support.AbstractApplicationContext.finishBeanFactoryInitialization(AbstractApplicationContext.java:950)
	at org.springframework.context.support.AbstractApplicationContext.refresh(AbstractApplicationContext.java:616)
	at org.springframework.boot.SpringApplication.refresh(SpringApplication.java:738)
	at org.springframework.boot.SpringApplication.refreshContext(SpringApplication.java:440)
	at org.springframework.boot.SpringApplication.run(SpringApplication.java:316)
	at org.springframework.boot.test.context.SpringBootContextLoader.lambda$loadContext$3(SpringBootContextLoader.java:137)
	at org.springframework.util.function.ThrowingSupplier.get(ThrowingSupplier.java:58)
	at org.springframework.util.function.ThrowingSupplier.get(ThrowingSupplier.java:46)
	at org.springframework.boot.SpringApplication.withHook(SpringApplication.java:1406)
	at org.springframework.boot.test.context.SpringBootContextLoader$ContextLoaderHook.run(SpringBootContextLoader.java:545)
	at org.springframework.boot.test.context.SpringBootContextLoader.loadContext(SpringBootContextLoader.java:137)
	at org.springframework.boot.test.context.SpringBootContextLoader.loadContext(SpringBootContextLoader.java:108)
	at org.springframework.test.context.cache.DefaultCacheAwareContextLoaderDelegate.loadContextInternal(DefaultCacheAwareContextLoaderDelegate.java:187)
	at org.springframework.test.context.cache.DefaultCacheAwareContextLoaderDelegate.loadContext(DefaultCacheAwareContextLoaderDelegate.java:119)
	at org.springframework.test.context.support.DefaultTestContext.getApplicationContext(DefaultTestContext.java:127)
	at org.springframework.test.context.web.ServletTestExecutionListener.setUpRequestContextIfNecessary(ServletTestExecutionListener.java:191)
	at org.springframework.test.context.web.ServletTestExecutionListener.prepareTestInstance(ServletTestExecutionListener.java:130)
	at org.springframework.test.context.TestContextManager.prepareTestInstance(TestContextManager.java:241)
	at org.springframework.test.context.junit.jupiter.SpringExtension.postProcessTestInstance(SpringExtension.java:138)
	at org.junit.jupiter.engine.descriptor.ClassBasedTestDescriptor.lambda$invokeTestInstancePostProcessors$10(ClassBasedTestDescriptor.java:377)
	at org.junit.jupiter.engine.descriptor.ClassBasedTestDescriptor.executeAndMaskThrowable(ClassBasedTestDescriptor.java:382)
	at org.junit.jupiter.engine.descriptor.ClassBasedTestDescriptor.lambda$invokeTestInstancePostProcessors$11(ClassBasedTestDescriptor.java:377)
	at java.base/java.util.stream.ReferencePipeline$3$1.accept(ReferencePipeline.java:197)
	at java.base/java.util.stream.ReferencePipeline$2$1.accept(ReferencePipeline.java:179)
	at java.base/java.util.ArrayList$ArrayListSpliterator.forEachRemaining(ArrayList.java:1625)
	at java.base/java.util.stream.AbstractPipeline.copyInto(AbstractPipeline.java:509)
	at java.base/java.util.stream.AbstractPipeline.wrapAndCopyInto(AbstractPipeline.java:499)
	at java.base/java.util.stream.StreamSpliterators$WrappingSpliterator.forEachRemaining(StreamSpliterators.java:310)
	at java.base/java.util.stream.Streams$ConcatSpliterator.forEachRemaining(Streams.java:735)
	at java.base/java.util.stream.Streams$ConcatSpliterator.forEachRemaining(Streams.java:734)
	at java.base/java.util.stream.ReferencePipeline$Head.forEach(ReferencePipeline.java:762)
	at org.junit.jupiter.engine.descriptor.ClassBasedTestDescriptor.invokeTestInstancePostProcessors(ClassBasedTestDescriptor.java:376)
	at org.junit.jupiter.engine.descriptor.ClassBasedTestDescriptor.lambda$instantiateAndPostProcessTestInstance$6(ClassBasedTestDescriptor.java:289)
	at org.junit.platform.engine.support.hierarchical.ThrowableCollector.execute(ThrowableCollector.java:73)
	at org.junit.jupiter.engine.descriptor.ClassBasedTestDescriptor.instantiateAndPostProcessTestInstance(ClassBasedTestDescriptor.java:288)
	at org.junit.jupiter.engine.descriptor.ClassBasedTestDescriptor.lambda$testInstancesProvider$4(ClassBasedTestDescriptor.java:278)
	at java.base/java.util.Optional.orElseGet(Optional.java:364)
	at org.junit.jupiter.engine.descriptor.ClassBasedTestDescriptor.lambda$testInstancesProvider$5(ClassBasedTestDescriptor.java:277)
	at org.junit.jupiter.engine.execution.TestInstancesProvider.getTestInstances(TestInstancesProvider.java:31)
	at org.junit.jupiter.engine.descriptor.TestMethodTestDescriptor.lambda$prepare$0(TestMethodTestDescriptor.java:105)
	at org.junit.platform.engine.support.hierarchical.ThrowableCollector.execute(ThrowableCollector.java:73)
	at org.junit.jupiter.engine.descriptor.TestMethodTestDescriptor.prepare(TestMethodTestDescriptor.java:104)
	at org.junit.jupiter.engine.descriptor.TestMethodTestDescriptor.prepare(TestMethodTestDescriptor.java:68)
	at org.junit.platform.engine.support.hierarchical.NodeTestTask.lambda$prepare$2(NodeTestTask.java:123)
	at org.junit.platform.engine.support.hierarchical.ThrowableCollector.execute(ThrowableCollector.java:73)
	at org.junit.platform.engine.support.hierarchical.NodeTestTask.prepare(NodeTestTask.java:123)
	at org.junit.platform.engine.support.hierarchical.NodeTestTask.execute(NodeTestTask.java:90)
	at java.base/java.util.ArrayList.forEach(ArrayList.java:1511)
	at org.junit.platform.engine.support.hierarchical.SameThreadHierarchicalTestExecutorService.invokeAll(SameThreadHierarchicalTestExecutorService.java:41)
	at org.junit.platform.engine.support.hierarchical.NodeTestTask.lambda$executeRecursively$6(NodeTestTask.java:155)
	at org.junit.platform.engine.support.hierarchical.ThrowableCollector.execute(ThrowableCollector.java:73)
	at org.junit.platform.engine.support.hierarchical.NodeTestTask.lambda$executeRecursively$8(NodeTestTask.java:141)
	at org.junit.platform.engine.support.hierarchical.Node.around(Node.java:137)
	at org.junit.platform.engine.support.hierarchical.NodeTestTask.lambda$executeRecursively$9(NodeTestTask.java:139)
	at org.junit.platform.engine.support.hierarchical.ThrowableCollector.execute(ThrowableCollector.java:73)
	at org.junit.platform.engine.support.hierarchical.NodeTestTask.executeRecursively(NodeTestTask.java:138)
	at org.junit.platform.engine.support.hierarchical.NodeTestTask.execute(NodeTestTask.java:95)
	at java.base/java.util.ArrayList.forEach(ArrayList.java:1511)
	at org.junit.platform.engine.support.hierarchical.SameThreadHierarchicalTestExecutorService.invokeAll(SameThreadHierarchicalTestExecutorService.java:41)
	at org.junit.platform.engine.support.hierarchical.NodeTestTask.lambda$executeRecursively$6(NodeTestTask.java:155)
	at org.junit.platform.engine.support.hierarchical.ThrowableCollector.execute(ThrowableCollector.java:73)
	at org.junit.platform.engine.support.hierarchical.NodeTestTask.lambda$executeRecursively$8(NodeTestTask.java:141)
	at org.junit.platform.engine.support.hierarchical.Node.around(Node.java:137)
	at org.junit.platform.engine.support.hierarchical.NodeTestTask.lambda$executeRecursively$9(NodeTestTask.java:139)
	at org.junit.platform.engine.support.hierarchical.ThrowableCollector.execute(ThrowableCollector.java:73)
	at org.junit.platform.engine.support.hierarchical.NodeTestTask.executeRecursively(NodeTestTask.java:138)
	at org.junit.platform.engine.support.hierarchical.NodeTestTask.execute(NodeTestTask.java:95)
	at org.junit.platform.engine.support.hierarchical.SameThreadHierarchicalTestExecutorService.submit(SameThreadHierarchicalTestExecutorService.java:35)
	at org.junit.platform.engine.support.hierarchical.HierarchicalTestExecutor.execute(HierarchicalTestExecutor.java:57)
	at org.junit.platform.engine.support.hierarchical.HierarchicalTestEngine.execute(HierarchicalTestEngine.java:54)
	at org.junit.platform.launcher.core.EngineExecutionOrchestrator.execute(EngineExecutionOrchestrator.java:147)
	at org.junit.platform.launcher.core.EngineExecutionOrchestrator.execute(EngineExecutionOrchestrator.java:127)
	at org.junit.platform.launcher.core.EngineExecutionOrchestrator.execute(EngineExecutionOrchestrator.java:90)
	at org.junit.platform.launcher.core.EngineExecutionOrchestrator.lambda$execute$0(EngineExecutionOrchestrator.java:55)
	at org.junit.platform.launcher.core.EngineExecutionOrchestrator.withInterceptedStreams(EngineExecutionOrchestrator.java:102)
	at org.junit.platform.launcher.core.EngineExecutionOrchestrator.execute(EngineExecutionOrchestrator.java:54)
	at org.junit.platform.launcher.core.DefaultLauncher.execute(DefaultLauncher.java:114)
	at org.junit.platform.launcher.core.DefaultLauncher.execute(DefaultLauncher.java:86)
	at org.junit.platform.launcher.core.DefaultLauncherSession$DelegatingLauncher.execute(DefaultLauncherSession.java:86)
	at org.apache.maven.surefire.junitplatform.LazyLauncher.execute(LazyLauncher.java:50)
	at org.apache.maven.surefire.junitplatform.JUnitPlatformProvider.execute(JUnitPlatformProvider.java:184)
	at org.apache.maven.surefire.junitplatform.JUnitPlatformProvider.invokeAllTests(JUnitPlatformProvider.java:148)
	at org.apache.maven.surefire.junitplatform.JUnitPlatformProvider.invoke(JUnitPlatformProvider.java:122)
	at org.apache.maven.surefire.booter.ForkedBooter.runSuitesInProcess(ForkedBooter.java:385)
	at org.apache.maven.surefire.booter.ForkedBooter.execute(ForkedBooter.java:162)
	at org.apache.maven.surefire.booter.ForkedBooter.run(ForkedBooter.java:507)
	at org.apache.maven.surefire.booter.ForkedBooter.main(ForkedBooter.java:495)
2023-11-24 12:36:42,453 TRACE o.h.i.SessionImpl [SessionImpl.java:402] Closing session [a46466c6-6172-484b-b377-05958623f925]
2023-11-24 12:36:42,453 TRACE o.h.e.j.i.JdbcCoordinatorImpl [JdbcCoordinatorImpl.java:152] Closing JDBC container [org.hibernate.engine.jdbc.internal.JdbcCoordinatorImpl@13dfaaf]
2023-11-24 12:36:42,453 TRACE o.h.r.j.i.ResourceRegistryStandardImpl [ResourceRegistryStandardImpl.java:329] Releasing JDBC resources
2023-11-24 12:36:42,453 TRACE o.h.r.j.i.LogicalConnectionManagedImpl [LogicalConnectionManagedImpl.java:256] Closing logical connection
2023-11-24 12:36:42,454 TRACE o.h.r.j.i.LogicalConnectionManagedImpl [LogicalConnectionManagedImpl.java:263] Logical connection closed
2023-11-24 12:36:42,454 TRACE o.h.i.SessionFactoryImpl$SessionBuilderImpl [SessionFactoryImpl.java:1298] Opening Hibernate Session.  tenant=null
2023-11-24 12:36:42,454 TRACE o.h.i.SessionImpl [SessionImpl.java:262] Opened Session [0d742721-d664-429a-b156-164e79f651ed] at timestamp: 1700825802454
2023-11-24 12:36:42,454 TRACE o.h.i.SessionImpl [SessionImpl.java:402] Closing session [0d742721-d664-429a-b156-164e79f651ed]
2023-11-24 12:36:42,454 TRACE o.h.e.j.i.JdbcCoordinatorImpl [JdbcCoordinatorImpl.java:152] Closing JDBC container [org.hibernate.engine.jdbc.internal.JdbcCoordinatorImpl@1ffd3bbc]
2023-11-24 12:36:42,454 TRACE o.h.r.j.i.ResourceRegistryStandardImpl [ResourceRegistryStandardImpl.java:329] Releasing JDBC resources
2023-11-24 12:36:42,454 TRACE o.h.r.j.i.LogicalConnectionManagedImpl [LogicalConnectionManagedImpl.java:256] Closing logical connection
2023-11-24 12:36:42,454 TRACE o.h.r.j.i.LogicalConnectionManagedImpl [LogicalConnectionManagedImpl.java:263] Logical connection closed
2023-11-24 12:36:42,456 TRACE o.h.i.SessionFactoryImpl$SessionBuilderImpl [SessionFactoryImpl.java:1298] Opening Hibernate Session.  tenant=null
2023-11-24 12:36:42,456 TRACE o.h.i.SessionImpl [SessionImpl.java:262] Opened Session [8b2f0201-1d44-461e-9e33-4267baa97fdc] at timestamp: 1700825802456
2023-11-24 12:36:42,456 DEBUG o.h.r.t.b.j.i.JdbcResourceLocalTransactionCoordinatorImpl [JdbcResourceLocalTransactionCoordinatorImpl.java:310] JDBC transaction marked for rollback-only (exception provided for stack trace)
java.lang.Exception: exception just for purpose of providing stack trace
	at org.hibernate.resource.transaction.backend.jdbc.internal.JdbcResourceLocalTransactionCoordinatorImpl$TransactionDriverControlImpl.markRollbackOnly(JdbcResourceLocalTransactionCoordinatorImpl.java:310)
	at org.hibernate.internal.AbstractSharedSessionContract.buildNamedQuery(AbstractSharedSessionContract.java:1021)
	at org.hibernate.internal.AbstractSharedSessionContract.createNamedQuery(AbstractSharedSessionContract.java:899)
	at org.hibernate.internal.AbstractSharedSessionContract.createNamedQuery(AbstractSharedSessionContract.java:120)
	at jdk.internal.reflect.GeneratedMethodAccessor47.invoke(Unknown Source)
	at java.base/jdk.internal.reflect.DelegatingMethodAccessorImpl.invoke(DelegatingMethodAccessorImpl.java:43)
	at java.base/java.lang.reflect.Method.invoke(Method.java:568)
	at org.springframework.orm.jpa.ExtendedEntityManagerCreator$ExtendedEntityManagerInvocationHandler.invoke(ExtendedEntityManagerCreator.java:360)
	at jdk.proxy2/jdk.proxy2.$Proxy191.createNamedQuery(Unknown Source)
	at org.springframework.data.jpa.repository.query.NamedQuery.hasNamedQuery(NamedQuery.java:113)
	at org.springframework.data.jpa.repository.query.NamedQuery.lookupFrom(NamedQuery.java:141)
	at org.springframework.data.jpa.repository.query.JpaQueryLookupStrategy$DeclaredQueryLookupStrategy.resolveQuery(JpaQueryLookupStrategy.java:180)
	at org.springframework.data.jpa.repository.query.JpaQueryLookupStrategy$CreateIfNotFoundQueryLookupStrategy.resolveQuery(JpaQueryLookupStrategy.java:252)
	at org.springframework.data.jpa.repository.query.JpaQueryLookupStrategy$AbstractQueryLookupStrategy.resolveQuery(JpaQueryLookupStrategy.java:95)
	at org.springframework.data.repository.core.support.QueryExecutorMethodInterceptor.lookupQuery(QueryExecutorMethodInterceptor.java:111)
	at org.springframework.data.repository.core.support.QueryExecutorMethodInterceptor.mapMethodsToQuery(QueryExecutorMethodInterceptor.java:99)
	at org.springframework.data.repository.core.support.QueryExecutorMethodInterceptor.lambda$new$0(QueryExecutorMethodInterceptor.java:88)
	at java.base/java.util.Optional.map(Optional.java:260)
	at org.springframework.data.repository.core.support.QueryExecutorMethodInterceptor.<init>(QueryExecutorMethodInterceptor.java:88)
	at org.springframework.data.repository.core.support.RepositoryFactorySupport.getRepository(RepositoryFactorySupport.java:357)
	at org.springframework.data.repository.core.support.RepositoryFactoryBeanSupport.lambda$afterPropertiesSet$5(RepositoryFactoryBeanSupport.java:279)
	at org.springframework.data.util.Lazy.getNullable(Lazy.java:245)
	at org.springframework.data.util.Lazy.get(Lazy.java:114)
	at org.springframework.data.repository.core.support.RepositoryFactoryBeanSupport.afterPropertiesSet(RepositoryFactoryBeanSupport.java:285)
	at org.springframework.data.jpa.repository.support.JpaRepositoryFactoryBean.afterPropertiesSet(JpaRepositoryFactoryBean.java:132)
	at org.springframework.beans.factory.support.AbstractAutowireCapableBeanFactory.invokeInitMethods(AbstractAutowireCapableBeanFactory.java:1817)
	at org.springframework.beans.factory.support.AbstractAutowireCapableBeanFactory.initializeBean(AbstractAutowireCapableBeanFactory.java:1766)
	at org.springframework.beans.factory.support.AbstractAutowireCapableBeanFactory.doCreateBean(AbstractAutowireCapableBeanFactory.java:598)
	at org.springframework.beans.factory.support.AbstractAutowireCapableBeanFactory.createBean(AbstractAutowireCapableBeanFactory.java:520)
	at org.springframework.beans.factory.support.AbstractBeanFactory.lambda$doGetBean$0(AbstractBeanFactory.java:325)
	at org.springframework.beans.factory.support.DefaultSingletonBeanRegistry.getSingleton(DefaultSingletonBeanRegistry.java:234)
	at org.springframework.beans.factory.support.AbstractBeanFactory.doGetBean(AbstractBeanFactory.java:323)
	at org.springframework.beans.factory.support.AbstractBeanFactory.getBean(AbstractBeanFactory.java:199)
	at org.springframework.beans.factory.config.DependencyDescriptor.resolveCandidate(DependencyDescriptor.java:254)
	at org.springframework.beans.factory.support.DefaultListableBeanFactory.doResolveDependency(DefaultListableBeanFactory.java:1417)
	at org.springframework.beans.factory.support.DefaultListableBeanFactory.resolveDependency(DefaultListableBeanFactory.java:1337)
	at org.springframework.beans.factory.annotation.AutowiredAnnotationBeanPostProcessor$AutowiredFieldElement.resolveFieldValue(AutowiredAnnotationBeanPostProcessor.java:764)
	at org.springframework.beans.factory.annotation.AutowiredAnnotationBeanPostProcessor$AutowiredFieldElement.inject(AutowiredAnnotationBeanPostProcessor.java:747)
	at org.springframework.beans.factory.annotation.InjectionMetadata.inject(InjectionMetadata.java:145)
	at org.springframework.beans.factory.annotation.AutowiredAnnotationBeanPostProcessor.postProcessProperties(AutowiredAnnotationBeanPostProcessor.java:492)
	at org.springframework.beans.factory.support.AbstractAutowireCapableBeanFactory.populateBean(AbstractAutowireCapableBeanFactory.java:1416)
	at org.springframework.beans.factory.support.AbstractAutowireCapableBeanFactory.doCreateBean(AbstractAutowireCapableBeanFactory.java:597)
	at org.springframework.beans.factory.support.AbstractAutowireCapableBeanFactory.createBean(AbstractAutowireCapableBeanFactory.java:520)
	at org.springframework.beans.factory.support.AbstractBeanFactory.lambda$doGetBean$0(AbstractBeanFactory.java:325)
	at org.springframework.beans.factory.support.DefaultSingletonBeanRegistry.getSingleton(DefaultSingletonBeanRegistry.java:234)
	at org.springframework.beans.factory.support.AbstractBeanFactory.doGetBean(AbstractBeanFactory.java:323)
	at org.springframework.beans.factory.support.AbstractBeanFactory.getBean(AbstractBeanFactory.java:199)
	at org.springframework.beans.factory.support.DefaultListableBeanFactory.preInstantiateSingletons(DefaultListableBeanFactory.java:973)
	at org.springframework.context.support.AbstractApplicationContext.finishBeanFactoryInitialization(AbstractApplicationContext.java:950)
	at org.springframework.context.support.AbstractApplicationContext.refresh(AbstractApplicationContext.java:616)
	at org.springframework.boot.SpringApplication.refresh(SpringApplication.java:738)
	at org.springframework.boot.SpringApplication.refreshContext(SpringApplication.java:440)
	at org.springframework.boot.SpringApplication.run(SpringApplication.java:316)
	at org.springframework.boot.test.context.SpringBootContextLoader.lambda$loadContext$3(SpringBootContextLoader.java:137)
	at org.springframework.util.function.ThrowingSupplier.get(ThrowingSupplier.java:58)
	at org.springframework.util.function.ThrowingSupplier.get(ThrowingSupplier.java:46)
	at org.springframework.boot.SpringApplication.withHook(SpringApplication.java:1406)
	at org.springframework.boot.test.context.SpringBootContextLoader$ContextLoaderHook.run(SpringBootContextLoader.java:545)
	at org.springframework.boot.test.context.SpringBootContextLoader.loadContext(SpringBootContextLoader.java:137)
	at org.springframework.boot.test.context.SpringBootContextLoader.loadContext(SpringBootContextLoader.java:108)
	at org.springframework.test.context.cache.DefaultCacheAwareContextLoaderDelegate.loadContextInternal(DefaultCacheAwareContextLoaderDelegate.java:187)
	at org.springframework.test.context.cache.DefaultCacheAwareContextLoaderDelegate.loadContext(DefaultCacheAwareContextLoaderDelegate.java:119)
	at org.springframework.test.context.support.DefaultTestContext.getApplicationContext(DefaultTestContext.java:127)
	at org.springframework.test.context.web.ServletTestExecutionListener.setUpRequestContextIfNecessary(ServletTestExecutionListener.java:191)
	at org.springframework.test.context.web.ServletTestExecutionListener.prepareTestInstance(ServletTestExecutionListener.java:130)
	at org.springframework.test.context.TestContextManager.prepareTestInstance(TestContextManager.java:241)
	at org.springframework.test.context.junit.jupiter.SpringExtension.postProcessTestInstance(SpringExtension.java:138)
	at org.junit.jupiter.engine.descriptor.ClassBasedTestDescriptor.lambda$invokeTestInstancePostProcessors$10(ClassBasedTestDescriptor.java:377)
	at org.junit.jupiter.engine.descriptor.ClassBasedTestDescriptor.executeAndMaskThrowable(ClassBasedTestDescriptor.java:382)
	at org.junit.jupiter.engine.descriptor.ClassBasedTestDescriptor.lambda$invokeTestInstancePostProcessors$11(ClassBasedTestDescriptor.java:377)
	at java.base/java.util.stream.ReferencePipeline$3$1.accept(ReferencePipeline.java:197)
	at java.base/java.util.stream.ReferencePipeline$2$1.accept(ReferencePipeline.java:179)
	at java.base/java.util.ArrayList$ArrayListSpliterator.forEachRemaining(ArrayList.java:1625)
	at java.base/java.util.stream.AbstractPipeline.copyInto(AbstractPipeline.java:509)
	at java.base/java.util.stream.AbstractPipeline.wrapAndCopyInto(AbstractPipeline.java:499)
	at java.base/java.util.stream.StreamSpliterators$WrappingSpliterator.forEachRemaining(StreamSpliterators.java:310)
	at java.base/java.util.stream.Streams$ConcatSpliterator.forEachRemaining(Streams.java:735)
	at java.base/java.util.stream.Streams$ConcatSpliterator.forEachRemaining(Streams.java:734)
	at java.base/java.util.stream.ReferencePipeline$Head.forEach(ReferencePipeline.java:762)
	at org.junit.jupiter.engine.descriptor.ClassBasedTestDescriptor.invokeTestInstancePostProcessors(ClassBasedTestDescriptor.java:376)
	at org.junit.jupiter.engine.descriptor.ClassBasedTestDescriptor.lambda$instantiateAndPostProcessTestInstance$6(ClassBasedTestDescriptor.java:289)
	at org.junit.platform.engine.support.hierarchical.ThrowableCollector.execute(ThrowableCollector.java:73)
	at org.junit.jupiter.engine.descriptor.ClassBasedTestDescriptor.instantiateAndPostProcessTestInstance(ClassBasedTestDescriptor.java:288)
	at org.junit.jupiter.engine.descriptor.ClassBasedTestDescriptor.lambda$testInstancesProvider$4(ClassBasedTestDescriptor.java:278)
	at java.base/java.util.Optional.orElseGet(Optional.java:364)
	at org.junit.jupiter.engine.descriptor.ClassBasedTestDescriptor.lambda$testInstancesProvider$5(ClassBasedTestDescriptor.java:277)
	at org.junit.jupiter.engine.execution.TestInstancesProvider.getTestInstances(TestInstancesProvider.java:31)
	at org.junit.jupiter.engine.descriptor.TestMethodTestDescriptor.lambda$prepare$0(TestMethodTestDescriptor.java:105)
	at org.junit.platform.engine.support.hierarchical.ThrowableCollector.execute(ThrowableCollector.java:73)
	at org.junit.jupiter.engine.descriptor.TestMethodTestDescriptor.prepare(TestMethodTestDescriptor.java:104)
	at org.junit.jupiter.engine.descriptor.TestMethodTestDescriptor.prepare(TestMethodTestDescriptor.java:68)
	at org.junit.platform.engine.support.hierarchical.NodeTestTask.lambda$prepare$2(NodeTestTask.java:123)
	at org.junit.platform.engine.support.hierarchical.ThrowableCollector.execute(ThrowableCollector.java:73)
	at org.junit.platform.engine.support.hierarchical.NodeTestTask.prepare(NodeTestTask.java:123)
	at org.junit.platform.engine.support.hierarchical.NodeTestTask.execute(NodeTestTask.java:90)
	at java.base/java.util.ArrayList.forEach(ArrayList.java:1511)
	at org.junit.platform.engine.support.hierarchical.SameThreadHierarchicalTestExecutorService.invokeAll(SameThreadHierarchicalTestExecutorService.java:41)
	at org.junit.platform.engine.support.hierarchical.NodeTestTask.lambda$executeRecursively$6(NodeTestTask.java:155)
	at org.junit.platform.engine.support.hierarchical.ThrowableCollector.execute(ThrowableCollector.java:73)
	at org.junit.platform.engine.support.hierarchical.NodeTestTask.lambda$executeRecursively$8(NodeTestTask.java:141)
	at org.junit.platform.engine.support.hierarchical.Node.around(Node.java:137)
	at org.junit.platform.engine.support.hierarchical.NodeTestTask.lambda$executeRecursively$9(NodeTestTask.java:139)
	at org.junit.platform.engine.support.hierarchical.ThrowableCollector.execute(ThrowableCollector.java:73)
	at org.junit.platform.engine.support.hierarchical.NodeTestTask.executeRecursively(NodeTestTask.java:138)
	at org.junit.platform.engine.support.hierarchical.NodeTestTask.execute(NodeTestTask.java:95)
	at java.base/java.util.ArrayList.forEach(ArrayList.java:1511)
	at org.junit.platform.engine.support.hierarchical.SameThreadHierarchicalTestExecutorService.invokeAll(SameThreadHierarchicalTestExecutorService.java:41)
	at org.junit.platform.engine.support.hierarchical.NodeTestTask.lambda$executeRecursively$6(NodeTestTask.java:155)
	at org.junit.platform.engine.support.hierarchical.ThrowableCollector.execute(ThrowableCollector.java:73)
	at org.junit.platform.engine.support.hierarchical.NodeTestTask.lambda$executeRecursively$8(NodeTestTask.java:141)
	at org.junit.platform.engine.support.hierarchical.Node.around(Node.java:137)
	at org.junit.platform.engine.support.hierarchical.NodeTestTask.lambda$executeRecursively$9(NodeTestTask.java:139)
	at org.junit.platform.engine.support.hierarchical.ThrowableCollector.execute(ThrowableCollector.java:73)
	at org.junit.platform.engine.support.hierarchical.NodeTestTask.executeRecursively(NodeTestTask.java:138)
	at org.junit.platform.engine.support.hierarchical.NodeTestTask.execute(NodeTestTask.java:95)
	at org.junit.platform.engine.support.hierarchical.SameThreadHierarchicalTestExecutorService.submit(SameThreadHierarchicalTestExecutorService.java:35)
	at org.junit.platform.engine.support.hierarchical.HierarchicalTestExecutor.execute(HierarchicalTestExecutor.java:57)
	at org.junit.platform.engine.support.hierarchical.HierarchicalTestEngine.execute(HierarchicalTestEngine.java:54)
	at org.junit.platform.launcher.core.EngineExecutionOrchestrator.execute(EngineExecutionOrchestrator.java:147)
	at org.junit.platform.launcher.core.EngineExecutionOrchestrator.execute(EngineExecutionOrchestrator.java:127)
	at org.junit.platform.launcher.core.EngineExecutionOrchestrator.execute(EngineExecutionOrchestrator.java:90)
	at org.junit.platform.launcher.core.EngineExecutionOrchestrator.lambda$execute$0(EngineExecutionOrchestrator.java:55)
	at org.junit.platform.launcher.core.EngineExecutionOrchestrator.withInterceptedStreams(EngineExecutionOrchestrator.java:102)
	at org.junit.platform.launcher.core.EngineExecutionOrchestrator.execute(EngineExecutionOrchestrator.java:54)
	at org.junit.platform.launcher.core.DefaultLauncher.execute(DefaultLauncher.java:114)
	at org.junit.platform.launcher.core.DefaultLauncher.execute(DefaultLauncher.java:86)
	at org.junit.platform.launcher.core.DefaultLauncherSession$DelegatingLauncher.execute(DefaultLauncherSession.java:86)
	at org.apache.maven.surefire.junitplatform.LazyLauncher.execute(LazyLauncher.java:50)
	at org.apache.maven.surefire.junitplatform.JUnitPlatformProvider.execute(JUnitPlatformProvider.java:184)
	at org.apache.maven.surefire.junitplatform.JUnitPlatformProvider.invokeAllTests(JUnitPlatformProvider.java:148)
	at org.apache.maven.surefire.junitplatform.JUnitPlatformProvider.invoke(JUnitPlatformProvider.java:122)
	at org.apache.maven.surefire.booter.ForkedBooter.runSuitesInProcess(ForkedBooter.java:385)
	at org.apache.maven.surefire.booter.ForkedBooter.execute(ForkedBooter.java:162)
	at org.apache.maven.surefire.booter.ForkedBooter.run(ForkedBooter.java:507)
	at org.apache.maven.surefire.booter.ForkedBooter.main(ForkedBooter.java:495)
2023-11-24 12:36:42,457 TRACE o.h.i.SessionImpl [SessionImpl.java:402] Closing session [8b2f0201-1d44-461e-9e33-4267baa97fdc]
2023-11-24 12:36:42,457 TRACE o.h.e.j.i.JdbcCoordinatorImpl [JdbcCoordinatorImpl.java:152] Closing JDBC container [org.hibernate.engine.jdbc.internal.JdbcCoordinatorImpl@29b1a524]
2023-11-24 12:36:42,457 TRACE o.h.r.j.i.ResourceRegistryStandardImpl [ResourceRegistryStandardImpl.java:329] Releasing JDBC resources
2023-11-24 12:36:42,457 TRACE o.h.r.j.i.LogicalConnectionManagedImpl [LogicalConnectionManagedImpl.java:256] Closing logical connection
2023-11-24 12:36:42,457 TRACE o.h.r.j.i.LogicalConnectionManagedImpl [LogicalConnectionManagedImpl.java:263] Logical connection closed
2023-11-24 12:36:42,457 TRACE o.h.i.SessionFactoryImpl$SessionBuilderImpl [SessionFactoryImpl.java:1298] Opening Hibernate Session.  tenant=null
2023-11-24 12:36:42,457 TRACE o.h.i.SessionImpl [SessionImpl.java:262] Opened Session [7f48aeb1-31de-4b56-bbc9-34f7ae307f49] at timestamp: 1700825802457
2023-11-24 12:36:42,457 TRACE o.h.i.SessionImpl [SessionImpl.java:402] Closing session [7f48aeb1-31de-4b56-bbc9-34f7ae307f49]
2023-11-24 12:36:42,458 TRACE o.h.e.j.i.JdbcCoordinatorImpl [JdbcCoordinatorImpl.java:152] Closing JDBC container [org.hibernate.engine.jdbc.internal.JdbcCoordinatorImpl@47b7da3f]
2023-11-24 12:36:42,458 TRACE o.h.r.j.i.ResourceRegistryStandardImpl [ResourceRegistryStandardImpl.java:329] Releasing JDBC resources
2023-11-24 12:36:42,458 TRACE o.h.r.j.i.LogicalConnectionManagedImpl [LogicalConnectionManagedImpl.java:256] Closing logical connection
2023-11-24 12:36:42,458 TRACE o.h.r.j.i.LogicalConnectionManagedImpl [LogicalConnectionManagedImpl.java:263] Logical connection closed
2023-11-24 12:36:42,459 TRACE o.h.i.SessionFactoryImpl$SessionBuilderImpl [SessionFactoryImpl.java:1298] Opening Hibernate Session.  tenant=null
2023-11-24 12:36:42,459 TRACE o.h.i.SessionImpl [SessionImpl.java:262] Opened Session [69b882c3-c6b7-40c8-8417-dfd7865a4f46] at timestamp: 1700825802459
2023-11-24 12:36:42,459 DEBUG o.h.r.t.b.j.i.JdbcResourceLocalTransactionCoordinatorImpl [JdbcResourceLocalTransactionCoordinatorImpl.java:310] JDBC transaction marked for rollback-only (exception provided for stack trace)
java.lang.Exception: exception just for purpose of providing stack trace
	at org.hibernate.resource.transaction.backend.jdbc.internal.JdbcResourceLocalTransactionCoordinatorImpl$TransactionDriverControlImpl.markRollbackOnly(JdbcResourceLocalTransactionCoordinatorImpl.java:310)
	at org.hibernate.internal.AbstractSharedSessionContract.buildNamedQuery(AbstractSharedSessionContract.java:1021)
	at org.hibernate.internal.AbstractSharedSessionContract.createNamedQuery(AbstractSharedSessionContract.java:899)
	at org.hibernate.internal.AbstractSharedSessionContract.createNamedQuery(AbstractSharedSessionContract.java:120)
	at jdk.internal.reflect.GeneratedMethodAccessor47.invoke(Unknown Source)
	at java.base/jdk.internal.reflect.DelegatingMethodAccessorImpl.invoke(DelegatingMethodAccessorImpl.java:43)
	at java.base/java.lang.reflect.Method.invoke(Method.java:568)
	at org.springframework.orm.jpa.ExtendedEntityManagerCreator$ExtendedEntityManagerInvocationHandler.invoke(ExtendedEntityManagerCreator.java:360)
	at jdk.proxy2/jdk.proxy2.$Proxy191.createNamedQuery(Unknown Source)
	at org.springframework.data.jpa.repository.query.NamedQuery.hasNamedQuery(NamedQuery.java:113)
	at org.springframework.data.jpa.repository.query.NamedQuery.lookupFrom(NamedQuery.java:141)
	at org.springframework.data.jpa.repository.query.JpaQueryLookupStrategy$DeclaredQueryLookupStrategy.resolveQuery(JpaQueryLookupStrategy.java:180)
	at org.springframework.data.jpa.repository.query.JpaQueryLookupStrategy$CreateIfNotFoundQueryLookupStrategy.resolveQuery(JpaQueryLookupStrategy.java:252)
	at org.springframework.data.jpa.repository.query.JpaQueryLookupStrategy$AbstractQueryLookupStrategy.resolveQuery(JpaQueryLookupStrategy.java:95)
	at org.springframework.data.repository.core.support.QueryExecutorMethodInterceptor.lookupQuery(QueryExecutorMethodInterceptor.java:111)
	at org.springframework.data.repository.core.support.QueryExecutorMethodInterceptor.mapMethodsToQuery(QueryExecutorMethodInterceptor.java:99)
	at org.springframework.data.repository.core.support.QueryExecutorMethodInterceptor.lambda$new$0(QueryExecutorMethodInterceptor.java:88)
	at java.base/java.util.Optional.map(Optional.java:260)
	at org.springframework.data.repository.core.support.QueryExecutorMethodInterceptor.<init>(QueryExecutorMethodInterceptor.java:88)
	at org.springframework.data.repository.core.support.RepositoryFactorySupport.getRepository(RepositoryFactorySupport.java:357)
	at org.springframework.data.repository.core.support.RepositoryFactoryBeanSupport.lambda$afterPropertiesSet$5(RepositoryFactoryBeanSupport.java:279)
	at org.springframework.data.util.Lazy.getNullable(Lazy.java:245)
	at org.springframework.data.util.Lazy.get(Lazy.java:114)
	at org.springframework.data.repository.core.support.RepositoryFactoryBeanSupport.afterPropertiesSet(RepositoryFactoryBeanSupport.java:285)
	at org.springframework.data.jpa.repository.support.JpaRepositoryFactoryBean.afterPropertiesSet(JpaRepositoryFactoryBean.java:132)
	at org.springframework.beans.factory.support.AbstractAutowireCapableBeanFactory.invokeInitMethods(AbstractAutowireCapableBeanFactory.java:1817)
	at org.springframework.beans.factory.support.AbstractAutowireCapableBeanFactory.initializeBean(AbstractAutowireCapableBeanFactory.java:1766)
	at org.springframework.beans.factory.support.AbstractAutowireCapableBeanFactory.doCreateBean(AbstractAutowireCapableBeanFactory.java:598)
	at org.springframework.beans.factory.support.AbstractAutowireCapableBeanFactory.createBean(AbstractAutowireCapableBeanFactory.java:520)
	at org.springframework.beans.factory.support.AbstractBeanFactory.lambda$doGetBean$0(AbstractBeanFactory.java:325)
	at org.springframework.beans.factory.support.DefaultSingletonBeanRegistry.getSingleton(DefaultSingletonBeanRegistry.java:234)
	at org.springframework.beans.factory.support.AbstractBeanFactory.doGetBean(AbstractBeanFactory.java:323)
	at org.springframework.beans.factory.support.AbstractBeanFactory.getBean(AbstractBeanFactory.java:199)
	at org.springframework.beans.factory.config.DependencyDescriptor.resolveCandidate(DependencyDescriptor.java:254)
	at org.springframework.beans.factory.support.DefaultListableBeanFactory.doResolveDependency(DefaultListableBeanFactory.java:1417)
	at org.springframework.beans.factory.support.DefaultListableBeanFactory.resolveDependency(DefaultListableBeanFactory.java:1337)
	at org.springframework.beans.factory.annotation.AutowiredAnnotationBeanPostProcessor$AutowiredFieldElement.resolveFieldValue(AutowiredAnnotationBeanPostProcessor.java:764)
	at org.springframework.beans.factory.annotation.AutowiredAnnotationBeanPostProcessor$AutowiredFieldElement.inject(AutowiredAnnotationBeanPostProcessor.java:747)
	at org.springframework.beans.factory.annotation.InjectionMetadata.inject(InjectionMetadata.java:145)
	at org.springframework.beans.factory.annotation.AutowiredAnnotationBeanPostProcessor.postProcessProperties(AutowiredAnnotationBeanPostProcessor.java:492)
	at org.springframework.beans.factory.support.AbstractAutowireCapableBeanFactory.populateBean(AbstractAutowireCapableBeanFactory.java:1416)
	at org.springframework.beans.factory.support.AbstractAutowireCapableBeanFactory.doCreateBean(AbstractAutowireCapableBeanFactory.java:597)
	at org.springframework.beans.factory.support.AbstractAutowireCapableBeanFactory.createBean(AbstractAutowireCapableBeanFactory.java:520)
	at org.springframework.beans.factory.support.AbstractBeanFactory.lambda$doGetBean$0(AbstractBeanFactory.java:325)
	at org.springframework.beans.factory.support.DefaultSingletonBeanRegistry.getSingleton(DefaultSingletonBeanRegistry.java:234)
	at org.springframework.beans.factory.support.AbstractBeanFactory.doGetBean(AbstractBeanFactory.java:323)
	at org.springframework.beans.factory.support.AbstractBeanFactory.getBean(AbstractBeanFactory.java:199)
	at org.springframework.beans.factory.support.DefaultListableBeanFactory.preInstantiateSingletons(DefaultListableBeanFactory.java:973)
	at org.springframework.context.support.AbstractApplicationContext.finishBeanFactoryInitialization(AbstractApplicationContext.java:950)
	at org.springframework.context.support.AbstractApplicationContext.refresh(AbstractApplicationContext.java:616)
	at org.springframework.boot.SpringApplication.refresh(SpringApplication.java:738)
	at org.springframework.boot.SpringApplication.refreshContext(SpringApplication.java:440)
	at org.springframework.boot.SpringApplication.run(SpringApplication.java:316)
	at org.springframework.boot.test.context.SpringBootContextLoader.lambda$loadContext$3(SpringBootContextLoader.java:137)
	at org.springframework.util.function.ThrowingSupplier.get(ThrowingSupplier.java:58)
	at org.springframework.util.function.ThrowingSupplier.get(ThrowingSupplier.java:46)
	at org.springframework.boot.SpringApplication.withHook(SpringApplication.java:1406)
	at org.springframework.boot.test.context.SpringBootContextLoader$ContextLoaderHook.run(SpringBootContextLoader.java:545)
	at org.springframework.boot.test.context.SpringBootContextLoader.loadContext(SpringBootContextLoader.java:137)
	at org.springframework.boot.test.context.SpringBootContextLoader.loadContext(SpringBootContextLoader.java:108)
	at org.springframework.test.context.cache.DefaultCacheAwareContextLoaderDelegate.loadContextInternal(DefaultCacheAwareContextLoaderDelegate.java:187)
	at org.springframework.test.context.cache.DefaultCacheAwareContextLoaderDelegate.loadContext(DefaultCacheAwareContextLoaderDelegate.java:119)
	at org.springframework.test.context.support.DefaultTestContext.getApplicationContext(DefaultTestContext.java:127)
	at org.springframework.test.context.web.ServletTestExecutionListener.setUpRequestContextIfNecessary(ServletTestExecutionListener.java:191)
	at org.springframework.test.context.web.ServletTestExecutionListener.prepareTestInstance(ServletTestExecutionListener.java:130)
	at org.springframework.test.context.TestContextManager.prepareTestInstance(TestContextManager.java:241)
	at org.springframework.test.context.junit.jupiter.SpringExtension.postProcessTestInstance(SpringExtension.java:138)
	at org.junit.jupiter.engine.descriptor.ClassBasedTestDescriptor.lambda$invokeTestInstancePostProcessors$10(ClassBasedTestDescriptor.java:377)
	at org.junit.jupiter.engine.descriptor.ClassBasedTestDescriptor.executeAndMaskThrowable(ClassBasedTestDescriptor.java:382)
	at org.junit.jupiter.engine.descriptor.ClassBasedTestDescriptor.lambda$invokeTestInstancePostProcessors$11(ClassBasedTestDescriptor.java:377)
	at java.base/java.util.stream.ReferencePipeline$3$1.accept(ReferencePipeline.java:197)
	at java.base/java.util.stream.ReferencePipeline$2$1.accept(ReferencePipeline.java:179)
	at java.base/java.util.ArrayList$ArrayListSpliterator.forEachRemaining(ArrayList.java:1625)
	at java.base/java.util.stream.AbstractPipeline.copyInto(AbstractPipeline.java:509)
	at java.base/java.util.stream.AbstractPipeline.wrapAndCopyInto(AbstractPipeline.java:499)
	at java.base/java.util.stream.StreamSpliterators$WrappingSpliterator.forEachRemaining(StreamSpliterators.java:310)
	at java.base/java.util.stream.Streams$ConcatSpliterator.forEachRemaining(Streams.java:735)
	at java.base/java.util.stream.Streams$ConcatSpliterator.forEachRemaining(Streams.java:734)
	at java.base/java.util.stream.ReferencePipeline$Head.forEach(ReferencePipeline.java:762)
	at org.junit.jupiter.engine.descriptor.ClassBasedTestDescriptor.invokeTestInstancePostProcessors(ClassBasedTestDescriptor.java:376)
	at org.junit.jupiter.engine.descriptor.ClassBasedTestDescriptor.lambda$instantiateAndPostProcessTestInstance$6(ClassBasedTestDescriptor.java:289)
	at org.junit.platform.engine.support.hierarchical.ThrowableCollector.execute(ThrowableCollector.java:73)
	at org.junit.jupiter.engine.descriptor.ClassBasedTestDescriptor.instantiateAndPostProcessTestInstance(ClassBasedTestDescriptor.java:288)
	at org.junit.jupiter.engine.descriptor.ClassBasedTestDescriptor.lambda$testInstancesProvider$4(ClassBasedTestDescriptor.java:278)
	at java.base/java.util.Optional.orElseGet(Optional.java:364)
	at org.junit.jupiter.engine.descriptor.ClassBasedTestDescriptor.lambda$testInstancesProvider$5(ClassBasedTestDescriptor.java:277)
	at org.junit.jupiter.engine.execution.TestInstancesProvider.getTestInstances(TestInstancesProvider.java:31)
	at org.junit.jupiter.engine.descriptor.TestMethodTestDescriptor.lambda$prepare$0(TestMethodTestDescriptor.java:105)
	at org.junit.platform.engine.support.hierarchical.ThrowableCollector.execute(ThrowableCollector.java:73)
	at org.junit.jupiter.engine.descriptor.TestMethodTestDescriptor.prepare(TestMethodTestDescriptor.java:104)
	at org.junit.jupiter.engine.descriptor.TestMethodTestDescriptor.prepare(TestMethodTestDescriptor.java:68)
	at org.junit.platform.engine.support.hierarchical.NodeTestTask.lambda$prepare$2(NodeTestTask.java:123)
	at org.junit.platform.engine.support.hierarchical.ThrowableCollector.execute(ThrowableCollector.java:73)
	at org.junit.platform.engine.support.hierarchical.NodeTestTask.prepare(NodeTestTask.java:123)
	at org.junit.platform.engine.support.hierarchical.NodeTestTask.execute(NodeTestTask.java:90)
	at java.base/java.util.ArrayList.forEach(ArrayList.java:1511)
	at org.junit.platform.engine.support.hierarchical.SameThreadHierarchicalTestExecutorService.invokeAll(SameThreadHierarchicalTestExecutorService.java:41)
	at org.junit.platform.engine.support.hierarchical.NodeTestTask.lambda$executeRecursively$6(NodeTestTask.java:155)
	at org.junit.platform.engine.support.hierarchical.ThrowableCollector.execute(ThrowableCollector.java:73)
	at org.junit.platform.engine.support.hierarchical.NodeTestTask.lambda$executeRecursively$8(NodeTestTask.java:141)
	at org.junit.platform.engine.support.hierarchical.Node.around(Node.java:137)
	at org.junit.platform.engine.support.hierarchical.NodeTestTask.lambda$executeRecursively$9(NodeTestTask.java:139)
	at org.junit.platform.engine.support.hierarchical.ThrowableCollector.execute(ThrowableCollector.java:73)
	at org.junit.platform.engine.support.hierarchical.NodeTestTask.executeRecursively(NodeTestTask.java:138)
	at org.junit.platform.engine.support.hierarchical.NodeTestTask.execute(NodeTestTask.java:95)
	at java.base/java.util.ArrayList.forEach(ArrayList.java:1511)
	at org.junit.platform.engine.support.hierarchical.SameThreadHierarchicalTestExecutorService.invokeAll(SameThreadHierarchicalTestExecutorService.java:41)
	at org.junit.platform.engine.support.hierarchical.NodeTestTask.lambda$executeRecursively$6(NodeTestTask.java:155)
	at org.junit.platform.engine.support.hierarchical.ThrowableCollector.execute(ThrowableCollector.java:73)
	at org.junit.platform.engine.support.hierarchical.NodeTestTask.lambda$executeRecursively$8(NodeTestTask.java:141)
	at org.junit.platform.engine.support.hierarchical.Node.around(Node.java:137)
	at org.junit.platform.engine.support.hierarchical.NodeTestTask.lambda$executeRecursively$9(NodeTestTask.java:139)
	at org.junit.platform.engine.support.hierarchical.ThrowableCollector.execute(ThrowableCollector.java:73)
	at org.junit.platform.engine.support.hierarchical.NodeTestTask.executeRecursively(NodeTestTask.java:138)
	at org.junit.platform.engine.support.hierarchical.NodeTestTask.execute(NodeTestTask.java:95)
	at org.junit.platform.engine.support.hierarchical.SameThreadHierarchicalTestExecutorService.submit(SameThreadHierarchicalTestExecutorService.java:35)
	at org.junit.platform.engine.support.hierarchical.HierarchicalTestExecutor.execute(HierarchicalTestExecutor.java:57)
	at org.junit.platform.engine.support.hierarchical.HierarchicalTestEngine.execute(HierarchicalTestEngine.java:54)
	at org.junit.platform.launcher.core.EngineExecutionOrchestrator.execute(EngineExecutionOrchestrator.java:147)
	at org.junit.platform.launcher.core.EngineExecutionOrchestrator.execute(EngineExecutionOrchestrator.java:127)
	at org.junit.platform.launcher.core.EngineExecutionOrchestrator.execute(EngineExecutionOrchestrator.java:90)
	at org.junit.platform.launcher.core.EngineExecutionOrchestrator.lambda$execute$0(EngineExecutionOrchestrator.java:55)
	at org.junit.platform.launcher.core.EngineExecutionOrchestrator.withInterceptedStreams(EngineExecutionOrchestrator.java:102)
	at org.junit.platform.launcher.core.EngineExecutionOrchestrator.execute(EngineExecutionOrchestrator.java:54)
	at org.junit.platform.launcher.core.DefaultLauncher.execute(DefaultLauncher.java:114)
	at org.junit.platform.launcher.core.DefaultLauncher.execute(DefaultLauncher.java:86)
	at org.junit.platform.launcher.core.DefaultLauncherSession$DelegatingLauncher.execute(DefaultLauncherSession.java:86)
	at org.apache.maven.surefire.junitplatform.LazyLauncher.execute(LazyLauncher.java:50)
	at org.apache.maven.surefire.junitplatform.JUnitPlatformProvider.execute(JUnitPlatformProvider.java:184)
	at org.apache.maven.surefire.junitplatform.JUnitPlatformProvider.invokeAllTests(JUnitPlatformProvider.java:148)
	at org.apache.maven.surefire.junitplatform.JUnitPlatformProvider.invoke(JUnitPlatformProvider.java:122)
	at org.apache.maven.surefire.booter.ForkedBooter.runSuitesInProcess(ForkedBooter.java:385)
	at org.apache.maven.surefire.booter.ForkedBooter.execute(ForkedBooter.java:162)
	at org.apache.maven.surefire.booter.ForkedBooter.run(ForkedBooter.java:507)
	at org.apache.maven.surefire.booter.ForkedBooter.main(ForkedBooter.java:495)
2023-11-24 12:36:42,460 TRACE o.h.i.SessionImpl [SessionImpl.java:402] Closing session [69b882c3-c6b7-40c8-8417-dfd7865a4f46]
2023-11-24 12:36:42,460 TRACE o.h.e.j.i.JdbcCoordinatorImpl [JdbcCoordinatorImpl.java:152] Closing JDBC container [org.hibernate.engine.jdbc.internal.JdbcCoordinatorImpl@496bd320]
2023-11-24 12:36:42,460 TRACE o.h.r.j.i.ResourceRegistryStandardImpl [ResourceRegistryStandardImpl.java:329] Releasing JDBC resources
2023-11-24 12:36:42,460 TRACE o.h.r.j.i.LogicalConnectionManagedImpl [LogicalConnectionManagedImpl.java:256] Closing logical connection
2023-11-24 12:36:42,460 TRACE o.h.r.j.i.LogicalConnectionManagedImpl [LogicalConnectionManagedImpl.java:263] Logical connection closed
2023-11-24 12:36:42,461 TRACE o.h.i.SessionFactoryImpl$SessionBuilderImpl [SessionFactoryImpl.java:1298] Opening Hibernate Session.  tenant=null
2023-11-24 12:36:42,461 TRACE o.h.i.SessionImpl [SessionImpl.java:262] Opened Session [3ac41692-1cba-46fa-892b-2d850ac082ad] at timestamp: 1700825802461
2023-11-24 12:36:42,461 TRACE o.h.i.SessionImpl [SessionImpl.java:402] Closing session [3ac41692-1cba-46fa-892b-2d850ac082ad]
2023-11-24 12:36:42,461 TRACE o.h.e.j.i.JdbcCoordinatorImpl [JdbcCoordinatorImpl.java:152] Closing JDBC container [org.hibernate.engine.jdbc.internal.JdbcCoordinatorImpl@6dd7d7ac]
2023-11-24 12:36:42,461 TRACE o.h.r.j.i.ResourceRegistryStandardImpl [ResourceRegistryStandardImpl.java:329] Releasing JDBC resources
2023-11-24 12:36:42,461 TRACE o.h.r.j.i.LogicalConnectionManagedImpl [LogicalConnectionManagedImpl.java:256] Closing logical connection
2023-11-24 12:36:42,462 TRACE o.h.r.j.i.LogicalConnectionManagedImpl [LogicalConnectionManagedImpl.java:263] Logical connection closed
2023-11-24 12:36:42,465 TRACE o.h.i.SessionFactoryImpl$SessionBuilderImpl [SessionFactoryImpl.java:1298] Opening Hibernate Session.  tenant=null
2023-11-24 12:36:42,466 TRACE o.h.i.SessionImpl [SessionImpl.java:262] Opened Session [c5795aa0-31f0-4e4a-a157-f6003626c5c7] at timestamp: 1700825802466
2023-11-24 12:36:42,466 TRACE o.h.i.SessionImpl [SessionImpl.java:402] Closing session [c5795aa0-31f0-4e4a-a157-f6003626c5c7]
2023-11-24 12:36:42,466 TRACE o.h.e.j.i.JdbcCoordinatorImpl [JdbcCoordinatorImpl.java:152] Closing JDBC container [org.hibernate.engine.jdbc.internal.JdbcCoordinatorImpl@43d5d99a]
2023-11-24 12:36:42,466 TRACE o.h.r.j.i.ResourceRegistryStandardImpl [ResourceRegistryStandardImpl.java:329] Releasing JDBC resources
2023-11-24 12:36:42,466 TRACE o.h.r.j.i.LogicalConnectionManagedImpl [LogicalConnectionManagedImpl.java:256] Closing logical connection
2023-11-24 12:36:42,466 TRACE o.h.r.j.i.LogicalConnectionManagedImpl [LogicalConnectionManagedImpl.java:263] Logical connection closed
2023-11-24 12:36:42,469 TRACE o.h.i.SessionFactoryImpl$SessionBuilderImpl [SessionFactoryImpl.java:1298] Opening Hibernate Session.  tenant=null
2023-11-24 12:36:42,470 TRACE o.h.i.SessionImpl [SessionImpl.java:262] Opened Session [130af66e-7498-47ce-a6af-5d0ad06d36bb] at timestamp: 1700825802470
2023-11-24 12:36:42,470 TRACE o.h.i.SessionImpl [SessionImpl.java:402] Closing session [130af66e-7498-47ce-a6af-5d0ad06d36bb]
2023-11-24 12:36:42,470 TRACE o.h.e.j.i.JdbcCoordinatorImpl [JdbcCoordinatorImpl.java:152] Closing JDBC container [org.hibernate.engine.jdbc.internal.JdbcCoordinatorImpl@b253400]
2023-11-24 12:36:42,470 TRACE o.h.r.j.i.ResourceRegistryStandardImpl [ResourceRegistryStandardImpl.java:329] Releasing JDBC resources
2023-11-24 12:36:42,470 TRACE o.h.r.j.i.LogicalConnectionManagedImpl [LogicalConnectionManagedImpl.java:256] Closing logical connection
2023-11-24 12:36:42,470 TRACE o.h.r.j.i.LogicalConnectionManagedImpl [LogicalConnectionManagedImpl.java:263] Logical connection closed
2023-11-24 12:36:42,476 TRACE o.h.i.SessionFactoryImpl$SessionBuilderImpl [SessionFactoryImpl.java:1298] Opening Hibernate Session.  tenant=null
2023-11-24 12:36:42,476 TRACE o.h.i.SessionImpl [SessionImpl.java:262] Opened Session [96382e60-8f33-48e9-8ef9-f32dff383f63] at timestamp: 1700825802476
2023-11-24 12:36:42,476 DEBUG o.h.r.t.b.j.i.JdbcResourceLocalTransactionCoordinatorImpl [JdbcResourceLocalTransactionCoordinatorImpl.java:310] JDBC transaction marked for rollback-only (exception provided for stack trace)
java.lang.Exception: exception just for purpose of providing stack trace
	at org.hibernate.resource.transaction.backend.jdbc.internal.JdbcResourceLocalTransactionCoordinatorImpl$TransactionDriverControlImpl.markRollbackOnly(JdbcResourceLocalTransactionCoordinatorImpl.java:310)
	at org.hibernate.internal.AbstractSharedSessionContract.buildNamedQuery(AbstractSharedSessionContract.java:1021)
	at org.hibernate.internal.AbstractSharedSessionContract.createNamedQuery(AbstractSharedSessionContract.java:899)
	at org.hibernate.internal.AbstractSharedSessionContract.createNamedQuery(AbstractSharedSessionContract.java:120)
	at jdk.internal.reflect.GeneratedMethodAccessor47.invoke(Unknown Source)
	at java.base/jdk.internal.reflect.DelegatingMethodAccessorImpl.invoke(DelegatingMethodAccessorImpl.java:43)
	at java.base/java.lang.reflect.Method.invoke(Method.java:568)
	at org.springframework.orm.jpa.ExtendedEntityManagerCreator$ExtendedEntityManagerInvocationHandler.invoke(ExtendedEntityManagerCreator.java:360)
	at jdk.proxy2/jdk.proxy2.$Proxy191.createNamedQuery(Unknown Source)
	at org.springframework.data.jpa.repository.query.NamedQuery.hasNamedQuery(NamedQuery.java:113)
	at org.springframework.data.jpa.repository.query.NamedQuery.lookupFrom(NamedQuery.java:141)
	at org.springframework.data.jpa.repository.query.JpaQueryLookupStrategy$DeclaredQueryLookupStrategy.resolveQuery(JpaQueryLookupStrategy.java:180)
	at org.springframework.data.jpa.repository.query.JpaQueryLookupStrategy$CreateIfNotFoundQueryLookupStrategy.resolveQuery(JpaQueryLookupStrategy.java:252)
	at org.springframework.data.jpa.repository.query.JpaQueryLookupStrategy$AbstractQueryLookupStrategy.resolveQuery(JpaQueryLookupStrategy.java:95)
	at org.springframework.data.repository.core.support.QueryExecutorMethodInterceptor.lookupQuery(QueryExecutorMethodInterceptor.java:111)
	at org.springframework.data.repository.core.support.QueryExecutorMethodInterceptor.mapMethodsToQuery(QueryExecutorMethodInterceptor.java:99)
	at org.springframework.data.repository.core.support.QueryExecutorMethodInterceptor.lambda$new$0(QueryExecutorMethodInterceptor.java:88)
	at java.base/java.util.Optional.map(Optional.java:260)
	at org.springframework.data.repository.core.support.QueryExecutorMethodInterceptor.<init>(QueryExecutorMethodInterceptor.java:88)
	at org.springframework.data.repository.core.support.RepositoryFactorySupport.getRepository(RepositoryFactorySupport.java:357)
	at org.springframework.data.repository.core.support.RepositoryFactoryBeanSupport.lambda$afterPropertiesSet$5(RepositoryFactoryBeanSupport.java:279)
	at org.springframework.data.util.Lazy.getNullable(Lazy.java:245)
	at org.springframework.data.util.Lazy.get(Lazy.java:114)
	at org.springframework.data.repository.core.support.RepositoryFactoryBeanSupport.afterPropertiesSet(RepositoryFactoryBeanSupport.java:285)
	at org.springframework.data.jpa.repository.support.JpaRepositoryFactoryBean.afterPropertiesSet(JpaRepositoryFactoryBean.java:132)
	at org.springframework.beans.factory.support.AbstractAutowireCapableBeanFactory.invokeInitMethods(AbstractAutowireCapableBeanFactory.java:1817)
	at org.springframework.beans.factory.support.AbstractAutowireCapableBeanFactory.initializeBean(AbstractAutowireCapableBeanFactory.java:1766)
	at org.springframework.beans.factory.support.AbstractAutowireCapableBeanFactory.doCreateBean(AbstractAutowireCapableBeanFactory.java:598)
	at org.springframework.beans.factory.support.AbstractAutowireCapableBeanFactory.createBean(AbstractAutowireCapableBeanFactory.java:520)
	at org.springframework.beans.factory.support.AbstractBeanFactory.lambda$doGetBean$0(AbstractBeanFactory.java:325)
	at org.springframework.beans.factory.support.DefaultSingletonBeanRegistry.getSingleton(DefaultSingletonBeanRegistry.java:234)
	at org.springframework.beans.factory.support.AbstractBeanFactory.doGetBean(AbstractBeanFactory.java:323)
	at org.springframework.beans.factory.support.AbstractBeanFactory.getBean(AbstractBeanFactory.java:199)
	at org.springframework.beans.factory.config.DependencyDescriptor.resolveCandidate(DependencyDescriptor.java:254)
	at org.springframework.beans.factory.support.DefaultListableBeanFactory.doResolveDependency(DefaultListableBeanFactory.java:1417)
	at org.springframework.beans.factory.support.DefaultListableBeanFactory.resolveDependency(DefaultListableBeanFactory.java:1337)
	at org.springframework.beans.factory.annotation.AutowiredAnnotationBeanPostProcessor$AutowiredFieldElement.resolveFieldValue(AutowiredAnnotationBeanPostProcessor.java:764)
	at org.springframework.beans.factory.annotation.AutowiredAnnotationBeanPostProcessor$AutowiredFieldElement.inject(AutowiredAnnotationBeanPostProcessor.java:747)
	at org.springframework.beans.factory.annotation.InjectionMetadata.inject(InjectionMetadata.java:145)
	at org.springframework.beans.factory.annotation.AutowiredAnnotationBeanPostProcessor.postProcessProperties(AutowiredAnnotationBeanPostProcessor.java:492)
	at org.springframework.beans.factory.support.AbstractAutowireCapableBeanFactory.populateBean(AbstractAutowireCapableBeanFactory.java:1416)
	at org.springframework.beans.factory.support.AbstractAutowireCapableBeanFactory.doCreateBean(AbstractAutowireCapableBeanFactory.java:597)
	at org.springframework.beans.factory.support.AbstractAutowireCapableBeanFactory.createBean(AbstractAutowireCapableBeanFactory.java:520)
	at org.springframework.beans.factory.support.AbstractBeanFactory.lambda$doGetBean$0(AbstractBeanFactory.java:325)
	at org.springframework.beans.factory.support.DefaultSingletonBeanRegistry.getSingleton(DefaultSingletonBeanRegistry.java:234)
	at org.springframework.beans.factory.support.AbstractBeanFactory.doGetBean(AbstractBeanFactory.java:323)
	at org.springframework.beans.factory.support.AbstractBeanFactory.getBean(AbstractBeanFactory.java:199)
	at org.springframework.beans.factory.support.DefaultListableBeanFactory.preInstantiateSingletons(DefaultListableBeanFactory.java:973)
	at org.springframework.context.support.AbstractApplicationContext.finishBeanFactoryInitialization(AbstractApplicationContext.java:950)
	at org.springframework.context.support.AbstractApplicationContext.refresh(AbstractApplicationContext.java:616)
	at org.springframework.boot.SpringApplication.refresh(SpringApplication.java:738)
	at org.springframework.boot.SpringApplication.refreshContext(SpringApplication.java:440)
	at org.springframework.boot.SpringApplication.run(SpringApplication.java:316)
	at org.springframework.boot.test.context.SpringBootContextLoader.lambda$loadContext$3(SpringBootContextLoader.java:137)
	at org.springframework.util.function.ThrowingSupplier.get(ThrowingSupplier.java:58)
	at org.springframework.util.function.ThrowingSupplier.get(ThrowingSupplier.java:46)
	at org.springframework.boot.SpringApplication.withHook(SpringApplication.java:1406)
	at org.springframework.boot.test.context.SpringBootContextLoader$ContextLoaderHook.run(SpringBootContextLoader.java:545)
	at org.springframework.boot.test.context.SpringBootContextLoader.loadContext(SpringBootContextLoader.java:137)
	at org.springframework.boot.test.context.SpringBootContextLoader.loadContext(SpringBootContextLoader.java:108)
	at org.springframework.test.context.cache.DefaultCacheAwareContextLoaderDelegate.loadContextInternal(DefaultCacheAwareContextLoaderDelegate.java:187)
	at org.springframework.test.context.cache.DefaultCacheAwareContextLoaderDelegate.loadContext(DefaultCacheAwareContextLoaderDelegate.java:119)
	at org.springframework.test.context.support.DefaultTestContext.getApplicationContext(DefaultTestContext.java:127)
	at org.springframework.test.context.web.ServletTestExecutionListener.setUpRequestContextIfNecessary(ServletTestExecutionListener.java:191)
	at org.springframework.test.context.web.ServletTestExecutionListener.prepareTestInstance(ServletTestExecutionListener.java:130)
	at org.springframework.test.context.TestContextManager.prepareTestInstance(TestContextManager.java:241)
	at org.springframework.test.context.junit.jupiter.SpringExtension.postProcessTestInstance(SpringExtension.java:138)
	at org.junit.jupiter.engine.descriptor.ClassBasedTestDescriptor.lambda$invokeTestInstancePostProcessors$10(ClassBasedTestDescriptor.java:377)
	at org.junit.jupiter.engine.descriptor.ClassBasedTestDescriptor.executeAndMaskThrowable(ClassBasedTestDescriptor.java:382)
	at org.junit.jupiter.engine.descriptor.ClassBasedTestDescriptor.lambda$invokeTestInstancePostProcessors$11(ClassBasedTestDescriptor.java:377)
	at java.base/java.util.stream.ReferencePipeline$3$1.accept(ReferencePipeline.java:197)
	at java.base/java.util.stream.ReferencePipeline$2$1.accept(ReferencePipeline.java:179)
	at java.base/java.util.ArrayList$ArrayListSpliterator.forEachRemaining(ArrayList.java:1625)
	at java.base/java.util.stream.AbstractPipeline.copyInto(AbstractPipeline.java:509)
	at java.base/java.util.stream.AbstractPipeline.wrapAndCopyInto(AbstractPipeline.java:499)
	at java.base/java.util.stream.StreamSpliterators$WrappingSpliterator.forEachRemaining(StreamSpliterators.java:310)
	at java.base/java.util.stream.Streams$ConcatSpliterator.forEachRemaining(Streams.java:735)
	at java.base/java.util.stream.Streams$ConcatSpliterator.forEachRemaining(Streams.java:734)
	at java.base/java.util.stream.ReferencePipeline$Head.forEach(ReferencePipeline.java:762)
	at org.junit.jupiter.engine.descriptor.ClassBasedTestDescriptor.invokeTestInstancePostProcessors(ClassBasedTestDescriptor.java:376)
	at org.junit.jupiter.engine.descriptor.ClassBasedTestDescriptor.lambda$instantiateAndPostProcessTestInstance$6(ClassBasedTestDescriptor.java:289)
	at org.junit.platform.engine.support.hierarchical.ThrowableCollector.execute(ThrowableCollector.java:73)
	at org.junit.jupiter.engine.descriptor.ClassBasedTestDescriptor.instantiateAndPostProcessTestInstance(ClassBasedTestDescriptor.java:288)
	at org.junit.jupiter.engine.descriptor.ClassBasedTestDescriptor.lambda$testInstancesProvider$4(ClassBasedTestDescriptor.java:278)
	at java.base/java.util.Optional.orElseGet(Optional.java:364)
	at org.junit.jupiter.engine.descriptor.ClassBasedTestDescriptor.lambda$testInstancesProvider$5(ClassBasedTestDescriptor.java:277)
	at org.junit.jupiter.engine.execution.TestInstancesProvider.getTestInstances(TestInstancesProvider.java:31)
	at org.junit.jupiter.engine.descriptor.TestMethodTestDescriptor.lambda$prepare$0(TestMethodTestDescriptor.java:105)
	at org.junit.platform.engine.support.hierarchical.ThrowableCollector.execute(ThrowableCollector.java:73)
	at org.junit.jupiter.engine.descriptor.TestMethodTestDescriptor.prepare(TestMethodTestDescriptor.java:104)
	at org.junit.jupiter.engine.descriptor.TestMethodTestDescriptor.prepare(TestMethodTestDescriptor.java:68)
	at org.junit.platform.engine.support.hierarchical.NodeTestTask.lambda$prepare$2(NodeTestTask.java:123)
	at org.junit.platform.engine.support.hierarchical.ThrowableCollector.execute(ThrowableCollector.java:73)
	at org.junit.platform.engine.support.hierarchical.NodeTestTask.prepare(NodeTestTask.java:123)
	at org.junit.platform.engine.support.hierarchical.NodeTestTask.execute(NodeTestTask.java:90)
	at java.base/java.util.ArrayList.forEach(ArrayList.java:1511)
	at org.junit.platform.engine.support.hierarchical.SameThreadHierarchicalTestExecutorService.invokeAll(SameThreadHierarchicalTestExecutorService.java:41)
	at org.junit.platform.engine.support.hierarchical.NodeTestTask.lambda$executeRecursively$6(NodeTestTask.java:155)
	at org.junit.platform.engine.support.hierarchical.ThrowableCollector.execute(ThrowableCollector.java:73)
	at org.junit.platform.engine.support.hierarchical.NodeTestTask.lambda$executeRecursively$8(NodeTestTask.java:141)
	at org.junit.platform.engine.support.hierarchical.Node.around(Node.java:137)
	at org.junit.platform.engine.support.hierarchical.NodeTestTask.lambda$executeRecursively$9(NodeTestTask.java:139)
	at org.junit.platform.engine.support.hierarchical.ThrowableCollector.execute(ThrowableCollector.java:73)
	at org.junit.platform.engine.support.hierarchical.NodeTestTask.executeRecursively(NodeTestTask.java:138)
	at org.junit.platform.engine.support.hierarchical.NodeTestTask.execute(NodeTestTask.java:95)
	at java.base/java.util.ArrayList.forEach(ArrayList.java:1511)
	at org.junit.platform.engine.support.hierarchical.SameThreadHierarchicalTestExecutorService.invokeAll(SameThreadHierarchicalTestExecutorService.java:41)
	at org.junit.platform.engine.support.hierarchical.NodeTestTask.lambda$executeRecursively$6(NodeTestTask.java:155)
	at org.junit.platform.engine.support.hierarchical.ThrowableCollector.execute(ThrowableCollector.java:73)
	at org.junit.platform.engine.support.hierarchical.NodeTestTask.lambda$executeRecursively$8(NodeTestTask.java:141)
	at org.junit.platform.engine.support.hierarchical.Node.around(Node.java:137)
	at org.junit.platform.engine.support.hierarchical.NodeTestTask.lambda$executeRecursively$9(NodeTestTask.java:139)
	at org.junit.platform.engine.support.hierarchical.ThrowableCollector.execute(ThrowableCollector.java:73)
	at org.junit.platform.engine.support.hierarchical.NodeTestTask.executeRecursively(NodeTestTask.java:138)
	at org.junit.platform.engine.support.hierarchical.NodeTestTask.execute(NodeTestTask.java:95)
	at org.junit.platform.engine.support.hierarchical.SameThreadHierarchicalTestExecutorService.submit(SameThreadHierarchicalTestExecutorService.java:35)
	at org.junit.platform.engine.support.hierarchical.HierarchicalTestExecutor.execute(HierarchicalTestExecutor.java:57)
	at org.junit.platform.engine.support.hierarchical.HierarchicalTestEngine.execute(HierarchicalTestEngine.java:54)
	at org.junit.platform.launcher.core.EngineExecutionOrchestrator.execute(EngineExecutionOrchestrator.java:147)
	at org.junit.platform.launcher.core.EngineExecutionOrchestrator.execute(EngineExecutionOrchestrator.java:127)
	at org.junit.platform.launcher.core.EngineExecutionOrchestrator.execute(EngineExecutionOrchestrator.java:90)
	at org.junit.platform.launcher.core.EngineExecutionOrchestrator.lambda$execute$0(EngineExecutionOrchestrator.java:55)
	at org.junit.platform.launcher.core.EngineExecutionOrchestrator.withInterceptedStreams(EngineExecutionOrchestrator.java:102)
	at org.junit.platform.launcher.core.EngineExecutionOrchestrator.execute(EngineExecutionOrchestrator.java:54)
	at org.junit.platform.launcher.core.DefaultLauncher.execute(DefaultLauncher.java:114)
	at org.junit.platform.launcher.core.DefaultLauncher.execute(DefaultLauncher.java:86)
	at org.junit.platform.launcher.core.DefaultLauncherSession$DelegatingLauncher.execute(DefaultLauncherSession.java:86)
	at org.apache.maven.surefire.junitplatform.LazyLauncher.execute(LazyLauncher.java:50)
	at org.apache.maven.surefire.junitplatform.JUnitPlatformProvider.execute(JUnitPlatformProvider.java:184)
	at org.apache.maven.surefire.junitplatform.JUnitPlatformProvider.invokeAllTests(JUnitPlatformProvider.java:148)
	at org.apache.maven.surefire.junitplatform.JUnitPlatformProvider.invoke(JUnitPlatformProvider.java:122)
	at org.apache.maven.surefire.booter.ForkedBooter.runSuitesInProcess(ForkedBooter.java:385)
	at org.apache.maven.surefire.booter.ForkedBooter.execute(ForkedBooter.java:162)
	at org.apache.maven.surefire.booter.ForkedBooter.run(ForkedBooter.java:507)
	at org.apache.maven.surefire.booter.ForkedBooter.main(ForkedBooter.java:495)
2023-11-24 12:36:42,477 TRACE o.h.i.SessionImpl [SessionImpl.java:402] Closing session [96382e60-8f33-48e9-8ef9-f32dff383f63]
2023-11-24 12:36:42,477 TRACE o.h.e.j.i.JdbcCoordinatorImpl [JdbcCoordinatorImpl.java:152] Closing JDBC container [org.hibernate.engine.jdbc.internal.JdbcCoordinatorImpl@20571b5e]
2023-11-24 12:36:42,477 TRACE o.h.r.j.i.ResourceRegistryStandardImpl [ResourceRegistryStandardImpl.java:329] Releasing JDBC resources
2023-11-24 12:36:42,477 TRACE o.h.r.j.i.LogicalConnectionManagedImpl [LogicalConnectionManagedImpl.java:256] Closing logical connection
2023-11-24 12:36:42,477 TRACE o.h.r.j.i.LogicalConnectionManagedImpl [LogicalConnectionManagedImpl.java:263] Logical connection closed
2023-11-24 12:36:42,477 TRACE o.h.i.SessionFactoryImpl$SessionBuilderImpl [SessionFactoryImpl.java:1298] Opening Hibernate Session.  tenant=null
2023-11-24 12:36:42,478 TRACE o.h.i.SessionImpl [SessionImpl.java:262] Opened Session [ca44e8b0-19d5-4468-afca-85f7c9c5ded9] at timestamp: 1700825802478
2023-11-24 12:36:42,478 TRACE o.h.i.SessionImpl [SessionImpl.java:402] Closing session [ca44e8b0-19d5-4468-afca-85f7c9c5ded9]
2023-11-24 12:36:42,478 TRACE o.h.e.j.i.JdbcCoordinatorImpl [JdbcCoordinatorImpl.java:152] Closing JDBC container [org.hibernate.engine.jdbc.internal.JdbcCoordinatorImpl@270ae60]
2023-11-24 12:36:42,478 TRACE o.h.r.j.i.ResourceRegistryStandardImpl [ResourceRegistryStandardImpl.java:329] Releasing JDBC resources
2023-11-24 12:36:42,478 TRACE o.h.r.j.i.LogicalConnectionManagedImpl [LogicalConnectionManagedImpl.java:256] Closing logical connection
2023-11-24 12:36:42,478 TRACE o.h.r.j.i.LogicalConnectionManagedImpl [LogicalConnectionManagedImpl.java:263] Logical connection closed
2023-11-24 12:36:42,516 INFO f.m.h.d.c.ApplicationSecurityConfig [ApplicationSecurityConfig.java:70] a XXXXXXXXXXXXXXX:org.springframework.boot.autoconfigure.security.servlet.PathRequest$H2ConsoleRequestMatcher@172ab6dc
2023-11-24 12:36:42,548 DEBUG o.h.v.m.ResourceBundleMessageInterpolator [ResourceBundleMessageInterpolator.java:175] Loaded expression factory via original TCCL
2023-11-24 12:36:42,549 DEBUG o.h.v.i.e.AbstractConfigurationImpl [AbstractConfigurationImpl.java:176] Setting custom MessageInterpolator of type org.springframework.validation.beanvalidation.LocaleContextMessageInterpolator
2023-11-24 12:36:42,549 DEBUG o.h.v.i.e.AbstractConfigurationImpl [AbstractConfigurationImpl.java:208] Setting custom ConstraintValidatorFactory of type org.springframework.validation.beanvalidation.SpringConstraintValidatorFactory
2023-11-24 12:36:42,550 DEBUG o.h.v.i.x.c.ValidationXmlParser [ValidationXmlParser.java:122] Trying to load META-INF/validation.xml for XML based Validator configuration.
2023-11-24 12:36:42,550 DEBUG o.h.v.i.x.c.ResourceLoaderHelper [ResourceLoaderHelper.java:54] Trying to load META-INF/validation.xml via user class loader
2023-11-24 12:36:42,550 DEBUG o.h.v.i.x.c.ResourceLoaderHelper [ResourceLoaderHelper.java:61] Trying to load META-INF/validation.xml via TCCL
2023-11-24 12:36:42,550 DEBUG o.h.v.i.x.c.ResourceLoaderHelper [ResourceLoaderHelper.java:67] Trying to load META-INF/validation.xml via Hibernate Validator's class loader
2023-11-24 12:36:42,551 DEBUG o.h.v.i.x.c.ValidationXmlParser [ValidationXmlParser.java:129] No META-INF/validation.xml found. Using annotation based configuration only.
2023-11-24 12:36:42,551 DEBUG o.h.v.i.e.r.TraversableResolvers [TraversableResolvers.java:94] Found jakarta.persistence.Persistence on classpath containing 'getPersistenceUtil'. Assuming JPA 2 environment. Trying to instantiate JPA aware TraversableResolver
2023-11-24 12:36:42,551 DEBUG o.h.v.i.e.r.TraversableResolvers [TraversableResolvers.java:104] Instantiated JPA aware TraversableResolver of type org.hibernate.validator.internal.engine.resolver.JPATraversableResolver.
2023-11-24 12:36:42,552 DEBUG o.h.v.i.e.ValidatorFactoryConfigurationHelper [ValidatorFactoryConfigurationHelper.java:355] HV000252: Using org.hibernate.validator.internal.engine.DefaultPropertyNodeNameProvider as property node name provider.
2023-11-24 12:36:42,553 DEBUG o.h.v.i.e.ValidatorFactoryConfigurationHelper [ValidatorFactoryConfigurationHelper.java:447] HV000234: Using org.springframework.validation.beanvalidation.LocaleContextMessageInterpolator as ValidatorFactory-scoped message interpolator.
2023-11-24 12:36:42,553 DEBUG o.h.v.i.e.ValidatorFactoryConfigurationHelper [ValidatorFactoryConfigurationHelper.java:448] HV000234: Using org.hibernate.validator.internal.engine.resolver.JPATraversableResolver as ValidatorFactory-scoped traversable resolver.
2023-11-24 12:36:42,553 DEBUG o.h.v.i.e.ValidatorFactoryConfigurationHelper [ValidatorFactoryConfigurationHelper.java:449] HV000234: Using org.hibernate.validator.internal.util.ExecutableParameterNameProvider as ValidatorFactory-scoped parameter name provider.
2023-11-24 12:36:42,553 DEBUG o.h.v.i.e.ValidatorFactoryConfigurationHelper [ValidatorFactoryConfigurationHelper.java:450] HV000234: Using org.hibernate.validator.internal.engine.DefaultClockProvider as ValidatorFactory-scoped clock provider.
2023-11-24 12:36:42,553 DEBUG o.h.v.i.e.ValidatorFactoryConfigurationHelper [ValidatorFactoryConfigurationHelper.java:451] HV000234: Using org.hibernate.validator.internal.engine.scripting.DefaultScriptEvaluatorFactory as ValidatorFactory-scoped script evaluator factory.
2023-11-24 12:36:42,910 INFO f.m.h.d.c.u.b.UserControllerTest [UserControllerTest.java:134] testInsertUserSuccesfully()  ---------------------- START
2023-11-24 12:36:42,912 INFO f.m.h.d.c.b.UserController [UserController.java:153] Creating User : User [id=100, email=pippo@prova.com, password=pippo, firstname=pippo, lastname=prova, regdate=null, role=10, enabled=false]
user pass no cript pippo
user pass cript $2a$10$U54E5tVEIrDnh5YaUhvLFuQoDtpYglXC9n3aRBg7h7BYVu3wmFgQi
2023-11-24 12:36:43,024 INFO f.m.h.d.c.u.b.UserControllerTest [UserControllerTest.java:155] testInsertUserSuccesfully()  ---------------------- END
]]></system-out>
  </testcase>
  <testcase name="testDeleteUserSuccessfully" classname="franco.maurizio.hr.desk.com.unit.backend.UserControllerTest" time="0.003">
    <system-out><![CDATA[2023-11-24 12:36:43,029 INFO f.m.h.d.c.u.b.UserControllerTest [UserControllerTest.java:274] testDeleteUserSuccessfully()  ---------------------- START
2023-11-24 12:36:43,030 INFO f.m.h.d.c.u.b.UserControllerTest [UserControllerTest.java:295] testDeleteUserSuccessfully()  ---------------------- END
]]></system-out>
  </testcase>
  <testcase name="testUpdateUserSuccessfully" classname="franco.maurizio.hr.desk.com.unit.backend.UserControllerTest" time="0.003">
    <system-out><![CDATA[2023-11-24 12:36:43,034 INFO f.m.h.d.c.u.b.UserControllerTest [UserControllerTest.java:217] testUpdateUserSuccessfully()  ---------------------- START
2023-11-24 12:36:43,035 INFO f.m.h.d.c.u.b.UserControllerTest [UserControllerTest.java:235] testUpdateUserSuccessfully()  ---------------------- END
]]></system-out>
  </testcase>
  <testcase name="testListAllUsers" classname="franco.maurizio.hr.desk.com.unit.backend.UserControllerTest" time="0.005">
    <system-out><![CDATA[2023-11-24 12:36:43,041 INFO f.m.h.d.c.u.b.UserControllerTest [UserControllerTest.java:87] testListAllUsers()  ---------------------- START
2023-11-24 12:36:43,042 DEBUG f.m.h.d.c.s.UserService [UserService.java:63] getAll - START
2023-11-24 12:36:43,042 INFO f.m.h.d.c.u.b.UserControllerTest [UserControllerTest.java:96] testListAllUsers()  ---------------------- END
]]></system-out>
  </testcase>
  <testcase name="testInsertUserKOForRole" classname="franco.maurizio.hr.desk.com.unit.backend.UserControllerTest" time="0.003">
    <system-out><![CDATA[2023-11-24 12:36:43,047 INFO f.m.h.d.c.u.b.UserControllerTest [UserControllerTest.java:193] testInsertUserKOForRole()  ---------------------- START
2023-11-24 12:36:43,048 INFO f.m.h.d.c.b.UserController [UserController.java:153] Creating User : User [id=100, email=pippo@prova.com, password=pippo, firstname=pippo, lastname=prova, regdate=2023-11-24T12:36:43.047823822, role=10, enabled=false]
2023-11-24 12:36:43,048 INFO f.m.h.d.c.u.b.UserControllerTest [UserControllerTest.java:207] testInsertUserKOForRole()  ---------------------- END
]]></system-out>
  </testcase>
  <testcase name="testInsertUserKOForEmail" classname="franco.maurizio.hr.desk.com.unit.backend.UserControllerTest" time="0.003">
    <system-out><![CDATA[2023-11-24 12:36:43,052 INFO f.m.h.d.c.u.b.UserControllerTest [UserControllerTest.java:166] testInsertUserKOForEmail()  ---------------------- START
2023-11-24 12:36:43,053 INFO f.m.h.d.c.b.UserController [UserController.java:153] Creating User : User [id=100, email=pippo@prova.com, password=pippo, firstname=pippo, lastname=prova, regdate=2023-11-24T12:36:43.053048555, role=10, enabled=false]
2023-11-24 12:36:43,053 INFO f.m.h.d.c.u.b.UserControllerTest [UserControllerTest.java:182] testInsertUserKOForEmail()  ---------------------- END
]]></system-out>
  </testcase>
  <testcase name="testGetUserById" classname="franco.maurizio.hr.desk.com.unit.backend.UserControllerTest" time="0.003">
    <system-out><![CDATA[2023-11-24 12:36:43,058 INFO f.m.h.d.c.u.b.UserControllerTest [UserControllerTest.java:106] testGetUserById()  ---------------------- START
2023-11-24 12:36:43,059 INFO f.m.h.d.c.u.b.UserControllerTest [UserControllerTest.java:124] testGetUserById()  ---------------------- END
]]></system-out>
  </testcase>
  <testcase name="testUpdateUserKOForRole" classname="franco.maurizio.hr.desk.com.unit.backend.UserControllerTest" time="0.003">
    <system-out><![CDATA[2023-11-24 12:36:43,063 INFO f.m.h.d.c.u.b.UserControllerTest [UserControllerTest.java:246] testUpdateUserKOForRole()  ---------------------- START
2023-11-24 12:36:43,064 INFO f.m.h.d.c.u.b.UserControllerTest [UserControllerTest.java:263] testUpdateUserKOForRole()  ---------------------- END
]]></system-out>
  </testcase>
</testsuite>