<?xml version="1.0" encoding="UTF-8"?>
<testsuite xmlns:xsi="http://www.w3.org/2001/XMLSchema-instance" xsi:noNamespaceSchemaLocation="https://maven.apache.org/surefire/maven-surefire-plugin/xsd/surefire-test-report-3.0.xsd" version="3.0" name="franco.maurizio.hr.desk.com.unit.backend.SurveyControllerTest" time="17.568" tests="5" errors="0" skipped="0" failures="0">
  <properties>
    <property name="java.specification.version" value="17"/>
    <property name="sun.jnu.encoding" value="UTF-8"/>
    <property name="java.class.path" value="/home/maurizio/git/hr-desk/hr-desk/backend17/target/test-classes:/home/maurizio/git/hr-desk/hr-desk/backend17/target/classes:/home/maurizio/.m2/repository/org/springframework/security/spring-security-test/6.1.5/spring-security-test-6.1.5.jar:/home/maurizio/.m2/repository/org/springframework/security/spring-security-core/6.1.5/spring-security-core-6.1.5.jar:/home/maurizio/.m2/repository/org/springframework/security/spring-security-crypto/6.1.5/spring-security-crypto-6.1.5.jar:/home/maurizio/.m2/repository/org/springframework/spring-beans/6.0.13/spring-beans-6.0.13.jar:/home/maurizio/.m2/repository/org/springframework/spring-context/6.0.13/spring-context-6.0.13.jar:/home/maurizio/.m2/repository/org/springframework/spring-expression/6.0.13/spring-expression-6.0.13.jar:/home/maurizio/.m2/repository/org/springframework/security/spring-security-web/6.1.5/spring-security-web-6.1.5.jar:/home/maurizio/.m2/repository/org/springframework/spring-core/6.0.13/spring-core-6.0.13.jar:/home/maurizio/.m2/repository/org/springframework/spring-jcl/6.0.13/spring-jcl-6.0.13.jar:/home/maurizio/.m2/repository/org/springframework/spring-test/6.0.13/spring-test-6.0.13.jar:/home/maurizio/.m2/repository/org/springframework/boot/spring-boot-starter-tomcat/3.1.5/spring-boot-starter-tomcat-3.1.5.jar:/home/maurizio/.m2/repository/jakarta/annotation/jakarta.annotation-api/2.1.1/jakarta.annotation-api-2.1.1.jar:/home/maurizio/.m2/repository/org/apache/tomcat/embed/tomcat-embed-core/10.1.15/tomcat-embed-core-10.1.15.jar:/home/maurizio/.m2/repository/org/apache/tomcat/embed/tomcat-embed-el/10.1.15/tomcat-embed-el-10.1.15.jar:/home/maurizio/.m2/repository/org/apache/tomcat/embed/tomcat-embed-websocket/10.1.15/tomcat-embed-websocket-10.1.15.jar:/home/maurizio/.m2/repository/org/springframework/boot/spring-boot-starter-web/3.1.5/spring-boot-starter-web-3.1.5.jar:/home/maurizio/.m2/repository/org/springframework/boot/spring-boot-starter-json/3.1.5/spring-boot-starter-json-3.1.5.jar:/home/maurizio/.m2/repository/com/fasterxml/jackson/core/jackson-databind/2.15.3/jackson-databind-2.15.3.jar:/home/maurizio/.m2/repository/com/fasterxml/jackson/core/jackson-annotations/2.15.3/jackson-annotations-2.15.3.jar:/home/maurizio/.m2/repository/com/fasterxml/jackson/core/jackson-core/2.15.3/jackson-core-2.15.3.jar:/home/maurizio/.m2/repository/com/fasterxml/jackson/datatype/jackson-datatype-jdk8/2.15.3/jackson-datatype-jdk8-2.15.3.jar:/home/maurizio/.m2/repository/com/fasterxml/jackson/datatype/jackson-datatype-jsr310/2.15.3/jackson-datatype-jsr310-2.15.3.jar:/home/maurizio/.m2/repository/com/fasterxml/jackson/module/jackson-module-parameter-names/2.15.3/jackson-module-parameter-names-2.15.3.jar:/home/maurizio/.m2/repository/org/springframework/spring-web/6.0.13/spring-web-6.0.13.jar:/home/maurizio/.m2/repository/org/springframework/spring-webmvc/6.0.13/spring-webmvc-6.0.13.jar:/home/maurizio/.m2/repository/org/springframework/boot/spring-boot-starter-test/3.1.5/spring-boot-starter-test-3.1.5.jar:/home/maurizio/.m2/repository/org/springframework/boot/spring-boot-test/3.1.5/spring-boot-test-3.1.5.jar:/home/maurizio/.m2/repository/org/springframework/boot/spring-boot-test-autoconfigure/3.1.5/spring-boot-test-autoconfigure-3.1.5.jar:/home/maurizio/.m2/repository/com/jayway/jsonpath/json-path/2.8.0/json-path-2.8.0.jar:/home/maurizio/.m2/repository/jakarta/xml/bind/jakarta.xml.bind-api/4.0.1/jakarta.xml.bind-api-4.0.1.jar:/home/maurizio/.m2/repository/jakarta/activation/jakarta.activation-api/2.1.2/jakarta.activation-api-2.1.2.jar:/home/maurizio/.m2/repository/net/minidev/json-smart/2.4.11/json-smart-2.4.11.jar:/home/maurizio/.m2/repository/net/minidev/accessors-smart/2.4.11/accessors-smart-2.4.11.jar:/home/maurizio/.m2/repository/org/ow2/asm/asm/9.3/asm-9.3.jar:/home/maurizio/.m2/repository/org/assertj/assertj-core/3.24.2/assertj-core-3.24.2.jar:/home/maurizio/.m2/repository/net/bytebuddy/byte-buddy/1.14.9/byte-buddy-1.14.9.jar:/home/maurizio/.m2/repository/org/hamcrest/hamcrest/2.2/hamcrest-2.2.jar:/home/maurizio/.m2/repository/org/junit/jupiter/junit-jupiter/5.9.3/junit-jupiter-5.9.3.jar:/home/maurizio/.m2/repository/org/junit/jupiter/junit-jupiter-api/5.9.3/junit-jupiter-api-5.9.3.jar:/home/maurizio/.m2/repository/org/opentest4j/opentest4j/1.2.0/opentest4j-1.2.0.jar:/home/maurizio/.m2/repository/org/junit/platform/junit-platform-commons/1.9.3/junit-platform-commons-1.9.3.jar:/home/maurizio/.m2/repository/org/apiguardian/apiguardian-api/1.1.2/apiguardian-api-1.1.2.jar:/home/maurizio/.m2/repository/org/junit/jupiter/junit-jupiter-params/5.9.3/junit-jupiter-params-5.9.3.jar:/home/maurizio/.m2/repository/org/junit/jupiter/junit-jupiter-engine/5.9.3/junit-jupiter-engine-5.9.3.jar:/home/maurizio/.m2/repository/org/junit/platform/junit-platform-engine/1.9.3/junit-platform-engine-1.9.3.jar:/home/maurizio/.m2/repository/org/mockito/mockito-core/5.3.1/mockito-core-5.3.1.jar:/home/maurizio/.m2/repository/net/bytebuddy/byte-buddy-agent/1.14.9/byte-buddy-agent-1.14.9.jar:/home/maurizio/.m2/repository/org/objenesis/objenesis/3.3/objenesis-3.3.jar:/home/maurizio/.m2/repository/org/mockito/mockito-junit-jupiter/5.3.1/mockito-junit-jupiter-5.3.1.jar:/home/maurizio/.m2/repository/org/skyscreamer/jsonassert/1.5.1/jsonassert-1.5.1.jar:/home/maurizio/.m2/repository/com/vaadin/external/google/android-json/0.0.20131108.vaadin1/android-json-0.0.20131108.vaadin1.jar:/home/maurizio/.m2/repository/org/xmlunit/xmlunit-core/2.9.1/xmlunit-core-2.9.1.jar:/home/maurizio/.m2/repository/franco/maurizio/hr-desk-persistence/0.3.5_j17/hr-desk-persistence-0.3.5_j17.jar:/home/maurizio/.m2/repository/org/springframework/boot/spring-boot-starter-data-jpa/3.1.5/spring-boot-starter-data-jpa-3.1.5.jar:/home/maurizio/.m2/repository/org/springframework/boot/spring-boot-starter-aop/3.1.5/spring-boot-starter-aop-3.1.5.jar:/home/maurizio/.m2/repository/org/aspectj/aspectjweaver/1.9.20/aspectjweaver-1.9.20.jar:/home/maurizio/.m2/repository/org/springframework/boot/spring-boot-starter-jdbc/3.1.5/spring-boot-starter-jdbc-3.1.5.jar:/home/maurizio/.m2/repository/com/zaxxer/HikariCP/5.0.1/HikariCP-5.0.1.jar:/home/maurizio/.m2/repository/org/springframework/spring-jdbc/6.0.13/spring-jdbc-6.0.13.jar:/home/maurizio/.m2/repository/org/hibernate/orm/hibernate-core/6.2.13.Final/hibernate-core-6.2.13.Final.jar:/home/maurizio/.m2/repository/jakarta/persistence/jakarta.persistence-api/3.1.0/jakarta.persistence-api-3.1.0.jar:/home/maurizio/.m2/repository/jakarta/transaction/jakarta.transaction-api/2.0.1/jakarta.transaction-api-2.0.1.jar:/home/maurizio/.m2/repository/org/hibernate/common/hibernate-commons-annotations/6.0.6.Final/hibernate-commons-annotations-6.0.6.Final.jar:/home/maurizio/.m2/repository/io/smallrye/jandex/3.0.5/jandex-3.0.5.jar:/home/maurizio/.m2/repository/jakarta/inject/jakarta.inject-api/2.0.1/jakarta.inject-api-2.0.1.jar:/home/maurizio/.m2/repository/org/antlr/antlr4-runtime/4.10.1/antlr4-runtime-4.10.1.jar:/home/maurizio/.m2/repository/org/springframework/data/spring-data-jpa/3.1.5/spring-data-jpa-3.1.5.jar:/home/maurizio/.m2/repository/org/springframework/data/spring-data-commons/3.1.5/spring-data-commons-3.1.5.jar:/home/maurizio/.m2/repository/org/springframework/spring-orm/6.0.13/spring-orm-6.0.13.jar:/home/maurizio/.m2/repository/org/springframework/spring-tx/6.0.13/spring-tx-6.0.13.jar:/home/maurizio/.m2/repository/org/springframework/spring-aspects/6.0.13/spring-aspects-6.0.13.jar:/home/maurizio/.m2/repository/mysql/mysql-connector-java/8.0.19/mysql-connector-java-8.0.19.jar:/home/maurizio/.m2/repository/com/google/protobuf/protobuf-java/3.6.1/protobuf-java-3.6.1.jar:/home/maurizio/.m2/repository/org/glassfish/jaxb/jaxb-runtime/4.0.3/jaxb-runtime-4.0.3.jar:/home/maurizio/.m2/repository/org/glassfish/jaxb/jaxb-core/4.0.3/jaxb-core-4.0.3.jar:/home/maurizio/.m2/repository/org/glassfish/jaxb/txw2/4.0.3/txw2-4.0.3.jar:/home/maurizio/.m2/repository/com/sun/istack/istack-commons-runtime/4.1.2/istack-commons-runtime-4.1.2.jar:/home/maurizio/.m2/repository/org/javassist/javassist/3.23.1-GA/javassist-3.23.1-GA.jar:/home/maurizio/.m2/repository/franco/maurizio/hr-desk-mail-manager/0.3.4_j11/hr-desk-mail-manager-0.3.4_j11.jar:/home/maurizio/.m2/repository/org/apache/commons/commons-lang3/3.12.0/commons-lang3-3.12.0.jar:/home/maurizio/.m2/repository/org/apache/velocity/velocity/1.7/velocity-1.7.jar:/home/maurizio/.m2/repository/commons-collections/commons-collections/3.2.1/commons-collections-3.2.1.jar:/home/maurizio/.m2/repository/commons-lang/commons-lang/2.4/commons-lang-2.4.jar:/home/maurizio/.m2/repository/org/eclipse/angus/jakarta.mail/1.1.0/jakarta.mail-1.1.0.jar:/home/maurizio/.m2/repository/org/eclipse/angus/angus-activation/2.0.1/angus-activation-2.0.1.jar:/home/maurizio/.m2/repository/org/apache/logging/log4j/log4j-api/2.20.0/log4j-api-2.20.0.jar:/home/maurizio/.m2/repository/org/apache/logging/log4j/log4j-core/2.20.0/log4j-core-2.20.0.jar:/home/maurizio/.m2/repository/com/google/code/gson/gson/2.8.5/gson-2.8.5.jar:/home/maurizio/.m2/repository/org/springframework/boot/spring-boot-starter/3.1.5/spring-boot-starter-3.1.5.jar:/home/maurizio/.m2/repository/org/springframework/boot/spring-boot/3.1.5/spring-boot-3.1.5.jar:/home/maurizio/.m2/repository/org/springframework/boot/spring-boot-autoconfigure/3.1.5/spring-boot-autoconfigure-3.1.5.jar:/home/maurizio/.m2/repository/org/yaml/snakeyaml/1.33/snakeyaml-1.33.jar:/home/maurizio/.m2/repository/org/springframework/boot/spring-boot-starter-security/3.1.5/spring-boot-starter-security-3.1.5.jar:/home/maurizio/.m2/repository/org/springframework/spring-aop/6.0.13/spring-aop-6.0.13.jar:/home/maurizio/.m2/repository/org/springframework/security/spring-security-config/6.1.5/spring-security-config-6.1.5.jar:/home/maurizio/.m2/repository/org/springframework/boot/spring-boot-starter-validation/3.1.5/spring-boot-starter-validation-3.1.5.jar:/home/maurizio/.m2/repository/org/hibernate/validator/hibernate-validator/8.0.1.Final/hibernate-validator-8.0.1.Final.jar:/home/maurizio/.m2/repository/jakarta/validation/jakarta.validation-api/3.0.2/jakarta.validation-api-3.0.2.jar:/home/maurizio/.m2/repository/org/jboss/logging/jboss-logging/3.5.3.Final/jboss-logging-3.5.3.Final.jar:/home/maurizio/.m2/repository/com/fasterxml/classmate/1.5.1/classmate-1.5.1.jar:/home/maurizio/.m2/repository/org/springframework/boot/spring-boot-devtools/3.1.5/spring-boot-devtools-3.1.5.jar:/home/maurizio/.m2/repository/ch/qos/logback/logback-classic/1.4.11/logback-classic-1.4.11.jar:/home/maurizio/.m2/repository/ch/qos/logback/logback-core/1.4.11/logback-core-1.4.11.jar:/home/maurizio/.m2/repository/org/slf4j/slf4j-api/2.0.9/slf4j-api-2.0.9.jar:/home/maurizio/.m2/repository/org/springframework/boot/spring-boot-starter-actuator/3.1.5/spring-boot-starter-actuator-3.1.5.jar:/home/maurizio/.m2/repository/org/springframework/boot/spring-boot-actuator-autoconfigure/3.1.5/spring-boot-actuator-autoconfigure-3.1.5.jar:/home/maurizio/.m2/repository/org/springframework/boot/spring-boot-actuator/3.1.5/spring-boot-actuator-3.1.5.jar:/home/maurizio/.m2/repository/io/micrometer/micrometer-observation/1.11.5/micrometer-observation-1.11.5.jar:/home/maurizio/.m2/repository/io/micrometer/micrometer-commons/1.11.5/micrometer-commons-1.11.5.jar:/home/maurizio/.m2/repository/io/micrometer/micrometer-core/1.11.5/micrometer-core-1.11.5.jar:/home/maurizio/.m2/repository/org/hdrhistogram/HdrHistogram/2.1.12/HdrHistogram-2.1.12.jar:/home/maurizio/.m2/repository/org/latencyutils/LatencyUtils/2.0.3/LatencyUtils-2.0.3.jar:/home/maurizio/.m2/repository/com/itextpdf/itextpdf/5.5.10/itextpdf-5.5.10.jar:/home/maurizio/.m2/repository/org/apache/pdfbox/pdfbox/2.0.4/pdfbox-2.0.4.jar:/home/maurizio/.m2/repository/org/apache/pdfbox/fontbox/2.0.4/fontbox-2.0.4.jar:/home/maurizio/.m2/repository/commons-logging/commons-logging/1.2/commons-logging-1.2.jar:/home/maurizio/.m2/repository/org/projectlombok/lombok/1.18.30/lombok-1.18.30.jar:"/>
    <property name="java.vm.vendor" value="Debian"/>
    <property name="sun.arch.data.model" value="64"/>
    <property name="catalina.useNaming" value="false"/>
    <property name="java.vendor.url" value="https://tracker.debian.org/openjdk-17"/>
    <property name="user.timezone" value="Europe/Rome"/>
    <property name="org.jboss.logging.provider" value="slf4j"/>
    <property name="os.name" value="Linux"/>
    <property name="java.vm.specification.version" value="17"/>
    <property name="sun.java.launcher" value="SUN_STANDARD"/>
    <property name="user.country" value="US"/>
    <property name="sun.boot.library.path" value="/usr/lib/jvm/java-17-openjdk-amd64/lib"/>
    <property name="sun.java.command" value="/home/maurizio/git/hr-desk/hr-desk/backend17/target/surefire/surefirebooter-20231124123619067_3.jar /home/maurizio/git/hr-desk/hr-desk/backend17/target/surefire 2023-11-24T12-36-18_989-jvmRun1 surefire-20231124123619067_1tmp surefire_0-20231124123619067_2tmp"/>
    <property name="jdk.debug" value="release"/>
    <property name="surefire.test.class.path" value="/home/maurizio/git/hr-desk/hr-desk/backend17/target/test-classes:/home/maurizio/git/hr-desk/hr-desk/backend17/target/classes:/home/maurizio/.m2/repository/org/springframework/security/spring-security-test/6.1.5/spring-security-test-6.1.5.jar:/home/maurizio/.m2/repository/org/springframework/security/spring-security-core/6.1.5/spring-security-core-6.1.5.jar:/home/maurizio/.m2/repository/org/springframework/security/spring-security-crypto/6.1.5/spring-security-crypto-6.1.5.jar:/home/maurizio/.m2/repository/org/springframework/spring-beans/6.0.13/spring-beans-6.0.13.jar:/home/maurizio/.m2/repository/org/springframework/spring-context/6.0.13/spring-context-6.0.13.jar:/home/maurizio/.m2/repository/org/springframework/spring-expression/6.0.13/spring-expression-6.0.13.jar:/home/maurizio/.m2/repository/org/springframework/security/spring-security-web/6.1.5/spring-security-web-6.1.5.jar:/home/maurizio/.m2/repository/org/springframework/spring-core/6.0.13/spring-core-6.0.13.jar:/home/maurizio/.m2/repository/org/springframework/spring-jcl/6.0.13/spring-jcl-6.0.13.jar:/home/maurizio/.m2/repository/org/springframework/spring-test/6.0.13/spring-test-6.0.13.jar:/home/maurizio/.m2/repository/org/springframework/boot/spring-boot-starter-tomcat/3.1.5/spring-boot-starter-tomcat-3.1.5.jar:/home/maurizio/.m2/repository/jakarta/annotation/jakarta.annotation-api/2.1.1/jakarta.annotation-api-2.1.1.jar:/home/maurizio/.m2/repository/org/apache/tomcat/embed/tomcat-embed-core/10.1.15/tomcat-embed-core-10.1.15.jar:/home/maurizio/.m2/repository/org/apache/tomcat/embed/tomcat-embed-el/10.1.15/tomcat-embed-el-10.1.15.jar:/home/maurizio/.m2/repository/org/apache/tomcat/embed/tomcat-embed-websocket/10.1.15/tomcat-embed-websocket-10.1.15.jar:/home/maurizio/.m2/repository/org/springframework/boot/spring-boot-starter-web/3.1.5/spring-boot-starter-web-3.1.5.jar:/home/maurizio/.m2/repository/org/springframework/boot/spring-boot-starter-json/3.1.5/spring-boot-starter-json-3.1.5.jar:/home/maurizio/.m2/repository/com/fasterxml/jackson/core/jackson-databind/2.15.3/jackson-databind-2.15.3.jar:/home/maurizio/.m2/repository/com/fasterxml/jackson/core/jackson-annotations/2.15.3/jackson-annotations-2.15.3.jar:/home/maurizio/.m2/repository/com/fasterxml/jackson/core/jackson-core/2.15.3/jackson-core-2.15.3.jar:/home/maurizio/.m2/repository/com/fasterxml/jackson/datatype/jackson-datatype-jdk8/2.15.3/jackson-datatype-jdk8-2.15.3.jar:/home/maurizio/.m2/repository/com/fasterxml/jackson/datatype/jackson-datatype-jsr310/2.15.3/jackson-datatype-jsr310-2.15.3.jar:/home/maurizio/.m2/repository/com/fasterxml/jackson/module/jackson-module-parameter-names/2.15.3/jackson-module-parameter-names-2.15.3.jar:/home/maurizio/.m2/repository/org/springframework/spring-web/6.0.13/spring-web-6.0.13.jar:/home/maurizio/.m2/repository/org/springframework/spring-webmvc/6.0.13/spring-webmvc-6.0.13.jar:/home/maurizio/.m2/repository/org/springframework/boot/spring-boot-starter-test/3.1.5/spring-boot-starter-test-3.1.5.jar:/home/maurizio/.m2/repository/org/springframework/boot/spring-boot-test/3.1.5/spring-boot-test-3.1.5.jar:/home/maurizio/.m2/repository/org/springframework/boot/spring-boot-test-autoconfigure/3.1.5/spring-boot-test-autoconfigure-3.1.5.jar:/home/maurizio/.m2/repository/com/jayway/jsonpath/json-path/2.8.0/json-path-2.8.0.jar:/home/maurizio/.m2/repository/jakarta/xml/bind/jakarta.xml.bind-api/4.0.1/jakarta.xml.bind-api-4.0.1.jar:/home/maurizio/.m2/repository/jakarta/activation/jakarta.activation-api/2.1.2/jakarta.activation-api-2.1.2.jar:/home/maurizio/.m2/repository/net/minidev/json-smart/2.4.11/json-smart-2.4.11.jar:/home/maurizio/.m2/repository/net/minidev/accessors-smart/2.4.11/accessors-smart-2.4.11.jar:/home/maurizio/.m2/repository/org/ow2/asm/asm/9.3/asm-9.3.jar:/home/maurizio/.m2/repository/org/assertj/assertj-core/3.24.2/assertj-core-3.24.2.jar:/home/maurizio/.m2/repository/net/bytebuddy/byte-buddy/1.14.9/byte-buddy-1.14.9.jar:/home/maurizio/.m2/repository/org/hamcrest/hamcrest/2.2/hamcrest-2.2.jar:/home/maurizio/.m2/repository/org/junit/jupiter/junit-jupiter/5.9.3/junit-jupiter-5.9.3.jar:/home/maurizio/.m2/repository/org/junit/jupiter/junit-jupiter-api/5.9.3/junit-jupiter-api-5.9.3.jar:/home/maurizio/.m2/repository/org/opentest4j/opentest4j/1.2.0/opentest4j-1.2.0.jar:/home/maurizio/.m2/repository/org/junit/platform/junit-platform-commons/1.9.3/junit-platform-commons-1.9.3.jar:/home/maurizio/.m2/repository/org/apiguardian/apiguardian-api/1.1.2/apiguardian-api-1.1.2.jar:/home/maurizio/.m2/repository/org/junit/jupiter/junit-jupiter-params/5.9.3/junit-jupiter-params-5.9.3.jar:/home/maurizio/.m2/repository/org/junit/jupiter/junit-jupiter-engine/5.9.3/junit-jupiter-engine-5.9.3.jar:/home/maurizio/.m2/repository/org/junit/platform/junit-platform-engine/1.9.3/junit-platform-engine-1.9.3.jar:/home/maurizio/.m2/repository/org/mockito/mockito-core/5.3.1/mockito-core-5.3.1.jar:/home/maurizio/.m2/repository/net/bytebuddy/byte-buddy-agent/1.14.9/byte-buddy-agent-1.14.9.jar:/home/maurizio/.m2/repository/org/objenesis/objenesis/3.3/objenesis-3.3.jar:/home/maurizio/.m2/repository/org/mockito/mockito-junit-jupiter/5.3.1/mockito-junit-jupiter-5.3.1.jar:/home/maurizio/.m2/repository/org/skyscreamer/jsonassert/1.5.1/jsonassert-1.5.1.jar:/home/maurizio/.m2/repository/com/vaadin/external/google/android-json/0.0.20131108.vaadin1/android-json-0.0.20131108.vaadin1.jar:/home/maurizio/.m2/repository/org/xmlunit/xmlunit-core/2.9.1/xmlunit-core-2.9.1.jar:/home/maurizio/.m2/repository/franco/maurizio/hr-desk-persistence/0.3.5_j17/hr-desk-persistence-0.3.5_j17.jar:/home/maurizio/.m2/repository/org/springframework/boot/spring-boot-starter-data-jpa/3.1.5/spring-boot-starter-data-jpa-3.1.5.jar:/home/maurizio/.m2/repository/org/springframework/boot/spring-boot-starter-aop/3.1.5/spring-boot-starter-aop-3.1.5.jar:/home/maurizio/.m2/repository/org/aspectj/aspectjweaver/1.9.20/aspectjweaver-1.9.20.jar:/home/maurizio/.m2/repository/org/springframework/boot/spring-boot-starter-jdbc/3.1.5/spring-boot-starter-jdbc-3.1.5.jar:/home/maurizio/.m2/repository/com/zaxxer/HikariCP/5.0.1/HikariCP-5.0.1.jar:/home/maurizio/.m2/repository/org/springframework/spring-jdbc/6.0.13/spring-jdbc-6.0.13.jar:/home/maurizio/.m2/repository/org/hibernate/orm/hibernate-core/6.2.13.Final/hibernate-core-6.2.13.Final.jar:/home/maurizio/.m2/repository/jakarta/persistence/jakarta.persistence-api/3.1.0/jakarta.persistence-api-3.1.0.jar:/home/maurizio/.m2/repository/jakarta/transaction/jakarta.transaction-api/2.0.1/jakarta.transaction-api-2.0.1.jar:/home/maurizio/.m2/repository/org/hibernate/common/hibernate-commons-annotations/6.0.6.Final/hibernate-commons-annotations-6.0.6.Final.jar:/home/maurizio/.m2/repository/io/smallrye/jandex/3.0.5/jandex-3.0.5.jar:/home/maurizio/.m2/repository/jakarta/inject/jakarta.inject-api/2.0.1/jakarta.inject-api-2.0.1.jar:/home/maurizio/.m2/repository/org/antlr/antlr4-runtime/4.10.1/antlr4-runtime-4.10.1.jar:/home/maurizio/.m2/repository/org/springframework/data/spring-data-jpa/3.1.5/spring-data-jpa-3.1.5.jar:/home/maurizio/.m2/repository/org/springframework/data/spring-data-commons/3.1.5/spring-data-commons-3.1.5.jar:/home/maurizio/.m2/repository/org/springframework/spring-orm/6.0.13/spring-orm-6.0.13.jar:/home/maurizio/.m2/repository/org/springframework/spring-tx/6.0.13/spring-tx-6.0.13.jar:/home/maurizio/.m2/repository/org/springframework/spring-aspects/6.0.13/spring-aspects-6.0.13.jar:/home/maurizio/.m2/repository/mysql/mysql-connector-java/8.0.19/mysql-connector-java-8.0.19.jar:/home/maurizio/.m2/repository/com/google/protobuf/protobuf-java/3.6.1/protobuf-java-3.6.1.jar:/home/maurizio/.m2/repository/org/glassfish/jaxb/jaxb-runtime/4.0.3/jaxb-runtime-4.0.3.jar:/home/maurizio/.m2/repository/org/glassfish/jaxb/jaxb-core/4.0.3/jaxb-core-4.0.3.jar:/home/maurizio/.m2/repository/org/glassfish/jaxb/txw2/4.0.3/txw2-4.0.3.jar:/home/maurizio/.m2/repository/com/sun/istack/istack-commons-runtime/4.1.2/istack-commons-runtime-4.1.2.jar:/home/maurizio/.m2/repository/org/javassist/javassist/3.23.1-GA/javassist-3.23.1-GA.jar:/home/maurizio/.m2/repository/franco/maurizio/hr-desk-mail-manager/0.3.4_j11/hr-desk-mail-manager-0.3.4_j11.jar:/home/maurizio/.m2/repository/org/apache/commons/commons-lang3/3.12.0/commons-lang3-3.12.0.jar:/home/maurizio/.m2/repository/org/apache/velocity/velocity/1.7/velocity-1.7.jar:/home/maurizio/.m2/repository/commons-collections/commons-collections/3.2.1/commons-collections-3.2.1.jar:/home/maurizio/.m2/repository/commons-lang/commons-lang/2.4/commons-lang-2.4.jar:/home/maurizio/.m2/repository/org/eclipse/angus/jakarta.mail/1.1.0/jakarta.mail-1.1.0.jar:/home/maurizio/.m2/repository/org/eclipse/angus/angus-activation/2.0.1/angus-activation-2.0.1.jar:/home/maurizio/.m2/repository/org/apache/logging/log4j/log4j-api/2.20.0/log4j-api-2.20.0.jar:/home/maurizio/.m2/repository/org/apache/logging/log4j/log4j-core/2.20.0/log4j-core-2.20.0.jar:/home/maurizio/.m2/repository/com/google/code/gson/gson/2.8.5/gson-2.8.5.jar:/home/maurizio/.m2/repository/org/springframework/boot/spring-boot-starter/3.1.5/spring-boot-starter-3.1.5.jar:/home/maurizio/.m2/repository/org/springframework/boot/spring-boot/3.1.5/spring-boot-3.1.5.jar:/home/maurizio/.m2/repository/org/springframework/boot/spring-boot-autoconfigure/3.1.5/spring-boot-autoconfigure-3.1.5.jar:/home/maurizio/.m2/repository/org/yaml/snakeyaml/1.33/snakeyaml-1.33.jar:/home/maurizio/.m2/repository/org/springframework/boot/spring-boot-starter-security/3.1.5/spring-boot-starter-security-3.1.5.jar:/home/maurizio/.m2/repository/org/springframework/spring-aop/6.0.13/spring-aop-6.0.13.jar:/home/maurizio/.m2/repository/org/springframework/security/spring-security-config/6.1.5/spring-security-config-6.1.5.jar:/home/maurizio/.m2/repository/org/springframework/boot/spring-boot-starter-validation/3.1.5/spring-boot-starter-validation-3.1.5.jar:/home/maurizio/.m2/repository/org/hibernate/validator/hibernate-validator/8.0.1.Final/hibernate-validator-8.0.1.Final.jar:/home/maurizio/.m2/repository/jakarta/validation/jakarta.validation-api/3.0.2/jakarta.validation-api-3.0.2.jar:/home/maurizio/.m2/repository/org/jboss/logging/jboss-logging/3.5.3.Final/jboss-logging-3.5.3.Final.jar:/home/maurizio/.m2/repository/com/fasterxml/classmate/1.5.1/classmate-1.5.1.jar:/home/maurizio/.m2/repository/org/springframework/boot/spring-boot-devtools/3.1.5/spring-boot-devtools-3.1.5.jar:/home/maurizio/.m2/repository/ch/qos/logback/logback-classic/1.4.11/logback-classic-1.4.11.jar:/home/maurizio/.m2/repository/ch/qos/logback/logback-core/1.4.11/logback-core-1.4.11.jar:/home/maurizio/.m2/repository/org/slf4j/slf4j-api/2.0.9/slf4j-api-2.0.9.jar:/home/maurizio/.m2/repository/org/springframework/boot/spring-boot-starter-actuator/3.1.5/spring-boot-starter-actuator-3.1.5.jar:/home/maurizio/.m2/repository/org/springframework/boot/spring-boot-actuator-autoconfigure/3.1.5/spring-boot-actuator-autoconfigure-3.1.5.jar:/home/maurizio/.m2/repository/org/springframework/boot/spring-boot-actuator/3.1.5/spring-boot-actuator-3.1.5.jar:/home/maurizio/.m2/repository/io/micrometer/micrometer-observation/1.11.5/micrometer-observation-1.11.5.jar:/home/maurizio/.m2/repository/io/micrometer/micrometer-commons/1.11.5/micrometer-commons-1.11.5.jar:/home/maurizio/.m2/repository/io/micrometer/micrometer-core/1.11.5/micrometer-core-1.11.5.jar:/home/maurizio/.m2/repository/org/hdrhistogram/HdrHistogram/2.1.12/HdrHistogram-2.1.12.jar:/home/maurizio/.m2/repository/org/latencyutils/LatencyUtils/2.0.3/LatencyUtils-2.0.3.jar:/home/maurizio/.m2/repository/com/itextpdf/itextpdf/5.5.10/itextpdf-5.5.10.jar:/home/maurizio/.m2/repository/org/apache/pdfbox/pdfbox/2.0.4/pdfbox-2.0.4.jar:/home/maurizio/.m2/repository/org/apache/pdfbox/fontbox/2.0.4/fontbox-2.0.4.jar:/home/maurizio/.m2/repository/commons-logging/commons-logging/1.2/commons-logging-1.2.jar:/home/maurizio/.m2/repository/org/projectlombok/lombok/1.18.30/lombok-1.18.30.jar:"/>
    <property name="sun.cpu.endian" value="little"/>
    <property name="user.home" value="/home/maurizio"/>
    <property name="user.language" value="en"/>
    <property name="java.specification.vendor" value="Oracle Corporation"/>
    <property name="java.version.date" value="2023-04-18"/>
    <property name="java.home" value="/usr/lib/jvm/java-17-openjdk-amd64"/>
    <property name="file.separator" value="/"/>
    <property name="style.color" value="always"/>
    <property name="basedir" value="/home/maurizio/git/hr-desk/hr-desk/backend17"/>
    <property name="java.vm.compressedOopsMode" value="Zero based"/>
    <property name="line.separator" value="&#10;"/>
    <property name="java.specification.name" value="Java Platform API Specification"/>
    <property name="java.vm.specification.vendor" value="Oracle Corporation"/>
    <property name="FILE_LOG_CHARSET" value="UTF-8"/>
    <property name="java.awt.headless" value="true"/>
    <property name="surefire.real.class.path" value="/home/maurizio/git/hr-desk/hr-desk/backend17/target/surefire/surefirebooter-20231124123619067_3.jar"/>
    <property name="sun.management.compiler" value="HotSpot 64-Bit Tiered Compilers"/>
    <property name="java.runtime.version" value="17.0.7+7-Debian-1deb12u1"/>
    <property name="user.name" value="maurizio"/>
    <property name="path.separator" value=":"/>
    <property name="os.version" value="6.1.0-10-amd64"/>
    <property name="java.runtime.name" value="OpenJDK Runtime Environment"/>
    <property name="file.encoding" value="UTF-8"/>
    <property name="java.vm.name" value="OpenJDK 64-Bit Server VM"/>
    <property name="localRepository" value="/home/maurizio/.m2/repository"/>
    <property name="java.vendor.url.bug" value="https://bugs.debian.org/openjdk-17"/>
    <property name="java.io.tmpdir" value="/tmp"/>
    <property name="catalina.home" value="/tmp/tomcat.0.2414534711362595922"/>
    <property name="com.zaxxer.hikari.pool_number" value="1"/>
    <property name="java.version" value="17.0.7"/>
    <property name="user.dir" value="/home/maurizio/git/hr-desk/hr-desk/backend17"/>
    <property name="os.arch" value="amd64"/>
    <property name="java.vm.specification.name" value="Java Virtual Machine Specification"/>
    <property name="PID" value="1505547"/>
    <property name="CONSOLE_LOG_CHARSET" value="UTF-8"/>
    <property name="catalina.base" value="/tmp/tomcat.0.2414534711362595922"/>
    <property name="native.encoding" value="UTF-8"/>
    <property name="java.library.path" value="/usr/java/packages/lib:/usr/lib/x86_64-linux-gnu/jni:/lib/x86_64-linux-gnu:/usr/lib/x86_64-linux-gnu:/usr/lib/jni:/lib:/usr/lib"/>
    <property name="java.vm.info" value="mixed mode, sharing"/>
    <property name="java.vendor" value="Debian"/>
    <property name="java.vm.version" value="17.0.7+7-Debian-1deb12u1"/>
    <property name="sun.io.unicode.encoding" value="UnicodeLittle"/>
    <property name="java.class.version" value="61.0"/>
  </properties>
  <testcase name="testDeleteRoleSuccessfully" classname="franco.maurizio.hr.desk.com.unit.backend.SurveyControllerTest" time="0.109">
    <system-out><![CDATA[12:36:21,771 |-INFO in ch.qos.logback.classic.LoggerContext[default] - This is logback-classic version 1.4.11
12:36:21,776 |-INFO in ch.qos.logback.classic.util.ContextInitializer@5a47730c - Here is a list of configurators discovered as a service, by rank: 
12:36:21,776 |-INFO in ch.qos.logback.classic.util.ContextInitializer@5a47730c -   org.springframework.boot.logging.logback.RootLogLevelConfigurator
12:36:21,776 |-INFO in ch.qos.logback.classic.util.ContextInitializer@5a47730c - They will be invoked in order until ExecutionStatus.DO_NOT_INVOKE_NEXT_IF_ANY is returned.
12:36:21,776 |-INFO in ch.qos.logback.classic.util.ContextInitializer@5a47730c - Constructed configurator of type class org.springframework.boot.logging.logback.RootLogLevelConfigurator
12:36:21,782 |-INFO in ch.qos.logback.classic.util.ContextInitializer@5a47730c - org.springframework.boot.logging.logback.RootLogLevelConfigurator.configure() call lasted 1 milliseconds. ExecutionStatus=INVOKE_NEXT_IF_ANY
12:36:21,782 |-INFO in ch.qos.logback.classic.util.ContextInitializer@5a47730c - Trying to configure with ch.qos.logback.classic.joran.SerializedModelConfigurator
12:36:21,784 |-INFO in ch.qos.logback.classic.util.ContextInitializer@5a47730c - Constructed configurator of type class ch.qos.logback.classic.joran.SerializedModelConfigurator
12:36:21,795 |-INFO in ch.qos.logback.classic.LoggerContext[default] - Could NOT find resource [logback-test.scmo]
12:36:21,795 |-INFO in ch.qos.logback.classic.LoggerContext[default] - Could NOT find resource [logback.scmo]
12:36:21,795 |-INFO in ch.qos.logback.classic.util.ContextInitializer@5a47730c - ch.qos.logback.classic.joran.SerializedModelConfigurator.configure() call lasted 11 milliseconds. ExecutionStatus=INVOKE_NEXT_IF_ANY
12:36:21,795 |-INFO in ch.qos.logback.classic.util.ContextInitializer@5a47730c - Trying to configure with ch.qos.logback.classic.util.DefaultJoranConfigurator
12:36:21,796 |-INFO in ch.qos.logback.classic.util.ContextInitializer@5a47730c - Constructed configurator of type class ch.qos.logback.classic.util.DefaultJoranConfigurator
12:36:21,797 |-INFO in ch.qos.logback.classic.LoggerContext[default] - Could NOT find resource [logback-test.xml]
12:36:21,797 |-INFO in ch.qos.logback.classic.LoggerContext[default] - Found resource [logback.xml] at [file:/home/maurizio/git/hr-desk/hr-desk/backend17/target/test-classes/logback.xml]
12:36:21,798 |-WARN in ch.qos.logback.classic.util.DefaultJoranConfigurator@15369d73 - Resource [logback.xml] occurs multiple times on the classpath.
12:36:21,798 |-WARN in ch.qos.logback.classic.util.DefaultJoranConfigurator@15369d73 - Resource [logback.xml] occurs at [file:/home/maurizio/git/hr-desk/hr-desk/backend17/target/test-classes/logback.xml]
12:36:21,798 |-WARN in ch.qos.logback.classic.util.DefaultJoranConfigurator@15369d73 - Resource [logback.xml] occurs at [file:/home/maurizio/git/hr-desk/hr-desk/backend17/target/classes/logback.xml]
12:36:21,973 |-INFO in ch.qos.logback.classic.model.processor.ConfigurationModelHandlerFull - Registering a new ReconfigureOnChangeTask ReconfigureOnChangeTask(born:1700825781971)
12:36:21,973 |-INFO in ch.qos.logback.classic.model.processor.ConfigurationModelHandlerFull - No 'scanPeriod' specified. Defaulting to 1 minutes
12:36:21,973 |-INFO in ch.qos.logback.classic.model.processor.ConfigurationModelHandlerFull - Will scan for changes in [file:/home/maurizio/git/hr-desk/hr-desk/backend17/target/test-classes/logback.xml] 
12:36:21,974 |-INFO in ch.qos.logback.classic.model.processor.ConfigurationModelHandlerFull - Setting ReconfigureOnChangeTask scanning period to 1 minutes
12:36:21,977 |-INFO in ch.qos.logback.core.model.processor.AppenderModelHandler - Processing appender named [FILE]
12:36:21,977 |-INFO in ch.qos.logback.core.model.processor.AppenderModelHandler - About to instantiate appender of type [ch.qos.logback.core.FileAppender]
12:36:21,991 |-INFO in ch.qos.logback.core.model.processor.ImplicitModelHandler - Assuming default type [ch.qos.logback.classic.encoder.PatternLayoutEncoder] for [encoder] property
12:36:22,031 |-INFO in ch.qos.logback.core.FileAppender[FILE] - File property is set to [/logs/cerepro/backend.log]
12:36:22,035 |-INFO in ch.qos.logback.core.model.processor.AppenderModelHandler - Processing appender named [STDOUT]
12:36:22,035 |-INFO in ch.qos.logback.core.model.processor.AppenderModelHandler - About to instantiate appender of type [ch.qos.logback.core.ConsoleAppender]
12:36:22,040 |-INFO in ch.qos.logback.core.model.processor.ImplicitModelHandler - Assuming default type [ch.qos.logback.classic.encoder.PatternLayoutEncoder] for [encoder] property
12:36:22,041 |-INFO in ch.qos.logback.classic.model.processor.RootLoggerModelHandler - Setting level of ROOT logger to TRACE
12:36:22,043 |-INFO in ch.qos.logback.core.model.processor.AppenderRefModelHandler - Attaching appender named [FILE] to Logger[ROOT]
12:36:22,045 |-INFO in ch.qos.logback.core.model.processor.AppenderRefModelHandler - Attaching appender named [STDOUT] to Logger[ROOT]
12:36:22,045 |-INFO in ch.qos.logback.core.model.processor.DefaultProcessor@796c68bf - End of configuration.
12:36:22,047 |-INFO in ch.qos.logback.classic.joran.JoranConfigurator@1fc0d9b4 - Registering current configuration as safe fallback point
12:36:22,047 |-INFO in ch.qos.logback.classic.util.ContextInitializer@5a47730c - ch.qos.logback.classic.util.DefaultJoranConfigurator.configure() call lasted 251 milliseconds. ExecutionStatus=DO_NOT_INVOKE_NEXT_IF_ANY
12:36:24,834 |-INFO in ch.qos.logback.classic.model.processor.ConfigurationModelHandlerFull - Registering a new ReconfigureOnChangeTask ReconfigureOnChangeTask(born:1700825784834)
12:36:24,835 |-INFO in ch.qos.logback.classic.model.processor.ConfigurationModelHandlerFull - No 'scanPeriod' specified. Defaulting to 1 minutes
12:36:24,835 |-INFO in ch.qos.logback.classic.model.processor.ConfigurationModelHandlerFull - Will scan for changes in [file:/home/maurizio/git/hr-desk/hr-desk/backend17/target/test-classes/logback.xml] 
12:36:24,835 |-INFO in ch.qos.logback.classic.model.processor.ConfigurationModelHandlerFull - Setting ReconfigureOnChangeTask scanning period to 1 minutes
12:36:24,835 |-INFO in ch.qos.logback.core.model.processor.AppenderModelHandler - Processing appender named [FILE]
12:36:24,836 |-INFO in ch.qos.logback.core.model.processor.AppenderModelHandler - About to instantiate appender of type [ch.qos.logback.core.FileAppender]
12:36:24,837 |-INFO in ch.qos.logback.core.model.processor.ImplicitModelHandler - Assuming default type [ch.qos.logback.classic.encoder.PatternLayoutEncoder] for [encoder] property
12:36:24,838 |-INFO in ch.qos.logback.core.FileAppender[FILE] - File property is set to [/logs/cerepro/backend.log]
12:36:24,838 |-INFO in ch.qos.logback.core.model.processor.AppenderModelHandler - Processing appender named [STDOUT]
12:36:24,838 |-INFO in ch.qos.logback.core.model.processor.AppenderModelHandler - About to instantiate appender of type [ch.qos.logback.core.ConsoleAppender]
12:36:24,839 |-INFO in ch.qos.logback.core.model.processor.ImplicitModelHandler - Assuming default type [ch.qos.logback.classic.encoder.PatternLayoutEncoder] for [encoder] property
12:36:24,840 |-INFO in ch.qos.logback.classic.model.processor.RootLoggerModelHandler - Setting level of ROOT logger to TRACE
12:36:24,840 |-INFO in ch.qos.logback.core.model.processor.AppenderRefModelHandler - Attaching appender named [FILE] to Logger[ROOT]
12:36:24,840 |-INFO in ch.qos.logback.core.model.processor.AppenderRefModelHandler - Attaching appender named [STDOUT] to Logger[ROOT]
12:36:24,840 |-INFO in ch.qos.logback.core.model.processor.DefaultProcessor@294a12b5 - End of configuration.
12:36:24,840 |-INFO in org.springframework.boot.logging.logback.SpringBootJoranConfigurator@628aea61 - Registering current configuration as safe fallback point

2023-11-24 12:36:24,956 DEBUG o.j.logging [LoggerProviders.java:164] Logging Provider: org.jboss.logging.Slf4jLoggerProvider found via system property
  .   ____          _            __ _ _
 /\\ / ___'_ __ _ _(_)_ __  __ _ \ \ \ \
( ( )\___ | '_ | '_| | '_ \/ _` | \ \ \ \
 \\/  ___)| |_)| | | | | || (_| |  ) ) ) )
  '  |____| .__|_| |_|_| |_\__, | / / / /
 =========|_|==============|___/=/_/_/_/
2023-11-24 12:36:24,963 INFO o.h.v.i.u.Version [Version.java:21] HV000001: Hibernate Validator 8.0.1.Final
 :: Spring Boot ::                (v3.1.5)

2023-11-24 12:36:24,983 DEBUG o.h.v.i.x.c.ValidationXmlParser [ValidationXmlParser.java:122] Trying to load META-INF/validation.xml for XML based Validator configuration.
2023-11-24 12:36:24,985 DEBUG o.h.v.i.x.c.ResourceLoaderHelper [ResourceLoaderHelper.java:61] Trying to load META-INF/validation.xml via TCCL
2023-11-24 12:36:24,987 DEBUG o.h.v.i.x.c.ResourceLoaderHelper [ResourceLoaderHelper.java:67] Trying to load META-INF/validation.xml via Hibernate Validator's class loader
2023-11-24 12:36:24,988 DEBUG o.h.v.i.x.c.ValidationXmlParser [ValidationXmlParser.java:129] No META-INF/validation.xml found. Using annotation based configuration only.
2023-11-24 12:36:25,008 DEBUG o.h.v.i.e.r.TraversableResolvers [TraversableResolvers.java:94] Found jakarta.persistence.Persistence on classpath containing 'getPersistenceUtil'. Assuming JPA 2 environment. Trying to instantiate JPA aware TraversableResolver
2023-11-24 12:36:25,011 DEBUG o.h.v.i.e.r.TraversableResolvers [TraversableResolvers.java:104] Instantiated JPA aware TraversableResolver of type org.hibernate.validator.internal.engine.resolver.JPATraversableResolver.
2023-11-24 12:36:25,109 DEBUG o.h.v.m.ResourceBundleMessageInterpolator [ResourceBundleMessageInterpolator.java:175] Loaded expression factory via original TCCL
2023-11-24 12:36:25,447 DEBUG o.h.v.i.e.ValidatorFactoryConfigurationHelper [ValidatorFactoryConfigurationHelper.java:355] HV000252: Using org.hibernate.validator.internal.engine.DefaultPropertyNodeNameProvider as property node name provider.
2023-11-24 12:36:25,463 DEBUG o.h.v.i.e.ValidatorFactoryConfigurationHelper [ValidatorFactoryConfigurationHelper.java:447] HV000234: Using org.hibernate.validator.messageinterpolation.ResourceBundleMessageInterpolator as ValidatorFactory-scoped message interpolator.
2023-11-24 12:36:25,463 DEBUG o.h.v.i.e.ValidatorFactoryConfigurationHelper [ValidatorFactoryConfigurationHelper.java:448] HV000234: Using org.hibernate.validator.internal.engine.resolver.JPATraversableResolver as ValidatorFactory-scoped traversable resolver.
2023-11-24 12:36:25,464 DEBUG o.h.v.i.e.ValidatorFactoryConfigurationHelper [ValidatorFactoryConfigurationHelper.java:449] HV000234: Using org.hibernate.validator.internal.util.ExecutableParameterNameProvider as ValidatorFactory-scoped parameter name provider.
2023-11-24 12:36:25,465 DEBUG o.h.v.i.e.ValidatorFactoryConfigurationHelper [ValidatorFactoryConfigurationHelper.java:450] HV000234: Using org.hibernate.validator.internal.engine.DefaultClockProvider as ValidatorFactory-scoped clock provider.
2023-11-24 12:36:25,465 DEBUG o.h.v.i.e.ValidatorFactoryConfigurationHelper [ValidatorFactoryConfigurationHelper.java:451] HV000234: Using org.hibernate.validator.internal.engine.scripting.DefaultScriptEvaluatorFactory as ValidatorFactory-scoped script evaluator factory.
2023-11-24 12:36:29,874 DEBUG c.z.h.HikariConfig [HikariConfig.java:968] Driver class com.mysql.cj.jdbc.Driver found in Thread context class loader jdk.internal.loader.ClassLoaders$AppClassLoader@251a69d7
2023-11-24 12:36:30,053 DEBUG c.z.h.HikariConfig [HikariConfig.java:1100] HikariPool-1 - configuration:
2023-11-24 12:36:30,061 DEBUG c.z.h.HikariConfig [HikariConfig.java:1132] allowPoolSuspension.............false
2023-11-24 12:36:30,062 DEBUG c.z.h.HikariConfig [HikariConfig.java:1132] autoCommit......................true
2023-11-24 12:36:30,062 DEBUG c.z.h.HikariConfig [HikariConfig.java:1132] catalog.........................none
2023-11-24 12:36:30,063 DEBUG c.z.h.HikariConfig [HikariConfig.java:1132] connectionInitSql...............none
2023-11-24 12:36:30,063 DEBUG c.z.h.HikariConfig [HikariConfig.java:1132] connectionTestQuery.............none
2023-11-24 12:36:30,064 DEBUG c.z.h.HikariConfig [HikariConfig.java:1132] connectionTimeout...............30000
2023-11-24 12:36:30,064 DEBUG c.z.h.HikariConfig [HikariConfig.java:1132] dataSource......................none
2023-11-24 12:36:30,065 DEBUG c.z.h.HikariConfig [HikariConfig.java:1132] dataSourceClassName.............none
2023-11-24 12:36:30,066 DEBUG c.z.h.HikariConfig [HikariConfig.java:1132] dataSourceJNDI..................none
2023-11-24 12:36:30,067 DEBUG c.z.h.HikariConfig [HikariConfig.java:1132] dataSourceProperties............{password=<masked>}
2023-11-24 12:36:30,068 DEBUG c.z.h.HikariConfig [HikariConfig.java:1132] driverClassName................."com.mysql.cj.jdbc.Driver"
2023-11-24 12:36:30,069 DEBUG c.z.h.HikariConfig [HikariConfig.java:1132] exceptionOverrideClassName......none
2023-11-24 12:36:30,069 DEBUG c.z.h.HikariConfig [HikariConfig.java:1132] healthCheckProperties...........{}
2023-11-24 12:36:30,070 DEBUG c.z.h.HikariConfig [HikariConfig.java:1132] healthCheckRegistry.............none
2023-11-24 12:36:30,070 DEBUG c.z.h.HikariConfig [HikariConfig.java:1132] idleTimeout.....................600000
2023-11-24 12:36:30,071 DEBUG c.z.h.HikariConfig [HikariConfig.java:1132] initializationFailTimeout.......1
2023-11-24 12:36:30,072 DEBUG c.z.h.HikariConfig [HikariConfig.java:1132] isolateInternalQueries..........false
2023-11-24 12:36:30,072 DEBUG c.z.h.HikariConfig [HikariConfig.java:1132] jdbcUrl.........................jdbc:mysql://localhost:3306/cerepro_test?useLegacyDatetimeCode=false&serverTimezone=UTC
2023-11-24 12:36:30,073 DEBUG c.z.h.HikariConfig [HikariConfig.java:1132] keepaliveTime...................0
2023-11-24 12:36:30,074 DEBUG c.z.h.HikariConfig [HikariConfig.java:1132] leakDetectionThreshold..........0
2023-11-24 12:36:30,074 DEBUG c.z.h.HikariConfig [HikariConfig.java:1132] maxLifetime.....................1800000
2023-11-24 12:36:30,075 DEBUG c.z.h.HikariConfig [HikariConfig.java:1132] maximumPoolSize.................10
2023-11-24 12:36:30,076 DEBUG c.z.h.HikariConfig [HikariConfig.java:1132] metricRegistry..................none
2023-11-24 12:36:30,076 DEBUG c.z.h.HikariConfig [HikariConfig.java:1132] metricsTrackerFactory...........none
2023-11-24 12:36:30,077 DEBUG c.z.h.HikariConfig [HikariConfig.java:1132] minimumIdle.....................10
2023-11-24 12:36:30,077 DEBUG c.z.h.HikariConfig [HikariConfig.java:1132] password........................<masked>
2023-11-24 12:36:30,078 DEBUG c.z.h.HikariConfig [HikariConfig.java:1132] poolName........................"HikariPool-1"
2023-11-24 12:36:30,079 DEBUG c.z.h.HikariConfig [HikariConfig.java:1132] readOnly........................false
2023-11-24 12:36:30,080 DEBUG c.z.h.HikariConfig [HikariConfig.java:1132] registerMbeans..................false
2023-11-24 12:36:30,080 DEBUG c.z.h.HikariConfig [HikariConfig.java:1132] scheduledExecutor...............none
2023-11-24 12:36:30,081 DEBUG c.z.h.HikariConfig [HikariConfig.java:1132] schema..........................none
2023-11-24 12:36:30,082 DEBUG c.z.h.HikariConfig [HikariConfig.java:1132] threadFactory...................internal
2023-11-24 12:36:30,082 DEBUG c.z.h.HikariConfig [HikariConfig.java:1132] transactionIsolation............default
2023-11-24 12:36:30,083 DEBUG c.z.h.HikariConfig [HikariConfig.java:1132] username........................"cerepro_test"
2023-11-24 12:36:30,083 DEBUG c.z.h.HikariConfig [HikariConfig.java:1132] validationTimeout...............5000
2023-11-24 12:36:30,084 INFO c.z.h.HikariDataSource [HikariDataSource.java:110] HikariPool-1 - Starting...
2023-11-24 12:36:30,443 INFO c.z.h.p.HikariPool [HikariPool.java:565] HikariPool-1 - Added connection com.mysql.cj.jdbc.ConnectionImpl@28860097
2023-11-24 12:36:30,447 INFO c.z.h.HikariDataSource [HikariDataSource.java:123] HikariPool-1 - Start completed.
2023-11-24 12:36:30,547 DEBUG c.z.h.p.HikariPool [HikariPool.java:414] HikariPool-1 - Pool stats (total=1, active=0, idle=1, waiting=0)
2023-11-24 12:36:30,549 DEBUG o.h.j.i.u.LogHelper [LogHelper.java:102] PersistenceUnitInfo [
	name: default
	persistence provider classname: null
	classloader: jdk.internal.loader.ClassLoaders$AppClassLoader@251a69d7
	excludeUnlistedClasses: true
	JTA datasource: null
	Non JTA datasource: HikariDataSource (HikariPool-1)
	Transaction type: RESOURCE_LOCAL
	PU root URL: file:/home/maurizio/.m2/repository/franco/maurizio/hr-desk-persistence/0.3.5_j17/hr-desk-persistence-0.3.5_j17.jar
	Shared Cache Mode: UNSPECIFIED
	Validation Mode: AUTO
	Jar files URLs []
	Managed classes names [
		franco.maurizio.hr.desk.com.persistence.entity.Survey
		franco.maurizio.hr.desk.com.persistence.entity.CandidateSurveyToken
		franco.maurizio.hr.desk.com.persistence.entity.CandidateStates
		franco.maurizio.hr.desk.com.persistence.entity.Role
		franco.maurizio.hr.desk.com.persistence.entity.User
		franco.maurizio.hr.desk.com.persistence.entity.SurveyReply
		franco.maurizio.hr.desk.com.persistence.entity.PositionUserOwner
		franco.maurizio.hr.desk.com.persistence.entity.SurveyQuestion
		franco.maurizio.hr.desk.com.persistence.entity.CoursePage
		franco.maurizio.hr.desk.com.persistence.entity.Candidate
		franco.maurizio.hr.desk.com.persistence.entity.Question]
	Mapping files names []
	Properties []
2023-11-24 12:36:30,552 DEBUG c.z.h.p.HikariPool [HikariPool.java:738] HikariPool-1 - Added connection com.mysql.cj.jdbc.ConnectionImpl@54d1cd5d
2023-11-24 12:36:30,567 DEBUG c.z.h.p.HikariPool [HikariPool.java:738] HikariPool-1 - Added connection com.mysql.cj.jdbc.ConnectionImpl@15ecc766
2023-11-24 12:36:30,576 DEBUG o.h.i.i.IntegratorServiceImpl [IntegratorServiceImpl.java:45] Adding Integrator [org.hibernate.boot.beanvalidation.BeanValidationIntegrator].
2023-11-24 12:36:30,580 DEBUG o.h.i.i.IntegratorServiceImpl [IntegratorServiceImpl.java:45] Adding Integrator [org.hibernate.cache.internal.CollectionCacheInvalidator].
2023-11-24 12:36:30,582 DEBUG c.z.h.p.HikariPool [HikariPool.java:738] HikariPool-1 - Added connection com.mysql.cj.jdbc.ConnectionImpl@24b35146
2023-11-24 12:36:30,596 DEBUG c.z.h.p.HikariPool [HikariPool.java:738] HikariPool-1 - Added connection com.mysql.cj.jdbc.ConnectionImpl@75c33829
2023-11-24 12:36:30,603 TRACE o.h.b.r.s.i.StrategySelectorImpl [StrategySelectorImpl.java:83] Registering named strategy selector [org.hibernate.resource.transaction.spi.TransactionCoordinatorBuilder] : [jdbc] -> [org.hibernate.resource.transaction.backend.jdbc.internal.JdbcResourceLocalTransactionCoordinatorBuilderImpl]
2023-11-24 12:36:30,605 TRACE o.h.b.r.s.i.StrategySelectorImpl [StrategySelectorImpl.java:83] Registering named strategy selector [org.hibernate.resource.transaction.spi.TransactionCoordinatorBuilder] : [jta] -> [org.hibernate.resource.transaction.backend.jta.internal.JtaTransactionCoordinatorBuilderImpl]
2023-11-24 12:36:30,605 TRACE o.h.b.r.s.i.StrategySelectorImpl [StrategySelectorImpl.java:83] Registering named strategy selector [org.hibernate.resource.transaction.spi.TransactionCoordinatorBuilder] : [org.hibernate.transaction.JDBCTransactionFactory] -> [org.hibernate.resource.transaction.backend.jdbc.internal.JdbcResourceLocalTransactionCoordinatorBuilderImpl]
2023-11-24 12:36:30,606 TRACE o.h.b.r.s.i.StrategySelectorImpl [StrategySelectorImpl.java:83] Registering named strategy selector [org.hibernate.resource.transaction.spi.TransactionCoordinatorBuilder] : [org.hibernate.transaction.JTATransactionFactory] -> [org.hibernate.resource.transaction.backend.jta.internal.JtaTransactionCoordinatorBuilderImpl]
2023-11-24 12:36:30,606 TRACE o.h.b.r.s.i.StrategySelectorImpl [StrategySelectorImpl.java:83] Registering named strategy selector [org.hibernate.resource.transaction.spi.TransactionCoordinatorBuilder] : [org.hibernate.transaction.CMTTransactionFactory] -> [org.hibernate.resource.transaction.backend.jta.internal.JtaTransactionCoordinatorBuilderImpl]
2023-11-24 12:36:30,608 TRACE o.h.b.r.s.i.StrategySelectorImpl [StrategySelectorImpl.java:83] Registering named strategy selector [org.hibernate.query.sqm.mutation.spi.SqmMultiTableMutationStrategy] : [cte] -> [org.hibernate.query.sqm.mutation.internal.cte.CteMutationStrategy]
2023-11-24 12:36:30,610 DEBUG c.z.h.p.HikariPool [HikariPool.java:738] HikariPool-1 - Added connection com.mysql.cj.jdbc.ConnectionImpl@23f9480d
2023-11-24 12:36:30,610 TRACE o.h.b.r.s.i.StrategySelectorImpl [StrategySelectorImpl.java:83] Registering named strategy selector [org.hibernate.query.sqm.mutation.spi.SqmMultiTableMutationStrategy] : [global_temporary] -> [org.hibernate.query.sqm.mutation.internal.temptable.GlobalTemporaryTableMutationStrategy]
2023-11-24 12:36:30,612 TRACE o.h.b.r.s.i.StrategySelectorImpl [StrategySelectorImpl.java:83] Registering named strategy selector [org.hibernate.query.sqm.mutation.spi.SqmMultiTableMutationStrategy] : [local_temporary] -> [org.hibernate.query.sqm.mutation.internal.temptable.LocalTemporaryTableMutationStrategy]
2023-11-24 12:36:30,614 TRACE o.h.b.r.s.i.StrategySelectorImpl [StrategySelectorImpl.java:83] Registering named strategy selector [org.hibernate.query.sqm.mutation.spi.SqmMultiTableMutationStrategy] : [persistent] -> [org.hibernate.query.sqm.mutation.internal.temptable.PersistentTableMutationStrategy]
2023-11-24 12:36:30,615 TRACE o.h.b.r.s.i.StrategySelectorImpl [StrategySelectorImpl.java:83] Registering named strategy selector [org.hibernate.boot.model.naming.ImplicitNamingStrategy] : [default] -> [org.hibernate.boot.model.naming.ImplicitNamingStrategyJpaCompliantImpl]
2023-11-24 12:36:30,615 TRACE o.h.b.r.s.i.StrategySelectorImpl [StrategySelectorImpl.java:83] Registering named strategy selector [org.hibernate.boot.model.naming.ImplicitNamingStrategy] : [jpa] -> [org.hibernate.boot.model.naming.ImplicitNamingStrategyJpaCompliantImpl]
2023-11-24 12:36:30,617 TRACE o.h.b.r.s.i.StrategySelectorImpl [StrategySelectorImpl.java:83] Registering named strategy selector [org.hibernate.boot.model.naming.ImplicitNamingStrategy] : [legacy-jpa] -> [org.hibernate.boot.model.naming.ImplicitNamingStrategyLegacyJpaImpl]
2023-11-24 12:36:30,618 TRACE o.h.b.r.s.i.StrategySelectorImpl [StrategySelectorImpl.java:83] Registering named strategy selector [org.hibernate.boot.model.naming.ImplicitNamingStrategy] : [legacy-hbm] -> [org.hibernate.boot.model.naming.ImplicitNamingStrategyLegacyHbmImpl]
2023-11-24 12:36:30,619 TRACE o.h.b.r.s.i.StrategySelectorImpl [StrategySelectorImpl.java:83] Registering named strategy selector [org.hibernate.boot.model.naming.ImplicitNamingStrategy] : [component-path] -> [org.hibernate.boot.model.naming.ImplicitNamingStrategyComponentPathImpl]
2023-11-24 12:36:30,620 TRACE o.h.b.r.s.i.StrategySelectorImpl [StrategySelectorImpl.java:83] Registering named strategy selector [org.hibernate.id.enhanced.ImplicitDatabaseObjectNamingStrategy] : [standard] -> [org.hibernate.id.enhanced.StandardNamingStrategy]
2023-11-24 12:36:30,621 TRACE o.h.b.r.s.i.StrategySelectorImpl [StrategySelectorImpl.java:83] Registering named strategy selector [org.hibernate.id.enhanced.ImplicitDatabaseObjectNamingStrategy] : [single] -> [org.hibernate.id.enhanced.SingleNamingStrategy]
2023-11-24 12:36:30,623 TRACE o.h.b.r.s.i.StrategySelectorImpl [StrategySelectorImpl.java:83] Registering named strategy selector [org.hibernate.id.enhanced.ImplicitDatabaseObjectNamingStrategy] : [legacy] -> [org.hibernate.id.enhanced.LegacyNamingStrategy]
2023-11-24 12:36:30,625 DEBUG c.z.h.p.HikariPool [HikariPool.java:738] HikariPool-1 - Added connection com.mysql.cj.jdbc.ConnectionImpl@718da15b
2023-11-24 12:36:30,625 TRACE o.h.b.r.s.i.StrategySelectorImpl [StrategySelectorImpl.java:83] Registering named strategy selector [org.hibernate.boot.model.relational.ColumnOrderingStrategy] : [default] -> [org.hibernate.boot.model.relational.ColumnOrderingStrategyStandard]
2023-11-24 12:36:30,626 TRACE o.h.b.r.s.i.StrategySelectorImpl [StrategySelectorImpl.java:83] Registering named strategy selector [org.hibernate.boot.model.relational.ColumnOrderingStrategy] : [legacy] -> [org.hibernate.boot.model.relational.ColumnOrderingStrategyLegacy]
2023-11-24 12:36:30,628 TRACE o.h.b.r.s.i.StrategySelectorImpl [StrategySelectorImpl.java:83] Registering named strategy selector [org.hibernate.cache.spi.CacheKeysFactory] : [default] -> [org.hibernate.cache.internal.DefaultCacheKeysFactory]
2023-11-24 12:36:30,629 TRACE o.h.b.r.s.i.StrategySelectorImpl [StrategySelectorImpl.java:83] Registering named strategy selector [org.hibernate.cache.spi.CacheKeysFactory] : [simple] -> [org.hibernate.cache.internal.SimpleCacheKeysFactory]
2023-11-24 12:36:30,631 TRACE o.h.b.r.s.i.StrategySelectorImpl [StrategySelectorImpl.java:83] Registering named strategy selector [org.hibernate.type.format.FormatMapper] : [jackson] -> [org.hibernate.type.format.jackson.JacksonJsonFormatMapper]
2023-11-24 12:36:30,632 TRACE o.h.b.r.s.i.StrategySelectorImpl [StrategySelectorImpl.java:83] Registering named strategy selector [org.hibernate.type.format.FormatMapper] : [jsonb] -> [org.hibernate.type.format.jakartajson.JsonBJsonFormatMapper]
2023-11-24 12:36:30,633 TRACE o.h.b.r.s.i.StrategySelectorImpl [StrategySelectorImpl.java:83] Registering named strategy selector [org.hibernate.type.format.FormatMapper] : [jackson-xml] -> [org.hibernate.type.format.jackson.JacksonXmlFormatMapper]
2023-11-24 12:36:30,636 TRACE o.h.b.r.s.i.StrategySelectorImpl [StrategySelectorImpl.java:83] Registering named strategy selector [org.hibernate.type.format.FormatMapper] : [jaxb] -> [org.hibernate.type.format.jaxb.JaxbXmlFormatMapper]
2023-11-24 12:36:30,639 DEBUG c.z.h.p.HikariPool [HikariPool.java:738] HikariPool-1 - Added connection com.mysql.cj.jdbc.ConnectionImpl@6a2cc4a9
2023-11-24 12:36:30,654 DEBUG c.z.h.p.HikariPool [HikariPool.java:738] HikariPool-1 - Added connection com.mysql.cj.jdbc.ConnectionImpl@7443201
2023-11-24 12:36:30,668 DEBUG c.z.h.p.HikariPool [HikariPool.java:738] HikariPool-1 - Added connection com.mysql.cj.jdbc.ConnectionImpl@441be74e
2023-11-24 12:36:30,678 DEBUG c.z.h.p.HikariPool [HikariPool.java:414] HikariPool-1 - After adding stats (total=10, active=0, idle=10, waiting=0)
2023-11-24 12:36:30,694 INFO o.h.Version [Version.java:44] HHH000412: Hibernate ORM core version 6.2.13.Final
2023-11-24 12:36:30,697 DEBUG o.h.c.Environment [Environment.java:174] HHH000206: 'hibernate.properties' not found
2023-11-24 12:36:30,700 INFO o.h.c.Environment [Environment.java:191] HHH000406: Using bytecode reflection optimizer
2023-11-24 12:36:30,738 TRACE o.h.s.i.AbstractServiceRegistryImpl [AbstractServiceRegistryImpl.java:235] Initializing service [role=org.hibernate.id.factory.IdentifierGeneratorFactory]
2023-11-24 12:36:30,743 TRACE o.h.s.i.AbstractServiceRegistryImpl [AbstractServiceRegistryImpl.java:235] Initializing service [role=org.hibernate.engine.config.spi.ConfigurationService]
2023-11-24 12:36:30,747 TRACE o.h.s.i.AbstractServiceRegistryImpl [AbstractServiceRegistryImpl.java:235] Initializing service [role=org.hibernate.resource.beans.spi.ManagedBeanRegistry]
2023-11-24 12:36:30,757 DEBUG o.h.o.i.factory [StandardIdentifierGeneratorFactory.java:170] Registering IdentifierGenerator strategy [uuid2] -> [org.hibernate.id.UUIDGenerator]
2023-11-24 12:36:30,759 DEBUG o.h.o.i.factory [StandardIdentifierGeneratorFactory.java:170] Registering IdentifierGenerator strategy [guid] -> [org.hibernate.id.GUIDGenerator]
2023-11-24 12:36:30,760 DEBUG o.h.o.i.factory [StandardIdentifierGeneratorFactory.java:170] Registering IdentifierGenerator strategy [uuid] -> [org.hibernate.id.UUIDHexGenerator]
2023-11-24 12:36:30,761 DEBUG o.h.o.i.factory [StandardIdentifierGeneratorFactory.java:170] Registering IdentifierGenerator strategy [uuid.hex] -> [org.hibernate.id.UUIDHexGenerator]
2023-11-24 12:36:30,762 DEBUG o.h.o.i.factory [StandardIdentifierGeneratorFactory.java:170] Registering IdentifierGenerator strategy [assigned] -> [org.hibernate.id.Assigned]
2023-11-24 12:36:30,764 DEBUG o.h.o.i.factory [StandardIdentifierGeneratorFactory.java:170] Registering IdentifierGenerator strategy [identity] -> [org.hibernate.id.IdentityGenerator]
2023-11-24 12:36:30,765 DEBUG o.h.o.i.factory [StandardIdentifierGeneratorFactory.java:170] Registering IdentifierGenerator strategy [select] -> [org.hibernate.id.SelectGenerator]
2023-11-24 12:36:30,768 DEBUG o.h.o.i.factory [StandardIdentifierGeneratorFactory.java:170] Registering IdentifierGenerator strategy [sequence] -> [org.hibernate.id.enhanced.SequenceStyleGenerator]
2023-11-24 12:36:30,770 DEBUG o.h.o.i.factory [StandardIdentifierGeneratorFactory.java:170] Registering IdentifierGenerator strategy [increment] -> [org.hibernate.id.IncrementGenerator]
2023-11-24 12:36:30,772 DEBUG o.h.o.i.factory [StandardIdentifierGeneratorFactory.java:170] Registering IdentifierGenerator strategy [foreign] -> [org.hibernate.id.ForeignGenerator]
2023-11-24 12:36:30,773 DEBUG o.h.o.i.factory [StandardIdentifierGeneratorFactory.java:170] Registering IdentifierGenerator strategy [enhanced-sequence] -> [org.hibernate.id.enhanced.SequenceStyleGenerator]
2023-11-24 12:36:30,776 DEBUG o.h.o.i.factory [StandardIdentifierGeneratorFactory.java:170] Registering IdentifierGenerator strategy [enhanced-table] -> [org.hibernate.id.enhanced.TableGenerator]
2023-11-24 12:36:30,787 TRACE o.h.s.i.AbstractServiceRegistryImpl [AbstractServiceRegistryImpl.java:235] Initializing service [role=org.hibernate.engine.jdbc.connections.spi.MultiTenantConnectionProvider]
2023-11-24 12:36:30,788 TRACE o.h.s.i.AbstractServiceRegistryImpl [AbstractServiceRegistryImpl.java:235] Initializing service [role=org.hibernate.cache.spi.RegionFactory]
2023-11-24 12:36:30,790 DEBUG o.h.c.i.RegionFactoryInitiator [RegionFactoryInitiator.java:117] Cannot default RegionFactory based on registered strategies as `[]` RegionFactory strategies were registered
2023-11-24 12:36:30,792 DEBUG o.h.c.i.RegionFactoryInitiator [RegionFactoryInitiator.java:49] Cache region factory : org.hibernate.cache.internal.NoCachingRegionFactory
2023-11-24 12:36:30,993 DEBUG o.h.t.BasicTypeRegistry [BasicTypeRegistry.java:401] Adding type registration boolean -> org.hibernate.type.BasicTypeReference@796cffed
2023-11-24 12:36:30,993 DEBUG o.h.t.BasicTypeRegistry [BasicTypeRegistry.java:401] Adding type registration boolean -> org.hibernate.type.BasicTypeReference@796cffed
2023-11-24 12:36:30,994 DEBUG o.h.t.BasicTypeRegistry [BasicTypeRegistry.java:401] Adding type registration java.lang.Boolean -> org.hibernate.type.BasicTypeReference@796cffed
2023-11-24 12:36:30,994 DEBUG o.h.t.BasicTypeRegistry [BasicTypeRegistry.java:401] Adding type registration numeric_boolean -> org.hibernate.type.BasicTypeReference@55d0e131
2023-11-24 12:36:30,994 DEBUG o.h.t.BasicTypeRegistry [BasicTypeRegistry.java:401] Adding type registration org.hibernate.type.NumericBooleanConverter -> org.hibernate.type.BasicTypeReference@55d0e131
2023-11-24 12:36:30,995 DEBUG o.h.t.BasicTypeRegistry [BasicTypeRegistry.java:401] Adding type registration true_false -> org.hibernate.type.BasicTypeReference@7c26e570
2023-11-24 12:36:30,995 DEBUG o.h.t.BasicTypeRegistry [BasicTypeRegistry.java:401] Adding type registration org.hibernate.type.TrueFalseConverter -> org.hibernate.type.BasicTypeReference@7c26e570
2023-11-24 12:36:30,996 DEBUG o.h.t.BasicTypeRegistry [BasicTypeRegistry.java:401] Adding type registration yes_no -> org.hibernate.type.BasicTypeReference@2235ab04
2023-11-24 12:36:30,996 DEBUG o.h.t.BasicTypeRegistry [BasicTypeRegistry.java:401] Adding type registration org.hibernate.type.YesNoConverter -> org.hibernate.type.BasicTypeReference@2235ab04
2023-11-24 12:36:30,996 DEBUG o.h.t.BasicTypeRegistry [BasicTypeRegistry.java:401] Adding type registration byte -> org.hibernate.type.BasicTypeReference@3c38bb38
2023-11-24 12:36:30,997 DEBUG o.h.t.BasicTypeRegistry [BasicTypeRegistry.java:401] Adding type registration byte -> org.hibernate.type.BasicTypeReference@3c38bb38
2023-11-24 12:36:30,997 DEBUG o.h.t.BasicTypeRegistry [BasicTypeRegistry.java:401] Adding type registration java.lang.Byte -> org.hibernate.type.BasicTypeReference@3c38bb38
2023-11-24 12:36:30,998 DEBUG o.h.t.BasicTypeRegistry [BasicTypeRegistry.java:401] Adding type registration binary -> org.hibernate.type.BasicTypeReference@6e330ce7
2023-11-24 12:36:30,998 DEBUG o.h.t.BasicTypeRegistry [BasicTypeRegistry.java:401] Adding type registration byte[] -> org.hibernate.type.BasicTypeReference@6e330ce7
2023-11-24 12:36:30,998 DEBUG o.h.t.BasicTypeRegistry [BasicTypeRegistry.java:401] Adding type registration [B -> org.hibernate.type.BasicTypeReference@6e330ce7
2023-11-24 12:36:30,999 DEBUG o.h.t.BasicTypeRegistry [BasicTypeRegistry.java:401] Adding type registration binary_wrapper -> org.hibernate.type.BasicTypeReference@25757934
2023-11-24 12:36:30,999 DEBUG o.h.t.BasicTypeRegistry [BasicTypeRegistry.java:401] Adding type registration wrapper-binary -> org.hibernate.type.BasicTypeReference@25757934
2023-11-24 12:36:31,000 DEBUG o.h.t.BasicTypeRegistry [BasicTypeRegistry.java:401] Adding type registration image -> org.hibernate.type.BasicTypeReference@2a178b15
2023-11-24 12:36:31,000 DEBUG o.h.t.BasicTypeRegistry [BasicTypeRegistry.java:401] Adding type registration blob -> org.hibernate.type.BasicTypeReference@530f0414
2023-11-24 12:36:31,000 DEBUG o.h.t.BasicTypeRegistry [BasicTypeRegistry.java:401] Adding type registration java.sql.Blob -> org.hibernate.type.BasicTypeReference@530f0414
2023-11-24 12:36:31,001 DEBUG o.h.t.BasicTypeRegistry [BasicTypeRegistry.java:401] Adding type registration materialized_blob -> org.hibernate.type.BasicTypeReference@252d6ea6
2023-11-24 12:36:31,001 DEBUG o.h.t.BasicTypeRegistry [BasicTypeRegistry.java:401] Adding type registration materialized_blob_wrapper -> org.hibernate.type.BasicTypeReference@2b9f0fee
2023-11-24 12:36:31,002 DEBUG o.h.t.BasicTypeRegistry [BasicTypeRegistry.java:401] Adding type registration short -> org.hibernate.type.BasicTypeReference@3dc666ab
2023-11-24 12:36:31,002 DEBUG o.h.t.BasicTypeRegistry [BasicTypeRegistry.java:401] Adding type registration short -> org.hibernate.type.BasicTypeReference@3dc666ab
2023-11-24 12:36:31,002 DEBUG o.h.t.BasicTypeRegistry [BasicTypeRegistry.java:401] Adding type registration java.lang.Short -> org.hibernate.type.BasicTypeReference@3dc666ab
2023-11-24 12:36:31,003 DEBUG o.h.t.BasicTypeRegistry [BasicTypeRegistry.java:401] Adding type registration integer -> org.hibernate.type.BasicTypeReference@16c2eaa3
2023-11-24 12:36:31,003 DEBUG o.h.t.BasicTypeRegistry [BasicTypeRegistry.java:401] Adding type registration int -> org.hibernate.type.BasicTypeReference@16c2eaa3
2023-11-24 12:36:31,003 DEBUG o.h.t.BasicTypeRegistry [BasicTypeRegistry.java:401] Adding type registration java.lang.Integer -> org.hibernate.type.BasicTypeReference@16c2eaa3
2023-11-24 12:36:31,004 DEBUG o.h.t.BasicTypeRegistry [BasicTypeRegistry.java:401] Adding type registration long -> org.hibernate.type.BasicTypeReference@58d4ee83
2023-11-24 12:36:31,004 DEBUG o.h.t.BasicTypeRegistry [BasicTypeRegistry.java:401] Adding type registration long -> org.hibernate.type.BasicTypeReference@58d4ee83
2023-11-24 12:36:31,004 DEBUG o.h.t.BasicTypeRegistry [BasicTypeRegistry.java:401] Adding type registration java.lang.Long -> org.hibernate.type.BasicTypeReference@58d4ee83
2023-11-24 12:36:31,005 DEBUG o.h.t.BasicTypeRegistry [BasicTypeRegistry.java:401] Adding type registration float -> org.hibernate.type.BasicTypeReference@be77a08
2023-11-24 12:36:31,005 DEBUG o.h.t.BasicTypeRegistry [BasicTypeRegistry.java:401] Adding type registration float -> org.hibernate.type.BasicTypeReference@be77a08
2023-11-24 12:36:31,006 DEBUG o.h.t.BasicTypeRegistry [BasicTypeRegistry.java:401] Adding type registration java.lang.Float -> org.hibernate.type.BasicTypeReference@be77a08
2023-11-24 12:36:31,006 DEBUG o.h.t.BasicTypeRegistry [BasicTypeRegistry.java:401] Adding type registration double -> org.hibernate.type.BasicTypeReference@51aa6e1
2023-11-24 12:36:31,006 DEBUG o.h.t.BasicTypeRegistry [BasicTypeRegistry.java:401] Adding type registration double -> org.hibernate.type.BasicTypeReference@51aa6e1
2023-11-24 12:36:31,007 DEBUG o.h.t.BasicTypeRegistry [BasicTypeRegistry.java:401] Adding type registration java.lang.Double -> org.hibernate.type.BasicTypeReference@51aa6e1
2023-11-24 12:36:31,007 DEBUG o.h.t.BasicTypeRegistry [BasicTypeRegistry.java:401] Adding type registration big_integer -> org.hibernate.type.BasicTypeReference@48cd313
2023-11-24 12:36:31,007 DEBUG o.h.t.BasicTypeRegistry [BasicTypeRegistry.java:401] Adding type registration java.math.BigInteger -> org.hibernate.type.BasicTypeReference@48cd313
2023-11-24 12:36:31,008 DEBUG o.h.t.BasicTypeRegistry [BasicTypeRegistry.java:401] Adding type registration big_decimal -> org.hibernate.type.BasicTypeReference@7bd395f7
2023-11-24 12:36:31,008 DEBUG o.h.t.BasicTypeRegistry [BasicTypeRegistry.java:401] Adding type registration java.math.BigDecimal -> org.hibernate.type.BasicTypeReference@7bd395f7
2023-11-24 12:36:31,009 DEBUG o.h.t.BasicTypeRegistry [BasicTypeRegistry.java:401] Adding type registration character -> org.hibernate.type.BasicTypeReference@4b5497bf
2023-11-24 12:36:31,009 DEBUG o.h.t.BasicTypeRegistry [BasicTypeRegistry.java:401] Adding type registration char -> org.hibernate.type.BasicTypeReference@4b5497bf
2023-11-24 12:36:31,009 DEBUG o.h.t.BasicTypeRegistry [BasicTypeRegistry.java:401] Adding type registration java.lang.Character -> org.hibernate.type.BasicTypeReference@4b5497bf
2023-11-24 12:36:31,010 DEBUG o.h.t.BasicTypeRegistry [BasicTypeRegistry.java:401] Adding type registration character_nchar -> org.hibernate.type.BasicTypeReference@1b290d9a
2023-11-24 12:36:31,010 DEBUG o.h.t.BasicTypeRegistry [BasicTypeRegistry.java:401] Adding type registration string -> org.hibernate.type.BasicTypeReference@79df41a7
2023-11-24 12:36:31,010 DEBUG o.h.t.BasicTypeRegistry [BasicTypeRegistry.java:401] Adding type registration java.lang.String -> org.hibernate.type.BasicTypeReference@79df41a7
2023-11-24 12:36:31,011 DEBUG o.h.t.BasicTypeRegistry [BasicTypeRegistry.java:401] Adding type registration nstring -> org.hibernate.type.BasicTypeReference@1e441f46
2023-11-24 12:36:31,011 DEBUG o.h.t.BasicTypeRegistry [BasicTypeRegistry.java:401] Adding type registration characters -> org.hibernate.type.BasicTypeReference@71c28a5e
2023-11-24 12:36:31,012 DEBUG o.h.t.BasicTypeRegistry [BasicTypeRegistry.java:401] Adding type registration char[] -> org.hibernate.type.BasicTypeReference@71c28a5e
2023-11-24 12:36:31,012 DEBUG o.h.t.BasicTypeRegistry [BasicTypeRegistry.java:401] Adding type registration [C -> org.hibernate.type.BasicTypeReference@71c28a5e
2023-11-24 12:36:31,012 DEBUG o.h.t.BasicTypeRegistry [BasicTypeRegistry.java:401] Adding type registration wrapper-characters -> org.hibernate.type.BasicTypeReference@22540c21
2023-11-24 12:36:31,013 DEBUG o.h.t.BasicTypeRegistry [BasicTypeRegistry.java:401] Adding type registration text -> org.hibernate.type.BasicTypeReference@2105a3b5
2023-11-24 12:36:31,013 DEBUG o.h.t.BasicTypeRegistry [BasicTypeRegistry.java:401] Adding type registration ntext -> org.hibernate.type.BasicTypeReference@1f0526fc
2023-11-24 12:36:31,013 DEBUG o.h.t.BasicTypeRegistry [BasicTypeRegistry.java:401] Adding type registration clob -> org.hibernate.type.BasicTypeReference@7a70cf38
2023-11-24 12:36:31,014 DEBUG o.h.t.BasicTypeRegistry [BasicTypeRegistry.java:401] Adding type registration java.sql.Clob -> org.hibernate.type.BasicTypeReference@7a70cf38
2023-11-24 12:36:31,014 DEBUG o.h.t.BasicTypeRegistry [BasicTypeRegistry.java:401] Adding type registration nclob -> org.hibernate.type.BasicTypeReference@78c7e153
2023-11-24 12:36:31,015 DEBUG o.h.t.BasicTypeRegistry [BasicTypeRegistry.java:401] Adding type registration java.sql.NClob -> org.hibernate.type.BasicTypeReference@78c7e153
2023-11-24 12:36:31,015 DEBUG o.h.t.BasicTypeRegistry [BasicTypeRegistry.java:401] Adding type registration materialized_clob -> org.hibernate.type.BasicTypeReference@7453fdf5
2023-11-24 12:36:31,015 DEBUG o.h.t.BasicTypeRegistry [BasicTypeRegistry.java:401] Adding type registration materialized_clob_char_array -> org.hibernate.type.BasicTypeReference@42571745
2023-11-24 12:36:31,016 DEBUG o.h.t.BasicTypeRegistry [BasicTypeRegistry.java:401] Adding type registration materialized_clob_character_array -> org.hibernate.type.BasicTypeReference@3e220938
2023-11-24 12:36:31,016 DEBUG o.h.t.BasicTypeRegistry [BasicTypeRegistry.java:401] Adding type registration materialized_nclob -> org.hibernate.type.BasicTypeReference@79a8aad6
2023-11-24 12:36:31,016 DEBUG o.h.t.BasicTypeRegistry [BasicTypeRegistry.java:401] Adding type registration materialized_nclob_character_array -> org.hibernate.type.BasicTypeReference@127f5c43
2023-11-24 12:36:31,017 DEBUG o.h.t.BasicTypeRegistry [BasicTypeRegistry.java:401] Adding type registration materialized_nclob_char_array -> org.hibernate.type.BasicTypeReference@68e89c76
2023-11-24 12:36:31,017 DEBUG o.h.t.BasicTypeRegistry [BasicTypeRegistry.java:401] Adding type registration Duration -> org.hibernate.type.BasicTypeReference@462d239a
2023-11-24 12:36:31,017 DEBUG o.h.t.BasicTypeRegistry [BasicTypeRegistry.java:401] Adding type registration java.time.Duration -> org.hibernate.type.BasicTypeReference@462d239a
2023-11-24 12:36:31,018 DEBUG o.h.t.BasicTypeRegistry [BasicTypeRegistry.java:401] Adding type registration LocalDateTime -> org.hibernate.type.BasicTypeReference@7a6fcf93
2023-11-24 12:36:31,018 DEBUG o.h.t.BasicTypeRegistry [BasicTypeRegistry.java:401] Adding type registration java.time.LocalDateTime -> org.hibernate.type.BasicTypeReference@7a6fcf93
2023-11-24 12:36:31,018 DEBUG o.h.t.BasicTypeRegistry [BasicTypeRegistry.java:401] Adding type registration LocalDate -> org.hibernate.type.BasicTypeReference@129a09d9
2023-11-24 12:36:31,019 DEBUG o.h.t.BasicTypeRegistry [BasicTypeRegistry.java:401] Adding type registration java.time.LocalDate -> org.hibernate.type.BasicTypeReference@129a09d9
2023-11-24 12:36:31,019 DEBUG o.h.t.BasicTypeRegistry [BasicTypeRegistry.java:401] Adding type registration LocalTime -> org.hibernate.type.BasicTypeReference@3e3d3cd0
2023-11-24 12:36:31,019 DEBUG o.h.t.BasicTypeRegistry [BasicTypeRegistry.java:401] Adding type registration java.time.LocalTime -> org.hibernate.type.BasicTypeReference@3e3d3cd0
2023-11-24 12:36:31,020 DEBUG o.h.t.BasicTypeRegistry [BasicTypeRegistry.java:401] Adding type registration OffsetDateTime -> org.hibernate.type.BasicTypeReference@1123f97e
2023-11-24 12:36:31,020 DEBUG o.h.t.BasicTypeRegistry [BasicTypeRegistry.java:401] Adding type registration java.time.OffsetDateTime -> org.hibernate.type.BasicTypeReference@1123f97e
2023-11-24 12:36:31,020 DEBUG o.h.t.BasicTypeRegistry [BasicTypeRegistry.java:401] Adding type registration OffsetDateTimeWithTimezone -> org.hibernate.type.BasicTypeReference@15b4bf9e
2023-11-24 12:36:31,021 DEBUG o.h.t.BasicTypeRegistry [BasicTypeRegistry.java:401] Adding type registration OffsetDateTimeWithoutTimezone -> org.hibernate.type.BasicTypeReference@5722b830
2023-11-24 12:36:31,021 DEBUG o.h.t.BasicTypeRegistry [BasicTypeRegistry.java:401] Adding type registration OffsetTime -> org.hibernate.type.BasicTypeReference@2ec5b8
2023-11-24 12:36:31,022 DEBUG o.h.t.BasicTypeRegistry [BasicTypeRegistry.java:401] Adding type registration java.time.OffsetTime -> org.hibernate.type.BasicTypeReference@2ec5b8
2023-11-24 12:36:31,022 DEBUG o.h.t.BasicTypeRegistry [BasicTypeRegistry.java:401] Adding type registration OffsetTimeUtc -> org.hibernate.type.BasicTypeReference@ec824ca
2023-11-24 12:36:31,022 DEBUG o.h.t.BasicTypeRegistry [BasicTypeRegistry.java:401] Adding type registration OffsetTimeWithTimezone -> org.hibernate.type.BasicTypeReference@3eb022c2
2023-11-24 12:36:31,023 DEBUG o.h.t.BasicTypeRegistry [BasicTypeRegistry.java:401] Adding type registration OffsetTimeWithoutTimezone -> org.hibernate.type.BasicTypeReference@7c91fe1c
2023-11-24 12:36:31,023 DEBUG o.h.t.BasicTypeRegistry [BasicTypeRegistry.java:401] Adding type registration ZonedDateTime -> org.hibernate.type.BasicTypeReference@ae4e733
2023-11-24 12:36:31,023 DEBUG o.h.t.BasicTypeRegistry [BasicTypeRegistry.java:401] Adding type registration java.time.ZonedDateTime -> org.hibernate.type.BasicTypeReference@ae4e733
2023-11-24 12:36:31,024 DEBUG o.h.t.BasicTypeRegistry [BasicTypeRegistry.java:401] Adding type registration ZonedDateTimeWithTimezone -> org.hibernate.type.BasicTypeReference@45456cd1
2023-11-24 12:36:31,024 DEBUG o.h.t.BasicTypeRegistry [BasicTypeRegistry.java:401] Adding type registration ZonedDateTimeWithoutTimezone -> org.hibernate.type.BasicTypeReference@7a5ce089
2023-11-24 12:36:31,024 DEBUG o.h.t.BasicTypeRegistry [BasicTypeRegistry.java:401] Adding type registration date -> org.hibernate.type.BasicTypeReference@94e90c0
2023-11-24 12:36:31,025 DEBUG o.h.t.BasicTypeRegistry [BasicTypeRegistry.java:401] Adding type registration java.sql.Date -> org.hibernate.type.BasicTypeReference@94e90c0
2023-11-24 12:36:31,025 DEBUG o.h.t.BasicTypeRegistry [BasicTypeRegistry.java:401] Adding type registration time -> org.hibernate.type.BasicTypeReference@243e33a5
2023-11-24 12:36:31,025 DEBUG o.h.t.BasicTypeRegistry [BasicTypeRegistry.java:401] Adding type registration java.sql.Time -> org.hibernate.type.BasicTypeReference@243e33a5
2023-11-24 12:36:31,026 DEBUG o.h.t.BasicTypeRegistry [BasicTypeRegistry.java:401] Adding type registration timestamp -> org.hibernate.type.BasicTypeReference@4af3e017
2023-11-24 12:36:31,026 DEBUG o.h.t.BasicTypeRegistry [BasicTypeRegistry.java:401] Adding type registration java.sql.Timestamp -> org.hibernate.type.BasicTypeReference@4af3e017
2023-11-24 12:36:31,026 DEBUG o.h.t.BasicTypeRegistry [BasicTypeRegistry.java:401] Adding type registration java.util.Date -> org.hibernate.type.BasicTypeReference@4af3e017
2023-11-24 12:36:31,027 DEBUG o.h.t.BasicTypeRegistry [BasicTypeRegistry.java:401] Adding type registration calendar -> org.hibernate.type.BasicTypeReference@57361968
2023-11-24 12:36:31,027 DEBUG o.h.t.BasicTypeRegistry [BasicTypeRegistry.java:401] Adding type registration java.util.Calendar -> org.hibernate.type.BasicTypeReference@57361968
2023-11-24 12:36:31,028 DEBUG o.h.t.BasicTypeRegistry [BasicTypeRegistry.java:401] Adding type registration java.util.GregorianCalendar -> org.hibernate.type.BasicTypeReference@57361968
2023-11-24 12:36:31,028 DEBUG o.h.t.BasicTypeRegistry [BasicTypeRegistry.java:401] Adding type registration calendar_date -> org.hibernate.type.BasicTypeReference@2a835bde
2023-11-24 12:36:31,028 DEBUG o.h.t.BasicTypeRegistry [BasicTypeRegistry.java:401] Adding type registration calendar_time -> org.hibernate.type.BasicTypeReference@7f75f630
2023-11-24 12:36:31,029 DEBUG o.h.t.BasicTypeRegistry [BasicTypeRegistry.java:401] Adding type registration instant -> org.hibernate.type.BasicTypeReference@2a534291
2023-11-24 12:36:31,029 DEBUG o.h.t.BasicTypeRegistry [BasicTypeRegistry.java:401] Adding type registration java.time.Instant -> org.hibernate.type.BasicTypeReference@2a534291
2023-11-24 12:36:31,029 DEBUG o.h.t.BasicTypeRegistry [BasicTypeRegistry.java:401] Adding type registration uuid -> org.hibernate.type.BasicTypeReference@4dc9e3ea
2023-11-24 12:36:31,030 DEBUG o.h.t.BasicTypeRegistry [BasicTypeRegistry.java:401] Adding type registration java.util.UUID -> org.hibernate.type.BasicTypeReference@4dc9e3ea
2023-11-24 12:36:31,030 DEBUG o.h.t.BasicTypeRegistry [BasicTypeRegistry.java:401] Adding type registration pg-uuid -> org.hibernate.type.BasicTypeReference@4dc9e3ea
2023-11-24 12:36:31,030 DEBUG o.h.t.BasicTypeRegistry [BasicTypeRegistry.java:401] Adding type registration uuid-binary -> org.hibernate.type.BasicTypeReference@7d241c26
2023-11-24 12:36:31,031 DEBUG o.h.t.BasicTypeRegistry [BasicTypeRegistry.java:401] Adding type registration uuid-char -> org.hibernate.type.BasicTypeReference@2db0b1c4
2023-11-24 12:36:31,031 DEBUG o.h.t.BasicTypeRegistry [BasicTypeRegistry.java:401] Adding type registration class -> org.hibernate.type.BasicTypeReference@1d472929
2023-11-24 12:36:31,031 DEBUG o.h.t.BasicTypeRegistry [BasicTypeRegistry.java:401] Adding type registration java.lang.Class -> org.hibernate.type.BasicTypeReference@1d472929
2023-11-24 12:36:31,032 DEBUG o.h.t.BasicTypeRegistry [BasicTypeRegistry.java:401] Adding type registration currency -> org.hibernate.type.BasicTypeReference@1f934fd8
2023-11-24 12:36:31,032 DEBUG o.h.t.BasicTypeRegistry [BasicTypeRegistry.java:401] Adding type registration Currency -> org.hibernate.type.BasicTypeReference@1f934fd8
2023-11-24 12:36:31,032 DEBUG o.h.t.BasicTypeRegistry [BasicTypeRegistry.java:401] Adding type registration java.util.Currency -> org.hibernate.type.BasicTypeReference@1f934fd8
2023-11-24 12:36:31,033 DEBUG o.h.t.BasicTypeRegistry [BasicTypeRegistry.java:401] Adding type registration locale -> org.hibernate.type.BasicTypeReference@428ba520
2023-11-24 12:36:31,033 DEBUG o.h.t.BasicTypeRegistry [BasicTypeRegistry.java:401] Adding type registration java.util.Locale -> org.hibernate.type.BasicTypeReference@428ba520
2023-11-24 12:36:31,033 DEBUG o.h.t.BasicTypeRegistry [BasicTypeRegistry.java:401] Adding type registration serializable -> org.hibernate.type.BasicTypeReference@6a9d1224
2023-11-24 12:36:31,034 DEBUG o.h.t.BasicTypeRegistry [BasicTypeRegistry.java:401] Adding type registration java.io.Serializable -> org.hibernate.type.BasicTypeReference@6a9d1224
2023-11-24 12:36:31,034 DEBUG o.h.t.BasicTypeRegistry [BasicTypeRegistry.java:401] Adding type registration timezone -> org.hibernate.type.BasicTypeReference@4eb7603f
2023-11-24 12:36:31,034 DEBUG o.h.t.BasicTypeRegistry [BasicTypeRegistry.java:401] Adding type registration java.util.TimeZone -> org.hibernate.type.BasicTypeReference@4eb7603f
2023-11-24 12:36:31,035 DEBUG o.h.t.BasicTypeRegistry [BasicTypeRegistry.java:401] Adding type registration ZoneOffset -> org.hibernate.type.BasicTypeReference@4bdf1bbe
2023-11-24 12:36:31,035 DEBUG o.h.t.BasicTypeRegistry [BasicTypeRegistry.java:401] Adding type registration java.time.ZoneOffset -> org.hibernate.type.BasicTypeReference@4bdf1bbe
2023-11-24 12:36:31,035 DEBUG o.h.t.BasicTypeRegistry [BasicTypeRegistry.java:401] Adding type registration url -> org.hibernate.type.BasicTypeReference@54e21540
2023-11-24 12:36:31,036 DEBUG o.h.t.BasicTypeRegistry [BasicTypeRegistry.java:401] Adding type registration java.net.URL -> org.hibernate.type.BasicTypeReference@54e21540
2023-11-24 12:36:31,036 DEBUG o.h.t.BasicTypeRegistry [BasicTypeRegistry.java:401] Adding type registration row_version -> org.hibernate.type.BasicTypeReference@56ec31ca
2023-11-24 12:36:31,044 DEBUG o.h.t.BasicTypeRegistry [BasicTypeRegistry.java:376] Adding type registration object -> org.hibernate.type.JavaObjectType@65bbf773
2023-11-24 12:36:31,044 DEBUG o.h.t.BasicTypeRegistry [BasicTypeRegistry.java:376] Adding type registration java.lang.Object -> org.hibernate.type.JavaObjectType@65bbf773
2023-11-24 12:36:31,046 DEBUG o.h.t.BasicTypeRegistry [BasicTypeRegistry.java:376] Adding type registration null -> org.hibernate.type.NullType@3a77f91a
2023-11-24 12:36:31,047 DEBUG o.h.t.BasicTypeRegistry [BasicTypeRegistry.java:401] Adding type registration imm_date -> org.hibernate.type.BasicTypeReference@58c41a2e
2023-11-24 12:36:31,047 DEBUG o.h.t.BasicTypeRegistry [BasicTypeRegistry.java:401] Adding type registration imm_time -> org.hibernate.type.BasicTypeReference@5f753365
2023-11-24 12:36:31,047 DEBUG o.h.t.BasicTypeRegistry [BasicTypeRegistry.java:401] Adding type registration imm_timestamp -> org.hibernate.type.BasicTypeReference@6c77a801
2023-11-24 12:36:31,047 DEBUG o.h.t.BasicTypeRegistry [BasicTypeRegistry.java:401] Adding type registration imm_calendar -> org.hibernate.type.BasicTypeReference@694d33bc
2023-11-24 12:36:31,048 DEBUG o.h.t.BasicTypeRegistry [BasicTypeRegistry.java:401] Adding type registration imm_calendar_date -> org.hibernate.type.BasicTypeReference@112051d1
2023-11-24 12:36:31,048 DEBUG o.h.t.BasicTypeRegistry [BasicTypeRegistry.java:401] Adding type registration imm_calendar_time -> org.hibernate.type.BasicTypeReference@67b8b68b
2023-11-24 12:36:31,048 DEBUG o.h.t.BasicTypeRegistry [BasicTypeRegistry.java:401] Adding type registration imm_binary -> org.hibernate.type.BasicTypeReference@365e3ddd
2023-11-24 12:36:31,048 DEBUG o.h.t.BasicTypeRegistry [BasicTypeRegistry.java:401] Adding type registration imm_serializable -> org.hibernate.type.BasicTypeReference@360e3879
2023-11-24 12:36:31,052 TRACE o.h.q.s.f.SqmFunctionRegistry [SqmFunctionRegistry.java:43] SqmFunctionRegistry created
2023-11-24 12:36:31,054 TRACE o.h.s.i.AbstractServiceRegistryImpl [AbstractServiceRegistryImpl.java:235] Initializing service [role=org.hibernate.boot.cfgxml.spi.CfgXmlAccessService]
2023-11-24 12:36:31,057 DEBUG o.h.b.i.BootstrapContextImpl [BootstrapContextImpl.java:291] Injecting JPA temp ClassLoader [org.springframework.instrument.classloading.SimpleThrowawayClassLoader@7cb97db0] into BootstrapContext; was [null]
2023-11-24 12:36:31,057 DEBUG o.h.b.i.ClassLoaderAccessImpl [ClassLoaderAccessImpl.java:45] ClassLoaderAccessImpl#injectTempClassLoader(org.springframework.instrument.classloading.SimpleThrowawayClassLoader@7cb97db0) [was null]
2023-11-24 12:36:31,058 DEBUG o.h.b.i.BootstrapContextImpl [BootstrapContextImpl.java:301] Injecting ScanEnvironment [org.hibernate.jpa.boot.internal.StandardJpaScanEnvironmentImpl@46bed5b4] into BootstrapContext; was [null]
2023-11-24 12:36:31,058 DEBUG o.h.b.i.BootstrapContextImpl [BootstrapContextImpl.java:296] Injecting ScanOptions [org.hibernate.boot.archive.scan.internal.StandardScanOptions@53a858b0] into BootstrapContext; was [org.hibernate.boot.archive.scan.internal.StandardScanOptions@4a29ed43]
2023-11-24 12:36:31,092 DEBUG o.h.b.i.BytecodeProviderInitiator [BytecodeProviderInitiator.java:53] HHH000021: Bytecode provider name : bytebuddy
2023-11-24 12:36:31,113 DEBUG o.h.b.i.BootstrapContextImpl [BootstrapContextImpl.java:291] Injecting JPA temp ClassLoader [null] into BootstrapContext; was [org.springframework.instrument.classloading.SimpleThrowawayClassLoader@7cb97db0]
2023-11-24 12:36:31,113 DEBUG o.h.b.i.ClassLoaderAccessImpl [ClassLoaderAccessImpl.java:45] ClassLoaderAccessImpl#injectTempClassLoader(null) [was org.springframework.instrument.classloading.SimpleThrowawayClassLoader@7cb97db0]
2023-11-24 12:36:31,140 TRACE o.h.s.i.AbstractServiceRegistryImpl [AbstractServiceRegistryImpl.java:235] Initializing service [role=org.hibernate.engine.jdbc.env.spi.JdbcEnvironment]
2023-11-24 12:36:31,141 TRACE o.h.s.i.AbstractServiceRegistryImpl [AbstractServiceRegistryImpl.java:235] Initializing service [role=org.hibernate.engine.jdbc.dialect.spi.DialectFactory]
2023-11-24 12:36:31,143 TRACE o.h.s.i.AbstractServiceRegistryImpl [AbstractServiceRegistryImpl.java:235] Initializing service [role=org.hibernate.engine.jdbc.dialect.spi.DialectResolver]
2023-11-24 12:36:31,149 TRACE o.h.s.i.AbstractServiceRegistryImpl [AbstractServiceRegistryImpl.java:235] Initializing service [role=org.hibernate.engine.jdbc.connections.spi.MultiTenantConnectionProvider]
2023-11-24 12:36:31,149 TRACE o.h.s.i.AbstractServiceRegistryImpl [AbstractServiceRegistryImpl.java:235] Initializing service [role=org.hibernate.engine.jdbc.connections.spi.ConnectionProvider]
2023-11-24 12:36:31,150 TRACE o.h.s.i.AbstractServiceRegistryImpl [AbstractServiceRegistryImpl.java:235] Initializing service [role=org.hibernate.engine.jdbc.connections.spi.MultiTenantConnectionProvider]
2023-11-24 12:36:31,152 TRACE o.h.s.i.AbstractServiceRegistryImpl [AbstractServiceRegistryImpl.java:235] Initializing service [role=org.hibernate.engine.jndi.spi.JndiService]
2023-11-24 12:36:31,159 TRACE o.h.s.i.AbstractServiceRegistryImpl [AbstractServiceRegistryImpl.java:235] Initializing service [role=org.hibernate.resource.transaction.spi.TransactionCoordinatorBuilder]
2023-11-24 12:36:31,184 DEBUG o.h.e.j.e.i.JdbcEnvironmentInitiator [JdbcEnvironmentInitiator.java:286] Database ->
       name : MySQL
    version : 5.5.5-10.11.3-MariaDB-1
      major : 5
      minor : 5
2023-11-24 12:36:31,185 DEBUG o.h.e.j.e.i.JdbcEnvironmentInitiator [JdbcEnvironmentInitiator.java:297] Driver ->
       name : MySQL Connector/J
    version : mysql-connector-java-8.0.19 (Revision: a0ca826f5cdf51a98356fdfb1bf251eb042f80bf)
      major : 8
      minor : 0
2023-11-24 12:36:31,185 DEBUG o.h.e.j.e.i.JdbcEnvironmentInitiator [DelegatingBasicLogger.java:388] JDBC version : 4.2
2023-11-24 12:36:31,309 WARN o.h.d.Dialect [Dialect.java:351] HHH000511: The 5.5.0 version for [org.hibernate.dialect.MySQLDialect] is no longer supported, hence certain features may not work properly. The minimum supported version is 5.7.0. Check the community dialects project for available legacy versions.
2023-11-24 12:36:31,317 DEBUG o.h.o.dialect [DialectFactoryImpl.java:93] HHH035001: Using dialect: org.hibernate.dialect.MySQLDialect, version: 5.5
2023-11-24 12:36:31,330 DEBUG o.h.e.j.e.s.IdentifierHelperBuilder [IdentifierHelperBuilder.java:121] JDBC driver metadata reported database stores quoted identifiers in more than one case
2023-11-24 12:36:31,331 DEBUG o.h.e.j.e.s.IdentifierHelperBuilder [IdentifierHelperBuilder.java:210] IdentifierCaseStrategy for both quoted and unquoted identifiers was set to the same strategy [MIXED]; that will likely lead to problems in schema update and validation if using quoted identifiers
2023-11-24 12:36:31,340 TRACE o.h.e.j.e.i.NormalizingIdentifierHelperImpl [NormalizingIdentifierHelperImpl.java:62] Normalizing identifier quoting [cerepro_test]
2023-11-24 12:36:31,340 TRACE o.h.e.j.e.i.NormalizingIdentifierHelperImpl [NormalizingIdentifierHelperImpl.java:62] Normalizing identifier quoting [null]
2023-11-24 12:36:31,349 TRACE o.h.s.i.AbstractServiceRegistryImpl [AbstractServiceRegistryImpl.java:235] Initializing service [role=org.hibernate.engine.jdbc.spi.JdbcServices]
2023-11-24 12:36:31,350 TRACE o.h.s.i.AbstractServiceRegistryImpl [AbstractServiceRegistryImpl.java:235] Initializing service [role=org.hibernate.engine.jdbc.spi.SqlStatementLogger]
2023-11-24 12:36:31,351 TRACE o.h.s.i.AbstractServiceRegistryImpl [AbstractServiceRegistryImpl.java:235] Initializing service [role=org.hibernate.sql.ast.spi.ParameterMarkerStrategy]
2023-11-24 12:36:31,362 DEBUG o.h.t.d.s.s.DdlTypeRegistry [DdlTypeRegistry.java:63] addDescriptor(12, org.hibernate.type.descriptor.sql.internal.CapacityDependentDdlType@4d9831e4) replaced previous registration(org.hibernate.type.descriptor.sql.internal.CapacityDependentDdlType@57ae95ca)
2023-11-24 12:36:31,363 DEBUG o.h.t.d.s.s.DdlTypeRegistry [DdlTypeRegistry.java:63] addDescriptor(-9, org.hibernate.type.descriptor.sql.internal.CapacityDependentDdlType@58d45584) replaced previous registration(org.hibernate.type.descriptor.sql.internal.CapacityDependentDdlType@4e786948)
2023-11-24 12:36:31,363 DEBUG o.h.t.d.s.s.DdlTypeRegistry [DdlTypeRegistry.java:63] addDescriptor(-3, org.hibernate.type.descriptor.sql.internal.CapacityDependentDdlType@42e36672) replaced previous registration(org.hibernate.type.descriptor.sql.internal.CapacityDependentDdlType@6140bb21)
2023-11-24 12:36:31,364 DEBUG o.h.t.d.s.s.DdlTypeRegistry [DdlTypeRegistry.java:63] addDescriptor(4003, org.hibernate.type.descriptor.sql.internal.DdlTypeImpl@1b42baf8) replaced previous registration(org.hibernate.type.descriptor.sql.internal.DdlTypeImpl@16fda2f1)
2023-11-24 12:36:31,364 DEBUG o.h.t.d.s.s.DdlTypeRegistry [DdlTypeRegistry.java:63] addDescriptor(4001, org.hibernate.type.descriptor.sql.internal.DdlTypeImpl@4ff496aa) replaced previous registration(org.hibernate.type.descriptor.sql.internal.DdlTypeImpl@2b09b5c6)
2023-11-24 12:36:31,364 DEBUG o.h.t.d.s.s.DdlTypeRegistry [DdlTypeRegistry.java:63] addDescriptor(4002, org.hibernate.type.descriptor.sql.internal.DdlTypeImpl@25925f25) replaced previous registration(org.hibernate.type.descriptor.sql.internal.DdlTypeImpl@5e039b4c)
2023-11-24 12:36:31,365 DEBUG o.h.t.d.s.s.DdlTypeRegistry [DdlTypeRegistry.java:63] addDescriptor(2004, org.hibernate.type.descriptor.sql.internal.CapacityDependentDdlType@35a917e0) replaced previous registration(org.hibernate.type.descriptor.sql.internal.DdlTypeImpl@53682316)
2023-11-24 12:36:31,365 DEBUG o.h.t.d.s.s.DdlTypeRegistry [DdlTypeRegistry.java:63] addDescriptor(2005, org.hibernate.type.descriptor.sql.internal.CapacityDependentDdlType@64b42529) replaced previous registration(org.hibernate.type.descriptor.sql.internal.DdlTypeImpl@262f0b08)
2023-11-24 12:36:31,365 DEBUG o.h.t.d.s.s.DdlTypeRegistry [DdlTypeRegistry.java:63] addDescriptor(2011, org.hibernate.type.descriptor.sql.internal.CapacityDependentDdlType@5bc40e3a) replaced previous registration(org.hibernate.type.descriptor.sql.internal.DdlTypeImpl@4926f6c7)
2023-11-24 12:36:31,368 DEBUG o.h.t.d.j.s.JdbcTypeRegistry [JdbcTypeRegistry.java:56] addDescriptor(NCharTypeDescriptor) replaced previous registration(CharTypeDescriptor)
2023-11-24 12:36:31,369 DEBUG o.h.t.d.j.s.JdbcTypeRegistry [JdbcTypeRegistry.java:56] addDescriptor(NVarcharTypeDescriptor) replaced previous registration(VarcharTypeDescriptor)
2023-11-24 12:36:31,370 DEBUG o.h.t.d.j.s.JdbcTypeRegistry [JdbcTypeRegistry.java:56] addDescriptor(LongNVarcharTypeDescriptor) replaced previous registration(LongVarcharTypeDescriptor)
2023-11-24 12:36:31,376 DEBUG o.h.t.d.j.s.JdbcTypeRegistry [JdbcTypeRegistry.java:56] addDescriptor(NClobTypeDescriptor(DEFAULT)) replaced previous registration(ClobTypeDescriptor(DEFAULT))
2023-11-24 12:36:31,376 DEBUG o.h.t.d.j.s.JdbcTypeRegistry [JdbcTypeRegistry.java:64] addDescriptor(2005, ClobTypeDescriptor(STREAM_BINDING)) replaced previous registration(ClobTypeDescriptor(DEFAULT))
2023-11-24 12:36:31,382 DEBUG o.h.t.BasicTypeRegistry [BasicTypeRegistry.java:376] Adding type registration null -> org.hibernate.type.NullType@58e5f5f7
2023-11-24 12:36:31,383 DEBUG o.h.t.BasicTypeRegistry [BasicTypeRegistry.java:380] Type registration key [null] overrode previous entry : `org.hibernate.type.NullType@3a77f91a`
2023-11-24 12:36:31,391 DEBUG o.h.t.BasicTypeRegistry [BasicTypeRegistry.java:376] Adding type registration Duration -> basicType@1(java.time.Duration,2)
2023-11-24 12:36:31,391 DEBUG o.h.t.BasicTypeRegistry [BasicTypeRegistry.java:376] Adding type registration java.time.Duration -> basicType@1(java.time.Duration,2)
2023-11-24 12:36:31,400 DEBUG o.h.t.BasicTypeRegistry [BasicTypeRegistry.java:376] Adding type registration org.hibernate.type.OffsetDateTimeType -> basicType@2(java.time.OffsetDateTime,3003)
2023-11-24 12:36:31,401 DEBUG o.h.t.BasicTypeRegistry [BasicTypeRegistry.java:376] Adding type registration OffsetDateTime -> basicType@2(java.time.OffsetDateTime,3003)
2023-11-24 12:36:31,401 DEBUG o.h.t.BasicTypeRegistry [BasicTypeRegistry.java:376] Adding type registration java.time.OffsetDateTime -> basicType@2(java.time.OffsetDateTime,3003)
2023-11-24 12:36:31,401 DEBUG o.h.t.BasicTypeRegistry [BasicTypeRegistry.java:376] Adding type registration org.hibernate.type.ZonedDateTimeType -> basicType@3(java.time.ZonedDateTime,3003)
2023-11-24 12:36:31,402 DEBUG o.h.t.BasicTypeRegistry [BasicTypeRegistry.java:376] Adding type registration ZonedDateTime -> basicType@3(java.time.ZonedDateTime,3003)
2023-11-24 12:36:31,402 DEBUG o.h.t.BasicTypeRegistry [BasicTypeRegistry.java:376] Adding type registration java.time.ZonedDateTime -> basicType@3(java.time.ZonedDateTime,3003)
2023-11-24 12:36:31,404 DEBUG o.h.t.BasicTypeRegistry [BasicTypeRegistry.java:376] Adding type registration org.hibernate.type.OffsetTimeType -> basicType@4(java.time.OffsetTime,3007)
2023-11-24 12:36:31,404 DEBUG o.h.t.BasicTypeRegistry [BasicTypeRegistry.java:376] Adding type registration OffsetTime -> basicType@4(java.time.OffsetTime,3007)
2023-11-24 12:36:31,404 DEBUG o.h.t.BasicTypeRegistry [BasicTypeRegistry.java:376] Adding type registration java.time.OffsetTime -> basicType@4(java.time.OffsetTime,3007)
2023-11-24 12:36:31,407 DEBUG o.h.t.s.TypeConfiguration$Scope [TypeConfiguration.java:191] Scoping TypeConfiguration [org.hibernate.type.spi.TypeConfiguration@1edd9e09] to MetadataBuildingContext [org.hibernate.boot.internal.MetadataBuildingContextRootImpl@5038e82d]
2023-11-24 12:36:31,489 DEBUG o.h.b.m.r.Namespace [Namespace.java:64] Created database namespace [logicalName=Name{catalog=null, schema=null}, physicalName=Name{catalog=null, schema=null}]
2023-11-24 12:36:31,544 DEBUG o.h.b.m.i.EntityBinder [EntityBinder.java:206] Binding entity from annotated class: franco.maurizio.hr.desk.com.persistence.entity.Survey
2023-11-24 12:36:31,559 DEBUG o.h.b.m.i.EntityBinder [EntityBinder.java:1224] Import with entity name Survey
2023-11-24 12:36:31,559 TRACE o.h.b.i.InFlightMetadataCollectorImpl [InFlightMetadataCollectorImpl.java:878] Import: Survey -> franco.maurizio.hr.desk.com.persistence.entity.Survey
2023-11-24 12:36:31,560 TRACE o.h.b.i.InFlightMetadataCollectorImpl [InFlightMetadataCollectorImpl.java:878] Import: franco.maurizio.hr.desk.com.persistence.entity.Survey -> franco.maurizio.hr.desk.com.persistence.entity.Survey
2023-11-24 12:36:31,566 TRACE o.h.e.j.e.i.NormalizingIdentifierHelperImpl [NormalizingIdentifierHelperImpl.java:62] Normalizing identifier quoting [surveys]
2023-11-24 12:36:31,566 TRACE o.h.e.j.e.i.NormalizingIdentifierHelperImpl [NormalizingIdentifierHelperImpl.java:62] Normalizing identifier quoting [surveys]
2023-11-24 12:36:31,573 DEBUG o.h.b.m.i.EntityBinder [EntityBinder.java:1769] Bind entity franco.maurizio.hr.desk.com.persistence.entity.Survey on table surveys
2023-11-24 12:36:31,600 TRACE o.h.e.j.e.i.NormalizingIdentifierHelperImpl [NormalizingIdentifierHelperImpl.java:62] Normalizing identifier quoting [DTYPE]
2023-11-24 12:36:31,601 DEBUG o.h.b.m.i.AnnotatedColumn [AnnotatedColumn.java:249] Binding column: AnnotatedDiscriminatorColumn(column='DTYPE')
2023-11-24 12:36:31,630 TRACE o.h.b.m.i.PropertyBinder [PropertyBinder.java:695] Processing annotations of franco.maurizio.hr.desk.com.persistence.entity.Survey.id
2023-11-24 12:36:31,634 TRACE o.h.e.j.e.i.NormalizingIdentifierHelperImpl [NormalizingIdentifierHelperImpl.java:62] Normalizing identifier quoting [id]
2023-11-24 12:36:31,636 TRACE o.h.e.j.e.i.NormalizingIdentifierHelperImpl [NormalizingIdentifierHelperImpl.java:62] Normalizing identifier quoting [id]
2023-11-24 12:36:31,636 DEBUG o.h.b.m.i.AnnotatedColumn [AnnotatedColumn.java:249] Binding column: AnnotatedColumn(column='id')
2023-11-24 12:36:31,639 DEBUG o.h.b.i.ClassLoaderAccessImpl [ClassLoaderAccessImpl.java:60] Not known whether passed class name [franco.maurizio.hr.desk.com.persistence.entity.Survey] is safe
2023-11-24 12:36:31,639 DEBUG o.h.b.i.ClassLoaderAccessImpl [ClassLoaderAccessImpl.java:62] No temp ClassLoader provided; using live ClassLoader for loading potentially unsafe class : franco.maurizio.hr.desk.com.persistence.entity.Survey
2023-11-24 12:36:31,647 DEBUG o.h.b.m.i.PropertyBinder [PropertyBinder.java:251] MetadataSourceProcessor property id with lazy=false
2023-11-24 12:36:31,659 DEBUG o.h.b.m.i.AbstractPropertyHolder [AbstractPropertyHolder.java:107] Attempting to locate auto-apply AttributeConverter for property [franco.maurizio.hr.desk.com.persistence.entity.Survey:id]
2023-11-24 12:36:31,667 DEBUG o.h.b.m.i.BasicValueBinder [BasicValueBinder.java:1196] building BasicValue for id
2023-11-24 12:36:31,672 DEBUG o.h.m.BasicValue [BasicValue.java:259] Skipping column re-registration: surveys.id
2023-11-24 12:36:31,673 TRACE o.h.e.j.e.i.NormalizingIdentifierHelperImpl [NormalizingIdentifierHelperImpl.java:62] Normalizing identifier quoting [id]
2023-11-24 12:36:31,675 DEBUG o.h.b.m.i.PropertyBinder [PropertyBinder.java:391] Building property id
2023-11-24 12:36:31,677 TRACE o.h.b.m.i.PropertyBinder [PropertyBinder.java:407] Cascading id with null
2023-11-24 12:36:31,680 DEBUG o.h.b.m.i.BinderHelper [GeneratorBinder.java:73] #makeIdGenerator(BasicValue([Column(id)]), id, identity, , ...)
2023-11-24 12:36:31,682 TRACE o.h.b.m.i.PropertyBinder [PropertyBinder.java:1327] Bind @Id on id
2023-11-24 12:36:31,682 TRACE o.h.b.m.i.PropertyBinder [PropertyBinder.java:695] Processing annotations of franco.maurizio.hr.desk.com.persistence.entity.Survey.description
2023-11-24 12:36:31,683 TRACE o.h.e.j.e.i.NormalizingIdentifierHelperImpl [NormalizingIdentifierHelperImpl.java:62] Normalizing identifier quoting [description]
2023-11-24 12:36:31,685 TRACE o.h.e.j.e.i.NormalizingIdentifierHelperImpl [NormalizingIdentifierHelperImpl.java:62] Normalizing identifier quoting [description]
2023-11-24 12:36:31,685 DEBUG o.h.b.m.i.AnnotatedColumn [AnnotatedColumn.java:249] Binding column: AnnotatedColumn(column='description')
2023-11-24 12:36:31,686 DEBUG o.h.b.m.i.PropertyBinder [PropertyBinder.java:251] MetadataSourceProcessor property description with lazy=false
2023-11-24 12:36:31,686 DEBUG o.h.b.m.i.AbstractPropertyHolder [AbstractPropertyHolder.java:107] Attempting to locate auto-apply AttributeConverter for property [franco.maurizio.hr.desk.com.persistence.entity.Survey:description]
2023-11-24 12:36:31,686 DEBUG o.h.b.m.i.BasicValueBinder [BasicValueBinder.java:1196] building BasicValue for description
2023-11-24 12:36:31,687 DEBUG o.h.m.BasicValue [BasicValue.java:259] Skipping column re-registration: surveys.description
2023-11-24 12:36:31,687 TRACE o.h.e.j.e.i.NormalizingIdentifierHelperImpl [NormalizingIdentifierHelperImpl.java:62] Normalizing identifier quoting [description]
2023-11-24 12:36:31,687 DEBUG o.h.b.m.i.PropertyBinder [PropertyBinder.java:391] Building property description
2023-11-24 12:36:31,688 TRACE o.h.b.m.i.PropertyBinder [PropertyBinder.java:407] Cascading description with null
2023-11-24 12:36:31,688 TRACE o.h.b.m.i.PropertyBinder [PropertyBinder.java:695] Processing annotations of franco.maurizio.hr.desk.com.persistence.entity.Survey.label
2023-11-24 12:36:31,689 TRACE o.h.e.j.e.i.NormalizingIdentifierHelperImpl [NormalizingIdentifierHelperImpl.java:62] Normalizing identifier quoting [label]
2023-11-24 12:36:31,690 TRACE o.h.e.j.e.i.NormalizingIdentifierHelperImpl [NormalizingIdentifierHelperImpl.java:62] Normalizing identifier quoting [label]
2023-11-24 12:36:31,691 DEBUG o.h.b.m.i.AnnotatedColumn [AnnotatedColumn.java:249] Binding column: AnnotatedColumn(column='label')
2023-11-24 12:36:31,692 DEBUG o.h.b.m.i.PropertyBinder [PropertyBinder.java:251] MetadataSourceProcessor property label with lazy=false
2023-11-24 12:36:31,692 DEBUG o.h.b.m.i.AbstractPropertyHolder [AbstractPropertyHolder.java:107] Attempting to locate auto-apply AttributeConverter for property [franco.maurizio.hr.desk.com.persistence.entity.Survey:label]
2023-11-24 12:36:31,692 DEBUG o.h.b.m.i.BasicValueBinder [BasicValueBinder.java:1196] building BasicValue for label
2023-11-24 12:36:31,693 DEBUG o.h.m.BasicValue [BasicValue.java:259] Skipping column re-registration: surveys.label
2023-11-24 12:36:31,693 TRACE o.h.e.j.e.i.NormalizingIdentifierHelperImpl [NormalizingIdentifierHelperImpl.java:62] Normalizing identifier quoting [label]
2023-11-24 12:36:31,693 DEBUG o.h.b.m.i.PropertyBinder [PropertyBinder.java:391] Building property label
2023-11-24 12:36:31,694 TRACE o.h.b.m.i.PropertyBinder [PropertyBinder.java:407] Cascading label with null
2023-11-24 12:36:31,694 TRACE o.h.b.m.i.PropertyBinder [PropertyBinder.java:695] Processing annotations of franco.maurizio.hr.desk.com.persistence.entity.Survey.time
2023-11-24 12:36:31,694 TRACE o.h.e.j.e.i.NormalizingIdentifierHelperImpl [NormalizingIdentifierHelperImpl.java:62] Normalizing identifier quoting [time]
2023-11-24 12:36:31,695 TRACE o.h.e.j.e.i.NormalizingIdentifierHelperImpl [NormalizingIdentifierHelperImpl.java:62] Normalizing identifier quoting [time]
2023-11-24 12:36:31,695 DEBUG o.h.b.m.i.AnnotatedColumn [AnnotatedColumn.java:249] Binding column: AnnotatedColumn(column='time')
2023-11-24 12:36:31,696 DEBUG o.h.b.m.i.PropertyBinder [PropertyBinder.java:251] MetadataSourceProcessor property time with lazy=false
2023-11-24 12:36:31,696 DEBUG o.h.b.m.i.AbstractPropertyHolder [AbstractPropertyHolder.java:107] Attempting to locate auto-apply AttributeConverter for property [franco.maurizio.hr.desk.com.persistence.entity.Survey:time]
2023-11-24 12:36:31,696 DEBUG o.h.b.m.i.BasicValueBinder [BasicValueBinder.java:1196] building BasicValue for time
2023-11-24 12:36:31,697 DEBUG o.h.m.BasicValue [BasicValue.java:259] Skipping column re-registration: surveys.time
2023-11-24 12:36:31,697 TRACE o.h.e.j.e.i.NormalizingIdentifierHelperImpl [NormalizingIdentifierHelperImpl.java:62] Normalizing identifier quoting [time]
2023-11-24 12:36:31,697 DEBUG o.h.b.m.i.PropertyBinder [PropertyBinder.java:391] Building property time
2023-11-24 12:36:31,697 TRACE o.h.b.m.i.PropertyBinder [PropertyBinder.java:407] Cascading time with null
2023-11-24 12:36:31,706 DEBUG o.h.b.m.i.EntityBinder [EntityBinder.java:206] Binding entity from annotated class: franco.maurizio.hr.desk.com.persistence.entity.CandidateSurveyToken
2023-11-24 12:36:31,707 DEBUG o.h.b.m.i.EntityBinder [EntityBinder.java:1224] Import with entity name CandidateSurveyToken
2023-11-24 12:36:31,707 TRACE o.h.b.i.InFlightMetadataCollectorImpl [InFlightMetadataCollectorImpl.java:878] Import: CandidateSurveyToken -> franco.maurizio.hr.desk.com.persistence.entity.CandidateSurveyToken
2023-11-24 12:36:31,708 TRACE o.h.b.i.InFlightMetadataCollectorImpl [InFlightMetadataCollectorImpl.java:878] Import: franco.maurizio.hr.desk.com.persistence.entity.CandidateSurveyToken -> franco.maurizio.hr.desk.com.persistence.entity.CandidateSurveyToken
2023-11-24 12:36:31,708 TRACE o.h.e.j.e.i.NormalizingIdentifierHelperImpl [NormalizingIdentifierHelperImpl.java:62] Normalizing identifier quoting [candidatesurveytokens]
2023-11-24 12:36:31,708 TRACE o.h.e.j.e.i.NormalizingIdentifierHelperImpl [NormalizingIdentifierHelperImpl.java:62] Normalizing identifier quoting [candidatesurveytokens]
2023-11-24 12:36:31,709 DEBUG o.h.b.m.i.EntityBinder [EntityBinder.java:1769] Bind entity franco.maurizio.hr.desk.com.persistence.entity.CandidateSurveyToken on table candidatesurveytokens
2023-11-24 12:36:31,709 TRACE o.h.e.j.e.i.NormalizingIdentifierHelperImpl [NormalizingIdentifierHelperImpl.java:62] Normalizing identifier quoting [DTYPE]
2023-11-24 12:36:31,710 DEBUG o.h.b.m.i.AnnotatedColumn [AnnotatedColumn.java:249] Binding column: AnnotatedDiscriminatorColumn(column='DTYPE')
2023-11-24 12:36:31,712 TRACE o.h.b.m.i.PropertyBinder [PropertyBinder.java:695] Processing annotations of franco.maurizio.hr.desk.com.persistence.entity.CandidateSurveyToken.id
2023-11-24 12:36:31,716 TRACE o.h.e.j.e.i.NormalizingIdentifierHelperImpl [NormalizingIdentifierHelperImpl.java:62] Normalizing identifier quoting [id]
2023-11-24 12:36:31,716 TRACE o.h.e.j.e.i.NormalizingIdentifierHelperImpl [NormalizingIdentifierHelperImpl.java:62] Normalizing identifier quoting [id]
2023-11-24 12:36:31,717 DEBUG o.h.b.m.i.AnnotatedColumn [AnnotatedColumn.java:249] Binding column: AnnotatedColumn()
2023-11-24 12:36:31,717 DEBUG o.h.b.i.ClassLoaderAccessImpl [ClassLoaderAccessImpl.java:60] Not known whether passed class name [franco.maurizio.hr.desk.com.persistence.entity.CandidateSurveyToken] is safe
2023-11-24 12:36:31,717 DEBUG o.h.b.i.ClassLoaderAccessImpl [ClassLoaderAccessImpl.java:62] No temp ClassLoader provided; using live ClassLoader for loading potentially unsafe class : franco.maurizio.hr.desk.com.persistence.entity.CandidateSurveyToken
2023-11-24 12:36:31,717 DEBUG o.h.b.m.i.PropertyBinder [PropertyBinder.java:251] MetadataSourceProcessor property id with lazy=false
2023-11-24 12:36:31,718 DEBUG o.h.b.m.i.AbstractPropertyHolder [AbstractPropertyHolder.java:107] Attempting to locate auto-apply AttributeConverter for property [franco.maurizio.hr.desk.com.persistence.entity.CandidateSurveyToken:id]
2023-11-24 12:36:31,718 DEBUG o.h.b.m.i.BasicValueBinder [BasicValueBinder.java:1196] building BasicValue for id
2023-11-24 12:36:31,718 DEBUG o.h.m.BasicValue [BasicValue.java:259] Skipping column re-registration: candidatesurveytokens.id
2023-11-24 12:36:31,719 TRACE o.h.e.j.e.i.NormalizingIdentifierHelperImpl [NormalizingIdentifierHelperImpl.java:62] Normalizing identifier quoting [id]
2023-11-24 12:36:31,720 TRACE o.h.e.j.e.i.NormalizingIdentifierHelperImpl [NormalizingIdentifierHelperImpl.java:62] Normalizing identifier quoting [id]
2023-11-24 12:36:31,720 TRACE o.h.e.j.e.i.NormalizingIdentifierHelperImpl [NormalizingIdentifierHelperImpl.java:62] Normalizing identifier quoting [id]
2023-11-24 12:36:31,720 DEBUG o.h.b.m.i.PropertyBinder [PropertyBinder.java:391] Building property id
2023-11-24 12:36:31,721 TRACE o.h.b.m.i.PropertyBinder [PropertyBinder.java:407] Cascading id with null
2023-11-24 12:36:31,721 DEBUG o.h.b.m.i.BinderHelper [GeneratorBinder.java:73] #makeIdGenerator(BasicValue([Column(id)]), id, identity, , ...)
2023-11-24 12:36:31,722 TRACE o.h.b.m.i.PropertyBinder [PropertyBinder.java:1327] Bind @Id on id
2023-11-24 12:36:31,722 TRACE o.h.b.m.i.PropertyBinder [PropertyBinder.java:695] Processing annotations of franco.maurizio.hr.desk.com.persistence.entity.CandidateSurveyToken.candidateId
2023-11-24 12:36:31,722 TRACE o.h.e.j.e.i.NormalizingIdentifierHelperImpl [NormalizingIdentifierHelperImpl.java:62] Normalizing identifier quoting [candidateId]
2023-11-24 12:36:31,723 TRACE o.h.e.j.e.i.NormalizingIdentifierHelperImpl [NormalizingIdentifierHelperImpl.java:62] Normalizing identifier quoting [candidateId]
2023-11-24 12:36:31,723 DEBUG o.h.b.m.i.AnnotatedColumn [AnnotatedColumn.java:249] Binding column: AnnotatedColumn()
2023-11-24 12:36:31,723 DEBUG o.h.b.m.i.PropertyBinder [PropertyBinder.java:251] MetadataSourceProcessor property candidateId with lazy=false
2023-11-24 12:36:31,724 DEBUG o.h.b.m.i.AbstractPropertyHolder [AbstractPropertyHolder.java:107] Attempting to locate auto-apply AttributeConverter for property [franco.maurizio.hr.desk.com.persistence.entity.CandidateSurveyToken:candidateId]
2023-11-24 12:36:31,724 DEBUG o.h.b.m.i.BasicValueBinder [BasicValueBinder.java:1196] building BasicValue for candidateId
2023-11-24 12:36:31,724 DEBUG o.h.m.BasicValue [BasicValue.java:259] Skipping column re-registration: candidatesurveytokens.candidate_id
2023-11-24 12:36:31,725 TRACE o.h.e.j.e.i.NormalizingIdentifierHelperImpl [NormalizingIdentifierHelperImpl.java:62] Normalizing identifier quoting [candidateId]
2023-11-24 12:36:31,725 TRACE o.h.e.j.e.i.NormalizingIdentifierHelperImpl [NormalizingIdentifierHelperImpl.java:62] Normalizing identifier quoting [candidateId]
2023-11-24 12:36:31,725 TRACE o.h.e.j.e.i.NormalizingIdentifierHelperImpl [NormalizingIdentifierHelperImpl.java:62] Normalizing identifier quoting [candidateId]
2023-11-24 12:36:31,725 DEBUG o.h.b.m.i.PropertyBinder [PropertyBinder.java:391] Building property candidateId
2023-11-24 12:36:31,726 TRACE o.h.b.m.i.PropertyBinder [PropertyBinder.java:407] Cascading candidateId with null
2023-11-24 12:36:31,726 TRACE o.h.b.m.i.PropertyBinder [PropertyBinder.java:695] Processing annotations of franco.maurizio.hr.desk.com.persistence.entity.CandidateSurveyToken.expirationDateTime
2023-11-24 12:36:31,726 TRACE o.h.e.j.e.i.NormalizingIdentifierHelperImpl [NormalizingIdentifierHelperImpl.java:62] Normalizing identifier quoting [expirationDateTime]
2023-11-24 12:36:31,727 TRACE o.h.e.j.e.i.NormalizingIdentifierHelperImpl [NormalizingIdentifierHelperImpl.java:62] Normalizing identifier quoting [expirationDateTime]
2023-11-24 12:36:31,727 DEBUG o.h.b.m.i.AnnotatedColumn [AnnotatedColumn.java:249] Binding column: AnnotatedColumn()
2023-11-24 12:36:31,727 DEBUG o.h.b.m.i.PropertyBinder [PropertyBinder.java:251] MetadataSourceProcessor property expirationDateTime with lazy=false
2023-11-24 12:36:31,728 DEBUG o.h.b.m.i.AbstractPropertyHolder [AbstractPropertyHolder.java:107] Attempting to locate auto-apply AttributeConverter for property [franco.maurizio.hr.desk.com.persistence.entity.CandidateSurveyToken:expirationDateTime]
2023-11-24 12:36:31,728 DEBUG o.h.b.m.i.BasicValueBinder [BasicValueBinder.java:1196] building BasicValue for expirationDateTime
2023-11-24 12:36:31,728 DEBUG o.h.m.BasicValue [BasicValue.java:259] Skipping column re-registration: candidatesurveytokens.expiration_date_time
2023-11-24 12:36:31,728 TRACE o.h.e.j.e.i.NormalizingIdentifierHelperImpl [NormalizingIdentifierHelperImpl.java:62] Normalizing identifier quoting [expirationDateTime]
2023-11-24 12:36:31,729 TRACE o.h.e.j.e.i.NormalizingIdentifierHelperImpl [NormalizingIdentifierHelperImpl.java:62] Normalizing identifier quoting [expirationDateTime]
2023-11-24 12:36:31,729 TRACE o.h.e.j.e.i.NormalizingIdentifierHelperImpl [NormalizingIdentifierHelperImpl.java:62] Normalizing identifier quoting [expirationDateTime]
2023-11-24 12:36:31,729 DEBUG o.h.b.m.i.PropertyBinder [PropertyBinder.java:391] Building property expirationDateTime
2023-11-24 12:36:31,730 TRACE o.h.b.m.i.PropertyBinder [PropertyBinder.java:407] Cascading expirationDateTime with null
2023-11-24 12:36:31,730 TRACE o.h.b.m.i.PropertyBinder [PropertyBinder.java:695] Processing annotations of franco.maurizio.hr.desk.com.persistence.entity.CandidateSurveyToken.expired
2023-11-24 12:36:31,731 TRACE o.h.e.j.e.i.NormalizingIdentifierHelperImpl [NormalizingIdentifierHelperImpl.java:62] Normalizing identifier quoting [expired]
2023-11-24 12:36:31,731 TRACE o.h.e.j.e.i.NormalizingIdentifierHelperImpl [NormalizingIdentifierHelperImpl.java:62] Normalizing identifier quoting [expired]
2023-11-24 12:36:31,731 DEBUG o.h.b.m.i.AnnotatedColumn [AnnotatedColumn.java:249] Binding column: AnnotatedColumn()
2023-11-24 12:36:31,732 DEBUG o.h.b.m.i.PropertyBinder [PropertyBinder.java:251] MetadataSourceProcessor property expired with lazy=false
2023-11-24 12:36:31,732 DEBUG o.h.b.m.i.AbstractPropertyHolder [AbstractPropertyHolder.java:107] Attempting to locate auto-apply AttributeConverter for property [franco.maurizio.hr.desk.com.persistence.entity.CandidateSurveyToken:expired]
2023-11-24 12:36:31,732 DEBUG o.h.b.m.i.BasicValueBinder [BasicValueBinder.java:1196] building BasicValue for expired
2023-11-24 12:36:31,733 DEBUG o.h.m.BasicValue [BasicValue.java:259] Skipping column re-registration: candidatesurveytokens.expired
2023-11-24 12:36:31,733 TRACE o.h.e.j.e.i.NormalizingIdentifierHelperImpl [NormalizingIdentifierHelperImpl.java:62] Normalizing identifier quoting [expired]
2023-11-24 12:36:31,734 TRACE o.h.e.j.e.i.NormalizingIdentifierHelperImpl [NormalizingIdentifierHelperImpl.java:62] Normalizing identifier quoting [expired]
2023-11-24 12:36:31,734 TRACE o.h.e.j.e.i.NormalizingIdentifierHelperImpl [NormalizingIdentifierHelperImpl.java:62] Normalizing identifier quoting [expired]
2023-11-24 12:36:31,734 DEBUG o.h.b.m.i.PropertyBinder [PropertyBinder.java:391] Building property expired
2023-11-24 12:36:31,734 TRACE o.h.b.m.i.PropertyBinder [PropertyBinder.java:407] Cascading expired with null
2023-11-24 12:36:31,735 TRACE o.h.b.m.i.PropertyBinder [PropertyBinder.java:695] Processing annotations of franco.maurizio.hr.desk.com.persistence.entity.CandidateSurveyToken.generatedToken
2023-11-24 12:36:31,736 TRACE o.h.e.j.e.i.NormalizingIdentifierHelperImpl [NormalizingIdentifierHelperImpl.java:62] Normalizing identifier quoting [generatedToken]
2023-11-24 12:36:31,736 TRACE o.h.e.j.e.i.NormalizingIdentifierHelperImpl [NormalizingIdentifierHelperImpl.java:62] Normalizing identifier quoting [generatedToken]
2023-11-24 12:36:31,737 DEBUG o.h.b.m.i.AnnotatedColumn [AnnotatedColumn.java:249] Binding column: AnnotatedColumn()
2023-11-24 12:36:31,737 DEBUG o.h.b.m.i.PropertyBinder [PropertyBinder.java:251] MetadataSourceProcessor property generatedToken with lazy=false
2023-11-24 12:36:31,737 DEBUG o.h.b.m.i.AbstractPropertyHolder [AbstractPropertyHolder.java:107] Attempting to locate auto-apply AttributeConverter for property [franco.maurizio.hr.desk.com.persistence.entity.CandidateSurveyToken:generatedToken]
2023-11-24 12:36:31,738 DEBUG o.h.b.m.i.BasicValueBinder [BasicValueBinder.java:1196] building BasicValue for generatedToken
2023-11-24 12:36:31,738 DEBUG o.h.m.BasicValue [BasicValue.java:259] Skipping column re-registration: candidatesurveytokens.generated_token
2023-11-24 12:36:31,738 TRACE o.h.e.j.e.i.NormalizingIdentifierHelperImpl [NormalizingIdentifierHelperImpl.java:62] Normalizing identifier quoting [generatedToken]
2023-11-24 12:36:31,738 TRACE o.h.e.j.e.i.NormalizingIdentifierHelperImpl [NormalizingIdentifierHelperImpl.java:62] Normalizing identifier quoting [generatedToken]
2023-11-24 12:36:31,739 TRACE o.h.e.j.e.i.NormalizingIdentifierHelperImpl [NormalizingIdentifierHelperImpl.java:62] Normalizing identifier quoting [generatedToken]
2023-11-24 12:36:31,739 DEBUG o.h.b.m.i.PropertyBinder [PropertyBinder.java:391] Building property generatedToken
2023-11-24 12:36:31,739 TRACE o.h.b.m.i.PropertyBinder [PropertyBinder.java:407] Cascading generatedToken with null
2023-11-24 12:36:31,740 TRACE o.h.b.m.i.PropertyBinder [PropertyBinder.java:695] Processing annotations of franco.maurizio.hr.desk.com.persistence.entity.CandidateSurveyToken.surveyId
2023-11-24 12:36:31,740 TRACE o.h.e.j.e.i.NormalizingIdentifierHelperImpl [NormalizingIdentifierHelperImpl.java:62] Normalizing identifier quoting [surveyId]
2023-11-24 12:36:31,740 TRACE o.h.e.j.e.i.NormalizingIdentifierHelperImpl [NormalizingIdentifierHelperImpl.java:62] Normalizing identifier quoting [surveyId]
2023-11-24 12:36:31,741 DEBUG o.h.b.m.i.AnnotatedColumn [AnnotatedColumn.java:249] Binding column: AnnotatedColumn()
2023-11-24 12:36:31,741 DEBUG o.h.b.m.i.PropertyBinder [PropertyBinder.java:251] MetadataSourceProcessor property surveyId with lazy=false
2023-11-24 12:36:31,741 DEBUG o.h.b.m.i.AbstractPropertyHolder [AbstractPropertyHolder.java:107] Attempting to locate auto-apply AttributeConverter for property [franco.maurizio.hr.desk.com.persistence.entity.CandidateSurveyToken:surveyId]
2023-11-24 12:36:31,742 DEBUG o.h.b.m.i.BasicValueBinder [BasicValueBinder.java:1196] building BasicValue for surveyId
2023-11-24 12:36:31,742 DEBUG o.h.m.BasicValue [BasicValue.java:259] Skipping column re-registration: candidatesurveytokens.survey_id
2023-11-24 12:36:31,742 TRACE o.h.e.j.e.i.NormalizingIdentifierHelperImpl [NormalizingIdentifierHelperImpl.java:62] Normalizing identifier quoting [surveyId]
2023-11-24 12:36:31,743 TRACE o.h.e.j.e.i.NormalizingIdentifierHelperImpl [NormalizingIdentifierHelperImpl.java:62] Normalizing identifier quoting [surveyId]
2023-11-24 12:36:31,743 TRACE o.h.e.j.e.i.NormalizingIdentifierHelperImpl [NormalizingIdentifierHelperImpl.java:62] Normalizing identifier quoting [surveyId]
2023-11-24 12:36:31,743 DEBUG o.h.b.m.i.PropertyBinder [PropertyBinder.java:391] Building property surveyId
2023-11-24 12:36:31,743 TRACE o.h.b.m.i.PropertyBinder [PropertyBinder.java:407] Cascading surveyId with null
2023-11-24 12:36:31,745 DEBUG o.h.b.m.i.EntityBinder [EntityBinder.java:206] Binding entity from annotated class: franco.maurizio.hr.desk.com.persistence.entity.CandidateStates
2023-11-24 12:36:31,745 DEBUG o.h.b.m.i.EntityBinder [EntityBinder.java:1224] Import with entity name CandidateStates
2023-11-24 12:36:31,746 TRACE o.h.b.i.InFlightMetadataCollectorImpl [InFlightMetadataCollectorImpl.java:878] Import: CandidateStates -> franco.maurizio.hr.desk.com.persistence.entity.CandidateStates
2023-11-24 12:36:31,746 TRACE o.h.b.i.InFlightMetadataCollectorImpl [InFlightMetadataCollectorImpl.java:878] Import: franco.maurizio.hr.desk.com.persistence.entity.CandidateStates -> franco.maurizio.hr.desk.com.persistence.entity.CandidateStates
2023-11-24 12:36:31,746 TRACE o.h.e.j.e.i.NormalizingIdentifierHelperImpl [NormalizingIdentifierHelperImpl.java:62] Normalizing identifier quoting [candidate_states]
2023-11-24 12:36:31,746 TRACE o.h.e.j.e.i.NormalizingIdentifierHelperImpl [NormalizingIdentifierHelperImpl.java:62] Normalizing identifier quoting [candidate_states]
2023-11-24 12:36:31,747 DEBUG o.h.b.m.i.EntityBinder [EntityBinder.java:1769] Bind entity franco.maurizio.hr.desk.com.persistence.entity.CandidateStates on table candidate_states
2023-11-24 12:36:31,747 TRACE o.h.e.j.e.i.NormalizingIdentifierHelperImpl [NormalizingIdentifierHelperImpl.java:62] Normalizing identifier quoting [DTYPE]
2023-11-24 12:36:31,748 DEBUG o.h.b.m.i.AnnotatedColumn [AnnotatedColumn.java:249] Binding column: AnnotatedDiscriminatorColumn(column='DTYPE')
2023-11-24 12:36:31,750 TRACE o.h.b.m.i.PropertyBinder [PropertyBinder.java:695] Processing annotations of franco.maurizio.hr.desk.com.persistence.entity.CandidateStates.id
2023-11-24 12:36:31,751 TRACE o.h.e.j.e.i.NormalizingIdentifierHelperImpl [NormalizingIdentifierHelperImpl.java:62] Normalizing identifier quoting [id]
2023-11-24 12:36:31,751 TRACE o.h.e.j.e.i.NormalizingIdentifierHelperImpl [NormalizingIdentifierHelperImpl.java:62] Normalizing identifier quoting [id]
2023-11-24 12:36:31,752 DEBUG o.h.b.m.i.AnnotatedColumn [AnnotatedColumn.java:249] Binding column: AnnotatedColumn(column='id')
2023-11-24 12:36:31,752 DEBUG o.h.b.i.ClassLoaderAccessImpl [ClassLoaderAccessImpl.java:60] Not known whether passed class name [franco.maurizio.hr.desk.com.persistence.entity.CandidateStates] is safe
2023-11-24 12:36:31,752 DEBUG o.h.b.i.ClassLoaderAccessImpl [ClassLoaderAccessImpl.java:62] No temp ClassLoader provided; using live ClassLoader for loading potentially unsafe class : franco.maurizio.hr.desk.com.persistence.entity.CandidateStates
2023-11-24 12:36:31,753 DEBUG o.h.b.m.i.PropertyBinder [PropertyBinder.java:251] MetadataSourceProcessor property id with lazy=false
2023-11-24 12:36:31,753 DEBUG o.h.b.m.i.AbstractPropertyHolder [AbstractPropertyHolder.java:107] Attempting to locate auto-apply AttributeConverter for property [franco.maurizio.hr.desk.com.persistence.entity.CandidateStates:id]
2023-11-24 12:36:31,753 DEBUG o.h.b.m.i.BasicValueBinder [BasicValueBinder.java:1196] building BasicValue for id
2023-11-24 12:36:31,754 DEBUG o.h.m.BasicValue [BasicValue.java:259] Skipping column re-registration: candidate_states.id
2023-11-24 12:36:31,754 TRACE o.h.e.j.e.i.NormalizingIdentifierHelperImpl [NormalizingIdentifierHelperImpl.java:62] Normalizing identifier quoting [id]
2023-11-24 12:36:31,754 DEBUG o.h.b.m.i.PropertyBinder [PropertyBinder.java:391] Building property id
2023-11-24 12:36:31,754 TRACE o.h.b.m.i.PropertyBinder [PropertyBinder.java:407] Cascading id with null
2023-11-24 12:36:31,755 DEBUG o.h.b.m.i.BinderHelper [GeneratorBinder.java:73] #makeIdGenerator(BasicValue([Column(id)]), id, identity, , ...)
2023-11-24 12:36:31,755 TRACE o.h.b.m.i.PropertyBinder [PropertyBinder.java:1327] Bind @Id on id
2023-11-24 12:36:31,755 TRACE o.h.b.m.i.PropertyBinder [PropertyBinder.java:695] Processing annotations of franco.maurizio.hr.desk.com.persistence.entity.CandidateStates.roleId
2023-11-24 12:36:31,755 TRACE o.h.e.j.e.i.NormalizingIdentifierHelperImpl [NormalizingIdentifierHelperImpl.java:62] Normalizing identifier quoting [ROLE_ID]
2023-11-24 12:36:31,757 TRACE o.h.e.j.e.i.NormalizingIdentifierHelperImpl [NormalizingIdentifierHelperImpl.java:62] Normalizing identifier quoting [ROLE_ID]
2023-11-24 12:36:31,757 DEBUG o.h.b.m.i.AnnotatedColumn [AnnotatedColumn.java:249] Binding column: AnnotatedColumn(column='ROLE_ID')
2023-11-24 12:36:31,757 DEBUG o.h.b.m.i.PropertyBinder [PropertyBinder.java:251] MetadataSourceProcessor property roleId with lazy=false
2023-11-24 12:36:31,758 DEBUG o.h.b.m.i.AbstractPropertyHolder [AbstractPropertyHolder.java:107] Attempting to locate auto-apply AttributeConverter for property [franco.maurizio.hr.desk.com.persistence.entity.CandidateStates:roleId]
2023-11-24 12:36:31,758 DEBUG o.h.b.m.i.BasicValueBinder [BasicValueBinder.java:1196] building BasicValue for roleId
2023-11-24 12:36:31,758 DEBUG o.h.m.BasicValue [BasicValue.java:259] Skipping column re-registration: candidate_states.role_id
2023-11-24 12:36:31,759 TRACE o.h.e.j.e.i.NormalizingIdentifierHelperImpl [NormalizingIdentifierHelperImpl.java:62] Normalizing identifier quoting [ROLE_ID]
2023-11-24 12:36:31,759 DEBUG o.h.b.m.i.PropertyBinder [PropertyBinder.java:391] Building property roleId
2023-11-24 12:36:31,759 TRACE o.h.b.m.i.PropertyBinder [PropertyBinder.java:407] Cascading roleId with null
2023-11-24 12:36:31,759 TRACE o.h.b.m.i.PropertyBinder [PropertyBinder.java:695] Processing annotations of franco.maurizio.hr.desk.com.persistence.entity.CandidateStates.statusCode
2023-11-24 12:36:31,760 TRACE o.h.e.j.e.i.NormalizingIdentifierHelperImpl [NormalizingIdentifierHelperImpl.java:62] Normalizing identifier quoting [STATUS_CODE]
2023-11-24 12:36:31,760 TRACE o.h.e.j.e.i.NormalizingIdentifierHelperImpl [NormalizingIdentifierHelperImpl.java:62] Normalizing identifier quoting [STATUS_CODE]
2023-11-24 12:36:31,761 DEBUG o.h.b.m.i.AnnotatedColumn [AnnotatedColumn.java:249] Binding column: AnnotatedColumn(column='STATUS_CODE')
2023-11-24 12:36:31,761 DEBUG o.h.b.m.i.PropertyBinder [PropertyBinder.java:251] MetadataSourceProcessor property statusCode with lazy=false
2023-11-24 12:36:31,761 DEBUG o.h.b.m.i.AbstractPropertyHolder [AbstractPropertyHolder.java:107] Attempting to locate auto-apply AttributeConverter for property [franco.maurizio.hr.desk.com.persistence.entity.CandidateStates:statusCode]
2023-11-24 12:36:31,761 DEBUG o.h.b.m.i.BasicValueBinder [BasicValueBinder.java:1196] building BasicValue for statusCode
2023-11-24 12:36:31,762 DEBUG o.h.m.BasicValue [BasicValue.java:259] Skipping column re-registration: candidate_states.status_code
2023-11-24 12:36:31,762 TRACE o.h.e.j.e.i.NormalizingIdentifierHelperImpl [NormalizingIdentifierHelperImpl.java:62] Normalizing identifier quoting [STATUS_CODE]
2023-11-24 12:36:31,762 DEBUG o.h.b.m.i.PropertyBinder [PropertyBinder.java:391] Building property statusCode
2023-11-24 12:36:31,763 TRACE o.h.b.m.i.PropertyBinder [PropertyBinder.java:407] Cascading statusCode with null
2023-11-24 12:36:31,763 TRACE o.h.b.m.i.PropertyBinder [PropertyBinder.java:695] Processing annotations of franco.maurizio.hr.desk.com.persistence.entity.CandidateStates.statusColor
2023-11-24 12:36:31,763 TRACE o.h.e.j.e.i.NormalizingIdentifierHelperImpl [NormalizingIdentifierHelperImpl.java:62] Normalizing identifier quoting [STATUS_COLOR]
2023-11-24 12:36:31,764 TRACE o.h.e.j.e.i.NormalizingIdentifierHelperImpl [NormalizingIdentifierHelperImpl.java:62] Normalizing identifier quoting [STATUS_COLOR]
2023-11-24 12:36:31,764 DEBUG o.h.b.m.i.AnnotatedColumn [AnnotatedColumn.java:249] Binding column: AnnotatedColumn(column='STATUS_COLOR')
2023-11-24 12:36:31,764 DEBUG o.h.b.m.i.PropertyBinder [PropertyBinder.java:251] MetadataSourceProcessor property statusColor with lazy=false
2023-11-24 12:36:31,765 DEBUG o.h.b.m.i.AbstractPropertyHolder [AbstractPropertyHolder.java:107] Attempting to locate auto-apply AttributeConverter for property [franco.maurizio.hr.desk.com.persistence.entity.CandidateStates:statusColor]
2023-11-24 12:36:31,765 DEBUG o.h.b.m.i.BasicValueBinder [BasicValueBinder.java:1196] building BasicValue for statusColor
2023-11-24 12:36:31,765 DEBUG o.h.m.BasicValue [BasicValue.java:259] Skipping column re-registration: candidate_states.status_color
2023-11-24 12:36:31,765 TRACE o.h.e.j.e.i.NormalizingIdentifierHelperImpl [NormalizingIdentifierHelperImpl.java:62] Normalizing identifier quoting [STATUS_COLOR]
2023-11-24 12:36:31,766 DEBUG o.h.b.m.i.PropertyBinder [PropertyBinder.java:391] Building property statusColor
2023-11-24 12:36:31,766 TRACE o.h.b.m.i.PropertyBinder [PropertyBinder.java:407] Cascading statusColor with null
2023-11-24 12:36:31,766 TRACE o.h.b.m.i.PropertyBinder [PropertyBinder.java:695] Processing annotations of franco.maurizio.hr.desk.com.persistence.entity.CandidateStates.statusDescription
2023-11-24 12:36:31,766 TRACE o.h.e.j.e.i.NormalizingIdentifierHelperImpl [NormalizingIdentifierHelperImpl.java:62] Normalizing identifier quoting [STATUS_DESCRIPTION]
2023-11-24 12:36:31,767 TRACE o.h.e.j.e.i.NormalizingIdentifierHelperImpl [NormalizingIdentifierHelperImpl.java:62] Normalizing identifier quoting [STATUS_DESCRIPTION]
2023-11-24 12:36:31,767 DEBUG o.h.b.m.i.AnnotatedColumn [AnnotatedColumn.java:249] Binding column: AnnotatedColumn(column='STATUS_DESCRIPTION')
2023-11-24 12:36:31,768 DEBUG o.h.b.m.i.PropertyBinder [PropertyBinder.java:251] MetadataSourceProcessor property statusDescription with lazy=false
2023-11-24 12:36:31,768 DEBUG o.h.b.m.i.AbstractPropertyHolder [AbstractPropertyHolder.java:107] Attempting to locate auto-apply AttributeConverter for property [franco.maurizio.hr.desk.com.persistence.entity.CandidateStates:statusDescription]
2023-11-24 12:36:31,768 DEBUG o.h.b.m.i.BasicValueBinder [BasicValueBinder.java:1196] building BasicValue for statusDescription
2023-11-24 12:36:31,769 DEBUG o.h.m.BasicValue [BasicValue.java:259] Skipping column re-registration: candidate_states.status_description
2023-11-24 12:36:31,769 TRACE o.h.e.j.e.i.NormalizingIdentifierHelperImpl [NormalizingIdentifierHelperImpl.java:62] Normalizing identifier quoting [STATUS_DESCRIPTION]
2023-11-24 12:36:31,769 DEBUG o.h.b.m.i.PropertyBinder [PropertyBinder.java:391] Building property statusDescription
2023-11-24 12:36:31,770 TRACE o.h.b.m.i.PropertyBinder [PropertyBinder.java:407] Cascading statusDescription with null
2023-11-24 12:36:31,770 TRACE o.h.b.m.i.PropertyBinder [PropertyBinder.java:695] Processing annotations of franco.maurizio.hr.desk.com.persistence.entity.CandidateStates.statusLabel
2023-11-24 12:36:31,770 TRACE o.h.e.j.e.i.NormalizingIdentifierHelperImpl [NormalizingIdentifierHelperImpl.java:62] Normalizing identifier quoting [STATUS_LABEL]
2023-11-24 12:36:31,771 TRACE o.h.e.j.e.i.NormalizingIdentifierHelperImpl [NormalizingIdentifierHelperImpl.java:62] Normalizing identifier quoting [STATUS_LABEL]
2023-11-24 12:36:31,771 DEBUG o.h.b.m.i.AnnotatedColumn [AnnotatedColumn.java:249] Binding column: AnnotatedColumn(column='STATUS_LABEL')
2023-11-24 12:36:31,771 DEBUG o.h.b.m.i.PropertyBinder [PropertyBinder.java:251] MetadataSourceProcessor property statusLabel with lazy=false
2023-11-24 12:36:31,772 DEBUG o.h.b.m.i.AbstractPropertyHolder [AbstractPropertyHolder.java:107] Attempting to locate auto-apply AttributeConverter for property [franco.maurizio.hr.desk.com.persistence.entity.CandidateStates:statusLabel]
2023-11-24 12:36:31,772 DEBUG o.h.b.m.i.BasicValueBinder [BasicValueBinder.java:1196] building BasicValue for statusLabel
2023-11-24 12:36:31,772 DEBUG o.h.m.BasicValue [BasicValue.java:259] Skipping column re-registration: candidate_states.status_label
2023-11-24 12:36:31,772 TRACE o.h.e.j.e.i.NormalizingIdentifierHelperImpl [NormalizingIdentifierHelperImpl.java:62] Normalizing identifier quoting [STATUS_LABEL]
2023-11-24 12:36:31,773 DEBUG o.h.b.m.i.PropertyBinder [PropertyBinder.java:391] Building property statusLabel
2023-11-24 12:36:31,773 TRACE o.h.b.m.i.PropertyBinder [PropertyBinder.java:407] Cascading statusLabel with null
2023-11-24 12:36:31,774 DEBUG o.h.b.m.i.EntityBinder [EntityBinder.java:206] Binding entity from annotated class: franco.maurizio.hr.desk.com.persistence.entity.Role
2023-11-24 12:36:31,775 DEBUG o.h.b.m.i.EntityBinder [EntityBinder.java:1224] Import with entity name Role
2023-11-24 12:36:31,775 TRACE o.h.b.i.InFlightMetadataCollectorImpl [InFlightMetadataCollectorImpl.java:878] Import: Role -> franco.maurizio.hr.desk.com.persistence.entity.Role
2023-11-24 12:36:31,775 TRACE o.h.b.i.InFlightMetadataCollectorImpl [InFlightMetadataCollectorImpl.java:878] Import: franco.maurizio.hr.desk.com.persistence.entity.Role -> franco.maurizio.hr.desk.com.persistence.entity.Role
2023-11-24 12:36:31,775 TRACE o.h.e.j.e.i.NormalizingIdentifierHelperImpl [NormalizingIdentifierHelperImpl.java:62] Normalizing identifier quoting [roles]
2023-11-24 12:36:31,776 TRACE o.h.e.j.e.i.NormalizingIdentifierHelperImpl [NormalizingIdentifierHelperImpl.java:62] Normalizing identifier quoting [roles]
2023-11-24 12:36:31,776 DEBUG o.h.b.m.i.EntityBinder [EntityBinder.java:1769] Bind entity franco.maurizio.hr.desk.com.persistence.entity.Role on table roles
2023-11-24 12:36:31,776 TRACE o.h.e.j.e.i.NormalizingIdentifierHelperImpl [NormalizingIdentifierHelperImpl.java:62] Normalizing identifier quoting [DTYPE]
2023-11-24 12:36:31,777 DEBUG o.h.b.m.i.AnnotatedColumn [AnnotatedColumn.java:249] Binding column: AnnotatedDiscriminatorColumn(column='DTYPE')
2023-11-24 12:36:31,778 TRACE o.h.b.m.i.PropertyBinder [PropertyBinder.java:695] Processing annotations of franco.maurizio.hr.desk.com.persistence.entity.Role.id
2023-11-24 12:36:31,778 TRACE o.h.e.j.e.i.NormalizingIdentifierHelperImpl [NormalizingIdentifierHelperImpl.java:62] Normalizing identifier quoting [id]
2023-11-24 12:36:31,779 TRACE o.h.e.j.e.i.NormalizingIdentifierHelperImpl [NormalizingIdentifierHelperImpl.java:62] Normalizing identifier quoting [id]
2023-11-24 12:36:31,779 DEBUG o.h.b.m.i.AnnotatedColumn [AnnotatedColumn.java:249] Binding column: AnnotatedColumn(column='id')
2023-11-24 12:36:31,779 DEBUG o.h.b.i.ClassLoaderAccessImpl [ClassLoaderAccessImpl.java:60] Not known whether passed class name [franco.maurizio.hr.desk.com.persistence.entity.Role] is safe
2023-11-24 12:36:31,780 DEBUG o.h.b.i.ClassLoaderAccessImpl [ClassLoaderAccessImpl.java:62] No temp ClassLoader provided; using live ClassLoader for loading potentially unsafe class : franco.maurizio.hr.desk.com.persistence.entity.Role
2023-11-24 12:36:31,780 DEBUG o.h.b.m.i.PropertyBinder [PropertyBinder.java:251] MetadataSourceProcessor property id with lazy=false
2023-11-24 12:36:31,780 DEBUG o.h.b.m.i.AbstractPropertyHolder [AbstractPropertyHolder.java:107] Attempting to locate auto-apply AttributeConverter for property [franco.maurizio.hr.desk.com.persistence.entity.Role:id]
2023-11-24 12:36:31,780 DEBUG o.h.b.m.i.BasicValueBinder [BasicValueBinder.java:1196] building BasicValue for id
2023-11-24 12:36:31,781 DEBUG o.h.m.BasicValue [BasicValue.java:259] Skipping column re-registration: roles.id
2023-11-24 12:36:31,781 TRACE o.h.e.j.e.i.NormalizingIdentifierHelperImpl [NormalizingIdentifierHelperImpl.java:62] Normalizing identifier quoting [id]
2023-11-24 12:36:31,781 DEBUG o.h.b.m.i.PropertyBinder [PropertyBinder.java:391] Building property id
2023-11-24 12:36:31,781 TRACE o.h.b.m.i.PropertyBinder [PropertyBinder.java:407] Cascading id with null
2023-11-24 12:36:31,782 DEBUG o.h.b.m.i.BinderHelper [GeneratorBinder.java:73] #makeIdGenerator(BasicValue([Column(id)]), id, identity, , ...)
2023-11-24 12:36:31,782 TRACE o.h.b.m.i.PropertyBinder [PropertyBinder.java:1327] Bind @Id on id
2023-11-24 12:36:31,782 TRACE o.h.b.m.i.PropertyBinder [PropertyBinder.java:695] Processing annotations of franco.maurizio.hr.desk.com.persistence.entity.Role.description
2023-11-24 12:36:31,783 TRACE o.h.e.j.e.i.NormalizingIdentifierHelperImpl [NormalizingIdentifierHelperImpl.java:62] Normalizing identifier quoting [description]
2023-11-24 12:36:31,783 TRACE o.h.e.j.e.i.NormalizingIdentifierHelperImpl [NormalizingIdentifierHelperImpl.java:62] Normalizing identifier quoting [description]
2023-11-24 12:36:31,783 DEBUG o.h.b.m.i.AnnotatedColumn [AnnotatedColumn.java:249] Binding column: AnnotatedColumn(column='description')
2023-11-24 12:36:31,784 DEBUG o.h.b.m.i.PropertyBinder [PropertyBinder.java:251] MetadataSourceProcessor property description with lazy=false
2023-11-24 12:36:31,784 DEBUG o.h.b.m.i.AbstractPropertyHolder [AbstractPropertyHolder.java:107] Attempting to locate auto-apply AttributeConverter for property [franco.maurizio.hr.desk.com.persistence.entity.Role:description]
2023-11-24 12:36:31,784 DEBUG o.h.b.m.i.BasicValueBinder [BasicValueBinder.java:1196] building BasicValue for description
2023-11-24 12:36:31,784 DEBUG o.h.m.BasicValue [BasicValue.java:259] Skipping column re-registration: roles.description
2023-11-24 12:36:31,785 TRACE o.h.e.j.e.i.NormalizingIdentifierHelperImpl [NormalizingIdentifierHelperImpl.java:62] Normalizing identifier quoting [description]
2023-11-24 12:36:31,785 DEBUG o.h.b.m.i.PropertyBinder [PropertyBinder.java:391] Building property description
2023-11-24 12:36:31,785 TRACE o.h.b.m.i.PropertyBinder [PropertyBinder.java:407] Cascading description with null
2023-11-24 12:36:31,786 TRACE o.h.b.m.i.PropertyBinder [PropertyBinder.java:695] Processing annotations of franco.maurizio.hr.desk.com.persistence.entity.Role.label
2023-11-24 12:36:31,786 TRACE o.h.e.j.e.i.NormalizingIdentifierHelperImpl [NormalizingIdentifierHelperImpl.java:62] Normalizing identifier quoting [label]
2023-11-24 12:36:31,786 TRACE o.h.e.j.e.i.NormalizingIdentifierHelperImpl [NormalizingIdentifierHelperImpl.java:62] Normalizing identifier quoting [label]
2023-11-24 12:36:31,787 DEBUG o.h.b.m.i.AnnotatedColumn [AnnotatedColumn.java:249] Binding column: AnnotatedColumn(column='label')
2023-11-24 12:36:31,787 DEBUG o.h.b.m.i.PropertyBinder [PropertyBinder.java:251] MetadataSourceProcessor property label with lazy=false
2023-11-24 12:36:31,787 DEBUG o.h.b.m.i.AbstractPropertyHolder [AbstractPropertyHolder.java:107] Attempting to locate auto-apply AttributeConverter for property [franco.maurizio.hr.desk.com.persistence.entity.Role:label]
2023-11-24 12:36:31,787 DEBUG o.h.b.m.i.BasicValueBinder [BasicValueBinder.java:1196] building BasicValue for label
2023-11-24 12:36:31,788 DEBUG o.h.m.BasicValue [BasicValue.java:259] Skipping column re-registration: roles.label
2023-11-24 12:36:31,788 TRACE o.h.e.j.e.i.NormalizingIdentifierHelperImpl [NormalizingIdentifierHelperImpl.java:62] Normalizing identifier quoting [label]
2023-11-24 12:36:31,788 DEBUG o.h.b.m.i.PropertyBinder [PropertyBinder.java:391] Building property label
2023-11-24 12:36:31,789 TRACE o.h.b.m.i.PropertyBinder [PropertyBinder.java:407] Cascading label with null
2023-11-24 12:36:31,789 TRACE o.h.b.m.i.PropertyBinder [PropertyBinder.java:695] Processing annotations of franco.maurizio.hr.desk.com.persistence.entity.Role.level
2023-11-24 12:36:31,789 TRACE o.h.e.j.e.i.NormalizingIdentifierHelperImpl [NormalizingIdentifierHelperImpl.java:62] Normalizing identifier quoting [level]
2023-11-24 12:36:31,790 TRACE o.h.e.j.e.i.NormalizingIdentifierHelperImpl [NormalizingIdentifierHelperImpl.java:62] Normalizing identifier quoting [level]
2023-11-24 12:36:31,790 DEBUG o.h.b.m.i.AnnotatedColumn [AnnotatedColumn.java:249] Binding column: AnnotatedColumn(column='level')
2023-11-24 12:36:31,790 DEBUG o.h.b.m.i.PropertyBinder [PropertyBinder.java:251] MetadataSourceProcessor property level with lazy=false
2023-11-24 12:36:31,791 DEBUG o.h.b.m.i.AbstractPropertyHolder [AbstractPropertyHolder.java:107] Attempting to locate auto-apply AttributeConverter for property [franco.maurizio.hr.desk.com.persistence.entity.Role:level]
2023-11-24 12:36:31,791 DEBUG o.h.b.m.i.BasicValueBinder [BasicValueBinder.java:1196] building BasicValue for level
2023-11-24 12:36:31,791 DEBUG o.h.m.BasicValue [BasicValue.java:259] Skipping column re-registration: roles.level
2023-11-24 12:36:31,791 TRACE o.h.e.j.e.i.NormalizingIdentifierHelperImpl [NormalizingIdentifierHelperImpl.java:62] Normalizing identifier quoting [level]
2023-11-24 12:36:31,792 DEBUG o.h.b.m.i.PropertyBinder [PropertyBinder.java:391] Building property level
2023-11-24 12:36:31,792 TRACE o.h.b.m.i.PropertyBinder [PropertyBinder.java:407] Cascading level with null
2023-11-24 12:36:31,793 DEBUG o.h.b.m.i.EntityBinder [EntityBinder.java:206] Binding entity from annotated class: franco.maurizio.hr.desk.com.persistence.entity.User
2023-11-24 12:36:31,793 DEBUG o.h.b.m.i.EntityBinder [EntityBinder.java:1224] Import with entity name User
2023-11-24 12:36:31,794 TRACE o.h.b.i.InFlightMetadataCollectorImpl [InFlightMetadataCollectorImpl.java:878] Import: User -> franco.maurizio.hr.desk.com.persistence.entity.User
2023-11-24 12:36:31,794 TRACE o.h.b.i.InFlightMetadataCollectorImpl [InFlightMetadataCollectorImpl.java:878] Import: franco.maurizio.hr.desk.com.persistence.entity.User -> franco.maurizio.hr.desk.com.persistence.entity.User
2023-11-24 12:36:31,794 TRACE o.h.e.j.e.i.NormalizingIdentifierHelperImpl [NormalizingIdentifierHelperImpl.java:62] Normalizing identifier quoting [users]
2023-11-24 12:36:31,794 TRACE o.h.e.j.e.i.NormalizingIdentifierHelperImpl [NormalizingIdentifierHelperImpl.java:62] Normalizing identifier quoting [users]
2023-11-24 12:36:31,795 DEBUG o.h.b.m.i.EntityBinder [EntityBinder.java:1769] Bind entity franco.maurizio.hr.desk.com.persistence.entity.User on table users
2023-11-24 12:36:31,795 TRACE o.h.e.j.e.i.NormalizingIdentifierHelperImpl [NormalizingIdentifierHelperImpl.java:62] Normalizing identifier quoting [DTYPE]
2023-11-24 12:36:31,795 DEBUG o.h.b.m.i.AnnotatedColumn [AnnotatedColumn.java:249] Binding column: AnnotatedDiscriminatorColumn(column='DTYPE')
2023-11-24 12:36:31,799 TRACE o.h.b.m.i.PropertyBinder [PropertyBinder.java:695] Processing annotations of franco.maurizio.hr.desk.com.persistence.entity.User.id
2023-11-24 12:36:31,799 TRACE o.h.e.j.e.i.NormalizingIdentifierHelperImpl [NormalizingIdentifierHelperImpl.java:62] Normalizing identifier quoting [id]
2023-11-24 12:36:31,800 TRACE o.h.e.j.e.i.NormalizingIdentifierHelperImpl [NormalizingIdentifierHelperImpl.java:62] Normalizing identifier quoting [id]
2023-11-24 12:36:31,800 DEBUG o.h.b.m.i.AnnotatedColumn [AnnotatedColumn.java:249] Binding column: AnnotatedColumn(column='id')
2023-11-24 12:36:31,801 DEBUG o.h.b.i.ClassLoaderAccessImpl [ClassLoaderAccessImpl.java:60] Not known whether passed class name [franco.maurizio.hr.desk.com.persistence.entity.User] is safe
2023-11-24 12:36:31,801 DEBUG o.h.b.i.ClassLoaderAccessImpl [ClassLoaderAccessImpl.java:62] No temp ClassLoader provided; using live ClassLoader for loading potentially unsafe class : franco.maurizio.hr.desk.com.persistence.entity.User
2023-11-24 12:36:31,801 DEBUG o.h.b.m.i.PropertyBinder [PropertyBinder.java:251] MetadataSourceProcessor property id with lazy=false
2023-11-24 12:36:31,801 DEBUG o.h.b.m.i.AbstractPropertyHolder [AbstractPropertyHolder.java:107] Attempting to locate auto-apply AttributeConverter for property [franco.maurizio.hr.desk.com.persistence.entity.User:id]
2023-11-24 12:36:31,802 DEBUG o.h.b.m.i.BasicValueBinder [BasicValueBinder.java:1196] building BasicValue for id
2023-11-24 12:36:31,802 DEBUG o.h.m.BasicValue [BasicValue.java:259] Skipping column re-registration: users.id
2023-11-24 12:36:31,802 TRACE o.h.e.j.e.i.NormalizingIdentifierHelperImpl [NormalizingIdentifierHelperImpl.java:62] Normalizing identifier quoting [id]
2023-11-24 12:36:31,802 DEBUG o.h.b.m.i.PropertyBinder [PropertyBinder.java:391] Building property id
2023-11-24 12:36:31,803 TRACE o.h.b.m.i.PropertyBinder [PropertyBinder.java:407] Cascading id with null
2023-11-24 12:36:31,803 DEBUG o.h.b.m.i.BinderHelper [GeneratorBinder.java:73] #makeIdGenerator(BasicValue([Column(id)]), id, identity, , ...)
2023-11-24 12:36:31,803 TRACE o.h.b.m.i.PropertyBinder [PropertyBinder.java:1327] Bind @Id on id
2023-11-24 12:36:31,804 TRACE o.h.b.m.i.PropertyBinder [PropertyBinder.java:695] Processing annotations of franco.maurizio.hr.desk.com.persistence.entity.User.email
2023-11-24 12:36:31,804 TRACE o.h.e.j.e.i.NormalizingIdentifierHelperImpl [NormalizingIdentifierHelperImpl.java:62] Normalizing identifier quoting [email]
2023-11-24 12:36:31,805 TRACE o.h.e.j.e.i.NormalizingIdentifierHelperImpl [NormalizingIdentifierHelperImpl.java:62] Normalizing identifier quoting [email]
2023-11-24 12:36:31,806 DEBUG o.h.b.m.i.AnnotatedColumn [AnnotatedColumn.java:249] Binding column: AnnotatedColumn(column='email')
2023-11-24 12:36:31,806 DEBUG o.h.b.m.i.PropertyBinder [PropertyBinder.java:251] MetadataSourceProcessor property email with lazy=false
2023-11-24 12:36:31,806 DEBUG o.h.b.m.i.AbstractPropertyHolder [AbstractPropertyHolder.java:107] Attempting to locate auto-apply AttributeConverter for property [franco.maurizio.hr.desk.com.persistence.entity.User:email]
2023-11-24 12:36:31,807 DEBUG o.h.b.m.i.BasicValueBinder [BasicValueBinder.java:1196] building BasicValue for email
2023-11-24 12:36:31,807 DEBUG o.h.m.BasicValue [BasicValue.java:259] Skipping column re-registration: users.email
2023-11-24 12:36:31,807 TRACE o.h.e.j.e.i.NormalizingIdentifierHelperImpl [NormalizingIdentifierHelperImpl.java:62] Normalizing identifier quoting [email]
2023-11-24 12:36:31,808 DEBUG o.h.b.m.i.PropertyBinder [PropertyBinder.java:391] Building property email
2023-11-24 12:36:31,808 TRACE o.h.b.m.i.PropertyBinder [PropertyBinder.java:407] Cascading email with null
2023-11-24 12:36:31,808 TRACE o.h.b.m.i.PropertyBinder [PropertyBinder.java:695] Processing annotations of franco.maurizio.hr.desk.com.persistence.entity.User.enabled
2023-11-24 12:36:31,809 TRACE o.h.e.j.e.i.NormalizingIdentifierHelperImpl [NormalizingIdentifierHelperImpl.java:62] Normalizing identifier quoting [enabled]
2023-11-24 12:36:31,809 TRACE o.h.e.j.e.i.NormalizingIdentifierHelperImpl [NormalizingIdentifierHelperImpl.java:62] Normalizing identifier quoting [enabled]
2023-11-24 12:36:31,809 DEBUG o.h.b.m.i.AnnotatedColumn [AnnotatedColumn.java:249] Binding column: AnnotatedColumn(column='enabled')
2023-11-24 12:36:31,810 DEBUG o.h.b.m.i.PropertyBinder [PropertyBinder.java:251] MetadataSourceProcessor property enabled with lazy=false
2023-11-24 12:36:31,810 DEBUG o.h.b.m.i.AbstractPropertyHolder [AbstractPropertyHolder.java:107] Attempting to locate auto-apply AttributeConverter for property [franco.maurizio.hr.desk.com.persistence.entity.User:enabled]
2023-11-24 12:36:31,810 DEBUG o.h.b.m.i.BasicValueBinder [BasicValueBinder.java:1196] building BasicValue for enabled
2023-11-24 12:36:31,811 DEBUG o.h.m.BasicValue [BasicValue.java:259] Skipping column re-registration: users.enabled
2023-11-24 12:36:31,811 TRACE o.h.e.j.e.i.NormalizingIdentifierHelperImpl [NormalizingIdentifierHelperImpl.java:62] Normalizing identifier quoting [enabled]
2023-11-24 12:36:31,811 DEBUG o.h.b.m.i.PropertyBinder [PropertyBinder.java:391] Building property enabled
2023-11-24 12:36:31,811 TRACE o.h.b.m.i.PropertyBinder [PropertyBinder.java:407] Cascading enabled with null
2023-11-24 12:36:31,812 TRACE o.h.b.m.i.PropertyBinder [PropertyBinder.java:695] Processing annotations of franco.maurizio.hr.desk.com.persistence.entity.User.firstname
2023-11-24 12:36:31,812 TRACE o.h.e.j.e.i.NormalizingIdentifierHelperImpl [NormalizingIdentifierHelperImpl.java:62] Normalizing identifier quoting [firstname]
2023-11-24 12:36:31,813 TRACE o.h.e.j.e.i.NormalizingIdentifierHelperImpl [NormalizingIdentifierHelperImpl.java:62] Normalizing identifier quoting [firstname]
2023-11-24 12:36:31,813 DEBUG o.h.b.m.i.AnnotatedColumn [AnnotatedColumn.java:249] Binding column: AnnotatedColumn(column='firstname')
2023-11-24 12:36:31,813 DEBUG o.h.b.m.i.PropertyBinder [PropertyBinder.java:251] MetadataSourceProcessor property firstname with lazy=false
2023-11-24 12:36:31,814 DEBUG o.h.b.m.i.AbstractPropertyHolder [AbstractPropertyHolder.java:107] Attempting to locate auto-apply AttributeConverter for property [franco.maurizio.hr.desk.com.persistence.entity.User:firstname]
2023-11-24 12:36:31,814 DEBUG o.h.b.m.i.BasicValueBinder [BasicValueBinder.java:1196] building BasicValue for firstname
2023-11-24 12:36:31,814 DEBUG o.h.m.BasicValue [BasicValue.java:259] Skipping column re-registration: users.firstname
2023-11-24 12:36:31,814 TRACE o.h.e.j.e.i.NormalizingIdentifierHelperImpl [NormalizingIdentifierHelperImpl.java:62] Normalizing identifier quoting [firstname]
2023-11-24 12:36:31,815 DEBUG o.h.b.m.i.PropertyBinder [PropertyBinder.java:391] Building property firstname
2023-11-24 12:36:31,815 TRACE o.h.b.m.i.PropertyBinder [PropertyBinder.java:407] Cascading firstname with null
2023-11-24 12:36:31,815 TRACE o.h.b.m.i.PropertyBinder [PropertyBinder.java:695] Processing annotations of franco.maurizio.hr.desk.com.persistence.entity.User.lastname
2023-11-24 12:36:31,815 TRACE o.h.e.j.e.i.NormalizingIdentifierHelperImpl [NormalizingIdentifierHelperImpl.java:62] Normalizing identifier quoting [lastname]
2023-11-24 12:36:31,816 TRACE o.h.e.j.e.i.NormalizingIdentifierHelperImpl [NormalizingIdentifierHelperImpl.java:62] Normalizing identifier quoting [lastname]
2023-11-24 12:36:31,816 DEBUG o.h.b.m.i.AnnotatedColumn [AnnotatedColumn.java:249] Binding column: AnnotatedColumn(column='lastname')
2023-11-24 12:36:31,817 DEBUG o.h.b.m.i.PropertyBinder [PropertyBinder.java:251] MetadataSourceProcessor property lastname with lazy=false
2023-11-24 12:36:31,817 DEBUG o.h.b.m.i.AbstractPropertyHolder [AbstractPropertyHolder.java:107] Attempting to locate auto-apply AttributeConverter for property [franco.maurizio.hr.desk.com.persistence.entity.User:lastname]
2023-11-24 12:36:31,817 DEBUG o.h.b.m.i.BasicValueBinder [BasicValueBinder.java:1196] building BasicValue for lastname
2023-11-24 12:36:31,818 DEBUG o.h.m.BasicValue [BasicValue.java:259] Skipping column re-registration: users.lastname
2023-11-24 12:36:31,818 TRACE o.h.e.j.e.i.NormalizingIdentifierHelperImpl [NormalizingIdentifierHelperImpl.java:62] Normalizing identifier quoting [lastname]
2023-11-24 12:36:31,818 DEBUG o.h.b.m.i.PropertyBinder [PropertyBinder.java:391] Building property lastname
2023-11-24 12:36:31,818 TRACE o.h.b.m.i.PropertyBinder [PropertyBinder.java:407] Cascading lastname with null
2023-11-24 12:36:31,819 TRACE o.h.b.m.i.PropertyBinder [PropertyBinder.java:695] Processing annotations of franco.maurizio.hr.desk.com.persistence.entity.User.password
2023-11-24 12:36:31,819 TRACE o.h.e.j.e.i.NormalizingIdentifierHelperImpl [NormalizingIdentifierHelperImpl.java:62] Normalizing identifier quoting [password]
2023-11-24 12:36:31,819 TRACE o.h.e.j.e.i.NormalizingIdentifierHelperImpl [NormalizingIdentifierHelperImpl.java:62] Normalizing identifier quoting [password]
2023-11-24 12:36:31,820 DEBUG o.h.b.m.i.AnnotatedColumn [AnnotatedColumn.java:249] Binding column: AnnotatedColumn(column='password')
2023-11-24 12:36:31,820 DEBUG o.h.b.m.i.PropertyBinder [PropertyBinder.java:251] MetadataSourceProcessor property password with lazy=false
2023-11-24 12:36:31,820 DEBUG o.h.b.m.i.AbstractPropertyHolder [AbstractPropertyHolder.java:107] Attempting to locate auto-apply AttributeConverter for property [franco.maurizio.hr.desk.com.persistence.entity.User:password]
2023-11-24 12:36:31,821 DEBUG o.h.b.m.i.BasicValueBinder [BasicValueBinder.java:1196] building BasicValue for password
2023-11-24 12:36:31,821 DEBUG o.h.m.BasicValue [BasicValue.java:259] Skipping column re-registration: users.password
2023-11-24 12:36:31,821 TRACE o.h.e.j.e.i.NormalizingIdentifierHelperImpl [NormalizingIdentifierHelperImpl.java:62] Normalizing identifier quoting [password]
2023-11-24 12:36:31,821 DEBUG o.h.b.m.i.PropertyBinder [PropertyBinder.java:391] Building property password
2023-11-24 12:36:31,822 TRACE o.h.b.m.i.PropertyBinder [PropertyBinder.java:407] Cascading password with null
2023-11-24 12:36:31,822 TRACE o.h.b.m.i.PropertyBinder [PropertyBinder.java:695] Processing annotations of franco.maurizio.hr.desk.com.persistence.entity.User.regdate
2023-11-24 12:36:31,822 TRACE o.h.e.j.e.i.NormalizingIdentifierHelperImpl [NormalizingIdentifierHelperImpl.java:62] Normalizing identifier quoting [regdate]
2023-11-24 12:36:31,823 TRACE o.h.e.j.e.i.NormalizingIdentifierHelperImpl [NormalizingIdentifierHelperImpl.java:62] Normalizing identifier quoting [regdate]
2023-11-24 12:36:31,823 DEBUG o.h.b.m.i.AnnotatedColumn [AnnotatedColumn.java:249] Binding column: AnnotatedColumn(column='regdate')
2023-11-24 12:36:31,823 DEBUG o.h.b.m.i.PropertyBinder [PropertyBinder.java:251] MetadataSourceProcessor property regdate with lazy=false
2023-11-24 12:36:31,823 DEBUG o.h.b.m.i.AbstractPropertyHolder [AbstractPropertyHolder.java:107] Attempting to locate auto-apply AttributeConverter for property [franco.maurizio.hr.desk.com.persistence.entity.User:regdate]
2023-11-24 12:36:31,824 DEBUG o.h.b.m.i.BasicValueBinder [BasicValueBinder.java:1196] building BasicValue for regdate
2023-11-24 12:36:31,824 DEBUG o.h.m.BasicValue [BasicValue.java:259] Skipping column re-registration: users.regdate
2023-11-24 12:36:31,824 TRACE o.h.e.j.e.i.NormalizingIdentifierHelperImpl [NormalizingIdentifierHelperImpl.java:62] Normalizing identifier quoting [regdate]
2023-11-24 12:36:31,825 DEBUG o.h.b.m.i.PropertyBinder [PropertyBinder.java:391] Building property regdate
2023-11-24 12:36:31,825 TRACE o.h.b.m.i.PropertyBinder [PropertyBinder.java:407] Cascading regdate with null
2023-11-24 12:36:31,825 TRACE o.h.b.m.i.PropertyBinder [PropertyBinder.java:695] Processing annotations of franco.maurizio.hr.desk.com.persistence.entity.User.role
2023-11-24 12:36:31,825 TRACE o.h.e.j.e.i.NormalizingIdentifierHelperImpl [NormalizingIdentifierHelperImpl.java:62] Normalizing identifier quoting [role]
2023-11-24 12:36:31,826 TRACE o.h.e.j.e.i.NormalizingIdentifierHelperImpl [NormalizingIdentifierHelperImpl.java:62] Normalizing identifier quoting [role]
2023-11-24 12:36:31,826 DEBUG o.h.b.m.i.AnnotatedColumn [AnnotatedColumn.java:249] Binding column: AnnotatedColumn(column='role')
2023-11-24 12:36:31,827 DEBUG o.h.b.m.i.PropertyBinder [PropertyBinder.java:251] MetadataSourceProcessor property role with lazy=false
2023-11-24 12:36:31,827 DEBUG o.h.b.m.i.AbstractPropertyHolder [AbstractPropertyHolder.java:107] Attempting to locate auto-apply AttributeConverter for property [franco.maurizio.hr.desk.com.persistence.entity.User:role]
2023-11-24 12:36:31,828 DEBUG o.h.b.m.i.BasicValueBinder [BasicValueBinder.java:1196] building BasicValue for role
2023-11-24 12:36:31,828 DEBUG o.h.m.BasicValue [BasicValue.java:259] Skipping column re-registration: users.role
2023-11-24 12:36:31,828 TRACE o.h.e.j.e.i.NormalizingIdentifierHelperImpl [NormalizingIdentifierHelperImpl.java:62] Normalizing identifier quoting [role]
2023-11-24 12:36:31,829 DEBUG o.h.b.m.i.PropertyBinder [PropertyBinder.java:391] Building property role
2023-11-24 12:36:31,829 TRACE o.h.b.m.i.PropertyBinder [PropertyBinder.java:407] Cascading role with null
2023-11-24 12:36:31,831 DEBUG o.h.b.m.i.EntityBinder [EntityBinder.java:206] Binding entity from annotated class: franco.maurizio.hr.desk.com.persistence.entity.SurveyReply
2023-11-24 12:36:31,831 DEBUG o.h.b.m.i.EntityBinder [EntityBinder.java:1224] Import with entity name SurveyReply
2023-11-24 12:36:31,832 TRACE o.h.b.i.InFlightMetadataCollectorImpl [InFlightMetadataCollectorImpl.java:878] Import: SurveyReply -> franco.maurizio.hr.desk.com.persistence.entity.SurveyReply
2023-11-24 12:36:31,832 TRACE o.h.b.i.InFlightMetadataCollectorImpl [InFlightMetadataCollectorImpl.java:878] Import: franco.maurizio.hr.desk.com.persistence.entity.SurveyReply -> franco.maurizio.hr.desk.com.persistence.entity.SurveyReply
2023-11-24 12:36:31,832 TRACE o.h.e.j.e.i.NormalizingIdentifierHelperImpl [NormalizingIdentifierHelperImpl.java:62] Normalizing identifier quoting [surveyreplies]
2023-11-24 12:36:31,833 TRACE o.h.e.j.e.i.NormalizingIdentifierHelperImpl [NormalizingIdentifierHelperImpl.java:62] Normalizing identifier quoting [surveyreplies]
2023-11-24 12:36:31,833 DEBUG o.h.b.m.i.EntityBinder [EntityBinder.java:1769] Bind entity franco.maurizio.hr.desk.com.persistence.entity.SurveyReply on table surveyreplies
2023-11-24 12:36:31,833 TRACE o.h.e.j.e.i.NormalizingIdentifierHelperImpl [NormalizingIdentifierHelperImpl.java:62] Normalizing identifier quoting [DTYPE]
2023-11-24 12:36:31,834 DEBUG o.h.b.m.i.AnnotatedColumn [AnnotatedColumn.java:249] Binding column: AnnotatedDiscriminatorColumn(column='DTYPE')
2023-11-24 12:36:31,835 TRACE o.h.b.m.i.PropertyBinder [PropertyBinder.java:695] Processing annotations of franco.maurizio.hr.desk.com.persistence.entity.SurveyReply.id
2023-11-24 12:36:31,836 TRACE o.h.e.j.e.i.NormalizingIdentifierHelperImpl [NormalizingIdentifierHelperImpl.java:62] Normalizing identifier quoting [id]
2023-11-24 12:36:31,837 TRACE o.h.e.j.e.i.NormalizingIdentifierHelperImpl [NormalizingIdentifierHelperImpl.java:62] Normalizing identifier quoting [id]
2023-11-24 12:36:31,837 DEBUG o.h.b.m.i.AnnotatedColumn [AnnotatedColumn.java:249] Binding column: AnnotatedColumn()
2023-11-24 12:36:31,837 DEBUG o.h.b.i.ClassLoaderAccessImpl [ClassLoaderAccessImpl.java:60] Not known whether passed class name [franco.maurizio.hr.desk.com.persistence.entity.SurveyReply] is safe
2023-11-24 12:36:31,837 DEBUG o.h.b.i.ClassLoaderAccessImpl [ClassLoaderAccessImpl.java:62] No temp ClassLoader provided; using live ClassLoader for loading potentially unsafe class : franco.maurizio.hr.desk.com.persistence.entity.SurveyReply
2023-11-24 12:36:31,838 DEBUG o.h.b.m.i.PropertyBinder [PropertyBinder.java:251] MetadataSourceProcessor property id with lazy=false
2023-11-24 12:36:31,838 DEBUG o.h.b.m.i.AbstractPropertyHolder [AbstractPropertyHolder.java:107] Attempting to locate auto-apply AttributeConverter for property [franco.maurizio.hr.desk.com.persistence.entity.SurveyReply:id]
2023-11-24 12:36:31,838 DEBUG o.h.b.m.i.BasicValueBinder [BasicValueBinder.java:1196] building BasicValue for id
2023-11-24 12:36:31,839 DEBUG o.h.m.BasicValue [BasicValue.java:259] Skipping column re-registration: surveyreplies.id
2023-11-24 12:36:31,839 TRACE o.h.e.j.e.i.NormalizingIdentifierHelperImpl [NormalizingIdentifierHelperImpl.java:62] Normalizing identifier quoting [id]
2023-11-24 12:36:31,839 TRACE o.h.e.j.e.i.NormalizingIdentifierHelperImpl [NormalizingIdentifierHelperImpl.java:62] Normalizing identifier quoting [id]
2023-11-24 12:36:31,840 TRACE o.h.e.j.e.i.NormalizingIdentifierHelperImpl [NormalizingIdentifierHelperImpl.java:62] Normalizing identifier quoting [id]
2023-11-24 12:36:31,840 DEBUG o.h.b.m.i.PropertyBinder [PropertyBinder.java:391] Building property id
2023-11-24 12:36:31,840 TRACE o.h.b.m.i.PropertyBinder [PropertyBinder.java:407] Cascading id with null
2023-11-24 12:36:31,841 DEBUG o.h.b.m.i.BinderHelper [GeneratorBinder.java:73] #makeIdGenerator(BasicValue([Column(id)]), id, identity, , ...)
2023-11-24 12:36:31,841 TRACE o.h.b.m.i.PropertyBinder [PropertyBinder.java:1327] Bind @Id on id
2023-11-24 12:36:31,841 TRACE o.h.b.m.i.PropertyBinder [PropertyBinder.java:695] Processing annotations of franco.maurizio.hr.desk.com.persistence.entity.SurveyReply.answers
2023-11-24 12:36:31,841 TRACE o.h.e.j.e.i.NormalizingIdentifierHelperImpl [NormalizingIdentifierHelperImpl.java:62] Normalizing identifier quoting [answers]
2023-11-24 12:36:31,842 TRACE o.h.e.j.e.i.NormalizingIdentifierHelperImpl [NormalizingIdentifierHelperImpl.java:62] Normalizing identifier quoting [answers]
2023-11-24 12:36:31,842 DEBUG o.h.b.m.i.AnnotatedColumn [AnnotatedColumn.java:249] Binding column: AnnotatedColumn(column='answers')
2023-11-24 12:36:31,842 DEBUG o.h.b.m.i.PropertyBinder [PropertyBinder.java:251] MetadataSourceProcessor property answers with lazy=false
2023-11-24 12:36:31,843 DEBUG o.h.b.m.i.AbstractPropertyHolder [AbstractPropertyHolder.java:107] Attempting to locate auto-apply AttributeConverter for property [franco.maurizio.hr.desk.com.persistence.entity.SurveyReply:answers]
2023-11-24 12:36:31,843 DEBUG o.h.b.m.i.BasicValueBinder [BasicValueBinder.java:1196] building BasicValue for answers
2023-11-24 12:36:31,843 DEBUG o.h.m.BasicValue [BasicValue.java:259] Skipping column re-registration: surveyreplies.answers
2023-11-24 12:36:31,844 TRACE o.h.e.j.e.i.NormalizingIdentifierHelperImpl [NormalizingIdentifierHelperImpl.java:62] Normalizing identifier quoting [answers]
2023-11-24 12:36:31,844 DEBUG o.h.b.m.i.PropertyBinder [PropertyBinder.java:391] Building property answers
2023-11-24 12:36:31,844 TRACE o.h.b.m.i.PropertyBinder [PropertyBinder.java:407] Cascading answers with null
2023-11-24 12:36:31,844 TRACE o.h.b.m.i.PropertyBinder [PropertyBinder.java:695] Processing annotations of franco.maurizio.hr.desk.com.persistence.entity.SurveyReply.candidateId
2023-11-24 12:36:31,845 TRACE o.h.e.j.e.i.NormalizingIdentifierHelperImpl [NormalizingIdentifierHelperImpl.java:62] Normalizing identifier quoting [candidate_id]
2023-11-24 12:36:31,845 TRACE o.h.e.j.e.i.NormalizingIdentifierHelperImpl [NormalizingIdentifierHelperImpl.java:62] Normalizing identifier quoting [candidate_id]
2023-11-24 12:36:31,846 DEBUG o.h.b.m.i.AnnotatedColumn [AnnotatedColumn.java:249] Binding column: AnnotatedColumn(column='candidate_id')
2023-11-24 12:36:31,846 DEBUG o.h.b.m.i.PropertyBinder [PropertyBinder.java:251] MetadataSourceProcessor property candidateId with lazy=false
2023-11-24 12:36:31,846 DEBUG o.h.b.m.i.AbstractPropertyHolder [AbstractPropertyHolder.java:107] Attempting to locate auto-apply AttributeConverter for property [franco.maurizio.hr.desk.com.persistence.entity.SurveyReply:candidateId]
2023-11-24 12:36:31,847 DEBUG o.h.b.m.i.BasicValueBinder [BasicValueBinder.java:1196] building BasicValue for candidateId
2023-11-24 12:36:31,847 DEBUG o.h.m.BasicValue [BasicValue.java:259] Skipping column re-registration: surveyreplies.candidate_id
2023-11-24 12:36:31,847 TRACE o.h.e.j.e.i.NormalizingIdentifierHelperImpl [NormalizingIdentifierHelperImpl.java:62] Normalizing identifier quoting [candidate_id]
2023-11-24 12:36:31,847 DEBUG o.h.b.m.i.PropertyBinder [PropertyBinder.java:391] Building property candidateId
2023-11-24 12:36:31,848 TRACE o.h.b.m.i.PropertyBinder [PropertyBinder.java:407] Cascading candidateId with null
2023-11-24 12:36:31,848 TRACE o.h.b.m.i.PropertyBinder [PropertyBinder.java:695] Processing annotations of franco.maurizio.hr.desk.com.persistence.entity.SurveyReply.endtime
2023-11-24 12:36:31,848 TRACE o.h.e.j.e.i.NormalizingIdentifierHelperImpl [NormalizingIdentifierHelperImpl.java:62] Normalizing identifier quoting [endtime]
2023-11-24 12:36:31,849 TRACE o.h.e.j.e.i.NormalizingIdentifierHelperImpl [NormalizingIdentifierHelperImpl.java:62] Normalizing identifier quoting [endtime]
2023-11-24 12:36:31,849 DEBUG o.h.b.m.i.AnnotatedColumn [AnnotatedColumn.java:249] Binding column: AnnotatedColumn(column='endtime')
2023-11-24 12:36:31,849 DEBUG o.h.b.m.i.PropertyBinder [PropertyBinder.java:251] MetadataSourceProcessor property endtime with lazy=false
2023-11-24 12:36:31,850 DEBUG o.h.b.m.i.AbstractPropertyHolder [AbstractPropertyHolder.java:107] Attempting to locate auto-apply AttributeConverter for property [franco.maurizio.hr.desk.com.persistence.entity.SurveyReply:endtime]
2023-11-24 12:36:31,850 DEBUG o.h.b.m.i.BasicValueBinder [BasicValueBinder.java:1196] building BasicValue for endtime
2023-11-24 12:36:31,850 DEBUG o.h.m.BasicValue [BasicValue.java:259] Skipping column re-registration: surveyreplies.endtime
2023-11-24 12:36:31,851 TRACE o.h.e.j.e.i.NormalizingIdentifierHelperImpl [NormalizingIdentifierHelperImpl.java:62] Normalizing identifier quoting [endtime]
2023-11-24 12:36:31,851 DEBUG o.h.b.m.i.PropertyBinder [PropertyBinder.java:391] Building property endtime
2023-11-24 12:36:31,851 TRACE o.h.b.m.i.PropertyBinder [PropertyBinder.java:407] Cascading endtime with null
2023-11-24 12:36:31,851 TRACE o.h.b.m.i.PropertyBinder [PropertyBinder.java:695] Processing annotations of franco.maurizio.hr.desk.com.persistence.entity.SurveyReply.generated_token
2023-11-24 12:36:31,852 TRACE o.h.e.j.e.i.NormalizingIdentifierHelperImpl [NormalizingIdentifierHelperImpl.java:62] Normalizing identifier quoting [generated_token]
2023-11-24 12:36:31,852 TRACE o.h.e.j.e.i.NormalizingIdentifierHelperImpl [NormalizingIdentifierHelperImpl.java:62] Normalizing identifier quoting [generated_token]
2023-11-24 12:36:31,853 DEBUG o.h.b.m.i.AnnotatedColumn [AnnotatedColumn.java:249] Binding column: AnnotatedColumn(column='generated_token')
2023-11-24 12:36:31,853 DEBUG o.h.b.m.i.PropertyBinder [PropertyBinder.java:251] MetadataSourceProcessor property generated_token with lazy=false
2023-11-24 12:36:31,853 DEBUG o.h.b.m.i.AbstractPropertyHolder [AbstractPropertyHolder.java:107] Attempting to locate auto-apply AttributeConverter for property [franco.maurizio.hr.desk.com.persistence.entity.SurveyReply:generated_token]
2023-11-24 12:36:31,853 DEBUG o.h.b.m.i.BasicValueBinder [BasicValueBinder.java:1196] building BasicValue for generated_token
2023-11-24 12:36:31,854 DEBUG o.h.m.BasicValue [BasicValue.java:259] Skipping column re-registration: surveyreplies.generated_token
2023-11-24 12:36:31,854 TRACE o.h.e.j.e.i.NormalizingIdentifierHelperImpl [NormalizingIdentifierHelperImpl.java:62] Normalizing identifier quoting [generated_token]
2023-11-24 12:36:31,854 DEBUG o.h.b.m.i.PropertyBinder [PropertyBinder.java:391] Building property generated_token
2023-11-24 12:36:31,855 TRACE o.h.b.m.i.PropertyBinder [PropertyBinder.java:407] Cascading generated_token with null
2023-11-24 12:36:31,855 TRACE o.h.b.m.i.PropertyBinder [PropertyBinder.java:695] Processing annotations of franco.maurizio.hr.desk.com.persistence.entity.SurveyReply.pdffilename
2023-11-24 12:36:31,855 TRACE o.h.e.j.e.i.NormalizingIdentifierHelperImpl [NormalizingIdentifierHelperImpl.java:62] Normalizing identifier quoting [pdffilename]
2023-11-24 12:36:31,856 TRACE o.h.e.j.e.i.NormalizingIdentifierHelperImpl [NormalizingIdentifierHelperImpl.java:62] Normalizing identifier quoting [pdffilename]
2023-11-24 12:36:31,856 DEBUG o.h.b.m.i.AnnotatedColumn [AnnotatedColumn.java:249] Binding column: AnnotatedColumn(column='pdffilename')
2023-11-24 12:36:31,856 DEBUG o.h.b.m.i.PropertyBinder [PropertyBinder.java:251] MetadataSourceProcessor property pdffilename with lazy=false
2023-11-24 12:36:31,857 DEBUG o.h.b.m.i.AbstractPropertyHolder [AbstractPropertyHolder.java:107] Attempting to locate auto-apply AttributeConverter for property [franco.maurizio.hr.desk.com.persistence.entity.SurveyReply:pdffilename]
2023-11-24 12:36:31,857 DEBUG o.h.b.m.i.BasicValueBinder [BasicValueBinder.java:1196] building BasicValue for pdffilename
2023-11-24 12:36:31,857 DEBUG o.h.m.BasicValue [BasicValue.java:259] Skipping column re-registration: surveyreplies.pdffilename
2023-11-24 12:36:31,857 TRACE o.h.e.j.e.i.NormalizingIdentifierHelperImpl [NormalizingIdentifierHelperImpl.java:62] Normalizing identifier quoting [pdffilename]
2023-11-24 12:36:31,858 DEBUG o.h.b.m.i.PropertyBinder [PropertyBinder.java:391] Building property pdffilename
2023-11-24 12:36:31,858 TRACE o.h.b.m.i.PropertyBinder [PropertyBinder.java:407] Cascading pdffilename with null
2023-11-24 12:36:31,858 TRACE o.h.b.m.i.PropertyBinder [PropertyBinder.java:695] Processing annotations of franco.maurizio.hr.desk.com.persistence.entity.SurveyReply.points
2023-11-24 12:36:31,858 TRACE o.h.e.j.e.i.NormalizingIdentifierHelperImpl [NormalizingIdentifierHelperImpl.java:62] Normalizing identifier quoting [points]
2023-11-24 12:36:31,859 TRACE o.h.e.j.e.i.NormalizingIdentifierHelperImpl [NormalizingIdentifierHelperImpl.java:62] Normalizing identifier quoting [points]
2023-11-24 12:36:31,859 DEBUG o.h.b.m.i.AnnotatedColumn [AnnotatedColumn.java:249] Binding column: AnnotatedColumn(column='points')
2023-11-24 12:36:31,860 DEBUG o.h.b.m.i.PropertyBinder [PropertyBinder.java:251] MetadataSourceProcessor property points with lazy=false
2023-11-24 12:36:31,860 DEBUG o.h.b.m.i.AbstractPropertyHolder [AbstractPropertyHolder.java:107] Attempting to locate auto-apply AttributeConverter for property [franco.maurizio.hr.desk.com.persistence.entity.SurveyReply:points]
2023-11-24 12:36:31,860 DEBUG o.h.b.m.i.BasicValueBinder [BasicValueBinder.java:1196] building BasicValue for points
2023-11-24 12:36:31,860 DEBUG o.h.m.BasicValue [BasicValue.java:259] Skipping column re-registration: surveyreplies.points
2023-11-24 12:36:31,861 TRACE o.h.e.j.e.i.NormalizingIdentifierHelperImpl [NormalizingIdentifierHelperImpl.java:62] Normalizing identifier quoting [points]
2023-11-24 12:36:31,861 DEBUG o.h.b.m.i.PropertyBinder [PropertyBinder.java:391] Building property points
2023-11-24 12:36:31,861 TRACE o.h.b.m.i.PropertyBinder [PropertyBinder.java:407] Cascading points with null
2023-11-24 12:36:31,861 TRACE o.h.b.m.i.PropertyBinder [PropertyBinder.java:695] Processing annotations of franco.maurizio.hr.desk.com.persistence.entity.SurveyReply.starttime
2023-11-24 12:36:31,862 TRACE o.h.e.j.e.i.NormalizingIdentifierHelperImpl [NormalizingIdentifierHelperImpl.java:62] Normalizing identifier quoting [starttime]
2023-11-24 12:36:31,862 TRACE o.h.e.j.e.i.NormalizingIdentifierHelperImpl [NormalizingIdentifierHelperImpl.java:62] Normalizing identifier quoting [starttime]
2023-11-24 12:36:31,863 DEBUG o.h.b.m.i.AnnotatedColumn [AnnotatedColumn.java:249] Binding column: AnnotatedColumn(column='starttime')
2023-11-24 12:36:31,863 DEBUG o.h.b.m.i.PropertyBinder [PropertyBinder.java:251] MetadataSourceProcessor property starttime with lazy=false
2023-11-24 12:36:31,863 DEBUG o.h.b.m.i.AbstractPropertyHolder [AbstractPropertyHolder.java:107] Attempting to locate auto-apply AttributeConverter for property [franco.maurizio.hr.desk.com.persistence.entity.SurveyReply:starttime]
2023-11-24 12:36:31,863 DEBUG o.h.b.m.i.BasicValueBinder [BasicValueBinder.java:1196] building BasicValue for starttime
2023-11-24 12:36:31,864 DEBUG o.h.m.BasicValue [BasicValue.java:259] Skipping column re-registration: surveyreplies.starttime
2023-11-24 12:36:31,864 TRACE o.h.e.j.e.i.NormalizingIdentifierHelperImpl [NormalizingIdentifierHelperImpl.java:62] Normalizing identifier quoting [starttime]
2023-11-24 12:36:31,864 DEBUG o.h.b.m.i.PropertyBinder [PropertyBinder.java:391] Building property starttime
2023-11-24 12:36:31,865 TRACE o.h.b.m.i.PropertyBinder [PropertyBinder.java:407] Cascading starttime with null
2023-11-24 12:36:31,865 TRACE o.h.b.m.i.PropertyBinder [PropertyBinder.java:695] Processing annotations of franco.maurizio.hr.desk.com.persistence.entity.SurveyReply.surveyId
2023-11-24 12:36:31,865 TRACE o.h.e.j.e.i.NormalizingIdentifierHelperImpl [NormalizingIdentifierHelperImpl.java:62] Normalizing identifier quoting [survey_id]
2023-11-24 12:36:31,866 TRACE o.h.e.j.e.i.NormalizingIdentifierHelperImpl [NormalizingIdentifierHelperImpl.java:62] Normalizing identifier quoting [survey_id]
2023-11-24 12:36:31,866 DEBUG o.h.b.m.i.AnnotatedColumn [AnnotatedColumn.java:249] Binding column: AnnotatedColumn(column='survey_id')
2023-11-24 12:36:31,867 DEBUG o.h.b.m.i.PropertyBinder [PropertyBinder.java:251] MetadataSourceProcessor property surveyId with lazy=false
2023-11-24 12:36:31,867 DEBUG o.h.b.m.i.AbstractPropertyHolder [AbstractPropertyHolder.java:107] Attempting to locate auto-apply AttributeConverter for property [franco.maurizio.hr.desk.com.persistence.entity.SurveyReply:surveyId]
2023-11-24 12:36:31,867 DEBUG o.h.b.m.i.BasicValueBinder [BasicValueBinder.java:1196] building BasicValue for surveyId
2023-11-24 12:36:31,867 DEBUG o.h.m.BasicValue [BasicValue.java:259] Skipping column re-registration: surveyreplies.survey_id
2023-11-24 12:36:31,868 TRACE o.h.e.j.e.i.NormalizingIdentifierHelperImpl [NormalizingIdentifierHelperImpl.java:62] Normalizing identifier quoting [survey_id]
2023-11-24 12:36:31,868 DEBUG o.h.b.m.i.PropertyBinder [PropertyBinder.java:391] Building property surveyId
2023-11-24 12:36:31,868 TRACE o.h.b.m.i.PropertyBinder [PropertyBinder.java:407] Cascading surveyId with null
2023-11-24 12:36:31,869 DEBUG o.h.b.m.i.EntityBinder [EntityBinder.java:206] Binding entity from annotated class: franco.maurizio.hr.desk.com.persistence.entity.PositionUserOwner
2023-11-24 12:36:31,870 DEBUG o.h.b.m.i.EntityBinder [EntityBinder.java:1224] Import with entity name PositionUserOwner
2023-11-24 12:36:31,870 TRACE o.h.b.i.InFlightMetadataCollectorImpl [InFlightMetadataCollectorImpl.java:878] Import: PositionUserOwner -> franco.maurizio.hr.desk.com.persistence.entity.PositionUserOwner
2023-11-24 12:36:31,870 TRACE o.h.b.i.InFlightMetadataCollectorImpl [InFlightMetadataCollectorImpl.java:878] Import: franco.maurizio.hr.desk.com.persistence.entity.PositionUserOwner -> franco.maurizio.hr.desk.com.persistence.entity.PositionUserOwner
2023-11-24 12:36:31,871 TRACE o.h.e.j.e.i.NormalizingIdentifierHelperImpl [NormalizingIdentifierHelperImpl.java:62] Normalizing identifier quoting [positionuserowner]
2023-11-24 12:36:31,871 TRACE o.h.e.j.e.i.NormalizingIdentifierHelperImpl [NormalizingIdentifierHelperImpl.java:62] Normalizing identifier quoting [positionuserowner]
2023-11-24 12:36:31,871 DEBUG o.h.b.m.i.EntityBinder [EntityBinder.java:1769] Bind entity franco.maurizio.hr.desk.com.persistence.entity.PositionUserOwner on table positionuserowner
2023-11-24 12:36:31,872 TRACE o.h.e.j.e.i.NormalizingIdentifierHelperImpl [NormalizingIdentifierHelperImpl.java:62] Normalizing identifier quoting [DTYPE]
2023-11-24 12:36:31,872 DEBUG o.h.b.m.i.AnnotatedColumn [AnnotatedColumn.java:249] Binding column: AnnotatedDiscriminatorColumn(column='DTYPE')
2023-11-24 12:36:31,873 TRACE o.h.b.m.i.PropertyBinder [PropertyBinder.java:695] Processing annotations of franco.maurizio.hr.desk.com.persistence.entity.PositionUserOwner.id
2023-11-24 12:36:31,874 TRACE o.h.e.j.e.i.NormalizingIdentifierHelperImpl [NormalizingIdentifierHelperImpl.java:62] Normalizing identifier quoting [id]
2023-11-24 12:36:31,874 TRACE o.h.e.j.e.i.NormalizingIdentifierHelperImpl [NormalizingIdentifierHelperImpl.java:62] Normalizing identifier quoting [id]
2023-11-24 12:36:31,875 DEBUG o.h.b.m.i.AnnotatedColumn [AnnotatedColumn.java:249] Binding column: AnnotatedColumn(column='id')
2023-11-24 12:36:31,875 DEBUG o.h.b.i.ClassLoaderAccessImpl [ClassLoaderAccessImpl.java:60] Not known whether passed class name [franco.maurizio.hr.desk.com.persistence.entity.PositionUserOwner] is safe
2023-11-24 12:36:31,875 DEBUG o.h.b.i.ClassLoaderAccessImpl [ClassLoaderAccessImpl.java:62] No temp ClassLoader provided; using live ClassLoader for loading potentially unsafe class : franco.maurizio.hr.desk.com.persistence.entity.PositionUserOwner
2023-11-24 12:36:31,876 DEBUG o.h.b.m.i.PropertyBinder [PropertyBinder.java:251] MetadataSourceProcessor property id with lazy=false
2023-11-24 12:36:31,876 DEBUG o.h.b.m.i.AbstractPropertyHolder [AbstractPropertyHolder.java:107] Attempting to locate auto-apply AttributeConverter for property [franco.maurizio.hr.desk.com.persistence.entity.PositionUserOwner:id]
2023-11-24 12:36:31,876 DEBUG o.h.b.m.i.BasicValueBinder [BasicValueBinder.java:1196] building BasicValue for id
2023-11-24 12:36:31,877 DEBUG o.h.m.BasicValue [BasicValue.java:259] Skipping column re-registration: positionuserowner.id
2023-11-24 12:36:31,877 TRACE o.h.e.j.e.i.NormalizingIdentifierHelperImpl [NormalizingIdentifierHelperImpl.java:62] Normalizing identifier quoting [id]
2023-11-24 12:36:31,877 DEBUG o.h.b.m.i.PropertyBinder [PropertyBinder.java:391] Building property id
2023-11-24 12:36:31,878 TRACE o.h.b.m.i.PropertyBinder [PropertyBinder.java:407] Cascading id with null
2023-11-24 12:36:31,878 DEBUG o.h.b.m.i.BinderHelper [GeneratorBinder.java:73] #makeIdGenerator(BasicValue([Column(id)]), id, identity, , ...)
2023-11-24 12:36:31,878 TRACE o.h.b.m.i.PropertyBinder [PropertyBinder.java:1327] Bind @Id on id
2023-11-24 12:36:31,878 TRACE o.h.b.m.i.PropertyBinder [PropertyBinder.java:695] Processing annotations of franco.maurizio.hr.desk.com.persistence.entity.PositionUserOwner.coursePageId
2023-11-24 12:36:31,879 TRACE o.h.e.j.e.i.NormalizingIdentifierHelperImpl [NormalizingIdentifierHelperImpl.java:62] Normalizing identifier quoting [course_page_id]
2023-11-24 12:36:31,879 TRACE o.h.e.j.e.i.NormalizingIdentifierHelperImpl [NormalizingIdentifierHelperImpl.java:62] Normalizing identifier quoting [course_page_id]
2023-11-24 12:36:31,880 DEBUG o.h.b.m.i.AnnotatedColumn [AnnotatedColumn.java:249] Binding column: AnnotatedColumn(column='course_page_id')
2023-11-24 12:36:31,880 DEBUG o.h.b.m.i.PropertyBinder [PropertyBinder.java:251] MetadataSourceProcessor property coursePageId with lazy=false
2023-11-24 12:36:31,880 DEBUG o.h.b.m.i.AbstractPropertyHolder [AbstractPropertyHolder.java:107] Attempting to locate auto-apply AttributeConverter for property [franco.maurizio.hr.desk.com.persistence.entity.PositionUserOwner:coursePageId]
2023-11-24 12:36:31,880 DEBUG o.h.b.m.i.BasicValueBinder [BasicValueBinder.java:1196] building BasicValue for coursePageId
2023-11-24 12:36:31,881 DEBUG o.h.m.BasicValue [BasicValue.java:259] Skipping column re-registration: positionuserowner.course_page_id
2023-11-24 12:36:31,881 TRACE o.h.e.j.e.i.NormalizingIdentifierHelperImpl [NormalizingIdentifierHelperImpl.java:62] Normalizing identifier quoting [course_page_id]
2023-11-24 12:36:31,881 DEBUG o.h.b.m.i.PropertyBinder [PropertyBinder.java:391] Building property coursePageId
2023-11-24 12:36:31,882 TRACE o.h.b.m.i.PropertyBinder [PropertyBinder.java:407] Cascading coursePageId with null
2023-11-24 12:36:31,882 TRACE o.h.b.m.i.PropertyBinder [PropertyBinder.java:695] Processing annotations of franco.maurizio.hr.desk.com.persistence.entity.PositionUserOwner.userId
2023-11-24 12:36:31,882 TRACE o.h.e.j.e.i.NormalizingIdentifierHelperImpl [NormalizingIdentifierHelperImpl.java:62] Normalizing identifier quoting [user_id]
2023-11-24 12:36:31,883 TRACE o.h.e.j.e.i.NormalizingIdentifierHelperImpl [NormalizingIdentifierHelperImpl.java:62] Normalizing identifier quoting [user_id]
2023-11-24 12:36:31,883 DEBUG o.h.b.m.i.AnnotatedColumn [AnnotatedColumn.java:249] Binding column: AnnotatedColumn(column='user_id')
2023-11-24 12:36:31,883 DEBUG o.h.b.m.i.PropertyBinder [PropertyBinder.java:251] MetadataSourceProcessor property userId with lazy=false
2023-11-24 12:36:31,884 DEBUG o.h.b.m.i.AbstractPropertyHolder [AbstractPropertyHolder.java:107] Attempting to locate auto-apply AttributeConverter for property [franco.maurizio.hr.desk.com.persistence.entity.PositionUserOwner:userId]
2023-11-24 12:36:31,884 DEBUG o.h.b.m.i.BasicValueBinder [BasicValueBinder.java:1196] building BasicValue for userId
2023-11-24 12:36:31,884 DEBUG o.h.m.BasicValue [BasicValue.java:259] Skipping column re-registration: positionuserowner.user_id
2023-11-24 12:36:31,884 TRACE o.h.e.j.e.i.NormalizingIdentifierHelperImpl [NormalizingIdentifierHelperImpl.java:62] Normalizing identifier quoting [user_id]
2023-11-24 12:36:31,885 DEBUG o.h.b.m.i.PropertyBinder [PropertyBinder.java:391] Building property userId
2023-11-24 12:36:31,885 TRACE o.h.b.m.i.PropertyBinder [PropertyBinder.java:407] Cascading userId with null
2023-11-24 12:36:31,886 DEBUG o.h.b.m.i.EntityBinder [EntityBinder.java:206] Binding entity from annotated class: franco.maurizio.hr.desk.com.persistence.entity.SurveyQuestion
2023-11-24 12:36:31,886 DEBUG o.h.b.m.i.EntityBinder [EntityBinder.java:1224] Import with entity name SurveyQuestion
2023-11-24 12:36:31,886 TRACE o.h.b.i.InFlightMetadataCollectorImpl [InFlightMetadataCollectorImpl.java:878] Import: SurveyQuestion -> franco.maurizio.hr.desk.com.persistence.entity.SurveyQuestion
2023-11-24 12:36:31,887 TRACE o.h.b.i.InFlightMetadataCollectorImpl [InFlightMetadataCollectorImpl.java:878] Import: franco.maurizio.hr.desk.com.persistence.entity.SurveyQuestion -> franco.maurizio.hr.desk.com.persistence.entity.SurveyQuestion
2023-11-24 12:36:31,887 TRACE o.h.e.j.e.i.NormalizingIdentifierHelperImpl [NormalizingIdentifierHelperImpl.java:62] Normalizing identifier quoting [surveyquestions]
2023-11-24 12:36:31,887 TRACE o.h.e.j.e.i.NormalizingIdentifierHelperImpl [NormalizingIdentifierHelperImpl.java:62] Normalizing identifier quoting [surveyquestions]
2023-11-24 12:36:31,888 DEBUG o.h.b.m.i.EntityBinder [EntityBinder.java:1769] Bind entity franco.maurizio.hr.desk.com.persistence.entity.SurveyQuestion on table surveyquestions
2023-11-24 12:36:31,888 TRACE o.h.e.j.e.i.NormalizingIdentifierHelperImpl [NormalizingIdentifierHelperImpl.java:62] Normalizing identifier quoting [DTYPE]
2023-11-24 12:36:31,888 DEBUG o.h.b.m.i.AnnotatedColumn [AnnotatedColumn.java:249] Binding column: AnnotatedDiscriminatorColumn(column='DTYPE')
2023-11-24 12:36:31,889 TRACE o.h.b.m.i.PropertyBinder [PropertyBinder.java:695] Processing annotations of franco.maurizio.hr.desk.com.persistence.entity.SurveyQuestion.id
2023-11-24 12:36:31,890 TRACE o.h.e.j.e.i.NormalizingIdentifierHelperImpl [NormalizingIdentifierHelperImpl.java:62] Normalizing identifier quoting [id]
2023-11-24 12:36:31,890 TRACE o.h.e.j.e.i.NormalizingIdentifierHelperImpl [NormalizingIdentifierHelperImpl.java:62] Normalizing identifier quoting [id]
2023-11-24 12:36:31,890 DEBUG o.h.b.m.i.AnnotatedColumn [AnnotatedColumn.java:249] Binding column: AnnotatedColumn(column='id')
2023-11-24 12:36:31,891 DEBUG o.h.b.i.ClassLoaderAccessImpl [ClassLoaderAccessImpl.java:60] Not known whether passed class name [franco.maurizio.hr.desk.com.persistence.entity.SurveyQuestion] is safe
2023-11-24 12:36:31,891 DEBUG o.h.b.i.ClassLoaderAccessImpl [ClassLoaderAccessImpl.java:62] No temp ClassLoader provided; using live ClassLoader for loading potentially unsafe class : franco.maurizio.hr.desk.com.persistence.entity.SurveyQuestion
2023-11-24 12:36:31,891 DEBUG o.h.b.m.i.PropertyBinder [PropertyBinder.java:251] MetadataSourceProcessor property id with lazy=false
2023-11-24 12:36:31,891 DEBUG o.h.b.m.i.AbstractPropertyHolder [AbstractPropertyHolder.java:107] Attempting to locate auto-apply AttributeConverter for property [franco.maurizio.hr.desk.com.persistence.entity.SurveyQuestion:id]
2023-11-24 12:36:31,892 DEBUG o.h.b.m.i.BasicValueBinder [BasicValueBinder.java:1196] building BasicValue for id
2023-11-24 12:36:31,892 DEBUG o.h.m.BasicValue [BasicValue.java:259] Skipping column re-registration: surveyquestions.id
2023-11-24 12:36:31,892 TRACE o.h.e.j.e.i.NormalizingIdentifierHelperImpl [NormalizingIdentifierHelperImpl.java:62] Normalizing identifier quoting [id]
2023-11-24 12:36:31,893 DEBUG o.h.b.m.i.PropertyBinder [PropertyBinder.java:391] Building property id
2023-11-24 12:36:31,893 TRACE o.h.b.m.i.PropertyBinder [PropertyBinder.java:407] Cascading id with null
2023-11-24 12:36:31,893 DEBUG o.h.b.m.i.BinderHelper [GeneratorBinder.java:73] #makeIdGenerator(BasicValue([Column(id)]), id, identity, , ...)
2023-11-24 12:36:31,893 TRACE o.h.b.m.i.PropertyBinder [PropertyBinder.java:1327] Bind @Id on id
2023-11-24 12:36:31,894 TRACE o.h.b.m.i.PropertyBinder [PropertyBinder.java:695] Processing annotations of franco.maurizio.hr.desk.com.persistence.entity.SurveyQuestion.position
2023-11-24 12:36:31,894 TRACE o.h.e.j.e.i.NormalizingIdentifierHelperImpl [NormalizingIdentifierHelperImpl.java:62] Normalizing identifier quoting [position]
2023-11-24 12:36:31,895 TRACE o.h.e.j.e.i.NormalizingIdentifierHelperImpl [NormalizingIdentifierHelperImpl.java:62] Normalizing identifier quoting [position]
2023-11-24 12:36:31,895 DEBUG o.h.b.m.i.AnnotatedColumn [AnnotatedColumn.java:249] Binding column: AnnotatedColumn(column='position')
2023-11-24 12:36:31,895 DEBUG o.h.b.m.i.PropertyBinder [PropertyBinder.java:251] MetadataSourceProcessor property position with lazy=false
2023-11-24 12:36:31,895 DEBUG o.h.b.m.i.AbstractPropertyHolder [AbstractPropertyHolder.java:107] Attempting to locate auto-apply AttributeConverter for property [franco.maurizio.hr.desk.com.persistence.entity.SurveyQuestion:position]
2023-11-24 12:36:31,896 DEBUG o.h.b.m.i.BasicValueBinder [BasicValueBinder.java:1196] building BasicValue for position
2023-11-24 12:36:31,896 DEBUG o.h.m.BasicValue [BasicValue.java:259] Skipping column re-registration: surveyquestions.position
2023-11-24 12:36:31,896 TRACE o.h.e.j.e.i.NormalizingIdentifierHelperImpl [NormalizingIdentifierHelperImpl.java:62] Normalizing identifier quoting [position]
2023-11-24 12:36:31,897 DEBUG o.h.b.m.i.PropertyBinder [PropertyBinder.java:391] Building property position
2023-11-24 12:36:31,897 TRACE o.h.b.m.i.PropertyBinder [PropertyBinder.java:407] Cascading position with null
2023-11-24 12:36:31,897 TRACE o.h.b.m.i.PropertyBinder [PropertyBinder.java:695] Processing annotations of franco.maurizio.hr.desk.com.persistence.entity.SurveyQuestion.questionId
2023-11-24 12:36:31,897 TRACE o.h.e.j.e.i.NormalizingIdentifierHelperImpl [NormalizingIdentifierHelperImpl.java:62] Normalizing identifier quoting [question_id]
2023-11-24 12:36:31,898 TRACE o.h.e.j.e.i.NormalizingIdentifierHelperImpl [NormalizingIdentifierHelperImpl.java:62] Normalizing identifier quoting [question_id]
2023-11-24 12:36:31,898 DEBUG o.h.b.m.i.AnnotatedColumn [AnnotatedColumn.java:249] Binding column: AnnotatedColumn(column='question_id')
2023-11-24 12:36:31,899 DEBUG o.h.b.m.i.PropertyBinder [PropertyBinder.java:251] MetadataSourceProcessor property questionId with lazy=false
2023-11-24 12:36:31,899 DEBUG o.h.b.m.i.AbstractPropertyHolder [AbstractPropertyHolder.java:107] Attempting to locate auto-apply AttributeConverter for property [franco.maurizio.hr.desk.com.persistence.entity.SurveyQuestion:questionId]
2023-11-24 12:36:31,899 DEBUG o.h.b.m.i.BasicValueBinder [BasicValueBinder.java:1196] building BasicValue for questionId
2023-11-24 12:36:31,899 DEBUG o.h.m.BasicValue [BasicValue.java:259] Skipping column re-registration: surveyquestions.question_id
2023-11-24 12:36:31,900 TRACE o.h.e.j.e.i.NormalizingIdentifierHelperImpl [NormalizingIdentifierHelperImpl.java:62] Normalizing identifier quoting [question_id]
2023-11-24 12:36:31,900 DEBUG o.h.b.m.i.PropertyBinder [PropertyBinder.java:391] Building property questionId
2023-11-24 12:36:31,900 TRACE o.h.b.m.i.PropertyBinder [PropertyBinder.java:407] Cascading questionId with null
2023-11-24 12:36:31,901 TRACE o.h.b.m.i.PropertyBinder [PropertyBinder.java:695] Processing annotations of franco.maurizio.hr.desk.com.persistence.entity.SurveyQuestion.surveyId
2023-11-24 12:36:31,901 TRACE o.h.e.j.e.i.NormalizingIdentifierHelperImpl [NormalizingIdentifierHelperImpl.java:62] Normalizing identifier quoting [survey_id]
2023-11-24 12:36:31,901 TRACE o.h.e.j.e.i.NormalizingIdentifierHelperImpl [NormalizingIdentifierHelperImpl.java:62] Normalizing identifier quoting [survey_id]
2023-11-24 12:36:31,902 DEBUG o.h.b.m.i.AnnotatedColumn [AnnotatedColumn.java:249] Binding column: AnnotatedColumn(column='survey_id')
2023-11-24 12:36:31,902 DEBUG o.h.b.m.i.PropertyBinder [PropertyBinder.java:251] MetadataSourceProcessor property surveyId with lazy=false
2023-11-24 12:36:31,902 DEBUG o.h.b.m.i.AbstractPropertyHolder [AbstractPropertyHolder.java:107] Attempting to locate auto-apply AttributeConverter for property [franco.maurizio.hr.desk.com.persistence.entity.SurveyQuestion:surveyId]
2023-11-24 12:36:31,903 DEBUG o.h.b.m.i.BasicValueBinder [BasicValueBinder.java:1196] building BasicValue for surveyId
2023-11-24 12:36:31,903 DEBUG o.h.m.BasicValue [BasicValue.java:259] Skipping column re-registration: surveyquestions.survey_id
2023-11-24 12:36:31,903 TRACE o.h.e.j.e.i.NormalizingIdentifierHelperImpl [NormalizingIdentifierHelperImpl.java:62] Normalizing identifier quoting [survey_id]
2023-11-24 12:36:31,904 DEBUG o.h.b.m.i.PropertyBinder [PropertyBinder.java:391] Building property surveyId
2023-11-24 12:36:31,904 TRACE o.h.b.m.i.PropertyBinder [PropertyBinder.java:407] Cascading surveyId with null
2023-11-24 12:36:31,905 DEBUG o.h.b.m.i.EntityBinder [EntityBinder.java:206] Binding entity from annotated class: franco.maurizio.hr.desk.com.persistence.entity.CoursePage
2023-11-24 12:36:31,906 DEBUG o.h.b.m.i.EntityBinder [EntityBinder.java:1224] Import with entity name CoursePage
2023-11-24 12:36:31,906 TRACE o.h.b.i.InFlightMetadataCollectorImpl [InFlightMetadataCollectorImpl.java:878] Import: CoursePage -> franco.maurizio.hr.desk.com.persistence.entity.CoursePage
2023-11-24 12:36:31,906 TRACE o.h.b.i.InFlightMetadataCollectorImpl [InFlightMetadataCollectorImpl.java:878] Import: franco.maurizio.hr.desk.com.persistence.entity.CoursePage -> franco.maurizio.hr.desk.com.persistence.entity.CoursePage
2023-11-24 12:36:31,906 TRACE o.h.e.j.e.i.NormalizingIdentifierHelperImpl [NormalizingIdentifierHelperImpl.java:62] Normalizing identifier quoting [coursepage]
2023-11-24 12:36:31,907 TRACE o.h.e.j.e.i.NormalizingIdentifierHelperImpl [NormalizingIdentifierHelperImpl.java:62] Normalizing identifier quoting [coursepage]
2023-11-24 12:36:31,907 DEBUG o.h.b.m.i.EntityBinder [EntityBinder.java:1769] Bind entity franco.maurizio.hr.desk.com.persistence.entity.CoursePage on table coursepage
2023-11-24 12:36:31,907 TRACE o.h.e.j.e.i.NormalizingIdentifierHelperImpl [NormalizingIdentifierHelperImpl.java:62] Normalizing identifier quoting [DTYPE]
2023-11-24 12:36:31,908 DEBUG o.h.b.m.i.AnnotatedColumn [AnnotatedColumn.java:249] Binding column: AnnotatedDiscriminatorColumn(column='DTYPE')
2023-11-24 12:36:31,909 TRACE o.h.b.m.i.PropertyBinder [PropertyBinder.java:695] Processing annotations of franco.maurizio.hr.desk.com.persistence.entity.CoursePage.id
2023-11-24 12:36:31,910 TRACE o.h.e.j.e.i.NormalizingIdentifierHelperImpl [NormalizingIdentifierHelperImpl.java:62] Normalizing identifier quoting [id]
2023-11-24 12:36:31,911 TRACE o.h.e.j.e.i.NormalizingIdentifierHelperImpl [NormalizingIdentifierHelperImpl.java:62] Normalizing identifier quoting [id]
2023-11-24 12:36:31,911 DEBUG o.h.b.m.i.AnnotatedColumn [AnnotatedColumn.java:249] Binding column: AnnotatedColumn(column='id')
2023-11-24 12:36:31,911 DEBUG o.h.b.i.ClassLoaderAccessImpl [ClassLoaderAccessImpl.java:60] Not known whether passed class name [franco.maurizio.hr.desk.com.persistence.entity.CoursePage] is safe
2023-11-24 12:36:31,911 DEBUG o.h.b.i.ClassLoaderAccessImpl [ClassLoaderAccessImpl.java:62] No temp ClassLoader provided; using live ClassLoader for loading potentially unsafe class : franco.maurizio.hr.desk.com.persistence.entity.CoursePage
2023-11-24 12:36:31,912 DEBUG o.h.b.m.i.PropertyBinder [PropertyBinder.java:251] MetadataSourceProcessor property id with lazy=false
2023-11-24 12:36:31,912 DEBUG o.h.b.m.i.AbstractPropertyHolder [AbstractPropertyHolder.java:107] Attempting to locate auto-apply AttributeConverter for property [franco.maurizio.hr.desk.com.persistence.entity.CoursePage:id]
2023-11-24 12:36:31,912 DEBUG o.h.b.m.i.BasicValueBinder [BasicValueBinder.java:1196] building BasicValue for id
2023-11-24 12:36:31,913 DEBUG o.h.m.BasicValue [BasicValue.java:259] Skipping column re-registration: coursepage.id
2023-11-24 12:36:31,913 TRACE o.h.e.j.e.i.NormalizingIdentifierHelperImpl [NormalizingIdentifierHelperImpl.java:62] Normalizing identifier quoting [id]
2023-11-24 12:36:31,913 DEBUG o.h.b.m.i.PropertyBinder [PropertyBinder.java:391] Building property id
2023-11-24 12:36:31,914 TRACE o.h.b.m.i.PropertyBinder [PropertyBinder.java:407] Cascading id with null
2023-11-24 12:36:31,914 DEBUG o.h.b.m.i.BinderHelper [GeneratorBinder.java:73] #makeIdGenerator(BasicValue([Column(id)]), id, identity, , ...)
2023-11-24 12:36:31,915 TRACE o.h.b.m.i.PropertyBinder [PropertyBinder.java:1327] Bind @Id on id
2023-11-24 12:36:31,915 TRACE o.h.b.m.i.PropertyBinder [PropertyBinder.java:695] Processing annotations of franco.maurizio.hr.desk.com.persistence.entity.CoursePage.bodyText
2023-11-24 12:36:31,915 TRACE o.h.e.j.e.i.NormalizingIdentifierHelperImpl [NormalizingIdentifierHelperImpl.java:62] Normalizing identifier quoting [body_text]
2023-11-24 12:36:31,916 TRACE o.h.e.j.e.i.NormalizingIdentifierHelperImpl [NormalizingIdentifierHelperImpl.java:62] Normalizing identifier quoting [body_text]
2023-11-24 12:36:31,916 DEBUG o.h.b.m.i.AnnotatedColumn [AnnotatedColumn.java:249] Binding column: AnnotatedColumn(column='body_text')
2023-11-24 12:36:31,917 DEBUG o.h.b.m.i.PropertyBinder [PropertyBinder.java:251] MetadataSourceProcessor property bodyText with lazy=false
2023-11-24 12:36:31,917 DEBUG o.h.b.m.i.AbstractPropertyHolder [AbstractPropertyHolder.java:107] Attempting to locate auto-apply AttributeConverter for property [franco.maurizio.hr.desk.com.persistence.entity.CoursePage:bodyText]
2023-11-24 12:36:31,917 DEBUG o.h.b.m.i.BasicValueBinder [BasicValueBinder.java:1196] building BasicValue for bodyText
2023-11-24 12:36:31,917 DEBUG o.h.m.BasicValue [BasicValue.java:259] Skipping column re-registration: coursepage.body_text
2023-11-24 12:36:31,918 TRACE o.h.e.j.e.i.NormalizingIdentifierHelperImpl [NormalizingIdentifierHelperImpl.java:62] Normalizing identifier quoting [body_text]
2023-11-24 12:36:31,918 DEBUG o.h.b.m.i.PropertyBinder [PropertyBinder.java:391] Building property bodyText
2023-11-24 12:36:31,918 TRACE o.h.b.m.i.PropertyBinder [PropertyBinder.java:407] Cascading bodyText with null
2023-11-24 12:36:31,919 TRACE o.h.b.m.i.PropertyBinder [PropertyBinder.java:695] Processing annotations of franco.maurizio.hr.desk.com.persistence.entity.CoursePage.code
2023-11-24 12:36:31,919 TRACE o.h.e.j.e.i.NormalizingIdentifierHelperImpl [NormalizingIdentifierHelperImpl.java:62] Normalizing identifier quoting [code]
2023-11-24 12:36:31,920 TRACE o.h.e.j.e.i.NormalizingIdentifierHelperImpl [NormalizingIdentifierHelperImpl.java:62] Normalizing identifier quoting [code]
2023-11-24 12:36:31,920 DEBUG o.h.b.m.i.AnnotatedColumn [AnnotatedColumn.java:249] Binding column: AnnotatedColumn(column='code')
2023-11-24 12:36:31,920 DEBUG o.h.b.m.i.PropertyBinder [PropertyBinder.java:251] MetadataSourceProcessor property code with lazy=false
2023-11-24 12:36:31,920 DEBUG o.h.b.m.i.AbstractPropertyHolder [AbstractPropertyHolder.java:107] Attempting to locate auto-apply AttributeConverter for property [franco.maurizio.hr.desk.com.persistence.entity.CoursePage:code]
2023-11-24 12:36:31,921 DEBUG o.h.b.m.i.BasicValueBinder [BasicValueBinder.java:1196] building BasicValue for code
2023-11-24 12:36:31,921 DEBUG o.h.m.BasicValue [BasicValue.java:259] Skipping column re-registration: coursepage.code
2023-11-24 12:36:31,921 TRACE o.h.e.j.e.i.NormalizingIdentifierHelperImpl [NormalizingIdentifierHelperImpl.java:62] Normalizing identifier quoting [code]
2023-11-24 12:36:31,922 DEBUG o.h.b.m.i.PropertyBinder [PropertyBinder.java:391] Building property code
2023-11-24 12:36:31,922 TRACE o.h.b.m.i.PropertyBinder [PropertyBinder.java:407] Cascading code with null
2023-11-24 12:36:31,922 TRACE o.h.b.m.i.PropertyBinder [PropertyBinder.java:695] Processing annotations of franco.maurizio.hr.desk.com.persistence.entity.CoursePage.created_datetime
2023-11-24 12:36:31,923 TRACE o.h.e.j.e.i.NormalizingIdentifierHelperImpl [NormalizingIdentifierHelperImpl.java:62] Normalizing identifier quoting [created_datetime]
2023-11-24 12:36:31,923 TRACE o.h.e.j.e.i.NormalizingIdentifierHelperImpl [NormalizingIdentifierHelperImpl.java:62] Normalizing identifier quoting [created_datetime]
2023-11-24 12:36:31,923 DEBUG o.h.b.m.i.AnnotatedColumn [AnnotatedColumn.java:249] Binding column: AnnotatedColumn(column='created_datetime')
2023-11-24 12:36:31,924 DEBUG o.h.b.m.i.PropertyBinder [PropertyBinder.java:251] MetadataSourceProcessor property created_datetime with lazy=false
2023-11-24 12:36:31,924 DEBUG o.h.b.m.i.AbstractPropertyHolder [AbstractPropertyHolder.java:107] Attempting to locate auto-apply AttributeConverter for property [franco.maurizio.hr.desk.com.persistence.entity.CoursePage:created_datetime]
2023-11-24 12:36:31,924 DEBUG o.h.b.m.i.BasicValueBinder [BasicValueBinder.java:1196] building BasicValue for created_datetime
2023-11-24 12:36:31,925 DEBUG o.h.m.BasicValue [BasicValue.java:259] Skipping column re-registration: coursepage.created_datetime
2023-11-24 12:36:31,925 TRACE o.h.e.j.e.i.NormalizingIdentifierHelperImpl [NormalizingIdentifierHelperImpl.java:62] Normalizing identifier quoting [created_datetime]
2023-11-24 12:36:31,925 DEBUG o.h.b.m.i.PropertyBinder [PropertyBinder.java:391] Building property created_datetime
2023-11-24 12:36:31,926 TRACE o.h.b.m.i.PropertyBinder [PropertyBinder.java:407] Cascading created_datetime with null
2023-11-24 12:36:31,926 TRACE o.h.b.m.i.PropertyBinder [PropertyBinder.java:695] Processing annotations of franco.maurizio.hr.desk.com.persistence.entity.CoursePage.fileName
2023-11-24 12:36:31,926 TRACE o.h.e.j.e.i.NormalizingIdentifierHelperImpl [NormalizingIdentifierHelperImpl.java:62] Normalizing identifier quoting [file_name]
2023-11-24 12:36:31,927 TRACE o.h.e.j.e.i.NormalizingIdentifierHelperImpl [NormalizingIdentifierHelperImpl.java:62] Normalizing identifier quoting [file_name]
2023-11-24 12:36:31,927 DEBUG o.h.b.m.i.AnnotatedColumn [AnnotatedColumn.java:249] Binding column: AnnotatedColumn(column='file_name')
2023-11-24 12:36:31,927 DEBUG o.h.b.m.i.PropertyBinder [PropertyBinder.java:251] MetadataSourceProcessor property fileName with lazy=false
2023-11-24 12:36:31,928 DEBUG o.h.b.m.i.AbstractPropertyHolder [AbstractPropertyHolder.java:107] Attempting to locate auto-apply AttributeConverter for property [franco.maurizio.hr.desk.com.persistence.entity.CoursePage:fileName]
2023-11-24 12:36:31,928 DEBUG o.h.b.m.i.BasicValueBinder [BasicValueBinder.java:1196] building BasicValue for fileName
2023-11-24 12:36:31,928 DEBUG o.h.m.BasicValue [BasicValue.java:259] Skipping column re-registration: coursepage.file_name
2023-11-24 12:36:31,929 TRACE o.h.e.j.e.i.NormalizingIdentifierHelperImpl [NormalizingIdentifierHelperImpl.java:62] Normalizing identifier quoting [file_name]
2023-11-24 12:36:31,929 DEBUG o.h.b.m.i.PropertyBinder [PropertyBinder.java:391] Building property fileName
2023-11-24 12:36:31,929 TRACE o.h.b.m.i.PropertyBinder [PropertyBinder.java:407] Cascading fileName with null
2023-11-24 12:36:31,929 TRACE o.h.b.m.i.PropertyBinder [PropertyBinder.java:695] Processing annotations of franco.maurizio.hr.desk.com.persistence.entity.CoursePage.opened_by
2023-11-24 12:36:31,930 TRACE o.h.e.j.e.i.NormalizingIdentifierHelperImpl [NormalizingIdentifierHelperImpl.java:62] Normalizing identifier quoting [opened_by]
2023-11-24 12:36:31,930 TRACE o.h.e.j.e.i.NormalizingIdentifierHelperImpl [NormalizingIdentifierHelperImpl.java:62] Normalizing identifier quoting [opened_by]
2023-11-24 12:36:31,930 DEBUG o.h.b.m.i.AnnotatedColumn [AnnotatedColumn.java:249] Binding column: AnnotatedColumn(column='opened_by')
2023-11-24 12:36:31,931 DEBUG o.h.b.m.i.PropertyBinder [PropertyBinder.java:251] MetadataSourceProcessor property opened_by with lazy=false
2023-11-24 12:36:31,931 DEBUG o.h.b.m.i.AbstractPropertyHolder [AbstractPropertyHolder.java:107] Attempting to locate auto-apply AttributeConverter for property [franco.maurizio.hr.desk.com.persistence.entity.CoursePage:opened_by]
2023-11-24 12:36:31,931 DEBUG o.h.b.m.i.BasicValueBinder [BasicValueBinder.java:1196] building BasicValue for opened_by
2023-11-24 12:36:31,931 DEBUG o.h.m.BasicValue [BasicValue.java:259] Skipping column re-registration: coursepage.opened_by
2023-11-24 12:36:31,932 TRACE o.h.e.j.e.i.NormalizingIdentifierHelperImpl [NormalizingIdentifierHelperImpl.java:62] Normalizing identifier quoting [opened_by]
2023-11-24 12:36:31,932 DEBUG o.h.b.m.i.PropertyBinder [PropertyBinder.java:391] Building property opened_by
2023-11-24 12:36:31,932 TRACE o.h.b.m.i.PropertyBinder [PropertyBinder.java:407] Cascading opened_by with null
2023-11-24 12:36:31,933 TRACE o.h.b.m.i.PropertyBinder [PropertyBinder.java:695] Processing annotations of franco.maurizio.hr.desk.com.persistence.entity.CoursePage.statusOpen
2023-11-24 12:36:31,933 TRACE o.h.e.j.e.i.NormalizingIdentifierHelperImpl [NormalizingIdentifierHelperImpl.java:62] Normalizing identifier quoting [status_open]
2023-11-24 12:36:31,933 TRACE o.h.e.j.e.i.NormalizingIdentifierHelperImpl [NormalizingIdentifierHelperImpl.java:62] Normalizing identifier quoting [status_open]
2023-11-24 12:36:31,933 DEBUG o.h.b.m.i.AnnotatedColumn [AnnotatedColumn.java:249] Binding column: AnnotatedColumn(column='status_open')
2023-11-24 12:36:31,934 DEBUG o.h.b.m.i.PropertyBinder [PropertyBinder.java:251] MetadataSourceProcessor property statusOpen with lazy=false
2023-11-24 12:36:31,934 DEBUG o.h.b.m.i.AbstractPropertyHolder [AbstractPropertyHolder.java:107] Attempting to locate auto-apply AttributeConverter for property [franco.maurizio.hr.desk.com.persistence.entity.CoursePage:statusOpen]
2023-11-24 12:36:31,935 DEBUG o.h.b.m.i.BasicValueBinder [BasicValueBinder.java:1196] building BasicValue for statusOpen
2023-11-24 12:36:31,935 DEBUG o.h.m.BasicValue [BasicValue.java:259] Skipping column re-registration: coursepage.status_open
2023-11-24 12:36:31,935 TRACE o.h.e.j.e.i.NormalizingIdentifierHelperImpl [NormalizingIdentifierHelperImpl.java:62] Normalizing identifier quoting [status_open]
2023-11-24 12:36:31,935 DEBUG o.h.b.m.i.PropertyBinder [PropertyBinder.java:391] Building property statusOpen
2023-11-24 12:36:31,936 TRACE o.h.b.m.i.PropertyBinder [PropertyBinder.java:407] Cascading statusOpen with null
2023-11-24 12:36:31,936 TRACE o.h.b.m.i.PropertyBinder [PropertyBinder.java:695] Processing annotations of franco.maurizio.hr.desk.com.persistence.entity.CoursePage.title
2023-11-24 12:36:31,936 TRACE o.h.e.j.e.i.NormalizingIdentifierHelperImpl [NormalizingIdentifierHelperImpl.java:62] Normalizing identifier quoting [title]
2023-11-24 12:36:31,937 TRACE o.h.e.j.e.i.NormalizingIdentifierHelperImpl [NormalizingIdentifierHelperImpl.java:62] Normalizing identifier quoting [title]
2023-11-24 12:36:31,937 DEBUG o.h.b.m.i.AnnotatedColumn [AnnotatedColumn.java:249] Binding column: AnnotatedColumn(column='title')
2023-11-24 12:36:31,937 DEBUG o.h.b.m.i.PropertyBinder [PropertyBinder.java:251] MetadataSourceProcessor property title with lazy=false
2023-11-24 12:36:31,937 DEBUG o.h.b.m.i.AbstractPropertyHolder [AbstractPropertyHolder.java:107] Attempting to locate auto-apply AttributeConverter for property [franco.maurizio.hr.desk.com.persistence.entity.CoursePage:title]
2023-11-24 12:36:31,938 DEBUG o.h.b.m.i.BasicValueBinder [BasicValueBinder.java:1196] building BasicValue for title
2023-11-24 12:36:31,938 DEBUG o.h.m.BasicValue [BasicValue.java:259] Skipping column re-registration: coursepage.title
2023-11-24 12:36:31,938 TRACE o.h.e.j.e.i.NormalizingIdentifierHelperImpl [NormalizingIdentifierHelperImpl.java:62] Normalizing identifier quoting [title]
2023-11-24 12:36:31,938 DEBUG o.h.b.m.i.PropertyBinder [PropertyBinder.java:391] Building property title
2023-11-24 12:36:31,939 TRACE o.h.b.m.i.PropertyBinder [PropertyBinder.java:407] Cascading title with null
2023-11-24 12:36:31,940 DEBUG o.h.b.m.i.EntityBinder [EntityBinder.java:206] Binding entity from annotated class: franco.maurizio.hr.desk.com.persistence.entity.Candidate
2023-11-24 12:36:31,940 DEBUG o.h.b.m.i.EntityBinder [EntityBinder.java:1224] Import with entity name Candidate
2023-11-24 12:36:31,940 TRACE o.h.b.i.InFlightMetadataCollectorImpl [InFlightMetadataCollectorImpl.java:878] Import: Candidate -> franco.maurizio.hr.desk.com.persistence.entity.Candidate
2023-11-24 12:36:31,941 TRACE o.h.b.i.InFlightMetadataCollectorImpl [InFlightMetadataCollectorImpl.java:878] Import: franco.maurizio.hr.desk.com.persistence.entity.Candidate -> franco.maurizio.hr.desk.com.persistence.entity.Candidate
2023-11-24 12:36:31,941 TRACE o.h.e.j.e.i.NormalizingIdentifierHelperImpl [NormalizingIdentifierHelperImpl.java:62] Normalizing identifier quoting [candidates]
2023-11-24 12:36:31,941 TRACE o.h.e.j.e.i.NormalizingIdentifierHelperImpl [NormalizingIdentifierHelperImpl.java:62] Normalizing identifier quoting [candidates]
2023-11-24 12:36:31,941 DEBUG o.h.b.m.i.EntityBinder [EntityBinder.java:1769] Bind entity franco.maurizio.hr.desk.com.persistence.entity.Candidate on table candidates
2023-11-24 12:36:31,942 TRACE o.h.e.j.e.i.NormalizingIdentifierHelperImpl [NormalizingIdentifierHelperImpl.java:62] Normalizing identifier quoting [DTYPE]
2023-11-24 12:36:31,942 DEBUG o.h.b.m.i.AnnotatedColumn [AnnotatedColumn.java:249] Binding column: AnnotatedDiscriminatorColumn(column='DTYPE')
2023-11-24 12:36:31,945 TRACE o.h.b.m.i.PropertyBinder [PropertyBinder.java:695] Processing annotations of franco.maurizio.hr.desk.com.persistence.entity.Candidate.id
2023-11-24 12:36:31,946 TRACE o.h.e.j.e.i.NormalizingIdentifierHelperImpl [NormalizingIdentifierHelperImpl.java:62] Normalizing identifier quoting [id]
2023-11-24 12:36:31,947 TRACE o.h.e.j.e.i.NormalizingIdentifierHelperImpl [NormalizingIdentifierHelperImpl.java:62] Normalizing identifier quoting [id]
2023-11-24 12:36:31,947 DEBUG o.h.b.m.i.AnnotatedColumn [AnnotatedColumn.java:249] Binding column: AnnotatedColumn()
2023-11-24 12:36:31,947 DEBUG o.h.b.i.ClassLoaderAccessImpl [ClassLoaderAccessImpl.java:60] Not known whether passed class name [franco.maurizio.hr.desk.com.persistence.entity.Candidate] is safe
2023-11-24 12:36:31,947 DEBUG o.h.b.i.ClassLoaderAccessImpl [ClassLoaderAccessImpl.java:62] No temp ClassLoader provided; using live ClassLoader for loading potentially unsafe class : franco.maurizio.hr.desk.com.persistence.entity.Candidate
2023-11-24 12:36:31,948 DEBUG o.h.b.m.i.PropertyBinder [PropertyBinder.java:251] MetadataSourceProcessor property id with lazy=false
2023-11-24 12:36:31,948 DEBUG o.h.b.m.i.AbstractPropertyHolder [AbstractPropertyHolder.java:107] Attempting to locate auto-apply AttributeConverter for property [franco.maurizio.hr.desk.com.persistence.entity.Candidate:id]
2023-11-24 12:36:31,948 DEBUG o.h.b.m.i.BasicValueBinder [BasicValueBinder.java:1196] building BasicValue for id
2023-11-24 12:36:31,949 DEBUG o.h.m.BasicValue [BasicValue.java:259] Skipping column re-registration: candidates.id
2023-11-24 12:36:31,949 TRACE o.h.e.j.e.i.NormalizingIdentifierHelperImpl [NormalizingIdentifierHelperImpl.java:62] Normalizing identifier quoting [id]
2023-11-24 12:36:31,949 TRACE o.h.e.j.e.i.NormalizingIdentifierHelperImpl [NormalizingIdentifierHelperImpl.java:62] Normalizing identifier quoting [id]
2023-11-24 12:36:31,950 TRACE o.h.e.j.e.i.NormalizingIdentifierHelperImpl [NormalizingIdentifierHelperImpl.java:62] Normalizing identifier quoting [id]
2023-11-24 12:36:31,950 DEBUG o.h.b.m.i.PropertyBinder [PropertyBinder.java:391] Building property id
2023-11-24 12:36:31,950 TRACE o.h.b.m.i.PropertyBinder [PropertyBinder.java:407] Cascading id with null
2023-11-24 12:36:31,950 DEBUG o.h.b.m.i.BinderHelper [GeneratorBinder.java:73] #makeIdGenerator(BasicValue([Column(id)]), id, identity, , ...)
2023-11-24 12:36:31,951 TRACE o.h.b.m.i.PropertyBinder [PropertyBinder.java:1327] Bind @Id on id
2023-11-24 12:36:31,951 TRACE o.h.b.m.i.PropertyBinder [PropertyBinder.java:695] Processing annotations of franco.maurizio.hr.desk.com.persistence.entity.Candidate.candidacyDateTime
2023-11-24 12:36:31,951 TRACE o.h.e.j.e.i.NormalizingIdentifierHelperImpl [NormalizingIdentifierHelperImpl.java:62] Normalizing identifier quoting [candidacy_date_time]
2023-11-24 12:36:31,952 TRACE o.h.e.j.e.i.NormalizingIdentifierHelperImpl [NormalizingIdentifierHelperImpl.java:62] Normalizing identifier quoting [candidacy_date_time]
2023-11-24 12:36:31,952 DEBUG o.h.b.m.i.AnnotatedColumn [AnnotatedColumn.java:249] Binding column: AnnotatedColumn(column='candidacy_date_time')
2023-11-24 12:36:31,952 DEBUG o.h.b.m.i.PropertyBinder [PropertyBinder.java:251] MetadataSourceProcessor property candidacyDateTime with lazy=false
2023-11-24 12:36:31,953 DEBUG o.h.b.m.i.AbstractPropertyHolder [AbstractPropertyHolder.java:107] Attempting to locate auto-apply AttributeConverter for property [franco.maurizio.hr.desk.com.persistence.entity.Candidate:candidacyDateTime]
2023-11-24 12:36:31,953 DEBUG o.h.b.m.i.BasicValueBinder [BasicValueBinder.java:1196] building BasicValue for candidacyDateTime
2023-11-24 12:36:31,953 DEBUG o.h.m.BasicValue [BasicValue.java:259] Skipping column re-registration: candidates.candidacy_date_time
2023-11-24 12:36:31,953 TRACE o.h.e.j.e.i.NormalizingIdentifierHelperImpl [NormalizingIdentifierHelperImpl.java:62] Normalizing identifier quoting [candidacy_date_time]
2023-11-24 12:36:31,954 DEBUG o.h.b.m.i.PropertyBinder [PropertyBinder.java:391] Building property candidacyDateTime
2023-11-24 12:36:31,954 TRACE o.h.b.m.i.PropertyBinder [PropertyBinder.java:407] Cascading candidacyDateTime with null
2023-11-24 12:36:31,954 TRACE o.h.b.m.i.PropertyBinder [PropertyBinder.java:695] Processing annotations of franco.maurizio.hr.desk.com.persistence.entity.Candidate.candidateStateCode
2023-11-24 12:36:31,954 TRACE o.h.e.j.e.i.NormalizingIdentifierHelperImpl [NormalizingIdentifierHelperImpl.java:62] Normalizing identifier quoting [candidate_state_code]
2023-11-24 12:36:31,955 TRACE o.h.e.j.e.i.NormalizingIdentifierHelperImpl [NormalizingIdentifierHelperImpl.java:62] Normalizing identifier quoting [candidate_state_code]
2023-11-24 12:36:31,955 DEBUG o.h.b.m.i.AnnotatedColumn [AnnotatedColumn.java:249] Binding column: AnnotatedColumn(column='candidate_state_code')
2023-11-24 12:36:31,956 DEBUG o.h.b.m.i.PropertyBinder [PropertyBinder.java:251] MetadataSourceProcessor property candidateStateCode with lazy=false
2023-11-24 12:36:31,956 DEBUG o.h.b.m.i.AbstractPropertyHolder [AbstractPropertyHolder.java:107] Attempting to locate auto-apply AttributeConverter for property [franco.maurizio.hr.desk.com.persistence.entity.Candidate:candidateStateCode]
2023-11-24 12:36:31,956 DEBUG o.h.b.m.i.BasicValueBinder [BasicValueBinder.java:1196] building BasicValue for candidateStateCode
2023-11-24 12:36:31,956 DEBUG o.h.m.BasicValue [BasicValue.java:259] Skipping column re-registration: candidates.candidate_state_code
2023-11-24 12:36:31,957 TRACE o.h.e.j.e.i.NormalizingIdentifierHelperImpl [NormalizingIdentifierHelperImpl.java:62] Normalizing identifier quoting [candidate_state_code]
2023-11-24 12:36:31,957 DEBUG o.h.b.m.i.PropertyBinder [PropertyBinder.java:391] Building property candidateStateCode
2023-11-24 12:36:31,957 TRACE o.h.b.m.i.PropertyBinder [PropertyBinder.java:407] Cascading candidateStateCode with null
2023-11-24 12:36:31,957 TRACE o.h.b.m.i.PropertyBinder [PropertyBinder.java:695] Processing annotations of franco.maurizio.hr.desk.com.persistence.entity.Candidate.courseCode
2023-11-24 12:36:31,958 TRACE o.h.e.j.e.i.NormalizingIdentifierHelperImpl [NormalizingIdentifierHelperImpl.java:62] Normalizing identifier quoting [course_code]
2023-11-24 12:36:31,958 TRACE o.h.e.j.e.i.NormalizingIdentifierHelperImpl [NormalizingIdentifierHelperImpl.java:62] Normalizing identifier quoting [course_code]
2023-11-24 12:36:31,959 DEBUG o.h.b.m.i.AnnotatedColumn [AnnotatedColumn.java:249] Binding column: AnnotatedColumn(column='course_code')
2023-11-24 12:36:31,959 DEBUG o.h.b.m.i.PropertyBinder [PropertyBinder.java:251] MetadataSourceProcessor property courseCode with lazy=false
2023-11-24 12:36:31,959 DEBUG o.h.b.m.i.AbstractPropertyHolder [AbstractPropertyHolder.java:107] Attempting to locate auto-apply AttributeConverter for property [franco.maurizio.hr.desk.com.persistence.entity.Candidate:courseCode]
2023-11-24 12:36:31,959 DEBUG o.h.b.m.i.BasicValueBinder [BasicValueBinder.java:1196] building BasicValue for courseCode
2023-11-24 12:36:31,960 DEBUG o.h.m.BasicValue [BasicValue.java:259] Skipping column re-registration: candidates.course_code
2023-11-24 12:36:31,960 TRACE o.h.e.j.e.i.NormalizingIdentifierHelperImpl [NormalizingIdentifierHelperImpl.java:62] Normalizing identifier quoting [course_code]
2023-11-24 12:36:31,960 DEBUG o.h.b.m.i.PropertyBinder [PropertyBinder.java:391] Building property courseCode
2023-11-24 12:36:31,961 TRACE o.h.b.m.i.PropertyBinder [PropertyBinder.java:407] Cascading courseCode with null
2023-11-24 12:36:31,961 TRACE o.h.b.m.i.PropertyBinder [PropertyBinder.java:695] Processing annotations of franco.maurizio.hr.desk.com.persistence.entity.Candidate.cvExternalPath
2023-11-24 12:36:31,961 TRACE o.h.e.j.e.i.NormalizingIdentifierHelperImpl [NormalizingIdentifierHelperImpl.java:62] Normalizing identifier quoting [cv_external_path]
2023-11-24 12:36:31,962 TRACE o.h.e.j.e.i.NormalizingIdentifierHelperImpl [NormalizingIdentifierHelperImpl.java:62] Normalizing identifier quoting [cv_external_path]
2023-11-24 12:36:31,962 DEBUG o.h.b.m.i.AnnotatedColumn [AnnotatedColumn.java:249] Binding column: AnnotatedColumn(column='cv_external_path')
2023-11-24 12:36:31,962 DEBUG o.h.b.m.i.PropertyBinder [PropertyBinder.java:251] MetadataSourceProcessor property cvExternalPath with lazy=false
2023-11-24 12:36:31,963 DEBUG o.h.b.m.i.AbstractPropertyHolder [AbstractPropertyHolder.java:107] Attempting to locate auto-apply AttributeConverter for property [franco.maurizio.hr.desk.com.persistence.entity.Candidate:cvExternalPath]
2023-11-24 12:36:31,963 DEBUG o.h.b.m.i.BasicValueBinder [BasicValueBinder.java:1196] building BasicValue for cvExternalPath
2023-11-24 12:36:31,963 DEBUG o.h.m.BasicValue [BasicValue.java:259] Skipping column re-registration: candidates.cv_external_path
2023-11-24 12:36:31,964 TRACE o.h.e.j.e.i.NormalizingIdentifierHelperImpl [NormalizingIdentifierHelperImpl.java:62] Normalizing identifier quoting [cv_external_path]
2023-11-24 12:36:31,964 DEBUG o.h.b.m.i.PropertyBinder [PropertyBinder.java:391] Building property cvExternalPath
2023-11-24 12:36:31,964 TRACE o.h.b.m.i.PropertyBinder [PropertyBinder.java:407] Cascading cvExternalPath with null
2023-11-24 12:36:31,964 TRACE o.h.b.m.i.PropertyBinder [PropertyBinder.java:695] Processing annotations of franco.maurizio.hr.desk.com.persistence.entity.Candidate.dateOfBirth
2023-11-24 12:36:31,965 TRACE o.h.e.j.e.i.NormalizingIdentifierHelperImpl [NormalizingIdentifierHelperImpl.java:62] Normalizing identifier quoting [dateofbirth]
2023-11-24 12:36:31,965 TRACE o.h.e.j.e.i.NormalizingIdentifierHelperImpl [NormalizingIdentifierHelperImpl.java:62] Normalizing identifier quoting [dateofbirth]
2023-11-24 12:36:31,965 DEBUG o.h.b.m.i.AnnotatedColumn [AnnotatedColumn.java:249] Binding column: AnnotatedColumn(column='dateofbirth')
2023-11-24 12:36:31,966 DEBUG o.h.b.m.i.PropertyBinder [PropertyBinder.java:251] MetadataSourceProcessor property dateOfBirth with lazy=false
2023-11-24 12:36:31,966 DEBUG o.h.b.m.i.AbstractPropertyHolder [AbstractPropertyHolder.java:107] Attempting to locate auto-apply AttributeConverter for property [franco.maurizio.hr.desk.com.persistence.entity.Candidate:dateOfBirth]
2023-11-24 12:36:31,966 DEBUG o.h.b.m.i.BasicValueBinder [BasicValueBinder.java:1196] building BasicValue for dateOfBirth
2023-11-24 12:36:31,967 DEBUG o.h.m.BasicValue [BasicValue.java:259] Skipping column re-registration: candidates.dateofbirth
2023-11-24 12:36:31,967 TRACE o.h.e.j.e.i.NormalizingIdentifierHelperImpl [NormalizingIdentifierHelperImpl.java:62] Normalizing identifier quoting [dateofbirth]
2023-11-24 12:36:31,967 DEBUG o.h.b.m.i.PropertyBinder [PropertyBinder.java:391] Building property dateOfBirth
2023-11-24 12:36:31,967 TRACE o.h.b.m.i.PropertyBinder [PropertyBinder.java:407] Cascading dateOfBirth with null
2023-11-24 12:36:31,968 TRACE o.h.b.m.i.PropertyBinder [PropertyBinder.java:695] Processing annotations of franco.maurizio.hr.desk.com.persistence.entity.Candidate.domicileCity
2023-11-24 12:36:31,968 TRACE o.h.e.j.e.i.NormalizingIdentifierHelperImpl [NormalizingIdentifierHelperImpl.java:62] Normalizing identifier quoting [domicile_city]
2023-11-24 12:36:31,968 TRACE o.h.e.j.e.i.NormalizingIdentifierHelperImpl [NormalizingIdentifierHelperImpl.java:62] Normalizing identifier quoting [domicile_city]
2023-11-24 12:36:31,969 DEBUG o.h.b.m.i.AnnotatedColumn [AnnotatedColumn.java:249] Binding column: AnnotatedColumn(column='domicile_city')
2023-11-24 12:36:31,969 DEBUG o.h.b.m.i.PropertyBinder [PropertyBinder.java:251] MetadataSourceProcessor property domicileCity with lazy=false
2023-11-24 12:36:31,969 DEBUG o.h.b.m.i.AbstractPropertyHolder [AbstractPropertyHolder.java:107] Attempting to locate auto-apply AttributeConverter for property [franco.maurizio.hr.desk.com.persistence.entity.Candidate:domicileCity]
2023-11-24 12:36:31,969 DEBUG o.h.b.m.i.BasicValueBinder [BasicValueBinder.java:1196] building BasicValue for domicileCity
2023-11-24 12:36:31,970 DEBUG o.h.m.BasicValue [BasicValue.java:259] Skipping column re-registration: candidates.domicile_city
2023-11-24 12:36:31,970 TRACE o.h.e.j.e.i.NormalizingIdentifierHelperImpl [NormalizingIdentifierHelperImpl.java:62] Normalizing identifier quoting [domicile_city]
2023-11-24 12:36:31,970 DEBUG o.h.b.m.i.PropertyBinder [PropertyBinder.java:391] Building property domicileCity
2023-11-24 12:36:31,971 TRACE o.h.b.m.i.PropertyBinder [PropertyBinder.java:407] Cascading domicileCity with null
2023-11-24 12:36:31,971 TRACE o.h.b.m.i.PropertyBinder [PropertyBinder.java:695] Processing annotations of franco.maurizio.hr.desk.com.persistence.entity.Candidate.email
2023-11-24 12:36:31,971 TRACE o.h.e.j.e.i.NormalizingIdentifierHelperImpl [NormalizingIdentifierHelperImpl.java:62] Normalizing identifier quoting [email]
2023-11-24 12:36:31,972 TRACE o.h.e.j.e.i.NormalizingIdentifierHelperImpl [NormalizingIdentifierHelperImpl.java:62] Normalizing identifier quoting [email]
2023-11-24 12:36:31,972 DEBUG o.h.b.m.i.AnnotatedColumn [AnnotatedColumn.java:249] Binding column: AnnotatedColumn(column='email')
2023-11-24 12:36:31,972 DEBUG o.h.b.m.i.PropertyBinder [PropertyBinder.java:251] MetadataSourceProcessor property email with lazy=false
2023-11-24 12:36:31,972 DEBUG o.h.b.m.i.AbstractPropertyHolder [AbstractPropertyHolder.java:107] Attempting to locate auto-apply AttributeConverter for property [franco.maurizio.hr.desk.com.persistence.entity.Candidate:email]
2023-11-24 12:36:31,973 DEBUG o.h.b.m.i.BasicValueBinder [BasicValueBinder.java:1196] building BasicValue for email
2023-11-24 12:36:31,973 DEBUG o.h.m.BasicValue [BasicValue.java:259] Skipping column re-registration: candidates.email
2023-11-24 12:36:31,973 TRACE o.h.e.j.e.i.NormalizingIdentifierHelperImpl [NormalizingIdentifierHelperImpl.java:62] Normalizing identifier quoting [email]
2023-11-24 12:36:31,974 DEBUG o.h.b.m.i.PropertyBinder [PropertyBinder.java:391] Building property email
2023-11-24 12:36:31,974 TRACE o.h.b.m.i.PropertyBinder [PropertyBinder.java:407] Cascading email with null
2023-11-24 12:36:31,974 TRACE o.h.b.m.i.PropertyBinder [PropertyBinder.java:695] Processing annotations of franco.maurizio.hr.desk.com.persistence.entity.Candidate.firstname
2023-11-24 12:36:31,974 TRACE o.h.e.j.e.i.NormalizingIdentifierHelperImpl [NormalizingIdentifierHelperImpl.java:62] Normalizing identifier quoting [firstname]
2023-11-24 12:36:31,975 TRACE o.h.e.j.e.i.NormalizingIdentifierHelperImpl [NormalizingIdentifierHelperImpl.java:62] Normalizing identifier quoting [firstname]
2023-11-24 12:36:31,975 DEBUG o.h.b.m.i.AnnotatedColumn [AnnotatedColumn.java:249] Binding column: AnnotatedColumn(column='firstname')
2023-11-24 12:36:31,976 DEBUG o.h.b.m.i.PropertyBinder [PropertyBinder.java:251] MetadataSourceProcessor property firstname with lazy=false
2023-11-24 12:36:31,976 DEBUG o.h.b.m.i.AbstractPropertyHolder [AbstractPropertyHolder.java:107] Attempting to locate auto-apply AttributeConverter for property [franco.maurizio.hr.desk.com.persistence.entity.Candidate:firstname]
2023-11-24 12:36:31,976 DEBUG o.h.b.m.i.BasicValueBinder [BasicValueBinder.java:1196] building BasicValue for firstname
2023-11-24 12:36:31,976 DEBUG o.h.m.BasicValue [BasicValue.java:259] Skipping column re-registration: candidates.firstname
2023-11-24 12:36:31,977 TRACE o.h.e.j.e.i.NormalizingIdentifierHelperImpl [NormalizingIdentifierHelperImpl.java:62] Normalizing identifier quoting [firstname]
2023-11-24 12:36:31,977 DEBUG o.h.b.m.i.PropertyBinder [PropertyBinder.java:391] Building property firstname
2023-11-24 12:36:31,977 TRACE o.h.b.m.i.PropertyBinder [PropertyBinder.java:407] Cascading firstname with null
2023-11-24 12:36:31,978 TRACE o.h.b.m.i.PropertyBinder [PropertyBinder.java:695] Processing annotations of franco.maurizio.hr.desk.com.persistence.entity.Candidate.graduate
2023-11-24 12:36:31,978 TRACE o.h.e.j.e.i.NormalizingIdentifierHelperImpl [NormalizingIdentifierHelperImpl.java:62] Normalizing identifier quoting [graduate]
2023-11-24 12:36:31,978 TRACE o.h.e.j.e.i.NormalizingIdentifierHelperImpl [NormalizingIdentifierHelperImpl.java:62] Normalizing identifier quoting [graduate]
2023-11-24 12:36:31,979 DEBUG o.h.b.m.i.AnnotatedColumn [AnnotatedColumn.java:249] Binding column: AnnotatedColumn()
2023-11-24 12:36:31,979 DEBUG o.h.b.m.i.PropertyBinder [PropertyBinder.java:251] MetadataSourceProcessor property graduate with lazy=false
2023-11-24 12:36:31,979 DEBUG o.h.b.m.i.AbstractPropertyHolder [AbstractPropertyHolder.java:107] Attempting to locate auto-apply AttributeConverter for property [franco.maurizio.hr.desk.com.persistence.entity.Candidate:graduate]
2023-11-24 12:36:31,980 DEBUG o.h.b.m.i.BasicValueBinder [BasicValueBinder.java:1196] building BasicValue for graduate
2023-11-24 12:36:31,980 DEBUG o.h.m.BasicValue [BasicValue.java:259] Skipping column re-registration: candidates.graduate
2023-11-24 12:36:31,980 TRACE o.h.e.j.e.i.NormalizingIdentifierHelperImpl [NormalizingIdentifierHelperImpl.java:62] Normalizing identifier quoting [graduate]
2023-11-24 12:36:31,980 TRACE o.h.e.j.e.i.NormalizingIdentifierHelperImpl [NormalizingIdentifierHelperImpl.java:62] Normalizing identifier quoting [graduate]
2023-11-24 12:36:31,981 TRACE o.h.e.j.e.i.NormalizingIdentifierHelperImpl [NormalizingIdentifierHelperImpl.java:62] Normalizing identifier quoting [graduate]
2023-11-24 12:36:31,981 DEBUG o.h.b.m.i.PropertyBinder [PropertyBinder.java:391] Building property graduate
2023-11-24 12:36:31,981 TRACE o.h.b.m.i.PropertyBinder [PropertyBinder.java:407] Cascading graduate with null
2023-11-24 12:36:31,981 TRACE o.h.b.m.i.PropertyBinder [PropertyBinder.java:695] Processing annotations of franco.maurizio.hr.desk.com.persistence.entity.Candidate.highGraduate
2023-11-24 12:36:31,982 TRACE o.h.e.j.e.i.NormalizingIdentifierHelperImpl [NormalizingIdentifierHelperImpl.java:62] Normalizing identifier quoting [high_graduate]
2023-11-24 12:36:31,982 TRACE o.h.e.j.e.i.NormalizingIdentifierHelperImpl [NormalizingIdentifierHelperImpl.java:62] Normalizing identifier quoting [high_graduate]
2023-11-24 12:36:31,982 DEBUG o.h.b.m.i.AnnotatedColumn [AnnotatedColumn.java:249] Binding column: AnnotatedColumn(column='high_graduate')
2023-11-24 12:36:31,983 DEBUG o.h.b.m.i.PropertyBinder [PropertyBinder.java:251] MetadataSourceProcessor property highGraduate with lazy=false
2023-11-24 12:36:31,983 DEBUG o.h.b.m.i.AbstractPropertyHolder [AbstractPropertyHolder.java:107] Attempting to locate auto-apply AttributeConverter for property [franco.maurizio.hr.desk.com.persistence.entity.Candidate:highGraduate]
2023-11-24 12:36:31,983 DEBUG o.h.b.m.i.BasicValueBinder [BasicValueBinder.java:1196] building BasicValue for highGraduate
2023-11-24 12:36:31,984 DEBUG o.h.m.BasicValue [BasicValue.java:259] Skipping column re-registration: candidates.high_graduate
2023-11-24 12:36:31,984 TRACE o.h.e.j.e.i.NormalizingIdentifierHelperImpl [NormalizingIdentifierHelperImpl.java:62] Normalizing identifier quoting [high_graduate]
2023-11-24 12:36:31,984 DEBUG o.h.b.m.i.PropertyBinder [PropertyBinder.java:391] Building property highGraduate
2023-11-24 12:36:31,984 TRACE o.h.b.m.i.PropertyBinder [PropertyBinder.java:407] Cascading highGraduate with null
2023-11-24 12:36:31,985 TRACE o.h.b.m.i.PropertyBinder [PropertyBinder.java:695] Processing annotations of franco.maurizio.hr.desk.com.persistence.entity.Candidate.hrNote
2023-11-24 12:36:31,985 TRACE o.h.e.j.e.i.NormalizingIdentifierHelperImpl [NormalizingIdentifierHelperImpl.java:62] Normalizing identifier quoting [hr_note]
2023-11-24 12:36:31,985 TRACE o.h.e.j.e.i.NormalizingIdentifierHelperImpl [NormalizingIdentifierHelperImpl.java:62] Normalizing identifier quoting [hr_note]
2023-11-24 12:36:31,986 DEBUG o.h.b.m.i.AnnotatedColumn [AnnotatedColumn.java:249] Binding column: AnnotatedColumn(column='hr_note')
2023-11-24 12:36:31,986 DEBUG o.h.b.m.i.PropertyBinder [PropertyBinder.java:251] MetadataSourceProcessor property hrNote with lazy=false
2023-11-24 12:36:31,986 DEBUG o.h.b.m.i.AbstractPropertyHolder [AbstractPropertyHolder.java:107] Attempting to locate auto-apply AttributeConverter for property [franco.maurizio.hr.desk.com.persistence.entity.Candidate:hrNote]
2023-11-24 12:36:31,986 DEBUG o.h.b.m.i.BasicValueBinder [BasicValueBinder.java:1196] building BasicValue for hrNote
2023-11-24 12:36:31,987 DEBUG o.h.m.BasicValue [BasicValue.java:259] Skipping column re-registration: candidates.hr_note
2023-11-24 12:36:31,987 TRACE o.h.e.j.e.i.NormalizingIdentifierHelperImpl [NormalizingIdentifierHelperImpl.java:62] Normalizing identifier quoting [hr_note]
2023-11-24 12:36:31,987 DEBUG o.h.b.m.i.PropertyBinder [PropertyBinder.java:391] Building property hrNote
2023-11-24 12:36:31,988 TRACE o.h.b.m.i.PropertyBinder [PropertyBinder.java:407] Cascading hrNote with null
2023-11-24 12:36:31,988 TRACE o.h.b.m.i.PropertyBinder [PropertyBinder.java:695] Processing annotations of franco.maurizio.hr.desk.com.persistence.entity.Candidate.imgpath
2023-11-24 12:36:31,988 TRACE o.h.e.j.e.i.NormalizingIdentifierHelperImpl [NormalizingIdentifierHelperImpl.java:62] Normalizing identifier quoting [imgpath]
2023-11-24 12:36:31,989 TRACE o.h.e.j.e.i.NormalizingIdentifierHelperImpl [NormalizingIdentifierHelperImpl.java:62] Normalizing identifier quoting [imgpath]
2023-11-24 12:36:31,989 DEBUG o.h.b.m.i.AnnotatedColumn [AnnotatedColumn.java:249] Binding column: AnnotatedColumn(column='imgpath')
2023-11-24 12:36:31,989 DEBUG o.h.b.m.i.PropertyBinder [PropertyBinder.java:251] MetadataSourceProcessor property imgpath with lazy=false
2023-11-24 12:36:31,990 DEBUG o.h.b.m.i.AbstractPropertyHolder [AbstractPropertyHolder.java:107] Attempting to locate auto-apply AttributeConverter for property [franco.maurizio.hr.desk.com.persistence.entity.Candidate:imgpath]
2023-11-24 12:36:31,990 DEBUG o.h.b.m.i.BasicValueBinder [BasicValueBinder.java:1196] building BasicValue for imgpath
2023-11-24 12:36:31,990 DEBUG o.h.m.BasicValue [BasicValue.java:259] Skipping column re-registration: candidates.imgpath
2023-11-24 12:36:31,990 TRACE o.h.e.j.e.i.NormalizingIdentifierHelperImpl [NormalizingIdentifierHelperImpl.java:62] Normalizing identifier quoting [imgpath]
2023-11-24 12:36:31,991 DEBUG o.h.b.m.i.PropertyBinder [PropertyBinder.java:391] Building property imgpath
2023-11-24 12:36:31,991 TRACE o.h.b.m.i.PropertyBinder [PropertyBinder.java:407] Cascading imgpath with null
2023-11-24 12:36:31,991 TRACE o.h.b.m.i.PropertyBinder [PropertyBinder.java:695] Processing annotations of franco.maurizio.hr.desk.com.persistence.entity.Candidate.insertedBy
2023-11-24 12:36:31,992 TRACE o.h.e.j.e.i.NormalizingIdentifierHelperImpl [NormalizingIdentifierHelperImpl.java:62] Normalizing identifier quoting [inserted_by]
2023-11-24 12:36:31,992 TRACE o.h.e.j.e.i.NormalizingIdentifierHelperImpl [NormalizingIdentifierHelperImpl.java:62] Normalizing identifier quoting [inserted_by]
2023-11-24 12:36:31,992 DEBUG o.h.b.m.i.AnnotatedColumn [AnnotatedColumn.java:249] Binding column: AnnotatedColumn(column='inserted_by')
2023-11-24 12:36:31,993 DEBUG o.h.b.m.i.PropertyBinder [PropertyBinder.java:251] MetadataSourceProcessor property insertedBy with lazy=false
2023-11-24 12:36:31,993 DEBUG o.h.b.m.i.AbstractPropertyHolder [AbstractPropertyHolder.java:107] Attempting to locate auto-apply AttributeConverter for property [franco.maurizio.hr.desk.com.persistence.entity.Candidate:insertedBy]
2023-11-24 12:36:31,993 DEBUG o.h.b.m.i.BasicValueBinder [BasicValueBinder.java:1196] building BasicValue for insertedBy
2023-11-24 12:36:31,993 DEBUG o.h.m.BasicValue [BasicValue.java:259] Skipping column re-registration: candidates.inserted_by
2023-11-24 12:36:31,994 TRACE o.h.e.j.e.i.NormalizingIdentifierHelperImpl [NormalizingIdentifierHelperImpl.java:62] Normalizing identifier quoting [inserted_by]
2023-11-24 12:36:31,994 DEBUG o.h.b.m.i.PropertyBinder [PropertyBinder.java:391] Building property insertedBy
2023-11-24 12:36:31,994 TRACE o.h.b.m.i.PropertyBinder [PropertyBinder.java:407] Cascading insertedBy with null
2023-11-24 12:36:31,994 TRACE o.h.b.m.i.PropertyBinder [PropertyBinder.java:695] Processing annotations of franco.maurizio.hr.desk.com.persistence.entity.Candidate.label
2023-11-24 12:36:31,995 TRACE o.h.e.j.e.i.NormalizingIdentifierHelperImpl [NormalizingIdentifierHelperImpl.java:62] Normalizing identifier quoting [label]
2023-11-24 12:36:31,995 TRACE o.h.e.j.e.i.NormalizingIdentifierHelperImpl [NormalizingIdentifierHelperImpl.java:62] Normalizing identifier quoting [label]
2023-11-24 12:36:31,995 DEBUG o.h.b.m.i.AnnotatedColumn [AnnotatedColumn.java:249] Binding column: AnnotatedColumn(column='label')
2023-11-24 12:36:31,996 DEBUG o.h.b.m.i.PropertyBinder [PropertyBinder.java:251] MetadataSourceProcessor property label with lazy=false
2023-11-24 12:36:31,996 DEBUG o.h.b.m.i.AbstractPropertyHolder [AbstractPropertyHolder.java:107] Attempting to locate auto-apply AttributeConverter for property [franco.maurizio.hr.desk.com.persistence.entity.Candidate:label]
2023-11-24 12:36:31,996 DEBUG o.h.b.m.i.BasicValueBinder [BasicValueBinder.java:1196] building BasicValue for label
2023-11-24 12:36:31,997 DEBUG o.h.m.BasicValue [BasicValue.java:259] Skipping column re-registration: candidates.label
2023-11-24 12:36:31,997 TRACE o.h.e.j.e.i.NormalizingIdentifierHelperImpl [NormalizingIdentifierHelperImpl.java:62] Normalizing identifier quoting [label]
2023-11-24 12:36:31,997 DEBUG o.h.b.m.i.PropertyBinder [PropertyBinder.java:391] Building property label
2023-11-24 12:36:31,997 TRACE o.h.b.m.i.PropertyBinder [PropertyBinder.java:407] Cascading label with null
2023-11-24 12:36:31,998 TRACE o.h.b.m.i.PropertyBinder [PropertyBinder.java:695] Processing annotations of franco.maurizio.hr.desk.com.persistence.entity.Candidate.lastname
2023-11-24 12:36:31,998 TRACE o.h.e.j.e.i.NormalizingIdentifierHelperImpl [NormalizingIdentifierHelperImpl.java:62] Normalizing identifier quoting [lastname]
2023-11-24 12:36:31,999 TRACE o.h.e.j.e.i.NormalizingIdentifierHelperImpl [NormalizingIdentifierHelperImpl.java:62] Normalizing identifier quoting [lastname]
2023-11-24 12:36:31,999 DEBUG o.h.b.m.i.AnnotatedColumn [AnnotatedColumn.java:249] Binding column: AnnotatedColumn(column='lastname')
2023-11-24 12:36:31,999 DEBUG o.h.b.m.i.PropertyBinder [PropertyBinder.java:251] MetadataSourceProcessor property lastname with lazy=false
2023-11-24 12:36:32,000 DEBUG o.h.b.m.i.AbstractPropertyHolder [AbstractPropertyHolder.java:107] Attempting to locate auto-apply AttributeConverter for property [franco.maurizio.hr.desk.com.persistence.entity.Candidate:lastname]
2023-11-24 12:36:32,000 DEBUG o.h.b.m.i.BasicValueBinder [BasicValueBinder.java:1196] building BasicValue for lastname
2023-11-24 12:36:32,000 DEBUG o.h.m.BasicValue [BasicValue.java:259] Skipping column re-registration: candidates.lastname
2023-11-24 12:36:32,000 TRACE o.h.e.j.e.i.NormalizingIdentifierHelperImpl [NormalizingIdentifierHelperImpl.java:62] Normalizing identifier quoting [lastname]
2023-11-24 12:36:32,001 DEBUG o.h.b.m.i.PropertyBinder [PropertyBinder.java:391] Building property lastname
2023-11-24 12:36:32,001 TRACE o.h.b.m.i.PropertyBinder [PropertyBinder.java:407] Cascading lastname with null
2023-11-24 12:36:32,001 TRACE o.h.b.m.i.PropertyBinder [PropertyBinder.java:695] Processing annotations of franco.maurizio.hr.desk.com.persistence.entity.Candidate.mobile
2023-11-24 12:36:32,002 TRACE o.h.e.j.e.i.NormalizingIdentifierHelperImpl [NormalizingIdentifierHelperImpl.java:62] Normalizing identifier quoting [mobile]
2023-11-24 12:36:32,002 TRACE o.h.e.j.e.i.NormalizingIdentifierHelperImpl [NormalizingIdentifierHelperImpl.java:62] Normalizing identifier quoting [mobile]
2023-11-24 12:36:32,002 DEBUG o.h.b.m.i.AnnotatedColumn [AnnotatedColumn.java:249] Binding column: AnnotatedColumn()
2023-11-24 12:36:32,003 DEBUG o.h.b.m.i.PropertyBinder [PropertyBinder.java:251] MetadataSourceProcessor property mobile with lazy=false
2023-11-24 12:36:32,003 DEBUG o.h.b.m.i.AbstractPropertyHolder [AbstractPropertyHolder.java:107] Attempting to locate auto-apply AttributeConverter for property [franco.maurizio.hr.desk.com.persistence.entity.Candidate:mobile]
2023-11-24 12:36:32,003 DEBUG o.h.b.m.i.BasicValueBinder [BasicValueBinder.java:1196] building BasicValue for mobile
2023-11-24 12:36:32,004 DEBUG o.h.m.BasicValue [BasicValue.java:259] Skipping column re-registration: candidates.mobile
2023-11-24 12:36:32,004 TRACE o.h.e.j.e.i.NormalizingIdentifierHelperImpl [NormalizingIdentifierHelperImpl.java:62] Normalizing identifier quoting [mobile]
2023-11-24 12:36:32,004 TRACE o.h.e.j.e.i.NormalizingIdentifierHelperImpl [NormalizingIdentifierHelperImpl.java:62] Normalizing identifier quoting [mobile]
2023-11-24 12:36:32,004 TRACE o.h.e.j.e.i.NormalizingIdentifierHelperImpl [NormalizingIdentifierHelperImpl.java:62] Normalizing identifier quoting [mobile]
2023-11-24 12:36:32,005 DEBUG o.h.b.m.i.PropertyBinder [PropertyBinder.java:391] Building property mobile
2023-11-24 12:36:32,005 TRACE o.h.b.m.i.PropertyBinder [PropertyBinder.java:407] Cascading mobile with null
2023-11-24 12:36:32,005 TRACE o.h.b.m.i.PropertyBinder [PropertyBinder.java:695] Processing annotations of franco.maurizio.hr.desk.com.persistence.entity.Candidate.regdate
2023-11-24 12:36:32,005 TRACE o.h.e.j.e.i.NormalizingIdentifierHelperImpl [NormalizingIdentifierHelperImpl.java:62] Normalizing identifier quoting [regdate]
2023-11-24 12:36:32,006 TRACE o.h.e.j.e.i.NormalizingIdentifierHelperImpl [NormalizingIdentifierHelperImpl.java:62] Normalizing identifier quoting [regdate]
2023-11-24 12:36:32,006 DEBUG o.h.b.m.i.AnnotatedColumn [AnnotatedColumn.java:249] Binding column: AnnotatedColumn(column='regdate')
2023-11-24 12:36:32,006 DEBUG o.h.b.m.i.PropertyBinder [PropertyBinder.java:251] MetadataSourceProcessor property regdate with lazy=false
2023-11-24 12:36:32,007 DEBUG o.h.b.m.i.AbstractPropertyHolder [AbstractPropertyHolder.java:107] Attempting to locate auto-apply AttributeConverter for property [franco.maurizio.hr.desk.com.persistence.entity.Candidate:regdate]
2023-11-24 12:36:32,007 DEBUG o.h.b.m.i.BasicValueBinder [BasicValueBinder.java:1196] building BasicValue for regdate
2023-11-24 12:36:32,007 DEBUG o.h.m.BasicValue [BasicValue.java:259] Skipping column re-registration: candidates.regdate
2023-11-24 12:36:32,008 TRACE o.h.e.j.e.i.NormalizingIdentifierHelperImpl [NormalizingIdentifierHelperImpl.java:62] Normalizing identifier quoting [regdate]
2023-11-24 12:36:32,008 DEBUG o.h.b.m.i.PropertyBinder [PropertyBinder.java:391] Building property regdate
2023-11-24 12:36:32,008 TRACE o.h.b.m.i.PropertyBinder [PropertyBinder.java:407] Cascading regdate with null
2023-11-24 12:36:32,008 TRACE o.h.b.m.i.PropertyBinder [PropertyBinder.java:695] Processing annotations of franco.maurizio.hr.desk.com.persistence.entity.Candidate.stillHighStudy
2023-11-24 12:36:32,009 TRACE o.h.e.j.e.i.NormalizingIdentifierHelperImpl [NormalizingIdentifierHelperImpl.java:62] Normalizing identifier quoting [still_high_study]
2023-11-24 12:36:32,009 TRACE o.h.e.j.e.i.NormalizingIdentifierHelperImpl [NormalizingIdentifierHelperImpl.java:62] Normalizing identifier quoting [still_high_study]
2023-11-24 12:36:32,010 DEBUG o.h.b.m.i.AnnotatedColumn [AnnotatedColumn.java:249] Binding column: AnnotatedColumn(column='still_high_study')
2023-11-24 12:36:32,010 DEBUG o.h.b.m.i.PropertyBinder [PropertyBinder.java:251] MetadataSourceProcessor property stillHighStudy with lazy=false
2023-11-24 12:36:32,010 DEBUG o.h.b.m.i.AbstractPropertyHolder [AbstractPropertyHolder.java:107] Attempting to locate auto-apply AttributeConverter for property [franco.maurizio.hr.desk.com.persistence.entity.Candidate:stillHighStudy]
2023-11-24 12:36:32,010 DEBUG o.h.b.m.i.BasicValueBinder [BasicValueBinder.java:1196] building BasicValue for stillHighStudy
2023-11-24 12:36:32,011 DEBUG o.h.m.BasicValue [BasicValue.java:259] Skipping column re-registration: candidates.still_high_study
2023-11-24 12:36:32,011 TRACE o.h.e.j.e.i.NormalizingIdentifierHelperImpl [NormalizingIdentifierHelperImpl.java:62] Normalizing identifier quoting [still_high_study]
2023-11-24 12:36:32,011 DEBUG o.h.b.m.i.PropertyBinder [PropertyBinder.java:391] Building property stillHighStudy
2023-11-24 12:36:32,012 TRACE o.h.b.m.i.PropertyBinder [PropertyBinder.java:407] Cascading stillHighStudy with null
2023-11-24 12:36:32,012 TRACE o.h.b.m.i.PropertyBinder [PropertyBinder.java:695] Processing annotations of franco.maurizio.hr.desk.com.persistence.entity.Candidate.studyQualification
2023-11-24 12:36:32,012 TRACE o.h.e.j.e.i.NormalizingIdentifierHelperImpl [NormalizingIdentifierHelperImpl.java:62] Normalizing identifier quoting [study_qualification]
2023-11-24 12:36:32,013 TRACE o.h.e.j.e.i.NormalizingIdentifierHelperImpl [NormalizingIdentifierHelperImpl.java:62] Normalizing identifier quoting [study_qualification]
2023-11-24 12:36:32,013 DEBUG o.h.b.m.i.AnnotatedColumn [AnnotatedColumn.java:249] Binding column: AnnotatedColumn(column='study_qualification')
2023-11-24 12:36:32,014 DEBUG o.h.b.m.i.PropertyBinder [PropertyBinder.java:251] MetadataSourceProcessor property studyQualification with lazy=false
2023-11-24 12:36:32,014 DEBUG o.h.b.m.i.AbstractPropertyHolder [AbstractPropertyHolder.java:107] Attempting to locate auto-apply AttributeConverter for property [franco.maurizio.hr.desk.com.persistence.entity.Candidate:studyQualification]
2023-11-24 12:36:32,014 DEBUG o.h.b.m.i.BasicValueBinder [BasicValueBinder.java:1196] building BasicValue for studyQualification
2023-11-24 12:36:32,014 DEBUG o.h.m.BasicValue [BasicValue.java:259] Skipping column re-registration: candidates.study_qualification
2023-11-24 12:36:32,015 TRACE o.h.e.j.e.i.NormalizingIdentifierHelperImpl [NormalizingIdentifierHelperImpl.java:62] Normalizing identifier quoting [study_qualification]
2023-11-24 12:36:32,015 DEBUG o.h.b.m.i.PropertyBinder [PropertyBinder.java:391] Building property studyQualification
2023-11-24 12:36:32,015 TRACE o.h.b.m.i.PropertyBinder [PropertyBinder.java:407] Cascading studyQualification with null
2023-11-24 12:36:32,016 TRACE o.h.b.m.i.PropertyBinder [PropertyBinder.java:695] Processing annotations of franco.maurizio.hr.desk.com.persistence.entity.Candidate.technicalNote
2023-11-24 12:36:32,016 TRACE o.h.e.j.e.i.NormalizingIdentifierHelperImpl [NormalizingIdentifierHelperImpl.java:62] Normalizing identifier quoting [technical_note]
2023-11-24 12:36:32,017 TRACE o.h.e.j.e.i.NormalizingIdentifierHelperImpl [NormalizingIdentifierHelperImpl.java:62] Normalizing identifier quoting [technical_note]
2023-11-24 12:36:32,017 DEBUG o.h.b.m.i.AnnotatedColumn [AnnotatedColumn.java:249] Binding column: AnnotatedColumn(column='technical_note')
2023-11-24 12:36:32,017 DEBUG o.h.b.m.i.PropertyBinder [PropertyBinder.java:251] MetadataSourceProcessor property technicalNote with lazy=false
2023-11-24 12:36:32,018 DEBUG o.h.b.m.i.AbstractPropertyHolder [AbstractPropertyHolder.java:107] Attempting to locate auto-apply AttributeConverter for property [franco.maurizio.hr.desk.com.persistence.entity.Candidate:technicalNote]
2023-11-24 12:36:32,018 DEBUG o.h.b.m.i.BasicValueBinder [BasicValueBinder.java:1196] building BasicValue for technicalNote
2023-11-24 12:36:32,018 DEBUG o.h.m.BasicValue [BasicValue.java:259] Skipping column re-registration: candidates.technical_note
2023-11-24 12:36:32,019 TRACE o.h.e.j.e.i.NormalizingIdentifierHelperImpl [NormalizingIdentifierHelperImpl.java:62] Normalizing identifier quoting [technical_note]
2023-11-24 12:36:32,019 DEBUG o.h.b.m.i.PropertyBinder [PropertyBinder.java:391] Building property technicalNote
2023-11-24 12:36:32,019 TRACE o.h.b.m.i.PropertyBinder [PropertyBinder.java:407] Cascading technicalNote with null
2023-11-24 12:36:32,021 DEBUG o.h.b.m.i.EntityBinder [EntityBinder.java:206] Binding entity from annotated class: franco.maurizio.hr.desk.com.persistence.entity.Question
2023-11-24 12:36:32,021 DEBUG o.h.b.m.i.EntityBinder [EntityBinder.java:1224] Import with entity name Question
2023-11-24 12:36:32,022 TRACE o.h.b.i.InFlightMetadataCollectorImpl [InFlightMetadataCollectorImpl.java:878] Import: Question -> franco.maurizio.hr.desk.com.persistence.entity.Question
2023-11-24 12:36:32,022 TRACE o.h.b.i.InFlightMetadataCollectorImpl [InFlightMetadataCollectorImpl.java:878] Import: franco.maurizio.hr.desk.com.persistence.entity.Question -> franco.maurizio.hr.desk.com.persistence.entity.Question
2023-11-24 12:36:32,022 TRACE o.h.e.j.e.i.NormalizingIdentifierHelperImpl [NormalizingIdentifierHelperImpl.java:62] Normalizing identifier quoting [questions]
2023-11-24 12:36:32,022 TRACE o.h.e.j.e.i.NormalizingIdentifierHelperImpl [NormalizingIdentifierHelperImpl.java:62] Normalizing identifier quoting [questions]
2023-11-24 12:36:32,023 DEBUG o.h.b.m.i.EntityBinder [EntityBinder.java:1769] Bind entity franco.maurizio.hr.desk.com.persistence.entity.Question on table questions
2023-11-24 12:36:32,023 TRACE o.h.e.j.e.i.NormalizingIdentifierHelperImpl [NormalizingIdentifierHelperImpl.java:62] Normalizing identifier quoting [DTYPE]
2023-11-24 12:36:32,024 DEBUG o.h.b.m.i.AnnotatedColumn [AnnotatedColumn.java:249] Binding column: AnnotatedDiscriminatorColumn(column='DTYPE')
2023-11-24 12:36:32,026 TRACE o.h.b.m.i.PropertyBinder [PropertyBinder.java:695] Processing annotations of franco.maurizio.hr.desk.com.persistence.entity.Question.id
2023-11-24 12:36:32,026 TRACE o.h.e.j.e.i.NormalizingIdentifierHelperImpl [NormalizingIdentifierHelperImpl.java:62] Normalizing identifier quoting [id]
2023-11-24 12:36:32,027 TRACE o.h.e.j.e.i.NormalizingIdentifierHelperImpl [NormalizingIdentifierHelperImpl.java:62] Normalizing identifier quoting [id]
2023-11-24 12:36:32,027 DEBUG o.h.b.m.i.AnnotatedColumn [AnnotatedColumn.java:249] Binding column: AnnotatedColumn()
2023-11-24 12:36:32,027 DEBUG o.h.b.i.ClassLoaderAccessImpl [ClassLoaderAccessImpl.java:60] Not known whether passed class name [franco.maurizio.hr.desk.com.persistence.entity.Question] is safe
2023-11-24 12:36:32,028 DEBUG o.h.b.i.ClassLoaderAccessImpl [ClassLoaderAccessImpl.java:62] No temp ClassLoader provided; using live ClassLoader for loading potentially unsafe class : franco.maurizio.hr.desk.com.persistence.entity.Question
2023-11-24 12:36:32,028 DEBUG o.h.b.m.i.PropertyBinder [PropertyBinder.java:251] MetadataSourceProcessor property id with lazy=false
2023-11-24 12:36:32,028 DEBUG o.h.b.m.i.AbstractPropertyHolder [AbstractPropertyHolder.java:107] Attempting to locate auto-apply AttributeConverter for property [franco.maurizio.hr.desk.com.persistence.entity.Question:id]
2023-11-24 12:36:32,029 DEBUG o.h.b.m.i.BasicValueBinder [BasicValueBinder.java:1196] building BasicValue for id
2023-11-24 12:36:32,029 DEBUG o.h.m.BasicValue [BasicValue.java:259] Skipping column re-registration: questions.id
2023-11-24 12:36:32,029 TRACE o.h.e.j.e.i.NormalizingIdentifierHelperImpl [NormalizingIdentifierHelperImpl.java:62] Normalizing identifier quoting [id]
2023-11-24 12:36:32,029 TRACE o.h.e.j.e.i.NormalizingIdentifierHelperImpl [NormalizingIdentifierHelperImpl.java:62] Normalizing identifier quoting [id]
2023-11-24 12:36:32,030 TRACE o.h.e.j.e.i.NormalizingIdentifierHelperImpl [NormalizingIdentifierHelperImpl.java:62] Normalizing identifier quoting [id]
2023-11-24 12:36:32,030 DEBUG o.h.b.m.i.PropertyBinder [PropertyBinder.java:391] Building property id
2023-11-24 12:36:32,030 TRACE o.h.b.m.i.PropertyBinder [PropertyBinder.java:407] Cascading id with null
2023-11-24 12:36:32,031 DEBUG o.h.b.m.i.BinderHelper [GeneratorBinder.java:73] #makeIdGenerator(BasicValue([Column(id)]), id, identity, , ...)
2023-11-24 12:36:32,031 TRACE o.h.b.m.i.PropertyBinder [PropertyBinder.java:1327] Bind @Id on id
2023-11-24 12:36:32,031 TRACE o.h.b.m.i.PropertyBinder [PropertyBinder.java:695] Processing annotations of franco.maurizio.hr.desk.com.persistence.entity.Question.ansa
2023-11-24 12:36:32,031 TRACE o.h.e.j.e.i.NormalizingIdentifierHelperImpl [NormalizingIdentifierHelperImpl.java:62] Normalizing identifier quoting [ansa]
2023-11-24 12:36:32,032 TRACE o.h.e.j.e.i.NormalizingIdentifierHelperImpl [NormalizingIdentifierHelperImpl.java:62] Normalizing identifier quoting [ansa]
2023-11-24 12:36:32,032 DEBUG o.h.b.m.i.AnnotatedColumn [AnnotatedColumn.java:249] Binding column: AnnotatedColumn()
2023-11-24 12:36:32,032 DEBUG o.h.b.m.i.PropertyBinder [PropertyBinder.java:251] MetadataSourceProcessor property ansa with lazy=false
2023-11-24 12:36:32,033 DEBUG o.h.b.m.i.AbstractPropertyHolder [AbstractPropertyHolder.java:107] Attempting to locate auto-apply AttributeConverter for property [franco.maurizio.hr.desk.com.persistence.entity.Question:ansa]
2023-11-24 12:36:32,033 DEBUG o.h.b.m.i.BasicValueBinder [BasicValueBinder.java:1196] building BasicValue for ansa
2023-11-24 12:36:32,033 DEBUG o.h.m.BasicValue [BasicValue.java:259] Skipping column re-registration: questions.ansa
2023-11-24 12:36:32,033 TRACE o.h.e.j.e.i.NormalizingIdentifierHelperImpl [NormalizingIdentifierHelperImpl.java:62] Normalizing identifier quoting [ansa]
2023-11-24 12:36:32,034 TRACE o.h.e.j.e.i.NormalizingIdentifierHelperImpl [NormalizingIdentifierHelperImpl.java:62] Normalizing identifier quoting [ansa]
2023-11-24 12:36:32,034 TRACE o.h.e.j.e.i.NormalizingIdentifierHelperImpl [NormalizingIdentifierHelperImpl.java:62] Normalizing identifier quoting [ansa]
2023-11-24 12:36:32,034 DEBUG o.h.b.m.i.PropertyBinder [PropertyBinder.java:391] Building property ansa
2023-11-24 12:36:32,034 TRACE o.h.b.m.i.PropertyBinder [PropertyBinder.java:407] Cascading ansa with null
2023-11-24 12:36:32,035 TRACE o.h.b.m.i.PropertyBinder [PropertyBinder.java:695] Processing annotations of franco.maurizio.hr.desk.com.persistence.entity.Question.ansb
2023-11-24 12:36:32,035 TRACE o.h.e.j.e.i.NormalizingIdentifierHelperImpl [NormalizingIdentifierHelperImpl.java:62] Normalizing identifier quoting [ansb]
2023-11-24 12:36:32,035 TRACE o.h.e.j.e.i.NormalizingIdentifierHelperImpl [NormalizingIdentifierHelperImpl.java:62] Normalizing identifier quoting [ansb]
2023-11-24 12:36:32,036 DEBUG o.h.b.m.i.AnnotatedColumn [AnnotatedColumn.java:249] Binding column: AnnotatedColumn()
2023-11-24 12:36:32,036 DEBUG o.h.b.m.i.PropertyBinder [PropertyBinder.java:251] MetadataSourceProcessor property ansb with lazy=false
2023-11-24 12:36:32,036 DEBUG o.h.b.m.i.AbstractPropertyHolder [AbstractPropertyHolder.java:107] Attempting to locate auto-apply AttributeConverter for property [franco.maurizio.hr.desk.com.persistence.entity.Question:ansb]
2023-11-24 12:36:32,037 DEBUG o.h.b.m.i.BasicValueBinder [BasicValueBinder.java:1196] building BasicValue for ansb
2023-11-24 12:36:32,037 DEBUG o.h.m.BasicValue [BasicValue.java:259] Skipping column re-registration: questions.ansb
2023-11-24 12:36:32,037 TRACE o.h.e.j.e.i.NormalizingIdentifierHelperImpl [NormalizingIdentifierHelperImpl.java:62] Normalizing identifier quoting [ansb]
2023-11-24 12:36:32,037 TRACE o.h.e.j.e.i.NormalizingIdentifierHelperImpl [NormalizingIdentifierHelperImpl.java:62] Normalizing identifier quoting [ansb]
2023-11-24 12:36:32,038 TRACE o.h.e.j.e.i.NormalizingIdentifierHelperImpl [NormalizingIdentifierHelperImpl.java:62] Normalizing identifier quoting [ansb]
2023-11-24 12:36:32,038 DEBUG o.h.b.m.i.PropertyBinder [PropertyBinder.java:391] Building property ansb
2023-11-24 12:36:32,038 TRACE o.h.b.m.i.PropertyBinder [PropertyBinder.java:407] Cascading ansb with null
2023-11-24 12:36:32,038 TRACE o.h.b.m.i.PropertyBinder [PropertyBinder.java:695] Processing annotations of franco.maurizio.hr.desk.com.persistence.entity.Question.ansc
2023-11-24 12:36:32,039 TRACE o.h.e.j.e.i.NormalizingIdentifierHelperImpl [NormalizingIdentifierHelperImpl.java:62] Normalizing identifier quoting [ansc]
2023-11-24 12:36:32,039 TRACE o.h.e.j.e.i.NormalizingIdentifierHelperImpl [NormalizingIdentifierHelperImpl.java:62] Normalizing identifier quoting [ansc]
2023-11-24 12:36:32,040 DEBUG o.h.b.m.i.AnnotatedColumn [AnnotatedColumn.java:249] Binding column: AnnotatedColumn()
2023-11-24 12:36:32,040 DEBUG o.h.b.m.i.PropertyBinder [PropertyBinder.java:251] MetadataSourceProcessor property ansc with lazy=false
2023-11-24 12:36:32,040 DEBUG o.h.b.m.i.AbstractPropertyHolder [AbstractPropertyHolder.java:107] Attempting to locate auto-apply AttributeConverter for property [franco.maurizio.hr.desk.com.persistence.entity.Question:ansc]
2023-11-24 12:36:32,040 DEBUG o.h.b.m.i.BasicValueBinder [BasicValueBinder.java:1196] building BasicValue for ansc
2023-11-24 12:36:32,041 DEBUG o.h.m.BasicValue [BasicValue.java:259] Skipping column re-registration: questions.ansc
2023-11-24 12:36:32,041 TRACE o.h.e.j.e.i.NormalizingIdentifierHelperImpl [NormalizingIdentifierHelperImpl.java:62] Normalizing identifier quoting [ansc]
2023-11-24 12:36:32,041 TRACE o.h.e.j.e.i.NormalizingIdentifierHelperImpl [NormalizingIdentifierHelperImpl.java:62] Normalizing identifier quoting [ansc]
2023-11-24 12:36:32,041 TRACE o.h.e.j.e.i.NormalizingIdentifierHelperImpl [NormalizingIdentifierHelperImpl.java:62] Normalizing identifier quoting [ansc]
2023-11-24 12:36:32,042 DEBUG o.h.b.m.i.PropertyBinder [PropertyBinder.java:391] Building property ansc
2023-11-24 12:36:32,042 TRACE o.h.b.m.i.PropertyBinder [PropertyBinder.java:407] Cascading ansc with null
2023-11-24 12:36:32,042 TRACE o.h.b.m.i.PropertyBinder [PropertyBinder.java:695] Processing annotations of franco.maurizio.hr.desk.com.persistence.entity.Question.ansd
2023-11-24 12:36:32,043 TRACE o.h.e.j.e.i.NormalizingIdentifierHelperImpl [NormalizingIdentifierHelperImpl.java:62] Normalizing identifier quoting [ansd]
2023-11-24 12:36:32,043 TRACE o.h.e.j.e.i.NormalizingIdentifierHelperImpl [NormalizingIdentifierHelperImpl.java:62] Normalizing identifier quoting [ansd]
2023-11-24 12:36:32,043 DEBUG o.h.b.m.i.AnnotatedColumn [AnnotatedColumn.java:249] Binding column: AnnotatedColumn()
2023-11-24 12:36:32,043 DEBUG o.h.b.m.i.PropertyBinder [PropertyBinder.java:251] MetadataSourceProcessor property ansd with lazy=false
2023-11-24 12:36:32,044 DEBUG o.h.b.m.i.AbstractPropertyHolder [AbstractPropertyHolder.java:107] Attempting to locate auto-apply AttributeConverter for property [franco.maurizio.hr.desk.com.persistence.entity.Question:ansd]
2023-11-24 12:36:32,044 DEBUG o.h.b.m.i.BasicValueBinder [BasicValueBinder.java:1196] building BasicValue for ansd
2023-11-24 12:36:32,044 DEBUG o.h.m.BasicValue [BasicValue.java:259] Skipping column re-registration: questions.ansd
2023-11-24 12:36:32,045 TRACE o.h.e.j.e.i.NormalizingIdentifierHelperImpl [NormalizingIdentifierHelperImpl.java:62] Normalizing identifier quoting [ansd]
2023-11-24 12:36:32,045 TRACE o.h.e.j.e.i.NormalizingIdentifierHelperImpl [NormalizingIdentifierHelperImpl.java:62] Normalizing identifier quoting [ansd]
2023-11-24 12:36:32,045 TRACE o.h.e.j.e.i.NormalizingIdentifierHelperImpl [NormalizingIdentifierHelperImpl.java:62] Normalizing identifier quoting [ansd]
2023-11-24 12:36:32,045 DEBUG o.h.b.m.i.PropertyBinder [PropertyBinder.java:391] Building property ansd
2023-11-24 12:36:32,046 TRACE o.h.b.m.i.PropertyBinder [PropertyBinder.java:407] Cascading ansd with null
2023-11-24 12:36:32,046 TRACE o.h.b.m.i.PropertyBinder [PropertyBinder.java:695] Processing annotations of franco.maurizio.hr.desk.com.persistence.entity.Question.anse
2023-11-24 12:36:32,046 TRACE o.h.e.j.e.i.NormalizingIdentifierHelperImpl [NormalizingIdentifierHelperImpl.java:62] Normalizing identifier quoting [anse]
2023-11-24 12:36:32,047 TRACE o.h.e.j.e.i.NormalizingIdentifierHelperImpl [NormalizingIdentifierHelperImpl.java:62] Normalizing identifier quoting [anse]
2023-11-24 12:36:32,047 DEBUG o.h.b.m.i.AnnotatedColumn [AnnotatedColumn.java:249] Binding column: AnnotatedColumn()
2023-11-24 12:36:32,047 DEBUG o.h.b.m.i.PropertyBinder [PropertyBinder.java:251] MetadataSourceProcessor property anse with lazy=false
2023-11-24 12:36:32,047 DEBUG o.h.b.m.i.AbstractPropertyHolder [AbstractPropertyHolder.java:107] Attempting to locate auto-apply AttributeConverter for property [franco.maurizio.hr.desk.com.persistence.entity.Question:anse]
2023-11-24 12:36:32,048 DEBUG o.h.b.m.i.BasicValueBinder [BasicValueBinder.java:1196] building BasicValue for anse
2023-11-24 12:36:32,048 DEBUG o.h.m.BasicValue [BasicValue.java:259] Skipping column re-registration: questions.anse
2023-11-24 12:36:32,048 TRACE o.h.e.j.e.i.NormalizingIdentifierHelperImpl [NormalizingIdentifierHelperImpl.java:62] Normalizing identifier quoting [anse]
2023-11-24 12:36:32,049 TRACE o.h.e.j.e.i.NormalizingIdentifierHelperImpl [NormalizingIdentifierHelperImpl.java:62] Normalizing identifier quoting [anse]
2023-11-24 12:36:32,049 TRACE o.h.e.j.e.i.NormalizingIdentifierHelperImpl [NormalizingIdentifierHelperImpl.java:62] Normalizing identifier quoting [anse]
2023-11-24 12:36:32,049 DEBUG o.h.b.m.i.PropertyBinder [PropertyBinder.java:391] Building property anse
2023-11-24 12:36:32,049 TRACE o.h.b.m.i.PropertyBinder [PropertyBinder.java:407] Cascading anse with null
2023-11-24 12:36:32,050 TRACE o.h.b.m.i.PropertyBinder [PropertyBinder.java:695] Processing annotations of franco.maurizio.hr.desk.com.persistence.entity.Question.ansf
2023-11-24 12:36:32,050 TRACE o.h.e.j.e.i.NormalizingIdentifierHelperImpl [NormalizingIdentifierHelperImpl.java:62] Normalizing identifier quoting [ansf]
2023-11-24 12:36:32,051 TRACE o.h.e.j.e.i.NormalizingIdentifierHelperImpl [NormalizingIdentifierHelperImpl.java:62] Normalizing identifier quoting [ansf]
2023-11-24 12:36:32,051 DEBUG o.h.b.m.i.AnnotatedColumn [AnnotatedColumn.java:249] Binding column: AnnotatedColumn()
2023-11-24 12:36:32,051 DEBUG o.h.b.m.i.PropertyBinder [PropertyBinder.java:251] MetadataSourceProcessor property ansf with lazy=false
2023-11-24 12:36:32,051 DEBUG o.h.b.m.i.AbstractPropertyHolder [AbstractPropertyHolder.java:107] Attempting to locate auto-apply AttributeConverter for property [franco.maurizio.hr.desk.com.persistence.entity.Question:ansf]
2023-11-24 12:36:32,052 DEBUG o.h.b.m.i.BasicValueBinder [BasicValueBinder.java:1196] building BasicValue for ansf
2023-11-24 12:36:32,052 DEBUG o.h.m.BasicValue [BasicValue.java:259] Skipping column re-registration: questions.ansf
2023-11-24 12:36:32,052 TRACE o.h.e.j.e.i.NormalizingIdentifierHelperImpl [NormalizingIdentifierHelperImpl.java:62] Normalizing identifier quoting [ansf]
2023-11-24 12:36:32,053 TRACE o.h.e.j.e.i.NormalizingIdentifierHelperImpl [NormalizingIdentifierHelperImpl.java:62] Normalizing identifier quoting [ansf]
2023-11-24 12:36:32,053 TRACE o.h.e.j.e.i.NormalizingIdentifierHelperImpl [NormalizingIdentifierHelperImpl.java:62] Normalizing identifier quoting [ansf]
2023-11-24 12:36:32,053 DEBUG o.h.b.m.i.PropertyBinder [PropertyBinder.java:391] Building property ansf
2023-11-24 12:36:32,053 TRACE o.h.b.m.i.PropertyBinder [PropertyBinder.java:407] Cascading ansf with null
2023-11-24 12:36:32,054 TRACE o.h.b.m.i.PropertyBinder [PropertyBinder.java:695] Processing annotations of franco.maurizio.hr.desk.com.persistence.entity.Question.ansg
2023-11-24 12:36:32,054 TRACE o.h.e.j.e.i.NormalizingIdentifierHelperImpl [NormalizingIdentifierHelperImpl.java:62] Normalizing identifier quoting [ansg]
2023-11-24 12:36:32,054 TRACE o.h.e.j.e.i.NormalizingIdentifierHelperImpl [NormalizingIdentifierHelperImpl.java:62] Normalizing identifier quoting [ansg]
2023-11-24 12:36:32,055 DEBUG o.h.b.m.i.AnnotatedColumn [AnnotatedColumn.java:249] Binding column: AnnotatedColumn()
2023-11-24 12:36:32,055 DEBUG o.h.b.m.i.PropertyBinder [PropertyBinder.java:251] MetadataSourceProcessor property ansg with lazy=false
2023-11-24 12:36:32,055 DEBUG o.h.b.m.i.AbstractPropertyHolder [AbstractPropertyHolder.java:107] Attempting to locate auto-apply AttributeConverter for property [franco.maurizio.hr.desk.com.persistence.entity.Question:ansg]
2023-11-24 12:36:32,055 DEBUG o.h.b.m.i.BasicValueBinder [BasicValueBinder.java:1196] building BasicValue for ansg
2023-11-24 12:36:32,056 DEBUG o.h.m.BasicValue [BasicValue.java:259] Skipping column re-registration: questions.ansg
2023-11-24 12:36:32,056 TRACE o.h.e.j.e.i.NormalizingIdentifierHelperImpl [NormalizingIdentifierHelperImpl.java:62] Normalizing identifier quoting [ansg]
2023-11-24 12:36:32,056 TRACE o.h.e.j.e.i.NormalizingIdentifierHelperImpl [NormalizingIdentifierHelperImpl.java:62] Normalizing identifier quoting [ansg]
2023-11-24 12:36:32,056 TRACE o.h.e.j.e.i.NormalizingIdentifierHelperImpl [NormalizingIdentifierHelperImpl.java:62] Normalizing identifier quoting [ansg]
2023-11-24 12:36:32,057 DEBUG o.h.b.m.i.PropertyBinder [PropertyBinder.java:391] Building property ansg
2023-11-24 12:36:32,057 TRACE o.h.b.m.i.PropertyBinder [PropertyBinder.java:407] Cascading ansg with null
2023-11-24 12:36:32,057 TRACE o.h.b.m.i.PropertyBinder [PropertyBinder.java:695] Processing annotations of franco.maurizio.hr.desk.com.persistence.entity.Question.ansh
2023-11-24 12:36:32,058 TRACE o.h.e.j.e.i.NormalizingIdentifierHelperImpl [NormalizingIdentifierHelperImpl.java:62] Normalizing identifier quoting [ansh]
2023-11-24 12:36:32,058 TRACE o.h.e.j.e.i.NormalizingIdentifierHelperImpl [NormalizingIdentifierHelperImpl.java:62] Normalizing identifier quoting [ansh]
2023-11-24 12:36:32,058 DEBUG o.h.b.m.i.AnnotatedColumn [AnnotatedColumn.java:249] Binding column: AnnotatedColumn()
2023-11-24 12:36:32,059 DEBUG o.h.b.m.i.PropertyBinder [PropertyBinder.java:251] MetadataSourceProcessor property ansh with lazy=false
2023-11-24 12:36:32,059 DEBUG o.h.b.m.i.AbstractPropertyHolder [AbstractPropertyHolder.java:107] Attempting to locate auto-apply AttributeConverter for property [franco.maurizio.hr.desk.com.persistence.entity.Question:ansh]
2023-11-24 12:36:32,059 DEBUG o.h.b.m.i.BasicValueBinder [BasicValueBinder.java:1196] building BasicValue for ansh
2023-11-24 12:36:32,060 DEBUG o.h.m.BasicValue [BasicValue.java:259] Skipping column re-registration: questions.ansh
2023-11-24 12:36:32,060 TRACE o.h.e.j.e.i.NormalizingIdentifierHelperImpl [NormalizingIdentifierHelperImpl.java:62] Normalizing identifier quoting [ansh]
2023-11-24 12:36:32,060 TRACE o.h.e.j.e.i.NormalizingIdentifierHelperImpl [NormalizingIdentifierHelperImpl.java:62] Normalizing identifier quoting [ansh]
2023-11-24 12:36:32,060 TRACE o.h.e.j.e.i.NormalizingIdentifierHelperImpl [NormalizingIdentifierHelperImpl.java:62] Normalizing identifier quoting [ansh]
2023-11-24 12:36:32,061 DEBUG o.h.b.m.i.PropertyBinder [PropertyBinder.java:391] Building property ansh
2023-11-24 12:36:32,061 TRACE o.h.b.m.i.PropertyBinder [PropertyBinder.java:407] Cascading ansh with null
2023-11-24 12:36:32,061 TRACE o.h.b.m.i.PropertyBinder [PropertyBinder.java:695] Processing annotations of franco.maurizio.hr.desk.com.persistence.entity.Question.cansa
2023-11-24 12:36:32,061 TRACE o.h.e.j.e.i.NormalizingIdentifierHelperImpl [NormalizingIdentifierHelperImpl.java:62] Normalizing identifier quoting [cansa]
2023-11-24 12:36:32,062 TRACE o.h.e.j.e.i.NormalizingIdentifierHelperImpl [NormalizingIdentifierHelperImpl.java:62] Normalizing identifier quoting [cansa]
2023-11-24 12:36:32,062 DEBUG o.h.b.m.i.AnnotatedColumn [AnnotatedColumn.java:249] Binding column: AnnotatedColumn()
2023-11-24 12:36:32,062 DEBUG o.h.b.m.i.PropertyBinder [PropertyBinder.java:251] MetadataSourceProcessor property cansa with lazy=false
2023-11-24 12:36:32,062 DEBUG o.h.b.m.i.AbstractPropertyHolder [AbstractPropertyHolder.java:107] Attempting to locate auto-apply AttributeConverter for property [franco.maurizio.hr.desk.com.persistence.entity.Question:cansa]
2023-11-24 12:36:32,063 DEBUG o.h.b.m.i.BasicValueBinder [BasicValueBinder.java:1196] building BasicValue for cansa
2023-11-24 12:36:32,063 DEBUG o.h.m.BasicValue [BasicValue.java:259] Skipping column re-registration: questions.cansa
2023-11-24 12:36:32,063 TRACE o.h.e.j.e.i.NormalizingIdentifierHelperImpl [NormalizingIdentifierHelperImpl.java:62] Normalizing identifier quoting [cansa]
2023-11-24 12:36:32,063 TRACE o.h.e.j.e.i.NormalizingIdentifierHelperImpl [NormalizingIdentifierHelperImpl.java:62] Normalizing identifier quoting [cansa]
2023-11-24 12:36:32,064 TRACE o.h.e.j.e.i.NormalizingIdentifierHelperImpl [NormalizingIdentifierHelperImpl.java:62] Normalizing identifier quoting [cansa]
2023-11-24 12:36:32,064 DEBUG o.h.b.m.i.PropertyBinder [PropertyBinder.java:391] Building property cansa
2023-11-24 12:36:32,064 TRACE o.h.b.m.i.PropertyBinder [PropertyBinder.java:407] Cascading cansa with null
2023-11-24 12:36:32,064 TRACE o.h.b.m.i.PropertyBinder [PropertyBinder.java:695] Processing annotations of franco.maurizio.hr.desk.com.persistence.entity.Question.cansb
2023-11-24 12:36:32,065 TRACE o.h.e.j.e.i.NormalizingIdentifierHelperImpl [NormalizingIdentifierHelperImpl.java:62] Normalizing identifier quoting [cansb]
2023-11-24 12:36:32,065 TRACE o.h.e.j.e.i.NormalizingIdentifierHelperImpl [NormalizingIdentifierHelperImpl.java:62] Normalizing identifier quoting [cansb]
2023-11-24 12:36:32,065 DEBUG o.h.b.m.i.AnnotatedColumn [AnnotatedColumn.java:249] Binding column: AnnotatedColumn()
2023-11-24 12:36:32,066 DEBUG o.h.b.m.i.PropertyBinder [PropertyBinder.java:251] MetadataSourceProcessor property cansb with lazy=false
2023-11-24 12:36:32,066 DEBUG o.h.b.m.i.AbstractPropertyHolder [AbstractPropertyHolder.java:107] Attempting to locate auto-apply AttributeConverter for property [franco.maurizio.hr.desk.com.persistence.entity.Question:cansb]
2023-11-24 12:36:32,066 DEBUG o.h.b.m.i.BasicValueBinder [BasicValueBinder.java:1196] building BasicValue for cansb
2023-11-24 12:36:32,066 DEBUG o.h.m.BasicValue [BasicValue.java:259] Skipping column re-registration: questions.cansb
2023-11-24 12:36:32,067 TRACE o.h.e.j.e.i.NormalizingIdentifierHelperImpl [NormalizingIdentifierHelperImpl.java:62] Normalizing identifier quoting [cansb]
2023-11-24 12:36:32,067 TRACE o.h.e.j.e.i.NormalizingIdentifierHelperImpl [NormalizingIdentifierHelperImpl.java:62] Normalizing identifier quoting [cansb]
2023-11-24 12:36:32,067 TRACE o.h.e.j.e.i.NormalizingIdentifierHelperImpl [NormalizingIdentifierHelperImpl.java:62] Normalizing identifier quoting [cansb]
2023-11-24 12:36:32,067 DEBUG o.h.b.m.i.PropertyBinder [PropertyBinder.java:391] Building property cansb
2023-11-24 12:36:32,067 TRACE o.h.b.m.i.PropertyBinder [PropertyBinder.java:407] Cascading cansb with null
2023-11-24 12:36:32,068 TRACE o.h.b.m.i.PropertyBinder [PropertyBinder.java:695] Processing annotations of franco.maurizio.hr.desk.com.persistence.entity.Question.cansc
2023-11-24 12:36:32,068 TRACE o.h.e.j.e.i.NormalizingIdentifierHelperImpl [NormalizingIdentifierHelperImpl.java:62] Normalizing identifier quoting [cansc]
2023-11-24 12:36:32,068 TRACE o.h.e.j.e.i.NormalizingIdentifierHelperImpl [NormalizingIdentifierHelperImpl.java:62] Normalizing identifier quoting [cansc]
2023-11-24 12:36:32,069 DEBUG o.h.b.m.i.AnnotatedColumn [AnnotatedColumn.java:249] Binding column: AnnotatedColumn()
2023-11-24 12:36:32,069 DEBUG o.h.b.m.i.PropertyBinder [PropertyBinder.java:251] MetadataSourceProcessor property cansc with lazy=false
2023-11-24 12:36:32,069 DEBUG o.h.b.m.i.AbstractPropertyHolder [AbstractPropertyHolder.java:107] Attempting to locate auto-apply AttributeConverter for property [franco.maurizio.hr.desk.com.persistence.entity.Question:cansc]
2023-11-24 12:36:32,069 DEBUG o.h.b.m.i.BasicValueBinder [BasicValueBinder.java:1196] building BasicValue for cansc
2023-11-24 12:36:32,070 DEBUG o.h.m.BasicValue [BasicValue.java:259] Skipping column re-registration: questions.cansc
2023-11-24 12:36:32,070 TRACE o.h.e.j.e.i.NormalizingIdentifierHelperImpl [NormalizingIdentifierHelperImpl.java:62] Normalizing identifier quoting [cansc]
2023-11-24 12:36:32,070 TRACE o.h.e.j.e.i.NormalizingIdentifierHelperImpl [NormalizingIdentifierHelperImpl.java:62] Normalizing identifier quoting [cansc]
2023-11-24 12:36:32,070 TRACE o.h.e.j.e.i.NormalizingIdentifierHelperImpl [NormalizingIdentifierHelperImpl.java:62] Normalizing identifier quoting [cansc]
2023-11-24 12:36:32,071 DEBUG o.h.b.m.i.PropertyBinder [PropertyBinder.java:391] Building property cansc
2023-11-24 12:36:32,071 TRACE o.h.b.m.i.PropertyBinder [PropertyBinder.java:407] Cascading cansc with null
2023-11-24 12:36:32,071 TRACE o.h.b.m.i.PropertyBinder [PropertyBinder.java:695] Processing annotations of franco.maurizio.hr.desk.com.persistence.entity.Question.cansd
2023-11-24 12:36:32,071 TRACE o.h.e.j.e.i.NormalizingIdentifierHelperImpl [NormalizingIdentifierHelperImpl.java:62] Normalizing identifier quoting [cansd]
2023-11-24 12:36:32,072 TRACE o.h.e.j.e.i.NormalizingIdentifierHelperImpl [NormalizingIdentifierHelperImpl.java:62] Normalizing identifier quoting [cansd]
2023-11-24 12:36:32,072 DEBUG o.h.b.m.i.AnnotatedColumn [AnnotatedColumn.java:249] Binding column: AnnotatedColumn()
2023-11-24 12:36:32,072 DEBUG o.h.b.m.i.PropertyBinder [PropertyBinder.java:251] MetadataSourceProcessor property cansd with lazy=false
2023-11-24 12:36:32,073 DEBUG o.h.b.m.i.AbstractPropertyHolder [AbstractPropertyHolder.java:107] Attempting to locate auto-apply AttributeConverter for property [franco.maurizio.hr.desk.com.persistence.entity.Question:cansd]
2023-11-24 12:36:32,073 DEBUG o.h.b.m.i.BasicValueBinder [BasicValueBinder.java:1196] building BasicValue for cansd
2023-11-24 12:36:32,073 DEBUG o.h.m.BasicValue [BasicValue.java:259] Skipping column re-registration: questions.cansd
2023-11-24 12:36:32,073 TRACE o.h.e.j.e.i.NormalizingIdentifierHelperImpl [NormalizingIdentifierHelperImpl.java:62] Normalizing identifier quoting [cansd]
2023-11-24 12:36:32,074 TRACE o.h.e.j.e.i.NormalizingIdentifierHelperImpl [NormalizingIdentifierHelperImpl.java:62] Normalizing identifier quoting [cansd]
2023-11-24 12:36:32,074 TRACE o.h.e.j.e.i.NormalizingIdentifierHelperImpl [NormalizingIdentifierHelperImpl.java:62] Normalizing identifier quoting [cansd]
2023-11-24 12:36:32,074 DEBUG o.h.b.m.i.PropertyBinder [PropertyBinder.java:391] Building property cansd
2023-11-24 12:36:32,074 TRACE o.h.b.m.i.PropertyBinder [PropertyBinder.java:407] Cascading cansd with null
2023-11-24 12:36:32,075 TRACE o.h.b.m.i.PropertyBinder [PropertyBinder.java:695] Processing annotations of franco.maurizio.hr.desk.com.persistence.entity.Question.canse
2023-11-24 12:36:32,075 TRACE o.h.e.j.e.i.NormalizingIdentifierHelperImpl [NormalizingIdentifierHelperImpl.java:62] Normalizing identifier quoting [canse]
2023-11-24 12:36:32,075 TRACE o.h.e.j.e.i.NormalizingIdentifierHelperImpl [NormalizingIdentifierHelperImpl.java:62] Normalizing identifier quoting [canse]
2023-11-24 12:36:32,075 DEBUG o.h.b.m.i.AnnotatedColumn [AnnotatedColumn.java:249] Binding column: AnnotatedColumn()
2023-11-24 12:36:32,076 DEBUG o.h.b.m.i.PropertyBinder [PropertyBinder.java:251] MetadataSourceProcessor property canse with lazy=false
2023-11-24 12:36:32,076 DEBUG o.h.b.m.i.AbstractPropertyHolder [AbstractPropertyHolder.java:107] Attempting to locate auto-apply AttributeConverter for property [franco.maurizio.hr.desk.com.persistence.entity.Question:canse]
2023-11-24 12:36:32,076 DEBUG o.h.b.m.i.BasicValueBinder [BasicValueBinder.java:1196] building BasicValue for canse
2023-11-24 12:36:32,077 DEBUG o.h.m.BasicValue [BasicValue.java:259] Skipping column re-registration: questions.canse
2023-11-24 12:36:32,077 TRACE o.h.e.j.e.i.NormalizingIdentifierHelperImpl [NormalizingIdentifierHelperImpl.java:62] Normalizing identifier quoting [canse]
2023-11-24 12:36:32,077 TRACE o.h.e.j.e.i.NormalizingIdentifierHelperImpl [NormalizingIdentifierHelperImpl.java:62] Normalizing identifier quoting [canse]
2023-11-24 12:36:32,077 TRACE o.h.e.j.e.i.NormalizingIdentifierHelperImpl [NormalizingIdentifierHelperImpl.java:62] Normalizing identifier quoting [canse]
2023-11-24 12:36:32,078 DEBUG o.h.b.m.i.PropertyBinder [PropertyBinder.java:391] Building property canse
2023-11-24 12:36:32,078 TRACE o.h.b.m.i.PropertyBinder [PropertyBinder.java:407] Cascading canse with null
2023-11-24 12:36:32,078 TRACE o.h.b.m.i.PropertyBinder [PropertyBinder.java:695] Processing annotations of franco.maurizio.hr.desk.com.persistence.entity.Question.cansf
2023-11-24 12:36:32,079 TRACE o.h.e.j.e.i.NormalizingIdentifierHelperImpl [NormalizingIdentifierHelperImpl.java:62] Normalizing identifier quoting [cansf]
2023-11-24 12:36:32,079 TRACE o.h.e.j.e.i.NormalizingIdentifierHelperImpl [NormalizingIdentifierHelperImpl.java:62] Normalizing identifier quoting [cansf]
2023-11-24 12:36:32,079 DEBUG o.h.b.m.i.AnnotatedColumn [AnnotatedColumn.java:249] Binding column: AnnotatedColumn()
2023-11-24 12:36:32,079 DEBUG o.h.b.m.i.PropertyBinder [PropertyBinder.java:251] MetadataSourceProcessor property cansf with lazy=false
2023-11-24 12:36:32,080 DEBUG o.h.b.m.i.AbstractPropertyHolder [AbstractPropertyHolder.java:107] Attempting to locate auto-apply AttributeConverter for property [franco.maurizio.hr.desk.com.persistence.entity.Question:cansf]
2023-11-24 12:36:32,080 DEBUG o.h.b.m.i.BasicValueBinder [BasicValueBinder.java:1196] building BasicValue for cansf
2023-11-24 12:36:32,080 DEBUG o.h.m.BasicValue [BasicValue.java:259] Skipping column re-registration: questions.cansf
2023-11-24 12:36:32,080 TRACE o.h.e.j.e.i.NormalizingIdentifierHelperImpl [NormalizingIdentifierHelperImpl.java:62] Normalizing identifier quoting [cansf]
2023-11-24 12:36:32,081 TRACE o.h.e.j.e.i.NormalizingIdentifierHelperImpl [NormalizingIdentifierHelperImpl.java:62] Normalizing identifier quoting [cansf]
2023-11-24 12:36:32,081 TRACE o.h.e.j.e.i.NormalizingIdentifierHelperImpl [NormalizingIdentifierHelperImpl.java:62] Normalizing identifier quoting [cansf]
2023-11-24 12:36:32,081 DEBUG o.h.b.m.i.PropertyBinder [PropertyBinder.java:391] Building property cansf
2023-11-24 12:36:32,081 TRACE o.h.b.m.i.PropertyBinder [PropertyBinder.java:407] Cascading cansf with null
2023-11-24 12:36:32,082 TRACE o.h.b.m.i.PropertyBinder [PropertyBinder.java:695] Processing annotations of franco.maurizio.hr.desk.com.persistence.entity.Question.cansg
2023-11-24 12:36:32,082 TRACE o.h.e.j.e.i.NormalizingIdentifierHelperImpl [NormalizingIdentifierHelperImpl.java:62] Normalizing identifier quoting [cansg]
2023-11-24 12:36:32,082 TRACE o.h.e.j.e.i.NormalizingIdentifierHelperImpl [NormalizingIdentifierHelperImpl.java:62] Normalizing identifier quoting [cansg]
2023-11-24 12:36:32,082 DEBUG o.h.b.m.i.AnnotatedColumn [AnnotatedColumn.java:249] Binding column: AnnotatedColumn()
2023-11-24 12:36:32,083 DEBUG o.h.b.m.i.PropertyBinder [PropertyBinder.java:251] MetadataSourceProcessor property cansg with lazy=false
2023-11-24 12:36:32,083 DEBUG o.h.b.m.i.AbstractPropertyHolder [AbstractPropertyHolder.java:107] Attempting to locate auto-apply AttributeConverter for property [franco.maurizio.hr.desk.com.persistence.entity.Question:cansg]
2023-11-24 12:36:32,083 DEBUG o.h.b.m.i.BasicValueBinder [BasicValueBinder.java:1196] building BasicValue for cansg
2023-11-24 12:36:32,083 DEBUG o.h.m.BasicValue [BasicValue.java:259] Skipping column re-registration: questions.cansg
2023-11-24 12:36:32,084 TRACE o.h.e.j.e.i.NormalizingIdentifierHelperImpl [NormalizingIdentifierHelperImpl.java:62] Normalizing identifier quoting [cansg]
2023-11-24 12:36:32,084 TRACE o.h.e.j.e.i.NormalizingIdentifierHelperImpl [NormalizingIdentifierHelperImpl.java:62] Normalizing identifier quoting [cansg]
2023-11-24 12:36:32,084 TRACE o.h.e.j.e.i.NormalizingIdentifierHelperImpl [NormalizingIdentifierHelperImpl.java:62] Normalizing identifier quoting [cansg]
2023-11-24 12:36:32,084 DEBUG o.h.b.m.i.PropertyBinder [PropertyBinder.java:391] Building property cansg
2023-11-24 12:36:32,085 TRACE o.h.b.m.i.PropertyBinder [PropertyBinder.java:407] Cascading cansg with null
2023-11-24 12:36:32,085 TRACE o.h.b.m.i.PropertyBinder [PropertyBinder.java:695] Processing annotations of franco.maurizio.hr.desk.com.persistence.entity.Question.cansh
2023-11-24 12:36:32,085 TRACE o.h.e.j.e.i.NormalizingIdentifierHelperImpl [NormalizingIdentifierHelperImpl.java:62] Normalizing identifier quoting [cansh]
2023-11-24 12:36:32,085 TRACE o.h.e.j.e.i.NormalizingIdentifierHelperImpl [NormalizingIdentifierHelperImpl.java:62] Normalizing identifier quoting [cansh]
2023-11-24 12:36:32,086 DEBUG o.h.b.m.i.AnnotatedColumn [AnnotatedColumn.java:249] Binding column: AnnotatedColumn()
2023-11-24 12:36:32,086 DEBUG o.h.b.m.i.PropertyBinder [PropertyBinder.java:251] MetadataSourceProcessor property cansh with lazy=false
2023-11-24 12:36:32,086 DEBUG o.h.b.m.i.AbstractPropertyHolder [AbstractPropertyHolder.java:107] Attempting to locate auto-apply AttributeConverter for property [franco.maurizio.hr.desk.com.persistence.entity.Question:cansh]
2023-11-24 12:36:32,086 DEBUG o.h.b.m.i.BasicValueBinder [BasicValueBinder.java:1196] building BasicValue for cansh
2023-11-24 12:36:32,087 DEBUG o.h.m.BasicValue [BasicValue.java:259] Skipping column re-registration: questions.cansh
2023-11-24 12:36:32,087 TRACE o.h.e.j.e.i.NormalizingIdentifierHelperImpl [NormalizingIdentifierHelperImpl.java:62] Normalizing identifier quoting [cansh]
2023-11-24 12:36:32,087 TRACE o.h.e.j.e.i.NormalizingIdentifierHelperImpl [NormalizingIdentifierHelperImpl.java:62] Normalizing identifier quoting [cansh]
2023-11-24 12:36:32,087 TRACE o.h.e.j.e.i.NormalizingIdentifierHelperImpl [NormalizingIdentifierHelperImpl.java:62] Normalizing identifier quoting [cansh]
2023-11-24 12:36:32,088 DEBUG o.h.b.m.i.PropertyBinder [PropertyBinder.java:391] Building property cansh
2023-11-24 12:36:32,088 TRACE o.h.b.m.i.PropertyBinder [PropertyBinder.java:407] Cascading cansh with null
2023-11-24 12:36:32,088 TRACE o.h.b.m.i.PropertyBinder [PropertyBinder.java:695] Processing annotations of franco.maurizio.hr.desk.com.persistence.entity.Question.description
2023-11-24 12:36:32,089 TRACE o.h.e.j.e.i.NormalizingIdentifierHelperImpl [NormalizingIdentifierHelperImpl.java:62] Normalizing identifier quoting [description]
2023-11-24 12:36:32,089 TRACE o.h.e.j.e.i.NormalizingIdentifierHelperImpl [NormalizingIdentifierHelperImpl.java:62] Normalizing identifier quoting [description]
2023-11-24 12:36:32,089 DEBUG o.h.b.m.i.AnnotatedColumn [AnnotatedColumn.java:249] Binding column: AnnotatedColumn()
2023-11-24 12:36:32,090 DEBUG o.h.b.m.i.PropertyBinder [PropertyBinder.java:251] MetadataSourceProcessor property description with lazy=false
2023-11-24 12:36:32,090 DEBUG o.h.b.m.i.AbstractPropertyHolder [AbstractPropertyHolder.java:107] Attempting to locate auto-apply AttributeConverter for property [franco.maurizio.hr.desk.com.persistence.entity.Question:description]
2023-11-24 12:36:32,090 DEBUG o.h.b.m.i.BasicValueBinder [BasicValueBinder.java:1196] building BasicValue for description
2023-11-24 12:36:32,090 DEBUG o.h.m.BasicValue [BasicValue.java:259] Skipping column re-registration: questions.description
2023-11-24 12:36:32,091 TRACE o.h.e.j.e.i.NormalizingIdentifierHelperImpl [NormalizingIdentifierHelperImpl.java:62] Normalizing identifier quoting [description]
2023-11-24 12:36:32,091 TRACE o.h.e.j.e.i.NormalizingIdentifierHelperImpl [NormalizingIdentifierHelperImpl.java:62] Normalizing identifier quoting [description]
2023-11-24 12:36:32,091 TRACE o.h.e.j.e.i.NormalizingIdentifierHelperImpl [NormalizingIdentifierHelperImpl.java:62] Normalizing identifier quoting [description]
2023-11-24 12:36:32,091 DEBUG o.h.b.m.i.PropertyBinder [PropertyBinder.java:391] Building property description
2023-11-24 12:36:32,092 TRACE o.h.b.m.i.PropertyBinder [PropertyBinder.java:407] Cascading description with null
2023-11-24 12:36:32,092 TRACE o.h.b.m.i.PropertyBinder [PropertyBinder.java:695] Processing annotations of franco.maurizio.hr.desk.com.persistence.entity.Question.fullAnswer
2023-11-24 12:36:32,093 TRACE o.h.e.j.e.i.NormalizingIdentifierHelperImpl [NormalizingIdentifierHelperImpl.java:62] Normalizing identifier quoting [fullAnswer]
2023-11-24 12:36:32,093 TRACE o.h.e.j.e.i.NormalizingIdentifierHelperImpl [NormalizingIdentifierHelperImpl.java:62] Normalizing identifier quoting [fullAnswer]
2023-11-24 12:36:32,093 DEBUG o.h.b.m.i.AnnotatedColumn [AnnotatedColumn.java:249] Binding column: AnnotatedColumn()
2023-11-24 12:36:32,093 DEBUG o.h.b.m.i.PropertyBinder [PropertyBinder.java:251] MetadataSourceProcessor property fullAnswer with lazy=false
2023-11-24 12:36:32,094 DEBUG o.h.b.m.i.AbstractPropertyHolder [AbstractPropertyHolder.java:107] Attempting to locate auto-apply AttributeConverter for property [franco.maurizio.hr.desk.com.persistence.entity.Question:fullAnswer]
2023-11-24 12:36:32,094 DEBUG o.h.b.m.i.BasicValueBinder [BasicValueBinder.java:1196] building BasicValue for fullAnswer
2023-11-24 12:36:32,094 DEBUG o.h.m.BasicValue [BasicValue.java:259] Skipping column re-registration: questions.full_answer
2023-11-24 12:36:32,094 TRACE o.h.e.j.e.i.NormalizingIdentifierHelperImpl [NormalizingIdentifierHelperImpl.java:62] Normalizing identifier quoting [fullAnswer]
2023-11-24 12:36:32,095 TRACE o.h.e.j.e.i.NormalizingIdentifierHelperImpl [NormalizingIdentifierHelperImpl.java:62] Normalizing identifier quoting [fullAnswer]
2023-11-24 12:36:32,095 TRACE o.h.e.j.e.i.NormalizingIdentifierHelperImpl [NormalizingIdentifierHelperImpl.java:62] Normalizing identifier quoting [fullAnswer]
2023-11-24 12:36:32,095 DEBUG o.h.b.m.i.PropertyBinder [PropertyBinder.java:391] Building property fullAnswer
2023-11-24 12:36:32,095 TRACE o.h.b.m.i.PropertyBinder [PropertyBinder.java:407] Cascading fullAnswer with null
2023-11-24 12:36:32,096 TRACE o.h.b.m.i.PropertyBinder [PropertyBinder.java:695] Processing annotations of franco.maurizio.hr.desk.com.persistence.entity.Question.label
2023-11-24 12:36:32,096 TRACE o.h.e.j.e.i.NormalizingIdentifierHelperImpl [NormalizingIdentifierHelperImpl.java:62] Normalizing identifier quoting [label]
2023-11-24 12:36:32,096 TRACE o.h.e.j.e.i.NormalizingIdentifierHelperImpl [NormalizingIdentifierHelperImpl.java:62] Normalizing identifier quoting [label]
2023-11-24 12:36:32,097 DEBUG o.h.b.m.i.AnnotatedColumn [AnnotatedColumn.java:249] Binding column: AnnotatedColumn()
2023-11-24 12:36:32,097 DEBUG o.h.b.m.i.PropertyBinder [PropertyBinder.java:251] MetadataSourceProcessor property label with lazy=false
2023-11-24 12:36:32,097 DEBUG o.h.b.m.i.AbstractPropertyHolder [AbstractPropertyHolder.java:107] Attempting to locate auto-apply AttributeConverter for property [franco.maurizio.hr.desk.com.persistence.entity.Question:label]
2023-11-24 12:36:32,097 DEBUG o.h.b.m.i.BasicValueBinder [BasicValueBinder.java:1196] building BasicValue for label
2023-11-24 12:36:32,098 DEBUG o.h.m.BasicValue [BasicValue.java:259] Skipping column re-registration: questions.label
2023-11-24 12:36:32,098 TRACE o.h.e.j.e.i.NormalizingIdentifierHelperImpl [NormalizingIdentifierHelperImpl.java:62] Normalizing identifier quoting [label]
2023-11-24 12:36:32,098 TRACE o.h.e.j.e.i.NormalizingIdentifierHelperImpl [NormalizingIdentifierHelperImpl.java:62] Normalizing identifier quoting [label]
2023-11-24 12:36:32,098 TRACE o.h.e.j.e.i.NormalizingIdentifierHelperImpl [NormalizingIdentifierHelperImpl.java:62] Normalizing identifier quoting [label]
2023-11-24 12:36:32,099 DEBUG o.h.b.m.i.PropertyBinder [PropertyBinder.java:391] Building property label
2023-11-24 12:36:32,099 TRACE o.h.b.m.i.PropertyBinder [PropertyBinder.java:407] Cascading label with null
2023-11-24 12:36:32,102 DEBUG o.h.b.m.i.BasicValueBinder [BasicValueBinder.java:1270] Starting `BasicValueBinder#fillSimpleValue` for id
2023-11-24 12:36:32,105 DEBUG o.h.b.m.i.BasicValueBinder [BasicValueBinder.java:1270] Starting `BasicValueBinder#fillSimpleValue` for description
2023-11-24 12:36:32,106 DEBUG o.h.b.m.i.BasicValueBinder [BasicValueBinder.java:1270] Starting `BasicValueBinder#fillSimpleValue` for label
2023-11-24 12:36:32,106 DEBUG o.h.b.m.i.BasicValueBinder [BasicValueBinder.java:1270] Starting `BasicValueBinder#fillSimpleValue` for time
2023-11-24 12:36:32,106 DEBUG o.h.b.m.i.BasicValueBinder [BasicValueBinder.java:1270] Starting `BasicValueBinder#fillSimpleValue` for id
2023-11-24 12:36:32,106 DEBUG o.h.b.m.i.BasicValueBinder [BasicValueBinder.java:1270] Starting `BasicValueBinder#fillSimpleValue` for candidateId
2023-11-24 12:36:32,107 DEBUG o.h.b.m.i.BasicValueBinder [BasicValueBinder.java:1270] Starting `BasicValueBinder#fillSimpleValue` for expirationDateTime
2023-11-24 12:36:32,107 DEBUG o.h.b.m.i.BasicValueBinder [BasicValueBinder.java:1270] Starting `BasicValueBinder#fillSimpleValue` for expired
2023-11-24 12:36:32,107 DEBUG o.h.b.m.i.BasicValueBinder [BasicValueBinder.java:1270] Starting `BasicValueBinder#fillSimpleValue` for generatedToken
2023-11-24 12:36:32,107 DEBUG o.h.b.m.i.BasicValueBinder [BasicValueBinder.java:1270] Starting `BasicValueBinder#fillSimpleValue` for surveyId
2023-11-24 12:36:32,107 DEBUG o.h.b.m.i.BasicValueBinder [BasicValueBinder.java:1270] Starting `BasicValueBinder#fillSimpleValue` for id
2023-11-24 12:36:32,108 DEBUG o.h.b.m.i.BasicValueBinder [BasicValueBinder.java:1270] Starting `BasicValueBinder#fillSimpleValue` for roleId
2023-11-24 12:36:32,108 DEBUG o.h.b.m.i.BasicValueBinder [BasicValueBinder.java:1270] Starting `BasicValueBinder#fillSimpleValue` for statusCode
2023-11-24 12:36:32,108 DEBUG o.h.b.m.i.BasicValueBinder [BasicValueBinder.java:1270] Starting `BasicValueBinder#fillSimpleValue` for statusColor
2023-11-24 12:36:32,109 DEBUG o.h.b.m.i.BasicValueBinder [BasicValueBinder.java:1270] Starting `BasicValueBinder#fillSimpleValue` for statusDescription
2023-11-24 12:36:32,109 DEBUG o.h.b.m.i.BasicValueBinder [BasicValueBinder.java:1270] Starting `BasicValueBinder#fillSimpleValue` for statusLabel
2023-11-24 12:36:32,109 DEBUG o.h.b.m.i.BasicValueBinder [BasicValueBinder.java:1270] Starting `BasicValueBinder#fillSimpleValue` for id
2023-11-24 12:36:32,109 DEBUG o.h.b.m.i.BasicValueBinder [BasicValueBinder.java:1270] Starting `BasicValueBinder#fillSimpleValue` for description
2023-11-24 12:36:32,110 DEBUG o.h.b.m.i.BasicValueBinder [BasicValueBinder.java:1270] Starting `BasicValueBinder#fillSimpleValue` for label
2023-11-24 12:36:32,110 DEBUG o.h.b.m.i.BasicValueBinder [BasicValueBinder.java:1270] Starting `BasicValueBinder#fillSimpleValue` for level
2023-11-24 12:36:32,110 DEBUG o.h.b.m.i.BasicValueBinder [BasicValueBinder.java:1270] Starting `BasicValueBinder#fillSimpleValue` for id
2023-11-24 12:36:32,111 DEBUG o.h.b.m.i.BasicValueBinder [BasicValueBinder.java:1270] Starting `BasicValueBinder#fillSimpleValue` for email
2023-11-24 12:36:32,111 DEBUG o.h.b.m.i.BasicValueBinder [BasicValueBinder.java:1270] Starting `BasicValueBinder#fillSimpleValue` for enabled
2023-11-24 12:36:32,111 DEBUG o.h.b.m.i.BasicValueBinder [BasicValueBinder.java:1270] Starting `BasicValueBinder#fillSimpleValue` for firstname
2023-11-24 12:36:32,111 DEBUG o.h.b.m.i.BasicValueBinder [BasicValueBinder.java:1270] Starting `BasicValueBinder#fillSimpleValue` for lastname
2023-11-24 12:36:32,111 DEBUG o.h.b.m.i.BasicValueBinder [BasicValueBinder.java:1270] Starting `BasicValueBinder#fillSimpleValue` for password
2023-11-24 12:36:32,112 DEBUG o.h.b.m.i.BasicValueBinder [BasicValueBinder.java:1270] Starting `BasicValueBinder#fillSimpleValue` for regdate
2023-11-24 12:36:32,112 DEBUG o.h.b.m.i.BasicValueBinder [BasicValueBinder.java:1270] Starting `BasicValueBinder#fillSimpleValue` for role
2023-11-24 12:36:32,112 DEBUG o.h.b.m.i.BasicValueBinder [BasicValueBinder.java:1270] Starting `BasicValueBinder#fillSimpleValue` for id
2023-11-24 12:36:32,112 DEBUG o.h.b.m.i.BasicValueBinder [BasicValueBinder.java:1270] Starting `BasicValueBinder#fillSimpleValue` for answers
2023-11-24 12:36:32,113 DEBUG o.h.b.m.i.BasicValueBinder [BasicValueBinder.java:1270] Starting `BasicValueBinder#fillSimpleValue` for candidateId
2023-11-24 12:36:32,113 DEBUG o.h.b.m.i.BasicValueBinder [BasicValueBinder.java:1270] Starting `BasicValueBinder#fillSimpleValue` for endtime
2023-11-24 12:36:32,113 DEBUG o.h.b.m.i.BasicValueBinder [BasicValueBinder.java:1270] Starting `BasicValueBinder#fillSimpleValue` for generated_token
2023-11-24 12:36:32,113 DEBUG o.h.b.m.i.BasicValueBinder [BasicValueBinder.java:1270] Starting `BasicValueBinder#fillSimpleValue` for pdffilename
2023-11-24 12:36:32,114 DEBUG o.h.b.m.i.BasicValueBinder [BasicValueBinder.java:1270] Starting `BasicValueBinder#fillSimpleValue` for points
2023-11-24 12:36:32,114 DEBUG o.h.b.m.i.BasicValueBinder [BasicValueBinder.java:1270] Starting `BasicValueBinder#fillSimpleValue` for starttime
2023-11-24 12:36:32,114 DEBUG o.h.b.m.i.BasicValueBinder [BasicValueBinder.java:1270] Starting `BasicValueBinder#fillSimpleValue` for surveyId
2023-11-24 12:36:32,114 DEBUG o.h.b.m.i.BasicValueBinder [BasicValueBinder.java:1270] Starting `BasicValueBinder#fillSimpleValue` for id
2023-11-24 12:36:32,115 DEBUG o.h.b.m.i.BasicValueBinder [BasicValueBinder.java:1270] Starting `BasicValueBinder#fillSimpleValue` for coursePageId
2023-11-24 12:36:32,115 DEBUG o.h.b.m.i.BasicValueBinder [BasicValueBinder.java:1270] Starting `BasicValueBinder#fillSimpleValue` for userId
2023-11-24 12:36:32,115 DEBUG o.h.b.m.i.BasicValueBinder [BasicValueBinder.java:1270] Starting `BasicValueBinder#fillSimpleValue` for id
2023-11-24 12:36:32,115 DEBUG o.h.b.m.i.BasicValueBinder [BasicValueBinder.java:1270] Starting `BasicValueBinder#fillSimpleValue` for position
2023-11-24 12:36:32,116 DEBUG o.h.b.m.i.BasicValueBinder [BasicValueBinder.java:1270] Starting `BasicValueBinder#fillSimpleValue` for questionId
2023-11-24 12:36:32,116 DEBUG o.h.b.m.i.BasicValueBinder [BasicValueBinder.java:1270] Starting `BasicValueBinder#fillSimpleValue` for surveyId
2023-11-24 12:36:32,116 DEBUG o.h.b.m.i.BasicValueBinder [BasicValueBinder.java:1270] Starting `BasicValueBinder#fillSimpleValue` for id
2023-11-24 12:36:32,116 DEBUG o.h.b.m.i.BasicValueBinder [BasicValueBinder.java:1270] Starting `BasicValueBinder#fillSimpleValue` for bodyText
2023-11-24 12:36:32,117 DEBUG o.h.b.m.i.BasicValueBinder [BasicValueBinder.java:1270] Starting `BasicValueBinder#fillSimpleValue` for code
2023-11-24 12:36:32,117 DEBUG o.h.b.m.i.BasicValueBinder [BasicValueBinder.java:1270] Starting `BasicValueBinder#fillSimpleValue` for created_datetime
2023-11-24 12:36:32,117 DEBUG o.h.b.m.i.BasicValueBinder [BasicValueBinder.java:1270] Starting `BasicValueBinder#fillSimpleValue` for fileName
2023-11-24 12:36:32,117 DEBUG o.h.b.m.i.BasicValueBinder [BasicValueBinder.java:1270] Starting `BasicValueBinder#fillSimpleValue` for opened_by
2023-11-24 12:36:32,117 DEBUG o.h.b.m.i.BasicValueBinder [BasicValueBinder.java:1270] Starting `BasicValueBinder#fillSimpleValue` for statusOpen
2023-11-24 12:36:32,118 DEBUG o.h.b.m.i.BasicValueBinder [BasicValueBinder.java:1270] Starting `BasicValueBinder#fillSimpleValue` for title
2023-11-24 12:36:32,118 DEBUG o.h.b.m.i.BasicValueBinder [BasicValueBinder.java:1270] Starting `BasicValueBinder#fillSimpleValue` for id
2023-11-24 12:36:32,118 DEBUG o.h.b.m.i.BasicValueBinder [BasicValueBinder.java:1270] Starting `BasicValueBinder#fillSimpleValue` for candidacyDateTime
2023-11-24 12:36:32,118 DEBUG o.h.b.m.i.BasicValueBinder [BasicValueBinder.java:1270] Starting `BasicValueBinder#fillSimpleValue` for candidateStateCode
2023-11-24 12:36:32,119 DEBUG o.h.b.m.i.BasicValueBinder [BasicValueBinder.java:1270] Starting `BasicValueBinder#fillSimpleValue` for courseCode
2023-11-24 12:36:32,119 DEBUG o.h.b.m.i.BasicValueBinder [BasicValueBinder.java:1270] Starting `BasicValueBinder#fillSimpleValue` for cvExternalPath
2023-11-24 12:36:32,119 DEBUG o.h.b.m.i.BasicValueBinder [BasicValueBinder.java:1270] Starting `BasicValueBinder#fillSimpleValue` for dateOfBirth
2023-11-24 12:36:32,119 DEBUG o.h.b.m.i.BasicValueBinder [BasicValueBinder.java:1270] Starting `BasicValueBinder#fillSimpleValue` for domicileCity
2023-11-24 12:36:32,119 DEBUG o.h.b.m.i.BasicValueBinder [BasicValueBinder.java:1270] Starting `BasicValueBinder#fillSimpleValue` for email
2023-11-24 12:36:32,120 DEBUG o.h.b.m.i.BasicValueBinder [BasicValueBinder.java:1270] Starting `BasicValueBinder#fillSimpleValue` for firstname
2023-11-24 12:36:32,120 DEBUG o.h.b.m.i.BasicValueBinder [BasicValueBinder.java:1270] Starting `BasicValueBinder#fillSimpleValue` for graduate
2023-11-24 12:36:32,120 DEBUG o.h.b.m.i.BasicValueBinder [BasicValueBinder.java:1270] Starting `BasicValueBinder#fillSimpleValue` for highGraduate
2023-11-24 12:36:32,120 DEBUG o.h.b.m.i.BasicValueBinder [BasicValueBinder.java:1270] Starting `BasicValueBinder#fillSimpleValue` for hrNote
2023-11-24 12:36:32,121 DEBUG o.h.b.m.i.BasicValueBinder [BasicValueBinder.java:1270] Starting `BasicValueBinder#fillSimpleValue` for imgpath
2023-11-24 12:36:32,121 DEBUG o.h.b.m.i.BasicValueBinder [BasicValueBinder.java:1270] Starting `BasicValueBinder#fillSimpleValue` for insertedBy
2023-11-24 12:36:32,121 DEBUG o.h.b.m.i.BasicValueBinder [BasicValueBinder.java:1270] Starting `BasicValueBinder#fillSimpleValue` for label
2023-11-24 12:36:32,121 DEBUG o.h.b.m.i.BasicValueBinder [BasicValueBinder.java:1270] Starting `BasicValueBinder#fillSimpleValue` for lastname
2023-11-24 12:36:32,122 DEBUG o.h.b.m.i.BasicValueBinder [BasicValueBinder.java:1270] Starting `BasicValueBinder#fillSimpleValue` for mobile
2023-11-24 12:36:32,122 DEBUG o.h.b.m.i.BasicValueBinder [BasicValueBinder.java:1270] Starting `BasicValueBinder#fillSimpleValue` for regdate
2023-11-24 12:36:32,122 DEBUG o.h.b.m.i.BasicValueBinder [BasicValueBinder.java:1270] Starting `BasicValueBinder#fillSimpleValue` for stillHighStudy
2023-11-24 12:36:32,122 DEBUG o.h.b.m.i.BasicValueBinder [BasicValueBinder.java:1270] Starting `BasicValueBinder#fillSimpleValue` for studyQualification
2023-11-24 12:36:32,123 DEBUG o.h.b.m.i.BasicValueBinder [BasicValueBinder.java:1270] Starting `BasicValueBinder#fillSimpleValue` for technicalNote
2023-11-24 12:36:32,123 DEBUG o.h.b.m.i.BasicValueBinder [BasicValueBinder.java:1270] Starting `BasicValueBinder#fillSimpleValue` for id
2023-11-24 12:36:32,123 DEBUG o.h.b.m.i.BasicValueBinder [BasicValueBinder.java:1270] Starting `BasicValueBinder#fillSimpleValue` for ansa
2023-11-24 12:36:32,123 DEBUG o.h.b.m.i.BasicValueBinder [BasicValueBinder.java:1270] Starting `BasicValueBinder#fillSimpleValue` for ansb
2023-11-24 12:36:32,124 DEBUG o.h.b.m.i.BasicValueBinder [BasicValueBinder.java:1270] Starting `BasicValueBinder#fillSimpleValue` for ansc
2023-11-24 12:36:32,124 DEBUG o.h.b.m.i.BasicValueBinder [BasicValueBinder.java:1270] Starting `BasicValueBinder#fillSimpleValue` for ansd
2023-11-24 12:36:32,124 DEBUG o.h.b.m.i.BasicValueBinder [BasicValueBinder.java:1270] Starting `BasicValueBinder#fillSimpleValue` for anse
2023-11-24 12:36:32,124 DEBUG o.h.b.m.i.BasicValueBinder [BasicValueBinder.java:1270] Starting `BasicValueBinder#fillSimpleValue` for ansf
2023-11-24 12:36:32,125 DEBUG o.h.b.m.i.BasicValueBinder [BasicValueBinder.java:1270] Starting `BasicValueBinder#fillSimpleValue` for ansg
2023-11-24 12:36:32,125 DEBUG o.h.b.m.i.BasicValueBinder [BasicValueBinder.java:1270] Starting `BasicValueBinder#fillSimpleValue` for ansh
2023-11-24 12:36:32,125 DEBUG o.h.b.m.i.BasicValueBinder [BasicValueBinder.java:1270] Starting `BasicValueBinder#fillSimpleValue` for cansa
2023-11-24 12:36:32,125 DEBUG o.h.b.m.i.BasicValueBinder [BasicValueBinder.java:1270] Starting `BasicValueBinder#fillSimpleValue` for cansb
2023-11-24 12:36:32,125 DEBUG o.h.b.m.i.BasicValueBinder [BasicValueBinder.java:1270] Starting `BasicValueBinder#fillSimpleValue` for cansc
2023-11-24 12:36:32,126 DEBUG o.h.b.m.i.BasicValueBinder [BasicValueBinder.java:1270] Starting `BasicValueBinder#fillSimpleValue` for cansd
2023-11-24 12:36:32,126 DEBUG o.h.b.m.i.BasicValueBinder [BasicValueBinder.java:1270] Starting `BasicValueBinder#fillSimpleValue` for canse
2023-11-24 12:36:32,126 DEBUG o.h.b.m.i.BasicValueBinder [BasicValueBinder.java:1270] Starting `BasicValueBinder#fillSimpleValue` for cansf
2023-11-24 12:36:32,126 DEBUG o.h.b.m.i.BasicValueBinder [BasicValueBinder.java:1270] Starting `BasicValueBinder#fillSimpleValue` for cansg
2023-11-24 12:36:32,127 DEBUG o.h.b.m.i.BasicValueBinder [BasicValueBinder.java:1270] Starting `BasicValueBinder#fillSimpleValue` for cansh
2023-11-24 12:36:32,127 DEBUG o.h.b.m.i.BasicValueBinder [BasicValueBinder.java:1270] Starting `BasicValueBinder#fillSimpleValue` for description
2023-11-24 12:36:32,127 DEBUG o.h.b.m.i.BasicValueBinder [BasicValueBinder.java:1270] Starting `BasicValueBinder#fillSimpleValue` for fullAnswer
2023-11-24 12:36:32,127 DEBUG o.h.b.m.i.BasicValueBinder [BasicValueBinder.java:1270] Starting `BasicValueBinder#fillSimpleValue` for label
2023-11-24 12:36:32,133 DEBUG o.h.m.PrimaryKey [PrimaryKey.java:40] Forcing column [id] to be non-null as it is part of the primary key for table [surveys]
2023-11-24 12:36:32,133 DEBUG o.h.m.PrimaryKey [PrimaryKey.java:40] Forcing column [id] to be non-null as it is part of the primary key for table [candidatesurveytokens]
2023-11-24 12:36:32,133 DEBUG o.h.m.PrimaryKey [PrimaryKey.java:40] Forcing column [id] to be non-null as it is part of the primary key for table [candidate_states]
2023-11-24 12:36:32,134 DEBUG o.h.m.PrimaryKey [PrimaryKey.java:40] Forcing column [id] to be non-null as it is part of the primary key for table [roles]
2023-11-24 12:36:32,134 DEBUG o.h.m.PrimaryKey [PrimaryKey.java:40] Forcing column [id] to be non-null as it is part of the primary key for table [users]
2023-11-24 12:36:32,134 DEBUG o.h.m.PrimaryKey [PrimaryKey.java:40] Forcing column [id] to be non-null as it is part of the primary key for table [surveyreplies]
2023-11-24 12:36:32,134 DEBUG o.h.m.PrimaryKey [PrimaryKey.java:40] Forcing column [id] to be non-null as it is part of the primary key for table [positionuserowner]
2023-11-24 12:36:32,135 DEBUG o.h.m.PrimaryKey [PrimaryKey.java:40] Forcing column [id] to be non-null as it is part of the primary key for table [surveyquestions]
2023-11-24 12:36:32,135 DEBUG o.h.m.PrimaryKey [PrimaryKey.java:40] Forcing column [id] to be non-null as it is part of the primary key for table [coursepage]
2023-11-24 12:36:32,135 DEBUG o.h.m.PrimaryKey [PrimaryKey.java:40] Forcing column [id] to be non-null as it is part of the primary key for table [candidates]
2023-11-24 12:36:32,135 DEBUG o.h.m.PrimaryKey [PrimaryKey.java:40] Forcing column [id] to be non-null as it is part of the primary key for table [questions]
2023-11-24 12:36:32,190 TRACE o.h.s.i.AbstractServiceRegistryImpl [AbstractServiceRegistryImpl.java:235] Initializing service [role=org.hibernate.boot.spi.SessionFactoryBuilderService]
2023-11-24 12:36:32,208 TRACE o.h.s.i.AbstractServiceRegistryImpl [AbstractServiceRegistryImpl.java:235] Initializing service [role=org.hibernate.engine.jdbc.connections.spi.MultiTenantConnectionProvider]
2023-11-24 12:36:32,209 TRACE o.h.l.BatchFetchStyle [BatchFetchStyle.java:57] Interpreting BatchFetchStyle from setting : null
2023-11-24 12:36:32,215 TRACE o.h.s.i.AbstractServiceRegistryImpl [AbstractServiceRegistryImpl.java:235] Initializing service [role=org.hibernate.bytecode.spi.BytecodeProvider]
2023-11-24 12:36:32,216 DEBUG o.h.b.i.BytecodeProviderInitiator [BytecodeProviderInitiator.java:53] HHH000021: Bytecode provider name : bytebuddy
2023-11-24 12:36:32,252 DEBUG o.h.i.SessionFactoryImpl [SessionFactoryImpl.java:208] Building session factory
2023-11-24 12:36:32,254 TRACE o.h.s.i.AbstractServiceRegistryImpl [AbstractServiceRegistryImpl.java:235] Initializing service [role=org.hibernate.service.spi.SessionFactoryServiceRegistryFactory]
2023-11-24 12:36:32,339 DEBUG o.h.s.i.SessionFactoryServiceRegistryImpl [SessionFactoryServiceRegistryImpl.java:91] EventListenerRegistry access via ServiceRegistry is deprecated.  Use `sessionFactory.getEventEngine().getListenerRegistry()` instead
2023-11-24 12:36:32,340 DEBUG o.h.i.SessionFactoryImpl [SessionFactoryImpl.java:225] Instantiating SessionFactory with settings: {java.specification.version=17, hibernate.resource.beans.container=org.springframework.orm.hibernate5.SpringBeanContainer@75de0da8, hibernate.connection.handling_mode=DELAYED_ACQUISITION_AND_HOLD, sun.jnu.encoding=UTF-8, hibernate.implicit_naming_strategy=org.springframework.boot.orm.jpa.hibernate.SpringImplicitNamingStrategy, java.class.path=/home/maurizio/git/hr-desk/hr-desk/backend17/target/test-classes:/home/maurizio/git/hr-desk/hr-desk/backend17/target/classes:/home/maurizio/.m2/repository/org/springframework/security/spring-security-test/6.1.5/spring-security-test-6.1.5.jar:/home/maurizio/.m2/repository/org/springframework/security/spring-security-core/6.1.5/spring-security-core-6.1.5.jar:/home/maurizio/.m2/repository/org/springframework/security/spring-security-crypto/6.1.5/spring-security-crypto-6.1.5.jar:/home/maurizio/.m2/repository/org/springframework/spring-beans/6.0.13/spring-beans-6.0.13.jar:/home/maurizio/.m2/repository/org/springframework/spring-context/6.0.13/spring-context-6.0.13.jar:/home/maurizio/.m2/repository/org/springframework/spring-expression/6.0.13/spring-expression-6.0.13.jar:/home/maurizio/.m2/repository/org/springframework/security/spring-security-web/6.1.5/spring-security-web-6.1.5.jar:/home/maurizio/.m2/repository/org/springframework/spring-core/6.0.13/spring-core-6.0.13.jar:/home/maurizio/.m2/repository/org/springframework/spring-jcl/6.0.13/spring-jcl-6.0.13.jar:/home/maurizio/.m2/repository/org/springframework/spring-test/6.0.13/spring-test-6.0.13.jar:/home/maurizio/.m2/repository/org/springframework/boot/spring-boot-starter-tomcat/3.1.5/spring-boot-starter-tomcat-3.1.5.jar:/home/maurizio/.m2/repository/jakarta/annotation/jakarta.annotation-api/2.1.1/jakarta.annotation-api-2.1.1.jar:/home/maurizio/.m2/repository/org/apache/tomcat/embed/tomcat-embed-core/10.1.15/tomcat-embed-core-10.1.15.jar:/home/maurizio/.m2/repository/org/apache/tomcat/embed/tomcat-embed-el/10.1.15/tomcat-embed-el-10.1.15.jar:/home/maurizio/.m2/repository/org/apache/tomcat/embed/tomcat-embed-websocket/10.1.15/tomcat-embed-websocket-10.1.15.jar:/home/maurizio/.m2/repository/org/springframework/boot/spring-boot-starter-web/3.1.5/spring-boot-starter-web-3.1.5.jar:/home/maurizio/.m2/repository/org/springframework/boot/spring-boot-starter-json/3.1.5/spring-boot-starter-json-3.1.5.jar:/home/maurizio/.m2/repository/com/fasterxml/jackson/core/jackson-databind/2.15.3/jackson-databind-2.15.3.jar:/home/maurizio/.m2/repository/com/fasterxml/jackson/core/jackson-annotations/2.15.3/jackson-annotations-2.15.3.jar:/home/maurizio/.m2/repository/com/fasterxml/jackson/core/jackson-core/2.15.3/jackson-core-2.15.3.jar:/home/maurizio/.m2/repository/com/fasterxml/jackson/datatype/jackson-datatype-jdk8/2.15.3/jackson-datatype-jdk8-2.15.3.jar:/home/maurizio/.m2/repository/com/fasterxml/jackson/datatype/jackson-datatype-jsr310/2.15.3/jackson-datatype-jsr310-2.15.3.jar:/home/maurizio/.m2/repository/com/fasterxml/jackson/module/jackson-module-parameter-names/2.15.3/jackson-module-parameter-names-2.15.3.jar:/home/maurizio/.m2/repository/org/springframework/spring-web/6.0.13/spring-web-6.0.13.jar:/home/maurizio/.m2/repository/org/springframework/spring-webmvc/6.0.13/spring-webmvc-6.0.13.jar:/home/maurizio/.m2/repository/org/springframework/boot/spring-boot-starter-test/3.1.5/spring-boot-starter-test-3.1.5.jar:/home/maurizio/.m2/repository/org/springframework/boot/spring-boot-test/3.1.5/spring-boot-test-3.1.5.jar:/home/maurizio/.m2/repository/org/springframework/boot/spring-boot-test-autoconfigure/3.1.5/spring-boot-test-autoconfigure-3.1.5.jar:/home/maurizio/.m2/repository/com/jayway/jsonpath/json-path/2.8.0/json-path-2.8.0.jar:/home/maurizio/.m2/repository/jakarta/xml/bind/jakarta.xml.bind-api/4.0.1/jakarta.xml.bind-api-4.0.1.jar:/home/maurizio/.m2/repository/jakarta/activation/jakarta.activation-api/2.1.2/jakarta.activation-api-2.1.2.jar:/home/maurizio/.m2/repository/net/minidev/json-smart/2.4.11/json-smart-2.4.11.jar:/home/maurizio/.m2/repository/net/minidev/accessors-smart/2.4.11/accessors-smart-2.4.11.jar:/home/maurizio/.m2/repository/org/ow2/asm/asm/9.3/asm-9.3.jar:/home/maurizio/.m2/repository/org/assertj/assertj-core/3.24.2/assertj-core-3.24.2.jar:/home/maurizio/.m2/repository/net/bytebuddy/byte-buddy/1.14.9/byte-buddy-1.14.9.jar:/home/maurizio/.m2/repository/org/hamcrest/hamcrest/2.2/hamcrest-2.2.jar:/home/maurizio/.m2/repository/org/junit/jupiter/junit-jupiter/5.9.3/junit-jupiter-5.9.3.jar:/home/maurizio/.m2/repository/org/junit/jupiter/junit-jupiter-api/5.9.3/junit-jupiter-api-5.9.3.jar:/home/maurizio/.m2/repository/org/opentest4j/opentest4j/1.2.0/opentest4j-1.2.0.jar:/home/maurizio/.m2/repository/org/junit/platform/junit-platform-commons/1.9.3/junit-platform-commons-1.9.3.jar:/home/maurizio/.m2/repository/org/apiguardian/apiguardian-api/1.1.2/apiguardian-api-1.1.2.jar:/home/maurizio/.m2/repository/org/junit/jupiter/junit-jupiter-params/5.9.3/junit-jupiter-params-5.9.3.jar:/home/maurizio/.m2/repository/org/junit/jupiter/junit-jupiter-engine/5.9.3/junit-jupiter-engine-5.9.3.jar:/home/maurizio/.m2/repository/org/junit/platform/junit-platform-engine/1.9.3/junit-platform-engine-1.9.3.jar:/home/maurizio/.m2/repository/org/mockito/mockito-core/5.3.1/mockito-core-5.3.1.jar:/home/maurizio/.m2/repository/net/bytebuddy/byte-buddy-agent/1.14.9/byte-buddy-agent-1.14.9.jar:/home/maurizio/.m2/repository/org/objenesis/objenesis/3.3/objenesis-3.3.jar:/home/maurizio/.m2/repository/org/mockito/mockito-junit-jupiter/5.3.1/mockito-junit-jupiter-5.3.1.jar:/home/maurizio/.m2/repository/org/skyscreamer/jsonassert/1.5.1/jsonassert-1.5.1.jar:/home/maurizio/.m2/repository/com/vaadin/external/google/android-json/0.0.20131108.vaadin1/android-json-0.0.20131108.vaadin1.jar:/home/maurizio/.m2/repository/org/xmlunit/xmlunit-core/2.9.1/xmlunit-core-2.9.1.jar:/home/maurizio/.m2/repository/franco/maurizio/hr-desk-persistence/0.3.5_j17/hr-desk-persistence-0.3.5_j17.jar:/home/maurizio/.m2/repository/org/springframework/boot/spring-boot-starter-data-jpa/3.1.5/spring-boot-starter-data-jpa-3.1.5.jar:/home/maurizio/.m2/repository/org/springframework/boot/spring-boot-starter-aop/3.1.5/spring-boot-starter-aop-3.1.5.jar:/home/maurizio/.m2/repository/org/aspectj/aspectjweaver/1.9.20/aspectjweaver-1.9.20.jar:/home/maurizio/.m2/repository/org/springframework/boot/spring-boot-starter-jdbc/3.1.5/spring-boot-starter-jdbc-3.1.5.jar:/home/maurizio/.m2/repository/com/zaxxer/HikariCP/5.0.1/HikariCP-5.0.1.jar:/home/maurizio/.m2/repository/org/springframework/spring-jdbc/6.0.13/spring-jdbc-6.0.13.jar:/home/maurizio/.m2/repository/org/hibernate/orm/hibernate-core/6.2.13.Final/hibernate-core-6.2.13.Final.jar:/home/maurizio/.m2/repository/jakarta/persistence/jakarta.persistence-api/3.1.0/jakarta.persistence-api-3.1.0.jar:/home/maurizio/.m2/repository/jakarta/transaction/jakarta.transaction-api/2.0.1/jakarta.transaction-api-2.0.1.jar:/home/maurizio/.m2/repository/org/hibernate/common/hibernate-commons-annotations/6.0.6.Final/hibernate-commons-annotations-6.0.6.Final.jar:/home/maurizio/.m2/repository/io/smallrye/jandex/3.0.5/jandex-3.0.5.jar:/home/maurizio/.m2/repository/jakarta/inject/jakarta.inject-api/2.0.1/jakarta.inject-api-2.0.1.jar:/home/maurizio/.m2/repository/org/antlr/antlr4-runtime/4.10.1/antlr4-runtime-4.10.1.jar:/home/maurizio/.m2/repository/org/springframework/data/spring-data-jpa/3.1.5/spring-data-jpa-3.1.5.jar:/home/maurizio/.m2/repository/org/springframework/data/spring-data-commons/3.1.5/spring-data-commons-3.1.5.jar:/home/maurizio/.m2/repository/org/springframework/spring-orm/6.0.13/spring-orm-6.0.13.jar:/home/maurizio/.m2/repository/org/springframework/spring-tx/6.0.13/spring-tx-6.0.13.jar:/home/maurizio/.m2/repository/org/springframework/spring-aspects/6.0.13/spring-aspects-6.0.13.jar:/home/maurizio/.m2/repository/mysql/mysql-connector-java/8.0.19/mysql-connector-java-8.0.19.jar:/home/maurizio/.m2/repository/com/google/protobuf/protobuf-java/3.6.1/protobuf-java-3.6.1.jar:/home/maurizio/.m2/repository/org/glassfish/jaxb/jaxb-runtime/4.0.3/jaxb-runtime-4.0.3.jar:/home/maurizio/.m2/repository/org/glassfish/jaxb/jaxb-core/4.0.3/jaxb-core-4.0.3.jar:/home/maurizio/.m2/repository/org/glassfish/jaxb/txw2/4.0.3/txw2-4.0.3.jar:/home/maurizio/.m2/repository/com/sun/istack/istack-commons-runtime/4.1.2/istack-commons-runtime-4.1.2.jar:/home/maurizio/.m2/repository/org/javassist/javassist/3.23.1-GA/javassist-3.23.1-GA.jar:/home/maurizio/.m2/repository/franco/maurizio/hr-desk-mail-manager/0.3.4_j11/hr-desk-mail-manager-0.3.4_j11.jar:/home/maurizio/.m2/repository/org/apache/commons/commons-lang3/3.12.0/commons-lang3-3.12.0.jar:/home/maurizio/.m2/repository/org/apache/velocity/velocity/1.7/velocity-1.7.jar:/home/maurizio/.m2/repository/commons-collections/commons-collections/3.2.1/commons-collections-3.2.1.jar:/home/maurizio/.m2/repository/commons-lang/commons-lang/2.4/commons-lang-2.4.jar:/home/maurizio/.m2/repository/org/eclipse/angus/jakarta.mail/1.1.0/jakarta.mail-1.1.0.jar:/home/maurizio/.m2/repository/org/eclipse/angus/angus-activation/2.0.1/angus-activation-2.0.1.jar:/home/maurizio/.m2/repository/org/apache/logging/log4j/log4j-api/2.20.0/log4j-api-2.20.0.jar:/home/maurizio/.m2/repository/org/apache/logging/log4j/log4j-core/2.20.0/log4j-core-2.20.0.jar:/home/maurizio/.m2/repository/com/google/code/gson/gson/2.8.5/gson-2.8.5.jar:/home/maurizio/.m2/repository/org/springframework/boot/spring-boot-starter/3.1.5/spring-boot-starter-3.1.5.jar:/home/maurizio/.m2/repository/org/springframework/boot/spring-boot/3.1.5/spring-boot-3.1.5.jar:/home/maurizio/.m2/repository/org/springframework/boot/spring-boot-autoconfigure/3.1.5/spring-boot-autoconfigure-3.1.5.jar:/home/maurizio/.m2/repository/org/yaml/snakeyaml/1.33/snakeyaml-1.33.jar:/home/maurizio/.m2/repository/org/springframework/boot/spring-boot-starter-security/3.1.5/spring-boot-starter-security-3.1.5.jar:/home/maurizio/.m2/repository/org/springframework/spring-aop/6.0.13/spring-aop-6.0.13.jar:/home/maurizio/.m2/repository/org/springframework/security/spring-security-config/6.1.5/spring-security-config-6.1.5.jar:/home/maurizio/.m2/repository/org/springframework/boot/spring-boot-starter-validation/3.1.5/spring-boot-starter-validation-3.1.5.jar:/home/maurizio/.m2/repository/org/hibernate/validator/hibernate-validator/8.0.1.Final/hibernate-validator-8.0.1.Final.jar:/home/maurizio/.m2/repository/jakarta/validation/jakarta.validation-api/3.0.2/jakarta.validation-api-3.0.2.jar:/home/maurizio/.m2/repository/org/jboss/logging/jboss-logging/3.5.3.Final/jboss-logging-3.5.3.Final.jar:/home/maurizio/.m2/repository/com/fasterxml/classmate/1.5.1/classmate-1.5.1.jar:/home/maurizio/.m2/repository/org/springframework/boot/spring-boot-devtools/3.1.5/spring-boot-devtools-3.1.5.jar:/home/maurizio/.m2/repository/ch/qos/logback/logback-classic/1.4.11/logback-classic-1.4.11.jar:/home/maurizio/.m2/repository/ch/qos/logback/logback-core/1.4.11/logback-core-1.4.11.jar:/home/maurizio/.m2/repository/org/slf4j/slf4j-api/2.0.9/slf4j-api-2.0.9.jar:/home/maurizio/.m2/repository/org/springframework/boot/spring-boot-starter-actuator/3.1.5/spring-boot-starter-actuator-3.1.5.jar:/home/maurizio/.m2/repository/org/springframework/boot/spring-boot-actuator-autoconfigure/3.1.5/spring-boot-actuator-autoconfigure-3.1.5.jar:/home/maurizio/.m2/repository/org/springframework/boot/spring-boot-actuator/3.1.5/spring-boot-actuator-3.1.5.jar:/home/maurizio/.m2/repository/io/micrometer/micrometer-observation/1.11.5/micrometer-observation-1.11.5.jar:/home/maurizio/.m2/repository/io/micrometer/micrometer-commons/1.11.5/micrometer-commons-1.11.5.jar:/home/maurizio/.m2/repository/io/micrometer/micrometer-core/1.11.5/micrometer-core-1.11.5.jar:/home/maurizio/.m2/repository/org/hdrhistogram/HdrHistogram/2.1.12/HdrHistogram-2.1.12.jar:/home/maurizio/.m2/repository/org/latencyutils/LatencyUtils/2.0.3/LatencyUtils-2.0.3.jar:/home/maurizio/.m2/repository/com/itextpdf/itextpdf/5.5.10/itextpdf-5.5.10.jar:/home/maurizio/.m2/repository/org/apache/pdfbox/pdfbox/2.0.4/pdfbox-2.0.4.jar:/home/maurizio/.m2/repository/org/apache/pdfbox/fontbox/2.0.4/fontbox-2.0.4.jar:/home/maurizio/.m2/repository/commons-logging/commons-logging/1.2/commons-logging-1.2.jar:/home/maurizio/.m2/repository/org/projectlombok/lombok/1.18.30/lombok-1.18.30.jar:, java.vm.vendor=Debian, sun.arch.data.model=64, java.vendor.url=https://tracker.debian.org/openjdk-17, catalina.useNaming=false, user.timezone=Europe/Rome, jakarta.persistence.sharedCache.mode=UNSPECIFIED, org.jboss.logging.provider=slf4j, java.vm.specification.version=17, os.name=Linux, jakarta.persistence.nonJtaDataSource=HikariDataSource (HikariPool-1), sun.java.launcher=SUN_STANDARD, user.country=US, sun.boot.library.path=/usr/lib/jvm/java-17-openjdk-amd64/lib, sun.java.command=/home/maurizio/git/hr-desk/hr-desk/backend17/target/surefire/surefirebooter-20231124123619067_3.jar /home/maurizio/git/hr-desk/hr-desk/backend17/target/surefire 2023-11-24T12-36-18_989-jvmRun1 surefire-20231124123619067_1tmp surefire_0-20231124123619067_2tmp, javax.persistence.nonJtaDataSource=HikariDataSource (HikariPool-1), hibernate.transaction.jta.platform=org.hibernate.engine.transaction.jta.platform.internal.NoJtaPlatform@36f120c, jdk.debug=release, surefire.test.class.path=/home/maurizio/git/hr-desk/hr-desk/backend17/target/test-classes:/home/maurizio/git/hr-desk/hr-desk/backend17/target/classes:/home/maurizio/.m2/repository/org/springframework/security/spring-security-test/6.1.5/spring-security-test-6.1.5.jar:/home/maurizio/.m2/repository/org/springframework/security/spring-security-core/6.1.5/spring-security-core-6.1.5.jar:/home/maurizio/.m2/repository/org/springframework/security/spring-security-crypto/6.1.5/spring-security-crypto-6.1.5.jar:/home/maurizio/.m2/repository/org/springframework/spring-beans/6.0.13/spring-beans-6.0.13.jar:/home/maurizio/.m2/repository/org/springframework/spring-context/6.0.13/spring-context-6.0.13.jar:/home/maurizio/.m2/repository/org/springframework/spring-expression/6.0.13/spring-expression-6.0.13.jar:/home/maurizio/.m2/repository/org/springframework/security/spring-security-web/6.1.5/spring-security-web-6.1.5.jar:/home/maurizio/.m2/repository/org/springframework/spring-core/6.0.13/spring-core-6.0.13.jar:/home/maurizio/.m2/repository/org/springframework/spring-jcl/6.0.13/spring-jcl-6.0.13.jar:/home/maurizio/.m2/repository/org/springframework/spring-test/6.0.13/spring-test-6.0.13.jar:/home/maurizio/.m2/repository/org/springframework/boot/spring-boot-starter-tomcat/3.1.5/spring-boot-starter-tomcat-3.1.5.jar:/home/maurizio/.m2/repository/jakarta/annotation/jakarta.annotation-api/2.1.1/jakarta.annotation-api-2.1.1.jar:/home/maurizio/.m2/repository/org/apache/tomcat/embed/tomcat-embed-core/10.1.15/tomcat-embed-core-10.1.15.jar:/home/maurizio/.m2/repository/org/apache/tomcat/embed/tomcat-embed-el/10.1.15/tomcat-embed-el-10.1.15.jar:/home/maurizio/.m2/repository/org/apache/tomcat/embed/tomcat-embed-websocket/10.1.15/tomcat-embed-websocket-10.1.15.jar:/home/maurizio/.m2/repository/org/springframework/boot/spring-boot-starter-web/3.1.5/spring-boot-starter-web-3.1.5.jar:/home/maurizio/.m2/repository/org/springframework/boot/spring-boot-starter-json/3.1.5/spring-boot-starter-json-3.1.5.jar:/home/maurizio/.m2/repository/com/fasterxml/jackson/core/jackson-databind/2.15.3/jackson-databind-2.15.3.jar:/home/maurizio/.m2/repository/com/fasterxml/jackson/core/jackson-annotations/2.15.3/jackson-annotations-2.15.3.jar:/home/maurizio/.m2/repository/com/fasterxml/jackson/core/jackson-core/2.15.3/jackson-core-2.15.3.jar:/home/maurizio/.m2/repository/com/fasterxml/jackson/datatype/jackson-datatype-jdk8/2.15.3/jackson-datatype-jdk8-2.15.3.jar:/home/maurizio/.m2/repository/com/fasterxml/jackson/datatype/jackson-datatype-jsr310/2.15.3/jackson-datatype-jsr310-2.15.3.jar:/home/maurizio/.m2/repository/com/fasterxml/jackson/module/jackson-module-parameter-names/2.15.3/jackson-module-parameter-names-2.15.3.jar:/home/maurizio/.m2/repository/org/springframework/spring-web/6.0.13/spring-web-6.0.13.jar:/home/maurizio/.m2/repository/org/springframework/spring-webmvc/6.0.13/spring-webmvc-6.0.13.jar:/home/maurizio/.m2/repository/org/springframework/boot/spring-boot-starter-test/3.1.5/spring-boot-starter-test-3.1.5.jar:/home/maurizio/.m2/repository/org/springframework/boot/spring-boot-test/3.1.5/spring-boot-test-3.1.5.jar:/home/maurizio/.m2/repository/org/springframework/boot/spring-boot-test-autoconfigure/3.1.5/spring-boot-test-autoconfigure-3.1.5.jar:/home/maurizio/.m2/repository/com/jayway/jsonpath/json-path/2.8.0/json-path-2.8.0.jar:/home/maurizio/.m2/repository/jakarta/xml/bind/jakarta.xml.bind-api/4.0.1/jakarta.xml.bind-api-4.0.1.jar:/home/maurizio/.m2/repository/jakarta/activation/jakarta.activation-api/2.1.2/jakarta.activation-api-2.1.2.jar:/home/maurizio/.m2/repository/net/minidev/json-smart/2.4.11/json-smart-2.4.11.jar:/home/maurizio/.m2/repository/net/minidev/accessors-smart/2.4.11/accessors-smart-2.4.11.jar:/home/maurizio/.m2/repository/org/ow2/asm/asm/9.3/asm-9.3.jar:/home/maurizio/.m2/repository/org/assertj/assertj-core/3.24.2/assertj-core-3.24.2.jar:/home/maurizio/.m2/repository/net/bytebuddy/byte-buddy/1.14.9/byte-buddy-1.14.9.jar:/home/maurizio/.m2/repository/org/hamcrest/hamcrest/2.2/hamcrest-2.2.jar:/home/maurizio/.m2/repository/org/junit/jupiter/junit-jupiter/5.9.3/junit-jupiter-5.9.3.jar:/home/maurizio/.m2/repository/org/junit/jupiter/junit-jupiter-api/5.9.3/junit-jupiter-api-5.9.3.jar:/home/maurizio/.m2/repository/org/opentest4j/opentest4j/1.2.0/opentest4j-1.2.0.jar:/home/maurizio/.m2/repository/org/junit/platform/junit-platform-commons/1.9.3/junit-platform-commons-1.9.3.jar:/home/maurizio/.m2/repository/org/apiguardian/apiguardian-api/1.1.2/apiguardian-api-1.1.2.jar:/home/maurizio/.m2/repository/org/junit/jupiter/junit-jupiter-params/5.9.3/junit-jupiter-params-5.9.3.jar:/home/maurizio/.m2/repository/org/junit/jupiter/junit-jupiter-engine/5.9.3/junit-jupiter-engine-5.9.3.jar:/home/maurizio/.m2/repository/org/junit/platform/junit-platform-engine/1.9.3/junit-platform-engine-1.9.3.jar:/home/maurizio/.m2/repository/org/mockito/mockito-core/5.3.1/mockito-core-5.3.1.jar:/home/maurizio/.m2/repository/net/bytebuddy/byte-buddy-agent/1.14.9/byte-buddy-agent-1.14.9.jar:/home/maurizio/.m2/repository/org/objenesis/objenesis/3.3/objenesis-3.3.jar:/home/maurizio/.m2/repository/org/mockito/mockito-junit-jupiter/5.3.1/mockito-junit-jupiter-5.3.1.jar:/home/maurizio/.m2/repository/org/skyscreamer/jsonassert/1.5.1/jsonassert-1.5.1.jar:/home/maurizio/.m2/repository/com/vaadin/external/google/android-json/0.0.20131108.vaadin1/android-json-0.0.20131108.vaadin1.jar:/home/maurizio/.m2/repository/org/xmlunit/xmlunit-core/2.9.1/xmlunit-core-2.9.1.jar:/home/maurizio/.m2/repository/franco/maurizio/hr-desk-persistence/0.3.5_j17/hr-desk-persistence-0.3.5_j17.jar:/home/maurizio/.m2/repository/org/springframework/boot/spring-boot-starter-data-jpa/3.1.5/spring-boot-starter-data-jpa-3.1.5.jar:/home/maurizio/.m2/repository/org/springframework/boot/spring-boot-starter-aop/3.1.5/spring-boot-starter-aop-3.1.5.jar:/home/maurizio/.m2/repository/org/aspectj/aspectjweaver/1.9.20/aspectjweaver-1.9.20.jar:/home/maurizio/.m2/repository/org/springframework/boot/spring-boot-starter-jdbc/3.1.5/spring-boot-starter-jdbc-3.1.5.jar:/home/maurizio/.m2/repository/com/zaxxer/HikariCP/5.0.1/HikariCP-5.0.1.jar:/home/maurizio/.m2/repository/org/springframework/spring-jdbc/6.0.13/spring-jdbc-6.0.13.jar:/home/maurizio/.m2/repository/org/hibernate/orm/hibernate-core/6.2.13.Final/hibernate-core-6.2.13.Final.jar:/home/maurizio/.m2/repository/jakarta/persistence/jakarta.persistence-api/3.1.0/jakarta.persistence-api-3.1.0.jar:/home/maurizio/.m2/repository/jakarta/transaction/jakarta.transaction-api/2.0.1/jakarta.transaction-api-2.0.1.jar:/home/maurizio/.m2/repository/org/hibernate/common/hibernate-commons-annotations/6.0.6.Final/hibernate-commons-annotations-6.0.6.Final.jar:/home/maurizio/.m2/repository/io/smallrye/jandex/3.0.5/jandex-3.0.5.jar:/home/maurizio/.m2/repository/jakarta/inject/jakarta.inject-api/2.0.1/jakarta.inject-api-2.0.1.jar:/home/maurizio/.m2/repository/org/antlr/antlr4-runtime/4.10.1/antlr4-runtime-4.10.1.jar:/home/maurizio/.m2/repository/org/springframework/data/spring-data-jpa/3.1.5/spring-data-jpa-3.1.5.jar:/home/maurizio/.m2/repository/org/springframework/data/spring-data-commons/3.1.5/spring-data-commons-3.1.5.jar:/home/maurizio/.m2/repository/org/springframework/spring-orm/6.0.13/spring-orm-6.0.13.jar:/home/maurizio/.m2/repository/org/springframework/spring-tx/6.0.13/spring-tx-6.0.13.jar:/home/maurizio/.m2/repository/org/springframework/spring-aspects/6.0.13/spring-aspects-6.0.13.jar:/home/maurizio/.m2/repository/mysql/mysql-connector-java/8.0.19/mysql-connector-java-8.0.19.jar:/home/maurizio/.m2/repository/com/google/protobuf/protobuf-java/3.6.1/protobuf-java-3.6.1.jar:/home/maurizio/.m2/repository/org/glassfish/jaxb/jaxb-runtime/4.0.3/jaxb-runtime-4.0.3.jar:/home/maurizio/.m2/repository/org/glassfish/jaxb/jaxb-core/4.0.3/jaxb-core-4.0.3.jar:/home/maurizio/.m2/repository/org/glassfish/jaxb/txw2/4.0.3/txw2-4.0.3.jar:/home/maurizio/.m2/repository/com/sun/istack/istack-commons-runtime/4.1.2/istack-commons-runtime-4.1.2.jar:/home/maurizio/.m2/repository/org/javassist/javassist/3.23.1-GA/javassist-3.23.1-GA.jar:/home/maurizio/.m2/repository/franco/maurizio/hr-desk-mail-manager/0.3.4_j11/hr-desk-mail-manager-0.3.4_j11.jar:/home/maurizio/.m2/repository/org/apache/commons/commons-lang3/3.12.0/commons-lang3-3.12.0.jar:/home/maurizio/.m2/repository/org/apache/velocity/velocity/1.7/velocity-1.7.jar:/home/maurizio/.m2/repository/commons-collections/commons-collections/3.2.1/commons-collections-3.2.1.jar:/home/maurizio/.m2/repository/commons-lang/commons-lang/2.4/commons-lang-2.4.jar:/home/maurizio/.m2/repository/org/eclipse/angus/jakarta.mail/1.1.0/jakarta.mail-1.1.0.jar:/home/maurizio/.m2/repository/org/eclipse/angus/angus-activation/2.0.1/angus-activation-2.0.1.jar:/home/maurizio/.m2/repository/org/apache/logging/log4j/log4j-api/2.20.0/log4j-api-2.20.0.jar:/home/maurizio/.m2/repository/org/apache/logging/log4j/log4j-core/2.20.0/log4j-core-2.20.0.jar:/home/maurizio/.m2/repository/com/google/code/gson/gson/2.8.5/gson-2.8.5.jar:/home/maurizio/.m2/repository/org/springframework/boot/spring-boot-starter/3.1.5/spring-boot-starter-3.1.5.jar:/home/maurizio/.m2/repository/org/springframework/boot/spring-boot/3.1.5/spring-boot-3.1.5.jar:/home/maurizio/.m2/repository/org/springframework/boot/spring-boot-autoconfigure/3.1.5/spring-boot-autoconfigure-3.1.5.jar:/home/maurizio/.m2/repository/org/yaml/snakeyaml/1.33/snakeyaml-1.33.jar:/home/maurizio/.m2/repository/org/springframework/boot/spring-boot-starter-security/3.1.5/spring-boot-starter-security-3.1.5.jar:/home/maurizio/.m2/repository/org/springframework/spring-aop/6.0.13/spring-aop-6.0.13.jar:/home/maurizio/.m2/repository/org/springframework/security/spring-security-config/6.1.5/spring-security-config-6.1.5.jar:/home/maurizio/.m2/repository/org/springframework/boot/spring-boot-starter-validation/3.1.5/spring-boot-starter-validation-3.1.5.jar:/home/maurizio/.m2/repository/org/hibernate/validator/hibernate-validator/8.0.1.Final/hibernate-validator-8.0.1.Final.jar:/home/maurizio/.m2/repository/jakarta/validation/jakarta.validation-api/3.0.2/jakarta.validation-api-3.0.2.jar:/home/maurizio/.m2/repository/org/jboss/logging/jboss-logging/3.5.3.Final/jboss-logging-3.5.3.Final.jar:/home/maurizio/.m2/repository/com/fasterxml/classmate/1.5.1/classmate-1.5.1.jar:/home/maurizio/.m2/repository/org/springframework/boot/spring-boot-devtools/3.1.5/spring-boot-devtools-3.1.5.jar:/home/maurizio/.m2/repository/ch/qos/logback/logback-classic/1.4.11/logback-classic-1.4.11.jar:/home/maurizio/.m2/repository/ch/qos/logback/logback-core/1.4.11/logback-core-1.4.11.jar:/home/maurizio/.m2/repository/org/slf4j/slf4j-api/2.0.9/slf4j-api-2.0.9.jar:/home/maurizio/.m2/repository/org/springframework/boot/spring-boot-starter-actuator/3.1.5/spring-boot-starter-actuator-3.1.5.jar:/home/maurizio/.m2/repository/org/springframework/boot/spring-boot-actuator-autoconfigure/3.1.5/spring-boot-actuator-autoconfigure-3.1.5.jar:/home/maurizio/.m2/repository/org/springframework/boot/spring-boot-actuator/3.1.5/spring-boot-actuator-3.1.5.jar:/home/maurizio/.m2/repository/io/micrometer/micrometer-observation/1.11.5/micrometer-observation-1.11.5.jar:/home/maurizio/.m2/repository/io/micrometer/micrometer-commons/1.11.5/micrometer-commons-1.11.5.jar:/home/maurizio/.m2/repository/io/micrometer/micrometer-core/1.11.5/micrometer-core-1.11.5.jar:/home/maurizio/.m2/repository/org/hdrhistogram/HdrHistogram/2.1.12/HdrHistogram-2.1.12.jar:/home/maurizio/.m2/repository/org/latencyutils/LatencyUtils/2.0.3/LatencyUtils-2.0.3.jar:/home/maurizio/.m2/repository/com/itextpdf/itextpdf/5.5.10/itextpdf-5.5.10.jar:/home/maurizio/.m2/repository/org/apache/pdfbox/pdfbox/2.0.4/pdfbox-2.0.4.jar:/home/maurizio/.m2/repository/org/apache/pdfbox/fontbox/2.0.4/fontbox-2.0.4.jar:/home/maurizio/.m2/repository/commons-logging/commons-logging/1.2/commons-logging-1.2.jar:/home/maurizio/.m2/repository/org/projectlombok/lombok/1.18.30/lombok-1.18.30.jar:, sun.cpu.endian=little, hibernate.cdi.extensions=true, user.home=/home/maurizio, user.language=en, java.specification.vendor=Oracle Corporation, java.version.date=2023-04-18, java.home=/usr/lib/jvm/java-17-openjdk-amd64, file.separator=/, basedir=/home/maurizio/git/hr-desk/hr-desk/backend17, style.color=always, java.vm.compressedOopsMode=Zero based, line.separator=
, hibernate.persistenceUnitName=default, java.specification.name=Java Platform API Specification, java.vm.specification.vendor=Oracle Corporation, FILE_LOG_CHARSET=UTF-8, hibernate.transaction.coordinator_class=class org.hibernate.resource.transaction.backend.jdbc.internal.JdbcResourceLocalTransactionCoordinatorBuilderImpl, java.awt.headless=true, surefire.real.class.path=/home/maurizio/git/hr-desk/hr-desk/backend17/target/surefire/surefirebooter-20231124123619067_3.jar, jakarta.persistence.validation.mode=AUTO, sun.management.compiler=HotSpot 64-Bit Tiered Compilers, java.runtime.version=17.0.7+7-Debian-1deb12u1, user.name=maurizio, path.separator=:, os.version=6.1.0-10-amd64, java.runtime.name=OpenJDK Runtime Environment, file.encoding=UTF-8, java.vm.name=OpenJDK 64-Bit Server VM, hibernate.show_sql=true, localRepository=/home/maurizio/.m2/repository, java.vendor.url.bug=https://bugs.debian.org/openjdk-17, java.io.tmpdir=/tmp, com.zaxxer.hikari.pool_number=1, catalina.home=/tmp/tomcat.0.2414534711362595922, java.version=17.0.7, hibernate.physical_naming_strategy=org.hibernate.boot.model.naming.CamelCaseToUnderscoresNamingStrategy, user.dir=/home/maurizio/git/hr-desk/hr-desk/backend17, os.arch=amd64, java.vm.specification.name=Java Virtual Machine Specification, PID=1505547, CONSOLE_LOG_CHARSET=UTF-8, catalina.base=/tmp/tomcat.0.2414534711362595922, hibernate.boot.CfgXmlAccessService.key=org.hibernate.boot.registry.StandardServiceRegistryBuilder$1@6d709289, native.encoding=UTF-8, java.library.path=/usr/java/packages/lib:/usr/lib/x86_64-linux-gnu/jni:/lib/x86_64-linux-gnu:/usr/lib/x86_64-linux-gnu:/usr/lib/jni:/lib:/usr/lib, java.vendor=Debian, java.vm.info=mixed mode, sharing, java.vm.version=17.0.7+7-Debian-1deb12u1, hibernate.bytecode.use_reflection_optimizer=true, sun.io.unicode.encoding=UnicodeLittle, hibernate.archive.scanner=org.hibernate.boot.archive.scan.internal.DisabledScanner, hibernate.connection.datasource=HikariDataSource (HikariPool-1), java.class.version=61.0}
2023-11-24 12:36:32,342 TRACE o.h.e.j.e.i.NormalizingIdentifierHelperImpl [NormalizingIdentifierHelperImpl.java:62] Normalizing identifier quoting [null]
2023-11-24 12:36:32,343 TRACE o.h.s.i.AbstractServiceRegistryImpl [AbstractServiceRegistryImpl.java:235] Initializing service [role=org.hibernate.cache.spi.CacheImplementor]
2023-11-24 12:36:32,348 DEBUG o.h.i.SessionFactoryImpl [SessionFactoryImpl.java:239] Session factory constructed with filter configurations : {}
2023-11-24 12:36:32,357 DEBUG o.h.v.i.x.c.ValidationXmlParser [ValidationXmlParser.java:122] Trying to load META-INF/validation.xml for XML based Validator configuration.
2023-11-24 12:36:32,357 DEBUG o.h.v.i.x.c.ResourceLoaderHelper [ResourceLoaderHelper.java:61] Trying to load META-INF/validation.xml via TCCL
2023-11-24 12:36:32,357 DEBUG o.h.v.i.x.c.ResourceLoaderHelper [ResourceLoaderHelper.java:67] Trying to load META-INF/validation.xml via Hibernate Validator's class loader
2023-11-24 12:36:32,358 DEBUG o.h.v.i.x.c.ValidationXmlParser [ValidationXmlParser.java:129] No META-INF/validation.xml found. Using annotation based configuration only.
2023-11-24 12:36:32,358 DEBUG o.h.v.i.e.r.TraversableResolvers [TraversableResolvers.java:94] Found jakarta.persistence.Persistence on classpath containing 'getPersistenceUtil'. Assuming JPA 2 environment. Trying to instantiate JPA aware TraversableResolver
2023-11-24 12:36:32,358 DEBUG o.h.v.i.e.r.TraversableResolvers [TraversableResolvers.java:104] Instantiated JPA aware TraversableResolver of type org.hibernate.validator.internal.engine.resolver.JPATraversableResolver.
2023-11-24 12:36:32,359 DEBUG o.h.v.m.ResourceBundleMessageInterpolator [ResourceBundleMessageInterpolator.java:175] Loaded expression factory via original TCCL
2023-11-24 12:36:32,361 DEBUG o.h.v.i.e.ValidatorFactoryConfigurationHelper [ValidatorFactoryConfigurationHelper.java:355] HV000252: Using org.hibernate.validator.internal.engine.DefaultPropertyNodeNameProvider as property node name provider.
2023-11-24 12:36:32,362 DEBUG o.h.v.i.e.ValidatorFactoryConfigurationHelper [ValidatorFactoryConfigurationHelper.java:447] HV000234: Using org.hibernate.validator.messageinterpolation.ResourceBundleMessageInterpolator as ValidatorFactory-scoped message interpolator.
2023-11-24 12:36:32,362 DEBUG o.h.v.i.e.ValidatorFactoryConfigurationHelper [ValidatorFactoryConfigurationHelper.java:448] HV000234: Using org.hibernate.validator.internal.engine.resolver.JPATraversableResolver as ValidatorFactory-scoped traversable resolver.
2023-11-24 12:36:32,363 DEBUG o.h.v.i.e.ValidatorFactoryConfigurationHelper [ValidatorFactoryConfigurationHelper.java:449] HV000234: Using org.hibernate.validator.internal.util.ExecutableParameterNameProvider as ValidatorFactory-scoped parameter name provider.
2023-11-24 12:36:32,363 DEBUG o.h.v.i.e.ValidatorFactoryConfigurationHelper [ValidatorFactoryConfigurationHelper.java:450] HV000234: Using org.hibernate.validator.internal.engine.DefaultClockProvider as ValidatorFactory-scoped clock provider.
2023-11-24 12:36:32,363 DEBUG o.h.v.i.e.ValidatorFactoryConfigurationHelper [ValidatorFactoryConfigurationHelper.java:451] HV000234: Using org.hibernate.validator.internal.engine.scripting.DefaultScriptEvaluatorFactory as ValidatorFactory-scoped script evaluator factory.
2023-11-24 12:36:32,365 DEBUG o.h.b.i.ClassLoaderAccessImpl [ClassLoaderAccessImpl.java:60] Not known whether passed class name [franco.maurizio.hr.desk.com.persistence.entity.Survey] is safe
2023-11-24 12:36:32,366 DEBUG o.h.b.i.ClassLoaderAccessImpl [ClassLoaderAccessImpl.java:62] No temp ClassLoader provided; using live ClassLoader for loading potentially unsafe class : franco.maurizio.hr.desk.com.persistence.entity.Survey
2023-11-24 12:36:32,447 DEBUG o.h.b.i.ClassLoaderAccessImpl [ClassLoaderAccessImpl.java:60] Not known whether passed class name [franco.maurizio.hr.desk.com.persistence.entity.PositionUserOwner] is safe
2023-11-24 12:36:32,447 DEBUG o.h.b.i.ClassLoaderAccessImpl [ClassLoaderAccessImpl.java:62] No temp ClassLoader provided; using live ClassLoader for loading potentially unsafe class : franco.maurizio.hr.desk.com.persistence.entity.PositionUserOwner
2023-11-24 12:36:32,466 DEBUG o.h.b.i.ClassLoaderAccessImpl [ClassLoaderAccessImpl.java:60] Not known whether passed class name [franco.maurizio.hr.desk.com.persistence.entity.Question] is safe
2023-11-24 12:36:32,466 DEBUG o.h.b.i.ClassLoaderAccessImpl [ClassLoaderAccessImpl.java:62] No temp ClassLoader provided; using live ClassLoader for loading potentially unsafe class : franco.maurizio.hr.desk.com.persistence.entity.Question
2023-11-24 12:36:32,500 DEBUG o.h.b.i.ClassLoaderAccessImpl [ClassLoaderAccessImpl.java:60] Not known whether passed class name [franco.maurizio.hr.desk.com.persistence.entity.Candidate] is safe
2023-11-24 12:36:32,501 DEBUG o.h.b.i.ClassLoaderAccessImpl [ClassLoaderAccessImpl.java:62] No temp ClassLoader provided; using live ClassLoader for loading potentially unsafe class : franco.maurizio.hr.desk.com.persistence.entity.Candidate
2023-11-24 12:36:32,522 DEBUG o.h.b.i.ClassLoaderAccessImpl [ClassLoaderAccessImpl.java:60] Not known whether passed class name [franco.maurizio.hr.desk.com.persistence.entity.SurveyReply] is safe
2023-11-24 12:36:32,522 DEBUG o.h.b.i.ClassLoaderAccessImpl [ClassLoaderAccessImpl.java:62] No temp ClassLoader provided; using live ClassLoader for loading potentially unsafe class : franco.maurizio.hr.desk.com.persistence.entity.SurveyReply
2023-11-24 12:36:32,529 DEBUG o.h.b.i.ClassLoaderAccessImpl [ClassLoaderAccessImpl.java:60] Not known whether passed class name [franco.maurizio.hr.desk.com.persistence.entity.User] is safe
2023-11-24 12:36:32,529 DEBUG o.h.b.i.ClassLoaderAccessImpl [ClassLoaderAccessImpl.java:62] No temp ClassLoader provided; using live ClassLoader for loading potentially unsafe class : franco.maurizio.hr.desk.com.persistence.entity.User
2023-11-24 12:36:32,536 DEBUG o.h.b.i.ClassLoaderAccessImpl [ClassLoaderAccessImpl.java:60] Not known whether passed class name [franco.maurizio.hr.desk.com.persistence.entity.SurveyQuestion] is safe
2023-11-24 12:36:32,536 DEBUG o.h.b.i.ClassLoaderAccessImpl [ClassLoaderAccessImpl.java:62] No temp ClassLoader provided; using live ClassLoader for loading potentially unsafe class : franco.maurizio.hr.desk.com.persistence.entity.SurveyQuestion
2023-11-24 12:36:32,545 DEBUG o.h.b.i.ClassLoaderAccessImpl [ClassLoaderAccessImpl.java:60] Not known whether passed class name [franco.maurizio.hr.desk.com.persistence.entity.CandidateSurveyToken] is safe
2023-11-24 12:36:32,545 DEBUG o.h.b.i.ClassLoaderAccessImpl [ClassLoaderAccessImpl.java:62] No temp ClassLoader provided; using live ClassLoader for loading potentially unsafe class : franco.maurizio.hr.desk.com.persistence.entity.CandidateSurveyToken
2023-11-24 12:36:32,552 DEBUG o.h.b.i.ClassLoaderAccessImpl [ClassLoaderAccessImpl.java:60] Not known whether passed class name [franco.maurizio.hr.desk.com.persistence.entity.CandidateStates] is safe
2023-11-24 12:36:32,553 DEBUG o.h.b.i.ClassLoaderAccessImpl [ClassLoaderAccessImpl.java:62] No temp ClassLoader provided; using live ClassLoader for loading potentially unsafe class : franco.maurizio.hr.desk.com.persistence.entity.CandidateStates
2023-11-24 12:36:32,558 DEBUG o.h.b.i.ClassLoaderAccessImpl [ClassLoaderAccessImpl.java:60] Not known whether passed class name [franco.maurizio.hr.desk.com.persistence.entity.CoursePage] is safe
2023-11-24 12:36:32,559 DEBUG o.h.b.i.ClassLoaderAccessImpl [ClassLoaderAccessImpl.java:62] No temp ClassLoader provided; using live ClassLoader for loading potentially unsafe class : franco.maurizio.hr.desk.com.persistence.entity.CoursePage
2023-11-24 12:36:32,565 DEBUG o.h.b.i.ClassLoaderAccessImpl [ClassLoaderAccessImpl.java:60] Not known whether passed class name [franco.maurizio.hr.desk.com.persistence.entity.Role] is safe
2023-11-24 12:36:32,565 DEBUG o.h.b.i.ClassLoaderAccessImpl [ClassLoaderAccessImpl.java:62] No temp ClassLoader provided; using live ClassLoader for loading potentially unsafe class : franco.maurizio.hr.desk.com.persistence.entity.Role
2023-11-24 12:36:32,572 DEBUG o.h.s.i.SessionFactoryServiceRegistryImpl [SessionFactoryServiceRegistryImpl.java:91] EventListenerRegistry access via ServiceRegistry is deprecated.  Use `sessionFactory.getEventEngine().getListenerRegistry()` instead
2023-11-24 12:36:32,582 DEBUG o.h.t.s.s.SchemaManagementToolCoordinator [SchemaManagementToolCoordinator.java:760] No schema actions specified for contributor `orm`; doing nothing
2023-11-24 12:36:32,676 DEBUG o.h.q.s.f.SqmFunctionRegistry [SqmFunctionRegistry.java:90] Registered SqmFunctionTemplate [NamedSqmFunctionTemplate(max)] under max; prior registration was null
2023-11-24 12:36:32,677 DEBUG o.h.q.s.f.SqmFunctionRegistry [SqmFunctionRegistry.java:90] Registered SqmFunctionTemplate [NamedSqmFunctionTemplate(min)] under min; prior registration was null
2023-11-24 12:36:32,679 DEBUG o.h.q.s.f.SqmFunctionRegistry [SqmFunctionRegistry.java:90] Registered SqmFunctionTemplate [NamedSqmFunctionTemplate(sum)] under sum; prior registration was null
2023-11-24 12:36:32,680 DEBUG o.h.q.s.f.SqmFunctionRegistry [SqmFunctionRegistry.java:90] Registered SqmFunctionTemplate [NamedSqmFunctionTemplate(avg)] under avg; prior registration was null
2023-11-24 12:36:32,683 DEBUG o.h.q.s.f.SqmFunctionRegistry [SqmFunctionRegistry.java:90] Registered SqmFunctionTemplate [org.hibernate.dialect.function.CountFunction@5354a59] under count; prior registration was null
2023-11-24 12:36:32,685 DEBUG o.h.q.s.f.SqmFunctionRegistry [SqmFunctionRegistry.java:90] Registered SqmFunctionTemplate [org.hibernate.dialect.function.EveryAnyEmulation@55517531] under every; prior registration was null
2023-11-24 12:36:32,686 DEBUG o.h.q.s.f.SqmFunctionRegistry [SqmFunctionRegistry.java:90] Registered SqmFunctionTemplate [org.hibernate.dialect.function.EveryAnyEmulation@18957d20] under any; prior registration was null
2023-11-24 12:36:32,687 DEBUG o.h.q.s.f.SqmFunctionRegistry [SqmFunctionRegistry.java:90] Registered SqmFunctionTemplate [NamedSqmFunctionTemplate(floor)] under floor; prior registration was null
2023-11-24 12:36:32,687 DEBUG o.h.q.s.f.SqmFunctionRegistry [SqmFunctionRegistry.java:90] Registered SqmFunctionTemplate [NamedSqmFunctionTemplate(ceiling)] under ceiling; prior registration was null
2023-11-24 12:36:32,687 DEBUG o.h.q.s.f.SqmFunctionRegistry [SqmFunctionRegistry.java:90] Registered SqmFunctionTemplate [NamedSqmFunctionTemplate(mod)] under mod; prior registration was null
2023-11-24 12:36:32,687 DEBUG o.h.q.s.f.SqmFunctionRegistry [SqmFunctionRegistry.java:90] Registered SqmFunctionTemplate [NamedSqmFunctionTemplate(abs)] under abs; prior registration was null
2023-11-24 12:36:32,688 DEBUG o.h.q.s.f.SqmFunctionRegistry [SqmFunctionRegistry.java:90] Registered SqmFunctionTemplate [NamedSqmFunctionTemplate(sign)] under sign; prior registration was null
2023-11-24 12:36:32,688 DEBUG o.h.q.s.f.SqmFunctionRegistry [SqmFunctionRegistry.java:90] Registered SqmFunctionTemplate [NamedSqmFunctionTemplate(sqrt)] under sqrt; prior registration was null
2023-11-24 12:36:32,688 DEBUG o.h.q.s.f.SqmFunctionRegistry [SqmFunctionRegistry.java:90] Registered SqmFunctionTemplate [NamedSqmFunctionTemplate(ln)] under ln; prior registration was null
2023-11-24 12:36:32,688 DEBUG o.h.q.s.f.SqmFunctionRegistry [SqmFunctionRegistry.java:90] Registered SqmFunctionTemplate [NamedSqmFunctionTemplate(exp)] under exp; prior registration was null
2023-11-24 12:36:32,689 DEBUG o.h.q.s.f.SqmFunctionRegistry [SqmFunctionRegistry.java:90] Registered SqmFunctionTemplate [NamedSqmFunctionTemplate(power)] under power; prior registration was null
2023-11-24 12:36:32,690 DEBUG o.h.q.s.f.SqmFunctionRegistry [SqmFunctionRegistry.java:90] Registered SqmFunctionTemplate [NamedSqmFunctionTemplate(round)] under round; prior registration was null
2023-11-24 12:36:32,690 DEBUG o.h.q.s.f.SqmFunctionRegistry [SqmFunctionRegistry.java:90] Registered SqmFunctionTemplate [NamedSqmFunctionTemplate(sin)] under sin; prior registration was null
2023-11-24 12:36:32,690 DEBUG o.h.q.s.f.SqmFunctionRegistry [SqmFunctionRegistry.java:90] Registered SqmFunctionTemplate [NamedSqmFunctionTemplate(cos)] under cos; prior registration was null
2023-11-24 12:36:32,690 DEBUG o.h.q.s.f.SqmFunctionRegistry [SqmFunctionRegistry.java:90] Registered SqmFunctionTemplate [NamedSqmFunctionTemplate(tan)] under tan; prior registration was null
2023-11-24 12:36:32,691 DEBUG o.h.q.s.f.SqmFunctionRegistry [SqmFunctionRegistry.java:90] Registered SqmFunctionTemplate [NamedSqmFunctionTemplate(asin)] under asin; prior registration was null
2023-11-24 12:36:32,691 DEBUG o.h.q.s.f.SqmFunctionRegistry [SqmFunctionRegistry.java:90] Registered SqmFunctionTemplate [NamedSqmFunctionTemplate(acos)] under acos; prior registration was null
2023-11-24 12:36:32,691 DEBUG o.h.q.s.f.SqmFunctionRegistry [SqmFunctionRegistry.java:90] Registered SqmFunctionTemplate [NamedSqmFunctionTemplate(atan)] under atan; prior registration was null
2023-11-24 12:36:32,691 DEBUG o.h.q.s.f.SqmFunctionRegistry [SqmFunctionRegistry.java:90] Registered SqmFunctionTemplate [NamedSqmFunctionTemplate(atan2)] under atan2; prior registration was null
2023-11-24 12:36:32,696 DEBUG o.h.q.s.f.SqmFunctionRegistry [SqmFunctionRegistry.java:90] Registered SqmFunctionTemplate [org.hibernate.query.sqm.function.PatternBasedSqmFunctionDescriptor@7fa4218d] under sinh; prior registration was null
2023-11-24 12:36:32,697 DEBUG o.h.q.s.f.SqmFunctionRegistry [SqmFunctionRegistry.java:90] Registered SqmFunctionTemplate [org.hibernate.query.sqm.function.PatternBasedSqmFunctionDescriptor@557e3e77] under cosh; prior registration was null
2023-11-24 12:36:32,697 DEBUG o.h.q.s.f.SqmFunctionRegistry [SqmFunctionRegistry.java:90] Registered SqmFunctionTemplate [org.hibernate.query.sqm.function.PatternBasedSqmFunctionDescriptor@2ebf0e46] under tanh; prior registration was null
2023-11-24 12:36:32,700 DEBUG o.h.q.s.f.SqmFunctionRegistry [SqmFunctionRegistry.java:90] Registered SqmFunctionTemplate [org.hibernate.query.sqm.function.PatternBasedSqmFunctionDescriptor@634d8b77] under pi; prior registration was null
2023-11-24 12:36:32,700 DEBUG o.h.q.s.f.SqmFunctionRegistry [SqmFunctionRegistry.java:90] Registered SqmFunctionTemplate [org.hibernate.query.sqm.function.PatternBasedSqmFunctionDescriptor@3d3b76da] under log; prior registration was null
2023-11-24 12:36:32,701 DEBUG o.h.q.s.f.SqmFunctionRegistry [SqmFunctionRegistry.java:90] Registered SqmFunctionTemplate [NamedSqmFunctionTemplate(coalesce)] under coalesce; prior registration was null
2023-11-24 12:36:32,702 DEBUG o.h.q.s.f.SqmFunctionRegistry [SqmFunctionRegistry.java:90] Registered SqmFunctionTemplate [NamedSqmFunctionTemplate(nullif)] under nullif; prior registration was null
2023-11-24 12:36:32,702 DEBUG o.h.q.s.f.SqmFunctionRegistry [SqmFunctionRegistry.java:90] Registered SqmFunctionTemplate [NamedSqmFunctionTemplate(left)] under left; prior registration was null
2023-11-24 12:36:32,702 DEBUG o.h.q.s.f.SqmFunctionRegistry [SqmFunctionRegistry.java:90] Registered SqmFunctionTemplate [NamedSqmFunctionTemplate(right)] under right; prior registration was null
2023-11-24 12:36:32,702 DEBUG o.h.q.s.f.SqmFunctionRegistry [SqmFunctionRegistry.java:90] Registered SqmFunctionTemplate [NamedSqmFunctionTemplate(replace)] under replace; prior registration was null
2023-11-24 12:36:32,703 DEBUG o.h.q.s.f.SqmFunctionRegistry [SqmFunctionRegistry.java:90] Registered SqmFunctionTemplate [NamedSqmFunctionTemplate(concat)] under concat; prior registration was null
2023-11-24 12:36:32,703 DEBUG o.h.q.s.f.SqmFunctionRegistry [SqmFunctionRegistry.java:90] Registered SqmFunctionTemplate [NamedSqmFunctionTemplate(lower)] under lower; prior registration was null
2023-11-24 12:36:32,704 DEBUG o.h.q.s.f.SqmFunctionRegistry [SqmFunctionRegistry.java:90] Registered SqmFunctionTemplate [NamedSqmFunctionTemplate(upper)] under upper; prior registration was null
2023-11-24 12:36:32,705 DEBUG o.h.q.s.f.SqmFunctionRegistry [SqmFunctionRegistry.java:90] Registered SqmFunctionTemplate [NamedSqmFunctionTemplate(substring)] under substring; prior registration was null
2023-11-24 12:36:32,705 DEBUG o.h.q.s.f.SqmFunctionRegistry [SqmFunctionRegistry.java:90] Registered SqmFunctionTemplate [NamedSqmFunctionTemplate(locate)] under locate; prior registration was null
2023-11-24 12:36:32,705 DEBUG o.h.q.s.f.SqmFunctionRegistry [SqmFunctionRegistry.java:90] Registered SqmFunctionTemplate [NamedSqmFunctionTemplate(character_length)] under character_length; prior registration was null
2023-11-24 12:36:32,706 DEBUG o.h.q.s.f.SqmFunctionRegistry [SqmFunctionRegistry.java:307] Registering alternate key : length -> character_length
2023-11-24 12:36:32,707 DEBUG o.h.q.s.f.SqmFunctionRegistry [SqmFunctionRegistry.java:90] Registered SqmFunctionTemplate [org.hibernate.dialect.function.LocatePositionEmulation@3ca81397] under position; prior registration was null
2023-11-24 12:36:32,710 DEBUG o.h.q.s.f.SqmFunctionRegistry [SqmFunctionRegistry.java:90] Registered SqmFunctionTemplate [org.hibernate.dialect.function.InsertSubstringOverlayEmulation@5bd48bbb] under overlay; prior registration was null
2023-11-24 12:36:32,712 DEBUG o.h.q.s.f.SqmFunctionRegistry [SqmFunctionRegistry.java:90] Registered SqmFunctionTemplate [org.hibernate.dialect.function.TrimFunction@5865251d] under trim; prior registration was null
2023-11-24 12:36:32,714 DEBUG o.h.q.s.f.SqmFunctionRegistry [SqmFunctionRegistry.java:90] Registered SqmFunctionTemplate [org.hibernate.dialect.function.CastFunction@51ff3472] under cast; prior registration was null
2023-11-24 12:36:32,715 DEBUG o.h.q.s.f.SqmFunctionRegistry [SqmFunctionRegistry.java:90] Registered SqmFunctionTemplate [org.hibernate.query.sqm.function.PatternBasedSqmFunctionDescriptor@29c2418] under collate; prior registration was null
2023-11-24 12:36:32,717 DEBUG o.h.q.s.f.SqmFunctionRegistry [SqmFunctionRegistry.java:90] Registered SqmFunctionTemplate [org.hibernate.dialect.function.ExtractFunction@4e295265] under extract; prior registration was null
2023-11-24 12:36:32,718 DEBUG o.h.q.s.f.SqmFunctionRegistry [SqmFunctionRegistry.java:90] Registered SqmFunctionTemplate [NamedSqmFunctionTemplate(least)] under least; prior registration was null
2023-11-24 12:36:32,718 DEBUG o.h.q.s.f.SqmFunctionRegistry [SqmFunctionRegistry.java:90] Registered SqmFunctionTemplate [NamedSqmFunctionTemplate(greatest)] under greatest; prior registration was null
2023-11-24 12:36:32,719 DEBUG o.h.q.s.f.SqmFunctionRegistry [SqmFunctionRegistry.java:90] Registered SqmFunctionTemplate [org.hibernate.dialect.function.CoalesceIfnullEmulation@67f49986] under ifnull; prior registration was null
2023-11-24 12:36:32,719 DEBUG o.h.q.s.f.SqmFunctionRegistry [SqmFunctionRegistry.java:90] Registered SqmFunctionTemplate [NamedSqmFunctionTemplate(lpad)] under lpad; prior registration was null
2023-11-24 12:36:32,719 DEBUG o.h.q.s.f.SqmFunctionRegistry [SqmFunctionRegistry.java:90] Registered SqmFunctionTemplate [NamedSqmFunctionTemplate(rpad)] under rpad; prior registration was null
2023-11-24 12:36:32,721 DEBUG o.h.q.s.f.SqmFunctionRegistry [SqmFunctionRegistry.java:90] Registered SqmFunctionTemplate [org.hibernate.dialect.function.LpadRpadPadEmulation@5bd0b97d] under pad; prior registration was null
2023-11-24 12:36:32,722 DEBUG o.h.q.s.f.SqmFunctionRegistry [SqmFunctionRegistry.java:90] Registered SqmFunctionTemplate [org.hibernate.dialect.function.CastStrEmulation@6260a040] under str; prior registration was null
2023-11-24 12:36:32,726 DEBUG o.h.q.s.f.SqmFunctionRegistry [SqmFunctionRegistry.java:90] Registered SqmFunctionTemplate [org.hibernate.dialect.function.FormatFunction@342e2b72] under format; prior registration was null
2023-11-24 12:36:32,728 DEBUG o.h.q.s.f.SqmFunctionRegistry [SqmFunctionRegistry.java:90] Registered SqmFunctionTemplate [org.hibernate.dialect.function.TimestampaddFunction@6b32c686] under timestampadd; prior registration was null
2023-11-24 12:36:32,730 DEBUG o.h.q.s.f.SqmFunctionRegistry [SqmFunctionRegistry.java:90] Registered SqmFunctionTemplate [org.hibernate.dialect.function.TimestampdiffFunction@7d5041a1] under timestampdiff; prior registration was null
2023-11-24 12:36:32,731 DEBUG o.h.q.s.f.SqmFunctionRegistry [SqmFunctionRegistry.java:307] Registering alternate key : dateadd -> timestampadd
2023-11-24 12:36:32,731 DEBUG o.h.q.s.f.SqmFunctionRegistry [SqmFunctionRegistry.java:307] Registering alternate key : datediff -> timestampdiff
2023-11-24 12:36:32,732 DEBUG o.h.q.s.f.SqmFunctionRegistry [SqmFunctionRegistry.java:90] Registered SqmFunctionTemplate [org.hibernate.dialect.function.CurrentFunction@3a1b07d] under current_date; prior registration was null
2023-11-24 12:36:32,732 DEBUG o.h.q.s.f.SqmFunctionRegistry [SqmFunctionRegistry.java:90] Registered SqmFunctionTemplate [org.hibernate.dialect.function.CurrentFunction@506f21c9] under current_time; prior registration was null
2023-11-24 12:36:32,732 DEBUG o.h.q.s.f.SqmFunctionRegistry [SqmFunctionRegistry.java:90] Registered SqmFunctionTemplate [org.hibernate.dialect.function.CurrentFunction@12c1a880] under current_timestamp; prior registration was null
2023-11-24 12:36:32,732 DEBUG o.h.q.s.f.SqmFunctionRegistry [SqmFunctionRegistry.java:307] Registering alternate key : current date -> current_date
2023-11-24 12:36:32,733 DEBUG o.h.q.s.f.SqmFunctionRegistry [SqmFunctionRegistry.java:307] Registering alternate key : current time -> current_time
2023-11-24 12:36:32,733 DEBUG o.h.q.s.f.SqmFunctionRegistry [SqmFunctionRegistry.java:307] Registering alternate key : current timestamp -> current_timestamp
2023-11-24 12:36:32,733 DEBUG o.h.q.s.f.SqmFunctionRegistry [SqmFunctionRegistry.java:90] Registered SqmFunctionTemplate [org.hibernate.dialect.function.CurrentFunction@73fbe2ce] under local_date; prior registration was null
2023-11-24 12:36:32,734 DEBUG o.h.q.s.f.SqmFunctionRegistry [SqmFunctionRegistry.java:90] Registered SqmFunctionTemplate [org.hibernate.dialect.function.CurrentFunction@7d578694] under local_time; prior registration was null
2023-11-24 12:36:32,734 DEBUG o.h.q.s.f.SqmFunctionRegistry [SqmFunctionRegistry.java:90] Registered SqmFunctionTemplate [org.hibernate.dialect.function.CurrentFunction@541f819e] under local_datetime; prior registration was null
2023-11-24 12:36:32,734 DEBUG o.h.q.s.f.SqmFunctionRegistry [SqmFunctionRegistry.java:90] Registered SqmFunctionTemplate [org.hibernate.dialect.function.CurrentFunction@4b05a635] under offset_datetime; prior registration was null
2023-11-24 12:36:32,734 DEBUG o.h.q.s.f.SqmFunctionRegistry [SqmFunctionRegistry.java:307] Registering alternate key : local date -> local_date
2023-11-24 12:36:32,735 DEBUG o.h.q.s.f.SqmFunctionRegistry [SqmFunctionRegistry.java:307] Registering alternate key : local time -> local_time
2023-11-24 12:36:32,735 DEBUG o.h.q.s.f.SqmFunctionRegistry [SqmFunctionRegistry.java:307] Registering alternate key : local datetime -> local_datetime
2023-11-24 12:36:32,735 DEBUG o.h.q.s.f.SqmFunctionRegistry [SqmFunctionRegistry.java:307] Registering alternate key : offset datetime -> offset_datetime
2023-11-24 12:36:32,735 DEBUG o.h.q.s.f.SqmFunctionRegistry [SqmFunctionRegistry.java:90] Registered SqmFunctionTemplate [org.hibernate.dialect.function.CurrentFunction@67c4c009] under instant; prior registration was null
2023-11-24 12:36:32,735 DEBUG o.h.q.s.f.SqmFunctionRegistry [SqmFunctionRegistry.java:307] Registering alternate key : current_instant -> instant
2023-11-24 12:36:32,737 DEBUG o.h.q.s.f.SqmFunctionRegistry [SqmFunctionRegistry.java:90] Registered SqmFunctionTemplate [org.hibernate.dialect.function.SqlFunction@3bb4ade3] under sql; prior registration was null
2023-11-24 12:36:32,737 DEBUG o.h.q.s.f.SqmFunctionRegistry [SqmFunctionRegistry.java:90] Registered SqmFunctionTemplate [NamedSqmFunctionTemplate(soundex)] under soundex; prior registration was null
2023-11-24 12:36:32,737 DEBUG o.h.q.s.f.SqmFunctionRegistry [SqmFunctionRegistry.java:90] Registered SqmFunctionTemplate [NamedSqmFunctionTemplate(radians)] under radians; prior registration was null
2023-11-24 12:36:32,737 DEBUG o.h.q.s.f.SqmFunctionRegistry [SqmFunctionRegistry.java:90] Registered SqmFunctionTemplate [NamedSqmFunctionTemplate(degrees)] under degrees; prior registration was null
2023-11-24 12:36:32,738 DEBUG o.h.q.s.f.SqmFunctionRegistry [SqmFunctionRegistry.java:90] Registered SqmFunctionTemplate [NamedSqmFunctionTemplate(cot)] under cot; prior registration was null
2023-11-24 12:36:32,738 DEBUG o.h.q.s.f.SqmFunctionRegistry [SqmFunctionRegistry.java:90] Registered SqmFunctionTemplate [NamedSqmFunctionTemplate(log)] under log; prior registration was org.hibernate.query.sqm.function.PatternBasedSqmFunctionDescriptor@3d3b76da
2023-11-24 12:36:32,738 DEBUG o.h.q.s.f.SqmFunctionRegistry [SqmFunctionRegistry.java:90] Registered SqmFunctionTemplate [NamedSqmFunctionTemplate(log2)] under log2; prior registration was null
2023-11-24 12:36:32,738 DEBUG o.h.q.s.f.SqmFunctionRegistry [SqmFunctionRegistry.java:90] Registered SqmFunctionTemplate [NamedSqmFunctionTemplate(log10)] under log10; prior registration was null
2023-11-24 12:36:32,738 DEBUG o.h.q.s.f.SqmFunctionRegistry [SqmFunctionRegistry.java:90] Registered SqmFunctionTemplate [NamedSqmFunctionTemplate(ltrim)] under ltrim; prior registration was null
2023-11-24 12:36:32,739 DEBUG o.h.q.s.f.SqmFunctionRegistry [SqmFunctionRegistry.java:90] Registered SqmFunctionTemplate [NamedSqmFunctionTemplate(rtrim)] under rtrim; prior registration was null
2023-11-24 12:36:32,739 DEBUG o.h.q.s.f.SqmFunctionRegistry [SqmFunctionRegistry.java:90] Registered SqmFunctionTemplate [NamedSqmFunctionTemplate(octet_length)] under octet_length; prior registration was null
2023-11-24 12:36:32,739 DEBUG o.h.q.s.f.SqmFunctionRegistry [SqmFunctionRegistry.java:90] Registered SqmFunctionTemplate [NamedSqmFunctionTemplate(reverse)] under reverse; prior registration was null
2023-11-24 12:36:32,739 DEBUG o.h.q.s.f.SqmFunctionRegistry [SqmFunctionRegistry.java:90] Registered SqmFunctionTemplate [NamedSqmFunctionTemplate(space)] under space; prior registration was null
2023-11-24 12:36:32,740 DEBUG o.h.q.s.f.SqmFunctionRegistry [SqmFunctionRegistry.java:90] Registered SqmFunctionTemplate [NamedSqmFunctionTemplate(repeat)] under repeat; prior registration was null
2023-11-24 12:36:32,741 DEBUG o.h.q.s.f.SqmFunctionRegistry [SqmFunctionRegistry.java:90] Registered SqmFunctionTemplate [org.hibernate.query.sqm.function.MultipatternSqmFunctionDescriptor@6a556ae0] under lpad; prior registration was NamedSqmFunctionTemplate(lpad)
2023-11-24 12:36:32,742 DEBUG o.h.q.s.f.SqmFunctionRegistry [SqmFunctionRegistry.java:90] Registered SqmFunctionTemplate [org.hibernate.query.sqm.function.MultipatternSqmFunctionDescriptor@6707b9c3] under rpad; prior registration was NamedSqmFunctionTemplate(rpad)
2023-11-24 12:36:32,742 DEBUG o.h.q.s.f.SqmFunctionRegistry [SqmFunctionRegistry.java:90] Registered SqmFunctionTemplate [NamedSqmFunctionTemplate(md5)] under md5; prior registration was null
2023-11-24 12:36:32,742 DEBUG o.h.q.s.f.SqmFunctionRegistry [SqmFunctionRegistry.java:90] Registered SqmFunctionTemplate [NamedSqmFunctionTemplate(day)] under day; prior registration was null
2023-11-24 12:36:32,742 DEBUG o.h.q.s.f.SqmFunctionRegistry [SqmFunctionRegistry.java:90] Registered SqmFunctionTemplate [NamedSqmFunctionTemplate(month)] under month; prior registration was null
2023-11-24 12:36:32,743 DEBUG o.h.q.s.f.SqmFunctionRegistry [SqmFunctionRegistry.java:90] Registered SqmFunctionTemplate [NamedSqmFunctionTemplate(year)] under year; prior registration was null
2023-11-24 12:36:32,743 DEBUG o.h.q.s.f.SqmFunctionRegistry [SqmFunctionRegistry.java:90] Registered SqmFunctionTemplate [NamedSqmFunctionTemplate(hour)] under hour; prior registration was null
2023-11-24 12:36:32,743 DEBUG o.h.q.s.f.SqmFunctionRegistry [SqmFunctionRegistry.java:90] Registered SqmFunctionTemplate [NamedSqmFunctionTemplate(minute)] under minute; prior registration was null
2023-11-24 12:36:32,743 DEBUG o.h.q.s.f.SqmFunctionRegistry [SqmFunctionRegistry.java:90] Registered SqmFunctionTemplate [NamedSqmFunctionTemplate(second)] under second; prior registration was null
2023-11-24 12:36:32,744 DEBUG o.h.q.s.f.SqmFunctionRegistry [SqmFunctionRegistry.java:90] Registered SqmFunctionTemplate [NamedSqmFunctionTemplate(microsecond)] under microsecond; prior registration was null
2023-11-24 12:36:32,744 DEBUG o.h.q.s.f.SqmFunctionRegistry [SqmFunctionRegistry.java:90] Registered SqmFunctionTemplate [NamedSqmFunctionTemplate(dayofweek)] under dayofweek; prior registration was null
2023-11-24 12:36:32,744 DEBUG o.h.q.s.f.SqmFunctionRegistry [SqmFunctionRegistry.java:90] Registered SqmFunctionTemplate [NamedSqmFunctionTemplate(dayofmonth)] under dayofmonth; prior registration was null
2023-11-24 12:36:32,744 DEBUG o.h.q.s.f.SqmFunctionRegistry [SqmFunctionRegistry.java:307] Registering alternate key : day -> dayofmonth
2023-11-24 12:36:32,744 DEBUG o.h.q.s.f.SqmFunctionRegistry [SqmFunctionRegistry.java:90] Registered SqmFunctionTemplate [NamedSqmFunctionTemplate(dayofyear)] under dayofyear; prior registration was null
2023-11-24 12:36:32,745 DEBUG o.h.q.s.f.SqmFunctionRegistry [SqmFunctionRegistry.java:90] Registered SqmFunctionTemplate [NamedSqmFunctionTemplate(week)] under week; prior registration was null
2023-11-24 12:36:32,745 DEBUG o.h.q.s.f.SqmFunctionRegistry [SqmFunctionRegistry.java:90] Registered SqmFunctionTemplate [NamedSqmFunctionTemplate(quarter)] under quarter; prior registration was null
2023-11-24 12:36:32,745 DEBUG o.h.q.s.f.SqmFunctionRegistry [SqmFunctionRegistry.java:90] Registered SqmFunctionTemplate [NamedSqmFunctionTemplate(monthname)] under monthname; prior registration was null
2023-11-24 12:36:32,745 DEBUG o.h.q.s.f.SqmFunctionRegistry [SqmFunctionRegistry.java:90] Registered SqmFunctionTemplate [NamedSqmFunctionTemplate(dayname)] under dayname; prior registration was null
2023-11-24 12:36:32,746 DEBUG o.h.q.s.f.SqmFunctionRegistry [SqmFunctionRegistry.java:90] Registered SqmFunctionTemplate [NamedSqmFunctionTemplate(last_day)] under last_day; prior registration was null
2023-11-24 12:36:32,746 DEBUG o.h.q.s.f.SqmFunctionRegistry [SqmFunctionRegistry.java:90] Registered SqmFunctionTemplate [NamedSqmFunctionTemplate(date)] under date; prior registration was null
2023-11-24 12:36:32,746 DEBUG o.h.q.s.f.SqmFunctionRegistry [SqmFunctionRegistry.java:90] Registered SqmFunctionTemplate [NamedSqmFunctionTemplate(timestamp)] under timestamp; prior registration was null
2023-11-24 12:36:32,746 DEBUG o.h.q.s.f.SqmFunctionRegistry [SqmFunctionRegistry.java:90] Registered SqmFunctionTemplate [NamedSqmFunctionTemplate(time)] under time; prior registration was null
2023-11-24 12:36:32,747 DEBUG o.h.q.s.f.SqmFunctionRegistry [SqmFunctionRegistry.java:90] Registered SqmFunctionTemplate [NamedSqmFunctionTemplate(utc_date)] under utc_date; prior registration was null
2023-11-24 12:36:32,747 DEBUG o.h.q.s.f.SqmFunctionRegistry [SqmFunctionRegistry.java:90] Registered SqmFunctionTemplate [NamedSqmFunctionTemplate(utc_time)] under utc_time; prior registration was null
2023-11-24 12:36:32,747 DEBUG o.h.q.s.f.SqmFunctionRegistry [SqmFunctionRegistry.java:90] Registered SqmFunctionTemplate [NamedSqmFunctionTemplate(utc_timestamp)] under utc_timestamp; prior registration was null
2023-11-24 12:36:32,747 DEBUG o.h.q.s.f.SqmFunctionRegistry [SqmFunctionRegistry.java:90] Registered SqmFunctionTemplate [NamedSqmFunctionTemplate(rand)] under rand; prior registration was null
2023-11-24 12:36:32,747 DEBUG o.h.q.s.f.SqmFunctionRegistry [SqmFunctionRegistry.java:90] Registered SqmFunctionTemplate [NamedSqmFunctionTemplate(crc32)] under crc32; prior registration was null
2023-11-24 12:36:32,748 DEBUG o.h.q.s.f.SqmFunctionRegistry [SqmFunctionRegistry.java:90] Registered SqmFunctionTemplate [NamedSqmFunctionTemplate(sha1)] under sha1; prior registration was null
2023-11-24 12:36:32,748 DEBUG o.h.q.s.f.SqmFunctionRegistry [SqmFunctionRegistry.java:90] Registered SqmFunctionTemplate [NamedSqmFunctionTemplate(sha2)] under sha2; prior registration was null
2023-11-24 12:36:32,748 DEBUG o.h.q.s.f.SqmFunctionRegistry [SqmFunctionRegistry.java:90] Registered SqmFunctionTemplate [NamedSqmFunctionTemplate(sha)] under sha; prior registration was null
2023-11-24 12:36:32,748 DEBUG o.h.q.s.f.SqmFunctionRegistry [SqmFunctionRegistry.java:90] Registered SqmFunctionTemplate [NamedSqmFunctionTemplate(bit_length)] under bit_length; prior registration was null
2023-11-24 12:36:32,749 DEBUG o.h.q.s.f.SqmFunctionRegistry [SqmFunctionRegistry.java:90] Registered SqmFunctionTemplate [NamedSqmFunctionTemplate(octet_length)] under octet_length; prior registration was NamedSqmFunctionTemplate(octet_length)
2023-11-24 12:36:32,749 DEBUG o.h.q.s.f.SqmFunctionRegistry [SqmFunctionRegistry.java:90] Registered SqmFunctionTemplate [NamedSqmFunctionTemplate(ascii)] under ascii; prior registration was null
2023-11-24 12:36:32,749 DEBUG o.h.q.s.f.SqmFunctionRegistry [SqmFunctionRegistry.java:90] Registered SqmFunctionTemplate [NamedSqmFunctionTemplate(instr)] under instr; prior registration was null
2023-11-24 12:36:32,749 DEBUG o.h.q.s.f.SqmFunctionRegistry [SqmFunctionRegistry.java:90] Registered SqmFunctionTemplate [NamedSqmFunctionTemplate(substr)] under substr; prior registration was null
2023-11-24 12:36:32,750 DEBUG o.h.q.s.f.SqmFunctionRegistry [SqmFunctionRegistry.java:90] Registered SqmFunctionTemplate [org.hibernate.query.sqm.function.PatternBasedSqmFunctionDescriptor@7d06fa4c] under position; prior registration was org.hibernate.dialect.function.LocatePositionEmulation@3ca81397
2023-11-24 12:36:32,750 DEBUG o.h.q.s.f.SqmFunctionRegistry [SqmFunctionRegistry.java:90] Registered SqmFunctionTemplate [NamedSqmFunctionTemplate(curtime)] under curtime; prior registration was null
2023-11-24 12:36:32,750 DEBUG o.h.q.s.f.SqmFunctionRegistry [SqmFunctionRegistry.java:90] Registered SqmFunctionTemplate [NamedSqmFunctionTemplate(curdate)] under curdate; prior registration was null
2023-11-24 12:36:32,751 DEBUG o.h.q.s.f.SqmFunctionRegistry [SqmFunctionRegistry.java:90] Registered SqmFunctionTemplate [NamedSqmFunctionTemplate(now)] under now; prior registration was null
2023-11-24 12:36:32,759 DEBUG o.h.q.s.f.SqmFunctionRegistry [SqmFunctionRegistry.java:90] Registered SqmFunctionTemplate [org.hibernate.dialect.function.TruncFunction@4397f201] under trunc; prior registration was null
2023-11-24 12:36:32,760 DEBUG o.h.q.s.f.SqmFunctionRegistry [SqmFunctionRegistry.java:307] Registering alternate key : truncate -> trunc
2023-11-24 12:36:32,760 DEBUG o.h.q.s.f.SqmFunctionRegistry [SqmFunctionRegistry.java:90] Registered SqmFunctionTemplate [NamedSqmFunctionTemplate(insert)] under insert; prior registration was null
2023-11-24 12:36:32,760 DEBUG o.h.q.s.f.SqmFunctionRegistry [SqmFunctionRegistry.java:90] Registered SqmFunctionTemplate [org.hibernate.query.sqm.function.PatternBasedSqmFunctionDescriptor@25a8c0f6] under bitand; prior registration was null
2023-11-24 12:36:32,761 DEBUG o.h.q.s.f.SqmFunctionRegistry [SqmFunctionRegistry.java:90] Registered SqmFunctionTemplate [org.hibernate.query.sqm.function.PatternBasedSqmFunctionDescriptor@401c01da] under bitor; prior registration was null
2023-11-24 12:36:32,761 DEBUG o.h.q.s.f.SqmFunctionRegistry [SqmFunctionRegistry.java:90] Registered SqmFunctionTemplate [org.hibernate.query.sqm.function.PatternBasedSqmFunctionDescriptor@1f6963a3] under bitxor; prior registration was null
2023-11-24 12:36:32,761 DEBUG o.h.q.s.f.SqmFunctionRegistry [SqmFunctionRegistry.java:90] Registered SqmFunctionTemplate [org.hibernate.query.sqm.function.PatternBasedSqmFunctionDescriptor@63129db5] under bitnot; prior registration was null
2023-11-24 12:36:32,761 DEBUG o.h.q.s.f.SqmFunctionRegistry [SqmFunctionRegistry.java:90] Registered SqmFunctionTemplate [NamedSqmFunctionTemplate(bit_and)] under bit_and; prior registration was null
2023-11-24 12:36:32,762 DEBUG o.h.q.s.f.SqmFunctionRegistry [SqmFunctionRegistry.java:90] Registered SqmFunctionTemplate [NamedSqmFunctionTemplate(bit_or)] under bit_or; prior registration was null
2023-11-24 12:36:32,762 DEBUG o.h.q.s.f.SqmFunctionRegistry [SqmFunctionRegistry.java:90] Registered SqmFunctionTemplate [NamedSqmFunctionTemplate(stddev)] under stddev; prior registration was null
2023-11-24 12:36:32,762 DEBUG o.h.q.s.f.SqmFunctionRegistry [SqmFunctionRegistry.java:90] Registered SqmFunctionTemplate [NamedSqmFunctionTemplate(stddev_pop)] under stddev_pop; prior registration was null
2023-11-24 12:36:32,762 DEBUG o.h.q.s.f.SqmFunctionRegistry [SqmFunctionRegistry.java:90] Registered SqmFunctionTemplate [NamedSqmFunctionTemplate(stddev_samp)] under stddev_samp; prior registration was null
2023-11-24 12:36:32,762 DEBUG o.h.q.s.f.SqmFunctionRegistry [SqmFunctionRegistry.java:90] Registered SqmFunctionTemplate [NamedSqmFunctionTemplate(variance)] under variance; prior registration was null
2023-11-24 12:36:32,763 DEBUG o.h.q.s.f.SqmFunctionRegistry [SqmFunctionRegistry.java:90] Registered SqmFunctionTemplate [NamedSqmFunctionTemplate(var_pop)] under var_pop; prior registration was null
2023-11-24 12:36:32,763 DEBUG o.h.q.s.f.SqmFunctionRegistry [SqmFunctionRegistry.java:90] Registered SqmFunctionTemplate [NamedSqmFunctionTemplate(var_samp)] under var_samp; prior registration was null
2023-11-24 12:36:32,763 DEBUG o.h.q.s.f.SqmFunctionRegistry [SqmFunctionRegistry.java:90] Registered SqmFunctionTemplate [NamedSqmFunctionTemplate(datediff)] under datediff; prior registration was null
2023-11-24 12:36:32,763 DEBUG o.h.q.s.f.SqmFunctionRegistry [SqmFunctionRegistry.java:90] Registered SqmFunctionTemplate [NamedSqmFunctionTemplate(adddate)] under adddate; prior registration was null
2023-11-24 12:36:32,764 DEBUG o.h.q.s.f.SqmFunctionRegistry [SqmFunctionRegistry.java:90] Registered SqmFunctionTemplate [NamedSqmFunctionTemplate(subdate)] under subdate; prior registration was null
2023-11-24 12:36:32,764 DEBUG o.h.q.s.f.SqmFunctionRegistry [SqmFunctionRegistry.java:90] Registered SqmFunctionTemplate [NamedSqmFunctionTemplate(addtime)] under addtime; prior registration was null
2023-11-24 12:36:32,764 DEBUG o.h.q.s.f.SqmFunctionRegistry [SqmFunctionRegistry.java:90] Registered SqmFunctionTemplate [NamedSqmFunctionTemplate(subtime)] under subtime; prior registration was null
2023-11-24 12:36:32,764 DEBUG o.h.q.s.f.SqmFunctionRegistry [SqmFunctionRegistry.java:90] Registered SqmFunctionTemplate [org.hibernate.dialect.function.FormatFunction@5e4e51] under format; prior registration was org.hibernate.dialect.function.FormatFunction@342e2b72
2023-11-24 12:36:32,764 DEBUG o.h.q.s.f.SqmFunctionRegistry [SqmFunctionRegistry.java:90] Registered SqmFunctionTemplate [NamedSqmFunctionTemplate(makedate)] under makedate; prior registration was null
2023-11-24 12:36:32,765 DEBUG o.h.q.s.f.SqmFunctionRegistry [SqmFunctionRegistry.java:90] Registered SqmFunctionTemplate [NamedSqmFunctionTemplate(maketime)] under maketime; prior registration was null
2023-11-24 12:36:32,765 DEBUG o.h.q.s.f.SqmFunctionRegistry [SqmFunctionRegistry.java:90] Registered SqmFunctionTemplate [NamedSqmFunctionTemplate(localtime)] under localtime; prior registration was null
2023-11-24 12:36:32,765 DEBUG o.h.q.s.f.SqmFunctionRegistry [SqmFunctionRegistry.java:90] Registered SqmFunctionTemplate [NamedSqmFunctionTemplate(localtimestamp)] under localtimestamp; prior registration was null
2023-11-24 12:36:32,765 DEBUG o.h.q.s.f.SqmFunctionRegistry [SqmFunctionRegistry.java:90] Registered SqmFunctionTemplate [NamedSqmFunctionTemplate(localtime)] under local_time; prior registration was org.hibernate.dialect.function.CurrentFunction@7d578694
2023-11-24 12:36:32,766 DEBUG o.h.q.s.f.SqmFunctionRegistry [SqmFunctionRegistry.java:90] Registered SqmFunctionTemplate [NamedSqmFunctionTemplate(localtimestamp)] under local_datetime; prior registration was org.hibernate.dialect.function.CurrentFunction@541f819e
2023-11-24 12:36:32,766 DEBUG o.h.q.s.f.SqmFunctionRegistry [SqmFunctionRegistry.java:90] Registered SqmFunctionTemplate [NamedSqmFunctionTemplate(localtime)] under localtime; prior registration was NamedSqmFunctionTemplate(localtime)
2023-11-24 12:36:32,766 DEBUG o.h.q.s.f.SqmFunctionRegistry [SqmFunctionRegistry.java:90] Registered SqmFunctionTemplate [org.hibernate.query.sqm.function.PatternBasedSqmFunctionDescriptor@20ec9d51] under pi; prior registration was org.hibernate.query.sqm.function.PatternBasedSqmFunctionDescriptor@634d8b77
2023-11-24 12:36:32,766 DEBUG o.h.q.s.f.SqmFunctionRegistry [SqmFunctionRegistry.java:90] Registered SqmFunctionTemplate [org.hibernate.query.sqm.function.PatternBasedSqmFunctionDescriptor@74cc9694] under chr; prior registration was null
2023-11-24 12:36:32,767 DEBUG o.h.q.s.f.SqmFunctionRegistry [SqmFunctionRegistry.java:307] Registering alternate key : char -> chr
2023-11-24 12:36:32,767 DEBUG o.h.q.s.f.SqmFunctionRegistry [SqmFunctionRegistry.java:90] Registered SqmFunctionTemplate [org.hibernate.query.sqm.function.PatternBasedSqmFunctionDescriptor@3c4528d] under sysdate; prior registration was null
2023-11-24 12:36:32,768 DEBUG o.h.q.s.f.SqmFunctionRegistry [SqmFunctionRegistry.java:90] Registered SqmFunctionTemplate [org.hibernate.dialect.function.ListaggGroupConcatEmulation@20bce25f] under listagg; prior registration was null
2023-11-24 12:36:32,770 DEBUG o.h.HQL_FUNCTIONS [QueryEngine.java:105] abs(NUMERIC arg)
2023-11-24 12:36:32,771 DEBUG o.h.HQL_FUNCTIONS [QueryEngine.java:105] Double acos(NUMERIC arg)
2023-11-24 12:36:32,771 DEBUG o.h.HQL_FUNCTIONS [QueryEngine.java:105] adddate(DATE datetime, INTEGER days)
2023-11-24 12:36:32,771 DEBUG o.h.HQL_FUNCTIONS [QueryEngine.java:105] addtime(TIME datetime, TIME time)
2023-11-24 12:36:32,772 DEBUG o.h.HQL_FUNCTIONS [QueryEngine.java:105] Boolean any(BOOLEAN arg)
2023-11-24 12:36:32,772 DEBUG o.h.HQL_FUNCTIONS [QueryEngine.java:105] Integer ascii(STRING arg)
2023-11-24 12:36:32,772 DEBUG o.h.HQL_FUNCTIONS [QueryEngine.java:105] Double asin(NUMERIC arg)
2023-11-24 12:36:32,772 DEBUG o.h.HQL_FUNCTIONS [QueryEngine.java:105] Double atan(NUMERIC arg)
2023-11-24 12:36:32,773 DEBUG o.h.HQL_FUNCTIONS [QueryEngine.java:105] Double atan2(NUMERIC arg0, NUMERIC arg1)
2023-11-24 12:36:32,773 DEBUG o.h.HQL_FUNCTIONS [QueryEngine.java:105] Double avg(NUMERIC arg)
2023-11-24 12:36:32,773 DEBUG o.h.HQL_FUNCTIONS [QueryEngine.java:105] bit_and(arg)
2023-11-24 12:36:32,773 DEBUG o.h.HQL_FUNCTIONS [QueryEngine.java:105] Integer bit_length(STRING_OR_CLOB arg)
2023-11-24 12:36:32,773 DEBUG o.h.HQL_FUNCTIONS [QueryEngine.java:105] bit_or(arg)
2023-11-24 12:36:32,774 DEBUG o.h.HQL_FUNCTIONS [QueryEngine.java:105] bitand(arg0, arg1)
2023-11-24 12:36:32,774 DEBUG o.h.HQL_FUNCTIONS [QueryEngine.java:105] bitnot(arg)
2023-11-24 12:36:32,774 DEBUG o.h.HQL_FUNCTIONS [QueryEngine.java:105] bitor(arg0, arg1)
2023-11-24 12:36:32,774 DEBUG o.h.HQL_FUNCTIONS [QueryEngine.java:105] bitxor(arg0, arg1)
2023-11-24 12:36:32,774 DEBUG o.h.HQL_FUNCTIONS [QueryEngine.java:105] cast(arg as Type)
2023-11-24 12:36:32,775 DEBUG o.h.HQL_FUNCTIONS [QueryEngine.java:105] ceiling(NUMERIC arg)
2023-11-24 12:36:32,775 DEBUG o.h.HQL_FUNCTIONS [QueryEngine.java:105] Character char(INTEGER arg)
2023-11-24 12:36:32,775 DEBUG o.h.HQL_FUNCTIONS [QueryEngine.java:105] Integer character_length(STRING_OR_CLOB arg)
2023-11-24 12:36:32,775 DEBUG o.h.HQL_FUNCTIONS [QueryEngine.java:105] Character chr(INTEGER arg)
2023-11-24 12:36:32,776 DEBUG o.h.HQL_FUNCTIONS [QueryEngine.java:105] coalesce(arg0[, arg1[, ...]])
2023-11-24 12:36:32,776 DEBUG o.h.HQL_FUNCTIONS [QueryEngine.java:105] String collate(STRING string as COLLATION collation)
2023-11-24 12:36:32,776 DEBUG o.h.HQL_FUNCTIONS [QueryEngine.java:105] String concat(STRING string0[, STRING string1[, ...]])
2023-11-24 12:36:32,776 DEBUG o.h.HQL_FUNCTIONS [QueryEngine.java:105] Double cos(NUMERIC arg)
2023-11-24 12:36:32,776 DEBUG o.h.HQL_FUNCTIONS [QueryEngine.java:105] Double cosh(NUMERIC arg)
2023-11-24 12:36:32,777 DEBUG o.h.HQL_FUNCTIONS [QueryEngine.java:105] Double cot(NUMERIC arg)
2023-11-24 12:36:32,777 DEBUG o.h.HQL_FUNCTIONS [QueryEngine.java:105] Long count([distinct ]{arg|*})
2023-11-24 12:36:32,777 DEBUG o.h.HQL_FUNCTIONS [QueryEngine.java:105] Integer crc32(arg)
2023-11-24 12:36:32,777 DEBUG o.h.HQL_FUNCTIONS [QueryEngine.java:105] Date curdate()
2023-11-24 12:36:32,777 DEBUG o.h.HQL_FUNCTIONS [QueryEngine.java:105] Date current date
2023-11-24 12:36:32,778 DEBUG o.h.HQL_FUNCTIONS [QueryEngine.java:105] Time current time
2023-11-24 12:36:32,778 DEBUG o.h.HQL_FUNCTIONS [QueryEngine.java:105] Timestamp current timestamp
2023-11-24 12:36:32,778 DEBUG o.h.HQL_FUNCTIONS [QueryEngine.java:105] Date current_date
2023-11-24 12:36:32,778 DEBUG o.h.HQL_FUNCTIONS [QueryEngine.java:105] Instant current_instant
2023-11-24 12:36:32,778 DEBUG o.h.HQL_FUNCTIONS [QueryEngine.java:105] Time current_time
2023-11-24 12:36:32,779 DEBUG o.h.HQL_FUNCTIONS [QueryEngine.java:105] Timestamp current_timestamp
2023-11-24 12:36:32,779 DEBUG o.h.HQL_FUNCTIONS [QueryEngine.java:105] Time curtime()
2023-11-24 12:36:32,779 DEBUG o.h.HQL_FUNCTIONS [QueryEngine.java:105] Date date(arg)
2023-11-24 12:36:32,779 DEBUG o.h.HQL_FUNCTIONS [QueryEngine.java:105] dateadd(TEMPORAL_UNIT field, INTEGER magnitude, TEMPORAL datetime)
2023-11-24 12:36:32,779 DEBUG o.h.HQL_FUNCTIONS [QueryEngine.java:105] Integer datediff(DATE end, DATE start)
2023-11-24 12:36:32,780 DEBUG o.h.HQL_FUNCTIONS [QueryEngine.java:105] Integer day(DATE arg)
2023-11-24 12:36:32,780 DEBUG o.h.HQL_FUNCTIONS [QueryEngine.java:105] String dayname(DATE arg)
2023-11-24 12:36:32,780 DEBUG o.h.HQL_FUNCTIONS [QueryEngine.java:105] Integer dayofmonth(DATE arg)
2023-11-24 12:36:32,780 DEBUG o.h.HQL_FUNCTIONS [QueryEngine.java:105] Integer dayofweek(DATE arg)
2023-11-24 12:36:32,780 DEBUG o.h.HQL_FUNCTIONS [QueryEngine.java:105] Integer dayofyear(DATE arg)
2023-11-24 12:36:32,781 DEBUG o.h.HQL_FUNCTIONS [QueryEngine.java:105] Double degrees(NUMERIC arg)
2023-11-24 12:36:32,781 DEBUG o.h.HQL_FUNCTIONS [QueryEngine.java:105] Boolean every(BOOLEAN arg)
2023-11-24 12:36:32,781 DEBUG o.h.HQL_FUNCTIONS [QueryEngine.java:105] Double exp(NUMERIC arg)
2023-11-24 12:36:32,781 DEBUG o.h.HQL_FUNCTIONS [QueryEngine.java:105] extract(TEMPORAL_UNIT field from TEMPORAL arg)
2023-11-24 12:36:32,781 DEBUG o.h.HQL_FUNCTIONS [QueryEngine.java:105] floor(NUMERIC arg)
2023-11-24 12:36:32,782 DEBUG o.h.HQL_FUNCTIONS [QueryEngine.java:105] String format(TEMPORAL datetime as STRING pattern)
2023-11-24 12:36:32,782 DEBUG o.h.HQL_FUNCTIONS [QueryEngine.java:105] greatest(COMPARABLE arg0, COMPARABLE arg1[, arg2[, ...]])
2023-11-24 12:36:32,782 DEBUG o.h.HQL_FUNCTIONS [QueryEngine.java:105] Integer hour(TIME arg)
2023-11-24 12:36:32,782 DEBUG o.h.HQL_FUNCTIONS [QueryEngine.java:105] ifnull(arg0, arg1)
2023-11-24 12:36:32,782 DEBUG o.h.HQL_FUNCTIONS [QueryEngine.java:105] String insert(STRING string, INTEGER start, INTEGER length, STRING replacement)
2023-11-24 12:36:32,783 DEBUG o.h.HQL_FUNCTIONS [QueryEngine.java:105] Instant instant
2023-11-24 12:36:32,783 DEBUG o.h.HQL_FUNCTIONS [QueryEngine.java:105] Integer instr(STRING string, STRING pattern[, INTEGER start[, INTEGER occurrence]])
2023-11-24 12:36:32,783 DEBUG o.h.HQL_FUNCTIONS [QueryEngine.java:105] Date last_day(DATE arg)
2023-11-24 12:36:32,783 DEBUG o.h.HQL_FUNCTIONS [QueryEngine.java:105] least(COMPARABLE arg0, COMPARABLE arg1[, arg2[, ...]])
2023-11-24 12:36:32,783 DEBUG o.h.HQL_FUNCTIONS [QueryEngine.java:105] String left(STRING string, INTEGER length)
2023-11-24 12:36:32,784 DEBUG o.h.HQL_FUNCTIONS [QueryEngine.java:105] Integer length(STRING_OR_CLOB arg)
2023-11-24 12:36:32,784 DEBUG o.h.HQL_FUNCTIONS [QueryEngine.java:105] String listagg(STRING arg0, STRING arg1)
2023-11-24 12:36:32,784 DEBUG o.h.HQL_FUNCTIONS [QueryEngine.java:105] Double ln(NUMERIC arg)
2023-11-24 12:36:32,784 DEBUG o.h.HQL_FUNCTIONS [QueryEngine.java:105] LocalDate local date
2023-11-24 12:36:32,785 DEBUG o.h.HQL_FUNCTIONS [QueryEngine.java:105] LocalDateTime local datetime
2023-11-24 12:36:32,785 DEBUG o.h.HQL_FUNCTIONS [QueryEngine.java:105] LocalTime local time
2023-11-24 12:36:32,785 DEBUG o.h.HQL_FUNCTIONS [QueryEngine.java:105] LocalDate local_date
2023-11-24 12:36:32,785 DEBUG o.h.HQL_FUNCTIONS [QueryEngine.java:105] LocalDateTime local_datetime
2023-11-24 12:36:32,785 DEBUG o.h.HQL_FUNCTIONS [QueryEngine.java:105] LocalTime local_time
2023-11-24 12:36:32,785 DEBUG o.h.HQL_FUNCTIONS [QueryEngine.java:105] Timestamp localtime
2023-11-24 12:36:32,786 DEBUG o.h.HQL_FUNCTIONS [QueryEngine.java:105] Timestamp localtimestamp
2023-11-24 12:36:32,786 DEBUG o.h.HQL_FUNCTIONS [QueryEngine.java:105] Integer locate(STRING pattern, STRING string[, INTEGER start])
2023-11-24 12:36:32,786 DEBUG o.h.HQL_FUNCTIONS [QueryEngine.java:105] Double log(NUMERIC arg0[, NUMERIC arg1])
2023-11-24 12:36:32,786 DEBUG o.h.HQL_FUNCTIONS [QueryEngine.java:105] Double log10(NUMERIC arg)
2023-11-24 12:36:32,786 DEBUG o.h.HQL_FUNCTIONS [QueryEngine.java:105] Double log2(NUMERIC arg)
2023-11-24 12:36:32,787 DEBUG o.h.HQL_FUNCTIONS [QueryEngine.java:105] String lower(STRING string)
2023-11-24 12:36:32,787 DEBUG o.h.HQL_FUNCTIONS [QueryEngine.java:105] String lpad(string, length[, padding])
2023-11-24 12:36:32,787 DEBUG o.h.HQL_FUNCTIONS [QueryEngine.java:105] String ltrim(STRING string[, STRING characters])
2023-11-24 12:36:32,787 DEBUG o.h.HQL_FUNCTIONS [QueryEngine.java:105] Date makedate(INTEGER year, INTEGER dayofyear)
2023-11-24 12:36:32,787 DEBUG o.h.HQL_FUNCTIONS [QueryEngine.java:105] Time maketime(INTEGER hour, INTEGER min, INTEGER sec)
2023-11-24 12:36:32,788 DEBUG o.h.HQL_FUNCTIONS [QueryEngine.java:105] max(COMPARABLE arg)
2023-11-24 12:36:32,788 DEBUG o.h.HQL_FUNCTIONS [QueryEngine.java:105] String md5(arg)
2023-11-24 12:36:32,788 DEBUG o.h.HQL_FUNCTIONS [QueryEngine.java:105] Integer microsecond(TIME arg)
2023-11-24 12:36:32,788 DEBUG o.h.HQL_FUNCTIONS [QueryEngine.java:105] min(COMPARABLE arg)
2023-11-24 12:36:32,789 DEBUG o.h.HQL_FUNCTIONS [QueryEngine.java:105] Integer minute(TIME arg)
2023-11-24 12:36:32,789 DEBUG o.h.HQL_FUNCTIONS [QueryEngine.java:105] Integer mod(INTEGER arg0, INTEGER arg1)
2023-11-24 12:36:32,789 DEBUG o.h.HQL_FUNCTIONS [QueryEngine.java:105] Integer month(DATE arg)
2023-11-24 12:36:32,789 DEBUG o.h.HQL_FUNCTIONS [QueryEngine.java:105] String monthname(DATE arg)
2023-11-24 12:36:32,789 DEBUG o.h.HQL_FUNCTIONS [QueryEngine.java:105] Timestamp now()
2023-11-24 12:36:32,790 DEBUG o.h.HQL_FUNCTIONS [QueryEngine.java:105] nullif(arg0, arg1)
2023-11-24 12:36:32,790 DEBUG o.h.HQL_FUNCTIONS [QueryEngine.java:105] Integer octet_length(STRING_OR_CLOB arg)
2023-11-24 12:36:32,790 DEBUG o.h.HQL_FUNCTIONS [QueryEngine.java:105] OffsetDateTime offset datetime
2023-11-24 12:36:32,790 DEBUG o.h.HQL_FUNCTIONS [QueryEngine.java:105] OffsetDateTime offset_datetime
2023-11-24 12:36:32,790 DEBUG o.h.HQL_FUNCTIONS [QueryEngine.java:105] String overlay(STRING string placing STRING replacement from INTEGER start[ for INTEGER length])
2023-11-24 12:36:32,791 DEBUG o.h.HQL_FUNCTIONS [QueryEngine.java:105] String pad(STRING string with INTEGER length {leading|trailing}[ STRING character])
2023-11-24 12:36:32,791 DEBUG o.h.HQL_FUNCTIONS [QueryEngine.java:105] Double pi
2023-11-24 12:36:32,791 DEBUG o.h.HQL_FUNCTIONS [QueryEngine.java:105] Integer position(STRING pattern in STRING string)
2023-11-24 12:36:32,791 DEBUG o.h.HQL_FUNCTIONS [QueryEngine.java:105] Double power(NUMERIC arg0, NUMERIC arg1)
2023-11-24 12:36:32,792 DEBUG o.h.HQL_FUNCTIONS [QueryEngine.java:105] Integer quarter(DATE arg)
2023-11-24 12:36:32,792 DEBUG o.h.HQL_FUNCTIONS [QueryEngine.java:105] Double radians(NUMERIC arg)
2023-11-24 12:36:32,792 DEBUG o.h.HQL_FUNCTIONS [QueryEngine.java:105] Double rand([INTEGER seed])
2023-11-24 12:36:32,792 DEBUG o.h.HQL_FUNCTIONS [QueryEngine.java:105] String repeat(STRING string, INTEGER times)
2023-11-24 12:36:32,792 DEBUG o.h.HQL_FUNCTIONS [QueryEngine.java:105] String replace(STRING string, STRING pattern, STRING replacement)
2023-11-24 12:36:32,793 DEBUG o.h.HQL_FUNCTIONS [QueryEngine.java:105] String reverse(STRING arg)
2023-11-24 12:36:32,793 DEBUG o.h.HQL_FUNCTIONS [QueryEngine.java:105] String right(STRING string, INTEGER length)
2023-11-24 12:36:32,793 DEBUG o.h.HQL_FUNCTIONS [QueryEngine.java:105] round(NUMERIC number[, INTEGER places])
2023-11-24 12:36:32,793 DEBUG o.h.HQL_FUNCTIONS [QueryEngine.java:105] String rpad(string, length[, padding])
2023-11-24 12:36:32,793 DEBUG o.h.HQL_FUNCTIONS [QueryEngine.java:105] String rtrim(STRING string[, STRING characters])
2023-11-24 12:36:32,794 DEBUG o.h.HQL_FUNCTIONS [QueryEngine.java:105] Integer second(TIME arg)
2023-11-24 12:36:32,794 DEBUG o.h.HQL_FUNCTIONS [QueryEngine.java:105] String sha(arg)
2023-11-24 12:36:32,794 DEBUG o.h.HQL_FUNCTIONS [QueryEngine.java:105] String sha1(arg)
2023-11-24 12:36:32,794 DEBUG o.h.HQL_FUNCTIONS [QueryEngine.java:105] String sha2(arg0, arg1)
2023-11-24 12:36:32,794 DEBUG o.h.HQL_FUNCTIONS [QueryEngine.java:105] Integer sign(NUMERIC arg)
2023-11-24 12:36:32,795 DEBUG o.h.HQL_FUNCTIONS [QueryEngine.java:105] Double sin(NUMERIC arg)
2023-11-24 12:36:32,795 DEBUG o.h.HQL_FUNCTIONS [QueryEngine.java:105] Double sinh(NUMERIC arg)
2023-11-24 12:36:32,795 DEBUG o.h.HQL_FUNCTIONS [QueryEngine.java:105] String soundex(arg)
2023-11-24 12:36:32,795 DEBUG o.h.HQL_FUNCTIONS [QueryEngine.java:105] String space(INTEGER arg)
2023-11-24 12:36:32,795 DEBUG o.h.HQL_FUNCTIONS [QueryEngine.java:105] Object sql
2023-11-24 12:36:32,796 DEBUG o.h.HQL_FUNCTIONS [QueryEngine.java:105] Double sqrt(NUMERIC arg)
2023-11-24 12:36:32,796 DEBUG o.h.HQL_FUNCTIONS [QueryEngine.java:105] Double stddev(NUMERIC arg)
2023-11-24 12:36:32,796 DEBUG o.h.HQL_FUNCTIONS [QueryEngine.java:105] Double stddev_pop(NUMERIC arg)
2023-11-24 12:36:32,796 DEBUG o.h.HQL_FUNCTIONS [QueryEngine.java:105] Double stddev_samp(NUMERIC arg)
2023-11-24 12:36:32,797 DEBUG o.h.HQL_FUNCTIONS [QueryEngine.java:105] String str(arg)
2023-11-24 12:36:32,797 DEBUG o.h.HQL_FUNCTIONS [QueryEngine.java:105] subdate(DATE datetime, INTEGER days)
2023-11-24 12:36:32,797 DEBUG o.h.HQL_FUNCTIONS [QueryEngine.java:105] String substr(STRING string, INTEGER start[, INTEGER length])
2023-11-24 12:36:32,797 DEBUG o.h.HQL_FUNCTIONS [QueryEngine.java:105] String substring(STRING string{ from|,} INTEGER start[{ for|,} INTEGER length])
2023-11-24 12:36:32,797 DEBUG o.h.HQL_FUNCTIONS [QueryEngine.java:105] subtime(TIME datetime, TIME time)
2023-11-24 12:36:32,798 DEBUG o.h.HQL_FUNCTIONS [QueryEngine.java:105] sum(arg)
2023-11-24 12:36:32,798 DEBUG o.h.HQL_FUNCTIONS [QueryEngine.java:105] Timestamp sysdate()
2023-11-24 12:36:32,798 DEBUG o.h.HQL_FUNCTIONS [QueryEngine.java:105] Double tan(NUMERIC arg)
2023-11-24 12:36:32,798 DEBUG o.h.HQL_FUNCTIONS [QueryEngine.java:105] Double tanh(NUMERIC arg)
2023-11-24 12:36:32,798 DEBUG o.h.HQL_FUNCTIONS [QueryEngine.java:105] String time(arg)
2023-11-24 12:36:32,799 DEBUG o.h.HQL_FUNCTIONS [QueryEngine.java:105] Timestamp timestamp(arg0[, arg1])
2023-11-24 12:36:32,799 DEBUG o.h.HQL_FUNCTIONS [QueryEngine.java:105] timestampadd(TEMPORAL_UNIT field, INTEGER magnitude, TEMPORAL datetime)
2023-11-24 12:36:32,799 DEBUG o.h.HQL_FUNCTIONS [QueryEngine.java:105] basicType@5(java.lang.Long,-5)|basicType@17(java.lang.Double,8) timestampdiff(TEMPORAL_UNIT field, TEMPORAL start, TEMPORAL end)
2023-11-24 12:36:32,799 DEBUG o.h.HQL_FUNCTIONS [QueryEngine.java:105] String trim([[{leading|trailing|both} ][STRING arg0 ]from] STRING arg1)
2023-11-24 12:36:32,800 DEBUG o.h.HQL_FUNCTIONS [QueryEngine.java:105] trunc( ... )
2023-11-24 12:36:32,800 DEBUG o.h.HQL_FUNCTIONS [QueryEngine.java:105] truncate( ... )
2023-11-24 12:36:32,800 DEBUG o.h.HQL_FUNCTIONS [QueryEngine.java:105] String upper(STRING string)
2023-11-24 12:36:32,801 DEBUG o.h.HQL_FUNCTIONS [QueryEngine.java:105] Date utc_date
2023-11-24 12:36:32,801 DEBUG o.h.HQL_FUNCTIONS [QueryEngine.java:105] Time utc_time
2023-11-24 12:36:32,801 DEBUG o.h.HQL_FUNCTIONS [QueryEngine.java:105] Timestamp utc_timestamp
2023-11-24 12:36:32,801 DEBUG o.h.HQL_FUNCTIONS [QueryEngine.java:105] Double var_pop(NUMERIC arg)
2023-11-24 12:36:32,801 DEBUG o.h.HQL_FUNCTIONS [QueryEngine.java:105] Double var_samp(NUMERIC arg)
2023-11-24 12:36:32,802 DEBUG o.h.HQL_FUNCTIONS [QueryEngine.java:105] Double variance(NUMERIC arg)
2023-11-24 12:36:32,802 DEBUG o.h.HQL_FUNCTIONS [QueryEngine.java:105] Integer week(DATE arg)
2023-11-24 12:36:32,802 DEBUG o.h.HQL_FUNCTIONS [QueryEngine.java:105] Integer year(DATE arg)
2023-11-24 12:36:32,811 DEBUG o.h.o.q.p.cache [QueryInterpretationCacheStandardImpl.java:48] Starting QueryPlanCache(2048)
2023-11-24 12:36:32,820 TRACE o.h.s.i.AbstractServiceRegistryImpl [AbstractServiceRegistryImpl.java:235] Initializing service [role=org.hibernate.engine.query.spi.NativeQueryInterpreter]
2023-11-24 12:36:32,926 DEBUG o.h.s.i.SessionFactoryServiceRegistryImpl [SessionFactoryServiceRegistryImpl.java:91] EventListenerRegistry access via ServiceRegistry is deprecated.  Use `sessionFactory.getEventEngine().getListenerRegistry()` instead
2023-11-24 12:36:32,927 TRACE o.h.s.i.AbstractServiceRegistryImpl [AbstractServiceRegistryImpl.java:235] Initializing service [role=org.hibernate.engine.jdbc.mutation.spi.MutationExecutorService]
2023-11-24 12:36:32,929 TRACE o.h.s.i.AbstractServiceRegistryImpl [AbstractServiceRegistryImpl.java:235] Initializing service [role=org.hibernate.event.spi.EntityCopyObserverFactory]
2023-11-24 12:36:32,930 DEBUG o.h.e.i.EntityCopyObserverFactoryInitiator [EntityCopyObserverFactoryInitiator.java:39] Configured EntityCopyObserver strategy: disallow
2023-11-24 12:36:32,932 TRACE o.h.s.i.AbstractServiceRegistryImpl [AbstractServiceRegistryImpl.java:235] Initializing service [role=org.hibernate.sql.results.jdbc.spi.JdbcValuesMappingProducerProvider]
2023-11-24 12:36:32,949 TRACE o.h.s.i.AbstractServiceRegistryImpl [AbstractServiceRegistryImpl.java:235] Initializing service [role=org.hibernate.engine.jdbc.batch.spi.BatchBuilder]
2023-11-24 12:36:32,954 TRACE o.h.o.j.batch [BatchBuilderImpl.java:42] Using standard BatchBuilder (1)
2023-11-24 12:36:32,960 TRACE o.h.s.i.AbstractServiceRegistryImpl [AbstractServiceRegistryImpl.java:235] Initializing service [role=org.hibernate.persister.spi.PersisterFactory]
2023-11-24 12:36:32,964 TRACE o.h.s.i.AbstractServiceRegistryImpl [AbstractServiceRegistryImpl.java:235] Initializing service [role=org.hibernate.persister.spi.PersisterClassResolver]
2023-11-24 12:36:33,097 DEBUG o.h.b.i.ClassLoaderAccessImpl [ClassLoaderAccessImpl.java:60] Not known whether passed class name [franco.maurizio.hr.desk.com.persistence.entity.Survey] is safe
2023-11-24 12:36:33,097 DEBUG o.h.b.i.ClassLoaderAccessImpl [ClassLoaderAccessImpl.java:62] No temp ClassLoader provided; using live ClassLoader for loading potentially unsafe class : franco.maurizio.hr.desk.com.persistence.entity.Survey
2023-11-24 12:36:33,107 TRACE o.h.s.i.AbstractServiceRegistryImpl [AbstractServiceRegistryImpl.java:235] Initializing service [role=org.hibernate.property.access.spi.PropertyAccessStrategyResolver]
2023-11-24 12:36:33,183 DEBUG o.h.b.i.b.BytecodeProviderImpl [BytecodeProviderImpl.java:235] HHH000513: Unable to create the ReflectionOptimizer for [franco.maurizio.hr.desk.com.persistence.entity.Survey]: private accessor [description]
2023-11-24 12:36:33,251 TRACE o.h.p.e.AbstractPropertyMapping [AbstractPropertyMapping.java:115] Skipping duplicate registration of path [description], existing type = [basicType@6(java.lang.String,12)], incoming type = [basicType@6(java.lang.String,12)]
2023-11-24 12:36:33,251 TRACE o.h.p.e.AbstractPropertyMapping [AbstractPropertyMapping.java:115] Skipping duplicate registration of path [label], existing type = [basicType@6(java.lang.String,12)], incoming type = [basicType@6(java.lang.String,12)]
2023-11-24 12:36:33,252 TRACE o.h.p.e.AbstractPropertyMapping [AbstractPropertyMapping.java:115] Skipping duplicate registration of path [time], existing type = [basicType@5(java.lang.Long,-5)], incoming type = [basicType@5(java.lang.Long,-5)]
2023-11-24 12:36:33,252 TRACE o.h.p.e.AbstractPropertyMapping [AbstractPropertyMapping.java:115] Skipping duplicate registration of path [id], existing type = [basicType@5(java.lang.Long,-5)], incoming type = [basicType@5(java.lang.Long,-5)]
2023-11-24 12:36:33,253 DEBUG o.h.b.i.ClassLoaderAccessImpl [ClassLoaderAccessImpl.java:60] Not known whether passed class name [franco.maurizio.hr.desk.com.persistence.entity.PositionUserOwner] is safe
2023-11-24 12:36:33,253 DEBUG o.h.b.i.ClassLoaderAccessImpl [ClassLoaderAccessImpl.java:62] No temp ClassLoader provided; using live ClassLoader for loading potentially unsafe class : franco.maurizio.hr.desk.com.persistence.entity.PositionUserOwner
2023-11-24 12:36:33,289 DEBUG o.h.b.i.b.BytecodeProviderImpl [BytecodeProviderImpl.java:235] HHH000513: Unable to create the ReflectionOptimizer for [franco.maurizio.hr.desk.com.persistence.entity.PositionUserOwner]: private accessor [coursePageId]
2023-11-24 12:36:33,290 TRACE o.h.p.e.AbstractPropertyMapping [AbstractPropertyMapping.java:115] Skipping duplicate registration of path [coursePageId], existing type = [basicType@5(java.lang.Long,-5)], incoming type = [basicType@5(java.lang.Long,-5)]
2023-11-24 12:36:33,291 TRACE o.h.p.e.AbstractPropertyMapping [AbstractPropertyMapping.java:115] Skipping duplicate registration of path [userId], existing type = [basicType@5(java.lang.Long,-5)], incoming type = [basicType@5(java.lang.Long,-5)]
2023-11-24 12:36:33,291 TRACE o.h.p.e.AbstractPropertyMapping [AbstractPropertyMapping.java:115] Skipping duplicate registration of path [id], existing type = [basicType@5(java.lang.Long,-5)], incoming type = [basicType@5(java.lang.Long,-5)]
2023-11-24 12:36:33,292 DEBUG o.h.b.i.ClassLoaderAccessImpl [ClassLoaderAccessImpl.java:60] Not known whether passed class name [franco.maurizio.hr.desk.com.persistence.entity.Question] is safe
2023-11-24 12:36:33,293 DEBUG o.h.b.i.ClassLoaderAccessImpl [ClassLoaderAccessImpl.java:62] No temp ClassLoader provided; using live ClassLoader for loading potentially unsafe class : franco.maurizio.hr.desk.com.persistence.entity.Question
2023-11-24 12:36:33,350 DEBUG o.h.b.i.b.BytecodeProviderImpl [BytecodeProviderImpl.java:235] HHH000513: Unable to create the ReflectionOptimizer for [franco.maurizio.hr.desk.com.persistence.entity.Question]: private accessor [ansa]
2023-11-24 12:36:33,352 TRACE o.h.p.e.AbstractPropertyMapping [AbstractPropertyMapping.java:115] Skipping duplicate registration of path [ansa], existing type = [basicType@6(java.lang.String,12)], incoming type = [basicType@6(java.lang.String,12)]
2023-11-24 12:36:33,352 TRACE o.h.p.e.AbstractPropertyMapping [AbstractPropertyMapping.java:115] Skipping duplicate registration of path [ansb], existing type = [basicType@6(java.lang.String,12)], incoming type = [basicType@6(java.lang.String,12)]
2023-11-24 12:36:33,352 TRACE o.h.p.e.AbstractPropertyMapping [AbstractPropertyMapping.java:115] Skipping duplicate registration of path [ansc], existing type = [basicType@6(java.lang.String,12)], incoming type = [basicType@6(java.lang.String,12)]
2023-11-24 12:36:33,352 TRACE o.h.p.e.AbstractPropertyMapping [AbstractPropertyMapping.java:115] Skipping duplicate registration of path [ansd], existing type = [basicType@6(java.lang.String,12)], incoming type = [basicType@6(java.lang.String,12)]
2023-11-24 12:36:33,352 TRACE o.h.p.e.AbstractPropertyMapping [AbstractPropertyMapping.java:115] Skipping duplicate registration of path [anse], existing type = [basicType@6(java.lang.String,12)], incoming type = [basicType@6(java.lang.String,12)]
2023-11-24 12:36:33,353 TRACE o.h.p.e.AbstractPropertyMapping [AbstractPropertyMapping.java:115] Skipping duplicate registration of path [ansf], existing type = [basicType@6(java.lang.String,12)], incoming type = [basicType@6(java.lang.String,12)]
2023-11-24 12:36:33,353 TRACE o.h.p.e.AbstractPropertyMapping [AbstractPropertyMapping.java:115] Skipping duplicate registration of path [ansg], existing type = [basicType@6(java.lang.String,12)], incoming type = [basicType@6(java.lang.String,12)]
2023-11-24 12:36:33,353 TRACE o.h.p.e.AbstractPropertyMapping [AbstractPropertyMapping.java:115] Skipping duplicate registration of path [ansh], existing type = [basicType@6(java.lang.String,12)], incoming type = [basicType@6(java.lang.String,12)]
2023-11-24 12:36:33,353 TRACE o.h.p.e.AbstractPropertyMapping [AbstractPropertyMapping.java:115] Skipping duplicate registration of path [cansa], existing type = [basicType@8(java.lang.Boolean,16)], incoming type = [basicType@8(java.lang.Boolean,16)]
2023-11-24 12:36:33,354 TRACE o.h.p.e.AbstractPropertyMapping [AbstractPropertyMapping.java:115] Skipping duplicate registration of path [cansb], existing type = [basicType@8(java.lang.Boolean,16)], incoming type = [basicType@8(java.lang.Boolean,16)]
2023-11-24 12:36:33,354 TRACE o.h.p.e.AbstractPropertyMapping [AbstractPropertyMapping.java:115] Skipping duplicate registration of path [cansc], existing type = [basicType@8(java.lang.Boolean,16)], incoming type = [basicType@8(java.lang.Boolean,16)]
2023-11-24 12:36:33,354 TRACE o.h.p.e.AbstractPropertyMapping [AbstractPropertyMapping.java:115] Skipping duplicate registration of path [cansd], existing type = [basicType@8(java.lang.Boolean,16)], incoming type = [basicType@8(java.lang.Boolean,16)]
2023-11-24 12:36:33,354 TRACE o.h.p.e.AbstractPropertyMapping [AbstractPropertyMapping.java:115] Skipping duplicate registration of path [canse], existing type = [basicType@8(java.lang.Boolean,16)], incoming type = [basicType@8(java.lang.Boolean,16)]
2023-11-24 12:36:33,354 TRACE o.h.p.e.AbstractPropertyMapping [AbstractPropertyMapping.java:115] Skipping duplicate registration of path [cansf], existing type = [basicType@8(java.lang.Boolean,16)], incoming type = [basicType@8(java.lang.Boolean,16)]
2023-11-24 12:36:33,354 TRACE o.h.p.e.AbstractPropertyMapping [AbstractPropertyMapping.java:115] Skipping duplicate registration of path [cansg], existing type = [basicType@8(java.lang.Boolean,16)], incoming type = [basicType@8(java.lang.Boolean,16)]
2023-11-24 12:36:33,355 TRACE o.h.p.e.AbstractPropertyMapping [AbstractPropertyMapping.java:115] Skipping duplicate registration of path [cansh], existing type = [basicType@8(java.lang.Boolean,16)], incoming type = [basicType@8(java.lang.Boolean,16)]
2023-11-24 12:36:33,355 TRACE o.h.p.e.AbstractPropertyMapping [AbstractPropertyMapping.java:115] Skipping duplicate registration of path [description], existing type = [basicType@6(java.lang.String,12)], incoming type = [basicType@6(java.lang.String,12)]
2023-11-24 12:36:33,355 TRACE o.h.p.e.AbstractPropertyMapping [AbstractPropertyMapping.java:115] Skipping duplicate registration of path [fullAnswer], existing type = [basicType@6(java.lang.String,12)], incoming type = [basicType@6(java.lang.String,12)]
2023-11-24 12:36:33,355 TRACE o.h.p.e.AbstractPropertyMapping [AbstractPropertyMapping.java:115] Skipping duplicate registration of path [label], existing type = [basicType@6(java.lang.String,12)], incoming type = [basicType@6(java.lang.String,12)]
2023-11-24 12:36:33,355 TRACE o.h.p.e.AbstractPropertyMapping [AbstractPropertyMapping.java:115] Skipping duplicate registration of path [id], existing type = [basicType@5(java.lang.Long,-5)], incoming type = [basicType@5(java.lang.Long,-5)]
2023-11-24 12:36:33,356 DEBUG o.h.b.i.ClassLoaderAccessImpl [ClassLoaderAccessImpl.java:60] Not known whether passed class name [franco.maurizio.hr.desk.com.persistence.entity.Candidate] is safe
2023-11-24 12:36:33,357 DEBUG o.h.b.i.ClassLoaderAccessImpl [ClassLoaderAccessImpl.java:62] No temp ClassLoader provided; using live ClassLoader for loading potentially unsafe class : franco.maurizio.hr.desk.com.persistence.entity.Candidate
2023-11-24 12:36:33,407 DEBUG o.h.b.i.b.BytecodeProviderImpl [BytecodeProviderImpl.java:235] HHH000513: Unable to create the ReflectionOptimizer for [franco.maurizio.hr.desk.com.persistence.entity.Candidate]: private accessor [candidacyDateTime]
2023-11-24 12:36:33,410 TRACE o.h.p.e.AbstractPropertyMapping [AbstractPropertyMapping.java:115] Skipping duplicate registration of path [candidacyDateTime], existing type = [basicType@7(java.time.LocalDateTime,93)], incoming type = [basicType@7(java.time.LocalDateTime,93)]
2023-11-24 12:36:33,410 TRACE o.h.p.e.AbstractPropertyMapping [AbstractPropertyMapping.java:115] Skipping duplicate registration of path [candidateStateCode], existing type = [basicType@5(java.lang.Long,-5)], incoming type = [basicType@5(java.lang.Long,-5)]
2023-11-24 12:36:33,410 TRACE o.h.p.e.AbstractPropertyMapping [AbstractPropertyMapping.java:115] Skipping duplicate registration of path [courseCode], existing type = [basicType@6(java.lang.String,12)], incoming type = [basicType@6(java.lang.String,12)]
2023-11-24 12:36:33,411 TRACE o.h.p.e.AbstractPropertyMapping [AbstractPropertyMapping.java:115] Skipping duplicate registration of path [cvExternalPath], existing type = [basicType@6(java.lang.String,12)], incoming type = [basicType@6(java.lang.String,12)]
2023-11-24 12:36:33,411 TRACE o.h.p.e.AbstractPropertyMapping [AbstractPropertyMapping.java:115] Skipping duplicate registration of path [dateOfBirth], existing type = [basicType@10(java.time.LocalDate,91)], incoming type = [basicType@10(java.time.LocalDate,91)]
2023-11-24 12:36:33,411 TRACE o.h.p.e.AbstractPropertyMapping [AbstractPropertyMapping.java:115] Skipping duplicate registration of path [domicileCity], existing type = [basicType@6(java.lang.String,12)], incoming type = [basicType@6(java.lang.String,12)]
2023-11-24 12:36:33,412 TRACE o.h.p.e.AbstractPropertyMapping [AbstractPropertyMapping.java:115] Skipping duplicate registration of path [email], existing type = [basicType@6(java.lang.String,12)], incoming type = [basicType@6(java.lang.String,12)]
2023-11-24 12:36:33,412 TRACE o.h.p.e.AbstractPropertyMapping [AbstractPropertyMapping.java:115] Skipping duplicate registration of path [firstname], existing type = [basicType@6(java.lang.String,12)], incoming type = [basicType@6(java.lang.String,12)]
2023-11-24 12:36:33,412 TRACE o.h.p.e.AbstractPropertyMapping [AbstractPropertyMapping.java:115] Skipping duplicate registration of path [graduate], existing type = [basicType@8(java.lang.Boolean,16)], incoming type = [basicType@8(java.lang.Boolean,16)]
2023-11-24 12:36:33,412 TRACE o.h.p.e.AbstractPropertyMapping [AbstractPropertyMapping.java:115] Skipping duplicate registration of path [highGraduate], existing type = [basicType@8(java.lang.Boolean,16)], incoming type = [basicType@8(java.lang.Boolean,16)]
2023-11-24 12:36:33,413 TRACE o.h.p.e.AbstractPropertyMapping [AbstractPropertyMapping.java:115] Skipping duplicate registration of path [hrNote], existing type = [basicType@6(java.lang.String,12)], incoming type = [basicType@6(java.lang.String,12)]
2023-11-24 12:36:33,413 TRACE o.h.p.e.AbstractPropertyMapping [AbstractPropertyMapping.java:115] Skipping duplicate registration of path [imgpath], existing type = [basicType@6(java.lang.String,12)], incoming type = [basicType@6(java.lang.String,12)]
2023-11-24 12:36:33,413 TRACE o.h.p.e.AbstractPropertyMapping [AbstractPropertyMapping.java:115] Skipping duplicate registration of path [insertedBy], existing type = [basicType@5(java.lang.Long,-5)], incoming type = [basicType@5(java.lang.Long,-5)]
2023-11-24 12:36:33,413 TRACE o.h.p.e.AbstractPropertyMapping [AbstractPropertyMapping.java:115] Skipping duplicate registration of path [label], existing type = [basicType@6(java.lang.String,12)], incoming type = [basicType@6(java.lang.String,12)]
2023-11-24 12:36:33,413 TRACE o.h.p.e.AbstractPropertyMapping [AbstractPropertyMapping.java:115] Skipping duplicate registration of path [lastname], existing type = [basicType@6(java.lang.String,12)], incoming type = [basicType@6(java.lang.String,12)]
2023-11-24 12:36:33,414 TRACE o.h.p.e.AbstractPropertyMapping [AbstractPropertyMapping.java:115] Skipping duplicate registration of path [mobile], existing type = [basicType@6(java.lang.String,12)], incoming type = [basicType@6(java.lang.String,12)]
2023-11-24 12:36:33,414 TRACE o.h.p.e.AbstractPropertyMapping [AbstractPropertyMapping.java:115] Skipping duplicate registration of path [regdate], existing type = [basicType@7(java.time.LocalDateTime,93)], incoming type = [basicType@7(java.time.LocalDateTime,93)]
2023-11-24 12:36:33,414 TRACE o.h.p.e.AbstractPropertyMapping [AbstractPropertyMapping.java:115] Skipping duplicate registration of path [stillHighStudy], existing type = [basicType@8(java.lang.Boolean,16)], incoming type = [basicType@8(java.lang.Boolean,16)]
2023-11-24 12:36:33,414 TRACE o.h.p.e.AbstractPropertyMapping [AbstractPropertyMapping.java:115] Skipping duplicate registration of path [studyQualification], existing type = [basicType@6(java.lang.String,12)], incoming type = [basicType@6(java.lang.String,12)]
2023-11-24 12:36:33,414 TRACE o.h.p.e.AbstractPropertyMapping [AbstractPropertyMapping.java:115] Skipping duplicate registration of path [technicalNote], existing type = [basicType@6(java.lang.String,12)], incoming type = [basicType@6(java.lang.String,12)]
2023-11-24 12:36:33,414 TRACE o.h.p.e.AbstractPropertyMapping [AbstractPropertyMapping.java:115] Skipping duplicate registration of path [id], existing type = [basicType@5(java.lang.Long,-5)], incoming type = [basicType@5(java.lang.Long,-5)]
2023-11-24 12:36:33,415 DEBUG o.h.b.i.ClassLoaderAccessImpl [ClassLoaderAccessImpl.java:60] Not known whether passed class name [franco.maurizio.hr.desk.com.persistence.entity.SurveyReply] is safe
2023-11-24 12:36:33,415 DEBUG o.h.b.i.ClassLoaderAccessImpl [ClassLoaderAccessImpl.java:62] No temp ClassLoader provided; using live ClassLoader for loading potentially unsafe class : franco.maurizio.hr.desk.com.persistence.entity.SurveyReply
2023-11-24 12:36:33,438 DEBUG o.h.b.i.b.BytecodeProviderImpl [BytecodeProviderImpl.java:235] HHH000513: Unable to create the ReflectionOptimizer for [franco.maurizio.hr.desk.com.persistence.entity.SurveyReply]: private accessor [answers]
2023-11-24 12:36:33,440 TRACE o.h.p.e.AbstractPropertyMapping [AbstractPropertyMapping.java:115] Skipping duplicate registration of path [answers], existing type = [basicType@6(java.lang.String,12)], incoming type = [basicType@6(java.lang.String,12)]
2023-11-24 12:36:33,440 TRACE o.h.p.e.AbstractPropertyMapping [AbstractPropertyMapping.java:115] Skipping duplicate registration of path [candidateId], existing type = [basicType@5(java.lang.Long,-5)], incoming type = [basicType@5(java.lang.Long,-5)]
2023-11-24 12:36:33,441 TRACE o.h.p.e.AbstractPropertyMapping [AbstractPropertyMapping.java:115] Skipping duplicate registration of path [endtime], existing type = [basicType@7(java.time.LocalDateTime,93)], incoming type = [basicType@7(java.time.LocalDateTime,93)]
2023-11-24 12:36:33,441 TRACE o.h.p.e.AbstractPropertyMapping [AbstractPropertyMapping.java:115] Skipping duplicate registration of path [generated_token], existing type = [basicType@6(java.lang.String,12)], incoming type = [basicType@6(java.lang.String,12)]
2023-11-24 12:36:33,441 TRACE o.h.p.e.AbstractPropertyMapping [AbstractPropertyMapping.java:115] Skipping duplicate registration of path [pdffilename], existing type = [basicType@6(java.lang.String,12)], incoming type = [basicType@6(java.lang.String,12)]
2023-11-24 12:36:33,441 TRACE o.h.p.e.AbstractPropertyMapping [AbstractPropertyMapping.java:115] Skipping duplicate registration of path [points], existing type = [basicType@6(java.lang.String,12)], incoming type = [basicType@6(java.lang.String,12)]
2023-11-24 12:36:33,442 TRACE o.h.p.e.AbstractPropertyMapping [AbstractPropertyMapping.java:115] Skipping duplicate registration of path [starttime], existing type = [basicType@7(java.time.LocalDateTime,93)], incoming type = [basicType@7(java.time.LocalDateTime,93)]
2023-11-24 12:36:33,442 TRACE o.h.p.e.AbstractPropertyMapping [AbstractPropertyMapping.java:115] Skipping duplicate registration of path [surveyId], existing type = [basicType@5(java.lang.Long,-5)], incoming type = [basicType@5(java.lang.Long,-5)]
2023-11-24 12:36:33,442 TRACE o.h.p.e.AbstractPropertyMapping [AbstractPropertyMapping.java:115] Skipping duplicate registration of path [id], existing type = [basicType@5(java.lang.Long,-5)], incoming type = [basicType@5(java.lang.Long,-5)]
2023-11-24 12:36:33,443 DEBUG o.h.b.i.ClassLoaderAccessImpl [ClassLoaderAccessImpl.java:60] Not known whether passed class name [franco.maurizio.hr.desk.com.persistence.entity.User] is safe
2023-11-24 12:36:33,443 DEBUG o.h.b.i.ClassLoaderAccessImpl [ClassLoaderAccessImpl.java:62] No temp ClassLoader provided; using live ClassLoader for loading potentially unsafe class : franco.maurizio.hr.desk.com.persistence.entity.User
2023-11-24 12:36:33,464 DEBUG o.h.b.i.b.BytecodeProviderImpl [BytecodeProviderImpl.java:235] HHH000513: Unable to create the ReflectionOptimizer for [franco.maurizio.hr.desk.com.persistence.entity.User]: private accessor [email]
2023-11-24 12:36:33,465 TRACE o.h.p.e.AbstractPropertyMapping [AbstractPropertyMapping.java:115] Skipping duplicate registration of path [email], existing type = [basicType@6(java.lang.String,12)], incoming type = [basicType@6(java.lang.String,12)]
2023-11-24 12:36:33,465 TRACE o.h.p.e.AbstractPropertyMapping [AbstractPropertyMapping.java:115] Skipping duplicate registration of path [enabled], existing type = [basicType@8(java.lang.Boolean,16)], incoming type = [basicType@8(java.lang.Boolean,16)]
2023-11-24 12:36:33,466 TRACE o.h.p.e.AbstractPropertyMapping [AbstractPropertyMapping.java:115] Skipping duplicate registration of path [firstname], existing type = [basicType@6(java.lang.String,12)], incoming type = [basicType@6(java.lang.String,12)]
2023-11-24 12:36:33,466 TRACE o.h.p.e.AbstractPropertyMapping [AbstractPropertyMapping.java:115] Skipping duplicate registration of path [lastname], existing type = [basicType@6(java.lang.String,12)], incoming type = [basicType@6(java.lang.String,12)]
2023-11-24 12:36:33,466 TRACE o.h.p.e.AbstractPropertyMapping [AbstractPropertyMapping.java:115] Skipping duplicate registration of path [password], existing type = [basicType@6(java.lang.String,12)], incoming type = [basicType@6(java.lang.String,12)]
2023-11-24 12:36:33,466 TRACE o.h.p.e.AbstractPropertyMapping [AbstractPropertyMapping.java:115] Skipping duplicate registration of path [regdate], existing type = [basicType@7(java.time.LocalDateTime,93)], incoming type = [basicType@7(java.time.LocalDateTime,93)]
2023-11-24 12:36:33,466 TRACE o.h.p.e.AbstractPropertyMapping [AbstractPropertyMapping.java:115] Skipping duplicate registration of path [role], existing type = [basicType@9(java.lang.Integer,4)], incoming type = [basicType@9(java.lang.Integer,4)]
2023-11-24 12:36:33,466 TRACE o.h.p.e.AbstractPropertyMapping [AbstractPropertyMapping.java:115] Skipping duplicate registration of path [id], existing type = [basicType@5(java.lang.Long,-5)], incoming type = [basicType@5(java.lang.Long,-5)]
2023-11-24 12:36:33,466 DEBUG o.h.b.i.ClassLoaderAccessImpl [ClassLoaderAccessImpl.java:60] Not known whether passed class name [franco.maurizio.hr.desk.com.persistence.entity.SurveyQuestion] is safe
2023-11-24 12:36:33,467 DEBUG o.h.b.i.ClassLoaderAccessImpl [ClassLoaderAccessImpl.java:62] No temp ClassLoader provided; using live ClassLoader for loading potentially unsafe class : franco.maurizio.hr.desk.com.persistence.entity.SurveyQuestion
2023-11-24 12:36:33,482 DEBUG o.h.b.i.b.BytecodeProviderImpl [BytecodeProviderImpl.java:235] HHH000513: Unable to create the ReflectionOptimizer for [franco.maurizio.hr.desk.com.persistence.entity.SurveyQuestion]: private accessor [position]
2023-11-24 12:36:33,482 TRACE o.h.p.e.AbstractPropertyMapping [AbstractPropertyMapping.java:115] Skipping duplicate registration of path [position], existing type = [basicType@5(java.lang.Long,-5)], incoming type = [basicType@5(java.lang.Long,-5)]
2023-11-24 12:36:33,483 TRACE o.h.p.e.AbstractPropertyMapping [AbstractPropertyMapping.java:115] Skipping duplicate registration of path [questionId], existing type = [basicType@5(java.lang.Long,-5)], incoming type = [basicType@5(java.lang.Long,-5)]
2023-11-24 12:36:33,483 TRACE o.h.p.e.AbstractPropertyMapping [AbstractPropertyMapping.java:115] Skipping duplicate registration of path [surveyId], existing type = [basicType@5(java.lang.Long,-5)], incoming type = [basicType@5(java.lang.Long,-5)]
2023-11-24 12:36:33,483 TRACE o.h.p.e.AbstractPropertyMapping [AbstractPropertyMapping.java:115] Skipping duplicate registration of path [id], existing type = [basicType@5(java.lang.Long,-5)], incoming type = [basicType@5(java.lang.Long,-5)]
2023-11-24 12:36:33,483 DEBUG o.h.b.i.ClassLoaderAccessImpl [ClassLoaderAccessImpl.java:60] Not known whether passed class name [franco.maurizio.hr.desk.com.persistence.entity.CandidateSurveyToken] is safe
2023-11-24 12:36:33,483 DEBUG o.h.b.i.ClassLoaderAccessImpl [ClassLoaderAccessImpl.java:62] No temp ClassLoader provided; using live ClassLoader for loading potentially unsafe class : franco.maurizio.hr.desk.com.persistence.entity.CandidateSurveyToken
2023-11-24 12:36:33,502 DEBUG o.h.b.i.b.BytecodeProviderImpl [BytecodeProviderImpl.java:235] HHH000513: Unable to create the ReflectionOptimizer for [franco.maurizio.hr.desk.com.persistence.entity.CandidateSurveyToken]: private accessor [candidateId]
2023-11-24 12:36:33,503 TRACE o.h.p.e.AbstractPropertyMapping [AbstractPropertyMapping.java:115] Skipping duplicate registration of path [candidateId], existing type = [basicType@5(java.lang.Long,-5)], incoming type = [basicType@5(java.lang.Long,-5)]
2023-11-24 12:36:33,503 TRACE o.h.p.e.AbstractPropertyMapping [AbstractPropertyMapping.java:115] Skipping duplicate registration of path [expirationDateTime], existing type = [basicType@7(java.time.LocalDateTime,93)], incoming type = [basicType@7(java.time.LocalDateTime,93)]
2023-11-24 12:36:33,503 TRACE o.h.p.e.AbstractPropertyMapping [AbstractPropertyMapping.java:115] Skipping duplicate registration of path [expired], existing type = [basicType@8(java.lang.Boolean,16)], incoming type = [basicType@8(java.lang.Boolean,16)]
2023-11-24 12:36:33,503 TRACE o.h.p.e.AbstractPropertyMapping [AbstractPropertyMapping.java:115] Skipping duplicate registration of path [generatedToken], existing type = [basicType@6(java.lang.String,12)], incoming type = [basicType@6(java.lang.String,12)]
2023-11-24 12:36:33,503 TRACE o.h.p.e.AbstractPropertyMapping [AbstractPropertyMapping.java:115] Skipping duplicate registration of path [surveyId], existing type = [basicType@5(java.lang.Long,-5)], incoming type = [basicType@5(java.lang.Long,-5)]
2023-11-24 12:36:33,504 TRACE o.h.p.e.AbstractPropertyMapping [AbstractPropertyMapping.java:115] Skipping duplicate registration of path [id], existing type = [basicType@5(java.lang.Long,-5)], incoming type = [basicType@5(java.lang.Long,-5)]
2023-11-24 12:36:33,504 DEBUG o.h.b.i.ClassLoaderAccessImpl [ClassLoaderAccessImpl.java:60] Not known whether passed class name [franco.maurizio.hr.desk.com.persistence.entity.CandidateStates] is safe
2023-11-24 12:36:33,504 DEBUG o.h.b.i.ClassLoaderAccessImpl [ClassLoaderAccessImpl.java:62] No temp ClassLoader provided; using live ClassLoader for loading potentially unsafe class : franco.maurizio.hr.desk.com.persistence.entity.CandidateStates
2023-11-24 12:36:33,520 DEBUG o.h.b.i.b.BytecodeProviderImpl [BytecodeProviderImpl.java:235] HHH000513: Unable to create the ReflectionOptimizer for [franco.maurizio.hr.desk.com.persistence.entity.CandidateStates]: private accessor [roleId]
2023-11-24 12:36:33,521 TRACE o.h.p.e.AbstractPropertyMapping [AbstractPropertyMapping.java:115] Skipping duplicate registration of path [roleId], existing type = [basicType@5(java.lang.Long,-5)], incoming type = [basicType@5(java.lang.Long,-5)]
2023-11-24 12:36:33,522 TRACE o.h.p.e.AbstractPropertyMapping [AbstractPropertyMapping.java:115] Skipping duplicate registration of path [statusCode], existing type = [basicType@9(java.lang.Integer,4)], incoming type = [basicType@9(java.lang.Integer,4)]
2023-11-24 12:36:33,522 TRACE o.h.p.e.AbstractPropertyMapping [AbstractPropertyMapping.java:115] Skipping duplicate registration of path [statusColor], existing type = [basicType@6(java.lang.String,12)], incoming type = [basicType@6(java.lang.String,12)]
2023-11-24 12:36:33,522 TRACE o.h.p.e.AbstractPropertyMapping [AbstractPropertyMapping.java:115] Skipping duplicate registration of path [statusDescription], existing type = [basicType@6(java.lang.String,12)], incoming type = [basicType@6(java.lang.String,12)]
2023-11-24 12:36:33,522 TRACE o.h.p.e.AbstractPropertyMapping [AbstractPropertyMapping.java:115] Skipping duplicate registration of path [statusLabel], existing type = [basicType@6(java.lang.String,12)], incoming type = [basicType@6(java.lang.String,12)]
2023-11-24 12:36:33,522 TRACE o.h.p.e.AbstractPropertyMapping [AbstractPropertyMapping.java:115] Skipping duplicate registration of path [id], existing type = [basicType@5(java.lang.Long,-5)], incoming type = [basicType@5(java.lang.Long,-5)]
2023-11-24 12:36:33,522 DEBUG o.h.b.i.ClassLoaderAccessImpl [ClassLoaderAccessImpl.java:60] Not known whether passed class name [franco.maurizio.hr.desk.com.persistence.entity.CoursePage] is safe
2023-11-24 12:36:33,523 DEBUG o.h.b.i.ClassLoaderAccessImpl [ClassLoaderAccessImpl.java:62] No temp ClassLoader provided; using live ClassLoader for loading potentially unsafe class : franco.maurizio.hr.desk.com.persistence.entity.CoursePage
2023-11-24 12:36:33,541 DEBUG o.h.b.i.b.BytecodeProviderImpl [BytecodeProviderImpl.java:235] HHH000513: Unable to create the ReflectionOptimizer for [franco.maurizio.hr.desk.com.persistence.entity.CoursePage]: private accessor [created_datetime]
2023-11-24 12:36:33,542 TRACE o.h.p.e.AbstractPropertyMapping [AbstractPropertyMapping.java:115] Skipping duplicate registration of path [bodyText], existing type = [basicType@6(java.lang.String,12)], incoming type = [basicType@6(java.lang.String,12)]
2023-11-24 12:36:33,542 TRACE o.h.p.e.AbstractPropertyMapping [AbstractPropertyMapping.java:115] Skipping duplicate registration of path [code], existing type = [basicType@6(java.lang.String,12)], incoming type = [basicType@6(java.lang.String,12)]
2023-11-24 12:36:33,542 TRACE o.h.p.e.AbstractPropertyMapping [AbstractPropertyMapping.java:115] Skipping duplicate registration of path [created_datetime], existing type = [basicType@7(java.time.LocalDateTime,93)], incoming type = [basicType@7(java.time.LocalDateTime,93)]
2023-11-24 12:36:33,543 TRACE o.h.p.e.AbstractPropertyMapping [AbstractPropertyMapping.java:115] Skipping duplicate registration of path [fileName], existing type = [basicType@6(java.lang.String,12)], incoming type = [basicType@6(java.lang.String,12)]
2023-11-24 12:36:33,543 TRACE o.h.p.e.AbstractPropertyMapping [AbstractPropertyMapping.java:115] Skipping duplicate registration of path [opened_by], existing type = [basicType@5(java.lang.Long,-5)], incoming type = [basicType@5(java.lang.Long,-5)]
2023-11-24 12:36:33,543 TRACE o.h.p.e.AbstractPropertyMapping [AbstractPropertyMapping.java:115] Skipping duplicate registration of path [statusOpen], existing type = [basicType@8(java.lang.Boolean,16)], incoming type = [basicType@8(java.lang.Boolean,16)]
2023-11-24 12:36:33,543 TRACE o.h.p.e.AbstractPropertyMapping [AbstractPropertyMapping.java:115] Skipping duplicate registration of path [title], existing type = [basicType@6(java.lang.String,12)], incoming type = [basicType@6(java.lang.String,12)]
2023-11-24 12:36:33,543 TRACE o.h.p.e.AbstractPropertyMapping [AbstractPropertyMapping.java:115] Skipping duplicate registration of path [id], existing type = [basicType@5(java.lang.Long,-5)], incoming type = [basicType@5(java.lang.Long,-5)]
2023-11-24 12:36:33,544 DEBUG o.h.b.i.ClassLoaderAccessImpl [ClassLoaderAccessImpl.java:60] Not known whether passed class name [franco.maurizio.hr.desk.com.persistence.entity.Role] is safe
2023-11-24 12:36:33,544 DEBUG o.h.b.i.ClassLoaderAccessImpl [ClassLoaderAccessImpl.java:62] No temp ClassLoader provided; using live ClassLoader for loading potentially unsafe class : franco.maurizio.hr.desk.com.persistence.entity.Role
2023-11-24 12:36:33,556 DEBUG o.h.b.i.b.BytecodeProviderImpl [BytecodeProviderImpl.java:235] HHH000513: Unable to create the ReflectionOptimizer for [franco.maurizio.hr.desk.com.persistence.entity.Role]: private accessor [description]
2023-11-24 12:36:33,557 TRACE o.h.p.e.AbstractPropertyMapping [AbstractPropertyMapping.java:115] Skipping duplicate registration of path [description], existing type = [basicType@6(java.lang.String,12)], incoming type = [basicType@6(java.lang.String,12)]
2023-11-24 12:36:33,557 TRACE o.h.p.e.AbstractPropertyMapping [AbstractPropertyMapping.java:115] Skipping duplicate registration of path [label], existing type = [basicType@6(java.lang.String,12)], incoming type = [basicType@6(java.lang.String,12)]
2023-11-24 12:36:33,557 TRACE o.h.p.e.AbstractPropertyMapping [AbstractPropertyMapping.java:115] Skipping duplicate registration of path [level], existing type = [basicType@9(java.lang.Integer,4)], incoming type = [basicType@9(java.lang.Integer,4)]
2023-11-24 12:36:33,557 TRACE o.h.p.e.AbstractPropertyMapping [AbstractPropertyMapping.java:115] Skipping duplicate registration of path [id], existing type = [basicType@5(java.lang.Long,-5)], incoming type = [basicType@5(java.lang.Long,-5)]
2023-11-24 12:36:33,593 DEBUG o.h.o.m.m.creation [MappingModelCreationProcess.java:92] Starting post-init callbacks
2023-11-24 12:36:33,593 DEBUG o.h.o.m.m.creation [MappingModelCreationProcess.java:242] Starting PostInitCallbackEntry : Entity(franco.maurizio.hr.desk.com.persistence.entity.Survey) `staticFetchableList` generator
2023-11-24 12:36:33,594 DEBUG o.h.o.m.m.creation [MappingModelCreationProcess.java:242] Starting PostInitCallbackEntry : Entity(franco.maurizio.hr.desk.com.persistence.entity.PositionUserOwner) `staticFetchableList` generator
2023-11-24 12:36:33,594 DEBUG o.h.o.m.m.creation [MappingModelCreationProcess.java:242] Starting PostInitCallbackEntry : Entity(franco.maurizio.hr.desk.com.persistence.entity.Question) `staticFetchableList` generator
2023-11-24 12:36:33,594 DEBUG o.h.o.m.m.creation [MappingModelCreationProcess.java:242] Starting PostInitCallbackEntry : Entity(franco.maurizio.hr.desk.com.persistence.entity.Candidate) `staticFetchableList` generator
2023-11-24 12:36:33,594 DEBUG o.h.o.m.m.creation [MappingModelCreationProcess.java:242] Starting PostInitCallbackEntry : Entity(franco.maurizio.hr.desk.com.persistence.entity.SurveyReply) `staticFetchableList` generator
2023-11-24 12:36:33,594 DEBUG o.h.o.m.m.creation [MappingModelCreationProcess.java:242] Starting PostInitCallbackEntry : Entity(franco.maurizio.hr.desk.com.persistence.entity.User) `staticFetchableList` generator
2023-11-24 12:36:33,595 DEBUG o.h.o.m.m.creation [MappingModelCreationProcess.java:242] Starting PostInitCallbackEntry : Entity(franco.maurizio.hr.desk.com.persistence.entity.SurveyQuestion) `staticFetchableList` generator
2023-11-24 12:36:33,595 DEBUG o.h.o.m.m.creation [MappingModelCreationProcess.java:242] Starting PostInitCallbackEntry : Entity(franco.maurizio.hr.desk.com.persistence.entity.CandidateSurveyToken) `staticFetchableList` generator
2023-11-24 12:36:33,595 DEBUG o.h.o.m.m.creation [MappingModelCreationProcess.java:242] Starting PostInitCallbackEntry : Entity(franco.maurizio.hr.desk.com.persistence.entity.CandidateStates) `staticFetchableList` generator
2023-11-24 12:36:33,595 DEBUG o.h.o.m.m.creation [MappingModelCreationProcess.java:242] Starting PostInitCallbackEntry : Entity(franco.maurizio.hr.desk.com.persistence.entity.CoursePage) `staticFetchableList` generator
2023-11-24 12:36:33,595 DEBUG o.h.o.m.m.creation [MappingModelCreationProcess.java:242] Starting PostInitCallbackEntry : Entity(franco.maurizio.hr.desk.com.persistence.entity.Role) `staticFetchableList` generator
2023-11-24 12:36:33,710 DEBUG o.h.p.e.AbstractEntityPersister [AbstractEntityPersister.java:2904] Static SQL for entity: franco.maurizio.hr.desk.com.persistence.entity.Survey
2023-11-24 12:36:33,710 DEBUG o.h.p.e.AbstractEntityPersister [AbstractEntityPersister.java:2909]  Version select: select id from surveys where id=?
2023-11-24 12:36:33,710 DEBUG o.h.p.e.AbstractEntityPersister [DelegatingBasicLogger.java:393]  Insert (0): insert into surveys (description,label,time) values (?,?,?)
2023-11-24 12:36:33,711 DEBUG o.h.p.e.AbstractEntityPersister [DelegatingBasicLogger.java:393]  Update (0): update surveys set description=?,label=?,time=? where id=?
2023-11-24 12:36:33,711 DEBUG o.h.p.e.AbstractEntityPersister [DelegatingBasicLogger.java:393]  Delete (0): delete from surveys where id=?
2023-11-24 12:36:33,735 DEBUG o.h.o.s.a.create [SqlAliasBaseImpl.java:33] Created new SQL alias : s1_0
2023-11-24 12:36:33,739 DEBUG o.h.o.s.a.create [SimpleFromClauseAccessImpl.java:98] Registration of TableGroup [StandardTableGroup(franco.maurizio.hr.desk.com.persistence.entity.Survey)] with identifierForTableGroup [franco.maurizio.hr.desk.com.persistence.entity.Survey] for NavigablePath [franco.maurizio.hr.desk.com.persistence.entity.Survey] 
2023-11-24 12:36:33,747 TRACE o.h.l.a.i.LoaderSelectBuilder [LoaderSelectBuilder.java:779] Starting visitation of FetchParent's Fetchables : franco.maurizio.hr.desk.com.persistence.entity.Survey
2023-11-24 12:36:33,761 DEBUG o.h.o.r.g.AST [DomainResultGraphPrinter.java:67] DomainResult Graph:
 \-EntityResultImpl [franco.maurizio.hr.desk.com.persistence.entity.Survey]
 |  +-BasicFetch [franco.maurizio.hr.desk.com.persistence.entity.Survey.description]
 |  +-BasicFetch [franco.maurizio.hr.desk.com.persistence.entity.Survey.label]
 |  \-BasicFetch [franco.maurizio.hr.desk.com.persistence.entity.Survey.time]

2023-11-24 12:36:33,762 TRACE o.h.o.r.g.AST [DomainResultGraphPrinter.java:70] Stack trace calling DomainResultGraphPrinter
java.lang.Exception: null
	at org.hibernate.sql.results.graph.DomainResultGraphPrinter.visitDomainResults(DomainResultGraphPrinter.java:70)
	at org.hibernate.sql.results.graph.DomainResultGraphPrinter.logDomainResultGraph(DomainResultGraphPrinter.java:46)
	at org.hibernate.sql.results.graph.DomainResultGraphPrinter.logDomainResultGraph(DomainResultGraphPrinter.java:37)
	at org.hibernate.sql.ast.spi.AbstractSqlAstTranslator.translateSelect(AbstractSqlAstTranslator.java:848)
	at org.hibernate.sql.ast.spi.AbstractSqlAstTranslator.translate(AbstractSqlAstTranslator.java:801)
	at org.hibernate.loader.ast.internal.SingleIdLoadPlan.<init>(SingleIdLoadPlan.java:67)
	at org.hibernate.loader.ast.internal.SingleIdEntityLoaderStandardImpl.createLoadPlan(SingleIdEntityLoaderStandardImpl.java:197)
	at org.hibernate.loader.ast.internal.SingleIdEntityLoaderStandardImpl.prepare(SingleIdEntityLoaderStandardImpl.java:55)
	at org.hibernate.persister.entity.AbstractEntityPersister.prepareLoader(AbstractEntityPersister.java:3486)
	at org.hibernate.persister.entity.AbstractEntityPersister.postInstantiate(AbstractEntityPersister.java:3480)
	at org.hibernate.metamodel.model.domain.internal.MappingMetamodelImpl.finishInitialization(MappingMetamodelImpl.java:204)
	at org.hibernate.internal.SessionFactoryImpl.initializeMappingModel(SessionFactoryImpl.java:321)
	at org.hibernate.internal.SessionFactoryImpl.<init>(SessionFactoryImpl.java:271)
	at org.hibernate.boot.internal.SessionFactoryBuilderImpl.build(SessionFactoryBuilderImpl.java:444)
	at org.hibernate.jpa.boot.internal.EntityManagerFactoryBuilderImpl.build(EntityManagerFactoryBuilderImpl.java:1458)
	at org.springframework.orm.jpa.vendor.SpringHibernateJpaPersistenceProvider.createContainerEntityManagerFactory(SpringHibernateJpaPersistenceProvider.java:75)
	at org.springframework.orm.jpa.LocalContainerEntityManagerFactoryBean.createNativeEntityManagerFactory(LocalContainerEntityManagerFactoryBean.java:376)
	at org.springframework.orm.jpa.AbstractEntityManagerFactoryBean.buildNativeEntityManagerFactory(AbstractEntityManagerFactoryBean.java:409)
	at org.springframework.orm.jpa.AbstractEntityManagerFactoryBean.afterPropertiesSet(AbstractEntityManagerFactoryBean.java:396)
	at org.springframework.orm.jpa.LocalContainerEntityManagerFactoryBean.afterPropertiesSet(LocalContainerEntityManagerFactoryBean.java:352)
	at org.springframework.beans.factory.support.AbstractAutowireCapableBeanFactory.invokeInitMethods(AbstractAutowireCapableBeanFactory.java:1817)
	at org.springframework.beans.factory.support.AbstractAutowireCapableBeanFactory.initializeBean(AbstractAutowireCapableBeanFactory.java:1766)
	at org.springframework.beans.factory.support.AbstractAutowireCapableBeanFactory.doCreateBean(AbstractAutowireCapableBeanFactory.java:598)
	at org.springframework.beans.factory.support.AbstractAutowireCapableBeanFactory.createBean(AbstractAutowireCapableBeanFactory.java:520)
	at org.springframework.beans.factory.support.AbstractBeanFactory.lambda$doGetBean$0(AbstractBeanFactory.java:325)
	at org.springframework.beans.factory.support.DefaultSingletonBeanRegistry.getSingleton(DefaultSingletonBeanRegistry.java:234)
	at org.springframework.beans.factory.support.AbstractBeanFactory.doGetBean(AbstractBeanFactory.java:323)
	at org.springframework.beans.factory.support.AbstractBeanFactory.getBean(AbstractBeanFactory.java:199)
	at org.springframework.context.support.AbstractApplicationContext.getBean(AbstractApplicationContext.java:1166)
	at org.springframework.context.support.AbstractApplicationContext.finishBeanFactoryInitialization(AbstractApplicationContext.java:940)
	at org.springframework.context.support.AbstractApplicationContext.refresh(AbstractApplicationContext.java:616)
	at org.springframework.boot.web.servlet.context.ServletWebServerApplicationContext.refresh(ServletWebServerApplicationContext.java:146)
	at org.springframework.boot.SpringApplication.refresh(SpringApplication.java:738)
	at org.springframework.boot.SpringApplication.refreshContext(SpringApplication.java:440)
	at org.springframework.boot.SpringApplication.run(SpringApplication.java:316)
	at org.springframework.boot.test.context.SpringBootContextLoader.lambda$loadContext$3(SpringBootContextLoader.java:137)
	at org.springframework.util.function.ThrowingSupplier.get(ThrowingSupplier.java:58)
	at org.springframework.util.function.ThrowingSupplier.get(ThrowingSupplier.java:46)
	at org.springframework.boot.SpringApplication.withHook(SpringApplication.java:1406)
	at org.springframework.boot.test.context.SpringBootContextLoader$ContextLoaderHook.run(SpringBootContextLoader.java:545)
	at org.springframework.boot.test.context.SpringBootContextLoader.loadContext(SpringBootContextLoader.java:137)
	at org.springframework.boot.test.context.SpringBootContextLoader.loadContext(SpringBootContextLoader.java:108)
	at org.springframework.test.context.cache.DefaultCacheAwareContextLoaderDelegate.loadContextInternal(DefaultCacheAwareContextLoaderDelegate.java:187)
	at org.springframework.test.context.cache.DefaultCacheAwareContextLoaderDelegate.loadContext(DefaultCacheAwareContextLoaderDelegate.java:119)
	at org.springframework.test.context.support.DefaultTestContext.getApplicationContext(DefaultTestContext.java:127)
	at org.springframework.test.context.support.DependencyInjectionTestExecutionListener.injectDependencies(DependencyInjectionTestExecutionListener.java:141)
	at org.springframework.test.context.support.DependencyInjectionTestExecutionListener.prepareTestInstance(DependencyInjectionTestExecutionListener.java:97)
	at org.springframework.test.context.TestContextManager.prepareTestInstance(TestContextManager.java:241)
	at org.springframework.test.context.junit.jupiter.SpringExtension.postProcessTestInstance(SpringExtension.java:138)
	at org.junit.jupiter.engine.descriptor.ClassBasedTestDescriptor.lambda$invokeTestInstancePostProcessors$10(ClassBasedTestDescriptor.java:377)
	at org.junit.jupiter.engine.descriptor.ClassBasedTestDescriptor.executeAndMaskThrowable(ClassBasedTestDescriptor.java:382)
	at org.junit.jupiter.engine.descriptor.ClassBasedTestDescriptor.lambda$invokeTestInstancePostProcessors$11(ClassBasedTestDescriptor.java:377)
	at java.base/java.util.stream.ReferencePipeline$3$1.accept(ReferencePipeline.java:197)
	at java.base/java.util.stream.ReferencePipeline$2$1.accept(ReferencePipeline.java:179)
	at java.base/java.util.ArrayList$ArrayListSpliterator.forEachRemaining(ArrayList.java:1625)
	at java.base/java.util.stream.AbstractPipeline.copyInto(AbstractPipeline.java:509)
	at java.base/java.util.stream.AbstractPipeline.wrapAndCopyInto(AbstractPipeline.java:499)
	at java.base/java.util.stream.StreamSpliterators$WrappingSpliterator.forEachRemaining(StreamSpliterators.java:310)
	at java.base/java.util.stream.Streams$ConcatSpliterator.forEachRemaining(Streams.java:735)
	at java.base/java.util.stream.Streams$ConcatSpliterator.forEachRemaining(Streams.java:734)
	at java.base/java.util.stream.ReferencePipeline$Head.forEach(ReferencePipeline.java:762)
	at org.junit.jupiter.engine.descriptor.ClassBasedTestDescriptor.invokeTestInstancePostProcessors(ClassBasedTestDescriptor.java:376)
	at org.junit.jupiter.engine.descriptor.ClassBasedTestDescriptor.lambda$instantiateAndPostProcessTestInstance$6(ClassBasedTestDescriptor.java:289)
	at org.junit.platform.engine.support.hierarchical.ThrowableCollector.execute(ThrowableCollector.java:73)
	at org.junit.jupiter.engine.descriptor.ClassBasedTestDescriptor.instantiateAndPostProcessTestInstance(ClassBasedTestDescriptor.java:288)
	at org.junit.jupiter.engine.descriptor.ClassBasedTestDescriptor.lambda$testInstancesProvider$4(ClassBasedTestDescriptor.java:278)
	at java.base/java.util.Optional.orElseGet(Optional.java:364)
	at org.junit.jupiter.engine.descriptor.ClassBasedTestDescriptor.lambda$testInstancesProvider$5(ClassBasedTestDescriptor.java:277)
	at org.junit.jupiter.engine.execution.TestInstancesProvider.getTestInstances(TestInstancesProvider.java:31)
	at org.junit.jupiter.engine.descriptor.TestMethodTestDescriptor.lambda$prepare$0(TestMethodTestDescriptor.java:105)
	at org.junit.platform.engine.support.hierarchical.ThrowableCollector.execute(ThrowableCollector.java:73)
	at org.junit.jupiter.engine.descriptor.TestMethodTestDescriptor.prepare(TestMethodTestDescriptor.java:104)
	at org.junit.jupiter.engine.descriptor.TestMethodTestDescriptor.prepare(TestMethodTestDescriptor.java:68)
	at org.junit.platform.engine.support.hierarchical.NodeTestTask.lambda$prepare$2(NodeTestTask.java:123)
	at org.junit.platform.engine.support.hierarchical.ThrowableCollector.execute(ThrowableCollector.java:73)
	at org.junit.platform.engine.support.hierarchical.NodeTestTask.prepare(NodeTestTask.java:123)
	at org.junit.platform.engine.support.hierarchical.NodeTestTask.execute(NodeTestTask.java:90)
	at java.base/java.util.ArrayList.forEach(ArrayList.java:1511)
	at org.junit.platform.engine.support.hierarchical.SameThreadHierarchicalTestExecutorService.invokeAll(SameThreadHierarchicalTestExecutorService.java:41)
	at org.junit.platform.engine.support.hierarchical.NodeTestTask.lambda$executeRecursively$6(NodeTestTask.java:155)
	at org.junit.platform.engine.support.hierarchical.ThrowableCollector.execute(ThrowableCollector.java:73)
	at org.junit.platform.engine.support.hierarchical.NodeTestTask.lambda$executeRecursively$8(NodeTestTask.java:141)
	at org.junit.platform.engine.support.hierarchical.Node.around(Node.java:137)
	at org.junit.platform.engine.support.hierarchical.NodeTestTask.lambda$executeRecursively$9(NodeTestTask.java:139)
	at org.junit.platform.engine.support.hierarchical.ThrowableCollector.execute(ThrowableCollector.java:73)
	at org.junit.platform.engine.support.hierarchical.NodeTestTask.executeRecursively(NodeTestTask.java:138)
	at org.junit.platform.engine.support.hierarchical.NodeTestTask.execute(NodeTestTask.java:95)
	at java.base/java.util.ArrayList.forEach(ArrayList.java:1511)
	at org.junit.platform.engine.support.hierarchical.SameThreadHierarchicalTestExecutorService.invokeAll(SameThreadHierarchicalTestExecutorService.java:41)
	at org.junit.platform.engine.support.hierarchical.NodeTestTask.lambda$executeRecursively$6(NodeTestTask.java:155)
	at org.junit.platform.engine.support.hierarchical.ThrowableCollector.execute(ThrowableCollector.java:73)
	at org.junit.platform.engine.support.hierarchical.NodeTestTask.lambda$executeRecursively$8(NodeTestTask.java:141)
	at org.junit.platform.engine.support.hierarchical.Node.around(Node.java:137)
	at org.junit.platform.engine.support.hierarchical.NodeTestTask.lambda$executeRecursively$9(NodeTestTask.java:139)
	at org.junit.platform.engine.support.hierarchical.ThrowableCollector.execute(ThrowableCollector.java:73)
	at org.junit.platform.engine.support.hierarchical.NodeTestTask.executeRecursively(NodeTestTask.java:138)
	at org.junit.platform.engine.support.hierarchical.NodeTestTask.execute(NodeTestTask.java:95)
	at org.junit.platform.engine.support.hierarchical.SameThreadHierarchicalTestExecutorService.submit(SameThreadHierarchicalTestExecutorService.java:35)
	at org.junit.platform.engine.support.hierarchical.HierarchicalTestExecutor.execute(HierarchicalTestExecutor.java:57)
	at org.junit.platform.engine.support.hierarchical.HierarchicalTestEngine.execute(HierarchicalTestEngine.java:54)
	at org.junit.platform.launcher.core.EngineExecutionOrchestrator.execute(EngineExecutionOrchestrator.java:147)
	at org.junit.platform.launcher.core.EngineExecutionOrchestrator.execute(EngineExecutionOrchestrator.java:127)
	at org.junit.platform.launcher.core.EngineExecutionOrchestrator.execute(EngineExecutionOrchestrator.java:90)
	at org.junit.platform.launcher.core.EngineExecutionOrchestrator.lambda$execute$0(EngineExecutionOrchestrator.java:55)
	at org.junit.platform.launcher.core.EngineExecutionOrchestrator.withInterceptedStreams(EngineExecutionOrchestrator.java:102)
	at org.junit.platform.launcher.core.EngineExecutionOrchestrator.execute(EngineExecutionOrchestrator.java:54)
	at org.junit.platform.launcher.core.DefaultLauncher.execute(DefaultLauncher.java:114)
	at org.junit.platform.launcher.core.DefaultLauncher.execute(DefaultLauncher.java:86)
	at org.junit.platform.launcher.core.DefaultLauncherSession$DelegatingLauncher.execute(DefaultLauncherSession.java:86)
	at org.apache.maven.surefire.junitplatform.LazyLauncher.execute(LazyLauncher.java:50)
	at org.apache.maven.surefire.junitplatform.JUnitPlatformProvider.execute(JUnitPlatformProvider.java:184)
	at org.apache.maven.surefire.junitplatform.JUnitPlatformProvider.invokeAllTests(JUnitPlatformProvider.java:148)
	at org.apache.maven.surefire.junitplatform.JUnitPlatformProvider.invoke(JUnitPlatformProvider.java:122)
	at org.apache.maven.surefire.booter.ForkedBooter.runSuitesInProcess(ForkedBooter.java:385)
	at org.apache.maven.surefire.booter.ForkedBooter.execute(ForkedBooter.java:162)
	at org.apache.maven.surefire.booter.ForkedBooter.run(ForkedBooter.java:507)
	at org.apache.maven.surefire.booter.ForkedBooter.main(ForkedBooter.java:495)
2023-11-24 12:36:33,770 DEBUG o.h.o.s.a.tree [SqlTreePrinter.java:46] SQL AST Tree:
    SelectStatement {
      FromClause {
        StandardTableGroup (s1 : franco.maurizio.hr.desk.com.persistence.entity.Survey) {
          primaryTableReference : surveys as s1_0
        }
      }
    }

2023-11-24 12:36:33,792 DEBUG o.h.p.e.AbstractEntityPersister [AbstractEntityPersister.java:2904] Static SQL for entity: franco.maurizio.hr.desk.com.persistence.entity.PositionUserOwner
2023-11-24 12:36:33,793 DEBUG o.h.p.e.AbstractEntityPersister [AbstractEntityPersister.java:2909]  Version select: select id from positionuserowner where id=?
2023-11-24 12:36:33,793 DEBUG o.h.p.e.AbstractEntityPersister [DelegatingBasicLogger.java:393]  Insert (0): insert into positionuserowner (course_page_id,user_id) values (?,?)
2023-11-24 12:36:33,793 DEBUG o.h.p.e.AbstractEntityPersister [DelegatingBasicLogger.java:393]  Update (0): update positionuserowner set course_page_id=?,user_id=? where id=?
2023-11-24 12:36:33,793 DEBUG o.h.p.e.AbstractEntityPersister [DelegatingBasicLogger.java:393]  Delete (0): delete from positionuserowner where id=?
2023-11-24 12:36:33,794 DEBUG o.h.o.s.a.create [SqlAliasBaseImpl.java:33] Created new SQL alias : p1_0
2023-11-24 12:36:33,794 DEBUG o.h.o.s.a.create [SimpleFromClauseAccessImpl.java:98] Registration of TableGroup [StandardTableGroup(franco.maurizio.hr.desk.com.persistence.entity.PositionUserOwner)] with identifierForTableGroup [franco.maurizio.hr.desk.com.persistence.entity.PositionUserOwner] for NavigablePath [franco.maurizio.hr.desk.com.persistence.entity.PositionUserOwner] 
2023-11-24 12:36:33,794 TRACE o.h.l.a.i.LoaderSelectBuilder [LoaderSelectBuilder.java:779] Starting visitation of FetchParent's Fetchables : franco.maurizio.hr.desk.com.persistence.entity.PositionUserOwner
2023-11-24 12:36:33,794 DEBUG o.h.o.r.g.AST [DomainResultGraphPrinter.java:67] DomainResult Graph:
 \-EntityResultImpl [franco.maurizio.hr.desk.com.persistence.entity.PositionUserOwner]
 |  +-BasicFetch [franco.maurizio.hr.desk.com.persistence.entity.PositionUserOwner.coursePageId]
 |  \-BasicFetch [franco.maurizio.hr.desk.com.persistence.entity.PositionUserOwner.userId]

2023-11-24 12:36:33,795 TRACE o.h.o.r.g.AST [DomainResultGraphPrinter.java:70] Stack trace calling DomainResultGraphPrinter
java.lang.Exception: null
	at org.hibernate.sql.results.graph.DomainResultGraphPrinter.visitDomainResults(DomainResultGraphPrinter.java:70)
	at org.hibernate.sql.results.graph.DomainResultGraphPrinter.logDomainResultGraph(DomainResultGraphPrinter.java:46)
	at org.hibernate.sql.results.graph.DomainResultGraphPrinter.logDomainResultGraph(DomainResultGraphPrinter.java:37)
	at org.hibernate.sql.ast.spi.AbstractSqlAstTranslator.translateSelect(AbstractSqlAstTranslator.java:848)
	at org.hibernate.sql.ast.spi.AbstractSqlAstTranslator.translate(AbstractSqlAstTranslator.java:801)
	at org.hibernate.loader.ast.internal.SingleIdLoadPlan.<init>(SingleIdLoadPlan.java:67)
	at org.hibernate.loader.ast.internal.SingleIdEntityLoaderStandardImpl.createLoadPlan(SingleIdEntityLoaderStandardImpl.java:197)
	at org.hibernate.loader.ast.internal.SingleIdEntityLoaderStandardImpl.prepare(SingleIdEntityLoaderStandardImpl.java:55)
	at org.hibernate.persister.entity.AbstractEntityPersister.prepareLoader(AbstractEntityPersister.java:3486)
	at org.hibernate.persister.entity.AbstractEntityPersister.postInstantiate(AbstractEntityPersister.java:3480)
	at org.hibernate.metamodel.model.domain.internal.MappingMetamodelImpl.finishInitialization(MappingMetamodelImpl.java:204)
	at org.hibernate.internal.SessionFactoryImpl.initializeMappingModel(SessionFactoryImpl.java:321)
	at org.hibernate.internal.SessionFactoryImpl.<init>(SessionFactoryImpl.java:271)
	at org.hibernate.boot.internal.SessionFactoryBuilderImpl.build(SessionFactoryBuilderImpl.java:444)
	at org.hibernate.jpa.boot.internal.EntityManagerFactoryBuilderImpl.build(EntityManagerFactoryBuilderImpl.java:1458)
	at org.springframework.orm.jpa.vendor.SpringHibernateJpaPersistenceProvider.createContainerEntityManagerFactory(SpringHibernateJpaPersistenceProvider.java:75)
	at org.springframework.orm.jpa.LocalContainerEntityManagerFactoryBean.createNativeEntityManagerFactory(LocalContainerEntityManagerFactoryBean.java:376)
	at org.springframework.orm.jpa.AbstractEntityManagerFactoryBean.buildNativeEntityManagerFactory(AbstractEntityManagerFactoryBean.java:409)
	at org.springframework.orm.jpa.AbstractEntityManagerFactoryBean.afterPropertiesSet(AbstractEntityManagerFactoryBean.java:396)
	at org.springframework.orm.jpa.LocalContainerEntityManagerFactoryBean.afterPropertiesSet(LocalContainerEntityManagerFactoryBean.java:352)
	at org.springframework.beans.factory.support.AbstractAutowireCapableBeanFactory.invokeInitMethods(AbstractAutowireCapableBeanFactory.java:1817)
	at org.springframework.beans.factory.support.AbstractAutowireCapableBeanFactory.initializeBean(AbstractAutowireCapableBeanFactory.java:1766)
	at org.springframework.beans.factory.support.AbstractAutowireCapableBeanFactory.doCreateBean(AbstractAutowireCapableBeanFactory.java:598)
	at org.springframework.beans.factory.support.AbstractAutowireCapableBeanFactory.createBean(AbstractAutowireCapableBeanFactory.java:520)
	at org.springframework.beans.factory.support.AbstractBeanFactory.lambda$doGetBean$0(AbstractBeanFactory.java:325)
	at org.springframework.beans.factory.support.DefaultSingletonBeanRegistry.getSingleton(DefaultSingletonBeanRegistry.java:234)
	at org.springframework.beans.factory.support.AbstractBeanFactory.doGetBean(AbstractBeanFactory.java:323)
	at org.springframework.beans.factory.support.AbstractBeanFactory.getBean(AbstractBeanFactory.java:199)
	at org.springframework.context.support.AbstractApplicationContext.getBean(AbstractApplicationContext.java:1166)
	at org.springframework.context.support.AbstractApplicationContext.finishBeanFactoryInitialization(AbstractApplicationContext.java:940)
	at org.springframework.context.support.AbstractApplicationContext.refresh(AbstractApplicationContext.java:616)
	at org.springframework.boot.web.servlet.context.ServletWebServerApplicationContext.refresh(ServletWebServerApplicationContext.java:146)
	at org.springframework.boot.SpringApplication.refresh(SpringApplication.java:738)
	at org.springframework.boot.SpringApplication.refreshContext(SpringApplication.java:440)
	at org.springframework.boot.SpringApplication.run(SpringApplication.java:316)
	at org.springframework.boot.test.context.SpringBootContextLoader.lambda$loadContext$3(SpringBootContextLoader.java:137)
	at org.springframework.util.function.ThrowingSupplier.get(ThrowingSupplier.java:58)
	at org.springframework.util.function.ThrowingSupplier.get(ThrowingSupplier.java:46)
	at org.springframework.boot.SpringApplication.withHook(SpringApplication.java:1406)
	at org.springframework.boot.test.context.SpringBootContextLoader$ContextLoaderHook.run(SpringBootContextLoader.java:545)
	at org.springframework.boot.test.context.SpringBootContextLoader.loadContext(SpringBootContextLoader.java:137)
	at org.springframework.boot.test.context.SpringBootContextLoader.loadContext(SpringBootContextLoader.java:108)
	at org.springframework.test.context.cache.DefaultCacheAwareContextLoaderDelegate.loadContextInternal(DefaultCacheAwareContextLoaderDelegate.java:187)
	at org.springframework.test.context.cache.DefaultCacheAwareContextLoaderDelegate.loadContext(DefaultCacheAwareContextLoaderDelegate.java:119)
	at org.springframework.test.context.support.DefaultTestContext.getApplicationContext(DefaultTestContext.java:127)
	at org.springframework.test.context.support.DependencyInjectionTestExecutionListener.injectDependencies(DependencyInjectionTestExecutionListener.java:141)
	at org.springframework.test.context.support.DependencyInjectionTestExecutionListener.prepareTestInstance(DependencyInjectionTestExecutionListener.java:97)
	at org.springframework.test.context.TestContextManager.prepareTestInstance(TestContextManager.java:241)
	at org.springframework.test.context.junit.jupiter.SpringExtension.postProcessTestInstance(SpringExtension.java:138)
	at org.junit.jupiter.engine.descriptor.ClassBasedTestDescriptor.lambda$invokeTestInstancePostProcessors$10(ClassBasedTestDescriptor.java:377)
	at org.junit.jupiter.engine.descriptor.ClassBasedTestDescriptor.executeAndMaskThrowable(ClassBasedTestDescriptor.java:382)
	at org.junit.jupiter.engine.descriptor.ClassBasedTestDescriptor.lambda$invokeTestInstancePostProcessors$11(ClassBasedTestDescriptor.java:377)
	at java.base/java.util.stream.ReferencePipeline$3$1.accept(ReferencePipeline.java:197)
	at java.base/java.util.stream.ReferencePipeline$2$1.accept(ReferencePipeline.java:179)
	at java.base/java.util.ArrayList$ArrayListSpliterator.forEachRemaining(ArrayList.java:1625)
	at java.base/java.util.stream.AbstractPipeline.copyInto(AbstractPipeline.java:509)
	at java.base/java.util.stream.AbstractPipeline.wrapAndCopyInto(AbstractPipeline.java:499)
	at java.base/java.util.stream.StreamSpliterators$WrappingSpliterator.forEachRemaining(StreamSpliterators.java:310)
	at java.base/java.util.stream.Streams$ConcatSpliterator.forEachRemaining(Streams.java:735)
	at java.base/java.util.stream.Streams$ConcatSpliterator.forEachRemaining(Streams.java:734)
	at java.base/java.util.stream.ReferencePipeline$Head.forEach(ReferencePipeline.java:762)
	at org.junit.jupiter.engine.descriptor.ClassBasedTestDescriptor.invokeTestInstancePostProcessors(ClassBasedTestDescriptor.java:376)
	at org.junit.jupiter.engine.descriptor.ClassBasedTestDescriptor.lambda$instantiateAndPostProcessTestInstance$6(ClassBasedTestDescriptor.java:289)
	at org.junit.platform.engine.support.hierarchical.ThrowableCollector.execute(ThrowableCollector.java:73)
	at org.junit.jupiter.engine.descriptor.ClassBasedTestDescriptor.instantiateAndPostProcessTestInstance(ClassBasedTestDescriptor.java:288)
	at org.junit.jupiter.engine.descriptor.ClassBasedTestDescriptor.lambda$testInstancesProvider$4(ClassBasedTestDescriptor.java:278)
	at java.base/java.util.Optional.orElseGet(Optional.java:364)
	at org.junit.jupiter.engine.descriptor.ClassBasedTestDescriptor.lambda$testInstancesProvider$5(ClassBasedTestDescriptor.java:277)
	at org.junit.jupiter.engine.execution.TestInstancesProvider.getTestInstances(TestInstancesProvider.java:31)
	at org.junit.jupiter.engine.descriptor.TestMethodTestDescriptor.lambda$prepare$0(TestMethodTestDescriptor.java:105)
	at org.junit.platform.engine.support.hierarchical.ThrowableCollector.execute(ThrowableCollector.java:73)
	at org.junit.jupiter.engine.descriptor.TestMethodTestDescriptor.prepare(TestMethodTestDescriptor.java:104)
	at org.junit.jupiter.engine.descriptor.TestMethodTestDescriptor.prepare(TestMethodTestDescriptor.java:68)
	at org.junit.platform.engine.support.hierarchical.NodeTestTask.lambda$prepare$2(NodeTestTask.java:123)
	at org.junit.platform.engine.support.hierarchical.ThrowableCollector.execute(ThrowableCollector.java:73)
	at org.junit.platform.engine.support.hierarchical.NodeTestTask.prepare(NodeTestTask.java:123)
	at org.junit.platform.engine.support.hierarchical.NodeTestTask.execute(NodeTestTask.java:90)
	at java.base/java.util.ArrayList.forEach(ArrayList.java:1511)
	at org.junit.platform.engine.support.hierarchical.SameThreadHierarchicalTestExecutorService.invokeAll(SameThreadHierarchicalTestExecutorService.java:41)
	at org.junit.platform.engine.support.hierarchical.NodeTestTask.lambda$executeRecursively$6(NodeTestTask.java:155)
	at org.junit.platform.engine.support.hierarchical.ThrowableCollector.execute(ThrowableCollector.java:73)
	at org.junit.platform.engine.support.hierarchical.NodeTestTask.lambda$executeRecursively$8(NodeTestTask.java:141)
	at org.junit.platform.engine.support.hierarchical.Node.around(Node.java:137)
	at org.junit.platform.engine.support.hierarchical.NodeTestTask.lambda$executeRecursively$9(NodeTestTask.java:139)
	at org.junit.platform.engine.support.hierarchical.ThrowableCollector.execute(ThrowableCollector.java:73)
	at org.junit.platform.engine.support.hierarchical.NodeTestTask.executeRecursively(NodeTestTask.java:138)
	at org.junit.platform.engine.support.hierarchical.NodeTestTask.execute(NodeTestTask.java:95)
	at java.base/java.util.ArrayList.forEach(ArrayList.java:1511)
	at org.junit.platform.engine.support.hierarchical.SameThreadHierarchicalTestExecutorService.invokeAll(SameThreadHierarchicalTestExecutorService.java:41)
	at org.junit.platform.engine.support.hierarchical.NodeTestTask.lambda$executeRecursively$6(NodeTestTask.java:155)
	at org.junit.platform.engine.support.hierarchical.ThrowableCollector.execute(ThrowableCollector.java:73)
	at org.junit.platform.engine.support.hierarchical.NodeTestTask.lambda$executeRecursively$8(NodeTestTask.java:141)
	at org.junit.platform.engine.support.hierarchical.Node.around(Node.java:137)
	at org.junit.platform.engine.support.hierarchical.NodeTestTask.lambda$executeRecursively$9(NodeTestTask.java:139)
	at org.junit.platform.engine.support.hierarchical.ThrowableCollector.execute(ThrowableCollector.java:73)
	at org.junit.platform.engine.support.hierarchical.NodeTestTask.executeRecursively(NodeTestTask.java:138)
	at org.junit.platform.engine.support.hierarchical.NodeTestTask.execute(NodeTestTask.java:95)
	at org.junit.platform.engine.support.hierarchical.SameThreadHierarchicalTestExecutorService.submit(SameThreadHierarchicalTestExecutorService.java:35)
	at org.junit.platform.engine.support.hierarchical.HierarchicalTestExecutor.execute(HierarchicalTestExecutor.java:57)
	at org.junit.platform.engine.support.hierarchical.HierarchicalTestEngine.execute(HierarchicalTestEngine.java:54)
	at org.junit.platform.launcher.core.EngineExecutionOrchestrator.execute(EngineExecutionOrchestrator.java:147)
	at org.junit.platform.launcher.core.EngineExecutionOrchestrator.execute(EngineExecutionOrchestrator.java:127)
	at org.junit.platform.launcher.core.EngineExecutionOrchestrator.execute(EngineExecutionOrchestrator.java:90)
	at org.junit.platform.launcher.core.EngineExecutionOrchestrator.lambda$execute$0(EngineExecutionOrchestrator.java:55)
	at org.junit.platform.launcher.core.EngineExecutionOrchestrator.withInterceptedStreams(EngineExecutionOrchestrator.java:102)
	at org.junit.platform.launcher.core.EngineExecutionOrchestrator.execute(EngineExecutionOrchestrator.java:54)
	at org.junit.platform.launcher.core.DefaultLauncher.execute(DefaultLauncher.java:114)
	at org.junit.platform.launcher.core.DefaultLauncher.execute(DefaultLauncher.java:86)
	at org.junit.platform.launcher.core.DefaultLauncherSession$DelegatingLauncher.execute(DefaultLauncherSession.java:86)
	at org.apache.maven.surefire.junitplatform.LazyLauncher.execute(LazyLauncher.java:50)
	at org.apache.maven.surefire.junitplatform.JUnitPlatformProvider.execute(JUnitPlatformProvider.java:184)
	at org.apache.maven.surefire.junitplatform.JUnitPlatformProvider.invokeAllTests(JUnitPlatformProvider.java:148)
	at org.apache.maven.surefire.junitplatform.JUnitPlatformProvider.invoke(JUnitPlatformProvider.java:122)
	at org.apache.maven.surefire.booter.ForkedBooter.runSuitesInProcess(ForkedBooter.java:385)
	at org.apache.maven.surefire.booter.ForkedBooter.execute(ForkedBooter.java:162)
	at org.apache.maven.surefire.booter.ForkedBooter.run(ForkedBooter.java:507)
	at org.apache.maven.surefire.booter.ForkedBooter.main(ForkedBooter.java:495)
2023-11-24 12:36:33,797 DEBUG o.h.o.s.a.tree [SqlTreePrinter.java:46] SQL AST Tree:
    SelectStatement {
      FromClause {
        StandardTableGroup (p1 : franco.maurizio.hr.desk.com.persistence.entity.PositionUserOwner) {
          primaryTableReference : positionuserowner as p1_0
        }
      }
    }

2023-11-24 12:36:33,798 DEBUG o.h.p.e.AbstractEntityPersister [AbstractEntityPersister.java:2904] Static SQL for entity: franco.maurizio.hr.desk.com.persistence.entity.Question
2023-11-24 12:36:33,799 DEBUG o.h.p.e.AbstractEntityPersister [AbstractEntityPersister.java:2909]  Version select: select id from questions where id=?
2023-11-24 12:36:33,799 DEBUG o.h.p.e.AbstractEntityPersister [DelegatingBasicLogger.java:393]  Insert (0): insert into questions (ansa,ansb,ansc,ansd,anse,ansf,ansg,ansh,cansa,cansb,cansc,cansd,canse,cansf,cansg,cansh,description,full_answer,label) values (?,?,?,?,?,?,?,?,?,?,?,?,?,?,?,?,?,?,?)
2023-11-24 12:36:33,799 DEBUG o.h.p.e.AbstractEntityPersister [DelegatingBasicLogger.java:393]  Update (0): update questions set ansa=?,ansb=?,ansc=?,ansd=?,anse=?,ansf=?,ansg=?,ansh=?,cansa=?,cansb=?,cansc=?,cansd=?,canse=?,cansf=?,cansg=?,cansh=?,description=?,full_answer=?,label=? where id=?
2023-11-24 12:36:33,799 DEBUG o.h.p.e.AbstractEntityPersister [DelegatingBasicLogger.java:393]  Delete (0): delete from questions where id=?
2023-11-24 12:36:33,799 DEBUG o.h.o.s.a.create [SqlAliasBaseImpl.java:33] Created new SQL alias : q1_0
2023-11-24 12:36:33,799 DEBUG o.h.o.s.a.create [SimpleFromClauseAccessImpl.java:98] Registration of TableGroup [StandardTableGroup(franco.maurizio.hr.desk.com.persistence.entity.Question)] with identifierForTableGroup [franco.maurizio.hr.desk.com.persistence.entity.Question] for NavigablePath [franco.maurizio.hr.desk.com.persistence.entity.Question] 
2023-11-24 12:36:33,800 TRACE o.h.l.a.i.LoaderSelectBuilder [LoaderSelectBuilder.java:779] Starting visitation of FetchParent's Fetchables : franco.maurizio.hr.desk.com.persistence.entity.Question
2023-11-24 12:36:33,801 DEBUG o.h.o.r.g.AST [DomainResultGraphPrinter.java:67] DomainResult Graph:
 \-EntityResultImpl [franco.maurizio.hr.desk.com.persistence.entity.Question]
 |  +-BasicFetch [franco.maurizio.hr.desk.com.persistence.entity.Question.ansa]
 |  +-BasicFetch [franco.maurizio.hr.desk.com.persistence.entity.Question.ansb]
 |  +-BasicFetch [franco.maurizio.hr.desk.com.persistence.entity.Question.ansc]
 |  +-BasicFetch [franco.maurizio.hr.desk.com.persistence.entity.Question.ansd]
 |  +-BasicFetch [franco.maurizio.hr.desk.com.persistence.entity.Question.anse]
 |  +-BasicFetch [franco.maurizio.hr.desk.com.persistence.entity.Question.ansf]
 |  +-BasicFetch [franco.maurizio.hr.desk.com.persistence.entity.Question.ansg]
 |  +-BasicFetch [franco.maurizio.hr.desk.com.persistence.entity.Question.ansh]
 |  +-BasicFetch [franco.maurizio.hr.desk.com.persistence.entity.Question.cansa]
 |  +-BasicFetch [franco.maurizio.hr.desk.com.persistence.entity.Question.cansb]
 |  +-BasicFetch [franco.maurizio.hr.desk.com.persistence.entity.Question.cansc]
 |  +-BasicFetch [franco.maurizio.hr.desk.com.persistence.entity.Question.cansd]
 |  +-BasicFetch [franco.maurizio.hr.desk.com.persistence.entity.Question.canse]
 |  +-BasicFetch [franco.maurizio.hr.desk.com.persistence.entity.Question.cansf]
 |  +-BasicFetch [franco.maurizio.hr.desk.com.persistence.entity.Question.cansg]
 |  +-BasicFetch [franco.maurizio.hr.desk.com.persistence.entity.Question.cansh]
 |  +-BasicFetch [franco.maurizio.hr.desk.com.persistence.entity.Question.description]
 |  +-BasicFetch [franco.maurizio.hr.desk.com.persistence.entity.Question.fullAnswer]
 |  \-BasicFetch [franco.maurizio.hr.desk.com.persistence.entity.Question.label]

2023-11-24 12:36:33,801 TRACE o.h.o.r.g.AST [DomainResultGraphPrinter.java:70] Stack trace calling DomainResultGraphPrinter
java.lang.Exception: null
	at org.hibernate.sql.results.graph.DomainResultGraphPrinter.visitDomainResults(DomainResultGraphPrinter.java:70)
	at org.hibernate.sql.results.graph.DomainResultGraphPrinter.logDomainResultGraph(DomainResultGraphPrinter.java:46)
	at org.hibernate.sql.results.graph.DomainResultGraphPrinter.logDomainResultGraph(DomainResultGraphPrinter.java:37)
	at org.hibernate.sql.ast.spi.AbstractSqlAstTranslator.translateSelect(AbstractSqlAstTranslator.java:848)
	at org.hibernate.sql.ast.spi.AbstractSqlAstTranslator.translate(AbstractSqlAstTranslator.java:801)
	at org.hibernate.loader.ast.internal.SingleIdLoadPlan.<init>(SingleIdLoadPlan.java:67)
	at org.hibernate.loader.ast.internal.SingleIdEntityLoaderStandardImpl.createLoadPlan(SingleIdEntityLoaderStandardImpl.java:197)
	at org.hibernate.loader.ast.internal.SingleIdEntityLoaderStandardImpl.prepare(SingleIdEntityLoaderStandardImpl.java:55)
	at org.hibernate.persister.entity.AbstractEntityPersister.prepareLoader(AbstractEntityPersister.java:3486)
	at org.hibernate.persister.entity.AbstractEntityPersister.postInstantiate(AbstractEntityPersister.java:3480)
	at org.hibernate.metamodel.model.domain.internal.MappingMetamodelImpl.finishInitialization(MappingMetamodelImpl.java:204)
	at org.hibernate.internal.SessionFactoryImpl.initializeMappingModel(SessionFactoryImpl.java:321)
	at org.hibernate.internal.SessionFactoryImpl.<init>(SessionFactoryImpl.java:271)
	at org.hibernate.boot.internal.SessionFactoryBuilderImpl.build(SessionFactoryBuilderImpl.java:444)
	at org.hibernate.jpa.boot.internal.EntityManagerFactoryBuilderImpl.build(EntityManagerFactoryBuilderImpl.java:1458)
	at org.springframework.orm.jpa.vendor.SpringHibernateJpaPersistenceProvider.createContainerEntityManagerFactory(SpringHibernateJpaPersistenceProvider.java:75)
	at org.springframework.orm.jpa.LocalContainerEntityManagerFactoryBean.createNativeEntityManagerFactory(LocalContainerEntityManagerFactoryBean.java:376)
	at org.springframework.orm.jpa.AbstractEntityManagerFactoryBean.buildNativeEntityManagerFactory(AbstractEntityManagerFactoryBean.java:409)
	at org.springframework.orm.jpa.AbstractEntityManagerFactoryBean.afterPropertiesSet(AbstractEntityManagerFactoryBean.java:396)
	at org.springframework.orm.jpa.LocalContainerEntityManagerFactoryBean.afterPropertiesSet(LocalContainerEntityManagerFactoryBean.java:352)
	at org.springframework.beans.factory.support.AbstractAutowireCapableBeanFactory.invokeInitMethods(AbstractAutowireCapableBeanFactory.java:1817)
	at org.springframework.beans.factory.support.AbstractAutowireCapableBeanFactory.initializeBean(AbstractAutowireCapableBeanFactory.java:1766)
	at org.springframework.beans.factory.support.AbstractAutowireCapableBeanFactory.doCreateBean(AbstractAutowireCapableBeanFactory.java:598)
	at org.springframework.beans.factory.support.AbstractAutowireCapableBeanFactory.createBean(AbstractAutowireCapableBeanFactory.java:520)
	at org.springframework.beans.factory.support.AbstractBeanFactory.lambda$doGetBean$0(AbstractBeanFactory.java:325)
	at org.springframework.beans.factory.support.DefaultSingletonBeanRegistry.getSingleton(DefaultSingletonBeanRegistry.java:234)
	at org.springframework.beans.factory.support.AbstractBeanFactory.doGetBean(AbstractBeanFactory.java:323)
	at org.springframework.beans.factory.support.AbstractBeanFactory.getBean(AbstractBeanFactory.java:199)
	at org.springframework.context.support.AbstractApplicationContext.getBean(AbstractApplicationContext.java:1166)
	at org.springframework.context.support.AbstractApplicationContext.finishBeanFactoryInitialization(AbstractApplicationContext.java:940)
	at org.springframework.context.support.AbstractApplicationContext.refresh(AbstractApplicationContext.java:616)
	at org.springframework.boot.web.servlet.context.ServletWebServerApplicationContext.refresh(ServletWebServerApplicationContext.java:146)
	at org.springframework.boot.SpringApplication.refresh(SpringApplication.java:738)
	at org.springframework.boot.SpringApplication.refreshContext(SpringApplication.java:440)
	at org.springframework.boot.SpringApplication.run(SpringApplication.java:316)
	at org.springframework.boot.test.context.SpringBootContextLoader.lambda$loadContext$3(SpringBootContextLoader.java:137)
	at org.springframework.util.function.ThrowingSupplier.get(ThrowingSupplier.java:58)
	at org.springframework.util.function.ThrowingSupplier.get(ThrowingSupplier.java:46)
	at org.springframework.boot.SpringApplication.withHook(SpringApplication.java:1406)
	at org.springframework.boot.test.context.SpringBootContextLoader$ContextLoaderHook.run(SpringBootContextLoader.java:545)
	at org.springframework.boot.test.context.SpringBootContextLoader.loadContext(SpringBootContextLoader.java:137)
	at org.springframework.boot.test.context.SpringBootContextLoader.loadContext(SpringBootContextLoader.java:108)
	at org.springframework.test.context.cache.DefaultCacheAwareContextLoaderDelegate.loadContextInternal(DefaultCacheAwareContextLoaderDelegate.java:187)
	at org.springframework.test.context.cache.DefaultCacheAwareContextLoaderDelegate.loadContext(DefaultCacheAwareContextLoaderDelegate.java:119)
	at org.springframework.test.context.support.DefaultTestContext.getApplicationContext(DefaultTestContext.java:127)
	at org.springframework.test.context.support.DependencyInjectionTestExecutionListener.injectDependencies(DependencyInjectionTestExecutionListener.java:141)
	at org.springframework.test.context.support.DependencyInjectionTestExecutionListener.prepareTestInstance(DependencyInjectionTestExecutionListener.java:97)
	at org.springframework.test.context.TestContextManager.prepareTestInstance(TestContextManager.java:241)
	at org.springframework.test.context.junit.jupiter.SpringExtension.postProcessTestInstance(SpringExtension.java:138)
	at org.junit.jupiter.engine.descriptor.ClassBasedTestDescriptor.lambda$invokeTestInstancePostProcessors$10(ClassBasedTestDescriptor.java:377)
	at org.junit.jupiter.engine.descriptor.ClassBasedTestDescriptor.executeAndMaskThrowable(ClassBasedTestDescriptor.java:382)
	at org.junit.jupiter.engine.descriptor.ClassBasedTestDescriptor.lambda$invokeTestInstancePostProcessors$11(ClassBasedTestDescriptor.java:377)
	at java.base/java.util.stream.ReferencePipeline$3$1.accept(ReferencePipeline.java:197)
	at java.base/java.util.stream.ReferencePipeline$2$1.accept(ReferencePipeline.java:179)
	at java.base/java.util.ArrayList$ArrayListSpliterator.forEachRemaining(ArrayList.java:1625)
	at java.base/java.util.stream.AbstractPipeline.copyInto(AbstractPipeline.java:509)
	at java.base/java.util.stream.AbstractPipeline.wrapAndCopyInto(AbstractPipeline.java:499)
	at java.base/java.util.stream.StreamSpliterators$WrappingSpliterator.forEachRemaining(StreamSpliterators.java:310)
	at java.base/java.util.stream.Streams$ConcatSpliterator.forEachRemaining(Streams.java:735)
	at java.base/java.util.stream.Streams$ConcatSpliterator.forEachRemaining(Streams.java:734)
	at java.base/java.util.stream.ReferencePipeline$Head.forEach(ReferencePipeline.java:762)
	at org.junit.jupiter.engine.descriptor.ClassBasedTestDescriptor.invokeTestInstancePostProcessors(ClassBasedTestDescriptor.java:376)
	at org.junit.jupiter.engine.descriptor.ClassBasedTestDescriptor.lambda$instantiateAndPostProcessTestInstance$6(ClassBasedTestDescriptor.java:289)
	at org.junit.platform.engine.support.hierarchical.ThrowableCollector.execute(ThrowableCollector.java:73)
	at org.junit.jupiter.engine.descriptor.ClassBasedTestDescriptor.instantiateAndPostProcessTestInstance(ClassBasedTestDescriptor.java:288)
	at org.junit.jupiter.engine.descriptor.ClassBasedTestDescriptor.lambda$testInstancesProvider$4(ClassBasedTestDescriptor.java:278)
	at java.base/java.util.Optional.orElseGet(Optional.java:364)
	at org.junit.jupiter.engine.descriptor.ClassBasedTestDescriptor.lambda$testInstancesProvider$5(ClassBasedTestDescriptor.java:277)
	at org.junit.jupiter.engine.execution.TestInstancesProvider.getTestInstances(TestInstancesProvider.java:31)
	at org.junit.jupiter.engine.descriptor.TestMethodTestDescriptor.lambda$prepare$0(TestMethodTestDescriptor.java:105)
	at org.junit.platform.engine.support.hierarchical.ThrowableCollector.execute(ThrowableCollector.java:73)
	at org.junit.jupiter.engine.descriptor.TestMethodTestDescriptor.prepare(TestMethodTestDescriptor.java:104)
	at org.junit.jupiter.engine.descriptor.TestMethodTestDescriptor.prepare(TestMethodTestDescriptor.java:68)
	at org.junit.platform.engine.support.hierarchical.NodeTestTask.lambda$prepare$2(NodeTestTask.java:123)
	at org.junit.platform.engine.support.hierarchical.ThrowableCollector.execute(ThrowableCollector.java:73)
	at org.junit.platform.engine.support.hierarchical.NodeTestTask.prepare(NodeTestTask.java:123)
	at org.junit.platform.engine.support.hierarchical.NodeTestTask.execute(NodeTestTask.java:90)
	at java.base/java.util.ArrayList.forEach(ArrayList.java:1511)
	at org.junit.platform.engine.support.hierarchical.SameThreadHierarchicalTestExecutorService.invokeAll(SameThreadHierarchicalTestExecutorService.java:41)
	at org.junit.platform.engine.support.hierarchical.NodeTestTask.lambda$executeRecursively$6(NodeTestTask.java:155)
	at org.junit.platform.engine.support.hierarchical.ThrowableCollector.execute(ThrowableCollector.java:73)
	at org.junit.platform.engine.support.hierarchical.NodeTestTask.lambda$executeRecursively$8(NodeTestTask.java:141)
	at org.junit.platform.engine.support.hierarchical.Node.around(Node.java:137)
	at org.junit.platform.engine.support.hierarchical.NodeTestTask.lambda$executeRecursively$9(NodeTestTask.java:139)
	at org.junit.platform.engine.support.hierarchical.ThrowableCollector.execute(ThrowableCollector.java:73)
	at org.junit.platform.engine.support.hierarchical.NodeTestTask.executeRecursively(NodeTestTask.java:138)
	at org.junit.platform.engine.support.hierarchical.NodeTestTask.execute(NodeTestTask.java:95)
	at java.base/java.util.ArrayList.forEach(ArrayList.java:1511)
	at org.junit.platform.engine.support.hierarchical.SameThreadHierarchicalTestExecutorService.invokeAll(SameThreadHierarchicalTestExecutorService.java:41)
	at org.junit.platform.engine.support.hierarchical.NodeTestTask.lambda$executeRecursively$6(NodeTestTask.java:155)
	at org.junit.platform.engine.support.hierarchical.ThrowableCollector.execute(ThrowableCollector.java:73)
	at org.junit.platform.engine.support.hierarchical.NodeTestTask.lambda$executeRecursively$8(NodeTestTask.java:141)
	at org.junit.platform.engine.support.hierarchical.Node.around(Node.java:137)
	at org.junit.platform.engine.support.hierarchical.NodeTestTask.lambda$executeRecursively$9(NodeTestTask.java:139)
	at org.junit.platform.engine.support.hierarchical.ThrowableCollector.execute(ThrowableCollector.java:73)
	at org.junit.platform.engine.support.hierarchical.NodeTestTask.executeRecursively(NodeTestTask.java:138)
	at org.junit.platform.engine.support.hierarchical.NodeTestTask.execute(NodeTestTask.java:95)
	at org.junit.platform.engine.support.hierarchical.SameThreadHierarchicalTestExecutorService.submit(SameThreadHierarchicalTestExecutorService.java:35)
	at org.junit.platform.engine.support.hierarchical.HierarchicalTestExecutor.execute(HierarchicalTestExecutor.java:57)
	at org.junit.platform.engine.support.hierarchical.HierarchicalTestEngine.execute(HierarchicalTestEngine.java:54)
	at org.junit.platform.launcher.core.EngineExecutionOrchestrator.execute(EngineExecutionOrchestrator.java:147)
	at org.junit.platform.launcher.core.EngineExecutionOrchestrator.execute(EngineExecutionOrchestrator.java:127)
	at org.junit.platform.launcher.core.EngineExecutionOrchestrator.execute(EngineExecutionOrchestrator.java:90)
	at org.junit.platform.launcher.core.EngineExecutionOrchestrator.lambda$execute$0(EngineExecutionOrchestrator.java:55)
	at org.junit.platform.launcher.core.EngineExecutionOrchestrator.withInterceptedStreams(EngineExecutionOrchestrator.java:102)
	at org.junit.platform.launcher.core.EngineExecutionOrchestrator.execute(EngineExecutionOrchestrator.java:54)
	at org.junit.platform.launcher.core.DefaultLauncher.execute(DefaultLauncher.java:114)
	at org.junit.platform.launcher.core.DefaultLauncher.execute(DefaultLauncher.java:86)
	at org.junit.platform.launcher.core.DefaultLauncherSession$DelegatingLauncher.execute(DefaultLauncherSession.java:86)
	at org.apache.maven.surefire.junitplatform.LazyLauncher.execute(LazyLauncher.java:50)
	at org.apache.maven.surefire.junitplatform.JUnitPlatformProvider.execute(JUnitPlatformProvider.java:184)
	at org.apache.maven.surefire.junitplatform.JUnitPlatformProvider.invokeAllTests(JUnitPlatformProvider.java:148)
	at org.apache.maven.surefire.junitplatform.JUnitPlatformProvider.invoke(JUnitPlatformProvider.java:122)
	at org.apache.maven.surefire.booter.ForkedBooter.runSuitesInProcess(ForkedBooter.java:385)
	at org.apache.maven.surefire.booter.ForkedBooter.execute(ForkedBooter.java:162)
	at org.apache.maven.surefire.booter.ForkedBooter.run(ForkedBooter.java:507)
	at org.apache.maven.surefire.booter.ForkedBooter.main(ForkedBooter.java:495)
2023-11-24 12:36:33,802 DEBUG o.h.o.s.a.tree [SqlTreePrinter.java:46] SQL AST Tree:
    SelectStatement {
      FromClause {
        StandardTableGroup (q1 : franco.maurizio.hr.desk.com.persistence.entity.Question) {
          primaryTableReference : questions as q1_0
        }
      }
    }

2023-11-24 12:36:33,803 DEBUG o.h.p.e.AbstractEntityPersister [AbstractEntityPersister.java:2904] Static SQL for entity: franco.maurizio.hr.desk.com.persistence.entity.Candidate
2023-11-24 12:36:33,804 DEBUG o.h.p.e.AbstractEntityPersister [AbstractEntityPersister.java:2909]  Version select: select id from candidates where id=?
2023-11-24 12:36:33,804 DEBUG o.h.p.e.AbstractEntityPersister [DelegatingBasicLogger.java:393]  Insert (0): insert into candidates (candidacy_date_time,candidate_state_code,course_code,cv_external_path,dateofbirth,domicile_city,email,firstname,graduate,high_graduate,hr_note,imgpath,inserted_by,label,lastname,mobile,regdate,still_high_study,study_qualification,technical_note) values (?,?,?,?,?,?,?,?,?,?,?,?,?,?,?,?,?,?,?,?)
2023-11-24 12:36:33,804 DEBUG o.h.p.e.AbstractEntityPersister [DelegatingBasicLogger.java:393]  Update (0): update candidates set candidacy_date_time=?,candidate_state_code=?,course_code=?,cv_external_path=?,dateofbirth=?,domicile_city=?,email=?,firstname=?,graduate=?,high_graduate=?,hr_note=?,imgpath=?,inserted_by=?,label=?,lastname=?,mobile=?,regdate=?,still_high_study=?,study_qualification=?,technical_note=? where id=?
2023-11-24 12:36:33,804 DEBUG o.h.p.e.AbstractEntityPersister [DelegatingBasicLogger.java:393]  Delete (0): delete from candidates where id=?
2023-11-24 12:36:33,804 DEBUG o.h.o.s.a.create [SqlAliasBaseImpl.java:33] Created new SQL alias : c1_0
2023-11-24 12:36:33,804 DEBUG o.h.o.s.a.create [SimpleFromClauseAccessImpl.java:98] Registration of TableGroup [StandardTableGroup(franco.maurizio.hr.desk.com.persistence.entity.Candidate)] with identifierForTableGroup [franco.maurizio.hr.desk.com.persistence.entity.Candidate] for NavigablePath [franco.maurizio.hr.desk.com.persistence.entity.Candidate] 
2023-11-24 12:36:33,805 TRACE o.h.l.a.i.LoaderSelectBuilder [LoaderSelectBuilder.java:779] Starting visitation of FetchParent's Fetchables : franco.maurizio.hr.desk.com.persistence.entity.Candidate
2023-11-24 12:36:33,806 DEBUG o.h.o.r.g.AST [DomainResultGraphPrinter.java:67] DomainResult Graph:
 \-EntityResultImpl [franco.maurizio.hr.desk.com.persistence.entity.Candidate]
 |  +-BasicFetch [franco.maurizio.hr.desk.com.persistence.entity.Candidate.candidacyDateTime]
 |  +-BasicFetch [franco.maurizio.hr.desk.com.persistence.entity.Candidate.candidateStateCode]
 |  +-BasicFetch [franco.maurizio.hr.desk.com.persistence.entity.Candidate.courseCode]
 |  +-BasicFetch [franco.maurizio.hr.desk.com.persistence.entity.Candidate.cvExternalPath]
 |  +-BasicFetch [franco.maurizio.hr.desk.com.persistence.entity.Candidate.dateOfBirth]
 |  +-BasicFetch [franco.maurizio.hr.desk.com.persistence.entity.Candidate.domicileCity]
 |  +-BasicFetch [franco.maurizio.hr.desk.com.persistence.entity.Candidate.email]
 |  +-BasicFetch [franco.maurizio.hr.desk.com.persistence.entity.Candidate.firstname]
 |  +-BasicFetch [franco.maurizio.hr.desk.com.persistence.entity.Candidate.graduate]
 |  +-BasicFetch [franco.maurizio.hr.desk.com.persistence.entity.Candidate.highGraduate]
 |  +-BasicFetch [franco.maurizio.hr.desk.com.persistence.entity.Candidate.hrNote]
 |  +-BasicFetch [franco.maurizio.hr.desk.com.persistence.entity.Candidate.imgpath]
 |  +-BasicFetch [franco.maurizio.hr.desk.com.persistence.entity.Candidate.insertedBy]
 |  +-BasicFetch [franco.maurizio.hr.desk.com.persistence.entity.Candidate.label]
 |  +-BasicFetch [franco.maurizio.hr.desk.com.persistence.entity.Candidate.lastname]
 |  +-BasicFetch [franco.maurizio.hr.desk.com.persistence.entity.Candidate.mobile]
 |  +-BasicFetch [franco.maurizio.hr.desk.com.persistence.entity.Candidate.regdate]
 |  +-BasicFetch [franco.maurizio.hr.desk.com.persistence.entity.Candidate.stillHighStudy]
 |  +-BasicFetch [franco.maurizio.hr.desk.com.persistence.entity.Candidate.studyQualification]
 |  \-BasicFetch [franco.maurizio.hr.desk.com.persistence.entity.Candidate.technicalNote]

2023-11-24 12:36:33,806 TRACE o.h.o.r.g.AST [DomainResultGraphPrinter.java:70] Stack trace calling DomainResultGraphPrinter
java.lang.Exception: null
	at org.hibernate.sql.results.graph.DomainResultGraphPrinter.visitDomainResults(DomainResultGraphPrinter.java:70)
	at org.hibernate.sql.results.graph.DomainResultGraphPrinter.logDomainResultGraph(DomainResultGraphPrinter.java:46)
	at org.hibernate.sql.results.graph.DomainResultGraphPrinter.logDomainResultGraph(DomainResultGraphPrinter.java:37)
	at org.hibernate.sql.ast.spi.AbstractSqlAstTranslator.translateSelect(AbstractSqlAstTranslator.java:848)
	at org.hibernate.sql.ast.spi.AbstractSqlAstTranslator.translate(AbstractSqlAstTranslator.java:801)
	at org.hibernate.loader.ast.internal.SingleIdLoadPlan.<init>(SingleIdLoadPlan.java:67)
	at org.hibernate.loader.ast.internal.SingleIdEntityLoaderStandardImpl.createLoadPlan(SingleIdEntityLoaderStandardImpl.java:197)
	at org.hibernate.loader.ast.internal.SingleIdEntityLoaderStandardImpl.prepare(SingleIdEntityLoaderStandardImpl.java:55)
	at org.hibernate.persister.entity.AbstractEntityPersister.prepareLoader(AbstractEntityPersister.java:3486)
	at org.hibernate.persister.entity.AbstractEntityPersister.postInstantiate(AbstractEntityPersister.java:3480)
	at org.hibernate.metamodel.model.domain.internal.MappingMetamodelImpl.finishInitialization(MappingMetamodelImpl.java:204)
	at org.hibernate.internal.SessionFactoryImpl.initializeMappingModel(SessionFactoryImpl.java:321)
	at org.hibernate.internal.SessionFactoryImpl.<init>(SessionFactoryImpl.java:271)
	at org.hibernate.boot.internal.SessionFactoryBuilderImpl.build(SessionFactoryBuilderImpl.java:444)
	at org.hibernate.jpa.boot.internal.EntityManagerFactoryBuilderImpl.build(EntityManagerFactoryBuilderImpl.java:1458)
	at org.springframework.orm.jpa.vendor.SpringHibernateJpaPersistenceProvider.createContainerEntityManagerFactory(SpringHibernateJpaPersistenceProvider.java:75)
	at org.springframework.orm.jpa.LocalContainerEntityManagerFactoryBean.createNativeEntityManagerFactory(LocalContainerEntityManagerFactoryBean.java:376)
	at org.springframework.orm.jpa.AbstractEntityManagerFactoryBean.buildNativeEntityManagerFactory(AbstractEntityManagerFactoryBean.java:409)
	at org.springframework.orm.jpa.AbstractEntityManagerFactoryBean.afterPropertiesSet(AbstractEntityManagerFactoryBean.java:396)
	at org.springframework.orm.jpa.LocalContainerEntityManagerFactoryBean.afterPropertiesSet(LocalContainerEntityManagerFactoryBean.java:352)
	at org.springframework.beans.factory.support.AbstractAutowireCapableBeanFactory.invokeInitMethods(AbstractAutowireCapableBeanFactory.java:1817)
	at org.springframework.beans.factory.support.AbstractAutowireCapableBeanFactory.initializeBean(AbstractAutowireCapableBeanFactory.java:1766)
	at org.springframework.beans.factory.support.AbstractAutowireCapableBeanFactory.doCreateBean(AbstractAutowireCapableBeanFactory.java:598)
	at org.springframework.beans.factory.support.AbstractAutowireCapableBeanFactory.createBean(AbstractAutowireCapableBeanFactory.java:520)
	at org.springframework.beans.factory.support.AbstractBeanFactory.lambda$doGetBean$0(AbstractBeanFactory.java:325)
	at org.springframework.beans.factory.support.DefaultSingletonBeanRegistry.getSingleton(DefaultSingletonBeanRegistry.java:234)
	at org.springframework.beans.factory.support.AbstractBeanFactory.doGetBean(AbstractBeanFactory.java:323)
	at org.springframework.beans.factory.support.AbstractBeanFactory.getBean(AbstractBeanFactory.java:199)
	at org.springframework.context.support.AbstractApplicationContext.getBean(AbstractApplicationContext.java:1166)
	at org.springframework.context.support.AbstractApplicationContext.finishBeanFactoryInitialization(AbstractApplicationContext.java:940)
	at org.springframework.context.support.AbstractApplicationContext.refresh(AbstractApplicationContext.java:616)
	at org.springframework.boot.web.servlet.context.ServletWebServerApplicationContext.refresh(ServletWebServerApplicationContext.java:146)
	at org.springframework.boot.SpringApplication.refresh(SpringApplication.java:738)
	at org.springframework.boot.SpringApplication.refreshContext(SpringApplication.java:440)
	at org.springframework.boot.SpringApplication.run(SpringApplication.java:316)
	at org.springframework.boot.test.context.SpringBootContextLoader.lambda$loadContext$3(SpringBootContextLoader.java:137)
	at org.springframework.util.function.ThrowingSupplier.get(ThrowingSupplier.java:58)
	at org.springframework.util.function.ThrowingSupplier.get(ThrowingSupplier.java:46)
	at org.springframework.boot.SpringApplication.withHook(SpringApplication.java:1406)
	at org.springframework.boot.test.context.SpringBootContextLoader$ContextLoaderHook.run(SpringBootContextLoader.java:545)
	at org.springframework.boot.test.context.SpringBootContextLoader.loadContext(SpringBootContextLoader.java:137)
	at org.springframework.boot.test.context.SpringBootContextLoader.loadContext(SpringBootContextLoader.java:108)
	at org.springframework.test.context.cache.DefaultCacheAwareContextLoaderDelegate.loadContextInternal(DefaultCacheAwareContextLoaderDelegate.java:187)
	at org.springframework.test.context.cache.DefaultCacheAwareContextLoaderDelegate.loadContext(DefaultCacheAwareContextLoaderDelegate.java:119)
	at org.springframework.test.context.support.DefaultTestContext.getApplicationContext(DefaultTestContext.java:127)
	at org.springframework.test.context.support.DependencyInjectionTestExecutionListener.injectDependencies(DependencyInjectionTestExecutionListener.java:141)
	at org.springframework.test.context.support.DependencyInjectionTestExecutionListener.prepareTestInstance(DependencyInjectionTestExecutionListener.java:97)
	at org.springframework.test.context.TestContextManager.prepareTestInstance(TestContextManager.java:241)
	at org.springframework.test.context.junit.jupiter.SpringExtension.postProcessTestInstance(SpringExtension.java:138)
	at org.junit.jupiter.engine.descriptor.ClassBasedTestDescriptor.lambda$invokeTestInstancePostProcessors$10(ClassBasedTestDescriptor.java:377)
	at org.junit.jupiter.engine.descriptor.ClassBasedTestDescriptor.executeAndMaskThrowable(ClassBasedTestDescriptor.java:382)
	at org.junit.jupiter.engine.descriptor.ClassBasedTestDescriptor.lambda$invokeTestInstancePostProcessors$11(ClassBasedTestDescriptor.java:377)
	at java.base/java.util.stream.ReferencePipeline$3$1.accept(ReferencePipeline.java:197)
	at java.base/java.util.stream.ReferencePipeline$2$1.accept(ReferencePipeline.java:179)
	at java.base/java.util.ArrayList$ArrayListSpliterator.forEachRemaining(ArrayList.java:1625)
	at java.base/java.util.stream.AbstractPipeline.copyInto(AbstractPipeline.java:509)
	at java.base/java.util.stream.AbstractPipeline.wrapAndCopyInto(AbstractPipeline.java:499)
	at java.base/java.util.stream.StreamSpliterators$WrappingSpliterator.forEachRemaining(StreamSpliterators.java:310)
	at java.base/java.util.stream.Streams$ConcatSpliterator.forEachRemaining(Streams.java:735)
	at java.base/java.util.stream.Streams$ConcatSpliterator.forEachRemaining(Streams.java:734)
	at java.base/java.util.stream.ReferencePipeline$Head.forEach(ReferencePipeline.java:762)
	at org.junit.jupiter.engine.descriptor.ClassBasedTestDescriptor.invokeTestInstancePostProcessors(ClassBasedTestDescriptor.java:376)
	at org.junit.jupiter.engine.descriptor.ClassBasedTestDescriptor.lambda$instantiateAndPostProcessTestInstance$6(ClassBasedTestDescriptor.java:289)
	at org.junit.platform.engine.support.hierarchical.ThrowableCollector.execute(ThrowableCollector.java:73)
	at org.junit.jupiter.engine.descriptor.ClassBasedTestDescriptor.instantiateAndPostProcessTestInstance(ClassBasedTestDescriptor.java:288)
	at org.junit.jupiter.engine.descriptor.ClassBasedTestDescriptor.lambda$testInstancesProvider$4(ClassBasedTestDescriptor.java:278)
	at java.base/java.util.Optional.orElseGet(Optional.java:364)
	at org.junit.jupiter.engine.descriptor.ClassBasedTestDescriptor.lambda$testInstancesProvider$5(ClassBasedTestDescriptor.java:277)
	at org.junit.jupiter.engine.execution.TestInstancesProvider.getTestInstances(TestInstancesProvider.java:31)
	at org.junit.jupiter.engine.descriptor.TestMethodTestDescriptor.lambda$prepare$0(TestMethodTestDescriptor.java:105)
	at org.junit.platform.engine.support.hierarchical.ThrowableCollector.execute(ThrowableCollector.java:73)
	at org.junit.jupiter.engine.descriptor.TestMethodTestDescriptor.prepare(TestMethodTestDescriptor.java:104)
	at org.junit.jupiter.engine.descriptor.TestMethodTestDescriptor.prepare(TestMethodTestDescriptor.java:68)
	at org.junit.platform.engine.support.hierarchical.NodeTestTask.lambda$prepare$2(NodeTestTask.java:123)
	at org.junit.platform.engine.support.hierarchical.ThrowableCollector.execute(ThrowableCollector.java:73)
	at org.junit.platform.engine.support.hierarchical.NodeTestTask.prepare(NodeTestTask.java:123)
	at org.junit.platform.engine.support.hierarchical.NodeTestTask.execute(NodeTestTask.java:90)
	at java.base/java.util.ArrayList.forEach(ArrayList.java:1511)
	at org.junit.platform.engine.support.hierarchical.SameThreadHierarchicalTestExecutorService.invokeAll(SameThreadHierarchicalTestExecutorService.java:41)
	at org.junit.platform.engine.support.hierarchical.NodeTestTask.lambda$executeRecursively$6(NodeTestTask.java:155)
	at org.junit.platform.engine.support.hierarchical.ThrowableCollector.execute(ThrowableCollector.java:73)
	at org.junit.platform.engine.support.hierarchical.NodeTestTask.lambda$executeRecursively$8(NodeTestTask.java:141)
	at org.junit.platform.engine.support.hierarchical.Node.around(Node.java:137)
	at org.junit.platform.engine.support.hierarchical.NodeTestTask.lambda$executeRecursively$9(NodeTestTask.java:139)
	at org.junit.platform.engine.support.hierarchical.ThrowableCollector.execute(ThrowableCollector.java:73)
	at org.junit.platform.engine.support.hierarchical.NodeTestTask.executeRecursively(NodeTestTask.java:138)
	at org.junit.platform.engine.support.hierarchical.NodeTestTask.execute(NodeTestTask.java:95)
	at java.base/java.util.ArrayList.forEach(ArrayList.java:1511)
	at org.junit.platform.engine.support.hierarchical.SameThreadHierarchicalTestExecutorService.invokeAll(SameThreadHierarchicalTestExecutorService.java:41)
	at org.junit.platform.engine.support.hierarchical.NodeTestTask.lambda$executeRecursively$6(NodeTestTask.java:155)
	at org.junit.platform.engine.support.hierarchical.ThrowableCollector.execute(ThrowableCollector.java:73)
	at org.junit.platform.engine.support.hierarchical.NodeTestTask.lambda$executeRecursively$8(NodeTestTask.java:141)
	at org.junit.platform.engine.support.hierarchical.Node.around(Node.java:137)
	at org.junit.platform.engine.support.hierarchical.NodeTestTask.lambda$executeRecursively$9(NodeTestTask.java:139)
	at org.junit.platform.engine.support.hierarchical.ThrowableCollector.execute(ThrowableCollector.java:73)
	at org.junit.platform.engine.support.hierarchical.NodeTestTask.executeRecursively(NodeTestTask.java:138)
	at org.junit.platform.engine.support.hierarchical.NodeTestTask.execute(NodeTestTask.java:95)
	at org.junit.platform.engine.support.hierarchical.SameThreadHierarchicalTestExecutorService.submit(SameThreadHierarchicalTestExecutorService.java:35)
	at org.junit.platform.engine.support.hierarchical.HierarchicalTestExecutor.execute(HierarchicalTestExecutor.java:57)
	at org.junit.platform.engine.support.hierarchical.HierarchicalTestEngine.execute(HierarchicalTestEngine.java:54)
	at org.junit.platform.launcher.core.EngineExecutionOrchestrator.execute(EngineExecutionOrchestrator.java:147)
	at org.junit.platform.launcher.core.EngineExecutionOrchestrator.execute(EngineExecutionOrchestrator.java:127)
	at org.junit.platform.launcher.core.EngineExecutionOrchestrator.execute(EngineExecutionOrchestrator.java:90)
	at org.junit.platform.launcher.core.EngineExecutionOrchestrator.lambda$execute$0(EngineExecutionOrchestrator.java:55)
	at org.junit.platform.launcher.core.EngineExecutionOrchestrator.withInterceptedStreams(EngineExecutionOrchestrator.java:102)
	at org.junit.platform.launcher.core.EngineExecutionOrchestrator.execute(EngineExecutionOrchestrator.java:54)
	at org.junit.platform.launcher.core.DefaultLauncher.execute(DefaultLauncher.java:114)
	at org.junit.platform.launcher.core.DefaultLauncher.execute(DefaultLauncher.java:86)
	at org.junit.platform.launcher.core.DefaultLauncherSession$DelegatingLauncher.execute(DefaultLauncherSession.java:86)
	at org.apache.maven.surefire.junitplatform.LazyLauncher.execute(LazyLauncher.java:50)
	at org.apache.maven.surefire.junitplatform.JUnitPlatformProvider.execute(JUnitPlatformProvider.java:184)
	at org.apache.maven.surefire.junitplatform.JUnitPlatformProvider.invokeAllTests(JUnitPlatformProvider.java:148)
	at org.apache.maven.surefire.junitplatform.JUnitPlatformProvider.invoke(JUnitPlatformProvider.java:122)
	at org.apache.maven.surefire.booter.ForkedBooter.runSuitesInProcess(ForkedBooter.java:385)
	at org.apache.maven.surefire.booter.ForkedBooter.execute(ForkedBooter.java:162)
	at org.apache.maven.surefire.booter.ForkedBooter.run(ForkedBooter.java:507)
	at org.apache.maven.surefire.booter.ForkedBooter.main(ForkedBooter.java:495)
2023-11-24 12:36:33,808 DEBUG o.h.o.s.a.tree [SqlTreePrinter.java:46] SQL AST Tree:
    SelectStatement {
      FromClause {
        StandardTableGroup (c1 : franco.maurizio.hr.desk.com.persistence.entity.Candidate) {
          primaryTableReference : candidates as c1_0
        }
      }
    }

2023-11-24 12:36:33,809 DEBUG o.h.p.e.AbstractEntityPersister [AbstractEntityPersister.java:2904] Static SQL for entity: franco.maurizio.hr.desk.com.persistence.entity.SurveyReply
2023-11-24 12:36:33,809 DEBUG o.h.p.e.AbstractEntityPersister [AbstractEntityPersister.java:2909]  Version select: select id from surveyreplies where id=?
2023-11-24 12:36:33,810 DEBUG o.h.p.e.AbstractEntityPersister [DelegatingBasicLogger.java:393]  Insert (0): insert into surveyreplies (answers,candidate_id,endtime,generated_token,pdffilename,points,starttime,survey_id) values (?,?,?,?,?,?,?,?)
2023-11-24 12:36:33,810 DEBUG o.h.p.e.AbstractEntityPersister [DelegatingBasicLogger.java:393]  Update (0): update surveyreplies set answers=?,candidate_id=?,endtime=?,generated_token=?,pdffilename=?,points=?,starttime=?,survey_id=? where id=?
2023-11-24 12:36:33,810 DEBUG o.h.p.e.AbstractEntityPersister [DelegatingBasicLogger.java:393]  Delete (0): delete from surveyreplies where id=?
2023-11-24 12:36:33,810 DEBUG o.h.o.s.a.create [SqlAliasBaseImpl.java:33] Created new SQL alias : s1_0
2023-11-24 12:36:33,811 DEBUG o.h.o.s.a.create [SimpleFromClauseAccessImpl.java:98] Registration of TableGroup [StandardTableGroup(franco.maurizio.hr.desk.com.persistence.entity.SurveyReply)] with identifierForTableGroup [franco.maurizio.hr.desk.com.persistence.entity.SurveyReply] for NavigablePath [franco.maurizio.hr.desk.com.persistence.entity.SurveyReply] 
2023-11-24 12:36:33,811 TRACE o.h.l.a.i.LoaderSelectBuilder [LoaderSelectBuilder.java:779] Starting visitation of FetchParent's Fetchables : franco.maurizio.hr.desk.com.persistence.entity.SurveyReply
2023-11-24 12:36:33,812 DEBUG o.h.o.r.g.AST [DomainResultGraphPrinter.java:67] DomainResult Graph:
 \-EntityResultImpl [franco.maurizio.hr.desk.com.persistence.entity.SurveyReply]
 |  +-BasicFetch [franco.maurizio.hr.desk.com.persistence.entity.SurveyReply.answers]
 |  +-BasicFetch [franco.maurizio.hr.desk.com.persistence.entity.SurveyReply.candidateId]
 |  +-BasicFetch [franco.maurizio.hr.desk.com.persistence.entity.SurveyReply.endtime]
 |  +-BasicFetch [franco.maurizio.hr.desk.com.persistence.entity.SurveyReply.generated_token]
 |  +-BasicFetch [franco.maurizio.hr.desk.com.persistence.entity.SurveyReply.pdffilename]
 |  +-BasicFetch [franco.maurizio.hr.desk.com.persistence.entity.SurveyReply.points]
 |  +-BasicFetch [franco.maurizio.hr.desk.com.persistence.entity.SurveyReply.starttime]
 |  \-BasicFetch [franco.maurizio.hr.desk.com.persistence.entity.SurveyReply.surveyId]

2023-11-24 12:36:33,812 TRACE o.h.o.r.g.AST [DomainResultGraphPrinter.java:70] Stack trace calling DomainResultGraphPrinter
java.lang.Exception: null
	at org.hibernate.sql.results.graph.DomainResultGraphPrinter.visitDomainResults(DomainResultGraphPrinter.java:70)
	at org.hibernate.sql.results.graph.DomainResultGraphPrinter.logDomainResultGraph(DomainResultGraphPrinter.java:46)
	at org.hibernate.sql.results.graph.DomainResultGraphPrinter.logDomainResultGraph(DomainResultGraphPrinter.java:37)
	at org.hibernate.sql.ast.spi.AbstractSqlAstTranslator.translateSelect(AbstractSqlAstTranslator.java:848)
	at org.hibernate.sql.ast.spi.AbstractSqlAstTranslator.translate(AbstractSqlAstTranslator.java:801)
	at org.hibernate.loader.ast.internal.SingleIdLoadPlan.<init>(SingleIdLoadPlan.java:67)
	at org.hibernate.loader.ast.internal.SingleIdEntityLoaderStandardImpl.createLoadPlan(SingleIdEntityLoaderStandardImpl.java:197)
	at org.hibernate.loader.ast.internal.SingleIdEntityLoaderStandardImpl.prepare(SingleIdEntityLoaderStandardImpl.java:55)
	at org.hibernate.persister.entity.AbstractEntityPersister.prepareLoader(AbstractEntityPersister.java:3486)
	at org.hibernate.persister.entity.AbstractEntityPersister.postInstantiate(AbstractEntityPersister.java:3480)
	at org.hibernate.metamodel.model.domain.internal.MappingMetamodelImpl.finishInitialization(MappingMetamodelImpl.java:204)
	at org.hibernate.internal.SessionFactoryImpl.initializeMappingModel(SessionFactoryImpl.java:321)
	at org.hibernate.internal.SessionFactoryImpl.<init>(SessionFactoryImpl.java:271)
	at org.hibernate.boot.internal.SessionFactoryBuilderImpl.build(SessionFactoryBuilderImpl.java:444)
	at org.hibernate.jpa.boot.internal.EntityManagerFactoryBuilderImpl.build(EntityManagerFactoryBuilderImpl.java:1458)
	at org.springframework.orm.jpa.vendor.SpringHibernateJpaPersistenceProvider.createContainerEntityManagerFactory(SpringHibernateJpaPersistenceProvider.java:75)
	at org.springframework.orm.jpa.LocalContainerEntityManagerFactoryBean.createNativeEntityManagerFactory(LocalContainerEntityManagerFactoryBean.java:376)
	at org.springframework.orm.jpa.AbstractEntityManagerFactoryBean.buildNativeEntityManagerFactory(AbstractEntityManagerFactoryBean.java:409)
	at org.springframework.orm.jpa.AbstractEntityManagerFactoryBean.afterPropertiesSet(AbstractEntityManagerFactoryBean.java:396)
	at org.springframework.orm.jpa.LocalContainerEntityManagerFactoryBean.afterPropertiesSet(LocalContainerEntityManagerFactoryBean.java:352)
	at org.springframework.beans.factory.support.AbstractAutowireCapableBeanFactory.invokeInitMethods(AbstractAutowireCapableBeanFactory.java:1817)
	at org.springframework.beans.factory.support.AbstractAutowireCapableBeanFactory.initializeBean(AbstractAutowireCapableBeanFactory.java:1766)
	at org.springframework.beans.factory.support.AbstractAutowireCapableBeanFactory.doCreateBean(AbstractAutowireCapableBeanFactory.java:598)
	at org.springframework.beans.factory.support.AbstractAutowireCapableBeanFactory.createBean(AbstractAutowireCapableBeanFactory.java:520)
	at org.springframework.beans.factory.support.AbstractBeanFactory.lambda$doGetBean$0(AbstractBeanFactory.java:325)
	at org.springframework.beans.factory.support.DefaultSingletonBeanRegistry.getSingleton(DefaultSingletonBeanRegistry.java:234)
	at org.springframework.beans.factory.support.AbstractBeanFactory.doGetBean(AbstractBeanFactory.java:323)
	at org.springframework.beans.factory.support.AbstractBeanFactory.getBean(AbstractBeanFactory.java:199)
	at org.springframework.context.support.AbstractApplicationContext.getBean(AbstractApplicationContext.java:1166)
	at org.springframework.context.support.AbstractApplicationContext.finishBeanFactoryInitialization(AbstractApplicationContext.java:940)
	at org.springframework.context.support.AbstractApplicationContext.refresh(AbstractApplicationContext.java:616)
	at org.springframework.boot.web.servlet.context.ServletWebServerApplicationContext.refresh(ServletWebServerApplicationContext.java:146)
	at org.springframework.boot.SpringApplication.refresh(SpringApplication.java:738)
	at org.springframework.boot.SpringApplication.refreshContext(SpringApplication.java:440)
	at org.springframework.boot.SpringApplication.run(SpringApplication.java:316)
	at org.springframework.boot.test.context.SpringBootContextLoader.lambda$loadContext$3(SpringBootContextLoader.java:137)
	at org.springframework.util.function.ThrowingSupplier.get(ThrowingSupplier.java:58)
	at org.springframework.util.function.ThrowingSupplier.get(ThrowingSupplier.java:46)
	at org.springframework.boot.SpringApplication.withHook(SpringApplication.java:1406)
	at org.springframework.boot.test.context.SpringBootContextLoader$ContextLoaderHook.run(SpringBootContextLoader.java:545)
	at org.springframework.boot.test.context.SpringBootContextLoader.loadContext(SpringBootContextLoader.java:137)
	at org.springframework.boot.test.context.SpringBootContextLoader.loadContext(SpringBootContextLoader.java:108)
	at org.springframework.test.context.cache.DefaultCacheAwareContextLoaderDelegate.loadContextInternal(DefaultCacheAwareContextLoaderDelegate.java:187)
	at org.springframework.test.context.cache.DefaultCacheAwareContextLoaderDelegate.loadContext(DefaultCacheAwareContextLoaderDelegate.java:119)
	at org.springframework.test.context.support.DefaultTestContext.getApplicationContext(DefaultTestContext.java:127)
	at org.springframework.test.context.support.DependencyInjectionTestExecutionListener.injectDependencies(DependencyInjectionTestExecutionListener.java:141)
	at org.springframework.test.context.support.DependencyInjectionTestExecutionListener.prepareTestInstance(DependencyInjectionTestExecutionListener.java:97)
	at org.springframework.test.context.TestContextManager.prepareTestInstance(TestContextManager.java:241)
	at org.springframework.test.context.junit.jupiter.SpringExtension.postProcessTestInstance(SpringExtension.java:138)
	at org.junit.jupiter.engine.descriptor.ClassBasedTestDescriptor.lambda$invokeTestInstancePostProcessors$10(ClassBasedTestDescriptor.java:377)
	at org.junit.jupiter.engine.descriptor.ClassBasedTestDescriptor.executeAndMaskThrowable(ClassBasedTestDescriptor.java:382)
	at org.junit.jupiter.engine.descriptor.ClassBasedTestDescriptor.lambda$invokeTestInstancePostProcessors$11(ClassBasedTestDescriptor.java:377)
	at java.base/java.util.stream.ReferencePipeline$3$1.accept(ReferencePipeline.java:197)
	at java.base/java.util.stream.ReferencePipeline$2$1.accept(ReferencePipeline.java:179)
	at java.base/java.util.ArrayList$ArrayListSpliterator.forEachRemaining(ArrayList.java:1625)
	at java.base/java.util.stream.AbstractPipeline.copyInto(AbstractPipeline.java:509)
	at java.base/java.util.stream.AbstractPipeline.wrapAndCopyInto(AbstractPipeline.java:499)
	at java.base/java.util.stream.StreamSpliterators$WrappingSpliterator.forEachRemaining(StreamSpliterators.java:310)
	at java.base/java.util.stream.Streams$ConcatSpliterator.forEachRemaining(Streams.java:735)
	at java.base/java.util.stream.Streams$ConcatSpliterator.forEachRemaining(Streams.java:734)
	at java.base/java.util.stream.ReferencePipeline$Head.forEach(ReferencePipeline.java:762)
	at org.junit.jupiter.engine.descriptor.ClassBasedTestDescriptor.invokeTestInstancePostProcessors(ClassBasedTestDescriptor.java:376)
	at org.junit.jupiter.engine.descriptor.ClassBasedTestDescriptor.lambda$instantiateAndPostProcessTestInstance$6(ClassBasedTestDescriptor.java:289)
	at org.junit.platform.engine.support.hierarchical.ThrowableCollector.execute(ThrowableCollector.java:73)
	at org.junit.jupiter.engine.descriptor.ClassBasedTestDescriptor.instantiateAndPostProcessTestInstance(ClassBasedTestDescriptor.java:288)
	at org.junit.jupiter.engine.descriptor.ClassBasedTestDescriptor.lambda$testInstancesProvider$4(ClassBasedTestDescriptor.java:278)
	at java.base/java.util.Optional.orElseGet(Optional.java:364)
	at org.junit.jupiter.engine.descriptor.ClassBasedTestDescriptor.lambda$testInstancesProvider$5(ClassBasedTestDescriptor.java:277)
	at org.junit.jupiter.engine.execution.TestInstancesProvider.getTestInstances(TestInstancesProvider.java:31)
	at org.junit.jupiter.engine.descriptor.TestMethodTestDescriptor.lambda$prepare$0(TestMethodTestDescriptor.java:105)
	at org.junit.platform.engine.support.hierarchical.ThrowableCollector.execute(ThrowableCollector.java:73)
	at org.junit.jupiter.engine.descriptor.TestMethodTestDescriptor.prepare(TestMethodTestDescriptor.java:104)
	at org.junit.jupiter.engine.descriptor.TestMethodTestDescriptor.prepare(TestMethodTestDescriptor.java:68)
	at org.junit.platform.engine.support.hierarchical.NodeTestTask.lambda$prepare$2(NodeTestTask.java:123)
	at org.junit.platform.engine.support.hierarchical.ThrowableCollector.execute(ThrowableCollector.java:73)
	at org.junit.platform.engine.support.hierarchical.NodeTestTask.prepare(NodeTestTask.java:123)
	at org.junit.platform.engine.support.hierarchical.NodeTestTask.execute(NodeTestTask.java:90)
	at java.base/java.util.ArrayList.forEach(ArrayList.java:1511)
	at org.junit.platform.engine.support.hierarchical.SameThreadHierarchicalTestExecutorService.invokeAll(SameThreadHierarchicalTestExecutorService.java:41)
	at org.junit.platform.engine.support.hierarchical.NodeTestTask.lambda$executeRecursively$6(NodeTestTask.java:155)
	at org.junit.platform.engine.support.hierarchical.ThrowableCollector.execute(ThrowableCollector.java:73)
	at org.junit.platform.engine.support.hierarchical.NodeTestTask.lambda$executeRecursively$8(NodeTestTask.java:141)
	at org.junit.platform.engine.support.hierarchical.Node.around(Node.java:137)
	at org.junit.platform.engine.support.hierarchical.NodeTestTask.lambda$executeRecursively$9(NodeTestTask.java:139)
	at org.junit.platform.engine.support.hierarchical.ThrowableCollector.execute(ThrowableCollector.java:73)
	at org.junit.platform.engine.support.hierarchical.NodeTestTask.executeRecursively(NodeTestTask.java:138)
	at org.junit.platform.engine.support.hierarchical.NodeTestTask.execute(NodeTestTask.java:95)
	at java.base/java.util.ArrayList.forEach(ArrayList.java:1511)
	at org.junit.platform.engine.support.hierarchical.SameThreadHierarchicalTestExecutorService.invokeAll(SameThreadHierarchicalTestExecutorService.java:41)
	at org.junit.platform.engine.support.hierarchical.NodeTestTask.lambda$executeRecursively$6(NodeTestTask.java:155)
	at org.junit.platform.engine.support.hierarchical.ThrowableCollector.execute(ThrowableCollector.java:73)
	at org.junit.platform.engine.support.hierarchical.NodeTestTask.lambda$executeRecursively$8(NodeTestTask.java:141)
	at org.junit.platform.engine.support.hierarchical.Node.around(Node.java:137)
	at org.junit.platform.engine.support.hierarchical.NodeTestTask.lambda$executeRecursively$9(NodeTestTask.java:139)
	at org.junit.platform.engine.support.hierarchical.ThrowableCollector.execute(ThrowableCollector.java:73)
	at org.junit.platform.engine.support.hierarchical.NodeTestTask.executeRecursively(NodeTestTask.java:138)
	at org.junit.platform.engine.support.hierarchical.NodeTestTask.execute(NodeTestTask.java:95)
	at org.junit.platform.engine.support.hierarchical.SameThreadHierarchicalTestExecutorService.submit(SameThreadHierarchicalTestExecutorService.java:35)
	at org.junit.platform.engine.support.hierarchical.HierarchicalTestExecutor.execute(HierarchicalTestExecutor.java:57)
	at org.junit.platform.engine.support.hierarchical.HierarchicalTestEngine.execute(HierarchicalTestEngine.java:54)
	at org.junit.platform.launcher.core.EngineExecutionOrchestrator.execute(EngineExecutionOrchestrator.java:147)
	at org.junit.platform.launcher.core.EngineExecutionOrchestrator.execute(EngineExecutionOrchestrator.java:127)
	at org.junit.platform.launcher.core.EngineExecutionOrchestrator.execute(EngineExecutionOrchestrator.java:90)
	at org.junit.platform.launcher.core.EngineExecutionOrchestrator.lambda$execute$0(EngineExecutionOrchestrator.java:55)
	at org.junit.platform.launcher.core.EngineExecutionOrchestrator.withInterceptedStreams(EngineExecutionOrchestrator.java:102)
	at org.junit.platform.launcher.core.EngineExecutionOrchestrator.execute(EngineExecutionOrchestrator.java:54)
	at org.junit.platform.launcher.core.DefaultLauncher.execute(DefaultLauncher.java:114)
	at org.junit.platform.launcher.core.DefaultLauncher.execute(DefaultLauncher.java:86)
	at org.junit.platform.launcher.core.DefaultLauncherSession$DelegatingLauncher.execute(DefaultLauncherSession.java:86)
	at org.apache.maven.surefire.junitplatform.LazyLauncher.execute(LazyLauncher.java:50)
	at org.apache.maven.surefire.junitplatform.JUnitPlatformProvider.execute(JUnitPlatformProvider.java:184)
	at org.apache.maven.surefire.junitplatform.JUnitPlatformProvider.invokeAllTests(JUnitPlatformProvider.java:148)
	at org.apache.maven.surefire.junitplatform.JUnitPlatformProvider.invoke(JUnitPlatformProvider.java:122)
	at org.apache.maven.surefire.booter.ForkedBooter.runSuitesInProcess(ForkedBooter.java:385)
	at org.apache.maven.surefire.booter.ForkedBooter.execute(ForkedBooter.java:162)
	at org.apache.maven.surefire.booter.ForkedBooter.run(ForkedBooter.java:507)
	at org.apache.maven.surefire.booter.ForkedBooter.main(ForkedBooter.java:495)
2023-11-24 12:36:33,813 DEBUG o.h.o.s.a.tree [SqlTreePrinter.java:46] SQL AST Tree:
    SelectStatement {
      FromClause {
        StandardTableGroup (s1 : franco.maurizio.hr.desk.com.persistence.entity.SurveyReply) {
          primaryTableReference : surveyreplies as s1_0
        }
      }
    }

2023-11-24 12:36:33,815 DEBUG o.h.p.e.AbstractEntityPersister [AbstractEntityPersister.java:2904] Static SQL for entity: franco.maurizio.hr.desk.com.persistence.entity.User
2023-11-24 12:36:33,816 DEBUG o.h.p.e.AbstractEntityPersister [AbstractEntityPersister.java:2909]  Version select: select id from users where id=?
2023-11-24 12:36:33,816 DEBUG o.h.p.e.AbstractEntityPersister [DelegatingBasicLogger.java:393]  Insert (0): insert into users (email,enabled,firstname,lastname,password,regdate,role) values (?,?,?,?,?,?,?)
2023-11-24 12:36:33,816 DEBUG o.h.p.e.AbstractEntityPersister [DelegatingBasicLogger.java:393]  Update (0): update users set email=?,enabled=?,firstname=?,lastname=?,password=?,regdate=?,role=? where id=?
2023-11-24 12:36:33,816 DEBUG o.h.p.e.AbstractEntityPersister [DelegatingBasicLogger.java:393]  Delete (0): delete from users where id=?
2023-11-24 12:36:33,816 DEBUG o.h.o.s.a.create [SqlAliasBaseImpl.java:33] Created new SQL alias : u1_0
2023-11-24 12:36:33,816 DEBUG o.h.o.s.a.create [SimpleFromClauseAccessImpl.java:98] Registration of TableGroup [StandardTableGroup(franco.maurizio.hr.desk.com.persistence.entity.User)] with identifierForTableGroup [franco.maurizio.hr.desk.com.persistence.entity.User] for NavigablePath [franco.maurizio.hr.desk.com.persistence.entity.User] 
2023-11-24 12:36:33,817 TRACE o.h.l.a.i.LoaderSelectBuilder [LoaderSelectBuilder.java:779] Starting visitation of FetchParent's Fetchables : franco.maurizio.hr.desk.com.persistence.entity.User
2023-11-24 12:36:33,817 DEBUG o.h.o.r.g.AST [DomainResultGraphPrinter.java:67] DomainResult Graph:
 \-EntityResultImpl [franco.maurizio.hr.desk.com.persistence.entity.User]
 |  +-BasicFetch [franco.maurizio.hr.desk.com.persistence.entity.User.email]
 |  +-BasicFetch [franco.maurizio.hr.desk.com.persistence.entity.User.enabled]
 |  +-BasicFetch [franco.maurizio.hr.desk.com.persistence.entity.User.firstname]
 |  +-BasicFetch [franco.maurizio.hr.desk.com.persistence.entity.User.lastname]
 |  +-BasicFetch [franco.maurizio.hr.desk.com.persistence.entity.User.password]
 |  +-BasicFetch [franco.maurizio.hr.desk.com.persistence.entity.User.regdate]
 |  \-BasicFetch [franco.maurizio.hr.desk.com.persistence.entity.User.role]

2023-11-24 12:36:33,817 TRACE o.h.o.r.g.AST [DomainResultGraphPrinter.java:70] Stack trace calling DomainResultGraphPrinter
java.lang.Exception: null
	at org.hibernate.sql.results.graph.DomainResultGraphPrinter.visitDomainResults(DomainResultGraphPrinter.java:70)
	at org.hibernate.sql.results.graph.DomainResultGraphPrinter.logDomainResultGraph(DomainResultGraphPrinter.java:46)
	at org.hibernate.sql.results.graph.DomainResultGraphPrinter.logDomainResultGraph(DomainResultGraphPrinter.java:37)
	at org.hibernate.sql.ast.spi.AbstractSqlAstTranslator.translateSelect(AbstractSqlAstTranslator.java:848)
	at org.hibernate.sql.ast.spi.AbstractSqlAstTranslator.translate(AbstractSqlAstTranslator.java:801)
	at org.hibernate.loader.ast.internal.SingleIdLoadPlan.<init>(SingleIdLoadPlan.java:67)
	at org.hibernate.loader.ast.internal.SingleIdEntityLoaderStandardImpl.createLoadPlan(SingleIdEntityLoaderStandardImpl.java:197)
	at org.hibernate.loader.ast.internal.SingleIdEntityLoaderStandardImpl.prepare(SingleIdEntityLoaderStandardImpl.java:55)
	at org.hibernate.persister.entity.AbstractEntityPersister.prepareLoader(AbstractEntityPersister.java:3486)
	at org.hibernate.persister.entity.AbstractEntityPersister.postInstantiate(AbstractEntityPersister.java:3480)
	at org.hibernate.metamodel.model.domain.internal.MappingMetamodelImpl.finishInitialization(MappingMetamodelImpl.java:204)
	at org.hibernate.internal.SessionFactoryImpl.initializeMappingModel(SessionFactoryImpl.java:321)
	at org.hibernate.internal.SessionFactoryImpl.<init>(SessionFactoryImpl.java:271)
	at org.hibernate.boot.internal.SessionFactoryBuilderImpl.build(SessionFactoryBuilderImpl.java:444)
	at org.hibernate.jpa.boot.internal.EntityManagerFactoryBuilderImpl.build(EntityManagerFactoryBuilderImpl.java:1458)
	at org.springframework.orm.jpa.vendor.SpringHibernateJpaPersistenceProvider.createContainerEntityManagerFactory(SpringHibernateJpaPersistenceProvider.java:75)
	at org.springframework.orm.jpa.LocalContainerEntityManagerFactoryBean.createNativeEntityManagerFactory(LocalContainerEntityManagerFactoryBean.java:376)
	at org.springframework.orm.jpa.AbstractEntityManagerFactoryBean.buildNativeEntityManagerFactory(AbstractEntityManagerFactoryBean.java:409)
	at org.springframework.orm.jpa.AbstractEntityManagerFactoryBean.afterPropertiesSet(AbstractEntityManagerFactoryBean.java:396)
	at org.springframework.orm.jpa.LocalContainerEntityManagerFactoryBean.afterPropertiesSet(LocalContainerEntityManagerFactoryBean.java:352)
	at org.springframework.beans.factory.support.AbstractAutowireCapableBeanFactory.invokeInitMethods(AbstractAutowireCapableBeanFactory.java:1817)
	at org.springframework.beans.factory.support.AbstractAutowireCapableBeanFactory.initializeBean(AbstractAutowireCapableBeanFactory.java:1766)
	at org.springframework.beans.factory.support.AbstractAutowireCapableBeanFactory.doCreateBean(AbstractAutowireCapableBeanFactory.java:598)
	at org.springframework.beans.factory.support.AbstractAutowireCapableBeanFactory.createBean(AbstractAutowireCapableBeanFactory.java:520)
	at org.springframework.beans.factory.support.AbstractBeanFactory.lambda$doGetBean$0(AbstractBeanFactory.java:325)
	at org.springframework.beans.factory.support.DefaultSingletonBeanRegistry.getSingleton(DefaultSingletonBeanRegistry.java:234)
	at org.springframework.beans.factory.support.AbstractBeanFactory.doGetBean(AbstractBeanFactory.java:323)
	at org.springframework.beans.factory.support.AbstractBeanFactory.getBean(AbstractBeanFactory.java:199)
	at org.springframework.context.support.AbstractApplicationContext.getBean(AbstractApplicationContext.java:1166)
	at org.springframework.context.support.AbstractApplicationContext.finishBeanFactoryInitialization(AbstractApplicationContext.java:940)
	at org.springframework.context.support.AbstractApplicationContext.refresh(AbstractApplicationContext.java:616)
	at org.springframework.boot.web.servlet.context.ServletWebServerApplicationContext.refresh(ServletWebServerApplicationContext.java:146)
	at org.springframework.boot.SpringApplication.refresh(SpringApplication.java:738)
	at org.springframework.boot.SpringApplication.refreshContext(SpringApplication.java:440)
	at org.springframework.boot.SpringApplication.run(SpringApplication.java:316)
	at org.springframework.boot.test.context.SpringBootContextLoader.lambda$loadContext$3(SpringBootContextLoader.java:137)
	at org.springframework.util.function.ThrowingSupplier.get(ThrowingSupplier.java:58)
	at org.springframework.util.function.ThrowingSupplier.get(ThrowingSupplier.java:46)
	at org.springframework.boot.SpringApplication.withHook(SpringApplication.java:1406)
	at org.springframework.boot.test.context.SpringBootContextLoader$ContextLoaderHook.run(SpringBootContextLoader.java:545)
	at org.springframework.boot.test.context.SpringBootContextLoader.loadContext(SpringBootContextLoader.java:137)
	at org.springframework.boot.test.context.SpringBootContextLoader.loadContext(SpringBootContextLoader.java:108)
	at org.springframework.test.context.cache.DefaultCacheAwareContextLoaderDelegate.loadContextInternal(DefaultCacheAwareContextLoaderDelegate.java:187)
	at org.springframework.test.context.cache.DefaultCacheAwareContextLoaderDelegate.loadContext(DefaultCacheAwareContextLoaderDelegate.java:119)
	at org.springframework.test.context.support.DefaultTestContext.getApplicationContext(DefaultTestContext.java:127)
	at org.springframework.test.context.support.DependencyInjectionTestExecutionListener.injectDependencies(DependencyInjectionTestExecutionListener.java:141)
	at org.springframework.test.context.support.DependencyInjectionTestExecutionListener.prepareTestInstance(DependencyInjectionTestExecutionListener.java:97)
	at org.springframework.test.context.TestContextManager.prepareTestInstance(TestContextManager.java:241)
	at org.springframework.test.context.junit.jupiter.SpringExtension.postProcessTestInstance(SpringExtension.java:138)
	at org.junit.jupiter.engine.descriptor.ClassBasedTestDescriptor.lambda$invokeTestInstancePostProcessors$10(ClassBasedTestDescriptor.java:377)
	at org.junit.jupiter.engine.descriptor.ClassBasedTestDescriptor.executeAndMaskThrowable(ClassBasedTestDescriptor.java:382)
	at org.junit.jupiter.engine.descriptor.ClassBasedTestDescriptor.lambda$invokeTestInstancePostProcessors$11(ClassBasedTestDescriptor.java:377)
	at java.base/java.util.stream.ReferencePipeline$3$1.accept(ReferencePipeline.java:197)
	at java.base/java.util.stream.ReferencePipeline$2$1.accept(ReferencePipeline.java:179)
	at java.base/java.util.ArrayList$ArrayListSpliterator.forEachRemaining(ArrayList.java:1625)
	at java.base/java.util.stream.AbstractPipeline.copyInto(AbstractPipeline.java:509)
	at java.base/java.util.stream.AbstractPipeline.wrapAndCopyInto(AbstractPipeline.java:499)
	at java.base/java.util.stream.StreamSpliterators$WrappingSpliterator.forEachRemaining(StreamSpliterators.java:310)
	at java.base/java.util.stream.Streams$ConcatSpliterator.forEachRemaining(Streams.java:735)
	at java.base/java.util.stream.Streams$ConcatSpliterator.forEachRemaining(Streams.java:734)
	at java.base/java.util.stream.ReferencePipeline$Head.forEach(ReferencePipeline.java:762)
	at org.junit.jupiter.engine.descriptor.ClassBasedTestDescriptor.invokeTestInstancePostProcessors(ClassBasedTestDescriptor.java:376)
	at org.junit.jupiter.engine.descriptor.ClassBasedTestDescriptor.lambda$instantiateAndPostProcessTestInstance$6(ClassBasedTestDescriptor.java:289)
	at org.junit.platform.engine.support.hierarchical.ThrowableCollector.execute(ThrowableCollector.java:73)
	at org.junit.jupiter.engine.descriptor.ClassBasedTestDescriptor.instantiateAndPostProcessTestInstance(ClassBasedTestDescriptor.java:288)
	at org.junit.jupiter.engine.descriptor.ClassBasedTestDescriptor.lambda$testInstancesProvider$4(ClassBasedTestDescriptor.java:278)
	at java.base/java.util.Optional.orElseGet(Optional.java:364)
	at org.junit.jupiter.engine.descriptor.ClassBasedTestDescriptor.lambda$testInstancesProvider$5(ClassBasedTestDescriptor.java:277)
	at org.junit.jupiter.engine.execution.TestInstancesProvider.getTestInstances(TestInstancesProvider.java:31)
	at org.junit.jupiter.engine.descriptor.TestMethodTestDescriptor.lambda$prepare$0(TestMethodTestDescriptor.java:105)
	at org.junit.platform.engine.support.hierarchical.ThrowableCollector.execute(ThrowableCollector.java:73)
	at org.junit.jupiter.engine.descriptor.TestMethodTestDescriptor.prepare(TestMethodTestDescriptor.java:104)
	at org.junit.jupiter.engine.descriptor.TestMethodTestDescriptor.prepare(TestMethodTestDescriptor.java:68)
	at org.junit.platform.engine.support.hierarchical.NodeTestTask.lambda$prepare$2(NodeTestTask.java:123)
	at org.junit.platform.engine.support.hierarchical.ThrowableCollector.execute(ThrowableCollector.java:73)
	at org.junit.platform.engine.support.hierarchical.NodeTestTask.prepare(NodeTestTask.java:123)
	at org.junit.platform.engine.support.hierarchical.NodeTestTask.execute(NodeTestTask.java:90)
	at java.base/java.util.ArrayList.forEach(ArrayList.java:1511)
	at org.junit.platform.engine.support.hierarchical.SameThreadHierarchicalTestExecutorService.invokeAll(SameThreadHierarchicalTestExecutorService.java:41)
	at org.junit.platform.engine.support.hierarchical.NodeTestTask.lambda$executeRecursively$6(NodeTestTask.java:155)
	at org.junit.platform.engine.support.hierarchical.ThrowableCollector.execute(ThrowableCollector.java:73)
	at org.junit.platform.engine.support.hierarchical.NodeTestTask.lambda$executeRecursively$8(NodeTestTask.java:141)
	at org.junit.platform.engine.support.hierarchical.Node.around(Node.java:137)
	at org.junit.platform.engine.support.hierarchical.NodeTestTask.lambda$executeRecursively$9(NodeTestTask.java:139)
	at org.junit.platform.engine.support.hierarchical.ThrowableCollector.execute(ThrowableCollector.java:73)
	at org.junit.platform.engine.support.hierarchical.NodeTestTask.executeRecursively(NodeTestTask.java:138)
	at org.junit.platform.engine.support.hierarchical.NodeTestTask.execute(NodeTestTask.java:95)
	at java.base/java.util.ArrayList.forEach(ArrayList.java:1511)
	at org.junit.platform.engine.support.hierarchical.SameThreadHierarchicalTestExecutorService.invokeAll(SameThreadHierarchicalTestExecutorService.java:41)
	at org.junit.platform.engine.support.hierarchical.NodeTestTask.lambda$executeRecursively$6(NodeTestTask.java:155)
	at org.junit.platform.engine.support.hierarchical.ThrowableCollector.execute(ThrowableCollector.java:73)
	at org.junit.platform.engine.support.hierarchical.NodeTestTask.lambda$executeRecursively$8(NodeTestTask.java:141)
	at org.junit.platform.engine.support.hierarchical.Node.around(Node.java:137)
	at org.junit.platform.engine.support.hierarchical.NodeTestTask.lambda$executeRecursively$9(NodeTestTask.java:139)
	at org.junit.platform.engine.support.hierarchical.ThrowableCollector.execute(ThrowableCollector.java:73)
	at org.junit.platform.engine.support.hierarchical.NodeTestTask.executeRecursively(NodeTestTask.java:138)
	at org.junit.platform.engine.support.hierarchical.NodeTestTask.execute(NodeTestTask.java:95)
	at org.junit.platform.engine.support.hierarchical.SameThreadHierarchicalTestExecutorService.submit(SameThreadHierarchicalTestExecutorService.java:35)
	at org.junit.platform.engine.support.hierarchical.HierarchicalTestExecutor.execute(HierarchicalTestExecutor.java:57)
	at org.junit.platform.engine.support.hierarchical.HierarchicalTestEngine.execute(HierarchicalTestEngine.java:54)
	at org.junit.platform.launcher.core.EngineExecutionOrchestrator.execute(EngineExecutionOrchestrator.java:147)
	at org.junit.platform.launcher.core.EngineExecutionOrchestrator.execute(EngineExecutionOrchestrator.java:127)
	at org.junit.platform.launcher.core.EngineExecutionOrchestrator.execute(EngineExecutionOrchestrator.java:90)
	at org.junit.platform.launcher.core.EngineExecutionOrchestrator.lambda$execute$0(EngineExecutionOrchestrator.java:55)
	at org.junit.platform.launcher.core.EngineExecutionOrchestrator.withInterceptedStreams(EngineExecutionOrchestrator.java:102)
	at org.junit.platform.launcher.core.EngineExecutionOrchestrator.execute(EngineExecutionOrchestrator.java:54)
	at org.junit.platform.launcher.core.DefaultLauncher.execute(DefaultLauncher.java:114)
	at org.junit.platform.launcher.core.DefaultLauncher.execute(DefaultLauncher.java:86)
	at org.junit.platform.launcher.core.DefaultLauncherSession$DelegatingLauncher.execute(DefaultLauncherSession.java:86)
	at org.apache.maven.surefire.junitplatform.LazyLauncher.execute(LazyLauncher.java:50)
	at org.apache.maven.surefire.junitplatform.JUnitPlatformProvider.execute(JUnitPlatformProvider.java:184)
	at org.apache.maven.surefire.junitplatform.JUnitPlatformProvider.invokeAllTests(JUnitPlatformProvider.java:148)
	at org.apache.maven.surefire.junitplatform.JUnitPlatformProvider.invoke(JUnitPlatformProvider.java:122)
	at org.apache.maven.surefire.booter.ForkedBooter.runSuitesInProcess(ForkedBooter.java:385)
	at org.apache.maven.surefire.booter.ForkedBooter.execute(ForkedBooter.java:162)
	at org.apache.maven.surefire.booter.ForkedBooter.run(ForkedBooter.java:507)
	at org.apache.maven.surefire.booter.ForkedBooter.main(ForkedBooter.java:495)
2023-11-24 12:36:33,819 DEBUG o.h.o.s.a.tree [SqlTreePrinter.java:46] SQL AST Tree:
    SelectStatement {
      FromClause {
        StandardTableGroup (u1 : franco.maurizio.hr.desk.com.persistence.entity.User) {
          primaryTableReference : users as u1_0
        }
      }
    }

2023-11-24 12:36:33,820 DEBUG o.h.p.e.AbstractEntityPersister [AbstractEntityPersister.java:2904] Static SQL for entity: franco.maurizio.hr.desk.com.persistence.entity.SurveyQuestion
2023-11-24 12:36:33,820 DEBUG o.h.p.e.AbstractEntityPersister [AbstractEntityPersister.java:2909]  Version select: select id from surveyquestions where id=?
2023-11-24 12:36:33,821 DEBUG o.h.p.e.AbstractEntityPersister [DelegatingBasicLogger.java:393]  Insert (0): insert into surveyquestions (position,question_id,survey_id) values (?,?,?)
2023-11-24 12:36:33,821 DEBUG o.h.p.e.AbstractEntityPersister [DelegatingBasicLogger.java:393]  Update (0): update surveyquestions set position=?,question_id=?,survey_id=? where id=?
2023-11-24 12:36:33,821 DEBUG o.h.p.e.AbstractEntityPersister [DelegatingBasicLogger.java:393]  Delete (0): delete from surveyquestions where id=?
2023-11-24 12:36:33,821 DEBUG o.h.o.s.a.create [SqlAliasBaseImpl.java:33] Created new SQL alias : s1_0
2023-11-24 12:36:33,822 DEBUG o.h.o.s.a.create [SimpleFromClauseAccessImpl.java:98] Registration of TableGroup [StandardTableGroup(franco.maurizio.hr.desk.com.persistence.entity.SurveyQuestion)] with identifierForTableGroup [franco.maurizio.hr.desk.com.persistence.entity.SurveyQuestion] for NavigablePath [franco.maurizio.hr.desk.com.persistence.entity.SurveyQuestion] 
2023-11-24 12:36:33,822 TRACE o.h.l.a.i.LoaderSelectBuilder [LoaderSelectBuilder.java:779] Starting visitation of FetchParent's Fetchables : franco.maurizio.hr.desk.com.persistence.entity.SurveyQuestion
2023-11-24 12:36:33,823 DEBUG o.h.o.r.g.AST [DomainResultGraphPrinter.java:67] DomainResult Graph:
 \-EntityResultImpl [franco.maurizio.hr.desk.com.persistence.entity.SurveyQuestion]
 |  +-BasicFetch [franco.maurizio.hr.desk.com.persistence.entity.SurveyQuestion.position]
 |  +-BasicFetch [franco.maurizio.hr.desk.com.persistence.entity.SurveyQuestion.questionId]
 |  \-BasicFetch [franco.maurizio.hr.desk.com.persistence.entity.SurveyQuestion.surveyId]

2023-11-24 12:36:33,823 TRACE o.h.o.r.g.AST [DomainResultGraphPrinter.java:70] Stack trace calling DomainResultGraphPrinter
java.lang.Exception: null
	at org.hibernate.sql.results.graph.DomainResultGraphPrinter.visitDomainResults(DomainResultGraphPrinter.java:70)
	at org.hibernate.sql.results.graph.DomainResultGraphPrinter.logDomainResultGraph(DomainResultGraphPrinter.java:46)
	at org.hibernate.sql.results.graph.DomainResultGraphPrinter.logDomainResultGraph(DomainResultGraphPrinter.java:37)
	at org.hibernate.sql.ast.spi.AbstractSqlAstTranslator.translateSelect(AbstractSqlAstTranslator.java:848)
	at org.hibernate.sql.ast.spi.AbstractSqlAstTranslator.translate(AbstractSqlAstTranslator.java:801)
	at org.hibernate.loader.ast.internal.SingleIdLoadPlan.<init>(SingleIdLoadPlan.java:67)
	at org.hibernate.loader.ast.internal.SingleIdEntityLoaderStandardImpl.createLoadPlan(SingleIdEntityLoaderStandardImpl.java:197)
	at org.hibernate.loader.ast.internal.SingleIdEntityLoaderStandardImpl.prepare(SingleIdEntityLoaderStandardImpl.java:55)
	at org.hibernate.persister.entity.AbstractEntityPersister.prepareLoader(AbstractEntityPersister.java:3486)
	at org.hibernate.persister.entity.AbstractEntityPersister.postInstantiate(AbstractEntityPersister.java:3480)
	at org.hibernate.metamodel.model.domain.internal.MappingMetamodelImpl.finishInitialization(MappingMetamodelImpl.java:204)
	at org.hibernate.internal.SessionFactoryImpl.initializeMappingModel(SessionFactoryImpl.java:321)
	at org.hibernate.internal.SessionFactoryImpl.<init>(SessionFactoryImpl.java:271)
	at org.hibernate.boot.internal.SessionFactoryBuilderImpl.build(SessionFactoryBuilderImpl.java:444)
	at org.hibernate.jpa.boot.internal.EntityManagerFactoryBuilderImpl.build(EntityManagerFactoryBuilderImpl.java:1458)
	at org.springframework.orm.jpa.vendor.SpringHibernateJpaPersistenceProvider.createContainerEntityManagerFactory(SpringHibernateJpaPersistenceProvider.java:75)
	at org.springframework.orm.jpa.LocalContainerEntityManagerFactoryBean.createNativeEntityManagerFactory(LocalContainerEntityManagerFactoryBean.java:376)
	at org.springframework.orm.jpa.AbstractEntityManagerFactoryBean.buildNativeEntityManagerFactory(AbstractEntityManagerFactoryBean.java:409)
	at org.springframework.orm.jpa.AbstractEntityManagerFactoryBean.afterPropertiesSet(AbstractEntityManagerFactoryBean.java:396)
	at org.springframework.orm.jpa.LocalContainerEntityManagerFactoryBean.afterPropertiesSet(LocalContainerEntityManagerFactoryBean.java:352)
	at org.springframework.beans.factory.support.AbstractAutowireCapableBeanFactory.invokeInitMethods(AbstractAutowireCapableBeanFactory.java:1817)
	at org.springframework.beans.factory.support.AbstractAutowireCapableBeanFactory.initializeBean(AbstractAutowireCapableBeanFactory.java:1766)
	at org.springframework.beans.factory.support.AbstractAutowireCapableBeanFactory.doCreateBean(AbstractAutowireCapableBeanFactory.java:598)
	at org.springframework.beans.factory.support.AbstractAutowireCapableBeanFactory.createBean(AbstractAutowireCapableBeanFactory.java:520)
	at org.springframework.beans.factory.support.AbstractBeanFactory.lambda$doGetBean$0(AbstractBeanFactory.java:325)
	at org.springframework.beans.factory.support.DefaultSingletonBeanRegistry.getSingleton(DefaultSingletonBeanRegistry.java:234)
	at org.springframework.beans.factory.support.AbstractBeanFactory.doGetBean(AbstractBeanFactory.java:323)
	at org.springframework.beans.factory.support.AbstractBeanFactory.getBean(AbstractBeanFactory.java:199)
	at org.springframework.context.support.AbstractApplicationContext.getBean(AbstractApplicationContext.java:1166)
	at org.springframework.context.support.AbstractApplicationContext.finishBeanFactoryInitialization(AbstractApplicationContext.java:940)
	at org.springframework.context.support.AbstractApplicationContext.refresh(AbstractApplicationContext.java:616)
	at org.springframework.boot.web.servlet.context.ServletWebServerApplicationContext.refresh(ServletWebServerApplicationContext.java:146)
	at org.springframework.boot.SpringApplication.refresh(SpringApplication.java:738)
	at org.springframework.boot.SpringApplication.refreshContext(SpringApplication.java:440)
	at org.springframework.boot.SpringApplication.run(SpringApplication.java:316)
	at org.springframework.boot.test.context.SpringBootContextLoader.lambda$loadContext$3(SpringBootContextLoader.java:137)
	at org.springframework.util.function.ThrowingSupplier.get(ThrowingSupplier.java:58)
	at org.springframework.util.function.ThrowingSupplier.get(ThrowingSupplier.java:46)
	at org.springframework.boot.SpringApplication.withHook(SpringApplication.java:1406)
	at org.springframework.boot.test.context.SpringBootContextLoader$ContextLoaderHook.run(SpringBootContextLoader.java:545)
	at org.springframework.boot.test.context.SpringBootContextLoader.loadContext(SpringBootContextLoader.java:137)
	at org.springframework.boot.test.context.SpringBootContextLoader.loadContext(SpringBootContextLoader.java:108)
	at org.springframework.test.context.cache.DefaultCacheAwareContextLoaderDelegate.loadContextInternal(DefaultCacheAwareContextLoaderDelegate.java:187)
	at org.springframework.test.context.cache.DefaultCacheAwareContextLoaderDelegate.loadContext(DefaultCacheAwareContextLoaderDelegate.java:119)
	at org.springframework.test.context.support.DefaultTestContext.getApplicationContext(DefaultTestContext.java:127)
	at org.springframework.test.context.support.DependencyInjectionTestExecutionListener.injectDependencies(DependencyInjectionTestExecutionListener.java:141)
	at org.springframework.test.context.support.DependencyInjectionTestExecutionListener.prepareTestInstance(DependencyInjectionTestExecutionListener.java:97)
	at org.springframework.test.context.TestContextManager.prepareTestInstance(TestContextManager.java:241)
	at org.springframework.test.context.junit.jupiter.SpringExtension.postProcessTestInstance(SpringExtension.java:138)
	at org.junit.jupiter.engine.descriptor.ClassBasedTestDescriptor.lambda$invokeTestInstancePostProcessors$10(ClassBasedTestDescriptor.java:377)
	at org.junit.jupiter.engine.descriptor.ClassBasedTestDescriptor.executeAndMaskThrowable(ClassBasedTestDescriptor.java:382)
	at org.junit.jupiter.engine.descriptor.ClassBasedTestDescriptor.lambda$invokeTestInstancePostProcessors$11(ClassBasedTestDescriptor.java:377)
	at java.base/java.util.stream.ReferencePipeline$3$1.accept(ReferencePipeline.java:197)
	at java.base/java.util.stream.ReferencePipeline$2$1.accept(ReferencePipeline.java:179)
	at java.base/java.util.ArrayList$ArrayListSpliterator.forEachRemaining(ArrayList.java:1625)
	at java.base/java.util.stream.AbstractPipeline.copyInto(AbstractPipeline.java:509)
	at java.base/java.util.stream.AbstractPipeline.wrapAndCopyInto(AbstractPipeline.java:499)
	at java.base/java.util.stream.StreamSpliterators$WrappingSpliterator.forEachRemaining(StreamSpliterators.java:310)
	at java.base/java.util.stream.Streams$ConcatSpliterator.forEachRemaining(Streams.java:735)
	at java.base/java.util.stream.Streams$ConcatSpliterator.forEachRemaining(Streams.java:734)
	at java.base/java.util.stream.ReferencePipeline$Head.forEach(ReferencePipeline.java:762)
	at org.junit.jupiter.engine.descriptor.ClassBasedTestDescriptor.invokeTestInstancePostProcessors(ClassBasedTestDescriptor.java:376)
	at org.junit.jupiter.engine.descriptor.ClassBasedTestDescriptor.lambda$instantiateAndPostProcessTestInstance$6(ClassBasedTestDescriptor.java:289)
	at org.junit.platform.engine.support.hierarchical.ThrowableCollector.execute(ThrowableCollector.java:73)
	at org.junit.jupiter.engine.descriptor.ClassBasedTestDescriptor.instantiateAndPostProcessTestInstance(ClassBasedTestDescriptor.java:288)
	at org.junit.jupiter.engine.descriptor.ClassBasedTestDescriptor.lambda$testInstancesProvider$4(ClassBasedTestDescriptor.java:278)
	at java.base/java.util.Optional.orElseGet(Optional.java:364)
	at org.junit.jupiter.engine.descriptor.ClassBasedTestDescriptor.lambda$testInstancesProvider$5(ClassBasedTestDescriptor.java:277)
	at org.junit.jupiter.engine.execution.TestInstancesProvider.getTestInstances(TestInstancesProvider.java:31)
	at org.junit.jupiter.engine.descriptor.TestMethodTestDescriptor.lambda$prepare$0(TestMethodTestDescriptor.java:105)
	at org.junit.platform.engine.support.hierarchical.ThrowableCollector.execute(ThrowableCollector.java:73)
	at org.junit.jupiter.engine.descriptor.TestMethodTestDescriptor.prepare(TestMethodTestDescriptor.java:104)
	at org.junit.jupiter.engine.descriptor.TestMethodTestDescriptor.prepare(TestMethodTestDescriptor.java:68)
	at org.junit.platform.engine.support.hierarchical.NodeTestTask.lambda$prepare$2(NodeTestTask.java:123)
	at org.junit.platform.engine.support.hierarchical.ThrowableCollector.execute(ThrowableCollector.java:73)
	at org.junit.platform.engine.support.hierarchical.NodeTestTask.prepare(NodeTestTask.java:123)
	at org.junit.platform.engine.support.hierarchical.NodeTestTask.execute(NodeTestTask.java:90)
	at java.base/java.util.ArrayList.forEach(ArrayList.java:1511)
	at org.junit.platform.engine.support.hierarchical.SameThreadHierarchicalTestExecutorService.invokeAll(SameThreadHierarchicalTestExecutorService.java:41)
	at org.junit.platform.engine.support.hierarchical.NodeTestTask.lambda$executeRecursively$6(NodeTestTask.java:155)
	at org.junit.platform.engine.support.hierarchical.ThrowableCollector.execute(ThrowableCollector.java:73)
	at org.junit.platform.engine.support.hierarchical.NodeTestTask.lambda$executeRecursively$8(NodeTestTask.java:141)
	at org.junit.platform.engine.support.hierarchical.Node.around(Node.java:137)
	at org.junit.platform.engine.support.hierarchical.NodeTestTask.lambda$executeRecursively$9(NodeTestTask.java:139)
	at org.junit.platform.engine.support.hierarchical.ThrowableCollector.execute(ThrowableCollector.java:73)
	at org.junit.platform.engine.support.hierarchical.NodeTestTask.executeRecursively(NodeTestTask.java:138)
	at org.junit.platform.engine.support.hierarchical.NodeTestTask.execute(NodeTestTask.java:95)
	at java.base/java.util.ArrayList.forEach(ArrayList.java:1511)
	at org.junit.platform.engine.support.hierarchical.SameThreadHierarchicalTestExecutorService.invokeAll(SameThreadHierarchicalTestExecutorService.java:41)
	at org.junit.platform.engine.support.hierarchical.NodeTestTask.lambda$executeRecursively$6(NodeTestTask.java:155)
	at org.junit.platform.engine.support.hierarchical.ThrowableCollector.execute(ThrowableCollector.java:73)
	at org.junit.platform.engine.support.hierarchical.NodeTestTask.lambda$executeRecursively$8(NodeTestTask.java:141)
	at org.junit.platform.engine.support.hierarchical.Node.around(Node.java:137)
	at org.junit.platform.engine.support.hierarchical.NodeTestTask.lambda$executeRecursively$9(NodeTestTask.java:139)
	at org.junit.platform.engine.support.hierarchical.ThrowableCollector.execute(ThrowableCollector.java:73)
	at org.junit.platform.engine.support.hierarchical.NodeTestTask.executeRecursively(NodeTestTask.java:138)
	at org.junit.platform.engine.support.hierarchical.NodeTestTask.execute(NodeTestTask.java:95)
	at org.junit.platform.engine.support.hierarchical.SameThreadHierarchicalTestExecutorService.submit(SameThreadHierarchicalTestExecutorService.java:35)
	at org.junit.platform.engine.support.hierarchical.HierarchicalTestExecutor.execute(HierarchicalTestExecutor.java:57)
	at org.junit.platform.engine.support.hierarchical.HierarchicalTestEngine.execute(HierarchicalTestEngine.java:54)
	at org.junit.platform.launcher.core.EngineExecutionOrchestrator.execute(EngineExecutionOrchestrator.java:147)
	at org.junit.platform.launcher.core.EngineExecutionOrchestrator.execute(EngineExecutionOrchestrator.java:127)
	at org.junit.platform.launcher.core.EngineExecutionOrchestrator.execute(EngineExecutionOrchestrator.java:90)
	at org.junit.platform.launcher.core.EngineExecutionOrchestrator.lambda$execute$0(EngineExecutionOrchestrator.java:55)
	at org.junit.platform.launcher.core.EngineExecutionOrchestrator.withInterceptedStreams(EngineExecutionOrchestrator.java:102)
	at org.junit.platform.launcher.core.EngineExecutionOrchestrator.execute(EngineExecutionOrchestrator.java:54)
	at org.junit.platform.launcher.core.DefaultLauncher.execute(DefaultLauncher.java:114)
	at org.junit.platform.launcher.core.DefaultLauncher.execute(DefaultLauncher.java:86)
	at org.junit.platform.launcher.core.DefaultLauncherSession$DelegatingLauncher.execute(DefaultLauncherSession.java:86)
	at org.apache.maven.surefire.junitplatform.LazyLauncher.execute(LazyLauncher.java:50)
	at org.apache.maven.surefire.junitplatform.JUnitPlatformProvider.execute(JUnitPlatformProvider.java:184)
	at org.apache.maven.surefire.junitplatform.JUnitPlatformProvider.invokeAllTests(JUnitPlatformProvider.java:148)
	at org.apache.maven.surefire.junitplatform.JUnitPlatformProvider.invoke(JUnitPlatformProvider.java:122)
	at org.apache.maven.surefire.booter.ForkedBooter.runSuitesInProcess(ForkedBooter.java:385)
	at org.apache.maven.surefire.booter.ForkedBooter.execute(ForkedBooter.java:162)
	at org.apache.maven.surefire.booter.ForkedBooter.run(ForkedBooter.java:507)
	at org.apache.maven.surefire.booter.ForkedBooter.main(ForkedBooter.java:495)
2023-11-24 12:36:33,824 DEBUG o.h.o.s.a.tree [SqlTreePrinter.java:46] SQL AST Tree:
    SelectStatement {
      FromClause {
        StandardTableGroup (s1 : franco.maurizio.hr.desk.com.persistence.entity.SurveyQuestion) {
          primaryTableReference : surveyquestions as s1_0
        }
      }
    }

2023-11-24 12:36:33,826 DEBUG o.h.p.e.AbstractEntityPersister [AbstractEntityPersister.java:2904] Static SQL for entity: franco.maurizio.hr.desk.com.persistence.entity.CandidateSurveyToken
2023-11-24 12:36:33,827 DEBUG o.h.p.e.AbstractEntityPersister [AbstractEntityPersister.java:2909]  Version select: select id from candidatesurveytokens where id=?
2023-11-24 12:36:33,827 DEBUG o.h.p.e.AbstractEntityPersister [DelegatingBasicLogger.java:393]  Insert (0): insert into candidatesurveytokens (candidate_id,expiration_date_time,expired,generated_token,survey_id) values (?,?,?,?,?)
2023-11-24 12:36:33,827 DEBUG o.h.p.e.AbstractEntityPersister [DelegatingBasicLogger.java:393]  Update (0): update candidatesurveytokens set candidate_id=?,expiration_date_time=?,expired=?,generated_token=?,survey_id=? where id=?
2023-11-24 12:36:33,827 DEBUG o.h.p.e.AbstractEntityPersister [DelegatingBasicLogger.java:393]  Delete (0): delete from candidatesurveytokens where id=?
2023-11-24 12:36:33,827 DEBUG o.h.o.s.a.create [SqlAliasBaseImpl.java:33] Created new SQL alias : c1_0
2023-11-24 12:36:33,827 DEBUG o.h.o.s.a.create [SimpleFromClauseAccessImpl.java:98] Registration of TableGroup [StandardTableGroup(franco.maurizio.hr.desk.com.persistence.entity.CandidateSurveyToken)] with identifierForTableGroup [franco.maurizio.hr.desk.com.persistence.entity.CandidateSurveyToken] for NavigablePath [franco.maurizio.hr.desk.com.persistence.entity.CandidateSurveyToken] 
2023-11-24 12:36:33,828 TRACE o.h.l.a.i.LoaderSelectBuilder [LoaderSelectBuilder.java:779] Starting visitation of FetchParent's Fetchables : franco.maurizio.hr.desk.com.persistence.entity.CandidateSurveyToken
2023-11-24 12:36:33,828 DEBUG o.h.o.r.g.AST [DomainResultGraphPrinter.java:67] DomainResult Graph:
 \-EntityResultImpl [franco.maurizio.hr.desk.com.persistence.entity.CandidateSurveyToken]
 |  +-BasicFetch [franco.maurizio.hr.desk.com.persistence.entity.CandidateSurveyToken.candidateId]
 |  +-BasicFetch [franco.maurizio.hr.desk.com.persistence.entity.CandidateSurveyToken.expirationDateTime]
 |  +-BasicFetch [franco.maurizio.hr.desk.com.persistence.entity.CandidateSurveyToken.expired]
 |  +-BasicFetch [franco.maurizio.hr.desk.com.persistence.entity.CandidateSurveyToken.generatedToken]
 |  \-BasicFetch [franco.maurizio.hr.desk.com.persistence.entity.CandidateSurveyToken.surveyId]

2023-11-24 12:36:33,828 TRACE o.h.o.r.g.AST [DomainResultGraphPrinter.java:70] Stack trace calling DomainResultGraphPrinter
java.lang.Exception: null
	at org.hibernate.sql.results.graph.DomainResultGraphPrinter.visitDomainResults(DomainResultGraphPrinter.java:70)
	at org.hibernate.sql.results.graph.DomainResultGraphPrinter.logDomainResultGraph(DomainResultGraphPrinter.java:46)
	at org.hibernate.sql.results.graph.DomainResultGraphPrinter.logDomainResultGraph(DomainResultGraphPrinter.java:37)
	at org.hibernate.sql.ast.spi.AbstractSqlAstTranslator.translateSelect(AbstractSqlAstTranslator.java:848)
	at org.hibernate.sql.ast.spi.AbstractSqlAstTranslator.translate(AbstractSqlAstTranslator.java:801)
	at org.hibernate.loader.ast.internal.SingleIdLoadPlan.<init>(SingleIdLoadPlan.java:67)
	at org.hibernate.loader.ast.internal.SingleIdEntityLoaderStandardImpl.createLoadPlan(SingleIdEntityLoaderStandardImpl.java:197)
	at org.hibernate.loader.ast.internal.SingleIdEntityLoaderStandardImpl.prepare(SingleIdEntityLoaderStandardImpl.java:55)
	at org.hibernate.persister.entity.AbstractEntityPersister.prepareLoader(AbstractEntityPersister.java:3486)
	at org.hibernate.persister.entity.AbstractEntityPersister.postInstantiate(AbstractEntityPersister.java:3480)
	at org.hibernate.metamodel.model.domain.internal.MappingMetamodelImpl.finishInitialization(MappingMetamodelImpl.java:204)
	at org.hibernate.internal.SessionFactoryImpl.initializeMappingModel(SessionFactoryImpl.java:321)
	at org.hibernate.internal.SessionFactoryImpl.<init>(SessionFactoryImpl.java:271)
	at org.hibernate.boot.internal.SessionFactoryBuilderImpl.build(SessionFactoryBuilderImpl.java:444)
	at org.hibernate.jpa.boot.internal.EntityManagerFactoryBuilderImpl.build(EntityManagerFactoryBuilderImpl.java:1458)
	at org.springframework.orm.jpa.vendor.SpringHibernateJpaPersistenceProvider.createContainerEntityManagerFactory(SpringHibernateJpaPersistenceProvider.java:75)
	at org.springframework.orm.jpa.LocalContainerEntityManagerFactoryBean.createNativeEntityManagerFactory(LocalContainerEntityManagerFactoryBean.java:376)
	at org.springframework.orm.jpa.AbstractEntityManagerFactoryBean.buildNativeEntityManagerFactory(AbstractEntityManagerFactoryBean.java:409)
	at org.springframework.orm.jpa.AbstractEntityManagerFactoryBean.afterPropertiesSet(AbstractEntityManagerFactoryBean.java:396)
	at org.springframework.orm.jpa.LocalContainerEntityManagerFactoryBean.afterPropertiesSet(LocalContainerEntityManagerFactoryBean.java:352)
	at org.springframework.beans.factory.support.AbstractAutowireCapableBeanFactory.invokeInitMethods(AbstractAutowireCapableBeanFactory.java:1817)
	at org.springframework.beans.factory.support.AbstractAutowireCapableBeanFactory.initializeBean(AbstractAutowireCapableBeanFactory.java:1766)
	at org.springframework.beans.factory.support.AbstractAutowireCapableBeanFactory.doCreateBean(AbstractAutowireCapableBeanFactory.java:598)
	at org.springframework.beans.factory.support.AbstractAutowireCapableBeanFactory.createBean(AbstractAutowireCapableBeanFactory.java:520)
	at org.springframework.beans.factory.support.AbstractBeanFactory.lambda$doGetBean$0(AbstractBeanFactory.java:325)
	at org.springframework.beans.factory.support.DefaultSingletonBeanRegistry.getSingleton(DefaultSingletonBeanRegistry.java:234)
	at org.springframework.beans.factory.support.AbstractBeanFactory.doGetBean(AbstractBeanFactory.java:323)
	at org.springframework.beans.factory.support.AbstractBeanFactory.getBean(AbstractBeanFactory.java:199)
	at org.springframework.context.support.AbstractApplicationContext.getBean(AbstractApplicationContext.java:1166)
	at org.springframework.context.support.AbstractApplicationContext.finishBeanFactoryInitialization(AbstractApplicationContext.java:940)
	at org.springframework.context.support.AbstractApplicationContext.refresh(AbstractApplicationContext.java:616)
	at org.springframework.boot.web.servlet.context.ServletWebServerApplicationContext.refresh(ServletWebServerApplicationContext.java:146)
	at org.springframework.boot.SpringApplication.refresh(SpringApplication.java:738)
	at org.springframework.boot.SpringApplication.refreshContext(SpringApplication.java:440)
	at org.springframework.boot.SpringApplication.run(SpringApplication.java:316)
	at org.springframework.boot.test.context.SpringBootContextLoader.lambda$loadContext$3(SpringBootContextLoader.java:137)
	at org.springframework.util.function.ThrowingSupplier.get(ThrowingSupplier.java:58)
	at org.springframework.util.function.ThrowingSupplier.get(ThrowingSupplier.java:46)
	at org.springframework.boot.SpringApplication.withHook(SpringApplication.java:1406)
	at org.springframework.boot.test.context.SpringBootContextLoader$ContextLoaderHook.run(SpringBootContextLoader.java:545)
	at org.springframework.boot.test.context.SpringBootContextLoader.loadContext(SpringBootContextLoader.java:137)
	at org.springframework.boot.test.context.SpringBootContextLoader.loadContext(SpringBootContextLoader.java:108)
	at org.springframework.test.context.cache.DefaultCacheAwareContextLoaderDelegate.loadContextInternal(DefaultCacheAwareContextLoaderDelegate.java:187)
	at org.springframework.test.context.cache.DefaultCacheAwareContextLoaderDelegate.loadContext(DefaultCacheAwareContextLoaderDelegate.java:119)
	at org.springframework.test.context.support.DefaultTestContext.getApplicationContext(DefaultTestContext.java:127)
	at org.springframework.test.context.support.DependencyInjectionTestExecutionListener.injectDependencies(DependencyInjectionTestExecutionListener.java:141)
	at org.springframework.test.context.support.DependencyInjectionTestExecutionListener.prepareTestInstance(DependencyInjectionTestExecutionListener.java:97)
	at org.springframework.test.context.TestContextManager.prepareTestInstance(TestContextManager.java:241)
	at org.springframework.test.context.junit.jupiter.SpringExtension.postProcessTestInstance(SpringExtension.java:138)
	at org.junit.jupiter.engine.descriptor.ClassBasedTestDescriptor.lambda$invokeTestInstancePostProcessors$10(ClassBasedTestDescriptor.java:377)
	at org.junit.jupiter.engine.descriptor.ClassBasedTestDescriptor.executeAndMaskThrowable(ClassBasedTestDescriptor.java:382)
	at org.junit.jupiter.engine.descriptor.ClassBasedTestDescriptor.lambda$invokeTestInstancePostProcessors$11(ClassBasedTestDescriptor.java:377)
	at java.base/java.util.stream.ReferencePipeline$3$1.accept(ReferencePipeline.java:197)
	at java.base/java.util.stream.ReferencePipeline$2$1.accept(ReferencePipeline.java:179)
	at java.base/java.util.ArrayList$ArrayListSpliterator.forEachRemaining(ArrayList.java:1625)
	at java.base/java.util.stream.AbstractPipeline.copyInto(AbstractPipeline.java:509)
	at java.base/java.util.stream.AbstractPipeline.wrapAndCopyInto(AbstractPipeline.java:499)
	at java.base/java.util.stream.StreamSpliterators$WrappingSpliterator.forEachRemaining(StreamSpliterators.java:310)
	at java.base/java.util.stream.Streams$ConcatSpliterator.forEachRemaining(Streams.java:735)
	at java.base/java.util.stream.Streams$ConcatSpliterator.forEachRemaining(Streams.java:734)
	at java.base/java.util.stream.ReferencePipeline$Head.forEach(ReferencePipeline.java:762)
	at org.junit.jupiter.engine.descriptor.ClassBasedTestDescriptor.invokeTestInstancePostProcessors(ClassBasedTestDescriptor.java:376)
	at org.junit.jupiter.engine.descriptor.ClassBasedTestDescriptor.lambda$instantiateAndPostProcessTestInstance$6(ClassBasedTestDescriptor.java:289)
	at org.junit.platform.engine.support.hierarchical.ThrowableCollector.execute(ThrowableCollector.java:73)
	at org.junit.jupiter.engine.descriptor.ClassBasedTestDescriptor.instantiateAndPostProcessTestInstance(ClassBasedTestDescriptor.java:288)
	at org.junit.jupiter.engine.descriptor.ClassBasedTestDescriptor.lambda$testInstancesProvider$4(ClassBasedTestDescriptor.java:278)
	at java.base/java.util.Optional.orElseGet(Optional.java:364)
	at org.junit.jupiter.engine.descriptor.ClassBasedTestDescriptor.lambda$testInstancesProvider$5(ClassBasedTestDescriptor.java:277)
	at org.junit.jupiter.engine.execution.TestInstancesProvider.getTestInstances(TestInstancesProvider.java:31)
	at org.junit.jupiter.engine.descriptor.TestMethodTestDescriptor.lambda$prepare$0(TestMethodTestDescriptor.java:105)
	at org.junit.platform.engine.support.hierarchical.ThrowableCollector.execute(ThrowableCollector.java:73)
	at org.junit.jupiter.engine.descriptor.TestMethodTestDescriptor.prepare(TestMethodTestDescriptor.java:104)
	at org.junit.jupiter.engine.descriptor.TestMethodTestDescriptor.prepare(TestMethodTestDescriptor.java:68)
	at org.junit.platform.engine.support.hierarchical.NodeTestTask.lambda$prepare$2(NodeTestTask.java:123)
	at org.junit.platform.engine.support.hierarchical.ThrowableCollector.execute(ThrowableCollector.java:73)
	at org.junit.platform.engine.support.hierarchical.NodeTestTask.prepare(NodeTestTask.java:123)
	at org.junit.platform.engine.support.hierarchical.NodeTestTask.execute(NodeTestTask.java:90)
	at java.base/java.util.ArrayList.forEach(ArrayList.java:1511)
	at org.junit.platform.engine.support.hierarchical.SameThreadHierarchicalTestExecutorService.invokeAll(SameThreadHierarchicalTestExecutorService.java:41)
	at org.junit.platform.engine.support.hierarchical.NodeTestTask.lambda$executeRecursively$6(NodeTestTask.java:155)
	at org.junit.platform.engine.support.hierarchical.ThrowableCollector.execute(ThrowableCollector.java:73)
	at org.junit.platform.engine.support.hierarchical.NodeTestTask.lambda$executeRecursively$8(NodeTestTask.java:141)
	at org.junit.platform.engine.support.hierarchical.Node.around(Node.java:137)
	at org.junit.platform.engine.support.hierarchical.NodeTestTask.lambda$executeRecursively$9(NodeTestTask.java:139)
	at org.junit.platform.engine.support.hierarchical.ThrowableCollector.execute(ThrowableCollector.java:73)
	at org.junit.platform.engine.support.hierarchical.NodeTestTask.executeRecursively(NodeTestTask.java:138)
	at org.junit.platform.engine.support.hierarchical.NodeTestTask.execute(NodeTestTask.java:95)
	at java.base/java.util.ArrayList.forEach(ArrayList.java:1511)
	at org.junit.platform.engine.support.hierarchical.SameThreadHierarchicalTestExecutorService.invokeAll(SameThreadHierarchicalTestExecutorService.java:41)
	at org.junit.platform.engine.support.hierarchical.NodeTestTask.lambda$executeRecursively$6(NodeTestTask.java:155)
	at org.junit.platform.engine.support.hierarchical.ThrowableCollector.execute(ThrowableCollector.java:73)
	at org.junit.platform.engine.support.hierarchical.NodeTestTask.lambda$executeRecursively$8(NodeTestTask.java:141)
	at org.junit.platform.engine.support.hierarchical.Node.around(Node.java:137)
	at org.junit.platform.engine.support.hierarchical.NodeTestTask.lambda$executeRecursively$9(NodeTestTask.java:139)
	at org.junit.platform.engine.support.hierarchical.ThrowableCollector.execute(ThrowableCollector.java:73)
	at org.junit.platform.engine.support.hierarchical.NodeTestTask.executeRecursively(NodeTestTask.java:138)
	at org.junit.platform.engine.support.hierarchical.NodeTestTask.execute(NodeTestTask.java:95)
	at org.junit.platform.engine.support.hierarchical.SameThreadHierarchicalTestExecutorService.submit(SameThreadHierarchicalTestExecutorService.java:35)
	at org.junit.platform.engine.support.hierarchical.HierarchicalTestExecutor.execute(HierarchicalTestExecutor.java:57)
	at org.junit.platform.engine.support.hierarchical.HierarchicalTestEngine.execute(HierarchicalTestEngine.java:54)
	at org.junit.platform.launcher.core.EngineExecutionOrchestrator.execute(EngineExecutionOrchestrator.java:147)
	at org.junit.platform.launcher.core.EngineExecutionOrchestrator.execute(EngineExecutionOrchestrator.java:127)
	at org.junit.platform.launcher.core.EngineExecutionOrchestrator.execute(EngineExecutionOrchestrator.java:90)
	at org.junit.platform.launcher.core.EngineExecutionOrchestrator.lambda$execute$0(EngineExecutionOrchestrator.java:55)
	at org.junit.platform.launcher.core.EngineExecutionOrchestrator.withInterceptedStreams(EngineExecutionOrchestrator.java:102)
	at org.junit.platform.launcher.core.EngineExecutionOrchestrator.execute(EngineExecutionOrchestrator.java:54)
	at org.junit.platform.launcher.core.DefaultLauncher.execute(DefaultLauncher.java:114)
	at org.junit.platform.launcher.core.DefaultLauncher.execute(DefaultLauncher.java:86)
	at org.junit.platform.launcher.core.DefaultLauncherSession$DelegatingLauncher.execute(DefaultLauncherSession.java:86)
	at org.apache.maven.surefire.junitplatform.LazyLauncher.execute(LazyLauncher.java:50)
	at org.apache.maven.surefire.junitplatform.JUnitPlatformProvider.execute(JUnitPlatformProvider.java:184)
	at org.apache.maven.surefire.junitplatform.JUnitPlatformProvider.invokeAllTests(JUnitPlatformProvider.java:148)
	at org.apache.maven.surefire.junitplatform.JUnitPlatformProvider.invoke(JUnitPlatformProvider.java:122)
	at org.apache.maven.surefire.booter.ForkedBooter.runSuitesInProcess(ForkedBooter.java:385)
	at org.apache.maven.surefire.booter.ForkedBooter.execute(ForkedBooter.java:162)
	at org.apache.maven.surefire.booter.ForkedBooter.run(ForkedBooter.java:507)
	at org.apache.maven.surefire.booter.ForkedBooter.main(ForkedBooter.java:495)
2023-11-24 12:36:33,830 DEBUG o.h.o.s.a.tree [SqlTreePrinter.java:46] SQL AST Tree:
    SelectStatement {
      FromClause {
        StandardTableGroup (c1 : franco.maurizio.hr.desk.com.persistence.entity.CandidateSurveyToken) {
          primaryTableReference : candidatesurveytokens as c1_0
        }
      }
    }

2023-11-24 12:36:33,831 DEBUG o.h.p.e.AbstractEntityPersister [AbstractEntityPersister.java:2904] Static SQL for entity: franco.maurizio.hr.desk.com.persistence.entity.CandidateStates
2023-11-24 12:36:33,832 DEBUG o.h.p.e.AbstractEntityPersister [AbstractEntityPersister.java:2909]  Version select: select id from candidate_states where id=?
2023-11-24 12:36:33,832 DEBUG o.h.p.e.AbstractEntityPersister [DelegatingBasicLogger.java:393]  Insert (0): insert into candidate_states (role_id,status_code,status_color,status_description,status_label) values (?,?,?,?,?)
2023-11-24 12:36:33,832 DEBUG o.h.p.e.AbstractEntityPersister [DelegatingBasicLogger.java:393]  Update (0): update candidate_states set role_id=?,status_code=?,status_color=?,status_description=?,status_label=? where id=?
2023-11-24 12:36:33,832 DEBUG o.h.p.e.AbstractEntityPersister [DelegatingBasicLogger.java:393]  Delete (0): delete from candidate_states where id=?
2023-11-24 12:36:33,832 DEBUG o.h.o.s.a.create [SqlAliasBaseImpl.java:33] Created new SQL alias : c1_0
2023-11-24 12:36:33,833 DEBUG o.h.o.s.a.create [SimpleFromClauseAccessImpl.java:98] Registration of TableGroup [StandardTableGroup(franco.maurizio.hr.desk.com.persistence.entity.CandidateStates)] with identifierForTableGroup [franco.maurizio.hr.desk.com.persistence.entity.CandidateStates] for NavigablePath [franco.maurizio.hr.desk.com.persistence.entity.CandidateStates] 
2023-11-24 12:36:33,833 TRACE o.h.l.a.i.LoaderSelectBuilder [LoaderSelectBuilder.java:779] Starting visitation of FetchParent's Fetchables : franco.maurizio.hr.desk.com.persistence.entity.CandidateStates
2023-11-24 12:36:33,834 DEBUG o.h.o.r.g.AST [DomainResultGraphPrinter.java:67] DomainResult Graph:
 \-EntityResultImpl [franco.maurizio.hr.desk.com.persistence.entity.CandidateStates]
 |  +-BasicFetch [franco.maurizio.hr.desk.com.persistence.entity.CandidateStates.roleId]
 |  +-BasicFetch [franco.maurizio.hr.desk.com.persistence.entity.CandidateStates.statusCode]
 |  +-BasicFetch [franco.maurizio.hr.desk.com.persistence.entity.CandidateStates.statusColor]
 |  +-BasicFetch [franco.maurizio.hr.desk.com.persistence.entity.CandidateStates.statusDescription]
 |  \-BasicFetch [franco.maurizio.hr.desk.com.persistence.entity.CandidateStates.statusLabel]

2023-11-24 12:36:33,834 TRACE o.h.o.r.g.AST [DomainResultGraphPrinter.java:70] Stack trace calling DomainResultGraphPrinter
java.lang.Exception: null
	at org.hibernate.sql.results.graph.DomainResultGraphPrinter.visitDomainResults(DomainResultGraphPrinter.java:70)
	at org.hibernate.sql.results.graph.DomainResultGraphPrinter.logDomainResultGraph(DomainResultGraphPrinter.java:46)
	at org.hibernate.sql.results.graph.DomainResultGraphPrinter.logDomainResultGraph(DomainResultGraphPrinter.java:37)
	at org.hibernate.sql.ast.spi.AbstractSqlAstTranslator.translateSelect(AbstractSqlAstTranslator.java:848)
	at org.hibernate.sql.ast.spi.AbstractSqlAstTranslator.translate(AbstractSqlAstTranslator.java:801)
	at org.hibernate.loader.ast.internal.SingleIdLoadPlan.<init>(SingleIdLoadPlan.java:67)
	at org.hibernate.loader.ast.internal.SingleIdEntityLoaderStandardImpl.createLoadPlan(SingleIdEntityLoaderStandardImpl.java:197)
	at org.hibernate.loader.ast.internal.SingleIdEntityLoaderStandardImpl.prepare(SingleIdEntityLoaderStandardImpl.java:55)
	at org.hibernate.persister.entity.AbstractEntityPersister.prepareLoader(AbstractEntityPersister.java:3486)
	at org.hibernate.persister.entity.AbstractEntityPersister.postInstantiate(AbstractEntityPersister.java:3480)
	at org.hibernate.metamodel.model.domain.internal.MappingMetamodelImpl.finishInitialization(MappingMetamodelImpl.java:204)
	at org.hibernate.internal.SessionFactoryImpl.initializeMappingModel(SessionFactoryImpl.java:321)
	at org.hibernate.internal.SessionFactoryImpl.<init>(SessionFactoryImpl.java:271)
	at org.hibernate.boot.internal.SessionFactoryBuilderImpl.build(SessionFactoryBuilderImpl.java:444)
	at org.hibernate.jpa.boot.internal.EntityManagerFactoryBuilderImpl.build(EntityManagerFactoryBuilderImpl.java:1458)
	at org.springframework.orm.jpa.vendor.SpringHibernateJpaPersistenceProvider.createContainerEntityManagerFactory(SpringHibernateJpaPersistenceProvider.java:75)
	at org.springframework.orm.jpa.LocalContainerEntityManagerFactoryBean.createNativeEntityManagerFactory(LocalContainerEntityManagerFactoryBean.java:376)
	at org.springframework.orm.jpa.AbstractEntityManagerFactoryBean.buildNativeEntityManagerFactory(AbstractEntityManagerFactoryBean.java:409)
	at org.springframework.orm.jpa.AbstractEntityManagerFactoryBean.afterPropertiesSet(AbstractEntityManagerFactoryBean.java:396)
	at org.springframework.orm.jpa.LocalContainerEntityManagerFactoryBean.afterPropertiesSet(LocalContainerEntityManagerFactoryBean.java:352)
	at org.springframework.beans.factory.support.AbstractAutowireCapableBeanFactory.invokeInitMethods(AbstractAutowireCapableBeanFactory.java:1817)
	at org.springframework.beans.factory.support.AbstractAutowireCapableBeanFactory.initializeBean(AbstractAutowireCapableBeanFactory.java:1766)
	at org.springframework.beans.factory.support.AbstractAutowireCapableBeanFactory.doCreateBean(AbstractAutowireCapableBeanFactory.java:598)
	at org.springframework.beans.factory.support.AbstractAutowireCapableBeanFactory.createBean(AbstractAutowireCapableBeanFactory.java:520)
	at org.springframework.beans.factory.support.AbstractBeanFactory.lambda$doGetBean$0(AbstractBeanFactory.java:325)
	at org.springframework.beans.factory.support.DefaultSingletonBeanRegistry.getSingleton(DefaultSingletonBeanRegistry.java:234)
	at org.springframework.beans.factory.support.AbstractBeanFactory.doGetBean(AbstractBeanFactory.java:323)
	at org.springframework.beans.factory.support.AbstractBeanFactory.getBean(AbstractBeanFactory.java:199)
	at org.springframework.context.support.AbstractApplicationContext.getBean(AbstractApplicationContext.java:1166)
	at org.springframework.context.support.AbstractApplicationContext.finishBeanFactoryInitialization(AbstractApplicationContext.java:940)
	at org.springframework.context.support.AbstractApplicationContext.refresh(AbstractApplicationContext.java:616)
	at org.springframework.boot.web.servlet.context.ServletWebServerApplicationContext.refresh(ServletWebServerApplicationContext.java:146)
	at org.springframework.boot.SpringApplication.refresh(SpringApplication.java:738)
	at org.springframework.boot.SpringApplication.refreshContext(SpringApplication.java:440)
	at org.springframework.boot.SpringApplication.run(SpringApplication.java:316)
	at org.springframework.boot.test.context.SpringBootContextLoader.lambda$loadContext$3(SpringBootContextLoader.java:137)
	at org.springframework.util.function.ThrowingSupplier.get(ThrowingSupplier.java:58)
	at org.springframework.util.function.ThrowingSupplier.get(ThrowingSupplier.java:46)
	at org.springframework.boot.SpringApplication.withHook(SpringApplication.java:1406)
	at org.springframework.boot.test.context.SpringBootContextLoader$ContextLoaderHook.run(SpringBootContextLoader.java:545)
	at org.springframework.boot.test.context.SpringBootContextLoader.loadContext(SpringBootContextLoader.java:137)
	at org.springframework.boot.test.context.SpringBootContextLoader.loadContext(SpringBootContextLoader.java:108)
	at org.springframework.test.context.cache.DefaultCacheAwareContextLoaderDelegate.loadContextInternal(DefaultCacheAwareContextLoaderDelegate.java:187)
	at org.springframework.test.context.cache.DefaultCacheAwareContextLoaderDelegate.loadContext(DefaultCacheAwareContextLoaderDelegate.java:119)
	at org.springframework.test.context.support.DefaultTestContext.getApplicationContext(DefaultTestContext.java:127)
	at org.springframework.test.context.support.DependencyInjectionTestExecutionListener.injectDependencies(DependencyInjectionTestExecutionListener.java:141)
	at org.springframework.test.context.support.DependencyInjectionTestExecutionListener.prepareTestInstance(DependencyInjectionTestExecutionListener.java:97)
	at org.springframework.test.context.TestContextManager.prepareTestInstance(TestContextManager.java:241)
	at org.springframework.test.context.junit.jupiter.SpringExtension.postProcessTestInstance(SpringExtension.java:138)
	at org.junit.jupiter.engine.descriptor.ClassBasedTestDescriptor.lambda$invokeTestInstancePostProcessors$10(ClassBasedTestDescriptor.java:377)
	at org.junit.jupiter.engine.descriptor.ClassBasedTestDescriptor.executeAndMaskThrowable(ClassBasedTestDescriptor.java:382)
	at org.junit.jupiter.engine.descriptor.ClassBasedTestDescriptor.lambda$invokeTestInstancePostProcessors$11(ClassBasedTestDescriptor.java:377)
	at java.base/java.util.stream.ReferencePipeline$3$1.accept(ReferencePipeline.java:197)
	at java.base/java.util.stream.ReferencePipeline$2$1.accept(ReferencePipeline.java:179)
	at java.base/java.util.ArrayList$ArrayListSpliterator.forEachRemaining(ArrayList.java:1625)
	at java.base/java.util.stream.AbstractPipeline.copyInto(AbstractPipeline.java:509)
	at java.base/java.util.stream.AbstractPipeline.wrapAndCopyInto(AbstractPipeline.java:499)
	at java.base/java.util.stream.StreamSpliterators$WrappingSpliterator.forEachRemaining(StreamSpliterators.java:310)
	at java.base/java.util.stream.Streams$ConcatSpliterator.forEachRemaining(Streams.java:735)
	at java.base/java.util.stream.Streams$ConcatSpliterator.forEachRemaining(Streams.java:734)
	at java.base/java.util.stream.ReferencePipeline$Head.forEach(ReferencePipeline.java:762)
	at org.junit.jupiter.engine.descriptor.ClassBasedTestDescriptor.invokeTestInstancePostProcessors(ClassBasedTestDescriptor.java:376)
	at org.junit.jupiter.engine.descriptor.ClassBasedTestDescriptor.lambda$instantiateAndPostProcessTestInstance$6(ClassBasedTestDescriptor.java:289)
	at org.junit.platform.engine.support.hierarchical.ThrowableCollector.execute(ThrowableCollector.java:73)
	at org.junit.jupiter.engine.descriptor.ClassBasedTestDescriptor.instantiateAndPostProcessTestInstance(ClassBasedTestDescriptor.java:288)
	at org.junit.jupiter.engine.descriptor.ClassBasedTestDescriptor.lambda$testInstancesProvider$4(ClassBasedTestDescriptor.java:278)
	at java.base/java.util.Optional.orElseGet(Optional.java:364)
	at org.junit.jupiter.engine.descriptor.ClassBasedTestDescriptor.lambda$testInstancesProvider$5(ClassBasedTestDescriptor.java:277)
	at org.junit.jupiter.engine.execution.TestInstancesProvider.getTestInstances(TestInstancesProvider.java:31)
	at org.junit.jupiter.engine.descriptor.TestMethodTestDescriptor.lambda$prepare$0(TestMethodTestDescriptor.java:105)
	at org.junit.platform.engine.support.hierarchical.ThrowableCollector.execute(ThrowableCollector.java:73)
	at org.junit.jupiter.engine.descriptor.TestMethodTestDescriptor.prepare(TestMethodTestDescriptor.java:104)
	at org.junit.jupiter.engine.descriptor.TestMethodTestDescriptor.prepare(TestMethodTestDescriptor.java:68)
	at org.junit.platform.engine.support.hierarchical.NodeTestTask.lambda$prepare$2(NodeTestTask.java:123)
	at org.junit.platform.engine.support.hierarchical.ThrowableCollector.execute(ThrowableCollector.java:73)
	at org.junit.platform.engine.support.hierarchical.NodeTestTask.prepare(NodeTestTask.java:123)
	at org.junit.platform.engine.support.hierarchical.NodeTestTask.execute(NodeTestTask.java:90)
	at java.base/java.util.ArrayList.forEach(ArrayList.java:1511)
	at org.junit.platform.engine.support.hierarchical.SameThreadHierarchicalTestExecutorService.invokeAll(SameThreadHierarchicalTestExecutorService.java:41)
	at org.junit.platform.engine.support.hierarchical.NodeTestTask.lambda$executeRecursively$6(NodeTestTask.java:155)
	at org.junit.platform.engine.support.hierarchical.ThrowableCollector.execute(ThrowableCollector.java:73)
	at org.junit.platform.engine.support.hierarchical.NodeTestTask.lambda$executeRecursively$8(NodeTestTask.java:141)
	at org.junit.platform.engine.support.hierarchical.Node.around(Node.java:137)
	at org.junit.platform.engine.support.hierarchical.NodeTestTask.lambda$executeRecursively$9(NodeTestTask.java:139)
	at org.junit.platform.engine.support.hierarchical.ThrowableCollector.execute(ThrowableCollector.java:73)
	at org.junit.platform.engine.support.hierarchical.NodeTestTask.executeRecursively(NodeTestTask.java:138)
	at org.junit.platform.engine.support.hierarchical.NodeTestTask.execute(NodeTestTask.java:95)
	at java.base/java.util.ArrayList.forEach(ArrayList.java:1511)
	at org.junit.platform.engine.support.hierarchical.SameThreadHierarchicalTestExecutorService.invokeAll(SameThreadHierarchicalTestExecutorService.java:41)
	at org.junit.platform.engine.support.hierarchical.NodeTestTask.lambda$executeRecursively$6(NodeTestTask.java:155)
	at org.junit.platform.engine.support.hierarchical.ThrowableCollector.execute(ThrowableCollector.java:73)
	at org.junit.platform.engine.support.hierarchical.NodeTestTask.lambda$executeRecursively$8(NodeTestTask.java:141)
	at org.junit.platform.engine.support.hierarchical.Node.around(Node.java:137)
	at org.junit.platform.engine.support.hierarchical.NodeTestTask.lambda$executeRecursively$9(NodeTestTask.java:139)
	at org.junit.platform.engine.support.hierarchical.ThrowableCollector.execute(ThrowableCollector.java:73)
	at org.junit.platform.engine.support.hierarchical.NodeTestTask.executeRecursively(NodeTestTask.java:138)
	at org.junit.platform.engine.support.hierarchical.NodeTestTask.execute(NodeTestTask.java:95)
	at org.junit.platform.engine.support.hierarchical.SameThreadHierarchicalTestExecutorService.submit(SameThreadHierarchicalTestExecutorService.java:35)
	at org.junit.platform.engine.support.hierarchical.HierarchicalTestExecutor.execute(HierarchicalTestExecutor.java:57)
	at org.junit.platform.engine.support.hierarchical.HierarchicalTestEngine.execute(HierarchicalTestEngine.java:54)
	at org.junit.platform.launcher.core.EngineExecutionOrchestrator.execute(EngineExecutionOrchestrator.java:147)
	at org.junit.platform.launcher.core.EngineExecutionOrchestrator.execute(EngineExecutionOrchestrator.java:127)
	at org.junit.platform.launcher.core.EngineExecutionOrchestrator.execute(EngineExecutionOrchestrator.java:90)
	at org.junit.platform.launcher.core.EngineExecutionOrchestrator.lambda$execute$0(EngineExecutionOrchestrator.java:55)
	at org.junit.platform.launcher.core.EngineExecutionOrchestrator.withInterceptedStreams(EngineExecutionOrchestrator.java:102)
	at org.junit.platform.launcher.core.EngineExecutionOrchestrator.execute(EngineExecutionOrchestrator.java:54)
	at org.junit.platform.launcher.core.DefaultLauncher.execute(DefaultLauncher.java:114)
	at org.junit.platform.launcher.core.DefaultLauncher.execute(DefaultLauncher.java:86)
	at org.junit.platform.launcher.core.DefaultLauncherSession$DelegatingLauncher.execute(DefaultLauncherSession.java:86)
	at org.apache.maven.surefire.junitplatform.LazyLauncher.execute(LazyLauncher.java:50)
	at org.apache.maven.surefire.junitplatform.JUnitPlatformProvider.execute(JUnitPlatformProvider.java:184)
	at org.apache.maven.surefire.junitplatform.JUnitPlatformProvider.invokeAllTests(JUnitPlatformProvider.java:148)
	at org.apache.maven.surefire.junitplatform.JUnitPlatformProvider.invoke(JUnitPlatformProvider.java:122)
	at org.apache.maven.surefire.booter.ForkedBooter.runSuitesInProcess(ForkedBooter.java:385)
	at org.apache.maven.surefire.booter.ForkedBooter.execute(ForkedBooter.java:162)
	at org.apache.maven.surefire.booter.ForkedBooter.run(ForkedBooter.java:507)
	at org.apache.maven.surefire.booter.ForkedBooter.main(ForkedBooter.java:495)
2023-11-24 12:36:33,835 DEBUG o.h.o.s.a.tree [SqlTreePrinter.java:46] SQL AST Tree:
    SelectStatement {
      FromClause {
        StandardTableGroup (c1 : franco.maurizio.hr.desk.com.persistence.entity.CandidateStates) {
          primaryTableReference : candidate_states as c1_0
        }
      }
    }

2023-11-24 12:36:33,837 DEBUG o.h.p.e.AbstractEntityPersister [AbstractEntityPersister.java:2904] Static SQL for entity: franco.maurizio.hr.desk.com.persistence.entity.CoursePage
2023-11-24 12:36:33,837 DEBUG o.h.p.e.AbstractEntityPersister [AbstractEntityPersister.java:2909]  Version select: select id from coursepage where id=?
2023-11-24 12:36:33,838 DEBUG o.h.p.e.AbstractEntityPersister [DelegatingBasicLogger.java:393]  Insert (0): insert into coursepage (body_text,code,created_datetime,file_name,opened_by,status_open,title) values (?,?,?,?,?,?,?)
2023-11-24 12:36:33,838 DEBUG o.h.p.e.AbstractEntityPersister [DelegatingBasicLogger.java:393]  Update (0): update coursepage set body_text=?,code=?,created_datetime=?,file_name=?,opened_by=?,status_open=?,title=? where id=?
2023-11-24 12:36:33,838 DEBUG o.h.p.e.AbstractEntityPersister [DelegatingBasicLogger.java:393]  Delete (0): delete from coursepage where id=?
2023-11-24 12:36:33,838 DEBUG o.h.o.s.a.create [SqlAliasBaseImpl.java:33] Created new SQL alias : c1_0
2023-11-24 12:36:33,839 DEBUG o.h.o.s.a.create [SimpleFromClauseAccessImpl.java:98] Registration of TableGroup [StandardTableGroup(franco.maurizio.hr.desk.com.persistence.entity.CoursePage)] with identifierForTableGroup [franco.maurizio.hr.desk.com.persistence.entity.CoursePage] for NavigablePath [franco.maurizio.hr.desk.com.persistence.entity.CoursePage] 
2023-11-24 12:36:33,839 TRACE o.h.l.a.i.LoaderSelectBuilder [LoaderSelectBuilder.java:779] Starting visitation of FetchParent's Fetchables : franco.maurizio.hr.desk.com.persistence.entity.CoursePage
2023-11-24 12:36:33,840 DEBUG o.h.o.r.g.AST [DomainResultGraphPrinter.java:67] DomainResult Graph:
 \-EntityResultImpl [franco.maurizio.hr.desk.com.persistence.entity.CoursePage]
 |  +-BasicFetch [franco.maurizio.hr.desk.com.persistence.entity.CoursePage.bodyText]
 |  +-BasicFetch [franco.maurizio.hr.desk.com.persistence.entity.CoursePage.code]
 |  +-BasicFetch [franco.maurizio.hr.desk.com.persistence.entity.CoursePage.created_datetime]
 |  +-BasicFetch [franco.maurizio.hr.desk.com.persistence.entity.CoursePage.fileName]
 |  +-BasicFetch [franco.maurizio.hr.desk.com.persistence.entity.CoursePage.opened_by]
 |  +-BasicFetch [franco.maurizio.hr.desk.com.persistence.entity.CoursePage.statusOpen]
 |  \-BasicFetch [franco.maurizio.hr.desk.com.persistence.entity.CoursePage.title]

2023-11-24 12:36:33,840 TRACE o.h.o.r.g.AST [DomainResultGraphPrinter.java:70] Stack trace calling DomainResultGraphPrinter
java.lang.Exception: null
	at org.hibernate.sql.results.graph.DomainResultGraphPrinter.visitDomainResults(DomainResultGraphPrinter.java:70)
	at org.hibernate.sql.results.graph.DomainResultGraphPrinter.logDomainResultGraph(DomainResultGraphPrinter.java:46)
	at org.hibernate.sql.results.graph.DomainResultGraphPrinter.logDomainResultGraph(DomainResultGraphPrinter.java:37)
	at org.hibernate.sql.ast.spi.AbstractSqlAstTranslator.translateSelect(AbstractSqlAstTranslator.java:848)
	at org.hibernate.sql.ast.spi.AbstractSqlAstTranslator.translate(AbstractSqlAstTranslator.java:801)
	at org.hibernate.loader.ast.internal.SingleIdLoadPlan.<init>(SingleIdLoadPlan.java:67)
	at org.hibernate.loader.ast.internal.SingleIdEntityLoaderStandardImpl.createLoadPlan(SingleIdEntityLoaderStandardImpl.java:197)
	at org.hibernate.loader.ast.internal.SingleIdEntityLoaderStandardImpl.prepare(SingleIdEntityLoaderStandardImpl.java:55)
	at org.hibernate.persister.entity.AbstractEntityPersister.prepareLoader(AbstractEntityPersister.java:3486)
	at org.hibernate.persister.entity.AbstractEntityPersister.postInstantiate(AbstractEntityPersister.java:3480)
	at org.hibernate.metamodel.model.domain.internal.MappingMetamodelImpl.finishInitialization(MappingMetamodelImpl.java:204)
	at org.hibernate.internal.SessionFactoryImpl.initializeMappingModel(SessionFactoryImpl.java:321)
	at org.hibernate.internal.SessionFactoryImpl.<init>(SessionFactoryImpl.java:271)
	at org.hibernate.boot.internal.SessionFactoryBuilderImpl.build(SessionFactoryBuilderImpl.java:444)
	at org.hibernate.jpa.boot.internal.EntityManagerFactoryBuilderImpl.build(EntityManagerFactoryBuilderImpl.java:1458)
	at org.springframework.orm.jpa.vendor.SpringHibernateJpaPersistenceProvider.createContainerEntityManagerFactory(SpringHibernateJpaPersistenceProvider.java:75)
	at org.springframework.orm.jpa.LocalContainerEntityManagerFactoryBean.createNativeEntityManagerFactory(LocalContainerEntityManagerFactoryBean.java:376)
	at org.springframework.orm.jpa.AbstractEntityManagerFactoryBean.buildNativeEntityManagerFactory(AbstractEntityManagerFactoryBean.java:409)
	at org.springframework.orm.jpa.AbstractEntityManagerFactoryBean.afterPropertiesSet(AbstractEntityManagerFactoryBean.java:396)
	at org.springframework.orm.jpa.LocalContainerEntityManagerFactoryBean.afterPropertiesSet(LocalContainerEntityManagerFactoryBean.java:352)
	at org.springframework.beans.factory.support.AbstractAutowireCapableBeanFactory.invokeInitMethods(AbstractAutowireCapableBeanFactory.java:1817)
	at org.springframework.beans.factory.support.AbstractAutowireCapableBeanFactory.initializeBean(AbstractAutowireCapableBeanFactory.java:1766)
	at org.springframework.beans.factory.support.AbstractAutowireCapableBeanFactory.doCreateBean(AbstractAutowireCapableBeanFactory.java:598)
	at org.springframework.beans.factory.support.AbstractAutowireCapableBeanFactory.createBean(AbstractAutowireCapableBeanFactory.java:520)
	at org.springframework.beans.factory.support.AbstractBeanFactory.lambda$doGetBean$0(AbstractBeanFactory.java:325)
	at org.springframework.beans.factory.support.DefaultSingletonBeanRegistry.getSingleton(DefaultSingletonBeanRegistry.java:234)
	at org.springframework.beans.factory.support.AbstractBeanFactory.doGetBean(AbstractBeanFactory.java:323)
	at org.springframework.beans.factory.support.AbstractBeanFactory.getBean(AbstractBeanFactory.java:199)
	at org.springframework.context.support.AbstractApplicationContext.getBean(AbstractApplicationContext.java:1166)
	at org.springframework.context.support.AbstractApplicationContext.finishBeanFactoryInitialization(AbstractApplicationContext.java:940)
	at org.springframework.context.support.AbstractApplicationContext.refresh(AbstractApplicationContext.java:616)
	at org.springframework.boot.web.servlet.context.ServletWebServerApplicationContext.refresh(ServletWebServerApplicationContext.java:146)
	at org.springframework.boot.SpringApplication.refresh(SpringApplication.java:738)
	at org.springframework.boot.SpringApplication.refreshContext(SpringApplication.java:440)
	at org.springframework.boot.SpringApplication.run(SpringApplication.java:316)
	at org.springframework.boot.test.context.SpringBootContextLoader.lambda$loadContext$3(SpringBootContextLoader.java:137)
	at org.springframework.util.function.ThrowingSupplier.get(ThrowingSupplier.java:58)
	at org.springframework.util.function.ThrowingSupplier.get(ThrowingSupplier.java:46)
	at org.springframework.boot.SpringApplication.withHook(SpringApplication.java:1406)
	at org.springframework.boot.test.context.SpringBootContextLoader$ContextLoaderHook.run(SpringBootContextLoader.java:545)
	at org.springframework.boot.test.context.SpringBootContextLoader.loadContext(SpringBootContextLoader.java:137)
	at org.springframework.boot.test.context.SpringBootContextLoader.loadContext(SpringBootContextLoader.java:108)
	at org.springframework.test.context.cache.DefaultCacheAwareContextLoaderDelegate.loadContextInternal(DefaultCacheAwareContextLoaderDelegate.java:187)
	at org.springframework.test.context.cache.DefaultCacheAwareContextLoaderDelegate.loadContext(DefaultCacheAwareContextLoaderDelegate.java:119)
	at org.springframework.test.context.support.DefaultTestContext.getApplicationContext(DefaultTestContext.java:127)
	at org.springframework.test.context.support.DependencyInjectionTestExecutionListener.injectDependencies(DependencyInjectionTestExecutionListener.java:141)
	at org.springframework.test.context.support.DependencyInjectionTestExecutionListener.prepareTestInstance(DependencyInjectionTestExecutionListener.java:97)
	at org.springframework.test.context.TestContextManager.prepareTestInstance(TestContextManager.java:241)
	at org.springframework.test.context.junit.jupiter.SpringExtension.postProcessTestInstance(SpringExtension.java:138)
	at org.junit.jupiter.engine.descriptor.ClassBasedTestDescriptor.lambda$invokeTestInstancePostProcessors$10(ClassBasedTestDescriptor.java:377)
	at org.junit.jupiter.engine.descriptor.ClassBasedTestDescriptor.executeAndMaskThrowable(ClassBasedTestDescriptor.java:382)
	at org.junit.jupiter.engine.descriptor.ClassBasedTestDescriptor.lambda$invokeTestInstancePostProcessors$11(ClassBasedTestDescriptor.java:377)
	at java.base/java.util.stream.ReferencePipeline$3$1.accept(ReferencePipeline.java:197)
	at java.base/java.util.stream.ReferencePipeline$2$1.accept(ReferencePipeline.java:179)
	at java.base/java.util.ArrayList$ArrayListSpliterator.forEachRemaining(ArrayList.java:1625)
	at java.base/java.util.stream.AbstractPipeline.copyInto(AbstractPipeline.java:509)
	at java.base/java.util.stream.AbstractPipeline.wrapAndCopyInto(AbstractPipeline.java:499)
	at java.base/java.util.stream.StreamSpliterators$WrappingSpliterator.forEachRemaining(StreamSpliterators.java:310)
	at java.base/java.util.stream.Streams$ConcatSpliterator.forEachRemaining(Streams.java:735)
	at java.base/java.util.stream.Streams$ConcatSpliterator.forEachRemaining(Streams.java:734)
	at java.base/java.util.stream.ReferencePipeline$Head.forEach(ReferencePipeline.java:762)
	at org.junit.jupiter.engine.descriptor.ClassBasedTestDescriptor.invokeTestInstancePostProcessors(ClassBasedTestDescriptor.java:376)
	at org.junit.jupiter.engine.descriptor.ClassBasedTestDescriptor.lambda$instantiateAndPostProcessTestInstance$6(ClassBasedTestDescriptor.java:289)
	at org.junit.platform.engine.support.hierarchical.ThrowableCollector.execute(ThrowableCollector.java:73)
	at org.junit.jupiter.engine.descriptor.ClassBasedTestDescriptor.instantiateAndPostProcessTestInstance(ClassBasedTestDescriptor.java:288)
	at org.junit.jupiter.engine.descriptor.ClassBasedTestDescriptor.lambda$testInstancesProvider$4(ClassBasedTestDescriptor.java:278)
	at java.base/java.util.Optional.orElseGet(Optional.java:364)
	at org.junit.jupiter.engine.descriptor.ClassBasedTestDescriptor.lambda$testInstancesProvider$5(ClassBasedTestDescriptor.java:277)
	at org.junit.jupiter.engine.execution.TestInstancesProvider.getTestInstances(TestInstancesProvider.java:31)
	at org.junit.jupiter.engine.descriptor.TestMethodTestDescriptor.lambda$prepare$0(TestMethodTestDescriptor.java:105)
	at org.junit.platform.engine.support.hierarchical.ThrowableCollector.execute(ThrowableCollector.java:73)
	at org.junit.jupiter.engine.descriptor.TestMethodTestDescriptor.prepare(TestMethodTestDescriptor.java:104)
	at org.junit.jupiter.engine.descriptor.TestMethodTestDescriptor.prepare(TestMethodTestDescriptor.java:68)
	at org.junit.platform.engine.support.hierarchical.NodeTestTask.lambda$prepare$2(NodeTestTask.java:123)
	at org.junit.platform.engine.support.hierarchical.ThrowableCollector.execute(ThrowableCollector.java:73)
	at org.junit.platform.engine.support.hierarchical.NodeTestTask.prepare(NodeTestTask.java:123)
	at org.junit.platform.engine.support.hierarchical.NodeTestTask.execute(NodeTestTask.java:90)
	at java.base/java.util.ArrayList.forEach(ArrayList.java:1511)
	at org.junit.platform.engine.support.hierarchical.SameThreadHierarchicalTestExecutorService.invokeAll(SameThreadHierarchicalTestExecutorService.java:41)
	at org.junit.platform.engine.support.hierarchical.NodeTestTask.lambda$executeRecursively$6(NodeTestTask.java:155)
	at org.junit.platform.engine.support.hierarchical.ThrowableCollector.execute(ThrowableCollector.java:73)
	at org.junit.platform.engine.support.hierarchical.NodeTestTask.lambda$executeRecursively$8(NodeTestTask.java:141)
	at org.junit.platform.engine.support.hierarchical.Node.around(Node.java:137)
	at org.junit.platform.engine.support.hierarchical.NodeTestTask.lambda$executeRecursively$9(NodeTestTask.java:139)
	at org.junit.platform.engine.support.hierarchical.ThrowableCollector.execute(ThrowableCollector.java:73)
	at org.junit.platform.engine.support.hierarchical.NodeTestTask.executeRecursively(NodeTestTask.java:138)
	at org.junit.platform.engine.support.hierarchical.NodeTestTask.execute(NodeTestTask.java:95)
	at java.base/java.util.ArrayList.forEach(ArrayList.java:1511)
	at org.junit.platform.engine.support.hierarchical.SameThreadHierarchicalTestExecutorService.invokeAll(SameThreadHierarchicalTestExecutorService.java:41)
	at org.junit.platform.engine.support.hierarchical.NodeTestTask.lambda$executeRecursively$6(NodeTestTask.java:155)
	at org.junit.platform.engine.support.hierarchical.ThrowableCollector.execute(ThrowableCollector.java:73)
	at org.junit.platform.engine.support.hierarchical.NodeTestTask.lambda$executeRecursively$8(NodeTestTask.java:141)
	at org.junit.platform.engine.support.hierarchical.Node.around(Node.java:137)
	at org.junit.platform.engine.support.hierarchical.NodeTestTask.lambda$executeRecursively$9(NodeTestTask.java:139)
	at org.junit.platform.engine.support.hierarchical.ThrowableCollector.execute(ThrowableCollector.java:73)
	at org.junit.platform.engine.support.hierarchical.NodeTestTask.executeRecursively(NodeTestTask.java:138)
	at org.junit.platform.engine.support.hierarchical.NodeTestTask.execute(NodeTestTask.java:95)
	at org.junit.platform.engine.support.hierarchical.SameThreadHierarchicalTestExecutorService.submit(SameThreadHierarchicalTestExecutorService.java:35)
	at org.junit.platform.engine.support.hierarchical.HierarchicalTestExecutor.execute(HierarchicalTestExecutor.java:57)
	at org.junit.platform.engine.support.hierarchical.HierarchicalTestEngine.execute(HierarchicalTestEngine.java:54)
	at org.junit.platform.launcher.core.EngineExecutionOrchestrator.execute(EngineExecutionOrchestrator.java:147)
	at org.junit.platform.launcher.core.EngineExecutionOrchestrator.execute(EngineExecutionOrchestrator.java:127)
	at org.junit.platform.launcher.core.EngineExecutionOrchestrator.execute(EngineExecutionOrchestrator.java:90)
	at org.junit.platform.launcher.core.EngineExecutionOrchestrator.lambda$execute$0(EngineExecutionOrchestrator.java:55)
	at org.junit.platform.launcher.core.EngineExecutionOrchestrator.withInterceptedStreams(EngineExecutionOrchestrator.java:102)
	at org.junit.platform.launcher.core.EngineExecutionOrchestrator.execute(EngineExecutionOrchestrator.java:54)
	at org.junit.platform.launcher.core.DefaultLauncher.execute(DefaultLauncher.java:114)
	at org.junit.platform.launcher.core.DefaultLauncher.execute(DefaultLauncher.java:86)
	at org.junit.platform.launcher.core.DefaultLauncherSession$DelegatingLauncher.execute(DefaultLauncherSession.java:86)
	at org.apache.maven.surefire.junitplatform.LazyLauncher.execute(LazyLauncher.java:50)
	at org.apache.maven.surefire.junitplatform.JUnitPlatformProvider.execute(JUnitPlatformProvider.java:184)
	at org.apache.maven.surefire.junitplatform.JUnitPlatformProvider.invokeAllTests(JUnitPlatformProvider.java:148)
	at org.apache.maven.surefire.junitplatform.JUnitPlatformProvider.invoke(JUnitPlatformProvider.java:122)
	at org.apache.maven.surefire.booter.ForkedBooter.runSuitesInProcess(ForkedBooter.java:385)
	at org.apache.maven.surefire.booter.ForkedBooter.execute(ForkedBooter.java:162)
	at org.apache.maven.surefire.booter.ForkedBooter.run(ForkedBooter.java:507)
	at org.apache.maven.surefire.booter.ForkedBooter.main(ForkedBooter.java:495)
2023-11-24 12:36:33,841 DEBUG o.h.o.s.a.tree [SqlTreePrinter.java:46] SQL AST Tree:
    SelectStatement {
      FromClause {
        StandardTableGroup (c1 : franco.maurizio.hr.desk.com.persistence.entity.CoursePage) {
          primaryTableReference : coursepage as c1_0
        }
      }
    }

2023-11-24 12:36:33,844 DEBUG o.h.p.e.AbstractEntityPersister [AbstractEntityPersister.java:2904] Static SQL for entity: franco.maurizio.hr.desk.com.persistence.entity.Role
2023-11-24 12:36:33,844 DEBUG o.h.p.e.AbstractEntityPersister [AbstractEntityPersister.java:2909]  Version select: select id from roles where id=?
2023-11-24 12:36:33,844 DEBUG o.h.p.e.AbstractEntityPersister [DelegatingBasicLogger.java:393]  Insert (0): insert into roles (description,label,level) values (?,?,?)
2023-11-24 12:36:33,845 DEBUG o.h.p.e.AbstractEntityPersister [DelegatingBasicLogger.java:393]  Update (0): update roles set description=?,label=?,level=? where id=?
2023-11-24 12:36:33,845 DEBUG o.h.p.e.AbstractEntityPersister [DelegatingBasicLogger.java:393]  Delete (0): delete from roles where id=?
2023-11-24 12:36:33,845 DEBUG o.h.o.s.a.create [SqlAliasBaseImpl.java:33] Created new SQL alias : r1_0
2023-11-24 12:36:33,845 DEBUG o.h.o.s.a.create [SimpleFromClauseAccessImpl.java:98] Registration of TableGroup [StandardTableGroup(franco.maurizio.hr.desk.com.persistence.entity.Role)] with identifierForTableGroup [franco.maurizio.hr.desk.com.persistence.entity.Role] for NavigablePath [franco.maurizio.hr.desk.com.persistence.entity.Role] 
2023-11-24 12:36:33,846 TRACE o.h.l.a.i.LoaderSelectBuilder [LoaderSelectBuilder.java:779] Starting visitation of FetchParent's Fetchables : franco.maurizio.hr.desk.com.persistence.entity.Role
2023-11-24 12:36:33,846 DEBUG o.h.o.r.g.AST [DomainResultGraphPrinter.java:67] DomainResult Graph:
 \-EntityResultImpl [franco.maurizio.hr.desk.com.persistence.entity.Role]
 |  +-BasicFetch [franco.maurizio.hr.desk.com.persistence.entity.Role.description]
 |  +-BasicFetch [franco.maurizio.hr.desk.com.persistence.entity.Role.label]
 |  \-BasicFetch [franco.maurizio.hr.desk.com.persistence.entity.Role.level]

2023-11-24 12:36:33,846 TRACE o.h.o.r.g.AST [DomainResultGraphPrinter.java:70] Stack trace calling DomainResultGraphPrinter
java.lang.Exception: null
	at org.hibernate.sql.results.graph.DomainResultGraphPrinter.visitDomainResults(DomainResultGraphPrinter.java:70)
	at org.hibernate.sql.results.graph.DomainResultGraphPrinter.logDomainResultGraph(DomainResultGraphPrinter.java:46)
	at org.hibernate.sql.results.graph.DomainResultGraphPrinter.logDomainResultGraph(DomainResultGraphPrinter.java:37)
	at org.hibernate.sql.ast.spi.AbstractSqlAstTranslator.translateSelect(AbstractSqlAstTranslator.java:848)
	at org.hibernate.sql.ast.spi.AbstractSqlAstTranslator.translate(AbstractSqlAstTranslator.java:801)
	at org.hibernate.loader.ast.internal.SingleIdLoadPlan.<init>(SingleIdLoadPlan.java:67)
	at org.hibernate.loader.ast.internal.SingleIdEntityLoaderStandardImpl.createLoadPlan(SingleIdEntityLoaderStandardImpl.java:197)
	at org.hibernate.loader.ast.internal.SingleIdEntityLoaderStandardImpl.prepare(SingleIdEntityLoaderStandardImpl.java:55)
	at org.hibernate.persister.entity.AbstractEntityPersister.prepareLoader(AbstractEntityPersister.java:3486)
	at org.hibernate.persister.entity.AbstractEntityPersister.postInstantiate(AbstractEntityPersister.java:3480)
	at org.hibernate.metamodel.model.domain.internal.MappingMetamodelImpl.finishInitialization(MappingMetamodelImpl.java:204)
	at org.hibernate.internal.SessionFactoryImpl.initializeMappingModel(SessionFactoryImpl.java:321)
	at org.hibernate.internal.SessionFactoryImpl.<init>(SessionFactoryImpl.java:271)
	at org.hibernate.boot.internal.SessionFactoryBuilderImpl.build(SessionFactoryBuilderImpl.java:444)
	at org.hibernate.jpa.boot.internal.EntityManagerFactoryBuilderImpl.build(EntityManagerFactoryBuilderImpl.java:1458)
	at org.springframework.orm.jpa.vendor.SpringHibernateJpaPersistenceProvider.createContainerEntityManagerFactory(SpringHibernateJpaPersistenceProvider.java:75)
	at org.springframework.orm.jpa.LocalContainerEntityManagerFactoryBean.createNativeEntityManagerFactory(LocalContainerEntityManagerFactoryBean.java:376)
	at org.springframework.orm.jpa.AbstractEntityManagerFactoryBean.buildNativeEntityManagerFactory(AbstractEntityManagerFactoryBean.java:409)
	at org.springframework.orm.jpa.AbstractEntityManagerFactoryBean.afterPropertiesSet(AbstractEntityManagerFactoryBean.java:396)
	at org.springframework.orm.jpa.LocalContainerEntityManagerFactoryBean.afterPropertiesSet(LocalContainerEntityManagerFactoryBean.java:352)
	at org.springframework.beans.factory.support.AbstractAutowireCapableBeanFactory.invokeInitMethods(AbstractAutowireCapableBeanFactory.java:1817)
	at org.springframework.beans.factory.support.AbstractAutowireCapableBeanFactory.initializeBean(AbstractAutowireCapableBeanFactory.java:1766)
	at org.springframework.beans.factory.support.AbstractAutowireCapableBeanFactory.doCreateBean(AbstractAutowireCapableBeanFactory.java:598)
	at org.springframework.beans.factory.support.AbstractAutowireCapableBeanFactory.createBean(AbstractAutowireCapableBeanFactory.java:520)
	at org.springframework.beans.factory.support.AbstractBeanFactory.lambda$doGetBean$0(AbstractBeanFactory.java:325)
	at org.springframework.beans.factory.support.DefaultSingletonBeanRegistry.getSingleton(DefaultSingletonBeanRegistry.java:234)
	at org.springframework.beans.factory.support.AbstractBeanFactory.doGetBean(AbstractBeanFactory.java:323)
	at org.springframework.beans.factory.support.AbstractBeanFactory.getBean(AbstractBeanFactory.java:199)
	at org.springframework.context.support.AbstractApplicationContext.getBean(AbstractApplicationContext.java:1166)
	at org.springframework.context.support.AbstractApplicationContext.finishBeanFactoryInitialization(AbstractApplicationContext.java:940)
	at org.springframework.context.support.AbstractApplicationContext.refresh(AbstractApplicationContext.java:616)
	at org.springframework.boot.web.servlet.context.ServletWebServerApplicationContext.refresh(ServletWebServerApplicationContext.java:146)
	at org.springframework.boot.SpringApplication.refresh(SpringApplication.java:738)
	at org.springframework.boot.SpringApplication.refreshContext(SpringApplication.java:440)
	at org.springframework.boot.SpringApplication.run(SpringApplication.java:316)
	at org.springframework.boot.test.context.SpringBootContextLoader.lambda$loadContext$3(SpringBootContextLoader.java:137)
	at org.springframework.util.function.ThrowingSupplier.get(ThrowingSupplier.java:58)
	at org.springframework.util.function.ThrowingSupplier.get(ThrowingSupplier.java:46)
	at org.springframework.boot.SpringApplication.withHook(SpringApplication.java:1406)
	at org.springframework.boot.test.context.SpringBootContextLoader$ContextLoaderHook.run(SpringBootContextLoader.java:545)
	at org.springframework.boot.test.context.SpringBootContextLoader.loadContext(SpringBootContextLoader.java:137)
	at org.springframework.boot.test.context.SpringBootContextLoader.loadContext(SpringBootContextLoader.java:108)
	at org.springframework.test.context.cache.DefaultCacheAwareContextLoaderDelegate.loadContextInternal(DefaultCacheAwareContextLoaderDelegate.java:187)
	at org.springframework.test.context.cache.DefaultCacheAwareContextLoaderDelegate.loadContext(DefaultCacheAwareContextLoaderDelegate.java:119)
	at org.springframework.test.context.support.DefaultTestContext.getApplicationContext(DefaultTestContext.java:127)
	at org.springframework.test.context.support.DependencyInjectionTestExecutionListener.injectDependencies(DependencyInjectionTestExecutionListener.java:141)
	at org.springframework.test.context.support.DependencyInjectionTestExecutionListener.prepareTestInstance(DependencyInjectionTestExecutionListener.java:97)
	at org.springframework.test.context.TestContextManager.prepareTestInstance(TestContextManager.java:241)
	at org.springframework.test.context.junit.jupiter.SpringExtension.postProcessTestInstance(SpringExtension.java:138)
	at org.junit.jupiter.engine.descriptor.ClassBasedTestDescriptor.lambda$invokeTestInstancePostProcessors$10(ClassBasedTestDescriptor.java:377)
	at org.junit.jupiter.engine.descriptor.ClassBasedTestDescriptor.executeAndMaskThrowable(ClassBasedTestDescriptor.java:382)
	at org.junit.jupiter.engine.descriptor.ClassBasedTestDescriptor.lambda$invokeTestInstancePostProcessors$11(ClassBasedTestDescriptor.java:377)
	at java.base/java.util.stream.ReferencePipeline$3$1.accept(ReferencePipeline.java:197)
	at java.base/java.util.stream.ReferencePipeline$2$1.accept(ReferencePipeline.java:179)
	at java.base/java.util.ArrayList$ArrayListSpliterator.forEachRemaining(ArrayList.java:1625)
	at java.base/java.util.stream.AbstractPipeline.copyInto(AbstractPipeline.java:509)
	at java.base/java.util.stream.AbstractPipeline.wrapAndCopyInto(AbstractPipeline.java:499)
	at java.base/java.util.stream.StreamSpliterators$WrappingSpliterator.forEachRemaining(StreamSpliterators.java:310)
	at java.base/java.util.stream.Streams$ConcatSpliterator.forEachRemaining(Streams.java:735)
	at java.base/java.util.stream.Streams$ConcatSpliterator.forEachRemaining(Streams.java:734)
	at java.base/java.util.stream.ReferencePipeline$Head.forEach(ReferencePipeline.java:762)
	at org.junit.jupiter.engine.descriptor.ClassBasedTestDescriptor.invokeTestInstancePostProcessors(ClassBasedTestDescriptor.java:376)
	at org.junit.jupiter.engine.descriptor.ClassBasedTestDescriptor.lambda$instantiateAndPostProcessTestInstance$6(ClassBasedTestDescriptor.java:289)
	at org.junit.platform.engine.support.hierarchical.ThrowableCollector.execute(ThrowableCollector.java:73)
	at org.junit.jupiter.engine.descriptor.ClassBasedTestDescriptor.instantiateAndPostProcessTestInstance(ClassBasedTestDescriptor.java:288)
	at org.junit.jupiter.engine.descriptor.ClassBasedTestDescriptor.lambda$testInstancesProvider$4(ClassBasedTestDescriptor.java:278)
	at java.base/java.util.Optional.orElseGet(Optional.java:364)
	at org.junit.jupiter.engine.descriptor.ClassBasedTestDescriptor.lambda$testInstancesProvider$5(ClassBasedTestDescriptor.java:277)
	at org.junit.jupiter.engine.execution.TestInstancesProvider.getTestInstances(TestInstancesProvider.java:31)
	at org.junit.jupiter.engine.descriptor.TestMethodTestDescriptor.lambda$prepare$0(TestMethodTestDescriptor.java:105)
	at org.junit.platform.engine.support.hierarchical.ThrowableCollector.execute(ThrowableCollector.java:73)
	at org.junit.jupiter.engine.descriptor.TestMethodTestDescriptor.prepare(TestMethodTestDescriptor.java:104)
	at org.junit.jupiter.engine.descriptor.TestMethodTestDescriptor.prepare(TestMethodTestDescriptor.java:68)
	at org.junit.platform.engine.support.hierarchical.NodeTestTask.lambda$prepare$2(NodeTestTask.java:123)
	at org.junit.platform.engine.support.hierarchical.ThrowableCollector.execute(ThrowableCollector.java:73)
	at org.junit.platform.engine.support.hierarchical.NodeTestTask.prepare(NodeTestTask.java:123)
	at org.junit.platform.engine.support.hierarchical.NodeTestTask.execute(NodeTestTask.java:90)
	at java.base/java.util.ArrayList.forEach(ArrayList.java:1511)
	at org.junit.platform.engine.support.hierarchical.SameThreadHierarchicalTestExecutorService.invokeAll(SameThreadHierarchicalTestExecutorService.java:41)
	at org.junit.platform.engine.support.hierarchical.NodeTestTask.lambda$executeRecursively$6(NodeTestTask.java:155)
	at org.junit.platform.engine.support.hierarchical.ThrowableCollector.execute(ThrowableCollector.java:73)
	at org.junit.platform.engine.support.hierarchical.NodeTestTask.lambda$executeRecursively$8(NodeTestTask.java:141)
	at org.junit.platform.engine.support.hierarchical.Node.around(Node.java:137)
	at org.junit.platform.engine.support.hierarchical.NodeTestTask.lambda$executeRecursively$9(NodeTestTask.java:139)
	at org.junit.platform.engine.support.hierarchical.ThrowableCollector.execute(ThrowableCollector.java:73)
	at org.junit.platform.engine.support.hierarchical.NodeTestTask.executeRecursively(NodeTestTask.java:138)
	at org.junit.platform.engine.support.hierarchical.NodeTestTask.execute(NodeTestTask.java:95)
	at java.base/java.util.ArrayList.forEach(ArrayList.java:1511)
	at org.junit.platform.engine.support.hierarchical.SameThreadHierarchicalTestExecutorService.invokeAll(SameThreadHierarchicalTestExecutorService.java:41)
	at org.junit.platform.engine.support.hierarchical.NodeTestTask.lambda$executeRecursively$6(NodeTestTask.java:155)
	at org.junit.platform.engine.support.hierarchical.ThrowableCollector.execute(ThrowableCollector.java:73)
	at org.junit.platform.engine.support.hierarchical.NodeTestTask.lambda$executeRecursively$8(NodeTestTask.java:141)
	at org.junit.platform.engine.support.hierarchical.Node.around(Node.java:137)
	at org.junit.platform.engine.support.hierarchical.NodeTestTask.lambda$executeRecursively$9(NodeTestTask.java:139)
	at org.junit.platform.engine.support.hierarchical.ThrowableCollector.execute(ThrowableCollector.java:73)
	at org.junit.platform.engine.support.hierarchical.NodeTestTask.executeRecursively(NodeTestTask.java:138)
	at org.junit.platform.engine.support.hierarchical.NodeTestTask.execute(NodeTestTask.java:95)
	at org.junit.platform.engine.support.hierarchical.SameThreadHierarchicalTestExecutorService.submit(SameThreadHierarchicalTestExecutorService.java:35)
	at org.junit.platform.engine.support.hierarchical.HierarchicalTestExecutor.execute(HierarchicalTestExecutor.java:57)
	at org.junit.platform.engine.support.hierarchical.HierarchicalTestEngine.execute(HierarchicalTestEngine.java:54)
	at org.junit.platform.launcher.core.EngineExecutionOrchestrator.execute(EngineExecutionOrchestrator.java:147)
	at org.junit.platform.launcher.core.EngineExecutionOrchestrator.execute(EngineExecutionOrchestrator.java:127)
	at org.junit.platform.launcher.core.EngineExecutionOrchestrator.execute(EngineExecutionOrchestrator.java:90)
	at org.junit.platform.launcher.core.EngineExecutionOrchestrator.lambda$execute$0(EngineExecutionOrchestrator.java:55)
	at org.junit.platform.launcher.core.EngineExecutionOrchestrator.withInterceptedStreams(EngineExecutionOrchestrator.java:102)
	at org.junit.platform.launcher.core.EngineExecutionOrchestrator.execute(EngineExecutionOrchestrator.java:54)
	at org.junit.platform.launcher.core.DefaultLauncher.execute(DefaultLauncher.java:114)
	at org.junit.platform.launcher.core.DefaultLauncher.execute(DefaultLauncher.java:86)
	at org.junit.platform.launcher.core.DefaultLauncherSession$DelegatingLauncher.execute(DefaultLauncherSession.java:86)
	at org.apache.maven.surefire.junitplatform.LazyLauncher.execute(LazyLauncher.java:50)
	at org.apache.maven.surefire.junitplatform.JUnitPlatformProvider.execute(JUnitPlatformProvider.java:184)
	at org.apache.maven.surefire.junitplatform.JUnitPlatformProvider.invokeAllTests(JUnitPlatformProvider.java:148)
	at org.apache.maven.surefire.junitplatform.JUnitPlatformProvider.invoke(JUnitPlatformProvider.java:122)
	at org.apache.maven.surefire.booter.ForkedBooter.runSuitesInProcess(ForkedBooter.java:385)
	at org.apache.maven.surefire.booter.ForkedBooter.execute(ForkedBooter.java:162)
	at org.apache.maven.surefire.booter.ForkedBooter.run(ForkedBooter.java:507)
	at org.apache.maven.surefire.booter.ForkedBooter.main(ForkedBooter.java:495)
2023-11-24 12:36:33,847 DEBUG o.h.o.s.a.tree [SqlTreePrinter.java:46] SQL AST Tree:
    SelectStatement {
      FromClause {
        StandardTableGroup (r1 : franco.maurizio.hr.desk.com.persistence.entity.Role) {
          primaryTableReference : roles as r1_0
        }
      }
    }

2023-11-24 12:36:33,879 TRACE o.h.m.i.MetadataContext [MetadataContext.java:286] Wrapping up metadata context...
2023-11-24 12:36:33,879 TRACE o.h.m.i.MetadataContext [MetadataContext.java:297] Starting entity [franco.maurizio.hr.desk.com.persistence.entity.Survey]
2023-11-24 12:36:33,880 TRACE o.h.m.i.AttributeFactory [AttributeFactory.java:177] Building identifier attribute [franco.maurizio.hr.desk.com.persistence.entity.Survey.id]
2023-11-24 12:36:33,880 TRACE o.h.m.i.AttributeFactory [AttributeFactory.java:403] Starting attribute metadata determination [id]
2023-11-24 12:36:33,882 TRACE o.h.m.i.AttributeFactory [AttributeFactory.java:406]     Determined member [private java.lang.Long franco.maurizio.hr.desk.com.persistence.entity.Survey.id]
2023-11-24 12:36:33,882 TRACE o.h.m.i.AttributeFactory [AttributeFactory.java:410]     Determined type [name=long, class=org.hibernate.type.internal.NamedBasicTypeImpl]
2023-11-24 12:36:33,892 TRACE o.h.m.i.AttributeFactory [AttributeFactory.java:113] Building attribute [franco.maurizio.hr.desk.com.persistence.entity.Survey.description]
2023-11-24 12:36:33,892 TRACE o.h.m.i.AttributeFactory [AttributeFactory.java:403] Starting attribute metadata determination [description]
2023-11-24 12:36:33,892 TRACE o.h.m.i.AttributeFactory [AttributeFactory.java:406]     Determined member [private java.lang.String franco.maurizio.hr.desk.com.persistence.entity.Survey.description]
2023-11-24 12:36:33,892 TRACE o.h.m.i.AttributeFactory [AttributeFactory.java:410]     Determined type [name=string, class=org.hibernate.type.internal.NamedBasicTypeImpl]
2023-11-24 12:36:33,893 TRACE o.h.m.i.AttributeFactory [AttributeFactory.java:113] Building attribute [franco.maurizio.hr.desk.com.persistence.entity.Survey.label]
2023-11-24 12:36:33,893 TRACE o.h.m.i.AttributeFactory [AttributeFactory.java:403] Starting attribute metadata determination [label]
2023-11-24 12:36:33,893 TRACE o.h.m.i.AttributeFactory [AttributeFactory.java:406]     Determined member [private java.lang.String franco.maurizio.hr.desk.com.persistence.entity.Survey.label]
2023-11-24 12:36:33,894 TRACE o.h.m.i.AttributeFactory [AttributeFactory.java:410]     Determined type [name=string, class=org.hibernate.type.internal.NamedBasicTypeImpl]
2023-11-24 12:36:33,894 TRACE o.h.m.i.AttributeFactory [AttributeFactory.java:113] Building attribute [franco.maurizio.hr.desk.com.persistence.entity.Survey.time]
2023-11-24 12:36:33,894 TRACE o.h.m.i.AttributeFactory [AttributeFactory.java:403] Starting attribute metadata determination [time]
2023-11-24 12:36:33,894 TRACE o.h.m.i.AttributeFactory [AttributeFactory.java:406]     Determined member [private java.lang.Long franco.maurizio.hr.desk.com.persistence.entity.Survey.time]
2023-11-24 12:36:33,895 TRACE o.h.m.i.AttributeFactory [AttributeFactory.java:410]     Determined type [name=long, class=org.hibernate.type.internal.NamedBasicTypeImpl]
2023-11-24 12:36:33,895 TRACE o.h.m.m.d.AbstractIdentifiableType [AbstractIdentifiableType.java:406] Interpreting domain-model identifier descriptor
2023-11-24 12:36:33,895 TRACE o.h.m.i.MetadataContext [MetadataContext.java:340] Completed entity [franco.maurizio.hr.desk.com.persistence.entity.Survey]
2023-11-24 12:36:33,896 TRACE o.h.m.i.MetadataContext [MetadataContext.java:297] Starting entity [franco.maurizio.hr.desk.com.persistence.entity.PositionUserOwner]
2023-11-24 12:36:33,896 TRACE o.h.m.i.AttributeFactory [AttributeFactory.java:177] Building identifier attribute [franco.maurizio.hr.desk.com.persistence.entity.PositionUserOwner.id]
2023-11-24 12:36:33,896 TRACE o.h.m.i.AttributeFactory [AttributeFactory.java:403] Starting attribute metadata determination [id]
2023-11-24 12:36:33,896 TRACE o.h.m.i.AttributeFactory [AttributeFactory.java:406]     Determined member [private java.lang.Long franco.maurizio.hr.desk.com.persistence.entity.PositionUserOwner.id]
2023-11-24 12:36:33,896 TRACE o.h.m.i.AttributeFactory [AttributeFactory.java:410]     Determined type [name=long, class=org.hibernate.type.internal.NamedBasicTypeImpl]
2023-11-24 12:36:33,897 TRACE o.h.m.i.AttributeFactory [AttributeFactory.java:113] Building attribute [franco.maurizio.hr.desk.com.persistence.entity.PositionUserOwner.coursePageId]
2023-11-24 12:36:33,897 TRACE o.h.m.i.AttributeFactory [AttributeFactory.java:403] Starting attribute metadata determination [coursePageId]
2023-11-24 12:36:33,897 TRACE o.h.m.i.AttributeFactory [AttributeFactory.java:406]     Determined member [private java.lang.Long franco.maurizio.hr.desk.com.persistence.entity.PositionUserOwner.coursePageId]
2023-11-24 12:36:33,897 TRACE o.h.m.i.AttributeFactory [AttributeFactory.java:410]     Determined type [name=long, class=org.hibernate.type.internal.NamedBasicTypeImpl]
2023-11-24 12:36:33,897 TRACE o.h.m.i.AttributeFactory [AttributeFactory.java:113] Building attribute [franco.maurizio.hr.desk.com.persistence.entity.PositionUserOwner.userId]
2023-11-24 12:36:33,898 TRACE o.h.m.i.AttributeFactory [AttributeFactory.java:403] Starting attribute metadata determination [userId]
2023-11-24 12:36:33,898 TRACE o.h.m.i.AttributeFactory [AttributeFactory.java:406]     Determined member [private java.lang.Long franco.maurizio.hr.desk.com.persistence.entity.PositionUserOwner.userId]
2023-11-24 12:36:33,898 TRACE o.h.m.i.AttributeFactory [AttributeFactory.java:410]     Determined type [name=long, class=org.hibernate.type.internal.NamedBasicTypeImpl]
2023-11-24 12:36:33,898 TRACE o.h.m.m.d.AbstractIdentifiableType [AbstractIdentifiableType.java:406] Interpreting domain-model identifier descriptor
2023-11-24 12:36:33,899 TRACE o.h.m.i.MetadataContext [MetadataContext.java:340] Completed entity [franco.maurizio.hr.desk.com.persistence.entity.PositionUserOwner]
2023-11-24 12:36:33,899 TRACE o.h.m.i.MetadataContext [MetadataContext.java:297] Starting entity [franco.maurizio.hr.desk.com.persistence.entity.Question]
2023-11-24 12:36:33,899 TRACE o.h.m.i.AttributeFactory [AttributeFactory.java:177] Building identifier attribute [franco.maurizio.hr.desk.com.persistence.entity.Question.id]
2023-11-24 12:36:33,899 TRACE o.h.m.i.AttributeFactory [AttributeFactory.java:403] Starting attribute metadata determination [id]
2023-11-24 12:36:33,899 TRACE o.h.m.i.AttributeFactory [AttributeFactory.java:406]     Determined member [private java.lang.Long franco.maurizio.hr.desk.com.persistence.entity.Question.id]
2023-11-24 12:36:33,900 TRACE o.h.m.i.AttributeFactory [AttributeFactory.java:410]     Determined type [name=long, class=org.hibernate.type.internal.NamedBasicTypeImpl]
2023-11-24 12:36:33,900 TRACE o.h.m.i.AttributeFactory [AttributeFactory.java:113] Building attribute [franco.maurizio.hr.desk.com.persistence.entity.Question.ansa]
2023-11-24 12:36:33,900 TRACE o.h.m.i.AttributeFactory [AttributeFactory.java:403] Starting attribute metadata determination [ansa]
2023-11-24 12:36:33,900 TRACE o.h.m.i.AttributeFactory [AttributeFactory.java:406]     Determined member [private java.lang.String franco.maurizio.hr.desk.com.persistence.entity.Question.ansa]
2023-11-24 12:36:33,900 TRACE o.h.m.i.AttributeFactory [AttributeFactory.java:410]     Determined type [name=string, class=org.hibernate.type.internal.NamedBasicTypeImpl]
2023-11-24 12:36:33,900 TRACE o.h.m.i.AttributeFactory [AttributeFactory.java:113] Building attribute [franco.maurizio.hr.desk.com.persistence.entity.Question.ansb]
2023-11-24 12:36:33,901 TRACE o.h.m.i.AttributeFactory [AttributeFactory.java:403] Starting attribute metadata determination [ansb]
2023-11-24 12:36:33,901 TRACE o.h.m.i.AttributeFactory [AttributeFactory.java:406]     Determined member [private java.lang.String franco.maurizio.hr.desk.com.persistence.entity.Question.ansb]
2023-11-24 12:36:33,901 TRACE o.h.m.i.AttributeFactory [AttributeFactory.java:410]     Determined type [name=string, class=org.hibernate.type.internal.NamedBasicTypeImpl]
2023-11-24 12:36:33,901 TRACE o.h.m.i.AttributeFactory [AttributeFactory.java:113] Building attribute [franco.maurizio.hr.desk.com.persistence.entity.Question.ansc]
2023-11-24 12:36:33,901 TRACE o.h.m.i.AttributeFactory [AttributeFactory.java:403] Starting attribute metadata determination [ansc]
2023-11-24 12:36:33,902 TRACE o.h.m.i.AttributeFactory [AttributeFactory.java:406]     Determined member [private java.lang.String franco.maurizio.hr.desk.com.persistence.entity.Question.ansc]
2023-11-24 12:36:33,902 TRACE o.h.m.i.AttributeFactory [AttributeFactory.java:410]     Determined type [name=string, class=org.hibernate.type.internal.NamedBasicTypeImpl]
2023-11-24 12:36:33,902 TRACE o.h.m.i.AttributeFactory [AttributeFactory.java:113] Building attribute [franco.maurizio.hr.desk.com.persistence.entity.Question.ansd]
2023-11-24 12:36:33,902 TRACE o.h.m.i.AttributeFactory [AttributeFactory.java:403] Starting attribute metadata determination [ansd]
2023-11-24 12:36:33,903 TRACE o.h.m.i.AttributeFactory [AttributeFactory.java:406]     Determined member [private java.lang.String franco.maurizio.hr.desk.com.persistence.entity.Question.ansd]
2023-11-24 12:36:33,903 TRACE o.h.m.i.AttributeFactory [AttributeFactory.java:410]     Determined type [name=string, class=org.hibernate.type.internal.NamedBasicTypeImpl]
2023-11-24 12:36:33,903 TRACE o.h.m.i.AttributeFactory [AttributeFactory.java:113] Building attribute [franco.maurizio.hr.desk.com.persistence.entity.Question.anse]
2023-11-24 12:36:33,903 TRACE o.h.m.i.AttributeFactory [AttributeFactory.java:403] Starting attribute metadata determination [anse]
2023-11-24 12:36:33,903 TRACE o.h.m.i.AttributeFactory [AttributeFactory.java:406]     Determined member [private java.lang.String franco.maurizio.hr.desk.com.persistence.entity.Question.anse]
2023-11-24 12:36:33,904 TRACE o.h.m.i.AttributeFactory [AttributeFactory.java:410]     Determined type [name=string, class=org.hibernate.type.internal.NamedBasicTypeImpl]
2023-11-24 12:36:33,904 TRACE o.h.m.i.AttributeFactory [AttributeFactory.java:113] Building attribute [franco.maurizio.hr.desk.com.persistence.entity.Question.ansf]
2023-11-24 12:36:33,904 TRACE o.h.m.i.AttributeFactory [AttributeFactory.java:403] Starting attribute metadata determination [ansf]
2023-11-24 12:36:33,904 TRACE o.h.m.i.AttributeFactory [AttributeFactory.java:406]     Determined member [private java.lang.String franco.maurizio.hr.desk.com.persistence.entity.Question.ansf]
2023-11-24 12:36:33,904 TRACE o.h.m.i.AttributeFactory [AttributeFactory.java:410]     Determined type [name=string, class=org.hibernate.type.internal.NamedBasicTypeImpl]
2023-11-24 12:36:33,905 TRACE o.h.m.i.AttributeFactory [AttributeFactory.java:113] Building attribute [franco.maurizio.hr.desk.com.persistence.entity.Question.ansg]
2023-11-24 12:36:33,905 TRACE o.h.m.i.AttributeFactory [AttributeFactory.java:403] Starting attribute metadata determination [ansg]
2023-11-24 12:36:33,905 TRACE o.h.m.i.AttributeFactory [AttributeFactory.java:406]     Determined member [private java.lang.String franco.maurizio.hr.desk.com.persistence.entity.Question.ansg]
2023-11-24 12:36:33,905 TRACE o.h.m.i.AttributeFactory [AttributeFactory.java:410]     Determined type [name=string, class=org.hibernate.type.internal.NamedBasicTypeImpl]
2023-11-24 12:36:33,905 TRACE o.h.m.i.AttributeFactory [AttributeFactory.java:113] Building attribute [franco.maurizio.hr.desk.com.persistence.entity.Question.ansh]
2023-11-24 12:36:33,906 TRACE o.h.m.i.AttributeFactory [AttributeFactory.java:403] Starting attribute metadata determination [ansh]
2023-11-24 12:36:33,906 TRACE o.h.m.i.AttributeFactory [AttributeFactory.java:406]     Determined member [private java.lang.String franco.maurizio.hr.desk.com.persistence.entity.Question.ansh]
2023-11-24 12:36:33,906 TRACE o.h.m.i.AttributeFactory [AttributeFactory.java:410]     Determined type [name=string, class=org.hibernate.type.internal.NamedBasicTypeImpl]
2023-11-24 12:36:33,906 TRACE o.h.m.i.AttributeFactory [AttributeFactory.java:113] Building attribute [franco.maurizio.hr.desk.com.persistence.entity.Question.cansa]
2023-11-24 12:36:33,906 TRACE o.h.m.i.AttributeFactory [AttributeFactory.java:403] Starting attribute metadata determination [cansa]
2023-11-24 12:36:33,906 TRACE o.h.m.i.AttributeFactory [AttributeFactory.java:406]     Determined member [private java.lang.Boolean franco.maurizio.hr.desk.com.persistence.entity.Question.cansa]
2023-11-24 12:36:33,906 TRACE o.h.m.i.AttributeFactory [AttributeFactory.java:410]     Determined type [name=boolean, class=org.hibernate.type.internal.NamedBasicTypeImpl]
2023-11-24 12:36:33,907 TRACE o.h.m.i.AttributeFactory [AttributeFactory.java:113] Building attribute [franco.maurizio.hr.desk.com.persistence.entity.Question.cansb]
2023-11-24 12:36:33,907 TRACE o.h.m.i.AttributeFactory [AttributeFactory.java:403] Starting attribute metadata determination [cansb]
2023-11-24 12:36:33,907 TRACE o.h.m.i.AttributeFactory [AttributeFactory.java:406]     Determined member [private java.lang.Boolean franco.maurizio.hr.desk.com.persistence.entity.Question.cansb]
2023-11-24 12:36:33,907 TRACE o.h.m.i.AttributeFactory [AttributeFactory.java:410]     Determined type [name=boolean, class=org.hibernate.type.internal.NamedBasicTypeImpl]
2023-11-24 12:36:33,907 TRACE o.h.m.i.AttributeFactory [AttributeFactory.java:113] Building attribute [franco.maurizio.hr.desk.com.persistence.entity.Question.cansc]
2023-11-24 12:36:33,908 TRACE o.h.m.i.AttributeFactory [AttributeFactory.java:403] Starting attribute metadata determination [cansc]
2023-11-24 12:36:33,908 TRACE o.h.m.i.AttributeFactory [AttributeFactory.java:406]     Determined member [private java.lang.Boolean franco.maurizio.hr.desk.com.persistence.entity.Question.cansc]
2023-11-24 12:36:33,908 TRACE o.h.m.i.AttributeFactory [AttributeFactory.java:410]     Determined type [name=boolean, class=org.hibernate.type.internal.NamedBasicTypeImpl]
2023-11-24 12:36:33,908 TRACE o.h.m.i.AttributeFactory [AttributeFactory.java:113] Building attribute [franco.maurizio.hr.desk.com.persistence.entity.Question.cansd]
2023-11-24 12:36:33,909 TRACE o.h.m.i.AttributeFactory [AttributeFactory.java:403] Starting attribute metadata determination [cansd]
2023-11-24 12:36:33,909 TRACE o.h.m.i.AttributeFactory [AttributeFactory.java:406]     Determined member [private java.lang.Boolean franco.maurizio.hr.desk.com.persistence.entity.Question.cansd]
2023-11-24 12:36:33,909 TRACE o.h.m.i.AttributeFactory [AttributeFactory.java:410]     Determined type [name=boolean, class=org.hibernate.type.internal.NamedBasicTypeImpl]
2023-11-24 12:36:33,909 TRACE o.h.m.i.AttributeFactory [AttributeFactory.java:113] Building attribute [franco.maurizio.hr.desk.com.persistence.entity.Question.canse]
2023-11-24 12:36:33,910 TRACE o.h.m.i.AttributeFactory [AttributeFactory.java:403] Starting attribute metadata determination [canse]
2023-11-24 12:36:33,910 TRACE o.h.m.i.AttributeFactory [AttributeFactory.java:406]     Determined member [private java.lang.Boolean franco.maurizio.hr.desk.com.persistence.entity.Question.canse]
2023-11-24 12:36:33,910 TRACE o.h.m.i.AttributeFactory [AttributeFactory.java:410]     Determined type [name=boolean, class=org.hibernate.type.internal.NamedBasicTypeImpl]
2023-11-24 12:36:33,910 TRACE o.h.m.i.AttributeFactory [AttributeFactory.java:113] Building attribute [franco.maurizio.hr.desk.com.persistence.entity.Question.cansf]
2023-11-24 12:36:33,911 TRACE o.h.m.i.AttributeFactory [AttributeFactory.java:403] Starting attribute metadata determination [cansf]
2023-11-24 12:36:33,911 TRACE o.h.m.i.AttributeFactory [AttributeFactory.java:406]     Determined member [private java.lang.Boolean franco.maurizio.hr.desk.com.persistence.entity.Question.cansf]
2023-11-24 12:36:33,911 TRACE o.h.m.i.AttributeFactory [AttributeFactory.java:410]     Determined type [name=boolean, class=org.hibernate.type.internal.NamedBasicTypeImpl]
2023-11-24 12:36:33,912 TRACE o.h.m.i.AttributeFactory [AttributeFactory.java:113] Building attribute [franco.maurizio.hr.desk.com.persistence.entity.Question.cansg]
2023-11-24 12:36:33,912 TRACE o.h.m.i.AttributeFactory [AttributeFactory.java:403] Starting attribute metadata determination [cansg]
2023-11-24 12:36:33,913 TRACE o.h.m.i.AttributeFactory [AttributeFactory.java:406]     Determined member [private java.lang.Boolean franco.maurizio.hr.desk.com.persistence.entity.Question.cansg]
2023-11-24 12:36:33,913 TRACE o.h.m.i.AttributeFactory [AttributeFactory.java:410]     Determined type [name=boolean, class=org.hibernate.type.internal.NamedBasicTypeImpl]
2023-11-24 12:36:33,913 TRACE o.h.m.i.AttributeFactory [AttributeFactory.java:113] Building attribute [franco.maurizio.hr.desk.com.persistence.entity.Question.cansh]
2023-11-24 12:36:33,913 TRACE o.h.m.i.AttributeFactory [AttributeFactory.java:403] Starting attribute metadata determination [cansh]
2023-11-24 12:36:33,913 TRACE o.h.m.i.AttributeFactory [AttributeFactory.java:406]     Determined member [private java.lang.Boolean franco.maurizio.hr.desk.com.persistence.entity.Question.cansh]
2023-11-24 12:36:33,914 TRACE o.h.m.i.AttributeFactory [AttributeFactory.java:410]     Determined type [name=boolean, class=org.hibernate.type.internal.NamedBasicTypeImpl]
2023-11-24 12:36:33,914 TRACE o.h.m.i.AttributeFactory [AttributeFactory.java:113] Building attribute [franco.maurizio.hr.desk.com.persistence.entity.Question.description]
2023-11-24 12:36:33,914 TRACE o.h.m.i.AttributeFactory [AttributeFactory.java:403] Starting attribute metadata determination [description]
2023-11-24 12:36:33,914 TRACE o.h.m.i.AttributeFactory [AttributeFactory.java:406]     Determined member [private java.lang.String franco.maurizio.hr.desk.com.persistence.entity.Question.description]
2023-11-24 12:36:33,914 TRACE o.h.m.i.AttributeFactory [AttributeFactory.java:410]     Determined type [name=string, class=org.hibernate.type.internal.NamedBasicTypeImpl]
2023-11-24 12:36:33,914 TRACE o.h.m.i.AttributeFactory [AttributeFactory.java:113] Building attribute [franco.maurizio.hr.desk.com.persistence.entity.Question.fullAnswer]
2023-11-24 12:36:33,914 TRACE o.h.m.i.AttributeFactory [AttributeFactory.java:403] Starting attribute metadata determination [fullAnswer]
2023-11-24 12:36:33,915 TRACE o.h.m.i.AttributeFactory [AttributeFactory.java:406]     Determined member [private java.lang.String franco.maurizio.hr.desk.com.persistence.entity.Question.fullAnswer]
2023-11-24 12:36:33,915 TRACE o.h.m.i.AttributeFactory [AttributeFactory.java:410]     Determined type [name=string, class=org.hibernate.type.internal.NamedBasicTypeImpl]
2023-11-24 12:36:33,915 TRACE o.h.m.i.AttributeFactory [AttributeFactory.java:113] Building attribute [franco.maurizio.hr.desk.com.persistence.entity.Question.label]
2023-11-24 12:36:33,915 TRACE o.h.m.i.AttributeFactory [AttributeFactory.java:403] Starting attribute metadata determination [label]
2023-11-24 12:36:33,915 TRACE o.h.m.i.AttributeFactory [AttributeFactory.java:406]     Determined member [private java.lang.String franco.maurizio.hr.desk.com.persistence.entity.Question.label]
2023-11-24 12:36:33,915 TRACE o.h.m.i.AttributeFactory [AttributeFactory.java:410]     Determined type [name=string, class=org.hibernate.type.internal.NamedBasicTypeImpl]
2023-11-24 12:36:33,915 TRACE o.h.m.m.d.AbstractIdentifiableType [AbstractIdentifiableType.java:406] Interpreting domain-model identifier descriptor
2023-11-24 12:36:33,916 TRACE o.h.m.i.MetadataContext [MetadataContext.java:340] Completed entity [franco.maurizio.hr.desk.com.persistence.entity.Question]
2023-11-24 12:36:33,916 TRACE o.h.m.i.MetadataContext [MetadataContext.java:297] Starting entity [franco.maurizio.hr.desk.com.persistence.entity.Candidate]
2023-11-24 12:36:33,916 TRACE o.h.m.i.AttributeFactory [AttributeFactory.java:177] Building identifier attribute [franco.maurizio.hr.desk.com.persistence.entity.Candidate.id]
2023-11-24 12:36:33,916 TRACE o.h.m.i.AttributeFactory [AttributeFactory.java:403] Starting attribute metadata determination [id]
2023-11-24 12:36:33,916 TRACE o.h.m.i.AttributeFactory [AttributeFactory.java:406]     Determined member [private java.lang.Long franco.maurizio.hr.desk.com.persistence.entity.Candidate.id]
2023-11-24 12:36:33,916 TRACE o.h.m.i.AttributeFactory [AttributeFactory.java:410]     Determined type [name=long, class=org.hibernate.type.internal.NamedBasicTypeImpl]
2023-11-24 12:36:33,916 TRACE o.h.m.i.AttributeFactory [AttributeFactory.java:113] Building attribute [franco.maurizio.hr.desk.com.persistence.entity.Candidate.candidacyDateTime]
2023-11-24 12:36:33,917 TRACE o.h.m.i.AttributeFactory [AttributeFactory.java:403] Starting attribute metadata determination [candidacyDateTime]
2023-11-24 12:36:33,917 TRACE o.h.m.i.AttributeFactory [AttributeFactory.java:406]     Determined member [private java.time.LocalDateTime franco.maurizio.hr.desk.com.persistence.entity.Candidate.candidacyDateTime]
2023-11-24 12:36:33,917 TRACE o.h.m.i.AttributeFactory [AttributeFactory.java:410]     Determined type [name=LocalDateTime, class=org.hibernate.type.internal.NamedBasicTypeImpl]
2023-11-24 12:36:33,917 TRACE o.h.m.i.AttributeFactory [AttributeFactory.java:113] Building attribute [franco.maurizio.hr.desk.com.persistence.entity.Candidate.candidateStateCode]
2023-11-24 12:36:33,917 TRACE o.h.m.i.AttributeFactory [AttributeFactory.java:403] Starting attribute metadata determination [candidateStateCode]
2023-11-24 12:36:33,917 TRACE o.h.m.i.AttributeFactory [AttributeFactory.java:406]     Determined member [private long franco.maurizio.hr.desk.com.persistence.entity.Candidate.candidateStateCode]
2023-11-24 12:36:33,917 TRACE o.h.m.i.AttributeFactory [AttributeFactory.java:410]     Determined type [name=long, class=org.hibernate.type.internal.NamedBasicTypeImpl]
2023-11-24 12:36:33,918 TRACE o.h.m.i.AttributeFactory [AttributeFactory.java:113] Building attribute [franco.maurizio.hr.desk.com.persistence.entity.Candidate.courseCode]
2023-11-24 12:36:33,918 TRACE o.h.m.i.AttributeFactory [AttributeFactory.java:403] Starting attribute metadata determination [courseCode]
2023-11-24 12:36:33,919 TRACE o.h.m.i.AttributeFactory [AttributeFactory.java:406]     Determined member [private java.lang.String franco.maurizio.hr.desk.com.persistence.entity.Candidate.courseCode]
2023-11-24 12:36:33,919 TRACE o.h.m.i.AttributeFactory [AttributeFactory.java:410]     Determined type [name=string, class=org.hibernate.type.internal.NamedBasicTypeImpl]
2023-11-24 12:36:33,919 TRACE o.h.m.i.AttributeFactory [AttributeFactory.java:113] Building attribute [franco.maurizio.hr.desk.com.persistence.entity.Candidate.cvExternalPath]
2023-11-24 12:36:33,919 TRACE o.h.m.i.AttributeFactory [AttributeFactory.java:403] Starting attribute metadata determination [cvExternalPath]
2023-11-24 12:36:33,919 TRACE o.h.m.i.AttributeFactory [AttributeFactory.java:406]     Determined member [private java.lang.String franco.maurizio.hr.desk.com.persistence.entity.Candidate.cvExternalPath]
2023-11-24 12:36:33,919 TRACE o.h.m.i.AttributeFactory [AttributeFactory.java:410]     Determined type [name=string, class=org.hibernate.type.internal.NamedBasicTypeImpl]
2023-11-24 12:36:33,919 TRACE o.h.m.i.AttributeFactory [AttributeFactory.java:113] Building attribute [franco.maurizio.hr.desk.com.persistence.entity.Candidate.dateOfBirth]
2023-11-24 12:36:33,920 TRACE o.h.m.i.AttributeFactory [AttributeFactory.java:403] Starting attribute metadata determination [dateOfBirth]
2023-11-24 12:36:33,920 TRACE o.h.m.i.AttributeFactory [AttributeFactory.java:406]     Determined member [private java.time.LocalDate franco.maurizio.hr.desk.com.persistence.entity.Candidate.dateOfBirth]
2023-11-24 12:36:33,920 TRACE o.h.m.i.AttributeFactory [AttributeFactory.java:410]     Determined type [name=LocalDate, class=org.hibernate.type.internal.NamedBasicTypeImpl]
2023-11-24 12:36:33,921 TRACE o.h.m.i.AttributeFactory [AttributeFactory.java:113] Building attribute [franco.maurizio.hr.desk.com.persistence.entity.Candidate.domicileCity]
2023-11-24 12:36:33,921 TRACE o.h.m.i.AttributeFactory [AttributeFactory.java:403] Starting attribute metadata determination [domicileCity]
2023-11-24 12:36:33,921 TRACE o.h.m.i.AttributeFactory [AttributeFactory.java:406]     Determined member [private java.lang.String franco.maurizio.hr.desk.com.persistence.entity.Candidate.domicileCity]
2023-11-24 12:36:33,921 TRACE o.h.m.i.AttributeFactory [AttributeFactory.java:410]     Determined type [name=string, class=org.hibernate.type.internal.NamedBasicTypeImpl]
2023-11-24 12:36:33,922 TRACE o.h.m.i.AttributeFactory [AttributeFactory.java:113] Building attribute [franco.maurizio.hr.desk.com.persistence.entity.Candidate.email]
2023-11-24 12:36:33,922 TRACE o.h.m.i.AttributeFactory [AttributeFactory.java:403] Starting attribute metadata determination [email]
2023-11-24 12:36:33,922 TRACE o.h.m.i.AttributeFactory [AttributeFactory.java:406]     Determined member [private java.lang.String franco.maurizio.hr.desk.com.persistence.entity.Candidate.email]
2023-11-24 12:36:33,922 TRACE o.h.m.i.AttributeFactory [AttributeFactory.java:410]     Determined type [name=string, class=org.hibernate.type.internal.NamedBasicTypeImpl]
2023-11-24 12:36:33,922 TRACE o.h.m.i.AttributeFactory [AttributeFactory.java:113] Building attribute [franco.maurizio.hr.desk.com.persistence.entity.Candidate.firstname]
2023-11-24 12:36:33,922 TRACE o.h.m.i.AttributeFactory [AttributeFactory.java:403] Starting attribute metadata determination [firstname]
2023-11-24 12:36:33,922 TRACE o.h.m.i.AttributeFactory [AttributeFactory.java:406]     Determined member [private java.lang.String franco.maurizio.hr.desk.com.persistence.entity.Candidate.firstname]
2023-11-24 12:36:33,923 TRACE o.h.m.i.AttributeFactory [AttributeFactory.java:410]     Determined type [name=string, class=org.hibernate.type.internal.NamedBasicTypeImpl]
2023-11-24 12:36:33,923 TRACE o.h.m.i.AttributeFactory [AttributeFactory.java:113] Building attribute [franco.maurizio.hr.desk.com.persistence.entity.Candidate.graduate]
2023-11-24 12:36:33,923 TRACE o.h.m.i.AttributeFactory [AttributeFactory.java:403] Starting attribute metadata determination [graduate]
2023-11-24 12:36:33,923 TRACE o.h.m.i.AttributeFactory [AttributeFactory.java:406]     Determined member [private java.lang.Boolean franco.maurizio.hr.desk.com.persistence.entity.Candidate.graduate]
2023-11-24 12:36:33,923 TRACE o.h.m.i.AttributeFactory [AttributeFactory.java:410]     Determined type [name=boolean, class=org.hibernate.type.internal.NamedBasicTypeImpl]
2023-11-24 12:36:33,923 TRACE o.h.m.i.AttributeFactory [AttributeFactory.java:113] Building attribute [franco.maurizio.hr.desk.com.persistence.entity.Candidate.highGraduate]
2023-11-24 12:36:33,923 TRACE o.h.m.i.AttributeFactory [AttributeFactory.java:403] Starting attribute metadata determination [highGraduate]
2023-11-24 12:36:33,924 TRACE o.h.m.i.AttributeFactory [AttributeFactory.java:406]     Determined member [private java.lang.Boolean franco.maurizio.hr.desk.com.persistence.entity.Candidate.highGraduate]
2023-11-24 12:36:33,924 TRACE o.h.m.i.AttributeFactory [AttributeFactory.java:410]     Determined type [name=boolean, class=org.hibernate.type.internal.NamedBasicTypeImpl]
2023-11-24 12:36:33,924 TRACE o.h.m.i.AttributeFactory [AttributeFactory.java:113] Building attribute [franco.maurizio.hr.desk.com.persistence.entity.Candidate.hrNote]
2023-11-24 12:36:33,924 TRACE o.h.m.i.AttributeFactory [AttributeFactory.java:403] Starting attribute metadata determination [hrNote]
2023-11-24 12:36:33,924 TRACE o.h.m.i.AttributeFactory [AttributeFactory.java:406]     Determined member [private java.lang.String franco.maurizio.hr.desk.com.persistence.entity.Candidate.hrNote]
2023-11-24 12:36:33,924 TRACE o.h.m.i.AttributeFactory [AttributeFactory.java:410]     Determined type [name=string, class=org.hibernate.type.internal.NamedBasicTypeImpl]
2023-11-24 12:36:33,924 TRACE o.h.m.i.AttributeFactory [AttributeFactory.java:113] Building attribute [franco.maurizio.hr.desk.com.persistence.entity.Candidate.imgpath]
2023-11-24 12:36:33,924 TRACE o.h.m.i.AttributeFactory [AttributeFactory.java:403] Starting attribute metadata determination [imgpath]
2023-11-24 12:36:33,925 TRACE o.h.m.i.AttributeFactory [AttributeFactory.java:406]     Determined member [private java.lang.String franco.maurizio.hr.desk.com.persistence.entity.Candidate.imgpath]
2023-11-24 12:36:33,925 TRACE o.h.m.i.AttributeFactory [AttributeFactory.java:410]     Determined type [name=string, class=org.hibernate.type.internal.NamedBasicTypeImpl]
2023-11-24 12:36:33,925 TRACE o.h.m.i.AttributeFactory [AttributeFactory.java:113] Building attribute [franco.maurizio.hr.desk.com.persistence.entity.Candidate.insertedBy]
2023-11-24 12:36:33,925 TRACE o.h.m.i.AttributeFactory [AttributeFactory.java:403] Starting attribute metadata determination [insertedBy]
2023-11-24 12:36:33,925 TRACE o.h.m.i.AttributeFactory [AttributeFactory.java:406]     Determined member [private long franco.maurizio.hr.desk.com.persistence.entity.Candidate.insertedBy]
2023-11-24 12:36:33,926 TRACE o.h.m.i.AttributeFactory [AttributeFactory.java:410]     Determined type [name=long, class=org.hibernate.type.internal.NamedBasicTypeImpl]
2023-11-24 12:36:33,926 TRACE o.h.m.i.AttributeFactory [AttributeFactory.java:113] Building attribute [franco.maurizio.hr.desk.com.persistence.entity.Candidate.label]
2023-11-24 12:36:33,926 TRACE o.h.m.i.AttributeFactory [AttributeFactory.java:403] Starting attribute metadata determination [label]
2023-11-24 12:36:33,926 TRACE o.h.m.i.AttributeFactory [AttributeFactory.java:406]     Determined member [private java.lang.String franco.maurizio.hr.desk.com.persistence.entity.Candidate.label]
2023-11-24 12:36:33,927 TRACE o.h.m.i.AttributeFactory [AttributeFactory.java:410]     Determined type [name=string, class=org.hibernate.type.internal.NamedBasicTypeImpl]
2023-11-24 12:36:33,927 TRACE o.h.m.i.AttributeFactory [AttributeFactory.java:113] Building attribute [franco.maurizio.hr.desk.com.persistence.entity.Candidate.lastname]
2023-11-24 12:36:33,927 TRACE o.h.m.i.AttributeFactory [AttributeFactory.java:403] Starting attribute metadata determination [lastname]
2023-11-24 12:36:33,927 TRACE o.h.m.i.AttributeFactory [AttributeFactory.java:406]     Determined member [private java.lang.String franco.maurizio.hr.desk.com.persistence.entity.Candidate.lastname]
2023-11-24 12:36:33,927 TRACE o.h.m.i.AttributeFactory [AttributeFactory.java:410]     Determined type [name=string, class=org.hibernate.type.internal.NamedBasicTypeImpl]
2023-11-24 12:36:33,927 TRACE o.h.m.i.AttributeFactory [AttributeFactory.java:113] Building attribute [franco.maurizio.hr.desk.com.persistence.entity.Candidate.mobile]
2023-11-24 12:36:33,928 TRACE o.h.m.i.AttributeFactory [AttributeFactory.java:403] Starting attribute metadata determination [mobile]
2023-11-24 12:36:33,928 TRACE o.h.m.i.AttributeFactory [AttributeFactory.java:406]     Determined member [private java.lang.String franco.maurizio.hr.desk.com.persistence.entity.Candidate.mobile]
2023-11-24 12:36:33,928 TRACE o.h.m.i.AttributeFactory [AttributeFactory.java:410]     Determined type [name=string, class=org.hibernate.type.internal.NamedBasicTypeImpl]
2023-11-24 12:36:33,928 TRACE o.h.m.i.AttributeFactory [AttributeFactory.java:113] Building attribute [franco.maurizio.hr.desk.com.persistence.entity.Candidate.regdate]
2023-11-24 12:36:33,928 TRACE o.h.m.i.AttributeFactory [AttributeFactory.java:403] Starting attribute metadata determination [regdate]
2023-11-24 12:36:33,928 TRACE o.h.m.i.AttributeFactory [AttributeFactory.java:406]     Determined member [private java.time.LocalDateTime franco.maurizio.hr.desk.com.persistence.entity.Candidate.regdate]
2023-11-24 12:36:33,929 TRACE o.h.m.i.AttributeFactory [AttributeFactory.java:410]     Determined type [name=LocalDateTime, class=org.hibernate.type.internal.NamedBasicTypeImpl]
2023-11-24 12:36:33,929 TRACE o.h.m.i.AttributeFactory [AttributeFactory.java:113] Building attribute [franco.maurizio.hr.desk.com.persistence.entity.Candidate.stillHighStudy]
2023-11-24 12:36:33,929 TRACE o.h.m.i.AttributeFactory [AttributeFactory.java:403] Starting attribute metadata determination [stillHighStudy]
2023-11-24 12:36:33,929 TRACE o.h.m.i.AttributeFactory [AttributeFactory.java:406]     Determined member [private java.lang.Boolean franco.maurizio.hr.desk.com.persistence.entity.Candidate.stillHighStudy]
2023-11-24 12:36:33,929 TRACE o.h.m.i.AttributeFactory [AttributeFactory.java:410]     Determined type [name=boolean, class=org.hibernate.type.internal.NamedBasicTypeImpl]
2023-11-24 12:36:33,930 TRACE o.h.m.i.AttributeFactory [AttributeFactory.java:113] Building attribute [franco.maurizio.hr.desk.com.persistence.entity.Candidate.studyQualification]
2023-11-24 12:36:33,930 TRACE o.h.m.i.AttributeFactory [AttributeFactory.java:403] Starting attribute metadata determination [studyQualification]
2023-11-24 12:36:33,930 TRACE o.h.m.i.AttributeFactory [AttributeFactory.java:406]     Determined member [private java.lang.String franco.maurizio.hr.desk.com.persistence.entity.Candidate.studyQualification]
2023-11-24 12:36:33,930 TRACE o.h.m.i.AttributeFactory [AttributeFactory.java:410]     Determined type [name=string, class=org.hibernate.type.internal.NamedBasicTypeImpl]
2023-11-24 12:36:33,930 TRACE o.h.m.i.AttributeFactory [AttributeFactory.java:113] Building attribute [franco.maurizio.hr.desk.com.persistence.entity.Candidate.technicalNote]
2023-11-24 12:36:33,931 TRACE o.h.m.i.AttributeFactory [AttributeFactory.java:403] Starting attribute metadata determination [technicalNote]
2023-11-24 12:36:33,931 TRACE o.h.m.i.AttributeFactory [AttributeFactory.java:406]     Determined member [private java.lang.String franco.maurizio.hr.desk.com.persistence.entity.Candidate.technicalNote]
2023-11-24 12:36:33,931 TRACE o.h.m.i.AttributeFactory [AttributeFactory.java:410]     Determined type [name=string, class=org.hibernate.type.internal.NamedBasicTypeImpl]
2023-11-24 12:36:33,931 TRACE o.h.m.m.d.AbstractIdentifiableType [AbstractIdentifiableType.java:406] Interpreting domain-model identifier descriptor
2023-11-24 12:36:33,932 TRACE o.h.m.i.MetadataContext [MetadataContext.java:340] Completed entity [franco.maurizio.hr.desk.com.persistence.entity.Candidate]
2023-11-24 12:36:33,932 TRACE o.h.m.i.MetadataContext [MetadataContext.java:297] Starting entity [franco.maurizio.hr.desk.com.persistence.entity.SurveyReply]
2023-11-24 12:36:33,932 TRACE o.h.m.i.AttributeFactory [AttributeFactory.java:177] Building identifier attribute [franco.maurizio.hr.desk.com.persistence.entity.SurveyReply.id]
2023-11-24 12:36:33,932 TRACE o.h.m.i.AttributeFactory [AttributeFactory.java:403] Starting attribute metadata determination [id]
2023-11-24 12:36:33,932 TRACE o.h.m.i.AttributeFactory [AttributeFactory.java:406]     Determined member [private long franco.maurizio.hr.desk.com.persistence.entity.SurveyReply.id]
2023-11-24 12:36:33,932 TRACE o.h.m.i.AttributeFactory [AttributeFactory.java:410]     Determined type [name=long, class=org.hibernate.type.internal.NamedBasicTypeImpl]
2023-11-24 12:36:33,933 TRACE o.h.m.i.AttributeFactory [AttributeFactory.java:113] Building attribute [franco.maurizio.hr.desk.com.persistence.entity.SurveyReply.answers]
2023-11-24 12:36:33,933 TRACE o.h.m.i.AttributeFactory [AttributeFactory.java:403] Starting attribute metadata determination [answers]
2023-11-24 12:36:33,933 TRACE o.h.m.i.AttributeFactory [AttributeFactory.java:406]     Determined member [private java.lang.String franco.maurizio.hr.desk.com.persistence.entity.SurveyReply.answers]
2023-11-24 12:36:33,933 TRACE o.h.m.i.AttributeFactory [AttributeFactory.java:410]     Determined type [name=string, class=org.hibernate.type.internal.NamedBasicTypeImpl]
2023-11-24 12:36:33,933 TRACE o.h.m.i.AttributeFactory [AttributeFactory.java:113] Building attribute [franco.maurizio.hr.desk.com.persistence.entity.SurveyReply.candidateId]
2023-11-24 12:36:33,933 TRACE o.h.m.i.AttributeFactory [AttributeFactory.java:403] Starting attribute metadata determination [candidateId]
2023-11-24 12:36:33,934 TRACE o.h.m.i.AttributeFactory [AttributeFactory.java:406]     Determined member [private long franco.maurizio.hr.desk.com.persistence.entity.SurveyReply.candidateId]
2023-11-24 12:36:33,934 TRACE o.h.m.i.AttributeFactory [AttributeFactory.java:410]     Determined type [name=long, class=org.hibernate.type.internal.NamedBasicTypeImpl]
2023-11-24 12:36:33,934 TRACE o.h.m.i.AttributeFactory [AttributeFactory.java:113] Building attribute [franco.maurizio.hr.desk.com.persistence.entity.SurveyReply.endtime]
2023-11-24 12:36:33,934 TRACE o.h.m.i.AttributeFactory [AttributeFactory.java:403] Starting attribute metadata determination [endtime]
2023-11-24 12:36:33,934 TRACE o.h.m.i.AttributeFactory [AttributeFactory.java:406]     Determined member [private java.time.LocalDateTime franco.maurizio.hr.desk.com.persistence.entity.SurveyReply.endtime]
2023-11-24 12:36:33,935 TRACE o.h.m.i.AttributeFactory [AttributeFactory.java:410]     Determined type [name=LocalDateTime, class=org.hibernate.type.internal.NamedBasicTypeImpl]
2023-11-24 12:36:33,935 TRACE o.h.m.i.AttributeFactory [AttributeFactory.java:113] Building attribute [franco.maurizio.hr.desk.com.persistence.entity.SurveyReply.generated_token]
2023-11-24 12:36:33,935 TRACE o.h.m.i.AttributeFactory [AttributeFactory.java:403] Starting attribute metadata determination [generated_token]
2023-11-24 12:36:33,935 TRACE o.h.m.i.AttributeFactory [AttributeFactory.java:406]     Determined member [private java.lang.String franco.maurizio.hr.desk.com.persistence.entity.SurveyReply.generated_token]
2023-11-24 12:36:33,936 TRACE o.h.m.i.AttributeFactory [AttributeFactory.java:410]     Determined type [name=string, class=org.hibernate.type.internal.NamedBasicTypeImpl]
2023-11-24 12:36:33,936 TRACE o.h.m.i.AttributeFactory [AttributeFactory.java:113] Building attribute [franco.maurizio.hr.desk.com.persistence.entity.SurveyReply.pdffilename]
2023-11-24 12:36:33,936 TRACE o.h.m.i.AttributeFactory [AttributeFactory.java:403] Starting attribute metadata determination [pdffilename]
2023-11-24 12:36:33,936 TRACE o.h.m.i.AttributeFactory [AttributeFactory.java:406]     Determined member [private java.lang.String franco.maurizio.hr.desk.com.persistence.entity.SurveyReply.pdffilename]
2023-11-24 12:36:33,936 TRACE o.h.m.i.AttributeFactory [AttributeFactory.java:410]     Determined type [name=string, class=org.hibernate.type.internal.NamedBasicTypeImpl]
2023-11-24 12:36:33,937 TRACE o.h.m.i.AttributeFactory [AttributeFactory.java:113] Building attribute [franco.maurizio.hr.desk.com.persistence.entity.SurveyReply.points]
2023-11-24 12:36:33,937 TRACE o.h.m.i.AttributeFactory [AttributeFactory.java:403] Starting attribute metadata determination [points]
2023-11-24 12:36:33,937 TRACE o.h.m.i.AttributeFactory [AttributeFactory.java:406]     Determined member [private java.lang.String franco.maurizio.hr.desk.com.persistence.entity.SurveyReply.points]
2023-11-24 12:36:33,937 TRACE o.h.m.i.AttributeFactory [AttributeFactory.java:410]     Determined type [name=string, class=org.hibernate.type.internal.NamedBasicTypeImpl]
2023-11-24 12:36:33,937 TRACE o.h.m.i.AttributeFactory [AttributeFactory.java:113] Building attribute [franco.maurizio.hr.desk.com.persistence.entity.SurveyReply.starttime]
2023-11-24 12:36:33,937 TRACE o.h.m.i.AttributeFactory [AttributeFactory.java:403] Starting attribute metadata determination [starttime]
2023-11-24 12:36:33,938 TRACE o.h.m.i.AttributeFactory [AttributeFactory.java:406]     Determined member [private java.time.LocalDateTime franco.maurizio.hr.desk.com.persistence.entity.SurveyReply.starttime]
2023-11-24 12:36:33,938 TRACE o.h.m.i.AttributeFactory [AttributeFactory.java:410]     Determined type [name=LocalDateTime, class=org.hibernate.type.internal.NamedBasicTypeImpl]
2023-11-24 12:36:33,938 TRACE o.h.m.i.AttributeFactory [AttributeFactory.java:113] Building attribute [franco.maurizio.hr.desk.com.persistence.entity.SurveyReply.surveyId]
2023-11-24 12:36:33,938 TRACE o.h.m.i.AttributeFactory [AttributeFactory.java:403] Starting attribute metadata determination [surveyId]
2023-11-24 12:36:33,938 TRACE o.h.m.i.AttributeFactory [AttributeFactory.java:406]     Determined member [private long franco.maurizio.hr.desk.com.persistence.entity.SurveyReply.surveyId]
2023-11-24 12:36:33,938 TRACE o.h.m.i.AttributeFactory [AttributeFactory.java:410]     Determined type [name=long, class=org.hibernate.type.internal.NamedBasicTypeImpl]
2023-11-24 12:36:33,938 TRACE o.h.m.m.d.AbstractIdentifiableType [AbstractIdentifiableType.java:406] Interpreting domain-model identifier descriptor
2023-11-24 12:36:33,939 TRACE o.h.m.i.MetadataContext [MetadataContext.java:340] Completed entity [franco.maurizio.hr.desk.com.persistence.entity.SurveyReply]
2023-11-24 12:36:33,939 TRACE o.h.m.i.MetadataContext [MetadataContext.java:297] Starting entity [franco.maurizio.hr.desk.com.persistence.entity.User]
2023-11-24 12:36:33,939 TRACE o.h.m.i.AttributeFactory [AttributeFactory.java:177] Building identifier attribute [franco.maurizio.hr.desk.com.persistence.entity.User.id]
2023-11-24 12:36:33,939 TRACE o.h.m.i.AttributeFactory [AttributeFactory.java:403] Starting attribute metadata determination [id]
2023-11-24 12:36:33,939 TRACE o.h.m.i.AttributeFactory [AttributeFactory.java:406]     Determined member [private java.lang.Long franco.maurizio.hr.desk.com.persistence.entity.User.id]
2023-11-24 12:36:33,939 TRACE o.h.m.i.AttributeFactory [AttributeFactory.java:410]     Determined type [name=long, class=org.hibernate.type.internal.NamedBasicTypeImpl]
2023-11-24 12:36:33,939 TRACE o.h.m.i.AttributeFactory [AttributeFactory.java:113] Building attribute [franco.maurizio.hr.desk.com.persistence.entity.User.email]
2023-11-24 12:36:33,939 TRACE o.h.m.i.AttributeFactory [AttributeFactory.java:403] Starting attribute metadata determination [email]
2023-11-24 12:36:33,940 TRACE o.h.m.i.AttributeFactory [AttributeFactory.java:406]     Determined member [private java.lang.String franco.maurizio.hr.desk.com.persistence.entity.User.email]
2023-11-24 12:36:33,940 TRACE o.h.m.i.AttributeFactory [AttributeFactory.java:410]     Determined type [name=string, class=org.hibernate.type.internal.NamedBasicTypeImpl]
2023-11-24 12:36:33,940 TRACE o.h.m.i.AttributeFactory [AttributeFactory.java:113] Building attribute [franco.maurizio.hr.desk.com.persistence.entity.User.enabled]
2023-11-24 12:36:33,940 TRACE o.h.m.i.AttributeFactory [AttributeFactory.java:403] Starting attribute metadata determination [enabled]
2023-11-24 12:36:33,940 TRACE o.h.m.i.AttributeFactory [AttributeFactory.java:406]     Determined member [private boolean franco.maurizio.hr.desk.com.persistence.entity.User.enabled]
2023-11-24 12:36:33,940 TRACE o.h.m.i.AttributeFactory [AttributeFactory.java:410]     Determined type [name=boolean, class=org.hibernate.type.internal.NamedBasicTypeImpl]
2023-11-24 12:36:33,940 TRACE o.h.m.i.AttributeFactory [AttributeFactory.java:113] Building attribute [franco.maurizio.hr.desk.com.persistence.entity.User.firstname]
2023-11-24 12:36:33,941 TRACE o.h.m.i.AttributeFactory [AttributeFactory.java:403] Starting attribute metadata determination [firstname]
2023-11-24 12:36:33,941 TRACE o.h.m.i.AttributeFactory [AttributeFactory.java:406]     Determined member [private java.lang.String franco.maurizio.hr.desk.com.persistence.entity.User.firstname]
2023-11-24 12:36:33,941 TRACE o.h.m.i.AttributeFactory [AttributeFactory.java:410]     Determined type [name=string, class=org.hibernate.type.internal.NamedBasicTypeImpl]
2023-11-24 12:36:33,941 TRACE o.h.m.i.AttributeFactory [AttributeFactory.java:113] Building attribute [franco.maurizio.hr.desk.com.persistence.entity.User.lastname]
2023-11-24 12:36:33,941 TRACE o.h.m.i.AttributeFactory [AttributeFactory.java:403] Starting attribute metadata determination [lastname]
2023-11-24 12:36:33,942 TRACE o.h.m.i.AttributeFactory [AttributeFactory.java:406]     Determined member [private java.lang.String franco.maurizio.hr.desk.com.persistence.entity.User.lastname]
2023-11-24 12:36:33,942 TRACE o.h.m.i.AttributeFactory [AttributeFactory.java:410]     Determined type [name=string, class=org.hibernate.type.internal.NamedBasicTypeImpl]
2023-11-24 12:36:33,942 TRACE o.h.m.i.AttributeFactory [AttributeFactory.java:113] Building attribute [franco.maurizio.hr.desk.com.persistence.entity.User.password]
2023-11-24 12:36:33,942 TRACE o.h.m.i.AttributeFactory [AttributeFactory.java:403] Starting attribute metadata determination [password]
2023-11-24 12:36:33,942 TRACE o.h.m.i.AttributeFactory [AttributeFactory.java:406]     Determined member [private java.lang.String franco.maurizio.hr.desk.com.persistence.entity.User.password]
2023-11-24 12:36:33,943 TRACE o.h.m.i.AttributeFactory [AttributeFactory.java:410]     Determined type [name=string, class=org.hibernate.type.internal.NamedBasicTypeImpl]
2023-11-24 12:36:33,943 TRACE o.h.m.i.AttributeFactory [AttributeFactory.java:113] Building attribute [franco.maurizio.hr.desk.com.persistence.entity.User.regdate]
2023-11-24 12:36:33,943 TRACE o.h.m.i.AttributeFactory [AttributeFactory.java:403] Starting attribute metadata determination [regdate]
2023-11-24 12:36:33,943 TRACE o.h.m.i.AttributeFactory [AttributeFactory.java:406]     Determined member [private java.time.LocalDateTime franco.maurizio.hr.desk.com.persistence.entity.User.regdate]
2023-11-24 12:36:33,944 TRACE o.h.m.i.AttributeFactory [AttributeFactory.java:410]     Determined type [name=LocalDateTime, class=org.hibernate.type.internal.NamedBasicTypeImpl]
2023-11-24 12:36:33,944 TRACE o.h.m.i.AttributeFactory [AttributeFactory.java:113] Building attribute [franco.maurizio.hr.desk.com.persistence.entity.User.role]
2023-11-24 12:36:33,944 TRACE o.h.m.i.AttributeFactory [AttributeFactory.java:403] Starting attribute metadata determination [role]
2023-11-24 12:36:33,944 TRACE o.h.m.i.AttributeFactory [AttributeFactory.java:406]     Determined member [private int franco.maurizio.hr.desk.com.persistence.entity.User.role]
2023-11-24 12:36:33,944 TRACE o.h.m.i.AttributeFactory [AttributeFactory.java:410]     Determined type [name=integer, class=org.hibernate.type.internal.NamedBasicTypeImpl]
2023-11-24 12:36:33,944 TRACE o.h.m.m.d.AbstractIdentifiableType [AbstractIdentifiableType.java:406] Interpreting domain-model identifier descriptor
2023-11-24 12:36:33,945 TRACE o.h.m.i.MetadataContext [MetadataContext.java:340] Completed entity [franco.maurizio.hr.desk.com.persistence.entity.User]
2023-11-24 12:36:33,945 TRACE o.h.m.i.MetadataContext [MetadataContext.java:297] Starting entity [franco.maurizio.hr.desk.com.persistence.entity.SurveyQuestion]
2023-11-24 12:36:33,945 TRACE o.h.m.i.AttributeFactory [AttributeFactory.java:177] Building identifier attribute [franco.maurizio.hr.desk.com.persistence.entity.SurveyQuestion.id]
2023-11-24 12:36:33,945 TRACE o.h.m.i.AttributeFactory [AttributeFactory.java:403] Starting attribute metadata determination [id]
2023-11-24 12:36:33,945 TRACE o.h.m.i.AttributeFactory [AttributeFactory.java:406]     Determined member [private java.lang.Long franco.maurizio.hr.desk.com.persistence.entity.SurveyQuestion.id]
2023-11-24 12:36:33,945 TRACE o.h.m.i.AttributeFactory [AttributeFactory.java:410]     Determined type [name=long, class=org.hibernate.type.internal.NamedBasicTypeImpl]
2023-11-24 12:36:33,945 TRACE o.h.m.i.AttributeFactory [AttributeFactory.java:113] Building attribute [franco.maurizio.hr.desk.com.persistence.entity.SurveyQuestion.position]
2023-11-24 12:36:33,946 TRACE o.h.m.i.AttributeFactory [AttributeFactory.java:403] Starting attribute metadata determination [position]
2023-11-24 12:36:33,946 TRACE o.h.m.i.AttributeFactory [AttributeFactory.java:406]     Determined member [private java.lang.Long franco.maurizio.hr.desk.com.persistence.entity.SurveyQuestion.position]
2023-11-24 12:36:33,946 TRACE o.h.m.i.AttributeFactory [AttributeFactory.java:410]     Determined type [name=long, class=org.hibernate.type.internal.NamedBasicTypeImpl]
2023-11-24 12:36:33,946 TRACE o.h.m.i.AttributeFactory [AttributeFactory.java:113] Building attribute [franco.maurizio.hr.desk.com.persistence.entity.SurveyQuestion.questionId]
2023-11-24 12:36:33,946 TRACE o.h.m.i.AttributeFactory [AttributeFactory.java:403] Starting attribute metadata determination [questionId]
2023-11-24 12:36:33,946 TRACE o.h.m.i.AttributeFactory [AttributeFactory.java:406]     Determined member [private java.lang.Long franco.maurizio.hr.desk.com.persistence.entity.SurveyQuestion.questionId]
2023-11-24 12:36:33,946 TRACE o.h.m.i.AttributeFactory [AttributeFactory.java:410]     Determined type [name=long, class=org.hibernate.type.internal.NamedBasicTypeImpl]
2023-11-24 12:36:33,947 TRACE o.h.m.i.AttributeFactory [AttributeFactory.java:113] Building attribute [franco.maurizio.hr.desk.com.persistence.entity.SurveyQuestion.surveyId]
2023-11-24 12:36:33,947 TRACE o.h.m.i.AttributeFactory [AttributeFactory.java:403] Starting attribute metadata determination [surveyId]
2023-11-24 12:36:33,947 TRACE o.h.m.i.AttributeFactory [AttributeFactory.java:406]     Determined member [private java.lang.Long franco.maurizio.hr.desk.com.persistence.entity.SurveyQuestion.surveyId]
2023-11-24 12:36:33,947 TRACE o.h.m.i.AttributeFactory [AttributeFactory.java:410]     Determined type [name=long, class=org.hibernate.type.internal.NamedBasicTypeImpl]
2023-11-24 12:36:33,947 TRACE o.h.m.m.d.AbstractIdentifiableType [AbstractIdentifiableType.java:406] Interpreting domain-model identifier descriptor
2023-11-24 12:36:33,947 TRACE o.h.m.i.MetadataContext [MetadataContext.java:340] Completed entity [franco.maurizio.hr.desk.com.persistence.entity.SurveyQuestion]
2023-11-24 12:36:33,948 TRACE o.h.m.i.MetadataContext [MetadataContext.java:297] Starting entity [franco.maurizio.hr.desk.com.persistence.entity.CandidateSurveyToken]
2023-11-24 12:36:33,948 TRACE o.h.m.i.AttributeFactory [AttributeFactory.java:177] Building identifier attribute [franco.maurizio.hr.desk.com.persistence.entity.CandidateSurveyToken.id]
2023-11-24 12:36:33,948 TRACE o.h.m.i.AttributeFactory [AttributeFactory.java:403] Starting attribute metadata determination [id]
2023-11-24 12:36:33,948 TRACE o.h.m.i.AttributeFactory [AttributeFactory.java:406]     Determined member [private java.lang.Long franco.maurizio.hr.desk.com.persistence.entity.CandidateSurveyToken.id]
2023-11-24 12:36:33,948 TRACE o.h.m.i.AttributeFactory [AttributeFactory.java:410]     Determined type [name=long, class=org.hibernate.type.internal.NamedBasicTypeImpl]
2023-11-24 12:36:33,948 TRACE o.h.m.i.AttributeFactory [AttributeFactory.java:113] Building attribute [franco.maurizio.hr.desk.com.persistence.entity.CandidateSurveyToken.candidateId]
2023-11-24 12:36:33,948 TRACE o.h.m.i.AttributeFactory [AttributeFactory.java:403] Starting attribute metadata determination [candidateId]
2023-11-24 12:36:33,948 TRACE o.h.m.i.AttributeFactory [AttributeFactory.java:406]     Determined member [private java.lang.Long franco.maurizio.hr.desk.com.persistence.entity.CandidateSurveyToken.candidateId]
2023-11-24 12:36:33,949 TRACE o.h.m.i.AttributeFactory [AttributeFactory.java:410]     Determined type [name=long, class=org.hibernate.type.internal.NamedBasicTypeImpl]
2023-11-24 12:36:33,949 TRACE o.h.m.i.AttributeFactory [AttributeFactory.java:113] Building attribute [franco.maurizio.hr.desk.com.persistence.entity.CandidateSurveyToken.expirationDateTime]
2023-11-24 12:36:33,949 TRACE o.h.m.i.AttributeFactory [AttributeFactory.java:403] Starting attribute metadata determination [expirationDateTime]
2023-11-24 12:36:33,949 TRACE o.h.m.i.AttributeFactory [AttributeFactory.java:406]     Determined member [private java.time.LocalDateTime franco.maurizio.hr.desk.com.persistence.entity.CandidateSurveyToken.expirationDateTime]
2023-11-24 12:36:33,949 TRACE o.h.m.i.AttributeFactory [AttributeFactory.java:410]     Determined type [name=LocalDateTime, class=org.hibernate.type.internal.NamedBasicTypeImpl]
2023-11-24 12:36:33,949 TRACE o.h.m.i.AttributeFactory [AttributeFactory.java:113] Building attribute [franco.maurizio.hr.desk.com.persistence.entity.CandidateSurveyToken.expired]
2023-11-24 12:36:33,949 TRACE o.h.m.i.AttributeFactory [AttributeFactory.java:403] Starting attribute metadata determination [expired]
2023-11-24 12:36:33,950 TRACE o.h.m.i.AttributeFactory [AttributeFactory.java:406]     Determined member [private boolean franco.maurizio.hr.desk.com.persistence.entity.CandidateSurveyToken.expired]
2023-11-24 12:36:33,950 TRACE o.h.m.i.AttributeFactory [AttributeFactory.java:410]     Determined type [name=boolean, class=org.hibernate.type.internal.NamedBasicTypeImpl]
2023-11-24 12:36:33,950 TRACE o.h.m.i.AttributeFactory [AttributeFactory.java:113] Building attribute [franco.maurizio.hr.desk.com.persistence.entity.CandidateSurveyToken.generatedToken]
2023-11-24 12:36:33,950 TRACE o.h.m.i.AttributeFactory [AttributeFactory.java:403] Starting attribute metadata determination [generatedToken]
2023-11-24 12:36:33,950 TRACE o.h.m.i.AttributeFactory [AttributeFactory.java:406]     Determined member [private java.lang.String franco.maurizio.hr.desk.com.persistence.entity.CandidateSurveyToken.generatedToken]
2023-11-24 12:36:33,950 TRACE o.h.m.i.AttributeFactory [AttributeFactory.java:410]     Determined type [name=string, class=org.hibernate.type.internal.NamedBasicTypeImpl]
2023-11-24 12:36:33,950 TRACE o.h.m.i.AttributeFactory [AttributeFactory.java:113] Building attribute [franco.maurizio.hr.desk.com.persistence.entity.CandidateSurveyToken.surveyId]
2023-11-24 12:36:33,951 TRACE o.h.m.i.AttributeFactory [AttributeFactory.java:403] Starting attribute metadata determination [surveyId]
2023-11-24 12:36:33,951 TRACE o.h.m.i.AttributeFactory [AttributeFactory.java:406]     Determined member [private java.lang.Long franco.maurizio.hr.desk.com.persistence.entity.CandidateSurveyToken.surveyId]
2023-11-24 12:36:33,951 TRACE o.h.m.i.AttributeFactory [AttributeFactory.java:410]     Determined type [name=long, class=org.hibernate.type.internal.NamedBasicTypeImpl]
2023-11-24 12:36:33,951 TRACE o.h.m.m.d.AbstractIdentifiableType [AbstractIdentifiableType.java:406] Interpreting domain-model identifier descriptor
2023-11-24 12:36:33,951 TRACE o.h.m.i.MetadataContext [MetadataContext.java:340] Completed entity [franco.maurizio.hr.desk.com.persistence.entity.CandidateSurveyToken]
2023-11-24 12:36:33,951 TRACE o.h.m.i.MetadataContext [MetadataContext.java:297] Starting entity [franco.maurizio.hr.desk.com.persistence.entity.CandidateStates]
2023-11-24 12:36:33,951 TRACE o.h.m.i.AttributeFactory [AttributeFactory.java:177] Building identifier attribute [franco.maurizio.hr.desk.com.persistence.entity.CandidateStates.id]
2023-11-24 12:36:33,952 TRACE o.h.m.i.AttributeFactory [AttributeFactory.java:403] Starting attribute metadata determination [id]
2023-11-24 12:36:33,952 TRACE o.h.m.i.AttributeFactory [AttributeFactory.java:406]     Determined member [private java.lang.Long franco.maurizio.hr.desk.com.persistence.entity.CandidateStates.id]
2023-11-24 12:36:33,952 TRACE o.h.m.i.AttributeFactory [AttributeFactory.java:410]     Determined type [name=long, class=org.hibernate.type.internal.NamedBasicTypeImpl]
2023-11-24 12:36:33,952 TRACE o.h.m.i.AttributeFactory [AttributeFactory.java:113] Building attribute [franco.maurizio.hr.desk.com.persistence.entity.CandidateStates.roleId]
2023-11-24 12:36:33,952 TRACE o.h.m.i.AttributeFactory [AttributeFactory.java:403] Starting attribute metadata determination [roleId]
2023-11-24 12:36:33,952 TRACE o.h.m.i.AttributeFactory [AttributeFactory.java:406]     Determined member [private java.lang.Long franco.maurizio.hr.desk.com.persistence.entity.CandidateStates.roleId]
2023-11-24 12:36:33,952 TRACE o.h.m.i.AttributeFactory [AttributeFactory.java:410]     Determined type [name=long, class=org.hibernate.type.internal.NamedBasicTypeImpl]
2023-11-24 12:36:33,953 TRACE o.h.m.i.AttributeFactory [AttributeFactory.java:113] Building attribute [franco.maurizio.hr.desk.com.persistence.entity.CandidateStates.statusCode]
2023-11-24 12:36:33,953 TRACE o.h.m.i.AttributeFactory [AttributeFactory.java:403] Starting attribute metadata determination [statusCode]
2023-11-24 12:36:33,953 TRACE o.h.m.i.AttributeFactory [AttributeFactory.java:406]     Determined member [private int franco.maurizio.hr.desk.com.persistence.entity.CandidateStates.statusCode]
2023-11-24 12:36:33,953 TRACE o.h.m.i.AttributeFactory [AttributeFactory.java:410]     Determined type [name=integer, class=org.hibernate.type.internal.NamedBasicTypeImpl]
2023-11-24 12:36:33,953 TRACE o.h.m.i.AttributeFactory [AttributeFactory.java:113] Building attribute [franco.maurizio.hr.desk.com.persistence.entity.CandidateStates.statusColor]
2023-11-24 12:36:33,953 TRACE o.h.m.i.AttributeFactory [AttributeFactory.java:403] Starting attribute metadata determination [statusColor]
2023-11-24 12:36:33,953 TRACE o.h.m.i.AttributeFactory [AttributeFactory.java:406]     Determined member [private java.lang.String franco.maurizio.hr.desk.com.persistence.entity.CandidateStates.statusColor]
2023-11-24 12:36:33,953 TRACE o.h.m.i.AttributeFactory [AttributeFactory.java:410]     Determined type [name=string, class=org.hibernate.type.internal.NamedBasicTypeImpl]
2023-11-24 12:36:33,954 TRACE o.h.m.i.AttributeFactory [AttributeFactory.java:113] Building attribute [franco.maurizio.hr.desk.com.persistence.entity.CandidateStates.statusDescription]
2023-11-24 12:36:33,954 TRACE o.h.m.i.AttributeFactory [AttributeFactory.java:403] Starting attribute metadata determination [statusDescription]
2023-11-24 12:36:33,954 TRACE o.h.m.i.AttributeFactory [AttributeFactory.java:406]     Determined member [private java.lang.String franco.maurizio.hr.desk.com.persistence.entity.CandidateStates.statusDescription]
2023-11-24 12:36:33,954 TRACE o.h.m.i.AttributeFactory [AttributeFactory.java:410]     Determined type [name=string, class=org.hibernate.type.internal.NamedBasicTypeImpl]
2023-11-24 12:36:33,954 TRACE o.h.m.i.AttributeFactory [AttributeFactory.java:113] Building attribute [franco.maurizio.hr.desk.com.persistence.entity.CandidateStates.statusLabel]
2023-11-24 12:36:33,954 TRACE o.h.m.i.AttributeFactory [AttributeFactory.java:403] Starting attribute metadata determination [statusLabel]
2023-11-24 12:36:33,954 TRACE o.h.m.i.AttributeFactory [AttributeFactory.java:406]     Determined member [private java.lang.String franco.maurizio.hr.desk.com.persistence.entity.CandidateStates.statusLabel]
2023-11-24 12:36:33,955 TRACE o.h.m.i.AttributeFactory [AttributeFactory.java:410]     Determined type [name=string, class=org.hibernate.type.internal.NamedBasicTypeImpl]
2023-11-24 12:36:33,955 TRACE o.h.m.m.d.AbstractIdentifiableType [AbstractIdentifiableType.java:406] Interpreting domain-model identifier descriptor
2023-11-24 12:36:33,955 TRACE o.h.m.i.MetadataContext [MetadataContext.java:340] Completed entity [franco.maurizio.hr.desk.com.persistence.entity.CandidateStates]
2023-11-24 12:36:33,955 TRACE o.h.m.i.MetadataContext [MetadataContext.java:297] Starting entity [franco.maurizio.hr.desk.com.persistence.entity.CoursePage]
2023-11-24 12:36:33,955 TRACE o.h.m.i.AttributeFactory [AttributeFactory.java:177] Building identifier attribute [franco.maurizio.hr.desk.com.persistence.entity.CoursePage.id]
2023-11-24 12:36:33,956 TRACE o.h.m.i.AttributeFactory [AttributeFactory.java:403] Starting attribute metadata determination [id]
2023-11-24 12:36:33,956 TRACE o.h.m.i.AttributeFactory [AttributeFactory.java:406]     Determined member [protected java.lang.Long franco.maurizio.hr.desk.com.persistence.entity.CoursePage.id]
2023-11-24 12:36:33,956 TRACE o.h.m.i.AttributeFactory [AttributeFactory.java:410]     Determined type [name=long, class=org.hibernate.type.internal.NamedBasicTypeImpl]
2023-11-24 12:36:33,956 TRACE o.h.m.i.AttributeFactory [AttributeFactory.java:113] Building attribute [franco.maurizio.hr.desk.com.persistence.entity.CoursePage.bodyText]
2023-11-24 12:36:33,957 TRACE o.h.m.i.AttributeFactory [AttributeFactory.java:403] Starting attribute metadata determination [bodyText]
2023-11-24 12:36:33,957 TRACE o.h.m.i.AttributeFactory [AttributeFactory.java:406]     Determined member [protected java.lang.String franco.maurizio.hr.desk.com.persistence.entity.CoursePage.bodyText]
2023-11-24 12:36:33,957 TRACE o.h.m.i.AttributeFactory [AttributeFactory.java:410]     Determined type [name=string, class=org.hibernate.type.internal.NamedBasicTypeImpl]
2023-11-24 12:36:33,957 TRACE o.h.m.i.AttributeFactory [AttributeFactory.java:113] Building attribute [franco.maurizio.hr.desk.com.persistence.entity.CoursePage.code]
2023-11-24 12:36:33,957 TRACE o.h.m.i.AttributeFactory [AttributeFactory.java:403] Starting attribute metadata determination [code]
2023-11-24 12:36:33,957 TRACE o.h.m.i.AttributeFactory [AttributeFactory.java:406]     Determined member [protected java.lang.String franco.maurizio.hr.desk.com.persistence.entity.CoursePage.code]
2023-11-24 12:36:33,958 TRACE o.h.m.i.AttributeFactory [AttributeFactory.java:410]     Determined type [name=string, class=org.hibernate.type.internal.NamedBasicTypeImpl]
2023-11-24 12:36:33,958 TRACE o.h.m.i.AttributeFactory [AttributeFactory.java:113] Building attribute [franco.maurizio.hr.desk.com.persistence.entity.CoursePage.created_datetime]
2023-11-24 12:36:33,958 TRACE o.h.m.i.AttributeFactory [AttributeFactory.java:403] Starting attribute metadata determination [created_datetime]
2023-11-24 12:36:33,958 TRACE o.h.m.i.AttributeFactory [AttributeFactory.java:406]     Determined member [private java.time.LocalDateTime franco.maurizio.hr.desk.com.persistence.entity.CoursePage.created_datetime]
2023-11-24 12:36:33,958 TRACE o.h.m.i.AttributeFactory [AttributeFactory.java:410]     Determined type [name=LocalDateTime, class=org.hibernate.type.internal.NamedBasicTypeImpl]
2023-11-24 12:36:33,958 TRACE o.h.m.i.AttributeFactory [AttributeFactory.java:113] Building attribute [franco.maurizio.hr.desk.com.persistence.entity.CoursePage.fileName]
2023-11-24 12:36:33,959 TRACE o.h.m.i.AttributeFactory [AttributeFactory.java:403] Starting attribute metadata determination [fileName]
2023-11-24 12:36:33,959 TRACE o.h.m.i.AttributeFactory [AttributeFactory.java:406]     Determined member [protected java.lang.String franco.maurizio.hr.desk.com.persistence.entity.CoursePage.fileName]
2023-11-24 12:36:33,959 TRACE o.h.m.i.AttributeFactory [AttributeFactory.java:410]     Determined type [name=string, class=org.hibernate.type.internal.NamedBasicTypeImpl]
2023-11-24 12:36:33,959 TRACE o.h.m.i.AttributeFactory [AttributeFactory.java:113] Building attribute [franco.maurizio.hr.desk.com.persistence.entity.CoursePage.opened_by]
2023-11-24 12:36:33,959 TRACE o.h.m.i.AttributeFactory [AttributeFactory.java:403] Starting attribute metadata determination [opened_by]
2023-11-24 12:36:33,960 TRACE o.h.m.i.AttributeFactory [AttributeFactory.java:406]     Determined member [protected java.lang.Long franco.maurizio.hr.desk.com.persistence.entity.CoursePage.opened_by]
2023-11-24 12:36:33,960 TRACE o.h.m.i.AttributeFactory [AttributeFactory.java:410]     Determined type [name=long, class=org.hibernate.type.internal.NamedBasicTypeImpl]
2023-11-24 12:36:33,960 TRACE o.h.m.i.AttributeFactory [AttributeFactory.java:113] Building attribute [franco.maurizio.hr.desk.com.persistence.entity.CoursePage.statusOpen]
2023-11-24 12:36:33,960 TRACE o.h.m.i.AttributeFactory [AttributeFactory.java:403] Starting attribute metadata determination [statusOpen]
2023-11-24 12:36:33,961 TRACE o.h.m.i.AttributeFactory [AttributeFactory.java:406]     Determined member [private java.lang.Boolean franco.maurizio.hr.desk.com.persistence.entity.CoursePage.statusOpen]
2023-11-24 12:36:33,961 TRACE o.h.m.i.AttributeFactory [AttributeFactory.java:410]     Determined type [name=boolean, class=org.hibernate.type.internal.NamedBasicTypeImpl]
2023-11-24 12:36:33,961 TRACE o.h.m.i.AttributeFactory [AttributeFactory.java:113] Building attribute [franco.maurizio.hr.desk.com.persistence.entity.CoursePage.title]
2023-11-24 12:36:33,961 TRACE o.h.m.i.AttributeFactory [AttributeFactory.java:403] Starting attribute metadata determination [title]
2023-11-24 12:36:33,961 TRACE o.h.m.i.AttributeFactory [AttributeFactory.java:406]     Determined member [protected java.lang.String franco.maurizio.hr.desk.com.persistence.entity.CoursePage.title]
2023-11-24 12:36:33,961 TRACE o.h.m.i.AttributeFactory [AttributeFactory.java:410]     Determined type [name=string, class=org.hibernate.type.internal.NamedBasicTypeImpl]
2023-11-24 12:36:33,962 TRACE o.h.m.m.d.AbstractIdentifiableType [AbstractIdentifiableType.java:406] Interpreting domain-model identifier descriptor
2023-11-24 12:36:33,962 TRACE o.h.m.i.MetadataContext [MetadataContext.java:340] Completed entity [franco.maurizio.hr.desk.com.persistence.entity.CoursePage]
2023-11-24 12:36:33,962 TRACE o.h.m.i.MetadataContext [MetadataContext.java:297] Starting entity [franco.maurizio.hr.desk.com.persistence.entity.Role]
2023-11-24 12:36:33,962 TRACE o.h.m.i.AttributeFactory [AttributeFactory.java:177] Building identifier attribute [franco.maurizio.hr.desk.com.persistence.entity.Role.id]
2023-11-24 12:36:33,963 TRACE o.h.m.i.AttributeFactory [AttributeFactory.java:403] Starting attribute metadata determination [id]
2023-11-24 12:36:33,963 TRACE o.h.m.i.AttributeFactory [AttributeFactory.java:406]     Determined member [private java.lang.Long franco.maurizio.hr.desk.com.persistence.entity.Role.id]
2023-11-24 12:36:33,963 TRACE o.h.m.i.AttributeFactory [AttributeFactory.java:410]     Determined type [name=long, class=org.hibernate.type.internal.NamedBasicTypeImpl]
2023-11-24 12:36:33,963 TRACE o.h.m.i.AttributeFactory [AttributeFactory.java:113] Building attribute [franco.maurizio.hr.desk.com.persistence.entity.Role.description]
2023-11-24 12:36:33,963 TRACE o.h.m.i.AttributeFactory [AttributeFactory.java:403] Starting attribute metadata determination [description]
2023-11-24 12:36:33,964 TRACE o.h.m.i.AttributeFactory [AttributeFactory.java:406]     Determined member [private java.lang.String franco.maurizio.hr.desk.com.persistence.entity.Role.description]
2023-11-24 12:36:33,964 TRACE o.h.m.i.AttributeFactory [AttributeFactory.java:410]     Determined type [name=string, class=org.hibernate.type.internal.NamedBasicTypeImpl]
2023-11-24 12:36:33,964 TRACE o.h.m.i.AttributeFactory [AttributeFactory.java:113] Building attribute [franco.maurizio.hr.desk.com.persistence.entity.Role.label]
2023-11-24 12:36:33,964 TRACE o.h.m.i.AttributeFactory [AttributeFactory.java:403] Starting attribute metadata determination [label]
2023-11-24 12:36:33,964 TRACE o.h.m.i.AttributeFactory [AttributeFactory.java:406]     Determined member [private java.lang.String franco.maurizio.hr.desk.com.persistence.entity.Role.label]
2023-11-24 12:36:33,965 TRACE o.h.m.i.AttributeFactory [AttributeFactory.java:410]     Determined type [name=string, class=org.hibernate.type.internal.NamedBasicTypeImpl]
2023-11-24 12:36:33,965 TRACE o.h.m.i.AttributeFactory [AttributeFactory.java:113] Building attribute [franco.maurizio.hr.desk.com.persistence.entity.Role.level]
2023-11-24 12:36:33,965 TRACE o.h.m.i.AttributeFactory [AttributeFactory.java:403] Starting attribute metadata determination [level]
2023-11-24 12:36:33,965 TRACE o.h.m.i.AttributeFactory [AttributeFactory.java:406]     Determined member [private int franco.maurizio.hr.desk.com.persistence.entity.Role.level]
2023-11-24 12:36:33,966 TRACE o.h.m.i.AttributeFactory [AttributeFactory.java:410]     Determined type [name=integer, class=org.hibernate.type.internal.NamedBasicTypeImpl]
2023-11-24 12:36:33,966 TRACE o.h.m.m.d.AbstractIdentifiableType [AbstractIdentifiableType.java:406] Interpreting domain-model identifier descriptor
2023-11-24 12:36:33,966 TRACE o.h.m.i.MetadataContext [MetadataContext.java:340] Completed entity [franco.maurizio.hr.desk.com.persistence.entity.Role]
2023-11-24 12:36:33,972 TRACE o.h.s.i.AbstractServiceRegistryImpl [AbstractServiceRegistryImpl.java:235] Initializing service [role=org.hibernate.engine.transaction.jta.platform.spi.JtaPlatform]
2023-11-24 12:36:33,973 INFO o.h.e.t.j.p.i.JtaPlatformInitiator [JtaPlatformInitiator.java:55] HHH000489: No JTA platform available (set 'hibernate.transaction.jta.platform' to enable JTA platform integration)
2023-11-24 12:36:33,974 DEBUG o.h.t.s.TypeConfiguration$Scope [TypeConfiguration.java:203] Scoping TypeConfiguration [org.hibernate.type.spi.TypeConfiguration@1edd9e09] to SessionFactoryImplementor [org.hibernate.internal.SessionFactoryImpl@4c165a61]
2023-11-24 12:36:33,976 DEBUG o.h.q.n.NamedObjectRepository [NamedObjectRepositoryImpl.java:234] Checking 0 named HQL queries
2023-11-24 12:36:33,976 DEBUG o.h.q.n.NamedObjectRepository [NamedObjectRepositoryImpl.java:251] Checking 0 named SQL queries
2023-11-24 12:36:33,977 DEBUG o.h.t.s.s.SchemaManagementToolCoordinator [SchemaManagementToolCoordinator.java:760] No schema actions specified for contributor `orm`; doing nothing
2023-11-24 12:36:33,978 DEBUG o.h.t.s.s.SchemaManagementToolCoordinator [SchemaManagementToolCoordinator.java:72] No actions found; doing nothing
2023-11-24 12:36:33,980 DEBUG o.h.i.SessionFactoryRegistry [SessionFactoryRegistry.java:52] Initializing SessionFactoryRegistry : org.hibernate.internal.SessionFactoryRegistry@2f079444
2023-11-24 12:36:33,981 DEBUG o.h.i.SessionFactoryRegistry [SessionFactoryRegistry.java:74] Registering SessionFactory: 98e94a70-f01b-4dab-9ee1-a3519763e9a3 (<unnamed>)
2023-11-24 12:36:33,981 DEBUG o.h.i.SessionFactoryRegistry [SessionFactoryRegistry.java:81] Not binding SessionFactory to JNDI, no JNDI name configured
2023-11-24 12:36:33,981 TRACE o.h.t.s.TypeConfiguration$Scope [TypeConfiguration.java:267] Handling #sessionFactoryCreated from [org.hibernate.internal.SessionFactoryImpl@4c165a61] for TypeConfiguration
2023-11-24 12:36:33,982 DEBUG o.h.i.SessionFactoryImpl [SessionFactoryImpl.java:312] Instantiated SessionFactory
2023-11-24 12:36:34,130 TRACE o.h.i.SessionFactoryImpl$SessionBuilderImpl [SessionFactoryImpl.java:1298] Opening Hibernate Session.  tenant=null
2023-11-24 12:36:34,202 TRACE o.h.s.i.AbstractServiceRegistryImpl [AbstractServiceRegistryImpl.java:235] Initializing service [role=org.hibernate.stat.spi.StatisticsImplementor]
2023-11-24 12:36:34,211 DEBUG o.h.s.i.StatisticsInitiator [StatisticsInitiator.java:88] Statistics initialized [enabled=false]
2023-11-24 12:36:34,218 TRACE o.h.i.SessionImpl [SessionImpl.java:262] Opened Session [f7ed1a77-f20e-4fac-a8e7-74ad8e526b6b] at timestamp: 1700825794218
2023-11-24 12:36:34,225 TRACE o.h.i.SessionImpl [SessionImpl.java:402] Closing session [f7ed1a77-f20e-4fac-a8e7-74ad8e526b6b]
2023-11-24 12:36:34,225 TRACE o.h.e.j.i.JdbcCoordinatorImpl [JdbcCoordinatorImpl.java:152] Closing JDBC container [org.hibernate.engine.jdbc.internal.JdbcCoordinatorImpl@6a9a80e4]
2023-11-24 12:36:34,226 TRACE o.h.r.j.i.ResourceRegistryStandardImpl [ResourceRegistryStandardImpl.java:329] Releasing JDBC resources
2023-11-24 12:36:34,226 TRACE o.h.r.j.i.LogicalConnectionManagedImpl [LogicalConnectionManagedImpl.java:256] Closing logical connection
2023-11-24 12:36:34,227 TRACE o.h.r.j.i.LogicalConnectionManagedImpl [LogicalConnectionManagedImpl.java:263] Logical connection closed
2023-11-24 12:36:34,227 TRACE o.h.i.SessionFactoryImpl$SessionBuilderImpl [SessionFactoryImpl.java:1298] Opening Hibernate Session.  tenant=null
2023-11-24 12:36:34,228 TRACE o.h.i.SessionImpl [SessionImpl.java:262] Opened Session [bc2aa27b-960a-425b-9e9d-a7e04e2c57f1] at timestamp: 1700825794228
2023-11-24 12:36:34,228 TRACE o.h.i.SessionImpl [SessionImpl.java:402] Closing session [bc2aa27b-960a-425b-9e9d-a7e04e2c57f1]
2023-11-24 12:36:34,228 TRACE o.h.e.j.i.JdbcCoordinatorImpl [JdbcCoordinatorImpl.java:152] Closing JDBC container [org.hibernate.engine.jdbc.internal.JdbcCoordinatorImpl@683cf4c8]
2023-11-24 12:36:34,229 TRACE o.h.r.j.i.ResourceRegistryStandardImpl [ResourceRegistryStandardImpl.java:329] Releasing JDBC resources
2023-11-24 12:36:34,229 TRACE o.h.r.j.i.LogicalConnectionManagedImpl [LogicalConnectionManagedImpl.java:256] Closing logical connection
2023-11-24 12:36:34,229 TRACE o.h.r.j.i.LogicalConnectionManagedImpl [LogicalConnectionManagedImpl.java:263] Logical connection closed
2023-11-24 12:36:34,348 TRACE o.h.i.SessionFactoryImpl$SessionBuilderImpl [SessionFactoryImpl.java:1298] Opening Hibernate Session.  tenant=null
2023-11-24 12:36:34,349 TRACE o.h.i.SessionImpl [SessionImpl.java:262] Opened Session [151a59cf-b525-4b13-bf86-cc61a1efac70] at timestamp: 1700825794349
2023-11-24 12:36:34,349 TRACE o.h.i.SessionImpl [SessionImpl.java:402] Closing session [151a59cf-b525-4b13-bf86-cc61a1efac70]
2023-11-24 12:36:34,349 TRACE o.h.e.j.i.JdbcCoordinatorImpl [JdbcCoordinatorImpl.java:152] Closing JDBC container [org.hibernate.engine.jdbc.internal.JdbcCoordinatorImpl@9d5efdd]
2023-11-24 12:36:34,350 TRACE o.h.r.j.i.ResourceRegistryStandardImpl [ResourceRegistryStandardImpl.java:329] Releasing JDBC resources
2023-11-24 12:36:34,350 TRACE o.h.r.j.i.LogicalConnectionManagedImpl [LogicalConnectionManagedImpl.java:256] Closing logical connection
2023-11-24 12:36:34,350 TRACE o.h.r.j.i.LogicalConnectionManagedImpl [LogicalConnectionManagedImpl.java:263] Logical connection closed
2023-11-24 12:36:34,483 TRACE o.h.i.SessionFactoryImpl$SessionBuilderImpl [SessionFactoryImpl.java:1298] Opening Hibernate Session.  tenant=null
2023-11-24 12:36:34,483 TRACE o.h.i.SessionImpl [SessionImpl.java:262] Opened Session [e9ec2876-f41b-45b4-9f14-18bfb85b0e66] at timestamp: 1700825794483
2023-11-24 12:36:34,487 DEBUG o.h.r.t.b.j.i.JdbcResourceLocalTransactionCoordinatorImpl [JdbcResourceLocalTransactionCoordinatorImpl.java:310] JDBC transaction marked for rollback-only (exception provided for stack trace)
java.lang.Exception: exception just for purpose of providing stack trace
	at org.hibernate.resource.transaction.backend.jdbc.internal.JdbcResourceLocalTransactionCoordinatorImpl$TransactionDriverControlImpl.markRollbackOnly(JdbcResourceLocalTransactionCoordinatorImpl.java:310)
	at org.hibernate.internal.AbstractSharedSessionContract.buildNamedQuery(AbstractSharedSessionContract.java:1021)
	at org.hibernate.internal.AbstractSharedSessionContract.createNamedQuery(AbstractSharedSessionContract.java:899)
	at org.hibernate.internal.AbstractSharedSessionContract.createNamedQuery(AbstractSharedSessionContract.java:120)
	at java.base/jdk.internal.reflect.NativeMethodAccessorImpl.invoke0(Native Method)
	at java.base/jdk.internal.reflect.NativeMethodAccessorImpl.invoke(NativeMethodAccessorImpl.java:77)
	at java.base/jdk.internal.reflect.DelegatingMethodAccessorImpl.invoke(DelegatingMethodAccessorImpl.java:43)
	at java.base/java.lang.reflect.Method.invoke(Method.java:568)
	at org.springframework.orm.jpa.ExtendedEntityManagerCreator$ExtendedEntityManagerInvocationHandler.invoke(ExtendedEntityManagerCreator.java:360)
	at jdk.proxy2/jdk.proxy2.$Proxy191.createNamedQuery(Unknown Source)
	at org.springframework.data.jpa.repository.query.NamedQuery.hasNamedQuery(NamedQuery.java:113)
	at org.springframework.data.jpa.repository.query.NamedQuery.lookupFrom(NamedQuery.java:141)
	at org.springframework.data.jpa.repository.query.JpaQueryLookupStrategy$DeclaredQueryLookupStrategy.resolveQuery(JpaQueryLookupStrategy.java:180)
	at org.springframework.data.jpa.repository.query.JpaQueryLookupStrategy$CreateIfNotFoundQueryLookupStrategy.resolveQuery(JpaQueryLookupStrategy.java:252)
	at org.springframework.data.jpa.repository.query.JpaQueryLookupStrategy$AbstractQueryLookupStrategy.resolveQuery(JpaQueryLookupStrategy.java:95)
	at org.springframework.data.repository.core.support.QueryExecutorMethodInterceptor.lookupQuery(QueryExecutorMethodInterceptor.java:111)
	at org.springframework.data.repository.core.support.QueryExecutorMethodInterceptor.mapMethodsToQuery(QueryExecutorMethodInterceptor.java:99)
	at org.springframework.data.repository.core.support.QueryExecutorMethodInterceptor.lambda$new$0(QueryExecutorMethodInterceptor.java:88)
	at java.base/java.util.Optional.map(Optional.java:260)
	at org.springframework.data.repository.core.support.QueryExecutorMethodInterceptor.<init>(QueryExecutorMethodInterceptor.java:88)
	at org.springframework.data.repository.core.support.RepositoryFactorySupport.getRepository(RepositoryFactorySupport.java:357)
	at org.springframework.data.repository.core.support.RepositoryFactoryBeanSupport.lambda$afterPropertiesSet$5(RepositoryFactoryBeanSupport.java:279)
	at org.springframework.data.util.Lazy.getNullable(Lazy.java:245)
	at org.springframework.data.util.Lazy.get(Lazy.java:114)
	at org.springframework.data.repository.core.support.RepositoryFactoryBeanSupport.afterPropertiesSet(RepositoryFactoryBeanSupport.java:285)
	at org.springframework.data.jpa.repository.support.JpaRepositoryFactoryBean.afterPropertiesSet(JpaRepositoryFactoryBean.java:132)
	at org.springframework.beans.factory.support.AbstractAutowireCapableBeanFactory.invokeInitMethods(AbstractAutowireCapableBeanFactory.java:1817)
	at org.springframework.beans.factory.support.AbstractAutowireCapableBeanFactory.initializeBean(AbstractAutowireCapableBeanFactory.java:1766)
	at org.springframework.beans.factory.support.AbstractAutowireCapableBeanFactory.doCreateBean(AbstractAutowireCapableBeanFactory.java:598)
	at org.springframework.beans.factory.support.AbstractAutowireCapableBeanFactory.createBean(AbstractAutowireCapableBeanFactory.java:520)
	at org.springframework.beans.factory.support.AbstractBeanFactory.lambda$doGetBean$0(AbstractBeanFactory.java:325)
	at org.springframework.beans.factory.support.DefaultSingletonBeanRegistry.getSingleton(DefaultSingletonBeanRegistry.java:234)
	at org.springframework.beans.factory.support.AbstractBeanFactory.doGetBean(AbstractBeanFactory.java:323)
	at org.springframework.beans.factory.support.AbstractBeanFactory.getBean(AbstractBeanFactory.java:199)
	at org.springframework.beans.factory.config.DependencyDescriptor.resolveCandidate(DependencyDescriptor.java:254)
	at org.springframework.beans.factory.support.DefaultListableBeanFactory.doResolveDependency(DefaultListableBeanFactory.java:1417)
	at org.springframework.beans.factory.support.DefaultListableBeanFactory.resolveDependency(DefaultListableBeanFactory.java:1337)
	at org.springframework.beans.factory.annotation.AutowiredAnnotationBeanPostProcessor$AutowiredFieldElement.resolveFieldValue(AutowiredAnnotationBeanPostProcessor.java:764)
	at org.springframework.beans.factory.annotation.AutowiredAnnotationBeanPostProcessor$AutowiredFieldElement.inject(AutowiredAnnotationBeanPostProcessor.java:747)
	at org.springframework.beans.factory.annotation.InjectionMetadata.inject(InjectionMetadata.java:145)
	at org.springframework.beans.factory.annotation.AutowiredAnnotationBeanPostProcessor.postProcessProperties(AutowiredAnnotationBeanPostProcessor.java:492)
	at org.springframework.beans.factory.support.AbstractAutowireCapableBeanFactory.populateBean(AbstractAutowireCapableBeanFactory.java:1416)
	at org.springframework.beans.factory.support.AbstractAutowireCapableBeanFactory.doCreateBean(AbstractAutowireCapableBeanFactory.java:597)
	at org.springframework.beans.factory.support.AbstractAutowireCapableBeanFactory.createBean(AbstractAutowireCapableBeanFactory.java:520)
	at org.springframework.beans.factory.support.AbstractBeanFactory.lambda$doGetBean$0(AbstractBeanFactory.java:325)
	at org.springframework.beans.factory.support.DefaultSingletonBeanRegistry.getSingleton(DefaultSingletonBeanRegistry.java:234)
	at org.springframework.beans.factory.support.AbstractBeanFactory.doGetBean(AbstractBeanFactory.java:323)
	at org.springframework.beans.factory.support.AbstractBeanFactory.getBean(AbstractBeanFactory.java:199)
	at org.springframework.beans.factory.config.DependencyDescriptor.resolveCandidate(DependencyDescriptor.java:254)
	at org.springframework.beans.factory.support.DefaultListableBeanFactory.doResolveDependency(DefaultListableBeanFactory.java:1417)
	at org.springframework.beans.factory.support.DefaultListableBeanFactory.resolveDependency(DefaultListableBeanFactory.java:1337)
	at org.springframework.beans.factory.annotation.AutowiredAnnotationBeanPostProcessor$AutowiredFieldElement.resolveFieldValue(AutowiredAnnotationBeanPostProcessor.java:764)
	at org.springframework.beans.factory.annotation.AutowiredAnnotationBeanPostProcessor$AutowiredFieldElement.inject(AutowiredAnnotationBeanPostProcessor.java:747)
	at org.springframework.beans.factory.annotation.InjectionMetadata.inject(InjectionMetadata.java:145)
	at org.springframework.beans.factory.annotation.AutowiredAnnotationBeanPostProcessor.postProcessProperties(AutowiredAnnotationBeanPostProcessor.java:492)
	at org.springframework.beans.factory.support.AbstractAutowireCapableBeanFactory.populateBean(AbstractAutowireCapableBeanFactory.java:1416)
	at org.springframework.beans.factory.support.AbstractAutowireCapableBeanFactory.doCreateBean(AbstractAutowireCapableBeanFactory.java:597)
	at org.springframework.beans.factory.support.AbstractAutowireCapableBeanFactory.createBean(AbstractAutowireCapableBeanFactory.java:520)
	at org.springframework.beans.factory.support.AbstractBeanFactory.lambda$doGetBean$0(AbstractBeanFactory.java:325)
	at org.springframework.beans.factory.support.DefaultSingletonBeanRegistry.getSingleton(DefaultSingletonBeanRegistry.java:234)
	at org.springframework.beans.factory.support.AbstractBeanFactory.doGetBean(AbstractBeanFactory.java:323)
	at org.springframework.beans.factory.support.AbstractBeanFactory.getBean(AbstractBeanFactory.java:199)
	at org.springframework.beans.factory.support.DefaultListableBeanFactory.preInstantiateSingletons(DefaultListableBeanFactory.java:973)
	at org.springframework.context.support.AbstractApplicationContext.finishBeanFactoryInitialization(AbstractApplicationContext.java:950)
	at org.springframework.context.support.AbstractApplicationContext.refresh(AbstractApplicationContext.java:616)
	at org.springframework.boot.web.servlet.context.ServletWebServerApplicationContext.refresh(ServletWebServerApplicationContext.java:146)
	at org.springframework.boot.SpringApplication.refresh(SpringApplication.java:738)
	at org.springframework.boot.SpringApplication.refreshContext(SpringApplication.java:440)
	at org.springframework.boot.SpringApplication.run(SpringApplication.java:316)
	at org.springframework.boot.test.context.SpringBootContextLoader.lambda$loadContext$3(SpringBootContextLoader.java:137)
	at org.springframework.util.function.ThrowingSupplier.get(ThrowingSupplier.java:58)
	at org.springframework.util.function.ThrowingSupplier.get(ThrowingSupplier.java:46)
	at org.springframework.boot.SpringApplication.withHook(SpringApplication.java:1406)
	at org.springframework.boot.test.context.SpringBootContextLoader$ContextLoaderHook.run(SpringBootContextLoader.java:545)
	at org.springframework.boot.test.context.SpringBootContextLoader.loadContext(SpringBootContextLoader.java:137)
	at org.springframework.boot.test.context.SpringBootContextLoader.loadContext(SpringBootContextLoader.java:108)
	at org.springframework.test.context.cache.DefaultCacheAwareContextLoaderDelegate.loadContextInternal(DefaultCacheAwareContextLoaderDelegate.java:187)
	at org.springframework.test.context.cache.DefaultCacheAwareContextLoaderDelegate.loadContext(DefaultCacheAwareContextLoaderDelegate.java:119)
	at org.springframework.test.context.support.DefaultTestContext.getApplicationContext(DefaultTestContext.java:127)
	at org.springframework.test.context.support.DependencyInjectionTestExecutionListener.injectDependencies(DependencyInjectionTestExecutionListener.java:141)
	at org.springframework.test.context.support.DependencyInjectionTestExecutionListener.prepareTestInstance(DependencyInjectionTestExecutionListener.java:97)
	at org.springframework.test.context.TestContextManager.prepareTestInstance(TestContextManager.java:241)
	at org.springframework.test.context.junit.jupiter.SpringExtension.postProcessTestInstance(SpringExtension.java:138)
	at org.junit.jupiter.engine.descriptor.ClassBasedTestDescriptor.lambda$invokeTestInstancePostProcessors$10(ClassBasedTestDescriptor.java:377)
	at org.junit.jupiter.engine.descriptor.ClassBasedTestDescriptor.executeAndMaskThrowable(ClassBasedTestDescriptor.java:382)
	at org.junit.jupiter.engine.descriptor.ClassBasedTestDescriptor.lambda$invokeTestInstancePostProcessors$11(ClassBasedTestDescriptor.java:377)
	at java.base/java.util.stream.ReferencePipeline$3$1.accept(ReferencePipeline.java:197)
	at java.base/java.util.stream.ReferencePipeline$2$1.accept(ReferencePipeline.java:179)
	at java.base/java.util.ArrayList$ArrayListSpliterator.forEachRemaining(ArrayList.java:1625)
	at java.base/java.util.stream.AbstractPipeline.copyInto(AbstractPipeline.java:509)
	at java.base/java.util.stream.AbstractPipeline.wrapAndCopyInto(AbstractPipeline.java:499)
	at java.base/java.util.stream.StreamSpliterators$WrappingSpliterator.forEachRemaining(StreamSpliterators.java:310)
	at java.base/java.util.stream.Streams$ConcatSpliterator.forEachRemaining(Streams.java:735)
	at java.base/java.util.stream.Streams$ConcatSpliterator.forEachRemaining(Streams.java:734)
	at java.base/java.util.stream.ReferencePipeline$Head.forEach(ReferencePipeline.java:762)
	at org.junit.jupiter.engine.descriptor.ClassBasedTestDescriptor.invokeTestInstancePostProcessors(ClassBasedTestDescriptor.java:376)
	at org.junit.jupiter.engine.descriptor.ClassBasedTestDescriptor.lambda$instantiateAndPostProcessTestInstance$6(ClassBasedTestDescriptor.java:289)
	at org.junit.platform.engine.support.hierarchical.ThrowableCollector.execute(ThrowableCollector.java:73)
	at org.junit.jupiter.engine.descriptor.ClassBasedTestDescriptor.instantiateAndPostProcessTestInstance(ClassBasedTestDescriptor.java:288)
	at org.junit.jupiter.engine.descriptor.ClassBasedTestDescriptor.lambda$testInstancesProvider$4(ClassBasedTestDescriptor.java:278)
	at java.base/java.util.Optional.orElseGet(Optional.java:364)
	at org.junit.jupiter.engine.descriptor.ClassBasedTestDescriptor.lambda$testInstancesProvider$5(ClassBasedTestDescriptor.java:277)
	at org.junit.jupiter.engine.execution.TestInstancesProvider.getTestInstances(TestInstancesProvider.java:31)
	at org.junit.jupiter.engine.descriptor.TestMethodTestDescriptor.lambda$prepare$0(TestMethodTestDescriptor.java:105)
	at org.junit.platform.engine.support.hierarchical.ThrowableCollector.execute(ThrowableCollector.java:73)
	at org.junit.jupiter.engine.descriptor.TestMethodTestDescriptor.prepare(TestMethodTestDescriptor.java:104)
	at org.junit.jupiter.engine.descriptor.TestMethodTestDescriptor.prepare(TestMethodTestDescriptor.java:68)
	at org.junit.platform.engine.support.hierarchical.NodeTestTask.lambda$prepare$2(NodeTestTask.java:123)
	at org.junit.platform.engine.support.hierarchical.ThrowableCollector.execute(ThrowableCollector.java:73)
	at org.junit.platform.engine.support.hierarchical.NodeTestTask.prepare(NodeTestTask.java:123)
	at org.junit.platform.engine.support.hierarchical.NodeTestTask.execute(NodeTestTask.java:90)
	at java.base/java.util.ArrayList.forEach(ArrayList.java:1511)
	at org.junit.platform.engine.support.hierarchical.SameThreadHierarchicalTestExecutorService.invokeAll(SameThreadHierarchicalTestExecutorService.java:41)
	at org.junit.platform.engine.support.hierarchical.NodeTestTask.lambda$executeRecursively$6(NodeTestTask.java:155)
	at org.junit.platform.engine.support.hierarchical.ThrowableCollector.execute(ThrowableCollector.java:73)
	at org.junit.platform.engine.support.hierarchical.NodeTestTask.lambda$executeRecursively$8(NodeTestTask.java:141)
	at org.junit.platform.engine.support.hierarchical.Node.around(Node.java:137)
	at org.junit.platform.engine.support.hierarchical.NodeTestTask.lambda$executeRecursively$9(NodeTestTask.java:139)
	at org.junit.platform.engine.support.hierarchical.ThrowableCollector.execute(ThrowableCollector.java:73)
	at org.junit.platform.engine.support.hierarchical.NodeTestTask.executeRecursively(NodeTestTask.java:138)
	at org.junit.platform.engine.support.hierarchical.NodeTestTask.execute(NodeTestTask.java:95)
	at java.base/java.util.ArrayList.forEach(ArrayList.java:1511)
	at org.junit.platform.engine.support.hierarchical.SameThreadHierarchicalTestExecutorService.invokeAll(SameThreadHierarchicalTestExecutorService.java:41)
	at org.junit.platform.engine.support.hierarchical.NodeTestTask.lambda$executeRecursively$6(NodeTestTask.java:155)
	at org.junit.platform.engine.support.hierarchical.ThrowableCollector.execute(ThrowableCollector.java:73)
	at org.junit.platform.engine.support.hierarchical.NodeTestTask.lambda$executeRecursively$8(NodeTestTask.java:141)
	at org.junit.platform.engine.support.hierarchical.Node.around(Node.java:137)
	at org.junit.platform.engine.support.hierarchical.NodeTestTask.lambda$executeRecursively$9(NodeTestTask.java:139)
	at org.junit.platform.engine.support.hierarchical.ThrowableCollector.execute(ThrowableCollector.java:73)
	at org.junit.platform.engine.support.hierarchical.NodeTestTask.executeRecursively(NodeTestTask.java:138)
	at org.junit.platform.engine.support.hierarchical.NodeTestTask.execute(NodeTestTask.java:95)
	at org.junit.platform.engine.support.hierarchical.SameThreadHierarchicalTestExecutorService.submit(SameThreadHierarchicalTestExecutorService.java:35)
	at org.junit.platform.engine.support.hierarchical.HierarchicalTestExecutor.execute(HierarchicalTestExecutor.java:57)
	at org.junit.platform.engine.support.hierarchical.HierarchicalTestEngine.execute(HierarchicalTestEngine.java:54)
	at org.junit.platform.launcher.core.EngineExecutionOrchestrator.execute(EngineExecutionOrchestrator.java:147)
	at org.junit.platform.launcher.core.EngineExecutionOrchestrator.execute(EngineExecutionOrchestrator.java:127)
	at org.junit.platform.launcher.core.EngineExecutionOrchestrator.execute(EngineExecutionOrchestrator.java:90)
	at org.junit.platform.launcher.core.EngineExecutionOrchestrator.lambda$execute$0(EngineExecutionOrchestrator.java:55)
	at org.junit.platform.launcher.core.EngineExecutionOrchestrator.withInterceptedStreams(EngineExecutionOrchestrator.java:102)
	at org.junit.platform.launcher.core.EngineExecutionOrchestrator.execute(EngineExecutionOrchestrator.java:54)
	at org.junit.platform.launcher.core.DefaultLauncher.execute(DefaultLauncher.java:114)
	at org.junit.platform.launcher.core.DefaultLauncher.execute(DefaultLauncher.java:86)
	at org.junit.platform.launcher.core.DefaultLauncherSession$DelegatingLauncher.execute(DefaultLauncherSession.java:86)
	at org.apache.maven.surefire.junitplatform.LazyLauncher.execute(LazyLauncher.java:50)
	at org.apache.maven.surefire.junitplatform.JUnitPlatformProvider.execute(JUnitPlatformProvider.java:184)
	at org.apache.maven.surefire.junitplatform.JUnitPlatformProvider.invokeAllTests(JUnitPlatformProvider.java:148)
	at org.apache.maven.surefire.junitplatform.JUnitPlatformProvider.invoke(JUnitPlatformProvider.java:122)
	at org.apache.maven.surefire.booter.ForkedBooter.runSuitesInProcess(ForkedBooter.java:385)
	at org.apache.maven.surefire.booter.ForkedBooter.execute(ForkedBooter.java:162)
	at org.apache.maven.surefire.booter.ForkedBooter.run(ForkedBooter.java:507)
	at org.apache.maven.surefire.booter.ForkedBooter.main(ForkedBooter.java:495)
2023-11-24 12:36:34,489 TRACE o.h.i.SessionImpl [SessionImpl.java:402] Closing session [e9ec2876-f41b-45b4-9f14-18bfb85b0e66]
2023-11-24 12:36:34,490 TRACE o.h.e.j.i.JdbcCoordinatorImpl [JdbcCoordinatorImpl.java:152] Closing JDBC container [org.hibernate.engine.jdbc.internal.JdbcCoordinatorImpl@1457fcc7]
2023-11-24 12:36:34,490 TRACE o.h.r.j.i.ResourceRegistryStandardImpl [ResourceRegistryStandardImpl.java:329] Releasing JDBC resources
2023-11-24 12:36:34,490 TRACE o.h.r.j.i.LogicalConnectionManagedImpl [LogicalConnectionManagedImpl.java:256] Closing logical connection
2023-11-24 12:36:34,490 TRACE o.h.r.j.i.LogicalConnectionManagedImpl [LogicalConnectionManagedImpl.java:263] Logical connection closed
2023-11-24 12:36:34,496 TRACE o.h.i.SessionFactoryImpl$SessionBuilderImpl [SessionFactoryImpl.java:1298] Opening Hibernate Session.  tenant=null
2023-11-24 12:36:34,497 TRACE o.h.i.SessionImpl [SessionImpl.java:262] Opened Session [ee7e3cf9-aec7-4a76-a0c5-bc68e9befcd2] at timestamp: 1700825794497
2023-11-24 12:36:34,497 TRACE o.h.i.SessionImpl [SessionImpl.java:402] Closing session [ee7e3cf9-aec7-4a76-a0c5-bc68e9befcd2]
2023-11-24 12:36:34,497 TRACE o.h.e.j.i.JdbcCoordinatorImpl [JdbcCoordinatorImpl.java:152] Closing JDBC container [org.hibernate.engine.jdbc.internal.JdbcCoordinatorImpl@35be20c3]
2023-11-24 12:36:34,498 TRACE o.h.r.j.i.ResourceRegistryStandardImpl [ResourceRegistryStandardImpl.java:329] Releasing JDBC resources
2023-11-24 12:36:34,498 TRACE o.h.r.j.i.LogicalConnectionManagedImpl [LogicalConnectionManagedImpl.java:256] Closing logical connection
2023-11-24 12:36:34,498 TRACE o.h.r.j.i.LogicalConnectionManagedImpl [LogicalConnectionManagedImpl.java:263] Logical connection closed
2023-11-24 12:36:34,896 TRACE o.h.i.SessionFactoryImpl$SessionBuilderImpl [SessionFactoryImpl.java:1298] Opening Hibernate Session.  tenant=null
2023-11-24 12:36:34,896 TRACE o.h.i.SessionImpl [SessionImpl.java:262] Opened Session [54705a55-cd34-4028-9816-70e03bccac06] at timestamp: 1700825794896
2023-11-24 12:36:34,897 DEBUG o.h.r.t.b.j.i.JdbcResourceLocalTransactionCoordinatorImpl [JdbcResourceLocalTransactionCoordinatorImpl.java:310] JDBC transaction marked for rollback-only (exception provided for stack trace)
java.lang.Exception: exception just for purpose of providing stack trace
	at org.hibernate.resource.transaction.backend.jdbc.internal.JdbcResourceLocalTransactionCoordinatorImpl$TransactionDriverControlImpl.markRollbackOnly(JdbcResourceLocalTransactionCoordinatorImpl.java:310)
	at org.hibernate.internal.AbstractSharedSessionContract.buildNamedQuery(AbstractSharedSessionContract.java:1021)
	at org.hibernate.internal.AbstractSharedSessionContract.createNamedQuery(AbstractSharedSessionContract.java:899)
	at org.hibernate.internal.AbstractSharedSessionContract.createNamedQuery(AbstractSharedSessionContract.java:120)
	at java.base/jdk.internal.reflect.NativeMethodAccessorImpl.invoke0(Native Method)
	at java.base/jdk.internal.reflect.NativeMethodAccessorImpl.invoke(NativeMethodAccessorImpl.java:77)
	at java.base/jdk.internal.reflect.DelegatingMethodAccessorImpl.invoke(DelegatingMethodAccessorImpl.java:43)
	at java.base/java.lang.reflect.Method.invoke(Method.java:568)
	at org.springframework.orm.jpa.ExtendedEntityManagerCreator$ExtendedEntityManagerInvocationHandler.invoke(ExtendedEntityManagerCreator.java:360)
	at jdk.proxy2/jdk.proxy2.$Proxy191.createNamedQuery(Unknown Source)
	at org.springframework.data.jpa.repository.query.NamedQuery.hasNamedQuery(NamedQuery.java:113)
	at org.springframework.data.jpa.repository.query.JpaQueryLookupStrategy$DeclaredQueryLookupStrategy.getCountQuery(JpaQueryLookupStrategy.java:204)
	at org.springframework.data.jpa.repository.query.JpaQueryLookupStrategy$DeclaredQueryLookupStrategy.resolveQuery(JpaQueryLookupStrategy.java:171)
	at org.springframework.data.jpa.repository.query.JpaQueryLookupStrategy$CreateIfNotFoundQueryLookupStrategy.resolveQuery(JpaQueryLookupStrategy.java:252)
	at org.springframework.data.jpa.repository.query.JpaQueryLookupStrategy$AbstractQueryLookupStrategy.resolveQuery(JpaQueryLookupStrategy.java:95)
	at org.springframework.data.repository.core.support.QueryExecutorMethodInterceptor.lookupQuery(QueryExecutorMethodInterceptor.java:111)
	at org.springframework.data.repository.core.support.QueryExecutorMethodInterceptor.mapMethodsToQuery(QueryExecutorMethodInterceptor.java:99)
	at org.springframework.data.repository.core.support.QueryExecutorMethodInterceptor.lambda$new$0(QueryExecutorMethodInterceptor.java:88)
	at java.base/java.util.Optional.map(Optional.java:260)
	at org.springframework.data.repository.core.support.QueryExecutorMethodInterceptor.<init>(QueryExecutorMethodInterceptor.java:88)
	at org.springframework.data.repository.core.support.RepositoryFactorySupport.getRepository(RepositoryFactorySupport.java:357)
	at org.springframework.data.repository.core.support.RepositoryFactoryBeanSupport.lambda$afterPropertiesSet$5(RepositoryFactoryBeanSupport.java:279)
	at org.springframework.data.util.Lazy.getNullable(Lazy.java:245)
	at org.springframework.data.util.Lazy.get(Lazy.java:114)
	at org.springframework.data.repository.core.support.RepositoryFactoryBeanSupport.afterPropertiesSet(RepositoryFactoryBeanSupport.java:285)
	at org.springframework.data.jpa.repository.support.JpaRepositoryFactoryBean.afterPropertiesSet(JpaRepositoryFactoryBean.java:132)
	at org.springframework.beans.factory.support.AbstractAutowireCapableBeanFactory.invokeInitMethods(AbstractAutowireCapableBeanFactory.java:1817)
	at org.springframework.beans.factory.support.AbstractAutowireCapableBeanFactory.initializeBean(AbstractAutowireCapableBeanFactory.java:1766)
	at org.springframework.beans.factory.support.AbstractAutowireCapableBeanFactory.doCreateBean(AbstractAutowireCapableBeanFactory.java:598)
	at org.springframework.beans.factory.support.AbstractAutowireCapableBeanFactory.createBean(AbstractAutowireCapableBeanFactory.java:520)
	at org.springframework.beans.factory.support.AbstractBeanFactory.lambda$doGetBean$0(AbstractBeanFactory.java:325)
	at org.springframework.beans.factory.support.DefaultSingletonBeanRegistry.getSingleton(DefaultSingletonBeanRegistry.java:234)
	at org.springframework.beans.factory.support.AbstractBeanFactory.doGetBean(AbstractBeanFactory.java:323)
	at org.springframework.beans.factory.support.AbstractBeanFactory.getBean(AbstractBeanFactory.java:199)
	at org.springframework.beans.factory.config.DependencyDescriptor.resolveCandidate(DependencyDescriptor.java:254)
	at org.springframework.beans.factory.support.DefaultListableBeanFactory.doResolveDependency(DefaultListableBeanFactory.java:1417)
	at org.springframework.beans.factory.support.DefaultListableBeanFactory.resolveDependency(DefaultListableBeanFactory.java:1337)
	at org.springframework.beans.factory.annotation.AutowiredAnnotationBeanPostProcessor$AutowiredFieldElement.resolveFieldValue(AutowiredAnnotationBeanPostProcessor.java:764)
	at org.springframework.beans.factory.annotation.AutowiredAnnotationBeanPostProcessor$AutowiredFieldElement.inject(AutowiredAnnotationBeanPostProcessor.java:747)
	at org.springframework.beans.factory.annotation.InjectionMetadata.inject(InjectionMetadata.java:145)
	at org.springframework.beans.factory.annotation.AutowiredAnnotationBeanPostProcessor.postProcessProperties(AutowiredAnnotationBeanPostProcessor.java:492)
	at org.springframework.beans.factory.support.AbstractAutowireCapableBeanFactory.populateBean(AbstractAutowireCapableBeanFactory.java:1416)
	at org.springframework.beans.factory.support.AbstractAutowireCapableBeanFactory.doCreateBean(AbstractAutowireCapableBeanFactory.java:597)
	at org.springframework.beans.factory.support.AbstractAutowireCapableBeanFactory.createBean(AbstractAutowireCapableBeanFactory.java:520)
	at org.springframework.beans.factory.support.AbstractBeanFactory.lambda$doGetBean$0(AbstractBeanFactory.java:325)
	at org.springframework.beans.factory.support.DefaultSingletonBeanRegistry.getSingleton(DefaultSingletonBeanRegistry.java:234)
	at org.springframework.beans.factory.support.AbstractBeanFactory.doGetBean(AbstractBeanFactory.java:323)
	at org.springframework.beans.factory.support.AbstractBeanFactory.getBean(AbstractBeanFactory.java:199)
	at org.springframework.beans.factory.config.DependencyDescriptor.resolveCandidate(DependencyDescriptor.java:254)
	at org.springframework.beans.factory.support.DefaultListableBeanFactory.doResolveDependency(DefaultListableBeanFactory.java:1417)
	at org.springframework.beans.factory.support.DefaultListableBeanFactory.resolveDependency(DefaultListableBeanFactory.java:1337)
	at org.springframework.beans.factory.annotation.AutowiredAnnotationBeanPostProcessor$AutowiredFieldElement.resolveFieldValue(AutowiredAnnotationBeanPostProcessor.java:764)
	at org.springframework.beans.factory.annotation.AutowiredAnnotationBeanPostProcessor$AutowiredFieldElement.inject(AutowiredAnnotationBeanPostProcessor.java:747)
	at org.springframework.beans.factory.annotation.InjectionMetadata.inject(InjectionMetadata.java:145)
	at org.springframework.beans.factory.annotation.AutowiredAnnotationBeanPostProcessor.postProcessProperties(AutowiredAnnotationBeanPostProcessor.java:492)
	at org.springframework.beans.factory.support.AbstractAutowireCapableBeanFactory.populateBean(AbstractAutowireCapableBeanFactory.java:1416)
	at org.springframework.beans.factory.support.AbstractAutowireCapableBeanFactory.doCreateBean(AbstractAutowireCapableBeanFactory.java:597)
	at org.springframework.beans.factory.support.AbstractAutowireCapableBeanFactory.createBean(AbstractAutowireCapableBeanFactory.java:520)
	at org.springframework.beans.factory.support.AbstractBeanFactory.lambda$doGetBean$0(AbstractBeanFactory.java:325)
	at org.springframework.beans.factory.support.DefaultSingletonBeanRegistry.getSingleton(DefaultSingletonBeanRegistry.java:234)
	at org.springframework.beans.factory.support.AbstractBeanFactory.doGetBean(AbstractBeanFactory.java:323)
	at org.springframework.beans.factory.support.AbstractBeanFactory.getBean(AbstractBeanFactory.java:199)
	at org.springframework.beans.factory.support.DefaultListableBeanFactory.preInstantiateSingletons(DefaultListableBeanFactory.java:973)
	at org.springframework.context.support.AbstractApplicationContext.finishBeanFactoryInitialization(AbstractApplicationContext.java:950)
	at org.springframework.context.support.AbstractApplicationContext.refresh(AbstractApplicationContext.java:616)
	at org.springframework.boot.web.servlet.context.ServletWebServerApplicationContext.refresh(ServletWebServerApplicationContext.java:146)
	at org.springframework.boot.SpringApplication.refresh(SpringApplication.java:738)
	at org.springframework.boot.SpringApplication.refreshContext(SpringApplication.java:440)
	at org.springframework.boot.SpringApplication.run(SpringApplication.java:316)
	at org.springframework.boot.test.context.SpringBootContextLoader.lambda$loadContext$3(SpringBootContextLoader.java:137)
	at org.springframework.util.function.ThrowingSupplier.get(ThrowingSupplier.java:58)
	at org.springframework.util.function.ThrowingSupplier.get(ThrowingSupplier.java:46)
	at org.springframework.boot.SpringApplication.withHook(SpringApplication.java:1406)
	at org.springframework.boot.test.context.SpringBootContextLoader$ContextLoaderHook.run(SpringBootContextLoader.java:545)
	at org.springframework.boot.test.context.SpringBootContextLoader.loadContext(SpringBootContextLoader.java:137)
	at org.springframework.boot.test.context.SpringBootContextLoader.loadContext(SpringBootContextLoader.java:108)
	at org.springframework.test.context.cache.DefaultCacheAwareContextLoaderDelegate.loadContextInternal(DefaultCacheAwareContextLoaderDelegate.java:187)
	at org.springframework.test.context.cache.DefaultCacheAwareContextLoaderDelegate.loadContext(DefaultCacheAwareContextLoaderDelegate.java:119)
	at org.springframework.test.context.support.DefaultTestContext.getApplicationContext(DefaultTestContext.java:127)
	at org.springframework.test.context.support.DependencyInjectionTestExecutionListener.injectDependencies(DependencyInjectionTestExecutionListener.java:141)
	at org.springframework.test.context.support.DependencyInjectionTestExecutionListener.prepareTestInstance(DependencyInjectionTestExecutionListener.java:97)
	at org.springframework.test.context.TestContextManager.prepareTestInstance(TestContextManager.java:241)
	at org.springframework.test.context.junit.jupiter.SpringExtension.postProcessTestInstance(SpringExtension.java:138)
	at org.junit.jupiter.engine.descriptor.ClassBasedTestDescriptor.lambda$invokeTestInstancePostProcessors$10(ClassBasedTestDescriptor.java:377)
	at org.junit.jupiter.engine.descriptor.ClassBasedTestDescriptor.executeAndMaskThrowable(ClassBasedTestDescriptor.java:382)
	at org.junit.jupiter.engine.descriptor.ClassBasedTestDescriptor.lambda$invokeTestInstancePostProcessors$11(ClassBasedTestDescriptor.java:377)
	at java.base/java.util.stream.ReferencePipeline$3$1.accept(ReferencePipeline.java:197)
	at java.base/java.util.stream.ReferencePipeline$2$1.accept(ReferencePipeline.java:179)
	at java.base/java.util.ArrayList$ArrayListSpliterator.forEachRemaining(ArrayList.java:1625)
	at java.base/java.util.stream.AbstractPipeline.copyInto(AbstractPipeline.java:509)
	at java.base/java.util.stream.AbstractPipeline.wrapAndCopyInto(AbstractPipeline.java:499)
	at java.base/java.util.stream.StreamSpliterators$WrappingSpliterator.forEachRemaining(StreamSpliterators.java:310)
	at java.base/java.util.stream.Streams$ConcatSpliterator.forEachRemaining(Streams.java:735)
	at java.base/java.util.stream.Streams$ConcatSpliterator.forEachRemaining(Streams.java:734)
	at java.base/java.util.stream.ReferencePipeline$Head.forEach(ReferencePipeline.java:762)
	at org.junit.jupiter.engine.descriptor.ClassBasedTestDescriptor.invokeTestInstancePostProcessors(ClassBasedTestDescriptor.java:376)
	at org.junit.jupiter.engine.descriptor.ClassBasedTestDescriptor.lambda$instantiateAndPostProcessTestInstance$6(ClassBasedTestDescriptor.java:289)
	at org.junit.platform.engine.support.hierarchical.ThrowableCollector.execute(ThrowableCollector.java:73)
	at org.junit.jupiter.engine.descriptor.ClassBasedTestDescriptor.instantiateAndPostProcessTestInstance(ClassBasedTestDescriptor.java:288)
	at org.junit.jupiter.engine.descriptor.ClassBasedTestDescriptor.lambda$testInstancesProvider$4(ClassBasedTestDescriptor.java:278)
	at java.base/java.util.Optional.orElseGet(Optional.java:364)
	at org.junit.jupiter.engine.descriptor.ClassBasedTestDescriptor.lambda$testInstancesProvider$5(ClassBasedTestDescriptor.java:277)
	at org.junit.jupiter.engine.execution.TestInstancesProvider.getTestInstances(TestInstancesProvider.java:31)
	at org.junit.jupiter.engine.descriptor.TestMethodTestDescriptor.lambda$prepare$0(TestMethodTestDescriptor.java:105)
	at org.junit.platform.engine.support.hierarchical.ThrowableCollector.execute(ThrowableCollector.java:73)
	at org.junit.jupiter.engine.descriptor.TestMethodTestDescriptor.prepare(TestMethodTestDescriptor.java:104)
	at org.junit.jupiter.engine.descriptor.TestMethodTestDescriptor.prepare(TestMethodTestDescriptor.java:68)
	at org.junit.platform.engine.support.hierarchical.NodeTestTask.lambda$prepare$2(NodeTestTask.java:123)
	at org.junit.platform.engine.support.hierarchical.ThrowableCollector.execute(ThrowableCollector.java:73)
	at org.junit.platform.engine.support.hierarchical.NodeTestTask.prepare(NodeTestTask.java:123)
	at org.junit.platform.engine.support.hierarchical.NodeTestTask.execute(NodeTestTask.java:90)
	at java.base/java.util.ArrayList.forEach(ArrayList.java:1511)
	at org.junit.platform.engine.support.hierarchical.SameThreadHierarchicalTestExecutorService.invokeAll(SameThreadHierarchicalTestExecutorService.java:41)
	at org.junit.platform.engine.support.hierarchical.NodeTestTask.lambda$executeRecursively$6(NodeTestTask.java:155)
	at org.junit.platform.engine.support.hierarchical.ThrowableCollector.execute(ThrowableCollector.java:73)
	at org.junit.platform.engine.support.hierarchical.NodeTestTask.lambda$executeRecursively$8(NodeTestTask.java:141)
	at org.junit.platform.engine.support.hierarchical.Node.around(Node.java:137)
	at org.junit.platform.engine.support.hierarchical.NodeTestTask.lambda$executeRecursively$9(NodeTestTask.java:139)
	at org.junit.platform.engine.support.hierarchical.ThrowableCollector.execute(ThrowableCollector.java:73)
	at org.junit.platform.engine.support.hierarchical.NodeTestTask.executeRecursively(NodeTestTask.java:138)
	at org.junit.platform.engine.support.hierarchical.NodeTestTask.execute(NodeTestTask.java:95)
	at java.base/java.util.ArrayList.forEach(ArrayList.java:1511)
	at org.junit.platform.engine.support.hierarchical.SameThreadHierarchicalTestExecutorService.invokeAll(SameThreadHierarchicalTestExecutorService.java:41)
	at org.junit.platform.engine.support.hierarchical.NodeTestTask.lambda$executeRecursively$6(NodeTestTask.java:155)
	at org.junit.platform.engine.support.hierarchical.ThrowableCollector.execute(ThrowableCollector.java:73)
	at org.junit.platform.engine.support.hierarchical.NodeTestTask.lambda$executeRecursively$8(NodeTestTask.java:141)
	at org.junit.platform.engine.support.hierarchical.Node.around(Node.java:137)
	at org.junit.platform.engine.support.hierarchical.NodeTestTask.lambda$executeRecursively$9(NodeTestTask.java:139)
	at org.junit.platform.engine.support.hierarchical.ThrowableCollector.execute(ThrowableCollector.java:73)
	at org.junit.platform.engine.support.hierarchical.NodeTestTask.executeRecursively(NodeTestTask.java:138)
	at org.junit.platform.engine.support.hierarchical.NodeTestTask.execute(NodeTestTask.java:95)
	at org.junit.platform.engine.support.hierarchical.SameThreadHierarchicalTestExecutorService.submit(SameThreadHierarchicalTestExecutorService.java:35)
	at org.junit.platform.engine.support.hierarchical.HierarchicalTestExecutor.execute(HierarchicalTestExecutor.java:57)
	at org.junit.platform.engine.support.hierarchical.HierarchicalTestEngine.execute(HierarchicalTestEngine.java:54)
	at org.junit.platform.launcher.core.EngineExecutionOrchestrator.execute(EngineExecutionOrchestrator.java:147)
	at org.junit.platform.launcher.core.EngineExecutionOrchestrator.execute(EngineExecutionOrchestrator.java:127)
	at org.junit.platform.launcher.core.EngineExecutionOrchestrator.execute(EngineExecutionOrchestrator.java:90)
	at org.junit.platform.launcher.core.EngineExecutionOrchestrator.lambda$execute$0(EngineExecutionOrchestrator.java:55)
	at org.junit.platform.launcher.core.EngineExecutionOrchestrator.withInterceptedStreams(EngineExecutionOrchestrator.java:102)
	at org.junit.platform.launcher.core.EngineExecutionOrchestrator.execute(EngineExecutionOrchestrator.java:54)
	at org.junit.platform.launcher.core.DefaultLauncher.execute(DefaultLauncher.java:114)
	at org.junit.platform.launcher.core.DefaultLauncher.execute(DefaultLauncher.java:86)
	at org.junit.platform.launcher.core.DefaultLauncherSession$DelegatingLauncher.execute(DefaultLauncherSession.java:86)
	at org.apache.maven.surefire.junitplatform.LazyLauncher.execute(LazyLauncher.java:50)
	at org.apache.maven.surefire.junitplatform.JUnitPlatformProvider.execute(JUnitPlatformProvider.java:184)
	at org.apache.maven.surefire.junitplatform.JUnitPlatformProvider.invokeAllTests(JUnitPlatformProvider.java:148)
	at org.apache.maven.surefire.junitplatform.JUnitPlatformProvider.invoke(JUnitPlatformProvider.java:122)
	at org.apache.maven.surefire.booter.ForkedBooter.runSuitesInProcess(ForkedBooter.java:385)
	at org.apache.maven.surefire.booter.ForkedBooter.execute(ForkedBooter.java:162)
	at org.apache.maven.surefire.booter.ForkedBooter.run(ForkedBooter.java:507)
	at org.apache.maven.surefire.booter.ForkedBooter.main(ForkedBooter.java:495)
2023-11-24 12:36:34,898 TRACE o.h.i.SessionImpl [SessionImpl.java:402] Closing session [54705a55-cd34-4028-9816-70e03bccac06]
2023-11-24 12:36:34,898 TRACE o.h.e.j.i.JdbcCoordinatorImpl [JdbcCoordinatorImpl.java:152] Closing JDBC container [org.hibernate.engine.jdbc.internal.JdbcCoordinatorImpl@a4217fd]
2023-11-24 12:36:34,898 TRACE o.h.r.j.i.ResourceRegistryStandardImpl [ResourceRegistryStandardImpl.java:329] Releasing JDBC resources
2023-11-24 12:36:34,898 TRACE o.h.r.j.i.LogicalConnectionManagedImpl [LogicalConnectionManagedImpl.java:256] Closing logical connection
2023-11-24 12:36:34,898 TRACE o.h.r.j.i.LogicalConnectionManagedImpl [LogicalConnectionManagedImpl.java:263] Logical connection closed
2023-11-24 12:36:34,899 TRACE o.h.i.SessionFactoryImpl$SessionBuilderImpl [SessionFactoryImpl.java:1298] Opening Hibernate Session.  tenant=null
2023-11-24 12:36:34,899 TRACE o.h.i.SessionImpl [SessionImpl.java:262] Opened Session [498d7880-6d3e-4914-8af6-e244fe4ce67d] at timestamp: 1700825794899
2023-11-24 12:36:34,899 TRACE o.h.i.SessionImpl [SessionImpl.java:402] Closing session [498d7880-6d3e-4914-8af6-e244fe4ce67d]
2023-11-24 12:36:34,900 TRACE o.h.e.j.i.JdbcCoordinatorImpl [JdbcCoordinatorImpl.java:152] Closing JDBC container [org.hibernate.engine.jdbc.internal.JdbcCoordinatorImpl@1e8cd78a]
2023-11-24 12:36:34,900 TRACE o.h.r.j.i.ResourceRegistryStandardImpl [ResourceRegistryStandardImpl.java:329] Releasing JDBC resources
2023-11-24 12:36:34,900 TRACE o.h.r.j.i.LogicalConnectionManagedImpl [LogicalConnectionManagedImpl.java:256] Closing logical connection
2023-11-24 12:36:34,900 TRACE o.h.r.j.i.LogicalConnectionManagedImpl [LogicalConnectionManagedImpl.java:263] Logical connection closed
2023-11-24 12:36:34,903 TRACE o.h.i.SessionFactoryImpl$SessionBuilderImpl [SessionFactoryImpl.java:1298] Opening Hibernate Session.  tenant=null
2023-11-24 12:36:34,904 TRACE o.h.i.SessionImpl [SessionImpl.java:262] Opened Session [2858f106-2450-43dc-b676-bd78d580ea77] at timestamp: 1700825794904
2023-11-24 12:36:34,904 TRACE o.h.o.q.p.cache [QueryInterpretationCacheStandardImpl.java:121] QueryPlan#resolveHqlInterpretation( `UPDATE User SET enabled = :enabled WHERE id = :id` )
2023-11-24 12:36:34,906 DEBUG o.h.o.q.hql [StandardHqlTranslator.java:75] HQL : UPDATE User SET enabled = :enabled WHERE id = :id
2023-11-24 12:36:35,069 DEBUG o.h.o.q.h.reservedWordAsIdentifier [HqlParseTreeBuilder.java:43] Encountered use of reserved word as identifier : =
2023-11-24 12:36:35,071 DEBUG o.h.o.q.h.reservedWordAsIdentifier [HqlParseTreeBuilder.java:43] Encountered use of reserved word as identifier : <EOF>
2023-11-24 12:36:35,113 TRACE o.h.o.q.s.creation [SqmPathRegistryImpl.java:59] SqmProcessingIndex#register(SqmPath) : franco.maurizio.hr.desk.com.persistence.entity.User(961679069628511)
2023-11-24 12:36:35,114 TRACE o.h.o.q.hql [BasicDotIdentifierConsumer.java:83] BasicDotIdentifierHandler#consumeIdentifier( enabled, true, true ) - enabled
2023-11-24 12:36:35,115 TRACE o.h.o.q.hql [BasicDotIdentifierConsumer.java:118] BaseLocalSequencePart#consumeIdentifier( enabled, true, true ) - enabled
2023-11-24 12:36:35,115 DEBUG o.h.o.q.hql [SqmPathRegistryImpl.java:209] Unable to resolve unqualified attribute [enabled] in local from-clause
2023-11-24 12:36:35,119 DEBUG o.h.o.q.s.creation [AbstractSqmExpression.java:57] Applying inferable type to SqmExpression [SqmNamedParameter(enabled)] : null -> BasicSqmPathSource(enabled : Boolean)
2023-11-24 12:36:35,121 TRACE o.h.o.q.hql [BasicDotIdentifierConsumer.java:83] BasicDotIdentifierHandler#consumeIdentifier( id, true, true ) - id
2023-11-24 12:36:35,121 TRACE o.h.o.q.hql [BasicDotIdentifierConsumer.java:118] BaseLocalSequencePart#consumeIdentifier( id, true, true ) - id
2023-11-24 12:36:35,121 DEBUG o.h.o.q.hql [SqmPathRegistryImpl.java:209] Unable to resolve unqualified attribute [id] in local from-clause
2023-11-24 12:36:35,124 DEBUG o.h.o.q.s.creation [AbstractSqmExpression.java:57] Applying inferable type to SqmExpression [SqmNamedParameter(id)] : null -> BasicSqmPathSource(id : Long)
2023-11-24 12:36:35,137 DEBUG o.h.o.q.s.ast [SqmTreePrinter.java:168] SqmStatement Tree :
    -> [update]
      [target = franco.maurizio.hr.desk.com.persistence.entity.User(961679069628511)]
      -> [set]
        -> [assignment]
          =
            [franco.maurizio.hr.desk.com.persistence.entity.User(961679069628511).enabled]
            :enabled
        <- [assignment]
      <- [set]
      -> [where]
        -> [EQUAL]
            -> [basic-path] - `franco.maurizio.hr.desk.com.persistence.entity.User(961679069628511).id`
            :id
        <- [EQUAL]
      <- [where]
    <- [update]

2023-11-24 12:36:35,174 TRACE o.h.i.SessionImpl [SessionImpl.java:402] Closing session [2858f106-2450-43dc-b676-bd78d580ea77]
2023-11-24 12:36:35,174 TRACE o.h.e.j.i.JdbcCoordinatorImpl [JdbcCoordinatorImpl.java:152] Closing JDBC container [org.hibernate.engine.jdbc.internal.JdbcCoordinatorImpl@a07134c]
2023-11-24 12:36:35,175 TRACE o.h.r.j.i.ResourceRegistryStandardImpl [ResourceRegistryStandardImpl.java:329] Releasing JDBC resources
2023-11-24 12:36:35,175 TRACE o.h.r.j.i.LogicalConnectionManagedImpl [LogicalConnectionManagedImpl.java:256] Closing logical connection
2023-11-24 12:36:35,175 TRACE o.h.r.j.i.LogicalConnectionManagedImpl [LogicalConnectionManagedImpl.java:263] Logical connection closed
2023-11-24 12:36:35,176 TRACE o.h.i.SessionFactoryImpl$SessionBuilderImpl [SessionFactoryImpl.java:1298] Opening Hibernate Session.  tenant=null
2023-11-24 12:36:35,177 TRACE o.h.i.SessionImpl [SessionImpl.java:262] Opened Session [342516b2-9f68-45ad-8be6-9add8fd02fdb] at timestamp: 1700825795177
2023-11-24 12:36:35,177 DEBUG o.h.r.t.b.j.i.JdbcResourceLocalTransactionCoordinatorImpl [JdbcResourceLocalTransactionCoordinatorImpl.java:310] JDBC transaction marked for rollback-only (exception provided for stack trace)
java.lang.Exception: exception just for purpose of providing stack trace
	at org.hibernate.resource.transaction.backend.jdbc.internal.JdbcResourceLocalTransactionCoordinatorImpl$TransactionDriverControlImpl.markRollbackOnly(JdbcResourceLocalTransactionCoordinatorImpl.java:310)
	at org.hibernate.internal.AbstractSharedSessionContract.buildNamedQuery(AbstractSharedSessionContract.java:1021)
	at org.hibernate.internal.AbstractSharedSessionContract.createNamedQuery(AbstractSharedSessionContract.java:899)
	at org.hibernate.internal.AbstractSharedSessionContract.createNamedQuery(AbstractSharedSessionContract.java:120)
	at java.base/jdk.internal.reflect.NativeMethodAccessorImpl.invoke0(Native Method)
	at java.base/jdk.internal.reflect.NativeMethodAccessorImpl.invoke(NativeMethodAccessorImpl.java:77)
	at java.base/jdk.internal.reflect.DelegatingMethodAccessorImpl.invoke(DelegatingMethodAccessorImpl.java:43)
	at java.base/java.lang.reflect.Method.invoke(Method.java:568)
	at org.springframework.orm.jpa.ExtendedEntityManagerCreator$ExtendedEntityManagerInvocationHandler.invoke(ExtendedEntityManagerCreator.java:360)
	at jdk.proxy2/jdk.proxy2.$Proxy191.createNamedQuery(Unknown Source)
	at org.springframework.data.jpa.repository.query.NamedQuery.hasNamedQuery(NamedQuery.java:113)
	at org.springframework.data.jpa.repository.query.NamedQuery.lookupFrom(NamedQuery.java:141)
	at org.springframework.data.jpa.repository.query.JpaQueryLookupStrategy$DeclaredQueryLookupStrategy.resolveQuery(JpaQueryLookupStrategy.java:180)
	at org.springframework.data.jpa.repository.query.JpaQueryLookupStrategy$CreateIfNotFoundQueryLookupStrategy.resolveQuery(JpaQueryLookupStrategy.java:252)
	at org.springframework.data.jpa.repository.query.JpaQueryLookupStrategy$AbstractQueryLookupStrategy.resolveQuery(JpaQueryLookupStrategy.java:95)
	at org.springframework.data.repository.core.support.QueryExecutorMethodInterceptor.lookupQuery(QueryExecutorMethodInterceptor.java:111)
	at org.springframework.data.repository.core.support.QueryExecutorMethodInterceptor.mapMethodsToQuery(QueryExecutorMethodInterceptor.java:99)
	at org.springframework.data.repository.core.support.QueryExecutorMethodInterceptor.lambda$new$0(QueryExecutorMethodInterceptor.java:88)
	at java.base/java.util.Optional.map(Optional.java:260)
	at org.springframework.data.repository.core.support.QueryExecutorMethodInterceptor.<init>(QueryExecutorMethodInterceptor.java:88)
	at org.springframework.data.repository.core.support.RepositoryFactorySupport.getRepository(RepositoryFactorySupport.java:357)
	at org.springframework.data.repository.core.support.RepositoryFactoryBeanSupport.lambda$afterPropertiesSet$5(RepositoryFactoryBeanSupport.java:279)
	at org.springframework.data.util.Lazy.getNullable(Lazy.java:245)
	at org.springframework.data.util.Lazy.get(Lazy.java:114)
	at org.springframework.data.repository.core.support.RepositoryFactoryBeanSupport.afterPropertiesSet(RepositoryFactoryBeanSupport.java:285)
	at org.springframework.data.jpa.repository.support.JpaRepositoryFactoryBean.afterPropertiesSet(JpaRepositoryFactoryBean.java:132)
	at org.springframework.beans.factory.support.AbstractAutowireCapableBeanFactory.invokeInitMethods(AbstractAutowireCapableBeanFactory.java:1817)
	at org.springframework.beans.factory.support.AbstractAutowireCapableBeanFactory.initializeBean(AbstractAutowireCapableBeanFactory.java:1766)
	at org.springframework.beans.factory.support.AbstractAutowireCapableBeanFactory.doCreateBean(AbstractAutowireCapableBeanFactory.java:598)
	at org.springframework.beans.factory.support.AbstractAutowireCapableBeanFactory.createBean(AbstractAutowireCapableBeanFactory.java:520)
	at org.springframework.beans.factory.support.AbstractBeanFactory.lambda$doGetBean$0(AbstractBeanFactory.java:325)
	at org.springframework.beans.factory.support.DefaultSingletonBeanRegistry.getSingleton(DefaultSingletonBeanRegistry.java:234)
	at org.springframework.beans.factory.support.AbstractBeanFactory.doGetBean(AbstractBeanFactory.java:323)
	at org.springframework.beans.factory.support.AbstractBeanFactory.getBean(AbstractBeanFactory.java:199)
	at org.springframework.beans.factory.config.DependencyDescriptor.resolveCandidate(DependencyDescriptor.java:254)
	at org.springframework.beans.factory.support.DefaultListableBeanFactory.doResolveDependency(DefaultListableBeanFactory.java:1417)
	at org.springframework.beans.factory.support.DefaultListableBeanFactory.resolveDependency(DefaultListableBeanFactory.java:1337)
	at org.springframework.beans.factory.annotation.AutowiredAnnotationBeanPostProcessor$AutowiredFieldElement.resolveFieldValue(AutowiredAnnotationBeanPostProcessor.java:764)
	at org.springframework.beans.factory.annotation.AutowiredAnnotationBeanPostProcessor$AutowiredFieldElement.inject(AutowiredAnnotationBeanPostProcessor.java:747)
	at org.springframework.beans.factory.annotation.InjectionMetadata.inject(InjectionMetadata.java:145)
	at org.springframework.beans.factory.annotation.AutowiredAnnotationBeanPostProcessor.postProcessProperties(AutowiredAnnotationBeanPostProcessor.java:492)
	at org.springframework.beans.factory.support.AbstractAutowireCapableBeanFactory.populateBean(AbstractAutowireCapableBeanFactory.java:1416)
	at org.springframework.beans.factory.support.AbstractAutowireCapableBeanFactory.doCreateBean(AbstractAutowireCapableBeanFactory.java:597)
	at org.springframework.beans.factory.support.AbstractAutowireCapableBeanFactory.createBean(AbstractAutowireCapableBeanFactory.java:520)
	at org.springframework.beans.factory.support.AbstractBeanFactory.lambda$doGetBean$0(AbstractBeanFactory.java:325)
	at org.springframework.beans.factory.support.DefaultSingletonBeanRegistry.getSingleton(DefaultSingletonBeanRegistry.java:234)
	at org.springframework.beans.factory.support.AbstractBeanFactory.doGetBean(AbstractBeanFactory.java:323)
	at org.springframework.beans.factory.support.AbstractBeanFactory.getBean(AbstractBeanFactory.java:199)
	at org.springframework.beans.factory.config.DependencyDescriptor.resolveCandidate(DependencyDescriptor.java:254)
	at org.springframework.beans.factory.support.DefaultListableBeanFactory.doResolveDependency(DefaultListableBeanFactory.java:1417)
	at org.springframework.beans.factory.support.DefaultListableBeanFactory.resolveDependency(DefaultListableBeanFactory.java:1337)
	at org.springframework.beans.factory.annotation.AutowiredAnnotationBeanPostProcessor$AutowiredFieldElement.resolveFieldValue(AutowiredAnnotationBeanPostProcessor.java:764)
	at org.springframework.beans.factory.annotation.AutowiredAnnotationBeanPostProcessor$AutowiredFieldElement.inject(AutowiredAnnotationBeanPostProcessor.java:747)
	at org.springframework.beans.factory.annotation.InjectionMetadata.inject(InjectionMetadata.java:145)
	at org.springframework.beans.factory.annotation.AutowiredAnnotationBeanPostProcessor.postProcessProperties(AutowiredAnnotationBeanPostProcessor.java:492)
	at org.springframework.beans.factory.support.AbstractAutowireCapableBeanFactory.populateBean(AbstractAutowireCapableBeanFactory.java:1416)
	at org.springframework.beans.factory.support.AbstractAutowireCapableBeanFactory.doCreateBean(AbstractAutowireCapableBeanFactory.java:597)
	at org.springframework.beans.factory.support.AbstractAutowireCapableBeanFactory.createBean(AbstractAutowireCapableBeanFactory.java:520)
	at org.springframework.beans.factory.support.AbstractBeanFactory.lambda$doGetBean$0(AbstractBeanFactory.java:325)
	at org.springframework.beans.factory.support.DefaultSingletonBeanRegistry.getSingleton(DefaultSingletonBeanRegistry.java:234)
	at org.springframework.beans.factory.support.AbstractBeanFactory.doGetBean(AbstractBeanFactory.java:323)
	at org.springframework.beans.factory.support.AbstractBeanFactory.getBean(AbstractBeanFactory.java:199)
	at org.springframework.beans.factory.support.DefaultListableBeanFactory.preInstantiateSingletons(DefaultListableBeanFactory.java:973)
	at org.springframework.context.support.AbstractApplicationContext.finishBeanFactoryInitialization(AbstractApplicationContext.java:950)
	at org.springframework.context.support.AbstractApplicationContext.refresh(AbstractApplicationContext.java:616)
	at org.springframework.boot.web.servlet.context.ServletWebServerApplicationContext.refresh(ServletWebServerApplicationContext.java:146)
	at org.springframework.boot.SpringApplication.refresh(SpringApplication.java:738)
	at org.springframework.boot.SpringApplication.refreshContext(SpringApplication.java:440)
	at org.springframework.boot.SpringApplication.run(SpringApplication.java:316)
	at org.springframework.boot.test.context.SpringBootContextLoader.lambda$loadContext$3(SpringBootContextLoader.java:137)
	at org.springframework.util.function.ThrowingSupplier.get(ThrowingSupplier.java:58)
	at org.springframework.util.function.ThrowingSupplier.get(ThrowingSupplier.java:46)
	at org.springframework.boot.SpringApplication.withHook(SpringApplication.java:1406)
	at org.springframework.boot.test.context.SpringBootContextLoader$ContextLoaderHook.run(SpringBootContextLoader.java:545)
	at org.springframework.boot.test.context.SpringBootContextLoader.loadContext(SpringBootContextLoader.java:137)
	at org.springframework.boot.test.context.SpringBootContextLoader.loadContext(SpringBootContextLoader.java:108)
	at org.springframework.test.context.cache.DefaultCacheAwareContextLoaderDelegate.loadContextInternal(DefaultCacheAwareContextLoaderDelegate.java:187)
	at org.springframework.test.context.cache.DefaultCacheAwareContextLoaderDelegate.loadContext(DefaultCacheAwareContextLoaderDelegate.java:119)
	at org.springframework.test.context.support.DefaultTestContext.getApplicationContext(DefaultTestContext.java:127)
	at org.springframework.test.context.support.DependencyInjectionTestExecutionListener.injectDependencies(DependencyInjectionTestExecutionListener.java:141)
	at org.springframework.test.context.support.DependencyInjectionTestExecutionListener.prepareTestInstance(DependencyInjectionTestExecutionListener.java:97)
	at org.springframework.test.context.TestContextManager.prepareTestInstance(TestContextManager.java:241)
	at org.springframework.test.context.junit.jupiter.SpringExtension.postProcessTestInstance(SpringExtension.java:138)
	at org.junit.jupiter.engine.descriptor.ClassBasedTestDescriptor.lambda$invokeTestInstancePostProcessors$10(ClassBasedTestDescriptor.java:377)
	at org.junit.jupiter.engine.descriptor.ClassBasedTestDescriptor.executeAndMaskThrowable(ClassBasedTestDescriptor.java:382)
	at org.junit.jupiter.engine.descriptor.ClassBasedTestDescriptor.lambda$invokeTestInstancePostProcessors$11(ClassBasedTestDescriptor.java:377)
	at java.base/java.util.stream.ReferencePipeline$3$1.accept(ReferencePipeline.java:197)
	at java.base/java.util.stream.ReferencePipeline$2$1.accept(ReferencePipeline.java:179)
	at java.base/java.util.ArrayList$ArrayListSpliterator.forEachRemaining(ArrayList.java:1625)
	at java.base/java.util.stream.AbstractPipeline.copyInto(AbstractPipeline.java:509)
	at java.base/java.util.stream.AbstractPipeline.wrapAndCopyInto(AbstractPipeline.java:499)
	at java.base/java.util.stream.StreamSpliterators$WrappingSpliterator.forEachRemaining(StreamSpliterators.java:310)
	at java.base/java.util.stream.Streams$ConcatSpliterator.forEachRemaining(Streams.java:735)
	at java.base/java.util.stream.Streams$ConcatSpliterator.forEachRemaining(Streams.java:734)
	at java.base/java.util.stream.ReferencePipeline$Head.forEach(ReferencePipeline.java:762)
	at org.junit.jupiter.engine.descriptor.ClassBasedTestDescriptor.invokeTestInstancePostProcessors(ClassBasedTestDescriptor.java:376)
	at org.junit.jupiter.engine.descriptor.ClassBasedTestDescriptor.lambda$instantiateAndPostProcessTestInstance$6(ClassBasedTestDescriptor.java:289)
	at org.junit.platform.engine.support.hierarchical.ThrowableCollector.execute(ThrowableCollector.java:73)
	at org.junit.jupiter.engine.descriptor.ClassBasedTestDescriptor.instantiateAndPostProcessTestInstance(ClassBasedTestDescriptor.java:288)
	at org.junit.jupiter.engine.descriptor.ClassBasedTestDescriptor.lambda$testInstancesProvider$4(ClassBasedTestDescriptor.java:278)
	at java.base/java.util.Optional.orElseGet(Optional.java:364)
	at org.junit.jupiter.engine.descriptor.ClassBasedTestDescriptor.lambda$testInstancesProvider$5(ClassBasedTestDescriptor.java:277)
	at org.junit.jupiter.engine.execution.TestInstancesProvider.getTestInstances(TestInstancesProvider.java:31)
	at org.junit.jupiter.engine.descriptor.TestMethodTestDescriptor.lambda$prepare$0(TestMethodTestDescriptor.java:105)
	at org.junit.platform.engine.support.hierarchical.ThrowableCollector.execute(ThrowableCollector.java:73)
	at org.junit.jupiter.engine.descriptor.TestMethodTestDescriptor.prepare(TestMethodTestDescriptor.java:104)
	at org.junit.jupiter.engine.descriptor.TestMethodTestDescriptor.prepare(TestMethodTestDescriptor.java:68)
	at org.junit.platform.engine.support.hierarchical.NodeTestTask.lambda$prepare$2(NodeTestTask.java:123)
	at org.junit.platform.engine.support.hierarchical.ThrowableCollector.execute(ThrowableCollector.java:73)
	at org.junit.platform.engine.support.hierarchical.NodeTestTask.prepare(NodeTestTask.java:123)
	at org.junit.platform.engine.support.hierarchical.NodeTestTask.execute(NodeTestTask.java:90)
	at java.base/java.util.ArrayList.forEach(ArrayList.java:1511)
	at org.junit.platform.engine.support.hierarchical.SameThreadHierarchicalTestExecutorService.invokeAll(SameThreadHierarchicalTestExecutorService.java:41)
	at org.junit.platform.engine.support.hierarchical.NodeTestTask.lambda$executeRecursively$6(NodeTestTask.java:155)
	at org.junit.platform.engine.support.hierarchical.ThrowableCollector.execute(ThrowableCollector.java:73)
	at org.junit.platform.engine.support.hierarchical.NodeTestTask.lambda$executeRecursively$8(NodeTestTask.java:141)
	at org.junit.platform.engine.support.hierarchical.Node.around(Node.java:137)
	at org.junit.platform.engine.support.hierarchical.NodeTestTask.lambda$executeRecursively$9(NodeTestTask.java:139)
	at org.junit.platform.engine.support.hierarchical.ThrowableCollector.execute(ThrowableCollector.java:73)
	at org.junit.platform.engine.support.hierarchical.NodeTestTask.executeRecursively(NodeTestTask.java:138)
	at org.junit.platform.engine.support.hierarchical.NodeTestTask.execute(NodeTestTask.java:95)
	at java.base/java.util.ArrayList.forEach(ArrayList.java:1511)
	at org.junit.platform.engine.support.hierarchical.SameThreadHierarchicalTestExecutorService.invokeAll(SameThreadHierarchicalTestExecutorService.java:41)
	at org.junit.platform.engine.support.hierarchical.NodeTestTask.lambda$executeRecursively$6(NodeTestTask.java:155)
	at org.junit.platform.engine.support.hierarchical.ThrowableCollector.execute(ThrowableCollector.java:73)
	at org.junit.platform.engine.support.hierarchical.NodeTestTask.lambda$executeRecursively$8(NodeTestTask.java:141)
	at org.junit.platform.engine.support.hierarchical.Node.around(Node.java:137)
	at org.junit.platform.engine.support.hierarchical.NodeTestTask.lambda$executeRecursively$9(NodeTestTask.java:139)
	at org.junit.platform.engine.support.hierarchical.ThrowableCollector.execute(ThrowableCollector.java:73)
	at org.junit.platform.engine.support.hierarchical.NodeTestTask.executeRecursively(NodeTestTask.java:138)
	at org.junit.platform.engine.support.hierarchical.NodeTestTask.execute(NodeTestTask.java:95)
	at org.junit.platform.engine.support.hierarchical.SameThreadHierarchicalTestExecutorService.submit(SameThreadHierarchicalTestExecutorService.java:35)
	at org.junit.platform.engine.support.hierarchical.HierarchicalTestExecutor.execute(HierarchicalTestExecutor.java:57)
	at org.junit.platform.engine.support.hierarchical.HierarchicalTestEngine.execute(HierarchicalTestEngine.java:54)
	at org.junit.platform.launcher.core.EngineExecutionOrchestrator.execute(EngineExecutionOrchestrator.java:147)
	at org.junit.platform.launcher.core.EngineExecutionOrchestrator.execute(EngineExecutionOrchestrator.java:127)
	at org.junit.platform.launcher.core.EngineExecutionOrchestrator.execute(EngineExecutionOrchestrator.java:90)
	at org.junit.platform.launcher.core.EngineExecutionOrchestrator.lambda$execute$0(EngineExecutionOrchestrator.java:55)
	at org.junit.platform.launcher.core.EngineExecutionOrchestrator.withInterceptedStreams(EngineExecutionOrchestrator.java:102)
	at org.junit.platform.launcher.core.EngineExecutionOrchestrator.execute(EngineExecutionOrchestrator.java:54)
	at org.junit.platform.launcher.core.DefaultLauncher.execute(DefaultLauncher.java:114)
	at org.junit.platform.launcher.core.DefaultLauncher.execute(DefaultLauncher.java:86)
	at org.junit.platform.launcher.core.DefaultLauncherSession$DelegatingLauncher.execute(DefaultLauncherSession.java:86)
	at org.apache.maven.surefire.junitplatform.LazyLauncher.execute(LazyLauncher.java:50)
	at org.apache.maven.surefire.junitplatform.JUnitPlatformProvider.execute(JUnitPlatformProvider.java:184)
	at org.apache.maven.surefire.junitplatform.JUnitPlatformProvider.invokeAllTests(JUnitPlatformProvider.java:148)
	at org.apache.maven.surefire.junitplatform.JUnitPlatformProvider.invoke(JUnitPlatformProvider.java:122)
	at org.apache.maven.surefire.booter.ForkedBooter.runSuitesInProcess(ForkedBooter.java:385)
	at org.apache.maven.surefire.booter.ForkedBooter.execute(ForkedBooter.java:162)
	at org.apache.maven.surefire.booter.ForkedBooter.run(ForkedBooter.java:507)
	at org.apache.maven.surefire.booter.ForkedBooter.main(ForkedBooter.java:495)
2023-11-24 12:36:35,178 TRACE o.h.i.SessionImpl [SessionImpl.java:402] Closing session [342516b2-9f68-45ad-8be6-9add8fd02fdb]
2023-11-24 12:36:35,179 TRACE o.h.e.j.i.JdbcCoordinatorImpl [JdbcCoordinatorImpl.java:152] Closing JDBC container [org.hibernate.engine.jdbc.internal.JdbcCoordinatorImpl@ac8f75d]
2023-11-24 12:36:35,179 TRACE o.h.r.j.i.ResourceRegistryStandardImpl [ResourceRegistryStandardImpl.java:329] Releasing JDBC resources
2023-11-24 12:36:35,179 TRACE o.h.r.j.i.LogicalConnectionManagedImpl [LogicalConnectionManagedImpl.java:256] Closing logical connection
2023-11-24 12:36:35,179 TRACE o.h.r.j.i.LogicalConnectionManagedImpl [LogicalConnectionManagedImpl.java:263] Logical connection closed
2023-11-24 12:36:35,180 TRACE o.h.i.SessionFactoryImpl$SessionBuilderImpl [SessionFactoryImpl.java:1298] Opening Hibernate Session.  tenant=null
2023-11-24 12:36:35,180 TRACE o.h.i.SessionImpl [SessionImpl.java:262] Opened Session [384db795-5b6e-432e-be4f-8bcb5708314f] at timestamp: 1700825795180
2023-11-24 12:36:35,180 TRACE o.h.i.SessionImpl [SessionImpl.java:402] Closing session [384db795-5b6e-432e-be4f-8bcb5708314f]
2023-11-24 12:36:35,181 TRACE o.h.e.j.i.JdbcCoordinatorImpl [JdbcCoordinatorImpl.java:152] Closing JDBC container [org.hibernate.engine.jdbc.internal.JdbcCoordinatorImpl@30e648bc]
2023-11-24 12:36:35,181 TRACE o.h.r.j.i.ResourceRegistryStandardImpl [ResourceRegistryStandardImpl.java:329] Releasing JDBC resources
2023-11-24 12:36:35,181 TRACE o.h.r.j.i.LogicalConnectionManagedImpl [LogicalConnectionManagedImpl.java:256] Closing logical connection
2023-11-24 12:36:35,181 TRACE o.h.r.j.i.LogicalConnectionManagedImpl [LogicalConnectionManagedImpl.java:263] Logical connection closed
2023-11-24 12:36:35,214 INFO f.m.h.d.c.ApplicationSecurityConfig [ApplicationSecurityConfig.java:147] SpringSecurityConfiguration_Database.configureGlobal - START
2023-11-24 12:36:35,281 TRACE o.h.i.SessionFactoryImpl$SessionBuilderImpl [SessionFactoryImpl.java:1298] Opening Hibernate Session.  tenant=null
2023-11-24 12:36:35,282 TRACE o.h.i.SessionImpl [SessionImpl.java:262] Opened Session [c529e424-0c54-407d-8749-d78e8827b9b6] at timestamp: 1700825795282
2023-11-24 12:36:35,282 TRACE o.h.i.SessionImpl [SessionImpl.java:402] Closing session [c529e424-0c54-407d-8749-d78e8827b9b6]
2023-11-24 12:36:35,283 TRACE o.h.e.j.i.JdbcCoordinatorImpl [JdbcCoordinatorImpl.java:152] Closing JDBC container [org.hibernate.engine.jdbc.internal.JdbcCoordinatorImpl@251d1d62]
2023-11-24 12:36:35,283 TRACE o.h.r.j.i.ResourceRegistryStandardImpl [ResourceRegistryStandardImpl.java:329] Releasing JDBC resources
2023-11-24 12:36:35,283 TRACE o.h.r.j.i.LogicalConnectionManagedImpl [LogicalConnectionManagedImpl.java:256] Closing logical connection
2023-11-24 12:36:35,283 TRACE o.h.r.j.i.LogicalConnectionManagedImpl [LogicalConnectionManagedImpl.java:263] Logical connection closed
2023-11-24 12:36:35,298 TRACE o.h.i.SessionFactoryImpl$SessionBuilderImpl [SessionFactoryImpl.java:1298] Opening Hibernate Session.  tenant=null
2023-11-24 12:36:35,299 TRACE o.h.i.SessionImpl [SessionImpl.java:262] Opened Session [ca732c05-331c-49af-ac1b-3dae09506bda] at timestamp: 1700825795299
2023-11-24 12:36:35,299 TRACE o.h.i.SessionImpl [SessionImpl.java:402] Closing session [ca732c05-331c-49af-ac1b-3dae09506bda]
2023-11-24 12:36:35,299 TRACE o.h.e.j.i.JdbcCoordinatorImpl [JdbcCoordinatorImpl.java:152] Closing JDBC container [org.hibernate.engine.jdbc.internal.JdbcCoordinatorImpl@3654474]
2023-11-24 12:36:35,300 TRACE o.h.r.j.i.ResourceRegistryStandardImpl [ResourceRegistryStandardImpl.java:329] Releasing JDBC resources
2023-11-24 12:36:35,300 TRACE o.h.r.j.i.LogicalConnectionManagedImpl [LogicalConnectionManagedImpl.java:256] Closing logical connection
2023-11-24 12:36:35,300 TRACE o.h.r.j.i.LogicalConnectionManagedImpl [LogicalConnectionManagedImpl.java:263] Logical connection closed
2023-11-24 12:36:35,418 TRACE o.h.i.SessionFactoryImpl$SessionBuilderImpl [SessionFactoryImpl.java:1298] Opening Hibernate Session.  tenant=null
2023-11-24 12:36:35,419 TRACE o.h.i.SessionImpl [SessionImpl.java:262] Opened Session [762f5e46-6bcb-4a7c-89ef-cced563effd8] at timestamp: 1700825795419
2023-11-24 12:36:35,420 DEBUG o.h.r.t.b.j.i.JdbcResourceLocalTransactionCoordinatorImpl [JdbcResourceLocalTransactionCoordinatorImpl.java:310] JDBC transaction marked for rollback-only (exception provided for stack trace)
java.lang.Exception: exception just for purpose of providing stack trace
	at org.hibernate.resource.transaction.backend.jdbc.internal.JdbcResourceLocalTransactionCoordinatorImpl$TransactionDriverControlImpl.markRollbackOnly(JdbcResourceLocalTransactionCoordinatorImpl.java:310)
	at org.hibernate.internal.AbstractSharedSessionContract.buildNamedQuery(AbstractSharedSessionContract.java:1021)
	at org.hibernate.internal.AbstractSharedSessionContract.createNamedQuery(AbstractSharedSessionContract.java:899)
	at org.hibernate.internal.AbstractSharedSessionContract.createNamedQuery(AbstractSharedSessionContract.java:120)
	at java.base/jdk.internal.reflect.NativeMethodAccessorImpl.invoke0(Native Method)
	at java.base/jdk.internal.reflect.NativeMethodAccessorImpl.invoke(NativeMethodAccessorImpl.java:77)
	at java.base/jdk.internal.reflect.DelegatingMethodAccessorImpl.invoke(DelegatingMethodAccessorImpl.java:43)
	at java.base/java.lang.reflect.Method.invoke(Method.java:568)
	at org.springframework.orm.jpa.ExtendedEntityManagerCreator$ExtendedEntityManagerInvocationHandler.invoke(ExtendedEntityManagerCreator.java:360)
	at jdk.proxy2/jdk.proxy2.$Proxy191.createNamedQuery(Unknown Source)
	at org.springframework.data.jpa.repository.query.NamedQuery.hasNamedQuery(NamedQuery.java:113)
	at org.springframework.data.jpa.repository.query.JpaQueryLookupStrategy$DeclaredQueryLookupStrategy.getCountQuery(JpaQueryLookupStrategy.java:204)
	at org.springframework.data.jpa.repository.query.JpaQueryLookupStrategy$DeclaredQueryLookupStrategy.resolveQuery(JpaQueryLookupStrategy.java:171)
	at org.springframework.data.jpa.repository.query.JpaQueryLookupStrategy$CreateIfNotFoundQueryLookupStrategy.resolveQuery(JpaQueryLookupStrategy.java:252)
	at org.springframework.data.jpa.repository.query.JpaQueryLookupStrategy$AbstractQueryLookupStrategy.resolveQuery(JpaQueryLookupStrategy.java:95)
	at org.springframework.data.repository.core.support.QueryExecutorMethodInterceptor.lookupQuery(QueryExecutorMethodInterceptor.java:111)
	at org.springframework.data.repository.core.support.QueryExecutorMethodInterceptor.mapMethodsToQuery(QueryExecutorMethodInterceptor.java:99)
	at org.springframework.data.repository.core.support.QueryExecutorMethodInterceptor.lambda$new$0(QueryExecutorMethodInterceptor.java:88)
	at java.base/java.util.Optional.map(Optional.java:260)
	at org.springframework.data.repository.core.support.QueryExecutorMethodInterceptor.<init>(QueryExecutorMethodInterceptor.java:88)
	at org.springframework.data.repository.core.support.RepositoryFactorySupport.getRepository(RepositoryFactorySupport.java:357)
	at org.springframework.data.repository.core.support.RepositoryFactoryBeanSupport.lambda$afterPropertiesSet$5(RepositoryFactoryBeanSupport.java:279)
	at org.springframework.data.util.Lazy.getNullable(Lazy.java:245)
	at org.springframework.data.util.Lazy.get(Lazy.java:114)
	at org.springframework.data.repository.core.support.RepositoryFactoryBeanSupport.afterPropertiesSet(RepositoryFactoryBeanSupport.java:285)
	at org.springframework.data.jpa.repository.support.JpaRepositoryFactoryBean.afterPropertiesSet(JpaRepositoryFactoryBean.java:132)
	at org.springframework.beans.factory.support.AbstractAutowireCapableBeanFactory.invokeInitMethods(AbstractAutowireCapableBeanFactory.java:1817)
	at org.springframework.beans.factory.support.AbstractAutowireCapableBeanFactory.initializeBean(AbstractAutowireCapableBeanFactory.java:1766)
	at org.springframework.beans.factory.support.AbstractAutowireCapableBeanFactory.doCreateBean(AbstractAutowireCapableBeanFactory.java:598)
	at org.springframework.beans.factory.support.AbstractAutowireCapableBeanFactory.createBean(AbstractAutowireCapableBeanFactory.java:520)
	at org.springframework.beans.factory.support.AbstractBeanFactory.lambda$doGetBean$0(AbstractBeanFactory.java:325)
	at org.springframework.beans.factory.support.DefaultSingletonBeanRegistry.getSingleton(DefaultSingletonBeanRegistry.java:234)
	at org.springframework.beans.factory.support.AbstractBeanFactory.doGetBean(AbstractBeanFactory.java:323)
	at org.springframework.beans.factory.support.AbstractBeanFactory.getBean(AbstractBeanFactory.java:199)
	at org.springframework.beans.factory.config.DependencyDescriptor.resolveCandidate(DependencyDescriptor.java:254)
	at org.springframework.beans.factory.support.DefaultListableBeanFactory.doResolveDependency(DefaultListableBeanFactory.java:1417)
	at org.springframework.beans.factory.support.DefaultListableBeanFactory.resolveDependency(DefaultListableBeanFactory.java:1337)
	at org.springframework.beans.factory.annotation.AutowiredAnnotationBeanPostProcessor$AutowiredFieldElement.resolveFieldValue(AutowiredAnnotationBeanPostProcessor.java:764)
	at org.springframework.beans.factory.annotation.AutowiredAnnotationBeanPostProcessor$AutowiredFieldElement.inject(AutowiredAnnotationBeanPostProcessor.java:747)
	at org.springframework.beans.factory.annotation.InjectionMetadata.inject(InjectionMetadata.java:145)
	at org.springframework.beans.factory.annotation.AutowiredAnnotationBeanPostProcessor.postProcessProperties(AutowiredAnnotationBeanPostProcessor.java:492)
	at org.springframework.beans.factory.support.AbstractAutowireCapableBeanFactory.populateBean(AbstractAutowireCapableBeanFactory.java:1416)
	at org.springframework.beans.factory.support.AbstractAutowireCapableBeanFactory.doCreateBean(AbstractAutowireCapableBeanFactory.java:597)
	at org.springframework.beans.factory.support.AbstractAutowireCapableBeanFactory.createBean(AbstractAutowireCapableBeanFactory.java:520)
	at org.springframework.beans.factory.support.AbstractBeanFactory.lambda$doGetBean$0(AbstractBeanFactory.java:325)
	at org.springframework.beans.factory.support.DefaultSingletonBeanRegistry.getSingleton(DefaultSingletonBeanRegistry.java:234)
	at org.springframework.beans.factory.support.AbstractBeanFactory.doGetBean(AbstractBeanFactory.java:323)
	at org.springframework.beans.factory.support.AbstractBeanFactory.getBean(AbstractBeanFactory.java:199)
	at org.springframework.beans.factory.config.DependencyDescriptor.resolveCandidate(DependencyDescriptor.java:254)
	at org.springframework.beans.factory.support.DefaultListableBeanFactory.doResolveDependency(DefaultListableBeanFactory.java:1417)
	at org.springframework.beans.factory.support.DefaultListableBeanFactory.resolveDependency(DefaultListableBeanFactory.java:1337)
	at org.springframework.beans.factory.annotation.AutowiredAnnotationBeanPostProcessor$AutowiredFieldElement.resolveFieldValue(AutowiredAnnotationBeanPostProcessor.java:764)
	at org.springframework.beans.factory.annotation.AutowiredAnnotationBeanPostProcessor$AutowiredFieldElement.inject(AutowiredAnnotationBeanPostProcessor.java:747)
	at org.springframework.beans.factory.annotation.InjectionMetadata.inject(InjectionMetadata.java:145)
	at org.springframework.beans.factory.annotation.AutowiredAnnotationBeanPostProcessor.postProcessProperties(AutowiredAnnotationBeanPostProcessor.java:492)
	at org.springframework.beans.factory.support.AbstractAutowireCapableBeanFactory.populateBean(AbstractAutowireCapableBeanFactory.java:1416)
	at org.springframework.beans.factory.support.AbstractAutowireCapableBeanFactory.doCreateBean(AbstractAutowireCapableBeanFactory.java:597)
	at org.springframework.beans.factory.support.AbstractAutowireCapableBeanFactory.createBean(AbstractAutowireCapableBeanFactory.java:520)
	at org.springframework.beans.factory.support.AbstractBeanFactory.lambda$doGetBean$0(AbstractBeanFactory.java:325)
	at org.springframework.beans.factory.support.DefaultSingletonBeanRegistry.getSingleton(DefaultSingletonBeanRegistry.java:234)
	at org.springframework.beans.factory.support.AbstractBeanFactory.doGetBean(AbstractBeanFactory.java:323)
	at org.springframework.beans.factory.support.AbstractBeanFactory.getBean(AbstractBeanFactory.java:199)
	at org.springframework.beans.factory.support.DefaultListableBeanFactory.preInstantiateSingletons(DefaultListableBeanFactory.java:973)
	at org.springframework.context.support.AbstractApplicationContext.finishBeanFactoryInitialization(AbstractApplicationContext.java:950)
	at org.springframework.context.support.AbstractApplicationContext.refresh(AbstractApplicationContext.java:616)
	at org.springframework.boot.web.servlet.context.ServletWebServerApplicationContext.refresh(ServletWebServerApplicationContext.java:146)
	at org.springframework.boot.SpringApplication.refresh(SpringApplication.java:738)
	at org.springframework.boot.SpringApplication.refreshContext(SpringApplication.java:440)
	at org.springframework.boot.SpringApplication.run(SpringApplication.java:316)
	at org.springframework.boot.test.context.SpringBootContextLoader.lambda$loadContext$3(SpringBootContextLoader.java:137)
	at org.springframework.util.function.ThrowingSupplier.get(ThrowingSupplier.java:58)
	at org.springframework.util.function.ThrowingSupplier.get(ThrowingSupplier.java:46)
	at org.springframework.boot.SpringApplication.withHook(SpringApplication.java:1406)
	at org.springframework.boot.test.context.SpringBootContextLoader$ContextLoaderHook.run(SpringBootContextLoader.java:545)
	at org.springframework.boot.test.context.SpringBootContextLoader.loadContext(SpringBootContextLoader.java:137)
	at org.springframework.boot.test.context.SpringBootContextLoader.loadContext(SpringBootContextLoader.java:108)
	at org.springframework.test.context.cache.DefaultCacheAwareContextLoaderDelegate.loadContextInternal(DefaultCacheAwareContextLoaderDelegate.java:187)
	at org.springframework.test.context.cache.DefaultCacheAwareContextLoaderDelegate.loadContext(DefaultCacheAwareContextLoaderDelegate.java:119)
	at org.springframework.test.context.support.DefaultTestContext.getApplicationContext(DefaultTestContext.java:127)
	at org.springframework.test.context.support.DependencyInjectionTestExecutionListener.injectDependencies(DependencyInjectionTestExecutionListener.java:141)
	at org.springframework.test.context.support.DependencyInjectionTestExecutionListener.prepareTestInstance(DependencyInjectionTestExecutionListener.java:97)
	at org.springframework.test.context.TestContextManager.prepareTestInstance(TestContextManager.java:241)
	at org.springframework.test.context.junit.jupiter.SpringExtension.postProcessTestInstance(SpringExtension.java:138)
	at org.junit.jupiter.engine.descriptor.ClassBasedTestDescriptor.lambda$invokeTestInstancePostProcessors$10(ClassBasedTestDescriptor.java:377)
	at org.junit.jupiter.engine.descriptor.ClassBasedTestDescriptor.executeAndMaskThrowable(ClassBasedTestDescriptor.java:382)
	at org.junit.jupiter.engine.descriptor.ClassBasedTestDescriptor.lambda$invokeTestInstancePostProcessors$11(ClassBasedTestDescriptor.java:377)
	at java.base/java.util.stream.ReferencePipeline$3$1.accept(ReferencePipeline.java:197)
	at java.base/java.util.stream.ReferencePipeline$2$1.accept(ReferencePipeline.java:179)
	at java.base/java.util.ArrayList$ArrayListSpliterator.forEachRemaining(ArrayList.java:1625)
	at java.base/java.util.stream.AbstractPipeline.copyInto(AbstractPipeline.java:509)
	at java.base/java.util.stream.AbstractPipeline.wrapAndCopyInto(AbstractPipeline.java:499)
	at java.base/java.util.stream.StreamSpliterators$WrappingSpliterator.forEachRemaining(StreamSpliterators.java:310)
	at java.base/java.util.stream.Streams$ConcatSpliterator.forEachRemaining(Streams.java:735)
	at java.base/java.util.stream.Streams$ConcatSpliterator.forEachRemaining(Streams.java:734)
	at java.base/java.util.stream.ReferencePipeline$Head.forEach(ReferencePipeline.java:762)
	at org.junit.jupiter.engine.descriptor.ClassBasedTestDescriptor.invokeTestInstancePostProcessors(ClassBasedTestDescriptor.java:376)
	at org.junit.jupiter.engine.descriptor.ClassBasedTestDescriptor.lambda$instantiateAndPostProcessTestInstance$6(ClassBasedTestDescriptor.java:289)
	at org.junit.platform.engine.support.hierarchical.ThrowableCollector.execute(ThrowableCollector.java:73)
	at org.junit.jupiter.engine.descriptor.ClassBasedTestDescriptor.instantiateAndPostProcessTestInstance(ClassBasedTestDescriptor.java:288)
	at org.junit.jupiter.engine.descriptor.ClassBasedTestDescriptor.lambda$testInstancesProvider$4(ClassBasedTestDescriptor.java:278)
	at java.base/java.util.Optional.orElseGet(Optional.java:364)
	at org.junit.jupiter.engine.descriptor.ClassBasedTestDescriptor.lambda$testInstancesProvider$5(ClassBasedTestDescriptor.java:277)
	at org.junit.jupiter.engine.execution.TestInstancesProvider.getTestInstances(TestInstancesProvider.java:31)
	at org.junit.jupiter.engine.descriptor.TestMethodTestDescriptor.lambda$prepare$0(TestMethodTestDescriptor.java:105)
	at org.junit.platform.engine.support.hierarchical.ThrowableCollector.execute(ThrowableCollector.java:73)
	at org.junit.jupiter.engine.descriptor.TestMethodTestDescriptor.prepare(TestMethodTestDescriptor.java:104)
	at org.junit.jupiter.engine.descriptor.TestMethodTestDescriptor.prepare(TestMethodTestDescriptor.java:68)
	at org.junit.platform.engine.support.hierarchical.NodeTestTask.lambda$prepare$2(NodeTestTask.java:123)
	at org.junit.platform.engine.support.hierarchical.ThrowableCollector.execute(ThrowableCollector.java:73)
	at org.junit.platform.engine.support.hierarchical.NodeTestTask.prepare(NodeTestTask.java:123)
	at org.junit.platform.engine.support.hierarchical.NodeTestTask.execute(NodeTestTask.java:90)
	at java.base/java.util.ArrayList.forEach(ArrayList.java:1511)
	at org.junit.platform.engine.support.hierarchical.SameThreadHierarchicalTestExecutorService.invokeAll(SameThreadHierarchicalTestExecutorService.java:41)
	at org.junit.platform.engine.support.hierarchical.NodeTestTask.lambda$executeRecursively$6(NodeTestTask.java:155)
	at org.junit.platform.engine.support.hierarchical.ThrowableCollector.execute(ThrowableCollector.java:73)
	at org.junit.platform.engine.support.hierarchical.NodeTestTask.lambda$executeRecursively$8(NodeTestTask.java:141)
	at org.junit.platform.engine.support.hierarchical.Node.around(Node.java:137)
	at org.junit.platform.engine.support.hierarchical.NodeTestTask.lambda$executeRecursively$9(NodeTestTask.java:139)
	at org.junit.platform.engine.support.hierarchical.ThrowableCollector.execute(ThrowableCollector.java:73)
	at org.junit.platform.engine.support.hierarchical.NodeTestTask.executeRecursively(NodeTestTask.java:138)
	at org.junit.platform.engine.support.hierarchical.NodeTestTask.execute(NodeTestTask.java:95)
	at java.base/java.util.ArrayList.forEach(ArrayList.java:1511)
	at org.junit.platform.engine.support.hierarchical.SameThreadHierarchicalTestExecutorService.invokeAll(SameThreadHierarchicalTestExecutorService.java:41)
	at org.junit.platform.engine.support.hierarchical.NodeTestTask.lambda$executeRecursively$6(NodeTestTask.java:155)
	at org.junit.platform.engine.support.hierarchical.ThrowableCollector.execute(ThrowableCollector.java:73)
	at org.junit.platform.engine.support.hierarchical.NodeTestTask.lambda$executeRecursively$8(NodeTestTask.java:141)
	at org.junit.platform.engine.support.hierarchical.Node.around(Node.java:137)
	at org.junit.platform.engine.support.hierarchical.NodeTestTask.lambda$executeRecursively$9(NodeTestTask.java:139)
	at org.junit.platform.engine.support.hierarchical.ThrowableCollector.execute(ThrowableCollector.java:73)
	at org.junit.platform.engine.support.hierarchical.NodeTestTask.executeRecursively(NodeTestTask.java:138)
	at org.junit.platform.engine.support.hierarchical.NodeTestTask.execute(NodeTestTask.java:95)
	at org.junit.platform.engine.support.hierarchical.SameThreadHierarchicalTestExecutorService.submit(SameThreadHierarchicalTestExecutorService.java:35)
	at org.junit.platform.engine.support.hierarchical.HierarchicalTestExecutor.execute(HierarchicalTestExecutor.java:57)
	at org.junit.platform.engine.support.hierarchical.HierarchicalTestEngine.execute(HierarchicalTestEngine.java:54)
	at org.junit.platform.launcher.core.EngineExecutionOrchestrator.execute(EngineExecutionOrchestrator.java:147)
	at org.junit.platform.launcher.core.EngineExecutionOrchestrator.execute(EngineExecutionOrchestrator.java:127)
	at org.junit.platform.launcher.core.EngineExecutionOrchestrator.execute(EngineExecutionOrchestrator.java:90)
	at org.junit.platform.launcher.core.EngineExecutionOrchestrator.lambda$execute$0(EngineExecutionOrchestrator.java:55)
	at org.junit.platform.launcher.core.EngineExecutionOrchestrator.withInterceptedStreams(EngineExecutionOrchestrator.java:102)
	at org.junit.platform.launcher.core.EngineExecutionOrchestrator.execute(EngineExecutionOrchestrator.java:54)
	at org.junit.platform.launcher.core.DefaultLauncher.execute(DefaultLauncher.java:114)
	at org.junit.platform.launcher.core.DefaultLauncher.execute(DefaultLauncher.java:86)
	at org.junit.platform.launcher.core.DefaultLauncherSession$DelegatingLauncher.execute(DefaultLauncherSession.java:86)
	at org.apache.maven.surefire.junitplatform.LazyLauncher.execute(LazyLauncher.java:50)
	at org.apache.maven.surefire.junitplatform.JUnitPlatformProvider.execute(JUnitPlatformProvider.java:184)
	at org.apache.maven.surefire.junitplatform.JUnitPlatformProvider.invokeAllTests(JUnitPlatformProvider.java:148)
	at org.apache.maven.surefire.junitplatform.JUnitPlatformProvider.invoke(JUnitPlatformProvider.java:122)
	at org.apache.maven.surefire.booter.ForkedBooter.runSuitesInProcess(ForkedBooter.java:385)
	at org.apache.maven.surefire.booter.ForkedBooter.execute(ForkedBooter.java:162)
	at org.apache.maven.surefire.booter.ForkedBooter.run(ForkedBooter.java:507)
	at org.apache.maven.surefire.booter.ForkedBooter.main(ForkedBooter.java:495)
2023-11-24 12:36:35,421 TRACE o.h.i.SessionImpl [SessionImpl.java:402] Closing session [762f5e46-6bcb-4a7c-89ef-cced563effd8]
2023-11-24 12:36:35,421 TRACE o.h.e.j.i.JdbcCoordinatorImpl [JdbcCoordinatorImpl.java:152] Closing JDBC container [org.hibernate.engine.jdbc.internal.JdbcCoordinatorImpl@3810e01d]
2023-11-24 12:36:35,422 TRACE o.h.r.j.i.ResourceRegistryStandardImpl [ResourceRegistryStandardImpl.java:329] Releasing JDBC resources
2023-11-24 12:36:35,422 TRACE o.h.r.j.i.LogicalConnectionManagedImpl [LogicalConnectionManagedImpl.java:256] Closing logical connection
2023-11-24 12:36:35,422 TRACE o.h.r.j.i.LogicalConnectionManagedImpl [LogicalConnectionManagedImpl.java:263] Logical connection closed
2023-11-24 12:36:35,423 TRACE o.h.i.SessionFactoryImpl$SessionBuilderImpl [SessionFactoryImpl.java:1298] Opening Hibernate Session.  tenant=null
2023-11-24 12:36:35,423 TRACE o.h.i.SessionImpl [SessionImpl.java:262] Opened Session [5422c051-a90b-4fc9-aced-0f73c54f67e8] at timestamp: 1700825795423
2023-11-24 12:36:35,424 TRACE o.h.i.SessionImpl [SessionImpl.java:402] Closing session [5422c051-a90b-4fc9-aced-0f73c54f67e8]
2023-11-24 12:36:35,425 TRACE o.h.e.j.i.JdbcCoordinatorImpl [JdbcCoordinatorImpl.java:152] Closing JDBC container [org.hibernate.engine.jdbc.internal.JdbcCoordinatorImpl@608514cd]
2023-11-24 12:36:35,425 TRACE o.h.r.j.i.ResourceRegistryStandardImpl [ResourceRegistryStandardImpl.java:329] Releasing JDBC resources
2023-11-24 12:36:35,425 TRACE o.h.r.j.i.LogicalConnectionManagedImpl [LogicalConnectionManagedImpl.java:256] Closing logical connection
2023-11-24 12:36:35,425 TRACE o.h.r.j.i.LogicalConnectionManagedImpl [LogicalConnectionManagedImpl.java:263] Logical connection closed
2023-11-24 12:36:35,429 TRACE o.h.i.SessionFactoryImpl$SessionBuilderImpl [SessionFactoryImpl.java:1298] Opening Hibernate Session.  tenant=null
2023-11-24 12:36:35,430 TRACE o.h.i.SessionImpl [SessionImpl.java:262] Opened Session [13ae6483-18d1-4f17-bc42-14488d206770] at timestamp: 1700825795430
2023-11-24 12:36:35,431 TRACE o.h.o.q.p.cache [QueryInterpretationCacheStandardImpl.java:121] QueryPlan#resolveHqlInterpretation( `select count(can.id) from Candidate can where can.regdate >= :dataStart and can.regdate < :dataEnd` )
2023-11-24 12:36:35,431 DEBUG o.h.o.q.hql [StandardHqlTranslator.java:75] HQL : select count(can.id) from Candidate can where can.regdate >= :dataStart and can.regdate < :dataEnd
2023-11-24 12:36:35,529 DEBUG o.h.o.q.h.reservedWordAsIdentifier [HqlParseTreeBuilder.java:43] Encountered use of reserved word as identifier : (
2023-11-24 12:36:35,555 DEBUG o.h.o.q.h.reservedWordAsIdentifier [HqlParseTreeBuilder.java:43] Encountered use of reserved word as identifier : )
2023-11-24 12:36:35,590 DEBUG o.h.q.h.i.SemanticQueryBuilder [SemanticQueryBuilder.java:1904] Handling root path - Candidate
2023-11-24 12:36:35,591 TRACE o.h.o.q.s.creation [SqmPathRegistryImpl.java:59] SqmProcessingIndex#register(SqmPath) : franco.maurizio.hr.desk.com.persistence.entity.Candidate(can)
2023-11-24 12:36:35,592 TRACE o.h.o.q.hql [BasicDotIdentifierConsumer.java:83] BasicDotIdentifierHandler#consumeIdentifier( can, true, false ) - can
2023-11-24 12:36:35,592 TRACE o.h.o.q.hql [BasicDotIdentifierConsumer.java:118] BaseLocalSequencePart#consumeIdentifier( can, true, false ) - can
2023-11-24 12:36:35,593 TRACE o.h.o.q.hql [BasicDotIdentifierConsumer.java:83] BasicDotIdentifierHandler#consumeIdentifier( id, false, true ) - can.id
2023-11-24 12:36:35,594 TRACE o.h.o.q.hql [DomainPathPart.java:37] Resolving DomainPathPart(franco.maurizio.hr.desk.com.persistence.entity.Candidate as can) sub-part : id
2023-11-24 12:36:35,594 TRACE o.h.o.q.s.creation [SqmPathRegistryImpl.java:59] SqmProcessingIndex#register(SqmPath) : franco.maurizio.hr.desk.com.persistence.entity.Candidate(can).id
2023-11-24 12:36:35,598 TRACE o.h.o.q.hql [BasicDotIdentifierConsumer.java:83] BasicDotIdentifierHandler#consumeIdentifier( can, true, false ) - can
2023-11-24 12:36:35,599 TRACE o.h.o.q.hql [BasicDotIdentifierConsumer.java:118] BaseLocalSequencePart#consumeIdentifier( can, true, false ) - can
2023-11-24 12:36:35,599 TRACE o.h.o.q.hql [BasicDotIdentifierConsumer.java:83] BasicDotIdentifierHandler#consumeIdentifier( regdate, false, true ) - can.regdate
2023-11-24 12:36:35,599 TRACE o.h.o.q.hql [DomainPathPart.java:37] Resolving DomainPathPart(franco.maurizio.hr.desk.com.persistence.entity.Candidate as can) sub-part : regdate
2023-11-24 12:36:35,600 TRACE o.h.o.q.s.creation [SqmPathRegistryImpl.java:59] SqmProcessingIndex#register(SqmPath) : franco.maurizio.hr.desk.com.persistence.entity.Candidate(can).regdate
2023-11-24 12:36:35,600 DEBUG o.h.o.q.s.creation [AbstractSqmExpression.java:57] Applying inferable type to SqmExpression [SqmNamedParameter(dataStart)] : null -> BasicSqmPathSource(regdate : LocalDateTime)
2023-11-24 12:36:35,601 TRACE o.h.o.q.hql [BasicDotIdentifierConsumer.java:83] BasicDotIdentifierHandler#consumeIdentifier( can, true, false ) - can
2023-11-24 12:36:35,601 TRACE o.h.o.q.hql [BasicDotIdentifierConsumer.java:118] BaseLocalSequencePart#consumeIdentifier( can, true, false ) - can
2023-11-24 12:36:35,601 TRACE o.h.o.q.hql [BasicDotIdentifierConsumer.java:83] BasicDotIdentifierHandler#consumeIdentifier( regdate, false, true ) - can.regdate
2023-11-24 12:36:35,601 TRACE o.h.o.q.hql [DomainPathPart.java:37] Resolving DomainPathPart(franco.maurizio.hr.desk.com.persistence.entity.Candidate as can) sub-part : regdate
2023-11-24 12:36:35,602 TRACE o.h.o.q.s.creation [SqmPathRegistryImpl.java:59] SqmProcessingIndex#register(SqmPath) : franco.maurizio.hr.desk.com.persistence.entity.Candidate(can).regdate
2023-11-24 12:36:35,602 DEBUG o.h.o.q.s.creation [AbstractSqmExpression.java:57] Applying inferable type to SqmExpression [SqmNamedParameter(dataEnd)] : null -> BasicSqmPathSource(regdate : LocalDateTime)
2023-11-24 12:36:35,609 DEBUG o.h.o.q.s.ast [SqmTreePrinter.java:168] SqmStatement Tree :
    -> [select]
      -> [query-spec]
        -> [select]
          -> [selection]
          <- [selection]
        <- [select]
        -> [from]
          -> [root] - `franco.maurizio.hr.desk.com.persistence.entity.Candidate(can)`
          <- [root] - `franco.maurizio.hr.desk.com.persistence.entity.Candidate(can)`
        <- [from]
        -> [where]
          -> [and]
            -> [GREATER_THAN_OR_EQUAL]
                -> [basic-path] - `franco.maurizio.hr.desk.com.persistence.entity.Candidate(can).regdate`
                :dataStart
            <- [GREATER_THAN_OR_EQUAL]
            -> [LESS_THAN]
                -> [basic-path] - `franco.maurizio.hr.desk.com.persistence.entity.Candidate(can).regdate`
                :dataEnd
            <- [LESS_THAN]
          <- [and]
        <- [where]
      <- [query-spec]
    <- [select]

2023-11-24 12:36:35,609 TRACE o.h.i.SessionImpl [SessionImpl.java:402] Closing session [13ae6483-18d1-4f17-bc42-14488d206770]
2023-11-24 12:36:35,610 TRACE o.h.e.j.i.JdbcCoordinatorImpl [JdbcCoordinatorImpl.java:152] Closing JDBC container [org.hibernate.engine.jdbc.internal.JdbcCoordinatorImpl@18ccc681]
2023-11-24 12:36:35,610 TRACE o.h.r.j.i.ResourceRegistryStandardImpl [ResourceRegistryStandardImpl.java:329] Releasing JDBC resources
2023-11-24 12:36:35,610 TRACE o.h.r.j.i.LogicalConnectionManagedImpl [LogicalConnectionManagedImpl.java:256] Closing logical connection
2023-11-24 12:36:35,611 TRACE o.h.r.j.i.LogicalConnectionManagedImpl [LogicalConnectionManagedImpl.java:263] Logical connection closed
2023-11-24 12:36:35,641 TRACE o.h.i.SessionFactoryImpl$SessionBuilderImpl [SessionFactoryImpl.java:1298] Opening Hibernate Session.  tenant=null
2023-11-24 12:36:35,641 TRACE o.h.i.SessionImpl [SessionImpl.java:262] Opened Session [1235ab46-90e7-4bd4-9c95-a3994229f12b] at timestamp: 1700825795641
2023-11-24 12:36:35,642 TRACE o.h.i.SessionImpl [SessionImpl.java:402] Closing session [1235ab46-90e7-4bd4-9c95-a3994229f12b]
2023-11-24 12:36:35,643 TRACE o.h.e.j.i.JdbcCoordinatorImpl [JdbcCoordinatorImpl.java:152] Closing JDBC container [org.hibernate.engine.jdbc.internal.JdbcCoordinatorImpl@4e6a5d9a]
2023-11-24 12:36:35,643 TRACE o.h.r.j.i.ResourceRegistryStandardImpl [ResourceRegistryStandardImpl.java:329] Releasing JDBC resources
2023-11-24 12:36:35,643 TRACE o.h.r.j.i.LogicalConnectionManagedImpl [LogicalConnectionManagedImpl.java:256] Closing logical connection
2023-11-24 12:36:35,643 TRACE o.h.r.j.i.LogicalConnectionManagedImpl [LogicalConnectionManagedImpl.java:263] Logical connection closed
2023-11-24 12:36:35,651 TRACE o.h.i.SessionFactoryImpl$SessionBuilderImpl [SessionFactoryImpl.java:1298] Opening Hibernate Session.  tenant=null
2023-11-24 12:36:35,652 TRACE o.h.i.SessionImpl [SessionImpl.java:262] Opened Session [35baf55e-f260-4ce5-b74c-242a296d56ef] at timestamp: 1700825795652
2023-11-24 12:36:35,652 TRACE o.h.i.SessionImpl [SessionImpl.java:402] Closing session [35baf55e-f260-4ce5-b74c-242a296d56ef]
2023-11-24 12:36:35,652 TRACE o.h.e.j.i.JdbcCoordinatorImpl [JdbcCoordinatorImpl.java:152] Closing JDBC container [org.hibernate.engine.jdbc.internal.JdbcCoordinatorImpl@1caaf0fb]
2023-11-24 12:36:35,653 TRACE o.h.r.j.i.ResourceRegistryStandardImpl [ResourceRegistryStandardImpl.java:329] Releasing JDBC resources
2023-11-24 12:36:35,653 TRACE o.h.r.j.i.LogicalConnectionManagedImpl [LogicalConnectionManagedImpl.java:256] Closing logical connection
2023-11-24 12:36:35,653 TRACE o.h.r.j.i.LogicalConnectionManagedImpl [LogicalConnectionManagedImpl.java:263] Logical connection closed
2023-11-24 12:36:35,726 TRACE o.h.i.SessionFactoryImpl$SessionBuilderImpl [SessionFactoryImpl.java:1298] Opening Hibernate Session.  tenant=null
2023-11-24 12:36:35,726 TRACE o.h.i.SessionImpl [SessionImpl.java:262] Opened Session [3d094081-12bd-4789-ab26-97f770d1864a] at timestamp: 1700825795726
2023-11-24 12:36:35,727 DEBUG o.h.r.t.b.j.i.JdbcResourceLocalTransactionCoordinatorImpl [JdbcResourceLocalTransactionCoordinatorImpl.java:310] JDBC transaction marked for rollback-only (exception provided for stack trace)
java.lang.Exception: exception just for purpose of providing stack trace
	at org.hibernate.resource.transaction.backend.jdbc.internal.JdbcResourceLocalTransactionCoordinatorImpl$TransactionDriverControlImpl.markRollbackOnly(JdbcResourceLocalTransactionCoordinatorImpl.java:310)
	at org.hibernate.internal.AbstractSharedSessionContract.buildNamedQuery(AbstractSharedSessionContract.java:1021)
	at org.hibernate.internal.AbstractSharedSessionContract.createNamedQuery(AbstractSharedSessionContract.java:899)
	at org.hibernate.internal.AbstractSharedSessionContract.createNamedQuery(AbstractSharedSessionContract.java:120)
	at java.base/jdk.internal.reflect.NativeMethodAccessorImpl.invoke0(Native Method)
	at java.base/jdk.internal.reflect.NativeMethodAccessorImpl.invoke(NativeMethodAccessorImpl.java:77)
	at java.base/jdk.internal.reflect.DelegatingMethodAccessorImpl.invoke(DelegatingMethodAccessorImpl.java:43)
	at java.base/java.lang.reflect.Method.invoke(Method.java:568)
	at org.springframework.orm.jpa.ExtendedEntityManagerCreator$ExtendedEntityManagerInvocationHandler.invoke(ExtendedEntityManagerCreator.java:360)
	at jdk.proxy2/jdk.proxy2.$Proxy191.createNamedQuery(Unknown Source)
	at org.springframework.data.jpa.repository.query.NamedQuery.hasNamedQuery(NamedQuery.java:113)
	at org.springframework.data.jpa.repository.query.NamedQuery.lookupFrom(NamedQuery.java:141)
	at org.springframework.data.jpa.repository.query.JpaQueryLookupStrategy$DeclaredQueryLookupStrategy.resolveQuery(JpaQueryLookupStrategy.java:180)
	at org.springframework.data.jpa.repository.query.JpaQueryLookupStrategy$CreateIfNotFoundQueryLookupStrategy.resolveQuery(JpaQueryLookupStrategy.java:252)
	at org.springframework.data.jpa.repository.query.JpaQueryLookupStrategy$AbstractQueryLookupStrategy.resolveQuery(JpaQueryLookupStrategy.java:95)
	at org.springframework.data.repository.core.support.QueryExecutorMethodInterceptor.lookupQuery(QueryExecutorMethodInterceptor.java:111)
	at org.springframework.data.repository.core.support.QueryExecutorMethodInterceptor.mapMethodsToQuery(QueryExecutorMethodInterceptor.java:99)
	at org.springframework.data.repository.core.support.QueryExecutorMethodInterceptor.lambda$new$0(QueryExecutorMethodInterceptor.java:88)
	at java.base/java.util.Optional.map(Optional.java:260)
	at org.springframework.data.repository.core.support.QueryExecutorMethodInterceptor.<init>(QueryExecutorMethodInterceptor.java:88)
	at org.springframework.data.repository.core.support.RepositoryFactorySupport.getRepository(RepositoryFactorySupport.java:357)
	at org.springframework.data.repository.core.support.RepositoryFactoryBeanSupport.lambda$afterPropertiesSet$5(RepositoryFactoryBeanSupport.java:279)
	at org.springframework.data.util.Lazy.getNullable(Lazy.java:245)
	at org.springframework.data.util.Lazy.get(Lazy.java:114)
	at org.springframework.data.repository.core.support.RepositoryFactoryBeanSupport.afterPropertiesSet(RepositoryFactoryBeanSupport.java:285)
	at org.springframework.data.jpa.repository.support.JpaRepositoryFactoryBean.afterPropertiesSet(JpaRepositoryFactoryBean.java:132)
	at org.springframework.beans.factory.support.AbstractAutowireCapableBeanFactory.invokeInitMethods(AbstractAutowireCapableBeanFactory.java:1817)
	at org.springframework.beans.factory.support.AbstractAutowireCapableBeanFactory.initializeBean(AbstractAutowireCapableBeanFactory.java:1766)
	at org.springframework.beans.factory.support.AbstractAutowireCapableBeanFactory.doCreateBean(AbstractAutowireCapableBeanFactory.java:598)
	at org.springframework.beans.factory.support.AbstractAutowireCapableBeanFactory.createBean(AbstractAutowireCapableBeanFactory.java:520)
	at org.springframework.beans.factory.support.AbstractBeanFactory.lambda$doGetBean$0(AbstractBeanFactory.java:325)
	at org.springframework.beans.factory.support.DefaultSingletonBeanRegistry.getSingleton(DefaultSingletonBeanRegistry.java:234)
	at org.springframework.beans.factory.support.AbstractBeanFactory.doGetBean(AbstractBeanFactory.java:323)
	at org.springframework.beans.factory.support.AbstractBeanFactory.getBean(AbstractBeanFactory.java:199)
	at org.springframework.beans.factory.config.DependencyDescriptor.resolveCandidate(DependencyDescriptor.java:254)
	at org.springframework.beans.factory.support.DefaultListableBeanFactory.doResolveDependency(DefaultListableBeanFactory.java:1417)
	at org.springframework.beans.factory.support.DefaultListableBeanFactory.resolveDependency(DefaultListableBeanFactory.java:1337)
	at org.springframework.beans.factory.annotation.AutowiredAnnotationBeanPostProcessor$AutowiredFieldElement.resolveFieldValue(AutowiredAnnotationBeanPostProcessor.java:764)
	at org.springframework.beans.factory.annotation.AutowiredAnnotationBeanPostProcessor$AutowiredFieldElement.inject(AutowiredAnnotationBeanPostProcessor.java:747)
	at org.springframework.beans.factory.annotation.InjectionMetadata.inject(InjectionMetadata.java:145)
	at org.springframework.beans.factory.annotation.AutowiredAnnotationBeanPostProcessor.postProcessProperties(AutowiredAnnotationBeanPostProcessor.java:492)
	at org.springframework.beans.factory.support.AbstractAutowireCapableBeanFactory.populateBean(AbstractAutowireCapableBeanFactory.java:1416)
	at org.springframework.beans.factory.support.AbstractAutowireCapableBeanFactory.doCreateBean(AbstractAutowireCapableBeanFactory.java:597)
	at org.springframework.beans.factory.support.AbstractAutowireCapableBeanFactory.createBean(AbstractAutowireCapableBeanFactory.java:520)
	at org.springframework.beans.factory.support.AbstractBeanFactory.lambda$doGetBean$0(AbstractBeanFactory.java:325)
	at org.springframework.beans.factory.support.DefaultSingletonBeanRegistry.getSingleton(DefaultSingletonBeanRegistry.java:234)
	at org.springframework.beans.factory.support.AbstractBeanFactory.doGetBean(AbstractBeanFactory.java:323)
	at org.springframework.beans.factory.support.AbstractBeanFactory.getBean(AbstractBeanFactory.java:199)
	at org.springframework.beans.factory.config.DependencyDescriptor.resolveCandidate(DependencyDescriptor.java:254)
	at org.springframework.beans.factory.support.DefaultListableBeanFactory.doResolveDependency(DefaultListableBeanFactory.java:1417)
	at org.springframework.beans.factory.support.DefaultListableBeanFactory.resolveDependency(DefaultListableBeanFactory.java:1337)
	at org.springframework.beans.factory.annotation.AutowiredAnnotationBeanPostProcessor$AutowiredFieldElement.resolveFieldValue(AutowiredAnnotationBeanPostProcessor.java:764)
	at org.springframework.beans.factory.annotation.AutowiredAnnotationBeanPostProcessor$AutowiredFieldElement.inject(AutowiredAnnotationBeanPostProcessor.java:747)
	at org.springframework.beans.factory.annotation.InjectionMetadata.inject(InjectionMetadata.java:145)
	at org.springframework.beans.factory.annotation.AutowiredAnnotationBeanPostProcessor.postProcessProperties(AutowiredAnnotationBeanPostProcessor.java:492)
	at org.springframework.beans.factory.support.AbstractAutowireCapableBeanFactory.populateBean(AbstractAutowireCapableBeanFactory.java:1416)
	at org.springframework.beans.factory.support.AbstractAutowireCapableBeanFactory.doCreateBean(AbstractAutowireCapableBeanFactory.java:597)
	at org.springframework.beans.factory.support.AbstractAutowireCapableBeanFactory.createBean(AbstractAutowireCapableBeanFactory.java:520)
	at org.springframework.beans.factory.support.AbstractBeanFactory.lambda$doGetBean$0(AbstractBeanFactory.java:325)
	at org.springframework.beans.factory.support.DefaultSingletonBeanRegistry.getSingleton(DefaultSingletonBeanRegistry.java:234)
	at org.springframework.beans.factory.support.AbstractBeanFactory.doGetBean(AbstractBeanFactory.java:323)
	at org.springframework.beans.factory.support.AbstractBeanFactory.getBean(AbstractBeanFactory.java:199)
	at org.springframework.beans.factory.config.DependencyDescriptor.resolveCandidate(DependencyDescriptor.java:254)
	at org.springframework.beans.factory.support.DefaultListableBeanFactory.doResolveDependency(DefaultListableBeanFactory.java:1417)
	at org.springframework.beans.factory.support.DefaultListableBeanFactory.resolveDependency(DefaultListableBeanFactory.java:1337)
	at org.springframework.beans.factory.annotation.AutowiredAnnotationBeanPostProcessor$AutowiredFieldElement.resolveFieldValue(AutowiredAnnotationBeanPostProcessor.java:764)
	at org.springframework.beans.factory.annotation.AutowiredAnnotationBeanPostProcessor$AutowiredFieldElement.inject(AutowiredAnnotationBeanPostProcessor.java:747)
	at org.springframework.beans.factory.annotation.InjectionMetadata.inject(InjectionMetadata.java:145)
	at org.springframework.beans.factory.annotation.AutowiredAnnotationBeanPostProcessor.postProcessProperties(AutowiredAnnotationBeanPostProcessor.java:492)
	at org.springframework.beans.factory.support.AbstractAutowireCapableBeanFactory.populateBean(AbstractAutowireCapableBeanFactory.java:1416)
	at org.springframework.beans.factory.support.AbstractAutowireCapableBeanFactory.doCreateBean(AbstractAutowireCapableBeanFactory.java:597)
	at org.springframework.beans.factory.support.AbstractAutowireCapableBeanFactory.createBean(AbstractAutowireCapableBeanFactory.java:520)
	at org.springframework.beans.factory.support.AbstractBeanFactory.lambda$doGetBean$0(AbstractBeanFactory.java:325)
	at org.springframework.beans.factory.support.DefaultSingletonBeanRegistry.getSingleton(DefaultSingletonBeanRegistry.java:234)
	at org.springframework.beans.factory.support.AbstractBeanFactory.doGetBean(AbstractBeanFactory.java:323)
	at org.springframework.beans.factory.support.AbstractBeanFactory.getBean(AbstractBeanFactory.java:199)
	at org.springframework.beans.factory.support.DefaultListableBeanFactory.preInstantiateSingletons(DefaultListableBeanFactory.java:973)
	at org.springframework.context.support.AbstractApplicationContext.finishBeanFactoryInitialization(AbstractApplicationContext.java:950)
	at org.springframework.context.support.AbstractApplicationContext.refresh(AbstractApplicationContext.java:616)
	at org.springframework.boot.web.servlet.context.ServletWebServerApplicationContext.refresh(ServletWebServerApplicationContext.java:146)
	at org.springframework.boot.SpringApplication.refresh(SpringApplication.java:738)
	at org.springframework.boot.SpringApplication.refreshContext(SpringApplication.java:440)
	at org.springframework.boot.SpringApplication.run(SpringApplication.java:316)
	at org.springframework.boot.test.context.SpringBootContextLoader.lambda$loadContext$3(SpringBootContextLoader.java:137)
	at org.springframework.util.function.ThrowingSupplier.get(ThrowingSupplier.java:58)
	at org.springframework.util.function.ThrowingSupplier.get(ThrowingSupplier.java:46)
	at org.springframework.boot.SpringApplication.withHook(SpringApplication.java:1406)
	at org.springframework.boot.test.context.SpringBootContextLoader$ContextLoaderHook.run(SpringBootContextLoader.java:545)
	at org.springframework.boot.test.context.SpringBootContextLoader.loadContext(SpringBootContextLoader.java:137)
	at org.springframework.boot.test.context.SpringBootContextLoader.loadContext(SpringBootContextLoader.java:108)
	at org.springframework.test.context.cache.DefaultCacheAwareContextLoaderDelegate.loadContextInternal(DefaultCacheAwareContextLoaderDelegate.java:187)
	at org.springframework.test.context.cache.DefaultCacheAwareContextLoaderDelegate.loadContext(DefaultCacheAwareContextLoaderDelegate.java:119)
	at org.springframework.test.context.support.DefaultTestContext.getApplicationContext(DefaultTestContext.java:127)
	at org.springframework.test.context.support.DependencyInjectionTestExecutionListener.injectDependencies(DependencyInjectionTestExecutionListener.java:141)
	at org.springframework.test.context.support.DependencyInjectionTestExecutionListener.prepareTestInstance(DependencyInjectionTestExecutionListener.java:97)
	at org.springframework.test.context.TestContextManager.prepareTestInstance(TestContextManager.java:241)
	at org.springframework.test.context.junit.jupiter.SpringExtension.postProcessTestInstance(SpringExtension.java:138)
	at org.junit.jupiter.engine.descriptor.ClassBasedTestDescriptor.lambda$invokeTestInstancePostProcessors$10(ClassBasedTestDescriptor.java:377)
	at org.junit.jupiter.engine.descriptor.ClassBasedTestDescriptor.executeAndMaskThrowable(ClassBasedTestDescriptor.java:382)
	at org.junit.jupiter.engine.descriptor.ClassBasedTestDescriptor.lambda$invokeTestInstancePostProcessors$11(ClassBasedTestDescriptor.java:377)
	at java.base/java.util.stream.ReferencePipeline$3$1.accept(ReferencePipeline.java:197)
	at java.base/java.util.stream.ReferencePipeline$2$1.accept(ReferencePipeline.java:179)
	at java.base/java.util.ArrayList$ArrayListSpliterator.forEachRemaining(ArrayList.java:1625)
	at java.base/java.util.stream.AbstractPipeline.copyInto(AbstractPipeline.java:509)
	at java.base/java.util.stream.AbstractPipeline.wrapAndCopyInto(AbstractPipeline.java:499)
	at java.base/java.util.stream.StreamSpliterators$WrappingSpliterator.forEachRemaining(StreamSpliterators.java:310)
	at java.base/java.util.stream.Streams$ConcatSpliterator.forEachRemaining(Streams.java:735)
	at java.base/java.util.stream.Streams$ConcatSpliterator.forEachRemaining(Streams.java:734)
	at java.base/java.util.stream.ReferencePipeline$Head.forEach(ReferencePipeline.java:762)
	at org.junit.jupiter.engine.descriptor.ClassBasedTestDescriptor.invokeTestInstancePostProcessors(ClassBasedTestDescriptor.java:376)
	at org.junit.jupiter.engine.descriptor.ClassBasedTestDescriptor.lambda$instantiateAndPostProcessTestInstance$6(ClassBasedTestDescriptor.java:289)
	at org.junit.platform.engine.support.hierarchical.ThrowableCollector.execute(ThrowableCollector.java:73)
	at org.junit.jupiter.engine.descriptor.ClassBasedTestDescriptor.instantiateAndPostProcessTestInstance(ClassBasedTestDescriptor.java:288)
	at org.junit.jupiter.engine.descriptor.ClassBasedTestDescriptor.lambda$testInstancesProvider$4(ClassBasedTestDescriptor.java:278)
	at java.base/java.util.Optional.orElseGet(Optional.java:364)
	at org.junit.jupiter.engine.descriptor.ClassBasedTestDescriptor.lambda$testInstancesProvider$5(ClassBasedTestDescriptor.java:277)
	at org.junit.jupiter.engine.execution.TestInstancesProvider.getTestInstances(TestInstancesProvider.java:31)
	at org.junit.jupiter.engine.descriptor.TestMethodTestDescriptor.lambda$prepare$0(TestMethodTestDescriptor.java:105)
	at org.junit.platform.engine.support.hierarchical.ThrowableCollector.execute(ThrowableCollector.java:73)
	at org.junit.jupiter.engine.descriptor.TestMethodTestDescriptor.prepare(TestMethodTestDescriptor.java:104)
	at org.junit.jupiter.engine.descriptor.TestMethodTestDescriptor.prepare(TestMethodTestDescriptor.java:68)
	at org.junit.platform.engine.support.hierarchical.NodeTestTask.lambda$prepare$2(NodeTestTask.java:123)
	at org.junit.platform.engine.support.hierarchical.ThrowableCollector.execute(ThrowableCollector.java:73)
	at org.junit.platform.engine.support.hierarchical.NodeTestTask.prepare(NodeTestTask.java:123)
	at org.junit.platform.engine.support.hierarchical.NodeTestTask.execute(NodeTestTask.java:90)
	at java.base/java.util.ArrayList.forEach(ArrayList.java:1511)
	at org.junit.platform.engine.support.hierarchical.SameThreadHierarchicalTestExecutorService.invokeAll(SameThreadHierarchicalTestExecutorService.java:41)
	at org.junit.platform.engine.support.hierarchical.NodeTestTask.lambda$executeRecursively$6(NodeTestTask.java:155)
	at org.junit.platform.engine.support.hierarchical.ThrowableCollector.execute(ThrowableCollector.java:73)
	at org.junit.platform.engine.support.hierarchical.NodeTestTask.lambda$executeRecursively$8(NodeTestTask.java:141)
	at org.junit.platform.engine.support.hierarchical.Node.around(Node.java:137)
	at org.junit.platform.engine.support.hierarchical.NodeTestTask.lambda$executeRecursively$9(NodeTestTask.java:139)
	at org.junit.platform.engine.support.hierarchical.ThrowableCollector.execute(ThrowableCollector.java:73)
	at org.junit.platform.engine.support.hierarchical.NodeTestTask.executeRecursively(NodeTestTask.java:138)
	at org.junit.platform.engine.support.hierarchical.NodeTestTask.execute(NodeTestTask.java:95)
	at java.base/java.util.ArrayList.forEach(ArrayList.java:1511)
	at org.junit.platform.engine.support.hierarchical.SameThreadHierarchicalTestExecutorService.invokeAll(SameThreadHierarchicalTestExecutorService.java:41)
	at org.junit.platform.engine.support.hierarchical.NodeTestTask.lambda$executeRecursively$6(NodeTestTask.java:155)
	at org.junit.platform.engine.support.hierarchical.ThrowableCollector.execute(ThrowableCollector.java:73)
	at org.junit.platform.engine.support.hierarchical.NodeTestTask.lambda$executeRecursively$8(NodeTestTask.java:141)
	at org.junit.platform.engine.support.hierarchical.Node.around(Node.java:137)
	at org.junit.platform.engine.support.hierarchical.NodeTestTask.lambda$executeRecursively$9(NodeTestTask.java:139)
	at org.junit.platform.engine.support.hierarchical.ThrowableCollector.execute(ThrowableCollector.java:73)
	at org.junit.platform.engine.support.hierarchical.NodeTestTask.executeRecursively(NodeTestTask.java:138)
	at org.junit.platform.engine.support.hierarchical.NodeTestTask.execute(NodeTestTask.java:95)
	at org.junit.platform.engine.support.hierarchical.SameThreadHierarchicalTestExecutorService.submit(SameThreadHierarchicalTestExecutorService.java:35)
	at org.junit.platform.engine.support.hierarchical.HierarchicalTestExecutor.execute(HierarchicalTestExecutor.java:57)
	at org.junit.platform.engine.support.hierarchical.HierarchicalTestEngine.execute(HierarchicalTestEngine.java:54)
	at org.junit.platform.launcher.core.EngineExecutionOrchestrator.execute(EngineExecutionOrchestrator.java:147)
	at org.junit.platform.launcher.core.EngineExecutionOrchestrator.execute(EngineExecutionOrchestrator.java:127)
	at org.junit.platform.launcher.core.EngineExecutionOrchestrator.execute(EngineExecutionOrchestrator.java:90)
	at org.junit.platform.launcher.core.EngineExecutionOrchestrator.lambda$execute$0(EngineExecutionOrchestrator.java:55)
	at org.junit.platform.launcher.core.EngineExecutionOrchestrator.withInterceptedStreams(EngineExecutionOrchestrator.java:102)
	at org.junit.platform.launcher.core.EngineExecutionOrchestrator.execute(EngineExecutionOrchestrator.java:54)
	at org.junit.platform.launcher.core.DefaultLauncher.execute(DefaultLauncher.java:114)
	at org.junit.platform.launcher.core.DefaultLauncher.execute(DefaultLauncher.java:86)
	at org.junit.platform.launcher.core.DefaultLauncherSession$DelegatingLauncher.execute(DefaultLauncherSession.java:86)
	at org.apache.maven.surefire.junitplatform.LazyLauncher.execute(LazyLauncher.java:50)
	at org.apache.maven.surefire.junitplatform.JUnitPlatformProvider.execute(JUnitPlatformProvider.java:184)
	at org.apache.maven.surefire.junitplatform.JUnitPlatformProvider.invokeAllTests(JUnitPlatformProvider.java:148)
	at org.apache.maven.surefire.junitplatform.JUnitPlatformProvider.invoke(JUnitPlatformProvider.java:122)
	at org.apache.maven.surefire.booter.ForkedBooter.runSuitesInProcess(ForkedBooter.java:385)
	at org.apache.maven.surefire.booter.ForkedBooter.execute(ForkedBooter.java:162)
	at org.apache.maven.surefire.booter.ForkedBooter.run(ForkedBooter.java:507)
	at org.apache.maven.surefire.booter.ForkedBooter.main(ForkedBooter.java:495)
2023-11-24 12:36:35,728 TRACE o.h.i.SessionImpl [SessionImpl.java:402] Closing session [3d094081-12bd-4789-ab26-97f770d1864a]
2023-11-24 12:36:35,728 TRACE o.h.e.j.i.JdbcCoordinatorImpl [JdbcCoordinatorImpl.java:152] Closing JDBC container [org.hibernate.engine.jdbc.internal.JdbcCoordinatorImpl@3d483fc7]
2023-11-24 12:36:35,728 TRACE o.h.r.j.i.ResourceRegistryStandardImpl [ResourceRegistryStandardImpl.java:329] Releasing JDBC resources
2023-11-24 12:36:35,729 TRACE o.h.r.j.i.LogicalConnectionManagedImpl [LogicalConnectionManagedImpl.java:256] Closing logical connection
2023-11-24 12:36:35,729 TRACE o.h.r.j.i.LogicalConnectionManagedImpl [LogicalConnectionManagedImpl.java:263] Logical connection closed
2023-11-24 12:36:35,729 TRACE o.h.i.SessionFactoryImpl$SessionBuilderImpl [SessionFactoryImpl.java:1298] Opening Hibernate Session.  tenant=null
2023-11-24 12:36:35,730 TRACE o.h.i.SessionImpl [SessionImpl.java:262] Opened Session [3e1542b9-580d-401a-882e-ed36fb469e49] at timestamp: 1700825795730
2023-11-24 12:36:35,730 TRACE o.h.i.SessionImpl [SessionImpl.java:402] Closing session [3e1542b9-580d-401a-882e-ed36fb469e49]
2023-11-24 12:36:35,730 TRACE o.h.e.j.i.JdbcCoordinatorImpl [JdbcCoordinatorImpl.java:152] Closing JDBC container [org.hibernate.engine.jdbc.internal.JdbcCoordinatorImpl@76ae3dbd]
2023-11-24 12:36:35,731 TRACE o.h.r.j.i.ResourceRegistryStandardImpl [ResourceRegistryStandardImpl.java:329] Releasing JDBC resources
2023-11-24 12:36:35,731 TRACE o.h.r.j.i.LogicalConnectionManagedImpl [LogicalConnectionManagedImpl.java:256] Closing logical connection
2023-11-24 12:36:35,731 TRACE o.h.r.j.i.LogicalConnectionManagedImpl [LogicalConnectionManagedImpl.java:263] Logical connection closed
2023-11-24 12:36:35,733 TRACE o.h.i.SessionFactoryImpl$SessionBuilderImpl [SessionFactoryImpl.java:1298] Opening Hibernate Session.  tenant=null
2023-11-24 12:36:35,734 TRACE o.h.i.SessionImpl [SessionImpl.java:262] Opened Session [65905be8-2b57-403c-8aed-93f8628f706d] at timestamp: 1700825795734
2023-11-24 12:36:35,734 DEBUG o.h.r.t.b.j.i.JdbcResourceLocalTransactionCoordinatorImpl [JdbcResourceLocalTransactionCoordinatorImpl.java:310] JDBC transaction marked for rollback-only (exception provided for stack trace)
java.lang.Exception: exception just for purpose of providing stack trace
	at org.hibernate.resource.transaction.backend.jdbc.internal.JdbcResourceLocalTransactionCoordinatorImpl$TransactionDriverControlImpl.markRollbackOnly(JdbcResourceLocalTransactionCoordinatorImpl.java:310)
	at org.hibernate.internal.AbstractSharedSessionContract.buildNamedQuery(AbstractSharedSessionContract.java:1021)
	at org.hibernate.internal.AbstractSharedSessionContract.createNamedQuery(AbstractSharedSessionContract.java:899)
	at org.hibernate.internal.AbstractSharedSessionContract.createNamedQuery(AbstractSharedSessionContract.java:120)
	at java.base/jdk.internal.reflect.NativeMethodAccessorImpl.invoke0(Native Method)
	at java.base/jdk.internal.reflect.NativeMethodAccessorImpl.invoke(NativeMethodAccessorImpl.java:77)
	at java.base/jdk.internal.reflect.DelegatingMethodAccessorImpl.invoke(DelegatingMethodAccessorImpl.java:43)
	at java.base/java.lang.reflect.Method.invoke(Method.java:568)
	at org.springframework.orm.jpa.ExtendedEntityManagerCreator$ExtendedEntityManagerInvocationHandler.invoke(ExtendedEntityManagerCreator.java:360)
	at jdk.proxy2/jdk.proxy2.$Proxy191.createNamedQuery(Unknown Source)
	at org.springframework.data.jpa.repository.query.NamedQuery.hasNamedQuery(NamedQuery.java:113)
	at org.springframework.data.jpa.repository.query.NamedQuery.lookupFrom(NamedQuery.java:141)
	at org.springframework.data.jpa.repository.query.JpaQueryLookupStrategy$DeclaredQueryLookupStrategy.resolveQuery(JpaQueryLookupStrategy.java:180)
	at org.springframework.data.jpa.repository.query.JpaQueryLookupStrategy$CreateIfNotFoundQueryLookupStrategy.resolveQuery(JpaQueryLookupStrategy.java:252)
	at org.springframework.data.jpa.repository.query.JpaQueryLookupStrategy$AbstractQueryLookupStrategy.resolveQuery(JpaQueryLookupStrategy.java:95)
	at org.springframework.data.repository.core.support.QueryExecutorMethodInterceptor.lookupQuery(QueryExecutorMethodInterceptor.java:111)
	at org.springframework.data.repository.core.support.QueryExecutorMethodInterceptor.mapMethodsToQuery(QueryExecutorMethodInterceptor.java:99)
	at org.springframework.data.repository.core.support.QueryExecutorMethodInterceptor.lambda$new$0(QueryExecutorMethodInterceptor.java:88)
	at java.base/java.util.Optional.map(Optional.java:260)
	at org.springframework.data.repository.core.support.QueryExecutorMethodInterceptor.<init>(QueryExecutorMethodInterceptor.java:88)
	at org.springframework.data.repository.core.support.RepositoryFactorySupport.getRepository(RepositoryFactorySupport.java:357)
	at org.springframework.data.repository.core.support.RepositoryFactoryBeanSupport.lambda$afterPropertiesSet$5(RepositoryFactoryBeanSupport.java:279)
	at org.springframework.data.util.Lazy.getNullable(Lazy.java:245)
	at org.springframework.data.util.Lazy.get(Lazy.java:114)
	at org.springframework.data.repository.core.support.RepositoryFactoryBeanSupport.afterPropertiesSet(RepositoryFactoryBeanSupport.java:285)
	at org.springframework.data.jpa.repository.support.JpaRepositoryFactoryBean.afterPropertiesSet(JpaRepositoryFactoryBean.java:132)
	at org.springframework.beans.factory.support.AbstractAutowireCapableBeanFactory.invokeInitMethods(AbstractAutowireCapableBeanFactory.java:1817)
	at org.springframework.beans.factory.support.AbstractAutowireCapableBeanFactory.initializeBean(AbstractAutowireCapableBeanFactory.java:1766)
	at org.springframework.beans.factory.support.AbstractAutowireCapableBeanFactory.doCreateBean(AbstractAutowireCapableBeanFactory.java:598)
	at org.springframework.beans.factory.support.AbstractAutowireCapableBeanFactory.createBean(AbstractAutowireCapableBeanFactory.java:520)
	at org.springframework.beans.factory.support.AbstractBeanFactory.lambda$doGetBean$0(AbstractBeanFactory.java:325)
	at org.springframework.beans.factory.support.DefaultSingletonBeanRegistry.getSingleton(DefaultSingletonBeanRegistry.java:234)
	at org.springframework.beans.factory.support.AbstractBeanFactory.doGetBean(AbstractBeanFactory.java:323)
	at org.springframework.beans.factory.support.AbstractBeanFactory.getBean(AbstractBeanFactory.java:199)
	at org.springframework.beans.factory.config.DependencyDescriptor.resolveCandidate(DependencyDescriptor.java:254)
	at org.springframework.beans.factory.support.DefaultListableBeanFactory.doResolveDependency(DefaultListableBeanFactory.java:1417)
	at org.springframework.beans.factory.support.DefaultListableBeanFactory.resolveDependency(DefaultListableBeanFactory.java:1337)
	at org.springframework.beans.factory.annotation.AutowiredAnnotationBeanPostProcessor$AutowiredFieldElement.resolveFieldValue(AutowiredAnnotationBeanPostProcessor.java:764)
	at org.springframework.beans.factory.annotation.AutowiredAnnotationBeanPostProcessor$AutowiredFieldElement.inject(AutowiredAnnotationBeanPostProcessor.java:747)
	at org.springframework.beans.factory.annotation.InjectionMetadata.inject(InjectionMetadata.java:145)
	at org.springframework.beans.factory.annotation.AutowiredAnnotationBeanPostProcessor.postProcessProperties(AutowiredAnnotationBeanPostProcessor.java:492)
	at org.springframework.beans.factory.support.AbstractAutowireCapableBeanFactory.populateBean(AbstractAutowireCapableBeanFactory.java:1416)
	at org.springframework.beans.factory.support.AbstractAutowireCapableBeanFactory.doCreateBean(AbstractAutowireCapableBeanFactory.java:597)
	at org.springframework.beans.factory.support.AbstractAutowireCapableBeanFactory.createBean(AbstractAutowireCapableBeanFactory.java:520)
	at org.springframework.beans.factory.support.AbstractBeanFactory.lambda$doGetBean$0(AbstractBeanFactory.java:325)
	at org.springframework.beans.factory.support.DefaultSingletonBeanRegistry.getSingleton(DefaultSingletonBeanRegistry.java:234)
	at org.springframework.beans.factory.support.AbstractBeanFactory.doGetBean(AbstractBeanFactory.java:323)
	at org.springframework.beans.factory.support.AbstractBeanFactory.getBean(AbstractBeanFactory.java:199)
	at org.springframework.beans.factory.config.DependencyDescriptor.resolveCandidate(DependencyDescriptor.java:254)
	at org.springframework.beans.factory.support.DefaultListableBeanFactory.doResolveDependency(DefaultListableBeanFactory.java:1417)
	at org.springframework.beans.factory.support.DefaultListableBeanFactory.resolveDependency(DefaultListableBeanFactory.java:1337)
	at org.springframework.beans.factory.annotation.AutowiredAnnotationBeanPostProcessor$AutowiredFieldElement.resolveFieldValue(AutowiredAnnotationBeanPostProcessor.java:764)
	at org.springframework.beans.factory.annotation.AutowiredAnnotationBeanPostProcessor$AutowiredFieldElement.inject(AutowiredAnnotationBeanPostProcessor.java:747)
	at org.springframework.beans.factory.annotation.InjectionMetadata.inject(InjectionMetadata.java:145)
	at org.springframework.beans.factory.annotation.AutowiredAnnotationBeanPostProcessor.postProcessProperties(AutowiredAnnotationBeanPostProcessor.java:492)
	at org.springframework.beans.factory.support.AbstractAutowireCapableBeanFactory.populateBean(AbstractAutowireCapableBeanFactory.java:1416)
	at org.springframework.beans.factory.support.AbstractAutowireCapableBeanFactory.doCreateBean(AbstractAutowireCapableBeanFactory.java:597)
	at org.springframework.beans.factory.support.AbstractAutowireCapableBeanFactory.createBean(AbstractAutowireCapableBeanFactory.java:520)
	at org.springframework.beans.factory.support.AbstractBeanFactory.lambda$doGetBean$0(AbstractBeanFactory.java:325)
	at org.springframework.beans.factory.support.DefaultSingletonBeanRegistry.getSingleton(DefaultSingletonBeanRegistry.java:234)
	at org.springframework.beans.factory.support.AbstractBeanFactory.doGetBean(AbstractBeanFactory.java:323)
	at org.springframework.beans.factory.support.AbstractBeanFactory.getBean(AbstractBeanFactory.java:199)
	at org.springframework.beans.factory.config.DependencyDescriptor.resolveCandidate(DependencyDescriptor.java:254)
	at org.springframework.beans.factory.support.DefaultListableBeanFactory.doResolveDependency(DefaultListableBeanFactory.java:1417)
	at org.springframework.beans.factory.support.DefaultListableBeanFactory.resolveDependency(DefaultListableBeanFactory.java:1337)
	at org.springframework.beans.factory.annotation.AutowiredAnnotationBeanPostProcessor$AutowiredFieldElement.resolveFieldValue(AutowiredAnnotationBeanPostProcessor.java:764)
	at org.springframework.beans.factory.annotation.AutowiredAnnotationBeanPostProcessor$AutowiredFieldElement.inject(AutowiredAnnotationBeanPostProcessor.java:747)
	at org.springframework.beans.factory.annotation.InjectionMetadata.inject(InjectionMetadata.java:145)
	at org.springframework.beans.factory.annotation.AutowiredAnnotationBeanPostProcessor.postProcessProperties(AutowiredAnnotationBeanPostProcessor.java:492)
	at org.springframework.beans.factory.support.AbstractAutowireCapableBeanFactory.populateBean(AbstractAutowireCapableBeanFactory.java:1416)
	at org.springframework.beans.factory.support.AbstractAutowireCapableBeanFactory.doCreateBean(AbstractAutowireCapableBeanFactory.java:597)
	at org.springframework.beans.factory.support.AbstractAutowireCapableBeanFactory.createBean(AbstractAutowireCapableBeanFactory.java:520)
	at org.springframework.beans.factory.support.AbstractBeanFactory.lambda$doGetBean$0(AbstractBeanFactory.java:325)
	at org.springframework.beans.factory.support.DefaultSingletonBeanRegistry.getSingleton(DefaultSingletonBeanRegistry.java:234)
	at org.springframework.beans.factory.support.AbstractBeanFactory.doGetBean(AbstractBeanFactory.java:323)
	at org.springframework.beans.factory.support.AbstractBeanFactory.getBean(AbstractBeanFactory.java:199)
	at org.springframework.beans.factory.support.DefaultListableBeanFactory.preInstantiateSingletons(DefaultListableBeanFactory.java:973)
	at org.springframework.context.support.AbstractApplicationContext.finishBeanFactoryInitialization(AbstractApplicationContext.java:950)
	at org.springframework.context.support.AbstractApplicationContext.refresh(AbstractApplicationContext.java:616)
	at org.springframework.boot.web.servlet.context.ServletWebServerApplicationContext.refresh(ServletWebServerApplicationContext.java:146)
	at org.springframework.boot.SpringApplication.refresh(SpringApplication.java:738)
	at org.springframework.boot.SpringApplication.refreshContext(SpringApplication.java:440)
	at org.springframework.boot.SpringApplication.run(SpringApplication.java:316)
	at org.springframework.boot.test.context.SpringBootContextLoader.lambda$loadContext$3(SpringBootContextLoader.java:137)
	at org.springframework.util.function.ThrowingSupplier.get(ThrowingSupplier.java:58)
	at org.springframework.util.function.ThrowingSupplier.get(ThrowingSupplier.java:46)
	at org.springframework.boot.SpringApplication.withHook(SpringApplication.java:1406)
	at org.springframework.boot.test.context.SpringBootContextLoader$ContextLoaderHook.run(SpringBootContextLoader.java:545)
	at org.springframework.boot.test.context.SpringBootContextLoader.loadContext(SpringBootContextLoader.java:137)
	at org.springframework.boot.test.context.SpringBootContextLoader.loadContext(SpringBootContextLoader.java:108)
	at org.springframework.test.context.cache.DefaultCacheAwareContextLoaderDelegate.loadContextInternal(DefaultCacheAwareContextLoaderDelegate.java:187)
	at org.springframework.test.context.cache.DefaultCacheAwareContextLoaderDelegate.loadContext(DefaultCacheAwareContextLoaderDelegate.java:119)
	at org.springframework.test.context.support.DefaultTestContext.getApplicationContext(DefaultTestContext.java:127)
	at org.springframework.test.context.support.DependencyInjectionTestExecutionListener.injectDependencies(DependencyInjectionTestExecutionListener.java:141)
	at org.springframework.test.context.support.DependencyInjectionTestExecutionListener.prepareTestInstance(DependencyInjectionTestExecutionListener.java:97)
	at org.springframework.test.context.TestContextManager.prepareTestInstance(TestContextManager.java:241)
	at org.springframework.test.context.junit.jupiter.SpringExtension.postProcessTestInstance(SpringExtension.java:138)
	at org.junit.jupiter.engine.descriptor.ClassBasedTestDescriptor.lambda$invokeTestInstancePostProcessors$10(ClassBasedTestDescriptor.java:377)
	at org.junit.jupiter.engine.descriptor.ClassBasedTestDescriptor.executeAndMaskThrowable(ClassBasedTestDescriptor.java:382)
	at org.junit.jupiter.engine.descriptor.ClassBasedTestDescriptor.lambda$invokeTestInstancePostProcessors$11(ClassBasedTestDescriptor.java:377)
	at java.base/java.util.stream.ReferencePipeline$3$1.accept(ReferencePipeline.java:197)
	at java.base/java.util.stream.ReferencePipeline$2$1.accept(ReferencePipeline.java:179)
	at java.base/java.util.ArrayList$ArrayListSpliterator.forEachRemaining(ArrayList.java:1625)
	at java.base/java.util.stream.AbstractPipeline.copyInto(AbstractPipeline.java:509)
	at java.base/java.util.stream.AbstractPipeline.wrapAndCopyInto(AbstractPipeline.java:499)
	at java.base/java.util.stream.StreamSpliterators$WrappingSpliterator.forEachRemaining(StreamSpliterators.java:310)
	at java.base/java.util.stream.Streams$ConcatSpliterator.forEachRemaining(Streams.java:735)
	at java.base/java.util.stream.Streams$ConcatSpliterator.forEachRemaining(Streams.java:734)
	at java.base/java.util.stream.ReferencePipeline$Head.forEach(ReferencePipeline.java:762)
	at org.junit.jupiter.engine.descriptor.ClassBasedTestDescriptor.invokeTestInstancePostProcessors(ClassBasedTestDescriptor.java:376)
	at org.junit.jupiter.engine.descriptor.ClassBasedTestDescriptor.lambda$instantiateAndPostProcessTestInstance$6(ClassBasedTestDescriptor.java:289)
	at org.junit.platform.engine.support.hierarchical.ThrowableCollector.execute(ThrowableCollector.java:73)
	at org.junit.jupiter.engine.descriptor.ClassBasedTestDescriptor.instantiateAndPostProcessTestInstance(ClassBasedTestDescriptor.java:288)
	at org.junit.jupiter.engine.descriptor.ClassBasedTestDescriptor.lambda$testInstancesProvider$4(ClassBasedTestDescriptor.java:278)
	at java.base/java.util.Optional.orElseGet(Optional.java:364)
	at org.junit.jupiter.engine.descriptor.ClassBasedTestDescriptor.lambda$testInstancesProvider$5(ClassBasedTestDescriptor.java:277)
	at org.junit.jupiter.engine.execution.TestInstancesProvider.getTestInstances(TestInstancesProvider.java:31)
	at org.junit.jupiter.engine.descriptor.TestMethodTestDescriptor.lambda$prepare$0(TestMethodTestDescriptor.java:105)
	at org.junit.platform.engine.support.hierarchical.ThrowableCollector.execute(ThrowableCollector.java:73)
	at org.junit.jupiter.engine.descriptor.TestMethodTestDescriptor.prepare(TestMethodTestDescriptor.java:104)
	at org.junit.jupiter.engine.descriptor.TestMethodTestDescriptor.prepare(TestMethodTestDescriptor.java:68)
	at org.junit.platform.engine.support.hierarchical.NodeTestTask.lambda$prepare$2(NodeTestTask.java:123)
	at org.junit.platform.engine.support.hierarchical.ThrowableCollector.execute(ThrowableCollector.java:73)
	at org.junit.platform.engine.support.hierarchical.NodeTestTask.prepare(NodeTestTask.java:123)
	at org.junit.platform.engine.support.hierarchical.NodeTestTask.execute(NodeTestTask.java:90)
	at java.base/java.util.ArrayList.forEach(ArrayList.java:1511)
	at org.junit.platform.engine.support.hierarchical.SameThreadHierarchicalTestExecutorService.invokeAll(SameThreadHierarchicalTestExecutorService.java:41)
	at org.junit.platform.engine.support.hierarchical.NodeTestTask.lambda$executeRecursively$6(NodeTestTask.java:155)
	at org.junit.platform.engine.support.hierarchical.ThrowableCollector.execute(ThrowableCollector.java:73)
	at org.junit.platform.engine.support.hierarchical.NodeTestTask.lambda$executeRecursively$8(NodeTestTask.java:141)
	at org.junit.platform.engine.support.hierarchical.Node.around(Node.java:137)
	at org.junit.platform.engine.support.hierarchical.NodeTestTask.lambda$executeRecursively$9(NodeTestTask.java:139)
	at org.junit.platform.engine.support.hierarchical.ThrowableCollector.execute(ThrowableCollector.java:73)
	at org.junit.platform.engine.support.hierarchical.NodeTestTask.executeRecursively(NodeTestTask.java:138)
	at org.junit.platform.engine.support.hierarchical.NodeTestTask.execute(NodeTestTask.java:95)
	at java.base/java.util.ArrayList.forEach(ArrayList.java:1511)
	at org.junit.platform.engine.support.hierarchical.SameThreadHierarchicalTestExecutorService.invokeAll(SameThreadHierarchicalTestExecutorService.java:41)
	at org.junit.platform.engine.support.hierarchical.NodeTestTask.lambda$executeRecursively$6(NodeTestTask.java:155)
	at org.junit.platform.engine.support.hierarchical.ThrowableCollector.execute(ThrowableCollector.java:73)
	at org.junit.platform.engine.support.hierarchical.NodeTestTask.lambda$executeRecursively$8(NodeTestTask.java:141)
	at org.junit.platform.engine.support.hierarchical.Node.around(Node.java:137)
	at org.junit.platform.engine.support.hierarchical.NodeTestTask.lambda$executeRecursively$9(NodeTestTask.java:139)
	at org.junit.platform.engine.support.hierarchical.ThrowableCollector.execute(ThrowableCollector.java:73)
	at org.junit.platform.engine.support.hierarchical.NodeTestTask.executeRecursively(NodeTestTask.java:138)
	at org.junit.platform.engine.support.hierarchical.NodeTestTask.execute(NodeTestTask.java:95)
	at org.junit.platform.engine.support.hierarchical.SameThreadHierarchicalTestExecutorService.submit(SameThreadHierarchicalTestExecutorService.java:35)
	at org.junit.platform.engine.support.hierarchical.HierarchicalTestExecutor.execute(HierarchicalTestExecutor.java:57)
	at org.junit.platform.engine.support.hierarchical.HierarchicalTestEngine.execute(HierarchicalTestEngine.java:54)
	at org.junit.platform.launcher.core.EngineExecutionOrchestrator.execute(EngineExecutionOrchestrator.java:147)
	at org.junit.platform.launcher.core.EngineExecutionOrchestrator.execute(EngineExecutionOrchestrator.java:127)
	at org.junit.platform.launcher.core.EngineExecutionOrchestrator.execute(EngineExecutionOrchestrator.java:90)
	at org.junit.platform.launcher.core.EngineExecutionOrchestrator.lambda$execute$0(EngineExecutionOrchestrator.java:55)
	at org.junit.platform.launcher.core.EngineExecutionOrchestrator.withInterceptedStreams(EngineExecutionOrchestrator.java:102)
	at org.junit.platform.launcher.core.EngineExecutionOrchestrator.execute(EngineExecutionOrchestrator.java:54)
	at org.junit.platform.launcher.core.DefaultLauncher.execute(DefaultLauncher.java:114)
	at org.junit.platform.launcher.core.DefaultLauncher.execute(DefaultLauncher.java:86)
	at org.junit.platform.launcher.core.DefaultLauncherSession$DelegatingLauncher.execute(DefaultLauncherSession.java:86)
	at org.apache.maven.surefire.junitplatform.LazyLauncher.execute(LazyLauncher.java:50)
	at org.apache.maven.surefire.junitplatform.JUnitPlatformProvider.execute(JUnitPlatformProvider.java:184)
	at org.apache.maven.surefire.junitplatform.JUnitPlatformProvider.invokeAllTests(JUnitPlatformProvider.java:148)
	at org.apache.maven.surefire.junitplatform.JUnitPlatformProvider.invoke(JUnitPlatformProvider.java:122)
	at org.apache.maven.surefire.booter.ForkedBooter.runSuitesInProcess(ForkedBooter.java:385)
	at org.apache.maven.surefire.booter.ForkedBooter.execute(ForkedBooter.java:162)
	at org.apache.maven.surefire.booter.ForkedBooter.run(ForkedBooter.java:507)
	at org.apache.maven.surefire.booter.ForkedBooter.main(ForkedBooter.java:495)
2023-11-24 12:36:35,736 TRACE o.h.i.SessionImpl [SessionImpl.java:402] Closing session [65905be8-2b57-403c-8aed-93f8628f706d]
2023-11-24 12:36:35,736 TRACE o.h.e.j.i.JdbcCoordinatorImpl [JdbcCoordinatorImpl.java:152] Closing JDBC container [org.hibernate.engine.jdbc.internal.JdbcCoordinatorImpl@57b9d6de]
2023-11-24 12:36:35,736 TRACE o.h.r.j.i.ResourceRegistryStandardImpl [ResourceRegistryStandardImpl.java:329] Releasing JDBC resources
2023-11-24 12:36:35,736 TRACE o.h.r.j.i.LogicalConnectionManagedImpl [LogicalConnectionManagedImpl.java:256] Closing logical connection
2023-11-24 12:36:35,737 TRACE o.h.r.j.i.LogicalConnectionManagedImpl [LogicalConnectionManagedImpl.java:263] Logical connection closed
2023-11-24 12:36:35,737 TRACE o.h.i.SessionFactoryImpl$SessionBuilderImpl [SessionFactoryImpl.java:1298] Opening Hibernate Session.  tenant=null
2023-11-24 12:36:35,738 TRACE o.h.i.SessionImpl [SessionImpl.java:262] Opened Session [122603e0-09a9-488d-af27-94651648247e] at timestamp: 1700825795738
2023-11-24 12:36:35,738 TRACE o.h.i.SessionImpl [SessionImpl.java:402] Closing session [122603e0-09a9-488d-af27-94651648247e]
2023-11-24 12:36:35,738 TRACE o.h.e.j.i.JdbcCoordinatorImpl [JdbcCoordinatorImpl.java:152] Closing JDBC container [org.hibernate.engine.jdbc.internal.JdbcCoordinatorImpl@2b737de9]
2023-11-24 12:36:35,739 TRACE o.h.r.j.i.ResourceRegistryStandardImpl [ResourceRegistryStandardImpl.java:329] Releasing JDBC resources
2023-11-24 12:36:35,739 TRACE o.h.r.j.i.LogicalConnectionManagedImpl [LogicalConnectionManagedImpl.java:256] Closing logical connection
2023-11-24 12:36:35,739 TRACE o.h.r.j.i.LogicalConnectionManagedImpl [LogicalConnectionManagedImpl.java:263] Logical connection closed
2023-11-24 12:36:35,758 TRACE o.h.i.SessionFactoryImpl$SessionBuilderImpl [SessionFactoryImpl.java:1298] Opening Hibernate Session.  tenant=null
2023-11-24 12:36:35,759 TRACE o.h.i.SessionImpl [SessionImpl.java:262] Opened Session [76c93c89-f188-487d-a875-52eccaf004b4] at timestamp: 1700825795759
2023-11-24 12:36:35,760 DEBUG o.h.r.t.b.j.i.JdbcResourceLocalTransactionCoordinatorImpl [JdbcResourceLocalTransactionCoordinatorImpl.java:310] JDBC transaction marked for rollback-only (exception provided for stack trace)
java.lang.Exception: exception just for purpose of providing stack trace
	at org.hibernate.resource.transaction.backend.jdbc.internal.JdbcResourceLocalTransactionCoordinatorImpl$TransactionDriverControlImpl.markRollbackOnly(JdbcResourceLocalTransactionCoordinatorImpl.java:310)
	at org.hibernate.internal.AbstractSharedSessionContract.buildNamedQuery(AbstractSharedSessionContract.java:1021)
	at org.hibernate.internal.AbstractSharedSessionContract.createNamedQuery(AbstractSharedSessionContract.java:899)
	at org.hibernate.internal.AbstractSharedSessionContract.createNamedQuery(AbstractSharedSessionContract.java:120)
	at java.base/jdk.internal.reflect.NativeMethodAccessorImpl.invoke0(Native Method)
	at java.base/jdk.internal.reflect.NativeMethodAccessorImpl.invoke(NativeMethodAccessorImpl.java:77)
	at java.base/jdk.internal.reflect.DelegatingMethodAccessorImpl.invoke(DelegatingMethodAccessorImpl.java:43)
	at java.base/java.lang.reflect.Method.invoke(Method.java:568)
	at org.springframework.orm.jpa.ExtendedEntityManagerCreator$ExtendedEntityManagerInvocationHandler.invoke(ExtendedEntityManagerCreator.java:360)
	at jdk.proxy2/jdk.proxy2.$Proxy191.createNamedQuery(Unknown Source)
	at org.springframework.data.jpa.repository.query.NamedQuery.hasNamedQuery(NamedQuery.java:113)
	at org.springframework.data.jpa.repository.query.JpaQueryLookupStrategy$DeclaredQueryLookupStrategy.getCountQuery(JpaQueryLookupStrategy.java:204)
	at org.springframework.data.jpa.repository.query.JpaQueryLookupStrategy$DeclaredQueryLookupStrategy.resolveQuery(JpaQueryLookupStrategy.java:171)
	at org.springframework.data.jpa.repository.query.JpaQueryLookupStrategy$CreateIfNotFoundQueryLookupStrategy.resolveQuery(JpaQueryLookupStrategy.java:252)
	at org.springframework.data.jpa.repository.query.JpaQueryLookupStrategy$AbstractQueryLookupStrategy.resolveQuery(JpaQueryLookupStrategy.java:95)
	at org.springframework.data.repository.core.support.QueryExecutorMethodInterceptor.lookupQuery(QueryExecutorMethodInterceptor.java:111)
	at org.springframework.data.repository.core.support.QueryExecutorMethodInterceptor.mapMethodsToQuery(QueryExecutorMethodInterceptor.java:99)
	at org.springframework.data.repository.core.support.QueryExecutorMethodInterceptor.lambda$new$0(QueryExecutorMethodInterceptor.java:88)
	at java.base/java.util.Optional.map(Optional.java:260)
	at org.springframework.data.repository.core.support.QueryExecutorMethodInterceptor.<init>(QueryExecutorMethodInterceptor.java:88)
	at org.springframework.data.repository.core.support.RepositoryFactorySupport.getRepository(RepositoryFactorySupport.java:357)
	at org.springframework.data.repository.core.support.RepositoryFactoryBeanSupport.lambda$afterPropertiesSet$5(RepositoryFactoryBeanSupport.java:279)
	at org.springframework.data.util.Lazy.getNullable(Lazy.java:245)
	at org.springframework.data.util.Lazy.get(Lazy.java:114)
	at org.springframework.data.repository.core.support.RepositoryFactoryBeanSupport.afterPropertiesSet(RepositoryFactoryBeanSupport.java:285)
	at org.springframework.data.jpa.repository.support.JpaRepositoryFactoryBean.afterPropertiesSet(JpaRepositoryFactoryBean.java:132)
	at org.springframework.beans.factory.support.AbstractAutowireCapableBeanFactory.invokeInitMethods(AbstractAutowireCapableBeanFactory.java:1817)
	at org.springframework.beans.factory.support.AbstractAutowireCapableBeanFactory.initializeBean(AbstractAutowireCapableBeanFactory.java:1766)
	at org.springframework.beans.factory.support.AbstractAutowireCapableBeanFactory.doCreateBean(AbstractAutowireCapableBeanFactory.java:598)
	at org.springframework.beans.factory.support.AbstractAutowireCapableBeanFactory.createBean(AbstractAutowireCapableBeanFactory.java:520)
	at org.springframework.beans.factory.support.AbstractBeanFactory.lambda$doGetBean$0(AbstractBeanFactory.java:325)
	at org.springframework.beans.factory.support.DefaultSingletonBeanRegistry.getSingleton(DefaultSingletonBeanRegistry.java:234)
	at org.springframework.beans.factory.support.AbstractBeanFactory.doGetBean(AbstractBeanFactory.java:323)
	at org.springframework.beans.factory.support.AbstractBeanFactory.getBean(AbstractBeanFactory.java:199)
	at org.springframework.beans.factory.config.DependencyDescriptor.resolveCandidate(DependencyDescriptor.java:254)
	at org.springframework.beans.factory.support.DefaultListableBeanFactory.doResolveDependency(DefaultListableBeanFactory.java:1417)
	at org.springframework.beans.factory.support.DefaultListableBeanFactory.resolveDependency(DefaultListableBeanFactory.java:1337)
	at org.springframework.beans.factory.annotation.AutowiredAnnotationBeanPostProcessor$AutowiredFieldElement.resolveFieldValue(AutowiredAnnotationBeanPostProcessor.java:764)
	at org.springframework.beans.factory.annotation.AutowiredAnnotationBeanPostProcessor$AutowiredFieldElement.inject(AutowiredAnnotationBeanPostProcessor.java:747)
	at org.springframework.beans.factory.annotation.InjectionMetadata.inject(InjectionMetadata.java:145)
	at org.springframework.beans.factory.annotation.AutowiredAnnotationBeanPostProcessor.postProcessProperties(AutowiredAnnotationBeanPostProcessor.java:492)
	at org.springframework.beans.factory.support.AbstractAutowireCapableBeanFactory.populateBean(AbstractAutowireCapableBeanFactory.java:1416)
	at org.springframework.beans.factory.support.AbstractAutowireCapableBeanFactory.doCreateBean(AbstractAutowireCapableBeanFactory.java:597)
	at org.springframework.beans.factory.support.AbstractAutowireCapableBeanFactory.createBean(AbstractAutowireCapableBeanFactory.java:520)
	at org.springframework.beans.factory.support.AbstractBeanFactory.lambda$doGetBean$0(AbstractBeanFactory.java:325)
	at org.springframework.beans.factory.support.DefaultSingletonBeanRegistry.getSingleton(DefaultSingletonBeanRegistry.java:234)
	at org.springframework.beans.factory.support.AbstractBeanFactory.doGetBean(AbstractBeanFactory.java:323)
	at org.springframework.beans.factory.support.AbstractBeanFactory.getBean(AbstractBeanFactory.java:199)
	at org.springframework.beans.factory.config.DependencyDescriptor.resolveCandidate(DependencyDescriptor.java:254)
	at org.springframework.beans.factory.support.DefaultListableBeanFactory.doResolveDependency(DefaultListableBeanFactory.java:1417)
	at org.springframework.beans.factory.support.DefaultListableBeanFactory.resolveDependency(DefaultListableBeanFactory.java:1337)
	at org.springframework.beans.factory.annotation.AutowiredAnnotationBeanPostProcessor$AutowiredFieldElement.resolveFieldValue(AutowiredAnnotationBeanPostProcessor.java:764)
	at org.springframework.beans.factory.annotation.AutowiredAnnotationBeanPostProcessor$AutowiredFieldElement.inject(AutowiredAnnotationBeanPostProcessor.java:747)
	at org.springframework.beans.factory.annotation.InjectionMetadata.inject(InjectionMetadata.java:145)
	at org.springframework.beans.factory.annotation.AutowiredAnnotationBeanPostProcessor.postProcessProperties(AutowiredAnnotationBeanPostProcessor.java:492)
	at org.springframework.beans.factory.support.AbstractAutowireCapableBeanFactory.populateBean(AbstractAutowireCapableBeanFactory.java:1416)
	at org.springframework.beans.factory.support.AbstractAutowireCapableBeanFactory.doCreateBean(AbstractAutowireCapableBeanFactory.java:597)
	at org.springframework.beans.factory.support.AbstractAutowireCapableBeanFactory.createBean(AbstractAutowireCapableBeanFactory.java:520)
	at org.springframework.beans.factory.support.AbstractBeanFactory.lambda$doGetBean$0(AbstractBeanFactory.java:325)
	at org.springframework.beans.factory.support.DefaultSingletonBeanRegistry.getSingleton(DefaultSingletonBeanRegistry.java:234)
	at org.springframework.beans.factory.support.AbstractBeanFactory.doGetBean(AbstractBeanFactory.java:323)
	at org.springframework.beans.factory.support.AbstractBeanFactory.getBean(AbstractBeanFactory.java:199)
	at org.springframework.beans.factory.config.DependencyDescriptor.resolveCandidate(DependencyDescriptor.java:254)
	at org.springframework.beans.factory.support.DefaultListableBeanFactory.doResolveDependency(DefaultListableBeanFactory.java:1417)
	at org.springframework.beans.factory.support.DefaultListableBeanFactory.resolveDependency(DefaultListableBeanFactory.java:1337)
	at org.springframework.beans.factory.annotation.AutowiredAnnotationBeanPostProcessor$AutowiredFieldElement.resolveFieldValue(AutowiredAnnotationBeanPostProcessor.java:764)
	at org.springframework.beans.factory.annotation.AutowiredAnnotationBeanPostProcessor$AutowiredFieldElement.inject(AutowiredAnnotationBeanPostProcessor.java:747)
	at org.springframework.beans.factory.annotation.InjectionMetadata.inject(InjectionMetadata.java:145)
	at org.springframework.beans.factory.annotation.AutowiredAnnotationBeanPostProcessor.postProcessProperties(AutowiredAnnotationBeanPostProcessor.java:492)
	at org.springframework.beans.factory.support.AbstractAutowireCapableBeanFactory.populateBean(AbstractAutowireCapableBeanFactory.java:1416)
	at org.springframework.beans.factory.support.AbstractAutowireCapableBeanFactory.doCreateBean(AbstractAutowireCapableBeanFactory.java:597)
	at org.springframework.beans.factory.support.AbstractAutowireCapableBeanFactory.createBean(AbstractAutowireCapableBeanFactory.java:520)
	at org.springframework.beans.factory.support.AbstractBeanFactory.lambda$doGetBean$0(AbstractBeanFactory.java:325)
	at org.springframework.beans.factory.support.DefaultSingletonBeanRegistry.getSingleton(DefaultSingletonBeanRegistry.java:234)
	at org.springframework.beans.factory.support.AbstractBeanFactory.doGetBean(AbstractBeanFactory.java:323)
	at org.springframework.beans.factory.support.AbstractBeanFactory.getBean(AbstractBeanFactory.java:199)
	at org.springframework.beans.factory.support.DefaultListableBeanFactory.preInstantiateSingletons(DefaultListableBeanFactory.java:973)
	at org.springframework.context.support.AbstractApplicationContext.finishBeanFactoryInitialization(AbstractApplicationContext.java:950)
	at org.springframework.context.support.AbstractApplicationContext.refresh(AbstractApplicationContext.java:616)
	at org.springframework.boot.web.servlet.context.ServletWebServerApplicationContext.refresh(ServletWebServerApplicationContext.java:146)
	at org.springframework.boot.SpringApplication.refresh(SpringApplication.java:738)
	at org.springframework.boot.SpringApplication.refreshContext(SpringApplication.java:440)
	at org.springframework.boot.SpringApplication.run(SpringApplication.java:316)
	at org.springframework.boot.test.context.SpringBootContextLoader.lambda$loadContext$3(SpringBootContextLoader.java:137)
	at org.springframework.util.function.ThrowingSupplier.get(ThrowingSupplier.java:58)
	at org.springframework.util.function.ThrowingSupplier.get(ThrowingSupplier.java:46)
	at org.springframework.boot.SpringApplication.withHook(SpringApplication.java:1406)
	at org.springframework.boot.test.context.SpringBootContextLoader$ContextLoaderHook.run(SpringBootContextLoader.java:545)
	at org.springframework.boot.test.context.SpringBootContextLoader.loadContext(SpringBootContextLoader.java:137)
	at org.springframework.boot.test.context.SpringBootContextLoader.loadContext(SpringBootContextLoader.java:108)
	at org.springframework.test.context.cache.DefaultCacheAwareContextLoaderDelegate.loadContextInternal(DefaultCacheAwareContextLoaderDelegate.java:187)
	at org.springframework.test.context.cache.DefaultCacheAwareContextLoaderDelegate.loadContext(DefaultCacheAwareContextLoaderDelegate.java:119)
	at org.springframework.test.context.support.DefaultTestContext.getApplicationContext(DefaultTestContext.java:127)
	at org.springframework.test.context.support.DependencyInjectionTestExecutionListener.injectDependencies(DependencyInjectionTestExecutionListener.java:141)
	at org.springframework.test.context.support.DependencyInjectionTestExecutionListener.prepareTestInstance(DependencyInjectionTestExecutionListener.java:97)
	at org.springframework.test.context.TestContextManager.prepareTestInstance(TestContextManager.java:241)
	at org.springframework.test.context.junit.jupiter.SpringExtension.postProcessTestInstance(SpringExtension.java:138)
	at org.junit.jupiter.engine.descriptor.ClassBasedTestDescriptor.lambda$invokeTestInstancePostProcessors$10(ClassBasedTestDescriptor.java:377)
	at org.junit.jupiter.engine.descriptor.ClassBasedTestDescriptor.executeAndMaskThrowable(ClassBasedTestDescriptor.java:382)
	at org.junit.jupiter.engine.descriptor.ClassBasedTestDescriptor.lambda$invokeTestInstancePostProcessors$11(ClassBasedTestDescriptor.java:377)
	at java.base/java.util.stream.ReferencePipeline$3$1.accept(ReferencePipeline.java:197)
	at java.base/java.util.stream.ReferencePipeline$2$1.accept(ReferencePipeline.java:179)
	at java.base/java.util.ArrayList$ArrayListSpliterator.forEachRemaining(ArrayList.java:1625)
	at java.base/java.util.stream.AbstractPipeline.copyInto(AbstractPipeline.java:509)
	at java.base/java.util.stream.AbstractPipeline.wrapAndCopyInto(AbstractPipeline.java:499)
	at java.base/java.util.stream.StreamSpliterators$WrappingSpliterator.forEachRemaining(StreamSpliterators.java:310)
	at java.base/java.util.stream.Streams$ConcatSpliterator.forEachRemaining(Streams.java:735)
	at java.base/java.util.stream.Streams$ConcatSpliterator.forEachRemaining(Streams.java:734)
	at java.base/java.util.stream.ReferencePipeline$Head.forEach(ReferencePipeline.java:762)
	at org.junit.jupiter.engine.descriptor.ClassBasedTestDescriptor.invokeTestInstancePostProcessors(ClassBasedTestDescriptor.java:376)
	at org.junit.jupiter.engine.descriptor.ClassBasedTestDescriptor.lambda$instantiateAndPostProcessTestInstance$6(ClassBasedTestDescriptor.java:289)
	at org.junit.platform.engine.support.hierarchical.ThrowableCollector.execute(ThrowableCollector.java:73)
	at org.junit.jupiter.engine.descriptor.ClassBasedTestDescriptor.instantiateAndPostProcessTestInstance(ClassBasedTestDescriptor.java:288)
	at org.junit.jupiter.engine.descriptor.ClassBasedTestDescriptor.lambda$testInstancesProvider$4(ClassBasedTestDescriptor.java:278)
	at java.base/java.util.Optional.orElseGet(Optional.java:364)
	at org.junit.jupiter.engine.descriptor.ClassBasedTestDescriptor.lambda$testInstancesProvider$5(ClassBasedTestDescriptor.java:277)
	at org.junit.jupiter.engine.execution.TestInstancesProvider.getTestInstances(TestInstancesProvider.java:31)
	at org.junit.jupiter.engine.descriptor.TestMethodTestDescriptor.lambda$prepare$0(TestMethodTestDescriptor.java:105)
	at org.junit.platform.engine.support.hierarchical.ThrowableCollector.execute(ThrowableCollector.java:73)
	at org.junit.jupiter.engine.descriptor.TestMethodTestDescriptor.prepare(TestMethodTestDescriptor.java:104)
	at org.junit.jupiter.engine.descriptor.TestMethodTestDescriptor.prepare(TestMethodTestDescriptor.java:68)
	at org.junit.platform.engine.support.hierarchical.NodeTestTask.lambda$prepare$2(NodeTestTask.java:123)
	at org.junit.platform.engine.support.hierarchical.ThrowableCollector.execute(ThrowableCollector.java:73)
	at org.junit.platform.engine.support.hierarchical.NodeTestTask.prepare(NodeTestTask.java:123)
	at org.junit.platform.engine.support.hierarchical.NodeTestTask.execute(NodeTestTask.java:90)
	at java.base/java.util.ArrayList.forEach(ArrayList.java:1511)
	at org.junit.platform.engine.support.hierarchical.SameThreadHierarchicalTestExecutorService.invokeAll(SameThreadHierarchicalTestExecutorService.java:41)
	at org.junit.platform.engine.support.hierarchical.NodeTestTask.lambda$executeRecursively$6(NodeTestTask.java:155)
	at org.junit.platform.engine.support.hierarchical.ThrowableCollector.execute(ThrowableCollector.java:73)
	at org.junit.platform.engine.support.hierarchical.NodeTestTask.lambda$executeRecursively$8(NodeTestTask.java:141)
	at org.junit.platform.engine.support.hierarchical.Node.around(Node.java:137)
	at org.junit.platform.engine.support.hierarchical.NodeTestTask.lambda$executeRecursively$9(NodeTestTask.java:139)
	at org.junit.platform.engine.support.hierarchical.ThrowableCollector.execute(ThrowableCollector.java:73)
	at org.junit.platform.engine.support.hierarchical.NodeTestTask.executeRecursively(NodeTestTask.java:138)
	at org.junit.platform.engine.support.hierarchical.NodeTestTask.execute(NodeTestTask.java:95)
	at java.base/java.util.ArrayList.forEach(ArrayList.java:1511)
	at org.junit.platform.engine.support.hierarchical.SameThreadHierarchicalTestExecutorService.invokeAll(SameThreadHierarchicalTestExecutorService.java:41)
	at org.junit.platform.engine.support.hierarchical.NodeTestTask.lambda$executeRecursively$6(NodeTestTask.java:155)
	at org.junit.platform.engine.support.hierarchical.ThrowableCollector.execute(ThrowableCollector.java:73)
	at org.junit.platform.engine.support.hierarchical.NodeTestTask.lambda$executeRecursively$8(NodeTestTask.java:141)
	at org.junit.platform.engine.support.hierarchical.Node.around(Node.java:137)
	at org.junit.platform.engine.support.hierarchical.NodeTestTask.lambda$executeRecursively$9(NodeTestTask.java:139)
	at org.junit.platform.engine.support.hierarchical.ThrowableCollector.execute(ThrowableCollector.java:73)
	at org.junit.platform.engine.support.hierarchical.NodeTestTask.executeRecursively(NodeTestTask.java:138)
	at org.junit.platform.engine.support.hierarchical.NodeTestTask.execute(NodeTestTask.java:95)
	at org.junit.platform.engine.support.hierarchical.SameThreadHierarchicalTestExecutorService.submit(SameThreadHierarchicalTestExecutorService.java:35)
	at org.junit.platform.engine.support.hierarchical.HierarchicalTestExecutor.execute(HierarchicalTestExecutor.java:57)
	at org.junit.platform.engine.support.hierarchical.HierarchicalTestEngine.execute(HierarchicalTestEngine.java:54)
	at org.junit.platform.launcher.core.EngineExecutionOrchestrator.execute(EngineExecutionOrchestrator.java:147)
	at org.junit.platform.launcher.core.EngineExecutionOrchestrator.execute(EngineExecutionOrchestrator.java:127)
	at org.junit.platform.launcher.core.EngineExecutionOrchestrator.execute(EngineExecutionOrchestrator.java:90)
	at org.junit.platform.launcher.core.EngineExecutionOrchestrator.lambda$execute$0(EngineExecutionOrchestrator.java:55)
	at org.junit.platform.launcher.core.EngineExecutionOrchestrator.withInterceptedStreams(EngineExecutionOrchestrator.java:102)
	at org.junit.platform.launcher.core.EngineExecutionOrchestrator.execute(EngineExecutionOrchestrator.java:54)
	at org.junit.platform.launcher.core.DefaultLauncher.execute(DefaultLauncher.java:114)
	at org.junit.platform.launcher.core.DefaultLauncher.execute(DefaultLauncher.java:86)
	at org.junit.platform.launcher.core.DefaultLauncherSession$DelegatingLauncher.execute(DefaultLauncherSession.java:86)
	at org.apache.maven.surefire.junitplatform.LazyLauncher.execute(LazyLauncher.java:50)
	at org.apache.maven.surefire.junitplatform.JUnitPlatformProvider.execute(JUnitPlatformProvider.java:184)
	at org.apache.maven.surefire.junitplatform.JUnitPlatformProvider.invokeAllTests(JUnitPlatformProvider.java:148)
	at org.apache.maven.surefire.junitplatform.JUnitPlatformProvider.invoke(JUnitPlatformProvider.java:122)
	at org.apache.maven.surefire.booter.ForkedBooter.runSuitesInProcess(ForkedBooter.java:385)
	at org.apache.maven.surefire.booter.ForkedBooter.execute(ForkedBooter.java:162)
	at org.apache.maven.surefire.booter.ForkedBooter.run(ForkedBooter.java:507)
	at org.apache.maven.surefire.booter.ForkedBooter.main(ForkedBooter.java:495)
2023-11-24 12:36:35,761 TRACE o.h.i.SessionImpl [SessionImpl.java:402] Closing session [76c93c89-f188-487d-a875-52eccaf004b4]
2023-11-24 12:36:35,761 TRACE o.h.e.j.i.JdbcCoordinatorImpl [JdbcCoordinatorImpl.java:152] Closing JDBC container [org.hibernate.engine.jdbc.internal.JdbcCoordinatorImpl@9270591]
2023-11-24 12:36:35,761 TRACE o.h.r.j.i.ResourceRegistryStandardImpl [ResourceRegistryStandardImpl.java:329] Releasing JDBC resources
2023-11-24 12:36:35,762 TRACE o.h.r.j.i.LogicalConnectionManagedImpl [LogicalConnectionManagedImpl.java:256] Closing logical connection
2023-11-24 12:36:35,762 TRACE o.h.r.j.i.LogicalConnectionManagedImpl [LogicalConnectionManagedImpl.java:263] Logical connection closed
2023-11-24 12:36:35,762 TRACE o.h.i.SessionFactoryImpl$SessionBuilderImpl [SessionFactoryImpl.java:1298] Opening Hibernate Session.  tenant=null
2023-11-24 12:36:35,763 TRACE o.h.i.SessionImpl [SessionImpl.java:262] Opened Session [36f76c3f-6952-4842-b361-f643856cba4f] at timestamp: 1700825795763
2023-11-24 12:36:35,763 TRACE o.h.i.SessionImpl [SessionImpl.java:402] Closing session [36f76c3f-6952-4842-b361-f643856cba4f]
2023-11-24 12:36:35,763 TRACE o.h.e.j.i.JdbcCoordinatorImpl [JdbcCoordinatorImpl.java:152] Closing JDBC container [org.hibernate.engine.jdbc.internal.JdbcCoordinatorImpl@12145061]
2023-11-24 12:36:35,764 TRACE o.h.r.j.i.ResourceRegistryStandardImpl [ResourceRegistryStandardImpl.java:329] Releasing JDBC resources
2023-11-24 12:36:35,764 TRACE o.h.r.j.i.LogicalConnectionManagedImpl [LogicalConnectionManagedImpl.java:256] Closing logical connection
2023-11-24 12:36:35,764 TRACE o.h.r.j.i.LogicalConnectionManagedImpl [LogicalConnectionManagedImpl.java:263] Logical connection closed
2023-11-24 12:36:35,769 TRACE o.h.i.SessionFactoryImpl$SessionBuilderImpl [SessionFactoryImpl.java:1298] Opening Hibernate Session.  tenant=null
2023-11-24 12:36:35,770 TRACE o.h.i.SessionImpl [SessionImpl.java:262] Opened Session [77c6737d-bd65-4bd7-a886-0011b0b668ae] at timestamp: 1700825795770
2023-11-24 12:36:35,770 TRACE o.h.o.q.p.cache [QueryInterpretationCacheStandardImpl.java:121] QueryPlan#resolveHqlInterpretation( `UPDATE CoursePage c SET c.title = :title, c.bodyText = :bodyText, c.fileName = :fileName, c.code = :code, c.opened_by = :openedBy, c.created_datetime = :createdDatetime, c.statusOpen = :statusOpen WHERE c.id = :id` )
2023-11-24 12:36:35,771 DEBUG o.h.o.q.hql [StandardHqlTranslator.java:75] HQL : UPDATE CoursePage c SET c.title = :title, c.bodyText = :bodyText, c.fileName = :fileName, c.code = :code, c.opened_by = :openedBy, c.created_datetime = :createdDatetime, c.statusOpen = :statusOpen WHERE c.id = :id
2023-11-24 12:36:35,831 DEBUG o.h.o.q.h.reservedWordAsIdentifier [HqlParseTreeBuilder.java:43] Encountered use of reserved word as identifier : =
2023-11-24 12:36:35,832 DEBUG o.h.o.q.h.reservedWordAsIdentifier [HqlParseTreeBuilder.java:43] Encountered use of reserved word as identifier : <EOF>
2023-11-24 12:36:35,832 TRACE o.h.o.q.s.creation [SqmPathRegistryImpl.java:59] SqmProcessingIndex#register(SqmPath) : franco.maurizio.hr.desk.com.persistence.entity.CoursePage(c)
2023-11-24 12:36:35,832 TRACE o.h.o.q.hql [BasicDotIdentifierConsumer.java:83] BasicDotIdentifierHandler#consumeIdentifier( c, true, false ) - c
2023-11-24 12:36:35,833 TRACE o.h.o.q.hql [BasicDotIdentifierConsumer.java:118] BaseLocalSequencePart#consumeIdentifier( c, true, false ) - c
2023-11-24 12:36:35,833 TRACE o.h.o.q.hql [BasicDotIdentifierConsumer.java:83] BasicDotIdentifierHandler#consumeIdentifier( title, false, true ) - c.title
2023-11-24 12:36:35,833 TRACE o.h.o.q.hql [DomainPathPart.java:37] Resolving DomainPathPart(franco.maurizio.hr.desk.com.persistence.entity.CoursePage as c) sub-part : title
2023-11-24 12:36:35,834 TRACE o.h.o.q.s.creation [SqmPathRegistryImpl.java:59] SqmProcessingIndex#register(SqmPath) : franco.maurizio.hr.desk.com.persistence.entity.CoursePage(c).title
2023-11-24 12:36:35,834 DEBUG o.h.o.q.s.creation [AbstractSqmExpression.java:57] Applying inferable type to SqmExpression [SqmNamedParameter(title)] : null -> BasicSqmPathSource(title : String)
2023-11-24 12:36:35,834 TRACE o.h.o.q.hql [BasicDotIdentifierConsumer.java:83] BasicDotIdentifierHandler#consumeIdentifier( c, true, false ) - c
2023-11-24 12:36:35,834 TRACE o.h.o.q.hql [BasicDotIdentifierConsumer.java:118] BaseLocalSequencePart#consumeIdentifier( c, true, false ) - c
2023-11-24 12:36:35,835 TRACE o.h.o.q.hql [BasicDotIdentifierConsumer.java:83] BasicDotIdentifierHandler#consumeIdentifier( bodyText, false, true ) - c.bodyText
2023-11-24 12:36:35,835 TRACE o.h.o.q.hql [DomainPathPart.java:37] Resolving DomainPathPart(franco.maurizio.hr.desk.com.persistence.entity.CoursePage as c) sub-part : bodyText
2023-11-24 12:36:35,835 TRACE o.h.o.q.s.creation [SqmPathRegistryImpl.java:59] SqmProcessingIndex#register(SqmPath) : franco.maurizio.hr.desk.com.persistence.entity.CoursePage(c).bodyText
2023-11-24 12:36:35,836 DEBUG o.h.o.q.s.creation [AbstractSqmExpression.java:57] Applying inferable type to SqmExpression [SqmNamedParameter(bodyText)] : null -> BasicSqmPathSource(bodyText : String)
2023-11-24 12:36:35,836 TRACE o.h.o.q.hql [BasicDotIdentifierConsumer.java:83] BasicDotIdentifierHandler#consumeIdentifier( c, true, false ) - c
2023-11-24 12:36:35,836 TRACE o.h.o.q.hql [BasicDotIdentifierConsumer.java:118] BaseLocalSequencePart#consumeIdentifier( c, true, false ) - c
2023-11-24 12:36:35,837 TRACE o.h.o.q.hql [BasicDotIdentifierConsumer.java:83] BasicDotIdentifierHandler#consumeIdentifier( fileName, false, true ) - c.fileName
2023-11-24 12:36:35,837 TRACE o.h.o.q.hql [DomainPathPart.java:37] Resolving DomainPathPart(franco.maurizio.hr.desk.com.persistence.entity.CoursePage as c) sub-part : fileName
2023-11-24 12:36:35,837 TRACE o.h.o.q.s.creation [SqmPathRegistryImpl.java:59] SqmProcessingIndex#register(SqmPath) : franco.maurizio.hr.desk.com.persistence.entity.CoursePage(c).fileName
2023-11-24 12:36:35,838 DEBUG o.h.o.q.s.creation [AbstractSqmExpression.java:57] Applying inferable type to SqmExpression [SqmNamedParameter(fileName)] : null -> BasicSqmPathSource(fileName : String)
2023-11-24 12:36:35,838 TRACE o.h.o.q.hql [BasicDotIdentifierConsumer.java:83] BasicDotIdentifierHandler#consumeIdentifier( c, true, false ) - c
2023-11-24 12:36:35,838 TRACE o.h.o.q.hql [BasicDotIdentifierConsumer.java:118] BaseLocalSequencePart#consumeIdentifier( c, true, false ) - c
2023-11-24 12:36:35,839 TRACE o.h.o.q.hql [BasicDotIdentifierConsumer.java:83] BasicDotIdentifierHandler#consumeIdentifier( code, false, true ) - c.code
2023-11-24 12:36:35,839 TRACE o.h.o.q.hql [DomainPathPart.java:37] Resolving DomainPathPart(franco.maurizio.hr.desk.com.persistence.entity.CoursePage as c) sub-part : code
2023-11-24 12:36:35,839 TRACE o.h.o.q.s.creation [SqmPathRegistryImpl.java:59] SqmProcessingIndex#register(SqmPath) : franco.maurizio.hr.desk.com.persistence.entity.CoursePage(c).code
2023-11-24 12:36:35,840 DEBUG o.h.o.q.s.creation [AbstractSqmExpression.java:57] Applying inferable type to SqmExpression [SqmNamedParameter(code)] : null -> BasicSqmPathSource(code : String)
2023-11-24 12:36:35,840 TRACE o.h.o.q.hql [BasicDotIdentifierConsumer.java:83] BasicDotIdentifierHandler#consumeIdentifier( c, true, false ) - c
2023-11-24 12:36:35,840 TRACE o.h.o.q.hql [BasicDotIdentifierConsumer.java:118] BaseLocalSequencePart#consumeIdentifier( c, true, false ) - c
2023-11-24 12:36:35,840 TRACE o.h.o.q.hql [BasicDotIdentifierConsumer.java:83] BasicDotIdentifierHandler#consumeIdentifier( opened_by, false, true ) - c.opened_by
2023-11-24 12:36:35,841 TRACE o.h.o.q.hql [DomainPathPart.java:37] Resolving DomainPathPart(franco.maurizio.hr.desk.com.persistence.entity.CoursePage as c) sub-part : opened_by
2023-11-24 12:36:35,841 TRACE o.h.o.q.s.creation [SqmPathRegistryImpl.java:59] SqmProcessingIndex#register(SqmPath) : franco.maurizio.hr.desk.com.persistence.entity.CoursePage(c).opened_by
2023-11-24 12:36:35,841 DEBUG o.h.o.q.s.creation [AbstractSqmExpression.java:57] Applying inferable type to SqmExpression [SqmNamedParameter(openedBy)] : null -> BasicSqmPathSource(opened_by : Long)
2023-11-24 12:36:35,842 TRACE o.h.o.q.hql [BasicDotIdentifierConsumer.java:83] BasicDotIdentifierHandler#consumeIdentifier( c, true, false ) - c
2023-11-24 12:36:35,842 TRACE o.h.o.q.hql [BasicDotIdentifierConsumer.java:118] BaseLocalSequencePart#consumeIdentifier( c, true, false ) - c
2023-11-24 12:36:35,842 TRACE o.h.o.q.hql [BasicDotIdentifierConsumer.java:83] BasicDotIdentifierHandler#consumeIdentifier( created_datetime, false, true ) - c.created_datetime
2023-11-24 12:36:35,842 TRACE o.h.o.q.hql [DomainPathPart.java:37] Resolving DomainPathPart(franco.maurizio.hr.desk.com.persistence.entity.CoursePage as c) sub-part : created_datetime
2023-11-24 12:36:35,843 TRACE o.h.o.q.s.creation [SqmPathRegistryImpl.java:59] SqmProcessingIndex#register(SqmPath) : franco.maurizio.hr.desk.com.persistence.entity.CoursePage(c).created_datetime
2023-11-24 12:36:35,843 DEBUG o.h.o.q.s.creation [AbstractSqmExpression.java:57] Applying inferable type to SqmExpression [SqmNamedParameter(createdDatetime)] : null -> BasicSqmPathSource(created_datetime : LocalDateTime)
2023-11-24 12:36:35,843 TRACE o.h.o.q.hql [BasicDotIdentifierConsumer.java:83] BasicDotIdentifierHandler#consumeIdentifier( c, true, false ) - c
2023-11-24 12:36:35,844 TRACE o.h.o.q.hql [BasicDotIdentifierConsumer.java:118] BaseLocalSequencePart#consumeIdentifier( c, true, false ) - c
2023-11-24 12:36:35,844 TRACE o.h.o.q.hql [BasicDotIdentifierConsumer.java:83] BasicDotIdentifierHandler#consumeIdentifier( statusOpen, false, true ) - c.statusOpen
2023-11-24 12:36:35,844 TRACE o.h.o.q.hql [DomainPathPart.java:37] Resolving DomainPathPart(franco.maurizio.hr.desk.com.persistence.entity.CoursePage as c) sub-part : statusOpen
2023-11-24 12:36:35,845 TRACE o.h.o.q.s.creation [SqmPathRegistryImpl.java:59] SqmProcessingIndex#register(SqmPath) : franco.maurizio.hr.desk.com.persistence.entity.CoursePage(c).statusOpen
2023-11-24 12:36:35,845 DEBUG o.h.o.q.s.creation [AbstractSqmExpression.java:57] Applying inferable type to SqmExpression [SqmNamedParameter(statusOpen)] : null -> BasicSqmPathSource(statusOpen : Boolean)
2023-11-24 12:36:35,845 TRACE o.h.o.q.hql [BasicDotIdentifierConsumer.java:83] BasicDotIdentifierHandler#consumeIdentifier( c, true, false ) - c
2023-11-24 12:36:35,846 TRACE o.h.o.q.hql [BasicDotIdentifierConsumer.java:118] BaseLocalSequencePart#consumeIdentifier( c, true, false ) - c
2023-11-24 12:36:35,846 TRACE o.h.o.q.hql [BasicDotIdentifierConsumer.java:83] BasicDotIdentifierHandler#consumeIdentifier( id, false, true ) - c.id
2023-11-24 12:36:35,846 TRACE o.h.o.q.hql [DomainPathPart.java:37] Resolving DomainPathPart(franco.maurizio.hr.desk.com.persistence.entity.CoursePage as c) sub-part : id
2023-11-24 12:36:35,847 TRACE o.h.o.q.s.creation [SqmPathRegistryImpl.java:59] SqmProcessingIndex#register(SqmPath) : franco.maurizio.hr.desk.com.persistence.entity.CoursePage(c).id
2023-11-24 12:36:35,847 DEBUG o.h.o.q.s.creation [AbstractSqmExpression.java:57] Applying inferable type to SqmExpression [SqmNamedParameter(id)] : null -> BasicSqmPathSource(id : Long)
2023-11-24 12:36:35,848 DEBUG o.h.o.q.s.ast [SqmTreePrinter.java:168] SqmStatement Tree :
    -> [update]
      [target = franco.maurizio.hr.desk.com.persistence.entity.CoursePage(c)]
      -> [set]
        -> [assignment]
          =
            [franco.maurizio.hr.desk.com.persistence.entity.CoursePage(c).title]
            :title
        <- [assignment]
        -> [assignment]
          =
            [franco.maurizio.hr.desk.com.persistence.entity.CoursePage(c).bodyText]
            :bodyText
        <- [assignment]
        -> [assignment]
          =
            [franco.maurizio.hr.desk.com.persistence.entity.CoursePage(c).fileName]
            :fileName
        <- [assignment]
        -> [assignment]
          =
            [franco.maurizio.hr.desk.com.persistence.entity.CoursePage(c).code]
            :code
        <- [assignment]
        -> [assignment]
          =
            [franco.maurizio.hr.desk.com.persistence.entity.CoursePage(c).opened_by]
            :openedBy
        <- [assignment]
        -> [assignment]
          =
            [franco.maurizio.hr.desk.com.persistence.entity.CoursePage(c).created_datetime]
            :createdDatetime
        <- [assignment]
        -> [assignment]
          =
            [franco.maurizio.hr.desk.com.persistence.entity.CoursePage(c).statusOpen]
            :statusOpen
        <- [assignment]
      <- [set]
      -> [where]
        -> [EQUAL]
            -> [basic-path] - `franco.maurizio.hr.desk.com.persistence.entity.CoursePage(c).id`
            :id
        <- [EQUAL]
      <- [where]
    <- [update]

2023-11-24 12:36:35,848 TRACE o.h.i.SessionImpl [SessionImpl.java:402] Closing session [77c6737d-bd65-4bd7-a886-0011b0b668ae]
2023-11-24 12:36:35,849 TRACE o.h.e.j.i.JdbcCoordinatorImpl [JdbcCoordinatorImpl.java:152] Closing JDBC container [org.hibernate.engine.jdbc.internal.JdbcCoordinatorImpl@113240de]
2023-11-24 12:36:35,849 TRACE o.h.r.j.i.ResourceRegistryStandardImpl [ResourceRegistryStandardImpl.java:329] Releasing JDBC resources
2023-11-24 12:36:35,849 TRACE o.h.r.j.i.LogicalConnectionManagedImpl [LogicalConnectionManagedImpl.java:256] Closing logical connection
2023-11-24 12:36:35,849 TRACE o.h.r.j.i.LogicalConnectionManagedImpl [LogicalConnectionManagedImpl.java:263] Logical connection closed
2023-11-24 12:36:35,850 TRACE o.h.i.SessionFactoryImpl$SessionBuilderImpl [SessionFactoryImpl.java:1298] Opening Hibernate Session.  tenant=null
2023-11-24 12:36:35,851 TRACE o.h.i.SessionImpl [SessionImpl.java:262] Opened Session [97283dac-14a9-411d-a722-269d21d7d4a5] at timestamp: 1700825795851
2023-11-24 12:36:35,851 DEBUG o.h.r.t.b.j.i.JdbcResourceLocalTransactionCoordinatorImpl [JdbcResourceLocalTransactionCoordinatorImpl.java:310] JDBC transaction marked for rollback-only (exception provided for stack trace)
java.lang.Exception: exception just for purpose of providing stack trace
	at org.hibernate.resource.transaction.backend.jdbc.internal.JdbcResourceLocalTransactionCoordinatorImpl$TransactionDriverControlImpl.markRollbackOnly(JdbcResourceLocalTransactionCoordinatorImpl.java:310)
	at org.hibernate.internal.AbstractSharedSessionContract.buildNamedQuery(AbstractSharedSessionContract.java:1021)
	at org.hibernate.internal.AbstractSharedSessionContract.createNamedQuery(AbstractSharedSessionContract.java:899)
	at org.hibernate.internal.AbstractSharedSessionContract.createNamedQuery(AbstractSharedSessionContract.java:120)
	at java.base/jdk.internal.reflect.NativeMethodAccessorImpl.invoke0(Native Method)
	at java.base/jdk.internal.reflect.NativeMethodAccessorImpl.invoke(NativeMethodAccessorImpl.java:77)
	at java.base/jdk.internal.reflect.DelegatingMethodAccessorImpl.invoke(DelegatingMethodAccessorImpl.java:43)
	at java.base/java.lang.reflect.Method.invoke(Method.java:568)
	at org.springframework.orm.jpa.ExtendedEntityManagerCreator$ExtendedEntityManagerInvocationHandler.invoke(ExtendedEntityManagerCreator.java:360)
	at jdk.proxy2/jdk.proxy2.$Proxy191.createNamedQuery(Unknown Source)
	at org.springframework.data.jpa.repository.query.NamedQuery.hasNamedQuery(NamedQuery.java:113)
	at org.springframework.data.jpa.repository.query.NamedQuery.lookupFrom(NamedQuery.java:141)
	at org.springframework.data.jpa.repository.query.JpaQueryLookupStrategy$DeclaredQueryLookupStrategy.resolveQuery(JpaQueryLookupStrategy.java:180)
	at org.springframework.data.jpa.repository.query.JpaQueryLookupStrategy$CreateIfNotFoundQueryLookupStrategy.resolveQuery(JpaQueryLookupStrategy.java:252)
	at org.springframework.data.jpa.repository.query.JpaQueryLookupStrategy$AbstractQueryLookupStrategy.resolveQuery(JpaQueryLookupStrategy.java:95)
	at org.springframework.data.repository.core.support.QueryExecutorMethodInterceptor.lookupQuery(QueryExecutorMethodInterceptor.java:111)
	at org.springframework.data.repository.core.support.QueryExecutorMethodInterceptor.mapMethodsToQuery(QueryExecutorMethodInterceptor.java:99)
	at org.springframework.data.repository.core.support.QueryExecutorMethodInterceptor.lambda$new$0(QueryExecutorMethodInterceptor.java:88)
	at java.base/java.util.Optional.map(Optional.java:260)
	at org.springframework.data.repository.core.support.QueryExecutorMethodInterceptor.<init>(QueryExecutorMethodInterceptor.java:88)
	at org.springframework.data.repository.core.support.RepositoryFactorySupport.getRepository(RepositoryFactorySupport.java:357)
	at org.springframework.data.repository.core.support.RepositoryFactoryBeanSupport.lambda$afterPropertiesSet$5(RepositoryFactoryBeanSupport.java:279)
	at org.springframework.data.util.Lazy.getNullable(Lazy.java:245)
	at org.springframework.data.util.Lazy.get(Lazy.java:114)
	at org.springframework.data.repository.core.support.RepositoryFactoryBeanSupport.afterPropertiesSet(RepositoryFactoryBeanSupport.java:285)
	at org.springframework.data.jpa.repository.support.JpaRepositoryFactoryBean.afterPropertiesSet(JpaRepositoryFactoryBean.java:132)
	at org.springframework.beans.factory.support.AbstractAutowireCapableBeanFactory.invokeInitMethods(AbstractAutowireCapableBeanFactory.java:1817)
	at org.springframework.beans.factory.support.AbstractAutowireCapableBeanFactory.initializeBean(AbstractAutowireCapableBeanFactory.java:1766)
	at org.springframework.beans.factory.support.AbstractAutowireCapableBeanFactory.doCreateBean(AbstractAutowireCapableBeanFactory.java:598)
	at org.springframework.beans.factory.support.AbstractAutowireCapableBeanFactory.createBean(AbstractAutowireCapableBeanFactory.java:520)
	at org.springframework.beans.factory.support.AbstractBeanFactory.lambda$doGetBean$0(AbstractBeanFactory.java:325)
	at org.springframework.beans.factory.support.DefaultSingletonBeanRegistry.getSingleton(DefaultSingletonBeanRegistry.java:234)
	at org.springframework.beans.factory.support.AbstractBeanFactory.doGetBean(AbstractBeanFactory.java:323)
	at org.springframework.beans.factory.support.AbstractBeanFactory.getBean(AbstractBeanFactory.java:199)
	at org.springframework.beans.factory.config.DependencyDescriptor.resolveCandidate(DependencyDescriptor.java:254)
	at org.springframework.beans.factory.support.DefaultListableBeanFactory.doResolveDependency(DefaultListableBeanFactory.java:1417)
	at org.springframework.beans.factory.support.DefaultListableBeanFactory.resolveDependency(DefaultListableBeanFactory.java:1337)
	at org.springframework.beans.factory.annotation.AutowiredAnnotationBeanPostProcessor$AutowiredFieldElement.resolveFieldValue(AutowiredAnnotationBeanPostProcessor.java:764)
	at org.springframework.beans.factory.annotation.AutowiredAnnotationBeanPostProcessor$AutowiredFieldElement.inject(AutowiredAnnotationBeanPostProcessor.java:747)
	at org.springframework.beans.factory.annotation.InjectionMetadata.inject(InjectionMetadata.java:145)
	at org.springframework.beans.factory.annotation.AutowiredAnnotationBeanPostProcessor.postProcessProperties(AutowiredAnnotationBeanPostProcessor.java:492)
	at org.springframework.beans.factory.support.AbstractAutowireCapableBeanFactory.populateBean(AbstractAutowireCapableBeanFactory.java:1416)
	at org.springframework.beans.factory.support.AbstractAutowireCapableBeanFactory.doCreateBean(AbstractAutowireCapableBeanFactory.java:597)
	at org.springframework.beans.factory.support.AbstractAutowireCapableBeanFactory.createBean(AbstractAutowireCapableBeanFactory.java:520)
	at org.springframework.beans.factory.support.AbstractBeanFactory.lambda$doGetBean$0(AbstractBeanFactory.java:325)
	at org.springframework.beans.factory.support.DefaultSingletonBeanRegistry.getSingleton(DefaultSingletonBeanRegistry.java:234)
	at org.springframework.beans.factory.support.AbstractBeanFactory.doGetBean(AbstractBeanFactory.java:323)
	at org.springframework.beans.factory.support.AbstractBeanFactory.getBean(AbstractBeanFactory.java:199)
	at org.springframework.beans.factory.config.DependencyDescriptor.resolveCandidate(DependencyDescriptor.java:254)
	at org.springframework.beans.factory.support.DefaultListableBeanFactory.doResolveDependency(DefaultListableBeanFactory.java:1417)
	at org.springframework.beans.factory.support.DefaultListableBeanFactory.resolveDependency(DefaultListableBeanFactory.java:1337)
	at org.springframework.beans.factory.annotation.AutowiredAnnotationBeanPostProcessor$AutowiredFieldElement.resolveFieldValue(AutowiredAnnotationBeanPostProcessor.java:764)
	at org.springframework.beans.factory.annotation.AutowiredAnnotationBeanPostProcessor$AutowiredFieldElement.inject(AutowiredAnnotationBeanPostProcessor.java:747)
	at org.springframework.beans.factory.annotation.InjectionMetadata.inject(InjectionMetadata.java:145)
	at org.springframework.beans.factory.annotation.AutowiredAnnotationBeanPostProcessor.postProcessProperties(AutowiredAnnotationBeanPostProcessor.java:492)
	at org.springframework.beans.factory.support.AbstractAutowireCapableBeanFactory.populateBean(AbstractAutowireCapableBeanFactory.java:1416)
	at org.springframework.beans.factory.support.AbstractAutowireCapableBeanFactory.doCreateBean(AbstractAutowireCapableBeanFactory.java:597)
	at org.springframework.beans.factory.support.AbstractAutowireCapableBeanFactory.createBean(AbstractAutowireCapableBeanFactory.java:520)
	at org.springframework.beans.factory.support.AbstractBeanFactory.lambda$doGetBean$0(AbstractBeanFactory.java:325)
	at org.springframework.beans.factory.support.DefaultSingletonBeanRegistry.getSingleton(DefaultSingletonBeanRegistry.java:234)
	at org.springframework.beans.factory.support.AbstractBeanFactory.doGetBean(AbstractBeanFactory.java:323)
	at org.springframework.beans.factory.support.AbstractBeanFactory.getBean(AbstractBeanFactory.java:199)
	at org.springframework.beans.factory.config.DependencyDescriptor.resolveCandidate(DependencyDescriptor.java:254)
	at org.springframework.beans.factory.support.DefaultListableBeanFactory.doResolveDependency(DefaultListableBeanFactory.java:1417)
	at org.springframework.beans.factory.support.DefaultListableBeanFactory.resolveDependency(DefaultListableBeanFactory.java:1337)
	at org.springframework.beans.factory.annotation.AutowiredAnnotationBeanPostProcessor$AutowiredFieldElement.resolveFieldValue(AutowiredAnnotationBeanPostProcessor.java:764)
	at org.springframework.beans.factory.annotation.AutowiredAnnotationBeanPostProcessor$AutowiredFieldElement.inject(AutowiredAnnotationBeanPostProcessor.java:747)
	at org.springframework.beans.factory.annotation.InjectionMetadata.inject(InjectionMetadata.java:145)
	at org.springframework.beans.factory.annotation.AutowiredAnnotationBeanPostProcessor.postProcessProperties(AutowiredAnnotationBeanPostProcessor.java:492)
	at org.springframework.beans.factory.support.AbstractAutowireCapableBeanFactory.populateBean(AbstractAutowireCapableBeanFactory.java:1416)
	at org.springframework.beans.factory.support.AbstractAutowireCapableBeanFactory.doCreateBean(AbstractAutowireCapableBeanFactory.java:597)
	at org.springframework.beans.factory.support.AbstractAutowireCapableBeanFactory.createBean(AbstractAutowireCapableBeanFactory.java:520)
	at org.springframework.beans.factory.support.AbstractBeanFactory.lambda$doGetBean$0(AbstractBeanFactory.java:325)
	at org.springframework.beans.factory.support.DefaultSingletonBeanRegistry.getSingleton(DefaultSingletonBeanRegistry.java:234)
	at org.springframework.beans.factory.support.AbstractBeanFactory.doGetBean(AbstractBeanFactory.java:323)
	at org.springframework.beans.factory.support.AbstractBeanFactory.getBean(AbstractBeanFactory.java:199)
	at org.springframework.beans.factory.support.DefaultListableBeanFactory.preInstantiateSingletons(DefaultListableBeanFactory.java:973)
	at org.springframework.context.support.AbstractApplicationContext.finishBeanFactoryInitialization(AbstractApplicationContext.java:950)
	at org.springframework.context.support.AbstractApplicationContext.refresh(AbstractApplicationContext.java:616)
	at org.springframework.boot.web.servlet.context.ServletWebServerApplicationContext.refresh(ServletWebServerApplicationContext.java:146)
	at org.springframework.boot.SpringApplication.refresh(SpringApplication.java:738)
	at org.springframework.boot.SpringApplication.refreshContext(SpringApplication.java:440)
	at org.springframework.boot.SpringApplication.run(SpringApplication.java:316)
	at org.springframework.boot.test.context.SpringBootContextLoader.lambda$loadContext$3(SpringBootContextLoader.java:137)
	at org.springframework.util.function.ThrowingSupplier.get(ThrowingSupplier.java:58)
	at org.springframework.util.function.ThrowingSupplier.get(ThrowingSupplier.java:46)
	at org.springframework.boot.SpringApplication.withHook(SpringApplication.java:1406)
	at org.springframework.boot.test.context.SpringBootContextLoader$ContextLoaderHook.run(SpringBootContextLoader.java:545)
	at org.springframework.boot.test.context.SpringBootContextLoader.loadContext(SpringBootContextLoader.java:137)
	at org.springframework.boot.test.context.SpringBootContextLoader.loadContext(SpringBootContextLoader.java:108)
	at org.springframework.test.context.cache.DefaultCacheAwareContextLoaderDelegate.loadContextInternal(DefaultCacheAwareContextLoaderDelegate.java:187)
	at org.springframework.test.context.cache.DefaultCacheAwareContextLoaderDelegate.loadContext(DefaultCacheAwareContextLoaderDelegate.java:119)
	at org.springframework.test.context.support.DefaultTestContext.getApplicationContext(DefaultTestContext.java:127)
	at org.springframework.test.context.support.DependencyInjectionTestExecutionListener.injectDependencies(DependencyInjectionTestExecutionListener.java:141)
	at org.springframework.test.context.support.DependencyInjectionTestExecutionListener.prepareTestInstance(DependencyInjectionTestExecutionListener.java:97)
	at org.springframework.test.context.TestContextManager.prepareTestInstance(TestContextManager.java:241)
	at org.springframework.test.context.junit.jupiter.SpringExtension.postProcessTestInstance(SpringExtension.java:138)
	at org.junit.jupiter.engine.descriptor.ClassBasedTestDescriptor.lambda$invokeTestInstancePostProcessors$10(ClassBasedTestDescriptor.java:377)
	at org.junit.jupiter.engine.descriptor.ClassBasedTestDescriptor.executeAndMaskThrowable(ClassBasedTestDescriptor.java:382)
	at org.junit.jupiter.engine.descriptor.ClassBasedTestDescriptor.lambda$invokeTestInstancePostProcessors$11(ClassBasedTestDescriptor.java:377)
	at java.base/java.util.stream.ReferencePipeline$3$1.accept(ReferencePipeline.java:197)
	at java.base/java.util.stream.ReferencePipeline$2$1.accept(ReferencePipeline.java:179)
	at java.base/java.util.ArrayList$ArrayListSpliterator.forEachRemaining(ArrayList.java:1625)
	at java.base/java.util.stream.AbstractPipeline.copyInto(AbstractPipeline.java:509)
	at java.base/java.util.stream.AbstractPipeline.wrapAndCopyInto(AbstractPipeline.java:499)
	at java.base/java.util.stream.StreamSpliterators$WrappingSpliterator.forEachRemaining(StreamSpliterators.java:310)
	at java.base/java.util.stream.Streams$ConcatSpliterator.forEachRemaining(Streams.java:735)
	at java.base/java.util.stream.Streams$ConcatSpliterator.forEachRemaining(Streams.java:734)
	at java.base/java.util.stream.ReferencePipeline$Head.forEach(ReferencePipeline.java:762)
	at org.junit.jupiter.engine.descriptor.ClassBasedTestDescriptor.invokeTestInstancePostProcessors(ClassBasedTestDescriptor.java:376)
	at org.junit.jupiter.engine.descriptor.ClassBasedTestDescriptor.lambda$instantiateAndPostProcessTestInstance$6(ClassBasedTestDescriptor.java:289)
	at org.junit.platform.engine.support.hierarchical.ThrowableCollector.execute(ThrowableCollector.java:73)
	at org.junit.jupiter.engine.descriptor.ClassBasedTestDescriptor.instantiateAndPostProcessTestInstance(ClassBasedTestDescriptor.java:288)
	at org.junit.jupiter.engine.descriptor.ClassBasedTestDescriptor.lambda$testInstancesProvider$4(ClassBasedTestDescriptor.java:278)
	at java.base/java.util.Optional.orElseGet(Optional.java:364)
	at org.junit.jupiter.engine.descriptor.ClassBasedTestDescriptor.lambda$testInstancesProvider$5(ClassBasedTestDescriptor.java:277)
	at org.junit.jupiter.engine.execution.TestInstancesProvider.getTestInstances(TestInstancesProvider.java:31)
	at org.junit.jupiter.engine.descriptor.TestMethodTestDescriptor.lambda$prepare$0(TestMethodTestDescriptor.java:105)
	at org.junit.platform.engine.support.hierarchical.ThrowableCollector.execute(ThrowableCollector.java:73)
	at org.junit.jupiter.engine.descriptor.TestMethodTestDescriptor.prepare(TestMethodTestDescriptor.java:104)
	at org.junit.jupiter.engine.descriptor.TestMethodTestDescriptor.prepare(TestMethodTestDescriptor.java:68)
	at org.junit.platform.engine.support.hierarchical.NodeTestTask.lambda$prepare$2(NodeTestTask.java:123)
	at org.junit.platform.engine.support.hierarchical.ThrowableCollector.execute(ThrowableCollector.java:73)
	at org.junit.platform.engine.support.hierarchical.NodeTestTask.prepare(NodeTestTask.java:123)
	at org.junit.platform.engine.support.hierarchical.NodeTestTask.execute(NodeTestTask.java:90)
	at java.base/java.util.ArrayList.forEach(ArrayList.java:1511)
	at org.junit.platform.engine.support.hierarchical.SameThreadHierarchicalTestExecutorService.invokeAll(SameThreadHierarchicalTestExecutorService.java:41)
	at org.junit.platform.engine.support.hierarchical.NodeTestTask.lambda$executeRecursively$6(NodeTestTask.java:155)
	at org.junit.platform.engine.support.hierarchical.ThrowableCollector.execute(ThrowableCollector.java:73)
	at org.junit.platform.engine.support.hierarchical.NodeTestTask.lambda$executeRecursively$8(NodeTestTask.java:141)
	at org.junit.platform.engine.support.hierarchical.Node.around(Node.java:137)
	at org.junit.platform.engine.support.hierarchical.NodeTestTask.lambda$executeRecursively$9(NodeTestTask.java:139)
	at org.junit.platform.engine.support.hierarchical.ThrowableCollector.execute(ThrowableCollector.java:73)
	at org.junit.platform.engine.support.hierarchical.NodeTestTask.executeRecursively(NodeTestTask.java:138)
	at org.junit.platform.engine.support.hierarchical.NodeTestTask.execute(NodeTestTask.java:95)
	at java.base/java.util.ArrayList.forEach(ArrayList.java:1511)
	at org.junit.platform.engine.support.hierarchical.SameThreadHierarchicalTestExecutorService.invokeAll(SameThreadHierarchicalTestExecutorService.java:41)
	at org.junit.platform.engine.support.hierarchical.NodeTestTask.lambda$executeRecursively$6(NodeTestTask.java:155)
	at org.junit.platform.engine.support.hierarchical.ThrowableCollector.execute(ThrowableCollector.java:73)
	at org.junit.platform.engine.support.hierarchical.NodeTestTask.lambda$executeRecursively$8(NodeTestTask.java:141)
	at org.junit.platform.engine.support.hierarchical.Node.around(Node.java:137)
	at org.junit.platform.engine.support.hierarchical.NodeTestTask.lambda$executeRecursively$9(NodeTestTask.java:139)
	at org.junit.platform.engine.support.hierarchical.ThrowableCollector.execute(ThrowableCollector.java:73)
	at org.junit.platform.engine.support.hierarchical.NodeTestTask.executeRecursively(NodeTestTask.java:138)
	at org.junit.platform.engine.support.hierarchical.NodeTestTask.execute(NodeTestTask.java:95)
	at org.junit.platform.engine.support.hierarchical.SameThreadHierarchicalTestExecutorService.submit(SameThreadHierarchicalTestExecutorService.java:35)
	at org.junit.platform.engine.support.hierarchical.HierarchicalTestExecutor.execute(HierarchicalTestExecutor.java:57)
	at org.junit.platform.engine.support.hierarchical.HierarchicalTestEngine.execute(HierarchicalTestEngine.java:54)
	at org.junit.platform.launcher.core.EngineExecutionOrchestrator.execute(EngineExecutionOrchestrator.java:147)
	at org.junit.platform.launcher.core.EngineExecutionOrchestrator.execute(EngineExecutionOrchestrator.java:127)
	at org.junit.platform.launcher.core.EngineExecutionOrchestrator.execute(EngineExecutionOrchestrator.java:90)
	at org.junit.platform.launcher.core.EngineExecutionOrchestrator.lambda$execute$0(EngineExecutionOrchestrator.java:55)
	at org.junit.platform.launcher.core.EngineExecutionOrchestrator.withInterceptedStreams(EngineExecutionOrchestrator.java:102)
	at org.junit.platform.launcher.core.EngineExecutionOrchestrator.execute(EngineExecutionOrchestrator.java:54)
	at org.junit.platform.launcher.core.DefaultLauncher.execute(DefaultLauncher.java:114)
	at org.junit.platform.launcher.core.DefaultLauncher.execute(DefaultLauncher.java:86)
	at org.junit.platform.launcher.core.DefaultLauncherSession$DelegatingLauncher.execute(DefaultLauncherSession.java:86)
	at org.apache.maven.surefire.junitplatform.LazyLauncher.execute(LazyLauncher.java:50)
	at org.apache.maven.surefire.junitplatform.JUnitPlatformProvider.execute(JUnitPlatformProvider.java:184)
	at org.apache.maven.surefire.junitplatform.JUnitPlatformProvider.invokeAllTests(JUnitPlatformProvider.java:148)
	at org.apache.maven.surefire.junitplatform.JUnitPlatformProvider.invoke(JUnitPlatformProvider.java:122)
	at org.apache.maven.surefire.booter.ForkedBooter.runSuitesInProcess(ForkedBooter.java:385)
	at org.apache.maven.surefire.booter.ForkedBooter.execute(ForkedBooter.java:162)
	at org.apache.maven.surefire.booter.ForkedBooter.run(ForkedBooter.java:507)
	at org.apache.maven.surefire.booter.ForkedBooter.main(ForkedBooter.java:495)
2023-11-24 12:36:35,852 TRACE o.h.i.SessionImpl [SessionImpl.java:402] Closing session [97283dac-14a9-411d-a722-269d21d7d4a5]
2023-11-24 12:36:35,853 TRACE o.h.e.j.i.JdbcCoordinatorImpl [JdbcCoordinatorImpl.java:152] Closing JDBC container [org.hibernate.engine.jdbc.internal.JdbcCoordinatorImpl@688706fb]
2023-11-24 12:36:35,853 TRACE o.h.r.j.i.ResourceRegistryStandardImpl [ResourceRegistryStandardImpl.java:329] Releasing JDBC resources
2023-11-24 12:36:35,853 TRACE o.h.r.j.i.LogicalConnectionManagedImpl [LogicalConnectionManagedImpl.java:256] Closing logical connection
2023-11-24 12:36:35,853 TRACE o.h.r.j.i.LogicalConnectionManagedImpl [LogicalConnectionManagedImpl.java:263] Logical connection closed
2023-11-24 12:36:35,854 TRACE o.h.i.SessionFactoryImpl$SessionBuilderImpl [SessionFactoryImpl.java:1298] Opening Hibernate Session.  tenant=null
2023-11-24 12:36:35,854 TRACE o.h.i.SessionImpl [SessionImpl.java:262] Opened Session [c3020647-8422-40b3-afc7-445a199f1b91] at timestamp: 1700825795854
2023-11-24 12:36:35,854 TRACE o.h.i.SessionImpl [SessionImpl.java:402] Closing session [c3020647-8422-40b3-afc7-445a199f1b91]
2023-11-24 12:36:35,855 TRACE o.h.e.j.i.JdbcCoordinatorImpl [JdbcCoordinatorImpl.java:152] Closing JDBC container [org.hibernate.engine.jdbc.internal.JdbcCoordinatorImpl@4df6d39c]
2023-11-24 12:36:35,855 TRACE o.h.r.j.i.ResourceRegistryStandardImpl [ResourceRegistryStandardImpl.java:329] Releasing JDBC resources
2023-11-24 12:36:35,855 TRACE o.h.r.j.i.LogicalConnectionManagedImpl [LogicalConnectionManagedImpl.java:256] Closing logical connection
2023-11-24 12:36:35,856 TRACE o.h.r.j.i.LogicalConnectionManagedImpl [LogicalConnectionManagedImpl.java:263] Logical connection closed
2023-11-24 12:36:35,868 TRACE o.h.i.SessionFactoryImpl$SessionBuilderImpl [SessionFactoryImpl.java:1298] Opening Hibernate Session.  tenant=null
2023-11-24 12:36:35,868 TRACE o.h.i.SessionImpl [SessionImpl.java:262] Opened Session [07f213e1-3728-4d22-b3d2-ac4759645ce4] at timestamp: 1700825795868
2023-11-24 12:36:35,869 TRACE o.h.i.SessionImpl [SessionImpl.java:402] Closing session [07f213e1-3728-4d22-b3d2-ac4759645ce4]
2023-11-24 12:36:35,869 TRACE o.h.e.j.i.JdbcCoordinatorImpl [JdbcCoordinatorImpl.java:152] Closing JDBC container [org.hibernate.engine.jdbc.internal.JdbcCoordinatorImpl@47df3eca]
2023-11-24 12:36:35,870 TRACE o.h.r.j.i.ResourceRegistryStandardImpl [ResourceRegistryStandardImpl.java:329] Releasing JDBC resources
2023-11-24 12:36:35,870 TRACE o.h.r.j.i.LogicalConnectionManagedImpl [LogicalConnectionManagedImpl.java:256] Closing logical connection
2023-11-24 12:36:35,870 TRACE o.h.r.j.i.LogicalConnectionManagedImpl [LogicalConnectionManagedImpl.java:263] Logical connection closed
2023-11-24 12:36:35,874 TRACE o.h.i.SessionFactoryImpl$SessionBuilderImpl [SessionFactoryImpl.java:1298] Opening Hibernate Session.  tenant=null
2023-11-24 12:36:35,874 TRACE o.h.i.SessionImpl [SessionImpl.java:262] Opened Session [9f808e52-aea1-4912-bdeb-31e62c77efd9] at timestamp: 1700825795874
2023-11-24 12:36:35,875 TRACE o.h.i.SessionImpl [SessionImpl.java:402] Closing session [9f808e52-aea1-4912-bdeb-31e62c77efd9]
2023-11-24 12:36:35,875 TRACE o.h.e.j.i.JdbcCoordinatorImpl [JdbcCoordinatorImpl.java:152] Closing JDBC container [org.hibernate.engine.jdbc.internal.JdbcCoordinatorImpl@7fd3df61]
2023-11-24 12:36:35,875 TRACE o.h.r.j.i.ResourceRegistryStandardImpl [ResourceRegistryStandardImpl.java:329] Releasing JDBC resources
2023-11-24 12:36:35,876 TRACE o.h.r.j.i.LogicalConnectionManagedImpl [LogicalConnectionManagedImpl.java:256] Closing logical connection
2023-11-24 12:36:35,876 TRACE o.h.r.j.i.LogicalConnectionManagedImpl [LogicalConnectionManagedImpl.java:263] Logical connection closed
2023-11-24 12:36:35,897 TRACE o.h.i.SessionFactoryImpl$SessionBuilderImpl [SessionFactoryImpl.java:1298] Opening Hibernate Session.  tenant=null
2023-11-24 12:36:35,898 TRACE o.h.i.SessionImpl [SessionImpl.java:262] Opened Session [ec6ff047-41d9-495b-b9ee-201ad0c9346b] at timestamp: 1700825795898
2023-11-24 12:36:35,898 DEBUG o.h.r.t.b.j.i.JdbcResourceLocalTransactionCoordinatorImpl [JdbcResourceLocalTransactionCoordinatorImpl.java:310] JDBC transaction marked for rollback-only (exception provided for stack trace)
java.lang.Exception: exception just for purpose of providing stack trace
	at org.hibernate.resource.transaction.backend.jdbc.internal.JdbcResourceLocalTransactionCoordinatorImpl$TransactionDriverControlImpl.markRollbackOnly(JdbcResourceLocalTransactionCoordinatorImpl.java:310)
	at org.hibernate.internal.AbstractSharedSessionContract.buildNamedQuery(AbstractSharedSessionContract.java:1021)
	at org.hibernate.internal.AbstractSharedSessionContract.createNamedQuery(AbstractSharedSessionContract.java:899)
	at org.hibernate.internal.AbstractSharedSessionContract.createNamedQuery(AbstractSharedSessionContract.java:120)
	at java.base/jdk.internal.reflect.NativeMethodAccessorImpl.invoke0(Native Method)
	at java.base/jdk.internal.reflect.NativeMethodAccessorImpl.invoke(NativeMethodAccessorImpl.java:77)
	at java.base/jdk.internal.reflect.DelegatingMethodAccessorImpl.invoke(DelegatingMethodAccessorImpl.java:43)
	at java.base/java.lang.reflect.Method.invoke(Method.java:568)
	at org.springframework.orm.jpa.ExtendedEntityManagerCreator$ExtendedEntityManagerInvocationHandler.invoke(ExtendedEntityManagerCreator.java:360)
	at jdk.proxy2/jdk.proxy2.$Proxy191.createNamedQuery(Unknown Source)
	at org.springframework.data.jpa.repository.query.NamedQuery.hasNamedQuery(NamedQuery.java:113)
	at org.springframework.data.jpa.repository.query.NamedQuery.lookupFrom(NamedQuery.java:141)
	at org.springframework.data.jpa.repository.query.JpaQueryLookupStrategy$DeclaredQueryLookupStrategy.resolveQuery(JpaQueryLookupStrategy.java:180)
	at org.springframework.data.jpa.repository.query.JpaQueryLookupStrategy$CreateIfNotFoundQueryLookupStrategy.resolveQuery(JpaQueryLookupStrategy.java:252)
	at org.springframework.data.jpa.repository.query.JpaQueryLookupStrategy$AbstractQueryLookupStrategy.resolveQuery(JpaQueryLookupStrategy.java:95)
	at org.springframework.data.repository.core.support.QueryExecutorMethodInterceptor.lookupQuery(QueryExecutorMethodInterceptor.java:111)
	at org.springframework.data.repository.core.support.QueryExecutorMethodInterceptor.mapMethodsToQuery(QueryExecutorMethodInterceptor.java:99)
	at org.springframework.data.repository.core.support.QueryExecutorMethodInterceptor.lambda$new$0(QueryExecutorMethodInterceptor.java:88)
	at java.base/java.util.Optional.map(Optional.java:260)
	at org.springframework.data.repository.core.support.QueryExecutorMethodInterceptor.<init>(QueryExecutorMethodInterceptor.java:88)
	at org.springframework.data.repository.core.support.RepositoryFactorySupport.getRepository(RepositoryFactorySupport.java:357)
	at org.springframework.data.repository.core.support.RepositoryFactoryBeanSupport.lambda$afterPropertiesSet$5(RepositoryFactoryBeanSupport.java:279)
	at org.springframework.data.util.Lazy.getNullable(Lazy.java:245)
	at org.springframework.data.util.Lazy.get(Lazy.java:114)
	at org.springframework.data.repository.core.support.RepositoryFactoryBeanSupport.afterPropertiesSet(RepositoryFactoryBeanSupport.java:285)
	at org.springframework.data.jpa.repository.support.JpaRepositoryFactoryBean.afterPropertiesSet(JpaRepositoryFactoryBean.java:132)
	at org.springframework.beans.factory.support.AbstractAutowireCapableBeanFactory.invokeInitMethods(AbstractAutowireCapableBeanFactory.java:1817)
	at org.springframework.beans.factory.support.AbstractAutowireCapableBeanFactory.initializeBean(AbstractAutowireCapableBeanFactory.java:1766)
	at org.springframework.beans.factory.support.AbstractAutowireCapableBeanFactory.doCreateBean(AbstractAutowireCapableBeanFactory.java:598)
	at org.springframework.beans.factory.support.AbstractAutowireCapableBeanFactory.createBean(AbstractAutowireCapableBeanFactory.java:520)
	at org.springframework.beans.factory.support.AbstractBeanFactory.lambda$doGetBean$0(AbstractBeanFactory.java:325)
	at org.springframework.beans.factory.support.DefaultSingletonBeanRegistry.getSingleton(DefaultSingletonBeanRegistry.java:234)
	at org.springframework.beans.factory.support.AbstractBeanFactory.doGetBean(AbstractBeanFactory.java:323)
	at org.springframework.beans.factory.support.AbstractBeanFactory.getBean(AbstractBeanFactory.java:199)
	at org.springframework.beans.factory.config.DependencyDescriptor.resolveCandidate(DependencyDescriptor.java:254)
	at org.springframework.beans.factory.support.DefaultListableBeanFactory.doResolveDependency(DefaultListableBeanFactory.java:1417)
	at org.springframework.beans.factory.support.DefaultListableBeanFactory.resolveDependency(DefaultListableBeanFactory.java:1337)
	at org.springframework.beans.factory.annotation.AutowiredAnnotationBeanPostProcessor$AutowiredFieldElement.resolveFieldValue(AutowiredAnnotationBeanPostProcessor.java:764)
	at org.springframework.beans.factory.annotation.AutowiredAnnotationBeanPostProcessor$AutowiredFieldElement.inject(AutowiredAnnotationBeanPostProcessor.java:747)
	at org.springframework.beans.factory.annotation.InjectionMetadata.inject(InjectionMetadata.java:145)
	at org.springframework.beans.factory.annotation.AutowiredAnnotationBeanPostProcessor.postProcessProperties(AutowiredAnnotationBeanPostProcessor.java:492)
	at org.springframework.beans.factory.support.AbstractAutowireCapableBeanFactory.populateBean(AbstractAutowireCapableBeanFactory.java:1416)
	at org.springframework.beans.factory.support.AbstractAutowireCapableBeanFactory.doCreateBean(AbstractAutowireCapableBeanFactory.java:597)
	at org.springframework.beans.factory.support.AbstractAutowireCapableBeanFactory.createBean(AbstractAutowireCapableBeanFactory.java:520)
	at org.springframework.beans.factory.support.AbstractBeanFactory.lambda$doGetBean$0(AbstractBeanFactory.java:325)
	at org.springframework.beans.factory.support.DefaultSingletonBeanRegistry.getSingleton(DefaultSingletonBeanRegistry.java:234)
	at org.springframework.beans.factory.support.AbstractBeanFactory.doGetBean(AbstractBeanFactory.java:323)
	at org.springframework.beans.factory.support.AbstractBeanFactory.getBean(AbstractBeanFactory.java:199)
	at org.springframework.beans.factory.config.DependencyDescriptor.resolveCandidate(DependencyDescriptor.java:254)
	at org.springframework.beans.factory.support.DefaultListableBeanFactory.doResolveDependency(DefaultListableBeanFactory.java:1417)
	at org.springframework.beans.factory.support.DefaultListableBeanFactory.resolveDependency(DefaultListableBeanFactory.java:1337)
	at org.springframework.beans.factory.annotation.AutowiredAnnotationBeanPostProcessor$AutowiredFieldElement.resolveFieldValue(AutowiredAnnotationBeanPostProcessor.java:764)
	at org.springframework.beans.factory.annotation.AutowiredAnnotationBeanPostProcessor$AutowiredFieldElement.inject(AutowiredAnnotationBeanPostProcessor.java:747)
	at org.springframework.beans.factory.annotation.InjectionMetadata.inject(InjectionMetadata.java:145)
	at org.springframework.beans.factory.annotation.AutowiredAnnotationBeanPostProcessor.postProcessProperties(AutowiredAnnotationBeanPostProcessor.java:492)
	at org.springframework.beans.factory.support.AbstractAutowireCapableBeanFactory.populateBean(AbstractAutowireCapableBeanFactory.java:1416)
	at org.springframework.beans.factory.support.AbstractAutowireCapableBeanFactory.doCreateBean(AbstractAutowireCapableBeanFactory.java:597)
	at org.springframework.beans.factory.support.AbstractAutowireCapableBeanFactory.createBean(AbstractAutowireCapableBeanFactory.java:520)
	at org.springframework.beans.factory.support.AbstractBeanFactory.lambda$doGetBean$0(AbstractBeanFactory.java:325)
	at org.springframework.beans.factory.support.DefaultSingletonBeanRegistry.getSingleton(DefaultSingletonBeanRegistry.java:234)
	at org.springframework.beans.factory.support.AbstractBeanFactory.doGetBean(AbstractBeanFactory.java:323)
	at org.springframework.beans.factory.support.AbstractBeanFactory.getBean(AbstractBeanFactory.java:199)
	at org.springframework.beans.factory.config.DependencyDescriptor.resolveCandidate(DependencyDescriptor.java:254)
	at org.springframework.beans.factory.support.DefaultListableBeanFactory.doResolveDependency(DefaultListableBeanFactory.java:1417)
	at org.springframework.beans.factory.support.DefaultListableBeanFactory.resolveDependency(DefaultListableBeanFactory.java:1337)
	at org.springframework.beans.factory.annotation.AutowiredAnnotationBeanPostProcessor$AutowiredFieldElement.resolveFieldValue(AutowiredAnnotationBeanPostProcessor.java:764)
	at org.springframework.beans.factory.annotation.AutowiredAnnotationBeanPostProcessor$AutowiredFieldElement.inject(AutowiredAnnotationBeanPostProcessor.java:747)
	at org.springframework.beans.factory.annotation.InjectionMetadata.inject(InjectionMetadata.java:145)
	at org.springframework.beans.factory.annotation.AutowiredAnnotationBeanPostProcessor.postProcessProperties(AutowiredAnnotationBeanPostProcessor.java:492)
	at org.springframework.beans.factory.support.AbstractAutowireCapableBeanFactory.populateBean(AbstractAutowireCapableBeanFactory.java:1416)
	at org.springframework.beans.factory.support.AbstractAutowireCapableBeanFactory.doCreateBean(AbstractAutowireCapableBeanFactory.java:597)
	at org.springframework.beans.factory.support.AbstractAutowireCapableBeanFactory.createBean(AbstractAutowireCapableBeanFactory.java:520)
	at org.springframework.beans.factory.support.AbstractBeanFactory.lambda$doGetBean$0(AbstractBeanFactory.java:325)
	at org.springframework.beans.factory.support.DefaultSingletonBeanRegistry.getSingleton(DefaultSingletonBeanRegistry.java:234)
	at org.springframework.beans.factory.support.AbstractBeanFactory.doGetBean(AbstractBeanFactory.java:323)
	at org.springframework.beans.factory.support.AbstractBeanFactory.getBean(AbstractBeanFactory.java:199)
	at org.springframework.beans.factory.support.DefaultListableBeanFactory.preInstantiateSingletons(DefaultListableBeanFactory.java:973)
	at org.springframework.context.support.AbstractApplicationContext.finishBeanFactoryInitialization(AbstractApplicationContext.java:950)
	at org.springframework.context.support.AbstractApplicationContext.refresh(AbstractApplicationContext.java:616)
	at org.springframework.boot.web.servlet.context.ServletWebServerApplicationContext.refresh(ServletWebServerApplicationContext.java:146)
	at org.springframework.boot.SpringApplication.refresh(SpringApplication.java:738)
	at org.springframework.boot.SpringApplication.refreshContext(SpringApplication.java:440)
	at org.springframework.boot.SpringApplication.run(SpringApplication.java:316)
	at org.springframework.boot.test.context.SpringBootContextLoader.lambda$loadContext$3(SpringBootContextLoader.java:137)
	at org.springframework.util.function.ThrowingSupplier.get(ThrowingSupplier.java:58)
	at org.springframework.util.function.ThrowingSupplier.get(ThrowingSupplier.java:46)
	at org.springframework.boot.SpringApplication.withHook(SpringApplication.java:1406)
	at org.springframework.boot.test.context.SpringBootContextLoader$ContextLoaderHook.run(SpringBootContextLoader.java:545)
	at org.springframework.boot.test.context.SpringBootContextLoader.loadContext(SpringBootContextLoader.java:137)
	at org.springframework.boot.test.context.SpringBootContextLoader.loadContext(SpringBootContextLoader.java:108)
	at org.springframework.test.context.cache.DefaultCacheAwareContextLoaderDelegate.loadContextInternal(DefaultCacheAwareContextLoaderDelegate.java:187)
	at org.springframework.test.context.cache.DefaultCacheAwareContextLoaderDelegate.loadContext(DefaultCacheAwareContextLoaderDelegate.java:119)
	at org.springframework.test.context.support.DefaultTestContext.getApplicationContext(DefaultTestContext.java:127)
	at org.springframework.test.context.support.DependencyInjectionTestExecutionListener.injectDependencies(DependencyInjectionTestExecutionListener.java:141)
	at org.springframework.test.context.support.DependencyInjectionTestExecutionListener.prepareTestInstance(DependencyInjectionTestExecutionListener.java:97)
	at org.springframework.test.context.TestContextManager.prepareTestInstance(TestContextManager.java:241)
	at org.springframework.test.context.junit.jupiter.SpringExtension.postProcessTestInstance(SpringExtension.java:138)
	at org.junit.jupiter.engine.descriptor.ClassBasedTestDescriptor.lambda$invokeTestInstancePostProcessors$10(ClassBasedTestDescriptor.java:377)
	at org.junit.jupiter.engine.descriptor.ClassBasedTestDescriptor.executeAndMaskThrowable(ClassBasedTestDescriptor.java:382)
	at org.junit.jupiter.engine.descriptor.ClassBasedTestDescriptor.lambda$invokeTestInstancePostProcessors$11(ClassBasedTestDescriptor.java:377)
	at java.base/java.util.stream.ReferencePipeline$3$1.accept(ReferencePipeline.java:197)
	at java.base/java.util.stream.ReferencePipeline$2$1.accept(ReferencePipeline.java:179)
	at java.base/java.util.ArrayList$ArrayListSpliterator.forEachRemaining(ArrayList.java:1625)
	at java.base/java.util.stream.AbstractPipeline.copyInto(AbstractPipeline.java:509)
	at java.base/java.util.stream.AbstractPipeline.wrapAndCopyInto(AbstractPipeline.java:499)
	at java.base/java.util.stream.StreamSpliterators$WrappingSpliterator.forEachRemaining(StreamSpliterators.java:310)
	at java.base/java.util.stream.Streams$ConcatSpliterator.forEachRemaining(Streams.java:735)
	at java.base/java.util.stream.Streams$ConcatSpliterator.forEachRemaining(Streams.java:734)
	at java.base/java.util.stream.ReferencePipeline$Head.forEach(ReferencePipeline.java:762)
	at org.junit.jupiter.engine.descriptor.ClassBasedTestDescriptor.invokeTestInstancePostProcessors(ClassBasedTestDescriptor.java:376)
	at org.junit.jupiter.engine.descriptor.ClassBasedTestDescriptor.lambda$instantiateAndPostProcessTestInstance$6(ClassBasedTestDescriptor.java:289)
	at org.junit.platform.engine.support.hierarchical.ThrowableCollector.execute(ThrowableCollector.java:73)
	at org.junit.jupiter.engine.descriptor.ClassBasedTestDescriptor.instantiateAndPostProcessTestInstance(ClassBasedTestDescriptor.java:288)
	at org.junit.jupiter.engine.descriptor.ClassBasedTestDescriptor.lambda$testInstancesProvider$4(ClassBasedTestDescriptor.java:278)
	at java.base/java.util.Optional.orElseGet(Optional.java:364)
	at org.junit.jupiter.engine.descriptor.ClassBasedTestDescriptor.lambda$testInstancesProvider$5(ClassBasedTestDescriptor.java:277)
	at org.junit.jupiter.engine.execution.TestInstancesProvider.getTestInstances(TestInstancesProvider.java:31)
	at org.junit.jupiter.engine.descriptor.TestMethodTestDescriptor.lambda$prepare$0(TestMethodTestDescriptor.java:105)
	at org.junit.platform.engine.support.hierarchical.ThrowableCollector.execute(ThrowableCollector.java:73)
	at org.junit.jupiter.engine.descriptor.TestMethodTestDescriptor.prepare(TestMethodTestDescriptor.java:104)
	at org.junit.jupiter.engine.descriptor.TestMethodTestDescriptor.prepare(TestMethodTestDescriptor.java:68)
	at org.junit.platform.engine.support.hierarchical.NodeTestTask.lambda$prepare$2(NodeTestTask.java:123)
	at org.junit.platform.engine.support.hierarchical.ThrowableCollector.execute(ThrowableCollector.java:73)
	at org.junit.platform.engine.support.hierarchical.NodeTestTask.prepare(NodeTestTask.java:123)
	at org.junit.platform.engine.support.hierarchical.NodeTestTask.execute(NodeTestTask.java:90)
	at java.base/java.util.ArrayList.forEach(ArrayList.java:1511)
	at org.junit.platform.engine.support.hierarchical.SameThreadHierarchicalTestExecutorService.invokeAll(SameThreadHierarchicalTestExecutorService.java:41)
	at org.junit.platform.engine.support.hierarchical.NodeTestTask.lambda$executeRecursively$6(NodeTestTask.java:155)
	at org.junit.platform.engine.support.hierarchical.ThrowableCollector.execute(ThrowableCollector.java:73)
	at org.junit.platform.engine.support.hierarchical.NodeTestTask.lambda$executeRecursively$8(NodeTestTask.java:141)
	at org.junit.platform.engine.support.hierarchical.Node.around(Node.java:137)
	at org.junit.platform.engine.support.hierarchical.NodeTestTask.lambda$executeRecursively$9(NodeTestTask.java:139)
	at org.junit.platform.engine.support.hierarchical.ThrowableCollector.execute(ThrowableCollector.java:73)
	at org.junit.platform.engine.support.hierarchical.NodeTestTask.executeRecursively(NodeTestTask.java:138)
	at org.junit.platform.engine.support.hierarchical.NodeTestTask.execute(NodeTestTask.java:95)
	at java.base/java.util.ArrayList.forEach(ArrayList.java:1511)
	at org.junit.platform.engine.support.hierarchical.SameThreadHierarchicalTestExecutorService.invokeAll(SameThreadHierarchicalTestExecutorService.java:41)
	at org.junit.platform.engine.support.hierarchical.NodeTestTask.lambda$executeRecursively$6(NodeTestTask.java:155)
	at org.junit.platform.engine.support.hierarchical.ThrowableCollector.execute(ThrowableCollector.java:73)
	at org.junit.platform.engine.support.hierarchical.NodeTestTask.lambda$executeRecursively$8(NodeTestTask.java:141)
	at org.junit.platform.engine.support.hierarchical.Node.around(Node.java:137)
	at org.junit.platform.engine.support.hierarchical.NodeTestTask.lambda$executeRecursively$9(NodeTestTask.java:139)
	at org.junit.platform.engine.support.hierarchical.ThrowableCollector.execute(ThrowableCollector.java:73)
	at org.junit.platform.engine.support.hierarchical.NodeTestTask.executeRecursively(NodeTestTask.java:138)
	at org.junit.platform.engine.support.hierarchical.NodeTestTask.execute(NodeTestTask.java:95)
	at org.junit.platform.engine.support.hierarchical.SameThreadHierarchicalTestExecutorService.submit(SameThreadHierarchicalTestExecutorService.java:35)
	at org.junit.platform.engine.support.hierarchical.HierarchicalTestExecutor.execute(HierarchicalTestExecutor.java:57)
	at org.junit.platform.engine.support.hierarchical.HierarchicalTestEngine.execute(HierarchicalTestEngine.java:54)
	at org.junit.platform.launcher.core.EngineExecutionOrchestrator.execute(EngineExecutionOrchestrator.java:147)
	at org.junit.platform.launcher.core.EngineExecutionOrchestrator.execute(EngineExecutionOrchestrator.java:127)
	at org.junit.platform.launcher.core.EngineExecutionOrchestrator.execute(EngineExecutionOrchestrator.java:90)
	at org.junit.platform.launcher.core.EngineExecutionOrchestrator.lambda$execute$0(EngineExecutionOrchestrator.java:55)
	at org.junit.platform.launcher.core.EngineExecutionOrchestrator.withInterceptedStreams(EngineExecutionOrchestrator.java:102)
	at org.junit.platform.launcher.core.EngineExecutionOrchestrator.execute(EngineExecutionOrchestrator.java:54)
	at org.junit.platform.launcher.core.DefaultLauncher.execute(DefaultLauncher.java:114)
	at org.junit.platform.launcher.core.DefaultLauncher.execute(DefaultLauncher.java:86)
	at org.junit.platform.launcher.core.DefaultLauncherSession$DelegatingLauncher.execute(DefaultLauncherSession.java:86)
	at org.apache.maven.surefire.junitplatform.LazyLauncher.execute(LazyLauncher.java:50)
	at org.apache.maven.surefire.junitplatform.JUnitPlatformProvider.execute(JUnitPlatformProvider.java:184)
	at org.apache.maven.surefire.junitplatform.JUnitPlatformProvider.invokeAllTests(JUnitPlatformProvider.java:148)
	at org.apache.maven.surefire.junitplatform.JUnitPlatformProvider.invoke(JUnitPlatformProvider.java:122)
	at org.apache.maven.surefire.booter.ForkedBooter.runSuitesInProcess(ForkedBooter.java:385)
	at org.apache.maven.surefire.booter.ForkedBooter.execute(ForkedBooter.java:162)
	at org.apache.maven.surefire.booter.ForkedBooter.run(ForkedBooter.java:507)
	at org.apache.maven.surefire.booter.ForkedBooter.main(ForkedBooter.java:495)
2023-11-24 12:36:35,899 TRACE o.h.i.SessionImpl [SessionImpl.java:402] Closing session [ec6ff047-41d9-495b-b9ee-201ad0c9346b]
2023-11-24 12:36:35,900 TRACE o.h.e.j.i.JdbcCoordinatorImpl [JdbcCoordinatorImpl.java:152] Closing JDBC container [org.hibernate.engine.jdbc.internal.JdbcCoordinatorImpl@708b337b]
2023-11-24 12:36:35,900 TRACE o.h.r.j.i.ResourceRegistryStandardImpl [ResourceRegistryStandardImpl.java:329] Releasing JDBC resources
2023-11-24 12:36:35,900 TRACE o.h.r.j.i.LogicalConnectionManagedImpl [LogicalConnectionManagedImpl.java:256] Closing logical connection
2023-11-24 12:36:35,901 TRACE o.h.r.j.i.LogicalConnectionManagedImpl [LogicalConnectionManagedImpl.java:263] Logical connection closed
2023-11-24 12:36:35,901 TRACE o.h.i.SessionFactoryImpl$SessionBuilderImpl [SessionFactoryImpl.java:1298] Opening Hibernate Session.  tenant=null
2023-11-24 12:36:35,901 TRACE o.h.i.SessionImpl [SessionImpl.java:262] Opened Session [631f7bdb-3211-431b-995d-9a84b59f590c] at timestamp: 1700825795901
2023-11-24 12:36:35,902 TRACE o.h.i.SessionImpl [SessionImpl.java:402] Closing session [631f7bdb-3211-431b-995d-9a84b59f590c]
2023-11-24 12:36:35,902 TRACE o.h.e.j.i.JdbcCoordinatorImpl [JdbcCoordinatorImpl.java:152] Closing JDBC container [org.hibernate.engine.jdbc.internal.JdbcCoordinatorImpl@11c2c2dc]
2023-11-24 12:36:35,902 TRACE o.h.r.j.i.ResourceRegistryStandardImpl [ResourceRegistryStandardImpl.java:329] Releasing JDBC resources
2023-11-24 12:36:35,902 TRACE o.h.r.j.i.LogicalConnectionManagedImpl [LogicalConnectionManagedImpl.java:256] Closing logical connection
2023-11-24 12:36:35,903 TRACE o.h.r.j.i.LogicalConnectionManagedImpl [LogicalConnectionManagedImpl.java:263] Logical connection closed
2023-11-24 12:36:35,939 TRACE o.h.i.SessionFactoryImpl$SessionBuilderImpl [SessionFactoryImpl.java:1298] Opening Hibernate Session.  tenant=null
2023-11-24 12:36:35,940 TRACE o.h.i.SessionImpl [SessionImpl.java:262] Opened Session [d440cabf-525b-423f-a11c-66b940d4fa58] at timestamp: 1700825795940
2023-11-24 12:36:35,940 TRACE o.h.i.SessionImpl [SessionImpl.java:402] Closing session [d440cabf-525b-423f-a11c-66b940d4fa58]
2023-11-24 12:36:35,940 TRACE o.h.e.j.i.JdbcCoordinatorImpl [JdbcCoordinatorImpl.java:152] Closing JDBC container [org.hibernate.engine.jdbc.internal.JdbcCoordinatorImpl@7e0989fd]
2023-11-24 12:36:35,941 TRACE o.h.r.j.i.ResourceRegistryStandardImpl [ResourceRegistryStandardImpl.java:329] Releasing JDBC resources
2023-11-24 12:36:35,941 TRACE o.h.r.j.i.LogicalConnectionManagedImpl [LogicalConnectionManagedImpl.java:256] Closing logical connection
2023-11-24 12:36:35,941 TRACE o.h.r.j.i.LogicalConnectionManagedImpl [LogicalConnectionManagedImpl.java:263] Logical connection closed
2023-11-24 12:36:35,946 TRACE o.h.i.SessionFactoryImpl$SessionBuilderImpl [SessionFactoryImpl.java:1298] Opening Hibernate Session.  tenant=null
2023-11-24 12:36:35,947 TRACE o.h.i.SessionImpl [SessionImpl.java:262] Opened Session [ea4e1838-8e73-472b-8f9c-58edfcd12999] at timestamp: 1700825795947
2023-11-24 12:36:35,947 TRACE o.h.i.SessionImpl [SessionImpl.java:402] Closing session [ea4e1838-8e73-472b-8f9c-58edfcd12999]
2023-11-24 12:36:35,948 TRACE o.h.e.j.i.JdbcCoordinatorImpl [JdbcCoordinatorImpl.java:152] Closing JDBC container [org.hibernate.engine.jdbc.internal.JdbcCoordinatorImpl@2b9d306a]
2023-11-24 12:36:35,948 TRACE o.h.r.j.i.ResourceRegistryStandardImpl [ResourceRegistryStandardImpl.java:329] Releasing JDBC resources
2023-11-24 12:36:35,948 TRACE o.h.r.j.i.LogicalConnectionManagedImpl [LogicalConnectionManagedImpl.java:256] Closing logical connection
2023-11-24 12:36:35,948 TRACE o.h.r.j.i.LogicalConnectionManagedImpl [LogicalConnectionManagedImpl.java:263] Logical connection closed
2023-11-24 12:36:35,976 TRACE o.h.i.SessionFactoryImpl$SessionBuilderImpl [SessionFactoryImpl.java:1298] Opening Hibernate Session.  tenant=null
2023-11-24 12:36:35,977 TRACE o.h.i.SessionImpl [SessionImpl.java:262] Opened Session [33c3f892-90d1-414f-b1b2-86395d6f0fbf] at timestamp: 1700825795977
2023-11-24 12:36:35,977 DEBUG o.h.r.t.b.j.i.JdbcResourceLocalTransactionCoordinatorImpl [JdbcResourceLocalTransactionCoordinatorImpl.java:310] JDBC transaction marked for rollback-only (exception provided for stack trace)
java.lang.Exception: exception just for purpose of providing stack trace
	at org.hibernate.resource.transaction.backend.jdbc.internal.JdbcResourceLocalTransactionCoordinatorImpl$TransactionDriverControlImpl.markRollbackOnly(JdbcResourceLocalTransactionCoordinatorImpl.java:310)
	at org.hibernate.internal.AbstractSharedSessionContract.buildNamedQuery(AbstractSharedSessionContract.java:1021)
	at org.hibernate.internal.AbstractSharedSessionContract.createNamedQuery(AbstractSharedSessionContract.java:899)
	at org.hibernate.internal.AbstractSharedSessionContract.createNamedQuery(AbstractSharedSessionContract.java:120)
	at java.base/jdk.internal.reflect.NativeMethodAccessorImpl.invoke0(Native Method)
	at java.base/jdk.internal.reflect.NativeMethodAccessorImpl.invoke(NativeMethodAccessorImpl.java:77)
	at java.base/jdk.internal.reflect.DelegatingMethodAccessorImpl.invoke(DelegatingMethodAccessorImpl.java:43)
	at java.base/java.lang.reflect.Method.invoke(Method.java:568)
	at org.springframework.orm.jpa.ExtendedEntityManagerCreator$ExtendedEntityManagerInvocationHandler.invoke(ExtendedEntityManagerCreator.java:360)
	at jdk.proxy2/jdk.proxy2.$Proxy191.createNamedQuery(Unknown Source)
	at org.springframework.data.jpa.repository.query.NamedQuery.hasNamedQuery(NamedQuery.java:113)
	at org.springframework.data.jpa.repository.query.NamedQuery.lookupFrom(NamedQuery.java:141)
	at org.springframework.data.jpa.repository.query.JpaQueryLookupStrategy$DeclaredQueryLookupStrategy.resolveQuery(JpaQueryLookupStrategy.java:180)
	at org.springframework.data.jpa.repository.query.JpaQueryLookupStrategy$CreateIfNotFoundQueryLookupStrategy.resolveQuery(JpaQueryLookupStrategy.java:252)
	at org.springframework.data.jpa.repository.query.JpaQueryLookupStrategy$AbstractQueryLookupStrategy.resolveQuery(JpaQueryLookupStrategy.java:95)
	at org.springframework.data.repository.core.support.QueryExecutorMethodInterceptor.lookupQuery(QueryExecutorMethodInterceptor.java:111)
	at org.springframework.data.repository.core.support.QueryExecutorMethodInterceptor.mapMethodsToQuery(QueryExecutorMethodInterceptor.java:99)
	at org.springframework.data.repository.core.support.QueryExecutorMethodInterceptor.lambda$new$0(QueryExecutorMethodInterceptor.java:88)
	at java.base/java.util.Optional.map(Optional.java:260)
	at org.springframework.data.repository.core.support.QueryExecutorMethodInterceptor.<init>(QueryExecutorMethodInterceptor.java:88)
	at org.springframework.data.repository.core.support.RepositoryFactorySupport.getRepository(RepositoryFactorySupport.java:357)
	at org.springframework.data.repository.core.support.RepositoryFactoryBeanSupport.lambda$afterPropertiesSet$5(RepositoryFactoryBeanSupport.java:279)
	at org.springframework.data.util.Lazy.getNullable(Lazy.java:245)
	at org.springframework.data.util.Lazy.get(Lazy.java:114)
	at org.springframework.data.repository.core.support.RepositoryFactoryBeanSupport.afterPropertiesSet(RepositoryFactoryBeanSupport.java:285)
	at org.springframework.data.jpa.repository.support.JpaRepositoryFactoryBean.afterPropertiesSet(JpaRepositoryFactoryBean.java:132)
	at org.springframework.beans.factory.support.AbstractAutowireCapableBeanFactory.invokeInitMethods(AbstractAutowireCapableBeanFactory.java:1817)
	at org.springframework.beans.factory.support.AbstractAutowireCapableBeanFactory.initializeBean(AbstractAutowireCapableBeanFactory.java:1766)
	at org.springframework.beans.factory.support.AbstractAutowireCapableBeanFactory.doCreateBean(AbstractAutowireCapableBeanFactory.java:598)
	at org.springframework.beans.factory.support.AbstractAutowireCapableBeanFactory.createBean(AbstractAutowireCapableBeanFactory.java:520)
	at org.springframework.beans.factory.support.AbstractBeanFactory.lambda$doGetBean$0(AbstractBeanFactory.java:325)
	at org.springframework.beans.factory.support.DefaultSingletonBeanRegistry.getSingleton(DefaultSingletonBeanRegistry.java:234)
	at org.springframework.beans.factory.support.AbstractBeanFactory.doGetBean(AbstractBeanFactory.java:323)
	at org.springframework.beans.factory.support.AbstractBeanFactory.getBean(AbstractBeanFactory.java:199)
	at org.springframework.beans.factory.config.DependencyDescriptor.resolveCandidate(DependencyDescriptor.java:254)
	at org.springframework.beans.factory.support.DefaultListableBeanFactory.doResolveDependency(DefaultListableBeanFactory.java:1417)
	at org.springframework.beans.factory.support.DefaultListableBeanFactory.resolveDependency(DefaultListableBeanFactory.java:1337)
	at org.springframework.beans.factory.annotation.AutowiredAnnotationBeanPostProcessor$AutowiredFieldElement.resolveFieldValue(AutowiredAnnotationBeanPostProcessor.java:764)
	at org.springframework.beans.factory.annotation.AutowiredAnnotationBeanPostProcessor$AutowiredFieldElement.inject(AutowiredAnnotationBeanPostProcessor.java:747)
	at org.springframework.beans.factory.annotation.InjectionMetadata.inject(InjectionMetadata.java:145)
	at org.springframework.beans.factory.annotation.AutowiredAnnotationBeanPostProcessor.postProcessProperties(AutowiredAnnotationBeanPostProcessor.java:492)
	at org.springframework.beans.factory.support.AbstractAutowireCapableBeanFactory.populateBean(AbstractAutowireCapableBeanFactory.java:1416)
	at org.springframework.beans.factory.support.AbstractAutowireCapableBeanFactory.doCreateBean(AbstractAutowireCapableBeanFactory.java:597)
	at org.springframework.beans.factory.support.AbstractAutowireCapableBeanFactory.createBean(AbstractAutowireCapableBeanFactory.java:520)
	at org.springframework.beans.factory.support.AbstractBeanFactory.lambda$doGetBean$0(AbstractBeanFactory.java:325)
	at org.springframework.beans.factory.support.DefaultSingletonBeanRegistry.getSingleton(DefaultSingletonBeanRegistry.java:234)
	at org.springframework.beans.factory.support.AbstractBeanFactory.doGetBean(AbstractBeanFactory.java:323)
	at org.springframework.beans.factory.support.AbstractBeanFactory.getBean(AbstractBeanFactory.java:199)
	at org.springframework.beans.factory.support.DefaultListableBeanFactory.preInstantiateSingletons(DefaultListableBeanFactory.java:973)
	at org.springframework.context.support.AbstractApplicationContext.finishBeanFactoryInitialization(AbstractApplicationContext.java:950)
	at org.springframework.context.support.AbstractApplicationContext.refresh(AbstractApplicationContext.java:616)
	at org.springframework.boot.web.servlet.context.ServletWebServerApplicationContext.refresh(ServletWebServerApplicationContext.java:146)
	at org.springframework.boot.SpringApplication.refresh(SpringApplication.java:738)
	at org.springframework.boot.SpringApplication.refreshContext(SpringApplication.java:440)
	at org.springframework.boot.SpringApplication.run(SpringApplication.java:316)
	at org.springframework.boot.test.context.SpringBootContextLoader.lambda$loadContext$3(SpringBootContextLoader.java:137)
	at org.springframework.util.function.ThrowingSupplier.get(ThrowingSupplier.java:58)
	at org.springframework.util.function.ThrowingSupplier.get(ThrowingSupplier.java:46)
	at org.springframework.boot.SpringApplication.withHook(SpringApplication.java:1406)
	at org.springframework.boot.test.context.SpringBootContextLoader$ContextLoaderHook.run(SpringBootContextLoader.java:545)
	at org.springframework.boot.test.context.SpringBootContextLoader.loadContext(SpringBootContextLoader.java:137)
	at org.springframework.boot.test.context.SpringBootContextLoader.loadContext(SpringBootContextLoader.java:108)
	at org.springframework.test.context.cache.DefaultCacheAwareContextLoaderDelegate.loadContextInternal(DefaultCacheAwareContextLoaderDelegate.java:187)
	at org.springframework.test.context.cache.DefaultCacheAwareContextLoaderDelegate.loadContext(DefaultCacheAwareContextLoaderDelegate.java:119)
	at org.springframework.test.context.support.DefaultTestContext.getApplicationContext(DefaultTestContext.java:127)
	at org.springframework.test.context.support.DependencyInjectionTestExecutionListener.injectDependencies(DependencyInjectionTestExecutionListener.java:141)
	at org.springframework.test.context.support.DependencyInjectionTestExecutionListener.prepareTestInstance(DependencyInjectionTestExecutionListener.java:97)
	at org.springframework.test.context.TestContextManager.prepareTestInstance(TestContextManager.java:241)
	at org.springframework.test.context.junit.jupiter.SpringExtension.postProcessTestInstance(SpringExtension.java:138)
	at org.junit.jupiter.engine.descriptor.ClassBasedTestDescriptor.lambda$invokeTestInstancePostProcessors$10(ClassBasedTestDescriptor.java:377)
	at org.junit.jupiter.engine.descriptor.ClassBasedTestDescriptor.executeAndMaskThrowable(ClassBasedTestDescriptor.java:382)
	at org.junit.jupiter.engine.descriptor.ClassBasedTestDescriptor.lambda$invokeTestInstancePostProcessors$11(ClassBasedTestDescriptor.java:377)
	at java.base/java.util.stream.ReferencePipeline$3$1.accept(ReferencePipeline.java:197)
	at java.base/java.util.stream.ReferencePipeline$2$1.accept(ReferencePipeline.java:179)
	at java.base/java.util.ArrayList$ArrayListSpliterator.forEachRemaining(ArrayList.java:1625)
	at java.base/java.util.stream.AbstractPipeline.copyInto(AbstractPipeline.java:509)
	at java.base/java.util.stream.AbstractPipeline.wrapAndCopyInto(AbstractPipeline.java:499)
	at java.base/java.util.stream.StreamSpliterators$WrappingSpliterator.forEachRemaining(StreamSpliterators.java:310)
	at java.base/java.util.stream.Streams$ConcatSpliterator.forEachRemaining(Streams.java:735)
	at java.base/java.util.stream.Streams$ConcatSpliterator.forEachRemaining(Streams.java:734)
	at java.base/java.util.stream.ReferencePipeline$Head.forEach(ReferencePipeline.java:762)
	at org.junit.jupiter.engine.descriptor.ClassBasedTestDescriptor.invokeTestInstancePostProcessors(ClassBasedTestDescriptor.java:376)
	at org.junit.jupiter.engine.descriptor.ClassBasedTestDescriptor.lambda$instantiateAndPostProcessTestInstance$6(ClassBasedTestDescriptor.java:289)
	at org.junit.platform.engine.support.hierarchical.ThrowableCollector.execute(ThrowableCollector.java:73)
	at org.junit.jupiter.engine.descriptor.ClassBasedTestDescriptor.instantiateAndPostProcessTestInstance(ClassBasedTestDescriptor.java:288)
	at org.junit.jupiter.engine.descriptor.ClassBasedTestDescriptor.lambda$testInstancesProvider$4(ClassBasedTestDescriptor.java:278)
	at java.base/java.util.Optional.orElseGet(Optional.java:364)
	at org.junit.jupiter.engine.descriptor.ClassBasedTestDescriptor.lambda$testInstancesProvider$5(ClassBasedTestDescriptor.java:277)
	at org.junit.jupiter.engine.execution.TestInstancesProvider.getTestInstances(TestInstancesProvider.java:31)
	at org.junit.jupiter.engine.descriptor.TestMethodTestDescriptor.lambda$prepare$0(TestMethodTestDescriptor.java:105)
	at org.junit.platform.engine.support.hierarchical.ThrowableCollector.execute(ThrowableCollector.java:73)
	at org.junit.jupiter.engine.descriptor.TestMethodTestDescriptor.prepare(TestMethodTestDescriptor.java:104)
	at org.junit.jupiter.engine.descriptor.TestMethodTestDescriptor.prepare(TestMethodTestDescriptor.java:68)
	at org.junit.platform.engine.support.hierarchical.NodeTestTask.lambda$prepare$2(NodeTestTask.java:123)
	at org.junit.platform.engine.support.hierarchical.ThrowableCollector.execute(ThrowableCollector.java:73)
	at org.junit.platform.engine.support.hierarchical.NodeTestTask.prepare(NodeTestTask.java:123)
	at org.junit.platform.engine.support.hierarchical.NodeTestTask.execute(NodeTestTask.java:90)
	at java.base/java.util.ArrayList.forEach(ArrayList.java:1511)
	at org.junit.platform.engine.support.hierarchical.SameThreadHierarchicalTestExecutorService.invokeAll(SameThreadHierarchicalTestExecutorService.java:41)
	at org.junit.platform.engine.support.hierarchical.NodeTestTask.lambda$executeRecursively$6(NodeTestTask.java:155)
	at org.junit.platform.engine.support.hierarchical.ThrowableCollector.execute(ThrowableCollector.java:73)
	at org.junit.platform.engine.support.hierarchical.NodeTestTask.lambda$executeRecursively$8(NodeTestTask.java:141)
	at org.junit.platform.engine.support.hierarchical.Node.around(Node.java:137)
	at org.junit.platform.engine.support.hierarchical.NodeTestTask.lambda$executeRecursively$9(NodeTestTask.java:139)
	at org.junit.platform.engine.support.hierarchical.ThrowableCollector.execute(ThrowableCollector.java:73)
	at org.junit.platform.engine.support.hierarchical.NodeTestTask.executeRecursively(NodeTestTask.java:138)
	at org.junit.platform.engine.support.hierarchical.NodeTestTask.execute(NodeTestTask.java:95)
	at java.base/java.util.ArrayList.forEach(ArrayList.java:1511)
	at org.junit.platform.engine.support.hierarchical.SameThreadHierarchicalTestExecutorService.invokeAll(SameThreadHierarchicalTestExecutorService.java:41)
	at org.junit.platform.engine.support.hierarchical.NodeTestTask.lambda$executeRecursively$6(NodeTestTask.java:155)
	at org.junit.platform.engine.support.hierarchical.ThrowableCollector.execute(ThrowableCollector.java:73)
	at org.junit.platform.engine.support.hierarchical.NodeTestTask.lambda$executeRecursively$8(NodeTestTask.java:141)
	at org.junit.platform.engine.support.hierarchical.Node.around(Node.java:137)
	at org.junit.platform.engine.support.hierarchical.NodeTestTask.lambda$executeRecursively$9(NodeTestTask.java:139)
	at org.junit.platform.engine.support.hierarchical.ThrowableCollector.execute(ThrowableCollector.java:73)
	at org.junit.platform.engine.support.hierarchical.NodeTestTask.executeRecursively(NodeTestTask.java:138)
	at org.junit.platform.engine.support.hierarchical.NodeTestTask.execute(NodeTestTask.java:95)
	at org.junit.platform.engine.support.hierarchical.SameThreadHierarchicalTestExecutorService.submit(SameThreadHierarchicalTestExecutorService.java:35)
	at org.junit.platform.engine.support.hierarchical.HierarchicalTestExecutor.execute(HierarchicalTestExecutor.java:57)
	at org.junit.platform.engine.support.hierarchical.HierarchicalTestEngine.execute(HierarchicalTestEngine.java:54)
	at org.junit.platform.launcher.core.EngineExecutionOrchestrator.execute(EngineExecutionOrchestrator.java:147)
	at org.junit.platform.launcher.core.EngineExecutionOrchestrator.execute(EngineExecutionOrchestrator.java:127)
	at org.junit.platform.launcher.core.EngineExecutionOrchestrator.execute(EngineExecutionOrchestrator.java:90)
	at org.junit.platform.launcher.core.EngineExecutionOrchestrator.lambda$execute$0(EngineExecutionOrchestrator.java:55)
	at org.junit.platform.launcher.core.EngineExecutionOrchestrator.withInterceptedStreams(EngineExecutionOrchestrator.java:102)
	at org.junit.platform.launcher.core.EngineExecutionOrchestrator.execute(EngineExecutionOrchestrator.java:54)
	at org.junit.platform.launcher.core.DefaultLauncher.execute(DefaultLauncher.java:114)
	at org.junit.platform.launcher.core.DefaultLauncher.execute(DefaultLauncher.java:86)
	at org.junit.platform.launcher.core.DefaultLauncherSession$DelegatingLauncher.execute(DefaultLauncherSession.java:86)
	at org.apache.maven.surefire.junitplatform.LazyLauncher.execute(LazyLauncher.java:50)
	at org.apache.maven.surefire.junitplatform.JUnitPlatformProvider.execute(JUnitPlatformProvider.java:184)
	at org.apache.maven.surefire.junitplatform.JUnitPlatformProvider.invokeAllTests(JUnitPlatformProvider.java:148)
	at org.apache.maven.surefire.junitplatform.JUnitPlatformProvider.invoke(JUnitPlatformProvider.java:122)
	at org.apache.maven.surefire.booter.ForkedBooter.runSuitesInProcess(ForkedBooter.java:385)
	at org.apache.maven.surefire.booter.ForkedBooter.execute(ForkedBooter.java:162)
	at org.apache.maven.surefire.booter.ForkedBooter.run(ForkedBooter.java:507)
	at org.apache.maven.surefire.booter.ForkedBooter.main(ForkedBooter.java:495)
2023-11-24 12:36:35,978 TRACE o.h.i.SessionImpl [SessionImpl.java:402] Closing session [33c3f892-90d1-414f-b1b2-86395d6f0fbf]
2023-11-24 12:36:35,979 TRACE o.h.e.j.i.JdbcCoordinatorImpl [JdbcCoordinatorImpl.java:152] Closing JDBC container [org.hibernate.engine.jdbc.internal.JdbcCoordinatorImpl@1840795a]
2023-11-24 12:36:35,979 TRACE o.h.r.j.i.ResourceRegistryStandardImpl [ResourceRegistryStandardImpl.java:329] Releasing JDBC resources
2023-11-24 12:36:35,979 TRACE o.h.r.j.i.LogicalConnectionManagedImpl [LogicalConnectionManagedImpl.java:256] Closing logical connection
2023-11-24 12:36:35,979 TRACE o.h.r.j.i.LogicalConnectionManagedImpl [LogicalConnectionManagedImpl.java:263] Logical connection closed
2023-11-24 12:36:35,980 TRACE o.h.i.SessionFactoryImpl$SessionBuilderImpl [SessionFactoryImpl.java:1298] Opening Hibernate Session.  tenant=null
2023-11-24 12:36:35,980 TRACE o.h.i.SessionImpl [SessionImpl.java:262] Opened Session [69b343f7-66a2-4728-afba-e50ed3af734a] at timestamp: 1700825795980
2023-11-24 12:36:35,981 TRACE o.h.i.SessionImpl [SessionImpl.java:402] Closing session [69b343f7-66a2-4728-afba-e50ed3af734a]
2023-11-24 12:36:35,981 TRACE o.h.e.j.i.JdbcCoordinatorImpl [JdbcCoordinatorImpl.java:152] Closing JDBC container [org.hibernate.engine.jdbc.internal.JdbcCoordinatorImpl@5a1c0458]
2023-11-24 12:36:35,981 TRACE o.h.r.j.i.ResourceRegistryStandardImpl [ResourceRegistryStandardImpl.java:329] Releasing JDBC resources
2023-11-24 12:36:35,982 TRACE o.h.r.j.i.LogicalConnectionManagedImpl [LogicalConnectionManagedImpl.java:256] Closing logical connection
2023-11-24 12:36:35,982 TRACE o.h.r.j.i.LogicalConnectionManagedImpl [LogicalConnectionManagedImpl.java:263] Logical connection closed
2023-11-24 12:36:35,984 TRACE o.h.i.SessionFactoryImpl$SessionBuilderImpl [SessionFactoryImpl.java:1298] Opening Hibernate Session.  tenant=null
2023-11-24 12:36:35,984 TRACE o.h.i.SessionImpl [SessionImpl.java:262] Opened Session [e27e33ae-ff89-414f-8235-59b6a96a1d35] at timestamp: 1700825795984
2023-11-24 12:36:35,984 DEBUG o.h.r.t.b.j.i.JdbcResourceLocalTransactionCoordinatorImpl [JdbcResourceLocalTransactionCoordinatorImpl.java:310] JDBC transaction marked for rollback-only (exception provided for stack trace)
java.lang.Exception: exception just for purpose of providing stack trace
	at org.hibernate.resource.transaction.backend.jdbc.internal.JdbcResourceLocalTransactionCoordinatorImpl$TransactionDriverControlImpl.markRollbackOnly(JdbcResourceLocalTransactionCoordinatorImpl.java:310)
	at org.hibernate.internal.AbstractSharedSessionContract.buildNamedQuery(AbstractSharedSessionContract.java:1021)
	at org.hibernate.internal.AbstractSharedSessionContract.createNamedQuery(AbstractSharedSessionContract.java:899)
	at org.hibernate.internal.AbstractSharedSessionContract.createNamedQuery(AbstractSharedSessionContract.java:120)
	at java.base/jdk.internal.reflect.NativeMethodAccessorImpl.invoke0(Native Method)
	at java.base/jdk.internal.reflect.NativeMethodAccessorImpl.invoke(NativeMethodAccessorImpl.java:77)
	at java.base/jdk.internal.reflect.DelegatingMethodAccessorImpl.invoke(DelegatingMethodAccessorImpl.java:43)
	at java.base/java.lang.reflect.Method.invoke(Method.java:568)
	at org.springframework.orm.jpa.ExtendedEntityManagerCreator$ExtendedEntityManagerInvocationHandler.invoke(ExtendedEntityManagerCreator.java:360)
	at jdk.proxy2/jdk.proxy2.$Proxy191.createNamedQuery(Unknown Source)
	at org.springframework.data.jpa.repository.query.NamedQuery.hasNamedQuery(NamedQuery.java:113)
	at org.springframework.data.jpa.repository.query.NamedQuery.lookupFrom(NamedQuery.java:141)
	at org.springframework.data.jpa.repository.query.JpaQueryLookupStrategy$DeclaredQueryLookupStrategy.resolveQuery(JpaQueryLookupStrategy.java:180)
	at org.springframework.data.jpa.repository.query.JpaQueryLookupStrategy$CreateIfNotFoundQueryLookupStrategy.resolveQuery(JpaQueryLookupStrategy.java:252)
	at org.springframework.data.jpa.repository.query.JpaQueryLookupStrategy$AbstractQueryLookupStrategy.resolveQuery(JpaQueryLookupStrategy.java:95)
	at org.springframework.data.repository.core.support.QueryExecutorMethodInterceptor.lookupQuery(QueryExecutorMethodInterceptor.java:111)
	at org.springframework.data.repository.core.support.QueryExecutorMethodInterceptor.mapMethodsToQuery(QueryExecutorMethodInterceptor.java:99)
	at org.springframework.data.repository.core.support.QueryExecutorMethodInterceptor.lambda$new$0(QueryExecutorMethodInterceptor.java:88)
	at java.base/java.util.Optional.map(Optional.java:260)
	at org.springframework.data.repository.core.support.QueryExecutorMethodInterceptor.<init>(QueryExecutorMethodInterceptor.java:88)
	at org.springframework.data.repository.core.support.RepositoryFactorySupport.getRepository(RepositoryFactorySupport.java:357)
	at org.springframework.data.repository.core.support.RepositoryFactoryBeanSupport.lambda$afterPropertiesSet$5(RepositoryFactoryBeanSupport.java:279)
	at org.springframework.data.util.Lazy.getNullable(Lazy.java:245)
	at org.springframework.data.util.Lazy.get(Lazy.java:114)
	at org.springframework.data.repository.core.support.RepositoryFactoryBeanSupport.afterPropertiesSet(RepositoryFactoryBeanSupport.java:285)
	at org.springframework.data.jpa.repository.support.JpaRepositoryFactoryBean.afterPropertiesSet(JpaRepositoryFactoryBean.java:132)
	at org.springframework.beans.factory.support.AbstractAutowireCapableBeanFactory.invokeInitMethods(AbstractAutowireCapableBeanFactory.java:1817)
	at org.springframework.beans.factory.support.AbstractAutowireCapableBeanFactory.initializeBean(AbstractAutowireCapableBeanFactory.java:1766)
	at org.springframework.beans.factory.support.AbstractAutowireCapableBeanFactory.doCreateBean(AbstractAutowireCapableBeanFactory.java:598)
	at org.springframework.beans.factory.support.AbstractAutowireCapableBeanFactory.createBean(AbstractAutowireCapableBeanFactory.java:520)
	at org.springframework.beans.factory.support.AbstractBeanFactory.lambda$doGetBean$0(AbstractBeanFactory.java:325)
	at org.springframework.beans.factory.support.DefaultSingletonBeanRegistry.getSingleton(DefaultSingletonBeanRegistry.java:234)
	at org.springframework.beans.factory.support.AbstractBeanFactory.doGetBean(AbstractBeanFactory.java:323)
	at org.springframework.beans.factory.support.AbstractBeanFactory.getBean(AbstractBeanFactory.java:199)
	at org.springframework.beans.factory.config.DependencyDescriptor.resolveCandidate(DependencyDescriptor.java:254)
	at org.springframework.beans.factory.support.DefaultListableBeanFactory.doResolveDependency(DefaultListableBeanFactory.java:1417)
	at org.springframework.beans.factory.support.DefaultListableBeanFactory.resolveDependency(DefaultListableBeanFactory.java:1337)
	at org.springframework.beans.factory.annotation.AutowiredAnnotationBeanPostProcessor$AutowiredFieldElement.resolveFieldValue(AutowiredAnnotationBeanPostProcessor.java:764)
	at org.springframework.beans.factory.annotation.AutowiredAnnotationBeanPostProcessor$AutowiredFieldElement.inject(AutowiredAnnotationBeanPostProcessor.java:747)
	at org.springframework.beans.factory.annotation.InjectionMetadata.inject(InjectionMetadata.java:145)
	at org.springframework.beans.factory.annotation.AutowiredAnnotationBeanPostProcessor.postProcessProperties(AutowiredAnnotationBeanPostProcessor.java:492)
	at org.springframework.beans.factory.support.AbstractAutowireCapableBeanFactory.populateBean(AbstractAutowireCapableBeanFactory.java:1416)
	at org.springframework.beans.factory.support.AbstractAutowireCapableBeanFactory.doCreateBean(AbstractAutowireCapableBeanFactory.java:597)
	at org.springframework.beans.factory.support.AbstractAutowireCapableBeanFactory.createBean(AbstractAutowireCapableBeanFactory.java:520)
	at org.springframework.beans.factory.support.AbstractBeanFactory.lambda$doGetBean$0(AbstractBeanFactory.java:325)
	at org.springframework.beans.factory.support.DefaultSingletonBeanRegistry.getSingleton(DefaultSingletonBeanRegistry.java:234)
	at org.springframework.beans.factory.support.AbstractBeanFactory.doGetBean(AbstractBeanFactory.java:323)
	at org.springframework.beans.factory.support.AbstractBeanFactory.getBean(AbstractBeanFactory.java:199)
	at org.springframework.beans.factory.support.DefaultListableBeanFactory.preInstantiateSingletons(DefaultListableBeanFactory.java:973)
	at org.springframework.context.support.AbstractApplicationContext.finishBeanFactoryInitialization(AbstractApplicationContext.java:950)
	at org.springframework.context.support.AbstractApplicationContext.refresh(AbstractApplicationContext.java:616)
	at org.springframework.boot.web.servlet.context.ServletWebServerApplicationContext.refresh(ServletWebServerApplicationContext.java:146)
	at org.springframework.boot.SpringApplication.refresh(SpringApplication.java:738)
	at org.springframework.boot.SpringApplication.refreshContext(SpringApplication.java:440)
	at org.springframework.boot.SpringApplication.run(SpringApplication.java:316)
	at org.springframework.boot.test.context.SpringBootContextLoader.lambda$loadContext$3(SpringBootContextLoader.java:137)
	at org.springframework.util.function.ThrowingSupplier.get(ThrowingSupplier.java:58)
	at org.springframework.util.function.ThrowingSupplier.get(ThrowingSupplier.java:46)
	at org.springframework.boot.SpringApplication.withHook(SpringApplication.java:1406)
	at org.springframework.boot.test.context.SpringBootContextLoader$ContextLoaderHook.run(SpringBootContextLoader.java:545)
	at org.springframework.boot.test.context.SpringBootContextLoader.loadContext(SpringBootContextLoader.java:137)
	at org.springframework.boot.test.context.SpringBootContextLoader.loadContext(SpringBootContextLoader.java:108)
	at org.springframework.test.context.cache.DefaultCacheAwareContextLoaderDelegate.loadContextInternal(DefaultCacheAwareContextLoaderDelegate.java:187)
	at org.springframework.test.context.cache.DefaultCacheAwareContextLoaderDelegate.loadContext(DefaultCacheAwareContextLoaderDelegate.java:119)
	at org.springframework.test.context.support.DefaultTestContext.getApplicationContext(DefaultTestContext.java:127)
	at org.springframework.test.context.support.DependencyInjectionTestExecutionListener.injectDependencies(DependencyInjectionTestExecutionListener.java:141)
	at org.springframework.test.context.support.DependencyInjectionTestExecutionListener.prepareTestInstance(DependencyInjectionTestExecutionListener.java:97)
	at org.springframework.test.context.TestContextManager.prepareTestInstance(TestContextManager.java:241)
	at org.springframework.test.context.junit.jupiter.SpringExtension.postProcessTestInstance(SpringExtension.java:138)
	at org.junit.jupiter.engine.descriptor.ClassBasedTestDescriptor.lambda$invokeTestInstancePostProcessors$10(ClassBasedTestDescriptor.java:377)
	at org.junit.jupiter.engine.descriptor.ClassBasedTestDescriptor.executeAndMaskThrowable(ClassBasedTestDescriptor.java:382)
	at org.junit.jupiter.engine.descriptor.ClassBasedTestDescriptor.lambda$invokeTestInstancePostProcessors$11(ClassBasedTestDescriptor.java:377)
	at java.base/java.util.stream.ReferencePipeline$3$1.accept(ReferencePipeline.java:197)
	at java.base/java.util.stream.ReferencePipeline$2$1.accept(ReferencePipeline.java:179)
	at java.base/java.util.ArrayList$ArrayListSpliterator.forEachRemaining(ArrayList.java:1625)
	at java.base/java.util.stream.AbstractPipeline.copyInto(AbstractPipeline.java:509)
	at java.base/java.util.stream.AbstractPipeline.wrapAndCopyInto(AbstractPipeline.java:499)
	at java.base/java.util.stream.StreamSpliterators$WrappingSpliterator.forEachRemaining(StreamSpliterators.java:310)
	at java.base/java.util.stream.Streams$ConcatSpliterator.forEachRemaining(Streams.java:735)
	at java.base/java.util.stream.Streams$ConcatSpliterator.forEachRemaining(Streams.java:734)
	at java.base/java.util.stream.ReferencePipeline$Head.forEach(ReferencePipeline.java:762)
	at org.junit.jupiter.engine.descriptor.ClassBasedTestDescriptor.invokeTestInstancePostProcessors(ClassBasedTestDescriptor.java:376)
	at org.junit.jupiter.engine.descriptor.ClassBasedTestDescriptor.lambda$instantiateAndPostProcessTestInstance$6(ClassBasedTestDescriptor.java:289)
	at org.junit.platform.engine.support.hierarchical.ThrowableCollector.execute(ThrowableCollector.java:73)
	at org.junit.jupiter.engine.descriptor.ClassBasedTestDescriptor.instantiateAndPostProcessTestInstance(ClassBasedTestDescriptor.java:288)
	at org.junit.jupiter.engine.descriptor.ClassBasedTestDescriptor.lambda$testInstancesProvider$4(ClassBasedTestDescriptor.java:278)
	at java.base/java.util.Optional.orElseGet(Optional.java:364)
	at org.junit.jupiter.engine.descriptor.ClassBasedTestDescriptor.lambda$testInstancesProvider$5(ClassBasedTestDescriptor.java:277)
	at org.junit.jupiter.engine.execution.TestInstancesProvider.getTestInstances(TestInstancesProvider.java:31)
	at org.junit.jupiter.engine.descriptor.TestMethodTestDescriptor.lambda$prepare$0(TestMethodTestDescriptor.java:105)
	at org.junit.platform.engine.support.hierarchical.ThrowableCollector.execute(ThrowableCollector.java:73)
	at org.junit.jupiter.engine.descriptor.TestMethodTestDescriptor.prepare(TestMethodTestDescriptor.java:104)
	at org.junit.jupiter.engine.descriptor.TestMethodTestDescriptor.prepare(TestMethodTestDescriptor.java:68)
	at org.junit.platform.engine.support.hierarchical.NodeTestTask.lambda$prepare$2(NodeTestTask.java:123)
	at org.junit.platform.engine.support.hierarchical.ThrowableCollector.execute(ThrowableCollector.java:73)
	at org.junit.platform.engine.support.hierarchical.NodeTestTask.prepare(NodeTestTask.java:123)
	at org.junit.platform.engine.support.hierarchical.NodeTestTask.execute(NodeTestTask.java:90)
	at java.base/java.util.ArrayList.forEach(ArrayList.java:1511)
	at org.junit.platform.engine.support.hierarchical.SameThreadHierarchicalTestExecutorService.invokeAll(SameThreadHierarchicalTestExecutorService.java:41)
	at org.junit.platform.engine.support.hierarchical.NodeTestTask.lambda$executeRecursively$6(NodeTestTask.java:155)
	at org.junit.platform.engine.support.hierarchical.ThrowableCollector.execute(ThrowableCollector.java:73)
	at org.junit.platform.engine.support.hierarchical.NodeTestTask.lambda$executeRecursively$8(NodeTestTask.java:141)
	at org.junit.platform.engine.support.hierarchical.Node.around(Node.java:137)
	at org.junit.platform.engine.support.hierarchical.NodeTestTask.lambda$executeRecursively$9(NodeTestTask.java:139)
	at org.junit.platform.engine.support.hierarchical.ThrowableCollector.execute(ThrowableCollector.java:73)
	at org.junit.platform.engine.support.hierarchical.NodeTestTask.executeRecursively(NodeTestTask.java:138)
	at org.junit.platform.engine.support.hierarchical.NodeTestTask.execute(NodeTestTask.java:95)
	at java.base/java.util.ArrayList.forEach(ArrayList.java:1511)
	at org.junit.platform.engine.support.hierarchical.SameThreadHierarchicalTestExecutorService.invokeAll(SameThreadHierarchicalTestExecutorService.java:41)
	at org.junit.platform.engine.support.hierarchical.NodeTestTask.lambda$executeRecursively$6(NodeTestTask.java:155)
	at org.junit.platform.engine.support.hierarchical.ThrowableCollector.execute(ThrowableCollector.java:73)
	at org.junit.platform.engine.support.hierarchical.NodeTestTask.lambda$executeRecursively$8(NodeTestTask.java:141)
	at org.junit.platform.engine.support.hierarchical.Node.around(Node.java:137)
	at org.junit.platform.engine.support.hierarchical.NodeTestTask.lambda$executeRecursively$9(NodeTestTask.java:139)
	at org.junit.platform.engine.support.hierarchical.ThrowableCollector.execute(ThrowableCollector.java:73)
	at org.junit.platform.engine.support.hierarchical.NodeTestTask.executeRecursively(NodeTestTask.java:138)
	at org.junit.platform.engine.support.hierarchical.NodeTestTask.execute(NodeTestTask.java:95)
	at org.junit.platform.engine.support.hierarchical.SameThreadHierarchicalTestExecutorService.submit(SameThreadHierarchicalTestExecutorService.java:35)
	at org.junit.platform.engine.support.hierarchical.HierarchicalTestExecutor.execute(HierarchicalTestExecutor.java:57)
	at org.junit.platform.engine.support.hierarchical.HierarchicalTestEngine.execute(HierarchicalTestEngine.java:54)
	at org.junit.platform.launcher.core.EngineExecutionOrchestrator.execute(EngineExecutionOrchestrator.java:147)
	at org.junit.platform.launcher.core.EngineExecutionOrchestrator.execute(EngineExecutionOrchestrator.java:127)
	at org.junit.platform.launcher.core.EngineExecutionOrchestrator.execute(EngineExecutionOrchestrator.java:90)
	at org.junit.platform.launcher.core.EngineExecutionOrchestrator.lambda$execute$0(EngineExecutionOrchestrator.java:55)
	at org.junit.platform.launcher.core.EngineExecutionOrchestrator.withInterceptedStreams(EngineExecutionOrchestrator.java:102)
	at org.junit.platform.launcher.core.EngineExecutionOrchestrator.execute(EngineExecutionOrchestrator.java:54)
	at org.junit.platform.launcher.core.DefaultLauncher.execute(DefaultLauncher.java:114)
	at org.junit.platform.launcher.core.DefaultLauncher.execute(DefaultLauncher.java:86)
	at org.junit.platform.launcher.core.DefaultLauncherSession$DelegatingLauncher.execute(DefaultLauncherSession.java:86)
	at org.apache.maven.surefire.junitplatform.LazyLauncher.execute(LazyLauncher.java:50)
	at org.apache.maven.surefire.junitplatform.JUnitPlatformProvider.execute(JUnitPlatformProvider.java:184)
	at org.apache.maven.surefire.junitplatform.JUnitPlatformProvider.invokeAllTests(JUnitPlatformProvider.java:148)
	at org.apache.maven.surefire.junitplatform.JUnitPlatformProvider.invoke(JUnitPlatformProvider.java:122)
	at org.apache.maven.surefire.booter.ForkedBooter.runSuitesInProcess(ForkedBooter.java:385)
	at org.apache.maven.surefire.booter.ForkedBooter.execute(ForkedBooter.java:162)
	at org.apache.maven.surefire.booter.ForkedBooter.run(ForkedBooter.java:507)
	at org.apache.maven.surefire.booter.ForkedBooter.main(ForkedBooter.java:495)
2023-11-24 12:36:35,985 TRACE o.h.i.SessionImpl [SessionImpl.java:402] Closing session [e27e33ae-ff89-414f-8235-59b6a96a1d35]
2023-11-24 12:36:35,986 TRACE o.h.e.j.i.JdbcCoordinatorImpl [JdbcCoordinatorImpl.java:152] Closing JDBC container [org.hibernate.engine.jdbc.internal.JdbcCoordinatorImpl@31c8c0c0]
2023-11-24 12:36:35,986 TRACE o.h.r.j.i.ResourceRegistryStandardImpl [ResourceRegistryStandardImpl.java:329] Releasing JDBC resources
2023-11-24 12:36:35,986 TRACE o.h.r.j.i.LogicalConnectionManagedImpl [LogicalConnectionManagedImpl.java:256] Closing logical connection
2023-11-24 12:36:35,986 TRACE o.h.r.j.i.LogicalConnectionManagedImpl [LogicalConnectionManagedImpl.java:263] Logical connection closed
2023-11-24 12:36:35,986 TRACE o.h.i.SessionFactoryImpl$SessionBuilderImpl [SessionFactoryImpl.java:1298] Opening Hibernate Session.  tenant=null
2023-11-24 12:36:35,987 TRACE o.h.i.SessionImpl [SessionImpl.java:262] Opened Session [c66762a9-33ee-4840-a52e-d4a7ecbf6541] at timestamp: 1700825795987
2023-11-24 12:36:35,987 TRACE o.h.i.SessionImpl [SessionImpl.java:402] Closing session [c66762a9-33ee-4840-a52e-d4a7ecbf6541]
2023-11-24 12:36:35,987 TRACE o.h.e.j.i.JdbcCoordinatorImpl [JdbcCoordinatorImpl.java:152] Closing JDBC container [org.hibernate.engine.jdbc.internal.JdbcCoordinatorImpl@2a59f50a]
2023-11-24 12:36:35,988 TRACE o.h.r.j.i.ResourceRegistryStandardImpl [ResourceRegistryStandardImpl.java:329] Releasing JDBC resources
2023-11-24 12:36:35,988 TRACE o.h.r.j.i.LogicalConnectionManagedImpl [LogicalConnectionManagedImpl.java:256] Closing logical connection
2023-11-24 12:36:35,988 TRACE o.h.r.j.i.LogicalConnectionManagedImpl [LogicalConnectionManagedImpl.java:263] Logical connection closed
2023-11-24 12:36:35,991 TRACE o.h.i.SessionFactoryImpl$SessionBuilderImpl [SessionFactoryImpl.java:1298] Opening Hibernate Session.  tenant=null
2023-11-24 12:36:35,991 TRACE o.h.i.SessionImpl [SessionImpl.java:262] Opened Session [4d0bd6c0-33eb-44c1-ae7d-57d3faa2366c] at timestamp: 1700825795991
2023-11-24 12:36:35,992 DEBUG o.h.r.t.b.j.i.JdbcResourceLocalTransactionCoordinatorImpl [JdbcResourceLocalTransactionCoordinatorImpl.java:310] JDBC transaction marked for rollback-only (exception provided for stack trace)
java.lang.Exception: exception just for purpose of providing stack trace
	at org.hibernate.resource.transaction.backend.jdbc.internal.JdbcResourceLocalTransactionCoordinatorImpl$TransactionDriverControlImpl.markRollbackOnly(JdbcResourceLocalTransactionCoordinatorImpl.java:310)
	at org.hibernate.internal.AbstractSharedSessionContract.buildNamedQuery(AbstractSharedSessionContract.java:1021)
	at org.hibernate.internal.AbstractSharedSessionContract.createNamedQuery(AbstractSharedSessionContract.java:899)
	at org.hibernate.internal.AbstractSharedSessionContract.createNamedQuery(AbstractSharedSessionContract.java:120)
	at java.base/jdk.internal.reflect.NativeMethodAccessorImpl.invoke0(Native Method)
	at java.base/jdk.internal.reflect.NativeMethodAccessorImpl.invoke(NativeMethodAccessorImpl.java:77)
	at java.base/jdk.internal.reflect.DelegatingMethodAccessorImpl.invoke(DelegatingMethodAccessorImpl.java:43)
	at java.base/java.lang.reflect.Method.invoke(Method.java:568)
	at org.springframework.orm.jpa.ExtendedEntityManagerCreator$ExtendedEntityManagerInvocationHandler.invoke(ExtendedEntityManagerCreator.java:360)
	at jdk.proxy2/jdk.proxy2.$Proxy191.createNamedQuery(Unknown Source)
	at org.springframework.data.jpa.repository.query.NamedQuery.hasNamedQuery(NamedQuery.java:113)
	at org.springframework.data.jpa.repository.query.NamedQuery.lookupFrom(NamedQuery.java:141)
	at org.springframework.data.jpa.repository.query.JpaQueryLookupStrategy$DeclaredQueryLookupStrategy.resolveQuery(JpaQueryLookupStrategy.java:180)
	at org.springframework.data.jpa.repository.query.JpaQueryLookupStrategy$CreateIfNotFoundQueryLookupStrategy.resolveQuery(JpaQueryLookupStrategy.java:252)
	at org.springframework.data.jpa.repository.query.JpaQueryLookupStrategy$AbstractQueryLookupStrategy.resolveQuery(JpaQueryLookupStrategy.java:95)
	at org.springframework.data.repository.core.support.QueryExecutorMethodInterceptor.lookupQuery(QueryExecutorMethodInterceptor.java:111)
	at org.springframework.data.repository.core.support.QueryExecutorMethodInterceptor.mapMethodsToQuery(QueryExecutorMethodInterceptor.java:99)
	at org.springframework.data.repository.core.support.QueryExecutorMethodInterceptor.lambda$new$0(QueryExecutorMethodInterceptor.java:88)
	at java.base/java.util.Optional.map(Optional.java:260)
	at org.springframework.data.repository.core.support.QueryExecutorMethodInterceptor.<init>(QueryExecutorMethodInterceptor.java:88)
	at org.springframework.data.repository.core.support.RepositoryFactorySupport.getRepository(RepositoryFactorySupport.java:357)
	at org.springframework.data.repository.core.support.RepositoryFactoryBeanSupport.lambda$afterPropertiesSet$5(RepositoryFactoryBeanSupport.java:279)
	at org.springframework.data.util.Lazy.getNullable(Lazy.java:245)
	at org.springframework.data.util.Lazy.get(Lazy.java:114)
	at org.springframework.data.repository.core.support.RepositoryFactoryBeanSupport.afterPropertiesSet(RepositoryFactoryBeanSupport.java:285)
	at org.springframework.data.jpa.repository.support.JpaRepositoryFactoryBean.afterPropertiesSet(JpaRepositoryFactoryBean.java:132)
	at org.springframework.beans.factory.support.AbstractAutowireCapableBeanFactory.invokeInitMethods(AbstractAutowireCapableBeanFactory.java:1817)
	at org.springframework.beans.factory.support.AbstractAutowireCapableBeanFactory.initializeBean(AbstractAutowireCapableBeanFactory.java:1766)
	at org.springframework.beans.factory.support.AbstractAutowireCapableBeanFactory.doCreateBean(AbstractAutowireCapableBeanFactory.java:598)
	at org.springframework.beans.factory.support.AbstractAutowireCapableBeanFactory.createBean(AbstractAutowireCapableBeanFactory.java:520)
	at org.springframework.beans.factory.support.AbstractBeanFactory.lambda$doGetBean$0(AbstractBeanFactory.java:325)
	at org.springframework.beans.factory.support.DefaultSingletonBeanRegistry.getSingleton(DefaultSingletonBeanRegistry.java:234)
	at org.springframework.beans.factory.support.AbstractBeanFactory.doGetBean(AbstractBeanFactory.java:323)
	at org.springframework.beans.factory.support.AbstractBeanFactory.getBean(AbstractBeanFactory.java:199)
	at org.springframework.beans.factory.config.DependencyDescriptor.resolveCandidate(DependencyDescriptor.java:254)
	at org.springframework.beans.factory.support.DefaultListableBeanFactory.doResolveDependency(DefaultListableBeanFactory.java:1417)
	at org.springframework.beans.factory.support.DefaultListableBeanFactory.resolveDependency(DefaultListableBeanFactory.java:1337)
	at org.springframework.beans.factory.annotation.AutowiredAnnotationBeanPostProcessor$AutowiredFieldElement.resolveFieldValue(AutowiredAnnotationBeanPostProcessor.java:764)
	at org.springframework.beans.factory.annotation.AutowiredAnnotationBeanPostProcessor$AutowiredFieldElement.inject(AutowiredAnnotationBeanPostProcessor.java:747)
	at org.springframework.beans.factory.annotation.InjectionMetadata.inject(InjectionMetadata.java:145)
	at org.springframework.beans.factory.annotation.AutowiredAnnotationBeanPostProcessor.postProcessProperties(AutowiredAnnotationBeanPostProcessor.java:492)
	at org.springframework.beans.factory.support.AbstractAutowireCapableBeanFactory.populateBean(AbstractAutowireCapableBeanFactory.java:1416)
	at org.springframework.beans.factory.support.AbstractAutowireCapableBeanFactory.doCreateBean(AbstractAutowireCapableBeanFactory.java:597)
	at org.springframework.beans.factory.support.AbstractAutowireCapableBeanFactory.createBean(AbstractAutowireCapableBeanFactory.java:520)
	at org.springframework.beans.factory.support.AbstractBeanFactory.lambda$doGetBean$0(AbstractBeanFactory.java:325)
	at org.springframework.beans.factory.support.DefaultSingletonBeanRegistry.getSingleton(DefaultSingletonBeanRegistry.java:234)
	at org.springframework.beans.factory.support.AbstractBeanFactory.doGetBean(AbstractBeanFactory.java:323)
	at org.springframework.beans.factory.support.AbstractBeanFactory.getBean(AbstractBeanFactory.java:199)
	at org.springframework.beans.factory.support.DefaultListableBeanFactory.preInstantiateSingletons(DefaultListableBeanFactory.java:973)
	at org.springframework.context.support.AbstractApplicationContext.finishBeanFactoryInitialization(AbstractApplicationContext.java:950)
	at org.springframework.context.support.AbstractApplicationContext.refresh(AbstractApplicationContext.java:616)
	at org.springframework.boot.web.servlet.context.ServletWebServerApplicationContext.refresh(ServletWebServerApplicationContext.java:146)
	at org.springframework.boot.SpringApplication.refresh(SpringApplication.java:738)
	at org.springframework.boot.SpringApplication.refreshContext(SpringApplication.java:440)
	at org.springframework.boot.SpringApplication.run(SpringApplication.java:316)
	at org.springframework.boot.test.context.SpringBootContextLoader.lambda$loadContext$3(SpringBootContextLoader.java:137)
	at org.springframework.util.function.ThrowingSupplier.get(ThrowingSupplier.java:58)
	at org.springframework.util.function.ThrowingSupplier.get(ThrowingSupplier.java:46)
	at org.springframework.boot.SpringApplication.withHook(SpringApplication.java:1406)
	at org.springframework.boot.test.context.SpringBootContextLoader$ContextLoaderHook.run(SpringBootContextLoader.java:545)
	at org.springframework.boot.test.context.SpringBootContextLoader.loadContext(SpringBootContextLoader.java:137)
	at org.springframework.boot.test.context.SpringBootContextLoader.loadContext(SpringBootContextLoader.java:108)
	at org.springframework.test.context.cache.DefaultCacheAwareContextLoaderDelegate.loadContextInternal(DefaultCacheAwareContextLoaderDelegate.java:187)
	at org.springframework.test.context.cache.DefaultCacheAwareContextLoaderDelegate.loadContext(DefaultCacheAwareContextLoaderDelegate.java:119)
	at org.springframework.test.context.support.DefaultTestContext.getApplicationContext(DefaultTestContext.java:127)
	at org.springframework.test.context.support.DependencyInjectionTestExecutionListener.injectDependencies(DependencyInjectionTestExecutionListener.java:141)
	at org.springframework.test.context.support.DependencyInjectionTestExecutionListener.prepareTestInstance(DependencyInjectionTestExecutionListener.java:97)
	at org.springframework.test.context.TestContextManager.prepareTestInstance(TestContextManager.java:241)
	at org.springframework.test.context.junit.jupiter.SpringExtension.postProcessTestInstance(SpringExtension.java:138)
	at org.junit.jupiter.engine.descriptor.ClassBasedTestDescriptor.lambda$invokeTestInstancePostProcessors$10(ClassBasedTestDescriptor.java:377)
	at org.junit.jupiter.engine.descriptor.ClassBasedTestDescriptor.executeAndMaskThrowable(ClassBasedTestDescriptor.java:382)
	at org.junit.jupiter.engine.descriptor.ClassBasedTestDescriptor.lambda$invokeTestInstancePostProcessors$11(ClassBasedTestDescriptor.java:377)
	at java.base/java.util.stream.ReferencePipeline$3$1.accept(ReferencePipeline.java:197)
	at java.base/java.util.stream.ReferencePipeline$2$1.accept(ReferencePipeline.java:179)
	at java.base/java.util.ArrayList$ArrayListSpliterator.forEachRemaining(ArrayList.java:1625)
	at java.base/java.util.stream.AbstractPipeline.copyInto(AbstractPipeline.java:509)
	at java.base/java.util.stream.AbstractPipeline.wrapAndCopyInto(AbstractPipeline.java:499)
	at java.base/java.util.stream.StreamSpliterators$WrappingSpliterator.forEachRemaining(StreamSpliterators.java:310)
	at java.base/java.util.stream.Streams$ConcatSpliterator.forEachRemaining(Streams.java:735)
	at java.base/java.util.stream.Streams$ConcatSpliterator.forEachRemaining(Streams.java:734)
	at java.base/java.util.stream.ReferencePipeline$Head.forEach(ReferencePipeline.java:762)
	at org.junit.jupiter.engine.descriptor.ClassBasedTestDescriptor.invokeTestInstancePostProcessors(ClassBasedTestDescriptor.java:376)
	at org.junit.jupiter.engine.descriptor.ClassBasedTestDescriptor.lambda$instantiateAndPostProcessTestInstance$6(ClassBasedTestDescriptor.java:289)
	at org.junit.platform.engine.support.hierarchical.ThrowableCollector.execute(ThrowableCollector.java:73)
	at org.junit.jupiter.engine.descriptor.ClassBasedTestDescriptor.instantiateAndPostProcessTestInstance(ClassBasedTestDescriptor.java:288)
	at org.junit.jupiter.engine.descriptor.ClassBasedTestDescriptor.lambda$testInstancesProvider$4(ClassBasedTestDescriptor.java:278)
	at java.base/java.util.Optional.orElseGet(Optional.java:364)
	at org.junit.jupiter.engine.descriptor.ClassBasedTestDescriptor.lambda$testInstancesProvider$5(ClassBasedTestDescriptor.java:277)
	at org.junit.jupiter.engine.execution.TestInstancesProvider.getTestInstances(TestInstancesProvider.java:31)
	at org.junit.jupiter.engine.descriptor.TestMethodTestDescriptor.lambda$prepare$0(TestMethodTestDescriptor.java:105)
	at org.junit.platform.engine.support.hierarchical.ThrowableCollector.execute(ThrowableCollector.java:73)
	at org.junit.jupiter.engine.descriptor.TestMethodTestDescriptor.prepare(TestMethodTestDescriptor.java:104)
	at org.junit.jupiter.engine.descriptor.TestMethodTestDescriptor.prepare(TestMethodTestDescriptor.java:68)
	at org.junit.platform.engine.support.hierarchical.NodeTestTask.lambda$prepare$2(NodeTestTask.java:123)
	at org.junit.platform.engine.support.hierarchical.ThrowableCollector.execute(ThrowableCollector.java:73)
	at org.junit.platform.engine.support.hierarchical.NodeTestTask.prepare(NodeTestTask.java:123)
	at org.junit.platform.engine.support.hierarchical.NodeTestTask.execute(NodeTestTask.java:90)
	at java.base/java.util.ArrayList.forEach(ArrayList.java:1511)
	at org.junit.platform.engine.support.hierarchical.SameThreadHierarchicalTestExecutorService.invokeAll(SameThreadHierarchicalTestExecutorService.java:41)
	at org.junit.platform.engine.support.hierarchical.NodeTestTask.lambda$executeRecursively$6(NodeTestTask.java:155)
	at org.junit.platform.engine.support.hierarchical.ThrowableCollector.execute(ThrowableCollector.java:73)
	at org.junit.platform.engine.support.hierarchical.NodeTestTask.lambda$executeRecursively$8(NodeTestTask.java:141)
	at org.junit.platform.engine.support.hierarchical.Node.around(Node.java:137)
	at org.junit.platform.engine.support.hierarchical.NodeTestTask.lambda$executeRecursively$9(NodeTestTask.java:139)
	at org.junit.platform.engine.support.hierarchical.ThrowableCollector.execute(ThrowableCollector.java:73)
	at org.junit.platform.engine.support.hierarchical.NodeTestTask.executeRecursively(NodeTestTask.java:138)
	at org.junit.platform.engine.support.hierarchical.NodeTestTask.execute(NodeTestTask.java:95)
	at java.base/java.util.ArrayList.forEach(ArrayList.java:1511)
	at org.junit.platform.engine.support.hierarchical.SameThreadHierarchicalTestExecutorService.invokeAll(SameThreadHierarchicalTestExecutorService.java:41)
	at org.junit.platform.engine.support.hierarchical.NodeTestTask.lambda$executeRecursively$6(NodeTestTask.java:155)
	at org.junit.platform.engine.support.hierarchical.ThrowableCollector.execute(ThrowableCollector.java:73)
	at org.junit.platform.engine.support.hierarchical.NodeTestTask.lambda$executeRecursively$8(NodeTestTask.java:141)
	at org.junit.platform.engine.support.hierarchical.Node.around(Node.java:137)
	at org.junit.platform.engine.support.hierarchical.NodeTestTask.lambda$executeRecursively$9(NodeTestTask.java:139)
	at org.junit.platform.engine.support.hierarchical.ThrowableCollector.execute(ThrowableCollector.java:73)
	at org.junit.platform.engine.support.hierarchical.NodeTestTask.executeRecursively(NodeTestTask.java:138)
	at org.junit.platform.engine.support.hierarchical.NodeTestTask.execute(NodeTestTask.java:95)
	at org.junit.platform.engine.support.hierarchical.SameThreadHierarchicalTestExecutorService.submit(SameThreadHierarchicalTestExecutorService.java:35)
	at org.junit.platform.engine.support.hierarchical.HierarchicalTestExecutor.execute(HierarchicalTestExecutor.java:57)
	at org.junit.platform.engine.support.hierarchical.HierarchicalTestEngine.execute(HierarchicalTestEngine.java:54)
	at org.junit.platform.launcher.core.EngineExecutionOrchestrator.execute(EngineExecutionOrchestrator.java:147)
	at org.junit.platform.launcher.core.EngineExecutionOrchestrator.execute(EngineExecutionOrchestrator.java:127)
	at org.junit.platform.launcher.core.EngineExecutionOrchestrator.execute(EngineExecutionOrchestrator.java:90)
	at org.junit.platform.launcher.core.EngineExecutionOrchestrator.lambda$execute$0(EngineExecutionOrchestrator.java:55)
	at org.junit.platform.launcher.core.EngineExecutionOrchestrator.withInterceptedStreams(EngineExecutionOrchestrator.java:102)
	at org.junit.platform.launcher.core.EngineExecutionOrchestrator.execute(EngineExecutionOrchestrator.java:54)
	at org.junit.platform.launcher.core.DefaultLauncher.execute(DefaultLauncher.java:114)
	at org.junit.platform.launcher.core.DefaultLauncher.execute(DefaultLauncher.java:86)
	at org.junit.platform.launcher.core.DefaultLauncherSession$DelegatingLauncher.execute(DefaultLauncherSession.java:86)
	at org.apache.maven.surefire.junitplatform.LazyLauncher.execute(LazyLauncher.java:50)
	at org.apache.maven.surefire.junitplatform.JUnitPlatformProvider.execute(JUnitPlatformProvider.java:184)
	at org.apache.maven.surefire.junitplatform.JUnitPlatformProvider.invokeAllTests(JUnitPlatformProvider.java:148)
	at org.apache.maven.surefire.junitplatform.JUnitPlatformProvider.invoke(JUnitPlatformProvider.java:122)
	at org.apache.maven.surefire.booter.ForkedBooter.runSuitesInProcess(ForkedBooter.java:385)
	at org.apache.maven.surefire.booter.ForkedBooter.execute(ForkedBooter.java:162)
	at org.apache.maven.surefire.booter.ForkedBooter.run(ForkedBooter.java:507)
	at org.apache.maven.surefire.booter.ForkedBooter.main(ForkedBooter.java:495)
2023-11-24 12:36:35,993 TRACE o.h.i.SessionImpl [SessionImpl.java:402] Closing session [4d0bd6c0-33eb-44c1-ae7d-57d3faa2366c]
2023-11-24 12:36:35,993 TRACE o.h.e.j.i.JdbcCoordinatorImpl [JdbcCoordinatorImpl.java:152] Closing JDBC container [org.hibernate.engine.jdbc.internal.JdbcCoordinatorImpl@5f1ecf01]
2023-11-24 12:36:35,993 TRACE o.h.r.j.i.ResourceRegistryStandardImpl [ResourceRegistryStandardImpl.java:329] Releasing JDBC resources
2023-11-24 12:36:35,994 TRACE o.h.r.j.i.LogicalConnectionManagedImpl [LogicalConnectionManagedImpl.java:256] Closing logical connection
2023-11-24 12:36:35,994 TRACE o.h.r.j.i.LogicalConnectionManagedImpl [LogicalConnectionManagedImpl.java:263] Logical connection closed
2023-11-24 12:36:35,994 TRACE o.h.i.SessionFactoryImpl$SessionBuilderImpl [SessionFactoryImpl.java:1298] Opening Hibernate Session.  tenant=null
2023-11-24 12:36:35,994 TRACE o.h.i.SessionImpl [SessionImpl.java:262] Opened Session [8126ab62-b330-43d9-a3c6-aa965216beb0] at timestamp: 1700825795994
2023-11-24 12:36:35,995 TRACE o.h.i.SessionImpl [SessionImpl.java:402] Closing session [8126ab62-b330-43d9-a3c6-aa965216beb0]
2023-11-24 12:36:35,995 TRACE o.h.e.j.i.JdbcCoordinatorImpl [JdbcCoordinatorImpl.java:152] Closing JDBC container [org.hibernate.engine.jdbc.internal.JdbcCoordinatorImpl@23680697]
2023-11-24 12:36:35,995 TRACE o.h.r.j.i.ResourceRegistryStandardImpl [ResourceRegistryStandardImpl.java:329] Releasing JDBC resources
2023-11-24 12:36:35,995 TRACE o.h.r.j.i.LogicalConnectionManagedImpl [LogicalConnectionManagedImpl.java:256] Closing logical connection
2023-11-24 12:36:35,996 TRACE o.h.r.j.i.LogicalConnectionManagedImpl [LogicalConnectionManagedImpl.java:263] Logical connection closed
2023-11-24 12:36:35,998 TRACE o.h.i.SessionFactoryImpl$SessionBuilderImpl [SessionFactoryImpl.java:1298] Opening Hibernate Session.  tenant=null
2023-11-24 12:36:35,998 TRACE o.h.i.SessionImpl [SessionImpl.java:262] Opened Session [ba2877e5-4ff6-4739-93f9-cf67362740d9] at timestamp: 1700825795998
2023-11-24 12:36:35,999 DEBUG o.h.r.t.b.j.i.JdbcResourceLocalTransactionCoordinatorImpl [JdbcResourceLocalTransactionCoordinatorImpl.java:310] JDBC transaction marked for rollback-only (exception provided for stack trace)
java.lang.Exception: exception just for purpose of providing stack trace
	at org.hibernate.resource.transaction.backend.jdbc.internal.JdbcResourceLocalTransactionCoordinatorImpl$TransactionDriverControlImpl.markRollbackOnly(JdbcResourceLocalTransactionCoordinatorImpl.java:310)
	at org.hibernate.internal.AbstractSharedSessionContract.buildNamedQuery(AbstractSharedSessionContract.java:1021)
	at org.hibernate.internal.AbstractSharedSessionContract.createNamedQuery(AbstractSharedSessionContract.java:899)
	at org.hibernate.internal.AbstractSharedSessionContract.createNamedQuery(AbstractSharedSessionContract.java:120)
	at java.base/jdk.internal.reflect.NativeMethodAccessorImpl.invoke0(Native Method)
	at java.base/jdk.internal.reflect.NativeMethodAccessorImpl.invoke(NativeMethodAccessorImpl.java:77)
	at java.base/jdk.internal.reflect.DelegatingMethodAccessorImpl.invoke(DelegatingMethodAccessorImpl.java:43)
	at java.base/java.lang.reflect.Method.invoke(Method.java:568)
	at org.springframework.orm.jpa.ExtendedEntityManagerCreator$ExtendedEntityManagerInvocationHandler.invoke(ExtendedEntityManagerCreator.java:360)
	at jdk.proxy2/jdk.proxy2.$Proxy191.createNamedQuery(Unknown Source)
	at org.springframework.data.jpa.repository.query.NamedQuery.hasNamedQuery(NamedQuery.java:113)
	at org.springframework.data.jpa.repository.query.NamedQuery.lookupFrom(NamedQuery.java:141)
	at org.springframework.data.jpa.repository.query.JpaQueryLookupStrategy$DeclaredQueryLookupStrategy.resolveQuery(JpaQueryLookupStrategy.java:180)
	at org.springframework.data.jpa.repository.query.JpaQueryLookupStrategy$CreateIfNotFoundQueryLookupStrategy.resolveQuery(JpaQueryLookupStrategy.java:252)
	at org.springframework.data.jpa.repository.query.JpaQueryLookupStrategy$AbstractQueryLookupStrategy.resolveQuery(JpaQueryLookupStrategy.java:95)
	at org.springframework.data.repository.core.support.QueryExecutorMethodInterceptor.lookupQuery(QueryExecutorMethodInterceptor.java:111)
	at org.springframework.data.repository.core.support.QueryExecutorMethodInterceptor.mapMethodsToQuery(QueryExecutorMethodInterceptor.java:99)
	at org.springframework.data.repository.core.support.QueryExecutorMethodInterceptor.lambda$new$0(QueryExecutorMethodInterceptor.java:88)
	at java.base/java.util.Optional.map(Optional.java:260)
	at org.springframework.data.repository.core.support.QueryExecutorMethodInterceptor.<init>(QueryExecutorMethodInterceptor.java:88)
	at org.springframework.data.repository.core.support.RepositoryFactorySupport.getRepository(RepositoryFactorySupport.java:357)
	at org.springframework.data.repository.core.support.RepositoryFactoryBeanSupport.lambda$afterPropertiesSet$5(RepositoryFactoryBeanSupport.java:279)
	at org.springframework.data.util.Lazy.getNullable(Lazy.java:245)
	at org.springframework.data.util.Lazy.get(Lazy.java:114)
	at org.springframework.data.repository.core.support.RepositoryFactoryBeanSupport.afterPropertiesSet(RepositoryFactoryBeanSupport.java:285)
	at org.springframework.data.jpa.repository.support.JpaRepositoryFactoryBean.afterPropertiesSet(JpaRepositoryFactoryBean.java:132)
	at org.springframework.beans.factory.support.AbstractAutowireCapableBeanFactory.invokeInitMethods(AbstractAutowireCapableBeanFactory.java:1817)
	at org.springframework.beans.factory.support.AbstractAutowireCapableBeanFactory.initializeBean(AbstractAutowireCapableBeanFactory.java:1766)
	at org.springframework.beans.factory.support.AbstractAutowireCapableBeanFactory.doCreateBean(AbstractAutowireCapableBeanFactory.java:598)
	at org.springframework.beans.factory.support.AbstractAutowireCapableBeanFactory.createBean(AbstractAutowireCapableBeanFactory.java:520)
	at org.springframework.beans.factory.support.AbstractBeanFactory.lambda$doGetBean$0(AbstractBeanFactory.java:325)
	at org.springframework.beans.factory.support.DefaultSingletonBeanRegistry.getSingleton(DefaultSingletonBeanRegistry.java:234)
	at org.springframework.beans.factory.support.AbstractBeanFactory.doGetBean(AbstractBeanFactory.java:323)
	at org.springframework.beans.factory.support.AbstractBeanFactory.getBean(AbstractBeanFactory.java:199)
	at org.springframework.beans.factory.config.DependencyDescriptor.resolveCandidate(DependencyDescriptor.java:254)
	at org.springframework.beans.factory.support.DefaultListableBeanFactory.doResolveDependency(DefaultListableBeanFactory.java:1417)
	at org.springframework.beans.factory.support.DefaultListableBeanFactory.resolveDependency(DefaultListableBeanFactory.java:1337)
	at org.springframework.beans.factory.annotation.AutowiredAnnotationBeanPostProcessor$AutowiredFieldElement.resolveFieldValue(AutowiredAnnotationBeanPostProcessor.java:764)
	at org.springframework.beans.factory.annotation.AutowiredAnnotationBeanPostProcessor$AutowiredFieldElement.inject(AutowiredAnnotationBeanPostProcessor.java:747)
	at org.springframework.beans.factory.annotation.InjectionMetadata.inject(InjectionMetadata.java:145)
	at org.springframework.beans.factory.annotation.AutowiredAnnotationBeanPostProcessor.postProcessProperties(AutowiredAnnotationBeanPostProcessor.java:492)
	at org.springframework.beans.factory.support.AbstractAutowireCapableBeanFactory.populateBean(AbstractAutowireCapableBeanFactory.java:1416)
	at org.springframework.beans.factory.support.AbstractAutowireCapableBeanFactory.doCreateBean(AbstractAutowireCapableBeanFactory.java:597)
	at org.springframework.beans.factory.support.AbstractAutowireCapableBeanFactory.createBean(AbstractAutowireCapableBeanFactory.java:520)
	at org.springframework.beans.factory.support.AbstractBeanFactory.lambda$doGetBean$0(AbstractBeanFactory.java:325)
	at org.springframework.beans.factory.support.DefaultSingletonBeanRegistry.getSingleton(DefaultSingletonBeanRegistry.java:234)
	at org.springframework.beans.factory.support.AbstractBeanFactory.doGetBean(AbstractBeanFactory.java:323)
	at org.springframework.beans.factory.support.AbstractBeanFactory.getBean(AbstractBeanFactory.java:199)
	at org.springframework.beans.factory.support.DefaultListableBeanFactory.preInstantiateSingletons(DefaultListableBeanFactory.java:973)
	at org.springframework.context.support.AbstractApplicationContext.finishBeanFactoryInitialization(AbstractApplicationContext.java:950)
	at org.springframework.context.support.AbstractApplicationContext.refresh(AbstractApplicationContext.java:616)
	at org.springframework.boot.web.servlet.context.ServletWebServerApplicationContext.refresh(ServletWebServerApplicationContext.java:146)
	at org.springframework.boot.SpringApplication.refresh(SpringApplication.java:738)
	at org.springframework.boot.SpringApplication.refreshContext(SpringApplication.java:440)
	at org.springframework.boot.SpringApplication.run(SpringApplication.java:316)
	at org.springframework.boot.test.context.SpringBootContextLoader.lambda$loadContext$3(SpringBootContextLoader.java:137)
	at org.springframework.util.function.ThrowingSupplier.get(ThrowingSupplier.java:58)
	at org.springframework.util.function.ThrowingSupplier.get(ThrowingSupplier.java:46)
	at org.springframework.boot.SpringApplication.withHook(SpringApplication.java:1406)
	at org.springframework.boot.test.context.SpringBootContextLoader$ContextLoaderHook.run(SpringBootContextLoader.java:545)
	at org.springframework.boot.test.context.SpringBootContextLoader.loadContext(SpringBootContextLoader.java:137)
	at org.springframework.boot.test.context.SpringBootContextLoader.loadContext(SpringBootContextLoader.java:108)
	at org.springframework.test.context.cache.DefaultCacheAwareContextLoaderDelegate.loadContextInternal(DefaultCacheAwareContextLoaderDelegate.java:187)
	at org.springframework.test.context.cache.DefaultCacheAwareContextLoaderDelegate.loadContext(DefaultCacheAwareContextLoaderDelegate.java:119)
	at org.springframework.test.context.support.DefaultTestContext.getApplicationContext(DefaultTestContext.java:127)
	at org.springframework.test.context.support.DependencyInjectionTestExecutionListener.injectDependencies(DependencyInjectionTestExecutionListener.java:141)
	at org.springframework.test.context.support.DependencyInjectionTestExecutionListener.prepareTestInstance(DependencyInjectionTestExecutionListener.java:97)
	at org.springframework.test.context.TestContextManager.prepareTestInstance(TestContextManager.java:241)
	at org.springframework.test.context.junit.jupiter.SpringExtension.postProcessTestInstance(SpringExtension.java:138)
	at org.junit.jupiter.engine.descriptor.ClassBasedTestDescriptor.lambda$invokeTestInstancePostProcessors$10(ClassBasedTestDescriptor.java:377)
	at org.junit.jupiter.engine.descriptor.ClassBasedTestDescriptor.executeAndMaskThrowable(ClassBasedTestDescriptor.java:382)
	at org.junit.jupiter.engine.descriptor.ClassBasedTestDescriptor.lambda$invokeTestInstancePostProcessors$11(ClassBasedTestDescriptor.java:377)
	at java.base/java.util.stream.ReferencePipeline$3$1.accept(ReferencePipeline.java:197)
	at java.base/java.util.stream.ReferencePipeline$2$1.accept(ReferencePipeline.java:179)
	at java.base/java.util.ArrayList$ArrayListSpliterator.forEachRemaining(ArrayList.java:1625)
	at java.base/java.util.stream.AbstractPipeline.copyInto(AbstractPipeline.java:509)
	at java.base/java.util.stream.AbstractPipeline.wrapAndCopyInto(AbstractPipeline.java:499)
	at java.base/java.util.stream.StreamSpliterators$WrappingSpliterator.forEachRemaining(StreamSpliterators.java:310)
	at java.base/java.util.stream.Streams$ConcatSpliterator.forEachRemaining(Streams.java:735)
	at java.base/java.util.stream.Streams$ConcatSpliterator.forEachRemaining(Streams.java:734)
	at java.base/java.util.stream.ReferencePipeline$Head.forEach(ReferencePipeline.java:762)
	at org.junit.jupiter.engine.descriptor.ClassBasedTestDescriptor.invokeTestInstancePostProcessors(ClassBasedTestDescriptor.java:376)
	at org.junit.jupiter.engine.descriptor.ClassBasedTestDescriptor.lambda$instantiateAndPostProcessTestInstance$6(ClassBasedTestDescriptor.java:289)
	at org.junit.platform.engine.support.hierarchical.ThrowableCollector.execute(ThrowableCollector.java:73)
	at org.junit.jupiter.engine.descriptor.ClassBasedTestDescriptor.instantiateAndPostProcessTestInstance(ClassBasedTestDescriptor.java:288)
	at org.junit.jupiter.engine.descriptor.ClassBasedTestDescriptor.lambda$testInstancesProvider$4(ClassBasedTestDescriptor.java:278)
	at java.base/java.util.Optional.orElseGet(Optional.java:364)
	at org.junit.jupiter.engine.descriptor.ClassBasedTestDescriptor.lambda$testInstancesProvider$5(ClassBasedTestDescriptor.java:277)
	at org.junit.jupiter.engine.execution.TestInstancesProvider.getTestInstances(TestInstancesProvider.java:31)
	at org.junit.jupiter.engine.descriptor.TestMethodTestDescriptor.lambda$prepare$0(TestMethodTestDescriptor.java:105)
	at org.junit.platform.engine.support.hierarchical.ThrowableCollector.execute(ThrowableCollector.java:73)
	at org.junit.jupiter.engine.descriptor.TestMethodTestDescriptor.prepare(TestMethodTestDescriptor.java:104)
	at org.junit.jupiter.engine.descriptor.TestMethodTestDescriptor.prepare(TestMethodTestDescriptor.java:68)
	at org.junit.platform.engine.support.hierarchical.NodeTestTask.lambda$prepare$2(NodeTestTask.java:123)
	at org.junit.platform.engine.support.hierarchical.ThrowableCollector.execute(ThrowableCollector.java:73)
	at org.junit.platform.engine.support.hierarchical.NodeTestTask.prepare(NodeTestTask.java:123)
	at org.junit.platform.engine.support.hierarchical.NodeTestTask.execute(NodeTestTask.java:90)
	at java.base/java.util.ArrayList.forEach(ArrayList.java:1511)
	at org.junit.platform.engine.support.hierarchical.SameThreadHierarchicalTestExecutorService.invokeAll(SameThreadHierarchicalTestExecutorService.java:41)
	at org.junit.platform.engine.support.hierarchical.NodeTestTask.lambda$executeRecursively$6(NodeTestTask.java:155)
	at org.junit.platform.engine.support.hierarchical.ThrowableCollector.execute(ThrowableCollector.java:73)
	at org.junit.platform.engine.support.hierarchical.NodeTestTask.lambda$executeRecursively$8(NodeTestTask.java:141)
	at org.junit.platform.engine.support.hierarchical.Node.around(Node.java:137)
	at org.junit.platform.engine.support.hierarchical.NodeTestTask.lambda$executeRecursively$9(NodeTestTask.java:139)
	at org.junit.platform.engine.support.hierarchical.ThrowableCollector.execute(ThrowableCollector.java:73)
	at org.junit.platform.engine.support.hierarchical.NodeTestTask.executeRecursively(NodeTestTask.java:138)
	at org.junit.platform.engine.support.hierarchical.NodeTestTask.execute(NodeTestTask.java:95)
	at java.base/java.util.ArrayList.forEach(ArrayList.java:1511)
	at org.junit.platform.engine.support.hierarchical.SameThreadHierarchicalTestExecutorService.invokeAll(SameThreadHierarchicalTestExecutorService.java:41)
	at org.junit.platform.engine.support.hierarchical.NodeTestTask.lambda$executeRecursively$6(NodeTestTask.java:155)
	at org.junit.platform.engine.support.hierarchical.ThrowableCollector.execute(ThrowableCollector.java:73)
	at org.junit.platform.engine.support.hierarchical.NodeTestTask.lambda$executeRecursively$8(NodeTestTask.java:141)
	at org.junit.platform.engine.support.hierarchical.Node.around(Node.java:137)
	at org.junit.platform.engine.support.hierarchical.NodeTestTask.lambda$executeRecursively$9(NodeTestTask.java:139)
	at org.junit.platform.engine.support.hierarchical.ThrowableCollector.execute(ThrowableCollector.java:73)
	at org.junit.platform.engine.support.hierarchical.NodeTestTask.executeRecursively(NodeTestTask.java:138)
	at org.junit.platform.engine.support.hierarchical.NodeTestTask.execute(NodeTestTask.java:95)
	at org.junit.platform.engine.support.hierarchical.SameThreadHierarchicalTestExecutorService.submit(SameThreadHierarchicalTestExecutorService.java:35)
	at org.junit.platform.engine.support.hierarchical.HierarchicalTestExecutor.execute(HierarchicalTestExecutor.java:57)
	at org.junit.platform.engine.support.hierarchical.HierarchicalTestEngine.execute(HierarchicalTestEngine.java:54)
	at org.junit.platform.launcher.core.EngineExecutionOrchestrator.execute(EngineExecutionOrchestrator.java:147)
	at org.junit.platform.launcher.core.EngineExecutionOrchestrator.execute(EngineExecutionOrchestrator.java:127)
	at org.junit.platform.launcher.core.EngineExecutionOrchestrator.execute(EngineExecutionOrchestrator.java:90)
	at org.junit.platform.launcher.core.EngineExecutionOrchestrator.lambda$execute$0(EngineExecutionOrchestrator.java:55)
	at org.junit.platform.launcher.core.EngineExecutionOrchestrator.withInterceptedStreams(EngineExecutionOrchestrator.java:102)
	at org.junit.platform.launcher.core.EngineExecutionOrchestrator.execute(EngineExecutionOrchestrator.java:54)
	at org.junit.platform.launcher.core.DefaultLauncher.execute(DefaultLauncher.java:114)
	at org.junit.platform.launcher.core.DefaultLauncher.execute(DefaultLauncher.java:86)
	at org.junit.platform.launcher.core.DefaultLauncherSession$DelegatingLauncher.execute(DefaultLauncherSession.java:86)
	at org.apache.maven.surefire.junitplatform.LazyLauncher.execute(LazyLauncher.java:50)
	at org.apache.maven.surefire.junitplatform.JUnitPlatformProvider.execute(JUnitPlatformProvider.java:184)
	at org.apache.maven.surefire.junitplatform.JUnitPlatformProvider.invokeAllTests(JUnitPlatformProvider.java:148)
	at org.apache.maven.surefire.junitplatform.JUnitPlatformProvider.invoke(JUnitPlatformProvider.java:122)
	at org.apache.maven.surefire.booter.ForkedBooter.runSuitesInProcess(ForkedBooter.java:385)
	at org.apache.maven.surefire.booter.ForkedBooter.execute(ForkedBooter.java:162)
	at org.apache.maven.surefire.booter.ForkedBooter.run(ForkedBooter.java:507)
	at org.apache.maven.surefire.booter.ForkedBooter.main(ForkedBooter.java:495)
2023-11-24 12:36:36,000 TRACE o.h.i.SessionImpl [SessionImpl.java:402] Closing session [ba2877e5-4ff6-4739-93f9-cf67362740d9]
2023-11-24 12:36:36,000 TRACE o.h.e.j.i.JdbcCoordinatorImpl [JdbcCoordinatorImpl.java:152] Closing JDBC container [org.hibernate.engine.jdbc.internal.JdbcCoordinatorImpl@4451dade]
2023-11-24 12:36:36,000 TRACE o.h.r.j.i.ResourceRegistryStandardImpl [ResourceRegistryStandardImpl.java:329] Releasing JDBC resources
2023-11-24 12:36:36,000 TRACE o.h.r.j.i.LogicalConnectionManagedImpl [LogicalConnectionManagedImpl.java:256] Closing logical connection
2023-11-24 12:36:36,001 TRACE o.h.r.j.i.LogicalConnectionManagedImpl [LogicalConnectionManagedImpl.java:263] Logical connection closed
2023-11-24 12:36:36,001 TRACE o.h.i.SessionFactoryImpl$SessionBuilderImpl [SessionFactoryImpl.java:1298] Opening Hibernate Session.  tenant=null
2023-11-24 12:36:36,001 TRACE o.h.i.SessionImpl [SessionImpl.java:262] Opened Session [4a77e930-0b96-4ea4-8a99-d6447d3a20fe] at timestamp: 1700825796001
2023-11-24 12:36:36,002 TRACE o.h.i.SessionImpl [SessionImpl.java:402] Closing session [4a77e930-0b96-4ea4-8a99-d6447d3a20fe]
2023-11-24 12:36:36,002 TRACE o.h.e.j.i.JdbcCoordinatorImpl [JdbcCoordinatorImpl.java:152] Closing JDBC container [org.hibernate.engine.jdbc.internal.JdbcCoordinatorImpl@6d1e6392]
2023-11-24 12:36:36,002 TRACE o.h.r.j.i.ResourceRegistryStandardImpl [ResourceRegistryStandardImpl.java:329] Releasing JDBC resources
2023-11-24 12:36:36,002 TRACE o.h.r.j.i.LogicalConnectionManagedImpl [LogicalConnectionManagedImpl.java:256] Closing logical connection
2023-11-24 12:36:36,003 TRACE o.h.r.j.i.LogicalConnectionManagedImpl [LogicalConnectionManagedImpl.java:263] Logical connection closed
2023-11-24 12:36:36,004 TRACE o.h.i.SessionFactoryImpl$SessionBuilderImpl [SessionFactoryImpl.java:1298] Opening Hibernate Session.  tenant=null
2023-11-24 12:36:36,005 TRACE o.h.i.SessionImpl [SessionImpl.java:262] Opened Session [1b0e02b7-5382-4555-b706-7d5b27c704bd] at timestamp: 1700825796005
2023-11-24 12:36:36,005 DEBUG o.h.r.t.b.j.i.JdbcResourceLocalTransactionCoordinatorImpl [JdbcResourceLocalTransactionCoordinatorImpl.java:310] JDBC transaction marked for rollback-only (exception provided for stack trace)
java.lang.Exception: exception just for purpose of providing stack trace
	at org.hibernate.resource.transaction.backend.jdbc.internal.JdbcResourceLocalTransactionCoordinatorImpl$TransactionDriverControlImpl.markRollbackOnly(JdbcResourceLocalTransactionCoordinatorImpl.java:310)
	at org.hibernate.internal.AbstractSharedSessionContract.buildNamedQuery(AbstractSharedSessionContract.java:1021)
	at org.hibernate.internal.AbstractSharedSessionContract.createNamedQuery(AbstractSharedSessionContract.java:899)
	at org.hibernate.internal.AbstractSharedSessionContract.createNamedQuery(AbstractSharedSessionContract.java:120)
	at java.base/jdk.internal.reflect.NativeMethodAccessorImpl.invoke0(Native Method)
	at java.base/jdk.internal.reflect.NativeMethodAccessorImpl.invoke(NativeMethodAccessorImpl.java:77)
	at java.base/jdk.internal.reflect.DelegatingMethodAccessorImpl.invoke(DelegatingMethodAccessorImpl.java:43)
	at java.base/java.lang.reflect.Method.invoke(Method.java:568)
	at org.springframework.orm.jpa.ExtendedEntityManagerCreator$ExtendedEntityManagerInvocationHandler.invoke(ExtendedEntityManagerCreator.java:360)
	at jdk.proxy2/jdk.proxy2.$Proxy191.createNamedQuery(Unknown Source)
	at org.springframework.data.jpa.repository.query.NamedQuery.hasNamedQuery(NamedQuery.java:113)
	at org.springframework.data.jpa.repository.query.NamedQuery.lookupFrom(NamedQuery.java:141)
	at org.springframework.data.jpa.repository.query.JpaQueryLookupStrategy$DeclaredQueryLookupStrategy.resolveQuery(JpaQueryLookupStrategy.java:180)
	at org.springframework.data.jpa.repository.query.JpaQueryLookupStrategy$CreateIfNotFoundQueryLookupStrategy.resolveQuery(JpaQueryLookupStrategy.java:252)
	at org.springframework.data.jpa.repository.query.JpaQueryLookupStrategy$AbstractQueryLookupStrategy.resolveQuery(JpaQueryLookupStrategy.java:95)
	at org.springframework.data.repository.core.support.QueryExecutorMethodInterceptor.lookupQuery(QueryExecutorMethodInterceptor.java:111)
	at org.springframework.data.repository.core.support.QueryExecutorMethodInterceptor.mapMethodsToQuery(QueryExecutorMethodInterceptor.java:99)
	at org.springframework.data.repository.core.support.QueryExecutorMethodInterceptor.lambda$new$0(QueryExecutorMethodInterceptor.java:88)
	at java.base/java.util.Optional.map(Optional.java:260)
	at org.springframework.data.repository.core.support.QueryExecutorMethodInterceptor.<init>(QueryExecutorMethodInterceptor.java:88)
	at org.springframework.data.repository.core.support.RepositoryFactorySupport.getRepository(RepositoryFactorySupport.java:357)
	at org.springframework.data.repository.core.support.RepositoryFactoryBeanSupport.lambda$afterPropertiesSet$5(RepositoryFactoryBeanSupport.java:279)
	at org.springframework.data.util.Lazy.getNullable(Lazy.java:245)
	at org.springframework.data.util.Lazy.get(Lazy.java:114)
	at org.springframework.data.repository.core.support.RepositoryFactoryBeanSupport.afterPropertiesSet(RepositoryFactoryBeanSupport.java:285)
	at org.springframework.data.jpa.repository.support.JpaRepositoryFactoryBean.afterPropertiesSet(JpaRepositoryFactoryBean.java:132)
	at org.springframework.beans.factory.support.AbstractAutowireCapableBeanFactory.invokeInitMethods(AbstractAutowireCapableBeanFactory.java:1817)
	at org.springframework.beans.factory.support.AbstractAutowireCapableBeanFactory.initializeBean(AbstractAutowireCapableBeanFactory.java:1766)
	at org.springframework.beans.factory.support.AbstractAutowireCapableBeanFactory.doCreateBean(AbstractAutowireCapableBeanFactory.java:598)
	at org.springframework.beans.factory.support.AbstractAutowireCapableBeanFactory.createBean(AbstractAutowireCapableBeanFactory.java:520)
	at org.springframework.beans.factory.support.AbstractBeanFactory.lambda$doGetBean$0(AbstractBeanFactory.java:325)
	at org.springframework.beans.factory.support.DefaultSingletonBeanRegistry.getSingleton(DefaultSingletonBeanRegistry.java:234)
	at org.springframework.beans.factory.support.AbstractBeanFactory.doGetBean(AbstractBeanFactory.java:323)
	at org.springframework.beans.factory.support.AbstractBeanFactory.getBean(AbstractBeanFactory.java:199)
	at org.springframework.beans.factory.config.DependencyDescriptor.resolveCandidate(DependencyDescriptor.java:254)
	at org.springframework.beans.factory.support.DefaultListableBeanFactory.doResolveDependency(DefaultListableBeanFactory.java:1417)
	at org.springframework.beans.factory.support.DefaultListableBeanFactory.resolveDependency(DefaultListableBeanFactory.java:1337)
	at org.springframework.beans.factory.annotation.AutowiredAnnotationBeanPostProcessor$AutowiredFieldElement.resolveFieldValue(AutowiredAnnotationBeanPostProcessor.java:764)
	at org.springframework.beans.factory.annotation.AutowiredAnnotationBeanPostProcessor$AutowiredFieldElement.inject(AutowiredAnnotationBeanPostProcessor.java:747)
	at org.springframework.beans.factory.annotation.InjectionMetadata.inject(InjectionMetadata.java:145)
	at org.springframework.beans.factory.annotation.AutowiredAnnotationBeanPostProcessor.postProcessProperties(AutowiredAnnotationBeanPostProcessor.java:492)
	at org.springframework.beans.factory.support.AbstractAutowireCapableBeanFactory.populateBean(AbstractAutowireCapableBeanFactory.java:1416)
	at org.springframework.beans.factory.support.AbstractAutowireCapableBeanFactory.doCreateBean(AbstractAutowireCapableBeanFactory.java:597)
	at org.springframework.beans.factory.support.AbstractAutowireCapableBeanFactory.createBean(AbstractAutowireCapableBeanFactory.java:520)
	at org.springframework.beans.factory.support.AbstractBeanFactory.lambda$doGetBean$0(AbstractBeanFactory.java:325)
	at org.springframework.beans.factory.support.DefaultSingletonBeanRegistry.getSingleton(DefaultSingletonBeanRegistry.java:234)
	at org.springframework.beans.factory.support.AbstractBeanFactory.doGetBean(AbstractBeanFactory.java:323)
	at org.springframework.beans.factory.support.AbstractBeanFactory.getBean(AbstractBeanFactory.java:199)
	at org.springframework.beans.factory.support.DefaultListableBeanFactory.preInstantiateSingletons(DefaultListableBeanFactory.java:973)
	at org.springframework.context.support.AbstractApplicationContext.finishBeanFactoryInitialization(AbstractApplicationContext.java:950)
	at org.springframework.context.support.AbstractApplicationContext.refresh(AbstractApplicationContext.java:616)
	at org.springframework.boot.web.servlet.context.ServletWebServerApplicationContext.refresh(ServletWebServerApplicationContext.java:146)
	at org.springframework.boot.SpringApplication.refresh(SpringApplication.java:738)
	at org.springframework.boot.SpringApplication.refreshContext(SpringApplication.java:440)
	at org.springframework.boot.SpringApplication.run(SpringApplication.java:316)
	at org.springframework.boot.test.context.SpringBootContextLoader.lambda$loadContext$3(SpringBootContextLoader.java:137)
	at org.springframework.util.function.ThrowingSupplier.get(ThrowingSupplier.java:58)
	at org.springframework.util.function.ThrowingSupplier.get(ThrowingSupplier.java:46)
	at org.springframework.boot.SpringApplication.withHook(SpringApplication.java:1406)
	at org.springframework.boot.test.context.SpringBootContextLoader$ContextLoaderHook.run(SpringBootContextLoader.java:545)
	at org.springframework.boot.test.context.SpringBootContextLoader.loadContext(SpringBootContextLoader.java:137)
	at org.springframework.boot.test.context.SpringBootContextLoader.loadContext(SpringBootContextLoader.java:108)
	at org.springframework.test.context.cache.DefaultCacheAwareContextLoaderDelegate.loadContextInternal(DefaultCacheAwareContextLoaderDelegate.java:187)
	at org.springframework.test.context.cache.DefaultCacheAwareContextLoaderDelegate.loadContext(DefaultCacheAwareContextLoaderDelegate.java:119)
	at org.springframework.test.context.support.DefaultTestContext.getApplicationContext(DefaultTestContext.java:127)
	at org.springframework.test.context.support.DependencyInjectionTestExecutionListener.injectDependencies(DependencyInjectionTestExecutionListener.java:141)
	at org.springframework.test.context.support.DependencyInjectionTestExecutionListener.prepareTestInstance(DependencyInjectionTestExecutionListener.java:97)
	at org.springframework.test.context.TestContextManager.prepareTestInstance(TestContextManager.java:241)
	at org.springframework.test.context.junit.jupiter.SpringExtension.postProcessTestInstance(SpringExtension.java:138)
	at org.junit.jupiter.engine.descriptor.ClassBasedTestDescriptor.lambda$invokeTestInstancePostProcessors$10(ClassBasedTestDescriptor.java:377)
	at org.junit.jupiter.engine.descriptor.ClassBasedTestDescriptor.executeAndMaskThrowable(ClassBasedTestDescriptor.java:382)
	at org.junit.jupiter.engine.descriptor.ClassBasedTestDescriptor.lambda$invokeTestInstancePostProcessors$11(ClassBasedTestDescriptor.java:377)
	at java.base/java.util.stream.ReferencePipeline$3$1.accept(ReferencePipeline.java:197)
	at java.base/java.util.stream.ReferencePipeline$2$1.accept(ReferencePipeline.java:179)
	at java.base/java.util.ArrayList$ArrayListSpliterator.forEachRemaining(ArrayList.java:1625)
	at java.base/java.util.stream.AbstractPipeline.copyInto(AbstractPipeline.java:509)
	at java.base/java.util.stream.AbstractPipeline.wrapAndCopyInto(AbstractPipeline.java:499)
	at java.base/java.util.stream.StreamSpliterators$WrappingSpliterator.forEachRemaining(StreamSpliterators.java:310)
	at java.base/java.util.stream.Streams$ConcatSpliterator.forEachRemaining(Streams.java:735)
	at java.base/java.util.stream.Streams$ConcatSpliterator.forEachRemaining(Streams.java:734)
	at java.base/java.util.stream.ReferencePipeline$Head.forEach(ReferencePipeline.java:762)
	at org.junit.jupiter.engine.descriptor.ClassBasedTestDescriptor.invokeTestInstancePostProcessors(ClassBasedTestDescriptor.java:376)
	at org.junit.jupiter.engine.descriptor.ClassBasedTestDescriptor.lambda$instantiateAndPostProcessTestInstance$6(ClassBasedTestDescriptor.java:289)
	at org.junit.platform.engine.support.hierarchical.ThrowableCollector.execute(ThrowableCollector.java:73)
	at org.junit.jupiter.engine.descriptor.ClassBasedTestDescriptor.instantiateAndPostProcessTestInstance(ClassBasedTestDescriptor.java:288)
	at org.junit.jupiter.engine.descriptor.ClassBasedTestDescriptor.lambda$testInstancesProvider$4(ClassBasedTestDescriptor.java:278)
	at java.base/java.util.Optional.orElseGet(Optional.java:364)
	at org.junit.jupiter.engine.descriptor.ClassBasedTestDescriptor.lambda$testInstancesProvider$5(ClassBasedTestDescriptor.java:277)
	at org.junit.jupiter.engine.execution.TestInstancesProvider.getTestInstances(TestInstancesProvider.java:31)
	at org.junit.jupiter.engine.descriptor.TestMethodTestDescriptor.lambda$prepare$0(TestMethodTestDescriptor.java:105)
	at org.junit.platform.engine.support.hierarchical.ThrowableCollector.execute(ThrowableCollector.java:73)
	at org.junit.jupiter.engine.descriptor.TestMethodTestDescriptor.prepare(TestMethodTestDescriptor.java:104)
	at org.junit.jupiter.engine.descriptor.TestMethodTestDescriptor.prepare(TestMethodTestDescriptor.java:68)
	at org.junit.platform.engine.support.hierarchical.NodeTestTask.lambda$prepare$2(NodeTestTask.java:123)
	at org.junit.platform.engine.support.hierarchical.ThrowableCollector.execute(ThrowableCollector.java:73)
	at org.junit.platform.engine.support.hierarchical.NodeTestTask.prepare(NodeTestTask.java:123)
	at org.junit.platform.engine.support.hierarchical.NodeTestTask.execute(NodeTestTask.java:90)
	at java.base/java.util.ArrayList.forEach(ArrayList.java:1511)
	at org.junit.platform.engine.support.hierarchical.SameThreadHierarchicalTestExecutorService.invokeAll(SameThreadHierarchicalTestExecutorService.java:41)
	at org.junit.platform.engine.support.hierarchical.NodeTestTask.lambda$executeRecursively$6(NodeTestTask.java:155)
	at org.junit.platform.engine.support.hierarchical.ThrowableCollector.execute(ThrowableCollector.java:73)
	at org.junit.platform.engine.support.hierarchical.NodeTestTask.lambda$executeRecursively$8(NodeTestTask.java:141)
	at org.junit.platform.engine.support.hierarchical.Node.around(Node.java:137)
	at org.junit.platform.engine.support.hierarchical.NodeTestTask.lambda$executeRecursively$9(NodeTestTask.java:139)
	at org.junit.platform.engine.support.hierarchical.ThrowableCollector.execute(ThrowableCollector.java:73)
	at org.junit.platform.engine.support.hierarchical.NodeTestTask.executeRecursively(NodeTestTask.java:138)
	at org.junit.platform.engine.support.hierarchical.NodeTestTask.execute(NodeTestTask.java:95)
	at java.base/java.util.ArrayList.forEach(ArrayList.java:1511)
	at org.junit.platform.engine.support.hierarchical.SameThreadHierarchicalTestExecutorService.invokeAll(SameThreadHierarchicalTestExecutorService.java:41)
	at org.junit.platform.engine.support.hierarchical.NodeTestTask.lambda$executeRecursively$6(NodeTestTask.java:155)
	at org.junit.platform.engine.support.hierarchical.ThrowableCollector.execute(ThrowableCollector.java:73)
	at org.junit.platform.engine.support.hierarchical.NodeTestTask.lambda$executeRecursively$8(NodeTestTask.java:141)
	at org.junit.platform.engine.support.hierarchical.Node.around(Node.java:137)
	at org.junit.platform.engine.support.hierarchical.NodeTestTask.lambda$executeRecursively$9(NodeTestTask.java:139)
	at org.junit.platform.engine.support.hierarchical.ThrowableCollector.execute(ThrowableCollector.java:73)
	at org.junit.platform.engine.support.hierarchical.NodeTestTask.executeRecursively(NodeTestTask.java:138)
	at org.junit.platform.engine.support.hierarchical.NodeTestTask.execute(NodeTestTask.java:95)
	at org.junit.platform.engine.support.hierarchical.SameThreadHierarchicalTestExecutorService.submit(SameThreadHierarchicalTestExecutorService.java:35)
	at org.junit.platform.engine.support.hierarchical.HierarchicalTestExecutor.execute(HierarchicalTestExecutor.java:57)
	at org.junit.platform.engine.support.hierarchical.HierarchicalTestEngine.execute(HierarchicalTestEngine.java:54)
	at org.junit.platform.launcher.core.EngineExecutionOrchestrator.execute(EngineExecutionOrchestrator.java:147)
	at org.junit.platform.launcher.core.EngineExecutionOrchestrator.execute(EngineExecutionOrchestrator.java:127)
	at org.junit.platform.launcher.core.EngineExecutionOrchestrator.execute(EngineExecutionOrchestrator.java:90)
	at org.junit.platform.launcher.core.EngineExecutionOrchestrator.lambda$execute$0(EngineExecutionOrchestrator.java:55)
	at org.junit.platform.launcher.core.EngineExecutionOrchestrator.withInterceptedStreams(EngineExecutionOrchestrator.java:102)
	at org.junit.platform.launcher.core.EngineExecutionOrchestrator.execute(EngineExecutionOrchestrator.java:54)
	at org.junit.platform.launcher.core.DefaultLauncher.execute(DefaultLauncher.java:114)
	at org.junit.platform.launcher.core.DefaultLauncher.execute(DefaultLauncher.java:86)
	at org.junit.platform.launcher.core.DefaultLauncherSession$DelegatingLauncher.execute(DefaultLauncherSession.java:86)
	at org.apache.maven.surefire.junitplatform.LazyLauncher.execute(LazyLauncher.java:50)
	at org.apache.maven.surefire.junitplatform.JUnitPlatformProvider.execute(JUnitPlatformProvider.java:184)
	at org.apache.maven.surefire.junitplatform.JUnitPlatformProvider.invokeAllTests(JUnitPlatformProvider.java:148)
	at org.apache.maven.surefire.junitplatform.JUnitPlatformProvider.invoke(JUnitPlatformProvider.java:122)
	at org.apache.maven.surefire.booter.ForkedBooter.runSuitesInProcess(ForkedBooter.java:385)
	at org.apache.maven.surefire.booter.ForkedBooter.execute(ForkedBooter.java:162)
	at org.apache.maven.surefire.booter.ForkedBooter.run(ForkedBooter.java:507)
	at org.apache.maven.surefire.booter.ForkedBooter.main(ForkedBooter.java:495)
2023-11-24 12:36:36,006 TRACE o.h.i.SessionImpl [SessionImpl.java:402] Closing session [1b0e02b7-5382-4555-b706-7d5b27c704bd]
2023-11-24 12:36:36,007 TRACE o.h.e.j.i.JdbcCoordinatorImpl [JdbcCoordinatorImpl.java:152] Closing JDBC container [org.hibernate.engine.jdbc.internal.JdbcCoordinatorImpl@5cbf2d85]
2023-11-24 12:36:36,007 TRACE o.h.r.j.i.ResourceRegistryStandardImpl [ResourceRegistryStandardImpl.java:329] Releasing JDBC resources
2023-11-24 12:36:36,007 TRACE o.h.r.j.i.LogicalConnectionManagedImpl [LogicalConnectionManagedImpl.java:256] Closing logical connection
2023-11-24 12:36:36,008 TRACE o.h.r.j.i.LogicalConnectionManagedImpl [LogicalConnectionManagedImpl.java:263] Logical connection closed
2023-11-24 12:36:36,008 TRACE o.h.i.SessionFactoryImpl$SessionBuilderImpl [SessionFactoryImpl.java:1298] Opening Hibernate Session.  tenant=null
2023-11-24 12:36:36,008 TRACE o.h.i.SessionImpl [SessionImpl.java:262] Opened Session [6aca1370-4c81-4ee1-a831-ad63f61af6d3] at timestamp: 1700825796008
2023-11-24 12:36:36,009 TRACE o.h.i.SessionImpl [SessionImpl.java:402] Closing session [6aca1370-4c81-4ee1-a831-ad63f61af6d3]
2023-11-24 12:36:36,009 TRACE o.h.e.j.i.JdbcCoordinatorImpl [JdbcCoordinatorImpl.java:152] Closing JDBC container [org.hibernate.engine.jdbc.internal.JdbcCoordinatorImpl@16728be6]
2023-11-24 12:36:36,009 TRACE o.h.r.j.i.ResourceRegistryStandardImpl [ResourceRegistryStandardImpl.java:329] Releasing JDBC resources
2023-11-24 12:36:36,009 TRACE o.h.r.j.i.LogicalConnectionManagedImpl [LogicalConnectionManagedImpl.java:256] Closing logical connection
2023-11-24 12:36:36,009 TRACE o.h.r.j.i.LogicalConnectionManagedImpl [LogicalConnectionManagedImpl.java:263] Logical connection closed
2023-11-24 12:36:36,037 TRACE o.h.i.SessionFactoryImpl$SessionBuilderImpl [SessionFactoryImpl.java:1298] Opening Hibernate Session.  tenant=null
2023-11-24 12:36:36,038 TRACE o.h.i.SessionImpl [SessionImpl.java:262] Opened Session [f65491be-b1e6-4ee8-848f-ade60e61985e] at timestamp: 1700825796038
2023-11-24 12:36:36,038 TRACE o.h.i.SessionImpl [SessionImpl.java:402] Closing session [f65491be-b1e6-4ee8-848f-ade60e61985e]
2023-11-24 12:36:36,038 TRACE o.h.e.j.i.JdbcCoordinatorImpl [JdbcCoordinatorImpl.java:152] Closing JDBC container [org.hibernate.engine.jdbc.internal.JdbcCoordinatorImpl@3ab5cab2]
2023-11-24 12:36:36,039 TRACE o.h.r.j.i.ResourceRegistryStandardImpl [ResourceRegistryStandardImpl.java:329] Releasing JDBC resources
2023-11-24 12:36:36,039 TRACE o.h.r.j.i.LogicalConnectionManagedImpl [LogicalConnectionManagedImpl.java:256] Closing logical connection
2023-11-24 12:36:36,039 TRACE o.h.r.j.i.LogicalConnectionManagedImpl [LogicalConnectionManagedImpl.java:263] Logical connection closed
2023-11-24 12:36:36,045 TRACE o.h.i.SessionFactoryImpl$SessionBuilderImpl [SessionFactoryImpl.java:1298] Opening Hibernate Session.  tenant=null
2023-11-24 12:36:36,046 TRACE o.h.i.SessionImpl [SessionImpl.java:262] Opened Session [9a799ef9-3f20-4692-8c18-a6b3c430b65a] at timestamp: 1700825796046
2023-11-24 12:36:36,047 TRACE o.h.i.SessionImpl [SessionImpl.java:402] Closing session [9a799ef9-3f20-4692-8c18-a6b3c430b65a]
2023-11-24 12:36:36,047 TRACE o.h.e.j.i.JdbcCoordinatorImpl [JdbcCoordinatorImpl.java:152] Closing JDBC container [org.hibernate.engine.jdbc.internal.JdbcCoordinatorImpl@4ff7727b]
2023-11-24 12:36:36,047 TRACE o.h.r.j.i.ResourceRegistryStandardImpl [ResourceRegistryStandardImpl.java:329] Releasing JDBC resources
2023-11-24 12:36:36,047 TRACE o.h.r.j.i.LogicalConnectionManagedImpl [LogicalConnectionManagedImpl.java:256] Closing logical connection
2023-11-24 12:36:36,048 TRACE o.h.r.j.i.LogicalConnectionManagedImpl [LogicalConnectionManagedImpl.java:263] Logical connection closed
2023-11-24 12:36:36,133 TRACE o.h.i.SessionFactoryImpl$SessionBuilderImpl [SessionFactoryImpl.java:1298] Opening Hibernate Session.  tenant=null
2023-11-24 12:36:36,133 TRACE o.h.i.SessionImpl [SessionImpl.java:262] Opened Session [f26b7867-3eed-4455-bed2-517e665b2995] at timestamp: 1700825796133
2023-11-24 12:36:36,134 DEBUG o.h.r.t.b.j.i.JdbcResourceLocalTransactionCoordinatorImpl [JdbcResourceLocalTransactionCoordinatorImpl.java:310] JDBC transaction marked for rollback-only (exception provided for stack trace)
java.lang.Exception: exception just for purpose of providing stack trace
	at org.hibernate.resource.transaction.backend.jdbc.internal.JdbcResourceLocalTransactionCoordinatorImpl$TransactionDriverControlImpl.markRollbackOnly(JdbcResourceLocalTransactionCoordinatorImpl.java:310)
	at org.hibernate.internal.AbstractSharedSessionContract.buildNamedQuery(AbstractSharedSessionContract.java:1021)
	at org.hibernate.internal.AbstractSharedSessionContract.createNamedQuery(AbstractSharedSessionContract.java:899)
	at org.hibernate.internal.AbstractSharedSessionContract.createNamedQuery(AbstractSharedSessionContract.java:120)
	at java.base/jdk.internal.reflect.NativeMethodAccessorImpl.invoke0(Native Method)
	at java.base/jdk.internal.reflect.NativeMethodAccessorImpl.invoke(NativeMethodAccessorImpl.java:77)
	at java.base/jdk.internal.reflect.DelegatingMethodAccessorImpl.invoke(DelegatingMethodAccessorImpl.java:43)
	at java.base/java.lang.reflect.Method.invoke(Method.java:568)
	at org.springframework.orm.jpa.ExtendedEntityManagerCreator$ExtendedEntityManagerInvocationHandler.invoke(ExtendedEntityManagerCreator.java:360)
	at jdk.proxy2/jdk.proxy2.$Proxy191.createNamedQuery(Unknown Source)
	at org.springframework.data.jpa.repository.query.NamedQuery.hasNamedQuery(NamedQuery.java:113)
	at org.springframework.data.jpa.repository.query.NamedQuery.lookupFrom(NamedQuery.java:141)
	at org.springframework.data.jpa.repository.query.JpaQueryLookupStrategy$DeclaredQueryLookupStrategy.resolveQuery(JpaQueryLookupStrategy.java:180)
	at org.springframework.data.jpa.repository.query.JpaQueryLookupStrategy$CreateIfNotFoundQueryLookupStrategy.resolveQuery(JpaQueryLookupStrategy.java:252)
	at org.springframework.data.jpa.repository.query.JpaQueryLookupStrategy$AbstractQueryLookupStrategy.resolveQuery(JpaQueryLookupStrategy.java:95)
	at org.springframework.data.repository.core.support.QueryExecutorMethodInterceptor.lookupQuery(QueryExecutorMethodInterceptor.java:111)
	at org.springframework.data.repository.core.support.QueryExecutorMethodInterceptor.mapMethodsToQuery(QueryExecutorMethodInterceptor.java:99)
	at org.springframework.data.repository.core.support.QueryExecutorMethodInterceptor.lambda$new$0(QueryExecutorMethodInterceptor.java:88)
	at java.base/java.util.Optional.map(Optional.java:260)
	at org.springframework.data.repository.core.support.QueryExecutorMethodInterceptor.<init>(QueryExecutorMethodInterceptor.java:88)
	at org.springframework.data.repository.core.support.RepositoryFactorySupport.getRepository(RepositoryFactorySupport.java:357)
	at org.springframework.data.repository.core.support.RepositoryFactoryBeanSupport.lambda$afterPropertiesSet$5(RepositoryFactoryBeanSupport.java:279)
	at org.springframework.data.util.Lazy.getNullable(Lazy.java:245)
	at org.springframework.data.util.Lazy.get(Lazy.java:114)
	at org.springframework.data.repository.core.support.RepositoryFactoryBeanSupport.afterPropertiesSet(RepositoryFactoryBeanSupport.java:285)
	at org.springframework.data.jpa.repository.support.JpaRepositoryFactoryBean.afterPropertiesSet(JpaRepositoryFactoryBean.java:132)
	at org.springframework.beans.factory.support.AbstractAutowireCapableBeanFactory.invokeInitMethods(AbstractAutowireCapableBeanFactory.java:1817)
	at org.springframework.beans.factory.support.AbstractAutowireCapableBeanFactory.initializeBean(AbstractAutowireCapableBeanFactory.java:1766)
	at org.springframework.beans.factory.support.AbstractAutowireCapableBeanFactory.doCreateBean(AbstractAutowireCapableBeanFactory.java:598)
	at org.springframework.beans.factory.support.AbstractAutowireCapableBeanFactory.createBean(AbstractAutowireCapableBeanFactory.java:520)
	at org.springframework.beans.factory.support.AbstractBeanFactory.lambda$doGetBean$0(AbstractBeanFactory.java:325)
	at org.springframework.beans.factory.support.DefaultSingletonBeanRegistry.getSingleton(DefaultSingletonBeanRegistry.java:234)
	at org.springframework.beans.factory.support.AbstractBeanFactory.doGetBean(AbstractBeanFactory.java:323)
	at org.springframework.beans.factory.support.AbstractBeanFactory.getBean(AbstractBeanFactory.java:199)
	at org.springframework.beans.factory.config.DependencyDescriptor.resolveCandidate(DependencyDescriptor.java:254)
	at org.springframework.beans.factory.support.DefaultListableBeanFactory.doResolveDependency(DefaultListableBeanFactory.java:1417)
	at org.springframework.beans.factory.support.DefaultListableBeanFactory.resolveDependency(DefaultListableBeanFactory.java:1337)
	at org.springframework.beans.factory.annotation.AutowiredAnnotationBeanPostProcessor$AutowiredFieldElement.resolveFieldValue(AutowiredAnnotationBeanPostProcessor.java:764)
	at org.springframework.beans.factory.annotation.AutowiredAnnotationBeanPostProcessor$AutowiredFieldElement.inject(AutowiredAnnotationBeanPostProcessor.java:747)
	at org.springframework.beans.factory.annotation.InjectionMetadata.inject(InjectionMetadata.java:145)
	at org.springframework.beans.factory.annotation.AutowiredAnnotationBeanPostProcessor.postProcessProperties(AutowiredAnnotationBeanPostProcessor.java:492)
	at org.springframework.beans.factory.support.AbstractAutowireCapableBeanFactory.populateBean(AbstractAutowireCapableBeanFactory.java:1416)
	at org.springframework.beans.factory.support.AbstractAutowireCapableBeanFactory.doCreateBean(AbstractAutowireCapableBeanFactory.java:597)
	at org.springframework.beans.factory.support.AbstractAutowireCapableBeanFactory.createBean(AbstractAutowireCapableBeanFactory.java:520)
	at org.springframework.beans.factory.support.AbstractBeanFactory.lambda$doGetBean$0(AbstractBeanFactory.java:325)
	at org.springframework.beans.factory.support.DefaultSingletonBeanRegistry.getSingleton(DefaultSingletonBeanRegistry.java:234)
	at org.springframework.beans.factory.support.AbstractBeanFactory.doGetBean(AbstractBeanFactory.java:323)
	at org.springframework.beans.factory.support.AbstractBeanFactory.getBean(AbstractBeanFactory.java:199)
	at org.springframework.beans.factory.support.DefaultListableBeanFactory.preInstantiateSingletons(DefaultListableBeanFactory.java:973)
	at org.springframework.context.support.AbstractApplicationContext.finishBeanFactoryInitialization(AbstractApplicationContext.java:950)
	at org.springframework.context.support.AbstractApplicationContext.refresh(AbstractApplicationContext.java:616)
	at org.springframework.boot.web.servlet.context.ServletWebServerApplicationContext.refresh(ServletWebServerApplicationContext.java:146)
	at org.springframework.boot.SpringApplication.refresh(SpringApplication.java:738)
	at org.springframework.boot.SpringApplication.refreshContext(SpringApplication.java:440)
	at org.springframework.boot.SpringApplication.run(SpringApplication.java:316)
	at org.springframework.boot.test.context.SpringBootContextLoader.lambda$loadContext$3(SpringBootContextLoader.java:137)
	at org.springframework.util.function.ThrowingSupplier.get(ThrowingSupplier.java:58)
	at org.springframework.util.function.ThrowingSupplier.get(ThrowingSupplier.java:46)
	at org.springframework.boot.SpringApplication.withHook(SpringApplication.java:1406)
	at org.springframework.boot.test.context.SpringBootContextLoader$ContextLoaderHook.run(SpringBootContextLoader.java:545)
	at org.springframework.boot.test.context.SpringBootContextLoader.loadContext(SpringBootContextLoader.java:137)
	at org.springframework.boot.test.context.SpringBootContextLoader.loadContext(SpringBootContextLoader.java:108)
	at org.springframework.test.context.cache.DefaultCacheAwareContextLoaderDelegate.loadContextInternal(DefaultCacheAwareContextLoaderDelegate.java:187)
	at org.springframework.test.context.cache.DefaultCacheAwareContextLoaderDelegate.loadContext(DefaultCacheAwareContextLoaderDelegate.java:119)
	at org.springframework.test.context.support.DefaultTestContext.getApplicationContext(DefaultTestContext.java:127)
	at org.springframework.test.context.support.DependencyInjectionTestExecutionListener.injectDependencies(DependencyInjectionTestExecutionListener.java:141)
	at org.springframework.test.context.support.DependencyInjectionTestExecutionListener.prepareTestInstance(DependencyInjectionTestExecutionListener.java:97)
	at org.springframework.test.context.TestContextManager.prepareTestInstance(TestContextManager.java:241)
	at org.springframework.test.context.junit.jupiter.SpringExtension.postProcessTestInstance(SpringExtension.java:138)
	at org.junit.jupiter.engine.descriptor.ClassBasedTestDescriptor.lambda$invokeTestInstancePostProcessors$10(ClassBasedTestDescriptor.java:377)
	at org.junit.jupiter.engine.descriptor.ClassBasedTestDescriptor.executeAndMaskThrowable(ClassBasedTestDescriptor.java:382)
	at org.junit.jupiter.engine.descriptor.ClassBasedTestDescriptor.lambda$invokeTestInstancePostProcessors$11(ClassBasedTestDescriptor.java:377)
	at java.base/java.util.stream.ReferencePipeline$3$1.accept(ReferencePipeline.java:197)
	at java.base/java.util.stream.ReferencePipeline$2$1.accept(ReferencePipeline.java:179)
	at java.base/java.util.ArrayList$ArrayListSpliterator.forEachRemaining(ArrayList.java:1625)
	at java.base/java.util.stream.AbstractPipeline.copyInto(AbstractPipeline.java:509)
	at java.base/java.util.stream.AbstractPipeline.wrapAndCopyInto(AbstractPipeline.java:499)
	at java.base/java.util.stream.StreamSpliterators$WrappingSpliterator.forEachRemaining(StreamSpliterators.java:310)
	at java.base/java.util.stream.Streams$ConcatSpliterator.forEachRemaining(Streams.java:735)
	at java.base/java.util.stream.Streams$ConcatSpliterator.forEachRemaining(Streams.java:734)
	at java.base/java.util.stream.ReferencePipeline$Head.forEach(ReferencePipeline.java:762)
	at org.junit.jupiter.engine.descriptor.ClassBasedTestDescriptor.invokeTestInstancePostProcessors(ClassBasedTestDescriptor.java:376)
	at org.junit.jupiter.engine.descriptor.ClassBasedTestDescriptor.lambda$instantiateAndPostProcessTestInstance$6(ClassBasedTestDescriptor.java:289)
	at org.junit.platform.engine.support.hierarchical.ThrowableCollector.execute(ThrowableCollector.java:73)
	at org.junit.jupiter.engine.descriptor.ClassBasedTestDescriptor.instantiateAndPostProcessTestInstance(ClassBasedTestDescriptor.java:288)
	at org.junit.jupiter.engine.descriptor.ClassBasedTestDescriptor.lambda$testInstancesProvider$4(ClassBasedTestDescriptor.java:278)
	at java.base/java.util.Optional.orElseGet(Optional.java:364)
	at org.junit.jupiter.engine.descriptor.ClassBasedTestDescriptor.lambda$testInstancesProvider$5(ClassBasedTestDescriptor.java:277)
	at org.junit.jupiter.engine.execution.TestInstancesProvider.getTestInstances(TestInstancesProvider.java:31)
	at org.junit.jupiter.engine.descriptor.TestMethodTestDescriptor.lambda$prepare$0(TestMethodTestDescriptor.java:105)
	at org.junit.platform.engine.support.hierarchical.ThrowableCollector.execute(ThrowableCollector.java:73)
	at org.junit.jupiter.engine.descriptor.TestMethodTestDescriptor.prepare(TestMethodTestDescriptor.java:104)
	at org.junit.jupiter.engine.descriptor.TestMethodTestDescriptor.prepare(TestMethodTestDescriptor.java:68)
	at org.junit.platform.engine.support.hierarchical.NodeTestTask.lambda$prepare$2(NodeTestTask.java:123)
	at org.junit.platform.engine.support.hierarchical.ThrowableCollector.execute(ThrowableCollector.java:73)
	at org.junit.platform.engine.support.hierarchical.NodeTestTask.prepare(NodeTestTask.java:123)
	at org.junit.platform.engine.support.hierarchical.NodeTestTask.execute(NodeTestTask.java:90)
	at java.base/java.util.ArrayList.forEach(ArrayList.java:1511)
	at org.junit.platform.engine.support.hierarchical.SameThreadHierarchicalTestExecutorService.invokeAll(SameThreadHierarchicalTestExecutorService.java:41)
	at org.junit.platform.engine.support.hierarchical.NodeTestTask.lambda$executeRecursively$6(NodeTestTask.java:155)
	at org.junit.platform.engine.support.hierarchical.ThrowableCollector.execute(ThrowableCollector.java:73)
	at org.junit.platform.engine.support.hierarchical.NodeTestTask.lambda$executeRecursively$8(NodeTestTask.java:141)
	at org.junit.platform.engine.support.hierarchical.Node.around(Node.java:137)
	at org.junit.platform.engine.support.hierarchical.NodeTestTask.lambda$executeRecursively$9(NodeTestTask.java:139)
	at org.junit.platform.engine.support.hierarchical.ThrowableCollector.execute(ThrowableCollector.java:73)
	at org.junit.platform.engine.support.hierarchical.NodeTestTask.executeRecursively(NodeTestTask.java:138)
	at org.junit.platform.engine.support.hierarchical.NodeTestTask.execute(NodeTestTask.java:95)
	at java.base/java.util.ArrayList.forEach(ArrayList.java:1511)
	at org.junit.platform.engine.support.hierarchical.SameThreadHierarchicalTestExecutorService.invokeAll(SameThreadHierarchicalTestExecutorService.java:41)
	at org.junit.platform.engine.support.hierarchical.NodeTestTask.lambda$executeRecursively$6(NodeTestTask.java:155)
	at org.junit.platform.engine.support.hierarchical.ThrowableCollector.execute(ThrowableCollector.java:73)
	at org.junit.platform.engine.support.hierarchical.NodeTestTask.lambda$executeRecursively$8(NodeTestTask.java:141)
	at org.junit.platform.engine.support.hierarchical.Node.around(Node.java:137)
	at org.junit.platform.engine.support.hierarchical.NodeTestTask.lambda$executeRecursively$9(NodeTestTask.java:139)
	at org.junit.platform.engine.support.hierarchical.ThrowableCollector.execute(ThrowableCollector.java:73)
	at org.junit.platform.engine.support.hierarchical.NodeTestTask.executeRecursively(NodeTestTask.java:138)
	at org.junit.platform.engine.support.hierarchical.NodeTestTask.execute(NodeTestTask.java:95)
	at org.junit.platform.engine.support.hierarchical.SameThreadHierarchicalTestExecutorService.submit(SameThreadHierarchicalTestExecutorService.java:35)
	at org.junit.platform.engine.support.hierarchical.HierarchicalTestExecutor.execute(HierarchicalTestExecutor.java:57)
	at org.junit.platform.engine.support.hierarchical.HierarchicalTestEngine.execute(HierarchicalTestEngine.java:54)
	at org.junit.platform.launcher.core.EngineExecutionOrchestrator.execute(EngineExecutionOrchestrator.java:147)
	at org.junit.platform.launcher.core.EngineExecutionOrchestrator.execute(EngineExecutionOrchestrator.java:127)
	at org.junit.platform.launcher.core.EngineExecutionOrchestrator.execute(EngineExecutionOrchestrator.java:90)
	at org.junit.platform.launcher.core.EngineExecutionOrchestrator.lambda$execute$0(EngineExecutionOrchestrator.java:55)
	at org.junit.platform.launcher.core.EngineExecutionOrchestrator.withInterceptedStreams(EngineExecutionOrchestrator.java:102)
	at org.junit.platform.launcher.core.EngineExecutionOrchestrator.execute(EngineExecutionOrchestrator.java:54)
	at org.junit.platform.launcher.core.DefaultLauncher.execute(DefaultLauncher.java:114)
	at org.junit.platform.launcher.core.DefaultLauncher.execute(DefaultLauncher.java:86)
	at org.junit.platform.launcher.core.DefaultLauncherSession$DelegatingLauncher.execute(DefaultLauncherSession.java:86)
	at org.apache.maven.surefire.junitplatform.LazyLauncher.execute(LazyLauncher.java:50)
	at org.apache.maven.surefire.junitplatform.JUnitPlatformProvider.execute(JUnitPlatformProvider.java:184)
	at org.apache.maven.surefire.junitplatform.JUnitPlatformProvider.invokeAllTests(JUnitPlatformProvider.java:148)
	at org.apache.maven.surefire.junitplatform.JUnitPlatformProvider.invoke(JUnitPlatformProvider.java:122)
	at org.apache.maven.surefire.booter.ForkedBooter.runSuitesInProcess(ForkedBooter.java:385)
	at org.apache.maven.surefire.booter.ForkedBooter.execute(ForkedBooter.java:162)
	at org.apache.maven.surefire.booter.ForkedBooter.run(ForkedBooter.java:507)
	at org.apache.maven.surefire.booter.ForkedBooter.main(ForkedBooter.java:495)
2023-11-24 12:36:36,135 TRACE o.h.i.SessionImpl [SessionImpl.java:402] Closing session [f26b7867-3eed-4455-bed2-517e665b2995]
2023-11-24 12:36:36,135 TRACE o.h.e.j.i.JdbcCoordinatorImpl [JdbcCoordinatorImpl.java:152] Closing JDBC container [org.hibernate.engine.jdbc.internal.JdbcCoordinatorImpl@14255496]
2023-11-24 12:36:36,135 TRACE o.h.r.j.i.ResourceRegistryStandardImpl [ResourceRegistryStandardImpl.java:329] Releasing JDBC resources
2023-11-24 12:36:36,135 TRACE o.h.r.j.i.LogicalConnectionManagedImpl [LogicalConnectionManagedImpl.java:256] Closing logical connection
2023-11-24 12:36:36,136 TRACE o.h.r.j.i.LogicalConnectionManagedImpl [LogicalConnectionManagedImpl.java:263] Logical connection closed
2023-11-24 12:36:36,136 TRACE o.h.i.SessionFactoryImpl$SessionBuilderImpl [SessionFactoryImpl.java:1298] Opening Hibernate Session.  tenant=null
2023-11-24 12:36:36,136 TRACE o.h.i.SessionImpl [SessionImpl.java:262] Opened Session [3fbaa475-256a-4a07-86f2-ad52a78eda8c] at timestamp: 1700825796136
2023-11-24 12:36:36,137 TRACE o.h.i.SessionImpl [SessionImpl.java:402] Closing session [3fbaa475-256a-4a07-86f2-ad52a78eda8c]
2023-11-24 12:36:36,137 TRACE o.h.e.j.i.JdbcCoordinatorImpl [JdbcCoordinatorImpl.java:152] Closing JDBC container [org.hibernate.engine.jdbc.internal.JdbcCoordinatorImpl@603588c3]
2023-11-24 12:36:36,137 TRACE o.h.r.j.i.ResourceRegistryStandardImpl [ResourceRegistryStandardImpl.java:329] Releasing JDBC resources
2023-11-24 12:36:36,137 TRACE o.h.r.j.i.LogicalConnectionManagedImpl [LogicalConnectionManagedImpl.java:256] Closing logical connection
2023-11-24 12:36:36,138 TRACE o.h.r.j.i.LogicalConnectionManagedImpl [LogicalConnectionManagedImpl.java:263] Logical connection closed
2023-11-24 12:36:36,140 TRACE o.h.i.SessionFactoryImpl$SessionBuilderImpl [SessionFactoryImpl.java:1298] Opening Hibernate Session.  tenant=null
2023-11-24 12:36:36,140 TRACE o.h.i.SessionImpl [SessionImpl.java:262] Opened Session [a1b69b90-9c7d-49bc-9e26-1804a238b866] at timestamp: 1700825796140
2023-11-24 12:36:36,141 DEBUG o.h.r.t.b.j.i.JdbcResourceLocalTransactionCoordinatorImpl [JdbcResourceLocalTransactionCoordinatorImpl.java:310] JDBC transaction marked for rollback-only (exception provided for stack trace)
java.lang.Exception: exception just for purpose of providing stack trace
	at org.hibernate.resource.transaction.backend.jdbc.internal.JdbcResourceLocalTransactionCoordinatorImpl$TransactionDriverControlImpl.markRollbackOnly(JdbcResourceLocalTransactionCoordinatorImpl.java:310)
	at org.hibernate.internal.AbstractSharedSessionContract.buildNamedQuery(AbstractSharedSessionContract.java:1021)
	at org.hibernate.internal.AbstractSharedSessionContract.createNamedQuery(AbstractSharedSessionContract.java:899)
	at org.hibernate.internal.AbstractSharedSessionContract.createNamedQuery(AbstractSharedSessionContract.java:120)
	at java.base/jdk.internal.reflect.NativeMethodAccessorImpl.invoke0(Native Method)
	at java.base/jdk.internal.reflect.NativeMethodAccessorImpl.invoke(NativeMethodAccessorImpl.java:77)
	at java.base/jdk.internal.reflect.DelegatingMethodAccessorImpl.invoke(DelegatingMethodAccessorImpl.java:43)
	at java.base/java.lang.reflect.Method.invoke(Method.java:568)
	at org.springframework.orm.jpa.ExtendedEntityManagerCreator$ExtendedEntityManagerInvocationHandler.invoke(ExtendedEntityManagerCreator.java:360)
	at jdk.proxy2/jdk.proxy2.$Proxy191.createNamedQuery(Unknown Source)
	at org.springframework.data.jpa.repository.query.NamedQuery.hasNamedQuery(NamedQuery.java:113)
	at org.springframework.data.jpa.repository.query.NamedQuery.lookupFrom(NamedQuery.java:141)
	at org.springframework.data.jpa.repository.query.JpaQueryLookupStrategy$DeclaredQueryLookupStrategy.resolveQuery(JpaQueryLookupStrategy.java:180)
	at org.springframework.data.jpa.repository.query.JpaQueryLookupStrategy$CreateIfNotFoundQueryLookupStrategy.resolveQuery(JpaQueryLookupStrategy.java:252)
	at org.springframework.data.jpa.repository.query.JpaQueryLookupStrategy$AbstractQueryLookupStrategy.resolveQuery(JpaQueryLookupStrategy.java:95)
	at org.springframework.data.repository.core.support.QueryExecutorMethodInterceptor.lookupQuery(QueryExecutorMethodInterceptor.java:111)
	at org.springframework.data.repository.core.support.QueryExecutorMethodInterceptor.mapMethodsToQuery(QueryExecutorMethodInterceptor.java:99)
	at org.springframework.data.repository.core.support.QueryExecutorMethodInterceptor.lambda$new$0(QueryExecutorMethodInterceptor.java:88)
	at java.base/java.util.Optional.map(Optional.java:260)
	at org.springframework.data.repository.core.support.QueryExecutorMethodInterceptor.<init>(QueryExecutorMethodInterceptor.java:88)
	at org.springframework.data.repository.core.support.RepositoryFactorySupport.getRepository(RepositoryFactorySupport.java:357)
	at org.springframework.data.repository.core.support.RepositoryFactoryBeanSupport.lambda$afterPropertiesSet$5(RepositoryFactoryBeanSupport.java:279)
	at org.springframework.data.util.Lazy.getNullable(Lazy.java:245)
	at org.springframework.data.util.Lazy.get(Lazy.java:114)
	at org.springframework.data.repository.core.support.RepositoryFactoryBeanSupport.afterPropertiesSet(RepositoryFactoryBeanSupport.java:285)
	at org.springframework.data.jpa.repository.support.JpaRepositoryFactoryBean.afterPropertiesSet(JpaRepositoryFactoryBean.java:132)
	at org.springframework.beans.factory.support.AbstractAutowireCapableBeanFactory.invokeInitMethods(AbstractAutowireCapableBeanFactory.java:1817)
	at org.springframework.beans.factory.support.AbstractAutowireCapableBeanFactory.initializeBean(AbstractAutowireCapableBeanFactory.java:1766)
	at org.springframework.beans.factory.support.AbstractAutowireCapableBeanFactory.doCreateBean(AbstractAutowireCapableBeanFactory.java:598)
	at org.springframework.beans.factory.support.AbstractAutowireCapableBeanFactory.createBean(AbstractAutowireCapableBeanFactory.java:520)
	at org.springframework.beans.factory.support.AbstractBeanFactory.lambda$doGetBean$0(AbstractBeanFactory.java:325)
	at org.springframework.beans.factory.support.DefaultSingletonBeanRegistry.getSingleton(DefaultSingletonBeanRegistry.java:234)
	at org.springframework.beans.factory.support.AbstractBeanFactory.doGetBean(AbstractBeanFactory.java:323)
	at org.springframework.beans.factory.support.AbstractBeanFactory.getBean(AbstractBeanFactory.java:199)
	at org.springframework.beans.factory.config.DependencyDescriptor.resolveCandidate(DependencyDescriptor.java:254)
	at org.springframework.beans.factory.support.DefaultListableBeanFactory.doResolveDependency(DefaultListableBeanFactory.java:1417)
	at org.springframework.beans.factory.support.DefaultListableBeanFactory.resolveDependency(DefaultListableBeanFactory.java:1337)
	at org.springframework.beans.factory.annotation.AutowiredAnnotationBeanPostProcessor$AutowiredFieldElement.resolveFieldValue(AutowiredAnnotationBeanPostProcessor.java:764)
	at org.springframework.beans.factory.annotation.AutowiredAnnotationBeanPostProcessor$AutowiredFieldElement.inject(AutowiredAnnotationBeanPostProcessor.java:747)
	at org.springframework.beans.factory.annotation.InjectionMetadata.inject(InjectionMetadata.java:145)
	at org.springframework.beans.factory.annotation.AutowiredAnnotationBeanPostProcessor.postProcessProperties(AutowiredAnnotationBeanPostProcessor.java:492)
	at org.springframework.beans.factory.support.AbstractAutowireCapableBeanFactory.populateBean(AbstractAutowireCapableBeanFactory.java:1416)
	at org.springframework.beans.factory.support.AbstractAutowireCapableBeanFactory.doCreateBean(AbstractAutowireCapableBeanFactory.java:597)
	at org.springframework.beans.factory.support.AbstractAutowireCapableBeanFactory.createBean(AbstractAutowireCapableBeanFactory.java:520)
	at org.springframework.beans.factory.support.AbstractBeanFactory.lambda$doGetBean$0(AbstractBeanFactory.java:325)
	at org.springframework.beans.factory.support.DefaultSingletonBeanRegistry.getSingleton(DefaultSingletonBeanRegistry.java:234)
	at org.springframework.beans.factory.support.AbstractBeanFactory.doGetBean(AbstractBeanFactory.java:323)
	at org.springframework.beans.factory.support.AbstractBeanFactory.getBean(AbstractBeanFactory.java:199)
	at org.springframework.beans.factory.support.DefaultListableBeanFactory.preInstantiateSingletons(DefaultListableBeanFactory.java:973)
	at org.springframework.context.support.AbstractApplicationContext.finishBeanFactoryInitialization(AbstractApplicationContext.java:950)
	at org.springframework.context.support.AbstractApplicationContext.refresh(AbstractApplicationContext.java:616)
	at org.springframework.boot.web.servlet.context.ServletWebServerApplicationContext.refresh(ServletWebServerApplicationContext.java:146)
	at org.springframework.boot.SpringApplication.refresh(SpringApplication.java:738)
	at org.springframework.boot.SpringApplication.refreshContext(SpringApplication.java:440)
	at org.springframework.boot.SpringApplication.run(SpringApplication.java:316)
	at org.springframework.boot.test.context.SpringBootContextLoader.lambda$loadContext$3(SpringBootContextLoader.java:137)
	at org.springframework.util.function.ThrowingSupplier.get(ThrowingSupplier.java:58)
	at org.springframework.util.function.ThrowingSupplier.get(ThrowingSupplier.java:46)
	at org.springframework.boot.SpringApplication.withHook(SpringApplication.java:1406)
	at org.springframework.boot.test.context.SpringBootContextLoader$ContextLoaderHook.run(SpringBootContextLoader.java:545)
	at org.springframework.boot.test.context.SpringBootContextLoader.loadContext(SpringBootContextLoader.java:137)
	at org.springframework.boot.test.context.SpringBootContextLoader.loadContext(SpringBootContextLoader.java:108)
	at org.springframework.test.context.cache.DefaultCacheAwareContextLoaderDelegate.loadContextInternal(DefaultCacheAwareContextLoaderDelegate.java:187)
	at org.springframework.test.context.cache.DefaultCacheAwareContextLoaderDelegate.loadContext(DefaultCacheAwareContextLoaderDelegate.java:119)
	at org.springframework.test.context.support.DefaultTestContext.getApplicationContext(DefaultTestContext.java:127)
	at org.springframework.test.context.support.DependencyInjectionTestExecutionListener.injectDependencies(DependencyInjectionTestExecutionListener.java:141)
	at org.springframework.test.context.support.DependencyInjectionTestExecutionListener.prepareTestInstance(DependencyInjectionTestExecutionListener.java:97)
	at org.springframework.test.context.TestContextManager.prepareTestInstance(TestContextManager.java:241)
	at org.springframework.test.context.junit.jupiter.SpringExtension.postProcessTestInstance(SpringExtension.java:138)
	at org.junit.jupiter.engine.descriptor.ClassBasedTestDescriptor.lambda$invokeTestInstancePostProcessors$10(ClassBasedTestDescriptor.java:377)
	at org.junit.jupiter.engine.descriptor.ClassBasedTestDescriptor.executeAndMaskThrowable(ClassBasedTestDescriptor.java:382)
	at org.junit.jupiter.engine.descriptor.ClassBasedTestDescriptor.lambda$invokeTestInstancePostProcessors$11(ClassBasedTestDescriptor.java:377)
	at java.base/java.util.stream.ReferencePipeline$3$1.accept(ReferencePipeline.java:197)
	at java.base/java.util.stream.ReferencePipeline$2$1.accept(ReferencePipeline.java:179)
	at java.base/java.util.ArrayList$ArrayListSpliterator.forEachRemaining(ArrayList.java:1625)
	at java.base/java.util.stream.AbstractPipeline.copyInto(AbstractPipeline.java:509)
	at java.base/java.util.stream.AbstractPipeline.wrapAndCopyInto(AbstractPipeline.java:499)
	at java.base/java.util.stream.StreamSpliterators$WrappingSpliterator.forEachRemaining(StreamSpliterators.java:310)
	at java.base/java.util.stream.Streams$ConcatSpliterator.forEachRemaining(Streams.java:735)
	at java.base/java.util.stream.Streams$ConcatSpliterator.forEachRemaining(Streams.java:734)
	at java.base/java.util.stream.ReferencePipeline$Head.forEach(ReferencePipeline.java:762)
	at org.junit.jupiter.engine.descriptor.ClassBasedTestDescriptor.invokeTestInstancePostProcessors(ClassBasedTestDescriptor.java:376)
	at org.junit.jupiter.engine.descriptor.ClassBasedTestDescriptor.lambda$instantiateAndPostProcessTestInstance$6(ClassBasedTestDescriptor.java:289)
	at org.junit.platform.engine.support.hierarchical.ThrowableCollector.execute(ThrowableCollector.java:73)
	at org.junit.jupiter.engine.descriptor.ClassBasedTestDescriptor.instantiateAndPostProcessTestInstance(ClassBasedTestDescriptor.java:288)
	at org.junit.jupiter.engine.descriptor.ClassBasedTestDescriptor.lambda$testInstancesProvider$4(ClassBasedTestDescriptor.java:278)
	at java.base/java.util.Optional.orElseGet(Optional.java:364)
	at org.junit.jupiter.engine.descriptor.ClassBasedTestDescriptor.lambda$testInstancesProvider$5(ClassBasedTestDescriptor.java:277)
	at org.junit.jupiter.engine.execution.TestInstancesProvider.getTestInstances(TestInstancesProvider.java:31)
	at org.junit.jupiter.engine.descriptor.TestMethodTestDescriptor.lambda$prepare$0(TestMethodTestDescriptor.java:105)
	at org.junit.platform.engine.support.hierarchical.ThrowableCollector.execute(ThrowableCollector.java:73)
	at org.junit.jupiter.engine.descriptor.TestMethodTestDescriptor.prepare(TestMethodTestDescriptor.java:104)
	at org.junit.jupiter.engine.descriptor.TestMethodTestDescriptor.prepare(TestMethodTestDescriptor.java:68)
	at org.junit.platform.engine.support.hierarchical.NodeTestTask.lambda$prepare$2(NodeTestTask.java:123)
	at org.junit.platform.engine.support.hierarchical.ThrowableCollector.execute(ThrowableCollector.java:73)
	at org.junit.platform.engine.support.hierarchical.NodeTestTask.prepare(NodeTestTask.java:123)
	at org.junit.platform.engine.support.hierarchical.NodeTestTask.execute(NodeTestTask.java:90)
	at java.base/java.util.ArrayList.forEach(ArrayList.java:1511)
	at org.junit.platform.engine.support.hierarchical.SameThreadHierarchicalTestExecutorService.invokeAll(SameThreadHierarchicalTestExecutorService.java:41)
	at org.junit.platform.engine.support.hierarchical.NodeTestTask.lambda$executeRecursively$6(NodeTestTask.java:155)
	at org.junit.platform.engine.support.hierarchical.ThrowableCollector.execute(ThrowableCollector.java:73)
	at org.junit.platform.engine.support.hierarchical.NodeTestTask.lambda$executeRecursively$8(NodeTestTask.java:141)
	at org.junit.platform.engine.support.hierarchical.Node.around(Node.java:137)
	at org.junit.platform.engine.support.hierarchical.NodeTestTask.lambda$executeRecursively$9(NodeTestTask.java:139)
	at org.junit.platform.engine.support.hierarchical.ThrowableCollector.execute(ThrowableCollector.java:73)
	at org.junit.platform.engine.support.hierarchical.NodeTestTask.executeRecursively(NodeTestTask.java:138)
	at org.junit.platform.engine.support.hierarchical.NodeTestTask.execute(NodeTestTask.java:95)
	at java.base/java.util.ArrayList.forEach(ArrayList.java:1511)
	at org.junit.platform.engine.support.hierarchical.SameThreadHierarchicalTestExecutorService.invokeAll(SameThreadHierarchicalTestExecutorService.java:41)
	at org.junit.platform.engine.support.hierarchical.NodeTestTask.lambda$executeRecursively$6(NodeTestTask.java:155)
	at org.junit.platform.engine.support.hierarchical.ThrowableCollector.execute(ThrowableCollector.java:73)
	at org.junit.platform.engine.support.hierarchical.NodeTestTask.lambda$executeRecursively$8(NodeTestTask.java:141)
	at org.junit.platform.engine.support.hierarchical.Node.around(Node.java:137)
	at org.junit.platform.engine.support.hierarchical.NodeTestTask.lambda$executeRecursively$9(NodeTestTask.java:139)
	at org.junit.platform.engine.support.hierarchical.ThrowableCollector.execute(ThrowableCollector.java:73)
	at org.junit.platform.engine.support.hierarchical.NodeTestTask.executeRecursively(NodeTestTask.java:138)
	at org.junit.platform.engine.support.hierarchical.NodeTestTask.execute(NodeTestTask.java:95)
	at org.junit.platform.engine.support.hierarchical.SameThreadHierarchicalTestExecutorService.submit(SameThreadHierarchicalTestExecutorService.java:35)
	at org.junit.platform.engine.support.hierarchical.HierarchicalTestExecutor.execute(HierarchicalTestExecutor.java:57)
	at org.junit.platform.engine.support.hierarchical.HierarchicalTestEngine.execute(HierarchicalTestEngine.java:54)
	at org.junit.platform.launcher.core.EngineExecutionOrchestrator.execute(EngineExecutionOrchestrator.java:147)
	at org.junit.platform.launcher.core.EngineExecutionOrchestrator.execute(EngineExecutionOrchestrator.java:127)
	at org.junit.platform.launcher.core.EngineExecutionOrchestrator.execute(EngineExecutionOrchestrator.java:90)
	at org.junit.platform.launcher.core.EngineExecutionOrchestrator.lambda$execute$0(EngineExecutionOrchestrator.java:55)
	at org.junit.platform.launcher.core.EngineExecutionOrchestrator.withInterceptedStreams(EngineExecutionOrchestrator.java:102)
	at org.junit.platform.launcher.core.EngineExecutionOrchestrator.execute(EngineExecutionOrchestrator.java:54)
	at org.junit.platform.launcher.core.DefaultLauncher.execute(DefaultLauncher.java:114)
	at org.junit.platform.launcher.core.DefaultLauncher.execute(DefaultLauncher.java:86)
	at org.junit.platform.launcher.core.DefaultLauncherSession$DelegatingLauncher.execute(DefaultLauncherSession.java:86)
	at org.apache.maven.surefire.junitplatform.LazyLauncher.execute(LazyLauncher.java:50)
	at org.apache.maven.surefire.junitplatform.JUnitPlatformProvider.execute(JUnitPlatformProvider.java:184)
	at org.apache.maven.surefire.junitplatform.JUnitPlatformProvider.invokeAllTests(JUnitPlatformProvider.java:148)
	at org.apache.maven.surefire.junitplatform.JUnitPlatformProvider.invoke(JUnitPlatformProvider.java:122)
	at org.apache.maven.surefire.booter.ForkedBooter.runSuitesInProcess(ForkedBooter.java:385)
	at org.apache.maven.surefire.booter.ForkedBooter.execute(ForkedBooter.java:162)
	at org.apache.maven.surefire.booter.ForkedBooter.run(ForkedBooter.java:507)
	at org.apache.maven.surefire.booter.ForkedBooter.main(ForkedBooter.java:495)
2023-11-24 12:36:36,142 TRACE o.h.i.SessionImpl [SessionImpl.java:402] Closing session [a1b69b90-9c7d-49bc-9e26-1804a238b866]
2023-11-24 12:36:36,142 TRACE o.h.e.j.i.JdbcCoordinatorImpl [JdbcCoordinatorImpl.java:152] Closing JDBC container [org.hibernate.engine.jdbc.internal.JdbcCoordinatorImpl@67875fb1]
2023-11-24 12:36:36,143 TRACE o.h.r.j.i.ResourceRegistryStandardImpl [ResourceRegistryStandardImpl.java:329] Releasing JDBC resources
2023-11-24 12:36:36,143 TRACE o.h.r.j.i.LogicalConnectionManagedImpl [LogicalConnectionManagedImpl.java:256] Closing logical connection
2023-11-24 12:36:36,143 TRACE o.h.r.j.i.LogicalConnectionManagedImpl [LogicalConnectionManagedImpl.java:263] Logical connection closed
2023-11-24 12:36:36,143 TRACE o.h.i.SessionFactoryImpl$SessionBuilderImpl [SessionFactoryImpl.java:1298] Opening Hibernate Session.  tenant=null
2023-11-24 12:36:36,144 TRACE o.h.i.SessionImpl [SessionImpl.java:262] Opened Session [b4639c0a-0bd8-4d42-bab9-b3fed8aba80f] at timestamp: 1700825796144
2023-11-24 12:36:36,144 TRACE o.h.i.SessionImpl [SessionImpl.java:402] Closing session [b4639c0a-0bd8-4d42-bab9-b3fed8aba80f]
2023-11-24 12:36:36,144 TRACE o.h.e.j.i.JdbcCoordinatorImpl [JdbcCoordinatorImpl.java:152] Closing JDBC container [org.hibernate.engine.jdbc.internal.JdbcCoordinatorImpl@5a544596]
2023-11-24 12:36:36,145 TRACE o.h.r.j.i.ResourceRegistryStandardImpl [ResourceRegistryStandardImpl.java:329] Releasing JDBC resources
2023-11-24 12:36:36,145 TRACE o.h.r.j.i.LogicalConnectionManagedImpl [LogicalConnectionManagedImpl.java:256] Closing logical connection
2023-11-24 12:36:36,145 TRACE o.h.r.j.i.LogicalConnectionManagedImpl [LogicalConnectionManagedImpl.java:263] Logical connection closed
2023-11-24 12:36:36,147 TRACE o.h.i.SessionFactoryImpl$SessionBuilderImpl [SessionFactoryImpl.java:1298] Opening Hibernate Session.  tenant=null
2023-11-24 12:36:36,148 TRACE o.h.i.SessionImpl [SessionImpl.java:262] Opened Session [07473254-1156-4637-a8bc-78fde5da2543] at timestamp: 1700825796148
2023-11-24 12:36:36,148 DEBUG o.h.r.t.b.j.i.JdbcResourceLocalTransactionCoordinatorImpl [JdbcResourceLocalTransactionCoordinatorImpl.java:310] JDBC transaction marked for rollback-only (exception provided for stack trace)
java.lang.Exception: exception just for purpose of providing stack trace
	at org.hibernate.resource.transaction.backend.jdbc.internal.JdbcResourceLocalTransactionCoordinatorImpl$TransactionDriverControlImpl.markRollbackOnly(JdbcResourceLocalTransactionCoordinatorImpl.java:310)
	at org.hibernate.internal.AbstractSharedSessionContract.buildNamedQuery(AbstractSharedSessionContract.java:1021)
	at org.hibernate.internal.AbstractSharedSessionContract.createNamedQuery(AbstractSharedSessionContract.java:899)
	at org.hibernate.internal.AbstractSharedSessionContract.createNamedQuery(AbstractSharedSessionContract.java:120)
	at jdk.internal.reflect.GeneratedMethodAccessor47.invoke(Unknown Source)
	at java.base/jdk.internal.reflect.DelegatingMethodAccessorImpl.invoke(DelegatingMethodAccessorImpl.java:43)
	at java.base/java.lang.reflect.Method.invoke(Method.java:568)
	at org.springframework.orm.jpa.ExtendedEntityManagerCreator$ExtendedEntityManagerInvocationHandler.invoke(ExtendedEntityManagerCreator.java:360)
	at jdk.proxy2/jdk.proxy2.$Proxy191.createNamedQuery(Unknown Source)
	at org.springframework.data.jpa.repository.query.NamedQuery.hasNamedQuery(NamedQuery.java:113)
	at org.springframework.data.jpa.repository.query.NamedQuery.lookupFrom(NamedQuery.java:141)
	at org.springframework.data.jpa.repository.query.JpaQueryLookupStrategy$DeclaredQueryLookupStrategy.resolveQuery(JpaQueryLookupStrategy.java:180)
	at org.springframework.data.jpa.repository.query.JpaQueryLookupStrategy$CreateIfNotFoundQueryLookupStrategy.resolveQuery(JpaQueryLookupStrategy.java:252)
	at org.springframework.data.jpa.repository.query.JpaQueryLookupStrategy$AbstractQueryLookupStrategy.resolveQuery(JpaQueryLookupStrategy.java:95)
	at org.springframework.data.repository.core.support.QueryExecutorMethodInterceptor.lookupQuery(QueryExecutorMethodInterceptor.java:111)
	at org.springframework.data.repository.core.support.QueryExecutorMethodInterceptor.mapMethodsToQuery(QueryExecutorMethodInterceptor.java:99)
	at org.springframework.data.repository.core.support.QueryExecutorMethodInterceptor.lambda$new$0(QueryExecutorMethodInterceptor.java:88)
	at java.base/java.util.Optional.map(Optional.java:260)
	at org.springframework.data.repository.core.support.QueryExecutorMethodInterceptor.<init>(QueryExecutorMethodInterceptor.java:88)
	at org.springframework.data.repository.core.support.RepositoryFactorySupport.getRepository(RepositoryFactorySupport.java:357)
	at org.springframework.data.repository.core.support.RepositoryFactoryBeanSupport.lambda$afterPropertiesSet$5(RepositoryFactoryBeanSupport.java:279)
	at org.springframework.data.util.Lazy.getNullable(Lazy.java:245)
	at org.springframework.data.util.Lazy.get(Lazy.java:114)
	at org.springframework.data.repository.core.support.RepositoryFactoryBeanSupport.afterPropertiesSet(RepositoryFactoryBeanSupport.java:285)
	at org.springframework.data.jpa.repository.support.JpaRepositoryFactoryBean.afterPropertiesSet(JpaRepositoryFactoryBean.java:132)
	at org.springframework.beans.factory.support.AbstractAutowireCapableBeanFactory.invokeInitMethods(AbstractAutowireCapableBeanFactory.java:1817)
	at org.springframework.beans.factory.support.AbstractAutowireCapableBeanFactory.initializeBean(AbstractAutowireCapableBeanFactory.java:1766)
	at org.springframework.beans.factory.support.AbstractAutowireCapableBeanFactory.doCreateBean(AbstractAutowireCapableBeanFactory.java:598)
	at org.springframework.beans.factory.support.AbstractAutowireCapableBeanFactory.createBean(AbstractAutowireCapableBeanFactory.java:520)
	at org.springframework.beans.factory.support.AbstractBeanFactory.lambda$doGetBean$0(AbstractBeanFactory.java:325)
	at org.springframework.beans.factory.support.DefaultSingletonBeanRegistry.getSingleton(DefaultSingletonBeanRegistry.java:234)
	at org.springframework.beans.factory.support.AbstractBeanFactory.doGetBean(AbstractBeanFactory.java:323)
	at org.springframework.beans.factory.support.AbstractBeanFactory.getBean(AbstractBeanFactory.java:199)
	at org.springframework.beans.factory.config.DependencyDescriptor.resolveCandidate(DependencyDescriptor.java:254)
	at org.springframework.beans.factory.support.DefaultListableBeanFactory.doResolveDependency(DefaultListableBeanFactory.java:1417)
	at org.springframework.beans.factory.support.DefaultListableBeanFactory.resolveDependency(DefaultListableBeanFactory.java:1337)
	at org.springframework.beans.factory.annotation.AutowiredAnnotationBeanPostProcessor$AutowiredFieldElement.resolveFieldValue(AutowiredAnnotationBeanPostProcessor.java:764)
	at org.springframework.beans.factory.annotation.AutowiredAnnotationBeanPostProcessor$AutowiredFieldElement.inject(AutowiredAnnotationBeanPostProcessor.java:747)
	at org.springframework.beans.factory.annotation.InjectionMetadata.inject(InjectionMetadata.java:145)
	at org.springframework.beans.factory.annotation.AutowiredAnnotationBeanPostProcessor.postProcessProperties(AutowiredAnnotationBeanPostProcessor.java:492)
	at org.springframework.beans.factory.support.AbstractAutowireCapableBeanFactory.populateBean(AbstractAutowireCapableBeanFactory.java:1416)
	at org.springframework.beans.factory.support.AbstractAutowireCapableBeanFactory.doCreateBean(AbstractAutowireCapableBeanFactory.java:597)
	at org.springframework.beans.factory.support.AbstractAutowireCapableBeanFactory.createBean(AbstractAutowireCapableBeanFactory.java:520)
	at org.springframework.beans.factory.support.AbstractBeanFactory.lambda$doGetBean$0(AbstractBeanFactory.java:325)
	at org.springframework.beans.factory.support.DefaultSingletonBeanRegistry.getSingleton(DefaultSingletonBeanRegistry.java:234)
	at org.springframework.beans.factory.support.AbstractBeanFactory.doGetBean(AbstractBeanFactory.java:323)
	at org.springframework.beans.factory.support.AbstractBeanFactory.getBean(AbstractBeanFactory.java:199)
	at org.springframework.beans.factory.support.DefaultListableBeanFactory.preInstantiateSingletons(DefaultListableBeanFactory.java:973)
	at org.springframework.context.support.AbstractApplicationContext.finishBeanFactoryInitialization(AbstractApplicationContext.java:950)
	at org.springframework.context.support.AbstractApplicationContext.refresh(AbstractApplicationContext.java:616)
	at org.springframework.boot.web.servlet.context.ServletWebServerApplicationContext.refresh(ServletWebServerApplicationContext.java:146)
	at org.springframework.boot.SpringApplication.refresh(SpringApplication.java:738)
	at org.springframework.boot.SpringApplication.refreshContext(SpringApplication.java:440)
	at org.springframework.boot.SpringApplication.run(SpringApplication.java:316)
	at org.springframework.boot.test.context.SpringBootContextLoader.lambda$loadContext$3(SpringBootContextLoader.java:137)
	at org.springframework.util.function.ThrowingSupplier.get(ThrowingSupplier.java:58)
	at org.springframework.util.function.ThrowingSupplier.get(ThrowingSupplier.java:46)
	at org.springframework.boot.SpringApplication.withHook(SpringApplication.java:1406)
	at org.springframework.boot.test.context.SpringBootContextLoader$ContextLoaderHook.run(SpringBootContextLoader.java:545)
	at org.springframework.boot.test.context.SpringBootContextLoader.loadContext(SpringBootContextLoader.java:137)
	at org.springframework.boot.test.context.SpringBootContextLoader.loadContext(SpringBootContextLoader.java:108)
	at org.springframework.test.context.cache.DefaultCacheAwareContextLoaderDelegate.loadContextInternal(DefaultCacheAwareContextLoaderDelegate.java:187)
	at org.springframework.test.context.cache.DefaultCacheAwareContextLoaderDelegate.loadContext(DefaultCacheAwareContextLoaderDelegate.java:119)
	at org.springframework.test.context.support.DefaultTestContext.getApplicationContext(DefaultTestContext.java:127)
	at org.springframework.test.context.support.DependencyInjectionTestExecutionListener.injectDependencies(DependencyInjectionTestExecutionListener.java:141)
	at org.springframework.test.context.support.DependencyInjectionTestExecutionListener.prepareTestInstance(DependencyInjectionTestExecutionListener.java:97)
	at org.springframework.test.context.TestContextManager.prepareTestInstance(TestContextManager.java:241)
	at org.springframework.test.context.junit.jupiter.SpringExtension.postProcessTestInstance(SpringExtension.java:138)
	at org.junit.jupiter.engine.descriptor.ClassBasedTestDescriptor.lambda$invokeTestInstancePostProcessors$10(ClassBasedTestDescriptor.java:377)
	at org.junit.jupiter.engine.descriptor.ClassBasedTestDescriptor.executeAndMaskThrowable(ClassBasedTestDescriptor.java:382)
	at org.junit.jupiter.engine.descriptor.ClassBasedTestDescriptor.lambda$invokeTestInstancePostProcessors$11(ClassBasedTestDescriptor.java:377)
	at java.base/java.util.stream.ReferencePipeline$3$1.accept(ReferencePipeline.java:197)
	at java.base/java.util.stream.ReferencePipeline$2$1.accept(ReferencePipeline.java:179)
	at java.base/java.util.ArrayList$ArrayListSpliterator.forEachRemaining(ArrayList.java:1625)
	at java.base/java.util.stream.AbstractPipeline.copyInto(AbstractPipeline.java:509)
	at java.base/java.util.stream.AbstractPipeline.wrapAndCopyInto(AbstractPipeline.java:499)
	at java.base/java.util.stream.StreamSpliterators$WrappingSpliterator.forEachRemaining(StreamSpliterators.java:310)
	at java.base/java.util.stream.Streams$ConcatSpliterator.forEachRemaining(Streams.java:735)
	at java.base/java.util.stream.Streams$ConcatSpliterator.forEachRemaining(Streams.java:734)
	at java.base/java.util.stream.ReferencePipeline$Head.forEach(ReferencePipeline.java:762)
	at org.junit.jupiter.engine.descriptor.ClassBasedTestDescriptor.invokeTestInstancePostProcessors(ClassBasedTestDescriptor.java:376)
	at org.junit.jupiter.engine.descriptor.ClassBasedTestDescriptor.lambda$instantiateAndPostProcessTestInstance$6(ClassBasedTestDescriptor.java:289)
	at org.junit.platform.engine.support.hierarchical.ThrowableCollector.execute(ThrowableCollector.java:73)
	at org.junit.jupiter.engine.descriptor.ClassBasedTestDescriptor.instantiateAndPostProcessTestInstance(ClassBasedTestDescriptor.java:288)
	at org.junit.jupiter.engine.descriptor.ClassBasedTestDescriptor.lambda$testInstancesProvider$4(ClassBasedTestDescriptor.java:278)
	at java.base/java.util.Optional.orElseGet(Optional.java:364)
	at org.junit.jupiter.engine.descriptor.ClassBasedTestDescriptor.lambda$testInstancesProvider$5(ClassBasedTestDescriptor.java:277)
	at org.junit.jupiter.engine.execution.TestInstancesProvider.getTestInstances(TestInstancesProvider.java:31)
	at org.junit.jupiter.engine.descriptor.TestMethodTestDescriptor.lambda$prepare$0(TestMethodTestDescriptor.java:105)
	at org.junit.platform.engine.support.hierarchical.ThrowableCollector.execute(ThrowableCollector.java:73)
	at org.junit.jupiter.engine.descriptor.TestMethodTestDescriptor.prepare(TestMethodTestDescriptor.java:104)
	at org.junit.jupiter.engine.descriptor.TestMethodTestDescriptor.prepare(TestMethodTestDescriptor.java:68)
	at org.junit.platform.engine.support.hierarchical.NodeTestTask.lambda$prepare$2(NodeTestTask.java:123)
	at org.junit.platform.engine.support.hierarchical.ThrowableCollector.execute(ThrowableCollector.java:73)
	at org.junit.platform.engine.support.hierarchical.NodeTestTask.prepare(NodeTestTask.java:123)
	at org.junit.platform.engine.support.hierarchical.NodeTestTask.execute(NodeTestTask.java:90)
	at java.base/java.util.ArrayList.forEach(ArrayList.java:1511)
	at org.junit.platform.engine.support.hierarchical.SameThreadHierarchicalTestExecutorService.invokeAll(SameThreadHierarchicalTestExecutorService.java:41)
	at org.junit.platform.engine.support.hierarchical.NodeTestTask.lambda$executeRecursively$6(NodeTestTask.java:155)
	at org.junit.platform.engine.support.hierarchical.ThrowableCollector.execute(ThrowableCollector.java:73)
	at org.junit.platform.engine.support.hierarchical.NodeTestTask.lambda$executeRecursively$8(NodeTestTask.java:141)
	at org.junit.platform.engine.support.hierarchical.Node.around(Node.java:137)
	at org.junit.platform.engine.support.hierarchical.NodeTestTask.lambda$executeRecursively$9(NodeTestTask.java:139)
	at org.junit.platform.engine.support.hierarchical.ThrowableCollector.execute(ThrowableCollector.java:73)
	at org.junit.platform.engine.support.hierarchical.NodeTestTask.executeRecursively(NodeTestTask.java:138)
	at org.junit.platform.engine.support.hierarchical.NodeTestTask.execute(NodeTestTask.java:95)
	at java.base/java.util.ArrayList.forEach(ArrayList.java:1511)
	at org.junit.platform.engine.support.hierarchical.SameThreadHierarchicalTestExecutorService.invokeAll(SameThreadHierarchicalTestExecutorService.java:41)
	at org.junit.platform.engine.support.hierarchical.NodeTestTask.lambda$executeRecursively$6(NodeTestTask.java:155)
	at org.junit.platform.engine.support.hierarchical.ThrowableCollector.execute(ThrowableCollector.java:73)
	at org.junit.platform.engine.support.hierarchical.NodeTestTask.lambda$executeRecursively$8(NodeTestTask.java:141)
	at org.junit.platform.engine.support.hierarchical.Node.around(Node.java:137)
	at org.junit.platform.engine.support.hierarchical.NodeTestTask.lambda$executeRecursively$9(NodeTestTask.java:139)
	at org.junit.platform.engine.support.hierarchical.ThrowableCollector.execute(ThrowableCollector.java:73)
	at org.junit.platform.engine.support.hierarchical.NodeTestTask.executeRecursively(NodeTestTask.java:138)
	at org.junit.platform.engine.support.hierarchical.NodeTestTask.execute(NodeTestTask.java:95)
	at org.junit.platform.engine.support.hierarchical.SameThreadHierarchicalTestExecutorService.submit(SameThreadHierarchicalTestExecutorService.java:35)
	at org.junit.platform.engine.support.hierarchical.HierarchicalTestExecutor.execute(HierarchicalTestExecutor.java:57)
	at org.junit.platform.engine.support.hierarchical.HierarchicalTestEngine.execute(HierarchicalTestEngine.java:54)
	at org.junit.platform.launcher.core.EngineExecutionOrchestrator.execute(EngineExecutionOrchestrator.java:147)
	at org.junit.platform.launcher.core.EngineExecutionOrchestrator.execute(EngineExecutionOrchestrator.java:127)
	at org.junit.platform.launcher.core.EngineExecutionOrchestrator.execute(EngineExecutionOrchestrator.java:90)
	at org.junit.platform.launcher.core.EngineExecutionOrchestrator.lambda$execute$0(EngineExecutionOrchestrator.java:55)
	at org.junit.platform.launcher.core.EngineExecutionOrchestrator.withInterceptedStreams(EngineExecutionOrchestrator.java:102)
	at org.junit.platform.launcher.core.EngineExecutionOrchestrator.execute(EngineExecutionOrchestrator.java:54)
	at org.junit.platform.launcher.core.DefaultLauncher.execute(DefaultLauncher.java:114)
	at org.junit.platform.launcher.core.DefaultLauncher.execute(DefaultLauncher.java:86)
	at org.junit.platform.launcher.core.DefaultLauncherSession$DelegatingLauncher.execute(DefaultLauncherSession.java:86)
	at org.apache.maven.surefire.junitplatform.LazyLauncher.execute(LazyLauncher.java:50)
	at org.apache.maven.surefire.junitplatform.JUnitPlatformProvider.execute(JUnitPlatformProvider.java:184)
	at org.apache.maven.surefire.junitplatform.JUnitPlatformProvider.invokeAllTests(JUnitPlatformProvider.java:148)
	at org.apache.maven.surefire.junitplatform.JUnitPlatformProvider.invoke(JUnitPlatformProvider.java:122)
	at org.apache.maven.surefire.booter.ForkedBooter.runSuitesInProcess(ForkedBooter.java:385)
	at org.apache.maven.surefire.booter.ForkedBooter.execute(ForkedBooter.java:162)
	at org.apache.maven.surefire.booter.ForkedBooter.run(ForkedBooter.java:507)
	at org.apache.maven.surefire.booter.ForkedBooter.main(ForkedBooter.java:495)
2023-11-24 12:36:36,149 TRACE o.h.i.SessionImpl [SessionImpl.java:402] Closing session [07473254-1156-4637-a8bc-78fde5da2543]
2023-11-24 12:36:36,149 TRACE o.h.e.j.i.JdbcCoordinatorImpl [JdbcCoordinatorImpl.java:152] Closing JDBC container [org.hibernate.engine.jdbc.internal.JdbcCoordinatorImpl@1f90b658]
2023-11-24 12:36:36,150 TRACE o.h.r.j.i.ResourceRegistryStandardImpl [ResourceRegistryStandardImpl.java:329] Releasing JDBC resources
2023-11-24 12:36:36,150 TRACE o.h.r.j.i.LogicalConnectionManagedImpl [LogicalConnectionManagedImpl.java:256] Closing logical connection
2023-11-24 12:36:36,150 TRACE o.h.r.j.i.LogicalConnectionManagedImpl [LogicalConnectionManagedImpl.java:263] Logical connection closed
2023-11-24 12:36:36,151 TRACE o.h.i.SessionFactoryImpl$SessionBuilderImpl [SessionFactoryImpl.java:1298] Opening Hibernate Session.  tenant=null
2023-11-24 12:36:36,151 TRACE o.h.i.SessionImpl [SessionImpl.java:262] Opened Session [2f6999a0-e227-4e4e-86b0-4b5bb6f4b756] at timestamp: 1700825796151
2023-11-24 12:36:36,151 TRACE o.h.i.SessionImpl [SessionImpl.java:402] Closing session [2f6999a0-e227-4e4e-86b0-4b5bb6f4b756]
2023-11-24 12:36:36,152 TRACE o.h.e.j.i.JdbcCoordinatorImpl [JdbcCoordinatorImpl.java:152] Closing JDBC container [org.hibernate.engine.jdbc.internal.JdbcCoordinatorImpl@42b718cc]
2023-11-24 12:36:36,152 TRACE o.h.r.j.i.ResourceRegistryStandardImpl [ResourceRegistryStandardImpl.java:329] Releasing JDBC resources
2023-11-24 12:36:36,152 TRACE o.h.r.j.i.LogicalConnectionManagedImpl [LogicalConnectionManagedImpl.java:256] Closing logical connection
2023-11-24 12:36:36,152 TRACE o.h.r.j.i.LogicalConnectionManagedImpl [LogicalConnectionManagedImpl.java:263] Logical connection closed
2023-11-24 12:36:36,187 TRACE o.h.i.SessionFactoryImpl$SessionBuilderImpl [SessionFactoryImpl.java:1298] Opening Hibernate Session.  tenant=null
2023-11-24 12:36:36,187 TRACE o.h.i.SessionImpl [SessionImpl.java:262] Opened Session [d9dc3628-99a0-458b-9341-1db1fe5e815c] at timestamp: 1700825796187
2023-11-24 12:36:36,187 TRACE o.h.i.SessionImpl [SessionImpl.java:402] Closing session [d9dc3628-99a0-458b-9341-1db1fe5e815c]
2023-11-24 12:36:36,188 TRACE o.h.e.j.i.JdbcCoordinatorImpl [JdbcCoordinatorImpl.java:152] Closing JDBC container [org.hibernate.engine.jdbc.internal.JdbcCoordinatorImpl@4f87e8f9]
2023-11-24 12:36:36,188 TRACE o.h.r.j.i.ResourceRegistryStandardImpl [ResourceRegistryStandardImpl.java:329] Releasing JDBC resources
2023-11-24 12:36:36,188 TRACE o.h.r.j.i.LogicalConnectionManagedImpl [LogicalConnectionManagedImpl.java:256] Closing logical connection
2023-11-24 12:36:36,188 TRACE o.h.r.j.i.LogicalConnectionManagedImpl [LogicalConnectionManagedImpl.java:263] Logical connection closed
2023-11-24 12:36:36,194 TRACE o.h.i.SessionFactoryImpl$SessionBuilderImpl [SessionFactoryImpl.java:1298] Opening Hibernate Session.  tenant=null
2023-11-24 12:36:36,194 TRACE o.h.i.SessionImpl [SessionImpl.java:262] Opened Session [0134e810-b446-4db9-b862-0c206cdc34cd] at timestamp: 1700825796194
2023-11-24 12:36:36,194 TRACE o.h.i.SessionImpl [SessionImpl.java:402] Closing session [0134e810-b446-4db9-b862-0c206cdc34cd]
2023-11-24 12:36:36,194 TRACE o.h.e.j.i.JdbcCoordinatorImpl [JdbcCoordinatorImpl.java:152] Closing JDBC container [org.hibernate.engine.jdbc.internal.JdbcCoordinatorImpl@1d596a9c]
2023-11-24 12:36:36,195 TRACE o.h.r.j.i.ResourceRegistryStandardImpl [ResourceRegistryStandardImpl.java:329] Releasing JDBC resources
2023-11-24 12:36:36,195 TRACE o.h.r.j.i.LogicalConnectionManagedImpl [LogicalConnectionManagedImpl.java:256] Closing logical connection
2023-11-24 12:36:36,195 TRACE o.h.r.j.i.LogicalConnectionManagedImpl [LogicalConnectionManagedImpl.java:263] Logical connection closed
2023-11-24 12:36:36,241 TRACE o.h.i.SessionFactoryImpl$SessionBuilderImpl [SessionFactoryImpl.java:1298] Opening Hibernate Session.  tenant=null
2023-11-24 12:36:36,242 TRACE o.h.i.SessionImpl [SessionImpl.java:262] Opened Session [8abc8886-5f8d-4918-ad8c-8bdf8d1dd85c] at timestamp: 1700825796242
2023-11-24 12:36:36,242 DEBUG o.h.r.t.b.j.i.JdbcResourceLocalTransactionCoordinatorImpl [JdbcResourceLocalTransactionCoordinatorImpl.java:310] JDBC transaction marked for rollback-only (exception provided for stack trace)
java.lang.Exception: exception just for purpose of providing stack trace
	at org.hibernate.resource.transaction.backend.jdbc.internal.JdbcResourceLocalTransactionCoordinatorImpl$TransactionDriverControlImpl.markRollbackOnly(JdbcResourceLocalTransactionCoordinatorImpl.java:310)
	at org.hibernate.internal.AbstractSharedSessionContract.buildNamedQuery(AbstractSharedSessionContract.java:1021)
	at org.hibernate.internal.AbstractSharedSessionContract.createNamedQuery(AbstractSharedSessionContract.java:899)
	at org.hibernate.internal.AbstractSharedSessionContract.createNamedQuery(AbstractSharedSessionContract.java:120)
	at jdk.internal.reflect.GeneratedMethodAccessor47.invoke(Unknown Source)
	at java.base/jdk.internal.reflect.DelegatingMethodAccessorImpl.invoke(DelegatingMethodAccessorImpl.java:43)
	at java.base/java.lang.reflect.Method.invoke(Method.java:568)
	at org.springframework.orm.jpa.ExtendedEntityManagerCreator$ExtendedEntityManagerInvocationHandler.invoke(ExtendedEntityManagerCreator.java:360)
	at jdk.proxy2/jdk.proxy2.$Proxy191.createNamedQuery(Unknown Source)
	at org.springframework.data.jpa.repository.query.NamedQuery.hasNamedQuery(NamedQuery.java:113)
	at org.springframework.data.jpa.repository.query.NamedQuery.lookupFrom(NamedQuery.java:141)
	at org.springframework.data.jpa.repository.query.JpaQueryLookupStrategy$DeclaredQueryLookupStrategy.resolveQuery(JpaQueryLookupStrategy.java:180)
	at org.springframework.data.jpa.repository.query.JpaQueryLookupStrategy$CreateIfNotFoundQueryLookupStrategy.resolveQuery(JpaQueryLookupStrategy.java:252)
	at org.springframework.data.jpa.repository.query.JpaQueryLookupStrategy$AbstractQueryLookupStrategy.resolveQuery(JpaQueryLookupStrategy.java:95)
	at org.springframework.data.repository.core.support.QueryExecutorMethodInterceptor.lookupQuery(QueryExecutorMethodInterceptor.java:111)
	at org.springframework.data.repository.core.support.QueryExecutorMethodInterceptor.mapMethodsToQuery(QueryExecutorMethodInterceptor.java:99)
	at org.springframework.data.repository.core.support.QueryExecutorMethodInterceptor.lambda$new$0(QueryExecutorMethodInterceptor.java:88)
	at java.base/java.util.Optional.map(Optional.java:260)
	at org.springframework.data.repository.core.support.QueryExecutorMethodInterceptor.<init>(QueryExecutorMethodInterceptor.java:88)
	at org.springframework.data.repository.core.support.RepositoryFactorySupport.getRepository(RepositoryFactorySupport.java:357)
	at org.springframework.data.repository.core.support.RepositoryFactoryBeanSupport.lambda$afterPropertiesSet$5(RepositoryFactoryBeanSupport.java:279)
	at org.springframework.data.util.Lazy.getNullable(Lazy.java:245)
	at org.springframework.data.util.Lazy.get(Lazy.java:114)
	at org.springframework.data.repository.core.support.RepositoryFactoryBeanSupport.afterPropertiesSet(RepositoryFactoryBeanSupport.java:285)
	at org.springframework.data.jpa.repository.support.JpaRepositoryFactoryBean.afterPropertiesSet(JpaRepositoryFactoryBean.java:132)
	at org.springframework.beans.factory.support.AbstractAutowireCapableBeanFactory.invokeInitMethods(AbstractAutowireCapableBeanFactory.java:1817)
	at org.springframework.beans.factory.support.AbstractAutowireCapableBeanFactory.initializeBean(AbstractAutowireCapableBeanFactory.java:1766)
	at org.springframework.beans.factory.support.AbstractAutowireCapableBeanFactory.doCreateBean(AbstractAutowireCapableBeanFactory.java:598)
	at org.springframework.beans.factory.support.AbstractAutowireCapableBeanFactory.createBean(AbstractAutowireCapableBeanFactory.java:520)
	at org.springframework.beans.factory.support.AbstractBeanFactory.lambda$doGetBean$0(AbstractBeanFactory.java:325)
	at org.springframework.beans.factory.support.DefaultSingletonBeanRegistry.getSingleton(DefaultSingletonBeanRegistry.java:234)
	at org.springframework.beans.factory.support.AbstractBeanFactory.doGetBean(AbstractBeanFactory.java:323)
	at org.springframework.beans.factory.support.AbstractBeanFactory.getBean(AbstractBeanFactory.java:199)
	at org.springframework.beans.factory.config.DependencyDescriptor.resolveCandidate(DependencyDescriptor.java:254)
	at org.springframework.beans.factory.support.DefaultListableBeanFactory.doResolveDependency(DefaultListableBeanFactory.java:1417)
	at org.springframework.beans.factory.support.DefaultListableBeanFactory.resolveDependency(DefaultListableBeanFactory.java:1337)
	at org.springframework.beans.factory.annotation.AutowiredAnnotationBeanPostProcessor$AutowiredFieldElement.resolveFieldValue(AutowiredAnnotationBeanPostProcessor.java:764)
	at org.springframework.beans.factory.annotation.AutowiredAnnotationBeanPostProcessor$AutowiredFieldElement.inject(AutowiredAnnotationBeanPostProcessor.java:747)
	at org.springframework.beans.factory.annotation.InjectionMetadata.inject(InjectionMetadata.java:145)
	at org.springframework.beans.factory.annotation.AutowiredAnnotationBeanPostProcessor.postProcessProperties(AutowiredAnnotationBeanPostProcessor.java:492)
	at org.springframework.beans.factory.support.AbstractAutowireCapableBeanFactory.populateBean(AbstractAutowireCapableBeanFactory.java:1416)
	at org.springframework.beans.factory.support.AbstractAutowireCapableBeanFactory.doCreateBean(AbstractAutowireCapableBeanFactory.java:597)
	at org.springframework.beans.factory.support.AbstractAutowireCapableBeanFactory.createBean(AbstractAutowireCapableBeanFactory.java:520)
	at org.springframework.beans.factory.support.AbstractBeanFactory.lambda$doGetBean$0(AbstractBeanFactory.java:325)
	at org.springframework.beans.factory.support.DefaultSingletonBeanRegistry.getSingleton(DefaultSingletonBeanRegistry.java:234)
	at org.springframework.beans.factory.support.AbstractBeanFactory.doGetBean(AbstractBeanFactory.java:323)
	at org.springframework.beans.factory.support.AbstractBeanFactory.getBean(AbstractBeanFactory.java:199)
	at org.springframework.beans.factory.config.DependencyDescriptor.resolveCandidate(DependencyDescriptor.java:254)
	at org.springframework.beans.factory.support.DefaultListableBeanFactory.doResolveDependency(DefaultListableBeanFactory.java:1417)
	at org.springframework.beans.factory.support.DefaultListableBeanFactory.resolveDependency(DefaultListableBeanFactory.java:1337)
	at org.springframework.beans.factory.annotation.AutowiredAnnotationBeanPostProcessor$AutowiredFieldElement.resolveFieldValue(AutowiredAnnotationBeanPostProcessor.java:764)
	at org.springframework.beans.factory.annotation.AutowiredAnnotationBeanPostProcessor$AutowiredFieldElement.inject(AutowiredAnnotationBeanPostProcessor.java:747)
	at org.springframework.beans.factory.annotation.InjectionMetadata.inject(InjectionMetadata.java:145)
	at org.springframework.beans.factory.annotation.AutowiredAnnotationBeanPostProcessor.postProcessProperties(AutowiredAnnotationBeanPostProcessor.java:492)
	at org.springframework.beans.factory.support.AbstractAutowireCapableBeanFactory.populateBean(AbstractAutowireCapableBeanFactory.java:1416)
	at org.springframework.beans.factory.support.AbstractAutowireCapableBeanFactory.doCreateBean(AbstractAutowireCapableBeanFactory.java:597)
	at org.springframework.beans.factory.support.AbstractAutowireCapableBeanFactory.createBean(AbstractAutowireCapableBeanFactory.java:520)
	at org.springframework.beans.factory.support.AbstractBeanFactory.lambda$doGetBean$0(AbstractBeanFactory.java:325)
	at org.springframework.beans.factory.support.DefaultSingletonBeanRegistry.getSingleton(DefaultSingletonBeanRegistry.java:234)
	at org.springframework.beans.factory.support.AbstractBeanFactory.doGetBean(AbstractBeanFactory.java:323)
	at org.springframework.beans.factory.support.AbstractBeanFactory.getBean(AbstractBeanFactory.java:199)
	at org.springframework.beans.factory.support.DefaultListableBeanFactory.preInstantiateSingletons(DefaultListableBeanFactory.java:973)
	at org.springframework.context.support.AbstractApplicationContext.finishBeanFactoryInitialization(AbstractApplicationContext.java:950)
	at org.springframework.context.support.AbstractApplicationContext.refresh(AbstractApplicationContext.java:616)
	at org.springframework.boot.web.servlet.context.ServletWebServerApplicationContext.refresh(ServletWebServerApplicationContext.java:146)
	at org.springframework.boot.SpringApplication.refresh(SpringApplication.java:738)
	at org.springframework.boot.SpringApplication.refreshContext(SpringApplication.java:440)
	at org.springframework.boot.SpringApplication.run(SpringApplication.java:316)
	at org.springframework.boot.test.context.SpringBootContextLoader.lambda$loadContext$3(SpringBootContextLoader.java:137)
	at org.springframework.util.function.ThrowingSupplier.get(ThrowingSupplier.java:58)
	at org.springframework.util.function.ThrowingSupplier.get(ThrowingSupplier.java:46)
	at org.springframework.boot.SpringApplication.withHook(SpringApplication.java:1406)
	at org.springframework.boot.test.context.SpringBootContextLoader$ContextLoaderHook.run(SpringBootContextLoader.java:545)
	at org.springframework.boot.test.context.SpringBootContextLoader.loadContext(SpringBootContextLoader.java:137)
	at org.springframework.boot.test.context.SpringBootContextLoader.loadContext(SpringBootContextLoader.java:108)
	at org.springframework.test.context.cache.DefaultCacheAwareContextLoaderDelegate.loadContextInternal(DefaultCacheAwareContextLoaderDelegate.java:187)
	at org.springframework.test.context.cache.DefaultCacheAwareContextLoaderDelegate.loadContext(DefaultCacheAwareContextLoaderDelegate.java:119)
	at org.springframework.test.context.support.DefaultTestContext.getApplicationContext(DefaultTestContext.java:127)
	at org.springframework.test.context.support.DependencyInjectionTestExecutionListener.injectDependencies(DependencyInjectionTestExecutionListener.java:141)
	at org.springframework.test.context.support.DependencyInjectionTestExecutionListener.prepareTestInstance(DependencyInjectionTestExecutionListener.java:97)
	at org.springframework.test.context.TestContextManager.prepareTestInstance(TestContextManager.java:241)
	at org.springframework.test.context.junit.jupiter.SpringExtension.postProcessTestInstance(SpringExtension.java:138)
	at org.junit.jupiter.engine.descriptor.ClassBasedTestDescriptor.lambda$invokeTestInstancePostProcessors$10(ClassBasedTestDescriptor.java:377)
	at org.junit.jupiter.engine.descriptor.ClassBasedTestDescriptor.executeAndMaskThrowable(ClassBasedTestDescriptor.java:382)
	at org.junit.jupiter.engine.descriptor.ClassBasedTestDescriptor.lambda$invokeTestInstancePostProcessors$11(ClassBasedTestDescriptor.java:377)
	at java.base/java.util.stream.ReferencePipeline$3$1.accept(ReferencePipeline.java:197)
	at java.base/java.util.stream.ReferencePipeline$2$1.accept(ReferencePipeline.java:179)
	at java.base/java.util.ArrayList$ArrayListSpliterator.forEachRemaining(ArrayList.java:1625)
	at java.base/java.util.stream.AbstractPipeline.copyInto(AbstractPipeline.java:509)
	at java.base/java.util.stream.AbstractPipeline.wrapAndCopyInto(AbstractPipeline.java:499)
	at java.base/java.util.stream.StreamSpliterators$WrappingSpliterator.forEachRemaining(StreamSpliterators.java:310)
	at java.base/java.util.stream.Streams$ConcatSpliterator.forEachRemaining(Streams.java:735)
	at java.base/java.util.stream.Streams$ConcatSpliterator.forEachRemaining(Streams.java:734)
	at java.base/java.util.stream.ReferencePipeline$Head.forEach(ReferencePipeline.java:762)
	at org.junit.jupiter.engine.descriptor.ClassBasedTestDescriptor.invokeTestInstancePostProcessors(ClassBasedTestDescriptor.java:376)
	at org.junit.jupiter.engine.descriptor.ClassBasedTestDescriptor.lambda$instantiateAndPostProcessTestInstance$6(ClassBasedTestDescriptor.java:289)
	at org.junit.platform.engine.support.hierarchical.ThrowableCollector.execute(ThrowableCollector.java:73)
	at org.junit.jupiter.engine.descriptor.ClassBasedTestDescriptor.instantiateAndPostProcessTestInstance(ClassBasedTestDescriptor.java:288)
	at org.junit.jupiter.engine.descriptor.ClassBasedTestDescriptor.lambda$testInstancesProvider$4(ClassBasedTestDescriptor.java:278)
	at java.base/java.util.Optional.orElseGet(Optional.java:364)
	at org.junit.jupiter.engine.descriptor.ClassBasedTestDescriptor.lambda$testInstancesProvider$5(ClassBasedTestDescriptor.java:277)
	at org.junit.jupiter.engine.execution.TestInstancesProvider.getTestInstances(TestInstancesProvider.java:31)
	at org.junit.jupiter.engine.descriptor.TestMethodTestDescriptor.lambda$prepare$0(TestMethodTestDescriptor.java:105)
	at org.junit.platform.engine.support.hierarchical.ThrowableCollector.execute(ThrowableCollector.java:73)
	at org.junit.jupiter.engine.descriptor.TestMethodTestDescriptor.prepare(TestMethodTestDescriptor.java:104)
	at org.junit.jupiter.engine.descriptor.TestMethodTestDescriptor.prepare(TestMethodTestDescriptor.java:68)
	at org.junit.platform.engine.support.hierarchical.NodeTestTask.lambda$prepare$2(NodeTestTask.java:123)
	at org.junit.platform.engine.support.hierarchical.ThrowableCollector.execute(ThrowableCollector.java:73)
	at org.junit.platform.engine.support.hierarchical.NodeTestTask.prepare(NodeTestTask.java:123)
	at org.junit.platform.engine.support.hierarchical.NodeTestTask.execute(NodeTestTask.java:90)
	at java.base/java.util.ArrayList.forEach(ArrayList.java:1511)
	at org.junit.platform.engine.support.hierarchical.SameThreadHierarchicalTestExecutorService.invokeAll(SameThreadHierarchicalTestExecutorService.java:41)
	at org.junit.platform.engine.support.hierarchical.NodeTestTask.lambda$executeRecursively$6(NodeTestTask.java:155)
	at org.junit.platform.engine.support.hierarchical.ThrowableCollector.execute(ThrowableCollector.java:73)
	at org.junit.platform.engine.support.hierarchical.NodeTestTask.lambda$executeRecursively$8(NodeTestTask.java:141)
	at org.junit.platform.engine.support.hierarchical.Node.around(Node.java:137)
	at org.junit.platform.engine.support.hierarchical.NodeTestTask.lambda$executeRecursively$9(NodeTestTask.java:139)
	at org.junit.platform.engine.support.hierarchical.ThrowableCollector.execute(ThrowableCollector.java:73)
	at org.junit.platform.engine.support.hierarchical.NodeTestTask.executeRecursively(NodeTestTask.java:138)
	at org.junit.platform.engine.support.hierarchical.NodeTestTask.execute(NodeTestTask.java:95)
	at java.base/java.util.ArrayList.forEach(ArrayList.java:1511)
	at org.junit.platform.engine.support.hierarchical.SameThreadHierarchicalTestExecutorService.invokeAll(SameThreadHierarchicalTestExecutorService.java:41)
	at org.junit.platform.engine.support.hierarchical.NodeTestTask.lambda$executeRecursively$6(NodeTestTask.java:155)
	at org.junit.platform.engine.support.hierarchical.ThrowableCollector.execute(ThrowableCollector.java:73)
	at org.junit.platform.engine.support.hierarchical.NodeTestTask.lambda$executeRecursively$8(NodeTestTask.java:141)
	at org.junit.platform.engine.support.hierarchical.Node.around(Node.java:137)
	at org.junit.platform.engine.support.hierarchical.NodeTestTask.lambda$executeRecursively$9(NodeTestTask.java:139)
	at org.junit.platform.engine.support.hierarchical.ThrowableCollector.execute(ThrowableCollector.java:73)
	at org.junit.platform.engine.support.hierarchical.NodeTestTask.executeRecursively(NodeTestTask.java:138)
	at org.junit.platform.engine.support.hierarchical.NodeTestTask.execute(NodeTestTask.java:95)
	at org.junit.platform.engine.support.hierarchical.SameThreadHierarchicalTestExecutorService.submit(SameThreadHierarchicalTestExecutorService.java:35)
	at org.junit.platform.engine.support.hierarchical.HierarchicalTestExecutor.execute(HierarchicalTestExecutor.java:57)
	at org.junit.platform.engine.support.hierarchical.HierarchicalTestEngine.execute(HierarchicalTestEngine.java:54)
	at org.junit.platform.launcher.core.EngineExecutionOrchestrator.execute(EngineExecutionOrchestrator.java:147)
	at org.junit.platform.launcher.core.EngineExecutionOrchestrator.execute(EngineExecutionOrchestrator.java:127)
	at org.junit.platform.launcher.core.EngineExecutionOrchestrator.execute(EngineExecutionOrchestrator.java:90)
	at org.junit.platform.launcher.core.EngineExecutionOrchestrator.lambda$execute$0(EngineExecutionOrchestrator.java:55)
	at org.junit.platform.launcher.core.EngineExecutionOrchestrator.withInterceptedStreams(EngineExecutionOrchestrator.java:102)
	at org.junit.platform.launcher.core.EngineExecutionOrchestrator.execute(EngineExecutionOrchestrator.java:54)
	at org.junit.platform.launcher.core.DefaultLauncher.execute(DefaultLauncher.java:114)
	at org.junit.platform.launcher.core.DefaultLauncher.execute(DefaultLauncher.java:86)
	at org.junit.platform.launcher.core.DefaultLauncherSession$DelegatingLauncher.execute(DefaultLauncherSession.java:86)
	at org.apache.maven.surefire.junitplatform.LazyLauncher.execute(LazyLauncher.java:50)
	at org.apache.maven.surefire.junitplatform.JUnitPlatformProvider.execute(JUnitPlatformProvider.java:184)
	at org.apache.maven.surefire.junitplatform.JUnitPlatformProvider.invokeAllTests(JUnitPlatformProvider.java:148)
	at org.apache.maven.surefire.junitplatform.JUnitPlatformProvider.invoke(JUnitPlatformProvider.java:122)
	at org.apache.maven.surefire.booter.ForkedBooter.runSuitesInProcess(ForkedBooter.java:385)
	at org.apache.maven.surefire.booter.ForkedBooter.execute(ForkedBooter.java:162)
	at org.apache.maven.surefire.booter.ForkedBooter.run(ForkedBooter.java:507)
	at org.apache.maven.surefire.booter.ForkedBooter.main(ForkedBooter.java:495)
2023-11-24 12:36:36,243 TRACE o.h.i.SessionImpl [SessionImpl.java:402] Closing session [8abc8886-5f8d-4918-ad8c-8bdf8d1dd85c]
2023-11-24 12:36:36,244 TRACE o.h.e.j.i.JdbcCoordinatorImpl [JdbcCoordinatorImpl.java:152] Closing JDBC container [org.hibernate.engine.jdbc.internal.JdbcCoordinatorImpl@19dd6237]
2023-11-24 12:36:36,244 TRACE o.h.r.j.i.ResourceRegistryStandardImpl [ResourceRegistryStandardImpl.java:329] Releasing JDBC resources
2023-11-24 12:36:36,244 TRACE o.h.r.j.i.LogicalConnectionManagedImpl [LogicalConnectionManagedImpl.java:256] Closing logical connection
2023-11-24 12:36:36,244 TRACE o.h.r.j.i.LogicalConnectionManagedImpl [LogicalConnectionManagedImpl.java:263] Logical connection closed
2023-11-24 12:36:36,244 TRACE o.h.i.SessionFactoryImpl$SessionBuilderImpl [SessionFactoryImpl.java:1298] Opening Hibernate Session.  tenant=null
2023-11-24 12:36:36,245 TRACE o.h.i.SessionImpl [SessionImpl.java:262] Opened Session [646864ff-2efe-4b6a-995a-ff35fbdf3d56] at timestamp: 1700825796245
2023-11-24 12:36:36,245 TRACE o.h.i.SessionImpl [SessionImpl.java:402] Closing session [646864ff-2efe-4b6a-995a-ff35fbdf3d56]
2023-11-24 12:36:36,245 TRACE o.h.e.j.i.JdbcCoordinatorImpl [JdbcCoordinatorImpl.java:152] Closing JDBC container [org.hibernate.engine.jdbc.internal.JdbcCoordinatorImpl@4f86e61a]
2023-11-24 12:36:36,245 TRACE o.h.r.j.i.ResourceRegistryStandardImpl [ResourceRegistryStandardImpl.java:329] Releasing JDBC resources
2023-11-24 12:36:36,245 TRACE o.h.r.j.i.LogicalConnectionManagedImpl [LogicalConnectionManagedImpl.java:256] Closing logical connection
2023-11-24 12:36:36,245 TRACE o.h.r.j.i.LogicalConnectionManagedImpl [LogicalConnectionManagedImpl.java:263] Logical connection closed
2023-11-24 12:36:36,248 TRACE o.h.i.SessionFactoryImpl$SessionBuilderImpl [SessionFactoryImpl.java:1298] Opening Hibernate Session.  tenant=null
2023-11-24 12:36:36,249 TRACE o.h.i.SessionImpl [SessionImpl.java:262] Opened Session [9f81cf65-3211-4b63-9b52-990320f4c88d] at timestamp: 1700825796249
2023-11-24 12:36:36,249 DEBUG o.h.r.t.b.j.i.JdbcResourceLocalTransactionCoordinatorImpl [JdbcResourceLocalTransactionCoordinatorImpl.java:310] JDBC transaction marked for rollback-only (exception provided for stack trace)
java.lang.Exception: exception just for purpose of providing stack trace
	at org.hibernate.resource.transaction.backend.jdbc.internal.JdbcResourceLocalTransactionCoordinatorImpl$TransactionDriverControlImpl.markRollbackOnly(JdbcResourceLocalTransactionCoordinatorImpl.java:310)
	at org.hibernate.internal.AbstractSharedSessionContract.buildNamedQuery(AbstractSharedSessionContract.java:1021)
	at org.hibernate.internal.AbstractSharedSessionContract.createNamedQuery(AbstractSharedSessionContract.java:899)
	at org.hibernate.internal.AbstractSharedSessionContract.createNamedQuery(AbstractSharedSessionContract.java:120)
	at jdk.internal.reflect.GeneratedMethodAccessor47.invoke(Unknown Source)
	at java.base/jdk.internal.reflect.DelegatingMethodAccessorImpl.invoke(DelegatingMethodAccessorImpl.java:43)
	at java.base/java.lang.reflect.Method.invoke(Method.java:568)
	at org.springframework.orm.jpa.ExtendedEntityManagerCreator$ExtendedEntityManagerInvocationHandler.invoke(ExtendedEntityManagerCreator.java:360)
	at jdk.proxy2/jdk.proxy2.$Proxy191.createNamedQuery(Unknown Source)
	at org.springframework.data.jpa.repository.query.NamedQuery.hasNamedQuery(NamedQuery.java:113)
	at org.springframework.data.jpa.repository.query.JpaQueryLookupStrategy$DeclaredQueryLookupStrategy.getCountQuery(JpaQueryLookupStrategy.java:204)
	at org.springframework.data.jpa.repository.query.JpaQueryLookupStrategy$DeclaredQueryLookupStrategy.resolveQuery(JpaQueryLookupStrategy.java:171)
	at org.springframework.data.jpa.repository.query.JpaQueryLookupStrategy$CreateIfNotFoundQueryLookupStrategy.resolveQuery(JpaQueryLookupStrategy.java:252)
	at org.springframework.data.jpa.repository.query.JpaQueryLookupStrategy$AbstractQueryLookupStrategy.resolveQuery(JpaQueryLookupStrategy.java:95)
	at org.springframework.data.repository.core.support.QueryExecutorMethodInterceptor.lookupQuery(QueryExecutorMethodInterceptor.java:111)
	at org.springframework.data.repository.core.support.QueryExecutorMethodInterceptor.mapMethodsToQuery(QueryExecutorMethodInterceptor.java:99)
	at org.springframework.data.repository.core.support.QueryExecutorMethodInterceptor.lambda$new$0(QueryExecutorMethodInterceptor.java:88)
	at java.base/java.util.Optional.map(Optional.java:260)
	at org.springframework.data.repository.core.support.QueryExecutorMethodInterceptor.<init>(QueryExecutorMethodInterceptor.java:88)
	at org.springframework.data.repository.core.support.RepositoryFactorySupport.getRepository(RepositoryFactorySupport.java:357)
	at org.springframework.data.repository.core.support.RepositoryFactoryBeanSupport.lambda$afterPropertiesSet$5(RepositoryFactoryBeanSupport.java:279)
	at org.springframework.data.util.Lazy.getNullable(Lazy.java:245)
	at org.springframework.data.util.Lazy.get(Lazy.java:114)
	at org.springframework.data.repository.core.support.RepositoryFactoryBeanSupport.afterPropertiesSet(RepositoryFactoryBeanSupport.java:285)
	at org.springframework.data.jpa.repository.support.JpaRepositoryFactoryBean.afterPropertiesSet(JpaRepositoryFactoryBean.java:132)
	at org.springframework.beans.factory.support.AbstractAutowireCapableBeanFactory.invokeInitMethods(AbstractAutowireCapableBeanFactory.java:1817)
	at org.springframework.beans.factory.support.AbstractAutowireCapableBeanFactory.initializeBean(AbstractAutowireCapableBeanFactory.java:1766)
	at org.springframework.beans.factory.support.AbstractAutowireCapableBeanFactory.doCreateBean(AbstractAutowireCapableBeanFactory.java:598)
	at org.springframework.beans.factory.support.AbstractAutowireCapableBeanFactory.createBean(AbstractAutowireCapableBeanFactory.java:520)
	at org.springframework.beans.factory.support.AbstractBeanFactory.lambda$doGetBean$0(AbstractBeanFactory.java:325)
	at org.springframework.beans.factory.support.DefaultSingletonBeanRegistry.getSingleton(DefaultSingletonBeanRegistry.java:234)
	at org.springframework.beans.factory.support.AbstractBeanFactory.doGetBean(AbstractBeanFactory.java:323)
	at org.springframework.beans.factory.support.AbstractBeanFactory.getBean(AbstractBeanFactory.java:199)
	at org.springframework.beans.factory.config.DependencyDescriptor.resolveCandidate(DependencyDescriptor.java:254)
	at org.springframework.beans.factory.support.DefaultListableBeanFactory.doResolveDependency(DefaultListableBeanFactory.java:1417)
	at org.springframework.beans.factory.support.DefaultListableBeanFactory.resolveDependency(DefaultListableBeanFactory.java:1337)
	at org.springframework.beans.factory.annotation.AutowiredAnnotationBeanPostProcessor$AutowiredFieldElement.resolveFieldValue(AutowiredAnnotationBeanPostProcessor.java:764)
	at org.springframework.beans.factory.annotation.AutowiredAnnotationBeanPostProcessor$AutowiredFieldElement.inject(AutowiredAnnotationBeanPostProcessor.java:747)
	at org.springframework.beans.factory.annotation.InjectionMetadata.inject(InjectionMetadata.java:145)
	at org.springframework.beans.factory.annotation.AutowiredAnnotationBeanPostProcessor.postProcessProperties(AutowiredAnnotationBeanPostProcessor.java:492)
	at org.springframework.beans.factory.support.AbstractAutowireCapableBeanFactory.populateBean(AbstractAutowireCapableBeanFactory.java:1416)
	at org.springframework.beans.factory.support.AbstractAutowireCapableBeanFactory.doCreateBean(AbstractAutowireCapableBeanFactory.java:597)
	at org.springframework.beans.factory.support.AbstractAutowireCapableBeanFactory.createBean(AbstractAutowireCapableBeanFactory.java:520)
	at org.springframework.beans.factory.support.AbstractBeanFactory.lambda$doGetBean$0(AbstractBeanFactory.java:325)
	at org.springframework.beans.factory.support.DefaultSingletonBeanRegistry.getSingleton(DefaultSingletonBeanRegistry.java:234)
	at org.springframework.beans.factory.support.AbstractBeanFactory.doGetBean(AbstractBeanFactory.java:323)
	at org.springframework.beans.factory.support.AbstractBeanFactory.getBean(AbstractBeanFactory.java:199)
	at org.springframework.beans.factory.config.DependencyDescriptor.resolveCandidate(DependencyDescriptor.java:254)
	at org.springframework.beans.factory.support.DefaultListableBeanFactory.doResolveDependency(DefaultListableBeanFactory.java:1417)
	at org.springframework.beans.factory.support.DefaultListableBeanFactory.resolveDependency(DefaultListableBeanFactory.java:1337)
	at org.springframework.beans.factory.annotation.AutowiredAnnotationBeanPostProcessor$AutowiredFieldElement.resolveFieldValue(AutowiredAnnotationBeanPostProcessor.java:764)
	at org.springframework.beans.factory.annotation.AutowiredAnnotationBeanPostProcessor$AutowiredFieldElement.inject(AutowiredAnnotationBeanPostProcessor.java:747)
	at org.springframework.beans.factory.annotation.InjectionMetadata.inject(InjectionMetadata.java:145)
	at org.springframework.beans.factory.annotation.AutowiredAnnotationBeanPostProcessor.postProcessProperties(AutowiredAnnotationBeanPostProcessor.java:492)
	at org.springframework.beans.factory.support.AbstractAutowireCapableBeanFactory.populateBean(AbstractAutowireCapableBeanFactory.java:1416)
	at org.springframework.beans.factory.support.AbstractAutowireCapableBeanFactory.doCreateBean(AbstractAutowireCapableBeanFactory.java:597)
	at org.springframework.beans.factory.support.AbstractAutowireCapableBeanFactory.createBean(AbstractAutowireCapableBeanFactory.java:520)
	at org.springframework.beans.factory.support.AbstractBeanFactory.lambda$doGetBean$0(AbstractBeanFactory.java:325)
	at org.springframework.beans.factory.support.DefaultSingletonBeanRegistry.getSingleton(DefaultSingletonBeanRegistry.java:234)
	at org.springframework.beans.factory.support.AbstractBeanFactory.doGetBean(AbstractBeanFactory.java:323)
	at org.springframework.beans.factory.support.AbstractBeanFactory.getBean(AbstractBeanFactory.java:199)
	at org.springframework.beans.factory.support.DefaultListableBeanFactory.preInstantiateSingletons(DefaultListableBeanFactory.java:973)
	at org.springframework.context.support.AbstractApplicationContext.finishBeanFactoryInitialization(AbstractApplicationContext.java:950)
	at org.springframework.context.support.AbstractApplicationContext.refresh(AbstractApplicationContext.java:616)
	at org.springframework.boot.web.servlet.context.ServletWebServerApplicationContext.refresh(ServletWebServerApplicationContext.java:146)
	at org.springframework.boot.SpringApplication.refresh(SpringApplication.java:738)
	at org.springframework.boot.SpringApplication.refreshContext(SpringApplication.java:440)
	at org.springframework.boot.SpringApplication.run(SpringApplication.java:316)
	at org.springframework.boot.test.context.SpringBootContextLoader.lambda$loadContext$3(SpringBootContextLoader.java:137)
	at org.springframework.util.function.ThrowingSupplier.get(ThrowingSupplier.java:58)
	at org.springframework.util.function.ThrowingSupplier.get(ThrowingSupplier.java:46)
	at org.springframework.boot.SpringApplication.withHook(SpringApplication.java:1406)
	at org.springframework.boot.test.context.SpringBootContextLoader$ContextLoaderHook.run(SpringBootContextLoader.java:545)
	at org.springframework.boot.test.context.SpringBootContextLoader.loadContext(SpringBootContextLoader.java:137)
	at org.springframework.boot.test.context.SpringBootContextLoader.loadContext(SpringBootContextLoader.java:108)
	at org.springframework.test.context.cache.DefaultCacheAwareContextLoaderDelegate.loadContextInternal(DefaultCacheAwareContextLoaderDelegate.java:187)
	at org.springframework.test.context.cache.DefaultCacheAwareContextLoaderDelegate.loadContext(DefaultCacheAwareContextLoaderDelegate.java:119)
	at org.springframework.test.context.support.DefaultTestContext.getApplicationContext(DefaultTestContext.java:127)
	at org.springframework.test.context.support.DependencyInjectionTestExecutionListener.injectDependencies(DependencyInjectionTestExecutionListener.java:141)
	at org.springframework.test.context.support.DependencyInjectionTestExecutionListener.prepareTestInstance(DependencyInjectionTestExecutionListener.java:97)
	at org.springframework.test.context.TestContextManager.prepareTestInstance(TestContextManager.java:241)
	at org.springframework.test.context.junit.jupiter.SpringExtension.postProcessTestInstance(SpringExtension.java:138)
	at org.junit.jupiter.engine.descriptor.ClassBasedTestDescriptor.lambda$invokeTestInstancePostProcessors$10(ClassBasedTestDescriptor.java:377)
	at org.junit.jupiter.engine.descriptor.ClassBasedTestDescriptor.executeAndMaskThrowable(ClassBasedTestDescriptor.java:382)
	at org.junit.jupiter.engine.descriptor.ClassBasedTestDescriptor.lambda$invokeTestInstancePostProcessors$11(ClassBasedTestDescriptor.java:377)
	at java.base/java.util.stream.ReferencePipeline$3$1.accept(ReferencePipeline.java:197)
	at java.base/java.util.stream.ReferencePipeline$2$1.accept(ReferencePipeline.java:179)
	at java.base/java.util.ArrayList$ArrayListSpliterator.forEachRemaining(ArrayList.java:1625)
	at java.base/java.util.stream.AbstractPipeline.copyInto(AbstractPipeline.java:509)
	at java.base/java.util.stream.AbstractPipeline.wrapAndCopyInto(AbstractPipeline.java:499)
	at java.base/java.util.stream.StreamSpliterators$WrappingSpliterator.forEachRemaining(StreamSpliterators.java:310)
	at java.base/java.util.stream.Streams$ConcatSpliterator.forEachRemaining(Streams.java:735)
	at java.base/java.util.stream.Streams$ConcatSpliterator.forEachRemaining(Streams.java:734)
	at java.base/java.util.stream.ReferencePipeline$Head.forEach(ReferencePipeline.java:762)
	at org.junit.jupiter.engine.descriptor.ClassBasedTestDescriptor.invokeTestInstancePostProcessors(ClassBasedTestDescriptor.java:376)
	at org.junit.jupiter.engine.descriptor.ClassBasedTestDescriptor.lambda$instantiateAndPostProcessTestInstance$6(ClassBasedTestDescriptor.java:289)
	at org.junit.platform.engine.support.hierarchical.ThrowableCollector.execute(ThrowableCollector.java:73)
	at org.junit.jupiter.engine.descriptor.ClassBasedTestDescriptor.instantiateAndPostProcessTestInstance(ClassBasedTestDescriptor.java:288)
	at org.junit.jupiter.engine.descriptor.ClassBasedTestDescriptor.lambda$testInstancesProvider$4(ClassBasedTestDescriptor.java:278)
	at java.base/java.util.Optional.orElseGet(Optional.java:364)
	at org.junit.jupiter.engine.descriptor.ClassBasedTestDescriptor.lambda$testInstancesProvider$5(ClassBasedTestDescriptor.java:277)
	at org.junit.jupiter.engine.execution.TestInstancesProvider.getTestInstances(TestInstancesProvider.java:31)
	at org.junit.jupiter.engine.descriptor.TestMethodTestDescriptor.lambda$prepare$0(TestMethodTestDescriptor.java:105)
	at org.junit.platform.engine.support.hierarchical.ThrowableCollector.execute(ThrowableCollector.java:73)
	at org.junit.jupiter.engine.descriptor.TestMethodTestDescriptor.prepare(TestMethodTestDescriptor.java:104)
	at org.junit.jupiter.engine.descriptor.TestMethodTestDescriptor.prepare(TestMethodTestDescriptor.java:68)
	at org.junit.platform.engine.support.hierarchical.NodeTestTask.lambda$prepare$2(NodeTestTask.java:123)
	at org.junit.platform.engine.support.hierarchical.ThrowableCollector.execute(ThrowableCollector.java:73)
	at org.junit.platform.engine.support.hierarchical.NodeTestTask.prepare(NodeTestTask.java:123)
	at org.junit.platform.engine.support.hierarchical.NodeTestTask.execute(NodeTestTask.java:90)
	at java.base/java.util.ArrayList.forEach(ArrayList.java:1511)
	at org.junit.platform.engine.support.hierarchical.SameThreadHierarchicalTestExecutorService.invokeAll(SameThreadHierarchicalTestExecutorService.java:41)
	at org.junit.platform.engine.support.hierarchical.NodeTestTask.lambda$executeRecursively$6(NodeTestTask.java:155)
	at org.junit.platform.engine.support.hierarchical.ThrowableCollector.execute(ThrowableCollector.java:73)
	at org.junit.platform.engine.support.hierarchical.NodeTestTask.lambda$executeRecursively$8(NodeTestTask.java:141)
	at org.junit.platform.engine.support.hierarchical.Node.around(Node.java:137)
	at org.junit.platform.engine.support.hierarchical.NodeTestTask.lambda$executeRecursively$9(NodeTestTask.java:139)
	at org.junit.platform.engine.support.hierarchical.ThrowableCollector.execute(ThrowableCollector.java:73)
	at org.junit.platform.engine.support.hierarchical.NodeTestTask.executeRecursively(NodeTestTask.java:138)
	at org.junit.platform.engine.support.hierarchical.NodeTestTask.execute(NodeTestTask.java:95)
	at java.base/java.util.ArrayList.forEach(ArrayList.java:1511)
	at org.junit.platform.engine.support.hierarchical.SameThreadHierarchicalTestExecutorService.invokeAll(SameThreadHierarchicalTestExecutorService.java:41)
	at org.junit.platform.engine.support.hierarchical.NodeTestTask.lambda$executeRecursively$6(NodeTestTask.java:155)
	at org.junit.platform.engine.support.hierarchical.ThrowableCollector.execute(ThrowableCollector.java:73)
	at org.junit.platform.engine.support.hierarchical.NodeTestTask.lambda$executeRecursively$8(NodeTestTask.java:141)
	at org.junit.platform.engine.support.hierarchical.Node.around(Node.java:137)
	at org.junit.platform.engine.support.hierarchical.NodeTestTask.lambda$executeRecursively$9(NodeTestTask.java:139)
	at org.junit.platform.engine.support.hierarchical.ThrowableCollector.execute(ThrowableCollector.java:73)
	at org.junit.platform.engine.support.hierarchical.NodeTestTask.executeRecursively(NodeTestTask.java:138)
	at org.junit.platform.engine.support.hierarchical.NodeTestTask.execute(NodeTestTask.java:95)
	at org.junit.platform.engine.support.hierarchical.SameThreadHierarchicalTestExecutorService.submit(SameThreadHierarchicalTestExecutorService.java:35)
	at org.junit.platform.engine.support.hierarchical.HierarchicalTestExecutor.execute(HierarchicalTestExecutor.java:57)
	at org.junit.platform.engine.support.hierarchical.HierarchicalTestEngine.execute(HierarchicalTestEngine.java:54)
	at org.junit.platform.launcher.core.EngineExecutionOrchestrator.execute(EngineExecutionOrchestrator.java:147)
	at org.junit.platform.launcher.core.EngineExecutionOrchestrator.execute(EngineExecutionOrchestrator.java:127)
	at org.junit.platform.launcher.core.EngineExecutionOrchestrator.execute(EngineExecutionOrchestrator.java:90)
	at org.junit.platform.launcher.core.EngineExecutionOrchestrator.lambda$execute$0(EngineExecutionOrchestrator.java:55)
	at org.junit.platform.launcher.core.EngineExecutionOrchestrator.withInterceptedStreams(EngineExecutionOrchestrator.java:102)
	at org.junit.platform.launcher.core.EngineExecutionOrchestrator.execute(EngineExecutionOrchestrator.java:54)
	at org.junit.platform.launcher.core.DefaultLauncher.execute(DefaultLauncher.java:114)
	at org.junit.platform.launcher.core.DefaultLauncher.execute(DefaultLauncher.java:86)
	at org.junit.platform.launcher.core.DefaultLauncherSession$DelegatingLauncher.execute(DefaultLauncherSession.java:86)
	at org.apache.maven.surefire.junitplatform.LazyLauncher.execute(LazyLauncher.java:50)
	at org.apache.maven.surefire.junitplatform.JUnitPlatformProvider.execute(JUnitPlatformProvider.java:184)
	at org.apache.maven.surefire.junitplatform.JUnitPlatformProvider.invokeAllTests(JUnitPlatformProvider.java:148)
	at org.apache.maven.surefire.junitplatform.JUnitPlatformProvider.invoke(JUnitPlatformProvider.java:122)
	at org.apache.maven.surefire.booter.ForkedBooter.runSuitesInProcess(ForkedBooter.java:385)
	at org.apache.maven.surefire.booter.ForkedBooter.execute(ForkedBooter.java:162)
	at org.apache.maven.surefire.booter.ForkedBooter.run(ForkedBooter.java:507)
	at org.apache.maven.surefire.booter.ForkedBooter.main(ForkedBooter.java:495)
2023-11-24 12:36:36,250 TRACE o.h.i.SessionImpl [SessionImpl.java:402] Closing session [9f81cf65-3211-4b63-9b52-990320f4c88d]
2023-11-24 12:36:36,250 TRACE o.h.e.j.i.JdbcCoordinatorImpl [JdbcCoordinatorImpl.java:152] Closing JDBC container [org.hibernate.engine.jdbc.internal.JdbcCoordinatorImpl@430c380]
2023-11-24 12:36:36,250 TRACE o.h.r.j.i.ResourceRegistryStandardImpl [ResourceRegistryStandardImpl.java:329] Releasing JDBC resources
2023-11-24 12:36:36,250 TRACE o.h.r.j.i.LogicalConnectionManagedImpl [LogicalConnectionManagedImpl.java:256] Closing logical connection
2023-11-24 12:36:36,250 TRACE o.h.r.j.i.LogicalConnectionManagedImpl [LogicalConnectionManagedImpl.java:263] Logical connection closed
2023-11-24 12:36:36,250 TRACE o.h.i.SessionFactoryImpl$SessionBuilderImpl [SessionFactoryImpl.java:1298] Opening Hibernate Session.  tenant=null
2023-11-24 12:36:36,251 TRACE o.h.i.SessionImpl [SessionImpl.java:262] Opened Session [3a981564-5ca2-4262-a8a8-e2dd0136449b] at timestamp: 1700825796251
2023-11-24 12:36:36,251 TRACE o.h.i.SessionImpl [SessionImpl.java:402] Closing session [3a981564-5ca2-4262-a8a8-e2dd0136449b]
2023-11-24 12:36:36,251 TRACE o.h.e.j.i.JdbcCoordinatorImpl [JdbcCoordinatorImpl.java:152] Closing JDBC container [org.hibernate.engine.jdbc.internal.JdbcCoordinatorImpl@760ed5eb]
2023-11-24 12:36:36,251 TRACE o.h.r.j.i.ResourceRegistryStandardImpl [ResourceRegistryStandardImpl.java:329] Releasing JDBC resources
2023-11-24 12:36:36,251 TRACE o.h.r.j.i.LogicalConnectionManagedImpl [LogicalConnectionManagedImpl.java:256] Closing logical connection
2023-11-24 12:36:36,252 TRACE o.h.r.j.i.LogicalConnectionManagedImpl [LogicalConnectionManagedImpl.java:263] Logical connection closed
2023-11-24 12:36:36,253 TRACE o.h.i.SessionFactoryImpl$SessionBuilderImpl [SessionFactoryImpl.java:1298] Opening Hibernate Session.  tenant=null
2023-11-24 12:36:36,254 TRACE o.h.i.SessionImpl [SessionImpl.java:262] Opened Session [3e59f4ee-ebf1-40da-8eca-b49925f0595a] at timestamp: 1700825796254
2023-11-24 12:36:36,254 TRACE o.h.o.q.p.cache [QueryInterpretationCacheStandardImpl.java:121] QueryPlan#resolveHqlInterpretation( `UPDATE SurveyReply SET pdffilename = :pdfname WHERE id = :id` )
2023-11-24 12:36:36,254 DEBUG o.h.o.q.hql [StandardHqlTranslator.java:75] HQL : UPDATE SurveyReply SET pdffilename = :pdfname WHERE id = :id
2023-11-24 12:36:36,255 DEBUG o.h.o.q.h.reservedWordAsIdentifier [HqlParseTreeBuilder.java:43] Encountered use of reserved word as identifier : =
2023-11-24 12:36:36,255 DEBUG o.h.o.q.h.reservedWordAsIdentifier [HqlParseTreeBuilder.java:43] Encountered use of reserved word as identifier : <EOF>
2023-11-24 12:36:36,255 TRACE o.h.o.q.s.creation [SqmPathRegistryImpl.java:59] SqmProcessingIndex#register(SqmPath) : franco.maurizio.hr.desk.com.persistence.entity.SurveyReply(961680219411503)
2023-11-24 12:36:36,256 TRACE o.h.o.q.hql [BasicDotIdentifierConsumer.java:83] BasicDotIdentifierHandler#consumeIdentifier( pdffilename, true, true ) - pdffilename
2023-11-24 12:36:36,256 TRACE o.h.o.q.hql [BasicDotIdentifierConsumer.java:118] BaseLocalSequencePart#consumeIdentifier( pdffilename, true, true ) - pdffilename
2023-11-24 12:36:36,256 DEBUG o.h.o.q.hql [SqmPathRegistryImpl.java:209] Unable to resolve unqualified attribute [pdffilename] in local from-clause
2023-11-24 12:36:36,256 DEBUG o.h.o.q.s.creation [AbstractSqmExpression.java:57] Applying inferable type to SqmExpression [SqmNamedParameter(pdfname)] : null -> BasicSqmPathSource(pdffilename : String)
2023-11-24 12:36:36,257 TRACE o.h.o.q.hql [BasicDotIdentifierConsumer.java:83] BasicDotIdentifierHandler#consumeIdentifier( id, true, true ) - id
2023-11-24 12:36:36,257 TRACE o.h.o.q.hql [BasicDotIdentifierConsumer.java:118] BaseLocalSequencePart#consumeIdentifier( id, true, true ) - id
2023-11-24 12:36:36,257 DEBUG o.h.o.q.hql [SqmPathRegistryImpl.java:209] Unable to resolve unqualified attribute [id] in local from-clause
2023-11-24 12:36:36,257 DEBUG o.h.o.q.s.creation [AbstractSqmExpression.java:57] Applying inferable type to SqmExpression [SqmNamedParameter(id)] : null -> BasicSqmPathSource(id : Long)
2023-11-24 12:36:36,258 DEBUG o.h.o.q.s.ast [SqmTreePrinter.java:168] SqmStatement Tree :
    -> [update]
      [target = franco.maurizio.hr.desk.com.persistence.entity.SurveyReply(961680219411503)]
      -> [set]
        -> [assignment]
          =
            [franco.maurizio.hr.desk.com.persistence.entity.SurveyReply(961680219411503).pdffilename]
            :pdfname
        <- [assignment]
      <- [set]
      -> [where]
        -> [EQUAL]
            -> [basic-path] - `franco.maurizio.hr.desk.com.persistence.entity.SurveyReply(961680219411503).id`
            :id
        <- [EQUAL]
      <- [where]
    <- [update]

2023-11-24 12:36:36,258 TRACE o.h.i.SessionImpl [SessionImpl.java:402] Closing session [3e59f4ee-ebf1-40da-8eca-b49925f0595a]
2023-11-24 12:36:36,258 TRACE o.h.e.j.i.JdbcCoordinatorImpl [JdbcCoordinatorImpl.java:152] Closing JDBC container [org.hibernate.engine.jdbc.internal.JdbcCoordinatorImpl@4e07e622]
2023-11-24 12:36:36,259 TRACE o.h.r.j.i.ResourceRegistryStandardImpl [ResourceRegistryStandardImpl.java:329] Releasing JDBC resources
2023-11-24 12:36:36,259 TRACE o.h.r.j.i.LogicalConnectionManagedImpl [LogicalConnectionManagedImpl.java:256] Closing logical connection
2023-11-24 12:36:36,259 TRACE o.h.r.j.i.LogicalConnectionManagedImpl [LogicalConnectionManagedImpl.java:263] Logical connection closed
2023-11-24 12:36:36,260 TRACE o.h.i.SessionFactoryImpl$SessionBuilderImpl [SessionFactoryImpl.java:1298] Opening Hibernate Session.  tenant=null
2023-11-24 12:36:36,261 TRACE o.h.i.SessionImpl [SessionImpl.java:262] Opened Session [489a3a3c-6edc-493b-acfe-bec64d56c62f] at timestamp: 1700825796261
2023-11-24 12:36:36,261 DEBUG o.h.r.t.b.j.i.JdbcResourceLocalTransactionCoordinatorImpl [JdbcResourceLocalTransactionCoordinatorImpl.java:310] JDBC transaction marked for rollback-only (exception provided for stack trace)
java.lang.Exception: exception just for purpose of providing stack trace
	at org.hibernate.resource.transaction.backend.jdbc.internal.JdbcResourceLocalTransactionCoordinatorImpl$TransactionDriverControlImpl.markRollbackOnly(JdbcResourceLocalTransactionCoordinatorImpl.java:310)
	at org.hibernate.internal.AbstractSharedSessionContract.buildNamedQuery(AbstractSharedSessionContract.java:1021)
	at org.hibernate.internal.AbstractSharedSessionContract.createNamedQuery(AbstractSharedSessionContract.java:899)
	at org.hibernate.internal.AbstractSharedSessionContract.createNamedQuery(AbstractSharedSessionContract.java:120)
	at jdk.internal.reflect.GeneratedMethodAccessor47.invoke(Unknown Source)
	at java.base/jdk.internal.reflect.DelegatingMethodAccessorImpl.invoke(DelegatingMethodAccessorImpl.java:43)
	at java.base/java.lang.reflect.Method.invoke(Method.java:568)
	at org.springframework.orm.jpa.ExtendedEntityManagerCreator$ExtendedEntityManagerInvocationHandler.invoke(ExtendedEntityManagerCreator.java:360)
	at jdk.proxy2/jdk.proxy2.$Proxy191.createNamedQuery(Unknown Source)
	at org.springframework.data.jpa.repository.query.NamedQuery.hasNamedQuery(NamedQuery.java:113)
	at org.springframework.data.jpa.repository.query.NamedQuery.lookupFrom(NamedQuery.java:141)
	at org.springframework.data.jpa.repository.query.JpaQueryLookupStrategy$DeclaredQueryLookupStrategy.resolveQuery(JpaQueryLookupStrategy.java:180)
	at org.springframework.data.jpa.repository.query.JpaQueryLookupStrategy$CreateIfNotFoundQueryLookupStrategy.resolveQuery(JpaQueryLookupStrategy.java:252)
	at org.springframework.data.jpa.repository.query.JpaQueryLookupStrategy$AbstractQueryLookupStrategy.resolveQuery(JpaQueryLookupStrategy.java:95)
	at org.springframework.data.repository.core.support.QueryExecutorMethodInterceptor.lookupQuery(QueryExecutorMethodInterceptor.java:111)
	at org.springframework.data.repository.core.support.QueryExecutorMethodInterceptor.mapMethodsToQuery(QueryExecutorMethodInterceptor.java:99)
	at org.springframework.data.repository.core.support.QueryExecutorMethodInterceptor.lambda$new$0(QueryExecutorMethodInterceptor.java:88)
	at java.base/java.util.Optional.map(Optional.java:260)
	at org.springframework.data.repository.core.support.QueryExecutorMethodInterceptor.<init>(QueryExecutorMethodInterceptor.java:88)
	at org.springframework.data.repository.core.support.RepositoryFactorySupport.getRepository(RepositoryFactorySupport.java:357)
	at org.springframework.data.repository.core.support.RepositoryFactoryBeanSupport.lambda$afterPropertiesSet$5(RepositoryFactoryBeanSupport.java:279)
	at org.springframework.data.util.Lazy.getNullable(Lazy.java:245)
	at org.springframework.data.util.Lazy.get(Lazy.java:114)
	at org.springframework.data.repository.core.support.RepositoryFactoryBeanSupport.afterPropertiesSet(RepositoryFactoryBeanSupport.java:285)
	at org.springframework.data.jpa.repository.support.JpaRepositoryFactoryBean.afterPropertiesSet(JpaRepositoryFactoryBean.java:132)
	at org.springframework.beans.factory.support.AbstractAutowireCapableBeanFactory.invokeInitMethods(AbstractAutowireCapableBeanFactory.java:1817)
	at org.springframework.beans.factory.support.AbstractAutowireCapableBeanFactory.initializeBean(AbstractAutowireCapableBeanFactory.java:1766)
	at org.springframework.beans.factory.support.AbstractAutowireCapableBeanFactory.doCreateBean(AbstractAutowireCapableBeanFactory.java:598)
	at org.springframework.beans.factory.support.AbstractAutowireCapableBeanFactory.createBean(AbstractAutowireCapableBeanFactory.java:520)
	at org.springframework.beans.factory.support.AbstractBeanFactory.lambda$doGetBean$0(AbstractBeanFactory.java:325)
	at org.springframework.beans.factory.support.DefaultSingletonBeanRegistry.getSingleton(DefaultSingletonBeanRegistry.java:234)
	at org.springframework.beans.factory.support.AbstractBeanFactory.doGetBean(AbstractBeanFactory.java:323)
	at org.springframework.beans.factory.support.AbstractBeanFactory.getBean(AbstractBeanFactory.java:199)
	at org.springframework.beans.factory.config.DependencyDescriptor.resolveCandidate(DependencyDescriptor.java:254)
	at org.springframework.beans.factory.support.DefaultListableBeanFactory.doResolveDependency(DefaultListableBeanFactory.java:1417)
	at org.springframework.beans.factory.support.DefaultListableBeanFactory.resolveDependency(DefaultListableBeanFactory.java:1337)
	at org.springframework.beans.factory.annotation.AutowiredAnnotationBeanPostProcessor$AutowiredFieldElement.resolveFieldValue(AutowiredAnnotationBeanPostProcessor.java:764)
	at org.springframework.beans.factory.annotation.AutowiredAnnotationBeanPostProcessor$AutowiredFieldElement.inject(AutowiredAnnotationBeanPostProcessor.java:747)
	at org.springframework.beans.factory.annotation.InjectionMetadata.inject(InjectionMetadata.java:145)
	at org.springframework.beans.factory.annotation.AutowiredAnnotationBeanPostProcessor.postProcessProperties(AutowiredAnnotationBeanPostProcessor.java:492)
	at org.springframework.beans.factory.support.AbstractAutowireCapableBeanFactory.populateBean(AbstractAutowireCapableBeanFactory.java:1416)
	at org.springframework.beans.factory.support.AbstractAutowireCapableBeanFactory.doCreateBean(AbstractAutowireCapableBeanFactory.java:597)
	at org.springframework.beans.factory.support.AbstractAutowireCapableBeanFactory.createBean(AbstractAutowireCapableBeanFactory.java:520)
	at org.springframework.beans.factory.support.AbstractBeanFactory.lambda$doGetBean$0(AbstractBeanFactory.java:325)
	at org.springframework.beans.factory.support.DefaultSingletonBeanRegistry.getSingleton(DefaultSingletonBeanRegistry.java:234)
	at org.springframework.beans.factory.support.AbstractBeanFactory.doGetBean(AbstractBeanFactory.java:323)
	at org.springframework.beans.factory.support.AbstractBeanFactory.getBean(AbstractBeanFactory.java:199)
	at org.springframework.beans.factory.config.DependencyDescriptor.resolveCandidate(DependencyDescriptor.java:254)
	at org.springframework.beans.factory.support.DefaultListableBeanFactory.doResolveDependency(DefaultListableBeanFactory.java:1417)
	at org.springframework.beans.factory.support.DefaultListableBeanFactory.resolveDependency(DefaultListableBeanFactory.java:1337)
	at org.springframework.beans.factory.annotation.AutowiredAnnotationBeanPostProcessor$AutowiredFieldElement.resolveFieldValue(AutowiredAnnotationBeanPostProcessor.java:764)
	at org.springframework.beans.factory.annotation.AutowiredAnnotationBeanPostProcessor$AutowiredFieldElement.inject(AutowiredAnnotationBeanPostProcessor.java:747)
	at org.springframework.beans.factory.annotation.InjectionMetadata.inject(InjectionMetadata.java:145)
	at org.springframework.beans.factory.annotation.AutowiredAnnotationBeanPostProcessor.postProcessProperties(AutowiredAnnotationBeanPostProcessor.java:492)
	at org.springframework.beans.factory.support.AbstractAutowireCapableBeanFactory.populateBean(AbstractAutowireCapableBeanFactory.java:1416)
	at org.springframework.beans.factory.support.AbstractAutowireCapableBeanFactory.doCreateBean(AbstractAutowireCapableBeanFactory.java:597)
	at org.springframework.beans.factory.support.AbstractAutowireCapableBeanFactory.createBean(AbstractAutowireCapableBeanFactory.java:520)
	at org.springframework.beans.factory.support.AbstractBeanFactory.lambda$doGetBean$0(AbstractBeanFactory.java:325)
	at org.springframework.beans.factory.support.DefaultSingletonBeanRegistry.getSingleton(DefaultSingletonBeanRegistry.java:234)
	at org.springframework.beans.factory.support.AbstractBeanFactory.doGetBean(AbstractBeanFactory.java:323)
	at org.springframework.beans.factory.support.AbstractBeanFactory.getBean(AbstractBeanFactory.java:199)
	at org.springframework.beans.factory.support.DefaultListableBeanFactory.preInstantiateSingletons(DefaultListableBeanFactory.java:973)
	at org.springframework.context.support.AbstractApplicationContext.finishBeanFactoryInitialization(AbstractApplicationContext.java:950)
	at org.springframework.context.support.AbstractApplicationContext.refresh(AbstractApplicationContext.java:616)
	at org.springframework.boot.web.servlet.context.ServletWebServerApplicationContext.refresh(ServletWebServerApplicationContext.java:146)
	at org.springframework.boot.SpringApplication.refresh(SpringApplication.java:738)
	at org.springframework.boot.SpringApplication.refreshContext(SpringApplication.java:440)
	at org.springframework.boot.SpringApplication.run(SpringApplication.java:316)
	at org.springframework.boot.test.context.SpringBootContextLoader.lambda$loadContext$3(SpringBootContextLoader.java:137)
	at org.springframework.util.function.ThrowingSupplier.get(ThrowingSupplier.java:58)
	at org.springframework.util.function.ThrowingSupplier.get(ThrowingSupplier.java:46)
	at org.springframework.boot.SpringApplication.withHook(SpringApplication.java:1406)
	at org.springframework.boot.test.context.SpringBootContextLoader$ContextLoaderHook.run(SpringBootContextLoader.java:545)
	at org.springframework.boot.test.context.SpringBootContextLoader.loadContext(SpringBootContextLoader.java:137)
	at org.springframework.boot.test.context.SpringBootContextLoader.loadContext(SpringBootContextLoader.java:108)
	at org.springframework.test.context.cache.DefaultCacheAwareContextLoaderDelegate.loadContextInternal(DefaultCacheAwareContextLoaderDelegate.java:187)
	at org.springframework.test.context.cache.DefaultCacheAwareContextLoaderDelegate.loadContext(DefaultCacheAwareContextLoaderDelegate.java:119)
	at org.springframework.test.context.support.DefaultTestContext.getApplicationContext(DefaultTestContext.java:127)
	at org.springframework.test.context.support.DependencyInjectionTestExecutionListener.injectDependencies(DependencyInjectionTestExecutionListener.java:141)
	at org.springframework.test.context.support.DependencyInjectionTestExecutionListener.prepareTestInstance(DependencyInjectionTestExecutionListener.java:97)
	at org.springframework.test.context.TestContextManager.prepareTestInstance(TestContextManager.java:241)
	at org.springframework.test.context.junit.jupiter.SpringExtension.postProcessTestInstance(SpringExtension.java:138)
	at org.junit.jupiter.engine.descriptor.ClassBasedTestDescriptor.lambda$invokeTestInstancePostProcessors$10(ClassBasedTestDescriptor.java:377)
	at org.junit.jupiter.engine.descriptor.ClassBasedTestDescriptor.executeAndMaskThrowable(ClassBasedTestDescriptor.java:382)
	at org.junit.jupiter.engine.descriptor.ClassBasedTestDescriptor.lambda$invokeTestInstancePostProcessors$11(ClassBasedTestDescriptor.java:377)
	at java.base/java.util.stream.ReferencePipeline$3$1.accept(ReferencePipeline.java:197)
	at java.base/java.util.stream.ReferencePipeline$2$1.accept(ReferencePipeline.java:179)
	at java.base/java.util.ArrayList$ArrayListSpliterator.forEachRemaining(ArrayList.java:1625)
	at java.base/java.util.stream.AbstractPipeline.copyInto(AbstractPipeline.java:509)
	at java.base/java.util.stream.AbstractPipeline.wrapAndCopyInto(AbstractPipeline.java:499)
	at java.base/java.util.stream.StreamSpliterators$WrappingSpliterator.forEachRemaining(StreamSpliterators.java:310)
	at java.base/java.util.stream.Streams$ConcatSpliterator.forEachRemaining(Streams.java:735)
	at java.base/java.util.stream.Streams$ConcatSpliterator.forEachRemaining(Streams.java:734)
	at java.base/java.util.stream.ReferencePipeline$Head.forEach(ReferencePipeline.java:762)
	at org.junit.jupiter.engine.descriptor.ClassBasedTestDescriptor.invokeTestInstancePostProcessors(ClassBasedTestDescriptor.java:376)
	at org.junit.jupiter.engine.descriptor.ClassBasedTestDescriptor.lambda$instantiateAndPostProcessTestInstance$6(ClassBasedTestDescriptor.java:289)
	at org.junit.platform.engine.support.hierarchical.ThrowableCollector.execute(ThrowableCollector.java:73)
	at org.junit.jupiter.engine.descriptor.ClassBasedTestDescriptor.instantiateAndPostProcessTestInstance(ClassBasedTestDescriptor.java:288)
	at org.junit.jupiter.engine.descriptor.ClassBasedTestDescriptor.lambda$testInstancesProvider$4(ClassBasedTestDescriptor.java:278)
	at java.base/java.util.Optional.orElseGet(Optional.java:364)
	at org.junit.jupiter.engine.descriptor.ClassBasedTestDescriptor.lambda$testInstancesProvider$5(ClassBasedTestDescriptor.java:277)
	at org.junit.jupiter.engine.execution.TestInstancesProvider.getTestInstances(TestInstancesProvider.java:31)
	at org.junit.jupiter.engine.descriptor.TestMethodTestDescriptor.lambda$prepare$0(TestMethodTestDescriptor.java:105)
	at org.junit.platform.engine.support.hierarchical.ThrowableCollector.execute(ThrowableCollector.java:73)
	at org.junit.jupiter.engine.descriptor.TestMethodTestDescriptor.prepare(TestMethodTestDescriptor.java:104)
	at org.junit.jupiter.engine.descriptor.TestMethodTestDescriptor.prepare(TestMethodTestDescriptor.java:68)
	at org.junit.platform.engine.support.hierarchical.NodeTestTask.lambda$prepare$2(NodeTestTask.java:123)
	at org.junit.platform.engine.support.hierarchical.ThrowableCollector.execute(ThrowableCollector.java:73)
	at org.junit.platform.engine.support.hierarchical.NodeTestTask.prepare(NodeTestTask.java:123)
	at org.junit.platform.engine.support.hierarchical.NodeTestTask.execute(NodeTestTask.java:90)
	at java.base/java.util.ArrayList.forEach(ArrayList.java:1511)
	at org.junit.platform.engine.support.hierarchical.SameThreadHierarchicalTestExecutorService.invokeAll(SameThreadHierarchicalTestExecutorService.java:41)
	at org.junit.platform.engine.support.hierarchical.NodeTestTask.lambda$executeRecursively$6(NodeTestTask.java:155)
	at org.junit.platform.engine.support.hierarchical.ThrowableCollector.execute(ThrowableCollector.java:73)
	at org.junit.platform.engine.support.hierarchical.NodeTestTask.lambda$executeRecursively$8(NodeTestTask.java:141)
	at org.junit.platform.engine.support.hierarchical.Node.around(Node.java:137)
	at org.junit.platform.engine.support.hierarchical.NodeTestTask.lambda$executeRecursively$9(NodeTestTask.java:139)
	at org.junit.platform.engine.support.hierarchical.ThrowableCollector.execute(ThrowableCollector.java:73)
	at org.junit.platform.engine.support.hierarchical.NodeTestTask.executeRecursively(NodeTestTask.java:138)
	at org.junit.platform.engine.support.hierarchical.NodeTestTask.execute(NodeTestTask.java:95)
	at java.base/java.util.ArrayList.forEach(ArrayList.java:1511)
	at org.junit.platform.engine.support.hierarchical.SameThreadHierarchicalTestExecutorService.invokeAll(SameThreadHierarchicalTestExecutorService.java:41)
	at org.junit.platform.engine.support.hierarchical.NodeTestTask.lambda$executeRecursively$6(NodeTestTask.java:155)
	at org.junit.platform.engine.support.hierarchical.ThrowableCollector.execute(ThrowableCollector.java:73)
	at org.junit.platform.engine.support.hierarchical.NodeTestTask.lambda$executeRecursively$8(NodeTestTask.java:141)
	at org.junit.platform.engine.support.hierarchical.Node.around(Node.java:137)
	at org.junit.platform.engine.support.hierarchical.NodeTestTask.lambda$executeRecursively$9(NodeTestTask.java:139)
	at org.junit.platform.engine.support.hierarchical.ThrowableCollector.execute(ThrowableCollector.java:73)
	at org.junit.platform.engine.support.hierarchical.NodeTestTask.executeRecursively(NodeTestTask.java:138)
	at org.junit.platform.engine.support.hierarchical.NodeTestTask.execute(NodeTestTask.java:95)
	at org.junit.platform.engine.support.hierarchical.SameThreadHierarchicalTestExecutorService.submit(SameThreadHierarchicalTestExecutorService.java:35)
	at org.junit.platform.engine.support.hierarchical.HierarchicalTestExecutor.execute(HierarchicalTestExecutor.java:57)
	at org.junit.platform.engine.support.hierarchical.HierarchicalTestEngine.execute(HierarchicalTestEngine.java:54)
	at org.junit.platform.launcher.core.EngineExecutionOrchestrator.execute(EngineExecutionOrchestrator.java:147)
	at org.junit.platform.launcher.core.EngineExecutionOrchestrator.execute(EngineExecutionOrchestrator.java:127)
	at org.junit.platform.launcher.core.EngineExecutionOrchestrator.execute(EngineExecutionOrchestrator.java:90)
	at org.junit.platform.launcher.core.EngineExecutionOrchestrator.lambda$execute$0(EngineExecutionOrchestrator.java:55)
	at org.junit.platform.launcher.core.EngineExecutionOrchestrator.withInterceptedStreams(EngineExecutionOrchestrator.java:102)
	at org.junit.platform.launcher.core.EngineExecutionOrchestrator.execute(EngineExecutionOrchestrator.java:54)
	at org.junit.platform.launcher.core.DefaultLauncher.execute(DefaultLauncher.java:114)
	at org.junit.platform.launcher.core.DefaultLauncher.execute(DefaultLauncher.java:86)
	at org.junit.platform.launcher.core.DefaultLauncherSession$DelegatingLauncher.execute(DefaultLauncherSession.java:86)
	at org.apache.maven.surefire.junitplatform.LazyLauncher.execute(LazyLauncher.java:50)
	at org.apache.maven.surefire.junitplatform.JUnitPlatformProvider.execute(JUnitPlatformProvider.java:184)
	at org.apache.maven.surefire.junitplatform.JUnitPlatformProvider.invokeAllTests(JUnitPlatformProvider.java:148)
	at org.apache.maven.surefire.junitplatform.JUnitPlatformProvider.invoke(JUnitPlatformProvider.java:122)
	at org.apache.maven.surefire.booter.ForkedBooter.runSuitesInProcess(ForkedBooter.java:385)
	at org.apache.maven.surefire.booter.ForkedBooter.execute(ForkedBooter.java:162)
	at org.apache.maven.surefire.booter.ForkedBooter.run(ForkedBooter.java:507)
	at org.apache.maven.surefire.booter.ForkedBooter.main(ForkedBooter.java:495)
2023-11-24 12:36:36,262 TRACE o.h.i.SessionImpl [SessionImpl.java:402] Closing session [489a3a3c-6edc-493b-acfe-bec64d56c62f]
2023-11-24 12:36:36,262 TRACE o.h.e.j.i.JdbcCoordinatorImpl [JdbcCoordinatorImpl.java:152] Closing JDBC container [org.hibernate.engine.jdbc.internal.JdbcCoordinatorImpl@3be681dc]
2023-11-24 12:36:36,262 TRACE o.h.r.j.i.ResourceRegistryStandardImpl [ResourceRegistryStandardImpl.java:329] Releasing JDBC resources
2023-11-24 12:36:36,262 TRACE o.h.r.j.i.LogicalConnectionManagedImpl [LogicalConnectionManagedImpl.java:256] Closing logical connection
2023-11-24 12:36:36,263 TRACE o.h.r.j.i.LogicalConnectionManagedImpl [LogicalConnectionManagedImpl.java:263] Logical connection closed
2023-11-24 12:36:36,263 TRACE o.h.i.SessionFactoryImpl$SessionBuilderImpl [SessionFactoryImpl.java:1298] Opening Hibernate Session.  tenant=null
2023-11-24 12:36:36,263 TRACE o.h.i.SessionImpl [SessionImpl.java:262] Opened Session [c5680933-569b-4d55-b02c-2a33e9cdd078] at timestamp: 1700825796263
2023-11-24 12:36:36,264 TRACE o.h.i.SessionImpl [SessionImpl.java:402] Closing session [c5680933-569b-4d55-b02c-2a33e9cdd078]
2023-11-24 12:36:36,264 TRACE o.h.e.j.i.JdbcCoordinatorImpl [JdbcCoordinatorImpl.java:152] Closing JDBC container [org.hibernate.engine.jdbc.internal.JdbcCoordinatorImpl@61479848]
2023-11-24 12:36:36,264 TRACE o.h.r.j.i.ResourceRegistryStandardImpl [ResourceRegistryStandardImpl.java:329] Releasing JDBC resources
2023-11-24 12:36:36,265 TRACE o.h.r.j.i.LogicalConnectionManagedImpl [LogicalConnectionManagedImpl.java:256] Closing logical connection
2023-11-24 12:36:36,265 TRACE o.h.r.j.i.LogicalConnectionManagedImpl [LogicalConnectionManagedImpl.java:263] Logical connection closed
2023-11-24 12:36:36,272 TRACE o.h.i.SessionFactoryImpl$SessionBuilderImpl [SessionFactoryImpl.java:1298] Opening Hibernate Session.  tenant=null
2023-11-24 12:36:36,273 TRACE o.h.i.SessionImpl [SessionImpl.java:262] Opened Session [de854f1c-1625-4e99-8c58-107465e77340] at timestamp: 1700825796273
2023-11-24 12:36:36,273 DEBUG o.h.r.t.b.j.i.JdbcResourceLocalTransactionCoordinatorImpl [JdbcResourceLocalTransactionCoordinatorImpl.java:310] JDBC transaction marked for rollback-only (exception provided for stack trace)
java.lang.Exception: exception just for purpose of providing stack trace
	at org.hibernate.resource.transaction.backend.jdbc.internal.JdbcResourceLocalTransactionCoordinatorImpl$TransactionDriverControlImpl.markRollbackOnly(JdbcResourceLocalTransactionCoordinatorImpl.java:310)
	at org.hibernate.internal.AbstractSharedSessionContract.buildNamedQuery(AbstractSharedSessionContract.java:1021)
	at org.hibernate.internal.AbstractSharedSessionContract.createNamedQuery(AbstractSharedSessionContract.java:899)
	at org.hibernate.internal.AbstractSharedSessionContract.createNamedQuery(AbstractSharedSessionContract.java:120)
	at jdk.internal.reflect.GeneratedMethodAccessor47.invoke(Unknown Source)
	at java.base/jdk.internal.reflect.DelegatingMethodAccessorImpl.invoke(DelegatingMethodAccessorImpl.java:43)
	at java.base/java.lang.reflect.Method.invoke(Method.java:568)
	at org.springframework.orm.jpa.ExtendedEntityManagerCreator$ExtendedEntityManagerInvocationHandler.invoke(ExtendedEntityManagerCreator.java:360)
	at jdk.proxy2/jdk.proxy2.$Proxy191.createNamedQuery(Unknown Source)
	at org.springframework.data.jpa.repository.query.NamedQuery.hasNamedQuery(NamedQuery.java:113)
	at org.springframework.data.jpa.repository.query.JpaQueryLookupStrategy$DeclaredQueryLookupStrategy.getCountQuery(JpaQueryLookupStrategy.java:204)
	at org.springframework.data.jpa.repository.query.JpaQueryLookupStrategy$DeclaredQueryLookupStrategy.resolveQuery(JpaQueryLookupStrategy.java:171)
	at org.springframework.data.jpa.repository.query.JpaQueryLookupStrategy$CreateIfNotFoundQueryLookupStrategy.resolveQuery(JpaQueryLookupStrategy.java:252)
	at org.springframework.data.jpa.repository.query.JpaQueryLookupStrategy$AbstractQueryLookupStrategy.resolveQuery(JpaQueryLookupStrategy.java:95)
	at org.springframework.data.repository.core.support.QueryExecutorMethodInterceptor.lookupQuery(QueryExecutorMethodInterceptor.java:111)
	at org.springframework.data.repository.core.support.QueryExecutorMethodInterceptor.mapMethodsToQuery(QueryExecutorMethodInterceptor.java:99)
	at org.springframework.data.repository.core.support.QueryExecutorMethodInterceptor.lambda$new$0(QueryExecutorMethodInterceptor.java:88)
	at java.base/java.util.Optional.map(Optional.java:260)
	at org.springframework.data.repository.core.support.QueryExecutorMethodInterceptor.<init>(QueryExecutorMethodInterceptor.java:88)
	at org.springframework.data.repository.core.support.RepositoryFactorySupport.getRepository(RepositoryFactorySupport.java:357)
	at org.springframework.data.repository.core.support.RepositoryFactoryBeanSupport.lambda$afterPropertiesSet$5(RepositoryFactoryBeanSupport.java:279)
	at org.springframework.data.util.Lazy.getNullable(Lazy.java:245)
	at org.springframework.data.util.Lazy.get(Lazy.java:114)
	at org.springframework.data.repository.core.support.RepositoryFactoryBeanSupport.afterPropertiesSet(RepositoryFactoryBeanSupport.java:285)
	at org.springframework.data.jpa.repository.support.JpaRepositoryFactoryBean.afterPropertiesSet(JpaRepositoryFactoryBean.java:132)
	at org.springframework.beans.factory.support.AbstractAutowireCapableBeanFactory.invokeInitMethods(AbstractAutowireCapableBeanFactory.java:1817)
	at org.springframework.beans.factory.support.AbstractAutowireCapableBeanFactory.initializeBean(AbstractAutowireCapableBeanFactory.java:1766)
	at org.springframework.beans.factory.support.AbstractAutowireCapableBeanFactory.doCreateBean(AbstractAutowireCapableBeanFactory.java:598)
	at org.springframework.beans.factory.support.AbstractAutowireCapableBeanFactory.createBean(AbstractAutowireCapableBeanFactory.java:520)
	at org.springframework.beans.factory.support.AbstractBeanFactory.lambda$doGetBean$0(AbstractBeanFactory.java:325)
	at org.springframework.beans.factory.support.DefaultSingletonBeanRegistry.getSingleton(DefaultSingletonBeanRegistry.java:234)
	at org.springframework.beans.factory.support.AbstractBeanFactory.doGetBean(AbstractBeanFactory.java:323)
	at org.springframework.beans.factory.support.AbstractBeanFactory.getBean(AbstractBeanFactory.java:199)
	at org.springframework.beans.factory.config.DependencyDescriptor.resolveCandidate(DependencyDescriptor.java:254)
	at org.springframework.beans.factory.support.DefaultListableBeanFactory.doResolveDependency(DefaultListableBeanFactory.java:1417)
	at org.springframework.beans.factory.support.DefaultListableBeanFactory.resolveDependency(DefaultListableBeanFactory.java:1337)
	at org.springframework.beans.factory.annotation.AutowiredAnnotationBeanPostProcessor$AutowiredFieldElement.resolveFieldValue(AutowiredAnnotationBeanPostProcessor.java:764)
	at org.springframework.beans.factory.annotation.AutowiredAnnotationBeanPostProcessor$AutowiredFieldElement.inject(AutowiredAnnotationBeanPostProcessor.java:747)
	at org.springframework.beans.factory.annotation.InjectionMetadata.inject(InjectionMetadata.java:145)
	at org.springframework.beans.factory.annotation.AutowiredAnnotationBeanPostProcessor.postProcessProperties(AutowiredAnnotationBeanPostProcessor.java:492)
	at org.springframework.beans.factory.support.AbstractAutowireCapableBeanFactory.populateBean(AbstractAutowireCapableBeanFactory.java:1416)
	at org.springframework.beans.factory.support.AbstractAutowireCapableBeanFactory.doCreateBean(AbstractAutowireCapableBeanFactory.java:597)
	at org.springframework.beans.factory.support.AbstractAutowireCapableBeanFactory.createBean(AbstractAutowireCapableBeanFactory.java:520)
	at org.springframework.beans.factory.support.AbstractBeanFactory.lambda$doGetBean$0(AbstractBeanFactory.java:325)
	at org.springframework.beans.factory.support.DefaultSingletonBeanRegistry.getSingleton(DefaultSingletonBeanRegistry.java:234)
	at org.springframework.beans.factory.support.AbstractBeanFactory.doGetBean(AbstractBeanFactory.java:323)
	at org.springframework.beans.factory.support.AbstractBeanFactory.getBean(AbstractBeanFactory.java:199)
	at org.springframework.beans.factory.config.DependencyDescriptor.resolveCandidate(DependencyDescriptor.java:254)
	at org.springframework.beans.factory.support.DefaultListableBeanFactory.doResolveDependency(DefaultListableBeanFactory.java:1417)
	at org.springframework.beans.factory.support.DefaultListableBeanFactory.resolveDependency(DefaultListableBeanFactory.java:1337)
	at org.springframework.beans.factory.annotation.AutowiredAnnotationBeanPostProcessor$AutowiredFieldElement.resolveFieldValue(AutowiredAnnotationBeanPostProcessor.java:764)
	at org.springframework.beans.factory.annotation.AutowiredAnnotationBeanPostProcessor$AutowiredFieldElement.inject(AutowiredAnnotationBeanPostProcessor.java:747)
	at org.springframework.beans.factory.annotation.InjectionMetadata.inject(InjectionMetadata.java:145)
	at org.springframework.beans.factory.annotation.AutowiredAnnotationBeanPostProcessor.postProcessProperties(AutowiredAnnotationBeanPostProcessor.java:492)
	at org.springframework.beans.factory.support.AbstractAutowireCapableBeanFactory.populateBean(AbstractAutowireCapableBeanFactory.java:1416)
	at org.springframework.beans.factory.support.AbstractAutowireCapableBeanFactory.doCreateBean(AbstractAutowireCapableBeanFactory.java:597)
	at org.springframework.beans.factory.support.AbstractAutowireCapableBeanFactory.createBean(AbstractAutowireCapableBeanFactory.java:520)
	at org.springframework.beans.factory.support.AbstractBeanFactory.lambda$doGetBean$0(AbstractBeanFactory.java:325)
	at org.springframework.beans.factory.support.DefaultSingletonBeanRegistry.getSingleton(DefaultSingletonBeanRegistry.java:234)
	at org.springframework.beans.factory.support.AbstractBeanFactory.doGetBean(AbstractBeanFactory.java:323)
	at org.springframework.beans.factory.support.AbstractBeanFactory.getBean(AbstractBeanFactory.java:199)
	at org.springframework.beans.factory.support.DefaultListableBeanFactory.preInstantiateSingletons(DefaultListableBeanFactory.java:973)
	at org.springframework.context.support.AbstractApplicationContext.finishBeanFactoryInitialization(AbstractApplicationContext.java:950)
	at org.springframework.context.support.AbstractApplicationContext.refresh(AbstractApplicationContext.java:616)
	at org.springframework.boot.web.servlet.context.ServletWebServerApplicationContext.refresh(ServletWebServerApplicationContext.java:146)
	at org.springframework.boot.SpringApplication.refresh(SpringApplication.java:738)
	at org.springframework.boot.SpringApplication.refreshContext(SpringApplication.java:440)
	at org.springframework.boot.SpringApplication.run(SpringApplication.java:316)
	at org.springframework.boot.test.context.SpringBootContextLoader.lambda$loadContext$3(SpringBootContextLoader.java:137)
	at org.springframework.util.function.ThrowingSupplier.get(ThrowingSupplier.java:58)
	at org.springframework.util.function.ThrowingSupplier.get(ThrowingSupplier.java:46)
	at org.springframework.boot.SpringApplication.withHook(SpringApplication.java:1406)
	at org.springframework.boot.test.context.SpringBootContextLoader$ContextLoaderHook.run(SpringBootContextLoader.java:545)
	at org.springframework.boot.test.context.SpringBootContextLoader.loadContext(SpringBootContextLoader.java:137)
	at org.springframework.boot.test.context.SpringBootContextLoader.loadContext(SpringBootContextLoader.java:108)
	at org.springframework.test.context.cache.DefaultCacheAwareContextLoaderDelegate.loadContextInternal(DefaultCacheAwareContextLoaderDelegate.java:187)
	at org.springframework.test.context.cache.DefaultCacheAwareContextLoaderDelegate.loadContext(DefaultCacheAwareContextLoaderDelegate.java:119)
	at org.springframework.test.context.support.DefaultTestContext.getApplicationContext(DefaultTestContext.java:127)
	at org.springframework.test.context.support.DependencyInjectionTestExecutionListener.injectDependencies(DependencyInjectionTestExecutionListener.java:141)
	at org.springframework.test.context.support.DependencyInjectionTestExecutionListener.prepareTestInstance(DependencyInjectionTestExecutionListener.java:97)
	at org.springframework.test.context.TestContextManager.prepareTestInstance(TestContextManager.java:241)
	at org.springframework.test.context.junit.jupiter.SpringExtension.postProcessTestInstance(SpringExtension.java:138)
	at org.junit.jupiter.engine.descriptor.ClassBasedTestDescriptor.lambda$invokeTestInstancePostProcessors$10(ClassBasedTestDescriptor.java:377)
	at org.junit.jupiter.engine.descriptor.ClassBasedTestDescriptor.executeAndMaskThrowable(ClassBasedTestDescriptor.java:382)
	at org.junit.jupiter.engine.descriptor.ClassBasedTestDescriptor.lambda$invokeTestInstancePostProcessors$11(ClassBasedTestDescriptor.java:377)
	at java.base/java.util.stream.ReferencePipeline$3$1.accept(ReferencePipeline.java:197)
	at java.base/java.util.stream.ReferencePipeline$2$1.accept(ReferencePipeline.java:179)
	at java.base/java.util.ArrayList$ArrayListSpliterator.forEachRemaining(ArrayList.java:1625)
	at java.base/java.util.stream.AbstractPipeline.copyInto(AbstractPipeline.java:509)
	at java.base/java.util.stream.AbstractPipeline.wrapAndCopyInto(AbstractPipeline.java:499)
	at java.base/java.util.stream.StreamSpliterators$WrappingSpliterator.forEachRemaining(StreamSpliterators.java:310)
	at java.base/java.util.stream.Streams$ConcatSpliterator.forEachRemaining(Streams.java:735)
	at java.base/java.util.stream.Streams$ConcatSpliterator.forEachRemaining(Streams.java:734)
	at java.base/java.util.stream.ReferencePipeline$Head.forEach(ReferencePipeline.java:762)
	at org.junit.jupiter.engine.descriptor.ClassBasedTestDescriptor.invokeTestInstancePostProcessors(ClassBasedTestDescriptor.java:376)
	at org.junit.jupiter.engine.descriptor.ClassBasedTestDescriptor.lambda$instantiateAndPostProcessTestInstance$6(ClassBasedTestDescriptor.java:289)
	at org.junit.platform.engine.support.hierarchical.ThrowableCollector.execute(ThrowableCollector.java:73)
	at org.junit.jupiter.engine.descriptor.ClassBasedTestDescriptor.instantiateAndPostProcessTestInstance(ClassBasedTestDescriptor.java:288)
	at org.junit.jupiter.engine.descriptor.ClassBasedTestDescriptor.lambda$testInstancesProvider$4(ClassBasedTestDescriptor.java:278)
	at java.base/java.util.Optional.orElseGet(Optional.java:364)
	at org.junit.jupiter.engine.descriptor.ClassBasedTestDescriptor.lambda$testInstancesProvider$5(ClassBasedTestDescriptor.java:277)
	at org.junit.jupiter.engine.execution.TestInstancesProvider.getTestInstances(TestInstancesProvider.java:31)
	at org.junit.jupiter.engine.descriptor.TestMethodTestDescriptor.lambda$prepare$0(TestMethodTestDescriptor.java:105)
	at org.junit.platform.engine.support.hierarchical.ThrowableCollector.execute(ThrowableCollector.java:73)
	at org.junit.jupiter.engine.descriptor.TestMethodTestDescriptor.prepare(TestMethodTestDescriptor.java:104)
	at org.junit.jupiter.engine.descriptor.TestMethodTestDescriptor.prepare(TestMethodTestDescriptor.java:68)
	at org.junit.platform.engine.support.hierarchical.NodeTestTask.lambda$prepare$2(NodeTestTask.java:123)
	at org.junit.platform.engine.support.hierarchical.ThrowableCollector.execute(ThrowableCollector.java:73)
	at org.junit.platform.engine.support.hierarchical.NodeTestTask.prepare(NodeTestTask.java:123)
	at org.junit.platform.engine.support.hierarchical.NodeTestTask.execute(NodeTestTask.java:90)
	at java.base/java.util.ArrayList.forEach(ArrayList.java:1511)
	at org.junit.platform.engine.support.hierarchical.SameThreadHierarchicalTestExecutorService.invokeAll(SameThreadHierarchicalTestExecutorService.java:41)
	at org.junit.platform.engine.support.hierarchical.NodeTestTask.lambda$executeRecursively$6(NodeTestTask.java:155)
	at org.junit.platform.engine.support.hierarchical.ThrowableCollector.execute(ThrowableCollector.java:73)
	at org.junit.platform.engine.support.hierarchical.NodeTestTask.lambda$executeRecursively$8(NodeTestTask.java:141)
	at org.junit.platform.engine.support.hierarchical.Node.around(Node.java:137)
	at org.junit.platform.engine.support.hierarchical.NodeTestTask.lambda$executeRecursively$9(NodeTestTask.java:139)
	at org.junit.platform.engine.support.hierarchical.ThrowableCollector.execute(ThrowableCollector.java:73)
	at org.junit.platform.engine.support.hierarchical.NodeTestTask.executeRecursively(NodeTestTask.java:138)
	at org.junit.platform.engine.support.hierarchical.NodeTestTask.execute(NodeTestTask.java:95)
	at java.base/java.util.ArrayList.forEach(ArrayList.java:1511)
	at org.junit.platform.engine.support.hierarchical.SameThreadHierarchicalTestExecutorService.invokeAll(SameThreadHierarchicalTestExecutorService.java:41)
	at org.junit.platform.engine.support.hierarchical.NodeTestTask.lambda$executeRecursively$6(NodeTestTask.java:155)
	at org.junit.platform.engine.support.hierarchical.ThrowableCollector.execute(ThrowableCollector.java:73)
	at org.junit.platform.engine.support.hierarchical.NodeTestTask.lambda$executeRecursively$8(NodeTestTask.java:141)
	at org.junit.platform.engine.support.hierarchical.Node.around(Node.java:137)
	at org.junit.platform.engine.support.hierarchical.NodeTestTask.lambda$executeRecursively$9(NodeTestTask.java:139)
	at org.junit.platform.engine.support.hierarchical.ThrowableCollector.execute(ThrowableCollector.java:73)
	at org.junit.platform.engine.support.hierarchical.NodeTestTask.executeRecursively(NodeTestTask.java:138)
	at org.junit.platform.engine.support.hierarchical.NodeTestTask.execute(NodeTestTask.java:95)
	at org.junit.platform.engine.support.hierarchical.SameThreadHierarchicalTestExecutorService.submit(SameThreadHierarchicalTestExecutorService.java:35)
	at org.junit.platform.engine.support.hierarchical.HierarchicalTestExecutor.execute(HierarchicalTestExecutor.java:57)
	at org.junit.platform.engine.support.hierarchical.HierarchicalTestEngine.execute(HierarchicalTestEngine.java:54)
	at org.junit.platform.launcher.core.EngineExecutionOrchestrator.execute(EngineExecutionOrchestrator.java:147)
	at org.junit.platform.launcher.core.EngineExecutionOrchestrator.execute(EngineExecutionOrchestrator.java:127)
	at org.junit.platform.launcher.core.EngineExecutionOrchestrator.execute(EngineExecutionOrchestrator.java:90)
	at org.junit.platform.launcher.core.EngineExecutionOrchestrator.lambda$execute$0(EngineExecutionOrchestrator.java:55)
	at org.junit.platform.launcher.core.EngineExecutionOrchestrator.withInterceptedStreams(EngineExecutionOrchestrator.java:102)
	at org.junit.platform.launcher.core.EngineExecutionOrchestrator.execute(EngineExecutionOrchestrator.java:54)
	at org.junit.platform.launcher.core.DefaultLauncher.execute(DefaultLauncher.java:114)
	at org.junit.platform.launcher.core.DefaultLauncher.execute(DefaultLauncher.java:86)
	at org.junit.platform.launcher.core.DefaultLauncherSession$DelegatingLauncher.execute(DefaultLauncherSession.java:86)
	at org.apache.maven.surefire.junitplatform.LazyLauncher.execute(LazyLauncher.java:50)
	at org.apache.maven.surefire.junitplatform.JUnitPlatformProvider.execute(JUnitPlatformProvider.java:184)
	at org.apache.maven.surefire.junitplatform.JUnitPlatformProvider.invokeAllTests(JUnitPlatformProvider.java:148)
	at org.apache.maven.surefire.junitplatform.JUnitPlatformProvider.invoke(JUnitPlatformProvider.java:122)
	at org.apache.maven.surefire.booter.ForkedBooter.runSuitesInProcess(ForkedBooter.java:385)
	at org.apache.maven.surefire.booter.ForkedBooter.execute(ForkedBooter.java:162)
	at org.apache.maven.surefire.booter.ForkedBooter.run(ForkedBooter.java:507)
	at org.apache.maven.surefire.booter.ForkedBooter.main(ForkedBooter.java:495)
2023-11-24 12:36:36,274 TRACE o.h.i.SessionImpl [SessionImpl.java:402] Closing session [de854f1c-1625-4e99-8c58-107465e77340]
2023-11-24 12:36:36,275 TRACE o.h.e.j.i.JdbcCoordinatorImpl [JdbcCoordinatorImpl.java:152] Closing JDBC container [org.hibernate.engine.jdbc.internal.JdbcCoordinatorImpl@37810fda]
2023-11-24 12:36:36,275 TRACE o.h.r.j.i.ResourceRegistryStandardImpl [ResourceRegistryStandardImpl.java:329] Releasing JDBC resources
2023-11-24 12:36:36,275 TRACE o.h.r.j.i.LogicalConnectionManagedImpl [LogicalConnectionManagedImpl.java:256] Closing logical connection
2023-11-24 12:36:36,276 TRACE o.h.r.j.i.LogicalConnectionManagedImpl [LogicalConnectionManagedImpl.java:263] Logical connection closed
2023-11-24 12:36:36,276 TRACE o.h.i.SessionFactoryImpl$SessionBuilderImpl [SessionFactoryImpl.java:1298] Opening Hibernate Session.  tenant=null
2023-11-24 12:36:36,277 TRACE o.h.i.SessionImpl [SessionImpl.java:262] Opened Session [604356e9-2d82-4c3c-a50f-88301fa3912f] at timestamp: 1700825796277
2023-11-24 12:36:36,277 TRACE o.h.i.SessionImpl [SessionImpl.java:402] Closing session [604356e9-2d82-4c3c-a50f-88301fa3912f]
2023-11-24 12:36:36,277 TRACE o.h.e.j.i.JdbcCoordinatorImpl [JdbcCoordinatorImpl.java:152] Closing JDBC container [org.hibernate.engine.jdbc.internal.JdbcCoordinatorImpl@139555a3]
2023-11-24 12:36:36,278 TRACE o.h.r.j.i.ResourceRegistryStandardImpl [ResourceRegistryStandardImpl.java:329] Releasing JDBC resources
2023-11-24 12:36:36,278 TRACE o.h.r.j.i.LogicalConnectionManagedImpl [LogicalConnectionManagedImpl.java:256] Closing logical connection
2023-11-24 12:36:36,278 TRACE o.h.r.j.i.LogicalConnectionManagedImpl [LogicalConnectionManagedImpl.java:263] Logical connection closed
2023-11-24 12:36:36,280 TRACE o.h.i.SessionFactoryImpl$SessionBuilderImpl [SessionFactoryImpl.java:1298] Opening Hibernate Session.  tenant=null
2023-11-24 12:36:36,280 TRACE o.h.i.SessionImpl [SessionImpl.java:262] Opened Session [1574c66c-f150-4e3f-a046-e2a59727e52a] at timestamp: 1700825796280
2023-11-24 12:36:36,281 TRACE o.h.o.q.p.cache [QueryInterpretationCacheStandardImpl.java:121] QueryPlan#resolveHqlInterpretation( `select count(id) from SurveyReply  where endtime between :start and :end` )
2023-11-24 12:36:36,281 DEBUG o.h.o.q.hql [StandardHqlTranslator.java:75] HQL : select count(id) from SurveyReply  where endtime between :start and :end
2023-11-24 12:36:36,285 DEBUG o.h.o.q.h.reservedWordAsIdentifier [HqlParseTreeBuilder.java:43] Encountered use of reserved word as identifier : (
2023-11-24 12:36:36,287 DEBUG o.h.o.q.h.reservedWordAsIdentifier [HqlParseTreeBuilder.java:43] Encountered use of reserved word as identifier : )
2023-11-24 12:36:36,289 DEBUG o.h.o.q.h.reservedWordAsIdentifier [HqlParseTreeBuilder.java:43] Encountered use of reserved word as identifier : <EOF>
2023-11-24 12:36:36,289 DEBUG o.h.q.h.i.SemanticQueryBuilder [SemanticQueryBuilder.java:1904] Handling root path - SurveyReply
2023-11-24 12:36:36,290 TRACE o.h.o.q.s.creation [SqmPathRegistryImpl.java:59] SqmProcessingIndex#register(SqmPath) : franco.maurizio.hr.desk.com.persistence.entity.SurveyReply(961680253615484)
2023-11-24 12:36:36,290 TRACE o.h.o.q.hql [BasicDotIdentifierConsumer.java:83] BasicDotIdentifierHandler#consumeIdentifier( id, true, true ) - id
2023-11-24 12:36:36,290 TRACE o.h.o.q.hql [BasicDotIdentifierConsumer.java:118] BaseLocalSequencePart#consumeIdentifier( id, true, true ) - id
2023-11-24 12:36:36,290 DEBUG o.h.o.q.hql [SqmPathRegistryImpl.java:209] Unable to resolve unqualified attribute [id] in local from-clause
2023-11-24 12:36:36,292 TRACE o.h.o.q.hql [BasicDotIdentifierConsumer.java:83] BasicDotIdentifierHandler#consumeIdentifier( endtime, true, true ) - endtime
2023-11-24 12:36:36,292 TRACE o.h.o.q.hql [BasicDotIdentifierConsumer.java:118] BaseLocalSequencePart#consumeIdentifier( endtime, true, true ) - endtime
2023-11-24 12:36:36,292 DEBUG o.h.o.q.hql [SqmPathRegistryImpl.java:209] Unable to resolve unqualified attribute [endtime] in local from-clause
2023-11-24 12:36:36,293 DEBUG o.h.o.q.s.creation [AbstractSqmExpression.java:57] Applying inferable type to SqmExpression [SqmNamedParameter(start)] : null -> BasicSqmPathSource(endtime : LocalDateTime)
2023-11-24 12:36:36,293 DEBUG o.h.o.q.s.creation [AbstractSqmExpression.java:57] Applying inferable type to SqmExpression [SqmNamedParameter(end)] : null -> BasicSqmPathSource(endtime : LocalDateTime)
2023-11-24 12:36:36,294 DEBUG o.h.o.q.s.ast [SqmTreePrinter.java:168] SqmStatement Tree :
    -> [select]
      -> [query-spec]
        -> [select]
          -> [selection]
          <- [selection]
        <- [select]
        -> [from]
          -> [root] - `franco.maurizio.hr.desk.com.persistence.entity.SurveyReply(961680253615484)`
          <- [root] - `franco.maurizio.hr.desk.com.persistence.entity.SurveyReply(961680253615484)`
        <- [from]
        -> [where]
          -> [is-between]
            -> [basic-path] - `franco.maurizio.hr.desk.com.persistence.entity.SurveyReply(961680253615484).endtime`
            :start
            :end
          <- [is-between]
        <- [where]
      <- [query-spec]
    <- [select]

2023-11-24 12:36:36,295 TRACE o.h.i.SessionImpl [SessionImpl.java:402] Closing session [1574c66c-f150-4e3f-a046-e2a59727e52a]
2023-11-24 12:36:36,295 TRACE o.h.e.j.i.JdbcCoordinatorImpl [JdbcCoordinatorImpl.java:152] Closing JDBC container [org.hibernate.engine.jdbc.internal.JdbcCoordinatorImpl@4d63e9ee]
2023-11-24 12:36:36,295 TRACE o.h.r.j.i.ResourceRegistryStandardImpl [ResourceRegistryStandardImpl.java:329] Releasing JDBC resources
2023-11-24 12:36:36,295 TRACE o.h.r.j.i.LogicalConnectionManagedImpl [LogicalConnectionManagedImpl.java:256] Closing logical connection
2023-11-24 12:36:36,295 TRACE o.h.r.j.i.LogicalConnectionManagedImpl [LogicalConnectionManagedImpl.java:263] Logical connection closed
2023-11-24 12:36:36,298 TRACE o.h.i.SessionFactoryImpl$SessionBuilderImpl [SessionFactoryImpl.java:1298] Opening Hibernate Session.  tenant=null
2023-11-24 12:36:36,299 TRACE o.h.i.SessionImpl [SessionImpl.java:262] Opened Session [d7b36e4f-6710-42d0-a722-efdc3395a4dd] at timestamp: 1700825796299
2023-11-24 12:36:36,299 DEBUG o.h.r.t.b.j.i.JdbcResourceLocalTransactionCoordinatorImpl [JdbcResourceLocalTransactionCoordinatorImpl.java:310] JDBC transaction marked for rollback-only (exception provided for stack trace)
java.lang.Exception: exception just for purpose of providing stack trace
	at org.hibernate.resource.transaction.backend.jdbc.internal.JdbcResourceLocalTransactionCoordinatorImpl$TransactionDriverControlImpl.markRollbackOnly(JdbcResourceLocalTransactionCoordinatorImpl.java:310)
	at org.hibernate.internal.AbstractSharedSessionContract.buildNamedQuery(AbstractSharedSessionContract.java:1021)
	at org.hibernate.internal.AbstractSharedSessionContract.createNamedQuery(AbstractSharedSessionContract.java:899)
	at org.hibernate.internal.AbstractSharedSessionContract.createNamedQuery(AbstractSharedSessionContract.java:120)
	at jdk.internal.reflect.GeneratedMethodAccessor47.invoke(Unknown Source)
	at java.base/jdk.internal.reflect.DelegatingMethodAccessorImpl.invoke(DelegatingMethodAccessorImpl.java:43)
	at java.base/java.lang.reflect.Method.invoke(Method.java:568)
	at org.springframework.orm.jpa.ExtendedEntityManagerCreator$ExtendedEntityManagerInvocationHandler.invoke(ExtendedEntityManagerCreator.java:360)
	at jdk.proxy2/jdk.proxy2.$Proxy191.createNamedQuery(Unknown Source)
	at org.springframework.data.jpa.repository.query.NamedQuery.hasNamedQuery(NamedQuery.java:113)
	at org.springframework.data.jpa.repository.query.JpaQueryLookupStrategy$DeclaredQueryLookupStrategy.getCountQuery(JpaQueryLookupStrategy.java:204)
	at org.springframework.data.jpa.repository.query.JpaQueryLookupStrategy$DeclaredQueryLookupStrategy.resolveQuery(JpaQueryLookupStrategy.java:171)
	at org.springframework.data.jpa.repository.query.JpaQueryLookupStrategy$CreateIfNotFoundQueryLookupStrategy.resolveQuery(JpaQueryLookupStrategy.java:252)
	at org.springframework.data.jpa.repository.query.JpaQueryLookupStrategy$AbstractQueryLookupStrategy.resolveQuery(JpaQueryLookupStrategy.java:95)
	at org.springframework.data.repository.core.support.QueryExecutorMethodInterceptor.lookupQuery(QueryExecutorMethodInterceptor.java:111)
	at org.springframework.data.repository.core.support.QueryExecutorMethodInterceptor.mapMethodsToQuery(QueryExecutorMethodInterceptor.java:99)
	at org.springframework.data.repository.core.support.QueryExecutorMethodInterceptor.lambda$new$0(QueryExecutorMethodInterceptor.java:88)
	at java.base/java.util.Optional.map(Optional.java:260)
	at org.springframework.data.repository.core.support.QueryExecutorMethodInterceptor.<init>(QueryExecutorMethodInterceptor.java:88)
	at org.springframework.data.repository.core.support.RepositoryFactorySupport.getRepository(RepositoryFactorySupport.java:357)
	at org.springframework.data.repository.core.support.RepositoryFactoryBeanSupport.lambda$afterPropertiesSet$5(RepositoryFactoryBeanSupport.java:279)
	at org.springframework.data.util.Lazy.getNullable(Lazy.java:245)
	at org.springframework.data.util.Lazy.get(Lazy.java:114)
	at org.springframework.data.repository.core.support.RepositoryFactoryBeanSupport.afterPropertiesSet(RepositoryFactoryBeanSupport.java:285)
	at org.springframework.data.jpa.repository.support.JpaRepositoryFactoryBean.afterPropertiesSet(JpaRepositoryFactoryBean.java:132)
	at org.springframework.beans.factory.support.AbstractAutowireCapableBeanFactory.invokeInitMethods(AbstractAutowireCapableBeanFactory.java:1817)
	at org.springframework.beans.factory.support.AbstractAutowireCapableBeanFactory.initializeBean(AbstractAutowireCapableBeanFactory.java:1766)
	at org.springframework.beans.factory.support.AbstractAutowireCapableBeanFactory.doCreateBean(AbstractAutowireCapableBeanFactory.java:598)
	at org.springframework.beans.factory.support.AbstractAutowireCapableBeanFactory.createBean(AbstractAutowireCapableBeanFactory.java:520)
	at org.springframework.beans.factory.support.AbstractBeanFactory.lambda$doGetBean$0(AbstractBeanFactory.java:325)
	at org.springframework.beans.factory.support.DefaultSingletonBeanRegistry.getSingleton(DefaultSingletonBeanRegistry.java:234)
	at org.springframework.beans.factory.support.AbstractBeanFactory.doGetBean(AbstractBeanFactory.java:323)
	at org.springframework.beans.factory.support.AbstractBeanFactory.getBean(AbstractBeanFactory.java:199)
	at org.springframework.beans.factory.config.DependencyDescriptor.resolveCandidate(DependencyDescriptor.java:254)
	at org.springframework.beans.factory.support.DefaultListableBeanFactory.doResolveDependency(DefaultListableBeanFactory.java:1417)
	at org.springframework.beans.factory.support.DefaultListableBeanFactory.resolveDependency(DefaultListableBeanFactory.java:1337)
	at org.springframework.beans.factory.annotation.AutowiredAnnotationBeanPostProcessor$AutowiredFieldElement.resolveFieldValue(AutowiredAnnotationBeanPostProcessor.java:764)
	at org.springframework.beans.factory.annotation.AutowiredAnnotationBeanPostProcessor$AutowiredFieldElement.inject(AutowiredAnnotationBeanPostProcessor.java:747)
	at org.springframework.beans.factory.annotation.InjectionMetadata.inject(InjectionMetadata.java:145)
	at org.springframework.beans.factory.annotation.AutowiredAnnotationBeanPostProcessor.postProcessProperties(AutowiredAnnotationBeanPostProcessor.java:492)
	at org.springframework.beans.factory.support.AbstractAutowireCapableBeanFactory.populateBean(AbstractAutowireCapableBeanFactory.java:1416)
	at org.springframework.beans.factory.support.AbstractAutowireCapableBeanFactory.doCreateBean(AbstractAutowireCapableBeanFactory.java:597)
	at org.springframework.beans.factory.support.AbstractAutowireCapableBeanFactory.createBean(AbstractAutowireCapableBeanFactory.java:520)
	at org.springframework.beans.factory.support.AbstractBeanFactory.lambda$doGetBean$0(AbstractBeanFactory.java:325)
	at org.springframework.beans.factory.support.DefaultSingletonBeanRegistry.getSingleton(DefaultSingletonBeanRegistry.java:234)
	at org.springframework.beans.factory.support.AbstractBeanFactory.doGetBean(AbstractBeanFactory.java:323)
	at org.springframework.beans.factory.support.AbstractBeanFactory.getBean(AbstractBeanFactory.java:199)
	at org.springframework.beans.factory.config.DependencyDescriptor.resolveCandidate(DependencyDescriptor.java:254)
	at org.springframework.beans.factory.support.DefaultListableBeanFactory.doResolveDependency(DefaultListableBeanFactory.java:1417)
	at org.springframework.beans.factory.support.DefaultListableBeanFactory.resolveDependency(DefaultListableBeanFactory.java:1337)
	at org.springframework.beans.factory.annotation.AutowiredAnnotationBeanPostProcessor$AutowiredFieldElement.resolveFieldValue(AutowiredAnnotationBeanPostProcessor.java:764)
	at org.springframework.beans.factory.annotation.AutowiredAnnotationBeanPostProcessor$AutowiredFieldElement.inject(AutowiredAnnotationBeanPostProcessor.java:747)
	at org.springframework.beans.factory.annotation.InjectionMetadata.inject(InjectionMetadata.java:145)
	at org.springframework.beans.factory.annotation.AutowiredAnnotationBeanPostProcessor.postProcessProperties(AutowiredAnnotationBeanPostProcessor.java:492)
	at org.springframework.beans.factory.support.AbstractAutowireCapableBeanFactory.populateBean(AbstractAutowireCapableBeanFactory.java:1416)
	at org.springframework.beans.factory.support.AbstractAutowireCapableBeanFactory.doCreateBean(AbstractAutowireCapableBeanFactory.java:597)
	at org.springframework.beans.factory.support.AbstractAutowireCapableBeanFactory.createBean(AbstractAutowireCapableBeanFactory.java:520)
	at org.springframework.beans.factory.support.AbstractBeanFactory.lambda$doGetBean$0(AbstractBeanFactory.java:325)
	at org.springframework.beans.factory.support.DefaultSingletonBeanRegistry.getSingleton(DefaultSingletonBeanRegistry.java:234)
	at org.springframework.beans.factory.support.AbstractBeanFactory.doGetBean(AbstractBeanFactory.java:323)
	at org.springframework.beans.factory.support.AbstractBeanFactory.getBean(AbstractBeanFactory.java:199)
	at org.springframework.beans.factory.support.DefaultListableBeanFactory.preInstantiateSingletons(DefaultListableBeanFactory.java:973)
	at org.springframework.context.support.AbstractApplicationContext.finishBeanFactoryInitialization(AbstractApplicationContext.java:950)
	at org.springframework.context.support.AbstractApplicationContext.refresh(AbstractApplicationContext.java:616)
	at org.springframework.boot.web.servlet.context.ServletWebServerApplicationContext.refresh(ServletWebServerApplicationContext.java:146)
	at org.springframework.boot.SpringApplication.refresh(SpringApplication.java:738)
	at org.springframework.boot.SpringApplication.refreshContext(SpringApplication.java:440)
	at org.springframework.boot.SpringApplication.run(SpringApplication.java:316)
	at org.springframework.boot.test.context.SpringBootContextLoader.lambda$loadContext$3(SpringBootContextLoader.java:137)
	at org.springframework.util.function.ThrowingSupplier.get(ThrowingSupplier.java:58)
	at org.springframework.util.function.ThrowingSupplier.get(ThrowingSupplier.java:46)
	at org.springframework.boot.SpringApplication.withHook(SpringApplication.java:1406)
	at org.springframework.boot.test.context.SpringBootContextLoader$ContextLoaderHook.run(SpringBootContextLoader.java:545)
	at org.springframework.boot.test.context.SpringBootContextLoader.loadContext(SpringBootContextLoader.java:137)
	at org.springframework.boot.test.context.SpringBootContextLoader.loadContext(SpringBootContextLoader.java:108)
	at org.springframework.test.context.cache.DefaultCacheAwareContextLoaderDelegate.loadContextInternal(DefaultCacheAwareContextLoaderDelegate.java:187)
	at org.springframework.test.context.cache.DefaultCacheAwareContextLoaderDelegate.loadContext(DefaultCacheAwareContextLoaderDelegate.java:119)
	at org.springframework.test.context.support.DefaultTestContext.getApplicationContext(DefaultTestContext.java:127)
	at org.springframework.test.context.support.DependencyInjectionTestExecutionListener.injectDependencies(DependencyInjectionTestExecutionListener.java:141)
	at org.springframework.test.context.support.DependencyInjectionTestExecutionListener.prepareTestInstance(DependencyInjectionTestExecutionListener.java:97)
	at org.springframework.test.context.TestContextManager.prepareTestInstance(TestContextManager.java:241)
	at org.springframework.test.context.junit.jupiter.SpringExtension.postProcessTestInstance(SpringExtension.java:138)
	at org.junit.jupiter.engine.descriptor.ClassBasedTestDescriptor.lambda$invokeTestInstancePostProcessors$10(ClassBasedTestDescriptor.java:377)
	at org.junit.jupiter.engine.descriptor.ClassBasedTestDescriptor.executeAndMaskThrowable(ClassBasedTestDescriptor.java:382)
	at org.junit.jupiter.engine.descriptor.ClassBasedTestDescriptor.lambda$invokeTestInstancePostProcessors$11(ClassBasedTestDescriptor.java:377)
	at java.base/java.util.stream.ReferencePipeline$3$1.accept(ReferencePipeline.java:197)
	at java.base/java.util.stream.ReferencePipeline$2$1.accept(ReferencePipeline.java:179)
	at java.base/java.util.ArrayList$ArrayListSpliterator.forEachRemaining(ArrayList.java:1625)
	at java.base/java.util.stream.AbstractPipeline.copyInto(AbstractPipeline.java:509)
	at java.base/java.util.stream.AbstractPipeline.wrapAndCopyInto(AbstractPipeline.java:499)
	at java.base/java.util.stream.StreamSpliterators$WrappingSpliterator.forEachRemaining(StreamSpliterators.java:310)
	at java.base/java.util.stream.Streams$ConcatSpliterator.forEachRemaining(Streams.java:735)
	at java.base/java.util.stream.Streams$ConcatSpliterator.forEachRemaining(Streams.java:734)
	at java.base/java.util.stream.ReferencePipeline$Head.forEach(ReferencePipeline.java:762)
	at org.junit.jupiter.engine.descriptor.ClassBasedTestDescriptor.invokeTestInstancePostProcessors(ClassBasedTestDescriptor.java:376)
	at org.junit.jupiter.engine.descriptor.ClassBasedTestDescriptor.lambda$instantiateAndPostProcessTestInstance$6(ClassBasedTestDescriptor.java:289)
	at org.junit.platform.engine.support.hierarchical.ThrowableCollector.execute(ThrowableCollector.java:73)
	at org.junit.jupiter.engine.descriptor.ClassBasedTestDescriptor.instantiateAndPostProcessTestInstance(ClassBasedTestDescriptor.java:288)
	at org.junit.jupiter.engine.descriptor.ClassBasedTestDescriptor.lambda$testInstancesProvider$4(ClassBasedTestDescriptor.java:278)
	at java.base/java.util.Optional.orElseGet(Optional.java:364)
	at org.junit.jupiter.engine.descriptor.ClassBasedTestDescriptor.lambda$testInstancesProvider$5(ClassBasedTestDescriptor.java:277)
	at org.junit.jupiter.engine.execution.TestInstancesProvider.getTestInstances(TestInstancesProvider.java:31)
	at org.junit.jupiter.engine.descriptor.TestMethodTestDescriptor.lambda$prepare$0(TestMethodTestDescriptor.java:105)
	at org.junit.platform.engine.support.hierarchical.ThrowableCollector.execute(ThrowableCollector.java:73)
	at org.junit.jupiter.engine.descriptor.TestMethodTestDescriptor.prepare(TestMethodTestDescriptor.java:104)
	at org.junit.jupiter.engine.descriptor.TestMethodTestDescriptor.prepare(TestMethodTestDescriptor.java:68)
	at org.junit.platform.engine.support.hierarchical.NodeTestTask.lambda$prepare$2(NodeTestTask.java:123)
	at org.junit.platform.engine.support.hierarchical.ThrowableCollector.execute(ThrowableCollector.java:73)
	at org.junit.platform.engine.support.hierarchical.NodeTestTask.prepare(NodeTestTask.java:123)
	at org.junit.platform.engine.support.hierarchical.NodeTestTask.execute(NodeTestTask.java:90)
	at java.base/java.util.ArrayList.forEach(ArrayList.java:1511)
	at org.junit.platform.engine.support.hierarchical.SameThreadHierarchicalTestExecutorService.invokeAll(SameThreadHierarchicalTestExecutorService.java:41)
	at org.junit.platform.engine.support.hierarchical.NodeTestTask.lambda$executeRecursively$6(NodeTestTask.java:155)
	at org.junit.platform.engine.support.hierarchical.ThrowableCollector.execute(ThrowableCollector.java:73)
	at org.junit.platform.engine.support.hierarchical.NodeTestTask.lambda$executeRecursively$8(NodeTestTask.java:141)
	at org.junit.platform.engine.support.hierarchical.Node.around(Node.java:137)
	at org.junit.platform.engine.support.hierarchical.NodeTestTask.lambda$executeRecursively$9(NodeTestTask.java:139)
	at org.junit.platform.engine.support.hierarchical.ThrowableCollector.execute(ThrowableCollector.java:73)
	at org.junit.platform.engine.support.hierarchical.NodeTestTask.executeRecursively(NodeTestTask.java:138)
	at org.junit.platform.engine.support.hierarchical.NodeTestTask.execute(NodeTestTask.java:95)
	at java.base/java.util.ArrayList.forEach(ArrayList.java:1511)
	at org.junit.platform.engine.support.hierarchical.SameThreadHierarchicalTestExecutorService.invokeAll(SameThreadHierarchicalTestExecutorService.java:41)
	at org.junit.platform.engine.support.hierarchical.NodeTestTask.lambda$executeRecursively$6(NodeTestTask.java:155)
	at org.junit.platform.engine.support.hierarchical.ThrowableCollector.execute(ThrowableCollector.java:73)
	at org.junit.platform.engine.support.hierarchical.NodeTestTask.lambda$executeRecursively$8(NodeTestTask.java:141)
	at org.junit.platform.engine.support.hierarchical.Node.around(Node.java:137)
	at org.junit.platform.engine.support.hierarchical.NodeTestTask.lambda$executeRecursively$9(NodeTestTask.java:139)
	at org.junit.platform.engine.support.hierarchical.ThrowableCollector.execute(ThrowableCollector.java:73)
	at org.junit.platform.engine.support.hierarchical.NodeTestTask.executeRecursively(NodeTestTask.java:138)
	at org.junit.platform.engine.support.hierarchical.NodeTestTask.execute(NodeTestTask.java:95)
	at org.junit.platform.engine.support.hierarchical.SameThreadHierarchicalTestExecutorService.submit(SameThreadHierarchicalTestExecutorService.java:35)
	at org.junit.platform.engine.support.hierarchical.HierarchicalTestExecutor.execute(HierarchicalTestExecutor.java:57)
	at org.junit.platform.engine.support.hierarchical.HierarchicalTestEngine.execute(HierarchicalTestEngine.java:54)
	at org.junit.platform.launcher.core.EngineExecutionOrchestrator.execute(EngineExecutionOrchestrator.java:147)
	at org.junit.platform.launcher.core.EngineExecutionOrchestrator.execute(EngineExecutionOrchestrator.java:127)
	at org.junit.platform.launcher.core.EngineExecutionOrchestrator.execute(EngineExecutionOrchestrator.java:90)
	at org.junit.platform.launcher.core.EngineExecutionOrchestrator.lambda$execute$0(EngineExecutionOrchestrator.java:55)
	at org.junit.platform.launcher.core.EngineExecutionOrchestrator.withInterceptedStreams(EngineExecutionOrchestrator.java:102)
	at org.junit.platform.launcher.core.EngineExecutionOrchestrator.execute(EngineExecutionOrchestrator.java:54)
	at org.junit.platform.launcher.core.DefaultLauncher.execute(DefaultLauncher.java:114)
	at org.junit.platform.launcher.core.DefaultLauncher.execute(DefaultLauncher.java:86)
	at org.junit.platform.launcher.core.DefaultLauncherSession$DelegatingLauncher.execute(DefaultLauncherSession.java:86)
	at org.apache.maven.surefire.junitplatform.LazyLauncher.execute(LazyLauncher.java:50)
	at org.apache.maven.surefire.junitplatform.JUnitPlatformProvider.execute(JUnitPlatformProvider.java:184)
	at org.apache.maven.surefire.junitplatform.JUnitPlatformProvider.invokeAllTests(JUnitPlatformProvider.java:148)
	at org.apache.maven.surefire.junitplatform.JUnitPlatformProvider.invoke(JUnitPlatformProvider.java:122)
	at org.apache.maven.surefire.booter.ForkedBooter.runSuitesInProcess(ForkedBooter.java:385)
	at org.apache.maven.surefire.booter.ForkedBooter.execute(ForkedBooter.java:162)
	at org.apache.maven.surefire.booter.ForkedBooter.run(ForkedBooter.java:507)
	at org.apache.maven.surefire.booter.ForkedBooter.main(ForkedBooter.java:495)
2023-11-24 12:36:36,312 TRACE o.h.i.SessionImpl [SessionImpl.java:402] Closing session [d7b36e4f-6710-42d0-a722-efdc3395a4dd]
2023-11-24 12:36:36,312 TRACE o.h.e.j.i.JdbcCoordinatorImpl [JdbcCoordinatorImpl.java:152] Closing JDBC container [org.hibernate.engine.jdbc.internal.JdbcCoordinatorImpl@6c2550a0]
2023-11-24 12:36:36,312 TRACE o.h.r.j.i.ResourceRegistryStandardImpl [ResourceRegistryStandardImpl.java:329] Releasing JDBC resources
2023-11-24 12:36:36,313 TRACE o.h.r.j.i.LogicalConnectionManagedImpl [LogicalConnectionManagedImpl.java:256] Closing logical connection
2023-11-24 12:36:36,313 TRACE o.h.r.j.i.LogicalConnectionManagedImpl [LogicalConnectionManagedImpl.java:263] Logical connection closed
2023-11-24 12:36:36,313 TRACE o.h.i.SessionFactoryImpl$SessionBuilderImpl [SessionFactoryImpl.java:1298] Opening Hibernate Session.  tenant=null
2023-11-24 12:36:36,314 TRACE o.h.i.SessionImpl [SessionImpl.java:262] Opened Session [6ed23921-2dea-450d-9c9e-18d9855c91ad] at timestamp: 1700825796314
2023-11-24 12:36:36,314 TRACE o.h.i.SessionImpl [SessionImpl.java:402] Closing session [6ed23921-2dea-450d-9c9e-18d9855c91ad]
2023-11-24 12:36:36,315 TRACE o.h.e.j.i.JdbcCoordinatorImpl [JdbcCoordinatorImpl.java:152] Closing JDBC container [org.hibernate.engine.jdbc.internal.JdbcCoordinatorImpl@d45aa0a]
2023-11-24 12:36:36,315 TRACE o.h.r.j.i.ResourceRegistryStandardImpl [ResourceRegistryStandardImpl.java:329] Releasing JDBC resources
2023-11-24 12:36:36,315 TRACE o.h.r.j.i.LogicalConnectionManagedImpl [LogicalConnectionManagedImpl.java:256] Closing logical connection
2023-11-24 12:36:36,315 TRACE o.h.r.j.i.LogicalConnectionManagedImpl [LogicalConnectionManagedImpl.java:263] Logical connection closed
2023-11-24 12:36:36,317 TRACE o.h.i.SessionFactoryImpl$SessionBuilderImpl [SessionFactoryImpl.java:1298] Opening Hibernate Session.  tenant=null
2023-11-24 12:36:36,318 TRACE o.h.i.SessionImpl [SessionImpl.java:262] Opened Session [598ffe17-87c6-48eb-b7e0-c71f39804289] at timestamp: 1700825796318
2023-11-24 12:36:36,318 TRACE o.h.o.q.p.cache [QueryInterpretationCacheStandardImpl.java:121] QueryPlan#resolveHqlInterpretation( `select count(id) from SurveyReply where endtime >=  :ldtstart AND endtime < :ldtend` )
2023-11-24 12:36:36,319 DEBUG o.h.o.q.hql [StandardHqlTranslator.java:75] HQL : select count(id) from SurveyReply where endtime >=  :ldtstart AND endtime < :ldtend
2023-11-24 12:36:36,320 DEBUG o.h.o.q.h.reservedWordAsIdentifier [HqlParseTreeBuilder.java:43] Encountered use of reserved word as identifier : (
2023-11-24 12:36:36,320 DEBUG o.h.o.q.h.reservedWordAsIdentifier [HqlParseTreeBuilder.java:43] Encountered use of reserved word as identifier : )
2023-11-24 12:36:36,321 DEBUG o.h.q.h.i.SemanticQueryBuilder [SemanticQueryBuilder.java:1904] Handling root path - SurveyReply
2023-11-24 12:36:36,321 TRACE o.h.o.q.s.creation [SqmPathRegistryImpl.java:59] SqmProcessingIndex#register(SqmPath) : franco.maurizio.hr.desk.com.persistence.entity.SurveyReply(961680285428437)
2023-11-24 12:36:36,322 TRACE o.h.o.q.hql [BasicDotIdentifierConsumer.java:83] BasicDotIdentifierHandler#consumeIdentifier( id, true, true ) - id
2023-11-24 12:36:36,322 TRACE o.h.o.q.hql [BasicDotIdentifierConsumer.java:118] BaseLocalSequencePart#consumeIdentifier( id, true, true ) - id
2023-11-24 12:36:36,323 DEBUG o.h.o.q.hql [SqmPathRegistryImpl.java:209] Unable to resolve unqualified attribute [id] in local from-clause
2023-11-24 12:36:36,323 TRACE o.h.o.q.hql [BasicDotIdentifierConsumer.java:83] BasicDotIdentifierHandler#consumeIdentifier( endtime, true, true ) - endtime
2023-11-24 12:36:36,324 TRACE o.h.o.q.hql [BasicDotIdentifierConsumer.java:118] BaseLocalSequencePart#consumeIdentifier( endtime, true, true ) - endtime
2023-11-24 12:36:36,324 DEBUG o.h.o.q.hql [SqmPathRegistryImpl.java:209] Unable to resolve unqualified attribute [endtime] in local from-clause
2023-11-24 12:36:36,324 DEBUG o.h.o.q.s.creation [AbstractSqmExpression.java:57] Applying inferable type to SqmExpression [SqmNamedParameter(ldtstart)] : null -> BasicSqmPathSource(endtime : LocalDateTime)
2023-11-24 12:36:36,325 TRACE o.h.o.q.hql [BasicDotIdentifierConsumer.java:83] BasicDotIdentifierHandler#consumeIdentifier( endtime, true, true ) - endtime
2023-11-24 12:36:36,325 TRACE o.h.o.q.hql [BasicDotIdentifierConsumer.java:118] BaseLocalSequencePart#consumeIdentifier( endtime, true, true ) - endtime
2023-11-24 12:36:36,326 DEBUG o.h.o.q.hql [SqmPathRegistryImpl.java:209] Unable to resolve unqualified attribute [endtime] in local from-clause
2023-11-24 12:36:36,326 DEBUG o.h.o.q.s.creation [AbstractSqmExpression.java:57] Applying inferable type to SqmExpression [SqmNamedParameter(ldtend)] : null -> BasicSqmPathSource(endtime : LocalDateTime)
2023-11-24 12:36:36,326 DEBUG o.h.o.q.s.ast [SqmTreePrinter.java:168] SqmStatement Tree :
    -> [select]
      -> [query-spec]
        -> [select]
          -> [selection]
          <- [selection]
        <- [select]
        -> [from]
          -> [root] - `franco.maurizio.hr.desk.com.persistence.entity.SurveyReply(961680285428437)`
          <- [root] - `franco.maurizio.hr.desk.com.persistence.entity.SurveyReply(961680285428437)`
        <- [from]
        -> [where]
          -> [and]
            -> [GREATER_THAN_OR_EQUAL]
                -> [basic-path] - `franco.maurizio.hr.desk.com.persistence.entity.SurveyReply(961680285428437).endtime`
                :ldtstart
            <- [GREATER_THAN_OR_EQUAL]
            -> [LESS_THAN]
                -> [basic-path] - `franco.maurizio.hr.desk.com.persistence.entity.SurveyReply(961680285428437).endtime`
                :ldtend
            <- [LESS_THAN]
          <- [and]
        <- [where]
      <- [query-spec]
    <- [select]

2023-11-24 12:36:36,327 TRACE o.h.i.SessionImpl [SessionImpl.java:402] Closing session [598ffe17-87c6-48eb-b7e0-c71f39804289]
2023-11-24 12:36:36,328 TRACE o.h.e.j.i.JdbcCoordinatorImpl [JdbcCoordinatorImpl.java:152] Closing JDBC container [org.hibernate.engine.jdbc.internal.JdbcCoordinatorImpl@5be57032]
2023-11-24 12:36:36,328 TRACE o.h.r.j.i.ResourceRegistryStandardImpl [ResourceRegistryStandardImpl.java:329] Releasing JDBC resources
2023-11-24 12:36:36,328 TRACE o.h.r.j.i.LogicalConnectionManagedImpl [LogicalConnectionManagedImpl.java:256] Closing logical connection
2023-11-24 12:36:36,329 TRACE o.h.r.j.i.LogicalConnectionManagedImpl [LogicalConnectionManagedImpl.java:263] Logical connection closed
2023-11-24 12:36:36,352 TRACE o.h.i.SessionFactoryImpl$SessionBuilderImpl [SessionFactoryImpl.java:1298] Opening Hibernate Session.  tenant=null
2023-11-24 12:36:36,353 TRACE o.h.i.SessionImpl [SessionImpl.java:262] Opened Session [a2a9fc2d-7dd7-4b66-aa60-ca8b34557af4] at timestamp: 1700825796353
2023-11-24 12:36:36,353 TRACE o.h.i.SessionImpl [SessionImpl.java:402] Closing session [a2a9fc2d-7dd7-4b66-aa60-ca8b34557af4]
2023-11-24 12:36:36,353 TRACE o.h.e.j.i.JdbcCoordinatorImpl [JdbcCoordinatorImpl.java:152] Closing JDBC container [org.hibernate.engine.jdbc.internal.JdbcCoordinatorImpl@3d40d2e5]
2023-11-24 12:36:36,353 TRACE o.h.r.j.i.ResourceRegistryStandardImpl [ResourceRegistryStandardImpl.java:329] Releasing JDBC resources
2023-11-24 12:36:36,354 TRACE o.h.r.j.i.LogicalConnectionManagedImpl [LogicalConnectionManagedImpl.java:256] Closing logical connection
2023-11-24 12:36:36,354 TRACE o.h.r.j.i.LogicalConnectionManagedImpl [LogicalConnectionManagedImpl.java:263] Logical connection closed
2023-11-24 12:36:36,366 TRACE o.h.i.SessionFactoryImpl$SessionBuilderImpl [SessionFactoryImpl.java:1298] Opening Hibernate Session.  tenant=null
2023-11-24 12:36:36,366 TRACE o.h.i.SessionImpl [SessionImpl.java:262] Opened Session [e039d70e-ff33-4773-8537-a1b2406b354f] at timestamp: 1700825796366
2023-11-24 12:36:36,367 TRACE o.h.i.SessionImpl [SessionImpl.java:402] Closing session [e039d70e-ff33-4773-8537-a1b2406b354f]
2023-11-24 12:36:36,367 TRACE o.h.e.j.i.JdbcCoordinatorImpl [JdbcCoordinatorImpl.java:152] Closing JDBC container [org.hibernate.engine.jdbc.internal.JdbcCoordinatorImpl@2ecc9750]
2023-11-24 12:36:36,367 TRACE o.h.r.j.i.ResourceRegistryStandardImpl [ResourceRegistryStandardImpl.java:329] Releasing JDBC resources
2023-11-24 12:36:36,368 TRACE o.h.r.j.i.LogicalConnectionManagedImpl [LogicalConnectionManagedImpl.java:256] Closing logical connection
2023-11-24 12:36:36,368 TRACE o.h.r.j.i.LogicalConnectionManagedImpl [LogicalConnectionManagedImpl.java:263] Logical connection closed
2023-11-24 12:36:36,429 TRACE o.h.i.SessionFactoryImpl$SessionBuilderImpl [SessionFactoryImpl.java:1298] Opening Hibernate Session.  tenant=null
2023-11-24 12:36:36,430 TRACE o.h.i.SessionImpl [SessionImpl.java:262] Opened Session [bb2b6233-c81f-4810-adc4-116f62c0ae97] at timestamp: 1700825796430
2023-11-24 12:36:36,431 DEBUG o.h.r.t.b.j.i.JdbcResourceLocalTransactionCoordinatorImpl [JdbcResourceLocalTransactionCoordinatorImpl.java:310] JDBC transaction marked for rollback-only (exception provided for stack trace)
java.lang.Exception: exception just for purpose of providing stack trace
	at org.hibernate.resource.transaction.backend.jdbc.internal.JdbcResourceLocalTransactionCoordinatorImpl$TransactionDriverControlImpl.markRollbackOnly(JdbcResourceLocalTransactionCoordinatorImpl.java:310)
	at org.hibernate.internal.AbstractSharedSessionContract.buildNamedQuery(AbstractSharedSessionContract.java:1021)
	at org.hibernate.internal.AbstractSharedSessionContract.createNamedQuery(AbstractSharedSessionContract.java:899)
	at org.hibernate.internal.AbstractSharedSessionContract.createNamedQuery(AbstractSharedSessionContract.java:120)
	at jdk.internal.reflect.GeneratedMethodAccessor47.invoke(Unknown Source)
	at java.base/jdk.internal.reflect.DelegatingMethodAccessorImpl.invoke(DelegatingMethodAccessorImpl.java:43)
	at java.base/java.lang.reflect.Method.invoke(Method.java:568)
	at org.springframework.orm.jpa.ExtendedEntityManagerCreator$ExtendedEntityManagerInvocationHandler.invoke(ExtendedEntityManagerCreator.java:360)
	at jdk.proxy2/jdk.proxy2.$Proxy191.createNamedQuery(Unknown Source)
	at org.springframework.data.jpa.repository.query.NamedQuery.hasNamedQuery(NamedQuery.java:113)
	at org.springframework.data.jpa.repository.query.NamedQuery.lookupFrom(NamedQuery.java:141)
	at org.springframework.data.jpa.repository.query.JpaQueryLookupStrategy$DeclaredQueryLookupStrategy.resolveQuery(JpaQueryLookupStrategy.java:180)
	at org.springframework.data.jpa.repository.query.JpaQueryLookupStrategy$CreateIfNotFoundQueryLookupStrategy.resolveQuery(JpaQueryLookupStrategy.java:252)
	at org.springframework.data.jpa.repository.query.JpaQueryLookupStrategy$AbstractQueryLookupStrategy.resolveQuery(JpaQueryLookupStrategy.java:95)
	at org.springframework.data.repository.core.support.QueryExecutorMethodInterceptor.lookupQuery(QueryExecutorMethodInterceptor.java:111)
	at org.springframework.data.repository.core.support.QueryExecutorMethodInterceptor.mapMethodsToQuery(QueryExecutorMethodInterceptor.java:99)
	at org.springframework.data.repository.core.support.QueryExecutorMethodInterceptor.lambda$new$0(QueryExecutorMethodInterceptor.java:88)
	at java.base/java.util.Optional.map(Optional.java:260)
	at org.springframework.data.repository.core.support.QueryExecutorMethodInterceptor.<init>(QueryExecutorMethodInterceptor.java:88)
	at org.springframework.data.repository.core.support.RepositoryFactorySupport.getRepository(RepositoryFactorySupport.java:357)
	at org.springframework.data.repository.core.support.RepositoryFactoryBeanSupport.lambda$afterPropertiesSet$5(RepositoryFactoryBeanSupport.java:279)
	at org.springframework.data.util.Lazy.getNullable(Lazy.java:245)
	at org.springframework.data.util.Lazy.get(Lazy.java:114)
	at org.springframework.data.repository.core.support.RepositoryFactoryBeanSupport.afterPropertiesSet(RepositoryFactoryBeanSupport.java:285)
	at org.springframework.data.jpa.repository.support.JpaRepositoryFactoryBean.afterPropertiesSet(JpaRepositoryFactoryBean.java:132)
	at org.springframework.beans.factory.support.AbstractAutowireCapableBeanFactory.invokeInitMethods(AbstractAutowireCapableBeanFactory.java:1817)
	at org.springframework.beans.factory.support.AbstractAutowireCapableBeanFactory.initializeBean(AbstractAutowireCapableBeanFactory.java:1766)
	at org.springframework.beans.factory.support.AbstractAutowireCapableBeanFactory.doCreateBean(AbstractAutowireCapableBeanFactory.java:598)
	at org.springframework.beans.factory.support.AbstractAutowireCapableBeanFactory.createBean(AbstractAutowireCapableBeanFactory.java:520)
	at org.springframework.beans.factory.support.AbstractBeanFactory.lambda$doGetBean$0(AbstractBeanFactory.java:325)
	at org.springframework.beans.factory.support.DefaultSingletonBeanRegistry.getSingleton(DefaultSingletonBeanRegistry.java:234)
	at org.springframework.beans.factory.support.AbstractBeanFactory.doGetBean(AbstractBeanFactory.java:323)
	at org.springframework.beans.factory.support.AbstractBeanFactory.getBean(AbstractBeanFactory.java:199)
	at org.springframework.beans.factory.config.DependencyDescriptor.resolveCandidate(DependencyDescriptor.java:254)
	at org.springframework.beans.factory.support.DefaultListableBeanFactory.doResolveDependency(DefaultListableBeanFactory.java:1417)
	at org.springframework.beans.factory.support.DefaultListableBeanFactory.resolveDependency(DefaultListableBeanFactory.java:1337)
	at org.springframework.beans.factory.annotation.AutowiredAnnotationBeanPostProcessor$AutowiredFieldElement.resolveFieldValue(AutowiredAnnotationBeanPostProcessor.java:764)
	at org.springframework.beans.factory.annotation.AutowiredAnnotationBeanPostProcessor$AutowiredFieldElement.inject(AutowiredAnnotationBeanPostProcessor.java:747)
	at org.springframework.beans.factory.annotation.InjectionMetadata.inject(InjectionMetadata.java:145)
	at org.springframework.beans.factory.annotation.AutowiredAnnotationBeanPostProcessor.postProcessProperties(AutowiredAnnotationBeanPostProcessor.java:492)
	at org.springframework.beans.factory.support.AbstractAutowireCapableBeanFactory.populateBean(AbstractAutowireCapableBeanFactory.java:1416)
	at org.springframework.beans.factory.support.AbstractAutowireCapableBeanFactory.doCreateBean(AbstractAutowireCapableBeanFactory.java:597)
	at org.springframework.beans.factory.support.AbstractAutowireCapableBeanFactory.createBean(AbstractAutowireCapableBeanFactory.java:520)
	at org.springframework.beans.factory.support.AbstractBeanFactory.lambda$doGetBean$0(AbstractBeanFactory.java:325)
	at org.springframework.beans.factory.support.DefaultSingletonBeanRegistry.getSingleton(DefaultSingletonBeanRegistry.java:234)
	at org.springframework.beans.factory.support.AbstractBeanFactory.doGetBean(AbstractBeanFactory.java:323)
	at org.springframework.beans.factory.support.AbstractBeanFactory.getBean(AbstractBeanFactory.java:199)
	at org.springframework.beans.factory.config.DependencyDescriptor.resolveCandidate(DependencyDescriptor.java:254)
	at org.springframework.beans.factory.support.DefaultListableBeanFactory.doResolveDependency(DefaultListableBeanFactory.java:1417)
	at org.springframework.beans.factory.support.DefaultListableBeanFactory.resolveDependency(DefaultListableBeanFactory.java:1337)
	at org.springframework.beans.factory.annotation.AutowiredAnnotationBeanPostProcessor$AutowiredFieldElement.resolveFieldValue(AutowiredAnnotationBeanPostProcessor.java:764)
	at org.springframework.beans.factory.annotation.AutowiredAnnotationBeanPostProcessor$AutowiredFieldElement.inject(AutowiredAnnotationBeanPostProcessor.java:747)
	at org.springframework.beans.factory.annotation.InjectionMetadata.inject(InjectionMetadata.java:145)
	at org.springframework.beans.factory.annotation.AutowiredAnnotationBeanPostProcessor.postProcessProperties(AutowiredAnnotationBeanPostProcessor.java:492)
	at org.springframework.beans.factory.support.AbstractAutowireCapableBeanFactory.populateBean(AbstractAutowireCapableBeanFactory.java:1416)
	at org.springframework.beans.factory.support.AbstractAutowireCapableBeanFactory.doCreateBean(AbstractAutowireCapableBeanFactory.java:597)
	at org.springframework.beans.factory.support.AbstractAutowireCapableBeanFactory.createBean(AbstractAutowireCapableBeanFactory.java:520)
	at org.springframework.beans.factory.support.AbstractBeanFactory.lambda$doGetBean$0(AbstractBeanFactory.java:325)
	at org.springframework.beans.factory.support.DefaultSingletonBeanRegistry.getSingleton(DefaultSingletonBeanRegistry.java:234)
	at org.springframework.beans.factory.support.AbstractBeanFactory.doGetBean(AbstractBeanFactory.java:323)
	at org.springframework.beans.factory.support.AbstractBeanFactory.getBean(AbstractBeanFactory.java:199)
	at org.springframework.beans.factory.config.DependencyDescriptor.resolveCandidate(DependencyDescriptor.java:254)
	at org.springframework.beans.factory.support.DefaultListableBeanFactory.doResolveDependency(DefaultListableBeanFactory.java:1417)
	at org.springframework.beans.factory.support.DefaultListableBeanFactory.resolveDependency(DefaultListableBeanFactory.java:1337)
	at org.springframework.beans.factory.annotation.AutowiredAnnotationBeanPostProcessor$AutowiredFieldElement.resolveFieldValue(AutowiredAnnotationBeanPostProcessor.java:764)
	at org.springframework.beans.factory.annotation.AutowiredAnnotationBeanPostProcessor$AutowiredFieldElement.inject(AutowiredAnnotationBeanPostProcessor.java:747)
	at org.springframework.beans.factory.annotation.InjectionMetadata.inject(InjectionMetadata.java:145)
	at org.springframework.beans.factory.annotation.AutowiredAnnotationBeanPostProcessor.postProcessProperties(AutowiredAnnotationBeanPostProcessor.java:492)
	at org.springframework.beans.factory.support.AbstractAutowireCapableBeanFactory.populateBean(AbstractAutowireCapableBeanFactory.java:1416)
	at org.springframework.beans.factory.support.AbstractAutowireCapableBeanFactory.doCreateBean(AbstractAutowireCapableBeanFactory.java:597)
	at org.springframework.beans.factory.support.AbstractAutowireCapableBeanFactory.createBean(AbstractAutowireCapableBeanFactory.java:520)
	at org.springframework.beans.factory.support.AbstractBeanFactory.lambda$doGetBean$0(AbstractBeanFactory.java:325)
	at org.springframework.beans.factory.support.DefaultSingletonBeanRegistry.getSingleton(DefaultSingletonBeanRegistry.java:234)
	at org.springframework.beans.factory.support.AbstractBeanFactory.doGetBean(AbstractBeanFactory.java:323)
	at org.springframework.beans.factory.support.AbstractBeanFactory.getBean(AbstractBeanFactory.java:199)
	at org.springframework.beans.factory.support.DefaultListableBeanFactory.preInstantiateSingletons(DefaultListableBeanFactory.java:973)
	at org.springframework.context.support.AbstractApplicationContext.finishBeanFactoryInitialization(AbstractApplicationContext.java:950)
	at org.springframework.context.support.AbstractApplicationContext.refresh(AbstractApplicationContext.java:616)
	at org.springframework.boot.web.servlet.context.ServletWebServerApplicationContext.refresh(ServletWebServerApplicationContext.java:146)
	at org.springframework.boot.SpringApplication.refresh(SpringApplication.java:738)
	at org.springframework.boot.SpringApplication.refreshContext(SpringApplication.java:440)
	at org.springframework.boot.SpringApplication.run(SpringApplication.java:316)
	at org.springframework.boot.test.context.SpringBootContextLoader.lambda$loadContext$3(SpringBootContextLoader.java:137)
	at org.springframework.util.function.ThrowingSupplier.get(ThrowingSupplier.java:58)
	at org.springframework.util.function.ThrowingSupplier.get(ThrowingSupplier.java:46)
	at org.springframework.boot.SpringApplication.withHook(SpringApplication.java:1406)
	at org.springframework.boot.test.context.SpringBootContextLoader$ContextLoaderHook.run(SpringBootContextLoader.java:545)
	at org.springframework.boot.test.context.SpringBootContextLoader.loadContext(SpringBootContextLoader.java:137)
	at org.springframework.boot.test.context.SpringBootContextLoader.loadContext(SpringBootContextLoader.java:108)
	at org.springframework.test.context.cache.DefaultCacheAwareContextLoaderDelegate.loadContextInternal(DefaultCacheAwareContextLoaderDelegate.java:187)
	at org.springframework.test.context.cache.DefaultCacheAwareContextLoaderDelegate.loadContext(DefaultCacheAwareContextLoaderDelegate.java:119)
	at org.springframework.test.context.support.DefaultTestContext.getApplicationContext(DefaultTestContext.java:127)
	at org.springframework.test.context.support.DependencyInjectionTestExecutionListener.injectDependencies(DependencyInjectionTestExecutionListener.java:141)
	at org.springframework.test.context.support.DependencyInjectionTestExecutionListener.prepareTestInstance(DependencyInjectionTestExecutionListener.java:97)
	at org.springframework.test.context.TestContextManager.prepareTestInstance(TestContextManager.java:241)
	at org.springframework.test.context.junit.jupiter.SpringExtension.postProcessTestInstance(SpringExtension.java:138)
	at org.junit.jupiter.engine.descriptor.ClassBasedTestDescriptor.lambda$invokeTestInstancePostProcessors$10(ClassBasedTestDescriptor.java:377)
	at org.junit.jupiter.engine.descriptor.ClassBasedTestDescriptor.executeAndMaskThrowable(ClassBasedTestDescriptor.java:382)
	at org.junit.jupiter.engine.descriptor.ClassBasedTestDescriptor.lambda$invokeTestInstancePostProcessors$11(ClassBasedTestDescriptor.java:377)
	at java.base/java.util.stream.ReferencePipeline$3$1.accept(ReferencePipeline.java:197)
	at java.base/java.util.stream.ReferencePipeline$2$1.accept(ReferencePipeline.java:179)
	at java.base/java.util.ArrayList$ArrayListSpliterator.forEachRemaining(ArrayList.java:1625)
	at java.base/java.util.stream.AbstractPipeline.copyInto(AbstractPipeline.java:509)
	at java.base/java.util.stream.AbstractPipeline.wrapAndCopyInto(AbstractPipeline.java:499)
	at java.base/java.util.stream.StreamSpliterators$WrappingSpliterator.forEachRemaining(StreamSpliterators.java:310)
	at java.base/java.util.stream.Streams$ConcatSpliterator.forEachRemaining(Streams.java:735)
	at java.base/java.util.stream.Streams$ConcatSpliterator.forEachRemaining(Streams.java:734)
	at java.base/java.util.stream.ReferencePipeline$Head.forEach(ReferencePipeline.java:762)
	at org.junit.jupiter.engine.descriptor.ClassBasedTestDescriptor.invokeTestInstancePostProcessors(ClassBasedTestDescriptor.java:376)
	at org.junit.jupiter.engine.descriptor.ClassBasedTestDescriptor.lambda$instantiateAndPostProcessTestInstance$6(ClassBasedTestDescriptor.java:289)
	at org.junit.platform.engine.support.hierarchical.ThrowableCollector.execute(ThrowableCollector.java:73)
	at org.junit.jupiter.engine.descriptor.ClassBasedTestDescriptor.instantiateAndPostProcessTestInstance(ClassBasedTestDescriptor.java:288)
	at org.junit.jupiter.engine.descriptor.ClassBasedTestDescriptor.lambda$testInstancesProvider$4(ClassBasedTestDescriptor.java:278)
	at java.base/java.util.Optional.orElseGet(Optional.java:364)
	at org.junit.jupiter.engine.descriptor.ClassBasedTestDescriptor.lambda$testInstancesProvider$5(ClassBasedTestDescriptor.java:277)
	at org.junit.jupiter.engine.execution.TestInstancesProvider.getTestInstances(TestInstancesProvider.java:31)
	at org.junit.jupiter.engine.descriptor.TestMethodTestDescriptor.lambda$prepare$0(TestMethodTestDescriptor.java:105)
	at org.junit.platform.engine.support.hierarchical.ThrowableCollector.execute(ThrowableCollector.java:73)
	at org.junit.jupiter.engine.descriptor.TestMethodTestDescriptor.prepare(TestMethodTestDescriptor.java:104)
	at org.junit.jupiter.engine.descriptor.TestMethodTestDescriptor.prepare(TestMethodTestDescriptor.java:68)
	at org.junit.platform.engine.support.hierarchical.NodeTestTask.lambda$prepare$2(NodeTestTask.java:123)
	at org.junit.platform.engine.support.hierarchical.ThrowableCollector.execute(ThrowableCollector.java:73)
	at org.junit.platform.engine.support.hierarchical.NodeTestTask.prepare(NodeTestTask.java:123)
	at org.junit.platform.engine.support.hierarchical.NodeTestTask.execute(NodeTestTask.java:90)
	at java.base/java.util.ArrayList.forEach(ArrayList.java:1511)
	at org.junit.platform.engine.support.hierarchical.SameThreadHierarchicalTestExecutorService.invokeAll(SameThreadHierarchicalTestExecutorService.java:41)
	at org.junit.platform.engine.support.hierarchical.NodeTestTask.lambda$executeRecursively$6(NodeTestTask.java:155)
	at org.junit.platform.engine.support.hierarchical.ThrowableCollector.execute(ThrowableCollector.java:73)
	at org.junit.platform.engine.support.hierarchical.NodeTestTask.lambda$executeRecursively$8(NodeTestTask.java:141)
	at org.junit.platform.engine.support.hierarchical.Node.around(Node.java:137)
	at org.junit.platform.engine.support.hierarchical.NodeTestTask.lambda$executeRecursively$9(NodeTestTask.java:139)
	at org.junit.platform.engine.support.hierarchical.ThrowableCollector.execute(ThrowableCollector.java:73)
	at org.junit.platform.engine.support.hierarchical.NodeTestTask.executeRecursively(NodeTestTask.java:138)
	at org.junit.platform.engine.support.hierarchical.NodeTestTask.execute(NodeTestTask.java:95)
	at java.base/java.util.ArrayList.forEach(ArrayList.java:1511)
	at org.junit.platform.engine.support.hierarchical.SameThreadHierarchicalTestExecutorService.invokeAll(SameThreadHierarchicalTestExecutorService.java:41)
	at org.junit.platform.engine.support.hierarchical.NodeTestTask.lambda$executeRecursively$6(NodeTestTask.java:155)
	at org.junit.platform.engine.support.hierarchical.ThrowableCollector.execute(ThrowableCollector.java:73)
	at org.junit.platform.engine.support.hierarchical.NodeTestTask.lambda$executeRecursively$8(NodeTestTask.java:141)
	at org.junit.platform.engine.support.hierarchical.Node.around(Node.java:137)
	at org.junit.platform.engine.support.hierarchical.NodeTestTask.lambda$executeRecursively$9(NodeTestTask.java:139)
	at org.junit.platform.engine.support.hierarchical.ThrowableCollector.execute(ThrowableCollector.java:73)
	at org.junit.platform.engine.support.hierarchical.NodeTestTask.executeRecursively(NodeTestTask.java:138)
	at org.junit.platform.engine.support.hierarchical.NodeTestTask.execute(NodeTestTask.java:95)
	at org.junit.platform.engine.support.hierarchical.SameThreadHierarchicalTestExecutorService.submit(SameThreadHierarchicalTestExecutorService.java:35)
	at org.junit.platform.engine.support.hierarchical.HierarchicalTestExecutor.execute(HierarchicalTestExecutor.java:57)
	at org.junit.platform.engine.support.hierarchical.HierarchicalTestEngine.execute(HierarchicalTestEngine.java:54)
	at org.junit.platform.launcher.core.EngineExecutionOrchestrator.execute(EngineExecutionOrchestrator.java:147)
	at org.junit.platform.launcher.core.EngineExecutionOrchestrator.execute(EngineExecutionOrchestrator.java:127)
	at org.junit.platform.launcher.core.EngineExecutionOrchestrator.execute(EngineExecutionOrchestrator.java:90)
	at org.junit.platform.launcher.core.EngineExecutionOrchestrator.lambda$execute$0(EngineExecutionOrchestrator.java:55)
	at org.junit.platform.launcher.core.EngineExecutionOrchestrator.withInterceptedStreams(EngineExecutionOrchestrator.java:102)
	at org.junit.platform.launcher.core.EngineExecutionOrchestrator.execute(EngineExecutionOrchestrator.java:54)
	at org.junit.platform.launcher.core.DefaultLauncher.execute(DefaultLauncher.java:114)
	at org.junit.platform.launcher.core.DefaultLauncher.execute(DefaultLauncher.java:86)
	at org.junit.platform.launcher.core.DefaultLauncherSession$DelegatingLauncher.execute(DefaultLauncherSession.java:86)
	at org.apache.maven.surefire.junitplatform.LazyLauncher.execute(LazyLauncher.java:50)
	at org.apache.maven.surefire.junitplatform.JUnitPlatformProvider.execute(JUnitPlatformProvider.java:184)
	at org.apache.maven.surefire.junitplatform.JUnitPlatformProvider.invokeAllTests(JUnitPlatformProvider.java:148)
	at org.apache.maven.surefire.junitplatform.JUnitPlatformProvider.invoke(JUnitPlatformProvider.java:122)
	at org.apache.maven.surefire.booter.ForkedBooter.runSuitesInProcess(ForkedBooter.java:385)
	at org.apache.maven.surefire.booter.ForkedBooter.execute(ForkedBooter.java:162)
	at org.apache.maven.surefire.booter.ForkedBooter.run(ForkedBooter.java:507)
	at org.apache.maven.surefire.booter.ForkedBooter.main(ForkedBooter.java:495)
2023-11-24 12:36:36,432 TRACE o.h.i.SessionImpl [SessionImpl.java:402] Closing session [bb2b6233-c81f-4810-adc4-116f62c0ae97]
2023-11-24 12:36:36,433 TRACE o.h.e.j.i.JdbcCoordinatorImpl [JdbcCoordinatorImpl.java:152] Closing JDBC container [org.hibernate.engine.jdbc.internal.JdbcCoordinatorImpl@57d953ba]
2023-11-24 12:36:36,433 TRACE o.h.r.j.i.ResourceRegistryStandardImpl [ResourceRegistryStandardImpl.java:329] Releasing JDBC resources
2023-11-24 12:36:36,433 TRACE o.h.r.j.i.LogicalConnectionManagedImpl [LogicalConnectionManagedImpl.java:256] Closing logical connection
2023-11-24 12:36:36,433 TRACE o.h.r.j.i.LogicalConnectionManagedImpl [LogicalConnectionManagedImpl.java:263] Logical connection closed
2023-11-24 12:36:36,434 TRACE o.h.i.SessionFactoryImpl$SessionBuilderImpl [SessionFactoryImpl.java:1298] Opening Hibernate Session.  tenant=null
2023-11-24 12:36:36,434 TRACE o.h.i.SessionImpl [SessionImpl.java:262] Opened Session [5002ab7a-246c-448d-a68d-b701e614d4ca] at timestamp: 1700825796434
2023-11-24 12:36:36,435 TRACE o.h.i.SessionImpl [SessionImpl.java:402] Closing session [5002ab7a-246c-448d-a68d-b701e614d4ca]
2023-11-24 12:36:36,435 TRACE o.h.e.j.i.JdbcCoordinatorImpl [JdbcCoordinatorImpl.java:152] Closing JDBC container [org.hibernate.engine.jdbc.internal.JdbcCoordinatorImpl@219768f2]
2023-11-24 12:36:36,435 TRACE o.h.r.j.i.ResourceRegistryStandardImpl [ResourceRegistryStandardImpl.java:329] Releasing JDBC resources
2023-11-24 12:36:36,436 TRACE o.h.r.j.i.LogicalConnectionManagedImpl [LogicalConnectionManagedImpl.java:256] Closing logical connection
2023-11-24 12:36:36,436 TRACE o.h.r.j.i.LogicalConnectionManagedImpl [LogicalConnectionManagedImpl.java:263] Logical connection closed
2023-11-24 12:36:36,449 TRACE o.h.i.SessionFactoryImpl$SessionBuilderImpl [SessionFactoryImpl.java:1298] Opening Hibernate Session.  tenant=null
2023-11-24 12:36:36,449 TRACE o.h.i.SessionImpl [SessionImpl.java:262] Opened Session [90288f31-199f-4b50-a0db-cfb7503db368] at timestamp: 1700825796449
2023-11-24 12:36:36,450 TRACE o.h.i.SessionImpl [SessionImpl.java:402] Closing session [90288f31-199f-4b50-a0db-cfb7503db368]
2023-11-24 12:36:36,450 TRACE o.h.e.j.i.JdbcCoordinatorImpl [JdbcCoordinatorImpl.java:152] Closing JDBC container [org.hibernate.engine.jdbc.internal.JdbcCoordinatorImpl@28414fd9]
2023-11-24 12:36:36,450 TRACE o.h.r.j.i.ResourceRegistryStandardImpl [ResourceRegistryStandardImpl.java:329] Releasing JDBC resources
2023-11-24 12:36:36,450 TRACE o.h.r.j.i.LogicalConnectionManagedImpl [LogicalConnectionManagedImpl.java:256] Closing logical connection
2023-11-24 12:36:36,451 TRACE o.h.r.j.i.LogicalConnectionManagedImpl [LogicalConnectionManagedImpl.java:263] Logical connection closed
2023-11-24 12:36:36,455 TRACE o.h.i.SessionFactoryImpl$SessionBuilderImpl [SessionFactoryImpl.java:1298] Opening Hibernate Session.  tenant=null
2023-11-24 12:36:36,456 TRACE o.h.i.SessionImpl [SessionImpl.java:262] Opened Session [307c4587-2d77-4561-b54e-232cba3fe08e] at timestamp: 1700825796456
2023-11-24 12:36:36,456 TRACE o.h.i.SessionImpl [SessionImpl.java:402] Closing session [307c4587-2d77-4561-b54e-232cba3fe08e]
2023-11-24 12:36:36,456 TRACE o.h.e.j.i.JdbcCoordinatorImpl [JdbcCoordinatorImpl.java:152] Closing JDBC container [org.hibernate.engine.jdbc.internal.JdbcCoordinatorImpl@79b93bb2]
2023-11-24 12:36:36,457 TRACE o.h.r.j.i.ResourceRegistryStandardImpl [ResourceRegistryStandardImpl.java:329] Releasing JDBC resources
2023-11-24 12:36:36,457 TRACE o.h.r.j.i.LogicalConnectionManagedImpl [LogicalConnectionManagedImpl.java:256] Closing logical connection
2023-11-24 12:36:36,457 TRACE o.h.r.j.i.LogicalConnectionManagedImpl [LogicalConnectionManagedImpl.java:263] Logical connection closed
2023-11-24 12:36:36,500 TRACE o.h.i.SessionFactoryImpl$SessionBuilderImpl [SessionFactoryImpl.java:1298] Opening Hibernate Session.  tenant=null
2023-11-24 12:36:36,501 TRACE o.h.i.SessionImpl [SessionImpl.java:262] Opened Session [31119486-00ce-4803-8929-e72b336ff8de] at timestamp: 1700825796501
2023-11-24 12:36:36,501 TRACE o.h.i.SessionImpl [SessionImpl.java:402] Closing session [31119486-00ce-4803-8929-e72b336ff8de]
2023-11-24 12:36:36,502 TRACE o.h.e.j.i.JdbcCoordinatorImpl [JdbcCoordinatorImpl.java:152] Closing JDBC container [org.hibernate.engine.jdbc.internal.JdbcCoordinatorImpl@20173acf]
2023-11-24 12:36:36,502 TRACE o.h.r.j.i.ResourceRegistryStandardImpl [ResourceRegistryStandardImpl.java:329] Releasing JDBC resources
2023-11-24 12:36:36,502 TRACE o.h.r.j.i.LogicalConnectionManagedImpl [LogicalConnectionManagedImpl.java:256] Closing logical connection
2023-11-24 12:36:36,502 TRACE o.h.r.j.i.LogicalConnectionManagedImpl [LogicalConnectionManagedImpl.java:263] Logical connection closed
2023-11-24 12:36:36,506 TRACE o.h.i.SessionFactoryImpl$SessionBuilderImpl [SessionFactoryImpl.java:1298] Opening Hibernate Session.  tenant=null
2023-11-24 12:36:36,507 TRACE o.h.i.SessionImpl [SessionImpl.java:262] Opened Session [7c9475f5-9386-449d-8628-59b0c966f808] at timestamp: 1700825796507
2023-11-24 12:36:36,507 TRACE o.h.i.SessionImpl [SessionImpl.java:402] Closing session [7c9475f5-9386-449d-8628-59b0c966f808]
2023-11-24 12:36:36,508 TRACE o.h.e.j.i.JdbcCoordinatorImpl [JdbcCoordinatorImpl.java:152] Closing JDBC container [org.hibernate.engine.jdbc.internal.JdbcCoordinatorImpl@7cab2595]
2023-11-24 12:36:36,508 TRACE o.h.r.j.i.ResourceRegistryStandardImpl [ResourceRegistryStandardImpl.java:329] Releasing JDBC resources
2023-11-24 12:36:36,508 TRACE o.h.r.j.i.LogicalConnectionManagedImpl [LogicalConnectionManagedImpl.java:256] Closing logical connection
2023-11-24 12:36:36,508 TRACE o.h.r.j.i.LogicalConnectionManagedImpl [LogicalConnectionManagedImpl.java:263] Logical connection closed
2023-11-24 12:36:36,576 TRACE o.h.i.SessionFactoryImpl$SessionBuilderImpl [SessionFactoryImpl.java:1298] Opening Hibernate Session.  tenant=null
2023-11-24 12:36:36,577 TRACE o.h.i.SessionImpl [SessionImpl.java:262] Opened Session [07d1ea4d-2e10-464d-a96f-b1a318da114d] at timestamp: 1700825796577
2023-11-24 12:36:36,577 DEBUG o.h.r.t.b.j.i.JdbcResourceLocalTransactionCoordinatorImpl [JdbcResourceLocalTransactionCoordinatorImpl.java:310] JDBC transaction marked for rollback-only (exception provided for stack trace)
java.lang.Exception: exception just for purpose of providing stack trace
	at org.hibernate.resource.transaction.backend.jdbc.internal.JdbcResourceLocalTransactionCoordinatorImpl$TransactionDriverControlImpl.markRollbackOnly(JdbcResourceLocalTransactionCoordinatorImpl.java:310)
	at org.hibernate.internal.AbstractSharedSessionContract.buildNamedQuery(AbstractSharedSessionContract.java:1021)
	at org.hibernate.internal.AbstractSharedSessionContract.createNamedQuery(AbstractSharedSessionContract.java:899)
	at org.hibernate.internal.AbstractSharedSessionContract.createNamedQuery(AbstractSharedSessionContract.java:120)
	at jdk.internal.reflect.GeneratedMethodAccessor47.invoke(Unknown Source)
	at java.base/jdk.internal.reflect.DelegatingMethodAccessorImpl.invoke(DelegatingMethodAccessorImpl.java:43)
	at java.base/java.lang.reflect.Method.invoke(Method.java:568)
	at org.springframework.orm.jpa.ExtendedEntityManagerCreator$ExtendedEntityManagerInvocationHandler.invoke(ExtendedEntityManagerCreator.java:360)
	at jdk.proxy2/jdk.proxy2.$Proxy191.createNamedQuery(Unknown Source)
	at org.springframework.data.jpa.repository.query.NamedQuery.hasNamedQuery(NamedQuery.java:113)
	at org.springframework.data.jpa.repository.query.NamedQuery.lookupFrom(NamedQuery.java:141)
	at org.springframework.data.jpa.repository.query.JpaQueryLookupStrategy$DeclaredQueryLookupStrategy.resolveQuery(JpaQueryLookupStrategy.java:180)
	at org.springframework.data.jpa.repository.query.JpaQueryLookupStrategy$CreateIfNotFoundQueryLookupStrategy.resolveQuery(JpaQueryLookupStrategy.java:252)
	at org.springframework.data.jpa.repository.query.JpaQueryLookupStrategy$AbstractQueryLookupStrategy.resolveQuery(JpaQueryLookupStrategy.java:95)
	at org.springframework.data.repository.core.support.QueryExecutorMethodInterceptor.lookupQuery(QueryExecutorMethodInterceptor.java:111)
	at org.springframework.data.repository.core.support.QueryExecutorMethodInterceptor.mapMethodsToQuery(QueryExecutorMethodInterceptor.java:99)
	at org.springframework.data.repository.core.support.QueryExecutorMethodInterceptor.lambda$new$0(QueryExecutorMethodInterceptor.java:88)
	at java.base/java.util.Optional.map(Optional.java:260)
	at org.springframework.data.repository.core.support.QueryExecutorMethodInterceptor.<init>(QueryExecutorMethodInterceptor.java:88)
	at org.springframework.data.repository.core.support.RepositoryFactorySupport.getRepository(RepositoryFactorySupport.java:357)
	at org.springframework.data.repository.core.support.RepositoryFactoryBeanSupport.lambda$afterPropertiesSet$5(RepositoryFactoryBeanSupport.java:279)
	at org.springframework.data.util.Lazy.getNullable(Lazy.java:245)
	at org.springframework.data.util.Lazy.get(Lazy.java:114)
	at org.springframework.data.repository.core.support.RepositoryFactoryBeanSupport.afterPropertiesSet(RepositoryFactoryBeanSupport.java:285)
	at org.springframework.data.jpa.repository.support.JpaRepositoryFactoryBean.afterPropertiesSet(JpaRepositoryFactoryBean.java:132)
	at org.springframework.beans.factory.support.AbstractAutowireCapableBeanFactory.invokeInitMethods(AbstractAutowireCapableBeanFactory.java:1817)
	at org.springframework.beans.factory.support.AbstractAutowireCapableBeanFactory.initializeBean(AbstractAutowireCapableBeanFactory.java:1766)
	at org.springframework.beans.factory.support.AbstractAutowireCapableBeanFactory.doCreateBean(AbstractAutowireCapableBeanFactory.java:598)
	at org.springframework.beans.factory.support.AbstractAutowireCapableBeanFactory.createBean(AbstractAutowireCapableBeanFactory.java:520)
	at org.springframework.beans.factory.support.AbstractBeanFactory.lambda$doGetBean$0(AbstractBeanFactory.java:325)
	at org.springframework.beans.factory.support.DefaultSingletonBeanRegistry.getSingleton(DefaultSingletonBeanRegistry.java:234)
	at org.springframework.beans.factory.support.AbstractBeanFactory.doGetBean(AbstractBeanFactory.java:323)
	at org.springframework.beans.factory.support.AbstractBeanFactory.getBean(AbstractBeanFactory.java:199)
	at org.springframework.beans.factory.config.DependencyDescriptor.resolveCandidate(DependencyDescriptor.java:254)
	at org.springframework.beans.factory.support.DefaultListableBeanFactory.doResolveDependency(DefaultListableBeanFactory.java:1417)
	at org.springframework.beans.factory.support.DefaultListableBeanFactory.resolveDependency(DefaultListableBeanFactory.java:1337)
	at org.springframework.beans.factory.annotation.AutowiredAnnotationBeanPostProcessor$AutowiredFieldElement.resolveFieldValue(AutowiredAnnotationBeanPostProcessor.java:764)
	at org.springframework.beans.factory.annotation.AutowiredAnnotationBeanPostProcessor$AutowiredFieldElement.inject(AutowiredAnnotationBeanPostProcessor.java:747)
	at org.springframework.beans.factory.annotation.InjectionMetadata.inject(InjectionMetadata.java:145)
	at org.springframework.beans.factory.annotation.AutowiredAnnotationBeanPostProcessor.postProcessProperties(AutowiredAnnotationBeanPostProcessor.java:492)
	at org.springframework.beans.factory.support.AbstractAutowireCapableBeanFactory.populateBean(AbstractAutowireCapableBeanFactory.java:1416)
	at org.springframework.beans.factory.support.AbstractAutowireCapableBeanFactory.doCreateBean(AbstractAutowireCapableBeanFactory.java:597)
	at org.springframework.beans.factory.support.AbstractAutowireCapableBeanFactory.createBean(AbstractAutowireCapableBeanFactory.java:520)
	at org.springframework.beans.factory.support.AbstractBeanFactory.lambda$doGetBean$0(AbstractBeanFactory.java:325)
	at org.springframework.beans.factory.support.DefaultSingletonBeanRegistry.getSingleton(DefaultSingletonBeanRegistry.java:234)
	at org.springframework.beans.factory.support.AbstractBeanFactory.doGetBean(AbstractBeanFactory.java:323)
	at org.springframework.beans.factory.support.AbstractBeanFactory.getBean(AbstractBeanFactory.java:199)
	at org.springframework.beans.factory.support.DefaultListableBeanFactory.preInstantiateSingletons(DefaultListableBeanFactory.java:973)
	at org.springframework.context.support.AbstractApplicationContext.finishBeanFactoryInitialization(AbstractApplicationContext.java:950)
	at org.springframework.context.support.AbstractApplicationContext.refresh(AbstractApplicationContext.java:616)
	at org.springframework.boot.web.servlet.context.ServletWebServerApplicationContext.refresh(ServletWebServerApplicationContext.java:146)
	at org.springframework.boot.SpringApplication.refresh(SpringApplication.java:738)
	at org.springframework.boot.SpringApplication.refreshContext(SpringApplication.java:440)
	at org.springframework.boot.SpringApplication.run(SpringApplication.java:316)
	at org.springframework.boot.test.context.SpringBootContextLoader.lambda$loadContext$3(SpringBootContextLoader.java:137)
	at org.springframework.util.function.ThrowingSupplier.get(ThrowingSupplier.java:58)
	at org.springframework.util.function.ThrowingSupplier.get(ThrowingSupplier.java:46)
	at org.springframework.boot.SpringApplication.withHook(SpringApplication.java:1406)
	at org.springframework.boot.test.context.SpringBootContextLoader$ContextLoaderHook.run(SpringBootContextLoader.java:545)
	at org.springframework.boot.test.context.SpringBootContextLoader.loadContext(SpringBootContextLoader.java:137)
	at org.springframework.boot.test.context.SpringBootContextLoader.loadContext(SpringBootContextLoader.java:108)
	at org.springframework.test.context.cache.DefaultCacheAwareContextLoaderDelegate.loadContextInternal(DefaultCacheAwareContextLoaderDelegate.java:187)
	at org.springframework.test.context.cache.DefaultCacheAwareContextLoaderDelegate.loadContext(DefaultCacheAwareContextLoaderDelegate.java:119)
	at org.springframework.test.context.support.DefaultTestContext.getApplicationContext(DefaultTestContext.java:127)
	at org.springframework.test.context.support.DependencyInjectionTestExecutionListener.injectDependencies(DependencyInjectionTestExecutionListener.java:141)
	at org.springframework.test.context.support.DependencyInjectionTestExecutionListener.prepareTestInstance(DependencyInjectionTestExecutionListener.java:97)
	at org.springframework.test.context.TestContextManager.prepareTestInstance(TestContextManager.java:241)
	at org.springframework.test.context.junit.jupiter.SpringExtension.postProcessTestInstance(SpringExtension.java:138)
	at org.junit.jupiter.engine.descriptor.ClassBasedTestDescriptor.lambda$invokeTestInstancePostProcessors$10(ClassBasedTestDescriptor.java:377)
	at org.junit.jupiter.engine.descriptor.ClassBasedTestDescriptor.executeAndMaskThrowable(ClassBasedTestDescriptor.java:382)
	at org.junit.jupiter.engine.descriptor.ClassBasedTestDescriptor.lambda$invokeTestInstancePostProcessors$11(ClassBasedTestDescriptor.java:377)
	at java.base/java.util.stream.ReferencePipeline$3$1.accept(ReferencePipeline.java:197)
	at java.base/java.util.stream.ReferencePipeline$2$1.accept(ReferencePipeline.java:179)
	at java.base/java.util.ArrayList$ArrayListSpliterator.forEachRemaining(ArrayList.java:1625)
	at java.base/java.util.stream.AbstractPipeline.copyInto(AbstractPipeline.java:509)
	at java.base/java.util.stream.AbstractPipeline.wrapAndCopyInto(AbstractPipeline.java:499)
	at java.base/java.util.stream.StreamSpliterators$WrappingSpliterator.forEachRemaining(StreamSpliterators.java:310)
	at java.base/java.util.stream.Streams$ConcatSpliterator.forEachRemaining(Streams.java:735)
	at java.base/java.util.stream.Streams$ConcatSpliterator.forEachRemaining(Streams.java:734)
	at java.base/java.util.stream.ReferencePipeline$Head.forEach(ReferencePipeline.java:762)
	at org.junit.jupiter.engine.descriptor.ClassBasedTestDescriptor.invokeTestInstancePostProcessors(ClassBasedTestDescriptor.java:376)
	at org.junit.jupiter.engine.descriptor.ClassBasedTestDescriptor.lambda$instantiateAndPostProcessTestInstance$6(ClassBasedTestDescriptor.java:289)
	at org.junit.platform.engine.support.hierarchical.ThrowableCollector.execute(ThrowableCollector.java:73)
	at org.junit.jupiter.engine.descriptor.ClassBasedTestDescriptor.instantiateAndPostProcessTestInstance(ClassBasedTestDescriptor.java:288)
	at org.junit.jupiter.engine.descriptor.ClassBasedTestDescriptor.lambda$testInstancesProvider$4(ClassBasedTestDescriptor.java:278)
	at java.base/java.util.Optional.orElseGet(Optional.java:364)
	at org.junit.jupiter.engine.descriptor.ClassBasedTestDescriptor.lambda$testInstancesProvider$5(ClassBasedTestDescriptor.java:277)
	at org.junit.jupiter.engine.execution.TestInstancesProvider.getTestInstances(TestInstancesProvider.java:31)
	at org.junit.jupiter.engine.descriptor.TestMethodTestDescriptor.lambda$prepare$0(TestMethodTestDescriptor.java:105)
	at org.junit.platform.engine.support.hierarchical.ThrowableCollector.execute(ThrowableCollector.java:73)
	at org.junit.jupiter.engine.descriptor.TestMethodTestDescriptor.prepare(TestMethodTestDescriptor.java:104)
	at org.junit.jupiter.engine.descriptor.TestMethodTestDescriptor.prepare(TestMethodTestDescriptor.java:68)
	at org.junit.platform.engine.support.hierarchical.NodeTestTask.lambda$prepare$2(NodeTestTask.java:123)
	at org.junit.platform.engine.support.hierarchical.ThrowableCollector.execute(ThrowableCollector.java:73)
	at org.junit.platform.engine.support.hierarchical.NodeTestTask.prepare(NodeTestTask.java:123)
	at org.junit.platform.engine.support.hierarchical.NodeTestTask.execute(NodeTestTask.java:90)
	at java.base/java.util.ArrayList.forEach(ArrayList.java:1511)
	at org.junit.platform.engine.support.hierarchical.SameThreadHierarchicalTestExecutorService.invokeAll(SameThreadHierarchicalTestExecutorService.java:41)
	at org.junit.platform.engine.support.hierarchical.NodeTestTask.lambda$executeRecursively$6(NodeTestTask.java:155)
	at org.junit.platform.engine.support.hierarchical.ThrowableCollector.execute(ThrowableCollector.java:73)
	at org.junit.platform.engine.support.hierarchical.NodeTestTask.lambda$executeRecursively$8(NodeTestTask.java:141)
	at org.junit.platform.engine.support.hierarchical.Node.around(Node.java:137)
	at org.junit.platform.engine.support.hierarchical.NodeTestTask.lambda$executeRecursively$9(NodeTestTask.java:139)
	at org.junit.platform.engine.support.hierarchical.ThrowableCollector.execute(ThrowableCollector.java:73)
	at org.junit.platform.engine.support.hierarchical.NodeTestTask.executeRecursively(NodeTestTask.java:138)
	at org.junit.platform.engine.support.hierarchical.NodeTestTask.execute(NodeTestTask.java:95)
	at java.base/java.util.ArrayList.forEach(ArrayList.java:1511)
	at org.junit.platform.engine.support.hierarchical.SameThreadHierarchicalTestExecutorService.invokeAll(SameThreadHierarchicalTestExecutorService.java:41)
	at org.junit.platform.engine.support.hierarchical.NodeTestTask.lambda$executeRecursively$6(NodeTestTask.java:155)
	at org.junit.platform.engine.support.hierarchical.ThrowableCollector.execute(ThrowableCollector.java:73)
	at org.junit.platform.engine.support.hierarchical.NodeTestTask.lambda$executeRecursively$8(NodeTestTask.java:141)
	at org.junit.platform.engine.support.hierarchical.Node.around(Node.java:137)
	at org.junit.platform.engine.support.hierarchical.NodeTestTask.lambda$executeRecursively$9(NodeTestTask.java:139)
	at org.junit.platform.engine.support.hierarchical.ThrowableCollector.execute(ThrowableCollector.java:73)
	at org.junit.platform.engine.support.hierarchical.NodeTestTask.executeRecursively(NodeTestTask.java:138)
	at org.junit.platform.engine.support.hierarchical.NodeTestTask.execute(NodeTestTask.java:95)
	at org.junit.platform.engine.support.hierarchical.SameThreadHierarchicalTestExecutorService.submit(SameThreadHierarchicalTestExecutorService.java:35)
	at org.junit.platform.engine.support.hierarchical.HierarchicalTestExecutor.execute(HierarchicalTestExecutor.java:57)
	at org.junit.platform.engine.support.hierarchical.HierarchicalTestEngine.execute(HierarchicalTestEngine.java:54)
	at org.junit.platform.launcher.core.EngineExecutionOrchestrator.execute(EngineExecutionOrchestrator.java:147)
	at org.junit.platform.launcher.core.EngineExecutionOrchestrator.execute(EngineExecutionOrchestrator.java:127)
	at org.junit.platform.launcher.core.EngineExecutionOrchestrator.execute(EngineExecutionOrchestrator.java:90)
	at org.junit.platform.launcher.core.EngineExecutionOrchestrator.lambda$execute$0(EngineExecutionOrchestrator.java:55)
	at org.junit.platform.launcher.core.EngineExecutionOrchestrator.withInterceptedStreams(EngineExecutionOrchestrator.java:102)
	at org.junit.platform.launcher.core.EngineExecutionOrchestrator.execute(EngineExecutionOrchestrator.java:54)
	at org.junit.platform.launcher.core.DefaultLauncher.execute(DefaultLauncher.java:114)
	at org.junit.platform.launcher.core.DefaultLauncher.execute(DefaultLauncher.java:86)
	at org.junit.platform.launcher.core.DefaultLauncherSession$DelegatingLauncher.execute(DefaultLauncherSession.java:86)
	at org.apache.maven.surefire.junitplatform.LazyLauncher.execute(LazyLauncher.java:50)
	at org.apache.maven.surefire.junitplatform.JUnitPlatformProvider.execute(JUnitPlatformProvider.java:184)
	at org.apache.maven.surefire.junitplatform.JUnitPlatformProvider.invokeAllTests(JUnitPlatformProvider.java:148)
	at org.apache.maven.surefire.junitplatform.JUnitPlatformProvider.invoke(JUnitPlatformProvider.java:122)
	at org.apache.maven.surefire.booter.ForkedBooter.runSuitesInProcess(ForkedBooter.java:385)
	at org.apache.maven.surefire.booter.ForkedBooter.execute(ForkedBooter.java:162)
	at org.apache.maven.surefire.booter.ForkedBooter.run(ForkedBooter.java:507)
	at org.apache.maven.surefire.booter.ForkedBooter.main(ForkedBooter.java:495)
2023-11-24 12:36:36,578 TRACE o.h.i.SessionImpl [SessionImpl.java:402] Closing session [07d1ea4d-2e10-464d-a96f-b1a318da114d]
2023-11-24 12:36:36,579 TRACE o.h.e.j.i.JdbcCoordinatorImpl [JdbcCoordinatorImpl.java:152] Closing JDBC container [org.hibernate.engine.jdbc.internal.JdbcCoordinatorImpl@6b023b87]
2023-11-24 12:36:36,579 TRACE o.h.r.j.i.ResourceRegistryStandardImpl [ResourceRegistryStandardImpl.java:329] Releasing JDBC resources
2023-11-24 12:36:36,579 TRACE o.h.r.j.i.LogicalConnectionManagedImpl [LogicalConnectionManagedImpl.java:256] Closing logical connection
2023-11-24 12:36:36,579 TRACE o.h.r.j.i.LogicalConnectionManagedImpl [LogicalConnectionManagedImpl.java:263] Logical connection closed
2023-11-24 12:36:36,580 TRACE o.h.i.SessionFactoryImpl$SessionBuilderImpl [SessionFactoryImpl.java:1298] Opening Hibernate Session.  tenant=null
2023-11-24 12:36:36,580 TRACE o.h.i.SessionImpl [SessionImpl.java:262] Opened Session [832eb37f-0447-42e0-8652-2887e2dbd67e] at timestamp: 1700825796580
2023-11-24 12:36:36,580 TRACE o.h.i.SessionImpl [SessionImpl.java:402] Closing session [832eb37f-0447-42e0-8652-2887e2dbd67e]
2023-11-24 12:36:36,581 TRACE o.h.e.j.i.JdbcCoordinatorImpl [JdbcCoordinatorImpl.java:152] Closing JDBC container [org.hibernate.engine.jdbc.internal.JdbcCoordinatorImpl@4e202cff]
2023-11-24 12:36:36,581 TRACE o.h.r.j.i.ResourceRegistryStandardImpl [ResourceRegistryStandardImpl.java:329] Releasing JDBC resources
2023-11-24 12:36:36,581 TRACE o.h.r.j.i.LogicalConnectionManagedImpl [LogicalConnectionManagedImpl.java:256] Closing logical connection
2023-11-24 12:36:36,581 TRACE o.h.r.j.i.LogicalConnectionManagedImpl [LogicalConnectionManagedImpl.java:263] Logical connection closed
2023-11-24 12:36:36,583 TRACE o.h.i.SessionFactoryImpl$SessionBuilderImpl [SessionFactoryImpl.java:1298] Opening Hibernate Session.  tenant=null
2023-11-24 12:36:36,584 TRACE o.h.i.SessionImpl [SessionImpl.java:262] Opened Session [35100d06-49b6-471a-8b54-8c8342ad5400] at timestamp: 1700825796584
2023-11-24 12:36:36,584 DEBUG o.h.r.t.b.j.i.JdbcResourceLocalTransactionCoordinatorImpl [JdbcResourceLocalTransactionCoordinatorImpl.java:310] JDBC transaction marked for rollback-only (exception provided for stack trace)
java.lang.Exception: exception just for purpose of providing stack trace
	at org.hibernate.resource.transaction.backend.jdbc.internal.JdbcResourceLocalTransactionCoordinatorImpl$TransactionDriverControlImpl.markRollbackOnly(JdbcResourceLocalTransactionCoordinatorImpl.java:310)
	at org.hibernate.internal.AbstractSharedSessionContract.buildNamedQuery(AbstractSharedSessionContract.java:1021)
	at org.hibernate.internal.AbstractSharedSessionContract.createNamedQuery(AbstractSharedSessionContract.java:899)
	at org.hibernate.internal.AbstractSharedSessionContract.createNamedQuery(AbstractSharedSessionContract.java:120)
	at jdk.internal.reflect.GeneratedMethodAccessor47.invoke(Unknown Source)
	at java.base/jdk.internal.reflect.DelegatingMethodAccessorImpl.invoke(DelegatingMethodAccessorImpl.java:43)
	at java.base/java.lang.reflect.Method.invoke(Method.java:568)
	at org.springframework.orm.jpa.ExtendedEntityManagerCreator$ExtendedEntityManagerInvocationHandler.invoke(ExtendedEntityManagerCreator.java:360)
	at jdk.proxy2/jdk.proxy2.$Proxy191.createNamedQuery(Unknown Source)
	at org.springframework.data.jpa.repository.query.NamedQuery.hasNamedQuery(NamedQuery.java:113)
	at org.springframework.data.jpa.repository.query.NamedQuery.lookupFrom(NamedQuery.java:141)
	at org.springframework.data.jpa.repository.query.JpaQueryLookupStrategy$DeclaredQueryLookupStrategy.resolveQuery(JpaQueryLookupStrategy.java:180)
	at org.springframework.data.jpa.repository.query.JpaQueryLookupStrategy$CreateIfNotFoundQueryLookupStrategy.resolveQuery(JpaQueryLookupStrategy.java:252)
	at org.springframework.data.jpa.repository.query.JpaQueryLookupStrategy$AbstractQueryLookupStrategy.resolveQuery(JpaQueryLookupStrategy.java:95)
	at org.springframework.data.repository.core.support.QueryExecutorMethodInterceptor.lookupQuery(QueryExecutorMethodInterceptor.java:111)
	at org.springframework.data.repository.core.support.QueryExecutorMethodInterceptor.mapMethodsToQuery(QueryExecutorMethodInterceptor.java:99)
	at org.springframework.data.repository.core.support.QueryExecutorMethodInterceptor.lambda$new$0(QueryExecutorMethodInterceptor.java:88)
	at java.base/java.util.Optional.map(Optional.java:260)
	at org.springframework.data.repository.core.support.QueryExecutorMethodInterceptor.<init>(QueryExecutorMethodInterceptor.java:88)
	at org.springframework.data.repository.core.support.RepositoryFactorySupport.getRepository(RepositoryFactorySupport.java:357)
	at org.springframework.data.repository.core.support.RepositoryFactoryBeanSupport.lambda$afterPropertiesSet$5(RepositoryFactoryBeanSupport.java:279)
	at org.springframework.data.util.Lazy.getNullable(Lazy.java:245)
	at org.springframework.data.util.Lazy.get(Lazy.java:114)
	at org.springframework.data.repository.core.support.RepositoryFactoryBeanSupport.afterPropertiesSet(RepositoryFactoryBeanSupport.java:285)
	at org.springframework.data.jpa.repository.support.JpaRepositoryFactoryBean.afterPropertiesSet(JpaRepositoryFactoryBean.java:132)
	at org.springframework.beans.factory.support.AbstractAutowireCapableBeanFactory.invokeInitMethods(AbstractAutowireCapableBeanFactory.java:1817)
	at org.springframework.beans.factory.support.AbstractAutowireCapableBeanFactory.initializeBean(AbstractAutowireCapableBeanFactory.java:1766)
	at org.springframework.beans.factory.support.AbstractAutowireCapableBeanFactory.doCreateBean(AbstractAutowireCapableBeanFactory.java:598)
	at org.springframework.beans.factory.support.AbstractAutowireCapableBeanFactory.createBean(AbstractAutowireCapableBeanFactory.java:520)
	at org.springframework.beans.factory.support.AbstractBeanFactory.lambda$doGetBean$0(AbstractBeanFactory.java:325)
	at org.springframework.beans.factory.support.DefaultSingletonBeanRegistry.getSingleton(DefaultSingletonBeanRegistry.java:234)
	at org.springframework.beans.factory.support.AbstractBeanFactory.doGetBean(AbstractBeanFactory.java:323)
	at org.springframework.beans.factory.support.AbstractBeanFactory.getBean(AbstractBeanFactory.java:199)
	at org.springframework.beans.factory.config.DependencyDescriptor.resolveCandidate(DependencyDescriptor.java:254)
	at org.springframework.beans.factory.support.DefaultListableBeanFactory.doResolveDependency(DefaultListableBeanFactory.java:1417)
	at org.springframework.beans.factory.support.DefaultListableBeanFactory.resolveDependency(DefaultListableBeanFactory.java:1337)
	at org.springframework.beans.factory.annotation.AutowiredAnnotationBeanPostProcessor$AutowiredFieldElement.resolveFieldValue(AutowiredAnnotationBeanPostProcessor.java:764)
	at org.springframework.beans.factory.annotation.AutowiredAnnotationBeanPostProcessor$AutowiredFieldElement.inject(AutowiredAnnotationBeanPostProcessor.java:747)
	at org.springframework.beans.factory.annotation.InjectionMetadata.inject(InjectionMetadata.java:145)
	at org.springframework.beans.factory.annotation.AutowiredAnnotationBeanPostProcessor.postProcessProperties(AutowiredAnnotationBeanPostProcessor.java:492)
	at org.springframework.beans.factory.support.AbstractAutowireCapableBeanFactory.populateBean(AbstractAutowireCapableBeanFactory.java:1416)
	at org.springframework.beans.factory.support.AbstractAutowireCapableBeanFactory.doCreateBean(AbstractAutowireCapableBeanFactory.java:597)
	at org.springframework.beans.factory.support.AbstractAutowireCapableBeanFactory.createBean(AbstractAutowireCapableBeanFactory.java:520)
	at org.springframework.beans.factory.support.AbstractBeanFactory.lambda$doGetBean$0(AbstractBeanFactory.java:325)
	at org.springframework.beans.factory.support.DefaultSingletonBeanRegistry.getSingleton(DefaultSingletonBeanRegistry.java:234)
	at org.springframework.beans.factory.support.AbstractBeanFactory.doGetBean(AbstractBeanFactory.java:323)
	at org.springframework.beans.factory.support.AbstractBeanFactory.getBean(AbstractBeanFactory.java:199)
	at org.springframework.beans.factory.support.DefaultListableBeanFactory.preInstantiateSingletons(DefaultListableBeanFactory.java:973)
	at org.springframework.context.support.AbstractApplicationContext.finishBeanFactoryInitialization(AbstractApplicationContext.java:950)
	at org.springframework.context.support.AbstractApplicationContext.refresh(AbstractApplicationContext.java:616)
	at org.springframework.boot.web.servlet.context.ServletWebServerApplicationContext.refresh(ServletWebServerApplicationContext.java:146)
	at org.springframework.boot.SpringApplication.refresh(SpringApplication.java:738)
	at org.springframework.boot.SpringApplication.refreshContext(SpringApplication.java:440)
	at org.springframework.boot.SpringApplication.run(SpringApplication.java:316)
	at org.springframework.boot.test.context.SpringBootContextLoader.lambda$loadContext$3(SpringBootContextLoader.java:137)
	at org.springframework.util.function.ThrowingSupplier.get(ThrowingSupplier.java:58)
	at org.springframework.util.function.ThrowingSupplier.get(ThrowingSupplier.java:46)
	at org.springframework.boot.SpringApplication.withHook(SpringApplication.java:1406)
	at org.springframework.boot.test.context.SpringBootContextLoader$ContextLoaderHook.run(SpringBootContextLoader.java:545)
	at org.springframework.boot.test.context.SpringBootContextLoader.loadContext(SpringBootContextLoader.java:137)
	at org.springframework.boot.test.context.SpringBootContextLoader.loadContext(SpringBootContextLoader.java:108)
	at org.springframework.test.context.cache.DefaultCacheAwareContextLoaderDelegate.loadContextInternal(DefaultCacheAwareContextLoaderDelegate.java:187)
	at org.springframework.test.context.cache.DefaultCacheAwareContextLoaderDelegate.loadContext(DefaultCacheAwareContextLoaderDelegate.java:119)
	at org.springframework.test.context.support.DefaultTestContext.getApplicationContext(DefaultTestContext.java:127)
	at org.springframework.test.context.support.DependencyInjectionTestExecutionListener.injectDependencies(DependencyInjectionTestExecutionListener.java:141)
	at org.springframework.test.context.support.DependencyInjectionTestExecutionListener.prepareTestInstance(DependencyInjectionTestExecutionListener.java:97)
	at org.springframework.test.context.TestContextManager.prepareTestInstance(TestContextManager.java:241)
	at org.springframework.test.context.junit.jupiter.SpringExtension.postProcessTestInstance(SpringExtension.java:138)
	at org.junit.jupiter.engine.descriptor.ClassBasedTestDescriptor.lambda$invokeTestInstancePostProcessors$10(ClassBasedTestDescriptor.java:377)
	at org.junit.jupiter.engine.descriptor.ClassBasedTestDescriptor.executeAndMaskThrowable(ClassBasedTestDescriptor.java:382)
	at org.junit.jupiter.engine.descriptor.ClassBasedTestDescriptor.lambda$invokeTestInstancePostProcessors$11(ClassBasedTestDescriptor.java:377)
	at java.base/java.util.stream.ReferencePipeline$3$1.accept(ReferencePipeline.java:197)
	at java.base/java.util.stream.ReferencePipeline$2$1.accept(ReferencePipeline.java:179)
	at java.base/java.util.ArrayList$ArrayListSpliterator.forEachRemaining(ArrayList.java:1625)
	at java.base/java.util.stream.AbstractPipeline.copyInto(AbstractPipeline.java:509)
	at java.base/java.util.stream.AbstractPipeline.wrapAndCopyInto(AbstractPipeline.java:499)
	at java.base/java.util.stream.StreamSpliterators$WrappingSpliterator.forEachRemaining(StreamSpliterators.java:310)
	at java.base/java.util.stream.Streams$ConcatSpliterator.forEachRemaining(Streams.java:735)
	at java.base/java.util.stream.Streams$ConcatSpliterator.forEachRemaining(Streams.java:734)
	at java.base/java.util.stream.ReferencePipeline$Head.forEach(ReferencePipeline.java:762)
	at org.junit.jupiter.engine.descriptor.ClassBasedTestDescriptor.invokeTestInstancePostProcessors(ClassBasedTestDescriptor.java:376)
	at org.junit.jupiter.engine.descriptor.ClassBasedTestDescriptor.lambda$instantiateAndPostProcessTestInstance$6(ClassBasedTestDescriptor.java:289)
	at org.junit.platform.engine.support.hierarchical.ThrowableCollector.execute(ThrowableCollector.java:73)
	at org.junit.jupiter.engine.descriptor.ClassBasedTestDescriptor.instantiateAndPostProcessTestInstance(ClassBasedTestDescriptor.java:288)
	at org.junit.jupiter.engine.descriptor.ClassBasedTestDescriptor.lambda$testInstancesProvider$4(ClassBasedTestDescriptor.java:278)
	at java.base/java.util.Optional.orElseGet(Optional.java:364)
	at org.junit.jupiter.engine.descriptor.ClassBasedTestDescriptor.lambda$testInstancesProvider$5(ClassBasedTestDescriptor.java:277)
	at org.junit.jupiter.engine.execution.TestInstancesProvider.getTestInstances(TestInstancesProvider.java:31)
	at org.junit.jupiter.engine.descriptor.TestMethodTestDescriptor.lambda$prepare$0(TestMethodTestDescriptor.java:105)
	at org.junit.platform.engine.support.hierarchical.ThrowableCollector.execute(ThrowableCollector.java:73)
	at org.junit.jupiter.engine.descriptor.TestMethodTestDescriptor.prepare(TestMethodTestDescriptor.java:104)
	at org.junit.jupiter.engine.descriptor.TestMethodTestDescriptor.prepare(TestMethodTestDescriptor.java:68)
	at org.junit.platform.engine.support.hierarchical.NodeTestTask.lambda$prepare$2(NodeTestTask.java:123)
	at org.junit.platform.engine.support.hierarchical.ThrowableCollector.execute(ThrowableCollector.java:73)
	at org.junit.platform.engine.support.hierarchical.NodeTestTask.prepare(NodeTestTask.java:123)
	at org.junit.platform.engine.support.hierarchical.NodeTestTask.execute(NodeTestTask.java:90)
	at java.base/java.util.ArrayList.forEach(ArrayList.java:1511)
	at org.junit.platform.engine.support.hierarchical.SameThreadHierarchicalTestExecutorService.invokeAll(SameThreadHierarchicalTestExecutorService.java:41)
	at org.junit.platform.engine.support.hierarchical.NodeTestTask.lambda$executeRecursively$6(NodeTestTask.java:155)
	at org.junit.platform.engine.support.hierarchical.ThrowableCollector.execute(ThrowableCollector.java:73)
	at org.junit.platform.engine.support.hierarchical.NodeTestTask.lambda$executeRecursively$8(NodeTestTask.java:141)
	at org.junit.platform.engine.support.hierarchical.Node.around(Node.java:137)
	at org.junit.platform.engine.support.hierarchical.NodeTestTask.lambda$executeRecursively$9(NodeTestTask.java:139)
	at org.junit.platform.engine.support.hierarchical.ThrowableCollector.execute(ThrowableCollector.java:73)
	at org.junit.platform.engine.support.hierarchical.NodeTestTask.executeRecursively(NodeTestTask.java:138)
	at org.junit.platform.engine.support.hierarchical.NodeTestTask.execute(NodeTestTask.java:95)
	at java.base/java.util.ArrayList.forEach(ArrayList.java:1511)
	at org.junit.platform.engine.support.hierarchical.SameThreadHierarchicalTestExecutorService.invokeAll(SameThreadHierarchicalTestExecutorService.java:41)
	at org.junit.platform.engine.support.hierarchical.NodeTestTask.lambda$executeRecursively$6(NodeTestTask.java:155)
	at org.junit.platform.engine.support.hierarchical.ThrowableCollector.execute(ThrowableCollector.java:73)
	at org.junit.platform.engine.support.hierarchical.NodeTestTask.lambda$executeRecursively$8(NodeTestTask.java:141)
	at org.junit.platform.engine.support.hierarchical.Node.around(Node.java:137)
	at org.junit.platform.engine.support.hierarchical.NodeTestTask.lambda$executeRecursively$9(NodeTestTask.java:139)
	at org.junit.platform.engine.support.hierarchical.ThrowableCollector.execute(ThrowableCollector.java:73)
	at org.junit.platform.engine.support.hierarchical.NodeTestTask.executeRecursively(NodeTestTask.java:138)
	at org.junit.platform.engine.support.hierarchical.NodeTestTask.execute(NodeTestTask.java:95)
	at org.junit.platform.engine.support.hierarchical.SameThreadHierarchicalTestExecutorService.submit(SameThreadHierarchicalTestExecutorService.java:35)
	at org.junit.platform.engine.support.hierarchical.HierarchicalTestExecutor.execute(HierarchicalTestExecutor.java:57)
	at org.junit.platform.engine.support.hierarchical.HierarchicalTestEngine.execute(HierarchicalTestEngine.java:54)
	at org.junit.platform.launcher.core.EngineExecutionOrchestrator.execute(EngineExecutionOrchestrator.java:147)
	at org.junit.platform.launcher.core.EngineExecutionOrchestrator.execute(EngineExecutionOrchestrator.java:127)
	at org.junit.platform.launcher.core.EngineExecutionOrchestrator.execute(EngineExecutionOrchestrator.java:90)
	at org.junit.platform.launcher.core.EngineExecutionOrchestrator.lambda$execute$0(EngineExecutionOrchestrator.java:55)
	at org.junit.platform.launcher.core.EngineExecutionOrchestrator.withInterceptedStreams(EngineExecutionOrchestrator.java:102)
	at org.junit.platform.launcher.core.EngineExecutionOrchestrator.execute(EngineExecutionOrchestrator.java:54)
	at org.junit.platform.launcher.core.DefaultLauncher.execute(DefaultLauncher.java:114)
	at org.junit.platform.launcher.core.DefaultLauncher.execute(DefaultLauncher.java:86)
	at org.junit.platform.launcher.core.DefaultLauncherSession$DelegatingLauncher.execute(DefaultLauncherSession.java:86)
	at org.apache.maven.surefire.junitplatform.LazyLauncher.execute(LazyLauncher.java:50)
	at org.apache.maven.surefire.junitplatform.JUnitPlatformProvider.execute(JUnitPlatformProvider.java:184)
	at org.apache.maven.surefire.junitplatform.JUnitPlatformProvider.invokeAllTests(JUnitPlatformProvider.java:148)
	at org.apache.maven.surefire.junitplatform.JUnitPlatformProvider.invoke(JUnitPlatformProvider.java:122)
	at org.apache.maven.surefire.booter.ForkedBooter.runSuitesInProcess(ForkedBooter.java:385)
	at org.apache.maven.surefire.booter.ForkedBooter.execute(ForkedBooter.java:162)
	at org.apache.maven.surefire.booter.ForkedBooter.run(ForkedBooter.java:507)
	at org.apache.maven.surefire.booter.ForkedBooter.main(ForkedBooter.java:495)
2023-11-24 12:36:36,585 TRACE o.h.i.SessionImpl [SessionImpl.java:402] Closing session [35100d06-49b6-471a-8b54-8c8342ad5400]
2023-11-24 12:36:36,585 TRACE o.h.e.j.i.JdbcCoordinatorImpl [JdbcCoordinatorImpl.java:152] Closing JDBC container [org.hibernate.engine.jdbc.internal.JdbcCoordinatorImpl@1c158f3c]
2023-11-24 12:36:36,585 TRACE o.h.r.j.i.ResourceRegistryStandardImpl [ResourceRegistryStandardImpl.java:329] Releasing JDBC resources
2023-11-24 12:36:36,586 TRACE o.h.r.j.i.LogicalConnectionManagedImpl [LogicalConnectionManagedImpl.java:256] Closing logical connection
2023-11-24 12:36:36,586 TRACE o.h.r.j.i.LogicalConnectionManagedImpl [LogicalConnectionManagedImpl.java:263] Logical connection closed
2023-11-24 12:36:36,586 TRACE o.h.i.SessionFactoryImpl$SessionBuilderImpl [SessionFactoryImpl.java:1298] Opening Hibernate Session.  tenant=null
2023-11-24 12:36:36,586 TRACE o.h.i.SessionImpl [SessionImpl.java:262] Opened Session [0490bb63-6af9-42af-973c-83b67808479d] at timestamp: 1700825796586
2023-11-24 12:36:36,586 TRACE o.h.i.SessionImpl [SessionImpl.java:402] Closing session [0490bb63-6af9-42af-973c-83b67808479d]
2023-11-24 12:36:36,586 TRACE o.h.e.j.i.JdbcCoordinatorImpl [JdbcCoordinatorImpl.java:152] Closing JDBC container [org.hibernate.engine.jdbc.internal.JdbcCoordinatorImpl@6631513a]
2023-11-24 12:36:36,587 TRACE o.h.r.j.i.ResourceRegistryStandardImpl [ResourceRegistryStandardImpl.java:329] Releasing JDBC resources
2023-11-24 12:36:36,587 TRACE o.h.r.j.i.LogicalConnectionManagedImpl [LogicalConnectionManagedImpl.java:256] Closing logical connection
2023-11-24 12:36:36,587 TRACE o.h.r.j.i.LogicalConnectionManagedImpl [LogicalConnectionManagedImpl.java:263] Logical connection closed
2023-11-24 12:36:36,595 TRACE o.h.i.SessionFactoryImpl$SessionBuilderImpl [SessionFactoryImpl.java:1298] Opening Hibernate Session.  tenant=null
2023-11-24 12:36:36,595 TRACE o.h.i.SessionImpl [SessionImpl.java:262] Opened Session [6e716e95-778d-4892-9abb-9aa3208e8436] at timestamp: 1700825796595
2023-11-24 12:36:36,596 DEBUG o.h.r.t.b.j.i.JdbcResourceLocalTransactionCoordinatorImpl [JdbcResourceLocalTransactionCoordinatorImpl.java:310] JDBC transaction marked for rollback-only (exception provided for stack trace)
java.lang.Exception: exception just for purpose of providing stack trace
	at org.hibernate.resource.transaction.backend.jdbc.internal.JdbcResourceLocalTransactionCoordinatorImpl$TransactionDriverControlImpl.markRollbackOnly(JdbcResourceLocalTransactionCoordinatorImpl.java:310)
	at org.hibernate.internal.AbstractSharedSessionContract.buildNamedQuery(AbstractSharedSessionContract.java:1021)
	at org.hibernate.internal.AbstractSharedSessionContract.createNamedQuery(AbstractSharedSessionContract.java:899)
	at org.hibernate.internal.AbstractSharedSessionContract.createNamedQuery(AbstractSharedSessionContract.java:120)
	at jdk.internal.reflect.GeneratedMethodAccessor47.invoke(Unknown Source)
	at java.base/jdk.internal.reflect.DelegatingMethodAccessorImpl.invoke(DelegatingMethodAccessorImpl.java:43)
	at java.base/java.lang.reflect.Method.invoke(Method.java:568)
	at org.springframework.orm.jpa.ExtendedEntityManagerCreator$ExtendedEntityManagerInvocationHandler.invoke(ExtendedEntityManagerCreator.java:360)
	at jdk.proxy2/jdk.proxy2.$Proxy191.createNamedQuery(Unknown Source)
	at org.springframework.data.jpa.repository.query.NamedQuery.hasNamedQuery(NamedQuery.java:113)
	at org.springframework.data.jpa.repository.query.NamedQuery.lookupFrom(NamedQuery.java:141)
	at org.springframework.data.jpa.repository.query.JpaQueryLookupStrategy$DeclaredQueryLookupStrategy.resolveQuery(JpaQueryLookupStrategy.java:180)
	at org.springframework.data.jpa.repository.query.JpaQueryLookupStrategy$CreateIfNotFoundQueryLookupStrategy.resolveQuery(JpaQueryLookupStrategy.java:252)
	at org.springframework.data.jpa.repository.query.JpaQueryLookupStrategy$AbstractQueryLookupStrategy.resolveQuery(JpaQueryLookupStrategy.java:95)
	at org.springframework.data.repository.core.support.QueryExecutorMethodInterceptor.lookupQuery(QueryExecutorMethodInterceptor.java:111)
	at org.springframework.data.repository.core.support.QueryExecutorMethodInterceptor.mapMethodsToQuery(QueryExecutorMethodInterceptor.java:99)
	at org.springframework.data.repository.core.support.QueryExecutorMethodInterceptor.lambda$new$0(QueryExecutorMethodInterceptor.java:88)
	at java.base/java.util.Optional.map(Optional.java:260)
	at org.springframework.data.repository.core.support.QueryExecutorMethodInterceptor.<init>(QueryExecutorMethodInterceptor.java:88)
	at org.springframework.data.repository.core.support.RepositoryFactorySupport.getRepository(RepositoryFactorySupport.java:357)
	at org.springframework.data.repository.core.support.RepositoryFactoryBeanSupport.lambda$afterPropertiesSet$5(RepositoryFactoryBeanSupport.java:279)
	at org.springframework.data.util.Lazy.getNullable(Lazy.java:245)
	at org.springframework.data.util.Lazy.get(Lazy.java:114)
	at org.springframework.data.repository.core.support.RepositoryFactoryBeanSupport.afterPropertiesSet(RepositoryFactoryBeanSupport.java:285)
	at org.springframework.data.jpa.repository.support.JpaRepositoryFactoryBean.afterPropertiesSet(JpaRepositoryFactoryBean.java:132)
	at org.springframework.beans.factory.support.AbstractAutowireCapableBeanFactory.invokeInitMethods(AbstractAutowireCapableBeanFactory.java:1817)
	at org.springframework.beans.factory.support.AbstractAutowireCapableBeanFactory.initializeBean(AbstractAutowireCapableBeanFactory.java:1766)
	at org.springframework.beans.factory.support.AbstractAutowireCapableBeanFactory.doCreateBean(AbstractAutowireCapableBeanFactory.java:598)
	at org.springframework.beans.factory.support.AbstractAutowireCapableBeanFactory.createBean(AbstractAutowireCapableBeanFactory.java:520)
	at org.springframework.beans.factory.support.AbstractBeanFactory.lambda$doGetBean$0(AbstractBeanFactory.java:325)
	at org.springframework.beans.factory.support.DefaultSingletonBeanRegistry.getSingleton(DefaultSingletonBeanRegistry.java:234)
	at org.springframework.beans.factory.support.AbstractBeanFactory.doGetBean(AbstractBeanFactory.java:323)
	at org.springframework.beans.factory.support.AbstractBeanFactory.getBean(AbstractBeanFactory.java:199)
	at org.springframework.beans.factory.config.DependencyDescriptor.resolveCandidate(DependencyDescriptor.java:254)
	at org.springframework.beans.factory.support.DefaultListableBeanFactory.doResolveDependency(DefaultListableBeanFactory.java:1417)
	at org.springframework.beans.factory.support.DefaultListableBeanFactory.resolveDependency(DefaultListableBeanFactory.java:1337)
	at org.springframework.beans.factory.annotation.AutowiredAnnotationBeanPostProcessor$AutowiredFieldElement.resolveFieldValue(AutowiredAnnotationBeanPostProcessor.java:764)
	at org.springframework.beans.factory.annotation.AutowiredAnnotationBeanPostProcessor$AutowiredFieldElement.inject(AutowiredAnnotationBeanPostProcessor.java:747)
	at org.springframework.beans.factory.annotation.InjectionMetadata.inject(InjectionMetadata.java:145)
	at org.springframework.beans.factory.annotation.AutowiredAnnotationBeanPostProcessor.postProcessProperties(AutowiredAnnotationBeanPostProcessor.java:492)
	at org.springframework.beans.factory.support.AbstractAutowireCapableBeanFactory.populateBean(AbstractAutowireCapableBeanFactory.java:1416)
	at org.springframework.beans.factory.support.AbstractAutowireCapableBeanFactory.doCreateBean(AbstractAutowireCapableBeanFactory.java:597)
	at org.springframework.beans.factory.support.AbstractAutowireCapableBeanFactory.createBean(AbstractAutowireCapableBeanFactory.java:520)
	at org.springframework.beans.factory.support.AbstractBeanFactory.lambda$doGetBean$0(AbstractBeanFactory.java:325)
	at org.springframework.beans.factory.support.DefaultSingletonBeanRegistry.getSingleton(DefaultSingletonBeanRegistry.java:234)
	at org.springframework.beans.factory.support.AbstractBeanFactory.doGetBean(AbstractBeanFactory.java:323)
	at org.springframework.beans.factory.support.AbstractBeanFactory.getBean(AbstractBeanFactory.java:199)
	at org.springframework.beans.factory.support.DefaultListableBeanFactory.preInstantiateSingletons(DefaultListableBeanFactory.java:973)
	at org.springframework.context.support.AbstractApplicationContext.finishBeanFactoryInitialization(AbstractApplicationContext.java:950)
	at org.springframework.context.support.AbstractApplicationContext.refresh(AbstractApplicationContext.java:616)
	at org.springframework.boot.web.servlet.context.ServletWebServerApplicationContext.refresh(ServletWebServerApplicationContext.java:146)
	at org.springframework.boot.SpringApplication.refresh(SpringApplication.java:738)
	at org.springframework.boot.SpringApplication.refreshContext(SpringApplication.java:440)
	at org.springframework.boot.SpringApplication.run(SpringApplication.java:316)
	at org.springframework.boot.test.context.SpringBootContextLoader.lambda$loadContext$3(SpringBootContextLoader.java:137)
	at org.springframework.util.function.ThrowingSupplier.get(ThrowingSupplier.java:58)
	at org.springframework.util.function.ThrowingSupplier.get(ThrowingSupplier.java:46)
	at org.springframework.boot.SpringApplication.withHook(SpringApplication.java:1406)
	at org.springframework.boot.test.context.SpringBootContextLoader$ContextLoaderHook.run(SpringBootContextLoader.java:545)
	at org.springframework.boot.test.context.SpringBootContextLoader.loadContext(SpringBootContextLoader.java:137)
	at org.springframework.boot.test.context.SpringBootContextLoader.loadContext(SpringBootContextLoader.java:108)
	at org.springframework.test.context.cache.DefaultCacheAwareContextLoaderDelegate.loadContextInternal(DefaultCacheAwareContextLoaderDelegate.java:187)
	at org.springframework.test.context.cache.DefaultCacheAwareContextLoaderDelegate.loadContext(DefaultCacheAwareContextLoaderDelegate.java:119)
	at org.springframework.test.context.support.DefaultTestContext.getApplicationContext(DefaultTestContext.java:127)
	at org.springframework.test.context.support.DependencyInjectionTestExecutionListener.injectDependencies(DependencyInjectionTestExecutionListener.java:141)
	at org.springframework.test.context.support.DependencyInjectionTestExecutionListener.prepareTestInstance(DependencyInjectionTestExecutionListener.java:97)
	at org.springframework.test.context.TestContextManager.prepareTestInstance(TestContextManager.java:241)
	at org.springframework.test.context.junit.jupiter.SpringExtension.postProcessTestInstance(SpringExtension.java:138)
	at org.junit.jupiter.engine.descriptor.ClassBasedTestDescriptor.lambda$invokeTestInstancePostProcessors$10(ClassBasedTestDescriptor.java:377)
	at org.junit.jupiter.engine.descriptor.ClassBasedTestDescriptor.executeAndMaskThrowable(ClassBasedTestDescriptor.java:382)
	at org.junit.jupiter.engine.descriptor.ClassBasedTestDescriptor.lambda$invokeTestInstancePostProcessors$11(ClassBasedTestDescriptor.java:377)
	at java.base/java.util.stream.ReferencePipeline$3$1.accept(ReferencePipeline.java:197)
	at java.base/java.util.stream.ReferencePipeline$2$1.accept(ReferencePipeline.java:179)
	at java.base/java.util.ArrayList$ArrayListSpliterator.forEachRemaining(ArrayList.java:1625)
	at java.base/java.util.stream.AbstractPipeline.copyInto(AbstractPipeline.java:509)
	at java.base/java.util.stream.AbstractPipeline.wrapAndCopyInto(AbstractPipeline.java:499)
	at java.base/java.util.stream.StreamSpliterators$WrappingSpliterator.forEachRemaining(StreamSpliterators.java:310)
	at java.base/java.util.stream.Streams$ConcatSpliterator.forEachRemaining(Streams.java:735)
	at java.base/java.util.stream.Streams$ConcatSpliterator.forEachRemaining(Streams.java:734)
	at java.base/java.util.stream.ReferencePipeline$Head.forEach(ReferencePipeline.java:762)
	at org.junit.jupiter.engine.descriptor.ClassBasedTestDescriptor.invokeTestInstancePostProcessors(ClassBasedTestDescriptor.java:376)
	at org.junit.jupiter.engine.descriptor.ClassBasedTestDescriptor.lambda$instantiateAndPostProcessTestInstance$6(ClassBasedTestDescriptor.java:289)
	at org.junit.platform.engine.support.hierarchical.ThrowableCollector.execute(ThrowableCollector.java:73)
	at org.junit.jupiter.engine.descriptor.ClassBasedTestDescriptor.instantiateAndPostProcessTestInstance(ClassBasedTestDescriptor.java:288)
	at org.junit.jupiter.engine.descriptor.ClassBasedTestDescriptor.lambda$testInstancesProvider$4(ClassBasedTestDescriptor.java:278)
	at java.base/java.util.Optional.orElseGet(Optional.java:364)
	at org.junit.jupiter.engine.descriptor.ClassBasedTestDescriptor.lambda$testInstancesProvider$5(ClassBasedTestDescriptor.java:277)
	at org.junit.jupiter.engine.execution.TestInstancesProvider.getTestInstances(TestInstancesProvider.java:31)
	at org.junit.jupiter.engine.descriptor.TestMethodTestDescriptor.lambda$prepare$0(TestMethodTestDescriptor.java:105)
	at org.junit.platform.engine.support.hierarchical.ThrowableCollector.execute(ThrowableCollector.java:73)
	at org.junit.jupiter.engine.descriptor.TestMethodTestDescriptor.prepare(TestMethodTestDescriptor.java:104)
	at org.junit.jupiter.engine.descriptor.TestMethodTestDescriptor.prepare(TestMethodTestDescriptor.java:68)
	at org.junit.platform.engine.support.hierarchical.NodeTestTask.lambda$prepare$2(NodeTestTask.java:123)
	at org.junit.platform.engine.support.hierarchical.ThrowableCollector.execute(ThrowableCollector.java:73)
	at org.junit.platform.engine.support.hierarchical.NodeTestTask.prepare(NodeTestTask.java:123)
	at org.junit.platform.engine.support.hierarchical.NodeTestTask.execute(NodeTestTask.java:90)
	at java.base/java.util.ArrayList.forEach(ArrayList.java:1511)
	at org.junit.platform.engine.support.hierarchical.SameThreadHierarchicalTestExecutorService.invokeAll(SameThreadHierarchicalTestExecutorService.java:41)
	at org.junit.platform.engine.support.hierarchical.NodeTestTask.lambda$executeRecursively$6(NodeTestTask.java:155)
	at org.junit.platform.engine.support.hierarchical.ThrowableCollector.execute(ThrowableCollector.java:73)
	at org.junit.platform.engine.support.hierarchical.NodeTestTask.lambda$executeRecursively$8(NodeTestTask.java:141)
	at org.junit.platform.engine.support.hierarchical.Node.around(Node.java:137)
	at org.junit.platform.engine.support.hierarchical.NodeTestTask.lambda$executeRecursively$9(NodeTestTask.java:139)
	at org.junit.platform.engine.support.hierarchical.ThrowableCollector.execute(ThrowableCollector.java:73)
	at org.junit.platform.engine.support.hierarchical.NodeTestTask.executeRecursively(NodeTestTask.java:138)
	at org.junit.platform.engine.support.hierarchical.NodeTestTask.execute(NodeTestTask.java:95)
	at java.base/java.util.ArrayList.forEach(ArrayList.java:1511)
	at org.junit.platform.engine.support.hierarchical.SameThreadHierarchicalTestExecutorService.invokeAll(SameThreadHierarchicalTestExecutorService.java:41)
	at org.junit.platform.engine.support.hierarchical.NodeTestTask.lambda$executeRecursively$6(NodeTestTask.java:155)
	at org.junit.platform.engine.support.hierarchical.ThrowableCollector.execute(ThrowableCollector.java:73)
	at org.junit.platform.engine.support.hierarchical.NodeTestTask.lambda$executeRecursively$8(NodeTestTask.java:141)
	at org.junit.platform.engine.support.hierarchical.Node.around(Node.java:137)
	at org.junit.platform.engine.support.hierarchical.NodeTestTask.lambda$executeRecursively$9(NodeTestTask.java:139)
	at org.junit.platform.engine.support.hierarchical.ThrowableCollector.execute(ThrowableCollector.java:73)
	at org.junit.platform.engine.support.hierarchical.NodeTestTask.executeRecursively(NodeTestTask.java:138)
	at org.junit.platform.engine.support.hierarchical.NodeTestTask.execute(NodeTestTask.java:95)
	at org.junit.platform.engine.support.hierarchical.SameThreadHierarchicalTestExecutorService.submit(SameThreadHierarchicalTestExecutorService.java:35)
	at org.junit.platform.engine.support.hierarchical.HierarchicalTestExecutor.execute(HierarchicalTestExecutor.java:57)
	at org.junit.platform.engine.support.hierarchical.HierarchicalTestEngine.execute(HierarchicalTestEngine.java:54)
	at org.junit.platform.launcher.core.EngineExecutionOrchestrator.execute(EngineExecutionOrchestrator.java:147)
	at org.junit.platform.launcher.core.EngineExecutionOrchestrator.execute(EngineExecutionOrchestrator.java:127)
	at org.junit.platform.launcher.core.EngineExecutionOrchestrator.execute(EngineExecutionOrchestrator.java:90)
	at org.junit.platform.launcher.core.EngineExecutionOrchestrator.lambda$execute$0(EngineExecutionOrchestrator.java:55)
	at org.junit.platform.launcher.core.EngineExecutionOrchestrator.withInterceptedStreams(EngineExecutionOrchestrator.java:102)
	at org.junit.platform.launcher.core.EngineExecutionOrchestrator.execute(EngineExecutionOrchestrator.java:54)
	at org.junit.platform.launcher.core.DefaultLauncher.execute(DefaultLauncher.java:114)
	at org.junit.platform.launcher.core.DefaultLauncher.execute(DefaultLauncher.java:86)
	at org.junit.platform.launcher.core.DefaultLauncherSession$DelegatingLauncher.execute(DefaultLauncherSession.java:86)
	at org.apache.maven.surefire.junitplatform.LazyLauncher.execute(LazyLauncher.java:50)
	at org.apache.maven.surefire.junitplatform.JUnitPlatformProvider.execute(JUnitPlatformProvider.java:184)
	at org.apache.maven.surefire.junitplatform.JUnitPlatformProvider.invokeAllTests(JUnitPlatformProvider.java:148)
	at org.apache.maven.surefire.junitplatform.JUnitPlatformProvider.invoke(JUnitPlatformProvider.java:122)
	at org.apache.maven.surefire.booter.ForkedBooter.runSuitesInProcess(ForkedBooter.java:385)
	at org.apache.maven.surefire.booter.ForkedBooter.execute(ForkedBooter.java:162)
	at org.apache.maven.surefire.booter.ForkedBooter.run(ForkedBooter.java:507)
	at org.apache.maven.surefire.booter.ForkedBooter.main(ForkedBooter.java:495)
2023-11-24 12:36:36,596 TRACE o.h.i.SessionImpl [SessionImpl.java:402] Closing session [6e716e95-778d-4892-9abb-9aa3208e8436]
2023-11-24 12:36:36,596 TRACE o.h.e.j.i.JdbcCoordinatorImpl [JdbcCoordinatorImpl.java:152] Closing JDBC container [org.hibernate.engine.jdbc.internal.JdbcCoordinatorImpl@3360569f]
2023-11-24 12:36:36,597 TRACE o.h.r.j.i.ResourceRegistryStandardImpl [ResourceRegistryStandardImpl.java:329] Releasing JDBC resources
2023-11-24 12:36:36,597 TRACE o.h.r.j.i.LogicalConnectionManagedImpl [LogicalConnectionManagedImpl.java:256] Closing logical connection
2023-11-24 12:36:36,597 TRACE o.h.r.j.i.LogicalConnectionManagedImpl [LogicalConnectionManagedImpl.java:263] Logical connection closed
2023-11-24 12:36:36,597 TRACE o.h.i.SessionFactoryImpl$SessionBuilderImpl [SessionFactoryImpl.java:1298] Opening Hibernate Session.  tenant=null
2023-11-24 12:36:36,597 TRACE o.h.i.SessionImpl [SessionImpl.java:262] Opened Session [592b45f6-c125-4473-ac6a-0ec1ae7df972] at timestamp: 1700825796597
2023-11-24 12:36:36,597 TRACE o.h.i.SessionImpl [SessionImpl.java:402] Closing session [592b45f6-c125-4473-ac6a-0ec1ae7df972]
2023-11-24 12:36:36,598 TRACE o.h.e.j.i.JdbcCoordinatorImpl [JdbcCoordinatorImpl.java:152] Closing JDBC container [org.hibernate.engine.jdbc.internal.JdbcCoordinatorImpl@408a855b]
2023-11-24 12:36:36,598 TRACE o.h.r.j.i.ResourceRegistryStandardImpl [ResourceRegistryStandardImpl.java:329] Releasing JDBC resources
2023-11-24 12:36:36,598 TRACE o.h.r.j.i.LogicalConnectionManagedImpl [LogicalConnectionManagedImpl.java:256] Closing logical connection
2023-11-24 12:36:36,598 TRACE o.h.r.j.i.LogicalConnectionManagedImpl [LogicalConnectionManagedImpl.java:263] Logical connection closed
2023-11-24 12:36:36,600 TRACE o.h.i.SessionFactoryImpl$SessionBuilderImpl [SessionFactoryImpl.java:1298] Opening Hibernate Session.  tenant=null
2023-11-24 12:36:36,600 TRACE o.h.i.SessionImpl [SessionImpl.java:262] Opened Session [7c1811df-fa7f-4d9c-a697-7b1593819afe] at timestamp: 1700825796600
2023-11-24 12:36:36,601 DEBUG o.h.r.t.b.j.i.JdbcResourceLocalTransactionCoordinatorImpl [JdbcResourceLocalTransactionCoordinatorImpl.java:310] JDBC transaction marked for rollback-only (exception provided for stack trace)
java.lang.Exception: exception just for purpose of providing stack trace
	at org.hibernate.resource.transaction.backend.jdbc.internal.JdbcResourceLocalTransactionCoordinatorImpl$TransactionDriverControlImpl.markRollbackOnly(JdbcResourceLocalTransactionCoordinatorImpl.java:310)
	at org.hibernate.internal.AbstractSharedSessionContract.buildNamedQuery(AbstractSharedSessionContract.java:1021)
	at org.hibernate.internal.AbstractSharedSessionContract.createNamedQuery(AbstractSharedSessionContract.java:899)
	at org.hibernate.internal.AbstractSharedSessionContract.createNamedQuery(AbstractSharedSessionContract.java:120)
	at jdk.internal.reflect.GeneratedMethodAccessor47.invoke(Unknown Source)
	at java.base/jdk.internal.reflect.DelegatingMethodAccessorImpl.invoke(DelegatingMethodAccessorImpl.java:43)
	at java.base/java.lang.reflect.Method.invoke(Method.java:568)
	at org.springframework.orm.jpa.ExtendedEntityManagerCreator$ExtendedEntityManagerInvocationHandler.invoke(ExtendedEntityManagerCreator.java:360)
	at jdk.proxy2/jdk.proxy2.$Proxy191.createNamedQuery(Unknown Source)
	at org.springframework.data.jpa.repository.query.NamedQuery.hasNamedQuery(NamedQuery.java:113)
	at org.springframework.data.jpa.repository.query.NamedQuery.lookupFrom(NamedQuery.java:141)
	at org.springframework.data.jpa.repository.query.JpaQueryLookupStrategy$DeclaredQueryLookupStrategy.resolveQuery(JpaQueryLookupStrategy.java:180)
	at org.springframework.data.jpa.repository.query.JpaQueryLookupStrategy$CreateIfNotFoundQueryLookupStrategy.resolveQuery(JpaQueryLookupStrategy.java:252)
	at org.springframework.data.jpa.repository.query.JpaQueryLookupStrategy$AbstractQueryLookupStrategy.resolveQuery(JpaQueryLookupStrategy.java:95)
	at org.springframework.data.repository.core.support.QueryExecutorMethodInterceptor.lookupQuery(QueryExecutorMethodInterceptor.java:111)
	at org.springframework.data.repository.core.support.QueryExecutorMethodInterceptor.mapMethodsToQuery(QueryExecutorMethodInterceptor.java:99)
	at org.springframework.data.repository.core.support.QueryExecutorMethodInterceptor.lambda$new$0(QueryExecutorMethodInterceptor.java:88)
	at java.base/java.util.Optional.map(Optional.java:260)
	at org.springframework.data.repository.core.support.QueryExecutorMethodInterceptor.<init>(QueryExecutorMethodInterceptor.java:88)
	at org.springframework.data.repository.core.support.RepositoryFactorySupport.getRepository(RepositoryFactorySupport.java:357)
	at org.springframework.data.repository.core.support.RepositoryFactoryBeanSupport.lambda$afterPropertiesSet$5(RepositoryFactoryBeanSupport.java:279)
	at org.springframework.data.util.Lazy.getNullable(Lazy.java:245)
	at org.springframework.data.util.Lazy.get(Lazy.java:114)
	at org.springframework.data.repository.core.support.RepositoryFactoryBeanSupport.afterPropertiesSet(RepositoryFactoryBeanSupport.java:285)
	at org.springframework.data.jpa.repository.support.JpaRepositoryFactoryBean.afterPropertiesSet(JpaRepositoryFactoryBean.java:132)
	at org.springframework.beans.factory.support.AbstractAutowireCapableBeanFactory.invokeInitMethods(AbstractAutowireCapableBeanFactory.java:1817)
	at org.springframework.beans.factory.support.AbstractAutowireCapableBeanFactory.initializeBean(AbstractAutowireCapableBeanFactory.java:1766)
	at org.springframework.beans.factory.support.AbstractAutowireCapableBeanFactory.doCreateBean(AbstractAutowireCapableBeanFactory.java:598)
	at org.springframework.beans.factory.support.AbstractAutowireCapableBeanFactory.createBean(AbstractAutowireCapableBeanFactory.java:520)
	at org.springframework.beans.factory.support.AbstractBeanFactory.lambda$doGetBean$0(AbstractBeanFactory.java:325)
	at org.springframework.beans.factory.support.DefaultSingletonBeanRegistry.getSingleton(DefaultSingletonBeanRegistry.java:234)
	at org.springframework.beans.factory.support.AbstractBeanFactory.doGetBean(AbstractBeanFactory.java:323)
	at org.springframework.beans.factory.support.AbstractBeanFactory.getBean(AbstractBeanFactory.java:199)
	at org.springframework.beans.factory.config.DependencyDescriptor.resolveCandidate(DependencyDescriptor.java:254)
	at org.springframework.beans.factory.support.DefaultListableBeanFactory.doResolveDependency(DefaultListableBeanFactory.java:1417)
	at org.springframework.beans.factory.support.DefaultListableBeanFactory.resolveDependency(DefaultListableBeanFactory.java:1337)
	at org.springframework.beans.factory.annotation.AutowiredAnnotationBeanPostProcessor$AutowiredFieldElement.resolveFieldValue(AutowiredAnnotationBeanPostProcessor.java:764)
	at org.springframework.beans.factory.annotation.AutowiredAnnotationBeanPostProcessor$AutowiredFieldElement.inject(AutowiredAnnotationBeanPostProcessor.java:747)
	at org.springframework.beans.factory.annotation.InjectionMetadata.inject(InjectionMetadata.java:145)
	at org.springframework.beans.factory.annotation.AutowiredAnnotationBeanPostProcessor.postProcessProperties(AutowiredAnnotationBeanPostProcessor.java:492)
	at org.springframework.beans.factory.support.AbstractAutowireCapableBeanFactory.populateBean(AbstractAutowireCapableBeanFactory.java:1416)
	at org.springframework.beans.factory.support.AbstractAutowireCapableBeanFactory.doCreateBean(AbstractAutowireCapableBeanFactory.java:597)
	at org.springframework.beans.factory.support.AbstractAutowireCapableBeanFactory.createBean(AbstractAutowireCapableBeanFactory.java:520)
	at org.springframework.beans.factory.support.AbstractBeanFactory.lambda$doGetBean$0(AbstractBeanFactory.java:325)
	at org.springframework.beans.factory.support.DefaultSingletonBeanRegistry.getSingleton(DefaultSingletonBeanRegistry.java:234)
	at org.springframework.beans.factory.support.AbstractBeanFactory.doGetBean(AbstractBeanFactory.java:323)
	at org.springframework.beans.factory.support.AbstractBeanFactory.getBean(AbstractBeanFactory.java:199)
	at org.springframework.beans.factory.support.DefaultListableBeanFactory.preInstantiateSingletons(DefaultListableBeanFactory.java:973)
	at org.springframework.context.support.AbstractApplicationContext.finishBeanFactoryInitialization(AbstractApplicationContext.java:950)
	at org.springframework.context.support.AbstractApplicationContext.refresh(AbstractApplicationContext.java:616)
	at org.springframework.boot.web.servlet.context.ServletWebServerApplicationContext.refresh(ServletWebServerApplicationContext.java:146)
	at org.springframework.boot.SpringApplication.refresh(SpringApplication.java:738)
	at org.springframework.boot.SpringApplication.refreshContext(SpringApplication.java:440)
	at org.springframework.boot.SpringApplication.run(SpringApplication.java:316)
	at org.springframework.boot.test.context.SpringBootContextLoader.lambda$loadContext$3(SpringBootContextLoader.java:137)
	at org.springframework.util.function.ThrowingSupplier.get(ThrowingSupplier.java:58)
	at org.springframework.util.function.ThrowingSupplier.get(ThrowingSupplier.java:46)
	at org.springframework.boot.SpringApplication.withHook(SpringApplication.java:1406)
	at org.springframework.boot.test.context.SpringBootContextLoader$ContextLoaderHook.run(SpringBootContextLoader.java:545)
	at org.springframework.boot.test.context.SpringBootContextLoader.loadContext(SpringBootContextLoader.java:137)
	at org.springframework.boot.test.context.SpringBootContextLoader.loadContext(SpringBootContextLoader.java:108)
	at org.springframework.test.context.cache.DefaultCacheAwareContextLoaderDelegate.loadContextInternal(DefaultCacheAwareContextLoaderDelegate.java:187)
	at org.springframework.test.context.cache.DefaultCacheAwareContextLoaderDelegate.loadContext(DefaultCacheAwareContextLoaderDelegate.java:119)
	at org.springframework.test.context.support.DefaultTestContext.getApplicationContext(DefaultTestContext.java:127)
	at org.springframework.test.context.support.DependencyInjectionTestExecutionListener.injectDependencies(DependencyInjectionTestExecutionListener.java:141)
	at org.springframework.test.context.support.DependencyInjectionTestExecutionListener.prepareTestInstance(DependencyInjectionTestExecutionListener.java:97)
	at org.springframework.test.context.TestContextManager.prepareTestInstance(TestContextManager.java:241)
	at org.springframework.test.context.junit.jupiter.SpringExtension.postProcessTestInstance(SpringExtension.java:138)
	at org.junit.jupiter.engine.descriptor.ClassBasedTestDescriptor.lambda$invokeTestInstancePostProcessors$10(ClassBasedTestDescriptor.java:377)
	at org.junit.jupiter.engine.descriptor.ClassBasedTestDescriptor.executeAndMaskThrowable(ClassBasedTestDescriptor.java:382)
	at org.junit.jupiter.engine.descriptor.ClassBasedTestDescriptor.lambda$invokeTestInstancePostProcessors$11(ClassBasedTestDescriptor.java:377)
	at java.base/java.util.stream.ReferencePipeline$3$1.accept(ReferencePipeline.java:197)
	at java.base/java.util.stream.ReferencePipeline$2$1.accept(ReferencePipeline.java:179)
	at java.base/java.util.ArrayList$ArrayListSpliterator.forEachRemaining(ArrayList.java:1625)
	at java.base/java.util.stream.AbstractPipeline.copyInto(AbstractPipeline.java:509)
	at java.base/java.util.stream.AbstractPipeline.wrapAndCopyInto(AbstractPipeline.java:499)
	at java.base/java.util.stream.StreamSpliterators$WrappingSpliterator.forEachRemaining(StreamSpliterators.java:310)
	at java.base/java.util.stream.Streams$ConcatSpliterator.forEachRemaining(Streams.java:735)
	at java.base/java.util.stream.Streams$ConcatSpliterator.forEachRemaining(Streams.java:734)
	at java.base/java.util.stream.ReferencePipeline$Head.forEach(ReferencePipeline.java:762)
	at org.junit.jupiter.engine.descriptor.ClassBasedTestDescriptor.invokeTestInstancePostProcessors(ClassBasedTestDescriptor.java:376)
	at org.junit.jupiter.engine.descriptor.ClassBasedTestDescriptor.lambda$instantiateAndPostProcessTestInstance$6(ClassBasedTestDescriptor.java:289)
	at org.junit.platform.engine.support.hierarchical.ThrowableCollector.execute(ThrowableCollector.java:73)
	at org.junit.jupiter.engine.descriptor.ClassBasedTestDescriptor.instantiateAndPostProcessTestInstance(ClassBasedTestDescriptor.java:288)
	at org.junit.jupiter.engine.descriptor.ClassBasedTestDescriptor.lambda$testInstancesProvider$4(ClassBasedTestDescriptor.java:278)
	at java.base/java.util.Optional.orElseGet(Optional.java:364)
	at org.junit.jupiter.engine.descriptor.ClassBasedTestDescriptor.lambda$testInstancesProvider$5(ClassBasedTestDescriptor.java:277)
	at org.junit.jupiter.engine.execution.TestInstancesProvider.getTestInstances(TestInstancesProvider.java:31)
	at org.junit.jupiter.engine.descriptor.TestMethodTestDescriptor.lambda$prepare$0(TestMethodTestDescriptor.java:105)
	at org.junit.platform.engine.support.hierarchical.ThrowableCollector.execute(ThrowableCollector.java:73)
	at org.junit.jupiter.engine.descriptor.TestMethodTestDescriptor.prepare(TestMethodTestDescriptor.java:104)
	at org.junit.jupiter.engine.descriptor.TestMethodTestDescriptor.prepare(TestMethodTestDescriptor.java:68)
	at org.junit.platform.engine.support.hierarchical.NodeTestTask.lambda$prepare$2(NodeTestTask.java:123)
	at org.junit.platform.engine.support.hierarchical.ThrowableCollector.execute(ThrowableCollector.java:73)
	at org.junit.platform.engine.support.hierarchical.NodeTestTask.prepare(NodeTestTask.java:123)
	at org.junit.platform.engine.support.hierarchical.NodeTestTask.execute(NodeTestTask.java:90)
	at java.base/java.util.ArrayList.forEach(ArrayList.java:1511)
	at org.junit.platform.engine.support.hierarchical.SameThreadHierarchicalTestExecutorService.invokeAll(SameThreadHierarchicalTestExecutorService.java:41)
	at org.junit.platform.engine.support.hierarchical.NodeTestTask.lambda$executeRecursively$6(NodeTestTask.java:155)
	at org.junit.platform.engine.support.hierarchical.ThrowableCollector.execute(ThrowableCollector.java:73)
	at org.junit.platform.engine.support.hierarchical.NodeTestTask.lambda$executeRecursively$8(NodeTestTask.java:141)
	at org.junit.platform.engine.support.hierarchical.Node.around(Node.java:137)
	at org.junit.platform.engine.support.hierarchical.NodeTestTask.lambda$executeRecursively$9(NodeTestTask.java:139)
	at org.junit.platform.engine.support.hierarchical.ThrowableCollector.execute(ThrowableCollector.java:73)
	at org.junit.platform.engine.support.hierarchical.NodeTestTask.executeRecursively(NodeTestTask.java:138)
	at org.junit.platform.engine.support.hierarchical.NodeTestTask.execute(NodeTestTask.java:95)
	at java.base/java.util.ArrayList.forEach(ArrayList.java:1511)
	at org.junit.platform.engine.support.hierarchical.SameThreadHierarchicalTestExecutorService.invokeAll(SameThreadHierarchicalTestExecutorService.java:41)
	at org.junit.platform.engine.support.hierarchical.NodeTestTask.lambda$executeRecursively$6(NodeTestTask.java:155)
	at org.junit.platform.engine.support.hierarchical.ThrowableCollector.execute(ThrowableCollector.java:73)
	at org.junit.platform.engine.support.hierarchical.NodeTestTask.lambda$executeRecursively$8(NodeTestTask.java:141)
	at org.junit.platform.engine.support.hierarchical.Node.around(Node.java:137)
	at org.junit.platform.engine.support.hierarchical.NodeTestTask.lambda$executeRecursively$9(NodeTestTask.java:139)
	at org.junit.platform.engine.support.hierarchical.ThrowableCollector.execute(ThrowableCollector.java:73)
	at org.junit.platform.engine.support.hierarchical.NodeTestTask.executeRecursively(NodeTestTask.java:138)
	at org.junit.platform.engine.support.hierarchical.NodeTestTask.execute(NodeTestTask.java:95)
	at org.junit.platform.engine.support.hierarchical.SameThreadHierarchicalTestExecutorService.submit(SameThreadHierarchicalTestExecutorService.java:35)
	at org.junit.platform.engine.support.hierarchical.HierarchicalTestExecutor.execute(HierarchicalTestExecutor.java:57)
	at org.junit.platform.engine.support.hierarchical.HierarchicalTestEngine.execute(HierarchicalTestEngine.java:54)
	at org.junit.platform.launcher.core.EngineExecutionOrchestrator.execute(EngineExecutionOrchestrator.java:147)
	at org.junit.platform.launcher.core.EngineExecutionOrchestrator.execute(EngineExecutionOrchestrator.java:127)
	at org.junit.platform.launcher.core.EngineExecutionOrchestrator.execute(EngineExecutionOrchestrator.java:90)
	at org.junit.platform.launcher.core.EngineExecutionOrchestrator.lambda$execute$0(EngineExecutionOrchestrator.java:55)
	at org.junit.platform.launcher.core.EngineExecutionOrchestrator.withInterceptedStreams(EngineExecutionOrchestrator.java:102)
	at org.junit.platform.launcher.core.EngineExecutionOrchestrator.execute(EngineExecutionOrchestrator.java:54)
	at org.junit.platform.launcher.core.DefaultLauncher.execute(DefaultLauncher.java:114)
	at org.junit.platform.launcher.core.DefaultLauncher.execute(DefaultLauncher.java:86)
	at org.junit.platform.launcher.core.DefaultLauncherSession$DelegatingLauncher.execute(DefaultLauncherSession.java:86)
	at org.apache.maven.surefire.junitplatform.LazyLauncher.execute(LazyLauncher.java:50)
	at org.apache.maven.surefire.junitplatform.JUnitPlatformProvider.execute(JUnitPlatformProvider.java:184)
	at org.apache.maven.surefire.junitplatform.JUnitPlatformProvider.invokeAllTests(JUnitPlatformProvider.java:148)
	at org.apache.maven.surefire.junitplatform.JUnitPlatformProvider.invoke(JUnitPlatformProvider.java:122)
	at org.apache.maven.surefire.booter.ForkedBooter.runSuitesInProcess(ForkedBooter.java:385)
	at org.apache.maven.surefire.booter.ForkedBooter.execute(ForkedBooter.java:162)
	at org.apache.maven.surefire.booter.ForkedBooter.run(ForkedBooter.java:507)
	at org.apache.maven.surefire.booter.ForkedBooter.main(ForkedBooter.java:495)
2023-11-24 12:36:36,601 TRACE o.h.i.SessionImpl [SessionImpl.java:402] Closing session [7c1811df-fa7f-4d9c-a697-7b1593819afe]
2023-11-24 12:36:36,601 TRACE o.h.e.j.i.JdbcCoordinatorImpl [JdbcCoordinatorImpl.java:152] Closing JDBC container [org.hibernate.engine.jdbc.internal.JdbcCoordinatorImpl@15e35361]
2023-11-24 12:36:36,602 TRACE o.h.r.j.i.ResourceRegistryStandardImpl [ResourceRegistryStandardImpl.java:329] Releasing JDBC resources
2023-11-24 12:36:36,602 TRACE o.h.r.j.i.LogicalConnectionManagedImpl [LogicalConnectionManagedImpl.java:256] Closing logical connection
2023-11-24 12:36:36,602 TRACE o.h.r.j.i.LogicalConnectionManagedImpl [LogicalConnectionManagedImpl.java:263] Logical connection closed
2023-11-24 12:36:36,602 TRACE o.h.i.SessionFactoryImpl$SessionBuilderImpl [SessionFactoryImpl.java:1298] Opening Hibernate Session.  tenant=null
2023-11-24 12:36:36,602 TRACE o.h.i.SessionImpl [SessionImpl.java:262] Opened Session [b6dbedd3-e7d0-4898-b215-5300bd9e9c3f] at timestamp: 1700825796602
2023-11-24 12:36:36,602 TRACE o.h.i.SessionImpl [SessionImpl.java:402] Closing session [b6dbedd3-e7d0-4898-b215-5300bd9e9c3f]
2023-11-24 12:36:36,603 TRACE o.h.e.j.i.JdbcCoordinatorImpl [JdbcCoordinatorImpl.java:152] Closing JDBC container [org.hibernate.engine.jdbc.internal.JdbcCoordinatorImpl@24063bec]
2023-11-24 12:36:36,603 TRACE o.h.r.j.i.ResourceRegistryStandardImpl [ResourceRegistryStandardImpl.java:329] Releasing JDBC resources
2023-11-24 12:36:36,603 TRACE o.h.r.j.i.LogicalConnectionManagedImpl [LogicalConnectionManagedImpl.java:256] Closing logical connection
2023-11-24 12:36:36,603 TRACE o.h.r.j.i.LogicalConnectionManagedImpl [LogicalConnectionManagedImpl.java:263] Logical connection closed
2023-11-24 12:36:36,613 TRACE o.h.i.SessionFactoryImpl$SessionBuilderImpl [SessionFactoryImpl.java:1298] Opening Hibernate Session.  tenant=null
2023-11-24 12:36:36,613 TRACE o.h.i.SessionImpl [SessionImpl.java:262] Opened Session [bbda5189-1a12-45e4-b01a-3e81c8c6eb82] at timestamp: 1700825796613
2023-11-24 12:36:36,614 TRACE o.h.i.SessionImpl [SessionImpl.java:402] Closing session [bbda5189-1a12-45e4-b01a-3e81c8c6eb82]
2023-11-24 12:36:36,614 TRACE o.h.e.j.i.JdbcCoordinatorImpl [JdbcCoordinatorImpl.java:152] Closing JDBC container [org.hibernate.engine.jdbc.internal.JdbcCoordinatorImpl@a016166]
2023-11-24 12:36:36,614 TRACE o.h.r.j.i.ResourceRegistryStandardImpl [ResourceRegistryStandardImpl.java:329] Releasing JDBC resources
2023-11-24 12:36:36,614 TRACE o.h.r.j.i.LogicalConnectionManagedImpl [LogicalConnectionManagedImpl.java:256] Closing logical connection
2023-11-24 12:36:36,615 TRACE o.h.r.j.i.LogicalConnectionManagedImpl [LogicalConnectionManagedImpl.java:263] Logical connection closed
2023-11-24 12:36:36,618 TRACE o.h.i.SessionFactoryImpl$SessionBuilderImpl [SessionFactoryImpl.java:1298] Opening Hibernate Session.  tenant=null
2023-11-24 12:36:36,619 TRACE o.h.i.SessionImpl [SessionImpl.java:262] Opened Session [4d714fec-091d-4039-8bae-b6f89b8ea0c9] at timestamp: 1700825796619
2023-11-24 12:36:36,619 TRACE o.h.i.SessionImpl [SessionImpl.java:402] Closing session [4d714fec-091d-4039-8bae-b6f89b8ea0c9]
2023-11-24 12:36:36,620 TRACE o.h.e.j.i.JdbcCoordinatorImpl [JdbcCoordinatorImpl.java:152] Closing JDBC container [org.hibernate.engine.jdbc.internal.JdbcCoordinatorImpl@197ac78a]
2023-11-24 12:36:36,620 TRACE o.h.r.j.i.ResourceRegistryStandardImpl [ResourceRegistryStandardImpl.java:329] Releasing JDBC resources
2023-11-24 12:36:36,620 TRACE o.h.r.j.i.LogicalConnectionManagedImpl [LogicalConnectionManagedImpl.java:256] Closing logical connection
2023-11-24 12:36:36,620 TRACE o.h.r.j.i.LogicalConnectionManagedImpl [LogicalConnectionManagedImpl.java:263] Logical connection closed
2023-11-24 12:36:36,632 TRACE o.h.i.SessionFactoryImpl$SessionBuilderImpl [SessionFactoryImpl.java:1298] Opening Hibernate Session.  tenant=null
2023-11-24 12:36:36,633 TRACE o.h.i.SessionImpl [SessionImpl.java:262] Opened Session [8004346c-5050-4978-a4d6-1ff86546998e] at timestamp: 1700825796633
2023-11-24 12:36:36,633 DEBUG o.h.r.t.b.j.i.JdbcResourceLocalTransactionCoordinatorImpl [JdbcResourceLocalTransactionCoordinatorImpl.java:310] JDBC transaction marked for rollback-only (exception provided for stack trace)
java.lang.Exception: exception just for purpose of providing stack trace
	at org.hibernate.resource.transaction.backend.jdbc.internal.JdbcResourceLocalTransactionCoordinatorImpl$TransactionDriverControlImpl.markRollbackOnly(JdbcResourceLocalTransactionCoordinatorImpl.java:310)
	at org.hibernate.internal.AbstractSharedSessionContract.buildNamedQuery(AbstractSharedSessionContract.java:1021)
	at org.hibernate.internal.AbstractSharedSessionContract.createNamedQuery(AbstractSharedSessionContract.java:899)
	at org.hibernate.internal.AbstractSharedSessionContract.createNamedQuery(AbstractSharedSessionContract.java:120)
	at jdk.internal.reflect.GeneratedMethodAccessor47.invoke(Unknown Source)
	at java.base/jdk.internal.reflect.DelegatingMethodAccessorImpl.invoke(DelegatingMethodAccessorImpl.java:43)
	at java.base/java.lang.reflect.Method.invoke(Method.java:568)
	at org.springframework.orm.jpa.ExtendedEntityManagerCreator$ExtendedEntityManagerInvocationHandler.invoke(ExtendedEntityManagerCreator.java:360)
	at jdk.proxy2/jdk.proxy2.$Proxy191.createNamedQuery(Unknown Source)
	at org.springframework.data.jpa.repository.query.NamedQuery.hasNamedQuery(NamedQuery.java:113)
	at org.springframework.data.jpa.repository.query.NamedQuery.lookupFrom(NamedQuery.java:141)
	at org.springframework.data.jpa.repository.query.JpaQueryLookupStrategy$DeclaredQueryLookupStrategy.resolveQuery(JpaQueryLookupStrategy.java:180)
	at org.springframework.data.jpa.repository.query.JpaQueryLookupStrategy$CreateIfNotFoundQueryLookupStrategy.resolveQuery(JpaQueryLookupStrategy.java:252)
	at org.springframework.data.jpa.repository.query.JpaQueryLookupStrategy$AbstractQueryLookupStrategy.resolveQuery(JpaQueryLookupStrategy.java:95)
	at org.springframework.data.repository.core.support.QueryExecutorMethodInterceptor.lookupQuery(QueryExecutorMethodInterceptor.java:111)
	at org.springframework.data.repository.core.support.QueryExecutorMethodInterceptor.mapMethodsToQuery(QueryExecutorMethodInterceptor.java:99)
	at org.springframework.data.repository.core.support.QueryExecutorMethodInterceptor.lambda$new$0(QueryExecutorMethodInterceptor.java:88)
	at java.base/java.util.Optional.map(Optional.java:260)
	at org.springframework.data.repository.core.support.QueryExecutorMethodInterceptor.<init>(QueryExecutorMethodInterceptor.java:88)
	at org.springframework.data.repository.core.support.RepositoryFactorySupport.getRepository(RepositoryFactorySupport.java:357)
	at org.springframework.data.repository.core.support.RepositoryFactoryBeanSupport.lambda$afterPropertiesSet$5(RepositoryFactoryBeanSupport.java:279)
	at org.springframework.data.util.Lazy.getNullable(Lazy.java:245)
	at org.springframework.data.util.Lazy.get(Lazy.java:114)
	at org.springframework.data.repository.core.support.RepositoryFactoryBeanSupport.afterPropertiesSet(RepositoryFactoryBeanSupport.java:285)
	at org.springframework.data.jpa.repository.support.JpaRepositoryFactoryBean.afterPropertiesSet(JpaRepositoryFactoryBean.java:132)
	at org.springframework.beans.factory.support.AbstractAutowireCapableBeanFactory.invokeInitMethods(AbstractAutowireCapableBeanFactory.java:1817)
	at org.springframework.beans.factory.support.AbstractAutowireCapableBeanFactory.initializeBean(AbstractAutowireCapableBeanFactory.java:1766)
	at org.springframework.beans.factory.support.AbstractAutowireCapableBeanFactory.doCreateBean(AbstractAutowireCapableBeanFactory.java:598)
	at org.springframework.beans.factory.support.AbstractAutowireCapableBeanFactory.createBean(AbstractAutowireCapableBeanFactory.java:520)
	at org.springframework.beans.factory.support.AbstractBeanFactory.lambda$doGetBean$0(AbstractBeanFactory.java:325)
	at org.springframework.beans.factory.support.DefaultSingletonBeanRegistry.getSingleton(DefaultSingletonBeanRegistry.java:234)
	at org.springframework.beans.factory.support.AbstractBeanFactory.doGetBean(AbstractBeanFactory.java:323)
	at org.springframework.beans.factory.support.AbstractBeanFactory.getBean(AbstractBeanFactory.java:199)
	at org.springframework.beans.factory.config.DependencyDescriptor.resolveCandidate(DependencyDescriptor.java:254)
	at org.springframework.beans.factory.support.DefaultListableBeanFactory.doResolveDependency(DefaultListableBeanFactory.java:1417)
	at org.springframework.beans.factory.support.DefaultListableBeanFactory.resolveDependency(DefaultListableBeanFactory.java:1337)
	at org.springframework.beans.factory.annotation.AutowiredAnnotationBeanPostProcessor$AutowiredFieldElement.resolveFieldValue(AutowiredAnnotationBeanPostProcessor.java:764)
	at org.springframework.beans.factory.annotation.AutowiredAnnotationBeanPostProcessor$AutowiredFieldElement.inject(AutowiredAnnotationBeanPostProcessor.java:747)
	at org.springframework.beans.factory.annotation.InjectionMetadata.inject(InjectionMetadata.java:145)
	at org.springframework.beans.factory.annotation.AutowiredAnnotationBeanPostProcessor.postProcessProperties(AutowiredAnnotationBeanPostProcessor.java:492)
	at org.springframework.beans.factory.support.AbstractAutowireCapableBeanFactory.populateBean(AbstractAutowireCapableBeanFactory.java:1416)
	at org.springframework.beans.factory.support.AbstractAutowireCapableBeanFactory.doCreateBean(AbstractAutowireCapableBeanFactory.java:597)
	at org.springframework.beans.factory.support.AbstractAutowireCapableBeanFactory.createBean(AbstractAutowireCapableBeanFactory.java:520)
	at org.springframework.beans.factory.support.AbstractBeanFactory.lambda$doGetBean$0(AbstractBeanFactory.java:325)
	at org.springframework.beans.factory.support.DefaultSingletonBeanRegistry.getSingleton(DefaultSingletonBeanRegistry.java:234)
	at org.springframework.beans.factory.support.AbstractBeanFactory.doGetBean(AbstractBeanFactory.java:323)
	at org.springframework.beans.factory.support.AbstractBeanFactory.getBean(AbstractBeanFactory.java:199)
	at org.springframework.beans.factory.support.DefaultListableBeanFactory.preInstantiateSingletons(DefaultListableBeanFactory.java:973)
	at org.springframework.context.support.AbstractApplicationContext.finishBeanFactoryInitialization(AbstractApplicationContext.java:950)
	at org.springframework.context.support.AbstractApplicationContext.refresh(AbstractApplicationContext.java:616)
	at org.springframework.boot.web.servlet.context.ServletWebServerApplicationContext.refresh(ServletWebServerApplicationContext.java:146)
	at org.springframework.boot.SpringApplication.refresh(SpringApplication.java:738)
	at org.springframework.boot.SpringApplication.refreshContext(SpringApplication.java:440)
	at org.springframework.boot.SpringApplication.run(SpringApplication.java:316)
	at org.springframework.boot.test.context.SpringBootContextLoader.lambda$loadContext$3(SpringBootContextLoader.java:137)
	at org.springframework.util.function.ThrowingSupplier.get(ThrowingSupplier.java:58)
	at org.springframework.util.function.ThrowingSupplier.get(ThrowingSupplier.java:46)
	at org.springframework.boot.SpringApplication.withHook(SpringApplication.java:1406)
	at org.springframework.boot.test.context.SpringBootContextLoader$ContextLoaderHook.run(SpringBootContextLoader.java:545)
	at org.springframework.boot.test.context.SpringBootContextLoader.loadContext(SpringBootContextLoader.java:137)
	at org.springframework.boot.test.context.SpringBootContextLoader.loadContext(SpringBootContextLoader.java:108)
	at org.springframework.test.context.cache.DefaultCacheAwareContextLoaderDelegate.loadContextInternal(DefaultCacheAwareContextLoaderDelegate.java:187)
	at org.springframework.test.context.cache.DefaultCacheAwareContextLoaderDelegate.loadContext(DefaultCacheAwareContextLoaderDelegate.java:119)
	at org.springframework.test.context.support.DefaultTestContext.getApplicationContext(DefaultTestContext.java:127)
	at org.springframework.test.context.support.DependencyInjectionTestExecutionListener.injectDependencies(DependencyInjectionTestExecutionListener.java:141)
	at org.springframework.test.context.support.DependencyInjectionTestExecutionListener.prepareTestInstance(DependencyInjectionTestExecutionListener.java:97)
	at org.springframework.test.context.TestContextManager.prepareTestInstance(TestContextManager.java:241)
	at org.springframework.test.context.junit.jupiter.SpringExtension.postProcessTestInstance(SpringExtension.java:138)
	at org.junit.jupiter.engine.descriptor.ClassBasedTestDescriptor.lambda$invokeTestInstancePostProcessors$10(ClassBasedTestDescriptor.java:377)
	at org.junit.jupiter.engine.descriptor.ClassBasedTestDescriptor.executeAndMaskThrowable(ClassBasedTestDescriptor.java:382)
	at org.junit.jupiter.engine.descriptor.ClassBasedTestDescriptor.lambda$invokeTestInstancePostProcessors$11(ClassBasedTestDescriptor.java:377)
	at java.base/java.util.stream.ReferencePipeline$3$1.accept(ReferencePipeline.java:197)
	at java.base/java.util.stream.ReferencePipeline$2$1.accept(ReferencePipeline.java:179)
	at java.base/java.util.ArrayList$ArrayListSpliterator.forEachRemaining(ArrayList.java:1625)
	at java.base/java.util.stream.AbstractPipeline.copyInto(AbstractPipeline.java:509)
	at java.base/java.util.stream.AbstractPipeline.wrapAndCopyInto(AbstractPipeline.java:499)
	at java.base/java.util.stream.StreamSpliterators$WrappingSpliterator.forEachRemaining(StreamSpliterators.java:310)
	at java.base/java.util.stream.Streams$ConcatSpliterator.forEachRemaining(Streams.java:735)
	at java.base/java.util.stream.Streams$ConcatSpliterator.forEachRemaining(Streams.java:734)
	at java.base/java.util.stream.ReferencePipeline$Head.forEach(ReferencePipeline.java:762)
	at org.junit.jupiter.engine.descriptor.ClassBasedTestDescriptor.invokeTestInstancePostProcessors(ClassBasedTestDescriptor.java:376)
	at org.junit.jupiter.engine.descriptor.ClassBasedTestDescriptor.lambda$instantiateAndPostProcessTestInstance$6(ClassBasedTestDescriptor.java:289)
	at org.junit.platform.engine.support.hierarchical.ThrowableCollector.execute(ThrowableCollector.java:73)
	at org.junit.jupiter.engine.descriptor.ClassBasedTestDescriptor.instantiateAndPostProcessTestInstance(ClassBasedTestDescriptor.java:288)
	at org.junit.jupiter.engine.descriptor.ClassBasedTestDescriptor.lambda$testInstancesProvider$4(ClassBasedTestDescriptor.java:278)
	at java.base/java.util.Optional.orElseGet(Optional.java:364)
	at org.junit.jupiter.engine.descriptor.ClassBasedTestDescriptor.lambda$testInstancesProvider$5(ClassBasedTestDescriptor.java:277)
	at org.junit.jupiter.engine.execution.TestInstancesProvider.getTestInstances(TestInstancesProvider.java:31)
	at org.junit.jupiter.engine.descriptor.TestMethodTestDescriptor.lambda$prepare$0(TestMethodTestDescriptor.java:105)
	at org.junit.platform.engine.support.hierarchical.ThrowableCollector.execute(ThrowableCollector.java:73)
	at org.junit.jupiter.engine.descriptor.TestMethodTestDescriptor.prepare(TestMethodTestDescriptor.java:104)
	at org.junit.jupiter.engine.descriptor.TestMethodTestDescriptor.prepare(TestMethodTestDescriptor.java:68)
	at org.junit.platform.engine.support.hierarchical.NodeTestTask.lambda$prepare$2(NodeTestTask.java:123)
	at org.junit.platform.engine.support.hierarchical.ThrowableCollector.execute(ThrowableCollector.java:73)
	at org.junit.platform.engine.support.hierarchical.NodeTestTask.prepare(NodeTestTask.java:123)
	at org.junit.platform.engine.support.hierarchical.NodeTestTask.execute(NodeTestTask.java:90)
	at java.base/java.util.ArrayList.forEach(ArrayList.java:1511)
	at org.junit.platform.engine.support.hierarchical.SameThreadHierarchicalTestExecutorService.invokeAll(SameThreadHierarchicalTestExecutorService.java:41)
	at org.junit.platform.engine.support.hierarchical.NodeTestTask.lambda$executeRecursively$6(NodeTestTask.java:155)
	at org.junit.platform.engine.support.hierarchical.ThrowableCollector.execute(ThrowableCollector.java:73)
	at org.junit.platform.engine.support.hierarchical.NodeTestTask.lambda$executeRecursively$8(NodeTestTask.java:141)
	at org.junit.platform.engine.support.hierarchical.Node.around(Node.java:137)
	at org.junit.platform.engine.support.hierarchical.NodeTestTask.lambda$executeRecursively$9(NodeTestTask.java:139)
	at org.junit.platform.engine.support.hierarchical.ThrowableCollector.execute(ThrowableCollector.java:73)
	at org.junit.platform.engine.support.hierarchical.NodeTestTask.executeRecursively(NodeTestTask.java:138)
	at org.junit.platform.engine.support.hierarchical.NodeTestTask.execute(NodeTestTask.java:95)
	at java.base/java.util.ArrayList.forEach(ArrayList.java:1511)
	at org.junit.platform.engine.support.hierarchical.SameThreadHierarchicalTestExecutorService.invokeAll(SameThreadHierarchicalTestExecutorService.java:41)
	at org.junit.platform.engine.support.hierarchical.NodeTestTask.lambda$executeRecursively$6(NodeTestTask.java:155)
	at org.junit.platform.engine.support.hierarchical.ThrowableCollector.execute(ThrowableCollector.java:73)
	at org.junit.platform.engine.support.hierarchical.NodeTestTask.lambda$executeRecursively$8(NodeTestTask.java:141)
	at org.junit.platform.engine.support.hierarchical.Node.around(Node.java:137)
	at org.junit.platform.engine.support.hierarchical.NodeTestTask.lambda$executeRecursively$9(NodeTestTask.java:139)
	at org.junit.platform.engine.support.hierarchical.ThrowableCollector.execute(ThrowableCollector.java:73)
	at org.junit.platform.engine.support.hierarchical.NodeTestTask.executeRecursively(NodeTestTask.java:138)
	at org.junit.platform.engine.support.hierarchical.NodeTestTask.execute(NodeTestTask.java:95)
	at org.junit.platform.engine.support.hierarchical.SameThreadHierarchicalTestExecutorService.submit(SameThreadHierarchicalTestExecutorService.java:35)
	at org.junit.platform.engine.support.hierarchical.HierarchicalTestExecutor.execute(HierarchicalTestExecutor.java:57)
	at org.junit.platform.engine.support.hierarchical.HierarchicalTestEngine.execute(HierarchicalTestEngine.java:54)
	at org.junit.platform.launcher.core.EngineExecutionOrchestrator.execute(EngineExecutionOrchestrator.java:147)
	at org.junit.platform.launcher.core.EngineExecutionOrchestrator.execute(EngineExecutionOrchestrator.java:127)
	at org.junit.platform.launcher.core.EngineExecutionOrchestrator.execute(EngineExecutionOrchestrator.java:90)
	at org.junit.platform.launcher.core.EngineExecutionOrchestrator.lambda$execute$0(EngineExecutionOrchestrator.java:55)
	at org.junit.platform.launcher.core.EngineExecutionOrchestrator.withInterceptedStreams(EngineExecutionOrchestrator.java:102)
	at org.junit.platform.launcher.core.EngineExecutionOrchestrator.execute(EngineExecutionOrchestrator.java:54)
	at org.junit.platform.launcher.core.DefaultLauncher.execute(DefaultLauncher.java:114)
	at org.junit.platform.launcher.core.DefaultLauncher.execute(DefaultLauncher.java:86)
	at org.junit.platform.launcher.core.DefaultLauncherSession$DelegatingLauncher.execute(DefaultLauncherSession.java:86)
	at org.apache.maven.surefire.junitplatform.LazyLauncher.execute(LazyLauncher.java:50)
	at org.apache.maven.surefire.junitplatform.JUnitPlatformProvider.execute(JUnitPlatformProvider.java:184)
	at org.apache.maven.surefire.junitplatform.JUnitPlatformProvider.invokeAllTests(JUnitPlatformProvider.java:148)
	at org.apache.maven.surefire.junitplatform.JUnitPlatformProvider.invoke(JUnitPlatformProvider.java:122)
	at org.apache.maven.surefire.booter.ForkedBooter.runSuitesInProcess(ForkedBooter.java:385)
	at org.apache.maven.surefire.booter.ForkedBooter.execute(ForkedBooter.java:162)
	at org.apache.maven.surefire.booter.ForkedBooter.run(ForkedBooter.java:507)
	at org.apache.maven.surefire.booter.ForkedBooter.main(ForkedBooter.java:495)
2023-11-24 12:36:36,634 TRACE o.h.i.SessionImpl [SessionImpl.java:402] Closing session [8004346c-5050-4978-a4d6-1ff86546998e]
2023-11-24 12:36:36,634 TRACE o.h.e.j.i.JdbcCoordinatorImpl [JdbcCoordinatorImpl.java:152] Closing JDBC container [org.hibernate.engine.jdbc.internal.JdbcCoordinatorImpl@344e0c45]
2023-11-24 12:36:36,634 TRACE o.h.r.j.i.ResourceRegistryStandardImpl [ResourceRegistryStandardImpl.java:329] Releasing JDBC resources
2023-11-24 12:36:36,635 TRACE o.h.r.j.i.LogicalConnectionManagedImpl [LogicalConnectionManagedImpl.java:256] Closing logical connection
2023-11-24 12:36:36,635 TRACE o.h.r.j.i.LogicalConnectionManagedImpl [LogicalConnectionManagedImpl.java:263] Logical connection closed
2023-11-24 12:36:36,635 TRACE o.h.i.SessionFactoryImpl$SessionBuilderImpl [SessionFactoryImpl.java:1298] Opening Hibernate Session.  tenant=null
2023-11-24 12:36:36,635 TRACE o.h.i.SessionImpl [SessionImpl.java:262] Opened Session [7fe790ef-f7ef-451c-8935-5332da2f2bcd] at timestamp: 1700825796635
2023-11-24 12:36:36,636 TRACE o.h.i.SessionImpl [SessionImpl.java:402] Closing session [7fe790ef-f7ef-451c-8935-5332da2f2bcd]
2023-11-24 12:36:36,636 TRACE o.h.e.j.i.JdbcCoordinatorImpl [JdbcCoordinatorImpl.java:152] Closing JDBC container [org.hibernate.engine.jdbc.internal.JdbcCoordinatorImpl@7b47cbd1]
2023-11-24 12:36:36,636 TRACE o.h.r.j.i.ResourceRegistryStandardImpl [ResourceRegistryStandardImpl.java:329] Releasing JDBC resources
2023-11-24 12:36:36,637 TRACE o.h.r.j.i.LogicalConnectionManagedImpl [LogicalConnectionManagedImpl.java:256] Closing logical connection
2023-11-24 12:36:36,637 TRACE o.h.r.j.i.LogicalConnectionManagedImpl [LogicalConnectionManagedImpl.java:263] Logical connection closed
2023-11-24 12:36:36,808 INFO f.m.h.d.c.ApplicationSecurityConfig [ApplicationSecurityConfig.java:70] a XXXXXXXXXXXXXXX:org.springframework.boot.autoconfigure.security.servlet.PathRequest$H2ConsoleRequestMatcher@7dd3e72d
2023-11-24 12:36:37,399 DEBUG o.h.v.m.ResourceBundleMessageInterpolator [ResourceBundleMessageInterpolator.java:175] Loaded expression factory via original TCCL
2023-11-24 12:36:37,402 DEBUG o.h.v.i.e.AbstractConfigurationImpl [AbstractConfigurationImpl.java:176] Setting custom MessageInterpolator of type org.springframework.validation.beanvalidation.LocaleContextMessageInterpolator
2023-11-24 12:36:37,403 DEBUG o.h.v.i.e.AbstractConfigurationImpl [AbstractConfigurationImpl.java:208] Setting custom ConstraintValidatorFactory of type org.springframework.validation.beanvalidation.SpringConstraintValidatorFactory
2023-11-24 12:36:37,405 DEBUG o.h.v.i.x.c.ValidationXmlParser [ValidationXmlParser.java:122] Trying to load META-INF/validation.xml for XML based Validator configuration.
2023-11-24 12:36:37,406 DEBUG o.h.v.i.x.c.ResourceLoaderHelper [ResourceLoaderHelper.java:54] Trying to load META-INF/validation.xml via user class loader
2023-11-24 12:36:37,406 DEBUG o.h.v.i.x.c.ResourceLoaderHelper [ResourceLoaderHelper.java:61] Trying to load META-INF/validation.xml via TCCL
2023-11-24 12:36:37,407 DEBUG o.h.v.i.x.c.ResourceLoaderHelper [ResourceLoaderHelper.java:67] Trying to load META-INF/validation.xml via Hibernate Validator's class loader
2023-11-24 12:36:37,407 DEBUG o.h.v.i.x.c.ValidationXmlParser [ValidationXmlParser.java:129] No META-INF/validation.xml found. Using annotation based configuration only.
2023-11-24 12:36:37,407 DEBUG o.h.v.i.e.r.TraversableResolvers [TraversableResolvers.java:94] Found jakarta.persistence.Persistence on classpath containing 'getPersistenceUtil'. Assuming JPA 2 environment. Trying to instantiate JPA aware TraversableResolver
2023-11-24 12:36:37,407 DEBUG o.h.v.i.e.r.TraversableResolvers [TraversableResolvers.java:104] Instantiated JPA aware TraversableResolver of type org.hibernate.validator.internal.engine.resolver.JPATraversableResolver.
2023-11-24 12:36:37,409 DEBUG o.h.v.i.e.ValidatorFactoryConfigurationHelper [ValidatorFactoryConfigurationHelper.java:355] HV000252: Using org.hibernate.validator.internal.engine.DefaultPropertyNodeNameProvider as property node name provider.
2023-11-24 12:36:37,410 DEBUG o.h.v.i.e.ValidatorFactoryConfigurationHelper [ValidatorFactoryConfigurationHelper.java:447] HV000234: Using org.springframework.validation.beanvalidation.LocaleContextMessageInterpolator as ValidatorFactory-scoped message interpolator.
2023-11-24 12:36:37,410 DEBUG o.h.v.i.e.ValidatorFactoryConfigurationHelper [ValidatorFactoryConfigurationHelper.java:448] HV000234: Using org.hibernate.validator.internal.engine.resolver.JPATraversableResolver as ValidatorFactory-scoped traversable resolver.
2023-11-24 12:36:37,411 DEBUG o.h.v.i.e.ValidatorFactoryConfigurationHelper [ValidatorFactoryConfigurationHelper.java:449] HV000234: Using org.hibernate.validator.internal.util.ExecutableParameterNameProvider as ValidatorFactory-scoped parameter name provider.
2023-11-24 12:36:37,411 DEBUG o.h.v.i.e.ValidatorFactoryConfigurationHelper [ValidatorFactoryConfigurationHelper.java:450] HV000234: Using org.hibernate.validator.internal.engine.DefaultClockProvider as ValidatorFactory-scoped clock provider.
2023-11-24 12:36:37,411 DEBUG o.h.v.i.e.ValidatorFactoryConfigurationHelper [ValidatorFactoryConfigurationHelper.java:451] HV000234: Using org.hibernate.validator.internal.engine.scripting.DefaultScriptEvaluatorFactory as ValidatorFactory-scoped script evaluator factory.
2023-11-24 12:36:37,636 DEBUG i.m.c.u.i.l.InternalLoggerFactory [InternalLoggerFactory.java:59] Using SLF4J as the default logging framework
]]></system-out>
    <system-err><![CDATA[Nov 24, 2023 12:36:29 PM org.apache.coyote.AbstractProtocol init
INFO: Initializing ProtocolHandler ["http-nio-auto-1"]
Nov 24, 2023 12:36:29 PM org.apache.catalina.core.StandardService startInternal
INFO: Starting service [Tomcat]
Nov 24, 2023 12:36:29 PM org.apache.catalina.core.StandardEngine startInternal
INFO: Starting Servlet engine: [Apache Tomcat/10.1.15]
Nov 24, 2023 12:36:29 PM org.apache.catalina.core.ApplicationContext log
INFO: Initializing Spring embedded WebApplicationContext
Nov 24, 2023 12:36:37 PM org.apache.coyote.AbstractProtocol start
INFO: Starting ProtocolHandler ["http-nio-auto-1"]
]]></system-err>
  </testcase>
  <testcase name="testUpdateRoleSuccessfully" classname="franco.maurizio.hr.desk.com.unit.backend.SurveyControllerTest" time="0.008"/>
  <testcase name="testListAllUsers" classname="franco.maurizio.hr.desk.com.unit.backend.SurveyControllerTest" time="0.007"/>
  <testcase name="testInsertSurveySuccessfully" classname="franco.maurizio.hr.desk.com.unit.backend.SurveyControllerTest" time="0.009">
    <system-out><![CDATA[2023-11-24 12:36:38,090 INFO f.m.h.d.c.b.SurveyController [SurveyController.java:78] Creating survey : id: 100 - label: ciao - time: 20 - description: ciao ciao ciao
]]></system-out>
  </testcase>
  <testcase name="testGetSurveyById" classname="franco.maurizio.hr.desk.com.unit.backend.SurveyControllerTest" time="0.007"/>
</testsuite>