<?xml version="1.0" encoding="UTF-8"?>
<testsuite xmlns:xsi="http://www.w3.org/2001/XMLSchema-instance" xsi:noNamespaceSchemaLocation="https://maven.apache.org/surefire/maven-surefire-plugin/xsd/surefire-test-report-3.0.xsd" version="3.0" name="franco.maurizio.hr.desk.com.unit.backend.SurveyReplyControllerTest" time="0.317" tests="11" errors="0" skipped="0" failures="0">
  <properties>
    <property name="java.specification.version" value="17"/>
    <property name="sun.jnu.encoding" value="UTF-8"/>
    <property name="java.class.path" value="/home/maurizio/git/hr-desk/hr-desk/backend17/target/test-classes:/home/maurizio/git/hr-desk/hr-desk/backend17/target/classes:/home/maurizio/.m2/repository/org/springframework/security/spring-security-test/6.1.5/spring-security-test-6.1.5.jar:/home/maurizio/.m2/repository/org/springframework/security/spring-security-core/6.1.5/spring-security-core-6.1.5.jar:/home/maurizio/.m2/repository/org/springframework/security/spring-security-crypto/6.1.5/spring-security-crypto-6.1.5.jar:/home/maurizio/.m2/repository/org/springframework/spring-beans/6.0.13/spring-beans-6.0.13.jar:/home/maurizio/.m2/repository/org/springframework/spring-context/6.0.13/spring-context-6.0.13.jar:/home/maurizio/.m2/repository/org/springframework/spring-expression/6.0.13/spring-expression-6.0.13.jar:/home/maurizio/.m2/repository/org/springframework/security/spring-security-web/6.1.5/spring-security-web-6.1.5.jar:/home/maurizio/.m2/repository/org/springframework/spring-core/6.0.13/spring-core-6.0.13.jar:/home/maurizio/.m2/repository/org/springframework/spring-jcl/6.0.13/spring-jcl-6.0.13.jar:/home/maurizio/.m2/repository/org/springframework/spring-test/6.0.13/spring-test-6.0.13.jar:/home/maurizio/.m2/repository/org/springframework/boot/spring-boot-starter-tomcat/3.1.5/spring-boot-starter-tomcat-3.1.5.jar:/home/maurizio/.m2/repository/jakarta/annotation/jakarta.annotation-api/2.1.1/jakarta.annotation-api-2.1.1.jar:/home/maurizio/.m2/repository/org/apache/tomcat/embed/tomcat-embed-core/10.1.15/tomcat-embed-core-10.1.15.jar:/home/maurizio/.m2/repository/org/apache/tomcat/embed/tomcat-embed-el/10.1.15/tomcat-embed-el-10.1.15.jar:/home/maurizio/.m2/repository/org/apache/tomcat/embed/tomcat-embed-websocket/10.1.15/tomcat-embed-websocket-10.1.15.jar:/home/maurizio/.m2/repository/org/springframework/boot/spring-boot-starter-web/3.1.5/spring-boot-starter-web-3.1.5.jar:/home/maurizio/.m2/repository/org/springframework/boot/spring-boot-starter-json/3.1.5/spring-boot-starter-json-3.1.5.jar:/home/maurizio/.m2/repository/com/fasterxml/jackson/core/jackson-databind/2.15.3/jackson-databind-2.15.3.jar:/home/maurizio/.m2/repository/com/fasterxml/jackson/core/jackson-annotations/2.15.3/jackson-annotations-2.15.3.jar:/home/maurizio/.m2/repository/com/fasterxml/jackson/core/jackson-core/2.15.3/jackson-core-2.15.3.jar:/home/maurizio/.m2/repository/com/fasterxml/jackson/datatype/jackson-datatype-jdk8/2.15.3/jackson-datatype-jdk8-2.15.3.jar:/home/maurizio/.m2/repository/com/fasterxml/jackson/datatype/jackson-datatype-jsr310/2.15.3/jackson-datatype-jsr310-2.15.3.jar:/home/maurizio/.m2/repository/com/fasterxml/jackson/module/jackson-module-parameter-names/2.15.3/jackson-module-parameter-names-2.15.3.jar:/home/maurizio/.m2/repository/org/springframework/spring-web/6.0.13/spring-web-6.0.13.jar:/home/maurizio/.m2/repository/org/springframework/spring-webmvc/6.0.13/spring-webmvc-6.0.13.jar:/home/maurizio/.m2/repository/org/springframework/boot/spring-boot-starter-test/3.1.5/spring-boot-starter-test-3.1.5.jar:/home/maurizio/.m2/repository/org/springframework/boot/spring-boot-test/3.1.5/spring-boot-test-3.1.5.jar:/home/maurizio/.m2/repository/org/springframework/boot/spring-boot-test-autoconfigure/3.1.5/spring-boot-test-autoconfigure-3.1.5.jar:/home/maurizio/.m2/repository/com/jayway/jsonpath/json-path/2.8.0/json-path-2.8.0.jar:/home/maurizio/.m2/repository/jakarta/xml/bind/jakarta.xml.bind-api/4.0.1/jakarta.xml.bind-api-4.0.1.jar:/home/maurizio/.m2/repository/jakarta/activation/jakarta.activation-api/2.1.2/jakarta.activation-api-2.1.2.jar:/home/maurizio/.m2/repository/net/minidev/json-smart/2.4.11/json-smart-2.4.11.jar:/home/maurizio/.m2/repository/net/minidev/accessors-smart/2.4.11/accessors-smart-2.4.11.jar:/home/maurizio/.m2/repository/org/ow2/asm/asm/9.3/asm-9.3.jar:/home/maurizio/.m2/repository/org/assertj/assertj-core/3.24.2/assertj-core-3.24.2.jar:/home/maurizio/.m2/repository/net/bytebuddy/byte-buddy/1.14.9/byte-buddy-1.14.9.jar:/home/maurizio/.m2/repository/org/hamcrest/hamcrest/2.2/hamcrest-2.2.jar:/home/maurizio/.m2/repository/org/junit/jupiter/junit-jupiter/5.9.3/junit-jupiter-5.9.3.jar:/home/maurizio/.m2/repository/org/junit/jupiter/junit-jupiter-api/5.9.3/junit-jupiter-api-5.9.3.jar:/home/maurizio/.m2/repository/org/opentest4j/opentest4j/1.2.0/opentest4j-1.2.0.jar:/home/maurizio/.m2/repository/org/junit/platform/junit-platform-commons/1.9.3/junit-platform-commons-1.9.3.jar:/home/maurizio/.m2/repository/org/apiguardian/apiguardian-api/1.1.2/apiguardian-api-1.1.2.jar:/home/maurizio/.m2/repository/org/junit/jupiter/junit-jupiter-params/5.9.3/junit-jupiter-params-5.9.3.jar:/home/maurizio/.m2/repository/org/junit/jupiter/junit-jupiter-engine/5.9.3/junit-jupiter-engine-5.9.3.jar:/home/maurizio/.m2/repository/org/junit/platform/junit-platform-engine/1.9.3/junit-platform-engine-1.9.3.jar:/home/maurizio/.m2/repository/org/mockito/mockito-core/5.3.1/mockito-core-5.3.1.jar:/home/maurizio/.m2/repository/net/bytebuddy/byte-buddy-agent/1.14.9/byte-buddy-agent-1.14.9.jar:/home/maurizio/.m2/repository/org/objenesis/objenesis/3.3/objenesis-3.3.jar:/home/maurizio/.m2/repository/org/mockito/mockito-junit-jupiter/5.3.1/mockito-junit-jupiter-5.3.1.jar:/home/maurizio/.m2/repository/org/skyscreamer/jsonassert/1.5.1/jsonassert-1.5.1.jar:/home/maurizio/.m2/repository/com/vaadin/external/google/android-json/0.0.20131108.vaadin1/android-json-0.0.20131108.vaadin1.jar:/home/maurizio/.m2/repository/org/xmlunit/xmlunit-core/2.9.1/xmlunit-core-2.9.1.jar:/home/maurizio/.m2/repository/franco/maurizio/hr-desk-persistence/0.3.5_j17/hr-desk-persistence-0.3.5_j17.jar:/home/maurizio/.m2/repository/org/springframework/boot/spring-boot-starter-data-jpa/3.1.5/spring-boot-starter-data-jpa-3.1.5.jar:/home/maurizio/.m2/repository/org/springframework/boot/spring-boot-starter-aop/3.1.5/spring-boot-starter-aop-3.1.5.jar:/home/maurizio/.m2/repository/org/aspectj/aspectjweaver/1.9.20/aspectjweaver-1.9.20.jar:/home/maurizio/.m2/repository/org/springframework/boot/spring-boot-starter-jdbc/3.1.5/spring-boot-starter-jdbc-3.1.5.jar:/home/maurizio/.m2/repository/com/zaxxer/HikariCP/5.0.1/HikariCP-5.0.1.jar:/home/maurizio/.m2/repository/org/springframework/spring-jdbc/6.0.13/spring-jdbc-6.0.13.jar:/home/maurizio/.m2/repository/org/hibernate/orm/hibernate-core/6.2.13.Final/hibernate-core-6.2.13.Final.jar:/home/maurizio/.m2/repository/jakarta/persistence/jakarta.persistence-api/3.1.0/jakarta.persistence-api-3.1.0.jar:/home/maurizio/.m2/repository/jakarta/transaction/jakarta.transaction-api/2.0.1/jakarta.transaction-api-2.0.1.jar:/home/maurizio/.m2/repository/org/hibernate/common/hibernate-commons-annotations/6.0.6.Final/hibernate-commons-annotations-6.0.6.Final.jar:/home/maurizio/.m2/repository/io/smallrye/jandex/3.0.5/jandex-3.0.5.jar:/home/maurizio/.m2/repository/jakarta/inject/jakarta.inject-api/2.0.1/jakarta.inject-api-2.0.1.jar:/home/maurizio/.m2/repository/org/antlr/antlr4-runtime/4.10.1/antlr4-runtime-4.10.1.jar:/home/maurizio/.m2/repository/org/springframework/data/spring-data-jpa/3.1.5/spring-data-jpa-3.1.5.jar:/home/maurizio/.m2/repository/org/springframework/data/spring-data-commons/3.1.5/spring-data-commons-3.1.5.jar:/home/maurizio/.m2/repository/org/springframework/spring-orm/6.0.13/spring-orm-6.0.13.jar:/home/maurizio/.m2/repository/org/springframework/spring-tx/6.0.13/spring-tx-6.0.13.jar:/home/maurizio/.m2/repository/org/springframework/spring-aspects/6.0.13/spring-aspects-6.0.13.jar:/home/maurizio/.m2/repository/mysql/mysql-connector-java/8.0.19/mysql-connector-java-8.0.19.jar:/home/maurizio/.m2/repository/com/google/protobuf/protobuf-java/3.6.1/protobuf-java-3.6.1.jar:/home/maurizio/.m2/repository/org/glassfish/jaxb/jaxb-runtime/4.0.3/jaxb-runtime-4.0.3.jar:/home/maurizio/.m2/repository/org/glassfish/jaxb/jaxb-core/4.0.3/jaxb-core-4.0.3.jar:/home/maurizio/.m2/repository/org/glassfish/jaxb/txw2/4.0.3/txw2-4.0.3.jar:/home/maurizio/.m2/repository/com/sun/istack/istack-commons-runtime/4.1.2/istack-commons-runtime-4.1.2.jar:/home/maurizio/.m2/repository/org/javassist/javassist/3.23.1-GA/javassist-3.23.1-GA.jar:/home/maurizio/.m2/repository/franco/maurizio/hr-desk-mail-manager/0.3.4_j11/hr-desk-mail-manager-0.3.4_j11.jar:/home/maurizio/.m2/repository/org/apache/commons/commons-lang3/3.12.0/commons-lang3-3.12.0.jar:/home/maurizio/.m2/repository/org/apache/velocity/velocity/1.7/velocity-1.7.jar:/home/maurizio/.m2/repository/commons-collections/commons-collections/3.2.1/commons-collections-3.2.1.jar:/home/maurizio/.m2/repository/commons-lang/commons-lang/2.4/commons-lang-2.4.jar:/home/maurizio/.m2/repository/org/eclipse/angus/jakarta.mail/1.1.0/jakarta.mail-1.1.0.jar:/home/maurizio/.m2/repository/org/eclipse/angus/angus-activation/2.0.1/angus-activation-2.0.1.jar:/home/maurizio/.m2/repository/org/apache/logging/log4j/log4j-api/2.20.0/log4j-api-2.20.0.jar:/home/maurizio/.m2/repository/org/apache/logging/log4j/log4j-core/2.20.0/log4j-core-2.20.0.jar:/home/maurizio/.m2/repository/com/google/code/gson/gson/2.8.5/gson-2.8.5.jar:/home/maurizio/.m2/repository/org/springframework/boot/spring-boot-starter/3.1.5/spring-boot-starter-3.1.5.jar:/home/maurizio/.m2/repository/org/springframework/boot/spring-boot/3.1.5/spring-boot-3.1.5.jar:/home/maurizio/.m2/repository/org/springframework/boot/spring-boot-autoconfigure/3.1.5/spring-boot-autoconfigure-3.1.5.jar:/home/maurizio/.m2/repository/org/yaml/snakeyaml/1.33/snakeyaml-1.33.jar:/home/maurizio/.m2/repository/org/springframework/boot/spring-boot-starter-security/3.1.5/spring-boot-starter-security-3.1.5.jar:/home/maurizio/.m2/repository/org/springframework/spring-aop/6.0.13/spring-aop-6.0.13.jar:/home/maurizio/.m2/repository/org/springframework/security/spring-security-config/6.1.5/spring-security-config-6.1.5.jar:/home/maurizio/.m2/repository/org/springframework/boot/spring-boot-starter-validation/3.1.5/spring-boot-starter-validation-3.1.5.jar:/home/maurizio/.m2/repository/org/hibernate/validator/hibernate-validator/8.0.1.Final/hibernate-validator-8.0.1.Final.jar:/home/maurizio/.m2/repository/jakarta/validation/jakarta.validation-api/3.0.2/jakarta.validation-api-3.0.2.jar:/home/maurizio/.m2/repository/org/jboss/logging/jboss-logging/3.5.3.Final/jboss-logging-3.5.3.Final.jar:/home/maurizio/.m2/repository/com/fasterxml/classmate/1.5.1/classmate-1.5.1.jar:/home/maurizio/.m2/repository/org/springframework/boot/spring-boot-devtools/3.1.5/spring-boot-devtools-3.1.5.jar:/home/maurizio/.m2/repository/ch/qos/logback/logback-classic/1.4.11/logback-classic-1.4.11.jar:/home/maurizio/.m2/repository/ch/qos/logback/logback-core/1.4.11/logback-core-1.4.11.jar:/home/maurizio/.m2/repository/org/slf4j/slf4j-api/2.0.9/slf4j-api-2.0.9.jar:/home/maurizio/.m2/repository/org/springframework/boot/spring-boot-starter-actuator/3.1.5/spring-boot-starter-actuator-3.1.5.jar:/home/maurizio/.m2/repository/org/springframework/boot/spring-boot-actuator-autoconfigure/3.1.5/spring-boot-actuator-autoconfigure-3.1.5.jar:/home/maurizio/.m2/repository/org/springframework/boot/spring-boot-actuator/3.1.5/spring-boot-actuator-3.1.5.jar:/home/maurizio/.m2/repository/io/micrometer/micrometer-observation/1.11.5/micrometer-observation-1.11.5.jar:/home/maurizio/.m2/repository/io/micrometer/micrometer-commons/1.11.5/micrometer-commons-1.11.5.jar:/home/maurizio/.m2/repository/io/micrometer/micrometer-core/1.11.5/micrometer-core-1.11.5.jar:/home/maurizio/.m2/repository/org/hdrhistogram/HdrHistogram/2.1.12/HdrHistogram-2.1.12.jar:/home/maurizio/.m2/repository/org/latencyutils/LatencyUtils/2.0.3/LatencyUtils-2.0.3.jar:/home/maurizio/.m2/repository/com/itextpdf/itextpdf/5.5.10/itextpdf-5.5.10.jar:/home/maurizio/.m2/repository/org/apache/pdfbox/pdfbox/2.0.4/pdfbox-2.0.4.jar:/home/maurizio/.m2/repository/org/apache/pdfbox/fontbox/2.0.4/fontbox-2.0.4.jar:/home/maurizio/.m2/repository/commons-logging/commons-logging/1.2/commons-logging-1.2.jar:/home/maurizio/.m2/repository/org/projectlombok/lombok/1.18.30/lombok-1.18.30.jar:"/>
    <property name="java.vm.vendor" value="Debian"/>
    <property name="sun.arch.data.model" value="64"/>
    <property name="catalina.useNaming" value="false"/>
    <property name="java.vendor.url" value="https://tracker.debian.org/openjdk-17"/>
    <property name="user.timezone" value="Europe/Rome"/>
    <property name="org.jboss.logging.provider" value="slf4j"/>
    <property name="os.name" value="Linux"/>
    <property name="java.vm.specification.version" value="17"/>
    <property name="sun.java.launcher" value="SUN_STANDARD"/>
    <property name="user.country" value="US"/>
    <property name="sun.boot.library.path" value="/usr/lib/jvm/java-17-openjdk-amd64/lib"/>
    <property name="sun.java.command" value="/home/maurizio/git/hr-desk/hr-desk/backend17/target/surefire/surefirebooter-20231124123619067_3.jar /home/maurizio/git/hr-desk/hr-desk/backend17/target/surefire 2023-11-24T12-36-18_989-jvmRun1 surefire-20231124123619067_1tmp surefire_0-20231124123619067_2tmp"/>
    <property name="jdk.debug" value="release"/>
    <property name="surefire.test.class.path" value="/home/maurizio/git/hr-desk/hr-desk/backend17/target/test-classes:/home/maurizio/git/hr-desk/hr-desk/backend17/target/classes:/home/maurizio/.m2/repository/org/springframework/security/spring-security-test/6.1.5/spring-security-test-6.1.5.jar:/home/maurizio/.m2/repository/org/springframework/security/spring-security-core/6.1.5/spring-security-core-6.1.5.jar:/home/maurizio/.m2/repository/org/springframework/security/spring-security-crypto/6.1.5/spring-security-crypto-6.1.5.jar:/home/maurizio/.m2/repository/org/springframework/spring-beans/6.0.13/spring-beans-6.0.13.jar:/home/maurizio/.m2/repository/org/springframework/spring-context/6.0.13/spring-context-6.0.13.jar:/home/maurizio/.m2/repository/org/springframework/spring-expression/6.0.13/spring-expression-6.0.13.jar:/home/maurizio/.m2/repository/org/springframework/security/spring-security-web/6.1.5/spring-security-web-6.1.5.jar:/home/maurizio/.m2/repository/org/springframework/spring-core/6.0.13/spring-core-6.0.13.jar:/home/maurizio/.m2/repository/org/springframework/spring-jcl/6.0.13/spring-jcl-6.0.13.jar:/home/maurizio/.m2/repository/org/springframework/spring-test/6.0.13/spring-test-6.0.13.jar:/home/maurizio/.m2/repository/org/springframework/boot/spring-boot-starter-tomcat/3.1.5/spring-boot-starter-tomcat-3.1.5.jar:/home/maurizio/.m2/repository/jakarta/annotation/jakarta.annotation-api/2.1.1/jakarta.annotation-api-2.1.1.jar:/home/maurizio/.m2/repository/org/apache/tomcat/embed/tomcat-embed-core/10.1.15/tomcat-embed-core-10.1.15.jar:/home/maurizio/.m2/repository/org/apache/tomcat/embed/tomcat-embed-el/10.1.15/tomcat-embed-el-10.1.15.jar:/home/maurizio/.m2/repository/org/apache/tomcat/embed/tomcat-embed-websocket/10.1.15/tomcat-embed-websocket-10.1.15.jar:/home/maurizio/.m2/repository/org/springframework/boot/spring-boot-starter-web/3.1.5/spring-boot-starter-web-3.1.5.jar:/home/maurizio/.m2/repository/org/springframework/boot/spring-boot-starter-json/3.1.5/spring-boot-starter-json-3.1.5.jar:/home/maurizio/.m2/repository/com/fasterxml/jackson/core/jackson-databind/2.15.3/jackson-databind-2.15.3.jar:/home/maurizio/.m2/repository/com/fasterxml/jackson/core/jackson-annotations/2.15.3/jackson-annotations-2.15.3.jar:/home/maurizio/.m2/repository/com/fasterxml/jackson/core/jackson-core/2.15.3/jackson-core-2.15.3.jar:/home/maurizio/.m2/repository/com/fasterxml/jackson/datatype/jackson-datatype-jdk8/2.15.3/jackson-datatype-jdk8-2.15.3.jar:/home/maurizio/.m2/repository/com/fasterxml/jackson/datatype/jackson-datatype-jsr310/2.15.3/jackson-datatype-jsr310-2.15.3.jar:/home/maurizio/.m2/repository/com/fasterxml/jackson/module/jackson-module-parameter-names/2.15.3/jackson-module-parameter-names-2.15.3.jar:/home/maurizio/.m2/repository/org/springframework/spring-web/6.0.13/spring-web-6.0.13.jar:/home/maurizio/.m2/repository/org/springframework/spring-webmvc/6.0.13/spring-webmvc-6.0.13.jar:/home/maurizio/.m2/repository/org/springframework/boot/spring-boot-starter-test/3.1.5/spring-boot-starter-test-3.1.5.jar:/home/maurizio/.m2/repository/org/springframework/boot/spring-boot-test/3.1.5/spring-boot-test-3.1.5.jar:/home/maurizio/.m2/repository/org/springframework/boot/spring-boot-test-autoconfigure/3.1.5/spring-boot-test-autoconfigure-3.1.5.jar:/home/maurizio/.m2/repository/com/jayway/jsonpath/json-path/2.8.0/json-path-2.8.0.jar:/home/maurizio/.m2/repository/jakarta/xml/bind/jakarta.xml.bind-api/4.0.1/jakarta.xml.bind-api-4.0.1.jar:/home/maurizio/.m2/repository/jakarta/activation/jakarta.activation-api/2.1.2/jakarta.activation-api-2.1.2.jar:/home/maurizio/.m2/repository/net/minidev/json-smart/2.4.11/json-smart-2.4.11.jar:/home/maurizio/.m2/repository/net/minidev/accessors-smart/2.4.11/accessors-smart-2.4.11.jar:/home/maurizio/.m2/repository/org/ow2/asm/asm/9.3/asm-9.3.jar:/home/maurizio/.m2/repository/org/assertj/assertj-core/3.24.2/assertj-core-3.24.2.jar:/home/maurizio/.m2/repository/net/bytebuddy/byte-buddy/1.14.9/byte-buddy-1.14.9.jar:/home/maurizio/.m2/repository/org/hamcrest/hamcrest/2.2/hamcrest-2.2.jar:/home/maurizio/.m2/repository/org/junit/jupiter/junit-jupiter/5.9.3/junit-jupiter-5.9.3.jar:/home/maurizio/.m2/repository/org/junit/jupiter/junit-jupiter-api/5.9.3/junit-jupiter-api-5.9.3.jar:/home/maurizio/.m2/repository/org/opentest4j/opentest4j/1.2.0/opentest4j-1.2.0.jar:/home/maurizio/.m2/repository/org/junit/platform/junit-platform-commons/1.9.3/junit-platform-commons-1.9.3.jar:/home/maurizio/.m2/repository/org/apiguardian/apiguardian-api/1.1.2/apiguardian-api-1.1.2.jar:/home/maurizio/.m2/repository/org/junit/jupiter/junit-jupiter-params/5.9.3/junit-jupiter-params-5.9.3.jar:/home/maurizio/.m2/repository/org/junit/jupiter/junit-jupiter-engine/5.9.3/junit-jupiter-engine-5.9.3.jar:/home/maurizio/.m2/repository/org/junit/platform/junit-platform-engine/1.9.3/junit-platform-engine-1.9.3.jar:/home/maurizio/.m2/repository/org/mockito/mockito-core/5.3.1/mockito-core-5.3.1.jar:/home/maurizio/.m2/repository/net/bytebuddy/byte-buddy-agent/1.14.9/byte-buddy-agent-1.14.9.jar:/home/maurizio/.m2/repository/org/objenesis/objenesis/3.3/objenesis-3.3.jar:/home/maurizio/.m2/repository/org/mockito/mockito-junit-jupiter/5.3.1/mockito-junit-jupiter-5.3.1.jar:/home/maurizio/.m2/repository/org/skyscreamer/jsonassert/1.5.1/jsonassert-1.5.1.jar:/home/maurizio/.m2/repository/com/vaadin/external/google/android-json/0.0.20131108.vaadin1/android-json-0.0.20131108.vaadin1.jar:/home/maurizio/.m2/repository/org/xmlunit/xmlunit-core/2.9.1/xmlunit-core-2.9.1.jar:/home/maurizio/.m2/repository/franco/maurizio/hr-desk-persistence/0.3.5_j17/hr-desk-persistence-0.3.5_j17.jar:/home/maurizio/.m2/repository/org/springframework/boot/spring-boot-starter-data-jpa/3.1.5/spring-boot-starter-data-jpa-3.1.5.jar:/home/maurizio/.m2/repository/org/springframework/boot/spring-boot-starter-aop/3.1.5/spring-boot-starter-aop-3.1.5.jar:/home/maurizio/.m2/repository/org/aspectj/aspectjweaver/1.9.20/aspectjweaver-1.9.20.jar:/home/maurizio/.m2/repository/org/springframework/boot/spring-boot-starter-jdbc/3.1.5/spring-boot-starter-jdbc-3.1.5.jar:/home/maurizio/.m2/repository/com/zaxxer/HikariCP/5.0.1/HikariCP-5.0.1.jar:/home/maurizio/.m2/repository/org/springframework/spring-jdbc/6.0.13/spring-jdbc-6.0.13.jar:/home/maurizio/.m2/repository/org/hibernate/orm/hibernate-core/6.2.13.Final/hibernate-core-6.2.13.Final.jar:/home/maurizio/.m2/repository/jakarta/persistence/jakarta.persistence-api/3.1.0/jakarta.persistence-api-3.1.0.jar:/home/maurizio/.m2/repository/jakarta/transaction/jakarta.transaction-api/2.0.1/jakarta.transaction-api-2.0.1.jar:/home/maurizio/.m2/repository/org/hibernate/common/hibernate-commons-annotations/6.0.6.Final/hibernate-commons-annotations-6.0.6.Final.jar:/home/maurizio/.m2/repository/io/smallrye/jandex/3.0.5/jandex-3.0.5.jar:/home/maurizio/.m2/repository/jakarta/inject/jakarta.inject-api/2.0.1/jakarta.inject-api-2.0.1.jar:/home/maurizio/.m2/repository/org/antlr/antlr4-runtime/4.10.1/antlr4-runtime-4.10.1.jar:/home/maurizio/.m2/repository/org/springframework/data/spring-data-jpa/3.1.5/spring-data-jpa-3.1.5.jar:/home/maurizio/.m2/repository/org/springframework/data/spring-data-commons/3.1.5/spring-data-commons-3.1.5.jar:/home/maurizio/.m2/repository/org/springframework/spring-orm/6.0.13/spring-orm-6.0.13.jar:/home/maurizio/.m2/repository/org/springframework/spring-tx/6.0.13/spring-tx-6.0.13.jar:/home/maurizio/.m2/repository/org/springframework/spring-aspects/6.0.13/spring-aspects-6.0.13.jar:/home/maurizio/.m2/repository/mysql/mysql-connector-java/8.0.19/mysql-connector-java-8.0.19.jar:/home/maurizio/.m2/repository/com/google/protobuf/protobuf-java/3.6.1/protobuf-java-3.6.1.jar:/home/maurizio/.m2/repository/org/glassfish/jaxb/jaxb-runtime/4.0.3/jaxb-runtime-4.0.3.jar:/home/maurizio/.m2/repository/org/glassfish/jaxb/jaxb-core/4.0.3/jaxb-core-4.0.3.jar:/home/maurizio/.m2/repository/org/glassfish/jaxb/txw2/4.0.3/txw2-4.0.3.jar:/home/maurizio/.m2/repository/com/sun/istack/istack-commons-runtime/4.1.2/istack-commons-runtime-4.1.2.jar:/home/maurizio/.m2/repository/org/javassist/javassist/3.23.1-GA/javassist-3.23.1-GA.jar:/home/maurizio/.m2/repository/franco/maurizio/hr-desk-mail-manager/0.3.4_j11/hr-desk-mail-manager-0.3.4_j11.jar:/home/maurizio/.m2/repository/org/apache/commons/commons-lang3/3.12.0/commons-lang3-3.12.0.jar:/home/maurizio/.m2/repository/org/apache/velocity/velocity/1.7/velocity-1.7.jar:/home/maurizio/.m2/repository/commons-collections/commons-collections/3.2.1/commons-collections-3.2.1.jar:/home/maurizio/.m2/repository/commons-lang/commons-lang/2.4/commons-lang-2.4.jar:/home/maurizio/.m2/repository/org/eclipse/angus/jakarta.mail/1.1.0/jakarta.mail-1.1.0.jar:/home/maurizio/.m2/repository/org/eclipse/angus/angus-activation/2.0.1/angus-activation-2.0.1.jar:/home/maurizio/.m2/repository/org/apache/logging/log4j/log4j-api/2.20.0/log4j-api-2.20.0.jar:/home/maurizio/.m2/repository/org/apache/logging/log4j/log4j-core/2.20.0/log4j-core-2.20.0.jar:/home/maurizio/.m2/repository/com/google/code/gson/gson/2.8.5/gson-2.8.5.jar:/home/maurizio/.m2/repository/org/springframework/boot/spring-boot-starter/3.1.5/spring-boot-starter-3.1.5.jar:/home/maurizio/.m2/repository/org/springframework/boot/spring-boot/3.1.5/spring-boot-3.1.5.jar:/home/maurizio/.m2/repository/org/springframework/boot/spring-boot-autoconfigure/3.1.5/spring-boot-autoconfigure-3.1.5.jar:/home/maurizio/.m2/repository/org/yaml/snakeyaml/1.33/snakeyaml-1.33.jar:/home/maurizio/.m2/repository/org/springframework/boot/spring-boot-starter-security/3.1.5/spring-boot-starter-security-3.1.5.jar:/home/maurizio/.m2/repository/org/springframework/spring-aop/6.0.13/spring-aop-6.0.13.jar:/home/maurizio/.m2/repository/org/springframework/security/spring-security-config/6.1.5/spring-security-config-6.1.5.jar:/home/maurizio/.m2/repository/org/springframework/boot/spring-boot-starter-validation/3.1.5/spring-boot-starter-validation-3.1.5.jar:/home/maurizio/.m2/repository/org/hibernate/validator/hibernate-validator/8.0.1.Final/hibernate-validator-8.0.1.Final.jar:/home/maurizio/.m2/repository/jakarta/validation/jakarta.validation-api/3.0.2/jakarta.validation-api-3.0.2.jar:/home/maurizio/.m2/repository/org/jboss/logging/jboss-logging/3.5.3.Final/jboss-logging-3.5.3.Final.jar:/home/maurizio/.m2/repository/com/fasterxml/classmate/1.5.1/classmate-1.5.1.jar:/home/maurizio/.m2/repository/org/springframework/boot/spring-boot-devtools/3.1.5/spring-boot-devtools-3.1.5.jar:/home/maurizio/.m2/repository/ch/qos/logback/logback-classic/1.4.11/logback-classic-1.4.11.jar:/home/maurizio/.m2/repository/ch/qos/logback/logback-core/1.4.11/logback-core-1.4.11.jar:/home/maurizio/.m2/repository/org/slf4j/slf4j-api/2.0.9/slf4j-api-2.0.9.jar:/home/maurizio/.m2/repository/org/springframework/boot/spring-boot-starter-actuator/3.1.5/spring-boot-starter-actuator-3.1.5.jar:/home/maurizio/.m2/repository/org/springframework/boot/spring-boot-actuator-autoconfigure/3.1.5/spring-boot-actuator-autoconfigure-3.1.5.jar:/home/maurizio/.m2/repository/org/springframework/boot/spring-boot-actuator/3.1.5/spring-boot-actuator-3.1.5.jar:/home/maurizio/.m2/repository/io/micrometer/micrometer-observation/1.11.5/micrometer-observation-1.11.5.jar:/home/maurizio/.m2/repository/io/micrometer/micrometer-commons/1.11.5/micrometer-commons-1.11.5.jar:/home/maurizio/.m2/repository/io/micrometer/micrometer-core/1.11.5/micrometer-core-1.11.5.jar:/home/maurizio/.m2/repository/org/hdrhistogram/HdrHistogram/2.1.12/HdrHistogram-2.1.12.jar:/home/maurizio/.m2/repository/org/latencyutils/LatencyUtils/2.0.3/LatencyUtils-2.0.3.jar:/home/maurizio/.m2/repository/com/itextpdf/itextpdf/5.5.10/itextpdf-5.5.10.jar:/home/maurizio/.m2/repository/org/apache/pdfbox/pdfbox/2.0.4/pdfbox-2.0.4.jar:/home/maurizio/.m2/repository/org/apache/pdfbox/fontbox/2.0.4/fontbox-2.0.4.jar:/home/maurizio/.m2/repository/commons-logging/commons-logging/1.2/commons-logging-1.2.jar:/home/maurizio/.m2/repository/org/projectlombok/lombok/1.18.30/lombok-1.18.30.jar:"/>
    <property name="sun.cpu.endian" value="little"/>
    <property name="user.home" value="/home/maurizio"/>
    <property name="user.language" value="en"/>
    <property name="java.specification.vendor" value="Oracle Corporation"/>
    <property name="java.version.date" value="2023-04-18"/>
    <property name="java.home" value="/usr/lib/jvm/java-17-openjdk-amd64"/>
    <property name="file.separator" value="/"/>
    <property name="style.color" value="always"/>
    <property name="basedir" value="/home/maurizio/git/hr-desk/hr-desk/backend17"/>
    <property name="java.vm.compressedOopsMode" value="Zero based"/>
    <property name="line.separator" value="&#10;"/>
    <property name="java.specification.name" value="Java Platform API Specification"/>
    <property name="java.vm.specification.vendor" value="Oracle Corporation"/>
    <property name="FILE_LOG_CHARSET" value="UTF-8"/>
    <property name="java.awt.headless" value="true"/>
    <property name="surefire.real.class.path" value="/home/maurizio/git/hr-desk/hr-desk/backend17/target/surefire/surefirebooter-20231124123619067_3.jar"/>
    <property name="sun.management.compiler" value="HotSpot 64-Bit Tiered Compilers"/>
    <property name="java.runtime.version" value="17.0.7+7-Debian-1deb12u1"/>
    <property name="user.name" value="maurizio"/>
    <property name="path.separator" value=":"/>
    <property name="os.version" value="6.1.0-10-amd64"/>
    <property name="java.runtime.name" value="OpenJDK Runtime Environment"/>
    <property name="file.encoding" value="UTF-8"/>
    <property name="java.vm.name" value="OpenJDK 64-Bit Server VM"/>
    <property name="localRepository" value="/home/maurizio/.m2/repository"/>
    <property name="java.vendor.url.bug" value="https://bugs.debian.org/openjdk-17"/>
    <property name="java.io.tmpdir" value="/tmp"/>
    <property name="catalina.home" value="/tmp/tomcat.0.2414534711362595922"/>
    <property name="com.zaxxer.hikari.pool_number" value="1"/>
    <property name="java.version" value="17.0.7"/>
    <property name="user.dir" value="/home/maurizio/git/hr-desk/hr-desk/backend17"/>
    <property name="os.arch" value="amd64"/>
    <property name="java.vm.specification.name" value="Java Virtual Machine Specification"/>
    <property name="PID" value="1505547"/>
    <property name="CONSOLE_LOG_CHARSET" value="UTF-8"/>
    <property name="catalina.base" value="/tmp/tomcat.0.2414534711362595922"/>
    <property name="native.encoding" value="UTF-8"/>
    <property name="java.library.path" value="/usr/java/packages/lib:/usr/lib/x86_64-linux-gnu/jni:/lib/x86_64-linux-gnu:/usr/lib/x86_64-linux-gnu:/usr/lib/jni:/lib:/usr/lib"/>
    <property name="java.vm.info" value="mixed mode, sharing"/>
    <property name="java.vendor" value="Debian"/>
    <property name="java.vm.version" value="17.0.7+7-Debian-1deb12u1"/>
    <property name="sun.io.unicode.encoding" value="UnicodeLittle"/>
    <property name="java.class.version" value="61.0"/>
  </properties>
  <testcase name="getSurveyFilledLastSevenDaysTest" classname="franco.maurizio.hr.desk.com.unit.backend.SurveyReplyControllerTest" time="0.015">
    <system-out><![CDATA[2023-11-24 12:36:38,967 INFO f.m.h.d.c.u.b.SurveyReplyControllerTest [SurveyReplyControllerTest.java:238] getSurveyFilledLastSevenDaysTest() started
2023-11-24 12:36:38,968 INFO f.m.h.d.c.b.SurveyReplyController [SurveyReplyController.java:168] getSurveyFilledLastSevenDays() started
2023-11-24 12:36:38,971 INFO f.m.h.d.c.s.SurveyReplyService [SurveyReplyService.java:81] surveyFilledInPeriod() started
2023-11-24 12:36:38,973 INFO f.m.h.d.c.s.SurveyReplyService [SurveyReplyService.java:97] getPeriod() started
2023-11-24 12:36:38,973 INFO f.m.h.d.c.s.SurveyReplyService [SurveyReplyService.java:101] getPeriod() end
2023-11-24 12:36:38,974 INFO f.m.h.d.c.s.SurveyReplyService [SurveyReplyService.java:91] surveyFilledInPeriod() end
2023-11-24 12:36:38,974 INFO f.m.h.d.c.s.SurveyReplyService [SurveyReplyService.java:97] getPeriod() started
2023-11-24 12:36:38,974 INFO f.m.h.d.c.s.SurveyReplyService [SurveyReplyService.java:101] getPeriod() end
2023-11-24 12:36:38,974 INFO f.m.h.d.c.s.SurveyReplyService [SurveyReplyService.java:91] surveyFilledInPeriod() end
2023-11-24 12:36:38,975 INFO f.m.h.d.c.s.SurveyReplyService [SurveyReplyService.java:97] getPeriod() started
2023-11-24 12:36:38,975 INFO f.m.h.d.c.s.SurveyReplyService [SurveyReplyService.java:101] getPeriod() end
2023-11-24 12:36:38,975 INFO f.m.h.d.c.s.SurveyReplyService [SurveyReplyService.java:91] surveyFilledInPeriod() end
2023-11-24 12:36:38,976 INFO f.m.h.d.c.s.SurveyReplyService [SurveyReplyService.java:97] getPeriod() started
2023-11-24 12:36:38,976 INFO f.m.h.d.c.s.SurveyReplyService [SurveyReplyService.java:101] getPeriod() end
2023-11-24 12:36:38,976 INFO f.m.h.d.c.s.SurveyReplyService [SurveyReplyService.java:91] surveyFilledInPeriod() end
2023-11-24 12:36:38,976 INFO f.m.h.d.c.s.SurveyReplyService [SurveyReplyService.java:97] getPeriod() started
2023-11-24 12:36:38,976 INFO f.m.h.d.c.s.SurveyReplyService [SurveyReplyService.java:101] getPeriod() end
2023-11-24 12:36:38,976 INFO f.m.h.d.c.s.SurveyReplyService [SurveyReplyService.java:91] surveyFilledInPeriod() end
2023-11-24 12:36:38,977 INFO f.m.h.d.c.s.SurveyReplyService [SurveyReplyService.java:97] getPeriod() started
2023-11-24 12:36:38,977 INFO f.m.h.d.c.s.SurveyReplyService [SurveyReplyService.java:101] getPeriod() end
2023-11-24 12:36:38,977 INFO f.m.h.d.c.s.SurveyReplyService [SurveyReplyService.java:91] surveyFilledInPeriod() end
2023-11-24 12:36:38,977 INFO f.m.h.d.c.s.SurveyReplyService [SurveyReplyService.java:97] getPeriod() started
2023-11-24 12:36:38,977 INFO f.m.h.d.c.s.SurveyReplyService [SurveyReplyService.java:101] getPeriod() end
2023-11-24 12:36:38,978 INFO f.m.h.d.c.s.SurveyReplyService [SurveyReplyService.java:91] surveyFilledInPeriod() end
2023-11-24 12:36:38,978 INFO f.m.h.d.c.b.SurveyReplyController [SurveyReplyController.java:170] getSurveyFilledLastSevenDays() end1
2023-11-24 12:36:38,978 INFO f.m.h.d.c.u.b.SurveyReplyControllerTest [SurveyReplyControllerTest.java:248] getSurveyFilledLastSevenDaysTest() end
]]></system-out>
  </testcase>
  <testcase name="testInsertSurveyReplyKOforSurveyID" classname="franco.maurizio.hr.desk.com.unit.backend.SurveyReplyControllerTest" time="0.014">
    <system-out><![CDATA[2023-11-24 12:36:38,985 INFO f.m.h.d.c.u.b.SurveyReplyControllerTest [SurveyReplyControllerTest.java:139]  ### testInsertSurveyReplyKOforSurveyID() - START ### 
2023-11-24 12:36:38,986 INFO f.m.h.d.c.b.SurveyReplyController [SurveyReplyController.java:66] Creating Survey Reply : SurveyReply [id=100, surveyId=6, candidateId=120, starttime=2018-12-03T13:01, endtime=2018-12-03T13:01, answers=testAnswer, pdffilename=testPDF, points=testPoints]
2023-11-24 12:36:38,993 INFO f.m.h.d.c.u.b.SurveyReplyControllerTest [SurveyReplyControllerTest.java:155]  ### testInsertSurveyReplyKOforSurveyID() - END ### 
]]></system-out>
  </testcase>
  <testcase name="testDeleteSurveyReplySuccessfully" classname="franco.maurizio.hr.desk.com.unit.backend.SurveyReplyControllerTest" time="0.007">
    <system-out><![CDATA[2023-11-24 12:36:39,003 INFO f.m.h.d.c.u.b.SurveyReplyControllerTest [SurveyReplyControllerTest.java:181]  ### testDeleteSurveyReplySuccessfully() - START ### 
2023-11-24 12:36:39,004 INFO f.m.h.d.c.u.b.SurveyReplyControllerTest [SurveyReplyControllerTest.java:196]  ### testDeleteSurveyReplySuccessfully() - END ### 
]]></system-out>
  </testcase>
  <testcase name="testUpdateSurveyReplySuccessfully" classname="franco.maurizio.hr.desk.com.unit.backend.SurveyReplyControllerTest" time="0.005">
    <system-out><![CDATA[2023-11-24 12:36:39,012 INFO f.m.h.d.c.u.b.SurveyReplyControllerTest [SurveyReplyControllerTest.java:201]  ### testUpdateSurveyReplySuccessfully() - START ### 
2023-11-24 12:36:39,013 INFO f.m.h.d.c.u.b.SurveyReplyControllerTest [SurveyReplyControllerTest.java:218]  ### testUpdateSurveyReplySuccessfully() - END ### 
]]></system-out>
  </testcase>
  <testcase name="testInsertSurveyReplyKOforUserID" classname="franco.maurizio.hr.desk.com.unit.backend.SurveyReplyControllerTest" time="0.007">
    <system-out><![CDATA[2023-11-24 12:36:39,020 INFO f.m.h.d.c.u.b.SurveyReplyControllerTest [SurveyReplyControllerTest.java:160]  ### testInsertSurveyReplyKOforUserID() - START ### 
2023-11-24 12:36:39,021 INFO f.m.h.d.c.b.SurveyReplyController [SurveyReplyController.java:66] Creating Survey Reply : SurveyReply [id=100, surveyId=6, candidateId=120, starttime=2018-12-03T13:01, endtime=2018-12-03T13:01, answers=testAnswer, pdffilename=testPDF, points=testPoints]
2023-11-24 12:36:39,022 INFO f.m.h.d.c.u.b.SurveyReplyControllerTest [SurveyReplyControllerTest.java:176]  ### testInsertSurveyReplyKOforUserID() - END ### 
]]></system-out>
  </testcase>
  <testcase name="getSurveyFilledYesterdayTest" classname="franco.maurizio.hr.desk.com.unit.backend.SurveyReplyControllerTest" time="0.007">
    <system-out><![CDATA[2023-11-24 12:36:39,030 INFO f.m.h.d.c.u.b.SurveyReplyControllerTest [SurveyReplyControllerTest.java:252] getSurveyFilledToday()Test() started
2023-11-24 12:36:39,031 INFO f.m.h.d.c.b.SurveyReplyController [SurveyReplyController.java:177] getSurveyFilledToday() started
2023-11-24 12:36:39,031 INFO f.m.h.d.c.s.SurveyReplyService [SurveyReplyService.java:97] getPeriod() started
2023-11-24 12:36:39,032 INFO f.m.h.d.c.s.SurveyReplyService [SurveyReplyService.java:101] getPeriod() end
2023-11-24 12:36:39,032 INFO f.m.h.d.c.b.SurveyReplyController [SurveyReplyController.java:181] getSurveyFilledToday() end 1
2023-11-24 12:36:39,032 INFO f.m.h.d.c.u.b.SurveyReplyControllerTest [SurveyReplyControllerTest.java:263] getSurveyFilledToday()Test() end
]]></system-out>
  </testcase>
  <testcase name="testInsertSurveyReplySuccessfully" classname="franco.maurizio.hr.desk.com.unit.backend.SurveyReplyControllerTest" time="0.008">
    <system-out><![CDATA[2023-11-24 12:36:39,041 INFO f.m.h.d.c.u.b.SurveyReplyControllerTest [SurveyReplyControllerTest.java:111]  ### testInsertSurveyReplySuccessfully() - START ### 
2023-11-24 12:36:39,042 INFO f.m.h.d.c.b.SurveyReplyController [SurveyReplyController.java:66] Creating Survey Reply : SurveyReply [id=100, surveyId=6, candidateId=120, starttime=2018-12-03T13:01, endtime=2018-12-03T13:01, answers=testAnswer, pdffilename=testPDF, points=testPoints]
2023-11-24 12:36:39,043 INFO f.m.h.d.c.u.b.SurveyReplyControllerTest [SurveyReplyControllerTest.java:134]  ### testInsertSurveyReplySuccessfully() - END ### 
]]></system-out>
  </testcase>
  <testcase name="getSurveyFilledLastWeekTest" classname="franco.maurizio.hr.desk.com.unit.backend.SurveyReplyControllerTest" time="0.013">
    <system-out><![CDATA[2023-11-24 12:36:39,052 INFO f.m.h.d.c.u.b.SurveyReplyControllerTest [SurveyReplyControllerTest.java:268] getSurveyFilledLastSevenDaysTest() started
2023-11-24 12:36:39,052 INFO f.m.h.d.c.b.SurveyReplyController [SurveyReplyController.java:188] getSurveyFilledLastSevenDays() started
2023-11-24 12:36:39,053 INFO f.m.h.d.c.s.SurveyReplyService [SurveyReplyService.java:65] surveyFilledInPeriod() started
2023-11-24 12:36:39,053 INFO f.m.h.d.c.s.SurveyReplyService [SurveyReplyService.java:97] getPeriod() started
2023-11-24 12:36:39,053 INFO f.m.h.d.c.s.SurveyReplyService [SurveyReplyService.java:101] getPeriod() end
2023-11-24 12:36:39,053 INFO f.m.h.d.c.s.SurveyReplyService [SurveyReplyService.java:75] surveyFilledInPeriod() end
2023-11-24 12:36:39,054 INFO f.m.h.d.c.s.SurveyReplyService [SurveyReplyService.java:97] getPeriod() started
2023-11-24 12:36:39,054 INFO f.m.h.d.c.s.SurveyReplyService [SurveyReplyService.java:101] getPeriod() end
2023-11-24 12:36:39,054 INFO f.m.h.d.c.s.SurveyReplyService [SurveyReplyService.java:75] surveyFilledInPeriod() end
2023-11-24 12:36:39,055 INFO f.m.h.d.c.s.SurveyReplyService [SurveyReplyService.java:97] getPeriod() started
2023-11-24 12:36:39,055 INFO f.m.h.d.c.s.SurveyReplyService [SurveyReplyService.java:101] getPeriod() end
2023-11-24 12:36:39,055 INFO f.m.h.d.c.s.SurveyReplyService [SurveyReplyService.java:75] surveyFilledInPeriod() end
2023-11-24 12:36:39,055 INFO f.m.h.d.c.s.SurveyReplyService [SurveyReplyService.java:97] getPeriod() started
2023-11-24 12:36:39,056 INFO f.m.h.d.c.s.SurveyReplyService [SurveyReplyService.java:101] getPeriod() end
2023-11-24 12:36:39,056 INFO f.m.h.d.c.s.SurveyReplyService [SurveyReplyService.java:75] surveyFilledInPeriod() end
2023-11-24 12:36:39,056 INFO f.m.h.d.c.s.SurveyReplyService [SurveyReplyService.java:97] getPeriod() started
2023-11-24 12:36:39,056 INFO f.m.h.d.c.s.SurveyReplyService [SurveyReplyService.java:101] getPeriod() end
2023-11-24 12:36:39,057 INFO f.m.h.d.c.s.SurveyReplyService [SurveyReplyService.java:75] surveyFilledInPeriod() end
2023-11-24 12:36:39,057 INFO f.m.h.d.c.s.SurveyReplyService [SurveyReplyService.java:97] getPeriod() started
2023-11-24 12:36:39,057 INFO f.m.h.d.c.s.SurveyReplyService [SurveyReplyService.java:101] getPeriod() end
2023-11-24 12:36:39,057 INFO f.m.h.d.c.s.SurveyReplyService [SurveyReplyService.java:75] surveyFilledInPeriod() end
2023-11-24 12:36:39,058 INFO f.m.h.d.c.s.SurveyReplyService [SurveyReplyService.java:97] getPeriod() started
2023-11-24 12:36:39,058 INFO f.m.h.d.c.s.SurveyReplyService [SurveyReplyService.java:101] getPeriod() end
2023-11-24 12:36:39,058 INFO f.m.h.d.c.s.SurveyReplyService [SurveyReplyService.java:75] surveyFilledInPeriod() end
2023-11-24 12:36:39,058 INFO f.m.h.d.c.s.SurveyReplyService [SurveyReplyService.java:97] getPeriod() started
2023-11-24 12:36:39,059 INFO f.m.h.d.c.s.SurveyReplyService [SurveyReplyService.java:101] getPeriod() end
2023-11-24 12:36:39,059 INFO f.m.h.d.c.s.SurveyReplyService [SurveyReplyService.java:75] surveyFilledInPeriod() end
2023-11-24 12:36:39,059 INFO f.m.h.d.c.b.SurveyReplyController [SurveyReplyController.java:190] getSurveyFilledLastSevenDays() end1
2023-11-24 12:36:39,059 INFO f.m.h.d.c.u.b.SurveyReplyControllerTest [SurveyReplyControllerTest.java:279] getSurveyFilledLastSevenDaysTest() end
]]></system-out>
  </testcase>
  <testcase name="testGetAllSurveyReply" classname="franco.maurizio.hr.desk.com.unit.backend.SurveyReplyControllerTest" time="0.005">
    <system-out><![CDATA[2023-11-24 12:36:39,067 INFO f.m.h.d.c.u.b.SurveyReplyControllerTest [SurveyReplyControllerTest.java:72]  ### testGetAllSurveyReply() - START ### 
2023-11-24 12:36:39,068 INFO f.m.h.d.c.u.b.SurveyReplyControllerTest [SurveyReplyControllerTest.java:79]  ### testGetAllSurveyReply() - END ### 
]]></system-out>
  </testcase>
  <testcase name="testGetSurveyReplyById" classname="franco.maurizio.hr.desk.com.unit.backend.SurveyReplyControllerTest" time="0.006">
    <system-out><![CDATA[2023-11-24 12:36:39,076 INFO f.m.h.d.c.u.b.SurveyReplyControllerTest [SurveyReplyControllerTest.java:84]  ### testGetSurveyReplyById() - START ### 
2023-11-24 12:36:39,077 INFO f.m.h.d.c.u.b.SurveyReplyControllerTest [SurveyReplyControllerTest.java:106]  ### testGetSurveyReplyById() - END ### 
]]></system-out>
  </testcase>
  <testcase name="getSurveyFilledTodayTest" classname="franco.maurizio.hr.desk.com.unit.backend.SurveyReplyControllerTest" time="0.006">
    <system-out><![CDATA[2023-11-24 12:36:39,084 INFO f.m.h.d.c.u.b.SurveyReplyControllerTest [SurveyReplyControllerTest.java:223] getSurveyFilledToday()Test() started
2023-11-24 12:36:39,085 INFO f.m.h.d.c.b.SurveyReplyController [SurveyReplyController.java:158] getSurveyFilledToday() started
2023-11-24 12:36:39,085 INFO f.m.h.d.c.s.SurveyReplyService [SurveyReplyService.java:97] getPeriod() started
2023-11-24 12:36:39,086 INFO f.m.h.d.c.s.SurveyReplyService [SurveyReplyService.java:101] getPeriod() end
2023-11-24 12:36:39,086 INFO f.m.h.d.c.b.SurveyReplyController [SurveyReplyController.java:161] getSurveyFilledToday() end 1
2023-11-24 12:36:39,086 INFO f.m.h.d.c.u.b.SurveyReplyControllerTest [SurveyReplyControllerTest.java:233] getSurveyFilledToday()Test() end
]]></system-out>
  </testcase>
</testsuite>